<?xml version="1.0" encoding="UTF-8"?>
<testsuite xmlns:xsi="http://www.w3.org/2001/XMLSchema-instance" xsi:noNamespaceSchemaLocation="https://maven.apache.org/surefire/maven-surefire-plugin/xsd/surefire-test-report-3.0.xsd" version="3.0" name="org.apache.hadoop.ozone.container.TestContainerReplication" time="247.075" tests="6" errors="1" skipped="0" failures="0">
  <properties>
    <property name="awt.toolkit" value="sun.awt.X11.XToolkit"/>
    <property name="file.encoding.pkg" value="sun.io"/>
    <property name="java.specification.version" value="1.8"/>
    <property name="sun.cpu.isalist" value=""/>
    <property name="sun.jnu.encoding" value="UTF-8"/>
    <property name="java.class.path" value="/home/runner/work/ozone/ozone/hadoop-ozone/integration-test/target/test-classes:/home/runner/work/ozone/ozone/hadoop-ozone/integration-test/target/classes:/home/runner/.m2/repository/org/apache/ozone/ozone-common/1.4.0-SNAPSHOT/ozone-common-1.4.0-SNAPSHOT.jar:/home/runner/.m2/repository/io/grpc/grpc-netty/1.51.1/grpc-netty-1.51.1.jar:/home/runner/.m2/repository/io/grpc/grpc-core/1.51.1/grpc-core-1.51.1.jar:/home/runner/.m2/repository/com/google/android/annotations/4.1.1.4/annotations-4.1.1.4.jar:/home/runner/.m2/repository/org/codehaus/mojo/animal-sniffer-annotations/1.21/animal-sniffer-annotations-1.21.jar:/home/runner/.m2/repository/com/google/errorprone/error_prone_annotations/2.2.0/error_prone_annotations-2.2.0.jar:/home/runner/.m2/repository/io/perfmark/perfmark-api/0.25.0/perfmark-api-0.25.0.jar:/home/runner/.m2/repository/io/netty/netty-codec-http2/4.1.86.Final/netty-codec-http2-4.1.86.Final.jar:/home/runner/.m2/repository/io/netty/netty-common/4.1.86.Final/netty-common-4.1.86.Final.jar:/home/runner/.m2/repository/io/netty/netty-buffer/4.1.86.Final/netty-buffer-4.1.86.Final.jar:/home/runner/.m2/repository/io/netty/netty-codec-http/4.1.86.Final/netty-codec-http-4.1.86.Final.jar:/home/runner/.m2/repository/io/netty/netty-handler-proxy/4.1.86.Final/netty-handler-proxy-4.1.86.Final.jar:/home/runner/.m2/repository/io/netty/netty-codec-socks/4.1.86.Final/netty-codec-socks-4.1.86.Final.jar:/home/runner/.m2/repository/io/netty/netty-tcnative-boringssl-static/2.0.54.Final/netty-tcnative-boringssl-static-2.0.54.Final.jar:/home/runner/.m2/repository/io/netty/netty-tcnative-classes/2.0.54.Final/netty-tcnative-classes-2.0.54.Final.jar:/home/runner/.m2/repository/io/netty/netty-tcnative-boringssl-static/2.0.54.Final/netty-tcnative-boringssl-static-2.0.54.Final-linux-x86_64.jar:/home/runner/.m2/repository/io/netty/netty-tcnative-boringssl-static/2.0.54.Final/netty-tcnative-boringssl-static-2.0.54.Final-linux-aarch_64.jar:/home/runner/.m2/repository/io/netty/netty-tcnative-boringssl-static/2.0.54.Final/netty-tcnative-boringssl-static-2.0.54.Final-osx-x86_64.jar:/home/runner/.m2/repository/io/netty/netty-tcnative-boringssl-static/2.0.54.Final/netty-tcnative-boringssl-static-2.0.54.Final-osx-aarch_64.jar:/home/runner/.m2/repository/io/netty/netty-tcnative-boringssl-static/2.0.54.Final/netty-tcnative-boringssl-static-2.0.54.Final-windows-x86_64.jar:/home/runner/.m2/repository/org/apache/commons/commons-compress/1.21/commons-compress-1.21.jar:/home/runner/.m2/repository/org/apache/ozone/hdds-common/1.4.0-SNAPSHOT/hdds-common-1.4.0-SNAPSHOT.jar:/home/runner/.m2/repository/org/apache/ozone/hdds-client/1.4.0-SNAPSHOT/hdds-client-1.4.0-SNAPSHOT.jar:/home/runner/.m2/repository/org/apache/ozone/ozone-interface-client/1.4.0-SNAPSHOT/ozone-interface-client-1.4.0-SNAPSHOT.jar:/home/runner/.m2/repository/org/apache/hadoop/hadoop-hdfs-client/3.3.6/hadoop-hdfs-client-3.3.6.jar:/home/runner/.m2/repository/com/squareup/okhttp3/okhttp/4.9.3/okhttp-4.9.3.jar:/home/runner/.m2/repository/com/squareup/okio/okio/2.8.0/okio-2.8.0.jar:/home/runner/.m2/repository/org/jetbrains/kotlin/kotlin-stdlib-common/1.6.21/kotlin-stdlib-common-1.6.21.jar:/home/runner/.m2/repository/org/apache/ozone/hdds-test-utils/1.4.0-SNAPSHOT/hdds-test-utils-1.4.0-SNAPSHOT.jar:/home/runner/.m2/repository/com/google/guava/guava/32.0.0-jre/guava-32.0.0-jre.jar:/home/runner/.m2/repository/com/google/guava/failureaccess/1.0.1/failureaccess-1.0.1.jar:/home/runner/.m2/repository/com/google/guava/listenablefuture/9999.0-empty-to-avoid-conflict-with-guava/listenablefuture-9999.0-empty-to-avoid-conflict-with-guava.jar:/home/runner/.m2/repository/com/google/code/findbugs/jsr305/3.0.0/jsr305-3.0.0.jar:/home/runner/.m2/repository/org/checkerframework/checker-qual/3.33.0/checker-qual-3.33.0.jar:/home/runner/.m2/repository/com/google/j2objc/j2objc-annotations/2.8/j2objc-annotations-2.8.jar:/home/runner/.m2/repository/commons-io/commons-io/2.11.0/commons-io-2.11.0.jar:/home/runner/.m2/repository/commons-logging/commons-logging/1.2/commons-logging-1.2.jar:/home/runner/.m2/repository/ch/qos/reload4j/reload4j/1.2.22/reload4j-1.2.22.jar:/home/runner/.m2/repository/org/slf4j/slf4j-api/1.7.36/slf4j-api-1.7.36.jar:/home/runner/.m2/repository/org/apache/ozone/hdds-server-scm/1.4.0-SNAPSHOT/hdds-server-scm-1.4.0-SNAPSHOT.jar:/home/runner/.m2/repository/org/apache/ozone/hdds-container-service/1.4.0-SNAPSHOT/hdds-container-service-1.4.0-SNAPSHOT.jar:/home/runner/.m2/repository/org/apache/ozone/hdds-hadoop-dependency-server/1.4.0-SNAPSHOT/hdds-hadoop-dependency-server-1.4.0-SNAPSHOT.jar:/home/runner/.m2/repository/org/apache/hadoop/hadoop-hdfs/3.3.6/hadoop-hdfs-3.3.6.jar:/home/runner/.m2/repository/commons-daemon/commons-daemon/1.0.13/commons-daemon-1.0.13.jar:/home/runner/.m2/repository/org/apache/ozone/hdds-server-framework/1.4.0-SNAPSHOT/hdds-server-framework-1.4.0-SNAPSHOT.jar:/home/runner/.m2/repository/io/dropwizard/metrics/metrics-core/3.2.4/metrics-core-3.2.4.jar:/home/runner/.m2/repository/org/apache/commons/commons-text/1.10.0/commons-text-1.10.0.jar:/home/runner/.m2/repository/org/bouncycastle/bcprov-jdk15on/1.67/bcprov-jdk15on-1.67.jar:/home/runner/.m2/repository/com/google/protobuf/protobuf-java/2.5.0/protobuf-java-2.5.0.jar:/home/runner/.m2/repository/org/apache/ozone/hdds-server-framework/1.4.0-SNAPSHOT/hdds-server-framework-1.4.0-SNAPSHOT-tests.jar:/home/runner/.m2/repository/org/apache/ozone/hdds-interface-server/1.4.0-SNAPSHOT/hdds-interface-server-1.4.0-SNAPSHOT.jar:/home/runner/.m2/repository/org/apache/ozone/hdds-interface-admin/1.4.0-SNAPSHOT/hdds-interface-admin-1.4.0-SNAPSHOT.jar:/home/runner/.m2/repository/org/apache/ozone/hdds-managed-rocksdb/1.4.0-SNAPSHOT/hdds-managed-rocksdb-1.4.0-SNAPSHOT.jar:/home/runner/.m2/repository/org/rocksdb/rocksdbjni/7.7.3/rocksdbjni-7.7.3.jar:/home/runner/.m2/repository/org/slf4j/slf4j-reload4j/1.7.36/slf4j-reload4j-1.7.36.jar:/home/runner/.m2/repository/org/apache/commons/commons-configuration2/2.1.1/commons-configuration2-2.1.1.jar:/home/runner/.m2/repository/commons-fileupload/commons-fileupload/1.5/commons-fileupload-1.5.jar:/home/runner/.m2/repository/org/apache/logging/log4j/log4j-core/2.17.1/log4j-core-2.17.1.jar:/home/runner/.m2/repository/com/lmax/disruptor/3.4.2/disruptor-3.4.2.jar:/home/runner/.m2/repository/org/eclipse/jetty/jetty-util/9.4.51.v20230217/jetty-util-9.4.51.v20230217.jar:/home/runner/.m2/repository/org/eclipse/jetty/jetty-server/9.4.51.v20230217/jetty-server-9.4.51.v20230217.jar:/home/runner/.m2/repository/org/eclipse/jetty/jetty-http/9.4.51.v20230217/jetty-http-9.4.51.v20230217.jar:/home/runner/.m2/repository/org/eclipse/jetty/jetty-io/9.4.51.v20230217/jetty-io-9.4.51.v20230217.jar:/home/runner/.m2/repository/org/eclipse/jetty/jetty-servlet/9.4.51.v20230217/jetty-servlet-9.4.51.v20230217.jar:/home/runner/.m2/repository/org/eclipse/jetty/jetty-security/9.4.51.v20230217/jetty-security-9.4.51.v20230217.jar:/home/runner/.m2/repository/org/eclipse/jetty/jetty-util-ajax/9.4.51.v20230217/jetty-util-ajax-9.4.51.v20230217.jar:/home/runner/.m2/repository/org/eclipse/jetty/jetty-webapp/9.4.51.v20230217/jetty-webapp-9.4.51.v20230217.jar:/home/runner/.m2/repository/org/eclipse/jetty/jetty-xml/9.4.51.v20230217/jetty-xml-9.4.51.v20230217.jar:/home/runner/.m2/repository/org/apache/ratis/ratis-server/2.5.1/ratis-server-2.5.1.jar:/home/runner/.m2/repository/org/apache/ratis/ratis-thirdparty-misc/1.0.4/ratis-thirdparty-misc-1.0.4.jar:/home/runner/.m2/repository/org/apache/ratis/ratis-proto/2.5.1/ratis-proto-2.5.1.jar:/home/runner/.m2/repository/org/apache/ratis/ratis-common/2.5.1/ratis-common-2.5.1.jar:/home/runner/.m2/repository/org/apache/ratis/ratis-client/2.5.1/ratis-client-2.5.1.jar:/home/runner/.m2/repository/org/apache/ratis/ratis-server-api/2.5.1/ratis-server-api-2.5.1.jar:/home/runner/.m2/repository/org/apache/ratis/ratis-metrics/2.5.1/ratis-metrics-2.5.1.jar:/home/runner/.m2/repository/io/prometheus/simpleclient_dropwizard/0.7.0/simpleclient_dropwizard-0.7.0.jar:/home/runner/.m2/repository/io/prometheus/simpleclient/0.7.0/simpleclient-0.7.0.jar:/home/runner/.m2/repository/io/prometheus/simpleclient_common/0.7.0/simpleclient_common-0.7.0.jar:/home/runner/.m2/repository/com/fasterxml/jackson/datatype/jackson-datatype-jsr310/2.13.4/jackson-datatype-jsr310-2.13.4.jar:/home/runner/.m2/repository/com/fasterxml/jackson/core/jackson-core/2.13.4/jackson-core-2.13.4.jar:/home/runner/.m2/repository/com/github/spotbugs/spotbugs-annotations/3.1.12/spotbugs-annotations-3.1.12.jar:/home/runner/.m2/repository/org/apache/ozone/rocksdb-checkpoint-differ/1.4.0-SNAPSHOT/rocksdb-checkpoint-differ-1.4.0-SNAPSHOT.jar:/home/runner/.m2/repository/org/awaitility/awaitility/4.2.0/awaitility-4.2.0.jar:/home/runner/.m2/repository/org/hamcrest/hamcrest/2.1/hamcrest-2.1.jar:/home/runner/.m2/repository/org/apache/ozone/ozone-manager/1.4.0-SNAPSHOT/ozone-manager-1.4.0-SNAPSHOT.jar:/home/runner/.m2/repository/org/aspectj/aspectjrt/1.9.7/aspectjrt-1.9.7.jar:/home/runner/.m2/repository/org/aspectj/aspectjweaver/1.9.7/aspectjweaver-1.9.7.jar:/home/runner/.m2/repository/org/apache/ozone/hdds-interface-client/1.4.0-SNAPSHOT/hdds-interface-client-1.4.0-SNAPSHOT.jar:/home/runner/.m2/repository/org/apache/hadoop/thirdparty/hadoop-shaded-protobuf_3_7/1.1.1/hadoop-shaded-protobuf_3_7-1.1.1.jar:/home/runner/.m2/repository/org/apache/ozone/ozone-interface-storage/1.4.0-SNAPSHOT/ozone-interface-storage-1.4.0-SNAPSHOT.jar:/home/runner/.m2/repository/org/reflections/reflections/0.9.11/reflections-0.9.11.jar:/home/runner/.m2/repository/com/sun/jersey/jersey-client/1.19/jersey-client-1.19.jar:/home/runner/.m2/repository/org/codehaus/jackson/jackson-core-asl/1.9.13/jackson-core-asl-1.9.13.jar:/home/runner/.m2/repository/org/codehaus/jackson/jackson-mapper-asl/1.9.13/jackson-mapper-asl-1.9.13.jar:/home/runner/.m2/repository/org/codehaus/jackson/jackson-jaxrs/1.9.13/jackson-jaxrs-1.9.13.jar:/home/runner/.m2/repository/org/apache/ranger/ranger-intg/2.3.0/ranger-intg-2.3.0.jar:/home/runner/.m2/repository/org/apache/ranger/ranger-plugins-common/2.3.0/ranger-plugins-common-2.3.0.jar:/home/runner/.m2/repository/commons-lang/commons-lang/2.6/commons-lang-2.6.jar:/home/runner/.m2/repository/org/apache/ranger/ranger-plugins-cred/2.3.0/ranger-plugins-cred-2.3.0.jar:/home/runner/.m2/repository/org/apache/ranger/ranger-plugins-audit/2.3.0/ranger-plugins-audit-2.3.0.jar:/home/runner/.m2/repository/org/eclipse/jetty/jetty-client/9.4.51.v20230217/jetty-client-9.4.51.v20230217.jar:/home/runner/.m2/repository/org/apache/httpcomponents/httpmime/4.5.6/httpmime-4.5.6.jar:/home/runner/.m2/repository/org/apache/httpcomponents/httpcore-nio/4.4.13/httpcore-nio-4.4.13.jar:/home/runner/.m2/repository/org/apache/httpcomponents/httpasyncclient/4.1.3/httpasyncclient-4.1.3.jar:/home/runner/.m2/repository/com/carrotsearch/hppc/0.8.0/hppc-0.8.0.jar:/home/runner/.m2/repository/org/apache/orc/orc-core/1.5.8/orc-core-1.5.8.jar:/home/runner/.m2/repository/net/java/dev/jna/jna/5.2.0/jna-5.2.0.jar:/home/runner/.m2/repository/net/java/dev/jna/jna-platform/5.2.0/jna-platform-5.2.0.jar:/home/runner/.m2/repository/com/kstruct/gethostname4j/0.0.2/gethostname4j-0.0.2.jar:/home/runner/.m2/repository/org/apache/ranger/ranger-plugin-classloader/2.3.0/ranger-plugin-classloader-2.3.0.jar:/home/runner/.m2/repository/org/apache/ozone/hdds-rocks-native/1.4.0-SNAPSHOT/hdds-rocks-native-1.4.0-SNAPSHOT.jar:/home/runner/.m2/repository/org/apache/hadoop/hadoop-minikdc/3.3.6/hadoop-minikdc-3.3.6.jar:/home/runner/.m2/repository/org/apache/kerby/kerb-simplekdc/1.0.1/kerb-simplekdc-1.0.1.jar:/home/runner/.m2/repository/org/apache/kerby/kerb-client/1.0.1/kerb-client-1.0.1.jar:/home/runner/.m2/repository/org/apache/kerby/kerby-config/1.0.1/kerby-config-1.0.1.jar:/home/runner/.m2/repository/org/apache/kerby/kerb-common/1.0.1/kerb-common-1.0.1.jar:/home/runner/.m2/repository/org/apache/kerby/kerb-crypto/1.0.1/kerb-crypto-1.0.1.jar:/home/runner/.m2/repository/org/apache/kerby/kerb-util/1.0.1/kerb-util-1.0.1.jar:/home/runner/.m2/repository/org/apache/kerby/token-provider/1.0.1/token-provider-1.0.1.jar:/home/runner/.m2/repository/org/apache/kerby/kerb-admin/1.0.1/kerb-admin-1.0.1.jar:/home/runner/.m2/repository/org/apache/kerby/kerb-server/1.0.1/kerb-server-1.0.1.jar:/home/runner/.m2/repository/org/apache/kerby/kerb-identity/1.0.1/kerb-identity-1.0.1.jar:/home/runner/.m2/repository/org/apache/kerby/kerby-xdr/1.0.1/kerby-xdr-1.0.1.jar:/home/runner/.m2/repository/org/apache/ozone/ozone-s3gateway/1.4.0-SNAPSHOT/ozone-s3gateway-1.4.0-SNAPSHOT.jar:/home/runner/.m2/repository/org/javassist/javassist/3.21.0-GA/javassist-3.21.0-GA.jar:/home/runner/.m2/repository/org/jboss/weld/servlet/weld-servlet-shaded/3.1.9.Final/weld-servlet-shaded-3.1.9.Final.jar:/home/runner/.m2/repository/org/glassfish/jersey/containers/jersey-container-servlet-core/2.34/jersey-container-servlet-core-2.34.jar:/home/runner/.m2/repository/org/glassfish/hk2/external/jakarta.inject/2.6.1/jakarta.inject-2.6.1.jar:/home/runner/.m2/repository/org/glassfish/jersey/core/jersey-common/2.34/jersey-common-2.34.jar:/home/runner/.m2/repository/jakarta/ws/rs/jakarta.ws.rs-api/2.1.6/jakarta.ws.rs-api-2.1.6.jar:/home/runner/.m2/repository/org/glassfish/jersey/ext/cdi/jersey-cdi1x/2.34/jersey-cdi1x-2.34.jar:/home/runner/.m2/repository/org/glassfish/jersey/inject/jersey-hk2/2.34/jersey-hk2-2.34.jar:/home/runner/.m2/repository/org/glassfish/hk2/hk2-locator/2.6.1/hk2-locator-2.6.1.jar:/home/runner/.m2/repository/org/glassfish/jersey/media/jersey-media-jaxb/2.34/jersey-media-jaxb-2.34.jar:/home/runner/.m2/repository/org/glassfish/hk2/osgi-resource-locator/1.0.3/osgi-resource-locator-1.0.3.jar:/home/runner/.m2/repository/org/glassfish/hk2/hk2-api/2.5.0/hk2-api-2.5.0.jar:/home/runner/.m2/repository/org/glassfish/hk2/hk2-utils/2.5.0/hk2-utils-2.5.0.jar:/home/runner/.m2/repository/org/glassfish/hk2/external/aopalliance-repackaged/2.5.0/aopalliance-repackaged-2.5.0.jar:/home/runner/.m2/repository/com/fasterxml/jackson/dataformat/jackson-dataformat-xml/2.13.4/jackson-dataformat-xml-2.13.4.jar:/home/runner/.m2/repository/org/codehaus/woodstox/stax2-api/4.2.1/stax2-api-4.2.1.jar:/home/runner/.m2/repository/com/fasterxml/woodstox/woodstox-core/5.4.0/woodstox-core-5.4.0.jar:/home/runner/.m2/repository/com/fasterxml/jackson/module/jackson-module-jaxb-annotations/2.13.4/jackson-module-jaxb-annotations-2.13.4.jar:/home/runner/.m2/repository/jakarta/xml/bind/jakarta.xml.bind-api/2.3.3/jakarta.xml.bind-api-2.3.3.jar:/home/runner/.m2/repository/jakarta/activation/jakarta.activation-api/1.2.2/jakarta.activation-api-1.2.2.jar:/home/runner/.m2/repository/javax/enterprise/cdi-api/2.0/cdi-api-2.0.jar:/home/runner/.m2/repository/javax/el/javax.el-api/3.0.0/javax.el-api-3.0.0.jar:/home/runner/.m2/repository/javax/interceptor/javax.interceptor-api/1.2/javax.interceptor-api-1.2.jar:/home/runner/.m2/repository/javax/inject/javax.inject/1/javax.inject-1.jar:/home/runner/.m2/repository/javax/xml/bind/jaxb-api/2.3.0/jaxb-api-2.3.0.jar:/home/runner/.m2/repository/org/glassfish/jaxb/jaxb-runtime/2.3.0.1/jaxb-runtime-2.3.0.1.jar:/home/runner/.m2/repository/org/glassfish/jaxb/jaxb-core/2.3.0.1/jaxb-core-2.3.0.1.jar:/home/runner/.m2/repository/org/glassfish/jaxb/txw2/2.3.0.1/txw2-2.3.0.1.jar:/home/runner/.m2/repository/com/sun/istack/istack-commons-runtime/3.0.5/istack-commons-runtime-3.0.5.jar:/home/runner/.m2/repository/org/jvnet/staxex/stax-ex/1.7.8/stax-ex-1.7.8.jar:/home/runner/.m2/repository/com/sun/xml/fastinfoset/FastInfoset/1.2.13/FastInfoset-1.2.13.jar:/home/runner/.m2/repository/javax/activation/activation/1.1.1/activation-1.1.1.jar:/home/runner/.m2/repository/io/grpc/grpc-protobuf/1.51.1/grpc-protobuf-1.51.1.jar:/home/runner/.m2/repository/com/google/api/grpc/proto-google-common-protos/2.9.0/proto-google-common-protos-2.9.0.jar:/home/runner/.m2/repository/io/grpc/grpc-protobuf-lite/1.51.1/grpc-protobuf-lite-1.51.1.jar:/home/runner/.m2/repository/io/grpc/grpc-stub/1.51.1/grpc-stub-1.51.1.jar:/home/runner/.m2/repository/io/netty/netty-transport/4.1.86.Final/netty-transport-4.1.86.Final.jar:/home/runner/.m2/repository/io/netty/netty-resolver/4.1.86.Final/netty-resolver-4.1.86.Final.jar:/home/runner/.m2/repository/org/apache/ozone/ozone-csi/1.4.0-SNAPSHOT/ozone-csi-1.4.0-SNAPSHOT.jar:/home/runner/.m2/repository/com/google/protobuf/protobuf-java-util/3.19.6/protobuf-java-util-3.19.6.jar:/home/runner/.m2/repository/com/google/code/gson/gson/2.9.0/gson-2.9.0.jar:/home/runner/.m2/repository/org/apache/ozone/hdds-config/1.4.0-SNAPSHOT/hdds-config-1.4.0-SNAPSHOT.jar:/home/runner/.m2/repository/io/netty/netty-transport-native-epoll/4.1.86.Final/netty-transport-native-epoll-4.1.86.Final-linux-x86_64.jar:/home/runner/.m2/repository/io/netty/netty-transport-classes-epoll/4.1.86.Final/netty-transport-classes-epoll-4.1.86.Final.jar:/home/runner/.m2/repository/io/netty/netty-transport-native-unix-common/4.1.86.Final/netty-transport-native-unix-common-4.1.86.Final.jar:/home/runner/.m2/repository/org/apache/ozone/ozone-recon/1.4.0-SNAPSHOT/ozone-recon-1.4.0-SNAPSHOT.jar:/home/runner/.m2/repository/org/apache/ozone/ozone-reconcodegen/1.4.0-SNAPSHOT/ozone-reconcodegen-1.4.0-SNAPSHOT.jar:/home/runner/.m2/repository/com/google/inject/guice/5.1.0/guice-5.1.0.jar:/home/runner/.m2/repository/aopalliance/aopalliance/1.0/aopalliance-1.0.jar:/home/runner/.m2/repository/com/google/inject/extensions/guice-assistedinject/5.1.0/guice-assistedinject-5.1.0.jar:/home/runner/.m2/repository/com/google/inject/extensions/guice-servlet/5.1.0/guice-servlet-5.1.0.jar:/home/runner/.m2/repository/org/glassfish/jersey/containers/jersey-container-servlet/2.34/jersey-container-servlet-2.34.jar:/home/runner/.m2/repository/org/glassfish/hk2/guice-bridge/2.5.0/guice-bridge-2.5.0.jar:/home/runner/.m2/repository/org/glassfish/jersey/core/jersey-server/2.34/jersey-server-2.34.jar:/home/runner/.m2/repository/org/glassfish/jersey/core/jersey-client/2.34/jersey-client-2.34.jar:/home/runner/.m2/repository/jakarta/annotation/jakarta.annotation-api/1.3.5/jakarta.annotation-api-1.3.5.jar:/home/runner/.m2/repository/jakarta/validation/jakarta.validation-api/2.0.2/jakarta.validation-api-2.0.2.jar:/home/runner/.m2/repository/org/glassfish/jersey/media/jersey-media-json-jackson/2.34/jersey-media-json-jackson-2.34.jar:/home/runner/.m2/repository/org/glassfish/jersey/ext/jersey-entity-filtering/2.34/jersey-entity-filtering-2.34.jar:/home/runner/.m2/repository/org/jooq/jooq/3.11.10/jooq-3.11.10.jar:/home/runner/.m2/repository/org/jooq/jooq-meta/3.11.10/jooq-meta-3.11.10.jar:/home/runner/.m2/repository/org/jooq/jooq-codegen/3.11.10/jooq-codegen-3.11.10.jar:/home/runner/.m2/repository/com/jolbox/bonecp/0.8.0.RELEASE/bonecp-0.8.0.RELEASE.jar:/home/runner/.m2/repository/org/apache/derby/derby/10.14.2.0/derby-10.14.2.0.jar:/home/runner/.m2/repository/org/xerial/sqlite-jdbc/3.41.2.2/sqlite-jdbc-3.41.2.2.jar:/home/runner/.m2/repository/org/springframework/spring-jdbc/5.3.27/spring-jdbc-5.3.27.jar:/home/runner/.m2/repository/org/springframework/spring-beans/5.3.27/spring-beans-5.3.27.jar:/home/runner/.m2/repository/org/springframework/spring-core/5.3.27/spring-core-5.3.27.jar:/home/runner/.m2/repository/org/springframework/spring-tx/5.3.27/spring-tx-5.3.27.jar:/home/runner/.m2/repository/org/apache/ozone/ozone-client/1.4.0-SNAPSHOT/ozone-client-1.4.0-SNAPSHOT.jar:/home/runner/.m2/repository/org/apache/ozone/hdds-erasurecode/1.4.0-SNAPSHOT/hdds-erasurecode-1.4.0-SNAPSHOT.jar:/home/runner/.m2/repository/org/apache/ozone/ozone-filesystem/1.4.0-SNAPSHOT/ozone-filesystem-1.4.0-SNAPSHOT.jar:/home/runner/.m2/repository/org/apache/ozone/ozone-filesystem-common/1.4.0-SNAPSHOT/ozone-filesystem-common-1.4.0-SNAPSHOT.jar:/home/runner/.m2/repository/org/apache/ozone/ozone-tools/1.4.0-SNAPSHOT/ozone-tools-1.4.0-SNAPSHOT.jar:/home/runner/.m2/repository/com/amazonaws/aws-java-sdk-core/1.12.261/aws-java-sdk-core-1.12.261.jar:/home/runner/.m2/repository/org/apache/httpcomponents/httpclient/4.5.13/httpclient-4.5.13.jar:/home/runner/.m2/repository/org/apache/httpcomponents/httpcore/4.4.13/httpcore-4.4.13.jar:/home/runner/.m2/repository/software/amazon/ion/ion-java/1.0.2/ion-java-1.0.2.jar:/home/runner/.m2/repository/com/fasterxml/jackson/dataformat/jackson-dataformat-cbor/2.13.4/jackson-dataformat-cbor-2.13.4.jar:/home/runner/.m2/repository/joda-time/joda-time/2.10.6/joda-time-2.10.6.jar:/home/runner/.m2/repository/com/amazonaws/aws-java-sdk-s3/1.12.261/aws-java-sdk-s3-1.12.261.jar:/home/runner/.m2/repository/com/amazonaws/aws-java-sdk-kms/1.12.261/aws-java-sdk-kms-1.12.261.jar:/home/runner/.m2/repository/com/amazonaws/jmespath-java/1.12.261/jmespath-java-1.12.261.jar:/home/runner/.m2/repository/org/kohsuke/metainf-services/metainf-services/1.8/metainf-services-1.8.jar:/home/runner/.m2/repository/org/apache/ozone/hdds-tools/1.4.0-SNAPSHOT/hdds-tools-1.4.0-SNAPSHOT.jar:/home/runner/.m2/repository/org/apache/ratis/ratis-tools/2.5.1/ratis-tools-2.5.1.jar:/home/runner/.m2/repository/commons-cli/commons-cli/1.2/commons-cli-1.2.jar:/home/runner/.m2/repository/org/apache/commons/commons-lang3/3.7/commons-lang3-3.7.jar:/home/runner/.m2/repository/org/apache/ozone/ozone-manager/1.4.0-SNAPSHOT/ozone-manager-1.4.0-SNAPSHOT-tests.jar:/home/runner/.m2/repository/org/apache/ozone/hdds-common/1.4.0-SNAPSHOT/hdds-common-1.4.0-SNAPSHOT-tests.jar:/home/runner/.m2/repository/org/apache/ozone/hdds-hadoop-dependency-client/1.4.0-SNAPSHOT/hdds-hadoop-dependency-client-1.4.0-SNAPSHOT.jar:/home/runner/.m2/repository/info/picocli/picocli/4.6.1/picocli-4.6.1.jar:/home/runner/.m2/repository/com/fasterxml/jackson/core/jackson-annotations/2.13.4/jackson-annotations-2.13.4.jar:/home/runner/.m2/repository/org/apache/ozone/hdds-annotation-processing/1.4.0-SNAPSHOT/hdds-annotation-processing-1.4.0-SNAPSHOT.jar:/home/runner/.m2/repository/javax/annotation/javax.annotation-api/1.2/javax.annotation-api-1.2.jar:/home/runner/.m2/repository/org/apache/ratis/ratis-netty/2.5.1/ratis-netty-2.5.1.jar:/home/runner/.m2/repository/org/apache/ratis/ratis-grpc/2.5.1/ratis-grpc-2.5.1.jar:/home/runner/.m2/repository/org/apache/logging/log4j/log4j-api/2.17.1/log4j-api-2.17.1.jar:/home/runner/.m2/repository/org/apache/commons/commons-pool2/2.6.0/commons-pool2-2.6.0.jar:/home/runner/.m2/repository/org/bouncycastle/bcpkix-jdk15on/1.67/bcpkix-jdk15on-1.67.jar:/home/runner/.m2/repository/commons-validator/commons-validator/1.6/commons-validator-1.6.jar:/home/runner/.m2/repository/commons-beanutils/commons-beanutils/1.9.4/commons-beanutils-1.9.4.jar:/home/runner/.m2/repository/commons-digester/commons-digester/1.8.1/commons-digester-1.8.1.jar:/home/runner/.m2/repository/commons-collections/commons-collections/3.2.2/commons-collections-3.2.2.jar:/home/runner/.m2/repository/io/jaegertracing/jaeger-client/1.6.0/jaeger-client-1.6.0.jar:/home/runner/.m2/repository/io/jaegertracing/jaeger-thrift/1.6.0/jaeger-thrift-1.6.0.jar:/home/runner/.m2/repository/org/apache/thrift/libthrift/0.14.1/libthrift-0.14.1.jar:/home/runner/.m2/repository/io/jaegertracing/jaeger-core/1.6.0/jaeger-core-1.6.0.jar:/home/runner/.m2/repository/io/jaegertracing/jaeger-tracerresolver/1.6.0/jaeger-tracerresolver-1.6.0.jar:/home/runner/.m2/repository/io/opentracing/contrib/opentracing-tracerresolver/0.1.8/opentracing-tracerresolver-0.1.8.jar:/home/runner/.m2/repository/org/jetbrains/kotlin/kotlin-stdlib/1.6.21/kotlin-stdlib-1.6.21.jar:/home/runner/.m2/repository/org/jetbrains/annotations/13.0/annotations-13.0.jar:/home/runner/.m2/repository/io/opentracing/opentracing-util/0.33.0/opentracing-util-0.33.0.jar:/home/runner/.m2/repository/io/opentracing/opentracing-api/0.33.0/opentracing-api-0.33.0.jar:/home/runner/.m2/repository/io/opentracing/opentracing-noop/0.33.0/opentracing-noop-0.33.0.jar:/home/runner/.m2/repository/org/yaml/snakeyaml/2.0/snakeyaml-2.0.jar:/home/runner/.m2/repository/io/grpc/grpc-api/1.51.1/grpc-api-1.51.1.jar:/home/runner/.m2/repository/io/grpc/grpc-context/1.51.1/grpc-context-1.51.1.jar:/home/runner/.m2/repository/junit/junit/4.13.1/junit-4.13.1.jar:/home/runner/.m2/repository/org/hamcrest/hamcrest-core/1.3/hamcrest-core-1.3.jar:/home/runner/.m2/repository/org/junit/jupiter/junit-jupiter-api/5.8.2/junit-jupiter-api-5.8.2.jar:/home/runner/.m2/repository/org/opentest4j/opentest4j/1.2.0/opentest4j-1.2.0.jar:/home/runner/.m2/repository/org/junit/platform/junit-platform-commons/1.8.2/junit-platform-commons-1.8.2.jar:/home/runner/.m2/repository/org/apiguardian/apiguardian-api/1.1.2/apiguardian-api-1.1.2.jar:/home/runner/.m2/repository/org/junit/jupiter/junit-jupiter-params/5.8.2/junit-jupiter-params-5.8.2.jar:/home/runner/.m2/repository/org/junit/jupiter/junit-jupiter-migrationsupport/5.8.2/junit-jupiter-migrationsupport-5.8.2.jar:/home/runner/.m2/repository/org/junit/jupiter/junit-jupiter-engine/5.8.2/junit-jupiter-engine-5.8.2.jar:/home/runner/.m2/repository/org/junit/platform/junit-platform-engine/1.8.2/junit-platform-engine-1.8.2.jar:/home/runner/.m2/repository/org/junit/vintage/junit-vintage-engine/5.8.2/junit-vintage-engine-5.8.2.jar:/home/runner/.m2/repository/org/junit/platform/junit-platform-launcher/1.8.2/junit-platform-launcher-1.8.2.jar:/home/runner/.m2/repository/org/mockito/mockito-core/3.5.9/mockito-core-3.5.9.jar:/home/runner/.m2/repository/net/bytebuddy/byte-buddy/1.10.13/byte-buddy-1.10.13.jar:/home/runner/.m2/repository/net/bytebuddy/byte-buddy-agent/1.10.13/byte-buddy-agent-1.10.13.jar:/home/runner/.m2/repository/org/objenesis/objenesis/1.0/objenesis-1.0.jar:/home/runner/.m2/repository/org/apache/hadoop/hadoop-kms/3.3.6/hadoop-kms-3.3.6.jar:/home/runner/.m2/repository/org/apache/hadoop/hadoop-auth/3.3.6/hadoop-auth-3.3.6.jar:/home/runner/.m2/repository/com/nimbusds/nimbus-jose-jwt/9.8.1/nimbus-jose-jwt-9.8.1.jar:/home/runner/.m2/repository/com/github/stephenc/jcip/jcip-annotations/1.0-1/jcip-annotations-1.0-1.jar:/home/runner/.m2/repository/org/apache/zookeeper/zookeeper/3.5.6/zookeeper-3.5.6.jar:/home/runner/.m2/repository/org/apache/zookeeper/zookeeper-jute/3.5.6/zookeeper-jute-3.5.6.jar:/home/runner/.m2/repository/org/apache/yetus/audience-annotations/0.5.0/audience-annotations-0.5.0.jar:/home/runner/.m2/repository/org/apache/curator/curator-framework/4.2.0/curator-framework-4.2.0.jar:/home/runner/.m2/repository/org/apache/hadoop/thirdparty/hadoop-shaded-guava/1.1.1/hadoop-shaded-guava-1.1.1.jar:/home/runner/.m2/repository/com/sun/jersey/jersey-core/1.19/jersey-core-1.19.jar:/home/runner/.m2/repository/javax/ws/rs/jsr311-api/1.1.1/jsr311-api-1.1.1.jar:/home/runner/.m2/repository/com/sun/jersey/jersey-server/1.19/jersey-server-1.19.jar:/home/runner/.m2/repository/javax/servlet/javax.servlet-api/3.1.0/javax.servlet-api-3.1.0.jar:/home/runner/.m2/repository/org/apache/hadoop/hadoop-common/3.3.6/hadoop-common-3.3.6.jar:/home/runner/.m2/repository/org/apache/commons/commons-math3/3.1.1/commons-math3-3.1.1.jar:/home/runner/.m2/repository/commons-net/commons-net/3.9.0/commons-net-3.9.0.jar:/home/runner/.m2/repository/com/sun/jersey/jersey-servlet/1.19/jersey-servlet-1.19.jar:/home/runner/.m2/repository/com/github/pjfanning/jersey-json/1.20/jersey-json-1.20.jar:/home/runner/.m2/repository/org/codehaus/jettison/jettison/1.1/jettison-1.1.jar:/home/runner/.m2/repository/com/sun/xml/bind/jaxb-impl/2.2.3-1/jaxb-impl-2.2.3-1.jar:/home/runner/.m2/repository/com/google/re2j/re2j/1.1/re2j-1.1.jar:/home/runner/.m2/repository/com/jcraft/jsch/0.1.54/jsch-0.1.54.jar:/home/runner/.m2/repository/org/apache/curator/curator-client/4.2.0/curator-client-4.2.0.jar:/home/runner/.m2/repository/org/apache/curator/curator-recipes/5.2.0/curator-recipes-5.2.0.jar:/home/runner/.m2/repository/org/apache/kerby/kerb-core/1.0.1/kerb-core-1.0.1.jar:/home/runner/.m2/repository/org/apache/kerby/kerby-pkix/1.0.1/kerby-pkix-1.0.1.jar:/home/runner/.m2/repository/org/apache/kerby/kerby-asn1/1.0.1/kerby-asn1-1.0.1.jar:/home/runner/.m2/repository/org/apache/kerby/kerby-util/1.0.1/kerby-util-1.0.1.jar:/home/runner/.m2/repository/dnsjava/dnsjava/2.1.7/dnsjava-2.1.7.jar:/home/runner/.m2/repository/org/xerial/snappy/snappy-java/1.1.8.2/snappy-java-1.1.8.2.jar:/home/runner/.m2/repository/com/fasterxml/jackson/core/jackson-databind/2.13.4.2/jackson-databind-2.13.4.2.jar:/home/runner/.m2/repository/org/apache/hadoop/hadoop-kms/3.3.6/hadoop-kms-3.3.6-tests.jar:/home/runner/.m2/repository/org/apache/ozone/hdds-server-scm/1.4.0-SNAPSHOT/hdds-server-scm-1.4.0-SNAPSHOT-tests.jar:/home/runner/.m2/repository/org/apache/ozone/hdds-container-service/1.4.0-SNAPSHOT/hdds-container-service-1.4.0-SNAPSHOT-tests.jar:/home/runner/.m2/repository/com/github/luben/zstd-jni/1.5.2-5/zstd-jni-1.5.2-5.jar:/home/runner/.m2/repository/commons-codec/commons-codec/1.15/commons-codec-1.15.jar:/home/runner/.m2/repository/io/netty/netty-codec/4.1.86.Final/netty-codec-4.1.86.Final.jar:/home/runner/.m2/repository/io/netty/netty-handler/4.1.86.Final/netty-handler-4.1.86.Final.jar:/home/runner/.m2/repository/org/apache/ozone/hdds-hadoop-dependency-test/1.4.0-SNAPSHOT/hdds-hadoop-dependency-test-1.4.0-SNAPSHOT.jar:/home/runner/.m2/repository/org/apache/hadoop/hadoop-common/3.3.6/hadoop-common-3.3.6-tests.jar:/home/runner/.m2/repository/org/apache/hadoop/hadoop-hdfs/3.3.6/hadoop-hdfs-3.3.6-tests.jar:/home/runner/.m2/repository/org/assertj/assertj-core/3.12.2/assertj-core-3.12.2.jar:/home/runner/.m2/repository/org/apache/hadoop/hadoop-distcp/3.3.6/hadoop-distcp-3.3.6.jar:/home/runner/.m2/repository/org/apache/hadoop/hadoop-mapreduce-client-jobclient/3.3.6/hadoop-mapreduce-client-jobclient-3.3.6.jar:/home/runner/.m2/repository/org/apache/hadoop/hadoop-mapreduce-client-common/3.3.6/hadoop-mapreduce-client-common-3.3.6.jar:/home/runner/.m2/repository/org/apache/hadoop/hadoop-yarn-common/3.3.6/hadoop-yarn-common-3.3.6.jar:/home/runner/.m2/repository/org/apache/hadoop/hadoop-yarn-api/3.3.6/hadoop-yarn-api-3.3.6.jar:/home/runner/.m2/repository/com/sun/jersey/contribs/jersey-guice/1.19/jersey-guice-1.19.jar:/home/runner/.m2/repository/com/fasterxml/jackson/jaxrs/jackson-jaxrs-json-provider/2.13.4/jackson-jaxrs-json-provider-2.13.4.jar:/home/runner/.m2/repository/com/fasterxml/jackson/jaxrs/jackson-jaxrs-base/2.13.4/jackson-jaxrs-base-2.13.4.jar:/home/runner/.m2/repository/org/apache/hadoop/hadoop-yarn-client/3.3.6/hadoop-yarn-client-3.3.6.jar:/home/runner/.m2/repository/org/eclipse/jetty/websocket/websocket-client/9.4.51.v20230217/websocket-client-9.4.51.v20230217.jar:/home/runner/.m2/repository/org/eclipse/jetty/websocket/websocket-common/9.4.51.v20230217/websocket-common-9.4.51.v20230217.jar:/home/runner/.m2/repository/org/eclipse/jetty/websocket/websocket-api/9.4.51.v20230217/websocket-api-9.4.51.v20230217.jar:/home/runner/.m2/repository/org/jline/jline/3.9.0/jline-3.9.0.jar:/home/runner/.m2/repository/org/apache/hadoop/hadoop-mapreduce-client-core/3.3.6/hadoop-mapreduce-client-core-3.3.6.jar:/home/runner/.m2/repository/org/apache/avro/avro/1.7.7/avro-1.7.7.jar:/home/runner/.m2/repository/com/thoughtworks/paranamer/paranamer/2.3/paranamer-2.3.jar:/home/runner/.m2/repository/org/apache/hadoop/hadoop-annotations/3.3.6/hadoop-annotations-3.3.6.jar:/usr/lib/jvm/temurin-8-jdk-amd64/jre/../lib/tools.jar:/home/runner/.m2/repository/io/netty/netty/3.10.6.Final/netty-3.10.6.Final.jar:/home/runner/.m2/repository/org/apache/hadoop/hadoop-distcp/3.3.6/hadoop-distcp-3.3.6-tests.jar:/home/runner/.m2/repository/org/slf4j/jul-to-slf4j/1.7.36/jul-to-slf4j-1.7.36.jar:"/>
    <property name="java.vm.vendor" value="Temurin"/>
    <property name="sun.arch.data.model" value="64"/>
    <property name="test.build.dir" value="/home/runner/work/ozone/ozone/hadoop-ozone/integration-test/target/test-dir"/>
    <property name="test.cache.data" value=""/>
    <property name="java.vendor.url" value="https://adoptium.net/"/>
    <property name="user.timezone" value="Etc/UTC"/>
    <property name="java.vm.specification.version" value="1.8"/>
    <property name="os.name" value="Linux"/>
    <property name="test.build.data" value="/home/runner/work/ozone/ozone/hadoop-ozone/integration-test/target/test-dir"/>
    <property name="sun.java.launcher" value="SUN_STANDARD"/>
    <property name="sun.boot.library.path" value="/usr/lib/jvm/temurin-8-jdk-amd64/jre/lib/amd64"/>
    <property name="sun.java.command" value="/home/runner/work/ozone/ozone/hadoop-ozone/integration-test/target/surefire/surefirebooter6641129156544490593.jar /home/runner/work/ozone/ozone/hadoop-ozone/integration-test/target/surefire 2023-07-05T13-23-27_638-jvmRun1 surefire7639674110664510814tmp surefire_201072040081150801166tmp"/>
    <property name="native.lib.tmp.dir" value="/tmp"/>
    <property name="surefire.test.class.path" value="/home/runner/work/ozone/ozone/hadoop-ozone/integration-test/target/test-classes:/home/runner/work/ozone/ozone/hadoop-ozone/integration-test/target/classes:/home/runner/.m2/repository/org/apache/ozone/ozone-common/1.4.0-SNAPSHOT/ozone-common-1.4.0-SNAPSHOT.jar:/home/runner/.m2/repository/io/grpc/grpc-netty/1.51.1/grpc-netty-1.51.1.jar:/home/runner/.m2/repository/io/grpc/grpc-core/1.51.1/grpc-core-1.51.1.jar:/home/runner/.m2/repository/com/google/android/annotations/4.1.1.4/annotations-4.1.1.4.jar:/home/runner/.m2/repository/org/codehaus/mojo/animal-sniffer-annotations/1.21/animal-sniffer-annotations-1.21.jar:/home/runner/.m2/repository/com/google/errorprone/error_prone_annotations/2.2.0/error_prone_annotations-2.2.0.jar:/home/runner/.m2/repository/io/perfmark/perfmark-api/0.25.0/perfmark-api-0.25.0.jar:/home/runner/.m2/repository/io/netty/netty-codec-http2/4.1.86.Final/netty-codec-http2-4.1.86.Final.jar:/home/runner/.m2/repository/io/netty/netty-common/4.1.86.Final/netty-common-4.1.86.Final.jar:/home/runner/.m2/repository/io/netty/netty-buffer/4.1.86.Final/netty-buffer-4.1.86.Final.jar:/home/runner/.m2/repository/io/netty/netty-codec-http/4.1.86.Final/netty-codec-http-4.1.86.Final.jar:/home/runner/.m2/repository/io/netty/netty-handler-proxy/4.1.86.Final/netty-handler-proxy-4.1.86.Final.jar:/home/runner/.m2/repository/io/netty/netty-codec-socks/4.1.86.Final/netty-codec-socks-4.1.86.Final.jar:/home/runner/.m2/repository/io/netty/netty-tcnative-boringssl-static/2.0.54.Final/netty-tcnative-boringssl-static-2.0.54.Final.jar:/home/runner/.m2/repository/io/netty/netty-tcnative-classes/2.0.54.Final/netty-tcnative-classes-2.0.54.Final.jar:/home/runner/.m2/repository/io/netty/netty-tcnative-boringssl-static/2.0.54.Final/netty-tcnative-boringssl-static-2.0.54.Final-linux-x86_64.jar:/home/runner/.m2/repository/io/netty/netty-tcnative-boringssl-static/2.0.54.Final/netty-tcnative-boringssl-static-2.0.54.Final-linux-aarch_64.jar:/home/runner/.m2/repository/io/netty/netty-tcnative-boringssl-static/2.0.54.Final/netty-tcnative-boringssl-static-2.0.54.Final-osx-x86_64.jar:/home/runner/.m2/repository/io/netty/netty-tcnative-boringssl-static/2.0.54.Final/netty-tcnative-boringssl-static-2.0.54.Final-osx-aarch_64.jar:/home/runner/.m2/repository/io/netty/netty-tcnative-boringssl-static/2.0.54.Final/netty-tcnative-boringssl-static-2.0.54.Final-windows-x86_64.jar:/home/runner/.m2/repository/org/apache/commons/commons-compress/1.21/commons-compress-1.21.jar:/home/runner/.m2/repository/org/apache/ozone/hdds-common/1.4.0-SNAPSHOT/hdds-common-1.4.0-SNAPSHOT.jar:/home/runner/.m2/repository/org/apache/ozone/hdds-client/1.4.0-SNAPSHOT/hdds-client-1.4.0-SNAPSHOT.jar:/home/runner/.m2/repository/org/apache/ozone/ozone-interface-client/1.4.0-SNAPSHOT/ozone-interface-client-1.4.0-SNAPSHOT.jar:/home/runner/.m2/repository/org/apache/hadoop/hadoop-hdfs-client/3.3.6/hadoop-hdfs-client-3.3.6.jar:/home/runner/.m2/repository/com/squareup/okhttp3/okhttp/4.9.3/okhttp-4.9.3.jar:/home/runner/.m2/repository/com/squareup/okio/okio/2.8.0/okio-2.8.0.jar:/home/runner/.m2/repository/org/jetbrains/kotlin/kotlin-stdlib-common/1.6.21/kotlin-stdlib-common-1.6.21.jar:/home/runner/.m2/repository/org/apache/ozone/hdds-test-utils/1.4.0-SNAPSHOT/hdds-test-utils-1.4.0-SNAPSHOT.jar:/home/runner/.m2/repository/com/google/guava/guava/32.0.0-jre/guava-32.0.0-jre.jar:/home/runner/.m2/repository/com/google/guava/failureaccess/1.0.1/failureaccess-1.0.1.jar:/home/runner/.m2/repository/com/google/guava/listenablefuture/9999.0-empty-to-avoid-conflict-with-guava/listenablefuture-9999.0-empty-to-avoid-conflict-with-guava.jar:/home/runner/.m2/repository/com/google/code/findbugs/jsr305/3.0.0/jsr305-3.0.0.jar:/home/runner/.m2/repository/org/checkerframework/checker-qual/3.33.0/checker-qual-3.33.0.jar:/home/runner/.m2/repository/com/google/j2objc/j2objc-annotations/2.8/j2objc-annotations-2.8.jar:/home/runner/.m2/repository/commons-io/commons-io/2.11.0/commons-io-2.11.0.jar:/home/runner/.m2/repository/commons-logging/commons-logging/1.2/commons-logging-1.2.jar:/home/runner/.m2/repository/ch/qos/reload4j/reload4j/1.2.22/reload4j-1.2.22.jar:/home/runner/.m2/repository/org/slf4j/slf4j-api/1.7.36/slf4j-api-1.7.36.jar:/home/runner/.m2/repository/org/apache/ozone/hdds-server-scm/1.4.0-SNAPSHOT/hdds-server-scm-1.4.0-SNAPSHOT.jar:/home/runner/.m2/repository/org/apache/ozone/hdds-container-service/1.4.0-SNAPSHOT/hdds-container-service-1.4.0-SNAPSHOT.jar:/home/runner/.m2/repository/org/apache/ozone/hdds-hadoop-dependency-server/1.4.0-SNAPSHOT/hdds-hadoop-dependency-server-1.4.0-SNAPSHOT.jar:/home/runner/.m2/repository/org/apache/hadoop/hadoop-hdfs/3.3.6/hadoop-hdfs-3.3.6.jar:/home/runner/.m2/repository/commons-daemon/commons-daemon/1.0.13/commons-daemon-1.0.13.jar:/home/runner/.m2/repository/org/apache/ozone/hdds-server-framework/1.4.0-SNAPSHOT/hdds-server-framework-1.4.0-SNAPSHOT.jar:/home/runner/.m2/repository/io/dropwizard/metrics/metrics-core/3.2.4/metrics-core-3.2.4.jar:/home/runner/.m2/repository/org/apache/commons/commons-text/1.10.0/commons-text-1.10.0.jar:/home/runner/.m2/repository/org/bouncycastle/bcprov-jdk15on/1.67/bcprov-jdk15on-1.67.jar:/home/runner/.m2/repository/com/google/protobuf/protobuf-java/2.5.0/protobuf-java-2.5.0.jar:/home/runner/.m2/repository/org/apache/ozone/hdds-server-framework/1.4.0-SNAPSHOT/hdds-server-framework-1.4.0-SNAPSHOT-tests.jar:/home/runner/.m2/repository/org/apache/ozone/hdds-interface-server/1.4.0-SNAPSHOT/hdds-interface-server-1.4.0-SNAPSHOT.jar:/home/runner/.m2/repository/org/apache/ozone/hdds-interface-admin/1.4.0-SNAPSHOT/hdds-interface-admin-1.4.0-SNAPSHOT.jar:/home/runner/.m2/repository/org/apache/ozone/hdds-managed-rocksdb/1.4.0-SNAPSHOT/hdds-managed-rocksdb-1.4.0-SNAPSHOT.jar:/home/runner/.m2/repository/org/rocksdb/rocksdbjni/7.7.3/rocksdbjni-7.7.3.jar:/home/runner/.m2/repository/org/slf4j/slf4j-reload4j/1.7.36/slf4j-reload4j-1.7.36.jar:/home/runner/.m2/repository/org/apache/commons/commons-configuration2/2.1.1/commons-configuration2-2.1.1.jar:/home/runner/.m2/repository/commons-fileupload/commons-fileupload/1.5/commons-fileupload-1.5.jar:/home/runner/.m2/repository/org/apache/logging/log4j/log4j-core/2.17.1/log4j-core-2.17.1.jar:/home/runner/.m2/repository/com/lmax/disruptor/3.4.2/disruptor-3.4.2.jar:/home/runner/.m2/repository/org/eclipse/jetty/jetty-util/9.4.51.v20230217/jetty-util-9.4.51.v20230217.jar:/home/runner/.m2/repository/org/eclipse/jetty/jetty-server/9.4.51.v20230217/jetty-server-9.4.51.v20230217.jar:/home/runner/.m2/repository/org/eclipse/jetty/jetty-http/9.4.51.v20230217/jetty-http-9.4.51.v20230217.jar:/home/runner/.m2/repository/org/eclipse/jetty/jetty-io/9.4.51.v20230217/jetty-io-9.4.51.v20230217.jar:/home/runner/.m2/repository/org/eclipse/jetty/jetty-servlet/9.4.51.v20230217/jetty-servlet-9.4.51.v20230217.jar:/home/runner/.m2/repository/org/eclipse/jetty/jetty-security/9.4.51.v20230217/jetty-security-9.4.51.v20230217.jar:/home/runner/.m2/repository/org/eclipse/jetty/jetty-util-ajax/9.4.51.v20230217/jetty-util-ajax-9.4.51.v20230217.jar:/home/runner/.m2/repository/org/eclipse/jetty/jetty-webapp/9.4.51.v20230217/jetty-webapp-9.4.51.v20230217.jar:/home/runner/.m2/repository/org/eclipse/jetty/jetty-xml/9.4.51.v20230217/jetty-xml-9.4.51.v20230217.jar:/home/runner/.m2/repository/org/apache/ratis/ratis-server/2.5.1/ratis-server-2.5.1.jar:/home/runner/.m2/repository/org/apache/ratis/ratis-thirdparty-misc/1.0.4/ratis-thirdparty-misc-1.0.4.jar:/home/runner/.m2/repository/org/apache/ratis/ratis-proto/2.5.1/ratis-proto-2.5.1.jar:/home/runner/.m2/repository/org/apache/ratis/ratis-common/2.5.1/ratis-common-2.5.1.jar:/home/runner/.m2/repository/org/apache/ratis/ratis-client/2.5.1/ratis-client-2.5.1.jar:/home/runner/.m2/repository/org/apache/ratis/ratis-server-api/2.5.1/ratis-server-api-2.5.1.jar:/home/runner/.m2/repository/org/apache/ratis/ratis-metrics/2.5.1/ratis-metrics-2.5.1.jar:/home/runner/.m2/repository/io/prometheus/simpleclient_dropwizard/0.7.0/simpleclient_dropwizard-0.7.0.jar:/home/runner/.m2/repository/io/prometheus/simpleclient/0.7.0/simpleclient-0.7.0.jar:/home/runner/.m2/repository/io/prometheus/simpleclient_common/0.7.0/simpleclient_common-0.7.0.jar:/home/runner/.m2/repository/com/fasterxml/jackson/datatype/jackson-datatype-jsr310/2.13.4/jackson-datatype-jsr310-2.13.4.jar:/home/runner/.m2/repository/com/fasterxml/jackson/core/jackson-core/2.13.4/jackson-core-2.13.4.jar:/home/runner/.m2/repository/com/github/spotbugs/spotbugs-annotations/3.1.12/spotbugs-annotations-3.1.12.jar:/home/runner/.m2/repository/org/apache/ozone/rocksdb-checkpoint-differ/1.4.0-SNAPSHOT/rocksdb-checkpoint-differ-1.4.0-SNAPSHOT.jar:/home/runner/.m2/repository/org/awaitility/awaitility/4.2.0/awaitility-4.2.0.jar:/home/runner/.m2/repository/org/hamcrest/hamcrest/2.1/hamcrest-2.1.jar:/home/runner/.m2/repository/org/apache/ozone/ozone-manager/1.4.0-SNAPSHOT/ozone-manager-1.4.0-SNAPSHOT.jar:/home/runner/.m2/repository/org/aspectj/aspectjrt/1.9.7/aspectjrt-1.9.7.jar:/home/runner/.m2/repository/org/aspectj/aspectjweaver/1.9.7/aspectjweaver-1.9.7.jar:/home/runner/.m2/repository/org/apache/ozone/hdds-interface-client/1.4.0-SNAPSHOT/hdds-interface-client-1.4.0-SNAPSHOT.jar:/home/runner/.m2/repository/org/apache/hadoop/thirdparty/hadoop-shaded-protobuf_3_7/1.1.1/hadoop-shaded-protobuf_3_7-1.1.1.jar:/home/runner/.m2/repository/org/apache/ozone/ozone-interface-storage/1.4.0-SNAPSHOT/ozone-interface-storage-1.4.0-SNAPSHOT.jar:/home/runner/.m2/repository/org/reflections/reflections/0.9.11/reflections-0.9.11.jar:/home/runner/.m2/repository/com/sun/jersey/jersey-client/1.19/jersey-client-1.19.jar:/home/runner/.m2/repository/org/codehaus/jackson/jackson-core-asl/1.9.13/jackson-core-asl-1.9.13.jar:/home/runner/.m2/repository/org/codehaus/jackson/jackson-mapper-asl/1.9.13/jackson-mapper-asl-1.9.13.jar:/home/runner/.m2/repository/org/codehaus/jackson/jackson-jaxrs/1.9.13/jackson-jaxrs-1.9.13.jar:/home/runner/.m2/repository/org/apache/ranger/ranger-intg/2.3.0/ranger-intg-2.3.0.jar:/home/runner/.m2/repository/org/apache/ranger/ranger-plugins-common/2.3.0/ranger-plugins-common-2.3.0.jar:/home/runner/.m2/repository/commons-lang/commons-lang/2.6/commons-lang-2.6.jar:/home/runner/.m2/repository/org/apache/ranger/ranger-plugins-cred/2.3.0/ranger-plugins-cred-2.3.0.jar:/home/runner/.m2/repository/org/apache/ranger/ranger-plugins-audit/2.3.0/ranger-plugins-audit-2.3.0.jar:/home/runner/.m2/repository/org/eclipse/jetty/jetty-client/9.4.51.v20230217/jetty-client-9.4.51.v20230217.jar:/home/runner/.m2/repository/org/apache/httpcomponents/httpmime/4.5.6/httpmime-4.5.6.jar:/home/runner/.m2/repository/org/apache/httpcomponents/httpcore-nio/4.4.13/httpcore-nio-4.4.13.jar:/home/runner/.m2/repository/org/apache/httpcomponents/httpasyncclient/4.1.3/httpasyncclient-4.1.3.jar:/home/runner/.m2/repository/com/carrotsearch/hppc/0.8.0/hppc-0.8.0.jar:/home/runner/.m2/repository/org/apache/orc/orc-core/1.5.8/orc-core-1.5.8.jar:/home/runner/.m2/repository/net/java/dev/jna/jna/5.2.0/jna-5.2.0.jar:/home/runner/.m2/repository/net/java/dev/jna/jna-platform/5.2.0/jna-platform-5.2.0.jar:/home/runner/.m2/repository/com/kstruct/gethostname4j/0.0.2/gethostname4j-0.0.2.jar:/home/runner/.m2/repository/org/apache/ranger/ranger-plugin-classloader/2.3.0/ranger-plugin-classloader-2.3.0.jar:/home/runner/.m2/repository/org/apache/ozone/hdds-rocks-native/1.4.0-SNAPSHOT/hdds-rocks-native-1.4.0-SNAPSHOT.jar:/home/runner/.m2/repository/org/apache/hadoop/hadoop-minikdc/3.3.6/hadoop-minikdc-3.3.6.jar:/home/runner/.m2/repository/org/apache/kerby/kerb-simplekdc/1.0.1/kerb-simplekdc-1.0.1.jar:/home/runner/.m2/repository/org/apache/kerby/kerb-client/1.0.1/kerb-client-1.0.1.jar:/home/runner/.m2/repository/org/apache/kerby/kerby-config/1.0.1/kerby-config-1.0.1.jar:/home/runner/.m2/repository/org/apache/kerby/kerb-common/1.0.1/kerb-common-1.0.1.jar:/home/runner/.m2/repository/org/apache/kerby/kerb-crypto/1.0.1/kerb-crypto-1.0.1.jar:/home/runner/.m2/repository/org/apache/kerby/kerb-util/1.0.1/kerb-util-1.0.1.jar:/home/runner/.m2/repository/org/apache/kerby/token-provider/1.0.1/token-provider-1.0.1.jar:/home/runner/.m2/repository/org/apache/kerby/kerb-admin/1.0.1/kerb-admin-1.0.1.jar:/home/runner/.m2/repository/org/apache/kerby/kerb-server/1.0.1/kerb-server-1.0.1.jar:/home/runner/.m2/repository/org/apache/kerby/kerb-identity/1.0.1/kerb-identity-1.0.1.jar:/home/runner/.m2/repository/org/apache/kerby/kerby-xdr/1.0.1/kerby-xdr-1.0.1.jar:/home/runner/.m2/repository/org/apache/ozone/ozone-s3gateway/1.4.0-SNAPSHOT/ozone-s3gateway-1.4.0-SNAPSHOT.jar:/home/runner/.m2/repository/org/javassist/javassist/3.21.0-GA/javassist-3.21.0-GA.jar:/home/runner/.m2/repository/org/jboss/weld/servlet/weld-servlet-shaded/3.1.9.Final/weld-servlet-shaded-3.1.9.Final.jar:/home/runner/.m2/repository/org/glassfish/jersey/containers/jersey-container-servlet-core/2.34/jersey-container-servlet-core-2.34.jar:/home/runner/.m2/repository/org/glassfish/hk2/external/jakarta.inject/2.6.1/jakarta.inject-2.6.1.jar:/home/runner/.m2/repository/org/glassfish/jersey/core/jersey-common/2.34/jersey-common-2.34.jar:/home/runner/.m2/repository/jakarta/ws/rs/jakarta.ws.rs-api/2.1.6/jakarta.ws.rs-api-2.1.6.jar:/home/runner/.m2/repository/org/glassfish/jersey/ext/cdi/jersey-cdi1x/2.34/jersey-cdi1x-2.34.jar:/home/runner/.m2/repository/org/glassfish/jersey/inject/jersey-hk2/2.34/jersey-hk2-2.34.jar:/home/runner/.m2/repository/org/glassfish/hk2/hk2-locator/2.6.1/hk2-locator-2.6.1.jar:/home/runner/.m2/repository/org/glassfish/jersey/media/jersey-media-jaxb/2.34/jersey-media-jaxb-2.34.jar:/home/runner/.m2/repository/org/glassfish/hk2/osgi-resource-locator/1.0.3/osgi-resource-locator-1.0.3.jar:/home/runner/.m2/repository/org/glassfish/hk2/hk2-api/2.5.0/hk2-api-2.5.0.jar:/home/runner/.m2/repository/org/glassfish/hk2/hk2-utils/2.5.0/hk2-utils-2.5.0.jar:/home/runner/.m2/repository/org/glassfish/hk2/external/aopalliance-repackaged/2.5.0/aopalliance-repackaged-2.5.0.jar:/home/runner/.m2/repository/com/fasterxml/jackson/dataformat/jackson-dataformat-xml/2.13.4/jackson-dataformat-xml-2.13.4.jar:/home/runner/.m2/repository/org/codehaus/woodstox/stax2-api/4.2.1/stax2-api-4.2.1.jar:/home/runner/.m2/repository/com/fasterxml/woodstox/woodstox-core/5.4.0/woodstox-core-5.4.0.jar:/home/runner/.m2/repository/com/fasterxml/jackson/module/jackson-module-jaxb-annotations/2.13.4/jackson-module-jaxb-annotations-2.13.4.jar:/home/runner/.m2/repository/jakarta/xml/bind/jakarta.xml.bind-api/2.3.3/jakarta.xml.bind-api-2.3.3.jar:/home/runner/.m2/repository/jakarta/activation/jakarta.activation-api/1.2.2/jakarta.activation-api-1.2.2.jar:/home/runner/.m2/repository/javax/enterprise/cdi-api/2.0/cdi-api-2.0.jar:/home/runner/.m2/repository/javax/el/javax.el-api/3.0.0/javax.el-api-3.0.0.jar:/home/runner/.m2/repository/javax/interceptor/javax.interceptor-api/1.2/javax.interceptor-api-1.2.jar:/home/runner/.m2/repository/javax/inject/javax.inject/1/javax.inject-1.jar:/home/runner/.m2/repository/javax/xml/bind/jaxb-api/2.3.0/jaxb-api-2.3.0.jar:/home/runner/.m2/repository/org/glassfish/jaxb/jaxb-runtime/2.3.0.1/jaxb-runtime-2.3.0.1.jar:/home/runner/.m2/repository/org/glassfish/jaxb/jaxb-core/2.3.0.1/jaxb-core-2.3.0.1.jar:/home/runner/.m2/repository/org/glassfish/jaxb/txw2/2.3.0.1/txw2-2.3.0.1.jar:/home/runner/.m2/repository/com/sun/istack/istack-commons-runtime/3.0.5/istack-commons-runtime-3.0.5.jar:/home/runner/.m2/repository/org/jvnet/staxex/stax-ex/1.7.8/stax-ex-1.7.8.jar:/home/runner/.m2/repository/com/sun/xml/fastinfoset/FastInfoset/1.2.13/FastInfoset-1.2.13.jar:/home/runner/.m2/repository/javax/activation/activation/1.1.1/activation-1.1.1.jar:/home/runner/.m2/repository/io/grpc/grpc-protobuf/1.51.1/grpc-protobuf-1.51.1.jar:/home/runner/.m2/repository/com/google/api/grpc/proto-google-common-protos/2.9.0/proto-google-common-protos-2.9.0.jar:/home/runner/.m2/repository/io/grpc/grpc-protobuf-lite/1.51.1/grpc-protobuf-lite-1.51.1.jar:/home/runner/.m2/repository/io/grpc/grpc-stub/1.51.1/grpc-stub-1.51.1.jar:/home/runner/.m2/repository/io/netty/netty-transport/4.1.86.Final/netty-transport-4.1.86.Final.jar:/home/runner/.m2/repository/io/netty/netty-resolver/4.1.86.Final/netty-resolver-4.1.86.Final.jar:/home/runner/.m2/repository/org/apache/ozone/ozone-csi/1.4.0-SNAPSHOT/ozone-csi-1.4.0-SNAPSHOT.jar:/home/runner/.m2/repository/com/google/protobuf/protobuf-java-util/3.19.6/protobuf-java-util-3.19.6.jar:/home/runner/.m2/repository/com/google/code/gson/gson/2.9.0/gson-2.9.0.jar:/home/runner/.m2/repository/org/apache/ozone/hdds-config/1.4.0-SNAPSHOT/hdds-config-1.4.0-SNAPSHOT.jar:/home/runner/.m2/repository/io/netty/netty-transport-native-epoll/4.1.86.Final/netty-transport-native-epoll-4.1.86.Final-linux-x86_64.jar:/home/runner/.m2/repository/io/netty/netty-transport-classes-epoll/4.1.86.Final/netty-transport-classes-epoll-4.1.86.Final.jar:/home/runner/.m2/repository/io/netty/netty-transport-native-unix-common/4.1.86.Final/netty-transport-native-unix-common-4.1.86.Final.jar:/home/runner/.m2/repository/org/apache/ozone/ozone-recon/1.4.0-SNAPSHOT/ozone-recon-1.4.0-SNAPSHOT.jar:/home/runner/.m2/repository/org/apache/ozone/ozone-reconcodegen/1.4.0-SNAPSHOT/ozone-reconcodegen-1.4.0-SNAPSHOT.jar:/home/runner/.m2/repository/com/google/inject/guice/5.1.0/guice-5.1.0.jar:/home/runner/.m2/repository/aopalliance/aopalliance/1.0/aopalliance-1.0.jar:/home/runner/.m2/repository/com/google/inject/extensions/guice-assistedinject/5.1.0/guice-assistedinject-5.1.0.jar:/home/runner/.m2/repository/com/google/inject/extensions/guice-servlet/5.1.0/guice-servlet-5.1.0.jar:/home/runner/.m2/repository/org/glassfish/jersey/containers/jersey-container-servlet/2.34/jersey-container-servlet-2.34.jar:/home/runner/.m2/repository/org/glassfish/hk2/guice-bridge/2.5.0/guice-bridge-2.5.0.jar:/home/runner/.m2/repository/org/glassfish/jersey/core/jersey-server/2.34/jersey-server-2.34.jar:/home/runner/.m2/repository/org/glassfish/jersey/core/jersey-client/2.34/jersey-client-2.34.jar:/home/runner/.m2/repository/jakarta/annotation/jakarta.annotation-api/1.3.5/jakarta.annotation-api-1.3.5.jar:/home/runner/.m2/repository/jakarta/validation/jakarta.validation-api/2.0.2/jakarta.validation-api-2.0.2.jar:/home/runner/.m2/repository/org/glassfish/jersey/media/jersey-media-json-jackson/2.34/jersey-media-json-jackson-2.34.jar:/home/runner/.m2/repository/org/glassfish/jersey/ext/jersey-entity-filtering/2.34/jersey-entity-filtering-2.34.jar:/home/runner/.m2/repository/org/jooq/jooq/3.11.10/jooq-3.11.10.jar:/home/runner/.m2/repository/org/jooq/jooq-meta/3.11.10/jooq-meta-3.11.10.jar:/home/runner/.m2/repository/org/jooq/jooq-codegen/3.11.10/jooq-codegen-3.11.10.jar:/home/runner/.m2/repository/com/jolbox/bonecp/0.8.0.RELEASE/bonecp-0.8.0.RELEASE.jar:/home/runner/.m2/repository/org/apache/derby/derby/10.14.2.0/derby-10.14.2.0.jar:/home/runner/.m2/repository/org/xerial/sqlite-jdbc/3.41.2.2/sqlite-jdbc-3.41.2.2.jar:/home/runner/.m2/repository/org/springframework/spring-jdbc/5.3.27/spring-jdbc-5.3.27.jar:/home/runner/.m2/repository/org/springframework/spring-beans/5.3.27/spring-beans-5.3.27.jar:/home/runner/.m2/repository/org/springframework/spring-core/5.3.27/spring-core-5.3.27.jar:/home/runner/.m2/repository/org/springframework/spring-tx/5.3.27/spring-tx-5.3.27.jar:/home/runner/.m2/repository/org/apache/ozone/ozone-client/1.4.0-SNAPSHOT/ozone-client-1.4.0-SNAPSHOT.jar:/home/runner/.m2/repository/org/apache/ozone/hdds-erasurecode/1.4.0-SNAPSHOT/hdds-erasurecode-1.4.0-SNAPSHOT.jar:/home/runner/.m2/repository/org/apache/ozone/ozone-filesystem/1.4.0-SNAPSHOT/ozone-filesystem-1.4.0-SNAPSHOT.jar:/home/runner/.m2/repository/org/apache/ozone/ozone-filesystem-common/1.4.0-SNAPSHOT/ozone-filesystem-common-1.4.0-SNAPSHOT.jar:/home/runner/.m2/repository/org/apache/ozone/ozone-tools/1.4.0-SNAPSHOT/ozone-tools-1.4.0-SNAPSHOT.jar:/home/runner/.m2/repository/com/amazonaws/aws-java-sdk-core/1.12.261/aws-java-sdk-core-1.12.261.jar:/home/runner/.m2/repository/org/apache/httpcomponents/httpclient/4.5.13/httpclient-4.5.13.jar:/home/runner/.m2/repository/org/apache/httpcomponents/httpcore/4.4.13/httpcore-4.4.13.jar:/home/runner/.m2/repository/software/amazon/ion/ion-java/1.0.2/ion-java-1.0.2.jar:/home/runner/.m2/repository/com/fasterxml/jackson/dataformat/jackson-dataformat-cbor/2.13.4/jackson-dataformat-cbor-2.13.4.jar:/home/runner/.m2/repository/joda-time/joda-time/2.10.6/joda-time-2.10.6.jar:/home/runner/.m2/repository/com/amazonaws/aws-java-sdk-s3/1.12.261/aws-java-sdk-s3-1.12.261.jar:/home/runner/.m2/repository/com/amazonaws/aws-java-sdk-kms/1.12.261/aws-java-sdk-kms-1.12.261.jar:/home/runner/.m2/repository/com/amazonaws/jmespath-java/1.12.261/jmespath-java-1.12.261.jar:/home/runner/.m2/repository/org/kohsuke/metainf-services/metainf-services/1.8/metainf-services-1.8.jar:/home/runner/.m2/repository/org/apache/ozone/hdds-tools/1.4.0-SNAPSHOT/hdds-tools-1.4.0-SNAPSHOT.jar:/home/runner/.m2/repository/org/apache/ratis/ratis-tools/2.5.1/ratis-tools-2.5.1.jar:/home/runner/.m2/repository/commons-cli/commons-cli/1.2/commons-cli-1.2.jar:/home/runner/.m2/repository/org/apache/commons/commons-lang3/3.7/commons-lang3-3.7.jar:/home/runner/.m2/repository/org/apache/ozone/ozone-manager/1.4.0-SNAPSHOT/ozone-manager-1.4.0-SNAPSHOT-tests.jar:/home/runner/.m2/repository/org/apache/ozone/hdds-common/1.4.0-SNAPSHOT/hdds-common-1.4.0-SNAPSHOT-tests.jar:/home/runner/.m2/repository/org/apache/ozone/hdds-hadoop-dependency-client/1.4.0-SNAPSHOT/hdds-hadoop-dependency-client-1.4.0-SNAPSHOT.jar:/home/runner/.m2/repository/info/picocli/picocli/4.6.1/picocli-4.6.1.jar:/home/runner/.m2/repository/com/fasterxml/jackson/core/jackson-annotations/2.13.4/jackson-annotations-2.13.4.jar:/home/runner/.m2/repository/org/apache/ozone/hdds-annotation-processing/1.4.0-SNAPSHOT/hdds-annotation-processing-1.4.0-SNAPSHOT.jar:/home/runner/.m2/repository/javax/annotation/javax.annotation-api/1.2/javax.annotation-api-1.2.jar:/home/runner/.m2/repository/org/apache/ratis/ratis-netty/2.5.1/ratis-netty-2.5.1.jar:/home/runner/.m2/repository/org/apache/ratis/ratis-grpc/2.5.1/ratis-grpc-2.5.1.jar:/home/runner/.m2/repository/org/apache/logging/log4j/log4j-api/2.17.1/log4j-api-2.17.1.jar:/home/runner/.m2/repository/org/apache/commons/commons-pool2/2.6.0/commons-pool2-2.6.0.jar:/home/runner/.m2/repository/org/bouncycastle/bcpkix-jdk15on/1.67/bcpkix-jdk15on-1.67.jar:/home/runner/.m2/repository/commons-validator/commons-validator/1.6/commons-validator-1.6.jar:/home/runner/.m2/repository/commons-beanutils/commons-beanutils/1.9.4/commons-beanutils-1.9.4.jar:/home/runner/.m2/repository/commons-digester/commons-digester/1.8.1/commons-digester-1.8.1.jar:/home/runner/.m2/repository/commons-collections/commons-collections/3.2.2/commons-collections-3.2.2.jar:/home/runner/.m2/repository/io/jaegertracing/jaeger-client/1.6.0/jaeger-client-1.6.0.jar:/home/runner/.m2/repository/io/jaegertracing/jaeger-thrift/1.6.0/jaeger-thrift-1.6.0.jar:/home/runner/.m2/repository/org/apache/thrift/libthrift/0.14.1/libthrift-0.14.1.jar:/home/runner/.m2/repository/io/jaegertracing/jaeger-core/1.6.0/jaeger-core-1.6.0.jar:/home/runner/.m2/repository/io/jaegertracing/jaeger-tracerresolver/1.6.0/jaeger-tracerresolver-1.6.0.jar:/home/runner/.m2/repository/io/opentracing/contrib/opentracing-tracerresolver/0.1.8/opentracing-tracerresolver-0.1.8.jar:/home/runner/.m2/repository/org/jetbrains/kotlin/kotlin-stdlib/1.6.21/kotlin-stdlib-1.6.21.jar:/home/runner/.m2/repository/org/jetbrains/annotations/13.0/annotations-13.0.jar:/home/runner/.m2/repository/io/opentracing/opentracing-util/0.33.0/opentracing-util-0.33.0.jar:/home/runner/.m2/repository/io/opentracing/opentracing-api/0.33.0/opentracing-api-0.33.0.jar:/home/runner/.m2/repository/io/opentracing/opentracing-noop/0.33.0/opentracing-noop-0.33.0.jar:/home/runner/.m2/repository/org/yaml/snakeyaml/2.0/snakeyaml-2.0.jar:/home/runner/.m2/repository/io/grpc/grpc-api/1.51.1/grpc-api-1.51.1.jar:/home/runner/.m2/repository/io/grpc/grpc-context/1.51.1/grpc-context-1.51.1.jar:/home/runner/.m2/repository/junit/junit/4.13.1/junit-4.13.1.jar:/home/runner/.m2/repository/org/hamcrest/hamcrest-core/1.3/hamcrest-core-1.3.jar:/home/runner/.m2/repository/org/junit/jupiter/junit-jupiter-api/5.8.2/junit-jupiter-api-5.8.2.jar:/home/runner/.m2/repository/org/opentest4j/opentest4j/1.2.0/opentest4j-1.2.0.jar:/home/runner/.m2/repository/org/junit/platform/junit-platform-commons/1.8.2/junit-platform-commons-1.8.2.jar:/home/runner/.m2/repository/org/apiguardian/apiguardian-api/1.1.2/apiguardian-api-1.1.2.jar:/home/runner/.m2/repository/org/junit/jupiter/junit-jupiter-params/5.8.2/junit-jupiter-params-5.8.2.jar:/home/runner/.m2/repository/org/junit/jupiter/junit-jupiter-migrationsupport/5.8.2/junit-jupiter-migrationsupport-5.8.2.jar:/home/runner/.m2/repository/org/junit/jupiter/junit-jupiter-engine/5.8.2/junit-jupiter-engine-5.8.2.jar:/home/runner/.m2/repository/org/junit/platform/junit-platform-engine/1.8.2/junit-platform-engine-1.8.2.jar:/home/runner/.m2/repository/org/junit/vintage/junit-vintage-engine/5.8.2/junit-vintage-engine-5.8.2.jar:/home/runner/.m2/repository/org/junit/platform/junit-platform-launcher/1.8.2/junit-platform-launcher-1.8.2.jar:/home/runner/.m2/repository/org/mockito/mockito-core/3.5.9/mockito-core-3.5.9.jar:/home/runner/.m2/repository/net/bytebuddy/byte-buddy/1.10.13/byte-buddy-1.10.13.jar:/home/runner/.m2/repository/net/bytebuddy/byte-buddy-agent/1.10.13/byte-buddy-agent-1.10.13.jar:/home/runner/.m2/repository/org/objenesis/objenesis/1.0/objenesis-1.0.jar:/home/runner/.m2/repository/org/apache/hadoop/hadoop-kms/3.3.6/hadoop-kms-3.3.6.jar:/home/runner/.m2/repository/org/apache/hadoop/hadoop-auth/3.3.6/hadoop-auth-3.3.6.jar:/home/runner/.m2/repository/com/nimbusds/nimbus-jose-jwt/9.8.1/nimbus-jose-jwt-9.8.1.jar:/home/runner/.m2/repository/com/github/stephenc/jcip/jcip-annotations/1.0-1/jcip-annotations-1.0-1.jar:/home/runner/.m2/repository/org/apache/zookeeper/zookeeper/3.5.6/zookeeper-3.5.6.jar:/home/runner/.m2/repository/org/apache/zookeeper/zookeeper-jute/3.5.6/zookeeper-jute-3.5.6.jar:/home/runner/.m2/repository/org/apache/yetus/audience-annotations/0.5.0/audience-annotations-0.5.0.jar:/home/runner/.m2/repository/org/apache/curator/curator-framework/4.2.0/curator-framework-4.2.0.jar:/home/runner/.m2/repository/org/apache/hadoop/thirdparty/hadoop-shaded-guava/1.1.1/hadoop-shaded-guava-1.1.1.jar:/home/runner/.m2/repository/com/sun/jersey/jersey-core/1.19/jersey-core-1.19.jar:/home/runner/.m2/repository/javax/ws/rs/jsr311-api/1.1.1/jsr311-api-1.1.1.jar:/home/runner/.m2/repository/com/sun/jersey/jersey-server/1.19/jersey-server-1.19.jar:/home/runner/.m2/repository/javax/servlet/javax.servlet-api/3.1.0/javax.servlet-api-3.1.0.jar:/home/runner/.m2/repository/org/apache/hadoop/hadoop-common/3.3.6/hadoop-common-3.3.6.jar:/home/runner/.m2/repository/org/apache/commons/commons-math3/3.1.1/commons-math3-3.1.1.jar:/home/runner/.m2/repository/commons-net/commons-net/3.9.0/commons-net-3.9.0.jar:/home/runner/.m2/repository/com/sun/jersey/jersey-servlet/1.19/jersey-servlet-1.19.jar:/home/runner/.m2/repository/com/github/pjfanning/jersey-json/1.20/jersey-json-1.20.jar:/home/runner/.m2/repository/org/codehaus/jettison/jettison/1.1/jettison-1.1.jar:/home/runner/.m2/repository/com/sun/xml/bind/jaxb-impl/2.2.3-1/jaxb-impl-2.2.3-1.jar:/home/runner/.m2/repository/com/google/re2j/re2j/1.1/re2j-1.1.jar:/home/runner/.m2/repository/com/jcraft/jsch/0.1.54/jsch-0.1.54.jar:/home/runner/.m2/repository/org/apache/curator/curator-client/4.2.0/curator-client-4.2.0.jar:/home/runner/.m2/repository/org/apache/curator/curator-recipes/5.2.0/curator-recipes-5.2.0.jar:/home/runner/.m2/repository/org/apache/kerby/kerb-core/1.0.1/kerb-core-1.0.1.jar:/home/runner/.m2/repository/org/apache/kerby/kerby-pkix/1.0.1/kerby-pkix-1.0.1.jar:/home/runner/.m2/repository/org/apache/kerby/kerby-asn1/1.0.1/kerby-asn1-1.0.1.jar:/home/runner/.m2/repository/org/apache/kerby/kerby-util/1.0.1/kerby-util-1.0.1.jar:/home/runner/.m2/repository/dnsjava/dnsjava/2.1.7/dnsjava-2.1.7.jar:/home/runner/.m2/repository/org/xerial/snappy/snappy-java/1.1.8.2/snappy-java-1.1.8.2.jar:/home/runner/.m2/repository/com/fasterxml/jackson/core/jackson-databind/2.13.4.2/jackson-databind-2.13.4.2.jar:/home/runner/.m2/repository/org/apache/hadoop/hadoop-kms/3.3.6/hadoop-kms-3.3.6-tests.jar:/home/runner/.m2/repository/org/apache/ozone/hdds-server-scm/1.4.0-SNAPSHOT/hdds-server-scm-1.4.0-SNAPSHOT-tests.jar:/home/runner/.m2/repository/org/apache/ozone/hdds-container-service/1.4.0-SNAPSHOT/hdds-container-service-1.4.0-SNAPSHOT-tests.jar:/home/runner/.m2/repository/com/github/luben/zstd-jni/1.5.2-5/zstd-jni-1.5.2-5.jar:/home/runner/.m2/repository/commons-codec/commons-codec/1.15/commons-codec-1.15.jar:/home/runner/.m2/repository/io/netty/netty-codec/4.1.86.Final/netty-codec-4.1.86.Final.jar:/home/runner/.m2/repository/io/netty/netty-handler/4.1.86.Final/netty-handler-4.1.86.Final.jar:/home/runner/.m2/repository/org/apache/ozone/hdds-hadoop-dependency-test/1.4.0-SNAPSHOT/hdds-hadoop-dependency-test-1.4.0-SNAPSHOT.jar:/home/runner/.m2/repository/org/apache/hadoop/hadoop-common/3.3.6/hadoop-common-3.3.6-tests.jar:/home/runner/.m2/repository/org/apache/hadoop/hadoop-hdfs/3.3.6/hadoop-hdfs-3.3.6-tests.jar:/home/runner/.m2/repository/org/assertj/assertj-core/3.12.2/assertj-core-3.12.2.jar:/home/runner/.m2/repository/org/apache/hadoop/hadoop-distcp/3.3.6/hadoop-distcp-3.3.6.jar:/home/runner/.m2/repository/org/apache/hadoop/hadoop-mapreduce-client-jobclient/3.3.6/hadoop-mapreduce-client-jobclient-3.3.6.jar:/home/runner/.m2/repository/org/apache/hadoop/hadoop-mapreduce-client-common/3.3.6/hadoop-mapreduce-client-common-3.3.6.jar:/home/runner/.m2/repository/org/apache/hadoop/hadoop-yarn-common/3.3.6/hadoop-yarn-common-3.3.6.jar:/home/runner/.m2/repository/org/apache/hadoop/hadoop-yarn-api/3.3.6/hadoop-yarn-api-3.3.6.jar:/home/runner/.m2/repository/com/sun/jersey/contribs/jersey-guice/1.19/jersey-guice-1.19.jar:/home/runner/.m2/repository/com/fasterxml/jackson/jaxrs/jackson-jaxrs-json-provider/2.13.4/jackson-jaxrs-json-provider-2.13.4.jar:/home/runner/.m2/repository/com/fasterxml/jackson/jaxrs/jackson-jaxrs-base/2.13.4/jackson-jaxrs-base-2.13.4.jar:/home/runner/.m2/repository/org/apache/hadoop/hadoop-yarn-client/3.3.6/hadoop-yarn-client-3.3.6.jar:/home/runner/.m2/repository/org/eclipse/jetty/websocket/websocket-client/9.4.51.v20230217/websocket-client-9.4.51.v20230217.jar:/home/runner/.m2/repository/org/eclipse/jetty/websocket/websocket-common/9.4.51.v20230217/websocket-common-9.4.51.v20230217.jar:/home/runner/.m2/repository/org/eclipse/jetty/websocket/websocket-api/9.4.51.v20230217/websocket-api-9.4.51.v20230217.jar:/home/runner/.m2/repository/org/jline/jline/3.9.0/jline-3.9.0.jar:/home/runner/.m2/repository/org/apache/hadoop/hadoop-mapreduce-client-core/3.3.6/hadoop-mapreduce-client-core-3.3.6.jar:/home/runner/.m2/repository/org/apache/avro/avro/1.7.7/avro-1.7.7.jar:/home/runner/.m2/repository/com/thoughtworks/paranamer/paranamer/2.3/paranamer-2.3.jar:/home/runner/.m2/repository/org/apache/hadoop/hadoop-annotations/3.3.6/hadoop-annotations-3.3.6.jar:/usr/lib/jvm/temurin-8-jdk-amd64/jre/../lib/tools.jar:/home/runner/.m2/repository/io/netty/netty/3.10.6.Final/netty-3.10.6.Final.jar:/home/runner/.m2/repository/org/apache/hadoop/hadoop-distcp/3.3.6/hadoop-distcp-3.3.6-tests.jar:/home/runner/.m2/repository/org/slf4j/jul-to-slf4j/1.7.36/jul-to-slf4j-1.7.36.jar:"/>
    <property name="sun.cpu.endian" value="little"/>
    <property name="user.home" value="/home/runner"/>
    <property name="user.language" value="en"/>
    <property name="java.specification.vendor" value="Oracle Corporation"/>
    <property name="java.home" value="/usr/lib/jvm/temurin-8-jdk-amd64/jre"/>
    <property name="java.security.krb5.conf" value="/home/runner/work/ozone/ozone/hadoop-ozone/integration-test/target/test-classes/krb5.conf"/>
    <property name="basedir" value="/home/runner/work/ozone/ozone/hadoop-ozone/integration-test"/>
    <property name="file.separator" value="/"/>
    <property name="line.separator" value="&#10;"/>
    <property name="java.vm.specification.vendor" value="Oracle Corporation"/>
    <property name="java.specification.name" value="Java Platform API Specification"/>
    <property name="java.awt.graphicsenv" value="sun.awt.X11GraphicsEnvironment"/>
    <property name="skip.installnpx" value="true"/>
    <property name="surefire.real.class.path" value="/home/runner/work/ozone/ozone/hadoop-ozone/integration-test/target/surefire/surefirebooter6641129156544490593.jar:/home/runner/.m2/repository/org/jacoco/org.jacoco.agent/0.8.5/org.jacoco.agent-0.8.5-runtime.jar"/>
    <property name="hadoop.log.dir" value="/home/runner/work/ozone/ozone/hadoop-ozone/integration-test/target/log"/>
    <property name="sun.boot.class.path" value="/usr/lib/jvm/temurin-8-jdk-amd64/jre/lib/resources.jar:/usr/lib/jvm/temurin-8-jdk-amd64/jre/lib/rt.jar:/usr/lib/jvm/temurin-8-jdk-amd64/jre/lib/sunrsasign.jar:/usr/lib/jvm/temurin-8-jdk-amd64/jre/lib/jsse.jar:/usr/lib/jvm/temurin-8-jdk-amd64/jre/lib/jce.jar:/usr/lib/jvm/temurin-8-jdk-amd64/jre/lib/charsets.jar:/usr/lib/jvm/temurin-8-jdk-amd64/jre/lib/jfr.jar:/usr/lib/jvm/temurin-8-jdk-amd64/jre/classes"/>
    <property name="sun.management.compiler" value="HotSpot 64-Bit Tiered Compilers"/>
    <property name="skip.npx" value="true"/>
    <property name="java.runtime.version" value="1.8.0_372-b07"/>
    <property name="java.net.preferIPv4Stack" value="true"/>
    <property name="user.name" value="runner"/>
    <property name="path.separator" value=":"/>
    <property name="java.security.egd" value="file:///dev/urandom"/>
    <property name="os.version" value="5.15.0-1040-azure"/>
    <property name="java.endorsed.dirs" value="/usr/lib/jvm/temurin-8-jdk-amd64/jre/lib/endorsed"/>
    <property name="java.runtime.name" value="OpenJDK Runtime Environment"/>
    <property name="file.encoding" value="UTF-8"/>
    <property name="java.vm.name" value="OpenJDK 64-Bit Server VM"/>
    <property name="test.build.webapps" value=""/>
    <property name="localRepository" value="/home/runner/.m2/repository"/>
    <property name="jetty.git.hash" value="b45c405e4544384de066f814ed42ae3dceacdd49"/>
    <property name="java.vendor.url.bug" value="https://github.com/adoptium/adoptium-support/issues"/>
    <property name="java.io.tmpdir" value="/tmp"/>
    <property name="require.test.libhadoop" value=""/>
    <property name="java.version" value="1.8.0_372"/>
    <property name="user.dir" value="/home/runner/work/ozone/ozone/hadoop-ozone/integration-test"/>
    <property name="os.arch" value="amd64"/>
    <property name="java.vm.specification.name" value="Java Virtual Machine Specification"/>
    <property name="test.build.classes" value="/home/runner/work/ozone/ozone/hadoop-ozone/integration-test/target/test-classes"/>
    <property name="java.awt.printerjob" value="sun.print.PSPrinterJob"/>
    <property name="sun.os.patch.level" value="unknown"/>
    <property name="org.apache.ratis.thirdparty.io.netty.allocator.useCacheForAllThreads" value="false"/>
    <property name="hadoop.tmp.dir" value="/home/runner/work/ozone/ozone/hadoop-ozone/integration-test/target/tmp"/>
    <property name="java.library.path" value="/usr/java/packages/lib/amd64:/usr/lib64:/lib64:/lib:/usr/lib"/>
    <property name="java.vm.info" value="mixed mode"/>
    <property name="java.vendor" value="Temurin"/>
    <property name="java.vm.version" value="25.372-b07"/>
    <property name="java.specification.maintenance.version" value="4"/>
    <property name="java.ext.dirs" value="/usr/lib/jvm/temurin-8-jdk-amd64/jre/lib/ext:/usr/java/packages/lib/ext"/>
    <property name="sun.io.unicode.encoding" value="UnicodeLittle"/>
    <property name="java.class.version" value="52.0"/>
  </properties>
  <testcase name="testContainerReplicationWithLegacyReplicationManagerDisabled" classname="TestContainerReplication" time="41.835">
    <system-out><![CDATA[2023-07-05 13:41:32,385 [Time-limited test] WARN  server.ServerUtils (ServerUtils.java:getScmDbDir(155)) - ozone.scm.db.dirs is not configured. We recommend adding this setting. Falling back to ozone.metadata.dirs instead.
2023-07-05 13:41:32,653 [Time-limited test] INFO  reflections.Reflections (Reflections.java:scan(232)) - Reflections took 201 ms to scan 7 urls, producing 160 keys and 376 values 
2023-07-05 13:41:32,835 [Time-limited test] WARN  server.ServerUtils (ServerUtils.java:getScmDbDir(155)) - ozone.scm.db.dirs is not configured. We recommend adding this setting. Falling back to ozone.metadata.dirs instead.
2023-07-05 13:41:32,838 [Time-limited test] INFO  ha.SCMHANodeDetails (SCMHANodeDetails.java:loadSCMHAConfig(210)) - ServiceID for StorageContainerManager is null
2023-07-05 13:41:32,848 [Time-limited test] WARN  ha.SCMHANodeDetails (SCMHANodeDetails.java:validateSCMHAConfig(183)) - Invalid config ozone.scm.ratis.enable. The config was not specified, but the default value true conflicts with the expected config value false. Falling back to the expected value. Current State of SCM: SCM is running in Non-HA without Ratis Ratis SCM -> Non Ratis SCM or Non HA SCM -> HA SCM is not supported
2023-07-05 13:41:32,848 [Time-limited test] INFO  ha.SCMHANodeDetails (SCMHANodeDetails.java:loadSCMHAConfig(215)) - ozone.scm.default.service.id is not defined, falling back to ozone.scm.service.ids to find serviceID for StorageContainerManager if it is HA enabled cluster
2023-07-05 13:41:33,567 [Time-limited test] WARN  utils.HAUtils (HAUtils.java:getMetaDir(339)) - ozone.scm.db.dirs is not configured. We recommend adding this setting. Falling back to ozone.metadata.dirs instead.
2023-07-05 13:41:33,732 [Time-limited test] WARN  db.DBStoreBuilder (DBStoreBuilder.java:applyDBDefinition(166)) - ozone.scm.db.dirs is not configured. We recommend adding this setting. Falling back to ozone.metadata.dirs instead.
2023-07-05 13:41:34,009 [Time-limited test] INFO  net.NodeSchemaLoader (NodeSchemaLoader.java:loadSchemaFromFile(129)) - Loading schema from [jar:file:/home/runner/.m2/repository/org/apache/ozone/hdds-common/1.4.0-SNAPSHOT/hdds-common-1.4.0-SNAPSHOT.jar!/network-topology-default.xml]
2023-07-05 13:41:34,013 [Time-limited test] INFO  net.NodeSchemaLoader (NodeSchemaLoader.java:loadSchema(176)) - Loading network topology layer schema file
2023-07-05 13:41:34,065 [Time-limited test] INFO  metrics.MetricRegistries (MetricRegistriesLoader.java:load(64)) - Loaded MetricRegistries class org.apache.ratis.metrics.impl.MetricRegistriesImpl
2023-07-05 13:41:34,090 [Time-limited test] INFO  upgrade.AbstractLayoutVersionManager (AbstractLayoutVersionManager.java:init(83)) - Initializing Layout version manager with metadata layout = HADOOP_PRC_PORTS_IN_DATANODEDETAILS (version = 7), software layout = HADOOP_PRC_PORTS_IN_DATANODEDETAILS (version = 7)
2023-07-05 13:41:34,336 [Time-limited test] INFO  ha.SequenceIdGenerator (SequenceIdGenerator.java:upgradeToSequenceId(354)) - upgrade localId to 111677748019200000
2023-07-05 13:41:34,337 [Time-limited test] INFO  ha.SequenceIdGenerator (SequenceIdGenerator.java:upgradeToSequenceId(364)) - upgrade delTxnId to 0
2023-07-05 13:41:34,345 [Time-limited test] INFO  ha.SequenceIdGenerator (SequenceIdGenerator.java:upgradeToSequenceId(381)) - upgrade containerId to 0
2023-07-05 13:41:34,348 [Time-limited test] INFO  ha.SequenceIdGenerator (SequenceIdGenerator.java:upgradeToSequenceId(417)) - upgrade rootCertificateId to 1
2023-07-05 13:41:34,351 [Time-limited test] INFO  ha.SequenceIdGenerator (SequenceIdGenerator.java:<init>(225)) - Init the HA SequenceIdGenerator.
2023-07-05 13:41:34,439 [Time-limited test] INFO  node.SCMNodeManager (SCMNodeManager.java:<init>(157)) - Entering startup safe mode.
2023-07-05 13:41:34,459 [Time-limited test] INFO  algorithms.ContainerPlacementPolicyFactory (ContainerPlacementPolicyFactory.java:getPolicyInternal(86)) - Create container placement policy of type org.apache.hadoop.hdds.scm.container.placement.algorithms.SCMContainerPlacementRackAware
2023-07-05 13:41:34,463 [Time-limited test] INFO  algorithms.ContainerPlacementPolicyFactory (ContainerPlacementPolicyFactory.java:getPolicyInternal(86)) - Create container placement policy of type org.apache.hadoop.hdds.scm.container.placement.algorithms.SCMContainerPlacementRackScatter
2023-07-05 13:41:34,475 [Time-limited test] INFO  pipeline.PipelineStateManagerImpl (PipelineStateManagerImpl.java:initialize(78)) - No pipeline exists in current db
2023-07-05 13:41:34,491 [Time-limited test] INFO  algorithms.LeaderChoosePolicyFactory (LeaderChoosePolicyFactory.java:getPolicy(57)) - Create leader choose policy of type org.apache.hadoop.hdds.scm.pipeline.leader.choose.algorithms.MinLeaderCountChoosePolicy
2023-07-05 13:41:34,492 [Time-limited test] INFO  algorithms.ContainerPlacementPolicyFactory (ContainerPlacementPolicyFactory.java:getPolicyInternal(86)) - Create container placement policy of type org.apache.hadoop.hdds.scm.container.placement.algorithms.SCMContainerPlacementRackScatter
2023-07-05 13:41:34,499 [Time-limited test] INFO  ha.SCMServiceManager (SCMServiceManager.java:register(42)) - Registering service BackgroundPipelineCreator.
2023-07-05 13:41:34,499 [Time-limited test] INFO  pipeline.BackgroundPipelineCreator (BackgroundPipelineCreator.java:start(124)) - Starting RatisPipelineUtilsThread.
2023-07-05 13:41:34,502 [Time-limited test] INFO  BackgroundPipelineScrubber (BackgroundSCMService.java:start(68)) - Starting BackgroundPipelineScrubber Service.
2023-07-05 13:41:34,504 [Time-limited test] INFO  ha.SCMServiceManager (SCMServiceManager.java:register(42)) - Registering service BackgroundPipelineScrubber.
2023-07-05 13:41:34,512 [Time-limited test] INFO  ExpiredContainerReplicaOpScrubber (BackgroundSCMService.java:start(68)) - Starting ExpiredContainerReplicaOpScrubber Service.
2023-07-05 13:41:34,512 [Time-limited test] INFO  ha.SCMServiceManager (SCMServiceManager.java:register(42)) - Registering service ExpiredContainerReplicaOpScrubber.
2023-07-05 13:41:34,543 [Time-limited test] INFO  algorithms.PipelineChoosePolicyFactory (PipelineChoosePolicyFactory.java:createPipelineChoosePolicyFromClass(78)) - Create pipeline choose policy of type org.apache.hadoop.hdds.scm.pipeline.choose.algorithms.RandomPipelineChoosePolicy
2023-07-05 13:41:34,544 [Time-limited test] INFO  algorithms.PipelineChoosePolicyFactory (PipelineChoosePolicyFactory.java:createPipelineChoosePolicyFromClass(78)) - Create pipeline choose policy of type org.apache.hadoop.hdds.scm.pipeline.choose.algorithms.RandomPipelineChoosePolicy
2023-07-05 13:41:34,569 [Time-limited test] INFO  ha.SCMServiceManager (SCMServiceManager.java:register(42)) - Registering service SCMBlockDeletingService.
2023-07-05 13:41:34,634 [Time-limited test] INFO  replication.ReplicationManager (ReplicationManager.java:start(286)) - Starting Replication Monitor Thread.
2023-07-05 13:41:34,651 [Time-limited test] INFO  ha.SCMServiceManager (SCMServiceManager.java:register(42)) - Registering service ReplicationManager.
2023-07-05 13:41:34,658 [ReplicationMonitor] INFO  replication.ReplicationManager (ReplicationManager.java:processAll(361)) - Replication Manager is not ready to run until 3000ms after safemode exit
2023-07-05 13:41:34,674 [Time-limited test] INFO  safemode.ContainerSafeModeRule (ContainerSafeModeRule.java:<init>(89)) - containers with one replica threshold count 0
2023-07-05 13:41:34,678 [Time-limited test] INFO  safemode.HealthyPipelineSafeModeRule (HealthyPipelineSafeModeRule.java:initializeRule(169)) - Total pipeline count is 0, healthy pipeline threshold count is 1
2023-07-05 13:41:34,682 [Time-limited test] INFO  safemode.OneReplicaPipelineSafeModeRule (OneReplicaPipelineSafeModeRule.java:initializeRule(180)) - Total pipeline count is 0, pipeline's with at least one datanode reported threshold count is 0
2023-07-05 13:41:34,737 [Time-limited test] INFO  server.StorageContainerManager (StorageContainerManager.java:<init>(424)) - SCM start with adminUsers: [runner]
2023-07-05 13:41:35,144 [Time-limited test] INFO  audit.AuditLogger (AuditLogger.java:refreshDebugCmdSet(126)) - Refresh DebugCmdSet for SCMAudit to [].
2023-07-05 13:41:35,182 [Time-limited test] INFO  ipc.CallQueueManager (CallQueueManager.java:<init>(90)) - Using callQueue: class java.util.concurrent.LinkedBlockingQueue, queueCapacity: 2000, scheduler: class org.apache.hadoop.ipc.DefaultRpcScheduler, ipcBackoff: false.
2023-07-05 13:41:35,225 [Time-limited test] INFO  ipc.Server (Server.java:<init>(1287)) - Listener at 0.0.0.0:15002
2023-07-05 13:41:35,230 [Socket Reader #1 for port 15002] INFO  ipc.Server (Server.java:run(1323)) - Starting Socket Reader #1 for port 15002
2023-07-05 13:41:35,289 [Time-limited test] INFO  audit.AuditLogger (AuditLogger.java:refreshDebugCmdSet(126)) - Refresh DebugCmdSet for SCMAudit to [].
2023-07-05 13:41:35,295 [Time-limited test] INFO  ipc.CallQueueManager (CallQueueManager.java:<init>(90)) - Using callQueue: class java.util.concurrent.LinkedBlockingQueue, queueCapacity: 2000, scheduler: class org.apache.hadoop.ipc.DefaultRpcScheduler, ipcBackoff: false.
2023-07-05 13:41:35,295 [Time-limited test] INFO  ipc.Server (Server.java:<init>(1287)) - Listener at 0.0.0.0:15001
2023-07-05 13:41:35,296 [Socket Reader #1 for port 15001] INFO  ipc.Server (Server.java:run(1323)) - Starting Socket Reader #1 for port 15001
2023-07-05 13:41:35,333 [Time-limited test] INFO  audit.AuditLogger (AuditLogger.java:refreshDebugCmdSet(126)) - Refresh DebugCmdSet for SCMAudit to [].
2023-07-05 13:41:35,344 [Time-limited test] INFO  ipc.CallQueueManager (CallQueueManager.java:<init>(90)) - Using callQueue: class java.util.concurrent.LinkedBlockingQueue, queueCapacity: 2000, scheduler: class org.apache.hadoop.ipc.DefaultRpcScheduler, ipcBackoff: false.
2023-07-05 13:41:35,345 [Time-limited test] INFO  ipc.Server (Server.java:<init>(1287)) - Listener at 0.0.0.0:15000
2023-07-05 13:41:35,345 [Socket Reader #1 for port 15000] INFO  ipc.Server (Server.java:run(1323)) - Starting Socket Reader #1 for port 15000
2023-07-05 13:41:35,419 [Time-limited test] INFO  ha.SCMServiceManager (SCMServiceManager.java:register(42)) - Registering service ContainerBalancer.
2023-07-05 13:41:35,419 [Time-limited test] INFO  server.StorageContainerManager (StorageContainerManager.java:<init>(437)) - 
Container Balancer status:
Key                            Value
Running                        false
Container Balancer Configuration values:
Key                                                Value
Threshold                                          10
Max Datanodes to Involve per Iteration(percent)    20
Max Size to Move per Iteration                     500GB
Max Size Entering Target per Iteration             26GB
Max Size Leaving Source per Iteration              26GB

2023-07-05 13:41:35,420 [Time-limited test] INFO  ha.SCMContext (SCMContext.java:updateSafeModeStatus(228)) - Update SafeModeStatus from SafeModeStatus{safeModeStatus=true, preCheckPassed=false} to SafeModeStatus{safeModeStatus=true, preCheckPassed=false}.
2023-07-05 13:41:35,427 [Time-limited test] INFO  server.StorageContainerManager (StorageContainerManager.java:start(1489)) - StorageContainerLocationProtocol RPC server is listening at /0.0.0.0:15000
2023-07-05 13:41:35,501 [Time-limited test] WARN  impl.MetricsConfig (MetricsConfig.java:loadFirst(136)) - Cannot locate configuration: tried hadoop-metrics2-storagecontainermanager.properties,hadoop-metrics2.properties
2023-07-05 13:41:35,519 [Time-limited test] INFO  impl.MetricsSystemImpl (MetricsSystemImpl.java:startTimer(378)) - Scheduled Metric snapshot period at 10 second(s).
2023-07-05 13:41:35,519 [Time-limited test] INFO  impl.MetricsSystemImpl (MetricsSystemImpl.java:start(191)) - StorageContainerManager metrics system started
2023-07-05 13:41:35,659 [ReplicationMonitor] INFO  replication.ReplicationManager (ReplicationManager.java:processAll(361)) - Replication Manager is not ready to run until 3000ms after safemode exit
2023-07-05 13:41:35,811 [Time-limited test] INFO  server.SCMClientProtocolServer (SCMClientProtocolServer.java:start(200)) - RPC server for Client  is listening at /0.0.0.0:15000
2023-07-05 13:41:35,812 [IPC Server Responder] INFO  ipc.Server (Server.java:run(1562)) - IPC Server Responder: starting
2023-07-05 13:41:35,814 [IPC Server listener on 15000] INFO  ipc.Server (Server.java:run(1402)) - IPC Server listener on 15000: starting
2023-07-05 13:41:35,828 [Time-limited test] INFO  server.StorageContainerManager (StorageContainerManager.java:start(1502)) - ScmBlockLocationProtocol RPC server is listening at /0.0.0.0:15001
2023-07-05 13:41:35,829 [Time-limited test] INFO  server.SCMBlockProtocolServer (SCMBlockProtocolServer.java:start(152)) - RPC server for Block Protocol is listening at /0.0.0.0:15001
2023-07-05 13:41:35,834 [Time-limited test] INFO  server.SCMDatanodeProtocolServer (SCMDatanodeProtocolServer.java:start(193)) - ScmDatanodeProtocol RPC server for DataNodes is listening at /0.0.0.0:15002
2023-07-05 13:41:35,853 [IPC Server listener on 15002] INFO  ipc.Server (Server.java:run(1402)) - IPC Server listener on 15002: starting
2023-07-05 13:41:35,853 [IPC Server Responder] INFO  ipc.Server (Server.java:run(1562)) - IPC Server Responder: starting
2023-07-05 13:41:35,854 [IPC Server listener on 15001] INFO  ipc.Server (Server.java:run(1402)) - IPC Server listener on 15001: starting
2023-07-05 13:41:35,854 [IPC Server Responder] INFO  ipc.Server (Server.java:run(1562)) - IPC Server Responder: starting
2023-07-05 13:41:35,872 [JvmPauseMonitor0] INFO  util.JvmPauseMonitor (JvmPauseMonitor.java:run(103)) - JvmPauseMonitor-d96c8806-c437-45da-990e-07e985902aa8: Started
2023-07-05 13:41:35,876 [Time-limited test] INFO  http.BaseHttpServer (BaseHttpServer.java:newHttpServer2BuilderForOzone(224)) - Starting Web-server for scm at: http://0.0.0.0:15003
2023-07-05 13:41:35,876 [Time-limited test] INFO  http.BaseHttpServer (BaseHttpServer.java:<init>(111)) - Hadoop Security Enabled: false Ozone Security Enabled: false Ozone HTTP Security Enabled: false 
2023-07-05 13:41:35,902 [Time-limited test] INFO  util.log (Log.java:initialized(170)) - Logging initialized @5188ms to org.eclipse.jetty.util.log.Slf4jLog
2023-07-05 13:41:35,993 [Time-limited test] WARN  server.AuthenticationFilter (AuthenticationFilter.java:constructSecretProvider(240)) - Unable to initialize FileSignerSecretProvider, falling back to use random secrets. Reason: Could not read signature secret file: /home/runner/hadoop-http-auth-signature-secret
2023-07-05 13:41:35,999 [Time-limited test] INFO  http.HttpRequestLog (HttpRequestLog.java:getRequestLog(86)) - Http request log for http.requests.scm is not defined
2023-07-05 13:41:36,005 [Time-limited test] INFO  http.HttpServer2 (HttpServer2.java:addGlobalFilter(1031)) - Added global filter 'safety' (class=org.apache.hadoop.hdds.server.http.HttpServer2$QuotingInputFilter)
2023-07-05 13:41:36,008 [Time-limited test] INFO  http.HttpServer2 (HttpServer2.java:addFilter(1007)) - Added filter static_user_filter (class=org.apache.hadoop.http.lib.StaticUserWebFilter$StaticUserFilter) to context scm
2023-07-05 13:41:36,008 [Time-limited test] INFO  http.HttpServer2 (HttpServer2.java:addFilter(1015)) - Added filter static_user_filter (class=org.apache.hadoop.http.lib.StaticUserWebFilter$StaticUserFilter) to context logs
2023-07-05 13:41:36,009 [Time-limited test] INFO  http.HttpServer2 (HttpServer2.java:addFilter(1015)) - Added filter static_user_filter (class=org.apache.hadoop.http.lib.StaticUserWebFilter$StaticUserFilter) to context static
2023-07-05 13:41:36,045 [Time-limited test] INFO  http.BaseHttpServer (BaseHttpServer.java:<init>(190)) - HTTP server of scm uses base directory /home/runner/work/ozone/ozone/hadoop-ozone/integration-test/target/test-dir/MiniOzoneClusterImpl-4f26d1f9-f73a-4647-bb3a-126a945bf307/ozone-meta/webserver
2023-07-05 13:41:36,046 [Time-limited test] INFO  http.HttpServer2 (HttpServer2.java:bindListener(1250)) - Jetty bound to port 15003
2023-07-05 13:41:36,047 [Time-limited test] INFO  server.Server (Server.java:doStart(375)) - jetty-9.4.51.v20230217; built: 2023-02-17T08:19:37.309Z; git: b45c405e4544384de066f814ed42ae3dceacdd49; jvm 1.8.0_372-b07
2023-07-05 13:41:36,085 [Time-limited test] INFO  server.session (DefaultSessionIdManager.java:doStart(334)) - DefaultSessionIdManager workerName=node0
2023-07-05 13:41:36,085 [Time-limited test] INFO  server.session (DefaultSessionIdManager.java:doStart(339)) - No SessionScavenger set, using defaults
2023-07-05 13:41:36,087 [Time-limited test] INFO  server.session (HouseKeeper.java:startScavenging(132)) - node0 Scavenging every 660000ms
2023-07-05 13:41:36,101 [Time-limited test] INFO  handler.ContextHandler (ContextHandler.java:doStart(921)) - Started o.e.j.s.ServletContextHandler@57e1c0d8{logs,/logs,file:///home/runner/work/ozone/ozone/hadoop-ozone/integration-test/target/log,AVAILABLE}
2023-07-05 13:41:36,104 [Time-limited test] INFO  handler.ContextHandler (ContextHandler.java:doStart(921)) - Started o.e.j.s.ServletContextHandler@57dfd675{static,/static,file:///home/runner/work/ozone/ozone/hadoop-ozone/integration-test/target/test-classes/webapps/static,AVAILABLE}
2023-07-05 13:41:36,159 [Time-limited test] INFO  handler.ContextHandler (ContextHandler.java:doStart(921)) - Started o.e.j.w.WebAppContext@6350268a{scm,/,file:///home/runner/work/ozone/ozone/hadoop-ozone/integration-test/target/test-classes/webapps/scm/,AVAILABLE}{file:/home/runner/work/ozone/ozone/hadoop-ozone/integration-test/target/test-classes/webapps/scm}
2023-07-05 13:41:36,170 [Time-limited test] INFO  server.AbstractConnector (AbstractConnector.java:doStart(333)) - Started ServerConnector@78519781{HTTP/1.1, (http/1.1)}{0.0.0.0:15003}
2023-07-05 13:41:36,171 [Time-limited test] INFO  server.Server (Server.java:doStart(415)) - Started @5457ms
2023-07-05 13:41:36,175 [Time-limited test] INFO  impl.MetricsSinkAdapter (MetricsSinkAdapter.java:start(204)) - Sink prometheus started
2023-07-05 13:41:36,175 [Time-limited test] INFO  impl.MetricsSystemImpl (MetricsSystemImpl.java:registerSink(305)) - Registered sink prometheus
2023-07-05 13:41:36,176 [Time-limited test] INFO  http.BaseHttpServer (BaseHttpServer.java:updateConnectorAddress(344)) - HTTP server of scm listening at http://0.0.0.0:15003
2023-07-05 13:41:36,181 [Time-limited test] WARN  server.ServerUtils (ServerUtils.java:getDBPath(311)) - ozone.om.db.dirs is not configured. We recommend adding this setting. Falling back to ozone.metadata.dirs instead.
2023-07-05 13:41:36,265 [Time-limited test] INFO  audit.AuditLogger (AuditLogger.java:refreshDebugCmdSet(126)) - Refresh DebugCmdSet for OMAudit to [].
2023-07-05 13:41:36,360 [Time-limited test] INFO  ha.OMHANodeDetails (OMHANodeDetails.java:loadOMHAConfig(115)) - ozone.om.internal.service.id is not defined, falling back to ozone.om.service.ids to find serviceID for OzoneManager if it is HA enabled cluster
2023-07-05 13:41:36,364 [Time-limited test] INFO  ha.OMHANodeDetails (OMHANodeDetails.java:loadOMHAConfig(226)) - Configuration does not have ozone.om.address set. Falling back to the default OM address /127.0.0.1:15004
2023-07-05 13:41:36,364 [Time-limited test] INFO  ha.OMHANodeDetails (OMHANodeDetails.java:getOMNodeDetailsForNonHA(254)) - OM Service ID is not set. Setting it to the default ID: omServiceIdDefault
2023-07-05 13:41:36,364 [Time-limited test] INFO  ha.OMHANodeDetails (OMHANodeDetails.java:getOMNodeDetailsForNonHA(261)) - OM Node ID is not set. Setting it to the default ID: om1
2023-07-05 13:41:36,369 [Time-limited test] WARN  server.ServerUtils (ServerUtils.java:getDBPath(311)) - ozone.om.db.dirs is not configured. We recommend adding this setting. Falling back to ozone.metadata.dirs instead.
2023-07-05 13:41:36,373 [Time-limited test] INFO  upgrade.AbstractLayoutVersionManager (AbstractLayoutVersionManager.java:init(83)) - Initializing Layout version manager with metadata layout = QUOTA (version = 6), software layout = QUOTA (version = 6)
2023-07-05 13:41:36,489 [Time-limited test] INFO  reflections.Reflections (Reflections.java:scan(232)) - Reflections took 112 ms to scan 2 urls, producing 186 keys and 508 values [using 2 cores]
2023-07-05 13:41:36,498 [Time-limited test] INFO  upgrade.OMLayoutVersionManager (OMLayoutVersionManager.java:lambda$0(115)) - Skipping Upgrade Action MockOmUpgradeAction since it has been finalized.
2023-07-05 13:41:36,499 [Time-limited test] INFO  upgrade.OMLayoutVersionManager (OMLayoutVersionManager.java:lambda$0(115)) - Skipping Upgrade Action QuotaRepairUpgradeAction since it has been finalized.
2023-07-05 13:41:36,501 [Time-limited test] WARN  server.ServerUtils (ServerUtils.java:getDBPath(311)) - ozone.om.db.dirs is not configured. We recommend adding this setting. Falling back to ozone.metadata.dirs instead.
2023-07-05 13:41:36,660 [ReplicationMonitor] INFO  replication.ReplicationManager (ReplicationManager.java:processAll(361)) - Replication Manager is not ready to run until 3000ms after safemode exit
2023-07-05 13:41:36,717 [Time-limited test] INFO  proxy.SCMBlockLocationFailoverProxyProvider (SCMBlockLocationFailoverProxyProvider.java:<init>(114)) - Created block location fail-over proxy with 1 nodes: [nodeId=scmNodeId,nodeAddress=/0.0.0.0:15001]
2023-07-05 13:41:36,757 [Time-limited test] INFO  proxy.SCMBlockLocationFailoverProxyProvider (SCMBlockLocationFailoverProxyProvider.java:<init>(114)) - Created block location fail-over proxy with 1 nodes: [nodeId=scmNodeId,nodeAddress=/0.0.0.0:15001]
2023-07-05 13:41:37,032 [Time-limited test] INFO  om.OzoneManager (OzoneManager.java:<init>(658)) - OM start with adminUsers: [runner]
2023-07-05 13:41:37,073 [Time-limited test] WARN  server.ServerUtils (ServerUtils.java:getDBPath(311)) - ozone.om.db.dirs is not configured. We recommend adding this setting. Falling back to ozone.metadata.dirs instead.
2023-07-05 13:41:37,105 [Time-limited test] INFO  helpers.OmKeyInfo (OmKeyInfo.java:getCodec(71)) - OmKeyInfo.getCodec ignorePipeline = true
2023-07-05 13:41:37,458 [Time-limited test] INFO  om.OzoneManager (OzoneManager.java:instantiateServices(787)) - S3 Multi-Tenancy is disabled
2023-07-05 13:41:37,499 [Time-limited test] INFO  om.OmSnapshotManager (OmSnapshotManager.java:<init>(175)) - Ozone filesystem snapshot feature is enabled.
2023-07-05 13:41:37,512 [Time-limited test] WARN  server.ServerUtils (ServerUtils.java:getDBPath(311)) - ozone.om.snapshot.diff.db.dir is not configured. We recommend adding this setting. Falling back to ozone.metadata.dirs instead.
2023-07-05 13:41:37,606 [Time-limited test] INFO  utils.NativeLibraryLoader (NativeLibraryLoader.java:loadLibrary(105)) - Loading Library: ozone_rocksdb_tools
2023-07-05 13:41:37,607 [Time-limited test] INFO  snapshot.SnapshotDiffManager (SnapshotDiffManager.java:closeExecutorService(1699)) - Shutting down executorService: 'SstDumpToolExecutor'
2023-07-05 13:41:37,660 [ReplicationMonitor] INFO  replication.ReplicationManager (ReplicationManager.java:processAll(361)) - Replication Manager is not ready to run until 3000ms after safemode exit
2023-07-05 13:41:37,697 [Time-limited test] INFO  om.OzoneManager (OzoneManager.java:addS3GVolumeToDB(4298)) - Created Volume s3v With Owner runner required for S3Gateway operations.
2023-07-05 13:41:37,772 [Time-limited test] WARN  server.ServerUtils (ServerUtils.java:getDefaultRatisDirectory(323)) - Storage directory for Ratis is not configured. It is a good idea to map this to an SSD disk. Falling back to ozone.metadata.dirs
2023-07-05 13:41:37,773 [Time-limited test] WARN  utils.OzoneManagerRatisUtils (OzoneManagerRatisUtils.java:getOMRatisSnapshotDirectory(461)) - ozone.om.ratis.snapshot.dir is not configured. Falling back to ozone.metadata.dirs config
2023-07-05 13:41:37,790 [Time-limited test] WARN  server.ServerUtils (ServerUtils.java:getDefaultRatisDirectory(323)) - Storage directory for Ratis is not configured. It is a good idea to map this to an SSD disk. Falling back to ozone.metadata.dirs
2023-07-05 13:41:37,821 [Time-limited test] INFO  ratis.OzoneManagerRatisServer (OzoneManagerRatisServer.java:<init>(163)) - Instantiating OM Ratis server with groupID: omServiceIdDefault and peers: localhost:15007
2023-07-05 13:41:37,833 [Time-limited test] INFO  ratis.OzoneManagerStateMachine (OzoneManagerStateMachine.java:loadSnapshotInfoFromDB(670)) - LastAppliedIndex is set from TransactionInfo from OM DB as (t:0, i:~)
2023-07-05 13:41:37,905 [Time-limited test] INFO  server.RaftServer (ConfUtils.java:logGet(46)) - raft.rpc.type = GRPC (default)
2023-07-05 13:41:37,917 [Time-limited test] INFO  grpc.GrpcConfigKeys (ConfUtils.java:logFallback(53)) - raft.grpc.admin.host = null (fallback to raft.grpc.server.host)
2023-07-05 13:41:37,918 [Time-limited test] INFO  grpc.GrpcConfigKeys (ConfUtils.java:logFallback(53)) - raft.grpc.admin.port = 15007 (fallback to raft.grpc.server.port)
2023-07-05 13:41:37,919 [Time-limited test] INFO  grpc.GrpcConfigKeys (ConfUtils.java:logFallback(53)) - raft.grpc.client.host = null (fallback to raft.grpc.server.host)
2023-07-05 13:41:37,919 [Time-limited test] INFO  grpc.GrpcConfigKeys (ConfUtils.java:logFallback(53)) - raft.grpc.client.port = 15007 (fallback to raft.grpc.server.port)
2023-07-05 13:41:37,920 [Time-limited test] INFO  grpc.GrpcConfigKeys (ConfUtils.java:logGet(46)) - raft.grpc.server.host = null (default)
2023-07-05 13:41:37,920 [Time-limited test] INFO  grpc.GrpcConfigKeys (ConfUtils.java:logGet(46)) - raft.grpc.server.port = 15007 (custom)
2023-07-05 13:41:37,921 [Time-limited test] INFO  server.GrpcService (ConfUtils.java:logGet(46)) - raft.grpc.message.size.max = 33554432 (custom)
2023-07-05 13:41:37,922 [Time-limited test] INFO  server.RaftServerConfigKeys (ConfUtils.java:logGet(46)) - raft.server.log.appender.buffer.byte-limit = 33554432 (custom)
2023-07-05 13:41:37,923 [Time-limited test] INFO  server.GrpcService (ConfUtils.java:logGet(46)) - raft.grpc.flow.control.window = 1MB (=1048576) (default)
2023-07-05 13:41:37,923 [Time-limited test] INFO  server.RaftServerConfigKeys (ConfUtils.java:logGet(46)) - raft.server.rpc.request.timeout = 3000ms (default)
2023-07-05 13:41:37,938 [Time-limited test] INFO  grpc.GrpcConfigKeys (ConfUtils.java:logGet(46)) - raft.grpc.server.heartbeat.channel = true (default)
2023-07-05 13:41:37,942 [Time-limited test] INFO  grpc.GrpcConfigKeys (ConfUtils.java:logGet(46)) - raft.grpc.server.async.request.thread.pool.cached = true (default)
2023-07-05 13:41:37,942 [Time-limited test] INFO  grpc.GrpcConfigKeys (ConfUtils.java:logGet(46)) - raft.grpc.server.async.request.thread.pool.size = 32 (default)
2023-07-05 13:41:38,186 [Time-limited test] INFO  impl.DataStreamServerImpl (ConfUtils.java:logGet(46)) - raft.datastream.type = DISABLED (default)
2023-07-05 13:41:38,190 [Time-limited test] INFO  server.RaftServerConfigKeys (ConfUtils.java:logGet(46)) - raft.server.threadpool.proxy.cached = true (default)
2023-07-05 13:41:38,190 [Time-limited test] INFO  server.RaftServerConfigKeys (ConfUtils.java:logGet(46)) - raft.server.threadpool.proxy.size = 0 (default)
2023-07-05 13:41:38,190 [Time-limited test] INFO  server.RaftServerConfigKeys (ConfUtils.java:logGet(46)) - raft.server.rpc.slowness.timeout = 120s (custom)
2023-07-05 13:41:38,191 [Time-limited test] INFO  server.RaftServerConfigKeys (ConfUtils.java:logGet(46)) - raft.server.leaderelection.leader.step-down.wait-time = 10s (default)
2023-07-05 13:41:38,192 [Time-limited test] INFO  server.RaftServerConfigKeys (ConfUtils.java:logGet(46)) - raft.server.storage.dir = [/home/runner/work/ozone/ozone/hadoop-ozone/integration-test/target/test-dir/MiniOzoneClusterImpl-4f26d1f9-f73a-4647-bb3a-126a945bf307/ozone-meta/ratis] (custom)
2023-07-05 13:41:38,203 [Time-limited test] INFO  server.RaftServer (RaftServerProxy.java:addNew(98)) - om1: addNew group-C5BA1605619E:[om1|rpc:localhost:15007|priority:0|startupRole:FOLLOWER] returns group-C5BA1605619E:java.util.concurrent.CompletableFuture@28053f5b[Not completed]
2023-07-05 13:41:38,203 [Time-limited test] INFO  om.OzoneManager (OzoneManager.java:initializeRatisServer(2139)) - OzoneManager Ratis server initialized at port 15007
2023-07-05 13:41:38,206 [Time-limited test] INFO  om.OzoneManager (OzoneManager.java:getRpcServer(1187)) - Creating RPC Server
2023-07-05 13:41:38,244 [om1-groupManagement] INFO  server.RaftServer$Division (RaftServerImpl.java:<init>(198)) - om1: new RaftServerImpl for group-C5BA1605619E:[om1|rpc:localhost:15007|priority:0|startupRole:FOLLOWER] with OzoneManagerStateMachine:uninitialized
2023-07-05 13:41:38,248 [om1-groupManagement] INFO  server.RaftServerConfigKeys (ConfUtils.java:logGet(46)) - raft.server.rpc.timeout.min = 1s (custom)
2023-07-05 13:41:38,252 [om1-groupManagement] INFO  server.RaftServerConfigKeys (ConfUtils.java:logGet(46)) - raft.server.rpc.timeout.max = 1200ms (custom)
2023-07-05 13:41:38,253 [om1-groupManagement] INFO  server.RaftServerConfigKeys (ConfUtils.java:logGet(46)) - raft.server.rpc.sleep.time = 25ms (default)
2023-07-05 13:41:38,253 [om1-groupManagement] INFO  server.RaftServerConfigKeys (ConfUtils.java:logGet(46)) - raft.server.rpc.slowness.timeout = 120s (custom)
2023-07-05 13:41:38,253 [om1-groupManagement] INFO  server.RaftServerConfigKeys (ConfUtils.java:logGet(46)) - raft.server.leaderelection.leader.step-down.wait-time = 10s (default)
2023-07-05 13:41:38,253 [om1-groupManagement] INFO  server.RaftServerConfigKeys (ConfUtils.java:logGet(46)) - raft.server.sleep.deviation.threshold = 300ms (default)
2023-07-05 13:41:38,508 [JvmPauseMonitor0] WARN  util.JvmPauseMonitor (JvmPauseMonitor.java:detectPause(124)) - JvmPauseMonitor-d96c8806-c437-45da-990e-07e985902aa8: Detected pause in JVM or host machine approximately 0.129s with 0.252s GC time.
GC pool 'PS MarkSweep' had collection(s): count=1 time=231ms
GC pool 'PS Scavenge' had collection(s): count=1 time=21ms
2023-07-05 13:41:38,525 [om1-groupManagement] INFO  server.RaftServer$Division (ServerState.java:<init>(120)) - om1@group-C5BA1605619E: ConfigurationManager, init=-1: peers:[om1|rpc:localhost:15007|priority:0|startupRole:FOLLOWER]|listeners:[], old=null, confs=<EMPTY_MAP>
2023-07-05 13:41:38,526 [om1-groupManagement] INFO  server.RaftServerConfigKeys (ConfUtils.java:logGet(46)) - raft.server.storage.dir = [/home/runner/work/ozone/ozone/hadoop-ozone/integration-test/target/test-dir/MiniOzoneClusterImpl-4f26d1f9-f73a-4647-bb3a-126a945bf307/ozone-meta/ratis] (custom)
2023-07-05 13:41:38,539 [om1-groupManagement] INFO  server.RaftServerConfigKeys (ConfUtils.java:logGet(46)) - raft.server.log.corruption.policy = EXCEPTION (default)
2023-07-05 13:41:38,541 [om1-groupManagement] INFO  server.RaftServerConfigKeys (ConfUtils.java:logGet(46)) - raft.server.storage.free-space.min = 0MB (=0) (default)
2023-07-05 13:41:38,565 [om1-groupManagement] INFO  server.RaftServerConfigKeys (ConfUtils.java:logGet(46)) - raft.server.notification.no-leader.timeout = 120s (custom)
2023-07-05 13:41:38,583 [om1-groupManagement] INFO  server.RaftServerConfigKeys (ConfUtils.java:logGet(46)) - raft.server.read.timeout = 10s (default)
2023-07-05 13:41:38,587 [om1-groupManagement] INFO  server.RaftServerConfigKeys (ConfUtils.java:logGet(46)) - raft.server.retrycache.expirytime = 300s (custom)
2023-07-05 13:41:38,587 [om1-groupManagement] INFO  server.RaftServerConfigKeys (ConfUtils.java:logGet(46)) - raft.server.retrycache.statistics.expirytime = 100μs (default)
2023-07-05 13:41:38,650 [om1-groupManagement] INFO  server.RaftServerConfigKeys (ConfUtils.java:logGet(46)) - raft.server.read.option = DEFAULT (default)
2023-07-05 13:41:38,660 [ReplicationMonitor] INFO  replication.ReplicationManager (ReplicationManager.java:processAll(361)) - Replication Manager is not ready to run until 3000ms after safemode exit
2023-07-05 13:41:38,715 [om1-groupManagement] INFO  server.RaftServerConfigKeys (ConfUtils.java:logGet(46)) - raft.server.rpc.request.timeout = 3000ms (default)
2023-07-05 13:41:38,723 [om1-groupManagement] INFO  server.RaftServerConfigKeys (ConfUtils.java:logGet(46)) - raft.server.log.appender.install.snapshot.enabled = false (custom)
2023-07-05 13:41:38,723 [om1-groupManagement] INFO  server.RaftServerConfigKeys (ConfUtils.java:logGet(46)) - raft.server.threadpool.server.cached = true (default)
2023-07-05 13:41:38,726 [om1-groupManagement] INFO  server.RaftServerConfigKeys (ConfUtils.java:logGet(46)) - raft.server.threadpool.server.size = 0 (default)
2023-07-05 13:41:38,726 [om1-groupManagement] INFO  server.RaftServerConfigKeys (ConfUtils.java:logGet(46)) - raft.server.threadpool.client.cached = true (default)
2023-07-05 13:41:38,727 [om1-groupManagement] INFO  server.RaftServerConfigKeys (ConfUtils.java:logGet(46)) - raft.server.threadpool.client.size = 0 (default)
2023-07-05 13:41:39,306 [Time-limited test] INFO  reflections.Reflections (Reflections.java:scan(232)) - Reflections took 750 ms to scan 19 urls, producing 70 keys and 5514 values [using 2 cores]
2023-07-05 13:41:39,516 [Time-limited test] INFO  ipc.CallQueueManager (CallQueueManager.java:<init>(90)) - Using callQueue: class java.util.concurrent.LinkedBlockingQueue, queueCapacity: 2000, scheduler: class org.apache.hadoop.ipc.DefaultRpcScheduler, ipcBackoff: false.
2023-07-05 13:41:39,516 [Time-limited test] INFO  ipc.Server (Server.java:<init>(1287)) - Listener at 127.0.0.1:15004
2023-07-05 13:41:39,517 [Socket Reader #1 for port 15004] INFO  ipc.Server (Server.java:run(1323)) - Starting Socket Reader #1 for port 15004
2023-07-05 13:41:39,554 [Time-limited test] INFO  impl.MetricsSystemImpl (MetricsSystemImpl.java:init(158)) - OzoneManager metrics system started (again)
2023-07-05 13:41:39,569 [Time-limited test] INFO  om.OzoneManager (OzoneManager.java:start(1617)) - OzoneManager RPC server is listening at localhost/127.0.0.1:15004
2023-07-05 13:41:39,569 [Time-limited test] INFO  ratis.OzoneManagerRatisServer (OzoneManagerRatisServer.java:start(558)) - Starting OzoneManagerRatisServer om1 at port 15007
2023-07-05 13:41:39,572 [om1-impl-thread1] INFO  storage.RaftStorageDirectory (RaftStorageDirectoryImpl.java:analyzeStorage(137)) - The storage directory /home/runner/work/ozone/ozone/hadoop-ozone/integration-test/target/test-dir/MiniOzoneClusterImpl-4f26d1f9-f73a-4647-bb3a-126a945bf307/ozone-meta/ratis/bf265839-605b-3f16-9796-c5ba1605619e does not exist. Creating ...
2023-07-05 13:41:39,577 [om1-impl-thread1] INFO  storage.RaftStorageDirectory (RaftStorageDirectoryImpl.java:tryLock(231)) - Lock on /home/runner/work/ozone/ozone/hadoop-ozone/integration-test/target/test-dir/MiniOzoneClusterImpl-4f26d1f9-f73a-4647-bb3a-126a945bf307/ozone-meta/ratis/bf265839-605b-3f16-9796-c5ba1605619e/in_use.lock acquired by nodename 25537@fv-az264-29
2023-07-05 13:41:39,583 [om1-impl-thread1] INFO  storage.RaftStorage (RaftStorageImpl.java:format(96)) - Storage directory /home/runner/work/ozone/ozone/hadoop-ozone/integration-test/target/test-dir/MiniOzoneClusterImpl-4f26d1f9-f73a-4647-bb3a-126a945bf307/ozone-meta/ratis/bf265839-605b-3f16-9796-c5ba1605619e has been successfully formatted.
2023-07-05 13:41:39,586 [om1-impl-thread1] INFO  server.RaftServerConfigKeys (ConfUtils.java:logGet(46)) - raft.server.log.use.memory = false (default)
2023-07-05 13:41:39,595 [om1-impl-thread1] INFO  server.RaftServerConfigKeys (ConfUtils.java:logGet(46)) - raft.server.log.purge.gap = 1000000 (custom)
2023-07-05 13:41:39,595 [om1-impl-thread1] INFO  server.RaftServerConfigKeys (ConfUtils.java:logGet(46)) - raft.server.log.appender.buffer.byte-limit = 33554432 (custom)
2023-07-05 13:41:39,597 [om1-impl-thread1] INFO  server.RaftServerConfigKeys (ConfUtils.java:logGet(46)) - raft.server.log.statemachine.data.read.timeout = 1000ms (default)
2023-07-05 13:41:39,598 [om1-impl-thread1] INFO  server.RaftServerConfigKeys (ConfUtils.java:logGet(46)) - raft.server.log.purge.preservation.log.num = 0 (default)
2023-07-05 13:41:39,600 [om1-impl-thread1] INFO  server.RaftServerConfigKeys (ConfUtils.java:logGet(46)) - raft.server.log.segment.size.max = 4194304 (custom)
2023-07-05 13:41:39,606 [om1-impl-thread1] INFO  server.RaftServerConfigKeys (ConfUtils.java:logGet(46)) - raft.server.log.segment.cache.num.max = 2 (custom)
2023-07-05 13:41:39,607 [om1-impl-thread1] INFO  server.RaftServerConfigKeys (ConfUtils.java:logGet(46)) - raft.server.log.segment.cache.size.max = 200MB (=209715200) (default)
2023-07-05 13:41:39,607 [om1-impl-thread1] INFO  server.RaftServerConfigKeys (ConfUtils.java:logGet(46)) - raft.server.log.appender.buffer.byte-limit = 33554432 (custom)
2023-07-05 13:41:39,613 [om1-impl-thread1] INFO  segmented.SegmentedRaftLogWorker (SegmentedRaftLogWorker.java:<init>(188)) - new om1@group-C5BA1605619E-SegmentedRaftLogWorker for RaftStorageImpl:Storage Directory /home/runner/work/ozone/ozone/hadoop-ozone/integration-test/target/test-dir/MiniOzoneClusterImpl-4f26d1f9-f73a-4647-bb3a-126a945bf307/ozone-meta/ratis/bf265839-605b-3f16-9796-c5ba1605619e
2023-07-05 13:41:39,613 [om1-impl-thread1] INFO  server.RaftServerConfigKeys (ConfUtils.java:logGet(46)) - raft.server.log.queue.byte-limit = 64MB (=67108864) (default)
2023-07-05 13:41:39,614 [om1-impl-thread1] INFO  server.RaftServerConfigKeys (ConfUtils.java:logGet(46)) - raft.server.log.queue.element-limit = 4096 (default)
2023-07-05 13:41:39,615 [om1-impl-thread1] INFO  server.RaftServerConfigKeys (ConfUtils.java:logGet(46)) - raft.server.log.segment.size.max = 4194304 (custom)
2023-07-05 13:41:39,615 [om1-impl-thread1] INFO  server.RaftServerConfigKeys (ConfUtils.java:logGet(46)) - raft.server.log.preallocated.size = 4194304 (custom)
2023-07-05 13:41:39,616 [om1-impl-thread1] INFO  server.RaftServerConfigKeys (ConfUtils.java:logGet(46)) - raft.server.log.force.sync.num = 128 (default)
2023-07-05 13:41:39,617 [om1-impl-thread1] INFO  server.RaftServerConfigKeys (ConfUtils.java:logGet(46)) - raft.server.log.statemachine.data.sync = true (default)
2023-07-05 13:41:39,617 [om1-impl-thread1] INFO  server.RaftServerConfigKeys (ConfUtils.java:logGet(46)) - raft.server.log.statemachine.data.sync.timeout = 10s (default)
2023-07-05 13:41:39,617 [om1-impl-thread1] INFO  server.RaftServerConfigKeys (ConfUtils.java:logGet(46)) - raft.server.log.statemachine.data.sync.timeout.retry = -1 (default)
2023-07-05 13:41:39,627 [om1-impl-thread1] INFO  server.RaftServerConfigKeys (ConfUtils.java:logGet(46)) - raft.server.log.write.buffer.size = 64KB (=65536) (default)
2023-07-05 13:41:39,627 [om1-impl-thread1] INFO  server.RaftServerConfigKeys (ConfUtils.java:logGet(46)) - raft.server.log.appender.buffer.byte-limit = 33554432 (custom)
2023-07-05 13:41:39,634 [om1-impl-thread1] INFO  server.RaftServerConfigKeys (ConfUtils.java:logGet(46)) - raft.server.log.unsafe-flush.enabled = false (default)
2023-07-05 13:41:39,635 [om1-impl-thread1] INFO  server.RaftServerConfigKeys (ConfUtils.java:logGet(46)) - raft.server.log.async-flush.enabled = false (default)
2023-07-05 13:41:39,635 [om1-impl-thread1] INFO  server.RaftServerConfigKeys (ConfUtils.java:logGet(46)) - raft.server.log.statemachine.data.caching.enabled = false (default)
2023-07-05 13:41:39,641 [om1-impl-thread1] INFO  segmented.SegmentedRaftLogWorker (SegmentedRaftLogWorker.java:lambda$new$0(135)) - om1@group-C5BA1605619E-SegmentedRaftLogWorker: flushIndex: setUnconditionally 0 -> -1
2023-07-05 13:41:39,641 [om1-impl-thread1] INFO  segmented.SegmentedRaftLogWorker (SegmentedRaftLogWorker.java:lambda$new$0(135)) - om1@group-C5BA1605619E-SegmentedRaftLogWorker: safeCacheEvictIndex: setUnconditionally 0 -> -1
2023-07-05 13:41:39,643 [om1-impl-thread1] INFO  server.RaftServer$Division (RaftServerImpl.java:start(342)) - om1@group-C5BA1605619E: start as a follower, conf=-1: peers:[om1|rpc:localhost:15007|priority:0|startupRole:FOLLOWER]|listeners:[], old=null
2023-07-05 13:41:39,644 [om1-impl-thread1] INFO  server.RaftServer$Division (RaftServerImpl.java:setRole(329)) - om1@group-C5BA1605619E: changes role from      null to FOLLOWER at term 0 for startAsFollower
2023-07-05 13:41:39,645 [om1-impl-thread1] INFO  impl.RoleInfo (RoleInfo.java:updateAndGet(139)) - om1: start om1@group-C5BA1605619E-FollowerState
2023-07-05 13:41:39,651 [om1-impl-thread1] INFO  util.JmxRegister (JmxRegister.java:tryRegister(44)) - Successfully registered JMX Bean with object name Ratis:service=RaftServer,group=group-C5BA1605619E,id=om1
2023-07-05 13:41:39,654 [om1-impl-thread1] INFO  server.RaftServerConfigKeys (ConfUtils.java:logGet(46)) - raft.server.snapshot.auto.trigger.enabled = true (custom)
2023-07-05 13:41:39,654 [om1-impl-thread1] INFO  server.RaftServerConfigKeys (ConfUtils.java:logGet(46)) - raft.server.snapshot.auto.trigger.threshold = 400000 (default)
2023-07-05 13:41:39,655 [om1-impl-thread1] INFO  server.RaftServerConfigKeys (ConfUtils.java:logGet(46)) - raft.server.snapshot.retention.file.num = -1 (default)
2023-07-05 13:41:39,656 [om1@group-C5BA1605619E-FollowerState] INFO  server.RaftServerConfigKeys (ConfUtils.java:logFallback(53)) - raft.server.rpc.first-election.timeout.min = 1s (fallback to raft.server.rpc.timeout.min)
2023-07-05 13:41:39,656 [om1@group-C5BA1605619E-FollowerState] INFO  server.RaftServerConfigKeys (ConfUtils.java:logFallback(53)) - raft.server.rpc.first-election.timeout.max = 1200ms (fallback to raft.server.rpc.timeout.max)
2023-07-05 13:41:39,656 [om1-impl-thread1] INFO  server.RaftServerConfigKeys (ConfUtils.java:logGet(46)) - raft.server.log.purge.upto.snapshot.index = true (custom)
2023-07-05 13:41:39,660 [Time-limited test] INFO  server.RaftServer (RaftServerProxy.java:startImpl(400)) - om1: start RPC server
2023-07-05 13:41:39,662 [ReplicationMonitor] INFO  replication.ReplicationManager (ReplicationManager.java:processAll(361)) - Replication Manager is not ready to run until 3000ms after safemode exit
2023-07-05 13:41:39,716 [Time-limited test] INFO  server.GrpcService (GrpcService.java:startImpl(302)) - om1: GrpcService started, listening on 15007
2023-07-05 13:41:39,719 [Time-limited test] INFO  om.OzoneManager (OzoneManager.java:start(1633)) - Version File has different layout version (6) than OM DB (null). That is expected if this OM has never been finalized to a newer layout version.
2023-07-05 13:41:39,723 [JvmPauseMonitor1] INFO  util.JvmPauseMonitor (JvmPauseMonitor.java:run(103)) - JvmPauseMonitor-om1: Started
2023-07-05 13:41:39,750 [Time-limited test] INFO  http.BaseHttpServer (BaseHttpServer.java:newHttpServer2BuilderForOzone(224)) - Starting Web-server for ozoneManager at: http://0.0.0.0:15005
2023-07-05 13:41:39,750 [Time-limited test] INFO  http.BaseHttpServer (BaseHttpServer.java:<init>(111)) - Hadoop Security Enabled: false Ozone Security Enabled: false Ozone HTTP Security Enabled: false 
2023-07-05 13:41:39,751 [Time-limited test] WARN  server.AuthenticationFilter (AuthenticationFilter.java:constructSecretProvider(240)) - Unable to initialize FileSignerSecretProvider, falling back to use random secrets. Reason: Could not read signature secret file: /home/runner/hadoop-http-auth-signature-secret
2023-07-05 13:41:39,755 [Time-limited test] INFO  http.HttpRequestLog (HttpRequestLog.java:getRequestLog(86)) - Http request log for http.requests.ozoneManager is not defined
2023-07-05 13:41:39,758 [Time-limited test] INFO  http.HttpServer2 (HttpServer2.java:addGlobalFilter(1031)) - Added global filter 'safety' (class=org.apache.hadoop.hdds.server.http.HttpServer2$QuotingInputFilter)
2023-07-05 13:41:39,759 [Time-limited test] INFO  http.HttpServer2 (HttpServer2.java:addFilter(1007)) - Added filter static_user_filter (class=org.apache.hadoop.http.lib.StaticUserWebFilter$StaticUserFilter) to context ozoneManager
2023-07-05 13:41:39,760 [Time-limited test] INFO  http.HttpServer2 (HttpServer2.java:addFilter(1015)) - Added filter static_user_filter (class=org.apache.hadoop.http.lib.StaticUserWebFilter$StaticUserFilter) to context logs
2023-07-05 13:41:39,760 [Time-limited test] INFO  http.HttpServer2 (HttpServer2.java:addFilter(1015)) - Added filter static_user_filter (class=org.apache.hadoop.http.lib.StaticUserWebFilter$StaticUserFilter) to context static
2023-07-05 13:41:39,764 [Time-limited test] INFO  http.BaseHttpServer (BaseHttpServer.java:<init>(190)) - HTTP server of ozoneManager uses base directory /home/runner/work/ozone/ozone/hadoop-ozone/integration-test/target/test-dir/MiniOzoneClusterImpl-4f26d1f9-f73a-4647-bb3a-126a945bf307/ozone-meta/webserver
2023-07-05 13:41:39,773 [Time-limited test] INFO  http.HttpServer2 (HttpServer2.java:bindListener(1250)) - Jetty bound to port 15005
2023-07-05 13:41:39,773 [Time-limited test] INFO  server.Server (Server.java:doStart(375)) - jetty-9.4.51.v20230217; built: 2023-02-17T08:19:37.309Z; git: b45c405e4544384de066f814ed42ae3dceacdd49; jvm 1.8.0_372-b07
2023-07-05 13:41:39,779 [Time-limited test] INFO  server.session (DefaultSessionIdManager.java:doStart(334)) - DefaultSessionIdManager workerName=node0
2023-07-05 13:41:39,779 [Time-limited test] INFO  server.session (DefaultSessionIdManager.java:doStart(339)) - No SessionScavenger set, using defaults
2023-07-05 13:41:39,780 [Time-limited test] INFO  server.session (HouseKeeper.java:startScavenging(132)) - node0 Scavenging every 600000ms
2023-07-05 13:41:39,780 [Time-limited test] INFO  handler.ContextHandler (ContextHandler.java:doStart(921)) - Started o.e.j.s.ServletContextHandler@1f5a5251{logs,/logs,file:///home/runner/work/ozone/ozone/hadoop-ozone/integration-test/target/log,AVAILABLE}
2023-07-05 13:41:39,781 [Time-limited test] INFO  handler.ContextHandler (ContextHandler.java:doStart(921)) - Started o.e.j.s.ServletContextHandler@333a8da7{static,/static,file:///home/runner/work/ozone/ozone/hadoop-ozone/integration-test/target/test-classes/webapps/static,AVAILABLE}
2023-07-05 13:41:39,785 [Time-limited test] INFO  handler.ContextHandler (ContextHandler.java:doStart(921)) - Started o.e.j.w.WebAppContext@7e47dd9f{ozoneManager,/,file:///home/runner/work/ozone/ozone/hadoop-ozone/integration-test/target/test-classes/webapps/ozoneManager/,AVAILABLE}{file:/home/runner/work/ozone/ozone/hadoop-ozone/integration-test/target/test-classes/webapps/ozoneManager}
2023-07-05 13:41:39,788 [Time-limited test] INFO  server.AbstractConnector (AbstractConnector.java:doStart(333)) - Started ServerConnector@4bf1ca04{HTTP/1.1, (http/1.1)}{0.0.0.0:15005}
2023-07-05 13:41:39,788 [Time-limited test] INFO  server.Server (Server.java:doStart(415)) - Started @9075ms
2023-07-05 13:41:39,789 [Time-limited test] WARN  impl.MetricsSystemImpl (MetricsSystemImpl.java:register(279)) - Sink prometheus already exists!
2023-07-05 13:41:39,789 [Time-limited test] INFO  http.BaseHttpServer (BaseHttpServer.java:updateConnectorAddress(344)) - HTTP server of ozoneManager listening at http://0.0.0.0:15005
2023-07-05 13:41:39,790 [IPC Server Responder] INFO  ipc.Server (Server.java:run(1562)) - IPC Server Responder: starting
2023-07-05 13:41:39,790 [IPC Server listener on 15004] INFO  ipc.Server (Server.java:run(1402)) - IPC Server listener on 15004: starting
2023-07-05 13:41:39,797 [Time-limited test] INFO  om.OzoneManager (OzoneManager.java:startTrashEmptier(2092)) - Trash Interval set to 0. Files deleted won't move to trash
2023-07-05 13:41:40,016 [Time-limited test] WARN  impl.MetricRegistriesImpl (MetricRegistriesImpl.java:addReporterRegistration(111)) - New reporters are added after registries were created. Some metrics will be missing from the reporter. Please add reporter before adding any new registry.
2023-07-05 13:41:40,017 [Time-limited test] WARN  impl.MetricRegistriesImpl (MetricRegistriesImpl.java:addReporterRegistration(111)) - New reporters are added after registries were created. Some metrics will be missing from the reporter. Please add reporter before adding any new registry.
2023-07-05 13:41:40,017 [Time-limited test] INFO  impl.MetricsSystemImpl (MetricsSystemImpl.java:init(158)) - HddsDatanode metrics system started (again)
2023-07-05 13:41:40,040 [Time-limited test] INFO  ozone.HddsDatanodeService (HddsDatanodeService.java:start(237)) - HddsDatanodeService host:fv-az264-29.ca02foy5wcnuvlrvrz2wi3p2og.dx.internal.cloudapp.net ip:10.1.0.13
2023-07-05 13:41:40,077 [Time-limited test] INFO  upgrade.AbstractLayoutVersionManager (AbstractLayoutVersionManager.java:init(83)) - Initializing Layout version manager with metadata layout = HADOOP_PRC_PORTS_IN_DATANODEDETAILS (version = 7), software layout = HADOOP_PRC_PORTS_IN_DATANODEDETAILS (version = 7)
2023-07-05 13:41:40,080 [Time-limited test] INFO  statemachine.DatanodeStateMachine (DatanodeStateMachine.java:getEndPointTaskThreadPoolSize(279)) - Datanode State Machine Task Thread Pool size 2
2023-07-05 13:41:40,154 [Time-limited test] INFO  volume.HddsVolume (HddsVolume.java:<init>(133)) - Creating HddsVolume: /home/runner/work/ozone/ozone/hadoop-ozone/integration-test/target/test-dir/MiniOzoneClusterImpl-4f26d1f9-f73a-4647-bb3a-126a945bf307/datanode-0/data-0/containers/hdds of storage type : DISK capacity : 9223372036854775807
2023-07-05 13:41:40,157 [Time-limited test] INFO  volume.MutableVolumeSet (MutableVolumeSet.java:initializeVolumeSet(175)) - Added Volume : /home/runner/work/ozone/ozone/hadoop-ozone/integration-test/target/test-dir/MiniOzoneClusterImpl-4f26d1f9-f73a-4647-bb3a-126a945bf307/datanode-0/data-0/containers/hdds to VolumeSet
2023-07-05 13:41:40,159 [Time-limited test] INFO  volume.ThrottledAsyncChecker (ThrottledAsyncChecker.java:schedule(141)) - Scheduling a check for /home/runner/work/ozone/ozone/hadoop-ozone/integration-test/target/test-dir/MiniOzoneClusterImpl-4f26d1f9-f73a-4647-bb3a-126a945bf307/datanode-0/data-0/containers/hdds
2023-07-05 13:41:40,191 [Time-limited test] INFO  volume.StorageVolumeChecker (StorageVolumeChecker.java:checkAllVolumes(202)) - Scheduled health check for volume /home/runner/work/ozone/ozone/hadoop-ozone/integration-test/target/test-dir/MiniOzoneClusterImpl-4f26d1f9-f73a-4647-bb3a-126a945bf307/datanode-0/data-0/containers/hdds
2023-07-05 13:41:40,199 [Time-limited test] INFO  volume.MutableVolumeSet (MutableVolumeSet.java:initializeVolumeSet(175)) - Added Volume : /home/runner/work/ozone/ozone/hadoop-ozone/integration-test/target/test-dir/MiniOzoneClusterImpl-4f26d1f9-f73a-4647-bb3a-126a945bf307/datanode-0/data/ratis to VolumeSet
2023-07-05 13:41:40,199 [Time-limited test] INFO  volume.ThrottledAsyncChecker (ThrottledAsyncChecker.java:schedule(141)) - Scheduling a check for /home/runner/work/ozone/ozone/hadoop-ozone/integration-test/target/test-dir/MiniOzoneClusterImpl-4f26d1f9-f73a-4647-bb3a-126a945bf307/datanode-0/data/ratis
2023-07-05 13:41:40,200 [Time-limited test] INFO  volume.StorageVolumeChecker (StorageVolumeChecker.java:checkAllVolumes(202)) - Scheduled health check for volume /home/runner/work/ozone/ozone/hadoop-ozone/integration-test/target/test-dir/MiniOzoneClusterImpl-4f26d1f9-f73a-4647-bb3a-126a945bf307/datanode-0/data/ratis
2023-07-05 13:41:40,219 [Thread-139] INFO  ozoneimpl.ContainerReader (ContainerReader.java:readVolume(175)) - Finish verifying containers on volume /home/runner/work/ozone/ozone/hadoop-ozone/integration-test/target/test-dir/MiniOzoneClusterImpl-4f26d1f9-f73a-4647-bb3a-126a945bf307/datanode-0/data-0/containers/hdds
2023-07-05 13:41:40,219 [Time-limited test] INFO  ozoneimpl.OzoneContainer (OzoneContainer.java:buildContainerSet(316)) - Build ContainerSet costs 0s
2023-07-05 13:41:40,278 [Time-limited test] INFO  audit.AuditLogger (AuditLogger.java:refreshDebugCmdSet(126)) - Refresh DebugCmdSet for DNAudit to [].
2023-07-05 13:41:40,312 [Time-limited test] INFO  server.RaftServer (ConfUtils.java:logGet(46)) - raft.rpc.type = GRPC (default)
2023-07-05 13:41:40,313 [Time-limited test] INFO  grpc.GrpcConfigKeys (ConfUtils.java:logFallback(53)) - raft.grpc.admin.host = null (fallback to raft.grpc.server.host)
2023-07-05 13:41:40,314 [Time-limited test] INFO  grpc.GrpcConfigKeys (ConfUtils.java:logGet(46)) - raft.grpc.admin.port = 15013 (custom)
2023-07-05 13:41:40,314 [Time-limited test] INFO  grpc.GrpcConfigKeys (ConfUtils.java:logFallback(53)) - raft.grpc.client.host = null (fallback to raft.grpc.server.host)
2023-07-05 13:41:40,314 [Time-limited test] INFO  grpc.GrpcConfigKeys (ConfUtils.java:logGet(46)) - raft.grpc.client.port = 15012 (custom)
2023-07-05 13:41:40,314 [Time-limited test] INFO  grpc.GrpcConfigKeys (ConfUtils.java:logGet(46)) - raft.grpc.server.host = null (default)
2023-07-05 13:41:40,314 [Time-limited test] INFO  grpc.GrpcConfigKeys (ConfUtils.java:logGet(46)) - raft.grpc.server.port = 15014 (custom)
2023-07-05 13:41:40,314 [Time-limited test] INFO  server.GrpcService (ConfUtils.java:logGet(46)) - raft.grpc.message.size.max = 32MB (=33554432) (custom)
2023-07-05 13:41:40,314 [Time-limited test] INFO  server.RaftServerConfigKeys (ConfUtils.java:logGet(46)) - raft.server.log.appender.buffer.byte-limit = 33554432 (custom)
2023-07-05 13:41:40,315 [Time-limited test] INFO  server.GrpcService (ConfUtils.java:logGet(46)) - raft.grpc.flow.control.window = 5MB (=5242880) (custom)
2023-07-05 13:41:40,315 [Time-limited test] INFO  server.RaftServerConfigKeys (ConfUtils.java:logGet(46)) - raft.server.rpc.request.timeout = 60s (custom)
2023-07-05 13:41:40,315 [Time-limited test] INFO  grpc.GrpcConfigKeys (ConfUtils.java:logGet(46)) - raft.grpc.server.heartbeat.channel = true (default)
2023-07-05 13:41:40,315 [Time-limited test] INFO  grpc.GrpcConfigKeys (ConfUtils.java:logGet(46)) - raft.grpc.server.async.request.thread.pool.cached = true (default)
2023-07-05 13:41:40,315 [Time-limited test] INFO  grpc.GrpcConfigKeys (ConfUtils.java:logGet(46)) - raft.grpc.server.async.request.thread.pool.size = 32 (default)
2023-07-05 13:41:40,318 [Time-limited test] INFO  impl.DataStreamServerImpl (ConfUtils.java:logGet(46)) - raft.datastream.type = NETTY (custom)
2023-07-05 13:41:40,329 [Time-limited test] INFO  server.RaftServerConfigKeys (ConfUtils.java:logGet(46)) - raft.server.data-stream.async.request.thread.pool.cached = false (default)
2023-07-05 13:41:40,329 [Time-limited test] INFO  server.RaftServerConfigKeys (ConfUtils.java:logGet(46)) - raft.server.data-stream.async.request.thread.pool.size = 20 (custom)
2023-07-05 13:41:40,330 [Time-limited test] INFO  server.RaftServerConfigKeys (ConfUtils.java:logGet(46)) - raft.server.data-stream.async.write.thread.pool.size = 16 (default)
2023-07-05 13:41:40,331 [Time-limited test] INFO  server.RaftServerConfigKeys (ConfUtils.java:logGet(46)) - raft.server.data-stream.client.pool.size = 10 (default)
2023-07-05 13:41:40,334 [Time-limited test] INFO  netty.NettyConfigKeys$DataStream (ConfUtils.java:logGet(46)) - raft.netty.dataStream.server.use-epoll = false (default)
2023-07-05 13:41:40,335 [Time-limited test] INFO  netty.NettyConfigKeys$DataStream (ConfUtils.java:logGet(46)) - raft.netty.dataStream.server.boss-group.size = 0 (default)
2023-07-05 13:41:40,343 [Time-limited test] INFO  netty.NettyConfigKeys$DataStream (ConfUtils.java:logGet(46)) - raft.netty.dataStream.server.worker-group.size = 0 (default)
2023-07-05 13:41:40,344 [Time-limited test] INFO  netty.NettyConfigKeys$DataStream (ConfUtils.java:logGet(46)) - raft.netty.dataStream.server.tls.conf = null (default)
2023-07-05 13:41:40,345 [Time-limited test] INFO  netty.NettyConfigKeys$DataStream (ConfUtils.java:logGet(46)) - raft.netty.dataStream.host = null (default)
2023-07-05 13:41:40,346 [Time-limited test] INFO  netty.NettyConfigKeys$DataStream (ConfUtils.java:logGet(46)) - raft.netty.dataStream.port = 15015 (custom)
2023-07-05 13:41:40,358 [Time-limited test] INFO  server.RaftServerConfigKeys (ConfUtils.java:logGet(46)) - raft.server.threadpool.proxy.cached = true (default)
2023-07-05 13:41:40,359 [Time-limited test] INFO  server.RaftServerConfigKeys (ConfUtils.java:logGet(46)) - raft.server.threadpool.proxy.size = 0 (default)
2023-07-05 13:41:40,359 [Time-limited test] INFO  server.RaftServerConfigKeys (ConfUtils.java:logGet(46)) - raft.server.rpc.slowness.timeout = 300s (custom)
2023-07-05 13:41:40,359 [Time-limited test] INFO  server.RaftServerConfigKeys (ConfUtils.java:logGet(46)) - raft.server.leaderelection.leader.step-down.wait-time = 10s (default)
2023-07-05 13:41:40,359 [Time-limited test] INFO  server.RaftServerConfigKeys (ConfUtils.java:logGet(46)) - raft.server.storage.dir = [/home/runner/work/ozone/ozone/hadoop-ozone/integration-test/target/test-dir/MiniOzoneClusterImpl-4f26d1f9-f73a-4647-bb3a-126a945bf307/datanode-0/data/ratis] (custom)
2023-07-05 13:41:40,386 [2fb81e1d-6d09-4813-9c49-550bf392ffad-NettyServerStreamRpc-bossGroup--thread1] INFO  logging.LoggingHandler (AbstractInternalLogger.java:log(148)) - [id: 0x22a4fe5c] REGISTERED
2023-07-05 13:41:40,386 [2fb81e1d-6d09-4813-9c49-550bf392ffad-NettyServerStreamRpc-bossGroup--thread1] INFO  logging.LoggingHandler (AbstractInternalLogger.java:log(148)) - [id: 0x22a4fe5c] BIND: 0.0.0.0/0.0.0.0:15015
2023-07-05 13:41:40,388 [2fb81e1d-6d09-4813-9c49-550bf392ffad-NettyServerStreamRpc-bossGroup--thread1] INFO  logging.LoggingHandler (AbstractInternalLogger.java:log(148)) - [id: 0x22a4fe5c, L:/0:0:0:0:0:0:0:0:15015] ACTIVE
2023-07-05 13:41:40,402 [Time-limited test] INFO  server.XceiverServerGrpc (XceiverServerGrpc.java:<init>(132)) - GrpcServer channel type EpollServerSocketChannel
2023-07-05 13:41:40,456 [Time-limited test] INFO  replication.ReplicationSupervisor (ReplicationSupervisor.java:nodeStateUpdated(305)) - Node state updated to IN_SERVICE, scaling executor pool size to 10
2023-07-05 13:41:40,515 [Time-limited test] INFO  http.BaseHttpServer (BaseHttpServer.java:newHttpServer2BuilderForOzone(224)) - Starting Web-server for hddsDatanode at: http://0.0.0.0:15009
2023-07-05 13:41:40,516 [Time-limited test] INFO  http.BaseHttpServer (BaseHttpServer.java:<init>(111)) - Hadoop Security Enabled: false Ozone Security Enabled: false Ozone HTTP Security Enabled: false 
2023-07-05 13:41:40,518 [Time-limited test] WARN  server.AuthenticationFilter (AuthenticationFilter.java:constructSecretProvider(240)) - Unable to initialize FileSignerSecretProvider, falling back to use random secrets. Reason: Could not read signature secret file: /home/runner/hadoop-http-auth-signature-secret
2023-07-05 13:41:40,519 [Time-limited test] INFO  http.HttpRequestLog (HttpRequestLog.java:getRequestLog(86)) - Http request log for http.requests.hddsDatanode is not defined
2023-07-05 13:41:40,520 [Time-limited test] INFO  http.HttpServer2 (HttpServer2.java:addGlobalFilter(1031)) - Added global filter 'safety' (class=org.apache.hadoop.hdds.server.http.HttpServer2$QuotingInputFilter)
2023-07-05 13:41:40,521 [Time-limited test] INFO  http.HttpServer2 (HttpServer2.java:addFilter(1007)) - Added filter static_user_filter (class=org.apache.hadoop.http.lib.StaticUserWebFilter$StaticUserFilter) to context hddsDatanode
2023-07-05 13:41:40,521 [Time-limited test] INFO  http.HttpServer2 (HttpServer2.java:addFilter(1015)) - Added filter static_user_filter (class=org.apache.hadoop.http.lib.StaticUserWebFilter$StaticUserFilter) to context static
2023-07-05 13:41:40,521 [Time-limited test] INFO  http.HttpServer2 (HttpServer2.java:addFilter(1015)) - Added filter static_user_filter (class=org.apache.hadoop.http.lib.StaticUserWebFilter$StaticUserFilter) to context logs
2023-07-05 13:41:40,525 [Time-limited test] INFO  http.BaseHttpServer (BaseHttpServer.java:<init>(190)) - HTTP server of hddsDatanode uses base directory /home/runner/work/ozone/ozone/hadoop-ozone/integration-test/target/test-dir/MiniOzoneClusterImpl-4f26d1f9-f73a-4647-bb3a-126a945bf307/datanode-0/meta/webserver
2023-07-05 13:41:40,525 [Time-limited test] INFO  http.HttpServer2 (HttpServer2.java:bindListener(1250)) - Jetty bound to port 15009
2023-07-05 13:41:40,526 [Time-limited test] INFO  server.Server (Server.java:doStart(375)) - jetty-9.4.51.v20230217; built: 2023-02-17T08:19:37.309Z; git: b45c405e4544384de066f814ed42ae3dceacdd49; jvm 1.8.0_372-b07
2023-07-05 13:41:40,528 [Time-limited test] INFO  server.session (DefaultSessionIdManager.java:doStart(334)) - DefaultSessionIdManager workerName=node0
2023-07-05 13:41:40,528 [Time-limited test] INFO  server.session (DefaultSessionIdManager.java:doStart(339)) - No SessionScavenger set, using defaults
2023-07-05 13:41:40,528 [Time-limited test] INFO  server.session (HouseKeeper.java:startScavenging(132)) - node0 Scavenging every 660000ms
2023-07-05 13:41:40,529 [Time-limited test] INFO  handler.ContextHandler (ContextHandler.java:doStart(921)) - Started o.e.j.s.ServletContextHandler@4f716a6e{logs,/logs,file:///home/runner/work/ozone/ozone/hadoop-ozone/integration-test/target/log,AVAILABLE}
2023-07-05 13:41:40,530 [Time-limited test] INFO  handler.ContextHandler (ContextHandler.java:doStart(921)) - Started o.e.j.s.ServletContextHandler@616e6c08{static,/static,jar:file:/home/runner/.m2/repository/org/apache/ozone/hdds-container-service/1.4.0-SNAPSHOT/hdds-container-service-1.4.0-SNAPSHOT.jar!/webapps/static,AVAILABLE}
2023-07-05 13:41:40,662 [ReplicationMonitor] INFO  replication.ReplicationManager (ReplicationManager.java:processAll(361)) - Replication Manager is not ready to run until 3000ms after safemode exit
2023-07-05 13:41:40,807 [om1@group-C5BA1605619E-FollowerState] INFO  impl.FollowerState (FollowerState.java:run(143)) - om1@group-C5BA1605619E-FollowerState: change to CANDIDATE, lastRpcElapsedTime:1162302987ns, electionTimeout:1150ms
2023-07-05 13:41:40,808 [om1@group-C5BA1605619E-FollowerState] INFO  impl.RoleInfo (RoleInfo.java:shutdownFollowerState(110)) - om1: shutdown om1@group-C5BA1605619E-FollowerState
2023-07-05 13:41:40,809 [om1@group-C5BA1605619E-FollowerState] INFO  server.RaftServer$Division (RaftServerImpl.java:setRole(329)) - om1@group-C5BA1605619E: changes role from  FOLLOWER to CANDIDATE at term 0 for changeToCandidate
2023-07-05 13:41:40,813 [om1@group-C5BA1605619E-FollowerState] INFO  server.RaftServerConfigKeys (ConfUtils.java:logGet(46)) - raft.server.leaderelection.pre-vote = true (default)
2023-07-05 13:41:40,813 [om1@group-C5BA1605619E-FollowerState] INFO  impl.RoleInfo (RoleInfo.java:updateAndGet(139)) - om1: start om1@group-C5BA1605619E-LeaderElection1
2023-07-05 13:41:40,821 [om1@group-C5BA1605619E-LeaderElection1] INFO  impl.LeaderElection (LeaderElection.java:askForVotes(321)) - om1@group-C5BA1605619E-LeaderElection1 PRE_VOTE round 0: submit vote requests at term 0 for -1: peers:[om1|rpc:localhost:15007|priority:0|startupRole:FOLLOWER]|listeners:[], old=null
2023-07-05 13:41:40,822 [om1@group-C5BA1605619E-LeaderElection1] INFO  impl.LeaderElection (LeaderElection.java:askForVotes(323)) - om1@group-C5BA1605619E-LeaderElection1 PRE_VOTE round 0: result PASSED (term=0)
2023-07-05 13:41:40,824 [om1@group-C5BA1605619E-LeaderElection1] INFO  impl.LeaderElection (LeaderElection.java:askForVotes(321)) - om1@group-C5BA1605619E-LeaderElection1 ELECTION round 0: submit vote requests at term 1 for -1: peers:[om1|rpc:localhost:15007|priority:0|startupRole:FOLLOWER]|listeners:[], old=null
2023-07-05 13:41:40,824 [om1@group-C5BA1605619E-LeaderElection1] INFO  impl.LeaderElection (LeaderElection.java:askForVotes(323)) - om1@group-C5BA1605619E-LeaderElection1 ELECTION round 0: result PASSED (term=1)
2023-07-05 13:41:40,825 [om1@group-C5BA1605619E-LeaderElection1] INFO  impl.RoleInfo (RoleInfo.java:shutdownLeaderElection(130)) - om1: shutdown om1@group-C5BA1605619E-LeaderElection1
2023-07-05 13:41:40,825 [Time-limited test] INFO  handler.ContextHandler (ContextHandler.java:doStart(921)) - Started o.e.j.w.WebAppContext@7b48c6a3{hddsDatanode,/,file:///home/runner/work/ozone/ozone/hadoop-ozone/integration-test/target/test-dir/MiniOzoneClusterImpl-4f26d1f9-f73a-4647-bb3a-126a945bf307/datanode-0/meta/webserver/jetty-0_0_0_0-15009-hdds-container-service-1_4_0-SNAPSHOT_jar-_-any-385687359991811449/webapp/,AVAILABLE}{jar:file:/home/runner/.m2/repository/org/apache/ozone/hdds-container-service/1.4.0-SNAPSHOT/hdds-container-service-1.4.0-SNAPSHOT.jar!/webapps/hddsDatanode}
2023-07-05 13:41:40,825 [om1@group-C5BA1605619E-LeaderElection1] INFO  server.RaftServer$Division (RaftServerImpl.java:setRole(329)) - om1@group-C5BA1605619E: changes role from CANDIDATE to LEADER at term 1 for changeToLeader
2023-07-05 13:41:40,828 [om1@group-C5BA1605619E-LeaderElection1] INFO  server.RaftServer$Division (ServerState.java:setLeader(317)) - om1@group-C5BA1605619E: change Leader from null to om1 at term 1 for becomeLeader, leader elected after 2260ms
2023-07-05 13:41:40,836 [om1@group-C5BA1605619E-LeaderElection1] INFO  server.RaftServerConfigKeys (ConfUtils.java:logGet(46)) - raft.server.staging.catchup.gap = 1000 (default)
2023-07-05 13:41:40,841 [om1@group-C5BA1605619E-LeaderElection1] INFO  server.RaftServerConfigKeys (ConfUtils.java:logGet(46)) - raft.server.write.element-limit = 4096 (default)
2023-07-05 13:41:40,842 [om1@group-C5BA1605619E-LeaderElection1] INFO  server.RaftServerConfigKeys (ConfUtils.java:logGet(46)) - raft.server.write.byte-limit = 64MB (=67108864) (default)
2023-07-05 13:41:40,846 [om1@group-C5BA1605619E-LeaderElection1] INFO  server.RaftServerConfigKeys (ConfUtils.java:logGet(46)) - raft.server.watch.timeout = 10s (default)
2023-07-05 13:41:40,847 [om1@group-C5BA1605619E-LeaderElection1] INFO  server.RaftServerConfigKeys (ConfUtils.java:logGet(46)) - raft.server.watch.timeout.denomination = 1s (default)
2023-07-05 13:41:40,848 [om1@group-C5BA1605619E-LeaderElection1] INFO  server.RaftServerConfigKeys (ConfUtils.java:logGet(46)) - raft.server.watch.element-limit = 65536 (default)
2023-07-05 13:41:40,856 [Time-limited test] INFO  server.AbstractConnector (AbstractConnector.java:doStart(333)) - Started ServerConnector@158d2eb3{HTTP/1.1, (http/1.1)}{0.0.0.0:15009}
2023-07-05 13:41:40,857 [Time-limited test] INFO  server.Server (Server.java:doStart(415)) - Started @10143ms
2023-07-05 13:41:40,857 [Time-limited test] WARN  impl.MetricsSystemImpl (MetricsSystemImpl.java:register(279)) - Sink prometheus already exists!
2023-07-05 13:41:40,858 [Time-limited test] INFO  http.BaseHttpServer (BaseHttpServer.java:updateConnectorAddress(344)) - HTTP server of hddsDatanode listening at http://0.0.0.0:15009
2023-07-05 13:41:40,859 [om1@group-C5BA1605619E-LeaderElection1] INFO  server.RaftServerConfigKeys (ConfUtils.java:logGet(46)) - raft.server.write.element-limit = 4096 (default)
2023-07-05 13:41:40,862 [Time-limited test] INFO  ipc.CallQueueManager (CallQueueManager.java:<init>(90)) - Using callQueue: class java.util.concurrent.LinkedBlockingQueue, queueCapacity: 100, scheduler: class org.apache.hadoop.ipc.DefaultRpcScheduler, ipcBackoff: false.
2023-07-05 13:41:40,862 [Time-limited test] INFO  ipc.Server (Server.java:<init>(1287)) - Listener at 0.0.0.0:15010
2023-07-05 13:41:40,863 [om1@group-C5BA1605619E-LeaderElection1] INFO  server.RaftServerConfigKeys (ConfUtils.java:logGet(46)) - raft.server.write.follower.gap.ratio.max = -1.0 (default)
2023-07-05 13:41:40,866 [om1@group-C5BA1605619E-LeaderElection1] INFO  impl.RoleInfo (RoleInfo.java:updateAndGet(139)) - om1: start om1@group-C5BA1605619E-LeaderStateImpl
2023-07-05 13:41:40,870 [Socket Reader #1 for port 15010] INFO  ipc.Server (Server.java:run(1323)) - Starting Socket Reader #1 for port 15010
2023-07-05 13:41:40,881 [Time-limited test] INFO  ozone.HddsDatanodeService (HddsDatanodeService.java:start(315)) - Datanode start with admins: [runner]
2023-07-05 13:41:40,881 [Time-limited test] INFO  ozone.HddsDatanodeClientProtocolServer (HddsDatanodeClientProtocolServer.java:start(72)) - RPC server for Client /0.0.0.0:15010
2023-07-05 13:41:40,886 [IPC Server Responder] INFO  ipc.Server (Server.java:run(1562)) - IPC Server Responder: starting
2023-07-05 13:41:40,889 [IPC Server listener on 15010] INFO  ipc.Server (Server.java:run(1402)) - IPC Server listener on 15010: starting
2023-07-05 13:41:40,895 [Time-limited test] WARN  impl.MetricRegistriesImpl (MetricRegistriesImpl.java:addReporterRegistration(111)) - New reporters are added after registries were created. Some metrics will be missing from the reporter. Please add reporter before adding any new registry.
2023-07-05 13:41:40,895 [Time-limited test] WARN  impl.MetricRegistriesImpl (MetricRegistriesImpl.java:addReporterRegistration(111)) - New reporters are added after registries were created. Some metrics will be missing from the reporter. Please add reporter before adding any new registry.
2023-07-05 13:41:40,895 [Time-limited test] INFO  impl.MetricsSystemImpl (MetricsSystemImpl.java:init(158)) - HddsDatanode metrics system started (again)
2023-07-05 13:41:40,896 [Datanode State Machine Daemon Thread] INFO  statemachine.DatanodeStateMachine (DatanodeStateMachine.java:lambda$startDaemon$0(531)) - Ozone container server started.
2023-07-05 13:41:40,902 [om1@group-C5BA1605619E-LeaderElection1] INFO  segmented.SegmentedRaftLogWorker (SegmentedRaftLogWorker.java:startLogSegment(447)) - om1@group-C5BA1605619E-SegmentedRaftLogWorker: Starting segment from index:0
2023-07-05 13:41:40,956 [Time-limited test] INFO  ozone.HddsDatanodeService (HddsDatanodeService.java:start(237)) - HddsDatanodeService host:fv-az264-29.ca02foy5wcnuvlrvrz2wi3p2og.dx.internal.cloudapp.net ip:10.1.0.13
2023-07-05 13:41:41,001 [Time-limited test] INFO  upgrade.AbstractLayoutVersionManager (AbstractLayoutVersionManager.java:init(83)) - Initializing Layout version manager with metadata layout = HADOOP_PRC_PORTS_IN_DATANODEDETAILS (version = 7), software layout = HADOOP_PRC_PORTS_IN_DATANODEDETAILS (version = 7)
2023-07-05 13:41:41,002 [Time-limited test] INFO  statemachine.DatanodeStateMachine (DatanodeStateMachine.java:getEndPointTaskThreadPoolSize(279)) - Datanode State Machine Task Thread Pool size 2
2023-07-05 13:41:41,024 [Time-limited test] INFO  volume.HddsVolume (HddsVolume.java:<init>(133)) - Creating HddsVolume: /home/runner/work/ozone/ozone/hadoop-ozone/integration-test/target/test-dir/MiniOzoneClusterImpl-4f26d1f9-f73a-4647-bb3a-126a945bf307/datanode-1/data-0/containers/hdds of storage type : DISK capacity : 9223372036854775807
2023-07-05 13:41:41,024 [Time-limited test] INFO  volume.MutableVolumeSet (MutableVolumeSet.java:initializeVolumeSet(175)) - Added Volume : /home/runner/work/ozone/ozone/hadoop-ozone/integration-test/target/test-dir/MiniOzoneClusterImpl-4f26d1f9-f73a-4647-bb3a-126a945bf307/datanode-1/data-0/containers/hdds to VolumeSet
2023-07-05 13:41:41,025 [Time-limited test] INFO  volume.ThrottledAsyncChecker (ThrottledAsyncChecker.java:schedule(141)) - Scheduling a check for /home/runner/work/ozone/ozone/hadoop-ozone/integration-test/target/test-dir/MiniOzoneClusterImpl-4f26d1f9-f73a-4647-bb3a-126a945bf307/datanode-1/data-0/containers/hdds
2023-07-05 13:41:41,026 [om1@group-C5BA1605619E-LeaderElection1] INFO  server.RaftServer$Division (ServerState.java:setRaftConf(434)) - om1@group-C5BA1605619E: set configuration 0: peers:[om1|rpc:localhost:15007|admin:|client:|dataStream:|priority:0|startupRole:FOLLOWER]|listeners:[], old=null
2023-07-05 13:41:41,031 [Time-limited test] INFO  volume.StorageVolumeChecker (StorageVolumeChecker.java:checkAllVolumes(202)) - Scheduled health check for volume /home/runner/work/ozone/ozone/hadoop-ozone/integration-test/target/test-dir/MiniOzoneClusterImpl-4f26d1f9-f73a-4647-bb3a-126a945bf307/datanode-1/data-0/containers/hdds
2023-07-05 13:41:41,043 [Time-limited test] INFO  volume.MutableVolumeSet (MutableVolumeSet.java:initializeVolumeSet(175)) - Added Volume : /home/runner/work/ozone/ozone/hadoop-ozone/integration-test/target/test-dir/MiniOzoneClusterImpl-4f26d1f9-f73a-4647-bb3a-126a945bf307/datanode-1/data/ratis to VolumeSet
2023-07-05 13:41:41,045 [Time-limited test] INFO  volume.ThrottledAsyncChecker (ThrottledAsyncChecker.java:schedule(141)) - Scheduling a check for /home/runner/work/ozone/ozone/hadoop-ozone/integration-test/target/test-dir/MiniOzoneClusterImpl-4f26d1f9-f73a-4647-bb3a-126a945bf307/datanode-1/data/ratis
2023-07-05 13:41:41,045 [Time-limited test] INFO  volume.StorageVolumeChecker (StorageVolumeChecker.java:checkAllVolumes(202)) - Scheduled health check for volume /home/runner/work/ozone/ozone/hadoop-ozone/integration-test/target/test-dir/MiniOzoneClusterImpl-4f26d1f9-f73a-4647-bb3a-126a945bf307/datanode-1/data/ratis
2023-07-05 13:41:41,050 [Thread-158] INFO  ozoneimpl.ContainerReader (ContainerReader.java:readVolume(175)) - Finish verifying containers on volume /home/runner/work/ozone/ozone/hadoop-ozone/integration-test/target/test-dir/MiniOzoneClusterImpl-4f26d1f9-f73a-4647-bb3a-126a945bf307/datanode-1/data-0/containers/hdds
2023-07-05 13:41:41,058 [Time-limited test] INFO  ozoneimpl.OzoneContainer (OzoneContainer.java:buildContainerSet(316)) - Build ContainerSet costs 0s
2023-07-05 13:41:41,062 [Time-limited test] INFO  server.RaftServer (ConfUtils.java:logGet(46)) - raft.rpc.type = GRPC (default)
2023-07-05 13:41:41,062 [Time-limited test] INFO  grpc.GrpcConfigKeys (ConfUtils.java:logFallback(53)) - raft.grpc.admin.host = null (fallback to raft.grpc.server.host)
2023-07-05 13:41:41,062 [Time-limited test] INFO  grpc.GrpcConfigKeys (ConfUtils.java:logGet(46)) - raft.grpc.admin.port = 15022 (custom)
2023-07-05 13:41:41,062 [Time-limited test] INFO  grpc.GrpcConfigKeys (ConfUtils.java:logFallback(53)) - raft.grpc.client.host = null (fallback to raft.grpc.server.host)
2023-07-05 13:41:41,063 [Time-limited test] INFO  grpc.GrpcConfigKeys (ConfUtils.java:logGet(46)) - raft.grpc.client.port = 15021 (custom)
2023-07-05 13:41:41,063 [Time-limited test] INFO  grpc.GrpcConfigKeys (ConfUtils.java:logGet(46)) - raft.grpc.server.host = null (default)
2023-07-05 13:41:41,063 [Time-limited test] INFO  grpc.GrpcConfigKeys (ConfUtils.java:logGet(46)) - raft.grpc.server.port = 15023 (custom)
2023-07-05 13:41:41,063 [Time-limited test] INFO  server.GrpcService (ConfUtils.java:logGet(46)) - raft.grpc.message.size.max = 32MB (=33554432) (custom)
2023-07-05 13:41:41,063 [Time-limited test] INFO  server.RaftServerConfigKeys (ConfUtils.java:logGet(46)) - raft.server.log.appender.buffer.byte-limit = 33554432 (custom)
2023-07-05 13:41:41,063 [Time-limited test] INFO  server.GrpcService (ConfUtils.java:logGet(46)) - raft.grpc.flow.control.window = 5MB (=5242880) (custom)
2023-07-05 13:41:41,063 [Time-limited test] INFO  server.RaftServerConfigKeys (ConfUtils.java:logGet(46)) - raft.server.rpc.request.timeout = 60s (custom)
2023-07-05 13:41:41,063 [Time-limited test] INFO  grpc.GrpcConfigKeys (ConfUtils.java:logGet(46)) - raft.grpc.server.heartbeat.channel = true (default)
2023-07-05 13:41:41,063 [Time-limited test] INFO  grpc.GrpcConfigKeys (ConfUtils.java:logGet(46)) - raft.grpc.server.async.request.thread.pool.cached = true (default)
2023-07-05 13:41:41,064 [Time-limited test] INFO  grpc.GrpcConfigKeys (ConfUtils.java:logGet(46)) - raft.grpc.server.async.request.thread.pool.size = 32 (default)
2023-07-05 13:41:41,069 [Time-limited test] INFO  impl.DataStreamServerImpl (ConfUtils.java:logGet(46)) - raft.datastream.type = NETTY (custom)
2023-07-05 13:41:41,070 [Time-limited test] INFO  server.RaftServerConfigKeys (ConfUtils.java:logGet(46)) - raft.server.data-stream.async.request.thread.pool.cached = false (default)
2023-07-05 13:41:41,070 [Time-limited test] INFO  server.RaftServerConfigKeys (ConfUtils.java:logGet(46)) - raft.server.data-stream.async.request.thread.pool.size = 20 (custom)
2023-07-05 13:41:41,070 [Time-limited test] INFO  server.RaftServerConfigKeys (ConfUtils.java:logGet(46)) - raft.server.data-stream.async.write.thread.pool.size = 16 (default)
2023-07-05 13:41:41,070 [Time-limited test] INFO  server.RaftServerConfigKeys (ConfUtils.java:logGet(46)) - raft.server.data-stream.client.pool.size = 10 (default)
2023-07-05 13:41:41,070 [Time-limited test] INFO  netty.NettyConfigKeys$DataStream (ConfUtils.java:logGet(46)) - raft.netty.dataStream.server.use-epoll = false (default)
2023-07-05 13:41:41,070 [Time-limited test] INFO  netty.NettyConfigKeys$DataStream (ConfUtils.java:logGet(46)) - raft.netty.dataStream.server.boss-group.size = 0 (default)
2023-07-05 13:41:41,071 [Time-limited test] INFO  netty.NettyConfigKeys$DataStream (ConfUtils.java:logGet(46)) - raft.netty.dataStream.server.worker-group.size = 0 (default)
2023-07-05 13:41:41,071 [Time-limited test] INFO  netty.NettyConfigKeys$DataStream (ConfUtils.java:logGet(46)) - raft.netty.dataStream.server.tls.conf = null (default)
2023-07-05 13:41:41,071 [Time-limited test] INFO  netty.NettyConfigKeys$DataStream (ConfUtils.java:logGet(46)) - raft.netty.dataStream.host = null (default)
2023-07-05 13:41:41,071 [Time-limited test] INFO  netty.NettyConfigKeys$DataStream (ConfUtils.java:logGet(46)) - raft.netty.dataStream.port = 15024 (custom)
2023-07-05 13:41:41,094 [Time-limited test] INFO  server.RaftServerConfigKeys (ConfUtils.java:logGet(46)) - raft.server.threadpool.proxy.cached = true (default)
2023-07-05 13:41:41,094 [Time-limited test] INFO  server.RaftServerConfigKeys (ConfUtils.java:logGet(46)) - raft.server.threadpool.proxy.size = 0 (default)
2023-07-05 13:41:41,095 [Time-limited test] INFO  server.RaftServerConfigKeys (ConfUtils.java:logGet(46)) - raft.server.rpc.slowness.timeout = 300s (custom)
2023-07-05 13:41:41,095 [Time-limited test] INFO  server.RaftServerConfigKeys (ConfUtils.java:logGet(46)) - raft.server.leaderelection.leader.step-down.wait-time = 10s (default)
2023-07-05 13:41:41,095 [Time-limited test] INFO  server.RaftServerConfigKeys (ConfUtils.java:logGet(46)) - raft.server.storage.dir = [/home/runner/work/ozone/ozone/hadoop-ozone/integration-test/target/test-dir/MiniOzoneClusterImpl-4f26d1f9-f73a-4647-bb3a-126a945bf307/datanode-1/data/ratis] (custom)
2023-07-05 13:41:41,099 [3d2757fa-b181-4803-bdc5-b482e758aadc-NettyServerStreamRpc-bossGroup--thread1] INFO  logging.LoggingHandler (AbstractInternalLogger.java:log(148)) - [id: 0xd1a1f350] REGISTERED
2023-07-05 13:41:41,099 [3d2757fa-b181-4803-bdc5-b482e758aadc-NettyServerStreamRpc-bossGroup--thread1] INFO  logging.LoggingHandler (AbstractInternalLogger.java:log(148)) - [id: 0xd1a1f350] BIND: 0.0.0.0/0.0.0.0:15024
2023-07-05 13:41:41,099 [3d2757fa-b181-4803-bdc5-b482e758aadc-NettyServerStreamRpc-bossGroup--thread1] INFO  logging.LoggingHandler (AbstractInternalLogger.java:log(148)) - [id: 0xd1a1f350, L:/0:0:0:0:0:0:0:0:15024] ACTIVE
2023-07-05 13:41:41,101 [Time-limited test] INFO  server.XceiverServerGrpc (XceiverServerGrpc.java:<init>(132)) - GrpcServer channel type EpollServerSocketChannel
2023-07-05 13:41:41,106 [Time-limited test] INFO  replication.ReplicationSupervisor (ReplicationSupervisor.java:nodeStateUpdated(305)) - Node state updated to IN_SERVICE, scaling executor pool size to 10
2023-07-05 13:41:41,108 [om1@group-C5BA1605619E-SegmentedRaftLogWorker] INFO  segmented.SegmentedRaftLogWorker (SegmentedRaftLogWorker.java:execute(651)) - om1@group-C5BA1605619E-SegmentedRaftLogWorker: created new log segment /home/runner/work/ozone/ozone/hadoop-ozone/integration-test/target/test-dir/MiniOzoneClusterImpl-4f26d1f9-f73a-4647-bb3a-126a945bf307/ozone-meta/ratis/bf265839-605b-3f16-9796-c5ba1605619e/current/log_inprogress_0
2023-07-05 13:41:41,116 [Time-limited test] INFO  http.BaseHttpServer (BaseHttpServer.java:newHttpServer2BuilderForOzone(224)) - Starting Web-server for hddsDatanode at: http://0.0.0.0:15018
2023-07-05 13:41:41,116 [Time-limited test] INFO  http.BaseHttpServer (BaseHttpServer.java:<init>(111)) - Hadoop Security Enabled: false Ozone Security Enabled: false Ozone HTTP Security Enabled: false 
2023-07-05 13:41:41,136 [Time-limited test] WARN  server.AuthenticationFilter (AuthenticationFilter.java:constructSecretProvider(240)) - Unable to initialize FileSignerSecretProvider, falling back to use random secrets. Reason: Could not read signature secret file: /home/runner/hadoop-http-auth-signature-secret
2023-07-05 13:41:41,140 [Time-limited test] INFO  http.HttpRequestLog (HttpRequestLog.java:getRequestLog(86)) - Http request log for http.requests.hddsDatanode is not defined
2023-07-05 13:41:41,142 [Time-limited test] INFO  http.HttpServer2 (HttpServer2.java:addGlobalFilter(1031)) - Added global filter 'safety' (class=org.apache.hadoop.hdds.server.http.HttpServer2$QuotingInputFilter)
2023-07-05 13:41:41,143 [Time-limited test] INFO  http.HttpServer2 (HttpServer2.java:addFilter(1007)) - Added filter static_user_filter (class=org.apache.hadoop.http.lib.StaticUserWebFilter$StaticUserFilter) to context hddsDatanode
2023-07-05 13:41:41,143 [Time-limited test] INFO  http.HttpServer2 (HttpServer2.java:addFilter(1015)) - Added filter static_user_filter (class=org.apache.hadoop.http.lib.StaticUserWebFilter$StaticUserFilter) to context logs
2023-07-05 13:41:41,145 [Time-limited test] INFO  http.HttpServer2 (HttpServer2.java:addFilter(1015)) - Added filter static_user_filter (class=org.apache.hadoop.http.lib.StaticUserWebFilter$StaticUserFilter) to context static
2023-07-05 13:41:41,146 [Time-limited test] INFO  http.BaseHttpServer (BaseHttpServer.java:<init>(190)) - HTTP server of hddsDatanode uses base directory /home/runner/work/ozone/ozone/hadoop-ozone/integration-test/target/test-dir/MiniOzoneClusterImpl-4f26d1f9-f73a-4647-bb3a-126a945bf307/datanode-1/meta/webserver
2023-07-05 13:41:41,146 [Time-limited test] INFO  http.HttpServer2 (HttpServer2.java:bindListener(1250)) - Jetty bound to port 15018
2023-07-05 13:41:41,146 [Time-limited test] INFO  server.Server (Server.java:doStart(375)) - jetty-9.4.51.v20230217; built: 2023-02-17T08:19:37.309Z; git: b45c405e4544384de066f814ed42ae3dceacdd49; jvm 1.8.0_372-b07
2023-07-05 13:41:41,198 [Time-limited test] INFO  server.session (DefaultSessionIdManager.java:doStart(334)) - DefaultSessionIdManager workerName=node0
2023-07-05 13:41:41,199 [Time-limited test] INFO  server.session (DefaultSessionIdManager.java:doStart(339)) - No SessionScavenger set, using defaults
2023-07-05 13:41:41,199 [Time-limited test] INFO  server.session (HouseKeeper.java:startScavenging(132)) - node0 Scavenging every 600000ms
2023-07-05 13:41:41,200 [Time-limited test] INFO  handler.ContextHandler (ContextHandler.java:doStart(921)) - Started o.e.j.s.ServletContextHandler@6721a127{logs,/logs,file:///home/runner/work/ozone/ozone/hadoop-ozone/integration-test/target/log,AVAILABLE}
2023-07-05 13:41:41,200 [Time-limited test] INFO  handler.ContextHandler (ContextHandler.java:doStart(921)) - Started o.e.j.s.ServletContextHandler@6ea1e62d{static,/static,jar:file:/home/runner/.m2/repository/org/apache/ozone/hdds-container-service/1.4.0-SNAPSHOT/hdds-container-service-1.4.0-SNAPSHOT.jar!/webapps/static,AVAILABLE}
2023-07-05 13:41:41,277 [Datanode State Machine Task Thread - 0] INFO  datanode.InitDatanodeState (InitDatanodeState.java:persistContainerDatanodeDetails(138)) - DatanodeDetails is persisted to /home/runner/work/ozone/ozone/hadoop-ozone/integration-test/target/test-dir/MiniOzoneClusterImpl-4f26d1f9-f73a-4647-bb3a-126a945bf307/datanode-0/meta/datanode.id
2023-07-05 13:41:41,322 [om1@group-C5BA1605619E-StateMachineUpdater] INFO  ratis.OzoneManagerStateMachine (OzoneManagerStateMachine.java:notifyConfigurationChanged(201)) - Received Configuration change notification from Ratis. New Peer list:
[id: "om1"
address: "localhost:15007"
startupRole: FOLLOWER
]
2023-07-05 13:41:41,498 [Time-limited test] INFO  handler.ContextHandler (ContextHandler.java:doStart(921)) - Started o.e.j.w.WebAppContext@72b7556b{hddsDatanode,/,file:///home/runner/work/ozone/ozone/hadoop-ozone/integration-test/target/test-dir/MiniOzoneClusterImpl-4f26d1f9-f73a-4647-bb3a-126a945bf307/datanode-1/meta/webserver/jetty-0_0_0_0-15018-hdds-container-service-1_4_0-SNAPSHOT_jar-_-any-849573346533929781/webapp/,AVAILABLE}{jar:file:/home/runner/.m2/repository/org/apache/ozone/hdds-container-service/1.4.0-SNAPSHOT/hdds-container-service-1.4.0-SNAPSHOT.jar!/webapps/hddsDatanode}
2023-07-05 13:41:41,500 [Time-limited test] INFO  server.AbstractConnector (AbstractConnector.java:doStart(333)) - Started ServerConnector@4bcbc4ac{HTTP/1.1, (http/1.1)}{0.0.0.0:15018}
2023-07-05 13:41:41,500 [Time-limited test] INFO  server.Server (Server.java:doStart(415)) - Started @10786ms
2023-07-05 13:41:41,500 [Time-limited test] WARN  impl.MetricsSystemImpl (MetricsSystemImpl.java:register(279)) - Sink prometheus already exists!
2023-07-05 13:41:41,501 [Time-limited test] INFO  http.BaseHttpServer (BaseHttpServer.java:updateConnectorAddress(344)) - HTTP server of hddsDatanode listening at http://0.0.0.0:15018
2023-07-05 13:41:41,501 [Time-limited test] INFO  ipc.CallQueueManager (CallQueueManager.java:<init>(90)) - Using callQueue: class java.util.concurrent.LinkedBlockingQueue, queueCapacity: 100, scheduler: class org.apache.hadoop.ipc.DefaultRpcScheduler, ipcBackoff: false.
2023-07-05 13:41:41,501 [Time-limited test] INFO  ipc.Server (Server.java:<init>(1287)) - Listener at 0.0.0.0:15019
2023-07-05 13:41:41,502 [Socket Reader #1 for port 15019] INFO  ipc.Server (Server.java:run(1323)) - Starting Socket Reader #1 for port 15019
2023-07-05 13:41:41,509 [Time-limited test] INFO  ozone.HddsDatanodeService (HddsDatanodeService.java:start(315)) - Datanode start with admins: [runner]
2023-07-05 13:41:41,510 [Time-limited test] INFO  ozone.HddsDatanodeClientProtocolServer (HddsDatanodeClientProtocolServer.java:start(72)) - RPC server for Client /0.0.0.0:15019
2023-07-05 13:41:41,510 [IPC Server Responder] INFO  ipc.Server (Server.java:run(1562)) - IPC Server Responder: starting
2023-07-05 13:41:41,514 [IPC Server listener on 15019] INFO  ipc.Server (Server.java:run(1402)) - IPC Server listener on 15019: starting
2023-07-05 13:41:41,515 [Time-limited test] WARN  impl.MetricRegistriesImpl (MetricRegistriesImpl.java:addReporterRegistration(111)) - New reporters are added after registries were created. Some metrics will be missing from the reporter. Please add reporter before adding any new registry.
2023-07-05 13:41:41,515 [Time-limited test] WARN  impl.MetricRegistriesImpl (MetricRegistriesImpl.java:addReporterRegistration(111)) - New reporters are added after registries were created. Some metrics will be missing from the reporter. Please add reporter before adding any new registry.
2023-07-05 13:41:41,515 [Time-limited test] INFO  impl.MetricsSystemImpl (MetricsSystemImpl.java:init(158)) - HddsDatanode metrics system started (again)
2023-07-05 13:41:41,527 [Datanode State Machine Daemon Thread] INFO  statemachine.DatanodeStateMachine (DatanodeStateMachine.java:lambda$startDaemon$0(531)) - Ozone container server started.
2023-07-05 13:41:41,541 [Time-limited test] INFO  ozone.HddsDatanodeService (HddsDatanodeService.java:start(237)) - HddsDatanodeService host:fv-az264-29.ca02foy5wcnuvlrvrz2wi3p2og.dx.internal.cloudapp.net ip:10.1.0.13
2023-07-05 13:41:41,551 [Datanode State Machine Task Thread - 0] INFO  datanode.InitDatanodeState (InitDatanodeState.java:persistContainerDatanodeDetails(138)) - DatanodeDetails is persisted to /home/runner/work/ozone/ozone/hadoop-ozone/integration-test/target/test-dir/MiniOzoneClusterImpl-4f26d1f9-f73a-4647-bb3a-126a945bf307/datanode-1/meta/datanode.id
2023-07-05 13:41:41,575 [Time-limited test] INFO  upgrade.AbstractLayoutVersionManager (AbstractLayoutVersionManager.java:init(83)) - Initializing Layout version manager with metadata layout = HADOOP_PRC_PORTS_IN_DATANODEDETAILS (version = 7), software layout = HADOOP_PRC_PORTS_IN_DATANODEDETAILS (version = 7)
2023-07-05 13:41:41,576 [Time-limited test] INFO  statemachine.DatanodeStateMachine (DatanodeStateMachine.java:getEndPointTaskThreadPoolSize(279)) - Datanode State Machine Task Thread Pool size 2
2023-07-05 13:41:41,578 [Time-limited test] INFO  volume.HddsVolume (HddsVolume.java:<init>(133)) - Creating HddsVolume: /home/runner/work/ozone/ozone/hadoop-ozone/integration-test/target/test-dir/MiniOzoneClusterImpl-4f26d1f9-f73a-4647-bb3a-126a945bf307/datanode-2/data-0/containers/hdds of storage type : DISK capacity : 9223372036854775807
2023-07-05 13:41:41,579 [Time-limited test] INFO  volume.MutableVolumeSet (MutableVolumeSet.java:initializeVolumeSet(175)) - Added Volume : /home/runner/work/ozone/ozone/hadoop-ozone/integration-test/target/test-dir/MiniOzoneClusterImpl-4f26d1f9-f73a-4647-bb3a-126a945bf307/datanode-2/data-0/containers/hdds to VolumeSet
2023-07-05 13:41:41,579 [Time-limited test] INFO  volume.ThrottledAsyncChecker (ThrottledAsyncChecker.java:schedule(141)) - Scheduling a check for /home/runner/work/ozone/ozone/hadoop-ozone/integration-test/target/test-dir/MiniOzoneClusterImpl-4f26d1f9-f73a-4647-bb3a-126a945bf307/datanode-2/data-0/containers/hdds
2023-07-05 13:41:41,586 [Time-limited test] INFO  volume.StorageVolumeChecker (StorageVolumeChecker.java:checkAllVolumes(202)) - Scheduled health check for volume /home/runner/work/ozone/ozone/hadoop-ozone/integration-test/target/test-dir/MiniOzoneClusterImpl-4f26d1f9-f73a-4647-bb3a-126a945bf307/datanode-2/data-0/containers/hdds
2023-07-05 13:41:41,592 [Time-limited test] INFO  volume.MutableVolumeSet (MutableVolumeSet.java:initializeVolumeSet(175)) - Added Volume : /home/runner/work/ozone/ozone/hadoop-ozone/integration-test/target/test-dir/MiniOzoneClusterImpl-4f26d1f9-f73a-4647-bb3a-126a945bf307/datanode-2/data/ratis to VolumeSet
2023-07-05 13:41:41,592 [Time-limited test] INFO  volume.ThrottledAsyncChecker (ThrottledAsyncChecker.java:schedule(141)) - Scheduling a check for /home/runner/work/ozone/ozone/hadoop-ozone/integration-test/target/test-dir/MiniOzoneClusterImpl-4f26d1f9-f73a-4647-bb3a-126a945bf307/datanode-2/data/ratis
2023-07-05 13:41:41,593 [Time-limited test] INFO  volume.StorageVolumeChecker (StorageVolumeChecker.java:checkAllVolumes(202)) - Scheduled health check for volume /home/runner/work/ozone/ozone/hadoop-ozone/integration-test/target/test-dir/MiniOzoneClusterImpl-4f26d1f9-f73a-4647-bb3a-126a945bf307/datanode-2/data/ratis
2023-07-05 13:41:41,594 [Thread-175] INFO  ozoneimpl.ContainerReader (ContainerReader.java:readVolume(175)) - Finish verifying containers on volume /home/runner/work/ozone/ozone/hadoop-ozone/integration-test/target/test-dir/MiniOzoneClusterImpl-4f26d1f9-f73a-4647-bb3a-126a945bf307/datanode-2/data-0/containers/hdds
2023-07-05 13:41:41,595 [Time-limited test] INFO  ozoneimpl.OzoneContainer (OzoneContainer.java:buildContainerSet(316)) - Build ContainerSet costs 0s
2023-07-05 13:41:41,600 [Time-limited test] INFO  server.RaftServer (ConfUtils.java:logGet(46)) - raft.rpc.type = GRPC (default)
2023-07-05 13:41:41,600 [Time-limited test] INFO  grpc.GrpcConfigKeys (ConfUtils.java:logFallback(53)) - raft.grpc.admin.host = null (fallback to raft.grpc.server.host)
2023-07-05 13:41:41,601 [Time-limited test] INFO  grpc.GrpcConfigKeys (ConfUtils.java:logGet(46)) - raft.grpc.admin.port = 15031 (custom)
2023-07-05 13:41:41,601 [Time-limited test] INFO  grpc.GrpcConfigKeys (ConfUtils.java:logFallback(53)) - raft.grpc.client.host = null (fallback to raft.grpc.server.host)
2023-07-05 13:41:41,601 [Time-limited test] INFO  grpc.GrpcConfigKeys (ConfUtils.java:logGet(46)) - raft.grpc.client.port = 15030 (custom)
2023-07-05 13:41:41,601 [Time-limited test] INFO  grpc.GrpcConfigKeys (ConfUtils.java:logGet(46)) - raft.grpc.server.host = null (default)
2023-07-05 13:41:41,601 [Time-limited test] INFO  grpc.GrpcConfigKeys (ConfUtils.java:logGet(46)) - raft.grpc.server.port = 15032 (custom)
2023-07-05 13:41:41,601 [Time-limited test] INFO  server.GrpcService (ConfUtils.java:logGet(46)) - raft.grpc.message.size.max = 32MB (=33554432) (custom)
2023-07-05 13:41:41,601 [Time-limited test] INFO  server.RaftServerConfigKeys (ConfUtils.java:logGet(46)) - raft.server.log.appender.buffer.byte-limit = 33554432 (custom)
2023-07-05 13:41:41,601 [Time-limited test] INFO  server.GrpcService (ConfUtils.java:logGet(46)) - raft.grpc.flow.control.window = 5MB (=5242880) (custom)
2023-07-05 13:41:41,601 [Time-limited test] INFO  server.RaftServerConfigKeys (ConfUtils.java:logGet(46)) - raft.server.rpc.request.timeout = 60s (custom)
2023-07-05 13:41:41,601 [Time-limited test] INFO  grpc.GrpcConfigKeys (ConfUtils.java:logGet(46)) - raft.grpc.server.heartbeat.channel = true (default)
2023-07-05 13:41:41,602 [Time-limited test] INFO  grpc.GrpcConfigKeys (ConfUtils.java:logGet(46)) - raft.grpc.server.async.request.thread.pool.cached = true (default)
2023-07-05 13:41:41,602 [Time-limited test] INFO  grpc.GrpcConfigKeys (ConfUtils.java:logGet(46)) - raft.grpc.server.async.request.thread.pool.size = 32 (default)
2023-07-05 13:41:41,604 [Time-limited test] INFO  impl.DataStreamServerImpl (ConfUtils.java:logGet(46)) - raft.datastream.type = NETTY (custom)
2023-07-05 13:41:41,605 [Time-limited test] INFO  server.RaftServerConfigKeys (ConfUtils.java:logGet(46)) - raft.server.data-stream.async.request.thread.pool.cached = false (default)
2023-07-05 13:41:41,605 [Time-limited test] INFO  server.RaftServerConfigKeys (ConfUtils.java:logGet(46)) - raft.server.data-stream.async.request.thread.pool.size = 20 (custom)
2023-07-05 13:41:41,605 [Time-limited test] INFO  server.RaftServerConfigKeys (ConfUtils.java:logGet(46)) - raft.server.data-stream.async.write.thread.pool.size = 16 (default)
2023-07-05 13:41:41,605 [Time-limited test] INFO  server.RaftServerConfigKeys (ConfUtils.java:logGet(46)) - raft.server.data-stream.client.pool.size = 10 (default)
2023-07-05 13:41:41,605 [Time-limited test] INFO  netty.NettyConfigKeys$DataStream (ConfUtils.java:logGet(46)) - raft.netty.dataStream.server.use-epoll = false (default)
2023-07-05 13:41:41,605 [Time-limited test] INFO  netty.NettyConfigKeys$DataStream (ConfUtils.java:logGet(46)) - raft.netty.dataStream.server.boss-group.size = 0 (default)
2023-07-05 13:41:41,606 [Time-limited test] INFO  netty.NettyConfigKeys$DataStream (ConfUtils.java:logGet(46)) - raft.netty.dataStream.server.worker-group.size = 0 (default)
2023-07-05 13:41:41,606 [Time-limited test] INFO  netty.NettyConfigKeys$DataStream (ConfUtils.java:logGet(46)) - raft.netty.dataStream.server.tls.conf = null (default)
2023-07-05 13:41:41,606 [Time-limited test] INFO  netty.NettyConfigKeys$DataStream (ConfUtils.java:logGet(46)) - raft.netty.dataStream.host = null (default)
2023-07-05 13:41:41,606 [Time-limited test] INFO  netty.NettyConfigKeys$DataStream (ConfUtils.java:logGet(46)) - raft.netty.dataStream.port = 15033 (custom)
2023-07-05 13:41:41,607 [Time-limited test] INFO  server.RaftServerConfigKeys (ConfUtils.java:logGet(46)) - raft.server.threadpool.proxy.cached = true (default)
2023-07-05 13:41:41,607 [Time-limited test] INFO  server.RaftServerConfigKeys (ConfUtils.java:logGet(46)) - raft.server.threadpool.proxy.size = 0 (default)
2023-07-05 13:41:41,607 [Time-limited test] INFO  server.RaftServerConfigKeys (ConfUtils.java:logGet(46)) - raft.server.rpc.slowness.timeout = 300s (custom)
2023-07-05 13:41:41,607 [Time-limited test] INFO  server.RaftServerConfigKeys (ConfUtils.java:logGet(46)) - raft.server.leaderelection.leader.step-down.wait-time = 10s (default)
2023-07-05 13:41:41,607 [Time-limited test] INFO  server.RaftServerConfigKeys (ConfUtils.java:logGet(46)) - raft.server.storage.dir = [/home/runner/work/ozone/ozone/hadoop-ozone/integration-test/target/test-dir/MiniOzoneClusterImpl-4f26d1f9-f73a-4647-bb3a-126a945bf307/datanode-2/data/ratis] (custom)
2023-07-05 13:41:41,613 [57c60944-bb7c-45d4-a857-02381db20eb8-NettyServerStreamRpc-bossGroup--thread1] INFO  logging.LoggingHandler (AbstractInternalLogger.java:log(148)) - [id: 0xa7cbc918] REGISTERED
2023-07-05 13:41:41,615 [Time-limited test] INFO  server.XceiverServerGrpc (XceiverServerGrpc.java:<init>(132)) - GrpcServer channel type EpollServerSocketChannel
2023-07-05 13:41:41,616 [57c60944-bb7c-45d4-a857-02381db20eb8-NettyServerStreamRpc-bossGroup--thread1] INFO  logging.LoggingHandler (AbstractInternalLogger.java:log(148)) - [id: 0xa7cbc918] BIND: 0.0.0.0/0.0.0.0:15033
2023-07-05 13:41:41,616 [57c60944-bb7c-45d4-a857-02381db20eb8-NettyServerStreamRpc-bossGroup--thread1] INFO  logging.LoggingHandler (AbstractInternalLogger.java:log(148)) - [id: 0xa7cbc918, L:/0:0:0:0:0:0:0:0:15033] ACTIVE
2023-07-05 13:41:41,618 [Time-limited test] INFO  replication.ReplicationSupervisor (ReplicationSupervisor.java:nodeStateUpdated(305)) - Node state updated to IN_SERVICE, scaling executor pool size to 10
2023-07-05 13:41:41,621 [Time-limited test] INFO  http.BaseHttpServer (BaseHttpServer.java:newHttpServer2BuilderForOzone(224)) - Starting Web-server for hddsDatanode at: http://0.0.0.0:15027
2023-07-05 13:41:41,621 [Time-limited test] INFO  http.BaseHttpServer (BaseHttpServer.java:<init>(111)) - Hadoop Security Enabled: false Ozone Security Enabled: false Ozone HTTP Security Enabled: false 
2023-07-05 13:41:41,622 [Time-limited test] WARN  server.AuthenticationFilter (AuthenticationFilter.java:constructSecretProvider(240)) - Unable to initialize FileSignerSecretProvider, falling back to use random secrets. Reason: Could not read signature secret file: /home/runner/hadoop-http-auth-signature-secret
2023-07-05 13:41:41,624 [Time-limited test] INFO  http.HttpRequestLog (HttpRequestLog.java:getRequestLog(86)) - Http request log for http.requests.hddsDatanode is not defined
2023-07-05 13:41:41,625 [Time-limited test] INFO  http.HttpServer2 (HttpServer2.java:addGlobalFilter(1031)) - Added global filter 'safety' (class=org.apache.hadoop.hdds.server.http.HttpServer2$QuotingInputFilter)
2023-07-05 13:41:41,626 [Time-limited test] INFO  http.HttpServer2 (HttpServer2.java:addFilter(1007)) - Added filter static_user_filter (class=org.apache.hadoop.http.lib.StaticUserWebFilter$StaticUserFilter) to context hddsDatanode
2023-07-05 13:41:41,626 [Time-limited test] INFO  http.HttpServer2 (HttpServer2.java:addFilter(1015)) - Added filter static_user_filter (class=org.apache.hadoop.http.lib.StaticUserWebFilter$StaticUserFilter) to context logs
2023-07-05 13:41:41,626 [Time-limited test] INFO  http.HttpServer2 (HttpServer2.java:addFilter(1015)) - Added filter static_user_filter (class=org.apache.hadoop.http.lib.StaticUserWebFilter$StaticUserFilter) to context static
2023-07-05 13:41:41,627 [Time-limited test] INFO  http.BaseHttpServer (BaseHttpServer.java:<init>(190)) - HTTP server of hddsDatanode uses base directory /home/runner/work/ozone/ozone/hadoop-ozone/integration-test/target/test-dir/MiniOzoneClusterImpl-4f26d1f9-f73a-4647-bb3a-126a945bf307/datanode-2/meta/webserver
2023-07-05 13:41:41,627 [Time-limited test] INFO  http.HttpServer2 (HttpServer2.java:bindListener(1250)) - Jetty bound to port 15027
2023-07-05 13:41:41,627 [Time-limited test] INFO  server.Server (Server.java:doStart(375)) - jetty-9.4.51.v20230217; built: 2023-02-17T08:19:37.309Z; git: b45c405e4544384de066f814ed42ae3dceacdd49; jvm 1.8.0_372-b07
2023-07-05 13:41:41,631 [Time-limited test] INFO  server.session (DefaultSessionIdManager.java:doStart(334)) - DefaultSessionIdManager workerName=node0
2023-07-05 13:41:41,631 [Time-limited test] INFO  server.session (DefaultSessionIdManager.java:doStart(339)) - No SessionScavenger set, using defaults
2023-07-05 13:41:41,631 [Time-limited test] INFO  server.session (HouseKeeper.java:startScavenging(132)) - node0 Scavenging every 600000ms
2023-07-05 13:41:41,632 [Time-limited test] INFO  handler.ContextHandler (ContextHandler.java:doStart(921)) - Started o.e.j.s.ServletContextHandler@6e4ab96b{logs,/logs,file:///home/runner/work/ozone/ozone/hadoop-ozone/integration-test/target/log,AVAILABLE}
2023-07-05 13:41:41,633 [Time-limited test] INFO  handler.ContextHandler (ContextHandler.java:doStart(921)) - Started o.e.j.s.ServletContextHandler@541355dd{static,/static,jar:file:/home/runner/.m2/repository/org/apache/ozone/hdds-container-service/1.4.0-SNAPSHOT/hdds-container-service-1.4.0-SNAPSHOT.jar!/webapps/static,AVAILABLE}
2023-07-05 13:41:41,663 [ReplicationMonitor] INFO  replication.ReplicationManager (ReplicationManager.java:processAll(361)) - Replication Manager is not ready to run until 3000ms after safemode exit
2023-07-05 13:41:41,863 [Time-limited test] INFO  handler.ContextHandler (ContextHandler.java:doStart(921)) - Started o.e.j.w.WebAppContext@213656b5{hddsDatanode,/,file:///home/runner/work/ozone/ozone/hadoop-ozone/integration-test/target/test-dir/MiniOzoneClusterImpl-4f26d1f9-f73a-4647-bb3a-126a945bf307/datanode-2/meta/webserver/jetty-0_0_0_0-15027-hdds-container-service-1_4_0-SNAPSHOT_jar-_-any-8819538188191971599/webapp/,AVAILABLE}{jar:file:/home/runner/.m2/repository/org/apache/ozone/hdds-container-service/1.4.0-SNAPSHOT/hdds-container-service-1.4.0-SNAPSHOT.jar!/webapps/hddsDatanode}
2023-07-05 13:41:41,865 [Time-limited test] INFO  server.AbstractConnector (AbstractConnector.java:doStart(333)) - Started ServerConnector@3dc744e5{HTTP/1.1, (http/1.1)}{0.0.0.0:15027}
2023-07-05 13:41:41,865 [Time-limited test] INFO  server.Server (Server.java:doStart(415)) - Started @11152ms
2023-07-05 13:41:41,866 [Time-limited test] WARN  impl.MetricsSystemImpl (MetricsSystemImpl.java:register(279)) - Sink prometheus already exists!
2023-07-05 13:41:41,868 [Time-limited test] INFO  http.BaseHttpServer (BaseHttpServer.java:updateConnectorAddress(344)) - HTTP server of hddsDatanode listening at http://0.0.0.0:15027
2023-07-05 13:41:41,869 [Time-limited test] INFO  ipc.CallQueueManager (CallQueueManager.java:<init>(90)) - Using callQueue: class java.util.concurrent.LinkedBlockingQueue, queueCapacity: 100, scheduler: class org.apache.hadoop.ipc.DefaultRpcScheduler, ipcBackoff: false.
2023-07-05 13:41:41,869 [Time-limited test] INFO  ipc.Server (Server.java:<init>(1287)) - Listener at 0.0.0.0:15028
2023-07-05 13:41:41,871 [Socket Reader #1 for port 15028] INFO  ipc.Server (Server.java:run(1323)) - Starting Socket Reader #1 for port 15028
2023-07-05 13:41:41,875 [Time-limited test] INFO  ozone.HddsDatanodeService (HddsDatanodeService.java:start(315)) - Datanode start with admins: [runner]
2023-07-05 13:41:41,876 [Time-limited test] INFO  ozone.HddsDatanodeClientProtocolServer (HddsDatanodeClientProtocolServer.java:start(72)) - RPC server for Client /0.0.0.0:15028
2023-07-05 13:41:41,876 [IPC Server Responder] INFO  ipc.Server (Server.java:run(1562)) - IPC Server Responder: starting
2023-07-05 13:41:41,876 [IPC Server listener on 15028] INFO  ipc.Server (Server.java:run(1402)) - IPC Server listener on 15028: starting
2023-07-05 13:41:41,877 [Time-limited test] WARN  impl.MetricRegistriesImpl (MetricRegistriesImpl.java:addReporterRegistration(111)) - New reporters are added after registries were created. Some metrics will be missing from the reporter. Please add reporter before adding any new registry.
2023-07-05 13:41:41,877 [Time-limited test] WARN  impl.MetricRegistriesImpl (MetricRegistriesImpl.java:addReporterRegistration(111)) - New reporters are added after registries were created. Some metrics will be missing from the reporter. Please add reporter before adding any new registry.
2023-07-05 13:41:41,877 [Time-limited test] INFO  impl.MetricsSystemImpl (MetricsSystemImpl.java:init(158)) - HddsDatanode metrics system started (again)
2023-07-05 13:41:41,887 [Datanode State Machine Daemon Thread] INFO  statemachine.DatanodeStateMachine (DatanodeStateMachine.java:lambda$startDaemon$0(531)) - Ozone container server started.
2023-07-05 13:41:41,897 [Time-limited test] INFO  ozone.HddsDatanodeService (HddsDatanodeService.java:start(237)) - HddsDatanodeService host:fv-az264-29.ca02foy5wcnuvlrvrz2wi3p2og.dx.internal.cloudapp.net ip:10.1.0.13
2023-07-05 13:41:41,912 [Datanode State Machine Task Thread - 0] INFO  datanode.InitDatanodeState (InitDatanodeState.java:persistContainerDatanodeDetails(138)) - DatanodeDetails is persisted to /home/runner/work/ozone/ozone/hadoop-ozone/integration-test/target/test-dir/MiniOzoneClusterImpl-4f26d1f9-f73a-4647-bb3a-126a945bf307/datanode-2/meta/datanode.id
2023-07-05 13:41:41,937 [Time-limited test] INFO  upgrade.AbstractLayoutVersionManager (AbstractLayoutVersionManager.java:init(83)) - Initializing Layout version manager with metadata layout = HADOOP_PRC_PORTS_IN_DATANODEDETAILS (version = 7), software layout = HADOOP_PRC_PORTS_IN_DATANODEDETAILS (version = 7)
2023-07-05 13:41:41,937 [Time-limited test] INFO  statemachine.DatanodeStateMachine (DatanodeStateMachine.java:getEndPointTaskThreadPoolSize(279)) - Datanode State Machine Task Thread Pool size 2
2023-07-05 13:41:41,940 [Time-limited test] INFO  volume.HddsVolume (HddsVolume.java:<init>(133)) - Creating HddsVolume: /home/runner/work/ozone/ozone/hadoop-ozone/integration-test/target/test-dir/MiniOzoneClusterImpl-4f26d1f9-f73a-4647-bb3a-126a945bf307/datanode-3/data-0/containers/hdds of storage type : DISK capacity : 9223372036854775807
2023-07-05 13:41:41,940 [Time-limited test] INFO  volume.MutableVolumeSet (MutableVolumeSet.java:initializeVolumeSet(175)) - Added Volume : /home/runner/work/ozone/ozone/hadoop-ozone/integration-test/target/test-dir/MiniOzoneClusterImpl-4f26d1f9-f73a-4647-bb3a-126a945bf307/datanode-3/data-0/containers/hdds to VolumeSet
2023-07-05 13:41:41,940 [Time-limited test] INFO  volume.ThrottledAsyncChecker (ThrottledAsyncChecker.java:schedule(141)) - Scheduling a check for /home/runner/work/ozone/ozone/hadoop-ozone/integration-test/target/test-dir/MiniOzoneClusterImpl-4f26d1f9-f73a-4647-bb3a-126a945bf307/datanode-3/data-0/containers/hdds
2023-07-05 13:41:41,943 [Time-limited test] INFO  volume.StorageVolumeChecker (StorageVolumeChecker.java:checkAllVolumes(202)) - Scheduled health check for volume /home/runner/work/ozone/ozone/hadoop-ozone/integration-test/target/test-dir/MiniOzoneClusterImpl-4f26d1f9-f73a-4647-bb3a-126a945bf307/datanode-3/data-0/containers/hdds
2023-07-05 13:41:41,949 [Time-limited test] INFO  volume.MutableVolumeSet (MutableVolumeSet.java:initializeVolumeSet(175)) - Added Volume : /home/runner/work/ozone/ozone/hadoop-ozone/integration-test/target/test-dir/MiniOzoneClusterImpl-4f26d1f9-f73a-4647-bb3a-126a945bf307/datanode-3/data/ratis to VolumeSet
2023-07-05 13:41:41,949 [Time-limited test] INFO  volume.ThrottledAsyncChecker (ThrottledAsyncChecker.java:schedule(141)) - Scheduling a check for /home/runner/work/ozone/ozone/hadoop-ozone/integration-test/target/test-dir/MiniOzoneClusterImpl-4f26d1f9-f73a-4647-bb3a-126a945bf307/datanode-3/data/ratis
2023-07-05 13:41:41,949 [Time-limited test] INFO  volume.StorageVolumeChecker (StorageVolumeChecker.java:checkAllVolumes(202)) - Scheduled health check for volume /home/runner/work/ozone/ozone/hadoop-ozone/integration-test/target/test-dir/MiniOzoneClusterImpl-4f26d1f9-f73a-4647-bb3a-126a945bf307/datanode-3/data/ratis
2023-07-05 13:41:41,954 [Thread-192] INFO  ozoneimpl.ContainerReader (ContainerReader.java:readVolume(175)) - Finish verifying containers on volume /home/runner/work/ozone/ozone/hadoop-ozone/integration-test/target/test-dir/MiniOzoneClusterImpl-4f26d1f9-f73a-4647-bb3a-126a945bf307/datanode-3/data-0/containers/hdds
2023-07-05 13:41:41,954 [Time-limited test] INFO  ozoneimpl.OzoneContainer (OzoneContainer.java:buildContainerSet(316)) - Build ContainerSet costs 0s
2023-07-05 13:41:41,958 [Time-limited test] INFO  server.RaftServer (ConfUtils.java:logGet(46)) - raft.rpc.type = GRPC (default)
2023-07-05 13:41:41,958 [Time-limited test] INFO  grpc.GrpcConfigKeys (ConfUtils.java:logFallback(53)) - raft.grpc.admin.host = null (fallback to raft.grpc.server.host)
2023-07-05 13:41:41,958 [Time-limited test] INFO  grpc.GrpcConfigKeys (ConfUtils.java:logGet(46)) - raft.grpc.admin.port = 15040 (custom)
2023-07-05 13:41:41,959 [Time-limited test] INFO  grpc.GrpcConfigKeys (ConfUtils.java:logFallback(53)) - raft.grpc.client.host = null (fallback to raft.grpc.server.host)
2023-07-05 13:41:41,959 [Time-limited test] INFO  grpc.GrpcConfigKeys (ConfUtils.java:logGet(46)) - raft.grpc.client.port = 15039 (custom)
2023-07-05 13:41:41,959 [Time-limited test] INFO  grpc.GrpcConfigKeys (ConfUtils.java:logGet(46)) - raft.grpc.server.host = null (default)
2023-07-05 13:41:41,959 [Time-limited test] INFO  grpc.GrpcConfigKeys (ConfUtils.java:logGet(46)) - raft.grpc.server.port = 15041 (custom)
2023-07-05 13:41:41,959 [Time-limited test] INFO  server.GrpcService (ConfUtils.java:logGet(46)) - raft.grpc.message.size.max = 32MB (=33554432) (custom)
2023-07-05 13:41:41,959 [Time-limited test] INFO  server.RaftServerConfigKeys (ConfUtils.java:logGet(46)) - raft.server.log.appender.buffer.byte-limit = 33554432 (custom)
2023-07-05 13:41:41,959 [Time-limited test] INFO  server.GrpcService (ConfUtils.java:logGet(46)) - raft.grpc.flow.control.window = 5MB (=5242880) (custom)
2023-07-05 13:41:41,959 [Time-limited test] INFO  server.RaftServerConfigKeys (ConfUtils.java:logGet(46)) - raft.server.rpc.request.timeout = 60s (custom)
2023-07-05 13:41:41,959 [Time-limited test] INFO  grpc.GrpcConfigKeys (ConfUtils.java:logGet(46)) - raft.grpc.server.heartbeat.channel = true (default)
2023-07-05 13:41:41,959 [Time-limited test] INFO  grpc.GrpcConfigKeys (ConfUtils.java:logGet(46)) - raft.grpc.server.async.request.thread.pool.cached = true (default)
2023-07-05 13:41:41,960 [Time-limited test] INFO  grpc.GrpcConfigKeys (ConfUtils.java:logGet(46)) - raft.grpc.server.async.request.thread.pool.size = 32 (default)
2023-07-05 13:41:41,963 [Time-limited test] INFO  impl.DataStreamServerImpl (ConfUtils.java:logGet(46)) - raft.datastream.type = NETTY (custom)
2023-07-05 13:41:41,963 [Time-limited test] INFO  server.RaftServerConfigKeys (ConfUtils.java:logGet(46)) - raft.server.data-stream.async.request.thread.pool.cached = false (default)
2023-07-05 13:41:41,963 [Time-limited test] INFO  server.RaftServerConfigKeys (ConfUtils.java:logGet(46)) - raft.server.data-stream.async.request.thread.pool.size = 20 (custom)
2023-07-05 13:41:41,963 [Time-limited test] INFO  server.RaftServerConfigKeys (ConfUtils.java:logGet(46)) - raft.server.data-stream.async.write.thread.pool.size = 16 (default)
2023-07-05 13:41:41,964 [Time-limited test] INFO  server.RaftServerConfigKeys (ConfUtils.java:logGet(46)) - raft.server.data-stream.client.pool.size = 10 (default)
2023-07-05 13:41:41,964 [Time-limited test] INFO  netty.NettyConfigKeys$DataStream (ConfUtils.java:logGet(46)) - raft.netty.dataStream.server.use-epoll = false (default)
2023-07-05 13:41:41,964 [Time-limited test] INFO  netty.NettyConfigKeys$DataStream (ConfUtils.java:logGet(46)) - raft.netty.dataStream.server.boss-group.size = 0 (default)
2023-07-05 13:41:41,964 [Time-limited test] INFO  netty.NettyConfigKeys$DataStream (ConfUtils.java:logGet(46)) - raft.netty.dataStream.server.worker-group.size = 0 (default)
2023-07-05 13:41:41,964 [Time-limited test] INFO  netty.NettyConfigKeys$DataStream (ConfUtils.java:logGet(46)) - raft.netty.dataStream.server.tls.conf = null (default)
2023-07-05 13:41:41,965 [Time-limited test] INFO  netty.NettyConfigKeys$DataStream (ConfUtils.java:logGet(46)) - raft.netty.dataStream.host = null (default)
2023-07-05 13:41:41,965 [Time-limited test] INFO  netty.NettyConfigKeys$DataStream (ConfUtils.java:logGet(46)) - raft.netty.dataStream.port = 15042 (custom)
2023-07-05 13:41:41,965 [Time-limited test] INFO  server.RaftServerConfigKeys (ConfUtils.java:logGet(46)) - raft.server.threadpool.proxy.cached = true (default)
2023-07-05 13:41:41,965 [Time-limited test] INFO  server.RaftServerConfigKeys (ConfUtils.java:logGet(46)) - raft.server.threadpool.proxy.size = 0 (default)
2023-07-05 13:41:41,966 [Time-limited test] INFO  server.RaftServerConfigKeys (ConfUtils.java:logGet(46)) - raft.server.rpc.slowness.timeout = 300s (custom)
2023-07-05 13:41:41,966 [Time-limited test] INFO  server.RaftServerConfigKeys (ConfUtils.java:logGet(46)) - raft.server.leaderelection.leader.step-down.wait-time = 10s (default)
2023-07-05 13:41:41,966 [Time-limited test] INFO  server.RaftServerConfigKeys (ConfUtils.java:logGet(46)) - raft.server.storage.dir = [/home/runner/work/ozone/ozone/hadoop-ozone/integration-test/target/test-dir/MiniOzoneClusterImpl-4f26d1f9-f73a-4647-bb3a-126a945bf307/datanode-3/data/ratis] (custom)
2023-07-05 13:41:41,971 [5208b228-229c-45e5-8ed5-a8a29880b91d-NettyServerStreamRpc-bossGroup--thread1] INFO  logging.LoggingHandler (AbstractInternalLogger.java:log(148)) - [id: 0x7689c44c] REGISTERED
2023-07-05 13:41:41,971 [5208b228-229c-45e5-8ed5-a8a29880b91d-NettyServerStreamRpc-bossGroup--thread1] INFO  logging.LoggingHandler (AbstractInternalLogger.java:log(148)) - [id: 0x7689c44c] BIND: 0.0.0.0/0.0.0.0:15042
2023-07-05 13:41:41,971 [5208b228-229c-45e5-8ed5-a8a29880b91d-NettyServerStreamRpc-bossGroup--thread1] INFO  logging.LoggingHandler (AbstractInternalLogger.java:log(148)) - [id: 0x7689c44c, L:/0:0:0:0:0:0:0:0:15042] ACTIVE
2023-07-05 13:41:41,973 [Time-limited test] INFO  server.XceiverServerGrpc (XceiverServerGrpc.java:<init>(132)) - GrpcServer channel type EpollServerSocketChannel
2023-07-05 13:41:41,976 [Time-limited test] INFO  replication.ReplicationSupervisor (ReplicationSupervisor.java:nodeStateUpdated(305)) - Node state updated to IN_SERVICE, scaling executor pool size to 10
2023-07-05 13:41:41,979 [Time-limited test] INFO  http.BaseHttpServer (BaseHttpServer.java:newHttpServer2BuilderForOzone(224)) - Starting Web-server for hddsDatanode at: http://0.0.0.0:15036
2023-07-05 13:41:41,979 [Time-limited test] INFO  http.BaseHttpServer (BaseHttpServer.java:<init>(111)) - Hadoop Security Enabled: false Ozone Security Enabled: false Ozone HTTP Security Enabled: false 
2023-07-05 13:41:41,981 [Time-limited test] WARN  server.AuthenticationFilter (AuthenticationFilter.java:constructSecretProvider(240)) - Unable to initialize FileSignerSecretProvider, falling back to use random secrets. Reason: Could not read signature secret file: /home/runner/hadoop-http-auth-signature-secret
2023-07-05 13:41:41,985 [Time-limited test] INFO  http.HttpRequestLog (HttpRequestLog.java:getRequestLog(86)) - Http request log for http.requests.hddsDatanode is not defined
2023-07-05 13:41:41,986 [Time-limited test] INFO  http.HttpServer2 (HttpServer2.java:addGlobalFilter(1031)) - Added global filter 'safety' (class=org.apache.hadoop.hdds.server.http.HttpServer2$QuotingInputFilter)
2023-07-05 13:41:41,987 [Time-limited test] INFO  http.HttpServer2 (HttpServer2.java:addFilter(1007)) - Added filter static_user_filter (class=org.apache.hadoop.http.lib.StaticUserWebFilter$StaticUserFilter) to context hddsDatanode
2023-07-05 13:41:41,988 [Time-limited test] INFO  http.HttpServer2 (HttpServer2.java:addFilter(1015)) - Added filter static_user_filter (class=org.apache.hadoop.http.lib.StaticUserWebFilter$StaticUserFilter) to context static
2023-07-05 13:41:41,988 [Time-limited test] INFO  http.HttpServer2 (HttpServer2.java:addFilter(1015)) - Added filter static_user_filter (class=org.apache.hadoop.http.lib.StaticUserWebFilter$StaticUserFilter) to context logs
2023-07-05 13:41:41,989 [Time-limited test] INFO  http.BaseHttpServer (BaseHttpServer.java:<init>(190)) - HTTP server of hddsDatanode uses base directory /home/runner/work/ozone/ozone/hadoop-ozone/integration-test/target/test-dir/MiniOzoneClusterImpl-4f26d1f9-f73a-4647-bb3a-126a945bf307/datanode-3/meta/webserver
2023-07-05 13:41:41,989 [Time-limited test] INFO  http.HttpServer2 (HttpServer2.java:bindListener(1250)) - Jetty bound to port 15036
2023-07-05 13:41:41,990 [Time-limited test] INFO  server.Server (Server.java:doStart(375)) - jetty-9.4.51.v20230217; built: 2023-02-17T08:19:37.309Z; git: b45c405e4544384de066f814ed42ae3dceacdd49; jvm 1.8.0_372-b07
2023-07-05 13:41:41,995 [Time-limited test] INFO  server.session (DefaultSessionIdManager.java:doStart(334)) - DefaultSessionIdManager workerName=node0
2023-07-05 13:41:41,995 [Time-limited test] INFO  server.session (DefaultSessionIdManager.java:doStart(339)) - No SessionScavenger set, using defaults
2023-07-05 13:41:41,995 [Time-limited test] INFO  server.session (HouseKeeper.java:startScavenging(132)) - node0 Scavenging every 600000ms
2023-07-05 13:41:41,996 [Time-limited test] INFO  handler.ContextHandler (ContextHandler.java:doStart(921)) - Started o.e.j.s.ServletContextHandler@6bb5dbc1{logs,/logs,file:///home/runner/work/ozone/ozone/hadoop-ozone/integration-test/target/log,AVAILABLE}
2023-07-05 13:41:41,996 [Time-limited test] INFO  handler.ContextHandler (ContextHandler.java:doStart(921)) - Started o.e.j.s.ServletContextHandler@5d2b7fb8{static,/static,jar:file:/home/runner/.m2/repository/org/apache/ozone/hdds-container-service/1.4.0-SNAPSHOT/hdds-container-service-1.4.0-SNAPSHOT.jar!/webapps/static,AVAILABLE}
2023-07-05 13:41:42,243 [Time-limited test] INFO  handler.ContextHandler (ContextHandler.java:doStart(921)) - Started o.e.j.w.WebAppContext@1b2f4ec3{hddsDatanode,/,file:///home/runner/work/ozone/ozone/hadoop-ozone/integration-test/target/test-dir/MiniOzoneClusterImpl-4f26d1f9-f73a-4647-bb3a-126a945bf307/datanode-3/meta/webserver/jetty-0_0_0_0-15036-hdds-container-service-1_4_0-SNAPSHOT_jar-_-any-9119196244313833294/webapp/,AVAILABLE}{jar:file:/home/runner/.m2/repository/org/apache/ozone/hdds-container-service/1.4.0-SNAPSHOT/hdds-container-service-1.4.0-SNAPSHOT.jar!/webapps/hddsDatanode}
2023-07-05 13:41:42,246 [Time-limited test] INFO  server.AbstractConnector (AbstractConnector.java:doStart(333)) - Started ServerConnector@6f03fc01{HTTP/1.1, (http/1.1)}{0.0.0.0:15036}
2023-07-05 13:41:42,246 [Time-limited test] INFO  server.Server (Server.java:doStart(415)) - Started @11532ms
2023-07-05 13:41:42,246 [Time-limited test] WARN  impl.MetricsSystemImpl (MetricsSystemImpl.java:register(279)) - Sink prometheus already exists!
2023-07-05 13:41:42,247 [Time-limited test] INFO  http.BaseHttpServer (BaseHttpServer.java:updateConnectorAddress(344)) - HTTP server of hddsDatanode listening at http://0.0.0.0:15036
2023-07-05 13:41:42,247 [Time-limited test] INFO  ipc.CallQueueManager (CallQueueManager.java:<init>(90)) - Using callQueue: class java.util.concurrent.LinkedBlockingQueue, queueCapacity: 100, scheduler: class org.apache.hadoop.ipc.DefaultRpcScheduler, ipcBackoff: false.
2023-07-05 13:41:42,248 [Time-limited test] INFO  ipc.Server (Server.java:<init>(1287)) - Listener at 0.0.0.0:15037
2023-07-05 13:41:42,248 [Socket Reader #1 for port 15037] INFO  ipc.Server (Server.java:run(1323)) - Starting Socket Reader #1 for port 15037
2023-07-05 13:41:42,252 [Time-limited test] INFO  ozone.HddsDatanodeService (HddsDatanodeService.java:start(315)) - Datanode start with admins: [runner]
2023-07-05 13:41:42,252 [Time-limited test] INFO  ozone.HddsDatanodeClientProtocolServer (HddsDatanodeClientProtocolServer.java:start(72)) - RPC server for Client /0.0.0.0:15037
2023-07-05 13:41:42,253 [IPC Server Responder] INFO  ipc.Server (Server.java:run(1562)) - IPC Server Responder: starting
2023-07-05 13:41:42,254 [IPC Server listener on 15037] INFO  ipc.Server (Server.java:run(1402)) - IPC Server listener on 15037: starting
2023-07-05 13:41:42,259 [Datanode State Machine Daemon Thread] INFO  statemachine.DatanodeStateMachine (DatanodeStateMachine.java:lambda$startDaemon$0(531)) - Ozone container server started.
2023-07-05 13:41:42,259 [Time-limited test] WARN  impl.MetricRegistriesImpl (MetricRegistriesImpl.java:addReporterRegistration(111)) - New reporters are added after registries were created. Some metrics will be missing from the reporter. Please add reporter before adding any new registry.
2023-07-05 13:41:42,260 [Time-limited test] WARN  impl.MetricRegistriesImpl (MetricRegistriesImpl.java:addReporterRegistration(111)) - New reporters are added after registries were created. Some metrics will be missing from the reporter. Please add reporter before adding any new registry.
2023-07-05 13:41:42,260 [Time-limited test] INFO  impl.MetricsSystemImpl (MetricsSystemImpl.java:init(158)) - HddsDatanode metrics system started (again)
2023-07-05 13:41:42,275 [Time-limited test] INFO  ozone.HddsDatanodeService (HddsDatanodeService.java:start(237)) - HddsDatanodeService host:fv-az264-29.ca02foy5wcnuvlrvrz2wi3p2og.dx.internal.cloudapp.net ip:10.1.0.13
2023-07-05 13:41:42,286 [Datanode State Machine Task Thread - 0] INFO  datanode.InitDatanodeState (InitDatanodeState.java:persistContainerDatanodeDetails(138)) - DatanodeDetails is persisted to /home/runner/work/ozone/ozone/hadoop-ozone/integration-test/target/test-dir/MiniOzoneClusterImpl-4f26d1f9-f73a-4647-bb3a-126a945bf307/datanode-3/meta/datanode.id
2023-07-05 13:41:42,301 [Time-limited test] INFO  upgrade.AbstractLayoutVersionManager (AbstractLayoutVersionManager.java:init(83)) - Initializing Layout version manager with metadata layout = HADOOP_PRC_PORTS_IN_DATANODEDETAILS (version = 7), software layout = HADOOP_PRC_PORTS_IN_DATANODEDETAILS (version = 7)
2023-07-05 13:41:42,301 [Time-limited test] INFO  statemachine.DatanodeStateMachine (DatanodeStateMachine.java:getEndPointTaskThreadPoolSize(279)) - Datanode State Machine Task Thread Pool size 2
2023-07-05 13:41:42,310 [Time-limited test] INFO  volume.HddsVolume (HddsVolume.java:<init>(133)) - Creating HddsVolume: /home/runner/work/ozone/ozone/hadoop-ozone/integration-test/target/test-dir/MiniOzoneClusterImpl-4f26d1f9-f73a-4647-bb3a-126a945bf307/datanode-4/data-0/containers/hdds of storage type : DISK capacity : 9223372036854775807
2023-07-05 13:41:42,310 [Time-limited test] INFO  volume.MutableVolumeSet (MutableVolumeSet.java:initializeVolumeSet(175)) - Added Volume : /home/runner/work/ozone/ozone/hadoop-ozone/integration-test/target/test-dir/MiniOzoneClusterImpl-4f26d1f9-f73a-4647-bb3a-126a945bf307/datanode-4/data-0/containers/hdds to VolumeSet
2023-07-05 13:41:42,310 [Time-limited test] INFO  volume.ThrottledAsyncChecker (ThrottledAsyncChecker.java:schedule(141)) - Scheduling a check for /home/runner/work/ozone/ozone/hadoop-ozone/integration-test/target/test-dir/MiniOzoneClusterImpl-4f26d1f9-f73a-4647-bb3a-126a945bf307/datanode-4/data-0/containers/hdds
2023-07-05 13:41:42,311 [Time-limited test] INFO  volume.StorageVolumeChecker (StorageVolumeChecker.java:checkAllVolumes(202)) - Scheduled health check for volume /home/runner/work/ozone/ozone/hadoop-ozone/integration-test/target/test-dir/MiniOzoneClusterImpl-4f26d1f9-f73a-4647-bb3a-126a945bf307/datanode-4/data-0/containers/hdds
2023-07-05 13:41:42,315 [Time-limited test] INFO  volume.MutableVolumeSet (MutableVolumeSet.java:initializeVolumeSet(175)) - Added Volume : /home/runner/work/ozone/ozone/hadoop-ozone/integration-test/target/test-dir/MiniOzoneClusterImpl-4f26d1f9-f73a-4647-bb3a-126a945bf307/datanode-4/data/ratis to VolumeSet
2023-07-05 13:41:42,315 [Time-limited test] INFO  volume.ThrottledAsyncChecker (ThrottledAsyncChecker.java:schedule(141)) - Scheduling a check for /home/runner/work/ozone/ozone/hadoop-ozone/integration-test/target/test-dir/MiniOzoneClusterImpl-4f26d1f9-f73a-4647-bb3a-126a945bf307/datanode-4/data/ratis
2023-07-05 13:41:42,317 [Time-limited test] INFO  volume.StorageVolumeChecker (StorageVolumeChecker.java:checkAllVolumes(202)) - Scheduled health check for volume /home/runner/work/ozone/ozone/hadoop-ozone/integration-test/target/test-dir/MiniOzoneClusterImpl-4f26d1f9-f73a-4647-bb3a-126a945bf307/datanode-4/data/ratis
2023-07-05 13:41:42,319 [Thread-209] INFO  ozoneimpl.ContainerReader (ContainerReader.java:readVolume(175)) - Finish verifying containers on volume /home/runner/work/ozone/ozone/hadoop-ozone/integration-test/target/test-dir/MiniOzoneClusterImpl-4f26d1f9-f73a-4647-bb3a-126a945bf307/datanode-4/data-0/containers/hdds
2023-07-05 13:41:42,320 [Time-limited test] INFO  ozoneimpl.OzoneContainer (OzoneContainer.java:buildContainerSet(316)) - Build ContainerSet costs 0s
2023-07-05 13:41:42,324 [Time-limited test] INFO  server.RaftServer (ConfUtils.java:logGet(46)) - raft.rpc.type = GRPC (default)
2023-07-05 13:41:42,324 [Time-limited test] INFO  grpc.GrpcConfigKeys (ConfUtils.java:logFallback(53)) - raft.grpc.admin.host = null (fallback to raft.grpc.server.host)
2023-07-05 13:41:42,324 [Time-limited test] INFO  grpc.GrpcConfigKeys (ConfUtils.java:logGet(46)) - raft.grpc.admin.port = 15049 (custom)
2023-07-05 13:41:42,324 [Time-limited test] INFO  grpc.GrpcConfigKeys (ConfUtils.java:logFallback(53)) - raft.grpc.client.host = null (fallback to raft.grpc.server.host)
2023-07-05 13:41:42,324 [Time-limited test] INFO  grpc.GrpcConfigKeys (ConfUtils.java:logGet(46)) - raft.grpc.client.port = 15048 (custom)
2023-07-05 13:41:42,325 [Time-limited test] INFO  grpc.GrpcConfigKeys (ConfUtils.java:logGet(46)) - raft.grpc.server.host = null (default)
2023-07-05 13:41:42,325 [Time-limited test] INFO  grpc.GrpcConfigKeys (ConfUtils.java:logGet(46)) - raft.grpc.server.port = 15050 (custom)
2023-07-05 13:41:42,325 [Time-limited test] INFO  server.GrpcService (ConfUtils.java:logGet(46)) - raft.grpc.message.size.max = 32MB (=33554432) (custom)
2023-07-05 13:41:42,325 [Time-limited test] INFO  server.RaftServerConfigKeys (ConfUtils.java:logGet(46)) - raft.server.log.appender.buffer.byte-limit = 33554432 (custom)
2023-07-05 13:41:42,325 [Time-limited test] INFO  server.GrpcService (ConfUtils.java:logGet(46)) - raft.grpc.flow.control.window = 5MB (=5242880) (custom)
2023-07-05 13:41:42,325 [Time-limited test] INFO  server.RaftServerConfigKeys (ConfUtils.java:logGet(46)) - raft.server.rpc.request.timeout = 60s (custom)
2023-07-05 13:41:42,325 [Time-limited test] INFO  grpc.GrpcConfigKeys (ConfUtils.java:logGet(46)) - raft.grpc.server.heartbeat.channel = true (default)
2023-07-05 13:41:42,325 [Time-limited test] INFO  grpc.GrpcConfigKeys (ConfUtils.java:logGet(46)) - raft.grpc.server.async.request.thread.pool.cached = true (default)
2023-07-05 13:41:42,325 [Time-limited test] INFO  grpc.GrpcConfigKeys (ConfUtils.java:logGet(46)) - raft.grpc.server.async.request.thread.pool.size = 32 (default)
2023-07-05 13:41:42,328 [Time-limited test] INFO  impl.DataStreamServerImpl (ConfUtils.java:logGet(46)) - raft.datastream.type = NETTY (custom)
2023-07-05 13:41:42,328 [Time-limited test] INFO  server.RaftServerConfigKeys (ConfUtils.java:logGet(46)) - raft.server.data-stream.async.request.thread.pool.cached = false (default)
2023-07-05 13:41:42,329 [Time-limited test] INFO  server.RaftServerConfigKeys (ConfUtils.java:logGet(46)) - raft.server.data-stream.async.request.thread.pool.size = 20 (custom)
2023-07-05 13:41:42,329 [Time-limited test] INFO  server.RaftServerConfigKeys (ConfUtils.java:logGet(46)) - raft.server.data-stream.async.write.thread.pool.size = 16 (default)
2023-07-05 13:41:42,329 [Time-limited test] INFO  server.RaftServerConfigKeys (ConfUtils.java:logGet(46)) - raft.server.data-stream.client.pool.size = 10 (default)
2023-07-05 13:41:42,329 [Time-limited test] INFO  netty.NettyConfigKeys$DataStream (ConfUtils.java:logGet(46)) - raft.netty.dataStream.server.use-epoll = false (default)
2023-07-05 13:41:42,329 [Time-limited test] INFO  netty.NettyConfigKeys$DataStream (ConfUtils.java:logGet(46)) - raft.netty.dataStream.server.boss-group.size = 0 (default)
2023-07-05 13:41:42,329 [Time-limited test] INFO  netty.NettyConfigKeys$DataStream (ConfUtils.java:logGet(46)) - raft.netty.dataStream.server.worker-group.size = 0 (default)
2023-07-05 13:41:42,330 [Time-limited test] INFO  netty.NettyConfigKeys$DataStream (ConfUtils.java:logGet(46)) - raft.netty.dataStream.server.tls.conf = null (default)
2023-07-05 13:41:42,330 [Time-limited test] INFO  netty.NettyConfigKeys$DataStream (ConfUtils.java:logGet(46)) - raft.netty.dataStream.host = null (default)
2023-07-05 13:41:42,330 [Time-limited test] INFO  netty.NettyConfigKeys$DataStream (ConfUtils.java:logGet(46)) - raft.netty.dataStream.port = 15051 (custom)
2023-07-05 13:41:42,330 [Time-limited test] INFO  server.RaftServerConfigKeys (ConfUtils.java:logGet(46)) - raft.server.threadpool.proxy.cached = true (default)
2023-07-05 13:41:42,330 [Time-limited test] INFO  server.RaftServerConfigKeys (ConfUtils.java:logGet(46)) - raft.server.threadpool.proxy.size = 0 (default)
2023-07-05 13:41:42,331 [Time-limited test] INFO  server.RaftServerConfigKeys (ConfUtils.java:logGet(46)) - raft.server.rpc.slowness.timeout = 300s (custom)
2023-07-05 13:41:42,331 [Time-limited test] INFO  server.RaftServerConfigKeys (ConfUtils.java:logGet(46)) - raft.server.leaderelection.leader.step-down.wait-time = 10s (default)
2023-07-05 13:41:42,331 [Time-limited test] INFO  server.RaftServerConfigKeys (ConfUtils.java:logGet(46)) - raft.server.storage.dir = [/home/runner/work/ozone/ozone/hadoop-ozone/integration-test/target/test-dir/MiniOzoneClusterImpl-4f26d1f9-f73a-4647-bb3a-126a945bf307/datanode-4/data/ratis] (custom)
2023-07-05 13:41:42,342 [Time-limited test] INFO  server.XceiverServerGrpc (XceiverServerGrpc.java:<init>(132)) - GrpcServer channel type EpollServerSocketChannel
2023-07-05 13:41:42,345 [Time-limited test] INFO  replication.ReplicationSupervisor (ReplicationSupervisor.java:nodeStateUpdated(305)) - Node state updated to IN_SERVICE, scaling executor pool size to 10
2023-07-05 13:41:42,349 [7fafb357-0952-493d-8025-8d38636482be-NettyServerStreamRpc-bossGroup--thread1] INFO  logging.LoggingHandler (AbstractInternalLogger.java:log(148)) - [id: 0x4906c860] REGISTERED
2023-07-05 13:41:42,349 [7fafb357-0952-493d-8025-8d38636482be-NettyServerStreamRpc-bossGroup--thread1] INFO  logging.LoggingHandler (AbstractInternalLogger.java:log(148)) - [id: 0x4906c860] BIND: 0.0.0.0/0.0.0.0:15051
2023-07-05 13:41:42,350 [7fafb357-0952-493d-8025-8d38636482be-NettyServerStreamRpc-bossGroup--thread1] INFO  logging.LoggingHandler (AbstractInternalLogger.java:log(148)) - [id: 0x4906c860, L:/0:0:0:0:0:0:0:0:15051] ACTIVE
2023-07-05 13:41:42,349 [Time-limited test] INFO  http.BaseHttpServer (BaseHttpServer.java:newHttpServer2BuilderForOzone(224)) - Starting Web-server for hddsDatanode at: http://0.0.0.0:15045
2023-07-05 13:41:42,350 [Time-limited test] INFO  http.BaseHttpServer (BaseHttpServer.java:<init>(111)) - Hadoop Security Enabled: false Ozone Security Enabled: false Ozone HTTP Security Enabled: false 
2023-07-05 13:41:42,351 [Time-limited test] WARN  server.AuthenticationFilter (AuthenticationFilter.java:constructSecretProvider(240)) - Unable to initialize FileSignerSecretProvider, falling back to use random secrets. Reason: Could not read signature secret file: /home/runner/hadoop-http-auth-signature-secret
2023-07-05 13:41:42,352 [Time-limited test] INFO  http.HttpRequestLog (HttpRequestLog.java:getRequestLog(86)) - Http request log for http.requests.hddsDatanode is not defined
2023-07-05 13:41:42,354 [Time-limited test] INFO  http.HttpServer2 (HttpServer2.java:addGlobalFilter(1031)) - Added global filter 'safety' (class=org.apache.hadoop.hdds.server.http.HttpServer2$QuotingInputFilter)
2023-07-05 13:41:42,355 [Time-limited test] INFO  http.HttpServer2 (HttpServer2.java:addFilter(1007)) - Added filter static_user_filter (class=org.apache.hadoop.http.lib.StaticUserWebFilter$StaticUserFilter) to context hddsDatanode
2023-07-05 13:41:42,355 [Time-limited test] INFO  http.HttpServer2 (HttpServer2.java:addFilter(1015)) - Added filter static_user_filter (class=org.apache.hadoop.http.lib.StaticUserWebFilter$StaticUserFilter) to context logs
2023-07-05 13:41:42,355 [Time-limited test] INFO  http.HttpServer2 (HttpServer2.java:addFilter(1015)) - Added filter static_user_filter (class=org.apache.hadoop.http.lib.StaticUserWebFilter$StaticUserFilter) to context static
2023-07-05 13:41:42,356 [Time-limited test] INFO  http.BaseHttpServer (BaseHttpServer.java:<init>(190)) - HTTP server of hddsDatanode uses base directory /home/runner/work/ozone/ozone/hadoop-ozone/integration-test/target/test-dir/MiniOzoneClusterImpl-4f26d1f9-f73a-4647-bb3a-126a945bf307/datanode-4/meta/webserver
2023-07-05 13:41:42,356 [Time-limited test] INFO  http.HttpServer2 (HttpServer2.java:bindListener(1250)) - Jetty bound to port 15045
2023-07-05 13:41:42,357 [Time-limited test] INFO  server.Server (Server.java:doStart(375)) - jetty-9.4.51.v20230217; built: 2023-02-17T08:19:37.309Z; git: b45c405e4544384de066f814ed42ae3dceacdd49; jvm 1.8.0_372-b07
2023-07-05 13:41:42,359 [Time-limited test] INFO  server.session (DefaultSessionIdManager.java:doStart(334)) - DefaultSessionIdManager workerName=node0
2023-07-05 13:41:42,359 [Time-limited test] INFO  server.session (DefaultSessionIdManager.java:doStart(339)) - No SessionScavenger set, using defaults
2023-07-05 13:41:42,359 [Time-limited test] INFO  server.session (HouseKeeper.java:startScavenging(132)) - node0 Scavenging every 600000ms
2023-07-05 13:41:42,361 [Time-limited test] INFO  handler.ContextHandler (ContextHandler.java:doStart(921)) - Started o.e.j.s.ServletContextHandler@2a7bd52b{logs,/logs,file:///home/runner/work/ozone/ozone/hadoop-ozone/integration-test/target/log,AVAILABLE}
2023-07-05 13:41:42,362 [Time-limited test] INFO  handler.ContextHandler (ContextHandler.java:doStart(921)) - Started o.e.j.s.ServletContextHandler@59055ce4{static,/static,jar:file:/home/runner/.m2/repository/org/apache/ozone/hdds-container-service/1.4.0-SNAPSHOT/hdds-container-service-1.4.0-SNAPSHOT.jar!/webapps/static,AVAILABLE}
2023-07-05 13:41:42,622 [Time-limited test] INFO  handler.ContextHandler (ContextHandler.java:doStart(921)) - Started o.e.j.w.WebAppContext@7d65b05d{hddsDatanode,/,file:///home/runner/work/ozone/ozone/hadoop-ozone/integration-test/target/test-dir/MiniOzoneClusterImpl-4f26d1f9-f73a-4647-bb3a-126a945bf307/datanode-4/meta/webserver/jetty-0_0_0_0-15045-hdds-container-service-1_4_0-SNAPSHOT_jar-_-any-3066940465275610509/webapp/,AVAILABLE}{jar:file:/home/runner/.m2/repository/org/apache/ozone/hdds-container-service/1.4.0-SNAPSHOT/hdds-container-service-1.4.0-SNAPSHOT.jar!/webapps/hddsDatanode}
2023-07-05 13:41:42,624 [Time-limited test] INFO  server.AbstractConnector (AbstractConnector.java:doStart(333)) - Started ServerConnector@7160de83{HTTP/1.1, (http/1.1)}{0.0.0.0:15045}
2023-07-05 13:41:42,624 [Time-limited test] INFO  server.Server (Server.java:doStart(415)) - Started @11910ms
2023-07-05 13:41:42,624 [Time-limited test] WARN  impl.MetricsSystemImpl (MetricsSystemImpl.java:register(279)) - Sink prometheus already exists!
2023-07-05 13:41:42,625 [Time-limited test] INFO  http.BaseHttpServer (BaseHttpServer.java:updateConnectorAddress(344)) - HTTP server of hddsDatanode listening at http://0.0.0.0:15045
2023-07-05 13:41:42,625 [Time-limited test] INFO  ipc.CallQueueManager (CallQueueManager.java:<init>(90)) - Using callQueue: class java.util.concurrent.LinkedBlockingQueue, queueCapacity: 100, scheduler: class org.apache.hadoop.ipc.DefaultRpcScheduler, ipcBackoff: false.
2023-07-05 13:41:42,625 [Time-limited test] INFO  ipc.Server (Server.java:<init>(1287)) - Listener at 0.0.0.0:15046
2023-07-05 13:41:42,626 [Socket Reader #1 for port 15046] INFO  ipc.Server (Server.java:run(1323)) - Starting Socket Reader #1 for port 15046
2023-07-05 13:41:42,631 [Time-limited test] INFO  ozone.HddsDatanodeService (HddsDatanodeService.java:start(315)) - Datanode start with admins: [runner]
2023-07-05 13:41:42,632 [Time-limited test] INFO  ozone.HddsDatanodeClientProtocolServer (HddsDatanodeClientProtocolServer.java:start(72)) - RPC server for Client /0.0.0.0:15046
2023-07-05 13:41:42,632 [IPC Server Responder] INFO  ipc.Server (Server.java:run(1562)) - IPC Server Responder: starting
2023-07-05 13:41:42,632 [IPC Server listener on 15046] INFO  ipc.Server (Server.java:run(1402)) - IPC Server listener on 15046: starting
2023-07-05 13:41:42,634 [Datanode State Machine Daemon Thread] INFO  statemachine.DatanodeStateMachine (DatanodeStateMachine.java:lambda$startDaemon$0(531)) - Ozone container server started.
2023-07-05 13:41:42,639 [Time-limited test] INFO  ozone.MiniOzoneClusterImpl (MiniOzoneClusterImpl.java:lambda$waitForClusterToBeReady$0(224)) - Waiting for nodes to be ready. Got 0 of 5 DN Heartbeats.
2023-07-05 13:41:42,639 [Time-limited test] INFO  ozone.MiniOzoneClusterImpl (MiniOzoneClusterImpl.java:lambda$waitForClusterToBeReady$0(227)) - Waiting for cluster to exit safe mode
2023-07-05 13:41:42,639 [Time-limited test] INFO  ozone.MiniOzoneClusterImpl (MiniOzoneClusterImpl.java:lambda$waitForClusterToBeReady$0(229)) - SCM became leader
2023-07-05 13:41:42,649 [Datanode State Machine Task Thread - 0] INFO  datanode.InitDatanodeState (InitDatanodeState.java:persistContainerDatanodeDetails(138)) - DatanodeDetails is persisted to /home/runner/work/ozone/ozone/hadoop-ozone/integration-test/target/test-dir/MiniOzoneClusterImpl-4f26d1f9-f73a-4647-bb3a-126a945bf307/datanode-4/meta/datanode.id
2023-07-05 13:41:42,663 [ReplicationMonitor] INFO  replication.ReplicationManager (ReplicationManager.java:processAll(361)) - Replication Manager is not ready to run until 3000ms after safemode exit
2023-07-05 13:41:43,096 [EndpointStateMachine task thread for /0.0.0.0:15002 - 0 ] INFO  utils.DatanodeStoreCache (DatanodeStoreCache.java:addDB(66)) - Added db /home/runner/work/ozone/ozone/hadoop-ozone/integration-test/target/test-dir/MiniOzoneClusterImpl-4f26d1f9-f73a-4647-bb3a-126a945bf307/datanode-0/data-0/containers/hdds/4f26d1f9-f73a-4647-bb3a-126a945bf307/DS-9423b8ae-6be4-49b5-bad8-99d79a32784d/container.db to cache
2023-07-05 13:41:43,097 [EndpointStateMachine task thread for /0.0.0.0:15002 - 0 ] INFO  volume.HddsVolume (HddsVolume.java:createDbStore(478)) - SchemaV3 db is created and loaded at /home/runner/work/ozone/ozone/hadoop-ozone/integration-test/target/test-dir/MiniOzoneClusterImpl-4f26d1f9-f73a-4647-bb3a-126a945bf307/datanode-0/data-0/containers/hdds/4f26d1f9-f73a-4647-bb3a-126a945bf307/DS-9423b8ae-6be4-49b5-bad8-99d79a32784d/container.db for volume DS-9423b8ae-6be4-49b5-bad8-99d79a32784d
2023-07-05 13:41:43,100 [EndpointStateMachine task thread for /0.0.0.0:15002 - 0 ] INFO  ozoneimpl.OzoneContainer (OzoneContainer.java:start(419)) - Attempting to start container services.
2023-07-05 13:41:43,106 [EndpointStateMachine task thread for /0.0.0.0:15002 - 0 ] INFO  ozoneimpl.OzoneContainer (OzoneContainer.java:startContainerScrub(327)) - Scheduled background container scanners and the on-demand container scanner have been disabled.
2023-07-05 13:41:43,108 [EndpointStateMachine task thread for /0.0.0.0:15002 - 0 ] INFO  replication.ReplicationServer (ReplicationServer.java:start(128)) - ReplicationServer is started using port 15016
2023-07-05 13:41:43,109 [EndpointStateMachine task thread for /0.0.0.0:15002 - 0 ] INFO  ratis.XceiverServerRatis (XceiverServerRatis.java:start(517)) - Starting XceiverServerRatis 2fb81e1d-6d09-4813-9c49-550bf392ffad
2023-07-05 13:41:43,113 [EndpointStateMachine task thread for /0.0.0.0:15002 - 0 ] INFO  server.RaftServer (RaftServerProxy.java:startImpl(400)) - 2fb81e1d-6d09-4813-9c49-550bf392ffad: start RPC server
2023-07-05 13:41:43,121 [EndpointStateMachine task thread for /0.0.0.0:15002 - 0 ] INFO  server.GrpcService (GrpcService.java:startImpl(302)) - 2fb81e1d-6d09-4813-9c49-550bf392ffad: GrpcService started, listening on 15012
2023-07-05 13:41:43,124 [EndpointStateMachine task thread for /0.0.0.0:15002 - 0 ] INFO  server.GrpcService (GrpcService.java:startImpl(302)) - 2fb81e1d-6d09-4813-9c49-550bf392ffad: GrpcService started, listening on 15014
2023-07-05 13:41:43,125 [EndpointStateMachine task thread for /0.0.0.0:15002 - 0 ] INFO  server.GrpcService (GrpcService.java:startImpl(302)) - 2fb81e1d-6d09-4813-9c49-550bf392ffad: GrpcService started, listening on 15013
2023-07-05 13:41:43,129 [EndpointStateMachine task thread for /0.0.0.0:15002 - 0 ] INFO  ratis.XceiverServerRatis (XceiverServerRatis.java:getRealPort(543)) - XceiverServerRatis 2fb81e1d-6d09-4813-9c49-550bf392ffad is started using port 15012 for RATIS
2023-07-05 13:41:43,129 [EndpointStateMachine task thread for /0.0.0.0:15002 - 0 ] INFO  ratis.XceiverServerRatis (XceiverServerRatis.java:getRealPort(543)) - XceiverServerRatis 2fb81e1d-6d09-4813-9c49-550bf392ffad is started using port 15013 for RATIS_ADMIN
2023-07-05 13:41:43,130 [EndpointStateMachine task thread for /0.0.0.0:15002 - 0 ] INFO  ratis.XceiverServerRatis (XceiverServerRatis.java:getRealPort(543)) - XceiverServerRatis 2fb81e1d-6d09-4813-9c49-550bf392ffad is started using port 15014 for RATIS_SERVER
2023-07-05 13:41:43,130 [EndpointStateMachine task thread for /0.0.0.0:15002 - 0 ] INFO  ratis.XceiverServerRatis (XceiverServerRatis.java:getRealPort(543)) - XceiverServerRatis 2fb81e1d-6d09-4813-9c49-550bf392ffad is started using port 15015 for RATIS_DATASTREAM
2023-07-05 13:41:43,132 [JvmPauseMonitor2] INFO  util.JvmPauseMonitor (JvmPauseMonitor.java:run(103)) - JvmPauseMonitor-2fb81e1d-6d09-4813-9c49-550bf392ffad: Started
2023-07-05 13:41:43,145 [BlockDeletingService#0] INFO  interfaces.ContainerDeletionChoosingPolicyTemplate (ContainerDeletionChoosingPolicyTemplate.java:chooseContainerForBlockDeletion(83)) - Chosen 0/5000 blocks from 0 candidate containers.
2023-07-05 13:41:43,580 [EndpointStateMachine task thread for /0.0.0.0:15002 - 0 ] INFO  utils.DatanodeStoreCache (DatanodeStoreCache.java:addDB(66)) - Added db /home/runner/work/ozone/ozone/hadoop-ozone/integration-test/target/test-dir/MiniOzoneClusterImpl-4f26d1f9-f73a-4647-bb3a-126a945bf307/datanode-1/data-0/containers/hdds/4f26d1f9-f73a-4647-bb3a-126a945bf307/DS-30a304ec-ce11-43fd-96ad-3693590e4c10/container.db to cache
2023-07-05 13:41:43,580 [EndpointStateMachine task thread for /0.0.0.0:15002 - 0 ] INFO  volume.HddsVolume (HddsVolume.java:createDbStore(478)) - SchemaV3 db is created and loaded at /home/runner/work/ozone/ozone/hadoop-ozone/integration-test/target/test-dir/MiniOzoneClusterImpl-4f26d1f9-f73a-4647-bb3a-126a945bf307/datanode-1/data-0/containers/hdds/4f26d1f9-f73a-4647-bb3a-126a945bf307/DS-30a304ec-ce11-43fd-96ad-3693590e4c10/container.db for volume DS-30a304ec-ce11-43fd-96ad-3693590e4c10
2023-07-05 13:41:43,581 [EndpointStateMachine task thread for /0.0.0.0:15002 - 0 ] INFO  ozoneimpl.OzoneContainer (OzoneContainer.java:start(419)) - Attempting to start container services.
2023-07-05 13:41:43,581 [EndpointStateMachine task thread for /0.0.0.0:15002 - 0 ] INFO  ozoneimpl.OzoneContainer (OzoneContainer.java:startContainerScrub(327)) - Scheduled background container scanners and the on-demand container scanner have been disabled.
2023-07-05 13:41:43,583 [EndpointStateMachine task thread for /0.0.0.0:15002 - 0 ] INFO  replication.ReplicationServer (ReplicationServer.java:start(128)) - ReplicationServer is started using port 15025
2023-07-05 13:41:43,584 [EndpointStateMachine task thread for /0.0.0.0:15002 - 0 ] INFO  ratis.XceiverServerRatis (XceiverServerRatis.java:start(517)) - Starting XceiverServerRatis 3d2757fa-b181-4803-bdc5-b482e758aadc
2023-07-05 13:41:43,585 [EndpointStateMachine task thread for /0.0.0.0:15002 - 0 ] INFO  server.RaftServer (RaftServerProxy.java:startImpl(400)) - 3d2757fa-b181-4803-bdc5-b482e758aadc: start RPC server
2023-07-05 13:41:43,587 [EndpointStateMachine task thread for /0.0.0.0:15002 - 0 ] INFO  server.GrpcService (GrpcService.java:startImpl(302)) - 3d2757fa-b181-4803-bdc5-b482e758aadc: GrpcService started, listening on 15021
2023-07-05 13:41:43,589 [EndpointStateMachine task thread for /0.0.0.0:15002 - 0 ] INFO  server.GrpcService (GrpcService.java:startImpl(302)) - 3d2757fa-b181-4803-bdc5-b482e758aadc: GrpcService started, listening on 15023
2023-07-05 13:41:43,592 [EndpointStateMachine task thread for /0.0.0.0:15002 - 0 ] INFO  server.GrpcService (GrpcService.java:startImpl(302)) - 3d2757fa-b181-4803-bdc5-b482e758aadc: GrpcService started, listening on 15022
2023-07-05 13:41:43,592 [EndpointStateMachine task thread for /0.0.0.0:15002 - 0 ] INFO  ratis.XceiverServerRatis (XceiverServerRatis.java:getRealPort(543)) - XceiverServerRatis 3d2757fa-b181-4803-bdc5-b482e758aadc is started using port 15021 for RATIS
2023-07-05 13:41:43,592 [JvmPauseMonitor3] INFO  util.JvmPauseMonitor (JvmPauseMonitor.java:run(103)) - JvmPauseMonitor-3d2757fa-b181-4803-bdc5-b482e758aadc: Started
2023-07-05 13:41:43,592 [EndpointStateMachine task thread for /0.0.0.0:15002 - 0 ] INFO  ratis.XceiverServerRatis (XceiverServerRatis.java:getRealPort(543)) - XceiverServerRatis 3d2757fa-b181-4803-bdc5-b482e758aadc is started using port 15022 for RATIS_ADMIN
2023-07-05 13:41:43,592 [EndpointStateMachine task thread for /0.0.0.0:15002 - 0 ] INFO  ratis.XceiverServerRatis (XceiverServerRatis.java:getRealPort(543)) - XceiverServerRatis 3d2757fa-b181-4803-bdc5-b482e758aadc is started using port 15023 for RATIS_SERVER
2023-07-05 13:41:43,592 [EndpointStateMachine task thread for /0.0.0.0:15002 - 0 ] INFO  ratis.XceiverServerRatis (XceiverServerRatis.java:getRealPort(543)) - XceiverServerRatis 3d2757fa-b181-4803-bdc5-b482e758aadc is started using port 15024 for RATIS_DATASTREAM
2023-07-05 13:41:43,607 [BlockDeletingService#0] INFO  interfaces.ContainerDeletionChoosingPolicyTemplate (ContainerDeletionChoosingPolicyTemplate.java:chooseContainerForBlockDeletion(83)) - Chosen 0/5000 blocks from 0 candidate containers.
2023-07-05 13:41:43,639 [Time-limited test] INFO  ozone.MiniOzoneClusterImpl (MiniOzoneClusterImpl.java:lambda$waitForClusterToBeReady$0(224)) - Waiting for nodes to be ready. Got 0 of 5 DN Heartbeats.
2023-07-05 13:41:43,640 [Time-limited test] INFO  ozone.MiniOzoneClusterImpl (MiniOzoneClusterImpl.java:lambda$waitForClusterToBeReady$0(227)) - Waiting for cluster to exit safe mode
2023-07-05 13:41:43,640 [Time-limited test] INFO  ozone.MiniOzoneClusterImpl (MiniOzoneClusterImpl.java:lambda$waitForClusterToBeReady$0(229)) - SCM became leader
2023-07-05 13:41:43,663 [ReplicationMonitor] INFO  replication.ReplicationManager (ReplicationManager.java:processAll(361)) - Replication Manager is not ready to run until 3000ms after safemode exit
2023-07-05 13:41:43,944 [EndpointStateMachine task thread for /0.0.0.0:15002 - 0 ] INFO  utils.DatanodeStoreCache (DatanodeStoreCache.java:addDB(66)) - Added db /home/runner/work/ozone/ozone/hadoop-ozone/integration-test/target/test-dir/MiniOzoneClusterImpl-4f26d1f9-f73a-4647-bb3a-126a945bf307/datanode-2/data-0/containers/hdds/4f26d1f9-f73a-4647-bb3a-126a945bf307/DS-88aab22c-7bdb-44e6-b345-d7880d087199/container.db to cache
2023-07-05 13:41:43,944 [EndpointStateMachine task thread for /0.0.0.0:15002 - 0 ] INFO  volume.HddsVolume (HddsVolume.java:createDbStore(478)) - SchemaV3 db is created and loaded at /home/runner/work/ozone/ozone/hadoop-ozone/integration-test/target/test-dir/MiniOzoneClusterImpl-4f26d1f9-f73a-4647-bb3a-126a945bf307/datanode-2/data-0/containers/hdds/4f26d1f9-f73a-4647-bb3a-126a945bf307/DS-88aab22c-7bdb-44e6-b345-d7880d087199/container.db for volume DS-88aab22c-7bdb-44e6-b345-d7880d087199
2023-07-05 13:41:43,944 [EndpointStateMachine task thread for /0.0.0.0:15002 - 0 ] INFO  ozoneimpl.OzoneContainer (OzoneContainer.java:start(419)) - Attempting to start container services.
2023-07-05 13:41:43,945 [EndpointStateMachine task thread for /0.0.0.0:15002 - 0 ] INFO  ozoneimpl.OzoneContainer (OzoneContainer.java:startContainerScrub(327)) - Scheduled background container scanners and the on-demand container scanner have been disabled.
2023-07-05 13:41:43,947 [EndpointStateMachine task thread for /0.0.0.0:15002 - 0 ] INFO  replication.ReplicationServer (ReplicationServer.java:start(128)) - ReplicationServer is started using port 15034
2023-07-05 13:41:43,947 [EndpointStateMachine task thread for /0.0.0.0:15002 - 0 ] INFO  ratis.XceiverServerRatis (XceiverServerRatis.java:start(517)) - Starting XceiverServerRatis 57c60944-bb7c-45d4-a857-02381db20eb8
2023-07-05 13:41:43,956 [EndpointStateMachine task thread for /0.0.0.0:15002 - 0 ] INFO  server.RaftServer (RaftServerProxy.java:startImpl(400)) - 57c60944-bb7c-45d4-a857-02381db20eb8: start RPC server
2023-07-05 13:41:43,960 [EndpointStateMachine task thread for /0.0.0.0:15002 - 0 ] INFO  server.GrpcService (GrpcService.java:startImpl(302)) - 57c60944-bb7c-45d4-a857-02381db20eb8: GrpcService started, listening on 15030
2023-07-05 13:41:43,962 [EndpointStateMachine task thread for /0.0.0.0:15002 - 0 ] INFO  server.GrpcService (GrpcService.java:startImpl(302)) - 57c60944-bb7c-45d4-a857-02381db20eb8: GrpcService started, listening on 15032
2023-07-05 13:41:43,963 [EndpointStateMachine task thread for /0.0.0.0:15002 - 0 ] INFO  server.GrpcService (GrpcService.java:startImpl(302)) - 57c60944-bb7c-45d4-a857-02381db20eb8: GrpcService started, listening on 15031
2023-07-05 13:41:43,964 [EndpointStateMachine task thread for /0.0.0.0:15002 - 0 ] INFO  ratis.XceiverServerRatis (XceiverServerRatis.java:getRealPort(543)) - XceiverServerRatis 57c60944-bb7c-45d4-a857-02381db20eb8 is started using port 15030 for RATIS
2023-07-05 13:41:43,964 [JvmPauseMonitor4] INFO  util.JvmPauseMonitor (JvmPauseMonitor.java:run(103)) - JvmPauseMonitor-57c60944-bb7c-45d4-a857-02381db20eb8: Started
2023-07-05 13:41:43,964 [EndpointStateMachine task thread for /0.0.0.0:15002 - 0 ] INFO  ratis.XceiverServerRatis (XceiverServerRatis.java:getRealPort(543)) - XceiverServerRatis 57c60944-bb7c-45d4-a857-02381db20eb8 is started using port 15031 for RATIS_ADMIN
2023-07-05 13:41:43,964 [EndpointStateMachine task thread for /0.0.0.0:15002 - 0 ] INFO  ratis.XceiverServerRatis (XceiverServerRatis.java:getRealPort(543)) - XceiverServerRatis 57c60944-bb7c-45d4-a857-02381db20eb8 is started using port 15032 for RATIS_SERVER
2023-07-05 13:41:43,964 [EndpointStateMachine task thread for /0.0.0.0:15002 - 0 ] INFO  ratis.XceiverServerRatis (XceiverServerRatis.java:getRealPort(543)) - XceiverServerRatis 57c60944-bb7c-45d4-a857-02381db20eb8 is started using port 15033 for RATIS_DATASTREAM
2023-07-05 13:41:43,981 [BlockDeletingService#0] INFO  interfaces.ContainerDeletionChoosingPolicyTemplate (ContainerDeletionChoosingPolicyTemplate.java:chooseContainerForBlockDeletion(83)) - Chosen 0/5000 blocks from 0 candidate containers.
2023-07-05 13:41:44,321 [EndpointStateMachine task thread for /0.0.0.0:15002 - 0 ] INFO  utils.DatanodeStoreCache (DatanodeStoreCache.java:addDB(66)) - Added db /home/runner/work/ozone/ozone/hadoop-ozone/integration-test/target/test-dir/MiniOzoneClusterImpl-4f26d1f9-f73a-4647-bb3a-126a945bf307/datanode-3/data-0/containers/hdds/4f26d1f9-f73a-4647-bb3a-126a945bf307/DS-f06e0b13-fb74-49b0-8fc0-53573d6b30a5/container.db to cache
2023-07-05 13:41:44,321 [EndpointStateMachine task thread for /0.0.0.0:15002 - 0 ] INFO  volume.HddsVolume (HddsVolume.java:createDbStore(478)) - SchemaV3 db is created and loaded at /home/runner/work/ozone/ozone/hadoop-ozone/integration-test/target/test-dir/MiniOzoneClusterImpl-4f26d1f9-f73a-4647-bb3a-126a945bf307/datanode-3/data-0/containers/hdds/4f26d1f9-f73a-4647-bb3a-126a945bf307/DS-f06e0b13-fb74-49b0-8fc0-53573d6b30a5/container.db for volume DS-f06e0b13-fb74-49b0-8fc0-53573d6b30a5
2023-07-05 13:41:44,322 [EndpointStateMachine task thread for /0.0.0.0:15002 - 0 ] INFO  ozoneimpl.OzoneContainer (OzoneContainer.java:start(419)) - Attempting to start container services.
2023-07-05 13:41:44,322 [EndpointStateMachine task thread for /0.0.0.0:15002 - 0 ] INFO  ozoneimpl.OzoneContainer (OzoneContainer.java:startContainerScrub(327)) - Scheduled background container scanners and the on-demand container scanner have been disabled.
2023-07-05 13:41:44,328 [EndpointStateMachine task thread for /0.0.0.0:15002 - 0 ] INFO  replication.ReplicationServer (ReplicationServer.java:start(128)) - ReplicationServer is started using port 15043
2023-07-05 13:41:44,329 [EndpointStateMachine task thread for /0.0.0.0:15002 - 0 ] INFO  ratis.XceiverServerRatis (XceiverServerRatis.java:start(517)) - Starting XceiverServerRatis 5208b228-229c-45e5-8ed5-a8a29880b91d
2023-07-05 13:41:44,330 [EndpointStateMachine task thread for /0.0.0.0:15002 - 0 ] INFO  server.RaftServer (RaftServerProxy.java:startImpl(400)) - 5208b228-229c-45e5-8ed5-a8a29880b91d: start RPC server
2023-07-05 13:41:44,332 [EndpointStateMachine task thread for /0.0.0.0:15002 - 0 ] INFO  server.GrpcService (GrpcService.java:startImpl(302)) - 5208b228-229c-45e5-8ed5-a8a29880b91d: GrpcService started, listening on 15039
2023-07-05 13:41:44,336 [EndpointStateMachine task thread for /0.0.0.0:15002 - 0 ] INFO  server.GrpcService (GrpcService.java:startImpl(302)) - 5208b228-229c-45e5-8ed5-a8a29880b91d: GrpcService started, listening on 15041
2023-07-05 13:41:44,340 [EndpointStateMachine task thread for /0.0.0.0:15002 - 0 ] INFO  server.GrpcService (GrpcService.java:startImpl(302)) - 5208b228-229c-45e5-8ed5-a8a29880b91d: GrpcService started, listening on 15040
2023-07-05 13:41:44,340 [EndpointStateMachine task thread for /0.0.0.0:15002 - 0 ] INFO  ratis.XceiverServerRatis (XceiverServerRatis.java:getRealPort(543)) - XceiverServerRatis 5208b228-229c-45e5-8ed5-a8a29880b91d is started using port 15039 for RATIS
2023-07-05 13:41:44,340 [JvmPauseMonitor5] INFO  util.JvmPauseMonitor (JvmPauseMonitor.java:run(103)) - JvmPauseMonitor-5208b228-229c-45e5-8ed5-a8a29880b91d: Started
2023-07-05 13:41:44,340 [EndpointStateMachine task thread for /0.0.0.0:15002 - 0 ] INFO  ratis.XceiverServerRatis (XceiverServerRatis.java:getRealPort(543)) - XceiverServerRatis 5208b228-229c-45e5-8ed5-a8a29880b91d is started using port 15040 for RATIS_ADMIN
2023-07-05 13:41:44,341 [EndpointStateMachine task thread for /0.0.0.0:15002 - 0 ] INFO  ratis.XceiverServerRatis (XceiverServerRatis.java:getRealPort(543)) - XceiverServerRatis 5208b228-229c-45e5-8ed5-a8a29880b91d is started using port 15041 for RATIS_SERVER
2023-07-05 13:41:44,341 [EndpointStateMachine task thread for /0.0.0.0:15002 - 0 ] INFO  ratis.XceiverServerRatis (XceiverServerRatis.java:getRealPort(543)) - XceiverServerRatis 5208b228-229c-45e5-8ed5-a8a29880b91d is started using port 15042 for RATIS_DATASTREAM
2023-07-05 13:41:44,349 [BlockDeletingService#0] INFO  interfaces.ContainerDeletionChoosingPolicyTemplate (ContainerDeletionChoosingPolicyTemplate.java:chooseContainerForBlockDeletion(83)) - Chosen 0/5000 blocks from 0 candidate containers.
2023-07-05 13:41:44,640 [Time-limited test] INFO  ozone.MiniOzoneClusterImpl (MiniOzoneClusterImpl.java:lambda$waitForClusterToBeReady$0(224)) - Waiting for nodes to be ready. Got 0 of 5 DN Heartbeats.
2023-07-05 13:41:44,640 [Time-limited test] INFO  ozone.MiniOzoneClusterImpl (MiniOzoneClusterImpl.java:lambda$waitForClusterToBeReady$0(227)) - Waiting for cluster to exit safe mode
2023-07-05 13:41:44,640 [Time-limited test] INFO  ozone.MiniOzoneClusterImpl (MiniOzoneClusterImpl.java:lambda$waitForClusterToBeReady$0(229)) - SCM became leader
2023-07-05 13:41:44,663 [ReplicationMonitor] INFO  replication.ReplicationManager (ReplicationManager.java:processAll(361)) - Replication Manager is not ready to run until 3000ms after safemode exit
2023-07-05 13:41:44,682 [EndpointStateMachine task thread for /0.0.0.0:15002 - 0 ] INFO  utils.DatanodeStoreCache (DatanodeStoreCache.java:addDB(66)) - Added db /home/runner/work/ozone/ozone/hadoop-ozone/integration-test/target/test-dir/MiniOzoneClusterImpl-4f26d1f9-f73a-4647-bb3a-126a945bf307/datanode-4/data-0/containers/hdds/4f26d1f9-f73a-4647-bb3a-126a945bf307/DS-80fd0042-beb9-439f-8d90-5a59a754e442/container.db to cache
2023-07-05 13:41:44,682 [EndpointStateMachine task thread for /0.0.0.0:15002 - 0 ] INFO  volume.HddsVolume (HddsVolume.java:createDbStore(478)) - SchemaV3 db is created and loaded at /home/runner/work/ozone/ozone/hadoop-ozone/integration-test/target/test-dir/MiniOzoneClusterImpl-4f26d1f9-f73a-4647-bb3a-126a945bf307/datanode-4/data-0/containers/hdds/4f26d1f9-f73a-4647-bb3a-126a945bf307/DS-80fd0042-beb9-439f-8d90-5a59a754e442/container.db for volume DS-80fd0042-beb9-439f-8d90-5a59a754e442
2023-07-05 13:41:44,683 [EndpointStateMachine task thread for /0.0.0.0:15002 - 0 ] INFO  ozoneimpl.OzoneContainer (OzoneContainer.java:start(419)) - Attempting to start container services.
2023-07-05 13:41:44,683 [EndpointStateMachine task thread for /0.0.0.0:15002 - 0 ] INFO  ozoneimpl.OzoneContainer (OzoneContainer.java:startContainerScrub(327)) - Scheduled background container scanners and the on-demand container scanner have been disabled.
2023-07-05 13:41:44,685 [EndpointStateMachine task thread for /0.0.0.0:15002 - 0 ] INFO  replication.ReplicationServer (ReplicationServer.java:start(128)) - ReplicationServer is started using port 15052
2023-07-05 13:41:44,685 [EndpointStateMachine task thread for /0.0.0.0:15002 - 0 ] INFO  ratis.XceiverServerRatis (XceiverServerRatis.java:start(517)) - Starting XceiverServerRatis 7fafb357-0952-493d-8025-8d38636482be
2023-07-05 13:41:44,685 [EndpointStateMachine task thread for /0.0.0.0:15002 - 0 ] INFO  server.RaftServer (RaftServerProxy.java:startImpl(400)) - 7fafb357-0952-493d-8025-8d38636482be: start RPC server
2023-07-05 13:41:44,688 [EndpointStateMachine task thread for /0.0.0.0:15002 - 0 ] INFO  server.GrpcService (GrpcService.java:startImpl(302)) - 7fafb357-0952-493d-8025-8d38636482be: GrpcService started, listening on 15048
2023-07-05 13:41:44,689 [EndpointStateMachine task thread for /0.0.0.0:15002 - 0 ] INFO  server.GrpcService (GrpcService.java:startImpl(302)) - 7fafb357-0952-493d-8025-8d38636482be: GrpcService started, listening on 15050
2023-07-05 13:41:44,690 [EndpointStateMachine task thread for /0.0.0.0:15002 - 0 ] INFO  server.GrpcService (GrpcService.java:startImpl(302)) - 7fafb357-0952-493d-8025-8d38636482be: GrpcService started, listening on 15049
2023-07-05 13:41:44,690 [EndpointStateMachine task thread for /0.0.0.0:15002 - 0 ] INFO  ratis.XceiverServerRatis (XceiverServerRatis.java:getRealPort(543)) - XceiverServerRatis 7fafb357-0952-493d-8025-8d38636482be is started using port 15048 for RATIS
2023-07-05 13:41:44,690 [JvmPauseMonitor6] INFO  util.JvmPauseMonitor (JvmPauseMonitor.java:run(103)) - JvmPauseMonitor-7fafb357-0952-493d-8025-8d38636482be: Started
2023-07-05 13:41:44,690 [EndpointStateMachine task thread for /0.0.0.0:15002 - 0 ] INFO  ratis.XceiverServerRatis (XceiverServerRatis.java:getRealPort(543)) - XceiverServerRatis 7fafb357-0952-493d-8025-8d38636482be is started using port 15049 for RATIS_ADMIN
2023-07-05 13:41:44,691 [EndpointStateMachine task thread for /0.0.0.0:15002 - 0 ] INFO  ratis.XceiverServerRatis (XceiverServerRatis.java:getRealPort(543)) - XceiverServerRatis 7fafb357-0952-493d-8025-8d38636482be is started using port 15050 for RATIS_SERVER
2023-07-05 13:41:44,691 [EndpointStateMachine task thread for /0.0.0.0:15002 - 0 ] INFO  ratis.XceiverServerRatis (XceiverServerRatis.java:getRealPort(543)) - XceiverServerRatis 7fafb357-0952-493d-8025-8d38636482be is started using port 15051 for RATIS_DATASTREAM
2023-07-05 13:41:44,693 [BlockDeletingService#0] INFO  interfaces.ContainerDeletionChoosingPolicyTemplate (ContainerDeletionChoosingPolicyTemplate.java:chooseContainerForBlockDeletion(83)) - Chosen 0/5000 blocks from 0 candidate containers.
2023-07-05 13:41:44,987 [IPC Server handler 9 on default port 15002] INFO  net.NetworkTopologyImpl (NetworkTopologyImpl.java:add(112)) - Added a new node: /default-rack/2fb81e1d-6d09-4813-9c49-550bf392ffad
2023-07-05 13:41:44,990 [IPC Server handler 9 on default port 15002] INFO  node.SCMNodeManager (SCMNodeManager.java:register(405)) - Registered Data node : 2fb81e1d-6d09-4813-9c49-550bf392ffad{ip: 10.1.0.13, host: fv-az264-29.ca02foy5wcnuvlrvrz2wi3p2og.dx.internal.cloudapp.net, ports: [HTTP=15009, CLIENT_RPC=15010, REPLICATION=15016, RATIS=15012, RATIS_ADMIN=15013, RATIS_SERVER=15014, RATIS_DATASTREAM=15015, STANDALONE=15011], networkLocation: /default-rack, certSerialId: null, persistedOpState: null, persistedOpStateExpiryEpochSec: 0}
2023-07-05 13:41:45,004 [EventQueue-NewNodeForNewNodeHandler] INFO  pipeline.BackgroundPipelineCreator (BackgroundPipelineCreator.java:notifyEventTriggered(277)) - trigger a one-shot run on RatisPipelineUtilsThread.
2023-07-05 13:41:45,010 [EventQueue-NodeRegistrationContainerReportForDataNodeSafeModeRule] INFO  safemode.SCMSafeModeManager (DataNodeSafeModeRule.java:process(71)) - SCM in safe mode. 1 DataNodes registered, 3 required.
2023-07-05 13:41:45,010 [EventQueue-NodeRegistrationContainerReportForContainerSafeModeRule] INFO  safemode.SCMSafeModeManager (SCMSafeModeManager.java:validateSafeModeExitRules(200)) - ContainerSafeModeRule rule is successfully validated
2023-07-05 13:41:45,029 [EventQueue-PipelineReportForOneReplicaPipelineSafeModeRule] INFO  safemode.SCMSafeModeManager (SCMSafeModeManager.java:validateSafeModeExitRules(200)) - AtleastOneDatanodeReportedRule rule is successfully validated
2023-07-05 13:41:45,031 [RatisPipelineUtilsThread - 0] INFO  pipeline.RatisPipelineProvider (RatisPipelineProvider.java:lambda$create$0(206)) - Sending CreatePipelineCommand for pipeline:PipelineID=a31c783e-1d08-4021-989c-9644117cacc1 to datanode:2fb81e1d-6d09-4813-9c49-550bf392ffad
2023-07-05 13:41:45,046 [RatisPipelineUtilsThread - 0] INFO  pipeline.BackgroundPipelineCreator (BackgroundPipelineCreator.java:createPipelines(233)) - Created new pipeline Pipeline[ Id: a31c783e-1d08-4021-989c-9644117cacc1, Nodes: 2fb81e1d-6d09-4813-9c49-550bf392ffad(fv-az264-29.ca02foy5wcnuvlrvrz2wi3p2og.dx.internal.cloudapp.net/10.1.0.13), ReplicationConfig: RATIS/ONE, State:ALLOCATED, leaderId:, CreationTimestamp2023-07-05T13:41:45.025Z[Etc/UTC]]
2023-07-05 13:41:45,536 [IPC Server handler 3 on default port 15002] INFO  net.NetworkTopologyImpl (NetworkTopologyImpl.java:add(112)) - Added a new node: /default-rack/3d2757fa-b181-4803-bdc5-b482e758aadc
2023-07-05 13:41:45,538 [IPC Server handler 3 on default port 15002] INFO  node.SCMNodeManager (SCMNodeManager.java:register(405)) - Registered Data node : 3d2757fa-b181-4803-bdc5-b482e758aadc{ip: 10.1.0.13, host: fv-az264-29.ca02foy5wcnuvlrvrz2wi3p2og.dx.internal.cloudapp.net, ports: [HTTP=15018, CLIENT_RPC=15019, REPLICATION=15025, RATIS=15021, RATIS_ADMIN=15022, RATIS_SERVER=15023, RATIS_DATASTREAM=15024, STANDALONE=15020], networkLocation: /default-rack, certSerialId: null, persistedOpState: null, persistedOpStateExpiryEpochSec: 0}
2023-07-05 13:41:45,541 [EventQueue-NodeRegistrationContainerReportForDataNodeSafeModeRule] INFO  safemode.SCMSafeModeManager (DataNodeSafeModeRule.java:process(71)) - SCM in safe mode. 2 DataNodes registered, 3 required.
2023-07-05 13:41:45,541 [EventQueue-NewNodeForNewNodeHandler] INFO  pipeline.BackgroundPipelineCreator (BackgroundPipelineCreator.java:notifyEventTriggered(277)) - trigger a one-shot run on RatisPipelineUtilsThread.
2023-07-05 13:41:45,545 [RatisPipelineUtilsThread - 0] INFO  pipeline.RatisPipelineProvider (RatisPipelineProvider.java:lambda$create$0(206)) - Sending CreatePipelineCommand for pipeline:PipelineID=531ae59c-1464-49a7-8d74-4a7041874874 to datanode:3d2757fa-b181-4803-bdc5-b482e758aadc
2023-07-05 13:41:45,549 [RatisPipelineUtilsThread - 0] INFO  pipeline.BackgroundPipelineCreator (BackgroundPipelineCreator.java:createPipelines(233)) - Created new pipeline Pipeline[ Id: 531ae59c-1464-49a7-8d74-4a7041874874, Nodes: 3d2757fa-b181-4803-bdc5-b482e758aadc(fv-az264-29.ca02foy5wcnuvlrvrz2wi3p2og.dx.internal.cloudapp.net/10.1.0.13), ReplicationConfig: RATIS/ONE, State:ALLOCATED, leaderId:, CreationTimestamp2023-07-05T13:41:45.545Z[Etc/UTC]]
2023-07-05 13:41:45,640 [Time-limited test] INFO  ozone.MiniOzoneClusterImpl (MiniOzoneClusterImpl.java:lambda$waitForClusterToBeReady$0(224)) - Waiting for nodes to be ready. Got 2 of 5 DN Heartbeats.
2023-07-05 13:41:45,640 [Time-limited test] INFO  ozone.MiniOzoneClusterImpl (MiniOzoneClusterImpl.java:lambda$waitForClusterToBeReady$0(227)) - Waiting for cluster to exit safe mode
2023-07-05 13:41:45,640 [Time-limited test] INFO  ozone.MiniOzoneClusterImpl (MiniOzoneClusterImpl.java:lambda$waitForClusterToBeReady$0(229)) - SCM became leader
2023-07-05 13:41:45,664 [ReplicationMonitor] INFO  replication.ReplicationManager (ReplicationManager.java:processAll(361)) - Replication Manager is not ready to run until 3000ms after safemode exit
2023-07-05 13:41:45,908 [IPC Server handler 11 on default port 15002] INFO  net.NetworkTopologyImpl (NetworkTopologyImpl.java:add(112)) - Added a new node: /default-rack/57c60944-bb7c-45d4-a857-02381db20eb8
2023-07-05 13:41:45,909 [IPC Server handler 11 on default port 15002] INFO  node.SCMNodeManager (SCMNodeManager.java:register(405)) - Registered Data node : 57c60944-bb7c-45d4-a857-02381db20eb8{ip: 10.1.0.13, host: fv-az264-29.ca02foy5wcnuvlrvrz2wi3p2og.dx.internal.cloudapp.net, ports: [HTTP=15027, CLIENT_RPC=15028, REPLICATION=15034, RATIS=15030, RATIS_ADMIN=15031, RATIS_SERVER=15032, RATIS_DATASTREAM=15033, STANDALONE=15029], networkLocation: /default-rack, certSerialId: null, persistedOpState: null, persistedOpStateExpiryEpochSec: 0}
2023-07-05 13:41:45,910 [EventQueue-NodeRegistrationContainerReportForDataNodeSafeModeRule] INFO  safemode.SCMSafeModeManager (DataNodeSafeModeRule.java:process(71)) - SCM in safe mode. 3 DataNodes registered, 3 required.
2023-07-05 13:41:45,910 [EventQueue-NodeRegistrationContainerReportForDataNodeSafeModeRule] INFO  safemode.SCMSafeModeManager (SCMSafeModeManager.java:validateSafeModeExitRules(200)) - DataNodeSafeModeRule rule is successfully validated
2023-07-05 13:41:45,910 [EventQueue-NodeRegistrationContainerReportForDataNodeSafeModeRule] INFO  safemode.SCMSafeModeManager (SCMSafeModeManager.java:completePreCheck(229)) - All SCM safe mode pre check rules have passed
2023-07-05 13:41:45,910 [EventQueue-NodeRegistrationContainerReportForDataNodeSafeModeRule] INFO  ha.SCMContext (SCMContext.java:updateSafeModeStatus(228)) - Update SafeModeStatus from SafeModeStatus{safeModeStatus=true, preCheckPassed=false} to SafeModeStatus{safeModeStatus=true, preCheckPassed=true}.
2023-07-05 13:41:45,910 [EventQueue-NodeRegistrationContainerReportForDataNodeSafeModeRule] INFO  pipeline.BackgroundPipelineCreator (BackgroundPipelineCreator.java:notifyEventTriggered(277)) - trigger a one-shot run on RatisPipelineUtilsThread.
2023-07-05 13:41:45,911 [RatisPipelineUtilsThread - 0] INFO  pipeline.RatisPipelineProvider (RatisPipelineProvider.java:lambda$create$0(206)) - Sending CreatePipelineCommand for pipeline:PipelineID=184f01e4-af05-4b59-9c33-9f65ee4c7ca7 to datanode:57c60944-bb7c-45d4-a857-02381db20eb8
2023-07-05 13:41:45,912 [EventQueue-NewNodeForNewNodeHandler] INFO  pipeline.BackgroundPipelineCreator (BackgroundPipelineCreator.java:notifyEventTriggered(277)) - trigger a one-shot run on RatisPipelineUtilsThread.
2023-07-05 13:41:45,917 [RatisPipelineUtilsThread - 0] INFO  pipeline.BackgroundPipelineCreator (BackgroundPipelineCreator.java:createPipelines(233)) - Created new pipeline Pipeline[ Id: 184f01e4-af05-4b59-9c33-9f65ee4c7ca7, Nodes: 57c60944-bb7c-45d4-a857-02381db20eb8(fv-az264-29.ca02foy5wcnuvlrvrz2wi3p2og.dx.internal.cloudapp.net/10.1.0.13), ReplicationConfig: RATIS/ONE, State:ALLOCATED, leaderId:, CreationTimestamp2023-07-05T13:41:45.911Z[Etc/UTC]]
2023-07-05 13:41:45,922 [RatisPipelineUtilsThread - 0] INFO  pipeline.RatisPipelineProvider (RatisPipelineProvider.java:lambda$create$0(206)) - Sending CreatePipelineCommand for pipeline:PipelineID=67ce44c2-8df2-4b96-9ebb-aa0ec426ae9c to datanode:2fb81e1d-6d09-4813-9c49-550bf392ffad
2023-07-05 13:41:45,922 [RatisPipelineUtilsThread - 0] INFO  pipeline.RatisPipelineProvider (RatisPipelineProvider.java:lambda$create$0(206)) - Sending CreatePipelineCommand for pipeline:PipelineID=67ce44c2-8df2-4b96-9ebb-aa0ec426ae9c to datanode:3d2757fa-b181-4803-bdc5-b482e758aadc
2023-07-05 13:41:45,922 [RatisPipelineUtilsThread - 0] INFO  pipeline.RatisPipelineProvider (RatisPipelineProvider.java:lambda$create$0(206)) - Sending CreatePipelineCommand for pipeline:PipelineID=67ce44c2-8df2-4b96-9ebb-aa0ec426ae9c to datanode:57c60944-bb7c-45d4-a857-02381db20eb8
2023-07-05 13:41:45,923 [RatisPipelineUtilsThread - 0] INFO  pipeline.BackgroundPipelineCreator (BackgroundPipelineCreator.java:createPipelines(233)) - Created new pipeline Pipeline[ Id: 67ce44c2-8df2-4b96-9ebb-aa0ec426ae9c, Nodes: 2fb81e1d-6d09-4813-9c49-550bf392ffad(fv-az264-29.ca02foy5wcnuvlrvrz2wi3p2og.dx.internal.cloudapp.net/10.1.0.13)3d2757fa-b181-4803-bdc5-b482e758aadc(fv-az264-29.ca02foy5wcnuvlrvrz2wi3p2og.dx.internal.cloudapp.net/10.1.0.13)57c60944-bb7c-45d4-a857-02381db20eb8(fv-az264-29.ca02foy5wcnuvlrvrz2wi3p2og.dx.internal.cloudapp.net/10.1.0.13), ReplicationConfig: RATIS/THREE, State:ALLOCATED, leaderId:, CreationTimestamp2023-07-05T13:41:45.921Z[Etc/UTC]]
2023-07-05 13:41:45,924 [RatisPipelineUtilsThread - 0] INFO  pipeline.RatisPipelineProvider (RatisPipelineProvider.java:lambda$create$0(206)) - Sending CreatePipelineCommand for pipeline:PipelineID=a1218f4d-7864-40ba-98d2-0f65b45798a5 to datanode:3d2757fa-b181-4803-bdc5-b482e758aadc
2023-07-05 13:41:45,925 [RatisPipelineUtilsThread - 0] INFO  pipeline.RatisPipelineProvider (RatisPipelineProvider.java:lambda$create$0(206)) - Sending CreatePipelineCommand for pipeline:PipelineID=a1218f4d-7864-40ba-98d2-0f65b45798a5 to datanode:57c60944-bb7c-45d4-a857-02381db20eb8
2023-07-05 13:41:45,925 [RatisPipelineUtilsThread - 0] INFO  pipeline.RatisPipelineProvider (RatisPipelineProvider.java:lambda$create$0(206)) - Sending CreatePipelineCommand for pipeline:PipelineID=a1218f4d-7864-40ba-98d2-0f65b45798a5 to datanode:2fb81e1d-6d09-4813-9c49-550bf392ffad
2023-07-05 13:41:45,926 [RatisPipelineUtilsThread - 0] INFO  pipeline.PipelineManagerImpl (PipelineManagerImpl.java:recordMetricsForPipeline(895)) - Pipeline: PipelineID=a1218f4d-7864-40ba-98d2-0f65b45798a5 contains same datanodes as previous pipelines: PipelineID=67ce44c2-8df2-4b96-9ebb-aa0ec426ae9c nodeIds: 3d2757fa-b181-4803-bdc5-b482e758aadc, 57c60944-bb7c-45d4-a857-02381db20eb8, 2fb81e1d-6d09-4813-9c49-550bf392ffad
2023-07-05 13:41:45,926 [RatisPipelineUtilsThread - 0] INFO  pipeline.BackgroundPipelineCreator (BackgroundPipelineCreator.java:createPipelines(233)) - Created new pipeline Pipeline[ Id: a1218f4d-7864-40ba-98d2-0f65b45798a5, Nodes: 3d2757fa-b181-4803-bdc5-b482e758aadc(fv-az264-29.ca02foy5wcnuvlrvrz2wi3p2og.dx.internal.cloudapp.net/10.1.0.13)57c60944-bb7c-45d4-a857-02381db20eb8(fv-az264-29.ca02foy5wcnuvlrvrz2wi3p2og.dx.internal.cloudapp.net/10.1.0.13)2fb81e1d-6d09-4813-9c49-550bf392ffad(fv-az264-29.ca02foy5wcnuvlrvrz2wi3p2og.dx.internal.cloudapp.net/10.1.0.13), ReplicationConfig: RATIS/THREE, State:ALLOCATED, leaderId:, CreationTimestamp2023-07-05T13:41:45.924Z[Etc/UTC]]
2023-07-05 13:41:45,927 [RatisPipelineUtilsThread - 0] WARN  pipeline.PipelinePlacementPolicy (PipelinePlacementPolicy.java:filterViableNodes(166)) - Pipeline creation failed due to no sufficient healthy datanodes. Required 3. Found 0. Excluded 3.
2023-07-05 13:41:45,931 [RatisPipelineUtilsThread - 0] WARN  pipeline.PipelinePlacementPolicy (PipelinePlacementPolicy.java:filterViableNodes(166)) - Pipeline creation failed due to no sufficient healthy datanodes. Required 3. Found 0. Excluded 3.
2023-07-05 13:41:46,284 [IPC Server handler 8 on default port 15002] INFO  net.NetworkTopologyImpl (NetworkTopologyImpl.java:add(112)) - Added a new node: /default-rack/5208b228-229c-45e5-8ed5-a8a29880b91d
2023-07-05 13:41:46,285 [IPC Server handler 8 on default port 15002] INFO  node.SCMNodeManager (SCMNodeManager.java:register(405)) - Registered Data node : 5208b228-229c-45e5-8ed5-a8a29880b91d{ip: 10.1.0.13, host: fv-az264-29.ca02foy5wcnuvlrvrz2wi3p2og.dx.internal.cloudapp.net, ports: [HTTP=15036, CLIENT_RPC=15037, REPLICATION=15043, RATIS=15039, RATIS_ADMIN=15040, RATIS_SERVER=15041, RATIS_DATASTREAM=15042, STANDALONE=15038], networkLocation: /default-rack, certSerialId: null, persistedOpState: null, persistedOpStateExpiryEpochSec: 0}
2023-07-05 13:41:46,285 [EventQueue-NewNodeForNewNodeHandler] INFO  pipeline.BackgroundPipelineCreator (BackgroundPipelineCreator.java:notifyEventTriggered(277)) - trigger a one-shot run on RatisPipelineUtilsThread.
2023-07-05 13:41:46,286 [RatisPipelineUtilsThread - 0] INFO  pipeline.RatisPipelineProvider (RatisPipelineProvider.java:lambda$create$0(206)) - Sending CreatePipelineCommand for pipeline:PipelineID=14bbc736-12a2-417e-9ae0-bd6d76cc83e7 to datanode:5208b228-229c-45e5-8ed5-a8a29880b91d
2023-07-05 13:41:46,288 [RatisPipelineUtilsThread - 0] INFO  pipeline.BackgroundPipelineCreator (BackgroundPipelineCreator.java:createPipelines(233)) - Created new pipeline Pipeline[ Id: 14bbc736-12a2-417e-9ae0-bd6d76cc83e7, Nodes: 5208b228-229c-45e5-8ed5-a8a29880b91d(fv-az264-29.ca02foy5wcnuvlrvrz2wi3p2og.dx.internal.cloudapp.net/10.1.0.13), ReplicationConfig: RATIS/ONE, State:ALLOCATED, leaderId:, CreationTimestamp2023-07-05T13:41:46.286Z[Etc/UTC]]
2023-07-05 13:41:46,289 [RatisPipelineUtilsThread - 0] WARN  pipeline.PipelinePlacementPolicy (PipelinePlacementPolicy.java:filterViableNodes(166)) - Pipeline creation failed due to no sufficient healthy datanodes. Required 3. Found 1. Excluded 3.
2023-07-05 13:41:46,641 [Time-limited test] INFO  ozone.MiniOzoneClusterImpl (MiniOzoneClusterImpl.java:lambda$waitForClusterToBeReady$0(224)) - Waiting for nodes to be ready. Got 4 of 5 DN Heartbeats.
2023-07-05 13:41:46,641 [Time-limited test] INFO  ozone.MiniOzoneClusterImpl (MiniOzoneClusterImpl.java:lambda$waitForClusterToBeReady$0(227)) - Waiting for cluster to exit safe mode
2023-07-05 13:41:46,641 [Time-limited test] INFO  ozone.MiniOzoneClusterImpl (MiniOzoneClusterImpl.java:lambda$waitForClusterToBeReady$0(229)) - SCM became leader
2023-07-05 13:41:46,643 [IPC Server handler 7 on default port 15002] INFO  net.NetworkTopologyImpl (NetworkTopologyImpl.java:add(112)) - Added a new node: /default-rack/7fafb357-0952-493d-8025-8d38636482be
2023-07-05 13:41:46,644 [IPC Server handler 7 on default port 15002] INFO  node.SCMNodeManager (SCMNodeManager.java:register(405)) - Registered Data node : 7fafb357-0952-493d-8025-8d38636482be{ip: 10.1.0.13, host: fv-az264-29.ca02foy5wcnuvlrvrz2wi3p2og.dx.internal.cloudapp.net, ports: [HTTP=15045, CLIENT_RPC=15046, REPLICATION=15052, RATIS=15048, RATIS_ADMIN=15049, RATIS_SERVER=15050, RATIS_DATASTREAM=15051, STANDALONE=15047], networkLocation: /default-rack, certSerialId: null, persistedOpState: null, persistedOpStateExpiryEpochSec: 0}
2023-07-05 13:41:46,644 [EventQueue-NewNodeForNewNodeHandler] INFO  pipeline.BackgroundPipelineCreator (BackgroundPipelineCreator.java:notifyEventTriggered(277)) - trigger a one-shot run on RatisPipelineUtilsThread.
2023-07-05 13:41:46,645 [RatisPipelineUtilsThread - 0] INFO  pipeline.RatisPipelineProvider (RatisPipelineProvider.java:lambda$create$0(206)) - Sending CreatePipelineCommand for pipeline:PipelineID=baa2e33c-67d5-4f70-af06-ee8dcd07414e to datanode:7fafb357-0952-493d-8025-8d38636482be
2023-07-05 13:41:46,648 [RatisPipelineUtilsThread - 0] INFO  pipeline.BackgroundPipelineCreator (BackgroundPipelineCreator.java:createPipelines(233)) - Created new pipeline Pipeline[ Id: baa2e33c-67d5-4f70-af06-ee8dcd07414e, Nodes: 7fafb357-0952-493d-8025-8d38636482be(fv-az264-29.ca02foy5wcnuvlrvrz2wi3p2og.dx.internal.cloudapp.net/10.1.0.13), ReplicationConfig: RATIS/ONE, State:ALLOCATED, leaderId:, CreationTimestamp2023-07-05T13:41:46.645Z[Etc/UTC]]
2023-07-05 13:41:46,649 [RatisPipelineUtilsThread - 0] WARN  pipeline.PipelinePlacementPolicy (PipelinePlacementPolicy.java:filterViableNodes(166)) - Pipeline creation failed due to no sufficient healthy datanodes. Required 3. Found 2. Excluded 3.
2023-07-05 13:41:46,664 [ReplicationMonitor] INFO  replication.ReplicationManager (ReplicationManager.java:processAll(361)) - Replication Manager is not ready to run until 3000ms after safemode exit
2023-07-05 13:41:47,641 [Time-limited test] INFO  ozone.MiniOzoneClusterImpl (MiniOzoneClusterImpl.java:lambda$waitForClusterToBeReady$0(224)) - Nodes are ready. Got 5 of 5 DN Heartbeats.
2023-07-05 13:41:47,642 [Time-limited test] INFO  ozone.MiniOzoneClusterImpl (MiniOzoneClusterImpl.java:lambda$waitForClusterToBeReady$0(227)) - Waiting for cluster to exit safe mode
2023-07-05 13:41:47,642 [Time-limited test] INFO  ozone.MiniOzoneClusterImpl (MiniOzoneClusterImpl.java:lambda$waitForClusterToBeReady$0(229)) - SCM became leader
2023-07-05 13:41:47,664 [ReplicationMonitor] INFO  replication.ReplicationManager (ReplicationManager.java:processAll(361)) - Replication Manager is not ready to run until 3000ms after safemode exit
2023-07-05 13:41:47,985 [PipelineCommandHandlerThread-0] INFO  server.RaftServer (RaftServerProxy.java:addNew(98)) - 2fb81e1d-6d09-4813-9c49-550bf392ffad: addNew group-9644117CACC1:[2fb81e1d-6d09-4813-9c49-550bf392ffad|rpc:10.1.0.13:15014|admin:10.1.0.13:15013|client:10.1.0.13:15012|dataStream:10.1.0.13:15015|priority:1|startupRole:FOLLOWER] returns group-9644117CACC1:java.util.concurrent.CompletableFuture@1125b4a2[Not completed]
2023-07-05 13:41:48,003 [2fb81e1d-6d09-4813-9c49-550bf392ffad-groupManagement] INFO  server.RaftServer$Division (RaftServerImpl.java:<init>(198)) - 2fb81e1d-6d09-4813-9c49-550bf392ffad: new RaftServerImpl for group-9644117CACC1:[2fb81e1d-6d09-4813-9c49-550bf392ffad|rpc:10.1.0.13:15014|admin:10.1.0.13:15013|client:10.1.0.13:15012|dataStream:10.1.0.13:15015|priority:1|startupRole:FOLLOWER] with ContainerStateMachine:uninitialized
2023-07-05 13:41:48,003 [2fb81e1d-6d09-4813-9c49-550bf392ffad-groupManagement] INFO  server.RaftServerConfigKeys (ConfUtils.java:logGet(46)) - raft.server.rpc.timeout.min = 5s (custom)
2023-07-05 13:41:48,003 [2fb81e1d-6d09-4813-9c49-550bf392ffad-groupManagement] INFO  server.RaftServerConfigKeys (ConfUtils.java:logGet(46)) - raft.server.rpc.timeout.max = 5200ms (custom)
2023-07-05 13:41:48,003 [2fb81e1d-6d09-4813-9c49-550bf392ffad-groupManagement] INFO  server.RaftServerConfigKeys (ConfUtils.java:logGet(46)) - raft.server.rpc.sleep.time = 25ms (default)
2023-07-05 13:41:48,003 [2fb81e1d-6d09-4813-9c49-550bf392ffad-groupManagement] INFO  server.RaftServerConfigKeys (ConfUtils.java:logGet(46)) - raft.server.rpc.slowness.timeout = 300s (custom)
2023-07-05 13:41:48,003 [2fb81e1d-6d09-4813-9c49-550bf392ffad-groupManagement] INFO  server.RaftServerConfigKeys (ConfUtils.java:logGet(46)) - raft.server.leaderelection.leader.step-down.wait-time = 10s (default)
2023-07-05 13:41:48,003 [2fb81e1d-6d09-4813-9c49-550bf392ffad-groupManagement] INFO  server.RaftServerConfigKeys (ConfUtils.java:logGet(46)) - raft.server.sleep.deviation.threshold = 300ms (default)
2023-07-05 13:41:48,003 [2fb81e1d-6d09-4813-9c49-550bf392ffad-groupManagement] INFO  server.RaftServer$Division (ServerState.java:<init>(120)) - 2fb81e1d-6d09-4813-9c49-550bf392ffad@group-9644117CACC1: ConfigurationManager, init=-1: peers:[2fb81e1d-6d09-4813-9c49-550bf392ffad|rpc:10.1.0.13:15014|admin:10.1.0.13:15013|client:10.1.0.13:15012|dataStream:10.1.0.13:15015|priority:1|startupRole:FOLLOWER]|listeners:[], old=null, confs=<EMPTY_MAP>
2023-07-05 13:41:48,004 [2fb81e1d-6d09-4813-9c49-550bf392ffad-groupManagement] INFO  server.RaftServerConfigKeys (ConfUtils.java:logGet(46)) - raft.server.storage.dir = [/home/runner/work/ozone/ozone/hadoop-ozone/integration-test/target/test-dir/MiniOzoneClusterImpl-4f26d1f9-f73a-4647-bb3a-126a945bf307/datanode-0/data/ratis] (custom)
2023-07-05 13:41:48,004 [2fb81e1d-6d09-4813-9c49-550bf392ffad-groupManagement] INFO  server.RaftServerConfigKeys (ConfUtils.java:logGet(46)) - raft.server.log.corruption.policy = EXCEPTION (default)
2023-07-05 13:41:48,004 [2fb81e1d-6d09-4813-9c49-550bf392ffad-groupManagement] INFO  server.RaftServerConfigKeys (ConfUtils.java:logGet(46)) - raft.server.storage.free-space.min = 0MB (=0) (default)
2023-07-05 13:41:48,004 [2fb81e1d-6d09-4813-9c49-550bf392ffad-groupManagement] INFO  server.RaftServerConfigKeys (ConfUtils.java:logGet(46)) - raft.server.notification.no-leader.timeout = 300s (custom)
2023-07-05 13:41:48,004 [2fb81e1d-6d09-4813-9c49-550bf392ffad-groupManagement] INFO  server.RaftServerConfigKeys (ConfUtils.java:logGet(46)) - raft.server.read.timeout = 10s (default)
2023-07-05 13:41:48,004 [2fb81e1d-6d09-4813-9c49-550bf392ffad-groupManagement] INFO  server.RaftServerConfigKeys (ConfUtils.java:logGet(46)) - raft.server.retrycache.expirytime = 600000ms (custom)
2023-07-05 13:41:48,004 [2fb81e1d-6d09-4813-9c49-550bf392ffad-groupManagement] INFO  server.RaftServerConfigKeys (ConfUtils.java:logGet(46)) - raft.server.retrycache.statistics.expirytime = 100μs (default)
2023-07-05 13:41:48,004 [2fb81e1d-6d09-4813-9c49-550bf392ffad-groupManagement] INFO  server.RaftServerConfigKeys (ConfUtils.java:logGet(46)) - raft.server.read.option = DEFAULT (default)
2023-07-05 13:41:48,007 [2fb81e1d-6d09-4813-9c49-550bf392ffad-groupManagement] INFO  server.RaftServerConfigKeys (ConfUtils.java:logGet(46)) - raft.server.rpc.request.timeout = 60s (custom)
2023-07-05 13:41:48,007 [2fb81e1d-6d09-4813-9c49-550bf392ffad-groupManagement] INFO  server.RaftServerConfigKeys (ConfUtils.java:logGet(46)) - raft.server.log.appender.install.snapshot.enabled = false (custom)
2023-07-05 13:41:48,007 [2fb81e1d-6d09-4813-9c49-550bf392ffad-groupManagement] INFO  server.RaftServerConfigKeys (ConfUtils.java:logGet(46)) - raft.server.threadpool.server.cached = true (default)
2023-07-05 13:41:48,007 [2fb81e1d-6d09-4813-9c49-550bf392ffad-groupManagement] INFO  server.RaftServerConfigKeys (ConfUtils.java:logGet(46)) - raft.server.threadpool.server.size = 0 (default)
2023-07-05 13:41:48,007 [2fb81e1d-6d09-4813-9c49-550bf392ffad-groupManagement] INFO  server.RaftServerConfigKeys (ConfUtils.java:logGet(46)) - raft.server.threadpool.client.cached = true (default)
2023-07-05 13:41:48,007 [2fb81e1d-6d09-4813-9c49-550bf392ffad-groupManagement] INFO  server.RaftServerConfigKeys (ConfUtils.java:logGet(46)) - raft.server.threadpool.client.size = 0 (default)
2023-07-05 13:41:48,007 [2fb81e1d-6d09-4813-9c49-550bf392ffad-groupManagement] INFO  storage.RaftStorageDirectory (RaftStorageDirectoryImpl.java:analyzeStorage(137)) - The storage directory /home/runner/work/ozone/ozone/hadoop-ozone/integration-test/target/test-dir/MiniOzoneClusterImpl-4f26d1f9-f73a-4647-bb3a-126a945bf307/datanode-0/data/ratis/a31c783e-1d08-4021-989c-9644117cacc1 does not exist. Creating ...
2023-07-05 13:41:48,010 [2fb81e1d-6d09-4813-9c49-550bf392ffad-groupManagement] INFO  storage.RaftStorageDirectory (RaftStorageDirectoryImpl.java:tryLock(231)) - Lock on /home/runner/work/ozone/ozone/hadoop-ozone/integration-test/target/test-dir/MiniOzoneClusterImpl-4f26d1f9-f73a-4647-bb3a-126a945bf307/datanode-0/data/ratis/a31c783e-1d08-4021-989c-9644117cacc1/in_use.lock acquired by nodename 25537@fv-az264-29
2023-07-05 13:41:48,031 [2fb81e1d-6d09-4813-9c49-550bf392ffad-groupManagement] INFO  storage.RaftStorage (RaftStorageImpl.java:format(96)) - Storage directory /home/runner/work/ozone/ozone/hadoop-ozone/integration-test/target/test-dir/MiniOzoneClusterImpl-4f26d1f9-f73a-4647-bb3a-126a945bf307/datanode-0/data/ratis/a31c783e-1d08-4021-989c-9644117cacc1 has been successfully formatted.
2023-07-05 13:41:48,047 [2fb81e1d-6d09-4813-9c49-550bf392ffad-groupManagement] INFO  ratis.ContainerStateMachine (ContainerStateMachine.java:loadSnapshot(262)) - group-9644117CACC1: The snapshot info is null. Setting the last applied indexto:(t:0, i:~)
2023-07-05 13:41:48,047 [2fb81e1d-6d09-4813-9c49-550bf392ffad-groupManagement] INFO  server.RaftServerConfigKeys (ConfUtils.java:logGet(46)) - raft.server.log.use.memory = false (default)
2023-07-05 13:41:48,047 [2fb81e1d-6d09-4813-9c49-550bf392ffad-groupManagement] INFO  server.RaftServerConfigKeys (ConfUtils.java:logGet(46)) - raft.server.log.purge.gap = 1000000 (custom)
2023-07-05 13:41:48,047 [2fb81e1d-6d09-4813-9c49-550bf392ffad-groupManagement] INFO  server.RaftServerConfigKeys (ConfUtils.java:logGet(46)) - raft.server.log.appender.buffer.byte-limit = 33554432 (custom)
2023-07-05 13:41:48,047 [2fb81e1d-6d09-4813-9c49-550bf392ffad-groupManagement] INFO  server.RaftServerConfigKeys (ConfUtils.java:logGet(46)) - raft.server.log.statemachine.data.read.timeout = 1000ms (default)
2023-07-05 13:41:48,047 [2fb81e1d-6d09-4813-9c49-550bf392ffad-groupManagement] INFO  server.RaftServerConfigKeys (ConfUtils.java:logGet(46)) - raft.server.log.purge.preservation.log.num = 0 (default)
2023-07-05 13:41:48,047 [2fb81e1d-6d09-4813-9c49-550bf392ffad-groupManagement] INFO  server.RaftServerConfigKeys (ConfUtils.java:logGet(46)) - raft.server.log.segment.size.max = 1048576 (custom)
2023-07-05 13:41:48,049 [2fb81e1d-6d09-4813-9c49-550bf392ffad-groupManagement] INFO  server.RaftServerConfigKeys (ConfUtils.java:logGet(46)) - raft.server.log.segment.cache.num.max = 2 (custom)
2023-07-05 13:41:48,051 [2fb81e1d-6d09-4813-9c49-550bf392ffad-groupManagement] INFO  server.RaftServerConfigKeys (ConfUtils.java:logGet(46)) - raft.server.log.segment.cache.size.max = 200MB (=209715200) (default)
2023-07-05 13:41:48,051 [2fb81e1d-6d09-4813-9c49-550bf392ffad-groupManagement] INFO  server.RaftServerConfigKeys (ConfUtils.java:logGet(46)) - raft.server.log.appender.buffer.byte-limit = 33554432 (custom)
2023-07-05 13:41:48,051 [2fb81e1d-6d09-4813-9c49-550bf392ffad-groupManagement] INFO  segmented.SegmentedRaftLogWorker (SegmentedRaftLogWorker.java:<init>(188)) - new 2fb81e1d-6d09-4813-9c49-550bf392ffad@group-9644117CACC1-SegmentedRaftLogWorker for RaftStorageImpl:Storage Directory /home/runner/work/ozone/ozone/hadoop-ozone/integration-test/target/test-dir/MiniOzoneClusterImpl-4f26d1f9-f73a-4647-bb3a-126a945bf307/datanode-0/data/ratis/a31c783e-1d08-4021-989c-9644117cacc1
2023-07-05 13:41:48,051 [2fb81e1d-6d09-4813-9c49-550bf392ffad-groupManagement] INFO  server.RaftServerConfigKeys (ConfUtils.java:logGet(46)) - raft.server.log.queue.byte-limit = 4294967296 (custom)
2023-07-05 13:41:48,051 [2fb81e1d-6d09-4813-9c49-550bf392ffad-groupManagement] INFO  server.RaftServerConfigKeys (ConfUtils.java:logGet(46)) - raft.server.log.queue.element-limit = 1024 (custom)
2023-07-05 13:41:48,051 [2fb81e1d-6d09-4813-9c49-550bf392ffad-groupManagement] INFO  server.RaftServerConfigKeys (ConfUtils.java:logGet(46)) - raft.server.log.segment.size.max = 1048576 (custom)
2023-07-05 13:41:48,051 [2fb81e1d-6d09-4813-9c49-550bf392ffad-groupManagement] INFO  server.RaftServerConfigKeys (ConfUtils.java:logGet(46)) - raft.server.log.preallocated.size = 16384 (custom)
2023-07-05 13:41:48,051 [2fb81e1d-6d09-4813-9c49-550bf392ffad-groupManagement] INFO  server.RaftServerConfigKeys (ConfUtils.java:logGet(46)) - raft.server.log.force.sync.num = 128 (default)
2023-07-05 13:41:48,051 [2fb81e1d-6d09-4813-9c49-550bf392ffad-groupManagement] INFO  server.RaftServerConfigKeys (ConfUtils.java:logGet(46)) - raft.server.log.statemachine.data.sync = true (default)
2023-07-05 13:41:48,051 [2fb81e1d-6d09-4813-9c49-550bf392ffad-groupManagement] INFO  server.RaftServerConfigKeys (ConfUtils.java:logGet(46)) - raft.server.log.statemachine.data.sync.timeout = 10s (default)
2023-07-05 13:41:48,051 [2fb81e1d-6d09-4813-9c49-550bf392ffad-groupManagement] INFO  server.RaftServerConfigKeys (ConfUtils.java:logGet(46)) - raft.server.log.statemachine.data.sync.timeout.retry = -1 (default)
2023-07-05 13:41:48,056 [2fb81e1d-6d09-4813-9c49-550bf392ffad-groupManagement] INFO  server.RaftServerConfigKeys (ConfUtils.java:logGet(46)) - raft.server.log.write.buffer.size = 1048576 (custom)
2023-07-05 13:41:48,057 [2fb81e1d-6d09-4813-9c49-550bf392ffad-groupManagement] INFO  server.RaftServerConfigKeys (ConfUtils.java:logGet(46)) - raft.server.log.appender.buffer.byte-limit = 33554432 (custom)
2023-07-05 13:41:48,067 [2fb81e1d-6d09-4813-9c49-550bf392ffad-groupManagement] INFO  server.RaftServerConfigKeys (ConfUtils.java:logGet(46)) - raft.server.log.unsafe-flush.enabled = false (default)
2023-07-05 13:41:48,067 [2fb81e1d-6d09-4813-9c49-550bf392ffad-groupManagement] INFO  server.RaftServerConfigKeys (ConfUtils.java:logGet(46)) - raft.server.log.async-flush.enabled = false (default)
2023-07-05 13:41:48,067 [2fb81e1d-6d09-4813-9c49-550bf392ffad-groupManagement] INFO  server.RaftServerConfigKeys (ConfUtils.java:logGet(46)) - raft.server.log.statemachine.data.caching.enabled = true (custom)
2023-07-05 13:41:48,067 [2fb81e1d-6d09-4813-9c49-550bf392ffad-groupManagement] INFO  segmented.SegmentedRaftLogWorker (SegmentedRaftLogWorker.java:lambda$new$0(135)) - 2fb81e1d-6d09-4813-9c49-550bf392ffad@group-9644117CACC1-SegmentedRaftLogWorker: flushIndex: setUnconditionally 0 -> -1
2023-07-05 13:41:48,067 [2fb81e1d-6d09-4813-9c49-550bf392ffad-groupManagement] INFO  segmented.SegmentedRaftLogWorker (SegmentedRaftLogWorker.java:lambda$new$0(135)) - 2fb81e1d-6d09-4813-9c49-550bf392ffad@group-9644117CACC1-SegmentedRaftLogWorker: safeCacheEvictIndex: setUnconditionally 0 -> -1
2023-07-05 13:41:48,068 [2fb81e1d-6d09-4813-9c49-550bf392ffad-groupManagement] INFO  server.RaftServer$Division (RaftServerImpl.java:start(342)) - 2fb81e1d-6d09-4813-9c49-550bf392ffad@group-9644117CACC1: start as a follower, conf=-1: peers:[2fb81e1d-6d09-4813-9c49-550bf392ffad|rpc:10.1.0.13:15014|admin:10.1.0.13:15013|client:10.1.0.13:15012|dataStream:10.1.0.13:15015|priority:1|startupRole:FOLLOWER]|listeners:[], old=null
2023-07-05 13:41:48,068 [2fb81e1d-6d09-4813-9c49-550bf392ffad-groupManagement] INFO  server.RaftServer$Division (RaftServerImpl.java:setRole(329)) - 2fb81e1d-6d09-4813-9c49-550bf392ffad@group-9644117CACC1: changes role from      null to FOLLOWER at term 0 for startAsFollower
2023-07-05 13:41:48,068 [2fb81e1d-6d09-4813-9c49-550bf392ffad-groupManagement] INFO  impl.RoleInfo (RoleInfo.java:updateAndGet(139)) - 2fb81e1d-6d09-4813-9c49-550bf392ffad: start 2fb81e1d-6d09-4813-9c49-550bf392ffad@group-9644117CACC1-FollowerState
2023-07-05 13:41:48,069 [2fb81e1d-6d09-4813-9c49-550bf392ffad@group-9644117CACC1-FollowerState] INFO  server.RaftServerConfigKeys (ConfUtils.java:logFallback(53)) - raft.server.rpc.first-election.timeout.min = 5s (fallback to raft.server.rpc.timeout.min)
2023-07-05 13:41:48,069 [2fb81e1d-6d09-4813-9c49-550bf392ffad@group-9644117CACC1-FollowerState] INFO  server.RaftServerConfigKeys (ConfUtils.java:logFallback(53)) - raft.server.rpc.first-election.timeout.max = 5200ms (fallback to raft.server.rpc.timeout.max)
2023-07-05 13:41:48,068 [2fb81e1d-6d09-4813-9c49-550bf392ffad-groupManagement] INFO  util.JmxRegister (JmxRegister.java:tryRegister(44)) - Successfully registered JMX Bean with object name Ratis:service=RaftServer,group=group-9644117CACC1,id=2fb81e1d-6d09-4813-9c49-550bf392ffad
2023-07-05 13:41:48,071 [2fb81e1d-6d09-4813-9c49-550bf392ffad-groupManagement] INFO  server.RaftServerConfigKeys (ConfUtils.java:logGet(46)) - raft.server.snapshot.auto.trigger.enabled = true (custom)
2023-07-05 13:41:48,071 [2fb81e1d-6d09-4813-9c49-550bf392ffad-groupManagement] INFO  server.RaftServerConfigKeys (ConfUtils.java:logGet(46)) - raft.server.snapshot.auto.trigger.threshold = 10000 (custom)
2023-07-05 13:41:48,071 [2fb81e1d-6d09-4813-9c49-550bf392ffad-groupManagement] INFO  server.RaftServerConfigKeys (ConfUtils.java:logGet(46)) - raft.server.snapshot.retention.file.num = 5 (custom)
2023-07-05 13:41:48,071 [2fb81e1d-6d09-4813-9c49-550bf392ffad-groupManagement] INFO  server.RaftServerConfigKeys (ConfUtils.java:logGet(46)) - raft.server.log.purge.upto.snapshot.index = false (default)
2023-07-05 13:41:48,073 [EventQueue-PipelineReportForPipelineReportHandler] INFO  pipeline.PipelineReportHandler (PipelineReportHandler.java:processPipelineReport(136)) - Opened pipeline PipelineID=a31c783e-1d08-4021-989c-9644117cacc1
2023-07-05 13:41:48,081 [EventQueue-OpenPipelineForHealthyPipelineSafeModeRule] INFO  safemode.SCMSafeModeManager (HealthyPipelineSafeModeRule.java:process(137)) - SCM in safe mode. Healthy pipelines reported count is 0, required healthy pipeline reported count is 1
2023-07-05 13:41:48,088 [PipelineCommandHandlerThread-0] INFO  ratis.XceiverServerRatis (XceiverServerRatis.java:addGroup(804)) - Created group PipelineID=a31c783e-1d08-4021-989c-9644117cacc1
2023-07-05 13:41:48,089 [PipelineCommandHandlerThread-0] INFO  commandhandler.CreatePipelineCommandHandler (CreatePipelineCommandHandler.java:lambda$handle$2(124)) - Created Pipeline RATIS ONE PipelineID=a31c783e-1d08-4021-989c-9644117cacc1.
2023-07-05 13:41:48,089 [PipelineCommandHandlerThread-0] INFO  server.RaftServer (RaftServerProxy.java:addNew(98)) - 2fb81e1d-6d09-4813-9c49-550bf392ffad: addNew group-AA0EC426AE9C:[2fb81e1d-6d09-4813-9c49-550bf392ffad|rpc:10.1.0.13:15014|admin:10.1.0.13:15013|client:10.1.0.13:15012|dataStream:10.1.0.13:15015|priority:1|startupRole:FOLLOWER, 3d2757fa-b181-4803-bdc5-b482e758aadc|rpc:10.1.0.13:15023|admin:10.1.0.13:15022|client:10.1.0.13:15021|dataStream:10.1.0.13:15024|priority:0|startupRole:FOLLOWER, 57c60944-bb7c-45d4-a857-02381db20eb8|rpc:10.1.0.13:15032|admin:10.1.0.13:15031|client:10.1.0.13:15030|dataStream:10.1.0.13:15033|priority:0|startupRole:FOLLOWER] returns group-AA0EC426AE9C:java.util.concurrent.CompletableFuture@56abe96b[Not completed]
2023-07-05 13:41:48,091 [2fb81e1d-6d09-4813-9c49-550bf392ffad-groupManagement] INFO  server.RaftServer$Division (RaftServerImpl.java:<init>(198)) - 2fb81e1d-6d09-4813-9c49-550bf392ffad: new RaftServerImpl for group-AA0EC426AE9C:[2fb81e1d-6d09-4813-9c49-550bf392ffad|rpc:10.1.0.13:15014|admin:10.1.0.13:15013|client:10.1.0.13:15012|dataStream:10.1.0.13:15015|priority:1|startupRole:FOLLOWER, 3d2757fa-b181-4803-bdc5-b482e758aadc|rpc:10.1.0.13:15023|admin:10.1.0.13:15022|client:10.1.0.13:15021|dataStream:10.1.0.13:15024|priority:0|startupRole:FOLLOWER, 57c60944-bb7c-45d4-a857-02381db20eb8|rpc:10.1.0.13:15032|admin:10.1.0.13:15031|client:10.1.0.13:15030|dataStream:10.1.0.13:15033|priority:0|startupRole:FOLLOWER] with ContainerStateMachine:uninitialized
2023-07-05 13:41:48,091 [2fb81e1d-6d09-4813-9c49-550bf392ffad-groupManagement] INFO  server.RaftServerConfigKeys (ConfUtils.java:logGet(46)) - raft.server.rpc.timeout.min = 5s (custom)
2023-07-05 13:41:48,091 [2fb81e1d-6d09-4813-9c49-550bf392ffad-groupManagement] INFO  server.RaftServerConfigKeys (ConfUtils.java:logGet(46)) - raft.server.rpc.timeout.max = 5200ms (custom)
2023-07-05 13:41:48,091 [2fb81e1d-6d09-4813-9c49-550bf392ffad-groupManagement] INFO  server.RaftServerConfigKeys (ConfUtils.java:logGet(46)) - raft.server.rpc.sleep.time = 25ms (default)
2023-07-05 13:41:48,091 [2fb81e1d-6d09-4813-9c49-550bf392ffad-groupManagement] INFO  server.RaftServerConfigKeys (ConfUtils.java:logGet(46)) - raft.server.rpc.slowness.timeout = 300s (custom)
2023-07-05 13:41:48,091 [2fb81e1d-6d09-4813-9c49-550bf392ffad-groupManagement] INFO  server.RaftServerConfigKeys (ConfUtils.java:logGet(46)) - raft.server.leaderelection.leader.step-down.wait-time = 10s (default)
2023-07-05 13:41:48,091 [2fb81e1d-6d09-4813-9c49-550bf392ffad-groupManagement] INFO  server.RaftServerConfigKeys (ConfUtils.java:logGet(46)) - raft.server.sleep.deviation.threshold = 300ms (default)
2023-07-05 13:41:48,092 [2fb81e1d-6d09-4813-9c49-550bf392ffad-groupManagement] INFO  server.RaftServer$Division (ServerState.java:<init>(120)) - 2fb81e1d-6d09-4813-9c49-550bf392ffad@group-AA0EC426AE9C: ConfigurationManager, init=-1: peers:[2fb81e1d-6d09-4813-9c49-550bf392ffad|rpc:10.1.0.13:15014|admin:10.1.0.13:15013|client:10.1.0.13:15012|dataStream:10.1.0.13:15015|priority:1|startupRole:FOLLOWER, 3d2757fa-b181-4803-bdc5-b482e758aadc|rpc:10.1.0.13:15023|admin:10.1.0.13:15022|client:10.1.0.13:15021|dataStream:10.1.0.13:15024|priority:0|startupRole:FOLLOWER, 57c60944-bb7c-45d4-a857-02381db20eb8|rpc:10.1.0.13:15032|admin:10.1.0.13:15031|client:10.1.0.13:15030|dataStream:10.1.0.13:15033|priority:0|startupRole:FOLLOWER]|listeners:[], old=null, confs=<EMPTY_MAP>
2023-07-05 13:41:48,092 [2fb81e1d-6d09-4813-9c49-550bf392ffad-groupManagement] INFO  server.RaftServerConfigKeys (ConfUtils.java:logGet(46)) - raft.server.storage.dir = [/home/runner/work/ozone/ozone/hadoop-ozone/integration-test/target/test-dir/MiniOzoneClusterImpl-4f26d1f9-f73a-4647-bb3a-126a945bf307/datanode-0/data/ratis] (custom)
2023-07-05 13:41:48,092 [2fb81e1d-6d09-4813-9c49-550bf392ffad-groupManagement] INFO  server.RaftServerConfigKeys (ConfUtils.java:logGet(46)) - raft.server.log.corruption.policy = EXCEPTION (default)
2023-07-05 13:41:48,092 [2fb81e1d-6d09-4813-9c49-550bf392ffad-groupManagement] INFO  server.RaftServerConfigKeys (ConfUtils.java:logGet(46)) - raft.server.storage.free-space.min = 0MB (=0) (default)
2023-07-05 13:41:48,092 [2fb81e1d-6d09-4813-9c49-550bf392ffad-groupManagement] INFO  server.RaftServerConfigKeys (ConfUtils.java:logGet(46)) - raft.server.notification.no-leader.timeout = 300s (custom)
2023-07-05 13:41:48,092 [2fb81e1d-6d09-4813-9c49-550bf392ffad-groupManagement] INFO  server.RaftServerConfigKeys (ConfUtils.java:logGet(46)) - raft.server.read.timeout = 10s (default)
2023-07-05 13:41:48,092 [2fb81e1d-6d09-4813-9c49-550bf392ffad-groupManagement] INFO  server.RaftServerConfigKeys (ConfUtils.java:logGet(46)) - raft.server.retrycache.expirytime = 600000ms (custom)
2023-07-05 13:41:48,092 [2fb81e1d-6d09-4813-9c49-550bf392ffad-groupManagement] INFO  server.RaftServerConfigKeys (ConfUtils.java:logGet(46)) - raft.server.retrycache.statistics.expirytime = 100μs (default)
2023-07-05 13:41:48,092 [2fb81e1d-6d09-4813-9c49-550bf392ffad-groupManagement] INFO  server.RaftServerConfigKeys (ConfUtils.java:logGet(46)) - raft.server.read.option = DEFAULT (default)
2023-07-05 13:41:48,094 [2fb81e1d-6d09-4813-9c49-550bf392ffad-groupManagement] INFO  server.RaftServerConfigKeys (ConfUtils.java:logGet(46)) - raft.server.rpc.request.timeout = 60s (custom)
2023-07-05 13:41:48,095 [2fb81e1d-6d09-4813-9c49-550bf392ffad-groupManagement] INFO  server.RaftServerConfigKeys (ConfUtils.java:logGet(46)) - raft.server.log.appender.install.snapshot.enabled = false (custom)
2023-07-05 13:41:48,095 [2fb81e1d-6d09-4813-9c49-550bf392ffad-groupManagement] INFO  server.RaftServerConfigKeys (ConfUtils.java:logGet(46)) - raft.server.threadpool.server.cached = true (default)
2023-07-05 13:41:48,095 [2fb81e1d-6d09-4813-9c49-550bf392ffad-groupManagement] INFO  server.RaftServerConfigKeys (ConfUtils.java:logGet(46)) - raft.server.threadpool.server.size = 0 (default)
2023-07-05 13:41:48,095 [2fb81e1d-6d09-4813-9c49-550bf392ffad-groupManagement] INFO  server.RaftServerConfigKeys (ConfUtils.java:logGet(46)) - raft.server.threadpool.client.cached = true (default)
2023-07-05 13:41:48,095 [2fb81e1d-6d09-4813-9c49-550bf392ffad-groupManagement] INFO  server.RaftServerConfigKeys (ConfUtils.java:logGet(46)) - raft.server.threadpool.client.size = 0 (default)
2023-07-05 13:41:48,095 [2fb81e1d-6d09-4813-9c49-550bf392ffad-groupManagement] INFO  storage.RaftStorageDirectory (RaftStorageDirectoryImpl.java:analyzeStorage(137)) - The storage directory /home/runner/work/ozone/ozone/hadoop-ozone/integration-test/target/test-dir/MiniOzoneClusterImpl-4f26d1f9-f73a-4647-bb3a-126a945bf307/datanode-0/data/ratis/67ce44c2-8df2-4b96-9ebb-aa0ec426ae9c does not exist. Creating ...
2023-07-05 13:41:48,097 [2fb81e1d-6d09-4813-9c49-550bf392ffad-groupManagement] INFO  storage.RaftStorageDirectory (RaftStorageDirectoryImpl.java:tryLock(231)) - Lock on /home/runner/work/ozone/ozone/hadoop-ozone/integration-test/target/test-dir/MiniOzoneClusterImpl-4f26d1f9-f73a-4647-bb3a-126a945bf307/datanode-0/data/ratis/67ce44c2-8df2-4b96-9ebb-aa0ec426ae9c/in_use.lock acquired by nodename 25537@fv-az264-29
2023-07-05 13:41:48,099 [2fb81e1d-6d09-4813-9c49-550bf392ffad-groupManagement] INFO  storage.RaftStorage (RaftStorageImpl.java:format(96)) - Storage directory /home/runner/work/ozone/ozone/hadoop-ozone/integration-test/target/test-dir/MiniOzoneClusterImpl-4f26d1f9-f73a-4647-bb3a-126a945bf307/datanode-0/data/ratis/67ce44c2-8df2-4b96-9ebb-aa0ec426ae9c has been successfully formatted.
2023-07-05 13:41:48,100 [2fb81e1d-6d09-4813-9c49-550bf392ffad-groupManagement] INFO  ratis.ContainerStateMachine (ContainerStateMachine.java:loadSnapshot(262)) - group-AA0EC426AE9C: The snapshot info is null. Setting the last applied indexto:(t:0, i:~)
2023-07-05 13:41:48,100 [2fb81e1d-6d09-4813-9c49-550bf392ffad-groupManagement] INFO  server.RaftServerConfigKeys (ConfUtils.java:logGet(46)) - raft.server.log.use.memory = false (default)
2023-07-05 13:41:48,101 [2fb81e1d-6d09-4813-9c49-550bf392ffad-groupManagement] INFO  server.RaftServerConfigKeys (ConfUtils.java:logGet(46)) - raft.server.log.purge.gap = 1000000 (custom)
2023-07-05 13:41:48,101 [2fb81e1d-6d09-4813-9c49-550bf392ffad-groupManagement] INFO  server.RaftServerConfigKeys (ConfUtils.java:logGet(46)) - raft.server.log.appender.buffer.byte-limit = 33554432 (custom)
2023-07-05 13:41:48,101 [2fb81e1d-6d09-4813-9c49-550bf392ffad-groupManagement] INFO  server.RaftServerConfigKeys (ConfUtils.java:logGet(46)) - raft.server.log.statemachine.data.read.timeout = 1000ms (default)
2023-07-05 13:41:48,101 [2fb81e1d-6d09-4813-9c49-550bf392ffad-groupManagement] INFO  server.RaftServerConfigKeys (ConfUtils.java:logGet(46)) - raft.server.log.purge.preservation.log.num = 0 (default)
2023-07-05 13:41:48,101 [2fb81e1d-6d09-4813-9c49-550bf392ffad-groupManagement] INFO  server.RaftServerConfigKeys (ConfUtils.java:logGet(46)) - raft.server.log.segment.size.max = 1048576 (custom)
2023-07-05 13:41:48,102 [EventQueue-OpenPipelineForHealthyPipelineSafeModeRule] INFO  safemode.SCMSafeModeManager (HealthyPipelineSafeModeRule.java:process(137)) - SCM in safe mode. Healthy pipelines reported count is 0, required healthy pipeline reported count is 1
2023-07-05 13:41:48,107 [2fb81e1d-6d09-4813-9c49-550bf392ffad-groupManagement] INFO  server.RaftServerConfigKeys (ConfUtils.java:logGet(46)) - raft.server.log.segment.cache.num.max = 2 (custom)
2023-07-05 13:41:48,107 [2fb81e1d-6d09-4813-9c49-550bf392ffad-groupManagement] INFO  server.RaftServerConfigKeys (ConfUtils.java:logGet(46)) - raft.server.log.segment.cache.size.max = 200MB (=209715200) (default)
2023-07-05 13:41:48,107 [2fb81e1d-6d09-4813-9c49-550bf392ffad-groupManagement] INFO  server.RaftServerConfigKeys (ConfUtils.java:logGet(46)) - raft.server.log.appender.buffer.byte-limit = 33554432 (custom)
2023-07-05 13:41:48,107 [2fb81e1d-6d09-4813-9c49-550bf392ffad-groupManagement] INFO  segmented.SegmentedRaftLogWorker (SegmentedRaftLogWorker.java:<init>(188)) - new 2fb81e1d-6d09-4813-9c49-550bf392ffad@group-AA0EC426AE9C-SegmentedRaftLogWorker for RaftStorageImpl:Storage Directory /home/runner/work/ozone/ozone/hadoop-ozone/integration-test/target/test-dir/MiniOzoneClusterImpl-4f26d1f9-f73a-4647-bb3a-126a945bf307/datanode-0/data/ratis/67ce44c2-8df2-4b96-9ebb-aa0ec426ae9c
2023-07-05 13:41:48,107 [2fb81e1d-6d09-4813-9c49-550bf392ffad-groupManagement] INFO  server.RaftServerConfigKeys (ConfUtils.java:logGet(46)) - raft.server.log.queue.byte-limit = 4294967296 (custom)
2023-07-05 13:41:48,107 [2fb81e1d-6d09-4813-9c49-550bf392ffad-groupManagement] INFO  server.RaftServerConfigKeys (ConfUtils.java:logGet(46)) - raft.server.log.queue.element-limit = 1024 (custom)
2023-07-05 13:41:48,107 [2fb81e1d-6d09-4813-9c49-550bf392ffad-groupManagement] INFO  server.RaftServerConfigKeys (ConfUtils.java:logGet(46)) - raft.server.log.segment.size.max = 1048576 (custom)
2023-07-05 13:41:48,107 [2fb81e1d-6d09-4813-9c49-550bf392ffad-groupManagement] INFO  server.RaftServerConfigKeys (ConfUtils.java:logGet(46)) - raft.server.log.preallocated.size = 16384 (custom)
2023-07-05 13:41:48,107 [2fb81e1d-6d09-4813-9c49-550bf392ffad-groupManagement] INFO  server.RaftServerConfigKeys (ConfUtils.java:logGet(46)) - raft.server.log.force.sync.num = 128 (default)
2023-07-05 13:41:48,107 [2fb81e1d-6d09-4813-9c49-550bf392ffad-groupManagement] INFO  server.RaftServerConfigKeys (ConfUtils.java:logGet(46)) - raft.server.log.statemachine.data.sync = true (default)
2023-07-05 13:41:48,107 [2fb81e1d-6d09-4813-9c49-550bf392ffad-groupManagement] INFO  server.RaftServerConfigKeys (ConfUtils.java:logGet(46)) - raft.server.log.statemachine.data.sync.timeout = 10s (default)
2023-07-05 13:41:48,107 [2fb81e1d-6d09-4813-9c49-550bf392ffad-groupManagement] INFO  server.RaftServerConfigKeys (ConfUtils.java:logGet(46)) - raft.server.log.statemachine.data.sync.timeout.retry = -1 (default)
2023-07-05 13:41:48,109 [2fb81e1d-6d09-4813-9c49-550bf392ffad-groupManagement] INFO  server.RaftServerConfigKeys (ConfUtils.java:logGet(46)) - raft.server.log.write.buffer.size = 1048576 (custom)
2023-07-05 13:41:48,110 [2fb81e1d-6d09-4813-9c49-550bf392ffad-groupManagement] INFO  server.RaftServerConfigKeys (ConfUtils.java:logGet(46)) - raft.server.log.appender.buffer.byte-limit = 33554432 (custom)
2023-07-05 13:41:48,117 [2fb81e1d-6d09-4813-9c49-550bf392ffad-groupManagement] INFO  server.RaftServerConfigKeys (ConfUtils.java:logGet(46)) - raft.server.log.unsafe-flush.enabled = false (default)
2023-07-05 13:41:48,117 [2fb81e1d-6d09-4813-9c49-550bf392ffad-groupManagement] INFO  server.RaftServerConfigKeys (ConfUtils.java:logGet(46)) - raft.server.log.async-flush.enabled = false (default)
2023-07-05 13:41:48,117 [2fb81e1d-6d09-4813-9c49-550bf392ffad-groupManagement] INFO  server.RaftServerConfigKeys (ConfUtils.java:logGet(46)) - raft.server.log.statemachine.data.caching.enabled = true (custom)
2023-07-05 13:41:48,120 [2fb81e1d-6d09-4813-9c49-550bf392ffad-groupManagement] INFO  segmented.SegmentedRaftLogWorker (SegmentedRaftLogWorker.java:lambda$new$0(135)) - 2fb81e1d-6d09-4813-9c49-550bf392ffad@group-AA0EC426AE9C-SegmentedRaftLogWorker: flushIndex: setUnconditionally 0 -> -1
2023-07-05 13:41:48,120 [2fb81e1d-6d09-4813-9c49-550bf392ffad-groupManagement] INFO  segmented.SegmentedRaftLogWorker (SegmentedRaftLogWorker.java:lambda$new$0(135)) - 2fb81e1d-6d09-4813-9c49-550bf392ffad@group-AA0EC426AE9C-SegmentedRaftLogWorker: safeCacheEvictIndex: setUnconditionally 0 -> -1
2023-07-05 13:41:48,120 [2fb81e1d-6d09-4813-9c49-550bf392ffad-groupManagement] INFO  server.RaftServer$Division (RaftServerImpl.java:start(342)) - 2fb81e1d-6d09-4813-9c49-550bf392ffad@group-AA0EC426AE9C: start as a follower, conf=-1: peers:[2fb81e1d-6d09-4813-9c49-550bf392ffad|rpc:10.1.0.13:15014|admin:10.1.0.13:15013|client:10.1.0.13:15012|dataStream:10.1.0.13:15015|priority:1|startupRole:FOLLOWER, 3d2757fa-b181-4803-bdc5-b482e758aadc|rpc:10.1.0.13:15023|admin:10.1.0.13:15022|client:10.1.0.13:15021|dataStream:10.1.0.13:15024|priority:0|startupRole:FOLLOWER, 57c60944-bb7c-45d4-a857-02381db20eb8|rpc:10.1.0.13:15032|admin:10.1.0.13:15031|client:10.1.0.13:15030|dataStream:10.1.0.13:15033|priority:0|startupRole:FOLLOWER]|listeners:[], old=null
2023-07-05 13:41:48,120 [2fb81e1d-6d09-4813-9c49-550bf392ffad-groupManagement] INFO  server.RaftServer$Division (RaftServerImpl.java:setRole(329)) - 2fb81e1d-6d09-4813-9c49-550bf392ffad@group-AA0EC426AE9C: changes role from      null to FOLLOWER at term 0 for startAsFollower
2023-07-05 13:41:48,120 [2fb81e1d-6d09-4813-9c49-550bf392ffad-groupManagement] INFO  impl.RoleInfo (RoleInfo.java:updateAndGet(139)) - 2fb81e1d-6d09-4813-9c49-550bf392ffad: start 2fb81e1d-6d09-4813-9c49-550bf392ffad@group-AA0EC426AE9C-FollowerState
2023-07-05 13:41:48,122 [2fb81e1d-6d09-4813-9c49-550bf392ffad-groupManagement] INFO  util.JmxRegister (JmxRegister.java:tryRegister(44)) - Successfully registered JMX Bean with object name Ratis:service=RaftServer,group=group-AA0EC426AE9C,id=2fb81e1d-6d09-4813-9c49-550bf392ffad
2023-07-05 13:41:48,122 [2fb81e1d-6d09-4813-9c49-550bf392ffad-groupManagement] INFO  server.RaftServerConfigKeys (ConfUtils.java:logGet(46)) - raft.server.snapshot.auto.trigger.enabled = true (custom)
2023-07-05 13:41:48,122 [2fb81e1d-6d09-4813-9c49-550bf392ffad-groupManagement] INFO  server.RaftServerConfigKeys (ConfUtils.java:logGet(46)) - raft.server.snapshot.auto.trigger.threshold = 10000 (custom)
2023-07-05 13:41:48,122 [2fb81e1d-6d09-4813-9c49-550bf392ffad-groupManagement] INFO  server.RaftServerConfigKeys (ConfUtils.java:logGet(46)) - raft.server.snapshot.retention.file.num = 5 (custom)
2023-07-05 13:41:48,122 [2fb81e1d-6d09-4813-9c49-550bf392ffad-groupManagement] INFO  server.RaftServerConfigKeys (ConfUtils.java:logGet(46)) - raft.server.log.purge.upto.snapshot.index = false (default)
2023-07-05 13:41:48,125 [PipelineCommandHandlerThread-0] INFO  ratis.XceiverServerRatis (XceiverServerRatis.java:addGroup(804)) - Created group PipelineID=67ce44c2-8df2-4b96-9ebb-aa0ec426ae9c
2023-07-05 13:41:48,136 [2fb81e1d-6d09-4813-9c49-550bf392ffad@group-AA0EC426AE9C-FollowerState] INFO  server.RaftServerConfigKeys (ConfUtils.java:logFallback(53)) - raft.server.rpc.first-election.timeout.min = 5s (fallback to raft.server.rpc.timeout.min)
2023-07-05 13:41:48,136 [2fb81e1d-6d09-4813-9c49-550bf392ffad@group-AA0EC426AE9C-FollowerState] INFO  server.RaftServerConfigKeys (ConfUtils.java:logFallback(53)) - raft.server.rpc.first-election.timeout.max = 5200ms (fallback to raft.server.rpc.timeout.max)
2023-07-05 13:41:48,546 [PipelineCommandHandlerThread-0] INFO  server.RaftServer (RaftServerProxy.java:addNew(98)) - 3d2757fa-b181-4803-bdc5-b482e758aadc: addNew group-4A7041874874:[3d2757fa-b181-4803-bdc5-b482e758aadc|rpc:10.1.0.13:15023|admin:10.1.0.13:15022|client:10.1.0.13:15021|dataStream:10.1.0.13:15024|priority:1|startupRole:FOLLOWER] returns group-4A7041874874:java.util.concurrent.CompletableFuture@6e7bae84[Not completed]
2023-07-05 13:41:48,555 [3d2757fa-b181-4803-bdc5-b482e758aadc-groupManagement] INFO  server.RaftServer$Division (RaftServerImpl.java:<init>(198)) - 3d2757fa-b181-4803-bdc5-b482e758aadc: new RaftServerImpl for group-4A7041874874:[3d2757fa-b181-4803-bdc5-b482e758aadc|rpc:10.1.0.13:15023|admin:10.1.0.13:15022|client:10.1.0.13:15021|dataStream:10.1.0.13:15024|priority:1|startupRole:FOLLOWER] with ContainerStateMachine:uninitialized
2023-07-05 13:41:48,555 [3d2757fa-b181-4803-bdc5-b482e758aadc-groupManagement] INFO  server.RaftServerConfigKeys (ConfUtils.java:logGet(46)) - raft.server.rpc.timeout.min = 5s (custom)
2023-07-05 13:41:48,555 [3d2757fa-b181-4803-bdc5-b482e758aadc-groupManagement] INFO  server.RaftServerConfigKeys (ConfUtils.java:logGet(46)) - raft.server.rpc.timeout.max = 5200ms (custom)
2023-07-05 13:41:48,555 [3d2757fa-b181-4803-bdc5-b482e758aadc-groupManagement] INFO  server.RaftServerConfigKeys (ConfUtils.java:logGet(46)) - raft.server.rpc.sleep.time = 25ms (default)
2023-07-05 13:41:48,555 [3d2757fa-b181-4803-bdc5-b482e758aadc-groupManagement] INFO  server.RaftServerConfigKeys (ConfUtils.java:logGet(46)) - raft.server.rpc.slowness.timeout = 300s (custom)
2023-07-05 13:41:48,556 [3d2757fa-b181-4803-bdc5-b482e758aadc-groupManagement] INFO  server.RaftServerConfigKeys (ConfUtils.java:logGet(46)) - raft.server.leaderelection.leader.step-down.wait-time = 10s (default)
2023-07-05 13:41:48,556 [3d2757fa-b181-4803-bdc5-b482e758aadc-groupManagement] INFO  server.RaftServerConfigKeys (ConfUtils.java:logGet(46)) - raft.server.sleep.deviation.threshold = 300ms (default)
2023-07-05 13:41:48,556 [3d2757fa-b181-4803-bdc5-b482e758aadc-groupManagement] INFO  server.RaftServer$Division (ServerState.java:<init>(120)) - 3d2757fa-b181-4803-bdc5-b482e758aadc@group-4A7041874874: ConfigurationManager, init=-1: peers:[3d2757fa-b181-4803-bdc5-b482e758aadc|rpc:10.1.0.13:15023|admin:10.1.0.13:15022|client:10.1.0.13:15021|dataStream:10.1.0.13:15024|priority:1|startupRole:FOLLOWER]|listeners:[], old=null, confs=<EMPTY_MAP>
2023-07-05 13:41:48,556 [3d2757fa-b181-4803-bdc5-b482e758aadc-groupManagement] INFO  server.RaftServerConfigKeys (ConfUtils.java:logGet(46)) - raft.server.storage.dir = [/home/runner/work/ozone/ozone/hadoop-ozone/integration-test/target/test-dir/MiniOzoneClusterImpl-4f26d1f9-f73a-4647-bb3a-126a945bf307/datanode-1/data/ratis] (custom)
2023-07-05 13:41:48,556 [3d2757fa-b181-4803-bdc5-b482e758aadc-groupManagement] INFO  server.RaftServerConfigKeys (ConfUtils.java:logGet(46)) - raft.server.log.corruption.policy = EXCEPTION (default)
2023-07-05 13:41:48,556 [3d2757fa-b181-4803-bdc5-b482e758aadc-groupManagement] INFO  server.RaftServerConfigKeys (ConfUtils.java:logGet(46)) - raft.server.storage.free-space.min = 0MB (=0) (default)
2023-07-05 13:41:48,556 [3d2757fa-b181-4803-bdc5-b482e758aadc-groupManagement] INFO  server.RaftServerConfigKeys (ConfUtils.java:logGet(46)) - raft.server.notification.no-leader.timeout = 300s (custom)
2023-07-05 13:41:48,556 [3d2757fa-b181-4803-bdc5-b482e758aadc-groupManagement] INFO  server.RaftServerConfigKeys (ConfUtils.java:logGet(46)) - raft.server.read.timeout = 10s (default)
2023-07-05 13:41:48,556 [3d2757fa-b181-4803-bdc5-b482e758aadc-groupManagement] INFO  server.RaftServerConfigKeys (ConfUtils.java:logGet(46)) - raft.server.retrycache.expirytime = 600000ms (custom)
2023-07-05 13:41:48,556 [3d2757fa-b181-4803-bdc5-b482e758aadc-groupManagement] INFO  server.RaftServerConfigKeys (ConfUtils.java:logGet(46)) - raft.server.retrycache.statistics.expirytime = 100μs (default)
2023-07-05 13:41:48,556 [3d2757fa-b181-4803-bdc5-b482e758aadc-groupManagement] INFO  server.RaftServerConfigKeys (ConfUtils.java:logGet(46)) - raft.server.read.option = DEFAULT (default)
2023-07-05 13:41:48,574 [3d2757fa-b181-4803-bdc5-b482e758aadc-groupManagement] INFO  server.RaftServerConfigKeys (ConfUtils.java:logGet(46)) - raft.server.rpc.request.timeout = 60s (custom)
2023-07-05 13:41:48,574 [3d2757fa-b181-4803-bdc5-b482e758aadc-groupManagement] INFO  server.RaftServerConfigKeys (ConfUtils.java:logGet(46)) - raft.server.log.appender.install.snapshot.enabled = false (custom)
2023-07-05 13:41:48,574 [3d2757fa-b181-4803-bdc5-b482e758aadc-groupManagement] INFO  server.RaftServerConfigKeys (ConfUtils.java:logGet(46)) - raft.server.threadpool.server.cached = true (default)
2023-07-05 13:41:48,574 [3d2757fa-b181-4803-bdc5-b482e758aadc-groupManagement] INFO  server.RaftServerConfigKeys (ConfUtils.java:logGet(46)) - raft.server.threadpool.server.size = 0 (default)
2023-07-05 13:41:48,574 [3d2757fa-b181-4803-bdc5-b482e758aadc-groupManagement] INFO  server.RaftServerConfigKeys (ConfUtils.java:logGet(46)) - raft.server.threadpool.client.cached = true (default)
2023-07-05 13:41:48,574 [3d2757fa-b181-4803-bdc5-b482e758aadc-groupManagement] INFO  server.RaftServerConfigKeys (ConfUtils.java:logGet(46)) - raft.server.threadpool.client.size = 0 (default)
2023-07-05 13:41:48,574 [3d2757fa-b181-4803-bdc5-b482e758aadc-groupManagement] INFO  storage.RaftStorageDirectory (RaftStorageDirectoryImpl.java:analyzeStorage(137)) - The storage directory /home/runner/work/ozone/ozone/hadoop-ozone/integration-test/target/test-dir/MiniOzoneClusterImpl-4f26d1f9-f73a-4647-bb3a-126a945bf307/datanode-1/data/ratis/531ae59c-1464-49a7-8d74-4a7041874874 does not exist. Creating ...
2023-07-05 13:41:48,576 [3d2757fa-b181-4803-bdc5-b482e758aadc-groupManagement] INFO  storage.RaftStorageDirectory (RaftStorageDirectoryImpl.java:tryLock(231)) - Lock on /home/runner/work/ozone/ozone/hadoop-ozone/integration-test/target/test-dir/MiniOzoneClusterImpl-4f26d1f9-f73a-4647-bb3a-126a945bf307/datanode-1/data/ratis/531ae59c-1464-49a7-8d74-4a7041874874/in_use.lock acquired by nodename 25537@fv-az264-29
2023-07-05 13:41:48,577 [3d2757fa-b181-4803-bdc5-b482e758aadc-groupManagement] INFO  storage.RaftStorage (RaftStorageImpl.java:format(96)) - Storage directory /home/runner/work/ozone/ozone/hadoop-ozone/integration-test/target/test-dir/MiniOzoneClusterImpl-4f26d1f9-f73a-4647-bb3a-126a945bf307/datanode-1/data/ratis/531ae59c-1464-49a7-8d74-4a7041874874 has been successfully formatted.
2023-07-05 13:41:48,579 [3d2757fa-b181-4803-bdc5-b482e758aadc-groupManagement] INFO  ratis.ContainerStateMachine (ContainerStateMachine.java:loadSnapshot(262)) - group-4A7041874874: The snapshot info is null. Setting the last applied indexto:(t:0, i:~)
2023-07-05 13:41:48,588 [3d2757fa-b181-4803-bdc5-b482e758aadc-groupManagement] INFO  server.RaftServerConfigKeys (ConfUtils.java:logGet(46)) - raft.server.log.use.memory = false (default)
2023-07-05 13:41:48,588 [3d2757fa-b181-4803-bdc5-b482e758aadc-groupManagement] INFO  server.RaftServerConfigKeys (ConfUtils.java:logGet(46)) - raft.server.log.purge.gap = 1000000 (custom)
2023-07-05 13:41:48,588 [3d2757fa-b181-4803-bdc5-b482e758aadc-groupManagement] INFO  server.RaftServerConfigKeys (ConfUtils.java:logGet(46)) - raft.server.log.appender.buffer.byte-limit = 33554432 (custom)
2023-07-05 13:41:48,588 [3d2757fa-b181-4803-bdc5-b482e758aadc-groupManagement] INFO  server.RaftServerConfigKeys (ConfUtils.java:logGet(46)) - raft.server.log.statemachine.data.read.timeout = 1000ms (default)
2023-07-05 13:41:48,588 [3d2757fa-b181-4803-bdc5-b482e758aadc-groupManagement] INFO  server.RaftServerConfigKeys (ConfUtils.java:logGet(46)) - raft.server.log.purge.preservation.log.num = 0 (default)
2023-07-05 13:41:48,588 [3d2757fa-b181-4803-bdc5-b482e758aadc-groupManagement] INFO  server.RaftServerConfigKeys (ConfUtils.java:logGet(46)) - raft.server.log.segment.size.max = 1048576 (custom)
2023-07-05 13:41:48,589 [3d2757fa-b181-4803-bdc5-b482e758aadc-groupManagement] INFO  server.RaftServerConfigKeys (ConfUtils.java:logGet(46)) - raft.server.log.segment.cache.num.max = 2 (custom)
2023-07-05 13:41:48,589 [3d2757fa-b181-4803-bdc5-b482e758aadc-groupManagement] INFO  server.RaftServerConfigKeys (ConfUtils.java:logGet(46)) - raft.server.log.segment.cache.size.max = 200MB (=209715200) (default)
2023-07-05 13:41:48,589 [3d2757fa-b181-4803-bdc5-b482e758aadc-groupManagement] INFO  server.RaftServerConfigKeys (ConfUtils.java:logGet(46)) - raft.server.log.appender.buffer.byte-limit = 33554432 (custom)
2023-07-05 13:41:48,589 [3d2757fa-b181-4803-bdc5-b482e758aadc-groupManagement] INFO  segmented.SegmentedRaftLogWorker (SegmentedRaftLogWorker.java:<init>(188)) - new 3d2757fa-b181-4803-bdc5-b482e758aadc@group-4A7041874874-SegmentedRaftLogWorker for RaftStorageImpl:Storage Directory /home/runner/work/ozone/ozone/hadoop-ozone/integration-test/target/test-dir/MiniOzoneClusterImpl-4f26d1f9-f73a-4647-bb3a-126a945bf307/datanode-1/data/ratis/531ae59c-1464-49a7-8d74-4a7041874874
2023-07-05 13:41:48,589 [3d2757fa-b181-4803-bdc5-b482e758aadc-groupManagement] INFO  server.RaftServerConfigKeys (ConfUtils.java:logGet(46)) - raft.server.log.queue.byte-limit = 4294967296 (custom)
2023-07-05 13:41:48,589 [3d2757fa-b181-4803-bdc5-b482e758aadc-groupManagement] INFO  server.RaftServerConfigKeys (ConfUtils.java:logGet(46)) - raft.server.log.queue.element-limit = 1024 (custom)
2023-07-05 13:41:48,589 [3d2757fa-b181-4803-bdc5-b482e758aadc-groupManagement] INFO  server.RaftServerConfigKeys (ConfUtils.java:logGet(46)) - raft.server.log.segment.size.max = 1048576 (custom)
2023-07-05 13:41:48,589 [3d2757fa-b181-4803-bdc5-b482e758aadc-groupManagement] INFO  server.RaftServerConfigKeys (ConfUtils.java:logGet(46)) - raft.server.log.preallocated.size = 16384 (custom)
2023-07-05 13:41:48,589 [3d2757fa-b181-4803-bdc5-b482e758aadc-groupManagement] INFO  server.RaftServerConfigKeys (ConfUtils.java:logGet(46)) - raft.server.log.force.sync.num = 128 (default)
2023-07-05 13:41:48,590 [3d2757fa-b181-4803-bdc5-b482e758aadc-groupManagement] INFO  server.RaftServerConfigKeys (ConfUtils.java:logGet(46)) - raft.server.log.statemachine.data.sync = true (default)
2023-07-05 13:41:48,590 [3d2757fa-b181-4803-bdc5-b482e758aadc-groupManagement] INFO  server.RaftServerConfigKeys (ConfUtils.java:logGet(46)) - raft.server.log.statemachine.data.sync.timeout = 10s (default)
2023-07-05 13:41:48,590 [3d2757fa-b181-4803-bdc5-b482e758aadc-groupManagement] INFO  server.RaftServerConfigKeys (ConfUtils.java:logGet(46)) - raft.server.log.statemachine.data.sync.timeout.retry = -1 (default)
2023-07-05 13:41:48,591 [3d2757fa-b181-4803-bdc5-b482e758aadc-groupManagement] INFO  server.RaftServerConfigKeys (ConfUtils.java:logGet(46)) - raft.server.log.write.buffer.size = 1048576 (custom)
2023-07-05 13:41:48,592 [3d2757fa-b181-4803-bdc5-b482e758aadc-groupManagement] INFO  server.RaftServerConfigKeys (ConfUtils.java:logGet(46)) - raft.server.log.appender.buffer.byte-limit = 33554432 (custom)
2023-07-05 13:41:48,597 [3d2757fa-b181-4803-bdc5-b482e758aadc-groupManagement] INFO  server.RaftServerConfigKeys (ConfUtils.java:logGet(46)) - raft.server.log.unsafe-flush.enabled = false (default)
2023-07-05 13:41:48,597 [3d2757fa-b181-4803-bdc5-b482e758aadc-groupManagement] INFO  server.RaftServerConfigKeys (ConfUtils.java:logGet(46)) - raft.server.log.async-flush.enabled = false (default)
2023-07-05 13:41:48,597 [3d2757fa-b181-4803-bdc5-b482e758aadc-groupManagement] INFO  server.RaftServerConfigKeys (ConfUtils.java:logGet(46)) - raft.server.log.statemachine.data.caching.enabled = true (custom)
2023-07-05 13:41:48,598 [3d2757fa-b181-4803-bdc5-b482e758aadc-groupManagement] INFO  segmented.SegmentedRaftLogWorker (SegmentedRaftLogWorker.java:lambda$new$0(135)) - 3d2757fa-b181-4803-bdc5-b482e758aadc@group-4A7041874874-SegmentedRaftLogWorker: flushIndex: setUnconditionally 0 -> -1
2023-07-05 13:41:48,598 [3d2757fa-b181-4803-bdc5-b482e758aadc-groupManagement] INFO  segmented.SegmentedRaftLogWorker (SegmentedRaftLogWorker.java:lambda$new$0(135)) - 3d2757fa-b181-4803-bdc5-b482e758aadc@group-4A7041874874-SegmentedRaftLogWorker: safeCacheEvictIndex: setUnconditionally 0 -> -1
2023-07-05 13:41:48,598 [3d2757fa-b181-4803-bdc5-b482e758aadc-groupManagement] INFO  server.RaftServer$Division (RaftServerImpl.java:start(342)) - 3d2757fa-b181-4803-bdc5-b482e758aadc@group-4A7041874874: start as a follower, conf=-1: peers:[3d2757fa-b181-4803-bdc5-b482e758aadc|rpc:10.1.0.13:15023|admin:10.1.0.13:15022|client:10.1.0.13:15021|dataStream:10.1.0.13:15024|priority:1|startupRole:FOLLOWER]|listeners:[], old=null
2023-07-05 13:41:48,598 [3d2757fa-b181-4803-bdc5-b482e758aadc-groupManagement] INFO  server.RaftServer$Division (RaftServerImpl.java:setRole(329)) - 3d2757fa-b181-4803-bdc5-b482e758aadc@group-4A7041874874: changes role from      null to FOLLOWER at term 0 for startAsFollower
2023-07-05 13:41:48,598 [3d2757fa-b181-4803-bdc5-b482e758aadc-groupManagement] INFO  impl.RoleInfo (RoleInfo.java:updateAndGet(139)) - 3d2757fa-b181-4803-bdc5-b482e758aadc: start 3d2757fa-b181-4803-bdc5-b482e758aadc@group-4A7041874874-FollowerState
2023-07-05 13:41:48,600 [EventQueue-PipelineReportForPipelineReportHandler] INFO  pipeline.PipelineReportHandler (PipelineReportHandler.java:processPipelineReport(136)) - Opened pipeline PipelineID=531ae59c-1464-49a7-8d74-4a7041874874
2023-07-05 13:41:48,601 [EventQueue-OpenPipelineForHealthyPipelineSafeModeRule] INFO  safemode.SCMSafeModeManager (HealthyPipelineSafeModeRule.java:process(137)) - SCM in safe mode. Healthy pipelines reported count is 0, required healthy pipeline reported count is 1
2023-07-05 13:41:48,601 [3d2757fa-b181-4803-bdc5-b482e758aadc-groupManagement] INFO  util.JmxRegister (JmxRegister.java:tryRegister(44)) - Successfully registered JMX Bean with object name Ratis:service=RaftServer,group=group-4A7041874874,id=3d2757fa-b181-4803-bdc5-b482e758aadc
2023-07-05 13:41:48,601 [3d2757fa-b181-4803-bdc5-b482e758aadc-groupManagement] INFO  server.RaftServerConfigKeys (ConfUtils.java:logGet(46)) - raft.server.snapshot.auto.trigger.enabled = true (custom)
2023-07-05 13:41:48,601 [3d2757fa-b181-4803-bdc5-b482e758aadc-groupManagement] INFO  server.RaftServerConfigKeys (ConfUtils.java:logGet(46)) - raft.server.snapshot.auto.trigger.threshold = 10000 (custom)
2023-07-05 13:41:48,602 [3d2757fa-b181-4803-bdc5-b482e758aadc-groupManagement] INFO  server.RaftServerConfigKeys (ConfUtils.java:logGet(46)) - raft.server.snapshot.retention.file.num = 5 (custom)
2023-07-05 13:41:48,602 [3d2757fa-b181-4803-bdc5-b482e758aadc-groupManagement] INFO  server.RaftServerConfigKeys (ConfUtils.java:logGet(46)) - raft.server.log.purge.upto.snapshot.index = false (default)
2023-07-05 13:41:48,603 [3d2757fa-b181-4803-bdc5-b482e758aadc@group-4A7041874874-FollowerState] INFO  server.RaftServerConfigKeys (ConfUtils.java:logFallback(53)) - raft.server.rpc.first-election.timeout.min = 5s (fallback to raft.server.rpc.timeout.min)
2023-07-05 13:41:48,603 [3d2757fa-b181-4803-bdc5-b482e758aadc@group-4A7041874874-FollowerState] INFO  server.RaftServerConfigKeys (ConfUtils.java:logFallback(53)) - raft.server.rpc.first-election.timeout.max = 5200ms (fallback to raft.server.rpc.timeout.max)
2023-07-05 13:41:48,603 [PipelineCommandHandlerThread-0] INFO  ratis.XceiverServerRatis (XceiverServerRatis.java:addGroup(804)) - Created group PipelineID=531ae59c-1464-49a7-8d74-4a7041874874
2023-07-05 13:41:48,603 [PipelineCommandHandlerThread-0] INFO  commandhandler.CreatePipelineCommandHandler (CreatePipelineCommandHandler.java:lambda$handle$2(124)) - Created Pipeline RATIS ONE PipelineID=531ae59c-1464-49a7-8d74-4a7041874874.
2023-07-05 13:41:48,603 [PipelineCommandHandlerThread-0] INFO  server.RaftServer (RaftServerProxy.java:addNew(98)) - 3d2757fa-b181-4803-bdc5-b482e758aadc: addNew group-AA0EC426AE9C:[2fb81e1d-6d09-4813-9c49-550bf392ffad|rpc:10.1.0.13:15014|admin:10.1.0.13:15013|client:10.1.0.13:15012|dataStream:10.1.0.13:15015|priority:1|startupRole:FOLLOWER, 3d2757fa-b181-4803-bdc5-b482e758aadc|rpc:10.1.0.13:15023|admin:10.1.0.13:15022|client:10.1.0.13:15021|dataStream:10.1.0.13:15024|priority:0|startupRole:FOLLOWER, 57c60944-bb7c-45d4-a857-02381db20eb8|rpc:10.1.0.13:15032|admin:10.1.0.13:15031|client:10.1.0.13:15030|dataStream:10.1.0.13:15033|priority:0|startupRole:FOLLOWER] returns group-AA0EC426AE9C:java.util.concurrent.CompletableFuture@6a443793[Not completed]
2023-07-05 13:41:48,605 [3d2757fa-b181-4803-bdc5-b482e758aadc-groupManagement] INFO  server.RaftServer$Division (RaftServerImpl.java:<init>(198)) - 3d2757fa-b181-4803-bdc5-b482e758aadc: new RaftServerImpl for group-AA0EC426AE9C:[2fb81e1d-6d09-4813-9c49-550bf392ffad|rpc:10.1.0.13:15014|admin:10.1.0.13:15013|client:10.1.0.13:15012|dataStream:10.1.0.13:15015|priority:1|startupRole:FOLLOWER, 3d2757fa-b181-4803-bdc5-b482e758aadc|rpc:10.1.0.13:15023|admin:10.1.0.13:15022|client:10.1.0.13:15021|dataStream:10.1.0.13:15024|priority:0|startupRole:FOLLOWER, 57c60944-bb7c-45d4-a857-02381db20eb8|rpc:10.1.0.13:15032|admin:10.1.0.13:15031|client:10.1.0.13:15030|dataStream:10.1.0.13:15033|priority:0|startupRole:FOLLOWER] with ContainerStateMachine:uninitialized
2023-07-05 13:41:48,605 [3d2757fa-b181-4803-bdc5-b482e758aadc-groupManagement] INFO  server.RaftServerConfigKeys (ConfUtils.java:logGet(46)) - raft.server.rpc.timeout.min = 5s (custom)
2023-07-05 13:41:48,605 [3d2757fa-b181-4803-bdc5-b482e758aadc-groupManagement] INFO  server.RaftServerConfigKeys (ConfUtils.java:logGet(46)) - raft.server.rpc.timeout.max = 5200ms (custom)
2023-07-05 13:41:48,605 [3d2757fa-b181-4803-bdc5-b482e758aadc-groupManagement] INFO  server.RaftServerConfigKeys (ConfUtils.java:logGet(46)) - raft.server.rpc.sleep.time = 25ms (default)
2023-07-05 13:41:48,605 [3d2757fa-b181-4803-bdc5-b482e758aadc-groupManagement] INFO  server.RaftServerConfigKeys (ConfUtils.java:logGet(46)) - raft.server.rpc.slowness.timeout = 300s (custom)
2023-07-05 13:41:48,605 [3d2757fa-b181-4803-bdc5-b482e758aadc-groupManagement] INFO  server.RaftServerConfigKeys (ConfUtils.java:logGet(46)) - raft.server.leaderelection.leader.step-down.wait-time = 10s (default)
2023-07-05 13:41:48,605 [3d2757fa-b181-4803-bdc5-b482e758aadc-groupManagement] INFO  server.RaftServerConfigKeys (ConfUtils.java:logGet(46)) - raft.server.sleep.deviation.threshold = 300ms (default)
2023-07-05 13:41:48,605 [3d2757fa-b181-4803-bdc5-b482e758aadc-groupManagement] INFO  server.RaftServer$Division (ServerState.java:<init>(120)) - 3d2757fa-b181-4803-bdc5-b482e758aadc@group-AA0EC426AE9C: ConfigurationManager, init=-1: peers:[2fb81e1d-6d09-4813-9c49-550bf392ffad|rpc:10.1.0.13:15014|admin:10.1.0.13:15013|client:10.1.0.13:15012|dataStream:10.1.0.13:15015|priority:1|startupRole:FOLLOWER, 3d2757fa-b181-4803-bdc5-b482e758aadc|rpc:10.1.0.13:15023|admin:10.1.0.13:15022|client:10.1.0.13:15021|dataStream:10.1.0.13:15024|priority:0|startupRole:FOLLOWER, 57c60944-bb7c-45d4-a857-02381db20eb8|rpc:10.1.0.13:15032|admin:10.1.0.13:15031|client:10.1.0.13:15030|dataStream:10.1.0.13:15033|priority:0|startupRole:FOLLOWER]|listeners:[], old=null, confs=<EMPTY_MAP>
2023-07-05 13:41:48,605 [3d2757fa-b181-4803-bdc5-b482e758aadc-groupManagement] INFO  server.RaftServerConfigKeys (ConfUtils.java:logGet(46)) - raft.server.storage.dir = [/home/runner/work/ozone/ozone/hadoop-ozone/integration-test/target/test-dir/MiniOzoneClusterImpl-4f26d1f9-f73a-4647-bb3a-126a945bf307/datanode-1/data/ratis] (custom)
2023-07-05 13:41:48,605 [3d2757fa-b181-4803-bdc5-b482e758aadc-groupManagement] INFO  server.RaftServerConfigKeys (ConfUtils.java:logGet(46)) - raft.server.log.corruption.policy = EXCEPTION (default)
2023-07-05 13:41:48,605 [3d2757fa-b181-4803-bdc5-b482e758aadc-groupManagement] INFO  server.RaftServerConfigKeys (ConfUtils.java:logGet(46)) - raft.server.storage.free-space.min = 0MB (=0) (default)
2023-07-05 13:41:48,605 [3d2757fa-b181-4803-bdc5-b482e758aadc-groupManagement] INFO  server.RaftServerConfigKeys (ConfUtils.java:logGet(46)) - raft.server.notification.no-leader.timeout = 300s (custom)
2023-07-05 13:41:48,606 [3d2757fa-b181-4803-bdc5-b482e758aadc-groupManagement] INFO  server.RaftServerConfigKeys (ConfUtils.java:logGet(46)) - raft.server.read.timeout = 10s (default)
2023-07-05 13:41:48,606 [3d2757fa-b181-4803-bdc5-b482e758aadc-groupManagement] INFO  server.RaftServerConfigKeys (ConfUtils.java:logGet(46)) - raft.server.retrycache.expirytime = 600000ms (custom)
2023-07-05 13:41:48,606 [3d2757fa-b181-4803-bdc5-b482e758aadc-groupManagement] INFO  server.RaftServerConfigKeys (ConfUtils.java:logGet(46)) - raft.server.retrycache.statistics.expirytime = 100μs (default)
2023-07-05 13:41:48,606 [3d2757fa-b181-4803-bdc5-b482e758aadc-groupManagement] INFO  server.RaftServerConfigKeys (ConfUtils.java:logGet(46)) - raft.server.read.option = DEFAULT (default)
2023-07-05 13:41:48,607 [3d2757fa-b181-4803-bdc5-b482e758aadc-groupManagement] INFO  server.RaftServerConfigKeys (ConfUtils.java:logGet(46)) - raft.server.rpc.request.timeout = 60s (custom)
2023-07-05 13:41:48,607 [3d2757fa-b181-4803-bdc5-b482e758aadc-groupManagement] INFO  server.RaftServerConfigKeys (ConfUtils.java:logGet(46)) - raft.server.log.appender.install.snapshot.enabled = false (custom)
2023-07-05 13:41:48,608 [3d2757fa-b181-4803-bdc5-b482e758aadc-groupManagement] INFO  server.RaftServerConfigKeys (ConfUtils.java:logGet(46)) - raft.server.threadpool.server.cached = true (default)
2023-07-05 13:41:48,608 [3d2757fa-b181-4803-bdc5-b482e758aadc-groupManagement] INFO  server.RaftServerConfigKeys (ConfUtils.java:logGet(46)) - raft.server.threadpool.server.size = 0 (default)
2023-07-05 13:41:48,608 [3d2757fa-b181-4803-bdc5-b482e758aadc-groupManagement] INFO  server.RaftServerConfigKeys (ConfUtils.java:logGet(46)) - raft.server.threadpool.client.cached = true (default)
2023-07-05 13:41:48,608 [3d2757fa-b181-4803-bdc5-b482e758aadc-groupManagement] INFO  server.RaftServerConfigKeys (ConfUtils.java:logGet(46)) - raft.server.threadpool.client.size = 0 (default)
2023-07-05 13:41:48,608 [3d2757fa-b181-4803-bdc5-b482e758aadc-groupManagement] INFO  storage.RaftStorageDirectory (RaftStorageDirectoryImpl.java:analyzeStorage(137)) - The storage directory /home/runner/work/ozone/ozone/hadoop-ozone/integration-test/target/test-dir/MiniOzoneClusterImpl-4f26d1f9-f73a-4647-bb3a-126a945bf307/datanode-1/data/ratis/67ce44c2-8df2-4b96-9ebb-aa0ec426ae9c does not exist. Creating ...
2023-07-05 13:41:48,610 [3d2757fa-b181-4803-bdc5-b482e758aadc-groupManagement] INFO  storage.RaftStorageDirectory (RaftStorageDirectoryImpl.java:tryLock(231)) - Lock on /home/runner/work/ozone/ozone/hadoop-ozone/integration-test/target/test-dir/MiniOzoneClusterImpl-4f26d1f9-f73a-4647-bb3a-126a945bf307/datanode-1/data/ratis/67ce44c2-8df2-4b96-9ebb-aa0ec426ae9c/in_use.lock acquired by nodename 25537@fv-az264-29
2023-07-05 13:41:48,611 [3d2757fa-b181-4803-bdc5-b482e758aadc-groupManagement] INFO  storage.RaftStorage (RaftStorageImpl.java:format(96)) - Storage directory /home/runner/work/ozone/ozone/hadoop-ozone/integration-test/target/test-dir/MiniOzoneClusterImpl-4f26d1f9-f73a-4647-bb3a-126a945bf307/datanode-1/data/ratis/67ce44c2-8df2-4b96-9ebb-aa0ec426ae9c has been successfully formatted.
2023-07-05 13:41:48,614 [EventQueue-OpenPipelineForHealthyPipelineSafeModeRule] INFO  safemode.SCMSafeModeManager (HealthyPipelineSafeModeRule.java:process(137)) - SCM in safe mode. Healthy pipelines reported count is 0, required healthy pipeline reported count is 1
2023-07-05 13:41:48,616 [3d2757fa-b181-4803-bdc5-b482e758aadc-groupManagement] INFO  ratis.ContainerStateMachine (ContainerStateMachine.java:loadSnapshot(262)) - group-AA0EC426AE9C: The snapshot info is null. Setting the last applied indexto:(t:0, i:~)
2023-07-05 13:41:48,616 [3d2757fa-b181-4803-bdc5-b482e758aadc-groupManagement] INFO  server.RaftServerConfigKeys (ConfUtils.java:logGet(46)) - raft.server.log.use.memory = false (default)
2023-07-05 13:41:48,616 [3d2757fa-b181-4803-bdc5-b482e758aadc-groupManagement] INFO  server.RaftServerConfigKeys (ConfUtils.java:logGet(46)) - raft.server.log.purge.gap = 1000000 (custom)
2023-07-05 13:41:48,616 [3d2757fa-b181-4803-bdc5-b482e758aadc-groupManagement] INFO  server.RaftServerConfigKeys (ConfUtils.java:logGet(46)) - raft.server.log.appender.buffer.byte-limit = 33554432 (custom)
2023-07-05 13:41:48,616 [3d2757fa-b181-4803-bdc5-b482e758aadc-groupManagement] INFO  server.RaftServerConfigKeys (ConfUtils.java:logGet(46)) - raft.server.log.statemachine.data.read.timeout = 1000ms (default)
2023-07-05 13:41:48,616 [3d2757fa-b181-4803-bdc5-b482e758aadc-groupManagement] INFO  server.RaftServerConfigKeys (ConfUtils.java:logGet(46)) - raft.server.log.purge.preservation.log.num = 0 (default)
2023-07-05 13:41:48,616 [3d2757fa-b181-4803-bdc5-b482e758aadc-groupManagement] INFO  server.RaftServerConfigKeys (ConfUtils.java:logGet(46)) - raft.server.log.segment.size.max = 1048576 (custom)
2023-07-05 13:41:48,617 [3d2757fa-b181-4803-bdc5-b482e758aadc-groupManagement] INFO  server.RaftServerConfigKeys (ConfUtils.java:logGet(46)) - raft.server.log.segment.cache.num.max = 2 (custom)
2023-07-05 13:41:48,617 [3d2757fa-b181-4803-bdc5-b482e758aadc-groupManagement] INFO  server.RaftServerConfigKeys (ConfUtils.java:logGet(46)) - raft.server.log.segment.cache.size.max = 200MB (=209715200) (default)
2023-07-05 13:41:48,617 [3d2757fa-b181-4803-bdc5-b482e758aadc-groupManagement] INFO  server.RaftServerConfigKeys (ConfUtils.java:logGet(46)) - raft.server.log.appender.buffer.byte-limit = 33554432 (custom)
2023-07-05 13:41:48,617 [3d2757fa-b181-4803-bdc5-b482e758aadc-groupManagement] INFO  segmented.SegmentedRaftLogWorker (SegmentedRaftLogWorker.java:<init>(188)) - new 3d2757fa-b181-4803-bdc5-b482e758aadc@group-AA0EC426AE9C-SegmentedRaftLogWorker for RaftStorageImpl:Storage Directory /home/runner/work/ozone/ozone/hadoop-ozone/integration-test/target/test-dir/MiniOzoneClusterImpl-4f26d1f9-f73a-4647-bb3a-126a945bf307/datanode-1/data/ratis/67ce44c2-8df2-4b96-9ebb-aa0ec426ae9c
2023-07-05 13:41:48,617 [3d2757fa-b181-4803-bdc5-b482e758aadc-groupManagement] INFO  server.RaftServerConfigKeys (ConfUtils.java:logGet(46)) - raft.server.log.queue.byte-limit = 4294967296 (custom)
2023-07-05 13:41:48,617 [3d2757fa-b181-4803-bdc5-b482e758aadc-groupManagement] INFO  server.RaftServerConfigKeys (ConfUtils.java:logGet(46)) - raft.server.log.queue.element-limit = 1024 (custom)
2023-07-05 13:41:48,617 [3d2757fa-b181-4803-bdc5-b482e758aadc-groupManagement] INFO  server.RaftServerConfigKeys (ConfUtils.java:logGet(46)) - raft.server.log.segment.size.max = 1048576 (custom)
2023-07-05 13:41:48,618 [3d2757fa-b181-4803-bdc5-b482e758aadc-groupManagement] INFO  server.RaftServerConfigKeys (ConfUtils.java:logGet(46)) - raft.server.log.preallocated.size = 16384 (custom)
2023-07-05 13:41:48,619 [3d2757fa-b181-4803-bdc5-b482e758aadc-groupManagement] INFO  server.RaftServerConfigKeys (ConfUtils.java:logGet(46)) - raft.server.log.force.sync.num = 128 (default)
2023-07-05 13:41:48,619 [3d2757fa-b181-4803-bdc5-b482e758aadc-groupManagement] INFO  server.RaftServerConfigKeys (ConfUtils.java:logGet(46)) - raft.server.log.statemachine.data.sync = true (default)
2023-07-05 13:41:48,619 [3d2757fa-b181-4803-bdc5-b482e758aadc-groupManagement] INFO  server.RaftServerConfigKeys (ConfUtils.java:logGet(46)) - raft.server.log.statemachine.data.sync.timeout = 10s (default)
2023-07-05 13:41:48,619 [3d2757fa-b181-4803-bdc5-b482e758aadc-groupManagement] INFO  server.RaftServerConfigKeys (ConfUtils.java:logGet(46)) - raft.server.log.statemachine.data.sync.timeout.retry = -1 (default)
2023-07-05 13:41:48,621 [3d2757fa-b181-4803-bdc5-b482e758aadc-groupManagement] INFO  server.RaftServerConfigKeys (ConfUtils.java:logGet(46)) - raft.server.log.write.buffer.size = 1048576 (custom)
2023-07-05 13:41:48,623 [3d2757fa-b181-4803-bdc5-b482e758aadc-groupManagement] INFO  server.RaftServerConfigKeys (ConfUtils.java:logGet(46)) - raft.server.log.appender.buffer.byte-limit = 33554432 (custom)
2023-07-05 13:41:48,633 [3d2757fa-b181-4803-bdc5-b482e758aadc-groupManagement] INFO  server.RaftServerConfigKeys (ConfUtils.java:logGet(46)) - raft.server.log.unsafe-flush.enabled = false (default)
2023-07-05 13:41:48,633 [3d2757fa-b181-4803-bdc5-b482e758aadc-groupManagement] INFO  server.RaftServerConfigKeys (ConfUtils.java:logGet(46)) - raft.server.log.async-flush.enabled = false (default)
2023-07-05 13:41:48,633 [3d2757fa-b181-4803-bdc5-b482e758aadc-groupManagement] INFO  server.RaftServerConfigKeys (ConfUtils.java:logGet(46)) - raft.server.log.statemachine.data.caching.enabled = true (custom)
2023-07-05 13:41:48,638 [3d2757fa-b181-4803-bdc5-b482e758aadc-groupManagement] INFO  segmented.SegmentedRaftLogWorker (SegmentedRaftLogWorker.java:lambda$new$0(135)) - 3d2757fa-b181-4803-bdc5-b482e758aadc@group-AA0EC426AE9C-SegmentedRaftLogWorker: flushIndex: setUnconditionally 0 -> -1
2023-07-05 13:41:48,638 [3d2757fa-b181-4803-bdc5-b482e758aadc-groupManagement] INFO  segmented.SegmentedRaftLogWorker (SegmentedRaftLogWorker.java:lambda$new$0(135)) - 3d2757fa-b181-4803-bdc5-b482e758aadc@group-AA0EC426AE9C-SegmentedRaftLogWorker: safeCacheEvictIndex: setUnconditionally 0 -> -1
2023-07-05 13:41:48,639 [3d2757fa-b181-4803-bdc5-b482e758aadc-groupManagement] INFO  server.RaftServer$Division (RaftServerImpl.java:start(342)) - 3d2757fa-b181-4803-bdc5-b482e758aadc@group-AA0EC426AE9C: start as a follower, conf=-1: peers:[2fb81e1d-6d09-4813-9c49-550bf392ffad|rpc:10.1.0.13:15014|admin:10.1.0.13:15013|client:10.1.0.13:15012|dataStream:10.1.0.13:15015|priority:1|startupRole:FOLLOWER, 3d2757fa-b181-4803-bdc5-b482e758aadc|rpc:10.1.0.13:15023|admin:10.1.0.13:15022|client:10.1.0.13:15021|dataStream:10.1.0.13:15024|priority:0|startupRole:FOLLOWER, 57c60944-bb7c-45d4-a857-02381db20eb8|rpc:10.1.0.13:15032|admin:10.1.0.13:15031|client:10.1.0.13:15030|dataStream:10.1.0.13:15033|priority:0|startupRole:FOLLOWER]|listeners:[], old=null
2023-07-05 13:41:48,639 [3d2757fa-b181-4803-bdc5-b482e758aadc-groupManagement] INFO  server.RaftServer$Division (RaftServerImpl.java:setRole(329)) - 3d2757fa-b181-4803-bdc5-b482e758aadc@group-AA0EC426AE9C: changes role from      null to FOLLOWER at term 0 for startAsFollower
2023-07-05 13:41:48,639 [3d2757fa-b181-4803-bdc5-b482e758aadc-groupManagement] INFO  impl.RoleInfo (RoleInfo.java:updateAndGet(139)) - 3d2757fa-b181-4803-bdc5-b482e758aadc: start 3d2757fa-b181-4803-bdc5-b482e758aadc@group-AA0EC426AE9C-FollowerState
2023-07-05 13:41:48,639 [3d2757fa-b181-4803-bdc5-b482e758aadc-groupManagement] INFO  util.JmxRegister (JmxRegister.java:tryRegister(44)) - Successfully registered JMX Bean with object name Ratis:service=RaftServer,group=group-AA0EC426AE9C,id=3d2757fa-b181-4803-bdc5-b482e758aadc
2023-07-05 13:41:48,639 [3d2757fa-b181-4803-bdc5-b482e758aadc-groupManagement] INFO  server.RaftServerConfigKeys (ConfUtils.java:logGet(46)) - raft.server.snapshot.auto.trigger.enabled = true (custom)
2023-07-05 13:41:48,640 [3d2757fa-b181-4803-bdc5-b482e758aadc-groupManagement] INFO  server.RaftServerConfigKeys (ConfUtils.java:logGet(46)) - raft.server.snapshot.auto.trigger.threshold = 10000 (custom)
2023-07-05 13:41:48,640 [3d2757fa-b181-4803-bdc5-b482e758aadc-groupManagement] INFO  server.RaftServerConfigKeys (ConfUtils.java:logGet(46)) - raft.server.snapshot.retention.file.num = 5 (custom)
2023-07-05 13:41:48,640 [3d2757fa-b181-4803-bdc5-b482e758aadc-groupManagement] INFO  server.RaftServerConfigKeys (ConfUtils.java:logGet(46)) - raft.server.log.purge.upto.snapshot.index = false (default)
2023-07-05 13:41:48,643 [Time-limited test] INFO  ozone.MiniOzoneClusterImpl (MiniOzoneClusterImpl.java:lambda$waitForClusterToBeReady$0(224)) - Nodes are ready. Got 5 of 5 DN Heartbeats.
2023-07-05 13:41:48,648 [Time-limited test] INFO  ozone.MiniOzoneClusterImpl (MiniOzoneClusterImpl.java:lambda$waitForClusterToBeReady$0(227)) - Waiting for cluster to exit safe mode
2023-07-05 13:41:48,648 [Time-limited test] INFO  ozone.MiniOzoneClusterImpl (MiniOzoneClusterImpl.java:lambda$waitForClusterToBeReady$0(229)) - SCM became leader
2023-07-05 13:41:48,648 [3d2757fa-b181-4803-bdc5-b482e758aadc@group-AA0EC426AE9C-FollowerState] INFO  server.RaftServerConfigKeys (ConfUtils.java:logFallback(53)) - raft.server.rpc.first-election.timeout.min = 5s (fallback to raft.server.rpc.timeout.min)
2023-07-05 13:41:48,649 [3d2757fa-b181-4803-bdc5-b482e758aadc@group-AA0EC426AE9C-FollowerState] INFO  server.RaftServerConfigKeys (ConfUtils.java:logFallback(53)) - raft.server.rpc.first-election.timeout.max = 5200ms (fallback to raft.server.rpc.timeout.max)
2023-07-05 13:41:48,651 [PipelineCommandHandlerThread-0] INFO  ratis.XceiverServerRatis (XceiverServerRatis.java:addGroup(804)) - Created group PipelineID=67ce44c2-8df2-4b96-9ebb-aa0ec426ae9c
2023-07-05 13:41:48,664 [ReplicationMonitor] INFO  replication.ReplicationManager (ReplicationManager.java:processAll(361)) - Replication Manager is not ready to run until 3000ms after safemode exit
2023-07-05 13:41:48,776 [grpc-default-executor-1] INFO  server.RaftServer (RaftServerProxy.java:addNew(98)) - 57c60944-bb7c-45d4-a857-02381db20eb8: addNew group-AA0EC426AE9C:[2fb81e1d-6d09-4813-9c49-550bf392ffad|rpc:10.1.0.13:15014|admin:10.1.0.13:15013|client:10.1.0.13:15012|dataStream:10.1.0.13:15015|priority:1|startupRole:FOLLOWER, 3d2757fa-b181-4803-bdc5-b482e758aadc|rpc:10.1.0.13:15023|admin:10.1.0.13:15022|client:10.1.0.13:15021|dataStream:10.1.0.13:15024|priority:0|startupRole:FOLLOWER, 57c60944-bb7c-45d4-a857-02381db20eb8|rpc:10.1.0.13:15032|admin:10.1.0.13:15031|client:10.1.0.13:15030|dataStream:10.1.0.13:15033|priority:0|startupRole:FOLLOWER] returns group-AA0EC426AE9C:java.util.concurrent.CompletableFuture@53df8651[Not completed]
2023-07-05 13:41:48,779 [57c60944-bb7c-45d4-a857-02381db20eb8-groupManagement] INFO  server.RaftServer$Division (RaftServerImpl.java:<init>(198)) - 57c60944-bb7c-45d4-a857-02381db20eb8: new RaftServerImpl for group-AA0EC426AE9C:[2fb81e1d-6d09-4813-9c49-550bf392ffad|rpc:10.1.0.13:15014|admin:10.1.0.13:15013|client:10.1.0.13:15012|dataStream:10.1.0.13:15015|priority:1|startupRole:FOLLOWER, 3d2757fa-b181-4803-bdc5-b482e758aadc|rpc:10.1.0.13:15023|admin:10.1.0.13:15022|client:10.1.0.13:15021|dataStream:10.1.0.13:15024|priority:0|startupRole:FOLLOWER, 57c60944-bb7c-45d4-a857-02381db20eb8|rpc:10.1.0.13:15032|admin:10.1.0.13:15031|client:10.1.0.13:15030|dataStream:10.1.0.13:15033|priority:0|startupRole:FOLLOWER] with ContainerStateMachine:uninitialized
2023-07-05 13:41:48,780 [57c60944-bb7c-45d4-a857-02381db20eb8-groupManagement] INFO  server.RaftServerConfigKeys (ConfUtils.java:logGet(46)) - raft.server.rpc.timeout.min = 5s (custom)
2023-07-05 13:41:48,780 [57c60944-bb7c-45d4-a857-02381db20eb8-groupManagement] INFO  server.RaftServerConfigKeys (ConfUtils.java:logGet(46)) - raft.server.rpc.timeout.max = 5200ms (custom)
2023-07-05 13:41:48,780 [57c60944-bb7c-45d4-a857-02381db20eb8-groupManagement] INFO  server.RaftServerConfigKeys (ConfUtils.java:logGet(46)) - raft.server.rpc.sleep.time = 25ms (default)
2023-07-05 13:41:48,780 [57c60944-bb7c-45d4-a857-02381db20eb8-groupManagement] INFO  server.RaftServerConfigKeys (ConfUtils.java:logGet(46)) - raft.server.rpc.slowness.timeout = 300s (custom)
2023-07-05 13:41:48,780 [57c60944-bb7c-45d4-a857-02381db20eb8-groupManagement] INFO  server.RaftServerConfigKeys (ConfUtils.java:logGet(46)) - raft.server.leaderelection.leader.step-down.wait-time = 10s (default)
2023-07-05 13:41:48,780 [57c60944-bb7c-45d4-a857-02381db20eb8-groupManagement] INFO  server.RaftServerConfigKeys (ConfUtils.java:logGet(46)) - raft.server.sleep.deviation.threshold = 300ms (default)
2023-07-05 13:41:48,781 [57c60944-bb7c-45d4-a857-02381db20eb8-groupManagement] INFO  server.RaftServer$Division (ServerState.java:<init>(120)) - 57c60944-bb7c-45d4-a857-02381db20eb8@group-AA0EC426AE9C: ConfigurationManager, init=-1: peers:[2fb81e1d-6d09-4813-9c49-550bf392ffad|rpc:10.1.0.13:15014|admin:10.1.0.13:15013|client:10.1.0.13:15012|dataStream:10.1.0.13:15015|priority:1|startupRole:FOLLOWER, 3d2757fa-b181-4803-bdc5-b482e758aadc|rpc:10.1.0.13:15023|admin:10.1.0.13:15022|client:10.1.0.13:15021|dataStream:10.1.0.13:15024|priority:0|startupRole:FOLLOWER, 57c60944-bb7c-45d4-a857-02381db20eb8|rpc:10.1.0.13:15032|admin:10.1.0.13:15031|client:10.1.0.13:15030|dataStream:10.1.0.13:15033|priority:0|startupRole:FOLLOWER]|listeners:[], old=null, confs=<EMPTY_MAP>
2023-07-05 13:41:48,781 [57c60944-bb7c-45d4-a857-02381db20eb8-groupManagement] INFO  server.RaftServerConfigKeys (ConfUtils.java:logGet(46)) - raft.server.storage.dir = [/home/runner/work/ozone/ozone/hadoop-ozone/integration-test/target/test-dir/MiniOzoneClusterImpl-4f26d1f9-f73a-4647-bb3a-126a945bf307/datanode-2/data/ratis] (custom)
2023-07-05 13:41:48,781 [57c60944-bb7c-45d4-a857-02381db20eb8-groupManagement] INFO  server.RaftServerConfigKeys (ConfUtils.java:logGet(46)) - raft.server.log.corruption.policy = EXCEPTION (default)
2023-07-05 13:41:48,781 [57c60944-bb7c-45d4-a857-02381db20eb8-groupManagement] INFO  server.RaftServerConfigKeys (ConfUtils.java:logGet(46)) - raft.server.storage.free-space.min = 0MB (=0) (default)
2023-07-05 13:41:48,782 [57c60944-bb7c-45d4-a857-02381db20eb8-groupManagement] INFO  server.RaftServerConfigKeys (ConfUtils.java:logGet(46)) - raft.server.notification.no-leader.timeout = 300s (custom)
2023-07-05 13:41:48,782 [57c60944-bb7c-45d4-a857-02381db20eb8-groupManagement] INFO  server.RaftServerConfigKeys (ConfUtils.java:logGet(46)) - raft.server.read.timeout = 10s (default)
2023-07-05 13:41:48,788 [57c60944-bb7c-45d4-a857-02381db20eb8-groupManagement] INFO  server.RaftServerConfigKeys (ConfUtils.java:logGet(46)) - raft.server.retrycache.expirytime = 600000ms (custom)
2023-07-05 13:41:48,788 [57c60944-bb7c-45d4-a857-02381db20eb8-groupManagement] INFO  server.RaftServerConfigKeys (ConfUtils.java:logGet(46)) - raft.server.retrycache.statistics.expirytime = 100μs (default)
2023-07-05 13:41:48,788 [57c60944-bb7c-45d4-a857-02381db20eb8-groupManagement] INFO  server.RaftServerConfigKeys (ConfUtils.java:logGet(46)) - raft.server.read.option = DEFAULT (default)
2023-07-05 13:41:48,794 [57c60944-bb7c-45d4-a857-02381db20eb8-groupManagement] INFO  server.RaftServerConfigKeys (ConfUtils.java:logGet(46)) - raft.server.rpc.request.timeout = 60s (custom)
2023-07-05 13:41:48,794 [57c60944-bb7c-45d4-a857-02381db20eb8-groupManagement] INFO  server.RaftServerConfigKeys (ConfUtils.java:logGet(46)) - raft.server.log.appender.install.snapshot.enabled = false (custom)
2023-07-05 13:41:48,794 [57c60944-bb7c-45d4-a857-02381db20eb8-groupManagement] INFO  server.RaftServerConfigKeys (ConfUtils.java:logGet(46)) - raft.server.threadpool.server.cached = true (default)
2023-07-05 13:41:48,794 [57c60944-bb7c-45d4-a857-02381db20eb8-groupManagement] INFO  server.RaftServerConfigKeys (ConfUtils.java:logGet(46)) - raft.server.threadpool.server.size = 0 (default)
2023-07-05 13:41:48,795 [57c60944-bb7c-45d4-a857-02381db20eb8-groupManagement] INFO  server.RaftServerConfigKeys (ConfUtils.java:logGet(46)) - raft.server.threadpool.client.cached = true (default)
2023-07-05 13:41:48,795 [57c60944-bb7c-45d4-a857-02381db20eb8-groupManagement] INFO  server.RaftServerConfigKeys (ConfUtils.java:logGet(46)) - raft.server.threadpool.client.size = 0 (default)
2023-07-05 13:41:48,795 [57c60944-bb7c-45d4-a857-02381db20eb8-groupManagement] INFO  storage.RaftStorageDirectory (RaftStorageDirectoryImpl.java:analyzeStorage(137)) - The storage directory /home/runner/work/ozone/ozone/hadoop-ozone/integration-test/target/test-dir/MiniOzoneClusterImpl-4f26d1f9-f73a-4647-bb3a-126a945bf307/datanode-2/data/ratis/67ce44c2-8df2-4b96-9ebb-aa0ec426ae9c does not exist. Creating ...
2023-07-05 13:41:48,797 [PipelineCommandHandlerThread-0] INFO  commandhandler.CreatePipelineCommandHandler (CreatePipelineCommandHandler.java:lambda$handle$2(124)) - Created Pipeline RATIS THREE PipelineID=67ce44c2-8df2-4b96-9ebb-aa0ec426ae9c.
2023-07-05 13:41:48,799 [PipelineCommandHandlerThread-0] INFO  server.RaftServer (RaftServerProxy.java:addNew(98)) - 2fb81e1d-6d09-4813-9c49-550bf392ffad: addNew group-0F65B45798A5:[2fb81e1d-6d09-4813-9c49-550bf392ffad|rpc:10.1.0.13:15014|admin:10.1.0.13:15013|client:10.1.0.13:15012|dataStream:10.1.0.13:15015|priority:0|startupRole:FOLLOWER, 3d2757fa-b181-4803-bdc5-b482e758aadc|rpc:10.1.0.13:15023|admin:10.1.0.13:15022|client:10.1.0.13:15021|dataStream:10.1.0.13:15024|priority:1|startupRole:FOLLOWER, 57c60944-bb7c-45d4-a857-02381db20eb8|rpc:10.1.0.13:15032|admin:10.1.0.13:15031|client:10.1.0.13:15030|dataStream:10.1.0.13:15033|priority:0|startupRole:FOLLOWER] returns group-0F65B45798A5:java.util.concurrent.CompletableFuture@13af7739[Not completed]
2023-07-05 13:41:48,799 [57c60944-bb7c-45d4-a857-02381db20eb8-groupManagement] INFO  storage.RaftStorageDirectory (RaftStorageDirectoryImpl.java:tryLock(231)) - Lock on /home/runner/work/ozone/ozone/hadoop-ozone/integration-test/target/test-dir/MiniOzoneClusterImpl-4f26d1f9-f73a-4647-bb3a-126a945bf307/datanode-2/data/ratis/67ce44c2-8df2-4b96-9ebb-aa0ec426ae9c/in_use.lock acquired by nodename 25537@fv-az264-29
2023-07-05 13:41:48,800 [2fb81e1d-6d09-4813-9c49-550bf392ffad-groupManagement] INFO  server.RaftServer$Division (RaftServerImpl.java:<init>(198)) - 2fb81e1d-6d09-4813-9c49-550bf392ffad: new RaftServerImpl for group-0F65B45798A5:[2fb81e1d-6d09-4813-9c49-550bf392ffad|rpc:10.1.0.13:15014|admin:10.1.0.13:15013|client:10.1.0.13:15012|dataStream:10.1.0.13:15015|priority:0|startupRole:FOLLOWER, 3d2757fa-b181-4803-bdc5-b482e758aadc|rpc:10.1.0.13:15023|admin:10.1.0.13:15022|client:10.1.0.13:15021|dataStream:10.1.0.13:15024|priority:1|startupRole:FOLLOWER, 57c60944-bb7c-45d4-a857-02381db20eb8|rpc:10.1.0.13:15032|admin:10.1.0.13:15031|client:10.1.0.13:15030|dataStream:10.1.0.13:15033|priority:0|startupRole:FOLLOWER] with ContainerStateMachine:uninitialized
2023-07-05 13:41:48,800 [2fb81e1d-6d09-4813-9c49-550bf392ffad-groupManagement] INFO  server.RaftServerConfigKeys (ConfUtils.java:logGet(46)) - raft.server.rpc.timeout.min = 5s (custom)
2023-07-05 13:41:48,800 [57c60944-bb7c-45d4-a857-02381db20eb8-groupManagement] INFO  storage.RaftStorage (RaftStorageImpl.java:format(96)) - Storage directory /home/runner/work/ozone/ozone/hadoop-ozone/integration-test/target/test-dir/MiniOzoneClusterImpl-4f26d1f9-f73a-4647-bb3a-126a945bf307/datanode-2/data/ratis/67ce44c2-8df2-4b96-9ebb-aa0ec426ae9c has been successfully formatted.
2023-07-05 13:41:48,801 [2fb81e1d-6d09-4813-9c49-550bf392ffad-groupManagement] INFO  server.RaftServerConfigKeys (ConfUtils.java:logGet(46)) - raft.server.rpc.timeout.max = 5200ms (custom)
2023-07-05 13:41:48,801 [2fb81e1d-6d09-4813-9c49-550bf392ffad-groupManagement] INFO  server.RaftServerConfigKeys (ConfUtils.java:logGet(46)) - raft.server.rpc.sleep.time = 25ms (default)
2023-07-05 13:41:48,801 [2fb81e1d-6d09-4813-9c49-550bf392ffad-groupManagement] INFO  server.RaftServerConfigKeys (ConfUtils.java:logGet(46)) - raft.server.rpc.slowness.timeout = 300s (custom)
2023-07-05 13:41:48,801 [2fb81e1d-6d09-4813-9c49-550bf392ffad-groupManagement] INFO  server.RaftServerConfigKeys (ConfUtils.java:logGet(46)) - raft.server.leaderelection.leader.step-down.wait-time = 10s (default)
2023-07-05 13:41:48,801 [2fb81e1d-6d09-4813-9c49-550bf392ffad-groupManagement] INFO  server.RaftServerConfigKeys (ConfUtils.java:logGet(46)) - raft.server.sleep.deviation.threshold = 300ms (default)
2023-07-05 13:41:48,802 [2fb81e1d-6d09-4813-9c49-550bf392ffad-groupManagement] INFO  server.RaftServer$Division (ServerState.java:<init>(120)) - 2fb81e1d-6d09-4813-9c49-550bf392ffad@group-0F65B45798A5: ConfigurationManager, init=-1: peers:[2fb81e1d-6d09-4813-9c49-550bf392ffad|rpc:10.1.0.13:15014|admin:10.1.0.13:15013|client:10.1.0.13:15012|dataStream:10.1.0.13:15015|priority:0|startupRole:FOLLOWER, 3d2757fa-b181-4803-bdc5-b482e758aadc|rpc:10.1.0.13:15023|admin:10.1.0.13:15022|client:10.1.0.13:15021|dataStream:10.1.0.13:15024|priority:1|startupRole:FOLLOWER, 57c60944-bb7c-45d4-a857-02381db20eb8|rpc:10.1.0.13:15032|admin:10.1.0.13:15031|client:10.1.0.13:15030|dataStream:10.1.0.13:15033|priority:0|startupRole:FOLLOWER]|listeners:[], old=null, confs=<EMPTY_MAP>
2023-07-05 13:41:48,802 [2fb81e1d-6d09-4813-9c49-550bf392ffad-groupManagement] INFO  server.RaftServerConfigKeys (ConfUtils.java:logGet(46)) - raft.server.storage.dir = [/home/runner/work/ozone/ozone/hadoop-ozone/integration-test/target/test-dir/MiniOzoneClusterImpl-4f26d1f9-f73a-4647-bb3a-126a945bf307/datanode-0/data/ratis] (custom)
2023-07-05 13:41:48,802 [2fb81e1d-6d09-4813-9c49-550bf392ffad-groupManagement] INFO  server.RaftServerConfigKeys (ConfUtils.java:logGet(46)) - raft.server.log.corruption.policy = EXCEPTION (default)
2023-07-05 13:41:48,802 [2fb81e1d-6d09-4813-9c49-550bf392ffad-groupManagement] INFO  server.RaftServerConfigKeys (ConfUtils.java:logGet(46)) - raft.server.storage.free-space.min = 0MB (=0) (default)
2023-07-05 13:41:48,802 [2fb81e1d-6d09-4813-9c49-550bf392ffad-groupManagement] INFO  server.RaftServerConfigKeys (ConfUtils.java:logGet(46)) - raft.server.notification.no-leader.timeout = 300s (custom)
2023-07-05 13:41:48,802 [2fb81e1d-6d09-4813-9c49-550bf392ffad-groupManagement] INFO  server.RaftServerConfigKeys (ConfUtils.java:logGet(46)) - raft.server.read.timeout = 10s (default)
2023-07-05 13:41:48,802 [2fb81e1d-6d09-4813-9c49-550bf392ffad-groupManagement] INFO  server.RaftServerConfigKeys (ConfUtils.java:logGet(46)) - raft.server.retrycache.expirytime = 600000ms (custom)
2023-07-05 13:41:48,803 [2fb81e1d-6d09-4813-9c49-550bf392ffad-groupManagement] INFO  server.RaftServerConfigKeys (ConfUtils.java:logGet(46)) - raft.server.retrycache.statistics.expirytime = 100μs (default)
2023-07-05 13:41:48,803 [2fb81e1d-6d09-4813-9c49-550bf392ffad-groupManagement] INFO  server.RaftServerConfigKeys (ConfUtils.java:logGet(46)) - raft.server.read.option = DEFAULT (default)
2023-07-05 13:41:48,806 [2fb81e1d-6d09-4813-9c49-550bf392ffad-groupManagement] INFO  server.RaftServerConfigKeys (ConfUtils.java:logGet(46)) - raft.server.rpc.request.timeout = 60s (custom)
2023-07-05 13:41:48,806 [2fb81e1d-6d09-4813-9c49-550bf392ffad-groupManagement] INFO  server.RaftServerConfigKeys (ConfUtils.java:logGet(46)) - raft.server.log.appender.install.snapshot.enabled = false (custom)
2023-07-05 13:41:48,804 [57c60944-bb7c-45d4-a857-02381db20eb8-groupManagement] INFO  ratis.ContainerStateMachine (ContainerStateMachine.java:loadSnapshot(262)) - group-AA0EC426AE9C: The snapshot info is null. Setting the last applied indexto:(t:0, i:~)
2023-07-05 13:41:48,813 [57c60944-bb7c-45d4-a857-02381db20eb8-groupManagement] INFO  server.RaftServerConfigKeys (ConfUtils.java:logGet(46)) - raft.server.log.use.memory = false (default)
2023-07-05 13:41:48,813 [57c60944-bb7c-45d4-a857-02381db20eb8-groupManagement] INFO  server.RaftServerConfigKeys (ConfUtils.java:logGet(46)) - raft.server.log.purge.gap = 1000000 (custom)
2023-07-05 13:41:48,813 [57c60944-bb7c-45d4-a857-02381db20eb8-groupManagement] INFO  server.RaftServerConfigKeys (ConfUtils.java:logGet(46)) - raft.server.log.appender.buffer.byte-limit = 33554432 (custom)
2023-07-05 13:41:48,814 [57c60944-bb7c-45d4-a857-02381db20eb8-groupManagement] INFO  server.RaftServerConfigKeys (ConfUtils.java:logGet(46)) - raft.server.log.statemachine.data.read.timeout = 1000ms (default)
2023-07-05 13:41:48,814 [57c60944-bb7c-45d4-a857-02381db20eb8-groupManagement] INFO  server.RaftServerConfigKeys (ConfUtils.java:logGet(46)) - raft.server.log.purge.preservation.log.num = 0 (default)
2023-07-05 13:41:48,814 [57c60944-bb7c-45d4-a857-02381db20eb8-groupManagement] INFO  server.RaftServerConfigKeys (ConfUtils.java:logGet(46)) - raft.server.log.segment.size.max = 1048576 (custom)
2023-07-05 13:41:48,814 [57c60944-bb7c-45d4-a857-02381db20eb8-groupManagement] INFO  server.RaftServerConfigKeys (ConfUtils.java:logGet(46)) - raft.server.log.segment.cache.num.max = 2 (custom)
2023-07-05 13:41:48,814 [57c60944-bb7c-45d4-a857-02381db20eb8-groupManagement] INFO  server.RaftServerConfigKeys (ConfUtils.java:logGet(46)) - raft.server.log.segment.cache.size.max = 200MB (=209715200) (default)
2023-07-05 13:41:48,814 [57c60944-bb7c-45d4-a857-02381db20eb8-groupManagement] INFO  server.RaftServerConfigKeys (ConfUtils.java:logGet(46)) - raft.server.log.appender.buffer.byte-limit = 33554432 (custom)
2023-07-05 13:41:48,814 [57c60944-bb7c-45d4-a857-02381db20eb8-groupManagement] INFO  segmented.SegmentedRaftLogWorker (SegmentedRaftLogWorker.java:<init>(188)) - new 57c60944-bb7c-45d4-a857-02381db20eb8@group-AA0EC426AE9C-SegmentedRaftLogWorker for RaftStorageImpl:Storage Directory /home/runner/work/ozone/ozone/hadoop-ozone/integration-test/target/test-dir/MiniOzoneClusterImpl-4f26d1f9-f73a-4647-bb3a-126a945bf307/datanode-2/data/ratis/67ce44c2-8df2-4b96-9ebb-aa0ec426ae9c
2023-07-05 13:41:48,815 [57c60944-bb7c-45d4-a857-02381db20eb8-groupManagement] INFO  server.RaftServerConfigKeys (ConfUtils.java:logGet(46)) - raft.server.log.queue.byte-limit = 4294967296 (custom)
2023-07-05 13:41:48,815 [57c60944-bb7c-45d4-a857-02381db20eb8-groupManagement] INFO  server.RaftServerConfigKeys (ConfUtils.java:logGet(46)) - raft.server.log.queue.element-limit = 1024 (custom)
2023-07-05 13:41:48,815 [57c60944-bb7c-45d4-a857-02381db20eb8-groupManagement] INFO  server.RaftServerConfigKeys (ConfUtils.java:logGet(46)) - raft.server.log.segment.size.max = 1048576 (custom)
2023-07-05 13:41:48,815 [57c60944-bb7c-45d4-a857-02381db20eb8-groupManagement] INFO  server.RaftServerConfigKeys (ConfUtils.java:logGet(46)) - raft.server.log.preallocated.size = 16384 (custom)
2023-07-05 13:41:48,815 [57c60944-bb7c-45d4-a857-02381db20eb8-groupManagement] INFO  server.RaftServerConfigKeys (ConfUtils.java:logGet(46)) - raft.server.log.force.sync.num = 128 (default)
2023-07-05 13:41:48,815 [57c60944-bb7c-45d4-a857-02381db20eb8-groupManagement] INFO  server.RaftServerConfigKeys (ConfUtils.java:logGet(46)) - raft.server.log.statemachine.data.sync = true (default)
2023-07-05 13:41:48,815 [57c60944-bb7c-45d4-a857-02381db20eb8-groupManagement] INFO  server.RaftServerConfigKeys (ConfUtils.java:logGet(46)) - raft.server.log.statemachine.data.sync.timeout = 10s (default)
2023-07-05 13:41:48,815 [57c60944-bb7c-45d4-a857-02381db20eb8-groupManagement] INFO  server.RaftServerConfigKeys (ConfUtils.java:logGet(46)) - raft.server.log.statemachine.data.sync.timeout.retry = -1 (default)
2023-07-05 13:41:48,816 [57c60944-bb7c-45d4-a857-02381db20eb8-groupManagement] INFO  server.RaftServerConfigKeys (ConfUtils.java:logGet(46)) - raft.server.log.write.buffer.size = 1048576 (custom)
2023-07-05 13:41:48,816 [57c60944-bb7c-45d4-a857-02381db20eb8-groupManagement] INFO  server.RaftServerConfigKeys (ConfUtils.java:logGet(46)) - raft.server.log.appender.buffer.byte-limit = 33554432 (custom)
2023-07-05 13:41:48,809 [2fb81e1d-6d09-4813-9c49-550bf392ffad-groupManagement] INFO  server.RaftServerConfigKeys (ConfUtils.java:logGet(46)) - raft.server.threadpool.server.cached = true (default)
2023-07-05 13:41:49,120 [2fb81e1d-6d09-4813-9c49-550bf392ffad-groupManagement] INFO  server.RaftServerConfigKeys (ConfUtils.java:logGet(46)) - raft.server.threadpool.server.size = 0 (default)
2023-07-05 13:41:49,120 [2fb81e1d-6d09-4813-9c49-550bf392ffad-groupManagement] INFO  server.RaftServerConfigKeys (ConfUtils.java:logGet(46)) - raft.server.threadpool.client.cached = true (default)
2023-07-05 13:41:49,120 [2fb81e1d-6d09-4813-9c49-550bf392ffad-groupManagement] INFO  server.RaftServerConfigKeys (ConfUtils.java:logGet(46)) - raft.server.threadpool.client.size = 0 (default)
2023-07-05 13:41:49,121 [2fb81e1d-6d09-4813-9c49-550bf392ffad-groupManagement] INFO  storage.RaftStorageDirectory (RaftStorageDirectoryImpl.java:analyzeStorage(137)) - The storage directory /home/runner/work/ozone/ozone/hadoop-ozone/integration-test/target/test-dir/MiniOzoneClusterImpl-4f26d1f9-f73a-4647-bb3a-126a945bf307/datanode-0/data/ratis/a1218f4d-7864-40ba-98d2-0f65b45798a5 does not exist. Creating ...
2023-07-05 13:41:49,119 [57c60944-bb7c-45d4-a857-02381db20eb8-groupManagement] INFO  server.RaftServerConfigKeys (ConfUtils.java:logGet(46)) - raft.server.log.unsafe-flush.enabled = false (default)
2023-07-05 13:41:49,119 [JvmPauseMonitor4] WARN  util.JvmPauseMonitor (JvmPauseMonitor.java:detectPause(124)) - JvmPauseMonitor-57c60944-bb7c-45d4-a857-02381db20eb8: Detected pause in JVM or host machine approximately 0.144s with 0.286s GC time.
GC pool 'PS MarkSweep' had collection(s): count=1 time=226ms
GC pool 'PS Scavenge' had collection(s): count=1 time=60ms
2023-07-05 13:41:49,113 [JvmPauseMonitor5] WARN  util.JvmPauseMonitor (JvmPauseMonitor.java:detectPause(124)) - JvmPauseMonitor-5208b228-229c-45e5-8ed5-a8a29880b91d: Detected pause in JVM or host machine approximately 0.270s with 0.286s GC time.
GC pool 'PS MarkSweep' had collection(s): count=1 time=226ms
GC pool 'PS Scavenge' had collection(s): count=1 time=60ms
2023-07-05 13:41:49,113 [PipelineCommandHandlerThread-0] INFO  server.RaftServer (RaftServerProxy.java:addNew(98)) - 57c60944-bb7c-45d4-a857-02381db20eb8: addNew group-9F65EE4C7CA7:[57c60944-bb7c-45d4-a857-02381db20eb8|rpc:10.1.0.13:15032|admin:10.1.0.13:15031|client:10.1.0.13:15030|dataStream:10.1.0.13:15033|priority:1|startupRole:FOLLOWER] returns group-9F65EE4C7CA7:java.util.concurrent.CompletableFuture@72de40f1[Not completed]
2023-07-05 13:41:49,121 [57c60944-bb7c-45d4-a857-02381db20eb8-groupManagement] INFO  server.RaftServerConfigKeys (ConfUtils.java:logGet(46)) - raft.server.log.async-flush.enabled = false (default)
2023-07-05 13:41:49,122 [57c60944-bb7c-45d4-a857-02381db20eb8-groupManagement] INFO  server.RaftServerConfigKeys (ConfUtils.java:logGet(46)) - raft.server.log.statemachine.data.caching.enabled = true (custom)
2023-07-05 13:41:49,122 [57c60944-bb7c-45d4-a857-02381db20eb8-groupManagement] INFO  segmented.SegmentedRaftLogWorker (SegmentedRaftLogWorker.java:lambda$new$0(135)) - 57c60944-bb7c-45d4-a857-02381db20eb8@group-AA0EC426AE9C-SegmentedRaftLogWorker: flushIndex: setUnconditionally 0 -> -1
2023-07-05 13:41:49,122 [57c60944-bb7c-45d4-a857-02381db20eb8-groupManagement] INFO  segmented.SegmentedRaftLogWorker (SegmentedRaftLogWorker.java:lambda$new$0(135)) - 57c60944-bb7c-45d4-a857-02381db20eb8@group-AA0EC426AE9C-SegmentedRaftLogWorker: safeCacheEvictIndex: setUnconditionally 0 -> -1
2023-07-05 13:41:49,122 [2fb81e1d-6d09-4813-9c49-550bf392ffad-groupManagement] INFO  storage.RaftStorageDirectory (RaftStorageDirectoryImpl.java:tryLock(231)) - Lock on /home/runner/work/ozone/ozone/hadoop-ozone/integration-test/target/test-dir/MiniOzoneClusterImpl-4f26d1f9-f73a-4647-bb3a-126a945bf307/datanode-0/data/ratis/a1218f4d-7864-40ba-98d2-0f65b45798a5/in_use.lock acquired by nodename 25537@fv-az264-29
2023-07-05 13:41:49,123 [57c60944-bb7c-45d4-a857-02381db20eb8-groupManagement] INFO  server.RaftServer$Division (RaftServerImpl.java:start(342)) - 57c60944-bb7c-45d4-a857-02381db20eb8@group-AA0EC426AE9C: start as a follower, conf=-1: peers:[2fb81e1d-6d09-4813-9c49-550bf392ffad|rpc:10.1.0.13:15014|admin:10.1.0.13:15013|client:10.1.0.13:15012|dataStream:10.1.0.13:15015|priority:1|startupRole:FOLLOWER, 3d2757fa-b181-4803-bdc5-b482e758aadc|rpc:10.1.0.13:15023|admin:10.1.0.13:15022|client:10.1.0.13:15021|dataStream:10.1.0.13:15024|priority:0|startupRole:FOLLOWER, 57c60944-bb7c-45d4-a857-02381db20eb8|rpc:10.1.0.13:15032|admin:10.1.0.13:15031|client:10.1.0.13:15030|dataStream:10.1.0.13:15033|priority:0|startupRole:FOLLOWER]|listeners:[], old=null
2023-07-05 13:41:49,123 [57c60944-bb7c-45d4-a857-02381db20eb8-groupManagement] INFO  server.RaftServer$Division (RaftServerImpl.java:setRole(329)) - 57c60944-bb7c-45d4-a857-02381db20eb8@group-AA0EC426AE9C: changes role from      null to FOLLOWER at term 0 for startAsFollower
2023-07-05 13:41:49,123 [57c60944-bb7c-45d4-a857-02381db20eb8-groupManagement] INFO  impl.RoleInfo (RoleInfo.java:updateAndGet(139)) - 57c60944-bb7c-45d4-a857-02381db20eb8: start 57c60944-bb7c-45d4-a857-02381db20eb8@group-AA0EC426AE9C-FollowerState
2023-07-05 13:41:49,123 [57c60944-bb7c-45d4-a857-02381db20eb8-groupManagement] INFO  util.JmxRegister (JmxRegister.java:tryRegister(44)) - Successfully registered JMX Bean with object name Ratis:service=RaftServer,group=group-AA0EC426AE9C,id=57c60944-bb7c-45d4-a857-02381db20eb8
2023-07-05 13:41:49,123 [57c60944-bb7c-45d4-a857-02381db20eb8-groupManagement] INFO  server.RaftServerConfigKeys (ConfUtils.java:logGet(46)) - raft.server.snapshot.auto.trigger.enabled = true (custom)
2023-07-05 13:41:49,123 [57c60944-bb7c-45d4-a857-02381db20eb8-groupManagement] INFO  server.RaftServerConfigKeys (ConfUtils.java:logGet(46)) - raft.server.snapshot.auto.trigger.threshold = 10000 (custom)
2023-07-05 13:41:49,123 [57c60944-bb7c-45d4-a857-02381db20eb8-groupManagement] INFO  server.RaftServerConfigKeys (ConfUtils.java:logGet(46)) - raft.server.snapshot.retention.file.num = 5 (custom)
2023-07-05 13:41:49,124 [57c60944-bb7c-45d4-a857-02381db20eb8-groupManagement] INFO  server.RaftServerConfigKeys (ConfUtils.java:logGet(46)) - raft.server.log.purge.upto.snapshot.index = false (default)
2023-07-05 13:41:49,125 [2fb81e1d-6d09-4813-9c49-550bf392ffad-groupManagement] INFO  storage.RaftStorage (RaftStorageImpl.java:format(96)) - Storage directory /home/runner/work/ozone/ozone/hadoop-ozone/integration-test/target/test-dir/MiniOzoneClusterImpl-4f26d1f9-f73a-4647-bb3a-126a945bf307/datanode-0/data/ratis/a1218f4d-7864-40ba-98d2-0f65b45798a5 has been successfully formatted.
2023-07-05 13:41:49,127 [2fb81e1d-6d09-4813-9c49-550bf392ffad-groupManagement] INFO  ratis.ContainerStateMachine (ContainerStateMachine.java:loadSnapshot(262)) - group-0F65B45798A5: The snapshot info is null. Setting the last applied indexto:(t:0, i:~)
2023-07-05 13:41:49,127 [2fb81e1d-6d09-4813-9c49-550bf392ffad-groupManagement] INFO  server.RaftServerConfigKeys (ConfUtils.java:logGet(46)) - raft.server.log.use.memory = false (default)
2023-07-05 13:41:49,127 [2fb81e1d-6d09-4813-9c49-550bf392ffad-groupManagement] INFO  server.RaftServerConfigKeys (ConfUtils.java:logGet(46)) - raft.server.log.purge.gap = 1000000 (custom)
2023-07-05 13:41:49,127 [2fb81e1d-6d09-4813-9c49-550bf392ffad-groupManagement] INFO  server.RaftServerConfigKeys (ConfUtils.java:logGet(46)) - raft.server.log.appender.buffer.byte-limit = 33554432 (custom)
2023-07-05 13:41:49,127 [2fb81e1d-6d09-4813-9c49-550bf392ffad-groupManagement] INFO  server.RaftServerConfigKeys (ConfUtils.java:logGet(46)) - raft.server.log.statemachine.data.read.timeout = 1000ms (default)
2023-07-05 13:41:49,127 [2fb81e1d-6d09-4813-9c49-550bf392ffad-groupManagement] INFO  server.RaftServerConfigKeys (ConfUtils.java:logGet(46)) - raft.server.log.purge.preservation.log.num = 0 (default)
2023-07-05 13:41:49,128 [2fb81e1d-6d09-4813-9c49-550bf392ffad-groupManagement] INFO  server.RaftServerConfigKeys (ConfUtils.java:logGet(46)) - raft.server.log.segment.size.max = 1048576 (custom)
2023-07-05 13:41:49,128 [57c60944-bb7c-45d4-a857-02381db20eb8-groupManagement] INFO  server.RaftServer$Division (RaftServerImpl.java:<init>(198)) - 57c60944-bb7c-45d4-a857-02381db20eb8: new RaftServerImpl for group-9F65EE4C7CA7:[57c60944-bb7c-45d4-a857-02381db20eb8|rpc:10.1.0.13:15032|admin:10.1.0.13:15031|client:10.1.0.13:15030|dataStream:10.1.0.13:15033|priority:1|startupRole:FOLLOWER] with ContainerStateMachine:uninitialized
2023-07-05 13:41:49,128 [57c60944-bb7c-45d4-a857-02381db20eb8-groupManagement] INFO  server.RaftServerConfigKeys (ConfUtils.java:logGet(46)) - raft.server.rpc.timeout.min = 5s (custom)
2023-07-05 13:41:49,128 [57c60944-bb7c-45d4-a857-02381db20eb8-groupManagement] INFO  server.RaftServerConfigKeys (ConfUtils.java:logGet(46)) - raft.server.rpc.timeout.max = 5200ms (custom)
2023-07-05 13:41:49,128 [57c60944-bb7c-45d4-a857-02381db20eb8-groupManagement] INFO  server.RaftServerConfigKeys (ConfUtils.java:logGet(46)) - raft.server.rpc.sleep.time = 25ms (default)
2023-07-05 13:41:49,128 [2fb81e1d-6d09-4813-9c49-550bf392ffad-groupManagement] INFO  server.RaftServerConfigKeys (ConfUtils.java:logGet(46)) - raft.server.log.segment.cache.num.max = 2 (custom)
2023-07-05 13:41:49,128 [2fb81e1d-6d09-4813-9c49-550bf392ffad-groupManagement] INFO  server.RaftServerConfigKeys (ConfUtils.java:logGet(46)) - raft.server.log.segment.cache.size.max = 200MB (=209715200) (default)
2023-07-05 13:41:49,128 [2fb81e1d-6d09-4813-9c49-550bf392ffad-groupManagement] INFO  server.RaftServerConfigKeys (ConfUtils.java:logGet(46)) - raft.server.log.appender.buffer.byte-limit = 33554432 (custom)
2023-07-05 13:41:49,128 [2fb81e1d-6d09-4813-9c49-550bf392ffad-groupManagement] INFO  segmented.SegmentedRaftLogWorker (SegmentedRaftLogWorker.java:<init>(188)) - new 2fb81e1d-6d09-4813-9c49-550bf392ffad@group-0F65B45798A5-SegmentedRaftLogWorker for RaftStorageImpl:Storage Directory /home/runner/work/ozone/ozone/hadoop-ozone/integration-test/target/test-dir/MiniOzoneClusterImpl-4f26d1f9-f73a-4647-bb3a-126a945bf307/datanode-0/data/ratis/a1218f4d-7864-40ba-98d2-0f65b45798a5
2023-07-05 13:41:49,128 [57c60944-bb7c-45d4-a857-02381db20eb8-groupManagement] INFO  server.RaftServerConfigKeys (ConfUtils.java:logGet(46)) - raft.server.rpc.slowness.timeout = 300s (custom)
2023-07-05 13:41:49,128 [57c60944-bb7c-45d4-a857-02381db20eb8-groupManagement] INFO  server.RaftServerConfigKeys (ConfUtils.java:logGet(46)) - raft.server.leaderelection.leader.step-down.wait-time = 10s (default)
2023-07-05 13:41:49,128 [57c60944-bb7c-45d4-a857-02381db20eb8-groupManagement] INFO  server.RaftServerConfigKeys (ConfUtils.java:logGet(46)) - raft.server.sleep.deviation.threshold = 300ms (default)
2023-07-05 13:41:49,129 [57c60944-bb7c-45d4-a857-02381db20eb8-groupManagement] INFO  server.RaftServer$Division (ServerState.java:<init>(120)) - 57c60944-bb7c-45d4-a857-02381db20eb8@group-9F65EE4C7CA7: ConfigurationManager, init=-1: peers:[57c60944-bb7c-45d4-a857-02381db20eb8|rpc:10.1.0.13:15032|admin:10.1.0.13:15031|client:10.1.0.13:15030|dataStream:10.1.0.13:15033|priority:1|startupRole:FOLLOWER]|listeners:[], old=null, confs=<EMPTY_MAP>
2023-07-05 13:41:49,129 [57c60944-bb7c-45d4-a857-02381db20eb8-groupManagement] INFO  server.RaftServerConfigKeys (ConfUtils.java:logGet(46)) - raft.server.storage.dir = [/home/runner/work/ozone/ozone/hadoop-ozone/integration-test/target/test-dir/MiniOzoneClusterImpl-4f26d1f9-f73a-4647-bb3a-126a945bf307/datanode-2/data/ratis] (custom)
2023-07-05 13:41:49,129 [57c60944-bb7c-45d4-a857-02381db20eb8-groupManagement] INFO  server.RaftServerConfigKeys (ConfUtils.java:logGet(46)) - raft.server.log.corruption.policy = EXCEPTION (default)
2023-07-05 13:41:49,129 [57c60944-bb7c-45d4-a857-02381db20eb8-groupManagement] INFO  server.RaftServerConfigKeys (ConfUtils.java:logGet(46)) - raft.server.storage.free-space.min = 0MB (=0) (default)
2023-07-05 13:41:49,129 [57c60944-bb7c-45d4-a857-02381db20eb8-groupManagement] INFO  server.RaftServerConfigKeys (ConfUtils.java:logGet(46)) - raft.server.notification.no-leader.timeout = 300s (custom)
2023-07-05 13:41:49,129 [57c60944-bb7c-45d4-a857-02381db20eb8-groupManagement] INFO  server.RaftServerConfigKeys (ConfUtils.java:logGet(46)) - raft.server.read.timeout = 10s (default)
2023-07-05 13:41:49,129 [57c60944-bb7c-45d4-a857-02381db20eb8-groupManagement] INFO  server.RaftServerConfigKeys (ConfUtils.java:logGet(46)) - raft.server.retrycache.expirytime = 600000ms (custom)
2023-07-05 13:41:49,129 [57c60944-bb7c-45d4-a857-02381db20eb8-groupManagement] INFO  server.RaftServerConfigKeys (ConfUtils.java:logGet(46)) - raft.server.retrycache.statistics.expirytime = 100μs (default)
2023-07-05 13:41:49,129 [57c60944-bb7c-45d4-a857-02381db20eb8-groupManagement] INFO  server.RaftServerConfigKeys (ConfUtils.java:logGet(46)) - raft.server.read.option = DEFAULT (default)
2023-07-05 13:41:49,130 [57c60944-bb7c-45d4-a857-02381db20eb8-groupManagement] INFO  server.RaftServerConfigKeys (ConfUtils.java:logGet(46)) - raft.server.rpc.request.timeout = 60s (custom)
2023-07-05 13:41:49,131 [57c60944-bb7c-45d4-a857-02381db20eb8-groupManagement] INFO  server.RaftServerConfigKeys (ConfUtils.java:logGet(46)) - raft.server.log.appender.install.snapshot.enabled = false (custom)
2023-07-05 13:41:49,131 [57c60944-bb7c-45d4-a857-02381db20eb8-groupManagement] INFO  server.RaftServerConfigKeys (ConfUtils.java:logGet(46)) - raft.server.threadpool.server.cached = true (default)
2023-07-05 13:41:49,131 [57c60944-bb7c-45d4-a857-02381db20eb8-groupManagement] INFO  server.RaftServerConfigKeys (ConfUtils.java:logGet(46)) - raft.server.threadpool.server.size = 0 (default)
2023-07-05 13:41:49,131 [57c60944-bb7c-45d4-a857-02381db20eb8-groupManagement] INFO  server.RaftServerConfigKeys (ConfUtils.java:logGet(46)) - raft.server.threadpool.client.cached = true (default)
2023-07-05 13:41:49,131 [57c60944-bb7c-45d4-a857-02381db20eb8-groupManagement] INFO  server.RaftServerConfigKeys (ConfUtils.java:logGet(46)) - raft.server.threadpool.client.size = 0 (default)
2023-07-05 13:41:49,131 [57c60944-bb7c-45d4-a857-02381db20eb8-groupManagement] INFO  storage.RaftStorageDirectory (RaftStorageDirectoryImpl.java:analyzeStorage(137)) - The storage directory /home/runner/work/ozone/ozone/hadoop-ozone/integration-test/target/test-dir/MiniOzoneClusterImpl-4f26d1f9-f73a-4647-bb3a-126a945bf307/datanode-2/data/ratis/184f01e4-af05-4b59-9c33-9f65ee4c7ca7 does not exist. Creating ...
2023-07-05 13:41:49,128 [2fb81e1d-6d09-4813-9c49-550bf392ffad-groupManagement] INFO  server.RaftServerConfigKeys (ConfUtils.java:logGet(46)) - raft.server.log.queue.byte-limit = 4294967296 (custom)
2023-07-05 13:41:49,131 [2fb81e1d-6d09-4813-9c49-550bf392ffad-groupManagement] INFO  server.RaftServerConfigKeys (ConfUtils.java:logGet(46)) - raft.server.log.queue.element-limit = 1024 (custom)
2023-07-05 13:41:49,131 [2fb81e1d-6d09-4813-9c49-550bf392ffad-groupManagement] INFO  server.RaftServerConfigKeys (ConfUtils.java:logGet(46)) - raft.server.log.segment.size.max = 1048576 (custom)
2023-07-05 13:41:49,131 [2fb81e1d-6d09-4813-9c49-550bf392ffad-groupManagement] INFO  server.RaftServerConfigKeys (ConfUtils.java:logGet(46)) - raft.server.log.preallocated.size = 16384 (custom)
2023-07-05 13:41:49,131 [2fb81e1d-6d09-4813-9c49-550bf392ffad-groupManagement] INFO  server.RaftServerConfigKeys (ConfUtils.java:logGet(46)) - raft.server.log.force.sync.num = 128 (default)
2023-07-05 13:41:49,131 [2fb81e1d-6d09-4813-9c49-550bf392ffad-groupManagement] INFO  server.RaftServerConfigKeys (ConfUtils.java:logGet(46)) - raft.server.log.statemachine.data.sync = true (default)
2023-07-05 13:41:49,132 [2fb81e1d-6d09-4813-9c49-550bf392ffad-groupManagement] INFO  server.RaftServerConfigKeys (ConfUtils.java:logGet(46)) - raft.server.log.statemachine.data.sync.timeout = 10s (default)
2023-07-05 13:41:49,132 [2fb81e1d-6d09-4813-9c49-550bf392ffad-groupManagement] INFO  server.RaftServerConfigKeys (ConfUtils.java:logGet(46)) - raft.server.log.statemachine.data.sync.timeout.retry = -1 (default)
2023-07-05 13:41:49,132 [2fb81e1d-6d09-4813-9c49-550bf392ffad-groupManagement] INFO  server.RaftServerConfigKeys (ConfUtils.java:logGet(46)) - raft.server.log.write.buffer.size = 1048576 (custom)
2023-07-05 13:41:49,133 [2fb81e1d-6d09-4813-9c49-550bf392ffad-groupManagement] INFO  server.RaftServerConfigKeys (ConfUtils.java:logGet(46)) - raft.server.log.appender.buffer.byte-limit = 33554432 (custom)
2023-07-05 13:41:49,138 [57c60944-bb7c-45d4-a857-02381db20eb8@group-AA0EC426AE9C-FollowerState] INFO  server.RaftServerConfigKeys (ConfUtils.java:logFallback(53)) - raft.server.rpc.first-election.timeout.min = 5s (fallback to raft.server.rpc.timeout.min)
2023-07-05 13:41:49,142 [EventQueue-OpenPipelineForHealthyPipelineSafeModeRule] INFO  safemode.SCMSafeModeManager (HealthyPipelineSafeModeRule.java:process(137)) - SCM in safe mode. Healthy pipelines reported count is 0, required healthy pipeline reported count is 1
2023-07-05 13:41:49,145 [57c60944-bb7c-45d4-a857-02381db20eb8@group-AA0EC426AE9C-FollowerState] INFO  server.RaftServerConfigKeys (ConfUtils.java:logFallback(53)) - raft.server.rpc.first-election.timeout.max = 5200ms (fallback to raft.server.rpc.timeout.max)
2023-07-05 13:41:49,141 [57c60944-bb7c-45d4-a857-02381db20eb8-groupManagement] INFO  storage.RaftStorageDirectory (RaftStorageDirectoryImpl.java:tryLock(231)) - Lock on /home/runner/work/ozone/ozone/hadoop-ozone/integration-test/target/test-dir/MiniOzoneClusterImpl-4f26d1f9-f73a-4647-bb3a-126a945bf307/datanode-2/data/ratis/184f01e4-af05-4b59-9c33-9f65ee4c7ca7/in_use.lock acquired by nodename 25537@fv-az264-29
2023-07-05 13:41:49,146 [2fb81e1d-6d09-4813-9c49-550bf392ffad-groupManagement] INFO  server.RaftServerConfigKeys (ConfUtils.java:logGet(46)) - raft.server.log.unsafe-flush.enabled = false (default)
2023-07-05 13:41:49,146 [2fb81e1d-6d09-4813-9c49-550bf392ffad-groupManagement] INFO  server.RaftServerConfigKeys (ConfUtils.java:logGet(46)) - raft.server.log.async-flush.enabled = false (default)
2023-07-05 13:41:49,146 [2fb81e1d-6d09-4813-9c49-550bf392ffad-groupManagement] INFO  server.RaftServerConfigKeys (ConfUtils.java:logGet(46)) - raft.server.log.statemachine.data.caching.enabled = true (custom)
2023-07-05 13:41:49,147 [57c60944-bb7c-45d4-a857-02381db20eb8-groupManagement] INFO  storage.RaftStorage (RaftStorageImpl.java:format(96)) - Storage directory /home/runner/work/ozone/ozone/hadoop-ozone/integration-test/target/test-dir/MiniOzoneClusterImpl-4f26d1f9-f73a-4647-bb3a-126a945bf307/datanode-2/data/ratis/184f01e4-af05-4b59-9c33-9f65ee4c7ca7 has been successfully formatted.
2023-07-05 13:41:49,151 [57c60944-bb7c-45d4-a857-02381db20eb8-groupManagement] INFO  ratis.ContainerStateMachine (ContainerStateMachine.java:loadSnapshot(262)) - group-9F65EE4C7CA7: The snapshot info is null. Setting the last applied indexto:(t:0, i:~)
2023-07-05 13:41:49,151 [57c60944-bb7c-45d4-a857-02381db20eb8-groupManagement] INFO  server.RaftServerConfigKeys (ConfUtils.java:logGet(46)) - raft.server.log.use.memory = false (default)
2023-07-05 13:41:49,151 [57c60944-bb7c-45d4-a857-02381db20eb8-groupManagement] INFO  server.RaftServerConfigKeys (ConfUtils.java:logGet(46)) - raft.server.log.purge.gap = 1000000 (custom)
2023-07-05 13:41:49,151 [57c60944-bb7c-45d4-a857-02381db20eb8-groupManagement] INFO  server.RaftServerConfigKeys (ConfUtils.java:logGet(46)) - raft.server.log.appender.buffer.byte-limit = 33554432 (custom)
2023-07-05 13:41:49,151 [57c60944-bb7c-45d4-a857-02381db20eb8-groupManagement] INFO  server.RaftServerConfigKeys (ConfUtils.java:logGet(46)) - raft.server.log.statemachine.data.read.timeout = 1000ms (default)
2023-07-05 13:41:49,151 [57c60944-bb7c-45d4-a857-02381db20eb8-groupManagement] INFO  server.RaftServerConfigKeys (ConfUtils.java:logGet(46)) - raft.server.log.purge.preservation.log.num = 0 (default)
2023-07-05 13:41:49,151 [EventQueue-PipelineReportForPipelineReportHandler] INFO  pipeline.PipelineReportHandler (PipelineReportHandler.java:processPipelineReport(136)) - Opened pipeline PipelineID=184f01e4-af05-4b59-9c33-9f65ee4c7ca7
2023-07-05 13:41:49,151 [57c60944-bb7c-45d4-a857-02381db20eb8-groupManagement] INFO  server.RaftServerConfigKeys (ConfUtils.java:logGet(46)) - raft.server.log.segment.size.max = 1048576 (custom)
2023-07-05 13:41:49,152 [EventQueue-OpenPipelineForHealthyPipelineSafeModeRule] INFO  safemode.SCMSafeModeManager (HealthyPipelineSafeModeRule.java:process(137)) - SCM in safe mode. Healthy pipelines reported count is 0, required healthy pipeline reported count is 1
2023-07-05 13:41:49,152 [57c60944-bb7c-45d4-a857-02381db20eb8-groupManagement] INFO  server.RaftServerConfigKeys (ConfUtils.java:logGet(46)) - raft.server.log.segment.cache.num.max = 2 (custom)
2023-07-05 13:41:49,152 [57c60944-bb7c-45d4-a857-02381db20eb8-groupManagement] INFO  server.RaftServerConfigKeys (ConfUtils.java:logGet(46)) - raft.server.log.segment.cache.size.max = 200MB (=209715200) (default)
2023-07-05 13:41:49,152 [57c60944-bb7c-45d4-a857-02381db20eb8-groupManagement] INFO  server.RaftServerConfigKeys (ConfUtils.java:logGet(46)) - raft.server.log.appender.buffer.byte-limit = 33554432 (custom)
2023-07-05 13:41:49,152 [57c60944-bb7c-45d4-a857-02381db20eb8-groupManagement] INFO  segmented.SegmentedRaftLogWorker (SegmentedRaftLogWorker.java:<init>(188)) - new 57c60944-bb7c-45d4-a857-02381db20eb8@group-9F65EE4C7CA7-SegmentedRaftLogWorker for RaftStorageImpl:Storage Directory /home/runner/work/ozone/ozone/hadoop-ozone/integration-test/target/test-dir/MiniOzoneClusterImpl-4f26d1f9-f73a-4647-bb3a-126a945bf307/datanode-2/data/ratis/184f01e4-af05-4b59-9c33-9f65ee4c7ca7
2023-07-05 13:41:49,152 [57c60944-bb7c-45d4-a857-02381db20eb8-groupManagement] INFO  server.RaftServerConfigKeys (ConfUtils.java:logGet(46)) - raft.server.log.queue.byte-limit = 4294967296 (custom)
2023-07-05 13:41:49,152 [57c60944-bb7c-45d4-a857-02381db20eb8-groupManagement] INFO  server.RaftServerConfigKeys (ConfUtils.java:logGet(46)) - raft.server.log.queue.element-limit = 1024 (custom)
2023-07-05 13:41:49,153 [57c60944-bb7c-45d4-a857-02381db20eb8-groupManagement] INFO  server.RaftServerConfigKeys (ConfUtils.java:logGet(46)) - raft.server.log.segment.size.max = 1048576 (custom)
2023-07-05 13:41:49,153 [57c60944-bb7c-45d4-a857-02381db20eb8-groupManagement] INFO  server.RaftServerConfigKeys (ConfUtils.java:logGet(46)) - raft.server.log.preallocated.size = 16384 (custom)
2023-07-05 13:41:49,153 [57c60944-bb7c-45d4-a857-02381db20eb8-groupManagement] INFO  server.RaftServerConfigKeys (ConfUtils.java:logGet(46)) - raft.server.log.force.sync.num = 128 (default)
2023-07-05 13:41:49,153 [57c60944-bb7c-45d4-a857-02381db20eb8-groupManagement] INFO  server.RaftServerConfigKeys (ConfUtils.java:logGet(46)) - raft.server.log.statemachine.data.sync = true (default)
2023-07-05 13:41:49,153 [57c60944-bb7c-45d4-a857-02381db20eb8-groupManagement] INFO  server.RaftServerConfigKeys (ConfUtils.java:logGet(46)) - raft.server.log.statemachine.data.sync.timeout = 10s (default)
2023-07-05 13:41:49,153 [57c60944-bb7c-45d4-a857-02381db20eb8-groupManagement] INFO  server.RaftServerConfigKeys (ConfUtils.java:logGet(46)) - raft.server.log.statemachine.data.sync.timeout.retry = -1 (default)
2023-07-05 13:41:49,154 [57c60944-bb7c-45d4-a857-02381db20eb8-groupManagement] INFO  server.RaftServerConfigKeys (ConfUtils.java:logGet(46)) - raft.server.log.write.buffer.size = 1048576 (custom)
2023-07-05 13:41:49,154 [2fb81e1d-6d09-4813-9c49-550bf392ffad-groupManagement] INFO  segmented.SegmentedRaftLogWorker (SegmentedRaftLogWorker.java:lambda$new$0(135)) - 2fb81e1d-6d09-4813-9c49-550bf392ffad@group-0F65B45798A5-SegmentedRaftLogWorker: flushIndex: setUnconditionally 0 -> -1
2023-07-05 13:41:49,154 [2fb81e1d-6d09-4813-9c49-550bf392ffad-groupManagement] INFO  segmented.SegmentedRaftLogWorker (SegmentedRaftLogWorker.java:lambda$new$0(135)) - 2fb81e1d-6d09-4813-9c49-550bf392ffad@group-0F65B45798A5-SegmentedRaftLogWorker: safeCacheEvictIndex: setUnconditionally 0 -> -1
2023-07-05 13:41:49,155 [2fb81e1d-6d09-4813-9c49-550bf392ffad-groupManagement] INFO  server.RaftServer$Division (RaftServerImpl.java:start(342)) - 2fb81e1d-6d09-4813-9c49-550bf392ffad@group-0F65B45798A5: start as a follower, conf=-1: peers:[2fb81e1d-6d09-4813-9c49-550bf392ffad|rpc:10.1.0.13:15014|admin:10.1.0.13:15013|client:10.1.0.13:15012|dataStream:10.1.0.13:15015|priority:0|startupRole:FOLLOWER, 3d2757fa-b181-4803-bdc5-b482e758aadc|rpc:10.1.0.13:15023|admin:10.1.0.13:15022|client:10.1.0.13:15021|dataStream:10.1.0.13:15024|priority:1|startupRole:FOLLOWER, 57c60944-bb7c-45d4-a857-02381db20eb8|rpc:10.1.0.13:15032|admin:10.1.0.13:15031|client:10.1.0.13:15030|dataStream:10.1.0.13:15033|priority:0|startupRole:FOLLOWER]|listeners:[], old=null
2023-07-05 13:41:49,156 [2fb81e1d-6d09-4813-9c49-550bf392ffad-groupManagement] INFO  server.RaftServer$Division (RaftServerImpl.java:setRole(329)) - 2fb81e1d-6d09-4813-9c49-550bf392ffad@group-0F65B45798A5: changes role from      null to FOLLOWER at term 0 for startAsFollower
2023-07-05 13:41:49,156 [2fb81e1d-6d09-4813-9c49-550bf392ffad-groupManagement] INFO  impl.RoleInfo (RoleInfo.java:updateAndGet(139)) - 2fb81e1d-6d09-4813-9c49-550bf392ffad: start 2fb81e1d-6d09-4813-9c49-550bf392ffad@group-0F65B45798A5-FollowerState
2023-07-05 13:41:49,156 [2fb81e1d-6d09-4813-9c49-550bf392ffad-groupManagement] INFO  util.JmxRegister (JmxRegister.java:tryRegister(44)) - Successfully registered JMX Bean with object name Ratis:service=RaftServer,group=group-0F65B45798A5,id=2fb81e1d-6d09-4813-9c49-550bf392ffad
2023-07-05 13:41:49,156 [2fb81e1d-6d09-4813-9c49-550bf392ffad-groupManagement] INFO  server.RaftServerConfigKeys (ConfUtils.java:logGet(46)) - raft.server.snapshot.auto.trigger.enabled = true (custom)
2023-07-05 13:41:49,156 [2fb81e1d-6d09-4813-9c49-550bf392ffad-groupManagement] INFO  server.RaftServerConfigKeys (ConfUtils.java:logGet(46)) - raft.server.snapshot.auto.trigger.threshold = 10000 (custom)
2023-07-05 13:41:49,156 [2fb81e1d-6d09-4813-9c49-550bf392ffad-groupManagement] INFO  server.RaftServerConfigKeys (ConfUtils.java:logGet(46)) - raft.server.snapshot.retention.file.num = 5 (custom)
2023-07-05 13:41:49,156 [2fb81e1d-6d09-4813-9c49-550bf392ffad-groupManagement] INFO  server.RaftServerConfigKeys (ConfUtils.java:logGet(46)) - raft.server.log.purge.upto.snapshot.index = false (default)
2023-07-05 13:41:49,157 [2fb81e1d-6d09-4813-9c49-550bf392ffad@group-0F65B45798A5-FollowerState] INFO  server.RaftServerConfigKeys (ConfUtils.java:logFallback(53)) - raft.server.rpc.first-election.timeout.min = 5s (fallback to raft.server.rpc.timeout.min)
2023-07-05 13:41:49,168 [2fb81e1d-6d09-4813-9c49-550bf392ffad@group-0F65B45798A5-FollowerState] INFO  server.RaftServerConfigKeys (ConfUtils.java:logFallback(53)) - raft.server.rpc.first-election.timeout.max = 5200ms (fallback to raft.server.rpc.timeout.max)
2023-07-05 13:41:49,167 [PipelineCommandHandlerThread-0] INFO  ratis.XceiverServerRatis (XceiverServerRatis.java:addGroup(804)) - Created group PipelineID=a1218f4d-7864-40ba-98d2-0f65b45798a5
2023-07-05 13:41:49,157 [57c60944-bb7c-45d4-a857-02381db20eb8-groupManagement] INFO  server.RaftServerConfigKeys (ConfUtils.java:logGet(46)) - raft.server.log.appender.buffer.byte-limit = 33554432 (custom)
2023-07-05 13:41:49,182 [57c60944-bb7c-45d4-a857-02381db20eb8-groupManagement] INFO  server.RaftServerConfigKeys (ConfUtils.java:logGet(46)) - raft.server.log.unsafe-flush.enabled = false (default)
2023-07-05 13:41:49,182 [57c60944-bb7c-45d4-a857-02381db20eb8-groupManagement] INFO  server.RaftServerConfigKeys (ConfUtils.java:logGet(46)) - raft.server.log.async-flush.enabled = false (default)
2023-07-05 13:41:49,182 [57c60944-bb7c-45d4-a857-02381db20eb8-groupManagement] INFO  server.RaftServerConfigKeys (ConfUtils.java:logGet(46)) - raft.server.log.statemachine.data.caching.enabled = true (custom)
2023-07-05 13:41:49,182 [57c60944-bb7c-45d4-a857-02381db20eb8-groupManagement] INFO  segmented.SegmentedRaftLogWorker (SegmentedRaftLogWorker.java:lambda$new$0(135)) - 57c60944-bb7c-45d4-a857-02381db20eb8@group-9F65EE4C7CA7-SegmentedRaftLogWorker: flushIndex: setUnconditionally 0 -> -1
2023-07-05 13:41:49,182 [57c60944-bb7c-45d4-a857-02381db20eb8-groupManagement] INFO  segmented.SegmentedRaftLogWorker (SegmentedRaftLogWorker.java:lambda$new$0(135)) - 57c60944-bb7c-45d4-a857-02381db20eb8@group-9F65EE4C7CA7-SegmentedRaftLogWorker: safeCacheEvictIndex: setUnconditionally 0 -> -1
2023-07-05 13:41:49,183 [57c60944-bb7c-45d4-a857-02381db20eb8-groupManagement] INFO  server.RaftServer$Division (RaftServerImpl.java:start(342)) - 57c60944-bb7c-45d4-a857-02381db20eb8@group-9F65EE4C7CA7: start as a follower, conf=-1: peers:[57c60944-bb7c-45d4-a857-02381db20eb8|rpc:10.1.0.13:15032|admin:10.1.0.13:15031|client:10.1.0.13:15030|dataStream:10.1.0.13:15033|priority:1|startupRole:FOLLOWER]|listeners:[], old=null
2023-07-05 13:41:49,183 [57c60944-bb7c-45d4-a857-02381db20eb8-groupManagement] INFO  server.RaftServer$Division (RaftServerImpl.java:setRole(329)) - 57c60944-bb7c-45d4-a857-02381db20eb8@group-9F65EE4C7CA7: changes role from      null to FOLLOWER at term 0 for startAsFollower
2023-07-05 13:41:49,183 [57c60944-bb7c-45d4-a857-02381db20eb8-groupManagement] INFO  impl.RoleInfo (RoleInfo.java:updateAndGet(139)) - 57c60944-bb7c-45d4-a857-02381db20eb8: start 57c60944-bb7c-45d4-a857-02381db20eb8@group-9F65EE4C7CA7-FollowerState
2023-07-05 13:41:49,185 [57c60944-bb7c-45d4-a857-02381db20eb8-groupManagement] INFO  util.JmxRegister (JmxRegister.java:tryRegister(44)) - Successfully registered JMX Bean with object name Ratis:service=RaftServer,group=group-9F65EE4C7CA7,id=57c60944-bb7c-45d4-a857-02381db20eb8
2023-07-05 13:41:49,185 [57c60944-bb7c-45d4-a857-02381db20eb8-groupManagement] INFO  server.RaftServerConfigKeys (ConfUtils.java:logGet(46)) - raft.server.snapshot.auto.trigger.enabled = true (custom)
2023-07-05 13:41:49,185 [57c60944-bb7c-45d4-a857-02381db20eb8-groupManagement] INFO  server.RaftServerConfigKeys (ConfUtils.java:logGet(46)) - raft.server.snapshot.auto.trigger.threshold = 10000 (custom)
2023-07-05 13:41:49,185 [57c60944-bb7c-45d4-a857-02381db20eb8-groupManagement] INFO  server.RaftServerConfigKeys (ConfUtils.java:logGet(46)) - raft.server.snapshot.retention.file.num = 5 (custom)
2023-07-05 13:41:49,186 [57c60944-bb7c-45d4-a857-02381db20eb8-groupManagement] INFO  server.RaftServerConfigKeys (ConfUtils.java:logGet(46)) - raft.server.log.purge.upto.snapshot.index = false (default)
2023-07-05 13:41:49,186 [57c60944-bb7c-45d4-a857-02381db20eb8@group-9F65EE4C7CA7-FollowerState] INFO  server.RaftServerConfigKeys (ConfUtils.java:logFallback(53)) - raft.server.rpc.first-election.timeout.min = 5s (fallback to raft.server.rpc.timeout.min)
2023-07-05 13:41:49,187 [57c60944-bb7c-45d4-a857-02381db20eb8@group-9F65EE4C7CA7-FollowerState] INFO  server.RaftServerConfigKeys (ConfUtils.java:logFallback(53)) - raft.server.rpc.first-election.timeout.max = 5200ms (fallback to raft.server.rpc.timeout.max)
2023-07-05 13:41:49,190 [PipelineCommandHandlerThread-0] INFO  ratis.XceiverServerRatis (XceiverServerRatis.java:addGroup(804)) - Created group PipelineID=184f01e4-af05-4b59-9c33-9f65ee4c7ca7
2023-07-05 13:41:49,190 [PipelineCommandHandlerThread-0] INFO  commandhandler.CreatePipelineCommandHandler (CreatePipelineCommandHandler.java:lambda$handle$2(124)) - Created Pipeline RATIS ONE PipelineID=184f01e4-af05-4b59-9c33-9f65ee4c7ca7.
2023-07-05 13:41:49,191 [PipelineCommandHandlerThread-0] INFO  server.RaftServer (RaftServerProxy.java:addNew(98)) - 57c60944-bb7c-45d4-a857-02381db20eb8: addNew group-0F65B45798A5:[2fb81e1d-6d09-4813-9c49-550bf392ffad|rpc:10.1.0.13:15014|admin:10.1.0.13:15013|client:10.1.0.13:15012|dataStream:10.1.0.13:15015|priority:0|startupRole:FOLLOWER, 3d2757fa-b181-4803-bdc5-b482e758aadc|rpc:10.1.0.13:15023|admin:10.1.0.13:15022|client:10.1.0.13:15021|dataStream:10.1.0.13:15024|priority:1|startupRole:FOLLOWER, 57c60944-bb7c-45d4-a857-02381db20eb8|rpc:10.1.0.13:15032|admin:10.1.0.13:15031|client:10.1.0.13:15030|dataStream:10.1.0.13:15033|priority:0|startupRole:FOLLOWER] returns group-0F65B45798A5:java.util.concurrent.CompletableFuture@7c19a0da[Not completed]
2023-07-05 13:41:49,192 [57c60944-bb7c-45d4-a857-02381db20eb8-groupManagement] INFO  server.RaftServer$Division (RaftServerImpl.java:<init>(198)) - 57c60944-bb7c-45d4-a857-02381db20eb8: new RaftServerImpl for group-0F65B45798A5:[2fb81e1d-6d09-4813-9c49-550bf392ffad|rpc:10.1.0.13:15014|admin:10.1.0.13:15013|client:10.1.0.13:15012|dataStream:10.1.0.13:15015|priority:0|startupRole:FOLLOWER, 3d2757fa-b181-4803-bdc5-b482e758aadc|rpc:10.1.0.13:15023|admin:10.1.0.13:15022|client:10.1.0.13:15021|dataStream:10.1.0.13:15024|priority:1|startupRole:FOLLOWER, 57c60944-bb7c-45d4-a857-02381db20eb8|rpc:10.1.0.13:15032|admin:10.1.0.13:15031|client:10.1.0.13:15030|dataStream:10.1.0.13:15033|priority:0|startupRole:FOLLOWER] with ContainerStateMachine:uninitialized
2023-07-05 13:41:49,192 [57c60944-bb7c-45d4-a857-02381db20eb8-groupManagement] INFO  server.RaftServerConfigKeys (ConfUtils.java:logGet(46)) - raft.server.rpc.timeout.min = 5s (custom)
2023-07-05 13:41:49,192 [57c60944-bb7c-45d4-a857-02381db20eb8-groupManagement] INFO  server.RaftServerConfigKeys (ConfUtils.java:logGet(46)) - raft.server.rpc.timeout.max = 5200ms (custom)
2023-07-05 13:41:49,192 [57c60944-bb7c-45d4-a857-02381db20eb8-groupManagement] INFO  server.RaftServerConfigKeys (ConfUtils.java:logGet(46)) - raft.server.rpc.sleep.time = 25ms (default)
2023-07-05 13:41:49,192 [57c60944-bb7c-45d4-a857-02381db20eb8-groupManagement] INFO  server.RaftServerConfigKeys (ConfUtils.java:logGet(46)) - raft.server.rpc.slowness.timeout = 300s (custom)
2023-07-05 13:41:49,192 [57c60944-bb7c-45d4-a857-02381db20eb8-groupManagement] INFO  server.RaftServerConfigKeys (ConfUtils.java:logGet(46)) - raft.server.leaderelection.leader.step-down.wait-time = 10s (default)
2023-07-05 13:41:49,192 [57c60944-bb7c-45d4-a857-02381db20eb8-groupManagement] INFO  server.RaftServerConfigKeys (ConfUtils.java:logGet(46)) - raft.server.sleep.deviation.threshold = 300ms (default)
2023-07-05 13:41:49,192 [57c60944-bb7c-45d4-a857-02381db20eb8-groupManagement] INFO  server.RaftServer$Division (ServerState.java:<init>(120)) - 57c60944-bb7c-45d4-a857-02381db20eb8@group-0F65B45798A5: ConfigurationManager, init=-1: peers:[2fb81e1d-6d09-4813-9c49-550bf392ffad|rpc:10.1.0.13:15014|admin:10.1.0.13:15013|client:10.1.0.13:15012|dataStream:10.1.0.13:15015|priority:0|startupRole:FOLLOWER, 3d2757fa-b181-4803-bdc5-b482e758aadc|rpc:10.1.0.13:15023|admin:10.1.0.13:15022|client:10.1.0.13:15021|dataStream:10.1.0.13:15024|priority:1|startupRole:FOLLOWER, 57c60944-bb7c-45d4-a857-02381db20eb8|rpc:10.1.0.13:15032|admin:10.1.0.13:15031|client:10.1.0.13:15030|dataStream:10.1.0.13:15033|priority:0|startupRole:FOLLOWER]|listeners:[], old=null, confs=<EMPTY_MAP>
2023-07-05 13:41:49,193 [57c60944-bb7c-45d4-a857-02381db20eb8-groupManagement] INFO  server.RaftServerConfigKeys (ConfUtils.java:logGet(46)) - raft.server.storage.dir = [/home/runner/work/ozone/ozone/hadoop-ozone/integration-test/target/test-dir/MiniOzoneClusterImpl-4f26d1f9-f73a-4647-bb3a-126a945bf307/datanode-2/data/ratis] (custom)
2023-07-05 13:41:49,193 [57c60944-bb7c-45d4-a857-02381db20eb8-groupManagement] INFO  server.RaftServerConfigKeys (ConfUtils.java:logGet(46)) - raft.server.log.corruption.policy = EXCEPTION (default)
2023-07-05 13:41:49,193 [57c60944-bb7c-45d4-a857-02381db20eb8-groupManagement] INFO  server.RaftServerConfigKeys (ConfUtils.java:logGet(46)) - raft.server.storage.free-space.min = 0MB (=0) (default)
2023-07-05 13:41:49,193 [57c60944-bb7c-45d4-a857-02381db20eb8-groupManagement] INFO  server.RaftServerConfigKeys (ConfUtils.java:logGet(46)) - raft.server.notification.no-leader.timeout = 300s (custom)
2023-07-05 13:41:49,193 [57c60944-bb7c-45d4-a857-02381db20eb8-groupManagement] INFO  server.RaftServerConfigKeys (ConfUtils.java:logGet(46)) - raft.server.read.timeout = 10s (default)
2023-07-05 13:41:49,193 [57c60944-bb7c-45d4-a857-02381db20eb8-groupManagement] INFO  server.RaftServerConfigKeys (ConfUtils.java:logGet(46)) - raft.server.retrycache.expirytime = 600000ms (custom)
2023-07-05 13:41:49,193 [57c60944-bb7c-45d4-a857-02381db20eb8-groupManagement] INFO  server.RaftServerConfigKeys (ConfUtils.java:logGet(46)) - raft.server.retrycache.statistics.expirytime = 100μs (default)
2023-07-05 13:41:49,193 [57c60944-bb7c-45d4-a857-02381db20eb8-groupManagement] INFO  server.RaftServerConfigKeys (ConfUtils.java:logGet(46)) - raft.server.read.option = DEFAULT (default)
2023-07-05 13:41:49,194 [57c60944-bb7c-45d4-a857-02381db20eb8-groupManagement] INFO  server.RaftServerConfigKeys (ConfUtils.java:logGet(46)) - raft.server.rpc.request.timeout = 60s (custom)
2023-07-05 13:41:49,194 [57c60944-bb7c-45d4-a857-02381db20eb8-groupManagement] INFO  server.RaftServerConfigKeys (ConfUtils.java:logGet(46)) - raft.server.log.appender.install.snapshot.enabled = false (custom)
2023-07-05 13:41:49,194 [57c60944-bb7c-45d4-a857-02381db20eb8-groupManagement] INFO  server.RaftServerConfigKeys (ConfUtils.java:logGet(46)) - raft.server.threadpool.server.cached = true (default)
2023-07-05 13:41:49,194 [57c60944-bb7c-45d4-a857-02381db20eb8-groupManagement] INFO  server.RaftServerConfigKeys (ConfUtils.java:logGet(46)) - raft.server.threadpool.server.size = 0 (default)
2023-07-05 13:41:49,194 [57c60944-bb7c-45d4-a857-02381db20eb8-groupManagement] INFO  server.RaftServerConfigKeys (ConfUtils.java:logGet(46)) - raft.server.threadpool.client.cached = true (default)
2023-07-05 13:41:49,195 [57c60944-bb7c-45d4-a857-02381db20eb8-groupManagement] INFO  server.RaftServerConfigKeys (ConfUtils.java:logGet(46)) - raft.server.threadpool.client.size = 0 (default)
2023-07-05 13:41:49,195 [57c60944-bb7c-45d4-a857-02381db20eb8-groupManagement] INFO  storage.RaftStorageDirectory (RaftStorageDirectoryImpl.java:analyzeStorage(137)) - The storage directory /home/runner/work/ozone/ozone/hadoop-ozone/integration-test/target/test-dir/MiniOzoneClusterImpl-4f26d1f9-f73a-4647-bb3a-126a945bf307/datanode-2/data/ratis/a1218f4d-7864-40ba-98d2-0f65b45798a5 does not exist. Creating ...
2023-07-05 13:41:49,200 [57c60944-bb7c-45d4-a857-02381db20eb8-groupManagement] INFO  storage.RaftStorageDirectory (RaftStorageDirectoryImpl.java:tryLock(231)) - Lock on /home/runner/work/ozone/ozone/hadoop-ozone/integration-test/target/test-dir/MiniOzoneClusterImpl-4f26d1f9-f73a-4647-bb3a-126a945bf307/datanode-2/data/ratis/a1218f4d-7864-40ba-98d2-0f65b45798a5/in_use.lock acquired by nodename 25537@fv-az264-29
2023-07-05 13:41:49,210 [57c60944-bb7c-45d4-a857-02381db20eb8-groupManagement] INFO  storage.RaftStorage (RaftStorageImpl.java:format(96)) - Storage directory /home/runner/work/ozone/ozone/hadoop-ozone/integration-test/target/test-dir/MiniOzoneClusterImpl-4f26d1f9-f73a-4647-bb3a-126a945bf307/datanode-2/data/ratis/a1218f4d-7864-40ba-98d2-0f65b45798a5 has been successfully formatted.
2023-07-05 13:41:49,211 [57c60944-bb7c-45d4-a857-02381db20eb8-groupManagement] INFO  ratis.ContainerStateMachine (ContainerStateMachine.java:loadSnapshot(262)) - group-0F65B45798A5: The snapshot info is null. Setting the last applied indexto:(t:0, i:~)
2023-07-05 13:41:49,211 [57c60944-bb7c-45d4-a857-02381db20eb8-groupManagement] INFO  server.RaftServerConfigKeys (ConfUtils.java:logGet(46)) - raft.server.log.use.memory = false (default)
2023-07-05 13:41:49,212 [57c60944-bb7c-45d4-a857-02381db20eb8-groupManagement] INFO  server.RaftServerConfigKeys (ConfUtils.java:logGet(46)) - raft.server.log.purge.gap = 1000000 (custom)
2023-07-05 13:41:49,212 [57c60944-bb7c-45d4-a857-02381db20eb8-groupManagement] INFO  server.RaftServerConfigKeys (ConfUtils.java:logGet(46)) - raft.server.log.appender.buffer.byte-limit = 33554432 (custom)
2023-07-05 13:41:49,212 [57c60944-bb7c-45d4-a857-02381db20eb8-groupManagement] INFO  server.RaftServerConfigKeys (ConfUtils.java:logGet(46)) - raft.server.log.statemachine.data.read.timeout = 1000ms (default)
2023-07-05 13:41:49,212 [57c60944-bb7c-45d4-a857-02381db20eb8-groupManagement] INFO  server.RaftServerConfigKeys (ConfUtils.java:logGet(46)) - raft.server.log.purge.preservation.log.num = 0 (default)
2023-07-05 13:41:49,212 [57c60944-bb7c-45d4-a857-02381db20eb8-groupManagement] INFO  server.RaftServerConfigKeys (ConfUtils.java:logGet(46)) - raft.server.log.segment.size.max = 1048576 (custom)
2023-07-05 13:41:49,212 [57c60944-bb7c-45d4-a857-02381db20eb8-groupManagement] INFO  server.RaftServerConfigKeys (ConfUtils.java:logGet(46)) - raft.server.log.segment.cache.num.max = 2 (custom)
2023-07-05 13:41:49,213 [57c60944-bb7c-45d4-a857-02381db20eb8-groupManagement] INFO  server.RaftServerConfigKeys (ConfUtils.java:logGet(46)) - raft.server.log.segment.cache.size.max = 200MB (=209715200) (default)
2023-07-05 13:41:49,213 [57c60944-bb7c-45d4-a857-02381db20eb8-groupManagement] INFO  server.RaftServerConfigKeys (ConfUtils.java:logGet(46)) - raft.server.log.appender.buffer.byte-limit = 33554432 (custom)
2023-07-05 13:41:49,213 [57c60944-bb7c-45d4-a857-02381db20eb8-groupManagement] INFO  segmented.SegmentedRaftLogWorker (SegmentedRaftLogWorker.java:<init>(188)) - new 57c60944-bb7c-45d4-a857-02381db20eb8@group-0F65B45798A5-SegmentedRaftLogWorker for RaftStorageImpl:Storage Directory /home/runner/work/ozone/ozone/hadoop-ozone/integration-test/target/test-dir/MiniOzoneClusterImpl-4f26d1f9-f73a-4647-bb3a-126a945bf307/datanode-2/data/ratis/a1218f4d-7864-40ba-98d2-0f65b45798a5
2023-07-05 13:41:49,213 [57c60944-bb7c-45d4-a857-02381db20eb8-groupManagement] INFO  server.RaftServerConfigKeys (ConfUtils.java:logGet(46)) - raft.server.log.queue.byte-limit = 4294967296 (custom)
2023-07-05 13:41:49,213 [57c60944-bb7c-45d4-a857-02381db20eb8-groupManagement] INFO  server.RaftServerConfigKeys (ConfUtils.java:logGet(46)) - raft.server.log.queue.element-limit = 1024 (custom)
2023-07-05 13:41:49,213 [57c60944-bb7c-45d4-a857-02381db20eb8-groupManagement] INFO  server.RaftServerConfigKeys (ConfUtils.java:logGet(46)) - raft.server.log.segment.size.max = 1048576 (custom)
2023-07-05 13:41:49,213 [57c60944-bb7c-45d4-a857-02381db20eb8-groupManagement] INFO  server.RaftServerConfigKeys (ConfUtils.java:logGet(46)) - raft.server.log.preallocated.size = 16384 (custom)
2023-07-05 13:41:49,213 [57c60944-bb7c-45d4-a857-02381db20eb8-groupManagement] INFO  server.RaftServerConfigKeys (ConfUtils.java:logGet(46)) - raft.server.log.force.sync.num = 128 (default)
2023-07-05 13:41:49,213 [57c60944-bb7c-45d4-a857-02381db20eb8-groupManagement] INFO  server.RaftServerConfigKeys (ConfUtils.java:logGet(46)) - raft.server.log.statemachine.data.sync = true (default)
2023-07-05 13:41:49,214 [57c60944-bb7c-45d4-a857-02381db20eb8-groupManagement] INFO  server.RaftServerConfigKeys (ConfUtils.java:logGet(46)) - raft.server.log.statemachine.data.sync.timeout = 10s (default)
2023-07-05 13:41:49,214 [57c60944-bb7c-45d4-a857-02381db20eb8-groupManagement] INFO  server.RaftServerConfigKeys (ConfUtils.java:logGet(46)) - raft.server.log.statemachine.data.sync.timeout.retry = -1 (default)
2023-07-05 13:41:49,214 [57c60944-bb7c-45d4-a857-02381db20eb8-groupManagement] INFO  server.RaftServerConfigKeys (ConfUtils.java:logGet(46)) - raft.server.log.write.buffer.size = 1048576 (custom)
2023-07-05 13:41:49,215 [57c60944-bb7c-45d4-a857-02381db20eb8-groupManagement] INFO  server.RaftServerConfigKeys (ConfUtils.java:logGet(46)) - raft.server.log.appender.buffer.byte-limit = 33554432 (custom)
2023-07-05 13:41:49,222 [57c60944-bb7c-45d4-a857-02381db20eb8-groupManagement] INFO  server.RaftServerConfigKeys (ConfUtils.java:logGet(46)) - raft.server.log.unsafe-flush.enabled = false (default)
2023-07-05 13:41:49,222 [grpc-default-executor-0] INFO  server.RaftServer (RaftServerProxy.java:addNew(98)) - 3d2757fa-b181-4803-bdc5-b482e758aadc: addNew group-0F65B45798A5:[2fb81e1d-6d09-4813-9c49-550bf392ffad|rpc:10.1.0.13:15014|admin:10.1.0.13:15013|client:10.1.0.13:15012|dataStream:10.1.0.13:15015|priority:0|startupRole:FOLLOWER, 3d2757fa-b181-4803-bdc5-b482e758aadc|rpc:10.1.0.13:15023|admin:10.1.0.13:15022|client:10.1.0.13:15021|dataStream:10.1.0.13:15024|priority:1|startupRole:FOLLOWER, 57c60944-bb7c-45d4-a857-02381db20eb8|rpc:10.1.0.13:15032|admin:10.1.0.13:15031|client:10.1.0.13:15030|dataStream:10.1.0.13:15033|priority:0|startupRole:FOLLOWER] returns group-0F65B45798A5:java.util.concurrent.CompletableFuture@655da512[Not completed]
2023-07-05 13:41:49,224 [EventQueue-OpenPipelineForHealthyPipelineSafeModeRule] INFO  safemode.SCMSafeModeManager (HealthyPipelineSafeModeRule.java:process(137)) - SCM in safe mode. Healthy pipelines reported count is 0, required healthy pipeline reported count is 1
2023-07-05 13:41:49,224 [3d2757fa-b181-4803-bdc5-b482e758aadc-groupManagement] INFO  server.RaftServer$Division (RaftServerImpl.java:<init>(198)) - 3d2757fa-b181-4803-bdc5-b482e758aadc: new RaftServerImpl for group-0F65B45798A5:[2fb81e1d-6d09-4813-9c49-550bf392ffad|rpc:10.1.0.13:15014|admin:10.1.0.13:15013|client:10.1.0.13:15012|dataStream:10.1.0.13:15015|priority:0|startupRole:FOLLOWER, 3d2757fa-b181-4803-bdc5-b482e758aadc|rpc:10.1.0.13:15023|admin:10.1.0.13:15022|client:10.1.0.13:15021|dataStream:10.1.0.13:15024|priority:1|startupRole:FOLLOWER, 57c60944-bb7c-45d4-a857-02381db20eb8|rpc:10.1.0.13:15032|admin:10.1.0.13:15031|client:10.1.0.13:15030|dataStream:10.1.0.13:15033|priority:0|startupRole:FOLLOWER] with ContainerStateMachine:uninitialized
2023-07-05 13:41:49,227 [3d2757fa-b181-4803-bdc5-b482e758aadc-groupManagement] INFO  server.RaftServerConfigKeys (ConfUtils.java:logGet(46)) - raft.server.rpc.timeout.min = 5s (custom)
2023-07-05 13:41:49,227 [3d2757fa-b181-4803-bdc5-b482e758aadc-groupManagement] INFO  server.RaftServerConfigKeys (ConfUtils.java:logGet(46)) - raft.server.rpc.timeout.max = 5200ms (custom)
2023-07-05 13:41:49,227 [3d2757fa-b181-4803-bdc5-b482e758aadc-groupManagement] INFO  server.RaftServerConfigKeys (ConfUtils.java:logGet(46)) - raft.server.rpc.sleep.time = 25ms (default)
2023-07-05 13:41:49,227 [3d2757fa-b181-4803-bdc5-b482e758aadc-groupManagement] INFO  server.RaftServerConfigKeys (ConfUtils.java:logGet(46)) - raft.server.rpc.slowness.timeout = 300s (custom)
2023-07-05 13:41:49,227 [3d2757fa-b181-4803-bdc5-b482e758aadc-groupManagement] INFO  server.RaftServerConfigKeys (ConfUtils.java:logGet(46)) - raft.server.leaderelection.leader.step-down.wait-time = 10s (default)
2023-07-05 13:41:49,228 [3d2757fa-b181-4803-bdc5-b482e758aadc-groupManagement] INFO  server.RaftServerConfigKeys (ConfUtils.java:logGet(46)) - raft.server.sleep.deviation.threshold = 300ms (default)
2023-07-05 13:41:49,228 [3d2757fa-b181-4803-bdc5-b482e758aadc-groupManagement] INFO  server.RaftServer$Division (ServerState.java:<init>(120)) - 3d2757fa-b181-4803-bdc5-b482e758aadc@group-0F65B45798A5: ConfigurationManager, init=-1: peers:[2fb81e1d-6d09-4813-9c49-550bf392ffad|rpc:10.1.0.13:15014|admin:10.1.0.13:15013|client:10.1.0.13:15012|dataStream:10.1.0.13:15015|priority:0|startupRole:FOLLOWER, 3d2757fa-b181-4803-bdc5-b482e758aadc|rpc:10.1.0.13:15023|admin:10.1.0.13:15022|client:10.1.0.13:15021|dataStream:10.1.0.13:15024|priority:1|startupRole:FOLLOWER, 57c60944-bb7c-45d4-a857-02381db20eb8|rpc:10.1.0.13:15032|admin:10.1.0.13:15031|client:10.1.0.13:15030|dataStream:10.1.0.13:15033|priority:0|startupRole:FOLLOWER]|listeners:[], old=null, confs=<EMPTY_MAP>
2023-07-05 13:41:49,222 [57c60944-bb7c-45d4-a857-02381db20eb8-groupManagement] INFO  server.RaftServerConfigKeys (ConfUtils.java:logGet(46)) - raft.server.log.async-flush.enabled = false (default)
2023-07-05 13:41:49,228 [3d2757fa-b181-4803-bdc5-b482e758aadc-groupManagement] INFO  server.RaftServerConfigKeys (ConfUtils.java:logGet(46)) - raft.server.storage.dir = [/home/runner/work/ozone/ozone/hadoop-ozone/integration-test/target/test-dir/MiniOzoneClusterImpl-4f26d1f9-f73a-4647-bb3a-126a945bf307/datanode-1/data/ratis] (custom)
2023-07-05 13:41:49,229 [3d2757fa-b181-4803-bdc5-b482e758aadc-groupManagement] INFO  server.RaftServerConfigKeys (ConfUtils.java:logGet(46)) - raft.server.log.corruption.policy = EXCEPTION (default)
2023-07-05 13:41:49,229 [3d2757fa-b181-4803-bdc5-b482e758aadc-groupManagement] INFO  server.RaftServerConfigKeys (ConfUtils.java:logGet(46)) - raft.server.storage.free-space.min = 0MB (=0) (default)
2023-07-05 13:41:49,229 [3d2757fa-b181-4803-bdc5-b482e758aadc-groupManagement] INFO  server.RaftServerConfigKeys (ConfUtils.java:logGet(46)) - raft.server.notification.no-leader.timeout = 300s (custom)
2023-07-05 13:41:49,229 [3d2757fa-b181-4803-bdc5-b482e758aadc-groupManagement] INFO  server.RaftServerConfigKeys (ConfUtils.java:logGet(46)) - raft.server.read.timeout = 10s (default)
2023-07-05 13:41:49,229 [3d2757fa-b181-4803-bdc5-b482e758aadc-groupManagement] INFO  server.RaftServerConfigKeys (ConfUtils.java:logGet(46)) - raft.server.retrycache.expirytime = 600000ms (custom)
2023-07-05 13:41:49,229 [3d2757fa-b181-4803-bdc5-b482e758aadc-groupManagement] INFO  server.RaftServerConfigKeys (ConfUtils.java:logGet(46)) - raft.server.retrycache.statistics.expirytime = 100μs (default)
2023-07-05 13:41:49,230 [3d2757fa-b181-4803-bdc5-b482e758aadc-groupManagement] INFO  server.RaftServerConfigKeys (ConfUtils.java:logGet(46)) - raft.server.read.option = DEFAULT (default)
2023-07-05 13:41:49,227 [PipelineCommandHandlerThread-0] INFO  commandhandler.CreatePipelineCommandHandler (CreatePipelineCommandHandler.java:lambda$handle$2(124)) - Created Pipeline RATIS THREE PipelineID=67ce44c2-8df2-4b96-9ebb-aa0ec426ae9c.
2023-07-05 13:41:49,228 [57c60944-bb7c-45d4-a857-02381db20eb8-groupManagement] INFO  server.RaftServerConfigKeys (ConfUtils.java:logGet(46)) - raft.server.log.statemachine.data.caching.enabled = true (custom)
2023-07-05 13:41:49,230 [57c60944-bb7c-45d4-a857-02381db20eb8-groupManagement] INFO  segmented.SegmentedRaftLogWorker (SegmentedRaftLogWorker.java:lambda$new$0(135)) - 57c60944-bb7c-45d4-a857-02381db20eb8@group-0F65B45798A5-SegmentedRaftLogWorker: flushIndex: setUnconditionally 0 -> -1
2023-07-05 13:41:49,230 [57c60944-bb7c-45d4-a857-02381db20eb8-groupManagement] INFO  segmented.SegmentedRaftLogWorker (SegmentedRaftLogWorker.java:lambda$new$0(135)) - 57c60944-bb7c-45d4-a857-02381db20eb8@group-0F65B45798A5-SegmentedRaftLogWorker: safeCacheEvictIndex: setUnconditionally 0 -> -1
2023-07-05 13:41:49,231 [3d2757fa-b181-4803-bdc5-b482e758aadc-groupManagement] INFO  server.RaftServerConfigKeys (ConfUtils.java:logGet(46)) - raft.server.rpc.request.timeout = 60s (custom)
2023-07-05 13:41:49,231 [3d2757fa-b181-4803-bdc5-b482e758aadc-groupManagement] INFO  server.RaftServerConfigKeys (ConfUtils.java:logGet(46)) - raft.server.log.appender.install.snapshot.enabled = false (custom)
2023-07-05 13:41:49,231 [3d2757fa-b181-4803-bdc5-b482e758aadc-groupManagement] INFO  server.RaftServerConfigKeys (ConfUtils.java:logGet(46)) - raft.server.threadpool.server.cached = true (default)
2023-07-05 13:41:49,231 [3d2757fa-b181-4803-bdc5-b482e758aadc-groupManagement] INFO  server.RaftServerConfigKeys (ConfUtils.java:logGet(46)) - raft.server.threadpool.server.size = 0 (default)
2023-07-05 13:41:49,231 [3d2757fa-b181-4803-bdc5-b482e758aadc-groupManagement] INFO  server.RaftServerConfigKeys (ConfUtils.java:logGet(46)) - raft.server.threadpool.client.cached = true (default)
2023-07-05 13:41:49,231 [3d2757fa-b181-4803-bdc5-b482e758aadc-groupManagement] INFO  server.RaftServerConfigKeys (ConfUtils.java:logGet(46)) - raft.server.threadpool.client.size = 0 (default)
2023-07-05 13:41:49,232 [3d2757fa-b181-4803-bdc5-b482e758aadc-groupManagement] INFO  storage.RaftStorageDirectory (RaftStorageDirectoryImpl.java:analyzeStorage(137)) - The storage directory /home/runner/work/ozone/ozone/hadoop-ozone/integration-test/target/test-dir/MiniOzoneClusterImpl-4f26d1f9-f73a-4647-bb3a-126a945bf307/datanode-1/data/ratis/a1218f4d-7864-40ba-98d2-0f65b45798a5 does not exist. Creating ...
2023-07-05 13:41:49,232 [57c60944-bb7c-45d4-a857-02381db20eb8-groupManagement] INFO  server.RaftServer$Division (RaftServerImpl.java:start(342)) - 57c60944-bb7c-45d4-a857-02381db20eb8@group-0F65B45798A5: start as a follower, conf=-1: peers:[2fb81e1d-6d09-4813-9c49-550bf392ffad|rpc:10.1.0.13:15014|admin:10.1.0.13:15013|client:10.1.0.13:15012|dataStream:10.1.0.13:15015|priority:0|startupRole:FOLLOWER, 3d2757fa-b181-4803-bdc5-b482e758aadc|rpc:10.1.0.13:15023|admin:10.1.0.13:15022|client:10.1.0.13:15021|dataStream:10.1.0.13:15024|priority:1|startupRole:FOLLOWER, 57c60944-bb7c-45d4-a857-02381db20eb8|rpc:10.1.0.13:15032|admin:10.1.0.13:15031|client:10.1.0.13:15030|dataStream:10.1.0.13:15033|priority:0|startupRole:FOLLOWER]|listeners:[], old=null
2023-07-05 13:41:49,232 [57c60944-bb7c-45d4-a857-02381db20eb8-groupManagement] INFO  server.RaftServer$Division (RaftServerImpl.java:setRole(329)) - 57c60944-bb7c-45d4-a857-02381db20eb8@group-0F65B45798A5: changes role from      null to FOLLOWER at term 0 for startAsFollower
2023-07-05 13:41:49,232 [57c60944-bb7c-45d4-a857-02381db20eb8-groupManagement] INFO  impl.RoleInfo (RoleInfo.java:updateAndGet(139)) - 57c60944-bb7c-45d4-a857-02381db20eb8: start 57c60944-bb7c-45d4-a857-02381db20eb8@group-0F65B45798A5-FollowerState
2023-07-05 13:41:49,233 [3d2757fa-b181-4803-bdc5-b482e758aadc-groupManagement] INFO  storage.RaftStorageDirectory (RaftStorageDirectoryImpl.java:tryLock(231)) - Lock on /home/runner/work/ozone/ozone/hadoop-ozone/integration-test/target/test-dir/MiniOzoneClusterImpl-4f26d1f9-f73a-4647-bb3a-126a945bf307/datanode-1/data/ratis/a1218f4d-7864-40ba-98d2-0f65b45798a5/in_use.lock acquired by nodename 25537@fv-az264-29
2023-07-05 13:41:49,235 [57c60944-bb7c-45d4-a857-02381db20eb8-groupManagement] INFO  util.JmxRegister (JmxRegister.java:tryRegister(44)) - Successfully registered JMX Bean with object name Ratis:service=RaftServer,group=group-0F65B45798A5,id=57c60944-bb7c-45d4-a857-02381db20eb8
2023-07-05 13:41:49,235 [57c60944-bb7c-45d4-a857-02381db20eb8-groupManagement] INFO  server.RaftServerConfigKeys (ConfUtils.java:logGet(46)) - raft.server.snapshot.auto.trigger.enabled = true (custom)
2023-07-05 13:41:49,236 [57c60944-bb7c-45d4-a857-02381db20eb8-groupManagement] INFO  server.RaftServerConfigKeys (ConfUtils.java:logGet(46)) - raft.server.snapshot.auto.trigger.threshold = 10000 (custom)
2023-07-05 13:41:49,236 [57c60944-bb7c-45d4-a857-02381db20eb8-groupManagement] INFO  server.RaftServerConfigKeys (ConfUtils.java:logGet(46)) - raft.server.snapshot.retention.file.num = 5 (custom)
2023-07-05 13:41:49,236 [57c60944-bb7c-45d4-a857-02381db20eb8-groupManagement] INFO  server.RaftServerConfigKeys (ConfUtils.java:logGet(46)) - raft.server.log.purge.upto.snapshot.index = false (default)
2023-07-05 13:41:49,237 [PipelineCommandHandlerThread-0] INFO  ratis.XceiverServerRatis (XceiverServerRatis.java:addGroup(804)) - Created group PipelineID=a1218f4d-7864-40ba-98d2-0f65b45798a5
2023-07-05 13:41:49,238 [3d2757fa-b181-4803-bdc5-b482e758aadc-groupManagement] INFO  storage.RaftStorage (RaftStorageImpl.java:format(96)) - Storage directory /home/runner/work/ozone/ozone/hadoop-ozone/integration-test/target/test-dir/MiniOzoneClusterImpl-4f26d1f9-f73a-4647-bb3a-126a945bf307/datanode-1/data/ratis/a1218f4d-7864-40ba-98d2-0f65b45798a5 has been successfully formatted.
2023-07-05 13:41:49,239 [3d2757fa-b181-4803-bdc5-b482e758aadc-groupManagement] INFO  ratis.ContainerStateMachine (ContainerStateMachine.java:loadSnapshot(262)) - group-0F65B45798A5: The snapshot info is null. Setting the last applied indexto:(t:0, i:~)
2023-07-05 13:41:49,239 [3d2757fa-b181-4803-bdc5-b482e758aadc-groupManagement] INFO  server.RaftServerConfigKeys (ConfUtils.java:logGet(46)) - raft.server.log.use.memory = false (default)
2023-07-05 13:41:49,239 [3d2757fa-b181-4803-bdc5-b482e758aadc-groupManagement] INFO  server.RaftServerConfigKeys (ConfUtils.java:logGet(46)) - raft.server.log.purge.gap = 1000000 (custom)
2023-07-05 13:41:49,239 [3d2757fa-b181-4803-bdc5-b482e758aadc-groupManagement] INFO  server.RaftServerConfigKeys (ConfUtils.java:logGet(46)) - raft.server.log.appender.buffer.byte-limit = 33554432 (custom)
2023-07-05 13:41:49,239 [3d2757fa-b181-4803-bdc5-b482e758aadc-groupManagement] INFO  server.RaftServerConfigKeys (ConfUtils.java:logGet(46)) - raft.server.log.statemachine.data.read.timeout = 1000ms (default)
2023-07-05 13:41:49,239 [3d2757fa-b181-4803-bdc5-b482e758aadc-groupManagement] INFO  server.RaftServerConfigKeys (ConfUtils.java:logGet(46)) - raft.server.log.purge.preservation.log.num = 0 (default)
2023-07-05 13:41:49,239 [3d2757fa-b181-4803-bdc5-b482e758aadc-groupManagement] INFO  server.RaftServerConfigKeys (ConfUtils.java:logGet(46)) - raft.server.log.segment.size.max = 1048576 (custom)
2023-07-05 13:41:49,240 [3d2757fa-b181-4803-bdc5-b482e758aadc-groupManagement] INFO  server.RaftServerConfigKeys (ConfUtils.java:logGet(46)) - raft.server.log.segment.cache.num.max = 2 (custom)
2023-07-05 13:41:49,240 [3d2757fa-b181-4803-bdc5-b482e758aadc-groupManagement] INFO  server.RaftServerConfigKeys (ConfUtils.java:logGet(46)) - raft.server.log.segment.cache.size.max = 200MB (=209715200) (default)
2023-07-05 13:41:49,240 [3d2757fa-b181-4803-bdc5-b482e758aadc-groupManagement] INFO  server.RaftServerConfigKeys (ConfUtils.java:logGet(46)) - raft.server.log.appender.buffer.byte-limit = 33554432 (custom)
2023-07-05 13:41:49,240 [3d2757fa-b181-4803-bdc5-b482e758aadc-groupManagement] INFO  segmented.SegmentedRaftLogWorker (SegmentedRaftLogWorker.java:<init>(188)) - new 3d2757fa-b181-4803-bdc5-b482e758aadc@group-0F65B45798A5-SegmentedRaftLogWorker for RaftStorageImpl:Storage Directory /home/runner/work/ozone/ozone/hadoop-ozone/integration-test/target/test-dir/MiniOzoneClusterImpl-4f26d1f9-f73a-4647-bb3a-126a945bf307/datanode-1/data/ratis/a1218f4d-7864-40ba-98d2-0f65b45798a5
2023-07-05 13:41:49,240 [3d2757fa-b181-4803-bdc5-b482e758aadc-groupManagement] INFO  server.RaftServerConfigKeys (ConfUtils.java:logGet(46)) - raft.server.log.queue.byte-limit = 4294967296 (custom)
2023-07-05 13:41:49,240 [3d2757fa-b181-4803-bdc5-b482e758aadc-groupManagement] INFO  server.RaftServerConfigKeys (ConfUtils.java:logGet(46)) - raft.server.log.queue.element-limit = 1024 (custom)
2023-07-05 13:41:49,240 [3d2757fa-b181-4803-bdc5-b482e758aadc-groupManagement] INFO  server.RaftServerConfigKeys (ConfUtils.java:logGet(46)) - raft.server.log.segment.size.max = 1048576 (custom)
2023-07-05 13:41:49,240 [3d2757fa-b181-4803-bdc5-b482e758aadc-groupManagement] INFO  server.RaftServerConfigKeys (ConfUtils.java:logGet(46)) - raft.server.log.preallocated.size = 16384 (custom)
2023-07-05 13:41:49,240 [3d2757fa-b181-4803-bdc5-b482e758aadc-groupManagement] INFO  server.RaftServerConfigKeys (ConfUtils.java:logGet(46)) - raft.server.log.force.sync.num = 128 (default)
2023-07-05 13:41:49,240 [3d2757fa-b181-4803-bdc5-b482e758aadc-groupManagement] INFO  server.RaftServerConfigKeys (ConfUtils.java:logGet(46)) - raft.server.log.statemachine.data.sync = true (default)
2023-07-05 13:41:49,240 [3d2757fa-b181-4803-bdc5-b482e758aadc-groupManagement] INFO  server.RaftServerConfigKeys (ConfUtils.java:logGet(46)) - raft.server.log.statemachine.data.sync.timeout = 10s (default)
2023-07-05 13:41:49,240 [3d2757fa-b181-4803-bdc5-b482e758aadc-groupManagement] INFO  server.RaftServerConfigKeys (ConfUtils.java:logGet(46)) - raft.server.log.statemachine.data.sync.timeout.retry = -1 (default)
2023-07-05 13:41:49,241 [3d2757fa-b181-4803-bdc5-b482e758aadc-groupManagement] INFO  server.RaftServerConfigKeys (ConfUtils.java:logGet(46)) - raft.server.log.write.buffer.size = 1048576 (custom)
2023-07-05 13:41:49,242 [3d2757fa-b181-4803-bdc5-b482e758aadc-groupManagement] INFO  server.RaftServerConfigKeys (ConfUtils.java:logGet(46)) - raft.server.log.appender.buffer.byte-limit = 33554432 (custom)
2023-07-05 13:41:49,249 [57c60944-bb7c-45d4-a857-02381db20eb8@group-0F65B45798A5-FollowerState] INFO  server.RaftServerConfigKeys (ConfUtils.java:logFallback(53)) - raft.server.rpc.first-election.timeout.min = 5s (fallback to raft.server.rpc.timeout.min)
2023-07-05 13:41:49,249 [57c60944-bb7c-45d4-a857-02381db20eb8@group-0F65B45798A5-FollowerState] INFO  server.RaftServerConfigKeys (ConfUtils.java:logFallback(53)) - raft.server.rpc.first-election.timeout.max = 5200ms (fallback to raft.server.rpc.timeout.max)
2023-07-05 13:41:49,251 [EventQueue-OpenPipelineForHealthyPipelineSafeModeRule] INFO  safemode.SCMSafeModeManager (HealthyPipelineSafeModeRule.java:process(137)) - SCM in safe mode. Healthy pipelines reported count is 0, required healthy pipeline reported count is 1
2023-07-05 13:41:49,254 [3d2757fa-b181-4803-bdc5-b482e758aadc-groupManagement] INFO  server.RaftServerConfigKeys (ConfUtils.java:logGet(46)) - raft.server.log.unsafe-flush.enabled = false (default)
2023-07-05 13:41:49,258 [3d2757fa-b181-4803-bdc5-b482e758aadc-groupManagement] INFO  server.RaftServerConfigKeys (ConfUtils.java:logGet(46)) - raft.server.log.async-flush.enabled = false (default)
2023-07-05 13:41:49,263 [3d2757fa-b181-4803-bdc5-b482e758aadc-groupManagement] INFO  server.RaftServerConfigKeys (ConfUtils.java:logGet(46)) - raft.server.log.statemachine.data.caching.enabled = true (custom)
2023-07-05 13:41:49,263 [3d2757fa-b181-4803-bdc5-b482e758aadc-groupManagement] INFO  segmented.SegmentedRaftLogWorker (SegmentedRaftLogWorker.java:lambda$new$0(135)) - 3d2757fa-b181-4803-bdc5-b482e758aadc@group-0F65B45798A5-SegmentedRaftLogWorker: flushIndex: setUnconditionally 0 -> -1
2023-07-05 13:41:49,263 [3d2757fa-b181-4803-bdc5-b482e758aadc-groupManagement] INFO  segmented.SegmentedRaftLogWorker (SegmentedRaftLogWorker.java:lambda$new$0(135)) - 3d2757fa-b181-4803-bdc5-b482e758aadc@group-0F65B45798A5-SegmentedRaftLogWorker: safeCacheEvictIndex: setUnconditionally 0 -> -1
2023-07-05 13:41:49,267 [3d2757fa-b181-4803-bdc5-b482e758aadc-groupManagement] INFO  server.RaftServer$Division (RaftServerImpl.java:start(342)) - 3d2757fa-b181-4803-bdc5-b482e758aadc@group-0F65B45798A5: start as a follower, conf=-1: peers:[2fb81e1d-6d09-4813-9c49-550bf392ffad|rpc:10.1.0.13:15014|admin:10.1.0.13:15013|client:10.1.0.13:15012|dataStream:10.1.0.13:15015|priority:0|startupRole:FOLLOWER, 3d2757fa-b181-4803-bdc5-b482e758aadc|rpc:10.1.0.13:15023|admin:10.1.0.13:15022|client:10.1.0.13:15021|dataStream:10.1.0.13:15024|priority:1|startupRole:FOLLOWER, 57c60944-bb7c-45d4-a857-02381db20eb8|rpc:10.1.0.13:15032|admin:10.1.0.13:15031|client:10.1.0.13:15030|dataStream:10.1.0.13:15033|priority:0|startupRole:FOLLOWER]|listeners:[], old=null
2023-07-05 13:41:49,267 [3d2757fa-b181-4803-bdc5-b482e758aadc-groupManagement] INFO  server.RaftServer$Division (RaftServerImpl.java:setRole(329)) - 3d2757fa-b181-4803-bdc5-b482e758aadc@group-0F65B45798A5: changes role from      null to FOLLOWER at term 0 for startAsFollower
2023-07-05 13:41:49,267 [3d2757fa-b181-4803-bdc5-b482e758aadc-groupManagement] INFO  impl.RoleInfo (RoleInfo.java:updateAndGet(139)) - 3d2757fa-b181-4803-bdc5-b482e758aadc: start 3d2757fa-b181-4803-bdc5-b482e758aadc@group-0F65B45798A5-FollowerState
2023-07-05 13:41:49,269 [3d2757fa-b181-4803-bdc5-b482e758aadc@group-0F65B45798A5-FollowerState] INFO  server.RaftServerConfigKeys (ConfUtils.java:logFallback(53)) - raft.server.rpc.first-election.timeout.min = 5s (fallback to raft.server.rpc.timeout.min)
2023-07-05 13:41:49,271 [3d2757fa-b181-4803-bdc5-b482e758aadc@group-0F65B45798A5-FollowerState] INFO  server.RaftServerConfigKeys (ConfUtils.java:logFallback(53)) - raft.server.rpc.first-election.timeout.max = 5200ms (fallback to raft.server.rpc.timeout.max)
2023-07-05 13:41:49,280 [3d2757fa-b181-4803-bdc5-b482e758aadc-groupManagement] INFO  util.JmxRegister (JmxRegister.java:tryRegister(44)) - Successfully registered JMX Bean with object name Ratis:service=RaftServer,group=group-0F65B45798A5,id=3d2757fa-b181-4803-bdc5-b482e758aadc
2023-07-05 13:41:49,280 [3d2757fa-b181-4803-bdc5-b482e758aadc-groupManagement] INFO  server.RaftServerConfigKeys (ConfUtils.java:logGet(46)) - raft.server.snapshot.auto.trigger.enabled = true (custom)
2023-07-05 13:41:49,280 [3d2757fa-b181-4803-bdc5-b482e758aadc-groupManagement] INFO  server.RaftServerConfigKeys (ConfUtils.java:logGet(46)) - raft.server.snapshot.auto.trigger.threshold = 10000 (custom)
2023-07-05 13:41:49,280 [3d2757fa-b181-4803-bdc5-b482e758aadc-groupManagement] INFO  server.RaftServerConfigKeys (ConfUtils.java:logGet(46)) - raft.server.snapshot.retention.file.num = 5 (custom)
2023-07-05 13:41:49,280 [3d2757fa-b181-4803-bdc5-b482e758aadc-groupManagement] INFO  server.RaftServerConfigKeys (ConfUtils.java:logGet(46)) - raft.server.log.purge.upto.snapshot.index = false (default)
2023-07-05 13:41:49,304 [PipelineCommandHandlerThread-0] INFO  server.RaftServer (RaftServerProxy.java:addNew(98)) - 5208b228-229c-45e5-8ed5-a8a29880b91d: addNew group-BD6D76CC83E7:[5208b228-229c-45e5-8ed5-a8a29880b91d|rpc:10.1.0.13:15041|admin:10.1.0.13:15040|client:10.1.0.13:15039|dataStream:10.1.0.13:15042|priority:1|startupRole:FOLLOWER] returns group-BD6D76CC83E7:java.util.concurrent.CompletableFuture@77261b82[Not completed]
2023-07-05 13:41:49,307 [5208b228-229c-45e5-8ed5-a8a29880b91d-groupManagement] INFO  server.RaftServer$Division (RaftServerImpl.java:<init>(198)) - 5208b228-229c-45e5-8ed5-a8a29880b91d: new RaftServerImpl for group-BD6D76CC83E7:[5208b228-229c-45e5-8ed5-a8a29880b91d|rpc:10.1.0.13:15041|admin:10.1.0.13:15040|client:10.1.0.13:15039|dataStream:10.1.0.13:15042|priority:1|startupRole:FOLLOWER] with ContainerStateMachine:uninitialized
2023-07-05 13:41:49,307 [5208b228-229c-45e5-8ed5-a8a29880b91d-groupManagement] INFO  server.RaftServerConfigKeys (ConfUtils.java:logGet(46)) - raft.server.rpc.timeout.min = 5s (custom)
2023-07-05 13:41:49,307 [5208b228-229c-45e5-8ed5-a8a29880b91d-groupManagement] INFO  server.RaftServerConfigKeys (ConfUtils.java:logGet(46)) - raft.server.rpc.timeout.max = 5200ms (custom)
2023-07-05 13:41:49,307 [5208b228-229c-45e5-8ed5-a8a29880b91d-groupManagement] INFO  server.RaftServerConfigKeys (ConfUtils.java:logGet(46)) - raft.server.rpc.sleep.time = 25ms (default)
2023-07-05 13:41:49,307 [5208b228-229c-45e5-8ed5-a8a29880b91d-groupManagement] INFO  server.RaftServerConfigKeys (ConfUtils.java:logGet(46)) - raft.server.rpc.slowness.timeout = 300s (custom)
2023-07-05 13:41:49,307 [5208b228-229c-45e5-8ed5-a8a29880b91d-groupManagement] INFO  server.RaftServerConfigKeys (ConfUtils.java:logGet(46)) - raft.server.leaderelection.leader.step-down.wait-time = 10s (default)
2023-07-05 13:41:49,307 [5208b228-229c-45e5-8ed5-a8a29880b91d-groupManagement] INFO  server.RaftServerConfigKeys (ConfUtils.java:logGet(46)) - raft.server.sleep.deviation.threshold = 300ms (default)
2023-07-05 13:41:49,308 [5208b228-229c-45e5-8ed5-a8a29880b91d-groupManagement] INFO  server.RaftServer$Division (ServerState.java:<init>(120)) - 5208b228-229c-45e5-8ed5-a8a29880b91d@group-BD6D76CC83E7: ConfigurationManager, init=-1: peers:[5208b228-229c-45e5-8ed5-a8a29880b91d|rpc:10.1.0.13:15041|admin:10.1.0.13:15040|client:10.1.0.13:15039|dataStream:10.1.0.13:15042|priority:1|startupRole:FOLLOWER]|listeners:[], old=null, confs=<EMPTY_MAP>
2023-07-05 13:41:49,308 [5208b228-229c-45e5-8ed5-a8a29880b91d-groupManagement] INFO  server.RaftServerConfigKeys (ConfUtils.java:logGet(46)) - raft.server.storage.dir = [/home/runner/work/ozone/ozone/hadoop-ozone/integration-test/target/test-dir/MiniOzoneClusterImpl-4f26d1f9-f73a-4647-bb3a-126a945bf307/datanode-3/data/ratis] (custom)
2023-07-05 13:41:49,308 [5208b228-229c-45e5-8ed5-a8a29880b91d-groupManagement] INFO  server.RaftServerConfigKeys (ConfUtils.java:logGet(46)) - raft.server.log.corruption.policy = EXCEPTION (default)
2023-07-05 13:41:49,308 [5208b228-229c-45e5-8ed5-a8a29880b91d-groupManagement] INFO  server.RaftServerConfigKeys (ConfUtils.java:logGet(46)) - raft.server.storage.free-space.min = 0MB (=0) (default)
2023-07-05 13:41:49,308 [5208b228-229c-45e5-8ed5-a8a29880b91d-groupManagement] INFO  server.RaftServerConfigKeys (ConfUtils.java:logGet(46)) - raft.server.notification.no-leader.timeout = 300s (custom)
2023-07-05 13:41:49,308 [5208b228-229c-45e5-8ed5-a8a29880b91d-groupManagement] INFO  server.RaftServerConfigKeys (ConfUtils.java:logGet(46)) - raft.server.read.timeout = 10s (default)
2023-07-05 13:41:49,308 [5208b228-229c-45e5-8ed5-a8a29880b91d-groupManagement] INFO  server.RaftServerConfigKeys (ConfUtils.java:logGet(46)) - raft.server.retrycache.expirytime = 600000ms (custom)
2023-07-05 13:41:49,308 [5208b228-229c-45e5-8ed5-a8a29880b91d-groupManagement] INFO  server.RaftServerConfigKeys (ConfUtils.java:logGet(46)) - raft.server.retrycache.statistics.expirytime = 100μs (default)
2023-07-05 13:41:49,308 [5208b228-229c-45e5-8ed5-a8a29880b91d-groupManagement] INFO  server.RaftServerConfigKeys (ConfUtils.java:logGet(46)) - raft.server.read.option = DEFAULT (default)
2023-07-05 13:41:49,315 [5208b228-229c-45e5-8ed5-a8a29880b91d-groupManagement] INFO  server.RaftServerConfigKeys (ConfUtils.java:logGet(46)) - raft.server.rpc.request.timeout = 60s (custom)
2023-07-05 13:41:49,315 [5208b228-229c-45e5-8ed5-a8a29880b91d-groupManagement] INFO  server.RaftServerConfigKeys (ConfUtils.java:logGet(46)) - raft.server.log.appender.install.snapshot.enabled = false (custom)
2023-07-05 13:41:49,315 [5208b228-229c-45e5-8ed5-a8a29880b91d-groupManagement] INFO  server.RaftServerConfigKeys (ConfUtils.java:logGet(46)) - raft.server.threadpool.server.cached = true (default)
2023-07-05 13:41:49,315 [5208b228-229c-45e5-8ed5-a8a29880b91d-groupManagement] INFO  server.RaftServerConfigKeys (ConfUtils.java:logGet(46)) - raft.server.threadpool.server.size = 0 (default)
2023-07-05 13:41:49,315 [5208b228-229c-45e5-8ed5-a8a29880b91d-groupManagement] INFO  server.RaftServerConfigKeys (ConfUtils.java:logGet(46)) - raft.server.threadpool.client.cached = true (default)
2023-07-05 13:41:49,315 [5208b228-229c-45e5-8ed5-a8a29880b91d-groupManagement] INFO  server.RaftServerConfigKeys (ConfUtils.java:logGet(46)) - raft.server.threadpool.client.size = 0 (default)
2023-07-05 13:41:49,316 [5208b228-229c-45e5-8ed5-a8a29880b91d-groupManagement] INFO  storage.RaftStorageDirectory (RaftStorageDirectoryImpl.java:analyzeStorage(137)) - The storage directory /home/runner/work/ozone/ozone/hadoop-ozone/integration-test/target/test-dir/MiniOzoneClusterImpl-4f26d1f9-f73a-4647-bb3a-126a945bf307/datanode-3/data/ratis/14bbc736-12a2-417e-9ae0-bd6d76cc83e7 does not exist. Creating ...
2023-07-05 13:41:49,326 [5208b228-229c-45e5-8ed5-a8a29880b91d-groupManagement] INFO  storage.RaftStorageDirectory (RaftStorageDirectoryImpl.java:tryLock(231)) - Lock on /home/runner/work/ozone/ozone/hadoop-ozone/integration-test/target/test-dir/MiniOzoneClusterImpl-4f26d1f9-f73a-4647-bb3a-126a945bf307/datanode-3/data/ratis/14bbc736-12a2-417e-9ae0-bd6d76cc83e7/in_use.lock acquired by nodename 25537@fv-az264-29
2023-07-05 13:41:49,334 [5208b228-229c-45e5-8ed5-a8a29880b91d-groupManagement] INFO  storage.RaftStorage (RaftStorageImpl.java:format(96)) - Storage directory /home/runner/work/ozone/ozone/hadoop-ozone/integration-test/target/test-dir/MiniOzoneClusterImpl-4f26d1f9-f73a-4647-bb3a-126a945bf307/datanode-3/data/ratis/14bbc736-12a2-417e-9ae0-bd6d76cc83e7 has been successfully formatted.
2023-07-05 13:41:49,350 [5208b228-229c-45e5-8ed5-a8a29880b91d-groupManagement] INFO  ratis.ContainerStateMachine (ContainerStateMachine.java:loadSnapshot(262)) - group-BD6D76CC83E7: The snapshot info is null. Setting the last applied indexto:(t:0, i:~)
2023-07-05 13:41:49,350 [5208b228-229c-45e5-8ed5-a8a29880b91d-groupManagement] INFO  server.RaftServerConfigKeys (ConfUtils.java:logGet(46)) - raft.server.log.use.memory = false (default)
2023-07-05 13:41:49,351 [5208b228-229c-45e5-8ed5-a8a29880b91d-groupManagement] INFO  server.RaftServerConfigKeys (ConfUtils.java:logGet(46)) - raft.server.log.purge.gap = 1000000 (custom)
2023-07-05 13:41:49,351 [5208b228-229c-45e5-8ed5-a8a29880b91d-groupManagement] INFO  server.RaftServerConfigKeys (ConfUtils.java:logGet(46)) - raft.server.log.appender.buffer.byte-limit = 33554432 (custom)
2023-07-05 13:41:49,351 [5208b228-229c-45e5-8ed5-a8a29880b91d-groupManagement] INFO  server.RaftServerConfigKeys (ConfUtils.java:logGet(46)) - raft.server.log.statemachine.data.read.timeout = 1000ms (default)
2023-07-05 13:41:49,352 [5208b228-229c-45e5-8ed5-a8a29880b91d-groupManagement] INFO  server.RaftServerConfigKeys (ConfUtils.java:logGet(46)) - raft.server.log.purge.preservation.log.num = 0 (default)
2023-07-05 13:41:49,352 [5208b228-229c-45e5-8ed5-a8a29880b91d-groupManagement] INFO  server.RaftServerConfigKeys (ConfUtils.java:logGet(46)) - raft.server.log.segment.size.max = 1048576 (custom)
2023-07-05 13:41:49,352 [5208b228-229c-45e5-8ed5-a8a29880b91d-groupManagement] INFO  server.RaftServerConfigKeys (ConfUtils.java:logGet(46)) - raft.server.log.segment.cache.num.max = 2 (custom)
2023-07-05 13:41:49,352 [5208b228-229c-45e5-8ed5-a8a29880b91d-groupManagement] INFO  server.RaftServerConfigKeys (ConfUtils.java:logGet(46)) - raft.server.log.segment.cache.size.max = 200MB (=209715200) (default)
2023-07-05 13:41:49,352 [5208b228-229c-45e5-8ed5-a8a29880b91d-groupManagement] INFO  server.RaftServerConfigKeys (ConfUtils.java:logGet(46)) - raft.server.log.appender.buffer.byte-limit = 33554432 (custom)
2023-07-05 13:41:49,352 [5208b228-229c-45e5-8ed5-a8a29880b91d-groupManagement] INFO  segmented.SegmentedRaftLogWorker (SegmentedRaftLogWorker.java:<init>(188)) - new 5208b228-229c-45e5-8ed5-a8a29880b91d@group-BD6D76CC83E7-SegmentedRaftLogWorker for RaftStorageImpl:Storage Directory /home/runner/work/ozone/ozone/hadoop-ozone/integration-test/target/test-dir/MiniOzoneClusterImpl-4f26d1f9-f73a-4647-bb3a-126a945bf307/datanode-3/data/ratis/14bbc736-12a2-417e-9ae0-bd6d76cc83e7
2023-07-05 13:41:49,352 [5208b228-229c-45e5-8ed5-a8a29880b91d-groupManagement] INFO  server.RaftServerConfigKeys (ConfUtils.java:logGet(46)) - raft.server.log.queue.byte-limit = 4294967296 (custom)
2023-07-05 13:41:49,352 [5208b228-229c-45e5-8ed5-a8a29880b91d-groupManagement] INFO  server.RaftServerConfigKeys (ConfUtils.java:logGet(46)) - raft.server.log.queue.element-limit = 1024 (custom)
2023-07-05 13:41:49,353 [5208b228-229c-45e5-8ed5-a8a29880b91d-groupManagement] INFO  server.RaftServerConfigKeys (ConfUtils.java:logGet(46)) - raft.server.log.segment.size.max = 1048576 (custom)
2023-07-05 13:41:49,353 [5208b228-229c-45e5-8ed5-a8a29880b91d-groupManagement] INFO  server.RaftServerConfigKeys (ConfUtils.java:logGet(46)) - raft.server.log.preallocated.size = 16384 (custom)
2023-07-05 13:41:49,353 [5208b228-229c-45e5-8ed5-a8a29880b91d-groupManagement] INFO  server.RaftServerConfigKeys (ConfUtils.java:logGet(46)) - raft.server.log.force.sync.num = 128 (default)
2023-07-05 13:41:49,353 [5208b228-229c-45e5-8ed5-a8a29880b91d-groupManagement] INFO  server.RaftServerConfigKeys (ConfUtils.java:logGet(46)) - raft.server.log.statemachine.data.sync = true (default)
2023-07-05 13:41:49,353 [5208b228-229c-45e5-8ed5-a8a29880b91d-groupManagement] INFO  server.RaftServerConfigKeys (ConfUtils.java:logGet(46)) - raft.server.log.statemachine.data.sync.timeout = 10s (default)
2023-07-05 13:41:49,353 [5208b228-229c-45e5-8ed5-a8a29880b91d-groupManagement] INFO  server.RaftServerConfigKeys (ConfUtils.java:logGet(46)) - raft.server.log.statemachine.data.sync.timeout.retry = -1 (default)
2023-07-05 13:41:49,354 [5208b228-229c-45e5-8ed5-a8a29880b91d-groupManagement] INFO  server.RaftServerConfigKeys (ConfUtils.java:logGet(46)) - raft.server.log.write.buffer.size = 1048576 (custom)
2023-07-05 13:41:49,354 [5208b228-229c-45e5-8ed5-a8a29880b91d-groupManagement] INFO  server.RaftServerConfigKeys (ConfUtils.java:logGet(46)) - raft.server.log.appender.buffer.byte-limit = 33554432 (custom)
2023-07-05 13:41:49,362 [5208b228-229c-45e5-8ed5-a8a29880b91d-groupManagement] INFO  server.RaftServerConfigKeys (ConfUtils.java:logGet(46)) - raft.server.log.unsafe-flush.enabled = false (default)
2023-07-05 13:41:49,362 [5208b228-229c-45e5-8ed5-a8a29880b91d-groupManagement] INFO  server.RaftServerConfigKeys (ConfUtils.java:logGet(46)) - raft.server.log.async-flush.enabled = false (default)
2023-07-05 13:41:49,362 [5208b228-229c-45e5-8ed5-a8a29880b91d-groupManagement] INFO  server.RaftServerConfigKeys (ConfUtils.java:logGet(46)) - raft.server.log.statemachine.data.caching.enabled = true (custom)
2023-07-05 13:41:49,362 [5208b228-229c-45e5-8ed5-a8a29880b91d-groupManagement] INFO  segmented.SegmentedRaftLogWorker (SegmentedRaftLogWorker.java:lambda$new$0(135)) - 5208b228-229c-45e5-8ed5-a8a29880b91d@group-BD6D76CC83E7-SegmentedRaftLogWorker: flushIndex: setUnconditionally 0 -> -1
2023-07-05 13:41:49,362 [5208b228-229c-45e5-8ed5-a8a29880b91d-groupManagement] INFO  segmented.SegmentedRaftLogWorker (SegmentedRaftLogWorker.java:lambda$new$0(135)) - 5208b228-229c-45e5-8ed5-a8a29880b91d@group-BD6D76CC83E7-SegmentedRaftLogWorker: safeCacheEvictIndex: setUnconditionally 0 -> -1
2023-07-05 13:41:49,367 [EventQueue-PipelineReportForPipelineReportHandler] INFO  pipeline.PipelineReportHandler (PipelineReportHandler.java:processPipelineReport(136)) - Opened pipeline PipelineID=14bbc736-12a2-417e-9ae0-bd6d76cc83e7
2023-07-05 13:41:49,367 [EventQueue-OpenPipelineForHealthyPipelineSafeModeRule] INFO  safemode.SCMSafeModeManager (HealthyPipelineSafeModeRule.java:process(137)) - SCM in safe mode. Healthy pipelines reported count is 0, required healthy pipeline reported count is 1
2023-07-05 13:41:49,378 [5208b228-229c-45e5-8ed5-a8a29880b91d-groupManagement] INFO  server.RaftServer$Division (RaftServerImpl.java:start(342)) - 5208b228-229c-45e5-8ed5-a8a29880b91d@group-BD6D76CC83E7: start as a follower, conf=-1: peers:[5208b228-229c-45e5-8ed5-a8a29880b91d|rpc:10.1.0.13:15041|admin:10.1.0.13:15040|client:10.1.0.13:15039|dataStream:10.1.0.13:15042|priority:1|startupRole:FOLLOWER]|listeners:[], old=null
2023-07-05 13:41:49,378 [5208b228-229c-45e5-8ed5-a8a29880b91d-groupManagement] INFO  server.RaftServer$Division (RaftServerImpl.java:setRole(329)) - 5208b228-229c-45e5-8ed5-a8a29880b91d@group-BD6D76CC83E7: changes role from      null to FOLLOWER at term 0 for startAsFollower
2023-07-05 13:41:49,378 [5208b228-229c-45e5-8ed5-a8a29880b91d-groupManagement] INFO  impl.RoleInfo (RoleInfo.java:updateAndGet(139)) - 5208b228-229c-45e5-8ed5-a8a29880b91d: start 5208b228-229c-45e5-8ed5-a8a29880b91d@group-BD6D76CC83E7-FollowerState
2023-07-05 13:41:49,379 [5208b228-229c-45e5-8ed5-a8a29880b91d-groupManagement] INFO  util.JmxRegister (JmxRegister.java:tryRegister(44)) - Successfully registered JMX Bean with object name Ratis:service=RaftServer,group=group-BD6D76CC83E7,id=5208b228-229c-45e5-8ed5-a8a29880b91d
2023-07-05 13:41:49,379 [5208b228-229c-45e5-8ed5-a8a29880b91d-groupManagement] INFO  server.RaftServerConfigKeys (ConfUtils.java:logGet(46)) - raft.server.snapshot.auto.trigger.enabled = true (custom)
2023-07-05 13:41:49,379 [5208b228-229c-45e5-8ed5-a8a29880b91d-groupManagement] INFO  server.RaftServerConfigKeys (ConfUtils.java:logGet(46)) - raft.server.snapshot.auto.trigger.threshold = 10000 (custom)
2023-07-05 13:41:49,379 [5208b228-229c-45e5-8ed5-a8a29880b91d-groupManagement] INFO  server.RaftServerConfigKeys (ConfUtils.java:logGet(46)) - raft.server.snapshot.retention.file.num = 5 (custom)
2023-07-05 13:41:49,379 [5208b228-229c-45e5-8ed5-a8a29880b91d-groupManagement] INFO  server.RaftServerConfigKeys (ConfUtils.java:logGet(46)) - raft.server.log.purge.upto.snapshot.index = false (default)
2023-07-05 13:41:49,380 [5208b228-229c-45e5-8ed5-a8a29880b91d@group-BD6D76CC83E7-FollowerState] INFO  server.RaftServerConfigKeys (ConfUtils.java:logFallback(53)) - raft.server.rpc.first-election.timeout.min = 5s (fallback to raft.server.rpc.timeout.min)
2023-07-05 13:41:49,380 [5208b228-229c-45e5-8ed5-a8a29880b91d@group-BD6D76CC83E7-FollowerState] INFO  server.RaftServerConfigKeys (ConfUtils.java:logFallback(53)) - raft.server.rpc.first-election.timeout.max = 5200ms (fallback to raft.server.rpc.timeout.max)
2023-07-05 13:41:49,383 [PipelineCommandHandlerThread-0] INFO  ratis.XceiverServerRatis (XceiverServerRatis.java:addGroup(804)) - Created group PipelineID=14bbc736-12a2-417e-9ae0-bd6d76cc83e7
2023-07-05 13:41:49,383 [PipelineCommandHandlerThread-0] INFO  commandhandler.CreatePipelineCommandHandler (CreatePipelineCommandHandler.java:lambda$handle$2(124)) - Created Pipeline RATIS ONE PipelineID=14bbc736-12a2-417e-9ae0-bd6d76cc83e7.
2023-07-05 13:41:49,388 [PipelineCommandHandlerThread-0] INFO  commandhandler.CreatePipelineCommandHandler (CreatePipelineCommandHandler.java:lambda$handle$2(124)) - Created Pipeline RATIS THREE PipelineID=a1218f4d-7864-40ba-98d2-0f65b45798a5.
2023-07-05 13:41:49,399 [PipelineCommandHandlerThread-0] INFO  commandhandler.CreatePipelineCommandHandler (CreatePipelineCommandHandler.java:lambda$handle$2(124)) - Created Pipeline RATIS THREE PipelineID=a1218f4d-7864-40ba-98d2-0f65b45798a5.
2023-07-05 13:41:49,643 [PipelineCommandHandlerThread-0] INFO  server.RaftServer (RaftServerProxy.java:addNew(98)) - 7fafb357-0952-493d-8025-8d38636482be: addNew group-EE8DCD07414E:[7fafb357-0952-493d-8025-8d38636482be|rpc:10.1.0.13:15050|admin:10.1.0.13:15049|client:10.1.0.13:15048|dataStream:10.1.0.13:15051|priority:1|startupRole:FOLLOWER] returns group-EE8DCD07414E:java.util.concurrent.CompletableFuture@5a20a167[Not completed]
2023-07-05 13:41:49,648 [7fafb357-0952-493d-8025-8d38636482be-groupManagement] INFO  server.RaftServer$Division (RaftServerImpl.java:<init>(198)) - 7fafb357-0952-493d-8025-8d38636482be: new RaftServerImpl for group-EE8DCD07414E:[7fafb357-0952-493d-8025-8d38636482be|rpc:10.1.0.13:15050|admin:10.1.0.13:15049|client:10.1.0.13:15048|dataStream:10.1.0.13:15051|priority:1|startupRole:FOLLOWER] with ContainerStateMachine:uninitialized
2023-07-05 13:41:49,648 [7fafb357-0952-493d-8025-8d38636482be-groupManagement] INFO  server.RaftServerConfigKeys (ConfUtils.java:logGet(46)) - raft.server.rpc.timeout.min = 5s (custom)
2023-07-05 13:41:49,648 [7fafb357-0952-493d-8025-8d38636482be-groupManagement] INFO  server.RaftServerConfigKeys (ConfUtils.java:logGet(46)) - raft.server.rpc.timeout.max = 5200ms (custom)
2023-07-05 13:41:49,648 [7fafb357-0952-493d-8025-8d38636482be-groupManagement] INFO  server.RaftServerConfigKeys (ConfUtils.java:logGet(46)) - raft.server.rpc.sleep.time = 25ms (default)
2023-07-05 13:41:49,648 [7fafb357-0952-493d-8025-8d38636482be-groupManagement] INFO  server.RaftServerConfigKeys (ConfUtils.java:logGet(46)) - raft.server.rpc.slowness.timeout = 300s (custom)
2023-07-05 13:41:49,648 [7fafb357-0952-493d-8025-8d38636482be-groupManagement] INFO  server.RaftServerConfigKeys (ConfUtils.java:logGet(46)) - raft.server.leaderelection.leader.step-down.wait-time = 10s (default)
2023-07-05 13:41:49,648 [7fafb357-0952-493d-8025-8d38636482be-groupManagement] INFO  server.RaftServerConfigKeys (ConfUtils.java:logGet(46)) - raft.server.sleep.deviation.threshold = 300ms (default)
2023-07-05 13:41:49,648 [Time-limited test] INFO  ozone.MiniOzoneClusterImpl (MiniOzoneClusterImpl.java:lambda$waitForClusterToBeReady$0(224)) - Nodes are ready. Got 5 of 5 DN Heartbeats.
2023-07-05 13:41:49,649 [Time-limited test] INFO  ozone.MiniOzoneClusterImpl (MiniOzoneClusterImpl.java:lambda$waitForClusterToBeReady$0(227)) - Waiting for cluster to exit safe mode
2023-07-05 13:41:49,649 [Time-limited test] INFO  ozone.MiniOzoneClusterImpl (MiniOzoneClusterImpl.java:lambda$waitForClusterToBeReady$0(229)) - SCM became leader
2023-07-05 13:41:49,649 [7fafb357-0952-493d-8025-8d38636482be-groupManagement] INFO  server.RaftServer$Division (ServerState.java:<init>(120)) - 7fafb357-0952-493d-8025-8d38636482be@group-EE8DCD07414E: ConfigurationManager, init=-1: peers:[7fafb357-0952-493d-8025-8d38636482be|rpc:10.1.0.13:15050|admin:10.1.0.13:15049|client:10.1.0.13:15048|dataStream:10.1.0.13:15051|priority:1|startupRole:FOLLOWER]|listeners:[], old=null, confs=<EMPTY_MAP>
2023-07-05 13:41:49,649 [7fafb357-0952-493d-8025-8d38636482be-groupManagement] INFO  server.RaftServerConfigKeys (ConfUtils.java:logGet(46)) - raft.server.storage.dir = [/home/runner/work/ozone/ozone/hadoop-ozone/integration-test/target/test-dir/MiniOzoneClusterImpl-4f26d1f9-f73a-4647-bb3a-126a945bf307/datanode-4/data/ratis] (custom)
2023-07-05 13:41:49,649 [7fafb357-0952-493d-8025-8d38636482be-groupManagement] INFO  server.RaftServerConfigKeys (ConfUtils.java:logGet(46)) - raft.server.log.corruption.policy = EXCEPTION (default)
2023-07-05 13:41:49,649 [7fafb357-0952-493d-8025-8d38636482be-groupManagement] INFO  server.RaftServerConfigKeys (ConfUtils.java:logGet(46)) - raft.server.storage.free-space.min = 0MB (=0) (default)
2023-07-05 13:41:49,649 [7fafb357-0952-493d-8025-8d38636482be-groupManagement] INFO  server.RaftServerConfigKeys (ConfUtils.java:logGet(46)) - raft.server.notification.no-leader.timeout = 300s (custom)
2023-07-05 13:41:49,649 [7fafb357-0952-493d-8025-8d38636482be-groupManagement] INFO  server.RaftServerConfigKeys (ConfUtils.java:logGet(46)) - raft.server.read.timeout = 10s (default)
2023-07-05 13:41:49,650 [7fafb357-0952-493d-8025-8d38636482be-groupManagement] INFO  server.RaftServerConfigKeys (ConfUtils.java:logGet(46)) - raft.server.retrycache.expirytime = 600000ms (custom)
2023-07-05 13:41:49,650 [7fafb357-0952-493d-8025-8d38636482be-groupManagement] INFO  server.RaftServerConfigKeys (ConfUtils.java:logGet(46)) - raft.server.retrycache.statistics.expirytime = 100μs (default)
2023-07-05 13:41:49,650 [7fafb357-0952-493d-8025-8d38636482be-groupManagement] INFO  server.RaftServerConfigKeys (ConfUtils.java:logGet(46)) - raft.server.read.option = DEFAULT (default)
2023-07-05 13:41:49,656 [7fafb357-0952-493d-8025-8d38636482be-groupManagement] INFO  server.RaftServerConfigKeys (ConfUtils.java:logGet(46)) - raft.server.rpc.request.timeout = 60s (custom)
2023-07-05 13:41:49,656 [7fafb357-0952-493d-8025-8d38636482be-groupManagement] INFO  server.RaftServerConfigKeys (ConfUtils.java:logGet(46)) - raft.server.log.appender.install.snapshot.enabled = false (custom)
2023-07-05 13:41:49,656 [7fafb357-0952-493d-8025-8d38636482be-groupManagement] INFO  server.RaftServerConfigKeys (ConfUtils.java:logGet(46)) - raft.server.threadpool.server.cached = true (default)
2023-07-05 13:41:49,656 [7fafb357-0952-493d-8025-8d38636482be-groupManagement] INFO  server.RaftServerConfigKeys (ConfUtils.java:logGet(46)) - raft.server.threadpool.server.size = 0 (default)
2023-07-05 13:41:49,656 [7fafb357-0952-493d-8025-8d38636482be-groupManagement] INFO  server.RaftServerConfigKeys (ConfUtils.java:logGet(46)) - raft.server.threadpool.client.cached = true (default)
2023-07-05 13:41:49,656 [7fafb357-0952-493d-8025-8d38636482be-groupManagement] INFO  server.RaftServerConfigKeys (ConfUtils.java:logGet(46)) - raft.server.threadpool.client.size = 0 (default)
2023-07-05 13:41:49,657 [7fafb357-0952-493d-8025-8d38636482be-groupManagement] INFO  storage.RaftStorageDirectory (RaftStorageDirectoryImpl.java:analyzeStorage(137)) - The storage directory /home/runner/work/ozone/ozone/hadoop-ozone/integration-test/target/test-dir/MiniOzoneClusterImpl-4f26d1f9-f73a-4647-bb3a-126a945bf307/datanode-4/data/ratis/baa2e33c-67d5-4f70-af06-ee8dcd07414e does not exist. Creating ...
2023-07-05 13:41:49,658 [7fafb357-0952-493d-8025-8d38636482be-groupManagement] INFO  storage.RaftStorageDirectory (RaftStorageDirectoryImpl.java:tryLock(231)) - Lock on /home/runner/work/ozone/ozone/hadoop-ozone/integration-test/target/test-dir/MiniOzoneClusterImpl-4f26d1f9-f73a-4647-bb3a-126a945bf307/datanode-4/data/ratis/baa2e33c-67d5-4f70-af06-ee8dcd07414e/in_use.lock acquired by nodename 25537@fv-az264-29
2023-07-05 13:41:49,660 [7fafb357-0952-493d-8025-8d38636482be-groupManagement] INFO  storage.RaftStorage (RaftStorageImpl.java:format(96)) - Storage directory /home/runner/work/ozone/ozone/hadoop-ozone/integration-test/target/test-dir/MiniOzoneClusterImpl-4f26d1f9-f73a-4647-bb3a-126a945bf307/datanode-4/data/ratis/baa2e33c-67d5-4f70-af06-ee8dcd07414e has been successfully formatted.
2023-07-05 13:41:49,661 [7fafb357-0952-493d-8025-8d38636482be-groupManagement] INFO  ratis.ContainerStateMachine (ContainerStateMachine.java:loadSnapshot(262)) - group-EE8DCD07414E: The snapshot info is null. Setting the last applied indexto:(t:0, i:~)
2023-07-05 13:41:49,661 [7fafb357-0952-493d-8025-8d38636482be-groupManagement] INFO  server.RaftServerConfigKeys (ConfUtils.java:logGet(46)) - raft.server.log.use.memory = false (default)
2023-07-05 13:41:49,661 [7fafb357-0952-493d-8025-8d38636482be-groupManagement] INFO  server.RaftServerConfigKeys (ConfUtils.java:logGet(46)) - raft.server.log.purge.gap = 1000000 (custom)
2023-07-05 13:41:49,661 [7fafb357-0952-493d-8025-8d38636482be-groupManagement] INFO  server.RaftServerConfigKeys (ConfUtils.java:logGet(46)) - raft.server.log.appender.buffer.byte-limit = 33554432 (custom)
2023-07-05 13:41:49,661 [7fafb357-0952-493d-8025-8d38636482be-groupManagement] INFO  server.RaftServerConfigKeys (ConfUtils.java:logGet(46)) - raft.server.log.statemachine.data.read.timeout = 1000ms (default)
2023-07-05 13:41:49,665 [ReplicationMonitor] INFO  replication.ReplicationManager (ReplicationManager.java:processAll(361)) - Replication Manager is not ready to run until 3000ms after safemode exit
2023-07-05 13:41:49,664 [EventQueue-PipelineReportForPipelineReportHandler] INFO  pipeline.PipelineReportHandler (PipelineReportHandler.java:processPipelineReport(136)) - Opened pipeline PipelineID=baa2e33c-67d5-4f70-af06-ee8dcd07414e
2023-07-05 13:41:49,666 [EventQueue-OpenPipelineForHealthyPipelineSafeModeRule] INFO  safemode.SCMSafeModeManager (HealthyPipelineSafeModeRule.java:process(137)) - SCM in safe mode. Healthy pipelines reported count is 0, required healthy pipeline reported count is 1
2023-07-05 13:41:49,666 [7fafb357-0952-493d-8025-8d38636482be-groupManagement] INFO  server.RaftServerConfigKeys (ConfUtils.java:logGet(46)) - raft.server.log.purge.preservation.log.num = 0 (default)
2023-07-05 13:41:49,667 [7fafb357-0952-493d-8025-8d38636482be-groupManagement] INFO  server.RaftServerConfigKeys (ConfUtils.java:logGet(46)) - raft.server.log.segment.size.max = 1048576 (custom)
2023-07-05 13:41:49,667 [7fafb357-0952-493d-8025-8d38636482be-groupManagement] INFO  server.RaftServerConfigKeys (ConfUtils.java:logGet(46)) - raft.server.log.segment.cache.num.max = 2 (custom)
2023-07-05 13:41:49,667 [7fafb357-0952-493d-8025-8d38636482be-groupManagement] INFO  server.RaftServerConfigKeys (ConfUtils.java:logGet(46)) - raft.server.log.segment.cache.size.max = 200MB (=209715200) (default)
2023-07-05 13:41:49,667 [7fafb357-0952-493d-8025-8d38636482be-groupManagement] INFO  server.RaftServerConfigKeys (ConfUtils.java:logGet(46)) - raft.server.log.appender.buffer.byte-limit = 33554432 (custom)
2023-07-05 13:41:49,667 [7fafb357-0952-493d-8025-8d38636482be-groupManagement] INFO  segmented.SegmentedRaftLogWorker (SegmentedRaftLogWorker.java:<init>(188)) - new 7fafb357-0952-493d-8025-8d38636482be@group-EE8DCD07414E-SegmentedRaftLogWorker for RaftStorageImpl:Storage Directory /home/runner/work/ozone/ozone/hadoop-ozone/integration-test/target/test-dir/MiniOzoneClusterImpl-4f26d1f9-f73a-4647-bb3a-126a945bf307/datanode-4/data/ratis/baa2e33c-67d5-4f70-af06-ee8dcd07414e
2023-07-05 13:41:49,670 [7fafb357-0952-493d-8025-8d38636482be-groupManagement] INFO  server.RaftServerConfigKeys (ConfUtils.java:logGet(46)) - raft.server.log.queue.byte-limit = 4294967296 (custom)
2023-07-05 13:41:49,670 [7fafb357-0952-493d-8025-8d38636482be-groupManagement] INFO  server.RaftServerConfigKeys (ConfUtils.java:logGet(46)) - raft.server.log.queue.element-limit = 1024 (custom)
2023-07-05 13:41:49,670 [7fafb357-0952-493d-8025-8d38636482be-groupManagement] INFO  server.RaftServerConfigKeys (ConfUtils.java:logGet(46)) - raft.server.log.segment.size.max = 1048576 (custom)
2023-07-05 13:41:49,670 [7fafb357-0952-493d-8025-8d38636482be-groupManagement] INFO  server.RaftServerConfigKeys (ConfUtils.java:logGet(46)) - raft.server.log.preallocated.size = 16384 (custom)
2023-07-05 13:41:49,670 [7fafb357-0952-493d-8025-8d38636482be-groupManagement] INFO  server.RaftServerConfigKeys (ConfUtils.java:logGet(46)) - raft.server.log.force.sync.num = 128 (default)
2023-07-05 13:41:49,670 [7fafb357-0952-493d-8025-8d38636482be-groupManagement] INFO  server.RaftServerConfigKeys (ConfUtils.java:logGet(46)) - raft.server.log.statemachine.data.sync = true (default)
2023-07-05 13:41:49,670 [7fafb357-0952-493d-8025-8d38636482be-groupManagement] INFO  server.RaftServerConfigKeys (ConfUtils.java:logGet(46)) - raft.server.log.statemachine.data.sync.timeout = 10s (default)
2023-07-05 13:41:49,670 [7fafb357-0952-493d-8025-8d38636482be-groupManagement] INFO  server.RaftServerConfigKeys (ConfUtils.java:logGet(46)) - raft.server.log.statemachine.data.sync.timeout.retry = -1 (default)
2023-07-05 13:41:49,671 [7fafb357-0952-493d-8025-8d38636482be-groupManagement] INFO  server.RaftServerConfigKeys (ConfUtils.java:logGet(46)) - raft.server.log.write.buffer.size = 1048576 (custom)
2023-07-05 13:41:49,672 [7fafb357-0952-493d-8025-8d38636482be-groupManagement] INFO  server.RaftServerConfigKeys (ConfUtils.java:logGet(46)) - raft.server.log.appender.buffer.byte-limit = 33554432 (custom)
2023-07-05 13:41:49,678 [7fafb357-0952-493d-8025-8d38636482be-groupManagement] INFO  server.RaftServerConfigKeys (ConfUtils.java:logGet(46)) - raft.server.log.unsafe-flush.enabled = false (default)
2023-07-05 13:41:49,678 [7fafb357-0952-493d-8025-8d38636482be-groupManagement] INFO  server.RaftServerConfigKeys (ConfUtils.java:logGet(46)) - raft.server.log.async-flush.enabled = false (default)
2023-07-05 13:41:49,678 [7fafb357-0952-493d-8025-8d38636482be-groupManagement] INFO  server.RaftServerConfigKeys (ConfUtils.java:logGet(46)) - raft.server.log.statemachine.data.caching.enabled = true (custom)
2023-07-05 13:41:49,678 [7fafb357-0952-493d-8025-8d38636482be-groupManagement] INFO  segmented.SegmentedRaftLogWorker (SegmentedRaftLogWorker.java:lambda$new$0(135)) - 7fafb357-0952-493d-8025-8d38636482be@group-EE8DCD07414E-SegmentedRaftLogWorker: flushIndex: setUnconditionally 0 -> -1
2023-07-05 13:41:49,678 [7fafb357-0952-493d-8025-8d38636482be-groupManagement] INFO  segmented.SegmentedRaftLogWorker (SegmentedRaftLogWorker.java:lambda$new$0(135)) - 7fafb357-0952-493d-8025-8d38636482be@group-EE8DCD07414E-SegmentedRaftLogWorker: safeCacheEvictIndex: setUnconditionally 0 -> -1
2023-07-05 13:41:49,679 [7fafb357-0952-493d-8025-8d38636482be-groupManagement] INFO  server.RaftServer$Division (RaftServerImpl.java:start(342)) - 7fafb357-0952-493d-8025-8d38636482be@group-EE8DCD07414E: start as a follower, conf=-1: peers:[7fafb357-0952-493d-8025-8d38636482be|rpc:10.1.0.13:15050|admin:10.1.0.13:15049|client:10.1.0.13:15048|dataStream:10.1.0.13:15051|priority:1|startupRole:FOLLOWER]|listeners:[], old=null
2023-07-05 13:41:49,679 [7fafb357-0952-493d-8025-8d38636482be-groupManagement] INFO  server.RaftServer$Division (RaftServerImpl.java:setRole(329)) - 7fafb357-0952-493d-8025-8d38636482be@group-EE8DCD07414E: changes role from      null to FOLLOWER at term 0 for startAsFollower
2023-07-05 13:41:49,679 [7fafb357-0952-493d-8025-8d38636482be-groupManagement] INFO  impl.RoleInfo (RoleInfo.java:updateAndGet(139)) - 7fafb357-0952-493d-8025-8d38636482be: start 7fafb357-0952-493d-8025-8d38636482be@group-EE8DCD07414E-FollowerState
2023-07-05 13:41:49,679 [7fafb357-0952-493d-8025-8d38636482be-groupManagement] INFO  util.JmxRegister (JmxRegister.java:tryRegister(44)) - Successfully registered JMX Bean with object name Ratis:service=RaftServer,group=group-EE8DCD07414E,id=7fafb357-0952-493d-8025-8d38636482be
2023-07-05 13:41:49,680 [7fafb357-0952-493d-8025-8d38636482be-groupManagement] INFO  server.RaftServerConfigKeys (ConfUtils.java:logGet(46)) - raft.server.snapshot.auto.trigger.enabled = true (custom)
2023-07-05 13:41:49,680 [7fafb357-0952-493d-8025-8d38636482be-groupManagement] INFO  server.RaftServerConfigKeys (ConfUtils.java:logGet(46)) - raft.server.snapshot.auto.trigger.threshold = 10000 (custom)
2023-07-05 13:41:49,680 [7fafb357-0952-493d-8025-8d38636482be-groupManagement] INFO  server.RaftServerConfigKeys (ConfUtils.java:logGet(46)) - raft.server.snapshot.retention.file.num = 5 (custom)
2023-07-05 13:41:49,680 [7fafb357-0952-493d-8025-8d38636482be-groupManagement] INFO  server.RaftServerConfigKeys (ConfUtils.java:logGet(46)) - raft.server.log.purge.upto.snapshot.index = false (default)
2023-07-05 13:41:49,681 [7fafb357-0952-493d-8025-8d38636482be@group-EE8DCD07414E-FollowerState] INFO  server.RaftServerConfigKeys (ConfUtils.java:logFallback(53)) - raft.server.rpc.first-election.timeout.min = 5s (fallback to raft.server.rpc.timeout.min)
2023-07-05 13:41:49,682 [7fafb357-0952-493d-8025-8d38636482be@group-EE8DCD07414E-FollowerState] INFO  server.RaftServerConfigKeys (ConfUtils.java:logFallback(53)) - raft.server.rpc.first-election.timeout.max = 5200ms (fallback to raft.server.rpc.timeout.max)
2023-07-05 13:41:49,682 [PipelineCommandHandlerThread-0] INFO  ratis.XceiverServerRatis (XceiverServerRatis.java:addGroup(804)) - Created group PipelineID=baa2e33c-67d5-4f70-af06-ee8dcd07414e
2023-07-05 13:41:49,682 [PipelineCommandHandlerThread-0] INFO  commandhandler.CreatePipelineCommandHandler (CreatePipelineCommandHandler.java:lambda$handle$2(124)) - Created Pipeline RATIS ONE PipelineID=baa2e33c-67d5-4f70-af06-ee8dcd07414e.
2023-07-05 13:41:50,649 [Time-limited test] INFO  ozone.MiniOzoneClusterImpl (MiniOzoneClusterImpl.java:lambda$waitForClusterToBeReady$0(224)) - Nodes are ready. Got 5 of 5 DN Heartbeats.
2023-07-05 13:41:50,649 [Time-limited test] INFO  ozone.MiniOzoneClusterImpl (MiniOzoneClusterImpl.java:lambda$waitForClusterToBeReady$0(227)) - Waiting for cluster to exit safe mode
2023-07-05 13:41:50,649 [Time-limited test] INFO  ozone.MiniOzoneClusterImpl (MiniOzoneClusterImpl.java:lambda$waitForClusterToBeReady$0(229)) - SCM became leader
2023-07-05 13:41:50,666 [ReplicationMonitor] INFO  replication.ReplicationManager (ReplicationManager.java:processAll(361)) - Replication Manager is not ready to run until 3000ms after safemode exit
2023-07-05 13:41:51,649 [Time-limited test] INFO  ozone.MiniOzoneClusterImpl (MiniOzoneClusterImpl.java:lambda$waitForClusterToBeReady$0(224)) - Nodes are ready. Got 5 of 5 DN Heartbeats.
2023-07-05 13:41:51,650 [Time-limited test] INFO  ozone.MiniOzoneClusterImpl (MiniOzoneClusterImpl.java:lambda$waitForClusterToBeReady$0(227)) - Waiting for cluster to exit safe mode
2023-07-05 13:41:51,650 [Time-limited test] INFO  ozone.MiniOzoneClusterImpl (MiniOzoneClusterImpl.java:lambda$waitForClusterToBeReady$0(229)) - SCM became leader
2023-07-05 13:41:51,667 [ReplicationMonitor] INFO  replication.ReplicationManager (ReplicationManager.java:processAll(361)) - Replication Manager is not ready to run until 3000ms after safemode exit
2023-07-05 13:41:52,650 [Time-limited test] INFO  ozone.MiniOzoneClusterImpl (MiniOzoneClusterImpl.java:lambda$waitForClusterToBeReady$0(224)) - Nodes are ready. Got 5 of 5 DN Heartbeats.
2023-07-05 13:41:52,650 [Time-limited test] INFO  ozone.MiniOzoneClusterImpl (MiniOzoneClusterImpl.java:lambda$waitForClusterToBeReady$0(227)) - Waiting for cluster to exit safe mode
2023-07-05 13:41:52,650 [Time-limited test] INFO  ozone.MiniOzoneClusterImpl (MiniOzoneClusterImpl.java:lambda$waitForClusterToBeReady$0(229)) - SCM became leader
2023-07-05 13:41:52,667 [ReplicationMonitor] INFO  replication.ReplicationManager (ReplicationManager.java:processAll(361)) - Replication Manager is not ready to run until 3000ms after safemode exit
2023-07-05 13:41:53,229 [2fb81e1d-6d09-4813-9c49-550bf392ffad@group-9644117CACC1-FollowerState] INFO  impl.FollowerState (FollowerState.java:run(143)) - 2fb81e1d-6d09-4813-9c49-550bf392ffad@group-9644117CACC1-FollowerState: change to CANDIDATE, lastRpcElapsedTime:5160629793ns, electionTimeout:5159ms
2023-07-05 13:41:53,229 [2fb81e1d-6d09-4813-9c49-550bf392ffad@group-9644117CACC1-FollowerState] INFO  impl.RoleInfo (RoleInfo.java:shutdownFollowerState(110)) - 2fb81e1d-6d09-4813-9c49-550bf392ffad: shutdown 2fb81e1d-6d09-4813-9c49-550bf392ffad@group-9644117CACC1-FollowerState
2023-07-05 13:41:53,229 [2fb81e1d-6d09-4813-9c49-550bf392ffad@group-9644117CACC1-FollowerState] INFO  server.RaftServer$Division (RaftServerImpl.java:setRole(329)) - 2fb81e1d-6d09-4813-9c49-550bf392ffad@group-9644117CACC1: changes role from  FOLLOWER to CANDIDATE at term 0 for changeToCandidate
2023-07-05 13:41:53,230 [2fb81e1d-6d09-4813-9c49-550bf392ffad@group-9644117CACC1-FollowerState] INFO  server.RaftServerConfigKeys (ConfUtils.java:logGet(46)) - raft.server.leaderelection.pre-vote = true (default)
2023-07-05 13:41:53,230 [2fb81e1d-6d09-4813-9c49-550bf392ffad@group-9644117CACC1-FollowerState] INFO  impl.RoleInfo (RoleInfo.java:updateAndGet(139)) - 2fb81e1d-6d09-4813-9c49-550bf392ffad: start 2fb81e1d-6d09-4813-9c49-550bf392ffad@group-9644117CACC1-LeaderElection2
2023-07-05 13:41:53,236 [2fb81e1d-6d09-4813-9c49-550bf392ffad@group-9644117CACC1-LeaderElection2] INFO  impl.LeaderElection (LeaderElection.java:askForVotes(321)) - 2fb81e1d-6d09-4813-9c49-550bf392ffad@group-9644117CACC1-LeaderElection2 PRE_VOTE round 0: submit vote requests at term 0 for -1: peers:[2fb81e1d-6d09-4813-9c49-550bf392ffad|rpc:10.1.0.13:15014|admin:10.1.0.13:15013|client:10.1.0.13:15012|dataStream:10.1.0.13:15015|priority:1|startupRole:FOLLOWER]|listeners:[], old=null
2023-07-05 13:41:53,236 [2fb81e1d-6d09-4813-9c49-550bf392ffad@group-9644117CACC1-LeaderElection2] INFO  impl.LeaderElection (LeaderElection.java:askForVotes(323)) - 2fb81e1d-6d09-4813-9c49-550bf392ffad@group-9644117CACC1-LeaderElection2 PRE_VOTE round 0: result PASSED (term=0)
2023-07-05 13:41:53,238 [2fb81e1d-6d09-4813-9c49-550bf392ffad@group-9644117CACC1-LeaderElection2] INFO  impl.LeaderElection (LeaderElection.java:askForVotes(321)) - 2fb81e1d-6d09-4813-9c49-550bf392ffad@group-9644117CACC1-LeaderElection2 ELECTION round 0: submit vote requests at term 1 for -1: peers:[2fb81e1d-6d09-4813-9c49-550bf392ffad|rpc:10.1.0.13:15014|admin:10.1.0.13:15013|client:10.1.0.13:15012|dataStream:10.1.0.13:15015|priority:1|startupRole:FOLLOWER]|listeners:[], old=null
2023-07-05 13:41:53,238 [2fb81e1d-6d09-4813-9c49-550bf392ffad@group-9644117CACC1-LeaderElection2] INFO  impl.LeaderElection (LeaderElection.java:askForVotes(323)) - 2fb81e1d-6d09-4813-9c49-550bf392ffad@group-9644117CACC1-LeaderElection2 ELECTION round 0: result PASSED (term=1)
2023-07-05 13:41:53,238 [2fb81e1d-6d09-4813-9c49-550bf392ffad@group-9644117CACC1-LeaderElection2] INFO  impl.RoleInfo (RoleInfo.java:shutdownLeaderElection(130)) - 2fb81e1d-6d09-4813-9c49-550bf392ffad: shutdown 2fb81e1d-6d09-4813-9c49-550bf392ffad@group-9644117CACC1-LeaderElection2
2023-07-05 13:41:53,238 [2fb81e1d-6d09-4813-9c49-550bf392ffad@group-9644117CACC1-LeaderElection2] INFO  server.RaftServer$Division (RaftServerImpl.java:setRole(329)) - 2fb81e1d-6d09-4813-9c49-550bf392ffad@group-9644117CACC1: changes role from CANDIDATE to LEADER at term 1 for changeToLeader
2023-07-05 13:41:53,238 [2fb81e1d-6d09-4813-9c49-550bf392ffad@group-9644117CACC1-LeaderElection2] INFO  ratis.XceiverServerRatis (XceiverServerRatis.java:handleLeaderChangedNotification(902)) - Leader change notification received for group: group-9644117CACC1 with new leaderId: 2fb81e1d-6d09-4813-9c49-550bf392ffad
2023-07-05 13:41:53,238 [2fb81e1d-6d09-4813-9c49-550bf392ffad@group-9644117CACC1-LeaderElection2] INFO  server.RaftServer$Division (ServerState.java:setLeader(317)) - 2fb81e1d-6d09-4813-9c49-550bf392ffad@group-9644117CACC1: change Leader from null to 2fb81e1d-6d09-4813-9c49-550bf392ffad at term 1 for becomeLeader, leader elected after 5233ms
2023-07-05 13:41:53,238 [2fb81e1d-6d09-4813-9c49-550bf392ffad@group-9644117CACC1-LeaderElection2] INFO  server.RaftServerConfigKeys (ConfUtils.java:logGet(46)) - raft.server.staging.catchup.gap = 1000 (default)
2023-07-05 13:41:53,239 [2fb81e1d-6d09-4813-9c49-550bf392ffad@group-9644117CACC1-LeaderElection2] INFO  server.RaftServerConfigKeys (ConfUtils.java:logGet(46)) - raft.server.write.element-limit = 1024 (custom)
2023-07-05 13:41:53,239 [2fb81e1d-6d09-4813-9c49-550bf392ffad@group-9644117CACC1-LeaderElection2] INFO  server.RaftServerConfigKeys (ConfUtils.java:logGet(46)) - raft.server.write.byte-limit = 1024 M (=1073741824) (custom)
2023-07-05 13:41:53,239 [2fb81e1d-6d09-4813-9c49-550bf392ffad@group-9644117CACC1-LeaderElection2] INFO  server.RaftServerConfigKeys (ConfUtils.java:logGet(46)) - raft.server.watch.timeout = 180s (custom)
2023-07-05 13:41:53,239 [2fb81e1d-6d09-4813-9c49-550bf392ffad@group-9644117CACC1-LeaderElection2] INFO  server.RaftServerConfigKeys (ConfUtils.java:logGet(46)) - raft.server.watch.timeout.denomination = 1s (default)
2023-07-05 13:41:53,239 [2fb81e1d-6d09-4813-9c49-550bf392ffad@group-9644117CACC1-LeaderElection2] INFO  server.RaftServerConfigKeys (ConfUtils.java:logGet(46)) - raft.server.watch.element-limit = 65536 (default)
2023-07-05 13:41:53,239 [2fb81e1d-6d09-4813-9c49-550bf392ffad@group-9644117CACC1-LeaderElection2] INFO  server.RaftServerConfigKeys (ConfUtils.java:logGet(46)) - raft.server.write.element-limit = 1024 (custom)
2023-07-05 13:41:53,239 [2fb81e1d-6d09-4813-9c49-550bf392ffad@group-9644117CACC1-LeaderElection2] INFO  server.RaftServerConfigKeys (ConfUtils.java:logGet(46)) - raft.server.write.follower.gap.ratio.max = -1.0 (default)
2023-07-05 13:41:53,239 [2fb81e1d-6d09-4813-9c49-550bf392ffad@group-9644117CACC1-LeaderElection2] INFO  impl.RoleInfo (RoleInfo.java:updateAndGet(139)) - 2fb81e1d-6d09-4813-9c49-550bf392ffad: start 2fb81e1d-6d09-4813-9c49-550bf392ffad@group-9644117CACC1-LeaderStateImpl
2023-07-05 13:41:53,240 [2fb81e1d-6d09-4813-9c49-550bf392ffad@group-9644117CACC1-LeaderElection2] INFO  segmented.SegmentedRaftLogWorker (SegmentedRaftLogWorker.java:startLogSegment(447)) - 2fb81e1d-6d09-4813-9c49-550bf392ffad@group-9644117CACC1-SegmentedRaftLogWorker: Starting segment from index:0
2023-07-05 13:41:53,241 [2fb81e1d-6d09-4813-9c49-550bf392ffad@group-9644117CACC1-SegmentedRaftLogWorker] INFO  segmented.SegmentedRaftLogWorker (SegmentedRaftLogWorker.java:execute(651)) - 2fb81e1d-6d09-4813-9c49-550bf392ffad@group-9644117CACC1-SegmentedRaftLogWorker: created new log segment /home/runner/work/ozone/ozone/hadoop-ozone/integration-test/target/test-dir/MiniOzoneClusterImpl-4f26d1f9-f73a-4647-bb3a-126a945bf307/datanode-0/data/ratis/a31c783e-1d08-4021-989c-9644117cacc1/current/log_inprogress_0
2023-07-05 13:41:53,245 [EventQueue-OpenPipelineForHealthyPipelineSafeModeRule] INFO  safemode.SCMSafeModeManager (HealthyPipelineSafeModeRule.java:process(137)) - SCM in safe mode. Healthy pipelines reported count is 0, required healthy pipeline reported count is 1
2023-07-05 13:41:53,247 [2fb81e1d-6d09-4813-9c49-550bf392ffad@group-9644117CACC1-LeaderElection2] INFO  server.RaftServer$Division (ServerState.java:setRaftConf(434)) - 2fb81e1d-6d09-4813-9c49-550bf392ffad@group-9644117CACC1: set configuration 0: peers:[2fb81e1d-6d09-4813-9c49-550bf392ffad|rpc:10.1.0.13:15014|admin:10.1.0.13:15013|client:10.1.0.13:15012|dataStream:10.1.0.13:15015|priority:1|startupRole:FOLLOWER]|listeners:[], old=null
2023-07-05 13:41:53,320 [2fb81e1d-6d09-4813-9c49-550bf392ffad@group-AA0EC426AE9C-FollowerState] INFO  impl.FollowerState (FollowerState.java:run(143)) - 2fb81e1d-6d09-4813-9c49-550bf392ffad@group-AA0EC426AE9C-FollowerState: change to CANDIDATE, lastRpcElapsedTime:5199890232ns, electionTimeout:5184ms
2023-07-05 13:41:53,322 [2fb81e1d-6d09-4813-9c49-550bf392ffad@group-AA0EC426AE9C-FollowerState] INFO  impl.RoleInfo (RoleInfo.java:shutdownFollowerState(110)) - 2fb81e1d-6d09-4813-9c49-550bf392ffad: shutdown 2fb81e1d-6d09-4813-9c49-550bf392ffad@group-AA0EC426AE9C-FollowerState
2023-07-05 13:41:53,322 [2fb81e1d-6d09-4813-9c49-550bf392ffad@group-AA0EC426AE9C-FollowerState] INFO  server.RaftServer$Division (RaftServerImpl.java:setRole(329)) - 2fb81e1d-6d09-4813-9c49-550bf392ffad@group-AA0EC426AE9C: changes role from  FOLLOWER to CANDIDATE at term 0 for changeToCandidate
2023-07-05 13:41:53,323 [2fb81e1d-6d09-4813-9c49-550bf392ffad@group-AA0EC426AE9C-FollowerState] INFO  server.RaftServerConfigKeys (ConfUtils.java:logGet(46)) - raft.server.leaderelection.pre-vote = true (default)
2023-07-05 13:41:53,323 [2fb81e1d-6d09-4813-9c49-550bf392ffad@group-AA0EC426AE9C-FollowerState] INFO  impl.RoleInfo (RoleInfo.java:updateAndGet(139)) - 2fb81e1d-6d09-4813-9c49-550bf392ffad: start 2fb81e1d-6d09-4813-9c49-550bf392ffad@group-AA0EC426AE9C-LeaderElection3
2023-07-05 13:41:53,325 [2fb81e1d-6d09-4813-9c49-550bf392ffad@group-AA0EC426AE9C-LeaderElection3] INFO  impl.LeaderElection (LeaderElection.java:askForVotes(321)) - 2fb81e1d-6d09-4813-9c49-550bf392ffad@group-AA0EC426AE9C-LeaderElection3 PRE_VOTE round 0: submit vote requests at term 0 for -1: peers:[2fb81e1d-6d09-4813-9c49-550bf392ffad|rpc:10.1.0.13:15014|admin:10.1.0.13:15013|client:10.1.0.13:15012|dataStream:10.1.0.13:15015|priority:1|startupRole:FOLLOWER, 3d2757fa-b181-4803-bdc5-b482e758aadc|rpc:10.1.0.13:15023|admin:10.1.0.13:15022|client:10.1.0.13:15021|dataStream:10.1.0.13:15024|priority:0|startupRole:FOLLOWER, 57c60944-bb7c-45d4-a857-02381db20eb8|rpc:10.1.0.13:15032|admin:10.1.0.13:15031|client:10.1.0.13:15030|dataStream:10.1.0.13:15033|priority:0|startupRole:FOLLOWER]|listeners:[], old=null
2023-07-05 13:41:53,332 [2fb81e1d-6d09-4813-9c49-550bf392ffad@group-AA0EC426AE9C-LeaderElection3] INFO  server.RaftServerConfigKeys (ConfUtils.java:logFallback(53)) - raft.server.rpc.first-election.timeout.min = 5s (fallback to raft.server.rpc.timeout.min)
2023-07-05 13:41:53,332 [2fb81e1d-6d09-4813-9c49-550bf392ffad@group-AA0EC426AE9C-LeaderElection3] INFO  server.RaftServerConfigKeys (ConfUtils.java:logFallback(53)) - raft.server.rpc.first-election.timeout.max = 5200ms (fallback to raft.server.rpc.timeout.max)
2023-07-05 13:41:53,339 [2fb81e1d-6d09-4813-9c49-550bf392ffad@group-AA0EC426AE9C-LeaderElection3-1] INFO  server.GrpcServerProtocolClient (GrpcServerProtocolClient.java:<init>(65)) - Build channel for 3d2757fa-b181-4803-bdc5-b482e758aadc
2023-07-05 13:41:53,343 [2fb81e1d-6d09-4813-9c49-550bf392ffad@group-AA0EC426AE9C-LeaderElection3-2] INFO  server.GrpcServerProtocolClient (GrpcServerProtocolClient.java:<init>(65)) - Build channel for 57c60944-bb7c-45d4-a857-02381db20eb8
2023-07-05 13:41:53,356 [grpc-default-executor-0] INFO  server.RaftServer$Division (RaftServerImpl.java:requestVote(1302)) - 3d2757fa-b181-4803-bdc5-b482e758aadc@group-AA0EC426AE9C: receive requestVote(PRE_VOTE, 2fb81e1d-6d09-4813-9c49-550bf392ffad, group-AA0EC426AE9C, 0, (t:0, i:0))
2023-07-05 13:41:53,358 [grpc-default-executor-0] INFO  impl.VoteContext (VoteContext.java:log(49)) - 3d2757fa-b181-4803-bdc5-b482e758aadc@group-AA0EC426AE9C-FOLLOWER: accept PRE_VOTE from 2fb81e1d-6d09-4813-9c49-550bf392ffad: our priority 0 <= candidate's priority 1
2023-07-05 13:41:53,366 [grpc-default-executor-1] INFO  server.RaftServer$Division (RaftServerImpl.java:requestVote(1302)) - 57c60944-bb7c-45d4-a857-02381db20eb8@group-AA0EC426AE9C: receive requestVote(PRE_VOTE, 2fb81e1d-6d09-4813-9c49-550bf392ffad, group-AA0EC426AE9C, 0, (t:0, i:0))
2023-07-05 13:41:53,367 [grpc-default-executor-1] INFO  impl.VoteContext (VoteContext.java:log(49)) - 57c60944-bb7c-45d4-a857-02381db20eb8@group-AA0EC426AE9C-FOLLOWER: accept PRE_VOTE from 2fb81e1d-6d09-4813-9c49-550bf392ffad: our priority 0 <= candidate's priority 1
2023-07-05 13:41:53,370 [grpc-default-executor-0] INFO  server.RaftServer$Division (RaftServerImpl.java:requestVote(1335)) - 3d2757fa-b181-4803-bdc5-b482e758aadc@group-AA0EC426AE9C replies to PRE_VOTE vote request: 2fb81e1d-6d09-4813-9c49-550bf392ffad<-3d2757fa-b181-4803-bdc5-b482e758aadc#0:OK-t0. Peer's state: 3d2757fa-b181-4803-bdc5-b482e758aadc@group-AA0EC426AE9C:t0, leader=null, voted=, raftlog=Memoized:3d2757fa-b181-4803-bdc5-b482e758aadc@group-AA0EC426AE9C-SegmentedRaftLog:OPENED:c-1, conf=-1: peers:[2fb81e1d-6d09-4813-9c49-550bf392ffad|rpc:10.1.0.13:15014|admin:10.1.0.13:15013|client:10.1.0.13:15012|dataStream:10.1.0.13:15015|priority:1|startupRole:FOLLOWER, 3d2757fa-b181-4803-bdc5-b482e758aadc|rpc:10.1.0.13:15023|admin:10.1.0.13:15022|client:10.1.0.13:15021|dataStream:10.1.0.13:15024|priority:0|startupRole:FOLLOWER, 57c60944-bb7c-45d4-a857-02381db20eb8|rpc:10.1.0.13:15032|admin:10.1.0.13:15031|client:10.1.0.13:15030|dataStream:10.1.0.13:15033|priority:0|startupRole:FOLLOWER]|listeners:[], old=null
2023-07-05 13:41:53,370 [grpc-default-executor-1] INFO  server.RaftServer$Division (RaftServerImpl.java:requestVote(1335)) - 57c60944-bb7c-45d4-a857-02381db20eb8@group-AA0EC426AE9C replies to PRE_VOTE vote request: 2fb81e1d-6d09-4813-9c49-550bf392ffad<-57c60944-bb7c-45d4-a857-02381db20eb8#0:OK-t0. Peer's state: 57c60944-bb7c-45d4-a857-02381db20eb8@group-AA0EC426AE9C:t0, leader=null, voted=, raftlog=Memoized:57c60944-bb7c-45d4-a857-02381db20eb8@group-AA0EC426AE9C-SegmentedRaftLog:OPENED:c-1, conf=-1: peers:[2fb81e1d-6d09-4813-9c49-550bf392ffad|rpc:10.1.0.13:15014|admin:10.1.0.13:15013|client:10.1.0.13:15012|dataStream:10.1.0.13:15015|priority:1|startupRole:FOLLOWER, 3d2757fa-b181-4803-bdc5-b482e758aadc|rpc:10.1.0.13:15023|admin:10.1.0.13:15022|client:10.1.0.13:15021|dataStream:10.1.0.13:15024|priority:0|startupRole:FOLLOWER, 57c60944-bb7c-45d4-a857-02381db20eb8|rpc:10.1.0.13:15032|admin:10.1.0.13:15031|client:10.1.0.13:15030|dataStream:10.1.0.13:15033|priority:0|startupRole:FOLLOWER]|listeners:[], old=null
2023-07-05 13:41:53,374 [2fb81e1d-6d09-4813-9c49-550bf392ffad@group-AA0EC426AE9C-LeaderElection3] INFO  impl.LeaderElection (LeaderElection.java:logAndReturn(90)) - 2fb81e1d-6d09-4813-9c49-550bf392ffad@group-AA0EC426AE9C-LeaderElection3: PRE_VOTE PASSED received 1 response(s) and 0 exception(s):
2023-07-05 13:41:53,375 [2fb81e1d-6d09-4813-9c49-550bf392ffad@group-AA0EC426AE9C-LeaderElection3] INFO  impl.LeaderElection (LeaderElection.java:logAndReturn(94)) -   Response 0: 2fb81e1d-6d09-4813-9c49-550bf392ffad<-57c60944-bb7c-45d4-a857-02381db20eb8#0:OK-t0
2023-07-05 13:41:53,375 [2fb81e1d-6d09-4813-9c49-550bf392ffad@group-AA0EC426AE9C-LeaderElection3] INFO  impl.LeaderElection (LeaderElection.java:askForVotes(323)) - 2fb81e1d-6d09-4813-9c49-550bf392ffad@group-AA0EC426AE9C-LeaderElection3 PRE_VOTE round 0: result PASSED
2023-07-05 13:41:53,379 [2fb81e1d-6d09-4813-9c49-550bf392ffad@group-AA0EC426AE9C-LeaderElection3] INFO  impl.LeaderElection (LeaderElection.java:askForVotes(321)) - 2fb81e1d-6d09-4813-9c49-550bf392ffad@group-AA0EC426AE9C-LeaderElection3 ELECTION round 0: submit vote requests at term 1 for -1: peers:[2fb81e1d-6d09-4813-9c49-550bf392ffad|rpc:10.1.0.13:15014|admin:10.1.0.13:15013|client:10.1.0.13:15012|dataStream:10.1.0.13:15015|priority:1|startupRole:FOLLOWER, 3d2757fa-b181-4803-bdc5-b482e758aadc|rpc:10.1.0.13:15023|admin:10.1.0.13:15022|client:10.1.0.13:15021|dataStream:10.1.0.13:15024|priority:0|startupRole:FOLLOWER, 57c60944-bb7c-45d4-a857-02381db20eb8|rpc:10.1.0.13:15032|admin:10.1.0.13:15031|client:10.1.0.13:15030|dataStream:10.1.0.13:15033|priority:0|startupRole:FOLLOWER]|listeners:[], old=null
2023-07-05 13:41:53,379 [2fb81e1d-6d09-4813-9c49-550bf392ffad@group-AA0EC426AE9C-LeaderElection3] INFO  server.RaftServerConfigKeys (ConfUtils.java:logFallback(53)) - raft.server.rpc.first-election.timeout.min = 5s (fallback to raft.server.rpc.timeout.min)
2023-07-05 13:41:53,379 [2fb81e1d-6d09-4813-9c49-550bf392ffad@group-AA0EC426AE9C-LeaderElection3] INFO  server.RaftServerConfigKeys (ConfUtils.java:logFallback(53)) - raft.server.rpc.first-election.timeout.max = 5200ms (fallback to raft.server.rpc.timeout.max)
2023-07-05 13:41:53,384 [grpc-default-executor-0] INFO  server.RaftServer$Division (RaftServerImpl.java:requestVote(1302)) - 3d2757fa-b181-4803-bdc5-b482e758aadc@group-AA0EC426AE9C: receive requestVote(ELECTION, 2fb81e1d-6d09-4813-9c49-550bf392ffad, group-AA0EC426AE9C, 1, (t:0, i:0))
2023-07-05 13:41:53,385 [grpc-default-executor-0] INFO  impl.VoteContext (VoteContext.java:log(49)) - 3d2757fa-b181-4803-bdc5-b482e758aadc@group-AA0EC426AE9C-FOLLOWER: accept ELECTION from 2fb81e1d-6d09-4813-9c49-550bf392ffad: our priority 0 <= candidate's priority 1
2023-07-05 13:41:53,385 [grpc-default-executor-0] INFO  server.RaftServer$Division (RaftServerImpl.java:setRole(329)) - 3d2757fa-b181-4803-bdc5-b482e758aadc@group-AA0EC426AE9C: changes role from  FOLLOWER to FOLLOWER at term 1 for candidate:2fb81e1d-6d09-4813-9c49-550bf392ffad
2023-07-05 13:41:53,386 [grpc-default-executor-0] INFO  impl.RoleInfo (RoleInfo.java:shutdownFollowerState(110)) - 3d2757fa-b181-4803-bdc5-b482e758aadc: shutdown 3d2757fa-b181-4803-bdc5-b482e758aadc@group-AA0EC426AE9C-FollowerState
2023-07-05 13:41:53,386 [grpc-default-executor-0] INFO  impl.RoleInfo (RoleInfo.java:updateAndGet(139)) - 3d2757fa-b181-4803-bdc5-b482e758aadc: start 3d2757fa-b181-4803-bdc5-b482e758aadc@group-AA0EC426AE9C-FollowerState
2023-07-05 13:41:53,386 [3d2757fa-b181-4803-bdc5-b482e758aadc@group-AA0EC426AE9C-FollowerState] INFO  impl.FollowerState (FollowerState.java:run(152)) - 3d2757fa-b181-4803-bdc5-b482e758aadc@group-AA0EC426AE9C-FollowerState was interrupted
2023-07-05 13:41:53,390 [grpc-default-executor-0] INFO  server.RaftServer$Division (RaftServerImpl.java:requestVote(1335)) - 3d2757fa-b181-4803-bdc5-b482e758aadc@group-AA0EC426AE9C replies to ELECTION vote request: 2fb81e1d-6d09-4813-9c49-550bf392ffad<-3d2757fa-b181-4803-bdc5-b482e758aadc#0:OK-t1. Peer's state: 3d2757fa-b181-4803-bdc5-b482e758aadc@group-AA0EC426AE9C:t1, leader=null, voted=2fb81e1d-6d09-4813-9c49-550bf392ffad, raftlog=Memoized:3d2757fa-b181-4803-bdc5-b482e758aadc@group-AA0EC426AE9C-SegmentedRaftLog:OPENED:c-1, conf=-1: peers:[2fb81e1d-6d09-4813-9c49-550bf392ffad|rpc:10.1.0.13:15014|admin:10.1.0.13:15013|client:10.1.0.13:15012|dataStream:10.1.0.13:15015|priority:1|startupRole:FOLLOWER, 3d2757fa-b181-4803-bdc5-b482e758aadc|rpc:10.1.0.13:15023|admin:10.1.0.13:15022|client:10.1.0.13:15021|dataStream:10.1.0.13:15024|priority:0|startupRole:FOLLOWER, 57c60944-bb7c-45d4-a857-02381db20eb8|rpc:10.1.0.13:15032|admin:10.1.0.13:15031|client:10.1.0.13:15030|dataStream:10.1.0.13:15033|priority:0|startupRole:FOLLOWER]|listeners:[], old=null
2023-07-05 13:41:53,392 [2fb81e1d-6d09-4813-9c49-550bf392ffad@group-AA0EC426AE9C-LeaderElection3] INFO  impl.LeaderElection (LeaderElection.java:logAndReturn(90)) - 2fb81e1d-6d09-4813-9c49-550bf392ffad@group-AA0EC426AE9C-LeaderElection3: ELECTION PASSED received 1 response(s) and 0 exception(s):
2023-07-05 13:41:53,392 [2fb81e1d-6d09-4813-9c49-550bf392ffad@group-AA0EC426AE9C-LeaderElection3] INFO  impl.LeaderElection (LeaderElection.java:logAndReturn(94)) -   Response 0: 2fb81e1d-6d09-4813-9c49-550bf392ffad<-3d2757fa-b181-4803-bdc5-b482e758aadc#0:OK-t1
2023-07-05 13:41:53,392 [2fb81e1d-6d09-4813-9c49-550bf392ffad@group-AA0EC426AE9C-LeaderElection3] INFO  impl.LeaderElection (LeaderElection.java:askForVotes(323)) - 2fb81e1d-6d09-4813-9c49-550bf392ffad@group-AA0EC426AE9C-LeaderElection3 ELECTION round 0: result PASSED
2023-07-05 13:41:53,392 [2fb81e1d-6d09-4813-9c49-550bf392ffad@group-AA0EC426AE9C-LeaderElection3] INFO  impl.RoleInfo (RoleInfo.java:shutdownLeaderElection(130)) - 2fb81e1d-6d09-4813-9c49-550bf392ffad: shutdown 2fb81e1d-6d09-4813-9c49-550bf392ffad@group-AA0EC426AE9C-LeaderElection3
2023-07-05 13:41:53,392 [2fb81e1d-6d09-4813-9c49-550bf392ffad@group-AA0EC426AE9C-LeaderElection3] INFO  server.RaftServer$Division (RaftServerImpl.java:setRole(329)) - 2fb81e1d-6d09-4813-9c49-550bf392ffad@group-AA0EC426AE9C: changes role from CANDIDATE to LEADER at term 1 for changeToLeader
2023-07-05 13:41:53,392 [2fb81e1d-6d09-4813-9c49-550bf392ffad@group-AA0EC426AE9C-LeaderElection3] INFO  ratis.XceiverServerRatis (XceiverServerRatis.java:handleLeaderChangedNotification(902)) - Leader change notification received for group: group-AA0EC426AE9C with new leaderId: 2fb81e1d-6d09-4813-9c49-550bf392ffad
2023-07-05 13:41:53,392 [2fb81e1d-6d09-4813-9c49-550bf392ffad@group-AA0EC426AE9C-LeaderElection3] INFO  server.RaftServer$Division (ServerState.java:setLeader(317)) - 2fb81e1d-6d09-4813-9c49-550bf392ffad@group-AA0EC426AE9C: change Leader from null to 2fb81e1d-6d09-4813-9c49-550bf392ffad at term 1 for becomeLeader, leader elected after 5300ms
2023-07-05 13:41:53,392 [2fb81e1d-6d09-4813-9c49-550bf392ffad@group-AA0EC426AE9C-LeaderElection3] INFO  server.RaftServerConfigKeys (ConfUtils.java:logGet(46)) - raft.server.staging.catchup.gap = 1000 (default)
2023-07-05 13:41:53,393 [2fb81e1d-6d09-4813-9c49-550bf392ffad@group-AA0EC426AE9C-LeaderElection3] INFO  server.RaftServerConfigKeys (ConfUtils.java:logGet(46)) - raft.server.write.element-limit = 1024 (custom)
2023-07-05 13:41:53,393 [2fb81e1d-6d09-4813-9c49-550bf392ffad@group-AA0EC426AE9C-LeaderElection3] INFO  server.RaftServerConfigKeys (ConfUtils.java:logGet(46)) - raft.server.write.byte-limit = 1024 M (=1073741824) (custom)
2023-07-05 13:41:53,393 [2fb81e1d-6d09-4813-9c49-550bf392ffad@group-AA0EC426AE9C-LeaderElection3] INFO  server.RaftServerConfigKeys (ConfUtils.java:logGet(46)) - raft.server.watch.timeout = 180s (custom)
2023-07-05 13:41:53,393 [2fb81e1d-6d09-4813-9c49-550bf392ffad@group-AA0EC426AE9C-LeaderElection3] INFO  server.RaftServerConfigKeys (ConfUtils.java:logGet(46)) - raft.server.watch.timeout.denomination = 1s (default)
2023-07-05 13:41:53,393 [2fb81e1d-6d09-4813-9c49-550bf392ffad@group-AA0EC426AE9C-LeaderElection3] INFO  server.RaftServerConfigKeys (ConfUtils.java:logGet(46)) - raft.server.watch.element-limit = 65536 (default)
2023-07-05 13:41:53,393 [2fb81e1d-6d09-4813-9c49-550bf392ffad@group-AA0EC426AE9C-LeaderElection3] INFO  server.RaftServerConfigKeys (ConfUtils.java:logGet(46)) - raft.server.write.element-limit = 1024 (custom)
2023-07-05 13:41:53,393 [2fb81e1d-6d09-4813-9c49-550bf392ffad@group-AA0EC426AE9C-LeaderElection3] INFO  server.RaftServerConfigKeys (ConfUtils.java:logGet(46)) - raft.server.write.follower.gap.ratio.max = -1.0 (default)
2023-07-05 13:41:53,405 [EventQueue-PipelineReportForPipelineReportHandler] INFO  pipeline.PipelineReportHandler (PipelineReportHandler.java:processPipelineReport(136)) - Opened pipeline PipelineID=67ce44c2-8df2-4b96-9ebb-aa0ec426ae9c
2023-07-05 13:41:53,407 [EventQueue-OpenPipelineForHealthyPipelineSafeModeRule] INFO  safemode.SCMSafeModeManager (HealthyPipelineSafeModeRule.java:process(137)) - SCM in safe mode. Healthy pipelines reported count is 1, required healthy pipeline reported count is 1
2023-07-05 13:41:53,407 [EventQueue-OpenPipelineForHealthyPipelineSafeModeRule] INFO  safemode.SCMSafeModeManager (SCMSafeModeManager.java:validateSafeModeExitRules(200)) - HealthyPipelineSafeModeRule rule is successfully validated
2023-07-05 13:41:53,407 [EventQueue-OpenPipelineForHealthyPipelineSafeModeRule] INFO  safemode.SCMSafeModeManager (SCMSafeModeManager.java:validateSafeModeExitRules(215)) - ScmSafeModeManager, all rules are successfully validated
2023-07-05 13:41:53,407 [EventQueue-OpenPipelineForHealthyPipelineSafeModeRule] INFO  safemode.SCMSafeModeManager (SCMSafeModeManager.java:exitSafeMode(244)) - SCM exiting safe mode.
2023-07-05 13:41:53,407 [EventQueue-OpenPipelineForHealthyPipelineSafeModeRule] INFO  ha.SCMContext (SCMContext.java:updateSafeModeStatus(228)) - Update SafeModeStatus from SafeModeStatus{safeModeStatus=true, preCheckPassed=true} to SafeModeStatus{safeModeStatus=false, preCheckPassed=true}.
2023-07-05 13:41:53,407 [EventQueue-OpenPipelineForHealthyPipelineSafeModeRule] INFO  pipeline.BackgroundPipelineCreator (BackgroundPipelineCreator.java:notifyStatusChanged(255)) - Service BackgroundPipelineCreator transitions to RUNNING.
2023-07-05 13:41:53,407 [EventQueue-OpenPipelineForHealthyPipelineSafeModeRule] INFO  BackgroundPipelineScrubber (BackgroundSCMService.java:notifyStatusChanged(82)) - Service BackgroundPipelineScrubber transitions to RUNNING.
2023-07-05 13:41:53,407 [EventQueue-OpenPipelineForHealthyPipelineSafeModeRule] INFO  ExpiredContainerReplicaOpScrubber (BackgroundSCMService.java:notifyStatusChanged(82)) - Service ExpiredContainerReplicaOpScrubber transitions to RUNNING.
2023-07-05 13:41:53,408 [EventQueue-OpenPipelineForHealthyPipelineSafeModeRule] INFO  replication.ReplicationManager (ReplicationManager.java:notifyStatusChanged(1366)) - Service ReplicationManager transitions to RUNNING.
2023-07-05 13:41:53,410 [2fb81e1d-6d09-4813-9c49-550bf392ffad@group-AA0EC426AE9C-LeaderElection3] INFO  server.RaftServerConfigKeys (ConfUtils.java:logGet(46)) - raft.server.log.appender.snapshot.chunk.size.max = 16MB (=16777216) (default)
2023-07-05 13:41:53,410 [2fb81e1d-6d09-4813-9c49-550bf392ffad@group-AA0EC426AE9C-LeaderElection3] INFO  server.RaftServerConfigKeys (ConfUtils.java:logGet(46)) - raft.server.log.appender.buffer.byte-limit = 33554432 (custom)
2023-07-05 13:41:53,411 [2fb81e1d-6d09-4813-9c49-550bf392ffad@group-AA0EC426AE9C-LeaderElection3] INFO  server.RaftServerConfigKeys (ConfUtils.java:logGet(46)) - raft.server.log.appender.buffer.element-limit = 1 (custom)
2023-07-05 13:41:53,412 [EventQueue-OpenPipelineForHealthyPipelineSafeModeRule] WARN  balancer.ContainerBalancer (ContainerBalancer.java:shouldRun(134)) - Could not find persisted configuration for ContainerBalancer when checking if ContainerBalancer should run. ContainerBalancer should not run now.
2023-07-05 13:41:53,413 [2fb81e1d-6d09-4813-9c49-550bf392ffad@group-AA0EC426AE9C-LeaderElection3] INFO  server.RaftServerConfigKeys (ConfUtils.java:logGet(46)) - raft.server.log.appender.wait-time.min = 10ms (default)
2023-07-05 13:41:53,415 [2fb81e1d-6d09-4813-9c49-550bf392ffad@group-AA0EC426AE9C-LeaderElection3] INFO  grpc.GrpcConfigKeys (ConfUtils.java:logGet(46)) - raft.grpc.server.leader.outstanding.appends.max = 128 (default)
2023-07-05 13:41:53,415 [2fb81e1d-6d09-4813-9c49-550bf392ffad@group-AA0EC426AE9C-LeaderElection3] INFO  server.RaftServerConfigKeys (ConfUtils.java:logGet(46)) - raft.server.rpc.request.timeout = 60s (custom)
2023-07-05 13:41:53,415 [grpc-default-executor-0] INFO  server.RaftServer$Division (RaftServerImpl.java:requestVote(1302)) - 57c60944-bb7c-45d4-a857-02381db20eb8@group-AA0EC426AE9C: receive requestVote(ELECTION, 2fb81e1d-6d09-4813-9c49-550bf392ffad, group-AA0EC426AE9C, 1, (t:0, i:0))
2023-07-05 13:41:53,419 [grpc-default-executor-0] INFO  impl.VoteContext (VoteContext.java:log(49)) - 57c60944-bb7c-45d4-a857-02381db20eb8@group-AA0EC426AE9C-FOLLOWER: accept ELECTION from 2fb81e1d-6d09-4813-9c49-550bf392ffad: our priority 0 <= candidate's priority 1
2023-07-05 13:41:53,419 [grpc-default-executor-0] INFO  server.RaftServer$Division (RaftServerImpl.java:setRole(329)) - 57c60944-bb7c-45d4-a857-02381db20eb8@group-AA0EC426AE9C: changes role from  FOLLOWER to FOLLOWER at term 1 for candidate:2fb81e1d-6d09-4813-9c49-550bf392ffad
2023-07-05 13:41:53,419 [grpc-default-executor-0] INFO  impl.RoleInfo (RoleInfo.java:shutdownFollowerState(110)) - 57c60944-bb7c-45d4-a857-02381db20eb8: shutdown 57c60944-bb7c-45d4-a857-02381db20eb8@group-AA0EC426AE9C-FollowerState
2023-07-05 13:41:53,419 [57c60944-bb7c-45d4-a857-02381db20eb8@group-AA0EC426AE9C-FollowerState] INFO  impl.FollowerState (FollowerState.java:run(152)) - 57c60944-bb7c-45d4-a857-02381db20eb8@group-AA0EC426AE9C-FollowerState was interrupted
2023-07-05 13:41:53,420 [grpc-default-executor-0] INFO  impl.RoleInfo (RoleInfo.java:updateAndGet(139)) - 57c60944-bb7c-45d4-a857-02381db20eb8: start 57c60944-bb7c-45d4-a857-02381db20eb8@group-AA0EC426AE9C-FollowerState
2023-07-05 13:41:53,420 [2fb81e1d-6d09-4813-9c49-550bf392ffad@group-AA0EC426AE9C-LeaderElection3] INFO  grpc.GrpcConfigKeys (ConfUtils.java:logGet(46)) - raft.grpc.server.install_snapshot.request.element-limit = 8 (default)
2023-07-05 13:41:53,420 [2fb81e1d-6d09-4813-9c49-550bf392ffad@group-AA0EC426AE9C-LeaderElection3] INFO  grpc.GrpcConfigKeys (ConfUtils.java:logGet(46)) - raft.grpc.server.install_snapshot.request.timeout = 3000ms (default)
2023-07-05 13:41:53,420 [2fb81e1d-6d09-4813-9c49-550bf392ffad@group-AA0EC426AE9C-LeaderElection3] INFO  server.RaftServerConfigKeys (ConfUtils.java:logGet(46)) - raft.server.log.appender.install.snapshot.enabled = false (custom)
2023-07-05 13:41:53,420 [2fb81e1d-6d09-4813-9c49-550bf392ffad@group-AA0EC426AE9C-LeaderElection3] INFO  grpc.GrpcConfigKeys (ConfUtils.java:logGet(46)) - raft.grpc.server.heartbeat.channel = true (default)
2023-07-05 13:41:53,422 [grpc-default-executor-0] INFO  server.RaftServer$Division (RaftServerImpl.java:requestVote(1335)) - 57c60944-bb7c-45d4-a857-02381db20eb8@group-AA0EC426AE9C replies to ELECTION vote request: 2fb81e1d-6d09-4813-9c49-550bf392ffad<-57c60944-bb7c-45d4-a857-02381db20eb8#0:OK-t1. Peer's state: 57c60944-bb7c-45d4-a857-02381db20eb8@group-AA0EC426AE9C:t1, leader=null, voted=2fb81e1d-6d09-4813-9c49-550bf392ffad, raftlog=Memoized:57c60944-bb7c-45d4-a857-02381db20eb8@group-AA0EC426AE9C-SegmentedRaftLog:OPENED:c-1, conf=-1: peers:[2fb81e1d-6d09-4813-9c49-550bf392ffad|rpc:10.1.0.13:15014|admin:10.1.0.13:15013|client:10.1.0.13:15012|dataStream:10.1.0.13:15015|priority:1|startupRole:FOLLOWER, 3d2757fa-b181-4803-bdc5-b482e758aadc|rpc:10.1.0.13:15023|admin:10.1.0.13:15022|client:10.1.0.13:15021|dataStream:10.1.0.13:15024|priority:0|startupRole:FOLLOWER, 57c60944-bb7c-45d4-a857-02381db20eb8|rpc:10.1.0.13:15032|admin:10.1.0.13:15031|client:10.1.0.13:15030|dataStream:10.1.0.13:15033|priority:0|startupRole:FOLLOWER]|listeners:[], old=null
2023-07-05 13:41:53,427 [2fb81e1d-6d09-4813-9c49-550bf392ffad@group-AA0EC426AE9C-LeaderElection3] INFO  server.RaftServerConfigKeys (ConfUtils.java:logGet(46)) - raft.server.log.appender.snapshot.chunk.size.max = 16MB (=16777216) (default)
2023-07-05 13:41:53,427 [2fb81e1d-6d09-4813-9c49-550bf392ffad@group-AA0EC426AE9C-LeaderElection3] INFO  server.RaftServerConfigKeys (ConfUtils.java:logGet(46)) - raft.server.log.appender.buffer.byte-limit = 33554432 (custom)
2023-07-05 13:41:53,427 [2fb81e1d-6d09-4813-9c49-550bf392ffad@group-AA0EC426AE9C-LeaderElection3] INFO  server.RaftServerConfigKeys (ConfUtils.java:logGet(46)) - raft.server.log.appender.buffer.element-limit = 1 (custom)
2023-07-05 13:41:53,428 [2fb81e1d-6d09-4813-9c49-550bf392ffad@group-AA0EC426AE9C-LeaderElection3] INFO  server.RaftServerConfigKeys (ConfUtils.java:logGet(46)) - raft.server.log.appender.wait-time.min = 10ms (default)
2023-07-05 13:41:53,429 [2fb81e1d-6d09-4813-9c49-550bf392ffad@group-AA0EC426AE9C-LeaderElection3] INFO  grpc.GrpcConfigKeys (ConfUtils.java:logGet(46)) - raft.grpc.server.leader.outstanding.appends.max = 128 (default)
2023-07-05 13:41:53,429 [2fb81e1d-6d09-4813-9c49-550bf392ffad@group-AA0EC426AE9C-LeaderElection3] INFO  server.RaftServerConfigKeys (ConfUtils.java:logGet(46)) - raft.server.rpc.request.timeout = 60s (custom)
2023-07-05 13:41:53,429 [2fb81e1d-6d09-4813-9c49-550bf392ffad@group-AA0EC426AE9C-LeaderElection3] INFO  grpc.GrpcConfigKeys (ConfUtils.java:logGet(46)) - raft.grpc.server.install_snapshot.request.element-limit = 8 (default)
2023-07-05 13:41:53,429 [2fb81e1d-6d09-4813-9c49-550bf392ffad@group-AA0EC426AE9C-LeaderElection3] INFO  grpc.GrpcConfigKeys (ConfUtils.java:logGet(46)) - raft.grpc.server.install_snapshot.request.timeout = 3000ms (default)
2023-07-05 13:41:53,429 [2fb81e1d-6d09-4813-9c49-550bf392ffad@group-AA0EC426AE9C-LeaderElection3] INFO  server.RaftServerConfigKeys (ConfUtils.java:logGet(46)) - raft.server.log.appender.install.snapshot.enabled = false (custom)
2023-07-05 13:41:53,429 [2fb81e1d-6d09-4813-9c49-550bf392ffad@group-AA0EC426AE9C-LeaderElection3] INFO  grpc.GrpcConfigKeys (ConfUtils.java:logGet(46)) - raft.grpc.server.heartbeat.channel = true (default)
2023-07-05 13:41:53,430 [2fb81e1d-6d09-4813-9c49-550bf392ffad@group-AA0EC426AE9C-LeaderElection3] INFO  impl.RoleInfo (RoleInfo.java:updateAndGet(139)) - 2fb81e1d-6d09-4813-9c49-550bf392ffad: start 2fb81e1d-6d09-4813-9c49-550bf392ffad@group-AA0EC426AE9C-LeaderStateImpl
2023-07-05 13:41:53,431 [2fb81e1d-6d09-4813-9c49-550bf392ffad@group-AA0EC426AE9C-LeaderElection3] INFO  segmented.SegmentedRaftLogWorker (SegmentedRaftLogWorker.java:startLogSegment(447)) - 2fb81e1d-6d09-4813-9c49-550bf392ffad@group-AA0EC426AE9C-SegmentedRaftLogWorker: Starting segment from index:0
2023-07-05 13:41:53,433 [2fb81e1d-6d09-4813-9c49-550bf392ffad@group-AA0EC426AE9C-SegmentedRaftLogWorker] INFO  segmented.SegmentedRaftLogWorker (SegmentedRaftLogWorker.java:execute(651)) - 2fb81e1d-6d09-4813-9c49-550bf392ffad@group-AA0EC426AE9C-SegmentedRaftLogWorker: created new log segment /home/runner/work/ozone/ozone/hadoop-ozone/integration-test/target/test-dir/MiniOzoneClusterImpl-4f26d1f9-f73a-4647-bb3a-126a945bf307/datanode-0/data/ratis/67ce44c2-8df2-4b96-9ebb-aa0ec426ae9c/current/log_inprogress_0
2023-07-05 13:41:53,437 [2fb81e1d-6d09-4813-9c49-550bf392ffad@group-AA0EC426AE9C-LeaderElection3] INFO  server.RaftServer$Division (ServerState.java:setRaftConf(434)) - 2fb81e1d-6d09-4813-9c49-550bf392ffad@group-AA0EC426AE9C: set configuration 0: peers:[2fb81e1d-6d09-4813-9c49-550bf392ffad|rpc:10.1.0.13:15014|admin:10.1.0.13:15013|client:10.1.0.13:15012|dataStream:10.1.0.13:15015|priority:1|startupRole:FOLLOWER, 3d2757fa-b181-4803-bdc5-b482e758aadc|rpc:10.1.0.13:15023|admin:10.1.0.13:15022|client:10.1.0.13:15021|dataStream:10.1.0.13:15024|priority:0|startupRole:FOLLOWER, 57c60944-bb7c-45d4-a857-02381db20eb8|rpc:10.1.0.13:15032|admin:10.1.0.13:15031|client:10.1.0.13:15030|dataStream:10.1.0.13:15033|priority:0|startupRole:FOLLOWER]|listeners:[], old=null
2023-07-05 13:41:53,494 [3d2757fa-b181-4803-bdc5-b482e758aadc-server-thread1] INFO  ratis.XceiverServerRatis (XceiverServerRatis.java:handleLeaderChangedNotification(902)) - Leader change notification received for group: group-AA0EC426AE9C with new leaderId: 2fb81e1d-6d09-4813-9c49-550bf392ffad
2023-07-05 13:41:53,495 [3d2757fa-b181-4803-bdc5-b482e758aadc-server-thread1] INFO  server.RaftServer$Division (ServerState.java:setLeader(317)) - 3d2757fa-b181-4803-bdc5-b482e758aadc@group-AA0EC426AE9C: change Leader from null to 2fb81e1d-6d09-4813-9c49-550bf392ffad at term 1 for appendEntries, leader elected after 4888ms
2023-07-05 13:41:53,497 [57c60944-bb7c-45d4-a857-02381db20eb8-server-thread1] INFO  ratis.XceiverServerRatis (XceiverServerRatis.java:handleLeaderChangedNotification(902)) - Leader change notification received for group: group-AA0EC426AE9C with new leaderId: 2fb81e1d-6d09-4813-9c49-550bf392ffad
2023-07-05 13:41:53,504 [57c60944-bb7c-45d4-a857-02381db20eb8-server-thread1] INFO  server.RaftServer$Division (ServerState.java:setLeader(317)) - 57c60944-bb7c-45d4-a857-02381db20eb8@group-AA0EC426AE9C: change Leader from null to 2fb81e1d-6d09-4813-9c49-550bf392ffad at term 1 for appendEntries, leader elected after 4715ms
2023-07-05 13:41:53,520 [3d2757fa-b181-4803-bdc5-b482e758aadc-server-thread3] INFO  server.RaftServer$Division (ServerState.java:setRaftConf(434)) - 3d2757fa-b181-4803-bdc5-b482e758aadc@group-AA0EC426AE9C: set configuration 0: peers:[2fb81e1d-6d09-4813-9c49-550bf392ffad|rpc:10.1.0.13:15014|admin:10.1.0.13:15013|client:10.1.0.13:15012|dataStream:10.1.0.13:15015|priority:1|startupRole:FOLLOWER, 3d2757fa-b181-4803-bdc5-b482e758aadc|rpc:10.1.0.13:15023|admin:10.1.0.13:15022|client:10.1.0.13:15021|dataStream:10.1.0.13:15024|priority:0|startupRole:FOLLOWER, 57c60944-bb7c-45d4-a857-02381db20eb8|rpc:10.1.0.13:15032|admin:10.1.0.13:15031|client:10.1.0.13:15030|dataStream:10.1.0.13:15033|priority:0|startupRole:FOLLOWER]|listeners:[], old=null
2023-07-05 13:41:53,520 [57c60944-bb7c-45d4-a857-02381db20eb8-server-thread2] INFO  server.RaftServer$Division (ServerState.java:setRaftConf(434)) - 57c60944-bb7c-45d4-a857-02381db20eb8@group-AA0EC426AE9C: set configuration 0: peers:[2fb81e1d-6d09-4813-9c49-550bf392ffad|rpc:10.1.0.13:15014|admin:10.1.0.13:15013|client:10.1.0.13:15012|dataStream:10.1.0.13:15015|priority:1|startupRole:FOLLOWER, 3d2757fa-b181-4803-bdc5-b482e758aadc|rpc:10.1.0.13:15023|admin:10.1.0.13:15022|client:10.1.0.13:15021|dataStream:10.1.0.13:15024|priority:0|startupRole:FOLLOWER, 57c60944-bb7c-45d4-a857-02381db20eb8|rpc:10.1.0.13:15032|admin:10.1.0.13:15031|client:10.1.0.13:15030|dataStream:10.1.0.13:15033|priority:0|startupRole:FOLLOWER]|listeners:[], old=null
2023-07-05 13:41:53,520 [3d2757fa-b181-4803-bdc5-b482e758aadc-server-thread3] INFO  segmented.SegmentedRaftLogWorker (SegmentedRaftLogWorker.java:startLogSegment(447)) - 3d2757fa-b181-4803-bdc5-b482e758aadc@group-AA0EC426AE9C-SegmentedRaftLogWorker: Starting segment from index:0
2023-07-05 13:41:53,522 [57c60944-bb7c-45d4-a857-02381db20eb8-server-thread2] INFO  segmented.SegmentedRaftLogWorker (SegmentedRaftLogWorker.java:startLogSegment(447)) - 57c60944-bb7c-45d4-a857-02381db20eb8@group-AA0EC426AE9C-SegmentedRaftLogWorker: Starting segment from index:0
2023-07-05 13:41:53,524 [3d2757fa-b181-4803-bdc5-b482e758aadc@group-AA0EC426AE9C-SegmentedRaftLogWorker] INFO  segmented.SegmentedRaftLogWorker (SegmentedRaftLogWorker.java:execute(651)) - 3d2757fa-b181-4803-bdc5-b482e758aadc@group-AA0EC426AE9C-SegmentedRaftLogWorker: created new log segment /home/runner/work/ozone/ozone/hadoop-ozone/integration-test/target/test-dir/MiniOzoneClusterImpl-4f26d1f9-f73a-4647-bb3a-126a945bf307/datanode-1/data/ratis/67ce44c2-8df2-4b96-9ebb-aa0ec426ae9c/current/log_inprogress_0
2023-07-05 13:41:53,525 [57c60944-bb7c-45d4-a857-02381db20eb8@group-AA0EC426AE9C-SegmentedRaftLogWorker] INFO  segmented.SegmentedRaftLogWorker (SegmentedRaftLogWorker.java:execute(651)) - 57c60944-bb7c-45d4-a857-02381db20eb8@group-AA0EC426AE9C-SegmentedRaftLogWorker: created new log segment /home/runner/work/ozone/ozone/hadoop-ozone/integration-test/target/test-dir/MiniOzoneClusterImpl-4f26d1f9-f73a-4647-bb3a-126a945bf307/datanode-2/data/ratis/67ce44c2-8df2-4b96-9ebb-aa0ec426ae9c/current/log_inprogress_0
2023-07-05 13:41:53,650 [Time-limited test] INFO  ozone.MiniOzoneClusterImpl (MiniOzoneClusterImpl.java:lambda$waitForClusterToBeReady$0(224)) - Nodes are ready. Got 5 of 5 DN Heartbeats.
2023-07-05 13:41:53,651 [Time-limited test] INFO  ozone.MiniOzoneClusterImpl (MiniOzoneClusterImpl.java:lambda$waitForClusterToBeReady$0(227)) - Cluster exits safe mode
2023-07-05 13:41:53,651 [Time-limited test] INFO  ozone.MiniOzoneClusterImpl (MiniOzoneClusterImpl.java:lambda$waitForClusterToBeReady$0(229)) - SCM became leader
2023-07-05 13:41:53,667 [ReplicationMonitor] INFO  replication.ReplicationManager (ReplicationManager.java:processAll(361)) - Replication Manager is not ready to run until 3000ms after safemode exit
2023-07-05 13:41:53,798 [3d2757fa-b181-4803-bdc5-b482e758aadc@group-4A7041874874-FollowerState] INFO  impl.FollowerState (FollowerState.java:run(143)) - 3d2757fa-b181-4803-bdc5-b482e758aadc@group-4A7041874874-FollowerState: change to CANDIDATE, lastRpcElapsedTime:5199764949ns, electionTimeout:5195ms
2023-07-05 13:41:53,798 [3d2757fa-b181-4803-bdc5-b482e758aadc@group-4A7041874874-FollowerState] INFO  impl.RoleInfo (RoleInfo.java:shutdownFollowerState(110)) - 3d2757fa-b181-4803-bdc5-b482e758aadc: shutdown 3d2757fa-b181-4803-bdc5-b482e758aadc@group-4A7041874874-FollowerState
2023-07-05 13:41:53,798 [3d2757fa-b181-4803-bdc5-b482e758aadc@group-4A7041874874-FollowerState] INFO  server.RaftServer$Division (RaftServerImpl.java:setRole(329)) - 3d2757fa-b181-4803-bdc5-b482e758aadc@group-4A7041874874: changes role from  FOLLOWER to CANDIDATE at term 0 for changeToCandidate
2023-07-05 13:41:53,800 [3d2757fa-b181-4803-bdc5-b482e758aadc@group-4A7041874874-FollowerState] INFO  server.RaftServerConfigKeys (ConfUtils.java:logGet(46)) - raft.server.leaderelection.pre-vote = true (default)
2023-07-05 13:41:53,800 [3d2757fa-b181-4803-bdc5-b482e758aadc@group-4A7041874874-FollowerState] INFO  impl.RoleInfo (RoleInfo.java:updateAndGet(139)) - 3d2757fa-b181-4803-bdc5-b482e758aadc: start 3d2757fa-b181-4803-bdc5-b482e758aadc@group-4A7041874874-LeaderElection4
2023-07-05 13:41:53,806 [3d2757fa-b181-4803-bdc5-b482e758aadc@group-4A7041874874-LeaderElection4] INFO  impl.LeaderElection (LeaderElection.java:askForVotes(321)) - 3d2757fa-b181-4803-bdc5-b482e758aadc@group-4A7041874874-LeaderElection4 PRE_VOTE round 0: submit vote requests at term 0 for -1: peers:[3d2757fa-b181-4803-bdc5-b482e758aadc|rpc:10.1.0.13:15023|admin:10.1.0.13:15022|client:10.1.0.13:15021|dataStream:10.1.0.13:15024|priority:1|startupRole:FOLLOWER]|listeners:[], old=null
2023-07-05 13:41:53,806 [3d2757fa-b181-4803-bdc5-b482e758aadc@group-4A7041874874-LeaderElection4] INFO  impl.LeaderElection (LeaderElection.java:askForVotes(323)) - 3d2757fa-b181-4803-bdc5-b482e758aadc@group-4A7041874874-LeaderElection4 PRE_VOTE round 0: result PASSED (term=0)
2023-07-05 13:41:53,808 [3d2757fa-b181-4803-bdc5-b482e758aadc@group-4A7041874874-LeaderElection4] INFO  impl.LeaderElection (LeaderElection.java:askForVotes(321)) - 3d2757fa-b181-4803-bdc5-b482e758aadc@group-4A7041874874-LeaderElection4 ELECTION round 0: submit vote requests at term 1 for -1: peers:[3d2757fa-b181-4803-bdc5-b482e758aadc|rpc:10.1.0.13:15023|admin:10.1.0.13:15022|client:10.1.0.13:15021|dataStream:10.1.0.13:15024|priority:1|startupRole:FOLLOWER]|listeners:[], old=null
2023-07-05 13:41:53,808 [3d2757fa-b181-4803-bdc5-b482e758aadc@group-4A7041874874-LeaderElection4] INFO  impl.LeaderElection (LeaderElection.java:askForVotes(323)) - 3d2757fa-b181-4803-bdc5-b482e758aadc@group-4A7041874874-LeaderElection4 ELECTION round 0: result PASSED (term=1)
2023-07-05 13:41:53,808 [3d2757fa-b181-4803-bdc5-b482e758aadc@group-4A7041874874-LeaderElection4] INFO  impl.RoleInfo (RoleInfo.java:shutdownLeaderElection(130)) - 3d2757fa-b181-4803-bdc5-b482e758aadc: shutdown 3d2757fa-b181-4803-bdc5-b482e758aadc@group-4A7041874874-LeaderElection4
2023-07-05 13:41:53,808 [3d2757fa-b181-4803-bdc5-b482e758aadc@group-4A7041874874-LeaderElection4] INFO  server.RaftServer$Division (RaftServerImpl.java:setRole(329)) - 3d2757fa-b181-4803-bdc5-b482e758aadc@group-4A7041874874: changes role from CANDIDATE to LEADER at term 1 for changeToLeader
2023-07-05 13:41:53,808 [3d2757fa-b181-4803-bdc5-b482e758aadc@group-4A7041874874-LeaderElection4] INFO  ratis.XceiverServerRatis (XceiverServerRatis.java:handleLeaderChangedNotification(902)) - Leader change notification received for group: group-4A7041874874 with new leaderId: 3d2757fa-b181-4803-bdc5-b482e758aadc
2023-07-05 13:41:53,809 [3d2757fa-b181-4803-bdc5-b482e758aadc@group-4A7041874874-LeaderElection4] INFO  server.RaftServer$Division (ServerState.java:setLeader(317)) - 3d2757fa-b181-4803-bdc5-b482e758aadc@group-4A7041874874: change Leader from null to 3d2757fa-b181-4803-bdc5-b482e758aadc at term 1 for becomeLeader, leader elected after 5251ms
2023-07-05 13:41:53,809 [3d2757fa-b181-4803-bdc5-b482e758aadc@group-4A7041874874-LeaderElection4] INFO  server.RaftServerConfigKeys (ConfUtils.java:logGet(46)) - raft.server.staging.catchup.gap = 1000 (default)
2023-07-05 13:41:53,809 [3d2757fa-b181-4803-bdc5-b482e758aadc@group-4A7041874874-LeaderElection4] INFO  server.RaftServerConfigKeys (ConfUtils.java:logGet(46)) - raft.server.write.element-limit = 1024 (custom)
2023-07-05 13:41:53,809 [3d2757fa-b181-4803-bdc5-b482e758aadc@group-4A7041874874-LeaderElection4] INFO  server.RaftServerConfigKeys (ConfUtils.java:logGet(46)) - raft.server.write.byte-limit = 1024 M (=1073741824) (custom)
2023-07-05 13:41:53,814 [3d2757fa-b181-4803-bdc5-b482e758aadc@group-4A7041874874-LeaderElection4] INFO  server.RaftServerConfigKeys (ConfUtils.java:logGet(46)) - raft.server.watch.timeout = 180s (custom)
2023-07-05 13:41:53,814 [3d2757fa-b181-4803-bdc5-b482e758aadc@group-4A7041874874-LeaderElection4] INFO  server.RaftServerConfigKeys (ConfUtils.java:logGet(46)) - raft.server.watch.timeout.denomination = 1s (default)
2023-07-05 13:41:53,814 [3d2757fa-b181-4803-bdc5-b482e758aadc@group-4A7041874874-LeaderElection4] INFO  server.RaftServerConfigKeys (ConfUtils.java:logGet(46)) - raft.server.watch.element-limit = 65536 (default)
2023-07-05 13:41:53,815 [3d2757fa-b181-4803-bdc5-b482e758aadc@group-4A7041874874-LeaderElection4] INFO  server.RaftServerConfigKeys (ConfUtils.java:logGet(46)) - raft.server.write.element-limit = 1024 (custom)
2023-07-05 13:41:53,815 [3d2757fa-b181-4803-bdc5-b482e758aadc@group-4A7041874874-LeaderElection4] INFO  server.RaftServerConfigKeys (ConfUtils.java:logGet(46)) - raft.server.write.follower.gap.ratio.max = -1.0 (default)
2023-07-05 13:41:53,815 [3d2757fa-b181-4803-bdc5-b482e758aadc@group-4A7041874874-LeaderElection4] INFO  impl.RoleInfo (RoleInfo.java:updateAndGet(139)) - 3d2757fa-b181-4803-bdc5-b482e758aadc: start 3d2757fa-b181-4803-bdc5-b482e758aadc@group-4A7041874874-LeaderStateImpl
2023-07-05 13:41:53,815 [3d2757fa-b181-4803-bdc5-b482e758aadc@group-4A7041874874-LeaderElection4] INFO  segmented.SegmentedRaftLogWorker (SegmentedRaftLogWorker.java:startLogSegment(447)) - 3d2757fa-b181-4803-bdc5-b482e758aadc@group-4A7041874874-SegmentedRaftLogWorker: Starting segment from index:0
2023-07-05 13:41:53,817 [3d2757fa-b181-4803-bdc5-b482e758aadc@group-4A7041874874-SegmentedRaftLogWorker] INFO  segmented.SegmentedRaftLogWorker (SegmentedRaftLogWorker.java:execute(651)) - 3d2757fa-b181-4803-bdc5-b482e758aadc@group-4A7041874874-SegmentedRaftLogWorker: created new log segment /home/runner/work/ozone/ozone/hadoop-ozone/integration-test/target/test-dir/MiniOzoneClusterImpl-4f26d1f9-f73a-4647-bb3a-126a945bf307/datanode-1/data/ratis/531ae59c-1464-49a7-8d74-4a7041874874/current/log_inprogress_0
2023-07-05 13:41:53,823 [3d2757fa-b181-4803-bdc5-b482e758aadc@group-4A7041874874-LeaderElection4] INFO  server.RaftServer$Division (ServerState.java:setRaftConf(434)) - 3d2757fa-b181-4803-bdc5-b482e758aadc@group-4A7041874874: set configuration 0: peers:[3d2757fa-b181-4803-bdc5-b482e758aadc|rpc:10.1.0.13:15023|admin:10.1.0.13:15022|client:10.1.0.13:15021|dataStream:10.1.0.13:15024|priority:1|startupRole:FOLLOWER]|listeners:[], old=null
2023-07-05 13:41:54,390 [3d2757fa-b181-4803-bdc5-b482e758aadc@group-0F65B45798A5-FollowerState] INFO  impl.FollowerState (FollowerState.java:run(143)) - 3d2757fa-b181-4803-bdc5-b482e758aadc@group-0F65B45798A5-FollowerState: change to CANDIDATE, lastRpcElapsedTime:5122584627ns, electionTimeout:5063ms
2023-07-05 13:41:54,391 [3d2757fa-b181-4803-bdc5-b482e758aadc@group-0F65B45798A5-FollowerState] INFO  impl.RoleInfo (RoleInfo.java:shutdownFollowerState(110)) - 3d2757fa-b181-4803-bdc5-b482e758aadc: shutdown 3d2757fa-b181-4803-bdc5-b482e758aadc@group-0F65B45798A5-FollowerState
2023-07-05 13:41:54,391 [3d2757fa-b181-4803-bdc5-b482e758aadc@group-0F65B45798A5-FollowerState] INFO  server.RaftServer$Division (RaftServerImpl.java:setRole(329)) - 3d2757fa-b181-4803-bdc5-b482e758aadc@group-0F65B45798A5: changes role from  FOLLOWER to CANDIDATE at term 0 for changeToCandidate
2023-07-05 13:41:54,394 [2fb81e1d-6d09-4813-9c49-550bf392ffad@group-0F65B45798A5-FollowerState] INFO  impl.FollowerState (FollowerState.java:run(143)) - 2fb81e1d-6d09-4813-9c49-550bf392ffad@group-0F65B45798A5-FollowerState: change to CANDIDATE, lastRpcElapsedTime:5238784981ns, electionTimeout:5156ms
2023-07-05 13:41:54,395 [57c60944-bb7c-45d4-a857-02381db20eb8@group-0F65B45798A5-FollowerState] INFO  impl.FollowerState (FollowerState.java:run(143)) - 57c60944-bb7c-45d4-a857-02381db20eb8@group-0F65B45798A5-FollowerState: change to CANDIDATE, lastRpcElapsedTime:5162323753ns, electionTimeout:5050ms
2023-07-05 13:41:54,395 [2fb81e1d-6d09-4813-9c49-550bf392ffad@group-0F65B45798A5-FollowerState] INFO  impl.RoleInfo (RoleInfo.java:shutdownFollowerState(110)) - 2fb81e1d-6d09-4813-9c49-550bf392ffad: shutdown 2fb81e1d-6d09-4813-9c49-550bf392ffad@group-0F65B45798A5-FollowerState
2023-07-05 13:41:54,395 [2fb81e1d-6d09-4813-9c49-550bf392ffad@group-0F65B45798A5-FollowerState] INFO  server.RaftServer$Division (RaftServerImpl.java:setRole(329)) - 2fb81e1d-6d09-4813-9c49-550bf392ffad@group-0F65B45798A5: changes role from  FOLLOWER to CANDIDATE at term 0 for changeToCandidate
2023-07-05 13:41:54,400 [3d2757fa-b181-4803-bdc5-b482e758aadc@group-0F65B45798A5-FollowerState] INFO  server.RaftServerConfigKeys (ConfUtils.java:logGet(46)) - raft.server.leaderelection.pre-vote = true (default)
2023-07-05 13:41:54,401 [3d2757fa-b181-4803-bdc5-b482e758aadc@group-0F65B45798A5-FollowerState] INFO  impl.RoleInfo (RoleInfo.java:updateAndGet(139)) - 3d2757fa-b181-4803-bdc5-b482e758aadc: start 3d2757fa-b181-4803-bdc5-b482e758aadc@group-0F65B45798A5-LeaderElection5
2023-07-05 13:41:54,398 [JvmPauseMonitor3] WARN  util.JvmPauseMonitor (JvmPauseMonitor.java:detectPause(124)) - JvmPauseMonitor-3d2757fa-b181-4803-bdc5-b482e758aadc: Detected pause in JVM or host machine approximately 0.292s with 0.325s GC time.
GC pool 'PS MarkSweep' had collection(s): count=1 time=234ms
GC pool 'PS Scavenge' had collection(s): count=1 time=91ms
2023-07-05 13:41:54,397 [JvmPauseMonitor0] WARN  util.JvmPauseMonitor (JvmPauseMonitor.java:detectPause(124)) - JvmPauseMonitor-d96c8806-c437-45da-990e-07e985902aa8: Detected pause in JVM or host machine approximately 0.277s with 0.325s GC time.
GC pool 'PS MarkSweep' had collection(s): count=1 time=234ms
GC pool 'PS Scavenge' had collection(s): count=1 time=91ms
2023-07-05 13:41:54,397 [JvmPauseMonitor4] WARN  util.JvmPauseMonitor (JvmPauseMonitor.java:detectPause(124)) - JvmPauseMonitor-57c60944-bb7c-45d4-a857-02381db20eb8: Detected pause in JVM or host machine approximately 0.275s with 0.325s GC time.
GC pool 'PS MarkSweep' had collection(s): count=1 time=234ms
GC pool 'PS Scavenge' had collection(s): count=1 time=91ms
2023-07-05 13:41:54,402 [2fb81e1d-6d09-4813-9c49-550bf392ffad@group-0F65B45798A5-FollowerState] INFO  server.RaftServerConfigKeys (ConfUtils.java:logGet(46)) - raft.server.leaderelection.pre-vote = true (default)
2023-07-05 13:41:54,402 [2fb81e1d-6d09-4813-9c49-550bf392ffad@group-0F65B45798A5-FollowerState] INFO  impl.RoleInfo (RoleInfo.java:updateAndGet(139)) - 2fb81e1d-6d09-4813-9c49-550bf392ffad: start 2fb81e1d-6d09-4813-9c49-550bf392ffad@group-0F65B45798A5-LeaderElection6
2023-07-05 13:41:54,397 [JvmPauseMonitor5] WARN  util.JvmPauseMonitor (JvmPauseMonitor.java:detectPause(124)) - JvmPauseMonitor-5208b228-229c-45e5-8ed5-a8a29880b91d: Detected pause in JVM or host machine approximately 0.274s with 0.325s GC time.
GC pool 'PS MarkSweep' had collection(s): count=1 time=234ms
GC pool 'PS Scavenge' had collection(s): count=1 time=91ms
2023-07-05 13:41:54,397 [JvmPauseMonitor2] WARN  util.JvmPauseMonitor (JvmPauseMonitor.java:detectPause(124)) - JvmPauseMonitor-2fb81e1d-6d09-4813-9c49-550bf392ffad: Detected pause in JVM or host machine approximately 0.250s with 0.325s GC time.
GC pool 'PS MarkSweep' had collection(s): count=1 time=234ms
GC pool 'PS Scavenge' had collection(s): count=1 time=91ms
2023-07-05 13:41:54,396 [JvmPauseMonitor6] WARN  util.JvmPauseMonitor (JvmPauseMonitor.java:detectPause(124)) - JvmPauseMonitor-7fafb357-0952-493d-8025-8d38636482be: Detected pause in JVM or host machine approximately 0.202s with 0.325s GC time.
GC pool 'PS MarkSweep' had collection(s): count=1 time=234ms
GC pool 'PS Scavenge' had collection(s): count=1 time=91ms
2023-07-05 13:41:54,396 [JvmPauseMonitor1] WARN  util.JvmPauseMonitor (JvmPauseMonitor.java:detectPause(124)) - JvmPauseMonitor-om1: Detected pause in JVM or host machine approximately 0.167s with 0.325s GC time.
GC pool 'PS MarkSweep' had collection(s): count=1 time=234ms
GC pool 'PS Scavenge' had collection(s): count=1 time=91ms
2023-07-05 13:41:54,396 [57c60944-bb7c-45d4-a857-02381db20eb8@group-9F65EE4C7CA7-FollowerState] INFO  impl.FollowerState (FollowerState.java:run(143)) - 57c60944-bb7c-45d4-a857-02381db20eb8@group-9F65EE4C7CA7-FollowerState: change to CANDIDATE, lastRpcElapsedTime:5212830302ns, electionTimeout:5047ms
2023-07-05 13:41:54,395 [57c60944-bb7c-45d4-a857-02381db20eb8@group-0F65B45798A5-FollowerState] INFO  impl.RoleInfo (RoleInfo.java:shutdownFollowerState(110)) - 57c60944-bb7c-45d4-a857-02381db20eb8: shutdown 57c60944-bb7c-45d4-a857-02381db20eb8@group-0F65B45798A5-FollowerState
2023-07-05 13:41:54,402 [57c60944-bb7c-45d4-a857-02381db20eb8@group-0F65B45798A5-FollowerState] INFO  server.RaftServer$Division (RaftServerImpl.java:setRole(329)) - 57c60944-bb7c-45d4-a857-02381db20eb8@group-0F65B45798A5: changes role from  FOLLOWER to CANDIDATE at term 0 for changeToCandidate
2023-07-05 13:41:54,402 [57c60944-bb7c-45d4-a857-02381db20eb8@group-9F65EE4C7CA7-FollowerState] INFO  impl.RoleInfo (RoleInfo.java:shutdownFollowerState(110)) - 57c60944-bb7c-45d4-a857-02381db20eb8: shutdown 57c60944-bb7c-45d4-a857-02381db20eb8@group-9F65EE4C7CA7-FollowerState
2023-07-05 13:41:54,403 [57c60944-bb7c-45d4-a857-02381db20eb8@group-9F65EE4C7CA7-FollowerState] INFO  server.RaftServer$Division (RaftServerImpl.java:setRole(329)) - 57c60944-bb7c-45d4-a857-02381db20eb8@group-9F65EE4C7CA7: changes role from  FOLLOWER to CANDIDATE at term 0 for changeToCandidate
2023-07-05 13:41:54,407 [57c60944-bb7c-45d4-a857-02381db20eb8@group-0F65B45798A5-FollowerState] INFO  server.RaftServerConfigKeys (ConfUtils.java:logGet(46)) - raft.server.leaderelection.pre-vote = true (default)
2023-07-05 13:41:54,407 [57c60944-bb7c-45d4-a857-02381db20eb8@group-0F65B45798A5-FollowerState] INFO  impl.RoleInfo (RoleInfo.java:updateAndGet(139)) - 57c60944-bb7c-45d4-a857-02381db20eb8: start 57c60944-bb7c-45d4-a857-02381db20eb8@group-0F65B45798A5-LeaderElection7
2023-07-05 13:41:54,407 [57c60944-bb7c-45d4-a857-02381db20eb8@group-9F65EE4C7CA7-FollowerState] INFO  server.RaftServerConfigKeys (ConfUtils.java:logGet(46)) - raft.server.leaderelection.pre-vote = true (default)
2023-07-05 13:41:54,407 [57c60944-bb7c-45d4-a857-02381db20eb8@group-9F65EE4C7CA7-FollowerState] INFO  impl.RoleInfo (RoleInfo.java:updateAndGet(139)) - 57c60944-bb7c-45d4-a857-02381db20eb8: start 57c60944-bb7c-45d4-a857-02381db20eb8@group-9F65EE4C7CA7-LeaderElection8
2023-07-05 13:41:54,415 [3d2757fa-b181-4803-bdc5-b482e758aadc@group-0F65B45798A5-LeaderElection5] INFO  impl.LeaderElection (LeaderElection.java:askForVotes(321)) - 3d2757fa-b181-4803-bdc5-b482e758aadc@group-0F65B45798A5-LeaderElection5 PRE_VOTE round 0: submit vote requests at term 0 for -1: peers:[2fb81e1d-6d09-4813-9c49-550bf392ffad|rpc:10.1.0.13:15014|admin:10.1.0.13:15013|client:10.1.0.13:15012|dataStream:10.1.0.13:15015|priority:0|startupRole:FOLLOWER, 3d2757fa-b181-4803-bdc5-b482e758aadc|rpc:10.1.0.13:15023|admin:10.1.0.13:15022|client:10.1.0.13:15021|dataStream:10.1.0.13:15024|priority:1|startupRole:FOLLOWER, 57c60944-bb7c-45d4-a857-02381db20eb8|rpc:10.1.0.13:15032|admin:10.1.0.13:15031|client:10.1.0.13:15030|dataStream:10.1.0.13:15033|priority:0|startupRole:FOLLOWER]|listeners:[], old=null
2023-07-05 13:41:54,416 [3d2757fa-b181-4803-bdc5-b482e758aadc@group-0F65B45798A5-LeaderElection5-1] INFO  server.GrpcServerProtocolClient (GrpcServerProtocolClient.java:<init>(65)) - Build channel for 2fb81e1d-6d09-4813-9c49-550bf392ffad
2023-07-05 13:41:54,418 [3d2757fa-b181-4803-bdc5-b482e758aadc@group-0F65B45798A5-LeaderElection5] INFO  server.RaftServerConfigKeys (ConfUtils.java:logFallback(53)) - raft.server.rpc.first-election.timeout.min = 5s (fallback to raft.server.rpc.timeout.min)
2023-07-05 13:41:54,420 [57c60944-bb7c-45d4-a857-02381db20eb8@group-9F65EE4C7CA7-LeaderElection8] INFO  impl.LeaderElection (LeaderElection.java:askForVotes(321)) - 57c60944-bb7c-45d4-a857-02381db20eb8@group-9F65EE4C7CA7-LeaderElection8 PRE_VOTE round 0: submit vote requests at term 0 for -1: peers:[57c60944-bb7c-45d4-a857-02381db20eb8|rpc:10.1.0.13:15032|admin:10.1.0.13:15031|client:10.1.0.13:15030|dataStream:10.1.0.13:15033|priority:1|startupRole:FOLLOWER]|listeners:[], old=null
2023-07-05 13:41:54,421 [57c60944-bb7c-45d4-a857-02381db20eb8@group-9F65EE4C7CA7-LeaderElection8] INFO  impl.LeaderElection (LeaderElection.java:askForVotes(323)) - 57c60944-bb7c-45d4-a857-02381db20eb8@group-9F65EE4C7CA7-LeaderElection8 PRE_VOTE round 0: result PASSED (term=0)
2023-07-05 13:41:54,421 [57c60944-bb7c-45d4-a857-02381db20eb8@group-0F65B45798A5-LeaderElection7] INFO  impl.LeaderElection (LeaderElection.java:askForVotes(321)) - 57c60944-bb7c-45d4-a857-02381db20eb8@group-0F65B45798A5-LeaderElection7 PRE_VOTE round 0: submit vote requests at term 0 for -1: peers:[2fb81e1d-6d09-4813-9c49-550bf392ffad|rpc:10.1.0.13:15014|admin:10.1.0.13:15013|client:10.1.0.13:15012|dataStream:10.1.0.13:15015|priority:0|startupRole:FOLLOWER, 3d2757fa-b181-4803-bdc5-b482e758aadc|rpc:10.1.0.13:15023|admin:10.1.0.13:15022|client:10.1.0.13:15021|dataStream:10.1.0.13:15024|priority:1|startupRole:FOLLOWER, 57c60944-bb7c-45d4-a857-02381db20eb8|rpc:10.1.0.13:15032|admin:10.1.0.13:15031|client:10.1.0.13:15030|dataStream:10.1.0.13:15033|priority:0|startupRole:FOLLOWER]|listeners:[], old=null
2023-07-05 13:41:54,428 [3d2757fa-b181-4803-bdc5-b482e758aadc@group-0F65B45798A5-LeaderElection5] INFO  server.RaftServerConfigKeys (ConfUtils.java:logFallback(53)) - raft.server.rpc.first-election.timeout.max = 5200ms (fallback to raft.server.rpc.timeout.max)
2023-07-05 13:41:54,428 [57c60944-bb7c-45d4-a857-02381db20eb8@group-0F65B45798A5-LeaderElection7-1] INFO  server.GrpcServerProtocolClient (GrpcServerProtocolClient.java:<init>(65)) - Build channel for 2fb81e1d-6d09-4813-9c49-550bf392ffad
2023-07-05 13:41:54,433 [2fb81e1d-6d09-4813-9c49-550bf392ffad@group-0F65B45798A5-LeaderElection6] INFO  impl.LeaderElection (LeaderElection.java:askForVotes(321)) - 2fb81e1d-6d09-4813-9c49-550bf392ffad@group-0F65B45798A5-LeaderElection6 PRE_VOTE round 0: submit vote requests at term 0 for -1: peers:[2fb81e1d-6d09-4813-9c49-550bf392ffad|rpc:10.1.0.13:15014|admin:10.1.0.13:15013|client:10.1.0.13:15012|dataStream:10.1.0.13:15015|priority:0|startupRole:FOLLOWER, 3d2757fa-b181-4803-bdc5-b482e758aadc|rpc:10.1.0.13:15023|admin:10.1.0.13:15022|client:10.1.0.13:15021|dataStream:10.1.0.13:15024|priority:1|startupRole:FOLLOWER, 57c60944-bb7c-45d4-a857-02381db20eb8|rpc:10.1.0.13:15032|admin:10.1.0.13:15031|client:10.1.0.13:15030|dataStream:10.1.0.13:15033|priority:0|startupRole:FOLLOWER]|listeners:[], old=null
2023-07-05 13:41:54,430 [57c60944-bb7c-45d4-a857-02381db20eb8@group-9F65EE4C7CA7-LeaderElection8] INFO  impl.LeaderElection (LeaderElection.java:askForVotes(321)) - 57c60944-bb7c-45d4-a857-02381db20eb8@group-9F65EE4C7CA7-LeaderElection8 ELECTION round 0: submit vote requests at term 1 for -1: peers:[57c60944-bb7c-45d4-a857-02381db20eb8|rpc:10.1.0.13:15032|admin:10.1.0.13:15031|client:10.1.0.13:15030|dataStream:10.1.0.13:15033|priority:1|startupRole:FOLLOWER]|listeners:[], old=null
2023-07-05 13:41:54,445 [57c60944-bb7c-45d4-a857-02381db20eb8@group-9F65EE4C7CA7-LeaderElection8] INFO  impl.LeaderElection (LeaderElection.java:askForVotes(323)) - 57c60944-bb7c-45d4-a857-02381db20eb8@group-9F65EE4C7CA7-LeaderElection8 ELECTION round 0: result PASSED (term=1)
2023-07-05 13:41:54,445 [57c60944-bb7c-45d4-a857-02381db20eb8@group-9F65EE4C7CA7-LeaderElection8] INFO  impl.RoleInfo (RoleInfo.java:shutdownLeaderElection(130)) - 57c60944-bb7c-45d4-a857-02381db20eb8: shutdown 57c60944-bb7c-45d4-a857-02381db20eb8@group-9F65EE4C7CA7-LeaderElection8
2023-07-05 13:41:54,445 [57c60944-bb7c-45d4-a857-02381db20eb8@group-9F65EE4C7CA7-LeaderElection8] INFO  server.RaftServer$Division (RaftServerImpl.java:setRole(329)) - 57c60944-bb7c-45d4-a857-02381db20eb8@group-9F65EE4C7CA7: changes role from CANDIDATE to LEADER at term 1 for changeToLeader
2023-07-05 13:41:54,445 [57c60944-bb7c-45d4-a857-02381db20eb8@group-9F65EE4C7CA7-LeaderElection8] INFO  ratis.XceiverServerRatis (XceiverServerRatis.java:handleLeaderChangedNotification(902)) - Leader change notification received for group: group-9F65EE4C7CA7 with new leaderId: 57c60944-bb7c-45d4-a857-02381db20eb8
2023-07-05 13:41:54,429 [3d2757fa-b181-4803-bdc5-b482e758aadc@group-0F65B45798A5-LeaderElection5-2] INFO  server.GrpcServerProtocolClient (GrpcServerProtocolClient.java:<init>(65)) - Build channel for 57c60944-bb7c-45d4-a857-02381db20eb8
2023-07-05 13:41:54,460 [grpc-default-executor-1] INFO  server.RaftServer$Division (RaftServerImpl.java:requestVote(1302)) - 3d2757fa-b181-4803-bdc5-b482e758aadc@group-0F65B45798A5: receive requestVote(PRE_VOTE, 2fb81e1d-6d09-4813-9c49-550bf392ffad, group-0F65B45798A5, 0, (t:0, i:0))
2023-07-05 13:41:54,461 [grpc-default-executor-1] INFO  impl.VoteContext (VoteContext.java:log(49)) - 3d2757fa-b181-4803-bdc5-b482e758aadc@group-0F65B45798A5-CANDIDATE: reject PRE_VOTE from 2fb81e1d-6d09-4813-9c49-550bf392ffad: our priority 1 > candidate's priority 0
2023-07-05 13:41:54,461 [grpc-default-executor-1] INFO  server.RaftServer$Division (RaftServerImpl.java:requestVote(1335)) - 3d2757fa-b181-4803-bdc5-b482e758aadc@group-0F65B45798A5 replies to PRE_VOTE vote request: 2fb81e1d-6d09-4813-9c49-550bf392ffad<-3d2757fa-b181-4803-bdc5-b482e758aadc#0:FAIL-t0. Peer's state: 3d2757fa-b181-4803-bdc5-b482e758aadc@group-0F65B45798A5:t0, leader=null, voted=, raftlog=Memoized:3d2757fa-b181-4803-bdc5-b482e758aadc@group-0F65B45798A5-SegmentedRaftLog:OPENED:c-1, conf=-1: peers:[2fb81e1d-6d09-4813-9c49-550bf392ffad|rpc:10.1.0.13:15014|admin:10.1.0.13:15013|client:10.1.0.13:15012|dataStream:10.1.0.13:15015|priority:0|startupRole:FOLLOWER, 3d2757fa-b181-4803-bdc5-b482e758aadc|rpc:10.1.0.13:15023|admin:10.1.0.13:15022|client:10.1.0.13:15021|dataStream:10.1.0.13:15024|priority:1|startupRole:FOLLOWER, 57c60944-bb7c-45d4-a857-02381db20eb8|rpc:10.1.0.13:15032|admin:10.1.0.13:15031|client:10.1.0.13:15030|dataStream:10.1.0.13:15033|priority:0|startupRole:FOLLOWER]|listeners:[], old=null
2023-07-05 13:41:54,428 [57c60944-bb7c-45d4-a857-02381db20eb8@group-0F65B45798A5-LeaderElection7-2] INFO  server.GrpcServerProtocolClient (GrpcServerProtocolClient.java:<init>(65)) - Build channel for 3d2757fa-b181-4803-bdc5-b482e758aadc
2023-07-05 13:41:54,428 [57c60944-bb7c-45d4-a857-02381db20eb8@group-0F65B45798A5-LeaderElection7] INFO  server.RaftServerConfigKeys (ConfUtils.java:logFallback(53)) - raft.server.rpc.first-election.timeout.min = 5s (fallback to raft.server.rpc.timeout.min)
2023-07-05 13:41:54,459 [57c60944-bb7c-45d4-a857-02381db20eb8@group-9F65EE4C7CA7-LeaderElection8] INFO  server.RaftServer$Division (ServerState.java:setLeader(317)) - 57c60944-bb7c-45d4-a857-02381db20eb8@group-9F65EE4C7CA7: change Leader from null to 57c60944-bb7c-45d4-a857-02381db20eb8 at term 1 for becomeLeader, leader elected after 5316ms
2023-07-05 13:41:54,465 [57c60944-bb7c-45d4-a857-02381db20eb8@group-9F65EE4C7CA7-LeaderElection8] INFO  server.RaftServerConfigKeys (ConfUtils.java:logGet(46)) - raft.server.staging.catchup.gap = 1000 (default)
2023-07-05 13:41:54,465 [57c60944-bb7c-45d4-a857-02381db20eb8@group-9F65EE4C7CA7-LeaderElection8] INFO  server.RaftServerConfigKeys (ConfUtils.java:logGet(46)) - raft.server.write.element-limit = 1024 (custom)
2023-07-05 13:41:54,466 [57c60944-bb7c-45d4-a857-02381db20eb8@group-9F65EE4C7CA7-LeaderElection8] INFO  server.RaftServerConfigKeys (ConfUtils.java:logGet(46)) - raft.server.write.byte-limit = 1024 M (=1073741824) (custom)
2023-07-05 13:41:54,466 [57c60944-bb7c-45d4-a857-02381db20eb8@group-9F65EE4C7CA7-LeaderElection8] INFO  server.RaftServerConfigKeys (ConfUtils.java:logGet(46)) - raft.server.watch.timeout = 180s (custom)
2023-07-05 13:41:54,466 [57c60944-bb7c-45d4-a857-02381db20eb8@group-9F65EE4C7CA7-LeaderElection8] INFO  server.RaftServerConfigKeys (ConfUtils.java:logGet(46)) - raft.server.watch.timeout.denomination = 1s (default)
2023-07-05 13:41:54,466 [57c60944-bb7c-45d4-a857-02381db20eb8@group-9F65EE4C7CA7-LeaderElection8] INFO  server.RaftServerConfigKeys (ConfUtils.java:logGet(46)) - raft.server.watch.element-limit = 65536 (default)
2023-07-05 13:41:54,466 [57c60944-bb7c-45d4-a857-02381db20eb8@group-9F65EE4C7CA7-LeaderElection8] INFO  server.RaftServerConfigKeys (ConfUtils.java:logGet(46)) - raft.server.write.element-limit = 1024 (custom)
2023-07-05 13:41:54,466 [57c60944-bb7c-45d4-a857-02381db20eb8@group-9F65EE4C7CA7-LeaderElection8] INFO  server.RaftServerConfigKeys (ConfUtils.java:logGet(46)) - raft.server.write.follower.gap.ratio.max = -1.0 (default)
2023-07-05 13:41:54,466 [57c60944-bb7c-45d4-a857-02381db20eb8@group-9F65EE4C7CA7-LeaderElection8] INFO  impl.RoleInfo (RoleInfo.java:updateAndGet(139)) - 57c60944-bb7c-45d4-a857-02381db20eb8: start 57c60944-bb7c-45d4-a857-02381db20eb8@group-9F65EE4C7CA7-LeaderStateImpl
2023-07-05 13:41:54,467 [57c60944-bb7c-45d4-a857-02381db20eb8@group-9F65EE4C7CA7-LeaderElection8] INFO  segmented.SegmentedRaftLogWorker (SegmentedRaftLogWorker.java:startLogSegment(447)) - 57c60944-bb7c-45d4-a857-02381db20eb8@group-9F65EE4C7CA7-SegmentedRaftLogWorker: Starting segment from index:0
2023-07-05 13:41:54,456 [2fb81e1d-6d09-4813-9c49-550bf392ffad@group-0F65B45798A5-LeaderElection6] INFO  server.RaftServerConfigKeys (ConfUtils.java:logFallback(53)) - raft.server.rpc.first-election.timeout.min = 5s (fallback to raft.server.rpc.timeout.min)
2023-07-05 13:41:54,467 [2fb81e1d-6d09-4813-9c49-550bf392ffad@group-0F65B45798A5-LeaderElection6] INFO  server.RaftServerConfigKeys (ConfUtils.java:logFallback(53)) - raft.server.rpc.first-election.timeout.max = 5200ms (fallback to raft.server.rpc.timeout.max)
2023-07-05 13:41:54,454 [5208b228-229c-45e5-8ed5-a8a29880b91d@group-BD6D76CC83E7-FollowerState] INFO  impl.FollowerState (FollowerState.java:run(143)) - 5208b228-229c-45e5-8ed5-a8a29880b91d@group-BD6D76CC83E7-FollowerState: change to CANDIDATE, lastRpcElapsedTime:5076119649ns, electionTimeout:5074ms
2023-07-05 13:41:54,467 [5208b228-229c-45e5-8ed5-a8a29880b91d@group-BD6D76CC83E7-FollowerState] INFO  impl.RoleInfo (RoleInfo.java:shutdownFollowerState(110)) - 5208b228-229c-45e5-8ed5-a8a29880b91d: shutdown 5208b228-229c-45e5-8ed5-a8a29880b91d@group-BD6D76CC83E7-FollowerState
2023-07-05 13:41:54,468 [5208b228-229c-45e5-8ed5-a8a29880b91d@group-BD6D76CC83E7-FollowerState] INFO  server.RaftServer$Division (RaftServerImpl.java:setRole(329)) - 5208b228-229c-45e5-8ed5-a8a29880b91d@group-BD6D76CC83E7: changes role from  FOLLOWER to CANDIDATE at term 0 for changeToCandidate
2023-07-05 13:41:54,465 [57c60944-bb7c-45d4-a857-02381db20eb8@group-0F65B45798A5-LeaderElection7] INFO  server.RaftServerConfigKeys (ConfUtils.java:logFallback(53)) - raft.server.rpc.first-election.timeout.max = 5200ms (fallback to raft.server.rpc.timeout.max)
2023-07-05 13:41:54,469 [57c60944-bb7c-45d4-a857-02381db20eb8@group-9F65EE4C7CA7-SegmentedRaftLogWorker] INFO  segmented.SegmentedRaftLogWorker (SegmentedRaftLogWorker.java:execute(651)) - 57c60944-bb7c-45d4-a857-02381db20eb8@group-9F65EE4C7CA7-SegmentedRaftLogWorker: created new log segment /home/runner/work/ozone/ozone/hadoop-ozone/integration-test/target/test-dir/MiniOzoneClusterImpl-4f26d1f9-f73a-4647-bb3a-126a945bf307/datanode-2/data/ratis/184f01e4-af05-4b59-9c33-9f65ee4c7ca7/current/log_inprogress_0
2023-07-05 13:41:54,472 [2fb81e1d-6d09-4813-9c49-550bf392ffad@group-0F65B45798A5-LeaderElection6] INFO  impl.LeaderElection (LeaderElection.java:logAndReturn(90)) - 2fb81e1d-6d09-4813-9c49-550bf392ffad@group-0F65B45798A5-LeaderElection6: PRE_VOTE REJECTED received 1 response(s) and 0 exception(s):
2023-07-05 13:41:54,472 [2fb81e1d-6d09-4813-9c49-550bf392ffad@group-0F65B45798A5-LeaderElection6] INFO  impl.LeaderElection (LeaderElection.java:logAndReturn(94)) -   Response 0: 2fb81e1d-6d09-4813-9c49-550bf392ffad<-3d2757fa-b181-4803-bdc5-b482e758aadc#0:FAIL-t0
2023-07-05 13:41:54,472 [2fb81e1d-6d09-4813-9c49-550bf392ffad@group-0F65B45798A5-LeaderElection6] INFO  impl.LeaderElection (LeaderElection.java:askForVotes(323)) - 2fb81e1d-6d09-4813-9c49-550bf392ffad@group-0F65B45798A5-LeaderElection6 PRE_VOTE round 0: result REJECTED
2023-07-05 13:41:54,472 [2fb81e1d-6d09-4813-9c49-550bf392ffad@group-0F65B45798A5-LeaderElection6] INFO  server.RaftServer$Division (RaftServerImpl.java:setRole(329)) - 2fb81e1d-6d09-4813-9c49-550bf392ffad@group-0F65B45798A5: changes role from CANDIDATE to FOLLOWER at term 0 for REJECTED
2023-07-05 13:41:54,472 [2fb81e1d-6d09-4813-9c49-550bf392ffad@group-0F65B45798A5-LeaderElection6] INFO  impl.RoleInfo (RoleInfo.java:shutdownLeaderElection(130)) - 2fb81e1d-6d09-4813-9c49-550bf392ffad: shutdown 2fb81e1d-6d09-4813-9c49-550bf392ffad@group-0F65B45798A5-LeaderElection6
2023-07-05 13:41:54,472 [2fb81e1d-6d09-4813-9c49-550bf392ffad@group-0F65B45798A5-LeaderElection6] INFO  impl.RoleInfo (RoleInfo.java:updateAndGet(139)) - 2fb81e1d-6d09-4813-9c49-550bf392ffad: start 2fb81e1d-6d09-4813-9c49-550bf392ffad@group-0F65B45798A5-FollowerState
2023-07-05 13:41:54,484 [5208b228-229c-45e5-8ed5-a8a29880b91d@group-BD6D76CC83E7-FollowerState] INFO  server.RaftServerConfigKeys (ConfUtils.java:logGet(46)) - raft.server.leaderelection.pre-vote = true (default)
2023-07-05 13:41:54,484 [5208b228-229c-45e5-8ed5-a8a29880b91d@group-BD6D76CC83E7-FollowerState] INFO  impl.RoleInfo (RoleInfo.java:updateAndGet(139)) - 5208b228-229c-45e5-8ed5-a8a29880b91d: start 5208b228-229c-45e5-8ed5-a8a29880b91d@group-BD6D76CC83E7-LeaderElection9
2023-07-05 13:41:54,485 [57c60944-bb7c-45d4-a857-02381db20eb8@group-9F65EE4C7CA7-LeaderElection8] INFO  server.RaftServer$Division (ServerState.java:setRaftConf(434)) - 57c60944-bb7c-45d4-a857-02381db20eb8@group-9F65EE4C7CA7: set configuration 0: peers:[57c60944-bb7c-45d4-a857-02381db20eb8|rpc:10.1.0.13:15032|admin:10.1.0.13:15031|client:10.1.0.13:15030|dataStream:10.1.0.13:15033|priority:1|startupRole:FOLLOWER]|listeners:[], old=null
2023-07-05 13:41:54,494 [5208b228-229c-45e5-8ed5-a8a29880b91d@group-BD6D76CC83E7-LeaderElection9] INFO  impl.LeaderElection (LeaderElection.java:askForVotes(321)) - 5208b228-229c-45e5-8ed5-a8a29880b91d@group-BD6D76CC83E7-LeaderElection9 PRE_VOTE round 0: submit vote requests at term 0 for -1: peers:[5208b228-229c-45e5-8ed5-a8a29880b91d|rpc:10.1.0.13:15041|admin:10.1.0.13:15040|client:10.1.0.13:15039|dataStream:10.1.0.13:15042|priority:1|startupRole:FOLLOWER]|listeners:[], old=null
2023-07-05 13:41:54,494 [5208b228-229c-45e5-8ed5-a8a29880b91d@group-BD6D76CC83E7-LeaderElection9] INFO  impl.LeaderElection (LeaderElection.java:askForVotes(323)) - 5208b228-229c-45e5-8ed5-a8a29880b91d@group-BD6D76CC83E7-LeaderElection9 PRE_VOTE round 0: result PASSED (term=0)
2023-07-05 13:41:54,495 [grpc-default-executor-1] INFO  server.RaftServer$Division (RaftServerImpl.java:requestVote(1302)) - 2fb81e1d-6d09-4813-9c49-550bf392ffad@group-0F65B45798A5: receive requestVote(PRE_VOTE, 3d2757fa-b181-4803-bdc5-b482e758aadc, group-0F65B45798A5, 0, (t:0, i:0))
2023-07-05 13:41:54,495 [grpc-default-executor-1] INFO  impl.VoteContext (VoteContext.java:log(49)) - 2fb81e1d-6d09-4813-9c49-550bf392ffad@group-0F65B45798A5-FOLLOWER: accept PRE_VOTE from 3d2757fa-b181-4803-bdc5-b482e758aadc: our priority 0 <= candidate's priority 1
2023-07-05 13:41:54,495 [grpc-default-executor-1] INFO  server.RaftServer$Division (RaftServerImpl.java:requestVote(1335)) - 2fb81e1d-6d09-4813-9c49-550bf392ffad@group-0F65B45798A5 replies to PRE_VOTE vote request: 3d2757fa-b181-4803-bdc5-b482e758aadc<-2fb81e1d-6d09-4813-9c49-550bf392ffad#0:OK-t0. Peer's state: 2fb81e1d-6d09-4813-9c49-550bf392ffad@group-0F65B45798A5:t0, leader=null, voted=, raftlog=Memoized:2fb81e1d-6d09-4813-9c49-550bf392ffad@group-0F65B45798A5-SegmentedRaftLog:OPENED:c-1, conf=-1: peers:[2fb81e1d-6d09-4813-9c49-550bf392ffad|rpc:10.1.0.13:15014|admin:10.1.0.13:15013|client:10.1.0.13:15012|dataStream:10.1.0.13:15015|priority:0|startupRole:FOLLOWER, 3d2757fa-b181-4803-bdc5-b482e758aadc|rpc:10.1.0.13:15023|admin:10.1.0.13:15022|client:10.1.0.13:15021|dataStream:10.1.0.13:15024|priority:1|startupRole:FOLLOWER, 57c60944-bb7c-45d4-a857-02381db20eb8|rpc:10.1.0.13:15032|admin:10.1.0.13:15031|client:10.1.0.13:15030|dataStream:10.1.0.13:15033|priority:0|startupRole:FOLLOWER]|listeners:[], old=null
2023-07-05 13:41:54,496 [5208b228-229c-45e5-8ed5-a8a29880b91d@group-BD6D76CC83E7-LeaderElection9] INFO  impl.LeaderElection (LeaderElection.java:askForVotes(321)) - 5208b228-229c-45e5-8ed5-a8a29880b91d@group-BD6D76CC83E7-LeaderElection9 ELECTION round 0: submit vote requests at term 1 for -1: peers:[5208b228-229c-45e5-8ed5-a8a29880b91d|rpc:10.1.0.13:15041|admin:10.1.0.13:15040|client:10.1.0.13:15039|dataStream:10.1.0.13:15042|priority:1|startupRole:FOLLOWER]|listeners:[], old=null
2023-07-05 13:41:54,497 [5208b228-229c-45e5-8ed5-a8a29880b91d@group-BD6D76CC83E7-LeaderElection9] INFO  impl.LeaderElection (LeaderElection.java:askForVotes(323)) - 5208b228-229c-45e5-8ed5-a8a29880b91d@group-BD6D76CC83E7-LeaderElection9 ELECTION round 0: result PASSED (term=1)
2023-07-05 13:41:54,497 [5208b228-229c-45e5-8ed5-a8a29880b91d@group-BD6D76CC83E7-LeaderElection9] INFO  impl.RoleInfo (RoleInfo.java:shutdownLeaderElection(130)) - 5208b228-229c-45e5-8ed5-a8a29880b91d: shutdown 5208b228-229c-45e5-8ed5-a8a29880b91d@group-BD6D76CC83E7-LeaderElection9
2023-07-05 13:41:54,497 [5208b228-229c-45e5-8ed5-a8a29880b91d@group-BD6D76CC83E7-LeaderElection9] INFO  server.RaftServer$Division (RaftServerImpl.java:setRole(329)) - 5208b228-229c-45e5-8ed5-a8a29880b91d@group-BD6D76CC83E7: changes role from CANDIDATE to LEADER at term 1 for changeToLeader
2023-07-05 13:41:54,497 [5208b228-229c-45e5-8ed5-a8a29880b91d@group-BD6D76CC83E7-LeaderElection9] INFO  ratis.XceiverServerRatis (XceiverServerRatis.java:handleLeaderChangedNotification(902)) - Leader change notification received for group: group-BD6D76CC83E7 with new leaderId: 5208b228-229c-45e5-8ed5-a8a29880b91d
2023-07-05 13:41:54,498 [5208b228-229c-45e5-8ed5-a8a29880b91d@group-BD6D76CC83E7-LeaderElection9] INFO  server.RaftServer$Division (ServerState.java:setLeader(317)) - 5208b228-229c-45e5-8ed5-a8a29880b91d@group-BD6D76CC83E7: change Leader from null to 5208b228-229c-45e5-8ed5-a8a29880b91d at term 1 for becomeLeader, leader elected after 5188ms
2023-07-05 13:41:54,498 [5208b228-229c-45e5-8ed5-a8a29880b91d@group-BD6D76CC83E7-LeaderElection9] INFO  server.RaftServerConfigKeys (ConfUtils.java:logGet(46)) - raft.server.staging.catchup.gap = 1000 (default)
2023-07-05 13:41:54,499 [5208b228-229c-45e5-8ed5-a8a29880b91d@group-BD6D76CC83E7-LeaderElection9] INFO  server.RaftServerConfigKeys (ConfUtils.java:logGet(46)) - raft.server.write.element-limit = 1024 (custom)
2023-07-05 13:41:54,499 [5208b228-229c-45e5-8ed5-a8a29880b91d@group-BD6D76CC83E7-LeaderElection9] INFO  server.RaftServerConfigKeys (ConfUtils.java:logGet(46)) - raft.server.write.byte-limit = 1024 M (=1073741824) (custom)
2023-07-05 13:41:54,499 [5208b228-229c-45e5-8ed5-a8a29880b91d@group-BD6D76CC83E7-LeaderElection9] INFO  server.RaftServerConfigKeys (ConfUtils.java:logGet(46)) - raft.server.watch.timeout = 180s (custom)
2023-07-05 13:41:54,505 [5208b228-229c-45e5-8ed5-a8a29880b91d@group-BD6D76CC83E7-LeaderElection9] INFO  server.RaftServerConfigKeys (ConfUtils.java:logGet(46)) - raft.server.watch.timeout.denomination = 1s (default)
2023-07-05 13:41:54,506 [5208b228-229c-45e5-8ed5-a8a29880b91d@group-BD6D76CC83E7-LeaderElection9] INFO  server.RaftServerConfigKeys (ConfUtils.java:logGet(46)) - raft.server.watch.element-limit = 65536 (default)
2023-07-05 13:41:54,506 [5208b228-229c-45e5-8ed5-a8a29880b91d@group-BD6D76CC83E7-LeaderElection9] INFO  server.RaftServerConfigKeys (ConfUtils.java:logGet(46)) - raft.server.write.element-limit = 1024 (custom)
2023-07-05 13:41:54,506 [5208b228-229c-45e5-8ed5-a8a29880b91d@group-BD6D76CC83E7-LeaderElection9] INFO  server.RaftServerConfigKeys (ConfUtils.java:logGet(46)) - raft.server.write.follower.gap.ratio.max = -1.0 (default)
2023-07-05 13:41:54,506 [5208b228-229c-45e5-8ed5-a8a29880b91d@group-BD6D76CC83E7-LeaderElection9] INFO  impl.RoleInfo (RoleInfo.java:updateAndGet(139)) - 5208b228-229c-45e5-8ed5-a8a29880b91d: start 5208b228-229c-45e5-8ed5-a8a29880b91d@group-BD6D76CC83E7-LeaderStateImpl
2023-07-05 13:41:54,506 [5208b228-229c-45e5-8ed5-a8a29880b91d@group-BD6D76CC83E7-LeaderElection9] INFO  segmented.SegmentedRaftLogWorker (SegmentedRaftLogWorker.java:startLogSegment(447)) - 5208b228-229c-45e5-8ed5-a8a29880b91d@group-BD6D76CC83E7-SegmentedRaftLogWorker: Starting segment from index:0
2023-07-05 13:41:54,506 [3d2757fa-b181-4803-bdc5-b482e758aadc@group-0F65B45798A5-LeaderElection5] INFO  impl.LeaderElection (LeaderElection.java:logAndReturn(90)) - 3d2757fa-b181-4803-bdc5-b482e758aadc@group-0F65B45798A5-LeaderElection5: PRE_VOTE PASSED received 1 response(s) and 0 exception(s):
2023-07-05 13:41:54,506 [3d2757fa-b181-4803-bdc5-b482e758aadc@group-0F65B45798A5-LeaderElection5] INFO  impl.LeaderElection (LeaderElection.java:logAndReturn(94)) -   Response 0: 3d2757fa-b181-4803-bdc5-b482e758aadc<-2fb81e1d-6d09-4813-9c49-550bf392ffad#0:OK-t0
2023-07-05 13:41:54,507 [3d2757fa-b181-4803-bdc5-b482e758aadc@group-0F65B45798A5-LeaderElection5] INFO  impl.LeaderElection (LeaderElection.java:askForVotes(323)) - 3d2757fa-b181-4803-bdc5-b482e758aadc@group-0F65B45798A5-LeaderElection5 PRE_VOTE round 0: result PASSED
2023-07-05 13:41:54,508 [grpc-default-executor-3] INFO  server.RaftServer$Division (RaftServerImpl.java:requestVote(1302)) - 2fb81e1d-6d09-4813-9c49-550bf392ffad@group-0F65B45798A5: receive requestVote(PRE_VOTE, 57c60944-bb7c-45d4-a857-02381db20eb8, group-0F65B45798A5, 0, (t:0, i:0))
2023-07-05 13:41:54,508 [3d2757fa-b181-4803-bdc5-b482e758aadc@group-0F65B45798A5-LeaderElection5] INFO  impl.LeaderElection (LeaderElection.java:askForVotes(321)) - 3d2757fa-b181-4803-bdc5-b482e758aadc@group-0F65B45798A5-LeaderElection5 ELECTION round 0: submit vote requests at term 1 for -1: peers:[2fb81e1d-6d09-4813-9c49-550bf392ffad|rpc:10.1.0.13:15014|admin:10.1.0.13:15013|client:10.1.0.13:15012|dataStream:10.1.0.13:15015|priority:0|startupRole:FOLLOWER, 3d2757fa-b181-4803-bdc5-b482e758aadc|rpc:10.1.0.13:15023|admin:10.1.0.13:15022|client:10.1.0.13:15021|dataStream:10.1.0.13:15024|priority:1|startupRole:FOLLOWER, 57c60944-bb7c-45d4-a857-02381db20eb8|rpc:10.1.0.13:15032|admin:10.1.0.13:15031|client:10.1.0.13:15030|dataStream:10.1.0.13:15033|priority:0|startupRole:FOLLOWER]|listeners:[], old=null
2023-07-05 13:41:54,508 [grpc-default-executor-3] INFO  impl.VoteContext (VoteContext.java:log(49)) - 2fb81e1d-6d09-4813-9c49-550bf392ffad@group-0F65B45798A5-FOLLOWER: accept PRE_VOTE from 57c60944-bb7c-45d4-a857-02381db20eb8: our priority 0 <= candidate's priority 0
2023-07-05 13:41:54,508 [grpc-default-executor-3] INFO  server.RaftServer$Division (RaftServerImpl.java:requestVote(1335)) - 2fb81e1d-6d09-4813-9c49-550bf392ffad@group-0F65B45798A5 replies to PRE_VOTE vote request: 57c60944-bb7c-45d4-a857-02381db20eb8<-2fb81e1d-6d09-4813-9c49-550bf392ffad#0:OK-t0. Peer's state: 2fb81e1d-6d09-4813-9c49-550bf392ffad@group-0F65B45798A5:t0, leader=null, voted=, raftlog=Memoized:2fb81e1d-6d09-4813-9c49-550bf392ffad@group-0F65B45798A5-SegmentedRaftLog:OPENED:c-1, conf=-1: peers:[2fb81e1d-6d09-4813-9c49-550bf392ffad|rpc:10.1.0.13:15014|admin:10.1.0.13:15013|client:10.1.0.13:15012|dataStream:10.1.0.13:15015|priority:0|startupRole:FOLLOWER, 3d2757fa-b181-4803-bdc5-b482e758aadc|rpc:10.1.0.13:15023|admin:10.1.0.13:15022|client:10.1.0.13:15021|dataStream:10.1.0.13:15024|priority:1|startupRole:FOLLOWER, 57c60944-bb7c-45d4-a857-02381db20eb8|rpc:10.1.0.13:15032|admin:10.1.0.13:15031|client:10.1.0.13:15030|dataStream:10.1.0.13:15033|priority:0|startupRole:FOLLOWER]|listeners:[], old=null
2023-07-05 13:41:54,509 [5208b228-229c-45e5-8ed5-a8a29880b91d@group-BD6D76CC83E7-SegmentedRaftLogWorker] INFO  segmented.SegmentedRaftLogWorker (SegmentedRaftLogWorker.java:execute(651)) - 5208b228-229c-45e5-8ed5-a8a29880b91d@group-BD6D76CC83E7-SegmentedRaftLogWorker: created new log segment /home/runner/work/ozone/ozone/hadoop-ozone/integration-test/target/test-dir/MiniOzoneClusterImpl-4f26d1f9-f73a-4647-bb3a-126a945bf307/datanode-3/data/ratis/14bbc736-12a2-417e-9ae0-bd6d76cc83e7/current/log_inprogress_0
2023-07-05 13:41:54,512 [grpc-default-executor-3] INFO  server.RaftServer$Division (RaftServerImpl.java:requestVote(1302)) - 57c60944-bb7c-45d4-a857-02381db20eb8@group-0F65B45798A5: receive requestVote(PRE_VOTE, 2fb81e1d-6d09-4813-9c49-550bf392ffad, group-0F65B45798A5, 0, (t:0, i:0))
2023-07-05 13:41:54,512 [grpc-default-executor-3] INFO  impl.VoteContext (VoteContext.java:log(49)) - 57c60944-bb7c-45d4-a857-02381db20eb8@group-0F65B45798A5-CANDIDATE: accept PRE_VOTE from 2fb81e1d-6d09-4813-9c49-550bf392ffad: our priority 0 <= candidate's priority 0
2023-07-05 13:41:54,512 [grpc-default-executor-3] INFO  server.RaftServer$Division (RaftServerImpl.java:requestVote(1335)) - 57c60944-bb7c-45d4-a857-02381db20eb8@group-0F65B45798A5 replies to PRE_VOTE vote request: 2fb81e1d-6d09-4813-9c49-550bf392ffad<-57c60944-bb7c-45d4-a857-02381db20eb8#0:OK-t0. Peer's state: 57c60944-bb7c-45d4-a857-02381db20eb8@group-0F65B45798A5:t0, leader=null, voted=, raftlog=Memoized:57c60944-bb7c-45d4-a857-02381db20eb8@group-0F65B45798A5-SegmentedRaftLog:OPENED:c-1, conf=-1: peers:[2fb81e1d-6d09-4813-9c49-550bf392ffad|rpc:10.1.0.13:15014|admin:10.1.0.13:15013|client:10.1.0.13:15012|dataStream:10.1.0.13:15015|priority:0|startupRole:FOLLOWER, 3d2757fa-b181-4803-bdc5-b482e758aadc|rpc:10.1.0.13:15023|admin:10.1.0.13:15022|client:10.1.0.13:15021|dataStream:10.1.0.13:15024|priority:1|startupRole:FOLLOWER, 57c60944-bb7c-45d4-a857-02381db20eb8|rpc:10.1.0.13:15032|admin:10.1.0.13:15031|client:10.1.0.13:15030|dataStream:10.1.0.13:15033|priority:0|startupRole:FOLLOWER]|listeners:[], old=null
2023-07-05 13:41:54,513 [3d2757fa-b181-4803-bdc5-b482e758aadc@group-0F65B45798A5-LeaderElection5] INFO  server.RaftServerConfigKeys (ConfUtils.java:logFallback(53)) - raft.server.rpc.first-election.timeout.min = 5s (fallback to raft.server.rpc.timeout.min)
2023-07-05 13:41:54,513 [3d2757fa-b181-4803-bdc5-b482e758aadc@group-0F65B45798A5-LeaderElection5] INFO  server.RaftServerConfigKeys (ConfUtils.java:logFallback(53)) - raft.server.rpc.first-election.timeout.max = 5200ms (fallback to raft.server.rpc.timeout.max)
2023-07-05 13:41:54,526 [5208b228-229c-45e5-8ed5-a8a29880b91d@group-BD6D76CC83E7-LeaderElection9] INFO  server.RaftServer$Division (ServerState.java:setRaftConf(434)) - 5208b228-229c-45e5-8ed5-a8a29880b91d@group-BD6D76CC83E7: set configuration 0: peers:[5208b228-229c-45e5-8ed5-a8a29880b91d|rpc:10.1.0.13:15041|admin:10.1.0.13:15040|client:10.1.0.13:15039|dataStream:10.1.0.13:15042|priority:1|startupRole:FOLLOWER]|listeners:[], old=null
2023-07-05 13:41:54,526 [grpc-default-executor-1] INFO  server.RaftServer$Division (RaftServerImpl.java:requestVote(1302)) - 3d2757fa-b181-4803-bdc5-b482e758aadc@group-0F65B45798A5: receive requestVote(PRE_VOTE, 57c60944-bb7c-45d4-a857-02381db20eb8, group-0F65B45798A5, 0, (t:0, i:0))
2023-07-05 13:41:54,527 [grpc-default-executor-1] INFO  impl.VoteContext (VoteContext.java:log(49)) - 3d2757fa-b181-4803-bdc5-b482e758aadc@group-0F65B45798A5-CANDIDATE: reject PRE_VOTE from 57c60944-bb7c-45d4-a857-02381db20eb8: our priority 1 > candidate's priority 0
2023-07-05 13:41:54,527 [grpc-default-executor-1] INFO  server.RaftServer$Division (RaftServerImpl.java:requestVote(1335)) - 3d2757fa-b181-4803-bdc5-b482e758aadc@group-0F65B45798A5 replies to PRE_VOTE vote request: 57c60944-bb7c-45d4-a857-02381db20eb8<-3d2757fa-b181-4803-bdc5-b482e758aadc#0:FAIL-t1. Peer's state: 3d2757fa-b181-4803-bdc5-b482e758aadc@group-0F65B45798A5:t1, leader=null, voted=3d2757fa-b181-4803-bdc5-b482e758aadc, raftlog=Memoized:3d2757fa-b181-4803-bdc5-b482e758aadc@group-0F65B45798A5-SegmentedRaftLog:OPENED:c-1, conf=-1: peers:[2fb81e1d-6d09-4813-9c49-550bf392ffad|rpc:10.1.0.13:15014|admin:10.1.0.13:15013|client:10.1.0.13:15012|dataStream:10.1.0.13:15015|priority:0|startupRole:FOLLOWER, 3d2757fa-b181-4803-bdc5-b482e758aadc|rpc:10.1.0.13:15023|admin:10.1.0.13:15022|client:10.1.0.13:15021|dataStream:10.1.0.13:15024|priority:1|startupRole:FOLLOWER, 57c60944-bb7c-45d4-a857-02381db20eb8|rpc:10.1.0.13:15032|admin:10.1.0.13:15031|client:10.1.0.13:15030|dataStream:10.1.0.13:15033|priority:0|startupRole:FOLLOWER]|listeners:[], old=null
2023-07-05 13:41:54,533 [grpc-default-executor-1] INFO  server.RaftServer$Division (RaftServerImpl.java:requestVote(1302)) - 2fb81e1d-6d09-4813-9c49-550bf392ffad@group-0F65B45798A5: receive requestVote(ELECTION, 3d2757fa-b181-4803-bdc5-b482e758aadc, group-0F65B45798A5, 1, (t:0, i:0))
2023-07-05 13:41:54,533 [grpc-default-executor-1] INFO  impl.VoteContext (VoteContext.java:log(49)) - 2fb81e1d-6d09-4813-9c49-550bf392ffad@group-0F65B45798A5-FOLLOWER: accept ELECTION from 3d2757fa-b181-4803-bdc5-b482e758aadc: our priority 0 <= candidate's priority 1
2023-07-05 13:41:54,533 [grpc-default-executor-1] INFO  server.RaftServer$Division (RaftServerImpl.java:setRole(329)) - 2fb81e1d-6d09-4813-9c49-550bf392ffad@group-0F65B45798A5: changes role from  FOLLOWER to FOLLOWER at term 1 for candidate:3d2757fa-b181-4803-bdc5-b482e758aadc
2023-07-05 13:41:54,533 [grpc-default-executor-1] INFO  impl.RoleInfo (RoleInfo.java:shutdownFollowerState(110)) - 2fb81e1d-6d09-4813-9c49-550bf392ffad: shutdown 2fb81e1d-6d09-4813-9c49-550bf392ffad@group-0F65B45798A5-FollowerState
2023-07-05 13:41:54,533 [grpc-default-executor-1] INFO  impl.RoleInfo (RoleInfo.java:updateAndGet(139)) - 2fb81e1d-6d09-4813-9c49-550bf392ffad: start 2fb81e1d-6d09-4813-9c49-550bf392ffad@group-0F65B45798A5-FollowerState
2023-07-05 13:41:54,533 [2fb81e1d-6d09-4813-9c49-550bf392ffad@group-0F65B45798A5-FollowerState] INFO  impl.FollowerState (FollowerState.java:run(152)) - 2fb81e1d-6d09-4813-9c49-550bf392ffad@group-0F65B45798A5-FollowerState was interrupted
2023-07-05 13:41:54,533 [grpc-default-executor-3] INFO  server.RaftServer$Division (RaftServerImpl.java:requestVote(1302)) - 57c60944-bb7c-45d4-a857-02381db20eb8@group-0F65B45798A5: receive requestVote(PRE_VOTE, 3d2757fa-b181-4803-bdc5-b482e758aadc, group-0F65B45798A5, 0, (t:0, i:0))
2023-07-05 13:41:54,533 [grpc-default-executor-3] INFO  impl.VoteContext (VoteContext.java:log(49)) - 57c60944-bb7c-45d4-a857-02381db20eb8@group-0F65B45798A5-CANDIDATE: accept PRE_VOTE from 3d2757fa-b181-4803-bdc5-b482e758aadc: our priority 0 <= candidate's priority 1
2023-07-05 13:41:54,534 [grpc-default-executor-3] INFO  server.RaftServer$Division (RaftServerImpl.java:requestVote(1335)) - 57c60944-bb7c-45d4-a857-02381db20eb8@group-0F65B45798A5 replies to PRE_VOTE vote request: 3d2757fa-b181-4803-bdc5-b482e758aadc<-57c60944-bb7c-45d4-a857-02381db20eb8#0:OK-t0. Peer's state: 57c60944-bb7c-45d4-a857-02381db20eb8@group-0F65B45798A5:t0, leader=null, voted=, raftlog=Memoized:57c60944-bb7c-45d4-a857-02381db20eb8@group-0F65B45798A5-SegmentedRaftLog:OPENED:c-1, conf=-1: peers:[2fb81e1d-6d09-4813-9c49-550bf392ffad|rpc:10.1.0.13:15014|admin:10.1.0.13:15013|client:10.1.0.13:15012|dataStream:10.1.0.13:15015|priority:0|startupRole:FOLLOWER, 3d2757fa-b181-4803-bdc5-b482e758aadc|rpc:10.1.0.13:15023|admin:10.1.0.13:15022|client:10.1.0.13:15021|dataStream:10.1.0.13:15024|priority:1|startupRole:FOLLOWER, 57c60944-bb7c-45d4-a857-02381db20eb8|rpc:10.1.0.13:15032|admin:10.1.0.13:15031|client:10.1.0.13:15030|dataStream:10.1.0.13:15033|priority:0|startupRole:FOLLOWER]|listeners:[], old=null
2023-07-05 13:41:54,536 [grpc-default-executor-1] INFO  server.RaftServer$Division (RaftServerImpl.java:requestVote(1335)) - 2fb81e1d-6d09-4813-9c49-550bf392ffad@group-0F65B45798A5 replies to ELECTION vote request: 3d2757fa-b181-4803-bdc5-b482e758aadc<-2fb81e1d-6d09-4813-9c49-550bf392ffad#0:OK-t1. Peer's state: 2fb81e1d-6d09-4813-9c49-550bf392ffad@group-0F65B45798A5:t1, leader=null, voted=3d2757fa-b181-4803-bdc5-b482e758aadc, raftlog=Memoized:2fb81e1d-6d09-4813-9c49-550bf392ffad@group-0F65B45798A5-SegmentedRaftLog:OPENED:c-1, conf=-1: peers:[2fb81e1d-6d09-4813-9c49-550bf392ffad|rpc:10.1.0.13:15014|admin:10.1.0.13:15013|client:10.1.0.13:15012|dataStream:10.1.0.13:15015|priority:0|startupRole:FOLLOWER, 3d2757fa-b181-4803-bdc5-b482e758aadc|rpc:10.1.0.13:15023|admin:10.1.0.13:15022|client:10.1.0.13:15021|dataStream:10.1.0.13:15024|priority:1|startupRole:FOLLOWER, 57c60944-bb7c-45d4-a857-02381db20eb8|rpc:10.1.0.13:15032|admin:10.1.0.13:15031|client:10.1.0.13:15030|dataStream:10.1.0.13:15033|priority:0|startupRole:FOLLOWER]|listeners:[], old=null
2023-07-05 13:41:54,541 [57c60944-bb7c-45d4-a857-02381db20eb8@group-0F65B45798A5-LeaderElection7] INFO  impl.LeaderElection (LeaderElection.java:logAndReturn(90)) - 57c60944-bb7c-45d4-a857-02381db20eb8@group-0F65B45798A5-LeaderElection7: PRE_VOTE DISCOVERED_A_NEW_TERM (term=1) received 2 response(s) and 0 exception(s):
2023-07-05 13:41:54,541 [57c60944-bb7c-45d4-a857-02381db20eb8@group-0F65B45798A5-LeaderElection7] INFO  impl.LeaderElection (LeaderElection.java:logAndReturn(94)) -   Response 0: 57c60944-bb7c-45d4-a857-02381db20eb8<-2fb81e1d-6d09-4813-9c49-550bf392ffad#0:OK-t0
2023-07-05 13:41:54,541 [57c60944-bb7c-45d4-a857-02381db20eb8@group-0F65B45798A5-LeaderElection7] INFO  impl.LeaderElection (LeaderElection.java:logAndReturn(94)) -   Response 1: 57c60944-bb7c-45d4-a857-02381db20eb8<-3d2757fa-b181-4803-bdc5-b482e758aadc#0:FAIL-t1
2023-07-05 13:41:54,542 [57c60944-bb7c-45d4-a857-02381db20eb8@group-0F65B45798A5-LeaderElection7] INFO  impl.LeaderElection (LeaderElection.java:askForVotes(323)) - 57c60944-bb7c-45d4-a857-02381db20eb8@group-0F65B45798A5-LeaderElection7 PRE_VOTE round 0: result DISCOVERED_A_NEW_TERM (term=1)
2023-07-05 13:41:54,542 [57c60944-bb7c-45d4-a857-02381db20eb8@group-0F65B45798A5-LeaderElection7] INFO  server.RaftServer$Division (RaftServerImpl.java:setRole(329)) - 57c60944-bb7c-45d4-a857-02381db20eb8@group-0F65B45798A5: changes role from CANDIDATE to FOLLOWER at term 1 for DISCOVERED_A_NEW_TERM (term=1)
2023-07-05 13:41:54,542 [57c60944-bb7c-45d4-a857-02381db20eb8@group-0F65B45798A5-LeaderElection7] INFO  impl.RoleInfo (RoleInfo.java:shutdownLeaderElection(130)) - 57c60944-bb7c-45d4-a857-02381db20eb8: shutdown 57c60944-bb7c-45d4-a857-02381db20eb8@group-0F65B45798A5-LeaderElection7
2023-07-05 13:41:54,542 [57c60944-bb7c-45d4-a857-02381db20eb8@group-0F65B45798A5-LeaderElection7] INFO  impl.RoleInfo (RoleInfo.java:updateAndGet(139)) - 57c60944-bb7c-45d4-a857-02381db20eb8: start 57c60944-bb7c-45d4-a857-02381db20eb8@group-0F65B45798A5-FollowerState
2023-07-05 13:41:54,548 [grpc-default-executor-1] INFO  server.RaftServer$Division (RaftServerImpl.java:requestVote(1302)) - 57c60944-bb7c-45d4-a857-02381db20eb8@group-0F65B45798A5: receive requestVote(ELECTION, 3d2757fa-b181-4803-bdc5-b482e758aadc, group-0F65B45798A5, 1, (t:0, i:0))
2023-07-05 13:41:54,548 [grpc-default-executor-1] INFO  impl.VoteContext (VoteContext.java:log(49)) - 57c60944-bb7c-45d4-a857-02381db20eb8@group-0F65B45798A5-FOLLOWER: accept ELECTION from 3d2757fa-b181-4803-bdc5-b482e758aadc: our priority 0 <= candidate's priority 1
2023-07-05 13:41:54,548 [grpc-default-executor-1] INFO  server.RaftServer$Division (RaftServerImpl.java:setRole(329)) - 57c60944-bb7c-45d4-a857-02381db20eb8@group-0F65B45798A5: changes role from  FOLLOWER to FOLLOWER at term 1 for candidate:3d2757fa-b181-4803-bdc5-b482e758aadc
2023-07-05 13:41:54,548 [grpc-default-executor-1] INFO  impl.RoleInfo (RoleInfo.java:shutdownFollowerState(110)) - 57c60944-bb7c-45d4-a857-02381db20eb8: shutdown 57c60944-bb7c-45d4-a857-02381db20eb8@group-0F65B45798A5-FollowerState
2023-07-05 13:41:54,548 [grpc-default-executor-1] INFO  impl.RoleInfo (RoleInfo.java:updateAndGet(139)) - 57c60944-bb7c-45d4-a857-02381db20eb8: start 57c60944-bb7c-45d4-a857-02381db20eb8@group-0F65B45798A5-FollowerState
2023-07-05 13:41:54,549 [57c60944-bb7c-45d4-a857-02381db20eb8@group-0F65B45798A5-FollowerState] INFO  impl.FollowerState (FollowerState.java:run(152)) - 57c60944-bb7c-45d4-a857-02381db20eb8@group-0F65B45798A5-FollowerState was interrupted
2023-07-05 13:41:54,555 [3d2757fa-b181-4803-bdc5-b482e758aadc@group-0F65B45798A5-LeaderElection5] INFO  impl.LeaderElection (LeaderElection.java:logAndReturn(90)) - 3d2757fa-b181-4803-bdc5-b482e758aadc@group-0F65B45798A5-LeaderElection5: ELECTION PASSED received 1 response(s) and 0 exception(s):
2023-07-05 13:41:54,555 [3d2757fa-b181-4803-bdc5-b482e758aadc@group-0F65B45798A5-LeaderElection5] INFO  impl.LeaderElection (LeaderElection.java:logAndReturn(94)) -   Response 0: 3d2757fa-b181-4803-bdc5-b482e758aadc<-2fb81e1d-6d09-4813-9c49-550bf392ffad#0:OK-t1
2023-07-05 13:41:54,555 [3d2757fa-b181-4803-bdc5-b482e758aadc@group-0F65B45798A5-LeaderElection5] INFO  impl.LeaderElection (LeaderElection.java:askForVotes(323)) - 3d2757fa-b181-4803-bdc5-b482e758aadc@group-0F65B45798A5-LeaderElection5 ELECTION round 0: result PASSED
2023-07-05 13:41:54,555 [3d2757fa-b181-4803-bdc5-b482e758aadc@group-0F65B45798A5-LeaderElection5] INFO  impl.RoleInfo (RoleInfo.java:shutdownLeaderElection(130)) - 3d2757fa-b181-4803-bdc5-b482e758aadc: shutdown 3d2757fa-b181-4803-bdc5-b482e758aadc@group-0F65B45798A5-LeaderElection5
2023-07-05 13:41:54,555 [3d2757fa-b181-4803-bdc5-b482e758aadc@group-0F65B45798A5-LeaderElection5] INFO  server.RaftServer$Division (RaftServerImpl.java:setRole(329)) - 3d2757fa-b181-4803-bdc5-b482e758aadc@group-0F65B45798A5: changes role from CANDIDATE to LEADER at term 1 for changeToLeader
2023-07-05 13:41:54,555 [3d2757fa-b181-4803-bdc5-b482e758aadc@group-0F65B45798A5-LeaderElection5] INFO  ratis.XceiverServerRatis (XceiverServerRatis.java:handleLeaderChangedNotification(902)) - Leader change notification received for group: group-0F65B45798A5 with new leaderId: 3d2757fa-b181-4803-bdc5-b482e758aadc
2023-07-05 13:41:54,555 [3d2757fa-b181-4803-bdc5-b482e758aadc@group-0F65B45798A5-LeaderElection5] INFO  server.RaftServer$Division (ServerState.java:setLeader(317)) - 3d2757fa-b181-4803-bdc5-b482e758aadc@group-0F65B45798A5: change Leader from null to 3d2757fa-b181-4803-bdc5-b482e758aadc at term 1 for becomeLeader, leader elected after 5325ms
2023-07-05 13:41:54,556 [3d2757fa-b181-4803-bdc5-b482e758aadc@group-0F65B45798A5-LeaderElection5] INFO  server.RaftServerConfigKeys (ConfUtils.java:logGet(46)) - raft.server.staging.catchup.gap = 1000 (default)
2023-07-05 13:41:54,556 [3d2757fa-b181-4803-bdc5-b482e758aadc@group-0F65B45798A5-LeaderElection5] INFO  server.RaftServerConfigKeys (ConfUtils.java:logGet(46)) - raft.server.write.element-limit = 1024 (custom)
2023-07-05 13:41:54,556 [3d2757fa-b181-4803-bdc5-b482e758aadc@group-0F65B45798A5-LeaderElection5] INFO  server.RaftServerConfigKeys (ConfUtils.java:logGet(46)) - raft.server.write.byte-limit = 1024 M (=1073741824) (custom)
2023-07-05 13:41:54,556 [3d2757fa-b181-4803-bdc5-b482e758aadc@group-0F65B45798A5-LeaderElection5] INFO  server.RaftServerConfigKeys (ConfUtils.java:logGet(46)) - raft.server.watch.timeout = 180s (custom)
2023-07-05 13:41:54,556 [3d2757fa-b181-4803-bdc5-b482e758aadc@group-0F65B45798A5-LeaderElection5] INFO  server.RaftServerConfigKeys (ConfUtils.java:logGet(46)) - raft.server.watch.timeout.denomination = 1s (default)
2023-07-05 13:41:54,556 [3d2757fa-b181-4803-bdc5-b482e758aadc@group-0F65B45798A5-LeaderElection5] INFO  server.RaftServerConfigKeys (ConfUtils.java:logGet(46)) - raft.server.watch.element-limit = 65536 (default)
2023-07-05 13:41:54,556 [3d2757fa-b181-4803-bdc5-b482e758aadc@group-0F65B45798A5-LeaderElection5] INFO  server.RaftServerConfigKeys (ConfUtils.java:logGet(46)) - raft.server.write.element-limit = 1024 (custom)
2023-07-05 13:41:54,556 [3d2757fa-b181-4803-bdc5-b482e758aadc@group-0F65B45798A5-LeaderElection5] INFO  server.RaftServerConfigKeys (ConfUtils.java:logGet(46)) - raft.server.write.follower.gap.ratio.max = -1.0 (default)
2023-07-05 13:41:54,557 [3d2757fa-b181-4803-bdc5-b482e758aadc@group-0F65B45798A5-LeaderElection5] INFO  server.RaftServerConfigKeys (ConfUtils.java:logGet(46)) - raft.server.log.appender.snapshot.chunk.size.max = 16MB (=16777216) (default)
2023-07-05 13:41:54,557 [3d2757fa-b181-4803-bdc5-b482e758aadc@group-0F65B45798A5-LeaderElection5] INFO  server.RaftServerConfigKeys (ConfUtils.java:logGet(46)) - raft.server.log.appender.buffer.byte-limit = 33554432 (custom)
2023-07-05 13:41:54,557 [3d2757fa-b181-4803-bdc5-b482e758aadc@group-0F65B45798A5-LeaderElection5] INFO  server.RaftServerConfigKeys (ConfUtils.java:logGet(46)) - raft.server.log.appender.buffer.element-limit = 1 (custom)
2023-07-05 13:41:54,557 [3d2757fa-b181-4803-bdc5-b482e758aadc@group-0F65B45798A5-LeaderElection5] INFO  server.RaftServerConfigKeys (ConfUtils.java:logGet(46)) - raft.server.log.appender.wait-time.min = 10ms (default)
2023-07-05 13:41:54,563 [grpc-default-executor-1] INFO  server.RaftServer$Division (RaftServerImpl.java:requestVote(1335)) - 57c60944-bb7c-45d4-a857-02381db20eb8@group-0F65B45798A5 replies to ELECTION vote request: 3d2757fa-b181-4803-bdc5-b482e758aadc<-57c60944-bb7c-45d4-a857-02381db20eb8#0:OK-t1. Peer's state: 57c60944-bb7c-45d4-a857-02381db20eb8@group-0F65B45798A5:t1, leader=null, voted=3d2757fa-b181-4803-bdc5-b482e758aadc, raftlog=Memoized:57c60944-bb7c-45d4-a857-02381db20eb8@group-0F65B45798A5-SegmentedRaftLog:OPENED:c-1, conf=-1: peers:[2fb81e1d-6d09-4813-9c49-550bf392ffad|rpc:10.1.0.13:15014|admin:10.1.0.13:15013|client:10.1.0.13:15012|dataStream:10.1.0.13:15015|priority:0|startupRole:FOLLOWER, 3d2757fa-b181-4803-bdc5-b482e758aadc|rpc:10.1.0.13:15023|admin:10.1.0.13:15022|client:10.1.0.13:15021|dataStream:10.1.0.13:15024|priority:1|startupRole:FOLLOWER, 57c60944-bb7c-45d4-a857-02381db20eb8|rpc:10.1.0.13:15032|admin:10.1.0.13:15031|client:10.1.0.13:15030|dataStream:10.1.0.13:15033|priority:0|startupRole:FOLLOWER]|listeners:[], old=null
2023-07-05 13:41:54,557 [3d2757fa-b181-4803-bdc5-b482e758aadc@group-0F65B45798A5-LeaderElection5] INFO  grpc.GrpcConfigKeys (ConfUtils.java:logGet(46)) - raft.grpc.server.leader.outstanding.appends.max = 128 (default)
2023-07-05 13:41:54,564 [3d2757fa-b181-4803-bdc5-b482e758aadc@group-0F65B45798A5-LeaderElection5] INFO  server.RaftServerConfigKeys (ConfUtils.java:logGet(46)) - raft.server.rpc.request.timeout = 60s (custom)
2023-07-05 13:41:54,564 [3d2757fa-b181-4803-bdc5-b482e758aadc@group-0F65B45798A5-LeaderElection5] INFO  grpc.GrpcConfigKeys (ConfUtils.java:logGet(46)) - raft.grpc.server.install_snapshot.request.element-limit = 8 (default)
2023-07-05 13:41:54,564 [3d2757fa-b181-4803-bdc5-b482e758aadc@group-0F65B45798A5-LeaderElection5] INFO  grpc.GrpcConfigKeys (ConfUtils.java:logGet(46)) - raft.grpc.server.install_snapshot.request.timeout = 3000ms (default)
2023-07-05 13:41:54,564 [3d2757fa-b181-4803-bdc5-b482e758aadc@group-0F65B45798A5-LeaderElection5] INFO  server.RaftServerConfigKeys (ConfUtils.java:logGet(46)) - raft.server.log.appender.install.snapshot.enabled = false (custom)
2023-07-05 13:41:54,564 [3d2757fa-b181-4803-bdc5-b482e758aadc@group-0F65B45798A5-LeaderElection5] INFO  grpc.GrpcConfigKeys (ConfUtils.java:logGet(46)) - raft.grpc.server.heartbeat.channel = true (default)
2023-07-05 13:41:54,565 [3d2757fa-b181-4803-bdc5-b482e758aadc@group-0F65B45798A5-LeaderElection5] INFO  server.RaftServerConfigKeys (ConfUtils.java:logGet(46)) - raft.server.log.appender.snapshot.chunk.size.max = 16MB (=16777216) (default)
2023-07-05 13:41:54,569 [EventQueue-PipelineReportForPipelineReportHandler] INFO  pipeline.PipelineReportHandler (PipelineReportHandler.java:processPipelineReport(136)) - Opened pipeline PipelineID=a1218f4d-7864-40ba-98d2-0f65b45798a5
2023-07-05 13:41:54,573 [3d2757fa-b181-4803-bdc5-b482e758aadc@group-0F65B45798A5-LeaderElection5] INFO  server.RaftServerConfigKeys (ConfUtils.java:logGet(46)) - raft.server.log.appender.buffer.byte-limit = 33554432 (custom)
2023-07-05 13:41:54,574 [3d2757fa-b181-4803-bdc5-b482e758aadc@group-0F65B45798A5-LeaderElection5] INFO  server.RaftServerConfigKeys (ConfUtils.java:logGet(46)) - raft.server.log.appender.buffer.element-limit = 1 (custom)
2023-07-05 13:41:54,574 [3d2757fa-b181-4803-bdc5-b482e758aadc@group-0F65B45798A5-LeaderElection5] INFO  server.RaftServerConfigKeys (ConfUtils.java:logGet(46)) - raft.server.log.appender.wait-time.min = 10ms (default)
2023-07-05 13:41:54,574 [3d2757fa-b181-4803-bdc5-b482e758aadc@group-0F65B45798A5-LeaderElection5] INFO  grpc.GrpcConfigKeys (ConfUtils.java:logGet(46)) - raft.grpc.server.leader.outstanding.appends.max = 128 (default)
2023-07-05 13:41:54,574 [3d2757fa-b181-4803-bdc5-b482e758aadc@group-0F65B45798A5-LeaderElection5] INFO  server.RaftServerConfigKeys (ConfUtils.java:logGet(46)) - raft.server.rpc.request.timeout = 60s (custom)
2023-07-05 13:41:54,574 [3d2757fa-b181-4803-bdc5-b482e758aadc@group-0F65B45798A5-LeaderElection5] INFO  grpc.GrpcConfigKeys (ConfUtils.java:logGet(46)) - raft.grpc.server.install_snapshot.request.element-limit = 8 (default)
2023-07-05 13:41:54,574 [3d2757fa-b181-4803-bdc5-b482e758aadc@group-0F65B45798A5-LeaderElection5] INFO  grpc.GrpcConfigKeys (ConfUtils.java:logGet(46)) - raft.grpc.server.install_snapshot.request.timeout = 3000ms (default)
2023-07-05 13:41:54,574 [3d2757fa-b181-4803-bdc5-b482e758aadc@group-0F65B45798A5-LeaderElection5] INFO  server.RaftServerConfigKeys (ConfUtils.java:logGet(46)) - raft.server.log.appender.install.snapshot.enabled = false (custom)
2023-07-05 13:41:54,574 [3d2757fa-b181-4803-bdc5-b482e758aadc@group-0F65B45798A5-LeaderElection5] INFO  grpc.GrpcConfigKeys (ConfUtils.java:logGet(46)) - raft.grpc.server.heartbeat.channel = true (default)
2023-07-05 13:41:54,574 [3d2757fa-b181-4803-bdc5-b482e758aadc@group-0F65B45798A5-LeaderElection5] INFO  impl.RoleInfo (RoleInfo.java:updateAndGet(139)) - 3d2757fa-b181-4803-bdc5-b482e758aadc: start 3d2757fa-b181-4803-bdc5-b482e758aadc@group-0F65B45798A5-LeaderStateImpl
2023-07-05 13:41:54,575 [3d2757fa-b181-4803-bdc5-b482e758aadc@group-0F65B45798A5-LeaderElection5] INFO  segmented.SegmentedRaftLogWorker (SegmentedRaftLogWorker.java:startLogSegment(447)) - 3d2757fa-b181-4803-bdc5-b482e758aadc@group-0F65B45798A5-SegmentedRaftLogWorker: Starting segment from index:0
2023-07-05 13:41:54,576 [3d2757fa-b181-4803-bdc5-b482e758aadc@group-0F65B45798A5-SegmentedRaftLogWorker] INFO  segmented.SegmentedRaftLogWorker (SegmentedRaftLogWorker.java:execute(651)) - 3d2757fa-b181-4803-bdc5-b482e758aadc@group-0F65B45798A5-SegmentedRaftLogWorker: created new log segment /home/runner/work/ozone/ozone/hadoop-ozone/integration-test/target/test-dir/MiniOzoneClusterImpl-4f26d1f9-f73a-4647-bb3a-126a945bf307/datanode-1/data/ratis/a1218f4d-7864-40ba-98d2-0f65b45798a5/current/log_inprogress_0
2023-07-05 13:41:54,593 [3d2757fa-b181-4803-bdc5-b482e758aadc@group-0F65B45798A5-LeaderElection5] INFO  server.RaftServer$Division (ServerState.java:setRaftConf(434)) - 3d2757fa-b181-4803-bdc5-b482e758aadc@group-0F65B45798A5: set configuration 0: peers:[2fb81e1d-6d09-4813-9c49-550bf392ffad|rpc:10.1.0.13:15014|admin:10.1.0.13:15013|client:10.1.0.13:15012|dataStream:10.1.0.13:15015|priority:0|startupRole:FOLLOWER, 3d2757fa-b181-4803-bdc5-b482e758aadc|rpc:10.1.0.13:15023|admin:10.1.0.13:15022|client:10.1.0.13:15021|dataStream:10.1.0.13:15024|priority:1|startupRole:FOLLOWER, 57c60944-bb7c-45d4-a857-02381db20eb8|rpc:10.1.0.13:15032|admin:10.1.0.13:15031|client:10.1.0.13:15030|dataStream:10.1.0.13:15033|priority:0|startupRole:FOLLOWER]|listeners:[], old=null
2023-07-05 13:41:54,618 [57c60944-bb7c-45d4-a857-02381db20eb8-server-thread2] INFO  ratis.XceiverServerRatis (XceiverServerRatis.java:handleLeaderChangedNotification(902)) - Leader change notification received for group: group-0F65B45798A5 with new leaderId: 3d2757fa-b181-4803-bdc5-b482e758aadc
2023-07-05 13:41:54,618 [57c60944-bb7c-45d4-a857-02381db20eb8-server-thread2] INFO  server.RaftServer$Division (ServerState.java:setLeader(317)) - 57c60944-bb7c-45d4-a857-02381db20eb8@group-0F65B45798A5: change Leader from null to 3d2757fa-b181-4803-bdc5-b482e758aadc at term 1 for appendEntries, leader elected after 5424ms
2023-07-05 13:41:54,619 [2fb81e1d-6d09-4813-9c49-550bf392ffad-server-thread2] INFO  ratis.XceiverServerRatis (XceiverServerRatis.java:handleLeaderChangedNotification(902)) - Leader change notification received for group: group-0F65B45798A5 with new leaderId: 3d2757fa-b181-4803-bdc5-b482e758aadc
2023-07-05 13:41:54,619 [2fb81e1d-6d09-4813-9c49-550bf392ffad-server-thread2] INFO  server.RaftServer$Division (ServerState.java:setLeader(317)) - 2fb81e1d-6d09-4813-9c49-550bf392ffad@group-0F65B45798A5: change Leader from null to 3d2757fa-b181-4803-bdc5-b482e758aadc at term 1 for appendEntries, leader elected after 5816ms
2023-07-05 13:41:54,621 [57c60944-bb7c-45d4-a857-02381db20eb8-server-thread1] INFO  server.RaftServer$Division (ServerState.java:setRaftConf(434)) - 57c60944-bb7c-45d4-a857-02381db20eb8@group-0F65B45798A5: set configuration 0: peers:[2fb81e1d-6d09-4813-9c49-550bf392ffad|rpc:10.1.0.13:15014|admin:10.1.0.13:15013|client:10.1.0.13:15012|dataStream:10.1.0.13:15015|priority:0|startupRole:FOLLOWER, 3d2757fa-b181-4803-bdc5-b482e758aadc|rpc:10.1.0.13:15023|admin:10.1.0.13:15022|client:10.1.0.13:15021|dataStream:10.1.0.13:15024|priority:1|startupRole:FOLLOWER, 57c60944-bb7c-45d4-a857-02381db20eb8|rpc:10.1.0.13:15032|admin:10.1.0.13:15031|client:10.1.0.13:15030|dataStream:10.1.0.13:15033|priority:0|startupRole:FOLLOWER]|listeners:[], old=null
2023-07-05 13:41:54,621 [57c60944-bb7c-45d4-a857-02381db20eb8-server-thread1] INFO  segmented.SegmentedRaftLogWorker (SegmentedRaftLogWorker.java:startLogSegment(447)) - 57c60944-bb7c-45d4-a857-02381db20eb8@group-0F65B45798A5-SegmentedRaftLogWorker: Starting segment from index:0
2023-07-05 13:41:54,623 [57c60944-bb7c-45d4-a857-02381db20eb8@group-0F65B45798A5-SegmentedRaftLogWorker] INFO  segmented.SegmentedRaftLogWorker (SegmentedRaftLogWorker.java:execute(651)) - 57c60944-bb7c-45d4-a857-02381db20eb8@group-0F65B45798A5-SegmentedRaftLogWorker: created new log segment /home/runner/work/ozone/ozone/hadoop-ozone/integration-test/target/test-dir/MiniOzoneClusterImpl-4f26d1f9-f73a-4647-bb3a-126a945bf307/datanode-2/data/ratis/a1218f4d-7864-40ba-98d2-0f65b45798a5/current/log_inprogress_0
2023-07-05 13:41:54,629 [2fb81e1d-6d09-4813-9c49-550bf392ffad-server-thread1] INFO  server.RaftServer$Division (ServerState.java:setRaftConf(434)) - 2fb81e1d-6d09-4813-9c49-550bf392ffad@group-0F65B45798A5: set configuration 0: peers:[2fb81e1d-6d09-4813-9c49-550bf392ffad|rpc:10.1.0.13:15014|admin:10.1.0.13:15013|client:10.1.0.13:15012|dataStream:10.1.0.13:15015|priority:0|startupRole:FOLLOWER, 3d2757fa-b181-4803-bdc5-b482e758aadc|rpc:10.1.0.13:15023|admin:10.1.0.13:15022|client:10.1.0.13:15021|dataStream:10.1.0.13:15024|priority:1|startupRole:FOLLOWER, 57c60944-bb7c-45d4-a857-02381db20eb8|rpc:10.1.0.13:15032|admin:10.1.0.13:15031|client:10.1.0.13:15030|dataStream:10.1.0.13:15033|priority:0|startupRole:FOLLOWER]|listeners:[], old=null
2023-07-05 13:41:54,629 [2fb81e1d-6d09-4813-9c49-550bf392ffad-server-thread1] INFO  segmented.SegmentedRaftLogWorker (SegmentedRaftLogWorker.java:startLogSegment(447)) - 2fb81e1d-6d09-4813-9c49-550bf392ffad@group-0F65B45798A5-SegmentedRaftLogWorker: Starting segment from index:0
2023-07-05 13:41:54,632 [2fb81e1d-6d09-4813-9c49-550bf392ffad@group-0F65B45798A5-SegmentedRaftLogWorker] INFO  segmented.SegmentedRaftLogWorker (SegmentedRaftLogWorker.java:execute(651)) - 2fb81e1d-6d09-4813-9c49-550bf392ffad@group-0F65B45798A5-SegmentedRaftLogWorker: created new log segment /home/runner/work/ozone/ozone/hadoop-ozone/integration-test/target/test-dir/MiniOzoneClusterImpl-4f26d1f9-f73a-4647-bb3a-126a945bf307/datanode-0/data/ratis/a1218f4d-7864-40ba-98d2-0f65b45798a5/current/log_inprogress_0
2023-07-05 13:41:54,668 [ReplicationMonitor] INFO  replication.ReplicationManager (ReplicationManager.java:processAll(361)) - Replication Manager is not ready to run until 3000ms after safemode exit
2023-07-05 13:41:54,709 [Time-limited test] INFO  rpc.RpcClient (RpcClient.java:createVolume(460)) - Creating Volume: vol1, with runner as owner and space quota set to -1 bytes, counts quota set to -1
2023-07-05 13:41:54,782 [7fafb357-0952-493d-8025-8d38636482be@group-EE8DCD07414E-FollowerState] INFO  impl.FollowerState (FollowerState.java:run(143)) - 7fafb357-0952-493d-8025-8d38636482be@group-EE8DCD07414E-FollowerState: change to CANDIDATE, lastRpcElapsedTime:5103275730ns, electionTimeout:5100ms
2023-07-05 13:41:54,782 [7fafb357-0952-493d-8025-8d38636482be@group-EE8DCD07414E-FollowerState] INFO  impl.RoleInfo (RoleInfo.java:shutdownFollowerState(110)) - 7fafb357-0952-493d-8025-8d38636482be: shutdown 7fafb357-0952-493d-8025-8d38636482be@group-EE8DCD07414E-FollowerState
2023-07-05 13:41:54,782 [7fafb357-0952-493d-8025-8d38636482be@group-EE8DCD07414E-FollowerState] INFO  server.RaftServer$Division (RaftServerImpl.java:setRole(329)) - 7fafb357-0952-493d-8025-8d38636482be@group-EE8DCD07414E: changes role from  FOLLOWER to CANDIDATE at term 0 for changeToCandidate
2023-07-05 13:41:54,783 [OM StateMachine ApplyTransaction Thread - 0] INFO  volume.OMVolumeCreateRequest (OMVolumeCreateRequest.java:validateAndUpdateCache(196)) - created volume:vol1 for user:runner
2023-07-05 13:41:54,784 [7fafb357-0952-493d-8025-8d38636482be@group-EE8DCD07414E-FollowerState] INFO  server.RaftServerConfigKeys (ConfUtils.java:logGet(46)) - raft.server.leaderelection.pre-vote = true (default)
2023-07-05 13:41:54,784 [7fafb357-0952-493d-8025-8d38636482be@group-EE8DCD07414E-FollowerState] INFO  impl.RoleInfo (RoleInfo.java:updateAndGet(139)) - 7fafb357-0952-493d-8025-8d38636482be: start 7fafb357-0952-493d-8025-8d38636482be@group-EE8DCD07414E-LeaderElection10
2023-07-05 13:41:54,811 [7fafb357-0952-493d-8025-8d38636482be@group-EE8DCD07414E-LeaderElection10] INFO  impl.LeaderElection (LeaderElection.java:askForVotes(321)) - 7fafb357-0952-493d-8025-8d38636482be@group-EE8DCD07414E-LeaderElection10 PRE_VOTE round 0: submit vote requests at term 0 for -1: peers:[7fafb357-0952-493d-8025-8d38636482be|rpc:10.1.0.13:15050|admin:10.1.0.13:15049|client:10.1.0.13:15048|dataStream:10.1.0.13:15051|priority:1|startupRole:FOLLOWER]|listeners:[], old=null
2023-07-05 13:41:54,811 [7fafb357-0952-493d-8025-8d38636482be@group-EE8DCD07414E-LeaderElection10] INFO  impl.LeaderElection (LeaderElection.java:askForVotes(323)) - 7fafb357-0952-493d-8025-8d38636482be@group-EE8DCD07414E-LeaderElection10 PRE_VOTE round 0: result PASSED (term=0)
2023-07-05 13:41:54,816 [7fafb357-0952-493d-8025-8d38636482be@group-EE8DCD07414E-LeaderElection10] INFO  impl.LeaderElection (LeaderElection.java:askForVotes(321)) - 7fafb357-0952-493d-8025-8d38636482be@group-EE8DCD07414E-LeaderElection10 ELECTION round 0: submit vote requests at term 1 for -1: peers:[7fafb357-0952-493d-8025-8d38636482be|rpc:10.1.0.13:15050|admin:10.1.0.13:15049|client:10.1.0.13:15048|dataStream:10.1.0.13:15051|priority:1|startupRole:FOLLOWER]|listeners:[], old=null
2023-07-05 13:41:54,816 [7fafb357-0952-493d-8025-8d38636482be@group-EE8DCD07414E-LeaderElection10] INFO  impl.LeaderElection (LeaderElection.java:askForVotes(323)) - 7fafb357-0952-493d-8025-8d38636482be@group-EE8DCD07414E-LeaderElection10 ELECTION round 0: result PASSED (term=1)
2023-07-05 13:41:54,816 [7fafb357-0952-493d-8025-8d38636482be@group-EE8DCD07414E-LeaderElection10] INFO  impl.RoleInfo (RoleInfo.java:shutdownLeaderElection(130)) - 7fafb357-0952-493d-8025-8d38636482be: shutdown 7fafb357-0952-493d-8025-8d38636482be@group-EE8DCD07414E-LeaderElection10
2023-07-05 13:41:54,816 [7fafb357-0952-493d-8025-8d38636482be@group-EE8DCD07414E-LeaderElection10] INFO  server.RaftServer$Division (RaftServerImpl.java:setRole(329)) - 7fafb357-0952-493d-8025-8d38636482be@group-EE8DCD07414E: changes role from CANDIDATE to LEADER at term 1 for changeToLeader
2023-07-05 13:41:54,816 [7fafb357-0952-493d-8025-8d38636482be@group-EE8DCD07414E-LeaderElection10] INFO  ratis.XceiverServerRatis (XceiverServerRatis.java:handleLeaderChangedNotification(902)) - Leader change notification received for group: group-EE8DCD07414E with new leaderId: 7fafb357-0952-493d-8025-8d38636482be
2023-07-05 13:41:54,816 [7fafb357-0952-493d-8025-8d38636482be@group-EE8DCD07414E-LeaderElection10] INFO  server.RaftServer$Division (ServerState.java:setLeader(317)) - 7fafb357-0952-493d-8025-8d38636482be@group-EE8DCD07414E: change Leader from null to 7fafb357-0952-493d-8025-8d38636482be at term 1 for becomeLeader, leader elected after 5166ms
2023-07-05 13:41:54,816 [7fafb357-0952-493d-8025-8d38636482be@group-EE8DCD07414E-LeaderElection10] INFO  server.RaftServerConfigKeys (ConfUtils.java:logGet(46)) - raft.server.staging.catchup.gap = 1000 (default)
2023-07-05 13:41:54,817 [7fafb357-0952-493d-8025-8d38636482be@group-EE8DCD07414E-LeaderElection10] INFO  server.RaftServerConfigKeys (ConfUtils.java:logGet(46)) - raft.server.write.element-limit = 1024 (custom)
2023-07-05 13:41:54,817 [7fafb357-0952-493d-8025-8d38636482be@group-EE8DCD07414E-LeaderElection10] INFO  server.RaftServerConfigKeys (ConfUtils.java:logGet(46)) - raft.server.write.byte-limit = 1024 M (=1073741824) (custom)
2023-07-05 13:41:54,817 [7fafb357-0952-493d-8025-8d38636482be@group-EE8DCD07414E-LeaderElection10] INFO  server.RaftServerConfigKeys (ConfUtils.java:logGet(46)) - raft.server.watch.timeout = 180s (custom)
2023-07-05 13:41:54,817 [7fafb357-0952-493d-8025-8d38636482be@group-EE8DCD07414E-LeaderElection10] INFO  server.RaftServerConfigKeys (ConfUtils.java:logGet(46)) - raft.server.watch.timeout.denomination = 1s (default)
2023-07-05 13:41:54,817 [7fafb357-0952-493d-8025-8d38636482be@group-EE8DCD07414E-LeaderElection10] INFO  server.RaftServerConfigKeys (ConfUtils.java:logGet(46)) - raft.server.watch.element-limit = 65536 (default)
2023-07-05 13:41:54,820 [7fafb357-0952-493d-8025-8d38636482be@group-EE8DCD07414E-LeaderElection10] INFO  server.RaftServerConfigKeys (ConfUtils.java:logGet(46)) - raft.server.write.element-limit = 1024 (custom)
2023-07-05 13:41:54,821 [7fafb357-0952-493d-8025-8d38636482be@group-EE8DCD07414E-LeaderElection10] INFO  server.RaftServerConfigKeys (ConfUtils.java:logGet(46)) - raft.server.write.follower.gap.ratio.max = -1.0 (default)
2023-07-05 13:41:54,821 [7fafb357-0952-493d-8025-8d38636482be@group-EE8DCD07414E-LeaderElection10] INFO  impl.RoleInfo (RoleInfo.java:updateAndGet(139)) - 7fafb357-0952-493d-8025-8d38636482be: start 7fafb357-0952-493d-8025-8d38636482be@group-EE8DCD07414E-LeaderStateImpl
2023-07-05 13:41:54,822 [7fafb357-0952-493d-8025-8d38636482be@group-EE8DCD07414E-LeaderElection10] INFO  segmented.SegmentedRaftLogWorker (SegmentedRaftLogWorker.java:startLogSegment(447)) - 7fafb357-0952-493d-8025-8d38636482be@group-EE8DCD07414E-SegmentedRaftLogWorker: Starting segment from index:0
2023-07-05 13:41:54,824 [7fafb357-0952-493d-8025-8d38636482be@group-EE8DCD07414E-SegmentedRaftLogWorker] INFO  segmented.SegmentedRaftLogWorker (SegmentedRaftLogWorker.java:execute(651)) - 7fafb357-0952-493d-8025-8d38636482be@group-EE8DCD07414E-SegmentedRaftLogWorker: created new log segment /home/runner/work/ozone/ozone/hadoop-ozone/integration-test/target/test-dir/MiniOzoneClusterImpl-4f26d1f9-f73a-4647-bb3a-126a945bf307/datanode-4/data/ratis/baa2e33c-67d5-4f70-af06-ee8dcd07414e/current/log_inprogress_0
2023-07-05 13:41:54,827 [7fafb357-0952-493d-8025-8d38636482be@group-EE8DCD07414E-LeaderElection10] INFO  server.RaftServer$Division (ServerState.java:setRaftConf(434)) - 7fafb357-0952-493d-8025-8d38636482be@group-EE8DCD07414E: set configuration 0: peers:[7fafb357-0952-493d-8025-8d38636482be|rpc:10.1.0.13:15050|admin:10.1.0.13:15049|client:10.1.0.13:15048|dataStream:10.1.0.13:15051|priority:1|startupRole:FOLLOWER]|listeners:[], old=null
2023-07-05 13:41:54,830 [Time-limited test] INFO  rpc.RpcClient (RpcClient.java:createBucket(687)) - Creating Bucket: vol1/bucket1, with server-side default bucket layout, runner as owner, Versioning false, Storage Type set to DISK and Encryption set to false, Replication Type set to server-side default replication type, Namespace Quota set to -1, Space Quota set to -1 
2023-07-05 13:41:54,848 [OM StateMachine ApplyTransaction Thread - 0] INFO  bucket.OMBucketCreateRequest (OMBucketCreateRequest.java:validateAndUpdateCache(270)) - created bucket: bucket1 of layout FILE_SYSTEM_OPTIMIZED in volume: vol1
2023-07-05 13:41:54,914 [IPC Server handler 16 on default port 15001] INFO  ha.SequenceIdGenerator (SequenceIdGenerator.java:getNextId(133)) - Allocate a batch for containerId, change lastId from 0 to 1000.
2023-07-05 13:41:54,924 [IPC Server handler 16 on default port 15001] WARN  ha.SequenceIdGenerator (SequenceIdGenerator.java:allocateBatch(242)) - Failed to allocate a batch for localId, expected lastId is 0, actual lastId is 111677748019200000.
2023-07-05 13:41:54,925 [IPC Server handler 16 on default port 15001] INFO  ha.SequenceIdGenerator (SequenceIdGenerator.java:getNextId(133)) - Allocate a batch for localId, change lastId from 111677748019200000 to 111677748019201000.
2023-07-05 13:41:55,019 [Time-limited test] INFO  impl.MetricsSystemImpl (MetricsSystemImpl.java:init(158)) - XceiverClientMetrics metrics system started (again)
2023-07-05 13:41:55,019 [Time-limited test] INFO  lib.Interns (Interns.java:removeEldestEntry(50)) - Metrics intern cache overflow at 2011 for MetricsSystem={MetricsSystem=MetricsInfoImpl{name=MetricsSystem, description=MetricsSystem}, MetricsSystem record=MetricsInfoImpl{name=MetricsSystem, description=MetricsSystem record}}
2023-07-05 13:41:55,669 [ReplicationMonitor] INFO  replication.ReplicationManager (ReplicationManager.java:processAll(361)) - Replication Manager is not ready to run until 3000ms after safemode exit
2023-07-05 13:41:55,689 [EventQueue-CloseContainerForCloseContainerEventHandler] INFO  container.CloseContainerEventHandler (CloseContainerEventHandler.java:onMessage(88)) - Close container Event triggered for container : #1, current state: OPEN
2023-07-05 13:41:55,701 [EventQueue-CloseContainerForCloseContainerEventHandler] INFO  container.CloseContainerEventHandler (CloseContainerEventHandler.java:onMessage(88)) - Close container Event triggered for container : #1, current state: CLOSING
2023-07-05 13:41:55,703 [EventQueue-CloseContainerForCloseContainerEventHandler] INFO  container.CloseContainerEventHandler (CloseContainerEventHandler.java:onMessage(88)) - Close container Event triggered for container : #1, current state: CLOSING
2023-07-05 13:41:56,671 [ReplicationMonitor] INFO  replication.ReplicationManager (ReplicationManager.java:sendDatanodeCommand(669)) - Sending command [closeContainerCommand: containerID: 1, pipelineID: PipelineID=a1218f4d-7864-40ba-98d2-0f65b45798a5, force: false] for container ContainerInfo{id=#1, state=CLOSING, stateEnterTime=2023-07-05T13:41:55.694Z, pipelineID=PipelineID=a1218f4d-7864-40ba-98d2-0f65b45798a5, owner=om1} to 57c60944-bb7c-45d4-a857-02381db20eb8(fv-az264-29.ca02foy5wcnuvlrvrz2wi3p2og.dx.internal.cloudapp.net/10.1.0.13) with datanode deadline 1688565086671 and scm deadline 1688565116671
2023-07-05 13:41:56,672 [ReplicationMonitor] INFO  replication.ReplicationManager (ReplicationManager.java:sendDatanodeCommand(669)) - Sending command [closeContainerCommand: containerID: 1, pipelineID: PipelineID=a1218f4d-7864-40ba-98d2-0f65b45798a5, force: false] for container ContainerInfo{id=#1, state=CLOSING, stateEnterTime=2023-07-05T13:41:55.694Z, pipelineID=PipelineID=a1218f4d-7864-40ba-98d2-0f65b45798a5, owner=om1} to 3d2757fa-b181-4803-bdc5-b482e758aadc(fv-az264-29.ca02foy5wcnuvlrvrz2wi3p2og.dx.internal.cloudapp.net/10.1.0.13) with datanode deadline 1688565086671 and scm deadline 1688565116671
2023-07-05 13:41:56,672 [ReplicationMonitor] INFO  replication.ReplicationManager (ReplicationManager.java:sendDatanodeCommand(669)) - Sending command [closeContainerCommand: containerID: 1, pipelineID: PipelineID=a1218f4d-7864-40ba-98d2-0f65b45798a5, force: false] for container ContainerInfo{id=#1, state=CLOSING, stateEnterTime=2023-07-05T13:41:55.694Z, pipelineID=PipelineID=a1218f4d-7864-40ba-98d2-0f65b45798a5, owner=om1} to 2fb81e1d-6d09-4813-9c49-550bf392ffad(fv-az264-29.ca02foy5wcnuvlrvrz2wi3p2og.dx.internal.cloudapp.net/10.1.0.13) with datanode deadline 1688565086672 and scm deadline 1688565116672
2023-07-05 13:41:56,672 [ReplicationMonitor] INFO  replication.ReplicationManager (ReplicationManager.java:processAll(389)) - Replication Monitor Thread took 3 milliseconds for processing 1 containers.
2023-07-05 13:41:57,672 [ReplicationMonitor] INFO  replication.ReplicationManager (ReplicationManager.java:sendDatanodeCommand(669)) - Sending command [closeContainerCommand: containerID: 1, pipelineID: PipelineID=a1218f4d-7864-40ba-98d2-0f65b45798a5, force: false] for container ContainerInfo{id=#1, state=CLOSING, stateEnterTime=2023-07-05T13:41:55.694Z, pipelineID=PipelineID=a1218f4d-7864-40ba-98d2-0f65b45798a5, owner=om1} to 57c60944-bb7c-45d4-a857-02381db20eb8(fv-az264-29.ca02foy5wcnuvlrvrz2wi3p2og.dx.internal.cloudapp.net/10.1.0.13) with datanode deadline 1688565087672 and scm deadline 1688565117672
2023-07-05 13:41:57,672 [ReplicationMonitor] INFO  replication.ReplicationManager (ReplicationManager.java:sendDatanodeCommand(669)) - Sending command [closeContainerCommand: containerID: 1, pipelineID: PipelineID=a1218f4d-7864-40ba-98d2-0f65b45798a5, force: false] for container ContainerInfo{id=#1, state=CLOSING, stateEnterTime=2023-07-05T13:41:55.694Z, pipelineID=PipelineID=a1218f4d-7864-40ba-98d2-0f65b45798a5, owner=om1} to 3d2757fa-b181-4803-bdc5-b482e758aadc(fv-az264-29.ca02foy5wcnuvlrvrz2wi3p2og.dx.internal.cloudapp.net/10.1.0.13) with datanode deadline 1688565087672 and scm deadline 1688565117672
2023-07-05 13:41:57,673 [ReplicationMonitor] INFO  replication.ReplicationManager (ReplicationManager.java:sendDatanodeCommand(669)) - Sending command [closeContainerCommand: containerID: 1, pipelineID: PipelineID=a1218f4d-7864-40ba-98d2-0f65b45798a5, force: false] for container ContainerInfo{id=#1, state=CLOSING, stateEnterTime=2023-07-05T13:41:55.694Z, pipelineID=PipelineID=a1218f4d-7864-40ba-98d2-0f65b45798a5, owner=om1} to 2fb81e1d-6d09-4813-9c49-550bf392ffad(fv-az264-29.ca02foy5wcnuvlrvrz2wi3p2og.dx.internal.cloudapp.net/10.1.0.13) with datanode deadline 1688565087673 and scm deadline 1688565117673
2023-07-05 13:41:57,673 [ReplicationMonitor] INFO  replication.ReplicationManager (ReplicationManager.java:processAll(389)) - Replication Monitor Thread took 1 milliseconds for processing 1 containers.
2023-07-05 13:41:58,673 [ReplicationMonitor] INFO  replication.ReplicationManager (ReplicationManager.java:sendDatanodeCommand(669)) - Sending command [closeContainerCommand: containerID: 1, pipelineID: PipelineID=a1218f4d-7864-40ba-98d2-0f65b45798a5, force: false] for container ContainerInfo{id=#1, state=CLOSING, stateEnterTime=2023-07-05T13:41:55.694Z, pipelineID=PipelineID=a1218f4d-7864-40ba-98d2-0f65b45798a5, owner=om1} to 57c60944-bb7c-45d4-a857-02381db20eb8(fv-az264-29.ca02foy5wcnuvlrvrz2wi3p2og.dx.internal.cloudapp.net/10.1.0.13) with datanode deadline 1688565088673 and scm deadline 1688565118673
2023-07-05 13:41:58,673 [ReplicationMonitor] INFO  replication.ReplicationManager (ReplicationManager.java:sendDatanodeCommand(669)) - Sending command [closeContainerCommand: containerID: 1, pipelineID: PipelineID=a1218f4d-7864-40ba-98d2-0f65b45798a5, force: false] for container ContainerInfo{id=#1, state=CLOSING, stateEnterTime=2023-07-05T13:41:55.694Z, pipelineID=PipelineID=a1218f4d-7864-40ba-98d2-0f65b45798a5, owner=om1} to 3d2757fa-b181-4803-bdc5-b482e758aadc(fv-az264-29.ca02foy5wcnuvlrvrz2wi3p2og.dx.internal.cloudapp.net/10.1.0.13) with datanode deadline 1688565088673 and scm deadline 1688565118673
2023-07-05 13:41:58,674 [ReplicationMonitor] INFO  replication.ReplicationManager (ReplicationManager.java:sendDatanodeCommand(669)) - Sending command [closeContainerCommand: containerID: 1, pipelineID: PipelineID=a1218f4d-7864-40ba-98d2-0f65b45798a5, force: false] for container ContainerInfo{id=#1, state=CLOSING, stateEnterTime=2023-07-05T13:41:55.694Z, pipelineID=PipelineID=a1218f4d-7864-40ba-98d2-0f65b45798a5, owner=om1} to 2fb81e1d-6d09-4813-9c49-550bf392ffad(fv-az264-29.ca02foy5wcnuvlrvrz2wi3p2og.dx.internal.cloudapp.net/10.1.0.13) with datanode deadline 1688565088674 and scm deadline 1688565118674
2023-07-05 13:41:58,674 [ReplicationMonitor] INFO  replication.ReplicationManager (ReplicationManager.java:processAll(389)) - Replication Monitor Thread took 1 milliseconds for processing 1 containers.
2023-07-05 13:41:59,262 [ContainerOp-a1218f4d-7864-40ba-98d2-0f65b45798a5-2] INFO  keyvalue.KeyValueContainer (KeyValueContainer.java:flushAndSyncDB(461)) - Container 1 is synced with bcsId 2.
2023-07-05 13:41:59,262 [ContainerOp-a1218f4d-7864-40ba-98d2-0f65b45798a5-2] INFO  keyvalue.KeyValueContainer (KeyValueContainer.java:flushAndSyncDB(461)) - Container 1 is synced with bcsId 2.
2023-07-05 13:41:59,269 [ContainerOp-a1218f4d-7864-40ba-98d2-0f65b45798a5-2] INFO  keyvalue.KeyValueContainer (KeyValueContainer.java:close(376)) - Container 1 is closed with bcsId 2.
2023-07-05 13:41:59,274 [FixedThreadPoolWithAffinityExecutor-1-0] INFO  container.IncrementalContainerReportHandler (AbstractContainerReportHandler.java:updateContainerState(311)) - Moving container #1 to CLOSED state, datanode 3d2757fa-b181-4803-bdc5-b482e758aadc(fv-az264-29.ca02foy5wcnuvlrvrz2wi3p2og.dx.internal.cloudapp.net/10.1.0.13) reported CLOSED replica with index 0.
2023-07-05 13:41:59,276 [ContainerOp-a1218f4d-7864-40ba-98d2-0f65b45798a5-2] INFO  keyvalue.KeyValueContainer (KeyValueContainer.java:flushAndSyncDB(461)) - Container 1 is synced with bcsId 2.
2023-07-05 13:41:59,277 [ContainerOp-a1218f4d-7864-40ba-98d2-0f65b45798a5-2] INFO  keyvalue.KeyValueContainer (KeyValueContainer.java:flushAndSyncDB(461)) - Container 1 is synced with bcsId 2.
2023-07-05 13:41:59,277 [ContainerOp-a1218f4d-7864-40ba-98d2-0f65b45798a5-2] INFO  keyvalue.KeyValueContainer (KeyValueContainer.java:flushAndSyncDB(461)) - Container 1 is synced with bcsId 2.
2023-07-05 13:41:59,278 [ContainerOp-a1218f4d-7864-40ba-98d2-0f65b45798a5-2] INFO  keyvalue.KeyValueContainer (KeyValueContainer.java:flushAndSyncDB(461)) - Container 1 is synced with bcsId 2.
2023-07-05 13:41:59,280 [ContainerOp-a1218f4d-7864-40ba-98d2-0f65b45798a5-2] INFO  keyvalue.KeyValueContainer (KeyValueContainer.java:close(376)) - Container 1 is closed with bcsId 2.
2023-07-05 13:41:59,290 [ContainerOp-a1218f4d-7864-40ba-98d2-0f65b45798a5-2] INFO  keyvalue.KeyValueContainer (KeyValueContainer.java:close(376)) - Container 1 is closed with bcsId 2.
2023-07-05 13:41:59,680 [ReplicationMonitor] INFO  replication.ReplicationManager (ReplicationManager.java:processAll(389)) - Replication Monitor Thread took 6 milliseconds for processing 1 containers.
2023-07-05 13:41:59,693 [Time-limited test] INFO  ozoneimpl.OzoneContainer (OzoneContainer.java:stop(441)) - Attempting to stop container services.
2023-07-05 13:41:59,700 [Time-limited test] INFO  server.RaftServer (RaftServerProxy.java:lambda$close$6(416)) - 3d2757fa-b181-4803-bdc5-b482e758aadc: close
2023-07-05 13:41:59,700 [3d2757fa-b181-4803-bdc5-b482e758aadc-impl-thread1] INFO  server.RaftServer$Division (RaftServerImpl.java:lambda$close$4(466)) - 3d2757fa-b181-4803-bdc5-b482e758aadc@group-4A7041874874: shutdown
2023-07-05 13:41:59,701 [3d2757fa-b181-4803-bdc5-b482e758aadc-impl-thread2] INFO  server.RaftServer$Division (RaftServerImpl.java:lambda$close$4(466)) - 3d2757fa-b181-4803-bdc5-b482e758aadc@group-AA0EC426AE9C: shutdown
2023-07-05 13:41:59,701 [3d2757fa-b181-4803-bdc5-b482e758aadc-impl-thread1] INFO  util.JmxRegister (JmxRegister.java:unregister(73)) - Successfully un-registered JMX Bean with object name Ratis:service=RaftServer,group=group-4A7041874874,id=3d2757fa-b181-4803-bdc5-b482e758aadc
2023-07-05 13:41:59,701 [3d2757fa-b181-4803-bdc5-b482e758aadc-impl-thread1] INFO  impl.RoleInfo (RoleInfo.java:shutdownLeaderState(93)) - 3d2757fa-b181-4803-bdc5-b482e758aadc: shutdown 3d2757fa-b181-4803-bdc5-b482e758aadc@group-4A7041874874-LeaderStateImpl
2023-07-05 13:41:59,701 [Time-limited test] INFO  server.GrpcService (GrpcService.java:closeImpl(311)) - 3d2757fa-b181-4803-bdc5-b482e758aadc: shutdown server org.apache.ratis.grpc.server.GrpcClientProtocolService now
2023-07-05 13:41:59,701 [3d2757fa-b181-4803-bdc5-b482e758aadc-impl-thread1] INFO  impl.PendingRequests (PendingRequests.java:sendNotLeaderResponses(289)) - 3d2757fa-b181-4803-bdc5-b482e758aadc@group-4A7041874874-PendingRequests: sendNotLeaderResponses
2023-07-05 13:41:59,701 [3d2757fa-b181-4803-bdc5-b482e758aadc-impl-thread2] INFO  util.JmxRegister (JmxRegister.java:unregister(73)) - Successfully un-registered JMX Bean with object name Ratis:service=RaftServer,group=group-AA0EC426AE9C,id=3d2757fa-b181-4803-bdc5-b482e758aadc
2023-07-05 13:41:59,703 [3d2757fa-b181-4803-bdc5-b482e758aadc-impl-thread2] INFO  impl.RoleInfo (RoleInfo.java:shutdownFollowerState(110)) - 3d2757fa-b181-4803-bdc5-b482e758aadc: shutdown 3d2757fa-b181-4803-bdc5-b482e758aadc@group-AA0EC426AE9C-FollowerState
2023-07-05 13:41:59,703 [3d2757fa-b181-4803-bdc5-b482e758aadc@group-4A7041874874-StateMachineUpdater] INFO  ratis.ContainerStateMachine (ContainerStateMachine.java:takeSnapshot(330)) - group-4A7041874874: Taking a snapshot at:(t:1, i:0) file /home/runner/work/ozone/ozone/hadoop-ozone/integration-test/target/test-dir/MiniOzoneClusterImpl-4f26d1f9-f73a-4647-bb3a-126a945bf307/datanode-1/data/ratis/531ae59c-1464-49a7-8d74-4a7041874874/sm/snapshot.1_0
2023-07-05 13:41:59,704 [3d2757fa-b181-4803-bdc5-b482e758aadc@group-AA0EC426AE9C-StateMachineUpdater] INFO  ratis.ContainerStateMachine (ContainerStateMachine.java:takeSnapshot(330)) - group-AA0EC426AE9C: Taking a snapshot at:(t:1, i:0) file /home/runner/work/ozone/ozone/hadoop-ozone/integration-test/target/test-dir/MiniOzoneClusterImpl-4f26d1f9-f73a-4647-bb3a-126a945bf307/datanode-1/data/ratis/67ce44c2-8df2-4b96-9ebb-aa0ec426ae9c/sm/snapshot.1_0
2023-07-05 13:41:59,706 [3d2757fa-b181-4803-bdc5-b482e758aadc@group-AA0EC426AE9C-FollowerState] INFO  impl.FollowerState (FollowerState.java:run(152)) - 3d2757fa-b181-4803-bdc5-b482e758aadc@group-AA0EC426AE9C-FollowerState was interrupted
2023-07-05 13:41:59,707 [3d2757fa-b181-4803-bdc5-b482e758aadc-impl-thread2] INFO  impl.StateMachineUpdater (StateMachineUpdater.java:stopAndJoin(155)) - 3d2757fa-b181-4803-bdc5-b482e758aadc@group-AA0EC426AE9C-StateMachineUpdater: set stopIndex = 0
2023-07-05 13:41:59,708 [3d2757fa-b181-4803-bdc5-b482e758aadc-impl-thread3] INFO  server.RaftServer$Division (RaftServerImpl.java:lambda$close$4(466)) - 3d2757fa-b181-4803-bdc5-b482e758aadc@group-0F65B45798A5: shutdown
2023-07-05 13:41:59,708 [3d2757fa-b181-4803-bdc5-b482e758aadc-impl-thread3] INFO  util.JmxRegister (JmxRegister.java:unregister(73)) - Successfully un-registered JMX Bean with object name Ratis:service=RaftServer,group=group-0F65B45798A5,id=3d2757fa-b181-4803-bdc5-b482e758aadc
2023-07-05 13:41:59,708 [3d2757fa-b181-4803-bdc5-b482e758aadc-impl-thread3] INFO  impl.RoleInfo (RoleInfo.java:shutdownLeaderState(93)) - 3d2757fa-b181-4803-bdc5-b482e758aadc: shutdown 3d2757fa-b181-4803-bdc5-b482e758aadc@group-0F65B45798A5-LeaderStateImpl
2023-07-05 13:41:59,723 [Thread-400] INFO  server.GrpcServerProtocolClient (GrpcServerProtocolClient.java:close(103)) - 2fb81e1d-6d09-4813-9c49-550bf392ffad Close channels
2023-07-05 13:41:59,709 [3d2757fa-b181-4803-bdc5-b482e758aadc-impl-thread1] INFO  impl.StateMachineUpdater (StateMachineUpdater.java:stopAndJoin(155)) - 3d2757fa-b181-4803-bdc5-b482e758aadc@group-4A7041874874-StateMachineUpdater: set stopIndex = 0
2023-07-05 13:41:59,726 [Thread-401] INFO  server.GrpcServerProtocolClient (GrpcServerProtocolClient.java:close(103)) - 57c60944-bb7c-45d4-a857-02381db20eb8 Close channels
2023-07-05 13:41:59,730 [3d2757fa-b181-4803-bdc5-b482e758aadc@group-0F65B45798A5->2fb81e1d-6d09-4813-9c49-550bf392ffad-GrpcLogAppender-LogAppenderDaemon] WARN  server.GrpcLogAppender (GrpcLogAppender.java:mayWait(199)) - 3d2757fa-b181-4803-bdc5-b482e758aadc@group-0F65B45798A5->2fb81e1d-6d09-4813-9c49-550bf392ffad-GrpcLogAppender: Wait interrupted by java.lang.InterruptedException
2023-07-05 13:41:59,730 [3d2757fa-b181-4803-bdc5-b482e758aadc-impl-thread3] INFO  impl.PendingRequests (PendingRequests.java:sendNotLeaderResponses(289)) - 3d2757fa-b181-4803-bdc5-b482e758aadc@group-0F65B45798A5-PendingRequests: sendNotLeaderResponses
2023-07-05 13:41:59,733 [grpc-default-executor-1] WARN  server.GrpcClientProtocolService (LogUtils.java:warn(122)) - 0-OrderedRequestStreamObserver0: onError: org.apache.ratis.thirdparty.io.grpc.StatusRuntimeException: CANCELLED: client cancelled
2023-07-05 13:41:59,732 [3d2757fa-b181-4803-bdc5-b482e758aadc@group-0F65B45798A5->57c60944-bb7c-45d4-a857-02381db20eb8-GrpcLogAppender-LogAppenderDaemon] WARN  server.GrpcLogAppender (GrpcLogAppender.java:mayWait(199)) - 3d2757fa-b181-4803-bdc5-b482e758aadc@group-0F65B45798A5->57c60944-bb7c-45d4-a857-02381db20eb8-GrpcLogAppender: Wait interrupted by java.lang.InterruptedException
2023-07-05 13:41:59,741 [grpc-default-executor-1] INFO  server.GrpcServerProtocolService (GrpcServerProtocolService.java:onCompleted(155)) - 2fb81e1d-6d09-4813-9c49-550bf392ffad: Completed APPEND_ENTRIES, lastRequest: null
2023-07-05 13:41:59,746 [grpc-default-executor-1] INFO  server.GrpcServerProtocolService (GrpcServerProtocolService.java:lambda$onCompleted$5(157)) - 2fb81e1d-6d09-4813-9c49-550bf392ffad: Completed APPEND_ENTRIES, lastReply: serverReply {
  requestorId: "3d2757fa-b181-4803-bdc5-b482e758aadc"
  replyId: "2fb81e1d-6d09-4813-9c49-550bf392ffad"
  raftGroupId {
    id: "\241!\217Mxd@\272\230\322\017e\264W\230\245"
  }
  callId: 11
  success: true
}
term: 1
nextIndex: 4
followerCommit: 3
matchIndex: 18446744073709551615
isHearbeat: true

2023-07-05 13:41:59,748 [grpc-default-executor-1] INFO  server.GrpcLogAppender (GrpcLogAppender.java:onCompleted(428)) - 3d2757fa-b181-4803-bdc5-b482e758aadc@group-0F65B45798A5->2fb81e1d-6d09-4813-9c49-550bf392ffad-AppendLogResponseHandler: follower responses appendEntries COMPLETED
2023-07-05 13:41:59,749 [grpc-default-executor-1] WARN  server.GrpcLogAppender (GrpcLogAppender.java:resetClient(137)) - 3d2757fa-b181-4803-bdc5-b482e758aadc@group-0F65B45798A5->2fb81e1d-6d09-4813-9c49-550bf392ffad-GrpcLogAppender: Failed to getClient for 2fb81e1d-6d09-4813-9c49-550bf392ffad
org.apache.ratis.protocol.exceptions.AlreadyClosedException: 3d2757fa-b181-4803-bdc5-b482e758aadc is already CLOSED
	at org.apache.ratis.util.PeerProxyMap$PeerAndProxy.getProxy(PeerProxyMap.java:61)
	at org.apache.ratis.util.PeerProxyMap.getProxy(PeerProxyMap.java:115)
	at org.apache.ratis.grpc.server.GrpcLogAppender.getClient(GrpcLogAppender.java:112)
	at org.apache.ratis.grpc.server.GrpcLogAppender.resetClient(GrpcLogAppender.java:117)
	at org.apache.ratis.grpc.server.GrpcLogAppender.access$500(GrpcLogAppender.java:56)
	at org.apache.ratis.grpc.server.GrpcLogAppender$AppendLogResponseHandler.onCompleted(GrpcLogAppender.java:429)
	at org.apache.ratis.thirdparty.io.grpc.stub.ClientCalls$StreamObserverToCallListenerAdapter.onClose(ClientCalls.java:485)
	at org.apache.ratis.thirdparty.io.grpc.internal.ClientCallImpl.closeObserver(ClientCallImpl.java:563)
	at org.apache.ratis.thirdparty.io.grpc.internal.ClientCallImpl.access$300(ClientCallImpl.java:70)
	at org.apache.ratis.thirdparty.io.grpc.internal.ClientCallImpl$ClientStreamListenerImpl$1StreamClosed.runInternal(ClientCallImpl.java:744)
	at org.apache.ratis.thirdparty.io.grpc.internal.ClientCallImpl$ClientStreamListenerImpl$1StreamClosed.runInContext(ClientCallImpl.java:723)
	at org.apache.ratis.thirdparty.io.grpc.internal.ContextRunnable.run(ContextRunnable.java:37)
	at org.apache.ratis.thirdparty.io.grpc.internal.SerializingExecutor.run(SerializingExecutor.java:133)
	at java.util.concurrent.ThreadPoolExecutor.runWorker(ThreadPoolExecutor.java:1149)
	at java.util.concurrent.ThreadPoolExecutor$Worker.run(ThreadPoolExecutor.java:624)
	at java.lang.Thread.run(Thread.java:750)
2023-07-05 13:41:59,747 [grpc-default-executor-2] INFO  server.GrpcServerProtocolService (GrpcServerProtocolService.java:onCompleted(155)) - 2fb81e1d-6d09-4813-9c49-550bf392ffad: Completed APPEND_ENTRIES, lastRequest: 3d2757fa-b181-4803-bdc5-b482e758aadc->2fb81e1d-6d09-4813-9c49-550bf392ffad#13-t1,previous=(t:1, i:4),leaderCommit=4,initializing? true,entries: size=1, first=(t:1, i:5), METADATAENTRY(c:4)
2023-07-05 13:41:59,759 [grpc-default-executor-2] INFO  server.GrpcServerProtocolService (GrpcServerProtocolService.java:lambda$onCompleted$5(157)) - 2fb81e1d-6d09-4813-9c49-550bf392ffad: Completed APPEND_ENTRIES, lastReply: null
2023-07-05 13:41:59,759 [3d2757fa-b181-4803-bdc5-b482e758aadc-impl-thread3] INFO  impl.StateMachineUpdater (StateMachineUpdater.java:stopAndJoin(155)) - 3d2757fa-b181-4803-bdc5-b482e758aadc@group-0F65B45798A5-StateMachineUpdater: set stopIndex = 5
2023-07-05 13:41:59,747 [grpc-default-executor-0] INFO  server.GrpcServerProtocolService (GrpcServerProtocolService.java:onCompleted(155)) - 57c60944-bb7c-45d4-a857-02381db20eb8: Completed APPEND_ENTRIES, lastRequest: 3d2757fa-b181-4803-bdc5-b482e758aadc->57c60944-bb7c-45d4-a857-02381db20eb8#12-t1,previous=(t:1, i:4),leaderCommit=4,initializing? true,entries: size=1, first=(t:1, i:5), METADATAENTRY(c:4)
2023-07-05 13:41:59,759 [grpc-default-executor-0] INFO  server.GrpcServerProtocolService (GrpcServerProtocolService.java:lambda$onCompleted$5(157)) - 57c60944-bb7c-45d4-a857-02381db20eb8: Completed APPEND_ENTRIES, lastReply: null
2023-07-05 13:41:59,759 [3d2757fa-b181-4803-bdc5-b482e758aadc@group-0F65B45798A5-StateMachineUpdater] INFO  ratis.ContainerStateMachine (ContainerStateMachine.java:takeSnapshot(330)) - group-0F65B45798A5: Taking a snapshot at:(t:1, i:5) file /home/runner/work/ozone/ozone/hadoop-ozone/integration-test/target/test-dir/MiniOzoneClusterImpl-4f26d1f9-f73a-4647-bb3a-126a945bf307/datanode-1/data/ratis/a1218f4d-7864-40ba-98d2-0f65b45798a5/sm/snapshot.1_5
2023-07-05 13:41:59,747 [grpc-default-executor-3] INFO  server.GrpcServerProtocolService (GrpcServerProtocolService.java:onCompleted(155)) - 57c60944-bb7c-45d4-a857-02381db20eb8: Completed APPEND_ENTRIES, lastRequest: null
2023-07-05 13:41:59,760 [grpc-default-executor-3] INFO  server.GrpcServerProtocolService (GrpcServerProtocolService.java:lambda$onCompleted$5(157)) - 57c60944-bb7c-45d4-a857-02381db20eb8: Completed APPEND_ENTRIES, lastReply: serverReply {
  requestorId: "3d2757fa-b181-4803-bdc5-b482e758aadc"
  replyId: "57c60944-bb7c-45d4-a857-02381db20eb8"
  raftGroupId {
    id: "\241!\217Mxd@\272\230\322\017e\264W\230\245"
  }
  callId: 10
  success: true
}
term: 1
nextIndex: 4
followerCommit: 3
matchIndex: 18446744073709551615
isHearbeat: true

2023-07-05 13:41:59,761 [grpc-default-executor-3] INFO  server.GrpcLogAppender (GrpcLogAppender.java:onCompleted(428)) - 3d2757fa-b181-4803-bdc5-b482e758aadc@group-0F65B45798A5->2fb81e1d-6d09-4813-9c49-550bf392ffad-AppendLogResponseHandler: follower responses appendEntries COMPLETED
2023-07-05 13:41:59,761 [grpc-default-executor-3] WARN  server.GrpcLogAppender (GrpcLogAppender.java:resetClient(137)) - 3d2757fa-b181-4803-bdc5-b482e758aadc@group-0F65B45798A5->2fb81e1d-6d09-4813-9c49-550bf392ffad-GrpcLogAppender: Failed to getClient for 2fb81e1d-6d09-4813-9c49-550bf392ffad
org.apache.ratis.protocol.exceptions.AlreadyClosedException: 3d2757fa-b181-4803-bdc5-b482e758aadc is already CLOSED
	at org.apache.ratis.util.PeerProxyMap$PeerAndProxy.getProxy(PeerProxyMap.java:61)
	at org.apache.ratis.util.PeerProxyMap.getProxy(PeerProxyMap.java:115)
	at org.apache.ratis.grpc.server.GrpcLogAppender.getClient(GrpcLogAppender.java:112)
	at org.apache.ratis.grpc.server.GrpcLogAppender.resetClient(GrpcLogAppender.java:117)
	at org.apache.ratis.grpc.server.GrpcLogAppender.access$500(GrpcLogAppender.java:56)
	at org.apache.ratis.grpc.server.GrpcLogAppender$AppendLogResponseHandler.onCompleted(GrpcLogAppender.java:429)
	at org.apache.ratis.thirdparty.io.grpc.stub.ClientCalls$StreamObserverToCallListenerAdapter.onClose(ClientCalls.java:485)
	at org.apache.ratis.thirdparty.io.grpc.internal.ClientCallImpl.closeObserver(ClientCallImpl.java:563)
	at org.apache.ratis.thirdparty.io.grpc.internal.ClientCallImpl.access$300(ClientCallImpl.java:70)
	at org.apache.ratis.thirdparty.io.grpc.internal.ClientCallImpl$ClientStreamListenerImpl$1StreamClosed.runInternal(ClientCallImpl.java:744)
	at org.apache.ratis.thirdparty.io.grpc.internal.ClientCallImpl$ClientStreamListenerImpl$1StreamClosed.runInContext(ClientCallImpl.java:723)
	at org.apache.ratis.thirdparty.io.grpc.internal.ContextRunnable.run(ContextRunnable.java:37)
	at org.apache.ratis.thirdparty.io.grpc.internal.SerializingExecutor.run(SerializingExecutor.java:133)
	at java.util.concurrent.ThreadPoolExecutor.runWorker(ThreadPoolExecutor.java:1149)
	at java.util.concurrent.ThreadPoolExecutor$Worker.run(ThreadPoolExecutor.java:624)
	at java.lang.Thread.run(Thread.java:750)
2023-07-05 13:41:59,763 [grpc-default-executor-3] INFO  server.GrpcLogAppender (GrpcLogAppender.java:onCompleted(428)) - 3d2757fa-b181-4803-bdc5-b482e758aadc@group-0F65B45798A5->57c60944-bb7c-45d4-a857-02381db20eb8-AppendLogResponseHandler: follower responses appendEntries COMPLETED
2023-07-05 13:41:59,763 [grpc-default-executor-3] WARN  server.GrpcLogAppender (GrpcLogAppender.java:resetClient(137)) - 3d2757fa-b181-4803-bdc5-b482e758aadc@group-0F65B45798A5->57c60944-bb7c-45d4-a857-02381db20eb8-GrpcLogAppender: Failed to getClient for 57c60944-bb7c-45d4-a857-02381db20eb8
org.apache.ratis.protocol.exceptions.AlreadyClosedException: 3d2757fa-b181-4803-bdc5-b482e758aadc is already CLOSED
	at org.apache.ratis.util.PeerProxyMap$PeerAndProxy.getProxy(PeerProxyMap.java:61)
	at org.apache.ratis.util.PeerProxyMap.getProxy(PeerProxyMap.java:115)
	at org.apache.ratis.grpc.server.GrpcLogAppender.getClient(GrpcLogAppender.java:112)
	at org.apache.ratis.grpc.server.GrpcLogAppender.resetClient(GrpcLogAppender.java:117)
	at org.apache.ratis.grpc.server.GrpcLogAppender.access$500(GrpcLogAppender.java:56)
	at org.apache.ratis.grpc.server.GrpcLogAppender$AppendLogResponseHandler.onCompleted(GrpcLogAppender.java:429)
	at org.apache.ratis.thirdparty.io.grpc.stub.ClientCalls$StreamObserverToCallListenerAdapter.onClose(ClientCalls.java:485)
	at org.apache.ratis.thirdparty.io.grpc.internal.ClientCallImpl.closeObserver(ClientCallImpl.java:563)
	at org.apache.ratis.thirdparty.io.grpc.internal.ClientCallImpl.access$300(ClientCallImpl.java:70)
	at org.apache.ratis.thirdparty.io.grpc.internal.ClientCallImpl$ClientStreamListenerImpl$1StreamClosed.runInternal(ClientCallImpl.java:744)
	at org.apache.ratis.thirdparty.io.grpc.internal.ClientCallImpl$ClientStreamListenerImpl$1StreamClosed.runInContext(ClientCallImpl.java:723)
	at org.apache.ratis.thirdparty.io.grpc.internal.ContextRunnable.run(ContextRunnable.java:37)
	at org.apache.ratis.thirdparty.io.grpc.internal.SerializingExecutor.run(SerializingExecutor.java:133)
	at java.util.concurrent.ThreadPoolExecutor.runWorker(ThreadPoolExecutor.java:1149)
	at java.util.concurrent.ThreadPoolExecutor$Worker.run(ThreadPoolExecutor.java:624)
	at java.lang.Thread.run(Thread.java:750)
2023-07-05 13:41:59,768 [grpc-default-executor-0] INFO  server.GrpcLogAppender (GrpcLogAppender.java:onCompleted(428)) - 3d2757fa-b181-4803-bdc5-b482e758aadc@group-0F65B45798A5->57c60944-bb7c-45d4-a857-02381db20eb8-AppendLogResponseHandler: follower responses appendEntries COMPLETED
2023-07-05 13:41:59,768 [grpc-default-executor-0] WARN  server.GrpcLogAppender (GrpcLogAppender.java:resetClient(137)) - 3d2757fa-b181-4803-bdc5-b482e758aadc@group-0F65B45798A5->57c60944-bb7c-45d4-a857-02381db20eb8-GrpcLogAppender: Failed to getClient for 57c60944-bb7c-45d4-a857-02381db20eb8
org.apache.ratis.protocol.exceptions.AlreadyClosedException: 3d2757fa-b181-4803-bdc5-b482e758aadc is already CLOSED
	at org.apache.ratis.util.PeerProxyMap$PeerAndProxy.getProxy(PeerProxyMap.java:61)
	at org.apache.ratis.util.PeerProxyMap.getProxy(PeerProxyMap.java:115)
	at org.apache.ratis.grpc.server.GrpcLogAppender.getClient(GrpcLogAppender.java:112)
	at org.apache.ratis.grpc.server.GrpcLogAppender.resetClient(GrpcLogAppender.java:117)
	at org.apache.ratis.grpc.server.GrpcLogAppender.access$500(GrpcLogAppender.java:56)
	at org.apache.ratis.grpc.server.GrpcLogAppender$AppendLogResponseHandler.onCompleted(GrpcLogAppender.java:429)
	at org.apache.ratis.thirdparty.io.grpc.stub.ClientCalls$StreamObserverToCallListenerAdapter.onClose(ClientCalls.java:485)
	at org.apache.ratis.thirdparty.io.grpc.internal.ClientCallImpl.closeObserver(ClientCallImpl.java:563)
	at org.apache.ratis.thirdparty.io.grpc.internal.ClientCallImpl.access$300(ClientCallImpl.java:70)
	at org.apache.ratis.thirdparty.io.grpc.internal.ClientCallImpl$ClientStreamListenerImpl$1StreamClosed.runInternal(ClientCallImpl.java:744)
	at org.apache.ratis.thirdparty.io.grpc.internal.ClientCallImpl$ClientStreamListenerImpl$1StreamClosed.runInContext(ClientCallImpl.java:723)
	at org.apache.ratis.thirdparty.io.grpc.internal.ContextRunnable.run(ContextRunnable.java:37)
	at org.apache.ratis.thirdparty.io.grpc.internal.SerializingExecutor.run(SerializingExecutor.java:133)
	at java.util.concurrent.ThreadPoolExecutor.runWorker(ThreadPoolExecutor.java:1149)
	at java.util.concurrent.ThreadPoolExecutor$Worker.run(ThreadPoolExecutor.java:624)
	at java.lang.Thread.run(Thread.java:750)
2023-07-05 13:41:59,772 [Time-limited test] INFO  server.GrpcService (GrpcService.java:closeImpl(320)) - 3d2757fa-b181-4803-bdc5-b482e758aadc: shutdown server org.apache.ratis.grpc.server.GrpcClientProtocolService successfully
2023-07-05 13:41:59,772 [Time-limited test] INFO  server.GrpcService (GrpcService.java:closeImpl(311)) - 3d2757fa-b181-4803-bdc5-b482e758aadc: shutdown server GrpcServerProtocolService now
2023-07-05 13:41:59,774 [3d2757fa-b181-4803-bdc5-b482e758aadc@group-AA0EC426AE9C-StateMachineUpdater] INFO  ratis.ContainerStateMachine (ContainerStateMachine.java:takeSnapshot(341)) - group-AA0EC426AE9C: Finished taking a snapshot at:(t:1, i:0) file:/home/runner/work/ozone/ozone/hadoop-ozone/integration-test/target/test-dir/MiniOzoneClusterImpl-4f26d1f9-f73a-4647-bb3a-126a945bf307/datanode-1/data/ratis/67ce44c2-8df2-4b96-9ebb-aa0ec426ae9c/sm/snapshot.1_0 took: 71 ms
2023-07-05 13:41:59,776 [3d2757fa-b181-4803-bdc5-b482e758aadc@group-AA0EC426AE9C-StateMachineUpdater] INFO  impl.StateMachineUpdater (StateMachineUpdater.java:takeSnapshot(291)) - 3d2757fa-b181-4803-bdc5-b482e758aadc@group-AA0EC426AE9C-StateMachineUpdater: Took a snapshot at index 0
2023-07-05 13:41:59,776 [3d2757fa-b181-4803-bdc5-b482e758aadc@group-AA0EC426AE9C-StateMachineUpdater] INFO  impl.StateMachineUpdater (StateMachineUpdater.java:lambda$new$0(97)) - 3d2757fa-b181-4803-bdc5-b482e758aadc@group-AA0EC426AE9C-StateMachineUpdater: snapshotIndex: updateIncreasingly -1 -> 0
2023-07-05 13:41:59,774 [3d2757fa-b181-4803-bdc5-b482e758aadc@group-4A7041874874-StateMachineUpdater] INFO  ratis.ContainerStateMachine (ContainerStateMachine.java:takeSnapshot(341)) - group-4A7041874874: Finished taking a snapshot at:(t:1, i:0) file:/home/runner/work/ozone/ozone/hadoop-ozone/integration-test/target/test-dir/MiniOzoneClusterImpl-4f26d1f9-f73a-4647-bb3a-126a945bf307/datanode-1/data/ratis/531ae59c-1464-49a7-8d74-4a7041874874/sm/snapshot.1_0 took: 71 ms
2023-07-05 13:41:59,777 [3d2757fa-b181-4803-bdc5-b482e758aadc@group-4A7041874874-StateMachineUpdater] INFO  impl.StateMachineUpdater (StateMachineUpdater.java:takeSnapshot(291)) - 3d2757fa-b181-4803-bdc5-b482e758aadc@group-4A7041874874-StateMachineUpdater: Took a snapshot at index 0
2023-07-05 13:41:59,777 [3d2757fa-b181-4803-bdc5-b482e758aadc@group-4A7041874874-StateMachineUpdater] INFO  impl.StateMachineUpdater (StateMachineUpdater.java:lambda$new$0(97)) - 3d2757fa-b181-4803-bdc5-b482e758aadc@group-4A7041874874-StateMachineUpdater: snapshotIndex: updateIncreasingly -1 -> 0
2023-07-05 13:41:59,777 [3d2757fa-b181-4803-bdc5-b482e758aadc@group-0F65B45798A5-StateMachineUpdater] INFO  ratis.ContainerStateMachine (ContainerStateMachine.java:takeSnapshot(341)) - group-0F65B45798A5: Finished taking a snapshot at:(t:1, i:5) file:/home/runner/work/ozone/ozone/hadoop-ozone/integration-test/target/test-dir/MiniOzoneClusterImpl-4f26d1f9-f73a-4647-bb3a-126a945bf307/datanode-1/data/ratis/a1218f4d-7864-40ba-98d2-0f65b45798a5/sm/snapshot.1_5 took: 18 ms
2023-07-05 13:41:59,778 [3d2757fa-b181-4803-bdc5-b482e758aadc@group-0F65B45798A5-StateMachineUpdater] INFO  impl.StateMachineUpdater (StateMachineUpdater.java:takeSnapshot(291)) - 3d2757fa-b181-4803-bdc5-b482e758aadc@group-0F65B45798A5-StateMachineUpdater: Took a snapshot at index 5
2023-07-05 13:41:59,778 [3d2757fa-b181-4803-bdc5-b482e758aadc@group-0F65B45798A5-StateMachineUpdater] INFO  impl.StateMachineUpdater (StateMachineUpdater.java:lambda$new$0(97)) - 3d2757fa-b181-4803-bdc5-b482e758aadc@group-0F65B45798A5-StateMachineUpdater: snapshotIndex: updateIncreasingly -1 -> 5
2023-07-05 13:41:59,779 [3d2757fa-b181-4803-bdc5-b482e758aadc-impl-thread3] INFO  server.RaftServer$Division (ServerState.java:close(472)) - 3d2757fa-b181-4803-bdc5-b482e758aadc@group-0F65B45798A5: closes. applyIndex: 5
2023-07-05 13:41:59,779 [3d2757fa-b181-4803-bdc5-b482e758aadc-impl-thread1] INFO  server.RaftServer$Division (ServerState.java:close(472)) - 3d2757fa-b181-4803-bdc5-b482e758aadc@group-4A7041874874: closes. applyIndex: 0
2023-07-05 13:41:59,780 [3d2757fa-b181-4803-bdc5-b482e758aadc-impl-thread2] INFO  server.RaftServer$Division (ServerState.java:close(472)) - 3d2757fa-b181-4803-bdc5-b482e758aadc@group-AA0EC426AE9C: closes. applyIndex: 0
2023-07-05 13:41:59,783 [Time-limited test] INFO  server.GrpcService (GrpcService.java:closeImpl(320)) - 3d2757fa-b181-4803-bdc5-b482e758aadc: shutdown server GrpcServerProtocolService successfully
2023-07-05 13:41:59,783 [Time-limited test] INFO  server.GrpcService (GrpcService.java:closeImpl(311)) - 3d2757fa-b181-4803-bdc5-b482e758aadc: shutdown server org.apache.ratis.grpc.server.GrpcAdminProtocolService now
2023-07-05 13:41:59,784 [grpc-default-executor-3] WARN  server.GrpcServerProtocolService (LogUtils.java:warn(122)) - 3d2757fa-b181-4803-bdc5-b482e758aadc: APPEND_ENTRIES onError, lastRequest: null: org.apache.ratis.thirdparty.io.grpc.StatusRuntimeException: CANCELLED: client cancelled
2023-07-05 13:41:59,784 [grpc-default-executor-4] WARN  server.GrpcLogAppender (LogUtils.java:warn(122)) - 2fb81e1d-6d09-4813-9c49-550bf392ffad@group-AA0EC426AE9C->3d2757fa-b181-4803-bdc5-b482e758aadc-AppendLogResponseHandler: Failed appendEntries: org.apache.ratis.thirdparty.io.grpc.StatusRuntimeException: CANCELLED: RST_STREAM closed stream. HTTP/2 error code: CANCEL
2023-07-05 13:41:59,785 [grpc-default-executor-1] WARN  server.GrpcServerProtocolService (LogUtils.java:warn(122)) - 3d2757fa-b181-4803-bdc5-b482e758aadc: APPEND_ENTRIES onError, lastRequest: 2fb81e1d-6d09-4813-9c49-550bf392ffad->3d2757fa-b181-4803-bdc5-b482e758aadc#1-t1,previous=(t:0, i:0),leaderCommit=-1,initializing? true,entries: size=1, first=(t:1, i:0), CONFIGURATIONENTRY(current:id: "2fb81e1d-6d09-4813-9c49-550bf392ffad"
address: "10.1.0.13:15014"
priority: 1
dataStreamAddress: "10.1.0.13:15015"
clientAddress: "10.1.0.13:15012"
adminAddress: "10.1.0.13:15013"
startupRole: FOLLOWER
,id: "3d2757fa-b181-4803-bdc5-b482e758aadc"
address: "10.1.0.13:15023"
dataStreamAddress: "10.1.0.13:15024"
clientAddress: "10.1.0.13:15021"
adminAddress: "10.1.0.13:15022"
startupRole: FOLLOWER
,id: "57c60944-bb7c-45d4-a857-02381db20eb8"
address: "10.1.0.13:15032"
dataStreamAddress: "10.1.0.13:15033"
clientAddress: "10.1.0.13:15030"
adminAddress: "10.1.0.13:15031"
startupRole: FOLLOWER
, old:): org.apache.ratis.thirdparty.io.grpc.StatusRuntimeException: CANCELLED: client cancelled
2023-07-05 13:41:59,786 [grpc-default-executor-4] WARN  server.GrpcLogAppender (GrpcLogAppender.java:resetClient(128)) - 2fb81e1d-6d09-4813-9c49-550bf392ffad@group-AA0EC426AE9C->3d2757fa-b181-4803-bdc5-b482e758aadc-GrpcLogAppender: Follower failed when matchIndex == 0,  keep nextIndex (1) unchanged and retry.
2023-07-05 13:41:59,791 [grpc-default-executor-2] WARN  server.GrpcLogAppender (LogUtils.java:warn(122)) - 2fb81e1d-6d09-4813-9c49-550bf392ffad@group-AA0EC426AE9C->3d2757fa-b181-4803-bdc5-b482e758aadc-AppendLogResponseHandler: Failed appendEntries: org.apache.ratis.thirdparty.io.grpc.StatusRuntimeException: CANCELLED: RST_STREAM closed stream. HTTP/2 error code: CANCEL
2023-07-05 13:41:59,791 [grpc-default-executor-2] WARN  server.GrpcLogAppender (GrpcLogAppender.java:resetClient(128)) - 2fb81e1d-6d09-4813-9c49-550bf392ffad@group-AA0EC426AE9C->3d2757fa-b181-4803-bdc5-b482e758aadc-GrpcLogAppender: Follower failed when matchIndex == 0,  keep nextIndex (1) unchanged and retry.
2023-07-05 13:41:59,792 [Time-limited test] INFO  server.GrpcService (GrpcService.java:closeImpl(320)) - 3d2757fa-b181-4803-bdc5-b482e758aadc: shutdown server org.apache.ratis.grpc.server.GrpcAdminProtocolService successfully
2023-07-05 13:41:59,793 [3d2757fa-b181-4803-bdc5-b482e758aadc-NettyServerStreamRpc-bossGroup--thread1] INFO  logging.LoggingHandler (AbstractInternalLogger.java:log(148)) - [id: 0xd1a1f350, L:/0:0:0:0:0:0:0:0:15024] CLOSE
2023-07-05 13:41:59,793 [3d2757fa-b181-4803-bdc5-b482e758aadc-NettyServerStreamRpc-bossGroup--thread1] INFO  logging.LoggingHandler (AbstractInternalLogger.java:log(148)) - [id: 0xd1a1f350, L:/0:0:0:0:0:0:0:0:15024] INACTIVE
2023-07-05 13:41:59,793 [3d2757fa-b181-4803-bdc5-b482e758aadc-NettyServerStreamRpc-bossGroup--thread1] INFO  logging.LoggingHandler (AbstractInternalLogger.java:log(148)) - [id: 0xd1a1f350, L:/0:0:0:0:0:0:0:0:15024] UNREGISTERED
2023-07-05 13:41:59,823 [3d2757fa-b181-4803-bdc5-b482e758aadc-impl-thread1] INFO  segmented.SegmentedRaftLogWorker (SegmentedRaftLogWorker.java:close(252)) - 3d2757fa-b181-4803-bdc5-b482e758aadc@group-4A7041874874-SegmentedRaftLogWorker close()
2023-07-05 13:42:00,261 [3d2757fa-b181-4803-bdc5-b482e758aadc-impl-thread3] INFO  segmented.SegmentedRaftLogWorker (SegmentedRaftLogWorker.java:close(252)) - 3d2757fa-b181-4803-bdc5-b482e758aadc@group-0F65B45798A5-SegmentedRaftLogWorker close()
2023-07-05 13:42:00,529 [3d2757fa-b181-4803-bdc5-b482e758aadc-impl-thread2] INFO  segmented.SegmentedRaftLogWorker (SegmentedRaftLogWorker.java:close(252)) - 3d2757fa-b181-4803-bdc5-b482e758aadc@group-AA0EC426AE9C-SegmentedRaftLogWorker close()
2023-07-05 13:42:00,532 [JvmPauseMonitor3] INFO  util.JvmPauseMonitor (JvmPauseMonitor.java:run(109)) - JvmPauseMonitor-3d2757fa-b181-4803-bdc5-b482e758aadc: Stopped
2023-07-05 13:42:00,681 [ReplicationMonitor] INFO  replication.ReplicationManager (ReplicationManager.java:processAll(389)) - Replication Monitor Thread took 1 milliseconds for processing 1 containers.
2023-07-05 13:42:01,050 [grpc-default-executor-1] WARN  server.GrpcLogAppender (LogUtils.java:warn(122)) - 2fb81e1d-6d09-4813-9c49-550bf392ffad@group-AA0EC426AE9C->3d2757fa-b181-4803-bdc5-b482e758aadc-AppendLogResponseHandler: Failed appendEntries: org.apache.ratis.thirdparty.io.grpc.StatusRuntimeException: UNAVAILABLE: io exception
2023-07-05 13:42:01,051 [grpc-default-executor-1] WARN  server.GrpcLogAppender (GrpcLogAppender.java:resetClient(128)) - 2fb81e1d-6d09-4813-9c49-550bf392ffad@group-AA0EC426AE9C->3d2757fa-b181-4803-bdc5-b482e758aadc-GrpcLogAppender: Follower failed when matchIndex == 0,  keep nextIndex (1) unchanged and retry.
2023-07-05 13:42:01,053 [grpc-default-executor-1] WARN  server.GrpcLogAppender (LogUtils.java:warn(122)) - 2fb81e1d-6d09-4813-9c49-550bf392ffad@group-AA0EC426AE9C->3d2757fa-b181-4803-bdc5-b482e758aadc-AppendLogResponseHandler: Failed appendEntries: org.apache.ratis.thirdparty.io.grpc.StatusRuntimeException: UNAVAILABLE: io exception
2023-07-05 13:42:01,064 [grpc-default-executor-1] WARN  server.GrpcLogAppender (GrpcLogAppender.java:resetClient(128)) - 2fb81e1d-6d09-4813-9c49-550bf392ffad@group-AA0EC426AE9C->3d2757fa-b181-4803-bdc5-b482e758aadc-GrpcLogAppender: Follower failed when matchIndex == 0,  keep nextIndex (1) unchanged and retry.
2023-07-05 13:42:01,681 [ReplicationMonitor] INFO  replication.ReplicationManager (ReplicationManager.java:processAll(389)) - Replication Monitor Thread took 0 milliseconds for processing 1 containers.
2023-07-05 13:42:02,292 [grpc-default-executor-2] WARN  server.GrpcLogAppender (LogUtils.java:warn(122)) - 2fb81e1d-6d09-4813-9c49-550bf392ffad@group-AA0EC426AE9C->3d2757fa-b181-4803-bdc5-b482e758aadc-AppendLogResponseHandler: Failed appendEntries: org.apache.ratis.thirdparty.io.grpc.StatusRuntimeException: UNAVAILABLE: io exception
2023-07-05 13:42:02,292 [grpc-default-executor-1] WARN  server.GrpcLogAppender (LogUtils.java:warn(122)) - 2fb81e1d-6d09-4813-9c49-550bf392ffad@group-AA0EC426AE9C->3d2757fa-b181-4803-bdc5-b482e758aadc-AppendLogResponseHandler: Failed appendEntries: org.apache.ratis.thirdparty.io.grpc.StatusRuntimeException: UNAVAILABLE: io exception
2023-07-05 13:42:02,293 [grpc-default-executor-2] WARN  server.GrpcLogAppender (GrpcLogAppender.java:resetClient(128)) - 2fb81e1d-6d09-4813-9c49-550bf392ffad@group-AA0EC426AE9C->3d2757fa-b181-4803-bdc5-b482e758aadc-GrpcLogAppender: Follower failed when matchIndex == 0,  keep nextIndex (1) unchanged and retry.
2023-07-05 13:42:02,294 [grpc-default-executor-1] WARN  server.GrpcLogAppender (GrpcLogAppender.java:resetClient(128)) - 2fb81e1d-6d09-4813-9c49-550bf392ffad@group-AA0EC426AE9C->3d2757fa-b181-4803-bdc5-b482e758aadc-GrpcLogAppender: Follower failed when matchIndex == 0,  keep nextIndex (1) unchanged and retry.
2023-07-05 13:42:02,316 [EventQueue-StaleNodeForStaleNodeHandler] INFO  node.StaleNodeHandler (StaleNodeHandler.java:onMessage(58)) - Datanode 3d2757fa-b181-4803-bdc5-b482e758aadc(fv-az264-29.ca02foy5wcnuvlrvrz2wi3p2og.dx.internal.cloudapp.net/10.1.0.13) moved to stale state. Finalizing its pipelines [PipelineID=531ae59c-1464-49a7-8d74-4a7041874874, PipelineID=67ce44c2-8df2-4b96-9ebb-aa0ec426ae9c, PipelineID=a1218f4d-7864-40ba-98d2-0f65b45798a5]
2023-07-05 13:42:02,317 [EventQueue-StaleNodeForStaleNodeHandler] INFO  pipeline.PipelineManagerImpl (PipelineManagerImpl.java:closePipeline(510)) - Pipeline Pipeline[ Id: 531ae59c-1464-49a7-8d74-4a7041874874, Nodes: 3d2757fa-b181-4803-bdc5-b482e758aadc(fv-az264-29.ca02foy5wcnuvlrvrz2wi3p2og.dx.internal.cloudapp.net/10.1.0.13), ReplicationConfig: RATIS/ONE, State:OPEN, leaderId:3d2757fa-b181-4803-bdc5-b482e758aadc, CreationTimestamp2023-07-05T13:41:45.545Z[Etc/UTC]] moved to CLOSED state
2023-07-05 13:42:02,318 [EventQueue-StaleNodeForStaleNodeHandler] INFO  pipeline.PipelineManagerImpl (PipelineManagerImpl.java:closePipeline(510)) - Pipeline Pipeline[ Id: 67ce44c2-8df2-4b96-9ebb-aa0ec426ae9c, Nodes: 2fb81e1d-6d09-4813-9c49-550bf392ffad(fv-az264-29.ca02foy5wcnuvlrvrz2wi3p2og.dx.internal.cloudapp.net/10.1.0.13)3d2757fa-b181-4803-bdc5-b482e758aadc(fv-az264-29.ca02foy5wcnuvlrvrz2wi3p2og.dx.internal.cloudapp.net/10.1.0.13)57c60944-bb7c-45d4-a857-02381db20eb8(fv-az264-29.ca02foy5wcnuvlrvrz2wi3p2og.dx.internal.cloudapp.net/10.1.0.13), ReplicationConfig: RATIS/THREE, State:OPEN, leaderId:2fb81e1d-6d09-4813-9c49-550bf392ffad, CreationTimestamp2023-07-05T13:41:45.921Z[Etc/UTC]] moved to CLOSED state
2023-07-05 13:42:02,318 [EventQueue-StaleNodeForStaleNodeHandler] INFO  pipeline.PipelineManagerImpl (PipelineManagerImpl.java:closePipeline(510)) - Pipeline Pipeline[ Id: a1218f4d-7864-40ba-98d2-0f65b45798a5, Nodes: 3d2757fa-b181-4803-bdc5-b482e758aadc(fv-az264-29.ca02foy5wcnuvlrvrz2wi3p2og.dx.internal.cloudapp.net/10.1.0.13)57c60944-bb7c-45d4-a857-02381db20eb8(fv-az264-29.ca02foy5wcnuvlrvrz2wi3p2og.dx.internal.cloudapp.net/10.1.0.13)2fb81e1d-6d09-4813-9c49-550bf392ffad(fv-az264-29.ca02foy5wcnuvlrvrz2wi3p2og.dx.internal.cloudapp.net/10.1.0.13), ReplicationConfig: RATIS/THREE, State:OPEN, leaderId:3d2757fa-b181-4803-bdc5-b482e758aadc, CreationTimestamp2023-07-05T13:41:45.924Z[Etc/UTC]] moved to CLOSED state
2023-07-05 13:42:02,558 [Time-limited test] INFO  utils.DatanodeStoreCache (DatanodeStoreCache.java:shutdownCache(110)) - Skip clearing cache in mini cluster mode. Entries left: [/home/runner/work/ozone/ozone/hadoop-ozone/integration-test/target/test-dir/MiniOzoneClusterImpl-4f26d1f9-f73a-4647-bb3a-126a945bf307/datanode-0/data-0/containers/hdds/4f26d1f9-f73a-4647-bb3a-126a945bf307/DS-9423b8ae-6be4-49b5-bad8-99d79a32784d/container.db, /home/runner/work/ozone/ozone/hadoop-ozone/integration-test/target/test-dir/MiniOzoneClusterImpl-4f26d1f9-f73a-4647-bb3a-126a945bf307/datanode-1/data-0/containers/hdds/4f26d1f9-f73a-4647-bb3a-126a945bf307/DS-30a304ec-ce11-43fd-96ad-3693590e4c10/container.db, /home/runner/work/ozone/ozone/hadoop-ozone/integration-test/target/test-dir/MiniOzoneClusterImpl-4f26d1f9-f73a-4647-bb3a-126a945bf307/datanode-2/data-0/containers/hdds/4f26d1f9-f73a-4647-bb3a-126a945bf307/DS-88aab22c-7bdb-44e6-b345-d7880d087199/container.db, /home/runner/work/ozone/ozone/hadoop-ozone/integration-test/target/test-dir/MiniOzoneClusterImpl-4f26d1f9-f73a-4647-bb3a-126a945bf307/datanode-3/data-0/containers/hdds/4f26d1f9-f73a-4647-bb3a-126a945bf307/DS-f06e0b13-fb74-49b0-8fc0-53573d6b30a5/container.db, /home/runner/work/ozone/ozone/hadoop-ozone/integration-test/target/test-dir/MiniOzoneClusterImpl-4f26d1f9-f73a-4647-bb3a-126a945bf307/datanode-4/data-0/containers/hdds/4f26d1f9-f73a-4647-bb3a-126a945bf307/DS-80fd0042-beb9-439f-8d90-5a59a754e442/container.db]
2023-07-05 13:42:02,564 [Time-limited test] INFO  utils.DatanodeStoreCache (DatanodeStoreCache.java:removeDB(104)) - Removed db /home/runner/work/ozone/ozone/hadoop-ozone/integration-test/target/test-dir/MiniOzoneClusterImpl-4f26d1f9-f73a-4647-bb3a-126a945bf307/datanode-1/data-0/containers/hdds/4f26d1f9-f73a-4647-bb3a-126a945bf307/DS-30a304ec-ce11-43fd-96ad-3693590e4c10/container.db from cache
2023-07-05 13:42:02,565 [Time-limited test] INFO  volume.HddsVolume (HddsVolume.java:closeDbStore(509)) - SchemaV3 db is stopped at /home/runner/work/ozone/ozone/hadoop-ozone/integration-test/target/test-dir/MiniOzoneClusterImpl-4f26d1f9-f73a-4647-bb3a-126a945bf307/datanode-1/data-0/containers/hdds/4f26d1f9-f73a-4647-bb3a-126a945bf307/DS-30a304ec-ce11-43fd-96ad-3693590e4c10/container.db for volume DS-30a304ec-ce11-43fd-96ad-3693590e4c10
2023-07-05 13:42:02,565 [Time-limited test] INFO  utils.BackgroundService (BackgroundService.java:shutdown(141)) - Shutting down service BlockDeletingService
2023-07-05 13:42:02,565 [Time-limited test] INFO  utils.BackgroundService (BackgroundService.java:shutdown(141)) - Shutting down service StaleRecoveringContainerScrubbingService
2023-07-05 13:42:02,566 [Time-limited test] INFO  statemachine.DatanodeStateMachine (DatanodeStateMachine.java:stopDaemon(613)) - Ozone container server stopped.
2023-07-05 13:42:02,578 [Time-limited test] INFO  handler.ContextHandler (ContextHandler.java:doStop(1159)) - Stopped o.e.j.w.WebAppContext@72b7556b{hddsDatanode,/,null,STOPPED}{jar:file:/home/runner/.m2/repository/org/apache/ozone/hdds-container-service/1.4.0-SNAPSHOT/hdds-container-service-1.4.0-SNAPSHOT.jar!/webapps/hddsDatanode}
2023-07-05 13:42:02,582 [Time-limited test] INFO  server.AbstractConnector (AbstractConnector.java:doStop(383)) - Stopped ServerConnector@4bcbc4ac{HTTP/1.1, (http/1.1)}{0.0.0.0:15018}
2023-07-05 13:42:02,582 [Time-limited test] INFO  server.session (HouseKeeper.java:stopScavenging(149)) - node0 Stopped scavenging
2023-07-05 13:42:02,583 [Time-limited test] INFO  handler.ContextHandler (ContextHandler.java:doStop(1159)) - Stopped o.e.j.s.ServletContextHandler@6ea1e62d{static,/static,jar:file:/home/runner/.m2/repository/org/apache/ozone/hdds-container-service/1.4.0-SNAPSHOT/hdds-container-service-1.4.0-SNAPSHOT.jar!/webapps/static,STOPPED}
2023-07-05 13:42:02,583 [Time-limited test] INFO  handler.ContextHandler (ContextHandler.java:doStop(1159)) - Stopped o.e.j.s.ServletContextHandler@6721a127{logs,/logs,file:///home/runner/work/ozone/ozone/hadoop-ozone/integration-test/target/log,STOPPED}
2023-07-05 13:42:02,586 [Time-limited test] INFO  ozone.HddsDatanodeClientProtocolServer (HddsDatanodeClientProtocolServer.java:stop(78)) - Stopping the RPC server for Client Protocol
2023-07-05 13:42:02,586 [Time-limited test] INFO  ipc.Server (Server.java:stop(3523)) - Stopping server on 15019
2023-07-05 13:42:02,587 [IPC Server listener on 15019] INFO  ipc.Server (Server.java:run(1434)) - Stopping IPC Server listener on 15019
2023-07-05 13:42:02,589 [IPC Server Responder] INFO  ipc.Server (Server.java:run(1567)) - Stopping IPC Server Responder
2023-07-05 13:42:02,593 [Time-limited test] INFO  container.TestHelper (TestHelper.java:countReplicas(423)) - Container 1 has 3 replicas on [2fb81e1d-6d09-4813-9c49-550bf392ffad, 3d2757fa-b181-4803-bdc5-b482e758aadc, 57c60944-bb7c-45d4-a857-02381db20eb8]
2023-07-05 13:42:02,682 [ReplicationMonitor] INFO  replication.ReplicationManager (ReplicationManager.java:processAll(389)) - Replication Monitor Thread took 0 milliseconds for processing 1 containers.
2023-07-05 13:42:03,542 [grpc-default-executor-1] WARN  server.GrpcLogAppender (LogUtils.java:warn(122)) - 2fb81e1d-6d09-4813-9c49-550bf392ffad@group-AA0EC426AE9C->3d2757fa-b181-4803-bdc5-b482e758aadc-AppendLogResponseHandler: Failed appendEntries: org.apache.ratis.thirdparty.io.grpc.StatusRuntimeException: UNAVAILABLE: io exception
2023-07-05 13:42:03,542 [grpc-default-executor-2] WARN  server.GrpcLogAppender (LogUtils.java:warn(122)) - 2fb81e1d-6d09-4813-9c49-550bf392ffad@group-AA0EC426AE9C->3d2757fa-b181-4803-bdc5-b482e758aadc-AppendLogResponseHandler: Failed appendEntries: org.apache.ratis.thirdparty.io.grpc.StatusRuntimeException: UNAVAILABLE: io exception
2023-07-05 13:42:03,543 [grpc-default-executor-1] WARN  server.GrpcLogAppender (GrpcLogAppender.java:resetClient(128)) - 2fb81e1d-6d09-4813-9c49-550bf392ffad@group-AA0EC426AE9C->3d2757fa-b181-4803-bdc5-b482e758aadc-GrpcLogAppender: Follower failed when matchIndex == 0,  keep nextIndex (1) unchanged and retry.
2023-07-05 13:42:03,544 [grpc-default-executor-2] WARN  server.GrpcLogAppender (GrpcLogAppender.java:resetClient(128)) - 2fb81e1d-6d09-4813-9c49-550bf392ffad@group-AA0EC426AE9C->3d2757fa-b181-4803-bdc5-b482e758aadc-GrpcLogAppender: Follower failed when matchIndex == 0,  keep nextIndex (1) unchanged and retry.
2023-07-05 13:42:03,593 [Time-limited test] INFO  container.TestHelper (TestHelper.java:countReplicas(423)) - Container 1 has 3 replicas on [2fb81e1d-6d09-4813-9c49-550bf392ffad, 3d2757fa-b181-4803-bdc5-b482e758aadc, 57c60944-bb7c-45d4-a857-02381db20eb8]
2023-07-05 13:42:03,683 [ReplicationMonitor] INFO  replication.ReplicationManager (ReplicationManager.java:processAll(389)) - Replication Monitor Thread took 1 milliseconds for processing 1 containers.
2023-07-05 13:42:04,594 [Time-limited test] INFO  container.TestHelper (TestHelper.java:countReplicas(423)) - Container 1 has 3 replicas on [2fb81e1d-6d09-4813-9c49-550bf392ffad, 3d2757fa-b181-4803-bdc5-b482e758aadc, 57c60944-bb7c-45d4-a857-02381db20eb8]
2023-07-05 13:42:04,654 [2fb81e1d-6d09-4813-9c49-550bf392ffad@group-0F65B45798A5-FollowerState] INFO  impl.FollowerState (FollowerState.java:run(143)) - 2fb81e1d-6d09-4813-9c49-550bf392ffad@group-0F65B45798A5-FollowerState: change to CANDIDATE, lastRpcElapsedTime:5389203886ns, electionTimeout:5117ms
2023-07-05 13:42:04,654 [2fb81e1d-6d09-4813-9c49-550bf392ffad@group-0F65B45798A5-FollowerState] INFO  impl.RoleInfo (RoleInfo.java:shutdownFollowerState(110)) - 2fb81e1d-6d09-4813-9c49-550bf392ffad: shutdown 2fb81e1d-6d09-4813-9c49-550bf392ffad@group-0F65B45798A5-FollowerState
2023-07-05 13:42:04,655 [2fb81e1d-6d09-4813-9c49-550bf392ffad@group-0F65B45798A5-FollowerState] INFO  server.RaftServer$Division (RaftServerImpl.java:setRole(329)) - 2fb81e1d-6d09-4813-9c49-550bf392ffad@group-0F65B45798A5: changes role from  FOLLOWER to CANDIDATE at term 1 for changeToCandidate
2023-07-05 13:42:04,655 [2fb81e1d-6d09-4813-9c49-550bf392ffad@group-0F65B45798A5-FollowerState] INFO  server.RaftServerConfigKeys (ConfUtils.java:logGet(46)) - raft.server.leaderelection.pre-vote = true (default)
2023-07-05 13:42:04,655 [2fb81e1d-6d09-4813-9c49-550bf392ffad@group-0F65B45798A5-FollowerState] INFO  impl.RoleInfo (RoleInfo.java:updateAndGet(139)) - 2fb81e1d-6d09-4813-9c49-550bf392ffad: start 2fb81e1d-6d09-4813-9c49-550bf392ffad@group-0F65B45798A5-LeaderElection11
2023-07-05 13:42:04,659 [2fb81e1d-6d09-4813-9c49-550bf392ffad@group-0F65B45798A5-LeaderElection11] INFO  server.RaftServer$Division (ServerState.java:setLeader(317)) - 2fb81e1d-6d09-4813-9c49-550bf392ffad@group-0F65B45798A5: change Leader from 3d2757fa-b181-4803-bdc5-b482e758aadc to null at term 1 for PRE_VOTE
2023-07-05 13:42:04,659 [2fb81e1d-6d09-4813-9c49-550bf392ffad@group-0F65B45798A5-LeaderElection11] INFO  impl.LeaderElection (LeaderElection.java:askForVotes(321)) - 2fb81e1d-6d09-4813-9c49-550bf392ffad@group-0F65B45798A5-LeaderElection11 PRE_VOTE round 0: submit vote requests at term 1 for 0: peers:[2fb81e1d-6d09-4813-9c49-550bf392ffad|rpc:10.1.0.13:15014|admin:10.1.0.13:15013|client:10.1.0.13:15012|dataStream:10.1.0.13:15015|priority:0|startupRole:FOLLOWER, 3d2757fa-b181-4803-bdc5-b482e758aadc|rpc:10.1.0.13:15023|admin:10.1.0.13:15022|client:10.1.0.13:15021|dataStream:10.1.0.13:15024|priority:1|startupRole:FOLLOWER, 57c60944-bb7c-45d4-a857-02381db20eb8|rpc:10.1.0.13:15032|admin:10.1.0.13:15031|client:10.1.0.13:15030|dataStream:10.1.0.13:15033|priority:0|startupRole:FOLLOWER]|listeners:[], old=null
2023-07-05 13:42:04,663 [grpc-default-executor-2] INFO  server.RaftServer$Division (RaftServerImpl.java:requestVote(1302)) - 57c60944-bb7c-45d4-a857-02381db20eb8@group-0F65B45798A5: receive requestVote(PRE_VOTE, 2fb81e1d-6d09-4813-9c49-550bf392ffad, group-0F65B45798A5, 1, (t:1, i:5))
2023-07-05 13:42:04,663 [2fb81e1d-6d09-4813-9c49-550bf392ffad@group-0F65B45798A5-LeaderElection11] INFO  impl.LeaderElection (LogUtils.java:infoOrTrace(137)) - 2fb81e1d-6d09-4813-9c49-550bf392ffad@group-0F65B45798A5-LeaderElection11 got exception when requesting votes: java.util.concurrent.ExecutionException: org.apache.ratis.thirdparty.io.grpc.StatusRuntimeException: UNAVAILABLE: io exception
2023-07-05 13:42:04,663 [grpc-default-executor-2] INFO  impl.VoteContext (VoteContext.java:log(49)) - 57c60944-bb7c-45d4-a857-02381db20eb8@group-0F65B45798A5-FOLLOWER: accept PRE_VOTE from 2fb81e1d-6d09-4813-9c49-550bf392ffad: our priority 0 <= candidate's priority 0
2023-07-05 13:42:04,664 [grpc-default-executor-2] INFO  server.RaftServer$Division (RaftServerImpl.java:requestVote(1335)) - 57c60944-bb7c-45d4-a857-02381db20eb8@group-0F65B45798A5 replies to PRE_VOTE vote request: 2fb81e1d-6d09-4813-9c49-550bf392ffad<-57c60944-bb7c-45d4-a857-02381db20eb8#0:OK-t1. Peer's state: 57c60944-bb7c-45d4-a857-02381db20eb8@group-0F65B45798A5:t1, leader=3d2757fa-b181-4803-bdc5-b482e758aadc, voted=3d2757fa-b181-4803-bdc5-b482e758aadc, raftlog=Memoized:57c60944-bb7c-45d4-a857-02381db20eb8@group-0F65B45798A5-SegmentedRaftLog:OPENED:c4, conf=0: peers:[2fb81e1d-6d09-4813-9c49-550bf392ffad|rpc:10.1.0.13:15014|admin:10.1.0.13:15013|client:10.1.0.13:15012|dataStream:10.1.0.13:15015|priority:0|startupRole:FOLLOWER, 3d2757fa-b181-4803-bdc5-b482e758aadc|rpc:10.1.0.13:15023|admin:10.1.0.13:15022|client:10.1.0.13:15021|dataStream:10.1.0.13:15024|priority:1|startupRole:FOLLOWER, 57c60944-bb7c-45d4-a857-02381db20eb8|rpc:10.1.0.13:15032|admin:10.1.0.13:15031|client:10.1.0.13:15030|dataStream:10.1.0.13:15033|priority:0|startupRole:FOLLOWER]|listeners:[], old=null
2023-07-05 13:42:04,665 [2fb81e1d-6d09-4813-9c49-550bf392ffad@group-0F65B45798A5-LeaderElection11] INFO  impl.LeaderElection (LeaderElection.java:logAndReturn(90)) - 2fb81e1d-6d09-4813-9c49-550bf392ffad@group-0F65B45798A5-LeaderElection11: PRE_VOTE PASSED received 1 response(s) and 1 exception(s):
2023-07-05 13:42:04,665 [2fb81e1d-6d09-4813-9c49-550bf392ffad@group-0F65B45798A5-LeaderElection11] INFO  impl.LeaderElection (LeaderElection.java:logAndReturn(94)) -   Response 0: 2fb81e1d-6d09-4813-9c49-550bf392ffad<-57c60944-bb7c-45d4-a857-02381db20eb8#0:OK-t1
2023-07-05 13:42:04,665 [2fb81e1d-6d09-4813-9c49-550bf392ffad@group-0F65B45798A5-LeaderElection11] INFO  impl.LeaderElection (LogUtils.java:infoOrTrace(137)) -   Exception 1: java.util.concurrent.ExecutionException: org.apache.ratis.thirdparty.io.grpc.StatusRuntimeException: UNAVAILABLE: io exception
2023-07-05 13:42:04,665 [2fb81e1d-6d09-4813-9c49-550bf392ffad@group-0F65B45798A5-LeaderElection11] INFO  impl.LeaderElection (LeaderElection.java:askForVotes(323)) - 2fb81e1d-6d09-4813-9c49-550bf392ffad@group-0F65B45798A5-LeaderElection11 PRE_VOTE round 0: result PASSED
2023-07-05 13:42:04,668 [2fb81e1d-6d09-4813-9c49-550bf392ffad@group-0F65B45798A5-LeaderElection11] INFO  impl.LeaderElection (LeaderElection.java:askForVotes(321)) - 2fb81e1d-6d09-4813-9c49-550bf392ffad@group-0F65B45798A5-LeaderElection11 ELECTION round 0: submit vote requests at term 2 for 0: peers:[2fb81e1d-6d09-4813-9c49-550bf392ffad|rpc:10.1.0.13:15014|admin:10.1.0.13:15013|client:10.1.0.13:15012|dataStream:10.1.0.13:15015|priority:0|startupRole:FOLLOWER, 3d2757fa-b181-4803-bdc5-b482e758aadc|rpc:10.1.0.13:15023|admin:10.1.0.13:15022|client:10.1.0.13:15021|dataStream:10.1.0.13:15024|priority:1|startupRole:FOLLOWER, 57c60944-bb7c-45d4-a857-02381db20eb8|rpc:10.1.0.13:15032|admin:10.1.0.13:15031|client:10.1.0.13:15030|dataStream:10.1.0.13:15033|priority:0|startupRole:FOLLOWER]|listeners:[], old=null
2023-07-05 13:42:04,669 [2fb81e1d-6d09-4813-9c49-550bf392ffad@group-0F65B45798A5-LeaderElection11] INFO  impl.LeaderElection (LogUtils.java:infoOrTrace(137)) - 2fb81e1d-6d09-4813-9c49-550bf392ffad@group-0F65B45798A5-LeaderElection11 got exception when requesting votes: java.util.concurrent.ExecutionException: org.apache.ratis.thirdparty.io.grpc.StatusRuntimeException: UNAVAILABLE: io exception
2023-07-05 13:42:04,671 [grpc-default-executor-2] INFO  server.RaftServer$Division (RaftServerImpl.java:requestVote(1302)) - 57c60944-bb7c-45d4-a857-02381db20eb8@group-0F65B45798A5: receive requestVote(ELECTION, 2fb81e1d-6d09-4813-9c49-550bf392ffad, group-0F65B45798A5, 2, (t:1, i:5))
2023-07-05 13:42:04,672 [grpc-default-executor-2] INFO  impl.VoteContext (VoteContext.java:log(49)) - 57c60944-bb7c-45d4-a857-02381db20eb8@group-0F65B45798A5-FOLLOWER: accept ELECTION from 2fb81e1d-6d09-4813-9c49-550bf392ffad: our priority 0 <= candidate's priority 0
2023-07-05 13:42:04,672 [grpc-default-executor-2] INFO  server.RaftServer$Division (ServerState.java:setLeader(317)) - 57c60944-bb7c-45d4-a857-02381db20eb8@group-0F65B45798A5: change Leader from 3d2757fa-b181-4803-bdc5-b482e758aadc to null at term 2 for updateCurrentTerm
2023-07-05 13:42:04,672 [grpc-default-executor-2] INFO  server.RaftServer$Division (RaftServerImpl.java:setRole(329)) - 57c60944-bb7c-45d4-a857-02381db20eb8@group-0F65B45798A5: changes role from  FOLLOWER to FOLLOWER at term 2 for candidate:2fb81e1d-6d09-4813-9c49-550bf392ffad
2023-07-05 13:42:04,672 [grpc-default-executor-2] INFO  impl.RoleInfo (RoleInfo.java:shutdownFollowerState(110)) - 57c60944-bb7c-45d4-a857-02381db20eb8: shutdown 57c60944-bb7c-45d4-a857-02381db20eb8@group-0F65B45798A5-FollowerState
2023-07-05 13:42:04,672 [grpc-default-executor-2] INFO  impl.RoleInfo (RoleInfo.java:updateAndGet(139)) - 57c60944-bb7c-45d4-a857-02381db20eb8: start 57c60944-bb7c-45d4-a857-02381db20eb8@group-0F65B45798A5-FollowerState
2023-07-05 13:42:04,672 [57c60944-bb7c-45d4-a857-02381db20eb8@group-0F65B45798A5-FollowerState] INFO  impl.FollowerState (FollowerState.java:run(152)) - 57c60944-bb7c-45d4-a857-02381db20eb8@group-0F65B45798A5-FollowerState was interrupted
2023-07-05 13:42:04,676 [grpc-default-executor-2] INFO  server.RaftServer$Division (RaftServerImpl.java:requestVote(1335)) - 57c60944-bb7c-45d4-a857-02381db20eb8@group-0F65B45798A5 replies to ELECTION vote request: 2fb81e1d-6d09-4813-9c49-550bf392ffad<-57c60944-bb7c-45d4-a857-02381db20eb8#0:OK-t2. Peer's state: 57c60944-bb7c-45d4-a857-02381db20eb8@group-0F65B45798A5:t2, leader=null, voted=2fb81e1d-6d09-4813-9c49-550bf392ffad, raftlog=Memoized:57c60944-bb7c-45d4-a857-02381db20eb8@group-0F65B45798A5-SegmentedRaftLog:OPENED:c4, conf=0: peers:[2fb81e1d-6d09-4813-9c49-550bf392ffad|rpc:10.1.0.13:15014|admin:10.1.0.13:15013|client:10.1.0.13:15012|dataStream:10.1.0.13:15015|priority:0|startupRole:FOLLOWER, 3d2757fa-b181-4803-bdc5-b482e758aadc|rpc:10.1.0.13:15023|admin:10.1.0.13:15022|client:10.1.0.13:15021|dataStream:10.1.0.13:15024|priority:1|startupRole:FOLLOWER, 57c60944-bb7c-45d4-a857-02381db20eb8|rpc:10.1.0.13:15032|admin:10.1.0.13:15031|client:10.1.0.13:15030|dataStream:10.1.0.13:15033|priority:0|startupRole:FOLLOWER]|listeners:[], old=null
2023-07-05 13:42:04,677 [2fb81e1d-6d09-4813-9c49-550bf392ffad@group-0F65B45798A5-LeaderElection11] INFO  impl.LeaderElection (LeaderElection.java:logAndReturn(90)) - 2fb81e1d-6d09-4813-9c49-550bf392ffad@group-0F65B45798A5-LeaderElection11: ELECTION PASSED received 1 response(s) and 1 exception(s):
2023-07-05 13:42:04,677 [2fb81e1d-6d09-4813-9c49-550bf392ffad@group-0F65B45798A5-LeaderElection11] INFO  impl.LeaderElection (LeaderElection.java:logAndReturn(94)) -   Response 0: 2fb81e1d-6d09-4813-9c49-550bf392ffad<-57c60944-bb7c-45d4-a857-02381db20eb8#0:OK-t2
2023-07-05 13:42:04,677 [2fb81e1d-6d09-4813-9c49-550bf392ffad@group-0F65B45798A5-LeaderElection11] INFO  impl.LeaderElection (LogUtils.java:infoOrTrace(137)) -   Exception 1: java.util.concurrent.ExecutionException: org.apache.ratis.thirdparty.io.grpc.StatusRuntimeException: UNAVAILABLE: io exception
2023-07-05 13:42:04,677 [2fb81e1d-6d09-4813-9c49-550bf392ffad@group-0F65B45798A5-LeaderElection11] INFO  impl.LeaderElection (LeaderElection.java:askForVotes(323)) - 2fb81e1d-6d09-4813-9c49-550bf392ffad@group-0F65B45798A5-LeaderElection11 ELECTION round 0: result PASSED
2023-07-05 13:42:04,677 [2fb81e1d-6d09-4813-9c49-550bf392ffad@group-0F65B45798A5-LeaderElection11] INFO  impl.RoleInfo (RoleInfo.java:shutdownLeaderElection(130)) - 2fb81e1d-6d09-4813-9c49-550bf392ffad: shutdown 2fb81e1d-6d09-4813-9c49-550bf392ffad@group-0F65B45798A5-LeaderElection11
2023-07-05 13:42:04,678 [2fb81e1d-6d09-4813-9c49-550bf392ffad@group-0F65B45798A5-LeaderElection11] INFO  server.RaftServer$Division (RaftServerImpl.java:setRole(329)) - 2fb81e1d-6d09-4813-9c49-550bf392ffad@group-0F65B45798A5: changes role from CANDIDATE to LEADER at term 2 for changeToLeader
2023-07-05 13:42:04,678 [2fb81e1d-6d09-4813-9c49-550bf392ffad@group-0F65B45798A5-LeaderElection11] INFO  ratis.XceiverServerRatis (XceiverServerRatis.java:handleLeaderChangedNotification(902)) - Leader change notification received for group: group-0F65B45798A5 with new leaderId: 2fb81e1d-6d09-4813-9c49-550bf392ffad
2023-07-05 13:42:04,678 [2fb81e1d-6d09-4813-9c49-550bf392ffad@group-0F65B45798A5-LeaderElection11] INFO  server.RaftServer$Division (ServerState.java:setLeader(317)) - 2fb81e1d-6d09-4813-9c49-550bf392ffad@group-0F65B45798A5: change Leader from null to 2fb81e1d-6d09-4813-9c49-550bf392ffad at term 2 for becomeLeader, leader elected after 18ms
2023-07-05 13:42:04,678 [2fb81e1d-6d09-4813-9c49-550bf392ffad@group-0F65B45798A5-LeaderElection11] INFO  server.RaftServerConfigKeys (ConfUtils.java:logGet(46)) - raft.server.staging.catchup.gap = 1000 (default)
2023-07-05 13:42:04,678 [2fb81e1d-6d09-4813-9c49-550bf392ffad@group-0F65B45798A5-LeaderElection11] INFO  server.RaftServerConfigKeys (ConfUtils.java:logGet(46)) - raft.server.write.element-limit = 1024 (custom)
2023-07-05 13:42:04,678 [2fb81e1d-6d09-4813-9c49-550bf392ffad@group-0F65B45798A5-LeaderElection11] INFO  server.RaftServerConfigKeys (ConfUtils.java:logGet(46)) - raft.server.write.byte-limit = 1024 M (=1073741824) (custom)
2023-07-05 13:42:04,679 [2fb81e1d-6d09-4813-9c49-550bf392ffad@group-0F65B45798A5-LeaderElection11] INFO  server.RaftServerConfigKeys (ConfUtils.java:logGet(46)) - raft.server.watch.timeout = 180s (custom)
2023-07-05 13:42:04,679 [2fb81e1d-6d09-4813-9c49-550bf392ffad@group-0F65B45798A5-LeaderElection11] INFO  server.RaftServerConfigKeys (ConfUtils.java:logGet(46)) - raft.server.watch.timeout.denomination = 1s (default)
2023-07-05 13:42:04,679 [2fb81e1d-6d09-4813-9c49-550bf392ffad@group-0F65B45798A5-LeaderElection11] INFO  server.RaftServerConfigKeys (ConfUtils.java:logGet(46)) - raft.server.watch.element-limit = 65536 (default)
2023-07-05 13:42:04,679 [2fb81e1d-6d09-4813-9c49-550bf392ffad@group-0F65B45798A5-LeaderElection11] INFO  server.RaftServerConfigKeys (ConfUtils.java:logGet(46)) - raft.server.write.element-limit = 1024 (custom)
2023-07-05 13:42:04,679 [2fb81e1d-6d09-4813-9c49-550bf392ffad@group-0F65B45798A5-LeaderElection11] INFO  server.RaftServerConfigKeys (ConfUtils.java:logGet(46)) - raft.server.write.follower.gap.ratio.max = -1.0 (default)
2023-07-05 13:42:04,679 [2fb81e1d-6d09-4813-9c49-550bf392ffad@group-0F65B45798A5-LeaderElection11] INFO  server.RaftServerConfigKeys (ConfUtils.java:logGet(46)) - raft.server.log.appender.snapshot.chunk.size.max = 16MB (=16777216) (default)
2023-07-05 13:42:04,680 [2fb81e1d-6d09-4813-9c49-550bf392ffad@group-0F65B45798A5-LeaderElection11] INFO  server.RaftServerConfigKeys (ConfUtils.java:logGet(46)) - raft.server.log.appender.buffer.byte-limit = 33554432 (custom)
2023-07-05 13:42:04,680 [2fb81e1d-6d09-4813-9c49-550bf392ffad@group-0F65B45798A5-LeaderElection11] INFO  server.RaftServerConfigKeys (ConfUtils.java:logGet(46)) - raft.server.log.appender.buffer.element-limit = 1 (custom)
2023-07-05 13:42:04,680 [2fb81e1d-6d09-4813-9c49-550bf392ffad@group-0F65B45798A5-LeaderElection11] INFO  server.RaftServerConfigKeys (ConfUtils.java:logGet(46)) - raft.server.log.appender.wait-time.min = 10ms (default)
2023-07-05 13:42:04,680 [2fb81e1d-6d09-4813-9c49-550bf392ffad@group-0F65B45798A5-LeaderElection11] INFO  grpc.GrpcConfigKeys (ConfUtils.java:logGet(46)) - raft.grpc.server.leader.outstanding.appends.max = 128 (default)
2023-07-05 13:42:04,680 [2fb81e1d-6d09-4813-9c49-550bf392ffad@group-0F65B45798A5-LeaderElection11] INFO  server.RaftServerConfigKeys (ConfUtils.java:logGet(46)) - raft.server.rpc.request.timeout = 60s (custom)
2023-07-05 13:42:04,680 [2fb81e1d-6d09-4813-9c49-550bf392ffad@group-0F65B45798A5-LeaderElection11] INFO  grpc.GrpcConfigKeys (ConfUtils.java:logGet(46)) - raft.grpc.server.install_snapshot.request.element-limit = 8 (default)
2023-07-05 13:42:04,680 [2fb81e1d-6d09-4813-9c49-550bf392ffad@group-0F65B45798A5-LeaderElection11] INFO  grpc.GrpcConfigKeys (ConfUtils.java:logGet(46)) - raft.grpc.server.install_snapshot.request.timeout = 3000ms (default)
2023-07-05 13:42:04,680 [2fb81e1d-6d09-4813-9c49-550bf392ffad@group-0F65B45798A5-LeaderElection11] INFO  server.RaftServerConfigKeys (ConfUtils.java:logGet(46)) - raft.server.log.appender.install.snapshot.enabled = false (custom)
2023-07-05 13:42:04,680 [2fb81e1d-6d09-4813-9c49-550bf392ffad@group-0F65B45798A5-LeaderElection11] INFO  grpc.GrpcConfigKeys (ConfUtils.java:logGet(46)) - raft.grpc.server.heartbeat.channel = true (default)
2023-07-05 13:42:04,681 [2fb81e1d-6d09-4813-9c49-550bf392ffad@group-0F65B45798A5-LeaderElection11] INFO  server.RaftServerConfigKeys (ConfUtils.java:logGet(46)) - raft.server.log.appender.snapshot.chunk.size.max = 16MB (=16777216) (default)
2023-07-05 13:42:04,681 [2fb81e1d-6d09-4813-9c49-550bf392ffad@group-0F65B45798A5-LeaderElection11] INFO  server.RaftServerConfigKeys (ConfUtils.java:logGet(46)) - raft.server.log.appender.buffer.byte-limit = 33554432 (custom)
2023-07-05 13:42:04,681 [2fb81e1d-6d09-4813-9c49-550bf392ffad@group-0F65B45798A5-LeaderElection11] INFO  server.RaftServerConfigKeys (ConfUtils.java:logGet(46)) - raft.server.log.appender.buffer.element-limit = 1 (custom)
2023-07-05 13:42:04,681 [2fb81e1d-6d09-4813-9c49-550bf392ffad@group-0F65B45798A5-LeaderElection11] INFO  server.RaftServerConfigKeys (ConfUtils.java:logGet(46)) - raft.server.log.appender.wait-time.min = 10ms (default)
2023-07-05 13:42:04,681 [2fb81e1d-6d09-4813-9c49-550bf392ffad@group-0F65B45798A5-LeaderElection11] INFO  grpc.GrpcConfigKeys (ConfUtils.java:logGet(46)) - raft.grpc.server.leader.outstanding.appends.max = 128 (default)
2023-07-05 13:42:04,681 [2fb81e1d-6d09-4813-9c49-550bf392ffad@group-0F65B45798A5-LeaderElection11] INFO  server.RaftServerConfigKeys (ConfUtils.java:logGet(46)) - raft.server.rpc.request.timeout = 60s (custom)
2023-07-05 13:42:04,681 [2fb81e1d-6d09-4813-9c49-550bf392ffad@group-0F65B45798A5-LeaderElection11] INFO  grpc.GrpcConfigKeys (ConfUtils.java:logGet(46)) - raft.grpc.server.install_snapshot.request.element-limit = 8 (default)
2023-07-05 13:42:04,681 [2fb81e1d-6d09-4813-9c49-550bf392ffad@group-0F65B45798A5-LeaderElection11] INFO  grpc.GrpcConfigKeys (ConfUtils.java:logGet(46)) - raft.grpc.server.install_snapshot.request.timeout = 3000ms (default)
2023-07-05 13:42:04,688 [2fb81e1d-6d09-4813-9c49-550bf392ffad@group-0F65B45798A5-LeaderElection11] INFO  server.RaftServerConfigKeys (ConfUtils.java:logGet(46)) - raft.server.log.appender.install.snapshot.enabled = false (custom)
2023-07-05 13:42:04,688 [2fb81e1d-6d09-4813-9c49-550bf392ffad@group-0F65B45798A5-LeaderElection11] INFO  grpc.GrpcConfigKeys (ConfUtils.java:logGet(46)) - raft.grpc.server.heartbeat.channel = true (default)
2023-07-05 13:42:04,689 [2fb81e1d-6d09-4813-9c49-550bf392ffad@group-0F65B45798A5-LeaderElection11] INFO  impl.RoleInfo (RoleInfo.java:updateAndGet(139)) - 2fb81e1d-6d09-4813-9c49-550bf392ffad: start 2fb81e1d-6d09-4813-9c49-550bf392ffad@group-0F65B45798A5-LeaderStateImpl
2023-07-05 13:42:04,689 [ReplicationMonitor] INFO  replication.ReplicationManager (ReplicationManager.java:processAll(389)) - Replication Monitor Thread took 1 milliseconds for processing 1 containers.
2023-07-05 13:42:04,689 [2fb81e1d-6d09-4813-9c49-550bf392ffad@group-0F65B45798A5-LeaderElection11] INFO  segmented.SegmentedRaftLogWorker (SegmentedRaftLogWorker.java:rollLogSegment(452)) - 2fb81e1d-6d09-4813-9c49-550bf392ffad@group-0F65B45798A5-SegmentedRaftLogWorker: Rolling segment log-0_5 to index:5
2023-07-05 13:42:04,691 [2fb81e1d-6d09-4813-9c49-550bf392ffad@group-0F65B45798A5-SegmentedRaftLogWorker] INFO  segmented.SegmentedRaftLogWorker (SegmentedRaftLogWorker.java:execute(608)) - 2fb81e1d-6d09-4813-9c49-550bf392ffad@group-0F65B45798A5-SegmentedRaftLogWorker: Rolled log segment from /home/runner/work/ozone/ozone/hadoop-ozone/integration-test/target/test-dir/MiniOzoneClusterImpl-4f26d1f9-f73a-4647-bb3a-126a945bf307/datanode-0/data/ratis/a1218f4d-7864-40ba-98d2-0f65b45798a5/current/log_inprogress_0 to /home/runner/work/ozone/ozone/hadoop-ozone/integration-test/target/test-dir/MiniOzoneClusterImpl-4f26d1f9-f73a-4647-bb3a-126a945bf307/datanode-0/data/ratis/a1218f4d-7864-40ba-98d2-0f65b45798a5/current/log_0-5
2023-07-05 13:42:04,693 [2fb81e1d-6d09-4813-9c49-550bf392ffad@group-0F65B45798A5-SegmentedRaftLogWorker] INFO  segmented.SegmentedRaftLogWorker (SegmentedRaftLogWorker.java:execute(651)) - 2fb81e1d-6d09-4813-9c49-550bf392ffad@group-0F65B45798A5-SegmentedRaftLogWorker: created new log segment /home/runner/work/ozone/ozone/hadoop-ozone/integration-test/target/test-dir/MiniOzoneClusterImpl-4f26d1f9-f73a-4647-bb3a-126a945bf307/datanode-0/data/ratis/a1218f4d-7864-40ba-98d2-0f65b45798a5/current/log_inprogress_6
2023-07-05 13:42:04,695 [2fb81e1d-6d09-4813-9c49-550bf392ffad@group-0F65B45798A5-LeaderElection11] INFO  server.RaftServer$Division (ServerState.java:setRaftConf(434)) - 2fb81e1d-6d09-4813-9c49-550bf392ffad@group-0F65B45798A5: set configuration 6: peers:[2fb81e1d-6d09-4813-9c49-550bf392ffad|rpc:10.1.0.13:15014|admin:10.1.0.13:15013|client:10.1.0.13:15012|dataStream:10.1.0.13:15015|priority:0|startupRole:FOLLOWER, 3d2757fa-b181-4803-bdc5-b482e758aadc|rpc:10.1.0.13:15023|admin:10.1.0.13:15022|client:10.1.0.13:15021|dataStream:10.1.0.13:15024|priority:1|startupRole:FOLLOWER, 57c60944-bb7c-45d4-a857-02381db20eb8|rpc:10.1.0.13:15032|admin:10.1.0.13:15031|client:10.1.0.13:15030|dataStream:10.1.0.13:15033|priority:0|startupRole:FOLLOWER]|listeners:[], old=null
2023-07-05 13:42:04,701 [57c60944-bb7c-45d4-a857-02381db20eb8-server-thread1] INFO  ratis.XceiverServerRatis (XceiverServerRatis.java:handleLeaderChangedNotification(902)) - Leader change notification received for group: group-0F65B45798A5 with new leaderId: 2fb81e1d-6d09-4813-9c49-550bf392ffad
2023-07-05 13:42:04,701 [57c60944-bb7c-45d4-a857-02381db20eb8-server-thread1] INFO  server.RaftServer$Division (ServerState.java:setLeader(317)) - 57c60944-bb7c-45d4-a857-02381db20eb8@group-0F65B45798A5: change Leader from null to 2fb81e1d-6d09-4813-9c49-550bf392ffad at term 2 for appendEntries, leader elected after 29ms
2023-07-05 13:42:04,705 [grpc-default-executor-1] WARN  server.GrpcLogAppender (LogUtils.java:warn(122)) - 2fb81e1d-6d09-4813-9c49-550bf392ffad@group-0F65B45798A5->3d2757fa-b181-4803-bdc5-b482e758aadc-AppendLogResponseHandler: Failed appendEntries: org.apache.ratis.thirdparty.io.grpc.StatusRuntimeException: UNAVAILABLE: io exception
2023-07-05 13:42:04,705 [grpc-default-executor-3] WARN  server.GrpcLogAppender (LogUtils.java:warn(122)) - 2fb81e1d-6d09-4813-9c49-550bf392ffad@group-0F65B45798A5->3d2757fa-b181-4803-bdc5-b482e758aadc-AppendLogResponseHandler: Failed appendEntries: org.apache.ratis.thirdparty.io.grpc.StatusRuntimeException: UNAVAILABLE: io exception
2023-07-05 13:42:04,712 [grpc-default-executor-1] INFO  leader.FollowerInfo (FollowerInfoImpl.java:lambda$new$0(52)) - 2fb81e1d-6d09-4813-9c49-550bf392ffad@group-0F65B45798A5->3d2757fa-b181-4803-bdc5-b482e758aadc: decreaseNextIndex nextIndex: updateUnconditionally 6 -> 0
2023-07-05 13:42:04,714 [57c60944-bb7c-45d4-a857-02381db20eb8-server-thread3] INFO  server.RaftServer$Division (ServerState.java:setRaftConf(434)) - 57c60944-bb7c-45d4-a857-02381db20eb8@group-0F65B45798A5: set configuration 6: peers:[2fb81e1d-6d09-4813-9c49-550bf392ffad|rpc:10.1.0.13:15014|admin:10.1.0.13:15013|client:10.1.0.13:15012|dataStream:10.1.0.13:15015|priority:0|startupRole:FOLLOWER, 3d2757fa-b181-4803-bdc5-b482e758aadc|rpc:10.1.0.13:15023|admin:10.1.0.13:15022|client:10.1.0.13:15021|dataStream:10.1.0.13:15024|priority:1|startupRole:FOLLOWER, 57c60944-bb7c-45d4-a857-02381db20eb8|rpc:10.1.0.13:15032|admin:10.1.0.13:15031|client:10.1.0.13:15030|dataStream:10.1.0.13:15033|priority:0|startupRole:FOLLOWER]|listeners:[], old=null
2023-07-05 13:42:04,714 [57c60944-bb7c-45d4-a857-02381db20eb8-server-thread3] INFO  segmented.SegmentedRaftLogWorker (SegmentedRaftLogWorker.java:rollLogSegment(452)) - 57c60944-bb7c-45d4-a857-02381db20eb8@group-0F65B45798A5-SegmentedRaftLogWorker: Rolling segment log-0_5 to index:5
2023-07-05 13:42:04,715 [57c60944-bb7c-45d4-a857-02381db20eb8@group-0F65B45798A5-SegmentedRaftLogWorker] INFO  segmented.SegmentedRaftLogWorker (SegmentedRaftLogWorker.java:execute(608)) - 57c60944-bb7c-45d4-a857-02381db20eb8@group-0F65B45798A5-SegmentedRaftLogWorker: Rolled log segment from /home/runner/work/ozone/ozone/hadoop-ozone/integration-test/target/test-dir/MiniOzoneClusterImpl-4f26d1f9-f73a-4647-bb3a-126a945bf307/datanode-2/data/ratis/a1218f4d-7864-40ba-98d2-0f65b45798a5/current/log_inprogress_0 to /home/runner/work/ozone/ozone/hadoop-ozone/integration-test/target/test-dir/MiniOzoneClusterImpl-4f26d1f9-f73a-4647-bb3a-126a945bf307/datanode-2/data/ratis/a1218f4d-7864-40ba-98d2-0f65b45798a5/current/log_0-5
2023-07-05 13:42:04,719 [grpc-default-executor-1] WARN  server.GrpcLogAppender (LogUtils.java:warn(122)) - 2fb81e1d-6d09-4813-9c49-550bf392ffad@group-0F65B45798A5->3d2757fa-b181-4803-bdc5-b482e758aadc-AppendLogResponseHandler: Failed appendEntries: org.apache.ratis.thirdparty.io.grpc.StatusRuntimeException: UNAVAILABLE: io exception
2023-07-05 13:42:04,720 [grpc-default-executor-1] INFO  leader.FollowerInfo (FollowerInfoImpl.java:lambda$new$0(52)) - 2fb81e1d-6d09-4813-9c49-550bf392ffad@group-0F65B45798A5->3d2757fa-b181-4803-bdc5-b482e758aadc: decreaseNextIndex nextIndex: updateUnconditionally 1 -> 0
2023-07-05 13:42:04,722 [grpc-default-executor-3] WARN  server.GrpcLogAppender (LogUtils.java:warn(122)) - 2fb81e1d-6d09-4813-9c49-550bf392ffad@group-0F65B45798A5->3d2757fa-b181-4803-bdc5-b482e758aadc-AppendLogResponseHandler: Failed appendEntries: org.apache.ratis.thirdparty.io.grpc.StatusRuntimeException: UNAVAILABLE: io exception
2023-07-05 13:42:04,722 [grpc-default-executor-3] INFO  leader.FollowerInfo (FollowerInfoImpl.java:lambda$new$0(52)) - 2fb81e1d-6d09-4813-9c49-550bf392ffad@group-0F65B45798A5->3d2757fa-b181-4803-bdc5-b482e758aadc: decreaseNextIndex nextIndex: updateUnconditionally 1 -> 0
2023-07-05 13:42:04,730 [grpc-default-executor-4] WARN  server.GrpcLogAppender (LogUtils.java:warn(122)) - 2fb81e1d-6d09-4813-9c49-550bf392ffad@group-0F65B45798A5->3d2757fa-b181-4803-bdc5-b482e758aadc-AppendLogResponseHandler: Failed appendEntries: org.apache.ratis.thirdparty.io.grpc.StatusRuntimeException: UNAVAILABLE: io exception
2023-07-05 13:42:04,730 [grpc-default-executor-3] WARN  server.GrpcLogAppender (LogUtils.java:warn(122)) - 2fb81e1d-6d09-4813-9c49-550bf392ffad@group-0F65B45798A5->3d2757fa-b181-4803-bdc5-b482e758aadc-AppendLogResponseHandler: Failed appendEntries: org.apache.ratis.thirdparty.io.grpc.StatusRuntimeException: UNAVAILABLE: io exception
2023-07-05 13:42:04,738 [57c60944-bb7c-45d4-a857-02381db20eb8@group-0F65B45798A5-SegmentedRaftLogWorker] INFO  segmented.SegmentedRaftLogWorker (SegmentedRaftLogWorker.java:execute(651)) - 57c60944-bb7c-45d4-a857-02381db20eb8@group-0F65B45798A5-SegmentedRaftLogWorker: created new log segment /home/runner/work/ozone/ozone/hadoop-ozone/integration-test/target/test-dir/MiniOzoneClusterImpl-4f26d1f9-f73a-4647-bb3a-126a945bf307/datanode-2/data/ratis/a1218f4d-7864-40ba-98d2-0f65b45798a5/current/log_inprogress_6
2023-07-05 13:42:04,742 [grpc-default-executor-4] WARN  server.GrpcLogAppender (LogUtils.java:warn(122)) - 2fb81e1d-6d09-4813-9c49-550bf392ffad@group-0F65B45798A5->3d2757fa-b181-4803-bdc5-b482e758aadc-AppendLogResponseHandler: Failed appendEntries: org.apache.ratis.thirdparty.io.grpc.StatusRuntimeException: UNAVAILABLE: io exception
2023-07-05 13:42:04,743 [grpc-default-executor-2] WARN  server.GrpcLogAppender (LogUtils.java:warn(122)) - 2fb81e1d-6d09-4813-9c49-550bf392ffad@group-0F65B45798A5->3d2757fa-b181-4803-bdc5-b482e758aadc-AppendLogResponseHandler: Failed appendEntries: org.apache.ratis.thirdparty.io.grpc.StatusRuntimeException: UNAVAILABLE: io exception
2023-07-05 13:42:04,745 [grpc-default-executor-4] INFO  leader.FollowerInfo (FollowerInfoImpl.java:lambda$new$0(52)) - 2fb81e1d-6d09-4813-9c49-550bf392ffad@group-0F65B45798A5->3d2757fa-b181-4803-bdc5-b482e758aadc: decreaseNextIndex nextIndex: updateUnconditionally 1 -> 0
2023-07-05 13:42:04,747 [grpc-default-executor-2] WARN  server.GrpcLogAppender (LogUtils.java:warn(122)) - 2fb81e1d-6d09-4813-9c49-550bf392ffad@group-0F65B45798A5->3d2757fa-b181-4803-bdc5-b482e758aadc-AppendLogResponseHandler: Failed appendEntries: org.apache.ratis.thirdparty.io.grpc.StatusRuntimeException: UNAVAILABLE: io exception
2023-07-05 13:42:04,751 [grpc-default-executor-4] WARN  server.GrpcLogAppender (LogUtils.java:warn(122)) - 2fb81e1d-6d09-4813-9c49-550bf392ffad@group-0F65B45798A5->3d2757fa-b181-4803-bdc5-b482e758aadc-AppendLogResponseHandler: Failed appendEntries: org.apache.ratis.thirdparty.io.grpc.StatusRuntimeException: UNAVAILABLE: io exception
2023-07-05 13:42:04,754 [grpc-default-executor-2] WARN  server.GrpcLogAppender (LogUtils.java:warn(122)) - 2fb81e1d-6d09-4813-9c49-550bf392ffad@group-0F65B45798A5->3d2757fa-b181-4803-bdc5-b482e758aadc-AppendLogResponseHandler: Failed appendEntries: org.apache.ratis.thirdparty.io.grpc.StatusRuntimeException: UNAVAILABLE: io exception
2023-07-05 13:42:04,755 [grpc-default-executor-2] INFO  leader.FollowerInfo (FollowerInfoImpl.java:lambda$new$0(52)) - 2fb81e1d-6d09-4813-9c49-550bf392ffad@group-0F65B45798A5->3d2757fa-b181-4803-bdc5-b482e758aadc: decreaseNextIndex nextIndex: updateUnconditionally 1 -> 0
2023-07-05 13:42:04,755 [grpc-default-executor-4] WARN  server.GrpcLogAppender (LogUtils.java:warn(122)) - 2fb81e1d-6d09-4813-9c49-550bf392ffad@group-0F65B45798A5->3d2757fa-b181-4803-bdc5-b482e758aadc-AppendLogResponseHandler: Failed appendEntries: org.apache.ratis.thirdparty.io.grpc.StatusRuntimeException: UNAVAILABLE: io exception
2023-07-05 13:42:04,793 [grpc-default-executor-4] WARN  server.GrpcLogAppender (LogUtils.java:warn(122)) - 2fb81e1d-6d09-4813-9c49-550bf392ffad@group-AA0EC426AE9C->3d2757fa-b181-4803-bdc5-b482e758aadc-AppendLogResponseHandler: Failed appendEntries: org.apache.ratis.thirdparty.io.grpc.StatusRuntimeException: UNAVAILABLE: io exception
2023-07-05 13:42:04,793 [grpc-default-executor-2] WARN  server.GrpcLogAppender (LogUtils.java:warn(122)) - 2fb81e1d-6d09-4813-9c49-550bf392ffad@group-AA0EC426AE9C->3d2757fa-b181-4803-bdc5-b482e758aadc-AppendLogResponseHandler: Failed appendEntries: org.apache.ratis.thirdparty.io.grpc.StatusRuntimeException: UNAVAILABLE: io exception
2023-07-05 13:42:04,794 [grpc-default-executor-4] WARN  server.GrpcLogAppender (GrpcLogAppender.java:resetClient(128)) - 2fb81e1d-6d09-4813-9c49-550bf392ffad@group-AA0EC426AE9C->3d2757fa-b181-4803-bdc5-b482e758aadc-GrpcLogAppender: Follower failed when matchIndex == 0,  keep nextIndex (1) unchanged and retry.
2023-07-05 13:42:04,798 [grpc-default-executor-2] WARN  server.GrpcLogAppender (GrpcLogAppender.java:resetClient(128)) - 2fb81e1d-6d09-4813-9c49-550bf392ffad@group-AA0EC426AE9C->3d2757fa-b181-4803-bdc5-b482e758aadc-GrpcLogAppender: Follower failed when matchIndex == 0,  keep nextIndex (1) unchanged and retry.
2023-07-05 13:42:05,323 [EventQueue-DeadNodeForDeadNodeHandler] INFO  node.DeadNodeHandler (DeadNodeHandler.java:onMessage(82)) - A dead datanode is detected. 3d2757fa-b181-4803-bdc5-b482e758aadc(fv-az264-29.ca02foy5wcnuvlrvrz2wi3p2og.dx.internal.cloudapp.net/10.1.0.13)
2023-07-05 13:42:05,325 [EventQueue-DeadNodeForDeadNodeHandler] INFO  pipeline.RatisPipelineProvider (RatisPipelineProvider.java:lambda$close$4(272)) - Send pipeline:PipelineID=531ae59c-1464-49a7-8d74-4a7041874874 close command to datanode 3d2757fa-b181-4803-bdc5-b482e758aadc
2023-07-05 13:42:05,326 [EventQueue-DeadNodeForDeadNodeHandler] INFO  pipeline.PipelineManagerImpl (PipelineManagerImpl.java:removePipeline(459)) - Pipeline Pipeline[ Id: 531ae59c-1464-49a7-8d74-4a7041874874, Nodes: 3d2757fa-b181-4803-bdc5-b482e758aadc(fv-az264-29.ca02foy5wcnuvlrvrz2wi3p2og.dx.internal.cloudapp.net/10.1.0.13), ReplicationConfig: RATIS/ONE, State:CLOSED, leaderId:3d2757fa-b181-4803-bdc5-b482e758aadc, CreationTimestamp2023-07-05T13:41:45.545Z[Etc/UTC]] removed.
2023-07-05 13:42:05,327 [EventQueue-DeadNodeForDeadNodeHandler] INFO  pipeline.RatisPipelineProvider (RatisPipelineProvider.java:lambda$close$4(272)) - Send pipeline:PipelineID=67ce44c2-8df2-4b96-9ebb-aa0ec426ae9c close command to datanode 2fb81e1d-6d09-4813-9c49-550bf392ffad
2023-07-05 13:42:05,327 [EventQueue-DeadNodeForDeadNodeHandler] INFO  pipeline.RatisPipelineProvider (RatisPipelineProvider.java:lambda$close$4(272)) - Send pipeline:PipelineID=67ce44c2-8df2-4b96-9ebb-aa0ec426ae9c close command to datanode 3d2757fa-b181-4803-bdc5-b482e758aadc
2023-07-05 13:42:05,327 [EventQueue-DeadNodeForDeadNodeHandler] INFO  pipeline.RatisPipelineProvider (RatisPipelineProvider.java:lambda$close$4(272)) - Send pipeline:PipelineID=67ce44c2-8df2-4b96-9ebb-aa0ec426ae9c close command to datanode 57c60944-bb7c-45d4-a857-02381db20eb8
2023-07-05 13:42:05,327 [EventQueue-DeadNodeForDeadNodeHandler] INFO  pipeline.PipelineManagerImpl (PipelineManagerImpl.java:removePipeline(459)) - Pipeline Pipeline[ Id: 67ce44c2-8df2-4b96-9ebb-aa0ec426ae9c, Nodes: 2fb81e1d-6d09-4813-9c49-550bf392ffad(fv-az264-29.ca02foy5wcnuvlrvrz2wi3p2og.dx.internal.cloudapp.net/10.1.0.13)3d2757fa-b181-4803-bdc5-b482e758aadc(fv-az264-29.ca02foy5wcnuvlrvrz2wi3p2og.dx.internal.cloudapp.net/10.1.0.13)57c60944-bb7c-45d4-a857-02381db20eb8(fv-az264-29.ca02foy5wcnuvlrvrz2wi3p2og.dx.internal.cloudapp.net/10.1.0.13), ReplicationConfig: RATIS/THREE, State:CLOSED, leaderId:2fb81e1d-6d09-4813-9c49-550bf392ffad, CreationTimestamp2023-07-05T13:41:45.921Z[Etc/UTC]] removed.
2023-07-05 13:42:05,327 [EventQueue-DeadNodeForDeadNodeHandler] INFO  pipeline.RatisPipelineProvider (RatisPipelineProvider.java:lambda$close$4(272)) - Send pipeline:PipelineID=a1218f4d-7864-40ba-98d2-0f65b45798a5 close command to datanode 3d2757fa-b181-4803-bdc5-b482e758aadc
2023-07-05 13:42:05,327 [EventQueue-DeadNodeForDeadNodeHandler] INFO  pipeline.RatisPipelineProvider (RatisPipelineProvider.java:lambda$close$4(272)) - Send pipeline:PipelineID=a1218f4d-7864-40ba-98d2-0f65b45798a5 close command to datanode 57c60944-bb7c-45d4-a857-02381db20eb8
2023-07-05 13:42:05,327 [EventQueue-DeadNodeForDeadNodeHandler] INFO  pipeline.RatisPipelineProvider (RatisPipelineProvider.java:lambda$close$4(272)) - Send pipeline:PipelineID=a1218f4d-7864-40ba-98d2-0f65b45798a5 close command to datanode 2fb81e1d-6d09-4813-9c49-550bf392ffad
2023-07-05 13:42:05,328 [EventQueue-DeadNodeForDeadNodeHandler] INFO  pipeline.PipelineManagerImpl (PipelineManagerImpl.java:removePipeline(459)) - Pipeline Pipeline[ Id: a1218f4d-7864-40ba-98d2-0f65b45798a5, Nodes: 3d2757fa-b181-4803-bdc5-b482e758aadc(fv-az264-29.ca02foy5wcnuvlrvrz2wi3p2og.dx.internal.cloudapp.net/10.1.0.13)57c60944-bb7c-45d4-a857-02381db20eb8(fv-az264-29.ca02foy5wcnuvlrvrz2wi3p2og.dx.internal.cloudapp.net/10.1.0.13)2fb81e1d-6d09-4813-9c49-550bf392ffad(fv-az264-29.ca02foy5wcnuvlrvrz2wi3p2og.dx.internal.cloudapp.net/10.1.0.13), ReplicationConfig: RATIS/THREE, State:CLOSED, leaderId:2fb81e1d-6d09-4813-9c49-550bf392ffad, CreationTimestamp2023-07-05T13:41:45.924Z[Etc/UTC]] removed.
2023-07-05 13:42:05,329 [EventQueue-DeadNodeForDeadNodeHandler] INFO  node.DeadNodeHandler (DeadNodeHandler.java:onMessage(95)) - Clearing command queue of size 3 for DN 3d2757fa-b181-4803-bdc5-b482e758aadc(fv-az264-29.ca02foy5wcnuvlrvrz2wi3p2og.dx.internal.cloudapp.net/10.1.0.13)
2023-07-05 13:42:05,329 [EventQueue-DeadNodeForDeadNodeHandler] INFO  net.NetworkTopologyImpl (NetworkTopologyImpl.java:remove(190)) - Removed a node: /default-rack/3d2757fa-b181-4803-bdc5-b482e758aadc
2023-07-05 13:42:05,594 [Time-limited test] INFO  container.TestHelper (TestHelper.java:countReplicas(423)) - Container 1 has 2 replicas on [2fb81e1d-6d09-4813-9c49-550bf392ffad, 57c60944-bb7c-45d4-a857-02381db20eb8]
2023-07-05 13:42:05,594 [Time-limited test] INFO  container.TestHelper (TestHelper.java:countReplicas(423)) - Container 1 has 2 replicas on [2fb81e1d-6d09-4813-9c49-550bf392ffad, 57c60944-bb7c-45d4-a857-02381db20eb8]
2023-07-05 13:42:05,690 [ReplicationMonitor] INFO  replication.ReplicationManager (ReplicationManager.java:processAll(389)) - Replication Monitor Thread took 1 milliseconds for processing 1 containers.
2023-07-05 13:42:05,957 [grpc-default-executor-2] WARN  server.GrpcLogAppender (LogUtils.java:warn(122)) - 2fb81e1d-6d09-4813-9c49-550bf392ffad@group-0F65B45798A5->3d2757fa-b181-4803-bdc5-b482e758aadc-AppendLogResponseHandler: Failed appendEntries: org.apache.ratis.thirdparty.io.grpc.StatusRuntimeException: UNAVAILABLE: io exception
2023-07-05 13:42:05,958 [grpc-default-executor-4] WARN  server.GrpcLogAppender (LogUtils.java:warn(122)) - 2fb81e1d-6d09-4813-9c49-550bf392ffad@group-0F65B45798A5->3d2757fa-b181-4803-bdc5-b482e758aadc-AppendLogResponseHandler: Failed appendEntries: org.apache.ratis.thirdparty.io.grpc.StatusRuntimeException: UNAVAILABLE: io exception
2023-07-05 13:42:05,968 [grpc-default-executor-4] WARN  server.GrpcLogAppender (LogUtils.java:warn(122)) - 2fb81e1d-6d09-4813-9c49-550bf392ffad@group-0F65B45798A5->3d2757fa-b181-4803-bdc5-b482e758aadc-AppendLogResponseHandler: Failed appendEntries: org.apache.ratis.thirdparty.io.grpc.StatusRuntimeException: UNAVAILABLE: io exception
2023-07-05 13:42:05,969 [grpc-default-executor-2] WARN  server.GrpcLogAppender (LogUtils.java:warn(122)) - 2fb81e1d-6d09-4813-9c49-550bf392ffad@group-0F65B45798A5->3d2757fa-b181-4803-bdc5-b482e758aadc-AppendLogResponseHandler: Failed appendEntries: org.apache.ratis.thirdparty.io.grpc.StatusRuntimeException: UNAVAILABLE: io exception
2023-07-05 13:42:05,969 [grpc-default-executor-4] INFO  leader.FollowerInfo (FollowerInfoImpl.java:lambda$new$0(52)) - 2fb81e1d-6d09-4813-9c49-550bf392ffad@group-0F65B45798A5->3d2757fa-b181-4803-bdc5-b482e758aadc: decreaseNextIndex nextIndex: updateUnconditionally 1 -> 0
2023-07-05 13:42:06,044 [grpc-default-executor-2] WARN  server.GrpcLogAppender (LogUtils.java:warn(122)) - 2fb81e1d-6d09-4813-9c49-550bf392ffad@group-AA0EC426AE9C->3d2757fa-b181-4803-bdc5-b482e758aadc-AppendLogResponseHandler: Failed appendEntries: org.apache.ratis.thirdparty.io.grpc.StatusRuntimeException: UNAVAILABLE: io exception
2023-07-05 13:42:06,045 [grpc-default-executor-2] WARN  server.GrpcLogAppender (GrpcLogAppender.java:resetClient(128)) - 2fb81e1d-6d09-4813-9c49-550bf392ffad@group-AA0EC426AE9C->3d2757fa-b181-4803-bdc5-b482e758aadc-GrpcLogAppender: Follower failed when matchIndex == 0,  keep nextIndex (1) unchanged and retry.
2023-07-05 13:42:06,045 [grpc-default-executor-4] WARN  server.GrpcLogAppender (LogUtils.java:warn(122)) - 2fb81e1d-6d09-4813-9c49-550bf392ffad@group-AA0EC426AE9C->3d2757fa-b181-4803-bdc5-b482e758aadc-AppendLogResponseHandler: Failed appendEntries: org.apache.ratis.thirdparty.io.grpc.StatusRuntimeException: UNAVAILABLE: io exception
2023-07-05 13:42:06,046 [grpc-default-executor-4] WARN  server.GrpcLogAppender (GrpcLogAppender.java:resetClient(128)) - 2fb81e1d-6d09-4813-9c49-550bf392ffad@group-AA0EC426AE9C->3d2757fa-b181-4803-bdc5-b482e758aadc-GrpcLogAppender: Follower failed when matchIndex == 0,  keep nextIndex (1) unchanged and retry.
2023-07-05 13:42:06,595 [Time-limited test] INFO  container.TestHelper (TestHelper.java:countReplicas(423)) - Container 1 has 2 replicas on [2fb81e1d-6d09-4813-9c49-550bf392ffad, 57c60944-bb7c-45d4-a857-02381db20eb8]
2023-07-05 13:42:06,672 [Under Replicated Processor] WARN  net.NetworkTopologyImpl (NetworkTopologyImpl.java:chooseNodeInternal(651)) - No available node in (scope="/" excludedScope="[/default-rack/2fb81e1d-6d09-4813-9c49-550bf392ffad, /default-rack/57c60944-bb7c-45d4-a857-02381db20eb8]" excludedNodes="[2fb81e1d-6d09-4813-9c49-550bf392ffad(fv-az264-29.ca02foy5wcnuvlrvrz2wi3p2og.dx.internal.cloudapp.net/10.1.0.13), 57c60944-bb7c-45d4-a857-02381db20eb8(fv-az264-29.ca02foy5wcnuvlrvrz2wi3p2og.dx.internal.cloudapp.net/10.1.0.13)]"  ancestorGen="1").
2023-07-05 13:42:06,672 [Under Replicated Processor] WARN  algorithms.SCMContainerPlacementRackAware (SCMContainerPlacementRackAware.java:chooseNode(485)) - Failed to find the datanode for container. excludedNodes:[2fb81e1d-6d09-4813-9c49-550bf392ffad(fv-az264-29.ca02foy5wcnuvlrvrz2wi3p2og.dx.internal.cloudapp.net/10.1.0.13), 57c60944-bb7c-45d4-a857-02381db20eb8(fv-az264-29.ca02foy5wcnuvlrvrz2wi3p2og.dx.internal.cloudapp.net/10.1.0.13)], affinityNode:
2023-07-05 13:42:06,674 [Under Replicated Processor] INFO  replication.ReplicationManager (ReplicationManager.java:sendDatanodeCommand(669)) - Sending command [replicateContainerCommand: containerId=1, replicaIndex=0, targetNode=7fafb357-0952-493d-8025-8d38636482be(fv-az264-29.ca02foy5wcnuvlrvrz2wi3p2og.dx.internal.cloudapp.net/10.1.0.13), priority=NORMAL] for container ContainerInfo{id=#1, state=CLOSED, stateEnterTime=2023-07-05T13:41:59.274Z, pipelineID=PipelineID=a1218f4d-7864-40ba-98d2-0f65b45798a5, owner=om1} to 2fb81e1d-6d09-4813-9c49-550bf392ffad(fv-az264-29.ca02foy5wcnuvlrvrz2wi3p2og.dx.internal.cloudapp.net/10.1.0.13) with datanode deadline 1688565096674 and scm deadline 1688565126674
2023-07-05 13:42:06,675 [Under Replicated Processor] INFO  replication.UnhealthyReplicationProcessor (UnhealthyReplicationProcessor.java:processAll(138)) - Processed 1 containers with health state counts {UNDER_REPLICATED=1}, failed processing 0, deferred due to load 0
2023-07-05 13:42:06,679 [PipelineCommandHandlerThread-0] INFO  server.RaftServer (RaftServerProxy.java:remove(109)) - 2fb81e1d-6d09-4813-9c49-550bf392ffad: remove    LEADER 2fb81e1d-6d09-4813-9c49-550bf392ffad@group-AA0EC426AE9C:t1, leader=2fb81e1d-6d09-4813-9c49-550bf392ffad, voted=2fb81e1d-6d09-4813-9c49-550bf392ffad, raftlog=Memoized:2fb81e1d-6d09-4813-9c49-550bf392ffad@group-AA0EC426AE9C-SegmentedRaftLog:OPENED:c0, conf=0: peers:[2fb81e1d-6d09-4813-9c49-550bf392ffad|rpc:10.1.0.13:15014|admin:10.1.0.13:15013|client:10.1.0.13:15012|dataStream:10.1.0.13:15015|priority:1|startupRole:FOLLOWER, 3d2757fa-b181-4803-bdc5-b482e758aadc|rpc:10.1.0.13:15023|admin:10.1.0.13:15022|client:10.1.0.13:15021|dataStream:10.1.0.13:15024|priority:0|startupRole:FOLLOWER, 57c60944-bb7c-45d4-a857-02381db20eb8|rpc:10.1.0.13:15032|admin:10.1.0.13:15031|client:10.1.0.13:15030|dataStream:10.1.0.13:15033|priority:0|startupRole:FOLLOWER]|listeners:[], old=null RUNNING
2023-07-05 13:42:06,680 [PipelineCommandHandlerThread-0] INFO  server.RaftServer$Division (RaftServerImpl.java:lambda$close$4(466)) - 2fb81e1d-6d09-4813-9c49-550bf392ffad@group-AA0EC426AE9C: shutdown
2023-07-05 13:42:06,681 [PipelineCommandHandlerThread-0] INFO  util.JmxRegister (JmxRegister.java:unregister(73)) - Successfully un-registered JMX Bean with object name Ratis:service=RaftServer,group=group-AA0EC426AE9C,id=2fb81e1d-6d09-4813-9c49-550bf392ffad
2023-07-05 13:42:06,681 [PipelineCommandHandlerThread-0] INFO  impl.RoleInfo (RoleInfo.java:shutdownLeaderState(93)) - 2fb81e1d-6d09-4813-9c49-550bf392ffad: shutdown 2fb81e1d-6d09-4813-9c49-550bf392ffad@group-AA0EC426AE9C-LeaderStateImpl
2023-07-05 13:42:06,681 [2fb81e1d-6d09-4813-9c49-550bf392ffad@group-AA0EC426AE9C->3d2757fa-b181-4803-bdc5-b482e758aadc-GrpcLogAppender-LogAppenderDaemon] WARN  server.GrpcLogAppender (GrpcLogAppender.java:mayWait(199)) - 2fb81e1d-6d09-4813-9c49-550bf392ffad@group-AA0EC426AE9C->3d2757fa-b181-4803-bdc5-b482e758aadc-GrpcLogAppender: Wait interrupted by java.lang.InterruptedException
2023-07-05 13:42:06,681 [2fb81e1d-6d09-4813-9c49-550bf392ffad@group-AA0EC426AE9C->57c60944-bb7c-45d4-a857-02381db20eb8-GrpcLogAppender-LogAppenderDaemon] WARN  server.GrpcLogAppender (GrpcLogAppender.java:mayWait(199)) - 2fb81e1d-6d09-4813-9c49-550bf392ffad@group-AA0EC426AE9C->57c60944-bb7c-45d4-a857-02381db20eb8-GrpcLogAppender: Wait interrupted by java.lang.InterruptedException
2023-07-05 13:42:06,681 [PipelineCommandHandlerThread-0] INFO  impl.PendingRequests (PendingRequests.java:sendNotLeaderResponses(289)) - 2fb81e1d-6d09-4813-9c49-550bf392ffad@group-AA0EC426AE9C-PendingRequests: sendNotLeaderResponses
2023-07-05 13:42:06,682 [2fb81e1d-6d09-4813-9c49-550bf392ffad@group-AA0EC426AE9C-StateMachineUpdater] INFO  ratis.ContainerStateMachine (ContainerStateMachine.java:takeSnapshot(330)) - group-AA0EC426AE9C: Taking a snapshot at:(t:1, i:0) file /home/runner/work/ozone/ozone/hadoop-ozone/integration-test/target/test-dir/MiniOzoneClusterImpl-4f26d1f9-f73a-4647-bb3a-126a945bf307/datanode-0/data/ratis/67ce44c2-8df2-4b96-9ebb-aa0ec426ae9c/sm/snapshot.1_0
2023-07-05 13:42:06,683 [PipelineCommandHandlerThread-0] INFO  impl.StateMachineUpdater (StateMachineUpdater.java:stopAndJoin(155)) - 2fb81e1d-6d09-4813-9c49-550bf392ffad@group-AA0EC426AE9C-StateMachineUpdater: set stopIndex = 0
2023-07-05 13:42:06,683 [2fb81e1d-6d09-4813-9c49-550bf392ffad@group-AA0EC426AE9C-StateMachineUpdater] INFO  ratis.ContainerStateMachine (ContainerStateMachine.java:takeSnapshot(341)) - group-AA0EC426AE9C: Finished taking a snapshot at:(t:1, i:0) file:/home/runner/work/ozone/ozone/hadoop-ozone/integration-test/target/test-dir/MiniOzoneClusterImpl-4f26d1f9-f73a-4647-bb3a-126a945bf307/datanode-0/data/ratis/67ce44c2-8df2-4b96-9ebb-aa0ec426ae9c/sm/snapshot.1_0 took: 1 ms
2023-07-05 13:42:06,684 [2fb81e1d-6d09-4813-9c49-550bf392ffad@group-AA0EC426AE9C-StateMachineUpdater] INFO  impl.StateMachineUpdater (StateMachineUpdater.java:takeSnapshot(291)) - 2fb81e1d-6d09-4813-9c49-550bf392ffad@group-AA0EC426AE9C-StateMachineUpdater: Took a snapshot at index 0
2023-07-05 13:42:06,684 [2fb81e1d-6d09-4813-9c49-550bf392ffad@group-AA0EC426AE9C-StateMachineUpdater] INFO  impl.StateMachineUpdater (StateMachineUpdater.java:lambda$new$0(97)) - 2fb81e1d-6d09-4813-9c49-550bf392ffad@group-AA0EC426AE9C-StateMachineUpdater: snapshotIndex: updateIncreasingly -1 -> 0
2023-07-05 13:42:06,684 [PipelineCommandHandlerThread-0] INFO  server.RaftServer$Division (ServerState.java:close(472)) - 2fb81e1d-6d09-4813-9c49-550bf392ffad@group-AA0EC426AE9C: closes. applyIndex: 0
2023-07-05 13:42:06,684 [grpc-default-executor-4] INFO  server.GrpcServerProtocolService (GrpcServerProtocolService.java:onCompleted(155)) - 57c60944-bb7c-45d4-a857-02381db20eb8: Completed APPEND_ENTRIES, lastRequest: null
2023-07-05 13:42:06,685 [grpc-default-executor-4] INFO  server.GrpcServerProtocolService (GrpcServerProtocolService.java:lambda$onCompleted$5(157)) - 57c60944-bb7c-45d4-a857-02381db20eb8: Completed APPEND_ENTRIES, lastReply: serverReply {
  requestorId: "2fb81e1d-6d09-4813-9c49-550bf392ffad"
  replyId: "57c60944-bb7c-45d4-a857-02381db20eb8"
  raftGroupId {
    id: "g\316D\302\215\362K\226\236\273\252\016\304&\256\234"
  }
  callId: 8
  success: true
}
term: 1
nextIndex: 1
matchIndex: 18446744073709551615
isHearbeat: true

2023-07-05 13:42:06,685 [grpc-default-executor-2] INFO  server.GrpcServerProtocolService (GrpcServerProtocolService.java:onCompleted(155)) - 57c60944-bb7c-45d4-a857-02381db20eb8: Completed APPEND_ENTRIES, lastRequest: 2fb81e1d-6d09-4813-9c49-550bf392ffad->57c60944-bb7c-45d4-a857-02381db20eb8#1-t1,previous=(t:0, i:0),leaderCommit=-1,initializing? true,entries: size=1, first=(t:1, i:0), CONFIGURATIONENTRY(current:id: "2fb81e1d-6d09-4813-9c49-550bf392ffad"
address: "10.1.0.13:15014"
priority: 1
dataStreamAddress: "10.1.0.13:15015"
clientAddress: "10.1.0.13:15012"
adminAddress: "10.1.0.13:15013"
startupRole: FOLLOWER
,id: "3d2757fa-b181-4803-bdc5-b482e758aadc"
address: "10.1.0.13:15023"
dataStreamAddress: "10.1.0.13:15024"
clientAddress: "10.1.0.13:15021"
adminAddress: "10.1.0.13:15022"
startupRole: FOLLOWER
,id: "57c60944-bb7c-45d4-a857-02381db20eb8"
address: "10.1.0.13:15032"
dataStreamAddress: "10.1.0.13:15033"
clientAddress: "10.1.0.13:15030"
adminAddress: "10.1.0.13:15031"
startupRole: FOLLOWER
, old:)
2023-07-05 13:42:06,686 [grpc-default-executor-2] INFO  server.GrpcServerProtocolService (GrpcServerProtocolService.java:lambda$onCompleted$5(157)) - 57c60944-bb7c-45d4-a857-02381db20eb8: Completed APPEND_ENTRIES, lastReply: null
2023-07-05 13:42:06,686 [grpc-default-executor-3] INFO  server.GrpcLogAppender (GrpcLogAppender.java:onCompleted(428)) - 2fb81e1d-6d09-4813-9c49-550bf392ffad@group-AA0EC426AE9C->57c60944-bb7c-45d4-a857-02381db20eb8-AppendLogResponseHandler: follower responses appendEntries COMPLETED
2023-07-05 13:42:06,686 [grpc-default-executor-3] INFO  leader.FollowerInfo (FollowerInfoImpl.java:lambda$new$0(52)) - 2fb81e1d-6d09-4813-9c49-550bf392ffad@group-AA0EC426AE9C->57c60944-bb7c-45d4-a857-02381db20eb8: decreaseNextIndex nextIndex: updateUnconditionally 1 -> 0
2023-07-05 13:42:06,686 [grpc-default-executor-3] INFO  server.GrpcLogAppender (GrpcLogAppender.java:onCompleted(428)) - 2fb81e1d-6d09-4813-9c49-550bf392ffad@group-AA0EC426AE9C->57c60944-bb7c-45d4-a857-02381db20eb8-AppendLogResponseHandler: follower responses appendEntries COMPLETED
2023-07-05 13:42:06,690 [ReplicationMonitor] INFO  replication.ReplicationManager (ReplicationManager.java:processAll(389)) - Replication Monitor Thread took 0 milliseconds for processing 1 containers.
2023-07-05 13:42:07,209 [grpc-default-executor-4] WARN  server.GrpcLogAppender (LogUtils.java:warn(122)) - 2fb81e1d-6d09-4813-9c49-550bf392ffad@group-0F65B45798A5->3d2757fa-b181-4803-bdc5-b482e758aadc-AppendLogResponseHandler: Failed appendEntries: org.apache.ratis.thirdparty.io.grpc.StatusRuntimeException: UNAVAILABLE: io exception
2023-07-05 13:42:07,209 [grpc-default-executor-3] WARN  server.GrpcLogAppender (LogUtils.java:warn(122)) - 2fb81e1d-6d09-4813-9c49-550bf392ffad@group-0F65B45798A5->3d2757fa-b181-4803-bdc5-b482e758aadc-AppendLogResponseHandler: Failed appendEntries: org.apache.ratis.thirdparty.io.grpc.StatusRuntimeException: UNAVAILABLE: io exception
2023-07-05 13:42:07,220 [grpc-default-executor-3] WARN  server.GrpcLogAppender (LogUtils.java:warn(122)) - 2fb81e1d-6d09-4813-9c49-550bf392ffad@group-0F65B45798A5->3d2757fa-b181-4803-bdc5-b482e758aadc-AppendLogResponseHandler: Failed appendEntries: org.apache.ratis.thirdparty.io.grpc.StatusRuntimeException: UNAVAILABLE: io exception
2023-07-05 13:42:07,221 [grpc-default-executor-4] WARN  server.GrpcLogAppender (LogUtils.java:warn(122)) - 2fb81e1d-6d09-4813-9c49-550bf392ffad@group-0F65B45798A5->3d2757fa-b181-4803-bdc5-b482e758aadc-AppendLogResponseHandler: Failed appendEntries: org.apache.ratis.thirdparty.io.grpc.StatusRuntimeException: UNAVAILABLE: io exception
2023-07-05 13:42:07,224 [grpc-default-executor-3] INFO  leader.FollowerInfo (FollowerInfoImpl.java:lambda$new$0(52)) - 2fb81e1d-6d09-4813-9c49-550bf392ffad@group-0F65B45798A5->3d2757fa-b181-4803-bdc5-b482e758aadc: decreaseNextIndex nextIndex: updateUnconditionally 1 -> 0
2023-07-05 13:42:07,265 [grpc-default-executor-2] WARN  server.GrpcLogAppender (LogUtils.java:warn(122)) - 2fb81e1d-6d09-4813-9c49-550bf392ffad@group-0F65B45798A5->3d2757fa-b181-4803-bdc5-b482e758aadc-AppendLogResponseHandler: Failed appendEntries: org.apache.ratis.thirdparty.io.grpc.StatusRuntimeException: UNAVAILABLE: io exception
2023-07-05 13:42:07,266 [grpc-default-executor-3] WARN  server.GrpcLogAppender (LogUtils.java:warn(122)) - 2fb81e1d-6d09-4813-9c49-550bf392ffad@group-0F65B45798A5->3d2757fa-b181-4803-bdc5-b482e758aadc-AppendLogResponseHandler: Failed appendEntries: org.apache.ratis.thirdparty.io.grpc.StatusRuntimeException: UNAVAILABLE: io exception
2023-07-05 13:42:07,267 [grpc-default-executor-2] INFO  leader.FollowerInfo (FollowerInfoImpl.java:lambda$new$0(52)) - 2fb81e1d-6d09-4813-9c49-550bf392ffad@group-0F65B45798A5->3d2757fa-b181-4803-bdc5-b482e758aadc: decreaseNextIndex nextIndex: updateUnconditionally 1 -> 0
2023-07-05 13:42:07,280 [PipelineCommandHandlerThread-0] INFO  server.RaftServer (RaftServerProxy.java:remove(109)) - 57c60944-bb7c-45d4-a857-02381db20eb8: remove  FOLLOWER 57c60944-bb7c-45d4-a857-02381db20eb8@group-AA0EC426AE9C:t1, leader=2fb81e1d-6d09-4813-9c49-550bf392ffad, voted=2fb81e1d-6d09-4813-9c49-550bf392ffad, raftlog=Memoized:57c60944-bb7c-45d4-a857-02381db20eb8@group-AA0EC426AE9C-SegmentedRaftLog:OPENED:c0, conf=0: peers:[2fb81e1d-6d09-4813-9c49-550bf392ffad|rpc:10.1.0.13:15014|admin:10.1.0.13:15013|client:10.1.0.13:15012|dataStream:10.1.0.13:15015|priority:1|startupRole:FOLLOWER, 3d2757fa-b181-4803-bdc5-b482e758aadc|rpc:10.1.0.13:15023|admin:10.1.0.13:15022|client:10.1.0.13:15021|dataStream:10.1.0.13:15024|priority:0|startupRole:FOLLOWER, 57c60944-bb7c-45d4-a857-02381db20eb8|rpc:10.1.0.13:15032|admin:10.1.0.13:15031|client:10.1.0.13:15030|dataStream:10.1.0.13:15033|priority:0|startupRole:FOLLOWER]|listeners:[], old=null RUNNING
2023-07-05 13:42:07,280 [PipelineCommandHandlerThread-0] INFO  server.RaftServer$Division (RaftServerImpl.java:lambda$close$4(466)) - 57c60944-bb7c-45d4-a857-02381db20eb8@group-AA0EC426AE9C: shutdown
2023-07-05 13:42:07,281 [PipelineCommandHandlerThread-0] INFO  util.JmxRegister (JmxRegister.java:unregister(73)) - Successfully un-registered JMX Bean with object name Ratis:service=RaftServer,group=group-AA0EC426AE9C,id=57c60944-bb7c-45d4-a857-02381db20eb8
2023-07-05 13:42:07,281 [PipelineCommandHandlerThread-0] INFO  impl.RoleInfo (RoleInfo.java:shutdownFollowerState(110)) - 57c60944-bb7c-45d4-a857-02381db20eb8: shutdown 57c60944-bb7c-45d4-a857-02381db20eb8@group-AA0EC426AE9C-FollowerState
2023-07-05 13:42:07,281 [PipelineCommandHandlerThread-0] INFO  impl.StateMachineUpdater (StateMachineUpdater.java:stopAndJoin(155)) - 57c60944-bb7c-45d4-a857-02381db20eb8@group-AA0EC426AE9C-StateMachineUpdater: set stopIndex = 0
2023-07-05 13:42:07,281 [57c60944-bb7c-45d4-a857-02381db20eb8@group-AA0EC426AE9C-FollowerState] INFO  impl.FollowerState (FollowerState.java:run(152)) - 57c60944-bb7c-45d4-a857-02381db20eb8@group-AA0EC426AE9C-FollowerState was interrupted
2023-07-05 13:42:07,281 [57c60944-bb7c-45d4-a857-02381db20eb8@group-AA0EC426AE9C-StateMachineUpdater] INFO  ratis.ContainerStateMachine (ContainerStateMachine.java:takeSnapshot(330)) - group-AA0EC426AE9C: Taking a snapshot at:(t:1, i:0) file /home/runner/work/ozone/ozone/hadoop-ozone/integration-test/target/test-dir/MiniOzoneClusterImpl-4f26d1f9-f73a-4647-bb3a-126a945bf307/datanode-2/data/ratis/67ce44c2-8df2-4b96-9ebb-aa0ec426ae9c/sm/snapshot.1_0
2023-07-05 13:42:07,283 [57c60944-bb7c-45d4-a857-02381db20eb8@group-AA0EC426AE9C-StateMachineUpdater] INFO  ratis.ContainerStateMachine (ContainerStateMachine.java:takeSnapshot(341)) - group-AA0EC426AE9C: Finished taking a snapshot at:(t:1, i:0) file:/home/runner/work/ozone/ozone/hadoop-ozone/integration-test/target/test-dir/MiniOzoneClusterImpl-4f26d1f9-f73a-4647-bb3a-126a945bf307/datanode-2/data/ratis/67ce44c2-8df2-4b96-9ebb-aa0ec426ae9c/sm/snapshot.1_0 took: 1 ms
2023-07-05 13:42:07,283 [57c60944-bb7c-45d4-a857-02381db20eb8@group-AA0EC426AE9C-StateMachineUpdater] INFO  impl.StateMachineUpdater (StateMachineUpdater.java:takeSnapshot(291)) - 57c60944-bb7c-45d4-a857-02381db20eb8@group-AA0EC426AE9C-StateMachineUpdater: Took a snapshot at index 0
2023-07-05 13:42:07,283 [57c60944-bb7c-45d4-a857-02381db20eb8@group-AA0EC426AE9C-StateMachineUpdater] INFO  impl.StateMachineUpdater (StateMachineUpdater.java:lambda$new$0(97)) - 57c60944-bb7c-45d4-a857-02381db20eb8@group-AA0EC426AE9C-StateMachineUpdater: snapshotIndex: updateIncreasingly -1 -> 0
2023-07-05 13:42:07,285 [PipelineCommandHandlerThread-0] INFO  server.RaftServer$Division (ServerState.java:close(472)) - 57c60944-bb7c-45d4-a857-02381db20eb8@group-AA0EC426AE9C: closes. applyIndex: 0
2023-07-05 13:42:07,459 [PipelineCommandHandlerThread-0] INFO  segmented.SegmentedRaftLogWorker (SegmentedRaftLogWorker.java:close(252)) - 2fb81e1d-6d09-4813-9c49-550bf392ffad@group-AA0EC426AE9C-SegmentedRaftLogWorker close()
2023-07-05 13:42:07,463 [PipelineCommandHandlerThread-0] INFO  server.RaftServer$Division (RaftServerImpl.java:groupRemove(436)) - 2fb81e1d-6d09-4813-9c49-550bf392ffad@group-AA0EC426AE9C: Succeed to remove RaftStorageDirectory Storage Directory /home/runner/work/ozone/ozone/hadoop-ozone/integration-test/target/test-dir/MiniOzoneClusterImpl-4f26d1f9-f73a-4647-bb3a-126a945bf307/datanode-0/data/ratis/67ce44c2-8df2-4b96-9ebb-aa0ec426ae9c
2023-07-05 13:42:07,464 [PipelineCommandHandlerThread-0] INFO  commandhandler.ClosePipelineCommandHandler (ClosePipelineCommandHandler.java:lambda$handle$0(87)) - Close Pipeline PipelineID=67ce44c2-8df2-4b96-9ebb-aa0ec426ae9c command on datanode 2fb81e1d-6d09-4813-9c49-550bf392ffad.
2023-07-05 13:42:07,464 [PipelineCommandHandlerThread-0] INFO  server.RaftServer (RaftServerProxy.java:remove(109)) - 2fb81e1d-6d09-4813-9c49-550bf392ffad: remove    LEADER 2fb81e1d-6d09-4813-9c49-550bf392ffad@group-0F65B45798A5:t2, leader=2fb81e1d-6d09-4813-9c49-550bf392ffad, voted=2fb81e1d-6d09-4813-9c49-550bf392ffad, raftlog=Memoized:2fb81e1d-6d09-4813-9c49-550bf392ffad@group-0F65B45798A5-SegmentedRaftLog:OPENED:c7, conf=6: peers:[2fb81e1d-6d09-4813-9c49-550bf392ffad|rpc:10.1.0.13:15014|admin:10.1.0.13:15013|client:10.1.0.13:15012|dataStream:10.1.0.13:15015|priority:0|startupRole:FOLLOWER, 3d2757fa-b181-4803-bdc5-b482e758aadc|rpc:10.1.0.13:15023|admin:10.1.0.13:15022|client:10.1.0.13:15021|dataStream:10.1.0.13:15024|priority:1|startupRole:FOLLOWER, 57c60944-bb7c-45d4-a857-02381db20eb8|rpc:10.1.0.13:15032|admin:10.1.0.13:15031|client:10.1.0.13:15030|dataStream:10.1.0.13:15033|priority:0|startupRole:FOLLOWER]|listeners:[], old=null RUNNING
2023-07-05 13:42:07,464 [PipelineCommandHandlerThread-0] INFO  server.RaftServer$Division (RaftServerImpl.java:lambda$close$4(466)) - 2fb81e1d-6d09-4813-9c49-550bf392ffad@group-0F65B45798A5: shutdown
2023-07-05 13:42:07,464 [PipelineCommandHandlerThread-0] INFO  util.JmxRegister (JmxRegister.java:unregister(73)) - Successfully un-registered JMX Bean with object name Ratis:service=RaftServer,group=group-0F65B45798A5,id=2fb81e1d-6d09-4813-9c49-550bf392ffad
2023-07-05 13:42:07,464 [PipelineCommandHandlerThread-0] INFO  impl.RoleInfo (RoleInfo.java:shutdownLeaderState(93)) - 2fb81e1d-6d09-4813-9c49-550bf392ffad: shutdown 2fb81e1d-6d09-4813-9c49-550bf392ffad@group-0F65B45798A5-LeaderStateImpl
2023-07-05 13:42:07,464 [2fb81e1d-6d09-4813-9c49-550bf392ffad@group-0F65B45798A5->3d2757fa-b181-4803-bdc5-b482e758aadc-GrpcLogAppender-LogAppenderDaemon] WARN  server.GrpcLogAppender (GrpcLogAppender.java:mayWait(199)) - 2fb81e1d-6d09-4813-9c49-550bf392ffad@group-0F65B45798A5->3d2757fa-b181-4803-bdc5-b482e758aadc-GrpcLogAppender: Wait interrupted by java.lang.InterruptedException
2023-07-05 13:42:07,465 [2fb81e1d-6d09-4813-9c49-550bf392ffad@group-0F65B45798A5->57c60944-bb7c-45d4-a857-02381db20eb8-GrpcLogAppender-LogAppenderDaemon] WARN  server.GrpcLogAppender (GrpcLogAppender.java:mayWait(199)) - 2fb81e1d-6d09-4813-9c49-550bf392ffad@group-0F65B45798A5->57c60944-bb7c-45d4-a857-02381db20eb8-GrpcLogAppender: Wait interrupted by java.lang.InterruptedException
2023-07-05 13:42:07,465 [PipelineCommandHandlerThread-0] INFO  impl.PendingRequests (PendingRequests.java:sendNotLeaderResponses(289)) - 2fb81e1d-6d09-4813-9c49-550bf392ffad@group-0F65B45798A5-PendingRequests: sendNotLeaderResponses
2023-07-05 13:42:07,467 [grpc-default-executor-3] INFO  server.GrpcServerProtocolService (GrpcServerProtocolService.java:onCompleted(155)) - 57c60944-bb7c-45d4-a857-02381db20eb8: Completed APPEND_ENTRIES, lastRequest: 2fb81e1d-6d09-4813-9c49-550bf392ffad->57c60944-bb7c-45d4-a857-02381db20eb8#2-t2,previous=(t:2, i:6),leaderCommit=6,initializing? true,entries: size=1, first=(t:2, i:7), METADATAENTRY(c:6)
2023-07-05 13:42:07,467 [grpc-default-executor-3] INFO  server.GrpcServerProtocolService (GrpcServerProtocolService.java:lambda$onCompleted$5(157)) - 57c60944-bb7c-45d4-a857-02381db20eb8: Completed APPEND_ENTRIES, lastReply: null
2023-07-05 13:42:07,468 [grpc-default-executor-2] INFO  server.GrpcLogAppender (GrpcLogAppender.java:onCompleted(428)) - 2fb81e1d-6d09-4813-9c49-550bf392ffad@group-0F65B45798A5->57c60944-bb7c-45d4-a857-02381db20eb8-AppendLogResponseHandler: follower responses appendEntries COMPLETED
2023-07-05 13:42:07,467 [2fb81e1d-6d09-4813-9c49-550bf392ffad@group-0F65B45798A5-StateMachineUpdater] INFO  ratis.ContainerStateMachine (ContainerStateMachine.java:takeSnapshot(330)) - group-0F65B45798A5: Taking a snapshot at:(t:2, i:7) file /home/runner/work/ozone/ozone/hadoop-ozone/integration-test/target/test-dir/MiniOzoneClusterImpl-4f26d1f9-f73a-4647-bb3a-126a945bf307/datanode-0/data/ratis/a1218f4d-7864-40ba-98d2-0f65b45798a5/sm/snapshot.2_7
2023-07-05 13:42:07,467 [PipelineCommandHandlerThread-0] INFO  impl.StateMachineUpdater (StateMachineUpdater.java:stopAndJoin(155)) - 2fb81e1d-6d09-4813-9c49-550bf392ffad@group-0F65B45798A5-StateMachineUpdater: set stopIndex = 7
2023-07-05 13:42:07,471 [2fb81e1d-6d09-4813-9c49-550bf392ffad@group-0F65B45798A5-StateMachineUpdater] INFO  ratis.ContainerStateMachine (ContainerStateMachine.java:takeSnapshot(341)) - group-0F65B45798A5: Finished taking a snapshot at:(t:2, i:7) file:/home/runner/work/ozone/ozone/hadoop-ozone/integration-test/target/test-dir/MiniOzoneClusterImpl-4f26d1f9-f73a-4647-bb3a-126a945bf307/datanode-0/data/ratis/a1218f4d-7864-40ba-98d2-0f65b45798a5/sm/snapshot.2_7 took: 3 ms
2023-07-05 13:42:07,469 [grpc-default-executor-4] INFO  server.GrpcServerProtocolService (GrpcServerProtocolService.java:onCompleted(155)) - 57c60944-bb7c-45d4-a857-02381db20eb8: Completed APPEND_ENTRIES, lastRequest: null
2023-07-05 13:42:07,468 [grpc-default-executor-2] INFO  leader.FollowerInfo (FollowerInfoImpl.java:lambda$new$0(52)) - 2fb81e1d-6d09-4813-9c49-550bf392ffad@group-0F65B45798A5->57c60944-bb7c-45d4-a857-02381db20eb8: decreaseNextIndex nextIndex: updateUnconditionally 8 -> 7
2023-07-05 13:42:07,471 [grpc-default-executor-4] INFO  server.GrpcServerProtocolService (GrpcServerProtocolService.java:lambda$onCompleted$5(157)) - 57c60944-bb7c-45d4-a857-02381db20eb8: Completed APPEND_ENTRIES, lastReply: serverReply {
  requestorId: "2fb81e1d-6d09-4813-9c49-550bf392ffad"
  replyId: "57c60944-bb7c-45d4-a857-02381db20eb8"
  raftGroupId {
    id: "\241!\217Mxd@\272\230\322\017e\264W\230\245"
  }
  callId: 6
  success: true
}
term: 2
nextIndex: 8
followerCommit: 7
matchIndex: 18446744073709551615
isHearbeat: true

2023-07-05 13:42:07,472 [2fb81e1d-6d09-4813-9c49-550bf392ffad@group-0F65B45798A5-StateMachineUpdater] INFO  impl.StateMachineUpdater (StateMachineUpdater.java:takeSnapshot(291)) - 2fb81e1d-6d09-4813-9c49-550bf392ffad@group-0F65B45798A5-StateMachineUpdater: Took a snapshot at index 7
2023-07-05 13:42:07,472 [2fb81e1d-6d09-4813-9c49-550bf392ffad@group-0F65B45798A5-StateMachineUpdater] INFO  impl.StateMachineUpdater (StateMachineUpdater.java:lambda$new$0(97)) - 2fb81e1d-6d09-4813-9c49-550bf392ffad@group-0F65B45798A5-StateMachineUpdater: snapshotIndex: updateIncreasingly -1 -> 7
2023-07-05 13:42:07,473 [grpc-default-executor-2] INFO  server.GrpcLogAppender (GrpcLogAppender.java:onCompleted(428)) - 2fb81e1d-6d09-4813-9c49-550bf392ffad@group-0F65B45798A5->57c60944-bb7c-45d4-a857-02381db20eb8-AppendLogResponseHandler: follower responses appendEntries COMPLETED
2023-07-05 13:42:07,474 [grpc-default-executor-2] INFO  leader.FollowerInfo (FollowerInfoImpl.java:lambda$new$0(52)) - 2fb81e1d-6d09-4813-9c49-550bf392ffad@group-0F65B45798A5->57c60944-bb7c-45d4-a857-02381db20eb8: decreaseNextIndex nextIndex: updateUnconditionally 7 -> 6
2023-07-05 13:42:07,473 [PipelineCommandHandlerThread-0] INFO  server.RaftServer$Division (ServerState.java:close(472)) - 2fb81e1d-6d09-4813-9c49-550bf392ffad@group-0F65B45798A5: closes. applyIndex: 7
2023-07-05 13:42:07,535 [PipelineCommandHandlerThread-0] INFO  segmented.SegmentedRaftLogWorker (SegmentedRaftLogWorker.java:close(252)) - 57c60944-bb7c-45d4-a857-02381db20eb8@group-AA0EC426AE9C-SegmentedRaftLogWorker close()
2023-07-05 13:42:07,537 [PipelineCommandHandlerThread-0] INFO  server.RaftServer$Division (RaftServerImpl.java:groupRemove(436)) - 57c60944-bb7c-45d4-a857-02381db20eb8@group-AA0EC426AE9C: Succeed to remove RaftStorageDirectory Storage Directory /home/runner/work/ozone/ozone/hadoop-ozone/integration-test/target/test-dir/MiniOzoneClusterImpl-4f26d1f9-f73a-4647-bb3a-126a945bf307/datanode-2/data/ratis/67ce44c2-8df2-4b96-9ebb-aa0ec426ae9c
2023-07-05 13:42:07,538 [PipelineCommandHandlerThread-0] INFO  commandhandler.ClosePipelineCommandHandler (ClosePipelineCommandHandler.java:lambda$handle$0(87)) - Close Pipeline PipelineID=67ce44c2-8df2-4b96-9ebb-aa0ec426ae9c command on datanode 57c60944-bb7c-45d4-a857-02381db20eb8.
2023-07-05 13:42:07,539 [PipelineCommandHandlerThread-0] INFO  server.RaftServer (RaftServerProxy.java:remove(109)) - 57c60944-bb7c-45d4-a857-02381db20eb8: remove  FOLLOWER 57c60944-bb7c-45d4-a857-02381db20eb8@group-0F65B45798A5:t2, leader=2fb81e1d-6d09-4813-9c49-550bf392ffad, voted=2fb81e1d-6d09-4813-9c49-550bf392ffad, raftlog=Memoized:57c60944-bb7c-45d4-a857-02381db20eb8@group-0F65B45798A5-SegmentedRaftLog:OPENED:c7, conf=6: peers:[2fb81e1d-6d09-4813-9c49-550bf392ffad|rpc:10.1.0.13:15014|admin:10.1.0.13:15013|client:10.1.0.13:15012|dataStream:10.1.0.13:15015|priority:0|startupRole:FOLLOWER, 3d2757fa-b181-4803-bdc5-b482e758aadc|rpc:10.1.0.13:15023|admin:10.1.0.13:15022|client:10.1.0.13:15021|dataStream:10.1.0.13:15024|priority:1|startupRole:FOLLOWER, 57c60944-bb7c-45d4-a857-02381db20eb8|rpc:10.1.0.13:15032|admin:10.1.0.13:15031|client:10.1.0.13:15030|dataStream:10.1.0.13:15033|priority:0|startupRole:FOLLOWER]|listeners:[], old=null RUNNING
2023-07-05 13:42:07,539 [PipelineCommandHandlerThread-0] INFO  server.RaftServer$Division (RaftServerImpl.java:lambda$close$4(466)) - 57c60944-bb7c-45d4-a857-02381db20eb8@group-0F65B45798A5: shutdown
2023-07-05 13:42:07,539 [PipelineCommandHandlerThread-0] INFO  util.JmxRegister (JmxRegister.java:unregister(73)) - Successfully un-registered JMX Bean with object name Ratis:service=RaftServer,group=group-0F65B45798A5,id=57c60944-bb7c-45d4-a857-02381db20eb8
2023-07-05 13:42:07,539 [PipelineCommandHandlerThread-0] INFO  impl.RoleInfo (RoleInfo.java:shutdownFollowerState(110)) - 57c60944-bb7c-45d4-a857-02381db20eb8: shutdown 57c60944-bb7c-45d4-a857-02381db20eb8@group-0F65B45798A5-FollowerState
2023-07-05 13:42:07,539 [57c60944-bb7c-45d4-a857-02381db20eb8@group-0F65B45798A5-FollowerState] INFO  impl.FollowerState (FollowerState.java:run(152)) - 57c60944-bb7c-45d4-a857-02381db20eb8@group-0F65B45798A5-FollowerState was interrupted
2023-07-05 13:42:07,539 [PipelineCommandHandlerThread-0] INFO  impl.StateMachineUpdater (StateMachineUpdater.java:stopAndJoin(155)) - 57c60944-bb7c-45d4-a857-02381db20eb8@group-0F65B45798A5-StateMachineUpdater: set stopIndex = 7
2023-07-05 13:42:07,539 [57c60944-bb7c-45d4-a857-02381db20eb8@group-0F65B45798A5-StateMachineUpdater] INFO  ratis.ContainerStateMachine (ContainerStateMachine.java:takeSnapshot(330)) - group-0F65B45798A5: Taking a snapshot at:(t:2, i:7) file /home/runner/work/ozone/ozone/hadoop-ozone/integration-test/target/test-dir/MiniOzoneClusterImpl-4f26d1f9-f73a-4647-bb3a-126a945bf307/datanode-2/data/ratis/a1218f4d-7864-40ba-98d2-0f65b45798a5/sm/snapshot.2_7
2023-07-05 13:42:07,541 [57c60944-bb7c-45d4-a857-02381db20eb8@group-0F65B45798A5-StateMachineUpdater] INFO  ratis.ContainerStateMachine (ContainerStateMachine.java:takeSnapshot(341)) - group-0F65B45798A5: Finished taking a snapshot at:(t:2, i:7) file:/home/runner/work/ozone/ozone/hadoop-ozone/integration-test/target/test-dir/MiniOzoneClusterImpl-4f26d1f9-f73a-4647-bb3a-126a945bf307/datanode-2/data/ratis/a1218f4d-7864-40ba-98d2-0f65b45798a5/sm/snapshot.2_7 took: 1 ms
2023-07-05 13:42:07,542 [57c60944-bb7c-45d4-a857-02381db20eb8@group-0F65B45798A5-StateMachineUpdater] INFO  impl.StateMachineUpdater (StateMachineUpdater.java:takeSnapshot(291)) - 57c60944-bb7c-45d4-a857-02381db20eb8@group-0F65B45798A5-StateMachineUpdater: Took a snapshot at index 7
2023-07-05 13:42:07,542 [57c60944-bb7c-45d4-a857-02381db20eb8@group-0F65B45798A5-StateMachineUpdater] INFO  impl.StateMachineUpdater (StateMachineUpdater.java:lambda$new$0(97)) - 57c60944-bb7c-45d4-a857-02381db20eb8@group-0F65B45798A5-StateMachineUpdater: snapshotIndex: updateIncreasingly -1 -> 7
2023-07-05 13:42:07,543 [PipelineCommandHandlerThread-0] INFO  server.RaftServer$Division (ServerState.java:close(472)) - 57c60944-bb7c-45d4-a857-02381db20eb8@group-0F65B45798A5: closes. applyIndex: 7
2023-07-05 13:42:07,595 [Time-limited test] INFO  container.TestHelper (TestHelper.java:countReplicas(423)) - Container 1 has 2 replicas on [2fb81e1d-6d09-4813-9c49-550bf392ffad, 57c60944-bb7c-45d4-a857-02381db20eb8]
2023-07-05 13:42:07,691 [ReplicationMonitor] INFO  replication.ReplicationManager (ReplicationManager.java:processAll(389)) - Replication Monitor Thread took 1 milliseconds for processing 1 containers.
2023-07-05 13:42:07,745 [PipelineCommandHandlerThread-0] INFO  segmented.SegmentedRaftLogWorker (SegmentedRaftLogWorker.java:close(252)) - 2fb81e1d-6d09-4813-9c49-550bf392ffad@group-0F65B45798A5-SegmentedRaftLogWorker close()
2023-07-05 13:42:07,748 [PipelineCommandHandlerThread-0] INFO  server.RaftServer$Division (RaftServerImpl.java:groupRemove(436)) - 2fb81e1d-6d09-4813-9c49-550bf392ffad@group-0F65B45798A5: Succeed to remove RaftStorageDirectory Storage Directory /home/runner/work/ozone/ozone/hadoop-ozone/integration-test/target/test-dir/MiniOzoneClusterImpl-4f26d1f9-f73a-4647-bb3a-126a945bf307/datanode-0/data/ratis/a1218f4d-7864-40ba-98d2-0f65b45798a5
2023-07-05 13:42:07,748 [PipelineCommandHandlerThread-0] INFO  commandhandler.ClosePipelineCommandHandler (ClosePipelineCommandHandler.java:lambda$handle$0(87)) - Close Pipeline PipelineID=a1218f4d-7864-40ba-98d2-0f65b45798a5 command on datanode 2fb81e1d-6d09-4813-9c49-550bf392ffad.
2023-07-05 13:42:07,751 [PipelineCommandHandlerThread-0] INFO  segmented.SegmentedRaftLogWorker (SegmentedRaftLogWorker.java:close(252)) - 57c60944-bb7c-45d4-a857-02381db20eb8@group-0F65B45798A5-SegmentedRaftLogWorker close()
2023-07-05 13:42:07,754 [PipelineCommandHandlerThread-0] INFO  server.RaftServer$Division (RaftServerImpl.java:groupRemove(436)) - 57c60944-bb7c-45d4-a857-02381db20eb8@group-0F65B45798A5: Succeed to remove RaftStorageDirectory Storage Directory /home/runner/work/ozone/ozone/hadoop-ozone/integration-test/target/test-dir/MiniOzoneClusterImpl-4f26d1f9-f73a-4647-bb3a-126a945bf307/datanode-2/data/ratis/a1218f4d-7864-40ba-98d2-0f65b45798a5
2023-07-05 13:42:07,755 [PipelineCommandHandlerThread-0] INFO  commandhandler.ClosePipelineCommandHandler (ClosePipelineCommandHandler.java:lambda$handle$0(87)) - Close Pipeline PipelineID=a1218f4d-7864-40ba-98d2-0f65b45798a5 command on datanode 57c60944-bb7c-45d4-a857-02381db20eb8.
2023-07-05 13:42:08,596 [Time-limited test] INFO  container.TestHelper (TestHelper.java:countReplicas(423)) - Container 1 has 2 replicas on [2fb81e1d-6d09-4813-9c49-550bf392ffad, 57c60944-bb7c-45d4-a857-02381db20eb8]
2023-07-05 13:42:08,688 [ContainerReplicationThread-0] INFO  replication.PushReplicator (PushReplicator.java:replicate(58)) - Starting replication of container 1 to 7fafb357-0952-493d-8025-8d38636482be(fv-az264-29.ca02foy5wcnuvlrvrz2wi3p2og.dx.internal.cloudapp.net/10.1.0.13) using NO_COMPRESSION
2023-07-05 13:42:08,691 [ReplicationMonitor] INFO  replication.ReplicationManager (ReplicationManager.java:processAll(389)) - Replication Monitor Thread took 0 milliseconds for processing 1 containers.
2023-07-05 13:42:08,733 [ContainerReplicationThread-0] INFO  replication.GrpcOutputStream (GrpcOutputStream.java:close(111)) - Sent 9728 bytes for container 1
2023-07-05 13:42:08,737 [ReplicationContainerReader-1] INFO  replication.SendContainerRequestHandler (SendContainerRequestHandler.java:onNext(80)) - Accepting container 1
2023-07-05 13:42:08,737 [ReplicationContainerReader-1] INFO  replication.SendContainerRequestHandler (SendContainerRequestHandler.java:onCompleted(108)) - Container 1 is downloaded with size 9728, starting to import.
2023-07-05 13:42:08,799 [ReplicationContainerReader-1] INFO  replication.SendContainerRequestHandler (SendContainerRequestHandler.java:onCompleted(114)) - Container 1 is replicated successfully
2023-07-05 13:42:08,803 [grpc-default-executor-3] INFO  replication.GrpcContainerUploader (GrpcContainerUploader.java:onCompleted(119)) - Finished uploading container 1 to 7fafb357-0952-493d-8025-8d38636482be(fv-az264-29.ca02foy5wcnuvlrvrz2wi3p2og.dx.internal.cloudapp.net/10.1.0.13)
2023-07-05 13:42:08,807 [ContainerReplicationThread-0] INFO  replication.ReplicationSupervisor (ReplicationSupervisor.java:run(362)) - Successful DONE replicateContainerCommand: containerId=1, replicaIndex=0, targetNode=7fafb357-0952-493d-8025-8d38636482be(fv-az264-29.ca02foy5wcnuvlrvrz2wi3p2og.dx.internal.cloudapp.net/10.1.0.13), priority=NORMAL, transferred 9728 bytes
2023-07-05 13:42:09,596 [Time-limited test] INFO  container.TestHelper (TestHelper.java:countReplicas(423)) - Container 1 has 3 replicas on [2fb81e1d-6d09-4813-9c49-550bf392ffad, 57c60944-bb7c-45d4-a857-02381db20eb8, 7fafb357-0952-493d-8025-8d38636482be]
2023-07-05 13:42:09,600 [Time-limited test] INFO  ozone.MiniOzoneClusterImpl (MiniOzoneClusterImpl.java:shutdown(443)) - Shutting down the Mini Ozone Cluster
2023-07-05 13:42:09,600 [Time-limited test] INFO  ozone.MiniOzoneClusterImpl (MiniOzoneClusterImpl.java:stop(460)) - Stopping the Mini Ozone Cluster
2023-07-05 13:42:09,600 [Time-limited test] INFO  ozone.MiniOzoneClusterImpl (MiniOzoneClusterImpl.java:stopOM(551)) - Stopping the OzoneManager
2023-07-05 13:42:09,600 [Time-limited test] INFO  om.OzoneManager (OzoneManager.java:stop(2198)) - om1[localhost:15004]: Stopping Ozone Manager
2023-07-05 13:42:09,600 [Time-limited test] INFO  ipc.Server (Server.java:stop(3523)) - Stopping server on 15004
2023-07-05 13:42:09,603 [IPC Server Responder] INFO  ipc.Server (Server.java:run(1567)) - Stopping IPC Server Responder
2023-07-05 13:42:09,603 [IPC Server listener on 15004] INFO  ipc.Server (Server.java:run(1434)) - Stopping IPC Server listener on 15004
2023-07-05 13:42:09,608 [Time-limited test] INFO  server.RaftServer (RaftServerProxy.java:lambda$close$6(416)) - om1: close
2023-07-05 13:42:09,608 [Time-limited test] INFO  server.GrpcService (GrpcService.java:closeImpl(311)) - om1: shutdown server GrpcServerProtocolService now
2023-07-05 13:42:09,609 [om1-impl-thread1] INFO  server.RaftServer$Division (RaftServerImpl.java:lambda$close$4(466)) - om1@group-C5BA1605619E: shutdown
2023-07-05 13:42:09,609 [om1-impl-thread1] INFO  util.JmxRegister (JmxRegister.java:unregister(73)) - Successfully un-registered JMX Bean with object name Ratis:service=RaftServer,group=group-C5BA1605619E,id=om1
2023-07-05 13:42:09,609 [om1-impl-thread1] INFO  impl.RoleInfo (RoleInfo.java:shutdownLeaderState(93)) - om1: shutdown om1@group-C5BA1605619E-LeaderStateImpl
2023-07-05 13:42:09,609 [om1-impl-thread1] INFO  impl.PendingRequests (PendingRequests.java:sendNotLeaderResponses(289)) - om1@group-C5BA1605619E-PendingRequests: sendNotLeaderResponses
2023-07-05 13:42:09,610 [Time-limited test] INFO  server.GrpcService (GrpcService.java:closeImpl(320)) - om1: shutdown server GrpcServerProtocolService successfully
2023-07-05 13:42:09,616 [om1-impl-thread1] INFO  impl.StateMachineUpdater (StateMachineUpdater.java:stopAndJoin(155)) - om1@group-C5BA1605619E-StateMachineUpdater: set stopIndex = 8
2023-07-05 13:42:09,616 [om1@group-C5BA1605619E-StateMachineUpdater] INFO  ratis.OzoneManagerStateMachine (OzoneManagerStateMachine.java:takeSnapshot(479)) - Current Snapshot Index (t:1, i:8)
2023-07-05 13:42:09,646 [om1@group-C5BA1605619E-StateMachineUpdater] INFO  impl.StateMachineUpdater (StateMachineUpdater.java:takeSnapshot(291)) - om1@group-C5BA1605619E-StateMachineUpdater: Took a snapshot at index 8
2023-07-05 13:42:09,646 [om1@group-C5BA1605619E-StateMachineUpdater] INFO  impl.StateMachineUpdater (StateMachineUpdater.java:lambda$new$0(97)) - om1@group-C5BA1605619E-StateMachineUpdater: snapshotIndex: updateIncreasingly -1 -> 8
2023-07-05 13:42:09,646 [om1@group-C5BA1605619E-StateMachineUpdater] INFO  ratis.OzoneManagerStateMachine (OzoneManagerStateMachine.java:close(533)) - StateMachine has shutdown. Shutdown OzoneManager if not already shutdown.
2023-07-05 13:42:09,646 [om1@group-C5BA1605619E-StateMachineUpdater] INFO  ratis.OzoneManagerDoubleBuffer (OzoneManagerDoubleBuffer.java:stopDaemon(551)) - Stopping OMDoubleBuffer flush thread
2023-07-05 13:42:09,648 [OMDoubleBufferFlushThread] INFO  ratis.OzoneManagerDoubleBuffer (OzoneManagerDoubleBuffer.java:canFlush(638)) - OMDoubleBuffer flush thread OMDoubleBufferFlushThread is interrupted and will exit.
2023-07-05 13:42:09,650 [om1-impl-thread1] INFO  server.RaftServer$Division (ServerState.java:close(472)) - om1@group-C5BA1605619E: closes. applyIndex: 8
2023-07-05 13:42:09,692 [ReplicationMonitor] INFO  replication.ReplicationManager (ReplicationManager.java:processAll(389)) - Replication Monitor Thread took 0 milliseconds for processing 1 containers.
2023-07-05 13:42:10,402 [om1-impl-thread1] INFO  segmented.SegmentedRaftLogWorker (SegmentedRaftLogWorker.java:close(252)) - om1@group-C5BA1605619E-SegmentedRaftLogWorker close()
2023-07-05 13:42:10,403 [JvmPauseMonitor1] INFO  util.JvmPauseMonitor (JvmPauseMonitor.java:run(109)) - JvmPauseMonitor-om1: Stopped
2023-07-05 13:42:10,403 [Time-limited test] INFO  ratis.OzoneManagerStateMachine (OzoneManagerStateMachine.java:close(533)) - StateMachine has shutdown. Shutdown OzoneManager if not already shutdown.
2023-07-05 13:42:10,403 [Time-limited test] INFO  ratis.OzoneManagerDoubleBuffer (OzoneManagerDoubleBuffer.java:stopDaemon(560)) - OMDoubleBuffer flush thread is not running.
2023-07-05 13:42:10,404 [Time-limited test] INFO  utils.BackgroundService (BackgroundService.java:shutdown(141)) - Shutting down service KeyDeletingService
2023-07-05 13:42:10,404 [Time-limited test] INFO  utils.BackgroundService (BackgroundService.java:shutdown(141)) - Shutting down service KeyDeletingService
2023-07-05 13:42:10,405 [Time-limited test] INFO  utils.BackgroundService (BackgroundService.java:shutdown(141)) - Shutting down service OpenKeyCleanupService
2023-07-05 13:42:10,405 [Time-limited test] INFO  utils.BackgroundService (BackgroundService.java:shutdown(141)) - Shutting down service SstFilteringService
2023-07-05 13:42:10,405 [Time-limited test] INFO  utils.BackgroundService (BackgroundService.java:shutdown(141)) - Shutting down service SnapshotDeletingService
2023-07-05 13:42:10,406 [Time-limited test] INFO  handler.ContextHandler (ContextHandler.java:doStop(1159)) - Stopped o.e.j.w.WebAppContext@7e47dd9f{ozoneManager,/,null,STOPPED}{file:/home/runner/work/ozone/ozone/hadoop-ozone/integration-test/target/test-classes/webapps/ozoneManager}
2023-07-05 13:42:10,407 [Time-limited test] INFO  server.AbstractConnector (AbstractConnector.java:doStop(383)) - Stopped ServerConnector@4bf1ca04{HTTP/1.1, (http/1.1)}{0.0.0.0:15005}
2023-07-05 13:42:10,407 [Time-limited test] INFO  server.session (HouseKeeper.java:stopScavenging(149)) - node0 Stopped scavenging
2023-07-05 13:42:10,407 [Time-limited test] INFO  handler.ContextHandler (ContextHandler.java:doStop(1159)) - Stopped o.e.j.s.ServletContextHandler@333a8da7{static,/static,file:///home/runner/work/ozone/ozone/hadoop-ozone/integration-test/target/test-classes/webapps/static,STOPPED}
2023-07-05 13:42:10,407 [Time-limited test] INFO  handler.ContextHandler (ContextHandler.java:doStop(1159)) - Stopped o.e.j.s.ServletContextHandler@1f5a5251{logs,/logs,file:///home/runner/work/ozone/ozone/hadoop-ozone/integration-test/target/log,STOPPED}
2023-07-05 13:42:10,414 [Time-limited test] INFO  snapshot.SnapshotDiffManager (SnapshotDiffManager.java:closeExecutorService(1699)) - Shutting down executorService: 'SnapDiffExecutor'
2023-07-05 13:42:10,415 [Time-limited test] INFO  snapshot.SnapshotDiffManager (SnapshotDiffManager.java:closeExecutorService(1699)) - Shutting down executorService: 'SstDumpToolExecutor'
2023-07-05 13:42:10,415 [Time-limited test] INFO  utils.BackgroundService (BackgroundService.java:shutdown(141)) - Shutting down service SnapshotDiffCleanupService
2023-07-05 13:42:10,418 [Time-limited test] INFO  ozone.MiniOzoneClusterImpl (MiniOzoneClusterImpl.java:stopDatanodes(528)) - Stopping the HddsDatanodes
2023-07-05 13:42:10,420 [Time-limited test] INFO  ozoneimpl.OzoneContainer (OzoneContainer.java:stop(441)) - Attempting to stop container services.
2023-07-05 13:42:10,421 [Time-limited test] INFO  server.RaftServer (RaftServerProxy.java:lambda$close$6(416)) - 57c60944-bb7c-45d4-a857-02381db20eb8: close
2023-07-05 13:42:10,421 [Time-limited test] INFO  server.GrpcService (GrpcService.java:closeImpl(311)) - 57c60944-bb7c-45d4-a857-02381db20eb8: shutdown server org.apache.ratis.grpc.server.GrpcClientProtocolService now
2023-07-05 13:42:10,422 [57c60944-bb7c-45d4-a857-02381db20eb8-impl-thread1] INFO  server.RaftServer$Division (RaftServerImpl.java:lambda$close$4(466)) - 57c60944-bb7c-45d4-a857-02381db20eb8@group-9F65EE4C7CA7: shutdown
2023-07-05 13:42:10,423 [57c60944-bb7c-45d4-a857-02381db20eb8-impl-thread1] INFO  util.JmxRegister (JmxRegister.java:unregister(73)) - Successfully un-registered JMX Bean with object name Ratis:service=RaftServer,group=group-9F65EE4C7CA7,id=57c60944-bb7c-45d4-a857-02381db20eb8
2023-07-05 13:42:10,423 [57c60944-bb7c-45d4-a857-02381db20eb8-impl-thread1] INFO  impl.RoleInfo (RoleInfo.java:shutdownLeaderState(93)) - 57c60944-bb7c-45d4-a857-02381db20eb8: shutdown 57c60944-bb7c-45d4-a857-02381db20eb8@group-9F65EE4C7CA7-LeaderStateImpl
2023-07-05 13:42:10,423 [57c60944-bb7c-45d4-a857-02381db20eb8-impl-thread1] INFO  impl.PendingRequests (PendingRequests.java:sendNotLeaderResponses(289)) - 57c60944-bb7c-45d4-a857-02381db20eb8@group-9F65EE4C7CA7-PendingRequests: sendNotLeaderResponses
2023-07-05 13:42:10,424 [57c60944-bb7c-45d4-a857-02381db20eb8-impl-thread1] INFO  impl.StateMachineUpdater (StateMachineUpdater.java:stopAndJoin(155)) - 57c60944-bb7c-45d4-a857-02381db20eb8@group-9F65EE4C7CA7-StateMachineUpdater: set stopIndex = 0
2023-07-05 13:42:10,424 [57c60944-bb7c-45d4-a857-02381db20eb8@group-9F65EE4C7CA7-StateMachineUpdater] INFO  ratis.ContainerStateMachine (ContainerStateMachine.java:takeSnapshot(330)) - group-9F65EE4C7CA7: Taking a snapshot at:(t:1, i:0) file /home/runner/work/ozone/ozone/hadoop-ozone/integration-test/target/test-dir/MiniOzoneClusterImpl-4f26d1f9-f73a-4647-bb3a-126a945bf307/datanode-2/data/ratis/184f01e4-af05-4b59-9c33-9f65ee4c7ca7/sm/snapshot.1_0
2023-07-05 13:42:10,427 [Thread-523] INFO  server.GrpcServerProtocolClient (GrpcServerProtocolClient.java:close(103)) - 2fb81e1d-6d09-4813-9c49-550bf392ffad Close channels
2023-07-05 13:42:10,427 [57c60944-bb7c-45d4-a857-02381db20eb8@group-9F65EE4C7CA7-StateMachineUpdater] INFO  ratis.ContainerStateMachine (ContainerStateMachine.java:takeSnapshot(341)) - group-9F65EE4C7CA7: Finished taking a snapshot at:(t:1, i:0) file:/home/runner/work/ozone/ozone/hadoop-ozone/integration-test/target/test-dir/MiniOzoneClusterImpl-4f26d1f9-f73a-4647-bb3a-126a945bf307/datanode-2/data/ratis/184f01e4-af05-4b59-9c33-9f65ee4c7ca7/sm/snapshot.1_0 took: 4 ms
2023-07-05 13:42:10,427 [57c60944-bb7c-45d4-a857-02381db20eb8@group-9F65EE4C7CA7-StateMachineUpdater] INFO  impl.StateMachineUpdater (StateMachineUpdater.java:takeSnapshot(291)) - 57c60944-bb7c-45d4-a857-02381db20eb8@group-9F65EE4C7CA7-StateMachineUpdater: Took a snapshot at index 0
2023-07-05 13:42:10,427 [57c60944-bb7c-45d4-a857-02381db20eb8@group-9F65EE4C7CA7-StateMachineUpdater] INFO  impl.StateMachineUpdater (StateMachineUpdater.java:lambda$new$0(97)) - 57c60944-bb7c-45d4-a857-02381db20eb8@group-9F65EE4C7CA7-StateMachineUpdater: snapshotIndex: updateIncreasingly -1 -> 0
2023-07-05 13:42:10,428 [57c60944-bb7c-45d4-a857-02381db20eb8-impl-thread1] INFO  server.RaftServer$Division (ServerState.java:close(472)) - 57c60944-bb7c-45d4-a857-02381db20eb8@group-9F65EE4C7CA7: closes. applyIndex: 0
2023-07-05 13:42:10,435 [ForkJoinPool.commonPool-worker-1] INFO  ozoneimpl.OzoneContainer (OzoneContainer.java:stop(441)) - Attempting to stop container services.
2023-07-05 13:42:10,435 [Thread-524] INFO  server.GrpcServerProtocolClient (GrpcServerProtocolClient.java:close(103)) - 3d2757fa-b181-4803-bdc5-b482e758aadc Close channels
2023-07-05 13:42:10,435 [ForkJoinPool.commonPool-worker-1] INFO  server.RaftServer (RaftServerProxy.java:lambda$close$6(416)) - 2fb81e1d-6d09-4813-9c49-550bf392ffad: close
2023-07-05 13:42:10,435 [ForkJoinPool.commonPool-worker-1] INFO  server.GrpcService (GrpcService.java:closeImpl(311)) - 2fb81e1d-6d09-4813-9c49-550bf392ffad: shutdown server org.apache.ratis.grpc.server.GrpcClientProtocolService now
2023-07-05 13:42:10,436 [2fb81e1d-6d09-4813-9c49-550bf392ffad-impl-thread1] INFO  server.RaftServer$Division (RaftServerImpl.java:lambda$close$4(466)) - 2fb81e1d-6d09-4813-9c49-550bf392ffad@group-9644117CACC1: shutdown
2023-07-05 13:42:10,436 [2fb81e1d-6d09-4813-9c49-550bf392ffad-impl-thread1] INFO  util.JmxRegister (JmxRegister.java:unregister(73)) - Successfully un-registered JMX Bean with object name Ratis:service=RaftServer,group=group-9644117CACC1,id=2fb81e1d-6d09-4813-9c49-550bf392ffad
2023-07-05 13:42:10,436 [2fb81e1d-6d09-4813-9c49-550bf392ffad-impl-thread1] INFO  impl.RoleInfo (RoleInfo.java:shutdownLeaderState(93)) - 2fb81e1d-6d09-4813-9c49-550bf392ffad: shutdown 2fb81e1d-6d09-4813-9c49-550bf392ffad@group-9644117CACC1-LeaderStateImpl
2023-07-05 13:42:10,437 [2fb81e1d-6d09-4813-9c49-550bf392ffad-impl-thread1] INFO  impl.PendingRequests (PendingRequests.java:sendNotLeaderResponses(289)) - 2fb81e1d-6d09-4813-9c49-550bf392ffad@group-9644117CACC1-PendingRequests: sendNotLeaderResponses
2023-07-05 13:42:10,437 [Time-limited test] INFO  server.GrpcService (GrpcService.java:closeImpl(320)) - 57c60944-bb7c-45d4-a857-02381db20eb8: shutdown server org.apache.ratis.grpc.server.GrpcClientProtocolService successfully
2023-07-05 13:42:10,438 [Time-limited test] INFO  server.GrpcService (GrpcService.java:closeImpl(311)) - 57c60944-bb7c-45d4-a857-02381db20eb8: shutdown server GrpcServerProtocolService now
2023-07-05 13:42:10,438 [2fb81e1d-6d09-4813-9c49-550bf392ffad-impl-thread1] INFO  impl.StateMachineUpdater (StateMachineUpdater.java:stopAndJoin(155)) - 2fb81e1d-6d09-4813-9c49-550bf392ffad@group-9644117CACC1-StateMachineUpdater: set stopIndex = 0
2023-07-05 13:42:10,438 [2fb81e1d-6d09-4813-9c49-550bf392ffad@group-9644117CACC1-StateMachineUpdater] INFO  ratis.ContainerStateMachine (ContainerStateMachine.java:takeSnapshot(330)) - group-9644117CACC1: Taking a snapshot at:(t:1, i:0) file /home/runner/work/ozone/ozone/hadoop-ozone/integration-test/target/test-dir/MiniOzoneClusterImpl-4f26d1f9-f73a-4647-bb3a-126a945bf307/datanode-0/data/ratis/a31c783e-1d08-4021-989c-9644117cacc1/sm/snapshot.1_0
2023-07-05 13:42:10,442 [2fb81e1d-6d09-4813-9c49-550bf392ffad@group-9644117CACC1-StateMachineUpdater] INFO  ratis.ContainerStateMachine (ContainerStateMachine.java:takeSnapshot(341)) - group-9644117CACC1: Finished taking a snapshot at:(t:1, i:0) file:/home/runner/work/ozone/ozone/hadoop-ozone/integration-test/target/test-dir/MiniOzoneClusterImpl-4f26d1f9-f73a-4647-bb3a-126a945bf307/datanode-0/data/ratis/a31c783e-1d08-4021-989c-9644117cacc1/sm/snapshot.1_0 took: 3 ms
2023-07-05 13:42:10,442 [2fb81e1d-6d09-4813-9c49-550bf392ffad@group-9644117CACC1-StateMachineUpdater] INFO  impl.StateMachineUpdater (StateMachineUpdater.java:takeSnapshot(291)) - 2fb81e1d-6d09-4813-9c49-550bf392ffad@group-9644117CACC1-StateMachineUpdater: Took a snapshot at index 0
2023-07-05 13:42:10,442 [2fb81e1d-6d09-4813-9c49-550bf392ffad@group-9644117CACC1-StateMachineUpdater] INFO  impl.StateMachineUpdater (StateMachineUpdater.java:lambda$new$0(97)) - 2fb81e1d-6d09-4813-9c49-550bf392ffad@group-9644117CACC1-StateMachineUpdater: snapshotIndex: updateIncreasingly -1 -> 0
2023-07-05 13:42:10,453 [Thread-527] INFO  server.GrpcServerProtocolClient (GrpcServerProtocolClient.java:close(103)) - 3d2757fa-b181-4803-bdc5-b482e758aadc Close channels
2023-07-05 13:42:10,453 [Thread-528] INFO  server.GrpcServerProtocolClient (GrpcServerProtocolClient.java:close(103)) - 57c60944-bb7c-45d4-a857-02381db20eb8 Close channels
2023-07-05 13:42:10,453 [2fb81e1d-6d09-4813-9c49-550bf392ffad-impl-thread1] INFO  server.RaftServer$Division (ServerState.java:close(472)) - 2fb81e1d-6d09-4813-9c49-550bf392ffad@group-9644117CACC1: closes. applyIndex: 0
2023-07-05 13:42:10,454 [Time-limited test] INFO  server.GrpcService (GrpcService.java:closeImpl(320)) - 57c60944-bb7c-45d4-a857-02381db20eb8: shutdown server GrpcServerProtocolService successfully
2023-07-05 13:42:10,455 [Time-limited test] INFO  server.GrpcService (GrpcService.java:closeImpl(311)) - 57c60944-bb7c-45d4-a857-02381db20eb8: shutdown server org.apache.ratis.grpc.server.GrpcAdminProtocolService now
2023-07-05 13:42:10,459 [ForkJoinPool.commonPool-worker-0] INFO  ozoneimpl.OzoneContainer (OzoneContainer.java:stop(441)) - Attempting to stop container services.
2023-07-05 13:42:10,460 [ForkJoinPool.commonPool-worker-1] INFO  server.GrpcService (GrpcService.java:closeImpl(320)) - 2fb81e1d-6d09-4813-9c49-550bf392ffad: shutdown server org.apache.ratis.grpc.server.GrpcClientProtocolService successfully
2023-07-05 13:42:10,461 [ForkJoinPool.commonPool-worker-1] INFO  server.GrpcService (GrpcService.java:closeImpl(311)) - 2fb81e1d-6d09-4813-9c49-550bf392ffad: shutdown server GrpcServerProtocolService now
2023-07-05 13:42:10,462 [Time-limited test] INFO  server.GrpcService (GrpcService.java:closeImpl(320)) - 57c60944-bb7c-45d4-a857-02381db20eb8: shutdown server org.apache.ratis.grpc.server.GrpcAdminProtocolService successfully
2023-07-05 13:42:10,463 [ForkJoinPool.commonPool-worker-0] INFO  server.RaftServer (RaftServerProxy.java:lambda$close$6(416)) - 7fafb357-0952-493d-8025-8d38636482be: close
2023-07-05 13:42:10,462 [ForkJoinPool.commonPool-worker-1] INFO  server.GrpcService (GrpcService.java:closeImpl(320)) - 2fb81e1d-6d09-4813-9c49-550bf392ffad: shutdown server GrpcServerProtocolService successfully
2023-07-05 13:42:10,463 [57c60944-bb7c-45d4-a857-02381db20eb8-NettyServerStreamRpc-bossGroup--thread1] INFO  logging.LoggingHandler (AbstractInternalLogger.java:log(148)) - [id: 0xa7cbc918, L:/0:0:0:0:0:0:0:0:15033] CLOSE
2023-07-05 13:42:10,463 [57c60944-bb7c-45d4-a857-02381db20eb8-NettyServerStreamRpc-bossGroup--thread1] INFO  logging.LoggingHandler (AbstractInternalLogger.java:log(148)) - [id: 0xa7cbc918, L:/0:0:0:0:0:0:0:0:15033] INACTIVE
2023-07-05 13:42:10,463 [57c60944-bb7c-45d4-a857-02381db20eb8-NettyServerStreamRpc-bossGroup--thread1] INFO  logging.LoggingHandler (AbstractInternalLogger.java:log(148)) - [id: 0xa7cbc918, L:/0:0:0:0:0:0:0:0:15033] UNREGISTERED
2023-07-05 13:42:10,464 [7fafb357-0952-493d-8025-8d38636482be-impl-thread1] INFO  server.RaftServer$Division (RaftServerImpl.java:lambda$close$4(466)) - 7fafb357-0952-493d-8025-8d38636482be@group-EE8DCD07414E: shutdown
2023-07-05 13:42:10,464 [7fafb357-0952-493d-8025-8d38636482be-impl-thread1] INFO  util.JmxRegister (JmxRegister.java:unregister(73)) - Successfully un-registered JMX Bean with object name Ratis:service=RaftServer,group=group-EE8DCD07414E,id=7fafb357-0952-493d-8025-8d38636482be
2023-07-05 13:42:10,464 [7fafb357-0952-493d-8025-8d38636482be-impl-thread1] INFO  impl.RoleInfo (RoleInfo.java:shutdownLeaderState(93)) - 7fafb357-0952-493d-8025-8d38636482be: shutdown 7fafb357-0952-493d-8025-8d38636482be@group-EE8DCD07414E-LeaderStateImpl
2023-07-05 13:42:10,464 [7fafb357-0952-493d-8025-8d38636482be-impl-thread1] INFO  impl.PendingRequests (PendingRequests.java:sendNotLeaderResponses(289)) - 7fafb357-0952-493d-8025-8d38636482be@group-EE8DCD07414E-PendingRequests: sendNotLeaderResponses
2023-07-05 13:42:10,464 [7fafb357-0952-493d-8025-8d38636482be-impl-thread1] INFO  impl.StateMachineUpdater (StateMachineUpdater.java:stopAndJoin(155)) - 7fafb357-0952-493d-8025-8d38636482be@group-EE8DCD07414E-StateMachineUpdater: set stopIndex = 0
2023-07-05 13:42:10,464 [7fafb357-0952-493d-8025-8d38636482be@group-EE8DCD07414E-StateMachineUpdater] INFO  ratis.ContainerStateMachine (ContainerStateMachine.java:takeSnapshot(330)) - group-EE8DCD07414E: Taking a snapshot at:(t:1, i:0) file /home/runner/work/ozone/ozone/hadoop-ozone/integration-test/target/test-dir/MiniOzoneClusterImpl-4f26d1f9-f73a-4647-bb3a-126a945bf307/datanode-4/data/ratis/baa2e33c-67d5-4f70-af06-ee8dcd07414e/sm/snapshot.1_0
2023-07-05 13:42:10,463 [ForkJoinPool.commonPool-worker-0] INFO  server.GrpcService (GrpcService.java:closeImpl(311)) - 7fafb357-0952-493d-8025-8d38636482be: shutdown server org.apache.ratis.grpc.server.GrpcClientProtocolService now
2023-07-05 13:42:10,463 [ForkJoinPool.commonPool-worker-1] INFO  server.GrpcService (GrpcService.java:closeImpl(311)) - 2fb81e1d-6d09-4813-9c49-550bf392ffad: shutdown server org.apache.ratis.grpc.server.GrpcAdminProtocolService now
2023-07-05 13:42:10,467 [7fafb357-0952-493d-8025-8d38636482be@group-EE8DCD07414E-StateMachineUpdater] INFO  ratis.ContainerStateMachine (ContainerStateMachine.java:takeSnapshot(341)) - group-EE8DCD07414E: Finished taking a snapshot at:(t:1, i:0) file:/home/runner/work/ozone/ozone/hadoop-ozone/integration-test/target/test-dir/MiniOzoneClusterImpl-4f26d1f9-f73a-4647-bb3a-126a945bf307/datanode-4/data/ratis/baa2e33c-67d5-4f70-af06-ee8dcd07414e/sm/snapshot.1_0 took: 2 ms
2023-07-05 13:42:10,467 [7fafb357-0952-493d-8025-8d38636482be@group-EE8DCD07414E-StateMachineUpdater] INFO  impl.StateMachineUpdater (StateMachineUpdater.java:takeSnapshot(291)) - 7fafb357-0952-493d-8025-8d38636482be@group-EE8DCD07414E-StateMachineUpdater: Took a snapshot at index 0
2023-07-05 13:42:10,467 [7fafb357-0952-493d-8025-8d38636482be@group-EE8DCD07414E-StateMachineUpdater] INFO  impl.StateMachineUpdater (StateMachineUpdater.java:lambda$new$0(97)) - 7fafb357-0952-493d-8025-8d38636482be@group-EE8DCD07414E-StateMachineUpdater: snapshotIndex: updateIncreasingly -1 -> 0
2023-07-05 13:42:10,467 [ForkJoinPool.commonPool-worker-0] INFO  server.GrpcService (GrpcService.java:closeImpl(320)) - 7fafb357-0952-493d-8025-8d38636482be: shutdown server org.apache.ratis.grpc.server.GrpcClientProtocolService successfully
2023-07-05 13:42:10,467 [ForkJoinPool.commonPool-worker-0] INFO  server.GrpcService (GrpcService.java:closeImpl(311)) - 7fafb357-0952-493d-8025-8d38636482be: shutdown server GrpcServerProtocolService now
2023-07-05 13:42:10,468 [7fafb357-0952-493d-8025-8d38636482be-impl-thread1] INFO  server.RaftServer$Division (ServerState.java:close(472)) - 7fafb357-0952-493d-8025-8d38636482be@group-EE8DCD07414E: closes. applyIndex: 0
2023-07-05 13:42:10,483 [57c60944-bb7c-45d4-a857-02381db20eb8-impl-thread1] INFO  segmented.SegmentedRaftLogWorker (SegmentedRaftLogWorker.java:close(252)) - 57c60944-bb7c-45d4-a857-02381db20eb8@group-9F65EE4C7CA7-SegmentedRaftLogWorker close()
2023-07-05 13:42:10,483 [ForkJoinPool.commonPool-worker-0] INFO  server.GrpcService (GrpcService.java:closeImpl(320)) - 7fafb357-0952-493d-8025-8d38636482be: shutdown server GrpcServerProtocolService successfully
2023-07-05 13:42:10,483 [ForkJoinPool.commonPool-worker-0] INFO  server.GrpcService (GrpcService.java:closeImpl(311)) - 7fafb357-0952-493d-8025-8d38636482be: shutdown server org.apache.ratis.grpc.server.GrpcAdminProtocolService now
2023-07-05 13:42:10,487 [ForkJoinPool.commonPool-worker-1] INFO  server.GrpcService (GrpcService.java:closeImpl(320)) - 2fb81e1d-6d09-4813-9c49-550bf392ffad: shutdown server org.apache.ratis.grpc.server.GrpcAdminProtocolService successfully
2023-07-05 13:42:10,487 [2fb81e1d-6d09-4813-9c49-550bf392ffad-NettyServerStreamRpc-bossGroup--thread1] INFO  logging.LoggingHandler (AbstractInternalLogger.java:log(148)) - [id: 0x22a4fe5c, L:/0:0:0:0:0:0:0:0:15015] CLOSE
2023-07-05 13:42:10,488 [2fb81e1d-6d09-4813-9c49-550bf392ffad-NettyServerStreamRpc-bossGroup--thread1] INFO  logging.LoggingHandler (AbstractInternalLogger.java:log(148)) - [id: 0x22a4fe5c, L:/0:0:0:0:0:0:0:0:15015] INACTIVE
2023-07-05 13:42:10,488 [2fb81e1d-6d09-4813-9c49-550bf392ffad-NettyServerStreamRpc-bossGroup--thread1] INFO  logging.LoggingHandler (AbstractInternalLogger.java:log(148)) - [id: 0x22a4fe5c, L:/0:0:0:0:0:0:0:0:15015] UNREGISTERED
2023-07-05 13:42:10,496 [ForkJoinPool.commonPool-worker-0] INFO  server.GrpcService (GrpcService.java:closeImpl(320)) - 7fafb357-0952-493d-8025-8d38636482be: shutdown server org.apache.ratis.grpc.server.GrpcAdminProtocolService successfully
2023-07-05 13:42:10,496 [7fafb357-0952-493d-8025-8d38636482be-NettyServerStreamRpc-bossGroup--thread1] INFO  logging.LoggingHandler (AbstractInternalLogger.java:log(148)) - [id: 0x4906c860, L:/0:0:0:0:0:0:0:0:15051] CLOSE
2023-07-05 13:42:10,497 [7fafb357-0952-493d-8025-8d38636482be-NettyServerStreamRpc-bossGroup--thread1] INFO  logging.LoggingHandler (AbstractInternalLogger.java:log(148)) - [id: 0x4906c860, L:/0:0:0:0:0:0:0:0:15051] INACTIVE
2023-07-05 13:42:10,497 [7fafb357-0952-493d-8025-8d38636482be-NettyServerStreamRpc-bossGroup--thread1] INFO  logging.LoggingHandler (AbstractInternalLogger.java:log(148)) - [id: 0x4906c860, L:/0:0:0:0:0:0:0:0:15051] UNREGISTERED
2023-07-05 13:42:10,506 [ForkJoinPool.commonPool-worker-2] INFO  ozoneimpl.OzoneContainer (OzoneContainer.java:stop(441)) - Attempting to stop container services.
2023-07-05 13:42:10,520 [ForkJoinPool.commonPool-worker-2] INFO  server.RaftServer (RaftServerProxy.java:lambda$close$6(416)) - 5208b228-229c-45e5-8ed5-a8a29880b91d: close
2023-07-05 13:42:10,520 [ForkJoinPool.commonPool-worker-2] INFO  server.GrpcService (GrpcService.java:closeImpl(311)) - 5208b228-229c-45e5-8ed5-a8a29880b91d: shutdown server org.apache.ratis.grpc.server.GrpcClientProtocolService now
2023-07-05 13:42:10,522 [5208b228-229c-45e5-8ed5-a8a29880b91d-impl-thread1] INFO  server.RaftServer$Division (RaftServerImpl.java:lambda$close$4(466)) - 5208b228-229c-45e5-8ed5-a8a29880b91d@group-BD6D76CC83E7: shutdown
2023-07-05 13:42:10,522 [5208b228-229c-45e5-8ed5-a8a29880b91d-impl-thread1] INFO  util.JmxRegister (JmxRegister.java:unregister(73)) - Successfully un-registered JMX Bean with object name Ratis:service=RaftServer,group=group-BD6D76CC83E7,id=5208b228-229c-45e5-8ed5-a8a29880b91d
2023-07-05 13:42:10,522 [5208b228-229c-45e5-8ed5-a8a29880b91d-impl-thread1] INFO  impl.RoleInfo (RoleInfo.java:shutdownLeaderState(93)) - 5208b228-229c-45e5-8ed5-a8a29880b91d: shutdown 5208b228-229c-45e5-8ed5-a8a29880b91d@group-BD6D76CC83E7-LeaderStateImpl
2023-07-05 13:42:10,522 [5208b228-229c-45e5-8ed5-a8a29880b91d-impl-thread1] INFO  impl.PendingRequests (PendingRequests.java:sendNotLeaderResponses(289)) - 5208b228-229c-45e5-8ed5-a8a29880b91d@group-BD6D76CC83E7-PendingRequests: sendNotLeaderResponses
2023-07-05 13:42:10,523 [5208b228-229c-45e5-8ed5-a8a29880b91d-impl-thread1] INFO  impl.StateMachineUpdater (StateMachineUpdater.java:stopAndJoin(155)) - 5208b228-229c-45e5-8ed5-a8a29880b91d@group-BD6D76CC83E7-StateMachineUpdater: set stopIndex = 0
2023-07-05 13:42:10,523 [5208b228-229c-45e5-8ed5-a8a29880b91d@group-BD6D76CC83E7-StateMachineUpdater] INFO  ratis.ContainerStateMachine (ContainerStateMachine.java:takeSnapshot(330)) - group-BD6D76CC83E7: Taking a snapshot at:(t:1, i:0) file /home/runner/work/ozone/ozone/hadoop-ozone/integration-test/target/test-dir/MiniOzoneClusterImpl-4f26d1f9-f73a-4647-bb3a-126a945bf307/datanode-3/data/ratis/14bbc736-12a2-417e-9ae0-bd6d76cc83e7/sm/snapshot.1_0
2023-07-05 13:42:10,524 [5208b228-229c-45e5-8ed5-a8a29880b91d@group-BD6D76CC83E7-StateMachineUpdater] INFO  ratis.ContainerStateMachine (ContainerStateMachine.java:takeSnapshot(341)) - group-BD6D76CC83E7: Finished taking a snapshot at:(t:1, i:0) file:/home/runner/work/ozone/ozone/hadoop-ozone/integration-test/target/test-dir/MiniOzoneClusterImpl-4f26d1f9-f73a-4647-bb3a-126a945bf307/datanode-3/data/ratis/14bbc736-12a2-417e-9ae0-bd6d76cc83e7/sm/snapshot.1_0 took: 1 ms
2023-07-05 13:42:10,526 [5208b228-229c-45e5-8ed5-a8a29880b91d@group-BD6D76CC83E7-StateMachineUpdater] INFO  impl.StateMachineUpdater (StateMachineUpdater.java:takeSnapshot(291)) - 5208b228-229c-45e5-8ed5-a8a29880b91d@group-BD6D76CC83E7-StateMachineUpdater: Took a snapshot at index 0
2023-07-05 13:42:10,526 [5208b228-229c-45e5-8ed5-a8a29880b91d@group-BD6D76CC83E7-StateMachineUpdater] INFO  impl.StateMachineUpdater (StateMachineUpdater.java:lambda$new$0(97)) - 5208b228-229c-45e5-8ed5-a8a29880b91d@group-BD6D76CC83E7-StateMachineUpdater: snapshotIndex: updateIncreasingly -1 -> 0
2023-07-05 13:42:10,527 [5208b228-229c-45e5-8ed5-a8a29880b91d-impl-thread1] INFO  server.RaftServer$Division (ServerState.java:close(472)) - 5208b228-229c-45e5-8ed5-a8a29880b91d@group-BD6D76CC83E7: closes. applyIndex: 0
2023-07-05 13:42:10,527 [ForkJoinPool.commonPool-worker-2] INFO  server.GrpcService (GrpcService.java:closeImpl(320)) - 5208b228-229c-45e5-8ed5-a8a29880b91d: shutdown server org.apache.ratis.grpc.server.GrpcClientProtocolService successfully
2023-07-05 13:42:10,527 [ForkJoinPool.commonPool-worker-2] INFO  server.GrpcService (GrpcService.java:closeImpl(311)) - 5208b228-229c-45e5-8ed5-a8a29880b91d: shutdown server GrpcServerProtocolService now
2023-07-05 13:42:10,531 [ForkJoinPool.commonPool-worker-2] INFO  server.GrpcService (GrpcService.java:closeImpl(320)) - 5208b228-229c-45e5-8ed5-a8a29880b91d: shutdown server GrpcServerProtocolService successfully
2023-07-05 13:42:10,531 [ForkJoinPool.commonPool-worker-2] INFO  server.GrpcService (GrpcService.java:closeImpl(311)) - 5208b228-229c-45e5-8ed5-a8a29880b91d: shutdown server org.apache.ratis.grpc.server.GrpcAdminProtocolService now
2023-07-05 13:42:10,533 [ForkJoinPool.commonPool-worker-2] INFO  server.GrpcService (GrpcService.java:closeImpl(320)) - 5208b228-229c-45e5-8ed5-a8a29880b91d: shutdown server org.apache.ratis.grpc.server.GrpcAdminProtocolService successfully
2023-07-05 13:42:10,534 [5208b228-229c-45e5-8ed5-a8a29880b91d-NettyServerStreamRpc-bossGroup--thread1] INFO  logging.LoggingHandler (AbstractInternalLogger.java:log(148)) - [id: 0x7689c44c, L:/0:0:0:0:0:0:0:0:15042] CLOSE
2023-07-05 13:42:10,534 [5208b228-229c-45e5-8ed5-a8a29880b91d-NettyServerStreamRpc-bossGroup--thread1] INFO  logging.LoggingHandler (AbstractInternalLogger.java:log(148)) - [id: 0x7689c44c, L:/0:0:0:0:0:0:0:0:15042] INACTIVE
2023-07-05 13:42:10,534 [5208b228-229c-45e5-8ed5-a8a29880b91d-NettyServerStreamRpc-bossGroup--thread1] INFO  logging.LoggingHandler (AbstractInternalLogger.java:log(148)) - [id: 0x7689c44c, L:/0:0:0:0:0:0:0:0:15042] UNREGISTERED
2023-07-05 13:42:10,546 [JvmPauseMonitor4] INFO  util.JvmPauseMonitor (JvmPauseMonitor.java:run(109)) - JvmPauseMonitor-57c60944-bb7c-45d4-a857-02381db20eb8: Stopped
2023-07-05 13:42:10,693 [ReplicationMonitor] INFO  replication.ReplicationManager (ReplicationManager.java:processAll(389)) - Replication Monitor Thread took 1 milliseconds for processing 1 containers.
2023-07-05 13:42:10,827 [7fafb357-0952-493d-8025-8d38636482be-impl-thread1] INFO  segmented.SegmentedRaftLogWorker (SegmentedRaftLogWorker.java:close(252)) - 7fafb357-0952-493d-8025-8d38636482be@group-EE8DCD07414E-SegmentedRaftLogWorker close()
2023-07-05 13:42:10,829 [JvmPauseMonitor6] INFO  util.JvmPauseMonitor (JvmPauseMonitor.java:run(109)) - JvmPauseMonitor-7fafb357-0952-493d-8025-8d38636482be: Stopped
2023-07-05 13:42:11,399 [2fb81e1d-6d09-4813-9c49-550bf392ffad-impl-thread1] INFO  segmented.SegmentedRaftLogWorker (SegmentedRaftLogWorker.java:close(252)) - 2fb81e1d-6d09-4813-9c49-550bf392ffad@group-9644117CACC1-SegmentedRaftLogWorker close()
2023-07-05 13:42:11,401 [JvmPauseMonitor2] INFO  util.JvmPauseMonitor (JvmPauseMonitor.java:run(109)) - JvmPauseMonitor-2fb81e1d-6d09-4813-9c49-550bf392ffad: Stopped
2023-07-05 13:42:11,514 [5208b228-229c-45e5-8ed5-a8a29880b91d-impl-thread1] INFO  segmented.SegmentedRaftLogWorker (SegmentedRaftLogWorker.java:close(252)) - 5208b228-229c-45e5-8ed5-a8a29880b91d@group-BD6D76CC83E7-SegmentedRaftLogWorker close()
2023-07-05 13:42:11,515 [JvmPauseMonitor5] INFO  util.JvmPauseMonitor (JvmPauseMonitor.java:run(109)) - JvmPauseMonitor-5208b228-229c-45e5-8ed5-a8a29880b91d: Stopped
2023-07-05 13:42:11,694 [ReplicationMonitor] INFO  replication.ReplicationManager (ReplicationManager.java:processAll(389)) - Replication Monitor Thread took 1 milliseconds for processing 1 containers.
2023-07-05 13:42:12,538 [EventQueue-StaleNodeForStaleNodeHandler] INFO  node.StaleNodeHandler (StaleNodeHandler.java:onMessage(58)) - Datanode 5208b228-229c-45e5-8ed5-a8a29880b91d(fv-az264-29.ca02foy5wcnuvlrvrz2wi3p2og.dx.internal.cloudapp.net/10.1.0.13) moved to stale state. Finalizing its pipelines [PipelineID=14bbc736-12a2-417e-9ae0-bd6d76cc83e7]
2023-07-05 13:42:12,539 [EventQueue-StaleNodeForStaleNodeHandler] INFO  pipeline.PipelineManagerImpl (PipelineManagerImpl.java:closePipeline(510)) - Pipeline Pipeline[ Id: 14bbc736-12a2-417e-9ae0-bd6d76cc83e7, Nodes: 5208b228-229c-45e5-8ed5-a8a29880b91d(fv-az264-29.ca02foy5wcnuvlrvrz2wi3p2og.dx.internal.cloudapp.net/10.1.0.13), ReplicationConfig: RATIS/ONE, State:OPEN, leaderId:5208b228-229c-45e5-8ed5-a8a29880b91d, CreationTimestamp2023-07-05T13:41:46.286Z[Etc/UTC]] moved to CLOSED state
2023-07-05 13:42:12,549 [Time-limited test] INFO  utils.DatanodeStoreCache (DatanodeStoreCache.java:shutdownCache(110)) - Skip clearing cache in mini cluster mode. Entries left: [/home/runner/work/ozone/ozone/hadoop-ozone/integration-test/target/test-dir/MiniOzoneClusterImpl-4f26d1f9-f73a-4647-bb3a-126a945bf307/datanode-0/data-0/containers/hdds/4f26d1f9-f73a-4647-bb3a-126a945bf307/DS-9423b8ae-6be4-49b5-bad8-99d79a32784d/container.db, /home/runner/work/ozone/ozone/hadoop-ozone/integration-test/target/test-dir/MiniOzoneClusterImpl-4f26d1f9-f73a-4647-bb3a-126a945bf307/datanode-2/data-0/containers/hdds/4f26d1f9-f73a-4647-bb3a-126a945bf307/DS-88aab22c-7bdb-44e6-b345-d7880d087199/container.db, /home/runner/work/ozone/ozone/hadoop-ozone/integration-test/target/test-dir/MiniOzoneClusterImpl-4f26d1f9-f73a-4647-bb3a-126a945bf307/datanode-3/data-0/containers/hdds/4f26d1f9-f73a-4647-bb3a-126a945bf307/DS-f06e0b13-fb74-49b0-8fc0-53573d6b30a5/container.db, /home/runner/work/ozone/ozone/hadoop-ozone/integration-test/target/test-dir/MiniOzoneClusterImpl-4f26d1f9-f73a-4647-bb3a-126a945bf307/datanode-4/data-0/containers/hdds/4f26d1f9-f73a-4647-bb3a-126a945bf307/DS-80fd0042-beb9-439f-8d90-5a59a754e442/container.db]
2023-07-05 13:42:12,552 [Time-limited test] INFO  utils.DatanodeStoreCache (DatanodeStoreCache.java:removeDB(104)) - Removed db /home/runner/work/ozone/ozone/hadoop-ozone/integration-test/target/test-dir/MiniOzoneClusterImpl-4f26d1f9-f73a-4647-bb3a-126a945bf307/datanode-2/data-0/containers/hdds/4f26d1f9-f73a-4647-bb3a-126a945bf307/DS-88aab22c-7bdb-44e6-b345-d7880d087199/container.db from cache
2023-07-05 13:42:12,552 [Time-limited test] INFO  volume.HddsVolume (HddsVolume.java:closeDbStore(509)) - SchemaV3 db is stopped at /home/runner/work/ozone/ozone/hadoop-ozone/integration-test/target/test-dir/MiniOzoneClusterImpl-4f26d1f9-f73a-4647-bb3a-126a945bf307/datanode-2/data-0/containers/hdds/4f26d1f9-f73a-4647-bb3a-126a945bf307/DS-88aab22c-7bdb-44e6-b345-d7880d087199/container.db for volume DS-88aab22c-7bdb-44e6-b345-d7880d087199
2023-07-05 13:42:12,552 [Time-limited test] INFO  utils.BackgroundService (BackgroundService.java:shutdown(141)) - Shutting down service BlockDeletingService
2023-07-05 13:42:12,552 [Time-limited test] INFO  utils.BackgroundService (BackgroundService.java:shutdown(141)) - Shutting down service StaleRecoveringContainerScrubbingService
2023-07-05 13:42:12,553 [Time-limited test] INFO  statemachine.DatanodeStateMachine (DatanodeStateMachine.java:stopDaemon(613)) - Ozone container server stopped.
2023-07-05 13:42:12,563 [Time-limited test] INFO  handler.ContextHandler (ContextHandler.java:doStop(1159)) - Stopped o.e.j.w.WebAppContext@213656b5{hddsDatanode,/,null,STOPPED}{jar:file:/home/runner/.m2/repository/org/apache/ozone/hdds-container-service/1.4.0-SNAPSHOT/hdds-container-service-1.4.0-SNAPSHOT.jar!/webapps/hddsDatanode}
2023-07-05 13:42:12,565 [Time-limited test] INFO  server.AbstractConnector (AbstractConnector.java:doStop(383)) - Stopped ServerConnector@3dc744e5{HTTP/1.1, (http/1.1)}{0.0.0.0:15027}
2023-07-05 13:42:12,565 [Time-limited test] INFO  server.session (HouseKeeper.java:stopScavenging(149)) - node0 Stopped scavenging
2023-07-05 13:42:12,565 [Time-limited test] INFO  handler.ContextHandler (ContextHandler.java:doStop(1159)) - Stopped o.e.j.s.ServletContextHandler@541355dd{static,/static,jar:file:/home/runner/.m2/repository/org/apache/ozone/hdds-container-service/1.4.0-SNAPSHOT/hdds-container-service-1.4.0-SNAPSHOT.jar!/webapps/static,STOPPED}
2023-07-05 13:42:12,566 [Time-limited test] INFO  handler.ContextHandler (ContextHandler.java:doStop(1159)) - Stopped o.e.j.s.ServletContextHandler@6e4ab96b{logs,/logs,file:///home/runner/work/ozone/ozone/hadoop-ozone/integration-test/target/log,STOPPED}
2023-07-05 13:42:12,566 [Time-limited test] INFO  ozone.HddsDatanodeClientProtocolServer (HddsDatanodeClientProtocolServer.java:stop(78)) - Stopping the RPC server for Client Protocol
2023-07-05 13:42:12,567 [Time-limited test] INFO  ipc.Server (Server.java:stop(3523)) - Stopping server on 15028
2023-07-05 13:42:12,567 [IPC Server listener on 15028] INFO  ipc.Server (Server.java:run(1434)) - Stopping IPC Server listener on 15028
2023-07-05 13:42:12,568 [IPC Server Responder] INFO  ipc.Server (Server.java:run(1567)) - Stopping IPC Server Responder
2023-07-05 13:42:12,695 [ReplicationMonitor] INFO  replication.ReplicationManager (ReplicationManager.java:processAll(389)) - Replication Monitor Thread took 1 milliseconds for processing 1 containers.
2023-07-05 13:42:12,739 [EventQueue-StaleNodeForStaleNodeHandler] INFO  node.StaleNodeHandler (StaleNodeHandler.java:onMessage(58)) - Datanode 2fb81e1d-6d09-4813-9c49-550bf392ffad(fv-az264-29.ca02foy5wcnuvlrvrz2wi3p2og.dx.internal.cloudapp.net/10.1.0.13) moved to stale state. Finalizing its pipelines [PipelineID=a31c783e-1d08-4021-989c-9644117cacc1]
2023-07-05 13:42:12,740 [EventQueue-StaleNodeForStaleNodeHandler] INFO  pipeline.PipelineManagerImpl (PipelineManagerImpl.java:closePipeline(510)) - Pipeline Pipeline[ Id: a31c783e-1d08-4021-989c-9644117cacc1, Nodes: 2fb81e1d-6d09-4813-9c49-550bf392ffad(fv-az264-29.ca02foy5wcnuvlrvrz2wi3p2og.dx.internal.cloudapp.net/10.1.0.13), ReplicationConfig: RATIS/ONE, State:OPEN, leaderId:2fb81e1d-6d09-4813-9c49-550bf392ffad, CreationTimestamp2023-07-05T13:41:45.025Z[Etc/UTC]] moved to CLOSED state
2023-07-05 13:42:12,832 [ForkJoinPool.commonPool-worker-0] INFO  utils.DatanodeStoreCache (DatanodeStoreCache.java:shutdownCache(110)) - Skip clearing cache in mini cluster mode. Entries left: [/home/runner/work/ozone/ozone/hadoop-ozone/integration-test/target/test-dir/MiniOzoneClusterImpl-4f26d1f9-f73a-4647-bb3a-126a945bf307/datanode-0/data-0/containers/hdds/4f26d1f9-f73a-4647-bb3a-126a945bf307/DS-9423b8ae-6be4-49b5-bad8-99d79a32784d/container.db, /home/runner/work/ozone/ozone/hadoop-ozone/integration-test/target/test-dir/MiniOzoneClusterImpl-4f26d1f9-f73a-4647-bb3a-126a945bf307/datanode-3/data-0/containers/hdds/4f26d1f9-f73a-4647-bb3a-126a945bf307/DS-f06e0b13-fb74-49b0-8fc0-53573d6b30a5/container.db, /home/runner/work/ozone/ozone/hadoop-ozone/integration-test/target/test-dir/MiniOzoneClusterImpl-4f26d1f9-f73a-4647-bb3a-126a945bf307/datanode-4/data-0/containers/hdds/4f26d1f9-f73a-4647-bb3a-126a945bf307/DS-80fd0042-beb9-439f-8d90-5a59a754e442/container.db]
2023-07-05 13:42:12,836 [ForkJoinPool.commonPool-worker-0] INFO  utils.DatanodeStoreCache (DatanodeStoreCache.java:removeDB(104)) - Removed db /home/runner/work/ozone/ozone/hadoop-ozone/integration-test/target/test-dir/MiniOzoneClusterImpl-4f26d1f9-f73a-4647-bb3a-126a945bf307/datanode-4/data-0/containers/hdds/4f26d1f9-f73a-4647-bb3a-126a945bf307/DS-80fd0042-beb9-439f-8d90-5a59a754e442/container.db from cache
2023-07-05 13:42:12,836 [ForkJoinPool.commonPool-worker-0] INFO  volume.HddsVolume (HddsVolume.java:closeDbStore(509)) - SchemaV3 db is stopped at /home/runner/work/ozone/ozone/hadoop-ozone/integration-test/target/test-dir/MiniOzoneClusterImpl-4f26d1f9-f73a-4647-bb3a-126a945bf307/datanode-4/data-0/containers/hdds/4f26d1f9-f73a-4647-bb3a-126a945bf307/DS-80fd0042-beb9-439f-8d90-5a59a754e442/container.db for volume DS-80fd0042-beb9-439f-8d90-5a59a754e442
2023-07-05 13:42:12,836 [ForkJoinPool.commonPool-worker-0] INFO  utils.BackgroundService (BackgroundService.java:shutdown(141)) - Shutting down service BlockDeletingService
2023-07-05 13:42:12,837 [ForkJoinPool.commonPool-worker-0] INFO  utils.BackgroundService (BackgroundService.java:shutdown(141)) - Shutting down service StaleRecoveringContainerScrubbingService
2023-07-05 13:42:12,838 [ForkJoinPool.commonPool-worker-0] INFO  statemachine.DatanodeStateMachine (DatanodeStateMachine.java:stopDaemon(613)) - Ozone container server stopped.
2023-07-05 13:42:12,839 [EventQueue-StaleNodeForStaleNodeHandler] INFO  node.StaleNodeHandler (StaleNodeHandler.java:onMessage(58)) - Datanode 7fafb357-0952-493d-8025-8d38636482be(fv-az264-29.ca02foy5wcnuvlrvrz2wi3p2og.dx.internal.cloudapp.net/10.1.0.13) moved to stale state. Finalizing its pipelines [PipelineID=baa2e33c-67d5-4f70-af06-ee8dcd07414e]
2023-07-05 13:42:12,840 [EventQueue-StaleNodeForStaleNodeHandler] INFO  pipeline.PipelineManagerImpl (PipelineManagerImpl.java:closePipeline(510)) - Pipeline Pipeline[ Id: baa2e33c-67d5-4f70-af06-ee8dcd07414e, Nodes: 7fafb357-0952-493d-8025-8d38636482be(fv-az264-29.ca02foy5wcnuvlrvrz2wi3p2og.dx.internal.cloudapp.net/10.1.0.13), ReplicationConfig: RATIS/ONE, State:OPEN, leaderId:7fafb357-0952-493d-8025-8d38636482be, CreationTimestamp2023-07-05T13:41:46.645Z[Etc/UTC]] moved to CLOSED state
2023-07-05 13:42:12,852 [ForkJoinPool.commonPool-worker-0] INFO  handler.ContextHandler (ContextHandler.java:doStop(1159)) - Stopped o.e.j.w.WebAppContext@7d65b05d{hddsDatanode,/,null,STOPPED}{jar:file:/home/runner/.m2/repository/org/apache/ozone/hdds-container-service/1.4.0-SNAPSHOT/hdds-container-service-1.4.0-SNAPSHOT.jar!/webapps/hddsDatanode}
2023-07-05 13:42:12,853 [ForkJoinPool.commonPool-worker-0] INFO  server.AbstractConnector (AbstractConnector.java:doStop(383)) - Stopped ServerConnector@7160de83{HTTP/1.1, (http/1.1)}{0.0.0.0:15045}
2023-07-05 13:42:12,853 [ForkJoinPool.commonPool-worker-0] INFO  server.session (HouseKeeper.java:stopScavenging(149)) - node0 Stopped scavenging
2023-07-05 13:42:12,856 [ForkJoinPool.commonPool-worker-0] INFO  handler.ContextHandler (ContextHandler.java:doStop(1159)) - Stopped o.e.j.s.ServletContextHandler@59055ce4{static,/static,jar:file:/home/runner/.m2/repository/org/apache/ozone/hdds-container-service/1.4.0-SNAPSHOT/hdds-container-service-1.4.0-SNAPSHOT.jar!/webapps/static,STOPPED}
2023-07-05 13:42:12,856 [ForkJoinPool.commonPool-worker-0] INFO  handler.ContextHandler (ContextHandler.java:doStop(1159)) - Stopped o.e.j.s.ServletContextHandler@2a7bd52b{logs,/logs,file:///home/runner/work/ozone/ozone/hadoop-ozone/integration-test/target/log,STOPPED}
2023-07-05 13:42:12,857 [ForkJoinPool.commonPool-worker-0] INFO  ozone.HddsDatanodeClientProtocolServer (HddsDatanodeClientProtocolServer.java:stop(78)) - Stopping the RPC server for Client Protocol
2023-07-05 13:42:12,859 [ForkJoinPool.commonPool-worker-0] INFO  ipc.Server (Server.java:stop(3523)) - Stopping server on 15046
2023-07-05 13:42:12,859 [IPC Server listener on 15046] INFO  ipc.Server (Server.java:run(1434)) - Stopping IPC Server listener on 15046
2023-07-05 13:42:12,861 [IPC Server Responder] INFO  ipc.Server (Server.java:run(1567)) - Stopping IPC Server Responder
2023-07-05 13:42:13,340 [EventQueue-StaleNodeForStaleNodeHandler] INFO  node.StaleNodeHandler (StaleNodeHandler.java:onMessage(58)) - Datanode 57c60944-bb7c-45d4-a857-02381db20eb8(fv-az264-29.ca02foy5wcnuvlrvrz2wi3p2og.dx.internal.cloudapp.net/10.1.0.13) moved to stale state. Finalizing its pipelines [PipelineID=184f01e4-af05-4b59-9c33-9f65ee4c7ca7]
2023-07-05 13:42:13,341 [EventQueue-StaleNodeForStaleNodeHandler] INFO  pipeline.PipelineManagerImpl (PipelineManagerImpl.java:closePipeline(510)) - Pipeline Pipeline[ Id: 184f01e4-af05-4b59-9c33-9f65ee4c7ca7, Nodes: 57c60944-bb7c-45d4-a857-02381db20eb8(fv-az264-29.ca02foy5wcnuvlrvrz2wi3p2og.dx.internal.cloudapp.net/10.1.0.13), ReplicationConfig: RATIS/ONE, State:OPEN, leaderId:57c60944-bb7c-45d4-a857-02381db20eb8, CreationTimestamp2023-07-05T13:41:45.911Z[Etc/UTC]] moved to CLOSED state
2023-07-05 13:42:13,405 [ForkJoinPool.commonPool-worker-1] INFO  utils.DatanodeStoreCache (DatanodeStoreCache.java:shutdownCache(110)) - Skip clearing cache in mini cluster mode. Entries left: [/home/runner/work/ozone/ozone/hadoop-ozone/integration-test/target/test-dir/MiniOzoneClusterImpl-4f26d1f9-f73a-4647-bb3a-126a945bf307/datanode-0/data-0/containers/hdds/4f26d1f9-f73a-4647-bb3a-126a945bf307/DS-9423b8ae-6be4-49b5-bad8-99d79a32784d/container.db, /home/runner/work/ozone/ozone/hadoop-ozone/integration-test/target/test-dir/MiniOzoneClusterImpl-4f26d1f9-f73a-4647-bb3a-126a945bf307/datanode-3/data-0/containers/hdds/4f26d1f9-f73a-4647-bb3a-126a945bf307/DS-f06e0b13-fb74-49b0-8fc0-53573d6b30a5/container.db]
2023-07-05 13:42:13,408 [ForkJoinPool.commonPool-worker-1] INFO  utils.DatanodeStoreCache (DatanodeStoreCache.java:removeDB(104)) - Removed db /home/runner/work/ozone/ozone/hadoop-ozone/integration-test/target/test-dir/MiniOzoneClusterImpl-4f26d1f9-f73a-4647-bb3a-126a945bf307/datanode-0/data-0/containers/hdds/4f26d1f9-f73a-4647-bb3a-126a945bf307/DS-9423b8ae-6be4-49b5-bad8-99d79a32784d/container.db from cache
2023-07-05 13:42:13,408 [ForkJoinPool.commonPool-worker-1] INFO  volume.HddsVolume (HddsVolume.java:closeDbStore(509)) - SchemaV3 db is stopped at /home/runner/work/ozone/ozone/hadoop-ozone/integration-test/target/test-dir/MiniOzoneClusterImpl-4f26d1f9-f73a-4647-bb3a-126a945bf307/datanode-0/data-0/containers/hdds/4f26d1f9-f73a-4647-bb3a-126a945bf307/DS-9423b8ae-6be4-49b5-bad8-99d79a32784d/container.db for volume DS-9423b8ae-6be4-49b5-bad8-99d79a32784d
2023-07-05 13:42:13,408 [ForkJoinPool.commonPool-worker-1] INFO  utils.BackgroundService (BackgroundService.java:shutdown(141)) - Shutting down service BlockDeletingService
2023-07-05 13:42:13,409 [ForkJoinPool.commonPool-worker-1] INFO  utils.BackgroundService (BackgroundService.java:shutdown(141)) - Shutting down service StaleRecoveringContainerScrubbingService
2023-07-05 13:42:13,409 [ForkJoinPool.commonPool-worker-1] INFO  statemachine.DatanodeStateMachine (DatanodeStateMachine.java:stopDaemon(613)) - Ozone container server stopped.
2023-07-05 13:42:13,422 [ForkJoinPool.commonPool-worker-1] INFO  handler.ContextHandler (ContextHandler.java:doStop(1159)) - Stopped o.e.j.w.WebAppContext@7b48c6a3{hddsDatanode,/,null,STOPPED}{jar:file:/home/runner/.m2/repository/org/apache/ozone/hdds-container-service/1.4.0-SNAPSHOT/hdds-container-service-1.4.0-SNAPSHOT.jar!/webapps/hddsDatanode}
2023-07-05 13:42:13,423 [ForkJoinPool.commonPool-worker-1] INFO  server.AbstractConnector (AbstractConnector.java:doStop(383)) - Stopped ServerConnector@158d2eb3{HTTP/1.1, (http/1.1)}{0.0.0.0:15009}
2023-07-05 13:42:13,423 [ForkJoinPool.commonPool-worker-1] INFO  server.session (HouseKeeper.java:stopScavenging(149)) - node0 Stopped scavenging
2023-07-05 13:42:13,423 [ForkJoinPool.commonPool-worker-1] INFO  handler.ContextHandler (ContextHandler.java:doStop(1159)) - Stopped o.e.j.s.ServletContextHandler@616e6c08{static,/static,jar:file:/home/runner/.m2/repository/org/apache/ozone/hdds-container-service/1.4.0-SNAPSHOT/hdds-container-service-1.4.0-SNAPSHOT.jar!/webapps/static,STOPPED}
2023-07-05 13:42:13,424 [ForkJoinPool.commonPool-worker-1] INFO  handler.ContextHandler (ContextHandler.java:doStop(1159)) - Stopped o.e.j.s.ServletContextHandler@4f716a6e{logs,/logs,file:///home/runner/work/ozone/ozone/hadoop-ozone/integration-test/target/log,STOPPED}
2023-07-05 13:42:13,424 [ForkJoinPool.commonPool-worker-1] INFO  ozone.HddsDatanodeClientProtocolServer (HddsDatanodeClientProtocolServer.java:stop(78)) - Stopping the RPC server for Client Protocol
2023-07-05 13:42:13,425 [ForkJoinPool.commonPool-worker-1] INFO  ipc.Server (Server.java:stop(3523)) - Stopping server on 15010
2023-07-05 13:42:13,425 [IPC Server listener on 15010] INFO  ipc.Server (Server.java:run(1434)) - Stopping IPC Server listener on 15010
2023-07-05 13:42:13,426 [IPC Server Responder] INFO  ipc.Server (Server.java:run(1567)) - Stopping IPC Server Responder
2023-07-05 13:42:13,519 [ForkJoinPool.commonPool-worker-2] INFO  utils.DatanodeStoreCache (DatanodeStoreCache.java:shutdownCache(110)) - Skip clearing cache in mini cluster mode. Entries left: [/home/runner/work/ozone/ozone/hadoop-ozone/integration-test/target/test-dir/MiniOzoneClusterImpl-4f26d1f9-f73a-4647-bb3a-126a945bf307/datanode-3/data-0/containers/hdds/4f26d1f9-f73a-4647-bb3a-126a945bf307/DS-f06e0b13-fb74-49b0-8fc0-53573d6b30a5/container.db]
2023-07-05 13:42:13,522 [ForkJoinPool.commonPool-worker-2] INFO  utils.DatanodeStoreCache (DatanodeStoreCache.java:removeDB(104)) - Removed db /home/runner/work/ozone/ozone/hadoop-ozone/integration-test/target/test-dir/MiniOzoneClusterImpl-4f26d1f9-f73a-4647-bb3a-126a945bf307/datanode-3/data-0/containers/hdds/4f26d1f9-f73a-4647-bb3a-126a945bf307/DS-f06e0b13-fb74-49b0-8fc0-53573d6b30a5/container.db from cache
2023-07-05 13:42:13,522 [ForkJoinPool.commonPool-worker-2] INFO  volume.HddsVolume (HddsVolume.java:closeDbStore(509)) - SchemaV3 db is stopped at /home/runner/work/ozone/ozone/hadoop-ozone/integration-test/target/test-dir/MiniOzoneClusterImpl-4f26d1f9-f73a-4647-bb3a-126a945bf307/datanode-3/data-0/containers/hdds/4f26d1f9-f73a-4647-bb3a-126a945bf307/DS-f06e0b13-fb74-49b0-8fc0-53573d6b30a5/container.db for volume DS-f06e0b13-fb74-49b0-8fc0-53573d6b30a5
2023-07-05 13:42:13,523 [ForkJoinPool.commonPool-worker-2] INFO  utils.BackgroundService (BackgroundService.java:shutdown(141)) - Shutting down service BlockDeletingService
2023-07-05 13:42:13,523 [ForkJoinPool.commonPool-worker-2] INFO  utils.BackgroundService (BackgroundService.java:shutdown(141)) - Shutting down service StaleRecoveringContainerScrubbingService
2023-07-05 13:42:13,525 [ForkJoinPool.commonPool-worker-2] INFO  statemachine.DatanodeStateMachine (DatanodeStateMachine.java:stopDaemon(613)) - Ozone container server stopped.
2023-07-05 13:42:13,537 [ForkJoinPool.commonPool-worker-2] INFO  handler.ContextHandler (ContextHandler.java:doStop(1159)) - Stopped o.e.j.w.WebAppContext@1b2f4ec3{hddsDatanode,/,null,STOPPED}{jar:file:/home/runner/.m2/repository/org/apache/ozone/hdds-container-service/1.4.0-SNAPSHOT/hdds-container-service-1.4.0-SNAPSHOT.jar!/webapps/hddsDatanode}
2023-07-05 13:42:13,538 [ForkJoinPool.commonPool-worker-2] INFO  server.AbstractConnector (AbstractConnector.java:doStop(383)) - Stopped ServerConnector@6f03fc01{HTTP/1.1, (http/1.1)}{0.0.0.0:15036}
2023-07-05 13:42:13,538 [ForkJoinPool.commonPool-worker-2] INFO  server.session (HouseKeeper.java:stopScavenging(149)) - node0 Stopped scavenging
2023-07-05 13:42:13,539 [ForkJoinPool.commonPool-worker-2] INFO  handler.ContextHandler (ContextHandler.java:doStop(1159)) - Stopped o.e.j.s.ServletContextHandler@5d2b7fb8{static,/static,jar:file:/home/runner/.m2/repository/org/apache/ozone/hdds-container-service/1.4.0-SNAPSHOT/hdds-container-service-1.4.0-SNAPSHOT.jar!/webapps/static,STOPPED}
2023-07-05 13:42:13,540 [ForkJoinPool.commonPool-worker-2] INFO  handler.ContextHandler (ContextHandler.java:doStop(1159)) - Stopped o.e.j.s.ServletContextHandler@6bb5dbc1{logs,/logs,file:///home/runner/work/ozone/ozone/hadoop-ozone/integration-test/target/log,STOPPED}
2023-07-05 13:42:13,541 [ForkJoinPool.commonPool-worker-2] INFO  ozone.HddsDatanodeClientProtocolServer (HddsDatanodeClientProtocolServer.java:stop(78)) - Stopping the RPC server for Client Protocol
2023-07-05 13:42:13,541 [ForkJoinPool.commonPool-worker-2] INFO  ipc.Server (Server.java:stop(3523)) - Stopping server on 15037
2023-07-05 13:42:13,542 [IPC Server listener on 15037] INFO  ipc.Server (Server.java:run(1434)) - Stopping IPC Server listener on 15037
2023-07-05 13:42:13,542 [IPC Server Responder] INFO  ipc.Server (Server.java:run(1567)) - Stopping IPC Server Responder
2023-07-05 13:42:13,545 [Time-limited test] INFO  ozone.MiniOzoneClusterImpl (MiniOzoneClusterImpl.java:stopSCM(543)) - Stopping the StorageContainerManager
2023-07-05 13:42:13,545 [Time-limited test] INFO  server.StorageContainerManager (StorageContainerManager.java:stop(1590)) - Container Balancer is not running.
2023-07-05 13:42:13,546 [Time-limited test] INFO  server.StorageContainerManager (StorageContainerManager.java:stopReplicationManager(1723)) - Stopping Replication Manager Service.
2023-07-05 13:42:13,546 [Time-limited test] INFO  replication.ReplicationManager (ReplicationManager.java:stop(319)) - Stopping Replication Monitor Thread.
2023-07-05 13:42:13,546 [Time-limited test] INFO  server.StorageContainerManager (StorageContainerManager.java:stop(1599)) - Stopping the Datanode Admin Monitor.
2023-07-05 13:42:13,546 [Under Replicated Processor] WARN  replication.UnhealthyReplicationProcessor (UnhealthyReplicationProcessor.java:run(180)) - Under Replicated Processor interrupted. Exiting...
2023-07-05 13:42:13,546 [Time-limited test] INFO  server.StorageContainerManager (StorageContainerManager.java:stop(1606)) - Stopping datanode service RPC server
2023-07-05 13:42:13,546 [Time-limited test] INFO  server.SCMDatanodeProtocolServer (SCMDatanodeProtocolServer.java:stop(424)) - Stopping the RPC server for DataNodes
2023-07-05 13:42:13,546 [Time-limited test] INFO  ipc.Server (Server.java:stop(3523)) - Stopping server on 15002
2023-07-05 13:42:13,546 [ReplicationMonitor] INFO  replication.ReplicationManager (ReplicationManager.java:run(917)) - Replication Monitor Thread is stopped
2023-07-05 13:42:13,546 [Over Replicated Processor] WARN  replication.UnhealthyReplicationProcessor (UnhealthyReplicationProcessor.java:run(180)) - Over Replicated Processor interrupted. Exiting...
2023-07-05 13:42:13,551 [IPC Server Responder] INFO  ipc.Server (Server.java:run(1567)) - Stopping IPC Server Responder
2023-07-05 13:42:13,551 [IPC Server listener on 15002] INFO  ipc.Server (Server.java:run(1434)) - Stopping IPC Server listener on 15002
2023-07-05 13:42:13,640 [SCM Heartbeat Processing Thread - 0] WARN  node.NodeStateManager (NodeStateManager.java:scheduleNextHealthCheck(874)) - Current Thread is interrupted, shutting down HB processing thread for Node Manager.
2023-07-05 13:42:13,641 [Time-limited test] INFO  server.StorageContainerManager (StorageContainerManager.java:stop(1614)) - Stopping block service RPC server
2023-07-05 13:42:13,641 [Time-limited test] INFO  server.SCMBlockProtocolServer (SCMBlockProtocolServer.java:stop(161)) - Stopping the RPC server for Block Protocol
2023-07-05 13:42:13,641 [Time-limited test] INFO  ipc.Server (Server.java:stop(3523)) - Stopping server on 15001
2023-07-05 13:42:13,645 [IPC Server listener on 15001] INFO  ipc.Server (Server.java:run(1434)) - Stopping IPC Server listener on 15001
2023-07-05 13:42:13,645 [IPC Server Responder] INFO  ipc.Server (Server.java:run(1567)) - Stopping IPC Server Responder
2023-07-05 13:42:13,646 [Time-limited test] INFO  server.StorageContainerManager (StorageContainerManager.java:stop(1621)) - Stopping the StorageContainerLocationProtocol RPC server
2023-07-05 13:42:13,646 [Time-limited test] INFO  server.SCMClientProtocolServer (SCMClientProtocolServer.java:stop(209)) - Stopping the RPC server for Client Protocol
2023-07-05 13:42:13,646 [Time-limited test] INFO  ipc.Server (Server.java:stop(3523)) - Stopping server on 15000
2023-07-05 13:42:13,648 [IPC Server listener on 15000] INFO  ipc.Server (Server.java:run(1434)) - Stopping IPC Server listener on 15000
2023-07-05 13:42:13,648 [IPC Server Responder] INFO  ipc.Server (Server.java:run(1567)) - Stopping IPC Server Responder
2023-07-05 13:42:13,649 [Time-limited test] INFO  server.StorageContainerManager (StorageContainerManager.java:stop(1628)) - Stopping Storage Container Manager HTTP server.
2023-07-05 13:42:13,650 [Time-limited test] INFO  handler.ContextHandler (ContextHandler.java:doStop(1159)) - Stopped o.e.j.w.WebAppContext@6350268a{scm,/,null,STOPPED}{file:/home/runner/work/ozone/ozone/hadoop-ozone/integration-test/target/test-classes/webapps/scm}
2023-07-05 13:42:13,650 [Time-limited test] INFO  server.AbstractConnector (AbstractConnector.java:doStop(383)) - Stopped ServerConnector@78519781{HTTP/1.1, (http/1.1)}{0.0.0.0:15003}
2023-07-05 13:42:13,650 [Time-limited test] INFO  server.session (HouseKeeper.java:stopScavenging(149)) - node0 Stopped scavenging
2023-07-05 13:42:13,650 [Time-limited test] INFO  handler.ContextHandler (ContextHandler.java:doStop(1159)) - Stopped o.e.j.s.ServletContextHandler@57dfd675{static,/static,file:///home/runner/work/ozone/ozone/hadoop-ozone/integration-test/target/test-classes/webapps/static,STOPPED}
2023-07-05 13:42:13,651 [Time-limited test] INFO  handler.ContextHandler (ContextHandler.java:doStop(1159)) - Stopped o.e.j.s.ServletContextHandler@57e1c0d8{logs,/logs,file:///home/runner/work/ozone/ozone/hadoop-ozone/integration-test/target/log,STOPPED}
2023-07-05 13:42:13,652 [Time-limited test] INFO  server.StorageContainerManager (StorageContainerManager.java:stop(1636)) - Stopping SCM LayoutVersionManager Service.
2023-07-05 13:42:13,652 [Time-limited test] INFO  server.StorageContainerManager (StorageContainerManager.java:stop(1648)) - Stopping Block Manager Service.
2023-07-05 13:42:13,652 [Time-limited test] INFO  utils.BackgroundService (BackgroundService.java:shutdown(141)) - Shutting down service SCMBlockDeletingService
2023-07-05 13:42:13,652 [Time-limited test] INFO  utils.BackgroundService (BackgroundService.java:shutdown(141)) - Shutting down service SCMBlockDeletingService
2023-07-05 13:42:13,652 [Time-limited test] INFO  server.StorageContainerManager (StorageContainerManager.java:stop(1668)) - Stopping SCM Event Queue.
2023-07-05 13:42:13,655 [JvmPauseMonitor0] INFO  util.JvmPauseMonitor (JvmPauseMonitor.java:run(109)) - JvmPauseMonitor-d96c8806-c437-45da-990e-07e985902aa8: Stopped
2023-07-05 13:42:13,655 [Time-limited test] INFO  server.StorageContainerManager (StorageContainerManager.java:stop(1679)) - Stopping SCM HA services.
2023-07-05 13:42:13,655 [Time-limited test] INFO  pipeline.BackgroundPipelineCreator (BackgroundPipelineCreator.java:stop(149)) - Stopping RatisPipelineUtilsThread.
2023-07-05 13:42:13,655 [RatisPipelineUtilsThread - 0] WARN  pipeline.BackgroundPipelineCreator (BackgroundPipelineCreator.java:run(180)) - RatisPipelineUtilsThread is interrupted.
2023-07-05 13:42:13,656 [Time-limited test] INFO  BackgroundPipelineScrubber (BackgroundSCMService.java:stop(131)) - Stopping BackgroundPipelineScrubber Service.
2023-07-05 13:42:13,656 [BackgroundPipelineScrubberThread] WARN  BackgroundPipelineScrubber (BackgroundSCMService.java:run(115)) - BackgroundPipelineScrubber is interrupted, exit
2023-07-05 13:42:13,657 [Time-limited test] INFO  impl.MetricsSystemImpl (MetricsSystemImpl.java:stop(210)) - Stopping XceiverClientMetrics metrics system...
2023-07-05 13:42:13,658 [prometheus] INFO  impl.MetricsSinkAdapter (MetricsSinkAdapter.java:publishMetricsFromQueue(141)) - prometheus thread interrupted.
2023-07-05 13:42:13,658 [Time-limited test] INFO  impl.MetricsSystemImpl (MetricsSystemImpl.java:stop(216)) - XceiverClientMetrics metrics system stopped.
2023-07-05 13:42:13,658 [Time-limited test] WARN  pipeline.BackgroundPipelineCreator (BackgroundPipelineCreator.java:stop(145)) - RatisPipelineUtilsThread is not running, just ignore.
2023-07-05 13:42:13,658 [Time-limited test] INFO  BackgroundPipelineScrubber (BackgroundSCMService.java:stop(126)) - BackgroundPipelineScrubber Service is not running, skip stop.
2023-07-05 13:42:13,658 [Time-limited test] INFO  ExpiredContainerReplicaOpScrubber (BackgroundSCMService.java:stop(131)) - Stopping ExpiredContainerReplicaOpScrubber Service.
2023-07-05 13:42:13,659 [ExpiredContainerReplicaOpScrubberThread] WARN  ExpiredContainerReplicaOpScrubber (BackgroundSCMService.java:run(115)) - ExpiredContainerReplicaOpScrubber is interrupted, exit
2023-07-05 13:42:13,659 [Time-limited test] INFO  utils.BackgroundService (BackgroundService.java:shutdown(141)) - Shutting down service SCMBlockDeletingService
2023-07-05 13:42:13,659 [Time-limited test] INFO  replication.ReplicationManager (ReplicationManager.java:stop(329)) - Replication Monitor Thread is not running.
2023-07-05 13:42:13,659 [Time-limited test] WARN  balancer.ContainerBalancer (ContainerBalancer.java:stop(326)) - Cannot stop Container Balancer because it's not running or stopping
2023-07-05 13:42:13,659 [Time-limited test] INFO  server.StorageContainerManager (StorageContainerManager.java:stop(1714)) - Stopping SCM MetadataStore.
]]></system-out>
  </testcase>
  <testcase name="testContainerReplicationWithLegacyReplicationManagerDisabled" classname="TestContainerReplication" time="33.62">
    <system-out><![CDATA[2023-07-05 13:43:19,829 [Time-limited test] WARN  server.ServerUtils (ServerUtils.java:getScmDbDir(155)) - ozone.scm.db.dirs is not configured. We recommend adding this setting. Falling back to ozone.metadata.dirs instead.
2023-07-05 13:43:19,833 [Time-limited test] WARN  server.ServerUtils (ServerUtils.java:getScmDbDir(155)) - ozone.scm.db.dirs is not configured. We recommend adding this setting. Falling back to ozone.metadata.dirs instead.
2023-07-05 13:43:19,833 [Time-limited test] INFO  ha.SCMHANodeDetails (SCMHANodeDetails.java:loadSCMHAConfig(210)) - ServiceID for StorageContainerManager is null
2023-07-05 13:43:19,834 [Time-limited test] INFO  ha.SCMHANodeDetails (SCMHANodeDetails.java:loadSCMHAConfig(215)) - ozone.scm.default.service.id is not defined, falling back to ozone.scm.service.ids to find serviceID for StorageContainerManager if it is HA enabled cluster
2023-07-05 13:43:19,834 [Time-limited test] WARN  utils.HAUtils (HAUtils.java:getMetaDir(339)) - ozone.scm.db.dirs is not configured. We recommend adding this setting. Falling back to ozone.metadata.dirs instead.
2023-07-05 13:43:19,834 [Time-limited test] WARN  db.DBStoreBuilder (DBStoreBuilder.java:applyDBDefinition(166)) - ozone.scm.db.dirs is not configured. We recommend adding this setting. Falling back to ozone.metadata.dirs instead.
2023-07-05 13:43:19,964 [Time-limited test] INFO  net.NodeSchemaLoader (NodeSchemaLoader.java:loadSchemaFromFile(129)) - Loading schema from [jar:file:/home/runner/.m2/repository/org/apache/ozone/hdds-common/1.4.0-SNAPSHOT/hdds-common-1.4.0-SNAPSHOT.jar!/network-topology-default.xml]
2023-07-05 13:43:19,964 [Time-limited test] INFO  net.NodeSchemaLoader (NodeSchemaLoader.java:loadSchema(176)) - Loading network topology layer schema file
2023-07-05 13:43:19,977 [Time-limited test] INFO  upgrade.AbstractLayoutVersionManager (AbstractLayoutVersionManager.java:init(83)) - Initializing Layout version manager with metadata layout = HADOOP_PRC_PORTS_IN_DATANODEDETAILS (version = 7), software layout = HADOOP_PRC_PORTS_IN_DATANODEDETAILS (version = 7)
2023-07-05 13:43:19,979 [Time-limited test] INFO  ha.SequenceIdGenerator (SequenceIdGenerator.java:upgradeToSequenceId(354)) - upgrade localId to 111677748019200000
2023-07-05 13:43:19,979 [Time-limited test] INFO  ha.SequenceIdGenerator (SequenceIdGenerator.java:upgradeToSequenceId(364)) - upgrade delTxnId to 0
2023-07-05 13:43:19,980 [Time-limited test] INFO  ha.SequenceIdGenerator (SequenceIdGenerator.java:upgradeToSequenceId(381)) - upgrade containerId to 0
2023-07-05 13:43:19,980 [Time-limited test] INFO  ha.SequenceIdGenerator (SequenceIdGenerator.java:upgradeToSequenceId(417)) - upgrade rootCertificateId to 1
2023-07-05 13:43:19,981 [Time-limited test] INFO  ha.SequenceIdGenerator (SequenceIdGenerator.java:<init>(225)) - Init the HA SequenceIdGenerator.
2023-07-05 13:43:19,984 [Time-limited test] INFO  node.SCMNodeManager (SCMNodeManager.java:<init>(157)) - Entering startup safe mode.
2023-07-05 13:43:19,984 [Time-limited test] INFO  algorithms.ContainerPlacementPolicyFactory (ContainerPlacementPolicyFactory.java:getPolicyInternal(86)) - Create container placement policy of type org.apache.hadoop.hdds.scm.container.placement.algorithms.SCMContainerPlacementCapacity
2023-07-05 13:43:19,984 [Time-limited test] INFO  algorithms.ContainerPlacementPolicyFactory (ContainerPlacementPolicyFactory.java:getPolicyInternal(86)) - Create container placement policy of type org.apache.hadoop.hdds.scm.container.placement.algorithms.SCMContainerPlacementRackScatter
2023-07-05 13:43:19,985 [Time-limited test] INFO  pipeline.PipelineStateManagerImpl (PipelineStateManagerImpl.java:initialize(78)) - No pipeline exists in current db
2023-07-05 13:43:19,985 [Time-limited test] INFO  algorithms.LeaderChoosePolicyFactory (LeaderChoosePolicyFactory.java:getPolicy(57)) - Create leader choose policy of type org.apache.hadoop.hdds.scm.pipeline.leader.choose.algorithms.MinLeaderCountChoosePolicy
2023-07-05 13:43:19,985 [Time-limited test] INFO  algorithms.ContainerPlacementPolicyFactory (ContainerPlacementPolicyFactory.java:getPolicyInternal(86)) - Create container placement policy of type org.apache.hadoop.hdds.scm.container.placement.algorithms.SCMContainerPlacementRackScatter
2023-07-05 13:43:19,985 [Time-limited test] INFO  ha.SCMServiceManager (SCMServiceManager.java:register(42)) - Registering service BackgroundPipelineCreator.
2023-07-05 13:43:19,985 [Time-limited test] INFO  pipeline.BackgroundPipelineCreator (BackgroundPipelineCreator.java:start(124)) - Starting RatisPipelineUtilsThread.
2023-07-05 13:43:19,985 [Time-limited test] INFO  BackgroundPipelineScrubber (BackgroundSCMService.java:start(68)) - Starting BackgroundPipelineScrubber Service.
2023-07-05 13:43:19,986 [Time-limited test] INFO  ha.SCMServiceManager (SCMServiceManager.java:register(42)) - Registering service BackgroundPipelineScrubber.
2023-07-05 13:43:19,986 [Time-limited test] INFO  ExpiredContainerReplicaOpScrubber (BackgroundSCMService.java:start(68)) - Starting ExpiredContainerReplicaOpScrubber Service.
2023-07-05 13:43:19,986 [Time-limited test] INFO  ha.SCMServiceManager (SCMServiceManager.java:register(42)) - Registering service ExpiredContainerReplicaOpScrubber.
2023-07-05 13:43:19,987 [Time-limited test] INFO  algorithms.PipelineChoosePolicyFactory (PipelineChoosePolicyFactory.java:createPipelineChoosePolicyFromClass(78)) - Create pipeline choose policy of type org.apache.hadoop.hdds.scm.pipeline.choose.algorithms.RandomPipelineChoosePolicy
2023-07-05 13:43:19,987 [Time-limited test] INFO  algorithms.PipelineChoosePolicyFactory (PipelineChoosePolicyFactory.java:createPipelineChoosePolicyFromClass(78)) - Create pipeline choose policy of type org.apache.hadoop.hdds.scm.pipeline.choose.algorithms.RandomPipelineChoosePolicy
2023-07-05 13:43:19,987 [Time-limited test] INFO  ha.SCMServiceManager (SCMServiceManager.java:register(42)) - Registering service SCMBlockDeletingService.
2023-07-05 13:43:19,988 [Time-limited test] INFO  replication.ReplicationManager (ReplicationManager.java:start(286)) - Starting Replication Monitor Thread.
2023-07-05 13:43:19,990 [ReplicationMonitor] INFO  replication.ReplicationManager (ReplicationManager.java:processAll(361)) - Replication Manager is not ready to run until 3000ms after safemode exit
2023-07-05 13:43:19,990 [Time-limited test] INFO  ha.SCMServiceManager (SCMServiceManager.java:register(42)) - Registering service ReplicationManager.
2023-07-05 13:43:19,991 [Time-limited test] INFO  safemode.ContainerSafeModeRule (ContainerSafeModeRule.java:<init>(89)) - containers with one replica threshold count 0
2023-07-05 13:43:19,991 [Time-limited test] INFO  safemode.HealthyPipelineSafeModeRule (HealthyPipelineSafeModeRule.java:initializeRule(169)) - Total pipeline count is 0, healthy pipeline threshold count is 1
2023-07-05 13:43:19,991 [Time-limited test] INFO  safemode.OneReplicaPipelineSafeModeRule (OneReplicaPipelineSafeModeRule.java:initializeRule(180)) - Total pipeline count is 0, pipeline's with at least one datanode reported threshold count is 0
2023-07-05 13:43:19,992 [Time-limited test] INFO  server.StorageContainerManager (StorageContainerManager.java:<init>(424)) - SCM start with adminUsers: [runner]
2023-07-05 13:43:19,992 [Time-limited test] INFO  ipc.CallQueueManager (CallQueueManager.java:<init>(90)) - Using callQueue: class java.util.concurrent.LinkedBlockingQueue, queueCapacity: 2000, scheduler: class org.apache.hadoop.ipc.DefaultRpcScheduler, ipcBackoff: false.
2023-07-05 13:43:19,992 [Time-limited test] INFO  ipc.Server (Server.java:<init>(1287)) - Listener at 0.0.0.0:15108
2023-07-05 13:43:19,993 [Socket Reader #1 for port 15108] INFO  ipc.Server (Server.java:run(1323)) - Starting Socket Reader #1 for port 15108
2023-07-05 13:43:19,994 [Time-limited test] INFO  ipc.CallQueueManager (CallQueueManager.java:<init>(90)) - Using callQueue: class java.util.concurrent.LinkedBlockingQueue, queueCapacity: 2000, scheduler: class org.apache.hadoop.ipc.DefaultRpcScheduler, ipcBackoff: false.
2023-07-05 13:43:19,994 [Time-limited test] INFO  ipc.Server (Server.java:<init>(1287)) - Listener at 0.0.0.0:15107
2023-07-05 13:43:19,994 [Socket Reader #1 for port 15107] INFO  ipc.Server (Server.java:run(1323)) - Starting Socket Reader #1 for port 15107
2023-07-05 13:43:19,995 [Time-limited test] INFO  ipc.CallQueueManager (CallQueueManager.java:<init>(90)) - Using callQueue: class java.util.concurrent.LinkedBlockingQueue, queueCapacity: 2000, scheduler: class org.apache.hadoop.ipc.DefaultRpcScheduler, ipcBackoff: false.
2023-07-05 13:43:19,995 [Time-limited test] INFO  ipc.Server (Server.java:<init>(1287)) - Listener at 0.0.0.0:15106
2023-07-05 13:43:19,997 [Socket Reader #1 for port 15106] INFO  ipc.Server (Server.java:run(1323)) - Starting Socket Reader #1 for port 15106
2023-07-05 13:43:20,001 [Time-limited test] INFO  ha.SCMServiceManager (SCMServiceManager.java:register(42)) - Registering service ContainerBalancer.
2023-07-05 13:43:20,001 [Time-limited test] INFO  server.StorageContainerManager (StorageContainerManager.java:<init>(437)) - 
Container Balancer status:
Key                            Value
Running                        false
Container Balancer Configuration values:
Key                                                Value
Threshold                                          10
Max Datanodes to Involve per Iteration(percent)    20
Max Size to Move per Iteration                     500GB
Max Size Entering Target per Iteration             26GB
Max Size Leaving Source per Iteration              26GB

2023-07-05 13:43:20,001 [Time-limited test] INFO  ha.SCMContext (SCMContext.java:updateSafeModeStatus(228)) - Update SafeModeStatus from SafeModeStatus{safeModeStatus=true, preCheckPassed=false} to SafeModeStatus{safeModeStatus=true, preCheckPassed=false}.
2023-07-05 13:43:20,001 [Time-limited test] INFO  server.StorageContainerManager (StorageContainerManager.java:start(1489)) - StorageContainerLocationProtocol RPC server is listening at /0.0.0.0:15106
2023-07-05 13:43:20,005 [Time-limited test] WARN  impl.MetricsConfig (MetricsConfig.java:loadFirst(136)) - Cannot locate configuration: tried hadoop-metrics2-storagecontainermanager.properties,hadoop-metrics2.properties
2023-07-05 13:43:20,005 [Time-limited test] INFO  impl.MetricsSystemImpl (MetricsSystemImpl.java:startTimer(378)) - Scheduled Metric snapshot period at 10 second(s).
2023-07-05 13:43:20,005 [Time-limited test] INFO  impl.MetricsSystemImpl (MetricsSystemImpl.java:start(191)) - StorageContainerManager metrics system started
2023-07-05 13:43:20,014 [Time-limited test] INFO  impl.MetricsSinkAdapter (MetricsSinkAdapter.java:start(204)) - Sink prometheus started
2023-07-05 13:43:20,014 [Time-limited test] INFO  impl.MetricsSystemImpl (MetricsSystemImpl.java:registerSink(305)) - Registered sink prometheus
2023-07-05 13:43:20,073 [Time-limited test] INFO  server.SCMClientProtocolServer (SCMClientProtocolServer.java:start(200)) - RPC server for Client  is listening at /0.0.0.0:15106
2023-07-05 13:43:20,075 [IPC Server Responder] INFO  ipc.Server (Server.java:run(1562)) - IPC Server Responder: starting
2023-07-05 13:43:20,078 [IPC Server listener on 15106] INFO  ipc.Server (Server.java:run(1402)) - IPC Server listener on 15106: starting
2023-07-05 13:43:20,080 [Time-limited test] INFO  server.StorageContainerManager (StorageContainerManager.java:start(1502)) - ScmBlockLocationProtocol RPC server is listening at /0.0.0.0:15107
2023-07-05 13:43:20,081 [Time-limited test] INFO  server.SCMBlockProtocolServer (SCMBlockProtocolServer.java:start(152)) - RPC server for Block Protocol is listening at /0.0.0.0:15107
2023-07-05 13:43:20,081 [IPC Server Responder] INFO  ipc.Server (Server.java:run(1562)) - IPC Server Responder: starting
2023-07-05 13:43:20,081 [IPC Server listener on 15107] INFO  ipc.Server (Server.java:run(1402)) - IPC Server listener on 15107: starting
2023-07-05 13:43:20,091 [Time-limited test] INFO  server.SCMDatanodeProtocolServer (SCMDatanodeProtocolServer.java:start(193)) - ScmDatanodeProtocol RPC server for DataNodes is listening at /0.0.0.0:15108
2023-07-05 13:43:20,092 [IPC Server Responder] INFO  ipc.Server (Server.java:run(1562)) - IPC Server Responder: starting
2023-07-05 13:43:20,092 [IPC Server listener on 15108] INFO  ipc.Server (Server.java:run(1402)) - IPC Server listener on 15108: starting
2023-07-05 13:43:20,100 [JvmPauseMonitor14] INFO  util.JvmPauseMonitor (JvmPauseMonitor.java:run(103)) - JvmPauseMonitor-ca6238f7-e7b7-414c-8dab-9331fa635496: Started
2023-07-05 13:43:20,101 [Time-limited test] INFO  http.BaseHttpServer (BaseHttpServer.java:newHttpServer2BuilderForOzone(224)) - Starting Web-server for scm at: http://0.0.0.0:15109
2023-07-05 13:43:20,101 [Time-limited test] INFO  http.BaseHttpServer (BaseHttpServer.java:<init>(111)) - Hadoop Security Enabled: false Ozone Security Enabled: false Ozone HTTP Security Enabled: false 
2023-07-05 13:43:20,103 [Time-limited test] WARN  server.AuthenticationFilter (AuthenticationFilter.java:constructSecretProvider(240)) - Unable to initialize FileSignerSecretProvider, falling back to use random secrets. Reason: Could not read signature secret file: /home/runner/hadoop-http-auth-signature-secret
2023-07-05 13:43:20,104 [Time-limited test] INFO  http.HttpRequestLog (HttpRequestLog.java:getRequestLog(86)) - Http request log for http.requests.scm is not defined
2023-07-05 13:43:20,105 [Time-limited test] INFO  http.HttpServer2 (HttpServer2.java:addGlobalFilter(1031)) - Added global filter 'safety' (class=org.apache.hadoop.hdds.server.http.HttpServer2$QuotingInputFilter)
2023-07-05 13:43:20,106 [Time-limited test] INFO  http.HttpServer2 (HttpServer2.java:addFilter(1007)) - Added filter static_user_filter (class=org.apache.hadoop.http.lib.StaticUserWebFilter$StaticUserFilter) to context scm
2023-07-05 13:43:20,106 [Time-limited test] INFO  http.HttpServer2 (HttpServer2.java:addFilter(1015)) - Added filter static_user_filter (class=org.apache.hadoop.http.lib.StaticUserWebFilter$StaticUserFilter) to context static
2023-07-05 13:43:20,106 [Time-limited test] INFO  http.HttpServer2 (HttpServer2.java:addFilter(1015)) - Added filter static_user_filter (class=org.apache.hadoop.http.lib.StaticUserWebFilter$StaticUserFilter) to context logs
2023-07-05 13:43:20,107 [Time-limited test] INFO  http.BaseHttpServer (BaseHttpServer.java:<init>(190)) - HTTP server of scm uses base directory /home/runner/work/ozone/ozone/hadoop-ozone/integration-test/target/test-dir/MiniOzoneClusterImpl-c098677b-f883-4488-a97e-c9984f4b1973/ozone-meta/webserver
2023-07-05 13:43:20,107 [Time-limited test] INFO  http.HttpServer2 (HttpServer2.java:bindListener(1250)) - Jetty bound to port 15109
2023-07-05 13:43:20,107 [Time-limited test] INFO  server.Server (Server.java:doStart(375)) - jetty-9.4.51.v20230217; built: 2023-02-17T08:19:37.309Z; git: b45c405e4544384de066f814ed42ae3dceacdd49; jvm 1.8.0_372-b07
2023-07-05 13:43:20,113 [Time-limited test] INFO  server.session (DefaultSessionIdManager.java:doStart(334)) - DefaultSessionIdManager workerName=node0
2023-07-05 13:43:20,114 [Time-limited test] INFO  server.session (DefaultSessionIdManager.java:doStart(339)) - No SessionScavenger set, using defaults
2023-07-05 13:43:20,114 [Time-limited test] INFO  server.session (HouseKeeper.java:startScavenging(132)) - node0 Scavenging every 660000ms
2023-07-05 13:43:20,114 [Time-limited test] INFO  handler.ContextHandler (ContextHandler.java:doStart(921)) - Started o.e.j.s.ServletContextHandler@6d92450{logs,/logs,file:///home/runner/work/ozone/ozone/hadoop-ozone/integration-test/target/log,AVAILABLE}
2023-07-05 13:43:20,115 [Time-limited test] INFO  handler.ContextHandler (ContextHandler.java:doStart(921)) - Started o.e.j.s.ServletContextHandler@2beae2ec{static,/static,file:///home/runner/work/ozone/ozone/hadoop-ozone/integration-test/target/test-classes/webapps/static,AVAILABLE}
2023-07-05 13:43:20,118 [Time-limited test] INFO  handler.ContextHandler (ContextHandler.java:doStart(921)) - Started o.e.j.w.WebAppContext@4ce0f971{scm,/,file:///home/runner/work/ozone/ozone/hadoop-ozone/integration-test/target/test-classes/webapps/scm/,AVAILABLE}{file:/home/runner/work/ozone/ozone/hadoop-ozone/integration-test/target/test-classes/webapps/scm}
2023-07-05 13:43:20,123 [Time-limited test] INFO  server.AbstractConnector (AbstractConnector.java:doStart(333)) - Started ServerConnector@1e44ed6a{HTTP/1.1, (http/1.1)}{0.0.0.0:15109}
2023-07-05 13:43:20,123 [Time-limited test] INFO  server.Server (Server.java:doStart(415)) - Started @109409ms
2023-07-05 13:43:20,123 [Time-limited test] WARN  impl.MetricsSystemImpl (MetricsSystemImpl.java:register(279)) - Sink prometheus already exists!
2023-07-05 13:43:20,124 [Time-limited test] INFO  http.BaseHttpServer (BaseHttpServer.java:updateConnectorAddress(344)) - HTTP server of scm listening at http://0.0.0.0:15109
2023-07-05 13:43:20,124 [Time-limited test] WARN  server.ServerUtils (ServerUtils.java:getDBPath(311)) - ozone.om.db.dirs is not configured. We recommend adding this setting. Falling back to ozone.metadata.dirs instead.
2023-07-05 13:43:20,126 [Time-limited test] INFO  ha.OMHANodeDetails (OMHANodeDetails.java:loadOMHAConfig(115)) - ozone.om.internal.service.id is not defined, falling back to ozone.om.service.ids to find serviceID for OzoneManager if it is HA enabled cluster
2023-07-05 13:43:20,126 [Time-limited test] INFO  ha.OMHANodeDetails (OMHANodeDetails.java:loadOMHAConfig(226)) - Configuration does not have ozone.om.address set. Falling back to the default OM address /127.0.0.1:15110
2023-07-05 13:43:20,126 [Time-limited test] INFO  ha.OMHANodeDetails (OMHANodeDetails.java:getOMNodeDetailsForNonHA(254)) - OM Service ID is not set. Setting it to the default ID: omServiceIdDefault
2023-07-05 13:43:20,126 [Time-limited test] INFO  ha.OMHANodeDetails (OMHANodeDetails.java:getOMNodeDetailsForNonHA(261)) - OM Node ID is not set. Setting it to the default ID: om1
2023-07-05 13:43:20,127 [Time-limited test] WARN  server.ServerUtils (ServerUtils.java:getDBPath(311)) - ozone.om.db.dirs is not configured. We recommend adding this setting. Falling back to ozone.metadata.dirs instead.
2023-07-05 13:43:20,128 [Time-limited test] INFO  upgrade.AbstractLayoutVersionManager (AbstractLayoutVersionManager.java:init(83)) - Initializing Layout version manager with metadata layout = QUOTA (version = 6), software layout = QUOTA (version = 6)
2023-07-05 13:43:20,217 [Time-limited test] INFO  reflections.Reflections (Reflections.java:scan(232)) - Reflections took 88 ms to scan 2 urls, producing 186 keys and 508 values [using 2 cores]
2023-07-05 13:43:20,218 [Time-limited test] INFO  upgrade.OMLayoutVersionManager (OMLayoutVersionManager.java:lambda$0(115)) - Skipping Upgrade Action MockOmUpgradeAction since it has been finalized.
2023-07-05 13:43:20,218 [Time-limited test] INFO  upgrade.OMLayoutVersionManager (OMLayoutVersionManager.java:lambda$0(115)) - Skipping Upgrade Action QuotaRepairUpgradeAction since it has been finalized.
2023-07-05 13:43:20,219 [Time-limited test] WARN  server.ServerUtils (ServerUtils.java:getDBPath(311)) - ozone.om.db.dirs is not configured. We recommend adding this setting. Falling back to ozone.metadata.dirs instead.
2023-07-05 13:43:20,220 [Time-limited test] INFO  proxy.SCMBlockLocationFailoverProxyProvider (SCMBlockLocationFailoverProxyProvider.java:<init>(114)) - Created block location fail-over proxy with 1 nodes: [nodeId=scmNodeId,nodeAddress=/0.0.0.0:15107]
2023-07-05 13:43:20,221 [Time-limited test] INFO  proxy.SCMBlockLocationFailoverProxyProvider (SCMBlockLocationFailoverProxyProvider.java:<init>(114)) - Created block location fail-over proxy with 1 nodes: [nodeId=scmNodeId,nodeAddress=/0.0.0.0:15107]
2023-07-05 13:43:20,229 [Time-limited test] INFO  om.OzoneManager (OzoneManager.java:<init>(658)) - OM start with adminUsers: [runner]
2023-07-05 13:43:20,229 [Time-limited test] WARN  server.ServerUtils (ServerUtils.java:getDBPath(311)) - ozone.om.db.dirs is not configured. We recommend adding this setting. Falling back to ozone.metadata.dirs instead.
2023-07-05 13:43:20,230 [Time-limited test] INFO  helpers.OmKeyInfo (OmKeyInfo.java:getCodec(71)) - OmKeyInfo.getCodec ignorePipeline = true
2023-07-05 13:43:20,470 [Time-limited test] INFO  om.OzoneManager (OzoneManager.java:instantiateServices(787)) - S3 Multi-Tenancy is disabled
2023-07-05 13:43:20,470 [Time-limited test] INFO  om.OmSnapshotManager (OmSnapshotManager.java:<init>(175)) - Ozone filesystem snapshot feature is enabled.
2023-07-05 13:43:20,470 [Time-limited test] WARN  server.ServerUtils (ServerUtils.java:getDBPath(311)) - ozone.om.snapshot.diff.db.dir is not configured. We recommend adding this setting. Falling back to ozone.metadata.dirs instead.
2023-07-05 13:43:20,499 [Time-limited test] INFO  snapshot.SnapshotDiffManager (SnapshotDiffManager.java:closeExecutorService(1699)) - Shutting down executorService: 'SstDumpToolExecutor'
2023-07-05 13:43:20,501 [Time-limited test] INFO  om.OzoneManager (OzoneManager.java:addS3GVolumeToDB(4298)) - Created Volume s3v With Owner runner required for S3Gateway operations.
2023-07-05 13:43:20,501 [Time-limited test] WARN  server.ServerUtils (ServerUtils.java:getDefaultRatisDirectory(323)) - Storage directory for Ratis is not configured. It is a good idea to map this to an SSD disk. Falling back to ozone.metadata.dirs
2023-07-05 13:43:20,501 [Time-limited test] WARN  utils.OzoneManagerRatisUtils (OzoneManagerRatisUtils.java:getOMRatisSnapshotDirectory(461)) - ozone.om.ratis.snapshot.dir is not configured. Falling back to ozone.metadata.dirs config
2023-07-05 13:43:20,502 [Time-limited test] WARN  server.ServerUtils (ServerUtils.java:getDefaultRatisDirectory(323)) - Storage directory for Ratis is not configured. It is a good idea to map this to an SSD disk. Falling back to ozone.metadata.dirs
2023-07-05 13:43:20,503 [Time-limited test] INFO  ratis.OzoneManagerRatisServer (OzoneManagerRatisServer.java:<init>(163)) - Instantiating OM Ratis server with groupID: omServiceIdDefault and peers: localhost:15113
2023-07-05 13:43:20,503 [Time-limited test] INFO  ratis.OzoneManagerStateMachine (OzoneManagerStateMachine.java:loadSnapshotInfoFromDB(670)) - LastAppliedIndex is set from TransactionInfo from OM DB as (t:0, i:~)
2023-07-05 13:43:20,504 [Time-limited test] INFO  server.RaftServer (ConfUtils.java:logGet(46)) - raft.rpc.type = GRPC (default)
2023-07-05 13:43:20,504 [Time-limited test] INFO  grpc.GrpcConfigKeys (ConfUtils.java:logFallback(53)) - raft.grpc.admin.host = null (fallback to raft.grpc.server.host)
2023-07-05 13:43:20,504 [Time-limited test] INFO  grpc.GrpcConfigKeys (ConfUtils.java:logFallback(53)) - raft.grpc.admin.port = 15113 (fallback to raft.grpc.server.port)
2023-07-05 13:43:20,504 [Time-limited test] INFO  grpc.GrpcConfigKeys (ConfUtils.java:logFallback(53)) - raft.grpc.client.host = null (fallback to raft.grpc.server.host)
2023-07-05 13:43:20,504 [Time-limited test] INFO  grpc.GrpcConfigKeys (ConfUtils.java:logFallback(53)) - raft.grpc.client.port = 15113 (fallback to raft.grpc.server.port)
2023-07-05 13:43:20,504 [Time-limited test] INFO  grpc.GrpcConfigKeys (ConfUtils.java:logGet(46)) - raft.grpc.server.host = null (default)
2023-07-05 13:43:20,504 [Time-limited test] INFO  grpc.GrpcConfigKeys (ConfUtils.java:logGet(46)) - raft.grpc.server.port = 15113 (custom)
2023-07-05 13:43:20,504 [Time-limited test] INFO  server.GrpcService (ConfUtils.java:logGet(46)) - raft.grpc.message.size.max = 33554432 (custom)
2023-07-05 13:43:20,504 [Time-limited test] INFO  server.RaftServerConfigKeys (ConfUtils.java:logGet(46)) - raft.server.log.appender.buffer.byte-limit = 33554432 (custom)
2023-07-05 13:43:20,504 [Time-limited test] INFO  server.GrpcService (ConfUtils.java:logGet(46)) - raft.grpc.flow.control.window = 1MB (=1048576) (default)
2023-07-05 13:43:20,504 [Time-limited test] INFO  server.RaftServerConfigKeys (ConfUtils.java:logGet(46)) - raft.server.rpc.request.timeout = 3000ms (default)
2023-07-05 13:43:20,505 [Time-limited test] INFO  grpc.GrpcConfigKeys (ConfUtils.java:logGet(46)) - raft.grpc.server.heartbeat.channel = true (default)
2023-07-05 13:43:20,505 [Time-limited test] INFO  grpc.GrpcConfigKeys (ConfUtils.java:logGet(46)) - raft.grpc.server.async.request.thread.pool.cached = true (default)
2023-07-05 13:43:20,505 [Time-limited test] INFO  grpc.GrpcConfigKeys (ConfUtils.java:logGet(46)) - raft.grpc.server.async.request.thread.pool.size = 32 (default)
2023-07-05 13:43:20,506 [Time-limited test] INFO  impl.DataStreamServerImpl (ConfUtils.java:logGet(46)) - raft.datastream.type = DISABLED (default)
2023-07-05 13:43:20,506 [Time-limited test] INFO  server.RaftServerConfigKeys (ConfUtils.java:logGet(46)) - raft.server.threadpool.proxy.cached = true (default)
2023-07-05 13:43:20,507 [Time-limited test] INFO  server.RaftServerConfigKeys (ConfUtils.java:logGet(46)) - raft.server.threadpool.proxy.size = 0 (default)
2023-07-05 13:43:20,507 [Time-limited test] INFO  server.RaftServerConfigKeys (ConfUtils.java:logGet(46)) - raft.server.rpc.slowness.timeout = 120s (custom)
2023-07-05 13:43:20,507 [Time-limited test] INFO  server.RaftServerConfigKeys (ConfUtils.java:logGet(46)) - raft.server.leaderelection.leader.step-down.wait-time = 10s (default)
2023-07-05 13:43:20,507 [Time-limited test] INFO  server.RaftServerConfigKeys (ConfUtils.java:logGet(46)) - raft.server.storage.dir = [/home/runner/work/ozone/ozone/hadoop-ozone/integration-test/target/test-dir/MiniOzoneClusterImpl-c098677b-f883-4488-a97e-c9984f4b1973/ozone-meta/ratis] (custom)
2023-07-05 13:43:20,507 [Time-limited test] INFO  server.RaftServer (RaftServerProxy.java:addNew(98)) - om1: addNew group-C5BA1605619E:[om1|rpc:localhost:15113|priority:0|startupRole:FOLLOWER] returns group-C5BA1605619E:java.util.concurrent.CompletableFuture@6f681546[Not completed]
2023-07-05 13:43:20,508 [Time-limited test] INFO  om.OzoneManager (OzoneManager.java:initializeRatisServer(2139)) - OzoneManager Ratis server initialized at port 15113
2023-07-05 13:43:20,508 [om1-groupManagement] INFO  server.RaftServer$Division (RaftServerImpl.java:<init>(198)) - om1: new RaftServerImpl for group-C5BA1605619E:[om1|rpc:localhost:15113|priority:0|startupRole:FOLLOWER] with OzoneManagerStateMachine:uninitialized
2023-07-05 13:43:20,508 [Time-limited test] INFO  om.OzoneManager (OzoneManager.java:getRpcServer(1187)) - Creating RPC Server
2023-07-05 13:43:20,508 [om1-groupManagement] INFO  server.RaftServerConfigKeys (ConfUtils.java:logGet(46)) - raft.server.rpc.timeout.min = 1s (custom)
2023-07-05 13:43:20,508 [om1-groupManagement] INFO  server.RaftServerConfigKeys (ConfUtils.java:logGet(46)) - raft.server.rpc.timeout.max = 1200ms (custom)
2023-07-05 13:43:20,508 [om1-groupManagement] INFO  server.RaftServerConfigKeys (ConfUtils.java:logGet(46)) - raft.server.rpc.sleep.time = 25ms (default)
2023-07-05 13:43:20,508 [om1-groupManagement] INFO  server.RaftServerConfigKeys (ConfUtils.java:logGet(46)) - raft.server.rpc.slowness.timeout = 120s (custom)
2023-07-05 13:43:20,508 [om1-groupManagement] INFO  server.RaftServerConfigKeys (ConfUtils.java:logGet(46)) - raft.server.leaderelection.leader.step-down.wait-time = 10s (default)
2023-07-05 13:43:20,508 [om1-groupManagement] INFO  server.RaftServerConfigKeys (ConfUtils.java:logGet(46)) - raft.server.sleep.deviation.threshold = 300ms (default)
2023-07-05 13:43:20,508 [om1-groupManagement] INFO  server.RaftServer$Division (ServerState.java:<init>(120)) - om1@group-C5BA1605619E: ConfigurationManager, init=-1: peers:[om1|rpc:localhost:15113|priority:0|startupRole:FOLLOWER]|listeners:[], old=null, confs=<EMPTY_MAP>
2023-07-05 13:43:20,508 [om1-groupManagement] INFO  server.RaftServerConfigKeys (ConfUtils.java:logGet(46)) - raft.server.storage.dir = [/home/runner/work/ozone/ozone/hadoop-ozone/integration-test/target/test-dir/MiniOzoneClusterImpl-c098677b-f883-4488-a97e-c9984f4b1973/ozone-meta/ratis] (custom)
2023-07-05 13:43:20,508 [om1-groupManagement] INFO  server.RaftServerConfigKeys (ConfUtils.java:logGet(46)) - raft.server.log.corruption.policy = EXCEPTION (default)
2023-07-05 13:43:20,509 [om1-groupManagement] INFO  server.RaftServerConfigKeys (ConfUtils.java:logGet(46)) - raft.server.storage.free-space.min = 0MB (=0) (default)
2023-07-05 13:43:20,509 [om1-groupManagement] INFO  server.RaftServerConfigKeys (ConfUtils.java:logGet(46)) - raft.server.notification.no-leader.timeout = 120s (custom)
2023-07-05 13:43:20,509 [om1-groupManagement] INFO  server.RaftServerConfigKeys (ConfUtils.java:logGet(46)) - raft.server.read.timeout = 10s (default)
2023-07-05 13:43:20,509 [om1-groupManagement] INFO  server.RaftServerConfigKeys (ConfUtils.java:logGet(46)) - raft.server.retrycache.expirytime = 300s (custom)
2023-07-05 13:43:20,509 [om1-groupManagement] INFO  server.RaftServerConfigKeys (ConfUtils.java:logGet(46)) - raft.server.retrycache.statistics.expirytime = 100μs (default)
2023-07-05 13:43:20,509 [om1-groupManagement] INFO  server.RaftServerConfigKeys (ConfUtils.java:logGet(46)) - raft.server.read.option = DEFAULT (default)
2023-07-05 13:43:20,510 [om1-groupManagement] INFO  server.RaftServerConfigKeys (ConfUtils.java:logGet(46)) - raft.server.rpc.request.timeout = 3000ms (default)
2023-07-05 13:43:20,510 [om1-groupManagement] INFO  server.RaftServerConfigKeys (ConfUtils.java:logGet(46)) - raft.server.log.appender.install.snapshot.enabled = false (custom)
2023-07-05 13:43:20,510 [om1-groupManagement] INFO  server.RaftServerConfigKeys (ConfUtils.java:logGet(46)) - raft.server.threadpool.server.cached = true (default)
2023-07-05 13:43:20,510 [om1-groupManagement] INFO  server.RaftServerConfigKeys (ConfUtils.java:logGet(46)) - raft.server.threadpool.server.size = 0 (default)
2023-07-05 13:43:20,510 [om1-groupManagement] INFO  server.RaftServerConfigKeys (ConfUtils.java:logGet(46)) - raft.server.threadpool.client.cached = true (default)
2023-07-05 13:43:20,510 [om1-groupManagement] INFO  server.RaftServerConfigKeys (ConfUtils.java:logGet(46)) - raft.server.threadpool.client.size = 0 (default)
2023-07-05 13:43:20,909 [Time-limited test] INFO  reflections.Reflections (Reflections.java:scan(232)) - Reflections took 400 ms to scan 19 urls, producing 70 keys and 5514 values [using 2 cores]
2023-07-05 13:43:20,911 [Time-limited test] INFO  ipc.CallQueueManager (CallQueueManager.java:<init>(90)) - Using callQueue: class java.util.concurrent.LinkedBlockingQueue, queueCapacity: 2000, scheduler: class org.apache.hadoop.ipc.DefaultRpcScheduler, ipcBackoff: false.
2023-07-05 13:43:20,911 [Time-limited test] INFO  ipc.Server (Server.java:<init>(1287)) - Listener at 127.0.0.1:15110
2023-07-05 13:43:20,912 [Socket Reader #1 for port 15110] INFO  ipc.Server (Server.java:run(1323)) - Starting Socket Reader #1 for port 15110
2023-07-05 13:43:20,934 [Time-limited test] INFO  impl.MetricsSystemImpl (MetricsSystemImpl.java:init(158)) - OzoneManager metrics system started (again)
2023-07-05 13:43:20,948 [Time-limited test] INFO  om.OzoneManager (OzoneManager.java:start(1617)) - OzoneManager RPC server is listening at localhost/127.0.0.1:15110
2023-07-05 13:43:20,948 [Time-limited test] INFO  ratis.OzoneManagerRatisServer (OzoneManagerRatisServer.java:start(558)) - Starting OzoneManagerRatisServer om1 at port 15113
2023-07-05 13:43:20,948 [om1-impl-thread1] INFO  storage.RaftStorageDirectory (RaftStorageDirectoryImpl.java:analyzeStorage(137)) - The storage directory /home/runner/work/ozone/ozone/hadoop-ozone/integration-test/target/test-dir/MiniOzoneClusterImpl-c098677b-f883-4488-a97e-c9984f4b1973/ozone-meta/ratis/bf265839-605b-3f16-9796-c5ba1605619e does not exist. Creating ...
2023-07-05 13:43:20,951 [om1-impl-thread1] INFO  storage.RaftStorageDirectory (RaftStorageDirectoryImpl.java:tryLock(231)) - Lock on /home/runner/work/ozone/ozone/hadoop-ozone/integration-test/target/test-dir/MiniOzoneClusterImpl-c098677b-f883-4488-a97e-c9984f4b1973/ozone-meta/ratis/bf265839-605b-3f16-9796-c5ba1605619e/in_use.lock acquired by nodename 25537@fv-az264-29
2023-07-05 13:43:20,955 [om1-impl-thread1] INFO  storage.RaftStorage (RaftStorageImpl.java:format(96)) - Storage directory /home/runner/work/ozone/ozone/hadoop-ozone/integration-test/target/test-dir/MiniOzoneClusterImpl-c098677b-f883-4488-a97e-c9984f4b1973/ozone-meta/ratis/bf265839-605b-3f16-9796-c5ba1605619e has been successfully formatted.
2023-07-05 13:43:20,955 [om1-impl-thread1] INFO  server.RaftServerConfigKeys (ConfUtils.java:logGet(46)) - raft.server.log.use.memory = false (default)
2023-07-05 13:43:20,955 [om1-impl-thread1] INFO  server.RaftServerConfigKeys (ConfUtils.java:logGet(46)) - raft.server.log.purge.gap = 1000000 (custom)
2023-07-05 13:43:20,956 [om1-impl-thread1] INFO  server.RaftServerConfigKeys (ConfUtils.java:logGet(46)) - raft.server.log.appender.buffer.byte-limit = 33554432 (custom)
2023-07-05 13:43:20,956 [om1-impl-thread1] INFO  server.RaftServerConfigKeys (ConfUtils.java:logGet(46)) - raft.server.log.statemachine.data.read.timeout = 1000ms (default)
2023-07-05 13:43:20,956 [om1-impl-thread1] INFO  server.RaftServerConfigKeys (ConfUtils.java:logGet(46)) - raft.server.log.purge.preservation.log.num = 0 (default)
2023-07-05 13:43:20,956 [om1-impl-thread1] INFO  server.RaftServerConfigKeys (ConfUtils.java:logGet(46)) - raft.server.log.segment.size.max = 4194304 (custom)
2023-07-05 13:43:20,956 [om1-impl-thread1] INFO  server.RaftServerConfigKeys (ConfUtils.java:logGet(46)) - raft.server.log.segment.cache.num.max = 2 (custom)
2023-07-05 13:43:20,956 [om1-impl-thread1] INFO  server.RaftServerConfigKeys (ConfUtils.java:logGet(46)) - raft.server.log.segment.cache.size.max = 200MB (=209715200) (default)
2023-07-05 13:43:20,956 [om1-impl-thread1] INFO  server.RaftServerConfigKeys (ConfUtils.java:logGet(46)) - raft.server.log.appender.buffer.byte-limit = 33554432 (custom)
2023-07-05 13:43:20,956 [om1-impl-thread1] INFO  segmented.SegmentedRaftLogWorker (SegmentedRaftLogWorker.java:<init>(188)) - new om1@group-C5BA1605619E-SegmentedRaftLogWorker for RaftStorageImpl:Storage Directory /home/runner/work/ozone/ozone/hadoop-ozone/integration-test/target/test-dir/MiniOzoneClusterImpl-c098677b-f883-4488-a97e-c9984f4b1973/ozone-meta/ratis/bf265839-605b-3f16-9796-c5ba1605619e
2023-07-05 13:43:20,956 [om1-impl-thread1] INFO  server.RaftServerConfigKeys (ConfUtils.java:logGet(46)) - raft.server.log.queue.byte-limit = 64MB (=67108864) (default)
2023-07-05 13:43:20,956 [om1-impl-thread1] INFO  server.RaftServerConfigKeys (ConfUtils.java:logGet(46)) - raft.server.log.queue.element-limit = 4096 (default)
2023-07-05 13:43:20,956 [om1-impl-thread1] INFO  server.RaftServerConfigKeys (ConfUtils.java:logGet(46)) - raft.server.log.segment.size.max = 4194304 (custom)
2023-07-05 13:43:20,956 [om1-impl-thread1] INFO  server.RaftServerConfigKeys (ConfUtils.java:logGet(46)) - raft.server.log.preallocated.size = 4194304 (custom)
2023-07-05 13:43:20,956 [om1-impl-thread1] INFO  server.RaftServerConfigKeys (ConfUtils.java:logGet(46)) - raft.server.log.force.sync.num = 128 (default)
2023-07-05 13:43:20,956 [om1-impl-thread1] INFO  server.RaftServerConfigKeys (ConfUtils.java:logGet(46)) - raft.server.log.statemachine.data.sync = true (default)
2023-07-05 13:43:20,957 [om1-impl-thread1] INFO  server.RaftServerConfigKeys (ConfUtils.java:logGet(46)) - raft.server.log.statemachine.data.sync.timeout = 10s (default)
2023-07-05 13:43:20,957 [om1-impl-thread1] INFO  server.RaftServerConfigKeys (ConfUtils.java:logGet(46)) - raft.server.log.statemachine.data.sync.timeout.retry = -1 (default)
2023-07-05 13:43:20,957 [om1-impl-thread1] INFO  server.RaftServerConfigKeys (ConfUtils.java:logGet(46)) - raft.server.log.write.buffer.size = 64KB (=65536) (default)
2023-07-05 13:43:20,957 [om1-impl-thread1] INFO  server.RaftServerConfigKeys (ConfUtils.java:logGet(46)) - raft.server.log.appender.buffer.byte-limit = 33554432 (custom)
2023-07-05 13:43:20,962 [om1-impl-thread1] INFO  server.RaftServerConfigKeys (ConfUtils.java:logGet(46)) - raft.server.log.unsafe-flush.enabled = false (default)
2023-07-05 13:43:20,962 [om1-impl-thread1] INFO  server.RaftServerConfigKeys (ConfUtils.java:logGet(46)) - raft.server.log.async-flush.enabled = false (default)
2023-07-05 13:43:20,962 [om1-impl-thread1] INFO  server.RaftServerConfigKeys (ConfUtils.java:logGet(46)) - raft.server.log.statemachine.data.caching.enabled = false (default)
2023-07-05 13:43:20,963 [om1-impl-thread1] INFO  segmented.SegmentedRaftLogWorker (SegmentedRaftLogWorker.java:lambda$new$0(135)) - om1@group-C5BA1605619E-SegmentedRaftLogWorker: flushIndex: setUnconditionally 0 -> -1
2023-07-05 13:43:20,963 [om1-impl-thread1] INFO  segmented.SegmentedRaftLogWorker (SegmentedRaftLogWorker.java:lambda$new$0(135)) - om1@group-C5BA1605619E-SegmentedRaftLogWorker: safeCacheEvictIndex: setUnconditionally 0 -> -1
2023-07-05 13:43:20,963 [om1-impl-thread1] INFO  server.RaftServer$Division (RaftServerImpl.java:start(342)) - om1@group-C5BA1605619E: start as a follower, conf=-1: peers:[om1|rpc:localhost:15113|priority:0|startupRole:FOLLOWER]|listeners:[], old=null
2023-07-05 13:43:20,963 [om1-impl-thread1] INFO  server.RaftServer$Division (RaftServerImpl.java:setRole(329)) - om1@group-C5BA1605619E: changes role from      null to FOLLOWER at term 0 for startAsFollower
2023-07-05 13:43:20,964 [om1-impl-thread1] INFO  impl.RoleInfo (RoleInfo.java:updateAndGet(139)) - om1: start om1@group-C5BA1605619E-FollowerState
2023-07-05 13:43:20,964 [om1-impl-thread1] INFO  util.JmxRegister (JmxRegister.java:tryRegister(44)) - Successfully registered JMX Bean with object name Ratis:service=RaftServer,group=group-C5BA1605619E,id=om1
2023-07-05 13:43:20,964 [om1-impl-thread1] INFO  server.RaftServerConfigKeys (ConfUtils.java:logGet(46)) - raft.server.snapshot.auto.trigger.enabled = true (custom)
2023-07-05 13:43:20,964 [om1-impl-thread1] INFO  server.RaftServerConfigKeys (ConfUtils.java:logGet(46)) - raft.server.snapshot.auto.trigger.threshold = 400000 (default)
2023-07-05 13:43:20,964 [om1-impl-thread1] INFO  server.RaftServerConfigKeys (ConfUtils.java:logGet(46)) - raft.server.snapshot.retention.file.num = -1 (default)
2023-07-05 13:43:20,964 [om1-impl-thread1] INFO  server.RaftServerConfigKeys (ConfUtils.java:logGet(46)) - raft.server.log.purge.upto.snapshot.index = true (custom)
2023-07-05 13:43:20,965 [om1@group-C5BA1605619E-FollowerState] INFO  server.RaftServerConfigKeys (ConfUtils.java:logFallback(53)) - raft.server.rpc.first-election.timeout.min = 1s (fallback to raft.server.rpc.timeout.min)
2023-07-05 13:43:20,965 [om1@group-C5BA1605619E-FollowerState] INFO  server.RaftServerConfigKeys (ConfUtils.java:logFallback(53)) - raft.server.rpc.first-election.timeout.max = 1200ms (fallback to raft.server.rpc.timeout.max)
2023-07-05 13:43:20,965 [Time-limited test] INFO  server.RaftServer (RaftServerProxy.java:startImpl(400)) - om1: start RPC server
2023-07-05 13:43:20,968 [Time-limited test] INFO  server.GrpcService (GrpcService.java:startImpl(302)) - om1: GrpcService started, listening on 15113
2023-07-05 13:43:20,968 [Time-limited test] INFO  om.OzoneManager (OzoneManager.java:start(1633)) - Version File has different layout version (6) than OM DB (null). That is expected if this OM has never been finalized to a newer layout version.
2023-07-05 13:43:20,972 [JvmPauseMonitor15] INFO  util.JvmPauseMonitor (JvmPauseMonitor.java:run(103)) - JvmPauseMonitor-om1: Started
2023-07-05 13:43:20,974 [Time-limited test] INFO  http.BaseHttpServer (BaseHttpServer.java:newHttpServer2BuilderForOzone(224)) - Starting Web-server for ozoneManager at: http://0.0.0.0:15111
2023-07-05 13:43:20,974 [Time-limited test] INFO  http.BaseHttpServer (BaseHttpServer.java:<init>(111)) - Hadoop Security Enabled: false Ozone Security Enabled: false Ozone HTTP Security Enabled: false 
2023-07-05 13:43:20,976 [Time-limited test] WARN  server.AuthenticationFilter (AuthenticationFilter.java:constructSecretProvider(240)) - Unable to initialize FileSignerSecretProvider, falling back to use random secrets. Reason: Could not read signature secret file: /home/runner/hadoop-http-auth-signature-secret
2023-07-05 13:43:20,983 [Time-limited test] INFO  http.HttpRequestLog (HttpRequestLog.java:getRequestLog(86)) - Http request log for http.requests.ozoneManager is not defined
2023-07-05 13:43:20,985 [Time-limited test] INFO  http.HttpServer2 (HttpServer2.java:addGlobalFilter(1031)) - Added global filter 'safety' (class=org.apache.hadoop.hdds.server.http.HttpServer2$QuotingInputFilter)
2023-07-05 13:43:20,986 [Time-limited test] INFO  http.HttpServer2 (HttpServer2.java:addFilter(1007)) - Added filter static_user_filter (class=org.apache.hadoop.http.lib.StaticUserWebFilter$StaticUserFilter) to context ozoneManager
2023-07-05 13:43:20,986 [Time-limited test] INFO  http.HttpServer2 (HttpServer2.java:addFilter(1015)) - Added filter static_user_filter (class=org.apache.hadoop.http.lib.StaticUserWebFilter$StaticUserFilter) to context logs
2023-07-05 13:43:20,986 [Time-limited test] INFO  http.HttpServer2 (HttpServer2.java:addFilter(1015)) - Added filter static_user_filter (class=org.apache.hadoop.http.lib.StaticUserWebFilter$StaticUserFilter) to context static
2023-07-05 13:43:20,987 [Time-limited test] INFO  http.BaseHttpServer (BaseHttpServer.java:<init>(190)) - HTTP server of ozoneManager uses base directory /home/runner/work/ozone/ozone/hadoop-ozone/integration-test/target/test-dir/MiniOzoneClusterImpl-c098677b-f883-4488-a97e-c9984f4b1973/ozone-meta/webserver
2023-07-05 13:43:20,987 [Time-limited test] INFO  http.HttpServer2 (HttpServer2.java:bindListener(1250)) - Jetty bound to port 15111
2023-07-05 13:43:20,987 [Time-limited test] INFO  server.Server (Server.java:doStart(375)) - jetty-9.4.51.v20230217; built: 2023-02-17T08:19:37.309Z; git: b45c405e4544384de066f814ed42ae3dceacdd49; jvm 1.8.0_372-b07
2023-07-05 13:43:20,991 [ReplicationMonitor] INFO  replication.ReplicationManager (ReplicationManager.java:processAll(361)) - Replication Manager is not ready to run until 3000ms after safemode exit
2023-07-05 13:43:20,992 [Time-limited test] INFO  server.session (DefaultSessionIdManager.java:doStart(334)) - DefaultSessionIdManager workerName=node0
2023-07-05 13:43:20,992 [Time-limited test] INFO  server.session (DefaultSessionIdManager.java:doStart(339)) - No SessionScavenger set, using defaults
2023-07-05 13:43:20,992 [Time-limited test] INFO  server.session (HouseKeeper.java:startScavenging(132)) - node0 Scavenging every 660000ms
2023-07-05 13:43:20,993 [Time-limited test] INFO  handler.ContextHandler (ContextHandler.java:doStart(921)) - Started o.e.j.s.ServletContextHandler@2e71c8b2{logs,/logs,file:///home/runner/work/ozone/ozone/hadoop-ozone/integration-test/target/log,AVAILABLE}
2023-07-05 13:43:20,993 [Time-limited test] INFO  handler.ContextHandler (ContextHandler.java:doStart(921)) - Started o.e.j.s.ServletContextHandler@4dcea80{static,/static,file:///home/runner/work/ozone/ozone/hadoop-ozone/integration-test/target/test-classes/webapps/static,AVAILABLE}
2023-07-05 13:43:20,997 [Time-limited test] INFO  handler.ContextHandler (ContextHandler.java:doStart(921)) - Started o.e.j.w.WebAppContext@4418c325{ozoneManager,/,file:///home/runner/work/ozone/ozone/hadoop-ozone/integration-test/target/test-classes/webapps/ozoneManager/,AVAILABLE}{file:/home/runner/work/ozone/ozone/hadoop-ozone/integration-test/target/test-classes/webapps/ozoneManager}
2023-07-05 13:43:21,000 [Time-limited test] INFO  server.AbstractConnector (AbstractConnector.java:doStart(333)) - Started ServerConnector@4fa250ea{HTTP/1.1, (http/1.1)}{0.0.0.0:15111}
2023-07-05 13:43:21,000 [Time-limited test] INFO  server.Server (Server.java:doStart(415)) - Started @110287ms
2023-07-05 13:43:21,000 [Time-limited test] WARN  impl.MetricsSystemImpl (MetricsSystemImpl.java:register(279)) - Sink prometheus already exists!
2023-07-05 13:43:21,001 [Time-limited test] INFO  http.BaseHttpServer (BaseHttpServer.java:updateConnectorAddress(344)) - HTTP server of ozoneManager listening at http://0.0.0.0:15111
2023-07-05 13:43:21,002 [IPC Server Responder] INFO  ipc.Server (Server.java:run(1562)) - IPC Server Responder: starting
2023-07-05 13:43:21,003 [IPC Server listener on 15110] INFO  ipc.Server (Server.java:run(1402)) - IPC Server listener on 15110: starting
2023-07-05 13:43:21,009 [Time-limited test] INFO  om.OzoneManager (OzoneManager.java:startTrashEmptier(2092)) - Trash Interval set to 0. Files deleted won't move to trash
2023-07-05 13:43:21,028 [Time-limited test] WARN  impl.MetricRegistriesImpl (MetricRegistriesImpl.java:addReporterRegistration(111)) - New reporters are added after registries were created. Some metrics will be missing from the reporter. Please add reporter before adding any new registry.
2023-07-05 13:43:21,028 [Time-limited test] WARN  impl.MetricRegistriesImpl (MetricRegistriesImpl.java:addReporterRegistration(111)) - New reporters are added after registries were created. Some metrics will be missing from the reporter. Please add reporter before adding any new registry.
2023-07-05 13:43:21,028 [Time-limited test] INFO  impl.MetricsSystemImpl (MetricsSystemImpl.java:init(158)) - HddsDatanode metrics system started (again)
2023-07-05 13:43:21,043 [Time-limited test] INFO  ozone.HddsDatanodeService (HddsDatanodeService.java:start(237)) - HddsDatanodeService host:fv-az264-29.ca02foy5wcnuvlrvrz2wi3p2og.dx.internal.cloudapp.net ip:10.1.0.13
2023-07-05 13:43:21,076 [Time-limited test] INFO  upgrade.AbstractLayoutVersionManager (AbstractLayoutVersionManager.java:init(83)) - Initializing Layout version manager with metadata layout = HADOOP_PRC_PORTS_IN_DATANODEDETAILS (version = 7), software layout = HADOOP_PRC_PORTS_IN_DATANODEDETAILS (version = 7)
2023-07-05 13:43:21,077 [Time-limited test] INFO  statemachine.DatanodeStateMachine (DatanodeStateMachine.java:getEndPointTaskThreadPoolSize(279)) - Datanode State Machine Task Thread Pool size 2
2023-07-05 13:43:21,079 [Time-limited test] INFO  volume.HddsVolume (HddsVolume.java:<init>(133)) - Creating HddsVolume: /home/runner/work/ozone/ozone/hadoop-ozone/integration-test/target/test-dir/MiniOzoneClusterImpl-c098677b-f883-4488-a97e-c9984f4b1973/datanode-0/data-0/containers/hdds of storage type : DISK capacity : 9223372036854775807
2023-07-05 13:43:21,079 [Time-limited test] INFO  volume.MutableVolumeSet (MutableVolumeSet.java:initializeVolumeSet(175)) - Added Volume : /home/runner/work/ozone/ozone/hadoop-ozone/integration-test/target/test-dir/MiniOzoneClusterImpl-c098677b-f883-4488-a97e-c9984f4b1973/datanode-0/data-0/containers/hdds to VolumeSet
2023-07-05 13:43:21,079 [Time-limited test] INFO  volume.ThrottledAsyncChecker (ThrottledAsyncChecker.java:schedule(141)) - Scheduling a check for /home/runner/work/ozone/ozone/hadoop-ozone/integration-test/target/test-dir/MiniOzoneClusterImpl-c098677b-f883-4488-a97e-c9984f4b1973/datanode-0/data-0/containers/hdds
2023-07-05 13:43:21,084 [Time-limited test] INFO  volume.StorageVolumeChecker (StorageVolumeChecker.java:checkAllVolumes(202)) - Scheduled health check for volume /home/runner/work/ozone/ozone/hadoop-ozone/integration-test/target/test-dir/MiniOzoneClusterImpl-c098677b-f883-4488-a97e-c9984f4b1973/datanode-0/data-0/containers/hdds
2023-07-05 13:43:21,087 [Time-limited test] INFO  volume.MutableVolumeSet (MutableVolumeSet.java:initializeVolumeSet(175)) - Added Volume : /home/runner/work/ozone/ozone/hadoop-ozone/integration-test/target/test-dir/MiniOzoneClusterImpl-c098677b-f883-4488-a97e-c9984f4b1973/datanode-0/data/ratis to VolumeSet
2023-07-05 13:43:21,087 [Time-limited test] INFO  volume.ThrottledAsyncChecker (ThrottledAsyncChecker.java:schedule(141)) - Scheduling a check for /home/runner/work/ozone/ozone/hadoop-ozone/integration-test/target/test-dir/MiniOzoneClusterImpl-c098677b-f883-4488-a97e-c9984f4b1973/datanode-0/data/ratis
2023-07-05 13:43:21,087 [Time-limited test] INFO  volume.StorageVolumeChecker (StorageVolumeChecker.java:checkAllVolumes(202)) - Scheduled health check for volume /home/runner/work/ozone/ozone/hadoop-ozone/integration-test/target/test-dir/MiniOzoneClusterImpl-c098677b-f883-4488-a97e-c9984f4b1973/datanode-0/data/ratis
2023-07-05 13:43:21,094 [Thread-1348] INFO  ozoneimpl.ContainerReader (ContainerReader.java:readVolume(175)) - Finish verifying containers on volume /home/runner/work/ozone/ozone/hadoop-ozone/integration-test/target/test-dir/MiniOzoneClusterImpl-c098677b-f883-4488-a97e-c9984f4b1973/datanode-0/data-0/containers/hdds
2023-07-05 13:43:21,094 [Time-limited test] INFO  ozoneimpl.OzoneContainer (OzoneContainer.java:buildContainerSet(316)) - Build ContainerSet costs 0s
2023-07-05 13:43:21,096 [Time-limited test] INFO  server.RaftServer (ConfUtils.java:logGet(46)) - raft.rpc.type = GRPC (default)
2023-07-05 13:43:21,097 [Time-limited test] INFO  grpc.GrpcConfigKeys (ConfUtils.java:logFallback(53)) - raft.grpc.admin.host = null (fallback to raft.grpc.server.host)
2023-07-05 13:43:21,097 [Time-limited test] INFO  grpc.GrpcConfigKeys (ConfUtils.java:logGet(46)) - raft.grpc.admin.port = 15119 (custom)
2023-07-05 13:43:21,097 [Time-limited test] INFO  grpc.GrpcConfigKeys (ConfUtils.java:logFallback(53)) - raft.grpc.client.host = null (fallback to raft.grpc.server.host)
2023-07-05 13:43:21,097 [Time-limited test] INFO  grpc.GrpcConfigKeys (ConfUtils.java:logGet(46)) - raft.grpc.client.port = 15118 (custom)
2023-07-05 13:43:21,097 [Time-limited test] INFO  grpc.GrpcConfigKeys (ConfUtils.java:logGet(46)) - raft.grpc.server.host = null (default)
2023-07-05 13:43:21,097 [Time-limited test] INFO  grpc.GrpcConfigKeys (ConfUtils.java:logGet(46)) - raft.grpc.server.port = 15120 (custom)
2023-07-05 13:43:21,097 [Time-limited test] INFO  server.GrpcService (ConfUtils.java:logGet(46)) - raft.grpc.message.size.max = 32MB (=33554432) (custom)
2023-07-05 13:43:21,097 [Time-limited test] INFO  server.RaftServerConfigKeys (ConfUtils.java:logGet(46)) - raft.server.log.appender.buffer.byte-limit = 33554432 (custom)
2023-07-05 13:43:21,097 [Time-limited test] INFO  server.GrpcService (ConfUtils.java:logGet(46)) - raft.grpc.flow.control.window = 5MB (=5242880) (custom)
2023-07-05 13:43:21,097 [Time-limited test] INFO  server.RaftServerConfigKeys (ConfUtils.java:logGet(46)) - raft.server.rpc.request.timeout = 60s (custom)
2023-07-05 13:43:21,097 [Time-limited test] INFO  grpc.GrpcConfigKeys (ConfUtils.java:logGet(46)) - raft.grpc.server.heartbeat.channel = true (default)
2023-07-05 13:43:21,097 [Time-limited test] INFO  grpc.GrpcConfigKeys (ConfUtils.java:logGet(46)) - raft.grpc.server.async.request.thread.pool.cached = true (default)
2023-07-05 13:43:21,098 [Time-limited test] INFO  grpc.GrpcConfigKeys (ConfUtils.java:logGet(46)) - raft.grpc.server.async.request.thread.pool.size = 32 (default)
2023-07-05 13:43:21,102 [Time-limited test] INFO  impl.DataStreamServerImpl (ConfUtils.java:logGet(46)) - raft.datastream.type = NETTY (custom)
2023-07-05 13:43:21,102 [Time-limited test] INFO  server.RaftServerConfigKeys (ConfUtils.java:logGet(46)) - raft.server.data-stream.async.request.thread.pool.cached = false (default)
2023-07-05 13:43:21,102 [Time-limited test] INFO  server.RaftServerConfigKeys (ConfUtils.java:logGet(46)) - raft.server.data-stream.async.request.thread.pool.size = 20 (custom)
2023-07-05 13:43:21,102 [Time-limited test] INFO  server.RaftServerConfigKeys (ConfUtils.java:logGet(46)) - raft.server.data-stream.async.write.thread.pool.size = 16 (default)
2023-07-05 13:43:21,102 [Time-limited test] INFO  server.RaftServerConfigKeys (ConfUtils.java:logGet(46)) - raft.server.data-stream.client.pool.size = 10 (default)
2023-07-05 13:43:21,102 [Time-limited test] INFO  netty.NettyConfigKeys$DataStream (ConfUtils.java:logGet(46)) - raft.netty.dataStream.server.use-epoll = false (default)
2023-07-05 13:43:21,102 [Time-limited test] INFO  netty.NettyConfigKeys$DataStream (ConfUtils.java:logGet(46)) - raft.netty.dataStream.server.boss-group.size = 0 (default)
2023-07-05 13:43:21,103 [Time-limited test] INFO  netty.NettyConfigKeys$DataStream (ConfUtils.java:logGet(46)) - raft.netty.dataStream.server.worker-group.size = 0 (default)
2023-07-05 13:43:21,103 [Time-limited test] INFO  netty.NettyConfigKeys$DataStream (ConfUtils.java:logGet(46)) - raft.netty.dataStream.server.tls.conf = null (default)
2023-07-05 13:43:21,104 [Time-limited test] INFO  netty.NettyConfigKeys$DataStream (ConfUtils.java:logGet(46)) - raft.netty.dataStream.host = null (default)
2023-07-05 13:43:21,104 [Time-limited test] INFO  netty.NettyConfigKeys$DataStream (ConfUtils.java:logGet(46)) - raft.netty.dataStream.port = 15121 (custom)
2023-07-05 13:43:21,105 [Time-limited test] INFO  server.RaftServerConfigKeys (ConfUtils.java:logGet(46)) - raft.server.threadpool.proxy.cached = true (default)
2023-07-05 13:43:21,105 [Time-limited test] INFO  server.RaftServerConfigKeys (ConfUtils.java:logGet(46)) - raft.server.threadpool.proxy.size = 0 (default)
2023-07-05 13:43:21,105 [Time-limited test] INFO  server.RaftServerConfigKeys (ConfUtils.java:logGet(46)) - raft.server.rpc.slowness.timeout = 300s (custom)
2023-07-05 13:43:21,105 [Time-limited test] INFO  server.RaftServerConfigKeys (ConfUtils.java:logGet(46)) - raft.server.leaderelection.leader.step-down.wait-time = 10s (default)
2023-07-05 13:43:21,105 [Time-limited test] INFO  server.RaftServerConfigKeys (ConfUtils.java:logGet(46)) - raft.server.storage.dir = [/home/runner/work/ozone/ozone/hadoop-ozone/integration-test/target/test-dir/MiniOzoneClusterImpl-c098677b-f883-4488-a97e-c9984f4b1973/datanode-0/data/ratis] (custom)
2023-07-05 13:43:21,106 [b0e58961-cf25-454a-a9d8-5016df2ce601-NettyServerStreamRpc-bossGroup--thread1] INFO  logging.LoggingHandler (AbstractInternalLogger.java:log(148)) - [id: 0x4c79f57d] REGISTERED
2023-07-05 13:43:21,106 [b0e58961-cf25-454a-a9d8-5016df2ce601-NettyServerStreamRpc-bossGroup--thread1] INFO  logging.LoggingHandler (AbstractInternalLogger.java:log(148)) - [id: 0x4c79f57d] BIND: 0.0.0.0/0.0.0.0:15121
2023-07-05 13:43:21,106 [b0e58961-cf25-454a-a9d8-5016df2ce601-NettyServerStreamRpc-bossGroup--thread1] INFO  logging.LoggingHandler (AbstractInternalLogger.java:log(148)) - [id: 0x4c79f57d, L:/0:0:0:0:0:0:0:0:15121] ACTIVE
2023-07-05 13:43:21,111 [Time-limited test] INFO  server.XceiverServerGrpc (XceiverServerGrpc.java:<init>(132)) - GrpcServer channel type EpollServerSocketChannel
2023-07-05 13:43:21,113 [Time-limited test] INFO  replication.ReplicationSupervisor (ReplicationSupervisor.java:nodeStateUpdated(305)) - Node state updated to IN_SERVICE, scaling executor pool size to 10
2023-07-05 13:43:21,119 [Time-limited test] INFO  http.BaseHttpServer (BaseHttpServer.java:newHttpServer2BuilderForOzone(224)) - Starting Web-server for hddsDatanode at: http://0.0.0.0:15115
2023-07-05 13:43:21,119 [Time-limited test] INFO  http.BaseHttpServer (BaseHttpServer.java:<init>(111)) - Hadoop Security Enabled: false Ozone Security Enabled: false Ozone HTTP Security Enabled: false 
2023-07-05 13:43:21,122 [Time-limited test] WARN  server.AuthenticationFilter (AuthenticationFilter.java:constructSecretProvider(240)) - Unable to initialize FileSignerSecretProvider, falling back to use random secrets. Reason: Could not read signature secret file: /home/runner/hadoop-http-auth-signature-secret
2023-07-05 13:43:21,122 [Time-limited test] INFO  http.HttpRequestLog (HttpRequestLog.java:getRequestLog(86)) - Http request log for http.requests.hddsDatanode is not defined
2023-07-05 13:43:21,124 [Time-limited test] INFO  http.HttpServer2 (HttpServer2.java:addGlobalFilter(1031)) - Added global filter 'safety' (class=org.apache.hadoop.hdds.server.http.HttpServer2$QuotingInputFilter)
2023-07-05 13:43:21,125 [Time-limited test] INFO  http.HttpServer2 (HttpServer2.java:addFilter(1007)) - Added filter static_user_filter (class=org.apache.hadoop.http.lib.StaticUserWebFilter$StaticUserFilter) to context hddsDatanode
2023-07-05 13:43:21,126 [Time-limited test] INFO  http.HttpServer2 (HttpServer2.java:addFilter(1015)) - Added filter static_user_filter (class=org.apache.hadoop.http.lib.StaticUserWebFilter$StaticUserFilter) to context logs
2023-07-05 13:43:21,127 [Time-limited test] INFO  http.HttpServer2 (HttpServer2.java:addFilter(1015)) - Added filter static_user_filter (class=org.apache.hadoop.http.lib.StaticUserWebFilter$StaticUserFilter) to context static
2023-07-05 13:43:21,127 [Time-limited test] INFO  http.BaseHttpServer (BaseHttpServer.java:<init>(190)) - HTTP server of hddsDatanode uses base directory /home/runner/work/ozone/ozone/hadoop-ozone/integration-test/target/test-dir/MiniOzoneClusterImpl-c098677b-f883-4488-a97e-c9984f4b1973/datanode-0/meta/webserver
2023-07-05 13:43:21,127 [Time-limited test] INFO  http.HttpServer2 (HttpServer2.java:bindListener(1250)) - Jetty bound to port 15115
2023-07-05 13:43:21,127 [Time-limited test] INFO  server.Server (Server.java:doStart(375)) - jetty-9.4.51.v20230217; built: 2023-02-17T08:19:37.309Z; git: b45c405e4544384de066f814ed42ae3dceacdd49; jvm 1.8.0_372-b07
2023-07-05 13:43:21,129 [Time-limited test] INFO  server.session (DefaultSessionIdManager.java:doStart(334)) - DefaultSessionIdManager workerName=node0
2023-07-05 13:43:21,129 [Time-limited test] INFO  server.session (DefaultSessionIdManager.java:doStart(339)) - No SessionScavenger set, using defaults
2023-07-05 13:43:21,130 [Time-limited test] INFO  server.session (HouseKeeper.java:startScavenging(132)) - node0 Scavenging every 600000ms
2023-07-05 13:43:21,131 [Time-limited test] INFO  handler.ContextHandler (ContextHandler.java:doStart(921)) - Started o.e.j.s.ServletContextHandler@b376baf{logs,/logs,file:///home/runner/work/ozone/ozone/hadoop-ozone/integration-test/target/log,AVAILABLE}
2023-07-05 13:43:21,131 [Time-limited test] INFO  handler.ContextHandler (ContextHandler.java:doStart(921)) - Started o.e.j.s.ServletContextHandler@1494ddca{static,/static,jar:file:/home/runner/.m2/repository/org/apache/ozone/hdds-container-service/1.4.0-SNAPSHOT/hdds-container-service-1.4.0-SNAPSHOT.jar!/webapps/static,AVAILABLE}
2023-07-05 13:43:21,361 [Time-limited test] INFO  handler.ContextHandler (ContextHandler.java:doStart(921)) - Started o.e.j.w.WebAppContext@72f57aa6{hddsDatanode,/,file:///home/runner/work/ozone/ozone/hadoop-ozone/integration-test/target/test-dir/MiniOzoneClusterImpl-c098677b-f883-4488-a97e-c9984f4b1973/datanode-0/meta/webserver/jetty-0_0_0_0-15115-hdds-container-service-1_4_0-SNAPSHOT_jar-_-any-3563655927686251911/webapp/,AVAILABLE}{jar:file:/home/runner/.m2/repository/org/apache/ozone/hdds-container-service/1.4.0-SNAPSHOT/hdds-container-service-1.4.0-SNAPSHOT.jar!/webapps/hddsDatanode}
2023-07-05 13:43:21,363 [Time-limited test] INFO  server.AbstractConnector (AbstractConnector.java:doStart(333)) - Started ServerConnector@d2df768{HTTP/1.1, (http/1.1)}{0.0.0.0:15115}
2023-07-05 13:43:21,363 [Time-limited test] INFO  server.Server (Server.java:doStart(415)) - Started @110649ms
2023-07-05 13:43:21,363 [Time-limited test] WARN  impl.MetricsSystemImpl (MetricsSystemImpl.java:register(279)) - Sink prometheus already exists!
2023-07-05 13:43:21,364 [Time-limited test] INFO  http.BaseHttpServer (BaseHttpServer.java:updateConnectorAddress(344)) - HTTP server of hddsDatanode listening at http://0.0.0.0:15115
2023-07-05 13:43:21,364 [Time-limited test] INFO  ipc.CallQueueManager (CallQueueManager.java:<init>(90)) - Using callQueue: class java.util.concurrent.LinkedBlockingQueue, queueCapacity: 100, scheduler: class org.apache.hadoop.ipc.DefaultRpcScheduler, ipcBackoff: false.
2023-07-05 13:43:21,364 [Time-limited test] INFO  ipc.Server (Server.java:<init>(1287)) - Listener at 0.0.0.0:15116
2023-07-05 13:43:21,365 [Socket Reader #1 for port 15116] INFO  ipc.Server (Server.java:run(1323)) - Starting Socket Reader #1 for port 15116
2023-07-05 13:43:21,368 [Time-limited test] INFO  ozone.HddsDatanodeService (HddsDatanodeService.java:start(315)) - Datanode start with admins: [runner]
2023-07-05 13:43:21,368 [Time-limited test] INFO  ozone.HddsDatanodeClientProtocolServer (HddsDatanodeClientProtocolServer.java:start(72)) - RPC server for Client /0.0.0.0:15116
2023-07-05 13:43:21,370 [IPC Server Responder] INFO  ipc.Server (Server.java:run(1562)) - IPC Server Responder: starting
2023-07-05 13:43:21,375 [Time-limited test] WARN  impl.MetricRegistriesImpl (MetricRegistriesImpl.java:addReporterRegistration(111)) - New reporters are added after registries were created. Some metrics will be missing from the reporter. Please add reporter before adding any new registry.
2023-07-05 13:43:21,375 [Time-limited test] WARN  impl.MetricRegistriesImpl (MetricRegistriesImpl.java:addReporterRegistration(111)) - New reporters are added after registries were created. Some metrics will be missing from the reporter. Please add reporter before adding any new registry.
2023-07-05 13:43:21,375 [Time-limited test] INFO  impl.MetricsSystemImpl (MetricsSystemImpl.java:init(158)) - HddsDatanode metrics system started (again)
2023-07-05 13:43:21,372 [IPC Server listener on 15116] INFO  ipc.Server (Server.java:run(1402)) - IPC Server listener on 15116: starting
2023-07-05 13:43:21,382 [Datanode State Machine Daemon Thread] INFO  statemachine.DatanodeStateMachine (DatanodeStateMachine.java:lambda$startDaemon$0(531)) - Ozone container server started.
2023-07-05 13:43:21,389 [Time-limited test] INFO  ozone.HddsDatanodeService (HddsDatanodeService.java:start(237)) - HddsDatanodeService host:fv-az264-29.ca02foy5wcnuvlrvrz2wi3p2og.dx.internal.cloudapp.net ip:10.1.0.13
2023-07-05 13:43:21,400 [Datanode State Machine Task Thread - 0] INFO  datanode.InitDatanodeState (InitDatanodeState.java:persistContainerDatanodeDetails(138)) - DatanodeDetails is persisted to /home/runner/work/ozone/ozone/hadoop-ozone/integration-test/target/test-dir/MiniOzoneClusterImpl-c098677b-f883-4488-a97e-c9984f4b1973/datanode-0/meta/datanode.id
2023-07-05 13:43:21,414 [Time-limited test] INFO  upgrade.AbstractLayoutVersionManager (AbstractLayoutVersionManager.java:init(83)) - Initializing Layout version manager with metadata layout = HADOOP_PRC_PORTS_IN_DATANODEDETAILS (version = 7), software layout = HADOOP_PRC_PORTS_IN_DATANODEDETAILS (version = 7)
2023-07-05 13:43:21,415 [Time-limited test] INFO  statemachine.DatanodeStateMachine (DatanodeStateMachine.java:getEndPointTaskThreadPoolSize(279)) - Datanode State Machine Task Thread Pool size 2
2023-07-05 13:43:21,416 [Time-limited test] INFO  volume.HddsVolume (HddsVolume.java:<init>(133)) - Creating HddsVolume: /home/runner/work/ozone/ozone/hadoop-ozone/integration-test/target/test-dir/MiniOzoneClusterImpl-c098677b-f883-4488-a97e-c9984f4b1973/datanode-1/data-0/containers/hdds of storage type : DISK capacity : 9223372036854775807
2023-07-05 13:43:21,416 [Time-limited test] INFO  volume.MutableVolumeSet (MutableVolumeSet.java:initializeVolumeSet(175)) - Added Volume : /home/runner/work/ozone/ozone/hadoop-ozone/integration-test/target/test-dir/MiniOzoneClusterImpl-c098677b-f883-4488-a97e-c9984f4b1973/datanode-1/data-0/containers/hdds to VolumeSet
2023-07-05 13:43:21,417 [Time-limited test] INFO  volume.ThrottledAsyncChecker (ThrottledAsyncChecker.java:schedule(141)) - Scheduling a check for /home/runner/work/ozone/ozone/hadoop-ozone/integration-test/target/test-dir/MiniOzoneClusterImpl-c098677b-f883-4488-a97e-c9984f4b1973/datanode-1/data-0/containers/hdds
2023-07-05 13:43:21,417 [Time-limited test] INFO  volume.StorageVolumeChecker (StorageVolumeChecker.java:checkAllVolumes(202)) - Scheduled health check for volume /home/runner/work/ozone/ozone/hadoop-ozone/integration-test/target/test-dir/MiniOzoneClusterImpl-c098677b-f883-4488-a97e-c9984f4b1973/datanode-1/data-0/containers/hdds
2023-07-05 13:43:21,420 [Time-limited test] INFO  volume.MutableVolumeSet (MutableVolumeSet.java:initializeVolumeSet(175)) - Added Volume : /home/runner/work/ozone/ozone/hadoop-ozone/integration-test/target/test-dir/MiniOzoneClusterImpl-c098677b-f883-4488-a97e-c9984f4b1973/datanode-1/data/ratis to VolumeSet
2023-07-05 13:43:21,420 [Time-limited test] INFO  volume.ThrottledAsyncChecker (ThrottledAsyncChecker.java:schedule(141)) - Scheduling a check for /home/runner/work/ozone/ozone/hadoop-ozone/integration-test/target/test-dir/MiniOzoneClusterImpl-c098677b-f883-4488-a97e-c9984f4b1973/datanode-1/data/ratis
2023-07-05 13:43:21,421 [Time-limited test] INFO  volume.StorageVolumeChecker (StorageVolumeChecker.java:checkAllVolumes(202)) - Scheduled health check for volume /home/runner/work/ozone/ozone/hadoop-ozone/integration-test/target/test-dir/MiniOzoneClusterImpl-c098677b-f883-4488-a97e-c9984f4b1973/datanode-1/data/ratis
2023-07-05 13:43:21,423 [Thread-1365] INFO  ozoneimpl.ContainerReader (ContainerReader.java:readVolume(175)) - Finish verifying containers on volume /home/runner/work/ozone/ozone/hadoop-ozone/integration-test/target/test-dir/MiniOzoneClusterImpl-c098677b-f883-4488-a97e-c9984f4b1973/datanode-1/data-0/containers/hdds
2023-07-05 13:43:21,423 [Time-limited test] INFO  ozoneimpl.OzoneContainer (OzoneContainer.java:buildContainerSet(316)) - Build ContainerSet costs 0s
2023-07-05 13:43:21,426 [Time-limited test] INFO  server.RaftServer (ConfUtils.java:logGet(46)) - raft.rpc.type = GRPC (default)
2023-07-05 13:43:21,426 [Time-limited test] INFO  grpc.GrpcConfigKeys (ConfUtils.java:logFallback(53)) - raft.grpc.admin.host = null (fallback to raft.grpc.server.host)
2023-07-05 13:43:21,426 [Time-limited test] INFO  grpc.GrpcConfigKeys (ConfUtils.java:logGet(46)) - raft.grpc.admin.port = 15128 (custom)
2023-07-05 13:43:21,426 [Time-limited test] INFO  grpc.GrpcConfigKeys (ConfUtils.java:logFallback(53)) - raft.grpc.client.host = null (fallback to raft.grpc.server.host)
2023-07-05 13:43:21,426 [Time-limited test] INFO  grpc.GrpcConfigKeys (ConfUtils.java:logGet(46)) - raft.grpc.client.port = 15127 (custom)
2023-07-05 13:43:21,426 [Time-limited test] INFO  grpc.GrpcConfigKeys (ConfUtils.java:logGet(46)) - raft.grpc.server.host = null (default)
2023-07-05 13:43:21,426 [Time-limited test] INFO  grpc.GrpcConfigKeys (ConfUtils.java:logGet(46)) - raft.grpc.server.port = 15129 (custom)
2023-07-05 13:43:21,426 [Time-limited test] INFO  server.GrpcService (ConfUtils.java:logGet(46)) - raft.grpc.message.size.max = 32MB (=33554432) (custom)
2023-07-05 13:43:21,426 [Time-limited test] INFO  server.RaftServerConfigKeys (ConfUtils.java:logGet(46)) - raft.server.log.appender.buffer.byte-limit = 33554432 (custom)
2023-07-05 13:43:21,426 [Time-limited test] INFO  server.GrpcService (ConfUtils.java:logGet(46)) - raft.grpc.flow.control.window = 5MB (=5242880) (custom)
2023-07-05 13:43:21,427 [Time-limited test] INFO  server.RaftServerConfigKeys (ConfUtils.java:logGet(46)) - raft.server.rpc.request.timeout = 60s (custom)
2023-07-05 13:43:21,427 [Time-limited test] INFO  grpc.GrpcConfigKeys (ConfUtils.java:logGet(46)) - raft.grpc.server.heartbeat.channel = true (default)
2023-07-05 13:43:21,427 [Time-limited test] INFO  grpc.GrpcConfigKeys (ConfUtils.java:logGet(46)) - raft.grpc.server.async.request.thread.pool.cached = true (default)
2023-07-05 13:43:21,427 [Time-limited test] INFO  grpc.GrpcConfigKeys (ConfUtils.java:logGet(46)) - raft.grpc.server.async.request.thread.pool.size = 32 (default)
2023-07-05 13:43:21,430 [Time-limited test] INFO  impl.DataStreamServerImpl (ConfUtils.java:logGet(46)) - raft.datastream.type = NETTY (custom)
2023-07-05 13:43:21,430 [Time-limited test] INFO  server.RaftServerConfigKeys (ConfUtils.java:logGet(46)) - raft.server.data-stream.async.request.thread.pool.cached = false (default)
2023-07-05 13:43:21,430 [Time-limited test] INFO  server.RaftServerConfigKeys (ConfUtils.java:logGet(46)) - raft.server.data-stream.async.request.thread.pool.size = 20 (custom)
2023-07-05 13:43:21,430 [Time-limited test] INFO  server.RaftServerConfigKeys (ConfUtils.java:logGet(46)) - raft.server.data-stream.async.write.thread.pool.size = 16 (default)
2023-07-05 13:43:21,430 [Time-limited test] INFO  server.RaftServerConfigKeys (ConfUtils.java:logGet(46)) - raft.server.data-stream.client.pool.size = 10 (default)
2023-07-05 13:43:21,430 [Time-limited test] INFO  netty.NettyConfigKeys$DataStream (ConfUtils.java:logGet(46)) - raft.netty.dataStream.server.use-epoll = false (default)
2023-07-05 13:43:21,430 [Time-limited test] INFO  netty.NettyConfigKeys$DataStream (ConfUtils.java:logGet(46)) - raft.netty.dataStream.server.boss-group.size = 0 (default)
2023-07-05 13:43:21,431 [Time-limited test] INFO  netty.NettyConfigKeys$DataStream (ConfUtils.java:logGet(46)) - raft.netty.dataStream.server.worker-group.size = 0 (default)
2023-07-05 13:43:21,431 [Time-limited test] INFO  netty.NettyConfigKeys$DataStream (ConfUtils.java:logGet(46)) - raft.netty.dataStream.server.tls.conf = null (default)
2023-07-05 13:43:21,431 [Time-limited test] INFO  netty.NettyConfigKeys$DataStream (ConfUtils.java:logGet(46)) - raft.netty.dataStream.host = null (default)
2023-07-05 13:43:21,431 [Time-limited test] INFO  netty.NettyConfigKeys$DataStream (ConfUtils.java:logGet(46)) - raft.netty.dataStream.port = 15130 (custom)
2023-07-05 13:43:21,432 [Time-limited test] INFO  server.RaftServerConfigKeys (ConfUtils.java:logGet(46)) - raft.server.threadpool.proxy.cached = true (default)
2023-07-05 13:43:21,432 [Time-limited test] INFO  server.RaftServerConfigKeys (ConfUtils.java:logGet(46)) - raft.server.threadpool.proxy.size = 0 (default)
2023-07-05 13:43:21,432 [Time-limited test] INFO  server.RaftServerConfigKeys (ConfUtils.java:logGet(46)) - raft.server.rpc.slowness.timeout = 300s (custom)
2023-07-05 13:43:21,432 [16068a4c-c2af-4cec-9eae-3ab2a53eaee7-NettyServerStreamRpc-bossGroup--thread1] INFO  logging.LoggingHandler (AbstractInternalLogger.java:log(148)) - [id: 0xf29af2e7] REGISTERED
2023-07-05 13:43:21,432 [Time-limited test] INFO  server.RaftServerConfigKeys (ConfUtils.java:logGet(46)) - raft.server.leaderelection.leader.step-down.wait-time = 10s (default)
2023-07-05 13:43:21,433 [16068a4c-c2af-4cec-9eae-3ab2a53eaee7-NettyServerStreamRpc-bossGroup--thread1] INFO  logging.LoggingHandler (AbstractInternalLogger.java:log(148)) - [id: 0xf29af2e7] BIND: 0.0.0.0/0.0.0.0:15130
2023-07-05 13:43:21,433 [Time-limited test] INFO  server.RaftServerConfigKeys (ConfUtils.java:logGet(46)) - raft.server.storage.dir = [/home/runner/work/ozone/ozone/hadoop-ozone/integration-test/target/test-dir/MiniOzoneClusterImpl-c098677b-f883-4488-a97e-c9984f4b1973/datanode-1/data/ratis] (custom)
2023-07-05 13:43:21,433 [16068a4c-c2af-4cec-9eae-3ab2a53eaee7-NettyServerStreamRpc-bossGroup--thread1] INFO  logging.LoggingHandler (AbstractInternalLogger.java:log(148)) - [id: 0xf29af2e7, L:/0:0:0:0:0:0:0:0:15130] ACTIVE
2023-07-05 13:43:21,434 [Time-limited test] INFO  server.XceiverServerGrpc (XceiverServerGrpc.java:<init>(132)) - GrpcServer channel type EpollServerSocketChannel
2023-07-05 13:43:21,437 [Time-limited test] INFO  replication.ReplicationSupervisor (ReplicationSupervisor.java:nodeStateUpdated(305)) - Node state updated to IN_SERVICE, scaling executor pool size to 10
2023-07-05 13:43:21,439 [Time-limited test] INFO  http.BaseHttpServer (BaseHttpServer.java:newHttpServer2BuilderForOzone(224)) - Starting Web-server for hddsDatanode at: http://0.0.0.0:15124
2023-07-05 13:43:21,439 [Time-limited test] INFO  http.BaseHttpServer (BaseHttpServer.java:<init>(111)) - Hadoop Security Enabled: false Ozone Security Enabled: false Ozone HTTP Security Enabled: false 
2023-07-05 13:43:21,440 [Time-limited test] WARN  server.AuthenticationFilter (AuthenticationFilter.java:constructSecretProvider(240)) - Unable to initialize FileSignerSecretProvider, falling back to use random secrets. Reason: Could not read signature secret file: /home/runner/hadoop-http-auth-signature-secret
2023-07-05 13:43:21,442 [Time-limited test] INFO  http.HttpRequestLog (HttpRequestLog.java:getRequestLog(86)) - Http request log for http.requests.hddsDatanode is not defined
2023-07-05 13:43:21,444 [Time-limited test] INFO  http.HttpServer2 (HttpServer2.java:addGlobalFilter(1031)) - Added global filter 'safety' (class=org.apache.hadoop.hdds.server.http.HttpServer2$QuotingInputFilter)
2023-07-05 13:43:21,444 [Time-limited test] INFO  http.HttpServer2 (HttpServer2.java:addFilter(1007)) - Added filter static_user_filter (class=org.apache.hadoop.http.lib.StaticUserWebFilter$StaticUserFilter) to context hddsDatanode
2023-07-05 13:43:21,444 [Time-limited test] INFO  http.HttpServer2 (HttpServer2.java:addFilter(1015)) - Added filter static_user_filter (class=org.apache.hadoop.http.lib.StaticUserWebFilter$StaticUserFilter) to context static
2023-07-05 13:43:21,444 [Time-limited test] INFO  http.HttpServer2 (HttpServer2.java:addFilter(1015)) - Added filter static_user_filter (class=org.apache.hadoop.http.lib.StaticUserWebFilter$StaticUserFilter) to context logs
2023-07-05 13:43:21,445 [Time-limited test] INFO  http.BaseHttpServer (BaseHttpServer.java:<init>(190)) - HTTP server of hddsDatanode uses base directory /home/runner/work/ozone/ozone/hadoop-ozone/integration-test/target/test-dir/MiniOzoneClusterImpl-c098677b-f883-4488-a97e-c9984f4b1973/datanode-1/meta/webserver
2023-07-05 13:43:21,445 [Time-limited test] INFO  http.HttpServer2 (HttpServer2.java:bindListener(1250)) - Jetty bound to port 15124
2023-07-05 13:43:21,445 [Time-limited test] INFO  server.Server (Server.java:doStart(375)) - jetty-9.4.51.v20230217; built: 2023-02-17T08:19:37.309Z; git: b45c405e4544384de066f814ed42ae3dceacdd49; jvm 1.8.0_372-b07
2023-07-05 13:43:21,446 [Time-limited test] INFO  server.session (DefaultSessionIdManager.java:doStart(334)) - DefaultSessionIdManager workerName=node0
2023-07-05 13:43:21,447 [Time-limited test] INFO  server.session (DefaultSessionIdManager.java:doStart(339)) - No SessionScavenger set, using defaults
2023-07-05 13:43:21,447 [Time-limited test] INFO  server.session (HouseKeeper.java:startScavenging(132)) - node0 Scavenging every 600000ms
2023-07-05 13:43:21,447 [Time-limited test] INFO  handler.ContextHandler (ContextHandler.java:doStart(921)) - Started o.e.j.s.ServletContextHandler@338641ed{logs,/logs,file:///home/runner/work/ozone/ozone/hadoop-ozone/integration-test/target/log,AVAILABLE}
2023-07-05 13:43:21,448 [Time-limited test] INFO  handler.ContextHandler (ContextHandler.java:doStart(921)) - Started o.e.j.s.ServletContextHandler@7d0dc514{static,/static,jar:file:/home/runner/.m2/repository/org/apache/ozone/hdds-container-service/1.4.0-SNAPSHOT/hdds-container-service-1.4.0-SNAPSHOT.jar!/webapps/static,AVAILABLE}
2023-07-05 13:43:21,673 [Time-limited test] INFO  handler.ContextHandler (ContextHandler.java:doStart(921)) - Started o.e.j.w.WebAppContext@4f8c48fc{hddsDatanode,/,file:///home/runner/work/ozone/ozone/hadoop-ozone/integration-test/target/test-dir/MiniOzoneClusterImpl-c098677b-f883-4488-a97e-c9984f4b1973/datanode-1/meta/webserver/jetty-0_0_0_0-15124-hdds-container-service-1_4_0-SNAPSHOT_jar-_-any-2343487903966620025/webapp/,AVAILABLE}{jar:file:/home/runner/.m2/repository/org/apache/ozone/hdds-container-service/1.4.0-SNAPSHOT/hdds-container-service-1.4.0-SNAPSHOT.jar!/webapps/hddsDatanode}
2023-07-05 13:43:21,675 [Time-limited test] INFO  server.AbstractConnector (AbstractConnector.java:doStart(333)) - Started ServerConnector@4ac2aa96{HTTP/1.1, (http/1.1)}{0.0.0.0:15124}
2023-07-05 13:43:21,675 [Time-limited test] INFO  server.Server (Server.java:doStart(415)) - Started @110961ms
2023-07-05 13:43:21,675 [Time-limited test] WARN  impl.MetricsSystemImpl (MetricsSystemImpl.java:register(279)) - Sink prometheus already exists!
2023-07-05 13:43:21,675 [Time-limited test] INFO  http.BaseHttpServer (BaseHttpServer.java:updateConnectorAddress(344)) - HTTP server of hddsDatanode listening at http://0.0.0.0:15124
2023-07-05 13:43:21,676 [Time-limited test] INFO  ipc.CallQueueManager (CallQueueManager.java:<init>(90)) - Using callQueue: class java.util.concurrent.LinkedBlockingQueue, queueCapacity: 100, scheduler: class org.apache.hadoop.ipc.DefaultRpcScheduler, ipcBackoff: false.
2023-07-05 13:43:21,676 [Time-limited test] INFO  ipc.Server (Server.java:<init>(1287)) - Listener at 0.0.0.0:15125
2023-07-05 13:43:21,677 [Socket Reader #1 for port 15125] INFO  ipc.Server (Server.java:run(1323)) - Starting Socket Reader #1 for port 15125
2023-07-05 13:43:21,679 [Time-limited test] INFO  ozone.HddsDatanodeService (HddsDatanodeService.java:start(315)) - Datanode start with admins: [runner]
2023-07-05 13:43:21,679 [Time-limited test] INFO  ozone.HddsDatanodeClientProtocolServer (HddsDatanodeClientProtocolServer.java:start(72)) - RPC server for Client /0.0.0.0:15125
2023-07-05 13:43:21,679 [IPC Server Responder] INFO  ipc.Server (Server.java:run(1562)) - IPC Server Responder: starting
2023-07-05 13:43:21,679 [IPC Server listener on 15125] INFO  ipc.Server (Server.java:run(1402)) - IPC Server listener on 15125: starting
2023-07-05 13:43:21,680 [Datanode State Machine Daemon Thread] INFO  statemachine.DatanodeStateMachine (DatanodeStateMachine.java:lambda$startDaemon$0(531)) - Ozone container server started.
2023-07-05 13:43:21,680 [Time-limited test] WARN  impl.MetricRegistriesImpl (MetricRegistriesImpl.java:addReporterRegistration(111)) - New reporters are added after registries were created. Some metrics will be missing from the reporter. Please add reporter before adding any new registry.
2023-07-05 13:43:21,680 [Time-limited test] WARN  impl.MetricRegistriesImpl (MetricRegistriesImpl.java:addReporterRegistration(111)) - New reporters are added after registries were created. Some metrics will be missing from the reporter. Please add reporter before adding any new registry.
2023-07-05 13:43:21,680 [Time-limited test] INFO  impl.MetricsSystemImpl (MetricsSystemImpl.java:init(158)) - HddsDatanode metrics system started (again)
2023-07-05 13:43:21,691 [Datanode State Machine Task Thread - 0] INFO  datanode.InitDatanodeState (InitDatanodeState.java:persistContainerDatanodeDetails(138)) - DatanodeDetails is persisted to /home/runner/work/ozone/ozone/hadoop-ozone/integration-test/target/test-dir/MiniOzoneClusterImpl-c098677b-f883-4488-a97e-c9984f4b1973/datanode-1/meta/datanode.id
2023-07-05 13:43:21,698 [Time-limited test] INFO  ozone.HddsDatanodeService (HddsDatanodeService.java:start(237)) - HddsDatanodeService host:fv-az264-29.ca02foy5wcnuvlrvrz2wi3p2og.dx.internal.cloudapp.net ip:10.1.0.13
2023-07-05 13:43:21,727 [Time-limited test] INFO  upgrade.AbstractLayoutVersionManager (AbstractLayoutVersionManager.java:init(83)) - Initializing Layout version manager with metadata layout = HADOOP_PRC_PORTS_IN_DATANODEDETAILS (version = 7), software layout = HADOOP_PRC_PORTS_IN_DATANODEDETAILS (version = 7)
2023-07-05 13:43:21,729 [Time-limited test] INFO  statemachine.DatanodeStateMachine (DatanodeStateMachine.java:getEndPointTaskThreadPoolSize(279)) - Datanode State Machine Task Thread Pool size 2
2023-07-05 13:43:21,731 [Time-limited test] INFO  volume.HddsVolume (HddsVolume.java:<init>(133)) - Creating HddsVolume: /home/runner/work/ozone/ozone/hadoop-ozone/integration-test/target/test-dir/MiniOzoneClusterImpl-c098677b-f883-4488-a97e-c9984f4b1973/datanode-2/data-0/containers/hdds of storage type : DISK capacity : 9223372036854775807
2023-07-05 13:43:21,731 [Time-limited test] INFO  volume.MutableVolumeSet (MutableVolumeSet.java:initializeVolumeSet(175)) - Added Volume : /home/runner/work/ozone/ozone/hadoop-ozone/integration-test/target/test-dir/MiniOzoneClusterImpl-c098677b-f883-4488-a97e-c9984f4b1973/datanode-2/data-0/containers/hdds to VolumeSet
2023-07-05 13:43:21,731 [Time-limited test] INFO  volume.ThrottledAsyncChecker (ThrottledAsyncChecker.java:schedule(141)) - Scheduling a check for /home/runner/work/ozone/ozone/hadoop-ozone/integration-test/target/test-dir/MiniOzoneClusterImpl-c098677b-f883-4488-a97e-c9984f4b1973/datanode-2/data-0/containers/hdds
2023-07-05 13:43:21,734 [Time-limited test] INFO  volume.StorageVolumeChecker (StorageVolumeChecker.java:checkAllVolumes(202)) - Scheduled health check for volume /home/runner/work/ozone/ozone/hadoop-ozone/integration-test/target/test-dir/MiniOzoneClusterImpl-c098677b-f883-4488-a97e-c9984f4b1973/datanode-2/data-0/containers/hdds
2023-07-05 13:43:21,737 [Time-limited test] INFO  volume.MutableVolumeSet (MutableVolumeSet.java:initializeVolumeSet(175)) - Added Volume : /home/runner/work/ozone/ozone/hadoop-ozone/integration-test/target/test-dir/MiniOzoneClusterImpl-c098677b-f883-4488-a97e-c9984f4b1973/datanode-2/data/ratis to VolumeSet
2023-07-05 13:43:21,737 [Time-limited test] INFO  volume.ThrottledAsyncChecker (ThrottledAsyncChecker.java:schedule(141)) - Scheduling a check for /home/runner/work/ozone/ozone/hadoop-ozone/integration-test/target/test-dir/MiniOzoneClusterImpl-c098677b-f883-4488-a97e-c9984f4b1973/datanode-2/data/ratis
2023-07-05 13:43:21,740 [Time-limited test] INFO  volume.StorageVolumeChecker (StorageVolumeChecker.java:checkAllVolumes(202)) - Scheduled health check for volume /home/runner/work/ozone/ozone/hadoop-ozone/integration-test/target/test-dir/MiniOzoneClusterImpl-c098677b-f883-4488-a97e-c9984f4b1973/datanode-2/data/ratis
2023-07-05 13:43:21,746 [Thread-1382] INFO  ozoneimpl.ContainerReader (ContainerReader.java:readVolume(175)) - Finish verifying containers on volume /home/runner/work/ozone/ozone/hadoop-ozone/integration-test/target/test-dir/MiniOzoneClusterImpl-c098677b-f883-4488-a97e-c9984f4b1973/datanode-2/data-0/containers/hdds
2023-07-05 13:43:21,746 [Time-limited test] INFO  ozoneimpl.OzoneContainer (OzoneContainer.java:buildContainerSet(316)) - Build ContainerSet costs 0s
2023-07-05 13:43:21,749 [Time-limited test] INFO  server.RaftServer (ConfUtils.java:logGet(46)) - raft.rpc.type = GRPC (default)
2023-07-05 13:43:21,749 [Time-limited test] INFO  grpc.GrpcConfigKeys (ConfUtils.java:logFallback(53)) - raft.grpc.admin.host = null (fallback to raft.grpc.server.host)
2023-07-05 13:43:21,749 [Time-limited test] INFO  grpc.GrpcConfigKeys (ConfUtils.java:logGet(46)) - raft.grpc.admin.port = 15137 (custom)
2023-07-05 13:43:21,749 [Time-limited test] INFO  grpc.GrpcConfigKeys (ConfUtils.java:logFallback(53)) - raft.grpc.client.host = null (fallback to raft.grpc.server.host)
2023-07-05 13:43:21,749 [Time-limited test] INFO  grpc.GrpcConfigKeys (ConfUtils.java:logGet(46)) - raft.grpc.client.port = 15136 (custom)
2023-07-05 13:43:21,749 [Time-limited test] INFO  grpc.GrpcConfigKeys (ConfUtils.java:logGet(46)) - raft.grpc.server.host = null (default)
2023-07-05 13:43:21,749 [Time-limited test] INFO  grpc.GrpcConfigKeys (ConfUtils.java:logGet(46)) - raft.grpc.server.port = 15138 (custom)
2023-07-05 13:43:21,749 [Time-limited test] INFO  server.GrpcService (ConfUtils.java:logGet(46)) - raft.grpc.message.size.max = 32MB (=33554432) (custom)
2023-07-05 13:43:21,749 [Time-limited test] INFO  server.RaftServerConfigKeys (ConfUtils.java:logGet(46)) - raft.server.log.appender.buffer.byte-limit = 33554432 (custom)
2023-07-05 13:43:21,750 [Time-limited test] INFO  server.GrpcService (ConfUtils.java:logGet(46)) - raft.grpc.flow.control.window = 5MB (=5242880) (custom)
2023-07-05 13:43:21,750 [Time-limited test] INFO  server.RaftServerConfigKeys (ConfUtils.java:logGet(46)) - raft.server.rpc.request.timeout = 60s (custom)
2023-07-05 13:43:21,750 [Time-limited test] INFO  grpc.GrpcConfigKeys (ConfUtils.java:logGet(46)) - raft.grpc.server.heartbeat.channel = true (default)
2023-07-05 13:43:21,750 [Time-limited test] INFO  grpc.GrpcConfigKeys (ConfUtils.java:logGet(46)) - raft.grpc.server.async.request.thread.pool.cached = true (default)
2023-07-05 13:43:21,750 [Time-limited test] INFO  grpc.GrpcConfigKeys (ConfUtils.java:logGet(46)) - raft.grpc.server.async.request.thread.pool.size = 32 (default)
2023-07-05 13:43:21,753 [Time-limited test] INFO  impl.DataStreamServerImpl (ConfUtils.java:logGet(46)) - raft.datastream.type = NETTY (custom)
2023-07-05 13:43:21,753 [Time-limited test] INFO  server.RaftServerConfigKeys (ConfUtils.java:logGet(46)) - raft.server.data-stream.async.request.thread.pool.cached = false (default)
2023-07-05 13:43:21,753 [Time-limited test] INFO  server.RaftServerConfigKeys (ConfUtils.java:logGet(46)) - raft.server.data-stream.async.request.thread.pool.size = 20 (custom)
2023-07-05 13:43:21,753 [Time-limited test] INFO  server.RaftServerConfigKeys (ConfUtils.java:logGet(46)) - raft.server.data-stream.async.write.thread.pool.size = 16 (default)
2023-07-05 13:43:21,753 [Time-limited test] INFO  server.RaftServerConfigKeys (ConfUtils.java:logGet(46)) - raft.server.data-stream.client.pool.size = 10 (default)
2023-07-05 13:43:21,753 [Time-limited test] INFO  netty.NettyConfigKeys$DataStream (ConfUtils.java:logGet(46)) - raft.netty.dataStream.server.use-epoll = false (default)
2023-07-05 13:43:21,754 [Time-limited test] INFO  netty.NettyConfigKeys$DataStream (ConfUtils.java:logGet(46)) - raft.netty.dataStream.server.boss-group.size = 0 (default)
2023-07-05 13:43:21,754 [Time-limited test] INFO  netty.NettyConfigKeys$DataStream (ConfUtils.java:logGet(46)) - raft.netty.dataStream.server.worker-group.size = 0 (default)
2023-07-05 13:43:21,754 [Time-limited test] INFO  netty.NettyConfigKeys$DataStream (ConfUtils.java:logGet(46)) - raft.netty.dataStream.server.tls.conf = null (default)
2023-07-05 13:43:21,754 [Time-limited test] INFO  netty.NettyConfigKeys$DataStream (ConfUtils.java:logGet(46)) - raft.netty.dataStream.host = null (default)
2023-07-05 13:43:21,754 [Time-limited test] INFO  netty.NettyConfigKeys$DataStream (ConfUtils.java:logGet(46)) - raft.netty.dataStream.port = 15139 (custom)
2023-07-05 13:43:21,755 [Time-limited test] INFO  server.RaftServerConfigKeys (ConfUtils.java:logGet(46)) - raft.server.threadpool.proxy.cached = true (default)
2023-07-05 13:43:21,755 [Time-limited test] INFO  server.RaftServerConfigKeys (ConfUtils.java:logGet(46)) - raft.server.threadpool.proxy.size = 0 (default)
2023-07-05 13:43:21,755 [Time-limited test] INFO  server.RaftServerConfigKeys (ConfUtils.java:logGet(46)) - raft.server.rpc.slowness.timeout = 300s (custom)
2023-07-05 13:43:21,755 [Time-limited test] INFO  server.RaftServerConfigKeys (ConfUtils.java:logGet(46)) - raft.server.leaderelection.leader.step-down.wait-time = 10s (default)
2023-07-05 13:43:21,755 [Time-limited test] INFO  server.RaftServerConfigKeys (ConfUtils.java:logGet(46)) - raft.server.storage.dir = [/home/runner/work/ozone/ozone/hadoop-ozone/integration-test/target/test-dir/MiniOzoneClusterImpl-c098677b-f883-4488-a97e-c9984f4b1973/datanode-2/data/ratis] (custom)
2023-07-05 13:43:21,756 [3a238b95-76ec-4438-89aa-518182fac512-NettyServerStreamRpc-bossGroup--thread1] INFO  logging.LoggingHandler (AbstractInternalLogger.java:log(148)) - [id: 0x4c3f6986] REGISTERED
2023-07-05 13:43:21,756 [3a238b95-76ec-4438-89aa-518182fac512-NettyServerStreamRpc-bossGroup--thread1] INFO  logging.LoggingHandler (AbstractInternalLogger.java:log(148)) - [id: 0x4c3f6986] BIND: 0.0.0.0/0.0.0.0:15139
2023-07-05 13:43:21,756 [3a238b95-76ec-4438-89aa-518182fac512-NettyServerStreamRpc-bossGroup--thread1] INFO  logging.LoggingHandler (AbstractInternalLogger.java:log(148)) - [id: 0x4c3f6986, L:/0:0:0:0:0:0:0:0:15139] ACTIVE
2023-07-05 13:43:21,759 [Time-limited test] INFO  server.XceiverServerGrpc (XceiverServerGrpc.java:<init>(132)) - GrpcServer channel type EpollServerSocketChannel
2023-07-05 13:43:21,760 [Time-limited test] INFO  replication.ReplicationSupervisor (ReplicationSupervisor.java:nodeStateUpdated(305)) - Node state updated to IN_SERVICE, scaling executor pool size to 10
2023-07-05 13:43:21,762 [Time-limited test] INFO  http.BaseHttpServer (BaseHttpServer.java:newHttpServer2BuilderForOzone(224)) - Starting Web-server for hddsDatanode at: http://0.0.0.0:15133
2023-07-05 13:43:21,762 [Time-limited test] INFO  http.BaseHttpServer (BaseHttpServer.java:<init>(111)) - Hadoop Security Enabled: false Ozone Security Enabled: false Ozone HTTP Security Enabled: false 
2023-07-05 13:43:21,763 [Time-limited test] WARN  server.AuthenticationFilter (AuthenticationFilter.java:constructSecretProvider(240)) - Unable to initialize FileSignerSecretProvider, falling back to use random secrets. Reason: Could not read signature secret file: /home/runner/hadoop-http-auth-signature-secret
2023-07-05 13:43:21,767 [Time-limited test] INFO  http.HttpRequestLog (HttpRequestLog.java:getRequestLog(86)) - Http request log for http.requests.hddsDatanode is not defined
2023-07-05 13:43:21,768 [Time-limited test] INFO  http.HttpServer2 (HttpServer2.java:addGlobalFilter(1031)) - Added global filter 'safety' (class=org.apache.hadoop.hdds.server.http.HttpServer2$QuotingInputFilter)
2023-07-05 13:43:21,769 [Time-limited test] INFO  http.HttpServer2 (HttpServer2.java:addFilter(1007)) - Added filter static_user_filter (class=org.apache.hadoop.http.lib.StaticUserWebFilter$StaticUserFilter) to context hddsDatanode
2023-07-05 13:43:21,769 [Time-limited test] INFO  http.HttpServer2 (HttpServer2.java:addFilter(1015)) - Added filter static_user_filter (class=org.apache.hadoop.http.lib.StaticUserWebFilter$StaticUserFilter) to context static
2023-07-05 13:43:21,769 [Time-limited test] INFO  http.HttpServer2 (HttpServer2.java:addFilter(1015)) - Added filter static_user_filter (class=org.apache.hadoop.http.lib.StaticUserWebFilter$StaticUserFilter) to context logs
2023-07-05 13:43:21,769 [Time-limited test] INFO  http.BaseHttpServer (BaseHttpServer.java:<init>(190)) - HTTP server of hddsDatanode uses base directory /home/runner/work/ozone/ozone/hadoop-ozone/integration-test/target/test-dir/MiniOzoneClusterImpl-c098677b-f883-4488-a97e-c9984f4b1973/datanode-2/meta/webserver
2023-07-05 13:43:21,769 [Time-limited test] INFO  http.HttpServer2 (HttpServer2.java:bindListener(1250)) - Jetty bound to port 15133
2023-07-05 13:43:21,770 [Time-limited test] INFO  server.Server (Server.java:doStart(375)) - jetty-9.4.51.v20230217; built: 2023-02-17T08:19:37.309Z; git: b45c405e4544384de066f814ed42ae3dceacdd49; jvm 1.8.0_372-b07
2023-07-05 13:43:21,772 [Time-limited test] INFO  server.session (DefaultSessionIdManager.java:doStart(334)) - DefaultSessionIdManager workerName=node0
2023-07-05 13:43:21,772 [Time-limited test] INFO  server.session (DefaultSessionIdManager.java:doStart(339)) - No SessionScavenger set, using defaults
2023-07-05 13:43:21,772 [Time-limited test] INFO  server.session (HouseKeeper.java:startScavenging(132)) - node0 Scavenging every 660000ms
2023-07-05 13:43:21,773 [Time-limited test] INFO  handler.ContextHandler (ContextHandler.java:doStart(921)) - Started o.e.j.s.ServletContextHandler@7f3e5044{logs,/logs,file:///home/runner/work/ozone/ozone/hadoop-ozone/integration-test/target/log,AVAILABLE}
2023-07-05 13:43:21,773 [Time-limited test] INFO  handler.ContextHandler (ContextHandler.java:doStart(921)) - Started o.e.j.s.ServletContextHandler@1cc74c9{static,/static,jar:file:/home/runner/.m2/repository/org/apache/ozone/hdds-container-service/1.4.0-SNAPSHOT/hdds-container-service-1.4.0-SNAPSHOT.jar!/webapps/static,AVAILABLE}
2023-07-05 13:43:21,991 [ReplicationMonitor] INFO  replication.ReplicationManager (ReplicationManager.java:processAll(361)) - Replication Manager is not ready to run until 3000ms after safemode exit
2023-07-05 13:43:22,048 [Time-limited test] INFO  handler.ContextHandler (ContextHandler.java:doStart(921)) - Started o.e.j.w.WebAppContext@59bd1334{hddsDatanode,/,file:///home/runner/work/ozone/ozone/hadoop-ozone/integration-test/target/test-dir/MiniOzoneClusterImpl-c098677b-f883-4488-a97e-c9984f4b1973/datanode-2/meta/webserver/jetty-0_0_0_0-15133-hdds-container-service-1_4_0-SNAPSHOT_jar-_-any-887651173835019328/webapp/,AVAILABLE}{jar:file:/home/runner/.m2/repository/org/apache/ozone/hdds-container-service/1.4.0-SNAPSHOT/hdds-container-service-1.4.0-SNAPSHOT.jar!/webapps/hddsDatanode}
2023-07-05 13:43:22,050 [Time-limited test] INFO  server.AbstractConnector (AbstractConnector.java:doStart(333)) - Started ServerConnector@125cc3fa{HTTP/1.1, (http/1.1)}{0.0.0.0:15133}
2023-07-05 13:43:22,050 [Time-limited test] INFO  server.Server (Server.java:doStart(415)) - Started @111336ms
2023-07-05 13:43:22,050 [Time-limited test] WARN  impl.MetricsSystemImpl (MetricsSystemImpl.java:register(279)) - Sink prometheus already exists!
2023-07-05 13:43:22,051 [Time-limited test] INFO  http.BaseHttpServer (BaseHttpServer.java:updateConnectorAddress(344)) - HTTP server of hddsDatanode listening at http://0.0.0.0:15133
2023-07-05 13:43:22,051 [Time-limited test] INFO  ipc.CallQueueManager (CallQueueManager.java:<init>(90)) - Using callQueue: class java.util.concurrent.LinkedBlockingQueue, queueCapacity: 100, scheduler: class org.apache.hadoop.ipc.DefaultRpcScheduler, ipcBackoff: false.
2023-07-05 13:43:22,052 [Time-limited test] INFO  ipc.Server (Server.java:<init>(1287)) - Listener at 0.0.0.0:15134
2023-07-05 13:43:22,052 [Socket Reader #1 for port 15134] INFO  ipc.Server (Server.java:run(1323)) - Starting Socket Reader #1 for port 15134
2023-07-05 13:43:22,055 [om1@group-C5BA1605619E-FollowerState] INFO  impl.FollowerState (FollowerState.java:run(143)) - om1@group-C5BA1605619E-FollowerState: change to CANDIDATE, lastRpcElapsedTime:1090800783ns, electionTimeout:1089ms
2023-07-05 13:43:22,055 [om1@group-C5BA1605619E-FollowerState] INFO  impl.RoleInfo (RoleInfo.java:shutdownFollowerState(110)) - om1: shutdown om1@group-C5BA1605619E-FollowerState
2023-07-05 13:43:22,055 [om1@group-C5BA1605619E-FollowerState] INFO  server.RaftServer$Division (RaftServerImpl.java:setRole(329)) - om1@group-C5BA1605619E: changes role from  FOLLOWER to CANDIDATE at term 0 for changeToCandidate
2023-07-05 13:43:22,055 [om1@group-C5BA1605619E-FollowerState] INFO  server.RaftServerConfigKeys (ConfUtils.java:logGet(46)) - raft.server.leaderelection.pre-vote = true (default)
2023-07-05 13:43:22,055 [om1@group-C5BA1605619E-FollowerState] INFO  impl.RoleInfo (RoleInfo.java:updateAndGet(139)) - om1: start om1@group-C5BA1605619E-LeaderElection25
2023-07-05 13:43:22,063 [om1@group-C5BA1605619E-LeaderElection25] INFO  impl.LeaderElection (LeaderElection.java:askForVotes(321)) - om1@group-C5BA1605619E-LeaderElection25 PRE_VOTE round 0: submit vote requests at term 0 for -1: peers:[om1|rpc:localhost:15113|priority:0|startupRole:FOLLOWER]|listeners:[], old=null
2023-07-05 13:43:22,063 [om1@group-C5BA1605619E-LeaderElection25] INFO  impl.LeaderElection (LeaderElection.java:askForVotes(323)) - om1@group-C5BA1605619E-LeaderElection25 PRE_VOTE round 0: result PASSED (term=0)
2023-07-05 13:43:22,066 [om1@group-C5BA1605619E-LeaderElection25] INFO  impl.LeaderElection (LeaderElection.java:askForVotes(321)) - om1@group-C5BA1605619E-LeaderElection25 ELECTION round 0: submit vote requests at term 1 for -1: peers:[om1|rpc:localhost:15113|priority:0|startupRole:FOLLOWER]|listeners:[], old=null
2023-07-05 13:43:22,066 [om1@group-C5BA1605619E-LeaderElection25] INFO  impl.LeaderElection (LeaderElection.java:askForVotes(323)) - om1@group-C5BA1605619E-LeaderElection25 ELECTION round 0: result PASSED (term=1)
2023-07-05 13:43:22,066 [om1@group-C5BA1605619E-LeaderElection25] INFO  impl.RoleInfo (RoleInfo.java:shutdownLeaderElection(130)) - om1: shutdown om1@group-C5BA1605619E-LeaderElection25
2023-07-05 13:43:22,066 [om1@group-C5BA1605619E-LeaderElection25] INFO  server.RaftServer$Division (RaftServerImpl.java:setRole(329)) - om1@group-C5BA1605619E: changes role from CANDIDATE to LEADER at term 1 for changeToLeader
2023-07-05 13:43:22,066 [om1@group-C5BA1605619E-LeaderElection25] INFO  server.RaftServer$Division (ServerState.java:setLeader(317)) - om1@group-C5BA1605619E: change Leader from null to om1 at term 1 for becomeLeader, leader elected after 1557ms
2023-07-05 13:43:22,066 [om1@group-C5BA1605619E-LeaderElection25] INFO  server.RaftServerConfigKeys (ConfUtils.java:logGet(46)) - raft.server.staging.catchup.gap = 1000 (default)
2023-07-05 13:43:22,068 [om1@group-C5BA1605619E-LeaderElection25] INFO  server.RaftServerConfigKeys (ConfUtils.java:logGet(46)) - raft.server.write.element-limit = 4096 (default)
2023-07-05 13:43:22,068 [om1@group-C5BA1605619E-LeaderElection25] INFO  server.RaftServerConfigKeys (ConfUtils.java:logGet(46)) - raft.server.write.byte-limit = 64MB (=67108864) (default)
2023-07-05 13:43:22,068 [Time-limited test] INFO  ozone.HddsDatanodeService (HddsDatanodeService.java:start(315)) - Datanode start with admins: [runner]
2023-07-05 13:43:22,068 [om1@group-C5BA1605619E-LeaderElection25] INFO  server.RaftServerConfigKeys (ConfUtils.java:logGet(46)) - raft.server.watch.timeout = 10s (default)
2023-07-05 13:43:22,068 [om1@group-C5BA1605619E-LeaderElection25] INFO  server.RaftServerConfigKeys (ConfUtils.java:logGet(46)) - raft.server.watch.timeout.denomination = 1s (default)
2023-07-05 13:43:22,068 [om1@group-C5BA1605619E-LeaderElection25] INFO  server.RaftServerConfigKeys (ConfUtils.java:logGet(46)) - raft.server.watch.element-limit = 65536 (default)
2023-07-05 13:43:22,068 [om1@group-C5BA1605619E-LeaderElection25] INFO  server.RaftServerConfigKeys (ConfUtils.java:logGet(46)) - raft.server.write.element-limit = 4096 (default)
2023-07-05 13:43:22,068 [om1@group-C5BA1605619E-LeaderElection25] INFO  server.RaftServerConfigKeys (ConfUtils.java:logGet(46)) - raft.server.write.follower.gap.ratio.max = -1.0 (default)
2023-07-05 13:43:22,068 [om1@group-C5BA1605619E-LeaderElection25] INFO  impl.RoleInfo (RoleInfo.java:updateAndGet(139)) - om1: start om1@group-C5BA1605619E-LeaderStateImpl
2023-07-05 13:43:22,068 [Time-limited test] INFO  ozone.HddsDatanodeClientProtocolServer (HddsDatanodeClientProtocolServer.java:start(72)) - RPC server for Client /0.0.0.0:15134
2023-07-05 13:43:22,068 [om1@group-C5BA1605619E-LeaderElection25] INFO  segmented.SegmentedRaftLogWorker (SegmentedRaftLogWorker.java:startLogSegment(447)) - om1@group-C5BA1605619E-SegmentedRaftLogWorker: Starting segment from index:0
2023-07-05 13:43:22,070 [IPC Server Responder] INFO  ipc.Server (Server.java:run(1562)) - IPC Server Responder: starting
2023-07-05 13:43:22,074 [IPC Server listener on 15134] INFO  ipc.Server (Server.java:run(1402)) - IPC Server listener on 15134: starting
2023-07-05 13:43:22,081 [om1@group-C5BA1605619E-LeaderElection25] INFO  server.RaftServer$Division (ServerState.java:setRaftConf(434)) - om1@group-C5BA1605619E: set configuration 0: peers:[om1|rpc:localhost:15113|admin:|client:|dataStream:|priority:0|startupRole:FOLLOWER]|listeners:[], old=null
2023-07-05 13:43:22,088 [Datanode State Machine Daemon Thread] INFO  statemachine.DatanodeStateMachine (DatanodeStateMachine.java:lambda$startDaemon$0(531)) - Ozone container server started.
2023-07-05 13:43:22,088 [om1@group-C5BA1605619E-SegmentedRaftLogWorker] INFO  segmented.SegmentedRaftLogWorker (SegmentedRaftLogWorker.java:execute(651)) - om1@group-C5BA1605619E-SegmentedRaftLogWorker: created new log segment /home/runner/work/ozone/ozone/hadoop-ozone/integration-test/target/test-dir/MiniOzoneClusterImpl-c098677b-f883-4488-a97e-c9984f4b1973/ozone-meta/ratis/bf265839-605b-3f16-9796-c5ba1605619e/current/log_inprogress_0
2023-07-05 13:43:22,088 [Time-limited test] WARN  impl.MetricRegistriesImpl (MetricRegistriesImpl.java:addReporterRegistration(111)) - New reporters are added after registries were created. Some metrics will be missing from the reporter. Please add reporter before adding any new registry.
2023-07-05 13:43:22,088 [Time-limited test] WARN  impl.MetricRegistriesImpl (MetricRegistriesImpl.java:addReporterRegistration(111)) - New reporters are added after registries were created. Some metrics will be missing from the reporter. Please add reporter before adding any new registry.
2023-07-05 13:43:22,088 [Time-limited test] INFO  impl.MetricsSystemImpl (MetricsSystemImpl.java:init(158)) - HddsDatanode metrics system started (again)
2023-07-05 13:43:22,099 [om1@group-C5BA1605619E-StateMachineUpdater] INFO  ratis.OzoneManagerStateMachine (OzoneManagerStateMachine.java:notifyConfigurationChanged(201)) - Received Configuration change notification from Ratis. New Peer list:
[id: "om1"
address: "localhost:15113"
startupRole: FOLLOWER
]
2023-07-05 13:43:22,103 [Datanode State Machine Task Thread - 0] INFO  datanode.InitDatanodeState (InitDatanodeState.java:persistContainerDatanodeDetails(138)) - DatanodeDetails is persisted to /home/runner/work/ozone/ozone/hadoop-ozone/integration-test/target/test-dir/MiniOzoneClusterImpl-c098677b-f883-4488-a97e-c9984f4b1973/datanode-2/meta/datanode.id
2023-07-05 13:43:22,108 [Time-limited test] INFO  ozone.HddsDatanodeService (HddsDatanodeService.java:start(237)) - HddsDatanodeService host:fv-az264-29.ca02foy5wcnuvlrvrz2wi3p2og.dx.internal.cloudapp.net ip:10.1.0.13
2023-07-05 13:43:22,132 [Time-limited test] INFO  upgrade.AbstractLayoutVersionManager (AbstractLayoutVersionManager.java:init(83)) - Initializing Layout version manager with metadata layout = HADOOP_PRC_PORTS_IN_DATANODEDETAILS (version = 7), software layout = HADOOP_PRC_PORTS_IN_DATANODEDETAILS (version = 7)
2023-07-05 13:43:22,133 [Time-limited test] INFO  statemachine.DatanodeStateMachine (DatanodeStateMachine.java:getEndPointTaskThreadPoolSize(279)) - Datanode State Machine Task Thread Pool size 2
2023-07-05 13:43:22,135 [Time-limited test] INFO  volume.HddsVolume (HddsVolume.java:<init>(133)) - Creating HddsVolume: /home/runner/work/ozone/ozone/hadoop-ozone/integration-test/target/test-dir/MiniOzoneClusterImpl-c098677b-f883-4488-a97e-c9984f4b1973/datanode-3/data-0/containers/hdds of storage type : DISK capacity : 9223372036854775807
2023-07-05 13:43:22,136 [Time-limited test] INFO  volume.MutableVolumeSet (MutableVolumeSet.java:initializeVolumeSet(175)) - Added Volume : /home/runner/work/ozone/ozone/hadoop-ozone/integration-test/target/test-dir/MiniOzoneClusterImpl-c098677b-f883-4488-a97e-c9984f4b1973/datanode-3/data-0/containers/hdds to VolumeSet
2023-07-05 13:43:22,136 [Time-limited test] INFO  volume.ThrottledAsyncChecker (ThrottledAsyncChecker.java:schedule(141)) - Scheduling a check for /home/runner/work/ozone/ozone/hadoop-ozone/integration-test/target/test-dir/MiniOzoneClusterImpl-c098677b-f883-4488-a97e-c9984f4b1973/datanode-3/data-0/containers/hdds
2023-07-05 13:43:22,136 [Time-limited test] INFO  volume.StorageVolumeChecker (StorageVolumeChecker.java:checkAllVolumes(202)) - Scheduled health check for volume /home/runner/work/ozone/ozone/hadoop-ozone/integration-test/target/test-dir/MiniOzoneClusterImpl-c098677b-f883-4488-a97e-c9984f4b1973/datanode-3/data-0/containers/hdds
2023-07-05 13:43:22,142 [Time-limited test] INFO  volume.MutableVolumeSet (MutableVolumeSet.java:initializeVolumeSet(175)) - Added Volume : /home/runner/work/ozone/ozone/hadoop-ozone/integration-test/target/test-dir/MiniOzoneClusterImpl-c098677b-f883-4488-a97e-c9984f4b1973/datanode-3/data/ratis to VolumeSet
2023-07-05 13:43:22,142 [Time-limited test] INFO  volume.ThrottledAsyncChecker (ThrottledAsyncChecker.java:schedule(141)) - Scheduling a check for /home/runner/work/ozone/ozone/hadoop-ozone/integration-test/target/test-dir/MiniOzoneClusterImpl-c098677b-f883-4488-a97e-c9984f4b1973/datanode-3/data/ratis
2023-07-05 13:43:22,142 [Time-limited test] INFO  volume.StorageVolumeChecker (StorageVolumeChecker.java:checkAllVolumes(202)) - Scheduled health check for volume /home/runner/work/ozone/ozone/hadoop-ozone/integration-test/target/test-dir/MiniOzoneClusterImpl-c098677b-f883-4488-a97e-c9984f4b1973/datanode-3/data/ratis
2023-07-05 13:43:22,145 [Thread-1401] INFO  ozoneimpl.ContainerReader (ContainerReader.java:readVolume(175)) - Finish verifying containers on volume /home/runner/work/ozone/ozone/hadoop-ozone/integration-test/target/test-dir/MiniOzoneClusterImpl-c098677b-f883-4488-a97e-c9984f4b1973/datanode-3/data-0/containers/hdds
2023-07-05 13:43:22,145 [Time-limited test] INFO  ozoneimpl.OzoneContainer (OzoneContainer.java:buildContainerSet(316)) - Build ContainerSet costs 0s
2023-07-05 13:43:22,147 [Time-limited test] INFO  server.RaftServer (ConfUtils.java:logGet(46)) - raft.rpc.type = GRPC (default)
2023-07-05 13:43:22,147 [Time-limited test] INFO  grpc.GrpcConfigKeys (ConfUtils.java:logFallback(53)) - raft.grpc.admin.host = null (fallback to raft.grpc.server.host)
2023-07-05 13:43:22,147 [Time-limited test] INFO  grpc.GrpcConfigKeys (ConfUtils.java:logGet(46)) - raft.grpc.admin.port = 15146 (custom)
2023-07-05 13:43:22,147 [Time-limited test] INFO  grpc.GrpcConfigKeys (ConfUtils.java:logFallback(53)) - raft.grpc.client.host = null (fallback to raft.grpc.server.host)
2023-07-05 13:43:22,147 [Time-limited test] INFO  grpc.GrpcConfigKeys (ConfUtils.java:logGet(46)) - raft.grpc.client.port = 15145 (custom)
2023-07-05 13:43:22,147 [Time-limited test] INFO  grpc.GrpcConfigKeys (ConfUtils.java:logGet(46)) - raft.grpc.server.host = null (default)
2023-07-05 13:43:22,147 [Time-limited test] INFO  grpc.GrpcConfigKeys (ConfUtils.java:logGet(46)) - raft.grpc.server.port = 15147 (custom)
2023-07-05 13:43:22,147 [Time-limited test] INFO  server.GrpcService (ConfUtils.java:logGet(46)) - raft.grpc.message.size.max = 32MB (=33554432) (custom)
2023-07-05 13:43:22,148 [Time-limited test] INFO  server.RaftServerConfigKeys (ConfUtils.java:logGet(46)) - raft.server.log.appender.buffer.byte-limit = 33554432 (custom)
2023-07-05 13:43:22,148 [Time-limited test] INFO  server.GrpcService (ConfUtils.java:logGet(46)) - raft.grpc.flow.control.window = 5MB (=5242880) (custom)
2023-07-05 13:43:22,148 [Time-limited test] INFO  server.RaftServerConfigKeys (ConfUtils.java:logGet(46)) - raft.server.rpc.request.timeout = 60s (custom)
2023-07-05 13:43:22,148 [Time-limited test] INFO  grpc.GrpcConfigKeys (ConfUtils.java:logGet(46)) - raft.grpc.server.heartbeat.channel = true (default)
2023-07-05 13:43:22,148 [Time-limited test] INFO  grpc.GrpcConfigKeys (ConfUtils.java:logGet(46)) - raft.grpc.server.async.request.thread.pool.cached = true (default)
2023-07-05 13:43:22,148 [Time-limited test] INFO  grpc.GrpcConfigKeys (ConfUtils.java:logGet(46)) - raft.grpc.server.async.request.thread.pool.size = 32 (default)
2023-07-05 13:43:22,154 [Time-limited test] INFO  impl.DataStreamServerImpl (ConfUtils.java:logGet(46)) - raft.datastream.type = NETTY (custom)
2023-07-05 13:43:22,154 [Time-limited test] INFO  server.RaftServerConfigKeys (ConfUtils.java:logGet(46)) - raft.server.data-stream.async.request.thread.pool.cached = false (default)
2023-07-05 13:43:22,154 [Time-limited test] INFO  server.RaftServerConfigKeys (ConfUtils.java:logGet(46)) - raft.server.data-stream.async.request.thread.pool.size = 20 (custom)
2023-07-05 13:43:22,154 [Time-limited test] INFO  server.RaftServerConfigKeys (ConfUtils.java:logGet(46)) - raft.server.data-stream.async.write.thread.pool.size = 16 (default)
2023-07-05 13:43:22,155 [Time-limited test] INFO  server.RaftServerConfigKeys (ConfUtils.java:logGet(46)) - raft.server.data-stream.client.pool.size = 10 (default)
2023-07-05 13:43:22,155 [Time-limited test] INFO  netty.NettyConfigKeys$DataStream (ConfUtils.java:logGet(46)) - raft.netty.dataStream.server.use-epoll = false (default)
2023-07-05 13:43:22,155 [Time-limited test] INFO  netty.NettyConfigKeys$DataStream (ConfUtils.java:logGet(46)) - raft.netty.dataStream.server.boss-group.size = 0 (default)
2023-07-05 13:43:22,155 [Time-limited test] INFO  netty.NettyConfigKeys$DataStream (ConfUtils.java:logGet(46)) - raft.netty.dataStream.server.worker-group.size = 0 (default)
2023-07-05 13:43:22,155 [Time-limited test] INFO  netty.NettyConfigKeys$DataStream (ConfUtils.java:logGet(46)) - raft.netty.dataStream.server.tls.conf = null (default)
2023-07-05 13:43:22,156 [Time-limited test] INFO  netty.NettyConfigKeys$DataStream (ConfUtils.java:logGet(46)) - raft.netty.dataStream.host = null (default)
2023-07-05 13:43:22,156 [Time-limited test] INFO  netty.NettyConfigKeys$DataStream (ConfUtils.java:logGet(46)) - raft.netty.dataStream.port = 15148 (custom)
2023-07-05 13:43:22,156 [Time-limited test] INFO  server.RaftServerConfigKeys (ConfUtils.java:logGet(46)) - raft.server.threadpool.proxy.cached = true (default)
2023-07-05 13:43:22,156 [Time-limited test] INFO  server.RaftServerConfigKeys (ConfUtils.java:logGet(46)) - raft.server.threadpool.proxy.size = 0 (default)
2023-07-05 13:43:22,156 [Time-limited test] INFO  server.RaftServerConfigKeys (ConfUtils.java:logGet(46)) - raft.server.rpc.slowness.timeout = 300s (custom)
2023-07-05 13:43:22,156 [Time-limited test] INFO  server.RaftServerConfigKeys (ConfUtils.java:logGet(46)) - raft.server.leaderelection.leader.step-down.wait-time = 10s (default)
2023-07-05 13:43:22,156 [Time-limited test] INFO  server.RaftServerConfigKeys (ConfUtils.java:logGet(46)) - raft.server.storage.dir = [/home/runner/work/ozone/ozone/hadoop-ozone/integration-test/target/test-dir/MiniOzoneClusterImpl-c098677b-f883-4488-a97e-c9984f4b1973/datanode-3/data/ratis] (custom)
2023-07-05 13:43:22,157 [7df8e922-d468-4b37-8758-318e891131cb-NettyServerStreamRpc-bossGroup--thread1] INFO  logging.LoggingHandler (AbstractInternalLogger.java:log(148)) - [id: 0xf7130c98] REGISTERED
2023-07-05 13:43:22,157 [7df8e922-d468-4b37-8758-318e891131cb-NettyServerStreamRpc-bossGroup--thread1] INFO  logging.LoggingHandler (AbstractInternalLogger.java:log(148)) - [id: 0xf7130c98] BIND: 0.0.0.0/0.0.0.0:15148
2023-07-05 13:43:22,157 [7df8e922-d468-4b37-8758-318e891131cb-NettyServerStreamRpc-bossGroup--thread1] INFO  logging.LoggingHandler (AbstractInternalLogger.java:log(148)) - [id: 0xf7130c98, L:/0:0:0:0:0:0:0:0:15148] ACTIVE
2023-07-05 13:43:22,159 [Time-limited test] INFO  server.XceiverServerGrpc (XceiverServerGrpc.java:<init>(132)) - GrpcServer channel type EpollServerSocketChannel
2023-07-05 13:43:22,161 [Time-limited test] INFO  replication.ReplicationSupervisor (ReplicationSupervisor.java:nodeStateUpdated(305)) - Node state updated to IN_SERVICE, scaling executor pool size to 10
2023-07-05 13:43:22,172 [Time-limited test] INFO  http.BaseHttpServer (BaseHttpServer.java:newHttpServer2BuilderForOzone(224)) - Starting Web-server for hddsDatanode at: http://0.0.0.0:15142
2023-07-05 13:43:22,172 [Time-limited test] INFO  http.BaseHttpServer (BaseHttpServer.java:<init>(111)) - Hadoop Security Enabled: false Ozone Security Enabled: false Ozone HTTP Security Enabled: false 
2023-07-05 13:43:22,175 [Time-limited test] WARN  server.AuthenticationFilter (AuthenticationFilter.java:constructSecretProvider(240)) - Unable to initialize FileSignerSecretProvider, falling back to use random secrets. Reason: Could not read signature secret file: /home/runner/hadoop-http-auth-signature-secret
2023-07-05 13:43:22,178 [Time-limited test] INFO  http.HttpRequestLog (HttpRequestLog.java:getRequestLog(86)) - Http request log for http.requests.hddsDatanode is not defined
2023-07-05 13:43:22,181 [Time-limited test] INFO  http.HttpServer2 (HttpServer2.java:addGlobalFilter(1031)) - Added global filter 'safety' (class=org.apache.hadoop.hdds.server.http.HttpServer2$QuotingInputFilter)
2023-07-05 13:43:22,181 [Time-limited test] INFO  http.HttpServer2 (HttpServer2.java:addFilter(1007)) - Added filter static_user_filter (class=org.apache.hadoop.http.lib.StaticUserWebFilter$StaticUserFilter) to context hddsDatanode
2023-07-05 13:43:22,181 [Time-limited test] INFO  http.HttpServer2 (HttpServer2.java:addFilter(1015)) - Added filter static_user_filter (class=org.apache.hadoop.http.lib.StaticUserWebFilter$StaticUserFilter) to context static
2023-07-05 13:43:22,183 [Time-limited test] INFO  http.HttpServer2 (HttpServer2.java:addFilter(1015)) - Added filter static_user_filter (class=org.apache.hadoop.http.lib.StaticUserWebFilter$StaticUserFilter) to context logs
2023-07-05 13:43:22,183 [Time-limited test] INFO  http.BaseHttpServer (BaseHttpServer.java:<init>(190)) - HTTP server of hddsDatanode uses base directory /home/runner/work/ozone/ozone/hadoop-ozone/integration-test/target/test-dir/MiniOzoneClusterImpl-c098677b-f883-4488-a97e-c9984f4b1973/datanode-3/meta/webserver
2023-07-05 13:43:22,183 [Time-limited test] INFO  http.HttpServer2 (HttpServer2.java:bindListener(1250)) - Jetty bound to port 15142
2023-07-05 13:43:22,183 [Time-limited test] INFO  server.Server (Server.java:doStart(375)) - jetty-9.4.51.v20230217; built: 2023-02-17T08:19:37.309Z; git: b45c405e4544384de066f814ed42ae3dceacdd49; jvm 1.8.0_372-b07
2023-07-05 13:43:22,190 [Time-limited test] INFO  server.session (DefaultSessionIdManager.java:doStart(334)) - DefaultSessionIdManager workerName=node0
2023-07-05 13:43:22,190 [Time-limited test] INFO  server.session (DefaultSessionIdManager.java:doStart(339)) - No SessionScavenger set, using defaults
2023-07-05 13:43:22,198 [Time-limited test] INFO  server.session (HouseKeeper.java:startScavenging(132)) - node0 Scavenging every 660000ms
2023-07-05 13:43:22,199 [Time-limited test] INFO  handler.ContextHandler (ContextHandler.java:doStart(921)) - Started o.e.j.s.ServletContextHandler@431ee15c{logs,/logs,file:///home/runner/work/ozone/ozone/hadoop-ozone/integration-test/target/log,AVAILABLE}
2023-07-05 13:43:22,199 [Time-limited test] INFO  handler.ContextHandler (ContextHandler.java:doStart(921)) - Started o.e.j.s.ServletContextHandler@39d912a8{static,/static,jar:file:/home/runner/.m2/repository/org/apache/ozone/hdds-container-service/1.4.0-SNAPSHOT/hdds-container-service-1.4.0-SNAPSHOT.jar!/webapps/static,AVAILABLE}
2023-07-05 13:43:22,440 [Time-limited test] INFO  handler.ContextHandler (ContextHandler.java:doStart(921)) - Started o.e.j.w.WebAppContext@4228c2f6{hddsDatanode,/,file:///home/runner/work/ozone/ozone/hadoop-ozone/integration-test/target/test-dir/MiniOzoneClusterImpl-c098677b-f883-4488-a97e-c9984f4b1973/datanode-3/meta/webserver/jetty-0_0_0_0-15142-hdds-container-service-1_4_0-SNAPSHOT_jar-_-any-5827894082459294054/webapp/,AVAILABLE}{jar:file:/home/runner/.m2/repository/org/apache/ozone/hdds-container-service/1.4.0-SNAPSHOT/hdds-container-service-1.4.0-SNAPSHOT.jar!/webapps/hddsDatanode}
2023-07-05 13:43:22,443 [Time-limited test] INFO  server.AbstractConnector (AbstractConnector.java:doStart(333)) - Started ServerConnector@1c00d0c4{HTTP/1.1, (http/1.1)}{0.0.0.0:15142}
2023-07-05 13:43:22,443 [Time-limited test] INFO  server.Server (Server.java:doStart(415)) - Started @111729ms
2023-07-05 13:43:22,443 [Time-limited test] WARN  impl.MetricsSystemImpl (MetricsSystemImpl.java:register(279)) - Sink prometheus already exists!
2023-07-05 13:43:22,444 [Time-limited test] INFO  http.BaseHttpServer (BaseHttpServer.java:updateConnectorAddress(344)) - HTTP server of hddsDatanode listening at http://0.0.0.0:15142
2023-07-05 13:43:22,444 [Time-limited test] INFO  ipc.CallQueueManager (CallQueueManager.java:<init>(90)) - Using callQueue: class java.util.concurrent.LinkedBlockingQueue, queueCapacity: 100, scheduler: class org.apache.hadoop.ipc.DefaultRpcScheduler, ipcBackoff: false.
2023-07-05 13:43:22,444 [Time-limited test] INFO  ipc.Server (Server.java:<init>(1287)) - Listener at 0.0.0.0:15143
2023-07-05 13:43:22,445 [Socket Reader #1 for port 15143] INFO  ipc.Server (Server.java:run(1323)) - Starting Socket Reader #1 for port 15143
2023-07-05 13:43:22,450 [Time-limited test] INFO  ozone.HddsDatanodeService (HddsDatanodeService.java:start(315)) - Datanode start with admins: [runner]
2023-07-05 13:43:22,450 [Time-limited test] INFO  ozone.HddsDatanodeClientProtocolServer (HddsDatanodeClientProtocolServer.java:start(72)) - RPC server for Client /0.0.0.0:15143
2023-07-05 13:43:22,450 [IPC Server Responder] INFO  ipc.Server (Server.java:run(1562)) - IPC Server Responder: starting
2023-07-05 13:43:22,450 [IPC Server listener on 15143] INFO  ipc.Server (Server.java:run(1402)) - IPC Server listener on 15143: starting
2023-07-05 13:43:22,455 [Time-limited test] WARN  impl.MetricRegistriesImpl (MetricRegistriesImpl.java:addReporterRegistration(111)) - New reporters are added after registries were created. Some metrics will be missing from the reporter. Please add reporter before adding any new registry.
2023-07-05 13:43:22,455 [Time-limited test] WARN  impl.MetricRegistriesImpl (MetricRegistriesImpl.java:addReporterRegistration(111)) - New reporters are added after registries were created. Some metrics will be missing from the reporter. Please add reporter before adding any new registry.
2023-07-05 13:43:22,455 [Time-limited test] INFO  impl.MetricsSystemImpl (MetricsSystemImpl.java:init(158)) - HddsDatanode metrics system started (again)
2023-07-05 13:43:22,463 [Datanode State Machine Daemon Thread] INFO  statemachine.DatanodeStateMachine (DatanodeStateMachine.java:lambda$startDaemon$0(531)) - Ozone container server started.
2023-07-05 13:43:22,475 [Datanode State Machine Task Thread - 0] INFO  datanode.InitDatanodeState (InitDatanodeState.java:persistContainerDatanodeDetails(138)) - DatanodeDetails is persisted to /home/runner/work/ozone/ozone/hadoop-ozone/integration-test/target/test-dir/MiniOzoneClusterImpl-c098677b-f883-4488-a97e-c9984f4b1973/datanode-3/meta/datanode.id
2023-07-05 13:43:22,479 [Time-limited test] INFO  ozone.HddsDatanodeService (HddsDatanodeService.java:start(237)) - HddsDatanodeService host:fv-az264-29.ca02foy5wcnuvlrvrz2wi3p2og.dx.internal.cloudapp.net ip:10.1.0.13
2023-07-05 13:43:22,514 [Time-limited test] INFO  upgrade.AbstractLayoutVersionManager (AbstractLayoutVersionManager.java:init(83)) - Initializing Layout version manager with metadata layout = HADOOP_PRC_PORTS_IN_DATANODEDETAILS (version = 7), software layout = HADOOP_PRC_PORTS_IN_DATANODEDETAILS (version = 7)
2023-07-05 13:43:22,515 [Time-limited test] INFO  statemachine.DatanodeStateMachine (DatanodeStateMachine.java:getEndPointTaskThreadPoolSize(279)) - Datanode State Machine Task Thread Pool size 2
2023-07-05 13:43:22,519 [Time-limited test] INFO  volume.HddsVolume (HddsVolume.java:<init>(133)) - Creating HddsVolume: /home/runner/work/ozone/ozone/hadoop-ozone/integration-test/target/test-dir/MiniOzoneClusterImpl-c098677b-f883-4488-a97e-c9984f4b1973/datanode-4/data-0/containers/hdds of storage type : DISK capacity : 9223372036854775807
2023-07-05 13:43:22,519 [Time-limited test] INFO  volume.MutableVolumeSet (MutableVolumeSet.java:initializeVolumeSet(175)) - Added Volume : /home/runner/work/ozone/ozone/hadoop-ozone/integration-test/target/test-dir/MiniOzoneClusterImpl-c098677b-f883-4488-a97e-c9984f4b1973/datanode-4/data-0/containers/hdds to VolumeSet
2023-07-05 13:43:22,519 [Time-limited test] INFO  volume.ThrottledAsyncChecker (ThrottledAsyncChecker.java:schedule(141)) - Scheduling a check for /home/runner/work/ozone/ozone/hadoop-ozone/integration-test/target/test-dir/MiniOzoneClusterImpl-c098677b-f883-4488-a97e-c9984f4b1973/datanode-4/data-0/containers/hdds
2023-07-05 13:43:22,522 [Time-limited test] INFO  volume.StorageVolumeChecker (StorageVolumeChecker.java:checkAllVolumes(202)) - Scheduled health check for volume /home/runner/work/ozone/ozone/hadoop-ozone/integration-test/target/test-dir/MiniOzoneClusterImpl-c098677b-f883-4488-a97e-c9984f4b1973/datanode-4/data-0/containers/hdds
2023-07-05 13:43:22,527 [Time-limited test] INFO  volume.MutableVolumeSet (MutableVolumeSet.java:initializeVolumeSet(175)) - Added Volume : /home/runner/work/ozone/ozone/hadoop-ozone/integration-test/target/test-dir/MiniOzoneClusterImpl-c098677b-f883-4488-a97e-c9984f4b1973/datanode-4/data/ratis to VolumeSet
2023-07-05 13:43:22,527 [Time-limited test] INFO  volume.ThrottledAsyncChecker (ThrottledAsyncChecker.java:schedule(141)) - Scheduling a check for /home/runner/work/ozone/ozone/hadoop-ozone/integration-test/target/test-dir/MiniOzoneClusterImpl-c098677b-f883-4488-a97e-c9984f4b1973/datanode-4/data/ratis
2023-07-05 13:43:22,527 [Time-limited test] INFO  volume.StorageVolumeChecker (StorageVolumeChecker.java:checkAllVolumes(202)) - Scheduled health check for volume /home/runner/work/ozone/ozone/hadoop-ozone/integration-test/target/test-dir/MiniOzoneClusterImpl-c098677b-f883-4488-a97e-c9984f4b1973/datanode-4/data/ratis
2023-07-05 13:43:22,532 [Thread-1418] INFO  ozoneimpl.ContainerReader (ContainerReader.java:readVolume(175)) - Finish verifying containers on volume /home/runner/work/ozone/ozone/hadoop-ozone/integration-test/target/test-dir/MiniOzoneClusterImpl-c098677b-f883-4488-a97e-c9984f4b1973/datanode-4/data-0/containers/hdds
2023-07-05 13:43:22,532 [Time-limited test] INFO  ozoneimpl.OzoneContainer (OzoneContainer.java:buildContainerSet(316)) - Build ContainerSet costs 0s
2023-07-05 13:43:22,534 [Time-limited test] INFO  server.RaftServer (ConfUtils.java:logGet(46)) - raft.rpc.type = GRPC (default)
2023-07-05 13:43:22,534 [Time-limited test] INFO  grpc.GrpcConfigKeys (ConfUtils.java:logFallback(53)) - raft.grpc.admin.host = null (fallback to raft.grpc.server.host)
2023-07-05 13:43:22,534 [Time-limited test] INFO  grpc.GrpcConfigKeys (ConfUtils.java:logGet(46)) - raft.grpc.admin.port = 15155 (custom)
2023-07-05 13:43:22,534 [Time-limited test] INFO  grpc.GrpcConfigKeys (ConfUtils.java:logFallback(53)) - raft.grpc.client.host = null (fallback to raft.grpc.server.host)
2023-07-05 13:43:22,535 [Time-limited test] INFO  grpc.GrpcConfigKeys (ConfUtils.java:logGet(46)) - raft.grpc.client.port = 15154 (custom)
2023-07-05 13:43:22,535 [Time-limited test] INFO  grpc.GrpcConfigKeys (ConfUtils.java:logGet(46)) - raft.grpc.server.host = null (default)
2023-07-05 13:43:22,537 [Time-limited test] INFO  grpc.GrpcConfigKeys (ConfUtils.java:logGet(46)) - raft.grpc.server.port = 15156 (custom)
2023-07-05 13:43:22,538 [Time-limited test] INFO  server.GrpcService (ConfUtils.java:logGet(46)) - raft.grpc.message.size.max = 32MB (=33554432) (custom)
2023-07-05 13:43:22,538 [Time-limited test] INFO  server.RaftServerConfigKeys (ConfUtils.java:logGet(46)) - raft.server.log.appender.buffer.byte-limit = 33554432 (custom)
2023-07-05 13:43:22,538 [Time-limited test] INFO  server.GrpcService (ConfUtils.java:logGet(46)) - raft.grpc.flow.control.window = 5MB (=5242880) (custom)
2023-07-05 13:43:22,538 [Time-limited test] INFO  server.RaftServerConfigKeys (ConfUtils.java:logGet(46)) - raft.server.rpc.request.timeout = 60s (custom)
2023-07-05 13:43:22,538 [Time-limited test] INFO  grpc.GrpcConfigKeys (ConfUtils.java:logGet(46)) - raft.grpc.server.heartbeat.channel = true (default)
2023-07-05 13:43:22,538 [Time-limited test] INFO  grpc.GrpcConfigKeys (ConfUtils.java:logGet(46)) - raft.grpc.server.async.request.thread.pool.cached = true (default)
2023-07-05 13:43:22,538 [Time-limited test] INFO  grpc.GrpcConfigKeys (ConfUtils.java:logGet(46)) - raft.grpc.server.async.request.thread.pool.size = 32 (default)
2023-07-05 13:43:22,541 [Time-limited test] INFO  impl.DataStreamServerImpl (ConfUtils.java:logGet(46)) - raft.datastream.type = NETTY (custom)
2023-07-05 13:43:22,541 [Time-limited test] INFO  server.RaftServerConfigKeys (ConfUtils.java:logGet(46)) - raft.server.data-stream.async.request.thread.pool.cached = false (default)
2023-07-05 13:43:22,541 [Time-limited test] INFO  server.RaftServerConfigKeys (ConfUtils.java:logGet(46)) - raft.server.data-stream.async.request.thread.pool.size = 20 (custom)
2023-07-05 13:43:22,541 [Time-limited test] INFO  server.RaftServerConfigKeys (ConfUtils.java:logGet(46)) - raft.server.data-stream.async.write.thread.pool.size = 16 (default)
2023-07-05 13:43:22,541 [Time-limited test] INFO  server.RaftServerConfigKeys (ConfUtils.java:logGet(46)) - raft.server.data-stream.client.pool.size = 10 (default)
2023-07-05 13:43:22,541 [Time-limited test] INFO  netty.NettyConfigKeys$DataStream (ConfUtils.java:logGet(46)) - raft.netty.dataStream.server.use-epoll = false (default)
2023-07-05 13:43:22,541 [Time-limited test] INFO  netty.NettyConfigKeys$DataStream (ConfUtils.java:logGet(46)) - raft.netty.dataStream.server.boss-group.size = 0 (default)
2023-07-05 13:43:22,542 [Time-limited test] INFO  netty.NettyConfigKeys$DataStream (ConfUtils.java:logGet(46)) - raft.netty.dataStream.server.worker-group.size = 0 (default)
2023-07-05 13:43:22,542 [Time-limited test] INFO  netty.NettyConfigKeys$DataStream (ConfUtils.java:logGet(46)) - raft.netty.dataStream.server.tls.conf = null (default)
2023-07-05 13:43:22,542 [Time-limited test] INFO  netty.NettyConfigKeys$DataStream (ConfUtils.java:logGet(46)) - raft.netty.dataStream.host = null (default)
2023-07-05 13:43:22,542 [Time-limited test] INFO  netty.NettyConfigKeys$DataStream (ConfUtils.java:logGet(46)) - raft.netty.dataStream.port = 15157 (custom)
2023-07-05 13:43:22,544 [Time-limited test] INFO  server.RaftServerConfigKeys (ConfUtils.java:logGet(46)) - raft.server.threadpool.proxy.cached = true (default)
2023-07-05 13:43:22,544 [Time-limited test] INFO  server.RaftServerConfigKeys (ConfUtils.java:logGet(46)) - raft.server.threadpool.proxy.size = 0 (default)
2023-07-05 13:43:22,544 [Time-limited test] INFO  server.RaftServerConfigKeys (ConfUtils.java:logGet(46)) - raft.server.rpc.slowness.timeout = 300s (custom)
2023-07-05 13:43:22,544 [Time-limited test] INFO  server.RaftServerConfigKeys (ConfUtils.java:logGet(46)) - raft.server.leaderelection.leader.step-down.wait-time = 10s (default)
2023-07-05 13:43:22,544 [ba18fe3c-0fa2-4c47-a961-91b835f9fd0b-NettyServerStreamRpc-bossGroup--thread1] INFO  logging.LoggingHandler (AbstractInternalLogger.java:log(148)) - [id: 0xeacfad05] REGISTERED
2023-07-05 13:43:22,544 [Time-limited test] INFO  server.RaftServerConfigKeys (ConfUtils.java:logGet(46)) - raft.server.storage.dir = [/home/runner/work/ozone/ozone/hadoop-ozone/integration-test/target/test-dir/MiniOzoneClusterImpl-c098677b-f883-4488-a97e-c9984f4b1973/datanode-4/data/ratis] (custom)
2023-07-05 13:43:22,545 [ba18fe3c-0fa2-4c47-a961-91b835f9fd0b-NettyServerStreamRpc-bossGroup--thread1] INFO  logging.LoggingHandler (AbstractInternalLogger.java:log(148)) - [id: 0xeacfad05] BIND: 0.0.0.0/0.0.0.0:15157
2023-07-05 13:43:22,545 [ba18fe3c-0fa2-4c47-a961-91b835f9fd0b-NettyServerStreamRpc-bossGroup--thread1] INFO  logging.LoggingHandler (AbstractInternalLogger.java:log(148)) - [id: 0xeacfad05, L:/0:0:0:0:0:0:0:0:15157] ACTIVE
2023-07-05 13:43:22,546 [Time-limited test] INFO  server.XceiverServerGrpc (XceiverServerGrpc.java:<init>(132)) - GrpcServer channel type EpollServerSocketChannel
2023-07-05 13:43:22,548 [Time-limited test] INFO  replication.ReplicationSupervisor (ReplicationSupervisor.java:nodeStateUpdated(305)) - Node state updated to IN_SERVICE, scaling executor pool size to 10
2023-07-05 13:43:22,553 [Time-limited test] INFO  http.BaseHttpServer (BaseHttpServer.java:newHttpServer2BuilderForOzone(224)) - Starting Web-server for hddsDatanode at: http://0.0.0.0:15151
2023-07-05 13:43:22,553 [Time-limited test] INFO  http.BaseHttpServer (BaseHttpServer.java:<init>(111)) - Hadoop Security Enabled: false Ozone Security Enabled: false Ozone HTTP Security Enabled: false 
2023-07-05 13:43:22,554 [Time-limited test] WARN  server.AuthenticationFilter (AuthenticationFilter.java:constructSecretProvider(240)) - Unable to initialize FileSignerSecretProvider, falling back to use random secrets. Reason: Could not read signature secret file: /home/runner/hadoop-http-auth-signature-secret
2023-07-05 13:43:22,555 [Time-limited test] INFO  http.HttpRequestLog (HttpRequestLog.java:getRequestLog(86)) - Http request log for http.requests.hddsDatanode is not defined
2023-07-05 13:43:22,556 [Time-limited test] INFO  http.HttpServer2 (HttpServer2.java:addGlobalFilter(1031)) - Added global filter 'safety' (class=org.apache.hadoop.hdds.server.http.HttpServer2$QuotingInputFilter)
2023-07-05 13:43:22,557 [Time-limited test] INFO  http.HttpServer2 (HttpServer2.java:addFilter(1007)) - Added filter static_user_filter (class=org.apache.hadoop.http.lib.StaticUserWebFilter$StaticUserFilter) to context hddsDatanode
2023-07-05 13:43:22,557 [Time-limited test] INFO  http.HttpServer2 (HttpServer2.java:addFilter(1015)) - Added filter static_user_filter (class=org.apache.hadoop.http.lib.StaticUserWebFilter$StaticUserFilter) to context static
2023-07-05 13:43:22,557 [Time-limited test] INFO  http.HttpServer2 (HttpServer2.java:addFilter(1015)) - Added filter static_user_filter (class=org.apache.hadoop.http.lib.StaticUserWebFilter$StaticUserFilter) to context logs
2023-07-05 13:43:22,557 [Time-limited test] INFO  http.BaseHttpServer (BaseHttpServer.java:<init>(190)) - HTTP server of hddsDatanode uses base directory /home/runner/work/ozone/ozone/hadoop-ozone/integration-test/target/test-dir/MiniOzoneClusterImpl-c098677b-f883-4488-a97e-c9984f4b1973/datanode-4/meta/webserver
2023-07-05 13:43:22,557 [Time-limited test] INFO  http.HttpServer2 (HttpServer2.java:bindListener(1250)) - Jetty bound to port 15151
2023-07-05 13:43:22,558 [Time-limited test] INFO  server.Server (Server.java:doStart(375)) - jetty-9.4.51.v20230217; built: 2023-02-17T08:19:37.309Z; git: b45c405e4544384de066f814ed42ae3dceacdd49; jvm 1.8.0_372-b07
2023-07-05 13:43:22,559 [Time-limited test] INFO  server.session (DefaultSessionIdManager.java:doStart(334)) - DefaultSessionIdManager workerName=node0
2023-07-05 13:43:22,559 [Time-limited test] INFO  server.session (DefaultSessionIdManager.java:doStart(339)) - No SessionScavenger set, using defaults
2023-07-05 13:43:22,559 [Time-limited test] INFO  server.session (HouseKeeper.java:startScavenging(132)) - node0 Scavenging every 600000ms
2023-07-05 13:43:22,560 [Time-limited test] INFO  handler.ContextHandler (ContextHandler.java:doStart(921)) - Started o.e.j.s.ServletContextHandler@6344dffb{logs,/logs,file:///home/runner/work/ozone/ozone/hadoop-ozone/integration-test/target/log,AVAILABLE}
2023-07-05 13:43:22,560 [Time-limited test] INFO  handler.ContextHandler (ContextHandler.java:doStart(921)) - Started o.e.j.s.ServletContextHandler@77f1ef37{static,/static,jar:file:/home/runner/.m2/repository/org/apache/ozone/hdds-container-service/1.4.0-SNAPSHOT/hdds-container-service-1.4.0-SNAPSHOT.jar!/webapps/static,AVAILABLE}
2023-07-05 13:43:22,787 [Time-limited test] INFO  handler.ContextHandler (ContextHandler.java:doStart(921)) - Started o.e.j.w.WebAppContext@65697d27{hddsDatanode,/,file:///home/runner/work/ozone/ozone/hadoop-ozone/integration-test/target/test-dir/MiniOzoneClusterImpl-c098677b-f883-4488-a97e-c9984f4b1973/datanode-4/meta/webserver/jetty-0_0_0_0-15151-hdds-container-service-1_4_0-SNAPSHOT_jar-_-any-4258214148423859749/webapp/,AVAILABLE}{jar:file:/home/runner/.m2/repository/org/apache/ozone/hdds-container-service/1.4.0-SNAPSHOT/hdds-container-service-1.4.0-SNAPSHOT.jar!/webapps/hddsDatanode}
2023-07-05 13:43:22,789 [Time-limited test] INFO  server.AbstractConnector (AbstractConnector.java:doStart(333)) - Started ServerConnector@42c51b08{HTTP/1.1, (http/1.1)}{0.0.0.0:15151}
2023-07-05 13:43:22,789 [Time-limited test] INFO  server.Server (Server.java:doStart(415)) - Started @112075ms
2023-07-05 13:43:22,789 [Time-limited test] WARN  impl.MetricsSystemImpl (MetricsSystemImpl.java:register(279)) - Sink prometheus already exists!
2023-07-05 13:43:22,790 [Time-limited test] INFO  http.BaseHttpServer (BaseHttpServer.java:updateConnectorAddress(344)) - HTTP server of hddsDatanode listening at http://0.0.0.0:15151
2023-07-05 13:43:22,790 [Time-limited test] INFO  ipc.CallQueueManager (CallQueueManager.java:<init>(90)) - Using callQueue: class java.util.concurrent.LinkedBlockingQueue, queueCapacity: 100, scheduler: class org.apache.hadoop.ipc.DefaultRpcScheduler, ipcBackoff: false.
2023-07-05 13:43:22,790 [Time-limited test] INFO  ipc.Server (Server.java:<init>(1287)) - Listener at 0.0.0.0:15152
2023-07-05 13:43:22,791 [Socket Reader #1 for port 15152] INFO  ipc.Server (Server.java:run(1323)) - Starting Socket Reader #1 for port 15152
2023-07-05 13:43:22,792 [Time-limited test] INFO  ozone.HddsDatanodeService (HddsDatanodeService.java:start(315)) - Datanode start with admins: [runner]
2023-07-05 13:43:22,792 [Time-limited test] INFO  ozone.HddsDatanodeClientProtocolServer (HddsDatanodeClientProtocolServer.java:start(72)) - RPC server for Client /0.0.0.0:15152
2023-07-05 13:43:22,793 [IPC Server Responder] INFO  ipc.Server (Server.java:run(1562)) - IPC Server Responder: starting
2023-07-05 13:43:22,793 [IPC Server listener on 15152] INFO  ipc.Server (Server.java:run(1402)) - IPC Server listener on 15152: starting
2023-07-05 13:43:22,795 [Datanode State Machine Daemon Thread] INFO  statemachine.DatanodeStateMachine (DatanodeStateMachine.java:lambda$startDaemon$0(531)) - Ozone container server started.
2023-07-05 13:43:22,795 [Time-limited test] INFO  ozone.MiniOzoneClusterImpl (MiniOzoneClusterImpl.java:lambda$waitForClusterToBeReady$0(224)) - Waiting for nodes to be ready. Got 0 of 5 DN Heartbeats.
2023-07-05 13:43:22,795 [Time-limited test] INFO  ozone.MiniOzoneClusterImpl (MiniOzoneClusterImpl.java:lambda$waitForClusterToBeReady$0(227)) - Waiting for cluster to exit safe mode
2023-07-05 13:43:22,796 [Time-limited test] INFO  ozone.MiniOzoneClusterImpl (MiniOzoneClusterImpl.java:lambda$waitForClusterToBeReady$0(229)) - SCM became leader
2023-07-05 13:43:22,798 [Datanode State Machine Task Thread - 0] INFO  datanode.InitDatanodeState (InitDatanodeState.java:persistContainerDatanodeDetails(138)) - DatanodeDetails is persisted to /home/runner/work/ozone/ozone/hadoop-ozone/integration-test/target/test-dir/MiniOzoneClusterImpl-c098677b-f883-4488-a97e-c9984f4b1973/datanode-4/meta/datanode.id
2023-07-05 13:43:22,991 [ReplicationMonitor] INFO  replication.ReplicationManager (ReplicationManager.java:processAll(361)) - Replication Manager is not ready to run until 3000ms after safemode exit
2023-07-05 13:43:23,439 [EndpointStateMachine task thread for /0.0.0.0:15108 - 0 ] INFO  utils.DatanodeStoreCache (DatanodeStoreCache.java:addDB(66)) - Added db /home/runner/work/ozone/ozone/hadoop-ozone/integration-test/target/test-dir/MiniOzoneClusterImpl-c098677b-f883-4488-a97e-c9984f4b1973/datanode-0/data-0/containers/hdds/c098677b-f883-4488-a97e-c9984f4b1973/DS-174034a9-dfe3-4b6e-8ff4-93bc98a816a3/container.db to cache
2023-07-05 13:43:23,439 [EndpointStateMachine task thread for /0.0.0.0:15108 - 0 ] INFO  volume.HddsVolume (HddsVolume.java:createDbStore(478)) - SchemaV3 db is created and loaded at /home/runner/work/ozone/ozone/hadoop-ozone/integration-test/target/test-dir/MiniOzoneClusterImpl-c098677b-f883-4488-a97e-c9984f4b1973/datanode-0/data-0/containers/hdds/c098677b-f883-4488-a97e-c9984f4b1973/DS-174034a9-dfe3-4b6e-8ff4-93bc98a816a3/container.db for volume DS-174034a9-dfe3-4b6e-8ff4-93bc98a816a3
2023-07-05 13:43:23,439 [EndpointStateMachine task thread for /0.0.0.0:15108 - 0 ] INFO  ozoneimpl.OzoneContainer (OzoneContainer.java:start(419)) - Attempting to start container services.
2023-07-05 13:43:23,440 [EndpointStateMachine task thread for /0.0.0.0:15108 - 0 ] INFO  ozoneimpl.OzoneContainer (OzoneContainer.java:startContainerScrub(327)) - Scheduled background container scanners and the on-demand container scanner have been disabled.
2023-07-05 13:43:23,441 [EndpointStateMachine task thread for /0.0.0.0:15108 - 0 ] INFO  replication.ReplicationServer (ReplicationServer.java:start(128)) - ReplicationServer is started using port 15122
2023-07-05 13:43:23,441 [EndpointStateMachine task thread for /0.0.0.0:15108 - 0 ] INFO  ratis.XceiverServerRatis (XceiverServerRatis.java:start(517)) - Starting XceiverServerRatis b0e58961-cf25-454a-a9d8-5016df2ce601
2023-07-05 13:43:23,446 [EndpointStateMachine task thread for /0.0.0.0:15108 - 0 ] INFO  server.RaftServer (RaftServerProxy.java:startImpl(400)) - b0e58961-cf25-454a-a9d8-5016df2ce601: start RPC server
2023-07-05 13:43:23,451 [EndpointStateMachine task thread for /0.0.0.0:15108 - 0 ] INFO  server.GrpcService (GrpcService.java:startImpl(302)) - b0e58961-cf25-454a-a9d8-5016df2ce601: GrpcService started, listening on 15118
2023-07-05 13:43:23,452 [EndpointStateMachine task thread for /0.0.0.0:15108 - 0 ] INFO  server.GrpcService (GrpcService.java:startImpl(302)) - b0e58961-cf25-454a-a9d8-5016df2ce601: GrpcService started, listening on 15120
2023-07-05 13:43:23,453 [EndpointStateMachine task thread for /0.0.0.0:15108 - 0 ] INFO  server.GrpcService (GrpcService.java:startImpl(302)) - b0e58961-cf25-454a-a9d8-5016df2ce601: GrpcService started, listening on 15119
2023-07-05 13:43:23,454 [EndpointStateMachine task thread for /0.0.0.0:15108 - 0 ] INFO  ratis.XceiverServerRatis (XceiverServerRatis.java:getRealPort(543)) - XceiverServerRatis b0e58961-cf25-454a-a9d8-5016df2ce601 is started using port 15118 for RATIS
2023-07-05 13:43:23,454 [EndpointStateMachine task thread for /0.0.0.0:15108 - 0 ] INFO  ratis.XceiverServerRatis (XceiverServerRatis.java:getRealPort(543)) - XceiverServerRatis b0e58961-cf25-454a-a9d8-5016df2ce601 is started using port 15119 for RATIS_ADMIN
2023-07-05 13:43:23,454 [EndpointStateMachine task thread for /0.0.0.0:15108 - 0 ] INFO  ratis.XceiverServerRatis (XceiverServerRatis.java:getRealPort(543)) - XceiverServerRatis b0e58961-cf25-454a-a9d8-5016df2ce601 is started using port 15120 for RATIS_SERVER
2023-07-05 13:43:23,454 [EndpointStateMachine task thread for /0.0.0.0:15108 - 0 ] INFO  ratis.XceiverServerRatis (XceiverServerRatis.java:getRealPort(543)) - XceiverServerRatis b0e58961-cf25-454a-a9d8-5016df2ce601 is started using port 15121 for RATIS_DATASTREAM
2023-07-05 13:43:23,454 [JvmPauseMonitor16] INFO  util.JvmPauseMonitor (JvmPauseMonitor.java:run(103)) - JvmPauseMonitor-b0e58961-cf25-454a-a9d8-5016df2ce601: Started
2023-07-05 13:43:23,468 [BlockDeletingService#0] INFO  interfaces.ContainerDeletionChoosingPolicyTemplate (ContainerDeletionChoosingPolicyTemplate.java:chooseContainerForBlockDeletion(83)) - Chosen 0/5000 blocks from 0 candidate containers.
2023-07-05 13:43:23,718 [EndpointStateMachine task thread for /0.0.0.0:15108 - 0 ] INFO  utils.DatanodeStoreCache (DatanodeStoreCache.java:addDB(66)) - Added db /home/runner/work/ozone/ozone/hadoop-ozone/integration-test/target/test-dir/MiniOzoneClusterImpl-c098677b-f883-4488-a97e-c9984f4b1973/datanode-1/data-0/containers/hdds/c098677b-f883-4488-a97e-c9984f4b1973/DS-5d71a362-4a3d-4a3a-b92d-b2bb77db15b0/container.db to cache
2023-07-05 13:43:23,718 [EndpointStateMachine task thread for /0.0.0.0:15108 - 0 ] INFO  volume.HddsVolume (HddsVolume.java:createDbStore(478)) - SchemaV3 db is created and loaded at /home/runner/work/ozone/ozone/hadoop-ozone/integration-test/target/test-dir/MiniOzoneClusterImpl-c098677b-f883-4488-a97e-c9984f4b1973/datanode-1/data-0/containers/hdds/c098677b-f883-4488-a97e-c9984f4b1973/DS-5d71a362-4a3d-4a3a-b92d-b2bb77db15b0/container.db for volume DS-5d71a362-4a3d-4a3a-b92d-b2bb77db15b0
2023-07-05 13:43:23,719 [EndpointStateMachine task thread for /0.0.0.0:15108 - 0 ] INFO  ozoneimpl.OzoneContainer (OzoneContainer.java:start(419)) - Attempting to start container services.
2023-07-05 13:43:23,719 [EndpointStateMachine task thread for /0.0.0.0:15108 - 0 ] INFO  ozoneimpl.OzoneContainer (OzoneContainer.java:startContainerScrub(327)) - Scheduled background container scanners and the on-demand container scanner have been disabled.
2023-07-05 13:43:23,720 [EndpointStateMachine task thread for /0.0.0.0:15108 - 0 ] INFO  replication.ReplicationServer (ReplicationServer.java:start(128)) - ReplicationServer is started using port 15131
2023-07-05 13:43:23,720 [EndpointStateMachine task thread for /0.0.0.0:15108 - 0 ] INFO  ratis.XceiverServerRatis (XceiverServerRatis.java:start(517)) - Starting XceiverServerRatis 16068a4c-c2af-4cec-9eae-3ab2a53eaee7
2023-07-05 13:43:23,721 [EndpointStateMachine task thread for /0.0.0.0:15108 - 0 ] INFO  server.RaftServer (RaftServerProxy.java:startImpl(400)) - 16068a4c-c2af-4cec-9eae-3ab2a53eaee7: start RPC server
2023-07-05 13:43:23,722 [EndpointStateMachine task thread for /0.0.0.0:15108 - 0 ] INFO  server.GrpcService (GrpcService.java:startImpl(302)) - 16068a4c-c2af-4cec-9eae-3ab2a53eaee7: GrpcService started, listening on 15127
2023-07-05 13:43:23,723 [EndpointStateMachine task thread for /0.0.0.0:15108 - 0 ] INFO  server.GrpcService (GrpcService.java:startImpl(302)) - 16068a4c-c2af-4cec-9eae-3ab2a53eaee7: GrpcService started, listening on 15129
2023-07-05 13:43:23,726 [EndpointStateMachine task thread for /0.0.0.0:15108 - 0 ] INFO  server.GrpcService (GrpcService.java:startImpl(302)) - 16068a4c-c2af-4cec-9eae-3ab2a53eaee7: GrpcService started, listening on 15128
2023-07-05 13:43:23,727 [EndpointStateMachine task thread for /0.0.0.0:15108 - 0 ] INFO  ratis.XceiverServerRatis (XceiverServerRatis.java:getRealPort(543)) - XceiverServerRatis 16068a4c-c2af-4cec-9eae-3ab2a53eaee7 is started using port 15127 for RATIS
2023-07-05 13:43:23,727 [JvmPauseMonitor17] INFO  util.JvmPauseMonitor (JvmPauseMonitor.java:run(103)) - JvmPauseMonitor-16068a4c-c2af-4cec-9eae-3ab2a53eaee7: Started
2023-07-05 13:43:23,727 [EndpointStateMachine task thread for /0.0.0.0:15108 - 0 ] INFO  ratis.XceiverServerRatis (XceiverServerRatis.java:getRealPort(543)) - XceiverServerRatis 16068a4c-c2af-4cec-9eae-3ab2a53eaee7 is started using port 15128 for RATIS_ADMIN
2023-07-05 13:43:23,727 [EndpointStateMachine task thread for /0.0.0.0:15108 - 0 ] INFO  ratis.XceiverServerRatis (XceiverServerRatis.java:getRealPort(543)) - XceiverServerRatis 16068a4c-c2af-4cec-9eae-3ab2a53eaee7 is started using port 15129 for RATIS_SERVER
2023-07-05 13:43:23,727 [EndpointStateMachine task thread for /0.0.0.0:15108 - 0 ] INFO  ratis.XceiverServerRatis (XceiverServerRatis.java:getRealPort(543)) - XceiverServerRatis 16068a4c-c2af-4cec-9eae-3ab2a53eaee7 is started using port 15130 for RATIS_DATASTREAM
2023-07-05 13:43:23,735 [BlockDeletingService#0] INFO  interfaces.ContainerDeletionChoosingPolicyTemplate (ContainerDeletionChoosingPolicyTemplate.java:chooseContainerForBlockDeletion(83)) - Chosen 0/5000 blocks from 0 candidate containers.
2023-07-05 13:43:23,796 [Time-limited test] INFO  ozone.MiniOzoneClusterImpl (MiniOzoneClusterImpl.java:lambda$waitForClusterToBeReady$0(224)) - Waiting for nodes to be ready. Got 0 of 5 DN Heartbeats.
2023-07-05 13:43:23,796 [Time-limited test] INFO  ozone.MiniOzoneClusterImpl (MiniOzoneClusterImpl.java:lambda$waitForClusterToBeReady$0(227)) - Waiting for cluster to exit safe mode
2023-07-05 13:43:23,796 [Time-limited test] INFO  ozone.MiniOzoneClusterImpl (MiniOzoneClusterImpl.java:lambda$waitForClusterToBeReady$0(229)) - SCM became leader
2023-07-05 13:43:23,991 [ReplicationMonitor] INFO  replication.ReplicationManager (ReplicationManager.java:processAll(361)) - Replication Manager is not ready to run until 3000ms after safemode exit
2023-07-05 13:43:24,139 [EndpointStateMachine task thread for /0.0.0.0:15108 - 0 ] INFO  utils.DatanodeStoreCache (DatanodeStoreCache.java:addDB(66)) - Added db /home/runner/work/ozone/ozone/hadoop-ozone/integration-test/target/test-dir/MiniOzoneClusterImpl-c098677b-f883-4488-a97e-c9984f4b1973/datanode-2/data-0/containers/hdds/c098677b-f883-4488-a97e-c9984f4b1973/DS-9491623e-12a4-498e-8e6d-1a8b380a40eb/container.db to cache
2023-07-05 13:43:24,139 [EndpointStateMachine task thread for /0.0.0.0:15108 - 0 ] INFO  volume.HddsVolume (HddsVolume.java:createDbStore(478)) - SchemaV3 db is created and loaded at /home/runner/work/ozone/ozone/hadoop-ozone/integration-test/target/test-dir/MiniOzoneClusterImpl-c098677b-f883-4488-a97e-c9984f4b1973/datanode-2/data-0/containers/hdds/c098677b-f883-4488-a97e-c9984f4b1973/DS-9491623e-12a4-498e-8e6d-1a8b380a40eb/container.db for volume DS-9491623e-12a4-498e-8e6d-1a8b380a40eb
2023-07-05 13:43:24,140 [EndpointStateMachine task thread for /0.0.0.0:15108 - 0 ] INFO  ozoneimpl.OzoneContainer (OzoneContainer.java:start(419)) - Attempting to start container services.
2023-07-05 13:43:24,141 [EndpointStateMachine task thread for /0.0.0.0:15108 - 0 ] INFO  ozoneimpl.OzoneContainer (OzoneContainer.java:startContainerScrub(327)) - Scheduled background container scanners and the on-demand container scanner have been disabled.
2023-07-05 13:43:24,142 [EndpointStateMachine task thread for /0.0.0.0:15108 - 0 ] INFO  replication.ReplicationServer (ReplicationServer.java:start(128)) - ReplicationServer is started using port 15140
2023-07-05 13:43:24,143 [EndpointStateMachine task thread for /0.0.0.0:15108 - 0 ] INFO  ratis.XceiverServerRatis (XceiverServerRatis.java:start(517)) - Starting XceiverServerRatis 3a238b95-76ec-4438-89aa-518182fac512
2023-07-05 13:43:24,144 [EndpointStateMachine task thread for /0.0.0.0:15108 - 0 ] INFO  server.RaftServer (RaftServerProxy.java:startImpl(400)) - 3a238b95-76ec-4438-89aa-518182fac512: start RPC server
2023-07-05 13:43:24,145 [EndpointStateMachine task thread for /0.0.0.0:15108 - 0 ] INFO  server.GrpcService (GrpcService.java:startImpl(302)) - 3a238b95-76ec-4438-89aa-518182fac512: GrpcService started, listening on 15136
2023-07-05 13:43:24,146 [EndpointStateMachine task thread for /0.0.0.0:15108 - 0 ] INFO  server.GrpcService (GrpcService.java:startImpl(302)) - 3a238b95-76ec-4438-89aa-518182fac512: GrpcService started, listening on 15138
2023-07-05 13:43:24,147 [EndpointStateMachine task thread for /0.0.0.0:15108 - 0 ] INFO  server.GrpcService (GrpcService.java:startImpl(302)) - 3a238b95-76ec-4438-89aa-518182fac512: GrpcService started, listening on 15137
2023-07-05 13:43:24,147 [EndpointStateMachine task thread for /0.0.0.0:15108 - 0 ] INFO  ratis.XceiverServerRatis (XceiverServerRatis.java:getRealPort(543)) - XceiverServerRatis 3a238b95-76ec-4438-89aa-518182fac512 is started using port 15136 for RATIS
2023-07-05 13:43:24,147 [EndpointStateMachine task thread for /0.0.0.0:15108 - 0 ] INFO  ratis.XceiverServerRatis (XceiverServerRatis.java:getRealPort(543)) - XceiverServerRatis 3a238b95-76ec-4438-89aa-518182fac512 is started using port 15137 for RATIS_ADMIN
2023-07-05 13:43:24,147 [JvmPauseMonitor18] INFO  util.JvmPauseMonitor (JvmPauseMonitor.java:run(103)) - JvmPauseMonitor-3a238b95-76ec-4438-89aa-518182fac512: Started
2023-07-05 13:43:24,147 [EndpointStateMachine task thread for /0.0.0.0:15108 - 0 ] INFO  ratis.XceiverServerRatis (XceiverServerRatis.java:getRealPort(543)) - XceiverServerRatis 3a238b95-76ec-4438-89aa-518182fac512 is started using port 15138 for RATIS_SERVER
2023-07-05 13:43:24,147 [EndpointStateMachine task thread for /0.0.0.0:15108 - 0 ] INFO  ratis.XceiverServerRatis (XceiverServerRatis.java:getRealPort(543)) - XceiverServerRatis 3a238b95-76ec-4438-89aa-518182fac512 is started using port 15139 for RATIS_DATASTREAM
2023-07-05 13:43:24,155 [BlockDeletingService#0] INFO  interfaces.ContainerDeletionChoosingPolicyTemplate (ContainerDeletionChoosingPolicyTemplate.java:chooseContainerForBlockDeletion(83)) - Chosen 0/5000 blocks from 0 candidate containers.
2023-07-05 13:43:24,515 [EndpointStateMachine task thread for /0.0.0.0:15108 - 0 ] INFO  utils.DatanodeStoreCache (DatanodeStoreCache.java:addDB(66)) - Added db /home/runner/work/ozone/ozone/hadoop-ozone/integration-test/target/test-dir/MiniOzoneClusterImpl-c098677b-f883-4488-a97e-c9984f4b1973/datanode-3/data-0/containers/hdds/c098677b-f883-4488-a97e-c9984f4b1973/DS-895c51d6-150d-4059-92a5-61cc232e61f7/container.db to cache
2023-07-05 13:43:24,515 [EndpointStateMachine task thread for /0.0.0.0:15108 - 0 ] INFO  volume.HddsVolume (HddsVolume.java:createDbStore(478)) - SchemaV3 db is created and loaded at /home/runner/work/ozone/ozone/hadoop-ozone/integration-test/target/test-dir/MiniOzoneClusterImpl-c098677b-f883-4488-a97e-c9984f4b1973/datanode-3/data-0/containers/hdds/c098677b-f883-4488-a97e-c9984f4b1973/DS-895c51d6-150d-4059-92a5-61cc232e61f7/container.db for volume DS-895c51d6-150d-4059-92a5-61cc232e61f7
2023-07-05 13:43:24,516 [EndpointStateMachine task thread for /0.0.0.0:15108 - 0 ] INFO  ozoneimpl.OzoneContainer (OzoneContainer.java:start(419)) - Attempting to start container services.
2023-07-05 13:43:24,516 [EndpointStateMachine task thread for /0.0.0.0:15108 - 0 ] INFO  ozoneimpl.OzoneContainer (OzoneContainer.java:startContainerScrub(327)) - Scheduled background container scanners and the on-demand container scanner have been disabled.
2023-07-05 13:43:24,517 [EndpointStateMachine task thread for /0.0.0.0:15108 - 0 ] INFO  replication.ReplicationServer (ReplicationServer.java:start(128)) - ReplicationServer is started using port 15149
2023-07-05 13:43:24,517 [EndpointStateMachine task thread for /0.0.0.0:15108 - 0 ] INFO  ratis.XceiverServerRatis (XceiverServerRatis.java:start(517)) - Starting XceiverServerRatis 7df8e922-d468-4b37-8758-318e891131cb
2023-07-05 13:43:24,518 [EndpointStateMachine task thread for /0.0.0.0:15108 - 0 ] INFO  server.RaftServer (RaftServerProxy.java:startImpl(400)) - 7df8e922-d468-4b37-8758-318e891131cb: start RPC server
2023-07-05 13:43:24,519 [EndpointStateMachine task thread for /0.0.0.0:15108 - 0 ] INFO  server.GrpcService (GrpcService.java:startImpl(302)) - 7df8e922-d468-4b37-8758-318e891131cb: GrpcService started, listening on 15145
2023-07-05 13:43:24,522 [EndpointStateMachine task thread for /0.0.0.0:15108 - 0 ] INFO  server.GrpcService (GrpcService.java:startImpl(302)) - 7df8e922-d468-4b37-8758-318e891131cb: GrpcService started, listening on 15147
2023-07-05 13:43:24,524 [EndpointStateMachine task thread for /0.0.0.0:15108 - 0 ] INFO  server.GrpcService (GrpcService.java:startImpl(302)) - 7df8e922-d468-4b37-8758-318e891131cb: GrpcService started, listening on 15146
2023-07-05 13:43:24,524 [EndpointStateMachine task thread for /0.0.0.0:15108 - 0 ] INFO  ratis.XceiverServerRatis (XceiverServerRatis.java:getRealPort(543)) - XceiverServerRatis 7df8e922-d468-4b37-8758-318e891131cb is started using port 15145 for RATIS
2023-07-05 13:43:24,524 [EndpointStateMachine task thread for /0.0.0.0:15108 - 0 ] INFO  ratis.XceiverServerRatis (XceiverServerRatis.java:getRealPort(543)) - XceiverServerRatis 7df8e922-d468-4b37-8758-318e891131cb is started using port 15146 for RATIS_ADMIN
2023-07-05 13:43:24,524 [EndpointStateMachine task thread for /0.0.0.0:15108 - 0 ] INFO  ratis.XceiverServerRatis (XceiverServerRatis.java:getRealPort(543)) - XceiverServerRatis 7df8e922-d468-4b37-8758-318e891131cb is started using port 15147 for RATIS_SERVER
2023-07-05 13:43:24,524 [EndpointStateMachine task thread for /0.0.0.0:15108 - 0 ] INFO  ratis.XceiverServerRatis (XceiverServerRatis.java:getRealPort(543)) - XceiverServerRatis 7df8e922-d468-4b37-8758-318e891131cb is started using port 15148 for RATIS_DATASTREAM
2023-07-05 13:43:24,528 [JvmPauseMonitor19] INFO  util.JvmPauseMonitor (JvmPauseMonitor.java:run(103)) - JvmPauseMonitor-7df8e922-d468-4b37-8758-318e891131cb: Started
2023-07-05 13:43:24,532 [BlockDeletingService#0] INFO  interfaces.ContainerDeletionChoosingPolicyTemplate (ContainerDeletionChoosingPolicyTemplate.java:chooseContainerForBlockDeletion(83)) - Chosen 0/5000 blocks from 0 candidate containers.
2023-07-05 13:43:24,796 [Time-limited test] INFO  ozone.MiniOzoneClusterImpl (MiniOzoneClusterImpl.java:lambda$waitForClusterToBeReady$0(224)) - Waiting for nodes to be ready. Got 0 of 5 DN Heartbeats.
2023-07-05 13:43:24,796 [Time-limited test] INFO  ozone.MiniOzoneClusterImpl (MiniOzoneClusterImpl.java:lambda$waitForClusterToBeReady$0(227)) - Waiting for cluster to exit safe mode
2023-07-05 13:43:24,796 [Time-limited test] INFO  ozone.MiniOzoneClusterImpl (MiniOzoneClusterImpl.java:lambda$waitForClusterToBeReady$0(229)) - SCM became leader
2023-07-05 13:43:24,845 [EndpointStateMachine task thread for /0.0.0.0:15108 - 0 ] INFO  utils.DatanodeStoreCache (DatanodeStoreCache.java:addDB(66)) - Added db /home/runner/work/ozone/ozone/hadoop-ozone/integration-test/target/test-dir/MiniOzoneClusterImpl-c098677b-f883-4488-a97e-c9984f4b1973/datanode-4/data-0/containers/hdds/c098677b-f883-4488-a97e-c9984f4b1973/DS-83d91991-3592-47b3-87eb-29dedbcc8318/container.db to cache
2023-07-05 13:43:24,845 [EndpointStateMachine task thread for /0.0.0.0:15108 - 0 ] INFO  volume.HddsVolume (HddsVolume.java:createDbStore(478)) - SchemaV3 db is created and loaded at /home/runner/work/ozone/ozone/hadoop-ozone/integration-test/target/test-dir/MiniOzoneClusterImpl-c098677b-f883-4488-a97e-c9984f4b1973/datanode-4/data-0/containers/hdds/c098677b-f883-4488-a97e-c9984f4b1973/DS-83d91991-3592-47b3-87eb-29dedbcc8318/container.db for volume DS-83d91991-3592-47b3-87eb-29dedbcc8318
2023-07-05 13:43:24,845 [EndpointStateMachine task thread for /0.0.0.0:15108 - 0 ] INFO  ozoneimpl.OzoneContainer (OzoneContainer.java:start(419)) - Attempting to start container services.
2023-07-05 13:43:24,845 [EndpointStateMachine task thread for /0.0.0.0:15108 - 0 ] INFO  ozoneimpl.OzoneContainer (OzoneContainer.java:startContainerScrub(327)) - Scheduled background container scanners and the on-demand container scanner have been disabled.
2023-07-05 13:43:24,849 [EndpointStateMachine task thread for /0.0.0.0:15108 - 0 ] INFO  replication.ReplicationServer (ReplicationServer.java:start(128)) - ReplicationServer is started using port 15158
2023-07-05 13:43:24,849 [EndpointStateMachine task thread for /0.0.0.0:15108 - 0 ] INFO  ratis.XceiverServerRatis (XceiverServerRatis.java:start(517)) - Starting XceiverServerRatis ba18fe3c-0fa2-4c47-a961-91b835f9fd0b
2023-07-05 13:43:24,851 [EndpointStateMachine task thread for /0.0.0.0:15108 - 0 ] INFO  server.RaftServer (RaftServerProxy.java:startImpl(400)) - ba18fe3c-0fa2-4c47-a961-91b835f9fd0b: start RPC server
2023-07-05 13:43:24,853 [EndpointStateMachine task thread for /0.0.0.0:15108 - 0 ] INFO  server.GrpcService (GrpcService.java:startImpl(302)) - ba18fe3c-0fa2-4c47-a961-91b835f9fd0b: GrpcService started, listening on 15154
2023-07-05 13:43:24,854 [EndpointStateMachine task thread for /0.0.0.0:15108 - 0 ] INFO  server.GrpcService (GrpcService.java:startImpl(302)) - ba18fe3c-0fa2-4c47-a961-91b835f9fd0b: GrpcService started, listening on 15156
2023-07-05 13:43:24,855 [EndpointStateMachine task thread for /0.0.0.0:15108 - 0 ] INFO  server.GrpcService (GrpcService.java:startImpl(302)) - ba18fe3c-0fa2-4c47-a961-91b835f9fd0b: GrpcService started, listening on 15155
2023-07-05 13:43:24,855 [EndpointStateMachine task thread for /0.0.0.0:15108 - 0 ] INFO  ratis.XceiverServerRatis (XceiverServerRatis.java:getRealPort(543)) - XceiverServerRatis ba18fe3c-0fa2-4c47-a961-91b835f9fd0b is started using port 15154 for RATIS
2023-07-05 13:43:24,855 [EndpointStateMachine task thread for /0.0.0.0:15108 - 0 ] INFO  ratis.XceiverServerRatis (XceiverServerRatis.java:getRealPort(543)) - XceiverServerRatis ba18fe3c-0fa2-4c47-a961-91b835f9fd0b is started using port 15155 for RATIS_ADMIN
2023-07-05 13:43:24,855 [JvmPauseMonitor20] INFO  util.JvmPauseMonitor (JvmPauseMonitor.java:run(103)) - JvmPauseMonitor-ba18fe3c-0fa2-4c47-a961-91b835f9fd0b: Started
2023-07-05 13:43:24,855 [EndpointStateMachine task thread for /0.0.0.0:15108 - 0 ] INFO  ratis.XceiverServerRatis (XceiverServerRatis.java:getRealPort(543)) - XceiverServerRatis ba18fe3c-0fa2-4c47-a961-91b835f9fd0b is started using port 15156 for RATIS_SERVER
2023-07-05 13:43:24,856 [EndpointStateMachine task thread for /0.0.0.0:15108 - 0 ] INFO  ratis.XceiverServerRatis (XceiverServerRatis.java:getRealPort(543)) - XceiverServerRatis ba18fe3c-0fa2-4c47-a961-91b835f9fd0b is started using port 15157 for RATIS_DATASTREAM
2023-07-05 13:43:24,863 [BlockDeletingService#0] INFO  interfaces.ContainerDeletionChoosingPolicyTemplate (ContainerDeletionChoosingPolicyTemplate.java:chooseContainerForBlockDeletion(83)) - Chosen 0/5000 blocks from 0 candidate containers.
2023-07-05 13:43:24,991 [ReplicationMonitor] INFO  replication.ReplicationManager (ReplicationManager.java:processAll(361)) - Replication Manager is not ready to run until 3000ms after safemode exit
2023-07-05 13:43:25,393 [IPC Server handler 1 on default port 15108] INFO  net.NetworkTopologyImpl (NetworkTopologyImpl.java:add(112)) - Added a new node: /default-rack/b0e58961-cf25-454a-a9d8-5016df2ce601
2023-07-05 13:43:25,393 [IPC Server handler 1 on default port 15108] INFO  node.SCMNodeManager (SCMNodeManager.java:register(405)) - Registered Data node : b0e58961-cf25-454a-a9d8-5016df2ce601{ip: 10.1.0.13, host: fv-az264-29.ca02foy5wcnuvlrvrz2wi3p2og.dx.internal.cloudapp.net, ports: [HTTP=15115, CLIENT_RPC=15116, REPLICATION=15122, RATIS=15118, RATIS_ADMIN=15119, RATIS_SERVER=15120, RATIS_DATASTREAM=15121, STANDALONE=15117], networkLocation: /default-rack, certSerialId: null, persistedOpState: null, persistedOpStateExpiryEpochSec: 0}
2023-07-05 13:43:25,399 [EventQueue-NodeRegistrationContainerReportForDataNodeSafeModeRule] INFO  safemode.SCMSafeModeManager (DataNodeSafeModeRule.java:process(71)) - SCM in safe mode. 1 DataNodes registered, 3 required.
2023-07-05 13:43:25,399 [EventQueue-NodeRegistrationContainerReportForContainerSafeModeRule] INFO  safemode.SCMSafeModeManager (SCMSafeModeManager.java:validateSafeModeExitRules(200)) - ContainerSafeModeRule rule is successfully validated
2023-07-05 13:43:25,410 [EventQueue-PipelineReportForOneReplicaPipelineSafeModeRule] INFO  safemode.SCMSafeModeManager (SCMSafeModeManager.java:validateSafeModeExitRules(200)) - AtleastOneDatanodeReportedRule rule is successfully validated
2023-07-05 13:43:25,411 [EventQueue-NewNodeForNewNodeHandler] INFO  pipeline.BackgroundPipelineCreator (BackgroundPipelineCreator.java:notifyEventTriggered(277)) - trigger a one-shot run on RatisPipelineUtilsThread.
2023-07-05 13:43:25,411 [RatisPipelineUtilsThread - 0] INFO  pipeline.RatisPipelineProvider (RatisPipelineProvider.java:lambda$create$0(206)) - Sending CreatePipelineCommand for pipeline:PipelineID=09525a7e-3f87-4630-b8cf-8fb33747a9a1 to datanode:b0e58961-cf25-454a-a9d8-5016df2ce601
2023-07-05 13:43:25,412 [RatisPipelineUtilsThread - 0] INFO  pipeline.BackgroundPipelineCreator (BackgroundPipelineCreator.java:createPipelines(233)) - Created new pipeline Pipeline[ Id: 09525a7e-3f87-4630-b8cf-8fb33747a9a1, Nodes: b0e58961-cf25-454a-a9d8-5016df2ce601(fv-az264-29.ca02foy5wcnuvlrvrz2wi3p2og.dx.internal.cloudapp.net/10.1.0.13), ReplicationConfig: RATIS/ONE, State:ALLOCATED, leaderId:, CreationTimestamp2023-07-05T13:43:25.411Z[Etc/UTC]]
2023-07-05 13:43:25,683 [IPC Server handler 2 on default port 15108] INFO  net.NetworkTopologyImpl (NetworkTopologyImpl.java:add(112)) - Added a new node: /default-rack/16068a4c-c2af-4cec-9eae-3ab2a53eaee7
2023-07-05 13:43:25,683 [IPC Server handler 2 on default port 15108] INFO  node.SCMNodeManager (SCMNodeManager.java:register(405)) - Registered Data node : 16068a4c-c2af-4cec-9eae-3ab2a53eaee7{ip: 10.1.0.13, host: fv-az264-29.ca02foy5wcnuvlrvrz2wi3p2og.dx.internal.cloudapp.net, ports: [HTTP=15124, CLIENT_RPC=15125, REPLICATION=15131, RATIS=15127, RATIS_ADMIN=15128, RATIS_SERVER=15129, RATIS_DATASTREAM=15130, STANDALONE=15126], networkLocation: /default-rack, certSerialId: null, persistedOpState: null, persistedOpStateExpiryEpochSec: 0}
2023-07-05 13:43:25,684 [EventQueue-NewNodeForNewNodeHandler] INFO  pipeline.BackgroundPipelineCreator (BackgroundPipelineCreator.java:notifyEventTriggered(277)) - trigger a one-shot run on RatisPipelineUtilsThread.
2023-07-05 13:43:25,685 [EventQueue-NodeRegistrationContainerReportForDataNodeSafeModeRule] INFO  safemode.SCMSafeModeManager (DataNodeSafeModeRule.java:process(71)) - SCM in safe mode. 2 DataNodes registered, 3 required.
2023-07-05 13:43:25,685 [RatisPipelineUtilsThread - 0] INFO  pipeline.RatisPipelineProvider (RatisPipelineProvider.java:lambda$create$0(206)) - Sending CreatePipelineCommand for pipeline:PipelineID=129219a5-9911-4065-9ed2-68679a1bb53a to datanode:16068a4c-c2af-4cec-9eae-3ab2a53eaee7
2023-07-05 13:43:25,686 [RatisPipelineUtilsThread - 0] INFO  pipeline.BackgroundPipelineCreator (BackgroundPipelineCreator.java:createPipelines(233)) - Created new pipeline Pipeline[ Id: 129219a5-9911-4065-9ed2-68679a1bb53a, Nodes: 16068a4c-c2af-4cec-9eae-3ab2a53eaee7(fv-az264-29.ca02foy5wcnuvlrvrz2wi3p2og.dx.internal.cloudapp.net/10.1.0.13), ReplicationConfig: RATIS/ONE, State:ALLOCATED, leaderId:, CreationTimestamp2023-07-05T13:43:25.685Z[Etc/UTC]]
2023-07-05 13:43:25,797 [Time-limited test] INFO  ozone.MiniOzoneClusterImpl (MiniOzoneClusterImpl.java:lambda$waitForClusterToBeReady$0(224)) - Waiting for nodes to be ready. Got 2 of 5 DN Heartbeats.
2023-07-05 13:43:25,797 [Time-limited test] INFO  ozone.MiniOzoneClusterImpl (MiniOzoneClusterImpl.java:lambda$waitForClusterToBeReady$0(227)) - Waiting for cluster to exit safe mode
2023-07-05 13:43:25,797 [Time-limited test] INFO  ozone.MiniOzoneClusterImpl (MiniOzoneClusterImpl.java:lambda$waitForClusterToBeReady$0(229)) - SCM became leader
2023-07-05 13:43:25,992 [ReplicationMonitor] INFO  replication.ReplicationManager (ReplicationManager.java:processAll(361)) - Replication Manager is not ready to run until 3000ms after safemode exit
2023-07-05 13:43:26,100 [IPC Server handler 9 on default port 15108] INFO  net.NetworkTopologyImpl (NetworkTopologyImpl.java:add(112)) - Added a new node: /default-rack/3a238b95-76ec-4438-89aa-518182fac512
2023-07-05 13:43:26,101 [IPC Server handler 9 on default port 15108] INFO  node.SCMNodeManager (SCMNodeManager.java:register(405)) - Registered Data node : 3a238b95-76ec-4438-89aa-518182fac512{ip: 10.1.0.13, host: fv-az264-29.ca02foy5wcnuvlrvrz2wi3p2og.dx.internal.cloudapp.net, ports: [HTTP=15133, CLIENT_RPC=15134, REPLICATION=15140, RATIS=15136, RATIS_ADMIN=15137, RATIS_SERVER=15138, RATIS_DATASTREAM=15139, STANDALONE=15135], networkLocation: /default-rack, certSerialId: null, persistedOpState: null, persistedOpStateExpiryEpochSec: 0}
2023-07-05 13:43:26,101 [EventQueue-NewNodeForNewNodeHandler] INFO  pipeline.BackgroundPipelineCreator (BackgroundPipelineCreator.java:notifyEventTriggered(277)) - trigger a one-shot run on RatisPipelineUtilsThread.
2023-07-05 13:43:26,101 [EventQueue-NodeRegistrationContainerReportForDataNodeSafeModeRule] INFO  safemode.SCMSafeModeManager (DataNodeSafeModeRule.java:process(71)) - SCM in safe mode. 3 DataNodes registered, 3 required.
2023-07-05 13:43:26,101 [EventQueue-NodeRegistrationContainerReportForDataNodeSafeModeRule] INFO  safemode.SCMSafeModeManager (SCMSafeModeManager.java:validateSafeModeExitRules(200)) - DataNodeSafeModeRule rule is successfully validated
2023-07-05 13:43:26,101 [EventQueue-NodeRegistrationContainerReportForDataNodeSafeModeRule] INFO  safemode.SCMSafeModeManager (SCMSafeModeManager.java:completePreCheck(229)) - All SCM safe mode pre check rules have passed
2023-07-05 13:43:26,101 [RatisPipelineUtilsThread - 0] INFO  pipeline.RatisPipelineProvider (RatisPipelineProvider.java:lambda$create$0(206)) - Sending CreatePipelineCommand for pipeline:PipelineID=a576a163-71d4-47f1-9d0d-1bef81dcc401 to datanode:3a238b95-76ec-4438-89aa-518182fac512
2023-07-05 13:43:26,101 [EventQueue-NodeRegistrationContainerReportForDataNodeSafeModeRule] INFO  ha.SCMContext (SCMContext.java:updateSafeModeStatus(228)) - Update SafeModeStatus from SafeModeStatus{safeModeStatus=true, preCheckPassed=false} to SafeModeStatus{safeModeStatus=true, preCheckPassed=true}.
2023-07-05 13:43:26,102 [EventQueue-NodeRegistrationContainerReportForDataNodeSafeModeRule] INFO  pipeline.BackgroundPipelineCreator (BackgroundPipelineCreator.java:notifyEventTriggered(277)) - trigger a one-shot run on RatisPipelineUtilsThread.
2023-07-05 13:43:26,104 [RatisPipelineUtilsThread - 0] INFO  pipeline.BackgroundPipelineCreator (BackgroundPipelineCreator.java:createPipelines(233)) - Created new pipeline Pipeline[ Id: a576a163-71d4-47f1-9d0d-1bef81dcc401, Nodes: 3a238b95-76ec-4438-89aa-518182fac512(fv-az264-29.ca02foy5wcnuvlrvrz2wi3p2og.dx.internal.cloudapp.net/10.1.0.13), ReplicationConfig: RATIS/ONE, State:ALLOCATED, leaderId:, CreationTimestamp2023-07-05T13:43:26.101Z[Etc/UTC]]
2023-07-05 13:43:26,105 [RatisPipelineUtilsThread - 0] INFO  pipeline.RatisPipelineProvider (RatisPipelineProvider.java:lambda$create$0(206)) - Sending CreatePipelineCommand for pipeline:PipelineID=eb357a06-a827-4663-9bed-a632e32f3323 to datanode:b0e58961-cf25-454a-a9d8-5016df2ce601
2023-07-05 13:43:26,105 [RatisPipelineUtilsThread - 0] INFO  pipeline.RatisPipelineProvider (RatisPipelineProvider.java:lambda$create$0(206)) - Sending CreatePipelineCommand for pipeline:PipelineID=eb357a06-a827-4663-9bed-a632e32f3323 to datanode:3a238b95-76ec-4438-89aa-518182fac512
2023-07-05 13:43:26,105 [RatisPipelineUtilsThread - 0] INFO  pipeline.RatisPipelineProvider (RatisPipelineProvider.java:lambda$create$0(206)) - Sending CreatePipelineCommand for pipeline:PipelineID=eb357a06-a827-4663-9bed-a632e32f3323 to datanode:16068a4c-c2af-4cec-9eae-3ab2a53eaee7
2023-07-05 13:43:26,106 [RatisPipelineUtilsThread - 0] INFO  pipeline.BackgroundPipelineCreator (BackgroundPipelineCreator.java:createPipelines(233)) - Created new pipeline Pipeline[ Id: eb357a06-a827-4663-9bed-a632e32f3323, Nodes: b0e58961-cf25-454a-a9d8-5016df2ce601(fv-az264-29.ca02foy5wcnuvlrvrz2wi3p2og.dx.internal.cloudapp.net/10.1.0.13)3a238b95-76ec-4438-89aa-518182fac512(fv-az264-29.ca02foy5wcnuvlrvrz2wi3p2og.dx.internal.cloudapp.net/10.1.0.13)16068a4c-c2af-4cec-9eae-3ab2a53eaee7(fv-az264-29.ca02foy5wcnuvlrvrz2wi3p2og.dx.internal.cloudapp.net/10.1.0.13), ReplicationConfig: RATIS/THREE, State:ALLOCATED, leaderId:, CreationTimestamp2023-07-05T13:43:26.105Z[Etc/UTC]]
2023-07-05 13:43:26,106 [RatisPipelineUtilsThread - 0] INFO  pipeline.RatisPipelineProvider (RatisPipelineProvider.java:lambda$create$0(206)) - Sending CreatePipelineCommand for pipeline:PipelineID=2116bd38-657f-4bb2-b5cb-addf5938e3ab to datanode:b0e58961-cf25-454a-a9d8-5016df2ce601
2023-07-05 13:43:26,106 [RatisPipelineUtilsThread - 0] INFO  pipeline.RatisPipelineProvider (RatisPipelineProvider.java:lambda$create$0(206)) - Sending CreatePipelineCommand for pipeline:PipelineID=2116bd38-657f-4bb2-b5cb-addf5938e3ab to datanode:16068a4c-c2af-4cec-9eae-3ab2a53eaee7
2023-07-05 13:43:26,106 [RatisPipelineUtilsThread - 0] INFO  pipeline.RatisPipelineProvider (RatisPipelineProvider.java:lambda$create$0(206)) - Sending CreatePipelineCommand for pipeline:PipelineID=2116bd38-657f-4bb2-b5cb-addf5938e3ab to datanode:3a238b95-76ec-4438-89aa-518182fac512
2023-07-05 13:43:26,107 [RatisPipelineUtilsThread - 0] INFO  pipeline.PipelineManagerImpl (PipelineManagerImpl.java:recordMetricsForPipeline(895)) - Pipeline: PipelineID=2116bd38-657f-4bb2-b5cb-addf5938e3ab contains same datanodes as previous pipelines: PipelineID=eb357a06-a827-4663-9bed-a632e32f3323 nodeIds: b0e58961-cf25-454a-a9d8-5016df2ce601, 16068a4c-c2af-4cec-9eae-3ab2a53eaee7, 3a238b95-76ec-4438-89aa-518182fac512
2023-07-05 13:43:26,107 [RatisPipelineUtilsThread - 0] INFO  pipeline.BackgroundPipelineCreator (BackgroundPipelineCreator.java:createPipelines(233)) - Created new pipeline Pipeline[ Id: 2116bd38-657f-4bb2-b5cb-addf5938e3ab, Nodes: b0e58961-cf25-454a-a9d8-5016df2ce601(fv-az264-29.ca02foy5wcnuvlrvrz2wi3p2og.dx.internal.cloudapp.net/10.1.0.13)16068a4c-c2af-4cec-9eae-3ab2a53eaee7(fv-az264-29.ca02foy5wcnuvlrvrz2wi3p2og.dx.internal.cloudapp.net/10.1.0.13)3a238b95-76ec-4438-89aa-518182fac512(fv-az264-29.ca02foy5wcnuvlrvrz2wi3p2og.dx.internal.cloudapp.net/10.1.0.13), ReplicationConfig: RATIS/THREE, State:ALLOCATED, leaderId:, CreationTimestamp2023-07-05T13:43:26.106Z[Etc/UTC]]
2023-07-05 13:43:26,107 [RatisPipelineUtilsThread - 0] WARN  pipeline.PipelinePlacementPolicy (PipelinePlacementPolicy.java:filterViableNodes(166)) - Pipeline creation failed due to no sufficient healthy datanodes. Required 3. Found 0. Excluded 3.
2023-07-05 13:43:26,108 [RatisPipelineUtilsThread - 0] WARN  pipeline.PipelinePlacementPolicy (PipelinePlacementPolicy.java:filterViableNodes(166)) - Pipeline creation failed due to no sufficient healthy datanodes. Required 3. Found 0. Excluded 3.
2023-07-05 13:43:26,469 [IPC Server handler 2 on default port 15108] INFO  net.NetworkTopologyImpl (NetworkTopologyImpl.java:add(112)) - Added a new node: /default-rack/7df8e922-d468-4b37-8758-318e891131cb
2023-07-05 13:43:26,469 [IPC Server handler 2 on default port 15108] INFO  node.SCMNodeManager (SCMNodeManager.java:register(405)) - Registered Data node : 7df8e922-d468-4b37-8758-318e891131cb{ip: 10.1.0.13, host: fv-az264-29.ca02foy5wcnuvlrvrz2wi3p2og.dx.internal.cloudapp.net, ports: [HTTP=15142, CLIENT_RPC=15143, REPLICATION=15149, RATIS=15145, RATIS_ADMIN=15146, RATIS_SERVER=15147, RATIS_DATASTREAM=15148, STANDALONE=15144], networkLocation: /default-rack, certSerialId: null, persistedOpState: null, persistedOpStateExpiryEpochSec: 0}
2023-07-05 13:43:26,471 [EventQueue-NewNodeForNewNodeHandler] INFO  pipeline.BackgroundPipelineCreator (BackgroundPipelineCreator.java:notifyEventTriggered(277)) - trigger a one-shot run on RatisPipelineUtilsThread.
2023-07-05 13:43:26,471 [RatisPipelineUtilsThread - 0] INFO  pipeline.RatisPipelineProvider (RatisPipelineProvider.java:lambda$create$0(206)) - Sending CreatePipelineCommand for pipeline:PipelineID=f6b5def1-ec34-4a79-ab7a-c9a822d04349 to datanode:7df8e922-d468-4b37-8758-318e891131cb
2023-07-05 13:43:26,473 [RatisPipelineUtilsThread - 0] INFO  pipeline.BackgroundPipelineCreator (BackgroundPipelineCreator.java:createPipelines(233)) - Created new pipeline Pipeline[ Id: f6b5def1-ec34-4a79-ab7a-c9a822d04349, Nodes: 7df8e922-d468-4b37-8758-318e891131cb(fv-az264-29.ca02foy5wcnuvlrvrz2wi3p2og.dx.internal.cloudapp.net/10.1.0.13), ReplicationConfig: RATIS/ONE, State:ALLOCATED, leaderId:, CreationTimestamp2023-07-05T13:43:26.471Z[Etc/UTC]]
2023-07-05 13:43:26,473 [RatisPipelineUtilsThread - 0] WARN  pipeline.PipelinePlacementPolicy (PipelinePlacementPolicy.java:filterViableNodes(166)) - Pipeline creation failed due to no sufficient healthy datanodes. Required 3. Found 1. Excluded 3.
2023-07-05 13:43:26,797 [Time-limited test] INFO  ozone.MiniOzoneClusterImpl (MiniOzoneClusterImpl.java:lambda$waitForClusterToBeReady$0(224)) - Waiting for nodes to be ready. Got 4 of 5 DN Heartbeats.
2023-07-05 13:43:26,797 [Time-limited test] INFO  ozone.MiniOzoneClusterImpl (MiniOzoneClusterImpl.java:lambda$waitForClusterToBeReady$0(227)) - Waiting for cluster to exit safe mode
2023-07-05 13:43:26,797 [Time-limited test] INFO  ozone.MiniOzoneClusterImpl (MiniOzoneClusterImpl.java:lambda$waitForClusterToBeReady$0(229)) - SCM became leader
2023-07-05 13:43:26,798 [IPC Server handler 7 on default port 15108] INFO  net.NetworkTopologyImpl (NetworkTopologyImpl.java:add(112)) - Added a new node: /default-rack/ba18fe3c-0fa2-4c47-a961-91b835f9fd0b
2023-07-05 13:43:26,798 [IPC Server handler 7 on default port 15108] INFO  node.SCMNodeManager (SCMNodeManager.java:register(405)) - Registered Data node : ba18fe3c-0fa2-4c47-a961-91b835f9fd0b{ip: 10.1.0.13, host: fv-az264-29.ca02foy5wcnuvlrvrz2wi3p2og.dx.internal.cloudapp.net, ports: [HTTP=15151, CLIENT_RPC=15152, REPLICATION=15158, RATIS=15154, RATIS_ADMIN=15155, RATIS_SERVER=15156, RATIS_DATASTREAM=15157, STANDALONE=15153], networkLocation: /default-rack, certSerialId: null, persistedOpState: null, persistedOpStateExpiryEpochSec: 0}
2023-07-05 13:43:26,798 [EventQueue-NewNodeForNewNodeHandler] INFO  pipeline.BackgroundPipelineCreator (BackgroundPipelineCreator.java:notifyEventTriggered(277)) - trigger a one-shot run on RatisPipelineUtilsThread.
2023-07-05 13:43:26,799 [RatisPipelineUtilsThread - 0] INFO  pipeline.RatisPipelineProvider (RatisPipelineProvider.java:lambda$create$0(206)) - Sending CreatePipelineCommand for pipeline:PipelineID=1f86f2a6-4528-4a09-9f37-8c7e8916931c to datanode:ba18fe3c-0fa2-4c47-a961-91b835f9fd0b
2023-07-05 13:43:26,800 [RatisPipelineUtilsThread - 0] INFO  pipeline.BackgroundPipelineCreator (BackgroundPipelineCreator.java:createPipelines(233)) - Created new pipeline Pipeline[ Id: 1f86f2a6-4528-4a09-9f37-8c7e8916931c, Nodes: ba18fe3c-0fa2-4c47-a961-91b835f9fd0b(fv-az264-29.ca02foy5wcnuvlrvrz2wi3p2og.dx.internal.cloudapp.net/10.1.0.13), ReplicationConfig: RATIS/ONE, State:ALLOCATED, leaderId:, CreationTimestamp2023-07-05T13:43:26.799Z[Etc/UTC]]
2023-07-05 13:43:26,800 [RatisPipelineUtilsThread - 0] WARN  pipeline.PipelinePlacementPolicy (PipelinePlacementPolicy.java:filterViableNodes(166)) - Pipeline creation failed due to no sufficient healthy datanodes. Required 3. Found 2. Excluded 3.
2023-07-05 13:43:26,992 [ReplicationMonitor] INFO  replication.ReplicationManager (ReplicationManager.java:processAll(361)) - Replication Manager is not ready to run until 3000ms after safemode exit
2023-07-05 13:43:27,797 [Time-limited test] INFO  ozone.MiniOzoneClusterImpl (MiniOzoneClusterImpl.java:lambda$waitForClusterToBeReady$0(224)) - Nodes are ready. Got 5 of 5 DN Heartbeats.
2023-07-05 13:43:27,798 [Time-limited test] INFO  ozone.MiniOzoneClusterImpl (MiniOzoneClusterImpl.java:lambda$waitForClusterToBeReady$0(227)) - Waiting for cluster to exit safe mode
2023-07-05 13:43:27,798 [Time-limited test] INFO  ozone.MiniOzoneClusterImpl (MiniOzoneClusterImpl.java:lambda$waitForClusterToBeReady$0(229)) - SCM became leader
2023-07-05 13:43:27,992 [ReplicationMonitor] INFO  replication.ReplicationManager (ReplicationManager.java:processAll(361)) - Replication Manager is not ready to run until 3000ms after safemode exit
2023-07-05 13:43:28,393 [PipelineCommandHandlerThread-0] INFO  server.RaftServer (RaftServerProxy.java:addNew(98)) - b0e58961-cf25-454a-a9d8-5016df2ce601: addNew group-8FB33747A9A1:[b0e58961-cf25-454a-a9d8-5016df2ce601|rpc:10.1.0.13:15120|admin:10.1.0.13:15119|client:10.1.0.13:15118|dataStream:10.1.0.13:15121|priority:1|startupRole:FOLLOWER] returns group-8FB33747A9A1:java.util.concurrent.CompletableFuture@49e2656a[Not completed]
2023-07-05 13:43:28,394 [b0e58961-cf25-454a-a9d8-5016df2ce601-groupManagement] INFO  server.RaftServer$Division (RaftServerImpl.java:<init>(198)) - b0e58961-cf25-454a-a9d8-5016df2ce601: new RaftServerImpl for group-8FB33747A9A1:[b0e58961-cf25-454a-a9d8-5016df2ce601|rpc:10.1.0.13:15120|admin:10.1.0.13:15119|client:10.1.0.13:15118|dataStream:10.1.0.13:15121|priority:1|startupRole:FOLLOWER] with ContainerStateMachine:uninitialized
2023-07-05 13:43:28,395 [b0e58961-cf25-454a-a9d8-5016df2ce601-groupManagement] INFO  server.RaftServerConfigKeys (ConfUtils.java:logGet(46)) - raft.server.rpc.timeout.min = 5s (custom)
2023-07-05 13:43:28,395 [b0e58961-cf25-454a-a9d8-5016df2ce601-groupManagement] INFO  server.RaftServerConfigKeys (ConfUtils.java:logGet(46)) - raft.server.rpc.timeout.max = 5200ms (custom)
2023-07-05 13:43:28,395 [b0e58961-cf25-454a-a9d8-5016df2ce601-groupManagement] INFO  server.RaftServerConfigKeys (ConfUtils.java:logGet(46)) - raft.server.rpc.sleep.time = 25ms (default)
2023-07-05 13:43:28,395 [b0e58961-cf25-454a-a9d8-5016df2ce601-groupManagement] INFO  server.RaftServerConfigKeys (ConfUtils.java:logGet(46)) - raft.server.rpc.slowness.timeout = 300s (custom)
2023-07-05 13:43:28,395 [b0e58961-cf25-454a-a9d8-5016df2ce601-groupManagement] INFO  server.RaftServerConfigKeys (ConfUtils.java:logGet(46)) - raft.server.leaderelection.leader.step-down.wait-time = 10s (default)
2023-07-05 13:43:28,395 [b0e58961-cf25-454a-a9d8-5016df2ce601-groupManagement] INFO  server.RaftServerConfigKeys (ConfUtils.java:logGet(46)) - raft.server.sleep.deviation.threshold = 300ms (default)
2023-07-05 13:43:28,395 [b0e58961-cf25-454a-a9d8-5016df2ce601-groupManagement] INFO  server.RaftServer$Division (ServerState.java:<init>(120)) - b0e58961-cf25-454a-a9d8-5016df2ce601@group-8FB33747A9A1: ConfigurationManager, init=-1: peers:[b0e58961-cf25-454a-a9d8-5016df2ce601|rpc:10.1.0.13:15120|admin:10.1.0.13:15119|client:10.1.0.13:15118|dataStream:10.1.0.13:15121|priority:1|startupRole:FOLLOWER]|listeners:[], old=null, confs=<EMPTY_MAP>
2023-07-05 13:43:28,395 [b0e58961-cf25-454a-a9d8-5016df2ce601-groupManagement] INFO  server.RaftServerConfigKeys (ConfUtils.java:logGet(46)) - raft.server.storage.dir = [/home/runner/work/ozone/ozone/hadoop-ozone/integration-test/target/test-dir/MiniOzoneClusterImpl-c098677b-f883-4488-a97e-c9984f4b1973/datanode-0/data/ratis] (custom)
2023-07-05 13:43:28,395 [b0e58961-cf25-454a-a9d8-5016df2ce601-groupManagement] INFO  server.RaftServerConfigKeys (ConfUtils.java:logGet(46)) - raft.server.log.corruption.policy = EXCEPTION (default)
2023-07-05 13:43:28,396 [b0e58961-cf25-454a-a9d8-5016df2ce601-groupManagement] INFO  server.RaftServerConfigKeys (ConfUtils.java:logGet(46)) - raft.server.storage.free-space.min = 0MB (=0) (default)
2023-07-05 13:43:28,396 [b0e58961-cf25-454a-a9d8-5016df2ce601-groupManagement] INFO  server.RaftServerConfigKeys (ConfUtils.java:logGet(46)) - raft.server.notification.no-leader.timeout = 300s (custom)
2023-07-05 13:43:28,396 [b0e58961-cf25-454a-a9d8-5016df2ce601-groupManagement] INFO  server.RaftServerConfigKeys (ConfUtils.java:logGet(46)) - raft.server.read.timeout = 10s (default)
2023-07-05 13:43:28,396 [b0e58961-cf25-454a-a9d8-5016df2ce601-groupManagement] INFO  server.RaftServerConfigKeys (ConfUtils.java:logGet(46)) - raft.server.retrycache.expirytime = 600000ms (custom)
2023-07-05 13:43:28,396 [b0e58961-cf25-454a-a9d8-5016df2ce601-groupManagement] INFO  server.RaftServerConfigKeys (ConfUtils.java:logGet(46)) - raft.server.retrycache.statistics.expirytime = 100μs (default)
2023-07-05 13:43:28,396 [b0e58961-cf25-454a-a9d8-5016df2ce601-groupManagement] INFO  server.RaftServerConfigKeys (ConfUtils.java:logGet(46)) - raft.server.read.option = DEFAULT (default)
2023-07-05 13:43:28,397 [b0e58961-cf25-454a-a9d8-5016df2ce601-groupManagement] INFO  server.RaftServerConfigKeys (ConfUtils.java:logGet(46)) - raft.server.rpc.request.timeout = 60s (custom)
2023-07-05 13:43:28,397 [b0e58961-cf25-454a-a9d8-5016df2ce601-groupManagement] INFO  server.RaftServerConfigKeys (ConfUtils.java:logGet(46)) - raft.server.log.appender.install.snapshot.enabled = false (custom)
2023-07-05 13:43:28,397 [b0e58961-cf25-454a-a9d8-5016df2ce601-groupManagement] INFO  server.RaftServerConfigKeys (ConfUtils.java:logGet(46)) - raft.server.threadpool.server.cached = true (default)
2023-07-05 13:43:28,397 [b0e58961-cf25-454a-a9d8-5016df2ce601-groupManagement] INFO  server.RaftServerConfigKeys (ConfUtils.java:logGet(46)) - raft.server.threadpool.server.size = 0 (default)
2023-07-05 13:43:28,398 [b0e58961-cf25-454a-a9d8-5016df2ce601-groupManagement] INFO  server.RaftServerConfigKeys (ConfUtils.java:logGet(46)) - raft.server.threadpool.client.cached = true (default)
2023-07-05 13:43:28,398 [b0e58961-cf25-454a-a9d8-5016df2ce601-groupManagement] INFO  server.RaftServerConfigKeys (ConfUtils.java:logGet(46)) - raft.server.threadpool.client.size = 0 (default)
2023-07-05 13:43:28,398 [b0e58961-cf25-454a-a9d8-5016df2ce601-groupManagement] INFO  storage.RaftStorageDirectory (RaftStorageDirectoryImpl.java:analyzeStorage(137)) - The storage directory /home/runner/work/ozone/ozone/hadoop-ozone/integration-test/target/test-dir/MiniOzoneClusterImpl-c098677b-f883-4488-a97e-c9984f4b1973/datanode-0/data/ratis/09525a7e-3f87-4630-b8cf-8fb33747a9a1 does not exist. Creating ...
2023-07-05 13:43:28,400 [b0e58961-cf25-454a-a9d8-5016df2ce601-groupManagement] INFO  storage.RaftStorageDirectory (RaftStorageDirectoryImpl.java:tryLock(231)) - Lock on /home/runner/work/ozone/ozone/hadoop-ozone/integration-test/target/test-dir/MiniOzoneClusterImpl-c098677b-f883-4488-a97e-c9984f4b1973/datanode-0/data/ratis/09525a7e-3f87-4630-b8cf-8fb33747a9a1/in_use.lock acquired by nodename 25537@fv-az264-29
2023-07-05 13:43:28,401 [b0e58961-cf25-454a-a9d8-5016df2ce601-groupManagement] INFO  storage.RaftStorage (RaftStorageImpl.java:format(96)) - Storage directory /home/runner/work/ozone/ozone/hadoop-ozone/integration-test/target/test-dir/MiniOzoneClusterImpl-c098677b-f883-4488-a97e-c9984f4b1973/datanode-0/data/ratis/09525a7e-3f87-4630-b8cf-8fb33747a9a1 has been successfully formatted.
2023-07-05 13:43:28,403 [b0e58961-cf25-454a-a9d8-5016df2ce601-groupManagement] INFO  ratis.ContainerStateMachine (ContainerStateMachine.java:loadSnapshot(262)) - group-8FB33747A9A1: The snapshot info is null. Setting the last applied indexto:(t:0, i:~)
2023-07-05 13:43:28,403 [b0e58961-cf25-454a-a9d8-5016df2ce601-groupManagement] INFO  server.RaftServerConfigKeys (ConfUtils.java:logGet(46)) - raft.server.log.use.memory = false (default)
2023-07-05 13:43:28,403 [b0e58961-cf25-454a-a9d8-5016df2ce601-groupManagement] INFO  server.RaftServerConfigKeys (ConfUtils.java:logGet(46)) - raft.server.log.purge.gap = 1000000 (custom)
2023-07-05 13:43:28,403 [b0e58961-cf25-454a-a9d8-5016df2ce601-groupManagement] INFO  server.RaftServerConfigKeys (ConfUtils.java:logGet(46)) - raft.server.log.appender.buffer.byte-limit = 33554432 (custom)
2023-07-05 13:43:28,403 [b0e58961-cf25-454a-a9d8-5016df2ce601-groupManagement] INFO  server.RaftServerConfigKeys (ConfUtils.java:logGet(46)) - raft.server.log.statemachine.data.read.timeout = 1000ms (default)
2023-07-05 13:43:28,404 [b0e58961-cf25-454a-a9d8-5016df2ce601-groupManagement] INFO  server.RaftServerConfigKeys (ConfUtils.java:logGet(46)) - raft.server.log.purge.preservation.log.num = 0 (default)
2023-07-05 13:43:28,404 [b0e58961-cf25-454a-a9d8-5016df2ce601-groupManagement] INFO  server.RaftServerConfigKeys (ConfUtils.java:logGet(46)) - raft.server.log.segment.size.max = 1048576 (custom)
2023-07-05 13:43:28,405 [b0e58961-cf25-454a-a9d8-5016df2ce601-groupManagement] INFO  server.RaftServerConfigKeys (ConfUtils.java:logGet(46)) - raft.server.log.segment.cache.num.max = 2 (custom)
2023-07-05 13:43:28,405 [b0e58961-cf25-454a-a9d8-5016df2ce601-groupManagement] INFO  server.RaftServerConfigKeys (ConfUtils.java:logGet(46)) - raft.server.log.segment.cache.size.max = 200MB (=209715200) (default)
2023-07-05 13:43:28,405 [b0e58961-cf25-454a-a9d8-5016df2ce601-groupManagement] INFO  server.RaftServerConfigKeys (ConfUtils.java:logGet(46)) - raft.server.log.appender.buffer.byte-limit = 33554432 (custom)
2023-07-05 13:43:28,405 [EventQueue-PipelineReportForPipelineReportHandler] INFO  pipeline.PipelineReportHandler (PipelineReportHandler.java:processPipelineReport(136)) - Opened pipeline PipelineID=09525a7e-3f87-4630-b8cf-8fb33747a9a1
2023-07-05 13:43:28,405 [b0e58961-cf25-454a-a9d8-5016df2ce601-groupManagement] INFO  segmented.SegmentedRaftLogWorker (SegmentedRaftLogWorker.java:<init>(188)) - new b0e58961-cf25-454a-a9d8-5016df2ce601@group-8FB33747A9A1-SegmentedRaftLogWorker for RaftStorageImpl:Storage Directory /home/runner/work/ozone/ozone/hadoop-ozone/integration-test/target/test-dir/MiniOzoneClusterImpl-c098677b-f883-4488-a97e-c9984f4b1973/datanode-0/data/ratis/09525a7e-3f87-4630-b8cf-8fb33747a9a1
2023-07-05 13:43:28,407 [b0e58961-cf25-454a-a9d8-5016df2ce601-groupManagement] INFO  server.RaftServerConfigKeys (ConfUtils.java:logGet(46)) - raft.server.log.queue.byte-limit = 4294967296 (custom)
2023-07-05 13:43:28,407 [b0e58961-cf25-454a-a9d8-5016df2ce601-groupManagement] INFO  server.RaftServerConfigKeys (ConfUtils.java:logGet(46)) - raft.server.log.queue.element-limit = 1024 (custom)
2023-07-05 13:43:28,407 [b0e58961-cf25-454a-a9d8-5016df2ce601-groupManagement] INFO  server.RaftServerConfigKeys (ConfUtils.java:logGet(46)) - raft.server.log.segment.size.max = 1048576 (custom)
2023-07-05 13:43:28,407 [b0e58961-cf25-454a-a9d8-5016df2ce601-groupManagement] INFO  server.RaftServerConfigKeys (ConfUtils.java:logGet(46)) - raft.server.log.preallocated.size = 16384 (custom)
2023-07-05 13:43:28,407 [b0e58961-cf25-454a-a9d8-5016df2ce601-groupManagement] INFO  server.RaftServerConfigKeys (ConfUtils.java:logGet(46)) - raft.server.log.force.sync.num = 128 (default)
2023-07-05 13:43:28,407 [b0e58961-cf25-454a-a9d8-5016df2ce601-groupManagement] INFO  server.RaftServerConfigKeys (ConfUtils.java:logGet(46)) - raft.server.log.statemachine.data.sync = true (default)
2023-07-05 13:43:28,407 [b0e58961-cf25-454a-a9d8-5016df2ce601-groupManagement] INFO  server.RaftServerConfigKeys (ConfUtils.java:logGet(46)) - raft.server.log.statemachine.data.sync.timeout = 10s (default)
2023-07-05 13:43:28,407 [b0e58961-cf25-454a-a9d8-5016df2ce601-groupManagement] INFO  server.RaftServerConfigKeys (ConfUtils.java:logGet(46)) - raft.server.log.statemachine.data.sync.timeout.retry = -1 (default)
2023-07-05 13:43:28,408 [b0e58961-cf25-454a-a9d8-5016df2ce601-groupManagement] INFO  server.RaftServerConfigKeys (ConfUtils.java:logGet(46)) - raft.server.log.write.buffer.size = 1048576 (custom)
2023-07-05 13:43:28,408 [b0e58961-cf25-454a-a9d8-5016df2ce601-groupManagement] INFO  server.RaftServerConfigKeys (ConfUtils.java:logGet(46)) - raft.server.log.appender.buffer.byte-limit = 33554432 (custom)
2023-07-05 13:43:28,413 [b0e58961-cf25-454a-a9d8-5016df2ce601-groupManagement] INFO  server.RaftServerConfigKeys (ConfUtils.java:logGet(46)) - raft.server.log.unsafe-flush.enabled = false (default)
2023-07-05 13:43:28,413 [b0e58961-cf25-454a-a9d8-5016df2ce601-groupManagement] INFO  server.RaftServerConfigKeys (ConfUtils.java:logGet(46)) - raft.server.log.async-flush.enabled = false (default)
2023-07-05 13:43:28,413 [b0e58961-cf25-454a-a9d8-5016df2ce601-groupManagement] INFO  server.RaftServerConfigKeys (ConfUtils.java:logGet(46)) - raft.server.log.statemachine.data.caching.enabled = true (custom)
2023-07-05 13:43:28,415 [EventQueue-OpenPipelineForHealthyPipelineSafeModeRule] INFO  safemode.SCMSafeModeManager (HealthyPipelineSafeModeRule.java:process(137)) - SCM in safe mode. Healthy pipelines reported count is 0, required healthy pipeline reported count is 1
2023-07-05 13:43:28,416 [b0e58961-cf25-454a-a9d8-5016df2ce601-groupManagement] INFO  segmented.SegmentedRaftLogWorker (SegmentedRaftLogWorker.java:lambda$new$0(135)) - b0e58961-cf25-454a-a9d8-5016df2ce601@group-8FB33747A9A1-SegmentedRaftLogWorker: flushIndex: setUnconditionally 0 -> -1
2023-07-05 13:43:28,416 [b0e58961-cf25-454a-a9d8-5016df2ce601-groupManagement] INFO  segmented.SegmentedRaftLogWorker (SegmentedRaftLogWorker.java:lambda$new$0(135)) - b0e58961-cf25-454a-a9d8-5016df2ce601@group-8FB33747A9A1-SegmentedRaftLogWorker: safeCacheEvictIndex: setUnconditionally 0 -> -1
2023-07-05 13:43:28,417 [b0e58961-cf25-454a-a9d8-5016df2ce601-groupManagement] INFO  server.RaftServer$Division (RaftServerImpl.java:start(342)) - b0e58961-cf25-454a-a9d8-5016df2ce601@group-8FB33747A9A1: start as a follower, conf=-1: peers:[b0e58961-cf25-454a-a9d8-5016df2ce601|rpc:10.1.0.13:15120|admin:10.1.0.13:15119|client:10.1.0.13:15118|dataStream:10.1.0.13:15121|priority:1|startupRole:FOLLOWER]|listeners:[], old=null
2023-07-05 13:43:28,417 [b0e58961-cf25-454a-a9d8-5016df2ce601-groupManagement] INFO  server.RaftServer$Division (RaftServerImpl.java:setRole(329)) - b0e58961-cf25-454a-a9d8-5016df2ce601@group-8FB33747A9A1: changes role from      null to FOLLOWER at term 0 for startAsFollower
2023-07-05 13:43:28,417 [b0e58961-cf25-454a-a9d8-5016df2ce601-groupManagement] INFO  impl.RoleInfo (RoleInfo.java:updateAndGet(139)) - b0e58961-cf25-454a-a9d8-5016df2ce601: start b0e58961-cf25-454a-a9d8-5016df2ce601@group-8FB33747A9A1-FollowerState
2023-07-05 13:43:28,418 [b0e58961-cf25-454a-a9d8-5016df2ce601-groupManagement] INFO  util.JmxRegister (JmxRegister.java:tryRegister(44)) - Successfully registered JMX Bean with object name Ratis:service=RaftServer,group=group-8FB33747A9A1,id=b0e58961-cf25-454a-a9d8-5016df2ce601
2023-07-05 13:43:28,418 [b0e58961-cf25-454a-a9d8-5016df2ce601@group-8FB33747A9A1-FollowerState] INFO  server.RaftServerConfigKeys (ConfUtils.java:logFallback(53)) - raft.server.rpc.first-election.timeout.min = 5s (fallback to raft.server.rpc.timeout.min)
2023-07-05 13:43:28,418 [b0e58961-cf25-454a-a9d8-5016df2ce601@group-8FB33747A9A1-FollowerState] INFO  server.RaftServerConfigKeys (ConfUtils.java:logFallback(53)) - raft.server.rpc.first-election.timeout.max = 5200ms (fallback to raft.server.rpc.timeout.max)
2023-07-05 13:43:28,418 [b0e58961-cf25-454a-a9d8-5016df2ce601-groupManagement] INFO  server.RaftServerConfigKeys (ConfUtils.java:logGet(46)) - raft.server.snapshot.auto.trigger.enabled = true (custom)
2023-07-05 13:43:28,419 [b0e58961-cf25-454a-a9d8-5016df2ce601-groupManagement] INFO  server.RaftServerConfigKeys (ConfUtils.java:logGet(46)) - raft.server.snapshot.auto.trigger.threshold = 10000 (custom)
2023-07-05 13:43:28,419 [b0e58961-cf25-454a-a9d8-5016df2ce601-groupManagement] INFO  server.RaftServerConfigKeys (ConfUtils.java:logGet(46)) - raft.server.snapshot.retention.file.num = 5 (custom)
2023-07-05 13:43:28,419 [b0e58961-cf25-454a-a9d8-5016df2ce601-groupManagement] INFO  server.RaftServerConfigKeys (ConfUtils.java:logGet(46)) - raft.server.log.purge.upto.snapshot.index = false (default)
2023-07-05 13:43:28,420 [PipelineCommandHandlerThread-0] INFO  ratis.XceiverServerRatis (XceiverServerRatis.java:addGroup(804)) - Created group PipelineID=09525a7e-3f87-4630-b8cf-8fb33747a9a1
2023-07-05 13:43:28,420 [PipelineCommandHandlerThread-0] INFO  commandhandler.CreatePipelineCommandHandler (CreatePipelineCommandHandler.java:lambda$handle$2(124)) - Created Pipeline RATIS ONE PipelineID=09525a7e-3f87-4630-b8cf-8fb33747a9a1.
2023-07-05 13:43:28,421 [PipelineCommandHandlerThread-0] INFO  server.RaftServer (RaftServerProxy.java:addNew(98)) - b0e58961-cf25-454a-a9d8-5016df2ce601: addNew group-A632E32F3323:[b0e58961-cf25-454a-a9d8-5016df2ce601|rpc:10.1.0.13:15120|admin:10.1.0.13:15119|client:10.1.0.13:15118|dataStream:10.1.0.13:15121|priority:0|startupRole:FOLLOWER, 16068a4c-c2af-4cec-9eae-3ab2a53eaee7|rpc:10.1.0.13:15129|admin:10.1.0.13:15128|client:10.1.0.13:15127|dataStream:10.1.0.13:15130|priority:0|startupRole:FOLLOWER, 3a238b95-76ec-4438-89aa-518182fac512|rpc:10.1.0.13:15138|admin:10.1.0.13:15137|client:10.1.0.13:15136|dataStream:10.1.0.13:15139|priority:1|startupRole:FOLLOWER] returns group-A632E32F3323:java.util.concurrent.CompletableFuture@4ddde88e[Not completed]
2023-07-05 13:43:28,422 [b0e58961-cf25-454a-a9d8-5016df2ce601-groupManagement] INFO  server.RaftServer$Division (RaftServerImpl.java:<init>(198)) - b0e58961-cf25-454a-a9d8-5016df2ce601: new RaftServerImpl for group-A632E32F3323:[b0e58961-cf25-454a-a9d8-5016df2ce601|rpc:10.1.0.13:15120|admin:10.1.0.13:15119|client:10.1.0.13:15118|dataStream:10.1.0.13:15121|priority:0|startupRole:FOLLOWER, 16068a4c-c2af-4cec-9eae-3ab2a53eaee7|rpc:10.1.0.13:15129|admin:10.1.0.13:15128|client:10.1.0.13:15127|dataStream:10.1.0.13:15130|priority:0|startupRole:FOLLOWER, 3a238b95-76ec-4438-89aa-518182fac512|rpc:10.1.0.13:15138|admin:10.1.0.13:15137|client:10.1.0.13:15136|dataStream:10.1.0.13:15139|priority:1|startupRole:FOLLOWER] with ContainerStateMachine:uninitialized
2023-07-05 13:43:28,422 [b0e58961-cf25-454a-a9d8-5016df2ce601-groupManagement] INFO  server.RaftServerConfigKeys (ConfUtils.java:logGet(46)) - raft.server.rpc.timeout.min = 5s (custom)
2023-07-05 13:43:28,422 [b0e58961-cf25-454a-a9d8-5016df2ce601-groupManagement] INFO  server.RaftServerConfigKeys (ConfUtils.java:logGet(46)) - raft.server.rpc.timeout.max = 5200ms (custom)
2023-07-05 13:43:28,422 [b0e58961-cf25-454a-a9d8-5016df2ce601-groupManagement] INFO  server.RaftServerConfigKeys (ConfUtils.java:logGet(46)) - raft.server.rpc.sleep.time = 25ms (default)
2023-07-05 13:43:28,422 [b0e58961-cf25-454a-a9d8-5016df2ce601-groupManagement] INFO  server.RaftServerConfigKeys (ConfUtils.java:logGet(46)) - raft.server.rpc.slowness.timeout = 300s (custom)
2023-07-05 13:43:28,422 [b0e58961-cf25-454a-a9d8-5016df2ce601-groupManagement] INFO  server.RaftServerConfigKeys (ConfUtils.java:logGet(46)) - raft.server.leaderelection.leader.step-down.wait-time = 10s (default)
2023-07-05 13:43:28,422 [b0e58961-cf25-454a-a9d8-5016df2ce601-groupManagement] INFO  server.RaftServerConfigKeys (ConfUtils.java:logGet(46)) - raft.server.sleep.deviation.threshold = 300ms (default)
2023-07-05 13:43:28,422 [b0e58961-cf25-454a-a9d8-5016df2ce601-groupManagement] INFO  server.RaftServer$Division (ServerState.java:<init>(120)) - b0e58961-cf25-454a-a9d8-5016df2ce601@group-A632E32F3323: ConfigurationManager, init=-1: peers:[b0e58961-cf25-454a-a9d8-5016df2ce601|rpc:10.1.0.13:15120|admin:10.1.0.13:15119|client:10.1.0.13:15118|dataStream:10.1.0.13:15121|priority:0|startupRole:FOLLOWER, 16068a4c-c2af-4cec-9eae-3ab2a53eaee7|rpc:10.1.0.13:15129|admin:10.1.0.13:15128|client:10.1.0.13:15127|dataStream:10.1.0.13:15130|priority:0|startupRole:FOLLOWER, 3a238b95-76ec-4438-89aa-518182fac512|rpc:10.1.0.13:15138|admin:10.1.0.13:15137|client:10.1.0.13:15136|dataStream:10.1.0.13:15139|priority:1|startupRole:FOLLOWER]|listeners:[], old=null, confs=<EMPTY_MAP>
2023-07-05 13:43:28,422 [b0e58961-cf25-454a-a9d8-5016df2ce601-groupManagement] INFO  server.RaftServerConfigKeys (ConfUtils.java:logGet(46)) - raft.server.storage.dir = [/home/runner/work/ozone/ozone/hadoop-ozone/integration-test/target/test-dir/MiniOzoneClusterImpl-c098677b-f883-4488-a97e-c9984f4b1973/datanode-0/data/ratis] (custom)
2023-07-05 13:43:28,422 [b0e58961-cf25-454a-a9d8-5016df2ce601-groupManagement] INFO  server.RaftServerConfigKeys (ConfUtils.java:logGet(46)) - raft.server.log.corruption.policy = EXCEPTION (default)
2023-07-05 13:43:28,423 [b0e58961-cf25-454a-a9d8-5016df2ce601-groupManagement] INFO  server.RaftServerConfigKeys (ConfUtils.java:logGet(46)) - raft.server.storage.free-space.min = 0MB (=0) (default)
2023-07-05 13:43:28,423 [b0e58961-cf25-454a-a9d8-5016df2ce601-groupManagement] INFO  server.RaftServerConfigKeys (ConfUtils.java:logGet(46)) - raft.server.notification.no-leader.timeout = 300s (custom)
2023-07-05 13:43:28,423 [b0e58961-cf25-454a-a9d8-5016df2ce601-groupManagement] INFO  server.RaftServerConfigKeys (ConfUtils.java:logGet(46)) - raft.server.read.timeout = 10s (default)
2023-07-05 13:43:28,423 [b0e58961-cf25-454a-a9d8-5016df2ce601-groupManagement] INFO  server.RaftServerConfigKeys (ConfUtils.java:logGet(46)) - raft.server.retrycache.expirytime = 600000ms (custom)
2023-07-05 13:43:28,423 [b0e58961-cf25-454a-a9d8-5016df2ce601-groupManagement] INFO  server.RaftServerConfigKeys (ConfUtils.java:logGet(46)) - raft.server.retrycache.statistics.expirytime = 100μs (default)
2023-07-05 13:43:28,423 [b0e58961-cf25-454a-a9d8-5016df2ce601-groupManagement] INFO  server.RaftServerConfigKeys (ConfUtils.java:logGet(46)) - raft.server.read.option = DEFAULT (default)
2023-07-05 13:43:28,424 [b0e58961-cf25-454a-a9d8-5016df2ce601-groupManagement] INFO  server.RaftServerConfigKeys (ConfUtils.java:logGet(46)) - raft.server.rpc.request.timeout = 60s (custom)
2023-07-05 13:43:28,424 [b0e58961-cf25-454a-a9d8-5016df2ce601-groupManagement] INFO  server.RaftServerConfigKeys (ConfUtils.java:logGet(46)) - raft.server.log.appender.install.snapshot.enabled = false (custom)
2023-07-05 13:43:28,424 [b0e58961-cf25-454a-a9d8-5016df2ce601-groupManagement] INFO  server.RaftServerConfigKeys (ConfUtils.java:logGet(46)) - raft.server.threadpool.server.cached = true (default)
2023-07-05 13:43:28,424 [b0e58961-cf25-454a-a9d8-5016df2ce601-groupManagement] INFO  server.RaftServerConfigKeys (ConfUtils.java:logGet(46)) - raft.server.threadpool.server.size = 0 (default)
2023-07-05 13:43:28,424 [b0e58961-cf25-454a-a9d8-5016df2ce601-groupManagement] INFO  server.RaftServerConfigKeys (ConfUtils.java:logGet(46)) - raft.server.threadpool.client.cached = true (default)
2023-07-05 13:43:28,424 [b0e58961-cf25-454a-a9d8-5016df2ce601-groupManagement] INFO  server.RaftServerConfigKeys (ConfUtils.java:logGet(46)) - raft.server.threadpool.client.size = 0 (default)
2023-07-05 13:43:28,424 [b0e58961-cf25-454a-a9d8-5016df2ce601-groupManagement] INFO  storage.RaftStorageDirectory (RaftStorageDirectoryImpl.java:analyzeStorage(137)) - The storage directory /home/runner/work/ozone/ozone/hadoop-ozone/integration-test/target/test-dir/MiniOzoneClusterImpl-c098677b-f883-4488-a97e-c9984f4b1973/datanode-0/data/ratis/eb357a06-a827-4663-9bed-a632e32f3323 does not exist. Creating ...
2023-07-05 13:43:28,426 [b0e58961-cf25-454a-a9d8-5016df2ce601-groupManagement] INFO  storage.RaftStorageDirectory (RaftStorageDirectoryImpl.java:tryLock(231)) - Lock on /home/runner/work/ozone/ozone/hadoop-ozone/integration-test/target/test-dir/MiniOzoneClusterImpl-c098677b-f883-4488-a97e-c9984f4b1973/datanode-0/data/ratis/eb357a06-a827-4663-9bed-a632e32f3323/in_use.lock acquired by nodename 25537@fv-az264-29
2023-07-05 13:43:28,427 [b0e58961-cf25-454a-a9d8-5016df2ce601-groupManagement] INFO  storage.RaftStorage (RaftStorageImpl.java:format(96)) - Storage directory /home/runner/work/ozone/ozone/hadoop-ozone/integration-test/target/test-dir/MiniOzoneClusterImpl-c098677b-f883-4488-a97e-c9984f4b1973/datanode-0/data/ratis/eb357a06-a827-4663-9bed-a632e32f3323 has been successfully formatted.
2023-07-05 13:43:28,427 [b0e58961-cf25-454a-a9d8-5016df2ce601-groupManagement] INFO  ratis.ContainerStateMachine (ContainerStateMachine.java:loadSnapshot(262)) - group-A632E32F3323: The snapshot info is null. Setting the last applied indexto:(t:0, i:~)
2023-07-05 13:43:28,427 [b0e58961-cf25-454a-a9d8-5016df2ce601-groupManagement] INFO  server.RaftServerConfigKeys (ConfUtils.java:logGet(46)) - raft.server.log.use.memory = false (default)
2023-07-05 13:43:28,428 [b0e58961-cf25-454a-a9d8-5016df2ce601-groupManagement] INFO  server.RaftServerConfigKeys (ConfUtils.java:logGet(46)) - raft.server.log.purge.gap = 1000000 (custom)
2023-07-05 13:43:28,428 [b0e58961-cf25-454a-a9d8-5016df2ce601-groupManagement] INFO  server.RaftServerConfigKeys (ConfUtils.java:logGet(46)) - raft.server.log.appender.buffer.byte-limit = 33554432 (custom)
2023-07-05 13:43:28,428 [b0e58961-cf25-454a-a9d8-5016df2ce601-groupManagement] INFO  server.RaftServerConfigKeys (ConfUtils.java:logGet(46)) - raft.server.log.statemachine.data.read.timeout = 1000ms (default)
2023-07-05 13:43:28,428 [b0e58961-cf25-454a-a9d8-5016df2ce601-groupManagement] INFO  server.RaftServerConfigKeys (ConfUtils.java:logGet(46)) - raft.server.log.purge.preservation.log.num = 0 (default)
2023-07-05 13:43:28,429 [EventQueue-OpenPipelineForHealthyPipelineSafeModeRule] INFO  safemode.SCMSafeModeManager (HealthyPipelineSafeModeRule.java:process(137)) - SCM in safe mode. Healthy pipelines reported count is 0, required healthy pipeline reported count is 1
2023-07-05 13:43:28,429 [b0e58961-cf25-454a-a9d8-5016df2ce601-groupManagement] INFO  server.RaftServerConfigKeys (ConfUtils.java:logGet(46)) - raft.server.log.segment.size.max = 1048576 (custom)
2023-07-05 13:43:28,429 [b0e58961-cf25-454a-a9d8-5016df2ce601-groupManagement] INFO  server.RaftServerConfigKeys (ConfUtils.java:logGet(46)) - raft.server.log.segment.cache.num.max = 2 (custom)
2023-07-05 13:43:28,429 [b0e58961-cf25-454a-a9d8-5016df2ce601-groupManagement] INFO  server.RaftServerConfigKeys (ConfUtils.java:logGet(46)) - raft.server.log.segment.cache.size.max = 200MB (=209715200) (default)
2023-07-05 13:43:28,429 [b0e58961-cf25-454a-a9d8-5016df2ce601-groupManagement] INFO  server.RaftServerConfigKeys (ConfUtils.java:logGet(46)) - raft.server.log.appender.buffer.byte-limit = 33554432 (custom)
2023-07-05 13:43:28,430 [b0e58961-cf25-454a-a9d8-5016df2ce601-groupManagement] INFO  segmented.SegmentedRaftLogWorker (SegmentedRaftLogWorker.java:<init>(188)) - new b0e58961-cf25-454a-a9d8-5016df2ce601@group-A632E32F3323-SegmentedRaftLogWorker for RaftStorageImpl:Storage Directory /home/runner/work/ozone/ozone/hadoop-ozone/integration-test/target/test-dir/MiniOzoneClusterImpl-c098677b-f883-4488-a97e-c9984f4b1973/datanode-0/data/ratis/eb357a06-a827-4663-9bed-a632e32f3323
2023-07-05 13:43:28,430 [b0e58961-cf25-454a-a9d8-5016df2ce601-groupManagement] INFO  server.RaftServerConfigKeys (ConfUtils.java:logGet(46)) - raft.server.log.queue.byte-limit = 4294967296 (custom)
2023-07-05 13:43:28,430 [b0e58961-cf25-454a-a9d8-5016df2ce601-groupManagement] INFO  server.RaftServerConfigKeys (ConfUtils.java:logGet(46)) - raft.server.log.queue.element-limit = 1024 (custom)
2023-07-05 13:43:28,430 [b0e58961-cf25-454a-a9d8-5016df2ce601-groupManagement] INFO  server.RaftServerConfigKeys (ConfUtils.java:logGet(46)) - raft.server.log.segment.size.max = 1048576 (custom)
2023-07-05 13:43:28,430 [b0e58961-cf25-454a-a9d8-5016df2ce601-groupManagement] INFO  server.RaftServerConfigKeys (ConfUtils.java:logGet(46)) - raft.server.log.preallocated.size = 16384 (custom)
2023-07-05 13:43:28,430 [b0e58961-cf25-454a-a9d8-5016df2ce601-groupManagement] INFO  server.RaftServerConfigKeys (ConfUtils.java:logGet(46)) - raft.server.log.force.sync.num = 128 (default)
2023-07-05 13:43:28,430 [b0e58961-cf25-454a-a9d8-5016df2ce601-groupManagement] INFO  server.RaftServerConfigKeys (ConfUtils.java:logGet(46)) - raft.server.log.statemachine.data.sync = true (default)
2023-07-05 13:43:28,430 [b0e58961-cf25-454a-a9d8-5016df2ce601-groupManagement] INFO  server.RaftServerConfigKeys (ConfUtils.java:logGet(46)) - raft.server.log.statemachine.data.sync.timeout = 10s (default)
2023-07-05 13:43:28,430 [b0e58961-cf25-454a-a9d8-5016df2ce601-groupManagement] INFO  server.RaftServerConfigKeys (ConfUtils.java:logGet(46)) - raft.server.log.statemachine.data.sync.timeout.retry = -1 (default)
2023-07-05 13:43:28,430 [b0e58961-cf25-454a-a9d8-5016df2ce601-groupManagement] INFO  server.RaftServerConfigKeys (ConfUtils.java:logGet(46)) - raft.server.log.write.buffer.size = 1048576 (custom)
2023-07-05 13:43:28,431 [b0e58961-cf25-454a-a9d8-5016df2ce601-groupManagement] INFO  server.RaftServerConfigKeys (ConfUtils.java:logGet(46)) - raft.server.log.appender.buffer.byte-limit = 33554432 (custom)
2023-07-05 13:43:28,436 [b0e58961-cf25-454a-a9d8-5016df2ce601-groupManagement] INFO  server.RaftServerConfigKeys (ConfUtils.java:logGet(46)) - raft.server.log.unsafe-flush.enabled = false (default)
2023-07-05 13:43:28,436 [b0e58961-cf25-454a-a9d8-5016df2ce601-groupManagement] INFO  server.RaftServerConfigKeys (ConfUtils.java:logGet(46)) - raft.server.log.async-flush.enabled = false (default)
2023-07-05 13:43:28,436 [b0e58961-cf25-454a-a9d8-5016df2ce601-groupManagement] INFO  server.RaftServerConfigKeys (ConfUtils.java:logGet(46)) - raft.server.log.statemachine.data.caching.enabled = true (custom)
2023-07-05 13:43:28,436 [b0e58961-cf25-454a-a9d8-5016df2ce601-groupManagement] INFO  segmented.SegmentedRaftLogWorker (SegmentedRaftLogWorker.java:lambda$new$0(135)) - b0e58961-cf25-454a-a9d8-5016df2ce601@group-A632E32F3323-SegmentedRaftLogWorker: flushIndex: setUnconditionally 0 -> -1
2023-07-05 13:43:28,437 [b0e58961-cf25-454a-a9d8-5016df2ce601-groupManagement] INFO  segmented.SegmentedRaftLogWorker (SegmentedRaftLogWorker.java:lambda$new$0(135)) - b0e58961-cf25-454a-a9d8-5016df2ce601@group-A632E32F3323-SegmentedRaftLogWorker: safeCacheEvictIndex: setUnconditionally 0 -> -1
2023-07-05 13:43:28,437 [b0e58961-cf25-454a-a9d8-5016df2ce601-groupManagement] INFO  server.RaftServer$Division (RaftServerImpl.java:start(342)) - b0e58961-cf25-454a-a9d8-5016df2ce601@group-A632E32F3323: start as a follower, conf=-1: peers:[b0e58961-cf25-454a-a9d8-5016df2ce601|rpc:10.1.0.13:15120|admin:10.1.0.13:15119|client:10.1.0.13:15118|dataStream:10.1.0.13:15121|priority:0|startupRole:FOLLOWER, 16068a4c-c2af-4cec-9eae-3ab2a53eaee7|rpc:10.1.0.13:15129|admin:10.1.0.13:15128|client:10.1.0.13:15127|dataStream:10.1.0.13:15130|priority:0|startupRole:FOLLOWER, 3a238b95-76ec-4438-89aa-518182fac512|rpc:10.1.0.13:15138|admin:10.1.0.13:15137|client:10.1.0.13:15136|dataStream:10.1.0.13:15139|priority:1|startupRole:FOLLOWER]|listeners:[], old=null
2023-07-05 13:43:28,437 [b0e58961-cf25-454a-a9d8-5016df2ce601-groupManagement] INFO  server.RaftServer$Division (RaftServerImpl.java:setRole(329)) - b0e58961-cf25-454a-a9d8-5016df2ce601@group-A632E32F3323: changes role from      null to FOLLOWER at term 0 for startAsFollower
2023-07-05 13:43:28,437 [b0e58961-cf25-454a-a9d8-5016df2ce601-groupManagement] INFO  impl.RoleInfo (RoleInfo.java:updateAndGet(139)) - b0e58961-cf25-454a-a9d8-5016df2ce601: start b0e58961-cf25-454a-a9d8-5016df2ce601@group-A632E32F3323-FollowerState
2023-07-05 13:43:28,438 [b0e58961-cf25-454a-a9d8-5016df2ce601-groupManagement] INFO  util.JmxRegister (JmxRegister.java:tryRegister(44)) - Successfully registered JMX Bean with object name Ratis:service=RaftServer,group=group-A632E32F3323,id=b0e58961-cf25-454a-a9d8-5016df2ce601
2023-07-05 13:43:28,438 [b0e58961-cf25-454a-a9d8-5016df2ce601-groupManagement] INFO  server.RaftServerConfigKeys (ConfUtils.java:logGet(46)) - raft.server.snapshot.auto.trigger.enabled = true (custom)
2023-07-05 13:43:28,438 [b0e58961-cf25-454a-a9d8-5016df2ce601-groupManagement] INFO  server.RaftServerConfigKeys (ConfUtils.java:logGet(46)) - raft.server.snapshot.auto.trigger.threshold = 10000 (custom)
2023-07-05 13:43:28,438 [b0e58961-cf25-454a-a9d8-5016df2ce601-groupManagement] INFO  server.RaftServerConfigKeys (ConfUtils.java:logGet(46)) - raft.server.snapshot.retention.file.num = 5 (custom)
2023-07-05 13:43:28,438 [b0e58961-cf25-454a-a9d8-5016df2ce601-groupManagement] INFO  server.RaftServerConfigKeys (ConfUtils.java:logGet(46)) - raft.server.log.purge.upto.snapshot.index = false (default)
2023-07-05 13:43:28,439 [b0e58961-cf25-454a-a9d8-5016df2ce601@group-A632E32F3323-FollowerState] INFO  server.RaftServerConfigKeys (ConfUtils.java:logFallback(53)) - raft.server.rpc.first-election.timeout.min = 5s (fallback to raft.server.rpc.timeout.min)
2023-07-05 13:43:28,439 [b0e58961-cf25-454a-a9d8-5016df2ce601@group-A632E32F3323-FollowerState] INFO  server.RaftServerConfigKeys (ConfUtils.java:logFallback(53)) - raft.server.rpc.first-election.timeout.max = 5200ms (fallback to raft.server.rpc.timeout.max)
2023-07-05 13:43:28,443 [PipelineCommandHandlerThread-0] INFO  ratis.XceiverServerRatis (XceiverServerRatis.java:addGroup(804)) - Created group PipelineID=eb357a06-a827-4663-9bed-a632e32f3323
2023-07-05 13:43:28,462 [grpc-default-executor-0] INFO  server.RaftServer (RaftServerProxy.java:addNew(98)) - 3a238b95-76ec-4438-89aa-518182fac512: addNew group-A632E32F3323:[b0e58961-cf25-454a-a9d8-5016df2ce601|rpc:10.1.0.13:15120|admin:10.1.0.13:15119|client:10.1.0.13:15118|dataStream:10.1.0.13:15121|priority:0|startupRole:FOLLOWER, 16068a4c-c2af-4cec-9eae-3ab2a53eaee7|rpc:10.1.0.13:15129|admin:10.1.0.13:15128|client:10.1.0.13:15127|dataStream:10.1.0.13:15130|priority:0|startupRole:FOLLOWER, 3a238b95-76ec-4438-89aa-518182fac512|rpc:10.1.0.13:15138|admin:10.1.0.13:15137|client:10.1.0.13:15136|dataStream:10.1.0.13:15139|priority:1|startupRole:FOLLOWER] returns group-A632E32F3323:java.util.concurrent.CompletableFuture@4b8b32a8[Not completed]
2023-07-05 13:43:28,463 [3a238b95-76ec-4438-89aa-518182fac512-groupManagement] INFO  server.RaftServer$Division (RaftServerImpl.java:<init>(198)) - 3a238b95-76ec-4438-89aa-518182fac512: new RaftServerImpl for group-A632E32F3323:[b0e58961-cf25-454a-a9d8-5016df2ce601|rpc:10.1.0.13:15120|admin:10.1.0.13:15119|client:10.1.0.13:15118|dataStream:10.1.0.13:15121|priority:0|startupRole:FOLLOWER, 16068a4c-c2af-4cec-9eae-3ab2a53eaee7|rpc:10.1.0.13:15129|admin:10.1.0.13:15128|client:10.1.0.13:15127|dataStream:10.1.0.13:15130|priority:0|startupRole:FOLLOWER, 3a238b95-76ec-4438-89aa-518182fac512|rpc:10.1.0.13:15138|admin:10.1.0.13:15137|client:10.1.0.13:15136|dataStream:10.1.0.13:15139|priority:1|startupRole:FOLLOWER] with ContainerStateMachine:uninitialized
2023-07-05 13:43:28,463 [3a238b95-76ec-4438-89aa-518182fac512-groupManagement] INFO  server.RaftServerConfigKeys (ConfUtils.java:logGet(46)) - raft.server.rpc.timeout.min = 5s (custom)
2023-07-05 13:43:28,463 [3a238b95-76ec-4438-89aa-518182fac512-groupManagement] INFO  server.RaftServerConfigKeys (ConfUtils.java:logGet(46)) - raft.server.rpc.timeout.max = 5200ms (custom)
2023-07-05 13:43:28,464 [3a238b95-76ec-4438-89aa-518182fac512-groupManagement] INFO  server.RaftServerConfigKeys (ConfUtils.java:logGet(46)) - raft.server.rpc.sleep.time = 25ms (default)
2023-07-05 13:43:28,464 [3a238b95-76ec-4438-89aa-518182fac512-groupManagement] INFO  server.RaftServerConfigKeys (ConfUtils.java:logGet(46)) - raft.server.rpc.slowness.timeout = 300s (custom)
2023-07-05 13:43:28,464 [3a238b95-76ec-4438-89aa-518182fac512-groupManagement] INFO  server.RaftServerConfigKeys (ConfUtils.java:logGet(46)) - raft.server.leaderelection.leader.step-down.wait-time = 10s (default)
2023-07-05 13:43:28,464 [3a238b95-76ec-4438-89aa-518182fac512-groupManagement] INFO  server.RaftServerConfigKeys (ConfUtils.java:logGet(46)) - raft.server.sleep.deviation.threshold = 300ms (default)
2023-07-05 13:43:28,464 [3a238b95-76ec-4438-89aa-518182fac512-groupManagement] INFO  server.RaftServer$Division (ServerState.java:<init>(120)) - 3a238b95-76ec-4438-89aa-518182fac512@group-A632E32F3323: ConfigurationManager, init=-1: peers:[b0e58961-cf25-454a-a9d8-5016df2ce601|rpc:10.1.0.13:15120|admin:10.1.0.13:15119|client:10.1.0.13:15118|dataStream:10.1.0.13:15121|priority:0|startupRole:FOLLOWER, 16068a4c-c2af-4cec-9eae-3ab2a53eaee7|rpc:10.1.0.13:15129|admin:10.1.0.13:15128|client:10.1.0.13:15127|dataStream:10.1.0.13:15130|priority:0|startupRole:FOLLOWER, 3a238b95-76ec-4438-89aa-518182fac512|rpc:10.1.0.13:15138|admin:10.1.0.13:15137|client:10.1.0.13:15136|dataStream:10.1.0.13:15139|priority:1|startupRole:FOLLOWER]|listeners:[], old=null, confs=<EMPTY_MAP>
2023-07-05 13:43:28,464 [3a238b95-76ec-4438-89aa-518182fac512-groupManagement] INFO  server.RaftServerConfigKeys (ConfUtils.java:logGet(46)) - raft.server.storage.dir = [/home/runner/work/ozone/ozone/hadoop-ozone/integration-test/target/test-dir/MiniOzoneClusterImpl-c098677b-f883-4488-a97e-c9984f4b1973/datanode-2/data/ratis] (custom)
2023-07-05 13:43:28,464 [3a238b95-76ec-4438-89aa-518182fac512-groupManagement] INFO  server.RaftServerConfigKeys (ConfUtils.java:logGet(46)) - raft.server.log.corruption.policy = EXCEPTION (default)
2023-07-05 13:43:28,464 [3a238b95-76ec-4438-89aa-518182fac512-groupManagement] INFO  server.RaftServerConfigKeys (ConfUtils.java:logGet(46)) - raft.server.storage.free-space.min = 0MB (=0) (default)
2023-07-05 13:43:28,464 [3a238b95-76ec-4438-89aa-518182fac512-groupManagement] INFO  server.RaftServerConfigKeys (ConfUtils.java:logGet(46)) - raft.server.notification.no-leader.timeout = 300s (custom)
2023-07-05 13:43:28,464 [3a238b95-76ec-4438-89aa-518182fac512-groupManagement] INFO  server.RaftServerConfigKeys (ConfUtils.java:logGet(46)) - raft.server.read.timeout = 10s (default)
2023-07-05 13:43:28,464 [3a238b95-76ec-4438-89aa-518182fac512-groupManagement] INFO  server.RaftServerConfigKeys (ConfUtils.java:logGet(46)) - raft.server.retrycache.expirytime = 600000ms (custom)
2023-07-05 13:43:28,464 [3a238b95-76ec-4438-89aa-518182fac512-groupManagement] INFO  server.RaftServerConfigKeys (ConfUtils.java:logGet(46)) - raft.server.retrycache.statistics.expirytime = 100μs (default)
2023-07-05 13:43:28,464 [3a238b95-76ec-4438-89aa-518182fac512-groupManagement] INFO  server.RaftServerConfigKeys (ConfUtils.java:logGet(46)) - raft.server.read.option = DEFAULT (default)
2023-07-05 13:43:28,466 [3a238b95-76ec-4438-89aa-518182fac512-groupManagement] INFO  server.RaftServerConfigKeys (ConfUtils.java:logGet(46)) - raft.server.rpc.request.timeout = 60s (custom)
2023-07-05 13:43:28,466 [3a238b95-76ec-4438-89aa-518182fac512-groupManagement] INFO  server.RaftServerConfigKeys (ConfUtils.java:logGet(46)) - raft.server.log.appender.install.snapshot.enabled = false (custom)
2023-07-05 13:43:28,466 [3a238b95-76ec-4438-89aa-518182fac512-groupManagement] INFO  server.RaftServerConfigKeys (ConfUtils.java:logGet(46)) - raft.server.threadpool.server.cached = true (default)
2023-07-05 13:43:28,466 [3a238b95-76ec-4438-89aa-518182fac512-groupManagement] INFO  server.RaftServerConfigKeys (ConfUtils.java:logGet(46)) - raft.server.threadpool.server.size = 0 (default)
2023-07-05 13:43:28,467 [3a238b95-76ec-4438-89aa-518182fac512-groupManagement] INFO  server.RaftServerConfigKeys (ConfUtils.java:logGet(46)) - raft.server.threadpool.client.cached = true (default)
2023-07-05 13:43:28,467 [3a238b95-76ec-4438-89aa-518182fac512-groupManagement] INFO  server.RaftServerConfigKeys (ConfUtils.java:logGet(46)) - raft.server.threadpool.client.size = 0 (default)
2023-07-05 13:43:28,467 [3a238b95-76ec-4438-89aa-518182fac512-groupManagement] INFO  storage.RaftStorageDirectory (RaftStorageDirectoryImpl.java:analyzeStorage(137)) - The storage directory /home/runner/work/ozone/ozone/hadoop-ozone/integration-test/target/test-dir/MiniOzoneClusterImpl-c098677b-f883-4488-a97e-c9984f4b1973/datanode-2/data/ratis/eb357a06-a827-4663-9bed-a632e32f3323 does not exist. Creating ...
2023-07-05 13:43:28,469 [3a238b95-76ec-4438-89aa-518182fac512-groupManagement] INFO  storage.RaftStorageDirectory (RaftStorageDirectoryImpl.java:tryLock(231)) - Lock on /home/runner/work/ozone/ozone/hadoop-ozone/integration-test/target/test-dir/MiniOzoneClusterImpl-c098677b-f883-4488-a97e-c9984f4b1973/datanode-2/data/ratis/eb357a06-a827-4663-9bed-a632e32f3323/in_use.lock acquired by nodename 25537@fv-az264-29
2023-07-05 13:43:28,471 [3a238b95-76ec-4438-89aa-518182fac512-groupManagement] INFO  storage.RaftStorage (RaftStorageImpl.java:format(96)) - Storage directory /home/runner/work/ozone/ozone/hadoop-ozone/integration-test/target/test-dir/MiniOzoneClusterImpl-c098677b-f883-4488-a97e-c9984f4b1973/datanode-2/data/ratis/eb357a06-a827-4663-9bed-a632e32f3323 has been successfully formatted.
2023-07-05 13:43:28,472 [3a238b95-76ec-4438-89aa-518182fac512-groupManagement] INFO  ratis.ContainerStateMachine (ContainerStateMachine.java:loadSnapshot(262)) - group-A632E32F3323: The snapshot info is null. Setting the last applied indexto:(t:0, i:~)
2023-07-05 13:43:28,472 [3a238b95-76ec-4438-89aa-518182fac512-groupManagement] INFO  server.RaftServerConfigKeys (ConfUtils.java:logGet(46)) - raft.server.log.use.memory = false (default)
2023-07-05 13:43:28,473 [3a238b95-76ec-4438-89aa-518182fac512-groupManagement] INFO  server.RaftServerConfigKeys (ConfUtils.java:logGet(46)) - raft.server.log.purge.gap = 1000000 (custom)
2023-07-05 13:43:28,473 [3a238b95-76ec-4438-89aa-518182fac512-groupManagement] INFO  server.RaftServerConfigKeys (ConfUtils.java:logGet(46)) - raft.server.log.appender.buffer.byte-limit = 33554432 (custom)
2023-07-05 13:43:28,473 [3a238b95-76ec-4438-89aa-518182fac512-groupManagement] INFO  server.RaftServerConfigKeys (ConfUtils.java:logGet(46)) - raft.server.log.statemachine.data.read.timeout = 1000ms (default)
2023-07-05 13:43:28,473 [3a238b95-76ec-4438-89aa-518182fac512-groupManagement] INFO  server.RaftServerConfigKeys (ConfUtils.java:logGet(46)) - raft.server.log.purge.preservation.log.num = 0 (default)
2023-07-05 13:43:28,473 [3a238b95-76ec-4438-89aa-518182fac512-groupManagement] INFO  server.RaftServerConfigKeys (ConfUtils.java:logGet(46)) - raft.server.log.segment.size.max = 1048576 (custom)
2023-07-05 13:43:28,474 [3a238b95-76ec-4438-89aa-518182fac512-groupManagement] INFO  server.RaftServerConfigKeys (ConfUtils.java:logGet(46)) - raft.server.log.segment.cache.num.max = 2 (custom)
2023-07-05 13:43:28,474 [3a238b95-76ec-4438-89aa-518182fac512-groupManagement] INFO  server.RaftServerConfigKeys (ConfUtils.java:logGet(46)) - raft.server.log.segment.cache.size.max = 200MB (=209715200) (default)
2023-07-05 13:43:28,474 [3a238b95-76ec-4438-89aa-518182fac512-groupManagement] INFO  server.RaftServerConfigKeys (ConfUtils.java:logGet(46)) - raft.server.log.appender.buffer.byte-limit = 33554432 (custom)
2023-07-05 13:43:28,474 [3a238b95-76ec-4438-89aa-518182fac512-groupManagement] INFO  segmented.SegmentedRaftLogWorker (SegmentedRaftLogWorker.java:<init>(188)) - new 3a238b95-76ec-4438-89aa-518182fac512@group-A632E32F3323-SegmentedRaftLogWorker for RaftStorageImpl:Storage Directory /home/runner/work/ozone/ozone/hadoop-ozone/integration-test/target/test-dir/MiniOzoneClusterImpl-c098677b-f883-4488-a97e-c9984f4b1973/datanode-2/data/ratis/eb357a06-a827-4663-9bed-a632e32f3323
2023-07-05 13:43:28,474 [3a238b95-76ec-4438-89aa-518182fac512-groupManagement] INFO  server.RaftServerConfigKeys (ConfUtils.java:logGet(46)) - raft.server.log.queue.byte-limit = 4294967296 (custom)
2023-07-05 13:43:28,474 [3a238b95-76ec-4438-89aa-518182fac512-groupManagement] INFO  server.RaftServerConfigKeys (ConfUtils.java:logGet(46)) - raft.server.log.queue.element-limit = 1024 (custom)
2023-07-05 13:43:28,474 [3a238b95-76ec-4438-89aa-518182fac512-groupManagement] INFO  server.RaftServerConfigKeys (ConfUtils.java:logGet(46)) - raft.server.log.segment.size.max = 1048576 (custom)
2023-07-05 13:43:28,475 [3a238b95-76ec-4438-89aa-518182fac512-groupManagement] INFO  server.RaftServerConfigKeys (ConfUtils.java:logGet(46)) - raft.server.log.preallocated.size = 16384 (custom)
2023-07-05 13:43:28,475 [3a238b95-76ec-4438-89aa-518182fac512-groupManagement] INFO  server.RaftServerConfigKeys (ConfUtils.java:logGet(46)) - raft.server.log.force.sync.num = 128 (default)
2023-07-05 13:43:28,475 [3a238b95-76ec-4438-89aa-518182fac512-groupManagement] INFO  server.RaftServerConfigKeys (ConfUtils.java:logGet(46)) - raft.server.log.statemachine.data.sync = true (default)
2023-07-05 13:43:28,475 [3a238b95-76ec-4438-89aa-518182fac512-groupManagement] INFO  server.RaftServerConfigKeys (ConfUtils.java:logGet(46)) - raft.server.log.statemachine.data.sync.timeout = 10s (default)
2023-07-05 13:43:28,475 [3a238b95-76ec-4438-89aa-518182fac512-groupManagement] INFO  server.RaftServerConfigKeys (ConfUtils.java:logGet(46)) - raft.server.log.statemachine.data.sync.timeout.retry = -1 (default)
2023-07-05 13:43:28,475 [3a238b95-76ec-4438-89aa-518182fac512-groupManagement] INFO  server.RaftServerConfigKeys (ConfUtils.java:logGet(46)) - raft.server.log.write.buffer.size = 1048576 (custom)
2023-07-05 13:43:28,476 [3a238b95-76ec-4438-89aa-518182fac512-groupManagement] INFO  server.RaftServerConfigKeys (ConfUtils.java:logGet(46)) - raft.server.log.appender.buffer.byte-limit = 33554432 (custom)
2023-07-05 13:43:28,481 [3a238b95-76ec-4438-89aa-518182fac512-groupManagement] INFO  server.RaftServerConfigKeys (ConfUtils.java:logGet(46)) - raft.server.log.unsafe-flush.enabled = false (default)
2023-07-05 13:43:28,481 [3a238b95-76ec-4438-89aa-518182fac512-groupManagement] INFO  server.RaftServerConfigKeys (ConfUtils.java:logGet(46)) - raft.server.log.async-flush.enabled = false (default)
2023-07-05 13:43:28,481 [3a238b95-76ec-4438-89aa-518182fac512-groupManagement] INFO  server.RaftServerConfigKeys (ConfUtils.java:logGet(46)) - raft.server.log.statemachine.data.caching.enabled = true (custom)
2023-07-05 13:43:28,482 [3a238b95-76ec-4438-89aa-518182fac512-groupManagement] INFO  segmented.SegmentedRaftLogWorker (SegmentedRaftLogWorker.java:lambda$new$0(135)) - 3a238b95-76ec-4438-89aa-518182fac512@group-A632E32F3323-SegmentedRaftLogWorker: flushIndex: setUnconditionally 0 -> -1
2023-07-05 13:43:28,482 [3a238b95-76ec-4438-89aa-518182fac512-groupManagement] INFO  segmented.SegmentedRaftLogWorker (SegmentedRaftLogWorker.java:lambda$new$0(135)) - 3a238b95-76ec-4438-89aa-518182fac512@group-A632E32F3323-SegmentedRaftLogWorker: safeCacheEvictIndex: setUnconditionally 0 -> -1
2023-07-05 13:43:28,482 [3a238b95-76ec-4438-89aa-518182fac512-groupManagement] INFO  server.RaftServer$Division (RaftServerImpl.java:start(342)) - 3a238b95-76ec-4438-89aa-518182fac512@group-A632E32F3323: start as a follower, conf=-1: peers:[b0e58961-cf25-454a-a9d8-5016df2ce601|rpc:10.1.0.13:15120|admin:10.1.0.13:15119|client:10.1.0.13:15118|dataStream:10.1.0.13:15121|priority:0|startupRole:FOLLOWER, 16068a4c-c2af-4cec-9eae-3ab2a53eaee7|rpc:10.1.0.13:15129|admin:10.1.0.13:15128|client:10.1.0.13:15127|dataStream:10.1.0.13:15130|priority:0|startupRole:FOLLOWER, 3a238b95-76ec-4438-89aa-518182fac512|rpc:10.1.0.13:15138|admin:10.1.0.13:15137|client:10.1.0.13:15136|dataStream:10.1.0.13:15139|priority:1|startupRole:FOLLOWER]|listeners:[], old=null
2023-07-05 13:43:28,482 [3a238b95-76ec-4438-89aa-518182fac512-groupManagement] INFO  server.RaftServer$Division (RaftServerImpl.java:setRole(329)) - 3a238b95-76ec-4438-89aa-518182fac512@group-A632E32F3323: changes role from      null to FOLLOWER at term 0 for startAsFollower
2023-07-05 13:43:28,482 [3a238b95-76ec-4438-89aa-518182fac512-groupManagement] INFO  impl.RoleInfo (RoleInfo.java:updateAndGet(139)) - 3a238b95-76ec-4438-89aa-518182fac512: start 3a238b95-76ec-4438-89aa-518182fac512@group-A632E32F3323-FollowerState
2023-07-05 13:43:28,485 [3a238b95-76ec-4438-89aa-518182fac512-groupManagement] INFO  util.JmxRegister (JmxRegister.java:tryRegister(44)) - Successfully registered JMX Bean with object name Ratis:service=RaftServer,group=group-A632E32F3323,id=3a238b95-76ec-4438-89aa-518182fac512
2023-07-05 13:43:28,485 [3a238b95-76ec-4438-89aa-518182fac512-groupManagement] INFO  server.RaftServerConfigKeys (ConfUtils.java:logGet(46)) - raft.server.snapshot.auto.trigger.enabled = true (custom)
2023-07-05 13:43:28,485 [3a238b95-76ec-4438-89aa-518182fac512-groupManagement] INFO  server.RaftServerConfigKeys (ConfUtils.java:logGet(46)) - raft.server.snapshot.auto.trigger.threshold = 10000 (custom)
2023-07-05 13:43:28,485 [3a238b95-76ec-4438-89aa-518182fac512-groupManagement] INFO  server.RaftServerConfigKeys (ConfUtils.java:logGet(46)) - raft.server.snapshot.retention.file.num = 5 (custom)
2023-07-05 13:43:28,485 [3a238b95-76ec-4438-89aa-518182fac512-groupManagement] INFO  server.RaftServerConfigKeys (ConfUtils.java:logGet(46)) - raft.server.log.purge.upto.snapshot.index = false (default)
2023-07-05 13:43:28,485 [3a238b95-76ec-4438-89aa-518182fac512@group-A632E32F3323-FollowerState] INFO  server.RaftServerConfigKeys (ConfUtils.java:logFallback(53)) - raft.server.rpc.first-election.timeout.min = 5s (fallback to raft.server.rpc.timeout.min)
2023-07-05 13:43:28,486 [3a238b95-76ec-4438-89aa-518182fac512@group-A632E32F3323-FollowerState] INFO  server.RaftServerConfigKeys (ConfUtils.java:logFallback(53)) - raft.server.rpc.first-election.timeout.max = 5200ms (fallback to raft.server.rpc.timeout.max)
2023-07-05 13:43:28,514 [grpc-default-executor-0] INFO  server.RaftServer (RaftServerProxy.java:addNew(98)) - 16068a4c-c2af-4cec-9eae-3ab2a53eaee7: addNew group-A632E32F3323:[b0e58961-cf25-454a-a9d8-5016df2ce601|rpc:10.1.0.13:15120|admin:10.1.0.13:15119|client:10.1.0.13:15118|dataStream:10.1.0.13:15121|priority:0|startupRole:FOLLOWER, 16068a4c-c2af-4cec-9eae-3ab2a53eaee7|rpc:10.1.0.13:15129|admin:10.1.0.13:15128|client:10.1.0.13:15127|dataStream:10.1.0.13:15130|priority:0|startupRole:FOLLOWER, 3a238b95-76ec-4438-89aa-518182fac512|rpc:10.1.0.13:15138|admin:10.1.0.13:15137|client:10.1.0.13:15136|dataStream:10.1.0.13:15139|priority:1|startupRole:FOLLOWER] returns group-A632E32F3323:java.util.concurrent.CompletableFuture@75d3db07[Not completed]
2023-07-05 13:43:28,517 [16068a4c-c2af-4cec-9eae-3ab2a53eaee7-groupManagement] INFO  server.RaftServer$Division (RaftServerImpl.java:<init>(198)) - 16068a4c-c2af-4cec-9eae-3ab2a53eaee7: new RaftServerImpl for group-A632E32F3323:[b0e58961-cf25-454a-a9d8-5016df2ce601|rpc:10.1.0.13:15120|admin:10.1.0.13:15119|client:10.1.0.13:15118|dataStream:10.1.0.13:15121|priority:0|startupRole:FOLLOWER, 16068a4c-c2af-4cec-9eae-3ab2a53eaee7|rpc:10.1.0.13:15129|admin:10.1.0.13:15128|client:10.1.0.13:15127|dataStream:10.1.0.13:15130|priority:0|startupRole:FOLLOWER, 3a238b95-76ec-4438-89aa-518182fac512|rpc:10.1.0.13:15138|admin:10.1.0.13:15137|client:10.1.0.13:15136|dataStream:10.1.0.13:15139|priority:1|startupRole:FOLLOWER] with ContainerStateMachine:uninitialized
2023-07-05 13:43:28,517 [16068a4c-c2af-4cec-9eae-3ab2a53eaee7-groupManagement] INFO  server.RaftServerConfigKeys (ConfUtils.java:logGet(46)) - raft.server.rpc.timeout.min = 5s (custom)
2023-07-05 13:43:28,517 [16068a4c-c2af-4cec-9eae-3ab2a53eaee7-groupManagement] INFO  server.RaftServerConfigKeys (ConfUtils.java:logGet(46)) - raft.server.rpc.timeout.max = 5200ms (custom)
2023-07-05 13:43:28,517 [16068a4c-c2af-4cec-9eae-3ab2a53eaee7-groupManagement] INFO  server.RaftServerConfigKeys (ConfUtils.java:logGet(46)) - raft.server.rpc.sleep.time = 25ms (default)
2023-07-05 13:43:28,517 [16068a4c-c2af-4cec-9eae-3ab2a53eaee7-groupManagement] INFO  server.RaftServerConfigKeys (ConfUtils.java:logGet(46)) - raft.server.rpc.slowness.timeout = 300s (custom)
2023-07-05 13:43:28,517 [16068a4c-c2af-4cec-9eae-3ab2a53eaee7-groupManagement] INFO  server.RaftServerConfigKeys (ConfUtils.java:logGet(46)) - raft.server.leaderelection.leader.step-down.wait-time = 10s (default)
2023-07-05 13:43:28,517 [16068a4c-c2af-4cec-9eae-3ab2a53eaee7-groupManagement] INFO  server.RaftServerConfigKeys (ConfUtils.java:logGet(46)) - raft.server.sleep.deviation.threshold = 300ms (default)
2023-07-05 13:43:28,517 [16068a4c-c2af-4cec-9eae-3ab2a53eaee7-groupManagement] INFO  server.RaftServer$Division (ServerState.java:<init>(120)) - 16068a4c-c2af-4cec-9eae-3ab2a53eaee7@group-A632E32F3323: ConfigurationManager, init=-1: peers:[b0e58961-cf25-454a-a9d8-5016df2ce601|rpc:10.1.0.13:15120|admin:10.1.0.13:15119|client:10.1.0.13:15118|dataStream:10.1.0.13:15121|priority:0|startupRole:FOLLOWER, 16068a4c-c2af-4cec-9eae-3ab2a53eaee7|rpc:10.1.0.13:15129|admin:10.1.0.13:15128|client:10.1.0.13:15127|dataStream:10.1.0.13:15130|priority:0|startupRole:FOLLOWER, 3a238b95-76ec-4438-89aa-518182fac512|rpc:10.1.0.13:15138|admin:10.1.0.13:15137|client:10.1.0.13:15136|dataStream:10.1.0.13:15139|priority:1|startupRole:FOLLOWER]|listeners:[], old=null, confs=<EMPTY_MAP>
2023-07-05 13:43:28,517 [16068a4c-c2af-4cec-9eae-3ab2a53eaee7-groupManagement] INFO  server.RaftServerConfigKeys (ConfUtils.java:logGet(46)) - raft.server.storage.dir = [/home/runner/work/ozone/ozone/hadoop-ozone/integration-test/target/test-dir/MiniOzoneClusterImpl-c098677b-f883-4488-a97e-c9984f4b1973/datanode-1/data/ratis] (custom)
2023-07-05 13:43:28,518 [16068a4c-c2af-4cec-9eae-3ab2a53eaee7-groupManagement] INFO  server.RaftServerConfigKeys (ConfUtils.java:logGet(46)) - raft.server.log.corruption.policy = EXCEPTION (default)
2023-07-05 13:43:28,518 [16068a4c-c2af-4cec-9eae-3ab2a53eaee7-groupManagement] INFO  server.RaftServerConfigKeys (ConfUtils.java:logGet(46)) - raft.server.storage.free-space.min = 0MB (=0) (default)
2023-07-05 13:43:28,518 [16068a4c-c2af-4cec-9eae-3ab2a53eaee7-groupManagement] INFO  server.RaftServerConfigKeys (ConfUtils.java:logGet(46)) - raft.server.notification.no-leader.timeout = 300s (custom)
2023-07-05 13:43:28,518 [16068a4c-c2af-4cec-9eae-3ab2a53eaee7-groupManagement] INFO  server.RaftServerConfigKeys (ConfUtils.java:logGet(46)) - raft.server.read.timeout = 10s (default)
2023-07-05 13:43:28,518 [16068a4c-c2af-4cec-9eae-3ab2a53eaee7-groupManagement] INFO  server.RaftServerConfigKeys (ConfUtils.java:logGet(46)) - raft.server.retrycache.expirytime = 600000ms (custom)
2023-07-05 13:43:28,518 [16068a4c-c2af-4cec-9eae-3ab2a53eaee7-groupManagement] INFO  server.RaftServerConfigKeys (ConfUtils.java:logGet(46)) - raft.server.retrycache.statistics.expirytime = 100μs (default)
2023-07-05 13:43:28,518 [16068a4c-c2af-4cec-9eae-3ab2a53eaee7-groupManagement] INFO  server.RaftServerConfigKeys (ConfUtils.java:logGet(46)) - raft.server.read.option = DEFAULT (default)
2023-07-05 13:43:28,519 [16068a4c-c2af-4cec-9eae-3ab2a53eaee7-groupManagement] INFO  server.RaftServerConfigKeys (ConfUtils.java:logGet(46)) - raft.server.rpc.request.timeout = 60s (custom)
2023-07-05 13:43:28,519 [16068a4c-c2af-4cec-9eae-3ab2a53eaee7-groupManagement] INFO  server.RaftServerConfigKeys (ConfUtils.java:logGet(46)) - raft.server.log.appender.install.snapshot.enabled = false (custom)
2023-07-05 13:43:28,519 [16068a4c-c2af-4cec-9eae-3ab2a53eaee7-groupManagement] INFO  server.RaftServerConfigKeys (ConfUtils.java:logGet(46)) - raft.server.threadpool.server.cached = true (default)
2023-07-05 13:43:28,519 [16068a4c-c2af-4cec-9eae-3ab2a53eaee7-groupManagement] INFO  server.RaftServerConfigKeys (ConfUtils.java:logGet(46)) - raft.server.threadpool.server.size = 0 (default)
2023-07-05 13:43:28,519 [16068a4c-c2af-4cec-9eae-3ab2a53eaee7-groupManagement] INFO  server.RaftServerConfigKeys (ConfUtils.java:logGet(46)) - raft.server.threadpool.client.cached = true (default)
2023-07-05 13:43:28,519 [16068a4c-c2af-4cec-9eae-3ab2a53eaee7-groupManagement] INFO  server.RaftServerConfigKeys (ConfUtils.java:logGet(46)) - raft.server.threadpool.client.size = 0 (default)
2023-07-05 13:43:28,519 [16068a4c-c2af-4cec-9eae-3ab2a53eaee7-groupManagement] INFO  storage.RaftStorageDirectory (RaftStorageDirectoryImpl.java:analyzeStorage(137)) - The storage directory /home/runner/work/ozone/ozone/hadoop-ozone/integration-test/target/test-dir/MiniOzoneClusterImpl-c098677b-f883-4488-a97e-c9984f4b1973/datanode-1/data/ratis/eb357a06-a827-4663-9bed-a632e32f3323 does not exist. Creating ...
2023-07-05 13:43:28,520 [16068a4c-c2af-4cec-9eae-3ab2a53eaee7-groupManagement] INFO  storage.RaftStorageDirectory (RaftStorageDirectoryImpl.java:tryLock(231)) - Lock on /home/runner/work/ozone/ozone/hadoop-ozone/integration-test/target/test-dir/MiniOzoneClusterImpl-c098677b-f883-4488-a97e-c9984f4b1973/datanode-1/data/ratis/eb357a06-a827-4663-9bed-a632e32f3323/in_use.lock acquired by nodename 25537@fv-az264-29
2023-07-05 13:43:28,525 [16068a4c-c2af-4cec-9eae-3ab2a53eaee7-groupManagement] INFO  storage.RaftStorage (RaftStorageImpl.java:format(96)) - Storage directory /home/runner/work/ozone/ozone/hadoop-ozone/integration-test/target/test-dir/MiniOzoneClusterImpl-c098677b-f883-4488-a97e-c9984f4b1973/datanode-1/data/ratis/eb357a06-a827-4663-9bed-a632e32f3323 has been successfully formatted.
2023-07-05 13:43:28,526 [16068a4c-c2af-4cec-9eae-3ab2a53eaee7-groupManagement] INFO  ratis.ContainerStateMachine (ContainerStateMachine.java:loadSnapshot(262)) - group-A632E32F3323: The snapshot info is null. Setting the last applied indexto:(t:0, i:~)
2023-07-05 13:43:28,528 [16068a4c-c2af-4cec-9eae-3ab2a53eaee7-groupManagement] INFO  server.RaftServerConfigKeys (ConfUtils.java:logGet(46)) - raft.server.log.use.memory = false (default)
2023-07-05 13:43:28,529 [16068a4c-c2af-4cec-9eae-3ab2a53eaee7-groupManagement] INFO  server.RaftServerConfigKeys (ConfUtils.java:logGet(46)) - raft.server.log.purge.gap = 1000000 (custom)
2023-07-05 13:43:28,529 [16068a4c-c2af-4cec-9eae-3ab2a53eaee7-groupManagement] INFO  server.RaftServerConfigKeys (ConfUtils.java:logGet(46)) - raft.server.log.appender.buffer.byte-limit = 33554432 (custom)
2023-07-05 13:43:28,529 [16068a4c-c2af-4cec-9eae-3ab2a53eaee7-groupManagement] INFO  server.RaftServerConfigKeys (ConfUtils.java:logGet(46)) - raft.server.log.statemachine.data.read.timeout = 1000ms (default)
2023-07-05 13:43:28,529 [16068a4c-c2af-4cec-9eae-3ab2a53eaee7-groupManagement] INFO  server.RaftServerConfigKeys (ConfUtils.java:logGet(46)) - raft.server.log.purge.preservation.log.num = 0 (default)
2023-07-05 13:43:28,529 [16068a4c-c2af-4cec-9eae-3ab2a53eaee7-groupManagement] INFO  server.RaftServerConfigKeys (ConfUtils.java:logGet(46)) - raft.server.log.segment.size.max = 1048576 (custom)
2023-07-05 13:43:28,529 [16068a4c-c2af-4cec-9eae-3ab2a53eaee7-groupManagement] INFO  server.RaftServerConfigKeys (ConfUtils.java:logGet(46)) - raft.server.log.segment.cache.num.max = 2 (custom)
2023-07-05 13:43:28,530 [16068a4c-c2af-4cec-9eae-3ab2a53eaee7-groupManagement] INFO  server.RaftServerConfigKeys (ConfUtils.java:logGet(46)) - raft.server.log.segment.cache.size.max = 200MB (=209715200) (default)
2023-07-05 13:43:28,530 [16068a4c-c2af-4cec-9eae-3ab2a53eaee7-groupManagement] INFO  server.RaftServerConfigKeys (ConfUtils.java:logGet(46)) - raft.server.log.appender.buffer.byte-limit = 33554432 (custom)
2023-07-05 13:43:28,530 [16068a4c-c2af-4cec-9eae-3ab2a53eaee7-groupManagement] INFO  segmented.SegmentedRaftLogWorker (SegmentedRaftLogWorker.java:<init>(188)) - new 16068a4c-c2af-4cec-9eae-3ab2a53eaee7@group-A632E32F3323-SegmentedRaftLogWorker for RaftStorageImpl:Storage Directory /home/runner/work/ozone/ozone/hadoop-ozone/integration-test/target/test-dir/MiniOzoneClusterImpl-c098677b-f883-4488-a97e-c9984f4b1973/datanode-1/data/ratis/eb357a06-a827-4663-9bed-a632e32f3323
2023-07-05 13:43:28,530 [16068a4c-c2af-4cec-9eae-3ab2a53eaee7-groupManagement] INFO  server.RaftServerConfigKeys (ConfUtils.java:logGet(46)) - raft.server.log.queue.byte-limit = 4294967296 (custom)
2023-07-05 13:43:28,530 [16068a4c-c2af-4cec-9eae-3ab2a53eaee7-groupManagement] INFO  server.RaftServerConfigKeys (ConfUtils.java:logGet(46)) - raft.server.log.queue.element-limit = 1024 (custom)
2023-07-05 13:43:28,530 [16068a4c-c2af-4cec-9eae-3ab2a53eaee7-groupManagement] INFO  server.RaftServerConfigKeys (ConfUtils.java:logGet(46)) - raft.server.log.segment.size.max = 1048576 (custom)
2023-07-05 13:43:28,530 [16068a4c-c2af-4cec-9eae-3ab2a53eaee7-groupManagement] INFO  server.RaftServerConfigKeys (ConfUtils.java:logGet(46)) - raft.server.log.preallocated.size = 16384 (custom)
2023-07-05 13:43:28,530 [16068a4c-c2af-4cec-9eae-3ab2a53eaee7-groupManagement] INFO  server.RaftServerConfigKeys (ConfUtils.java:logGet(46)) - raft.server.log.force.sync.num = 128 (default)
2023-07-05 13:43:28,530 [16068a4c-c2af-4cec-9eae-3ab2a53eaee7-groupManagement] INFO  server.RaftServerConfigKeys (ConfUtils.java:logGet(46)) - raft.server.log.statemachine.data.sync = true (default)
2023-07-05 13:43:28,530 [16068a4c-c2af-4cec-9eae-3ab2a53eaee7-groupManagement] INFO  server.RaftServerConfigKeys (ConfUtils.java:logGet(46)) - raft.server.log.statemachine.data.sync.timeout = 10s (default)
2023-07-05 13:43:28,530 [16068a4c-c2af-4cec-9eae-3ab2a53eaee7-groupManagement] INFO  server.RaftServerConfigKeys (ConfUtils.java:logGet(46)) - raft.server.log.statemachine.data.sync.timeout.retry = -1 (default)
2023-07-05 13:43:28,531 [16068a4c-c2af-4cec-9eae-3ab2a53eaee7-groupManagement] INFO  server.RaftServerConfigKeys (ConfUtils.java:logGet(46)) - raft.server.log.write.buffer.size = 1048576 (custom)
2023-07-05 13:43:28,532 [16068a4c-c2af-4cec-9eae-3ab2a53eaee7-groupManagement] INFO  server.RaftServerConfigKeys (ConfUtils.java:logGet(46)) - raft.server.log.appender.buffer.byte-limit = 33554432 (custom)
2023-07-05 13:43:28,538 [16068a4c-c2af-4cec-9eae-3ab2a53eaee7-groupManagement] INFO  server.RaftServerConfigKeys (ConfUtils.java:logGet(46)) - raft.server.log.unsafe-flush.enabled = false (default)
2023-07-05 13:43:28,538 [16068a4c-c2af-4cec-9eae-3ab2a53eaee7-groupManagement] INFO  server.RaftServerConfigKeys (ConfUtils.java:logGet(46)) - raft.server.log.async-flush.enabled = false (default)
2023-07-05 13:43:28,538 [16068a4c-c2af-4cec-9eae-3ab2a53eaee7-groupManagement] INFO  server.RaftServerConfigKeys (ConfUtils.java:logGet(46)) - raft.server.log.statemachine.data.caching.enabled = true (custom)
2023-07-05 13:43:28,538 [16068a4c-c2af-4cec-9eae-3ab2a53eaee7-groupManagement] INFO  segmented.SegmentedRaftLogWorker (SegmentedRaftLogWorker.java:lambda$new$0(135)) - 16068a4c-c2af-4cec-9eae-3ab2a53eaee7@group-A632E32F3323-SegmentedRaftLogWorker: flushIndex: setUnconditionally 0 -> -1
2023-07-05 13:43:28,538 [16068a4c-c2af-4cec-9eae-3ab2a53eaee7-groupManagement] INFO  segmented.SegmentedRaftLogWorker (SegmentedRaftLogWorker.java:lambda$new$0(135)) - 16068a4c-c2af-4cec-9eae-3ab2a53eaee7@group-A632E32F3323-SegmentedRaftLogWorker: safeCacheEvictIndex: setUnconditionally 0 -> -1
2023-07-05 13:43:28,538 [16068a4c-c2af-4cec-9eae-3ab2a53eaee7-groupManagement] INFO  server.RaftServer$Division (RaftServerImpl.java:start(342)) - 16068a4c-c2af-4cec-9eae-3ab2a53eaee7@group-A632E32F3323: start as a follower, conf=-1: peers:[b0e58961-cf25-454a-a9d8-5016df2ce601|rpc:10.1.0.13:15120|admin:10.1.0.13:15119|client:10.1.0.13:15118|dataStream:10.1.0.13:15121|priority:0|startupRole:FOLLOWER, 16068a4c-c2af-4cec-9eae-3ab2a53eaee7|rpc:10.1.0.13:15129|admin:10.1.0.13:15128|client:10.1.0.13:15127|dataStream:10.1.0.13:15130|priority:0|startupRole:FOLLOWER, 3a238b95-76ec-4438-89aa-518182fac512|rpc:10.1.0.13:15138|admin:10.1.0.13:15137|client:10.1.0.13:15136|dataStream:10.1.0.13:15139|priority:1|startupRole:FOLLOWER]|listeners:[], old=null
2023-07-05 13:43:28,538 [16068a4c-c2af-4cec-9eae-3ab2a53eaee7-groupManagement] INFO  server.RaftServer$Division (RaftServerImpl.java:setRole(329)) - 16068a4c-c2af-4cec-9eae-3ab2a53eaee7@group-A632E32F3323: changes role from      null to FOLLOWER at term 0 for startAsFollower
2023-07-05 13:43:28,539 [16068a4c-c2af-4cec-9eae-3ab2a53eaee7-groupManagement] INFO  impl.RoleInfo (RoleInfo.java:updateAndGet(139)) - 16068a4c-c2af-4cec-9eae-3ab2a53eaee7: start 16068a4c-c2af-4cec-9eae-3ab2a53eaee7@group-A632E32F3323-FollowerState
2023-07-05 13:43:28,541 [16068a4c-c2af-4cec-9eae-3ab2a53eaee7-groupManagement] INFO  util.JmxRegister (JmxRegister.java:tryRegister(44)) - Successfully registered JMX Bean with object name Ratis:service=RaftServer,group=group-A632E32F3323,id=16068a4c-c2af-4cec-9eae-3ab2a53eaee7
2023-07-05 13:43:28,541 [16068a4c-c2af-4cec-9eae-3ab2a53eaee7-groupManagement] INFO  server.RaftServerConfigKeys (ConfUtils.java:logGet(46)) - raft.server.snapshot.auto.trigger.enabled = true (custom)
2023-07-05 13:43:28,541 [16068a4c-c2af-4cec-9eae-3ab2a53eaee7-groupManagement] INFO  server.RaftServerConfigKeys (ConfUtils.java:logGet(46)) - raft.server.snapshot.auto.trigger.threshold = 10000 (custom)
2023-07-05 13:43:28,542 [16068a4c-c2af-4cec-9eae-3ab2a53eaee7-groupManagement] INFO  server.RaftServerConfigKeys (ConfUtils.java:logGet(46)) - raft.server.snapshot.retention.file.num = 5 (custom)
2023-07-05 13:43:28,542 [16068a4c-c2af-4cec-9eae-3ab2a53eaee7-groupManagement] INFO  server.RaftServerConfigKeys (ConfUtils.java:logGet(46)) - raft.server.log.purge.upto.snapshot.index = false (default)
2023-07-05 13:43:28,543 [16068a4c-c2af-4cec-9eae-3ab2a53eaee7@group-A632E32F3323-FollowerState] INFO  server.RaftServerConfigKeys (ConfUtils.java:logFallback(53)) - raft.server.rpc.first-election.timeout.min = 5s (fallback to raft.server.rpc.timeout.min)
2023-07-05 13:43:28,543 [16068a4c-c2af-4cec-9eae-3ab2a53eaee7@group-A632E32F3323-FollowerState] INFO  server.RaftServerConfigKeys (ConfUtils.java:logFallback(53)) - raft.server.rpc.first-election.timeout.max = 5200ms (fallback to raft.server.rpc.timeout.max)
2023-07-05 13:43:28,552 [PipelineCommandHandlerThread-0] INFO  commandhandler.CreatePipelineCommandHandler (CreatePipelineCommandHandler.java:lambda$handle$2(124)) - Created Pipeline RATIS THREE PipelineID=eb357a06-a827-4663-9bed-a632e32f3323.
2023-07-05 13:43:28,552 [PipelineCommandHandlerThread-0] INFO  server.RaftServer (RaftServerProxy.java:addNew(98)) - b0e58961-cf25-454a-a9d8-5016df2ce601: addNew group-ADDF5938E3AB:[b0e58961-cf25-454a-a9d8-5016df2ce601|rpc:10.1.0.13:15120|admin:10.1.0.13:15119|client:10.1.0.13:15118|dataStream:10.1.0.13:15121|priority:1|startupRole:FOLLOWER, 16068a4c-c2af-4cec-9eae-3ab2a53eaee7|rpc:10.1.0.13:15129|admin:10.1.0.13:15128|client:10.1.0.13:15127|dataStream:10.1.0.13:15130|priority:0|startupRole:FOLLOWER, 3a238b95-76ec-4438-89aa-518182fac512|rpc:10.1.0.13:15138|admin:10.1.0.13:15137|client:10.1.0.13:15136|dataStream:10.1.0.13:15139|priority:0|startupRole:FOLLOWER] returns group-ADDF5938E3AB:java.util.concurrent.CompletableFuture@1d1f6f00[Not completed]
2023-07-05 13:43:28,554 [b0e58961-cf25-454a-a9d8-5016df2ce601-groupManagement] INFO  server.RaftServer$Division (RaftServerImpl.java:<init>(198)) - b0e58961-cf25-454a-a9d8-5016df2ce601: new RaftServerImpl for group-ADDF5938E3AB:[b0e58961-cf25-454a-a9d8-5016df2ce601|rpc:10.1.0.13:15120|admin:10.1.0.13:15119|client:10.1.0.13:15118|dataStream:10.1.0.13:15121|priority:1|startupRole:FOLLOWER, 16068a4c-c2af-4cec-9eae-3ab2a53eaee7|rpc:10.1.0.13:15129|admin:10.1.0.13:15128|client:10.1.0.13:15127|dataStream:10.1.0.13:15130|priority:0|startupRole:FOLLOWER, 3a238b95-76ec-4438-89aa-518182fac512|rpc:10.1.0.13:15138|admin:10.1.0.13:15137|client:10.1.0.13:15136|dataStream:10.1.0.13:15139|priority:0|startupRole:FOLLOWER] with ContainerStateMachine:uninitialized
2023-07-05 13:43:28,555 [b0e58961-cf25-454a-a9d8-5016df2ce601-groupManagement] INFO  server.RaftServerConfigKeys (ConfUtils.java:logGet(46)) - raft.server.rpc.timeout.min = 5s (custom)
2023-07-05 13:43:28,555 [b0e58961-cf25-454a-a9d8-5016df2ce601-groupManagement] INFO  server.RaftServerConfigKeys (ConfUtils.java:logGet(46)) - raft.server.rpc.timeout.max = 5200ms (custom)
2023-07-05 13:43:28,555 [b0e58961-cf25-454a-a9d8-5016df2ce601-groupManagement] INFO  server.RaftServerConfigKeys (ConfUtils.java:logGet(46)) - raft.server.rpc.sleep.time = 25ms (default)
2023-07-05 13:43:28,555 [b0e58961-cf25-454a-a9d8-5016df2ce601-groupManagement] INFO  server.RaftServerConfigKeys (ConfUtils.java:logGet(46)) - raft.server.rpc.slowness.timeout = 300s (custom)
2023-07-05 13:43:28,555 [b0e58961-cf25-454a-a9d8-5016df2ce601-groupManagement] INFO  server.RaftServerConfigKeys (ConfUtils.java:logGet(46)) - raft.server.leaderelection.leader.step-down.wait-time = 10s (default)
2023-07-05 13:43:28,555 [b0e58961-cf25-454a-a9d8-5016df2ce601-groupManagement] INFO  server.RaftServerConfigKeys (ConfUtils.java:logGet(46)) - raft.server.sleep.deviation.threshold = 300ms (default)
2023-07-05 13:43:28,555 [b0e58961-cf25-454a-a9d8-5016df2ce601-groupManagement] INFO  server.RaftServer$Division (ServerState.java:<init>(120)) - b0e58961-cf25-454a-a9d8-5016df2ce601@group-ADDF5938E3AB: ConfigurationManager, init=-1: peers:[b0e58961-cf25-454a-a9d8-5016df2ce601|rpc:10.1.0.13:15120|admin:10.1.0.13:15119|client:10.1.0.13:15118|dataStream:10.1.0.13:15121|priority:1|startupRole:FOLLOWER, 16068a4c-c2af-4cec-9eae-3ab2a53eaee7|rpc:10.1.0.13:15129|admin:10.1.0.13:15128|client:10.1.0.13:15127|dataStream:10.1.0.13:15130|priority:0|startupRole:FOLLOWER, 3a238b95-76ec-4438-89aa-518182fac512|rpc:10.1.0.13:15138|admin:10.1.0.13:15137|client:10.1.0.13:15136|dataStream:10.1.0.13:15139|priority:0|startupRole:FOLLOWER]|listeners:[], old=null, confs=<EMPTY_MAP>
2023-07-05 13:43:28,555 [b0e58961-cf25-454a-a9d8-5016df2ce601-groupManagement] INFO  server.RaftServerConfigKeys (ConfUtils.java:logGet(46)) - raft.server.storage.dir = [/home/runner/work/ozone/ozone/hadoop-ozone/integration-test/target/test-dir/MiniOzoneClusterImpl-c098677b-f883-4488-a97e-c9984f4b1973/datanode-0/data/ratis] (custom)
2023-07-05 13:43:28,556 [b0e58961-cf25-454a-a9d8-5016df2ce601-groupManagement] INFO  server.RaftServerConfigKeys (ConfUtils.java:logGet(46)) - raft.server.log.corruption.policy = EXCEPTION (default)
2023-07-05 13:43:28,556 [b0e58961-cf25-454a-a9d8-5016df2ce601-groupManagement] INFO  server.RaftServerConfigKeys (ConfUtils.java:logGet(46)) - raft.server.storage.free-space.min = 0MB (=0) (default)
2023-07-05 13:43:28,556 [b0e58961-cf25-454a-a9d8-5016df2ce601-groupManagement] INFO  server.RaftServerConfigKeys (ConfUtils.java:logGet(46)) - raft.server.notification.no-leader.timeout = 300s (custom)
2023-07-05 13:43:28,556 [b0e58961-cf25-454a-a9d8-5016df2ce601-groupManagement] INFO  server.RaftServerConfigKeys (ConfUtils.java:logGet(46)) - raft.server.read.timeout = 10s (default)
2023-07-05 13:43:28,556 [b0e58961-cf25-454a-a9d8-5016df2ce601-groupManagement] INFO  server.RaftServerConfigKeys (ConfUtils.java:logGet(46)) - raft.server.retrycache.expirytime = 600000ms (custom)
2023-07-05 13:43:28,556 [b0e58961-cf25-454a-a9d8-5016df2ce601-groupManagement] INFO  server.RaftServerConfigKeys (ConfUtils.java:logGet(46)) - raft.server.retrycache.statistics.expirytime = 100μs (default)
2023-07-05 13:43:28,556 [b0e58961-cf25-454a-a9d8-5016df2ce601-groupManagement] INFO  server.RaftServerConfigKeys (ConfUtils.java:logGet(46)) - raft.server.read.option = DEFAULT (default)
2023-07-05 13:43:28,557 [b0e58961-cf25-454a-a9d8-5016df2ce601-groupManagement] INFO  server.RaftServerConfigKeys (ConfUtils.java:logGet(46)) - raft.server.rpc.request.timeout = 60s (custom)
2023-07-05 13:43:28,557 [b0e58961-cf25-454a-a9d8-5016df2ce601-groupManagement] INFO  server.RaftServerConfigKeys (ConfUtils.java:logGet(46)) - raft.server.log.appender.install.snapshot.enabled = false (custom)
2023-07-05 13:43:28,557 [b0e58961-cf25-454a-a9d8-5016df2ce601-groupManagement] INFO  server.RaftServerConfigKeys (ConfUtils.java:logGet(46)) - raft.server.threadpool.server.cached = true (default)
2023-07-05 13:43:28,557 [b0e58961-cf25-454a-a9d8-5016df2ce601-groupManagement] INFO  server.RaftServerConfigKeys (ConfUtils.java:logGet(46)) - raft.server.threadpool.server.size = 0 (default)
2023-07-05 13:43:28,557 [b0e58961-cf25-454a-a9d8-5016df2ce601-groupManagement] INFO  server.RaftServerConfigKeys (ConfUtils.java:logGet(46)) - raft.server.threadpool.client.cached = true (default)
2023-07-05 13:43:28,557 [b0e58961-cf25-454a-a9d8-5016df2ce601-groupManagement] INFO  server.RaftServerConfigKeys (ConfUtils.java:logGet(46)) - raft.server.threadpool.client.size = 0 (default)
2023-07-05 13:43:28,557 [b0e58961-cf25-454a-a9d8-5016df2ce601-groupManagement] INFO  storage.RaftStorageDirectory (RaftStorageDirectoryImpl.java:analyzeStorage(137)) - The storage directory /home/runner/work/ozone/ozone/hadoop-ozone/integration-test/target/test-dir/MiniOzoneClusterImpl-c098677b-f883-4488-a97e-c9984f4b1973/datanode-0/data/ratis/2116bd38-657f-4bb2-b5cb-addf5938e3ab does not exist. Creating ...
2023-07-05 13:43:28,559 [b0e58961-cf25-454a-a9d8-5016df2ce601-groupManagement] INFO  storage.RaftStorageDirectory (RaftStorageDirectoryImpl.java:tryLock(231)) - Lock on /home/runner/work/ozone/ozone/hadoop-ozone/integration-test/target/test-dir/MiniOzoneClusterImpl-c098677b-f883-4488-a97e-c9984f4b1973/datanode-0/data/ratis/2116bd38-657f-4bb2-b5cb-addf5938e3ab/in_use.lock acquired by nodename 25537@fv-az264-29
2023-07-05 13:43:28,560 [b0e58961-cf25-454a-a9d8-5016df2ce601-groupManagement] INFO  storage.RaftStorage (RaftStorageImpl.java:format(96)) - Storage directory /home/runner/work/ozone/ozone/hadoop-ozone/integration-test/target/test-dir/MiniOzoneClusterImpl-c098677b-f883-4488-a97e-c9984f4b1973/datanode-0/data/ratis/2116bd38-657f-4bb2-b5cb-addf5938e3ab has been successfully formatted.
2023-07-05 13:43:28,563 [b0e58961-cf25-454a-a9d8-5016df2ce601-groupManagement] INFO  ratis.ContainerStateMachine (ContainerStateMachine.java:loadSnapshot(262)) - group-ADDF5938E3AB: The snapshot info is null. Setting the last applied indexto:(t:0, i:~)
2023-07-05 13:43:28,563 [b0e58961-cf25-454a-a9d8-5016df2ce601-groupManagement] INFO  server.RaftServerConfigKeys (ConfUtils.java:logGet(46)) - raft.server.log.use.memory = false (default)
2023-07-05 13:43:28,563 [b0e58961-cf25-454a-a9d8-5016df2ce601-groupManagement] INFO  server.RaftServerConfigKeys (ConfUtils.java:logGet(46)) - raft.server.log.purge.gap = 1000000 (custom)
2023-07-05 13:43:28,563 [b0e58961-cf25-454a-a9d8-5016df2ce601-groupManagement] INFO  server.RaftServerConfigKeys (ConfUtils.java:logGet(46)) - raft.server.log.appender.buffer.byte-limit = 33554432 (custom)
2023-07-05 13:43:28,563 [b0e58961-cf25-454a-a9d8-5016df2ce601-groupManagement] INFO  server.RaftServerConfigKeys (ConfUtils.java:logGet(46)) - raft.server.log.statemachine.data.read.timeout = 1000ms (default)
2023-07-05 13:43:28,563 [b0e58961-cf25-454a-a9d8-5016df2ce601-groupManagement] INFO  server.RaftServerConfigKeys (ConfUtils.java:logGet(46)) - raft.server.log.purge.preservation.log.num = 0 (default)
2023-07-05 13:43:28,563 [b0e58961-cf25-454a-a9d8-5016df2ce601-groupManagement] INFO  server.RaftServerConfigKeys (ConfUtils.java:logGet(46)) - raft.server.log.segment.size.max = 1048576 (custom)
2023-07-05 13:43:28,564 [b0e58961-cf25-454a-a9d8-5016df2ce601-groupManagement] INFO  server.RaftServerConfigKeys (ConfUtils.java:logGet(46)) - raft.server.log.segment.cache.num.max = 2 (custom)
2023-07-05 13:43:28,564 [b0e58961-cf25-454a-a9d8-5016df2ce601-groupManagement] INFO  server.RaftServerConfigKeys (ConfUtils.java:logGet(46)) - raft.server.log.segment.cache.size.max = 200MB (=209715200) (default)
2023-07-05 13:43:28,564 [b0e58961-cf25-454a-a9d8-5016df2ce601-groupManagement] INFO  server.RaftServerConfigKeys (ConfUtils.java:logGet(46)) - raft.server.log.appender.buffer.byte-limit = 33554432 (custom)
2023-07-05 13:43:28,564 [EventQueue-OpenPipelineForHealthyPipelineSafeModeRule] INFO  safemode.SCMSafeModeManager (HealthyPipelineSafeModeRule.java:process(137)) - SCM in safe mode. Healthy pipelines reported count is 0, required healthy pipeline reported count is 1
2023-07-05 13:43:28,565 [b0e58961-cf25-454a-a9d8-5016df2ce601-groupManagement] INFO  segmented.SegmentedRaftLogWorker (SegmentedRaftLogWorker.java:<init>(188)) - new b0e58961-cf25-454a-a9d8-5016df2ce601@group-ADDF5938E3AB-SegmentedRaftLogWorker for RaftStorageImpl:Storage Directory /home/runner/work/ozone/ozone/hadoop-ozone/integration-test/target/test-dir/MiniOzoneClusterImpl-c098677b-f883-4488-a97e-c9984f4b1973/datanode-0/data/ratis/2116bd38-657f-4bb2-b5cb-addf5938e3ab
2023-07-05 13:43:28,565 [b0e58961-cf25-454a-a9d8-5016df2ce601-groupManagement] INFO  server.RaftServerConfigKeys (ConfUtils.java:logGet(46)) - raft.server.log.queue.byte-limit = 4294967296 (custom)
2023-07-05 13:43:28,565 [b0e58961-cf25-454a-a9d8-5016df2ce601-groupManagement] INFO  server.RaftServerConfigKeys (ConfUtils.java:logGet(46)) - raft.server.log.queue.element-limit = 1024 (custom)
2023-07-05 13:43:28,565 [b0e58961-cf25-454a-a9d8-5016df2ce601-groupManagement] INFO  server.RaftServerConfigKeys (ConfUtils.java:logGet(46)) - raft.server.log.segment.size.max = 1048576 (custom)
2023-07-05 13:43:28,565 [b0e58961-cf25-454a-a9d8-5016df2ce601-groupManagement] INFO  server.RaftServerConfigKeys (ConfUtils.java:logGet(46)) - raft.server.log.preallocated.size = 16384 (custom)
2023-07-05 13:43:28,565 [b0e58961-cf25-454a-a9d8-5016df2ce601-groupManagement] INFO  server.RaftServerConfigKeys (ConfUtils.java:logGet(46)) - raft.server.log.force.sync.num = 128 (default)
2023-07-05 13:43:28,565 [b0e58961-cf25-454a-a9d8-5016df2ce601-groupManagement] INFO  server.RaftServerConfigKeys (ConfUtils.java:logGet(46)) - raft.server.log.statemachine.data.sync = true (default)
2023-07-05 13:43:28,565 [b0e58961-cf25-454a-a9d8-5016df2ce601-groupManagement] INFO  server.RaftServerConfigKeys (ConfUtils.java:logGet(46)) - raft.server.log.statemachine.data.sync.timeout = 10s (default)
2023-07-05 13:43:28,565 [b0e58961-cf25-454a-a9d8-5016df2ce601-groupManagement] INFO  server.RaftServerConfigKeys (ConfUtils.java:logGet(46)) - raft.server.log.statemachine.data.sync.timeout.retry = -1 (default)
2023-07-05 13:43:28,566 [b0e58961-cf25-454a-a9d8-5016df2ce601-groupManagement] INFO  server.RaftServerConfigKeys (ConfUtils.java:logGet(46)) - raft.server.log.write.buffer.size = 1048576 (custom)
2023-07-05 13:43:28,567 [b0e58961-cf25-454a-a9d8-5016df2ce601-groupManagement] INFO  server.RaftServerConfigKeys (ConfUtils.java:logGet(46)) - raft.server.log.appender.buffer.byte-limit = 33554432 (custom)
2023-07-05 13:43:28,572 [b0e58961-cf25-454a-a9d8-5016df2ce601-groupManagement] INFO  server.RaftServerConfigKeys (ConfUtils.java:logGet(46)) - raft.server.log.unsafe-flush.enabled = false (default)
2023-07-05 13:43:28,572 [b0e58961-cf25-454a-a9d8-5016df2ce601-groupManagement] INFO  server.RaftServerConfigKeys (ConfUtils.java:logGet(46)) - raft.server.log.async-flush.enabled = false (default)
2023-07-05 13:43:28,572 [b0e58961-cf25-454a-a9d8-5016df2ce601-groupManagement] INFO  server.RaftServerConfigKeys (ConfUtils.java:logGet(46)) - raft.server.log.statemachine.data.caching.enabled = true (custom)
2023-07-05 13:43:28,572 [b0e58961-cf25-454a-a9d8-5016df2ce601-groupManagement] INFO  segmented.SegmentedRaftLogWorker (SegmentedRaftLogWorker.java:lambda$new$0(135)) - b0e58961-cf25-454a-a9d8-5016df2ce601@group-ADDF5938E3AB-SegmentedRaftLogWorker: flushIndex: setUnconditionally 0 -> -1
2023-07-05 13:43:28,572 [b0e58961-cf25-454a-a9d8-5016df2ce601-groupManagement] INFO  segmented.SegmentedRaftLogWorker (SegmentedRaftLogWorker.java:lambda$new$0(135)) - b0e58961-cf25-454a-a9d8-5016df2ce601@group-ADDF5938E3AB-SegmentedRaftLogWorker: safeCacheEvictIndex: setUnconditionally 0 -> -1
2023-07-05 13:43:28,573 [b0e58961-cf25-454a-a9d8-5016df2ce601-groupManagement] INFO  server.RaftServer$Division (RaftServerImpl.java:start(342)) - b0e58961-cf25-454a-a9d8-5016df2ce601@group-ADDF5938E3AB: start as a follower, conf=-1: peers:[b0e58961-cf25-454a-a9d8-5016df2ce601|rpc:10.1.0.13:15120|admin:10.1.0.13:15119|client:10.1.0.13:15118|dataStream:10.1.0.13:15121|priority:1|startupRole:FOLLOWER, 16068a4c-c2af-4cec-9eae-3ab2a53eaee7|rpc:10.1.0.13:15129|admin:10.1.0.13:15128|client:10.1.0.13:15127|dataStream:10.1.0.13:15130|priority:0|startupRole:FOLLOWER, 3a238b95-76ec-4438-89aa-518182fac512|rpc:10.1.0.13:15138|admin:10.1.0.13:15137|client:10.1.0.13:15136|dataStream:10.1.0.13:15139|priority:0|startupRole:FOLLOWER]|listeners:[], old=null
2023-07-05 13:43:28,573 [b0e58961-cf25-454a-a9d8-5016df2ce601-groupManagement] INFO  server.RaftServer$Division (RaftServerImpl.java:setRole(329)) - b0e58961-cf25-454a-a9d8-5016df2ce601@group-ADDF5938E3AB: changes role from      null to FOLLOWER at term 0 for startAsFollower
2023-07-05 13:43:28,573 [b0e58961-cf25-454a-a9d8-5016df2ce601-groupManagement] INFO  impl.RoleInfo (RoleInfo.java:updateAndGet(139)) - b0e58961-cf25-454a-a9d8-5016df2ce601: start b0e58961-cf25-454a-a9d8-5016df2ce601@group-ADDF5938E3AB-FollowerState
2023-07-05 13:43:28,574 [b0e58961-cf25-454a-a9d8-5016df2ce601-groupManagement] INFO  util.JmxRegister (JmxRegister.java:tryRegister(44)) - Successfully registered JMX Bean with object name Ratis:service=RaftServer,group=group-ADDF5938E3AB,id=b0e58961-cf25-454a-a9d8-5016df2ce601
2023-07-05 13:43:28,574 [b0e58961-cf25-454a-a9d8-5016df2ce601-groupManagement] INFO  server.RaftServerConfigKeys (ConfUtils.java:logGet(46)) - raft.server.snapshot.auto.trigger.enabled = true (custom)
2023-07-05 13:43:28,574 [b0e58961-cf25-454a-a9d8-5016df2ce601-groupManagement] INFO  server.RaftServerConfigKeys (ConfUtils.java:logGet(46)) - raft.server.snapshot.auto.trigger.threshold = 10000 (custom)
2023-07-05 13:43:28,574 [b0e58961-cf25-454a-a9d8-5016df2ce601-groupManagement] INFO  server.RaftServerConfigKeys (ConfUtils.java:logGet(46)) - raft.server.snapshot.retention.file.num = 5 (custom)
2023-07-05 13:43:28,574 [b0e58961-cf25-454a-a9d8-5016df2ce601-groupManagement] INFO  server.RaftServerConfigKeys (ConfUtils.java:logGet(46)) - raft.server.log.purge.upto.snapshot.index = false (default)
2023-07-05 13:43:28,575 [b0e58961-cf25-454a-a9d8-5016df2ce601@group-ADDF5938E3AB-FollowerState] INFO  server.RaftServerConfigKeys (ConfUtils.java:logFallback(53)) - raft.server.rpc.first-election.timeout.min = 5s (fallback to raft.server.rpc.timeout.min)
2023-07-05 13:43:28,575 [b0e58961-cf25-454a-a9d8-5016df2ce601@group-ADDF5938E3AB-FollowerState] INFO  server.RaftServerConfigKeys (ConfUtils.java:logFallback(53)) - raft.server.rpc.first-election.timeout.max = 5200ms (fallback to raft.server.rpc.timeout.max)
2023-07-05 13:43:28,575 [PipelineCommandHandlerThread-0] INFO  ratis.XceiverServerRatis (XceiverServerRatis.java:addGroup(804)) - Created group PipelineID=2116bd38-657f-4bb2-b5cb-addf5938e3ab
2023-07-05 13:43:28,586 [grpc-default-executor-0] INFO  server.RaftServer (RaftServerProxy.java:addNew(98)) - 16068a4c-c2af-4cec-9eae-3ab2a53eaee7: addNew group-ADDF5938E3AB:[b0e58961-cf25-454a-a9d8-5016df2ce601|rpc:10.1.0.13:15120|admin:10.1.0.13:15119|client:10.1.0.13:15118|dataStream:10.1.0.13:15121|priority:1|startupRole:FOLLOWER, 16068a4c-c2af-4cec-9eae-3ab2a53eaee7|rpc:10.1.0.13:15129|admin:10.1.0.13:15128|client:10.1.0.13:15127|dataStream:10.1.0.13:15130|priority:0|startupRole:FOLLOWER, 3a238b95-76ec-4438-89aa-518182fac512|rpc:10.1.0.13:15138|admin:10.1.0.13:15137|client:10.1.0.13:15136|dataStream:10.1.0.13:15139|priority:0|startupRole:FOLLOWER] returns group-ADDF5938E3AB:java.util.concurrent.CompletableFuture@711ff4f9[Not completed]
2023-07-05 13:43:28,587 [16068a4c-c2af-4cec-9eae-3ab2a53eaee7-groupManagement] INFO  server.RaftServer$Division (RaftServerImpl.java:<init>(198)) - 16068a4c-c2af-4cec-9eae-3ab2a53eaee7: new RaftServerImpl for group-ADDF5938E3AB:[b0e58961-cf25-454a-a9d8-5016df2ce601|rpc:10.1.0.13:15120|admin:10.1.0.13:15119|client:10.1.0.13:15118|dataStream:10.1.0.13:15121|priority:1|startupRole:FOLLOWER, 16068a4c-c2af-4cec-9eae-3ab2a53eaee7|rpc:10.1.0.13:15129|admin:10.1.0.13:15128|client:10.1.0.13:15127|dataStream:10.1.0.13:15130|priority:0|startupRole:FOLLOWER, 3a238b95-76ec-4438-89aa-518182fac512|rpc:10.1.0.13:15138|admin:10.1.0.13:15137|client:10.1.0.13:15136|dataStream:10.1.0.13:15139|priority:0|startupRole:FOLLOWER] with ContainerStateMachine:uninitialized
2023-07-05 13:43:28,587 [16068a4c-c2af-4cec-9eae-3ab2a53eaee7-groupManagement] INFO  server.RaftServerConfigKeys (ConfUtils.java:logGet(46)) - raft.server.rpc.timeout.min = 5s (custom)
2023-07-05 13:43:28,587 [16068a4c-c2af-4cec-9eae-3ab2a53eaee7-groupManagement] INFO  server.RaftServerConfigKeys (ConfUtils.java:logGet(46)) - raft.server.rpc.timeout.max = 5200ms (custom)
2023-07-05 13:43:28,587 [16068a4c-c2af-4cec-9eae-3ab2a53eaee7-groupManagement] INFO  server.RaftServerConfigKeys (ConfUtils.java:logGet(46)) - raft.server.rpc.sleep.time = 25ms (default)
2023-07-05 13:43:28,587 [16068a4c-c2af-4cec-9eae-3ab2a53eaee7-groupManagement] INFO  server.RaftServerConfigKeys (ConfUtils.java:logGet(46)) - raft.server.rpc.slowness.timeout = 300s (custom)
2023-07-05 13:43:28,587 [16068a4c-c2af-4cec-9eae-3ab2a53eaee7-groupManagement] INFO  server.RaftServerConfigKeys (ConfUtils.java:logGet(46)) - raft.server.leaderelection.leader.step-down.wait-time = 10s (default)
2023-07-05 13:43:28,587 [16068a4c-c2af-4cec-9eae-3ab2a53eaee7-groupManagement] INFO  server.RaftServerConfigKeys (ConfUtils.java:logGet(46)) - raft.server.sleep.deviation.threshold = 300ms (default)
2023-07-05 13:43:28,587 [16068a4c-c2af-4cec-9eae-3ab2a53eaee7-groupManagement] INFO  server.RaftServer$Division (ServerState.java:<init>(120)) - 16068a4c-c2af-4cec-9eae-3ab2a53eaee7@group-ADDF5938E3AB: ConfigurationManager, init=-1: peers:[b0e58961-cf25-454a-a9d8-5016df2ce601|rpc:10.1.0.13:15120|admin:10.1.0.13:15119|client:10.1.0.13:15118|dataStream:10.1.0.13:15121|priority:1|startupRole:FOLLOWER, 16068a4c-c2af-4cec-9eae-3ab2a53eaee7|rpc:10.1.0.13:15129|admin:10.1.0.13:15128|client:10.1.0.13:15127|dataStream:10.1.0.13:15130|priority:0|startupRole:FOLLOWER, 3a238b95-76ec-4438-89aa-518182fac512|rpc:10.1.0.13:15138|admin:10.1.0.13:15137|client:10.1.0.13:15136|dataStream:10.1.0.13:15139|priority:0|startupRole:FOLLOWER]|listeners:[], old=null, confs=<EMPTY_MAP>
2023-07-05 13:43:28,587 [16068a4c-c2af-4cec-9eae-3ab2a53eaee7-groupManagement] INFO  server.RaftServerConfigKeys (ConfUtils.java:logGet(46)) - raft.server.storage.dir = [/home/runner/work/ozone/ozone/hadoop-ozone/integration-test/target/test-dir/MiniOzoneClusterImpl-c098677b-f883-4488-a97e-c9984f4b1973/datanode-1/data/ratis] (custom)
2023-07-05 13:43:28,587 [16068a4c-c2af-4cec-9eae-3ab2a53eaee7-groupManagement] INFO  server.RaftServerConfigKeys (ConfUtils.java:logGet(46)) - raft.server.log.corruption.policy = EXCEPTION (default)
2023-07-05 13:43:28,587 [16068a4c-c2af-4cec-9eae-3ab2a53eaee7-groupManagement] INFO  server.RaftServerConfigKeys (ConfUtils.java:logGet(46)) - raft.server.storage.free-space.min = 0MB (=0) (default)
2023-07-05 13:43:28,587 [16068a4c-c2af-4cec-9eae-3ab2a53eaee7-groupManagement] INFO  server.RaftServerConfigKeys (ConfUtils.java:logGet(46)) - raft.server.notification.no-leader.timeout = 300s (custom)
2023-07-05 13:43:28,587 [16068a4c-c2af-4cec-9eae-3ab2a53eaee7-groupManagement] INFO  server.RaftServerConfigKeys (ConfUtils.java:logGet(46)) - raft.server.read.timeout = 10s (default)
2023-07-05 13:43:28,587 [16068a4c-c2af-4cec-9eae-3ab2a53eaee7-groupManagement] INFO  server.RaftServerConfigKeys (ConfUtils.java:logGet(46)) - raft.server.retrycache.expirytime = 600000ms (custom)
2023-07-05 13:43:28,587 [16068a4c-c2af-4cec-9eae-3ab2a53eaee7-groupManagement] INFO  server.RaftServerConfigKeys (ConfUtils.java:logGet(46)) - raft.server.retrycache.statistics.expirytime = 100μs (default)
2023-07-05 13:43:28,588 [16068a4c-c2af-4cec-9eae-3ab2a53eaee7-groupManagement] INFO  server.RaftServerConfigKeys (ConfUtils.java:logGet(46)) - raft.server.read.option = DEFAULT (default)
2023-07-05 13:43:28,588 [16068a4c-c2af-4cec-9eae-3ab2a53eaee7-groupManagement] INFO  server.RaftServerConfigKeys (ConfUtils.java:logGet(46)) - raft.server.rpc.request.timeout = 60s (custom)
2023-07-05 13:43:28,588 [16068a4c-c2af-4cec-9eae-3ab2a53eaee7-groupManagement] INFO  server.RaftServerConfigKeys (ConfUtils.java:logGet(46)) - raft.server.log.appender.install.snapshot.enabled = false (custom)
2023-07-05 13:43:28,588 [16068a4c-c2af-4cec-9eae-3ab2a53eaee7-groupManagement] INFO  server.RaftServerConfigKeys (ConfUtils.java:logGet(46)) - raft.server.threadpool.server.cached = true (default)
2023-07-05 13:43:28,588 [16068a4c-c2af-4cec-9eae-3ab2a53eaee7-groupManagement] INFO  server.RaftServerConfigKeys (ConfUtils.java:logGet(46)) - raft.server.threadpool.server.size = 0 (default)
2023-07-05 13:43:28,588 [16068a4c-c2af-4cec-9eae-3ab2a53eaee7-groupManagement] INFO  server.RaftServerConfigKeys (ConfUtils.java:logGet(46)) - raft.server.threadpool.client.cached = true (default)
2023-07-05 13:43:28,588 [16068a4c-c2af-4cec-9eae-3ab2a53eaee7-groupManagement] INFO  server.RaftServerConfigKeys (ConfUtils.java:logGet(46)) - raft.server.threadpool.client.size = 0 (default)
2023-07-05 13:43:28,589 [16068a4c-c2af-4cec-9eae-3ab2a53eaee7-groupManagement] INFO  storage.RaftStorageDirectory (RaftStorageDirectoryImpl.java:analyzeStorage(137)) - The storage directory /home/runner/work/ozone/ozone/hadoop-ozone/integration-test/target/test-dir/MiniOzoneClusterImpl-c098677b-f883-4488-a97e-c9984f4b1973/datanode-1/data/ratis/2116bd38-657f-4bb2-b5cb-addf5938e3ab does not exist. Creating ...
2023-07-05 13:43:28,590 [16068a4c-c2af-4cec-9eae-3ab2a53eaee7-groupManagement] INFO  storage.RaftStorageDirectory (RaftStorageDirectoryImpl.java:tryLock(231)) - Lock on /home/runner/work/ozone/ozone/hadoop-ozone/integration-test/target/test-dir/MiniOzoneClusterImpl-c098677b-f883-4488-a97e-c9984f4b1973/datanode-1/data/ratis/2116bd38-657f-4bb2-b5cb-addf5938e3ab/in_use.lock acquired by nodename 25537@fv-az264-29
2023-07-05 13:43:28,592 [16068a4c-c2af-4cec-9eae-3ab2a53eaee7-groupManagement] INFO  storage.RaftStorage (RaftStorageImpl.java:format(96)) - Storage directory /home/runner/work/ozone/ozone/hadoop-ozone/integration-test/target/test-dir/MiniOzoneClusterImpl-c098677b-f883-4488-a97e-c9984f4b1973/datanode-1/data/ratis/2116bd38-657f-4bb2-b5cb-addf5938e3ab has been successfully formatted.
2023-07-05 13:43:28,593 [16068a4c-c2af-4cec-9eae-3ab2a53eaee7-groupManagement] INFO  ratis.ContainerStateMachine (ContainerStateMachine.java:loadSnapshot(262)) - group-ADDF5938E3AB: The snapshot info is null. Setting the last applied indexto:(t:0, i:~)
2023-07-05 13:43:28,595 [16068a4c-c2af-4cec-9eae-3ab2a53eaee7-groupManagement] INFO  server.RaftServerConfigKeys (ConfUtils.java:logGet(46)) - raft.server.log.use.memory = false (default)
2023-07-05 13:43:28,595 [16068a4c-c2af-4cec-9eae-3ab2a53eaee7-groupManagement] INFO  server.RaftServerConfigKeys (ConfUtils.java:logGet(46)) - raft.server.log.purge.gap = 1000000 (custom)
2023-07-05 13:43:28,595 [16068a4c-c2af-4cec-9eae-3ab2a53eaee7-groupManagement] INFO  server.RaftServerConfigKeys (ConfUtils.java:logGet(46)) - raft.server.log.appender.buffer.byte-limit = 33554432 (custom)
2023-07-05 13:43:28,595 [16068a4c-c2af-4cec-9eae-3ab2a53eaee7-groupManagement] INFO  server.RaftServerConfigKeys (ConfUtils.java:logGet(46)) - raft.server.log.statemachine.data.read.timeout = 1000ms (default)
2023-07-05 13:43:28,596 [16068a4c-c2af-4cec-9eae-3ab2a53eaee7-groupManagement] INFO  server.RaftServerConfigKeys (ConfUtils.java:logGet(46)) - raft.server.log.purge.preservation.log.num = 0 (default)
2023-07-05 13:43:28,596 [16068a4c-c2af-4cec-9eae-3ab2a53eaee7-groupManagement] INFO  server.RaftServerConfigKeys (ConfUtils.java:logGet(46)) - raft.server.log.segment.size.max = 1048576 (custom)
2023-07-05 13:43:28,596 [16068a4c-c2af-4cec-9eae-3ab2a53eaee7-groupManagement] INFO  server.RaftServerConfigKeys (ConfUtils.java:logGet(46)) - raft.server.log.segment.cache.num.max = 2 (custom)
2023-07-05 13:43:28,596 [16068a4c-c2af-4cec-9eae-3ab2a53eaee7-groupManagement] INFO  server.RaftServerConfigKeys (ConfUtils.java:logGet(46)) - raft.server.log.segment.cache.size.max = 200MB (=209715200) (default)
2023-07-05 13:43:28,596 [16068a4c-c2af-4cec-9eae-3ab2a53eaee7-groupManagement] INFO  server.RaftServerConfigKeys (ConfUtils.java:logGet(46)) - raft.server.log.appender.buffer.byte-limit = 33554432 (custom)
2023-07-05 13:43:28,596 [16068a4c-c2af-4cec-9eae-3ab2a53eaee7-groupManagement] INFO  segmented.SegmentedRaftLogWorker (SegmentedRaftLogWorker.java:<init>(188)) - new 16068a4c-c2af-4cec-9eae-3ab2a53eaee7@group-ADDF5938E3AB-SegmentedRaftLogWorker for RaftStorageImpl:Storage Directory /home/runner/work/ozone/ozone/hadoop-ozone/integration-test/target/test-dir/MiniOzoneClusterImpl-c098677b-f883-4488-a97e-c9984f4b1973/datanode-1/data/ratis/2116bd38-657f-4bb2-b5cb-addf5938e3ab
2023-07-05 13:43:28,596 [16068a4c-c2af-4cec-9eae-3ab2a53eaee7-groupManagement] INFO  server.RaftServerConfigKeys (ConfUtils.java:logGet(46)) - raft.server.log.queue.byte-limit = 4294967296 (custom)
2023-07-05 13:43:28,596 [16068a4c-c2af-4cec-9eae-3ab2a53eaee7-groupManagement] INFO  server.RaftServerConfigKeys (ConfUtils.java:logGet(46)) - raft.server.log.queue.element-limit = 1024 (custom)
2023-07-05 13:43:28,596 [16068a4c-c2af-4cec-9eae-3ab2a53eaee7-groupManagement] INFO  server.RaftServerConfigKeys (ConfUtils.java:logGet(46)) - raft.server.log.segment.size.max = 1048576 (custom)
2023-07-05 13:43:28,596 [16068a4c-c2af-4cec-9eae-3ab2a53eaee7-groupManagement] INFO  server.RaftServerConfigKeys (ConfUtils.java:logGet(46)) - raft.server.log.preallocated.size = 16384 (custom)
2023-07-05 13:43:28,596 [16068a4c-c2af-4cec-9eae-3ab2a53eaee7-groupManagement] INFO  server.RaftServerConfigKeys (ConfUtils.java:logGet(46)) - raft.server.log.force.sync.num = 128 (default)
2023-07-05 13:43:28,596 [16068a4c-c2af-4cec-9eae-3ab2a53eaee7-groupManagement] INFO  server.RaftServerConfigKeys (ConfUtils.java:logGet(46)) - raft.server.log.statemachine.data.sync = true (default)
2023-07-05 13:43:28,596 [16068a4c-c2af-4cec-9eae-3ab2a53eaee7-groupManagement] INFO  server.RaftServerConfigKeys (ConfUtils.java:logGet(46)) - raft.server.log.statemachine.data.sync.timeout = 10s (default)
2023-07-05 13:43:28,596 [16068a4c-c2af-4cec-9eae-3ab2a53eaee7-groupManagement] INFO  server.RaftServerConfigKeys (ConfUtils.java:logGet(46)) - raft.server.log.statemachine.data.sync.timeout.retry = -1 (default)
2023-07-05 13:43:28,597 [16068a4c-c2af-4cec-9eae-3ab2a53eaee7-groupManagement] INFO  server.RaftServerConfigKeys (ConfUtils.java:logGet(46)) - raft.server.log.write.buffer.size = 1048576 (custom)
2023-07-05 13:43:28,598 [16068a4c-c2af-4cec-9eae-3ab2a53eaee7-groupManagement] INFO  server.RaftServerConfigKeys (ConfUtils.java:logGet(46)) - raft.server.log.appender.buffer.byte-limit = 33554432 (custom)
2023-07-05 13:43:28,603 [16068a4c-c2af-4cec-9eae-3ab2a53eaee7-groupManagement] INFO  server.RaftServerConfigKeys (ConfUtils.java:logGet(46)) - raft.server.log.unsafe-flush.enabled = false (default)
2023-07-05 13:43:28,603 [16068a4c-c2af-4cec-9eae-3ab2a53eaee7-groupManagement] INFO  server.RaftServerConfigKeys (ConfUtils.java:logGet(46)) - raft.server.log.async-flush.enabled = false (default)
2023-07-05 13:43:28,603 [16068a4c-c2af-4cec-9eae-3ab2a53eaee7-groupManagement] INFO  server.RaftServerConfigKeys (ConfUtils.java:logGet(46)) - raft.server.log.statemachine.data.caching.enabled = true (custom)
2023-07-05 13:43:28,603 [16068a4c-c2af-4cec-9eae-3ab2a53eaee7-groupManagement] INFO  segmented.SegmentedRaftLogWorker (SegmentedRaftLogWorker.java:lambda$new$0(135)) - 16068a4c-c2af-4cec-9eae-3ab2a53eaee7@group-ADDF5938E3AB-SegmentedRaftLogWorker: flushIndex: setUnconditionally 0 -> -1
2023-07-05 13:43:28,603 [16068a4c-c2af-4cec-9eae-3ab2a53eaee7-groupManagement] INFO  segmented.SegmentedRaftLogWorker (SegmentedRaftLogWorker.java:lambda$new$0(135)) - 16068a4c-c2af-4cec-9eae-3ab2a53eaee7@group-ADDF5938E3AB-SegmentedRaftLogWorker: safeCacheEvictIndex: setUnconditionally 0 -> -1
2023-07-05 13:43:28,603 [16068a4c-c2af-4cec-9eae-3ab2a53eaee7-groupManagement] INFO  server.RaftServer$Division (RaftServerImpl.java:start(342)) - 16068a4c-c2af-4cec-9eae-3ab2a53eaee7@group-ADDF5938E3AB: start as a follower, conf=-1: peers:[b0e58961-cf25-454a-a9d8-5016df2ce601|rpc:10.1.0.13:15120|admin:10.1.0.13:15119|client:10.1.0.13:15118|dataStream:10.1.0.13:15121|priority:1|startupRole:FOLLOWER, 16068a4c-c2af-4cec-9eae-3ab2a53eaee7|rpc:10.1.0.13:15129|admin:10.1.0.13:15128|client:10.1.0.13:15127|dataStream:10.1.0.13:15130|priority:0|startupRole:FOLLOWER, 3a238b95-76ec-4438-89aa-518182fac512|rpc:10.1.0.13:15138|admin:10.1.0.13:15137|client:10.1.0.13:15136|dataStream:10.1.0.13:15139|priority:0|startupRole:FOLLOWER]|listeners:[], old=null
2023-07-05 13:43:28,604 [16068a4c-c2af-4cec-9eae-3ab2a53eaee7-groupManagement] INFO  server.RaftServer$Division (RaftServerImpl.java:setRole(329)) - 16068a4c-c2af-4cec-9eae-3ab2a53eaee7@group-ADDF5938E3AB: changes role from      null to FOLLOWER at term 0 for startAsFollower
2023-07-05 13:43:28,604 [16068a4c-c2af-4cec-9eae-3ab2a53eaee7-groupManagement] INFO  impl.RoleInfo (RoleInfo.java:updateAndGet(139)) - 16068a4c-c2af-4cec-9eae-3ab2a53eaee7: start 16068a4c-c2af-4cec-9eae-3ab2a53eaee7@group-ADDF5938E3AB-FollowerState
2023-07-05 13:43:28,605 [16068a4c-c2af-4cec-9eae-3ab2a53eaee7-groupManagement] INFO  util.JmxRegister (JmxRegister.java:tryRegister(44)) - Successfully registered JMX Bean with object name Ratis:service=RaftServer,group=group-ADDF5938E3AB,id=16068a4c-c2af-4cec-9eae-3ab2a53eaee7
2023-07-05 13:43:28,605 [16068a4c-c2af-4cec-9eae-3ab2a53eaee7-groupManagement] INFO  server.RaftServerConfigKeys (ConfUtils.java:logGet(46)) - raft.server.snapshot.auto.trigger.enabled = true (custom)
2023-07-05 13:43:28,605 [16068a4c-c2af-4cec-9eae-3ab2a53eaee7-groupManagement] INFO  server.RaftServerConfigKeys (ConfUtils.java:logGet(46)) - raft.server.snapshot.auto.trigger.threshold = 10000 (custom)
2023-07-05 13:43:28,605 [16068a4c-c2af-4cec-9eae-3ab2a53eaee7-groupManagement] INFO  server.RaftServerConfigKeys (ConfUtils.java:logGet(46)) - raft.server.snapshot.retention.file.num = 5 (custom)
2023-07-05 13:43:28,605 [16068a4c-c2af-4cec-9eae-3ab2a53eaee7-groupManagement] INFO  server.RaftServerConfigKeys (ConfUtils.java:logGet(46)) - raft.server.log.purge.upto.snapshot.index = false (default)
2023-07-05 13:43:28,605 [16068a4c-c2af-4cec-9eae-3ab2a53eaee7@group-ADDF5938E3AB-FollowerState] INFO  server.RaftServerConfigKeys (ConfUtils.java:logFallback(53)) - raft.server.rpc.first-election.timeout.min = 5s (fallback to raft.server.rpc.timeout.min)
2023-07-05 13:43:28,605 [16068a4c-c2af-4cec-9eae-3ab2a53eaee7@group-ADDF5938E3AB-FollowerState] INFO  server.RaftServerConfigKeys (ConfUtils.java:logFallback(53)) - raft.server.rpc.first-election.timeout.max = 5200ms (fallback to raft.server.rpc.timeout.max)
2023-07-05 13:43:28,632 [grpc-default-executor-0] INFO  server.RaftServer (RaftServerProxy.java:addNew(98)) - 3a238b95-76ec-4438-89aa-518182fac512: addNew group-ADDF5938E3AB:[b0e58961-cf25-454a-a9d8-5016df2ce601|rpc:10.1.0.13:15120|admin:10.1.0.13:15119|client:10.1.0.13:15118|dataStream:10.1.0.13:15121|priority:1|startupRole:FOLLOWER, 16068a4c-c2af-4cec-9eae-3ab2a53eaee7|rpc:10.1.0.13:15129|admin:10.1.0.13:15128|client:10.1.0.13:15127|dataStream:10.1.0.13:15130|priority:0|startupRole:FOLLOWER, 3a238b95-76ec-4438-89aa-518182fac512|rpc:10.1.0.13:15138|admin:10.1.0.13:15137|client:10.1.0.13:15136|dataStream:10.1.0.13:15139|priority:0|startupRole:FOLLOWER] returns group-ADDF5938E3AB:java.util.concurrent.CompletableFuture@7164b1ab[Not completed]
2023-07-05 13:43:28,633 [3a238b95-76ec-4438-89aa-518182fac512-groupManagement] INFO  server.RaftServer$Division (RaftServerImpl.java:<init>(198)) - 3a238b95-76ec-4438-89aa-518182fac512: new RaftServerImpl for group-ADDF5938E3AB:[b0e58961-cf25-454a-a9d8-5016df2ce601|rpc:10.1.0.13:15120|admin:10.1.0.13:15119|client:10.1.0.13:15118|dataStream:10.1.0.13:15121|priority:1|startupRole:FOLLOWER, 16068a4c-c2af-4cec-9eae-3ab2a53eaee7|rpc:10.1.0.13:15129|admin:10.1.0.13:15128|client:10.1.0.13:15127|dataStream:10.1.0.13:15130|priority:0|startupRole:FOLLOWER, 3a238b95-76ec-4438-89aa-518182fac512|rpc:10.1.0.13:15138|admin:10.1.0.13:15137|client:10.1.0.13:15136|dataStream:10.1.0.13:15139|priority:0|startupRole:FOLLOWER] with ContainerStateMachine:uninitialized
2023-07-05 13:43:28,633 [3a238b95-76ec-4438-89aa-518182fac512-groupManagement] INFO  server.RaftServerConfigKeys (ConfUtils.java:logGet(46)) - raft.server.rpc.timeout.min = 5s (custom)
2023-07-05 13:43:28,633 [3a238b95-76ec-4438-89aa-518182fac512-groupManagement] INFO  server.RaftServerConfigKeys (ConfUtils.java:logGet(46)) - raft.server.rpc.timeout.max = 5200ms (custom)
2023-07-05 13:43:28,633 [3a238b95-76ec-4438-89aa-518182fac512-groupManagement] INFO  server.RaftServerConfigKeys (ConfUtils.java:logGet(46)) - raft.server.rpc.sleep.time = 25ms (default)
2023-07-05 13:43:28,633 [3a238b95-76ec-4438-89aa-518182fac512-groupManagement] INFO  server.RaftServerConfigKeys (ConfUtils.java:logGet(46)) - raft.server.rpc.slowness.timeout = 300s (custom)
2023-07-05 13:43:28,633 [3a238b95-76ec-4438-89aa-518182fac512-groupManagement] INFO  server.RaftServerConfigKeys (ConfUtils.java:logGet(46)) - raft.server.leaderelection.leader.step-down.wait-time = 10s (default)
2023-07-05 13:43:28,633 [3a238b95-76ec-4438-89aa-518182fac512-groupManagement] INFO  server.RaftServerConfigKeys (ConfUtils.java:logGet(46)) - raft.server.sleep.deviation.threshold = 300ms (default)
2023-07-05 13:43:28,633 [3a238b95-76ec-4438-89aa-518182fac512-groupManagement] INFO  server.RaftServer$Division (ServerState.java:<init>(120)) - 3a238b95-76ec-4438-89aa-518182fac512@group-ADDF5938E3AB: ConfigurationManager, init=-1: peers:[b0e58961-cf25-454a-a9d8-5016df2ce601|rpc:10.1.0.13:15120|admin:10.1.0.13:15119|client:10.1.0.13:15118|dataStream:10.1.0.13:15121|priority:1|startupRole:FOLLOWER, 16068a4c-c2af-4cec-9eae-3ab2a53eaee7|rpc:10.1.0.13:15129|admin:10.1.0.13:15128|client:10.1.0.13:15127|dataStream:10.1.0.13:15130|priority:0|startupRole:FOLLOWER, 3a238b95-76ec-4438-89aa-518182fac512|rpc:10.1.0.13:15138|admin:10.1.0.13:15137|client:10.1.0.13:15136|dataStream:10.1.0.13:15139|priority:0|startupRole:FOLLOWER]|listeners:[], old=null, confs=<EMPTY_MAP>
2023-07-05 13:43:28,633 [3a238b95-76ec-4438-89aa-518182fac512-groupManagement] INFO  server.RaftServerConfigKeys (ConfUtils.java:logGet(46)) - raft.server.storage.dir = [/home/runner/work/ozone/ozone/hadoop-ozone/integration-test/target/test-dir/MiniOzoneClusterImpl-c098677b-f883-4488-a97e-c9984f4b1973/datanode-2/data/ratis] (custom)
2023-07-05 13:43:28,634 [3a238b95-76ec-4438-89aa-518182fac512-groupManagement] INFO  server.RaftServerConfigKeys (ConfUtils.java:logGet(46)) - raft.server.log.corruption.policy = EXCEPTION (default)
2023-07-05 13:43:28,634 [3a238b95-76ec-4438-89aa-518182fac512-groupManagement] INFO  server.RaftServerConfigKeys (ConfUtils.java:logGet(46)) - raft.server.storage.free-space.min = 0MB (=0) (default)
2023-07-05 13:43:28,634 [3a238b95-76ec-4438-89aa-518182fac512-groupManagement] INFO  server.RaftServerConfigKeys (ConfUtils.java:logGet(46)) - raft.server.notification.no-leader.timeout = 300s (custom)
2023-07-05 13:43:28,634 [3a238b95-76ec-4438-89aa-518182fac512-groupManagement] INFO  server.RaftServerConfigKeys (ConfUtils.java:logGet(46)) - raft.server.read.timeout = 10s (default)
2023-07-05 13:43:28,634 [3a238b95-76ec-4438-89aa-518182fac512-groupManagement] INFO  server.RaftServerConfigKeys (ConfUtils.java:logGet(46)) - raft.server.retrycache.expirytime = 600000ms (custom)
2023-07-05 13:43:28,634 [3a238b95-76ec-4438-89aa-518182fac512-groupManagement] INFO  server.RaftServerConfigKeys (ConfUtils.java:logGet(46)) - raft.server.retrycache.statistics.expirytime = 100μs (default)
2023-07-05 13:43:28,634 [3a238b95-76ec-4438-89aa-518182fac512-groupManagement] INFO  server.RaftServerConfigKeys (ConfUtils.java:logGet(46)) - raft.server.read.option = DEFAULT (default)
2023-07-05 13:43:28,635 [3a238b95-76ec-4438-89aa-518182fac512-groupManagement] INFO  server.RaftServerConfigKeys (ConfUtils.java:logGet(46)) - raft.server.rpc.request.timeout = 60s (custom)
2023-07-05 13:43:28,635 [3a238b95-76ec-4438-89aa-518182fac512-groupManagement] INFO  server.RaftServerConfigKeys (ConfUtils.java:logGet(46)) - raft.server.log.appender.install.snapshot.enabled = false (custom)
2023-07-05 13:43:28,635 [3a238b95-76ec-4438-89aa-518182fac512-groupManagement] INFO  server.RaftServerConfigKeys (ConfUtils.java:logGet(46)) - raft.server.threadpool.server.cached = true (default)
2023-07-05 13:43:28,635 [3a238b95-76ec-4438-89aa-518182fac512-groupManagement] INFO  server.RaftServerConfigKeys (ConfUtils.java:logGet(46)) - raft.server.threadpool.server.size = 0 (default)
2023-07-05 13:43:28,635 [3a238b95-76ec-4438-89aa-518182fac512-groupManagement] INFO  server.RaftServerConfigKeys (ConfUtils.java:logGet(46)) - raft.server.threadpool.client.cached = true (default)
2023-07-05 13:43:28,635 [3a238b95-76ec-4438-89aa-518182fac512-groupManagement] INFO  server.RaftServerConfigKeys (ConfUtils.java:logGet(46)) - raft.server.threadpool.client.size = 0 (default)
2023-07-05 13:43:28,635 [3a238b95-76ec-4438-89aa-518182fac512-groupManagement] INFO  storage.RaftStorageDirectory (RaftStorageDirectoryImpl.java:analyzeStorage(137)) - The storage directory /home/runner/work/ozone/ozone/hadoop-ozone/integration-test/target/test-dir/MiniOzoneClusterImpl-c098677b-f883-4488-a97e-c9984f4b1973/datanode-2/data/ratis/2116bd38-657f-4bb2-b5cb-addf5938e3ab does not exist. Creating ...
2023-07-05 13:43:28,636 [3a238b95-76ec-4438-89aa-518182fac512-groupManagement] INFO  storage.RaftStorageDirectory (RaftStorageDirectoryImpl.java:tryLock(231)) - Lock on /home/runner/work/ozone/ozone/hadoop-ozone/integration-test/target/test-dir/MiniOzoneClusterImpl-c098677b-f883-4488-a97e-c9984f4b1973/datanode-2/data/ratis/2116bd38-657f-4bb2-b5cb-addf5938e3ab/in_use.lock acquired by nodename 25537@fv-az264-29
2023-07-05 13:43:28,638 [3a238b95-76ec-4438-89aa-518182fac512-groupManagement] INFO  storage.RaftStorage (RaftStorageImpl.java:format(96)) - Storage directory /home/runner/work/ozone/ozone/hadoop-ozone/integration-test/target/test-dir/MiniOzoneClusterImpl-c098677b-f883-4488-a97e-c9984f4b1973/datanode-2/data/ratis/2116bd38-657f-4bb2-b5cb-addf5938e3ab has been successfully formatted.
2023-07-05 13:43:28,639 [3a238b95-76ec-4438-89aa-518182fac512-groupManagement] INFO  ratis.ContainerStateMachine (ContainerStateMachine.java:loadSnapshot(262)) - group-ADDF5938E3AB: The snapshot info is null. Setting the last applied indexto:(t:0, i:~)
2023-07-05 13:43:28,639 [3a238b95-76ec-4438-89aa-518182fac512-groupManagement] INFO  server.RaftServerConfigKeys (ConfUtils.java:logGet(46)) - raft.server.log.use.memory = false (default)
2023-07-05 13:43:28,639 [3a238b95-76ec-4438-89aa-518182fac512-groupManagement] INFO  server.RaftServerConfigKeys (ConfUtils.java:logGet(46)) - raft.server.log.purge.gap = 1000000 (custom)
2023-07-05 13:43:28,639 [3a238b95-76ec-4438-89aa-518182fac512-groupManagement] INFO  server.RaftServerConfigKeys (ConfUtils.java:logGet(46)) - raft.server.log.appender.buffer.byte-limit = 33554432 (custom)
2023-07-05 13:43:28,639 [3a238b95-76ec-4438-89aa-518182fac512-groupManagement] INFO  server.RaftServerConfigKeys (ConfUtils.java:logGet(46)) - raft.server.log.statemachine.data.read.timeout = 1000ms (default)
2023-07-05 13:43:28,639 [3a238b95-76ec-4438-89aa-518182fac512-groupManagement] INFO  server.RaftServerConfigKeys (ConfUtils.java:logGet(46)) - raft.server.log.purge.preservation.log.num = 0 (default)
2023-07-05 13:43:28,639 [3a238b95-76ec-4438-89aa-518182fac512-groupManagement] INFO  server.RaftServerConfigKeys (ConfUtils.java:logGet(46)) - raft.server.log.segment.size.max = 1048576 (custom)
2023-07-05 13:43:28,640 [3a238b95-76ec-4438-89aa-518182fac512-groupManagement] INFO  server.RaftServerConfigKeys (ConfUtils.java:logGet(46)) - raft.server.log.segment.cache.num.max = 2 (custom)
2023-07-05 13:43:28,640 [3a238b95-76ec-4438-89aa-518182fac512-groupManagement] INFO  server.RaftServerConfigKeys (ConfUtils.java:logGet(46)) - raft.server.log.segment.cache.size.max = 200MB (=209715200) (default)
2023-07-05 13:43:28,640 [3a238b95-76ec-4438-89aa-518182fac512-groupManagement] INFO  server.RaftServerConfigKeys (ConfUtils.java:logGet(46)) - raft.server.log.appender.buffer.byte-limit = 33554432 (custom)
2023-07-05 13:43:28,640 [3a238b95-76ec-4438-89aa-518182fac512-groupManagement] INFO  segmented.SegmentedRaftLogWorker (SegmentedRaftLogWorker.java:<init>(188)) - new 3a238b95-76ec-4438-89aa-518182fac512@group-ADDF5938E3AB-SegmentedRaftLogWorker for RaftStorageImpl:Storage Directory /home/runner/work/ozone/ozone/hadoop-ozone/integration-test/target/test-dir/MiniOzoneClusterImpl-c098677b-f883-4488-a97e-c9984f4b1973/datanode-2/data/ratis/2116bd38-657f-4bb2-b5cb-addf5938e3ab
2023-07-05 13:43:28,640 [3a238b95-76ec-4438-89aa-518182fac512-groupManagement] INFO  server.RaftServerConfigKeys (ConfUtils.java:logGet(46)) - raft.server.log.queue.byte-limit = 4294967296 (custom)
2023-07-05 13:43:28,640 [3a238b95-76ec-4438-89aa-518182fac512-groupManagement] INFO  server.RaftServerConfigKeys (ConfUtils.java:logGet(46)) - raft.server.log.queue.element-limit = 1024 (custom)
2023-07-05 13:43:28,640 [3a238b95-76ec-4438-89aa-518182fac512-groupManagement] INFO  server.RaftServerConfigKeys (ConfUtils.java:logGet(46)) - raft.server.log.segment.size.max = 1048576 (custom)
2023-07-05 13:43:28,640 [3a238b95-76ec-4438-89aa-518182fac512-groupManagement] INFO  server.RaftServerConfigKeys (ConfUtils.java:logGet(46)) - raft.server.log.preallocated.size = 16384 (custom)
2023-07-05 13:43:28,640 [3a238b95-76ec-4438-89aa-518182fac512-groupManagement] INFO  server.RaftServerConfigKeys (ConfUtils.java:logGet(46)) - raft.server.log.force.sync.num = 128 (default)
2023-07-05 13:43:28,640 [3a238b95-76ec-4438-89aa-518182fac512-groupManagement] INFO  server.RaftServerConfigKeys (ConfUtils.java:logGet(46)) - raft.server.log.statemachine.data.sync = true (default)
2023-07-05 13:43:28,640 [3a238b95-76ec-4438-89aa-518182fac512-groupManagement] INFO  server.RaftServerConfigKeys (ConfUtils.java:logGet(46)) - raft.server.log.statemachine.data.sync.timeout = 10s (default)
2023-07-05 13:43:28,640 [3a238b95-76ec-4438-89aa-518182fac512-groupManagement] INFO  server.RaftServerConfigKeys (ConfUtils.java:logGet(46)) - raft.server.log.statemachine.data.sync.timeout.retry = -1 (default)
2023-07-05 13:43:28,641 [3a238b95-76ec-4438-89aa-518182fac512-groupManagement] INFO  server.RaftServerConfigKeys (ConfUtils.java:logGet(46)) - raft.server.log.write.buffer.size = 1048576 (custom)
2023-07-05 13:43:28,641 [3a238b95-76ec-4438-89aa-518182fac512-groupManagement] INFO  server.RaftServerConfigKeys (ConfUtils.java:logGet(46)) - raft.server.log.appender.buffer.byte-limit = 33554432 (custom)
2023-07-05 13:43:28,649 [3a238b95-76ec-4438-89aa-518182fac512-groupManagement] INFO  server.RaftServerConfigKeys (ConfUtils.java:logGet(46)) - raft.server.log.unsafe-flush.enabled = false (default)
2023-07-05 13:43:28,649 [3a238b95-76ec-4438-89aa-518182fac512-groupManagement] INFO  server.RaftServerConfigKeys (ConfUtils.java:logGet(46)) - raft.server.log.async-flush.enabled = false (default)
2023-07-05 13:43:28,649 [3a238b95-76ec-4438-89aa-518182fac512-groupManagement] INFO  server.RaftServerConfigKeys (ConfUtils.java:logGet(46)) - raft.server.log.statemachine.data.caching.enabled = true (custom)
2023-07-05 13:43:28,649 [3a238b95-76ec-4438-89aa-518182fac512-groupManagement] INFO  segmented.SegmentedRaftLogWorker (SegmentedRaftLogWorker.java:lambda$new$0(135)) - 3a238b95-76ec-4438-89aa-518182fac512@group-ADDF5938E3AB-SegmentedRaftLogWorker: flushIndex: setUnconditionally 0 -> -1
2023-07-05 13:43:28,650 [3a238b95-76ec-4438-89aa-518182fac512-groupManagement] INFO  segmented.SegmentedRaftLogWorker (SegmentedRaftLogWorker.java:lambda$new$0(135)) - 3a238b95-76ec-4438-89aa-518182fac512@group-ADDF5938E3AB-SegmentedRaftLogWorker: safeCacheEvictIndex: setUnconditionally 0 -> -1
2023-07-05 13:43:28,650 [3a238b95-76ec-4438-89aa-518182fac512-groupManagement] INFO  server.RaftServer$Division (RaftServerImpl.java:start(342)) - 3a238b95-76ec-4438-89aa-518182fac512@group-ADDF5938E3AB: start as a follower, conf=-1: peers:[b0e58961-cf25-454a-a9d8-5016df2ce601|rpc:10.1.0.13:15120|admin:10.1.0.13:15119|client:10.1.0.13:15118|dataStream:10.1.0.13:15121|priority:1|startupRole:FOLLOWER, 16068a4c-c2af-4cec-9eae-3ab2a53eaee7|rpc:10.1.0.13:15129|admin:10.1.0.13:15128|client:10.1.0.13:15127|dataStream:10.1.0.13:15130|priority:0|startupRole:FOLLOWER, 3a238b95-76ec-4438-89aa-518182fac512|rpc:10.1.0.13:15138|admin:10.1.0.13:15137|client:10.1.0.13:15136|dataStream:10.1.0.13:15139|priority:0|startupRole:FOLLOWER]|listeners:[], old=null
2023-07-05 13:43:28,650 [3a238b95-76ec-4438-89aa-518182fac512-groupManagement] INFO  server.RaftServer$Division (RaftServerImpl.java:setRole(329)) - 3a238b95-76ec-4438-89aa-518182fac512@group-ADDF5938E3AB: changes role from      null to FOLLOWER at term 0 for startAsFollower
2023-07-05 13:43:28,650 [3a238b95-76ec-4438-89aa-518182fac512-groupManagement] INFO  impl.RoleInfo (RoleInfo.java:updateAndGet(139)) - 3a238b95-76ec-4438-89aa-518182fac512: start 3a238b95-76ec-4438-89aa-518182fac512@group-ADDF5938E3AB-FollowerState
2023-07-05 13:43:28,650 [3a238b95-76ec-4438-89aa-518182fac512-groupManagement] INFO  util.JmxRegister (JmxRegister.java:tryRegister(44)) - Successfully registered JMX Bean with object name Ratis:service=RaftServer,group=group-ADDF5938E3AB,id=3a238b95-76ec-4438-89aa-518182fac512
2023-07-05 13:43:28,650 [3a238b95-76ec-4438-89aa-518182fac512-groupManagement] INFO  server.RaftServerConfigKeys (ConfUtils.java:logGet(46)) - raft.server.snapshot.auto.trigger.enabled = true (custom)
2023-07-05 13:43:28,650 [3a238b95-76ec-4438-89aa-518182fac512-groupManagement] INFO  server.RaftServerConfigKeys (ConfUtils.java:logGet(46)) - raft.server.snapshot.auto.trigger.threshold = 10000 (custom)
2023-07-05 13:43:28,651 [3a238b95-76ec-4438-89aa-518182fac512-groupManagement] INFO  server.RaftServerConfigKeys (ConfUtils.java:logGet(46)) - raft.server.snapshot.retention.file.num = 5 (custom)
2023-07-05 13:43:28,651 [3a238b95-76ec-4438-89aa-518182fac512-groupManagement] INFO  server.RaftServerConfigKeys (ConfUtils.java:logGet(46)) - raft.server.log.purge.upto.snapshot.index = false (default)
2023-07-05 13:43:28,651 [3a238b95-76ec-4438-89aa-518182fac512@group-ADDF5938E3AB-FollowerState] INFO  server.RaftServerConfigKeys (ConfUtils.java:logFallback(53)) - raft.server.rpc.first-election.timeout.min = 5s (fallback to raft.server.rpc.timeout.min)
2023-07-05 13:43:28,651 [3a238b95-76ec-4438-89aa-518182fac512@group-ADDF5938E3AB-FollowerState] INFO  server.RaftServerConfigKeys (ConfUtils.java:logFallback(53)) - raft.server.rpc.first-election.timeout.max = 5200ms (fallback to raft.server.rpc.timeout.max)
2023-07-05 13:43:28,663 [PipelineCommandHandlerThread-0] INFO  commandhandler.CreatePipelineCommandHandler (CreatePipelineCommandHandler.java:lambda$handle$2(124)) - Created Pipeline RATIS THREE PipelineID=2116bd38-657f-4bb2-b5cb-addf5938e3ab.
2023-07-05 13:43:28,682 [16068a4c-c2af-4cec-9eae-3ab2a53eaee7-groupManagement] INFO  server.RaftServer$Division (RaftServerImpl.java:<init>(198)) - 16068a4c-c2af-4cec-9eae-3ab2a53eaee7: new RaftServerImpl for group-68679A1BB53A:[16068a4c-c2af-4cec-9eae-3ab2a53eaee7|rpc:10.1.0.13:15129|admin:10.1.0.13:15128|client:10.1.0.13:15127|dataStream:10.1.0.13:15130|priority:1|startupRole:FOLLOWER] with ContainerStateMachine:uninitialized
2023-07-05 13:43:28,683 [16068a4c-c2af-4cec-9eae-3ab2a53eaee7-groupManagement] INFO  server.RaftServerConfigKeys (ConfUtils.java:logGet(46)) - raft.server.rpc.timeout.min = 5s (custom)
2023-07-05 13:43:28,683 [16068a4c-c2af-4cec-9eae-3ab2a53eaee7-groupManagement] INFO  server.RaftServerConfigKeys (ConfUtils.java:logGet(46)) - raft.server.rpc.timeout.max = 5200ms (custom)
2023-07-05 13:43:28,683 [16068a4c-c2af-4cec-9eae-3ab2a53eaee7-groupManagement] INFO  server.RaftServerConfigKeys (ConfUtils.java:logGet(46)) - raft.server.rpc.sleep.time = 25ms (default)
2023-07-05 13:43:28,683 [16068a4c-c2af-4cec-9eae-3ab2a53eaee7-groupManagement] INFO  server.RaftServerConfigKeys (ConfUtils.java:logGet(46)) - raft.server.rpc.slowness.timeout = 300s (custom)
2023-07-05 13:43:28,683 [16068a4c-c2af-4cec-9eae-3ab2a53eaee7-groupManagement] INFO  server.RaftServerConfigKeys (ConfUtils.java:logGet(46)) - raft.server.leaderelection.leader.step-down.wait-time = 10s (default)
2023-07-05 13:43:28,683 [16068a4c-c2af-4cec-9eae-3ab2a53eaee7-groupManagement] INFO  server.RaftServerConfigKeys (ConfUtils.java:logGet(46)) - raft.server.sleep.deviation.threshold = 300ms (default)
2023-07-05 13:43:28,683 [16068a4c-c2af-4cec-9eae-3ab2a53eaee7-groupManagement] INFO  server.RaftServer$Division (ServerState.java:<init>(120)) - 16068a4c-c2af-4cec-9eae-3ab2a53eaee7@group-68679A1BB53A: ConfigurationManager, init=-1: peers:[16068a4c-c2af-4cec-9eae-3ab2a53eaee7|rpc:10.1.0.13:15129|admin:10.1.0.13:15128|client:10.1.0.13:15127|dataStream:10.1.0.13:15130|priority:1|startupRole:FOLLOWER]|listeners:[], old=null, confs=<EMPTY_MAP>
2023-07-05 13:43:28,683 [16068a4c-c2af-4cec-9eae-3ab2a53eaee7-groupManagement] INFO  server.RaftServerConfigKeys (ConfUtils.java:logGet(46)) - raft.server.storage.dir = [/home/runner/work/ozone/ozone/hadoop-ozone/integration-test/target/test-dir/MiniOzoneClusterImpl-c098677b-f883-4488-a97e-c9984f4b1973/datanode-1/data/ratis] (custom)
2023-07-05 13:43:28,683 [16068a4c-c2af-4cec-9eae-3ab2a53eaee7-groupManagement] INFO  server.RaftServerConfigKeys (ConfUtils.java:logGet(46)) - raft.server.log.corruption.policy = EXCEPTION (default)
2023-07-05 13:43:28,683 [16068a4c-c2af-4cec-9eae-3ab2a53eaee7-groupManagement] INFO  server.RaftServerConfigKeys (ConfUtils.java:logGet(46)) - raft.server.storage.free-space.min = 0MB (=0) (default)
2023-07-05 13:43:28,683 [16068a4c-c2af-4cec-9eae-3ab2a53eaee7-groupManagement] INFO  server.RaftServerConfigKeys (ConfUtils.java:logGet(46)) - raft.server.notification.no-leader.timeout = 300s (custom)
2023-07-05 13:43:28,683 [16068a4c-c2af-4cec-9eae-3ab2a53eaee7-groupManagement] INFO  server.RaftServerConfigKeys (ConfUtils.java:logGet(46)) - raft.server.read.timeout = 10s (default)
2023-07-05 13:43:28,684 [16068a4c-c2af-4cec-9eae-3ab2a53eaee7-groupManagement] INFO  server.RaftServerConfigKeys (ConfUtils.java:logGet(46)) - raft.server.retrycache.expirytime = 600000ms (custom)
2023-07-05 13:43:28,684 [16068a4c-c2af-4cec-9eae-3ab2a53eaee7-groupManagement] INFO  server.RaftServerConfigKeys (ConfUtils.java:logGet(46)) - raft.server.retrycache.statistics.expirytime = 100μs (default)
2023-07-05 13:43:28,684 [16068a4c-c2af-4cec-9eae-3ab2a53eaee7-groupManagement] INFO  server.RaftServerConfigKeys (ConfUtils.java:logGet(46)) - raft.server.read.option = DEFAULT (default)
2023-07-05 13:43:28,684 [16068a4c-c2af-4cec-9eae-3ab2a53eaee7-groupManagement] INFO  server.RaftServerConfigKeys (ConfUtils.java:logGet(46)) - raft.server.rpc.request.timeout = 60s (custom)
2023-07-05 13:43:28,684 [16068a4c-c2af-4cec-9eae-3ab2a53eaee7-groupManagement] INFO  server.RaftServerConfigKeys (ConfUtils.java:logGet(46)) - raft.server.log.appender.install.snapshot.enabled = false (custom)
2023-07-05 13:43:28,684 [16068a4c-c2af-4cec-9eae-3ab2a53eaee7-groupManagement] INFO  server.RaftServerConfigKeys (ConfUtils.java:logGet(46)) - raft.server.threadpool.server.cached = true (default)
2023-07-05 13:43:28,684 [16068a4c-c2af-4cec-9eae-3ab2a53eaee7-groupManagement] INFO  server.RaftServerConfigKeys (ConfUtils.java:logGet(46)) - raft.server.threadpool.server.size = 0 (default)
2023-07-05 13:43:28,684 [16068a4c-c2af-4cec-9eae-3ab2a53eaee7-groupManagement] INFO  server.RaftServerConfigKeys (ConfUtils.java:logGet(46)) - raft.server.threadpool.client.cached = true (default)
2023-07-05 13:43:28,685 [16068a4c-c2af-4cec-9eae-3ab2a53eaee7-groupManagement] INFO  server.RaftServerConfigKeys (ConfUtils.java:logGet(46)) - raft.server.threadpool.client.size = 0 (default)
2023-07-05 13:43:28,686 [PipelineCommandHandlerThread-0] INFO  server.RaftServer (RaftServerProxy.java:addNew(98)) - 16068a4c-c2af-4cec-9eae-3ab2a53eaee7: addNew group-68679A1BB53A:[16068a4c-c2af-4cec-9eae-3ab2a53eaee7|rpc:10.1.0.13:15129|admin:10.1.0.13:15128|client:10.1.0.13:15127|dataStream:10.1.0.13:15130|priority:1|startupRole:FOLLOWER] returns      null 16068a4c-c2af-4cec-9eae-3ab2a53eaee7@group-68679A1BB53A:t0, leader=null, voted=null, raftlog=UNINITIALIZED, conf=-1: peers:[16068a4c-c2af-4cec-9eae-3ab2a53eaee7|rpc:10.1.0.13:15129|admin:10.1.0.13:15128|client:10.1.0.13:15127|dataStream:10.1.0.13:15130|priority:1|startupRole:FOLLOWER]|listeners:[], old=null NEW
2023-07-05 13:43:28,686 [16068a4c-c2af-4cec-9eae-3ab2a53eaee7-groupManagement] INFO  storage.RaftStorageDirectory (RaftStorageDirectoryImpl.java:analyzeStorage(137)) - The storage directory /home/runner/work/ozone/ozone/hadoop-ozone/integration-test/target/test-dir/MiniOzoneClusterImpl-c098677b-f883-4488-a97e-c9984f4b1973/datanode-1/data/ratis/129219a5-9911-4065-9ed2-68679a1bb53a does not exist. Creating ...
2023-07-05 13:43:28,688 [16068a4c-c2af-4cec-9eae-3ab2a53eaee7-groupManagement] INFO  storage.RaftStorageDirectory (RaftStorageDirectoryImpl.java:tryLock(231)) - Lock on /home/runner/work/ozone/ozone/hadoop-ozone/integration-test/target/test-dir/MiniOzoneClusterImpl-c098677b-f883-4488-a97e-c9984f4b1973/datanode-1/data/ratis/129219a5-9911-4065-9ed2-68679a1bb53a/in_use.lock acquired by nodename 25537@fv-az264-29
2023-07-05 13:43:28,690 [16068a4c-c2af-4cec-9eae-3ab2a53eaee7-groupManagement] INFO  storage.RaftStorage (RaftStorageImpl.java:format(96)) - Storage directory /home/runner/work/ozone/ozone/hadoop-ozone/integration-test/target/test-dir/MiniOzoneClusterImpl-c098677b-f883-4488-a97e-c9984f4b1973/datanode-1/data/ratis/129219a5-9911-4065-9ed2-68679a1bb53a has been successfully formatted.
2023-07-05 13:43:28,690 [16068a4c-c2af-4cec-9eae-3ab2a53eaee7-groupManagement] INFO  ratis.ContainerStateMachine (ContainerStateMachine.java:loadSnapshot(262)) - group-68679A1BB53A: The snapshot info is null. Setting the last applied indexto:(t:0, i:~)
2023-07-05 13:43:28,690 [16068a4c-c2af-4cec-9eae-3ab2a53eaee7-groupManagement] INFO  server.RaftServerConfigKeys (ConfUtils.java:logGet(46)) - raft.server.log.use.memory = false (default)
2023-07-05 13:43:28,690 [16068a4c-c2af-4cec-9eae-3ab2a53eaee7-groupManagement] INFO  server.RaftServerConfigKeys (ConfUtils.java:logGet(46)) - raft.server.log.purge.gap = 1000000 (custom)
2023-07-05 13:43:28,690 [16068a4c-c2af-4cec-9eae-3ab2a53eaee7-groupManagement] INFO  server.RaftServerConfigKeys (ConfUtils.java:logGet(46)) - raft.server.log.appender.buffer.byte-limit = 33554432 (custom)
2023-07-05 13:43:28,690 [16068a4c-c2af-4cec-9eae-3ab2a53eaee7-groupManagement] INFO  server.RaftServerConfigKeys (ConfUtils.java:logGet(46)) - raft.server.log.statemachine.data.read.timeout = 1000ms (default)
2023-07-05 13:43:28,690 [16068a4c-c2af-4cec-9eae-3ab2a53eaee7-groupManagement] INFO  server.RaftServerConfigKeys (ConfUtils.java:logGet(46)) - raft.server.log.purge.preservation.log.num = 0 (default)
2023-07-05 13:43:28,691 [16068a4c-c2af-4cec-9eae-3ab2a53eaee7-groupManagement] INFO  server.RaftServerConfigKeys (ConfUtils.java:logGet(46)) - raft.server.log.segment.size.max = 1048576 (custom)
2023-07-05 13:43:28,691 [16068a4c-c2af-4cec-9eae-3ab2a53eaee7-groupManagement] INFO  server.RaftServerConfigKeys (ConfUtils.java:logGet(46)) - raft.server.log.segment.cache.num.max = 2 (custom)
2023-07-05 13:43:28,691 [16068a4c-c2af-4cec-9eae-3ab2a53eaee7-groupManagement] INFO  server.RaftServerConfigKeys (ConfUtils.java:logGet(46)) - raft.server.log.segment.cache.size.max = 200MB (=209715200) (default)
2023-07-05 13:43:28,691 [16068a4c-c2af-4cec-9eae-3ab2a53eaee7-groupManagement] INFO  server.RaftServerConfigKeys (ConfUtils.java:logGet(46)) - raft.server.log.appender.buffer.byte-limit = 33554432 (custom)
2023-07-05 13:43:28,691 [16068a4c-c2af-4cec-9eae-3ab2a53eaee7-groupManagement] INFO  segmented.SegmentedRaftLogWorker (SegmentedRaftLogWorker.java:<init>(188)) - new 16068a4c-c2af-4cec-9eae-3ab2a53eaee7@group-68679A1BB53A-SegmentedRaftLogWorker for RaftStorageImpl:Storage Directory /home/runner/work/ozone/ozone/hadoop-ozone/integration-test/target/test-dir/MiniOzoneClusterImpl-c098677b-f883-4488-a97e-c9984f4b1973/datanode-1/data/ratis/129219a5-9911-4065-9ed2-68679a1bb53a
2023-07-05 13:43:28,691 [16068a4c-c2af-4cec-9eae-3ab2a53eaee7-groupManagement] INFO  server.RaftServerConfigKeys (ConfUtils.java:logGet(46)) - raft.server.log.queue.byte-limit = 4294967296 (custom)
2023-07-05 13:43:28,691 [16068a4c-c2af-4cec-9eae-3ab2a53eaee7-groupManagement] INFO  server.RaftServerConfigKeys (ConfUtils.java:logGet(46)) - raft.server.log.queue.element-limit = 1024 (custom)
2023-07-05 13:43:28,691 [16068a4c-c2af-4cec-9eae-3ab2a53eaee7-groupManagement] INFO  server.RaftServerConfigKeys (ConfUtils.java:logGet(46)) - raft.server.log.segment.size.max = 1048576 (custom)
2023-07-05 13:43:28,693 [16068a4c-c2af-4cec-9eae-3ab2a53eaee7-groupManagement] INFO  server.RaftServerConfigKeys (ConfUtils.java:logGet(46)) - raft.server.log.preallocated.size = 16384 (custom)
2023-07-05 13:43:28,693 [16068a4c-c2af-4cec-9eae-3ab2a53eaee7-groupManagement] INFO  server.RaftServerConfigKeys (ConfUtils.java:logGet(46)) - raft.server.log.force.sync.num = 128 (default)
2023-07-05 13:43:28,693 [16068a4c-c2af-4cec-9eae-3ab2a53eaee7-groupManagement] INFO  server.RaftServerConfigKeys (ConfUtils.java:logGet(46)) - raft.server.log.statemachine.data.sync = true (default)
2023-07-05 13:43:28,693 [16068a4c-c2af-4cec-9eae-3ab2a53eaee7-groupManagement] INFO  server.RaftServerConfigKeys (ConfUtils.java:logGet(46)) - raft.server.log.statemachine.data.sync.timeout = 10s (default)
2023-07-05 13:43:28,693 [16068a4c-c2af-4cec-9eae-3ab2a53eaee7-groupManagement] INFO  server.RaftServerConfigKeys (ConfUtils.java:logGet(46)) - raft.server.log.statemachine.data.sync.timeout.retry = -1 (default)
2023-07-05 13:43:28,693 [16068a4c-c2af-4cec-9eae-3ab2a53eaee7-groupManagement] INFO  server.RaftServerConfigKeys (ConfUtils.java:logGet(46)) - raft.server.log.write.buffer.size = 1048576 (custom)
2023-07-05 13:43:28,692 [EventQueue-PipelineReportForPipelineReportHandler] INFO  pipeline.PipelineReportHandler (PipelineReportHandler.java:processPipelineReport(136)) - Opened pipeline PipelineID=129219a5-9911-4065-9ed2-68679a1bb53a
2023-07-05 13:43:28,694 [EventQueue-OpenPipelineForHealthyPipelineSafeModeRule] INFO  safemode.SCMSafeModeManager (HealthyPipelineSafeModeRule.java:process(137)) - SCM in safe mode. Healthy pipelines reported count is 0, required healthy pipeline reported count is 1
2023-07-05 13:43:28,695 [16068a4c-c2af-4cec-9eae-3ab2a53eaee7-groupManagement] INFO  server.RaftServerConfigKeys (ConfUtils.java:logGet(46)) - raft.server.log.appender.buffer.byte-limit = 33554432 (custom)
2023-07-05 13:43:28,703 [16068a4c-c2af-4cec-9eae-3ab2a53eaee7-groupManagement] INFO  server.RaftServerConfigKeys (ConfUtils.java:logGet(46)) - raft.server.log.unsafe-flush.enabled = false (default)
2023-07-05 13:43:28,703 [16068a4c-c2af-4cec-9eae-3ab2a53eaee7-groupManagement] INFO  server.RaftServerConfigKeys (ConfUtils.java:logGet(46)) - raft.server.log.async-flush.enabled = false (default)
2023-07-05 13:43:28,704 [16068a4c-c2af-4cec-9eae-3ab2a53eaee7-groupManagement] INFO  server.RaftServerConfigKeys (ConfUtils.java:logGet(46)) - raft.server.log.statemachine.data.caching.enabled = true (custom)
2023-07-05 13:43:28,704 [16068a4c-c2af-4cec-9eae-3ab2a53eaee7-groupManagement] INFO  segmented.SegmentedRaftLogWorker (SegmentedRaftLogWorker.java:lambda$new$0(135)) - 16068a4c-c2af-4cec-9eae-3ab2a53eaee7@group-68679A1BB53A-SegmentedRaftLogWorker: flushIndex: setUnconditionally 0 -> -1
2023-07-05 13:43:28,704 [16068a4c-c2af-4cec-9eae-3ab2a53eaee7-groupManagement] INFO  segmented.SegmentedRaftLogWorker (SegmentedRaftLogWorker.java:lambda$new$0(135)) - 16068a4c-c2af-4cec-9eae-3ab2a53eaee7@group-68679A1BB53A-SegmentedRaftLogWorker: safeCacheEvictIndex: setUnconditionally 0 -> -1
2023-07-05 13:43:28,704 [16068a4c-c2af-4cec-9eae-3ab2a53eaee7-groupManagement] INFO  server.RaftServer$Division (RaftServerImpl.java:start(342)) - 16068a4c-c2af-4cec-9eae-3ab2a53eaee7@group-68679A1BB53A: start as a follower, conf=-1: peers:[16068a4c-c2af-4cec-9eae-3ab2a53eaee7|rpc:10.1.0.13:15129|admin:10.1.0.13:15128|client:10.1.0.13:15127|dataStream:10.1.0.13:15130|priority:1|startupRole:FOLLOWER]|listeners:[], old=null
2023-07-05 13:43:28,704 [16068a4c-c2af-4cec-9eae-3ab2a53eaee7-groupManagement] INFO  server.RaftServer$Division (RaftServerImpl.java:setRole(329)) - 16068a4c-c2af-4cec-9eae-3ab2a53eaee7@group-68679A1BB53A: changes role from      null to FOLLOWER at term 0 for startAsFollower
2023-07-05 13:43:28,704 [16068a4c-c2af-4cec-9eae-3ab2a53eaee7-groupManagement] INFO  impl.RoleInfo (RoleInfo.java:updateAndGet(139)) - 16068a4c-c2af-4cec-9eae-3ab2a53eaee7: start 16068a4c-c2af-4cec-9eae-3ab2a53eaee7@group-68679A1BB53A-FollowerState
2023-07-05 13:43:28,706 [16068a4c-c2af-4cec-9eae-3ab2a53eaee7-groupManagement] INFO  util.JmxRegister (JmxRegister.java:tryRegister(44)) - Successfully registered JMX Bean with object name Ratis:service=RaftServer,group=group-68679A1BB53A,id=16068a4c-c2af-4cec-9eae-3ab2a53eaee7
2023-07-05 13:43:28,706 [16068a4c-c2af-4cec-9eae-3ab2a53eaee7-groupManagement] INFO  server.RaftServerConfigKeys (ConfUtils.java:logGet(46)) - raft.server.snapshot.auto.trigger.enabled = true (custom)
2023-07-05 13:43:28,706 [16068a4c-c2af-4cec-9eae-3ab2a53eaee7-groupManagement] INFO  server.RaftServerConfigKeys (ConfUtils.java:logGet(46)) - raft.server.snapshot.auto.trigger.threshold = 10000 (custom)
2023-07-05 13:43:28,706 [16068a4c-c2af-4cec-9eae-3ab2a53eaee7-groupManagement] INFO  server.RaftServerConfigKeys (ConfUtils.java:logGet(46)) - raft.server.snapshot.retention.file.num = 5 (custom)
2023-07-05 13:43:28,706 [16068a4c-c2af-4cec-9eae-3ab2a53eaee7-groupManagement] INFO  server.RaftServerConfigKeys (ConfUtils.java:logGet(46)) - raft.server.log.purge.upto.snapshot.index = false (default)
2023-07-05 13:43:28,707 [16068a4c-c2af-4cec-9eae-3ab2a53eaee7@group-68679A1BB53A-FollowerState] INFO  server.RaftServerConfigKeys (ConfUtils.java:logFallback(53)) - raft.server.rpc.first-election.timeout.min = 5s (fallback to raft.server.rpc.timeout.min)
2023-07-05 13:43:28,707 [16068a4c-c2af-4cec-9eae-3ab2a53eaee7@group-68679A1BB53A-FollowerState] INFO  server.RaftServerConfigKeys (ConfUtils.java:logFallback(53)) - raft.server.rpc.first-election.timeout.max = 5200ms (fallback to raft.server.rpc.timeout.max)
2023-07-05 13:43:28,710 [PipelineCommandHandlerThread-0] INFO  ratis.XceiverServerRatis (XceiverServerRatis.java:addGroup(804)) - Created group PipelineID=129219a5-9911-4065-9ed2-68679a1bb53a
2023-07-05 13:43:28,710 [PipelineCommandHandlerThread-0] INFO  commandhandler.CreatePipelineCommandHandler (CreatePipelineCommandHandler.java:lambda$handle$2(124)) - Created Pipeline RATIS ONE PipelineID=129219a5-9911-4065-9ed2-68679a1bb53a.
2023-07-05 13:43:28,798 [Time-limited test] INFO  ozone.MiniOzoneClusterImpl (MiniOzoneClusterImpl.java:lambda$waitForClusterToBeReady$0(224)) - Nodes are ready. Got 5 of 5 DN Heartbeats.
2023-07-05 13:43:28,798 [Time-limited test] INFO  ozone.MiniOzoneClusterImpl (MiniOzoneClusterImpl.java:lambda$waitForClusterToBeReady$0(227)) - Waiting for cluster to exit safe mode
2023-07-05 13:43:28,798 [Time-limited test] INFO  ozone.MiniOzoneClusterImpl (MiniOzoneClusterImpl.java:lambda$waitForClusterToBeReady$0(229)) - SCM became leader
2023-07-05 13:43:28,992 [ReplicationMonitor] INFO  replication.ReplicationManager (ReplicationManager.java:processAll(361)) - Replication Manager is not ready to run until 3000ms after safemode exit
2023-07-05 13:43:29,100 [PipelineCommandHandlerThread-0] INFO  server.RaftServer (RaftServerProxy.java:addNew(98)) - 3a238b95-76ec-4438-89aa-518182fac512: addNew group-1BEF81DCC401:[3a238b95-76ec-4438-89aa-518182fac512|rpc:10.1.0.13:15138|admin:10.1.0.13:15137|client:10.1.0.13:15136|dataStream:10.1.0.13:15139|priority:1|startupRole:FOLLOWER] returns group-1BEF81DCC401:java.util.concurrent.CompletableFuture@17cace9d[Not completed]
2023-07-05 13:43:29,101 [3a238b95-76ec-4438-89aa-518182fac512-groupManagement] INFO  server.RaftServer$Division (RaftServerImpl.java:<init>(198)) - 3a238b95-76ec-4438-89aa-518182fac512: new RaftServerImpl for group-1BEF81DCC401:[3a238b95-76ec-4438-89aa-518182fac512|rpc:10.1.0.13:15138|admin:10.1.0.13:15137|client:10.1.0.13:15136|dataStream:10.1.0.13:15139|priority:1|startupRole:FOLLOWER] with ContainerStateMachine:uninitialized
2023-07-05 13:43:29,101 [3a238b95-76ec-4438-89aa-518182fac512-groupManagement] INFO  server.RaftServerConfigKeys (ConfUtils.java:logGet(46)) - raft.server.rpc.timeout.min = 5s (custom)
2023-07-05 13:43:29,101 [3a238b95-76ec-4438-89aa-518182fac512-groupManagement] INFO  server.RaftServerConfigKeys (ConfUtils.java:logGet(46)) - raft.server.rpc.timeout.max = 5200ms (custom)
2023-07-05 13:43:29,101 [3a238b95-76ec-4438-89aa-518182fac512-groupManagement] INFO  server.RaftServerConfigKeys (ConfUtils.java:logGet(46)) - raft.server.rpc.sleep.time = 25ms (default)
2023-07-05 13:43:29,101 [3a238b95-76ec-4438-89aa-518182fac512-groupManagement] INFO  server.RaftServerConfigKeys (ConfUtils.java:logGet(46)) - raft.server.rpc.slowness.timeout = 300s (custom)
2023-07-05 13:43:29,101 [3a238b95-76ec-4438-89aa-518182fac512-groupManagement] INFO  server.RaftServerConfigKeys (ConfUtils.java:logGet(46)) - raft.server.leaderelection.leader.step-down.wait-time = 10s (default)
2023-07-05 13:43:29,101 [3a238b95-76ec-4438-89aa-518182fac512-groupManagement] INFO  server.RaftServerConfigKeys (ConfUtils.java:logGet(46)) - raft.server.sleep.deviation.threshold = 300ms (default)
2023-07-05 13:43:29,101 [3a238b95-76ec-4438-89aa-518182fac512-groupManagement] INFO  server.RaftServer$Division (ServerState.java:<init>(120)) - 3a238b95-76ec-4438-89aa-518182fac512@group-1BEF81DCC401: ConfigurationManager, init=-1: peers:[3a238b95-76ec-4438-89aa-518182fac512|rpc:10.1.0.13:15138|admin:10.1.0.13:15137|client:10.1.0.13:15136|dataStream:10.1.0.13:15139|priority:1|startupRole:FOLLOWER]|listeners:[], old=null, confs=<EMPTY_MAP>
2023-07-05 13:43:29,101 [3a238b95-76ec-4438-89aa-518182fac512-groupManagement] INFO  server.RaftServerConfigKeys (ConfUtils.java:logGet(46)) - raft.server.storage.dir = [/home/runner/work/ozone/ozone/hadoop-ozone/integration-test/target/test-dir/MiniOzoneClusterImpl-c098677b-f883-4488-a97e-c9984f4b1973/datanode-2/data/ratis] (custom)
2023-07-05 13:43:29,101 [3a238b95-76ec-4438-89aa-518182fac512-groupManagement] INFO  server.RaftServerConfigKeys (ConfUtils.java:logGet(46)) - raft.server.log.corruption.policy = EXCEPTION (default)
2023-07-05 13:43:29,101 [3a238b95-76ec-4438-89aa-518182fac512-groupManagement] INFO  server.RaftServerConfigKeys (ConfUtils.java:logGet(46)) - raft.server.storage.free-space.min = 0MB (=0) (default)
2023-07-05 13:43:29,101 [3a238b95-76ec-4438-89aa-518182fac512-groupManagement] INFO  server.RaftServerConfigKeys (ConfUtils.java:logGet(46)) - raft.server.notification.no-leader.timeout = 300s (custom)
2023-07-05 13:43:29,102 [3a238b95-76ec-4438-89aa-518182fac512-groupManagement] INFO  server.RaftServerConfigKeys (ConfUtils.java:logGet(46)) - raft.server.read.timeout = 10s (default)
2023-07-05 13:43:29,102 [3a238b95-76ec-4438-89aa-518182fac512-groupManagement] INFO  server.RaftServerConfigKeys (ConfUtils.java:logGet(46)) - raft.server.retrycache.expirytime = 600000ms (custom)
2023-07-05 13:43:29,102 [3a238b95-76ec-4438-89aa-518182fac512-groupManagement] INFO  server.RaftServerConfigKeys (ConfUtils.java:logGet(46)) - raft.server.retrycache.statistics.expirytime = 100μs (default)
2023-07-05 13:43:29,102 [3a238b95-76ec-4438-89aa-518182fac512-groupManagement] INFO  server.RaftServerConfigKeys (ConfUtils.java:logGet(46)) - raft.server.read.option = DEFAULT (default)
2023-07-05 13:43:29,103 [3a238b95-76ec-4438-89aa-518182fac512-groupManagement] INFO  server.RaftServerConfigKeys (ConfUtils.java:logGet(46)) - raft.server.rpc.request.timeout = 60s (custom)
2023-07-05 13:43:29,103 [3a238b95-76ec-4438-89aa-518182fac512-groupManagement] INFO  server.RaftServerConfigKeys (ConfUtils.java:logGet(46)) - raft.server.log.appender.install.snapshot.enabled = false (custom)
2023-07-05 13:43:29,103 [3a238b95-76ec-4438-89aa-518182fac512-groupManagement] INFO  server.RaftServerConfigKeys (ConfUtils.java:logGet(46)) - raft.server.threadpool.server.cached = true (default)
2023-07-05 13:43:29,103 [3a238b95-76ec-4438-89aa-518182fac512-groupManagement] INFO  server.RaftServerConfigKeys (ConfUtils.java:logGet(46)) - raft.server.threadpool.server.size = 0 (default)
2023-07-05 13:43:29,103 [3a238b95-76ec-4438-89aa-518182fac512-groupManagement] INFO  server.RaftServerConfigKeys (ConfUtils.java:logGet(46)) - raft.server.threadpool.client.cached = true (default)
2023-07-05 13:43:29,103 [3a238b95-76ec-4438-89aa-518182fac512-groupManagement] INFO  server.RaftServerConfigKeys (ConfUtils.java:logGet(46)) - raft.server.threadpool.client.size = 0 (default)
2023-07-05 13:43:29,103 [3a238b95-76ec-4438-89aa-518182fac512-groupManagement] INFO  storage.RaftStorageDirectory (RaftStorageDirectoryImpl.java:analyzeStorage(137)) - The storage directory /home/runner/work/ozone/ozone/hadoop-ozone/integration-test/target/test-dir/MiniOzoneClusterImpl-c098677b-f883-4488-a97e-c9984f4b1973/datanode-2/data/ratis/a576a163-71d4-47f1-9d0d-1bef81dcc401 does not exist. Creating ...
2023-07-05 13:43:29,105 [3a238b95-76ec-4438-89aa-518182fac512-groupManagement] INFO  storage.RaftStorageDirectory (RaftStorageDirectoryImpl.java:tryLock(231)) - Lock on /home/runner/work/ozone/ozone/hadoop-ozone/integration-test/target/test-dir/MiniOzoneClusterImpl-c098677b-f883-4488-a97e-c9984f4b1973/datanode-2/data/ratis/a576a163-71d4-47f1-9d0d-1bef81dcc401/in_use.lock acquired by nodename 25537@fv-az264-29
2023-07-05 13:43:29,106 [3a238b95-76ec-4438-89aa-518182fac512-groupManagement] INFO  storage.RaftStorage (RaftStorageImpl.java:format(96)) - Storage directory /home/runner/work/ozone/ozone/hadoop-ozone/integration-test/target/test-dir/MiniOzoneClusterImpl-c098677b-f883-4488-a97e-c9984f4b1973/datanode-2/data/ratis/a576a163-71d4-47f1-9d0d-1bef81dcc401 has been successfully formatted.
2023-07-05 13:43:29,107 [3a238b95-76ec-4438-89aa-518182fac512-groupManagement] INFO  ratis.ContainerStateMachine (ContainerStateMachine.java:loadSnapshot(262)) - group-1BEF81DCC401: The snapshot info is null. Setting the last applied indexto:(t:0, i:~)
2023-07-05 13:43:29,108 [3a238b95-76ec-4438-89aa-518182fac512-groupManagement] INFO  server.RaftServerConfigKeys (ConfUtils.java:logGet(46)) - raft.server.log.use.memory = false (default)
2023-07-05 13:43:29,108 [3a238b95-76ec-4438-89aa-518182fac512-groupManagement] INFO  server.RaftServerConfigKeys (ConfUtils.java:logGet(46)) - raft.server.log.purge.gap = 1000000 (custom)
2023-07-05 13:43:29,108 [3a238b95-76ec-4438-89aa-518182fac512-groupManagement] INFO  server.RaftServerConfigKeys (ConfUtils.java:logGet(46)) - raft.server.log.appender.buffer.byte-limit = 33554432 (custom)
2023-07-05 13:43:29,108 [3a238b95-76ec-4438-89aa-518182fac512-groupManagement] INFO  server.RaftServerConfigKeys (ConfUtils.java:logGet(46)) - raft.server.log.statemachine.data.read.timeout = 1000ms (default)
2023-07-05 13:43:29,108 [3a238b95-76ec-4438-89aa-518182fac512-groupManagement] INFO  server.RaftServerConfigKeys (ConfUtils.java:logGet(46)) - raft.server.log.purge.preservation.log.num = 0 (default)
2023-07-05 13:43:29,108 [3a238b95-76ec-4438-89aa-518182fac512-groupManagement] INFO  server.RaftServerConfigKeys (ConfUtils.java:logGet(46)) - raft.server.log.segment.size.max = 1048576 (custom)
2023-07-05 13:43:29,109 [3a238b95-76ec-4438-89aa-518182fac512-groupManagement] INFO  server.RaftServerConfigKeys (ConfUtils.java:logGet(46)) - raft.server.log.segment.cache.num.max = 2 (custom)
2023-07-05 13:43:29,109 [3a238b95-76ec-4438-89aa-518182fac512-groupManagement] INFO  server.RaftServerConfigKeys (ConfUtils.java:logGet(46)) - raft.server.log.segment.cache.size.max = 200MB (=209715200) (default)
2023-07-05 13:43:29,109 [3a238b95-76ec-4438-89aa-518182fac512-groupManagement] INFO  server.RaftServerConfigKeys (ConfUtils.java:logGet(46)) - raft.server.log.appender.buffer.byte-limit = 33554432 (custom)
2023-07-05 13:43:29,109 [3a238b95-76ec-4438-89aa-518182fac512-groupManagement] INFO  segmented.SegmentedRaftLogWorker (SegmentedRaftLogWorker.java:<init>(188)) - new 3a238b95-76ec-4438-89aa-518182fac512@group-1BEF81DCC401-SegmentedRaftLogWorker for RaftStorageImpl:Storage Directory /home/runner/work/ozone/ozone/hadoop-ozone/integration-test/target/test-dir/MiniOzoneClusterImpl-c098677b-f883-4488-a97e-c9984f4b1973/datanode-2/data/ratis/a576a163-71d4-47f1-9d0d-1bef81dcc401
2023-07-05 13:43:29,109 [3a238b95-76ec-4438-89aa-518182fac512-groupManagement] INFO  server.RaftServerConfigKeys (ConfUtils.java:logGet(46)) - raft.server.log.queue.byte-limit = 4294967296 (custom)
2023-07-05 13:43:29,109 [3a238b95-76ec-4438-89aa-518182fac512-groupManagement] INFO  server.RaftServerConfigKeys (ConfUtils.java:logGet(46)) - raft.server.log.queue.element-limit = 1024 (custom)
2023-07-05 13:43:29,109 [3a238b95-76ec-4438-89aa-518182fac512-groupManagement] INFO  server.RaftServerConfigKeys (ConfUtils.java:logGet(46)) - raft.server.log.segment.size.max = 1048576 (custom)
2023-07-05 13:43:29,109 [EventQueue-PipelineReportForPipelineReportHandler] INFO  pipeline.PipelineReportHandler (PipelineReportHandler.java:processPipelineReport(136)) - Opened pipeline PipelineID=a576a163-71d4-47f1-9d0d-1bef81dcc401
2023-07-05 13:43:29,109 [3a238b95-76ec-4438-89aa-518182fac512-groupManagement] INFO  server.RaftServerConfigKeys (ConfUtils.java:logGet(46)) - raft.server.log.preallocated.size = 16384 (custom)
2023-07-05 13:43:29,109 [EventQueue-OpenPipelineForHealthyPipelineSafeModeRule] INFO  safemode.SCMSafeModeManager (HealthyPipelineSafeModeRule.java:process(137)) - SCM in safe mode. Healthy pipelines reported count is 0, required healthy pipeline reported count is 1
2023-07-05 13:43:29,110 [3a238b95-76ec-4438-89aa-518182fac512-groupManagement] INFO  server.RaftServerConfigKeys (ConfUtils.java:logGet(46)) - raft.server.log.force.sync.num = 128 (default)
2023-07-05 13:43:29,110 [3a238b95-76ec-4438-89aa-518182fac512-groupManagement] INFO  server.RaftServerConfigKeys (ConfUtils.java:logGet(46)) - raft.server.log.statemachine.data.sync = true (default)
2023-07-05 13:43:29,110 [3a238b95-76ec-4438-89aa-518182fac512-groupManagement] INFO  server.RaftServerConfigKeys (ConfUtils.java:logGet(46)) - raft.server.log.statemachine.data.sync.timeout = 10s (default)
2023-07-05 13:43:29,110 [3a238b95-76ec-4438-89aa-518182fac512-groupManagement] INFO  server.RaftServerConfigKeys (ConfUtils.java:logGet(46)) - raft.server.log.statemachine.data.sync.timeout.retry = -1 (default)
2023-07-05 13:43:29,110 [3a238b95-76ec-4438-89aa-518182fac512-groupManagement] INFO  server.RaftServerConfigKeys (ConfUtils.java:logGet(46)) - raft.server.log.write.buffer.size = 1048576 (custom)
2023-07-05 13:43:29,111 [3a238b95-76ec-4438-89aa-518182fac512-groupManagement] INFO  server.RaftServerConfigKeys (ConfUtils.java:logGet(46)) - raft.server.log.appender.buffer.byte-limit = 33554432 (custom)
2023-07-05 13:43:29,116 [3a238b95-76ec-4438-89aa-518182fac512-groupManagement] INFO  server.RaftServerConfigKeys (ConfUtils.java:logGet(46)) - raft.server.log.unsafe-flush.enabled = false (default)
2023-07-05 13:43:29,116 [3a238b95-76ec-4438-89aa-518182fac512-groupManagement] INFO  server.RaftServerConfigKeys (ConfUtils.java:logGet(46)) - raft.server.log.async-flush.enabled = false (default)
2023-07-05 13:43:29,116 [3a238b95-76ec-4438-89aa-518182fac512-groupManagement] INFO  server.RaftServerConfigKeys (ConfUtils.java:logGet(46)) - raft.server.log.statemachine.data.caching.enabled = true (custom)
2023-07-05 13:43:29,117 [3a238b95-76ec-4438-89aa-518182fac512-groupManagement] INFO  segmented.SegmentedRaftLogWorker (SegmentedRaftLogWorker.java:lambda$new$0(135)) - 3a238b95-76ec-4438-89aa-518182fac512@group-1BEF81DCC401-SegmentedRaftLogWorker: flushIndex: setUnconditionally 0 -> -1
2023-07-05 13:43:29,117 [3a238b95-76ec-4438-89aa-518182fac512-groupManagement] INFO  segmented.SegmentedRaftLogWorker (SegmentedRaftLogWorker.java:lambda$new$0(135)) - 3a238b95-76ec-4438-89aa-518182fac512@group-1BEF81DCC401-SegmentedRaftLogWorker: safeCacheEvictIndex: setUnconditionally 0 -> -1
2023-07-05 13:43:29,117 [3a238b95-76ec-4438-89aa-518182fac512-groupManagement] INFO  server.RaftServer$Division (RaftServerImpl.java:start(342)) - 3a238b95-76ec-4438-89aa-518182fac512@group-1BEF81DCC401: start as a follower, conf=-1: peers:[3a238b95-76ec-4438-89aa-518182fac512|rpc:10.1.0.13:15138|admin:10.1.0.13:15137|client:10.1.0.13:15136|dataStream:10.1.0.13:15139|priority:1|startupRole:FOLLOWER]|listeners:[], old=null
2023-07-05 13:43:29,117 [3a238b95-76ec-4438-89aa-518182fac512-groupManagement] INFO  server.RaftServer$Division (RaftServerImpl.java:setRole(329)) - 3a238b95-76ec-4438-89aa-518182fac512@group-1BEF81DCC401: changes role from      null to FOLLOWER at term 0 for startAsFollower
2023-07-05 13:43:29,117 [3a238b95-76ec-4438-89aa-518182fac512-groupManagement] INFO  impl.RoleInfo (RoleInfo.java:updateAndGet(139)) - 3a238b95-76ec-4438-89aa-518182fac512: start 3a238b95-76ec-4438-89aa-518182fac512@group-1BEF81DCC401-FollowerState
2023-07-05 13:43:29,117 [3a238b95-76ec-4438-89aa-518182fac512@group-1BEF81DCC401-FollowerState] INFO  server.RaftServerConfigKeys (ConfUtils.java:logFallback(53)) - raft.server.rpc.first-election.timeout.min = 5s (fallback to raft.server.rpc.timeout.min)
2023-07-05 13:43:29,117 [3a238b95-76ec-4438-89aa-518182fac512@group-1BEF81DCC401-FollowerState] INFO  server.RaftServerConfigKeys (ConfUtils.java:logFallback(53)) - raft.server.rpc.first-election.timeout.max = 5200ms (fallback to raft.server.rpc.timeout.max)
2023-07-05 13:43:29,118 [3a238b95-76ec-4438-89aa-518182fac512-groupManagement] INFO  util.JmxRegister (JmxRegister.java:tryRegister(44)) - Successfully registered JMX Bean with object name Ratis:service=RaftServer,group=group-1BEF81DCC401,id=3a238b95-76ec-4438-89aa-518182fac512
2023-07-05 13:43:29,118 [3a238b95-76ec-4438-89aa-518182fac512-groupManagement] INFO  server.RaftServerConfigKeys (ConfUtils.java:logGet(46)) - raft.server.snapshot.auto.trigger.enabled = true (custom)
2023-07-05 13:43:29,118 [3a238b95-76ec-4438-89aa-518182fac512-groupManagement] INFO  server.RaftServerConfigKeys (ConfUtils.java:logGet(46)) - raft.server.snapshot.auto.trigger.threshold = 10000 (custom)
2023-07-05 13:43:29,118 [3a238b95-76ec-4438-89aa-518182fac512-groupManagement] INFO  server.RaftServerConfigKeys (ConfUtils.java:logGet(46)) - raft.server.snapshot.retention.file.num = 5 (custom)
2023-07-05 13:43:29,118 [3a238b95-76ec-4438-89aa-518182fac512-groupManagement] INFO  server.RaftServerConfigKeys (ConfUtils.java:logGet(46)) - raft.server.log.purge.upto.snapshot.index = false (default)
2023-07-05 13:43:29,119 [PipelineCommandHandlerThread-0] INFO  ratis.XceiverServerRatis (XceiverServerRatis.java:addGroup(804)) - Created group PipelineID=a576a163-71d4-47f1-9d0d-1bef81dcc401
2023-07-05 13:43:29,119 [PipelineCommandHandlerThread-0] INFO  commandhandler.CreatePipelineCommandHandler (CreatePipelineCommandHandler.java:lambda$handle$2(124)) - Created Pipeline RATIS ONE PipelineID=a576a163-71d4-47f1-9d0d-1bef81dcc401.
2023-07-05 13:43:29,470 [PipelineCommandHandlerThread-0] INFO  server.RaftServer (RaftServerProxy.java:addNew(98)) - 7df8e922-d468-4b37-8758-318e891131cb: addNew group-C9A822D04349:[7df8e922-d468-4b37-8758-318e891131cb|rpc:10.1.0.13:15147|admin:10.1.0.13:15146|client:10.1.0.13:15145|dataStream:10.1.0.13:15148|priority:1|startupRole:FOLLOWER] returns group-C9A822D04349:java.util.concurrent.CompletableFuture@745c6e4f[Not completed]
2023-07-05 13:43:29,472 [7df8e922-d468-4b37-8758-318e891131cb-groupManagement] INFO  server.RaftServer$Division (RaftServerImpl.java:<init>(198)) - 7df8e922-d468-4b37-8758-318e891131cb: new RaftServerImpl for group-C9A822D04349:[7df8e922-d468-4b37-8758-318e891131cb|rpc:10.1.0.13:15147|admin:10.1.0.13:15146|client:10.1.0.13:15145|dataStream:10.1.0.13:15148|priority:1|startupRole:FOLLOWER] with ContainerStateMachine:uninitialized
2023-07-05 13:43:29,472 [7df8e922-d468-4b37-8758-318e891131cb-groupManagement] INFO  server.RaftServerConfigKeys (ConfUtils.java:logGet(46)) - raft.server.rpc.timeout.min = 5s (custom)
2023-07-05 13:43:29,472 [7df8e922-d468-4b37-8758-318e891131cb-groupManagement] INFO  server.RaftServerConfigKeys (ConfUtils.java:logGet(46)) - raft.server.rpc.timeout.max = 5200ms (custom)
2023-07-05 13:43:29,472 [7df8e922-d468-4b37-8758-318e891131cb-groupManagement] INFO  server.RaftServerConfigKeys (ConfUtils.java:logGet(46)) - raft.server.rpc.sleep.time = 25ms (default)
2023-07-05 13:43:29,472 [7df8e922-d468-4b37-8758-318e891131cb-groupManagement] INFO  server.RaftServerConfigKeys (ConfUtils.java:logGet(46)) - raft.server.rpc.slowness.timeout = 300s (custom)
2023-07-05 13:43:29,472 [7df8e922-d468-4b37-8758-318e891131cb-groupManagement] INFO  server.RaftServerConfigKeys (ConfUtils.java:logGet(46)) - raft.server.leaderelection.leader.step-down.wait-time = 10s (default)
2023-07-05 13:43:29,472 [7df8e922-d468-4b37-8758-318e891131cb-groupManagement] INFO  server.RaftServerConfigKeys (ConfUtils.java:logGet(46)) - raft.server.sleep.deviation.threshold = 300ms (default)
2023-07-05 13:43:29,472 [7df8e922-d468-4b37-8758-318e891131cb-groupManagement] INFO  server.RaftServer$Division (ServerState.java:<init>(120)) - 7df8e922-d468-4b37-8758-318e891131cb@group-C9A822D04349: ConfigurationManager, init=-1: peers:[7df8e922-d468-4b37-8758-318e891131cb|rpc:10.1.0.13:15147|admin:10.1.0.13:15146|client:10.1.0.13:15145|dataStream:10.1.0.13:15148|priority:1|startupRole:FOLLOWER]|listeners:[], old=null, confs=<EMPTY_MAP>
2023-07-05 13:43:29,472 [7df8e922-d468-4b37-8758-318e891131cb-groupManagement] INFO  server.RaftServerConfigKeys (ConfUtils.java:logGet(46)) - raft.server.storage.dir = [/home/runner/work/ozone/ozone/hadoop-ozone/integration-test/target/test-dir/MiniOzoneClusterImpl-c098677b-f883-4488-a97e-c9984f4b1973/datanode-3/data/ratis] (custom)
2023-07-05 13:43:29,473 [7df8e922-d468-4b37-8758-318e891131cb-groupManagement] INFO  server.RaftServerConfigKeys (ConfUtils.java:logGet(46)) - raft.server.log.corruption.policy = EXCEPTION (default)
2023-07-05 13:43:29,473 [7df8e922-d468-4b37-8758-318e891131cb-groupManagement] INFO  server.RaftServerConfigKeys (ConfUtils.java:logGet(46)) - raft.server.storage.free-space.min = 0MB (=0) (default)
2023-07-05 13:43:29,473 [7df8e922-d468-4b37-8758-318e891131cb-groupManagement] INFO  server.RaftServerConfigKeys (ConfUtils.java:logGet(46)) - raft.server.notification.no-leader.timeout = 300s (custom)
2023-07-05 13:43:29,473 [7df8e922-d468-4b37-8758-318e891131cb-groupManagement] INFO  server.RaftServerConfigKeys (ConfUtils.java:logGet(46)) - raft.server.read.timeout = 10s (default)
2023-07-05 13:43:29,473 [7df8e922-d468-4b37-8758-318e891131cb-groupManagement] INFO  server.RaftServerConfigKeys (ConfUtils.java:logGet(46)) - raft.server.retrycache.expirytime = 600000ms (custom)
2023-07-05 13:43:29,473 [7df8e922-d468-4b37-8758-318e891131cb-groupManagement] INFO  server.RaftServerConfigKeys (ConfUtils.java:logGet(46)) - raft.server.retrycache.statistics.expirytime = 100μs (default)
2023-07-05 13:43:29,473 [7df8e922-d468-4b37-8758-318e891131cb-groupManagement] INFO  server.RaftServerConfigKeys (ConfUtils.java:logGet(46)) - raft.server.read.option = DEFAULT (default)
2023-07-05 13:43:29,474 [7df8e922-d468-4b37-8758-318e891131cb-groupManagement] INFO  server.RaftServerConfigKeys (ConfUtils.java:logGet(46)) - raft.server.rpc.request.timeout = 60s (custom)
2023-07-05 13:43:29,474 [7df8e922-d468-4b37-8758-318e891131cb-groupManagement] INFO  server.RaftServerConfigKeys (ConfUtils.java:logGet(46)) - raft.server.log.appender.install.snapshot.enabled = false (custom)
2023-07-05 13:43:29,474 [7df8e922-d468-4b37-8758-318e891131cb-groupManagement] INFO  server.RaftServerConfigKeys (ConfUtils.java:logGet(46)) - raft.server.threadpool.server.cached = true (default)
2023-07-05 13:43:29,474 [7df8e922-d468-4b37-8758-318e891131cb-groupManagement] INFO  server.RaftServerConfigKeys (ConfUtils.java:logGet(46)) - raft.server.threadpool.server.size = 0 (default)
2023-07-05 13:43:29,474 [7df8e922-d468-4b37-8758-318e891131cb-groupManagement] INFO  server.RaftServerConfigKeys (ConfUtils.java:logGet(46)) - raft.server.threadpool.client.cached = true (default)
2023-07-05 13:43:29,474 [7df8e922-d468-4b37-8758-318e891131cb-groupManagement] INFO  server.RaftServerConfigKeys (ConfUtils.java:logGet(46)) - raft.server.threadpool.client.size = 0 (default)
2023-07-05 13:43:29,474 [7df8e922-d468-4b37-8758-318e891131cb-groupManagement] INFO  storage.RaftStorageDirectory (RaftStorageDirectoryImpl.java:analyzeStorage(137)) - The storage directory /home/runner/work/ozone/ozone/hadoop-ozone/integration-test/target/test-dir/MiniOzoneClusterImpl-c098677b-f883-4488-a97e-c9984f4b1973/datanode-3/data/ratis/f6b5def1-ec34-4a79-ab7a-c9a822d04349 does not exist. Creating ...
2023-07-05 13:43:29,476 [7df8e922-d468-4b37-8758-318e891131cb-groupManagement] INFO  storage.RaftStorageDirectory (RaftStorageDirectoryImpl.java:tryLock(231)) - Lock on /home/runner/work/ozone/ozone/hadoop-ozone/integration-test/target/test-dir/MiniOzoneClusterImpl-c098677b-f883-4488-a97e-c9984f4b1973/datanode-3/data/ratis/f6b5def1-ec34-4a79-ab7a-c9a822d04349/in_use.lock acquired by nodename 25537@fv-az264-29
2023-07-05 13:43:29,477 [7df8e922-d468-4b37-8758-318e891131cb-groupManagement] INFO  storage.RaftStorage (RaftStorageImpl.java:format(96)) - Storage directory /home/runner/work/ozone/ozone/hadoop-ozone/integration-test/target/test-dir/MiniOzoneClusterImpl-c098677b-f883-4488-a97e-c9984f4b1973/datanode-3/data/ratis/f6b5def1-ec34-4a79-ab7a-c9a822d04349 has been successfully formatted.
2023-07-05 13:43:29,479 [7df8e922-d468-4b37-8758-318e891131cb-groupManagement] INFO  ratis.ContainerStateMachine (ContainerStateMachine.java:loadSnapshot(262)) - group-C9A822D04349: The snapshot info is null. Setting the last applied indexto:(t:0, i:~)
2023-07-05 13:43:29,479 [7df8e922-d468-4b37-8758-318e891131cb-groupManagement] INFO  server.RaftServerConfigKeys (ConfUtils.java:logGet(46)) - raft.server.log.use.memory = false (default)
2023-07-05 13:43:29,479 [7df8e922-d468-4b37-8758-318e891131cb-groupManagement] INFO  server.RaftServerConfigKeys (ConfUtils.java:logGet(46)) - raft.server.log.purge.gap = 1000000 (custom)
2023-07-05 13:43:29,479 [7df8e922-d468-4b37-8758-318e891131cb-groupManagement] INFO  server.RaftServerConfigKeys (ConfUtils.java:logGet(46)) - raft.server.log.appender.buffer.byte-limit = 33554432 (custom)
2023-07-05 13:43:29,479 [7df8e922-d468-4b37-8758-318e891131cb-groupManagement] INFO  server.RaftServerConfigKeys (ConfUtils.java:logGet(46)) - raft.server.log.statemachine.data.read.timeout = 1000ms (default)
2023-07-05 13:43:29,479 [7df8e922-d468-4b37-8758-318e891131cb-groupManagement] INFO  server.RaftServerConfigKeys (ConfUtils.java:logGet(46)) - raft.server.log.purge.preservation.log.num = 0 (default)
2023-07-05 13:43:29,479 [7df8e922-d468-4b37-8758-318e891131cb-groupManagement] INFO  server.RaftServerConfigKeys (ConfUtils.java:logGet(46)) - raft.server.log.segment.size.max = 1048576 (custom)
2023-07-05 13:43:29,480 [7df8e922-d468-4b37-8758-318e891131cb-groupManagement] INFO  server.RaftServerConfigKeys (ConfUtils.java:logGet(46)) - raft.server.log.segment.cache.num.max = 2 (custom)
2023-07-05 13:43:29,480 [7df8e922-d468-4b37-8758-318e891131cb-groupManagement] INFO  server.RaftServerConfigKeys (ConfUtils.java:logGet(46)) - raft.server.log.segment.cache.size.max = 200MB (=209715200) (default)
2023-07-05 13:43:29,480 [EventQueue-PipelineReportForPipelineReportHandler] INFO  pipeline.PipelineReportHandler (PipelineReportHandler.java:processPipelineReport(136)) - Opened pipeline PipelineID=f6b5def1-ec34-4a79-ab7a-c9a822d04349
2023-07-05 13:43:29,480 [7df8e922-d468-4b37-8758-318e891131cb-groupManagement] INFO  server.RaftServerConfigKeys (ConfUtils.java:logGet(46)) - raft.server.log.appender.buffer.byte-limit = 33554432 (custom)
2023-07-05 13:43:29,480 [EventQueue-OpenPipelineForHealthyPipelineSafeModeRule] INFO  safemode.SCMSafeModeManager (HealthyPipelineSafeModeRule.java:process(137)) - SCM in safe mode. Healthy pipelines reported count is 0, required healthy pipeline reported count is 1
2023-07-05 13:43:29,480 [7df8e922-d468-4b37-8758-318e891131cb-groupManagement] INFO  segmented.SegmentedRaftLogWorker (SegmentedRaftLogWorker.java:<init>(188)) - new 7df8e922-d468-4b37-8758-318e891131cb@group-C9A822D04349-SegmentedRaftLogWorker for RaftStorageImpl:Storage Directory /home/runner/work/ozone/ozone/hadoop-ozone/integration-test/target/test-dir/MiniOzoneClusterImpl-c098677b-f883-4488-a97e-c9984f4b1973/datanode-3/data/ratis/f6b5def1-ec34-4a79-ab7a-c9a822d04349
2023-07-05 13:43:29,481 [7df8e922-d468-4b37-8758-318e891131cb-groupManagement] INFO  server.RaftServerConfigKeys (ConfUtils.java:logGet(46)) - raft.server.log.queue.byte-limit = 4294967296 (custom)
2023-07-05 13:43:29,481 [7df8e922-d468-4b37-8758-318e891131cb-groupManagement] INFO  server.RaftServerConfigKeys (ConfUtils.java:logGet(46)) - raft.server.log.queue.element-limit = 1024 (custom)
2023-07-05 13:43:29,481 [7df8e922-d468-4b37-8758-318e891131cb-groupManagement] INFO  server.RaftServerConfigKeys (ConfUtils.java:logGet(46)) - raft.server.log.segment.size.max = 1048576 (custom)
2023-07-05 13:43:29,481 [7df8e922-d468-4b37-8758-318e891131cb-groupManagement] INFO  server.RaftServerConfigKeys (ConfUtils.java:logGet(46)) - raft.server.log.preallocated.size = 16384 (custom)
2023-07-05 13:43:29,481 [7df8e922-d468-4b37-8758-318e891131cb-groupManagement] INFO  server.RaftServerConfigKeys (ConfUtils.java:logGet(46)) - raft.server.log.force.sync.num = 128 (default)
2023-07-05 13:43:29,481 [7df8e922-d468-4b37-8758-318e891131cb-groupManagement] INFO  server.RaftServerConfigKeys (ConfUtils.java:logGet(46)) - raft.server.log.statemachine.data.sync = true (default)
2023-07-05 13:43:29,481 [7df8e922-d468-4b37-8758-318e891131cb-groupManagement] INFO  server.RaftServerConfigKeys (ConfUtils.java:logGet(46)) - raft.server.log.statemachine.data.sync.timeout = 10s (default)
2023-07-05 13:43:29,481 [7df8e922-d468-4b37-8758-318e891131cb-groupManagement] INFO  server.RaftServerConfigKeys (ConfUtils.java:logGet(46)) - raft.server.log.statemachine.data.sync.timeout.retry = -1 (default)
2023-07-05 13:43:29,484 [7df8e922-d468-4b37-8758-318e891131cb-groupManagement] INFO  server.RaftServerConfigKeys (ConfUtils.java:logGet(46)) - raft.server.log.write.buffer.size = 1048576 (custom)
2023-07-05 13:43:29,485 [7df8e922-d468-4b37-8758-318e891131cb-groupManagement] INFO  server.RaftServerConfigKeys (ConfUtils.java:logGet(46)) - raft.server.log.appender.buffer.byte-limit = 33554432 (custom)
2023-07-05 13:43:29,490 [7df8e922-d468-4b37-8758-318e891131cb-groupManagement] INFO  server.RaftServerConfigKeys (ConfUtils.java:logGet(46)) - raft.server.log.unsafe-flush.enabled = false (default)
2023-07-05 13:43:29,490 [7df8e922-d468-4b37-8758-318e891131cb-groupManagement] INFO  server.RaftServerConfigKeys (ConfUtils.java:logGet(46)) - raft.server.log.async-flush.enabled = false (default)
2023-07-05 13:43:29,490 [7df8e922-d468-4b37-8758-318e891131cb-groupManagement] INFO  server.RaftServerConfigKeys (ConfUtils.java:logGet(46)) - raft.server.log.statemachine.data.caching.enabled = true (custom)
2023-07-05 13:43:29,490 [7df8e922-d468-4b37-8758-318e891131cb-groupManagement] INFO  segmented.SegmentedRaftLogWorker (SegmentedRaftLogWorker.java:lambda$new$0(135)) - 7df8e922-d468-4b37-8758-318e891131cb@group-C9A822D04349-SegmentedRaftLogWorker: flushIndex: setUnconditionally 0 -> -1
2023-07-05 13:43:29,490 [7df8e922-d468-4b37-8758-318e891131cb-groupManagement] INFO  segmented.SegmentedRaftLogWorker (SegmentedRaftLogWorker.java:lambda$new$0(135)) - 7df8e922-d468-4b37-8758-318e891131cb@group-C9A822D04349-SegmentedRaftLogWorker: safeCacheEvictIndex: setUnconditionally 0 -> -1
2023-07-05 13:43:29,491 [7df8e922-d468-4b37-8758-318e891131cb-groupManagement] INFO  server.RaftServer$Division (RaftServerImpl.java:start(342)) - 7df8e922-d468-4b37-8758-318e891131cb@group-C9A822D04349: start as a follower, conf=-1: peers:[7df8e922-d468-4b37-8758-318e891131cb|rpc:10.1.0.13:15147|admin:10.1.0.13:15146|client:10.1.0.13:15145|dataStream:10.1.0.13:15148|priority:1|startupRole:FOLLOWER]|listeners:[], old=null
2023-07-05 13:43:29,491 [7df8e922-d468-4b37-8758-318e891131cb-groupManagement] INFO  server.RaftServer$Division (RaftServerImpl.java:setRole(329)) - 7df8e922-d468-4b37-8758-318e891131cb@group-C9A822D04349: changes role from      null to FOLLOWER at term 0 for startAsFollower
2023-07-05 13:43:29,491 [7df8e922-d468-4b37-8758-318e891131cb-groupManagement] INFO  impl.RoleInfo (RoleInfo.java:updateAndGet(139)) - 7df8e922-d468-4b37-8758-318e891131cb: start 7df8e922-d468-4b37-8758-318e891131cb@group-C9A822D04349-FollowerState
2023-07-05 13:43:29,491 [7df8e922-d468-4b37-8758-318e891131cb-groupManagement] INFO  util.JmxRegister (JmxRegister.java:tryRegister(44)) - Successfully registered JMX Bean with object name Ratis:service=RaftServer,group=group-C9A822D04349,id=7df8e922-d468-4b37-8758-318e891131cb
2023-07-05 13:43:29,491 [7df8e922-d468-4b37-8758-318e891131cb@group-C9A822D04349-FollowerState] INFO  server.RaftServerConfigKeys (ConfUtils.java:logFallback(53)) - raft.server.rpc.first-election.timeout.min = 5s (fallback to raft.server.rpc.timeout.min)
2023-07-05 13:43:29,491 [7df8e922-d468-4b37-8758-318e891131cb-groupManagement] INFO  server.RaftServerConfigKeys (ConfUtils.java:logGet(46)) - raft.server.snapshot.auto.trigger.enabled = true (custom)
2023-07-05 13:43:29,491 [7df8e922-d468-4b37-8758-318e891131cb@group-C9A822D04349-FollowerState] INFO  server.RaftServerConfigKeys (ConfUtils.java:logFallback(53)) - raft.server.rpc.first-election.timeout.max = 5200ms (fallback to raft.server.rpc.timeout.max)
2023-07-05 13:43:29,491 [7df8e922-d468-4b37-8758-318e891131cb-groupManagement] INFO  server.RaftServerConfigKeys (ConfUtils.java:logGet(46)) - raft.server.snapshot.auto.trigger.threshold = 10000 (custom)
2023-07-05 13:43:29,491 [7df8e922-d468-4b37-8758-318e891131cb-groupManagement] INFO  server.RaftServerConfigKeys (ConfUtils.java:logGet(46)) - raft.server.snapshot.retention.file.num = 5 (custom)
2023-07-05 13:43:29,491 [7df8e922-d468-4b37-8758-318e891131cb-groupManagement] INFO  server.RaftServerConfigKeys (ConfUtils.java:logGet(46)) - raft.server.log.purge.upto.snapshot.index = false (default)
2023-07-05 13:43:29,492 [PipelineCommandHandlerThread-0] INFO  ratis.XceiverServerRatis (XceiverServerRatis.java:addGroup(804)) - Created group PipelineID=f6b5def1-ec34-4a79-ab7a-c9a822d04349
2023-07-05 13:43:29,492 [PipelineCommandHandlerThread-0] INFO  commandhandler.CreatePipelineCommandHandler (CreatePipelineCommandHandler.java:lambda$handle$2(124)) - Created Pipeline RATIS ONE PipelineID=f6b5def1-ec34-4a79-ab7a-c9a822d04349.
2023-07-05 13:43:29,798 [Time-limited test] INFO  ozone.MiniOzoneClusterImpl (MiniOzoneClusterImpl.java:lambda$waitForClusterToBeReady$0(224)) - Nodes are ready. Got 5 of 5 DN Heartbeats.
2023-07-05 13:43:29,799 [Time-limited test] INFO  ozone.MiniOzoneClusterImpl (MiniOzoneClusterImpl.java:lambda$waitForClusterToBeReady$0(227)) - Waiting for cluster to exit safe mode
2023-07-05 13:43:29,799 [Time-limited test] INFO  ozone.MiniOzoneClusterImpl (MiniOzoneClusterImpl.java:lambda$waitForClusterToBeReady$0(229)) - SCM became leader
2023-07-05 13:43:29,804 [PipelineCommandHandlerThread-0] INFO  server.RaftServer (RaftServerProxy.java:addNew(98)) - ba18fe3c-0fa2-4c47-a961-91b835f9fd0b: addNew group-8C7E8916931C:[ba18fe3c-0fa2-4c47-a961-91b835f9fd0b|rpc:10.1.0.13:15156|admin:10.1.0.13:15155|client:10.1.0.13:15154|dataStream:10.1.0.13:15157|priority:1|startupRole:FOLLOWER] returns group-8C7E8916931C:java.util.concurrent.CompletableFuture@257c20b2[Not completed]
2023-07-05 13:43:29,805 [ba18fe3c-0fa2-4c47-a961-91b835f9fd0b-groupManagement] INFO  server.RaftServer$Division (RaftServerImpl.java:<init>(198)) - ba18fe3c-0fa2-4c47-a961-91b835f9fd0b: new RaftServerImpl for group-8C7E8916931C:[ba18fe3c-0fa2-4c47-a961-91b835f9fd0b|rpc:10.1.0.13:15156|admin:10.1.0.13:15155|client:10.1.0.13:15154|dataStream:10.1.0.13:15157|priority:1|startupRole:FOLLOWER] with ContainerStateMachine:uninitialized
2023-07-05 13:43:29,805 [ba18fe3c-0fa2-4c47-a961-91b835f9fd0b-groupManagement] INFO  server.RaftServerConfigKeys (ConfUtils.java:logGet(46)) - raft.server.rpc.timeout.min = 5s (custom)
2023-07-05 13:43:29,805 [ba18fe3c-0fa2-4c47-a961-91b835f9fd0b-groupManagement] INFO  server.RaftServerConfigKeys (ConfUtils.java:logGet(46)) - raft.server.rpc.timeout.max = 5200ms (custom)
2023-07-05 13:43:29,805 [ba18fe3c-0fa2-4c47-a961-91b835f9fd0b-groupManagement] INFO  server.RaftServerConfigKeys (ConfUtils.java:logGet(46)) - raft.server.rpc.sleep.time = 25ms (default)
2023-07-05 13:43:29,805 [ba18fe3c-0fa2-4c47-a961-91b835f9fd0b-groupManagement] INFO  server.RaftServerConfigKeys (ConfUtils.java:logGet(46)) - raft.server.rpc.slowness.timeout = 300s (custom)
2023-07-05 13:43:29,806 [ba18fe3c-0fa2-4c47-a961-91b835f9fd0b-groupManagement] INFO  server.RaftServerConfigKeys (ConfUtils.java:logGet(46)) - raft.server.leaderelection.leader.step-down.wait-time = 10s (default)
2023-07-05 13:43:29,806 [ba18fe3c-0fa2-4c47-a961-91b835f9fd0b-groupManagement] INFO  server.RaftServerConfigKeys (ConfUtils.java:logGet(46)) - raft.server.sleep.deviation.threshold = 300ms (default)
2023-07-05 13:43:29,806 [ba18fe3c-0fa2-4c47-a961-91b835f9fd0b-groupManagement] INFO  server.RaftServer$Division (ServerState.java:<init>(120)) - ba18fe3c-0fa2-4c47-a961-91b835f9fd0b@group-8C7E8916931C: ConfigurationManager, init=-1: peers:[ba18fe3c-0fa2-4c47-a961-91b835f9fd0b|rpc:10.1.0.13:15156|admin:10.1.0.13:15155|client:10.1.0.13:15154|dataStream:10.1.0.13:15157|priority:1|startupRole:FOLLOWER]|listeners:[], old=null, confs=<EMPTY_MAP>
2023-07-05 13:43:29,806 [ba18fe3c-0fa2-4c47-a961-91b835f9fd0b-groupManagement] INFO  server.RaftServerConfigKeys (ConfUtils.java:logGet(46)) - raft.server.storage.dir = [/home/runner/work/ozone/ozone/hadoop-ozone/integration-test/target/test-dir/MiniOzoneClusterImpl-c098677b-f883-4488-a97e-c9984f4b1973/datanode-4/data/ratis] (custom)
2023-07-05 13:43:29,806 [ba18fe3c-0fa2-4c47-a961-91b835f9fd0b-groupManagement] INFO  server.RaftServerConfigKeys (ConfUtils.java:logGet(46)) - raft.server.log.corruption.policy = EXCEPTION (default)
2023-07-05 13:43:29,806 [ba18fe3c-0fa2-4c47-a961-91b835f9fd0b-groupManagement] INFO  server.RaftServerConfigKeys (ConfUtils.java:logGet(46)) - raft.server.storage.free-space.min = 0MB (=0) (default)
2023-07-05 13:43:29,806 [ba18fe3c-0fa2-4c47-a961-91b835f9fd0b-groupManagement] INFO  server.RaftServerConfigKeys (ConfUtils.java:logGet(46)) - raft.server.notification.no-leader.timeout = 300s (custom)
2023-07-05 13:43:29,806 [ba18fe3c-0fa2-4c47-a961-91b835f9fd0b-groupManagement] INFO  server.RaftServerConfigKeys (ConfUtils.java:logGet(46)) - raft.server.read.timeout = 10s (default)
2023-07-05 13:43:29,806 [ba18fe3c-0fa2-4c47-a961-91b835f9fd0b-groupManagement] INFO  server.RaftServerConfigKeys (ConfUtils.java:logGet(46)) - raft.server.retrycache.expirytime = 600000ms (custom)
2023-07-05 13:43:29,806 [ba18fe3c-0fa2-4c47-a961-91b835f9fd0b-groupManagement] INFO  server.RaftServerConfigKeys (ConfUtils.java:logGet(46)) - raft.server.retrycache.statistics.expirytime = 100μs (default)
2023-07-05 13:43:29,806 [ba18fe3c-0fa2-4c47-a961-91b835f9fd0b-groupManagement] INFO  server.RaftServerConfigKeys (ConfUtils.java:logGet(46)) - raft.server.read.option = DEFAULT (default)
2023-07-05 13:43:29,807 [ba18fe3c-0fa2-4c47-a961-91b835f9fd0b-groupManagement] INFO  server.RaftServerConfigKeys (ConfUtils.java:logGet(46)) - raft.server.rpc.request.timeout = 60s (custom)
2023-07-05 13:43:29,807 [ba18fe3c-0fa2-4c47-a961-91b835f9fd0b-groupManagement] INFO  server.RaftServerConfigKeys (ConfUtils.java:logGet(46)) - raft.server.log.appender.install.snapshot.enabled = false (custom)
2023-07-05 13:43:29,807 [ba18fe3c-0fa2-4c47-a961-91b835f9fd0b-groupManagement] INFO  server.RaftServerConfigKeys (ConfUtils.java:logGet(46)) - raft.server.threadpool.server.cached = true (default)
2023-07-05 13:43:29,807 [ba18fe3c-0fa2-4c47-a961-91b835f9fd0b-groupManagement] INFO  server.RaftServerConfigKeys (ConfUtils.java:logGet(46)) - raft.server.threadpool.server.size = 0 (default)
2023-07-05 13:43:29,807 [ba18fe3c-0fa2-4c47-a961-91b835f9fd0b-groupManagement] INFO  server.RaftServerConfigKeys (ConfUtils.java:logGet(46)) - raft.server.threadpool.client.cached = true (default)
2023-07-05 13:43:29,807 [ba18fe3c-0fa2-4c47-a961-91b835f9fd0b-groupManagement] INFO  server.RaftServerConfigKeys (ConfUtils.java:logGet(46)) - raft.server.threadpool.client.size = 0 (default)
2023-07-05 13:43:29,808 [ba18fe3c-0fa2-4c47-a961-91b835f9fd0b-groupManagement] INFO  storage.RaftStorageDirectory (RaftStorageDirectoryImpl.java:analyzeStorage(137)) - The storage directory /home/runner/work/ozone/ozone/hadoop-ozone/integration-test/target/test-dir/MiniOzoneClusterImpl-c098677b-f883-4488-a97e-c9984f4b1973/datanode-4/data/ratis/1f86f2a6-4528-4a09-9f37-8c7e8916931c does not exist. Creating ...
2023-07-05 13:43:29,809 [ba18fe3c-0fa2-4c47-a961-91b835f9fd0b-groupManagement] INFO  storage.RaftStorageDirectory (RaftStorageDirectoryImpl.java:tryLock(231)) - Lock on /home/runner/work/ozone/ozone/hadoop-ozone/integration-test/target/test-dir/MiniOzoneClusterImpl-c098677b-f883-4488-a97e-c9984f4b1973/datanode-4/data/ratis/1f86f2a6-4528-4a09-9f37-8c7e8916931c/in_use.lock acquired by nodename 25537@fv-az264-29
2023-07-05 13:43:29,811 [ba18fe3c-0fa2-4c47-a961-91b835f9fd0b-groupManagement] INFO  storage.RaftStorage (RaftStorageImpl.java:format(96)) - Storage directory /home/runner/work/ozone/ozone/hadoop-ozone/integration-test/target/test-dir/MiniOzoneClusterImpl-c098677b-f883-4488-a97e-c9984f4b1973/datanode-4/data/ratis/1f86f2a6-4528-4a09-9f37-8c7e8916931c has been successfully formatted.
2023-07-05 13:43:29,813 [ba18fe3c-0fa2-4c47-a961-91b835f9fd0b-groupManagement] INFO  ratis.ContainerStateMachine (ContainerStateMachine.java:loadSnapshot(262)) - group-8C7E8916931C: The snapshot info is null. Setting the last applied indexto:(t:0, i:~)
2023-07-05 13:43:29,813 [ba18fe3c-0fa2-4c47-a961-91b835f9fd0b-groupManagement] INFO  server.RaftServerConfigKeys (ConfUtils.java:logGet(46)) - raft.server.log.use.memory = false (default)
2023-07-05 13:43:29,814 [ba18fe3c-0fa2-4c47-a961-91b835f9fd0b-groupManagement] INFO  server.RaftServerConfigKeys (ConfUtils.java:logGet(46)) - raft.server.log.purge.gap = 1000000 (custom)
2023-07-05 13:43:29,814 [ba18fe3c-0fa2-4c47-a961-91b835f9fd0b-groupManagement] INFO  server.RaftServerConfigKeys (ConfUtils.java:logGet(46)) - raft.server.log.appender.buffer.byte-limit = 33554432 (custom)
2023-07-05 13:43:29,814 [ba18fe3c-0fa2-4c47-a961-91b835f9fd0b-groupManagement] INFO  server.RaftServerConfigKeys (ConfUtils.java:logGet(46)) - raft.server.log.statemachine.data.read.timeout = 1000ms (default)
2023-07-05 13:43:29,814 [ba18fe3c-0fa2-4c47-a961-91b835f9fd0b-groupManagement] INFO  server.RaftServerConfigKeys (ConfUtils.java:logGet(46)) - raft.server.log.purge.preservation.log.num = 0 (default)
2023-07-05 13:43:29,815 [EventQueue-PipelineReportForPipelineReportHandler] INFO  pipeline.PipelineReportHandler (PipelineReportHandler.java:processPipelineReport(136)) - Opened pipeline PipelineID=1f86f2a6-4528-4a09-9f37-8c7e8916931c
2023-07-05 13:43:29,815 [EventQueue-OpenPipelineForHealthyPipelineSafeModeRule] INFO  safemode.SCMSafeModeManager (HealthyPipelineSafeModeRule.java:process(137)) - SCM in safe mode. Healthy pipelines reported count is 0, required healthy pipeline reported count is 1
2023-07-05 13:43:29,815 [ba18fe3c-0fa2-4c47-a961-91b835f9fd0b-groupManagement] INFO  server.RaftServerConfigKeys (ConfUtils.java:logGet(46)) - raft.server.log.segment.size.max = 1048576 (custom)
2023-07-05 13:43:29,816 [ba18fe3c-0fa2-4c47-a961-91b835f9fd0b-groupManagement] INFO  server.RaftServerConfigKeys (ConfUtils.java:logGet(46)) - raft.server.log.segment.cache.num.max = 2 (custom)
2023-07-05 13:43:29,816 [ba18fe3c-0fa2-4c47-a961-91b835f9fd0b-groupManagement] INFO  server.RaftServerConfigKeys (ConfUtils.java:logGet(46)) - raft.server.log.segment.cache.size.max = 200MB (=209715200) (default)
2023-07-05 13:43:29,816 [ba18fe3c-0fa2-4c47-a961-91b835f9fd0b-groupManagement] INFO  server.RaftServerConfigKeys (ConfUtils.java:logGet(46)) - raft.server.log.appender.buffer.byte-limit = 33554432 (custom)
2023-07-05 13:43:29,816 [ba18fe3c-0fa2-4c47-a961-91b835f9fd0b-groupManagement] INFO  segmented.SegmentedRaftLogWorker (SegmentedRaftLogWorker.java:<init>(188)) - new ba18fe3c-0fa2-4c47-a961-91b835f9fd0b@group-8C7E8916931C-SegmentedRaftLogWorker for RaftStorageImpl:Storage Directory /home/runner/work/ozone/ozone/hadoop-ozone/integration-test/target/test-dir/MiniOzoneClusterImpl-c098677b-f883-4488-a97e-c9984f4b1973/datanode-4/data/ratis/1f86f2a6-4528-4a09-9f37-8c7e8916931c
2023-07-05 13:43:29,816 [ba18fe3c-0fa2-4c47-a961-91b835f9fd0b-groupManagement] INFO  server.RaftServerConfigKeys (ConfUtils.java:logGet(46)) - raft.server.log.queue.byte-limit = 4294967296 (custom)
2023-07-05 13:43:29,816 [ba18fe3c-0fa2-4c47-a961-91b835f9fd0b-groupManagement] INFO  server.RaftServerConfigKeys (ConfUtils.java:logGet(46)) - raft.server.log.queue.element-limit = 1024 (custom)
2023-07-05 13:43:29,816 [ba18fe3c-0fa2-4c47-a961-91b835f9fd0b-groupManagement] INFO  server.RaftServerConfigKeys (ConfUtils.java:logGet(46)) - raft.server.log.segment.size.max = 1048576 (custom)
2023-07-05 13:43:29,816 [ba18fe3c-0fa2-4c47-a961-91b835f9fd0b-groupManagement] INFO  server.RaftServerConfigKeys (ConfUtils.java:logGet(46)) - raft.server.log.preallocated.size = 16384 (custom)
2023-07-05 13:43:29,816 [ba18fe3c-0fa2-4c47-a961-91b835f9fd0b-groupManagement] INFO  server.RaftServerConfigKeys (ConfUtils.java:logGet(46)) - raft.server.log.force.sync.num = 128 (default)
2023-07-05 13:43:29,816 [ba18fe3c-0fa2-4c47-a961-91b835f9fd0b-groupManagement] INFO  server.RaftServerConfigKeys (ConfUtils.java:logGet(46)) - raft.server.log.statemachine.data.sync = true (default)
2023-07-05 13:43:29,816 [ba18fe3c-0fa2-4c47-a961-91b835f9fd0b-groupManagement] INFO  server.RaftServerConfigKeys (ConfUtils.java:logGet(46)) - raft.server.log.statemachine.data.sync.timeout = 10s (default)
2023-07-05 13:43:29,816 [ba18fe3c-0fa2-4c47-a961-91b835f9fd0b-groupManagement] INFO  server.RaftServerConfigKeys (ConfUtils.java:logGet(46)) - raft.server.log.statemachine.data.sync.timeout.retry = -1 (default)
2023-07-05 13:43:29,817 [ba18fe3c-0fa2-4c47-a961-91b835f9fd0b-groupManagement] INFO  server.RaftServerConfigKeys (ConfUtils.java:logGet(46)) - raft.server.log.write.buffer.size = 1048576 (custom)
2023-07-05 13:43:29,817 [ba18fe3c-0fa2-4c47-a961-91b835f9fd0b-groupManagement] INFO  server.RaftServerConfigKeys (ConfUtils.java:logGet(46)) - raft.server.log.appender.buffer.byte-limit = 33554432 (custom)
2023-07-05 13:43:29,823 [ba18fe3c-0fa2-4c47-a961-91b835f9fd0b-groupManagement] INFO  server.RaftServerConfigKeys (ConfUtils.java:logGet(46)) - raft.server.log.unsafe-flush.enabled = false (default)
2023-07-05 13:43:29,823 [ba18fe3c-0fa2-4c47-a961-91b835f9fd0b-groupManagement] INFO  server.RaftServerConfigKeys (ConfUtils.java:logGet(46)) - raft.server.log.async-flush.enabled = false (default)
2023-07-05 13:43:29,823 [ba18fe3c-0fa2-4c47-a961-91b835f9fd0b-groupManagement] INFO  server.RaftServerConfigKeys (ConfUtils.java:logGet(46)) - raft.server.log.statemachine.data.caching.enabled = true (custom)
2023-07-05 13:43:29,823 [ba18fe3c-0fa2-4c47-a961-91b835f9fd0b-groupManagement] INFO  segmented.SegmentedRaftLogWorker (SegmentedRaftLogWorker.java:lambda$new$0(135)) - ba18fe3c-0fa2-4c47-a961-91b835f9fd0b@group-8C7E8916931C-SegmentedRaftLogWorker: flushIndex: setUnconditionally 0 -> -1
2023-07-05 13:43:29,823 [ba18fe3c-0fa2-4c47-a961-91b835f9fd0b-groupManagement] INFO  segmented.SegmentedRaftLogWorker (SegmentedRaftLogWorker.java:lambda$new$0(135)) - ba18fe3c-0fa2-4c47-a961-91b835f9fd0b@group-8C7E8916931C-SegmentedRaftLogWorker: safeCacheEvictIndex: setUnconditionally 0 -> -1
2023-07-05 13:43:29,826 [ba18fe3c-0fa2-4c47-a961-91b835f9fd0b-groupManagement] INFO  server.RaftServer$Division (RaftServerImpl.java:start(342)) - ba18fe3c-0fa2-4c47-a961-91b835f9fd0b@group-8C7E8916931C: start as a follower, conf=-1: peers:[ba18fe3c-0fa2-4c47-a961-91b835f9fd0b|rpc:10.1.0.13:15156|admin:10.1.0.13:15155|client:10.1.0.13:15154|dataStream:10.1.0.13:15157|priority:1|startupRole:FOLLOWER]|listeners:[], old=null
2023-07-05 13:43:29,826 [ba18fe3c-0fa2-4c47-a961-91b835f9fd0b-groupManagement] INFO  server.RaftServer$Division (RaftServerImpl.java:setRole(329)) - ba18fe3c-0fa2-4c47-a961-91b835f9fd0b@group-8C7E8916931C: changes role from      null to FOLLOWER at term 0 for startAsFollower
2023-07-05 13:43:29,826 [ba18fe3c-0fa2-4c47-a961-91b835f9fd0b-groupManagement] INFO  impl.RoleInfo (RoleInfo.java:updateAndGet(139)) - ba18fe3c-0fa2-4c47-a961-91b835f9fd0b: start ba18fe3c-0fa2-4c47-a961-91b835f9fd0b@group-8C7E8916931C-FollowerState
2023-07-05 13:43:29,831 [ba18fe3c-0fa2-4c47-a961-91b835f9fd0b-groupManagement] INFO  util.JmxRegister (JmxRegister.java:tryRegister(44)) - Successfully registered JMX Bean with object name Ratis:service=RaftServer,group=group-8C7E8916931C,id=ba18fe3c-0fa2-4c47-a961-91b835f9fd0b
2023-07-05 13:43:29,831 [ba18fe3c-0fa2-4c47-a961-91b835f9fd0b-groupManagement] INFO  server.RaftServerConfigKeys (ConfUtils.java:logGet(46)) - raft.server.snapshot.auto.trigger.enabled = true (custom)
2023-07-05 13:43:29,831 [ba18fe3c-0fa2-4c47-a961-91b835f9fd0b-groupManagement] INFO  server.RaftServerConfigKeys (ConfUtils.java:logGet(46)) - raft.server.snapshot.auto.trigger.threshold = 10000 (custom)
2023-07-05 13:43:29,831 [ba18fe3c-0fa2-4c47-a961-91b835f9fd0b-groupManagement] INFO  server.RaftServerConfigKeys (ConfUtils.java:logGet(46)) - raft.server.snapshot.retention.file.num = 5 (custom)
2023-07-05 13:43:29,831 [ba18fe3c-0fa2-4c47-a961-91b835f9fd0b-groupManagement] INFO  server.RaftServerConfigKeys (ConfUtils.java:logGet(46)) - raft.server.log.purge.upto.snapshot.index = false (default)
2023-07-05 13:43:29,832 [ba18fe3c-0fa2-4c47-a961-91b835f9fd0b@group-8C7E8916931C-FollowerState] INFO  server.RaftServerConfigKeys (ConfUtils.java:logFallback(53)) - raft.server.rpc.first-election.timeout.min = 5s (fallback to raft.server.rpc.timeout.min)
2023-07-05 13:43:29,832 [ba18fe3c-0fa2-4c47-a961-91b835f9fd0b@group-8C7E8916931C-FollowerState] INFO  server.RaftServerConfigKeys (ConfUtils.java:logFallback(53)) - raft.server.rpc.first-election.timeout.max = 5200ms (fallback to raft.server.rpc.timeout.max)
2023-07-05 13:43:29,834 [PipelineCommandHandlerThread-0] INFO  ratis.XceiverServerRatis (XceiverServerRatis.java:addGroup(804)) - Created group PipelineID=1f86f2a6-4528-4a09-9f37-8c7e8916931c
2023-07-05 13:43:29,834 [PipelineCommandHandlerThread-0] INFO  commandhandler.CreatePipelineCommandHandler (CreatePipelineCommandHandler.java:lambda$handle$2(124)) - Created Pipeline RATIS ONE PipelineID=1f86f2a6-4528-4a09-9f37-8c7e8916931c.
2023-07-05 13:43:29,992 [ReplicationMonitor] INFO  replication.ReplicationManager (ReplicationManager.java:processAll(361)) - Replication Manager is not ready to run until 3000ms after safemode exit
2023-07-05 13:43:30,799 [Time-limited test] INFO  ozone.MiniOzoneClusterImpl (MiniOzoneClusterImpl.java:lambda$waitForClusterToBeReady$0(224)) - Nodes are ready. Got 5 of 5 DN Heartbeats.
2023-07-05 13:43:30,799 [Time-limited test] INFO  ozone.MiniOzoneClusterImpl (MiniOzoneClusterImpl.java:lambda$waitForClusterToBeReady$0(227)) - Waiting for cluster to exit safe mode
2023-07-05 13:43:30,799 [Time-limited test] INFO  ozone.MiniOzoneClusterImpl (MiniOzoneClusterImpl.java:lambda$waitForClusterToBeReady$0(229)) - SCM became leader
2023-07-05 13:43:30,993 [ReplicationMonitor] INFO  replication.ReplicationManager (ReplicationManager.java:processAll(361)) - Replication Manager is not ready to run until 3000ms after safemode exit
2023-07-05 13:43:31,799 [Time-limited test] INFO  ozone.MiniOzoneClusterImpl (MiniOzoneClusterImpl.java:lambda$waitForClusterToBeReady$0(224)) - Nodes are ready. Got 5 of 5 DN Heartbeats.
2023-07-05 13:43:31,800 [Time-limited test] INFO  ozone.MiniOzoneClusterImpl (MiniOzoneClusterImpl.java:lambda$waitForClusterToBeReady$0(227)) - Waiting for cluster to exit safe mode
2023-07-05 13:43:31,800 [Time-limited test] INFO  ozone.MiniOzoneClusterImpl (MiniOzoneClusterImpl.java:lambda$waitForClusterToBeReady$0(229)) - SCM became leader
2023-07-05 13:43:31,993 [ReplicationMonitor] INFO  replication.ReplicationManager (ReplicationManager.java:processAll(361)) - Replication Manager is not ready to run until 3000ms after safemode exit
2023-07-05 13:43:32,800 [Time-limited test] INFO  ozone.MiniOzoneClusterImpl (MiniOzoneClusterImpl.java:lambda$waitForClusterToBeReady$0(224)) - Nodes are ready. Got 5 of 5 DN Heartbeats.
2023-07-05 13:43:32,800 [Time-limited test] INFO  ozone.MiniOzoneClusterImpl (MiniOzoneClusterImpl.java:lambda$waitForClusterToBeReady$0(227)) - Waiting for cluster to exit safe mode
2023-07-05 13:43:32,800 [Time-limited test] INFO  ozone.MiniOzoneClusterImpl (MiniOzoneClusterImpl.java:lambda$waitForClusterToBeReady$0(229)) - SCM became leader
2023-07-05 13:43:32,993 [ReplicationMonitor] INFO  replication.ReplicationManager (ReplicationManager.java:processAll(361)) - Replication Manager is not ready to run until 3000ms after safemode exit
2023-07-05 13:43:33,560 [b0e58961-cf25-454a-a9d8-5016df2ce601@group-8FB33747A9A1-FollowerState] INFO  impl.FollowerState (FollowerState.java:run(143)) - b0e58961-cf25-454a-a9d8-5016df2ce601@group-8FB33747A9A1-FollowerState: change to CANDIDATE, lastRpcElapsedTime:5142257061ns, electionTimeout:5141ms
2023-07-05 13:43:33,560 [b0e58961-cf25-454a-a9d8-5016df2ce601@group-8FB33747A9A1-FollowerState] INFO  impl.RoleInfo (RoleInfo.java:shutdownFollowerState(110)) - b0e58961-cf25-454a-a9d8-5016df2ce601: shutdown b0e58961-cf25-454a-a9d8-5016df2ce601@group-8FB33747A9A1-FollowerState
2023-07-05 13:43:33,560 [b0e58961-cf25-454a-a9d8-5016df2ce601@group-8FB33747A9A1-FollowerState] INFO  server.RaftServer$Division (RaftServerImpl.java:setRole(329)) - b0e58961-cf25-454a-a9d8-5016df2ce601@group-8FB33747A9A1: changes role from  FOLLOWER to CANDIDATE at term 0 for changeToCandidate
2023-07-05 13:43:33,560 [b0e58961-cf25-454a-a9d8-5016df2ce601@group-8FB33747A9A1-FollowerState] INFO  server.RaftServerConfigKeys (ConfUtils.java:logGet(46)) - raft.server.leaderelection.pre-vote = true (default)
2023-07-05 13:43:33,560 [b0e58961-cf25-454a-a9d8-5016df2ce601@group-8FB33747A9A1-FollowerState] INFO  impl.RoleInfo (RoleInfo.java:updateAndGet(139)) - b0e58961-cf25-454a-a9d8-5016df2ce601: start b0e58961-cf25-454a-a9d8-5016df2ce601@group-8FB33747A9A1-LeaderElection26
2023-07-05 13:43:33,567 [b0e58961-cf25-454a-a9d8-5016df2ce601@group-8FB33747A9A1-LeaderElection26] INFO  impl.LeaderElection (LeaderElection.java:askForVotes(321)) - b0e58961-cf25-454a-a9d8-5016df2ce601@group-8FB33747A9A1-LeaderElection26 PRE_VOTE round 0: submit vote requests at term 0 for -1: peers:[b0e58961-cf25-454a-a9d8-5016df2ce601|rpc:10.1.0.13:15120|admin:10.1.0.13:15119|client:10.1.0.13:15118|dataStream:10.1.0.13:15121|priority:1|startupRole:FOLLOWER]|listeners:[], old=null
2023-07-05 13:43:33,568 [b0e58961-cf25-454a-a9d8-5016df2ce601@group-8FB33747A9A1-LeaderElection26] INFO  impl.LeaderElection (LeaderElection.java:askForVotes(323)) - b0e58961-cf25-454a-a9d8-5016df2ce601@group-8FB33747A9A1-LeaderElection26 PRE_VOTE round 0: result PASSED (term=0)
2023-07-05 13:43:33,569 [b0e58961-cf25-454a-a9d8-5016df2ce601@group-8FB33747A9A1-LeaderElection26] INFO  impl.LeaderElection (LeaderElection.java:askForVotes(321)) - b0e58961-cf25-454a-a9d8-5016df2ce601@group-8FB33747A9A1-LeaderElection26 ELECTION round 0: submit vote requests at term 1 for -1: peers:[b0e58961-cf25-454a-a9d8-5016df2ce601|rpc:10.1.0.13:15120|admin:10.1.0.13:15119|client:10.1.0.13:15118|dataStream:10.1.0.13:15121|priority:1|startupRole:FOLLOWER]|listeners:[], old=null
2023-07-05 13:43:33,569 [b0e58961-cf25-454a-a9d8-5016df2ce601@group-8FB33747A9A1-LeaderElection26] INFO  impl.LeaderElection (LeaderElection.java:askForVotes(323)) - b0e58961-cf25-454a-a9d8-5016df2ce601@group-8FB33747A9A1-LeaderElection26 ELECTION round 0: result PASSED (term=1)
2023-07-05 13:43:33,569 [b0e58961-cf25-454a-a9d8-5016df2ce601@group-8FB33747A9A1-LeaderElection26] INFO  impl.RoleInfo (RoleInfo.java:shutdownLeaderElection(130)) - b0e58961-cf25-454a-a9d8-5016df2ce601: shutdown b0e58961-cf25-454a-a9d8-5016df2ce601@group-8FB33747A9A1-LeaderElection26
2023-07-05 13:43:33,569 [b0e58961-cf25-454a-a9d8-5016df2ce601@group-8FB33747A9A1-LeaderElection26] INFO  server.RaftServer$Division (RaftServerImpl.java:setRole(329)) - b0e58961-cf25-454a-a9d8-5016df2ce601@group-8FB33747A9A1: changes role from CANDIDATE to LEADER at term 1 for changeToLeader
2023-07-05 13:43:33,569 [b0e58961-cf25-454a-a9d8-5016df2ce601@group-8FB33747A9A1-LeaderElection26] INFO  ratis.XceiverServerRatis (XceiverServerRatis.java:handleLeaderChangedNotification(902)) - Leader change notification received for group: group-8FB33747A9A1 with new leaderId: b0e58961-cf25-454a-a9d8-5016df2ce601
2023-07-05 13:43:33,570 [b0e58961-cf25-454a-a9d8-5016df2ce601@group-8FB33747A9A1-LeaderElection26] INFO  server.RaftServer$Division (ServerState.java:setLeader(317)) - b0e58961-cf25-454a-a9d8-5016df2ce601@group-8FB33747A9A1: change Leader from null to b0e58961-cf25-454a-a9d8-5016df2ce601 at term 1 for becomeLeader, leader elected after 5173ms
2023-07-05 13:43:33,570 [b0e58961-cf25-454a-a9d8-5016df2ce601@group-8FB33747A9A1-LeaderElection26] INFO  server.RaftServerConfigKeys (ConfUtils.java:logGet(46)) - raft.server.staging.catchup.gap = 1000 (default)
2023-07-05 13:43:33,570 [b0e58961-cf25-454a-a9d8-5016df2ce601@group-8FB33747A9A1-LeaderElection26] INFO  server.RaftServerConfigKeys (ConfUtils.java:logGet(46)) - raft.server.write.element-limit = 1024 (custom)
2023-07-05 13:43:33,570 [b0e58961-cf25-454a-a9d8-5016df2ce601@group-8FB33747A9A1-LeaderElection26] INFO  server.RaftServerConfigKeys (ConfUtils.java:logGet(46)) - raft.server.write.byte-limit = 1024 M (=1073741824) (custom)
2023-07-05 13:43:33,570 [b0e58961-cf25-454a-a9d8-5016df2ce601@group-8FB33747A9A1-LeaderElection26] INFO  server.RaftServerConfigKeys (ConfUtils.java:logGet(46)) - raft.server.watch.timeout = 180s (custom)
2023-07-05 13:43:33,571 [b0e58961-cf25-454a-a9d8-5016df2ce601@group-8FB33747A9A1-LeaderElection26] INFO  server.RaftServerConfigKeys (ConfUtils.java:logGet(46)) - raft.server.watch.timeout.denomination = 1s (default)
2023-07-05 13:43:33,571 [b0e58961-cf25-454a-a9d8-5016df2ce601@group-8FB33747A9A1-LeaderElection26] INFO  server.RaftServerConfigKeys (ConfUtils.java:logGet(46)) - raft.server.watch.element-limit = 65536 (default)
2023-07-05 13:43:33,571 [EventQueue-OpenPipelineForHealthyPipelineSafeModeRule] INFO  safemode.SCMSafeModeManager (HealthyPipelineSafeModeRule.java:process(137)) - SCM in safe mode. Healthy pipelines reported count is 0, required healthy pipeline reported count is 1
2023-07-05 13:43:33,571 [b0e58961-cf25-454a-a9d8-5016df2ce601@group-8FB33747A9A1-LeaderElection26] INFO  server.RaftServerConfigKeys (ConfUtils.java:logGet(46)) - raft.server.write.element-limit = 1024 (custom)
2023-07-05 13:43:33,571 [b0e58961-cf25-454a-a9d8-5016df2ce601@group-8FB33747A9A1-LeaderElection26] INFO  server.RaftServerConfigKeys (ConfUtils.java:logGet(46)) - raft.server.write.follower.gap.ratio.max = -1.0 (default)
2023-07-05 13:43:33,571 [b0e58961-cf25-454a-a9d8-5016df2ce601@group-8FB33747A9A1-LeaderElection26] INFO  impl.RoleInfo (RoleInfo.java:updateAndGet(139)) - b0e58961-cf25-454a-a9d8-5016df2ce601: start b0e58961-cf25-454a-a9d8-5016df2ce601@group-8FB33747A9A1-LeaderStateImpl
2023-07-05 13:43:33,572 [b0e58961-cf25-454a-a9d8-5016df2ce601@group-8FB33747A9A1-LeaderElection26] INFO  segmented.SegmentedRaftLogWorker (SegmentedRaftLogWorker.java:startLogSegment(447)) - b0e58961-cf25-454a-a9d8-5016df2ce601@group-8FB33747A9A1-SegmentedRaftLogWorker: Starting segment from index:0
2023-07-05 13:43:33,573 [b0e58961-cf25-454a-a9d8-5016df2ce601@group-8FB33747A9A1-LeaderElection26] INFO  server.RaftServer$Division (ServerState.java:setRaftConf(434)) - b0e58961-cf25-454a-a9d8-5016df2ce601@group-8FB33747A9A1: set configuration 0: peers:[b0e58961-cf25-454a-a9d8-5016df2ce601|rpc:10.1.0.13:15120|admin:10.1.0.13:15119|client:10.1.0.13:15118|dataStream:10.1.0.13:15121|priority:1|startupRole:FOLLOWER]|listeners:[], old=null
2023-07-05 13:43:33,574 [b0e58961-cf25-454a-a9d8-5016df2ce601@group-8FB33747A9A1-SegmentedRaftLogWorker] INFO  segmented.SegmentedRaftLogWorker (SegmentedRaftLogWorker.java:execute(651)) - b0e58961-cf25-454a-a9d8-5016df2ce601@group-8FB33747A9A1-SegmentedRaftLogWorker: created new log segment /home/runner/work/ozone/ozone/hadoop-ozone/integration-test/target/test-dir/MiniOzoneClusterImpl-c098677b-f883-4488-a97e-c9984f4b1973/datanode-0/data/ratis/09525a7e-3f87-4630-b8cf-8fb33747a9a1/current/log_inprogress_0
2023-07-05 13:43:33,600 [b0e58961-cf25-454a-a9d8-5016df2ce601@group-A632E32F3323-FollowerState] INFO  impl.FollowerState (FollowerState.java:run(143)) - b0e58961-cf25-454a-a9d8-5016df2ce601@group-A632E32F3323-FollowerState: change to CANDIDATE, lastRpcElapsedTime:5163286925ns, electionTimeout:5161ms
2023-07-05 13:43:33,600 [b0e58961-cf25-454a-a9d8-5016df2ce601@group-A632E32F3323-FollowerState] INFO  impl.RoleInfo (RoleInfo.java:shutdownFollowerState(110)) - b0e58961-cf25-454a-a9d8-5016df2ce601: shutdown b0e58961-cf25-454a-a9d8-5016df2ce601@group-A632E32F3323-FollowerState
2023-07-05 13:43:33,601 [b0e58961-cf25-454a-a9d8-5016df2ce601@group-A632E32F3323-FollowerState] INFO  server.RaftServer$Division (RaftServerImpl.java:setRole(329)) - b0e58961-cf25-454a-a9d8-5016df2ce601@group-A632E32F3323: changes role from  FOLLOWER to CANDIDATE at term 0 for changeToCandidate
2023-07-05 13:43:33,601 [b0e58961-cf25-454a-a9d8-5016df2ce601@group-A632E32F3323-FollowerState] INFO  server.RaftServerConfigKeys (ConfUtils.java:logGet(46)) - raft.server.leaderelection.pre-vote = true (default)
2023-07-05 13:43:33,601 [b0e58961-cf25-454a-a9d8-5016df2ce601@group-A632E32F3323-FollowerState] INFO  impl.RoleInfo (RoleInfo.java:updateAndGet(139)) - b0e58961-cf25-454a-a9d8-5016df2ce601: start b0e58961-cf25-454a-a9d8-5016df2ce601@group-A632E32F3323-LeaderElection27
2023-07-05 13:43:33,604 [b0e58961-cf25-454a-a9d8-5016df2ce601@group-A632E32F3323-LeaderElection27] INFO  impl.LeaderElection (LeaderElection.java:askForVotes(321)) - b0e58961-cf25-454a-a9d8-5016df2ce601@group-A632E32F3323-LeaderElection27 PRE_VOTE round 0: submit vote requests at term 0 for -1: peers:[b0e58961-cf25-454a-a9d8-5016df2ce601|rpc:10.1.0.13:15120|admin:10.1.0.13:15119|client:10.1.0.13:15118|dataStream:10.1.0.13:15121|priority:0|startupRole:FOLLOWER, 16068a4c-c2af-4cec-9eae-3ab2a53eaee7|rpc:10.1.0.13:15129|admin:10.1.0.13:15128|client:10.1.0.13:15127|dataStream:10.1.0.13:15130|priority:0|startupRole:FOLLOWER, 3a238b95-76ec-4438-89aa-518182fac512|rpc:10.1.0.13:15138|admin:10.1.0.13:15137|client:10.1.0.13:15136|dataStream:10.1.0.13:15139|priority:1|startupRole:FOLLOWER]|listeners:[], old=null
2023-07-05 13:43:33,605 [b0e58961-cf25-454a-a9d8-5016df2ce601@group-A632E32F3323-LeaderElection27-1] INFO  server.GrpcServerProtocolClient (GrpcServerProtocolClient.java:<init>(65)) - Build channel for 16068a4c-c2af-4cec-9eae-3ab2a53eaee7
2023-07-05 13:43:33,607 [3a238b95-76ec-4438-89aa-518182fac512@group-A632E32F3323-FollowerState] INFO  impl.FollowerState (FollowerState.java:run(143)) - 3a238b95-76ec-4438-89aa-518182fac512@group-A632E32F3323-FollowerState: change to CANDIDATE, lastRpcElapsedTime:5124396732ns, electionTimeout:5121ms
2023-07-05 13:43:33,607 [3a238b95-76ec-4438-89aa-518182fac512@group-A632E32F3323-FollowerState] INFO  impl.RoleInfo (RoleInfo.java:shutdownFollowerState(110)) - 3a238b95-76ec-4438-89aa-518182fac512: shutdown 3a238b95-76ec-4438-89aa-518182fac512@group-A632E32F3323-FollowerState
2023-07-05 13:43:33,607 [3a238b95-76ec-4438-89aa-518182fac512@group-A632E32F3323-FollowerState] INFO  server.RaftServer$Division (RaftServerImpl.java:setRole(329)) - 3a238b95-76ec-4438-89aa-518182fac512@group-A632E32F3323: changes role from  FOLLOWER to CANDIDATE at term 0 for changeToCandidate
2023-07-05 13:43:33,623 [3a238b95-76ec-4438-89aa-518182fac512@group-A632E32F3323-FollowerState] INFO  server.RaftServerConfigKeys (ConfUtils.java:logGet(46)) - raft.server.leaderelection.pre-vote = true (default)
2023-07-05 13:43:33,623 [3a238b95-76ec-4438-89aa-518182fac512@group-A632E32F3323-FollowerState] INFO  impl.RoleInfo (RoleInfo.java:updateAndGet(139)) - 3a238b95-76ec-4438-89aa-518182fac512: start 3a238b95-76ec-4438-89aa-518182fac512@group-A632E32F3323-LeaderElection28
2023-07-05 13:43:33,623 [grpc-default-executor-0] INFO  server.RaftServer$Division (RaftServerImpl.java:requestVote(1302)) - 16068a4c-c2af-4cec-9eae-3ab2a53eaee7@group-A632E32F3323: receive requestVote(PRE_VOTE, b0e58961-cf25-454a-a9d8-5016df2ce601, group-A632E32F3323, 0, (t:0, i:0))
2023-07-05 13:43:33,624 [grpc-default-executor-0] INFO  impl.VoteContext (VoteContext.java:log(49)) - 16068a4c-c2af-4cec-9eae-3ab2a53eaee7@group-A632E32F3323-FOLLOWER: accept PRE_VOTE from b0e58961-cf25-454a-a9d8-5016df2ce601: our priority 0 <= candidate's priority 0
2023-07-05 13:43:33,624 [grpc-default-executor-0] INFO  server.RaftServer$Division (RaftServerImpl.java:requestVote(1335)) - 16068a4c-c2af-4cec-9eae-3ab2a53eaee7@group-A632E32F3323 replies to PRE_VOTE vote request: b0e58961-cf25-454a-a9d8-5016df2ce601<-16068a4c-c2af-4cec-9eae-3ab2a53eaee7#0:OK-t0. Peer's state: 16068a4c-c2af-4cec-9eae-3ab2a53eaee7@group-A632E32F3323:t0, leader=null, voted=, raftlog=Memoized:16068a4c-c2af-4cec-9eae-3ab2a53eaee7@group-A632E32F3323-SegmentedRaftLog:OPENED:c-1, conf=-1: peers:[b0e58961-cf25-454a-a9d8-5016df2ce601|rpc:10.1.0.13:15120|admin:10.1.0.13:15119|client:10.1.0.13:15118|dataStream:10.1.0.13:15121|priority:0|startupRole:FOLLOWER, 16068a4c-c2af-4cec-9eae-3ab2a53eaee7|rpc:10.1.0.13:15129|admin:10.1.0.13:15128|client:10.1.0.13:15127|dataStream:10.1.0.13:15130|priority:0|startupRole:FOLLOWER, 3a238b95-76ec-4438-89aa-518182fac512|rpc:10.1.0.13:15138|admin:10.1.0.13:15137|client:10.1.0.13:15136|dataStream:10.1.0.13:15139|priority:1|startupRole:FOLLOWER]|listeners:[], old=null
2023-07-05 13:43:33,625 [b0e58961-cf25-454a-a9d8-5016df2ce601@group-A632E32F3323-LeaderElection27] INFO  server.RaftServerConfigKeys (ConfUtils.java:logFallback(53)) - raft.server.rpc.first-election.timeout.min = 5s (fallback to raft.server.rpc.timeout.min)
2023-07-05 13:43:33,625 [b0e58961-cf25-454a-a9d8-5016df2ce601@group-A632E32F3323-LeaderElection27] INFO  server.RaftServerConfigKeys (ConfUtils.java:logFallback(53)) - raft.server.rpc.first-election.timeout.max = 5200ms (fallback to raft.server.rpc.timeout.max)
2023-07-05 13:43:33,630 [b0e58961-cf25-454a-a9d8-5016df2ce601@group-A632E32F3323-LeaderElection27-2] INFO  server.GrpcServerProtocolClient (GrpcServerProtocolClient.java:<init>(65)) - Build channel for 3a238b95-76ec-4438-89aa-518182fac512
2023-07-05 13:43:33,635 [3a238b95-76ec-4438-89aa-518182fac512@group-A632E32F3323-LeaderElection28] INFO  impl.LeaderElection (LeaderElection.java:askForVotes(321)) - 3a238b95-76ec-4438-89aa-518182fac512@group-A632E32F3323-LeaderElection28 PRE_VOTE round 0: submit vote requests at term 0 for -1: peers:[b0e58961-cf25-454a-a9d8-5016df2ce601|rpc:10.1.0.13:15120|admin:10.1.0.13:15119|client:10.1.0.13:15118|dataStream:10.1.0.13:15121|priority:0|startupRole:FOLLOWER, 16068a4c-c2af-4cec-9eae-3ab2a53eaee7|rpc:10.1.0.13:15129|admin:10.1.0.13:15128|client:10.1.0.13:15127|dataStream:10.1.0.13:15130|priority:0|startupRole:FOLLOWER, 3a238b95-76ec-4438-89aa-518182fac512|rpc:10.1.0.13:15138|admin:10.1.0.13:15137|client:10.1.0.13:15136|dataStream:10.1.0.13:15139|priority:1|startupRole:FOLLOWER]|listeners:[], old=null
2023-07-05 13:43:33,636 [3a238b95-76ec-4438-89aa-518182fac512@group-A632E32F3323-LeaderElection28-1] INFO  server.GrpcServerProtocolClient (GrpcServerProtocolClient.java:<init>(65)) - Build channel for b0e58961-cf25-454a-a9d8-5016df2ce601
2023-07-05 13:43:33,639 [3a238b95-76ec-4438-89aa-518182fac512@group-A632E32F3323-LeaderElection28] INFO  server.RaftServerConfigKeys (ConfUtils.java:logFallback(53)) - raft.server.rpc.first-election.timeout.min = 5s (fallback to raft.server.rpc.timeout.min)
2023-07-05 13:43:33,640 [3a238b95-76ec-4438-89aa-518182fac512@group-A632E32F3323-LeaderElection28] INFO  server.RaftServerConfigKeys (ConfUtils.java:logFallback(53)) - raft.server.rpc.first-election.timeout.max = 5200ms (fallback to raft.server.rpc.timeout.max)
2023-07-05 13:43:33,643 [grpc-default-executor-0] INFO  server.RaftServer$Division (RaftServerImpl.java:requestVote(1302)) - 3a238b95-76ec-4438-89aa-518182fac512@group-A632E32F3323: receive requestVote(PRE_VOTE, b0e58961-cf25-454a-a9d8-5016df2ce601, group-A632E32F3323, 0, (t:0, i:0))
2023-07-05 13:43:33,643 [grpc-default-executor-0] INFO  impl.VoteContext (VoteContext.java:log(49)) - 3a238b95-76ec-4438-89aa-518182fac512@group-A632E32F3323-CANDIDATE: reject PRE_VOTE from b0e58961-cf25-454a-a9d8-5016df2ce601: our priority 1 > candidate's priority 0
2023-07-05 13:43:33,643 [grpc-default-executor-0] INFO  server.RaftServer$Division (RaftServerImpl.java:requestVote(1335)) - 3a238b95-76ec-4438-89aa-518182fac512@group-A632E32F3323 replies to PRE_VOTE vote request: b0e58961-cf25-454a-a9d8-5016df2ce601<-3a238b95-76ec-4438-89aa-518182fac512#0:FAIL-t0. Peer's state: 3a238b95-76ec-4438-89aa-518182fac512@group-A632E32F3323:t0, leader=null, voted=, raftlog=Memoized:3a238b95-76ec-4438-89aa-518182fac512@group-A632E32F3323-SegmentedRaftLog:OPENED:c-1, conf=-1: peers:[b0e58961-cf25-454a-a9d8-5016df2ce601|rpc:10.1.0.13:15120|admin:10.1.0.13:15119|client:10.1.0.13:15118|dataStream:10.1.0.13:15121|priority:0|startupRole:FOLLOWER, 16068a4c-c2af-4cec-9eae-3ab2a53eaee7|rpc:10.1.0.13:15129|admin:10.1.0.13:15128|client:10.1.0.13:15127|dataStream:10.1.0.13:15130|priority:0|startupRole:FOLLOWER, 3a238b95-76ec-4438-89aa-518182fac512|rpc:10.1.0.13:15138|admin:10.1.0.13:15137|client:10.1.0.13:15136|dataStream:10.1.0.13:15139|priority:1|startupRole:FOLLOWER]|listeners:[], old=null
2023-07-05 13:43:33,645 [b0e58961-cf25-454a-a9d8-5016df2ce601@group-A632E32F3323-LeaderElection27] INFO  impl.LeaderElection (LeaderElection.java:logAndReturn(90)) - b0e58961-cf25-454a-a9d8-5016df2ce601@group-A632E32F3323-LeaderElection27: PRE_VOTE REJECTED received 2 response(s) and 0 exception(s):
2023-07-05 13:43:33,645 [b0e58961-cf25-454a-a9d8-5016df2ce601@group-A632E32F3323-LeaderElection27] INFO  impl.LeaderElection (LeaderElection.java:logAndReturn(94)) -   Response 0: b0e58961-cf25-454a-a9d8-5016df2ce601<-16068a4c-c2af-4cec-9eae-3ab2a53eaee7#0:OK-t0
2023-07-05 13:43:33,645 [b0e58961-cf25-454a-a9d8-5016df2ce601@group-A632E32F3323-LeaderElection27] INFO  impl.LeaderElection (LeaderElection.java:logAndReturn(94)) -   Response 1: b0e58961-cf25-454a-a9d8-5016df2ce601<-3a238b95-76ec-4438-89aa-518182fac512#0:FAIL-t0
2023-07-05 13:43:33,645 [b0e58961-cf25-454a-a9d8-5016df2ce601@group-A632E32F3323-LeaderElection27] INFO  impl.LeaderElection (LeaderElection.java:askForVotes(323)) - b0e58961-cf25-454a-a9d8-5016df2ce601@group-A632E32F3323-LeaderElection27 PRE_VOTE round 0: result REJECTED
2023-07-05 13:43:33,645 [b0e58961-cf25-454a-a9d8-5016df2ce601@group-A632E32F3323-LeaderElection27] INFO  server.RaftServer$Division (RaftServerImpl.java:setRole(329)) - b0e58961-cf25-454a-a9d8-5016df2ce601@group-A632E32F3323: changes role from CANDIDATE to FOLLOWER at term 0 for REJECTED
2023-07-05 13:43:33,645 [b0e58961-cf25-454a-a9d8-5016df2ce601@group-A632E32F3323-LeaderElection27] INFO  impl.RoleInfo (RoleInfo.java:shutdownLeaderElection(130)) - b0e58961-cf25-454a-a9d8-5016df2ce601: shutdown b0e58961-cf25-454a-a9d8-5016df2ce601@group-A632E32F3323-LeaderElection27
2023-07-05 13:43:33,645 [b0e58961-cf25-454a-a9d8-5016df2ce601@group-A632E32F3323-LeaderElection27] INFO  impl.RoleInfo (RoleInfo.java:updateAndGet(139)) - b0e58961-cf25-454a-a9d8-5016df2ce601: start b0e58961-cf25-454a-a9d8-5016df2ce601@group-A632E32F3323-FollowerState
2023-07-05 13:43:34,108 [3a238b95-76ec-4438-89aa-518182fac512@group-A632E32F3323-LeaderElection28-2] INFO  server.GrpcServerProtocolClient (GrpcServerProtocolClient.java:<init>(65)) - Build channel for 16068a4c-c2af-4cec-9eae-3ab2a53eaee7
2023-07-05 13:43:34,110 [grpc-default-executor-0] INFO  server.RaftServer$Division (RaftServerImpl.java:requestVote(1302)) - b0e58961-cf25-454a-a9d8-5016df2ce601@group-A632E32F3323: receive requestVote(PRE_VOTE, 3a238b95-76ec-4438-89aa-518182fac512, group-A632E32F3323, 0, (t:0, i:0))
2023-07-05 13:43:34,118 [ReplicationMonitor] INFO  replication.ReplicationManager (ReplicationManager.java:processAll(361)) - Replication Manager is not ready to run until 3000ms after safemode exit
2023-07-05 13:43:34,119 [JvmPauseMonitor15] WARN  util.JvmPauseMonitor (JvmPauseMonitor.java:detectPause(124)) - JvmPauseMonitor-om1: Detected pause in JVM or host machine approximately 0.143s with 0.456s GC time.
GC pool 'PS MarkSweep' had collection(s): count=1 time=263ms
GC pool 'PS Scavenge' had collection(s): count=1 time=193ms
2023-07-05 13:43:34,119 [JvmPauseMonitor16] WARN  util.JvmPauseMonitor (JvmPauseMonitor.java:detectPause(124)) - JvmPauseMonitor-b0e58961-cf25-454a-a9d8-5016df2ce601: Detected pause in JVM or host machine approximately 0.156s with 0.456s GC time.
GC pool 'PS MarkSweep' had collection(s): count=1 time=263ms
GC pool 'PS Scavenge' had collection(s): count=1 time=193ms
2023-07-05 13:43:34,119 [JvmPauseMonitor20] WARN  util.JvmPauseMonitor (JvmPauseMonitor.java:detectPause(124)) - JvmPauseMonitor-ba18fe3c-0fa2-4c47-a961-91b835f9fd0b: Detected pause in JVM or host machine approximately 0.261s with 0.456s GC time.
GC pool 'PS MarkSweep' had collection(s): count=1 time=263ms
GC pool 'PS Scavenge' had collection(s): count=1 time=193ms
2023-07-05 13:43:34,119 [3a238b95-76ec-4438-89aa-518182fac512@group-ADDF5938E3AB-FollowerState] WARN  impl.FollowerState (FollowerState.java:run(130)) - Unexpected long sleep: sleep 5164ms but took extra 303683671ns (> threshold = 300ms)
2023-07-05 13:43:34,119 [3a238b95-76ec-4438-89aa-518182fac512@group-ADDF5938E3AB-FollowerState] INFO  server.RaftServerConfigKeys (ConfUtils.java:logFallback(53)) - raft.server.rpc.first-election.timeout.min = 5s (fallback to raft.server.rpc.timeout.min)
2023-07-05 13:43:34,119 [16068a4c-c2af-4cec-9eae-3ab2a53eaee7@group-68679A1BB53A-FollowerState] WARN  impl.FollowerState (FollowerState.java:run(130)) - Unexpected long sleep: sleep 5097ms but took extra 314928523ns (> threshold = 300ms)
2023-07-05 13:43:34,119 [3a238b95-76ec-4438-89aa-518182fac512@group-ADDF5938E3AB-FollowerState] INFO  server.RaftServerConfigKeys (ConfUtils.java:logFallback(53)) - raft.server.rpc.first-election.timeout.max = 5200ms (fallback to raft.server.rpc.timeout.max)
2023-07-05 13:43:34,119 [16068a4c-c2af-4cec-9eae-3ab2a53eaee7@group-68679A1BB53A-FollowerState] INFO  server.RaftServerConfigKeys (ConfUtils.java:logFallback(53)) - raft.server.rpc.first-election.timeout.min = 5s (fallback to raft.server.rpc.timeout.min)
2023-07-05 13:43:34,119 [16068a4c-c2af-4cec-9eae-3ab2a53eaee7@group-68679A1BB53A-FollowerState] INFO  server.RaftServerConfigKeys (ConfUtils.java:logFallback(53)) - raft.server.rpc.first-election.timeout.max = 5200ms (fallback to raft.server.rpc.timeout.max)
2023-07-05 13:43:34,119 [Time-limited test] INFO  ozone.MiniOzoneClusterImpl (MiniOzoneClusterImpl.java:lambda$waitForClusterToBeReady$0(224)) - Nodes are ready. Got 5 of 5 DN Heartbeats.
2023-07-05 13:43:34,119 [Time-limited test] INFO  ozone.MiniOzoneClusterImpl (MiniOzoneClusterImpl.java:lambda$waitForClusterToBeReady$0(227)) - Waiting for cluster to exit safe mode
2023-07-05 13:43:34,119 [Time-limited test] INFO  ozone.MiniOzoneClusterImpl (MiniOzoneClusterImpl.java:lambda$waitForClusterToBeReady$0(229)) - SCM became leader
2023-07-05 13:43:34,120 [16068a4c-c2af-4cec-9eae-3ab2a53eaee7@group-A632E32F3323-FollowerState] WARN  impl.FollowerState (FollowerState.java:run(130)) - Unexpected long sleep: sleep 5199ms but took extra 377283750ns (> threshold = 300ms)
2023-07-05 13:43:34,120 [16068a4c-c2af-4cec-9eae-3ab2a53eaee7@group-A632E32F3323-FollowerState] INFO  server.RaftServerConfigKeys (ConfUtils.java:logFallback(53)) - raft.server.rpc.first-election.timeout.min = 5s (fallback to raft.server.rpc.timeout.min)
2023-07-05 13:43:34,120 [16068a4c-c2af-4cec-9eae-3ab2a53eaee7@group-A632E32F3323-FollowerState] INFO  server.RaftServerConfigKeys (ConfUtils.java:logFallback(53)) - raft.server.rpc.first-election.timeout.max = 5200ms (fallback to raft.server.rpc.timeout.max)
2023-07-05 13:43:34,120 [b0e58961-cf25-454a-a9d8-5016df2ce601@group-ADDF5938E3AB-FollowerState] WARN  impl.FollowerState (FollowerState.java:run(130)) - Unexpected long sleep: sleep 5135ms but took extra 409922217ns (> threshold = 300ms)
2023-07-05 13:43:34,120 [JvmPauseMonitor17] WARN  util.JvmPauseMonitor (JvmPauseMonitor.java:detectPause(124)) - JvmPauseMonitor-16068a4c-c2af-4cec-9eae-3ab2a53eaee7: Detected pause in JVM or host machine approximately 0.390s with 0.456s GC time.
GC pool 'PS MarkSweep' had collection(s): count=1 time=263ms
GC pool 'PS Scavenge' had collection(s): count=1 time=193ms
2023-07-05 13:43:34,120 [b0e58961-cf25-454a-a9d8-5016df2ce601@group-ADDF5938E3AB-FollowerState] INFO  server.RaftServerConfigKeys (ConfUtils.java:logFallback(53)) - raft.server.rpc.first-election.timeout.min = 5s (fallback to raft.server.rpc.timeout.min)
2023-07-05 13:43:34,120 [b0e58961-cf25-454a-a9d8-5016df2ce601@group-ADDF5938E3AB-FollowerState] INFO  server.RaftServerConfigKeys (ConfUtils.java:logFallback(53)) - raft.server.rpc.first-election.timeout.max = 5200ms (fallback to raft.server.rpc.timeout.max)
2023-07-05 13:43:34,126 [16068a4c-c2af-4cec-9eae-3ab2a53eaee7@group-ADDF5938E3AB-FollowerState] WARN  impl.FollowerState (FollowerState.java:run(130)) - Unexpected long sleep: sleep 5066ms but took extra 454690114ns (> threshold = 300ms)
2023-07-05 13:43:34,126 [16068a4c-c2af-4cec-9eae-3ab2a53eaee7@group-ADDF5938E3AB-FollowerState] INFO  server.RaftServerConfigKeys (ConfUtils.java:logFallback(53)) - raft.server.rpc.first-election.timeout.min = 5s (fallback to raft.server.rpc.timeout.min)
2023-07-05 13:43:34,126 [16068a4c-c2af-4cec-9eae-3ab2a53eaee7@group-ADDF5938E3AB-FollowerState] INFO  server.RaftServerConfigKeys (ConfUtils.java:logFallback(53)) - raft.server.rpc.first-election.timeout.max = 5200ms (fallback to raft.server.rpc.timeout.max)
2023-07-05 13:43:34,132 [grpc-default-executor-0] INFO  impl.VoteContext (VoteContext.java:log(49)) - b0e58961-cf25-454a-a9d8-5016df2ce601@group-A632E32F3323-FOLLOWER: accept PRE_VOTE from 3a238b95-76ec-4438-89aa-518182fac512: our priority 0 <= candidate's priority 1
2023-07-05 13:43:34,132 [grpc-default-executor-0] INFO  server.RaftServer$Division (RaftServerImpl.java:requestVote(1335)) - b0e58961-cf25-454a-a9d8-5016df2ce601@group-A632E32F3323 replies to PRE_VOTE vote request: 3a238b95-76ec-4438-89aa-518182fac512<-b0e58961-cf25-454a-a9d8-5016df2ce601#0:OK-t0. Peer's state: b0e58961-cf25-454a-a9d8-5016df2ce601@group-A632E32F3323:t0, leader=null, voted=, raftlog=Memoized:b0e58961-cf25-454a-a9d8-5016df2ce601@group-A632E32F3323-SegmentedRaftLog:OPENED:c-1, conf=-1: peers:[b0e58961-cf25-454a-a9d8-5016df2ce601|rpc:10.1.0.13:15120|admin:10.1.0.13:15119|client:10.1.0.13:15118|dataStream:10.1.0.13:15121|priority:0|startupRole:FOLLOWER, 16068a4c-c2af-4cec-9eae-3ab2a53eaee7|rpc:10.1.0.13:15129|admin:10.1.0.13:15128|client:10.1.0.13:15127|dataStream:10.1.0.13:15130|priority:0|startupRole:FOLLOWER, 3a238b95-76ec-4438-89aa-518182fac512|rpc:10.1.0.13:15138|admin:10.1.0.13:15137|client:10.1.0.13:15136|dataStream:10.1.0.13:15139|priority:1|startupRole:FOLLOWER]|listeners:[], old=null
2023-07-05 13:43:34,138 [3a238b95-76ec-4438-89aa-518182fac512@group-A632E32F3323-LeaderElection28] INFO  impl.LeaderElection (LeaderElection.java:logAndReturn(90)) - 3a238b95-76ec-4438-89aa-518182fac512@group-A632E32F3323-LeaderElection28: PRE_VOTE PASSED received 1 response(s) and 0 exception(s):
2023-07-05 13:43:34,138 [3a238b95-76ec-4438-89aa-518182fac512@group-A632E32F3323-LeaderElection28] INFO  impl.LeaderElection (LeaderElection.java:logAndReturn(94)) -   Response 0: 3a238b95-76ec-4438-89aa-518182fac512<-b0e58961-cf25-454a-a9d8-5016df2ce601#0:OK-t0
2023-07-05 13:43:34,138 [3a238b95-76ec-4438-89aa-518182fac512@group-A632E32F3323-LeaderElection28] INFO  impl.LeaderElection (LeaderElection.java:askForVotes(323)) - 3a238b95-76ec-4438-89aa-518182fac512@group-A632E32F3323-LeaderElection28 PRE_VOTE round 0: result PASSED
2023-07-05 13:43:34,140 [3a238b95-76ec-4438-89aa-518182fac512@group-A632E32F3323-LeaderElection28] INFO  impl.LeaderElection (LeaderElection.java:askForVotes(321)) - 3a238b95-76ec-4438-89aa-518182fac512@group-A632E32F3323-LeaderElection28 ELECTION round 0: submit vote requests at term 1 for -1: peers:[b0e58961-cf25-454a-a9d8-5016df2ce601|rpc:10.1.0.13:15120|admin:10.1.0.13:15119|client:10.1.0.13:15118|dataStream:10.1.0.13:15121|priority:0|startupRole:FOLLOWER, 16068a4c-c2af-4cec-9eae-3ab2a53eaee7|rpc:10.1.0.13:15129|admin:10.1.0.13:15128|client:10.1.0.13:15127|dataStream:10.1.0.13:15130|priority:0|startupRole:FOLLOWER, 3a238b95-76ec-4438-89aa-518182fac512|rpc:10.1.0.13:15138|admin:10.1.0.13:15137|client:10.1.0.13:15136|dataStream:10.1.0.13:15139|priority:1|startupRole:FOLLOWER]|listeners:[], old=null
2023-07-05 13:43:34,146 [3a238b95-76ec-4438-89aa-518182fac512@group-A632E32F3323-LeaderElection28] INFO  server.RaftServerConfigKeys (ConfUtils.java:logFallback(53)) - raft.server.rpc.first-election.timeout.min = 5s (fallback to raft.server.rpc.timeout.min)
2023-07-05 13:43:34,146 [3a238b95-76ec-4438-89aa-518182fac512@group-A632E32F3323-LeaderElection28] INFO  server.RaftServerConfigKeys (ConfUtils.java:logFallback(53)) - raft.server.rpc.first-election.timeout.max = 5200ms (fallback to raft.server.rpc.timeout.max)
2023-07-05 13:43:34,147 [grpc-default-executor-0] INFO  server.RaftServer$Division (RaftServerImpl.java:requestVote(1302)) - 16068a4c-c2af-4cec-9eae-3ab2a53eaee7@group-A632E32F3323: receive requestVote(PRE_VOTE, 3a238b95-76ec-4438-89aa-518182fac512, group-A632E32F3323, 0, (t:0, i:0))
2023-07-05 13:43:34,147 [grpc-default-executor-0] INFO  impl.VoteContext (VoteContext.java:log(49)) - 16068a4c-c2af-4cec-9eae-3ab2a53eaee7@group-A632E32F3323-FOLLOWER: accept PRE_VOTE from 3a238b95-76ec-4438-89aa-518182fac512: our priority 0 <= candidate's priority 1
2023-07-05 13:43:34,147 [grpc-default-executor-0] INFO  server.RaftServer$Division (RaftServerImpl.java:requestVote(1335)) - 16068a4c-c2af-4cec-9eae-3ab2a53eaee7@group-A632E32F3323 replies to PRE_VOTE vote request: 3a238b95-76ec-4438-89aa-518182fac512<-16068a4c-c2af-4cec-9eae-3ab2a53eaee7#0:OK-t0. Peer's state: 16068a4c-c2af-4cec-9eae-3ab2a53eaee7@group-A632E32F3323:t0, leader=null, voted=, raftlog=Memoized:16068a4c-c2af-4cec-9eae-3ab2a53eaee7@group-A632E32F3323-SegmentedRaftLog:OPENED:c-1, conf=-1: peers:[b0e58961-cf25-454a-a9d8-5016df2ce601|rpc:10.1.0.13:15120|admin:10.1.0.13:15119|client:10.1.0.13:15118|dataStream:10.1.0.13:15121|priority:0|startupRole:FOLLOWER, 16068a4c-c2af-4cec-9eae-3ab2a53eaee7|rpc:10.1.0.13:15129|admin:10.1.0.13:15128|client:10.1.0.13:15127|dataStream:10.1.0.13:15130|priority:0|startupRole:FOLLOWER, 3a238b95-76ec-4438-89aa-518182fac512|rpc:10.1.0.13:15138|admin:10.1.0.13:15137|client:10.1.0.13:15136|dataStream:10.1.0.13:15139|priority:1|startupRole:FOLLOWER]|listeners:[], old=null
2023-07-05 13:43:34,157 [grpc-default-executor-1] INFO  server.RaftServer$Division (RaftServerImpl.java:requestVote(1302)) - b0e58961-cf25-454a-a9d8-5016df2ce601@group-A632E32F3323: receive requestVote(ELECTION, 3a238b95-76ec-4438-89aa-518182fac512, group-A632E32F3323, 1, (t:0, i:0))
2023-07-05 13:43:34,157 [grpc-default-executor-1] INFO  impl.VoteContext (VoteContext.java:log(49)) - b0e58961-cf25-454a-a9d8-5016df2ce601@group-A632E32F3323-FOLLOWER: accept ELECTION from 3a238b95-76ec-4438-89aa-518182fac512: our priority 0 <= candidate's priority 1
2023-07-05 13:43:34,157 [grpc-default-executor-1] INFO  server.RaftServer$Division (RaftServerImpl.java:setRole(329)) - b0e58961-cf25-454a-a9d8-5016df2ce601@group-A632E32F3323: changes role from  FOLLOWER to FOLLOWER at term 1 for candidate:3a238b95-76ec-4438-89aa-518182fac512
2023-07-05 13:43:34,157 [grpc-default-executor-1] INFO  impl.RoleInfo (RoleInfo.java:shutdownFollowerState(110)) - b0e58961-cf25-454a-a9d8-5016df2ce601: shutdown b0e58961-cf25-454a-a9d8-5016df2ce601@group-A632E32F3323-FollowerState
2023-07-05 13:43:34,158 [b0e58961-cf25-454a-a9d8-5016df2ce601@group-A632E32F3323-FollowerState] INFO  impl.FollowerState (FollowerState.java:run(152)) - b0e58961-cf25-454a-a9d8-5016df2ce601@group-A632E32F3323-FollowerState was interrupted
2023-07-05 13:43:34,158 [grpc-default-executor-1] INFO  impl.RoleInfo (RoleInfo.java:updateAndGet(139)) - b0e58961-cf25-454a-a9d8-5016df2ce601: start b0e58961-cf25-454a-a9d8-5016df2ce601@group-A632E32F3323-FollowerState
2023-07-05 13:43:34,160 [grpc-default-executor-2] INFO  server.RaftServer$Division (RaftServerImpl.java:requestVote(1302)) - 16068a4c-c2af-4cec-9eae-3ab2a53eaee7@group-A632E32F3323: receive requestVote(ELECTION, 3a238b95-76ec-4438-89aa-518182fac512, group-A632E32F3323, 1, (t:0, i:0))
2023-07-05 13:43:34,162 [grpc-default-executor-2] INFO  impl.VoteContext (VoteContext.java:log(49)) - 16068a4c-c2af-4cec-9eae-3ab2a53eaee7@group-A632E32F3323-FOLLOWER: accept ELECTION from 3a238b95-76ec-4438-89aa-518182fac512: our priority 0 <= candidate's priority 1
2023-07-05 13:43:34,162 [grpc-default-executor-1] INFO  server.RaftServer$Division (RaftServerImpl.java:requestVote(1335)) - b0e58961-cf25-454a-a9d8-5016df2ce601@group-A632E32F3323 replies to ELECTION vote request: 3a238b95-76ec-4438-89aa-518182fac512<-b0e58961-cf25-454a-a9d8-5016df2ce601#0:OK-t1. Peer's state: b0e58961-cf25-454a-a9d8-5016df2ce601@group-A632E32F3323:t1, leader=null, voted=3a238b95-76ec-4438-89aa-518182fac512, raftlog=Memoized:b0e58961-cf25-454a-a9d8-5016df2ce601@group-A632E32F3323-SegmentedRaftLog:OPENED:c-1, conf=-1: peers:[b0e58961-cf25-454a-a9d8-5016df2ce601|rpc:10.1.0.13:15120|admin:10.1.0.13:15119|client:10.1.0.13:15118|dataStream:10.1.0.13:15121|priority:0|startupRole:FOLLOWER, 16068a4c-c2af-4cec-9eae-3ab2a53eaee7|rpc:10.1.0.13:15129|admin:10.1.0.13:15128|client:10.1.0.13:15127|dataStream:10.1.0.13:15130|priority:0|startupRole:FOLLOWER, 3a238b95-76ec-4438-89aa-518182fac512|rpc:10.1.0.13:15138|admin:10.1.0.13:15137|client:10.1.0.13:15136|dataStream:10.1.0.13:15139|priority:1|startupRole:FOLLOWER]|listeners:[], old=null
2023-07-05 13:43:34,162 [grpc-default-executor-2] INFO  server.RaftServer$Division (RaftServerImpl.java:setRole(329)) - 16068a4c-c2af-4cec-9eae-3ab2a53eaee7@group-A632E32F3323: changes role from  FOLLOWER to FOLLOWER at term 1 for candidate:3a238b95-76ec-4438-89aa-518182fac512
2023-07-05 13:43:34,162 [grpc-default-executor-2] INFO  impl.RoleInfo (RoleInfo.java:shutdownFollowerState(110)) - 16068a4c-c2af-4cec-9eae-3ab2a53eaee7: shutdown 16068a4c-c2af-4cec-9eae-3ab2a53eaee7@group-A632E32F3323-FollowerState
2023-07-05 13:43:34,162 [grpc-default-executor-2] INFO  impl.RoleInfo (RoleInfo.java:updateAndGet(139)) - 16068a4c-c2af-4cec-9eae-3ab2a53eaee7: start 16068a4c-c2af-4cec-9eae-3ab2a53eaee7@group-A632E32F3323-FollowerState
2023-07-05 13:43:34,163 [16068a4c-c2af-4cec-9eae-3ab2a53eaee7@group-A632E32F3323-FollowerState] INFO  impl.FollowerState (FollowerState.java:run(152)) - 16068a4c-c2af-4cec-9eae-3ab2a53eaee7@group-A632E32F3323-FollowerState was interrupted
2023-07-05 13:43:34,164 [3a238b95-76ec-4438-89aa-518182fac512@group-A632E32F3323-LeaderElection28] INFO  impl.LeaderElection (LeaderElection.java:logAndReturn(90)) - 3a238b95-76ec-4438-89aa-518182fac512@group-A632E32F3323-LeaderElection28: ELECTION PASSED received 1 response(s) and 0 exception(s):
2023-07-05 13:43:34,164 [3a238b95-76ec-4438-89aa-518182fac512@group-A632E32F3323-LeaderElection28] INFO  impl.LeaderElection (LeaderElection.java:logAndReturn(94)) -   Response 0: 3a238b95-76ec-4438-89aa-518182fac512<-b0e58961-cf25-454a-a9d8-5016df2ce601#0:OK-t1
2023-07-05 13:43:34,164 [3a238b95-76ec-4438-89aa-518182fac512@group-A632E32F3323-LeaderElection28] INFO  impl.LeaderElection (LeaderElection.java:askForVotes(323)) - 3a238b95-76ec-4438-89aa-518182fac512@group-A632E32F3323-LeaderElection28 ELECTION round 0: result PASSED
2023-07-05 13:43:34,164 [3a238b95-76ec-4438-89aa-518182fac512@group-A632E32F3323-LeaderElection28] INFO  impl.RoleInfo (RoleInfo.java:shutdownLeaderElection(130)) - 3a238b95-76ec-4438-89aa-518182fac512: shutdown 3a238b95-76ec-4438-89aa-518182fac512@group-A632E32F3323-LeaderElection28
2023-07-05 13:43:34,164 [3a238b95-76ec-4438-89aa-518182fac512@group-A632E32F3323-LeaderElection28] INFO  server.RaftServer$Division (RaftServerImpl.java:setRole(329)) - 3a238b95-76ec-4438-89aa-518182fac512@group-A632E32F3323: changes role from CANDIDATE to LEADER at term 1 for changeToLeader
2023-07-05 13:43:34,164 [3a238b95-76ec-4438-89aa-518182fac512@group-A632E32F3323-LeaderElection28] INFO  ratis.XceiverServerRatis (XceiverServerRatis.java:handleLeaderChangedNotification(902)) - Leader change notification received for group: group-A632E32F3323 with new leaderId: 3a238b95-76ec-4438-89aa-518182fac512
2023-07-05 13:43:34,164 [3a238b95-76ec-4438-89aa-518182fac512@group-A632E32F3323-LeaderElection28] INFO  server.RaftServer$Division (ServerState.java:setLeader(317)) - 3a238b95-76ec-4438-89aa-518182fac512@group-A632E32F3323: change Leader from null to 3a238b95-76ec-4438-89aa-518182fac512 at term 1 for becomeLeader, leader elected after 5699ms
2023-07-05 13:43:34,164 [3a238b95-76ec-4438-89aa-518182fac512@group-A632E32F3323-LeaderElection28] INFO  server.RaftServerConfigKeys (ConfUtils.java:logGet(46)) - raft.server.staging.catchup.gap = 1000 (default)
2023-07-05 13:43:34,165 [3a238b95-76ec-4438-89aa-518182fac512@group-A632E32F3323-LeaderElection28] INFO  server.RaftServerConfigKeys (ConfUtils.java:logGet(46)) - raft.server.write.element-limit = 1024 (custom)
2023-07-05 13:43:34,165 [3a238b95-76ec-4438-89aa-518182fac512@group-A632E32F3323-LeaderElection28] INFO  server.RaftServerConfigKeys (ConfUtils.java:logGet(46)) - raft.server.write.byte-limit = 1024 M (=1073741824) (custom)
2023-07-05 13:43:34,165 [3a238b95-76ec-4438-89aa-518182fac512@group-A632E32F3323-LeaderElection28] INFO  server.RaftServerConfigKeys (ConfUtils.java:logGet(46)) - raft.server.watch.timeout = 180s (custom)
2023-07-05 13:43:34,165 [3a238b95-76ec-4438-89aa-518182fac512@group-A632E32F3323-LeaderElection28] INFO  server.RaftServerConfigKeys (ConfUtils.java:logGet(46)) - raft.server.watch.timeout.denomination = 1s (default)
2023-07-05 13:43:34,165 [3a238b95-76ec-4438-89aa-518182fac512@group-A632E32F3323-LeaderElection28] INFO  server.RaftServerConfigKeys (ConfUtils.java:logGet(46)) - raft.server.watch.element-limit = 65536 (default)
2023-07-05 13:43:34,165 [3a238b95-76ec-4438-89aa-518182fac512@group-A632E32F3323-LeaderElection28] INFO  server.RaftServerConfigKeys (ConfUtils.java:logGet(46)) - raft.server.write.element-limit = 1024 (custom)
2023-07-05 13:43:34,165 [3a238b95-76ec-4438-89aa-518182fac512@group-A632E32F3323-LeaderElection28] INFO  server.RaftServerConfigKeys (ConfUtils.java:logGet(46)) - raft.server.write.follower.gap.ratio.max = -1.0 (default)
2023-07-05 13:43:34,166 [3a238b95-76ec-4438-89aa-518182fac512@group-A632E32F3323-LeaderElection28] INFO  server.RaftServerConfigKeys (ConfUtils.java:logGet(46)) - raft.server.log.appender.snapshot.chunk.size.max = 16MB (=16777216) (default)
2023-07-05 13:43:34,166 [3a238b95-76ec-4438-89aa-518182fac512@group-A632E32F3323-LeaderElection28] INFO  server.RaftServerConfigKeys (ConfUtils.java:logGet(46)) - raft.server.log.appender.buffer.byte-limit = 33554432 (custom)
2023-07-05 13:43:34,166 [3a238b95-76ec-4438-89aa-518182fac512@group-A632E32F3323-LeaderElection28] INFO  server.RaftServerConfigKeys (ConfUtils.java:logGet(46)) - raft.server.log.appender.buffer.element-limit = 1 (custom)
2023-07-05 13:43:34,166 [3a238b95-76ec-4438-89aa-518182fac512@group-A632E32F3323-LeaderElection28] INFO  server.RaftServerConfigKeys (ConfUtils.java:logGet(46)) - raft.server.log.appender.wait-time.min = 10ms (default)
2023-07-05 13:43:34,166 [3a238b95-76ec-4438-89aa-518182fac512@group-A632E32F3323-LeaderElection28] INFO  grpc.GrpcConfigKeys (ConfUtils.java:logGet(46)) - raft.grpc.server.leader.outstanding.appends.max = 128 (default)
2023-07-05 13:43:34,166 [3a238b95-76ec-4438-89aa-518182fac512@group-A632E32F3323-LeaderElection28] INFO  server.RaftServerConfigKeys (ConfUtils.java:logGet(46)) - raft.server.rpc.request.timeout = 60s (custom)
2023-07-05 13:43:34,166 [3a238b95-76ec-4438-89aa-518182fac512@group-A632E32F3323-LeaderElection28] INFO  grpc.GrpcConfigKeys (ConfUtils.java:logGet(46)) - raft.grpc.server.install_snapshot.request.element-limit = 8 (default)
2023-07-05 13:43:34,167 [grpc-default-executor-2] INFO  server.RaftServer$Division (RaftServerImpl.java:requestVote(1335)) - 16068a4c-c2af-4cec-9eae-3ab2a53eaee7@group-A632E32F3323 replies to ELECTION vote request: 3a238b95-76ec-4438-89aa-518182fac512<-16068a4c-c2af-4cec-9eae-3ab2a53eaee7#0:OK-t1. Peer's state: 16068a4c-c2af-4cec-9eae-3ab2a53eaee7@group-A632E32F3323:t1, leader=null, voted=3a238b95-76ec-4438-89aa-518182fac512, raftlog=Memoized:16068a4c-c2af-4cec-9eae-3ab2a53eaee7@group-A632E32F3323-SegmentedRaftLog:OPENED:c-1, conf=-1: peers:[b0e58961-cf25-454a-a9d8-5016df2ce601|rpc:10.1.0.13:15120|admin:10.1.0.13:15119|client:10.1.0.13:15118|dataStream:10.1.0.13:15121|priority:0|startupRole:FOLLOWER, 16068a4c-c2af-4cec-9eae-3ab2a53eaee7|rpc:10.1.0.13:15129|admin:10.1.0.13:15128|client:10.1.0.13:15127|dataStream:10.1.0.13:15130|priority:0|startupRole:FOLLOWER, 3a238b95-76ec-4438-89aa-518182fac512|rpc:10.1.0.13:15138|admin:10.1.0.13:15137|client:10.1.0.13:15136|dataStream:10.1.0.13:15139|priority:1|startupRole:FOLLOWER]|listeners:[], old=null
2023-07-05 13:43:34,168 [EventQueue-PipelineReportForPipelineReportHandler] INFO  pipeline.PipelineReportHandler (PipelineReportHandler.java:processPipelineReport(136)) - Opened pipeline PipelineID=eb357a06-a827-4663-9bed-a632e32f3323
2023-07-05 13:43:34,168 [EventQueue-OpenPipelineForHealthyPipelineSafeModeRule] INFO  safemode.SCMSafeModeManager (HealthyPipelineSafeModeRule.java:process(137)) - SCM in safe mode. Healthy pipelines reported count is 1, required healthy pipeline reported count is 1
2023-07-05 13:43:34,168 [3a238b95-76ec-4438-89aa-518182fac512@group-A632E32F3323-LeaderElection28] INFO  grpc.GrpcConfigKeys (ConfUtils.java:logGet(46)) - raft.grpc.server.install_snapshot.request.timeout = 3000ms (default)
2023-07-05 13:43:34,168 [EventQueue-OpenPipelineForHealthyPipelineSafeModeRule] INFO  safemode.SCMSafeModeManager (SCMSafeModeManager.java:validateSafeModeExitRules(200)) - HealthyPipelineSafeModeRule rule is successfully validated
2023-07-05 13:43:34,168 [EventQueue-OpenPipelineForHealthyPipelineSafeModeRule] INFO  safemode.SCMSafeModeManager (SCMSafeModeManager.java:validateSafeModeExitRules(215)) - ScmSafeModeManager, all rules are successfully validated
2023-07-05 13:43:34,168 [EventQueue-OpenPipelineForHealthyPipelineSafeModeRule] INFO  safemode.SCMSafeModeManager (SCMSafeModeManager.java:exitSafeMode(244)) - SCM exiting safe mode.
2023-07-05 13:43:34,168 [3a238b95-76ec-4438-89aa-518182fac512@group-A632E32F3323-LeaderElection28] INFO  server.RaftServerConfigKeys (ConfUtils.java:logGet(46)) - raft.server.log.appender.install.snapshot.enabled = false (custom)
2023-07-05 13:43:34,168 [EventQueue-OpenPipelineForHealthyPipelineSafeModeRule] INFO  ha.SCMContext (SCMContext.java:updateSafeModeStatus(228)) - Update SafeModeStatus from SafeModeStatus{safeModeStatus=true, preCheckPassed=true} to SafeModeStatus{safeModeStatus=false, preCheckPassed=true}.
2023-07-05 13:43:34,169 [3a238b95-76ec-4438-89aa-518182fac512@group-A632E32F3323-LeaderElection28] INFO  grpc.GrpcConfigKeys (ConfUtils.java:logGet(46)) - raft.grpc.server.heartbeat.channel = true (default)
2023-07-05 13:43:34,169 [EventQueue-OpenPipelineForHealthyPipelineSafeModeRule] INFO  pipeline.BackgroundPipelineCreator (BackgroundPipelineCreator.java:notifyStatusChanged(255)) - Service BackgroundPipelineCreator transitions to RUNNING.
2023-07-05 13:43:34,169 [EventQueue-OpenPipelineForHealthyPipelineSafeModeRule] INFO  BackgroundPipelineScrubber (BackgroundSCMService.java:notifyStatusChanged(82)) - Service BackgroundPipelineScrubber transitions to RUNNING.
2023-07-05 13:43:34,169 [EventQueue-OpenPipelineForHealthyPipelineSafeModeRule] INFO  ExpiredContainerReplicaOpScrubber (BackgroundSCMService.java:notifyStatusChanged(82)) - Service ExpiredContainerReplicaOpScrubber transitions to RUNNING.
2023-07-05 13:43:34,169 [EventQueue-OpenPipelineForHealthyPipelineSafeModeRule] INFO  replication.ReplicationManager (ReplicationManager.java:notifyStatusChanged(1366)) - Service ReplicationManager transitions to RUNNING.
2023-07-05 13:43:34,169 [3a238b95-76ec-4438-89aa-518182fac512@group-A632E32F3323-LeaderElection28] INFO  server.RaftServerConfigKeys (ConfUtils.java:logGet(46)) - raft.server.log.appender.snapshot.chunk.size.max = 16MB (=16777216) (default)
2023-07-05 13:43:34,169 [3a238b95-76ec-4438-89aa-518182fac512@group-A632E32F3323-LeaderElection28] INFO  server.RaftServerConfigKeys (ConfUtils.java:logGet(46)) - raft.server.log.appender.buffer.byte-limit = 33554432 (custom)
2023-07-05 13:43:34,169 [EventQueue-OpenPipelineForHealthyPipelineSafeModeRule] WARN  balancer.ContainerBalancer (ContainerBalancer.java:shouldRun(134)) - Could not find persisted configuration for ContainerBalancer when checking if ContainerBalancer should run. ContainerBalancer should not run now.
2023-07-05 13:43:34,169 [3a238b95-76ec-4438-89aa-518182fac512@group-A632E32F3323-LeaderElection28] INFO  server.RaftServerConfigKeys (ConfUtils.java:logGet(46)) - raft.server.log.appender.buffer.element-limit = 1 (custom)
2023-07-05 13:43:34,170 [3a238b95-76ec-4438-89aa-518182fac512@group-A632E32F3323-LeaderElection28] INFO  server.RaftServerConfigKeys (ConfUtils.java:logGet(46)) - raft.server.log.appender.wait-time.min = 10ms (default)
2023-07-05 13:43:34,170 [3a238b95-76ec-4438-89aa-518182fac512@group-A632E32F3323-LeaderElection28] INFO  grpc.GrpcConfigKeys (ConfUtils.java:logGet(46)) - raft.grpc.server.leader.outstanding.appends.max = 128 (default)
2023-07-05 13:43:34,170 [3a238b95-76ec-4438-89aa-518182fac512@group-A632E32F3323-LeaderElection28] INFO  server.RaftServerConfigKeys (ConfUtils.java:logGet(46)) - raft.server.rpc.request.timeout = 60s (custom)
2023-07-05 13:43:34,170 [3a238b95-76ec-4438-89aa-518182fac512@group-A632E32F3323-LeaderElection28] INFO  grpc.GrpcConfigKeys (ConfUtils.java:logGet(46)) - raft.grpc.server.install_snapshot.request.element-limit = 8 (default)
2023-07-05 13:43:34,170 [3a238b95-76ec-4438-89aa-518182fac512@group-A632E32F3323-LeaderElection28] INFO  grpc.GrpcConfigKeys (ConfUtils.java:logGet(46)) - raft.grpc.server.install_snapshot.request.timeout = 3000ms (default)
2023-07-05 13:43:34,170 [3a238b95-76ec-4438-89aa-518182fac512@group-A632E32F3323-LeaderElection28] INFO  server.RaftServerConfigKeys (ConfUtils.java:logGet(46)) - raft.server.log.appender.install.snapshot.enabled = false (custom)
2023-07-05 13:43:34,170 [3a238b95-76ec-4438-89aa-518182fac512@group-A632E32F3323-LeaderElection28] INFO  grpc.GrpcConfigKeys (ConfUtils.java:logGet(46)) - raft.grpc.server.heartbeat.channel = true (default)
2023-07-05 13:43:34,170 [3a238b95-76ec-4438-89aa-518182fac512@group-A632E32F3323-LeaderElection28] INFO  impl.RoleInfo (RoleInfo.java:updateAndGet(139)) - 3a238b95-76ec-4438-89aa-518182fac512: start 3a238b95-76ec-4438-89aa-518182fac512@group-A632E32F3323-LeaderStateImpl
2023-07-05 13:43:34,170 [3a238b95-76ec-4438-89aa-518182fac512@group-A632E32F3323-LeaderElection28] INFO  segmented.SegmentedRaftLogWorker (SegmentedRaftLogWorker.java:startLogSegment(447)) - 3a238b95-76ec-4438-89aa-518182fac512@group-A632E32F3323-SegmentedRaftLogWorker: Starting segment from index:0
2023-07-05 13:43:34,176 [3a238b95-76ec-4438-89aa-518182fac512@group-A632E32F3323-LeaderElection28] INFO  server.RaftServer$Division (ServerState.java:setRaftConf(434)) - 3a238b95-76ec-4438-89aa-518182fac512@group-A632E32F3323: set configuration 0: peers:[b0e58961-cf25-454a-a9d8-5016df2ce601|rpc:10.1.0.13:15120|admin:10.1.0.13:15119|client:10.1.0.13:15118|dataStream:10.1.0.13:15121|priority:0|startupRole:FOLLOWER, 16068a4c-c2af-4cec-9eae-3ab2a53eaee7|rpc:10.1.0.13:15129|admin:10.1.0.13:15128|client:10.1.0.13:15127|dataStream:10.1.0.13:15130|priority:0|startupRole:FOLLOWER, 3a238b95-76ec-4438-89aa-518182fac512|rpc:10.1.0.13:15138|admin:10.1.0.13:15137|client:10.1.0.13:15136|dataStream:10.1.0.13:15139|priority:1|startupRole:FOLLOWER]|listeners:[], old=null
2023-07-05 13:43:34,177 [3a238b95-76ec-4438-89aa-518182fac512@group-A632E32F3323-SegmentedRaftLogWorker] INFO  segmented.SegmentedRaftLogWorker (SegmentedRaftLogWorker.java:execute(651)) - 3a238b95-76ec-4438-89aa-518182fac512@group-A632E32F3323-SegmentedRaftLogWorker: created new log segment /home/runner/work/ozone/ozone/hadoop-ozone/integration-test/target/test-dir/MiniOzoneClusterImpl-c098677b-f883-4488-a97e-c9984f4b1973/datanode-2/data/ratis/eb357a06-a827-4663-9bed-a632e32f3323/current/log_inprogress_0
2023-07-05 13:43:34,195 [b0e58961-cf25-454a-a9d8-5016df2ce601-server-thread1] INFO  ratis.XceiverServerRatis (XceiverServerRatis.java:handleLeaderChangedNotification(902)) - Leader change notification received for group: group-A632E32F3323 with new leaderId: 3a238b95-76ec-4438-89aa-518182fac512
2023-07-05 13:43:34,195 [b0e58961-cf25-454a-a9d8-5016df2ce601-server-thread1] INFO  server.RaftServer$Division (ServerState.java:setLeader(317)) - b0e58961-cf25-454a-a9d8-5016df2ce601@group-A632E32F3323: change Leader from null to 3a238b95-76ec-4438-89aa-518182fac512 at term 1 for appendEntries, leader elected after 5772ms
2023-07-05 13:43:34,197 [b0e58961-cf25-454a-a9d8-5016df2ce601-server-thread1] INFO  server.RaftServer$Division (ServerState.java:setRaftConf(434)) - b0e58961-cf25-454a-a9d8-5016df2ce601@group-A632E32F3323: set configuration 0: peers:[b0e58961-cf25-454a-a9d8-5016df2ce601|rpc:10.1.0.13:15120|admin:10.1.0.13:15119|client:10.1.0.13:15118|dataStream:10.1.0.13:15121|priority:0|startupRole:FOLLOWER, 16068a4c-c2af-4cec-9eae-3ab2a53eaee7|rpc:10.1.0.13:15129|admin:10.1.0.13:15128|client:10.1.0.13:15127|dataStream:10.1.0.13:15130|priority:0|startupRole:FOLLOWER, 3a238b95-76ec-4438-89aa-518182fac512|rpc:10.1.0.13:15138|admin:10.1.0.13:15137|client:10.1.0.13:15136|dataStream:10.1.0.13:15139|priority:1|startupRole:FOLLOWER]|listeners:[], old=null
2023-07-05 13:43:34,197 [b0e58961-cf25-454a-a9d8-5016df2ce601-server-thread1] INFO  segmented.SegmentedRaftLogWorker (SegmentedRaftLogWorker.java:startLogSegment(447)) - b0e58961-cf25-454a-a9d8-5016df2ce601@group-A632E32F3323-SegmentedRaftLogWorker: Starting segment from index:0
2023-07-05 13:43:34,198 [b0e58961-cf25-454a-a9d8-5016df2ce601@group-A632E32F3323-SegmentedRaftLogWorker] INFO  segmented.SegmentedRaftLogWorker (SegmentedRaftLogWorker.java:execute(651)) - b0e58961-cf25-454a-a9d8-5016df2ce601@group-A632E32F3323-SegmentedRaftLogWorker: created new log segment /home/runner/work/ozone/ozone/hadoop-ozone/integration-test/target/test-dir/MiniOzoneClusterImpl-c098677b-f883-4488-a97e-c9984f4b1973/datanode-0/data/ratis/eb357a06-a827-4663-9bed-a632e32f3323/current/log_inprogress_0
2023-07-05 13:43:34,203 [16068a4c-c2af-4cec-9eae-3ab2a53eaee7-server-thread1] INFO  ratis.XceiverServerRatis (XceiverServerRatis.java:handleLeaderChangedNotification(902)) - Leader change notification received for group: group-A632E32F3323 with new leaderId: 3a238b95-76ec-4438-89aa-518182fac512
2023-07-05 13:43:34,203 [16068a4c-c2af-4cec-9eae-3ab2a53eaee7-server-thread1] INFO  server.RaftServer$Division (ServerState.java:setLeader(317)) - 16068a4c-c2af-4cec-9eae-3ab2a53eaee7@group-A632E32F3323: change Leader from null to 3a238b95-76ec-4438-89aa-518182fac512 at term 1 for appendEntries, leader elected after 5684ms
2023-07-05 13:43:34,216 [16068a4c-c2af-4cec-9eae-3ab2a53eaee7-server-thread2] INFO  server.RaftServer$Division (ServerState.java:setRaftConf(434)) - 16068a4c-c2af-4cec-9eae-3ab2a53eaee7@group-A632E32F3323: set configuration 0: peers:[b0e58961-cf25-454a-a9d8-5016df2ce601|rpc:10.1.0.13:15120|admin:10.1.0.13:15119|client:10.1.0.13:15118|dataStream:10.1.0.13:15121|priority:0|startupRole:FOLLOWER, 16068a4c-c2af-4cec-9eae-3ab2a53eaee7|rpc:10.1.0.13:15129|admin:10.1.0.13:15128|client:10.1.0.13:15127|dataStream:10.1.0.13:15130|priority:0|startupRole:FOLLOWER, 3a238b95-76ec-4438-89aa-518182fac512|rpc:10.1.0.13:15138|admin:10.1.0.13:15137|client:10.1.0.13:15136|dataStream:10.1.0.13:15139|priority:1|startupRole:FOLLOWER]|listeners:[], old=null
2023-07-05 13:43:34,216 [16068a4c-c2af-4cec-9eae-3ab2a53eaee7-server-thread2] INFO  segmented.SegmentedRaftLogWorker (SegmentedRaftLogWorker.java:startLogSegment(447)) - 16068a4c-c2af-4cec-9eae-3ab2a53eaee7@group-A632E32F3323-SegmentedRaftLogWorker: Starting segment from index:0
2023-07-05 13:43:34,218 [16068a4c-c2af-4cec-9eae-3ab2a53eaee7@group-A632E32F3323-SegmentedRaftLogWorker] INFO  segmented.SegmentedRaftLogWorker (SegmentedRaftLogWorker.java:execute(651)) - 16068a4c-c2af-4cec-9eae-3ab2a53eaee7@group-A632E32F3323-SegmentedRaftLogWorker: created new log segment /home/runner/work/ozone/ozone/hadoop-ozone/integration-test/target/test-dir/MiniOzoneClusterImpl-c098677b-f883-4488-a97e-c9984f4b1973/datanode-1/data/ratis/eb357a06-a827-4663-9bed-a632e32f3323/current/log_inprogress_0
2023-07-05 13:43:34,227 [3a238b95-76ec-4438-89aa-518182fac512@group-1BEF81DCC401-FollowerState] INFO  impl.FollowerState (FollowerState.java:run(143)) - 3a238b95-76ec-4438-89aa-518182fac512@group-1BEF81DCC401-FollowerState: change to CANDIDATE, lastRpcElapsedTime:5109477722ns, electionTimeout:5109ms
2023-07-05 13:43:34,227 [3a238b95-76ec-4438-89aa-518182fac512@group-1BEF81DCC401-FollowerState] INFO  impl.RoleInfo (RoleInfo.java:shutdownFollowerState(110)) - 3a238b95-76ec-4438-89aa-518182fac512: shutdown 3a238b95-76ec-4438-89aa-518182fac512@group-1BEF81DCC401-FollowerState
2023-07-05 13:43:34,227 [3a238b95-76ec-4438-89aa-518182fac512@group-1BEF81DCC401-FollowerState] INFO  server.RaftServer$Division (RaftServerImpl.java:setRole(329)) - 3a238b95-76ec-4438-89aa-518182fac512@group-1BEF81DCC401: changes role from  FOLLOWER to CANDIDATE at term 0 for changeToCandidate
2023-07-05 13:43:34,227 [3a238b95-76ec-4438-89aa-518182fac512@group-1BEF81DCC401-FollowerState] INFO  server.RaftServerConfigKeys (ConfUtils.java:logGet(46)) - raft.server.leaderelection.pre-vote = true (default)
2023-07-05 13:43:34,227 [3a238b95-76ec-4438-89aa-518182fac512@group-1BEF81DCC401-FollowerState] INFO  impl.RoleInfo (RoleInfo.java:updateAndGet(139)) - 3a238b95-76ec-4438-89aa-518182fac512: start 3a238b95-76ec-4438-89aa-518182fac512@group-1BEF81DCC401-LeaderElection29
2023-07-05 13:43:34,232 [3a238b95-76ec-4438-89aa-518182fac512@group-1BEF81DCC401-LeaderElection29] INFO  impl.LeaderElection (LeaderElection.java:askForVotes(321)) - 3a238b95-76ec-4438-89aa-518182fac512@group-1BEF81DCC401-LeaderElection29 PRE_VOTE round 0: submit vote requests at term 0 for -1: peers:[3a238b95-76ec-4438-89aa-518182fac512|rpc:10.1.0.13:15138|admin:10.1.0.13:15137|client:10.1.0.13:15136|dataStream:10.1.0.13:15139|priority:1|startupRole:FOLLOWER]|listeners:[], old=null
2023-07-05 13:43:34,232 [3a238b95-76ec-4438-89aa-518182fac512@group-1BEF81DCC401-LeaderElection29] INFO  impl.LeaderElection (LeaderElection.java:askForVotes(323)) - 3a238b95-76ec-4438-89aa-518182fac512@group-1BEF81DCC401-LeaderElection29 PRE_VOTE round 0: result PASSED (term=0)
2023-07-05 13:43:34,234 [3a238b95-76ec-4438-89aa-518182fac512@group-1BEF81DCC401-LeaderElection29] INFO  impl.LeaderElection (LeaderElection.java:askForVotes(321)) - 3a238b95-76ec-4438-89aa-518182fac512@group-1BEF81DCC401-LeaderElection29 ELECTION round 0: submit vote requests at term 1 for -1: peers:[3a238b95-76ec-4438-89aa-518182fac512|rpc:10.1.0.13:15138|admin:10.1.0.13:15137|client:10.1.0.13:15136|dataStream:10.1.0.13:15139|priority:1|startupRole:FOLLOWER]|listeners:[], old=null
2023-07-05 13:43:34,235 [3a238b95-76ec-4438-89aa-518182fac512@group-1BEF81DCC401-LeaderElection29] INFO  impl.LeaderElection (LeaderElection.java:askForVotes(323)) - 3a238b95-76ec-4438-89aa-518182fac512@group-1BEF81DCC401-LeaderElection29 ELECTION round 0: result PASSED (term=1)
2023-07-05 13:43:34,235 [3a238b95-76ec-4438-89aa-518182fac512@group-1BEF81DCC401-LeaderElection29] INFO  impl.RoleInfo (RoleInfo.java:shutdownLeaderElection(130)) - 3a238b95-76ec-4438-89aa-518182fac512: shutdown 3a238b95-76ec-4438-89aa-518182fac512@group-1BEF81DCC401-LeaderElection29
2023-07-05 13:43:34,235 [3a238b95-76ec-4438-89aa-518182fac512@group-1BEF81DCC401-LeaderElection29] INFO  server.RaftServer$Division (RaftServerImpl.java:setRole(329)) - 3a238b95-76ec-4438-89aa-518182fac512@group-1BEF81DCC401: changes role from CANDIDATE to LEADER at term 1 for changeToLeader
2023-07-05 13:43:34,235 [3a238b95-76ec-4438-89aa-518182fac512@group-1BEF81DCC401-LeaderElection29] INFO  ratis.XceiverServerRatis (XceiverServerRatis.java:handleLeaderChangedNotification(902)) - Leader change notification received for group: group-1BEF81DCC401 with new leaderId: 3a238b95-76ec-4438-89aa-518182fac512
2023-07-05 13:43:34,235 [3a238b95-76ec-4438-89aa-518182fac512@group-1BEF81DCC401-LeaderElection29] INFO  server.RaftServer$Division (ServerState.java:setLeader(317)) - 3a238b95-76ec-4438-89aa-518182fac512@group-1BEF81DCC401: change Leader from null to 3a238b95-76ec-4438-89aa-518182fac512 at term 1 for becomeLeader, leader elected after 5133ms
2023-07-05 13:43:34,235 [3a238b95-76ec-4438-89aa-518182fac512@group-1BEF81DCC401-LeaderElection29] INFO  server.RaftServerConfigKeys (ConfUtils.java:logGet(46)) - raft.server.staging.catchup.gap = 1000 (default)
2023-07-05 13:43:34,235 [3a238b95-76ec-4438-89aa-518182fac512@group-1BEF81DCC401-LeaderElection29] INFO  server.RaftServerConfigKeys (ConfUtils.java:logGet(46)) - raft.server.write.element-limit = 1024 (custom)
2023-07-05 13:43:34,235 [3a238b95-76ec-4438-89aa-518182fac512@group-1BEF81DCC401-LeaderElection29] INFO  server.RaftServerConfigKeys (ConfUtils.java:logGet(46)) - raft.server.write.byte-limit = 1024 M (=1073741824) (custom)
2023-07-05 13:43:34,236 [3a238b95-76ec-4438-89aa-518182fac512@group-1BEF81DCC401-LeaderElection29] INFO  server.RaftServerConfigKeys (ConfUtils.java:logGet(46)) - raft.server.watch.timeout = 180s (custom)
2023-07-05 13:43:34,236 [3a238b95-76ec-4438-89aa-518182fac512@group-1BEF81DCC401-LeaderElection29] INFO  server.RaftServerConfigKeys (ConfUtils.java:logGet(46)) - raft.server.watch.timeout.denomination = 1s (default)
2023-07-05 13:43:34,236 [3a238b95-76ec-4438-89aa-518182fac512@group-1BEF81DCC401-LeaderElection29] INFO  server.RaftServerConfigKeys (ConfUtils.java:logGet(46)) - raft.server.watch.element-limit = 65536 (default)
2023-07-05 13:43:34,237 [3a238b95-76ec-4438-89aa-518182fac512@group-1BEF81DCC401-LeaderElection29] INFO  server.RaftServerConfigKeys (ConfUtils.java:logGet(46)) - raft.server.write.element-limit = 1024 (custom)
2023-07-05 13:43:34,237 [3a238b95-76ec-4438-89aa-518182fac512@group-1BEF81DCC401-LeaderElection29] INFO  server.RaftServerConfigKeys (ConfUtils.java:logGet(46)) - raft.server.write.follower.gap.ratio.max = -1.0 (default)
2023-07-05 13:43:34,237 [3a238b95-76ec-4438-89aa-518182fac512@group-1BEF81DCC401-LeaderElection29] INFO  impl.RoleInfo (RoleInfo.java:updateAndGet(139)) - 3a238b95-76ec-4438-89aa-518182fac512: start 3a238b95-76ec-4438-89aa-518182fac512@group-1BEF81DCC401-LeaderStateImpl
2023-07-05 13:43:34,237 [3a238b95-76ec-4438-89aa-518182fac512@group-1BEF81DCC401-LeaderElection29] INFO  segmented.SegmentedRaftLogWorker (SegmentedRaftLogWorker.java:startLogSegment(447)) - 3a238b95-76ec-4438-89aa-518182fac512@group-1BEF81DCC401-SegmentedRaftLogWorker: Starting segment from index:0
2023-07-05 13:43:34,241 [3a238b95-76ec-4438-89aa-518182fac512@group-1BEF81DCC401-SegmentedRaftLogWorker] INFO  segmented.SegmentedRaftLogWorker (SegmentedRaftLogWorker.java:execute(651)) - 3a238b95-76ec-4438-89aa-518182fac512@group-1BEF81DCC401-SegmentedRaftLogWorker: created new log segment /home/runner/work/ozone/ozone/hadoop-ozone/integration-test/target/test-dir/MiniOzoneClusterImpl-c098677b-f883-4488-a97e-c9984f4b1973/datanode-2/data/ratis/a576a163-71d4-47f1-9d0d-1bef81dcc401/current/log_inprogress_0
2023-07-05 13:43:34,247 [3a238b95-76ec-4438-89aa-518182fac512@group-1BEF81DCC401-LeaderElection29] INFO  server.RaftServer$Division (ServerState.java:setRaftConf(434)) - 3a238b95-76ec-4438-89aa-518182fac512@group-1BEF81DCC401: set configuration 0: peers:[3a238b95-76ec-4438-89aa-518182fac512|rpc:10.1.0.13:15138|admin:10.1.0.13:15137|client:10.1.0.13:15136|dataStream:10.1.0.13:15139|priority:1|startupRole:FOLLOWER]|listeners:[], old=null
2023-07-05 13:43:34,585 [7df8e922-d468-4b37-8758-318e891131cb@group-C9A822D04349-FollowerState] INFO  impl.FollowerState (FollowerState.java:run(143)) - 7df8e922-d468-4b37-8758-318e891131cb@group-C9A822D04349-FollowerState: change to CANDIDATE, lastRpcElapsedTime:5094661220ns, electionTimeout:5094ms
2023-07-05 13:43:34,586 [7df8e922-d468-4b37-8758-318e891131cb@group-C9A822D04349-FollowerState] INFO  impl.RoleInfo (RoleInfo.java:shutdownFollowerState(110)) - 7df8e922-d468-4b37-8758-318e891131cb: shutdown 7df8e922-d468-4b37-8758-318e891131cb@group-C9A822D04349-FollowerState
2023-07-05 13:43:34,586 [7df8e922-d468-4b37-8758-318e891131cb@group-C9A822D04349-FollowerState] INFO  server.RaftServer$Division (RaftServerImpl.java:setRole(329)) - 7df8e922-d468-4b37-8758-318e891131cb@group-C9A822D04349: changes role from  FOLLOWER to CANDIDATE at term 0 for changeToCandidate
2023-07-05 13:43:34,586 [7df8e922-d468-4b37-8758-318e891131cb@group-C9A822D04349-FollowerState] INFO  server.RaftServerConfigKeys (ConfUtils.java:logGet(46)) - raft.server.leaderelection.pre-vote = true (default)
2023-07-05 13:43:34,586 [7df8e922-d468-4b37-8758-318e891131cb@group-C9A822D04349-FollowerState] INFO  impl.RoleInfo (RoleInfo.java:updateAndGet(139)) - 7df8e922-d468-4b37-8758-318e891131cb: start 7df8e922-d468-4b37-8758-318e891131cb@group-C9A822D04349-LeaderElection30
2023-07-05 13:43:34,588 [7df8e922-d468-4b37-8758-318e891131cb@group-C9A822D04349-LeaderElection30] INFO  impl.LeaderElection (LeaderElection.java:askForVotes(321)) - 7df8e922-d468-4b37-8758-318e891131cb@group-C9A822D04349-LeaderElection30 PRE_VOTE round 0: submit vote requests at term 0 for -1: peers:[7df8e922-d468-4b37-8758-318e891131cb|rpc:10.1.0.13:15147|admin:10.1.0.13:15146|client:10.1.0.13:15145|dataStream:10.1.0.13:15148|priority:1|startupRole:FOLLOWER]|listeners:[], old=null
2023-07-05 13:43:34,589 [7df8e922-d468-4b37-8758-318e891131cb@group-C9A822D04349-LeaderElection30] INFO  impl.LeaderElection (LeaderElection.java:askForVotes(323)) - 7df8e922-d468-4b37-8758-318e891131cb@group-C9A822D04349-LeaderElection30 PRE_VOTE round 0: result PASSED (term=0)
2023-07-05 13:43:34,591 [7df8e922-d468-4b37-8758-318e891131cb@group-C9A822D04349-LeaderElection30] INFO  impl.LeaderElection (LeaderElection.java:askForVotes(321)) - 7df8e922-d468-4b37-8758-318e891131cb@group-C9A822D04349-LeaderElection30 ELECTION round 0: submit vote requests at term 1 for -1: peers:[7df8e922-d468-4b37-8758-318e891131cb|rpc:10.1.0.13:15147|admin:10.1.0.13:15146|client:10.1.0.13:15145|dataStream:10.1.0.13:15148|priority:1|startupRole:FOLLOWER]|listeners:[], old=null
2023-07-05 13:43:34,591 [7df8e922-d468-4b37-8758-318e891131cb@group-C9A822D04349-LeaderElection30] INFO  impl.LeaderElection (LeaderElection.java:askForVotes(323)) - 7df8e922-d468-4b37-8758-318e891131cb@group-C9A822D04349-LeaderElection30 ELECTION round 0: result PASSED (term=1)
2023-07-05 13:43:34,591 [7df8e922-d468-4b37-8758-318e891131cb@group-C9A822D04349-LeaderElection30] INFO  impl.RoleInfo (RoleInfo.java:shutdownLeaderElection(130)) - 7df8e922-d468-4b37-8758-318e891131cb: shutdown 7df8e922-d468-4b37-8758-318e891131cb@group-C9A822D04349-LeaderElection30
2023-07-05 13:43:34,591 [7df8e922-d468-4b37-8758-318e891131cb@group-C9A822D04349-LeaderElection30] INFO  server.RaftServer$Division (RaftServerImpl.java:setRole(329)) - 7df8e922-d468-4b37-8758-318e891131cb@group-C9A822D04349: changes role from CANDIDATE to LEADER at term 1 for changeToLeader
2023-07-05 13:43:34,591 [7df8e922-d468-4b37-8758-318e891131cb@group-C9A822D04349-LeaderElection30] INFO  ratis.XceiverServerRatis (XceiverServerRatis.java:handleLeaderChangedNotification(902)) - Leader change notification received for group: group-C9A822D04349 with new leaderId: 7df8e922-d468-4b37-8758-318e891131cb
2023-07-05 13:43:34,592 [7df8e922-d468-4b37-8758-318e891131cb@group-C9A822D04349-LeaderElection30] INFO  server.RaftServer$Division (ServerState.java:setLeader(317)) - 7df8e922-d468-4b37-8758-318e891131cb@group-C9A822D04349: change Leader from null to 7df8e922-d468-4b37-8758-318e891131cb at term 1 for becomeLeader, leader elected after 5118ms
2023-07-05 13:43:34,592 [7df8e922-d468-4b37-8758-318e891131cb@group-C9A822D04349-LeaderElection30] INFO  server.RaftServerConfigKeys (ConfUtils.java:logGet(46)) - raft.server.staging.catchup.gap = 1000 (default)
2023-07-05 13:43:34,592 [7df8e922-d468-4b37-8758-318e891131cb@group-C9A822D04349-LeaderElection30] INFO  server.RaftServerConfigKeys (ConfUtils.java:logGet(46)) - raft.server.write.element-limit = 1024 (custom)
2023-07-05 13:43:34,592 [7df8e922-d468-4b37-8758-318e891131cb@group-C9A822D04349-LeaderElection30] INFO  server.RaftServerConfigKeys (ConfUtils.java:logGet(46)) - raft.server.write.byte-limit = 1024 M (=1073741824) (custom)
2023-07-05 13:43:34,592 [7df8e922-d468-4b37-8758-318e891131cb@group-C9A822D04349-LeaderElection30] INFO  server.RaftServerConfigKeys (ConfUtils.java:logGet(46)) - raft.server.watch.timeout = 180s (custom)
2023-07-05 13:43:34,592 [7df8e922-d468-4b37-8758-318e891131cb@group-C9A822D04349-LeaderElection30] INFO  server.RaftServerConfigKeys (ConfUtils.java:logGet(46)) - raft.server.watch.timeout.denomination = 1s (default)
2023-07-05 13:43:34,592 [7df8e922-d468-4b37-8758-318e891131cb@group-C9A822D04349-LeaderElection30] INFO  server.RaftServerConfigKeys (ConfUtils.java:logGet(46)) - raft.server.watch.element-limit = 65536 (default)
2023-07-05 13:43:34,593 [7df8e922-d468-4b37-8758-318e891131cb@group-C9A822D04349-LeaderElection30] INFO  server.RaftServerConfigKeys (ConfUtils.java:logGet(46)) - raft.server.write.element-limit = 1024 (custom)
2023-07-05 13:43:34,593 [7df8e922-d468-4b37-8758-318e891131cb@group-C9A822D04349-LeaderElection30] INFO  server.RaftServerConfigKeys (ConfUtils.java:logGet(46)) - raft.server.write.follower.gap.ratio.max = -1.0 (default)
2023-07-05 13:43:34,593 [7df8e922-d468-4b37-8758-318e891131cb@group-C9A822D04349-LeaderElection30] INFO  impl.RoleInfo (RoleInfo.java:updateAndGet(139)) - 7df8e922-d468-4b37-8758-318e891131cb: start 7df8e922-d468-4b37-8758-318e891131cb@group-C9A822D04349-LeaderStateImpl
2023-07-05 13:43:34,593 [7df8e922-d468-4b37-8758-318e891131cb@group-C9A822D04349-LeaderElection30] INFO  segmented.SegmentedRaftLogWorker (SegmentedRaftLogWorker.java:startLogSegment(447)) - 7df8e922-d468-4b37-8758-318e891131cb@group-C9A822D04349-SegmentedRaftLogWorker: Starting segment from index:0
2023-07-05 13:43:34,595 [7df8e922-d468-4b37-8758-318e891131cb@group-C9A822D04349-SegmentedRaftLogWorker] INFO  segmented.SegmentedRaftLogWorker (SegmentedRaftLogWorker.java:execute(651)) - 7df8e922-d468-4b37-8758-318e891131cb@group-C9A822D04349-SegmentedRaftLogWorker: created new log segment /home/runner/work/ozone/ozone/hadoop-ozone/integration-test/target/test-dir/MiniOzoneClusterImpl-c098677b-f883-4488-a97e-c9984f4b1973/datanode-3/data/ratis/f6b5def1-ec34-4a79-ab7a-c9a822d04349/current/log_inprogress_0
2023-07-05 13:43:34,595 [7df8e922-d468-4b37-8758-318e891131cb@group-C9A822D04349-LeaderElection30] INFO  server.RaftServer$Division (ServerState.java:setRaftConf(434)) - 7df8e922-d468-4b37-8758-318e891131cb@group-C9A822D04349: set configuration 0: peers:[7df8e922-d468-4b37-8758-318e891131cb|rpc:10.1.0.13:15147|admin:10.1.0.13:15146|client:10.1.0.13:15145|dataStream:10.1.0.13:15148|priority:1|startupRole:FOLLOWER]|listeners:[], old=null
2023-07-05 13:43:34,966 [ba18fe3c-0fa2-4c47-a961-91b835f9fd0b@group-8C7E8916931C-FollowerState] INFO  impl.FollowerState (FollowerState.java:run(143)) - ba18fe3c-0fa2-4c47-a961-91b835f9fd0b@group-8C7E8916931C-FollowerState: change to CANDIDATE, lastRpcElapsedTime:5139766425ns, electionTimeout:5134ms
2023-07-05 13:43:34,966 [ba18fe3c-0fa2-4c47-a961-91b835f9fd0b@group-8C7E8916931C-FollowerState] INFO  impl.RoleInfo (RoleInfo.java:shutdownFollowerState(110)) - ba18fe3c-0fa2-4c47-a961-91b835f9fd0b: shutdown ba18fe3c-0fa2-4c47-a961-91b835f9fd0b@group-8C7E8916931C-FollowerState
2023-07-05 13:43:34,966 [ba18fe3c-0fa2-4c47-a961-91b835f9fd0b@group-8C7E8916931C-FollowerState] INFO  server.RaftServer$Division (RaftServerImpl.java:setRole(329)) - ba18fe3c-0fa2-4c47-a961-91b835f9fd0b@group-8C7E8916931C: changes role from  FOLLOWER to CANDIDATE at term 0 for changeToCandidate
2023-07-05 13:43:34,966 [ba18fe3c-0fa2-4c47-a961-91b835f9fd0b@group-8C7E8916931C-FollowerState] INFO  server.RaftServerConfigKeys (ConfUtils.java:logGet(46)) - raft.server.leaderelection.pre-vote = true (default)
2023-07-05 13:43:34,967 [ba18fe3c-0fa2-4c47-a961-91b835f9fd0b@group-8C7E8916931C-FollowerState] INFO  impl.RoleInfo (RoleInfo.java:updateAndGet(139)) - ba18fe3c-0fa2-4c47-a961-91b835f9fd0b: start ba18fe3c-0fa2-4c47-a961-91b835f9fd0b@group-8C7E8916931C-LeaderElection31
2023-07-05 13:43:34,970 [ba18fe3c-0fa2-4c47-a961-91b835f9fd0b@group-8C7E8916931C-LeaderElection31] INFO  impl.LeaderElection (LeaderElection.java:askForVotes(321)) - ba18fe3c-0fa2-4c47-a961-91b835f9fd0b@group-8C7E8916931C-LeaderElection31 PRE_VOTE round 0: submit vote requests at term 0 for -1: peers:[ba18fe3c-0fa2-4c47-a961-91b835f9fd0b|rpc:10.1.0.13:15156|admin:10.1.0.13:15155|client:10.1.0.13:15154|dataStream:10.1.0.13:15157|priority:1|startupRole:FOLLOWER]|listeners:[], old=null
2023-07-05 13:43:34,970 [ba18fe3c-0fa2-4c47-a961-91b835f9fd0b@group-8C7E8916931C-LeaderElection31] INFO  impl.LeaderElection (LeaderElection.java:askForVotes(323)) - ba18fe3c-0fa2-4c47-a961-91b835f9fd0b@group-8C7E8916931C-LeaderElection31 PRE_VOTE round 0: result PASSED (term=0)
2023-07-05 13:43:34,972 [ba18fe3c-0fa2-4c47-a961-91b835f9fd0b@group-8C7E8916931C-LeaderElection31] INFO  impl.LeaderElection (LeaderElection.java:askForVotes(321)) - ba18fe3c-0fa2-4c47-a961-91b835f9fd0b@group-8C7E8916931C-LeaderElection31 ELECTION round 0: submit vote requests at term 1 for -1: peers:[ba18fe3c-0fa2-4c47-a961-91b835f9fd0b|rpc:10.1.0.13:15156|admin:10.1.0.13:15155|client:10.1.0.13:15154|dataStream:10.1.0.13:15157|priority:1|startupRole:FOLLOWER]|listeners:[], old=null
2023-07-05 13:43:34,972 [ba18fe3c-0fa2-4c47-a961-91b835f9fd0b@group-8C7E8916931C-LeaderElection31] INFO  impl.LeaderElection (LeaderElection.java:askForVotes(323)) - ba18fe3c-0fa2-4c47-a961-91b835f9fd0b@group-8C7E8916931C-LeaderElection31 ELECTION round 0: result PASSED (term=1)
2023-07-05 13:43:34,972 [ba18fe3c-0fa2-4c47-a961-91b835f9fd0b@group-8C7E8916931C-LeaderElection31] INFO  impl.RoleInfo (RoleInfo.java:shutdownLeaderElection(130)) - ba18fe3c-0fa2-4c47-a961-91b835f9fd0b: shutdown ba18fe3c-0fa2-4c47-a961-91b835f9fd0b@group-8C7E8916931C-LeaderElection31
2023-07-05 13:43:34,972 [ba18fe3c-0fa2-4c47-a961-91b835f9fd0b@group-8C7E8916931C-LeaderElection31] INFO  server.RaftServer$Division (RaftServerImpl.java:setRole(329)) - ba18fe3c-0fa2-4c47-a961-91b835f9fd0b@group-8C7E8916931C: changes role from CANDIDATE to LEADER at term 1 for changeToLeader
2023-07-05 13:43:34,972 [ba18fe3c-0fa2-4c47-a961-91b835f9fd0b@group-8C7E8916931C-LeaderElection31] INFO  ratis.XceiverServerRatis (XceiverServerRatis.java:handleLeaderChangedNotification(902)) - Leader change notification received for group: group-8C7E8916931C with new leaderId: ba18fe3c-0fa2-4c47-a961-91b835f9fd0b
2023-07-05 13:43:34,972 [ba18fe3c-0fa2-4c47-a961-91b835f9fd0b@group-8C7E8916931C-LeaderElection31] INFO  server.RaftServer$Division (ServerState.java:setLeader(317)) - ba18fe3c-0fa2-4c47-a961-91b835f9fd0b@group-8C7E8916931C: change Leader from null to ba18fe3c-0fa2-4c47-a961-91b835f9fd0b at term 1 for becomeLeader, leader elected after 5165ms
2023-07-05 13:43:34,972 [ba18fe3c-0fa2-4c47-a961-91b835f9fd0b@group-8C7E8916931C-LeaderElection31] INFO  server.RaftServerConfigKeys (ConfUtils.java:logGet(46)) - raft.server.staging.catchup.gap = 1000 (default)
2023-07-05 13:43:34,972 [ba18fe3c-0fa2-4c47-a961-91b835f9fd0b@group-8C7E8916931C-LeaderElection31] INFO  server.RaftServerConfigKeys (ConfUtils.java:logGet(46)) - raft.server.write.element-limit = 1024 (custom)
2023-07-05 13:43:34,973 [ba18fe3c-0fa2-4c47-a961-91b835f9fd0b@group-8C7E8916931C-LeaderElection31] INFO  server.RaftServerConfigKeys (ConfUtils.java:logGet(46)) - raft.server.write.byte-limit = 1024 M (=1073741824) (custom)
2023-07-05 13:43:34,973 [ba18fe3c-0fa2-4c47-a961-91b835f9fd0b@group-8C7E8916931C-LeaderElection31] INFO  server.RaftServerConfigKeys (ConfUtils.java:logGet(46)) - raft.server.watch.timeout = 180s (custom)
2023-07-05 13:43:34,973 [ba18fe3c-0fa2-4c47-a961-91b835f9fd0b@group-8C7E8916931C-LeaderElection31] INFO  server.RaftServerConfigKeys (ConfUtils.java:logGet(46)) - raft.server.watch.timeout.denomination = 1s (default)
2023-07-05 13:43:34,973 [ba18fe3c-0fa2-4c47-a961-91b835f9fd0b@group-8C7E8916931C-LeaderElection31] INFO  server.RaftServerConfigKeys (ConfUtils.java:logGet(46)) - raft.server.watch.element-limit = 65536 (default)
2023-07-05 13:43:34,973 [ba18fe3c-0fa2-4c47-a961-91b835f9fd0b@group-8C7E8916931C-LeaderElection31] INFO  server.RaftServerConfigKeys (ConfUtils.java:logGet(46)) - raft.server.write.element-limit = 1024 (custom)
2023-07-05 13:43:34,973 [ba18fe3c-0fa2-4c47-a961-91b835f9fd0b@group-8C7E8916931C-LeaderElection31] INFO  server.RaftServerConfigKeys (ConfUtils.java:logGet(46)) - raft.server.write.follower.gap.ratio.max = -1.0 (default)
2023-07-05 13:43:34,973 [ba18fe3c-0fa2-4c47-a961-91b835f9fd0b@group-8C7E8916931C-LeaderElection31] INFO  impl.RoleInfo (RoleInfo.java:updateAndGet(139)) - ba18fe3c-0fa2-4c47-a961-91b835f9fd0b: start ba18fe3c-0fa2-4c47-a961-91b835f9fd0b@group-8C7E8916931C-LeaderStateImpl
2023-07-05 13:43:34,974 [ba18fe3c-0fa2-4c47-a961-91b835f9fd0b@group-8C7E8916931C-LeaderElection31] INFO  segmented.SegmentedRaftLogWorker (SegmentedRaftLogWorker.java:startLogSegment(447)) - ba18fe3c-0fa2-4c47-a961-91b835f9fd0b@group-8C7E8916931C-SegmentedRaftLogWorker: Starting segment from index:0
2023-07-05 13:43:34,976 [ba18fe3c-0fa2-4c47-a961-91b835f9fd0b@group-8C7E8916931C-LeaderElection31] INFO  server.RaftServer$Division (ServerState.java:setRaftConf(434)) - ba18fe3c-0fa2-4c47-a961-91b835f9fd0b@group-8C7E8916931C: set configuration 0: peers:[ba18fe3c-0fa2-4c47-a961-91b835f9fd0b|rpc:10.1.0.13:15156|admin:10.1.0.13:15155|client:10.1.0.13:15154|dataStream:10.1.0.13:15157|priority:1|startupRole:FOLLOWER]|listeners:[], old=null
2023-07-05 13:43:34,976 [ba18fe3c-0fa2-4c47-a961-91b835f9fd0b@group-8C7E8916931C-SegmentedRaftLogWorker] INFO  segmented.SegmentedRaftLogWorker (SegmentedRaftLogWorker.java:execute(651)) - ba18fe3c-0fa2-4c47-a961-91b835f9fd0b@group-8C7E8916931C-SegmentedRaftLogWorker: created new log segment /home/runner/work/ozone/ozone/hadoop-ozone/integration-test/target/test-dir/MiniOzoneClusterImpl-c098677b-f883-4488-a97e-c9984f4b1973/datanode-4/data/ratis/1f86f2a6-4528-4a09-9f37-8c7e8916931c/current/log_inprogress_0
2023-07-05 13:43:35,118 [ReplicationMonitor] INFO  replication.ReplicationManager (ReplicationManager.java:processAll(361)) - Replication Manager is not ready to run until 3000ms after safemode exit
2023-07-05 13:43:35,120 [Time-limited test] INFO  ozone.MiniOzoneClusterImpl (MiniOzoneClusterImpl.java:lambda$waitForClusterToBeReady$0(224)) - Nodes are ready. Got 5 of 5 DN Heartbeats.
2023-07-05 13:43:35,120 [Time-limited test] INFO  ozone.MiniOzoneClusterImpl (MiniOzoneClusterImpl.java:lambda$waitForClusterToBeReady$0(227)) - Cluster exits safe mode
2023-07-05 13:43:35,120 [Time-limited test] INFO  ozone.MiniOzoneClusterImpl (MiniOzoneClusterImpl.java:lambda$waitForClusterToBeReady$0(229)) - SCM became leader
2023-07-05 13:43:35,135 [Time-limited test] INFO  rpc.RpcClient (RpcClient.java:createVolume(460)) - Creating Volume: vol1, with runner as owner and space quota set to -1 bytes, counts quota set to -1
2023-07-05 13:43:35,146 [OM StateMachine ApplyTransaction Thread - 0] INFO  volume.OMVolumeCreateRequest (OMVolumeCreateRequest.java:validateAndUpdateCache(196)) - created volume:vol1 for user:runner
2023-07-05 13:43:35,152 [Time-limited test] INFO  rpc.RpcClient (RpcClient.java:createBucket(687)) - Creating Bucket: vol1/bucket1, with server-side default bucket layout, runner as owner, Versioning false, Storage Type set to DISK and Encryption set to false, Replication Type set to server-side default replication type, Namespace Quota set to -1, Space Quota set to -1 
2023-07-05 13:43:35,157 [OM StateMachine ApplyTransaction Thread - 0] INFO  bucket.OMBucketCreateRequest (OMBucketCreateRequest.java:validateAndUpdateCache(270)) - created bucket: bucket1 of layout FILE_SYSTEM_OPTIMIZED in volume: vol1
2023-07-05 13:43:35,172 [IPC Server handler 0 on default port 15107] INFO  ha.SequenceIdGenerator (SequenceIdGenerator.java:getNextId(133)) - Allocate a batch for containerId, change lastId from 0 to 1000.
2023-07-05 13:43:35,173 [IPC Server handler 0 on default port 15107] WARN  ha.SequenceIdGenerator (SequenceIdGenerator.java:allocateBatch(242)) - Failed to allocate a batch for localId, expected lastId is 0, actual lastId is 111677748019200000.
2023-07-05 13:43:35,173 [IPC Server handler 0 on default port 15107] INFO  ha.SequenceIdGenerator (SequenceIdGenerator.java:getNextId(133)) - Allocate a batch for localId, change lastId from 111677748019200000 to 111677748019201000.
2023-07-05 13:43:35,281 [EventQueue-CloseContainerForCloseContainerEventHandler] INFO  container.CloseContainerEventHandler (CloseContainerEventHandler.java:onMessage(88)) - Close container Event triggered for container : #1, current state: OPEN
2023-07-05 13:43:35,283 [EventQueue-CloseContainerForCloseContainerEventHandler] INFO  container.CloseContainerEventHandler (CloseContainerEventHandler.java:onMessage(88)) - Close container Event triggered for container : #1, current state: CLOSING
2023-07-05 13:43:35,283 [EventQueue-CloseContainerForCloseContainerEventHandler] INFO  container.CloseContainerEventHandler (CloseContainerEventHandler.java:onMessage(88)) - Close container Event triggered for container : #1, current state: CLOSING
2023-07-05 13:43:36,119 [ReplicationMonitor] INFO  replication.ReplicationManager (ReplicationManager.java:processAll(361)) - Replication Manager is not ready to run until 3000ms after safemode exit
2023-07-05 13:43:37,119 [ReplicationMonitor] INFO  replication.ReplicationManager (ReplicationManager.java:processAll(361)) - Replication Manager is not ready to run until 3000ms after safemode exit
2023-07-05 13:43:38,119 [ReplicationMonitor] INFO  replication.ReplicationManager (ReplicationManager.java:sendDatanodeCommand(669)) - Sending command [closeContainerCommand: containerID: 1, pipelineID: PipelineID=eb357a06-a827-4663-9bed-a632e32f3323, force: false] for container ContainerInfo{id=#1, state=CLOSING, stateEnterTime=2023-07-05T13:43:35.281Z, pipelineID=PipelineID=eb357a06-a827-4663-9bed-a632e32f3323, owner=om1} to b0e58961-cf25-454a-a9d8-5016df2ce601(fv-az264-29.ca02foy5wcnuvlrvrz2wi3p2og.dx.internal.cloudapp.net/10.1.0.13) with datanode deadline 1688565188119 and scm deadline 1688565218119
2023-07-05 13:43:38,120 [ReplicationMonitor] INFO  replication.ReplicationManager (ReplicationManager.java:sendDatanodeCommand(669)) - Sending command [closeContainerCommand: containerID: 1, pipelineID: PipelineID=eb357a06-a827-4663-9bed-a632e32f3323, force: false] for container ContainerInfo{id=#1, state=CLOSING, stateEnterTime=2023-07-05T13:43:35.281Z, pipelineID=PipelineID=eb357a06-a827-4663-9bed-a632e32f3323, owner=om1} to 16068a4c-c2af-4cec-9eae-3ab2a53eaee7(fv-az264-29.ca02foy5wcnuvlrvrz2wi3p2og.dx.internal.cloudapp.net/10.1.0.13) with datanode deadline 1688565188120 and scm deadline 1688565218120
2023-07-05 13:43:38,120 [ReplicationMonitor] INFO  replication.ReplicationManager (ReplicationManager.java:sendDatanodeCommand(669)) - Sending command [closeContainerCommand: containerID: 1, pipelineID: PipelineID=eb357a06-a827-4663-9bed-a632e32f3323, force: false] for container ContainerInfo{id=#1, state=CLOSING, stateEnterTime=2023-07-05T13:43:35.281Z, pipelineID=PipelineID=eb357a06-a827-4663-9bed-a632e32f3323, owner=om1} to 3a238b95-76ec-4438-89aa-518182fac512(fv-az264-29.ca02foy5wcnuvlrvrz2wi3p2og.dx.internal.cloudapp.net/10.1.0.13) with datanode deadline 1688565188120 and scm deadline 1688565218120
2023-07-05 13:43:38,120 [ReplicationMonitor] INFO  replication.ReplicationManager (ReplicationManager.java:processAll(389)) - Replication Monitor Thread took 1 milliseconds for processing 1 containers.
2023-07-05 13:43:38,239 [ContainerOp-eb357a06-a827-4663-9bed-a632e32f3323-2] INFO  keyvalue.KeyValueContainer (KeyValueContainer.java:flushAndSyncDB(461)) - Container 1 is synced with bcsId 2.
2023-07-05 13:43:38,239 [ContainerOp-eb357a06-a827-4663-9bed-a632e32f3323-2] INFO  keyvalue.KeyValueContainer (KeyValueContainer.java:flushAndSyncDB(461)) - Container 1 is synced with bcsId 2.
2023-07-05 13:43:38,242 [ContainerOp-eb357a06-a827-4663-9bed-a632e32f3323-2] INFO  keyvalue.KeyValueContainer (KeyValueContainer.java:close(376)) - Container 1 is closed with bcsId 2.
2023-07-05 13:43:38,245 [FixedThreadPoolWithAffinityExecutor-8-0] INFO  container.IncrementalContainerReportHandler (AbstractContainerReportHandler.java:updateContainerState(311)) - Moving container #1 to CLOSED state, datanode 3a238b95-76ec-4438-89aa-518182fac512(fv-az264-29.ca02foy5wcnuvlrvrz2wi3p2og.dx.internal.cloudapp.net/10.1.0.13) reported CLOSED replica with index 0.
2023-07-05 13:43:38,246 [ContainerOp-eb357a06-a827-4663-9bed-a632e32f3323-2] INFO  keyvalue.KeyValueContainer (KeyValueContainer.java:flushAndSyncDB(461)) - Container 1 is synced with bcsId 2.
2023-07-05 13:43:38,246 [ContainerOp-eb357a06-a827-4663-9bed-a632e32f3323-2] INFO  keyvalue.KeyValueContainer (KeyValueContainer.java:flushAndSyncDB(461)) - Container 1 is synced with bcsId 2.
2023-07-05 13:43:38,247 [ContainerOp-eb357a06-a827-4663-9bed-a632e32f3323-2] INFO  keyvalue.KeyValueContainer (KeyValueContainer.java:flushAndSyncDB(461)) - Container 1 is synced with bcsId 2.
2023-07-05 13:43:38,248 [ContainerOp-eb357a06-a827-4663-9bed-a632e32f3323-2] INFO  keyvalue.KeyValueContainer (KeyValueContainer.java:flushAndSyncDB(461)) - Container 1 is synced with bcsId 2.
2023-07-05 13:43:38,251 [ContainerOp-eb357a06-a827-4663-9bed-a632e32f3323-2] INFO  keyvalue.KeyValueContainer (KeyValueContainer.java:close(376)) - Container 1 is closed with bcsId 2.
2023-07-05 13:43:38,255 [ContainerOp-eb357a06-a827-4663-9bed-a632e32f3323-2] INFO  keyvalue.KeyValueContainer (KeyValueContainer.java:close(376)) - Container 1 is closed with bcsId 2.
2023-07-05 13:43:38,283 [Time-limited test] INFO  ozoneimpl.OzoneContainer (OzoneContainer.java:stop(441)) - Attempting to stop container services.
2023-07-05 13:43:38,284 [Time-limited test] INFO  server.RaftServer (RaftServerProxy.java:lambda$close$6(416)) - b0e58961-cf25-454a-a9d8-5016df2ce601: close
2023-07-05 13:43:38,284 [b0e58961-cf25-454a-a9d8-5016df2ce601-impl-thread1] INFO  server.RaftServer$Division (RaftServerImpl.java:lambda$close$4(466)) - b0e58961-cf25-454a-a9d8-5016df2ce601@group-8FB33747A9A1: shutdown
2023-07-05 13:43:38,284 [b0e58961-cf25-454a-a9d8-5016df2ce601-impl-thread1] INFO  util.JmxRegister (JmxRegister.java:unregister(73)) - Successfully un-registered JMX Bean with object name Ratis:service=RaftServer,group=group-8FB33747A9A1,id=b0e58961-cf25-454a-a9d8-5016df2ce601
2023-07-05 13:43:38,284 [b0e58961-cf25-454a-a9d8-5016df2ce601-impl-thread1] INFO  impl.RoleInfo (RoleInfo.java:shutdownLeaderState(93)) - b0e58961-cf25-454a-a9d8-5016df2ce601: shutdown b0e58961-cf25-454a-a9d8-5016df2ce601@group-8FB33747A9A1-LeaderStateImpl
2023-07-05 13:43:38,284 [b0e58961-cf25-454a-a9d8-5016df2ce601-impl-thread1] INFO  impl.PendingRequests (PendingRequests.java:sendNotLeaderResponses(289)) - b0e58961-cf25-454a-a9d8-5016df2ce601@group-8FB33747A9A1-PendingRequests: sendNotLeaderResponses
2023-07-05 13:43:38,285 [b0e58961-cf25-454a-a9d8-5016df2ce601-impl-thread1] INFO  impl.StateMachineUpdater (StateMachineUpdater.java:stopAndJoin(155)) - b0e58961-cf25-454a-a9d8-5016df2ce601@group-8FB33747A9A1-StateMachineUpdater: set stopIndex = 0
2023-07-05 13:43:38,285 [b0e58961-cf25-454a-a9d8-5016df2ce601@group-8FB33747A9A1-StateMachineUpdater] INFO  ratis.ContainerStateMachine (ContainerStateMachine.java:takeSnapshot(330)) - group-8FB33747A9A1: Taking a snapshot at:(t:1, i:0) file /home/runner/work/ozone/ozone/hadoop-ozone/integration-test/target/test-dir/MiniOzoneClusterImpl-c098677b-f883-4488-a97e-c9984f4b1973/datanode-0/data/ratis/09525a7e-3f87-4630-b8cf-8fb33747a9a1/sm/snapshot.1_0
2023-07-05 13:43:38,286 [b0e58961-cf25-454a-a9d8-5016df2ce601-impl-thread2] INFO  server.RaftServer$Division (RaftServerImpl.java:lambda$close$4(466)) - b0e58961-cf25-454a-a9d8-5016df2ce601@group-A632E32F3323: shutdown
2023-07-05 13:43:38,286 [b0e58961-cf25-454a-a9d8-5016df2ce601-impl-thread2] INFO  util.JmxRegister (JmxRegister.java:unregister(73)) - Successfully un-registered JMX Bean with object name Ratis:service=RaftServer,group=group-A632E32F3323,id=b0e58961-cf25-454a-a9d8-5016df2ce601
2023-07-05 13:43:38,286 [b0e58961-cf25-454a-a9d8-5016df2ce601-impl-thread2] INFO  impl.RoleInfo (RoleInfo.java:shutdownFollowerState(110)) - b0e58961-cf25-454a-a9d8-5016df2ce601: shutdown b0e58961-cf25-454a-a9d8-5016df2ce601@group-A632E32F3323-FollowerState
2023-07-05 13:43:38,286 [b0e58961-cf25-454a-a9d8-5016df2ce601-impl-thread2] INFO  impl.StateMachineUpdater (StateMachineUpdater.java:stopAndJoin(155)) - b0e58961-cf25-454a-a9d8-5016df2ce601@group-A632E32F3323-StateMachineUpdater: set stopIndex = 4
2023-07-05 13:43:38,286 [Time-limited test] INFO  server.GrpcService (GrpcService.java:closeImpl(311)) - b0e58961-cf25-454a-a9d8-5016df2ce601: shutdown server org.apache.ratis.grpc.server.GrpcClientProtocolService now
2023-07-05 13:43:38,286 [b0e58961-cf25-454a-a9d8-5016df2ce601-impl-thread3] INFO  server.RaftServer$Division (RaftServerImpl.java:lambda$close$4(466)) - b0e58961-cf25-454a-a9d8-5016df2ce601@group-ADDF5938E3AB: shutdown
2023-07-05 13:43:38,287 [b0e58961-cf25-454a-a9d8-5016df2ce601@group-8FB33747A9A1-StateMachineUpdater] INFO  ratis.ContainerStateMachine (ContainerStateMachine.java:takeSnapshot(341)) - group-8FB33747A9A1: Finished taking a snapshot at:(t:1, i:0) file:/home/runner/work/ozone/ozone/hadoop-ozone/integration-test/target/test-dir/MiniOzoneClusterImpl-c098677b-f883-4488-a97e-c9984f4b1973/datanode-0/data/ratis/09525a7e-3f87-4630-b8cf-8fb33747a9a1/sm/snapshot.1_0 took: 1 ms
2023-07-05 13:43:38,288 [b0e58961-cf25-454a-a9d8-5016df2ce601@group-8FB33747A9A1-StateMachineUpdater] INFO  impl.StateMachineUpdater (StateMachineUpdater.java:takeSnapshot(291)) - b0e58961-cf25-454a-a9d8-5016df2ce601@group-8FB33747A9A1-StateMachineUpdater: Took a snapshot at index 0
2023-07-05 13:43:38,288 [b0e58961-cf25-454a-a9d8-5016df2ce601@group-8FB33747A9A1-StateMachineUpdater] INFO  impl.StateMachineUpdater (StateMachineUpdater.java:lambda$new$0(97)) - b0e58961-cf25-454a-a9d8-5016df2ce601@group-8FB33747A9A1-StateMachineUpdater: snapshotIndex: updateIncreasingly -1 -> 0
2023-07-05 13:43:38,286 [b0e58961-cf25-454a-a9d8-5016df2ce601@group-A632E32F3323-StateMachineUpdater] INFO  ratis.ContainerStateMachine (ContainerStateMachine.java:takeSnapshot(330)) - group-A632E32F3323: Taking a snapshot at:(t:1, i:4) file /home/runner/work/ozone/ozone/hadoop-ozone/integration-test/target/test-dir/MiniOzoneClusterImpl-c098677b-f883-4488-a97e-c9984f4b1973/datanode-0/data/ratis/eb357a06-a827-4663-9bed-a632e32f3323/sm/snapshot.1_4
2023-07-05 13:43:38,286 [b0e58961-cf25-454a-a9d8-5016df2ce601@group-A632E32F3323-FollowerState] INFO  impl.FollowerState (FollowerState.java:run(152)) - b0e58961-cf25-454a-a9d8-5016df2ce601@group-A632E32F3323-FollowerState was interrupted
2023-07-05 13:43:38,287 [b0e58961-cf25-454a-a9d8-5016df2ce601-impl-thread3] INFO  util.JmxRegister (JmxRegister.java:unregister(73)) - Successfully un-registered JMX Bean with object name Ratis:service=RaftServer,group=group-ADDF5938E3AB,id=b0e58961-cf25-454a-a9d8-5016df2ce601
2023-07-05 13:43:38,292 [Thread-1563] INFO  server.GrpcServerProtocolClient (GrpcServerProtocolClient.java:close(103)) - 3a238b95-76ec-4438-89aa-518182fac512 Close channels
2023-07-05 13:43:38,292 [b0e58961-cf25-454a-a9d8-5016df2ce601-impl-thread3] INFO  impl.RoleInfo (RoleInfo.java:shutdownFollowerState(110)) - b0e58961-cf25-454a-a9d8-5016df2ce601: shutdown b0e58961-cf25-454a-a9d8-5016df2ce601@group-ADDF5938E3AB-FollowerState
2023-07-05 13:43:38,292 [Thread-1562] INFO  server.GrpcServerProtocolClient (GrpcServerProtocolClient.java:close(103)) - 16068a4c-c2af-4cec-9eae-3ab2a53eaee7 Close channels
2023-07-05 13:43:38,294 [b0e58961-cf25-454a-a9d8-5016df2ce601@group-ADDF5938E3AB-FollowerState] INFO  impl.FollowerState (FollowerState.java:run(152)) - b0e58961-cf25-454a-a9d8-5016df2ce601@group-ADDF5938E3AB-FollowerState was interrupted
2023-07-05 13:43:38,290 [b0e58961-cf25-454a-a9d8-5016df2ce601@group-A632E32F3323-StateMachineUpdater] INFO  ratis.ContainerStateMachine (ContainerStateMachine.java:takeSnapshot(341)) - group-A632E32F3323: Finished taking a snapshot at:(t:1, i:4) file:/home/runner/work/ozone/ozone/hadoop-ozone/integration-test/target/test-dir/MiniOzoneClusterImpl-c098677b-f883-4488-a97e-c9984f4b1973/datanode-0/data/ratis/eb357a06-a827-4663-9bed-a632e32f3323/sm/snapshot.1_4 took: 4 ms
2023-07-05 13:43:38,301 [b0e58961-cf25-454a-a9d8-5016df2ce601@group-A632E32F3323-StateMachineUpdater] INFO  impl.StateMachineUpdater (StateMachineUpdater.java:takeSnapshot(291)) - b0e58961-cf25-454a-a9d8-5016df2ce601@group-A632E32F3323-StateMachineUpdater: Took a snapshot at index 4
2023-07-05 13:43:38,301 [b0e58961-cf25-454a-a9d8-5016df2ce601@group-A632E32F3323-StateMachineUpdater] INFO  impl.StateMachineUpdater (StateMachineUpdater.java:lambda$new$0(97)) - b0e58961-cf25-454a-a9d8-5016df2ce601@group-A632E32F3323-StateMachineUpdater: snapshotIndex: updateIncreasingly -1 -> 4
2023-07-05 13:43:38,290 [b0e58961-cf25-454a-a9d8-5016df2ce601-impl-thread1] INFO  server.RaftServer$Division (ServerState.java:close(472)) - b0e58961-cf25-454a-a9d8-5016df2ce601@group-8FB33747A9A1: closes. applyIndex: 0
2023-07-05 13:43:38,301 [b0e58961-cf25-454a-a9d8-5016df2ce601-impl-thread2] INFO  server.RaftServer$Division (ServerState.java:close(472)) - b0e58961-cf25-454a-a9d8-5016df2ce601@group-A632E32F3323: closes. applyIndex: 4
2023-07-05 13:43:38,300 [Time-limited test] INFO  server.GrpcService (GrpcService.java:closeImpl(320)) - b0e58961-cf25-454a-a9d8-5016df2ce601: shutdown server org.apache.ratis.grpc.server.GrpcClientProtocolService successfully
2023-07-05 13:43:38,302 [Time-limited test] INFO  server.GrpcService (GrpcService.java:closeImpl(311)) - b0e58961-cf25-454a-a9d8-5016df2ce601: shutdown server GrpcServerProtocolService now
2023-07-05 13:43:38,299 [b0e58961-cf25-454a-a9d8-5016df2ce601-impl-thread3] INFO  impl.StateMachineUpdater (StateMachineUpdater.java:stopAndJoin(155)) - b0e58961-cf25-454a-a9d8-5016df2ce601@group-ADDF5938E3AB-StateMachineUpdater: set stopIndex = -1
2023-07-05 13:43:38,302 [b0e58961-cf25-454a-a9d8-5016df2ce601-impl-thread3] INFO  server.RaftServer$Division (ServerState.java:close(472)) - b0e58961-cf25-454a-a9d8-5016df2ce601@group-ADDF5938E3AB: closes. applyIndex: -1
2023-07-05 13:43:38,304 [grpc-default-executor-2] WARN  server.GrpcServerProtocolService (LogUtils.java:warn(122)) - b0e58961-cf25-454a-a9d8-5016df2ce601: APPEND_ENTRIES onError, lastRequest: null: org.apache.ratis.thirdparty.io.grpc.StatusRuntimeException: CANCELLED: client cancelled
2023-07-05 13:43:38,304 [grpc-default-executor-0] WARN  server.GrpcServerProtocolService (LogUtils.java:warn(122)) - b0e58961-cf25-454a-a9d8-5016df2ce601: APPEND_ENTRIES onError, lastRequest: 3a238b95-76ec-4438-89aa-518182fac512->b0e58961-cf25-454a-a9d8-5016df2ce601#12-t1,previous=(t:1, i:4),leaderCommit=4,initializing? true,entries: size=1, first=(t:1, i:5), METADATAENTRY(c:4): org.apache.ratis.thirdparty.io.grpc.StatusRuntimeException: CANCELLED: client cancelled
2023-07-05 13:43:38,310 [Time-limited test] INFO  server.GrpcService (GrpcService.java:closeImpl(320)) - b0e58961-cf25-454a-a9d8-5016df2ce601: shutdown server GrpcServerProtocolService successfully
2023-07-05 13:43:38,310 [Time-limited test] INFO  server.GrpcService (GrpcService.java:closeImpl(311)) - b0e58961-cf25-454a-a9d8-5016df2ce601: shutdown server org.apache.ratis.grpc.server.GrpcAdminProtocolService now
2023-07-05 13:43:38,315 [grpc-default-executor-3] WARN  server.GrpcLogAppender (LogUtils.java:warn(122)) - 3a238b95-76ec-4438-89aa-518182fac512@group-A632E32F3323->b0e58961-cf25-454a-a9d8-5016df2ce601-AppendLogResponseHandler: Failed appendEntries: org.apache.ratis.thirdparty.io.grpc.StatusRuntimeException: CANCELLED: RST_STREAM closed stream. HTTP/2 error code: CANCEL
2023-07-05 13:43:38,315 [grpc-default-executor-3] INFO  leader.FollowerInfo (FollowerInfoImpl.java:lambda$new$0(52)) - 3a238b95-76ec-4438-89aa-518182fac512@group-A632E32F3323->b0e58961-cf25-454a-a9d8-5016df2ce601: decreaseNextIndex nextIndex: updateUnconditionally 6 -> 5
2023-07-05 13:43:38,315 [grpc-default-executor-4] WARN  server.GrpcLogAppender (LogUtils.java:warn(122)) - 3a238b95-76ec-4438-89aa-518182fac512@group-A632E32F3323->b0e58961-cf25-454a-a9d8-5016df2ce601-AppendLogResponseHandler: Failed appendEntries: org.apache.ratis.thirdparty.io.grpc.StatusRuntimeException: CANCELLED: RST_STREAM closed stream. HTTP/2 error code: CANCEL
2023-07-05 13:43:38,316 [grpc-default-executor-4] INFO  leader.FollowerInfo (FollowerInfoImpl.java:lambda$new$0(52)) - 3a238b95-76ec-4438-89aa-518182fac512@group-A632E32F3323->b0e58961-cf25-454a-a9d8-5016df2ce601: decreaseNextIndex nextIndex: updateUnconditionally 5 -> 4
2023-07-05 13:43:38,327 [Time-limited test] INFO  server.GrpcService (GrpcService.java:closeImpl(320)) - b0e58961-cf25-454a-a9d8-5016df2ce601: shutdown server org.apache.ratis.grpc.server.GrpcAdminProtocolService successfully
2023-07-05 13:43:38,327 [b0e58961-cf25-454a-a9d8-5016df2ce601-NettyServerStreamRpc-bossGroup--thread1] INFO  logging.LoggingHandler (AbstractInternalLogger.java:log(148)) - [id: 0x4c79f57d, L:/0:0:0:0:0:0:0:0:15121] CLOSE
2023-07-05 13:43:38,327 [b0e58961-cf25-454a-a9d8-5016df2ce601-NettyServerStreamRpc-bossGroup--thread1] INFO  logging.LoggingHandler (AbstractInternalLogger.java:log(148)) - [id: 0x4c79f57d, L:/0:0:0:0:0:0:0:0:15121] INACTIVE
2023-07-05 13:43:38,327 [b0e58961-cf25-454a-a9d8-5016df2ce601-NettyServerStreamRpc-bossGroup--thread1] INFO  logging.LoggingHandler (AbstractInternalLogger.java:log(148)) - [id: 0x4c79f57d, L:/0:0:0:0:0:0:0:0:15121] UNREGISTERED
2023-07-05 13:43:38,574 [b0e58961-cf25-454a-a9d8-5016df2ce601-impl-thread3] INFO  segmented.SegmentedRaftLogWorker (SegmentedRaftLogWorker.java:close(252)) - b0e58961-cf25-454a-a9d8-5016df2ce601@group-ADDF5938E3AB-SegmentedRaftLogWorker close()
2023-07-05 13:43:38,577 [b0e58961-cf25-454a-a9d8-5016df2ce601-impl-thread1] INFO  segmented.SegmentedRaftLogWorker (SegmentedRaftLogWorker.java:close(252)) - b0e58961-cf25-454a-a9d8-5016df2ce601@group-8FB33747A9A1-SegmentedRaftLogWorker close()
2023-07-05 13:43:39,120 [ReplicationMonitor] INFO  replication.ReplicationManager (ReplicationManager.java:processAll(389)) - Replication Monitor Thread took 0 milliseconds for processing 1 containers.
2023-07-05 13:43:39,145 [16068a4c-c2af-4cec-9eae-3ab2a53eaee7@group-68679A1BB53A-FollowerState] INFO  impl.FollowerState (FollowerState.java:run(143)) - 16068a4c-c2af-4cec-9eae-3ab2a53eaee7@group-68679A1BB53A-FollowerState: change to CANDIDATE, lastRpcElapsedTime:10441144208ns, electionTimeout:5026ms
2023-07-05 13:43:39,145 [16068a4c-c2af-4cec-9eae-3ab2a53eaee7@group-68679A1BB53A-FollowerState] INFO  impl.RoleInfo (RoleInfo.java:shutdownFollowerState(110)) - 16068a4c-c2af-4cec-9eae-3ab2a53eaee7: shutdown 16068a4c-c2af-4cec-9eae-3ab2a53eaee7@group-68679A1BB53A-FollowerState
2023-07-05 13:43:39,146 [16068a4c-c2af-4cec-9eae-3ab2a53eaee7@group-68679A1BB53A-FollowerState] INFO  server.RaftServer$Division (RaftServerImpl.java:setRole(329)) - 16068a4c-c2af-4cec-9eae-3ab2a53eaee7@group-68679A1BB53A: changes role from  FOLLOWER to CANDIDATE at term 0 for changeToCandidate
2023-07-05 13:43:39,146 [16068a4c-c2af-4cec-9eae-3ab2a53eaee7@group-68679A1BB53A-FollowerState] INFO  server.RaftServerConfigKeys (ConfUtils.java:logGet(46)) - raft.server.leaderelection.pre-vote = true (default)
2023-07-05 13:43:39,146 [16068a4c-c2af-4cec-9eae-3ab2a53eaee7@group-68679A1BB53A-FollowerState] INFO  impl.RoleInfo (RoleInfo.java:updateAndGet(139)) - 16068a4c-c2af-4cec-9eae-3ab2a53eaee7: start 16068a4c-c2af-4cec-9eae-3ab2a53eaee7@group-68679A1BB53A-LeaderElection32
2023-07-05 13:43:39,149 [16068a4c-c2af-4cec-9eae-3ab2a53eaee7@group-68679A1BB53A-LeaderElection32] INFO  impl.LeaderElection (LeaderElection.java:askForVotes(321)) - 16068a4c-c2af-4cec-9eae-3ab2a53eaee7@group-68679A1BB53A-LeaderElection32 PRE_VOTE round 0: submit vote requests at term 0 for -1: peers:[16068a4c-c2af-4cec-9eae-3ab2a53eaee7|rpc:10.1.0.13:15129|admin:10.1.0.13:15128|client:10.1.0.13:15127|dataStream:10.1.0.13:15130|priority:1|startupRole:FOLLOWER]|listeners:[], old=null
2023-07-05 13:43:39,149 [16068a4c-c2af-4cec-9eae-3ab2a53eaee7@group-68679A1BB53A-LeaderElection32] INFO  impl.LeaderElection (LeaderElection.java:askForVotes(323)) - 16068a4c-c2af-4cec-9eae-3ab2a53eaee7@group-68679A1BB53A-LeaderElection32 PRE_VOTE round 0: result PASSED (term=0)
2023-07-05 13:43:39,150 [16068a4c-c2af-4cec-9eae-3ab2a53eaee7@group-68679A1BB53A-LeaderElection32] INFO  impl.LeaderElection (LeaderElection.java:askForVotes(321)) - 16068a4c-c2af-4cec-9eae-3ab2a53eaee7@group-68679A1BB53A-LeaderElection32 ELECTION round 0: submit vote requests at term 1 for -1: peers:[16068a4c-c2af-4cec-9eae-3ab2a53eaee7|rpc:10.1.0.13:15129|admin:10.1.0.13:15128|client:10.1.0.13:15127|dataStream:10.1.0.13:15130|priority:1|startupRole:FOLLOWER]|listeners:[], old=null
2023-07-05 13:43:39,151 [16068a4c-c2af-4cec-9eae-3ab2a53eaee7@group-68679A1BB53A-LeaderElection32] INFO  impl.LeaderElection (LeaderElection.java:askForVotes(323)) - 16068a4c-c2af-4cec-9eae-3ab2a53eaee7@group-68679A1BB53A-LeaderElection32 ELECTION round 0: result PASSED (term=1)
2023-07-05 13:43:39,151 [16068a4c-c2af-4cec-9eae-3ab2a53eaee7@group-68679A1BB53A-LeaderElection32] INFO  impl.RoleInfo (RoleInfo.java:shutdownLeaderElection(130)) - 16068a4c-c2af-4cec-9eae-3ab2a53eaee7: shutdown 16068a4c-c2af-4cec-9eae-3ab2a53eaee7@group-68679A1BB53A-LeaderElection32
2023-07-05 13:43:39,151 [16068a4c-c2af-4cec-9eae-3ab2a53eaee7@group-68679A1BB53A-LeaderElection32] INFO  server.RaftServer$Division (RaftServerImpl.java:setRole(329)) - 16068a4c-c2af-4cec-9eae-3ab2a53eaee7@group-68679A1BB53A: changes role from CANDIDATE to LEADER at term 1 for changeToLeader
2023-07-05 13:43:39,151 [16068a4c-c2af-4cec-9eae-3ab2a53eaee7@group-68679A1BB53A-LeaderElection32] INFO  ratis.XceiverServerRatis (XceiverServerRatis.java:handleLeaderChangedNotification(902)) - Leader change notification received for group: group-68679A1BB53A with new leaderId: 16068a4c-c2af-4cec-9eae-3ab2a53eaee7
2023-07-05 13:43:39,151 [16068a4c-c2af-4cec-9eae-3ab2a53eaee7@group-68679A1BB53A-LeaderElection32] INFO  server.RaftServer$Division (ServerState.java:setLeader(317)) - 16068a4c-c2af-4cec-9eae-3ab2a53eaee7@group-68679A1BB53A: change Leader from null to 16068a4c-c2af-4cec-9eae-3ab2a53eaee7 at term 1 for becomeLeader, leader elected after 10467ms
2023-07-05 13:43:39,151 [16068a4c-c2af-4cec-9eae-3ab2a53eaee7@group-68679A1BB53A-LeaderElection32] INFO  server.RaftServerConfigKeys (ConfUtils.java:logGet(46)) - raft.server.staging.catchup.gap = 1000 (default)
2023-07-05 13:43:39,151 [16068a4c-c2af-4cec-9eae-3ab2a53eaee7@group-68679A1BB53A-LeaderElection32] INFO  server.RaftServerConfigKeys (ConfUtils.java:logGet(46)) - raft.server.write.element-limit = 1024 (custom)
2023-07-05 13:43:39,151 [16068a4c-c2af-4cec-9eae-3ab2a53eaee7@group-68679A1BB53A-LeaderElection32] INFO  server.RaftServerConfigKeys (ConfUtils.java:logGet(46)) - raft.server.write.byte-limit = 1024 M (=1073741824) (custom)
2023-07-05 13:43:39,152 [16068a4c-c2af-4cec-9eae-3ab2a53eaee7@group-68679A1BB53A-LeaderElection32] INFO  server.RaftServerConfigKeys (ConfUtils.java:logGet(46)) - raft.server.watch.timeout = 180s (custom)
2023-07-05 13:43:39,152 [16068a4c-c2af-4cec-9eae-3ab2a53eaee7@group-68679A1BB53A-LeaderElection32] INFO  server.RaftServerConfigKeys (ConfUtils.java:logGet(46)) - raft.server.watch.timeout.denomination = 1s (default)
2023-07-05 13:43:39,152 [16068a4c-c2af-4cec-9eae-3ab2a53eaee7@group-68679A1BB53A-LeaderElection32] INFO  server.RaftServerConfigKeys (ConfUtils.java:logGet(46)) - raft.server.watch.element-limit = 65536 (default)
2023-07-05 13:43:39,152 [16068a4c-c2af-4cec-9eae-3ab2a53eaee7@group-68679A1BB53A-LeaderElection32] INFO  server.RaftServerConfigKeys (ConfUtils.java:logGet(46)) - raft.server.write.element-limit = 1024 (custom)
2023-07-05 13:43:39,152 [16068a4c-c2af-4cec-9eae-3ab2a53eaee7@group-68679A1BB53A-LeaderElection32] INFO  server.RaftServerConfigKeys (ConfUtils.java:logGet(46)) - raft.server.write.follower.gap.ratio.max = -1.0 (default)
2023-07-05 13:43:39,152 [16068a4c-c2af-4cec-9eae-3ab2a53eaee7@group-68679A1BB53A-LeaderElection32] INFO  impl.RoleInfo (RoleInfo.java:updateAndGet(139)) - 16068a4c-c2af-4cec-9eae-3ab2a53eaee7: start 16068a4c-c2af-4cec-9eae-3ab2a53eaee7@group-68679A1BB53A-LeaderStateImpl
2023-07-05 13:43:39,152 [16068a4c-c2af-4cec-9eae-3ab2a53eaee7@group-68679A1BB53A-LeaderElection32] INFO  segmented.SegmentedRaftLogWorker (SegmentedRaftLogWorker.java:startLogSegment(447)) - 16068a4c-c2af-4cec-9eae-3ab2a53eaee7@group-68679A1BB53A-SegmentedRaftLogWorker: Starting segment from index:0
2023-07-05 13:43:39,154 [16068a4c-c2af-4cec-9eae-3ab2a53eaee7@group-68679A1BB53A-SegmentedRaftLogWorker] INFO  segmented.SegmentedRaftLogWorker (SegmentedRaftLogWorker.java:execute(651)) - 16068a4c-c2af-4cec-9eae-3ab2a53eaee7@group-68679A1BB53A-SegmentedRaftLogWorker: created new log segment /home/runner/work/ozone/ozone/hadoop-ozone/integration-test/target/test-dir/MiniOzoneClusterImpl-c098677b-f883-4488-a97e-c9984f4b1973/datanode-1/data/ratis/129219a5-9911-4065-9ed2-68679a1bb53a/current/log_inprogress_0
2023-07-05 13:43:39,154 [16068a4c-c2af-4cec-9eae-3ab2a53eaee7@group-68679A1BB53A-LeaderElection32] INFO  server.RaftServer$Division (ServerState.java:setRaftConf(434)) - 16068a4c-c2af-4cec-9eae-3ab2a53eaee7@group-68679A1BB53A: set configuration 0: peers:[16068a4c-c2af-4cec-9eae-3ab2a53eaee7|rpc:10.1.0.13:15129|admin:10.1.0.13:15128|client:10.1.0.13:15127|dataStream:10.1.0.13:15130|priority:1|startupRole:FOLLOWER]|listeners:[], old=null
2023-07-05 13:43:39,230 [16068a4c-c2af-4cec-9eae-3ab2a53eaee7@group-ADDF5938E3AB-FollowerState] INFO  impl.FollowerState (FollowerState.java:run(143)) - 16068a4c-c2af-4cec-9eae-3ab2a53eaee7@group-ADDF5938E3AB-FollowerState: change to CANDIDATE, lastRpcElapsedTime:10626781219ns, electionTimeout:5104ms
2023-07-05 13:43:39,231 [16068a4c-c2af-4cec-9eae-3ab2a53eaee7@group-ADDF5938E3AB-FollowerState] INFO  impl.RoleInfo (RoleInfo.java:shutdownFollowerState(110)) - 16068a4c-c2af-4cec-9eae-3ab2a53eaee7: shutdown 16068a4c-c2af-4cec-9eae-3ab2a53eaee7@group-ADDF5938E3AB-FollowerState
2023-07-05 13:43:39,231 [16068a4c-c2af-4cec-9eae-3ab2a53eaee7@group-ADDF5938E3AB-FollowerState] INFO  server.RaftServer$Division (RaftServerImpl.java:setRole(329)) - 16068a4c-c2af-4cec-9eae-3ab2a53eaee7@group-ADDF5938E3AB: changes role from  FOLLOWER to CANDIDATE at term 0 for changeToCandidate
2023-07-05 13:43:39,231 [16068a4c-c2af-4cec-9eae-3ab2a53eaee7@group-ADDF5938E3AB-FollowerState] INFO  server.RaftServerConfigKeys (ConfUtils.java:logGet(46)) - raft.server.leaderelection.pre-vote = true (default)
2023-07-05 13:43:39,231 [16068a4c-c2af-4cec-9eae-3ab2a53eaee7@group-ADDF5938E3AB-FollowerState] INFO  impl.RoleInfo (RoleInfo.java:updateAndGet(139)) - 16068a4c-c2af-4cec-9eae-3ab2a53eaee7: start 16068a4c-c2af-4cec-9eae-3ab2a53eaee7@group-ADDF5938E3AB-LeaderElection33
2023-07-05 13:43:39,233 [16068a4c-c2af-4cec-9eae-3ab2a53eaee7@group-ADDF5938E3AB-LeaderElection33] INFO  impl.LeaderElection (LeaderElection.java:askForVotes(321)) - 16068a4c-c2af-4cec-9eae-3ab2a53eaee7@group-ADDF5938E3AB-LeaderElection33 PRE_VOTE round 0: submit vote requests at term 0 for -1: peers:[b0e58961-cf25-454a-a9d8-5016df2ce601|rpc:10.1.0.13:15120|admin:10.1.0.13:15119|client:10.1.0.13:15118|dataStream:10.1.0.13:15121|priority:1|startupRole:FOLLOWER, 16068a4c-c2af-4cec-9eae-3ab2a53eaee7|rpc:10.1.0.13:15129|admin:10.1.0.13:15128|client:10.1.0.13:15127|dataStream:10.1.0.13:15130|priority:0|startupRole:FOLLOWER, 3a238b95-76ec-4438-89aa-518182fac512|rpc:10.1.0.13:15138|admin:10.1.0.13:15137|client:10.1.0.13:15136|dataStream:10.1.0.13:15139|priority:0|startupRole:FOLLOWER]|listeners:[], old=null
2023-07-05 13:43:39,238 [b0e58961-cf25-454a-a9d8-5016df2ce601-impl-thread2] INFO  segmented.SegmentedRaftLogWorker (SegmentedRaftLogWorker.java:close(252)) - b0e58961-cf25-454a-a9d8-5016df2ce601@group-A632E32F3323-SegmentedRaftLogWorker close()
2023-07-05 13:43:39,243 [JvmPauseMonitor16] INFO  util.JvmPauseMonitor (JvmPauseMonitor.java:run(109)) - JvmPauseMonitor-b0e58961-cf25-454a-a9d8-5016df2ce601: Stopped
2023-07-05 13:43:39,243 [16068a4c-c2af-4cec-9eae-3ab2a53eaee7@group-ADDF5938E3AB-LeaderElection33-1] INFO  server.GrpcServerProtocolClient (GrpcServerProtocolClient.java:<init>(65)) - Build channel for b0e58961-cf25-454a-a9d8-5016df2ce601
2023-07-05 13:43:39,247 [16068a4c-c2af-4cec-9eae-3ab2a53eaee7@group-ADDF5938E3AB-LeaderElection33] INFO  server.RaftServerConfigKeys (ConfUtils.java:logFallback(53)) - raft.server.rpc.first-election.timeout.min = 5s (fallback to raft.server.rpc.timeout.min)
2023-07-05 13:43:39,249 [16068a4c-c2af-4cec-9eae-3ab2a53eaee7@group-ADDF5938E3AB-LeaderElection33] INFO  server.RaftServerConfigKeys (ConfUtils.java:logFallback(53)) - raft.server.rpc.first-election.timeout.max = 5200ms (fallback to raft.server.rpc.timeout.max)
2023-07-05 13:43:39,251 [16068a4c-c2af-4cec-9eae-3ab2a53eaee7@group-ADDF5938E3AB-LeaderElection33-2] INFO  server.GrpcServerProtocolClient (GrpcServerProtocolClient.java:<init>(65)) - Build channel for 3a238b95-76ec-4438-89aa-518182fac512
2023-07-05 13:43:39,256 [16068a4c-c2af-4cec-9eae-3ab2a53eaee7@group-ADDF5938E3AB-LeaderElection33] INFO  impl.LeaderElection (LogUtils.java:infoOrTrace(137)) - 16068a4c-c2af-4cec-9eae-3ab2a53eaee7@group-ADDF5938E3AB-LeaderElection33 got exception when requesting votes: java.util.concurrent.ExecutionException: org.apache.ratis.thirdparty.io.grpc.StatusRuntimeException: UNAVAILABLE: io exception
2023-07-05 13:43:39,265 [grpc-default-executor-4] INFO  server.RaftServer$Division (RaftServerImpl.java:requestVote(1302)) - 3a238b95-76ec-4438-89aa-518182fac512@group-ADDF5938E3AB: receive requestVote(PRE_VOTE, 16068a4c-c2af-4cec-9eae-3ab2a53eaee7, group-ADDF5938E3AB, 0, (t:0, i:0))
2023-07-05 13:43:39,266 [grpc-default-executor-4] INFO  impl.VoteContext (VoteContext.java:log(49)) - 3a238b95-76ec-4438-89aa-518182fac512@group-ADDF5938E3AB-FOLLOWER: accept PRE_VOTE from 16068a4c-c2af-4cec-9eae-3ab2a53eaee7: our priority 0 <= candidate's priority 0
2023-07-05 13:43:39,266 [grpc-default-executor-4] INFO  server.RaftServer$Division (RaftServerImpl.java:requestVote(1335)) - 3a238b95-76ec-4438-89aa-518182fac512@group-ADDF5938E3AB replies to PRE_VOTE vote request: 16068a4c-c2af-4cec-9eae-3ab2a53eaee7<-3a238b95-76ec-4438-89aa-518182fac512#0:OK-t0. Peer's state: 3a238b95-76ec-4438-89aa-518182fac512@group-ADDF5938E3AB:t0, leader=null, voted=, raftlog=Memoized:3a238b95-76ec-4438-89aa-518182fac512@group-ADDF5938E3AB-SegmentedRaftLog:OPENED:c-1, conf=-1: peers:[b0e58961-cf25-454a-a9d8-5016df2ce601|rpc:10.1.0.13:15120|admin:10.1.0.13:15119|client:10.1.0.13:15118|dataStream:10.1.0.13:15121|priority:1|startupRole:FOLLOWER, 16068a4c-c2af-4cec-9eae-3ab2a53eaee7|rpc:10.1.0.13:15129|admin:10.1.0.13:15128|client:10.1.0.13:15127|dataStream:10.1.0.13:15130|priority:0|startupRole:FOLLOWER, 3a238b95-76ec-4438-89aa-518182fac512|rpc:10.1.0.13:15138|admin:10.1.0.13:15137|client:10.1.0.13:15136|dataStream:10.1.0.13:15139|priority:0|startupRole:FOLLOWER]|listeners:[], old=null
2023-07-05 13:43:39,271 [16068a4c-c2af-4cec-9eae-3ab2a53eaee7@group-ADDF5938E3AB-LeaderElection33] INFO  impl.LeaderElection (LeaderElection.java:logAndReturn(90)) - 16068a4c-c2af-4cec-9eae-3ab2a53eaee7@group-ADDF5938E3AB-LeaderElection33: PRE_VOTE PASSED received 1 response(s) and 1 exception(s):
2023-07-05 13:43:39,271 [16068a4c-c2af-4cec-9eae-3ab2a53eaee7@group-ADDF5938E3AB-LeaderElection33] INFO  impl.LeaderElection (LeaderElection.java:logAndReturn(94)) -   Response 0: 16068a4c-c2af-4cec-9eae-3ab2a53eaee7<-3a238b95-76ec-4438-89aa-518182fac512#0:OK-t0
2023-07-05 13:43:39,271 [16068a4c-c2af-4cec-9eae-3ab2a53eaee7@group-ADDF5938E3AB-LeaderElection33] INFO  impl.LeaderElection (LogUtils.java:infoOrTrace(137)) -   Exception 1: java.util.concurrent.ExecutionException: org.apache.ratis.thirdparty.io.grpc.StatusRuntimeException: UNAVAILABLE: io exception
2023-07-05 13:43:39,271 [16068a4c-c2af-4cec-9eae-3ab2a53eaee7@group-ADDF5938E3AB-LeaderElection33] INFO  impl.LeaderElection (LeaderElection.java:askForVotes(323)) - 16068a4c-c2af-4cec-9eae-3ab2a53eaee7@group-ADDF5938E3AB-LeaderElection33 PRE_VOTE round 0: result PASSED
2023-07-05 13:43:39,272 [16068a4c-c2af-4cec-9eae-3ab2a53eaee7@group-ADDF5938E3AB-LeaderElection33] INFO  impl.LeaderElection (LeaderElection.java:askForVotes(321)) - 16068a4c-c2af-4cec-9eae-3ab2a53eaee7@group-ADDF5938E3AB-LeaderElection33 ELECTION round 0: submit vote requests at term 1 for -1: peers:[b0e58961-cf25-454a-a9d8-5016df2ce601|rpc:10.1.0.13:15120|admin:10.1.0.13:15119|client:10.1.0.13:15118|dataStream:10.1.0.13:15121|priority:1|startupRole:FOLLOWER, 16068a4c-c2af-4cec-9eae-3ab2a53eaee7|rpc:10.1.0.13:15129|admin:10.1.0.13:15128|client:10.1.0.13:15127|dataStream:10.1.0.13:15130|priority:0|startupRole:FOLLOWER, 3a238b95-76ec-4438-89aa-518182fac512|rpc:10.1.0.13:15138|admin:10.1.0.13:15137|client:10.1.0.13:15136|dataStream:10.1.0.13:15139|priority:0|startupRole:FOLLOWER]|listeners:[], old=null
2023-07-05 13:43:39,275 [3a238b95-76ec-4438-89aa-518182fac512@group-ADDF5938E3AB-FollowerState] INFO  server.RaftServerConfigKeys (ConfUtils.java:logFallback(53)) - raft.server.rpc.first-election.timeout.min = 5s (fallback to raft.server.rpc.timeout.min)
2023-07-05 13:43:39,275 [3a238b95-76ec-4438-89aa-518182fac512@group-ADDF5938E3AB-FollowerState] INFO  server.RaftServerConfigKeys (ConfUtils.java:logFallback(53)) - raft.server.rpc.first-election.timeout.max = 5200ms (fallback to raft.server.rpc.timeout.max)
2023-07-05 13:43:39,275 [16068a4c-c2af-4cec-9eae-3ab2a53eaee7@group-ADDF5938E3AB-LeaderElection33] INFO  server.RaftServerConfigKeys (ConfUtils.java:logFallback(53)) - raft.server.rpc.first-election.timeout.min = 5s (fallback to raft.server.rpc.timeout.min)
2023-07-05 13:43:39,276 [16068a4c-c2af-4cec-9eae-3ab2a53eaee7@group-ADDF5938E3AB-LeaderElection33] INFO  server.RaftServerConfigKeys (ConfUtils.java:logFallback(53)) - raft.server.rpc.first-election.timeout.max = 5200ms (fallback to raft.server.rpc.timeout.max)
2023-07-05 13:43:39,276 [16068a4c-c2af-4cec-9eae-3ab2a53eaee7@group-ADDF5938E3AB-LeaderElection33] INFO  impl.LeaderElection (LogUtils.java:infoOrTrace(137)) - 16068a4c-c2af-4cec-9eae-3ab2a53eaee7@group-ADDF5938E3AB-LeaderElection33 got exception when requesting votes: java.util.concurrent.ExecutionException: org.apache.ratis.thirdparty.io.grpc.StatusRuntimeException: UNAVAILABLE: io exception
2023-07-05 13:43:39,278 [grpc-default-executor-4] INFO  server.RaftServer$Division (RaftServerImpl.java:requestVote(1302)) - 3a238b95-76ec-4438-89aa-518182fac512@group-ADDF5938E3AB: receive requestVote(ELECTION, 16068a4c-c2af-4cec-9eae-3ab2a53eaee7, group-ADDF5938E3AB, 1, (t:0, i:0))
2023-07-05 13:43:39,278 [grpc-default-executor-4] INFO  impl.VoteContext (VoteContext.java:log(49)) - 3a238b95-76ec-4438-89aa-518182fac512@group-ADDF5938E3AB-FOLLOWER: accept ELECTION from 16068a4c-c2af-4cec-9eae-3ab2a53eaee7: our priority 0 <= candidate's priority 0
2023-07-05 13:43:39,278 [grpc-default-executor-4] INFO  server.RaftServer$Division (RaftServerImpl.java:setRole(329)) - 3a238b95-76ec-4438-89aa-518182fac512@group-ADDF5938E3AB: changes role from  FOLLOWER to FOLLOWER at term 1 for candidate:16068a4c-c2af-4cec-9eae-3ab2a53eaee7
2023-07-05 13:43:39,278 [grpc-default-executor-4] INFO  impl.RoleInfo (RoleInfo.java:shutdownFollowerState(110)) - 3a238b95-76ec-4438-89aa-518182fac512: shutdown 3a238b95-76ec-4438-89aa-518182fac512@group-ADDF5938E3AB-FollowerState
2023-07-05 13:43:39,278 [grpc-default-executor-4] INFO  impl.RoleInfo (RoleInfo.java:updateAndGet(139)) - 3a238b95-76ec-4438-89aa-518182fac512: start 3a238b95-76ec-4438-89aa-518182fac512@group-ADDF5938E3AB-FollowerState
2023-07-05 13:43:39,279 [3a238b95-76ec-4438-89aa-518182fac512@group-ADDF5938E3AB-FollowerState] INFO  impl.FollowerState (FollowerState.java:run(152)) - 3a238b95-76ec-4438-89aa-518182fac512@group-ADDF5938E3AB-FollowerState was interrupted
2023-07-05 13:43:39,282 [grpc-default-executor-4] INFO  server.RaftServer$Division (RaftServerImpl.java:requestVote(1335)) - 3a238b95-76ec-4438-89aa-518182fac512@group-ADDF5938E3AB replies to ELECTION vote request: 16068a4c-c2af-4cec-9eae-3ab2a53eaee7<-3a238b95-76ec-4438-89aa-518182fac512#0:OK-t1. Peer's state: 3a238b95-76ec-4438-89aa-518182fac512@group-ADDF5938E3AB:t1, leader=null, voted=16068a4c-c2af-4cec-9eae-3ab2a53eaee7, raftlog=Memoized:3a238b95-76ec-4438-89aa-518182fac512@group-ADDF5938E3AB-SegmentedRaftLog:OPENED:c-1, conf=-1: peers:[b0e58961-cf25-454a-a9d8-5016df2ce601|rpc:10.1.0.13:15120|admin:10.1.0.13:15119|client:10.1.0.13:15118|dataStream:10.1.0.13:15121|priority:1|startupRole:FOLLOWER, 16068a4c-c2af-4cec-9eae-3ab2a53eaee7|rpc:10.1.0.13:15129|admin:10.1.0.13:15128|client:10.1.0.13:15127|dataStream:10.1.0.13:15130|priority:0|startupRole:FOLLOWER, 3a238b95-76ec-4438-89aa-518182fac512|rpc:10.1.0.13:15138|admin:10.1.0.13:15137|client:10.1.0.13:15136|dataStream:10.1.0.13:15139|priority:0|startupRole:FOLLOWER]|listeners:[], old=null
2023-07-05 13:43:39,286 [16068a4c-c2af-4cec-9eae-3ab2a53eaee7@group-ADDF5938E3AB-LeaderElection33] INFO  impl.LeaderElection (LeaderElection.java:logAndReturn(90)) - 16068a4c-c2af-4cec-9eae-3ab2a53eaee7@group-ADDF5938E3AB-LeaderElection33: ELECTION PASSED received 1 response(s) and 1 exception(s):
2023-07-05 13:43:39,286 [16068a4c-c2af-4cec-9eae-3ab2a53eaee7@group-ADDF5938E3AB-LeaderElection33] INFO  impl.LeaderElection (LeaderElection.java:logAndReturn(94)) -   Response 0: 16068a4c-c2af-4cec-9eae-3ab2a53eaee7<-3a238b95-76ec-4438-89aa-518182fac512#0:OK-t1
2023-07-05 13:43:39,286 [16068a4c-c2af-4cec-9eae-3ab2a53eaee7@group-ADDF5938E3AB-LeaderElection33] INFO  impl.LeaderElection (LogUtils.java:infoOrTrace(137)) -   Exception 1: java.util.concurrent.ExecutionException: org.apache.ratis.thirdparty.io.grpc.StatusRuntimeException: UNAVAILABLE: io exception
2023-07-05 13:43:39,286 [16068a4c-c2af-4cec-9eae-3ab2a53eaee7@group-ADDF5938E3AB-LeaderElection33] INFO  impl.LeaderElection (LeaderElection.java:askForVotes(323)) - 16068a4c-c2af-4cec-9eae-3ab2a53eaee7@group-ADDF5938E3AB-LeaderElection33 ELECTION round 0: result PASSED
2023-07-05 13:43:39,286 [16068a4c-c2af-4cec-9eae-3ab2a53eaee7@group-ADDF5938E3AB-LeaderElection33] INFO  impl.RoleInfo (RoleInfo.java:shutdownLeaderElection(130)) - 16068a4c-c2af-4cec-9eae-3ab2a53eaee7: shutdown 16068a4c-c2af-4cec-9eae-3ab2a53eaee7@group-ADDF5938E3AB-LeaderElection33
2023-07-05 13:43:39,286 [16068a4c-c2af-4cec-9eae-3ab2a53eaee7@group-ADDF5938E3AB-LeaderElection33] INFO  server.RaftServer$Division (RaftServerImpl.java:setRole(329)) - 16068a4c-c2af-4cec-9eae-3ab2a53eaee7@group-ADDF5938E3AB: changes role from CANDIDATE to LEADER at term 1 for changeToLeader
2023-07-05 13:43:39,286 [16068a4c-c2af-4cec-9eae-3ab2a53eaee7@group-ADDF5938E3AB-LeaderElection33] INFO  ratis.XceiverServerRatis (XceiverServerRatis.java:handleLeaderChangedNotification(902)) - Leader change notification received for group: group-ADDF5938E3AB with new leaderId: 16068a4c-c2af-4cec-9eae-3ab2a53eaee7
2023-07-05 13:43:39,286 [16068a4c-c2af-4cec-9eae-3ab2a53eaee7@group-ADDF5938E3AB-LeaderElection33] INFO  server.RaftServer$Division (ServerState.java:setLeader(317)) - 16068a4c-c2af-4cec-9eae-3ab2a53eaee7@group-ADDF5938E3AB: change Leader from null to 16068a4c-c2af-4cec-9eae-3ab2a53eaee7 at term 1 for becomeLeader, leader elected after 10698ms
2023-07-05 13:43:39,286 [16068a4c-c2af-4cec-9eae-3ab2a53eaee7@group-ADDF5938E3AB-LeaderElection33] INFO  server.RaftServerConfigKeys (ConfUtils.java:logGet(46)) - raft.server.staging.catchup.gap = 1000 (default)
2023-07-05 13:43:39,286 [16068a4c-c2af-4cec-9eae-3ab2a53eaee7@group-ADDF5938E3AB-LeaderElection33] INFO  server.RaftServerConfigKeys (ConfUtils.java:logGet(46)) - raft.server.write.element-limit = 1024 (custom)
2023-07-05 13:43:39,287 [16068a4c-c2af-4cec-9eae-3ab2a53eaee7@group-ADDF5938E3AB-LeaderElection33] INFO  server.RaftServerConfigKeys (ConfUtils.java:logGet(46)) - raft.server.write.byte-limit = 1024 M (=1073741824) (custom)
2023-07-05 13:43:39,287 [16068a4c-c2af-4cec-9eae-3ab2a53eaee7@group-ADDF5938E3AB-LeaderElection33] INFO  server.RaftServerConfigKeys (ConfUtils.java:logGet(46)) - raft.server.watch.timeout = 180s (custom)
2023-07-05 13:43:39,287 [16068a4c-c2af-4cec-9eae-3ab2a53eaee7@group-ADDF5938E3AB-LeaderElection33] INFO  server.RaftServerConfigKeys (ConfUtils.java:logGet(46)) - raft.server.watch.timeout.denomination = 1s (default)
2023-07-05 13:43:39,287 [16068a4c-c2af-4cec-9eae-3ab2a53eaee7@group-ADDF5938E3AB-LeaderElection33] INFO  server.RaftServerConfigKeys (ConfUtils.java:logGet(46)) - raft.server.watch.element-limit = 65536 (default)
2023-07-05 13:43:39,287 [16068a4c-c2af-4cec-9eae-3ab2a53eaee7@group-ADDF5938E3AB-LeaderElection33] INFO  server.RaftServerConfigKeys (ConfUtils.java:logGet(46)) - raft.server.write.element-limit = 1024 (custom)
2023-07-05 13:43:39,287 [16068a4c-c2af-4cec-9eae-3ab2a53eaee7@group-ADDF5938E3AB-LeaderElection33] INFO  server.RaftServerConfigKeys (ConfUtils.java:logGet(46)) - raft.server.write.follower.gap.ratio.max = -1.0 (default)
2023-07-05 13:43:39,287 [16068a4c-c2af-4cec-9eae-3ab2a53eaee7@group-ADDF5938E3AB-LeaderElection33] INFO  server.RaftServerConfigKeys (ConfUtils.java:logGet(46)) - raft.server.log.appender.snapshot.chunk.size.max = 16MB (=16777216) (default)
2023-07-05 13:43:39,287 [16068a4c-c2af-4cec-9eae-3ab2a53eaee7@group-ADDF5938E3AB-LeaderElection33] INFO  server.RaftServerConfigKeys (ConfUtils.java:logGet(46)) - raft.server.log.appender.buffer.byte-limit = 33554432 (custom)
2023-07-05 13:43:39,287 [16068a4c-c2af-4cec-9eae-3ab2a53eaee7@group-ADDF5938E3AB-LeaderElection33] INFO  server.RaftServerConfigKeys (ConfUtils.java:logGet(46)) - raft.server.log.appender.buffer.element-limit = 1 (custom)
2023-07-05 13:43:39,288 [16068a4c-c2af-4cec-9eae-3ab2a53eaee7@group-ADDF5938E3AB-LeaderElection33] INFO  server.RaftServerConfigKeys (ConfUtils.java:logGet(46)) - raft.server.log.appender.wait-time.min = 10ms (default)
2023-07-05 13:43:39,288 [16068a4c-c2af-4cec-9eae-3ab2a53eaee7@group-ADDF5938E3AB-LeaderElection33] INFO  grpc.GrpcConfigKeys (ConfUtils.java:logGet(46)) - raft.grpc.server.leader.outstanding.appends.max = 128 (default)
2023-07-05 13:43:39,288 [16068a4c-c2af-4cec-9eae-3ab2a53eaee7@group-ADDF5938E3AB-LeaderElection33] INFO  server.RaftServerConfigKeys (ConfUtils.java:logGet(46)) - raft.server.rpc.request.timeout = 60s (custom)
2023-07-05 13:43:39,288 [16068a4c-c2af-4cec-9eae-3ab2a53eaee7@group-ADDF5938E3AB-LeaderElection33] INFO  grpc.GrpcConfigKeys (ConfUtils.java:logGet(46)) - raft.grpc.server.install_snapshot.request.element-limit = 8 (default)
2023-07-05 13:43:39,288 [16068a4c-c2af-4cec-9eae-3ab2a53eaee7@group-ADDF5938E3AB-LeaderElection33] INFO  grpc.GrpcConfigKeys (ConfUtils.java:logGet(46)) - raft.grpc.server.install_snapshot.request.timeout = 3000ms (default)
2023-07-05 13:43:39,288 [16068a4c-c2af-4cec-9eae-3ab2a53eaee7@group-ADDF5938E3AB-LeaderElection33] INFO  server.RaftServerConfigKeys (ConfUtils.java:logGet(46)) - raft.server.log.appender.install.snapshot.enabled = false (custom)
2023-07-05 13:43:39,288 [16068a4c-c2af-4cec-9eae-3ab2a53eaee7@group-ADDF5938E3AB-LeaderElection33] INFO  grpc.GrpcConfigKeys (ConfUtils.java:logGet(46)) - raft.grpc.server.heartbeat.channel = true (default)
2023-07-05 13:43:39,289 [EventQueue-PipelineReportForPipelineReportHandler] INFO  pipeline.PipelineReportHandler (PipelineReportHandler.java:processPipelineReport(136)) - Opened pipeline PipelineID=2116bd38-657f-4bb2-b5cb-addf5938e3ab
2023-07-05 13:43:39,289 [16068a4c-c2af-4cec-9eae-3ab2a53eaee7@group-ADDF5938E3AB-LeaderElection33] INFO  server.RaftServerConfigKeys (ConfUtils.java:logGet(46)) - raft.server.log.appender.snapshot.chunk.size.max = 16MB (=16777216) (default)
2023-07-05 13:43:39,289 [16068a4c-c2af-4cec-9eae-3ab2a53eaee7@group-ADDF5938E3AB-LeaderElection33] INFO  server.RaftServerConfigKeys (ConfUtils.java:logGet(46)) - raft.server.log.appender.buffer.byte-limit = 33554432 (custom)
2023-07-05 13:43:39,289 [16068a4c-c2af-4cec-9eae-3ab2a53eaee7@group-ADDF5938E3AB-LeaderElection33] INFO  server.RaftServerConfigKeys (ConfUtils.java:logGet(46)) - raft.server.log.appender.buffer.element-limit = 1 (custom)
2023-07-05 13:43:39,289 [16068a4c-c2af-4cec-9eae-3ab2a53eaee7@group-ADDF5938E3AB-LeaderElection33] INFO  server.RaftServerConfigKeys (ConfUtils.java:logGet(46)) - raft.server.log.appender.wait-time.min = 10ms (default)
2023-07-05 13:43:39,289 [16068a4c-c2af-4cec-9eae-3ab2a53eaee7@group-ADDF5938E3AB-LeaderElection33] INFO  grpc.GrpcConfigKeys (ConfUtils.java:logGet(46)) - raft.grpc.server.leader.outstanding.appends.max = 128 (default)
2023-07-05 13:43:39,289 [16068a4c-c2af-4cec-9eae-3ab2a53eaee7@group-ADDF5938E3AB-LeaderElection33] INFO  server.RaftServerConfigKeys (ConfUtils.java:logGet(46)) - raft.server.rpc.request.timeout = 60s (custom)
2023-07-05 13:43:39,289 [16068a4c-c2af-4cec-9eae-3ab2a53eaee7@group-ADDF5938E3AB-LeaderElection33] INFO  grpc.GrpcConfigKeys (ConfUtils.java:logGet(46)) - raft.grpc.server.install_snapshot.request.element-limit = 8 (default)
2023-07-05 13:43:39,290 [16068a4c-c2af-4cec-9eae-3ab2a53eaee7@group-ADDF5938E3AB-LeaderElection33] INFO  grpc.GrpcConfigKeys (ConfUtils.java:logGet(46)) - raft.grpc.server.install_snapshot.request.timeout = 3000ms (default)
2023-07-05 13:43:39,290 [16068a4c-c2af-4cec-9eae-3ab2a53eaee7@group-ADDF5938E3AB-LeaderElection33] INFO  server.RaftServerConfigKeys (ConfUtils.java:logGet(46)) - raft.server.log.appender.install.snapshot.enabled = false (custom)
2023-07-05 13:43:39,290 [16068a4c-c2af-4cec-9eae-3ab2a53eaee7@group-ADDF5938E3AB-LeaderElection33] INFO  grpc.GrpcConfigKeys (ConfUtils.java:logGet(46)) - raft.grpc.server.heartbeat.channel = true (default)
2023-07-05 13:43:39,290 [16068a4c-c2af-4cec-9eae-3ab2a53eaee7@group-ADDF5938E3AB-LeaderElection33] INFO  impl.RoleInfo (RoleInfo.java:updateAndGet(139)) - 16068a4c-c2af-4cec-9eae-3ab2a53eaee7: start 16068a4c-c2af-4cec-9eae-3ab2a53eaee7@group-ADDF5938E3AB-LeaderStateImpl
2023-07-05 13:43:39,290 [16068a4c-c2af-4cec-9eae-3ab2a53eaee7@group-ADDF5938E3AB-LeaderElection33] INFO  segmented.SegmentedRaftLogWorker (SegmentedRaftLogWorker.java:startLogSegment(447)) - 16068a4c-c2af-4cec-9eae-3ab2a53eaee7@group-ADDF5938E3AB-SegmentedRaftLogWorker: Starting segment from index:0
2023-07-05 13:43:39,292 [16068a4c-c2af-4cec-9eae-3ab2a53eaee7@group-ADDF5938E3AB-SegmentedRaftLogWorker] INFO  segmented.SegmentedRaftLogWorker (SegmentedRaftLogWorker.java:execute(651)) - 16068a4c-c2af-4cec-9eae-3ab2a53eaee7@group-ADDF5938E3AB-SegmentedRaftLogWorker: created new log segment /home/runner/work/ozone/ozone/hadoop-ozone/integration-test/target/test-dir/MiniOzoneClusterImpl-c098677b-f883-4488-a97e-c9984f4b1973/datanode-1/data/ratis/2116bd38-657f-4bb2-b5cb-addf5938e3ab/current/log_inprogress_0
2023-07-05 13:43:39,296 [grpc-default-executor-4] WARN  server.GrpcLogAppender (LogUtils.java:warn(122)) - 16068a4c-c2af-4cec-9eae-3ab2a53eaee7@group-ADDF5938E3AB->b0e58961-cf25-454a-a9d8-5016df2ce601-AppendLogResponseHandler: Failed appendEntries: org.apache.ratis.thirdparty.io.grpc.StatusRuntimeException: UNAVAILABLE: io exception
2023-07-05 13:43:39,304 [grpc-default-executor-4] WARN  server.GrpcLogAppender (LogUtils.java:warn(122)) - 16068a4c-c2af-4cec-9eae-3ab2a53eaee7@group-ADDF5938E3AB->b0e58961-cf25-454a-a9d8-5016df2ce601-AppendLogResponseHandler: Failed appendEntries: org.apache.ratis.thirdparty.io.grpc.StatusRuntimeException: UNAVAILABLE: io exception
2023-07-05 13:43:39,306 [16068a4c-c2af-4cec-9eae-3ab2a53eaee7@group-ADDF5938E3AB-LeaderElection33] INFO  server.RaftServer$Division (ServerState.java:setRaftConf(434)) - 16068a4c-c2af-4cec-9eae-3ab2a53eaee7@group-ADDF5938E3AB: set configuration 0: peers:[b0e58961-cf25-454a-a9d8-5016df2ce601|rpc:10.1.0.13:15120|admin:10.1.0.13:15119|client:10.1.0.13:15118|dataStream:10.1.0.13:15121|priority:1|startupRole:FOLLOWER, 16068a4c-c2af-4cec-9eae-3ab2a53eaee7|rpc:10.1.0.13:15129|admin:10.1.0.13:15128|client:10.1.0.13:15127|dataStream:10.1.0.13:15130|priority:0|startupRole:FOLLOWER, 3a238b95-76ec-4438-89aa-518182fac512|rpc:10.1.0.13:15138|admin:10.1.0.13:15137|client:10.1.0.13:15136|dataStream:10.1.0.13:15139|priority:0|startupRole:FOLLOWER]|listeners:[], old=null
2023-07-05 13:43:39,311 [grpc-default-executor-0] WARN  server.GrpcLogAppender (LogUtils.java:warn(122)) - 16068a4c-c2af-4cec-9eae-3ab2a53eaee7@group-ADDF5938E3AB->b0e58961-cf25-454a-a9d8-5016df2ce601-AppendLogResponseHandler: Failed appendEntries: org.apache.ratis.thirdparty.io.grpc.StatusRuntimeException: UNAVAILABLE: io exception
2023-07-05 13:43:39,311 [grpc-default-executor-1] WARN  server.GrpcLogAppender (LogUtils.java:warn(122)) - 16068a4c-c2af-4cec-9eae-3ab2a53eaee7@group-ADDF5938E3AB->b0e58961-cf25-454a-a9d8-5016df2ce601-AppendLogResponseHandler: Failed appendEntries: org.apache.ratis.thirdparty.io.grpc.StatusRuntimeException: UNAVAILABLE: io exception
2023-07-05 13:43:39,312 [grpc-default-executor-0] INFO  leader.FollowerInfo (FollowerInfoImpl.java:lambda$new$0(52)) - 16068a4c-c2af-4cec-9eae-3ab2a53eaee7@group-ADDF5938E3AB->b0e58961-cf25-454a-a9d8-5016df2ce601: decreaseNextIndex nextIndex: updateUnconditionally 1 -> 0
2023-07-05 13:43:39,313 [grpc-default-executor-1] WARN  server.GrpcLogAppender (LogUtils.java:warn(122)) - 16068a4c-c2af-4cec-9eae-3ab2a53eaee7@group-ADDF5938E3AB->b0e58961-cf25-454a-a9d8-5016df2ce601-AppendLogResponseHandler: Failed appendEntries: org.apache.ratis.thirdparty.io.grpc.StatusRuntimeException: UNAVAILABLE: io exception
2023-07-05 13:43:39,313 [grpc-default-executor-0] WARN  server.GrpcLogAppender (LogUtils.java:warn(122)) - 16068a4c-c2af-4cec-9eae-3ab2a53eaee7@group-ADDF5938E3AB->b0e58961-cf25-454a-a9d8-5016df2ce601-AppendLogResponseHandler: Failed appendEntries: org.apache.ratis.thirdparty.io.grpc.StatusRuntimeException: UNAVAILABLE: io exception
2023-07-05 13:43:39,313 [grpc-default-executor-1] INFO  leader.FollowerInfo (FollowerInfoImpl.java:lambda$new$0(52)) - 16068a4c-c2af-4cec-9eae-3ab2a53eaee7@group-ADDF5938E3AB->b0e58961-cf25-454a-a9d8-5016df2ce601: decreaseNextIndex nextIndex: updateUnconditionally 1 -> 0
2023-07-05 13:43:39,316 [3a238b95-76ec-4438-89aa-518182fac512-server-thread1] INFO  ratis.XceiverServerRatis (XceiverServerRatis.java:handleLeaderChangedNotification(902)) - Leader change notification received for group: group-ADDF5938E3AB with new leaderId: 16068a4c-c2af-4cec-9eae-3ab2a53eaee7
2023-07-05 13:43:39,316 [3a238b95-76ec-4438-89aa-518182fac512-server-thread1] INFO  server.RaftServer$Division (ServerState.java:setLeader(317)) - 3a238b95-76ec-4438-89aa-518182fac512@group-ADDF5938E3AB: change Leader from null to 16068a4c-c2af-4cec-9eae-3ab2a53eaee7 at term 1 for appendEntries, leader elected after 10682ms
2023-07-05 13:43:39,321 [3a238b95-76ec-4438-89aa-518182fac512-server-thread2] INFO  server.RaftServer$Division (ServerState.java:setRaftConf(434)) - 3a238b95-76ec-4438-89aa-518182fac512@group-ADDF5938E3AB: set configuration 0: peers:[b0e58961-cf25-454a-a9d8-5016df2ce601|rpc:10.1.0.13:15120|admin:10.1.0.13:15119|client:10.1.0.13:15118|dataStream:10.1.0.13:15121|priority:1|startupRole:FOLLOWER, 16068a4c-c2af-4cec-9eae-3ab2a53eaee7|rpc:10.1.0.13:15129|admin:10.1.0.13:15128|client:10.1.0.13:15127|dataStream:10.1.0.13:15130|priority:0|startupRole:FOLLOWER, 3a238b95-76ec-4438-89aa-518182fac512|rpc:10.1.0.13:15138|admin:10.1.0.13:15137|client:10.1.0.13:15136|dataStream:10.1.0.13:15139|priority:0|startupRole:FOLLOWER]|listeners:[], old=null
2023-07-05 13:43:39,321 [3a238b95-76ec-4438-89aa-518182fac512-server-thread2] INFO  segmented.SegmentedRaftLogWorker (SegmentedRaftLogWorker.java:startLogSegment(447)) - 3a238b95-76ec-4438-89aa-518182fac512@group-ADDF5938E3AB-SegmentedRaftLogWorker: Starting segment from index:0
2023-07-05 13:43:39,323 [3a238b95-76ec-4438-89aa-518182fac512@group-ADDF5938E3AB-SegmentedRaftLogWorker] INFO  segmented.SegmentedRaftLogWorker (SegmentedRaftLogWorker.java:execute(651)) - 3a238b95-76ec-4438-89aa-518182fac512@group-ADDF5938E3AB-SegmentedRaftLogWorker: created new log segment /home/runner/work/ozone/ozone/hadoop-ozone/integration-test/target/test-dir/MiniOzoneClusterImpl-c098677b-f883-4488-a97e-c9984f4b1973/datanode-2/data/ratis/2116bd38-657f-4bb2-b5cb-addf5938e3ab/current/log_inprogress_0
2023-07-05 13:43:39,326 [grpc-default-executor-3] WARN  server.GrpcLogAppender (LogUtils.java:warn(122)) - 16068a4c-c2af-4cec-9eae-3ab2a53eaee7@group-ADDF5938E3AB->b0e58961-cf25-454a-a9d8-5016df2ce601-AppendLogResponseHandler: Failed appendEntries: org.apache.ratis.thirdparty.io.grpc.StatusRuntimeException: UNAVAILABLE: io exception
2023-07-05 13:43:39,326 [grpc-default-executor-0] WARN  server.GrpcLogAppender (LogUtils.java:warn(122)) - 16068a4c-c2af-4cec-9eae-3ab2a53eaee7@group-ADDF5938E3AB->b0e58961-cf25-454a-a9d8-5016df2ce601-AppendLogResponseHandler: Failed appendEntries: org.apache.ratis.thirdparty.io.grpc.StatusRuntimeException: UNAVAILABLE: io exception
2023-07-05 13:43:39,327 [grpc-default-executor-3] INFO  leader.FollowerInfo (FollowerInfoImpl.java:lambda$new$0(52)) - 16068a4c-c2af-4cec-9eae-3ab2a53eaee7@group-ADDF5938E3AB->b0e58961-cf25-454a-a9d8-5016df2ce601: decreaseNextIndex nextIndex: updateUnconditionally 1 -> 0
2023-07-05 13:43:40,121 [ReplicationMonitor] INFO  replication.ReplicationManager (ReplicationManager.java:processAll(389)) - Replication Monitor Thread took 0 milliseconds for processing 1 containers.
2023-07-05 13:43:40,547 [grpc-default-executor-0] WARN  server.GrpcLogAppender (LogUtils.java:warn(122)) - 16068a4c-c2af-4cec-9eae-3ab2a53eaee7@group-ADDF5938E3AB->b0e58961-cf25-454a-a9d8-5016df2ce601-AppendLogResponseHandler: Failed appendEntries: org.apache.ratis.thirdparty.io.grpc.StatusRuntimeException: UNAVAILABLE: io exception
2023-07-05 13:43:40,547 [grpc-default-executor-3] WARN  server.GrpcLogAppender (LogUtils.java:warn(122)) - 16068a4c-c2af-4cec-9eae-3ab2a53eaee7@group-ADDF5938E3AB->b0e58961-cf25-454a-a9d8-5016df2ce601-AppendLogResponseHandler: Failed appendEntries: org.apache.ratis.thirdparty.io.grpc.StatusRuntimeException: UNAVAILABLE: io exception
2023-07-05 13:43:40,558 [grpc-default-executor-3] WARN  server.GrpcLogAppender (LogUtils.java:warn(122)) - 16068a4c-c2af-4cec-9eae-3ab2a53eaee7@group-ADDF5938E3AB->b0e58961-cf25-454a-a9d8-5016df2ce601-AppendLogResponseHandler: Failed appendEntries: org.apache.ratis.thirdparty.io.grpc.StatusRuntimeException: UNAVAILABLE: io exception
2023-07-05 13:43:40,558 [grpc-default-executor-0] WARN  server.GrpcLogAppender (LogUtils.java:warn(122)) - 16068a4c-c2af-4cec-9eae-3ab2a53eaee7@group-ADDF5938E3AB->b0e58961-cf25-454a-a9d8-5016df2ce601-AppendLogResponseHandler: Failed appendEntries: org.apache.ratis.thirdparty.io.grpc.StatusRuntimeException: UNAVAILABLE: io exception
2023-07-05 13:43:40,559 [grpc-default-executor-3] INFO  leader.FollowerInfo (FollowerInfoImpl.java:lambda$new$0(52)) - 16068a4c-c2af-4cec-9eae-3ab2a53eaee7@group-ADDF5938E3AB->b0e58961-cf25-454a-a9d8-5016df2ce601: decreaseNextIndex nextIndex: updateUnconditionally 1 -> 0
2023-07-05 13:43:40,738 [grpc-default-executor-3] WARN  server.GrpcLogAppender (LogUtils.java:warn(122)) - 3a238b95-76ec-4438-89aa-518182fac512@group-A632E32F3323->b0e58961-cf25-454a-a9d8-5016df2ce601-AppendLogResponseHandler: Failed appendEntries: org.apache.ratis.thirdparty.io.grpc.StatusRuntimeException: UNAVAILABLE: io exception
2023-07-05 13:43:40,738 [grpc-default-executor-3] INFO  leader.FollowerInfo (FollowerInfoImpl.java:lambda$new$0(52)) - 3a238b95-76ec-4438-89aa-518182fac512@group-A632E32F3323->b0e58961-cf25-454a-a9d8-5016df2ce601: decreaseNextIndex nextIndex: updateUnconditionally 4 -> 3
2023-07-05 13:43:40,740 [grpc-default-executor-3] WARN  server.GrpcLogAppender (LogUtils.java:warn(122)) - 3a238b95-76ec-4438-89aa-518182fac512@group-A632E32F3323->b0e58961-cf25-454a-a9d8-5016df2ce601-AppendLogResponseHandler: Failed appendEntries: org.apache.ratis.thirdparty.io.grpc.StatusRuntimeException: UNAVAILABLE: io exception
2023-07-05 13:43:40,741 [grpc-default-executor-3] INFO  leader.FollowerInfo (FollowerInfoImpl.java:lambda$new$0(52)) - 3a238b95-76ec-4438-89aa-518182fac512@group-A632E32F3323->b0e58961-cf25-454a-a9d8-5016df2ce601: decreaseNextIndex nextIndex: updateUnconditionally 3 -> 2
2023-07-05 13:43:40,742 [grpc-default-executor-0] WARN  server.GrpcLogAppender (LogUtils.java:warn(122)) - 3a238b95-76ec-4438-89aa-518182fac512@group-A632E32F3323->b0e58961-cf25-454a-a9d8-5016df2ce601-AppendLogResponseHandler: Failed appendEntries: org.apache.ratis.thirdparty.io.grpc.StatusRuntimeException: UNAVAILABLE: io exception
2023-07-05 13:43:40,742 [grpc-default-executor-0] INFO  leader.FollowerInfo (FollowerInfoImpl.java:lambda$new$0(52)) - 3a238b95-76ec-4438-89aa-518182fac512@group-A632E32F3323->b0e58961-cf25-454a-a9d8-5016df2ce601: decreaseNextIndex nextIndex: updateUnconditionally 3 -> 2
2023-07-05 13:43:40,744 [grpc-default-executor-3] WARN  server.GrpcLogAppender (LogUtils.java:warn(122)) - 3a238b95-76ec-4438-89aa-518182fac512@group-A632E32F3323->b0e58961-cf25-454a-a9d8-5016df2ce601-AppendLogResponseHandler: Failed appendEntries: org.apache.ratis.thirdparty.io.grpc.StatusRuntimeException: UNAVAILABLE: io exception
2023-07-05 13:43:40,745 [grpc-default-executor-3] INFO  leader.FollowerInfo (FollowerInfoImpl.java:lambda$new$0(52)) - 3a238b95-76ec-4438-89aa-518182fac512@group-A632E32F3323->b0e58961-cf25-454a-a9d8-5016df2ce601: decreaseNextIndex nextIndex: updateUnconditionally 2 -> 1
2023-07-05 13:43:40,748 [grpc-default-executor-3] WARN  server.GrpcLogAppender (LogUtils.java:warn(122)) - 3a238b95-76ec-4438-89aa-518182fac512@group-A632E32F3323->b0e58961-cf25-454a-a9d8-5016df2ce601-AppendLogResponseHandler: Failed appendEntries: org.apache.ratis.thirdparty.io.grpc.StatusRuntimeException: UNAVAILABLE: io exception
2023-07-05 13:43:40,748 [grpc-default-executor-0] WARN  server.GrpcLogAppender (LogUtils.java:warn(122)) - 3a238b95-76ec-4438-89aa-518182fac512@group-A632E32F3323->b0e58961-cf25-454a-a9d8-5016df2ce601-AppendLogResponseHandler: Failed appendEntries: org.apache.ratis.thirdparty.io.grpc.StatusRuntimeException: UNAVAILABLE: io exception
2023-07-05 13:43:40,749 [grpc-default-executor-3] INFO  leader.FollowerInfo (FollowerInfoImpl.java:lambda$new$0(52)) - 3a238b95-76ec-4438-89aa-518182fac512@group-A632E32F3323->b0e58961-cf25-454a-a9d8-5016df2ce601: decreaseNextIndex nextIndex: updateUnconditionally 2 -> 1
2023-07-05 13:43:40,749 [grpc-default-executor-0] INFO  leader.FollowerInfo (FollowerInfoImpl.java:lambda$new$0(52)) - 3a238b95-76ec-4438-89aa-518182fac512@group-A632E32F3323->b0e58961-cf25-454a-a9d8-5016df2ce601: decreaseNextIndex nextIndex: updateUnconditionally 1 -> 0
2023-07-05 13:43:41,122 [ReplicationMonitor] INFO  replication.ReplicationManager (ReplicationManager.java:processAll(389)) - Replication Monitor Thread took 1 milliseconds for processing 1 containers.
2023-07-05 13:43:41,246 [Time-limited test] INFO  utils.DatanodeStoreCache (DatanodeStoreCache.java:shutdownCache(110)) - Skip clearing cache in mini cluster mode. Entries left: [/home/runner/work/ozone/ozone/hadoop-ozone/integration-test/target/test-dir/MiniOzoneClusterImpl-c098677b-f883-4488-a97e-c9984f4b1973/datanode-0/data-0/containers/hdds/c098677b-f883-4488-a97e-c9984f4b1973/DS-174034a9-dfe3-4b6e-8ff4-93bc98a816a3/container.db, /home/runner/work/ozone/ozone/hadoop-ozone/integration-test/target/test-dir/MiniOzoneClusterImpl-c098677b-f883-4488-a97e-c9984f4b1973/datanode-1/data-0/containers/hdds/c098677b-f883-4488-a97e-c9984f4b1973/DS-5d71a362-4a3d-4a3a-b92d-b2bb77db15b0/container.db, /home/runner/work/ozone/ozone/hadoop-ozone/integration-test/target/test-dir/MiniOzoneClusterImpl-c098677b-f883-4488-a97e-c9984f4b1973/datanode-2/data-0/containers/hdds/c098677b-f883-4488-a97e-c9984f4b1973/DS-9491623e-12a4-498e-8e6d-1a8b380a40eb/container.db, /home/runner/work/ozone/ozone/hadoop-ozone/integration-test/target/test-dir/MiniOzoneClusterImpl-c098677b-f883-4488-a97e-c9984f4b1973/datanode-3/data-0/containers/hdds/c098677b-f883-4488-a97e-c9984f4b1973/DS-895c51d6-150d-4059-92a5-61cc232e61f7/container.db, /home/runner/work/ozone/ozone/hadoop-ozone/integration-test/target/test-dir/MiniOzoneClusterImpl-c098677b-f883-4488-a97e-c9984f4b1973/datanode-4/data-0/containers/hdds/c098677b-f883-4488-a97e-c9984f4b1973/DS-83d91991-3592-47b3-87eb-29dedbcc8318/container.db]
2023-07-05 13:43:41,250 [Time-limited test] INFO  utils.DatanodeStoreCache (DatanodeStoreCache.java:removeDB(104)) - Removed db /home/runner/work/ozone/ozone/hadoop-ozone/integration-test/target/test-dir/MiniOzoneClusterImpl-c098677b-f883-4488-a97e-c9984f4b1973/datanode-0/data-0/containers/hdds/c098677b-f883-4488-a97e-c9984f4b1973/DS-174034a9-dfe3-4b6e-8ff4-93bc98a816a3/container.db from cache
2023-07-05 13:43:41,250 [Time-limited test] INFO  volume.HddsVolume (HddsVolume.java:closeDbStore(509)) - SchemaV3 db is stopped at /home/runner/work/ozone/ozone/hadoop-ozone/integration-test/target/test-dir/MiniOzoneClusterImpl-c098677b-f883-4488-a97e-c9984f4b1973/datanode-0/data-0/containers/hdds/c098677b-f883-4488-a97e-c9984f4b1973/DS-174034a9-dfe3-4b6e-8ff4-93bc98a816a3/container.db for volume DS-174034a9-dfe3-4b6e-8ff4-93bc98a816a3
2023-07-05 13:43:41,251 [Time-limited test] INFO  utils.BackgroundService (BackgroundService.java:shutdown(141)) - Shutting down service BlockDeletingService
2023-07-05 13:43:41,251 [Time-limited test] INFO  utils.BackgroundService (BackgroundService.java:shutdown(141)) - Shutting down service StaleRecoveringContainerScrubbingService
2023-07-05 13:43:41,252 [Time-limited test] INFO  statemachine.DatanodeStateMachine (DatanodeStateMachine.java:stopDaemon(613)) - Ozone container server stopped.
2023-07-05 13:43:41,262 [Time-limited test] INFO  handler.ContextHandler (ContextHandler.java:doStop(1159)) - Stopped o.e.j.w.WebAppContext@72f57aa6{hddsDatanode,/,null,STOPPED}{jar:file:/home/runner/.m2/repository/org/apache/ozone/hdds-container-service/1.4.0-SNAPSHOT/hdds-container-service-1.4.0-SNAPSHOT.jar!/webapps/hddsDatanode}
2023-07-05 13:43:41,263 [Time-limited test] INFO  server.AbstractConnector (AbstractConnector.java:doStop(383)) - Stopped ServerConnector@d2df768{HTTP/1.1, (http/1.1)}{0.0.0.0:15115}
2023-07-05 13:43:41,263 [Time-limited test] INFO  server.session (HouseKeeper.java:stopScavenging(149)) - node0 Stopped scavenging
2023-07-05 13:43:41,263 [Time-limited test] INFO  handler.ContextHandler (ContextHandler.java:doStop(1159)) - Stopped o.e.j.s.ServletContextHandler@1494ddca{static,/static,jar:file:/home/runner/.m2/repository/org/apache/ozone/hdds-container-service/1.4.0-SNAPSHOT/hdds-container-service-1.4.0-SNAPSHOT.jar!/webapps/static,STOPPED}
2023-07-05 13:43:41,263 [Time-limited test] INFO  handler.ContextHandler (ContextHandler.java:doStop(1159)) - Stopped o.e.j.s.ServletContextHandler@b376baf{logs,/logs,file:///home/runner/work/ozone/ozone/hadoop-ozone/integration-test/target/log,STOPPED}
2023-07-05 13:43:41,264 [Time-limited test] INFO  ozone.HddsDatanodeClientProtocolServer (HddsDatanodeClientProtocolServer.java:stop(78)) - Stopping the RPC server for Client Protocol
2023-07-05 13:43:41,264 [Time-limited test] INFO  ipc.Server (Server.java:stop(3523)) - Stopping server on 15116
2023-07-05 13:43:41,266 [IPC Server listener on 15116] INFO  ipc.Server (Server.java:run(1434)) - Stopping IPC Server listener on 15116
2023-07-05 13:43:41,266 [IPC Server Responder] INFO  ipc.Server (Server.java:run(1567)) - Stopping IPC Server Responder
2023-07-05 13:43:41,272 [Time-limited test] INFO  container.TestHelper (TestHelper.java:countReplicas(423)) - Container 1 has 3 replicas on [16068a4c-c2af-4cec-9eae-3ab2a53eaee7, 3a238b95-76ec-4438-89aa-518182fac512, b0e58961-cf25-454a-a9d8-5016df2ce601]
2023-07-05 13:43:41,331 [EventQueue-StaleNodeForStaleNodeHandler] INFO  node.StaleNodeHandler (StaleNodeHandler.java:onMessage(58)) - Datanode b0e58961-cf25-454a-a9d8-5016df2ce601(fv-az264-29.ca02foy5wcnuvlrvrz2wi3p2og.dx.internal.cloudapp.net/10.1.0.13) moved to stale state. Finalizing its pipelines [PipelineID=09525a7e-3f87-4630-b8cf-8fb33747a9a1, PipelineID=eb357a06-a827-4663-9bed-a632e32f3323, PipelineID=2116bd38-657f-4bb2-b5cb-addf5938e3ab]
2023-07-05 13:43:41,332 [EventQueue-StaleNodeForStaleNodeHandler] INFO  pipeline.PipelineManagerImpl (PipelineManagerImpl.java:closePipeline(510)) - Pipeline Pipeline[ Id: 09525a7e-3f87-4630-b8cf-8fb33747a9a1, Nodes: b0e58961-cf25-454a-a9d8-5016df2ce601(fv-az264-29.ca02foy5wcnuvlrvrz2wi3p2og.dx.internal.cloudapp.net/10.1.0.13), ReplicationConfig: RATIS/ONE, State:OPEN, leaderId:b0e58961-cf25-454a-a9d8-5016df2ce601, CreationTimestamp2023-07-05T13:43:25.411Z[Etc/UTC]] moved to CLOSED state
2023-07-05 13:43:41,332 [EventQueue-StaleNodeForStaleNodeHandler] INFO  pipeline.PipelineManagerImpl (PipelineManagerImpl.java:closePipeline(510)) - Pipeline Pipeline[ Id: eb357a06-a827-4663-9bed-a632e32f3323, Nodes: b0e58961-cf25-454a-a9d8-5016df2ce601(fv-az264-29.ca02foy5wcnuvlrvrz2wi3p2og.dx.internal.cloudapp.net/10.1.0.13)3a238b95-76ec-4438-89aa-518182fac512(fv-az264-29.ca02foy5wcnuvlrvrz2wi3p2og.dx.internal.cloudapp.net/10.1.0.13)16068a4c-c2af-4cec-9eae-3ab2a53eaee7(fv-az264-29.ca02foy5wcnuvlrvrz2wi3p2og.dx.internal.cloudapp.net/10.1.0.13), ReplicationConfig: RATIS/THREE, State:OPEN, leaderId:3a238b95-76ec-4438-89aa-518182fac512, CreationTimestamp2023-07-05T13:43:26.105Z[Etc/UTC]] moved to CLOSED state
2023-07-05 13:43:41,333 [EventQueue-StaleNodeForStaleNodeHandler] INFO  pipeline.PipelineManagerImpl (PipelineManagerImpl.java:closePipeline(510)) - Pipeline Pipeline[ Id: 2116bd38-657f-4bb2-b5cb-addf5938e3ab, Nodes: b0e58961-cf25-454a-a9d8-5016df2ce601(fv-az264-29.ca02foy5wcnuvlrvrz2wi3p2og.dx.internal.cloudapp.net/10.1.0.13)16068a4c-c2af-4cec-9eae-3ab2a53eaee7(fv-az264-29.ca02foy5wcnuvlrvrz2wi3p2og.dx.internal.cloudapp.net/10.1.0.13)3a238b95-76ec-4438-89aa-518182fac512(fv-az264-29.ca02foy5wcnuvlrvrz2wi3p2og.dx.internal.cloudapp.net/10.1.0.13), ReplicationConfig: RATIS/THREE, State:OPEN, leaderId:16068a4c-c2af-4cec-9eae-3ab2a53eaee7, CreationTimestamp2023-07-05T13:43:26.106Z[Etc/UTC]] moved to CLOSED state
2023-07-05 13:43:41,799 [grpc-default-executor-3] WARN  server.GrpcLogAppender (LogUtils.java:warn(122)) - 16068a4c-c2af-4cec-9eae-3ab2a53eaee7@group-ADDF5938E3AB->b0e58961-cf25-454a-a9d8-5016df2ce601-AppendLogResponseHandler: Failed appendEntries: org.apache.ratis.thirdparty.io.grpc.StatusRuntimeException: UNAVAILABLE: io exception
2023-07-05 13:43:41,799 [grpc-default-executor-0] WARN  server.GrpcLogAppender (LogUtils.java:warn(122)) - 16068a4c-c2af-4cec-9eae-3ab2a53eaee7@group-ADDF5938E3AB->b0e58961-cf25-454a-a9d8-5016df2ce601-AppendLogResponseHandler: Failed appendEntries: org.apache.ratis.thirdparty.io.grpc.StatusRuntimeException: UNAVAILABLE: io exception
2023-07-05 13:43:41,809 [grpc-default-executor-0] WARN  server.GrpcLogAppender (LogUtils.java:warn(122)) - 16068a4c-c2af-4cec-9eae-3ab2a53eaee7@group-ADDF5938E3AB->b0e58961-cf25-454a-a9d8-5016df2ce601-AppendLogResponseHandler: Failed appendEntries: org.apache.ratis.thirdparty.io.grpc.StatusRuntimeException: UNAVAILABLE: io exception
2023-07-05 13:43:41,810 [grpc-default-executor-0] INFO  leader.FollowerInfo (FollowerInfoImpl.java:lambda$new$0(52)) - 16068a4c-c2af-4cec-9eae-3ab2a53eaee7@group-ADDF5938E3AB->b0e58961-cf25-454a-a9d8-5016df2ce601: decreaseNextIndex nextIndex: updateUnconditionally 1 -> 0
2023-07-05 13:43:41,810 [grpc-default-executor-3] WARN  server.GrpcLogAppender (LogUtils.java:warn(122)) - 16068a4c-c2af-4cec-9eae-3ab2a53eaee7@group-ADDF5938E3AB->b0e58961-cf25-454a-a9d8-5016df2ce601-AppendLogResponseHandler: Failed appendEntries: org.apache.ratis.thirdparty.io.grpc.StatusRuntimeException: UNAVAILABLE: io exception
2023-07-05 13:43:41,830 [grpc-default-executor-0] WARN  server.GrpcLogAppender (LogUtils.java:warn(122)) - 16068a4c-c2af-4cec-9eae-3ab2a53eaee7@group-ADDF5938E3AB->b0e58961-cf25-454a-a9d8-5016df2ce601-AppendLogResponseHandler: Failed appendEntries: org.apache.ratis.thirdparty.io.grpc.StatusRuntimeException: UNAVAILABLE: io exception
2023-07-05 13:43:41,831 [grpc-default-executor-0] INFO  leader.FollowerInfo (FollowerInfoImpl.java:lambda$new$0(52)) - 16068a4c-c2af-4cec-9eae-3ab2a53eaee7@group-ADDF5938E3AB->b0e58961-cf25-454a-a9d8-5016df2ce601: decreaseNextIndex nextIndex: updateUnconditionally 1 -> 0
2023-07-05 13:43:41,831 [grpc-default-executor-2] WARN  server.GrpcLogAppender (LogUtils.java:warn(122)) - 16068a4c-c2af-4cec-9eae-3ab2a53eaee7@group-ADDF5938E3AB->b0e58961-cf25-454a-a9d8-5016df2ce601-AppendLogResponseHandler: Failed appendEntries: org.apache.ratis.thirdparty.io.grpc.StatusRuntimeException: UNAVAILABLE: io exception
2023-07-05 13:43:41,987 [grpc-default-executor-3] WARN  server.GrpcLogAppender (LogUtils.java:warn(122)) - 3a238b95-76ec-4438-89aa-518182fac512@group-A632E32F3323->b0e58961-cf25-454a-a9d8-5016df2ce601-AppendLogResponseHandler: Failed appendEntries: org.apache.ratis.thirdparty.io.grpc.StatusRuntimeException: UNAVAILABLE: io exception
2023-07-05 13:43:41,988 [grpc-default-executor-2] WARN  server.GrpcLogAppender (LogUtils.java:warn(122)) - 3a238b95-76ec-4438-89aa-518182fac512@group-A632E32F3323->b0e58961-cf25-454a-a9d8-5016df2ce601-AppendLogResponseHandler: Failed appendEntries: org.apache.ratis.thirdparty.io.grpc.StatusRuntimeException: UNAVAILABLE: io exception
2023-07-05 13:43:41,999 [grpc-default-executor-2] WARN  server.GrpcLogAppender (LogUtils.java:warn(122)) - 3a238b95-76ec-4438-89aa-518182fac512@group-A632E32F3323->b0e58961-cf25-454a-a9d8-5016df2ce601-AppendLogResponseHandler: Failed appendEntries: org.apache.ratis.thirdparty.io.grpc.StatusRuntimeException: UNAVAILABLE: io exception
2023-07-05 13:43:41,999 [grpc-default-executor-2] INFO  leader.FollowerInfo (FollowerInfoImpl.java:lambda$new$0(52)) - 3a238b95-76ec-4438-89aa-518182fac512@group-A632E32F3323->b0e58961-cf25-454a-a9d8-5016df2ce601: decreaseNextIndex nextIndex: updateUnconditionally 1 -> 0
2023-07-05 13:43:42,000 [grpc-default-executor-3] WARN  server.GrpcLogAppender (LogUtils.java:warn(122)) - 3a238b95-76ec-4438-89aa-518182fac512@group-A632E32F3323->b0e58961-cf25-454a-a9d8-5016df2ce601-AppendLogResponseHandler: Failed appendEntries: org.apache.ratis.thirdparty.io.grpc.StatusRuntimeException: UNAVAILABLE: io exception
2023-07-05 13:43:42,122 [ReplicationMonitor] INFO  replication.ReplicationManager (ReplicationManager.java:processAll(389)) - Replication Monitor Thread took 0 milliseconds for processing 1 containers.
2023-07-05 13:43:42,272 [Time-limited test] INFO  container.TestHelper (TestHelper.java:countReplicas(423)) - Container 1 has 3 replicas on [16068a4c-c2af-4cec-9eae-3ab2a53eaee7, 3a238b95-76ec-4438-89aa-518182fac512, b0e58961-cf25-454a-a9d8-5016df2ce601]
2023-07-05 13:43:43,050 [grpc-default-executor-3] WARN  server.GrpcLogAppender (LogUtils.java:warn(122)) - 16068a4c-c2af-4cec-9eae-3ab2a53eaee7@group-ADDF5938E3AB->b0e58961-cf25-454a-a9d8-5016df2ce601-AppendLogResponseHandler: Failed appendEntries: org.apache.ratis.thirdparty.io.grpc.StatusRuntimeException: UNAVAILABLE: io exception
2023-07-05 13:43:43,050 [grpc-default-executor-2] WARN  server.GrpcLogAppender (LogUtils.java:warn(122)) - 16068a4c-c2af-4cec-9eae-3ab2a53eaee7@group-ADDF5938E3AB->b0e58961-cf25-454a-a9d8-5016df2ce601-AppendLogResponseHandler: Failed appendEntries: org.apache.ratis.thirdparty.io.grpc.StatusRuntimeException: UNAVAILABLE: io exception
2023-07-05 13:43:43,060 [grpc-default-executor-2] WARN  server.GrpcLogAppender (LogUtils.java:warn(122)) - 16068a4c-c2af-4cec-9eae-3ab2a53eaee7@group-ADDF5938E3AB->b0e58961-cf25-454a-a9d8-5016df2ce601-AppendLogResponseHandler: Failed appendEntries: org.apache.ratis.thirdparty.io.grpc.StatusRuntimeException: UNAVAILABLE: io exception
2023-07-05 13:43:43,061 [grpc-default-executor-2] INFO  leader.FollowerInfo (FollowerInfoImpl.java:lambda$new$0(52)) - 16068a4c-c2af-4cec-9eae-3ab2a53eaee7@group-ADDF5938E3AB->b0e58961-cf25-454a-a9d8-5016df2ce601: decreaseNextIndex nextIndex: updateUnconditionally 1 -> 0
2023-07-05 13:43:43,062 [grpc-default-executor-3] WARN  server.GrpcLogAppender (LogUtils.java:warn(122)) - 16068a4c-c2af-4cec-9eae-3ab2a53eaee7@group-ADDF5938E3AB->b0e58961-cf25-454a-a9d8-5016df2ce601-AppendLogResponseHandler: Failed appendEntries: org.apache.ratis.thirdparty.io.grpc.StatusRuntimeException: UNAVAILABLE: io exception
2023-07-05 13:43:43,123 [ReplicationMonitor] INFO  replication.ReplicationManager (ReplicationManager.java:processAll(389)) - Replication Monitor Thread took 0 milliseconds for processing 1 containers.
2023-07-05 13:43:43,239 [grpc-default-executor-3] WARN  server.GrpcLogAppender (LogUtils.java:warn(122)) - 3a238b95-76ec-4438-89aa-518182fac512@group-A632E32F3323->b0e58961-cf25-454a-a9d8-5016df2ce601-AppendLogResponseHandler: Failed appendEntries: org.apache.ratis.thirdparty.io.grpc.StatusRuntimeException: UNAVAILABLE: io exception
2023-07-05 13:43:43,240 [grpc-default-executor-2] WARN  server.GrpcLogAppender (LogUtils.java:warn(122)) - 3a238b95-76ec-4438-89aa-518182fac512@group-A632E32F3323->b0e58961-cf25-454a-a9d8-5016df2ce601-AppendLogResponseHandler: Failed appendEntries: org.apache.ratis.thirdparty.io.grpc.StatusRuntimeException: UNAVAILABLE: io exception
2023-07-05 13:43:43,250 [grpc-default-executor-2] WARN  server.GrpcLogAppender (LogUtils.java:warn(122)) - 3a238b95-76ec-4438-89aa-518182fac512@group-A632E32F3323->b0e58961-cf25-454a-a9d8-5016df2ce601-AppendLogResponseHandler: Failed appendEntries: org.apache.ratis.thirdparty.io.grpc.StatusRuntimeException: UNAVAILABLE: io exception
2023-07-05 13:43:43,250 [grpc-default-executor-2] INFO  leader.FollowerInfo (FollowerInfoImpl.java:lambda$new$0(52)) - 3a238b95-76ec-4438-89aa-518182fac512@group-A632E32F3323->b0e58961-cf25-454a-a9d8-5016df2ce601: decreaseNextIndex nextIndex: updateUnconditionally 1 -> 0
2023-07-05 13:43:43,251 [grpc-default-executor-3] WARN  server.GrpcLogAppender (LogUtils.java:warn(122)) - 3a238b95-76ec-4438-89aa-518182fac512@group-A632E32F3323->b0e58961-cf25-454a-a9d8-5016df2ce601-AppendLogResponseHandler: Failed appendEntries: org.apache.ratis.thirdparty.io.grpc.StatusRuntimeException: UNAVAILABLE: io exception
2023-07-05 13:43:43,273 [Time-limited test] INFO  container.TestHelper (TestHelper.java:countReplicas(423)) - Container 1 has 3 replicas on [16068a4c-c2af-4cec-9eae-3ab2a53eaee7, 3a238b95-76ec-4438-89aa-518182fac512, b0e58961-cf25-454a-a9d8-5016df2ce601]
2023-07-05 13:43:44,123 [ReplicationMonitor] INFO  replication.ReplicationManager (ReplicationManager.java:processAll(389)) - Replication Monitor Thread took 0 milliseconds for processing 1 containers.
2023-07-05 13:43:44,273 [Time-limited test] INFO  container.TestHelper (TestHelper.java:countReplicas(423)) - Container 1 has 3 replicas on [16068a4c-c2af-4cec-9eae-3ab2a53eaee7, 3a238b95-76ec-4438-89aa-518182fac512, b0e58961-cf25-454a-a9d8-5016df2ce601]
2023-07-05 13:43:44,301 [grpc-default-executor-3] WARN  server.GrpcLogAppender (LogUtils.java:warn(122)) - 16068a4c-c2af-4cec-9eae-3ab2a53eaee7@group-ADDF5938E3AB->b0e58961-cf25-454a-a9d8-5016df2ce601-AppendLogResponseHandler: Failed appendEntries: org.apache.ratis.thirdparty.io.grpc.StatusRuntimeException: UNAVAILABLE: io exception
2023-07-05 13:43:44,302 [grpc-default-executor-2] WARN  server.GrpcLogAppender (LogUtils.java:warn(122)) - 16068a4c-c2af-4cec-9eae-3ab2a53eaee7@group-ADDF5938E3AB->b0e58961-cf25-454a-a9d8-5016df2ce601-AppendLogResponseHandler: Failed appendEntries: org.apache.ratis.thirdparty.io.grpc.StatusRuntimeException: UNAVAILABLE: io exception
2023-07-05 13:43:44,311 [grpc-default-executor-2] WARN  server.GrpcLogAppender (LogUtils.java:warn(122)) - 16068a4c-c2af-4cec-9eae-3ab2a53eaee7@group-ADDF5938E3AB->b0e58961-cf25-454a-a9d8-5016df2ce601-AppendLogResponseHandler: Failed appendEntries: org.apache.ratis.thirdparty.io.grpc.StatusRuntimeException: UNAVAILABLE: io exception
2023-07-05 13:43:44,312 [grpc-default-executor-2] INFO  leader.FollowerInfo (FollowerInfoImpl.java:lambda$new$0(52)) - 16068a4c-c2af-4cec-9eae-3ab2a53eaee7@group-ADDF5938E3AB->b0e58961-cf25-454a-a9d8-5016df2ce601: decreaseNextIndex nextIndex: updateUnconditionally 1 -> 0
2023-07-05 13:43:44,312 [grpc-default-executor-3] WARN  server.GrpcLogAppender (LogUtils.java:warn(122)) - 16068a4c-c2af-4cec-9eae-3ab2a53eaee7@group-ADDF5938E3AB->b0e58961-cf25-454a-a9d8-5016df2ce601-AppendLogResponseHandler: Failed appendEntries: org.apache.ratis.thirdparty.io.grpc.StatusRuntimeException: UNAVAILABLE: io exception
2023-07-05 13:43:44,337 [EventQueue-DeadNodeForDeadNodeHandler] INFO  node.DeadNodeHandler (DeadNodeHandler.java:onMessage(82)) - A dead datanode is detected. b0e58961-cf25-454a-a9d8-5016df2ce601(fv-az264-29.ca02foy5wcnuvlrvrz2wi3p2og.dx.internal.cloudapp.net/10.1.0.13)
2023-07-05 13:43:44,337 [EventQueue-DeadNodeForDeadNodeHandler] INFO  pipeline.RatisPipelineProvider (RatisPipelineProvider.java:lambda$close$4(272)) - Send pipeline:PipelineID=09525a7e-3f87-4630-b8cf-8fb33747a9a1 close command to datanode b0e58961-cf25-454a-a9d8-5016df2ce601
2023-07-05 13:43:44,339 [EventQueue-DeadNodeForDeadNodeHandler] INFO  pipeline.PipelineManagerImpl (PipelineManagerImpl.java:removePipeline(459)) - Pipeline Pipeline[ Id: 09525a7e-3f87-4630-b8cf-8fb33747a9a1, Nodes: b0e58961-cf25-454a-a9d8-5016df2ce601(fv-az264-29.ca02foy5wcnuvlrvrz2wi3p2og.dx.internal.cloudapp.net/10.1.0.13), ReplicationConfig: RATIS/ONE, State:CLOSED, leaderId:b0e58961-cf25-454a-a9d8-5016df2ce601, CreationTimestamp2023-07-05T13:43:25.411Z[Etc/UTC]] removed.
2023-07-05 13:43:44,339 [EventQueue-DeadNodeForDeadNodeHandler] INFO  pipeline.RatisPipelineProvider (RatisPipelineProvider.java:lambda$close$4(272)) - Send pipeline:PipelineID=eb357a06-a827-4663-9bed-a632e32f3323 close command to datanode b0e58961-cf25-454a-a9d8-5016df2ce601
2023-07-05 13:43:44,339 [EventQueue-DeadNodeForDeadNodeHandler] INFO  pipeline.RatisPipelineProvider (RatisPipelineProvider.java:lambda$close$4(272)) - Send pipeline:PipelineID=eb357a06-a827-4663-9bed-a632e32f3323 close command to datanode 3a238b95-76ec-4438-89aa-518182fac512
2023-07-05 13:43:44,339 [EventQueue-DeadNodeForDeadNodeHandler] INFO  pipeline.RatisPipelineProvider (RatisPipelineProvider.java:lambda$close$4(272)) - Send pipeline:PipelineID=eb357a06-a827-4663-9bed-a632e32f3323 close command to datanode 16068a4c-c2af-4cec-9eae-3ab2a53eaee7
2023-07-05 13:43:44,340 [EventQueue-DeadNodeForDeadNodeHandler] INFO  pipeline.PipelineManagerImpl (PipelineManagerImpl.java:removePipeline(459)) - Pipeline Pipeline[ Id: eb357a06-a827-4663-9bed-a632e32f3323, Nodes: b0e58961-cf25-454a-a9d8-5016df2ce601(fv-az264-29.ca02foy5wcnuvlrvrz2wi3p2og.dx.internal.cloudapp.net/10.1.0.13)3a238b95-76ec-4438-89aa-518182fac512(fv-az264-29.ca02foy5wcnuvlrvrz2wi3p2og.dx.internal.cloudapp.net/10.1.0.13)16068a4c-c2af-4cec-9eae-3ab2a53eaee7(fv-az264-29.ca02foy5wcnuvlrvrz2wi3p2og.dx.internal.cloudapp.net/10.1.0.13), ReplicationConfig: RATIS/THREE, State:CLOSED, leaderId:3a238b95-76ec-4438-89aa-518182fac512, CreationTimestamp2023-07-05T13:43:26.105Z[Etc/UTC]] removed.
2023-07-05 13:43:44,340 [EventQueue-DeadNodeForDeadNodeHandler] INFO  pipeline.RatisPipelineProvider (RatisPipelineProvider.java:lambda$close$4(272)) - Send pipeline:PipelineID=2116bd38-657f-4bb2-b5cb-addf5938e3ab close command to datanode b0e58961-cf25-454a-a9d8-5016df2ce601
2023-07-05 13:43:44,340 [EventQueue-DeadNodeForDeadNodeHandler] INFO  pipeline.RatisPipelineProvider (RatisPipelineProvider.java:lambda$close$4(272)) - Send pipeline:PipelineID=2116bd38-657f-4bb2-b5cb-addf5938e3ab close command to datanode 16068a4c-c2af-4cec-9eae-3ab2a53eaee7
2023-07-05 13:43:44,340 [EventQueue-DeadNodeForDeadNodeHandler] INFO  pipeline.RatisPipelineProvider (RatisPipelineProvider.java:lambda$close$4(272)) - Send pipeline:PipelineID=2116bd38-657f-4bb2-b5cb-addf5938e3ab close command to datanode 3a238b95-76ec-4438-89aa-518182fac512
2023-07-05 13:43:44,340 [EventQueue-DeadNodeForDeadNodeHandler] INFO  pipeline.PipelineManagerImpl (PipelineManagerImpl.java:removePipeline(459)) - Pipeline Pipeline[ Id: 2116bd38-657f-4bb2-b5cb-addf5938e3ab, Nodes: b0e58961-cf25-454a-a9d8-5016df2ce601(fv-az264-29.ca02foy5wcnuvlrvrz2wi3p2og.dx.internal.cloudapp.net/10.1.0.13)16068a4c-c2af-4cec-9eae-3ab2a53eaee7(fv-az264-29.ca02foy5wcnuvlrvrz2wi3p2og.dx.internal.cloudapp.net/10.1.0.13)3a238b95-76ec-4438-89aa-518182fac512(fv-az264-29.ca02foy5wcnuvlrvrz2wi3p2og.dx.internal.cloudapp.net/10.1.0.13), ReplicationConfig: RATIS/THREE, State:CLOSED, leaderId:16068a4c-c2af-4cec-9eae-3ab2a53eaee7, CreationTimestamp2023-07-05T13:43:26.106Z[Etc/UTC]] removed.
2023-07-05 13:43:44,340 [EventQueue-DeadNodeForDeadNodeHandler] INFO  node.DeadNodeHandler (DeadNodeHandler.java:onMessage(95)) - Clearing command queue of size 3 for DN b0e58961-cf25-454a-a9d8-5016df2ce601(fv-az264-29.ca02foy5wcnuvlrvrz2wi3p2og.dx.internal.cloudapp.net/10.1.0.13)
2023-07-05 13:43:44,340 [EventQueue-DeadNodeForDeadNodeHandler] INFO  net.NetworkTopologyImpl (NetworkTopologyImpl.java:remove(190)) - Removed a node: /default-rack/b0e58961-cf25-454a-a9d8-5016df2ce601
2023-07-05 13:43:44,490 [grpc-default-executor-3] WARN  server.GrpcLogAppender (LogUtils.java:warn(122)) - 3a238b95-76ec-4438-89aa-518182fac512@group-A632E32F3323->b0e58961-cf25-454a-a9d8-5016df2ce601-AppendLogResponseHandler: Failed appendEntries: org.apache.ratis.thirdparty.io.grpc.StatusRuntimeException: UNAVAILABLE: io exception
2023-07-05 13:43:44,490 [grpc-default-executor-2] WARN  server.GrpcLogAppender (LogUtils.java:warn(122)) - 3a238b95-76ec-4438-89aa-518182fac512@group-A632E32F3323->b0e58961-cf25-454a-a9d8-5016df2ce601-AppendLogResponseHandler: Failed appendEntries: org.apache.ratis.thirdparty.io.grpc.StatusRuntimeException: UNAVAILABLE: io exception
2023-07-05 13:43:44,501 [grpc-default-executor-2] WARN  server.GrpcLogAppender (LogUtils.java:warn(122)) - 3a238b95-76ec-4438-89aa-518182fac512@group-A632E32F3323->b0e58961-cf25-454a-a9d8-5016df2ce601-AppendLogResponseHandler: Failed appendEntries: org.apache.ratis.thirdparty.io.grpc.StatusRuntimeException: UNAVAILABLE: io exception
2023-07-05 13:43:44,501 [grpc-default-executor-3] WARN  server.GrpcLogAppender (LogUtils.java:warn(122)) - 3a238b95-76ec-4438-89aa-518182fac512@group-A632E32F3323->b0e58961-cf25-454a-a9d8-5016df2ce601-AppendLogResponseHandler: Failed appendEntries: org.apache.ratis.thirdparty.io.grpc.StatusRuntimeException: UNAVAILABLE: io exception
2023-07-05 13:43:44,501 [grpc-default-executor-2] INFO  leader.FollowerInfo (FollowerInfoImpl.java:lambda$new$0(52)) - 3a238b95-76ec-4438-89aa-518182fac512@group-A632E32F3323->b0e58961-cf25-454a-a9d8-5016df2ce601: decreaseNextIndex nextIndex: updateUnconditionally 1 -> 0
2023-07-05 13:43:45,124 [ReplicationMonitor] INFO  replication.ReplicationManager (ReplicationManager.java:processAll(389)) - Replication Monitor Thread took 0 milliseconds for processing 1 containers.
2023-07-05 13:43:45,274 [Time-limited test] INFO  container.TestHelper (TestHelper.java:countReplicas(423)) - Container 1 has 2 replicas on [16068a4c-c2af-4cec-9eae-3ab2a53eaee7, 3a238b95-76ec-4438-89aa-518182fac512]
2023-07-05 13:43:45,274 [Time-limited test] INFO  container.TestHelper (TestHelper.java:countReplicas(423)) - Container 1 has 2 replicas on [16068a4c-c2af-4cec-9eae-3ab2a53eaee7, 3a238b95-76ec-4438-89aa-518182fac512]
2023-07-05 13:43:45,552 [grpc-default-executor-3] WARN  server.GrpcLogAppender (LogUtils.java:warn(122)) - 16068a4c-c2af-4cec-9eae-3ab2a53eaee7@group-ADDF5938E3AB->b0e58961-cf25-454a-a9d8-5016df2ce601-AppendLogResponseHandler: Failed appendEntries: org.apache.ratis.thirdparty.io.grpc.StatusRuntimeException: UNAVAILABLE: io exception
2023-07-05 13:43:45,552 [grpc-default-executor-2] WARN  server.GrpcLogAppender (LogUtils.java:warn(122)) - 16068a4c-c2af-4cec-9eae-3ab2a53eaee7@group-ADDF5938E3AB->b0e58961-cf25-454a-a9d8-5016df2ce601-AppendLogResponseHandler: Failed appendEntries: org.apache.ratis.thirdparty.io.grpc.StatusRuntimeException: UNAVAILABLE: io exception
2023-07-05 13:43:45,562 [grpc-default-executor-3] WARN  server.GrpcLogAppender (LogUtils.java:warn(122)) - 16068a4c-c2af-4cec-9eae-3ab2a53eaee7@group-ADDF5938E3AB->b0e58961-cf25-454a-a9d8-5016df2ce601-AppendLogResponseHandler: Failed appendEntries: org.apache.ratis.thirdparty.io.grpc.StatusRuntimeException: UNAVAILABLE: io exception
2023-07-05 13:43:45,562 [grpc-default-executor-2] WARN  server.GrpcLogAppender (LogUtils.java:warn(122)) - 16068a4c-c2af-4cec-9eae-3ab2a53eaee7@group-ADDF5938E3AB->b0e58961-cf25-454a-a9d8-5016df2ce601-AppendLogResponseHandler: Failed appendEntries: org.apache.ratis.thirdparty.io.grpc.StatusRuntimeException: UNAVAILABLE: io exception
2023-07-05 13:43:45,563 [grpc-default-executor-3] INFO  leader.FollowerInfo (FollowerInfoImpl.java:lambda$new$0(52)) - 16068a4c-c2af-4cec-9eae-3ab2a53eaee7@group-ADDF5938E3AB->b0e58961-cf25-454a-a9d8-5016df2ce601: decreaseNextIndex nextIndex: updateUnconditionally 1 -> 0
2023-07-05 13:43:45,741 [grpc-default-executor-3] WARN  server.GrpcLogAppender (LogUtils.java:warn(122)) - 3a238b95-76ec-4438-89aa-518182fac512@group-A632E32F3323->b0e58961-cf25-454a-a9d8-5016df2ce601-AppendLogResponseHandler: Failed appendEntries: org.apache.ratis.thirdparty.io.grpc.StatusRuntimeException: UNAVAILABLE: io exception
2023-07-05 13:43:45,741 [grpc-default-executor-2] WARN  server.GrpcLogAppender (LogUtils.java:warn(122)) - 3a238b95-76ec-4438-89aa-518182fac512@group-A632E32F3323->b0e58961-cf25-454a-a9d8-5016df2ce601-AppendLogResponseHandler: Failed appendEntries: org.apache.ratis.thirdparty.io.grpc.StatusRuntimeException: UNAVAILABLE: io exception
2023-07-05 13:43:45,752 [grpc-default-executor-2] WARN  server.GrpcLogAppender (LogUtils.java:warn(122)) - 3a238b95-76ec-4438-89aa-518182fac512@group-A632E32F3323->b0e58961-cf25-454a-a9d8-5016df2ce601-AppendLogResponseHandler: Failed appendEntries: org.apache.ratis.thirdparty.io.grpc.StatusRuntimeException: UNAVAILABLE: io exception
2023-07-05 13:43:45,752 [grpc-default-executor-3] WARN  server.GrpcLogAppender (LogUtils.java:warn(122)) - 3a238b95-76ec-4438-89aa-518182fac512@group-A632E32F3323->b0e58961-cf25-454a-a9d8-5016df2ce601-AppendLogResponseHandler: Failed appendEntries: org.apache.ratis.thirdparty.io.grpc.StatusRuntimeException: UNAVAILABLE: io exception
2023-07-05 13:43:45,753 [grpc-default-executor-2] INFO  leader.FollowerInfo (FollowerInfoImpl.java:lambda$new$0(52)) - 3a238b95-76ec-4438-89aa-518182fac512@group-A632E32F3323->b0e58961-cf25-454a-a9d8-5016df2ce601: decreaseNextIndex nextIndex: updateUnconditionally 1 -> 0
2023-07-05 13:43:46,127 [Under Replicated Processor] INFO  replication.ReplicationManager (ReplicationManager.java:sendDatanodeCommand(669)) - Sending command [replicateContainerCommand: containerId=1, replicaIndex=0, targetNode=ba18fe3c-0fa2-4c47-a961-91b835f9fd0b(fv-az264-29.ca02foy5wcnuvlrvrz2wi3p2og.dx.internal.cloudapp.net/10.1.0.13), priority=NORMAL] for container ContainerInfo{id=#1, state=CLOSED, stateEnterTime=2023-07-05T13:43:38.246Z, pipelineID=PipelineID=eb357a06-a827-4663-9bed-a632e32f3323, owner=om1} to 16068a4c-c2af-4cec-9eae-3ab2a53eaee7(fv-az264-29.ca02foy5wcnuvlrvrz2wi3p2og.dx.internal.cloudapp.net/10.1.0.13) with datanode deadline 1688565196127 and scm deadline 1688565226127
2023-07-05 13:43:46,127 [Under Replicated Processor] INFO  replication.UnhealthyReplicationProcessor (UnhealthyReplicationProcessor.java:processAll(138)) - Processed 1 containers with health state counts {UNDER_REPLICATED=1}, failed processing 0, deferred due to load 0
2023-07-05 13:43:46,127 [ReplicationMonitor] INFO  replication.ReplicationManager (ReplicationManager.java:processAll(389)) - Replication Monitor Thread took 3 milliseconds for processing 1 containers.
2023-07-05 13:43:46,274 [Time-limited test] INFO  container.TestHelper (TestHelper.java:countReplicas(423)) - Container 1 has 2 replicas on [16068a4c-c2af-4cec-9eae-3ab2a53eaee7, 3a238b95-76ec-4438-89aa-518182fac512]
2023-07-05 13:43:46,287 [PipelineCommandHandlerThread-0] INFO  server.RaftServer (RaftServerProxy.java:remove(109)) - 16068a4c-c2af-4cec-9eae-3ab2a53eaee7: remove  FOLLOWER 16068a4c-c2af-4cec-9eae-3ab2a53eaee7@group-A632E32F3323:t1, leader=3a238b95-76ec-4438-89aa-518182fac512, voted=3a238b95-76ec-4438-89aa-518182fac512, raftlog=Memoized:16068a4c-c2af-4cec-9eae-3ab2a53eaee7@group-A632E32F3323-SegmentedRaftLog:OPENED:c5, conf=0: peers:[b0e58961-cf25-454a-a9d8-5016df2ce601|rpc:10.1.0.13:15120|admin:10.1.0.13:15119|client:10.1.0.13:15118|dataStream:10.1.0.13:15121|priority:0|startupRole:FOLLOWER, 16068a4c-c2af-4cec-9eae-3ab2a53eaee7|rpc:10.1.0.13:15129|admin:10.1.0.13:15128|client:10.1.0.13:15127|dataStream:10.1.0.13:15130|priority:0|startupRole:FOLLOWER, 3a238b95-76ec-4438-89aa-518182fac512|rpc:10.1.0.13:15138|admin:10.1.0.13:15137|client:10.1.0.13:15136|dataStream:10.1.0.13:15139|priority:1|startupRole:FOLLOWER]|listeners:[], old=null RUNNING
2023-07-05 13:43:46,287 [PipelineCommandHandlerThread-0] INFO  server.RaftServer$Division (RaftServerImpl.java:lambda$close$4(466)) - 16068a4c-c2af-4cec-9eae-3ab2a53eaee7@group-A632E32F3323: shutdown
2023-07-05 13:43:46,287 [PipelineCommandHandlerThread-0] INFO  util.JmxRegister (JmxRegister.java:unregister(73)) - Successfully un-registered JMX Bean with object name Ratis:service=RaftServer,group=group-A632E32F3323,id=16068a4c-c2af-4cec-9eae-3ab2a53eaee7
2023-07-05 13:43:46,287 [PipelineCommandHandlerThread-0] INFO  impl.RoleInfo (RoleInfo.java:shutdownFollowerState(110)) - 16068a4c-c2af-4cec-9eae-3ab2a53eaee7: shutdown 16068a4c-c2af-4cec-9eae-3ab2a53eaee7@group-A632E32F3323-FollowerState
2023-07-05 13:43:46,288 [PipelineCommandHandlerThread-0] INFO  impl.StateMachineUpdater (StateMachineUpdater.java:stopAndJoin(155)) - 16068a4c-c2af-4cec-9eae-3ab2a53eaee7@group-A632E32F3323-StateMachineUpdater: set stopIndex = 5
2023-07-05 13:43:46,288 [16068a4c-c2af-4cec-9eae-3ab2a53eaee7@group-A632E32F3323-FollowerState] INFO  impl.FollowerState (FollowerState.java:run(152)) - 16068a4c-c2af-4cec-9eae-3ab2a53eaee7@group-A632E32F3323-FollowerState was interrupted
2023-07-05 13:43:46,288 [16068a4c-c2af-4cec-9eae-3ab2a53eaee7@group-A632E32F3323-StateMachineUpdater] INFO  ratis.ContainerStateMachine (ContainerStateMachine.java:takeSnapshot(330)) - group-A632E32F3323: Taking a snapshot at:(t:1, i:5) file /home/runner/work/ozone/ozone/hadoop-ozone/integration-test/target/test-dir/MiniOzoneClusterImpl-c098677b-f883-4488-a97e-c9984f4b1973/datanode-1/data/ratis/eb357a06-a827-4663-9bed-a632e32f3323/sm/snapshot.1_5
2023-07-05 13:43:46,291 [16068a4c-c2af-4cec-9eae-3ab2a53eaee7@group-A632E32F3323-StateMachineUpdater] INFO  ratis.ContainerStateMachine (ContainerStateMachine.java:takeSnapshot(341)) - group-A632E32F3323: Finished taking a snapshot at:(t:1, i:5) file:/home/runner/work/ozone/ozone/hadoop-ozone/integration-test/target/test-dir/MiniOzoneClusterImpl-c098677b-f883-4488-a97e-c9984f4b1973/datanode-1/data/ratis/eb357a06-a827-4663-9bed-a632e32f3323/sm/snapshot.1_5 took: 3 ms
2023-07-05 13:43:46,291 [16068a4c-c2af-4cec-9eae-3ab2a53eaee7@group-A632E32F3323-StateMachineUpdater] INFO  impl.StateMachineUpdater (StateMachineUpdater.java:takeSnapshot(291)) - 16068a4c-c2af-4cec-9eae-3ab2a53eaee7@group-A632E32F3323-StateMachineUpdater: Took a snapshot at index 5
2023-07-05 13:43:46,291 [16068a4c-c2af-4cec-9eae-3ab2a53eaee7@group-A632E32F3323-StateMachineUpdater] INFO  impl.StateMachineUpdater (StateMachineUpdater.java:lambda$new$0(97)) - 16068a4c-c2af-4cec-9eae-3ab2a53eaee7@group-A632E32F3323-StateMachineUpdater: snapshotIndex: updateIncreasingly -1 -> 5
2023-07-05 13:43:46,291 [PipelineCommandHandlerThread-0] INFO  server.RaftServer$Division (ServerState.java:close(472)) - 16068a4c-c2af-4cec-9eae-3ab2a53eaee7@group-A632E32F3323: closes. applyIndex: 5
2023-07-05 13:43:46,803 [grpc-default-executor-3] WARN  server.GrpcLogAppender (LogUtils.java:warn(122)) - 16068a4c-c2af-4cec-9eae-3ab2a53eaee7@group-ADDF5938E3AB->b0e58961-cf25-454a-a9d8-5016df2ce601-AppendLogResponseHandler: Failed appendEntries: org.apache.ratis.thirdparty.io.grpc.StatusRuntimeException: UNAVAILABLE: io exception
2023-07-05 13:43:46,804 [grpc-default-executor-2] WARN  server.GrpcLogAppender (LogUtils.java:warn(122)) - 16068a4c-c2af-4cec-9eae-3ab2a53eaee7@group-ADDF5938E3AB->b0e58961-cf25-454a-a9d8-5016df2ce601-AppendLogResponseHandler: Failed appendEntries: org.apache.ratis.thirdparty.io.grpc.StatusRuntimeException: UNAVAILABLE: io exception
2023-07-05 13:43:46,813 [grpc-default-executor-2] WARN  server.GrpcLogAppender (LogUtils.java:warn(122)) - 16068a4c-c2af-4cec-9eae-3ab2a53eaee7@group-ADDF5938E3AB->b0e58961-cf25-454a-a9d8-5016df2ce601-AppendLogResponseHandler: Failed appendEntries: org.apache.ratis.thirdparty.io.grpc.StatusRuntimeException: UNAVAILABLE: io exception
2023-07-05 13:43:46,813 [grpc-default-executor-3] WARN  server.GrpcLogAppender (LogUtils.java:warn(122)) - 16068a4c-c2af-4cec-9eae-3ab2a53eaee7@group-ADDF5938E3AB->b0e58961-cf25-454a-a9d8-5016df2ce601-AppendLogResponseHandler: Failed appendEntries: org.apache.ratis.thirdparty.io.grpc.StatusRuntimeException: UNAVAILABLE: io exception
2023-07-05 13:43:46,814 [grpc-default-executor-2] INFO  leader.FollowerInfo (FollowerInfoImpl.java:lambda$new$0(52)) - 16068a4c-c2af-4cec-9eae-3ab2a53eaee7@group-ADDF5938E3AB->b0e58961-cf25-454a-a9d8-5016df2ce601: decreaseNextIndex nextIndex: updateUnconditionally 1 -> 0
2023-07-05 13:43:46,992 [grpc-default-executor-3] WARN  server.GrpcLogAppender (LogUtils.java:warn(122)) - 3a238b95-76ec-4438-89aa-518182fac512@group-A632E32F3323->b0e58961-cf25-454a-a9d8-5016df2ce601-AppendLogResponseHandler: Failed appendEntries: org.apache.ratis.thirdparty.io.grpc.StatusRuntimeException: UNAVAILABLE: io exception
2023-07-05 13:43:46,993 [grpc-default-executor-2] WARN  server.GrpcLogAppender (LogUtils.java:warn(122)) - 3a238b95-76ec-4438-89aa-518182fac512@group-A632E32F3323->b0e58961-cf25-454a-a9d8-5016df2ce601-AppendLogResponseHandler: Failed appendEntries: org.apache.ratis.thirdparty.io.grpc.StatusRuntimeException: UNAVAILABLE: io exception
2023-07-05 13:43:47,004 [grpc-default-executor-3] WARN  server.GrpcLogAppender (LogUtils.java:warn(122)) - 3a238b95-76ec-4438-89aa-518182fac512@group-A632E32F3323->b0e58961-cf25-454a-a9d8-5016df2ce601-AppendLogResponseHandler: Failed appendEntries: org.apache.ratis.thirdparty.io.grpc.StatusRuntimeException: UNAVAILABLE: io exception
2023-07-05 13:43:47,004 [grpc-default-executor-3] INFO  leader.FollowerInfo (FollowerInfoImpl.java:lambda$new$0(52)) - 3a238b95-76ec-4438-89aa-518182fac512@group-A632E32F3323->b0e58961-cf25-454a-a9d8-5016df2ce601: decreaseNextIndex nextIndex: updateUnconditionally 1 -> 0
2023-07-05 13:43:47,004 [grpc-default-executor-2] WARN  server.GrpcLogAppender (LogUtils.java:warn(122)) - 3a238b95-76ec-4438-89aa-518182fac512@group-A632E32F3323->b0e58961-cf25-454a-a9d8-5016df2ce601-AppendLogResponseHandler: Failed appendEntries: org.apache.ratis.thirdparty.io.grpc.StatusRuntimeException: UNAVAILABLE: io exception
2023-07-05 13:43:47,128 [ReplicationMonitor] INFO  replication.ReplicationManager (ReplicationManager.java:processAll(389)) - Replication Monitor Thread took 0 milliseconds for processing 1 containers.
2023-07-05 13:43:47,236 [PipelineCommandHandlerThread-0] INFO  segmented.SegmentedRaftLogWorker (SegmentedRaftLogWorker.java:close(252)) - 16068a4c-c2af-4cec-9eae-3ab2a53eaee7@group-A632E32F3323-SegmentedRaftLogWorker close()
2023-07-05 13:43:47,238 [PipelineCommandHandlerThread-0] INFO  server.RaftServer$Division (RaftServerImpl.java:groupRemove(436)) - 16068a4c-c2af-4cec-9eae-3ab2a53eaee7@group-A632E32F3323: Succeed to remove RaftStorageDirectory Storage Directory /home/runner/work/ozone/ozone/hadoop-ozone/integration-test/target/test-dir/MiniOzoneClusterImpl-c098677b-f883-4488-a97e-c9984f4b1973/datanode-1/data/ratis/eb357a06-a827-4663-9bed-a632e32f3323
2023-07-05 13:43:47,238 [PipelineCommandHandlerThread-0] INFO  commandhandler.ClosePipelineCommandHandler (ClosePipelineCommandHandler.java:lambda$handle$0(87)) - Close Pipeline PipelineID=eb357a06-a827-4663-9bed-a632e32f3323 command on datanode 16068a4c-c2af-4cec-9eae-3ab2a53eaee7.
2023-07-05 13:43:47,238 [PipelineCommandHandlerThread-0] INFO  server.RaftServer (RaftServerProxy.java:remove(109)) - 16068a4c-c2af-4cec-9eae-3ab2a53eaee7: remove    LEADER 16068a4c-c2af-4cec-9eae-3ab2a53eaee7@group-ADDF5938E3AB:t1, leader=16068a4c-c2af-4cec-9eae-3ab2a53eaee7, voted=16068a4c-c2af-4cec-9eae-3ab2a53eaee7, raftlog=Memoized:16068a4c-c2af-4cec-9eae-3ab2a53eaee7@group-ADDF5938E3AB-SegmentedRaftLog:OPENED:c0, conf=0: peers:[b0e58961-cf25-454a-a9d8-5016df2ce601|rpc:10.1.0.13:15120|admin:10.1.0.13:15119|client:10.1.0.13:15118|dataStream:10.1.0.13:15121|priority:1|startupRole:FOLLOWER, 16068a4c-c2af-4cec-9eae-3ab2a53eaee7|rpc:10.1.0.13:15129|admin:10.1.0.13:15128|client:10.1.0.13:15127|dataStream:10.1.0.13:15130|priority:0|startupRole:FOLLOWER, 3a238b95-76ec-4438-89aa-518182fac512|rpc:10.1.0.13:15138|admin:10.1.0.13:15137|client:10.1.0.13:15136|dataStream:10.1.0.13:15139|priority:0|startupRole:FOLLOWER]|listeners:[], old=null RUNNING
2023-07-05 13:43:47,238 [PipelineCommandHandlerThread-0] INFO  server.RaftServer$Division (RaftServerImpl.java:lambda$close$4(466)) - 16068a4c-c2af-4cec-9eae-3ab2a53eaee7@group-ADDF5938E3AB: shutdown
2023-07-05 13:43:47,238 [PipelineCommandHandlerThread-0] INFO  util.JmxRegister (JmxRegister.java:unregister(73)) - Successfully un-registered JMX Bean with object name Ratis:service=RaftServer,group=group-ADDF5938E3AB,id=16068a4c-c2af-4cec-9eae-3ab2a53eaee7
2023-07-05 13:43:47,239 [PipelineCommandHandlerThread-0] INFO  impl.RoleInfo (RoleInfo.java:shutdownLeaderState(93)) - 16068a4c-c2af-4cec-9eae-3ab2a53eaee7: shutdown 16068a4c-c2af-4cec-9eae-3ab2a53eaee7@group-ADDF5938E3AB-LeaderStateImpl
2023-07-05 13:43:47,239 [PipelineCommandHandlerThread-0] INFO  impl.PendingRequests (PendingRequests.java:sendNotLeaderResponses(289)) - 16068a4c-c2af-4cec-9eae-3ab2a53eaee7@group-ADDF5938E3AB-PendingRequests: sendNotLeaderResponses
2023-07-05 13:43:47,239 [16068a4c-c2af-4cec-9eae-3ab2a53eaee7@group-ADDF5938E3AB->b0e58961-cf25-454a-a9d8-5016df2ce601-GrpcLogAppender-LogAppenderDaemon] WARN  server.GrpcLogAppender (GrpcLogAppender.java:mayWait(199)) - 16068a4c-c2af-4cec-9eae-3ab2a53eaee7@group-ADDF5938E3AB->b0e58961-cf25-454a-a9d8-5016df2ce601-GrpcLogAppender: Wait interrupted by java.lang.InterruptedException
2023-07-05 13:43:47,239 [16068a4c-c2af-4cec-9eae-3ab2a53eaee7@group-ADDF5938E3AB->3a238b95-76ec-4438-89aa-518182fac512-GrpcLogAppender-LogAppenderDaemon] WARN  server.GrpcLogAppender (GrpcLogAppender.java:mayWait(199)) - 16068a4c-c2af-4cec-9eae-3ab2a53eaee7@group-ADDF5938E3AB->3a238b95-76ec-4438-89aa-518182fac512-GrpcLogAppender: Wait interrupted by java.lang.InterruptedException
2023-07-05 13:43:47,239 [16068a4c-c2af-4cec-9eae-3ab2a53eaee7@group-ADDF5938E3AB-StateMachineUpdater] INFO  ratis.ContainerStateMachine (ContainerStateMachine.java:takeSnapshot(330)) - group-ADDF5938E3AB: Taking a snapshot at:(t:1, i:0) file /home/runner/work/ozone/ozone/hadoop-ozone/integration-test/target/test-dir/MiniOzoneClusterImpl-c098677b-f883-4488-a97e-c9984f4b1973/datanode-1/data/ratis/2116bd38-657f-4bb2-b5cb-addf5938e3ab/sm/snapshot.1_0
2023-07-05 13:43:47,240 [PipelineCommandHandlerThread-0] INFO  impl.StateMachineUpdater (StateMachineUpdater.java:stopAndJoin(155)) - 16068a4c-c2af-4cec-9eae-3ab2a53eaee7@group-ADDF5938E3AB-StateMachineUpdater: set stopIndex = 0
2023-07-05 13:43:47,240 [16068a4c-c2af-4cec-9eae-3ab2a53eaee7@group-ADDF5938E3AB-StateMachineUpdater] INFO  ratis.ContainerStateMachine (ContainerStateMachine.java:takeSnapshot(341)) - group-ADDF5938E3AB: Finished taking a snapshot at:(t:1, i:0) file:/home/runner/work/ozone/ozone/hadoop-ozone/integration-test/target/test-dir/MiniOzoneClusterImpl-c098677b-f883-4488-a97e-c9984f4b1973/datanode-1/data/ratis/2116bd38-657f-4bb2-b5cb-addf5938e3ab/sm/snapshot.1_0 took: 1 ms
2023-07-05 13:43:47,240 [16068a4c-c2af-4cec-9eae-3ab2a53eaee7@group-ADDF5938E3AB-StateMachineUpdater] INFO  impl.StateMachineUpdater (StateMachineUpdater.java:takeSnapshot(291)) - 16068a4c-c2af-4cec-9eae-3ab2a53eaee7@group-ADDF5938E3AB-StateMachineUpdater: Took a snapshot at index 0
2023-07-05 13:43:47,240 [16068a4c-c2af-4cec-9eae-3ab2a53eaee7@group-ADDF5938E3AB-StateMachineUpdater] INFO  impl.StateMachineUpdater (StateMachineUpdater.java:lambda$new$0(97)) - 16068a4c-c2af-4cec-9eae-3ab2a53eaee7@group-ADDF5938E3AB-StateMachineUpdater: snapshotIndex: updateIncreasingly -1 -> 0
2023-07-05 13:43:47,241 [PipelineCommandHandlerThread-0] INFO  server.RaftServer$Division (ServerState.java:close(472)) - 16068a4c-c2af-4cec-9eae-3ab2a53eaee7@group-ADDF5938E3AB: closes. applyIndex: 0
2023-07-05 13:43:47,242 [grpc-default-executor-2] INFO  server.GrpcServerProtocolService (GrpcServerProtocolService.java:onCompleted(155)) - 3a238b95-76ec-4438-89aa-518182fac512: Completed APPEND_ENTRIES, lastRequest: 16068a4c-c2af-4cec-9eae-3ab2a53eaee7->3a238b95-76ec-4438-89aa-518182fac512#1-t1,previous=(t:0, i:0),leaderCommit=-1,initializing? true,entries: size=1, first=(t:1, i:0), CONFIGURATIONENTRY(current:id: "b0e58961-cf25-454a-a9d8-5016df2ce601"
address: "10.1.0.13:15120"
priority: 1
dataStreamAddress: "10.1.0.13:15121"
clientAddress: "10.1.0.13:15118"
adminAddress: "10.1.0.13:15119"
startupRole: FOLLOWER
,id: "16068a4c-c2af-4cec-9eae-3ab2a53eaee7"
address: "10.1.0.13:15129"
dataStreamAddress: "10.1.0.13:15130"
clientAddress: "10.1.0.13:15127"
adminAddress: "10.1.0.13:15128"
startupRole: FOLLOWER
,id: "3a238b95-76ec-4438-89aa-518182fac512"
address: "10.1.0.13:15138"
dataStreamAddress: "10.1.0.13:15139"
clientAddress: "10.1.0.13:15136"
adminAddress: "10.1.0.13:15137"
startupRole: FOLLOWER
, old:)
2023-07-05 13:43:47,242 [grpc-default-executor-2] INFO  server.GrpcServerProtocolService (GrpcServerProtocolService.java:lambda$onCompleted$5(157)) - 3a238b95-76ec-4438-89aa-518182fac512: Completed APPEND_ENTRIES, lastReply: null
2023-07-05 13:43:47,243 [PipelineCommandHandlerThread-0] INFO  server.RaftServer (RaftServerProxy.java:remove(109)) - 3a238b95-76ec-4438-89aa-518182fac512: remove    LEADER 3a238b95-76ec-4438-89aa-518182fac512@group-A632E32F3323:t1, leader=3a238b95-76ec-4438-89aa-518182fac512, voted=3a238b95-76ec-4438-89aa-518182fac512, raftlog=Memoized:3a238b95-76ec-4438-89aa-518182fac512@group-A632E32F3323-SegmentedRaftLog:OPENED:c5, conf=0: peers:[b0e58961-cf25-454a-a9d8-5016df2ce601|rpc:10.1.0.13:15120|admin:10.1.0.13:15119|client:10.1.0.13:15118|dataStream:10.1.0.13:15121|priority:0|startupRole:FOLLOWER, 16068a4c-c2af-4cec-9eae-3ab2a53eaee7|rpc:10.1.0.13:15129|admin:10.1.0.13:15128|client:10.1.0.13:15127|dataStream:10.1.0.13:15130|priority:0|startupRole:FOLLOWER, 3a238b95-76ec-4438-89aa-518182fac512|rpc:10.1.0.13:15138|admin:10.1.0.13:15137|client:10.1.0.13:15136|dataStream:10.1.0.13:15139|priority:1|startupRole:FOLLOWER]|listeners:[], old=null RUNNING
2023-07-05 13:43:47,244 [PipelineCommandHandlerThread-0] INFO  server.RaftServer$Division (RaftServerImpl.java:lambda$close$4(466)) - 3a238b95-76ec-4438-89aa-518182fac512@group-A632E32F3323: shutdown
2023-07-05 13:43:47,244 [PipelineCommandHandlerThread-0] INFO  util.JmxRegister (JmxRegister.java:unregister(73)) - Successfully un-registered JMX Bean with object name Ratis:service=RaftServer,group=group-A632E32F3323,id=3a238b95-76ec-4438-89aa-518182fac512
2023-07-05 13:43:47,244 [PipelineCommandHandlerThread-0] INFO  impl.RoleInfo (RoleInfo.java:shutdownLeaderState(93)) - 3a238b95-76ec-4438-89aa-518182fac512: shutdown 3a238b95-76ec-4438-89aa-518182fac512@group-A632E32F3323-LeaderStateImpl
2023-07-05 13:43:47,244 [PipelineCommandHandlerThread-0] INFO  impl.PendingRequests (PendingRequests.java:sendNotLeaderResponses(289)) - 3a238b95-76ec-4438-89aa-518182fac512@group-A632E32F3323-PendingRequests: sendNotLeaderResponses
2023-07-05 13:43:47,244 [3a238b95-76ec-4438-89aa-518182fac512@group-A632E32F3323->b0e58961-cf25-454a-a9d8-5016df2ce601-GrpcLogAppender-LogAppenderDaemon] WARN  server.GrpcLogAppender (GrpcLogAppender.java:mayWait(199)) - 3a238b95-76ec-4438-89aa-518182fac512@group-A632E32F3323->b0e58961-cf25-454a-a9d8-5016df2ce601-GrpcLogAppender: Wait interrupted by java.lang.InterruptedException
2023-07-05 13:43:47,244 [3a238b95-76ec-4438-89aa-518182fac512@group-A632E32F3323->16068a4c-c2af-4cec-9eae-3ab2a53eaee7-GrpcLogAppender-LogAppenderDaemon] WARN  server.GrpcLogAppender (GrpcLogAppender.java:mayWait(199)) - 3a238b95-76ec-4438-89aa-518182fac512@group-A632E32F3323->16068a4c-c2af-4cec-9eae-3ab2a53eaee7-GrpcLogAppender: Wait interrupted by java.lang.InterruptedException
2023-07-05 13:43:47,248 [PipelineCommandHandlerThread-0] INFO  impl.StateMachineUpdater (StateMachineUpdater.java:stopAndJoin(155)) - 3a238b95-76ec-4438-89aa-518182fac512@group-A632E32F3323-StateMachineUpdater: set stopIndex = 5
2023-07-05 13:43:47,248 [3a238b95-76ec-4438-89aa-518182fac512@group-A632E32F3323-StateMachineUpdater] INFO  ratis.ContainerStateMachine (ContainerStateMachine.java:takeSnapshot(330)) - group-A632E32F3323: Taking a snapshot at:(t:1, i:5) file /home/runner/work/ozone/ozone/hadoop-ozone/integration-test/target/test-dir/MiniOzoneClusterImpl-c098677b-f883-4488-a97e-c9984f4b1973/datanode-2/data/ratis/eb357a06-a827-4663-9bed-a632e32f3323/sm/snapshot.1_5
2023-07-05 13:43:47,250 [grpc-default-executor-2] INFO  server.GrpcLogAppender (GrpcLogAppender.java:onCompleted(428)) - 16068a4c-c2af-4cec-9eae-3ab2a53eaee7@group-ADDF5938E3AB->3a238b95-76ec-4438-89aa-518182fac512-AppendLogResponseHandler: follower responses appendEntries COMPLETED
2023-07-05 13:43:47,250 [3a238b95-76ec-4438-89aa-518182fac512@group-A632E32F3323-StateMachineUpdater] INFO  ratis.ContainerStateMachine (ContainerStateMachine.java:takeSnapshot(341)) - group-A632E32F3323: Finished taking a snapshot at:(t:1, i:5) file:/home/runner/work/ozone/ozone/hadoop-ozone/integration-test/target/test-dir/MiniOzoneClusterImpl-c098677b-f883-4488-a97e-c9984f4b1973/datanode-2/data/ratis/eb357a06-a827-4663-9bed-a632e32f3323/sm/snapshot.1_5 took: 2 ms
2023-07-05 13:43:47,251 [3a238b95-76ec-4438-89aa-518182fac512@group-A632E32F3323-StateMachineUpdater] INFO  impl.StateMachineUpdater (StateMachineUpdater.java:takeSnapshot(291)) - 3a238b95-76ec-4438-89aa-518182fac512@group-A632E32F3323-StateMachineUpdater: Took a snapshot at index 5
2023-07-05 13:43:47,251 [3a238b95-76ec-4438-89aa-518182fac512@group-A632E32F3323-StateMachineUpdater] INFO  impl.StateMachineUpdater (StateMachineUpdater.java:lambda$new$0(97)) - 3a238b95-76ec-4438-89aa-518182fac512@group-A632E32F3323-StateMachineUpdater: snapshotIndex: updateIncreasingly -1 -> 5
2023-07-05 13:43:47,252 [PipelineCommandHandlerThread-0] INFO  server.RaftServer$Division (ServerState.java:close(472)) - 3a238b95-76ec-4438-89aa-518182fac512@group-A632E32F3323: closes. applyIndex: 5
2023-07-05 13:43:47,252 [grpc-default-executor-2] INFO  leader.FollowerInfo (FollowerInfoImpl.java:lambda$new$0(52)) - 16068a4c-c2af-4cec-9eae-3ab2a53eaee7@group-ADDF5938E3AB->3a238b95-76ec-4438-89aa-518182fac512: decreaseNextIndex nextIndex: updateUnconditionally 1 -> 0
2023-07-05 13:43:47,253 [grpc-default-executor-2] INFO  server.GrpcServerProtocolService (GrpcServerProtocolService.java:onCompleted(155)) - 16068a4c-c2af-4cec-9eae-3ab2a53eaee7: Completed APPEND_ENTRIES, lastRequest: 3a238b95-76ec-4438-89aa-518182fac512->16068a4c-c2af-4cec-9eae-3ab2a53eaee7#14-t1,previous=(t:1, i:4),leaderCommit=4,initializing? true,entries: size=1, first=(t:1, i:5), METADATAENTRY(c:4)
2023-07-05 13:43:47,253 [grpc-default-executor-2] INFO  server.GrpcServerProtocolService (GrpcServerProtocolService.java:lambda$onCompleted$5(157)) - 16068a4c-c2af-4cec-9eae-3ab2a53eaee7: Completed APPEND_ENTRIES, lastReply: null
2023-07-05 13:43:47,254 [grpc-default-executor-2] INFO  server.GrpcServerProtocolService (GrpcServerProtocolService.java:onCompleted(155)) - 3a238b95-76ec-4438-89aa-518182fac512: Completed APPEND_ENTRIES, lastRequest: null
2023-07-05 13:43:47,254 [grpc-default-executor-2] INFO  server.GrpcServerProtocolService (GrpcServerProtocolService.java:lambda$onCompleted$5(157)) - 3a238b95-76ec-4438-89aa-518182fac512: Completed APPEND_ENTRIES, lastReply: serverReply {
  requestorId: "16068a4c-c2af-4cec-9eae-3ab2a53eaee7"
  replyId: "3a238b95-76ec-4438-89aa-518182fac512"
  raftGroupId {
    id: "!\026\2758e\177K\262\265\313\255\337Y8\343\253"
  }
  callId: 5
  success: true
}
term: 1
nextIndex: 1
matchIndex: 18446744073709551615
isHearbeat: true

2023-07-05 13:43:47,255 [grpc-default-executor-3] INFO  server.GrpcLogAppender (GrpcLogAppender.java:onCompleted(428)) - 3a238b95-76ec-4438-89aa-518182fac512@group-A632E32F3323->16068a4c-c2af-4cec-9eae-3ab2a53eaee7-AppendLogResponseHandler: follower responses appendEntries COMPLETED
2023-07-05 13:43:47,255 [grpc-default-executor-3] INFO  leader.FollowerInfo (FollowerInfoImpl.java:lambda$new$0(52)) - 3a238b95-76ec-4438-89aa-518182fac512@group-A632E32F3323->16068a4c-c2af-4cec-9eae-3ab2a53eaee7: decreaseNextIndex nextIndex: updateUnconditionally 6 -> 5
2023-07-05 13:43:47,256 [grpc-default-executor-3] INFO  server.GrpcServerProtocolService (GrpcServerProtocolService.java:onCompleted(155)) - 16068a4c-c2af-4cec-9eae-3ab2a53eaee7: Completed APPEND_ENTRIES, lastRequest: null
2023-07-05 13:43:47,258 [grpc-default-executor-3] INFO  server.GrpcServerProtocolService (GrpcServerProtocolService.java:lambda$onCompleted$5(157)) - 16068a4c-c2af-4cec-9eae-3ab2a53eaee7: Completed APPEND_ENTRIES, lastReply: serverReply {
  requestorId: "3a238b95-76ec-4438-89aa-518182fac512"
  replyId: "16068a4c-c2af-4cec-9eae-3ab2a53eaee7"
  raftGroupId {
    id: "\3535z\006\250\'Fc\233\355\2462\343/3#"
  }
  callId: 19
  success: true
}
term: 1
nextIndex: 6
followerCommit: 5
matchIndex: 18446744073709551615
isHearbeat: true

2023-07-05 13:43:47,260 [grpc-default-executor-2] INFO  server.GrpcLogAppender (GrpcLogAppender.java:onCompleted(428)) - 16068a4c-c2af-4cec-9eae-3ab2a53eaee7@group-ADDF5938E3AB->3a238b95-76ec-4438-89aa-518182fac512-AppendLogResponseHandler: follower responses appendEntries COMPLETED
2023-07-05 13:43:47,261 [grpc-default-executor-0] INFO  server.GrpcLogAppender (GrpcLogAppender.java:onCompleted(428)) - 3a238b95-76ec-4438-89aa-518182fac512@group-A632E32F3323->16068a4c-c2af-4cec-9eae-3ab2a53eaee7-AppendLogResponseHandler: follower responses appendEntries COMPLETED
2023-07-05 13:43:47,261 [grpc-default-executor-0] INFO  leader.FollowerInfo (FollowerInfoImpl.java:lambda$new$0(52)) - 3a238b95-76ec-4438-89aa-518182fac512@group-A632E32F3323->16068a4c-c2af-4cec-9eae-3ab2a53eaee7: decreaseNextIndex nextIndex: updateUnconditionally 5 -> 4
2023-07-05 13:43:47,274 [Time-limited test] INFO  container.TestHelper (TestHelper.java:countReplicas(423)) - Container 1 has 2 replicas on [16068a4c-c2af-4cec-9eae-3ab2a53eaee7, 3a238b95-76ec-4438-89aa-518182fac512]
2023-07-05 13:43:47,295 [PipelineCommandHandlerThread-0] INFO  segmented.SegmentedRaftLogWorker (SegmentedRaftLogWorker.java:close(252)) - 16068a4c-c2af-4cec-9eae-3ab2a53eaee7@group-ADDF5938E3AB-SegmentedRaftLogWorker close()
2023-07-05 13:43:47,296 [PipelineCommandHandlerThread-0] INFO  server.RaftServer$Division (RaftServerImpl.java:groupRemove(436)) - 16068a4c-c2af-4cec-9eae-3ab2a53eaee7@group-ADDF5938E3AB: Succeed to remove RaftStorageDirectory Storage Directory /home/runner/work/ozone/ozone/hadoop-ozone/integration-test/target/test-dir/MiniOzoneClusterImpl-c098677b-f883-4488-a97e-c9984f4b1973/datanode-1/data/ratis/2116bd38-657f-4bb2-b5cb-addf5938e3ab
2023-07-05 13:43:47,297 [PipelineCommandHandlerThread-0] INFO  commandhandler.ClosePipelineCommandHandler (ClosePipelineCommandHandler.java:lambda$handle$0(87)) - Close Pipeline PipelineID=2116bd38-657f-4bb2-b5cb-addf5938e3ab command on datanode 16068a4c-c2af-4cec-9eae-3ab2a53eaee7.
2023-07-05 13:43:48,128 [ReplicationMonitor] INFO  replication.ReplicationManager (ReplicationManager.java:processAll(389)) - Replication Monitor Thread took 0 milliseconds for processing 1 containers.
2023-07-05 13:43:48,234 [PipelineCommandHandlerThread-0] INFO  segmented.SegmentedRaftLogWorker (SegmentedRaftLogWorker.java:close(252)) - 3a238b95-76ec-4438-89aa-518182fac512@group-A632E32F3323-SegmentedRaftLogWorker close()
2023-07-05 13:43:48,237 [PipelineCommandHandlerThread-0] INFO  server.RaftServer$Division (RaftServerImpl.java:groupRemove(436)) - 3a238b95-76ec-4438-89aa-518182fac512@group-A632E32F3323: Succeed to remove RaftStorageDirectory Storage Directory /home/runner/work/ozone/ozone/hadoop-ozone/integration-test/target/test-dir/MiniOzoneClusterImpl-c098677b-f883-4488-a97e-c9984f4b1973/datanode-2/data/ratis/eb357a06-a827-4663-9bed-a632e32f3323
2023-07-05 13:43:48,237 [PipelineCommandHandlerThread-0] INFO  commandhandler.ClosePipelineCommandHandler (ClosePipelineCommandHandler.java:lambda$handle$0(87)) - Close Pipeline PipelineID=eb357a06-a827-4663-9bed-a632e32f3323 command on datanode 3a238b95-76ec-4438-89aa-518182fac512.
2023-07-05 13:43:48,237 [PipelineCommandHandlerThread-0] INFO  server.RaftServer (RaftServerProxy.java:remove(109)) - 3a238b95-76ec-4438-89aa-518182fac512: remove  FOLLOWER 3a238b95-76ec-4438-89aa-518182fac512@group-ADDF5938E3AB:t1, leader=16068a4c-c2af-4cec-9eae-3ab2a53eaee7, voted=16068a4c-c2af-4cec-9eae-3ab2a53eaee7, raftlog=Memoized:3a238b95-76ec-4438-89aa-518182fac512@group-ADDF5938E3AB-SegmentedRaftLog:OPENED:c0, conf=0: peers:[b0e58961-cf25-454a-a9d8-5016df2ce601|rpc:10.1.0.13:15120|admin:10.1.0.13:15119|client:10.1.0.13:15118|dataStream:10.1.0.13:15121|priority:1|startupRole:FOLLOWER, 16068a4c-c2af-4cec-9eae-3ab2a53eaee7|rpc:10.1.0.13:15129|admin:10.1.0.13:15128|client:10.1.0.13:15127|dataStream:10.1.0.13:15130|priority:0|startupRole:FOLLOWER, 3a238b95-76ec-4438-89aa-518182fac512|rpc:10.1.0.13:15138|admin:10.1.0.13:15137|client:10.1.0.13:15136|dataStream:10.1.0.13:15139|priority:0|startupRole:FOLLOWER]|listeners:[], old=null RUNNING
2023-07-05 13:43:48,237 [PipelineCommandHandlerThread-0] INFO  server.RaftServer$Division (RaftServerImpl.java:lambda$close$4(466)) - 3a238b95-76ec-4438-89aa-518182fac512@group-ADDF5938E3AB: shutdown
2023-07-05 13:43:48,237 [PipelineCommandHandlerThread-0] INFO  util.JmxRegister (JmxRegister.java:unregister(73)) - Successfully un-registered JMX Bean with object name Ratis:service=RaftServer,group=group-ADDF5938E3AB,id=3a238b95-76ec-4438-89aa-518182fac512
2023-07-05 13:43:48,237 [PipelineCommandHandlerThread-0] INFO  impl.RoleInfo (RoleInfo.java:shutdownFollowerState(110)) - 3a238b95-76ec-4438-89aa-518182fac512: shutdown 3a238b95-76ec-4438-89aa-518182fac512@group-ADDF5938E3AB-FollowerState
2023-07-05 13:43:48,237 [PipelineCommandHandlerThread-0] INFO  impl.StateMachineUpdater (StateMachineUpdater.java:stopAndJoin(155)) - 3a238b95-76ec-4438-89aa-518182fac512@group-ADDF5938E3AB-StateMachineUpdater: set stopIndex = 0
2023-07-05 13:43:48,240 [3a238b95-76ec-4438-89aa-518182fac512@group-ADDF5938E3AB-FollowerState] INFO  impl.FollowerState (FollowerState.java:run(152)) - 3a238b95-76ec-4438-89aa-518182fac512@group-ADDF5938E3AB-FollowerState was interrupted
2023-07-05 13:43:48,243 [3a238b95-76ec-4438-89aa-518182fac512@group-ADDF5938E3AB-StateMachineUpdater] INFO  ratis.ContainerStateMachine (ContainerStateMachine.java:takeSnapshot(330)) - group-ADDF5938E3AB: Taking a snapshot at:(t:1, i:0) file /home/runner/work/ozone/ozone/hadoop-ozone/integration-test/target/test-dir/MiniOzoneClusterImpl-c098677b-f883-4488-a97e-c9984f4b1973/datanode-2/data/ratis/2116bd38-657f-4bb2-b5cb-addf5938e3ab/sm/snapshot.1_0
2023-07-05 13:43:48,244 [3a238b95-76ec-4438-89aa-518182fac512@group-ADDF5938E3AB-StateMachineUpdater] INFO  ratis.ContainerStateMachine (ContainerStateMachine.java:takeSnapshot(341)) - group-ADDF5938E3AB: Finished taking a snapshot at:(t:1, i:0) file:/home/runner/work/ozone/ozone/hadoop-ozone/integration-test/target/test-dir/MiniOzoneClusterImpl-c098677b-f883-4488-a97e-c9984f4b1973/datanode-2/data/ratis/2116bd38-657f-4bb2-b5cb-addf5938e3ab/sm/snapshot.1_0 took: 1 ms
2023-07-05 13:43:48,244 [3a238b95-76ec-4438-89aa-518182fac512@group-ADDF5938E3AB-StateMachineUpdater] INFO  impl.StateMachineUpdater (StateMachineUpdater.java:takeSnapshot(291)) - 3a238b95-76ec-4438-89aa-518182fac512@group-ADDF5938E3AB-StateMachineUpdater: Took a snapshot at index 0
2023-07-05 13:43:48,244 [3a238b95-76ec-4438-89aa-518182fac512@group-ADDF5938E3AB-StateMachineUpdater] INFO  impl.StateMachineUpdater (StateMachineUpdater.java:lambda$new$0(97)) - 3a238b95-76ec-4438-89aa-518182fac512@group-ADDF5938E3AB-StateMachineUpdater: snapshotIndex: updateIncreasingly -1 -> 0
2023-07-05 13:43:48,245 [PipelineCommandHandlerThread-0] INFO  server.RaftServer$Division (ServerState.java:close(472)) - 3a238b95-76ec-4438-89aa-518182fac512@group-ADDF5938E3AB: closes. applyIndex: 0
2023-07-05 13:43:48,275 [Time-limited test] INFO  container.TestHelper (TestHelper.java:countReplicas(423)) - Container 1 has 2 replicas on [16068a4c-c2af-4cec-9eae-3ab2a53eaee7, 3a238b95-76ec-4438-89aa-518182fac512]
2023-07-05 13:43:48,287 [ContainerReplicationThread-0] INFO  replication.PushReplicator (PushReplicator.java:replicate(58)) - Starting replication of container 1 to ba18fe3c-0fa2-4c47-a961-91b835f9fd0b(fv-az264-29.ca02foy5wcnuvlrvrz2wi3p2og.dx.internal.cloudapp.net/10.1.0.13) using NO_COMPRESSION
2023-07-05 13:43:48,302 [ContainerReplicationThread-0] INFO  replication.GrpcOutputStream (GrpcOutputStream.java:close(111)) - Sent 9728 bytes for container 1
2023-07-05 13:43:48,303 [ReplicationContainerReader-1] INFO  replication.SendContainerRequestHandler (SendContainerRequestHandler.java:onNext(80)) - Accepting container 1
2023-07-05 13:43:48,303 [ReplicationContainerReader-1] INFO  replication.SendContainerRequestHandler (SendContainerRequestHandler.java:onCompleted(108)) - Container 1 is downloaded with size 9728, starting to import.
2023-07-05 13:43:48,326 [PipelineCommandHandlerThread-0] INFO  segmented.SegmentedRaftLogWorker (SegmentedRaftLogWorker.java:close(252)) - 3a238b95-76ec-4438-89aa-518182fac512@group-ADDF5938E3AB-SegmentedRaftLogWorker close()
2023-07-05 13:43:48,328 [PipelineCommandHandlerThread-0] INFO  server.RaftServer$Division (RaftServerImpl.java:groupRemove(436)) - 3a238b95-76ec-4438-89aa-518182fac512@group-ADDF5938E3AB: Succeed to remove RaftStorageDirectory Storage Directory /home/runner/work/ozone/ozone/hadoop-ozone/integration-test/target/test-dir/MiniOzoneClusterImpl-c098677b-f883-4488-a97e-c9984f4b1973/datanode-2/data/ratis/2116bd38-657f-4bb2-b5cb-addf5938e3ab
2023-07-05 13:43:48,329 [PipelineCommandHandlerThread-0] INFO  commandhandler.ClosePipelineCommandHandler (ClosePipelineCommandHandler.java:lambda$handle$0(87)) - Close Pipeline PipelineID=2116bd38-657f-4bb2-b5cb-addf5938e3ab command on datanode 3a238b95-76ec-4438-89aa-518182fac512.
2023-07-05 13:43:48,330 [ReplicationContainerReader-1] INFO  replication.SendContainerRequestHandler (SendContainerRequestHandler.java:onCompleted(114)) - Container 1 is replicated successfully
2023-07-05 13:43:48,332 [grpc-default-executor-2] INFO  replication.GrpcContainerUploader (GrpcContainerUploader.java:onCompleted(119)) - Finished uploading container 1 to ba18fe3c-0fa2-4c47-a961-91b835f9fd0b(fv-az264-29.ca02foy5wcnuvlrvrz2wi3p2og.dx.internal.cloudapp.net/10.1.0.13)
2023-07-05 13:43:48,336 [ContainerReplicationThread-0] INFO  replication.ReplicationSupervisor (ReplicationSupervisor.java:run(362)) - Successful DONE replicateContainerCommand: containerId=1, replicaIndex=0, targetNode=ba18fe3c-0fa2-4c47-a961-91b835f9fd0b(fv-az264-29.ca02foy5wcnuvlrvrz2wi3p2og.dx.internal.cloudapp.net/10.1.0.13), priority=NORMAL, transferred 9728 bytes
2023-07-05 13:43:49,129 [ReplicationMonitor] INFO  replication.ReplicationManager (ReplicationManager.java:processAll(389)) - Replication Monitor Thread took 0 milliseconds for processing 1 containers.
2023-07-05 13:43:49,275 [Time-limited test] INFO  container.TestHelper (TestHelper.java:countReplicas(423)) - Container 1 has 3 replicas on [16068a4c-c2af-4cec-9eae-3ab2a53eaee7, 3a238b95-76ec-4438-89aa-518182fac512, ba18fe3c-0fa2-4c47-a961-91b835f9fd0b]
2023-07-05 13:43:49,281 [Time-limited test] INFO  ozone.MiniOzoneClusterImpl (MiniOzoneClusterImpl.java:shutdown(443)) - Shutting down the Mini Ozone Cluster
2023-07-05 13:43:49,281 [Time-limited test] INFO  ozone.MiniOzoneClusterImpl (MiniOzoneClusterImpl.java:stop(460)) - Stopping the Mini Ozone Cluster
2023-07-05 13:43:49,281 [Time-limited test] INFO  ozone.MiniOzoneClusterImpl (MiniOzoneClusterImpl.java:stopOM(551)) - Stopping the OzoneManager
2023-07-05 13:43:49,281 [Time-limited test] INFO  om.OzoneManager (OzoneManager.java:stop(2198)) - om1[localhost:15110]: Stopping Ozone Manager
2023-07-05 13:43:49,281 [Time-limited test] INFO  ipc.Server (Server.java:stop(3523)) - Stopping server on 15110
2023-07-05 13:43:49,286 [IPC Server listener on 15110] INFO  ipc.Server (Server.java:run(1434)) - Stopping IPC Server listener on 15110
2023-07-05 13:43:49,286 [IPC Server Responder] INFO  ipc.Server (Server.java:run(1567)) - Stopping IPC Server Responder
2023-07-05 13:43:49,291 [Time-limited test] INFO  server.RaftServer (RaftServerProxy.java:lambda$close$6(416)) - om1: close
2023-07-05 13:43:49,291 [Time-limited test] INFO  server.GrpcService (GrpcService.java:closeImpl(311)) - om1: shutdown server GrpcServerProtocolService now
2023-07-05 13:43:49,291 [om1-impl-thread1] INFO  server.RaftServer$Division (RaftServerImpl.java:lambda$close$4(466)) - om1@group-C5BA1605619E: shutdown
2023-07-05 13:43:49,291 [om1-impl-thread1] INFO  util.JmxRegister (JmxRegister.java:unregister(73)) - Successfully un-registered JMX Bean with object name Ratis:service=RaftServer,group=group-C5BA1605619E,id=om1
2023-07-05 13:43:49,291 [om1-impl-thread1] INFO  impl.RoleInfo (RoleInfo.java:shutdownLeaderState(93)) - om1: shutdown om1@group-C5BA1605619E-LeaderStateImpl
2023-07-05 13:43:49,291 [om1-impl-thread1] INFO  impl.PendingRequests (PendingRequests.java:sendNotLeaderResponses(289)) - om1@group-C5BA1605619E-PendingRequests: sendNotLeaderResponses
2023-07-05 13:43:49,292 [Time-limited test] INFO  server.GrpcService (GrpcService.java:closeImpl(320)) - om1: shutdown server GrpcServerProtocolService successfully
2023-07-05 13:43:49,294 [om1-impl-thread1] INFO  impl.StateMachineUpdater (StateMachineUpdater.java:stopAndJoin(155)) - om1@group-C5BA1605619E-StateMachineUpdater: set stopIndex = 8
2023-07-05 13:43:49,294 [om1@group-C5BA1605619E-StateMachineUpdater] INFO  ratis.OzoneManagerStateMachine (OzoneManagerStateMachine.java:takeSnapshot(479)) - Current Snapshot Index (t:1, i:8)
2023-07-05 13:43:49,314 [om1@group-C5BA1605619E-StateMachineUpdater] INFO  impl.StateMachineUpdater (StateMachineUpdater.java:takeSnapshot(291)) - om1@group-C5BA1605619E-StateMachineUpdater: Took a snapshot at index 8
2023-07-05 13:43:49,314 [om1@group-C5BA1605619E-StateMachineUpdater] INFO  impl.StateMachineUpdater (StateMachineUpdater.java:lambda$new$0(97)) - om1@group-C5BA1605619E-StateMachineUpdater: snapshotIndex: updateIncreasingly -1 -> 8
2023-07-05 13:43:49,315 [om1@group-C5BA1605619E-StateMachineUpdater] INFO  ratis.OzoneManagerStateMachine (OzoneManagerStateMachine.java:close(533)) - StateMachine has shutdown. Shutdown OzoneManager if not already shutdown.
2023-07-05 13:43:49,315 [om1@group-C5BA1605619E-StateMachineUpdater] INFO  ratis.OzoneManagerDoubleBuffer (OzoneManagerDoubleBuffer.java:stopDaemon(551)) - Stopping OMDoubleBuffer flush thread
2023-07-05 13:43:49,315 [OMDoubleBufferFlushThread] INFO  ratis.OzoneManagerDoubleBuffer (OzoneManagerDoubleBuffer.java:canFlush(638)) - OMDoubleBuffer flush thread OMDoubleBufferFlushThread is interrupted and will exit.
2023-07-05 13:43:49,317 [om1-impl-thread1] INFO  server.RaftServer$Division (ServerState.java:close(472)) - om1@group-C5BA1605619E: closes. applyIndex: 8
2023-07-05 13:43:50,130 [ReplicationMonitor] INFO  replication.ReplicationManager (ReplicationManager.java:processAll(389)) - Replication Monitor Thread took 1 milliseconds for processing 1 containers.
2023-07-05 13:43:50,274 [om1-impl-thread1] INFO  segmented.SegmentedRaftLogWorker (SegmentedRaftLogWorker.java:close(252)) - om1@group-C5BA1605619E-SegmentedRaftLogWorker close()
2023-07-05 13:43:50,274 [JvmPauseMonitor15] INFO  util.JvmPauseMonitor (JvmPauseMonitor.java:run(109)) - JvmPauseMonitor-om1: Stopped
2023-07-05 13:43:50,275 [Time-limited test] INFO  ratis.OzoneManagerStateMachine (OzoneManagerStateMachine.java:close(533)) - StateMachine has shutdown. Shutdown OzoneManager if not already shutdown.
2023-07-05 13:43:50,275 [Time-limited test] INFO  ratis.OzoneManagerDoubleBuffer (OzoneManagerDoubleBuffer.java:stopDaemon(560)) - OMDoubleBuffer flush thread is not running.
2023-07-05 13:43:50,276 [Time-limited test] INFO  utils.BackgroundService (BackgroundService.java:shutdown(141)) - Shutting down service KeyDeletingService
2023-07-05 13:43:50,276 [Time-limited test] INFO  utils.BackgroundService (BackgroundService.java:shutdown(141)) - Shutting down service KeyDeletingService
2023-07-05 13:43:50,276 [Time-limited test] INFO  utils.BackgroundService (BackgroundService.java:shutdown(141)) - Shutting down service OpenKeyCleanupService
2023-07-05 13:43:50,276 [Time-limited test] INFO  utils.BackgroundService (BackgroundService.java:shutdown(141)) - Shutting down service SstFilteringService
2023-07-05 13:43:50,276 [Time-limited test] INFO  utils.BackgroundService (BackgroundService.java:shutdown(141)) - Shutting down service SnapshotDeletingService
2023-07-05 13:43:50,277 [Time-limited test] INFO  handler.ContextHandler (ContextHandler.java:doStop(1159)) - Stopped o.e.j.w.WebAppContext@4418c325{ozoneManager,/,null,STOPPED}{file:/home/runner/work/ozone/ozone/hadoop-ozone/integration-test/target/test-classes/webapps/ozoneManager}
2023-07-05 13:43:50,277 [Time-limited test] INFO  server.AbstractConnector (AbstractConnector.java:doStop(383)) - Stopped ServerConnector@4fa250ea{HTTP/1.1, (http/1.1)}{0.0.0.0:15111}
2023-07-05 13:43:50,278 [Time-limited test] INFO  server.session (HouseKeeper.java:stopScavenging(149)) - node0 Stopped scavenging
2023-07-05 13:43:50,278 [Time-limited test] INFO  handler.ContextHandler (ContextHandler.java:doStop(1159)) - Stopped o.e.j.s.ServletContextHandler@4dcea80{static,/static,file:///home/runner/work/ozone/ozone/hadoop-ozone/integration-test/target/test-classes/webapps/static,STOPPED}
2023-07-05 13:43:50,278 [Time-limited test] INFO  handler.ContextHandler (ContextHandler.java:doStop(1159)) - Stopped o.e.j.s.ServletContextHandler@2e71c8b2{logs,/logs,file:///home/runner/work/ozone/ozone/hadoop-ozone/integration-test/target/log,STOPPED}
2023-07-05 13:43:50,280 [Time-limited test] INFO  snapshot.SnapshotDiffManager (SnapshotDiffManager.java:closeExecutorService(1699)) - Shutting down executorService: 'SnapDiffExecutor'
2023-07-05 13:43:50,280 [Time-limited test] INFO  snapshot.SnapshotDiffManager (SnapshotDiffManager.java:closeExecutorService(1699)) - Shutting down executorService: 'SstDumpToolExecutor'
2023-07-05 13:43:50,280 [Time-limited test] INFO  utils.BackgroundService (BackgroundService.java:shutdown(141)) - Shutting down service SnapshotDiffCleanupService
2023-07-05 13:43:50,282 [Time-limited test] INFO  ozone.MiniOzoneClusterImpl (MiniOzoneClusterImpl.java:stopDatanodes(528)) - Stopping the HddsDatanodes
2023-07-05 13:43:50,284 [Time-limited test] INFO  ozoneimpl.OzoneContainer (OzoneContainer.java:stop(441)) - Attempting to stop container services.
2023-07-05 13:43:50,287 [Time-limited test] INFO  server.RaftServer (RaftServerProxy.java:lambda$close$6(416)) - 3a238b95-76ec-4438-89aa-518182fac512: close
2023-07-05 13:43:50,287 [Time-limited test] INFO  server.GrpcService (GrpcService.java:closeImpl(311)) - 3a238b95-76ec-4438-89aa-518182fac512: shutdown server org.apache.ratis.grpc.server.GrpcClientProtocolService now
2023-07-05 13:43:50,287 [3a238b95-76ec-4438-89aa-518182fac512-impl-thread1] INFO  server.RaftServer$Division (RaftServerImpl.java:lambda$close$4(466)) - 3a238b95-76ec-4438-89aa-518182fac512@group-1BEF81DCC401: shutdown
2023-07-05 13:43:50,287 [3a238b95-76ec-4438-89aa-518182fac512-impl-thread1] INFO  util.JmxRegister (JmxRegister.java:unregister(73)) - Successfully un-registered JMX Bean with object name Ratis:service=RaftServer,group=group-1BEF81DCC401,id=3a238b95-76ec-4438-89aa-518182fac512
2023-07-05 13:43:50,287 [3a238b95-76ec-4438-89aa-518182fac512-impl-thread1] INFO  impl.RoleInfo (RoleInfo.java:shutdownLeaderState(93)) - 3a238b95-76ec-4438-89aa-518182fac512: shutdown 3a238b95-76ec-4438-89aa-518182fac512@group-1BEF81DCC401-LeaderStateImpl
2023-07-05 13:43:50,290 [Thread-1689] INFO  server.GrpcServerProtocolClient (GrpcServerProtocolClient.java:close(103)) - b0e58961-cf25-454a-a9d8-5016df2ce601 Close channels
2023-07-05 13:43:50,290 [3a238b95-76ec-4438-89aa-518182fac512-impl-thread1] INFO  impl.PendingRequests (PendingRequests.java:sendNotLeaderResponses(289)) - 3a238b95-76ec-4438-89aa-518182fac512@group-1BEF81DCC401-PendingRequests: sendNotLeaderResponses
2023-07-05 13:43:50,290 [Thread-1690] INFO  server.GrpcServerProtocolClient (GrpcServerProtocolClient.java:close(103)) - 16068a4c-c2af-4cec-9eae-3ab2a53eaee7 Close channels
2023-07-05 13:43:50,291 [Time-limited test] INFO  server.GrpcService (GrpcService.java:closeImpl(320)) - 3a238b95-76ec-4438-89aa-518182fac512: shutdown server org.apache.ratis.grpc.server.GrpcClientProtocolService successfully
2023-07-05 13:43:50,291 [Time-limited test] INFO  server.GrpcService (GrpcService.java:closeImpl(311)) - 3a238b95-76ec-4438-89aa-518182fac512: shutdown server GrpcServerProtocolService now
2023-07-05 13:43:50,295 [3a238b95-76ec-4438-89aa-518182fac512-impl-thread1] INFO  impl.StateMachineUpdater (StateMachineUpdater.java:stopAndJoin(155)) - 3a238b95-76ec-4438-89aa-518182fac512@group-1BEF81DCC401-StateMachineUpdater: set stopIndex = 0
2023-07-05 13:43:50,295 [3a238b95-76ec-4438-89aa-518182fac512@group-1BEF81DCC401-StateMachineUpdater] INFO  ratis.ContainerStateMachine (ContainerStateMachine.java:takeSnapshot(330)) - group-1BEF81DCC401: Taking a snapshot at:(t:1, i:0) file /home/runner/work/ozone/ozone/hadoop-ozone/integration-test/target/test-dir/MiniOzoneClusterImpl-c098677b-f883-4488-a97e-c9984f4b1973/datanode-2/data/ratis/a576a163-71d4-47f1-9d0d-1bef81dcc401/sm/snapshot.1_0
2023-07-05 13:43:50,296 [3a238b95-76ec-4438-89aa-518182fac512@group-1BEF81DCC401-StateMachineUpdater] INFO  ratis.ContainerStateMachine (ContainerStateMachine.java:takeSnapshot(341)) - group-1BEF81DCC401: Finished taking a snapshot at:(t:1, i:0) file:/home/runner/work/ozone/ozone/hadoop-ozone/integration-test/target/test-dir/MiniOzoneClusterImpl-c098677b-f883-4488-a97e-c9984f4b1973/datanode-2/data/ratis/a576a163-71d4-47f1-9d0d-1bef81dcc401/sm/snapshot.1_0 took: 1 ms
2023-07-05 13:43:50,296 [3a238b95-76ec-4438-89aa-518182fac512@group-1BEF81DCC401-StateMachineUpdater] INFO  impl.StateMachineUpdater (StateMachineUpdater.java:takeSnapshot(291)) - 3a238b95-76ec-4438-89aa-518182fac512@group-1BEF81DCC401-StateMachineUpdater: Took a snapshot at index 0
2023-07-05 13:43:50,296 [3a238b95-76ec-4438-89aa-518182fac512@group-1BEF81DCC401-StateMachineUpdater] INFO  impl.StateMachineUpdater (StateMachineUpdater.java:lambda$new$0(97)) - 3a238b95-76ec-4438-89aa-518182fac512@group-1BEF81DCC401-StateMachineUpdater: snapshotIndex: updateIncreasingly -1 -> 0
2023-07-05 13:43:50,296 [3a238b95-76ec-4438-89aa-518182fac512-impl-thread1] INFO  server.RaftServer$Division (ServerState.java:close(472)) - 3a238b95-76ec-4438-89aa-518182fac512@group-1BEF81DCC401: closes. applyIndex: 0
2023-07-05 13:43:50,303 [Time-limited test] INFO  server.GrpcService (GrpcService.java:closeImpl(320)) - 3a238b95-76ec-4438-89aa-518182fac512: shutdown server GrpcServerProtocolService successfully
2023-07-05 13:43:50,303 [Time-limited test] INFO  server.GrpcService (GrpcService.java:closeImpl(311)) - 3a238b95-76ec-4438-89aa-518182fac512: shutdown server org.apache.ratis.grpc.server.GrpcAdminProtocolService now
2023-07-05 13:43:50,305 [ForkJoinPool.commonPool-worker-1] INFO  ozoneimpl.OzoneContainer (OzoneContainer.java:stop(441)) - Attempting to stop container services.
2023-07-05 13:43:50,305 [Time-limited test] INFO  server.GrpcService (GrpcService.java:closeImpl(320)) - 3a238b95-76ec-4438-89aa-518182fac512: shutdown server org.apache.ratis.grpc.server.GrpcAdminProtocolService successfully
2023-07-05 13:43:50,306 [3a238b95-76ec-4438-89aa-518182fac512-NettyServerStreamRpc-bossGroup--thread1] INFO  logging.LoggingHandler (AbstractInternalLogger.java:log(148)) - [id: 0x4c3f6986, L:/0:0:0:0:0:0:0:0:15139] CLOSE
2023-07-05 13:43:50,306 [3a238b95-76ec-4438-89aa-518182fac512-NettyServerStreamRpc-bossGroup--thread1] INFO  logging.LoggingHandler (AbstractInternalLogger.java:log(148)) - [id: 0x4c3f6986, L:/0:0:0:0:0:0:0:0:15139] INACTIVE
2023-07-05 13:43:50,306 [3a238b95-76ec-4438-89aa-518182fac512-NettyServerStreamRpc-bossGroup--thread1] INFO  logging.LoggingHandler (AbstractInternalLogger.java:log(148)) - [id: 0x4c3f6986, L:/0:0:0:0:0:0:0:0:15139] UNREGISTERED
2023-07-05 13:43:50,308 [ForkJoinPool.commonPool-worker-1] INFO  server.RaftServer (RaftServerProxy.java:lambda$close$6(416)) - 16068a4c-c2af-4cec-9eae-3ab2a53eaee7: close
2023-07-05 13:43:50,309 [ForkJoinPool.commonPool-worker-1] INFO  server.GrpcService (GrpcService.java:closeImpl(311)) - 16068a4c-c2af-4cec-9eae-3ab2a53eaee7: shutdown server org.apache.ratis.grpc.server.GrpcClientProtocolService now
2023-07-05 13:43:50,309 [16068a4c-c2af-4cec-9eae-3ab2a53eaee7-impl-thread1] INFO  server.RaftServer$Division (RaftServerImpl.java:lambda$close$4(466)) - 16068a4c-c2af-4cec-9eae-3ab2a53eaee7@group-68679A1BB53A: shutdown
2023-07-05 13:43:50,309 [16068a4c-c2af-4cec-9eae-3ab2a53eaee7-impl-thread1] INFO  util.JmxRegister (JmxRegister.java:unregister(73)) - Successfully un-registered JMX Bean with object name Ratis:service=RaftServer,group=group-68679A1BB53A,id=16068a4c-c2af-4cec-9eae-3ab2a53eaee7
2023-07-05 13:43:50,309 [16068a4c-c2af-4cec-9eae-3ab2a53eaee7-impl-thread1] INFO  impl.RoleInfo (RoleInfo.java:shutdownLeaderState(93)) - 16068a4c-c2af-4cec-9eae-3ab2a53eaee7: shutdown 16068a4c-c2af-4cec-9eae-3ab2a53eaee7@group-68679A1BB53A-LeaderStateImpl
2023-07-05 13:43:50,309 [16068a4c-c2af-4cec-9eae-3ab2a53eaee7-impl-thread1] INFO  impl.PendingRequests (PendingRequests.java:sendNotLeaderResponses(289)) - 16068a4c-c2af-4cec-9eae-3ab2a53eaee7@group-68679A1BB53A-PendingRequests: sendNotLeaderResponses
2023-07-05 13:43:50,310 [16068a4c-c2af-4cec-9eae-3ab2a53eaee7-impl-thread1] INFO  impl.StateMachineUpdater (StateMachineUpdater.java:stopAndJoin(155)) - 16068a4c-c2af-4cec-9eae-3ab2a53eaee7@group-68679A1BB53A-StateMachineUpdater: set stopIndex = 0
2023-07-05 13:43:50,310 [16068a4c-c2af-4cec-9eae-3ab2a53eaee7@group-68679A1BB53A-StateMachineUpdater] INFO  ratis.ContainerStateMachine (ContainerStateMachine.java:takeSnapshot(330)) - group-68679A1BB53A: Taking a snapshot at:(t:1, i:0) file /home/runner/work/ozone/ozone/hadoop-ozone/integration-test/target/test-dir/MiniOzoneClusterImpl-c098677b-f883-4488-a97e-c9984f4b1973/datanode-1/data/ratis/129219a5-9911-4065-9ed2-68679a1bb53a/sm/snapshot.1_0
2023-07-05 13:43:50,310 [Thread-1704] INFO  server.GrpcServerProtocolClient (GrpcServerProtocolClient.java:close(103)) - b0e58961-cf25-454a-a9d8-5016df2ce601 Close channels
2023-07-05 13:43:50,311 [16068a4c-c2af-4cec-9eae-3ab2a53eaee7@group-68679A1BB53A-StateMachineUpdater] INFO  ratis.ContainerStateMachine (ContainerStateMachine.java:takeSnapshot(341)) - group-68679A1BB53A: Finished taking a snapshot at:(t:1, i:0) file:/home/runner/work/ozone/ozone/hadoop-ozone/integration-test/target/test-dir/MiniOzoneClusterImpl-c098677b-f883-4488-a97e-c9984f4b1973/datanode-1/data/ratis/129219a5-9911-4065-9ed2-68679a1bb53a/sm/snapshot.1_0 took: 1 ms
2023-07-05 13:43:50,311 [16068a4c-c2af-4cec-9eae-3ab2a53eaee7@group-68679A1BB53A-StateMachineUpdater] INFO  impl.StateMachineUpdater (StateMachineUpdater.java:takeSnapshot(291)) - 16068a4c-c2af-4cec-9eae-3ab2a53eaee7@group-68679A1BB53A-StateMachineUpdater: Took a snapshot at index 0
2023-07-05 13:43:50,311 [16068a4c-c2af-4cec-9eae-3ab2a53eaee7@group-68679A1BB53A-StateMachineUpdater] INFO  impl.StateMachineUpdater (StateMachineUpdater.java:lambda$new$0(97)) - 16068a4c-c2af-4cec-9eae-3ab2a53eaee7@group-68679A1BB53A-StateMachineUpdater: snapshotIndex: updateIncreasingly -1 -> 0
2023-07-05 13:43:50,311 [16068a4c-c2af-4cec-9eae-3ab2a53eaee7-impl-thread1] INFO  server.RaftServer$Division (ServerState.java:close(472)) - 16068a4c-c2af-4cec-9eae-3ab2a53eaee7@group-68679A1BB53A: closes. applyIndex: 0
2023-07-05 13:43:50,312 [Thread-1706] INFO  server.GrpcServerProtocolClient (GrpcServerProtocolClient.java:close(103)) - 3a238b95-76ec-4438-89aa-518182fac512 Close channels
2023-07-05 13:43:50,315 [ForkJoinPool.commonPool-worker-1] INFO  server.GrpcService (GrpcService.java:closeImpl(320)) - 16068a4c-c2af-4cec-9eae-3ab2a53eaee7: shutdown server org.apache.ratis.grpc.server.GrpcClientProtocolService successfully
2023-07-05 13:43:50,315 [ForkJoinPool.commonPool-worker-1] INFO  server.GrpcService (GrpcService.java:closeImpl(311)) - 16068a4c-c2af-4cec-9eae-3ab2a53eaee7: shutdown server GrpcServerProtocolService now
2023-07-05 13:43:50,323 [ForkJoinPool.commonPool-worker-1] INFO  server.GrpcService (GrpcService.java:closeImpl(320)) - 16068a4c-c2af-4cec-9eae-3ab2a53eaee7: shutdown server GrpcServerProtocolService successfully
2023-07-05 13:43:50,323 [ForkJoinPool.commonPool-worker-1] INFO  server.GrpcService (GrpcService.java:closeImpl(311)) - 16068a4c-c2af-4cec-9eae-3ab2a53eaee7: shutdown server org.apache.ratis.grpc.server.GrpcAdminProtocolService now
2023-07-05 13:43:50,324 [ForkJoinPool.commonPool-worker-1] INFO  server.GrpcService (GrpcService.java:closeImpl(320)) - 16068a4c-c2af-4cec-9eae-3ab2a53eaee7: shutdown server org.apache.ratis.grpc.server.GrpcAdminProtocolService successfully
2023-07-05 13:43:50,324 [16068a4c-c2af-4cec-9eae-3ab2a53eaee7-NettyServerStreamRpc-bossGroup--thread1] INFO  logging.LoggingHandler (AbstractInternalLogger.java:log(148)) - [id: 0xf29af2e7, L:/0:0:0:0:0:0:0:0:15130] CLOSE
2023-07-05 13:43:50,324 [16068a4c-c2af-4cec-9eae-3ab2a53eaee7-NettyServerStreamRpc-bossGroup--thread1] INFO  logging.LoggingHandler (AbstractInternalLogger.java:log(148)) - [id: 0xf29af2e7, L:/0:0:0:0:0:0:0:0:15130] INACTIVE
2023-07-05 13:43:50,324 [16068a4c-c2af-4cec-9eae-3ab2a53eaee7-NettyServerStreamRpc-bossGroup--thread1] INFO  logging.LoggingHandler (AbstractInternalLogger.java:log(148)) - [id: 0xf29af2e7, L:/0:0:0:0:0:0:0:0:15130] UNREGISTERED
2023-07-05 13:43:50,328 [ForkJoinPool.commonPool-worker-2] INFO  ozoneimpl.OzoneContainer (OzoneContainer.java:stop(441)) - Attempting to stop container services.
2023-07-05 13:43:50,329 [ForkJoinPool.commonPool-worker-2] INFO  server.RaftServer (RaftServerProxy.java:lambda$close$6(416)) - ba18fe3c-0fa2-4c47-a961-91b835f9fd0b: close
2023-07-05 13:43:50,329 [ForkJoinPool.commonPool-worker-2] INFO  server.GrpcService (GrpcService.java:closeImpl(311)) - ba18fe3c-0fa2-4c47-a961-91b835f9fd0b: shutdown server org.apache.ratis.grpc.server.GrpcClientProtocolService now
2023-07-05 13:43:50,329 [ba18fe3c-0fa2-4c47-a961-91b835f9fd0b-impl-thread1] INFO  server.RaftServer$Division (RaftServerImpl.java:lambda$close$4(466)) - ba18fe3c-0fa2-4c47-a961-91b835f9fd0b@group-8C7E8916931C: shutdown
2023-07-05 13:43:50,329 [ba18fe3c-0fa2-4c47-a961-91b835f9fd0b-impl-thread1] INFO  util.JmxRegister (JmxRegister.java:unregister(73)) - Successfully un-registered JMX Bean with object name Ratis:service=RaftServer,group=group-8C7E8916931C,id=ba18fe3c-0fa2-4c47-a961-91b835f9fd0b
2023-07-05 13:43:50,329 [ba18fe3c-0fa2-4c47-a961-91b835f9fd0b-impl-thread1] INFO  impl.RoleInfo (RoleInfo.java:shutdownLeaderState(93)) - ba18fe3c-0fa2-4c47-a961-91b835f9fd0b: shutdown ba18fe3c-0fa2-4c47-a961-91b835f9fd0b@group-8C7E8916931C-LeaderStateImpl
2023-07-05 13:43:50,329 [ba18fe3c-0fa2-4c47-a961-91b835f9fd0b-impl-thread1] INFO  impl.PendingRequests (PendingRequests.java:sendNotLeaderResponses(289)) - ba18fe3c-0fa2-4c47-a961-91b835f9fd0b@group-8C7E8916931C-PendingRequests: sendNotLeaderResponses
2023-07-05 13:43:50,329 [ForkJoinPool.commonPool-worker-2] INFO  server.GrpcService (GrpcService.java:closeImpl(320)) - ba18fe3c-0fa2-4c47-a961-91b835f9fd0b: shutdown server org.apache.ratis.grpc.server.GrpcClientProtocolService successfully
2023-07-05 13:43:50,330 [ba18fe3c-0fa2-4c47-a961-91b835f9fd0b-impl-thread1] INFO  impl.StateMachineUpdater (StateMachineUpdater.java:stopAndJoin(155)) - ba18fe3c-0fa2-4c47-a961-91b835f9fd0b@group-8C7E8916931C-StateMachineUpdater: set stopIndex = 0
2023-07-05 13:43:50,330 [ba18fe3c-0fa2-4c47-a961-91b835f9fd0b@group-8C7E8916931C-StateMachineUpdater] INFO  ratis.ContainerStateMachine (ContainerStateMachine.java:takeSnapshot(330)) - group-8C7E8916931C: Taking a snapshot at:(t:1, i:0) file /home/runner/work/ozone/ozone/hadoop-ozone/integration-test/target/test-dir/MiniOzoneClusterImpl-c098677b-f883-4488-a97e-c9984f4b1973/datanode-4/data/ratis/1f86f2a6-4528-4a09-9f37-8c7e8916931c/sm/snapshot.1_0
2023-07-05 13:43:50,330 [ForkJoinPool.commonPool-worker-2] INFO  server.GrpcService (GrpcService.java:closeImpl(311)) - ba18fe3c-0fa2-4c47-a961-91b835f9fd0b: shutdown server GrpcServerProtocolService now
2023-07-05 13:43:50,331 [ba18fe3c-0fa2-4c47-a961-91b835f9fd0b@group-8C7E8916931C-StateMachineUpdater] INFO  ratis.ContainerStateMachine (ContainerStateMachine.java:takeSnapshot(341)) - group-8C7E8916931C: Finished taking a snapshot at:(t:1, i:0) file:/home/runner/work/ozone/ozone/hadoop-ozone/integration-test/target/test-dir/MiniOzoneClusterImpl-c098677b-f883-4488-a97e-c9984f4b1973/datanode-4/data/ratis/1f86f2a6-4528-4a09-9f37-8c7e8916931c/sm/snapshot.1_0 took: 1 ms
2023-07-05 13:43:50,331 [ba18fe3c-0fa2-4c47-a961-91b835f9fd0b@group-8C7E8916931C-StateMachineUpdater] INFO  impl.StateMachineUpdater (StateMachineUpdater.java:takeSnapshot(291)) - ba18fe3c-0fa2-4c47-a961-91b835f9fd0b@group-8C7E8916931C-StateMachineUpdater: Took a snapshot at index 0
2023-07-05 13:43:50,331 [ba18fe3c-0fa2-4c47-a961-91b835f9fd0b@group-8C7E8916931C-StateMachineUpdater] INFO  impl.StateMachineUpdater (StateMachineUpdater.java:lambda$new$0(97)) - ba18fe3c-0fa2-4c47-a961-91b835f9fd0b@group-8C7E8916931C-StateMachineUpdater: snapshotIndex: updateIncreasingly -1 -> 0
2023-07-05 13:43:50,332 [ba18fe3c-0fa2-4c47-a961-91b835f9fd0b-impl-thread1] INFO  server.RaftServer$Division (ServerState.java:close(472)) - ba18fe3c-0fa2-4c47-a961-91b835f9fd0b@group-8C7E8916931C: closes. applyIndex: 0
2023-07-05 13:43:50,332 [ForkJoinPool.commonPool-worker-2] INFO  server.GrpcService (GrpcService.java:closeImpl(320)) - ba18fe3c-0fa2-4c47-a961-91b835f9fd0b: shutdown server GrpcServerProtocolService successfully
2023-07-05 13:43:50,332 [ForkJoinPool.commonPool-worker-2] INFO  server.GrpcService (GrpcService.java:closeImpl(311)) - ba18fe3c-0fa2-4c47-a961-91b835f9fd0b: shutdown server org.apache.ratis.grpc.server.GrpcAdminProtocolService now
2023-07-05 13:43:50,339 [ForkJoinPool.commonPool-worker-3] INFO  ozoneimpl.OzoneContainer (OzoneContainer.java:stop(441)) - Attempting to stop container services.
2023-07-05 13:43:50,339 [ForkJoinPool.commonPool-worker-2] INFO  server.GrpcService (GrpcService.java:closeImpl(320)) - ba18fe3c-0fa2-4c47-a961-91b835f9fd0b: shutdown server org.apache.ratis.grpc.server.GrpcAdminProtocolService successfully
2023-07-05 13:43:50,339 [ba18fe3c-0fa2-4c47-a961-91b835f9fd0b-NettyServerStreamRpc-bossGroup--thread1] INFO  logging.LoggingHandler (AbstractInternalLogger.java:log(148)) - [id: 0xeacfad05, L:/0:0:0:0:0:0:0:0:15157] CLOSE
2023-07-05 13:43:50,340 [ba18fe3c-0fa2-4c47-a961-91b835f9fd0b-NettyServerStreamRpc-bossGroup--thread1] INFO  logging.LoggingHandler (AbstractInternalLogger.java:log(148)) - [id: 0xeacfad05, L:/0:0:0:0:0:0:0:0:15157] INACTIVE
2023-07-05 13:43:50,340 [ba18fe3c-0fa2-4c47-a961-91b835f9fd0b-NettyServerStreamRpc-bossGroup--thread1] INFO  logging.LoggingHandler (AbstractInternalLogger.java:log(148)) - [id: 0xeacfad05, L:/0:0:0:0:0:0:0:0:15157] UNREGISTERED
2023-07-05 13:43:50,344 [ForkJoinPool.commonPool-worker-3] INFO  server.RaftServer (RaftServerProxy.java:lambda$close$6(416)) - 7df8e922-d468-4b37-8758-318e891131cb: close
2023-07-05 13:43:50,344 [ForkJoinPool.commonPool-worker-3] INFO  server.GrpcService (GrpcService.java:closeImpl(311)) - 7df8e922-d468-4b37-8758-318e891131cb: shutdown server org.apache.ratis.grpc.server.GrpcClientProtocolService now
2023-07-05 13:43:50,344 [7df8e922-d468-4b37-8758-318e891131cb-impl-thread1] INFO  server.RaftServer$Division (RaftServerImpl.java:lambda$close$4(466)) - 7df8e922-d468-4b37-8758-318e891131cb@group-C9A822D04349: shutdown
2023-07-05 13:43:50,344 [7df8e922-d468-4b37-8758-318e891131cb-impl-thread1] INFO  util.JmxRegister (JmxRegister.java:unregister(73)) - Successfully un-registered JMX Bean with object name Ratis:service=RaftServer,group=group-C9A822D04349,id=7df8e922-d468-4b37-8758-318e891131cb
2023-07-05 13:43:50,344 [7df8e922-d468-4b37-8758-318e891131cb-impl-thread1] INFO  impl.RoleInfo (RoleInfo.java:shutdownLeaderState(93)) - 7df8e922-d468-4b37-8758-318e891131cb: shutdown 7df8e922-d468-4b37-8758-318e891131cb@group-C9A822D04349-LeaderStateImpl
2023-07-05 13:43:50,344 [7df8e922-d468-4b37-8758-318e891131cb-impl-thread1] INFO  impl.PendingRequests (PendingRequests.java:sendNotLeaderResponses(289)) - 7df8e922-d468-4b37-8758-318e891131cb@group-C9A822D04349-PendingRequests: sendNotLeaderResponses
2023-07-05 13:43:50,346 [7df8e922-d468-4b37-8758-318e891131cb-impl-thread1] INFO  impl.StateMachineUpdater (StateMachineUpdater.java:stopAndJoin(155)) - 7df8e922-d468-4b37-8758-318e891131cb@group-C9A822D04349-StateMachineUpdater: set stopIndex = 0
2023-07-05 13:43:50,346 [7df8e922-d468-4b37-8758-318e891131cb@group-C9A822D04349-StateMachineUpdater] INFO  ratis.ContainerStateMachine (ContainerStateMachine.java:takeSnapshot(330)) - group-C9A822D04349: Taking a snapshot at:(t:1, i:0) file /home/runner/work/ozone/ozone/hadoop-ozone/integration-test/target/test-dir/MiniOzoneClusterImpl-c098677b-f883-4488-a97e-c9984f4b1973/datanode-3/data/ratis/f6b5def1-ec34-4a79-ab7a-c9a822d04349/sm/snapshot.1_0
2023-07-05 13:43:50,347 [7df8e922-d468-4b37-8758-318e891131cb@group-C9A822D04349-StateMachineUpdater] INFO  ratis.ContainerStateMachine (ContainerStateMachine.java:takeSnapshot(341)) - group-C9A822D04349: Finished taking a snapshot at:(t:1, i:0) file:/home/runner/work/ozone/ozone/hadoop-ozone/integration-test/target/test-dir/MiniOzoneClusterImpl-c098677b-f883-4488-a97e-c9984f4b1973/datanode-3/data/ratis/f6b5def1-ec34-4a79-ab7a-c9a822d04349/sm/snapshot.1_0 took: 1 ms
2023-07-05 13:43:50,347 [7df8e922-d468-4b37-8758-318e891131cb@group-C9A822D04349-StateMachineUpdater] INFO  impl.StateMachineUpdater (StateMachineUpdater.java:takeSnapshot(291)) - 7df8e922-d468-4b37-8758-318e891131cb@group-C9A822D04349-StateMachineUpdater: Took a snapshot at index 0
2023-07-05 13:43:50,347 [7df8e922-d468-4b37-8758-318e891131cb@group-C9A822D04349-StateMachineUpdater] INFO  impl.StateMachineUpdater (StateMachineUpdater.java:lambda$new$0(97)) - 7df8e922-d468-4b37-8758-318e891131cb@group-C9A822D04349-StateMachineUpdater: snapshotIndex: updateIncreasingly -1 -> 0
2023-07-05 13:43:50,348 [7df8e922-d468-4b37-8758-318e891131cb-impl-thread1] INFO  server.RaftServer$Division (ServerState.java:close(472)) - 7df8e922-d468-4b37-8758-318e891131cb@group-C9A822D04349: closes. applyIndex: 0
2023-07-05 13:43:50,355 [ForkJoinPool.commonPool-worker-3] INFO  server.GrpcService (GrpcService.java:closeImpl(320)) - 7df8e922-d468-4b37-8758-318e891131cb: shutdown server org.apache.ratis.grpc.server.GrpcClientProtocolService successfully
2023-07-05 13:43:50,355 [ForkJoinPool.commonPool-worker-3] INFO  server.GrpcService (GrpcService.java:closeImpl(311)) - 7df8e922-d468-4b37-8758-318e891131cb: shutdown server GrpcServerProtocolService now
2023-07-05 13:43:50,365 [ForkJoinPool.commonPool-worker-3] INFO  server.GrpcService (GrpcService.java:closeImpl(320)) - 7df8e922-d468-4b37-8758-318e891131cb: shutdown server GrpcServerProtocolService successfully
2023-07-05 13:43:50,365 [ForkJoinPool.commonPool-worker-3] INFO  server.GrpcService (GrpcService.java:closeImpl(311)) - 7df8e922-d468-4b37-8758-318e891131cb: shutdown server org.apache.ratis.grpc.server.GrpcAdminProtocolService now
2023-07-05 13:43:50,371 [ForkJoinPool.commonPool-worker-3] INFO  server.GrpcService (GrpcService.java:closeImpl(320)) - 7df8e922-d468-4b37-8758-318e891131cb: shutdown server org.apache.ratis.grpc.server.GrpcAdminProtocolService successfully
2023-07-05 13:43:50,371 [7df8e922-d468-4b37-8758-318e891131cb-NettyServerStreamRpc-bossGroup--thread1] INFO  logging.LoggingHandler (AbstractInternalLogger.java:log(148)) - [id: 0xf7130c98, L:/0:0:0:0:0:0:0:0:15148] CLOSE
2023-07-05 13:43:50,371 [7df8e922-d468-4b37-8758-318e891131cb-NettyServerStreamRpc-bossGroup--thread1] INFO  logging.LoggingHandler (AbstractInternalLogger.java:log(148)) - [id: 0xf7130c98, L:/0:0:0:0:0:0:0:0:15148] INACTIVE
2023-07-05 13:43:50,371 [7df8e922-d468-4b37-8758-318e891131cb-NettyServerStreamRpc-bossGroup--thread1] INFO  logging.LoggingHandler (AbstractInternalLogger.java:log(148)) - [id: 0xf7130c98, L:/0:0:0:0:0:0:0:0:15148] UNREGISTERED
2023-07-05 13:43:50,599 [7df8e922-d468-4b37-8758-318e891131cb-impl-thread1] INFO  segmented.SegmentedRaftLogWorker (SegmentedRaftLogWorker.java:close(252)) - 7df8e922-d468-4b37-8758-318e891131cb@group-C9A822D04349-SegmentedRaftLogWorker close()
2023-07-05 13:43:50,600 [JvmPauseMonitor19] INFO  util.JvmPauseMonitor (JvmPauseMonitor.java:run(109)) - JvmPauseMonitor-7df8e922-d468-4b37-8758-318e891131cb: Stopped
2023-07-05 13:43:50,980 [ba18fe3c-0fa2-4c47-a961-91b835f9fd0b-impl-thread1] INFO  segmented.SegmentedRaftLogWorker (SegmentedRaftLogWorker.java:close(252)) - ba18fe3c-0fa2-4c47-a961-91b835f9fd0b@group-8C7E8916931C-SegmentedRaftLogWorker close()
2023-07-05 13:43:50,981 [JvmPauseMonitor20] INFO  util.JvmPauseMonitor (JvmPauseMonitor.java:run(109)) - JvmPauseMonitor-ba18fe3c-0fa2-4c47-a961-91b835f9fd0b: Stopped
2023-07-05 13:43:51,130 [ReplicationMonitor] INFO  replication.ReplicationManager (ReplicationManager.java:processAll(389)) - Replication Monitor Thread took 0 milliseconds for processing 1 containers.
2023-07-05 13:43:51,159 [16068a4c-c2af-4cec-9eae-3ab2a53eaee7-impl-thread1] INFO  segmented.SegmentedRaftLogWorker (SegmentedRaftLogWorker.java:close(252)) - 16068a4c-c2af-4cec-9eae-3ab2a53eaee7@group-68679A1BB53A-SegmentedRaftLogWorker close()
2023-07-05 13:43:51,161 [JvmPauseMonitor17] INFO  util.JvmPauseMonitor (JvmPauseMonitor.java:run(109)) - JvmPauseMonitor-16068a4c-c2af-4cec-9eae-3ab2a53eaee7: Stopped
2023-07-05 13:43:51,258 [3a238b95-76ec-4438-89aa-518182fac512-impl-thread1] INFO  segmented.SegmentedRaftLogWorker (SegmentedRaftLogWorker.java:close(252)) - 3a238b95-76ec-4438-89aa-518182fac512@group-1BEF81DCC401-SegmentedRaftLogWorker close()
2023-07-05 13:43:51,260 [JvmPauseMonitor18] INFO  util.JvmPauseMonitor (JvmPauseMonitor.java:run(109)) - JvmPauseMonitor-3a238b95-76ec-4438-89aa-518182fac512: Stopped
2023-07-05 13:43:52,131 [ReplicationMonitor] INFO  replication.ReplicationManager (ReplicationManager.java:processAll(389)) - Replication Monitor Thread took 1 milliseconds for processing 1 containers.
2023-07-05 13:43:52,350 [EventQueue-StaleNodeForStaleNodeHandler] INFO  node.StaleNodeHandler (StaleNodeHandler.java:onMessage(58)) - Datanode ba18fe3c-0fa2-4c47-a961-91b835f9fd0b(fv-az264-29.ca02foy5wcnuvlrvrz2wi3p2og.dx.internal.cloudapp.net/10.1.0.13) moved to stale state. Finalizing its pipelines [PipelineID=1f86f2a6-4528-4a09-9f37-8c7e8916931c]
2023-07-05 13:43:52,351 [EventQueue-StaleNodeForStaleNodeHandler] INFO  pipeline.PipelineManagerImpl (PipelineManagerImpl.java:closePipeline(510)) - Pipeline Pipeline[ Id: 1f86f2a6-4528-4a09-9f37-8c7e8916931c, Nodes: ba18fe3c-0fa2-4c47-a961-91b835f9fd0b(fv-az264-29.ca02foy5wcnuvlrvrz2wi3p2og.dx.internal.cloudapp.net/10.1.0.13), ReplicationConfig: RATIS/ONE, State:OPEN, leaderId:ba18fe3c-0fa2-4c47-a961-91b835f9fd0b, CreationTimestamp2023-07-05T13:43:26.799Z[Etc/UTC]] moved to CLOSED state
2023-07-05 13:43:52,604 [ForkJoinPool.commonPool-worker-3] INFO  utils.DatanodeStoreCache (DatanodeStoreCache.java:shutdownCache(110)) - Skip clearing cache in mini cluster mode. Entries left: [/home/runner/work/ozone/ozone/hadoop-ozone/integration-test/target/test-dir/MiniOzoneClusterImpl-c098677b-f883-4488-a97e-c9984f4b1973/datanode-1/data-0/containers/hdds/c098677b-f883-4488-a97e-c9984f4b1973/DS-5d71a362-4a3d-4a3a-b92d-b2bb77db15b0/container.db, /home/runner/work/ozone/ozone/hadoop-ozone/integration-test/target/test-dir/MiniOzoneClusterImpl-c098677b-f883-4488-a97e-c9984f4b1973/datanode-2/data-0/containers/hdds/c098677b-f883-4488-a97e-c9984f4b1973/DS-9491623e-12a4-498e-8e6d-1a8b380a40eb/container.db, /home/runner/work/ozone/ozone/hadoop-ozone/integration-test/target/test-dir/MiniOzoneClusterImpl-c098677b-f883-4488-a97e-c9984f4b1973/datanode-3/data-0/containers/hdds/c098677b-f883-4488-a97e-c9984f4b1973/DS-895c51d6-150d-4059-92a5-61cc232e61f7/container.db, /home/runner/work/ozone/ozone/hadoop-ozone/integration-test/target/test-dir/MiniOzoneClusterImpl-c098677b-f883-4488-a97e-c9984f4b1973/datanode-4/data-0/containers/hdds/c098677b-f883-4488-a97e-c9984f4b1973/DS-83d91991-3592-47b3-87eb-29dedbcc8318/container.db]
2023-07-05 13:43:52,611 [ForkJoinPool.commonPool-worker-3] INFO  utils.DatanodeStoreCache (DatanodeStoreCache.java:removeDB(104)) - Removed db /home/runner/work/ozone/ozone/hadoop-ozone/integration-test/target/test-dir/MiniOzoneClusterImpl-c098677b-f883-4488-a97e-c9984f4b1973/datanode-3/data-0/containers/hdds/c098677b-f883-4488-a97e-c9984f4b1973/DS-895c51d6-150d-4059-92a5-61cc232e61f7/container.db from cache
2023-07-05 13:43:52,611 [ForkJoinPool.commonPool-worker-3] INFO  volume.HddsVolume (HddsVolume.java:closeDbStore(509)) - SchemaV3 db is stopped at /home/runner/work/ozone/ozone/hadoop-ozone/integration-test/target/test-dir/MiniOzoneClusterImpl-c098677b-f883-4488-a97e-c9984f4b1973/datanode-3/data-0/containers/hdds/c098677b-f883-4488-a97e-c9984f4b1973/DS-895c51d6-150d-4059-92a5-61cc232e61f7/container.db for volume DS-895c51d6-150d-4059-92a5-61cc232e61f7
2023-07-05 13:43:52,612 [ForkJoinPool.commonPool-worker-3] INFO  utils.BackgroundService (BackgroundService.java:shutdown(141)) - Shutting down service BlockDeletingService
2023-07-05 13:43:52,612 [ForkJoinPool.commonPool-worker-3] INFO  utils.BackgroundService (BackgroundService.java:shutdown(141)) - Shutting down service StaleRecoveringContainerScrubbingService
2023-07-05 13:43:52,612 [ForkJoinPool.commonPool-worker-3] INFO  statemachine.DatanodeStateMachine (DatanodeStateMachine.java:stopDaemon(613)) - Ozone container server stopped.
2023-07-05 13:43:52,626 [ForkJoinPool.commonPool-worker-3] INFO  handler.ContextHandler (ContextHandler.java:doStop(1159)) - Stopped o.e.j.w.WebAppContext@4228c2f6{hddsDatanode,/,null,STOPPED}{jar:file:/home/runner/.m2/repository/org/apache/ozone/hdds-container-service/1.4.0-SNAPSHOT/hdds-container-service-1.4.0-SNAPSHOT.jar!/webapps/hddsDatanode}
2023-07-05 13:43:52,627 [ForkJoinPool.commonPool-worker-3] INFO  server.AbstractConnector (AbstractConnector.java:doStop(383)) - Stopped ServerConnector@1c00d0c4{HTTP/1.1, (http/1.1)}{0.0.0.0:15142}
2023-07-05 13:43:52,627 [ForkJoinPool.commonPool-worker-3] INFO  server.session (HouseKeeper.java:stopScavenging(149)) - node0 Stopped scavenging
2023-07-05 13:43:52,629 [ForkJoinPool.commonPool-worker-3] INFO  handler.ContextHandler (ContextHandler.java:doStop(1159)) - Stopped o.e.j.s.ServletContextHandler@39d912a8{static,/static,jar:file:/home/runner/.m2/repository/org/apache/ozone/hdds-container-service/1.4.0-SNAPSHOT/hdds-container-service-1.4.0-SNAPSHOT.jar!/webapps/static,STOPPED}
2023-07-05 13:43:52,629 [ForkJoinPool.commonPool-worker-3] INFO  handler.ContextHandler (ContextHandler.java:doStop(1159)) - Stopped o.e.j.s.ServletContextHandler@431ee15c{logs,/logs,file:///home/runner/work/ozone/ozone/hadoop-ozone/integration-test/target/log,STOPPED}
2023-07-05 13:43:52,630 [ForkJoinPool.commonPool-worker-3] INFO  ozone.HddsDatanodeClientProtocolServer (HddsDatanodeClientProtocolServer.java:stop(78)) - Stopping the RPC server for Client Protocol
2023-07-05 13:43:52,630 [ForkJoinPool.commonPool-worker-3] INFO  ipc.Server (Server.java:stop(3523)) - Stopping server on 15143
2023-07-05 13:43:52,632 [IPC Server listener on 15143] INFO  ipc.Server (Server.java:run(1434)) - Stopping IPC Server listener on 15143
2023-07-05 13:43:52,632 [IPC Server Responder] INFO  ipc.Server (Server.java:run(1567)) - Stopping IPC Server Responder
2023-07-05 13:43:52,650 [EventQueue-StaleNodeForStaleNodeHandler] INFO  node.StaleNodeHandler (StaleNodeHandler.java:onMessage(58)) - Datanode 7df8e922-d468-4b37-8758-318e891131cb(fv-az264-29.ca02foy5wcnuvlrvrz2wi3p2og.dx.internal.cloudapp.net/10.1.0.13) moved to stale state. Finalizing its pipelines [PipelineID=f6b5def1-ec34-4a79-ab7a-c9a822d04349]
2023-07-05 13:43:52,651 [EventQueue-StaleNodeForStaleNodeHandler] INFO  pipeline.PipelineManagerImpl (PipelineManagerImpl.java:closePipeline(510)) - Pipeline Pipeline[ Id: f6b5def1-ec34-4a79-ab7a-c9a822d04349, Nodes: 7df8e922-d468-4b37-8758-318e891131cb(fv-az264-29.ca02foy5wcnuvlrvrz2wi3p2og.dx.internal.cloudapp.net/10.1.0.13), ReplicationConfig: RATIS/ONE, State:OPEN, leaderId:7df8e922-d468-4b37-8758-318e891131cb, CreationTimestamp2023-07-05T13:43:26.471Z[Etc/UTC]] moved to CLOSED state
2023-07-05 13:43:52,986 [ForkJoinPool.commonPool-worker-2] INFO  utils.DatanodeStoreCache (DatanodeStoreCache.java:shutdownCache(110)) - Skip clearing cache in mini cluster mode. Entries left: [/home/runner/work/ozone/ozone/hadoop-ozone/integration-test/target/test-dir/MiniOzoneClusterImpl-c098677b-f883-4488-a97e-c9984f4b1973/datanode-1/data-0/containers/hdds/c098677b-f883-4488-a97e-c9984f4b1973/DS-5d71a362-4a3d-4a3a-b92d-b2bb77db15b0/container.db, /home/runner/work/ozone/ozone/hadoop-ozone/integration-test/target/test-dir/MiniOzoneClusterImpl-c098677b-f883-4488-a97e-c9984f4b1973/datanode-2/data-0/containers/hdds/c098677b-f883-4488-a97e-c9984f4b1973/DS-9491623e-12a4-498e-8e6d-1a8b380a40eb/container.db, /home/runner/work/ozone/ozone/hadoop-ozone/integration-test/target/test-dir/MiniOzoneClusterImpl-c098677b-f883-4488-a97e-c9984f4b1973/datanode-4/data-0/containers/hdds/c098677b-f883-4488-a97e-c9984f4b1973/DS-83d91991-3592-47b3-87eb-29dedbcc8318/container.db]
2023-07-05 13:43:52,990 [ForkJoinPool.commonPool-worker-2] INFO  utils.DatanodeStoreCache (DatanodeStoreCache.java:removeDB(104)) - Removed db /home/runner/work/ozone/ozone/hadoop-ozone/integration-test/target/test-dir/MiniOzoneClusterImpl-c098677b-f883-4488-a97e-c9984f4b1973/datanode-4/data-0/containers/hdds/c098677b-f883-4488-a97e-c9984f4b1973/DS-83d91991-3592-47b3-87eb-29dedbcc8318/container.db from cache
2023-07-05 13:43:52,990 [ForkJoinPool.commonPool-worker-2] INFO  volume.HddsVolume (HddsVolume.java:closeDbStore(509)) - SchemaV3 db is stopped at /home/runner/work/ozone/ozone/hadoop-ozone/integration-test/target/test-dir/MiniOzoneClusterImpl-c098677b-f883-4488-a97e-c9984f4b1973/datanode-4/data-0/containers/hdds/c098677b-f883-4488-a97e-c9984f4b1973/DS-83d91991-3592-47b3-87eb-29dedbcc8318/container.db for volume DS-83d91991-3592-47b3-87eb-29dedbcc8318
2023-07-05 13:43:52,990 [ForkJoinPool.commonPool-worker-2] INFO  utils.BackgroundService (BackgroundService.java:shutdown(141)) - Shutting down service BlockDeletingService
2023-07-05 13:43:52,990 [ForkJoinPool.commonPool-worker-2] INFO  utils.BackgroundService (BackgroundService.java:shutdown(141)) - Shutting down service StaleRecoveringContainerScrubbingService
2023-07-05 13:43:52,991 [ForkJoinPool.commonPool-worker-2] INFO  statemachine.DatanodeStateMachine (DatanodeStateMachine.java:stopDaemon(613)) - Ozone container server stopped.
2023-07-05 13:43:53,002 [ForkJoinPool.commonPool-worker-2] INFO  handler.ContextHandler (ContextHandler.java:doStop(1159)) - Stopped o.e.j.w.WebAppContext@65697d27{hddsDatanode,/,null,STOPPED}{jar:file:/home/runner/.m2/repository/org/apache/ozone/hdds-container-service/1.4.0-SNAPSHOT/hdds-container-service-1.4.0-SNAPSHOT.jar!/webapps/hddsDatanode}
2023-07-05 13:43:53,003 [ForkJoinPool.commonPool-worker-2] INFO  server.AbstractConnector (AbstractConnector.java:doStop(383)) - Stopped ServerConnector@42c51b08{HTTP/1.1, (http/1.1)}{0.0.0.0:15151}
2023-07-05 13:43:53,003 [ForkJoinPool.commonPool-worker-2] INFO  server.session (HouseKeeper.java:stopScavenging(149)) - node0 Stopped scavenging
2023-07-05 13:43:53,003 [ForkJoinPool.commonPool-worker-2] INFO  handler.ContextHandler (ContextHandler.java:doStop(1159)) - Stopped o.e.j.s.ServletContextHandler@77f1ef37{static,/static,jar:file:/home/runner/.m2/repository/org/apache/ozone/hdds-container-service/1.4.0-SNAPSHOT/hdds-container-service-1.4.0-SNAPSHOT.jar!/webapps/static,STOPPED}
2023-07-05 13:43:53,003 [ForkJoinPool.commonPool-worker-2] INFO  handler.ContextHandler (ContextHandler.java:doStop(1159)) - Stopped o.e.j.s.ServletContextHandler@6344dffb{logs,/logs,file:///home/runner/work/ozone/ozone/hadoop-ozone/integration-test/target/log,STOPPED}
2023-07-05 13:43:53,004 [ForkJoinPool.commonPool-worker-2] INFO  ozone.HddsDatanodeClientProtocolServer (HddsDatanodeClientProtocolServer.java:stop(78)) - Stopping the RPC server for Client Protocol
2023-07-05 13:43:53,004 [ForkJoinPool.commonPool-worker-2] INFO  ipc.Server (Server.java:stop(3523)) - Stopping server on 15152
2023-07-05 13:43:53,005 [IPC Server Responder] INFO  ipc.Server (Server.java:run(1567)) - Stopping IPC Server Responder
2023-07-05 13:43:53,005 [IPC Server listener on 15152] INFO  ipc.Server (Server.java:run(1434)) - Stopping IPC Server listener on 15152
2023-07-05 13:43:53,131 [ReplicationMonitor] INFO  replication.ReplicationManager (ReplicationManager.java:processAll(389)) - Replication Monitor Thread took 0 milliseconds for processing 1 containers.
2023-07-05 13:43:53,165 [ForkJoinPool.commonPool-worker-1] INFO  utils.DatanodeStoreCache (DatanodeStoreCache.java:shutdownCache(110)) - Skip clearing cache in mini cluster mode. Entries left: [/home/runner/work/ozone/ozone/hadoop-ozone/integration-test/target/test-dir/MiniOzoneClusterImpl-c098677b-f883-4488-a97e-c9984f4b1973/datanode-1/data-0/containers/hdds/c098677b-f883-4488-a97e-c9984f4b1973/DS-5d71a362-4a3d-4a3a-b92d-b2bb77db15b0/container.db, /home/runner/work/ozone/ozone/hadoop-ozone/integration-test/target/test-dir/MiniOzoneClusterImpl-c098677b-f883-4488-a97e-c9984f4b1973/datanode-2/data-0/containers/hdds/c098677b-f883-4488-a97e-c9984f4b1973/DS-9491623e-12a4-498e-8e6d-1a8b380a40eb/container.db]
2023-07-05 13:43:53,169 [ForkJoinPool.commonPool-worker-1] INFO  utils.DatanodeStoreCache (DatanodeStoreCache.java:removeDB(104)) - Removed db /home/runner/work/ozone/ozone/hadoop-ozone/integration-test/target/test-dir/MiniOzoneClusterImpl-c098677b-f883-4488-a97e-c9984f4b1973/datanode-1/data-0/containers/hdds/c098677b-f883-4488-a97e-c9984f4b1973/DS-5d71a362-4a3d-4a3a-b92d-b2bb77db15b0/container.db from cache
2023-07-05 13:43:53,169 [ForkJoinPool.commonPool-worker-1] INFO  volume.HddsVolume (HddsVolume.java:closeDbStore(509)) - SchemaV3 db is stopped at /home/runner/work/ozone/ozone/hadoop-ozone/integration-test/target/test-dir/MiniOzoneClusterImpl-c098677b-f883-4488-a97e-c9984f4b1973/datanode-1/data-0/containers/hdds/c098677b-f883-4488-a97e-c9984f4b1973/DS-5d71a362-4a3d-4a3a-b92d-b2bb77db15b0/container.db for volume DS-5d71a362-4a3d-4a3a-b92d-b2bb77db15b0
2023-07-05 13:43:53,169 [ForkJoinPool.commonPool-worker-1] INFO  utils.BackgroundService (BackgroundService.java:shutdown(141)) - Shutting down service BlockDeletingService
2023-07-05 13:43:53,171 [ForkJoinPool.commonPool-worker-1] INFO  utils.BackgroundService (BackgroundService.java:shutdown(141)) - Shutting down service StaleRecoveringContainerScrubbingService
2023-07-05 13:43:53,171 [ForkJoinPool.commonPool-worker-1] INFO  statemachine.DatanodeStateMachine (DatanodeStateMachine.java:stopDaemon(613)) - Ozone container server stopped.
2023-07-05 13:43:53,183 [ForkJoinPool.commonPool-worker-1] INFO  handler.ContextHandler (ContextHandler.java:doStop(1159)) - Stopped o.e.j.w.WebAppContext@4f8c48fc{hddsDatanode,/,null,STOPPED}{jar:file:/home/runner/.m2/repository/org/apache/ozone/hdds-container-service/1.4.0-SNAPSHOT/hdds-container-service-1.4.0-SNAPSHOT.jar!/webapps/hddsDatanode}
2023-07-05 13:43:53,183 [ForkJoinPool.commonPool-worker-1] INFO  server.AbstractConnector (AbstractConnector.java:doStop(383)) - Stopped ServerConnector@4ac2aa96{HTTP/1.1, (http/1.1)}{0.0.0.0:15124}
2023-07-05 13:43:53,183 [ForkJoinPool.commonPool-worker-1] INFO  server.session (HouseKeeper.java:stopScavenging(149)) - node0 Stopped scavenging
2023-07-05 13:43:53,183 [ForkJoinPool.commonPool-worker-1] INFO  handler.ContextHandler (ContextHandler.java:doStop(1159)) - Stopped o.e.j.s.ServletContextHandler@7d0dc514{static,/static,jar:file:/home/runner/.m2/repository/org/apache/ozone/hdds-container-service/1.4.0-SNAPSHOT/hdds-container-service-1.4.0-SNAPSHOT.jar!/webapps/static,STOPPED}
2023-07-05 13:43:53,184 [ForkJoinPool.commonPool-worker-1] INFO  handler.ContextHandler (ContextHandler.java:doStop(1159)) - Stopped o.e.j.s.ServletContextHandler@338641ed{logs,/logs,file:///home/runner/work/ozone/ozone/hadoop-ozone/integration-test/target/log,STOPPED}
2023-07-05 13:43:53,184 [ForkJoinPool.commonPool-worker-1] INFO  ozone.HddsDatanodeClientProtocolServer (HddsDatanodeClientProtocolServer.java:stop(78)) - Stopping the RPC server for Client Protocol
2023-07-05 13:43:53,184 [ForkJoinPool.commonPool-worker-1] INFO  ipc.Server (Server.java:stop(3523)) - Stopping server on 15125
2023-07-05 13:43:53,185 [IPC Server listener on 15125] INFO  ipc.Server (Server.java:run(1434)) - Stopping IPC Server listener on 15125
2023-07-05 13:43:53,185 [IPC Server Responder] INFO  ipc.Server (Server.java:run(1567)) - Stopping IPC Server Responder
2023-07-05 13:43:53,251 [EventQueue-StaleNodeForStaleNodeHandler] INFO  node.StaleNodeHandler (StaleNodeHandler.java:onMessage(58)) - Datanode 3a238b95-76ec-4438-89aa-518182fac512(fv-az264-29.ca02foy5wcnuvlrvrz2wi3p2og.dx.internal.cloudapp.net/10.1.0.13) moved to stale state. Finalizing its pipelines [PipelineID=a576a163-71d4-47f1-9d0d-1bef81dcc401]
2023-07-05 13:43:53,252 [EventQueue-StaleNodeForStaleNodeHandler] INFO  pipeline.PipelineManagerImpl (PipelineManagerImpl.java:closePipeline(510)) - Pipeline Pipeline[ Id: a576a163-71d4-47f1-9d0d-1bef81dcc401, Nodes: 3a238b95-76ec-4438-89aa-518182fac512(fv-az264-29.ca02foy5wcnuvlrvrz2wi3p2og.dx.internal.cloudapp.net/10.1.0.13), ReplicationConfig: RATIS/ONE, State:OPEN, leaderId:3a238b95-76ec-4438-89aa-518182fac512, CreationTimestamp2023-07-05T13:43:26.101Z[Etc/UTC]] moved to CLOSED state
2023-07-05 13:43:53,263 [Time-limited test] INFO  utils.DatanodeStoreCache (DatanodeStoreCache.java:shutdownCache(110)) - Skip clearing cache in mini cluster mode. Entries left: [/home/runner/work/ozone/ozone/hadoop-ozone/integration-test/target/test-dir/MiniOzoneClusterImpl-c098677b-f883-4488-a97e-c9984f4b1973/datanode-2/data-0/containers/hdds/c098677b-f883-4488-a97e-c9984f4b1973/DS-9491623e-12a4-498e-8e6d-1a8b380a40eb/container.db]
2023-07-05 13:43:53,266 [Time-limited test] INFO  utils.DatanodeStoreCache (DatanodeStoreCache.java:removeDB(104)) - Removed db /home/runner/work/ozone/ozone/hadoop-ozone/integration-test/target/test-dir/MiniOzoneClusterImpl-c098677b-f883-4488-a97e-c9984f4b1973/datanode-2/data-0/containers/hdds/c098677b-f883-4488-a97e-c9984f4b1973/DS-9491623e-12a4-498e-8e6d-1a8b380a40eb/container.db from cache
2023-07-05 13:43:53,266 [Time-limited test] INFO  volume.HddsVolume (HddsVolume.java:closeDbStore(509)) - SchemaV3 db is stopped at /home/runner/work/ozone/ozone/hadoop-ozone/integration-test/target/test-dir/MiniOzoneClusterImpl-c098677b-f883-4488-a97e-c9984f4b1973/datanode-2/data-0/containers/hdds/c098677b-f883-4488-a97e-c9984f4b1973/DS-9491623e-12a4-498e-8e6d-1a8b380a40eb/container.db for volume DS-9491623e-12a4-498e-8e6d-1a8b380a40eb
2023-07-05 13:43:53,266 [Time-limited test] INFO  utils.BackgroundService (BackgroundService.java:shutdown(141)) - Shutting down service BlockDeletingService
2023-07-05 13:43:53,267 [Time-limited test] INFO  utils.BackgroundService (BackgroundService.java:shutdown(141)) - Shutting down service StaleRecoveringContainerScrubbingService
2023-07-05 13:43:53,267 [Time-limited test] INFO  statemachine.DatanodeStateMachine (DatanodeStateMachine.java:stopDaemon(613)) - Ozone container server stopped.
2023-07-05 13:43:53,278 [Time-limited test] INFO  handler.ContextHandler (ContextHandler.java:doStop(1159)) - Stopped o.e.j.w.WebAppContext@59bd1334{hddsDatanode,/,null,STOPPED}{jar:file:/home/runner/.m2/repository/org/apache/ozone/hdds-container-service/1.4.0-SNAPSHOT/hdds-container-service-1.4.0-SNAPSHOT.jar!/webapps/hddsDatanode}
2023-07-05 13:43:53,278 [Time-limited test] INFO  server.AbstractConnector (AbstractConnector.java:doStop(383)) - Stopped ServerConnector@125cc3fa{HTTP/1.1, (http/1.1)}{0.0.0.0:15133}
2023-07-05 13:43:53,278 [Time-limited test] INFO  server.session (HouseKeeper.java:stopScavenging(149)) - node0 Stopped scavenging
2023-07-05 13:43:53,279 [Time-limited test] INFO  handler.ContextHandler (ContextHandler.java:doStop(1159)) - Stopped o.e.j.s.ServletContextHandler@1cc74c9{static,/static,jar:file:/home/runner/.m2/repository/org/apache/ozone/hdds-container-service/1.4.0-SNAPSHOT/hdds-container-service-1.4.0-SNAPSHOT.jar!/webapps/static,STOPPED}
2023-07-05 13:43:53,279 [Time-limited test] INFO  handler.ContextHandler (ContextHandler.java:doStop(1159)) - Stopped o.e.j.s.ServletContextHandler@7f3e5044{logs,/logs,file:///home/runner/work/ozone/ozone/hadoop-ozone/integration-test/target/log,STOPPED}
2023-07-05 13:43:53,279 [Time-limited test] INFO  ozone.HddsDatanodeClientProtocolServer (HddsDatanodeClientProtocolServer.java:stop(78)) - Stopping the RPC server for Client Protocol
2023-07-05 13:43:53,280 [Time-limited test] INFO  ipc.Server (Server.java:stop(3523)) - Stopping server on 15134
2023-07-05 13:43:53,280 [IPC Server Responder] INFO  ipc.Server (Server.java:run(1567)) - Stopping IPC Server Responder
2023-07-05 13:43:53,281 [IPC Server listener on 15134] INFO  ipc.Server (Server.java:run(1434)) - Stopping IPC Server listener on 15134
2023-07-05 13:43:53,283 [Time-limited test] INFO  ozone.MiniOzoneClusterImpl (MiniOzoneClusterImpl.java:stopSCM(543)) - Stopping the StorageContainerManager
2023-07-05 13:43:53,283 [Time-limited test] INFO  server.StorageContainerManager (StorageContainerManager.java:stop(1590)) - Container Balancer is not running.
2023-07-05 13:43:53,283 [Time-limited test] INFO  server.StorageContainerManager (StorageContainerManager.java:stopReplicationManager(1723)) - Stopping Replication Manager Service.
2023-07-05 13:43:53,283 [Time-limited test] INFO  replication.ReplicationManager (ReplicationManager.java:stop(319)) - Stopping Replication Monitor Thread.
2023-07-05 13:43:53,283 [Over Replicated Processor] WARN  replication.UnhealthyReplicationProcessor (UnhealthyReplicationProcessor.java:run(180)) - Over Replicated Processor interrupted. Exiting...
2023-07-05 13:43:53,284 [ReplicationMonitor] INFO  replication.ReplicationManager (ReplicationManager.java:run(917)) - Replication Monitor Thread is stopped
2023-07-05 13:43:53,284 [Time-limited test] INFO  server.StorageContainerManager (StorageContainerManager.java:stop(1599)) - Stopping the Datanode Admin Monitor.
2023-07-05 13:43:53,284 [Time-limited test] INFO  server.StorageContainerManager (StorageContainerManager.java:stop(1606)) - Stopping datanode service RPC server
2023-07-05 13:43:53,284 [Time-limited test] INFO  server.SCMDatanodeProtocolServer (SCMDatanodeProtocolServer.java:stop(424)) - Stopping the RPC server for DataNodes
2023-07-05 13:43:53,284 [Time-limited test] INFO  ipc.Server (Server.java:stop(3523)) - Stopping server on 15108
2023-07-05 13:43:53,284 [Under Replicated Processor] WARN  replication.UnhealthyReplicationProcessor (UnhealthyReplicationProcessor.java:run(180)) - Under Replicated Processor interrupted. Exiting...
2023-07-05 13:43:53,288 [IPC Server listener on 15108] INFO  ipc.Server (Server.java:run(1434)) - Stopping IPC Server listener on 15108
2023-07-05 13:43:53,288 [IPC Server Responder] INFO  ipc.Server (Server.java:run(1567)) - Stopping IPC Server Responder
2023-07-05 13:43:53,351 [SCM Heartbeat Processing Thread - 0] WARN  node.NodeStateManager (NodeStateManager.java:scheduleNextHealthCheck(874)) - Current Thread is interrupted, shutting down HB processing thread for Node Manager.
2023-07-05 13:43:53,351 [EventQueue-StaleNodeForStaleNodeHandler] INFO  node.StaleNodeHandler (StaleNodeHandler.java:onMessage(58)) - Datanode 16068a4c-c2af-4cec-9eae-3ab2a53eaee7(fv-az264-29.ca02foy5wcnuvlrvrz2wi3p2og.dx.internal.cloudapp.net/10.1.0.13) moved to stale state. Finalizing its pipelines [PipelineID=129219a5-9911-4065-9ed2-68679a1bb53a]
2023-07-05 13:43:53,352 [EventQueue-StaleNodeForStaleNodeHandler] INFO  pipeline.PipelineManagerImpl (PipelineManagerImpl.java:closePipeline(510)) - Pipeline Pipeline[ Id: 129219a5-9911-4065-9ed2-68679a1bb53a, Nodes: 16068a4c-c2af-4cec-9eae-3ab2a53eaee7(fv-az264-29.ca02foy5wcnuvlrvrz2wi3p2og.dx.internal.cloudapp.net/10.1.0.13), ReplicationConfig: RATIS/ONE, State:OPEN, leaderId:16068a4c-c2af-4cec-9eae-3ab2a53eaee7, CreationTimestamp2023-07-05T13:43:25.685Z[Etc/UTC]] moved to CLOSED state
2023-07-05 13:43:53,353 [Time-limited test] INFO  server.StorageContainerManager (StorageContainerManager.java:stop(1614)) - Stopping block service RPC server
2023-07-05 13:43:53,353 [Time-limited test] INFO  server.SCMBlockProtocolServer (SCMBlockProtocolServer.java:stop(161)) - Stopping the RPC server for Block Protocol
2023-07-05 13:43:53,353 [Time-limited test] INFO  ipc.Server (Server.java:stop(3523)) - Stopping server on 15107
2023-07-05 13:43:53,353 [IPC Server listener on 15107] INFO  ipc.Server (Server.java:run(1434)) - Stopping IPC Server listener on 15107
2023-07-05 13:43:53,359 [IPC Server Responder] INFO  ipc.Server (Server.java:run(1567)) - Stopping IPC Server Responder
2023-07-05 13:43:53,359 [Time-limited test] INFO  server.StorageContainerManager (StorageContainerManager.java:stop(1621)) - Stopping the StorageContainerLocationProtocol RPC server
2023-07-05 13:43:53,362 [Time-limited test] INFO  server.SCMClientProtocolServer (SCMClientProtocolServer.java:stop(209)) - Stopping the RPC server for Client Protocol
2023-07-05 13:43:53,362 [Time-limited test] INFO  ipc.Server (Server.java:stop(3523)) - Stopping server on 15106
2023-07-05 13:43:53,367 [IPC Server Responder] INFO  ipc.Server (Server.java:run(1567)) - Stopping IPC Server Responder
2023-07-05 13:43:53,367 [Time-limited test] INFO  server.StorageContainerManager (StorageContainerManager.java:stop(1628)) - Stopping Storage Container Manager HTTP server.
2023-07-05 13:43:53,367 [IPC Server listener on 15106] INFO  ipc.Server (Server.java:run(1434)) - Stopping IPC Server listener on 15106
2023-07-05 13:43:53,368 [Time-limited test] INFO  handler.ContextHandler (ContextHandler.java:doStop(1159)) - Stopped o.e.j.w.WebAppContext@4ce0f971{scm,/,null,STOPPED}{file:/home/runner/work/ozone/ozone/hadoop-ozone/integration-test/target/test-classes/webapps/scm}
2023-07-05 13:43:53,369 [Time-limited test] INFO  server.AbstractConnector (AbstractConnector.java:doStop(383)) - Stopped ServerConnector@1e44ed6a{HTTP/1.1, (http/1.1)}{0.0.0.0:15109}
2023-07-05 13:43:53,369 [Time-limited test] INFO  server.session (HouseKeeper.java:stopScavenging(149)) - node0 Stopped scavenging
2023-07-05 13:43:53,369 [Time-limited test] INFO  handler.ContextHandler (ContextHandler.java:doStop(1159)) - Stopped o.e.j.s.ServletContextHandler@2beae2ec{static,/static,file:///home/runner/work/ozone/ozone/hadoop-ozone/integration-test/target/test-classes/webapps/static,STOPPED}
2023-07-05 13:43:53,370 [Time-limited test] INFO  handler.ContextHandler (ContextHandler.java:doStop(1159)) - Stopped o.e.j.s.ServletContextHandler@6d92450{logs,/logs,file:///home/runner/work/ozone/ozone/hadoop-ozone/integration-test/target/log,STOPPED}
2023-07-05 13:43:53,374 [Time-limited test] INFO  server.StorageContainerManager (StorageContainerManager.java:stop(1636)) - Stopping SCM LayoutVersionManager Service.
2023-07-05 13:43:53,374 [Time-limited test] INFO  server.StorageContainerManager (StorageContainerManager.java:stop(1648)) - Stopping Block Manager Service.
2023-07-05 13:43:53,374 [Time-limited test] INFO  utils.BackgroundService (BackgroundService.java:shutdown(141)) - Shutting down service SCMBlockDeletingService
2023-07-05 13:43:53,374 [Time-limited test] INFO  utils.BackgroundService (BackgroundService.java:shutdown(141)) - Shutting down service SCMBlockDeletingService
2023-07-05 13:43:53,375 [Time-limited test] INFO  server.StorageContainerManager (StorageContainerManager.java:stop(1668)) - Stopping SCM Event Queue.
2023-07-05 13:43:53,376 [JvmPauseMonitor14] INFO  util.JvmPauseMonitor (JvmPauseMonitor.java:run(109)) - JvmPauseMonitor-ca6238f7-e7b7-414c-8dab-9331fa635496: Stopped
2023-07-05 13:43:53,376 [Time-limited test] INFO  server.StorageContainerManager (StorageContainerManager.java:stop(1679)) - Stopping SCM HA services.
2023-07-05 13:43:53,377 [Time-limited test] INFO  pipeline.BackgroundPipelineCreator (BackgroundPipelineCreator.java:stop(149)) - Stopping RatisPipelineUtilsThread.
2023-07-05 13:43:53,377 [RatisPipelineUtilsThread - 0] WARN  pipeline.BackgroundPipelineCreator (BackgroundPipelineCreator.java:run(180)) - RatisPipelineUtilsThread is interrupted.
2023-07-05 13:43:53,377 [BackgroundPipelineScrubberThread] WARN  BackgroundPipelineScrubber (BackgroundSCMService.java:run(115)) - BackgroundPipelineScrubber is interrupted, exit
2023-07-05 13:43:53,378 [Time-limited test] INFO  BackgroundPipelineScrubber (BackgroundSCMService.java:stop(131)) - Stopping BackgroundPipelineScrubber Service.
2023-07-05 13:43:53,378 [Time-limited test] INFO  impl.MetricsSystemImpl (MetricsSystemImpl.java:stop(210)) - Stopping HddsDatanode metrics system...
2023-07-05 13:43:53,386 [prometheus] INFO  impl.MetricsSinkAdapter (MetricsSinkAdapter.java:publishMetricsFromQueue(141)) - prometheus thread interrupted.
2023-07-05 13:43:53,386 [Time-limited test] INFO  impl.MetricsSystemImpl (MetricsSystemImpl.java:stop(216)) - HddsDatanode metrics system stopped.
2023-07-05 13:43:53,386 [Time-limited test] WARN  pipeline.BackgroundPipelineCreator (BackgroundPipelineCreator.java:stop(145)) - RatisPipelineUtilsThread is not running, just ignore.
2023-07-05 13:43:53,386 [Time-limited test] INFO  BackgroundPipelineScrubber (BackgroundSCMService.java:stop(126)) - BackgroundPipelineScrubber Service is not running, skip stop.
2023-07-05 13:43:53,386 [Time-limited test] INFO  ExpiredContainerReplicaOpScrubber (BackgroundSCMService.java:stop(131)) - Stopping ExpiredContainerReplicaOpScrubber Service.
2023-07-05 13:43:53,386 [Time-limited test] INFO  utils.BackgroundService (BackgroundService.java:shutdown(141)) - Shutting down service SCMBlockDeletingService
2023-07-05 13:43:53,386 [ExpiredContainerReplicaOpScrubberThread] WARN  ExpiredContainerReplicaOpScrubber (BackgroundSCMService.java:run(115)) - ExpiredContainerReplicaOpScrubber is interrupted, exit
2023-07-05 13:43:53,386 [Time-limited test] INFO  replication.ReplicationManager (ReplicationManager.java:stop(329)) - Replication Monitor Thread is not running.
2023-07-05 13:43:53,387 [Time-limited test] WARN  balancer.ContainerBalancer (ContainerBalancer.java:stop(326)) - Cannot stop Container Balancer because it's not running or stopping
2023-07-05 13:43:53,387 [Lease Manager-LeaseManager#LeaseMonitor] WARN  lease.LeaseManager (LeaseManager.java:run(272)) - Lease manager is interrupted. Shutting down...
java.lang.InterruptedException
	at java.util.concurrent.locks.AbstractQueuedSynchronizer.doAcquireSharedNanos(AbstractQueuedSynchronizer.java:1039)
	at java.util.concurrent.locks.AbstractQueuedSynchronizer.tryAcquireSharedNanos(AbstractQueuedSynchronizer.java:1328)
	at java.util.concurrent.Semaphore.tryAcquire(Semaphore.java:409)
	at org.apache.hadoop.ozone.lease.LeaseManager$LeaseMonitor.run(LeaseManager.java:270)
	at java.lang.Thread.run(Thread.java:750)
2023-07-05 13:43:53,387 [Time-limited test] INFO  server.StorageContainerManager (StorageContainerManager.java:stop(1714)) - Stopping SCM MetadataStore.
]]></system-out>
  </testcase>
  <testcase name="testContainerReplicationWithLegacyReplicationManagerDisabled" classname="TestContainerReplication" time="29.976">
    <system-out><![CDATA[2023-07-05 13:44:31,527 [Time-limited test] WARN  server.ServerUtils (ServerUtils.java:getScmDbDir(155)) - ozone.scm.db.dirs is not configured. We recommend adding this setting. Falling back to ozone.metadata.dirs instead.
2023-07-05 13:44:31,531 [Time-limited test] WARN  server.ServerUtils (ServerUtils.java:getScmDbDir(155)) - ozone.scm.db.dirs is not configured. We recommend adding this setting. Falling back to ozone.metadata.dirs instead.
2023-07-05 13:44:31,532 [Time-limited test] INFO  ha.SCMHANodeDetails (SCMHANodeDetails.java:loadSCMHAConfig(210)) - ServiceID for StorageContainerManager is null
2023-07-05 13:44:31,532 [Time-limited test] INFO  ha.SCMHANodeDetails (SCMHANodeDetails.java:loadSCMHAConfig(215)) - ozone.scm.default.service.id is not defined, falling back to ozone.scm.service.ids to find serviceID for StorageContainerManager if it is HA enabled cluster
2023-07-05 13:44:31,532 [Time-limited test] WARN  utils.HAUtils (HAUtils.java:getMetaDir(339)) - ozone.scm.db.dirs is not configured. We recommend adding this setting. Falling back to ozone.metadata.dirs instead.
2023-07-05 13:44:31,533 [Time-limited test] WARN  db.DBStoreBuilder (DBStoreBuilder.java:applyDBDefinition(166)) - ozone.scm.db.dirs is not configured. We recommend adding this setting. Falling back to ozone.metadata.dirs instead.
2023-07-05 13:44:31,674 [Time-limited test] INFO  net.NodeSchemaLoader (NodeSchemaLoader.java:loadSchemaFromFile(129)) - Loading schema from [jar:file:/home/runner/.m2/repository/org/apache/ozone/hdds-common/1.4.0-SNAPSHOT/hdds-common-1.4.0-SNAPSHOT.jar!/network-topology-default.xml]
2023-07-05 13:44:31,674 [Time-limited test] INFO  net.NodeSchemaLoader (NodeSchemaLoader.java:loadSchema(176)) - Loading network topology layer schema file
2023-07-05 13:44:31,679 [Time-limited test] INFO  upgrade.AbstractLayoutVersionManager (AbstractLayoutVersionManager.java:init(83)) - Initializing Layout version manager with metadata layout = HADOOP_PRC_PORTS_IN_DATANODEDETAILS (version = 7), software layout = HADOOP_PRC_PORTS_IN_DATANODEDETAILS (version = 7)
2023-07-05 13:44:31,680 [Time-limited test] INFO  ha.SequenceIdGenerator (SequenceIdGenerator.java:upgradeToSequenceId(354)) - upgrade localId to 111677748019200000
2023-07-05 13:44:31,681 [Time-limited test] INFO  ha.SequenceIdGenerator (SequenceIdGenerator.java:upgradeToSequenceId(364)) - upgrade delTxnId to 0
2023-07-05 13:44:31,681 [Time-limited test] INFO  ha.SequenceIdGenerator (SequenceIdGenerator.java:upgradeToSequenceId(381)) - upgrade containerId to 0
2023-07-05 13:44:31,683 [Time-limited test] INFO  ha.SequenceIdGenerator (SequenceIdGenerator.java:upgradeToSequenceId(417)) - upgrade rootCertificateId to 1
2023-07-05 13:44:31,683 [Time-limited test] INFO  ha.SequenceIdGenerator (SequenceIdGenerator.java:<init>(225)) - Init the HA SequenceIdGenerator.
2023-07-05 13:44:31,683 [Time-limited test] INFO  node.SCMNodeManager (SCMNodeManager.java:<init>(157)) - Entering startup safe mode.
2023-07-05 13:44:31,684 [Time-limited test] INFO  algorithms.ContainerPlacementPolicyFactory (ContainerPlacementPolicyFactory.java:getPolicyInternal(86)) - Create container placement policy of type org.apache.hadoop.hdds.scm.container.placement.algorithms.SCMContainerPlacementRandom
2023-07-05 13:44:31,684 [Time-limited test] INFO  algorithms.ContainerPlacementPolicyFactory (ContainerPlacementPolicyFactory.java:getPolicyInternal(86)) - Create container placement policy of type org.apache.hadoop.hdds.scm.container.placement.algorithms.SCMContainerPlacementRackScatter
2023-07-05 13:44:31,684 [Time-limited test] INFO  pipeline.PipelineStateManagerImpl (PipelineStateManagerImpl.java:initialize(78)) - No pipeline exists in current db
2023-07-05 13:44:31,684 [Time-limited test] INFO  algorithms.LeaderChoosePolicyFactory (LeaderChoosePolicyFactory.java:getPolicy(57)) - Create leader choose policy of type org.apache.hadoop.hdds.scm.pipeline.leader.choose.algorithms.MinLeaderCountChoosePolicy
2023-07-05 13:44:31,684 [Time-limited test] INFO  algorithms.ContainerPlacementPolicyFactory (ContainerPlacementPolicyFactory.java:getPolicyInternal(86)) - Create container placement policy of type org.apache.hadoop.hdds.scm.container.placement.algorithms.SCMContainerPlacementRackScatter
2023-07-05 13:44:31,684 [Time-limited test] INFO  ha.SCMServiceManager (SCMServiceManager.java:register(42)) - Registering service BackgroundPipelineCreator.
2023-07-05 13:44:31,684 [Time-limited test] INFO  pipeline.BackgroundPipelineCreator (BackgroundPipelineCreator.java:start(124)) - Starting RatisPipelineUtilsThread.
2023-07-05 13:44:31,685 [Time-limited test] INFO  BackgroundPipelineScrubber (BackgroundSCMService.java:start(68)) - Starting BackgroundPipelineScrubber Service.
2023-07-05 13:44:31,685 [Time-limited test] INFO  ha.SCMServiceManager (SCMServiceManager.java:register(42)) - Registering service BackgroundPipelineScrubber.
2023-07-05 13:44:31,685 [Time-limited test] INFO  ExpiredContainerReplicaOpScrubber (BackgroundSCMService.java:start(68)) - Starting ExpiredContainerReplicaOpScrubber Service.
2023-07-05 13:44:31,685 [Time-limited test] INFO  ha.SCMServiceManager (SCMServiceManager.java:register(42)) - Registering service ExpiredContainerReplicaOpScrubber.
2023-07-05 13:44:31,686 [Time-limited test] INFO  algorithms.PipelineChoosePolicyFactory (PipelineChoosePolicyFactory.java:createPipelineChoosePolicyFromClass(78)) - Create pipeline choose policy of type org.apache.hadoop.hdds.scm.pipeline.choose.algorithms.RandomPipelineChoosePolicy
2023-07-05 13:44:31,686 [Time-limited test] INFO  algorithms.PipelineChoosePolicyFactory (PipelineChoosePolicyFactory.java:createPipelineChoosePolicyFromClass(78)) - Create pipeline choose policy of type org.apache.hadoop.hdds.scm.pipeline.choose.algorithms.RandomPipelineChoosePolicy
2023-07-05 13:44:31,690 [Time-limited test] INFO  ha.SCMServiceManager (SCMServiceManager.java:register(42)) - Registering service SCMBlockDeletingService.
2023-07-05 13:44:31,692 [Time-limited test] INFO  replication.ReplicationManager (ReplicationManager.java:start(286)) - Starting Replication Monitor Thread.
2023-07-05 13:44:31,692 [Time-limited test] INFO  ha.SCMServiceManager (SCMServiceManager.java:register(42)) - Registering service ReplicationManager.
2023-07-05 13:44:31,693 [Time-limited test] INFO  safemode.ContainerSafeModeRule (ContainerSafeModeRule.java:<init>(89)) - containers with one replica threshold count 0
2023-07-05 13:44:31,693 [Time-limited test] INFO  safemode.HealthyPipelineSafeModeRule (HealthyPipelineSafeModeRule.java:initializeRule(169)) - Total pipeline count is 0, healthy pipeline threshold count is 1
2023-07-05 13:44:31,693 [Time-limited test] INFO  safemode.OneReplicaPipelineSafeModeRule (OneReplicaPipelineSafeModeRule.java:initializeRule(180)) - Total pipeline count is 0, pipeline's with at least one datanode reported threshold count is 0
2023-07-05 13:44:31,693 [Time-limited test] INFO  server.StorageContainerManager (StorageContainerManager.java:<init>(424)) - SCM start with adminUsers: [runner]
2023-07-05 13:44:31,694 [Time-limited test] INFO  ipc.CallQueueManager (CallQueueManager.java:<init>(90)) - Using callQueue: class java.util.concurrent.LinkedBlockingQueue, queueCapacity: 2000, scheduler: class org.apache.hadoop.ipc.DefaultRpcScheduler, ipcBackoff: false.
2023-07-05 13:44:31,694 [Time-limited test] INFO  ipc.Server (Server.java:<init>(1287)) - Listener at 0.0.0.0:15214
2023-07-05 13:44:31,694 [Socket Reader #1 for port 15214] INFO  ipc.Server (Server.java:run(1323)) - Starting Socket Reader #1 for port 15214
2023-07-05 13:44:31,695 [Time-limited test] INFO  ipc.CallQueueManager (CallQueueManager.java:<init>(90)) - Using callQueue: class java.util.concurrent.LinkedBlockingQueue, queueCapacity: 2000, scheduler: class org.apache.hadoop.ipc.DefaultRpcScheduler, ipcBackoff: false.
2023-07-05 13:44:31,695 [Time-limited test] INFO  ipc.Server (Server.java:<init>(1287)) - Listener at 0.0.0.0:15213
2023-07-05 13:44:31,696 [Socket Reader #1 for port 15213] INFO  ipc.Server (Server.java:run(1323)) - Starting Socket Reader #1 for port 15213
2023-07-05 13:44:31,696 [Time-limited test] INFO  ipc.CallQueueManager (CallQueueManager.java:<init>(90)) - Using callQueue: class java.util.concurrent.LinkedBlockingQueue, queueCapacity: 2000, scheduler: class org.apache.hadoop.ipc.DefaultRpcScheduler, ipcBackoff: false.
2023-07-05 13:44:31,697 [Time-limited test] INFO  ipc.Server (Server.java:<init>(1287)) - Listener at 0.0.0.0:15212
2023-07-05 13:44:31,697 [Socket Reader #1 for port 15212] INFO  ipc.Server (Server.java:run(1323)) - Starting Socket Reader #1 for port 15212
2023-07-05 13:44:31,701 [Time-limited test] INFO  ha.SCMServiceManager (SCMServiceManager.java:register(42)) - Registering service ContainerBalancer.
2023-07-05 13:44:31,701 [Time-limited test] INFO  server.StorageContainerManager (StorageContainerManager.java:<init>(437)) - 
Container Balancer status:
Key                            Value
Running                        false
Container Balancer Configuration values:
Key                                                Value
Threshold                                          10
Max Datanodes to Involve per Iteration(percent)    20
Max Size to Move per Iteration                     500GB
Max Size Entering Target per Iteration             26GB
Max Size Leaving Source per Iteration              26GB

2023-07-05 13:44:31,701 [Time-limited test] INFO  ha.SCMContext (SCMContext.java:updateSafeModeStatus(228)) - Update SafeModeStatus from SafeModeStatus{safeModeStatus=true, preCheckPassed=false} to SafeModeStatus{safeModeStatus=true, preCheckPassed=false}.
2023-07-05 13:44:31,701 [Time-limited test] INFO  server.StorageContainerManager (StorageContainerManager.java:start(1489)) - StorageContainerLocationProtocol RPC server is listening at /0.0.0.0:15212
2023-07-05 13:44:31,703 [ReplicationMonitor] INFO  replication.ReplicationManager (ReplicationManager.java:processAll(361)) - Replication Manager is not ready to run until 3000ms after safemode exit
2023-07-05 13:44:31,704 [Time-limited test] WARN  impl.MetricsConfig (MetricsConfig.java:loadFirst(136)) - Cannot locate configuration: tried hadoop-metrics2-storagecontainermanager.properties,hadoop-metrics2.properties
2023-07-05 13:44:31,704 [Time-limited test] INFO  impl.MetricsSystemImpl (MetricsSystemImpl.java:startTimer(378)) - Scheduled Metric snapshot period at 10 second(s).
2023-07-05 13:44:31,704 [Time-limited test] INFO  impl.MetricsSystemImpl (MetricsSystemImpl.java:start(191)) - StorageContainerManager metrics system started
2023-07-05 13:44:31,709 [Time-limited test] INFO  impl.MetricsSinkAdapter (MetricsSinkAdapter.java:start(204)) - Sink prometheus started
2023-07-05 13:44:31,709 [Time-limited test] INFO  impl.MetricsSystemImpl (MetricsSystemImpl.java:registerSink(305)) - Registered sink prometheus
2023-07-05 13:44:31,728 [Time-limited test] INFO  server.SCMClientProtocolServer (SCMClientProtocolServer.java:start(200)) - RPC server for Client  is listening at /0.0.0.0:15212
2023-07-05 13:44:31,728 [IPC Server Responder] INFO  ipc.Server (Server.java:run(1562)) - IPC Server Responder: starting
2023-07-05 13:44:31,728 [IPC Server listener on 15212] INFO  ipc.Server (Server.java:run(1402)) - IPC Server listener on 15212: starting
2023-07-05 13:44:31,730 [Time-limited test] INFO  server.StorageContainerManager (StorageContainerManager.java:start(1502)) - ScmBlockLocationProtocol RPC server is listening at /0.0.0.0:15213
2023-07-05 13:44:31,730 [Time-limited test] INFO  server.SCMBlockProtocolServer (SCMBlockProtocolServer.java:start(152)) - RPC server for Block Protocol is listening at /0.0.0.0:15213
2023-07-05 13:44:31,733 [IPC Server Responder] INFO  ipc.Server (Server.java:run(1562)) - IPC Server Responder: starting
2023-07-05 13:44:31,733 [IPC Server listener on 15213] INFO  ipc.Server (Server.java:run(1402)) - IPC Server listener on 15213: starting
2023-07-05 13:44:31,734 [Time-limited test] INFO  server.SCMDatanodeProtocolServer (SCMDatanodeProtocolServer.java:start(193)) - ScmDatanodeProtocol RPC server for DataNodes is listening at /0.0.0.0:15214
2023-07-05 13:44:31,735 [IPC Server Responder] INFO  ipc.Server (Server.java:run(1562)) - IPC Server Responder: starting
2023-07-05 13:44:31,735 [IPC Server listener on 15214] INFO  ipc.Server (Server.java:run(1402)) - IPC Server listener on 15214: starting
2023-07-05 13:44:31,772 [JvmPauseMonitor28] INFO  util.JvmPauseMonitor (JvmPauseMonitor.java:run(103)) - JvmPauseMonitor-40f98b6b-b254-429a-9c01-9c1c9de02ae2: Started
2023-07-05 13:44:31,773 [Time-limited test] INFO  http.BaseHttpServer (BaseHttpServer.java:newHttpServer2BuilderForOzone(224)) - Starting Web-server for scm at: http://0.0.0.0:15215
2023-07-05 13:44:31,773 [Time-limited test] INFO  http.BaseHttpServer (BaseHttpServer.java:<init>(111)) - Hadoop Security Enabled: false Ozone Security Enabled: false Ozone HTTP Security Enabled: false 
2023-07-05 13:44:31,774 [Time-limited test] WARN  server.AuthenticationFilter (AuthenticationFilter.java:constructSecretProvider(240)) - Unable to initialize FileSignerSecretProvider, falling back to use random secrets. Reason: Could not read signature secret file: /home/runner/hadoop-http-auth-signature-secret
2023-07-05 13:44:31,777 [Time-limited test] INFO  http.HttpRequestLog (HttpRequestLog.java:getRequestLog(86)) - Http request log for http.requests.scm is not defined
2023-07-05 13:44:31,779 [Time-limited test] INFO  http.HttpServer2 (HttpServer2.java:addGlobalFilter(1031)) - Added global filter 'safety' (class=org.apache.hadoop.hdds.server.http.HttpServer2$QuotingInputFilter)
2023-07-05 13:44:31,779 [Time-limited test] INFO  http.HttpServer2 (HttpServer2.java:addFilter(1007)) - Added filter static_user_filter (class=org.apache.hadoop.http.lib.StaticUserWebFilter$StaticUserFilter) to context scm
2023-07-05 13:44:31,779 [Time-limited test] INFO  http.HttpServer2 (HttpServer2.java:addFilter(1015)) - Added filter static_user_filter (class=org.apache.hadoop.http.lib.StaticUserWebFilter$StaticUserFilter) to context static
2023-07-05 13:44:31,779 [Time-limited test] INFO  http.HttpServer2 (HttpServer2.java:addFilter(1015)) - Added filter static_user_filter (class=org.apache.hadoop.http.lib.StaticUserWebFilter$StaticUserFilter) to context logs
2023-07-05 13:44:31,780 [Time-limited test] INFO  http.BaseHttpServer (BaseHttpServer.java:<init>(190)) - HTTP server of scm uses base directory /home/runner/work/ozone/ozone/hadoop-ozone/integration-test/target/test-dir/MiniOzoneClusterImpl-5a349b9d-530c-474e-9da9-45562981beee/ozone-meta/webserver
2023-07-05 13:44:31,780 [Time-limited test] INFO  http.HttpServer2 (HttpServer2.java:bindListener(1250)) - Jetty bound to port 15215
2023-07-05 13:44:31,780 [Time-limited test] INFO  server.Server (Server.java:doStart(375)) - jetty-9.4.51.v20230217; built: 2023-02-17T08:19:37.309Z; git: b45c405e4544384de066f814ed42ae3dceacdd49; jvm 1.8.0_372-b07
2023-07-05 13:44:31,790 [Time-limited test] INFO  server.session (DefaultSessionIdManager.java:doStart(334)) - DefaultSessionIdManager workerName=node0
2023-07-05 13:44:31,791 [Time-limited test] INFO  server.session (DefaultSessionIdManager.java:doStart(339)) - No SessionScavenger set, using defaults
2023-07-05 13:44:31,791 [Time-limited test] INFO  server.session (HouseKeeper.java:startScavenging(132)) - node0 Scavenging every 600000ms
2023-07-05 13:44:31,791 [Time-limited test] INFO  handler.ContextHandler (ContextHandler.java:doStart(921)) - Started o.e.j.s.ServletContextHandler@742b985{logs,/logs,file:///home/runner/work/ozone/ozone/hadoop-ozone/integration-test/target/log,AVAILABLE}
2023-07-05 13:44:31,792 [Time-limited test] INFO  handler.ContextHandler (ContextHandler.java:doStart(921)) - Started o.e.j.s.ServletContextHandler@1d3fc65{static,/static,file:///home/runner/work/ozone/ozone/hadoop-ozone/integration-test/target/test-classes/webapps/static,AVAILABLE}
2023-07-05 13:44:31,794 [Time-limited test] INFO  handler.ContextHandler (ContextHandler.java:doStart(921)) - Started o.e.j.w.WebAppContext@32cac3c2{scm,/,file:///home/runner/work/ozone/ozone/hadoop-ozone/integration-test/target/test-classes/webapps/scm/,AVAILABLE}{file:/home/runner/work/ozone/ozone/hadoop-ozone/integration-test/target/test-classes/webapps/scm}
2023-07-05 13:44:31,803 [Time-limited test] INFO  server.AbstractConnector (AbstractConnector.java:doStart(333)) - Started ServerConnector@e8edcb7{HTTP/1.1, (http/1.1)}{0.0.0.0:15215}
2023-07-05 13:44:31,803 [Time-limited test] INFO  server.Server (Server.java:doStart(415)) - Started @181090ms
2023-07-05 13:44:31,803 [Time-limited test] WARN  impl.MetricsSystemImpl (MetricsSystemImpl.java:register(279)) - Sink prometheus already exists!
2023-07-05 13:44:31,804 [Time-limited test] INFO  http.BaseHttpServer (BaseHttpServer.java:updateConnectorAddress(344)) - HTTP server of scm listening at http://0.0.0.0:15215
2023-07-05 13:44:31,804 [Time-limited test] WARN  server.ServerUtils (ServerUtils.java:getDBPath(311)) - ozone.om.db.dirs is not configured. We recommend adding this setting. Falling back to ozone.metadata.dirs instead.
2023-07-05 13:44:31,807 [Time-limited test] INFO  ha.OMHANodeDetails (OMHANodeDetails.java:loadOMHAConfig(115)) - ozone.om.internal.service.id is not defined, falling back to ozone.om.service.ids to find serviceID for OzoneManager if it is HA enabled cluster
2023-07-05 13:44:31,807 [Time-limited test] INFO  ha.OMHANodeDetails (OMHANodeDetails.java:loadOMHAConfig(226)) - Configuration does not have ozone.om.address set. Falling back to the default OM address /127.0.0.1:15216
2023-07-05 13:44:31,807 [Time-limited test] INFO  ha.OMHANodeDetails (OMHANodeDetails.java:getOMNodeDetailsForNonHA(254)) - OM Service ID is not set. Setting it to the default ID: omServiceIdDefault
2023-07-05 13:44:31,807 [Time-limited test] INFO  ha.OMHANodeDetails (OMHANodeDetails.java:getOMNodeDetailsForNonHA(261)) - OM Node ID is not set. Setting it to the default ID: om1
2023-07-05 13:44:31,807 [Time-limited test] WARN  server.ServerUtils (ServerUtils.java:getDBPath(311)) - ozone.om.db.dirs is not configured. We recommend adding this setting. Falling back to ozone.metadata.dirs instead.
2023-07-05 13:44:31,809 [Time-limited test] INFO  upgrade.AbstractLayoutVersionManager (AbstractLayoutVersionManager.java:init(83)) - Initializing Layout version manager with metadata layout = QUOTA (version = 6), software layout = QUOTA (version = 6)
2023-07-05 13:44:31,903 [Time-limited test] INFO  reflections.Reflections (Reflections.java:scan(232)) - Reflections took 93 ms to scan 2 urls, producing 186 keys and 508 values [using 2 cores]
2023-07-05 13:44:31,904 [Time-limited test] INFO  upgrade.OMLayoutVersionManager (OMLayoutVersionManager.java:lambda$0(115)) - Skipping Upgrade Action MockOmUpgradeAction since it has been finalized.
2023-07-05 13:44:31,904 [Time-limited test] INFO  upgrade.OMLayoutVersionManager (OMLayoutVersionManager.java:lambda$0(115)) - Skipping Upgrade Action QuotaRepairUpgradeAction since it has been finalized.
2023-07-05 13:44:31,904 [Time-limited test] WARN  server.ServerUtils (ServerUtils.java:getDBPath(311)) - ozone.om.db.dirs is not configured. We recommend adding this setting. Falling back to ozone.metadata.dirs instead.
2023-07-05 13:44:31,905 [Time-limited test] INFO  proxy.SCMBlockLocationFailoverProxyProvider (SCMBlockLocationFailoverProxyProvider.java:<init>(114)) - Created block location fail-over proxy with 1 nodes: [nodeId=scmNodeId,nodeAddress=/0.0.0.0:15213]
2023-07-05 13:44:31,907 [Time-limited test] INFO  proxy.SCMBlockLocationFailoverProxyProvider (SCMBlockLocationFailoverProxyProvider.java:<init>(114)) - Created block location fail-over proxy with 1 nodes: [nodeId=scmNodeId,nodeAddress=/0.0.0.0:15213]
2023-07-05 13:44:31,914 [Time-limited test] INFO  om.OzoneManager (OzoneManager.java:<init>(658)) - OM start with adminUsers: [runner]
2023-07-05 13:44:31,915 [Time-limited test] WARN  server.ServerUtils (ServerUtils.java:getDBPath(311)) - ozone.om.db.dirs is not configured. We recommend adding this setting. Falling back to ozone.metadata.dirs instead.
2023-07-05 13:44:31,915 [Time-limited test] INFO  helpers.OmKeyInfo (OmKeyInfo.java:getCodec(71)) - OmKeyInfo.getCodec ignorePipeline = true
2023-07-05 13:44:32,134 [Time-limited test] INFO  om.OzoneManager (OzoneManager.java:instantiateServices(787)) - S3 Multi-Tenancy is disabled
2023-07-05 13:44:32,135 [Time-limited test] INFO  om.OmSnapshotManager (OmSnapshotManager.java:<init>(175)) - Ozone filesystem snapshot feature is enabled.
2023-07-05 13:44:32,135 [Time-limited test] WARN  server.ServerUtils (ServerUtils.java:getDBPath(311)) - ozone.om.snapshot.diff.db.dir is not configured. We recommend adding this setting. Falling back to ozone.metadata.dirs instead.
2023-07-05 13:44:32,164 [Time-limited test] INFO  snapshot.SnapshotDiffManager (SnapshotDiffManager.java:closeExecutorService(1699)) - Shutting down executorService: 'SstDumpToolExecutor'
2023-07-05 13:44:32,167 [Time-limited test] INFO  om.OzoneManager (OzoneManager.java:addS3GVolumeToDB(4298)) - Created Volume s3v With Owner runner required for S3Gateway operations.
2023-07-05 13:44:32,167 [Time-limited test] WARN  server.ServerUtils (ServerUtils.java:getDefaultRatisDirectory(323)) - Storage directory for Ratis is not configured. It is a good idea to map this to an SSD disk. Falling back to ozone.metadata.dirs
2023-07-05 13:44:32,168 [Time-limited test] WARN  utils.OzoneManagerRatisUtils (OzoneManagerRatisUtils.java:getOMRatisSnapshotDirectory(461)) - ozone.om.ratis.snapshot.dir is not configured. Falling back to ozone.metadata.dirs config
2023-07-05 13:44:32,168 [Time-limited test] WARN  server.ServerUtils (ServerUtils.java:getDefaultRatisDirectory(323)) - Storage directory for Ratis is not configured. It is a good idea to map this to an SSD disk. Falling back to ozone.metadata.dirs
2023-07-05 13:44:32,172 [Time-limited test] INFO  ratis.OzoneManagerRatisServer (OzoneManagerRatisServer.java:<init>(163)) - Instantiating OM Ratis server with groupID: omServiceIdDefault and peers: localhost:15219
2023-07-05 13:44:32,173 [Time-limited test] INFO  ratis.OzoneManagerStateMachine (OzoneManagerStateMachine.java:loadSnapshotInfoFromDB(670)) - LastAppliedIndex is set from TransactionInfo from OM DB as (t:0, i:~)
2023-07-05 13:44:32,174 [Time-limited test] INFO  server.RaftServer (ConfUtils.java:logGet(46)) - raft.rpc.type = GRPC (default)
2023-07-05 13:44:32,174 [Time-limited test] INFO  grpc.GrpcConfigKeys (ConfUtils.java:logFallback(53)) - raft.grpc.admin.host = null (fallback to raft.grpc.server.host)
2023-07-05 13:44:32,177 [Time-limited test] INFO  grpc.GrpcConfigKeys (ConfUtils.java:logFallback(53)) - raft.grpc.admin.port = 15219 (fallback to raft.grpc.server.port)
2023-07-05 13:44:32,177 [Time-limited test] INFO  grpc.GrpcConfigKeys (ConfUtils.java:logFallback(53)) - raft.grpc.client.host = null (fallback to raft.grpc.server.host)
2023-07-05 13:44:32,177 [Time-limited test] INFO  grpc.GrpcConfigKeys (ConfUtils.java:logFallback(53)) - raft.grpc.client.port = 15219 (fallback to raft.grpc.server.port)
2023-07-05 13:44:32,177 [Time-limited test] INFO  grpc.GrpcConfigKeys (ConfUtils.java:logGet(46)) - raft.grpc.server.host = null (default)
2023-07-05 13:44:32,177 [Time-limited test] INFO  grpc.GrpcConfigKeys (ConfUtils.java:logGet(46)) - raft.grpc.server.port = 15219 (custom)
2023-07-05 13:44:32,177 [Time-limited test] INFO  server.GrpcService (ConfUtils.java:logGet(46)) - raft.grpc.message.size.max = 33554432 (custom)
2023-07-05 13:44:32,177 [Time-limited test] INFO  server.RaftServerConfigKeys (ConfUtils.java:logGet(46)) - raft.server.log.appender.buffer.byte-limit = 33554432 (custom)
2023-07-05 13:44:32,177 [Time-limited test] INFO  server.GrpcService (ConfUtils.java:logGet(46)) - raft.grpc.flow.control.window = 1MB (=1048576) (default)
2023-07-05 13:44:32,177 [Time-limited test] INFO  server.RaftServerConfigKeys (ConfUtils.java:logGet(46)) - raft.server.rpc.request.timeout = 3000ms (default)
2023-07-05 13:44:32,177 [Time-limited test] INFO  grpc.GrpcConfigKeys (ConfUtils.java:logGet(46)) - raft.grpc.server.heartbeat.channel = true (default)
2023-07-05 13:44:32,177 [Time-limited test] INFO  grpc.GrpcConfigKeys (ConfUtils.java:logGet(46)) - raft.grpc.server.async.request.thread.pool.cached = true (default)
2023-07-05 13:44:32,178 [Time-limited test] INFO  grpc.GrpcConfigKeys (ConfUtils.java:logGet(46)) - raft.grpc.server.async.request.thread.pool.size = 32 (default)
2023-07-05 13:44:32,179 [Time-limited test] INFO  impl.DataStreamServerImpl (ConfUtils.java:logGet(46)) - raft.datastream.type = DISABLED (default)
2023-07-05 13:44:32,180 [Time-limited test] INFO  server.RaftServerConfigKeys (ConfUtils.java:logGet(46)) - raft.server.threadpool.proxy.cached = true (default)
2023-07-05 13:44:32,180 [Time-limited test] INFO  server.RaftServerConfigKeys (ConfUtils.java:logGet(46)) - raft.server.threadpool.proxy.size = 0 (default)
2023-07-05 13:44:32,180 [Time-limited test] INFO  server.RaftServerConfigKeys (ConfUtils.java:logGet(46)) - raft.server.rpc.slowness.timeout = 120s (custom)
2023-07-05 13:44:32,180 [Time-limited test] INFO  server.RaftServerConfigKeys (ConfUtils.java:logGet(46)) - raft.server.leaderelection.leader.step-down.wait-time = 10s (default)
2023-07-05 13:44:32,180 [Time-limited test] INFO  server.RaftServerConfigKeys (ConfUtils.java:logGet(46)) - raft.server.storage.dir = [/home/runner/work/ozone/ozone/hadoop-ozone/integration-test/target/test-dir/MiniOzoneClusterImpl-5a349b9d-530c-474e-9da9-45562981beee/ozone-meta/ratis] (custom)
2023-07-05 13:44:32,181 [Time-limited test] INFO  server.RaftServer (RaftServerProxy.java:addNew(98)) - om1: addNew group-C5BA1605619E:[om1|rpc:localhost:15219|priority:0|startupRole:FOLLOWER] returns group-C5BA1605619E:java.util.concurrent.CompletableFuture@25f477a2[Not completed]
2023-07-05 13:44:32,181 [Time-limited test] INFO  om.OzoneManager (OzoneManager.java:initializeRatisServer(2139)) - OzoneManager Ratis server initialized at port 15219
2023-07-05 13:44:32,181 [om1-groupManagement] INFO  server.RaftServer$Division (RaftServerImpl.java:<init>(198)) - om1: new RaftServerImpl for group-C5BA1605619E:[om1|rpc:localhost:15219|priority:0|startupRole:FOLLOWER] with OzoneManagerStateMachine:uninitialized
2023-07-05 13:44:32,181 [Time-limited test] INFO  om.OzoneManager (OzoneManager.java:getRpcServer(1187)) - Creating RPC Server
2023-07-05 13:44:32,181 [om1-groupManagement] INFO  server.RaftServerConfigKeys (ConfUtils.java:logGet(46)) - raft.server.rpc.timeout.min = 1s (custom)
2023-07-05 13:44:32,181 [om1-groupManagement] INFO  server.RaftServerConfigKeys (ConfUtils.java:logGet(46)) - raft.server.rpc.timeout.max = 1200ms (custom)
2023-07-05 13:44:32,181 [om1-groupManagement] INFO  server.RaftServerConfigKeys (ConfUtils.java:logGet(46)) - raft.server.rpc.sleep.time = 25ms (default)
2023-07-05 13:44:32,181 [om1-groupManagement] INFO  server.RaftServerConfigKeys (ConfUtils.java:logGet(46)) - raft.server.rpc.slowness.timeout = 120s (custom)
2023-07-05 13:44:32,181 [om1-groupManagement] INFO  server.RaftServerConfigKeys (ConfUtils.java:logGet(46)) - raft.server.leaderelection.leader.step-down.wait-time = 10s (default)
2023-07-05 13:44:32,181 [om1-groupManagement] INFO  server.RaftServerConfigKeys (ConfUtils.java:logGet(46)) - raft.server.sleep.deviation.threshold = 300ms (default)
2023-07-05 13:44:32,181 [om1-groupManagement] INFO  server.RaftServer$Division (ServerState.java:<init>(120)) - om1@group-C5BA1605619E: ConfigurationManager, init=-1: peers:[om1|rpc:localhost:15219|priority:0|startupRole:FOLLOWER]|listeners:[], old=null, confs=<EMPTY_MAP>
2023-07-05 13:44:32,181 [om1-groupManagement] INFO  server.RaftServerConfigKeys (ConfUtils.java:logGet(46)) - raft.server.storage.dir = [/home/runner/work/ozone/ozone/hadoop-ozone/integration-test/target/test-dir/MiniOzoneClusterImpl-5a349b9d-530c-474e-9da9-45562981beee/ozone-meta/ratis] (custom)
2023-07-05 13:44:32,182 [om1-groupManagement] INFO  server.RaftServerConfigKeys (ConfUtils.java:logGet(46)) - raft.server.log.corruption.policy = EXCEPTION (default)
2023-07-05 13:44:32,182 [om1-groupManagement] INFO  server.RaftServerConfigKeys (ConfUtils.java:logGet(46)) - raft.server.storage.free-space.min = 0MB (=0) (default)
2023-07-05 13:44:32,185 [om1-groupManagement] INFO  server.RaftServerConfigKeys (ConfUtils.java:logGet(46)) - raft.server.notification.no-leader.timeout = 120s (custom)
2023-07-05 13:44:32,185 [om1-groupManagement] INFO  server.RaftServerConfigKeys (ConfUtils.java:logGet(46)) - raft.server.read.timeout = 10s (default)
2023-07-05 13:44:32,186 [om1-groupManagement] INFO  server.RaftServerConfigKeys (ConfUtils.java:logGet(46)) - raft.server.retrycache.expirytime = 300s (custom)
2023-07-05 13:44:32,186 [om1-groupManagement] INFO  server.RaftServerConfigKeys (ConfUtils.java:logGet(46)) - raft.server.retrycache.statistics.expirytime = 100μs (default)
2023-07-05 13:44:32,186 [om1-groupManagement] INFO  server.RaftServerConfigKeys (ConfUtils.java:logGet(46)) - raft.server.read.option = DEFAULT (default)
2023-07-05 13:44:32,186 [om1-groupManagement] INFO  server.RaftServerConfigKeys (ConfUtils.java:logGet(46)) - raft.server.rpc.request.timeout = 3000ms (default)
2023-07-05 13:44:32,186 [om1-groupManagement] INFO  server.RaftServerConfigKeys (ConfUtils.java:logGet(46)) - raft.server.log.appender.install.snapshot.enabled = false (custom)
2023-07-05 13:44:32,186 [om1-groupManagement] INFO  server.RaftServerConfigKeys (ConfUtils.java:logGet(46)) - raft.server.threadpool.server.cached = true (default)
2023-07-05 13:44:32,186 [om1-groupManagement] INFO  server.RaftServerConfigKeys (ConfUtils.java:logGet(46)) - raft.server.threadpool.server.size = 0 (default)
2023-07-05 13:44:32,186 [om1-groupManagement] INFO  server.RaftServerConfigKeys (ConfUtils.java:logGet(46)) - raft.server.threadpool.client.cached = true (default)
2023-07-05 13:44:32,186 [om1-groupManagement] INFO  server.RaftServerConfigKeys (ConfUtils.java:logGet(46)) - raft.server.threadpool.client.size = 0 (default)
2023-07-05 13:44:32,591 [Time-limited test] INFO  reflections.Reflections (Reflections.java:scan(232)) - Reflections took 409 ms to scan 19 urls, producing 70 keys and 5514 values [using 2 cores]
2023-07-05 13:44:32,593 [Time-limited test] INFO  ipc.CallQueueManager (CallQueueManager.java:<init>(90)) - Using callQueue: class java.util.concurrent.LinkedBlockingQueue, queueCapacity: 2000, scheduler: class org.apache.hadoop.ipc.DefaultRpcScheduler, ipcBackoff: false.
2023-07-05 13:44:32,593 [Time-limited test] INFO  ipc.Server (Server.java:<init>(1287)) - Listener at 127.0.0.1:15216
2023-07-05 13:44:32,593 [Socket Reader #1 for port 15216] INFO  ipc.Server (Server.java:run(1323)) - Starting Socket Reader #1 for port 15216
2023-07-05 13:44:32,617 [Time-limited test] INFO  impl.MetricsSystemImpl (MetricsSystemImpl.java:init(158)) - OzoneManager metrics system started (again)
2023-07-05 13:44:32,628 [Time-limited test] INFO  om.OzoneManager (OzoneManager.java:start(1617)) - OzoneManager RPC server is listening at localhost/127.0.0.1:15216
2023-07-05 13:44:32,629 [Time-limited test] INFO  ratis.OzoneManagerRatisServer (OzoneManagerRatisServer.java:start(558)) - Starting OzoneManagerRatisServer om1 at port 15219
2023-07-05 13:44:32,629 [om1-impl-thread1] INFO  storage.RaftStorageDirectory (RaftStorageDirectoryImpl.java:analyzeStorage(137)) - The storage directory /home/runner/work/ozone/ozone/hadoop-ozone/integration-test/target/test-dir/MiniOzoneClusterImpl-5a349b9d-530c-474e-9da9-45562981beee/ozone-meta/ratis/bf265839-605b-3f16-9796-c5ba1605619e does not exist. Creating ...
2023-07-05 13:44:32,630 [om1-impl-thread1] INFO  storage.RaftStorageDirectory (RaftStorageDirectoryImpl.java:tryLock(231)) - Lock on /home/runner/work/ozone/ozone/hadoop-ozone/integration-test/target/test-dir/MiniOzoneClusterImpl-5a349b9d-530c-474e-9da9-45562981beee/ozone-meta/ratis/bf265839-605b-3f16-9796-c5ba1605619e/in_use.lock acquired by nodename 25537@fv-az264-29
2023-07-05 13:44:32,632 [om1-impl-thread1] INFO  storage.RaftStorage (RaftStorageImpl.java:format(96)) - Storage directory /home/runner/work/ozone/ozone/hadoop-ozone/integration-test/target/test-dir/MiniOzoneClusterImpl-5a349b9d-530c-474e-9da9-45562981beee/ozone-meta/ratis/bf265839-605b-3f16-9796-c5ba1605619e has been successfully formatted.
2023-07-05 13:44:32,632 [om1-impl-thread1] INFO  server.RaftServerConfigKeys (ConfUtils.java:logGet(46)) - raft.server.log.use.memory = false (default)
2023-07-05 13:44:32,632 [om1-impl-thread1] INFO  server.RaftServerConfigKeys (ConfUtils.java:logGet(46)) - raft.server.log.purge.gap = 1000000 (custom)
2023-07-05 13:44:32,632 [om1-impl-thread1] INFO  server.RaftServerConfigKeys (ConfUtils.java:logGet(46)) - raft.server.log.appender.buffer.byte-limit = 33554432 (custom)
2023-07-05 13:44:32,632 [om1-impl-thread1] INFO  server.RaftServerConfigKeys (ConfUtils.java:logGet(46)) - raft.server.log.statemachine.data.read.timeout = 1000ms (default)
2023-07-05 13:44:32,632 [om1-impl-thread1] INFO  server.RaftServerConfigKeys (ConfUtils.java:logGet(46)) - raft.server.log.purge.preservation.log.num = 0 (default)
2023-07-05 13:44:32,632 [om1-impl-thread1] INFO  server.RaftServerConfigKeys (ConfUtils.java:logGet(46)) - raft.server.log.segment.size.max = 4194304 (custom)
2023-07-05 13:44:32,632 [om1-impl-thread1] INFO  server.RaftServerConfigKeys (ConfUtils.java:logGet(46)) - raft.server.log.segment.cache.num.max = 2 (custom)
2023-07-05 13:44:32,633 [om1-impl-thread1] INFO  server.RaftServerConfigKeys (ConfUtils.java:logGet(46)) - raft.server.log.segment.cache.size.max = 200MB (=209715200) (default)
2023-07-05 13:44:32,633 [om1-impl-thread1] INFO  server.RaftServerConfigKeys (ConfUtils.java:logGet(46)) - raft.server.log.appender.buffer.byte-limit = 33554432 (custom)
2023-07-05 13:44:32,633 [om1-impl-thread1] INFO  segmented.SegmentedRaftLogWorker (SegmentedRaftLogWorker.java:<init>(188)) - new om1@group-C5BA1605619E-SegmentedRaftLogWorker for RaftStorageImpl:Storage Directory /home/runner/work/ozone/ozone/hadoop-ozone/integration-test/target/test-dir/MiniOzoneClusterImpl-5a349b9d-530c-474e-9da9-45562981beee/ozone-meta/ratis/bf265839-605b-3f16-9796-c5ba1605619e
2023-07-05 13:44:32,633 [om1-impl-thread1] INFO  server.RaftServerConfigKeys (ConfUtils.java:logGet(46)) - raft.server.log.queue.byte-limit = 64MB (=67108864) (default)
2023-07-05 13:44:32,633 [om1-impl-thread1] INFO  server.RaftServerConfigKeys (ConfUtils.java:logGet(46)) - raft.server.log.queue.element-limit = 4096 (default)
2023-07-05 13:44:32,633 [om1-impl-thread1] INFO  server.RaftServerConfigKeys (ConfUtils.java:logGet(46)) - raft.server.log.segment.size.max = 4194304 (custom)
2023-07-05 13:44:32,633 [om1-impl-thread1] INFO  server.RaftServerConfigKeys (ConfUtils.java:logGet(46)) - raft.server.log.preallocated.size = 4194304 (custom)
2023-07-05 13:44:32,633 [om1-impl-thread1] INFO  server.RaftServerConfigKeys (ConfUtils.java:logGet(46)) - raft.server.log.force.sync.num = 128 (default)
2023-07-05 13:44:32,633 [om1-impl-thread1] INFO  server.RaftServerConfigKeys (ConfUtils.java:logGet(46)) - raft.server.log.statemachine.data.sync = true (default)
2023-07-05 13:44:32,633 [om1-impl-thread1] INFO  server.RaftServerConfigKeys (ConfUtils.java:logGet(46)) - raft.server.log.statemachine.data.sync.timeout = 10s (default)
2023-07-05 13:44:32,633 [om1-impl-thread1] INFO  server.RaftServerConfigKeys (ConfUtils.java:logGet(46)) - raft.server.log.statemachine.data.sync.timeout.retry = -1 (default)
2023-07-05 13:44:32,633 [om1-impl-thread1] INFO  server.RaftServerConfigKeys (ConfUtils.java:logGet(46)) - raft.server.log.write.buffer.size = 64KB (=65536) (default)
2023-07-05 13:44:32,633 [om1-impl-thread1] INFO  server.RaftServerConfigKeys (ConfUtils.java:logGet(46)) - raft.server.log.appender.buffer.byte-limit = 33554432 (custom)
2023-07-05 13:44:32,638 [om1-impl-thread1] INFO  server.RaftServerConfigKeys (ConfUtils.java:logGet(46)) - raft.server.log.unsafe-flush.enabled = false (default)
2023-07-05 13:44:32,638 [om1-impl-thread1] INFO  server.RaftServerConfigKeys (ConfUtils.java:logGet(46)) - raft.server.log.async-flush.enabled = false (default)
2023-07-05 13:44:32,638 [om1-impl-thread1] INFO  server.RaftServerConfigKeys (ConfUtils.java:logGet(46)) - raft.server.log.statemachine.data.caching.enabled = false (default)
2023-07-05 13:44:32,639 [om1-impl-thread1] INFO  segmented.SegmentedRaftLogWorker (SegmentedRaftLogWorker.java:lambda$new$0(135)) - om1@group-C5BA1605619E-SegmentedRaftLogWorker: flushIndex: setUnconditionally 0 -> -1
2023-07-05 13:44:32,639 [om1-impl-thread1] INFO  segmented.SegmentedRaftLogWorker (SegmentedRaftLogWorker.java:lambda$new$0(135)) - om1@group-C5BA1605619E-SegmentedRaftLogWorker: safeCacheEvictIndex: setUnconditionally 0 -> -1
2023-07-05 13:44:32,639 [om1-impl-thread1] INFO  server.RaftServer$Division (RaftServerImpl.java:start(342)) - om1@group-C5BA1605619E: start as a follower, conf=-1: peers:[om1|rpc:localhost:15219|priority:0|startupRole:FOLLOWER]|listeners:[], old=null
2023-07-05 13:44:32,639 [om1-impl-thread1] INFO  server.RaftServer$Division (RaftServerImpl.java:setRole(329)) - om1@group-C5BA1605619E: changes role from      null to FOLLOWER at term 0 for startAsFollower
2023-07-05 13:44:32,639 [om1-impl-thread1] INFO  impl.RoleInfo (RoleInfo.java:updateAndGet(139)) - om1: start om1@group-C5BA1605619E-FollowerState
2023-07-05 13:44:32,639 [om1-impl-thread1] INFO  util.JmxRegister (JmxRegister.java:tryRegister(44)) - Successfully registered JMX Bean with object name Ratis:service=RaftServer,group=group-C5BA1605619E,id=om1
2023-07-05 13:44:32,639 [om1@group-C5BA1605619E-FollowerState] INFO  server.RaftServerConfigKeys (ConfUtils.java:logFallback(53)) - raft.server.rpc.first-election.timeout.min = 1s (fallback to raft.server.rpc.timeout.min)
2023-07-05 13:44:32,640 [om1-impl-thread1] INFO  server.RaftServerConfigKeys (ConfUtils.java:logGet(46)) - raft.server.snapshot.auto.trigger.enabled = true (custom)
2023-07-05 13:44:32,640 [om1@group-C5BA1605619E-FollowerState] INFO  server.RaftServerConfigKeys (ConfUtils.java:logFallback(53)) - raft.server.rpc.first-election.timeout.max = 1200ms (fallback to raft.server.rpc.timeout.max)
2023-07-05 13:44:32,640 [om1-impl-thread1] INFO  server.RaftServerConfigKeys (ConfUtils.java:logGet(46)) - raft.server.snapshot.auto.trigger.threshold = 400000 (default)
2023-07-05 13:44:32,640 [om1-impl-thread1] INFO  server.RaftServerConfigKeys (ConfUtils.java:logGet(46)) - raft.server.snapshot.retention.file.num = -1 (default)
2023-07-05 13:44:32,640 [om1-impl-thread1] INFO  server.RaftServerConfigKeys (ConfUtils.java:logGet(46)) - raft.server.log.purge.upto.snapshot.index = true (custom)
2023-07-05 13:44:32,640 [Time-limited test] INFO  server.RaftServer (RaftServerProxy.java:startImpl(400)) - om1: start RPC server
2023-07-05 13:44:32,642 [Time-limited test] INFO  server.GrpcService (GrpcService.java:startImpl(302)) - om1: GrpcService started, listening on 15219
2023-07-05 13:44:32,642 [JvmPauseMonitor29] INFO  util.JvmPauseMonitor (JvmPauseMonitor.java:run(103)) - JvmPauseMonitor-om1: Started
2023-07-05 13:44:32,642 [Time-limited test] INFO  om.OzoneManager (OzoneManager.java:start(1633)) - Version File has different layout version (6) than OM DB (null). That is expected if this OM has never been finalized to a newer layout version.
2023-07-05 13:44:32,646 [Time-limited test] INFO  http.BaseHttpServer (BaseHttpServer.java:newHttpServer2BuilderForOzone(224)) - Starting Web-server for ozoneManager at: http://0.0.0.0:15217
2023-07-05 13:44:32,646 [Time-limited test] INFO  http.BaseHttpServer (BaseHttpServer.java:<init>(111)) - Hadoop Security Enabled: false Ozone Security Enabled: false Ozone HTTP Security Enabled: false 
2023-07-05 13:44:32,647 [Time-limited test] WARN  server.AuthenticationFilter (AuthenticationFilter.java:constructSecretProvider(240)) - Unable to initialize FileSignerSecretProvider, falling back to use random secrets. Reason: Could not read signature secret file: /home/runner/hadoop-http-auth-signature-secret
2023-07-05 13:44:32,649 [Time-limited test] INFO  http.HttpRequestLog (HttpRequestLog.java:getRequestLog(86)) - Http request log for http.requests.ozoneManager is not defined
2023-07-05 13:44:32,650 [Time-limited test] INFO  http.HttpServer2 (HttpServer2.java:addGlobalFilter(1031)) - Added global filter 'safety' (class=org.apache.hadoop.hdds.server.http.HttpServer2$QuotingInputFilter)
2023-07-05 13:44:32,651 [Time-limited test] INFO  http.HttpServer2 (HttpServer2.java:addFilter(1007)) - Added filter static_user_filter (class=org.apache.hadoop.http.lib.StaticUserWebFilter$StaticUserFilter) to context ozoneManager
2023-07-05 13:44:32,651 [Time-limited test] INFO  http.HttpServer2 (HttpServer2.java:addFilter(1015)) - Added filter static_user_filter (class=org.apache.hadoop.http.lib.StaticUserWebFilter$StaticUserFilter) to context logs
2023-07-05 13:44:32,651 [Time-limited test] INFO  http.HttpServer2 (HttpServer2.java:addFilter(1015)) - Added filter static_user_filter (class=org.apache.hadoop.http.lib.StaticUserWebFilter$StaticUserFilter) to context static
2023-07-05 13:44:32,651 [Time-limited test] INFO  http.BaseHttpServer (BaseHttpServer.java:<init>(190)) - HTTP server of ozoneManager uses base directory /home/runner/work/ozone/ozone/hadoop-ozone/integration-test/target/test-dir/MiniOzoneClusterImpl-5a349b9d-530c-474e-9da9-45562981beee/ozone-meta/webserver
2023-07-05 13:44:32,652 [Time-limited test] INFO  http.HttpServer2 (HttpServer2.java:bindListener(1250)) - Jetty bound to port 15217
2023-07-05 13:44:32,652 [Time-limited test] INFO  server.Server (Server.java:doStart(375)) - jetty-9.4.51.v20230217; built: 2023-02-17T08:19:37.309Z; git: b45c405e4544384de066f814ed42ae3dceacdd49; jvm 1.8.0_372-b07
2023-07-05 13:44:32,662 [Time-limited test] INFO  server.session (DefaultSessionIdManager.java:doStart(334)) - DefaultSessionIdManager workerName=node0
2023-07-05 13:44:32,663 [Time-limited test] INFO  server.session (DefaultSessionIdManager.java:doStart(339)) - No SessionScavenger set, using defaults
2023-07-05 13:44:32,663 [Time-limited test] INFO  server.session (HouseKeeper.java:startScavenging(132)) - node0 Scavenging every 600000ms
2023-07-05 13:44:32,663 [Time-limited test] INFO  handler.ContextHandler (ContextHandler.java:doStart(921)) - Started o.e.j.s.ServletContextHandler@7b8c097e{logs,/logs,file:///home/runner/work/ozone/ozone/hadoop-ozone/integration-test/target/log,AVAILABLE}
2023-07-05 13:44:32,664 [Time-limited test] INFO  handler.ContextHandler (ContextHandler.java:doStart(921)) - Started o.e.j.s.ServletContextHandler@d9f0989{static,/static,file:///home/runner/work/ozone/ozone/hadoop-ozone/integration-test/target/test-classes/webapps/static,AVAILABLE}
2023-07-05 13:44:32,668 [Time-limited test] INFO  handler.ContextHandler (ContextHandler.java:doStart(921)) - Started o.e.j.w.WebAppContext@4e9aadd9{ozoneManager,/,file:///home/runner/work/ozone/ozone/hadoop-ozone/integration-test/target/test-classes/webapps/ozoneManager/,AVAILABLE}{file:/home/runner/work/ozone/ozone/hadoop-ozone/integration-test/target/test-classes/webapps/ozoneManager}
2023-07-05 13:44:32,670 [Time-limited test] INFO  server.AbstractConnector (AbstractConnector.java:doStart(333)) - Started ServerConnector@2329cb52{HTTP/1.1, (http/1.1)}{0.0.0.0:15217}
2023-07-05 13:44:32,670 [Time-limited test] INFO  server.Server (Server.java:doStart(415)) - Started @181957ms
2023-07-05 13:44:32,670 [Time-limited test] WARN  impl.MetricsSystemImpl (MetricsSystemImpl.java:register(279)) - Sink prometheus already exists!
2023-07-05 13:44:32,671 [Time-limited test] INFO  http.BaseHttpServer (BaseHttpServer.java:updateConnectorAddress(344)) - HTTP server of ozoneManager listening at http://0.0.0.0:15217
2023-07-05 13:44:32,674 [IPC Server Responder] INFO  ipc.Server (Server.java:run(1562)) - IPC Server Responder: starting
2023-07-05 13:44:32,674 [IPC Server listener on 15216] INFO  ipc.Server (Server.java:run(1402)) - IPC Server listener on 15216: starting
2023-07-05 13:44:32,681 [Time-limited test] INFO  om.OzoneManager (OzoneManager.java:startTrashEmptier(2092)) - Trash Interval set to 0. Files deleted won't move to trash
2023-07-05 13:44:32,700 [Time-limited test] WARN  impl.MetricRegistriesImpl (MetricRegistriesImpl.java:addReporterRegistration(111)) - New reporters are added after registries were created. Some metrics will be missing from the reporter. Please add reporter before adding any new registry.
2023-07-05 13:44:32,700 [Time-limited test] WARN  impl.MetricRegistriesImpl (MetricRegistriesImpl.java:addReporterRegistration(111)) - New reporters are added after registries were created. Some metrics will be missing from the reporter. Please add reporter before adding any new registry.
2023-07-05 13:44:32,700 [Time-limited test] INFO  impl.MetricsSystemImpl (MetricsSystemImpl.java:init(158)) - HddsDatanode metrics system started (again)
2023-07-05 13:44:32,703 [ReplicationMonitor] INFO  replication.ReplicationManager (ReplicationManager.java:processAll(361)) - Replication Manager is not ready to run until 3000ms after safemode exit
2023-07-05 13:44:32,713 [Time-limited test] INFO  ozone.HddsDatanodeService (HddsDatanodeService.java:start(237)) - HddsDatanodeService host:fv-az264-29.ca02foy5wcnuvlrvrz2wi3p2og.dx.internal.cloudapp.net ip:10.1.0.13
2023-07-05 13:44:32,741 [Time-limited test] INFO  upgrade.AbstractLayoutVersionManager (AbstractLayoutVersionManager.java:init(83)) - Initializing Layout version manager with metadata layout = HADOOP_PRC_PORTS_IN_DATANODEDETAILS (version = 7), software layout = HADOOP_PRC_PORTS_IN_DATANODEDETAILS (version = 7)
2023-07-05 13:44:32,742 [Time-limited test] INFO  statemachine.DatanodeStateMachine (DatanodeStateMachine.java:getEndPointTaskThreadPoolSize(279)) - Datanode State Machine Task Thread Pool size 2
2023-07-05 13:44:32,743 [Time-limited test] INFO  volume.HddsVolume (HddsVolume.java:<init>(133)) - Creating HddsVolume: /home/runner/work/ozone/ozone/hadoop-ozone/integration-test/target/test-dir/MiniOzoneClusterImpl-5a349b9d-530c-474e-9da9-45562981beee/datanode-0/data-0/containers/hdds of storage type : DISK capacity : 9223372036854775807
2023-07-05 13:44:32,744 [Time-limited test] INFO  volume.MutableVolumeSet (MutableVolumeSet.java:initializeVolumeSet(175)) - Added Volume : /home/runner/work/ozone/ozone/hadoop-ozone/integration-test/target/test-dir/MiniOzoneClusterImpl-5a349b9d-530c-474e-9da9-45562981beee/datanode-0/data-0/containers/hdds to VolumeSet
2023-07-05 13:44:32,744 [Time-limited test] INFO  volume.ThrottledAsyncChecker (ThrottledAsyncChecker.java:schedule(141)) - Scheduling a check for /home/runner/work/ozone/ozone/hadoop-ozone/integration-test/target/test-dir/MiniOzoneClusterImpl-5a349b9d-530c-474e-9da9-45562981beee/datanode-0/data-0/containers/hdds
2023-07-05 13:44:32,744 [Time-limited test] INFO  volume.StorageVolumeChecker (StorageVolumeChecker.java:checkAllVolumes(202)) - Scheduled health check for volume /home/runner/work/ozone/ozone/hadoop-ozone/integration-test/target/test-dir/MiniOzoneClusterImpl-5a349b9d-530c-474e-9da9-45562981beee/datanode-0/data-0/containers/hdds
2023-07-05 13:44:32,747 [Time-limited test] INFO  volume.MutableVolumeSet (MutableVolumeSet.java:initializeVolumeSet(175)) - Added Volume : /home/runner/work/ozone/ozone/hadoop-ozone/integration-test/target/test-dir/MiniOzoneClusterImpl-5a349b9d-530c-474e-9da9-45562981beee/datanode-0/data/ratis to VolumeSet
2023-07-05 13:44:32,747 [Time-limited test] INFO  volume.ThrottledAsyncChecker (ThrottledAsyncChecker.java:schedule(141)) - Scheduling a check for /home/runner/work/ozone/ozone/hadoop-ozone/integration-test/target/test-dir/MiniOzoneClusterImpl-5a349b9d-530c-474e-9da9-45562981beee/datanode-0/data/ratis
2023-07-05 13:44:32,747 [Time-limited test] INFO  volume.StorageVolumeChecker (StorageVolumeChecker.java:checkAllVolumes(202)) - Scheduled health check for volume /home/runner/work/ozone/ozone/hadoop-ozone/integration-test/target/test-dir/MiniOzoneClusterImpl-5a349b9d-530c-474e-9da9-45562981beee/datanode-0/data/ratis
2023-07-05 13:44:32,748 [Thread-2494] INFO  ozoneimpl.ContainerReader (ContainerReader.java:readVolume(175)) - Finish verifying containers on volume /home/runner/work/ozone/ozone/hadoop-ozone/integration-test/target/test-dir/MiniOzoneClusterImpl-5a349b9d-530c-474e-9da9-45562981beee/datanode-0/data-0/containers/hdds
2023-07-05 13:44:32,749 [Time-limited test] INFO  ozoneimpl.OzoneContainer (OzoneContainer.java:buildContainerSet(316)) - Build ContainerSet costs 0s
2023-07-05 13:44:32,750 [Time-limited test] INFO  server.RaftServer (ConfUtils.java:logGet(46)) - raft.rpc.type = GRPC (default)
2023-07-05 13:44:32,751 [Time-limited test] INFO  grpc.GrpcConfigKeys (ConfUtils.java:logFallback(53)) - raft.grpc.admin.host = null (fallback to raft.grpc.server.host)
2023-07-05 13:44:32,751 [Time-limited test] INFO  grpc.GrpcConfigKeys (ConfUtils.java:logGet(46)) - raft.grpc.admin.port = 15225 (custom)
2023-07-05 13:44:32,751 [Time-limited test] INFO  grpc.GrpcConfigKeys (ConfUtils.java:logFallback(53)) - raft.grpc.client.host = null (fallback to raft.grpc.server.host)
2023-07-05 13:44:32,751 [Time-limited test] INFO  grpc.GrpcConfigKeys (ConfUtils.java:logGet(46)) - raft.grpc.client.port = 15224 (custom)
2023-07-05 13:44:32,751 [Time-limited test] INFO  grpc.GrpcConfigKeys (ConfUtils.java:logGet(46)) - raft.grpc.server.host = null (default)
2023-07-05 13:44:32,751 [Time-limited test] INFO  grpc.GrpcConfigKeys (ConfUtils.java:logGet(46)) - raft.grpc.server.port = 15226 (custom)
2023-07-05 13:44:32,751 [Time-limited test] INFO  server.GrpcService (ConfUtils.java:logGet(46)) - raft.grpc.message.size.max = 32MB (=33554432) (custom)
2023-07-05 13:44:32,751 [Time-limited test] INFO  server.RaftServerConfigKeys (ConfUtils.java:logGet(46)) - raft.server.log.appender.buffer.byte-limit = 33554432 (custom)
2023-07-05 13:44:32,751 [Time-limited test] INFO  server.GrpcService (ConfUtils.java:logGet(46)) - raft.grpc.flow.control.window = 5MB (=5242880) (custom)
2023-07-05 13:44:32,751 [Time-limited test] INFO  server.RaftServerConfigKeys (ConfUtils.java:logGet(46)) - raft.server.rpc.request.timeout = 60s (custom)
2023-07-05 13:44:32,751 [Time-limited test] INFO  grpc.GrpcConfigKeys (ConfUtils.java:logGet(46)) - raft.grpc.server.heartbeat.channel = true (default)
2023-07-05 13:44:32,751 [Time-limited test] INFO  grpc.GrpcConfigKeys (ConfUtils.java:logGet(46)) - raft.grpc.server.async.request.thread.pool.cached = true (default)
2023-07-05 13:44:32,752 [Time-limited test] INFO  grpc.GrpcConfigKeys (ConfUtils.java:logGet(46)) - raft.grpc.server.async.request.thread.pool.size = 32 (default)
2023-07-05 13:44:32,754 [Time-limited test] INFO  impl.DataStreamServerImpl (ConfUtils.java:logGet(46)) - raft.datastream.type = NETTY (custom)
2023-07-05 13:44:32,754 [Time-limited test] INFO  server.RaftServerConfigKeys (ConfUtils.java:logGet(46)) - raft.server.data-stream.async.request.thread.pool.cached = false (default)
2023-07-05 13:44:32,754 [Time-limited test] INFO  server.RaftServerConfigKeys (ConfUtils.java:logGet(46)) - raft.server.data-stream.async.request.thread.pool.size = 20 (custom)
2023-07-05 13:44:32,755 [Time-limited test] INFO  server.RaftServerConfigKeys (ConfUtils.java:logGet(46)) - raft.server.data-stream.async.write.thread.pool.size = 16 (default)
2023-07-05 13:44:32,755 [Time-limited test] INFO  server.RaftServerConfigKeys (ConfUtils.java:logGet(46)) - raft.server.data-stream.client.pool.size = 10 (default)
2023-07-05 13:44:32,755 [Time-limited test] INFO  netty.NettyConfigKeys$DataStream (ConfUtils.java:logGet(46)) - raft.netty.dataStream.server.use-epoll = false (default)
2023-07-05 13:44:32,755 [Time-limited test] INFO  netty.NettyConfigKeys$DataStream (ConfUtils.java:logGet(46)) - raft.netty.dataStream.server.boss-group.size = 0 (default)
2023-07-05 13:44:32,755 [Time-limited test] INFO  netty.NettyConfigKeys$DataStream (ConfUtils.java:logGet(46)) - raft.netty.dataStream.server.worker-group.size = 0 (default)
2023-07-05 13:44:32,755 [Time-limited test] INFO  netty.NettyConfigKeys$DataStream (ConfUtils.java:logGet(46)) - raft.netty.dataStream.server.tls.conf = null (default)
2023-07-05 13:44:32,756 [Time-limited test] INFO  netty.NettyConfigKeys$DataStream (ConfUtils.java:logGet(46)) - raft.netty.dataStream.host = null (default)
2023-07-05 13:44:32,756 [Time-limited test] INFO  netty.NettyConfigKeys$DataStream (ConfUtils.java:logGet(46)) - raft.netty.dataStream.port = 15227 (custom)
2023-07-05 13:44:32,756 [Time-limited test] INFO  server.RaftServerConfigKeys (ConfUtils.java:logGet(46)) - raft.server.threadpool.proxy.cached = true (default)
2023-07-05 13:44:32,756 [Time-limited test] INFO  server.RaftServerConfigKeys (ConfUtils.java:logGet(46)) - raft.server.threadpool.proxy.size = 0 (default)
2023-07-05 13:44:32,756 [Time-limited test] INFO  server.RaftServerConfigKeys (ConfUtils.java:logGet(46)) - raft.server.rpc.slowness.timeout = 300s (custom)
2023-07-05 13:44:32,756 [9cad0a2d-2056-47c2-83a8-166be64b57fa-NettyServerStreamRpc-bossGroup--thread1] INFO  logging.LoggingHandler (AbstractInternalLogger.java:log(148)) - [id: 0x43f66590] REGISTERED
2023-07-05 13:44:32,756 [Time-limited test] INFO  server.RaftServerConfigKeys (ConfUtils.java:logGet(46)) - raft.server.leaderelection.leader.step-down.wait-time = 10s (default)
2023-07-05 13:44:32,757 [9cad0a2d-2056-47c2-83a8-166be64b57fa-NettyServerStreamRpc-bossGroup--thread1] INFO  logging.LoggingHandler (AbstractInternalLogger.java:log(148)) - [id: 0x43f66590] BIND: 0.0.0.0/0.0.0.0:15227
2023-07-05 13:44:32,757 [Time-limited test] INFO  server.RaftServerConfigKeys (ConfUtils.java:logGet(46)) - raft.server.storage.dir = [/home/runner/work/ozone/ozone/hadoop-ozone/integration-test/target/test-dir/MiniOzoneClusterImpl-5a349b9d-530c-474e-9da9-45562981beee/datanode-0/data/ratis] (custom)
2023-07-05 13:44:32,757 [9cad0a2d-2056-47c2-83a8-166be64b57fa-NettyServerStreamRpc-bossGroup--thread1] INFO  logging.LoggingHandler (AbstractInternalLogger.java:log(148)) - [id: 0x43f66590, L:/0:0:0:0:0:0:0:0:15227] ACTIVE
2023-07-05 13:44:32,758 [Time-limited test] INFO  server.XceiverServerGrpc (XceiverServerGrpc.java:<init>(132)) - GrpcServer channel type EpollServerSocketChannel
2023-07-05 13:44:32,760 [Time-limited test] INFO  replication.ReplicationSupervisor (ReplicationSupervisor.java:nodeStateUpdated(305)) - Node state updated to IN_SERVICE, scaling executor pool size to 10
2023-07-05 13:44:32,762 [Time-limited test] INFO  http.BaseHttpServer (BaseHttpServer.java:newHttpServer2BuilderForOzone(224)) - Starting Web-server for hddsDatanode at: http://0.0.0.0:15221
2023-07-05 13:44:32,762 [Time-limited test] INFO  http.BaseHttpServer (BaseHttpServer.java:<init>(111)) - Hadoop Security Enabled: false Ozone Security Enabled: false Ozone HTTP Security Enabled: false 
2023-07-05 13:44:32,763 [Time-limited test] WARN  server.AuthenticationFilter (AuthenticationFilter.java:constructSecretProvider(240)) - Unable to initialize FileSignerSecretProvider, falling back to use random secrets. Reason: Could not read signature secret file: /home/runner/hadoop-http-auth-signature-secret
2023-07-05 13:44:32,763 [Time-limited test] INFO  http.HttpRequestLog (HttpRequestLog.java:getRequestLog(86)) - Http request log for http.requests.hddsDatanode is not defined
2023-07-05 13:44:32,764 [Time-limited test] INFO  http.HttpServer2 (HttpServer2.java:addGlobalFilter(1031)) - Added global filter 'safety' (class=org.apache.hadoop.hdds.server.http.HttpServer2$QuotingInputFilter)
2023-07-05 13:44:32,765 [Time-limited test] INFO  http.HttpServer2 (HttpServer2.java:addFilter(1007)) - Added filter static_user_filter (class=org.apache.hadoop.http.lib.StaticUserWebFilter$StaticUserFilter) to context hddsDatanode
2023-07-05 13:44:32,765 [Time-limited test] INFO  http.HttpServer2 (HttpServer2.java:addFilter(1015)) - Added filter static_user_filter (class=org.apache.hadoop.http.lib.StaticUserWebFilter$StaticUserFilter) to context static
2023-07-05 13:44:32,765 [Time-limited test] INFO  http.HttpServer2 (HttpServer2.java:addFilter(1015)) - Added filter static_user_filter (class=org.apache.hadoop.http.lib.StaticUserWebFilter$StaticUserFilter) to context logs
2023-07-05 13:44:32,766 [Time-limited test] INFO  http.BaseHttpServer (BaseHttpServer.java:<init>(190)) - HTTP server of hddsDatanode uses base directory /home/runner/work/ozone/ozone/hadoop-ozone/integration-test/target/test-dir/MiniOzoneClusterImpl-5a349b9d-530c-474e-9da9-45562981beee/datanode-0/meta/webserver
2023-07-05 13:44:32,766 [Time-limited test] INFO  http.HttpServer2 (HttpServer2.java:bindListener(1250)) - Jetty bound to port 15221
2023-07-05 13:44:32,766 [Time-limited test] INFO  server.Server (Server.java:doStart(375)) - jetty-9.4.51.v20230217; built: 2023-02-17T08:19:37.309Z; git: b45c405e4544384de066f814ed42ae3dceacdd49; jvm 1.8.0_372-b07
2023-07-05 13:44:32,767 [Time-limited test] INFO  server.session (DefaultSessionIdManager.java:doStart(334)) - DefaultSessionIdManager workerName=node0
2023-07-05 13:44:32,767 [Time-limited test] INFO  server.session (DefaultSessionIdManager.java:doStart(339)) - No SessionScavenger set, using defaults
2023-07-05 13:44:32,767 [Time-limited test] INFO  server.session (HouseKeeper.java:startScavenging(132)) - node0 Scavenging every 600000ms
2023-07-05 13:44:32,768 [Time-limited test] INFO  handler.ContextHandler (ContextHandler.java:doStart(921)) - Started o.e.j.s.ServletContextHandler@78fdae06{logs,/logs,file:///home/runner/work/ozone/ozone/hadoop-ozone/integration-test/target/log,AVAILABLE}
2023-07-05 13:44:32,768 [Time-limited test] INFO  handler.ContextHandler (ContextHandler.java:doStart(921)) - Started o.e.j.s.ServletContextHandler@6afaf4eb{static,/static,jar:file:/home/runner/.m2/repository/org/apache/ozone/hdds-container-service/1.4.0-SNAPSHOT/hdds-container-service-1.4.0-SNAPSHOT.jar!/webapps/static,AVAILABLE}
2023-07-05 13:44:32,994 [Time-limited test] INFO  handler.ContextHandler (ContextHandler.java:doStart(921)) - Started o.e.j.w.WebAppContext@306d526e{hddsDatanode,/,file:///home/runner/work/ozone/ozone/hadoop-ozone/integration-test/target/test-dir/MiniOzoneClusterImpl-5a349b9d-530c-474e-9da9-45562981beee/datanode-0/meta/webserver/jetty-0_0_0_0-15221-hdds-container-service-1_4_0-SNAPSHOT_jar-_-any-2954024460736839000/webapp/,AVAILABLE}{jar:file:/home/runner/.m2/repository/org/apache/ozone/hdds-container-service/1.4.0-SNAPSHOT/hdds-container-service-1.4.0-SNAPSHOT.jar!/webapps/hddsDatanode}
2023-07-05 13:44:32,997 [Time-limited test] INFO  server.AbstractConnector (AbstractConnector.java:doStart(333)) - Started ServerConnector@34dea8a0{HTTP/1.1, (http/1.1)}{0.0.0.0:15221}
2023-07-05 13:44:32,997 [Time-limited test] INFO  server.Server (Server.java:doStart(415)) - Started @182283ms
2023-07-05 13:44:32,997 [Time-limited test] WARN  impl.MetricsSystemImpl (MetricsSystemImpl.java:register(279)) - Sink prometheus already exists!
2023-07-05 13:44:32,998 [Time-limited test] INFO  http.BaseHttpServer (BaseHttpServer.java:updateConnectorAddress(344)) - HTTP server of hddsDatanode listening at http://0.0.0.0:15221
2023-07-05 13:44:32,998 [Time-limited test] INFO  ipc.CallQueueManager (CallQueueManager.java:<init>(90)) - Using callQueue: class java.util.concurrent.LinkedBlockingQueue, queueCapacity: 100, scheduler: class org.apache.hadoop.ipc.DefaultRpcScheduler, ipcBackoff: false.
2023-07-05 13:44:32,998 [Time-limited test] INFO  ipc.Server (Server.java:<init>(1287)) - Listener at 0.0.0.0:15222
2023-07-05 13:44:32,999 [Socket Reader #1 for port 15222] INFO  ipc.Server (Server.java:run(1323)) - Starting Socket Reader #1 for port 15222
2023-07-05 13:44:33,004 [Time-limited test] INFO  ozone.HddsDatanodeService (HddsDatanodeService.java:start(315)) - Datanode start with admins: [runner]
2023-07-05 13:44:33,004 [Time-limited test] INFO  ozone.HddsDatanodeClientProtocolServer (HddsDatanodeClientProtocolServer.java:start(72)) - RPC server for Client /0.0.0.0:15222
2023-07-05 13:44:33,005 [IPC Server Responder] INFO  ipc.Server (Server.java:run(1562)) - IPC Server Responder: starting
2023-07-05 13:44:33,005 [IPC Server listener on 15222] INFO  ipc.Server (Server.java:run(1402)) - IPC Server listener on 15222: starting
2023-07-05 13:44:33,011 [Time-limited test] WARN  impl.MetricRegistriesImpl (MetricRegistriesImpl.java:addReporterRegistration(111)) - New reporters are added after registries were created. Some metrics will be missing from the reporter. Please add reporter before adding any new registry.
2023-07-05 13:44:33,011 [Time-limited test] WARN  impl.MetricRegistriesImpl (MetricRegistriesImpl.java:addReporterRegistration(111)) - New reporters are added after registries were created. Some metrics will be missing from the reporter. Please add reporter before adding any new registry.
2023-07-05 13:44:33,011 [Time-limited test] INFO  impl.MetricsSystemImpl (MetricsSystemImpl.java:init(158)) - HddsDatanode metrics system started (again)
2023-07-05 13:44:33,017 [Datanode State Machine Daemon Thread] INFO  statemachine.DatanodeStateMachine (DatanodeStateMachine.java:lambda$startDaemon$0(531)) - Ozone container server started.
2023-07-05 13:44:33,025 [Time-limited test] INFO  ozone.HddsDatanodeService (HddsDatanodeService.java:start(237)) - HddsDatanodeService host:fv-az264-29.ca02foy5wcnuvlrvrz2wi3p2og.dx.internal.cloudapp.net ip:10.1.0.13
2023-07-05 13:44:33,031 [Datanode State Machine Task Thread - 0] INFO  datanode.InitDatanodeState (InitDatanodeState.java:persistContainerDatanodeDetails(138)) - DatanodeDetails is persisted to /home/runner/work/ozone/ozone/hadoop-ozone/integration-test/target/test-dir/MiniOzoneClusterImpl-5a349b9d-530c-474e-9da9-45562981beee/datanode-0/meta/datanode.id
2023-07-05 13:44:33,053 [Time-limited test] INFO  upgrade.AbstractLayoutVersionManager (AbstractLayoutVersionManager.java:init(83)) - Initializing Layout version manager with metadata layout = HADOOP_PRC_PORTS_IN_DATANODEDETAILS (version = 7), software layout = HADOOP_PRC_PORTS_IN_DATANODEDETAILS (version = 7)
2023-07-05 13:44:33,054 [Time-limited test] INFO  statemachine.DatanodeStateMachine (DatanodeStateMachine.java:getEndPointTaskThreadPoolSize(279)) - Datanode State Machine Task Thread Pool size 2
2023-07-05 13:44:33,058 [Time-limited test] INFO  volume.HddsVolume (HddsVolume.java:<init>(133)) - Creating HddsVolume: /home/runner/work/ozone/ozone/hadoop-ozone/integration-test/target/test-dir/MiniOzoneClusterImpl-5a349b9d-530c-474e-9da9-45562981beee/datanode-1/data-0/containers/hdds of storage type : DISK capacity : 9223372036854775807
2023-07-05 13:44:33,058 [Time-limited test] INFO  volume.MutableVolumeSet (MutableVolumeSet.java:initializeVolumeSet(175)) - Added Volume : /home/runner/work/ozone/ozone/hadoop-ozone/integration-test/target/test-dir/MiniOzoneClusterImpl-5a349b9d-530c-474e-9da9-45562981beee/datanode-1/data-0/containers/hdds to VolumeSet
2023-07-05 13:44:33,058 [Time-limited test] INFO  volume.ThrottledAsyncChecker (ThrottledAsyncChecker.java:schedule(141)) - Scheduling a check for /home/runner/work/ozone/ozone/hadoop-ozone/integration-test/target/test-dir/MiniOzoneClusterImpl-5a349b9d-530c-474e-9da9-45562981beee/datanode-1/data-0/containers/hdds
2023-07-05 13:44:33,059 [Time-limited test] INFO  volume.StorageVolumeChecker (StorageVolumeChecker.java:checkAllVolumes(202)) - Scheduled health check for volume /home/runner/work/ozone/ozone/hadoop-ozone/integration-test/target/test-dir/MiniOzoneClusterImpl-5a349b9d-530c-474e-9da9-45562981beee/datanode-1/data-0/containers/hdds
2023-07-05 13:44:33,065 [Time-limited test] INFO  volume.MutableVolumeSet (MutableVolumeSet.java:initializeVolumeSet(175)) - Added Volume : /home/runner/work/ozone/ozone/hadoop-ozone/integration-test/target/test-dir/MiniOzoneClusterImpl-5a349b9d-530c-474e-9da9-45562981beee/datanode-1/data/ratis to VolumeSet
2023-07-05 13:44:33,065 [Time-limited test] INFO  volume.ThrottledAsyncChecker (ThrottledAsyncChecker.java:schedule(141)) - Scheduling a check for /home/runner/work/ozone/ozone/hadoop-ozone/integration-test/target/test-dir/MiniOzoneClusterImpl-5a349b9d-530c-474e-9da9-45562981beee/datanode-1/data/ratis
2023-07-05 13:44:33,065 [Time-limited test] INFO  volume.StorageVolumeChecker (StorageVolumeChecker.java:checkAllVolumes(202)) - Scheduled health check for volume /home/runner/work/ozone/ozone/hadoop-ozone/integration-test/target/test-dir/MiniOzoneClusterImpl-5a349b9d-530c-474e-9da9-45562981beee/datanode-1/data/ratis
2023-07-05 13:44:33,080 [Thread-2511] INFO  ozoneimpl.ContainerReader (ContainerReader.java:readVolume(175)) - Finish verifying containers on volume /home/runner/work/ozone/ozone/hadoop-ozone/integration-test/target/test-dir/MiniOzoneClusterImpl-5a349b9d-530c-474e-9da9-45562981beee/datanode-1/data-0/containers/hdds
2023-07-05 13:44:33,080 [Time-limited test] INFO  ozoneimpl.OzoneContainer (OzoneContainer.java:buildContainerSet(316)) - Build ContainerSet costs 0s
2023-07-05 13:44:33,082 [Time-limited test] INFO  server.RaftServer (ConfUtils.java:logGet(46)) - raft.rpc.type = GRPC (default)
2023-07-05 13:44:33,082 [Time-limited test] INFO  grpc.GrpcConfigKeys (ConfUtils.java:logFallback(53)) - raft.grpc.admin.host = null (fallback to raft.grpc.server.host)
2023-07-05 13:44:33,082 [Time-limited test] INFO  grpc.GrpcConfigKeys (ConfUtils.java:logGet(46)) - raft.grpc.admin.port = 15234 (custom)
2023-07-05 13:44:33,082 [Time-limited test] INFO  grpc.GrpcConfigKeys (ConfUtils.java:logFallback(53)) - raft.grpc.client.host = null (fallback to raft.grpc.server.host)
2023-07-05 13:44:33,082 [Time-limited test] INFO  grpc.GrpcConfigKeys (ConfUtils.java:logGet(46)) - raft.grpc.client.port = 15233 (custom)
2023-07-05 13:44:33,082 [Time-limited test] INFO  grpc.GrpcConfigKeys (ConfUtils.java:logGet(46)) - raft.grpc.server.host = null (default)
2023-07-05 13:44:33,082 [Time-limited test] INFO  grpc.GrpcConfigKeys (ConfUtils.java:logGet(46)) - raft.grpc.server.port = 15235 (custom)
2023-07-05 13:44:33,082 [Time-limited test] INFO  server.GrpcService (ConfUtils.java:logGet(46)) - raft.grpc.message.size.max = 32MB (=33554432) (custom)
2023-07-05 13:44:33,083 [Time-limited test] INFO  server.RaftServerConfigKeys (ConfUtils.java:logGet(46)) - raft.server.log.appender.buffer.byte-limit = 33554432 (custom)
2023-07-05 13:44:33,083 [Time-limited test] INFO  server.GrpcService (ConfUtils.java:logGet(46)) - raft.grpc.flow.control.window = 5MB (=5242880) (custom)
2023-07-05 13:44:33,083 [Time-limited test] INFO  server.RaftServerConfigKeys (ConfUtils.java:logGet(46)) - raft.server.rpc.request.timeout = 60s (custom)
2023-07-05 13:44:33,083 [Time-limited test] INFO  grpc.GrpcConfigKeys (ConfUtils.java:logGet(46)) - raft.grpc.server.heartbeat.channel = true (default)
2023-07-05 13:44:33,083 [Time-limited test] INFO  grpc.GrpcConfigKeys (ConfUtils.java:logGet(46)) - raft.grpc.server.async.request.thread.pool.cached = true (default)
2023-07-05 13:44:33,083 [Time-limited test] INFO  grpc.GrpcConfigKeys (ConfUtils.java:logGet(46)) - raft.grpc.server.async.request.thread.pool.size = 32 (default)
2023-07-05 13:44:33,085 [Time-limited test] INFO  impl.DataStreamServerImpl (ConfUtils.java:logGet(46)) - raft.datastream.type = NETTY (custom)
2023-07-05 13:44:33,086 [Time-limited test] INFO  server.RaftServerConfigKeys (ConfUtils.java:logGet(46)) - raft.server.data-stream.async.request.thread.pool.cached = false (default)
2023-07-05 13:44:33,086 [Time-limited test] INFO  server.RaftServerConfigKeys (ConfUtils.java:logGet(46)) - raft.server.data-stream.async.request.thread.pool.size = 20 (custom)
2023-07-05 13:44:33,086 [Time-limited test] INFO  server.RaftServerConfigKeys (ConfUtils.java:logGet(46)) - raft.server.data-stream.async.write.thread.pool.size = 16 (default)
2023-07-05 13:44:33,086 [Time-limited test] INFO  server.RaftServerConfigKeys (ConfUtils.java:logGet(46)) - raft.server.data-stream.client.pool.size = 10 (default)
2023-07-05 13:44:33,086 [Time-limited test] INFO  netty.NettyConfigKeys$DataStream (ConfUtils.java:logGet(46)) - raft.netty.dataStream.server.use-epoll = false (default)
2023-07-05 13:44:33,086 [Time-limited test] INFO  netty.NettyConfigKeys$DataStream (ConfUtils.java:logGet(46)) - raft.netty.dataStream.server.boss-group.size = 0 (default)
2023-07-05 13:44:33,086 [Time-limited test] INFO  netty.NettyConfigKeys$DataStream (ConfUtils.java:logGet(46)) - raft.netty.dataStream.server.worker-group.size = 0 (default)
2023-07-05 13:44:33,087 [Time-limited test] INFO  netty.NettyConfigKeys$DataStream (ConfUtils.java:logGet(46)) - raft.netty.dataStream.server.tls.conf = null (default)
2023-07-05 13:44:33,087 [Time-limited test] INFO  netty.NettyConfigKeys$DataStream (ConfUtils.java:logGet(46)) - raft.netty.dataStream.host = null (default)
2023-07-05 13:44:33,087 [Time-limited test] INFO  netty.NettyConfigKeys$DataStream (ConfUtils.java:logGet(46)) - raft.netty.dataStream.port = 15236 (custom)
2023-07-05 13:44:33,087 [Time-limited test] INFO  server.RaftServerConfigKeys (ConfUtils.java:logGet(46)) - raft.server.threadpool.proxy.cached = true (default)
2023-07-05 13:44:33,087 [Time-limited test] INFO  server.RaftServerConfigKeys (ConfUtils.java:logGet(46)) - raft.server.threadpool.proxy.size = 0 (default)
2023-07-05 13:44:33,087 [Time-limited test] INFO  server.RaftServerConfigKeys (ConfUtils.java:logGet(46)) - raft.server.rpc.slowness.timeout = 300s (custom)
2023-07-05 13:44:33,088 [Time-limited test] INFO  server.RaftServerConfigKeys (ConfUtils.java:logGet(46)) - raft.server.leaderelection.leader.step-down.wait-time = 10s (default)
2023-07-05 13:44:33,088 [009ab419-7007-4517-9228-4425fd87ec20-NettyServerStreamRpc-bossGroup--thread1] INFO  logging.LoggingHandler (AbstractInternalLogger.java:log(148)) - [id: 0x5f4483dd] REGISTERED
2023-07-05 13:44:33,088 [Time-limited test] INFO  server.RaftServerConfigKeys (ConfUtils.java:logGet(46)) - raft.server.storage.dir = [/home/runner/work/ozone/ozone/hadoop-ozone/integration-test/target/test-dir/MiniOzoneClusterImpl-5a349b9d-530c-474e-9da9-45562981beee/datanode-1/data/ratis] (custom)
2023-07-05 13:44:33,088 [009ab419-7007-4517-9228-4425fd87ec20-NettyServerStreamRpc-bossGroup--thread1] INFO  logging.LoggingHandler (AbstractInternalLogger.java:log(148)) - [id: 0x5f4483dd] BIND: 0.0.0.0/0.0.0.0:15236
2023-07-05 13:44:33,089 [Time-limited test] INFO  server.XceiverServerGrpc (XceiverServerGrpc.java:<init>(132)) - GrpcServer channel type EpollServerSocketChannel
2023-07-05 13:44:33,089 [009ab419-7007-4517-9228-4425fd87ec20-NettyServerStreamRpc-bossGroup--thread1] INFO  logging.LoggingHandler (AbstractInternalLogger.java:log(148)) - [id: 0x5f4483dd, L:/0:0:0:0:0:0:0:0:15236] ACTIVE
2023-07-05 13:44:33,091 [Time-limited test] INFO  replication.ReplicationSupervisor (ReplicationSupervisor.java:nodeStateUpdated(305)) - Node state updated to IN_SERVICE, scaling executor pool size to 10
2023-07-05 13:44:33,092 [Time-limited test] INFO  http.BaseHttpServer (BaseHttpServer.java:newHttpServer2BuilderForOzone(224)) - Starting Web-server for hddsDatanode at: http://0.0.0.0:15230
2023-07-05 13:44:33,092 [Time-limited test] INFO  http.BaseHttpServer (BaseHttpServer.java:<init>(111)) - Hadoop Security Enabled: false Ozone Security Enabled: false Ozone HTTP Security Enabled: false 
2023-07-05 13:44:33,093 [Time-limited test] WARN  server.AuthenticationFilter (AuthenticationFilter.java:constructSecretProvider(240)) - Unable to initialize FileSignerSecretProvider, falling back to use random secrets. Reason: Could not read signature secret file: /home/runner/hadoop-http-auth-signature-secret
2023-07-05 13:44:33,094 [Time-limited test] INFO  http.HttpRequestLog (HttpRequestLog.java:getRequestLog(86)) - Http request log for http.requests.hddsDatanode is not defined
2023-07-05 13:44:33,095 [Time-limited test] INFO  http.HttpServer2 (HttpServer2.java:addGlobalFilter(1031)) - Added global filter 'safety' (class=org.apache.hadoop.hdds.server.http.HttpServer2$QuotingInputFilter)
2023-07-05 13:44:33,095 [Time-limited test] INFO  http.HttpServer2 (HttpServer2.java:addFilter(1007)) - Added filter static_user_filter (class=org.apache.hadoop.http.lib.StaticUserWebFilter$StaticUserFilter) to context hddsDatanode
2023-07-05 13:44:33,096 [Time-limited test] INFO  http.HttpServer2 (HttpServer2.java:addFilter(1015)) - Added filter static_user_filter (class=org.apache.hadoop.http.lib.StaticUserWebFilter$StaticUserFilter) to context static
2023-07-05 13:44:33,096 [Time-limited test] INFO  http.HttpServer2 (HttpServer2.java:addFilter(1015)) - Added filter static_user_filter (class=org.apache.hadoop.http.lib.StaticUserWebFilter$StaticUserFilter) to context logs
2023-07-05 13:44:33,096 [Time-limited test] INFO  http.BaseHttpServer (BaseHttpServer.java:<init>(190)) - HTTP server of hddsDatanode uses base directory /home/runner/work/ozone/ozone/hadoop-ozone/integration-test/target/test-dir/MiniOzoneClusterImpl-5a349b9d-530c-474e-9da9-45562981beee/datanode-1/meta/webserver
2023-07-05 13:44:33,096 [Time-limited test] INFO  http.HttpServer2 (HttpServer2.java:bindListener(1250)) - Jetty bound to port 15230
2023-07-05 13:44:33,096 [Time-limited test] INFO  server.Server (Server.java:doStart(375)) - jetty-9.4.51.v20230217; built: 2023-02-17T08:19:37.309Z; git: b45c405e4544384de066f814ed42ae3dceacdd49; jvm 1.8.0_372-b07
2023-07-05 13:44:33,102 [Time-limited test] INFO  server.session (DefaultSessionIdManager.java:doStart(334)) - DefaultSessionIdManager workerName=node0
2023-07-05 13:44:33,102 [Time-limited test] INFO  server.session (DefaultSessionIdManager.java:doStart(339)) - No SessionScavenger set, using defaults
2023-07-05 13:44:33,102 [Time-limited test] INFO  server.session (HouseKeeper.java:startScavenging(132)) - node0 Scavenging every 660000ms
2023-07-05 13:44:33,103 [Time-limited test] INFO  handler.ContextHandler (ContextHandler.java:doStart(921)) - Started o.e.j.s.ServletContextHandler@1b7678e8{logs,/logs,file:///home/runner/work/ozone/ozone/hadoop-ozone/integration-test/target/log,AVAILABLE}
2023-07-05 13:44:33,103 [Time-limited test] INFO  handler.ContextHandler (ContextHandler.java:doStart(921)) - Started o.e.j.s.ServletContextHandler@e92ffba{static,/static,jar:file:/home/runner/.m2/repository/org/apache/ozone/hdds-container-service/1.4.0-SNAPSHOT/hdds-container-service-1.4.0-SNAPSHOT.jar!/webapps/static,AVAILABLE}
2023-07-05 13:44:33,331 [Time-limited test] INFO  handler.ContextHandler (ContextHandler.java:doStart(921)) - Started o.e.j.w.WebAppContext@32d85ff6{hddsDatanode,/,file:///home/runner/work/ozone/ozone/hadoop-ozone/integration-test/target/test-dir/MiniOzoneClusterImpl-5a349b9d-530c-474e-9da9-45562981beee/datanode-1/meta/webserver/jetty-0_0_0_0-15230-hdds-container-service-1_4_0-SNAPSHOT_jar-_-any-5396814604850109961/webapp/,AVAILABLE}{jar:file:/home/runner/.m2/repository/org/apache/ozone/hdds-container-service/1.4.0-SNAPSHOT/hdds-container-service-1.4.0-SNAPSHOT.jar!/webapps/hddsDatanode}
2023-07-05 13:44:33,333 [Time-limited test] INFO  server.AbstractConnector (AbstractConnector.java:doStart(333)) - Started ServerConnector@510c96df{HTTP/1.1, (http/1.1)}{0.0.0.0:15230}
2023-07-05 13:44:33,333 [Time-limited test] INFO  server.Server (Server.java:doStart(415)) - Started @182619ms
2023-07-05 13:44:33,333 [Time-limited test] WARN  impl.MetricsSystemImpl (MetricsSystemImpl.java:register(279)) - Sink prometheus already exists!
2023-07-05 13:44:33,334 [Time-limited test] INFO  http.BaseHttpServer (BaseHttpServer.java:updateConnectorAddress(344)) - HTTP server of hddsDatanode listening at http://0.0.0.0:15230
2023-07-05 13:44:33,334 [Time-limited test] INFO  ipc.CallQueueManager (CallQueueManager.java:<init>(90)) - Using callQueue: class java.util.concurrent.LinkedBlockingQueue, queueCapacity: 100, scheduler: class org.apache.hadoop.ipc.DefaultRpcScheduler, ipcBackoff: false.
2023-07-05 13:44:33,334 [Time-limited test] INFO  ipc.Server (Server.java:<init>(1287)) - Listener at 0.0.0.0:15231
2023-07-05 13:44:33,338 [Socket Reader #1 for port 15231] INFO  ipc.Server (Server.java:run(1323)) - Starting Socket Reader #1 for port 15231
2023-07-05 13:44:33,344 [Time-limited test] INFO  ozone.HddsDatanodeService (HddsDatanodeService.java:start(315)) - Datanode start with admins: [runner]
2023-07-05 13:44:33,344 [Time-limited test] INFO  ozone.HddsDatanodeClientProtocolServer (HddsDatanodeClientProtocolServer.java:start(72)) - RPC server for Client /0.0.0.0:15231
2023-07-05 13:44:33,344 [IPC Server Responder] INFO  ipc.Server (Server.java:run(1562)) - IPC Server Responder: starting
2023-07-05 13:44:33,344 [Datanode State Machine Daemon Thread] INFO  statemachine.DatanodeStateMachine (DatanodeStateMachine.java:lambda$startDaemon$0(531)) - Ozone container server started.
2023-07-05 13:44:33,344 [Time-limited test] WARN  impl.MetricRegistriesImpl (MetricRegistriesImpl.java:addReporterRegistration(111)) - New reporters are added after registries were created. Some metrics will be missing from the reporter. Please add reporter before adding any new registry.
2023-07-05 13:44:33,345 [Time-limited test] WARN  impl.MetricRegistriesImpl (MetricRegistriesImpl.java:addReporterRegistration(111)) - New reporters are added after registries were created. Some metrics will be missing from the reporter. Please add reporter before adding any new registry.
2023-07-05 13:44:33,345 [Time-limited test] INFO  impl.MetricsSystemImpl (MetricsSystemImpl.java:init(158)) - HddsDatanode metrics system started (again)
2023-07-05 13:44:33,354 [IPC Server listener on 15231] INFO  ipc.Server (Server.java:run(1402)) - IPC Server listener on 15231: starting
2023-07-05 13:44:33,361 [Time-limited test] INFO  ozone.HddsDatanodeService (HddsDatanodeService.java:start(237)) - HddsDatanodeService host:fv-az264-29.ca02foy5wcnuvlrvrz2wi3p2og.dx.internal.cloudapp.net ip:10.1.0.13
2023-07-05 13:44:33,368 [Datanode State Machine Task Thread - 0] INFO  datanode.InitDatanodeState (InitDatanodeState.java:persistContainerDatanodeDetails(138)) - DatanodeDetails is persisted to /home/runner/work/ozone/ozone/hadoop-ozone/integration-test/target/test-dir/MiniOzoneClusterImpl-5a349b9d-530c-474e-9da9-45562981beee/datanode-1/meta/datanode.id
2023-07-05 13:44:33,395 [Time-limited test] INFO  upgrade.AbstractLayoutVersionManager (AbstractLayoutVersionManager.java:init(83)) - Initializing Layout version manager with metadata layout = HADOOP_PRC_PORTS_IN_DATANODEDETAILS (version = 7), software layout = HADOOP_PRC_PORTS_IN_DATANODEDETAILS (version = 7)
2023-07-05 13:44:33,395 [Time-limited test] INFO  statemachine.DatanodeStateMachine (DatanodeStateMachine.java:getEndPointTaskThreadPoolSize(279)) - Datanode State Machine Task Thread Pool size 2
2023-07-05 13:44:33,399 [Time-limited test] INFO  volume.HddsVolume (HddsVolume.java:<init>(133)) - Creating HddsVolume: /home/runner/work/ozone/ozone/hadoop-ozone/integration-test/target/test-dir/MiniOzoneClusterImpl-5a349b9d-530c-474e-9da9-45562981beee/datanode-2/data-0/containers/hdds of storage type : DISK capacity : 9223372036854775807
2023-07-05 13:44:33,399 [Time-limited test] INFO  volume.MutableVolumeSet (MutableVolumeSet.java:initializeVolumeSet(175)) - Added Volume : /home/runner/work/ozone/ozone/hadoop-ozone/integration-test/target/test-dir/MiniOzoneClusterImpl-5a349b9d-530c-474e-9da9-45562981beee/datanode-2/data-0/containers/hdds to VolumeSet
2023-07-05 13:44:33,399 [Time-limited test] INFO  volume.ThrottledAsyncChecker (ThrottledAsyncChecker.java:schedule(141)) - Scheduling a check for /home/runner/work/ozone/ozone/hadoop-ozone/integration-test/target/test-dir/MiniOzoneClusterImpl-5a349b9d-530c-474e-9da9-45562981beee/datanode-2/data-0/containers/hdds
2023-07-05 13:44:33,401 [Time-limited test] INFO  volume.StorageVolumeChecker (StorageVolumeChecker.java:checkAllVolumes(202)) - Scheduled health check for volume /home/runner/work/ozone/ozone/hadoop-ozone/integration-test/target/test-dir/MiniOzoneClusterImpl-5a349b9d-530c-474e-9da9-45562981beee/datanode-2/data-0/containers/hdds
2023-07-05 13:44:33,405 [Time-limited test] INFO  volume.MutableVolumeSet (MutableVolumeSet.java:initializeVolumeSet(175)) - Added Volume : /home/runner/work/ozone/ozone/hadoop-ozone/integration-test/target/test-dir/MiniOzoneClusterImpl-5a349b9d-530c-474e-9da9-45562981beee/datanode-2/data/ratis to VolumeSet
2023-07-05 13:44:33,405 [Time-limited test] INFO  volume.ThrottledAsyncChecker (ThrottledAsyncChecker.java:schedule(141)) - Scheduling a check for /home/runner/work/ozone/ozone/hadoop-ozone/integration-test/target/test-dir/MiniOzoneClusterImpl-5a349b9d-530c-474e-9da9-45562981beee/datanode-2/data/ratis
2023-07-05 13:44:33,408 [Time-limited test] INFO  volume.StorageVolumeChecker (StorageVolumeChecker.java:checkAllVolumes(202)) - Scheduled health check for volume /home/runner/work/ozone/ozone/hadoop-ozone/integration-test/target/test-dir/MiniOzoneClusterImpl-5a349b9d-530c-474e-9da9-45562981beee/datanode-2/data/ratis
2023-07-05 13:44:33,410 [Thread-2528] INFO  ozoneimpl.ContainerReader (ContainerReader.java:readVolume(175)) - Finish verifying containers on volume /home/runner/work/ozone/ozone/hadoop-ozone/integration-test/target/test-dir/MiniOzoneClusterImpl-5a349b9d-530c-474e-9da9-45562981beee/datanode-2/data-0/containers/hdds
2023-07-05 13:44:33,410 [Time-limited test] INFO  ozoneimpl.OzoneContainer (OzoneContainer.java:buildContainerSet(316)) - Build ContainerSet costs 0s
2023-07-05 13:44:33,412 [Time-limited test] INFO  server.RaftServer (ConfUtils.java:logGet(46)) - raft.rpc.type = GRPC (default)
2023-07-05 13:44:33,412 [Time-limited test] INFO  grpc.GrpcConfigKeys (ConfUtils.java:logFallback(53)) - raft.grpc.admin.host = null (fallback to raft.grpc.server.host)
2023-07-05 13:44:33,412 [Time-limited test] INFO  grpc.GrpcConfigKeys (ConfUtils.java:logGet(46)) - raft.grpc.admin.port = 15243 (custom)
2023-07-05 13:44:33,412 [Time-limited test] INFO  grpc.GrpcConfigKeys (ConfUtils.java:logFallback(53)) - raft.grpc.client.host = null (fallback to raft.grpc.server.host)
2023-07-05 13:44:33,412 [Time-limited test] INFO  grpc.GrpcConfigKeys (ConfUtils.java:logGet(46)) - raft.grpc.client.port = 15242 (custom)
2023-07-05 13:44:33,413 [Time-limited test] INFO  grpc.GrpcConfigKeys (ConfUtils.java:logGet(46)) - raft.grpc.server.host = null (default)
2023-07-05 13:44:33,413 [Time-limited test] INFO  grpc.GrpcConfigKeys (ConfUtils.java:logGet(46)) - raft.grpc.server.port = 15244 (custom)
2023-07-05 13:44:33,413 [Time-limited test] INFO  server.GrpcService (ConfUtils.java:logGet(46)) - raft.grpc.message.size.max = 32MB (=33554432) (custom)
2023-07-05 13:44:33,413 [Time-limited test] INFO  server.RaftServerConfigKeys (ConfUtils.java:logGet(46)) - raft.server.log.appender.buffer.byte-limit = 33554432 (custom)
2023-07-05 13:44:33,413 [Time-limited test] INFO  server.GrpcService (ConfUtils.java:logGet(46)) - raft.grpc.flow.control.window = 5MB (=5242880) (custom)
2023-07-05 13:44:33,413 [Time-limited test] INFO  server.RaftServerConfigKeys (ConfUtils.java:logGet(46)) - raft.server.rpc.request.timeout = 60s (custom)
2023-07-05 13:44:33,413 [Time-limited test] INFO  grpc.GrpcConfigKeys (ConfUtils.java:logGet(46)) - raft.grpc.server.heartbeat.channel = true (default)
2023-07-05 13:44:33,413 [Time-limited test] INFO  grpc.GrpcConfigKeys (ConfUtils.java:logGet(46)) - raft.grpc.server.async.request.thread.pool.cached = true (default)
2023-07-05 13:44:33,413 [Time-limited test] INFO  grpc.GrpcConfigKeys (ConfUtils.java:logGet(46)) - raft.grpc.server.async.request.thread.pool.size = 32 (default)
2023-07-05 13:44:33,416 [Time-limited test] INFO  impl.DataStreamServerImpl (ConfUtils.java:logGet(46)) - raft.datastream.type = NETTY (custom)
2023-07-05 13:44:33,416 [Time-limited test] INFO  server.RaftServerConfigKeys (ConfUtils.java:logGet(46)) - raft.server.data-stream.async.request.thread.pool.cached = false (default)
2023-07-05 13:44:33,416 [Time-limited test] INFO  server.RaftServerConfigKeys (ConfUtils.java:logGet(46)) - raft.server.data-stream.async.request.thread.pool.size = 20 (custom)
2023-07-05 13:44:33,416 [Time-limited test] INFO  server.RaftServerConfigKeys (ConfUtils.java:logGet(46)) - raft.server.data-stream.async.write.thread.pool.size = 16 (default)
2023-07-05 13:44:33,416 [Time-limited test] INFO  server.RaftServerConfigKeys (ConfUtils.java:logGet(46)) - raft.server.data-stream.client.pool.size = 10 (default)
2023-07-05 13:44:33,416 [Time-limited test] INFO  netty.NettyConfigKeys$DataStream (ConfUtils.java:logGet(46)) - raft.netty.dataStream.server.use-epoll = false (default)
2023-07-05 13:44:33,417 [Time-limited test] INFO  netty.NettyConfigKeys$DataStream (ConfUtils.java:logGet(46)) - raft.netty.dataStream.server.boss-group.size = 0 (default)
2023-07-05 13:44:33,417 [Time-limited test] INFO  netty.NettyConfigKeys$DataStream (ConfUtils.java:logGet(46)) - raft.netty.dataStream.server.worker-group.size = 0 (default)
2023-07-05 13:44:33,417 [Time-limited test] INFO  netty.NettyConfigKeys$DataStream (ConfUtils.java:logGet(46)) - raft.netty.dataStream.server.tls.conf = null (default)
2023-07-05 13:44:33,417 [Time-limited test] INFO  netty.NettyConfigKeys$DataStream (ConfUtils.java:logGet(46)) - raft.netty.dataStream.host = null (default)
2023-07-05 13:44:33,417 [Time-limited test] INFO  netty.NettyConfigKeys$DataStream (ConfUtils.java:logGet(46)) - raft.netty.dataStream.port = 15245 (custom)
2023-07-05 13:44:33,418 [Time-limited test] INFO  server.RaftServerConfigKeys (ConfUtils.java:logGet(46)) - raft.server.threadpool.proxy.cached = true (default)
2023-07-05 13:44:33,418 [Time-limited test] INFO  server.RaftServerConfigKeys (ConfUtils.java:logGet(46)) - raft.server.threadpool.proxy.size = 0 (default)
2023-07-05 13:44:33,418 [Time-limited test] INFO  server.RaftServerConfigKeys (ConfUtils.java:logGet(46)) - raft.server.rpc.slowness.timeout = 300s (custom)
2023-07-05 13:44:33,418 [Time-limited test] INFO  server.RaftServerConfigKeys (ConfUtils.java:logGet(46)) - raft.server.leaderelection.leader.step-down.wait-time = 10s (default)
2023-07-05 13:44:33,418 [Time-limited test] INFO  server.RaftServerConfigKeys (ConfUtils.java:logGet(46)) - raft.server.storage.dir = [/home/runner/work/ozone/ozone/hadoop-ozone/integration-test/target/test-dir/MiniOzoneClusterImpl-5a349b9d-530c-474e-9da9-45562981beee/datanode-2/data/ratis] (custom)
2023-07-05 13:44:33,418 [39a48944-77e7-4681-b606-55be812809b8-NettyServerStreamRpc-bossGroup--thread1] INFO  logging.LoggingHandler (AbstractInternalLogger.java:log(148)) - [id: 0xd966ad35] REGISTERED
2023-07-05 13:44:33,419 [39a48944-77e7-4681-b606-55be812809b8-NettyServerStreamRpc-bossGroup--thread1] INFO  logging.LoggingHandler (AbstractInternalLogger.java:log(148)) - [id: 0xd966ad35] BIND: 0.0.0.0/0.0.0.0:15245
2023-07-05 13:44:33,419 [39a48944-77e7-4681-b606-55be812809b8-NettyServerStreamRpc-bossGroup--thread1] INFO  logging.LoggingHandler (AbstractInternalLogger.java:log(148)) - [id: 0xd966ad35, L:/0:0:0:0:0:0:0:0:15245] ACTIVE
2023-07-05 13:44:33,420 [Time-limited test] INFO  server.XceiverServerGrpc (XceiverServerGrpc.java:<init>(132)) - GrpcServer channel type EpollServerSocketChannel
2023-07-05 13:44:33,421 [Time-limited test] INFO  replication.ReplicationSupervisor (ReplicationSupervisor.java:nodeStateUpdated(305)) - Node state updated to IN_SERVICE, scaling executor pool size to 10
2023-07-05 13:44:33,424 [Time-limited test] INFO  http.BaseHttpServer (BaseHttpServer.java:newHttpServer2BuilderForOzone(224)) - Starting Web-server for hddsDatanode at: http://0.0.0.0:15239
2023-07-05 13:44:33,424 [Time-limited test] INFO  http.BaseHttpServer (BaseHttpServer.java:<init>(111)) - Hadoop Security Enabled: false Ozone Security Enabled: false Ozone HTTP Security Enabled: false 
2023-07-05 13:44:33,425 [Time-limited test] WARN  server.AuthenticationFilter (AuthenticationFilter.java:constructSecretProvider(240)) - Unable to initialize FileSignerSecretProvider, falling back to use random secrets. Reason: Could not read signature secret file: /home/runner/hadoop-http-auth-signature-secret
2023-07-05 13:44:33,426 [Time-limited test] INFO  http.HttpRequestLog (HttpRequestLog.java:getRequestLog(86)) - Http request log for http.requests.hddsDatanode is not defined
2023-07-05 13:44:33,427 [Time-limited test] INFO  http.HttpServer2 (HttpServer2.java:addGlobalFilter(1031)) - Added global filter 'safety' (class=org.apache.hadoop.hdds.server.http.HttpServer2$QuotingInputFilter)
2023-07-05 13:44:33,428 [Time-limited test] INFO  http.HttpServer2 (HttpServer2.java:addFilter(1007)) - Added filter static_user_filter (class=org.apache.hadoop.http.lib.StaticUserWebFilter$StaticUserFilter) to context hddsDatanode
2023-07-05 13:44:33,428 [Time-limited test] INFO  http.HttpServer2 (HttpServer2.java:addFilter(1015)) - Added filter static_user_filter (class=org.apache.hadoop.http.lib.StaticUserWebFilter$StaticUserFilter) to context static
2023-07-05 13:44:33,428 [Time-limited test] INFO  http.HttpServer2 (HttpServer2.java:addFilter(1015)) - Added filter static_user_filter (class=org.apache.hadoop.http.lib.StaticUserWebFilter$StaticUserFilter) to context logs
2023-07-05 13:44:33,428 [Time-limited test] INFO  http.BaseHttpServer (BaseHttpServer.java:<init>(190)) - HTTP server of hddsDatanode uses base directory /home/runner/work/ozone/ozone/hadoop-ozone/integration-test/target/test-dir/MiniOzoneClusterImpl-5a349b9d-530c-474e-9da9-45562981beee/datanode-2/meta/webserver
2023-07-05 13:44:33,428 [Time-limited test] INFO  http.HttpServer2 (HttpServer2.java:bindListener(1250)) - Jetty bound to port 15239
2023-07-05 13:44:33,428 [Time-limited test] INFO  server.Server (Server.java:doStart(375)) - jetty-9.4.51.v20230217; built: 2023-02-17T08:19:37.309Z; git: b45c405e4544384de066f814ed42ae3dceacdd49; jvm 1.8.0_372-b07
2023-07-05 13:44:33,442 [Time-limited test] INFO  server.session (DefaultSessionIdManager.java:doStart(334)) - DefaultSessionIdManager workerName=node0
2023-07-05 13:44:33,442 [Time-limited test] INFO  server.session (DefaultSessionIdManager.java:doStart(339)) - No SessionScavenger set, using defaults
2023-07-05 13:44:33,442 [Time-limited test] INFO  server.session (HouseKeeper.java:startScavenging(132)) - node0 Scavenging every 660000ms
2023-07-05 13:44:33,443 [Time-limited test] INFO  handler.ContextHandler (ContextHandler.java:doStart(921)) - Started o.e.j.s.ServletContextHandler@2131d08c{logs,/logs,file:///home/runner/work/ozone/ozone/hadoop-ozone/integration-test/target/log,AVAILABLE}
2023-07-05 13:44:33,443 [Time-limited test] INFO  handler.ContextHandler (ContextHandler.java:doStart(921)) - Started o.e.j.s.ServletContextHandler@6d67326d{static,/static,jar:file:/home/runner/.m2/repository/org/apache/ozone/hdds-container-service/1.4.0-SNAPSHOT/hdds-container-service-1.4.0-SNAPSHOT.jar!/webapps/static,AVAILABLE}
2023-07-05 13:44:33,670 [Time-limited test] INFO  handler.ContextHandler (ContextHandler.java:doStart(921)) - Started o.e.j.w.WebAppContext@4c102e7a{hddsDatanode,/,file:///home/runner/work/ozone/ozone/hadoop-ozone/integration-test/target/test-dir/MiniOzoneClusterImpl-5a349b9d-530c-474e-9da9-45562981beee/datanode-2/meta/webserver/jetty-0_0_0_0-15239-hdds-container-service-1_4_0-SNAPSHOT_jar-_-any-8414580110799778844/webapp/,AVAILABLE}{jar:file:/home/runner/.m2/repository/org/apache/ozone/hdds-container-service/1.4.0-SNAPSHOT/hdds-container-service-1.4.0-SNAPSHOT.jar!/webapps/hddsDatanode}
2023-07-05 13:44:33,672 [Time-limited test] INFO  server.AbstractConnector (AbstractConnector.java:doStart(333)) - Started ServerConnector@4f048d73{HTTP/1.1, (http/1.1)}{0.0.0.0:15239}
2023-07-05 13:44:33,672 [Time-limited test] INFO  server.Server (Server.java:doStart(415)) - Started @182958ms
2023-07-05 13:44:33,672 [Time-limited test] WARN  impl.MetricsSystemImpl (MetricsSystemImpl.java:register(279)) - Sink prometheus already exists!
2023-07-05 13:44:33,672 [Time-limited test] INFO  http.BaseHttpServer (BaseHttpServer.java:updateConnectorAddress(344)) - HTTP server of hddsDatanode listening at http://0.0.0.0:15239
2023-07-05 13:44:33,673 [Time-limited test] INFO  ipc.CallQueueManager (CallQueueManager.java:<init>(90)) - Using callQueue: class java.util.concurrent.LinkedBlockingQueue, queueCapacity: 100, scheduler: class org.apache.hadoop.ipc.DefaultRpcScheduler, ipcBackoff: false.
2023-07-05 13:44:33,673 [Time-limited test] INFO  ipc.Server (Server.java:<init>(1287)) - Listener at 0.0.0.0:15240
2023-07-05 13:44:33,673 [Socket Reader #1 for port 15240] INFO  ipc.Server (Server.java:run(1323)) - Starting Socket Reader #1 for port 15240
2023-07-05 13:44:33,676 [Time-limited test] INFO  ozone.HddsDatanodeService (HddsDatanodeService.java:start(315)) - Datanode start with admins: [runner]
2023-07-05 13:44:33,676 [Time-limited test] INFO  ozone.HddsDatanodeClientProtocolServer (HddsDatanodeClientProtocolServer.java:start(72)) - RPC server for Client /0.0.0.0:15240
2023-07-05 13:44:33,676 [IPC Server Responder] INFO  ipc.Server (Server.java:run(1562)) - IPC Server Responder: starting
2023-07-05 13:44:33,679 [Datanode State Machine Daemon Thread] INFO  statemachine.DatanodeStateMachine (DatanodeStateMachine.java:lambda$startDaemon$0(531)) - Ozone container server started.
2023-07-05 13:44:33,679 [Time-limited test] WARN  impl.MetricRegistriesImpl (MetricRegistriesImpl.java:addReporterRegistration(111)) - New reporters are added after registries were created. Some metrics will be missing from the reporter. Please add reporter before adding any new registry.
2023-07-05 13:44:33,679 [Time-limited test] WARN  impl.MetricRegistriesImpl (MetricRegistriesImpl.java:addReporterRegistration(111)) - New reporters are added after registries were created. Some metrics will be missing from the reporter. Please add reporter before adding any new registry.
2023-07-05 13:44:33,679 [Time-limited test] INFO  impl.MetricsSystemImpl (MetricsSystemImpl.java:init(158)) - HddsDatanode metrics system started (again)
2023-07-05 13:44:33,687 [IPC Server listener on 15240] INFO  ipc.Server (Server.java:run(1402)) - IPC Server listener on 15240: starting
2023-07-05 13:44:33,693 [Datanode State Machine Task Thread - 0] INFO  datanode.InitDatanodeState (InitDatanodeState.java:persistContainerDatanodeDetails(138)) - DatanodeDetails is persisted to /home/runner/work/ozone/ozone/hadoop-ozone/integration-test/target/test-dir/MiniOzoneClusterImpl-5a349b9d-530c-474e-9da9-45562981beee/datanode-2/meta/datanode.id
2023-07-05 13:44:33,697 [Time-limited test] INFO  ozone.HddsDatanodeService (HddsDatanodeService.java:start(237)) - HddsDatanodeService host:fv-az264-29.ca02foy5wcnuvlrvrz2wi3p2og.dx.internal.cloudapp.net ip:10.1.0.13
2023-07-05 13:44:33,703 [ReplicationMonitor] INFO  replication.ReplicationManager (ReplicationManager.java:processAll(361)) - Replication Manager is not ready to run until 3000ms after safemode exit
2023-07-05 13:44:33,724 [Time-limited test] INFO  upgrade.AbstractLayoutVersionManager (AbstractLayoutVersionManager.java:init(83)) - Initializing Layout version manager with metadata layout = HADOOP_PRC_PORTS_IN_DATANODEDETAILS (version = 7), software layout = HADOOP_PRC_PORTS_IN_DATANODEDETAILS (version = 7)
2023-07-05 13:44:33,725 [Time-limited test] INFO  statemachine.DatanodeStateMachine (DatanodeStateMachine.java:getEndPointTaskThreadPoolSize(279)) - Datanode State Machine Task Thread Pool size 2
2023-07-05 13:44:33,727 [Time-limited test] INFO  volume.HddsVolume (HddsVolume.java:<init>(133)) - Creating HddsVolume: /home/runner/work/ozone/ozone/hadoop-ozone/integration-test/target/test-dir/MiniOzoneClusterImpl-5a349b9d-530c-474e-9da9-45562981beee/datanode-3/data-0/containers/hdds of storage type : DISK capacity : 9223372036854775807
2023-07-05 13:44:33,727 [Time-limited test] INFO  volume.MutableVolumeSet (MutableVolumeSet.java:initializeVolumeSet(175)) - Added Volume : /home/runner/work/ozone/ozone/hadoop-ozone/integration-test/target/test-dir/MiniOzoneClusterImpl-5a349b9d-530c-474e-9da9-45562981beee/datanode-3/data-0/containers/hdds to VolumeSet
2023-07-05 13:44:33,727 [Time-limited test] INFO  volume.ThrottledAsyncChecker (ThrottledAsyncChecker.java:schedule(141)) - Scheduling a check for /home/runner/work/ozone/ozone/hadoop-ozone/integration-test/target/test-dir/MiniOzoneClusterImpl-5a349b9d-530c-474e-9da9-45562981beee/datanode-3/data-0/containers/hdds
2023-07-05 13:44:33,727 [Time-limited test] INFO  volume.StorageVolumeChecker (StorageVolumeChecker.java:checkAllVolumes(202)) - Scheduled health check for volume /home/runner/work/ozone/ozone/hadoop-ozone/integration-test/target/test-dir/MiniOzoneClusterImpl-5a349b9d-530c-474e-9da9-45562981beee/datanode-3/data-0/containers/hdds
2023-07-05 13:44:33,731 [Time-limited test] INFO  volume.MutableVolumeSet (MutableVolumeSet.java:initializeVolumeSet(175)) - Added Volume : /home/runner/work/ozone/ozone/hadoop-ozone/integration-test/target/test-dir/MiniOzoneClusterImpl-5a349b9d-530c-474e-9da9-45562981beee/datanode-3/data/ratis to VolumeSet
2023-07-05 13:44:33,731 [Time-limited test] INFO  volume.ThrottledAsyncChecker (ThrottledAsyncChecker.java:schedule(141)) - Scheduling a check for /home/runner/work/ozone/ozone/hadoop-ozone/integration-test/target/test-dir/MiniOzoneClusterImpl-5a349b9d-530c-474e-9da9-45562981beee/datanode-3/data/ratis
2023-07-05 13:44:33,731 [Time-limited test] INFO  volume.StorageVolumeChecker (StorageVolumeChecker.java:checkAllVolumes(202)) - Scheduled health check for volume /home/runner/work/ozone/ozone/hadoop-ozone/integration-test/target/test-dir/MiniOzoneClusterImpl-5a349b9d-530c-474e-9da9-45562981beee/datanode-3/data/ratis
2023-07-05 13:44:33,733 [Thread-2545] INFO  ozoneimpl.ContainerReader (ContainerReader.java:readVolume(175)) - Finish verifying containers on volume /home/runner/work/ozone/ozone/hadoop-ozone/integration-test/target/test-dir/MiniOzoneClusterImpl-5a349b9d-530c-474e-9da9-45562981beee/datanode-3/data-0/containers/hdds
2023-07-05 13:44:33,733 [Time-limited test] INFO  ozoneimpl.OzoneContainer (OzoneContainer.java:buildContainerSet(316)) - Build ContainerSet costs 0s
2023-07-05 13:44:33,735 [Time-limited test] INFO  server.RaftServer (ConfUtils.java:logGet(46)) - raft.rpc.type = GRPC (default)
2023-07-05 13:44:33,736 [Time-limited test] INFO  grpc.GrpcConfigKeys (ConfUtils.java:logFallback(53)) - raft.grpc.admin.host = null (fallback to raft.grpc.server.host)
2023-07-05 13:44:33,736 [Time-limited test] INFO  grpc.GrpcConfigKeys (ConfUtils.java:logGet(46)) - raft.grpc.admin.port = 15252 (custom)
2023-07-05 13:44:33,736 [Time-limited test] INFO  grpc.GrpcConfigKeys (ConfUtils.java:logFallback(53)) - raft.grpc.client.host = null (fallback to raft.grpc.server.host)
2023-07-05 13:44:33,736 [Time-limited test] INFO  grpc.GrpcConfigKeys (ConfUtils.java:logGet(46)) - raft.grpc.client.port = 15251 (custom)
2023-07-05 13:44:33,736 [Time-limited test] INFO  grpc.GrpcConfigKeys (ConfUtils.java:logGet(46)) - raft.grpc.server.host = null (default)
2023-07-05 13:44:33,736 [Time-limited test] INFO  grpc.GrpcConfigKeys (ConfUtils.java:logGet(46)) - raft.grpc.server.port = 15253 (custom)
2023-07-05 13:44:33,736 [Time-limited test] INFO  server.GrpcService (ConfUtils.java:logGet(46)) - raft.grpc.message.size.max = 32MB (=33554432) (custom)
2023-07-05 13:44:33,736 [Time-limited test] INFO  server.RaftServerConfigKeys (ConfUtils.java:logGet(46)) - raft.server.log.appender.buffer.byte-limit = 33554432 (custom)
2023-07-05 13:44:33,736 [Time-limited test] INFO  server.GrpcService (ConfUtils.java:logGet(46)) - raft.grpc.flow.control.window = 5MB (=5242880) (custom)
2023-07-05 13:44:33,736 [Time-limited test] INFO  server.RaftServerConfigKeys (ConfUtils.java:logGet(46)) - raft.server.rpc.request.timeout = 60s (custom)
2023-07-05 13:44:33,736 [Time-limited test] INFO  grpc.GrpcConfigKeys (ConfUtils.java:logGet(46)) - raft.grpc.server.heartbeat.channel = true (default)
2023-07-05 13:44:33,737 [Time-limited test] INFO  grpc.GrpcConfigKeys (ConfUtils.java:logGet(46)) - raft.grpc.server.async.request.thread.pool.cached = true (default)
2023-07-05 13:44:33,737 [Time-limited test] INFO  grpc.GrpcConfigKeys (ConfUtils.java:logGet(46)) - raft.grpc.server.async.request.thread.pool.size = 32 (default)
2023-07-05 13:44:33,739 [Time-limited test] INFO  impl.DataStreamServerImpl (ConfUtils.java:logGet(46)) - raft.datastream.type = NETTY (custom)
2023-07-05 13:44:33,740 [Time-limited test] INFO  server.RaftServerConfigKeys (ConfUtils.java:logGet(46)) - raft.server.data-stream.async.request.thread.pool.cached = false (default)
2023-07-05 13:44:33,740 [Time-limited test] INFO  server.RaftServerConfigKeys (ConfUtils.java:logGet(46)) - raft.server.data-stream.async.request.thread.pool.size = 20 (custom)
2023-07-05 13:44:33,740 [Time-limited test] INFO  server.RaftServerConfigKeys (ConfUtils.java:logGet(46)) - raft.server.data-stream.async.write.thread.pool.size = 16 (default)
2023-07-05 13:44:33,740 [Time-limited test] INFO  server.RaftServerConfigKeys (ConfUtils.java:logGet(46)) - raft.server.data-stream.client.pool.size = 10 (default)
2023-07-05 13:44:33,740 [Time-limited test] INFO  netty.NettyConfigKeys$DataStream (ConfUtils.java:logGet(46)) - raft.netty.dataStream.server.use-epoll = false (default)
2023-07-05 13:44:33,740 [Time-limited test] INFO  netty.NettyConfigKeys$DataStream (ConfUtils.java:logGet(46)) - raft.netty.dataStream.server.boss-group.size = 0 (default)
2023-07-05 13:44:33,740 [Time-limited test] INFO  netty.NettyConfigKeys$DataStream (ConfUtils.java:logGet(46)) - raft.netty.dataStream.server.worker-group.size = 0 (default)
2023-07-05 13:44:33,741 [Time-limited test] INFO  netty.NettyConfigKeys$DataStream (ConfUtils.java:logGet(46)) - raft.netty.dataStream.server.tls.conf = null (default)
2023-07-05 13:44:33,741 [Time-limited test] INFO  netty.NettyConfigKeys$DataStream (ConfUtils.java:logGet(46)) - raft.netty.dataStream.host = null (default)
2023-07-05 13:44:33,741 [Time-limited test] INFO  netty.NettyConfigKeys$DataStream (ConfUtils.java:logGet(46)) - raft.netty.dataStream.port = 15254 (custom)
2023-07-05 13:44:33,741 [Time-limited test] INFO  server.RaftServerConfigKeys (ConfUtils.java:logGet(46)) - raft.server.threadpool.proxy.cached = true (default)
2023-07-05 13:44:33,742 [Time-limited test] INFO  server.RaftServerConfigKeys (ConfUtils.java:logGet(46)) - raft.server.threadpool.proxy.size = 0 (default)
2023-07-05 13:44:33,742 [Time-limited test] INFO  server.RaftServerConfigKeys (ConfUtils.java:logGet(46)) - raft.server.rpc.slowness.timeout = 300s (custom)
2023-07-05 13:44:33,742 [1921cb7d-1b71-44f2-8c1b-bd8e1d96d4a3-NettyServerStreamRpc-bossGroup--thread1] INFO  logging.LoggingHandler (AbstractInternalLogger.java:log(148)) - [id: 0x836c4d2e] REGISTERED
2023-07-05 13:44:33,742 [Time-limited test] INFO  server.RaftServerConfigKeys (ConfUtils.java:logGet(46)) - raft.server.leaderelection.leader.step-down.wait-time = 10s (default)
2023-07-05 13:44:33,742 [1921cb7d-1b71-44f2-8c1b-bd8e1d96d4a3-NettyServerStreamRpc-bossGroup--thread1] INFO  logging.LoggingHandler (AbstractInternalLogger.java:log(148)) - [id: 0x836c4d2e] BIND: 0.0.0.0/0.0.0.0:15254
2023-07-05 13:44:33,742 [Time-limited test] INFO  server.RaftServerConfigKeys (ConfUtils.java:logGet(46)) - raft.server.storage.dir = [/home/runner/work/ozone/ozone/hadoop-ozone/integration-test/target/test-dir/MiniOzoneClusterImpl-5a349b9d-530c-474e-9da9-45562981beee/datanode-3/data/ratis] (custom)
2023-07-05 13:44:33,742 [1921cb7d-1b71-44f2-8c1b-bd8e1d96d4a3-NettyServerStreamRpc-bossGroup--thread1] INFO  logging.LoggingHandler (AbstractInternalLogger.java:log(148)) - [id: 0x836c4d2e, L:/0:0:0:0:0:0:0:0:15254] ACTIVE
2023-07-05 13:44:33,743 [Time-limited test] INFO  server.XceiverServerGrpc (XceiverServerGrpc.java:<init>(132)) - GrpcServer channel type EpollServerSocketChannel
2023-07-05 13:44:33,745 [Time-limited test] INFO  replication.ReplicationSupervisor (ReplicationSupervisor.java:nodeStateUpdated(305)) - Node state updated to IN_SERVICE, scaling executor pool size to 10
2023-07-05 13:44:33,747 [Time-limited test] INFO  http.BaseHttpServer (BaseHttpServer.java:newHttpServer2BuilderForOzone(224)) - Starting Web-server for hddsDatanode at: http://0.0.0.0:15248
2023-07-05 13:44:33,747 [Time-limited test] INFO  http.BaseHttpServer (BaseHttpServer.java:<init>(111)) - Hadoop Security Enabled: false Ozone Security Enabled: false Ozone HTTP Security Enabled: false 
2023-07-05 13:44:33,748 [Time-limited test] WARN  server.AuthenticationFilter (AuthenticationFilter.java:constructSecretProvider(240)) - Unable to initialize FileSignerSecretProvider, falling back to use random secrets. Reason: Could not read signature secret file: /home/runner/hadoop-http-auth-signature-secret
2023-07-05 13:44:33,748 [Time-limited test] INFO  http.HttpRequestLog (HttpRequestLog.java:getRequestLog(86)) - Http request log for http.requests.hddsDatanode is not defined
2023-07-05 13:44:33,749 [Time-limited test] INFO  http.HttpServer2 (HttpServer2.java:addGlobalFilter(1031)) - Added global filter 'safety' (class=org.apache.hadoop.hdds.server.http.HttpServer2$QuotingInputFilter)
2023-07-05 13:44:33,750 [Time-limited test] INFO  http.HttpServer2 (HttpServer2.java:addFilter(1007)) - Added filter static_user_filter (class=org.apache.hadoop.http.lib.StaticUserWebFilter$StaticUserFilter) to context hddsDatanode
2023-07-05 13:44:33,750 [Time-limited test] INFO  http.HttpServer2 (HttpServer2.java:addFilter(1015)) - Added filter static_user_filter (class=org.apache.hadoop.http.lib.StaticUserWebFilter$StaticUserFilter) to context logs
2023-07-05 13:44:33,750 [Time-limited test] INFO  http.HttpServer2 (HttpServer2.java:addFilter(1015)) - Added filter static_user_filter (class=org.apache.hadoop.http.lib.StaticUserWebFilter$StaticUserFilter) to context static
2023-07-05 13:44:33,750 [Time-limited test] INFO  http.BaseHttpServer (BaseHttpServer.java:<init>(190)) - HTTP server of hddsDatanode uses base directory /home/runner/work/ozone/ozone/hadoop-ozone/integration-test/target/test-dir/MiniOzoneClusterImpl-5a349b9d-530c-474e-9da9-45562981beee/datanode-3/meta/webserver
2023-07-05 13:44:33,750 [Time-limited test] INFO  http.HttpServer2 (HttpServer2.java:bindListener(1250)) - Jetty bound to port 15248
2023-07-05 13:44:33,750 [Time-limited test] INFO  server.Server (Server.java:doStart(375)) - jetty-9.4.51.v20230217; built: 2023-02-17T08:19:37.309Z; git: b45c405e4544384de066f814ed42ae3dceacdd49; jvm 1.8.0_372-b07
2023-07-05 13:44:33,752 [Time-limited test] INFO  server.session (DefaultSessionIdManager.java:doStart(334)) - DefaultSessionIdManager workerName=node0
2023-07-05 13:44:33,752 [Time-limited test] INFO  server.session (DefaultSessionIdManager.java:doStart(339)) - No SessionScavenger set, using defaults
2023-07-05 13:44:33,752 [Time-limited test] INFO  server.session (HouseKeeper.java:startScavenging(132)) - node0 Scavenging every 660000ms
2023-07-05 13:44:33,752 [Time-limited test] INFO  handler.ContextHandler (ContextHandler.java:doStart(921)) - Started o.e.j.s.ServletContextHandler@53c51d57{logs,/logs,file:///home/runner/work/ozone/ozone/hadoop-ozone/integration-test/target/log,AVAILABLE}
2023-07-05 13:44:33,753 [Time-limited test] INFO  handler.ContextHandler (ContextHandler.java:doStart(921)) - Started o.e.j.s.ServletContextHandler@7d1e16e2{static,/static,jar:file:/home/runner/.m2/repository/org/apache/ozone/hdds-container-service/1.4.0-SNAPSHOT/hdds-container-service-1.4.0-SNAPSHOT.jar!/webapps/static,AVAILABLE}
2023-07-05 13:44:33,837 [om1@group-C5BA1605619E-FollowerState] INFO  impl.FollowerState (FollowerState.java:run(143)) - om1@group-C5BA1605619E-FollowerState: change to CANDIDATE, lastRpcElapsedTime:1197582430ns, electionTimeout:1197ms
2023-07-05 13:44:33,837 [om1@group-C5BA1605619E-FollowerState] INFO  impl.RoleInfo (RoleInfo.java:shutdownFollowerState(110)) - om1: shutdown om1@group-C5BA1605619E-FollowerState
2023-07-05 13:44:33,837 [om1@group-C5BA1605619E-FollowerState] INFO  server.RaftServer$Division (RaftServerImpl.java:setRole(329)) - om1@group-C5BA1605619E: changes role from  FOLLOWER to CANDIDATE at term 0 for changeToCandidate
2023-07-05 13:44:33,837 [om1@group-C5BA1605619E-FollowerState] INFO  server.RaftServerConfigKeys (ConfUtils.java:logGet(46)) - raft.server.leaderelection.pre-vote = true (default)
2023-07-05 13:44:33,837 [om1@group-C5BA1605619E-FollowerState] INFO  impl.RoleInfo (RoleInfo.java:updateAndGet(139)) - om1: start om1@group-C5BA1605619E-LeaderElection44
2023-07-05 13:44:33,841 [om1@group-C5BA1605619E-LeaderElection44] INFO  impl.LeaderElection (LeaderElection.java:askForVotes(321)) - om1@group-C5BA1605619E-LeaderElection44 PRE_VOTE round 0: submit vote requests at term 0 for -1: peers:[om1|rpc:localhost:15219|priority:0|startupRole:FOLLOWER]|listeners:[], old=null
2023-07-05 13:44:33,841 [om1@group-C5BA1605619E-LeaderElection44] INFO  impl.LeaderElection (LeaderElection.java:askForVotes(323)) - om1@group-C5BA1605619E-LeaderElection44 PRE_VOTE round 0: result PASSED (term=0)
2023-07-05 13:44:33,843 [om1@group-C5BA1605619E-LeaderElection44] INFO  impl.LeaderElection (LeaderElection.java:askForVotes(321)) - om1@group-C5BA1605619E-LeaderElection44 ELECTION round 0: submit vote requests at term 1 for -1: peers:[om1|rpc:localhost:15219|priority:0|startupRole:FOLLOWER]|listeners:[], old=null
2023-07-05 13:44:33,843 [om1@group-C5BA1605619E-LeaderElection44] INFO  impl.LeaderElection (LeaderElection.java:askForVotes(323)) - om1@group-C5BA1605619E-LeaderElection44 ELECTION round 0: result PASSED (term=1)
2023-07-05 13:44:33,843 [om1@group-C5BA1605619E-LeaderElection44] INFO  impl.RoleInfo (RoleInfo.java:shutdownLeaderElection(130)) - om1: shutdown om1@group-C5BA1605619E-LeaderElection44
2023-07-05 13:44:33,843 [om1@group-C5BA1605619E-LeaderElection44] INFO  server.RaftServer$Division (RaftServerImpl.java:setRole(329)) - om1@group-C5BA1605619E: changes role from CANDIDATE to LEADER at term 1 for changeToLeader
2023-07-05 13:44:33,844 [om1@group-C5BA1605619E-LeaderElection44] INFO  server.RaftServer$Division (ServerState.java:setLeader(317)) - om1@group-C5BA1605619E: change Leader from null to om1 at term 1 for becomeLeader, leader elected after 1658ms
2023-07-05 13:44:33,844 [om1@group-C5BA1605619E-LeaderElection44] INFO  server.RaftServerConfigKeys (ConfUtils.java:logGet(46)) - raft.server.staging.catchup.gap = 1000 (default)
2023-07-05 13:44:33,844 [om1@group-C5BA1605619E-LeaderElection44] INFO  server.RaftServerConfigKeys (ConfUtils.java:logGet(46)) - raft.server.write.element-limit = 4096 (default)
2023-07-05 13:44:33,844 [om1@group-C5BA1605619E-LeaderElection44] INFO  server.RaftServerConfigKeys (ConfUtils.java:logGet(46)) - raft.server.write.byte-limit = 64MB (=67108864) (default)
2023-07-05 13:44:33,844 [om1@group-C5BA1605619E-LeaderElection44] INFO  server.RaftServerConfigKeys (ConfUtils.java:logGet(46)) - raft.server.watch.timeout = 10s (default)
2023-07-05 13:44:33,844 [om1@group-C5BA1605619E-LeaderElection44] INFO  server.RaftServerConfigKeys (ConfUtils.java:logGet(46)) - raft.server.watch.timeout.denomination = 1s (default)
2023-07-05 13:44:33,844 [om1@group-C5BA1605619E-LeaderElection44] INFO  server.RaftServerConfigKeys (ConfUtils.java:logGet(46)) - raft.server.watch.element-limit = 65536 (default)
2023-07-05 13:44:33,844 [om1@group-C5BA1605619E-LeaderElection44] INFO  server.RaftServerConfigKeys (ConfUtils.java:logGet(46)) - raft.server.write.element-limit = 4096 (default)
2023-07-05 13:44:33,844 [om1@group-C5BA1605619E-LeaderElection44] INFO  server.RaftServerConfigKeys (ConfUtils.java:logGet(46)) - raft.server.write.follower.gap.ratio.max = -1.0 (default)
2023-07-05 13:44:33,845 [om1@group-C5BA1605619E-LeaderElection44] INFO  impl.RoleInfo (RoleInfo.java:updateAndGet(139)) - om1: start om1@group-C5BA1605619E-LeaderStateImpl
2023-07-05 13:44:33,845 [om1@group-C5BA1605619E-LeaderElection44] INFO  segmented.SegmentedRaftLogWorker (SegmentedRaftLogWorker.java:startLogSegment(447)) - om1@group-C5BA1605619E-SegmentedRaftLogWorker: Starting segment from index:0
2023-07-05 13:44:33,855 [om1@group-C5BA1605619E-LeaderElection44] INFO  server.RaftServer$Division (ServerState.java:setRaftConf(434)) - om1@group-C5BA1605619E: set configuration 0: peers:[om1|rpc:localhost:15219|admin:|client:|dataStream:|priority:0|startupRole:FOLLOWER]|listeners:[], old=null
2023-07-05 13:44:33,857 [om1@group-C5BA1605619E-SegmentedRaftLogWorker] INFO  segmented.SegmentedRaftLogWorker (SegmentedRaftLogWorker.java:execute(651)) - om1@group-C5BA1605619E-SegmentedRaftLogWorker: created new log segment /home/runner/work/ozone/ozone/hadoop-ozone/integration-test/target/test-dir/MiniOzoneClusterImpl-5a349b9d-530c-474e-9da9-45562981beee/ozone-meta/ratis/bf265839-605b-3f16-9796-c5ba1605619e/current/log_inprogress_0
2023-07-05 13:44:33,859 [om1@group-C5BA1605619E-StateMachineUpdater] INFO  ratis.OzoneManagerStateMachine (OzoneManagerStateMachine.java:notifyConfigurationChanged(201)) - Received Configuration change notification from Ratis. New Peer list:
[id: "om1"
address: "localhost:15219"
startupRole: FOLLOWER
]
2023-07-05 13:44:33,985 [Time-limited test] INFO  handler.ContextHandler (ContextHandler.java:doStart(921)) - Started o.e.j.w.WebAppContext@29e0fb19{hddsDatanode,/,file:///home/runner/work/ozone/ozone/hadoop-ozone/integration-test/target/test-dir/MiniOzoneClusterImpl-5a349b9d-530c-474e-9da9-45562981beee/datanode-3/meta/webserver/jetty-0_0_0_0-15248-hdds-container-service-1_4_0-SNAPSHOT_jar-_-any-8403572255004627718/webapp/,AVAILABLE}{jar:file:/home/runner/.m2/repository/org/apache/ozone/hdds-container-service/1.4.0-SNAPSHOT/hdds-container-service-1.4.0-SNAPSHOT.jar!/webapps/hddsDatanode}
2023-07-05 13:44:33,987 [Time-limited test] INFO  server.AbstractConnector (AbstractConnector.java:doStart(333)) - Started ServerConnector@1c555b87{HTTP/1.1, (http/1.1)}{0.0.0.0:15248}
2023-07-05 13:44:33,987 [Time-limited test] INFO  server.Server (Server.java:doStart(415)) - Started @183274ms
2023-07-05 13:44:33,987 [Time-limited test] WARN  impl.MetricsSystemImpl (MetricsSystemImpl.java:register(279)) - Sink prometheus already exists!
2023-07-05 13:44:33,988 [Time-limited test] INFO  http.BaseHttpServer (BaseHttpServer.java:updateConnectorAddress(344)) - HTTP server of hddsDatanode listening at http://0.0.0.0:15248
2023-07-05 13:44:33,988 [Time-limited test] INFO  ipc.CallQueueManager (CallQueueManager.java:<init>(90)) - Using callQueue: class java.util.concurrent.LinkedBlockingQueue, queueCapacity: 100, scheduler: class org.apache.hadoop.ipc.DefaultRpcScheduler, ipcBackoff: false.
2023-07-05 13:44:33,989 [Time-limited test] INFO  ipc.Server (Server.java:<init>(1287)) - Listener at 0.0.0.0:15249
2023-07-05 13:44:33,990 [Socket Reader #1 for port 15249] INFO  ipc.Server (Server.java:run(1323)) - Starting Socket Reader #1 for port 15249
2023-07-05 13:44:33,993 [Time-limited test] INFO  ozone.HddsDatanodeService (HddsDatanodeService.java:start(315)) - Datanode start with admins: [runner]
2023-07-05 13:44:33,994 [Time-limited test] INFO  ozone.HddsDatanodeClientProtocolServer (HddsDatanodeClientProtocolServer.java:start(72)) - RPC server for Client /0.0.0.0:15249
2023-07-05 13:44:33,994 [IPC Server Responder] INFO  ipc.Server (Server.java:run(1562)) - IPC Server Responder: starting
2023-07-05 13:44:33,996 [IPC Server listener on 15249] INFO  ipc.Server (Server.java:run(1402)) - IPC Server listener on 15249: starting
2023-07-05 13:44:33,997 [Datanode State Machine Daemon Thread] INFO  statemachine.DatanodeStateMachine (DatanodeStateMachine.java:lambda$startDaemon$0(531)) - Ozone container server started.
2023-07-05 13:44:33,997 [Time-limited test] WARN  impl.MetricRegistriesImpl (MetricRegistriesImpl.java:addReporterRegistration(111)) - New reporters are added after registries were created. Some metrics will be missing from the reporter. Please add reporter before adding any new registry.
2023-07-05 13:44:33,997 [Time-limited test] WARN  impl.MetricRegistriesImpl (MetricRegistriesImpl.java:addReporterRegistration(111)) - New reporters are added after registries were created. Some metrics will be missing from the reporter. Please add reporter before adding any new registry.
2023-07-05 13:44:33,997 [Time-limited test] INFO  impl.MetricsSystemImpl (MetricsSystemImpl.java:init(158)) - HddsDatanode metrics system started (again)
2023-07-05 13:44:34,011 [Time-limited test] INFO  ozone.HddsDatanodeService (HddsDatanodeService.java:start(237)) - HddsDatanodeService host:fv-az264-29.ca02foy5wcnuvlrvrz2wi3p2og.dx.internal.cloudapp.net ip:10.1.0.13
2023-07-05 13:44:34,012 [Datanode State Machine Task Thread - 0] INFO  datanode.InitDatanodeState (InitDatanodeState.java:persistContainerDatanodeDetails(138)) - DatanodeDetails is persisted to /home/runner/work/ozone/ozone/hadoop-ozone/integration-test/target/test-dir/MiniOzoneClusterImpl-5a349b9d-530c-474e-9da9-45562981beee/datanode-3/meta/datanode.id
2023-07-05 13:44:34,035 [Time-limited test] INFO  upgrade.AbstractLayoutVersionManager (AbstractLayoutVersionManager.java:init(83)) - Initializing Layout version manager with metadata layout = HADOOP_PRC_PORTS_IN_DATANODEDETAILS (version = 7), software layout = HADOOP_PRC_PORTS_IN_DATANODEDETAILS (version = 7)
2023-07-05 13:44:34,036 [Time-limited test] INFO  statemachine.DatanodeStateMachine (DatanodeStateMachine.java:getEndPointTaskThreadPoolSize(279)) - Datanode State Machine Task Thread Pool size 2
2023-07-05 13:44:34,037 [Time-limited test] INFO  volume.HddsVolume (HddsVolume.java:<init>(133)) - Creating HddsVolume: /home/runner/work/ozone/ozone/hadoop-ozone/integration-test/target/test-dir/MiniOzoneClusterImpl-5a349b9d-530c-474e-9da9-45562981beee/datanode-4/data-0/containers/hdds of storage type : DISK capacity : 9223372036854775807
2023-07-05 13:44:34,038 [Time-limited test] INFO  volume.MutableVolumeSet (MutableVolumeSet.java:initializeVolumeSet(175)) - Added Volume : /home/runner/work/ozone/ozone/hadoop-ozone/integration-test/target/test-dir/MiniOzoneClusterImpl-5a349b9d-530c-474e-9da9-45562981beee/datanode-4/data-0/containers/hdds to VolumeSet
2023-07-05 13:44:34,038 [Time-limited test] INFO  volume.ThrottledAsyncChecker (ThrottledAsyncChecker.java:schedule(141)) - Scheduling a check for /home/runner/work/ozone/ozone/hadoop-ozone/integration-test/target/test-dir/MiniOzoneClusterImpl-5a349b9d-530c-474e-9da9-45562981beee/datanode-4/data-0/containers/hdds
2023-07-05 13:44:34,038 [Time-limited test] INFO  volume.StorageVolumeChecker (StorageVolumeChecker.java:checkAllVolumes(202)) - Scheduled health check for volume /home/runner/work/ozone/ozone/hadoop-ozone/integration-test/target/test-dir/MiniOzoneClusterImpl-5a349b9d-530c-474e-9da9-45562981beee/datanode-4/data-0/containers/hdds
2023-07-05 13:44:34,042 [Time-limited test] INFO  volume.MutableVolumeSet (MutableVolumeSet.java:initializeVolumeSet(175)) - Added Volume : /home/runner/work/ozone/ozone/hadoop-ozone/integration-test/target/test-dir/MiniOzoneClusterImpl-5a349b9d-530c-474e-9da9-45562981beee/datanode-4/data/ratis to VolumeSet
2023-07-05 13:44:34,042 [Time-limited test] INFO  volume.ThrottledAsyncChecker (ThrottledAsyncChecker.java:schedule(141)) - Scheduling a check for /home/runner/work/ozone/ozone/hadoop-ozone/integration-test/target/test-dir/MiniOzoneClusterImpl-5a349b9d-530c-474e-9da9-45562981beee/datanode-4/data/ratis
2023-07-05 13:44:34,049 [Time-limited test] INFO  volume.StorageVolumeChecker (StorageVolumeChecker.java:checkAllVolumes(202)) - Scheduled health check for volume /home/runner/work/ozone/ozone/hadoop-ozone/integration-test/target/test-dir/MiniOzoneClusterImpl-5a349b9d-530c-474e-9da9-45562981beee/datanode-4/data/ratis
2023-07-05 13:44:34,052 [Thread-2564] INFO  ozoneimpl.ContainerReader (ContainerReader.java:readVolume(175)) - Finish verifying containers on volume /home/runner/work/ozone/ozone/hadoop-ozone/integration-test/target/test-dir/MiniOzoneClusterImpl-5a349b9d-530c-474e-9da9-45562981beee/datanode-4/data-0/containers/hdds
2023-07-05 13:44:34,052 [Time-limited test] INFO  ozoneimpl.OzoneContainer (OzoneContainer.java:buildContainerSet(316)) - Build ContainerSet costs 0s
2023-07-05 13:44:34,054 [Time-limited test] INFO  server.RaftServer (ConfUtils.java:logGet(46)) - raft.rpc.type = GRPC (default)
2023-07-05 13:44:34,054 [Time-limited test] INFO  grpc.GrpcConfigKeys (ConfUtils.java:logFallback(53)) - raft.grpc.admin.host = null (fallback to raft.grpc.server.host)
2023-07-05 13:44:34,054 [Time-limited test] INFO  grpc.GrpcConfigKeys (ConfUtils.java:logGet(46)) - raft.grpc.admin.port = 15261 (custom)
2023-07-05 13:44:34,054 [Time-limited test] INFO  grpc.GrpcConfigKeys (ConfUtils.java:logFallback(53)) - raft.grpc.client.host = null (fallback to raft.grpc.server.host)
2023-07-05 13:44:34,054 [Time-limited test] INFO  grpc.GrpcConfigKeys (ConfUtils.java:logGet(46)) - raft.grpc.client.port = 15260 (custom)
2023-07-05 13:44:34,054 [Time-limited test] INFO  grpc.GrpcConfigKeys (ConfUtils.java:logGet(46)) - raft.grpc.server.host = null (default)
2023-07-05 13:44:34,056 [Time-limited test] INFO  grpc.GrpcConfigKeys (ConfUtils.java:logGet(46)) - raft.grpc.server.port = 15262 (custom)
2023-07-05 13:44:34,057 [Time-limited test] INFO  server.GrpcService (ConfUtils.java:logGet(46)) - raft.grpc.message.size.max = 32MB (=33554432) (custom)
2023-07-05 13:44:34,057 [Time-limited test] INFO  server.RaftServerConfigKeys (ConfUtils.java:logGet(46)) - raft.server.log.appender.buffer.byte-limit = 33554432 (custom)
2023-07-05 13:44:34,057 [Time-limited test] INFO  server.GrpcService (ConfUtils.java:logGet(46)) - raft.grpc.flow.control.window = 5MB (=5242880) (custom)
2023-07-05 13:44:34,057 [Time-limited test] INFO  server.RaftServerConfigKeys (ConfUtils.java:logGet(46)) - raft.server.rpc.request.timeout = 60s (custom)
2023-07-05 13:44:34,057 [Time-limited test] INFO  grpc.GrpcConfigKeys (ConfUtils.java:logGet(46)) - raft.grpc.server.heartbeat.channel = true (default)
2023-07-05 13:44:34,057 [Time-limited test] INFO  grpc.GrpcConfigKeys (ConfUtils.java:logGet(46)) - raft.grpc.server.async.request.thread.pool.cached = true (default)
2023-07-05 13:44:34,057 [Time-limited test] INFO  grpc.GrpcConfigKeys (ConfUtils.java:logGet(46)) - raft.grpc.server.async.request.thread.pool.size = 32 (default)
2023-07-05 13:44:34,060 [Time-limited test] INFO  impl.DataStreamServerImpl (ConfUtils.java:logGet(46)) - raft.datastream.type = NETTY (custom)
2023-07-05 13:44:34,060 [Time-limited test] INFO  server.RaftServerConfigKeys (ConfUtils.java:logGet(46)) - raft.server.data-stream.async.request.thread.pool.cached = false (default)
2023-07-05 13:44:34,060 [Time-limited test] INFO  server.RaftServerConfigKeys (ConfUtils.java:logGet(46)) - raft.server.data-stream.async.request.thread.pool.size = 20 (custom)
2023-07-05 13:44:34,060 [Time-limited test] INFO  server.RaftServerConfigKeys (ConfUtils.java:logGet(46)) - raft.server.data-stream.async.write.thread.pool.size = 16 (default)
2023-07-05 13:44:34,061 [Time-limited test] INFO  server.RaftServerConfigKeys (ConfUtils.java:logGet(46)) - raft.server.data-stream.client.pool.size = 10 (default)
2023-07-05 13:44:34,061 [Time-limited test] INFO  netty.NettyConfigKeys$DataStream (ConfUtils.java:logGet(46)) - raft.netty.dataStream.server.use-epoll = false (default)
2023-07-05 13:44:34,061 [Time-limited test] INFO  netty.NettyConfigKeys$DataStream (ConfUtils.java:logGet(46)) - raft.netty.dataStream.server.boss-group.size = 0 (default)
2023-07-05 13:44:34,061 [Time-limited test] INFO  netty.NettyConfigKeys$DataStream (ConfUtils.java:logGet(46)) - raft.netty.dataStream.server.worker-group.size = 0 (default)
2023-07-05 13:44:34,061 [Time-limited test] INFO  netty.NettyConfigKeys$DataStream (ConfUtils.java:logGet(46)) - raft.netty.dataStream.server.tls.conf = null (default)
2023-07-05 13:44:34,062 [Time-limited test] INFO  netty.NettyConfigKeys$DataStream (ConfUtils.java:logGet(46)) - raft.netty.dataStream.host = null (default)
2023-07-05 13:44:34,062 [Time-limited test] INFO  netty.NettyConfigKeys$DataStream (ConfUtils.java:logGet(46)) - raft.netty.dataStream.port = 15263 (custom)
2023-07-05 13:44:34,062 [Time-limited test] INFO  server.RaftServerConfigKeys (ConfUtils.java:logGet(46)) - raft.server.threadpool.proxy.cached = true (default)
2023-07-05 13:44:34,062 [Time-limited test] INFO  server.RaftServerConfigKeys (ConfUtils.java:logGet(46)) - raft.server.threadpool.proxy.size = 0 (default)
2023-07-05 13:44:34,062 [Time-limited test] INFO  server.RaftServerConfigKeys (ConfUtils.java:logGet(46)) - raft.server.rpc.slowness.timeout = 300s (custom)
2023-07-05 13:44:34,062 [271aec25-07f0-4d79-9bff-baf77738dc05-NettyServerStreamRpc-bossGroup--thread1] INFO  logging.LoggingHandler (AbstractInternalLogger.java:log(148)) - [id: 0x343e970b] REGISTERED
2023-07-05 13:44:34,062 [Time-limited test] INFO  server.RaftServerConfigKeys (ConfUtils.java:logGet(46)) - raft.server.leaderelection.leader.step-down.wait-time = 10s (default)
2023-07-05 13:44:34,063 [271aec25-07f0-4d79-9bff-baf77738dc05-NettyServerStreamRpc-bossGroup--thread1] INFO  logging.LoggingHandler (AbstractInternalLogger.java:log(148)) - [id: 0x343e970b] BIND: 0.0.0.0/0.0.0.0:15263
2023-07-05 13:44:34,063 [Time-limited test] INFO  server.RaftServerConfigKeys (ConfUtils.java:logGet(46)) - raft.server.storage.dir = [/home/runner/work/ozone/ozone/hadoop-ozone/integration-test/target/test-dir/MiniOzoneClusterImpl-5a349b9d-530c-474e-9da9-45562981beee/datanode-4/data/ratis] (custom)
2023-07-05 13:44:34,063 [271aec25-07f0-4d79-9bff-baf77738dc05-NettyServerStreamRpc-bossGroup--thread1] INFO  logging.LoggingHandler (AbstractInternalLogger.java:log(148)) - [id: 0x343e970b, L:/0:0:0:0:0:0:0:0:15263] ACTIVE
2023-07-05 13:44:34,065 [Time-limited test] INFO  server.XceiverServerGrpc (XceiverServerGrpc.java:<init>(132)) - GrpcServer channel type EpollServerSocketChannel
2023-07-05 13:44:34,066 [Time-limited test] INFO  replication.ReplicationSupervisor (ReplicationSupervisor.java:nodeStateUpdated(305)) - Node state updated to IN_SERVICE, scaling executor pool size to 10
2023-07-05 13:44:34,068 [Time-limited test] INFO  http.BaseHttpServer (BaseHttpServer.java:newHttpServer2BuilderForOzone(224)) - Starting Web-server for hddsDatanode at: http://0.0.0.0:15257
2023-07-05 13:44:34,068 [Time-limited test] INFO  http.BaseHttpServer (BaseHttpServer.java:<init>(111)) - Hadoop Security Enabled: false Ozone Security Enabled: false Ozone HTTP Security Enabled: false 
2023-07-05 13:44:34,069 [Time-limited test] WARN  server.AuthenticationFilter (AuthenticationFilter.java:constructSecretProvider(240)) - Unable to initialize FileSignerSecretProvider, falling back to use random secrets. Reason: Could not read signature secret file: /home/runner/hadoop-http-auth-signature-secret
2023-07-05 13:44:34,070 [Time-limited test] INFO  http.HttpRequestLog (HttpRequestLog.java:getRequestLog(86)) - Http request log for http.requests.hddsDatanode is not defined
2023-07-05 13:44:34,071 [Time-limited test] INFO  http.HttpServer2 (HttpServer2.java:addGlobalFilter(1031)) - Added global filter 'safety' (class=org.apache.hadoop.hdds.server.http.HttpServer2$QuotingInputFilter)
2023-07-05 13:44:34,071 [Time-limited test] INFO  http.HttpServer2 (HttpServer2.java:addFilter(1007)) - Added filter static_user_filter (class=org.apache.hadoop.http.lib.StaticUserWebFilter$StaticUserFilter) to context hddsDatanode
2023-07-05 13:44:34,072 [Time-limited test] INFO  http.HttpServer2 (HttpServer2.java:addFilter(1015)) - Added filter static_user_filter (class=org.apache.hadoop.http.lib.StaticUserWebFilter$StaticUserFilter) to context static
2023-07-05 13:44:34,072 [Time-limited test] INFO  http.HttpServer2 (HttpServer2.java:addFilter(1015)) - Added filter static_user_filter (class=org.apache.hadoop.http.lib.StaticUserWebFilter$StaticUserFilter) to context logs
2023-07-05 13:44:34,072 [Time-limited test] INFO  http.BaseHttpServer (BaseHttpServer.java:<init>(190)) - HTTP server of hddsDatanode uses base directory /home/runner/work/ozone/ozone/hadoop-ozone/integration-test/target/test-dir/MiniOzoneClusterImpl-5a349b9d-530c-474e-9da9-45562981beee/datanode-4/meta/webserver
2023-07-05 13:44:34,072 [Time-limited test] INFO  http.HttpServer2 (HttpServer2.java:bindListener(1250)) - Jetty bound to port 15257
2023-07-05 13:44:34,072 [Time-limited test] INFO  server.Server (Server.java:doStart(375)) - jetty-9.4.51.v20230217; built: 2023-02-17T08:19:37.309Z; git: b45c405e4544384de066f814ed42ae3dceacdd49; jvm 1.8.0_372-b07
2023-07-05 13:44:34,074 [Time-limited test] INFO  server.session (DefaultSessionIdManager.java:doStart(334)) - DefaultSessionIdManager workerName=node0
2023-07-05 13:44:34,074 [Time-limited test] INFO  server.session (DefaultSessionIdManager.java:doStart(339)) - No SessionScavenger set, using defaults
2023-07-05 13:44:34,074 [Time-limited test] INFO  server.session (HouseKeeper.java:startScavenging(132)) - node0 Scavenging every 660000ms
2023-07-05 13:44:34,075 [Time-limited test] INFO  handler.ContextHandler (ContextHandler.java:doStart(921)) - Started o.e.j.s.ServletContextHandler@2bdc4ca1{logs,/logs,file:///home/runner/work/ozone/ozone/hadoop-ozone/integration-test/target/log,AVAILABLE}
2023-07-05 13:44:34,075 [Time-limited test] INFO  handler.ContextHandler (ContextHandler.java:doStart(921)) - Started o.e.j.s.ServletContextHandler@61fed2f8{static,/static,jar:file:/home/runner/.m2/repository/org/apache/ozone/hdds-container-service/1.4.0-SNAPSHOT/hdds-container-service-1.4.0-SNAPSHOT.jar!/webapps/static,AVAILABLE}
2023-07-05 13:44:34,301 [Time-limited test] INFO  handler.ContextHandler (ContextHandler.java:doStart(921)) - Started o.e.j.w.WebAppContext@310edfbb{hddsDatanode,/,file:///home/runner/work/ozone/ozone/hadoop-ozone/integration-test/target/test-dir/MiniOzoneClusterImpl-5a349b9d-530c-474e-9da9-45562981beee/datanode-4/meta/webserver/jetty-0_0_0_0-15257-hdds-container-service-1_4_0-SNAPSHOT_jar-_-any-5613624419514308968/webapp/,AVAILABLE}{jar:file:/home/runner/.m2/repository/org/apache/ozone/hdds-container-service/1.4.0-SNAPSHOT/hdds-container-service-1.4.0-SNAPSHOT.jar!/webapps/hddsDatanode}
2023-07-05 13:44:34,303 [Time-limited test] INFO  server.AbstractConnector (AbstractConnector.java:doStart(333)) - Started ServerConnector@6f8bbdb0{HTTP/1.1, (http/1.1)}{0.0.0.0:15257}
2023-07-05 13:44:34,303 [Time-limited test] INFO  server.Server (Server.java:doStart(415)) - Started @183589ms
2023-07-05 13:44:34,303 [Time-limited test] WARN  impl.MetricsSystemImpl (MetricsSystemImpl.java:register(279)) - Sink prometheus already exists!
2023-07-05 13:44:34,303 [Time-limited test] INFO  http.BaseHttpServer (BaseHttpServer.java:updateConnectorAddress(344)) - HTTP server of hddsDatanode listening at http://0.0.0.0:15257
2023-07-05 13:44:34,304 [Time-limited test] INFO  ipc.CallQueueManager (CallQueueManager.java:<init>(90)) - Using callQueue: class java.util.concurrent.LinkedBlockingQueue, queueCapacity: 100, scheduler: class org.apache.hadoop.ipc.DefaultRpcScheduler, ipcBackoff: false.
2023-07-05 13:44:34,304 [Time-limited test] INFO  ipc.Server (Server.java:<init>(1287)) - Listener at 0.0.0.0:15258
2023-07-05 13:44:34,304 [Socket Reader #1 for port 15258] INFO  ipc.Server (Server.java:run(1323)) - Starting Socket Reader #1 for port 15258
2023-07-05 13:44:34,308 [Time-limited test] INFO  ozone.HddsDatanodeService (HddsDatanodeService.java:start(315)) - Datanode start with admins: [runner]
2023-07-05 13:44:34,308 [Time-limited test] INFO  ozone.HddsDatanodeClientProtocolServer (HddsDatanodeClientProtocolServer.java:start(72)) - RPC server for Client /0.0.0.0:15258
2023-07-05 13:44:34,308 [IPC Server Responder] INFO  ipc.Server (Server.java:run(1562)) - IPC Server Responder: starting
2023-07-05 13:44:34,308 [IPC Server listener on 15258] INFO  ipc.Server (Server.java:run(1402)) - IPC Server listener on 15258: starting
2023-07-05 13:44:34,309 [Time-limited test] INFO  ozone.MiniOzoneClusterImpl (MiniOzoneClusterImpl.java:lambda$waitForClusterToBeReady$0(224)) - Waiting for nodes to be ready. Got 0 of 5 DN Heartbeats.
2023-07-05 13:44:34,310 [Time-limited test] INFO  ozone.MiniOzoneClusterImpl (MiniOzoneClusterImpl.java:lambda$waitForClusterToBeReady$0(227)) - Waiting for cluster to exit safe mode
2023-07-05 13:44:34,310 [Time-limited test] INFO  ozone.MiniOzoneClusterImpl (MiniOzoneClusterImpl.java:lambda$waitForClusterToBeReady$0(229)) - SCM became leader
2023-07-05 13:44:34,309 [Datanode State Machine Daemon Thread] INFO  statemachine.DatanodeStateMachine (DatanodeStateMachine.java:lambda$startDaemon$0(531)) - Ozone container server started.
2023-07-05 13:44:34,317 [Datanode State Machine Task Thread - 0] INFO  datanode.InitDatanodeState (InitDatanodeState.java:persistContainerDatanodeDetails(138)) - DatanodeDetails is persisted to /home/runner/work/ozone/ozone/hadoop-ozone/integration-test/target/test-dir/MiniOzoneClusterImpl-5a349b9d-530c-474e-9da9-45562981beee/datanode-4/meta/datanode.id
2023-07-05 13:44:34,703 [ReplicationMonitor] INFO  replication.ReplicationManager (ReplicationManager.java:processAll(361)) - Replication Manager is not ready to run until 3000ms after safemode exit
2023-07-05 13:44:35,062 [EndpointStateMachine task thread for /0.0.0.0:15214 - 0 ] INFO  utils.DatanodeStoreCache (DatanodeStoreCache.java:addDB(66)) - Added db /home/runner/work/ozone/ozone/hadoop-ozone/integration-test/target/test-dir/MiniOzoneClusterImpl-5a349b9d-530c-474e-9da9-45562981beee/datanode-0/data-0/containers/hdds/5a349b9d-530c-474e-9da9-45562981beee/DS-b3c0b097-31a9-4c16-b5bf-3f875f476d1d/container.db to cache
2023-07-05 13:44:35,063 [EndpointStateMachine task thread for /0.0.0.0:15214 - 0 ] INFO  volume.HddsVolume (HddsVolume.java:createDbStore(478)) - SchemaV3 db is created and loaded at /home/runner/work/ozone/ozone/hadoop-ozone/integration-test/target/test-dir/MiniOzoneClusterImpl-5a349b9d-530c-474e-9da9-45562981beee/datanode-0/data-0/containers/hdds/5a349b9d-530c-474e-9da9-45562981beee/DS-b3c0b097-31a9-4c16-b5bf-3f875f476d1d/container.db for volume DS-b3c0b097-31a9-4c16-b5bf-3f875f476d1d
2023-07-05 13:44:35,063 [EndpointStateMachine task thread for /0.0.0.0:15214 - 0 ] INFO  ozoneimpl.OzoneContainer (OzoneContainer.java:start(419)) - Attempting to start container services.
2023-07-05 13:44:35,063 [EndpointStateMachine task thread for /0.0.0.0:15214 - 0 ] INFO  ozoneimpl.OzoneContainer (OzoneContainer.java:startContainerScrub(327)) - Scheduled background container scanners and the on-demand container scanner have been disabled.
2023-07-05 13:44:35,065 [EndpointStateMachine task thread for /0.0.0.0:15214 - 0 ] INFO  replication.ReplicationServer (ReplicationServer.java:start(128)) - ReplicationServer is started using port 15228
2023-07-05 13:44:35,065 [EndpointStateMachine task thread for /0.0.0.0:15214 - 0 ] INFO  ratis.XceiverServerRatis (XceiverServerRatis.java:start(517)) - Starting XceiverServerRatis 9cad0a2d-2056-47c2-83a8-166be64b57fa
2023-07-05 13:44:35,065 [EndpointStateMachine task thread for /0.0.0.0:15214 - 0 ] INFO  server.RaftServer (RaftServerProxy.java:startImpl(400)) - 9cad0a2d-2056-47c2-83a8-166be64b57fa: start RPC server
2023-07-05 13:44:35,066 [EndpointStateMachine task thread for /0.0.0.0:15214 - 0 ] INFO  server.GrpcService (GrpcService.java:startImpl(302)) - 9cad0a2d-2056-47c2-83a8-166be64b57fa: GrpcService started, listening on 15224
2023-07-05 13:44:35,067 [EndpointStateMachine task thread for /0.0.0.0:15214 - 0 ] INFO  server.GrpcService (GrpcService.java:startImpl(302)) - 9cad0a2d-2056-47c2-83a8-166be64b57fa: GrpcService started, listening on 15226
2023-07-05 13:44:35,069 [EndpointStateMachine task thread for /0.0.0.0:15214 - 0 ] INFO  server.GrpcService (GrpcService.java:startImpl(302)) - 9cad0a2d-2056-47c2-83a8-166be64b57fa: GrpcService started, listening on 15225
2023-07-05 13:44:35,069 [EndpointStateMachine task thread for /0.0.0.0:15214 - 0 ] INFO  ratis.XceiverServerRatis (XceiverServerRatis.java:getRealPort(543)) - XceiverServerRatis 9cad0a2d-2056-47c2-83a8-166be64b57fa is started using port 15224 for RATIS
2023-07-05 13:44:35,069 [EndpointStateMachine task thread for /0.0.0.0:15214 - 0 ] INFO  ratis.XceiverServerRatis (XceiverServerRatis.java:getRealPort(543)) - XceiverServerRatis 9cad0a2d-2056-47c2-83a8-166be64b57fa is started using port 15225 for RATIS_ADMIN
2023-07-05 13:44:35,069 [JvmPauseMonitor30] INFO  util.JvmPauseMonitor (JvmPauseMonitor.java:run(103)) - JvmPauseMonitor-9cad0a2d-2056-47c2-83a8-166be64b57fa: Started
2023-07-05 13:44:35,069 [EndpointStateMachine task thread for /0.0.0.0:15214 - 0 ] INFO  ratis.XceiverServerRatis (XceiverServerRatis.java:getRealPort(543)) - XceiverServerRatis 9cad0a2d-2056-47c2-83a8-166be64b57fa is started using port 15226 for RATIS_SERVER
2023-07-05 13:44:35,069 [EndpointStateMachine task thread for /0.0.0.0:15214 - 0 ] INFO  ratis.XceiverServerRatis (XceiverServerRatis.java:getRealPort(543)) - XceiverServerRatis 9cad0a2d-2056-47c2-83a8-166be64b57fa is started using port 15227 for RATIS_DATASTREAM
2023-07-05 13:44:35,071 [BlockDeletingService#0] INFO  interfaces.ContainerDeletionChoosingPolicyTemplate (ContainerDeletionChoosingPolicyTemplate.java:chooseContainerForBlockDeletion(83)) - Chosen 0/5000 blocks from 0 candidate containers.
2023-07-05 13:44:35,310 [Time-limited test] INFO  ozone.MiniOzoneClusterImpl (MiniOzoneClusterImpl.java:lambda$waitForClusterToBeReady$0(224)) - Waiting for nodes to be ready. Got 0 of 5 DN Heartbeats.
2023-07-05 13:44:35,310 [Time-limited test] INFO  ozone.MiniOzoneClusterImpl (MiniOzoneClusterImpl.java:lambda$waitForClusterToBeReady$0(227)) - Waiting for cluster to exit safe mode
2023-07-05 13:44:35,310 [Time-limited test] INFO  ozone.MiniOzoneClusterImpl (MiniOzoneClusterImpl.java:lambda$waitForClusterToBeReady$0(229)) - SCM became leader
2023-07-05 13:44:35,400 [EndpointStateMachine task thread for /0.0.0.0:15214 - 0 ] INFO  utils.DatanodeStoreCache (DatanodeStoreCache.java:addDB(66)) - Added db /home/runner/work/ozone/ozone/hadoop-ozone/integration-test/target/test-dir/MiniOzoneClusterImpl-5a349b9d-530c-474e-9da9-45562981beee/datanode-1/data-0/containers/hdds/5a349b9d-530c-474e-9da9-45562981beee/DS-8c2bac21-833d-454b-8cd6-66a093555d55/container.db to cache
2023-07-05 13:44:35,400 [EndpointStateMachine task thread for /0.0.0.0:15214 - 0 ] INFO  volume.HddsVolume (HddsVolume.java:createDbStore(478)) - SchemaV3 db is created and loaded at /home/runner/work/ozone/ozone/hadoop-ozone/integration-test/target/test-dir/MiniOzoneClusterImpl-5a349b9d-530c-474e-9da9-45562981beee/datanode-1/data-0/containers/hdds/5a349b9d-530c-474e-9da9-45562981beee/DS-8c2bac21-833d-454b-8cd6-66a093555d55/container.db for volume DS-8c2bac21-833d-454b-8cd6-66a093555d55
2023-07-05 13:44:35,400 [EndpointStateMachine task thread for /0.0.0.0:15214 - 0 ] INFO  ozoneimpl.OzoneContainer (OzoneContainer.java:start(419)) - Attempting to start container services.
2023-07-05 13:44:35,400 [EndpointStateMachine task thread for /0.0.0.0:15214 - 0 ] INFO  ozoneimpl.OzoneContainer (OzoneContainer.java:startContainerScrub(327)) - Scheduled background container scanners and the on-demand container scanner have been disabled.
2023-07-05 13:44:35,402 [EndpointStateMachine task thread for /0.0.0.0:15214 - 0 ] INFO  replication.ReplicationServer (ReplicationServer.java:start(128)) - ReplicationServer is started using port 15237
2023-07-05 13:44:35,402 [EndpointStateMachine task thread for /0.0.0.0:15214 - 0 ] INFO  ratis.XceiverServerRatis (XceiverServerRatis.java:start(517)) - Starting XceiverServerRatis 009ab419-7007-4517-9228-4425fd87ec20
2023-07-05 13:44:35,402 [EndpointStateMachine task thread for /0.0.0.0:15214 - 0 ] INFO  server.RaftServer (RaftServerProxy.java:startImpl(400)) - 009ab419-7007-4517-9228-4425fd87ec20: start RPC server
2023-07-05 13:44:35,404 [EndpointStateMachine task thread for /0.0.0.0:15214 - 0 ] INFO  server.GrpcService (GrpcService.java:startImpl(302)) - 009ab419-7007-4517-9228-4425fd87ec20: GrpcService started, listening on 15233
2023-07-05 13:44:35,404 [EndpointStateMachine task thread for /0.0.0.0:15214 - 0 ] INFO  server.GrpcService (GrpcService.java:startImpl(302)) - 009ab419-7007-4517-9228-4425fd87ec20: GrpcService started, listening on 15235
2023-07-05 13:44:35,405 [EndpointStateMachine task thread for /0.0.0.0:15214 - 0 ] INFO  server.GrpcService (GrpcService.java:startImpl(302)) - 009ab419-7007-4517-9228-4425fd87ec20: GrpcService started, listening on 15234
2023-07-05 13:44:35,405 [EndpointStateMachine task thread for /0.0.0.0:15214 - 0 ] INFO  ratis.XceiverServerRatis (XceiverServerRatis.java:getRealPort(543)) - XceiverServerRatis 009ab419-7007-4517-9228-4425fd87ec20 is started using port 15233 for RATIS
2023-07-05 13:44:35,406 [EndpointStateMachine task thread for /0.0.0.0:15214 - 0 ] INFO  ratis.XceiverServerRatis (XceiverServerRatis.java:getRealPort(543)) - XceiverServerRatis 009ab419-7007-4517-9228-4425fd87ec20 is started using port 15234 for RATIS_ADMIN
2023-07-05 13:44:35,406 [JvmPauseMonitor31] INFO  util.JvmPauseMonitor (JvmPauseMonitor.java:run(103)) - JvmPauseMonitor-009ab419-7007-4517-9228-4425fd87ec20: Started
2023-07-05 13:44:35,406 [EndpointStateMachine task thread for /0.0.0.0:15214 - 0 ] INFO  ratis.XceiverServerRatis (XceiverServerRatis.java:getRealPort(543)) - XceiverServerRatis 009ab419-7007-4517-9228-4425fd87ec20 is started using port 15235 for RATIS_SERVER
2023-07-05 13:44:35,406 [EndpointStateMachine task thread for /0.0.0.0:15214 - 0 ] INFO  ratis.XceiverServerRatis (XceiverServerRatis.java:getRealPort(543)) - XceiverServerRatis 009ab419-7007-4517-9228-4425fd87ec20 is started using port 15236 for RATIS_DATASTREAM
2023-07-05 13:44:35,407 [BlockDeletingService#0] INFO  interfaces.ContainerDeletionChoosingPolicyTemplate (ContainerDeletionChoosingPolicyTemplate.java:chooseContainerForBlockDeletion(83)) - Chosen 0/5000 blocks from 0 candidate containers.
2023-07-05 13:44:35,703 [ReplicationMonitor] INFO  replication.ReplicationManager (ReplicationManager.java:processAll(361)) - Replication Manager is not ready to run until 3000ms after safemode exit
2023-07-05 13:44:35,735 [EndpointStateMachine task thread for /0.0.0.0:15214 - 0 ] INFO  utils.DatanodeStoreCache (DatanodeStoreCache.java:addDB(66)) - Added db /home/runner/work/ozone/ozone/hadoop-ozone/integration-test/target/test-dir/MiniOzoneClusterImpl-5a349b9d-530c-474e-9da9-45562981beee/datanode-2/data-0/containers/hdds/5a349b9d-530c-474e-9da9-45562981beee/DS-faaf53cc-cd61-41f1-8d43-4e3e5d269295/container.db to cache
2023-07-05 13:44:35,735 [EndpointStateMachine task thread for /0.0.0.0:15214 - 0 ] INFO  volume.HddsVolume (HddsVolume.java:createDbStore(478)) - SchemaV3 db is created and loaded at /home/runner/work/ozone/ozone/hadoop-ozone/integration-test/target/test-dir/MiniOzoneClusterImpl-5a349b9d-530c-474e-9da9-45562981beee/datanode-2/data-0/containers/hdds/5a349b9d-530c-474e-9da9-45562981beee/DS-faaf53cc-cd61-41f1-8d43-4e3e5d269295/container.db for volume DS-faaf53cc-cd61-41f1-8d43-4e3e5d269295
2023-07-05 13:44:35,735 [EndpointStateMachine task thread for /0.0.0.0:15214 - 0 ] INFO  ozoneimpl.OzoneContainer (OzoneContainer.java:start(419)) - Attempting to start container services.
2023-07-05 13:44:35,736 [EndpointStateMachine task thread for /0.0.0.0:15214 - 0 ] INFO  ozoneimpl.OzoneContainer (OzoneContainer.java:startContainerScrub(327)) - Scheduled background container scanners and the on-demand container scanner have been disabled.
2023-07-05 13:44:35,738 [EndpointStateMachine task thread for /0.0.0.0:15214 - 0 ] INFO  replication.ReplicationServer (ReplicationServer.java:start(128)) - ReplicationServer is started using port 15246
2023-07-05 13:44:35,738 [EndpointStateMachine task thread for /0.0.0.0:15214 - 0 ] INFO  ratis.XceiverServerRatis (XceiverServerRatis.java:start(517)) - Starting XceiverServerRatis 39a48944-77e7-4681-b606-55be812809b8
2023-07-05 13:44:35,739 [EndpointStateMachine task thread for /0.0.0.0:15214 - 0 ] INFO  server.RaftServer (RaftServerProxy.java:startImpl(400)) - 39a48944-77e7-4681-b606-55be812809b8: start RPC server
2023-07-05 13:44:35,743 [EndpointStateMachine task thread for /0.0.0.0:15214 - 0 ] INFO  server.GrpcService (GrpcService.java:startImpl(302)) - 39a48944-77e7-4681-b606-55be812809b8: GrpcService started, listening on 15242
2023-07-05 13:44:35,747 [EndpointStateMachine task thread for /0.0.0.0:15214 - 0 ] INFO  server.GrpcService (GrpcService.java:startImpl(302)) - 39a48944-77e7-4681-b606-55be812809b8: GrpcService started, listening on 15244
2023-07-05 13:44:35,751 [EndpointStateMachine task thread for /0.0.0.0:15214 - 0 ] INFO  server.GrpcService (GrpcService.java:startImpl(302)) - 39a48944-77e7-4681-b606-55be812809b8: GrpcService started, listening on 15243
2023-07-05 13:44:35,757 [EndpointStateMachine task thread for /0.0.0.0:15214 - 0 ] INFO  ratis.XceiverServerRatis (XceiverServerRatis.java:getRealPort(543)) - XceiverServerRatis 39a48944-77e7-4681-b606-55be812809b8 is started using port 15242 for RATIS
2023-07-05 13:44:35,757 [EndpointStateMachine task thread for /0.0.0.0:15214 - 0 ] INFO  ratis.XceiverServerRatis (XceiverServerRatis.java:getRealPort(543)) - XceiverServerRatis 39a48944-77e7-4681-b606-55be812809b8 is started using port 15243 for RATIS_ADMIN
2023-07-05 13:44:35,757 [EndpointStateMachine task thread for /0.0.0.0:15214 - 0 ] INFO  ratis.XceiverServerRatis (XceiverServerRatis.java:getRealPort(543)) - XceiverServerRatis 39a48944-77e7-4681-b606-55be812809b8 is started using port 15244 for RATIS_SERVER
2023-07-05 13:44:35,757 [EndpointStateMachine task thread for /0.0.0.0:15214 - 0 ] INFO  ratis.XceiverServerRatis (XceiverServerRatis.java:getRealPort(543)) - XceiverServerRatis 39a48944-77e7-4681-b606-55be812809b8 is started using port 15245 for RATIS_DATASTREAM
2023-07-05 13:44:35,758 [JvmPauseMonitor32] INFO  util.JvmPauseMonitor (JvmPauseMonitor.java:run(103)) - JvmPauseMonitor-39a48944-77e7-4681-b606-55be812809b8: Started
2023-07-05 13:44:35,775 [BlockDeletingService#0] INFO  interfaces.ContainerDeletionChoosingPolicyTemplate (ContainerDeletionChoosingPolicyTemplate.java:chooseContainerForBlockDeletion(83)) - Chosen 0/5000 blocks from 0 candidate containers.
2023-07-05 13:44:36,035 [EndpointStateMachine task thread for /0.0.0.0:15214 - 0 ] INFO  utils.DatanodeStoreCache (DatanodeStoreCache.java:addDB(66)) - Added db /home/runner/work/ozone/ozone/hadoop-ozone/integration-test/target/test-dir/MiniOzoneClusterImpl-5a349b9d-530c-474e-9da9-45562981beee/datanode-3/data-0/containers/hdds/5a349b9d-530c-474e-9da9-45562981beee/DS-93d080c0-4dd8-4bb0-bf30-75af52a50767/container.db to cache
2023-07-05 13:44:36,035 [EndpointStateMachine task thread for /0.0.0.0:15214 - 0 ] INFO  volume.HddsVolume (HddsVolume.java:createDbStore(478)) - SchemaV3 db is created and loaded at /home/runner/work/ozone/ozone/hadoop-ozone/integration-test/target/test-dir/MiniOzoneClusterImpl-5a349b9d-530c-474e-9da9-45562981beee/datanode-3/data-0/containers/hdds/5a349b9d-530c-474e-9da9-45562981beee/DS-93d080c0-4dd8-4bb0-bf30-75af52a50767/container.db for volume DS-93d080c0-4dd8-4bb0-bf30-75af52a50767
2023-07-05 13:44:36,037 [EndpointStateMachine task thread for /0.0.0.0:15214 - 0 ] INFO  ozoneimpl.OzoneContainer (OzoneContainer.java:start(419)) - Attempting to start container services.
2023-07-05 13:44:36,037 [EndpointStateMachine task thread for /0.0.0.0:15214 - 0 ] INFO  ozoneimpl.OzoneContainer (OzoneContainer.java:startContainerScrub(327)) - Scheduled background container scanners and the on-demand container scanner have been disabled.
2023-07-05 13:44:36,039 [EndpointStateMachine task thread for /0.0.0.0:15214 - 0 ] INFO  replication.ReplicationServer (ReplicationServer.java:start(128)) - ReplicationServer is started using port 15255
2023-07-05 13:44:36,039 [EndpointStateMachine task thread for /0.0.0.0:15214 - 0 ] INFO  ratis.XceiverServerRatis (XceiverServerRatis.java:start(517)) - Starting XceiverServerRatis 1921cb7d-1b71-44f2-8c1b-bd8e1d96d4a3
2023-07-05 13:44:36,040 [EndpointStateMachine task thread for /0.0.0.0:15214 - 0 ] INFO  server.RaftServer (RaftServerProxy.java:startImpl(400)) - 1921cb7d-1b71-44f2-8c1b-bd8e1d96d4a3: start RPC server
2023-07-05 13:44:36,042 [EndpointStateMachine task thread for /0.0.0.0:15214 - 0 ] INFO  server.GrpcService (GrpcService.java:startImpl(302)) - 1921cb7d-1b71-44f2-8c1b-bd8e1d96d4a3: GrpcService started, listening on 15251
2023-07-05 13:44:36,044 [EndpointStateMachine task thread for /0.0.0.0:15214 - 0 ] INFO  server.GrpcService (GrpcService.java:startImpl(302)) - 1921cb7d-1b71-44f2-8c1b-bd8e1d96d4a3: GrpcService started, listening on 15253
2023-07-05 13:44:36,047 [EndpointStateMachine task thread for /0.0.0.0:15214 - 0 ] INFO  server.GrpcService (GrpcService.java:startImpl(302)) - 1921cb7d-1b71-44f2-8c1b-bd8e1d96d4a3: GrpcService started, listening on 15252
2023-07-05 13:44:36,051 [EndpointStateMachine task thread for /0.0.0.0:15214 - 0 ] INFO  ratis.XceiverServerRatis (XceiverServerRatis.java:getRealPort(543)) - XceiverServerRatis 1921cb7d-1b71-44f2-8c1b-bd8e1d96d4a3 is started using port 15251 for RATIS
2023-07-05 13:44:36,051 [EndpointStateMachine task thread for /0.0.0.0:15214 - 0 ] INFO  ratis.XceiverServerRatis (XceiverServerRatis.java:getRealPort(543)) - XceiverServerRatis 1921cb7d-1b71-44f2-8c1b-bd8e1d96d4a3 is started using port 15252 for RATIS_ADMIN
2023-07-05 13:44:36,051 [JvmPauseMonitor33] INFO  util.JvmPauseMonitor (JvmPauseMonitor.java:run(103)) - JvmPauseMonitor-1921cb7d-1b71-44f2-8c1b-bd8e1d96d4a3: Started
2023-07-05 13:44:36,051 [EndpointStateMachine task thread for /0.0.0.0:15214 - 0 ] INFO  ratis.XceiverServerRatis (XceiverServerRatis.java:getRealPort(543)) - XceiverServerRatis 1921cb7d-1b71-44f2-8c1b-bd8e1d96d4a3 is started using port 15253 for RATIS_SERVER
2023-07-05 13:44:36,051 [EndpointStateMachine task thread for /0.0.0.0:15214 - 0 ] INFO  ratis.XceiverServerRatis (XceiverServerRatis.java:getRealPort(543)) - XceiverServerRatis 1921cb7d-1b71-44f2-8c1b-bd8e1d96d4a3 is started using port 15254 for RATIS_DATASTREAM
2023-07-05 13:44:36,053 [BlockDeletingService#0] INFO  interfaces.ContainerDeletionChoosingPolicyTemplate (ContainerDeletionChoosingPolicyTemplate.java:chooseContainerForBlockDeletion(83)) - Chosen 0/5000 blocks from 0 candidate containers.
2023-07-05 13:44:36,310 [Time-limited test] INFO  ozone.MiniOzoneClusterImpl (MiniOzoneClusterImpl.java:lambda$waitForClusterToBeReady$0(224)) - Waiting for nodes to be ready. Got 0 of 5 DN Heartbeats.
2023-07-05 13:44:36,310 [Time-limited test] INFO  ozone.MiniOzoneClusterImpl (MiniOzoneClusterImpl.java:lambda$waitForClusterToBeReady$0(227)) - Waiting for cluster to exit safe mode
2023-07-05 13:44:36,310 [Time-limited test] INFO  ozone.MiniOzoneClusterImpl (MiniOzoneClusterImpl.java:lambda$waitForClusterToBeReady$0(229)) - SCM became leader
2023-07-05 13:44:36,351 [EndpointStateMachine task thread for /0.0.0.0:15214 - 0 ] INFO  utils.DatanodeStoreCache (DatanodeStoreCache.java:addDB(66)) - Added db /home/runner/work/ozone/ozone/hadoop-ozone/integration-test/target/test-dir/MiniOzoneClusterImpl-5a349b9d-530c-474e-9da9-45562981beee/datanode-4/data-0/containers/hdds/5a349b9d-530c-474e-9da9-45562981beee/DS-083a59ca-cd62-404b-91c8-e7412af53d6d/container.db to cache
2023-07-05 13:44:36,351 [EndpointStateMachine task thread for /0.0.0.0:15214 - 0 ] INFO  volume.HddsVolume (HddsVolume.java:createDbStore(478)) - SchemaV3 db is created and loaded at /home/runner/work/ozone/ozone/hadoop-ozone/integration-test/target/test-dir/MiniOzoneClusterImpl-5a349b9d-530c-474e-9da9-45562981beee/datanode-4/data-0/containers/hdds/5a349b9d-530c-474e-9da9-45562981beee/DS-083a59ca-cd62-404b-91c8-e7412af53d6d/container.db for volume DS-083a59ca-cd62-404b-91c8-e7412af53d6d
2023-07-05 13:44:36,352 [EndpointStateMachine task thread for /0.0.0.0:15214 - 0 ] INFO  ozoneimpl.OzoneContainer (OzoneContainer.java:start(419)) - Attempting to start container services.
2023-07-05 13:44:36,352 [EndpointStateMachine task thread for /0.0.0.0:15214 - 0 ] INFO  ozoneimpl.OzoneContainer (OzoneContainer.java:startContainerScrub(327)) - Scheduled background container scanners and the on-demand container scanner have been disabled.
2023-07-05 13:44:36,355 [EndpointStateMachine task thread for /0.0.0.0:15214 - 0 ] INFO  replication.ReplicationServer (ReplicationServer.java:start(128)) - ReplicationServer is started using port 15264
2023-07-05 13:44:36,355 [EndpointStateMachine task thread for /0.0.0.0:15214 - 0 ] INFO  ratis.XceiverServerRatis (XceiverServerRatis.java:start(517)) - Starting XceiverServerRatis 271aec25-07f0-4d79-9bff-baf77738dc05
2023-07-05 13:44:36,357 [EndpointStateMachine task thread for /0.0.0.0:15214 - 0 ] INFO  server.RaftServer (RaftServerProxy.java:startImpl(400)) - 271aec25-07f0-4d79-9bff-baf77738dc05: start RPC server
2023-07-05 13:44:36,359 [EndpointStateMachine task thread for /0.0.0.0:15214 - 0 ] INFO  server.GrpcService (GrpcService.java:startImpl(302)) - 271aec25-07f0-4d79-9bff-baf77738dc05: GrpcService started, listening on 15260
2023-07-05 13:44:36,361 [EndpointStateMachine task thread for /0.0.0.0:15214 - 0 ] INFO  server.GrpcService (GrpcService.java:startImpl(302)) - 271aec25-07f0-4d79-9bff-baf77738dc05: GrpcService started, listening on 15262
2023-07-05 13:44:36,364 [EndpointStateMachine task thread for /0.0.0.0:15214 - 0 ] INFO  server.GrpcService (GrpcService.java:startImpl(302)) - 271aec25-07f0-4d79-9bff-baf77738dc05: GrpcService started, listening on 15261
2023-07-05 13:44:36,364 [EndpointStateMachine task thread for /0.0.0.0:15214 - 0 ] INFO  ratis.XceiverServerRatis (XceiverServerRatis.java:getRealPort(543)) - XceiverServerRatis 271aec25-07f0-4d79-9bff-baf77738dc05 is started using port 15260 for RATIS
2023-07-05 13:44:36,364 [EndpointStateMachine task thread for /0.0.0.0:15214 - 0 ] INFO  ratis.XceiverServerRatis (XceiverServerRatis.java:getRealPort(543)) - XceiverServerRatis 271aec25-07f0-4d79-9bff-baf77738dc05 is started using port 15261 for RATIS_ADMIN
2023-07-05 13:44:36,364 [EndpointStateMachine task thread for /0.0.0.0:15214 - 0 ] INFO  ratis.XceiverServerRatis (XceiverServerRatis.java:getRealPort(543)) - XceiverServerRatis 271aec25-07f0-4d79-9bff-baf77738dc05 is started using port 15262 for RATIS_SERVER
2023-07-05 13:44:36,364 [JvmPauseMonitor34] INFO  util.JvmPauseMonitor (JvmPauseMonitor.java:run(103)) - JvmPauseMonitor-271aec25-07f0-4d79-9bff-baf77738dc05: Started
2023-07-05 13:44:36,364 [EndpointStateMachine task thread for /0.0.0.0:15214 - 0 ] INFO  ratis.XceiverServerRatis (XceiverServerRatis.java:getRealPort(543)) - XceiverServerRatis 271aec25-07f0-4d79-9bff-baf77738dc05 is started using port 15263 for RATIS_DATASTREAM
2023-07-05 13:44:36,366 [BlockDeletingService#0] INFO  interfaces.ContainerDeletionChoosingPolicyTemplate (ContainerDeletionChoosingPolicyTemplate.java:chooseContainerForBlockDeletion(83)) - Chosen 0/5000 blocks from 0 candidate containers.
2023-07-05 13:44:36,703 [ReplicationMonitor] INFO  replication.ReplicationManager (ReplicationManager.java:processAll(361)) - Replication Manager is not ready to run until 3000ms after safemode exit
2023-07-05 13:44:37,022 [IPC Server handler 1 on default port 15214] INFO  net.NetworkTopologyImpl (NetworkTopologyImpl.java:add(112)) - Added a new node: /default-rack/9cad0a2d-2056-47c2-83a8-166be64b57fa
2023-07-05 13:44:37,023 [IPC Server handler 1 on default port 15214] INFO  node.SCMNodeManager (SCMNodeManager.java:register(405)) - Registered Data node : 9cad0a2d-2056-47c2-83a8-166be64b57fa{ip: 10.1.0.13, host: fv-az264-29.ca02foy5wcnuvlrvrz2wi3p2og.dx.internal.cloudapp.net, ports: [HTTP=15221, CLIENT_RPC=15222, REPLICATION=15228, RATIS=15224, RATIS_ADMIN=15225, RATIS_SERVER=15226, RATIS_DATASTREAM=15227, STANDALONE=15223], networkLocation: /default-rack, certSerialId: null, persistedOpState: null, persistedOpStateExpiryEpochSec: 0}
2023-07-05 13:44:37,027 [EventQueue-NodeRegistrationContainerReportForDataNodeSafeModeRule] INFO  safemode.SCMSafeModeManager (DataNodeSafeModeRule.java:process(71)) - SCM in safe mode. 1 DataNodes registered, 3 required.
2023-07-05 13:44:37,027 [EventQueue-NodeRegistrationContainerReportForContainerSafeModeRule] INFO  safemode.SCMSafeModeManager (SCMSafeModeManager.java:validateSafeModeExitRules(200)) - ContainerSafeModeRule rule is successfully validated
2023-07-05 13:44:37,028 [EventQueue-PipelineReportForOneReplicaPipelineSafeModeRule] INFO  safemode.SCMSafeModeManager (SCMSafeModeManager.java:validateSafeModeExitRules(200)) - AtleastOneDatanodeReportedRule rule is successfully validated
2023-07-05 13:44:37,028 [EventQueue-NewNodeForNewNodeHandler] INFO  pipeline.BackgroundPipelineCreator (BackgroundPipelineCreator.java:notifyEventTriggered(277)) - trigger a one-shot run on RatisPipelineUtilsThread.
2023-07-05 13:44:37,029 [RatisPipelineUtilsThread - 0] INFO  pipeline.RatisPipelineProvider (RatisPipelineProvider.java:lambda$create$0(206)) - Sending CreatePipelineCommand for pipeline:PipelineID=4d06d01c-83e6-41c1-b47b-aa887ea87d65 to datanode:9cad0a2d-2056-47c2-83a8-166be64b57fa
2023-07-05 13:44:37,030 [RatisPipelineUtilsThread - 0] INFO  pipeline.BackgroundPipelineCreator (BackgroundPipelineCreator.java:createPipelines(233)) - Created new pipeline Pipeline[ Id: 4d06d01c-83e6-41c1-b47b-aa887ea87d65, Nodes: 9cad0a2d-2056-47c2-83a8-166be64b57fa(fv-az264-29.ca02foy5wcnuvlrvrz2wi3p2og.dx.internal.cloudapp.net/10.1.0.13), ReplicationConfig: RATIS/ONE, State:ALLOCATED, leaderId:, CreationTimestamp2023-07-05T13:44:37.029Z[Etc/UTC]]
2023-07-05 13:44:37,311 [Time-limited test] INFO  ozone.MiniOzoneClusterImpl (MiniOzoneClusterImpl.java:lambda$waitForClusterToBeReady$0(224)) - Waiting for nodes to be ready. Got 1 of 5 DN Heartbeats.
2023-07-05 13:44:37,311 [Time-limited test] INFO  ozone.MiniOzoneClusterImpl (MiniOzoneClusterImpl.java:lambda$waitForClusterToBeReady$0(227)) - Waiting for cluster to exit safe mode
2023-07-05 13:44:37,311 [Time-limited test] INFO  ozone.MiniOzoneClusterImpl (MiniOzoneClusterImpl.java:lambda$waitForClusterToBeReady$0(229)) - SCM became leader
2023-07-05 13:44:37,358 [IPC Server handler 2 on default port 15214] INFO  net.NetworkTopologyImpl (NetworkTopologyImpl.java:add(112)) - Added a new node: /default-rack/009ab419-7007-4517-9228-4425fd87ec20
2023-07-05 13:44:37,359 [IPC Server handler 2 on default port 15214] INFO  node.SCMNodeManager (SCMNodeManager.java:register(405)) - Registered Data node : 009ab419-7007-4517-9228-4425fd87ec20{ip: 10.1.0.13, host: fv-az264-29.ca02foy5wcnuvlrvrz2wi3p2og.dx.internal.cloudapp.net, ports: [HTTP=15230, CLIENT_RPC=15231, REPLICATION=15237, RATIS=15233, RATIS_ADMIN=15234, RATIS_SERVER=15235, RATIS_DATASTREAM=15236, STANDALONE=15232], networkLocation: /default-rack, certSerialId: null, persistedOpState: null, persistedOpStateExpiryEpochSec: 0}
2023-07-05 13:44:37,359 [EventQueue-NewNodeForNewNodeHandler] INFO  pipeline.BackgroundPipelineCreator (BackgroundPipelineCreator.java:notifyEventTriggered(277)) - trigger a one-shot run on RatisPipelineUtilsThread.
2023-07-05 13:44:37,360 [EventQueue-NodeRegistrationContainerReportForDataNodeSafeModeRule] INFO  safemode.SCMSafeModeManager (DataNodeSafeModeRule.java:process(71)) - SCM in safe mode. 2 DataNodes registered, 3 required.
2023-07-05 13:44:37,361 [RatisPipelineUtilsThread - 0] INFO  pipeline.RatisPipelineProvider (RatisPipelineProvider.java:lambda$create$0(206)) - Sending CreatePipelineCommand for pipeline:PipelineID=feadb886-544a-4fa3-8b02-e645a076d475 to datanode:009ab419-7007-4517-9228-4425fd87ec20
2023-07-05 13:44:37,362 [RatisPipelineUtilsThread - 0] INFO  pipeline.BackgroundPipelineCreator (BackgroundPipelineCreator.java:createPipelines(233)) - Created new pipeline Pipeline[ Id: feadb886-544a-4fa3-8b02-e645a076d475, Nodes: 009ab419-7007-4517-9228-4425fd87ec20(fv-az264-29.ca02foy5wcnuvlrvrz2wi3p2og.dx.internal.cloudapp.net/10.1.0.13), ReplicationConfig: RATIS/ONE, State:ALLOCATED, leaderId:, CreationTimestamp2023-07-05T13:44:37.361Z[Etc/UTC]]
2023-07-05 13:44:37,688 [IPC Server handler 3 on default port 15214] INFO  net.NetworkTopologyImpl (NetworkTopologyImpl.java:add(112)) - Added a new node: /default-rack/39a48944-77e7-4681-b606-55be812809b8
2023-07-05 13:44:37,689 [IPC Server handler 3 on default port 15214] INFO  node.SCMNodeManager (SCMNodeManager.java:register(405)) - Registered Data node : 39a48944-77e7-4681-b606-55be812809b8{ip: 10.1.0.13, host: fv-az264-29.ca02foy5wcnuvlrvrz2wi3p2og.dx.internal.cloudapp.net, ports: [HTTP=15239, CLIENT_RPC=15240, REPLICATION=15246, RATIS=15242, RATIS_ADMIN=15243, RATIS_SERVER=15244, RATIS_DATASTREAM=15245, STANDALONE=15241], networkLocation: /default-rack, certSerialId: null, persistedOpState: null, persistedOpStateExpiryEpochSec: 0}
2023-07-05 13:44:37,689 [EventQueue-NewNodeForNewNodeHandler] INFO  pipeline.BackgroundPipelineCreator (BackgroundPipelineCreator.java:notifyEventTriggered(277)) - trigger a one-shot run on RatisPipelineUtilsThread.
2023-07-05 13:44:37,691 [RatisPipelineUtilsThread - 0] INFO  pipeline.RatisPipelineProvider (RatisPipelineProvider.java:lambda$create$0(206)) - Sending CreatePipelineCommand for pipeline:PipelineID=7b29b315-dd7e-4650-a41c-b5be083b54bc to datanode:39a48944-77e7-4681-b606-55be812809b8
2023-07-05 13:44:37,692 [RatisPipelineUtilsThread - 0] INFO  pipeline.BackgroundPipelineCreator (BackgroundPipelineCreator.java:createPipelines(233)) - Created new pipeline Pipeline[ Id: 7b29b315-dd7e-4650-a41c-b5be083b54bc, Nodes: 39a48944-77e7-4681-b606-55be812809b8(fv-az264-29.ca02foy5wcnuvlrvrz2wi3p2og.dx.internal.cloudapp.net/10.1.0.13), ReplicationConfig: RATIS/ONE, State:ALLOCATED, leaderId:, CreationTimestamp2023-07-05T13:44:37.691Z[Etc/UTC]]
2023-07-05 13:44:37,692 [EventQueue-NodeRegistrationContainerReportForDataNodeSafeModeRule] INFO  safemode.SCMSafeModeManager (DataNodeSafeModeRule.java:process(71)) - SCM in safe mode. 3 DataNodes registered, 3 required.
2023-07-05 13:44:37,692 [EventQueue-NodeRegistrationContainerReportForDataNodeSafeModeRule] INFO  safemode.SCMSafeModeManager (SCMSafeModeManager.java:validateSafeModeExitRules(200)) - DataNodeSafeModeRule rule is successfully validated
2023-07-05 13:44:37,692 [EventQueue-NodeRegistrationContainerReportForDataNodeSafeModeRule] INFO  safemode.SCMSafeModeManager (SCMSafeModeManager.java:completePreCheck(229)) - All SCM safe mode pre check rules have passed
2023-07-05 13:44:37,694 [EventQueue-NodeRegistrationContainerReportForDataNodeSafeModeRule] INFO  ha.SCMContext (SCMContext.java:updateSafeModeStatus(228)) - Update SafeModeStatus from SafeModeStatus{safeModeStatus=true, preCheckPassed=false} to SafeModeStatus{safeModeStatus=true, preCheckPassed=true}.
2023-07-05 13:44:37,695 [EventQueue-NodeRegistrationContainerReportForDataNodeSafeModeRule] INFO  pipeline.BackgroundPipelineCreator (BackgroundPipelineCreator.java:notifyEventTriggered(277)) - trigger a one-shot run on RatisPipelineUtilsThread.
2023-07-05 13:44:37,695 [RatisPipelineUtilsThread - 0] INFO  pipeline.RatisPipelineProvider (RatisPipelineProvider.java:lambda$create$0(206)) - Sending CreatePipelineCommand for pipeline:PipelineID=1f5d9adf-97c4-49d3-8b94-b927724e89f9 to datanode:009ab419-7007-4517-9228-4425fd87ec20
2023-07-05 13:44:37,695 [RatisPipelineUtilsThread - 0] INFO  pipeline.RatisPipelineProvider (RatisPipelineProvider.java:lambda$create$0(206)) - Sending CreatePipelineCommand for pipeline:PipelineID=1f5d9adf-97c4-49d3-8b94-b927724e89f9 to datanode:39a48944-77e7-4681-b606-55be812809b8
2023-07-05 13:44:37,695 [RatisPipelineUtilsThread - 0] INFO  pipeline.RatisPipelineProvider (RatisPipelineProvider.java:lambda$create$0(206)) - Sending CreatePipelineCommand for pipeline:PipelineID=1f5d9adf-97c4-49d3-8b94-b927724e89f9 to datanode:9cad0a2d-2056-47c2-83a8-166be64b57fa
2023-07-05 13:44:37,696 [RatisPipelineUtilsThread - 0] INFO  pipeline.BackgroundPipelineCreator (BackgroundPipelineCreator.java:createPipelines(233)) - Created new pipeline Pipeline[ Id: 1f5d9adf-97c4-49d3-8b94-b927724e89f9, Nodes: 009ab419-7007-4517-9228-4425fd87ec20(fv-az264-29.ca02foy5wcnuvlrvrz2wi3p2og.dx.internal.cloudapp.net/10.1.0.13)39a48944-77e7-4681-b606-55be812809b8(fv-az264-29.ca02foy5wcnuvlrvrz2wi3p2og.dx.internal.cloudapp.net/10.1.0.13)9cad0a2d-2056-47c2-83a8-166be64b57fa(fv-az264-29.ca02foy5wcnuvlrvrz2wi3p2og.dx.internal.cloudapp.net/10.1.0.13), ReplicationConfig: RATIS/THREE, State:ALLOCATED, leaderId:, CreationTimestamp2023-07-05T13:44:37.695Z[Etc/UTC]]
2023-07-05 13:44:37,696 [RatisPipelineUtilsThread - 0] INFO  pipeline.RatisPipelineProvider (RatisPipelineProvider.java:lambda$create$0(206)) - Sending CreatePipelineCommand for pipeline:PipelineID=bb722c83-4313-4365-b6e0-419b63f73666 to datanode:39a48944-77e7-4681-b606-55be812809b8
2023-07-05 13:44:37,696 [RatisPipelineUtilsThread - 0] INFO  pipeline.RatisPipelineProvider (RatisPipelineProvider.java:lambda$create$0(206)) - Sending CreatePipelineCommand for pipeline:PipelineID=bb722c83-4313-4365-b6e0-419b63f73666 to datanode:9cad0a2d-2056-47c2-83a8-166be64b57fa
2023-07-05 13:44:37,696 [RatisPipelineUtilsThread - 0] INFO  pipeline.RatisPipelineProvider (RatisPipelineProvider.java:lambda$create$0(206)) - Sending CreatePipelineCommand for pipeline:PipelineID=bb722c83-4313-4365-b6e0-419b63f73666 to datanode:009ab419-7007-4517-9228-4425fd87ec20
2023-07-05 13:44:37,697 [RatisPipelineUtilsThread - 0] INFO  pipeline.PipelineManagerImpl (PipelineManagerImpl.java:recordMetricsForPipeline(895)) - Pipeline: PipelineID=bb722c83-4313-4365-b6e0-419b63f73666 contains same datanodes as previous pipelines: PipelineID=1f5d9adf-97c4-49d3-8b94-b927724e89f9 nodeIds: 39a48944-77e7-4681-b606-55be812809b8, 9cad0a2d-2056-47c2-83a8-166be64b57fa, 009ab419-7007-4517-9228-4425fd87ec20
2023-07-05 13:44:37,697 [RatisPipelineUtilsThread - 0] INFO  pipeline.BackgroundPipelineCreator (BackgroundPipelineCreator.java:createPipelines(233)) - Created new pipeline Pipeline[ Id: bb722c83-4313-4365-b6e0-419b63f73666, Nodes: 39a48944-77e7-4681-b606-55be812809b8(fv-az264-29.ca02foy5wcnuvlrvrz2wi3p2og.dx.internal.cloudapp.net/10.1.0.13)9cad0a2d-2056-47c2-83a8-166be64b57fa(fv-az264-29.ca02foy5wcnuvlrvrz2wi3p2og.dx.internal.cloudapp.net/10.1.0.13)009ab419-7007-4517-9228-4425fd87ec20(fv-az264-29.ca02foy5wcnuvlrvrz2wi3p2og.dx.internal.cloudapp.net/10.1.0.13), ReplicationConfig: RATIS/THREE, State:ALLOCATED, leaderId:, CreationTimestamp2023-07-05T13:44:37.696Z[Etc/UTC]]
2023-07-05 13:44:37,697 [RatisPipelineUtilsThread - 0] WARN  pipeline.PipelinePlacementPolicy (PipelinePlacementPolicy.java:filterViableNodes(166)) - Pipeline creation failed due to no sufficient healthy datanodes. Required 3. Found 0. Excluded 3.
2023-07-05 13:44:37,704 [ReplicationMonitor] INFO  replication.ReplicationManager (ReplicationManager.java:processAll(361)) - Replication Manager is not ready to run until 3000ms after safemode exit
2023-07-05 13:44:37,998 [IPC Server handler 0 on default port 15214] INFO  net.NetworkTopologyImpl (NetworkTopologyImpl.java:add(112)) - Added a new node: /default-rack/1921cb7d-1b71-44f2-8c1b-bd8e1d96d4a3
2023-07-05 13:44:37,999 [IPC Server handler 0 on default port 15214] INFO  node.SCMNodeManager (SCMNodeManager.java:register(405)) - Registered Data node : 1921cb7d-1b71-44f2-8c1b-bd8e1d96d4a3{ip: 10.1.0.13, host: fv-az264-29.ca02foy5wcnuvlrvrz2wi3p2og.dx.internal.cloudapp.net, ports: [HTTP=15248, CLIENT_RPC=15249, REPLICATION=15255, RATIS=15251, RATIS_ADMIN=15252, RATIS_SERVER=15253, RATIS_DATASTREAM=15254, STANDALONE=15250], networkLocation: /default-rack, certSerialId: null, persistedOpState: null, persistedOpStateExpiryEpochSec: 0}
2023-07-05 13:44:38,000 [EventQueue-NewNodeForNewNodeHandler] INFO  pipeline.BackgroundPipelineCreator (BackgroundPipelineCreator.java:notifyEventTriggered(277)) - trigger a one-shot run on RatisPipelineUtilsThread.
2023-07-05 13:44:38,001 [RatisPipelineUtilsThread - 0] INFO  pipeline.RatisPipelineProvider (RatisPipelineProvider.java:lambda$create$0(206)) - Sending CreatePipelineCommand for pipeline:PipelineID=e1ca1f65-a3d2-48c0-9b8f-afc053076c25 to datanode:1921cb7d-1b71-44f2-8c1b-bd8e1d96d4a3
2023-07-05 13:44:38,002 [RatisPipelineUtilsThread - 0] INFO  pipeline.BackgroundPipelineCreator (BackgroundPipelineCreator.java:createPipelines(233)) - Created new pipeline Pipeline[ Id: e1ca1f65-a3d2-48c0-9b8f-afc053076c25, Nodes: 1921cb7d-1b71-44f2-8c1b-bd8e1d96d4a3(fv-az264-29.ca02foy5wcnuvlrvrz2wi3p2og.dx.internal.cloudapp.net/10.1.0.13), ReplicationConfig: RATIS/ONE, State:ALLOCATED, leaderId:, CreationTimestamp2023-07-05T13:44:38.001Z[Etc/UTC]]
2023-07-05 13:44:38,002 [RatisPipelineUtilsThread - 0] WARN  pipeline.PipelinePlacementPolicy (PipelinePlacementPolicy.java:filterViableNodes(166)) - Pipeline creation failed due to no sufficient healthy datanodes. Required 3. Found 1. Excluded 3.
2023-07-05 13:44:38,311 [Time-limited test] INFO  ozone.MiniOzoneClusterImpl (MiniOzoneClusterImpl.java:lambda$waitForClusterToBeReady$0(224)) - Waiting for nodes to be ready. Got 4 of 5 DN Heartbeats.
2023-07-05 13:44:38,311 [Time-limited test] INFO  ozone.MiniOzoneClusterImpl (MiniOzoneClusterImpl.java:lambda$waitForClusterToBeReady$0(227)) - Waiting for cluster to exit safe mode
2023-07-05 13:44:38,311 [Time-limited test] INFO  ozone.MiniOzoneClusterImpl (MiniOzoneClusterImpl.java:lambda$waitForClusterToBeReady$0(229)) - SCM became leader
2023-07-05 13:44:38,316 [IPC Server handler 2 on default port 15214] INFO  net.NetworkTopologyImpl (NetworkTopologyImpl.java:add(112)) - Added a new node: /default-rack/271aec25-07f0-4d79-9bff-baf77738dc05
2023-07-05 13:44:38,317 [IPC Server handler 2 on default port 15214] INFO  node.SCMNodeManager (SCMNodeManager.java:register(405)) - Registered Data node : 271aec25-07f0-4d79-9bff-baf77738dc05{ip: 10.1.0.13, host: fv-az264-29.ca02foy5wcnuvlrvrz2wi3p2og.dx.internal.cloudapp.net, ports: [HTTP=15257, CLIENT_RPC=15258, REPLICATION=15264, RATIS=15260, RATIS_ADMIN=15261, RATIS_SERVER=15262, RATIS_DATASTREAM=15263, STANDALONE=15259], networkLocation: /default-rack, certSerialId: null, persistedOpState: null, persistedOpStateExpiryEpochSec: 0}
2023-07-05 13:44:38,317 [EventQueue-NewNodeForNewNodeHandler] INFO  pipeline.BackgroundPipelineCreator (BackgroundPipelineCreator.java:notifyEventTriggered(277)) - trigger a one-shot run on RatisPipelineUtilsThread.
2023-07-05 13:44:38,318 [RatisPipelineUtilsThread - 0] INFO  pipeline.RatisPipelineProvider (RatisPipelineProvider.java:lambda$create$0(206)) - Sending CreatePipelineCommand for pipeline:PipelineID=ea41a907-dd42-4860-bd7f-8ee5e8701bc7 to datanode:271aec25-07f0-4d79-9bff-baf77738dc05
2023-07-05 13:44:38,318 [RatisPipelineUtilsThread - 0] INFO  pipeline.BackgroundPipelineCreator (BackgroundPipelineCreator.java:createPipelines(233)) - Created new pipeline Pipeline[ Id: ea41a907-dd42-4860-bd7f-8ee5e8701bc7, Nodes: 271aec25-07f0-4d79-9bff-baf77738dc05(fv-az264-29.ca02foy5wcnuvlrvrz2wi3p2og.dx.internal.cloudapp.net/10.1.0.13), ReplicationConfig: RATIS/ONE, State:ALLOCATED, leaderId:, CreationTimestamp2023-07-05T13:44:38.318Z[Etc/UTC]]
2023-07-05 13:44:38,319 [RatisPipelineUtilsThread - 0] WARN  pipeline.PipelinePlacementPolicy (PipelinePlacementPolicy.java:filterViableNodes(166)) - Pipeline creation failed due to no sufficient healthy datanodes. Required 3. Found 2. Excluded 3.
2023-07-05 13:44:38,704 [ReplicationMonitor] INFO  replication.ReplicationManager (ReplicationManager.java:processAll(361)) - Replication Manager is not ready to run until 3000ms after safemode exit
2023-07-05 13:44:39,311 [Time-limited test] INFO  ozone.MiniOzoneClusterImpl (MiniOzoneClusterImpl.java:lambda$waitForClusterToBeReady$0(224)) - Nodes are ready. Got 5 of 5 DN Heartbeats.
2023-07-05 13:44:39,312 [Time-limited test] INFO  ozone.MiniOzoneClusterImpl (MiniOzoneClusterImpl.java:lambda$waitForClusterToBeReady$0(227)) - Waiting for cluster to exit safe mode
2023-07-05 13:44:39,312 [Time-limited test] INFO  ozone.MiniOzoneClusterImpl (MiniOzoneClusterImpl.java:lambda$waitForClusterToBeReady$0(229)) - SCM became leader
2023-07-05 13:44:39,704 [ReplicationMonitor] INFO  replication.ReplicationManager (ReplicationManager.java:processAll(361)) - Replication Manager is not ready to run until 3000ms after safemode exit
2023-07-05 13:44:40,024 [PipelineCommandHandlerThread-0] INFO  server.RaftServer (RaftServerProxy.java:addNew(98)) - 9cad0a2d-2056-47c2-83a8-166be64b57fa: addNew group-AA887EA87D65:[9cad0a2d-2056-47c2-83a8-166be64b57fa|rpc:10.1.0.13:15226|admin:10.1.0.13:15225|client:10.1.0.13:15224|dataStream:10.1.0.13:15227|priority:1|startupRole:FOLLOWER] returns group-AA887EA87D65:java.util.concurrent.CompletableFuture@dfd9d9d[Not completed]
2023-07-05 13:44:40,025 [9cad0a2d-2056-47c2-83a8-166be64b57fa-groupManagement] INFO  server.RaftServer$Division (RaftServerImpl.java:<init>(198)) - 9cad0a2d-2056-47c2-83a8-166be64b57fa: new RaftServerImpl for group-AA887EA87D65:[9cad0a2d-2056-47c2-83a8-166be64b57fa|rpc:10.1.0.13:15226|admin:10.1.0.13:15225|client:10.1.0.13:15224|dataStream:10.1.0.13:15227|priority:1|startupRole:FOLLOWER] with ContainerStateMachine:uninitialized
2023-07-05 13:44:40,025 [9cad0a2d-2056-47c2-83a8-166be64b57fa-groupManagement] INFO  server.RaftServerConfigKeys (ConfUtils.java:logGet(46)) - raft.server.rpc.timeout.min = 5s (custom)
2023-07-05 13:44:40,025 [9cad0a2d-2056-47c2-83a8-166be64b57fa-groupManagement] INFO  server.RaftServerConfigKeys (ConfUtils.java:logGet(46)) - raft.server.rpc.timeout.max = 5200ms (custom)
2023-07-05 13:44:40,025 [9cad0a2d-2056-47c2-83a8-166be64b57fa-groupManagement] INFO  server.RaftServerConfigKeys (ConfUtils.java:logGet(46)) - raft.server.rpc.sleep.time = 25ms (default)
2023-07-05 13:44:40,025 [9cad0a2d-2056-47c2-83a8-166be64b57fa-groupManagement] INFO  server.RaftServerConfigKeys (ConfUtils.java:logGet(46)) - raft.server.rpc.slowness.timeout = 300s (custom)
2023-07-05 13:44:40,025 [9cad0a2d-2056-47c2-83a8-166be64b57fa-groupManagement] INFO  server.RaftServerConfigKeys (ConfUtils.java:logGet(46)) - raft.server.leaderelection.leader.step-down.wait-time = 10s (default)
2023-07-05 13:44:40,025 [9cad0a2d-2056-47c2-83a8-166be64b57fa-groupManagement] INFO  server.RaftServerConfigKeys (ConfUtils.java:logGet(46)) - raft.server.sleep.deviation.threshold = 300ms (default)
2023-07-05 13:44:40,026 [9cad0a2d-2056-47c2-83a8-166be64b57fa-groupManagement] INFO  server.RaftServer$Division (ServerState.java:<init>(120)) - 9cad0a2d-2056-47c2-83a8-166be64b57fa@group-AA887EA87D65: ConfigurationManager, init=-1: peers:[9cad0a2d-2056-47c2-83a8-166be64b57fa|rpc:10.1.0.13:15226|admin:10.1.0.13:15225|client:10.1.0.13:15224|dataStream:10.1.0.13:15227|priority:1|startupRole:FOLLOWER]|listeners:[], old=null, confs=<EMPTY_MAP>
2023-07-05 13:44:40,026 [9cad0a2d-2056-47c2-83a8-166be64b57fa-groupManagement] INFO  server.RaftServerConfigKeys (ConfUtils.java:logGet(46)) - raft.server.storage.dir = [/home/runner/work/ozone/ozone/hadoop-ozone/integration-test/target/test-dir/MiniOzoneClusterImpl-5a349b9d-530c-474e-9da9-45562981beee/datanode-0/data/ratis] (custom)
2023-07-05 13:44:40,026 [9cad0a2d-2056-47c2-83a8-166be64b57fa-groupManagement] INFO  server.RaftServerConfigKeys (ConfUtils.java:logGet(46)) - raft.server.log.corruption.policy = EXCEPTION (default)
2023-07-05 13:44:40,026 [9cad0a2d-2056-47c2-83a8-166be64b57fa-groupManagement] INFO  server.RaftServerConfigKeys (ConfUtils.java:logGet(46)) - raft.server.storage.free-space.min = 0MB (=0) (default)
2023-07-05 13:44:40,026 [9cad0a2d-2056-47c2-83a8-166be64b57fa-groupManagement] INFO  server.RaftServerConfigKeys (ConfUtils.java:logGet(46)) - raft.server.notification.no-leader.timeout = 300s (custom)
2023-07-05 13:44:40,026 [9cad0a2d-2056-47c2-83a8-166be64b57fa-groupManagement] INFO  server.RaftServerConfigKeys (ConfUtils.java:logGet(46)) - raft.server.read.timeout = 10s (default)
2023-07-05 13:44:40,026 [9cad0a2d-2056-47c2-83a8-166be64b57fa-groupManagement] INFO  server.RaftServerConfigKeys (ConfUtils.java:logGet(46)) - raft.server.retrycache.expirytime = 600000ms (custom)
2023-07-05 13:44:40,026 [9cad0a2d-2056-47c2-83a8-166be64b57fa-groupManagement] INFO  server.RaftServerConfigKeys (ConfUtils.java:logGet(46)) - raft.server.retrycache.statistics.expirytime = 100μs (default)
2023-07-05 13:44:40,026 [9cad0a2d-2056-47c2-83a8-166be64b57fa-groupManagement] INFO  server.RaftServerConfigKeys (ConfUtils.java:logGet(46)) - raft.server.read.option = DEFAULT (default)
2023-07-05 13:44:40,027 [9cad0a2d-2056-47c2-83a8-166be64b57fa-groupManagement] INFO  server.RaftServerConfigKeys (ConfUtils.java:logGet(46)) - raft.server.rpc.request.timeout = 60s (custom)
2023-07-05 13:44:40,027 [9cad0a2d-2056-47c2-83a8-166be64b57fa-groupManagement] INFO  server.RaftServerConfigKeys (ConfUtils.java:logGet(46)) - raft.server.log.appender.install.snapshot.enabled = false (custom)
2023-07-05 13:44:40,027 [9cad0a2d-2056-47c2-83a8-166be64b57fa-groupManagement] INFO  server.RaftServerConfigKeys (ConfUtils.java:logGet(46)) - raft.server.threadpool.server.cached = true (default)
2023-07-05 13:44:40,027 [9cad0a2d-2056-47c2-83a8-166be64b57fa-groupManagement] INFO  server.RaftServerConfigKeys (ConfUtils.java:logGet(46)) - raft.server.threadpool.server.size = 0 (default)
2023-07-05 13:44:40,027 [9cad0a2d-2056-47c2-83a8-166be64b57fa-groupManagement] INFO  server.RaftServerConfigKeys (ConfUtils.java:logGet(46)) - raft.server.threadpool.client.cached = true (default)
2023-07-05 13:44:40,027 [9cad0a2d-2056-47c2-83a8-166be64b57fa-groupManagement] INFO  server.RaftServerConfigKeys (ConfUtils.java:logGet(46)) - raft.server.threadpool.client.size = 0 (default)
2023-07-05 13:44:40,027 [9cad0a2d-2056-47c2-83a8-166be64b57fa-groupManagement] INFO  storage.RaftStorageDirectory (RaftStorageDirectoryImpl.java:analyzeStorage(137)) - The storage directory /home/runner/work/ozone/ozone/hadoop-ozone/integration-test/target/test-dir/MiniOzoneClusterImpl-5a349b9d-530c-474e-9da9-45562981beee/datanode-0/data/ratis/4d06d01c-83e6-41c1-b47b-aa887ea87d65 does not exist. Creating ...
2023-07-05 13:44:40,029 [9cad0a2d-2056-47c2-83a8-166be64b57fa-groupManagement] INFO  storage.RaftStorageDirectory (RaftStorageDirectoryImpl.java:tryLock(231)) - Lock on /home/runner/work/ozone/ozone/hadoop-ozone/integration-test/target/test-dir/MiniOzoneClusterImpl-5a349b9d-530c-474e-9da9-45562981beee/datanode-0/data/ratis/4d06d01c-83e6-41c1-b47b-aa887ea87d65/in_use.lock acquired by nodename 25537@fv-az264-29
2023-07-05 13:44:40,031 [9cad0a2d-2056-47c2-83a8-166be64b57fa-groupManagement] INFO  storage.RaftStorage (RaftStorageImpl.java:format(96)) - Storage directory /home/runner/work/ozone/ozone/hadoop-ozone/integration-test/target/test-dir/MiniOzoneClusterImpl-5a349b9d-530c-474e-9da9-45562981beee/datanode-0/data/ratis/4d06d01c-83e6-41c1-b47b-aa887ea87d65 has been successfully formatted.
2023-07-05 13:44:40,032 [9cad0a2d-2056-47c2-83a8-166be64b57fa-groupManagement] INFO  ratis.ContainerStateMachine (ContainerStateMachine.java:loadSnapshot(262)) - group-AA887EA87D65: The snapshot info is null. Setting the last applied indexto:(t:0, i:~)
2023-07-05 13:44:40,032 [9cad0a2d-2056-47c2-83a8-166be64b57fa-groupManagement] INFO  server.RaftServerConfigKeys (ConfUtils.java:logGet(46)) - raft.server.log.use.memory = false (default)
2023-07-05 13:44:40,032 [9cad0a2d-2056-47c2-83a8-166be64b57fa-groupManagement] INFO  server.RaftServerConfigKeys (ConfUtils.java:logGet(46)) - raft.server.log.purge.gap = 1000000 (custom)
2023-07-05 13:44:40,032 [9cad0a2d-2056-47c2-83a8-166be64b57fa-groupManagement] INFO  server.RaftServerConfigKeys (ConfUtils.java:logGet(46)) - raft.server.log.appender.buffer.byte-limit = 33554432 (custom)
2023-07-05 13:44:40,032 [9cad0a2d-2056-47c2-83a8-166be64b57fa-groupManagement] INFO  server.RaftServerConfigKeys (ConfUtils.java:logGet(46)) - raft.server.log.statemachine.data.read.timeout = 1000ms (default)
2023-07-05 13:44:40,032 [9cad0a2d-2056-47c2-83a8-166be64b57fa-groupManagement] INFO  server.RaftServerConfigKeys (ConfUtils.java:logGet(46)) - raft.server.log.purge.preservation.log.num = 0 (default)
2023-07-05 13:44:40,032 [9cad0a2d-2056-47c2-83a8-166be64b57fa-groupManagement] INFO  server.RaftServerConfigKeys (ConfUtils.java:logGet(46)) - raft.server.log.segment.size.max = 1048576 (custom)
2023-07-05 13:44:40,033 [9cad0a2d-2056-47c2-83a8-166be64b57fa-groupManagement] INFO  server.RaftServerConfigKeys (ConfUtils.java:logGet(46)) - raft.server.log.segment.cache.num.max = 2 (custom)
2023-07-05 13:44:40,033 [9cad0a2d-2056-47c2-83a8-166be64b57fa-groupManagement] INFO  server.RaftServerConfigKeys (ConfUtils.java:logGet(46)) - raft.server.log.segment.cache.size.max = 200MB (=209715200) (default)
2023-07-05 13:44:40,033 [9cad0a2d-2056-47c2-83a8-166be64b57fa-groupManagement] INFO  server.RaftServerConfigKeys (ConfUtils.java:logGet(46)) - raft.server.log.appender.buffer.byte-limit = 33554432 (custom)
2023-07-05 13:44:40,033 [9cad0a2d-2056-47c2-83a8-166be64b57fa-groupManagement] INFO  segmented.SegmentedRaftLogWorker (SegmentedRaftLogWorker.java:<init>(188)) - new 9cad0a2d-2056-47c2-83a8-166be64b57fa@group-AA887EA87D65-SegmentedRaftLogWorker for RaftStorageImpl:Storage Directory /home/runner/work/ozone/ozone/hadoop-ozone/integration-test/target/test-dir/MiniOzoneClusterImpl-5a349b9d-530c-474e-9da9-45562981beee/datanode-0/data/ratis/4d06d01c-83e6-41c1-b47b-aa887ea87d65
2023-07-05 13:44:40,033 [9cad0a2d-2056-47c2-83a8-166be64b57fa-groupManagement] INFO  server.RaftServerConfigKeys (ConfUtils.java:logGet(46)) - raft.server.log.queue.byte-limit = 4294967296 (custom)
2023-07-05 13:44:40,033 [9cad0a2d-2056-47c2-83a8-166be64b57fa-groupManagement] INFO  server.RaftServerConfigKeys (ConfUtils.java:logGet(46)) - raft.server.log.queue.element-limit = 1024 (custom)
2023-07-05 13:44:40,033 [9cad0a2d-2056-47c2-83a8-166be64b57fa-groupManagement] INFO  server.RaftServerConfigKeys (ConfUtils.java:logGet(46)) - raft.server.log.segment.size.max = 1048576 (custom)
2023-07-05 13:44:40,033 [9cad0a2d-2056-47c2-83a8-166be64b57fa-groupManagement] INFO  server.RaftServerConfigKeys (ConfUtils.java:logGet(46)) - raft.server.log.preallocated.size = 16384 (custom)
2023-07-05 13:44:40,033 [9cad0a2d-2056-47c2-83a8-166be64b57fa-groupManagement] INFO  server.RaftServerConfigKeys (ConfUtils.java:logGet(46)) - raft.server.log.force.sync.num = 128 (default)
2023-07-05 13:44:40,033 [9cad0a2d-2056-47c2-83a8-166be64b57fa-groupManagement] INFO  server.RaftServerConfigKeys (ConfUtils.java:logGet(46)) - raft.server.log.statemachine.data.sync = true (default)
2023-07-05 13:44:40,033 [9cad0a2d-2056-47c2-83a8-166be64b57fa-groupManagement] INFO  server.RaftServerConfigKeys (ConfUtils.java:logGet(46)) - raft.server.log.statemachine.data.sync.timeout = 10s (default)
2023-07-05 13:44:40,033 [9cad0a2d-2056-47c2-83a8-166be64b57fa-groupManagement] INFO  server.RaftServerConfigKeys (ConfUtils.java:logGet(46)) - raft.server.log.statemachine.data.sync.timeout.retry = -1 (default)
2023-07-05 13:44:40,033 [EventQueue-PipelineReportForPipelineReportHandler] INFO  pipeline.PipelineReportHandler (PipelineReportHandler.java:processPipelineReport(136)) - Opened pipeline PipelineID=4d06d01c-83e6-41c1-b47b-aa887ea87d65
2023-07-05 13:44:40,034 [9cad0a2d-2056-47c2-83a8-166be64b57fa-groupManagement] INFO  server.RaftServerConfigKeys (ConfUtils.java:logGet(46)) - raft.server.log.write.buffer.size = 1048576 (custom)
2023-07-05 13:44:40,039 [9cad0a2d-2056-47c2-83a8-166be64b57fa-groupManagement] INFO  server.RaftServerConfigKeys (ConfUtils.java:logGet(46)) - raft.server.log.appender.buffer.byte-limit = 33554432 (custom)
2023-07-05 13:44:40,100 [EventQueue-OpenPipelineForHealthyPipelineSafeModeRule] INFO  safemode.SCMSafeModeManager (HealthyPipelineSafeModeRule.java:process(137)) - SCM in safe mode. Healthy pipelines reported count is 0, required healthy pipeline reported count is 1
2023-07-05 13:44:40,100 [9cad0a2d-2056-47c2-83a8-166be64b57fa-groupManagement] INFO  server.RaftServerConfigKeys (ConfUtils.java:logGet(46)) - raft.server.log.unsafe-flush.enabled = false (default)
2023-07-05 13:44:40,101 [9cad0a2d-2056-47c2-83a8-166be64b57fa-groupManagement] INFO  server.RaftServerConfigKeys (ConfUtils.java:logGet(46)) - raft.server.log.async-flush.enabled = false (default)
2023-07-05 13:44:40,101 [9cad0a2d-2056-47c2-83a8-166be64b57fa-groupManagement] INFO  server.RaftServerConfigKeys (ConfUtils.java:logGet(46)) - raft.server.log.statemachine.data.caching.enabled = true (custom)
2023-07-05 13:44:40,102 [9cad0a2d-2056-47c2-83a8-166be64b57fa-groupManagement] INFO  segmented.SegmentedRaftLogWorker (SegmentedRaftLogWorker.java:lambda$new$0(135)) - 9cad0a2d-2056-47c2-83a8-166be64b57fa@group-AA887EA87D65-SegmentedRaftLogWorker: flushIndex: setUnconditionally 0 -> -1
2023-07-05 13:44:40,102 [9cad0a2d-2056-47c2-83a8-166be64b57fa-groupManagement] INFO  segmented.SegmentedRaftLogWorker (SegmentedRaftLogWorker.java:lambda$new$0(135)) - 9cad0a2d-2056-47c2-83a8-166be64b57fa@group-AA887EA87D65-SegmentedRaftLogWorker: safeCacheEvictIndex: setUnconditionally 0 -> -1
2023-07-05 13:44:40,102 [9cad0a2d-2056-47c2-83a8-166be64b57fa-groupManagement] INFO  server.RaftServer$Division (RaftServerImpl.java:start(342)) - 9cad0a2d-2056-47c2-83a8-166be64b57fa@group-AA887EA87D65: start as a follower, conf=-1: peers:[9cad0a2d-2056-47c2-83a8-166be64b57fa|rpc:10.1.0.13:15226|admin:10.1.0.13:15225|client:10.1.0.13:15224|dataStream:10.1.0.13:15227|priority:1|startupRole:FOLLOWER]|listeners:[], old=null
2023-07-05 13:44:40,102 [9cad0a2d-2056-47c2-83a8-166be64b57fa-groupManagement] INFO  server.RaftServer$Division (RaftServerImpl.java:setRole(329)) - 9cad0a2d-2056-47c2-83a8-166be64b57fa@group-AA887EA87D65: changes role from      null to FOLLOWER at term 0 for startAsFollower
2023-07-05 13:44:40,102 [9cad0a2d-2056-47c2-83a8-166be64b57fa-groupManagement] INFO  impl.RoleInfo (RoleInfo.java:updateAndGet(139)) - 9cad0a2d-2056-47c2-83a8-166be64b57fa: start 9cad0a2d-2056-47c2-83a8-166be64b57fa@group-AA887EA87D65-FollowerState
2023-07-05 13:44:40,103 [9cad0a2d-2056-47c2-83a8-166be64b57fa-groupManagement] INFO  util.JmxRegister (JmxRegister.java:tryRegister(44)) - Successfully registered JMX Bean with object name Ratis:service=RaftServer,group=group-AA887EA87D65,id=9cad0a2d-2056-47c2-83a8-166be64b57fa
2023-07-05 13:44:40,103 [9cad0a2d-2056-47c2-83a8-166be64b57fa-groupManagement] INFO  server.RaftServerConfigKeys (ConfUtils.java:logGet(46)) - raft.server.snapshot.auto.trigger.enabled = true (custom)
2023-07-05 13:44:40,103 [9cad0a2d-2056-47c2-83a8-166be64b57fa-groupManagement] INFO  server.RaftServerConfigKeys (ConfUtils.java:logGet(46)) - raft.server.snapshot.auto.trigger.threshold = 10000 (custom)
2023-07-05 13:44:40,103 [9cad0a2d-2056-47c2-83a8-166be64b57fa-groupManagement] INFO  server.RaftServerConfigKeys (ConfUtils.java:logGet(46)) - raft.server.snapshot.retention.file.num = 5 (custom)
2023-07-05 13:44:40,103 [9cad0a2d-2056-47c2-83a8-166be64b57fa-groupManagement] INFO  server.RaftServerConfigKeys (ConfUtils.java:logGet(46)) - raft.server.log.purge.upto.snapshot.index = false (default)
2023-07-05 13:44:40,107 [PipelineCommandHandlerThread-0] INFO  ratis.XceiverServerRatis (XceiverServerRatis.java:addGroup(804)) - Created group PipelineID=4d06d01c-83e6-41c1-b47b-aa887ea87d65
2023-07-05 13:44:40,107 [PipelineCommandHandlerThread-0] INFO  commandhandler.CreatePipelineCommandHandler (CreatePipelineCommandHandler.java:lambda$handle$2(124)) - Created Pipeline RATIS ONE PipelineID=4d06d01c-83e6-41c1-b47b-aa887ea87d65.
2023-07-05 13:44:40,107 [9cad0a2d-2056-47c2-83a8-166be64b57fa@group-AA887EA87D65-FollowerState] INFO  server.RaftServerConfigKeys (ConfUtils.java:logFallback(53)) - raft.server.rpc.first-election.timeout.min = 5s (fallback to raft.server.rpc.timeout.min)
2023-07-05 13:44:40,109 [9cad0a2d-2056-47c2-83a8-166be64b57fa-groupManagement] INFO  server.RaftServer$Division (RaftServerImpl.java:<init>(198)) - 9cad0a2d-2056-47c2-83a8-166be64b57fa: new RaftServerImpl for group-B927724E89F9:[39a48944-77e7-4681-b606-55be812809b8|rpc:10.1.0.13:15244|admin:10.1.0.13:15243|client:10.1.0.13:15242|dataStream:10.1.0.13:15245|priority:0|startupRole:FOLLOWER, 009ab419-7007-4517-9228-4425fd87ec20|rpc:10.1.0.13:15235|admin:10.1.0.13:15234|client:10.1.0.13:15233|dataStream:10.1.0.13:15236|priority:0|startupRole:FOLLOWER, 9cad0a2d-2056-47c2-83a8-166be64b57fa|rpc:10.1.0.13:15226|admin:10.1.0.13:15225|client:10.1.0.13:15224|dataStream:10.1.0.13:15227|priority:1|startupRole:FOLLOWER] with ContainerStateMachine:uninitialized
2023-07-05 13:44:40,107 [PipelineCommandHandlerThread-0] INFO  server.RaftServer (RaftServerProxy.java:addNew(98)) - 9cad0a2d-2056-47c2-83a8-166be64b57fa: addNew group-B927724E89F9:[39a48944-77e7-4681-b606-55be812809b8|rpc:10.1.0.13:15244|admin:10.1.0.13:15243|client:10.1.0.13:15242|dataStream:10.1.0.13:15245|priority:0|startupRole:FOLLOWER, 009ab419-7007-4517-9228-4425fd87ec20|rpc:10.1.0.13:15235|admin:10.1.0.13:15234|client:10.1.0.13:15233|dataStream:10.1.0.13:15236|priority:0|startupRole:FOLLOWER, 9cad0a2d-2056-47c2-83a8-166be64b57fa|rpc:10.1.0.13:15226|admin:10.1.0.13:15225|client:10.1.0.13:15224|dataStream:10.1.0.13:15227|priority:1|startupRole:FOLLOWER] returns group-B927724E89F9:java.util.concurrent.CompletableFuture@9c218fa[Not completed]
2023-07-05 13:44:40,118 [9cad0a2d-2056-47c2-83a8-166be64b57fa-groupManagement] INFO  server.RaftServerConfigKeys (ConfUtils.java:logGet(46)) - raft.server.rpc.timeout.min = 5s (custom)
2023-07-05 13:44:40,119 [9cad0a2d-2056-47c2-83a8-166be64b57fa-groupManagement] INFO  server.RaftServerConfigKeys (ConfUtils.java:logGet(46)) - raft.server.rpc.timeout.max = 5200ms (custom)
2023-07-05 13:44:40,118 [9cad0a2d-2056-47c2-83a8-166be64b57fa@group-AA887EA87D65-FollowerState] INFO  server.RaftServerConfigKeys (ConfUtils.java:logFallback(53)) - raft.server.rpc.first-election.timeout.max = 5200ms (fallback to raft.server.rpc.timeout.max)
2023-07-05 13:44:40,119 [9cad0a2d-2056-47c2-83a8-166be64b57fa-groupManagement] INFO  server.RaftServerConfigKeys (ConfUtils.java:logGet(46)) - raft.server.rpc.sleep.time = 25ms (default)
2023-07-05 13:44:40,119 [9cad0a2d-2056-47c2-83a8-166be64b57fa-groupManagement] INFO  server.RaftServerConfigKeys (ConfUtils.java:logGet(46)) - raft.server.rpc.slowness.timeout = 300s (custom)
2023-07-05 13:44:40,119 [9cad0a2d-2056-47c2-83a8-166be64b57fa-groupManagement] INFO  server.RaftServerConfigKeys (ConfUtils.java:logGet(46)) - raft.server.leaderelection.leader.step-down.wait-time = 10s (default)
2023-07-05 13:44:40,119 [9cad0a2d-2056-47c2-83a8-166be64b57fa-groupManagement] INFO  server.RaftServerConfigKeys (ConfUtils.java:logGet(46)) - raft.server.sleep.deviation.threshold = 300ms (default)
2023-07-05 13:44:40,119 [9cad0a2d-2056-47c2-83a8-166be64b57fa-groupManagement] INFO  server.RaftServer$Division (ServerState.java:<init>(120)) - 9cad0a2d-2056-47c2-83a8-166be64b57fa@group-B927724E89F9: ConfigurationManager, init=-1: peers:[39a48944-77e7-4681-b606-55be812809b8|rpc:10.1.0.13:15244|admin:10.1.0.13:15243|client:10.1.0.13:15242|dataStream:10.1.0.13:15245|priority:0|startupRole:FOLLOWER, 009ab419-7007-4517-9228-4425fd87ec20|rpc:10.1.0.13:15235|admin:10.1.0.13:15234|client:10.1.0.13:15233|dataStream:10.1.0.13:15236|priority:0|startupRole:FOLLOWER, 9cad0a2d-2056-47c2-83a8-166be64b57fa|rpc:10.1.0.13:15226|admin:10.1.0.13:15225|client:10.1.0.13:15224|dataStream:10.1.0.13:15227|priority:1|startupRole:FOLLOWER]|listeners:[], old=null, confs=<EMPTY_MAP>
2023-07-05 13:44:40,119 [9cad0a2d-2056-47c2-83a8-166be64b57fa-groupManagement] INFO  server.RaftServerConfigKeys (ConfUtils.java:logGet(46)) - raft.server.storage.dir = [/home/runner/work/ozone/ozone/hadoop-ozone/integration-test/target/test-dir/MiniOzoneClusterImpl-5a349b9d-530c-474e-9da9-45562981beee/datanode-0/data/ratis] (custom)
2023-07-05 13:44:40,119 [9cad0a2d-2056-47c2-83a8-166be64b57fa-groupManagement] INFO  server.RaftServerConfigKeys (ConfUtils.java:logGet(46)) - raft.server.log.corruption.policy = EXCEPTION (default)
2023-07-05 13:44:40,119 [9cad0a2d-2056-47c2-83a8-166be64b57fa-groupManagement] INFO  server.RaftServerConfigKeys (ConfUtils.java:logGet(46)) - raft.server.storage.free-space.min = 0MB (=0) (default)
2023-07-05 13:44:40,119 [9cad0a2d-2056-47c2-83a8-166be64b57fa-groupManagement] INFO  server.RaftServerConfigKeys (ConfUtils.java:logGet(46)) - raft.server.notification.no-leader.timeout = 300s (custom)
2023-07-05 13:44:40,119 [9cad0a2d-2056-47c2-83a8-166be64b57fa-groupManagement] INFO  server.RaftServerConfigKeys (ConfUtils.java:logGet(46)) - raft.server.read.timeout = 10s (default)
2023-07-05 13:44:40,119 [9cad0a2d-2056-47c2-83a8-166be64b57fa-groupManagement] INFO  server.RaftServerConfigKeys (ConfUtils.java:logGet(46)) - raft.server.retrycache.expirytime = 600000ms (custom)
2023-07-05 13:44:40,119 [9cad0a2d-2056-47c2-83a8-166be64b57fa-groupManagement] INFO  server.RaftServerConfigKeys (ConfUtils.java:logGet(46)) - raft.server.retrycache.statistics.expirytime = 100μs (default)
2023-07-05 13:44:40,120 [9cad0a2d-2056-47c2-83a8-166be64b57fa-groupManagement] INFO  server.RaftServerConfigKeys (ConfUtils.java:logGet(46)) - raft.server.read.option = DEFAULT (default)
2023-07-05 13:44:40,120 [9cad0a2d-2056-47c2-83a8-166be64b57fa-groupManagement] INFO  server.RaftServerConfigKeys (ConfUtils.java:logGet(46)) - raft.server.rpc.request.timeout = 60s (custom)
2023-07-05 13:44:40,120 [9cad0a2d-2056-47c2-83a8-166be64b57fa-groupManagement] INFO  server.RaftServerConfigKeys (ConfUtils.java:logGet(46)) - raft.server.log.appender.install.snapshot.enabled = false (custom)
2023-07-05 13:44:40,120 [9cad0a2d-2056-47c2-83a8-166be64b57fa-groupManagement] INFO  server.RaftServerConfigKeys (ConfUtils.java:logGet(46)) - raft.server.threadpool.server.cached = true (default)
2023-07-05 13:44:40,120 [9cad0a2d-2056-47c2-83a8-166be64b57fa-groupManagement] INFO  server.RaftServerConfigKeys (ConfUtils.java:logGet(46)) - raft.server.threadpool.server.size = 0 (default)
2023-07-05 13:44:40,120 [9cad0a2d-2056-47c2-83a8-166be64b57fa-groupManagement] INFO  server.RaftServerConfigKeys (ConfUtils.java:logGet(46)) - raft.server.threadpool.client.cached = true (default)
2023-07-05 13:44:40,120 [9cad0a2d-2056-47c2-83a8-166be64b57fa-groupManagement] INFO  server.RaftServerConfigKeys (ConfUtils.java:logGet(46)) - raft.server.threadpool.client.size = 0 (default)
2023-07-05 13:44:40,120 [9cad0a2d-2056-47c2-83a8-166be64b57fa-groupManagement] INFO  storage.RaftStorageDirectory (RaftStorageDirectoryImpl.java:analyzeStorage(137)) - The storage directory /home/runner/work/ozone/ozone/hadoop-ozone/integration-test/target/test-dir/MiniOzoneClusterImpl-5a349b9d-530c-474e-9da9-45562981beee/datanode-0/data/ratis/1f5d9adf-97c4-49d3-8b94-b927724e89f9 does not exist. Creating ...
2023-07-05 13:44:40,122 [9cad0a2d-2056-47c2-83a8-166be64b57fa-groupManagement] INFO  storage.RaftStorageDirectory (RaftStorageDirectoryImpl.java:tryLock(231)) - Lock on /home/runner/work/ozone/ozone/hadoop-ozone/integration-test/target/test-dir/MiniOzoneClusterImpl-5a349b9d-530c-474e-9da9-45562981beee/datanode-0/data/ratis/1f5d9adf-97c4-49d3-8b94-b927724e89f9/in_use.lock acquired by nodename 25537@fv-az264-29
2023-07-05 13:44:40,124 [9cad0a2d-2056-47c2-83a8-166be64b57fa-groupManagement] INFO  storage.RaftStorage (RaftStorageImpl.java:format(96)) - Storage directory /home/runner/work/ozone/ozone/hadoop-ozone/integration-test/target/test-dir/MiniOzoneClusterImpl-5a349b9d-530c-474e-9da9-45562981beee/datanode-0/data/ratis/1f5d9adf-97c4-49d3-8b94-b927724e89f9 has been successfully formatted.
2023-07-05 13:44:40,124 [9cad0a2d-2056-47c2-83a8-166be64b57fa-groupManagement] INFO  ratis.ContainerStateMachine (ContainerStateMachine.java:loadSnapshot(262)) - group-B927724E89F9: The snapshot info is null. Setting the last applied indexto:(t:0, i:~)
2023-07-05 13:44:40,124 [9cad0a2d-2056-47c2-83a8-166be64b57fa-groupManagement] INFO  server.RaftServerConfigKeys (ConfUtils.java:logGet(46)) - raft.server.log.use.memory = false (default)
2023-07-05 13:44:40,124 [9cad0a2d-2056-47c2-83a8-166be64b57fa-groupManagement] INFO  server.RaftServerConfigKeys (ConfUtils.java:logGet(46)) - raft.server.log.purge.gap = 1000000 (custom)
2023-07-05 13:44:40,124 [9cad0a2d-2056-47c2-83a8-166be64b57fa-groupManagement] INFO  server.RaftServerConfigKeys (ConfUtils.java:logGet(46)) - raft.server.log.appender.buffer.byte-limit = 33554432 (custom)
2023-07-05 13:44:40,124 [9cad0a2d-2056-47c2-83a8-166be64b57fa-groupManagement] INFO  server.RaftServerConfigKeys (ConfUtils.java:logGet(46)) - raft.server.log.statemachine.data.read.timeout = 1000ms (default)
2023-07-05 13:44:40,124 [9cad0a2d-2056-47c2-83a8-166be64b57fa-groupManagement] INFO  server.RaftServerConfigKeys (ConfUtils.java:logGet(46)) - raft.server.log.purge.preservation.log.num = 0 (default)
2023-07-05 13:44:40,125 [9cad0a2d-2056-47c2-83a8-166be64b57fa-groupManagement] INFO  server.RaftServerConfigKeys (ConfUtils.java:logGet(46)) - raft.server.log.segment.size.max = 1048576 (custom)
2023-07-05 13:44:40,125 [9cad0a2d-2056-47c2-83a8-166be64b57fa-groupManagement] INFO  server.RaftServerConfigKeys (ConfUtils.java:logGet(46)) - raft.server.log.segment.cache.num.max = 2 (custom)
2023-07-05 13:44:40,125 [9cad0a2d-2056-47c2-83a8-166be64b57fa-groupManagement] INFO  server.RaftServerConfigKeys (ConfUtils.java:logGet(46)) - raft.server.log.segment.cache.size.max = 200MB (=209715200) (default)
2023-07-05 13:44:40,125 [9cad0a2d-2056-47c2-83a8-166be64b57fa-groupManagement] INFO  server.RaftServerConfigKeys (ConfUtils.java:logGet(46)) - raft.server.log.appender.buffer.byte-limit = 33554432 (custom)
2023-07-05 13:44:40,125 [9cad0a2d-2056-47c2-83a8-166be64b57fa-groupManagement] INFO  segmented.SegmentedRaftLogWorker (SegmentedRaftLogWorker.java:<init>(188)) - new 9cad0a2d-2056-47c2-83a8-166be64b57fa@group-B927724E89F9-SegmentedRaftLogWorker for RaftStorageImpl:Storage Directory /home/runner/work/ozone/ozone/hadoop-ozone/integration-test/target/test-dir/MiniOzoneClusterImpl-5a349b9d-530c-474e-9da9-45562981beee/datanode-0/data/ratis/1f5d9adf-97c4-49d3-8b94-b927724e89f9
2023-07-05 13:44:40,125 [9cad0a2d-2056-47c2-83a8-166be64b57fa-groupManagement] INFO  server.RaftServerConfigKeys (ConfUtils.java:logGet(46)) - raft.server.log.queue.byte-limit = 4294967296 (custom)
2023-07-05 13:44:40,125 [9cad0a2d-2056-47c2-83a8-166be64b57fa-groupManagement] INFO  server.RaftServerConfigKeys (ConfUtils.java:logGet(46)) - raft.server.log.queue.element-limit = 1024 (custom)
2023-07-05 13:44:40,125 [9cad0a2d-2056-47c2-83a8-166be64b57fa-groupManagement] INFO  server.RaftServerConfigKeys (ConfUtils.java:logGet(46)) - raft.server.log.segment.size.max = 1048576 (custom)
2023-07-05 13:44:40,125 [9cad0a2d-2056-47c2-83a8-166be64b57fa-groupManagement] INFO  server.RaftServerConfigKeys (ConfUtils.java:logGet(46)) - raft.server.log.preallocated.size = 16384 (custom)
2023-07-05 13:44:40,125 [9cad0a2d-2056-47c2-83a8-166be64b57fa-groupManagement] INFO  server.RaftServerConfigKeys (ConfUtils.java:logGet(46)) - raft.server.log.force.sync.num = 128 (default)
2023-07-05 13:44:40,125 [9cad0a2d-2056-47c2-83a8-166be64b57fa-groupManagement] INFO  server.RaftServerConfigKeys (ConfUtils.java:logGet(46)) - raft.server.log.statemachine.data.sync = true (default)
2023-07-05 13:44:40,125 [9cad0a2d-2056-47c2-83a8-166be64b57fa-groupManagement] INFO  server.RaftServerConfigKeys (ConfUtils.java:logGet(46)) - raft.server.log.statemachine.data.sync.timeout = 10s (default)
2023-07-05 13:44:40,125 [9cad0a2d-2056-47c2-83a8-166be64b57fa-groupManagement] INFO  server.RaftServerConfigKeys (ConfUtils.java:logGet(46)) - raft.server.log.statemachine.data.sync.timeout.retry = -1 (default)
2023-07-05 13:44:40,125 [EventQueue-OpenPipelineForHealthyPipelineSafeModeRule] INFO  safemode.SCMSafeModeManager (HealthyPipelineSafeModeRule.java:process(137)) - SCM in safe mode. Healthy pipelines reported count is 0, required healthy pipeline reported count is 1
2023-07-05 13:44:40,126 [9cad0a2d-2056-47c2-83a8-166be64b57fa-groupManagement] INFO  server.RaftServerConfigKeys (ConfUtils.java:logGet(46)) - raft.server.log.write.buffer.size = 1048576 (custom)
2023-07-05 13:44:40,126 [9cad0a2d-2056-47c2-83a8-166be64b57fa-groupManagement] INFO  server.RaftServerConfigKeys (ConfUtils.java:logGet(46)) - raft.server.log.appender.buffer.byte-limit = 33554432 (custom)
2023-07-05 13:44:40,132 [9cad0a2d-2056-47c2-83a8-166be64b57fa-groupManagement] INFO  server.RaftServerConfigKeys (ConfUtils.java:logGet(46)) - raft.server.log.unsafe-flush.enabled = false (default)
2023-07-05 13:44:40,132 [9cad0a2d-2056-47c2-83a8-166be64b57fa-groupManagement] INFO  server.RaftServerConfigKeys (ConfUtils.java:logGet(46)) - raft.server.log.async-flush.enabled = false (default)
2023-07-05 13:44:40,132 [9cad0a2d-2056-47c2-83a8-166be64b57fa-groupManagement] INFO  server.RaftServerConfigKeys (ConfUtils.java:logGet(46)) - raft.server.log.statemachine.data.caching.enabled = true (custom)
2023-07-05 13:44:40,132 [9cad0a2d-2056-47c2-83a8-166be64b57fa-groupManagement] INFO  segmented.SegmentedRaftLogWorker (SegmentedRaftLogWorker.java:lambda$new$0(135)) - 9cad0a2d-2056-47c2-83a8-166be64b57fa@group-B927724E89F9-SegmentedRaftLogWorker: flushIndex: setUnconditionally 0 -> -1
2023-07-05 13:44:40,132 [9cad0a2d-2056-47c2-83a8-166be64b57fa-groupManagement] INFO  segmented.SegmentedRaftLogWorker (SegmentedRaftLogWorker.java:lambda$new$0(135)) - 9cad0a2d-2056-47c2-83a8-166be64b57fa@group-B927724E89F9-SegmentedRaftLogWorker: safeCacheEvictIndex: setUnconditionally 0 -> -1
2023-07-05 13:44:40,133 [9cad0a2d-2056-47c2-83a8-166be64b57fa-groupManagement] INFO  server.RaftServer$Division (RaftServerImpl.java:start(342)) - 9cad0a2d-2056-47c2-83a8-166be64b57fa@group-B927724E89F9: start as a follower, conf=-1: peers:[39a48944-77e7-4681-b606-55be812809b8|rpc:10.1.0.13:15244|admin:10.1.0.13:15243|client:10.1.0.13:15242|dataStream:10.1.0.13:15245|priority:0|startupRole:FOLLOWER, 009ab419-7007-4517-9228-4425fd87ec20|rpc:10.1.0.13:15235|admin:10.1.0.13:15234|client:10.1.0.13:15233|dataStream:10.1.0.13:15236|priority:0|startupRole:FOLLOWER, 9cad0a2d-2056-47c2-83a8-166be64b57fa|rpc:10.1.0.13:15226|admin:10.1.0.13:15225|client:10.1.0.13:15224|dataStream:10.1.0.13:15227|priority:1|startupRole:FOLLOWER]|listeners:[], old=null
2023-07-05 13:44:40,133 [9cad0a2d-2056-47c2-83a8-166be64b57fa-groupManagement] INFO  server.RaftServer$Division (RaftServerImpl.java:setRole(329)) - 9cad0a2d-2056-47c2-83a8-166be64b57fa@group-B927724E89F9: changes role from      null to FOLLOWER at term 0 for startAsFollower
2023-07-05 13:44:40,133 [9cad0a2d-2056-47c2-83a8-166be64b57fa-groupManagement] INFO  impl.RoleInfo (RoleInfo.java:updateAndGet(139)) - 9cad0a2d-2056-47c2-83a8-166be64b57fa: start 9cad0a2d-2056-47c2-83a8-166be64b57fa@group-B927724E89F9-FollowerState
2023-07-05 13:44:40,133 [9cad0a2d-2056-47c2-83a8-166be64b57fa-groupManagement] INFO  util.JmxRegister (JmxRegister.java:tryRegister(44)) - Successfully registered JMX Bean with object name Ratis:service=RaftServer,group=group-B927724E89F9,id=9cad0a2d-2056-47c2-83a8-166be64b57fa
2023-07-05 13:44:40,133 [9cad0a2d-2056-47c2-83a8-166be64b57fa@group-B927724E89F9-FollowerState] INFO  server.RaftServerConfigKeys (ConfUtils.java:logFallback(53)) - raft.server.rpc.first-election.timeout.min = 5s (fallback to raft.server.rpc.timeout.min)
2023-07-05 13:44:40,133 [9cad0a2d-2056-47c2-83a8-166be64b57fa-groupManagement] INFO  server.RaftServerConfigKeys (ConfUtils.java:logGet(46)) - raft.server.snapshot.auto.trigger.enabled = true (custom)
2023-07-05 13:44:40,133 [9cad0a2d-2056-47c2-83a8-166be64b57fa@group-B927724E89F9-FollowerState] INFO  server.RaftServerConfigKeys (ConfUtils.java:logFallback(53)) - raft.server.rpc.first-election.timeout.max = 5200ms (fallback to raft.server.rpc.timeout.max)
2023-07-05 13:44:40,133 [9cad0a2d-2056-47c2-83a8-166be64b57fa-groupManagement] INFO  server.RaftServerConfigKeys (ConfUtils.java:logGet(46)) - raft.server.snapshot.auto.trigger.threshold = 10000 (custom)
2023-07-05 13:44:40,133 [9cad0a2d-2056-47c2-83a8-166be64b57fa-groupManagement] INFO  server.RaftServerConfigKeys (ConfUtils.java:logGet(46)) - raft.server.snapshot.retention.file.num = 5 (custom)
2023-07-05 13:44:40,133 [9cad0a2d-2056-47c2-83a8-166be64b57fa-groupManagement] INFO  server.RaftServerConfigKeys (ConfUtils.java:logGet(46)) - raft.server.log.purge.upto.snapshot.index = false (default)
2023-07-05 13:44:40,134 [PipelineCommandHandlerThread-0] INFO  ratis.XceiverServerRatis (XceiverServerRatis.java:addGroup(804)) - Created group PipelineID=1f5d9adf-97c4-49d3-8b94-b927724e89f9
2023-07-05 13:44:40,147 [grpc-default-executor-0] INFO  server.RaftServer (RaftServerProxy.java:addNew(98)) - 009ab419-7007-4517-9228-4425fd87ec20: addNew group-B927724E89F9:[39a48944-77e7-4681-b606-55be812809b8|rpc:10.1.0.13:15244|admin:10.1.0.13:15243|client:10.1.0.13:15242|dataStream:10.1.0.13:15245|priority:0|startupRole:FOLLOWER, 009ab419-7007-4517-9228-4425fd87ec20|rpc:10.1.0.13:15235|admin:10.1.0.13:15234|client:10.1.0.13:15233|dataStream:10.1.0.13:15236|priority:0|startupRole:FOLLOWER, 9cad0a2d-2056-47c2-83a8-166be64b57fa|rpc:10.1.0.13:15226|admin:10.1.0.13:15225|client:10.1.0.13:15224|dataStream:10.1.0.13:15227|priority:1|startupRole:FOLLOWER] returns group-B927724E89F9:java.util.concurrent.CompletableFuture@1e208b7a[Not completed]
2023-07-05 13:44:40,150 [009ab419-7007-4517-9228-4425fd87ec20-groupManagement] INFO  server.RaftServer$Division (RaftServerImpl.java:<init>(198)) - 009ab419-7007-4517-9228-4425fd87ec20: new RaftServerImpl for group-B927724E89F9:[39a48944-77e7-4681-b606-55be812809b8|rpc:10.1.0.13:15244|admin:10.1.0.13:15243|client:10.1.0.13:15242|dataStream:10.1.0.13:15245|priority:0|startupRole:FOLLOWER, 009ab419-7007-4517-9228-4425fd87ec20|rpc:10.1.0.13:15235|admin:10.1.0.13:15234|client:10.1.0.13:15233|dataStream:10.1.0.13:15236|priority:0|startupRole:FOLLOWER, 9cad0a2d-2056-47c2-83a8-166be64b57fa|rpc:10.1.0.13:15226|admin:10.1.0.13:15225|client:10.1.0.13:15224|dataStream:10.1.0.13:15227|priority:1|startupRole:FOLLOWER] with ContainerStateMachine:uninitialized
2023-07-05 13:44:40,150 [009ab419-7007-4517-9228-4425fd87ec20-groupManagement] INFO  server.RaftServerConfigKeys (ConfUtils.java:logGet(46)) - raft.server.rpc.timeout.min = 5s (custom)
2023-07-05 13:44:40,150 [009ab419-7007-4517-9228-4425fd87ec20-groupManagement] INFO  server.RaftServerConfigKeys (ConfUtils.java:logGet(46)) - raft.server.rpc.timeout.max = 5200ms (custom)
2023-07-05 13:44:40,150 [009ab419-7007-4517-9228-4425fd87ec20-groupManagement] INFO  server.RaftServerConfigKeys (ConfUtils.java:logGet(46)) - raft.server.rpc.sleep.time = 25ms (default)
2023-07-05 13:44:40,151 [009ab419-7007-4517-9228-4425fd87ec20-groupManagement] INFO  server.RaftServerConfigKeys (ConfUtils.java:logGet(46)) - raft.server.rpc.slowness.timeout = 300s (custom)
2023-07-05 13:44:40,151 [009ab419-7007-4517-9228-4425fd87ec20-groupManagement] INFO  server.RaftServerConfigKeys (ConfUtils.java:logGet(46)) - raft.server.leaderelection.leader.step-down.wait-time = 10s (default)
2023-07-05 13:44:40,151 [009ab419-7007-4517-9228-4425fd87ec20-groupManagement] INFO  server.RaftServerConfigKeys (ConfUtils.java:logGet(46)) - raft.server.sleep.deviation.threshold = 300ms (default)
2023-07-05 13:44:40,151 [009ab419-7007-4517-9228-4425fd87ec20-groupManagement] INFO  server.RaftServer$Division (ServerState.java:<init>(120)) - 009ab419-7007-4517-9228-4425fd87ec20@group-B927724E89F9: ConfigurationManager, init=-1: peers:[39a48944-77e7-4681-b606-55be812809b8|rpc:10.1.0.13:15244|admin:10.1.0.13:15243|client:10.1.0.13:15242|dataStream:10.1.0.13:15245|priority:0|startupRole:FOLLOWER, 009ab419-7007-4517-9228-4425fd87ec20|rpc:10.1.0.13:15235|admin:10.1.0.13:15234|client:10.1.0.13:15233|dataStream:10.1.0.13:15236|priority:0|startupRole:FOLLOWER, 9cad0a2d-2056-47c2-83a8-166be64b57fa|rpc:10.1.0.13:15226|admin:10.1.0.13:15225|client:10.1.0.13:15224|dataStream:10.1.0.13:15227|priority:1|startupRole:FOLLOWER]|listeners:[], old=null, confs=<EMPTY_MAP>
2023-07-05 13:44:40,151 [009ab419-7007-4517-9228-4425fd87ec20-groupManagement] INFO  server.RaftServerConfigKeys (ConfUtils.java:logGet(46)) - raft.server.storage.dir = [/home/runner/work/ozone/ozone/hadoop-ozone/integration-test/target/test-dir/MiniOzoneClusterImpl-5a349b9d-530c-474e-9da9-45562981beee/datanode-1/data/ratis] (custom)
2023-07-05 13:44:40,151 [009ab419-7007-4517-9228-4425fd87ec20-groupManagement] INFO  server.RaftServerConfigKeys (ConfUtils.java:logGet(46)) - raft.server.log.corruption.policy = EXCEPTION (default)
2023-07-05 13:44:40,151 [009ab419-7007-4517-9228-4425fd87ec20-groupManagement] INFO  server.RaftServerConfigKeys (ConfUtils.java:logGet(46)) - raft.server.storage.free-space.min = 0MB (=0) (default)
2023-07-05 13:44:40,151 [009ab419-7007-4517-9228-4425fd87ec20-groupManagement] INFO  server.RaftServerConfigKeys (ConfUtils.java:logGet(46)) - raft.server.notification.no-leader.timeout = 300s (custom)
2023-07-05 13:44:40,151 [009ab419-7007-4517-9228-4425fd87ec20-groupManagement] INFO  server.RaftServerConfigKeys (ConfUtils.java:logGet(46)) - raft.server.read.timeout = 10s (default)
2023-07-05 13:44:40,151 [009ab419-7007-4517-9228-4425fd87ec20-groupManagement] INFO  server.RaftServerConfigKeys (ConfUtils.java:logGet(46)) - raft.server.retrycache.expirytime = 600000ms (custom)
2023-07-05 13:44:40,151 [009ab419-7007-4517-9228-4425fd87ec20-groupManagement] INFO  server.RaftServerConfigKeys (ConfUtils.java:logGet(46)) - raft.server.retrycache.statistics.expirytime = 100μs (default)
2023-07-05 13:44:40,152 [009ab419-7007-4517-9228-4425fd87ec20-groupManagement] INFO  server.RaftServerConfigKeys (ConfUtils.java:logGet(46)) - raft.server.read.option = DEFAULT (default)
2023-07-05 13:44:40,152 [009ab419-7007-4517-9228-4425fd87ec20-groupManagement] INFO  server.RaftServerConfigKeys (ConfUtils.java:logGet(46)) - raft.server.rpc.request.timeout = 60s (custom)
2023-07-05 13:44:40,153 [009ab419-7007-4517-9228-4425fd87ec20-groupManagement] INFO  server.RaftServerConfigKeys (ConfUtils.java:logGet(46)) - raft.server.log.appender.install.snapshot.enabled = false (custom)
2023-07-05 13:44:40,153 [009ab419-7007-4517-9228-4425fd87ec20-groupManagement] INFO  server.RaftServerConfigKeys (ConfUtils.java:logGet(46)) - raft.server.threadpool.server.cached = true (default)
2023-07-05 13:44:40,153 [009ab419-7007-4517-9228-4425fd87ec20-groupManagement] INFO  server.RaftServerConfigKeys (ConfUtils.java:logGet(46)) - raft.server.threadpool.server.size = 0 (default)
2023-07-05 13:44:40,153 [009ab419-7007-4517-9228-4425fd87ec20-groupManagement] INFO  server.RaftServerConfigKeys (ConfUtils.java:logGet(46)) - raft.server.threadpool.client.cached = true (default)
2023-07-05 13:44:40,153 [009ab419-7007-4517-9228-4425fd87ec20-groupManagement] INFO  server.RaftServerConfigKeys (ConfUtils.java:logGet(46)) - raft.server.threadpool.client.size = 0 (default)
2023-07-05 13:44:40,153 [009ab419-7007-4517-9228-4425fd87ec20-groupManagement] INFO  storage.RaftStorageDirectory (RaftStorageDirectoryImpl.java:analyzeStorage(137)) - The storage directory /home/runner/work/ozone/ozone/hadoop-ozone/integration-test/target/test-dir/MiniOzoneClusterImpl-5a349b9d-530c-474e-9da9-45562981beee/datanode-1/data/ratis/1f5d9adf-97c4-49d3-8b94-b927724e89f9 does not exist. Creating ...
2023-07-05 13:44:40,154 [009ab419-7007-4517-9228-4425fd87ec20-groupManagement] INFO  storage.RaftStorageDirectory (RaftStorageDirectoryImpl.java:tryLock(231)) - Lock on /home/runner/work/ozone/ozone/hadoop-ozone/integration-test/target/test-dir/MiniOzoneClusterImpl-5a349b9d-530c-474e-9da9-45562981beee/datanode-1/data/ratis/1f5d9adf-97c4-49d3-8b94-b927724e89f9/in_use.lock acquired by nodename 25537@fv-az264-29
2023-07-05 13:44:40,155 [009ab419-7007-4517-9228-4425fd87ec20-groupManagement] INFO  storage.RaftStorage (RaftStorageImpl.java:format(96)) - Storage directory /home/runner/work/ozone/ozone/hadoop-ozone/integration-test/target/test-dir/MiniOzoneClusterImpl-5a349b9d-530c-474e-9da9-45562981beee/datanode-1/data/ratis/1f5d9adf-97c4-49d3-8b94-b927724e89f9 has been successfully formatted.
2023-07-05 13:44:40,157 [009ab419-7007-4517-9228-4425fd87ec20-groupManagement] INFO  ratis.ContainerStateMachine (ContainerStateMachine.java:loadSnapshot(262)) - group-B927724E89F9: The snapshot info is null. Setting the last applied indexto:(t:0, i:~)
2023-07-05 13:44:40,157 [009ab419-7007-4517-9228-4425fd87ec20-groupManagement] INFO  server.RaftServerConfigKeys (ConfUtils.java:logGet(46)) - raft.server.log.use.memory = false (default)
2023-07-05 13:44:40,157 [009ab419-7007-4517-9228-4425fd87ec20-groupManagement] INFO  server.RaftServerConfigKeys (ConfUtils.java:logGet(46)) - raft.server.log.purge.gap = 1000000 (custom)
2023-07-05 13:44:40,157 [009ab419-7007-4517-9228-4425fd87ec20-groupManagement] INFO  server.RaftServerConfigKeys (ConfUtils.java:logGet(46)) - raft.server.log.appender.buffer.byte-limit = 33554432 (custom)
2023-07-05 13:44:40,157 [009ab419-7007-4517-9228-4425fd87ec20-groupManagement] INFO  server.RaftServerConfigKeys (ConfUtils.java:logGet(46)) - raft.server.log.statemachine.data.read.timeout = 1000ms (default)
2023-07-05 13:44:40,158 [009ab419-7007-4517-9228-4425fd87ec20-groupManagement] INFO  server.RaftServerConfigKeys (ConfUtils.java:logGet(46)) - raft.server.log.purge.preservation.log.num = 0 (default)
2023-07-05 13:44:40,158 [009ab419-7007-4517-9228-4425fd87ec20-groupManagement] INFO  server.RaftServerConfigKeys (ConfUtils.java:logGet(46)) - raft.server.log.segment.size.max = 1048576 (custom)
2023-07-05 13:44:40,158 [009ab419-7007-4517-9228-4425fd87ec20-groupManagement] INFO  server.RaftServerConfigKeys (ConfUtils.java:logGet(46)) - raft.server.log.segment.cache.num.max = 2 (custom)
2023-07-05 13:44:40,158 [009ab419-7007-4517-9228-4425fd87ec20-groupManagement] INFO  server.RaftServerConfigKeys (ConfUtils.java:logGet(46)) - raft.server.log.segment.cache.size.max = 200MB (=209715200) (default)
2023-07-05 13:44:40,158 [009ab419-7007-4517-9228-4425fd87ec20-groupManagement] INFO  server.RaftServerConfigKeys (ConfUtils.java:logGet(46)) - raft.server.log.appender.buffer.byte-limit = 33554432 (custom)
2023-07-05 13:44:40,158 [009ab419-7007-4517-9228-4425fd87ec20-groupManagement] INFO  segmented.SegmentedRaftLogWorker (SegmentedRaftLogWorker.java:<init>(188)) - new 009ab419-7007-4517-9228-4425fd87ec20@group-B927724E89F9-SegmentedRaftLogWorker for RaftStorageImpl:Storage Directory /home/runner/work/ozone/ozone/hadoop-ozone/integration-test/target/test-dir/MiniOzoneClusterImpl-5a349b9d-530c-474e-9da9-45562981beee/datanode-1/data/ratis/1f5d9adf-97c4-49d3-8b94-b927724e89f9
2023-07-05 13:44:40,158 [009ab419-7007-4517-9228-4425fd87ec20-groupManagement] INFO  server.RaftServerConfigKeys (ConfUtils.java:logGet(46)) - raft.server.log.queue.byte-limit = 4294967296 (custom)
2023-07-05 13:44:40,158 [009ab419-7007-4517-9228-4425fd87ec20-groupManagement] INFO  server.RaftServerConfigKeys (ConfUtils.java:logGet(46)) - raft.server.log.queue.element-limit = 1024 (custom)
2023-07-05 13:44:40,158 [009ab419-7007-4517-9228-4425fd87ec20-groupManagement] INFO  server.RaftServerConfigKeys (ConfUtils.java:logGet(46)) - raft.server.log.segment.size.max = 1048576 (custom)
2023-07-05 13:44:40,158 [009ab419-7007-4517-9228-4425fd87ec20-groupManagement] INFO  server.RaftServerConfigKeys (ConfUtils.java:logGet(46)) - raft.server.log.preallocated.size = 16384 (custom)
2023-07-05 13:44:40,159 [009ab419-7007-4517-9228-4425fd87ec20-groupManagement] INFO  server.RaftServerConfigKeys (ConfUtils.java:logGet(46)) - raft.server.log.force.sync.num = 128 (default)
2023-07-05 13:44:40,159 [009ab419-7007-4517-9228-4425fd87ec20-groupManagement] INFO  server.RaftServerConfigKeys (ConfUtils.java:logGet(46)) - raft.server.log.statemachine.data.sync = true (default)
2023-07-05 13:44:40,159 [009ab419-7007-4517-9228-4425fd87ec20-groupManagement] INFO  server.RaftServerConfigKeys (ConfUtils.java:logGet(46)) - raft.server.log.statemachine.data.sync.timeout = 10s (default)
2023-07-05 13:44:40,159 [009ab419-7007-4517-9228-4425fd87ec20-groupManagement] INFO  server.RaftServerConfigKeys (ConfUtils.java:logGet(46)) - raft.server.log.statemachine.data.sync.timeout.retry = -1 (default)
2023-07-05 13:44:40,159 [009ab419-7007-4517-9228-4425fd87ec20-groupManagement] INFO  server.RaftServerConfigKeys (ConfUtils.java:logGet(46)) - raft.server.log.write.buffer.size = 1048576 (custom)
2023-07-05 13:44:40,160 [009ab419-7007-4517-9228-4425fd87ec20-groupManagement] INFO  server.RaftServerConfigKeys (ConfUtils.java:logGet(46)) - raft.server.log.appender.buffer.byte-limit = 33554432 (custom)
2023-07-05 13:44:40,165 [009ab419-7007-4517-9228-4425fd87ec20-groupManagement] INFO  server.RaftServerConfigKeys (ConfUtils.java:logGet(46)) - raft.server.log.unsafe-flush.enabled = false (default)
2023-07-05 13:44:40,165 [009ab419-7007-4517-9228-4425fd87ec20-groupManagement] INFO  server.RaftServerConfigKeys (ConfUtils.java:logGet(46)) - raft.server.log.async-flush.enabled = false (default)
2023-07-05 13:44:40,165 [009ab419-7007-4517-9228-4425fd87ec20-groupManagement] INFO  server.RaftServerConfigKeys (ConfUtils.java:logGet(46)) - raft.server.log.statemachine.data.caching.enabled = true (custom)
2023-07-05 13:44:40,166 [009ab419-7007-4517-9228-4425fd87ec20-groupManagement] INFO  segmented.SegmentedRaftLogWorker (SegmentedRaftLogWorker.java:lambda$new$0(135)) - 009ab419-7007-4517-9228-4425fd87ec20@group-B927724E89F9-SegmentedRaftLogWorker: flushIndex: setUnconditionally 0 -> -1
2023-07-05 13:44:40,166 [009ab419-7007-4517-9228-4425fd87ec20-groupManagement] INFO  segmented.SegmentedRaftLogWorker (SegmentedRaftLogWorker.java:lambda$new$0(135)) - 009ab419-7007-4517-9228-4425fd87ec20@group-B927724E89F9-SegmentedRaftLogWorker: safeCacheEvictIndex: setUnconditionally 0 -> -1
2023-07-05 13:44:40,166 [009ab419-7007-4517-9228-4425fd87ec20-groupManagement] INFO  server.RaftServer$Division (RaftServerImpl.java:start(342)) - 009ab419-7007-4517-9228-4425fd87ec20@group-B927724E89F9: start as a follower, conf=-1: peers:[39a48944-77e7-4681-b606-55be812809b8|rpc:10.1.0.13:15244|admin:10.1.0.13:15243|client:10.1.0.13:15242|dataStream:10.1.0.13:15245|priority:0|startupRole:FOLLOWER, 009ab419-7007-4517-9228-4425fd87ec20|rpc:10.1.0.13:15235|admin:10.1.0.13:15234|client:10.1.0.13:15233|dataStream:10.1.0.13:15236|priority:0|startupRole:FOLLOWER, 9cad0a2d-2056-47c2-83a8-166be64b57fa|rpc:10.1.0.13:15226|admin:10.1.0.13:15225|client:10.1.0.13:15224|dataStream:10.1.0.13:15227|priority:1|startupRole:FOLLOWER]|listeners:[], old=null
2023-07-05 13:44:40,166 [009ab419-7007-4517-9228-4425fd87ec20-groupManagement] INFO  server.RaftServer$Division (RaftServerImpl.java:setRole(329)) - 009ab419-7007-4517-9228-4425fd87ec20@group-B927724E89F9: changes role from      null to FOLLOWER at term 0 for startAsFollower
2023-07-05 13:44:40,166 [009ab419-7007-4517-9228-4425fd87ec20-groupManagement] INFO  impl.RoleInfo (RoleInfo.java:updateAndGet(139)) - 009ab419-7007-4517-9228-4425fd87ec20: start 009ab419-7007-4517-9228-4425fd87ec20@group-B927724E89F9-FollowerState
2023-07-05 13:44:40,166 [009ab419-7007-4517-9228-4425fd87ec20@group-B927724E89F9-FollowerState] INFO  server.RaftServerConfigKeys (ConfUtils.java:logFallback(53)) - raft.server.rpc.first-election.timeout.min = 5s (fallback to raft.server.rpc.timeout.min)
2023-07-05 13:44:40,166 [009ab419-7007-4517-9228-4425fd87ec20-groupManagement] INFO  util.JmxRegister (JmxRegister.java:tryRegister(44)) - Successfully registered JMX Bean with object name Ratis:service=RaftServer,group=group-B927724E89F9,id=009ab419-7007-4517-9228-4425fd87ec20
2023-07-05 13:44:40,166 [009ab419-7007-4517-9228-4425fd87ec20@group-B927724E89F9-FollowerState] INFO  server.RaftServerConfigKeys (ConfUtils.java:logFallback(53)) - raft.server.rpc.first-election.timeout.max = 5200ms (fallback to raft.server.rpc.timeout.max)
2023-07-05 13:44:40,167 [009ab419-7007-4517-9228-4425fd87ec20-groupManagement] INFO  server.RaftServerConfigKeys (ConfUtils.java:logGet(46)) - raft.server.snapshot.auto.trigger.enabled = true (custom)
2023-07-05 13:44:40,167 [009ab419-7007-4517-9228-4425fd87ec20-groupManagement] INFO  server.RaftServerConfigKeys (ConfUtils.java:logGet(46)) - raft.server.snapshot.auto.trigger.threshold = 10000 (custom)
2023-07-05 13:44:40,167 [009ab419-7007-4517-9228-4425fd87ec20-groupManagement] INFO  server.RaftServerConfigKeys (ConfUtils.java:logGet(46)) - raft.server.snapshot.retention.file.num = 5 (custom)
2023-07-05 13:44:40,167 [009ab419-7007-4517-9228-4425fd87ec20-groupManagement] INFO  server.RaftServerConfigKeys (ConfUtils.java:logGet(46)) - raft.server.log.purge.upto.snapshot.index = false (default)
2023-07-05 13:44:40,195 [grpc-default-executor-0] INFO  server.RaftServer (RaftServerProxy.java:addNew(98)) - 39a48944-77e7-4681-b606-55be812809b8: addNew group-B927724E89F9:[39a48944-77e7-4681-b606-55be812809b8|rpc:10.1.0.13:15244|admin:10.1.0.13:15243|client:10.1.0.13:15242|dataStream:10.1.0.13:15245|priority:0|startupRole:FOLLOWER, 009ab419-7007-4517-9228-4425fd87ec20|rpc:10.1.0.13:15235|admin:10.1.0.13:15234|client:10.1.0.13:15233|dataStream:10.1.0.13:15236|priority:0|startupRole:FOLLOWER, 9cad0a2d-2056-47c2-83a8-166be64b57fa|rpc:10.1.0.13:15226|admin:10.1.0.13:15225|client:10.1.0.13:15224|dataStream:10.1.0.13:15227|priority:1|startupRole:FOLLOWER] returns group-B927724E89F9:java.util.concurrent.CompletableFuture@1b2aa549[Not completed]
2023-07-05 13:44:40,197 [39a48944-77e7-4681-b606-55be812809b8-groupManagement] INFO  server.RaftServer$Division (RaftServerImpl.java:<init>(198)) - 39a48944-77e7-4681-b606-55be812809b8: new RaftServerImpl for group-B927724E89F9:[39a48944-77e7-4681-b606-55be812809b8|rpc:10.1.0.13:15244|admin:10.1.0.13:15243|client:10.1.0.13:15242|dataStream:10.1.0.13:15245|priority:0|startupRole:FOLLOWER, 009ab419-7007-4517-9228-4425fd87ec20|rpc:10.1.0.13:15235|admin:10.1.0.13:15234|client:10.1.0.13:15233|dataStream:10.1.0.13:15236|priority:0|startupRole:FOLLOWER, 9cad0a2d-2056-47c2-83a8-166be64b57fa|rpc:10.1.0.13:15226|admin:10.1.0.13:15225|client:10.1.0.13:15224|dataStream:10.1.0.13:15227|priority:1|startupRole:FOLLOWER] with ContainerStateMachine:uninitialized
2023-07-05 13:44:40,197 [39a48944-77e7-4681-b606-55be812809b8-groupManagement] INFO  server.RaftServerConfigKeys (ConfUtils.java:logGet(46)) - raft.server.rpc.timeout.min = 5s (custom)
2023-07-05 13:44:40,197 [39a48944-77e7-4681-b606-55be812809b8-groupManagement] INFO  server.RaftServerConfigKeys (ConfUtils.java:logGet(46)) - raft.server.rpc.timeout.max = 5200ms (custom)
2023-07-05 13:44:40,197 [39a48944-77e7-4681-b606-55be812809b8-groupManagement] INFO  server.RaftServerConfigKeys (ConfUtils.java:logGet(46)) - raft.server.rpc.sleep.time = 25ms (default)
2023-07-05 13:44:40,197 [39a48944-77e7-4681-b606-55be812809b8-groupManagement] INFO  server.RaftServerConfigKeys (ConfUtils.java:logGet(46)) - raft.server.rpc.slowness.timeout = 300s (custom)
2023-07-05 13:44:40,198 [39a48944-77e7-4681-b606-55be812809b8-groupManagement] INFO  server.RaftServerConfigKeys (ConfUtils.java:logGet(46)) - raft.server.leaderelection.leader.step-down.wait-time = 10s (default)
2023-07-05 13:44:40,198 [39a48944-77e7-4681-b606-55be812809b8-groupManagement] INFO  server.RaftServerConfigKeys (ConfUtils.java:logGet(46)) - raft.server.sleep.deviation.threshold = 300ms (default)
2023-07-05 13:44:40,198 [39a48944-77e7-4681-b606-55be812809b8-groupManagement] INFO  server.RaftServer$Division (ServerState.java:<init>(120)) - 39a48944-77e7-4681-b606-55be812809b8@group-B927724E89F9: ConfigurationManager, init=-1: peers:[39a48944-77e7-4681-b606-55be812809b8|rpc:10.1.0.13:15244|admin:10.1.0.13:15243|client:10.1.0.13:15242|dataStream:10.1.0.13:15245|priority:0|startupRole:FOLLOWER, 009ab419-7007-4517-9228-4425fd87ec20|rpc:10.1.0.13:15235|admin:10.1.0.13:15234|client:10.1.0.13:15233|dataStream:10.1.0.13:15236|priority:0|startupRole:FOLLOWER, 9cad0a2d-2056-47c2-83a8-166be64b57fa|rpc:10.1.0.13:15226|admin:10.1.0.13:15225|client:10.1.0.13:15224|dataStream:10.1.0.13:15227|priority:1|startupRole:FOLLOWER]|listeners:[], old=null, confs=<EMPTY_MAP>
2023-07-05 13:44:40,198 [39a48944-77e7-4681-b606-55be812809b8-groupManagement] INFO  server.RaftServerConfigKeys (ConfUtils.java:logGet(46)) - raft.server.storage.dir = [/home/runner/work/ozone/ozone/hadoop-ozone/integration-test/target/test-dir/MiniOzoneClusterImpl-5a349b9d-530c-474e-9da9-45562981beee/datanode-2/data/ratis] (custom)
2023-07-05 13:44:40,198 [39a48944-77e7-4681-b606-55be812809b8-groupManagement] INFO  server.RaftServerConfigKeys (ConfUtils.java:logGet(46)) - raft.server.log.corruption.policy = EXCEPTION (default)
2023-07-05 13:44:40,198 [39a48944-77e7-4681-b606-55be812809b8-groupManagement] INFO  server.RaftServerConfigKeys (ConfUtils.java:logGet(46)) - raft.server.storage.free-space.min = 0MB (=0) (default)
2023-07-05 13:44:40,198 [39a48944-77e7-4681-b606-55be812809b8-groupManagement] INFO  server.RaftServerConfigKeys (ConfUtils.java:logGet(46)) - raft.server.notification.no-leader.timeout = 300s (custom)
2023-07-05 13:44:40,198 [39a48944-77e7-4681-b606-55be812809b8-groupManagement] INFO  server.RaftServerConfigKeys (ConfUtils.java:logGet(46)) - raft.server.read.timeout = 10s (default)
2023-07-05 13:44:40,198 [39a48944-77e7-4681-b606-55be812809b8-groupManagement] INFO  server.RaftServerConfigKeys (ConfUtils.java:logGet(46)) - raft.server.retrycache.expirytime = 600000ms (custom)
2023-07-05 13:44:40,198 [39a48944-77e7-4681-b606-55be812809b8-groupManagement] INFO  server.RaftServerConfigKeys (ConfUtils.java:logGet(46)) - raft.server.retrycache.statistics.expirytime = 100μs (default)
2023-07-05 13:44:40,198 [39a48944-77e7-4681-b606-55be812809b8-groupManagement] INFO  server.RaftServerConfigKeys (ConfUtils.java:logGet(46)) - raft.server.read.option = DEFAULT (default)
2023-07-05 13:44:40,199 [39a48944-77e7-4681-b606-55be812809b8-groupManagement] INFO  server.RaftServerConfigKeys (ConfUtils.java:logGet(46)) - raft.server.rpc.request.timeout = 60s (custom)
2023-07-05 13:44:40,199 [39a48944-77e7-4681-b606-55be812809b8-groupManagement] INFO  server.RaftServerConfigKeys (ConfUtils.java:logGet(46)) - raft.server.log.appender.install.snapshot.enabled = false (custom)
2023-07-05 13:44:40,199 [39a48944-77e7-4681-b606-55be812809b8-groupManagement] INFO  server.RaftServerConfigKeys (ConfUtils.java:logGet(46)) - raft.server.threadpool.server.cached = true (default)
2023-07-05 13:44:40,199 [39a48944-77e7-4681-b606-55be812809b8-groupManagement] INFO  server.RaftServerConfigKeys (ConfUtils.java:logGet(46)) - raft.server.threadpool.server.size = 0 (default)
2023-07-05 13:44:40,199 [39a48944-77e7-4681-b606-55be812809b8-groupManagement] INFO  server.RaftServerConfigKeys (ConfUtils.java:logGet(46)) - raft.server.threadpool.client.cached = true (default)
2023-07-05 13:44:40,199 [39a48944-77e7-4681-b606-55be812809b8-groupManagement] INFO  server.RaftServerConfigKeys (ConfUtils.java:logGet(46)) - raft.server.threadpool.client.size = 0 (default)
2023-07-05 13:44:40,199 [39a48944-77e7-4681-b606-55be812809b8-groupManagement] INFO  storage.RaftStorageDirectory (RaftStorageDirectoryImpl.java:analyzeStorage(137)) - The storage directory /home/runner/work/ozone/ozone/hadoop-ozone/integration-test/target/test-dir/MiniOzoneClusterImpl-5a349b9d-530c-474e-9da9-45562981beee/datanode-2/data/ratis/1f5d9adf-97c4-49d3-8b94-b927724e89f9 does not exist. Creating ...
2023-07-05 13:44:40,201 [39a48944-77e7-4681-b606-55be812809b8-groupManagement] INFO  storage.RaftStorageDirectory (RaftStorageDirectoryImpl.java:tryLock(231)) - Lock on /home/runner/work/ozone/ozone/hadoop-ozone/integration-test/target/test-dir/MiniOzoneClusterImpl-5a349b9d-530c-474e-9da9-45562981beee/datanode-2/data/ratis/1f5d9adf-97c4-49d3-8b94-b927724e89f9/in_use.lock acquired by nodename 25537@fv-az264-29
2023-07-05 13:44:40,202 [39a48944-77e7-4681-b606-55be812809b8-groupManagement] INFO  storage.RaftStorage (RaftStorageImpl.java:format(96)) - Storage directory /home/runner/work/ozone/ozone/hadoop-ozone/integration-test/target/test-dir/MiniOzoneClusterImpl-5a349b9d-530c-474e-9da9-45562981beee/datanode-2/data/ratis/1f5d9adf-97c4-49d3-8b94-b927724e89f9 has been successfully formatted.
2023-07-05 13:44:40,204 [39a48944-77e7-4681-b606-55be812809b8-groupManagement] INFO  ratis.ContainerStateMachine (ContainerStateMachine.java:loadSnapshot(262)) - group-B927724E89F9: The snapshot info is null. Setting the last applied indexto:(t:0, i:~)
2023-07-05 13:44:40,204 [39a48944-77e7-4681-b606-55be812809b8-groupManagement] INFO  server.RaftServerConfigKeys (ConfUtils.java:logGet(46)) - raft.server.log.use.memory = false (default)
2023-07-05 13:44:40,204 [39a48944-77e7-4681-b606-55be812809b8-groupManagement] INFO  server.RaftServerConfigKeys (ConfUtils.java:logGet(46)) - raft.server.log.purge.gap = 1000000 (custom)
2023-07-05 13:44:40,204 [39a48944-77e7-4681-b606-55be812809b8-groupManagement] INFO  server.RaftServerConfigKeys (ConfUtils.java:logGet(46)) - raft.server.log.appender.buffer.byte-limit = 33554432 (custom)
2023-07-05 13:44:40,204 [39a48944-77e7-4681-b606-55be812809b8-groupManagement] INFO  server.RaftServerConfigKeys (ConfUtils.java:logGet(46)) - raft.server.log.statemachine.data.read.timeout = 1000ms (default)
2023-07-05 13:44:40,204 [39a48944-77e7-4681-b606-55be812809b8-groupManagement] INFO  server.RaftServerConfigKeys (ConfUtils.java:logGet(46)) - raft.server.log.purge.preservation.log.num = 0 (default)
2023-07-05 13:44:40,204 [39a48944-77e7-4681-b606-55be812809b8-groupManagement] INFO  server.RaftServerConfigKeys (ConfUtils.java:logGet(46)) - raft.server.log.segment.size.max = 1048576 (custom)
2023-07-05 13:44:40,205 [39a48944-77e7-4681-b606-55be812809b8-groupManagement] INFO  server.RaftServerConfigKeys (ConfUtils.java:logGet(46)) - raft.server.log.segment.cache.num.max = 2 (custom)
2023-07-05 13:44:40,205 [39a48944-77e7-4681-b606-55be812809b8-groupManagement] INFO  server.RaftServerConfigKeys (ConfUtils.java:logGet(46)) - raft.server.log.segment.cache.size.max = 200MB (=209715200) (default)
2023-07-05 13:44:40,205 [39a48944-77e7-4681-b606-55be812809b8-groupManagement] INFO  server.RaftServerConfigKeys (ConfUtils.java:logGet(46)) - raft.server.log.appender.buffer.byte-limit = 33554432 (custom)
2023-07-05 13:44:40,205 [39a48944-77e7-4681-b606-55be812809b8-groupManagement] INFO  segmented.SegmentedRaftLogWorker (SegmentedRaftLogWorker.java:<init>(188)) - new 39a48944-77e7-4681-b606-55be812809b8@group-B927724E89F9-SegmentedRaftLogWorker for RaftStorageImpl:Storage Directory /home/runner/work/ozone/ozone/hadoop-ozone/integration-test/target/test-dir/MiniOzoneClusterImpl-5a349b9d-530c-474e-9da9-45562981beee/datanode-2/data/ratis/1f5d9adf-97c4-49d3-8b94-b927724e89f9
2023-07-05 13:44:40,205 [39a48944-77e7-4681-b606-55be812809b8-groupManagement] INFO  server.RaftServerConfigKeys (ConfUtils.java:logGet(46)) - raft.server.log.queue.byte-limit = 4294967296 (custom)
2023-07-05 13:44:40,205 [39a48944-77e7-4681-b606-55be812809b8-groupManagement] INFO  server.RaftServerConfigKeys (ConfUtils.java:logGet(46)) - raft.server.log.queue.element-limit = 1024 (custom)
2023-07-05 13:44:40,205 [39a48944-77e7-4681-b606-55be812809b8-groupManagement] INFO  server.RaftServerConfigKeys (ConfUtils.java:logGet(46)) - raft.server.log.segment.size.max = 1048576 (custom)
2023-07-05 13:44:40,205 [39a48944-77e7-4681-b606-55be812809b8-groupManagement] INFO  server.RaftServerConfigKeys (ConfUtils.java:logGet(46)) - raft.server.log.preallocated.size = 16384 (custom)
2023-07-05 13:44:40,205 [39a48944-77e7-4681-b606-55be812809b8-groupManagement] INFO  server.RaftServerConfigKeys (ConfUtils.java:logGet(46)) - raft.server.log.force.sync.num = 128 (default)
2023-07-05 13:44:40,205 [39a48944-77e7-4681-b606-55be812809b8-groupManagement] INFO  server.RaftServerConfigKeys (ConfUtils.java:logGet(46)) - raft.server.log.statemachine.data.sync = true (default)
2023-07-05 13:44:40,205 [39a48944-77e7-4681-b606-55be812809b8-groupManagement] INFO  server.RaftServerConfigKeys (ConfUtils.java:logGet(46)) - raft.server.log.statemachine.data.sync.timeout = 10s (default)
2023-07-05 13:44:40,205 [39a48944-77e7-4681-b606-55be812809b8-groupManagement] INFO  server.RaftServerConfigKeys (ConfUtils.java:logGet(46)) - raft.server.log.statemachine.data.sync.timeout.retry = -1 (default)
2023-07-05 13:44:40,206 [39a48944-77e7-4681-b606-55be812809b8-groupManagement] INFO  server.RaftServerConfigKeys (ConfUtils.java:logGet(46)) - raft.server.log.write.buffer.size = 1048576 (custom)
2023-07-05 13:44:40,207 [39a48944-77e7-4681-b606-55be812809b8-groupManagement] INFO  server.RaftServerConfigKeys (ConfUtils.java:logGet(46)) - raft.server.log.appender.buffer.byte-limit = 33554432 (custom)
2023-07-05 13:44:40,212 [39a48944-77e7-4681-b606-55be812809b8-groupManagement] INFO  server.RaftServerConfigKeys (ConfUtils.java:logGet(46)) - raft.server.log.unsafe-flush.enabled = false (default)
2023-07-05 13:44:40,212 [39a48944-77e7-4681-b606-55be812809b8-groupManagement] INFO  server.RaftServerConfigKeys (ConfUtils.java:logGet(46)) - raft.server.log.async-flush.enabled = false (default)
2023-07-05 13:44:40,212 [39a48944-77e7-4681-b606-55be812809b8-groupManagement] INFO  server.RaftServerConfigKeys (ConfUtils.java:logGet(46)) - raft.server.log.statemachine.data.caching.enabled = true (custom)
2023-07-05 13:44:40,212 [39a48944-77e7-4681-b606-55be812809b8-groupManagement] INFO  segmented.SegmentedRaftLogWorker (SegmentedRaftLogWorker.java:lambda$new$0(135)) - 39a48944-77e7-4681-b606-55be812809b8@group-B927724E89F9-SegmentedRaftLogWorker: flushIndex: setUnconditionally 0 -> -1
2023-07-05 13:44:40,212 [39a48944-77e7-4681-b606-55be812809b8-groupManagement] INFO  segmented.SegmentedRaftLogWorker (SegmentedRaftLogWorker.java:lambda$new$0(135)) - 39a48944-77e7-4681-b606-55be812809b8@group-B927724E89F9-SegmentedRaftLogWorker: safeCacheEvictIndex: setUnconditionally 0 -> -1
2023-07-05 13:44:40,213 [39a48944-77e7-4681-b606-55be812809b8-groupManagement] INFO  server.RaftServer$Division (RaftServerImpl.java:start(342)) - 39a48944-77e7-4681-b606-55be812809b8@group-B927724E89F9: start as a follower, conf=-1: peers:[39a48944-77e7-4681-b606-55be812809b8|rpc:10.1.0.13:15244|admin:10.1.0.13:15243|client:10.1.0.13:15242|dataStream:10.1.0.13:15245|priority:0|startupRole:FOLLOWER, 009ab419-7007-4517-9228-4425fd87ec20|rpc:10.1.0.13:15235|admin:10.1.0.13:15234|client:10.1.0.13:15233|dataStream:10.1.0.13:15236|priority:0|startupRole:FOLLOWER, 9cad0a2d-2056-47c2-83a8-166be64b57fa|rpc:10.1.0.13:15226|admin:10.1.0.13:15225|client:10.1.0.13:15224|dataStream:10.1.0.13:15227|priority:1|startupRole:FOLLOWER]|listeners:[], old=null
2023-07-05 13:44:40,213 [39a48944-77e7-4681-b606-55be812809b8-groupManagement] INFO  server.RaftServer$Division (RaftServerImpl.java:setRole(329)) - 39a48944-77e7-4681-b606-55be812809b8@group-B927724E89F9: changes role from      null to FOLLOWER at term 0 for startAsFollower
2023-07-05 13:44:40,213 [39a48944-77e7-4681-b606-55be812809b8-groupManagement] INFO  impl.RoleInfo (RoleInfo.java:updateAndGet(139)) - 39a48944-77e7-4681-b606-55be812809b8: start 39a48944-77e7-4681-b606-55be812809b8@group-B927724E89F9-FollowerState
2023-07-05 13:44:40,214 [39a48944-77e7-4681-b606-55be812809b8-groupManagement] INFO  util.JmxRegister (JmxRegister.java:tryRegister(44)) - Successfully registered JMX Bean with object name Ratis:service=RaftServer,group=group-B927724E89F9,id=39a48944-77e7-4681-b606-55be812809b8
2023-07-05 13:44:40,214 [39a48944-77e7-4681-b606-55be812809b8-groupManagement] INFO  server.RaftServerConfigKeys (ConfUtils.java:logGet(46)) - raft.server.snapshot.auto.trigger.enabled = true (custom)
2023-07-05 13:44:40,214 [39a48944-77e7-4681-b606-55be812809b8-groupManagement] INFO  server.RaftServerConfigKeys (ConfUtils.java:logGet(46)) - raft.server.snapshot.auto.trigger.threshold = 10000 (custom)
2023-07-05 13:44:40,214 [39a48944-77e7-4681-b606-55be812809b8-groupManagement] INFO  server.RaftServerConfigKeys (ConfUtils.java:logGet(46)) - raft.server.snapshot.retention.file.num = 5 (custom)
2023-07-05 13:44:40,214 [39a48944-77e7-4681-b606-55be812809b8-groupManagement] INFO  server.RaftServerConfigKeys (ConfUtils.java:logGet(46)) - raft.server.log.purge.upto.snapshot.index = false (default)
2023-07-05 13:44:40,215 [39a48944-77e7-4681-b606-55be812809b8@group-B927724E89F9-FollowerState] INFO  server.RaftServerConfigKeys (ConfUtils.java:logFallback(53)) - raft.server.rpc.first-election.timeout.min = 5s (fallback to raft.server.rpc.timeout.min)
2023-07-05 13:44:40,215 [39a48944-77e7-4681-b606-55be812809b8@group-B927724E89F9-FollowerState] INFO  server.RaftServerConfigKeys (ConfUtils.java:logFallback(53)) - raft.server.rpc.first-election.timeout.max = 5200ms (fallback to raft.server.rpc.timeout.max)
2023-07-05 13:44:40,227 [PipelineCommandHandlerThread-0] INFO  commandhandler.CreatePipelineCommandHandler (CreatePipelineCommandHandler.java:lambda$handle$2(124)) - Created Pipeline RATIS THREE PipelineID=1f5d9adf-97c4-49d3-8b94-b927724e89f9.
2023-07-05 13:44:40,228 [PipelineCommandHandlerThread-0] INFO  server.RaftServer (RaftServerProxy.java:addNew(98)) - 9cad0a2d-2056-47c2-83a8-166be64b57fa: addNew group-419B63F73666:[39a48944-77e7-4681-b606-55be812809b8|rpc:10.1.0.13:15244|admin:10.1.0.13:15243|client:10.1.0.13:15242|dataStream:10.1.0.13:15245|priority:0|startupRole:FOLLOWER, 009ab419-7007-4517-9228-4425fd87ec20|rpc:10.1.0.13:15235|admin:10.1.0.13:15234|client:10.1.0.13:15233|dataStream:10.1.0.13:15236|priority:1|startupRole:FOLLOWER, 9cad0a2d-2056-47c2-83a8-166be64b57fa|rpc:10.1.0.13:15226|admin:10.1.0.13:15225|client:10.1.0.13:15224|dataStream:10.1.0.13:15227|priority:0|startupRole:FOLLOWER] returns group-419B63F73666:java.util.concurrent.CompletableFuture@2271f1c4[Not completed]
2023-07-05 13:44:40,229 [9cad0a2d-2056-47c2-83a8-166be64b57fa-groupManagement] INFO  server.RaftServer$Division (RaftServerImpl.java:<init>(198)) - 9cad0a2d-2056-47c2-83a8-166be64b57fa: new RaftServerImpl for group-419B63F73666:[39a48944-77e7-4681-b606-55be812809b8|rpc:10.1.0.13:15244|admin:10.1.0.13:15243|client:10.1.0.13:15242|dataStream:10.1.0.13:15245|priority:0|startupRole:FOLLOWER, 009ab419-7007-4517-9228-4425fd87ec20|rpc:10.1.0.13:15235|admin:10.1.0.13:15234|client:10.1.0.13:15233|dataStream:10.1.0.13:15236|priority:1|startupRole:FOLLOWER, 9cad0a2d-2056-47c2-83a8-166be64b57fa|rpc:10.1.0.13:15226|admin:10.1.0.13:15225|client:10.1.0.13:15224|dataStream:10.1.0.13:15227|priority:0|startupRole:FOLLOWER] with ContainerStateMachine:uninitialized
2023-07-05 13:44:40,229 [9cad0a2d-2056-47c2-83a8-166be64b57fa-groupManagement] INFO  server.RaftServerConfigKeys (ConfUtils.java:logGet(46)) - raft.server.rpc.timeout.min = 5s (custom)
2023-07-05 13:44:40,229 [9cad0a2d-2056-47c2-83a8-166be64b57fa-groupManagement] INFO  server.RaftServerConfigKeys (ConfUtils.java:logGet(46)) - raft.server.rpc.timeout.max = 5200ms (custom)
2023-07-05 13:44:40,229 [9cad0a2d-2056-47c2-83a8-166be64b57fa-groupManagement] INFO  server.RaftServerConfigKeys (ConfUtils.java:logGet(46)) - raft.server.rpc.sleep.time = 25ms (default)
2023-07-05 13:44:40,229 [9cad0a2d-2056-47c2-83a8-166be64b57fa-groupManagement] INFO  server.RaftServerConfigKeys (ConfUtils.java:logGet(46)) - raft.server.rpc.slowness.timeout = 300s (custom)
2023-07-05 13:44:40,229 [9cad0a2d-2056-47c2-83a8-166be64b57fa-groupManagement] INFO  server.RaftServerConfigKeys (ConfUtils.java:logGet(46)) - raft.server.leaderelection.leader.step-down.wait-time = 10s (default)
2023-07-05 13:44:40,229 [9cad0a2d-2056-47c2-83a8-166be64b57fa-groupManagement] INFO  server.RaftServerConfigKeys (ConfUtils.java:logGet(46)) - raft.server.sleep.deviation.threshold = 300ms (default)
2023-07-05 13:44:40,229 [9cad0a2d-2056-47c2-83a8-166be64b57fa-groupManagement] INFO  server.RaftServer$Division (ServerState.java:<init>(120)) - 9cad0a2d-2056-47c2-83a8-166be64b57fa@group-419B63F73666: ConfigurationManager, init=-1: peers:[39a48944-77e7-4681-b606-55be812809b8|rpc:10.1.0.13:15244|admin:10.1.0.13:15243|client:10.1.0.13:15242|dataStream:10.1.0.13:15245|priority:0|startupRole:FOLLOWER, 009ab419-7007-4517-9228-4425fd87ec20|rpc:10.1.0.13:15235|admin:10.1.0.13:15234|client:10.1.0.13:15233|dataStream:10.1.0.13:15236|priority:1|startupRole:FOLLOWER, 9cad0a2d-2056-47c2-83a8-166be64b57fa|rpc:10.1.0.13:15226|admin:10.1.0.13:15225|client:10.1.0.13:15224|dataStream:10.1.0.13:15227|priority:0|startupRole:FOLLOWER]|listeners:[], old=null, confs=<EMPTY_MAP>
2023-07-05 13:44:40,229 [9cad0a2d-2056-47c2-83a8-166be64b57fa-groupManagement] INFO  server.RaftServerConfigKeys (ConfUtils.java:logGet(46)) - raft.server.storage.dir = [/home/runner/work/ozone/ozone/hadoop-ozone/integration-test/target/test-dir/MiniOzoneClusterImpl-5a349b9d-530c-474e-9da9-45562981beee/datanode-0/data/ratis] (custom)
2023-07-05 13:44:40,229 [9cad0a2d-2056-47c2-83a8-166be64b57fa-groupManagement] INFO  server.RaftServerConfigKeys (ConfUtils.java:logGet(46)) - raft.server.log.corruption.policy = EXCEPTION (default)
2023-07-05 13:44:40,229 [9cad0a2d-2056-47c2-83a8-166be64b57fa-groupManagement] INFO  server.RaftServerConfigKeys (ConfUtils.java:logGet(46)) - raft.server.storage.free-space.min = 0MB (=0) (default)
2023-07-05 13:44:40,229 [9cad0a2d-2056-47c2-83a8-166be64b57fa-groupManagement] INFO  server.RaftServerConfigKeys (ConfUtils.java:logGet(46)) - raft.server.notification.no-leader.timeout = 300s (custom)
2023-07-05 13:44:40,229 [9cad0a2d-2056-47c2-83a8-166be64b57fa-groupManagement] INFO  server.RaftServerConfigKeys (ConfUtils.java:logGet(46)) - raft.server.read.timeout = 10s (default)
2023-07-05 13:44:40,229 [9cad0a2d-2056-47c2-83a8-166be64b57fa-groupManagement] INFO  server.RaftServerConfigKeys (ConfUtils.java:logGet(46)) - raft.server.retrycache.expirytime = 600000ms (custom)
2023-07-05 13:44:40,229 [9cad0a2d-2056-47c2-83a8-166be64b57fa-groupManagement] INFO  server.RaftServerConfigKeys (ConfUtils.java:logGet(46)) - raft.server.retrycache.statistics.expirytime = 100μs (default)
2023-07-05 13:44:40,229 [9cad0a2d-2056-47c2-83a8-166be64b57fa-groupManagement] INFO  server.RaftServerConfigKeys (ConfUtils.java:logGet(46)) - raft.server.read.option = DEFAULT (default)
2023-07-05 13:44:40,230 [9cad0a2d-2056-47c2-83a8-166be64b57fa-groupManagement] INFO  server.RaftServerConfigKeys (ConfUtils.java:logGet(46)) - raft.server.rpc.request.timeout = 60s (custom)
2023-07-05 13:44:40,230 [9cad0a2d-2056-47c2-83a8-166be64b57fa-groupManagement] INFO  server.RaftServerConfigKeys (ConfUtils.java:logGet(46)) - raft.server.log.appender.install.snapshot.enabled = false (custom)
2023-07-05 13:44:40,230 [9cad0a2d-2056-47c2-83a8-166be64b57fa-groupManagement] INFO  server.RaftServerConfigKeys (ConfUtils.java:logGet(46)) - raft.server.threadpool.server.cached = true (default)
2023-07-05 13:44:40,230 [9cad0a2d-2056-47c2-83a8-166be64b57fa-groupManagement] INFO  server.RaftServerConfigKeys (ConfUtils.java:logGet(46)) - raft.server.threadpool.server.size = 0 (default)
2023-07-05 13:44:40,230 [9cad0a2d-2056-47c2-83a8-166be64b57fa-groupManagement] INFO  server.RaftServerConfigKeys (ConfUtils.java:logGet(46)) - raft.server.threadpool.client.cached = true (default)
2023-07-05 13:44:40,230 [9cad0a2d-2056-47c2-83a8-166be64b57fa-groupManagement] INFO  server.RaftServerConfigKeys (ConfUtils.java:logGet(46)) - raft.server.threadpool.client.size = 0 (default)
2023-07-05 13:44:40,230 [9cad0a2d-2056-47c2-83a8-166be64b57fa-groupManagement] INFO  storage.RaftStorageDirectory (RaftStorageDirectoryImpl.java:analyzeStorage(137)) - The storage directory /home/runner/work/ozone/ozone/hadoop-ozone/integration-test/target/test-dir/MiniOzoneClusterImpl-5a349b9d-530c-474e-9da9-45562981beee/datanode-0/data/ratis/bb722c83-4313-4365-b6e0-419b63f73666 does not exist. Creating ...
2023-07-05 13:44:40,232 [9cad0a2d-2056-47c2-83a8-166be64b57fa-groupManagement] INFO  storage.RaftStorageDirectory (RaftStorageDirectoryImpl.java:tryLock(231)) - Lock on /home/runner/work/ozone/ozone/hadoop-ozone/integration-test/target/test-dir/MiniOzoneClusterImpl-5a349b9d-530c-474e-9da9-45562981beee/datanode-0/data/ratis/bb722c83-4313-4365-b6e0-419b63f73666/in_use.lock acquired by nodename 25537@fv-az264-29
2023-07-05 13:44:40,233 [9cad0a2d-2056-47c2-83a8-166be64b57fa-groupManagement] INFO  storage.RaftStorage (RaftStorageImpl.java:format(96)) - Storage directory /home/runner/work/ozone/ozone/hadoop-ozone/integration-test/target/test-dir/MiniOzoneClusterImpl-5a349b9d-530c-474e-9da9-45562981beee/datanode-0/data/ratis/bb722c83-4313-4365-b6e0-419b63f73666 has been successfully formatted.
2023-07-05 13:44:40,234 [9cad0a2d-2056-47c2-83a8-166be64b57fa-groupManagement] INFO  ratis.ContainerStateMachine (ContainerStateMachine.java:loadSnapshot(262)) - group-419B63F73666: The snapshot info is null. Setting the last applied indexto:(t:0, i:~)
2023-07-05 13:44:40,234 [9cad0a2d-2056-47c2-83a8-166be64b57fa-groupManagement] INFO  server.RaftServerConfigKeys (ConfUtils.java:logGet(46)) - raft.server.log.use.memory = false (default)
2023-07-05 13:44:40,234 [9cad0a2d-2056-47c2-83a8-166be64b57fa-groupManagement] INFO  server.RaftServerConfigKeys (ConfUtils.java:logGet(46)) - raft.server.log.purge.gap = 1000000 (custom)
2023-07-05 13:44:40,234 [9cad0a2d-2056-47c2-83a8-166be64b57fa-groupManagement] INFO  server.RaftServerConfigKeys (ConfUtils.java:logGet(46)) - raft.server.log.appender.buffer.byte-limit = 33554432 (custom)
2023-07-05 13:44:40,234 [9cad0a2d-2056-47c2-83a8-166be64b57fa-groupManagement] INFO  server.RaftServerConfigKeys (ConfUtils.java:logGet(46)) - raft.server.log.statemachine.data.read.timeout = 1000ms (default)
2023-07-05 13:44:40,234 [9cad0a2d-2056-47c2-83a8-166be64b57fa-groupManagement] INFO  server.RaftServerConfigKeys (ConfUtils.java:logGet(46)) - raft.server.log.purge.preservation.log.num = 0 (default)
2023-07-05 13:44:40,234 [9cad0a2d-2056-47c2-83a8-166be64b57fa-groupManagement] INFO  server.RaftServerConfigKeys (ConfUtils.java:logGet(46)) - raft.server.log.segment.size.max = 1048576 (custom)
2023-07-05 13:44:40,234 [9cad0a2d-2056-47c2-83a8-166be64b57fa-groupManagement] INFO  server.RaftServerConfigKeys (ConfUtils.java:logGet(46)) - raft.server.log.segment.cache.num.max = 2 (custom)
2023-07-05 13:44:40,234 [9cad0a2d-2056-47c2-83a8-166be64b57fa-groupManagement] INFO  server.RaftServerConfigKeys (ConfUtils.java:logGet(46)) - raft.server.log.segment.cache.size.max = 200MB (=209715200) (default)
2023-07-05 13:44:40,235 [9cad0a2d-2056-47c2-83a8-166be64b57fa-groupManagement] INFO  server.RaftServerConfigKeys (ConfUtils.java:logGet(46)) - raft.server.log.appender.buffer.byte-limit = 33554432 (custom)
2023-07-05 13:44:40,235 [9cad0a2d-2056-47c2-83a8-166be64b57fa-groupManagement] INFO  segmented.SegmentedRaftLogWorker (SegmentedRaftLogWorker.java:<init>(188)) - new 9cad0a2d-2056-47c2-83a8-166be64b57fa@group-419B63F73666-SegmentedRaftLogWorker for RaftStorageImpl:Storage Directory /home/runner/work/ozone/ozone/hadoop-ozone/integration-test/target/test-dir/MiniOzoneClusterImpl-5a349b9d-530c-474e-9da9-45562981beee/datanode-0/data/ratis/bb722c83-4313-4365-b6e0-419b63f73666
2023-07-05 13:44:40,235 [9cad0a2d-2056-47c2-83a8-166be64b57fa-groupManagement] INFO  server.RaftServerConfigKeys (ConfUtils.java:logGet(46)) - raft.server.log.queue.byte-limit = 4294967296 (custom)
2023-07-05 13:44:40,235 [9cad0a2d-2056-47c2-83a8-166be64b57fa-groupManagement] INFO  server.RaftServerConfigKeys (ConfUtils.java:logGet(46)) - raft.server.log.queue.element-limit = 1024 (custom)
2023-07-05 13:44:40,235 [9cad0a2d-2056-47c2-83a8-166be64b57fa-groupManagement] INFO  server.RaftServerConfigKeys (ConfUtils.java:logGet(46)) - raft.server.log.segment.size.max = 1048576 (custom)
2023-07-05 13:44:40,235 [9cad0a2d-2056-47c2-83a8-166be64b57fa-groupManagement] INFO  server.RaftServerConfigKeys (ConfUtils.java:logGet(46)) - raft.server.log.preallocated.size = 16384 (custom)
2023-07-05 13:44:40,235 [9cad0a2d-2056-47c2-83a8-166be64b57fa-groupManagement] INFO  server.RaftServerConfigKeys (ConfUtils.java:logGet(46)) - raft.server.log.force.sync.num = 128 (default)
2023-07-05 13:44:40,235 [9cad0a2d-2056-47c2-83a8-166be64b57fa-groupManagement] INFO  server.RaftServerConfigKeys (ConfUtils.java:logGet(46)) - raft.server.log.statemachine.data.sync = true (default)
2023-07-05 13:44:40,235 [9cad0a2d-2056-47c2-83a8-166be64b57fa-groupManagement] INFO  server.RaftServerConfigKeys (ConfUtils.java:logGet(46)) - raft.server.log.statemachine.data.sync.timeout = 10s (default)
2023-07-05 13:44:40,235 [9cad0a2d-2056-47c2-83a8-166be64b57fa-groupManagement] INFO  server.RaftServerConfigKeys (ConfUtils.java:logGet(46)) - raft.server.log.statemachine.data.sync.timeout.retry = -1 (default)
2023-07-05 13:44:40,235 [9cad0a2d-2056-47c2-83a8-166be64b57fa-groupManagement] INFO  server.RaftServerConfigKeys (ConfUtils.java:logGet(46)) - raft.server.log.write.buffer.size = 1048576 (custom)
2023-07-05 13:44:40,236 [9cad0a2d-2056-47c2-83a8-166be64b57fa-groupManagement] INFO  server.RaftServerConfigKeys (ConfUtils.java:logGet(46)) - raft.server.log.appender.buffer.byte-limit = 33554432 (custom)
2023-07-05 13:44:40,238 [EventQueue-OpenPipelineForHealthyPipelineSafeModeRule] INFO  safemode.SCMSafeModeManager (HealthyPipelineSafeModeRule.java:process(137)) - SCM in safe mode. Healthy pipelines reported count is 0, required healthy pipeline reported count is 1
2023-07-05 13:44:40,242 [9cad0a2d-2056-47c2-83a8-166be64b57fa-groupManagement] INFO  server.RaftServerConfigKeys (ConfUtils.java:logGet(46)) - raft.server.log.unsafe-flush.enabled = false (default)
2023-07-05 13:44:40,242 [9cad0a2d-2056-47c2-83a8-166be64b57fa-groupManagement] INFO  server.RaftServerConfigKeys (ConfUtils.java:logGet(46)) - raft.server.log.async-flush.enabled = false (default)
2023-07-05 13:44:40,242 [9cad0a2d-2056-47c2-83a8-166be64b57fa-groupManagement] INFO  server.RaftServerConfigKeys (ConfUtils.java:logGet(46)) - raft.server.log.statemachine.data.caching.enabled = true (custom)
2023-07-05 13:44:40,242 [9cad0a2d-2056-47c2-83a8-166be64b57fa-groupManagement] INFO  segmented.SegmentedRaftLogWorker (SegmentedRaftLogWorker.java:lambda$new$0(135)) - 9cad0a2d-2056-47c2-83a8-166be64b57fa@group-419B63F73666-SegmentedRaftLogWorker: flushIndex: setUnconditionally 0 -> -1
2023-07-05 13:44:40,242 [9cad0a2d-2056-47c2-83a8-166be64b57fa-groupManagement] INFO  segmented.SegmentedRaftLogWorker (SegmentedRaftLogWorker.java:lambda$new$0(135)) - 9cad0a2d-2056-47c2-83a8-166be64b57fa@group-419B63F73666-SegmentedRaftLogWorker: safeCacheEvictIndex: setUnconditionally 0 -> -1
2023-07-05 13:44:40,242 [9cad0a2d-2056-47c2-83a8-166be64b57fa-groupManagement] INFO  server.RaftServer$Division (RaftServerImpl.java:start(342)) - 9cad0a2d-2056-47c2-83a8-166be64b57fa@group-419B63F73666: start as a follower, conf=-1: peers:[39a48944-77e7-4681-b606-55be812809b8|rpc:10.1.0.13:15244|admin:10.1.0.13:15243|client:10.1.0.13:15242|dataStream:10.1.0.13:15245|priority:0|startupRole:FOLLOWER, 009ab419-7007-4517-9228-4425fd87ec20|rpc:10.1.0.13:15235|admin:10.1.0.13:15234|client:10.1.0.13:15233|dataStream:10.1.0.13:15236|priority:1|startupRole:FOLLOWER, 9cad0a2d-2056-47c2-83a8-166be64b57fa|rpc:10.1.0.13:15226|admin:10.1.0.13:15225|client:10.1.0.13:15224|dataStream:10.1.0.13:15227|priority:0|startupRole:FOLLOWER]|listeners:[], old=null
2023-07-05 13:44:40,242 [9cad0a2d-2056-47c2-83a8-166be64b57fa-groupManagement] INFO  server.RaftServer$Division (RaftServerImpl.java:setRole(329)) - 9cad0a2d-2056-47c2-83a8-166be64b57fa@group-419B63F73666: changes role from      null to FOLLOWER at term 0 for startAsFollower
2023-07-05 13:44:40,243 [9cad0a2d-2056-47c2-83a8-166be64b57fa-groupManagement] INFO  impl.RoleInfo (RoleInfo.java:updateAndGet(139)) - 9cad0a2d-2056-47c2-83a8-166be64b57fa: start 9cad0a2d-2056-47c2-83a8-166be64b57fa@group-419B63F73666-FollowerState
2023-07-05 13:44:40,243 [9cad0a2d-2056-47c2-83a8-166be64b57fa-groupManagement] INFO  util.JmxRegister (JmxRegister.java:tryRegister(44)) - Successfully registered JMX Bean with object name Ratis:service=RaftServer,group=group-419B63F73666,id=9cad0a2d-2056-47c2-83a8-166be64b57fa
2023-07-05 13:44:40,243 [9cad0a2d-2056-47c2-83a8-166be64b57fa-groupManagement] INFO  server.RaftServerConfigKeys (ConfUtils.java:logGet(46)) - raft.server.snapshot.auto.trigger.enabled = true (custom)
2023-07-05 13:44:40,243 [9cad0a2d-2056-47c2-83a8-166be64b57fa-groupManagement] INFO  server.RaftServerConfigKeys (ConfUtils.java:logGet(46)) - raft.server.snapshot.auto.trigger.threshold = 10000 (custom)
2023-07-05 13:44:40,243 [9cad0a2d-2056-47c2-83a8-166be64b57fa-groupManagement] INFO  server.RaftServerConfigKeys (ConfUtils.java:logGet(46)) - raft.server.snapshot.retention.file.num = 5 (custom)
2023-07-05 13:44:40,243 [9cad0a2d-2056-47c2-83a8-166be64b57fa-groupManagement] INFO  server.RaftServerConfigKeys (ConfUtils.java:logGet(46)) - raft.server.log.purge.upto.snapshot.index = false (default)
2023-07-05 13:44:40,246 [PipelineCommandHandlerThread-0] INFO  ratis.XceiverServerRatis (XceiverServerRatis.java:addGroup(804)) - Created group PipelineID=bb722c83-4313-4365-b6e0-419b63f73666
2023-07-05 13:44:40,246 [9cad0a2d-2056-47c2-83a8-166be64b57fa@group-419B63F73666-FollowerState] INFO  server.RaftServerConfigKeys (ConfUtils.java:logFallback(53)) - raft.server.rpc.first-election.timeout.min = 5s (fallback to raft.server.rpc.timeout.min)
2023-07-05 13:44:40,246 [9cad0a2d-2056-47c2-83a8-166be64b57fa@group-419B63F73666-FollowerState] INFO  server.RaftServerConfigKeys (ConfUtils.java:logFallback(53)) - raft.server.rpc.first-election.timeout.max = 5200ms (fallback to raft.server.rpc.timeout.max)
2023-07-05 13:44:40,256 [grpc-default-executor-0] INFO  server.RaftServer (RaftServerProxy.java:addNew(98)) - 39a48944-77e7-4681-b606-55be812809b8: addNew group-419B63F73666:[39a48944-77e7-4681-b606-55be812809b8|rpc:10.1.0.13:15244|admin:10.1.0.13:15243|client:10.1.0.13:15242|dataStream:10.1.0.13:15245|priority:0|startupRole:FOLLOWER, 009ab419-7007-4517-9228-4425fd87ec20|rpc:10.1.0.13:15235|admin:10.1.0.13:15234|client:10.1.0.13:15233|dataStream:10.1.0.13:15236|priority:1|startupRole:FOLLOWER, 9cad0a2d-2056-47c2-83a8-166be64b57fa|rpc:10.1.0.13:15226|admin:10.1.0.13:15225|client:10.1.0.13:15224|dataStream:10.1.0.13:15227|priority:0|startupRole:FOLLOWER] returns group-419B63F73666:java.util.concurrent.CompletableFuture@78be8aa[Not completed]
2023-07-05 13:44:40,257 [39a48944-77e7-4681-b606-55be812809b8-groupManagement] INFO  server.RaftServer$Division (RaftServerImpl.java:<init>(198)) - 39a48944-77e7-4681-b606-55be812809b8: new RaftServerImpl for group-419B63F73666:[39a48944-77e7-4681-b606-55be812809b8|rpc:10.1.0.13:15244|admin:10.1.0.13:15243|client:10.1.0.13:15242|dataStream:10.1.0.13:15245|priority:0|startupRole:FOLLOWER, 009ab419-7007-4517-9228-4425fd87ec20|rpc:10.1.0.13:15235|admin:10.1.0.13:15234|client:10.1.0.13:15233|dataStream:10.1.0.13:15236|priority:1|startupRole:FOLLOWER, 9cad0a2d-2056-47c2-83a8-166be64b57fa|rpc:10.1.0.13:15226|admin:10.1.0.13:15225|client:10.1.0.13:15224|dataStream:10.1.0.13:15227|priority:0|startupRole:FOLLOWER] with ContainerStateMachine:uninitialized
2023-07-05 13:44:40,257 [39a48944-77e7-4681-b606-55be812809b8-groupManagement] INFO  server.RaftServerConfigKeys (ConfUtils.java:logGet(46)) - raft.server.rpc.timeout.min = 5s (custom)
2023-07-05 13:44:40,257 [39a48944-77e7-4681-b606-55be812809b8-groupManagement] INFO  server.RaftServerConfigKeys (ConfUtils.java:logGet(46)) - raft.server.rpc.timeout.max = 5200ms (custom)
2023-07-05 13:44:40,257 [39a48944-77e7-4681-b606-55be812809b8-groupManagement] INFO  server.RaftServerConfigKeys (ConfUtils.java:logGet(46)) - raft.server.rpc.sleep.time = 25ms (default)
2023-07-05 13:44:40,258 [39a48944-77e7-4681-b606-55be812809b8-groupManagement] INFO  server.RaftServerConfigKeys (ConfUtils.java:logGet(46)) - raft.server.rpc.slowness.timeout = 300s (custom)
2023-07-05 13:44:40,258 [39a48944-77e7-4681-b606-55be812809b8-groupManagement] INFO  server.RaftServerConfigKeys (ConfUtils.java:logGet(46)) - raft.server.leaderelection.leader.step-down.wait-time = 10s (default)
2023-07-05 13:44:40,258 [39a48944-77e7-4681-b606-55be812809b8-groupManagement] INFO  server.RaftServerConfigKeys (ConfUtils.java:logGet(46)) - raft.server.sleep.deviation.threshold = 300ms (default)
2023-07-05 13:44:40,258 [39a48944-77e7-4681-b606-55be812809b8-groupManagement] INFO  server.RaftServer$Division (ServerState.java:<init>(120)) - 39a48944-77e7-4681-b606-55be812809b8@group-419B63F73666: ConfigurationManager, init=-1: peers:[39a48944-77e7-4681-b606-55be812809b8|rpc:10.1.0.13:15244|admin:10.1.0.13:15243|client:10.1.0.13:15242|dataStream:10.1.0.13:15245|priority:0|startupRole:FOLLOWER, 009ab419-7007-4517-9228-4425fd87ec20|rpc:10.1.0.13:15235|admin:10.1.0.13:15234|client:10.1.0.13:15233|dataStream:10.1.0.13:15236|priority:1|startupRole:FOLLOWER, 9cad0a2d-2056-47c2-83a8-166be64b57fa|rpc:10.1.0.13:15226|admin:10.1.0.13:15225|client:10.1.0.13:15224|dataStream:10.1.0.13:15227|priority:0|startupRole:FOLLOWER]|listeners:[], old=null, confs=<EMPTY_MAP>
2023-07-05 13:44:40,258 [39a48944-77e7-4681-b606-55be812809b8-groupManagement] INFO  server.RaftServerConfigKeys (ConfUtils.java:logGet(46)) - raft.server.storage.dir = [/home/runner/work/ozone/ozone/hadoop-ozone/integration-test/target/test-dir/MiniOzoneClusterImpl-5a349b9d-530c-474e-9da9-45562981beee/datanode-2/data/ratis] (custom)
2023-07-05 13:44:40,258 [39a48944-77e7-4681-b606-55be812809b8-groupManagement] INFO  server.RaftServerConfigKeys (ConfUtils.java:logGet(46)) - raft.server.log.corruption.policy = EXCEPTION (default)
2023-07-05 13:44:40,258 [39a48944-77e7-4681-b606-55be812809b8-groupManagement] INFO  server.RaftServerConfigKeys (ConfUtils.java:logGet(46)) - raft.server.storage.free-space.min = 0MB (=0) (default)
2023-07-05 13:44:40,258 [39a48944-77e7-4681-b606-55be812809b8-groupManagement] INFO  server.RaftServerConfigKeys (ConfUtils.java:logGet(46)) - raft.server.notification.no-leader.timeout = 300s (custom)
2023-07-05 13:44:40,258 [39a48944-77e7-4681-b606-55be812809b8-groupManagement] INFO  server.RaftServerConfigKeys (ConfUtils.java:logGet(46)) - raft.server.read.timeout = 10s (default)
2023-07-05 13:44:40,258 [39a48944-77e7-4681-b606-55be812809b8-groupManagement] INFO  server.RaftServerConfigKeys (ConfUtils.java:logGet(46)) - raft.server.retrycache.expirytime = 600000ms (custom)
2023-07-05 13:44:40,258 [39a48944-77e7-4681-b606-55be812809b8-groupManagement] INFO  server.RaftServerConfigKeys (ConfUtils.java:logGet(46)) - raft.server.retrycache.statistics.expirytime = 100μs (default)
2023-07-05 13:44:40,258 [39a48944-77e7-4681-b606-55be812809b8-groupManagement] INFO  server.RaftServerConfigKeys (ConfUtils.java:logGet(46)) - raft.server.read.option = DEFAULT (default)
2023-07-05 13:44:40,259 [39a48944-77e7-4681-b606-55be812809b8-groupManagement] INFO  server.RaftServerConfigKeys (ConfUtils.java:logGet(46)) - raft.server.rpc.request.timeout = 60s (custom)
2023-07-05 13:44:40,259 [39a48944-77e7-4681-b606-55be812809b8-groupManagement] INFO  server.RaftServerConfigKeys (ConfUtils.java:logGet(46)) - raft.server.log.appender.install.snapshot.enabled = false (custom)
2023-07-05 13:44:40,259 [39a48944-77e7-4681-b606-55be812809b8-groupManagement] INFO  server.RaftServerConfigKeys (ConfUtils.java:logGet(46)) - raft.server.threadpool.server.cached = true (default)
2023-07-05 13:44:40,259 [39a48944-77e7-4681-b606-55be812809b8-groupManagement] INFO  server.RaftServerConfigKeys (ConfUtils.java:logGet(46)) - raft.server.threadpool.server.size = 0 (default)
2023-07-05 13:44:40,259 [39a48944-77e7-4681-b606-55be812809b8-groupManagement] INFO  server.RaftServerConfigKeys (ConfUtils.java:logGet(46)) - raft.server.threadpool.client.cached = true (default)
2023-07-05 13:44:40,259 [39a48944-77e7-4681-b606-55be812809b8-groupManagement] INFO  server.RaftServerConfigKeys (ConfUtils.java:logGet(46)) - raft.server.threadpool.client.size = 0 (default)
2023-07-05 13:44:40,260 [39a48944-77e7-4681-b606-55be812809b8-groupManagement] INFO  storage.RaftStorageDirectory (RaftStorageDirectoryImpl.java:analyzeStorage(137)) - The storage directory /home/runner/work/ozone/ozone/hadoop-ozone/integration-test/target/test-dir/MiniOzoneClusterImpl-5a349b9d-530c-474e-9da9-45562981beee/datanode-2/data/ratis/bb722c83-4313-4365-b6e0-419b63f73666 does not exist. Creating ...
2023-07-05 13:44:40,269 [39a48944-77e7-4681-b606-55be812809b8-groupManagement] INFO  storage.RaftStorageDirectory (RaftStorageDirectoryImpl.java:tryLock(231)) - Lock on /home/runner/work/ozone/ozone/hadoop-ozone/integration-test/target/test-dir/MiniOzoneClusterImpl-5a349b9d-530c-474e-9da9-45562981beee/datanode-2/data/ratis/bb722c83-4313-4365-b6e0-419b63f73666/in_use.lock acquired by nodename 25537@fv-az264-29
2023-07-05 13:44:40,271 [39a48944-77e7-4681-b606-55be812809b8-groupManagement] INFO  storage.RaftStorage (RaftStorageImpl.java:format(96)) - Storage directory /home/runner/work/ozone/ozone/hadoop-ozone/integration-test/target/test-dir/MiniOzoneClusterImpl-5a349b9d-530c-474e-9da9-45562981beee/datanode-2/data/ratis/bb722c83-4313-4365-b6e0-419b63f73666 has been successfully formatted.
2023-07-05 13:44:40,273 [39a48944-77e7-4681-b606-55be812809b8-groupManagement] INFO  ratis.ContainerStateMachine (ContainerStateMachine.java:loadSnapshot(262)) - group-419B63F73666: The snapshot info is null. Setting the last applied indexto:(t:0, i:~)
2023-07-05 13:44:40,273 [39a48944-77e7-4681-b606-55be812809b8-groupManagement] INFO  server.RaftServerConfigKeys (ConfUtils.java:logGet(46)) - raft.server.log.use.memory = false (default)
2023-07-05 13:44:40,273 [39a48944-77e7-4681-b606-55be812809b8-groupManagement] INFO  server.RaftServerConfigKeys (ConfUtils.java:logGet(46)) - raft.server.log.purge.gap = 1000000 (custom)
2023-07-05 13:44:40,273 [39a48944-77e7-4681-b606-55be812809b8-groupManagement] INFO  server.RaftServerConfigKeys (ConfUtils.java:logGet(46)) - raft.server.log.appender.buffer.byte-limit = 33554432 (custom)
2023-07-05 13:44:40,273 [39a48944-77e7-4681-b606-55be812809b8-groupManagement] INFO  server.RaftServerConfigKeys (ConfUtils.java:logGet(46)) - raft.server.log.statemachine.data.read.timeout = 1000ms (default)
2023-07-05 13:44:40,273 [39a48944-77e7-4681-b606-55be812809b8-groupManagement] INFO  server.RaftServerConfigKeys (ConfUtils.java:logGet(46)) - raft.server.log.purge.preservation.log.num = 0 (default)
2023-07-05 13:44:40,273 [39a48944-77e7-4681-b606-55be812809b8-groupManagement] INFO  server.RaftServerConfigKeys (ConfUtils.java:logGet(46)) - raft.server.log.segment.size.max = 1048576 (custom)
2023-07-05 13:44:40,273 [39a48944-77e7-4681-b606-55be812809b8-groupManagement] INFO  server.RaftServerConfigKeys (ConfUtils.java:logGet(46)) - raft.server.log.segment.cache.num.max = 2 (custom)
2023-07-05 13:44:40,274 [39a48944-77e7-4681-b606-55be812809b8-groupManagement] INFO  server.RaftServerConfigKeys (ConfUtils.java:logGet(46)) - raft.server.log.segment.cache.size.max = 200MB (=209715200) (default)
2023-07-05 13:44:40,274 [39a48944-77e7-4681-b606-55be812809b8-groupManagement] INFO  server.RaftServerConfigKeys (ConfUtils.java:logGet(46)) - raft.server.log.appender.buffer.byte-limit = 33554432 (custom)
2023-07-05 13:44:40,274 [39a48944-77e7-4681-b606-55be812809b8-groupManagement] INFO  segmented.SegmentedRaftLogWorker (SegmentedRaftLogWorker.java:<init>(188)) - new 39a48944-77e7-4681-b606-55be812809b8@group-419B63F73666-SegmentedRaftLogWorker for RaftStorageImpl:Storage Directory /home/runner/work/ozone/ozone/hadoop-ozone/integration-test/target/test-dir/MiniOzoneClusterImpl-5a349b9d-530c-474e-9da9-45562981beee/datanode-2/data/ratis/bb722c83-4313-4365-b6e0-419b63f73666
2023-07-05 13:44:40,274 [39a48944-77e7-4681-b606-55be812809b8-groupManagement] INFO  server.RaftServerConfigKeys (ConfUtils.java:logGet(46)) - raft.server.log.queue.byte-limit = 4294967296 (custom)
2023-07-05 13:44:40,274 [39a48944-77e7-4681-b606-55be812809b8-groupManagement] INFO  server.RaftServerConfigKeys (ConfUtils.java:logGet(46)) - raft.server.log.queue.element-limit = 1024 (custom)
2023-07-05 13:44:40,274 [39a48944-77e7-4681-b606-55be812809b8-groupManagement] INFO  server.RaftServerConfigKeys (ConfUtils.java:logGet(46)) - raft.server.log.segment.size.max = 1048576 (custom)
2023-07-05 13:44:40,274 [39a48944-77e7-4681-b606-55be812809b8-groupManagement] INFO  server.RaftServerConfigKeys (ConfUtils.java:logGet(46)) - raft.server.log.preallocated.size = 16384 (custom)
2023-07-05 13:44:40,274 [39a48944-77e7-4681-b606-55be812809b8-groupManagement] INFO  server.RaftServerConfigKeys (ConfUtils.java:logGet(46)) - raft.server.log.force.sync.num = 128 (default)
2023-07-05 13:44:40,274 [39a48944-77e7-4681-b606-55be812809b8-groupManagement] INFO  server.RaftServerConfigKeys (ConfUtils.java:logGet(46)) - raft.server.log.statemachine.data.sync = true (default)
2023-07-05 13:44:40,274 [39a48944-77e7-4681-b606-55be812809b8-groupManagement] INFO  server.RaftServerConfigKeys (ConfUtils.java:logGet(46)) - raft.server.log.statemachine.data.sync.timeout = 10s (default)
2023-07-05 13:44:40,274 [39a48944-77e7-4681-b606-55be812809b8-groupManagement] INFO  server.RaftServerConfigKeys (ConfUtils.java:logGet(46)) - raft.server.log.statemachine.data.sync.timeout.retry = -1 (default)
2023-07-05 13:44:40,274 [39a48944-77e7-4681-b606-55be812809b8-groupManagement] INFO  server.RaftServerConfigKeys (ConfUtils.java:logGet(46)) - raft.server.log.write.buffer.size = 1048576 (custom)
2023-07-05 13:44:40,275 [39a48944-77e7-4681-b606-55be812809b8-groupManagement] INFO  server.RaftServerConfigKeys (ConfUtils.java:logGet(46)) - raft.server.log.appender.buffer.byte-limit = 33554432 (custom)
2023-07-05 13:44:40,281 [39a48944-77e7-4681-b606-55be812809b8-groupManagement] INFO  server.RaftServerConfigKeys (ConfUtils.java:logGet(46)) - raft.server.log.unsafe-flush.enabled = false (default)
2023-07-05 13:44:40,281 [39a48944-77e7-4681-b606-55be812809b8-groupManagement] INFO  server.RaftServerConfigKeys (ConfUtils.java:logGet(46)) - raft.server.log.async-flush.enabled = false (default)
2023-07-05 13:44:40,281 [39a48944-77e7-4681-b606-55be812809b8-groupManagement] INFO  server.RaftServerConfigKeys (ConfUtils.java:logGet(46)) - raft.server.log.statemachine.data.caching.enabled = true (custom)
2023-07-05 13:44:40,281 [39a48944-77e7-4681-b606-55be812809b8-groupManagement] INFO  segmented.SegmentedRaftLogWorker (SegmentedRaftLogWorker.java:lambda$new$0(135)) - 39a48944-77e7-4681-b606-55be812809b8@group-419B63F73666-SegmentedRaftLogWorker: flushIndex: setUnconditionally 0 -> -1
2023-07-05 13:44:40,281 [39a48944-77e7-4681-b606-55be812809b8-groupManagement] INFO  segmented.SegmentedRaftLogWorker (SegmentedRaftLogWorker.java:lambda$new$0(135)) - 39a48944-77e7-4681-b606-55be812809b8@group-419B63F73666-SegmentedRaftLogWorker: safeCacheEvictIndex: setUnconditionally 0 -> -1
2023-07-05 13:44:40,281 [39a48944-77e7-4681-b606-55be812809b8-groupManagement] INFO  server.RaftServer$Division (RaftServerImpl.java:start(342)) - 39a48944-77e7-4681-b606-55be812809b8@group-419B63F73666: start as a follower, conf=-1: peers:[39a48944-77e7-4681-b606-55be812809b8|rpc:10.1.0.13:15244|admin:10.1.0.13:15243|client:10.1.0.13:15242|dataStream:10.1.0.13:15245|priority:0|startupRole:FOLLOWER, 009ab419-7007-4517-9228-4425fd87ec20|rpc:10.1.0.13:15235|admin:10.1.0.13:15234|client:10.1.0.13:15233|dataStream:10.1.0.13:15236|priority:1|startupRole:FOLLOWER, 9cad0a2d-2056-47c2-83a8-166be64b57fa|rpc:10.1.0.13:15226|admin:10.1.0.13:15225|client:10.1.0.13:15224|dataStream:10.1.0.13:15227|priority:0|startupRole:FOLLOWER]|listeners:[], old=null
2023-07-05 13:44:40,281 [39a48944-77e7-4681-b606-55be812809b8-groupManagement] INFO  server.RaftServer$Division (RaftServerImpl.java:setRole(329)) - 39a48944-77e7-4681-b606-55be812809b8@group-419B63F73666: changes role from      null to FOLLOWER at term 0 for startAsFollower
2023-07-05 13:44:40,281 [39a48944-77e7-4681-b606-55be812809b8-groupManagement] INFO  impl.RoleInfo (RoleInfo.java:updateAndGet(139)) - 39a48944-77e7-4681-b606-55be812809b8: start 39a48944-77e7-4681-b606-55be812809b8@group-419B63F73666-FollowerState
2023-07-05 13:44:40,282 [39a48944-77e7-4681-b606-55be812809b8-groupManagement] INFO  util.JmxRegister (JmxRegister.java:tryRegister(44)) - Successfully registered JMX Bean with object name Ratis:service=RaftServer,group=group-419B63F73666,id=39a48944-77e7-4681-b606-55be812809b8
2023-07-05 13:44:40,282 [39a48944-77e7-4681-b606-55be812809b8-groupManagement] INFO  server.RaftServerConfigKeys (ConfUtils.java:logGet(46)) - raft.server.snapshot.auto.trigger.enabled = true (custom)
2023-07-05 13:44:40,282 [39a48944-77e7-4681-b606-55be812809b8-groupManagement] INFO  server.RaftServerConfigKeys (ConfUtils.java:logGet(46)) - raft.server.snapshot.auto.trigger.threshold = 10000 (custom)
2023-07-05 13:44:40,282 [39a48944-77e7-4681-b606-55be812809b8-groupManagement] INFO  server.RaftServerConfigKeys (ConfUtils.java:logGet(46)) - raft.server.snapshot.retention.file.num = 5 (custom)
2023-07-05 13:44:40,282 [39a48944-77e7-4681-b606-55be812809b8-groupManagement] INFO  server.RaftServerConfigKeys (ConfUtils.java:logGet(46)) - raft.server.log.purge.upto.snapshot.index = false (default)
2023-07-05 13:44:40,282 [39a48944-77e7-4681-b606-55be812809b8@group-419B63F73666-FollowerState] INFO  server.RaftServerConfigKeys (ConfUtils.java:logFallback(53)) - raft.server.rpc.first-election.timeout.min = 5s (fallback to raft.server.rpc.timeout.min)
2023-07-05 13:44:40,283 [39a48944-77e7-4681-b606-55be812809b8@group-419B63F73666-FollowerState] INFO  server.RaftServerConfigKeys (ConfUtils.java:logFallback(53)) - raft.server.rpc.first-election.timeout.max = 5200ms (fallback to raft.server.rpc.timeout.max)
2023-07-05 13:44:40,299 [grpc-default-executor-0] INFO  server.RaftServer (RaftServerProxy.java:addNew(98)) - 009ab419-7007-4517-9228-4425fd87ec20: addNew group-419B63F73666:[39a48944-77e7-4681-b606-55be812809b8|rpc:10.1.0.13:15244|admin:10.1.0.13:15243|client:10.1.0.13:15242|dataStream:10.1.0.13:15245|priority:0|startupRole:FOLLOWER, 009ab419-7007-4517-9228-4425fd87ec20|rpc:10.1.0.13:15235|admin:10.1.0.13:15234|client:10.1.0.13:15233|dataStream:10.1.0.13:15236|priority:1|startupRole:FOLLOWER, 9cad0a2d-2056-47c2-83a8-166be64b57fa|rpc:10.1.0.13:15226|admin:10.1.0.13:15225|client:10.1.0.13:15224|dataStream:10.1.0.13:15227|priority:0|startupRole:FOLLOWER] returns group-419B63F73666:java.util.concurrent.CompletableFuture@55453d21[Not completed]
2023-07-05 13:44:40,300 [009ab419-7007-4517-9228-4425fd87ec20-groupManagement] INFO  server.RaftServer$Division (RaftServerImpl.java:<init>(198)) - 009ab419-7007-4517-9228-4425fd87ec20: new RaftServerImpl for group-419B63F73666:[39a48944-77e7-4681-b606-55be812809b8|rpc:10.1.0.13:15244|admin:10.1.0.13:15243|client:10.1.0.13:15242|dataStream:10.1.0.13:15245|priority:0|startupRole:FOLLOWER, 009ab419-7007-4517-9228-4425fd87ec20|rpc:10.1.0.13:15235|admin:10.1.0.13:15234|client:10.1.0.13:15233|dataStream:10.1.0.13:15236|priority:1|startupRole:FOLLOWER, 9cad0a2d-2056-47c2-83a8-166be64b57fa|rpc:10.1.0.13:15226|admin:10.1.0.13:15225|client:10.1.0.13:15224|dataStream:10.1.0.13:15227|priority:0|startupRole:FOLLOWER] with ContainerStateMachine:uninitialized
2023-07-05 13:44:40,301 [009ab419-7007-4517-9228-4425fd87ec20-groupManagement] INFO  server.RaftServerConfigKeys (ConfUtils.java:logGet(46)) - raft.server.rpc.timeout.min = 5s (custom)
2023-07-05 13:44:40,301 [009ab419-7007-4517-9228-4425fd87ec20-groupManagement] INFO  server.RaftServerConfigKeys (ConfUtils.java:logGet(46)) - raft.server.rpc.timeout.max = 5200ms (custom)
2023-07-05 13:44:40,301 [009ab419-7007-4517-9228-4425fd87ec20-groupManagement] INFO  server.RaftServerConfigKeys (ConfUtils.java:logGet(46)) - raft.server.rpc.sleep.time = 25ms (default)
2023-07-05 13:44:40,301 [009ab419-7007-4517-9228-4425fd87ec20-groupManagement] INFO  server.RaftServerConfigKeys (ConfUtils.java:logGet(46)) - raft.server.rpc.slowness.timeout = 300s (custom)
2023-07-05 13:44:40,301 [009ab419-7007-4517-9228-4425fd87ec20-groupManagement] INFO  server.RaftServerConfigKeys (ConfUtils.java:logGet(46)) - raft.server.leaderelection.leader.step-down.wait-time = 10s (default)
2023-07-05 13:44:40,301 [009ab419-7007-4517-9228-4425fd87ec20-groupManagement] INFO  server.RaftServerConfigKeys (ConfUtils.java:logGet(46)) - raft.server.sleep.deviation.threshold = 300ms (default)
2023-07-05 13:44:40,301 [009ab419-7007-4517-9228-4425fd87ec20-groupManagement] INFO  server.RaftServer$Division (ServerState.java:<init>(120)) - 009ab419-7007-4517-9228-4425fd87ec20@group-419B63F73666: ConfigurationManager, init=-1: peers:[39a48944-77e7-4681-b606-55be812809b8|rpc:10.1.0.13:15244|admin:10.1.0.13:15243|client:10.1.0.13:15242|dataStream:10.1.0.13:15245|priority:0|startupRole:FOLLOWER, 009ab419-7007-4517-9228-4425fd87ec20|rpc:10.1.0.13:15235|admin:10.1.0.13:15234|client:10.1.0.13:15233|dataStream:10.1.0.13:15236|priority:1|startupRole:FOLLOWER, 9cad0a2d-2056-47c2-83a8-166be64b57fa|rpc:10.1.0.13:15226|admin:10.1.0.13:15225|client:10.1.0.13:15224|dataStream:10.1.0.13:15227|priority:0|startupRole:FOLLOWER]|listeners:[], old=null, confs=<EMPTY_MAP>
2023-07-05 13:44:40,301 [009ab419-7007-4517-9228-4425fd87ec20-groupManagement] INFO  server.RaftServerConfigKeys (ConfUtils.java:logGet(46)) - raft.server.storage.dir = [/home/runner/work/ozone/ozone/hadoop-ozone/integration-test/target/test-dir/MiniOzoneClusterImpl-5a349b9d-530c-474e-9da9-45562981beee/datanode-1/data/ratis] (custom)
2023-07-05 13:44:40,301 [009ab419-7007-4517-9228-4425fd87ec20-groupManagement] INFO  server.RaftServerConfigKeys (ConfUtils.java:logGet(46)) - raft.server.log.corruption.policy = EXCEPTION (default)
2023-07-05 13:44:40,301 [009ab419-7007-4517-9228-4425fd87ec20-groupManagement] INFO  server.RaftServerConfigKeys (ConfUtils.java:logGet(46)) - raft.server.storage.free-space.min = 0MB (=0) (default)
2023-07-05 13:44:40,301 [009ab419-7007-4517-9228-4425fd87ec20-groupManagement] INFO  server.RaftServerConfigKeys (ConfUtils.java:logGet(46)) - raft.server.notification.no-leader.timeout = 300s (custom)
2023-07-05 13:44:40,301 [009ab419-7007-4517-9228-4425fd87ec20-groupManagement] INFO  server.RaftServerConfigKeys (ConfUtils.java:logGet(46)) - raft.server.read.timeout = 10s (default)
2023-07-05 13:44:40,301 [009ab419-7007-4517-9228-4425fd87ec20-groupManagement] INFO  server.RaftServerConfigKeys (ConfUtils.java:logGet(46)) - raft.server.retrycache.expirytime = 600000ms (custom)
2023-07-05 13:44:40,301 [009ab419-7007-4517-9228-4425fd87ec20-groupManagement] INFO  server.RaftServerConfigKeys (ConfUtils.java:logGet(46)) - raft.server.retrycache.statistics.expirytime = 100μs (default)
2023-07-05 13:44:40,301 [009ab419-7007-4517-9228-4425fd87ec20-groupManagement] INFO  server.RaftServerConfigKeys (ConfUtils.java:logGet(46)) - raft.server.read.option = DEFAULT (default)
2023-07-05 13:44:40,302 [009ab419-7007-4517-9228-4425fd87ec20-groupManagement] INFO  server.RaftServerConfigKeys (ConfUtils.java:logGet(46)) - raft.server.rpc.request.timeout = 60s (custom)
2023-07-05 13:44:40,302 [009ab419-7007-4517-9228-4425fd87ec20-groupManagement] INFO  server.RaftServerConfigKeys (ConfUtils.java:logGet(46)) - raft.server.log.appender.install.snapshot.enabled = false (custom)
2023-07-05 13:44:40,302 [009ab419-7007-4517-9228-4425fd87ec20-groupManagement] INFO  server.RaftServerConfigKeys (ConfUtils.java:logGet(46)) - raft.server.threadpool.server.cached = true (default)
2023-07-05 13:44:40,302 [009ab419-7007-4517-9228-4425fd87ec20-groupManagement] INFO  server.RaftServerConfigKeys (ConfUtils.java:logGet(46)) - raft.server.threadpool.server.size = 0 (default)
2023-07-05 13:44:40,302 [009ab419-7007-4517-9228-4425fd87ec20-groupManagement] INFO  server.RaftServerConfigKeys (ConfUtils.java:logGet(46)) - raft.server.threadpool.client.cached = true (default)
2023-07-05 13:44:40,302 [009ab419-7007-4517-9228-4425fd87ec20-groupManagement] INFO  server.RaftServerConfigKeys (ConfUtils.java:logGet(46)) - raft.server.threadpool.client.size = 0 (default)
2023-07-05 13:44:40,302 [009ab419-7007-4517-9228-4425fd87ec20-groupManagement] INFO  storage.RaftStorageDirectory (RaftStorageDirectoryImpl.java:analyzeStorage(137)) - The storage directory /home/runner/work/ozone/ozone/hadoop-ozone/integration-test/target/test-dir/MiniOzoneClusterImpl-5a349b9d-530c-474e-9da9-45562981beee/datanode-1/data/ratis/bb722c83-4313-4365-b6e0-419b63f73666 does not exist. Creating ...
2023-07-05 13:44:40,304 [009ab419-7007-4517-9228-4425fd87ec20-groupManagement] INFO  storage.RaftStorageDirectory (RaftStorageDirectoryImpl.java:tryLock(231)) - Lock on /home/runner/work/ozone/ozone/hadoop-ozone/integration-test/target/test-dir/MiniOzoneClusterImpl-5a349b9d-530c-474e-9da9-45562981beee/datanode-1/data/ratis/bb722c83-4313-4365-b6e0-419b63f73666/in_use.lock acquired by nodename 25537@fv-az264-29
2023-07-05 13:44:40,306 [009ab419-7007-4517-9228-4425fd87ec20-groupManagement] INFO  storage.RaftStorage (RaftStorageImpl.java:format(96)) - Storage directory /home/runner/work/ozone/ozone/hadoop-ozone/integration-test/target/test-dir/MiniOzoneClusterImpl-5a349b9d-530c-474e-9da9-45562981beee/datanode-1/data/ratis/bb722c83-4313-4365-b6e0-419b63f73666 has been successfully formatted.
2023-07-05 13:44:40,306 [009ab419-7007-4517-9228-4425fd87ec20-groupManagement] INFO  ratis.ContainerStateMachine (ContainerStateMachine.java:loadSnapshot(262)) - group-419B63F73666: The snapshot info is null. Setting the last applied indexto:(t:0, i:~)
2023-07-05 13:44:40,306 [009ab419-7007-4517-9228-4425fd87ec20-groupManagement] INFO  server.RaftServerConfigKeys (ConfUtils.java:logGet(46)) - raft.server.log.use.memory = false (default)
2023-07-05 13:44:40,307 [009ab419-7007-4517-9228-4425fd87ec20-groupManagement] INFO  server.RaftServerConfigKeys (ConfUtils.java:logGet(46)) - raft.server.log.purge.gap = 1000000 (custom)
2023-07-05 13:44:40,307 [009ab419-7007-4517-9228-4425fd87ec20-groupManagement] INFO  server.RaftServerConfigKeys (ConfUtils.java:logGet(46)) - raft.server.log.appender.buffer.byte-limit = 33554432 (custom)
2023-07-05 13:44:40,307 [009ab419-7007-4517-9228-4425fd87ec20-groupManagement] INFO  server.RaftServerConfigKeys (ConfUtils.java:logGet(46)) - raft.server.log.statemachine.data.read.timeout = 1000ms (default)
2023-07-05 13:44:40,307 [009ab419-7007-4517-9228-4425fd87ec20-groupManagement] INFO  server.RaftServerConfigKeys (ConfUtils.java:logGet(46)) - raft.server.log.purge.preservation.log.num = 0 (default)
2023-07-05 13:44:40,308 [009ab419-7007-4517-9228-4425fd87ec20-groupManagement] INFO  server.RaftServerConfigKeys (ConfUtils.java:logGet(46)) - raft.server.log.segment.size.max = 1048576 (custom)
2023-07-05 13:44:40,308 [009ab419-7007-4517-9228-4425fd87ec20-groupManagement] INFO  server.RaftServerConfigKeys (ConfUtils.java:logGet(46)) - raft.server.log.segment.cache.num.max = 2 (custom)
2023-07-05 13:44:40,308 [009ab419-7007-4517-9228-4425fd87ec20-groupManagement] INFO  server.RaftServerConfigKeys (ConfUtils.java:logGet(46)) - raft.server.log.segment.cache.size.max = 200MB (=209715200) (default)
2023-07-05 13:44:40,308 [009ab419-7007-4517-9228-4425fd87ec20-groupManagement] INFO  server.RaftServerConfigKeys (ConfUtils.java:logGet(46)) - raft.server.log.appender.buffer.byte-limit = 33554432 (custom)
2023-07-05 13:44:40,308 [009ab419-7007-4517-9228-4425fd87ec20-groupManagement] INFO  segmented.SegmentedRaftLogWorker (SegmentedRaftLogWorker.java:<init>(188)) - new 009ab419-7007-4517-9228-4425fd87ec20@group-419B63F73666-SegmentedRaftLogWorker for RaftStorageImpl:Storage Directory /home/runner/work/ozone/ozone/hadoop-ozone/integration-test/target/test-dir/MiniOzoneClusterImpl-5a349b9d-530c-474e-9da9-45562981beee/datanode-1/data/ratis/bb722c83-4313-4365-b6e0-419b63f73666
2023-07-05 13:44:40,308 [009ab419-7007-4517-9228-4425fd87ec20-groupManagement] INFO  server.RaftServerConfigKeys (ConfUtils.java:logGet(46)) - raft.server.log.queue.byte-limit = 4294967296 (custom)
2023-07-05 13:44:40,308 [009ab419-7007-4517-9228-4425fd87ec20-groupManagement] INFO  server.RaftServerConfigKeys (ConfUtils.java:logGet(46)) - raft.server.log.queue.element-limit = 1024 (custom)
2023-07-05 13:44:40,308 [009ab419-7007-4517-9228-4425fd87ec20-groupManagement] INFO  server.RaftServerConfigKeys (ConfUtils.java:logGet(46)) - raft.server.log.segment.size.max = 1048576 (custom)
2023-07-05 13:44:40,308 [009ab419-7007-4517-9228-4425fd87ec20-groupManagement] INFO  server.RaftServerConfigKeys (ConfUtils.java:logGet(46)) - raft.server.log.preallocated.size = 16384 (custom)
2023-07-05 13:44:40,308 [009ab419-7007-4517-9228-4425fd87ec20-groupManagement] INFO  server.RaftServerConfigKeys (ConfUtils.java:logGet(46)) - raft.server.log.force.sync.num = 128 (default)
2023-07-05 13:44:40,308 [009ab419-7007-4517-9228-4425fd87ec20-groupManagement] INFO  server.RaftServerConfigKeys (ConfUtils.java:logGet(46)) - raft.server.log.statemachine.data.sync = true (default)
2023-07-05 13:44:40,308 [009ab419-7007-4517-9228-4425fd87ec20-groupManagement] INFO  server.RaftServerConfigKeys (ConfUtils.java:logGet(46)) - raft.server.log.statemachine.data.sync.timeout = 10s (default)
2023-07-05 13:44:40,308 [009ab419-7007-4517-9228-4425fd87ec20-groupManagement] INFO  server.RaftServerConfigKeys (ConfUtils.java:logGet(46)) - raft.server.log.statemachine.data.sync.timeout.retry = -1 (default)
2023-07-05 13:44:40,309 [009ab419-7007-4517-9228-4425fd87ec20-groupManagement] INFO  server.RaftServerConfigKeys (ConfUtils.java:logGet(46)) - raft.server.log.write.buffer.size = 1048576 (custom)
2023-07-05 13:44:40,310 [009ab419-7007-4517-9228-4425fd87ec20-groupManagement] INFO  server.RaftServerConfigKeys (ConfUtils.java:logGet(46)) - raft.server.log.appender.buffer.byte-limit = 33554432 (custom)
2023-07-05 13:44:40,312 [Time-limited test] INFO  ozone.MiniOzoneClusterImpl (MiniOzoneClusterImpl.java:lambda$waitForClusterToBeReady$0(224)) - Nodes are ready. Got 5 of 5 DN Heartbeats.
2023-07-05 13:44:40,312 [Time-limited test] INFO  ozone.MiniOzoneClusterImpl (MiniOzoneClusterImpl.java:lambda$waitForClusterToBeReady$0(227)) - Waiting for cluster to exit safe mode
2023-07-05 13:44:40,312 [Time-limited test] INFO  ozone.MiniOzoneClusterImpl (MiniOzoneClusterImpl.java:lambda$waitForClusterToBeReady$0(229)) - SCM became leader
2023-07-05 13:44:40,315 [009ab419-7007-4517-9228-4425fd87ec20-groupManagement] INFO  server.RaftServerConfigKeys (ConfUtils.java:logGet(46)) - raft.server.log.unsafe-flush.enabled = false (default)
2023-07-05 13:44:40,315 [009ab419-7007-4517-9228-4425fd87ec20-groupManagement] INFO  server.RaftServerConfigKeys (ConfUtils.java:logGet(46)) - raft.server.log.async-flush.enabled = false (default)
2023-07-05 13:44:40,315 [009ab419-7007-4517-9228-4425fd87ec20-groupManagement] INFO  server.RaftServerConfigKeys (ConfUtils.java:logGet(46)) - raft.server.log.statemachine.data.caching.enabled = true (custom)
2023-07-05 13:44:40,315 [009ab419-7007-4517-9228-4425fd87ec20-groupManagement] INFO  segmented.SegmentedRaftLogWorker (SegmentedRaftLogWorker.java:lambda$new$0(135)) - 009ab419-7007-4517-9228-4425fd87ec20@group-419B63F73666-SegmentedRaftLogWorker: flushIndex: setUnconditionally 0 -> -1
2023-07-05 13:44:40,316 [009ab419-7007-4517-9228-4425fd87ec20-groupManagement] INFO  segmented.SegmentedRaftLogWorker (SegmentedRaftLogWorker.java:lambda$new$0(135)) - 009ab419-7007-4517-9228-4425fd87ec20@group-419B63F73666-SegmentedRaftLogWorker: safeCacheEvictIndex: setUnconditionally 0 -> -1
2023-07-05 13:44:40,316 [009ab419-7007-4517-9228-4425fd87ec20-groupManagement] INFO  server.RaftServer$Division (RaftServerImpl.java:start(342)) - 009ab419-7007-4517-9228-4425fd87ec20@group-419B63F73666: start as a follower, conf=-1: peers:[39a48944-77e7-4681-b606-55be812809b8|rpc:10.1.0.13:15244|admin:10.1.0.13:15243|client:10.1.0.13:15242|dataStream:10.1.0.13:15245|priority:0|startupRole:FOLLOWER, 009ab419-7007-4517-9228-4425fd87ec20|rpc:10.1.0.13:15235|admin:10.1.0.13:15234|client:10.1.0.13:15233|dataStream:10.1.0.13:15236|priority:1|startupRole:FOLLOWER, 9cad0a2d-2056-47c2-83a8-166be64b57fa|rpc:10.1.0.13:15226|admin:10.1.0.13:15225|client:10.1.0.13:15224|dataStream:10.1.0.13:15227|priority:0|startupRole:FOLLOWER]|listeners:[], old=null
2023-07-05 13:44:40,316 [009ab419-7007-4517-9228-4425fd87ec20-groupManagement] INFO  server.RaftServer$Division (RaftServerImpl.java:setRole(329)) - 009ab419-7007-4517-9228-4425fd87ec20@group-419B63F73666: changes role from      null to FOLLOWER at term 0 for startAsFollower
2023-07-05 13:44:40,316 [009ab419-7007-4517-9228-4425fd87ec20-groupManagement] INFO  impl.RoleInfo (RoleInfo.java:updateAndGet(139)) - 009ab419-7007-4517-9228-4425fd87ec20: start 009ab419-7007-4517-9228-4425fd87ec20@group-419B63F73666-FollowerState
2023-07-05 13:44:40,318 [009ab419-7007-4517-9228-4425fd87ec20-groupManagement] INFO  util.JmxRegister (JmxRegister.java:tryRegister(44)) - Successfully registered JMX Bean with object name Ratis:service=RaftServer,group=group-419B63F73666,id=009ab419-7007-4517-9228-4425fd87ec20
2023-07-05 13:44:40,318 [009ab419-7007-4517-9228-4425fd87ec20@group-419B63F73666-FollowerState] INFO  server.RaftServerConfigKeys (ConfUtils.java:logFallback(53)) - raft.server.rpc.first-election.timeout.min = 5s (fallback to raft.server.rpc.timeout.min)
2023-07-05 13:44:40,318 [009ab419-7007-4517-9228-4425fd87ec20-groupManagement] INFO  server.RaftServerConfigKeys (ConfUtils.java:logGet(46)) - raft.server.snapshot.auto.trigger.enabled = true (custom)
2023-07-05 13:44:40,318 [009ab419-7007-4517-9228-4425fd87ec20@group-419B63F73666-FollowerState] INFO  server.RaftServerConfigKeys (ConfUtils.java:logFallback(53)) - raft.server.rpc.first-election.timeout.max = 5200ms (fallback to raft.server.rpc.timeout.max)
2023-07-05 13:44:40,318 [009ab419-7007-4517-9228-4425fd87ec20-groupManagement] INFO  server.RaftServerConfigKeys (ConfUtils.java:logGet(46)) - raft.server.snapshot.auto.trigger.threshold = 10000 (custom)
2023-07-05 13:44:40,318 [009ab419-7007-4517-9228-4425fd87ec20-groupManagement] INFO  server.RaftServerConfigKeys (ConfUtils.java:logGet(46)) - raft.server.snapshot.retention.file.num = 5 (custom)
2023-07-05 13:44:40,318 [009ab419-7007-4517-9228-4425fd87ec20-groupManagement] INFO  server.RaftServerConfigKeys (ConfUtils.java:logGet(46)) - raft.server.log.purge.upto.snapshot.index = false (default)
2023-07-05 13:44:40,326 [PipelineCommandHandlerThread-0] INFO  commandhandler.CreatePipelineCommandHandler (CreatePipelineCommandHandler.java:lambda$handle$2(124)) - Created Pipeline RATIS THREE PipelineID=bb722c83-4313-4365-b6e0-419b63f73666.
2023-07-05 13:44:40,357 [PipelineCommandHandlerThread-0] INFO  server.RaftServer (RaftServerProxy.java:addNew(98)) - 009ab419-7007-4517-9228-4425fd87ec20: addNew group-E645A076D475:[009ab419-7007-4517-9228-4425fd87ec20|rpc:10.1.0.13:15235|admin:10.1.0.13:15234|client:10.1.0.13:15233|dataStream:10.1.0.13:15236|priority:1|startupRole:FOLLOWER] returns group-E645A076D475:java.util.concurrent.CompletableFuture@53672ae1[Not completed]
2023-07-05 13:44:40,358 [009ab419-7007-4517-9228-4425fd87ec20-groupManagement] INFO  server.RaftServer$Division (RaftServerImpl.java:<init>(198)) - 009ab419-7007-4517-9228-4425fd87ec20: new RaftServerImpl for group-E645A076D475:[009ab419-7007-4517-9228-4425fd87ec20|rpc:10.1.0.13:15235|admin:10.1.0.13:15234|client:10.1.0.13:15233|dataStream:10.1.0.13:15236|priority:1|startupRole:FOLLOWER] with ContainerStateMachine:uninitialized
2023-07-05 13:44:40,358 [009ab419-7007-4517-9228-4425fd87ec20-groupManagement] INFO  server.RaftServerConfigKeys (ConfUtils.java:logGet(46)) - raft.server.rpc.timeout.min = 5s (custom)
2023-07-05 13:44:40,358 [009ab419-7007-4517-9228-4425fd87ec20-groupManagement] INFO  server.RaftServerConfigKeys (ConfUtils.java:logGet(46)) - raft.server.rpc.timeout.max = 5200ms (custom)
2023-07-05 13:44:40,358 [009ab419-7007-4517-9228-4425fd87ec20-groupManagement] INFO  server.RaftServerConfigKeys (ConfUtils.java:logGet(46)) - raft.server.rpc.sleep.time = 25ms (default)
2023-07-05 13:44:40,358 [009ab419-7007-4517-9228-4425fd87ec20-groupManagement] INFO  server.RaftServerConfigKeys (ConfUtils.java:logGet(46)) - raft.server.rpc.slowness.timeout = 300s (custom)
2023-07-05 13:44:40,358 [009ab419-7007-4517-9228-4425fd87ec20-groupManagement] INFO  server.RaftServerConfigKeys (ConfUtils.java:logGet(46)) - raft.server.leaderelection.leader.step-down.wait-time = 10s (default)
2023-07-05 13:44:40,361 [009ab419-7007-4517-9228-4425fd87ec20-groupManagement] INFO  server.RaftServerConfigKeys (ConfUtils.java:logGet(46)) - raft.server.sleep.deviation.threshold = 300ms (default)
2023-07-05 13:44:40,361 [009ab419-7007-4517-9228-4425fd87ec20-groupManagement] INFO  server.RaftServer$Division (ServerState.java:<init>(120)) - 009ab419-7007-4517-9228-4425fd87ec20@group-E645A076D475: ConfigurationManager, init=-1: peers:[009ab419-7007-4517-9228-4425fd87ec20|rpc:10.1.0.13:15235|admin:10.1.0.13:15234|client:10.1.0.13:15233|dataStream:10.1.0.13:15236|priority:1|startupRole:FOLLOWER]|listeners:[], old=null, confs=<EMPTY_MAP>
2023-07-05 13:44:40,361 [009ab419-7007-4517-9228-4425fd87ec20-groupManagement] INFO  server.RaftServerConfigKeys (ConfUtils.java:logGet(46)) - raft.server.storage.dir = [/home/runner/work/ozone/ozone/hadoop-ozone/integration-test/target/test-dir/MiniOzoneClusterImpl-5a349b9d-530c-474e-9da9-45562981beee/datanode-1/data/ratis] (custom)
2023-07-05 13:44:40,361 [009ab419-7007-4517-9228-4425fd87ec20-groupManagement] INFO  server.RaftServerConfigKeys (ConfUtils.java:logGet(46)) - raft.server.log.corruption.policy = EXCEPTION (default)
2023-07-05 13:44:40,361 [009ab419-7007-4517-9228-4425fd87ec20-groupManagement] INFO  server.RaftServerConfigKeys (ConfUtils.java:logGet(46)) - raft.server.storage.free-space.min = 0MB (=0) (default)
2023-07-05 13:44:40,361 [009ab419-7007-4517-9228-4425fd87ec20-groupManagement] INFO  server.RaftServerConfigKeys (ConfUtils.java:logGet(46)) - raft.server.notification.no-leader.timeout = 300s (custom)
2023-07-05 13:44:40,361 [009ab419-7007-4517-9228-4425fd87ec20-groupManagement] INFO  server.RaftServerConfigKeys (ConfUtils.java:logGet(46)) - raft.server.read.timeout = 10s (default)
2023-07-05 13:44:40,361 [009ab419-7007-4517-9228-4425fd87ec20-groupManagement] INFO  server.RaftServerConfigKeys (ConfUtils.java:logGet(46)) - raft.server.retrycache.expirytime = 600000ms (custom)
2023-07-05 13:44:40,361 [009ab419-7007-4517-9228-4425fd87ec20-groupManagement] INFO  server.RaftServerConfigKeys (ConfUtils.java:logGet(46)) - raft.server.retrycache.statistics.expirytime = 100μs (default)
2023-07-05 13:44:40,361 [009ab419-7007-4517-9228-4425fd87ec20-groupManagement] INFO  server.RaftServerConfigKeys (ConfUtils.java:logGet(46)) - raft.server.read.option = DEFAULT (default)
2023-07-05 13:44:40,362 [009ab419-7007-4517-9228-4425fd87ec20-groupManagement] INFO  server.RaftServerConfigKeys (ConfUtils.java:logGet(46)) - raft.server.rpc.request.timeout = 60s (custom)
2023-07-05 13:44:40,362 [009ab419-7007-4517-9228-4425fd87ec20-groupManagement] INFO  server.RaftServerConfigKeys (ConfUtils.java:logGet(46)) - raft.server.log.appender.install.snapshot.enabled = false (custom)
2023-07-05 13:44:40,362 [009ab419-7007-4517-9228-4425fd87ec20-groupManagement] INFO  server.RaftServerConfigKeys (ConfUtils.java:logGet(46)) - raft.server.threadpool.server.cached = true (default)
2023-07-05 13:44:40,362 [009ab419-7007-4517-9228-4425fd87ec20-groupManagement] INFO  server.RaftServerConfigKeys (ConfUtils.java:logGet(46)) - raft.server.threadpool.server.size = 0 (default)
2023-07-05 13:44:40,362 [009ab419-7007-4517-9228-4425fd87ec20-groupManagement] INFO  server.RaftServerConfigKeys (ConfUtils.java:logGet(46)) - raft.server.threadpool.client.cached = true (default)
2023-07-05 13:44:40,362 [009ab419-7007-4517-9228-4425fd87ec20-groupManagement] INFO  server.RaftServerConfigKeys (ConfUtils.java:logGet(46)) - raft.server.threadpool.client.size = 0 (default)
2023-07-05 13:44:40,363 [009ab419-7007-4517-9228-4425fd87ec20-groupManagement] INFO  storage.RaftStorageDirectory (RaftStorageDirectoryImpl.java:analyzeStorage(137)) - The storage directory /home/runner/work/ozone/ozone/hadoop-ozone/integration-test/target/test-dir/MiniOzoneClusterImpl-5a349b9d-530c-474e-9da9-45562981beee/datanode-1/data/ratis/feadb886-544a-4fa3-8b02-e645a076d475 does not exist. Creating ...
2023-07-05 13:44:40,364 [009ab419-7007-4517-9228-4425fd87ec20-groupManagement] INFO  storage.RaftStorageDirectory (RaftStorageDirectoryImpl.java:tryLock(231)) - Lock on /home/runner/work/ozone/ozone/hadoop-ozone/integration-test/target/test-dir/MiniOzoneClusterImpl-5a349b9d-530c-474e-9da9-45562981beee/datanode-1/data/ratis/feadb886-544a-4fa3-8b02-e645a076d475/in_use.lock acquired by nodename 25537@fv-az264-29
2023-07-05 13:44:40,366 [009ab419-7007-4517-9228-4425fd87ec20-groupManagement] INFO  storage.RaftStorage (RaftStorageImpl.java:format(96)) - Storage directory /home/runner/work/ozone/ozone/hadoop-ozone/integration-test/target/test-dir/MiniOzoneClusterImpl-5a349b9d-530c-474e-9da9-45562981beee/datanode-1/data/ratis/feadb886-544a-4fa3-8b02-e645a076d475 has been successfully formatted.
2023-07-05 13:44:40,366 [009ab419-7007-4517-9228-4425fd87ec20-groupManagement] INFO  ratis.ContainerStateMachine (ContainerStateMachine.java:loadSnapshot(262)) - group-E645A076D475: The snapshot info is null. Setting the last applied indexto:(t:0, i:~)
2023-07-05 13:44:40,367 [009ab419-7007-4517-9228-4425fd87ec20-groupManagement] INFO  server.RaftServerConfigKeys (ConfUtils.java:logGet(46)) - raft.server.log.use.memory = false (default)
2023-07-05 13:44:40,367 [009ab419-7007-4517-9228-4425fd87ec20-groupManagement] INFO  server.RaftServerConfigKeys (ConfUtils.java:logGet(46)) - raft.server.log.purge.gap = 1000000 (custom)
2023-07-05 13:44:40,367 [009ab419-7007-4517-9228-4425fd87ec20-groupManagement] INFO  server.RaftServerConfigKeys (ConfUtils.java:logGet(46)) - raft.server.log.appender.buffer.byte-limit = 33554432 (custom)
2023-07-05 13:44:40,367 [009ab419-7007-4517-9228-4425fd87ec20-groupManagement] INFO  server.RaftServerConfigKeys (ConfUtils.java:logGet(46)) - raft.server.log.statemachine.data.read.timeout = 1000ms (default)
2023-07-05 13:44:40,367 [009ab419-7007-4517-9228-4425fd87ec20-groupManagement] INFO  server.RaftServerConfigKeys (ConfUtils.java:logGet(46)) - raft.server.log.purge.preservation.log.num = 0 (default)
2023-07-05 13:44:40,368 [EventQueue-PipelineReportForPipelineReportHandler] INFO  pipeline.PipelineReportHandler (PipelineReportHandler.java:processPipelineReport(136)) - Opened pipeline PipelineID=feadb886-544a-4fa3-8b02-e645a076d475
2023-07-05 13:44:40,368 [EventQueue-OpenPipelineForHealthyPipelineSafeModeRule] INFO  safemode.SCMSafeModeManager (HealthyPipelineSafeModeRule.java:process(137)) - SCM in safe mode. Healthy pipelines reported count is 0, required healthy pipeline reported count is 1
2023-07-05 13:44:40,368 [009ab419-7007-4517-9228-4425fd87ec20-groupManagement] INFO  server.RaftServerConfigKeys (ConfUtils.java:logGet(46)) - raft.server.log.segment.size.max = 1048576 (custom)
2023-07-05 13:44:40,369 [009ab419-7007-4517-9228-4425fd87ec20-groupManagement] INFO  server.RaftServerConfigKeys (ConfUtils.java:logGet(46)) - raft.server.log.segment.cache.num.max = 2 (custom)
2023-07-05 13:44:40,369 [009ab419-7007-4517-9228-4425fd87ec20-groupManagement] INFO  server.RaftServerConfigKeys (ConfUtils.java:logGet(46)) - raft.server.log.segment.cache.size.max = 200MB (=209715200) (default)
2023-07-05 13:44:40,369 [009ab419-7007-4517-9228-4425fd87ec20-groupManagement] INFO  server.RaftServerConfigKeys (ConfUtils.java:logGet(46)) - raft.server.log.appender.buffer.byte-limit = 33554432 (custom)
2023-07-05 13:44:40,369 [009ab419-7007-4517-9228-4425fd87ec20-groupManagement] INFO  segmented.SegmentedRaftLogWorker (SegmentedRaftLogWorker.java:<init>(188)) - new 009ab419-7007-4517-9228-4425fd87ec20@group-E645A076D475-SegmentedRaftLogWorker for RaftStorageImpl:Storage Directory /home/runner/work/ozone/ozone/hadoop-ozone/integration-test/target/test-dir/MiniOzoneClusterImpl-5a349b9d-530c-474e-9da9-45562981beee/datanode-1/data/ratis/feadb886-544a-4fa3-8b02-e645a076d475
2023-07-05 13:44:40,369 [009ab419-7007-4517-9228-4425fd87ec20-groupManagement] INFO  server.RaftServerConfigKeys (ConfUtils.java:logGet(46)) - raft.server.log.queue.byte-limit = 4294967296 (custom)
2023-07-05 13:44:40,369 [009ab419-7007-4517-9228-4425fd87ec20-groupManagement] INFO  server.RaftServerConfigKeys (ConfUtils.java:logGet(46)) - raft.server.log.queue.element-limit = 1024 (custom)
2023-07-05 13:44:40,369 [009ab419-7007-4517-9228-4425fd87ec20-groupManagement] INFO  server.RaftServerConfigKeys (ConfUtils.java:logGet(46)) - raft.server.log.segment.size.max = 1048576 (custom)
2023-07-05 13:44:40,369 [009ab419-7007-4517-9228-4425fd87ec20-groupManagement] INFO  server.RaftServerConfigKeys (ConfUtils.java:logGet(46)) - raft.server.log.preallocated.size = 16384 (custom)
2023-07-05 13:44:40,369 [009ab419-7007-4517-9228-4425fd87ec20-groupManagement] INFO  server.RaftServerConfigKeys (ConfUtils.java:logGet(46)) - raft.server.log.force.sync.num = 128 (default)
2023-07-05 13:44:40,369 [009ab419-7007-4517-9228-4425fd87ec20-groupManagement] INFO  server.RaftServerConfigKeys (ConfUtils.java:logGet(46)) - raft.server.log.statemachine.data.sync = true (default)
2023-07-05 13:44:40,369 [009ab419-7007-4517-9228-4425fd87ec20-groupManagement] INFO  server.RaftServerConfigKeys (ConfUtils.java:logGet(46)) - raft.server.log.statemachine.data.sync.timeout = 10s (default)
2023-07-05 13:44:40,369 [009ab419-7007-4517-9228-4425fd87ec20-groupManagement] INFO  server.RaftServerConfigKeys (ConfUtils.java:logGet(46)) - raft.server.log.statemachine.data.sync.timeout.retry = -1 (default)
2023-07-05 13:44:40,370 [009ab419-7007-4517-9228-4425fd87ec20-groupManagement] INFO  server.RaftServerConfigKeys (ConfUtils.java:logGet(46)) - raft.server.log.write.buffer.size = 1048576 (custom)
2023-07-05 13:44:40,370 [009ab419-7007-4517-9228-4425fd87ec20-groupManagement] INFO  server.RaftServerConfigKeys (ConfUtils.java:logGet(46)) - raft.server.log.appender.buffer.byte-limit = 33554432 (custom)
2023-07-05 13:44:40,376 [009ab419-7007-4517-9228-4425fd87ec20-groupManagement] INFO  server.RaftServerConfigKeys (ConfUtils.java:logGet(46)) - raft.server.log.unsafe-flush.enabled = false (default)
2023-07-05 13:44:40,376 [009ab419-7007-4517-9228-4425fd87ec20-groupManagement] INFO  server.RaftServerConfigKeys (ConfUtils.java:logGet(46)) - raft.server.log.async-flush.enabled = false (default)
2023-07-05 13:44:40,376 [009ab419-7007-4517-9228-4425fd87ec20-groupManagement] INFO  server.RaftServerConfigKeys (ConfUtils.java:logGet(46)) - raft.server.log.statemachine.data.caching.enabled = true (custom)
2023-07-05 13:44:40,376 [009ab419-7007-4517-9228-4425fd87ec20-groupManagement] INFO  segmented.SegmentedRaftLogWorker (SegmentedRaftLogWorker.java:lambda$new$0(135)) - 009ab419-7007-4517-9228-4425fd87ec20@group-E645A076D475-SegmentedRaftLogWorker: flushIndex: setUnconditionally 0 -> -1
2023-07-05 13:44:40,376 [009ab419-7007-4517-9228-4425fd87ec20-groupManagement] INFO  segmented.SegmentedRaftLogWorker (SegmentedRaftLogWorker.java:lambda$new$0(135)) - 009ab419-7007-4517-9228-4425fd87ec20@group-E645A076D475-SegmentedRaftLogWorker: safeCacheEvictIndex: setUnconditionally 0 -> -1
2023-07-05 13:44:40,376 [009ab419-7007-4517-9228-4425fd87ec20-groupManagement] INFO  server.RaftServer$Division (RaftServerImpl.java:start(342)) - 009ab419-7007-4517-9228-4425fd87ec20@group-E645A076D475: start as a follower, conf=-1: peers:[009ab419-7007-4517-9228-4425fd87ec20|rpc:10.1.0.13:15235|admin:10.1.0.13:15234|client:10.1.0.13:15233|dataStream:10.1.0.13:15236|priority:1|startupRole:FOLLOWER]|listeners:[], old=null
2023-07-05 13:44:40,376 [009ab419-7007-4517-9228-4425fd87ec20-groupManagement] INFO  server.RaftServer$Division (RaftServerImpl.java:setRole(329)) - 009ab419-7007-4517-9228-4425fd87ec20@group-E645A076D475: changes role from      null to FOLLOWER at term 0 for startAsFollower
2023-07-05 13:44:40,376 [009ab419-7007-4517-9228-4425fd87ec20-groupManagement] INFO  impl.RoleInfo (RoleInfo.java:updateAndGet(139)) - 009ab419-7007-4517-9228-4425fd87ec20: start 009ab419-7007-4517-9228-4425fd87ec20@group-E645A076D475-FollowerState
2023-07-05 13:44:40,377 [009ab419-7007-4517-9228-4425fd87ec20-groupManagement] INFO  util.JmxRegister (JmxRegister.java:tryRegister(44)) - Successfully registered JMX Bean with object name Ratis:service=RaftServer,group=group-E645A076D475,id=009ab419-7007-4517-9228-4425fd87ec20
2023-07-05 13:44:40,377 [009ab419-7007-4517-9228-4425fd87ec20-groupManagement] INFO  server.RaftServerConfigKeys (ConfUtils.java:logGet(46)) - raft.server.snapshot.auto.trigger.enabled = true (custom)
2023-07-05 13:44:40,377 [009ab419-7007-4517-9228-4425fd87ec20-groupManagement] INFO  server.RaftServerConfigKeys (ConfUtils.java:logGet(46)) - raft.server.snapshot.auto.trigger.threshold = 10000 (custom)
2023-07-05 13:44:40,377 [009ab419-7007-4517-9228-4425fd87ec20-groupManagement] INFO  server.RaftServerConfigKeys (ConfUtils.java:logGet(46)) - raft.server.snapshot.retention.file.num = 5 (custom)
2023-07-05 13:44:40,377 [009ab419-7007-4517-9228-4425fd87ec20-groupManagement] INFO  server.RaftServerConfigKeys (ConfUtils.java:logGet(46)) - raft.server.log.purge.upto.snapshot.index = false (default)
2023-07-05 13:44:40,377 [009ab419-7007-4517-9228-4425fd87ec20@group-E645A076D475-FollowerState] INFO  server.RaftServerConfigKeys (ConfUtils.java:logFallback(53)) - raft.server.rpc.first-election.timeout.min = 5s (fallback to raft.server.rpc.timeout.min)
2023-07-05 13:44:40,377 [PipelineCommandHandlerThread-0] INFO  ratis.XceiverServerRatis (XceiverServerRatis.java:addGroup(804)) - Created group PipelineID=feadb886-544a-4fa3-8b02-e645a076d475
2023-07-05 13:44:40,377 [PipelineCommandHandlerThread-0] INFO  commandhandler.CreatePipelineCommandHandler (CreatePipelineCommandHandler.java:lambda$handle$2(124)) - Created Pipeline RATIS ONE PipelineID=feadb886-544a-4fa3-8b02-e645a076d475.
2023-07-05 13:44:40,377 [009ab419-7007-4517-9228-4425fd87ec20@group-E645A076D475-FollowerState] INFO  server.RaftServerConfigKeys (ConfUtils.java:logFallback(53)) - raft.server.rpc.first-election.timeout.max = 5200ms (fallback to raft.server.rpc.timeout.max)
2023-07-05 13:44:40,687 [PipelineCommandHandlerThread-0] INFO  server.RaftServer (RaftServerProxy.java:addNew(98)) - 39a48944-77e7-4681-b606-55be812809b8: addNew group-B5BE083B54BC:[39a48944-77e7-4681-b606-55be812809b8|rpc:10.1.0.13:15244|admin:10.1.0.13:15243|client:10.1.0.13:15242|dataStream:10.1.0.13:15245|priority:1|startupRole:FOLLOWER] returns group-B5BE083B54BC:java.util.concurrent.CompletableFuture@39acf89d[Not completed]
2023-07-05 13:44:40,688 [39a48944-77e7-4681-b606-55be812809b8-groupManagement] INFO  server.RaftServer$Division (RaftServerImpl.java:<init>(198)) - 39a48944-77e7-4681-b606-55be812809b8: new RaftServerImpl for group-B5BE083B54BC:[39a48944-77e7-4681-b606-55be812809b8|rpc:10.1.0.13:15244|admin:10.1.0.13:15243|client:10.1.0.13:15242|dataStream:10.1.0.13:15245|priority:1|startupRole:FOLLOWER] with ContainerStateMachine:uninitialized
2023-07-05 13:44:40,688 [39a48944-77e7-4681-b606-55be812809b8-groupManagement] INFO  server.RaftServerConfigKeys (ConfUtils.java:logGet(46)) - raft.server.rpc.timeout.min = 5s (custom)
2023-07-05 13:44:40,688 [39a48944-77e7-4681-b606-55be812809b8-groupManagement] INFO  server.RaftServerConfigKeys (ConfUtils.java:logGet(46)) - raft.server.rpc.timeout.max = 5200ms (custom)
2023-07-05 13:44:40,688 [39a48944-77e7-4681-b606-55be812809b8-groupManagement] INFO  server.RaftServerConfigKeys (ConfUtils.java:logGet(46)) - raft.server.rpc.sleep.time = 25ms (default)
2023-07-05 13:44:40,688 [39a48944-77e7-4681-b606-55be812809b8-groupManagement] INFO  server.RaftServerConfigKeys (ConfUtils.java:logGet(46)) - raft.server.rpc.slowness.timeout = 300s (custom)
2023-07-05 13:44:40,688 [39a48944-77e7-4681-b606-55be812809b8-groupManagement] INFO  server.RaftServerConfigKeys (ConfUtils.java:logGet(46)) - raft.server.leaderelection.leader.step-down.wait-time = 10s (default)
2023-07-05 13:44:40,688 [39a48944-77e7-4681-b606-55be812809b8-groupManagement] INFO  server.RaftServerConfigKeys (ConfUtils.java:logGet(46)) - raft.server.sleep.deviation.threshold = 300ms (default)
2023-07-05 13:44:40,688 [39a48944-77e7-4681-b606-55be812809b8-groupManagement] INFO  server.RaftServer$Division (ServerState.java:<init>(120)) - 39a48944-77e7-4681-b606-55be812809b8@group-B5BE083B54BC: ConfigurationManager, init=-1: peers:[39a48944-77e7-4681-b606-55be812809b8|rpc:10.1.0.13:15244|admin:10.1.0.13:15243|client:10.1.0.13:15242|dataStream:10.1.0.13:15245|priority:1|startupRole:FOLLOWER]|listeners:[], old=null, confs=<EMPTY_MAP>
2023-07-05 13:44:40,688 [39a48944-77e7-4681-b606-55be812809b8-groupManagement] INFO  server.RaftServerConfigKeys (ConfUtils.java:logGet(46)) - raft.server.storage.dir = [/home/runner/work/ozone/ozone/hadoop-ozone/integration-test/target/test-dir/MiniOzoneClusterImpl-5a349b9d-530c-474e-9da9-45562981beee/datanode-2/data/ratis] (custom)
2023-07-05 13:44:40,688 [39a48944-77e7-4681-b606-55be812809b8-groupManagement] INFO  server.RaftServerConfigKeys (ConfUtils.java:logGet(46)) - raft.server.log.corruption.policy = EXCEPTION (default)
2023-07-05 13:44:40,688 [39a48944-77e7-4681-b606-55be812809b8-groupManagement] INFO  server.RaftServerConfigKeys (ConfUtils.java:logGet(46)) - raft.server.storage.free-space.min = 0MB (=0) (default)
2023-07-05 13:44:40,688 [39a48944-77e7-4681-b606-55be812809b8-groupManagement] INFO  server.RaftServerConfigKeys (ConfUtils.java:logGet(46)) - raft.server.notification.no-leader.timeout = 300s (custom)
2023-07-05 13:44:40,689 [39a48944-77e7-4681-b606-55be812809b8-groupManagement] INFO  server.RaftServerConfigKeys (ConfUtils.java:logGet(46)) - raft.server.read.timeout = 10s (default)
2023-07-05 13:44:40,689 [39a48944-77e7-4681-b606-55be812809b8-groupManagement] INFO  server.RaftServerConfigKeys (ConfUtils.java:logGet(46)) - raft.server.retrycache.expirytime = 600000ms (custom)
2023-07-05 13:44:40,689 [39a48944-77e7-4681-b606-55be812809b8-groupManagement] INFO  server.RaftServerConfigKeys (ConfUtils.java:logGet(46)) - raft.server.retrycache.statistics.expirytime = 100μs (default)
2023-07-05 13:44:40,689 [39a48944-77e7-4681-b606-55be812809b8-groupManagement] INFO  server.RaftServerConfigKeys (ConfUtils.java:logGet(46)) - raft.server.read.option = DEFAULT (default)
2023-07-05 13:44:40,689 [39a48944-77e7-4681-b606-55be812809b8-groupManagement] INFO  server.RaftServerConfigKeys (ConfUtils.java:logGet(46)) - raft.server.rpc.request.timeout = 60s (custom)
2023-07-05 13:44:40,689 [39a48944-77e7-4681-b606-55be812809b8-groupManagement] INFO  server.RaftServerConfigKeys (ConfUtils.java:logGet(46)) - raft.server.log.appender.install.snapshot.enabled = false (custom)
2023-07-05 13:44:40,689 [39a48944-77e7-4681-b606-55be812809b8-groupManagement] INFO  server.RaftServerConfigKeys (ConfUtils.java:logGet(46)) - raft.server.threadpool.server.cached = true (default)
2023-07-05 13:44:40,689 [39a48944-77e7-4681-b606-55be812809b8-groupManagement] INFO  server.RaftServerConfigKeys (ConfUtils.java:logGet(46)) - raft.server.threadpool.server.size = 0 (default)
2023-07-05 13:44:40,689 [39a48944-77e7-4681-b606-55be812809b8-groupManagement] INFO  server.RaftServerConfigKeys (ConfUtils.java:logGet(46)) - raft.server.threadpool.client.cached = true (default)
2023-07-05 13:44:40,689 [39a48944-77e7-4681-b606-55be812809b8-groupManagement] INFO  server.RaftServerConfigKeys (ConfUtils.java:logGet(46)) - raft.server.threadpool.client.size = 0 (default)
2023-07-05 13:44:40,690 [39a48944-77e7-4681-b606-55be812809b8-groupManagement] INFO  storage.RaftStorageDirectory (RaftStorageDirectoryImpl.java:analyzeStorage(137)) - The storage directory /home/runner/work/ozone/ozone/hadoop-ozone/integration-test/target/test-dir/MiniOzoneClusterImpl-5a349b9d-530c-474e-9da9-45562981beee/datanode-2/data/ratis/7b29b315-dd7e-4650-a41c-b5be083b54bc does not exist. Creating ...
2023-07-05 13:44:40,691 [39a48944-77e7-4681-b606-55be812809b8-groupManagement] INFO  storage.RaftStorageDirectory (RaftStorageDirectoryImpl.java:tryLock(231)) - Lock on /home/runner/work/ozone/ozone/hadoop-ozone/integration-test/target/test-dir/MiniOzoneClusterImpl-5a349b9d-530c-474e-9da9-45562981beee/datanode-2/data/ratis/7b29b315-dd7e-4650-a41c-b5be083b54bc/in_use.lock acquired by nodename 25537@fv-az264-29
2023-07-05 13:44:40,692 [39a48944-77e7-4681-b606-55be812809b8-groupManagement] INFO  storage.RaftStorage (RaftStorageImpl.java:format(96)) - Storage directory /home/runner/work/ozone/ozone/hadoop-ozone/integration-test/target/test-dir/MiniOzoneClusterImpl-5a349b9d-530c-474e-9da9-45562981beee/datanode-2/data/ratis/7b29b315-dd7e-4650-a41c-b5be083b54bc has been successfully formatted.
2023-07-05 13:44:40,693 [39a48944-77e7-4681-b606-55be812809b8-groupManagement] INFO  ratis.ContainerStateMachine (ContainerStateMachine.java:loadSnapshot(262)) - group-B5BE083B54BC: The snapshot info is null. Setting the last applied indexto:(t:0, i:~)
2023-07-05 13:44:40,693 [39a48944-77e7-4681-b606-55be812809b8-groupManagement] INFO  server.RaftServerConfigKeys (ConfUtils.java:logGet(46)) - raft.server.log.use.memory = false (default)
2023-07-05 13:44:40,693 [39a48944-77e7-4681-b606-55be812809b8-groupManagement] INFO  server.RaftServerConfigKeys (ConfUtils.java:logGet(46)) - raft.server.log.purge.gap = 1000000 (custom)
2023-07-05 13:44:40,693 [39a48944-77e7-4681-b606-55be812809b8-groupManagement] INFO  server.RaftServerConfigKeys (ConfUtils.java:logGet(46)) - raft.server.log.appender.buffer.byte-limit = 33554432 (custom)
2023-07-05 13:44:40,693 [39a48944-77e7-4681-b606-55be812809b8-groupManagement] INFO  server.RaftServerConfigKeys (ConfUtils.java:logGet(46)) - raft.server.log.statemachine.data.read.timeout = 1000ms (default)
2023-07-05 13:44:40,693 [39a48944-77e7-4681-b606-55be812809b8-groupManagement] INFO  server.RaftServerConfigKeys (ConfUtils.java:logGet(46)) - raft.server.log.purge.preservation.log.num = 0 (default)
2023-07-05 13:44:40,694 [39a48944-77e7-4681-b606-55be812809b8-groupManagement] INFO  server.RaftServerConfigKeys (ConfUtils.java:logGet(46)) - raft.server.log.segment.size.max = 1048576 (custom)
2023-07-05 13:44:40,694 [EventQueue-PipelineReportForPipelineReportHandler] INFO  pipeline.PipelineReportHandler (PipelineReportHandler.java:processPipelineReport(136)) - Opened pipeline PipelineID=7b29b315-dd7e-4650-a41c-b5be083b54bc
2023-07-05 13:44:40,695 [EventQueue-OpenPipelineForHealthyPipelineSafeModeRule] INFO  safemode.SCMSafeModeManager (HealthyPipelineSafeModeRule.java:process(137)) - SCM in safe mode. Healthy pipelines reported count is 0, required healthy pipeline reported count is 1
2023-07-05 13:44:40,695 [39a48944-77e7-4681-b606-55be812809b8-groupManagement] INFO  server.RaftServerConfigKeys (ConfUtils.java:logGet(46)) - raft.server.log.segment.cache.num.max = 2 (custom)
2023-07-05 13:44:40,695 [39a48944-77e7-4681-b606-55be812809b8-groupManagement] INFO  server.RaftServerConfigKeys (ConfUtils.java:logGet(46)) - raft.server.log.segment.cache.size.max = 200MB (=209715200) (default)
2023-07-05 13:44:40,695 [39a48944-77e7-4681-b606-55be812809b8-groupManagement] INFO  server.RaftServerConfigKeys (ConfUtils.java:logGet(46)) - raft.server.log.appender.buffer.byte-limit = 33554432 (custom)
2023-07-05 13:44:40,695 [39a48944-77e7-4681-b606-55be812809b8-groupManagement] INFO  segmented.SegmentedRaftLogWorker (SegmentedRaftLogWorker.java:<init>(188)) - new 39a48944-77e7-4681-b606-55be812809b8@group-B5BE083B54BC-SegmentedRaftLogWorker for RaftStorageImpl:Storage Directory /home/runner/work/ozone/ozone/hadoop-ozone/integration-test/target/test-dir/MiniOzoneClusterImpl-5a349b9d-530c-474e-9da9-45562981beee/datanode-2/data/ratis/7b29b315-dd7e-4650-a41c-b5be083b54bc
2023-07-05 13:44:40,695 [39a48944-77e7-4681-b606-55be812809b8-groupManagement] INFO  server.RaftServerConfigKeys (ConfUtils.java:logGet(46)) - raft.server.log.queue.byte-limit = 4294967296 (custom)
2023-07-05 13:44:40,695 [39a48944-77e7-4681-b606-55be812809b8-groupManagement] INFO  server.RaftServerConfigKeys (ConfUtils.java:logGet(46)) - raft.server.log.queue.element-limit = 1024 (custom)
2023-07-05 13:44:40,695 [39a48944-77e7-4681-b606-55be812809b8-groupManagement] INFO  server.RaftServerConfigKeys (ConfUtils.java:logGet(46)) - raft.server.log.segment.size.max = 1048576 (custom)
2023-07-05 13:44:40,695 [39a48944-77e7-4681-b606-55be812809b8-groupManagement] INFO  server.RaftServerConfigKeys (ConfUtils.java:logGet(46)) - raft.server.log.preallocated.size = 16384 (custom)
2023-07-05 13:44:40,695 [39a48944-77e7-4681-b606-55be812809b8-groupManagement] INFO  server.RaftServerConfigKeys (ConfUtils.java:logGet(46)) - raft.server.log.force.sync.num = 128 (default)
2023-07-05 13:44:40,695 [39a48944-77e7-4681-b606-55be812809b8-groupManagement] INFO  server.RaftServerConfigKeys (ConfUtils.java:logGet(46)) - raft.server.log.statemachine.data.sync = true (default)
2023-07-05 13:44:40,695 [39a48944-77e7-4681-b606-55be812809b8-groupManagement] INFO  server.RaftServerConfigKeys (ConfUtils.java:logGet(46)) - raft.server.log.statemachine.data.sync.timeout = 10s (default)
2023-07-05 13:44:40,695 [39a48944-77e7-4681-b606-55be812809b8-groupManagement] INFO  server.RaftServerConfigKeys (ConfUtils.java:logGet(46)) - raft.server.log.statemachine.data.sync.timeout.retry = -1 (default)
2023-07-05 13:44:40,696 [39a48944-77e7-4681-b606-55be812809b8-groupManagement] INFO  server.RaftServerConfigKeys (ConfUtils.java:logGet(46)) - raft.server.log.write.buffer.size = 1048576 (custom)
2023-07-05 13:44:40,696 [39a48944-77e7-4681-b606-55be812809b8-groupManagement] INFO  server.RaftServerConfigKeys (ConfUtils.java:logGet(46)) - raft.server.log.appender.buffer.byte-limit = 33554432 (custom)
2023-07-05 13:44:40,702 [39a48944-77e7-4681-b606-55be812809b8-groupManagement] INFO  server.RaftServerConfigKeys (ConfUtils.java:logGet(46)) - raft.server.log.unsafe-flush.enabled = false (default)
2023-07-05 13:44:40,702 [39a48944-77e7-4681-b606-55be812809b8-groupManagement] INFO  server.RaftServerConfigKeys (ConfUtils.java:logGet(46)) - raft.server.log.async-flush.enabled = false (default)
2023-07-05 13:44:40,702 [39a48944-77e7-4681-b606-55be812809b8-groupManagement] INFO  server.RaftServerConfigKeys (ConfUtils.java:logGet(46)) - raft.server.log.statemachine.data.caching.enabled = true (custom)
2023-07-05 13:44:40,702 [39a48944-77e7-4681-b606-55be812809b8-groupManagement] INFO  segmented.SegmentedRaftLogWorker (SegmentedRaftLogWorker.java:lambda$new$0(135)) - 39a48944-77e7-4681-b606-55be812809b8@group-B5BE083B54BC-SegmentedRaftLogWorker: flushIndex: setUnconditionally 0 -> -1
2023-07-05 13:44:40,702 [39a48944-77e7-4681-b606-55be812809b8-groupManagement] INFO  segmented.SegmentedRaftLogWorker (SegmentedRaftLogWorker.java:lambda$new$0(135)) - 39a48944-77e7-4681-b606-55be812809b8@group-B5BE083B54BC-SegmentedRaftLogWorker: safeCacheEvictIndex: setUnconditionally 0 -> -1
2023-07-05 13:44:40,702 [39a48944-77e7-4681-b606-55be812809b8-groupManagement] INFO  server.RaftServer$Division (RaftServerImpl.java:start(342)) - 39a48944-77e7-4681-b606-55be812809b8@group-B5BE083B54BC: start as a follower, conf=-1: peers:[39a48944-77e7-4681-b606-55be812809b8|rpc:10.1.0.13:15244|admin:10.1.0.13:15243|client:10.1.0.13:15242|dataStream:10.1.0.13:15245|priority:1|startupRole:FOLLOWER]|listeners:[], old=null
2023-07-05 13:44:40,702 [39a48944-77e7-4681-b606-55be812809b8-groupManagement] INFO  server.RaftServer$Division (RaftServerImpl.java:setRole(329)) - 39a48944-77e7-4681-b606-55be812809b8@group-B5BE083B54BC: changes role from      null to FOLLOWER at term 0 for startAsFollower
2023-07-05 13:44:40,702 [39a48944-77e7-4681-b606-55be812809b8-groupManagement] INFO  impl.RoleInfo (RoleInfo.java:updateAndGet(139)) - 39a48944-77e7-4681-b606-55be812809b8: start 39a48944-77e7-4681-b606-55be812809b8@group-B5BE083B54BC-FollowerState
2023-07-05 13:44:40,703 [39a48944-77e7-4681-b606-55be812809b8@group-B5BE083B54BC-FollowerState] INFO  server.RaftServerConfigKeys (ConfUtils.java:logFallback(53)) - raft.server.rpc.first-election.timeout.min = 5s (fallback to raft.server.rpc.timeout.min)
2023-07-05 13:44:40,703 [39a48944-77e7-4681-b606-55be812809b8-groupManagement] INFO  util.JmxRegister (JmxRegister.java:tryRegister(44)) - Successfully registered JMX Bean with object name Ratis:service=RaftServer,group=group-B5BE083B54BC,id=39a48944-77e7-4681-b606-55be812809b8
2023-07-05 13:44:40,703 [39a48944-77e7-4681-b606-55be812809b8@group-B5BE083B54BC-FollowerState] INFO  server.RaftServerConfigKeys (ConfUtils.java:logFallback(53)) - raft.server.rpc.first-election.timeout.max = 5200ms (fallback to raft.server.rpc.timeout.max)
2023-07-05 13:44:40,703 [39a48944-77e7-4681-b606-55be812809b8-groupManagement] INFO  server.RaftServerConfigKeys (ConfUtils.java:logGet(46)) - raft.server.snapshot.auto.trigger.enabled = true (custom)
2023-07-05 13:44:40,703 [39a48944-77e7-4681-b606-55be812809b8-groupManagement] INFO  server.RaftServerConfigKeys (ConfUtils.java:logGet(46)) - raft.server.snapshot.auto.trigger.threshold = 10000 (custom)
2023-07-05 13:44:40,703 [39a48944-77e7-4681-b606-55be812809b8-groupManagement] INFO  server.RaftServerConfigKeys (ConfUtils.java:logGet(46)) - raft.server.snapshot.retention.file.num = 5 (custom)
2023-07-05 13:44:40,703 [39a48944-77e7-4681-b606-55be812809b8-groupManagement] INFO  server.RaftServerConfigKeys (ConfUtils.java:logGet(46)) - raft.server.log.purge.upto.snapshot.index = false (default)
2023-07-05 13:44:40,704 [PipelineCommandHandlerThread-0] INFO  ratis.XceiverServerRatis (XceiverServerRatis.java:addGroup(804)) - Created group PipelineID=7b29b315-dd7e-4650-a41c-b5be083b54bc
2023-07-05 13:44:40,704 [PipelineCommandHandlerThread-0] INFO  commandhandler.CreatePipelineCommandHandler (CreatePipelineCommandHandler.java:lambda$handle$2(124)) - Created Pipeline RATIS ONE PipelineID=7b29b315-dd7e-4650-a41c-b5be083b54bc.
2023-07-05 13:44:40,704 [ReplicationMonitor] INFO  replication.ReplicationManager (ReplicationManager.java:processAll(361)) - Replication Manager is not ready to run until 3000ms after safemode exit
2023-07-05 13:44:41,000 [PipelineCommandHandlerThread-0] INFO  server.RaftServer (RaftServerProxy.java:addNew(98)) - 1921cb7d-1b71-44f2-8c1b-bd8e1d96d4a3: addNew group-AFC053076C25:[1921cb7d-1b71-44f2-8c1b-bd8e1d96d4a3|rpc:10.1.0.13:15253|admin:10.1.0.13:15252|client:10.1.0.13:15251|dataStream:10.1.0.13:15254|priority:1|startupRole:FOLLOWER] returns group-AFC053076C25:java.util.concurrent.CompletableFuture@748eec7d[Not completed]
2023-07-05 13:44:41,001 [1921cb7d-1b71-44f2-8c1b-bd8e1d96d4a3-groupManagement] INFO  server.RaftServer$Division (RaftServerImpl.java:<init>(198)) - 1921cb7d-1b71-44f2-8c1b-bd8e1d96d4a3: new RaftServerImpl for group-AFC053076C25:[1921cb7d-1b71-44f2-8c1b-bd8e1d96d4a3|rpc:10.1.0.13:15253|admin:10.1.0.13:15252|client:10.1.0.13:15251|dataStream:10.1.0.13:15254|priority:1|startupRole:FOLLOWER] with ContainerStateMachine:uninitialized
2023-07-05 13:44:41,001 [1921cb7d-1b71-44f2-8c1b-bd8e1d96d4a3-groupManagement] INFO  server.RaftServerConfigKeys (ConfUtils.java:logGet(46)) - raft.server.rpc.timeout.min = 5s (custom)
2023-07-05 13:44:41,001 [1921cb7d-1b71-44f2-8c1b-bd8e1d96d4a3-groupManagement] INFO  server.RaftServerConfigKeys (ConfUtils.java:logGet(46)) - raft.server.rpc.timeout.max = 5200ms (custom)
2023-07-05 13:44:41,001 [1921cb7d-1b71-44f2-8c1b-bd8e1d96d4a3-groupManagement] INFO  server.RaftServerConfigKeys (ConfUtils.java:logGet(46)) - raft.server.rpc.sleep.time = 25ms (default)
2023-07-05 13:44:41,001 [1921cb7d-1b71-44f2-8c1b-bd8e1d96d4a3-groupManagement] INFO  server.RaftServerConfigKeys (ConfUtils.java:logGet(46)) - raft.server.rpc.slowness.timeout = 300s (custom)
2023-07-05 13:44:41,001 [1921cb7d-1b71-44f2-8c1b-bd8e1d96d4a3-groupManagement] INFO  server.RaftServerConfigKeys (ConfUtils.java:logGet(46)) - raft.server.leaderelection.leader.step-down.wait-time = 10s (default)
2023-07-05 13:44:41,001 [1921cb7d-1b71-44f2-8c1b-bd8e1d96d4a3-groupManagement] INFO  server.RaftServerConfigKeys (ConfUtils.java:logGet(46)) - raft.server.sleep.deviation.threshold = 300ms (default)
2023-07-05 13:44:41,002 [1921cb7d-1b71-44f2-8c1b-bd8e1d96d4a3-groupManagement] INFO  server.RaftServer$Division (ServerState.java:<init>(120)) - 1921cb7d-1b71-44f2-8c1b-bd8e1d96d4a3@group-AFC053076C25: ConfigurationManager, init=-1: peers:[1921cb7d-1b71-44f2-8c1b-bd8e1d96d4a3|rpc:10.1.0.13:15253|admin:10.1.0.13:15252|client:10.1.0.13:15251|dataStream:10.1.0.13:15254|priority:1|startupRole:FOLLOWER]|listeners:[], old=null, confs=<EMPTY_MAP>
2023-07-05 13:44:41,002 [1921cb7d-1b71-44f2-8c1b-bd8e1d96d4a3-groupManagement] INFO  server.RaftServerConfigKeys (ConfUtils.java:logGet(46)) - raft.server.storage.dir = [/home/runner/work/ozone/ozone/hadoop-ozone/integration-test/target/test-dir/MiniOzoneClusterImpl-5a349b9d-530c-474e-9da9-45562981beee/datanode-3/data/ratis] (custom)
2023-07-05 13:44:41,002 [1921cb7d-1b71-44f2-8c1b-bd8e1d96d4a3-groupManagement] INFO  server.RaftServerConfigKeys (ConfUtils.java:logGet(46)) - raft.server.log.corruption.policy = EXCEPTION (default)
2023-07-05 13:44:41,002 [1921cb7d-1b71-44f2-8c1b-bd8e1d96d4a3-groupManagement] INFO  server.RaftServerConfigKeys (ConfUtils.java:logGet(46)) - raft.server.storage.free-space.min = 0MB (=0) (default)
2023-07-05 13:44:41,002 [1921cb7d-1b71-44f2-8c1b-bd8e1d96d4a3-groupManagement] INFO  server.RaftServerConfigKeys (ConfUtils.java:logGet(46)) - raft.server.notification.no-leader.timeout = 300s (custom)
2023-07-05 13:44:41,002 [1921cb7d-1b71-44f2-8c1b-bd8e1d96d4a3-groupManagement] INFO  server.RaftServerConfigKeys (ConfUtils.java:logGet(46)) - raft.server.read.timeout = 10s (default)
2023-07-05 13:44:41,002 [1921cb7d-1b71-44f2-8c1b-bd8e1d96d4a3-groupManagement] INFO  server.RaftServerConfigKeys (ConfUtils.java:logGet(46)) - raft.server.retrycache.expirytime = 600000ms (custom)
2023-07-05 13:44:41,002 [1921cb7d-1b71-44f2-8c1b-bd8e1d96d4a3-groupManagement] INFO  server.RaftServerConfigKeys (ConfUtils.java:logGet(46)) - raft.server.retrycache.statistics.expirytime = 100μs (default)
2023-07-05 13:44:41,002 [1921cb7d-1b71-44f2-8c1b-bd8e1d96d4a3-groupManagement] INFO  server.RaftServerConfigKeys (ConfUtils.java:logGet(46)) - raft.server.read.option = DEFAULT (default)
2023-07-05 13:44:41,003 [1921cb7d-1b71-44f2-8c1b-bd8e1d96d4a3-groupManagement] INFO  server.RaftServerConfigKeys (ConfUtils.java:logGet(46)) - raft.server.rpc.request.timeout = 60s (custom)
2023-07-05 13:44:41,003 [1921cb7d-1b71-44f2-8c1b-bd8e1d96d4a3-groupManagement] INFO  server.RaftServerConfigKeys (ConfUtils.java:logGet(46)) - raft.server.log.appender.install.snapshot.enabled = false (custom)
2023-07-05 13:44:41,003 [1921cb7d-1b71-44f2-8c1b-bd8e1d96d4a3-groupManagement] INFO  server.RaftServerConfigKeys (ConfUtils.java:logGet(46)) - raft.server.threadpool.server.cached = true (default)
2023-07-05 13:44:41,003 [1921cb7d-1b71-44f2-8c1b-bd8e1d96d4a3-groupManagement] INFO  server.RaftServerConfigKeys (ConfUtils.java:logGet(46)) - raft.server.threadpool.server.size = 0 (default)
2023-07-05 13:44:41,003 [1921cb7d-1b71-44f2-8c1b-bd8e1d96d4a3-groupManagement] INFO  server.RaftServerConfigKeys (ConfUtils.java:logGet(46)) - raft.server.threadpool.client.cached = true (default)
2023-07-05 13:44:41,003 [1921cb7d-1b71-44f2-8c1b-bd8e1d96d4a3-groupManagement] INFO  server.RaftServerConfigKeys (ConfUtils.java:logGet(46)) - raft.server.threadpool.client.size = 0 (default)
2023-07-05 13:44:41,003 [1921cb7d-1b71-44f2-8c1b-bd8e1d96d4a3-groupManagement] INFO  storage.RaftStorageDirectory (RaftStorageDirectoryImpl.java:analyzeStorage(137)) - The storage directory /home/runner/work/ozone/ozone/hadoop-ozone/integration-test/target/test-dir/MiniOzoneClusterImpl-5a349b9d-530c-474e-9da9-45562981beee/datanode-3/data/ratis/e1ca1f65-a3d2-48c0-9b8f-afc053076c25 does not exist. Creating ...
2023-07-05 13:44:41,005 [1921cb7d-1b71-44f2-8c1b-bd8e1d96d4a3-groupManagement] INFO  storage.RaftStorageDirectory (RaftStorageDirectoryImpl.java:tryLock(231)) - Lock on /home/runner/work/ozone/ozone/hadoop-ozone/integration-test/target/test-dir/MiniOzoneClusterImpl-5a349b9d-530c-474e-9da9-45562981beee/datanode-3/data/ratis/e1ca1f65-a3d2-48c0-9b8f-afc053076c25/in_use.lock acquired by nodename 25537@fv-az264-29
2023-07-05 13:44:41,007 [1921cb7d-1b71-44f2-8c1b-bd8e1d96d4a3-groupManagement] INFO  storage.RaftStorage (RaftStorageImpl.java:format(96)) - Storage directory /home/runner/work/ozone/ozone/hadoop-ozone/integration-test/target/test-dir/MiniOzoneClusterImpl-5a349b9d-530c-474e-9da9-45562981beee/datanode-3/data/ratis/e1ca1f65-a3d2-48c0-9b8f-afc053076c25 has been successfully formatted.
2023-07-05 13:44:41,009 [1921cb7d-1b71-44f2-8c1b-bd8e1d96d4a3-groupManagement] INFO  ratis.ContainerStateMachine (ContainerStateMachine.java:loadSnapshot(262)) - group-AFC053076C25: The snapshot info is null. Setting the last applied indexto:(t:0, i:~)
2023-07-05 13:44:41,009 [1921cb7d-1b71-44f2-8c1b-bd8e1d96d4a3-groupManagement] INFO  server.RaftServerConfigKeys (ConfUtils.java:logGet(46)) - raft.server.log.use.memory = false (default)
2023-07-05 13:44:41,009 [1921cb7d-1b71-44f2-8c1b-bd8e1d96d4a3-groupManagement] INFO  server.RaftServerConfigKeys (ConfUtils.java:logGet(46)) - raft.server.log.purge.gap = 1000000 (custom)
2023-07-05 13:44:41,009 [1921cb7d-1b71-44f2-8c1b-bd8e1d96d4a3-groupManagement] INFO  server.RaftServerConfigKeys (ConfUtils.java:logGet(46)) - raft.server.log.appender.buffer.byte-limit = 33554432 (custom)
2023-07-05 13:44:41,009 [1921cb7d-1b71-44f2-8c1b-bd8e1d96d4a3-groupManagement] INFO  server.RaftServerConfigKeys (ConfUtils.java:logGet(46)) - raft.server.log.statemachine.data.read.timeout = 1000ms (default)
2023-07-05 13:44:41,009 [1921cb7d-1b71-44f2-8c1b-bd8e1d96d4a3-groupManagement] INFO  server.RaftServerConfigKeys (ConfUtils.java:logGet(46)) - raft.server.log.purge.preservation.log.num = 0 (default)
2023-07-05 13:44:41,009 [1921cb7d-1b71-44f2-8c1b-bd8e1d96d4a3-groupManagement] INFO  server.RaftServerConfigKeys (ConfUtils.java:logGet(46)) - raft.server.log.segment.size.max = 1048576 (custom)
2023-07-05 13:44:41,010 [1921cb7d-1b71-44f2-8c1b-bd8e1d96d4a3-groupManagement] INFO  server.RaftServerConfigKeys (ConfUtils.java:logGet(46)) - raft.server.log.segment.cache.num.max = 2 (custom)
2023-07-05 13:44:41,010 [1921cb7d-1b71-44f2-8c1b-bd8e1d96d4a3-groupManagement] INFO  server.RaftServerConfigKeys (ConfUtils.java:logGet(46)) - raft.server.log.segment.cache.size.max = 200MB (=209715200) (default)
2023-07-05 13:44:41,010 [1921cb7d-1b71-44f2-8c1b-bd8e1d96d4a3-groupManagement] INFO  server.RaftServerConfigKeys (ConfUtils.java:logGet(46)) - raft.server.log.appender.buffer.byte-limit = 33554432 (custom)
2023-07-05 13:44:41,010 [1921cb7d-1b71-44f2-8c1b-bd8e1d96d4a3-groupManagement] INFO  segmented.SegmentedRaftLogWorker (SegmentedRaftLogWorker.java:<init>(188)) - new 1921cb7d-1b71-44f2-8c1b-bd8e1d96d4a3@group-AFC053076C25-SegmentedRaftLogWorker for RaftStorageImpl:Storage Directory /home/runner/work/ozone/ozone/hadoop-ozone/integration-test/target/test-dir/MiniOzoneClusterImpl-5a349b9d-530c-474e-9da9-45562981beee/datanode-3/data/ratis/e1ca1f65-a3d2-48c0-9b8f-afc053076c25
2023-07-05 13:44:41,010 [1921cb7d-1b71-44f2-8c1b-bd8e1d96d4a3-groupManagement] INFO  server.RaftServerConfigKeys (ConfUtils.java:logGet(46)) - raft.server.log.queue.byte-limit = 4294967296 (custom)
2023-07-05 13:44:41,010 [1921cb7d-1b71-44f2-8c1b-bd8e1d96d4a3-groupManagement] INFO  server.RaftServerConfigKeys (ConfUtils.java:logGet(46)) - raft.server.log.queue.element-limit = 1024 (custom)
2023-07-05 13:44:41,010 [1921cb7d-1b71-44f2-8c1b-bd8e1d96d4a3-groupManagement] INFO  server.RaftServerConfigKeys (ConfUtils.java:logGet(46)) - raft.server.log.segment.size.max = 1048576 (custom)
2023-07-05 13:44:41,010 [1921cb7d-1b71-44f2-8c1b-bd8e1d96d4a3-groupManagement] INFO  server.RaftServerConfigKeys (ConfUtils.java:logGet(46)) - raft.server.log.preallocated.size = 16384 (custom)
2023-07-05 13:44:41,010 [1921cb7d-1b71-44f2-8c1b-bd8e1d96d4a3-groupManagement] INFO  server.RaftServerConfigKeys (ConfUtils.java:logGet(46)) - raft.server.log.force.sync.num = 128 (default)
2023-07-05 13:44:41,010 [EventQueue-PipelineReportForPipelineReportHandler] INFO  pipeline.PipelineReportHandler (PipelineReportHandler.java:processPipelineReport(136)) - Opened pipeline PipelineID=e1ca1f65-a3d2-48c0-9b8f-afc053076c25
2023-07-05 13:44:41,010 [1921cb7d-1b71-44f2-8c1b-bd8e1d96d4a3-groupManagement] INFO  server.RaftServerConfigKeys (ConfUtils.java:logGet(46)) - raft.server.log.statemachine.data.sync = true (default)
2023-07-05 13:44:41,010 [EventQueue-OpenPipelineForHealthyPipelineSafeModeRule] INFO  safemode.SCMSafeModeManager (HealthyPipelineSafeModeRule.java:process(137)) - SCM in safe mode. Healthy pipelines reported count is 0, required healthy pipeline reported count is 1
2023-07-05 13:44:41,010 [1921cb7d-1b71-44f2-8c1b-bd8e1d96d4a3-groupManagement] INFO  server.RaftServerConfigKeys (ConfUtils.java:logGet(46)) - raft.server.log.statemachine.data.sync.timeout = 10s (default)
2023-07-05 13:44:41,010 [1921cb7d-1b71-44f2-8c1b-bd8e1d96d4a3-groupManagement] INFO  server.RaftServerConfigKeys (ConfUtils.java:logGet(46)) - raft.server.log.statemachine.data.sync.timeout.retry = -1 (default)
2023-07-05 13:44:41,011 [1921cb7d-1b71-44f2-8c1b-bd8e1d96d4a3-groupManagement] INFO  server.RaftServerConfigKeys (ConfUtils.java:logGet(46)) - raft.server.log.write.buffer.size = 1048576 (custom)
2023-07-05 13:44:41,012 [1921cb7d-1b71-44f2-8c1b-bd8e1d96d4a3-groupManagement] INFO  server.RaftServerConfigKeys (ConfUtils.java:logGet(46)) - raft.server.log.appender.buffer.byte-limit = 33554432 (custom)
2023-07-05 13:44:41,017 [1921cb7d-1b71-44f2-8c1b-bd8e1d96d4a3-groupManagement] INFO  server.RaftServerConfigKeys (ConfUtils.java:logGet(46)) - raft.server.log.unsafe-flush.enabled = false (default)
2023-07-05 13:44:41,017 [1921cb7d-1b71-44f2-8c1b-bd8e1d96d4a3-groupManagement] INFO  server.RaftServerConfigKeys (ConfUtils.java:logGet(46)) - raft.server.log.async-flush.enabled = false (default)
2023-07-05 13:44:41,017 [1921cb7d-1b71-44f2-8c1b-bd8e1d96d4a3-groupManagement] INFO  server.RaftServerConfigKeys (ConfUtils.java:logGet(46)) - raft.server.log.statemachine.data.caching.enabled = true (custom)
2023-07-05 13:44:41,017 [1921cb7d-1b71-44f2-8c1b-bd8e1d96d4a3-groupManagement] INFO  segmented.SegmentedRaftLogWorker (SegmentedRaftLogWorker.java:lambda$new$0(135)) - 1921cb7d-1b71-44f2-8c1b-bd8e1d96d4a3@group-AFC053076C25-SegmentedRaftLogWorker: flushIndex: setUnconditionally 0 -> -1
2023-07-05 13:44:41,017 [1921cb7d-1b71-44f2-8c1b-bd8e1d96d4a3-groupManagement] INFO  segmented.SegmentedRaftLogWorker (SegmentedRaftLogWorker.java:lambda$new$0(135)) - 1921cb7d-1b71-44f2-8c1b-bd8e1d96d4a3@group-AFC053076C25-SegmentedRaftLogWorker: safeCacheEvictIndex: setUnconditionally 0 -> -1
2023-07-05 13:44:41,018 [1921cb7d-1b71-44f2-8c1b-bd8e1d96d4a3-groupManagement] INFO  server.RaftServer$Division (RaftServerImpl.java:start(342)) - 1921cb7d-1b71-44f2-8c1b-bd8e1d96d4a3@group-AFC053076C25: start as a follower, conf=-1: peers:[1921cb7d-1b71-44f2-8c1b-bd8e1d96d4a3|rpc:10.1.0.13:15253|admin:10.1.0.13:15252|client:10.1.0.13:15251|dataStream:10.1.0.13:15254|priority:1|startupRole:FOLLOWER]|listeners:[], old=null
2023-07-05 13:44:41,018 [1921cb7d-1b71-44f2-8c1b-bd8e1d96d4a3-groupManagement] INFO  server.RaftServer$Division (RaftServerImpl.java:setRole(329)) - 1921cb7d-1b71-44f2-8c1b-bd8e1d96d4a3@group-AFC053076C25: changes role from      null to FOLLOWER at term 0 for startAsFollower
2023-07-05 13:44:41,018 [1921cb7d-1b71-44f2-8c1b-bd8e1d96d4a3-groupManagement] INFO  impl.RoleInfo (RoleInfo.java:updateAndGet(139)) - 1921cb7d-1b71-44f2-8c1b-bd8e1d96d4a3: start 1921cb7d-1b71-44f2-8c1b-bd8e1d96d4a3@group-AFC053076C25-FollowerState
2023-07-05 13:44:41,018 [1921cb7d-1b71-44f2-8c1b-bd8e1d96d4a3-groupManagement] INFO  util.JmxRegister (JmxRegister.java:tryRegister(44)) - Successfully registered JMX Bean with object name Ratis:service=RaftServer,group=group-AFC053076C25,id=1921cb7d-1b71-44f2-8c1b-bd8e1d96d4a3
2023-07-05 13:44:41,018 [1921cb7d-1b71-44f2-8c1b-bd8e1d96d4a3-groupManagement] INFO  server.RaftServerConfigKeys (ConfUtils.java:logGet(46)) - raft.server.snapshot.auto.trigger.enabled = true (custom)
2023-07-05 13:44:41,018 [1921cb7d-1b71-44f2-8c1b-bd8e1d96d4a3-groupManagement] INFO  server.RaftServerConfigKeys (ConfUtils.java:logGet(46)) - raft.server.snapshot.auto.trigger.threshold = 10000 (custom)
2023-07-05 13:44:41,018 [1921cb7d-1b71-44f2-8c1b-bd8e1d96d4a3-groupManagement] INFO  server.RaftServerConfigKeys (ConfUtils.java:logGet(46)) - raft.server.snapshot.retention.file.num = 5 (custom)
2023-07-05 13:44:41,018 [1921cb7d-1b71-44f2-8c1b-bd8e1d96d4a3-groupManagement] INFO  server.RaftServerConfigKeys (ConfUtils.java:logGet(46)) - raft.server.log.purge.upto.snapshot.index = false (default)
2023-07-05 13:44:41,019 [1921cb7d-1b71-44f2-8c1b-bd8e1d96d4a3@group-AFC053076C25-FollowerState] INFO  server.RaftServerConfigKeys (ConfUtils.java:logFallback(53)) - raft.server.rpc.first-election.timeout.min = 5s (fallback to raft.server.rpc.timeout.min)
2023-07-05 13:44:41,019 [1921cb7d-1b71-44f2-8c1b-bd8e1d96d4a3@group-AFC053076C25-FollowerState] INFO  server.RaftServerConfigKeys (ConfUtils.java:logFallback(53)) - raft.server.rpc.first-election.timeout.max = 5200ms (fallback to raft.server.rpc.timeout.max)
2023-07-05 13:44:41,022 [PipelineCommandHandlerThread-0] INFO  ratis.XceiverServerRatis (XceiverServerRatis.java:addGroup(804)) - Created group PipelineID=e1ca1f65-a3d2-48c0-9b8f-afc053076c25
2023-07-05 13:44:41,022 [PipelineCommandHandlerThread-0] INFO  commandhandler.CreatePipelineCommandHandler (CreatePipelineCommandHandler.java:lambda$handle$2(124)) - Created Pipeline RATIS ONE PipelineID=e1ca1f65-a3d2-48c0-9b8f-afc053076c25.
2023-07-05 13:44:41,312 [Time-limited test] INFO  ozone.MiniOzoneClusterImpl (MiniOzoneClusterImpl.java:lambda$waitForClusterToBeReady$0(224)) - Nodes are ready. Got 5 of 5 DN Heartbeats.
2023-07-05 13:44:41,312 [Time-limited test] INFO  ozone.MiniOzoneClusterImpl (MiniOzoneClusterImpl.java:lambda$waitForClusterToBeReady$0(227)) - Waiting for cluster to exit safe mode
2023-07-05 13:44:41,312 [Time-limited test] INFO  ozone.MiniOzoneClusterImpl (MiniOzoneClusterImpl.java:lambda$waitForClusterToBeReady$0(229)) - SCM became leader
2023-07-05 13:44:41,318 [PipelineCommandHandlerThread-0] INFO  server.RaftServer (RaftServerProxy.java:addNew(98)) - 271aec25-07f0-4d79-9bff-baf77738dc05: addNew group-8EE5E8701BC7:[271aec25-07f0-4d79-9bff-baf77738dc05|rpc:10.1.0.13:15262|admin:10.1.0.13:15261|client:10.1.0.13:15260|dataStream:10.1.0.13:15263|priority:1|startupRole:FOLLOWER] returns group-8EE5E8701BC7:java.util.concurrent.CompletableFuture@71ee9939[Not completed]
2023-07-05 13:44:41,319 [271aec25-07f0-4d79-9bff-baf77738dc05-groupManagement] INFO  server.RaftServer$Division (RaftServerImpl.java:<init>(198)) - 271aec25-07f0-4d79-9bff-baf77738dc05: new RaftServerImpl for group-8EE5E8701BC7:[271aec25-07f0-4d79-9bff-baf77738dc05|rpc:10.1.0.13:15262|admin:10.1.0.13:15261|client:10.1.0.13:15260|dataStream:10.1.0.13:15263|priority:1|startupRole:FOLLOWER] with ContainerStateMachine:uninitialized
2023-07-05 13:44:41,319 [271aec25-07f0-4d79-9bff-baf77738dc05-groupManagement] INFO  server.RaftServerConfigKeys (ConfUtils.java:logGet(46)) - raft.server.rpc.timeout.min = 5s (custom)
2023-07-05 13:44:41,319 [271aec25-07f0-4d79-9bff-baf77738dc05-groupManagement] INFO  server.RaftServerConfigKeys (ConfUtils.java:logGet(46)) - raft.server.rpc.timeout.max = 5200ms (custom)
2023-07-05 13:44:41,319 [271aec25-07f0-4d79-9bff-baf77738dc05-groupManagement] INFO  server.RaftServerConfigKeys (ConfUtils.java:logGet(46)) - raft.server.rpc.sleep.time = 25ms (default)
2023-07-05 13:44:41,319 [271aec25-07f0-4d79-9bff-baf77738dc05-groupManagement] INFO  server.RaftServerConfigKeys (ConfUtils.java:logGet(46)) - raft.server.rpc.slowness.timeout = 300s (custom)
2023-07-05 13:44:41,319 [271aec25-07f0-4d79-9bff-baf77738dc05-groupManagement] INFO  server.RaftServerConfigKeys (ConfUtils.java:logGet(46)) - raft.server.leaderelection.leader.step-down.wait-time = 10s (default)
2023-07-05 13:44:41,319 [271aec25-07f0-4d79-9bff-baf77738dc05-groupManagement] INFO  server.RaftServerConfigKeys (ConfUtils.java:logGet(46)) - raft.server.sleep.deviation.threshold = 300ms (default)
2023-07-05 13:44:41,319 [271aec25-07f0-4d79-9bff-baf77738dc05-groupManagement] INFO  server.RaftServer$Division (ServerState.java:<init>(120)) - 271aec25-07f0-4d79-9bff-baf77738dc05@group-8EE5E8701BC7: ConfigurationManager, init=-1: peers:[271aec25-07f0-4d79-9bff-baf77738dc05|rpc:10.1.0.13:15262|admin:10.1.0.13:15261|client:10.1.0.13:15260|dataStream:10.1.0.13:15263|priority:1|startupRole:FOLLOWER]|listeners:[], old=null, confs=<EMPTY_MAP>
2023-07-05 13:44:41,319 [271aec25-07f0-4d79-9bff-baf77738dc05-groupManagement] INFO  server.RaftServerConfigKeys (ConfUtils.java:logGet(46)) - raft.server.storage.dir = [/home/runner/work/ozone/ozone/hadoop-ozone/integration-test/target/test-dir/MiniOzoneClusterImpl-5a349b9d-530c-474e-9da9-45562981beee/datanode-4/data/ratis] (custom)
2023-07-05 13:44:41,320 [271aec25-07f0-4d79-9bff-baf77738dc05-groupManagement] INFO  server.RaftServerConfigKeys (ConfUtils.java:logGet(46)) - raft.server.log.corruption.policy = EXCEPTION (default)
2023-07-05 13:44:41,320 [271aec25-07f0-4d79-9bff-baf77738dc05-groupManagement] INFO  server.RaftServerConfigKeys (ConfUtils.java:logGet(46)) - raft.server.storage.free-space.min = 0MB (=0) (default)
2023-07-05 13:44:41,320 [271aec25-07f0-4d79-9bff-baf77738dc05-groupManagement] INFO  server.RaftServerConfigKeys (ConfUtils.java:logGet(46)) - raft.server.notification.no-leader.timeout = 300s (custom)
2023-07-05 13:44:41,320 [271aec25-07f0-4d79-9bff-baf77738dc05-groupManagement] INFO  server.RaftServerConfigKeys (ConfUtils.java:logGet(46)) - raft.server.read.timeout = 10s (default)
2023-07-05 13:44:41,320 [271aec25-07f0-4d79-9bff-baf77738dc05-groupManagement] INFO  server.RaftServerConfigKeys (ConfUtils.java:logGet(46)) - raft.server.retrycache.expirytime = 600000ms (custom)
2023-07-05 13:44:41,320 [271aec25-07f0-4d79-9bff-baf77738dc05-groupManagement] INFO  server.RaftServerConfigKeys (ConfUtils.java:logGet(46)) - raft.server.retrycache.statistics.expirytime = 100μs (default)
2023-07-05 13:44:41,320 [271aec25-07f0-4d79-9bff-baf77738dc05-groupManagement] INFO  server.RaftServerConfigKeys (ConfUtils.java:logGet(46)) - raft.server.read.option = DEFAULT (default)
2023-07-05 13:44:41,321 [271aec25-07f0-4d79-9bff-baf77738dc05-groupManagement] INFO  server.RaftServerConfigKeys (ConfUtils.java:logGet(46)) - raft.server.rpc.request.timeout = 60s (custom)
2023-07-05 13:44:41,321 [271aec25-07f0-4d79-9bff-baf77738dc05-groupManagement] INFO  server.RaftServerConfigKeys (ConfUtils.java:logGet(46)) - raft.server.log.appender.install.snapshot.enabled = false (custom)
2023-07-05 13:44:41,321 [271aec25-07f0-4d79-9bff-baf77738dc05-groupManagement] INFO  server.RaftServerConfigKeys (ConfUtils.java:logGet(46)) - raft.server.threadpool.server.cached = true (default)
2023-07-05 13:44:41,321 [271aec25-07f0-4d79-9bff-baf77738dc05-groupManagement] INFO  server.RaftServerConfigKeys (ConfUtils.java:logGet(46)) - raft.server.threadpool.server.size = 0 (default)
2023-07-05 13:44:41,321 [271aec25-07f0-4d79-9bff-baf77738dc05-groupManagement] INFO  server.RaftServerConfigKeys (ConfUtils.java:logGet(46)) - raft.server.threadpool.client.cached = true (default)
2023-07-05 13:44:41,321 [271aec25-07f0-4d79-9bff-baf77738dc05-groupManagement] INFO  server.RaftServerConfigKeys (ConfUtils.java:logGet(46)) - raft.server.threadpool.client.size = 0 (default)
2023-07-05 13:44:41,321 [271aec25-07f0-4d79-9bff-baf77738dc05-groupManagement] INFO  storage.RaftStorageDirectory (RaftStorageDirectoryImpl.java:analyzeStorage(137)) - The storage directory /home/runner/work/ozone/ozone/hadoop-ozone/integration-test/target/test-dir/MiniOzoneClusterImpl-5a349b9d-530c-474e-9da9-45562981beee/datanode-4/data/ratis/ea41a907-dd42-4860-bd7f-8ee5e8701bc7 does not exist. Creating ...
2023-07-05 13:44:41,322 [271aec25-07f0-4d79-9bff-baf77738dc05-groupManagement] INFO  storage.RaftStorageDirectory (RaftStorageDirectoryImpl.java:tryLock(231)) - Lock on /home/runner/work/ozone/ozone/hadoop-ozone/integration-test/target/test-dir/MiniOzoneClusterImpl-5a349b9d-530c-474e-9da9-45562981beee/datanode-4/data/ratis/ea41a907-dd42-4860-bd7f-8ee5e8701bc7/in_use.lock acquired by nodename 25537@fv-az264-29
2023-07-05 13:44:41,324 [271aec25-07f0-4d79-9bff-baf77738dc05-groupManagement] INFO  storage.RaftStorage (RaftStorageImpl.java:format(96)) - Storage directory /home/runner/work/ozone/ozone/hadoop-ozone/integration-test/target/test-dir/MiniOzoneClusterImpl-5a349b9d-530c-474e-9da9-45562981beee/datanode-4/data/ratis/ea41a907-dd42-4860-bd7f-8ee5e8701bc7 has been successfully formatted.
2023-07-05 13:44:41,326 [271aec25-07f0-4d79-9bff-baf77738dc05-groupManagement] INFO  ratis.ContainerStateMachine (ContainerStateMachine.java:loadSnapshot(262)) - group-8EE5E8701BC7: The snapshot info is null. Setting the last applied indexto:(t:0, i:~)
2023-07-05 13:44:41,326 [271aec25-07f0-4d79-9bff-baf77738dc05-groupManagement] INFO  server.RaftServerConfigKeys (ConfUtils.java:logGet(46)) - raft.server.log.use.memory = false (default)
2023-07-05 13:44:41,326 [271aec25-07f0-4d79-9bff-baf77738dc05-groupManagement] INFO  server.RaftServerConfigKeys (ConfUtils.java:logGet(46)) - raft.server.log.purge.gap = 1000000 (custom)
2023-07-05 13:44:41,326 [271aec25-07f0-4d79-9bff-baf77738dc05-groupManagement] INFO  server.RaftServerConfigKeys (ConfUtils.java:logGet(46)) - raft.server.log.appender.buffer.byte-limit = 33554432 (custom)
2023-07-05 13:44:41,326 [271aec25-07f0-4d79-9bff-baf77738dc05-groupManagement] INFO  server.RaftServerConfigKeys (ConfUtils.java:logGet(46)) - raft.server.log.statemachine.data.read.timeout = 1000ms (default)
2023-07-05 13:44:41,326 [271aec25-07f0-4d79-9bff-baf77738dc05-groupManagement] INFO  server.RaftServerConfigKeys (ConfUtils.java:logGet(46)) - raft.server.log.purge.preservation.log.num = 0 (default)
2023-07-05 13:44:41,327 [EventQueue-PipelineReportForPipelineReportHandler] INFO  pipeline.PipelineReportHandler (PipelineReportHandler.java:processPipelineReport(136)) - Opened pipeline PipelineID=ea41a907-dd42-4860-bd7f-8ee5e8701bc7
2023-07-05 13:44:41,327 [EventQueue-OpenPipelineForHealthyPipelineSafeModeRule] INFO  safemode.SCMSafeModeManager (HealthyPipelineSafeModeRule.java:process(137)) - SCM in safe mode. Healthy pipelines reported count is 0, required healthy pipeline reported count is 1
2023-07-05 13:44:41,328 [271aec25-07f0-4d79-9bff-baf77738dc05-groupManagement] INFO  server.RaftServerConfigKeys (ConfUtils.java:logGet(46)) - raft.server.log.segment.size.max = 1048576 (custom)
2023-07-05 13:44:41,328 [271aec25-07f0-4d79-9bff-baf77738dc05-groupManagement] INFO  server.RaftServerConfigKeys (ConfUtils.java:logGet(46)) - raft.server.log.segment.cache.num.max = 2 (custom)
2023-07-05 13:44:41,328 [271aec25-07f0-4d79-9bff-baf77738dc05-groupManagement] INFO  server.RaftServerConfigKeys (ConfUtils.java:logGet(46)) - raft.server.log.segment.cache.size.max = 200MB (=209715200) (default)
2023-07-05 13:44:41,328 [271aec25-07f0-4d79-9bff-baf77738dc05-groupManagement] INFO  server.RaftServerConfigKeys (ConfUtils.java:logGet(46)) - raft.server.log.appender.buffer.byte-limit = 33554432 (custom)
2023-07-05 13:44:41,328 [271aec25-07f0-4d79-9bff-baf77738dc05-groupManagement] INFO  segmented.SegmentedRaftLogWorker (SegmentedRaftLogWorker.java:<init>(188)) - new 271aec25-07f0-4d79-9bff-baf77738dc05@group-8EE5E8701BC7-SegmentedRaftLogWorker for RaftStorageImpl:Storage Directory /home/runner/work/ozone/ozone/hadoop-ozone/integration-test/target/test-dir/MiniOzoneClusterImpl-5a349b9d-530c-474e-9da9-45562981beee/datanode-4/data/ratis/ea41a907-dd42-4860-bd7f-8ee5e8701bc7
2023-07-05 13:44:41,328 [271aec25-07f0-4d79-9bff-baf77738dc05-groupManagement] INFO  server.RaftServerConfigKeys (ConfUtils.java:logGet(46)) - raft.server.log.queue.byte-limit = 4294967296 (custom)
2023-07-05 13:44:41,328 [271aec25-07f0-4d79-9bff-baf77738dc05-groupManagement] INFO  server.RaftServerConfigKeys (ConfUtils.java:logGet(46)) - raft.server.log.queue.element-limit = 1024 (custom)
2023-07-05 13:44:41,328 [271aec25-07f0-4d79-9bff-baf77738dc05-groupManagement] INFO  server.RaftServerConfigKeys (ConfUtils.java:logGet(46)) - raft.server.log.segment.size.max = 1048576 (custom)
2023-07-05 13:44:41,328 [271aec25-07f0-4d79-9bff-baf77738dc05-groupManagement] INFO  server.RaftServerConfigKeys (ConfUtils.java:logGet(46)) - raft.server.log.preallocated.size = 16384 (custom)
2023-07-05 13:44:41,328 [271aec25-07f0-4d79-9bff-baf77738dc05-groupManagement] INFO  server.RaftServerConfigKeys (ConfUtils.java:logGet(46)) - raft.server.log.force.sync.num = 128 (default)
2023-07-05 13:44:41,328 [271aec25-07f0-4d79-9bff-baf77738dc05-groupManagement] INFO  server.RaftServerConfigKeys (ConfUtils.java:logGet(46)) - raft.server.log.statemachine.data.sync = true (default)
2023-07-05 13:44:41,329 [271aec25-07f0-4d79-9bff-baf77738dc05-groupManagement] INFO  server.RaftServerConfigKeys (ConfUtils.java:logGet(46)) - raft.server.log.statemachine.data.sync.timeout = 10s (default)
2023-07-05 13:44:41,329 [271aec25-07f0-4d79-9bff-baf77738dc05-groupManagement] INFO  server.RaftServerConfigKeys (ConfUtils.java:logGet(46)) - raft.server.log.statemachine.data.sync.timeout.retry = -1 (default)
2023-07-05 13:44:41,329 [271aec25-07f0-4d79-9bff-baf77738dc05-groupManagement] INFO  server.RaftServerConfigKeys (ConfUtils.java:logGet(46)) - raft.server.log.write.buffer.size = 1048576 (custom)
2023-07-05 13:44:41,329 [271aec25-07f0-4d79-9bff-baf77738dc05-groupManagement] INFO  server.RaftServerConfigKeys (ConfUtils.java:logGet(46)) - raft.server.log.appender.buffer.byte-limit = 33554432 (custom)
2023-07-05 13:44:41,334 [271aec25-07f0-4d79-9bff-baf77738dc05-groupManagement] INFO  server.RaftServerConfigKeys (ConfUtils.java:logGet(46)) - raft.server.log.unsafe-flush.enabled = false (default)
2023-07-05 13:44:41,334 [271aec25-07f0-4d79-9bff-baf77738dc05-groupManagement] INFO  server.RaftServerConfigKeys (ConfUtils.java:logGet(46)) - raft.server.log.async-flush.enabled = false (default)
2023-07-05 13:44:41,334 [271aec25-07f0-4d79-9bff-baf77738dc05-groupManagement] INFO  server.RaftServerConfigKeys (ConfUtils.java:logGet(46)) - raft.server.log.statemachine.data.caching.enabled = true (custom)
2023-07-05 13:44:41,335 [271aec25-07f0-4d79-9bff-baf77738dc05-groupManagement] INFO  segmented.SegmentedRaftLogWorker (SegmentedRaftLogWorker.java:lambda$new$0(135)) - 271aec25-07f0-4d79-9bff-baf77738dc05@group-8EE5E8701BC7-SegmentedRaftLogWorker: flushIndex: setUnconditionally 0 -> -1
2023-07-05 13:44:41,335 [271aec25-07f0-4d79-9bff-baf77738dc05-groupManagement] INFO  segmented.SegmentedRaftLogWorker (SegmentedRaftLogWorker.java:lambda$new$0(135)) - 271aec25-07f0-4d79-9bff-baf77738dc05@group-8EE5E8701BC7-SegmentedRaftLogWorker: safeCacheEvictIndex: setUnconditionally 0 -> -1
2023-07-05 13:44:41,335 [271aec25-07f0-4d79-9bff-baf77738dc05-groupManagement] INFO  server.RaftServer$Division (RaftServerImpl.java:start(342)) - 271aec25-07f0-4d79-9bff-baf77738dc05@group-8EE5E8701BC7: start as a follower, conf=-1: peers:[271aec25-07f0-4d79-9bff-baf77738dc05|rpc:10.1.0.13:15262|admin:10.1.0.13:15261|client:10.1.0.13:15260|dataStream:10.1.0.13:15263|priority:1|startupRole:FOLLOWER]|listeners:[], old=null
2023-07-05 13:44:41,335 [271aec25-07f0-4d79-9bff-baf77738dc05-groupManagement] INFO  server.RaftServer$Division (RaftServerImpl.java:setRole(329)) - 271aec25-07f0-4d79-9bff-baf77738dc05@group-8EE5E8701BC7: changes role from      null to FOLLOWER at term 0 for startAsFollower
2023-07-05 13:44:41,335 [271aec25-07f0-4d79-9bff-baf77738dc05-groupManagement] INFO  impl.RoleInfo (RoleInfo.java:updateAndGet(139)) - 271aec25-07f0-4d79-9bff-baf77738dc05: start 271aec25-07f0-4d79-9bff-baf77738dc05@group-8EE5E8701BC7-FollowerState
2023-07-05 13:44:41,335 [271aec25-07f0-4d79-9bff-baf77738dc05-groupManagement] INFO  util.JmxRegister (JmxRegister.java:tryRegister(44)) - Successfully registered JMX Bean with object name Ratis:service=RaftServer,group=group-8EE5E8701BC7,id=271aec25-07f0-4d79-9bff-baf77738dc05
2023-07-05 13:44:41,335 [271aec25-07f0-4d79-9bff-baf77738dc05@group-8EE5E8701BC7-FollowerState] INFO  server.RaftServerConfigKeys (ConfUtils.java:logFallback(53)) - raft.server.rpc.first-election.timeout.min = 5s (fallback to raft.server.rpc.timeout.min)
2023-07-05 13:44:41,335 [271aec25-07f0-4d79-9bff-baf77738dc05-groupManagement] INFO  server.RaftServerConfigKeys (ConfUtils.java:logGet(46)) - raft.server.snapshot.auto.trigger.enabled = true (custom)
2023-07-05 13:44:41,336 [271aec25-07f0-4d79-9bff-baf77738dc05@group-8EE5E8701BC7-FollowerState] INFO  server.RaftServerConfigKeys (ConfUtils.java:logFallback(53)) - raft.server.rpc.first-election.timeout.max = 5200ms (fallback to raft.server.rpc.timeout.max)
2023-07-05 13:44:41,336 [271aec25-07f0-4d79-9bff-baf77738dc05-groupManagement] INFO  server.RaftServerConfigKeys (ConfUtils.java:logGet(46)) - raft.server.snapshot.auto.trigger.threshold = 10000 (custom)
2023-07-05 13:44:41,336 [271aec25-07f0-4d79-9bff-baf77738dc05-groupManagement] INFO  server.RaftServerConfigKeys (ConfUtils.java:logGet(46)) - raft.server.snapshot.retention.file.num = 5 (custom)
2023-07-05 13:44:41,336 [271aec25-07f0-4d79-9bff-baf77738dc05-groupManagement] INFO  server.RaftServerConfigKeys (ConfUtils.java:logGet(46)) - raft.server.log.purge.upto.snapshot.index = false (default)
2023-07-05 13:44:41,336 [PipelineCommandHandlerThread-0] INFO  ratis.XceiverServerRatis (XceiverServerRatis.java:addGroup(804)) - Created group PipelineID=ea41a907-dd42-4860-bd7f-8ee5e8701bc7
2023-07-05 13:44:41,336 [PipelineCommandHandlerThread-0] INFO  commandhandler.CreatePipelineCommandHandler (CreatePipelineCommandHandler.java:lambda$handle$2(124)) - Created Pipeline RATIS ONE PipelineID=ea41a907-dd42-4860-bd7f-8ee5e8701bc7.
2023-07-05 13:44:41,704 [ReplicationMonitor] INFO  replication.ReplicationManager (ReplicationManager.java:processAll(361)) - Replication Manager is not ready to run until 3000ms after safemode exit
2023-07-05 13:44:42,313 [Time-limited test] INFO  ozone.MiniOzoneClusterImpl (MiniOzoneClusterImpl.java:lambda$waitForClusterToBeReady$0(224)) - Nodes are ready. Got 5 of 5 DN Heartbeats.
2023-07-05 13:44:42,313 [Time-limited test] INFO  ozone.MiniOzoneClusterImpl (MiniOzoneClusterImpl.java:lambda$waitForClusterToBeReady$0(227)) - Waiting for cluster to exit safe mode
2023-07-05 13:44:42,313 [Time-limited test] INFO  ozone.MiniOzoneClusterImpl (MiniOzoneClusterImpl.java:lambda$waitForClusterToBeReady$0(229)) - SCM became leader
2023-07-05 13:44:42,705 [ReplicationMonitor] INFO  replication.ReplicationManager (ReplicationManager.java:processAll(361)) - Replication Manager is not ready to run until 3000ms after safemode exit
2023-07-05 13:44:43,313 [Time-limited test] INFO  ozone.MiniOzoneClusterImpl (MiniOzoneClusterImpl.java:lambda$waitForClusterToBeReady$0(224)) - Nodes are ready. Got 5 of 5 DN Heartbeats.
2023-07-05 13:44:43,313 [Time-limited test] INFO  ozone.MiniOzoneClusterImpl (MiniOzoneClusterImpl.java:lambda$waitForClusterToBeReady$0(227)) - Waiting for cluster to exit safe mode
2023-07-05 13:44:43,313 [Time-limited test] INFO  ozone.MiniOzoneClusterImpl (MiniOzoneClusterImpl.java:lambda$waitForClusterToBeReady$0(229)) - SCM became leader
2023-07-05 13:44:43,705 [ReplicationMonitor] INFO  replication.ReplicationManager (ReplicationManager.java:processAll(361)) - Replication Manager is not ready to run until 3000ms after safemode exit
2023-07-05 13:44:44,313 [Time-limited test] INFO  ozone.MiniOzoneClusterImpl (MiniOzoneClusterImpl.java:lambda$waitForClusterToBeReady$0(224)) - Nodes are ready. Got 5 of 5 DN Heartbeats.
2023-07-05 13:44:44,314 [Time-limited test] INFO  ozone.MiniOzoneClusterImpl (MiniOzoneClusterImpl.java:lambda$waitForClusterToBeReady$0(227)) - Waiting for cluster to exit safe mode
2023-07-05 13:44:44,314 [Time-limited test] INFO  ozone.MiniOzoneClusterImpl (MiniOzoneClusterImpl.java:lambda$waitForClusterToBeReady$0(229)) - SCM became leader
2023-07-05 13:44:44,705 [ReplicationMonitor] INFO  replication.ReplicationManager (ReplicationManager.java:processAll(361)) - Replication Manager is not ready to run until 3000ms after safemode exit
2023-07-05 13:44:45,190 [9cad0a2d-2056-47c2-83a8-166be64b57fa@group-B927724E89F9-FollowerState] INFO  impl.FollowerState (FollowerState.java:run(143)) - 9cad0a2d-2056-47c2-83a8-166be64b57fa@group-B927724E89F9-FollowerState: change to CANDIDATE, lastRpcElapsedTime:5057677193ns, electionTimeout:5057ms
2023-07-05 13:44:45,191 [9cad0a2d-2056-47c2-83a8-166be64b57fa@group-B927724E89F9-FollowerState] INFO  impl.RoleInfo (RoleInfo.java:shutdownFollowerState(110)) - 9cad0a2d-2056-47c2-83a8-166be64b57fa: shutdown 9cad0a2d-2056-47c2-83a8-166be64b57fa@group-B927724E89F9-FollowerState
2023-07-05 13:44:45,191 [9cad0a2d-2056-47c2-83a8-166be64b57fa@group-B927724E89F9-FollowerState] INFO  server.RaftServer$Division (RaftServerImpl.java:setRole(329)) - 9cad0a2d-2056-47c2-83a8-166be64b57fa@group-B927724E89F9: changes role from  FOLLOWER to CANDIDATE at term 0 for changeToCandidate
2023-07-05 13:44:45,191 [9cad0a2d-2056-47c2-83a8-166be64b57fa@group-B927724E89F9-FollowerState] INFO  server.RaftServerConfigKeys (ConfUtils.java:logGet(46)) - raft.server.leaderelection.pre-vote = true (default)
2023-07-05 13:44:45,191 [9cad0a2d-2056-47c2-83a8-166be64b57fa@group-B927724E89F9-FollowerState] INFO  impl.RoleInfo (RoleInfo.java:updateAndGet(139)) - 9cad0a2d-2056-47c2-83a8-166be64b57fa: start 9cad0a2d-2056-47c2-83a8-166be64b57fa@group-B927724E89F9-LeaderElection45
2023-07-05 13:44:45,194 [9cad0a2d-2056-47c2-83a8-166be64b57fa@group-B927724E89F9-LeaderElection45] INFO  impl.LeaderElection (LeaderElection.java:askForVotes(321)) - 9cad0a2d-2056-47c2-83a8-166be64b57fa@group-B927724E89F9-LeaderElection45 PRE_VOTE round 0: submit vote requests at term 0 for -1: peers:[39a48944-77e7-4681-b606-55be812809b8|rpc:10.1.0.13:15244|admin:10.1.0.13:15243|client:10.1.0.13:15242|dataStream:10.1.0.13:15245|priority:0|startupRole:FOLLOWER, 009ab419-7007-4517-9228-4425fd87ec20|rpc:10.1.0.13:15235|admin:10.1.0.13:15234|client:10.1.0.13:15233|dataStream:10.1.0.13:15236|priority:0|startupRole:FOLLOWER, 9cad0a2d-2056-47c2-83a8-166be64b57fa|rpc:10.1.0.13:15226|admin:10.1.0.13:15225|client:10.1.0.13:15224|dataStream:10.1.0.13:15227|priority:1|startupRole:FOLLOWER]|listeners:[], old=null
2023-07-05 13:44:45,194 [9cad0a2d-2056-47c2-83a8-166be64b57fa@group-B927724E89F9-LeaderElection45] INFO  server.RaftServerConfigKeys (ConfUtils.java:logFallback(53)) - raft.server.rpc.first-election.timeout.min = 5s (fallback to raft.server.rpc.timeout.min)
2023-07-05 13:44:45,194 [9cad0a2d-2056-47c2-83a8-166be64b57fa@group-B927724E89F9-LeaderElection45-1] INFO  server.GrpcServerProtocolClient (GrpcServerProtocolClient.java:<init>(65)) - Build channel for 39a48944-77e7-4681-b606-55be812809b8
2023-07-05 13:44:45,194 [9cad0a2d-2056-47c2-83a8-166be64b57fa@group-B927724E89F9-LeaderElection45] INFO  server.RaftServerConfigKeys (ConfUtils.java:logFallback(53)) - raft.server.rpc.first-election.timeout.max = 5200ms (fallback to raft.server.rpc.timeout.max)
2023-07-05 13:44:45,195 [9cad0a2d-2056-47c2-83a8-166be64b57fa@group-B927724E89F9-LeaderElection45-2] INFO  server.GrpcServerProtocolClient (GrpcServerProtocolClient.java:<init>(65)) - Build channel for 009ab419-7007-4517-9228-4425fd87ec20
2023-07-05 13:44:45,205 [grpc-default-executor-0] INFO  server.RaftServer$Division (RaftServerImpl.java:requestVote(1302)) - 009ab419-7007-4517-9228-4425fd87ec20@group-B927724E89F9: receive requestVote(PRE_VOTE, 9cad0a2d-2056-47c2-83a8-166be64b57fa, group-B927724E89F9, 0, (t:0, i:0))
2023-07-05 13:44:45,205 [grpc-default-executor-0] INFO  impl.VoteContext (VoteContext.java:log(49)) - 009ab419-7007-4517-9228-4425fd87ec20@group-B927724E89F9-FOLLOWER: accept PRE_VOTE from 9cad0a2d-2056-47c2-83a8-166be64b57fa: our priority 0 <= candidate's priority 1
2023-07-05 13:44:45,206 [grpc-default-executor-0] INFO  server.RaftServer$Division (RaftServerImpl.java:requestVote(1335)) - 009ab419-7007-4517-9228-4425fd87ec20@group-B927724E89F9 replies to PRE_VOTE vote request: 9cad0a2d-2056-47c2-83a8-166be64b57fa<-009ab419-7007-4517-9228-4425fd87ec20#0:OK-t0. Peer's state: 009ab419-7007-4517-9228-4425fd87ec20@group-B927724E89F9:t0, leader=null, voted=, raftlog=Memoized:009ab419-7007-4517-9228-4425fd87ec20@group-B927724E89F9-SegmentedRaftLog:OPENED:c-1, conf=-1: peers:[39a48944-77e7-4681-b606-55be812809b8|rpc:10.1.0.13:15244|admin:10.1.0.13:15243|client:10.1.0.13:15242|dataStream:10.1.0.13:15245|priority:0|startupRole:FOLLOWER, 009ab419-7007-4517-9228-4425fd87ec20|rpc:10.1.0.13:15235|admin:10.1.0.13:15234|client:10.1.0.13:15233|dataStream:10.1.0.13:15236|priority:0|startupRole:FOLLOWER, 9cad0a2d-2056-47c2-83a8-166be64b57fa|rpc:10.1.0.13:15226|admin:10.1.0.13:15225|client:10.1.0.13:15224|dataStream:10.1.0.13:15227|priority:1|startupRole:FOLLOWER]|listeners:[], old=null
2023-07-05 13:44:45,211 [9cad0a2d-2056-47c2-83a8-166be64b57fa@group-B927724E89F9-LeaderElection45] INFO  impl.LeaderElection (LeaderElection.java:logAndReturn(90)) - 9cad0a2d-2056-47c2-83a8-166be64b57fa@group-B927724E89F9-LeaderElection45: PRE_VOTE PASSED received 1 response(s) and 0 exception(s):
2023-07-05 13:44:45,211 [9cad0a2d-2056-47c2-83a8-166be64b57fa@group-B927724E89F9-LeaderElection45] INFO  impl.LeaderElection (LeaderElection.java:logAndReturn(94)) -   Response 0: 9cad0a2d-2056-47c2-83a8-166be64b57fa<-009ab419-7007-4517-9228-4425fd87ec20#0:OK-t0
2023-07-05 13:44:45,211 [9cad0a2d-2056-47c2-83a8-166be64b57fa@group-B927724E89F9-LeaderElection45] INFO  impl.LeaderElection (LeaderElection.java:askForVotes(323)) - 9cad0a2d-2056-47c2-83a8-166be64b57fa@group-B927724E89F9-LeaderElection45 PRE_VOTE round 0: result PASSED
2023-07-05 13:44:45,214 [9cad0a2d-2056-47c2-83a8-166be64b57fa@group-B927724E89F9-LeaderElection45] INFO  impl.LeaderElection (LeaderElection.java:askForVotes(321)) - 9cad0a2d-2056-47c2-83a8-166be64b57fa@group-B927724E89F9-LeaderElection45 ELECTION round 0: submit vote requests at term 1 for -1: peers:[39a48944-77e7-4681-b606-55be812809b8|rpc:10.1.0.13:15244|admin:10.1.0.13:15243|client:10.1.0.13:15242|dataStream:10.1.0.13:15245|priority:0|startupRole:FOLLOWER, 009ab419-7007-4517-9228-4425fd87ec20|rpc:10.1.0.13:15235|admin:10.1.0.13:15234|client:10.1.0.13:15233|dataStream:10.1.0.13:15236|priority:0|startupRole:FOLLOWER, 9cad0a2d-2056-47c2-83a8-166be64b57fa|rpc:10.1.0.13:15226|admin:10.1.0.13:15225|client:10.1.0.13:15224|dataStream:10.1.0.13:15227|priority:1|startupRole:FOLLOWER]|listeners:[], old=null
2023-07-05 13:44:45,215 [grpc-default-executor-0] INFO  server.RaftServer$Division (RaftServerImpl.java:requestVote(1302)) - 39a48944-77e7-4681-b606-55be812809b8@group-B927724E89F9: receive requestVote(PRE_VOTE, 9cad0a2d-2056-47c2-83a8-166be64b57fa, group-B927724E89F9, 0, (t:0, i:0))
2023-07-05 13:44:45,215 [9cad0a2d-2056-47c2-83a8-166be64b57fa@group-B927724E89F9-LeaderElection45] INFO  server.RaftServerConfigKeys (ConfUtils.java:logFallback(53)) - raft.server.rpc.first-election.timeout.min = 5s (fallback to raft.server.rpc.timeout.min)
2023-07-05 13:44:45,215 [grpc-default-executor-0] INFO  impl.VoteContext (VoteContext.java:log(49)) - 39a48944-77e7-4681-b606-55be812809b8@group-B927724E89F9-FOLLOWER: accept PRE_VOTE from 9cad0a2d-2056-47c2-83a8-166be64b57fa: our priority 0 <= candidate's priority 1
2023-07-05 13:44:45,215 [grpc-default-executor-0] INFO  server.RaftServer$Division (RaftServerImpl.java:requestVote(1335)) - 39a48944-77e7-4681-b606-55be812809b8@group-B927724E89F9 replies to PRE_VOTE vote request: 9cad0a2d-2056-47c2-83a8-166be64b57fa<-39a48944-77e7-4681-b606-55be812809b8#0:OK-t0. Peer's state: 39a48944-77e7-4681-b606-55be812809b8@group-B927724E89F9:t0, leader=null, voted=, raftlog=Memoized:39a48944-77e7-4681-b606-55be812809b8@group-B927724E89F9-SegmentedRaftLog:OPENED:c-1, conf=-1: peers:[39a48944-77e7-4681-b606-55be812809b8|rpc:10.1.0.13:15244|admin:10.1.0.13:15243|client:10.1.0.13:15242|dataStream:10.1.0.13:15245|priority:0|startupRole:FOLLOWER, 009ab419-7007-4517-9228-4425fd87ec20|rpc:10.1.0.13:15235|admin:10.1.0.13:15234|client:10.1.0.13:15233|dataStream:10.1.0.13:15236|priority:0|startupRole:FOLLOWER, 9cad0a2d-2056-47c2-83a8-166be64b57fa|rpc:10.1.0.13:15226|admin:10.1.0.13:15225|client:10.1.0.13:15224|dataStream:10.1.0.13:15227|priority:1|startupRole:FOLLOWER]|listeners:[], old=null
2023-07-05 13:44:45,215 [9cad0a2d-2056-47c2-83a8-166be64b57fa@group-B927724E89F9-LeaderElection45] INFO  server.RaftServerConfigKeys (ConfUtils.java:logFallback(53)) - raft.server.rpc.first-election.timeout.max = 5200ms (fallback to raft.server.rpc.timeout.max)
2023-07-05 13:44:45,217 [grpc-default-executor-0] INFO  server.RaftServer$Division (RaftServerImpl.java:requestVote(1302)) - 39a48944-77e7-4681-b606-55be812809b8@group-B927724E89F9: receive requestVote(ELECTION, 9cad0a2d-2056-47c2-83a8-166be64b57fa, group-B927724E89F9, 1, (t:0, i:0))
2023-07-05 13:44:45,217 [grpc-default-executor-0] INFO  impl.VoteContext (VoteContext.java:log(49)) - 39a48944-77e7-4681-b606-55be812809b8@group-B927724E89F9-FOLLOWER: accept ELECTION from 9cad0a2d-2056-47c2-83a8-166be64b57fa: our priority 0 <= candidate's priority 1
2023-07-05 13:44:45,217 [grpc-default-executor-0] INFO  server.RaftServer$Division (RaftServerImpl.java:setRole(329)) - 39a48944-77e7-4681-b606-55be812809b8@group-B927724E89F9: changes role from  FOLLOWER to FOLLOWER at term 1 for candidate:9cad0a2d-2056-47c2-83a8-166be64b57fa
2023-07-05 13:44:45,217 [grpc-default-executor-0] INFO  impl.RoleInfo (RoleInfo.java:shutdownFollowerState(110)) - 39a48944-77e7-4681-b606-55be812809b8: shutdown 39a48944-77e7-4681-b606-55be812809b8@group-B927724E89F9-FollowerState
2023-07-05 13:44:45,217 [grpc-default-executor-0] INFO  impl.RoleInfo (RoleInfo.java:updateAndGet(139)) - 39a48944-77e7-4681-b606-55be812809b8: start 39a48944-77e7-4681-b606-55be812809b8@group-B927724E89F9-FollowerState
2023-07-05 13:44:45,217 [39a48944-77e7-4681-b606-55be812809b8@group-B927724E89F9-FollowerState] INFO  impl.FollowerState (FollowerState.java:run(152)) - 39a48944-77e7-4681-b606-55be812809b8@group-B927724E89F9-FollowerState was interrupted
2023-07-05 13:44:45,224 [grpc-default-executor-1] INFO  server.RaftServer$Division (RaftServerImpl.java:requestVote(1302)) - 009ab419-7007-4517-9228-4425fd87ec20@group-B927724E89F9: receive requestVote(ELECTION, 9cad0a2d-2056-47c2-83a8-166be64b57fa, group-B927724E89F9, 1, (t:0, i:0))
2023-07-05 13:44:45,225 [grpc-default-executor-1] INFO  impl.VoteContext (VoteContext.java:log(49)) - 009ab419-7007-4517-9228-4425fd87ec20@group-B927724E89F9-FOLLOWER: accept ELECTION from 9cad0a2d-2056-47c2-83a8-166be64b57fa: our priority 0 <= candidate's priority 1
2023-07-05 13:44:45,225 [grpc-default-executor-0] INFO  server.RaftServer$Division (RaftServerImpl.java:requestVote(1335)) - 39a48944-77e7-4681-b606-55be812809b8@group-B927724E89F9 replies to ELECTION vote request: 9cad0a2d-2056-47c2-83a8-166be64b57fa<-39a48944-77e7-4681-b606-55be812809b8#0:OK-t1. Peer's state: 39a48944-77e7-4681-b606-55be812809b8@group-B927724E89F9:t1, leader=null, voted=9cad0a2d-2056-47c2-83a8-166be64b57fa, raftlog=Memoized:39a48944-77e7-4681-b606-55be812809b8@group-B927724E89F9-SegmentedRaftLog:OPENED:c-1, conf=-1: peers:[39a48944-77e7-4681-b606-55be812809b8|rpc:10.1.0.13:15244|admin:10.1.0.13:15243|client:10.1.0.13:15242|dataStream:10.1.0.13:15245|priority:0|startupRole:FOLLOWER, 009ab419-7007-4517-9228-4425fd87ec20|rpc:10.1.0.13:15235|admin:10.1.0.13:15234|client:10.1.0.13:15233|dataStream:10.1.0.13:15236|priority:0|startupRole:FOLLOWER, 9cad0a2d-2056-47c2-83a8-166be64b57fa|rpc:10.1.0.13:15226|admin:10.1.0.13:15225|client:10.1.0.13:15224|dataStream:10.1.0.13:15227|priority:1|startupRole:FOLLOWER]|listeners:[], old=null
2023-07-05 13:44:45,226 [grpc-default-executor-1] INFO  server.RaftServer$Division (RaftServerImpl.java:setRole(329)) - 009ab419-7007-4517-9228-4425fd87ec20@group-B927724E89F9: changes role from  FOLLOWER to FOLLOWER at term 1 for candidate:9cad0a2d-2056-47c2-83a8-166be64b57fa
2023-07-05 13:44:45,226 [grpc-default-executor-1] INFO  impl.RoleInfo (RoleInfo.java:shutdownFollowerState(110)) - 009ab419-7007-4517-9228-4425fd87ec20: shutdown 009ab419-7007-4517-9228-4425fd87ec20@group-B927724E89F9-FollowerState
2023-07-05 13:44:45,226 [009ab419-7007-4517-9228-4425fd87ec20@group-B927724E89F9-FollowerState] INFO  impl.FollowerState (FollowerState.java:run(152)) - 009ab419-7007-4517-9228-4425fd87ec20@group-B927724E89F9-FollowerState was interrupted
2023-07-05 13:44:45,227 [9cad0a2d-2056-47c2-83a8-166be64b57fa@group-B927724E89F9-LeaderElection45] INFO  impl.LeaderElection (LeaderElection.java:logAndReturn(90)) - 9cad0a2d-2056-47c2-83a8-166be64b57fa@group-B927724E89F9-LeaderElection45: ELECTION PASSED received 1 response(s) and 0 exception(s):
2023-07-05 13:44:45,227 [9cad0a2d-2056-47c2-83a8-166be64b57fa@group-B927724E89F9-LeaderElection45] INFO  impl.LeaderElection (LeaderElection.java:logAndReturn(94)) -   Response 0: 9cad0a2d-2056-47c2-83a8-166be64b57fa<-39a48944-77e7-4681-b606-55be812809b8#0:OK-t1
2023-07-05 13:44:45,227 [9cad0a2d-2056-47c2-83a8-166be64b57fa@group-B927724E89F9-LeaderElection45] INFO  impl.LeaderElection (LeaderElection.java:askForVotes(323)) - 9cad0a2d-2056-47c2-83a8-166be64b57fa@group-B927724E89F9-LeaderElection45 ELECTION round 0: result PASSED
2023-07-05 13:44:45,227 [9cad0a2d-2056-47c2-83a8-166be64b57fa@group-B927724E89F9-LeaderElection45] INFO  impl.RoleInfo (RoleInfo.java:shutdownLeaderElection(130)) - 9cad0a2d-2056-47c2-83a8-166be64b57fa: shutdown 9cad0a2d-2056-47c2-83a8-166be64b57fa@group-B927724E89F9-LeaderElection45
2023-07-05 13:44:45,227 [9cad0a2d-2056-47c2-83a8-166be64b57fa@group-B927724E89F9-LeaderElection45] INFO  server.RaftServer$Division (RaftServerImpl.java:setRole(329)) - 9cad0a2d-2056-47c2-83a8-166be64b57fa@group-B927724E89F9: changes role from CANDIDATE to LEADER at term 1 for changeToLeader
2023-07-05 13:44:45,227 [9cad0a2d-2056-47c2-83a8-166be64b57fa@group-B927724E89F9-LeaderElection45] INFO  ratis.XceiverServerRatis (XceiverServerRatis.java:handleLeaderChangedNotification(902)) - Leader change notification received for group: group-B927724E89F9 with new leaderId: 9cad0a2d-2056-47c2-83a8-166be64b57fa
2023-07-05 13:44:45,227 [9cad0a2d-2056-47c2-83a8-166be64b57fa@group-B927724E89F9-LeaderElection45] INFO  server.RaftServer$Division (ServerState.java:setLeader(317)) - 9cad0a2d-2056-47c2-83a8-166be64b57fa@group-B927724E89F9: change Leader from null to 9cad0a2d-2056-47c2-83a8-166be64b57fa at term 1 for becomeLeader, leader elected after 5107ms
2023-07-05 13:44:45,227 [9cad0a2d-2056-47c2-83a8-166be64b57fa@group-B927724E89F9-LeaderElection45] INFO  server.RaftServerConfigKeys (ConfUtils.java:logGet(46)) - raft.server.staging.catchup.gap = 1000 (default)
2023-07-05 13:44:45,228 [9cad0a2d-2056-47c2-83a8-166be64b57fa@group-B927724E89F9-LeaderElection45] INFO  server.RaftServerConfigKeys (ConfUtils.java:logGet(46)) - raft.server.write.element-limit = 1024 (custom)
2023-07-05 13:44:45,228 [9cad0a2d-2056-47c2-83a8-166be64b57fa@group-B927724E89F9-LeaderElection45] INFO  server.RaftServerConfigKeys (ConfUtils.java:logGet(46)) - raft.server.write.byte-limit = 1024 M (=1073741824) (custom)
2023-07-05 13:44:45,228 [9cad0a2d-2056-47c2-83a8-166be64b57fa@group-B927724E89F9-LeaderElection45] INFO  server.RaftServerConfigKeys (ConfUtils.java:logGet(46)) - raft.server.watch.timeout = 180s (custom)
2023-07-05 13:44:45,228 [9cad0a2d-2056-47c2-83a8-166be64b57fa@group-B927724E89F9-LeaderElection45] INFO  server.RaftServerConfigKeys (ConfUtils.java:logGet(46)) - raft.server.watch.timeout.denomination = 1s (default)
2023-07-05 13:44:45,228 [9cad0a2d-2056-47c2-83a8-166be64b57fa@group-B927724E89F9-LeaderElection45] INFO  server.RaftServerConfigKeys (ConfUtils.java:logGet(46)) - raft.server.watch.element-limit = 65536 (default)
2023-07-05 13:44:45,228 [grpc-default-executor-1] INFO  impl.RoleInfo (RoleInfo.java:updateAndGet(139)) - 009ab419-7007-4517-9228-4425fd87ec20: start 009ab419-7007-4517-9228-4425fd87ec20@group-B927724E89F9-FollowerState
2023-07-05 13:44:45,228 [9cad0a2d-2056-47c2-83a8-166be64b57fa@group-B927724E89F9-LeaderElection45] INFO  server.RaftServerConfigKeys (ConfUtils.java:logGet(46)) - raft.server.write.element-limit = 1024 (custom)
2023-07-05 13:44:45,229 [9cad0a2d-2056-47c2-83a8-166be64b57fa@group-B927724E89F9-LeaderElection45] INFO  server.RaftServerConfigKeys (ConfUtils.java:logGet(46)) - raft.server.write.follower.gap.ratio.max = -1.0 (default)
2023-07-05 13:44:45,230 [EventQueue-PipelineReportForPipelineReportHandler] INFO  pipeline.PipelineReportHandler (PipelineReportHandler.java:processPipelineReport(136)) - Opened pipeline PipelineID=1f5d9adf-97c4-49d3-8b94-b927724e89f9
2023-07-05 13:44:45,230 [9cad0a2d-2056-47c2-83a8-166be64b57fa@group-B927724E89F9-LeaderElection45] INFO  server.RaftServerConfigKeys (ConfUtils.java:logGet(46)) - raft.server.log.appender.snapshot.chunk.size.max = 16MB (=16777216) (default)
2023-07-05 13:44:45,230 [9cad0a2d-2056-47c2-83a8-166be64b57fa@group-B927724E89F9-LeaderElection45] INFO  server.RaftServerConfigKeys (ConfUtils.java:logGet(46)) - raft.server.log.appender.buffer.byte-limit = 33554432 (custom)
2023-07-05 13:44:45,230 [9cad0a2d-2056-47c2-83a8-166be64b57fa@group-B927724E89F9-LeaderElection45] INFO  server.RaftServerConfigKeys (ConfUtils.java:logGet(46)) - raft.server.log.appender.buffer.element-limit = 1 (custom)
2023-07-05 13:44:45,230 [EventQueue-OpenPipelineForHealthyPipelineSafeModeRule] INFO  safemode.SCMSafeModeManager (HealthyPipelineSafeModeRule.java:process(137)) - SCM in safe mode. Healthy pipelines reported count is 1, required healthy pipeline reported count is 1
2023-07-05 13:44:45,230 [EventQueue-OpenPipelineForHealthyPipelineSafeModeRule] INFO  safemode.SCMSafeModeManager (SCMSafeModeManager.java:validateSafeModeExitRules(200)) - HealthyPipelineSafeModeRule rule is successfully validated
2023-07-05 13:44:45,230 [EventQueue-OpenPipelineForHealthyPipelineSafeModeRule] INFO  safemode.SCMSafeModeManager (SCMSafeModeManager.java:validateSafeModeExitRules(215)) - ScmSafeModeManager, all rules are successfully validated
2023-07-05 13:44:45,230 [EventQueue-OpenPipelineForHealthyPipelineSafeModeRule] INFO  safemode.SCMSafeModeManager (SCMSafeModeManager.java:exitSafeMode(244)) - SCM exiting safe mode.
2023-07-05 13:44:45,230 [EventQueue-OpenPipelineForHealthyPipelineSafeModeRule] INFO  ha.SCMContext (SCMContext.java:updateSafeModeStatus(228)) - Update SafeModeStatus from SafeModeStatus{safeModeStatus=true, preCheckPassed=true} to SafeModeStatus{safeModeStatus=false, preCheckPassed=true}.
2023-07-05 13:44:45,230 [EventQueue-OpenPipelineForHealthyPipelineSafeModeRule] INFO  pipeline.BackgroundPipelineCreator (BackgroundPipelineCreator.java:notifyStatusChanged(255)) - Service BackgroundPipelineCreator transitions to RUNNING.
2023-07-05 13:44:45,230 [EventQueue-OpenPipelineForHealthyPipelineSafeModeRule] INFO  BackgroundPipelineScrubber (BackgroundSCMService.java:notifyStatusChanged(82)) - Service BackgroundPipelineScrubber transitions to RUNNING.
2023-07-05 13:44:45,230 [EventQueue-OpenPipelineForHealthyPipelineSafeModeRule] INFO  ExpiredContainerReplicaOpScrubber (BackgroundSCMService.java:notifyStatusChanged(82)) - Service ExpiredContainerReplicaOpScrubber transitions to RUNNING.
2023-07-05 13:44:45,230 [EventQueue-OpenPipelineForHealthyPipelineSafeModeRule] INFO  replication.ReplicationManager (ReplicationManager.java:notifyStatusChanged(1366)) - Service ReplicationManager transitions to RUNNING.
2023-07-05 13:44:45,231 [EventQueue-OpenPipelineForHealthyPipelineSafeModeRule] WARN  balancer.ContainerBalancer (ContainerBalancer.java:shouldRun(134)) - Could not find persisted configuration for ContainerBalancer when checking if ContainerBalancer should run. ContainerBalancer should not run now.
2023-07-05 13:44:45,234 [9cad0a2d-2056-47c2-83a8-166be64b57fa@group-B927724E89F9-LeaderElection45] INFO  server.RaftServerConfigKeys (ConfUtils.java:logGet(46)) - raft.server.log.appender.wait-time.min = 10ms (default)
2023-07-05 13:44:45,234 [9cad0a2d-2056-47c2-83a8-166be64b57fa@group-B927724E89F9-LeaderElection45] INFO  grpc.GrpcConfigKeys (ConfUtils.java:logGet(46)) - raft.grpc.server.leader.outstanding.appends.max = 128 (default)
2023-07-05 13:44:45,234 [9cad0a2d-2056-47c2-83a8-166be64b57fa@group-B927724E89F9-LeaderElection45] INFO  server.RaftServerConfigKeys (ConfUtils.java:logGet(46)) - raft.server.rpc.request.timeout = 60s (custom)
2023-07-05 13:44:45,234 [9cad0a2d-2056-47c2-83a8-166be64b57fa@group-B927724E89F9-LeaderElection45] INFO  grpc.GrpcConfigKeys (ConfUtils.java:logGet(46)) - raft.grpc.server.install_snapshot.request.element-limit = 8 (default)
2023-07-05 13:44:45,234 [9cad0a2d-2056-47c2-83a8-166be64b57fa@group-B927724E89F9-LeaderElection45] INFO  grpc.GrpcConfigKeys (ConfUtils.java:logGet(46)) - raft.grpc.server.install_snapshot.request.timeout = 3000ms (default)
2023-07-05 13:44:45,234 [9cad0a2d-2056-47c2-83a8-166be64b57fa@group-B927724E89F9-LeaderElection45] INFO  server.RaftServerConfigKeys (ConfUtils.java:logGet(46)) - raft.server.log.appender.install.snapshot.enabled = false (custom)
2023-07-05 13:44:45,234 [9cad0a2d-2056-47c2-83a8-166be64b57fa@group-B927724E89F9-LeaderElection45] INFO  grpc.GrpcConfigKeys (ConfUtils.java:logGet(46)) - raft.grpc.server.heartbeat.channel = true (default)
2023-07-05 13:44:45,236 [grpc-default-executor-1] INFO  server.RaftServer$Division (RaftServerImpl.java:requestVote(1335)) - 009ab419-7007-4517-9228-4425fd87ec20@group-B927724E89F9 replies to ELECTION vote request: 9cad0a2d-2056-47c2-83a8-166be64b57fa<-009ab419-7007-4517-9228-4425fd87ec20#0:OK-t1. Peer's state: 009ab419-7007-4517-9228-4425fd87ec20@group-B927724E89F9:t1, leader=null, voted=9cad0a2d-2056-47c2-83a8-166be64b57fa, raftlog=Memoized:009ab419-7007-4517-9228-4425fd87ec20@group-B927724E89F9-SegmentedRaftLog:OPENED:c-1, conf=-1: peers:[39a48944-77e7-4681-b606-55be812809b8|rpc:10.1.0.13:15244|admin:10.1.0.13:15243|client:10.1.0.13:15242|dataStream:10.1.0.13:15245|priority:0|startupRole:FOLLOWER, 009ab419-7007-4517-9228-4425fd87ec20|rpc:10.1.0.13:15235|admin:10.1.0.13:15234|client:10.1.0.13:15233|dataStream:10.1.0.13:15236|priority:0|startupRole:FOLLOWER, 9cad0a2d-2056-47c2-83a8-166be64b57fa|rpc:10.1.0.13:15226|admin:10.1.0.13:15225|client:10.1.0.13:15224|dataStream:10.1.0.13:15227|priority:1|startupRole:FOLLOWER]|listeners:[], old=null
2023-07-05 13:44:45,236 [9cad0a2d-2056-47c2-83a8-166be64b57fa@group-B927724E89F9-LeaderElection45] INFO  server.RaftServerConfigKeys (ConfUtils.java:logGet(46)) - raft.server.log.appender.snapshot.chunk.size.max = 16MB (=16777216) (default)
2023-07-05 13:44:45,236 [9cad0a2d-2056-47c2-83a8-166be64b57fa@group-B927724E89F9-LeaderElection45] INFO  server.RaftServerConfigKeys (ConfUtils.java:logGet(46)) - raft.server.log.appender.buffer.byte-limit = 33554432 (custom)
2023-07-05 13:44:45,236 [9cad0a2d-2056-47c2-83a8-166be64b57fa@group-B927724E89F9-LeaderElection45] INFO  server.RaftServerConfigKeys (ConfUtils.java:logGet(46)) - raft.server.log.appender.buffer.element-limit = 1 (custom)
2023-07-05 13:44:45,236 [9cad0a2d-2056-47c2-83a8-166be64b57fa@group-B927724E89F9-LeaderElection45] INFO  server.RaftServerConfigKeys (ConfUtils.java:logGet(46)) - raft.server.log.appender.wait-time.min = 10ms (default)
2023-07-05 13:44:45,236 [9cad0a2d-2056-47c2-83a8-166be64b57fa@group-B927724E89F9-LeaderElection45] INFO  grpc.GrpcConfigKeys (ConfUtils.java:logGet(46)) - raft.grpc.server.leader.outstanding.appends.max = 128 (default)
2023-07-05 13:44:45,237 [9cad0a2d-2056-47c2-83a8-166be64b57fa@group-B927724E89F9-LeaderElection45] INFO  server.RaftServerConfigKeys (ConfUtils.java:logGet(46)) - raft.server.rpc.request.timeout = 60s (custom)
2023-07-05 13:44:45,237 [9cad0a2d-2056-47c2-83a8-166be64b57fa@group-B927724E89F9-LeaderElection45] INFO  grpc.GrpcConfigKeys (ConfUtils.java:logGet(46)) - raft.grpc.server.install_snapshot.request.element-limit = 8 (default)
2023-07-05 13:44:45,237 [9cad0a2d-2056-47c2-83a8-166be64b57fa@group-B927724E89F9-LeaderElection45] INFO  grpc.GrpcConfigKeys (ConfUtils.java:logGet(46)) - raft.grpc.server.install_snapshot.request.timeout = 3000ms (default)
2023-07-05 13:44:45,238 [9cad0a2d-2056-47c2-83a8-166be64b57fa@group-B927724E89F9-LeaderElection45] INFO  server.RaftServerConfigKeys (ConfUtils.java:logGet(46)) - raft.server.log.appender.install.snapshot.enabled = false (custom)
2023-07-05 13:44:45,238 [9cad0a2d-2056-47c2-83a8-166be64b57fa@group-B927724E89F9-LeaderElection45] INFO  grpc.GrpcConfigKeys (ConfUtils.java:logGet(46)) - raft.grpc.server.heartbeat.channel = true (default)
2023-07-05 13:44:45,238 [9cad0a2d-2056-47c2-83a8-166be64b57fa@group-B927724E89F9-LeaderElection45] INFO  impl.RoleInfo (RoleInfo.java:updateAndGet(139)) - 9cad0a2d-2056-47c2-83a8-166be64b57fa: start 9cad0a2d-2056-47c2-83a8-166be64b57fa@group-B927724E89F9-LeaderStateImpl
2023-07-05 13:44:45,238 [9cad0a2d-2056-47c2-83a8-166be64b57fa@group-B927724E89F9-LeaderElection45] INFO  segmented.SegmentedRaftLogWorker (SegmentedRaftLogWorker.java:startLogSegment(447)) - 9cad0a2d-2056-47c2-83a8-166be64b57fa@group-B927724E89F9-SegmentedRaftLogWorker: Starting segment from index:0
2023-07-05 13:44:45,239 [9cad0a2d-2056-47c2-83a8-166be64b57fa@group-B927724E89F9-SegmentedRaftLogWorker] INFO  segmented.SegmentedRaftLogWorker (SegmentedRaftLogWorker.java:execute(651)) - 9cad0a2d-2056-47c2-83a8-166be64b57fa@group-B927724E89F9-SegmentedRaftLogWorker: created new log segment /home/runner/work/ozone/ozone/hadoop-ozone/integration-test/target/test-dir/MiniOzoneClusterImpl-5a349b9d-530c-474e-9da9-45562981beee/datanode-0/data/ratis/1f5d9adf-97c4-49d3-8b94-b927724e89f9/current/log_inprogress_0
2023-07-05 13:44:45,259 [9cad0a2d-2056-47c2-83a8-166be64b57fa@group-B927724E89F9-LeaderElection45] INFO  server.RaftServer$Division (ServerState.java:setRaftConf(434)) - 9cad0a2d-2056-47c2-83a8-166be64b57fa@group-B927724E89F9: set configuration 0: peers:[39a48944-77e7-4681-b606-55be812809b8|rpc:10.1.0.13:15244|admin:10.1.0.13:15243|client:10.1.0.13:15242|dataStream:10.1.0.13:15245|priority:0|startupRole:FOLLOWER, 009ab419-7007-4517-9228-4425fd87ec20|rpc:10.1.0.13:15235|admin:10.1.0.13:15234|client:10.1.0.13:15233|dataStream:10.1.0.13:15236|priority:0|startupRole:FOLLOWER, 9cad0a2d-2056-47c2-83a8-166be64b57fa|rpc:10.1.0.13:15226|admin:10.1.0.13:15225|client:10.1.0.13:15224|dataStream:10.1.0.13:15227|priority:1|startupRole:FOLLOWER]|listeners:[], old=null
2023-07-05 13:44:45,269 [39a48944-77e7-4681-b606-55be812809b8-server-thread1] INFO  ratis.XceiverServerRatis (XceiverServerRatis.java:handleLeaderChangedNotification(902)) - Leader change notification received for group: group-B927724E89F9 with new leaderId: 9cad0a2d-2056-47c2-83a8-166be64b57fa
2023-07-05 13:44:45,269 [39a48944-77e7-4681-b606-55be812809b8-server-thread1] INFO  server.RaftServer$Division (ServerState.java:setLeader(317)) - 39a48944-77e7-4681-b606-55be812809b8@group-B927724E89F9: change Leader from null to 9cad0a2d-2056-47c2-83a8-166be64b57fa at term 1 for appendEntries, leader elected after 5070ms
2023-07-05 13:44:45,279 [39a48944-77e7-4681-b606-55be812809b8-server-thread3] INFO  server.RaftServer$Division (ServerState.java:setRaftConf(434)) - 39a48944-77e7-4681-b606-55be812809b8@group-B927724E89F9: set configuration 0: peers:[39a48944-77e7-4681-b606-55be812809b8|rpc:10.1.0.13:15244|admin:10.1.0.13:15243|client:10.1.0.13:15242|dataStream:10.1.0.13:15245|priority:0|startupRole:FOLLOWER, 009ab419-7007-4517-9228-4425fd87ec20|rpc:10.1.0.13:15235|admin:10.1.0.13:15234|client:10.1.0.13:15233|dataStream:10.1.0.13:15236|priority:0|startupRole:FOLLOWER, 9cad0a2d-2056-47c2-83a8-166be64b57fa|rpc:10.1.0.13:15226|admin:10.1.0.13:15225|client:10.1.0.13:15224|dataStream:10.1.0.13:15227|priority:1|startupRole:FOLLOWER]|listeners:[], old=null
2023-07-05 13:44:45,279 [39a48944-77e7-4681-b606-55be812809b8-server-thread3] INFO  segmented.SegmentedRaftLogWorker (SegmentedRaftLogWorker.java:startLogSegment(447)) - 39a48944-77e7-4681-b606-55be812809b8@group-B927724E89F9-SegmentedRaftLogWorker: Starting segment from index:0
2023-07-05 13:44:45,280 [009ab419-7007-4517-9228-4425fd87ec20-server-thread1] INFO  ratis.XceiverServerRatis (XceiverServerRatis.java:handleLeaderChangedNotification(902)) - Leader change notification received for group: group-B927724E89F9 with new leaderId: 9cad0a2d-2056-47c2-83a8-166be64b57fa
2023-07-05 13:44:45,280 [009ab419-7007-4517-9228-4425fd87ec20-server-thread1] INFO  server.RaftServer$Division (ServerState.java:setLeader(317)) - 009ab419-7007-4517-9228-4425fd87ec20@group-B927724E89F9: change Leader from null to 9cad0a2d-2056-47c2-83a8-166be64b57fa at term 1 for appendEntries, leader elected after 5129ms
2023-07-05 13:44:45,281 [009ab419-7007-4517-9228-4425fd87ec20-server-thread1] INFO  server.RaftServer$Division (ServerState.java:setRaftConf(434)) - 009ab419-7007-4517-9228-4425fd87ec20@group-B927724E89F9: set configuration 0: peers:[39a48944-77e7-4681-b606-55be812809b8|rpc:10.1.0.13:15244|admin:10.1.0.13:15243|client:10.1.0.13:15242|dataStream:10.1.0.13:15245|priority:0|startupRole:FOLLOWER, 009ab419-7007-4517-9228-4425fd87ec20|rpc:10.1.0.13:15235|admin:10.1.0.13:15234|client:10.1.0.13:15233|dataStream:10.1.0.13:15236|priority:0|startupRole:FOLLOWER, 9cad0a2d-2056-47c2-83a8-166be64b57fa|rpc:10.1.0.13:15226|admin:10.1.0.13:15225|client:10.1.0.13:15224|dataStream:10.1.0.13:15227|priority:1|startupRole:FOLLOWER]|listeners:[], old=null
2023-07-05 13:44:45,282 [009ab419-7007-4517-9228-4425fd87ec20-server-thread1] INFO  segmented.SegmentedRaftLogWorker (SegmentedRaftLogWorker.java:startLogSegment(447)) - 009ab419-7007-4517-9228-4425fd87ec20@group-B927724E89F9-SegmentedRaftLogWorker: Starting segment from index:0
2023-07-05 13:44:45,282 [39a48944-77e7-4681-b606-55be812809b8@group-B927724E89F9-SegmentedRaftLogWorker] INFO  segmented.SegmentedRaftLogWorker (SegmentedRaftLogWorker.java:execute(651)) - 39a48944-77e7-4681-b606-55be812809b8@group-B927724E89F9-SegmentedRaftLogWorker: created new log segment /home/runner/work/ozone/ozone/hadoop-ozone/integration-test/target/test-dir/MiniOzoneClusterImpl-5a349b9d-530c-474e-9da9-45562981beee/datanode-2/data/ratis/1f5d9adf-97c4-49d3-8b94-b927724e89f9/current/log_inprogress_0
2023-07-05 13:44:45,287 [009ab419-7007-4517-9228-4425fd87ec20@group-B927724E89F9-SegmentedRaftLogWorker] INFO  segmented.SegmentedRaftLogWorker (SegmentedRaftLogWorker.java:execute(651)) - 009ab419-7007-4517-9228-4425fd87ec20@group-B927724E89F9-SegmentedRaftLogWorker: created new log segment /home/runner/work/ozone/ozone/hadoop-ozone/integration-test/target/test-dir/MiniOzoneClusterImpl-5a349b9d-530c-474e-9da9-45562981beee/datanode-1/data/ratis/1f5d9adf-97c4-49d3-8b94-b927724e89f9/current/log_inprogress_0
2023-07-05 13:44:45,314 [Time-limited test] INFO  ozone.MiniOzoneClusterImpl (MiniOzoneClusterImpl.java:lambda$waitForClusterToBeReady$0(224)) - Nodes are ready. Got 5 of 5 DN Heartbeats.
2023-07-05 13:44:45,314 [Time-limited test] INFO  ozone.MiniOzoneClusterImpl (MiniOzoneClusterImpl.java:lambda$waitForClusterToBeReady$0(227)) - Cluster exits safe mode
2023-07-05 13:44:45,314 [Time-limited test] INFO  ozone.MiniOzoneClusterImpl (MiniOzoneClusterImpl.java:lambda$waitForClusterToBeReady$0(229)) - SCM became leader
2023-07-05 13:44:45,318 [9cad0a2d-2056-47c2-83a8-166be64b57fa@group-AA887EA87D65-FollowerState] INFO  impl.FollowerState (FollowerState.java:run(143)) - 9cad0a2d-2056-47c2-83a8-166be64b57fa@group-AA887EA87D65-FollowerState: change to CANDIDATE, lastRpcElapsedTime:5215702478ns, electionTimeout:5199ms
2023-07-05 13:44:45,318 [9cad0a2d-2056-47c2-83a8-166be64b57fa@group-AA887EA87D65-FollowerState] INFO  impl.RoleInfo (RoleInfo.java:shutdownFollowerState(110)) - 9cad0a2d-2056-47c2-83a8-166be64b57fa: shutdown 9cad0a2d-2056-47c2-83a8-166be64b57fa@group-AA887EA87D65-FollowerState
2023-07-05 13:44:45,323 [9cad0a2d-2056-47c2-83a8-166be64b57fa@group-AA887EA87D65-FollowerState] INFO  server.RaftServer$Division (RaftServerImpl.java:setRole(329)) - 9cad0a2d-2056-47c2-83a8-166be64b57fa@group-AA887EA87D65: changes role from  FOLLOWER to CANDIDATE at term 0 for changeToCandidate
2023-07-05 13:44:45,323 [9cad0a2d-2056-47c2-83a8-166be64b57fa@group-AA887EA87D65-FollowerState] INFO  server.RaftServerConfigKeys (ConfUtils.java:logGet(46)) - raft.server.leaderelection.pre-vote = true (default)
2023-07-05 13:44:45,323 [9cad0a2d-2056-47c2-83a8-166be64b57fa@group-AA887EA87D65-FollowerState] INFO  impl.RoleInfo (RoleInfo.java:updateAndGet(139)) - 9cad0a2d-2056-47c2-83a8-166be64b57fa: start 9cad0a2d-2056-47c2-83a8-166be64b57fa@group-AA887EA87D65-LeaderElection46
2023-07-05 13:44:45,333 [9cad0a2d-2056-47c2-83a8-166be64b57fa@group-AA887EA87D65-LeaderElection46] INFO  impl.LeaderElection (LeaderElection.java:askForVotes(321)) - 9cad0a2d-2056-47c2-83a8-166be64b57fa@group-AA887EA87D65-LeaderElection46 PRE_VOTE round 0: submit vote requests at term 0 for -1: peers:[9cad0a2d-2056-47c2-83a8-166be64b57fa|rpc:10.1.0.13:15226|admin:10.1.0.13:15225|client:10.1.0.13:15224|dataStream:10.1.0.13:15227|priority:1|startupRole:FOLLOWER]|listeners:[], old=null
2023-07-05 13:44:45,333 [9cad0a2d-2056-47c2-83a8-166be64b57fa@group-AA887EA87D65-LeaderElection46] INFO  impl.LeaderElection (LeaderElection.java:askForVotes(323)) - 9cad0a2d-2056-47c2-83a8-166be64b57fa@group-AA887EA87D65-LeaderElection46 PRE_VOTE round 0: result PASSED (term=0)
2023-07-05 13:44:45,335 [9cad0a2d-2056-47c2-83a8-166be64b57fa@group-AA887EA87D65-LeaderElection46] INFO  impl.LeaderElection (LeaderElection.java:askForVotes(321)) - 9cad0a2d-2056-47c2-83a8-166be64b57fa@group-AA887EA87D65-LeaderElection46 ELECTION round 0: submit vote requests at term 1 for -1: peers:[9cad0a2d-2056-47c2-83a8-166be64b57fa|rpc:10.1.0.13:15226|admin:10.1.0.13:15225|client:10.1.0.13:15224|dataStream:10.1.0.13:15227|priority:1|startupRole:FOLLOWER]|listeners:[], old=null
2023-07-05 13:44:45,335 [9cad0a2d-2056-47c2-83a8-166be64b57fa@group-AA887EA87D65-LeaderElection46] INFO  impl.LeaderElection (LeaderElection.java:askForVotes(323)) - 9cad0a2d-2056-47c2-83a8-166be64b57fa@group-AA887EA87D65-LeaderElection46 ELECTION round 0: result PASSED (term=1)
2023-07-05 13:44:45,335 [9cad0a2d-2056-47c2-83a8-166be64b57fa@group-AA887EA87D65-LeaderElection46] INFO  impl.RoleInfo (RoleInfo.java:shutdownLeaderElection(130)) - 9cad0a2d-2056-47c2-83a8-166be64b57fa: shutdown 9cad0a2d-2056-47c2-83a8-166be64b57fa@group-AA887EA87D65-LeaderElection46
2023-07-05 13:44:45,335 [9cad0a2d-2056-47c2-83a8-166be64b57fa@group-AA887EA87D65-LeaderElection46] INFO  server.RaftServer$Division (RaftServerImpl.java:setRole(329)) - 9cad0a2d-2056-47c2-83a8-166be64b57fa@group-AA887EA87D65: changes role from CANDIDATE to LEADER at term 1 for changeToLeader
2023-07-05 13:44:45,335 [9cad0a2d-2056-47c2-83a8-166be64b57fa@group-AA887EA87D65-LeaderElection46] INFO  ratis.XceiverServerRatis (XceiverServerRatis.java:handleLeaderChangedNotification(902)) - Leader change notification received for group: group-AA887EA87D65 with new leaderId: 9cad0a2d-2056-47c2-83a8-166be64b57fa
2023-07-05 13:44:45,336 [9cad0a2d-2056-47c2-83a8-166be64b57fa@group-AA887EA87D65-LeaderElection46] INFO  server.RaftServer$Division (ServerState.java:setLeader(317)) - 9cad0a2d-2056-47c2-83a8-166be64b57fa@group-AA887EA87D65: change Leader from null to 9cad0a2d-2056-47c2-83a8-166be64b57fa at term 1 for becomeLeader, leader elected after 5309ms
2023-07-05 13:44:45,336 [9cad0a2d-2056-47c2-83a8-166be64b57fa@group-AA887EA87D65-LeaderElection46] INFO  server.RaftServerConfigKeys (ConfUtils.java:logGet(46)) - raft.server.staging.catchup.gap = 1000 (default)
2023-07-05 13:44:45,336 [9cad0a2d-2056-47c2-83a8-166be64b57fa@group-AA887EA87D65-LeaderElection46] INFO  server.RaftServerConfigKeys (ConfUtils.java:logGet(46)) - raft.server.write.element-limit = 1024 (custom)
2023-07-05 13:44:45,336 [9cad0a2d-2056-47c2-83a8-166be64b57fa@group-AA887EA87D65-LeaderElection46] INFO  server.RaftServerConfigKeys (ConfUtils.java:logGet(46)) - raft.server.write.byte-limit = 1024 M (=1073741824) (custom)
2023-07-05 13:44:45,336 [9cad0a2d-2056-47c2-83a8-166be64b57fa@group-AA887EA87D65-LeaderElection46] INFO  server.RaftServerConfigKeys (ConfUtils.java:logGet(46)) - raft.server.watch.timeout = 180s (custom)
2023-07-05 13:44:45,336 [9cad0a2d-2056-47c2-83a8-166be64b57fa@group-AA887EA87D65-LeaderElection46] INFO  server.RaftServerConfigKeys (ConfUtils.java:logGet(46)) - raft.server.watch.timeout.denomination = 1s (default)
2023-07-05 13:44:45,336 [9cad0a2d-2056-47c2-83a8-166be64b57fa@group-AA887EA87D65-LeaderElection46] INFO  server.RaftServerConfigKeys (ConfUtils.java:logGet(46)) - raft.server.watch.element-limit = 65536 (default)
2023-07-05 13:44:45,336 [Time-limited test] INFO  rpc.RpcClient (RpcClient.java:createVolume(460)) - Creating Volume: vol1, with runner as owner and space quota set to -1 bytes, counts quota set to -1
2023-07-05 13:44:45,338 [9cad0a2d-2056-47c2-83a8-166be64b57fa@group-AA887EA87D65-LeaderElection46] INFO  server.RaftServerConfigKeys (ConfUtils.java:logGet(46)) - raft.server.write.element-limit = 1024 (custom)
2023-07-05 13:44:45,338 [9cad0a2d-2056-47c2-83a8-166be64b57fa@group-AA887EA87D65-LeaderElection46] INFO  server.RaftServerConfigKeys (ConfUtils.java:logGet(46)) - raft.server.write.follower.gap.ratio.max = -1.0 (default)
2023-07-05 13:44:45,338 [9cad0a2d-2056-47c2-83a8-166be64b57fa@group-AA887EA87D65-LeaderElection46] INFO  impl.RoleInfo (RoleInfo.java:updateAndGet(139)) - 9cad0a2d-2056-47c2-83a8-166be64b57fa: start 9cad0a2d-2056-47c2-83a8-166be64b57fa@group-AA887EA87D65-LeaderStateImpl
2023-07-05 13:44:45,339 [9cad0a2d-2056-47c2-83a8-166be64b57fa@group-AA887EA87D65-LeaderElection46] INFO  segmented.SegmentedRaftLogWorker (SegmentedRaftLogWorker.java:startLogSegment(447)) - 9cad0a2d-2056-47c2-83a8-166be64b57fa@group-AA887EA87D65-SegmentedRaftLogWorker: Starting segment from index:0
2023-07-05 13:44:45,341 [9cad0a2d-2056-47c2-83a8-166be64b57fa@group-AA887EA87D65-LeaderElection46] INFO  server.RaftServer$Division (ServerState.java:setRaftConf(434)) - 9cad0a2d-2056-47c2-83a8-166be64b57fa@group-AA887EA87D65: set configuration 0: peers:[9cad0a2d-2056-47c2-83a8-166be64b57fa|rpc:10.1.0.13:15226|admin:10.1.0.13:15225|client:10.1.0.13:15224|dataStream:10.1.0.13:15227|priority:1|startupRole:FOLLOWER]|listeners:[], old=null
2023-07-05 13:44:45,343 [9cad0a2d-2056-47c2-83a8-166be64b57fa@group-AA887EA87D65-SegmentedRaftLogWorker] INFO  segmented.SegmentedRaftLogWorker (SegmentedRaftLogWorker.java:execute(651)) - 9cad0a2d-2056-47c2-83a8-166be64b57fa@group-AA887EA87D65-SegmentedRaftLogWorker: created new log segment /home/runner/work/ozone/ozone/hadoop-ozone/integration-test/target/test-dir/MiniOzoneClusterImpl-5a349b9d-530c-474e-9da9-45562981beee/datanode-0/data/ratis/4d06d01c-83e6-41c1-b47b-aa887ea87d65/current/log_inprogress_0
2023-07-05 13:44:45,354 [OM StateMachine ApplyTransaction Thread - 0] INFO  volume.OMVolumeCreateRequest (OMVolumeCreateRequest.java:validateAndUpdateCache(196)) - created volume:vol1 for user:runner
2023-07-05 13:44:45,360 [39a48944-77e7-4681-b606-55be812809b8@group-419B63F73666-FollowerState] INFO  impl.FollowerState (FollowerState.java:run(143)) - 39a48944-77e7-4681-b606-55be812809b8@group-419B63F73666-FollowerState: change to CANDIDATE, lastRpcElapsedTime:5078795795ns, electionTimeout:5077ms
2023-07-05 13:44:45,360 [39a48944-77e7-4681-b606-55be812809b8@group-419B63F73666-FollowerState] INFO  impl.RoleInfo (RoleInfo.java:shutdownFollowerState(110)) - 39a48944-77e7-4681-b606-55be812809b8: shutdown 39a48944-77e7-4681-b606-55be812809b8@group-419B63F73666-FollowerState
2023-07-05 13:44:45,360 [39a48944-77e7-4681-b606-55be812809b8@group-419B63F73666-FollowerState] INFO  server.RaftServer$Division (RaftServerImpl.java:setRole(329)) - 39a48944-77e7-4681-b606-55be812809b8@group-419B63F73666: changes role from  FOLLOWER to CANDIDATE at term 0 for changeToCandidate
2023-07-05 13:44:45,360 [39a48944-77e7-4681-b606-55be812809b8@group-419B63F73666-FollowerState] INFO  server.RaftServerConfigKeys (ConfUtils.java:logGet(46)) - raft.server.leaderelection.pre-vote = true (default)
2023-07-05 13:44:45,360 [39a48944-77e7-4681-b606-55be812809b8@group-419B63F73666-FollowerState] INFO  impl.RoleInfo (RoleInfo.java:updateAndGet(139)) - 39a48944-77e7-4681-b606-55be812809b8: start 39a48944-77e7-4681-b606-55be812809b8@group-419B63F73666-LeaderElection47
2023-07-05 13:44:45,363 [Time-limited test] INFO  rpc.RpcClient (RpcClient.java:createBucket(687)) - Creating Bucket: vol1/bucket1, with server-side default bucket layout, runner as owner, Versioning false, Storage Type set to DISK and Encryption set to false, Replication Type set to server-side default replication type, Namespace Quota set to -1, Space Quota set to -1 
2023-07-05 13:44:45,366 [39a48944-77e7-4681-b606-55be812809b8@group-419B63F73666-LeaderElection47] INFO  impl.LeaderElection (LeaderElection.java:askForVotes(321)) - 39a48944-77e7-4681-b606-55be812809b8@group-419B63F73666-LeaderElection47 PRE_VOTE round 0: submit vote requests at term 0 for -1: peers:[39a48944-77e7-4681-b606-55be812809b8|rpc:10.1.0.13:15244|admin:10.1.0.13:15243|client:10.1.0.13:15242|dataStream:10.1.0.13:15245|priority:0|startupRole:FOLLOWER, 009ab419-7007-4517-9228-4425fd87ec20|rpc:10.1.0.13:15235|admin:10.1.0.13:15234|client:10.1.0.13:15233|dataStream:10.1.0.13:15236|priority:1|startupRole:FOLLOWER, 9cad0a2d-2056-47c2-83a8-166be64b57fa|rpc:10.1.0.13:15226|admin:10.1.0.13:15225|client:10.1.0.13:15224|dataStream:10.1.0.13:15227|priority:0|startupRole:FOLLOWER]|listeners:[], old=null
2023-07-05 13:44:45,366 [39a48944-77e7-4681-b606-55be812809b8@group-419B63F73666-LeaderElection47-1] INFO  server.GrpcServerProtocolClient (GrpcServerProtocolClient.java:<init>(65)) - Build channel for 009ab419-7007-4517-9228-4425fd87ec20
2023-07-05 13:44:45,373 [39a48944-77e7-4681-b606-55be812809b8@group-419B63F73666-LeaderElection47] INFO  server.RaftServerConfigKeys (ConfUtils.java:logFallback(53)) - raft.server.rpc.first-election.timeout.min = 5s (fallback to raft.server.rpc.timeout.min)
2023-07-05 13:44:45,373 [39a48944-77e7-4681-b606-55be812809b8@group-419B63F73666-LeaderElection47] INFO  server.RaftServerConfigKeys (ConfUtils.java:logFallback(53)) - raft.server.rpc.first-election.timeout.max = 5200ms (fallback to raft.server.rpc.timeout.max)
2023-07-05 13:44:45,375 [grpc-default-executor-0] INFO  server.RaftServer$Division (RaftServerImpl.java:requestVote(1302)) - 009ab419-7007-4517-9228-4425fd87ec20@group-419B63F73666: receive requestVote(PRE_VOTE, 39a48944-77e7-4681-b606-55be812809b8, group-419B63F73666, 0, (t:0, i:0))
2023-07-05 13:44:45,375 [grpc-default-executor-0] INFO  impl.VoteContext (VoteContext.java:log(49)) - 009ab419-7007-4517-9228-4425fd87ec20@group-419B63F73666-FOLLOWER: reject PRE_VOTE from 39a48944-77e7-4681-b606-55be812809b8: our priority 1 > candidate's priority 0
2023-07-05 13:44:45,375 [grpc-default-executor-0] INFO  server.RaftServer$Division (RaftServerImpl.java:requestVote(1335)) - 009ab419-7007-4517-9228-4425fd87ec20@group-419B63F73666 replies to PRE_VOTE vote request: 39a48944-77e7-4681-b606-55be812809b8<-009ab419-7007-4517-9228-4425fd87ec20#0:FAIL-t0. Peer's state: 009ab419-7007-4517-9228-4425fd87ec20@group-419B63F73666:t0, leader=null, voted=, raftlog=Memoized:009ab419-7007-4517-9228-4425fd87ec20@group-419B63F73666-SegmentedRaftLog:OPENED:c-1, conf=-1: peers:[39a48944-77e7-4681-b606-55be812809b8|rpc:10.1.0.13:15244|admin:10.1.0.13:15243|client:10.1.0.13:15242|dataStream:10.1.0.13:15245|priority:0|startupRole:FOLLOWER, 009ab419-7007-4517-9228-4425fd87ec20|rpc:10.1.0.13:15235|admin:10.1.0.13:15234|client:10.1.0.13:15233|dataStream:10.1.0.13:15236|priority:1|startupRole:FOLLOWER, 9cad0a2d-2056-47c2-83a8-166be64b57fa|rpc:10.1.0.13:15226|admin:10.1.0.13:15225|client:10.1.0.13:15224|dataStream:10.1.0.13:15227|priority:0|startupRole:FOLLOWER]|listeners:[], old=null
2023-07-05 13:44:45,379 [39a48944-77e7-4681-b606-55be812809b8@group-419B63F73666-LeaderElection47] INFO  impl.LeaderElection (LeaderElection.java:logAndReturn(90)) - 39a48944-77e7-4681-b606-55be812809b8@group-419B63F73666-LeaderElection47: PRE_VOTE REJECTED received 1 response(s) and 0 exception(s):
2023-07-05 13:44:45,379 [39a48944-77e7-4681-b606-55be812809b8@group-419B63F73666-LeaderElection47] INFO  impl.LeaderElection (LeaderElection.java:logAndReturn(94)) -   Response 0: 39a48944-77e7-4681-b606-55be812809b8<-009ab419-7007-4517-9228-4425fd87ec20#0:FAIL-t0
2023-07-05 13:44:45,379 [39a48944-77e7-4681-b606-55be812809b8@group-419B63F73666-LeaderElection47] INFO  impl.LeaderElection (LeaderElection.java:askForVotes(323)) - 39a48944-77e7-4681-b606-55be812809b8@group-419B63F73666-LeaderElection47 PRE_VOTE round 0: result REJECTED
2023-07-05 13:44:45,379 [39a48944-77e7-4681-b606-55be812809b8@group-419B63F73666-LeaderElection47] INFO  server.RaftServer$Division (RaftServerImpl.java:setRole(329)) - 39a48944-77e7-4681-b606-55be812809b8@group-419B63F73666: changes role from CANDIDATE to FOLLOWER at term 0 for REJECTED
2023-07-05 13:44:45,379 [39a48944-77e7-4681-b606-55be812809b8@group-419B63F73666-LeaderElection47] INFO  impl.RoleInfo (RoleInfo.java:shutdownLeaderElection(130)) - 39a48944-77e7-4681-b606-55be812809b8: shutdown 39a48944-77e7-4681-b606-55be812809b8@group-419B63F73666-LeaderElection47
2023-07-05 13:44:45,379 [39a48944-77e7-4681-b606-55be812809b8@group-419B63F73666-LeaderElection47] INFO  impl.RoleInfo (RoleInfo.java:updateAndGet(139)) - 39a48944-77e7-4681-b606-55be812809b8: start 39a48944-77e7-4681-b606-55be812809b8@group-419B63F73666-FollowerState
2023-07-05 13:44:45,384 [39a48944-77e7-4681-b606-55be812809b8@group-419B63F73666-LeaderElection47-2] INFO  server.GrpcServerProtocolClient (GrpcServerProtocolClient.java:<init>(65)) - Build channel for 9cad0a2d-2056-47c2-83a8-166be64b57fa
2023-07-05 13:44:45,388 [OM StateMachine ApplyTransaction Thread - 0] INFO  bucket.OMBucketCreateRequest (OMBucketCreateRequest.java:validateAndUpdateCache(270)) - created bucket: bucket1 of layout FILE_SYSTEM_OPTIMIZED in volume: vol1
2023-07-05 13:44:45,392 [grpc-default-executor-0] INFO  server.RaftServer$Division (RaftServerImpl.java:requestVote(1302)) - 9cad0a2d-2056-47c2-83a8-166be64b57fa@group-419B63F73666: receive requestVote(PRE_VOTE, 39a48944-77e7-4681-b606-55be812809b8, group-419B63F73666, 0, (t:0, i:0))
2023-07-05 13:44:45,392 [grpc-default-executor-0] INFO  impl.VoteContext (VoteContext.java:log(49)) - 9cad0a2d-2056-47c2-83a8-166be64b57fa@group-419B63F73666-FOLLOWER: accept PRE_VOTE from 39a48944-77e7-4681-b606-55be812809b8: our priority 0 <= candidate's priority 0
2023-07-05 13:44:45,392 [grpc-default-executor-0] INFO  server.RaftServer$Division (RaftServerImpl.java:requestVote(1335)) - 9cad0a2d-2056-47c2-83a8-166be64b57fa@group-419B63F73666 replies to PRE_VOTE vote request: 39a48944-77e7-4681-b606-55be812809b8<-9cad0a2d-2056-47c2-83a8-166be64b57fa#0:OK-t0. Peer's state: 9cad0a2d-2056-47c2-83a8-166be64b57fa@group-419B63F73666:t0, leader=null, voted=, raftlog=Memoized:9cad0a2d-2056-47c2-83a8-166be64b57fa@group-419B63F73666-SegmentedRaftLog:OPENED:c-1, conf=-1: peers:[39a48944-77e7-4681-b606-55be812809b8|rpc:10.1.0.13:15244|admin:10.1.0.13:15243|client:10.1.0.13:15242|dataStream:10.1.0.13:15245|priority:0|startupRole:FOLLOWER, 009ab419-7007-4517-9228-4425fd87ec20|rpc:10.1.0.13:15235|admin:10.1.0.13:15234|client:10.1.0.13:15233|dataStream:10.1.0.13:15236|priority:1|startupRole:FOLLOWER, 9cad0a2d-2056-47c2-83a8-166be64b57fa|rpc:10.1.0.13:15226|admin:10.1.0.13:15225|client:10.1.0.13:15224|dataStream:10.1.0.13:15227|priority:0|startupRole:FOLLOWER]|listeners:[], old=null
2023-07-05 13:44:45,402 [9cad0a2d-2056-47c2-83a8-166be64b57fa@group-419B63F73666-FollowerState] INFO  server.RaftServerConfigKeys (ConfUtils.java:logFallback(53)) - raft.server.rpc.first-election.timeout.min = 5s (fallback to raft.server.rpc.timeout.min)
2023-07-05 13:44:45,402 [9cad0a2d-2056-47c2-83a8-166be64b57fa@group-419B63F73666-FollowerState] INFO  server.RaftServerConfigKeys (ConfUtils.java:logFallback(53)) - raft.server.rpc.first-election.timeout.max = 5200ms (fallback to raft.server.rpc.timeout.max)
2023-07-05 13:44:45,407 [IPC Server handler 10 on default port 15213] INFO  ha.SequenceIdGenerator (SequenceIdGenerator.java:getNextId(133)) - Allocate a batch for containerId, change lastId from 0 to 1000.
2023-07-05 13:44:45,408 [IPC Server handler 10 on default port 15213] WARN  ha.SequenceIdGenerator (SequenceIdGenerator.java:allocateBatch(242)) - Failed to allocate a batch for localId, expected lastId is 0, actual lastId is 111677748019200000.
2023-07-05 13:44:45,408 [IPC Server handler 10 on default port 15213] INFO  ha.SequenceIdGenerator (SequenceIdGenerator.java:getNextId(133)) - Allocate a batch for localId, change lastId from 111677748019200000 to 111677748019201000.
2023-07-05 13:44:45,505 [009ab419-7007-4517-9228-4425fd87ec20@group-419B63F73666-FollowerState] INFO  impl.FollowerState (FollowerState.java:run(143)) - 009ab419-7007-4517-9228-4425fd87ec20@group-419B63F73666-FollowerState: change to CANDIDATE, lastRpcElapsedTime:5188985653ns, electionTimeout:5186ms
2023-07-05 13:44:45,505 [009ab419-7007-4517-9228-4425fd87ec20@group-419B63F73666-FollowerState] INFO  impl.RoleInfo (RoleInfo.java:shutdownFollowerState(110)) - 009ab419-7007-4517-9228-4425fd87ec20: shutdown 009ab419-7007-4517-9228-4425fd87ec20@group-419B63F73666-FollowerState
2023-07-05 13:44:45,505 [009ab419-7007-4517-9228-4425fd87ec20@group-419B63F73666-FollowerState] INFO  server.RaftServer$Division (RaftServerImpl.java:setRole(329)) - 009ab419-7007-4517-9228-4425fd87ec20@group-419B63F73666: changes role from  FOLLOWER to CANDIDATE at term 0 for changeToCandidate
2023-07-05 13:44:45,505 [009ab419-7007-4517-9228-4425fd87ec20@group-419B63F73666-FollowerState] INFO  server.RaftServerConfigKeys (ConfUtils.java:logGet(46)) - raft.server.leaderelection.pre-vote = true (default)
2023-07-05 13:44:45,506 [009ab419-7007-4517-9228-4425fd87ec20@group-419B63F73666-FollowerState] INFO  impl.RoleInfo (RoleInfo.java:updateAndGet(139)) - 009ab419-7007-4517-9228-4425fd87ec20: start 009ab419-7007-4517-9228-4425fd87ec20@group-419B63F73666-LeaderElection48
2023-07-05 13:44:45,507 [009ab419-7007-4517-9228-4425fd87ec20@group-419B63F73666-LeaderElection48] INFO  impl.LeaderElection (LeaderElection.java:askForVotes(321)) - 009ab419-7007-4517-9228-4425fd87ec20@group-419B63F73666-LeaderElection48 PRE_VOTE round 0: submit vote requests at term 0 for -1: peers:[39a48944-77e7-4681-b606-55be812809b8|rpc:10.1.0.13:15244|admin:10.1.0.13:15243|client:10.1.0.13:15242|dataStream:10.1.0.13:15245|priority:0|startupRole:FOLLOWER, 009ab419-7007-4517-9228-4425fd87ec20|rpc:10.1.0.13:15235|admin:10.1.0.13:15234|client:10.1.0.13:15233|dataStream:10.1.0.13:15236|priority:1|startupRole:FOLLOWER, 9cad0a2d-2056-47c2-83a8-166be64b57fa|rpc:10.1.0.13:15226|admin:10.1.0.13:15225|client:10.1.0.13:15224|dataStream:10.1.0.13:15227|priority:0|startupRole:FOLLOWER]|listeners:[], old=null
2023-07-05 13:44:45,508 [009ab419-7007-4517-9228-4425fd87ec20@group-419B63F73666-LeaderElection48] INFO  server.RaftServerConfigKeys (ConfUtils.java:logFallback(53)) - raft.server.rpc.first-election.timeout.min = 5s (fallback to raft.server.rpc.timeout.min)
2023-07-05 13:44:45,508 [009ab419-7007-4517-9228-4425fd87ec20@group-419B63F73666-LeaderElection48] INFO  server.RaftServerConfigKeys (ConfUtils.java:logFallback(53)) - raft.server.rpc.first-election.timeout.max = 5200ms (fallback to raft.server.rpc.timeout.max)
2023-07-05 13:44:45,508 [EventQueue-CloseContainerForCloseContainerEventHandler] INFO  container.CloseContainerEventHandler (CloseContainerEventHandler.java:onMessage(88)) - Close container Event triggered for container : #1, current state: OPEN
2023-07-05 13:44:45,508 [009ab419-7007-4517-9228-4425fd87ec20@group-419B63F73666-LeaderElection48-2] INFO  server.GrpcServerProtocolClient (GrpcServerProtocolClient.java:<init>(65)) - Build channel for 9cad0a2d-2056-47c2-83a8-166be64b57fa
2023-07-05 13:44:45,509 [009ab419-7007-4517-9228-4425fd87ec20@group-419B63F73666-LeaderElection48-1] INFO  server.GrpcServerProtocolClient (GrpcServerProtocolClient.java:<init>(65)) - Build channel for 39a48944-77e7-4681-b606-55be812809b8
2023-07-05 13:44:45,509 [EventQueue-CloseContainerForCloseContainerEventHandler] INFO  container.CloseContainerEventHandler (CloseContainerEventHandler.java:onMessage(88)) - Close container Event triggered for container : #1, current state: CLOSING
2023-07-05 13:44:45,509 [EventQueue-CloseContainerForCloseContainerEventHandler] INFO  container.CloseContainerEventHandler (CloseContainerEventHandler.java:onMessage(88)) - Close container Event triggered for container : #1, current state: CLOSING
2023-07-05 13:44:45,517 [grpc-default-executor-1] INFO  server.RaftServer$Division (RaftServerImpl.java:requestVote(1302)) - 9cad0a2d-2056-47c2-83a8-166be64b57fa@group-419B63F73666: receive requestVote(PRE_VOTE, 009ab419-7007-4517-9228-4425fd87ec20, group-419B63F73666, 0, (t:0, i:0))
2023-07-05 13:44:45,517 [grpc-default-executor-1] INFO  impl.VoteContext (VoteContext.java:log(49)) - 9cad0a2d-2056-47c2-83a8-166be64b57fa@group-419B63F73666-FOLLOWER: accept PRE_VOTE from 009ab419-7007-4517-9228-4425fd87ec20: our priority 0 <= candidate's priority 1
2023-07-05 13:44:45,517 [grpc-default-executor-1] INFO  server.RaftServer$Division (RaftServerImpl.java:requestVote(1335)) - 9cad0a2d-2056-47c2-83a8-166be64b57fa@group-419B63F73666 replies to PRE_VOTE vote request: 009ab419-7007-4517-9228-4425fd87ec20<-9cad0a2d-2056-47c2-83a8-166be64b57fa#0:OK-t0. Peer's state: 9cad0a2d-2056-47c2-83a8-166be64b57fa@group-419B63F73666:t0, leader=null, voted=, raftlog=Memoized:9cad0a2d-2056-47c2-83a8-166be64b57fa@group-419B63F73666-SegmentedRaftLog:OPENED:c-1, conf=-1: peers:[39a48944-77e7-4681-b606-55be812809b8|rpc:10.1.0.13:15244|admin:10.1.0.13:15243|client:10.1.0.13:15242|dataStream:10.1.0.13:15245|priority:0|startupRole:FOLLOWER, 009ab419-7007-4517-9228-4425fd87ec20|rpc:10.1.0.13:15235|admin:10.1.0.13:15234|client:10.1.0.13:15233|dataStream:10.1.0.13:15236|priority:1|startupRole:FOLLOWER, 9cad0a2d-2056-47c2-83a8-166be64b57fa|rpc:10.1.0.13:15226|admin:10.1.0.13:15225|client:10.1.0.13:15224|dataStream:10.1.0.13:15227|priority:0|startupRole:FOLLOWER]|listeners:[], old=null
2023-07-05 13:44:45,521 [009ab419-7007-4517-9228-4425fd87ec20@group-419B63F73666-LeaderElection48] INFO  impl.LeaderElection (LeaderElection.java:logAndReturn(90)) - 009ab419-7007-4517-9228-4425fd87ec20@group-419B63F73666-LeaderElection48: PRE_VOTE PASSED received 1 response(s) and 0 exception(s):
2023-07-05 13:44:45,521 [009ab419-7007-4517-9228-4425fd87ec20@group-419B63F73666-LeaderElection48] INFO  impl.LeaderElection (LeaderElection.java:logAndReturn(94)) -   Response 0: 009ab419-7007-4517-9228-4425fd87ec20<-9cad0a2d-2056-47c2-83a8-166be64b57fa#0:OK-t0
2023-07-05 13:44:45,521 [grpc-default-executor-1] INFO  server.RaftServer$Division (RaftServerImpl.java:requestVote(1302)) - 39a48944-77e7-4681-b606-55be812809b8@group-419B63F73666: receive requestVote(PRE_VOTE, 009ab419-7007-4517-9228-4425fd87ec20, group-419B63F73666, 0, (t:0, i:0))
2023-07-05 13:44:45,521 [grpc-default-executor-1] INFO  impl.VoteContext (VoteContext.java:log(49)) - 39a48944-77e7-4681-b606-55be812809b8@group-419B63F73666-FOLLOWER: accept PRE_VOTE from 009ab419-7007-4517-9228-4425fd87ec20: our priority 0 <= candidate's priority 1
2023-07-05 13:44:45,521 [grpc-default-executor-1] INFO  server.RaftServer$Division (RaftServerImpl.java:requestVote(1335)) - 39a48944-77e7-4681-b606-55be812809b8@group-419B63F73666 replies to PRE_VOTE vote request: 009ab419-7007-4517-9228-4425fd87ec20<-39a48944-77e7-4681-b606-55be812809b8#0:OK-t0. Peer's state: 39a48944-77e7-4681-b606-55be812809b8@group-419B63F73666:t0, leader=null, voted=, raftlog=Memoized:39a48944-77e7-4681-b606-55be812809b8@group-419B63F73666-SegmentedRaftLog:OPENED:c-1, conf=-1: peers:[39a48944-77e7-4681-b606-55be812809b8|rpc:10.1.0.13:15244|admin:10.1.0.13:15243|client:10.1.0.13:15242|dataStream:10.1.0.13:15245|priority:0|startupRole:FOLLOWER, 009ab419-7007-4517-9228-4425fd87ec20|rpc:10.1.0.13:15235|admin:10.1.0.13:15234|client:10.1.0.13:15233|dataStream:10.1.0.13:15236|priority:1|startupRole:FOLLOWER, 9cad0a2d-2056-47c2-83a8-166be64b57fa|rpc:10.1.0.13:15226|admin:10.1.0.13:15225|client:10.1.0.13:15224|dataStream:10.1.0.13:15227|priority:0|startupRole:FOLLOWER]|listeners:[], old=null
2023-07-05 13:44:45,521 [009ab419-7007-4517-9228-4425fd87ec20@group-419B63F73666-LeaderElection48] INFO  impl.LeaderElection (LeaderElection.java:askForVotes(323)) - 009ab419-7007-4517-9228-4425fd87ec20@group-419B63F73666-LeaderElection48 PRE_VOTE round 0: result PASSED
2023-07-05 13:44:45,523 [009ab419-7007-4517-9228-4425fd87ec20@group-419B63F73666-LeaderElection48] INFO  impl.LeaderElection (LeaderElection.java:askForVotes(321)) - 009ab419-7007-4517-9228-4425fd87ec20@group-419B63F73666-LeaderElection48 ELECTION round 0: submit vote requests at term 1 for -1: peers:[39a48944-77e7-4681-b606-55be812809b8|rpc:10.1.0.13:15244|admin:10.1.0.13:15243|client:10.1.0.13:15242|dataStream:10.1.0.13:15245|priority:0|startupRole:FOLLOWER, 009ab419-7007-4517-9228-4425fd87ec20|rpc:10.1.0.13:15235|admin:10.1.0.13:15234|client:10.1.0.13:15233|dataStream:10.1.0.13:15236|priority:1|startupRole:FOLLOWER, 9cad0a2d-2056-47c2-83a8-166be64b57fa|rpc:10.1.0.13:15226|admin:10.1.0.13:15225|client:10.1.0.13:15224|dataStream:10.1.0.13:15227|priority:0|startupRole:FOLLOWER]|listeners:[], old=null
2023-07-05 13:44:45,524 [009ab419-7007-4517-9228-4425fd87ec20@group-419B63F73666-LeaderElection48] INFO  server.RaftServerConfigKeys (ConfUtils.java:logFallback(53)) - raft.server.rpc.first-election.timeout.min = 5s (fallback to raft.server.rpc.timeout.min)
2023-07-05 13:44:45,524 [009ab419-7007-4517-9228-4425fd87ec20@group-419B63F73666-LeaderElection48] INFO  server.RaftServerConfigKeys (ConfUtils.java:logFallback(53)) - raft.server.rpc.first-election.timeout.max = 5200ms (fallback to raft.server.rpc.timeout.max)
2023-07-05 13:44:45,527 [grpc-default-executor-1] INFO  server.RaftServer$Division (RaftServerImpl.java:requestVote(1302)) - 39a48944-77e7-4681-b606-55be812809b8@group-419B63F73666: receive requestVote(ELECTION, 009ab419-7007-4517-9228-4425fd87ec20, group-419B63F73666, 1, (t:0, i:0))
2023-07-05 13:44:45,527 [grpc-default-executor-1] INFO  impl.VoteContext (VoteContext.java:log(49)) - 39a48944-77e7-4681-b606-55be812809b8@group-419B63F73666-FOLLOWER: accept ELECTION from 009ab419-7007-4517-9228-4425fd87ec20: our priority 0 <= candidate's priority 1
2023-07-05 13:44:45,527 [grpc-default-executor-1] INFO  server.RaftServer$Division (RaftServerImpl.java:setRole(329)) - 39a48944-77e7-4681-b606-55be812809b8@group-419B63F73666: changes role from  FOLLOWER to FOLLOWER at term 1 for candidate:009ab419-7007-4517-9228-4425fd87ec20
2023-07-05 13:44:45,527 [grpc-default-executor-1] INFO  impl.RoleInfo (RoleInfo.java:shutdownFollowerState(110)) - 39a48944-77e7-4681-b606-55be812809b8: shutdown 39a48944-77e7-4681-b606-55be812809b8@group-419B63F73666-FollowerState
2023-07-05 13:44:45,527 [grpc-default-executor-1] INFO  impl.RoleInfo (RoleInfo.java:updateAndGet(139)) - 39a48944-77e7-4681-b606-55be812809b8: start 39a48944-77e7-4681-b606-55be812809b8@group-419B63F73666-FollowerState
2023-07-05 13:44:45,527 [39a48944-77e7-4681-b606-55be812809b8@group-419B63F73666-FollowerState] INFO  impl.FollowerState (FollowerState.java:run(152)) - 39a48944-77e7-4681-b606-55be812809b8@group-419B63F73666-FollowerState was interrupted
2023-07-05 13:44:45,530 [grpc-default-executor-1] INFO  server.RaftServer$Division (RaftServerImpl.java:requestVote(1335)) - 39a48944-77e7-4681-b606-55be812809b8@group-419B63F73666 replies to ELECTION vote request: 009ab419-7007-4517-9228-4425fd87ec20<-39a48944-77e7-4681-b606-55be812809b8#0:OK-t1. Peer's state: 39a48944-77e7-4681-b606-55be812809b8@group-419B63F73666:t1, leader=null, voted=009ab419-7007-4517-9228-4425fd87ec20, raftlog=Memoized:39a48944-77e7-4681-b606-55be812809b8@group-419B63F73666-SegmentedRaftLog:OPENED:c-1, conf=-1: peers:[39a48944-77e7-4681-b606-55be812809b8|rpc:10.1.0.13:15244|admin:10.1.0.13:15243|client:10.1.0.13:15242|dataStream:10.1.0.13:15245|priority:0|startupRole:FOLLOWER, 009ab419-7007-4517-9228-4425fd87ec20|rpc:10.1.0.13:15235|admin:10.1.0.13:15234|client:10.1.0.13:15233|dataStream:10.1.0.13:15236|priority:1|startupRole:FOLLOWER, 9cad0a2d-2056-47c2-83a8-166be64b57fa|rpc:10.1.0.13:15226|admin:10.1.0.13:15225|client:10.1.0.13:15224|dataStream:10.1.0.13:15227|priority:0|startupRole:FOLLOWER]|listeners:[], old=null
2023-07-05 13:44:45,531 [grpc-default-executor-1] INFO  server.RaftServer$Division (RaftServerImpl.java:requestVote(1302)) - 9cad0a2d-2056-47c2-83a8-166be64b57fa@group-419B63F73666: receive requestVote(ELECTION, 009ab419-7007-4517-9228-4425fd87ec20, group-419B63F73666, 1, (t:0, i:0))
2023-07-05 13:44:45,531 [grpc-default-executor-1] INFO  impl.VoteContext (VoteContext.java:log(49)) - 9cad0a2d-2056-47c2-83a8-166be64b57fa@group-419B63F73666-FOLLOWER: accept ELECTION from 009ab419-7007-4517-9228-4425fd87ec20: our priority 0 <= candidate's priority 1
2023-07-05 13:44:45,531 [grpc-default-executor-1] INFO  server.RaftServer$Division (RaftServerImpl.java:setRole(329)) - 9cad0a2d-2056-47c2-83a8-166be64b57fa@group-419B63F73666: changes role from  FOLLOWER to FOLLOWER at term 1 for candidate:009ab419-7007-4517-9228-4425fd87ec20
2023-07-05 13:44:45,531 [grpc-default-executor-1] INFO  impl.RoleInfo (RoleInfo.java:shutdownFollowerState(110)) - 9cad0a2d-2056-47c2-83a8-166be64b57fa: shutdown 9cad0a2d-2056-47c2-83a8-166be64b57fa@group-419B63F73666-FollowerState
2023-07-05 13:44:45,531 [grpc-default-executor-1] INFO  impl.RoleInfo (RoleInfo.java:updateAndGet(139)) - 9cad0a2d-2056-47c2-83a8-166be64b57fa: start 9cad0a2d-2056-47c2-83a8-166be64b57fa@group-419B63F73666-FollowerState
2023-07-05 13:44:45,531 [9cad0a2d-2056-47c2-83a8-166be64b57fa@group-419B63F73666-FollowerState] INFO  impl.FollowerState (FollowerState.java:run(152)) - 9cad0a2d-2056-47c2-83a8-166be64b57fa@group-419B63F73666-FollowerState was interrupted
2023-07-05 13:44:45,536 [009ab419-7007-4517-9228-4425fd87ec20@group-419B63F73666-LeaderElection48] INFO  impl.LeaderElection (LeaderElection.java:logAndReturn(90)) - 009ab419-7007-4517-9228-4425fd87ec20@group-419B63F73666-LeaderElection48: ELECTION PASSED received 1 response(s) and 0 exception(s):
2023-07-05 13:44:45,536 [009ab419-7007-4517-9228-4425fd87ec20@group-419B63F73666-LeaderElection48] INFO  impl.LeaderElection (LeaderElection.java:logAndReturn(94)) -   Response 0: 009ab419-7007-4517-9228-4425fd87ec20<-39a48944-77e7-4681-b606-55be812809b8#0:OK-t1
2023-07-05 13:44:45,537 [009ab419-7007-4517-9228-4425fd87ec20@group-419B63F73666-LeaderElection48] INFO  impl.LeaderElection (LeaderElection.java:askForVotes(323)) - 009ab419-7007-4517-9228-4425fd87ec20@group-419B63F73666-LeaderElection48 ELECTION round 0: result PASSED
2023-07-05 13:44:45,537 [009ab419-7007-4517-9228-4425fd87ec20@group-419B63F73666-LeaderElection48] INFO  impl.RoleInfo (RoleInfo.java:shutdownLeaderElection(130)) - 009ab419-7007-4517-9228-4425fd87ec20: shutdown 009ab419-7007-4517-9228-4425fd87ec20@group-419B63F73666-LeaderElection48
2023-07-05 13:44:45,537 [009ab419-7007-4517-9228-4425fd87ec20@group-419B63F73666-LeaderElection48] INFO  server.RaftServer$Division (RaftServerImpl.java:setRole(329)) - 009ab419-7007-4517-9228-4425fd87ec20@group-419B63F73666: changes role from CANDIDATE to LEADER at term 1 for changeToLeader
2023-07-05 13:44:45,537 [009ab419-7007-4517-9228-4425fd87ec20@group-419B63F73666-LeaderElection48] INFO  ratis.XceiverServerRatis (XceiverServerRatis.java:handleLeaderChangedNotification(902)) - Leader change notification received for group: group-419B63F73666 with new leaderId: 009ab419-7007-4517-9228-4425fd87ec20
2023-07-05 13:44:45,537 [009ab419-7007-4517-9228-4425fd87ec20@group-419B63F73666-LeaderElection48] INFO  server.RaftServer$Division (ServerState.java:setLeader(317)) - 009ab419-7007-4517-9228-4425fd87ec20@group-419B63F73666: change Leader from null to 009ab419-7007-4517-9228-4425fd87ec20 at term 1 for becomeLeader, leader elected after 5235ms
2023-07-05 13:44:45,537 [009ab419-7007-4517-9228-4425fd87ec20@group-419B63F73666-LeaderElection48] INFO  server.RaftServerConfigKeys (ConfUtils.java:logGet(46)) - raft.server.staging.catchup.gap = 1000 (default)
2023-07-05 13:44:45,537 [009ab419-7007-4517-9228-4425fd87ec20@group-419B63F73666-LeaderElection48] INFO  server.RaftServerConfigKeys (ConfUtils.java:logGet(46)) - raft.server.write.element-limit = 1024 (custom)
2023-07-05 13:44:45,537 [009ab419-7007-4517-9228-4425fd87ec20@group-419B63F73666-LeaderElection48] INFO  server.RaftServerConfigKeys (ConfUtils.java:logGet(46)) - raft.server.write.byte-limit = 1024 M (=1073741824) (custom)
2023-07-05 13:44:45,538 [009ab419-7007-4517-9228-4425fd87ec20@group-419B63F73666-LeaderElection48] INFO  server.RaftServerConfigKeys (ConfUtils.java:logGet(46)) - raft.server.watch.timeout = 180s (custom)
2023-07-05 13:44:45,538 [009ab419-7007-4517-9228-4425fd87ec20@group-419B63F73666-LeaderElection48] INFO  server.RaftServerConfigKeys (ConfUtils.java:logGet(46)) - raft.server.watch.timeout.denomination = 1s (default)
2023-07-05 13:44:45,538 [009ab419-7007-4517-9228-4425fd87ec20@group-419B63F73666-LeaderElection48] INFO  server.RaftServerConfigKeys (ConfUtils.java:logGet(46)) - raft.server.watch.element-limit = 65536 (default)
2023-07-05 13:44:45,538 [009ab419-7007-4517-9228-4425fd87ec20@group-419B63F73666-LeaderElection48] INFO  server.RaftServerConfigKeys (ConfUtils.java:logGet(46)) - raft.server.write.element-limit = 1024 (custom)
2023-07-05 13:44:45,538 [009ab419-7007-4517-9228-4425fd87ec20@group-419B63F73666-LeaderElection48] INFO  server.RaftServerConfigKeys (ConfUtils.java:logGet(46)) - raft.server.write.follower.gap.ratio.max = -1.0 (default)
2023-07-05 13:44:45,539 [EventQueue-PipelineReportForPipelineReportHandler] INFO  pipeline.PipelineReportHandler (PipelineReportHandler.java:processPipelineReport(136)) - Opened pipeline PipelineID=bb722c83-4313-4365-b6e0-419b63f73666
2023-07-05 13:44:45,540 [009ab419-7007-4517-9228-4425fd87ec20@group-419B63F73666-LeaderElection48] INFO  server.RaftServerConfigKeys (ConfUtils.java:logGet(46)) - raft.server.log.appender.snapshot.chunk.size.max = 16MB (=16777216) (default)
2023-07-05 13:44:45,540 [009ab419-7007-4517-9228-4425fd87ec20@group-419B63F73666-LeaderElection48] INFO  server.RaftServerConfigKeys (ConfUtils.java:logGet(46)) - raft.server.log.appender.buffer.byte-limit = 33554432 (custom)
2023-07-05 13:44:45,540 [009ab419-7007-4517-9228-4425fd87ec20@group-419B63F73666-LeaderElection48] INFO  server.RaftServerConfigKeys (ConfUtils.java:logGet(46)) - raft.server.log.appender.buffer.element-limit = 1 (custom)
2023-07-05 13:44:45,540 [009ab419-7007-4517-9228-4425fd87ec20@group-419B63F73666-LeaderElection48] INFO  server.RaftServerConfigKeys (ConfUtils.java:logGet(46)) - raft.server.log.appender.wait-time.min = 10ms (default)
2023-07-05 13:44:45,540 [009ab419-7007-4517-9228-4425fd87ec20@group-419B63F73666-LeaderElection48] INFO  grpc.GrpcConfigKeys (ConfUtils.java:logGet(46)) - raft.grpc.server.leader.outstanding.appends.max = 128 (default)
2023-07-05 13:44:45,540 [009ab419-7007-4517-9228-4425fd87ec20@group-419B63F73666-LeaderElection48] INFO  server.RaftServerConfigKeys (ConfUtils.java:logGet(46)) - raft.server.rpc.request.timeout = 60s (custom)
2023-07-05 13:44:45,540 [009ab419-7007-4517-9228-4425fd87ec20@group-419B63F73666-LeaderElection48] INFO  grpc.GrpcConfigKeys (ConfUtils.java:logGet(46)) - raft.grpc.server.install_snapshot.request.element-limit = 8 (default)
2023-07-05 13:44:45,540 [009ab419-7007-4517-9228-4425fd87ec20@group-419B63F73666-LeaderElection48] INFO  grpc.GrpcConfigKeys (ConfUtils.java:logGet(46)) - raft.grpc.server.install_snapshot.request.timeout = 3000ms (default)
2023-07-05 13:44:45,540 [009ab419-7007-4517-9228-4425fd87ec20@group-419B63F73666-LeaderElection48] INFO  server.RaftServerConfigKeys (ConfUtils.java:logGet(46)) - raft.server.log.appender.install.snapshot.enabled = false (custom)
2023-07-05 13:44:45,541 [009ab419-7007-4517-9228-4425fd87ec20@group-419B63F73666-LeaderElection48] INFO  grpc.GrpcConfigKeys (ConfUtils.java:logGet(46)) - raft.grpc.server.heartbeat.channel = true (default)
2023-07-05 13:44:45,541 [009ab419-7007-4517-9228-4425fd87ec20@group-419B63F73666-LeaderElection48] INFO  server.RaftServerConfigKeys (ConfUtils.java:logGet(46)) - raft.server.log.appender.snapshot.chunk.size.max = 16MB (=16777216) (default)
2023-07-05 13:44:45,541 [009ab419-7007-4517-9228-4425fd87ec20@group-419B63F73666-LeaderElection48] INFO  server.RaftServerConfigKeys (ConfUtils.java:logGet(46)) - raft.server.log.appender.buffer.byte-limit = 33554432 (custom)
2023-07-05 13:44:45,541 [009ab419-7007-4517-9228-4425fd87ec20@group-419B63F73666-LeaderElection48] INFO  server.RaftServerConfigKeys (ConfUtils.java:logGet(46)) - raft.server.log.appender.buffer.element-limit = 1 (custom)
2023-07-05 13:44:45,541 [009ab419-7007-4517-9228-4425fd87ec20@group-419B63F73666-LeaderElection48] INFO  server.RaftServerConfigKeys (ConfUtils.java:logGet(46)) - raft.server.log.appender.wait-time.min = 10ms (default)
2023-07-05 13:44:45,541 [009ab419-7007-4517-9228-4425fd87ec20@group-419B63F73666-LeaderElection48] INFO  grpc.GrpcConfigKeys (ConfUtils.java:logGet(46)) - raft.grpc.server.leader.outstanding.appends.max = 128 (default)
2023-07-05 13:44:45,541 [009ab419-7007-4517-9228-4425fd87ec20@group-419B63F73666-LeaderElection48] INFO  server.RaftServerConfigKeys (ConfUtils.java:logGet(46)) - raft.server.rpc.request.timeout = 60s (custom)
2023-07-05 13:44:45,541 [009ab419-7007-4517-9228-4425fd87ec20@group-419B63F73666-LeaderElection48] INFO  grpc.GrpcConfigKeys (ConfUtils.java:logGet(46)) - raft.grpc.server.install_snapshot.request.element-limit = 8 (default)
2023-07-05 13:44:45,541 [009ab419-7007-4517-9228-4425fd87ec20@group-419B63F73666-LeaderElection48] INFO  grpc.GrpcConfigKeys (ConfUtils.java:logGet(46)) - raft.grpc.server.install_snapshot.request.timeout = 3000ms (default)
2023-07-05 13:44:45,542 [grpc-default-executor-1] INFO  server.RaftServer$Division (RaftServerImpl.java:requestVote(1335)) - 9cad0a2d-2056-47c2-83a8-166be64b57fa@group-419B63F73666 replies to ELECTION vote request: 009ab419-7007-4517-9228-4425fd87ec20<-9cad0a2d-2056-47c2-83a8-166be64b57fa#0:OK-t1. Peer's state: 9cad0a2d-2056-47c2-83a8-166be64b57fa@group-419B63F73666:t1, leader=null, voted=009ab419-7007-4517-9228-4425fd87ec20, raftlog=Memoized:9cad0a2d-2056-47c2-83a8-166be64b57fa@group-419B63F73666-SegmentedRaftLog:OPENED:c-1, conf=-1: peers:[39a48944-77e7-4681-b606-55be812809b8|rpc:10.1.0.13:15244|admin:10.1.0.13:15243|client:10.1.0.13:15242|dataStream:10.1.0.13:15245|priority:0|startupRole:FOLLOWER, 009ab419-7007-4517-9228-4425fd87ec20|rpc:10.1.0.13:15235|admin:10.1.0.13:15234|client:10.1.0.13:15233|dataStream:10.1.0.13:15236|priority:1|startupRole:FOLLOWER, 9cad0a2d-2056-47c2-83a8-166be64b57fa|rpc:10.1.0.13:15226|admin:10.1.0.13:15225|client:10.1.0.13:15224|dataStream:10.1.0.13:15227|priority:0|startupRole:FOLLOWER]|listeners:[], old=null
2023-07-05 13:44:45,542 [009ab419-7007-4517-9228-4425fd87ec20@group-419B63F73666-LeaderElection48] INFO  server.RaftServerConfigKeys (ConfUtils.java:logGet(46)) - raft.server.log.appender.install.snapshot.enabled = false (custom)
2023-07-05 13:44:45,542 [009ab419-7007-4517-9228-4425fd87ec20@group-419B63F73666-LeaderElection48] INFO  grpc.GrpcConfigKeys (ConfUtils.java:logGet(46)) - raft.grpc.server.heartbeat.channel = true (default)
2023-07-05 13:44:45,542 [009ab419-7007-4517-9228-4425fd87ec20@group-419B63F73666-LeaderElection48] INFO  impl.RoleInfo (RoleInfo.java:updateAndGet(139)) - 009ab419-7007-4517-9228-4425fd87ec20: start 009ab419-7007-4517-9228-4425fd87ec20@group-419B63F73666-LeaderStateImpl
2023-07-05 13:44:45,542 [009ab419-7007-4517-9228-4425fd87ec20@group-419B63F73666-LeaderElection48] INFO  segmented.SegmentedRaftLogWorker (SegmentedRaftLogWorker.java:startLogSegment(447)) - 009ab419-7007-4517-9228-4425fd87ec20@group-419B63F73666-SegmentedRaftLogWorker: Starting segment from index:0
2023-07-05 13:44:45,544 [009ab419-7007-4517-9228-4425fd87ec20@group-419B63F73666-SegmentedRaftLogWorker] INFO  segmented.SegmentedRaftLogWorker (SegmentedRaftLogWorker.java:execute(651)) - 009ab419-7007-4517-9228-4425fd87ec20@group-419B63F73666-SegmentedRaftLogWorker: created new log segment /home/runner/work/ozone/ozone/hadoop-ozone/integration-test/target/test-dir/MiniOzoneClusterImpl-5a349b9d-530c-474e-9da9-45562981beee/datanode-1/data/ratis/bb722c83-4313-4365-b6e0-419b63f73666/current/log_inprogress_0
2023-07-05 13:44:45,553 [009ab419-7007-4517-9228-4425fd87ec20@group-419B63F73666-LeaderElection48] INFO  server.RaftServer$Division (ServerState.java:setRaftConf(434)) - 009ab419-7007-4517-9228-4425fd87ec20@group-419B63F73666: set configuration 0: peers:[39a48944-77e7-4681-b606-55be812809b8|rpc:10.1.0.13:15244|admin:10.1.0.13:15243|client:10.1.0.13:15242|dataStream:10.1.0.13:15245|priority:0|startupRole:FOLLOWER, 009ab419-7007-4517-9228-4425fd87ec20|rpc:10.1.0.13:15235|admin:10.1.0.13:15234|client:10.1.0.13:15233|dataStream:10.1.0.13:15236|priority:1|startupRole:FOLLOWER, 9cad0a2d-2056-47c2-83a8-166be64b57fa|rpc:10.1.0.13:15226|admin:10.1.0.13:15225|client:10.1.0.13:15224|dataStream:10.1.0.13:15227|priority:0|startupRole:FOLLOWER]|listeners:[], old=null
2023-07-05 13:44:45,559 [39a48944-77e7-4681-b606-55be812809b8-server-thread1] INFO  ratis.XceiverServerRatis (XceiverServerRatis.java:handleLeaderChangedNotification(902)) - Leader change notification received for group: group-419B63F73666 with new leaderId: 009ab419-7007-4517-9228-4425fd87ec20
2023-07-05 13:44:45,559 [39a48944-77e7-4681-b606-55be812809b8-server-thread1] INFO  server.RaftServer$Division (ServerState.java:setLeader(317)) - 39a48944-77e7-4681-b606-55be812809b8@group-419B63F73666: change Leader from null to 009ab419-7007-4517-9228-4425fd87ec20 at term 1 for appendEntries, leader elected after 5301ms
2023-07-05 13:44:45,563 [9cad0a2d-2056-47c2-83a8-166be64b57fa-server-thread1] INFO  ratis.XceiverServerRatis (XceiverServerRatis.java:handleLeaderChangedNotification(902)) - Leader change notification received for group: group-419B63F73666 with new leaderId: 009ab419-7007-4517-9228-4425fd87ec20
2023-07-05 13:44:45,563 [9cad0a2d-2056-47c2-83a8-166be64b57fa-server-thread1] INFO  server.RaftServer$Division (ServerState.java:setLeader(317)) - 9cad0a2d-2056-47c2-83a8-166be64b57fa@group-419B63F73666: change Leader from null to 009ab419-7007-4517-9228-4425fd87ec20 at term 1 for appendEntries, leader elected after 5333ms
2023-07-05 13:44:45,570 [9cad0a2d-2056-47c2-83a8-166be64b57fa-server-thread1] INFO  server.RaftServer$Division (ServerState.java:setRaftConf(434)) - 9cad0a2d-2056-47c2-83a8-166be64b57fa@group-419B63F73666: set configuration 0: peers:[39a48944-77e7-4681-b606-55be812809b8|rpc:10.1.0.13:15244|admin:10.1.0.13:15243|client:10.1.0.13:15242|dataStream:10.1.0.13:15245|priority:0|startupRole:FOLLOWER, 009ab419-7007-4517-9228-4425fd87ec20|rpc:10.1.0.13:15235|admin:10.1.0.13:15234|client:10.1.0.13:15233|dataStream:10.1.0.13:15236|priority:1|startupRole:FOLLOWER, 9cad0a2d-2056-47c2-83a8-166be64b57fa|rpc:10.1.0.13:15226|admin:10.1.0.13:15225|client:10.1.0.13:15224|dataStream:10.1.0.13:15227|priority:0|startupRole:FOLLOWER]|listeners:[], old=null
2023-07-05 13:44:45,571 [9cad0a2d-2056-47c2-83a8-166be64b57fa-server-thread1] INFO  segmented.SegmentedRaftLogWorker (SegmentedRaftLogWorker.java:startLogSegment(447)) - 9cad0a2d-2056-47c2-83a8-166be64b57fa@group-419B63F73666-SegmentedRaftLogWorker: Starting segment from index:0
2023-07-05 13:44:45,572 [9cad0a2d-2056-47c2-83a8-166be64b57fa@group-419B63F73666-SegmentedRaftLogWorker] INFO  segmented.SegmentedRaftLogWorker (SegmentedRaftLogWorker.java:execute(651)) - 9cad0a2d-2056-47c2-83a8-166be64b57fa@group-419B63F73666-SegmentedRaftLogWorker: created new log segment /home/runner/work/ozone/ozone/hadoop-ozone/integration-test/target/test-dir/MiniOzoneClusterImpl-5a349b9d-530c-474e-9da9-45562981beee/datanode-0/data/ratis/bb722c83-4313-4365-b6e0-419b63f73666/current/log_inprogress_0
2023-07-05 13:44:45,575 [009ab419-7007-4517-9228-4425fd87ec20@group-E645A076D475-FollowerState] INFO  impl.FollowerState (FollowerState.java:run(143)) - 009ab419-7007-4517-9228-4425fd87ec20@group-E645A076D475-FollowerState: change to CANDIDATE, lastRpcElapsedTime:5199023414ns, electionTimeout:5197ms
2023-07-05 13:44:45,576 [009ab419-7007-4517-9228-4425fd87ec20@group-E645A076D475-FollowerState] INFO  impl.RoleInfo (RoleInfo.java:shutdownFollowerState(110)) - 009ab419-7007-4517-9228-4425fd87ec20: shutdown 009ab419-7007-4517-9228-4425fd87ec20@group-E645A076D475-FollowerState
2023-07-05 13:44:45,576 [009ab419-7007-4517-9228-4425fd87ec20@group-E645A076D475-FollowerState] INFO  server.RaftServer$Division (RaftServerImpl.java:setRole(329)) - 009ab419-7007-4517-9228-4425fd87ec20@group-E645A076D475: changes role from  FOLLOWER to CANDIDATE at term 0 for changeToCandidate
2023-07-05 13:44:45,576 [009ab419-7007-4517-9228-4425fd87ec20@group-E645A076D475-FollowerState] INFO  server.RaftServerConfigKeys (ConfUtils.java:logGet(46)) - raft.server.leaderelection.pre-vote = true (default)
2023-07-05 13:44:45,576 [009ab419-7007-4517-9228-4425fd87ec20@group-E645A076D475-FollowerState] INFO  impl.RoleInfo (RoleInfo.java:updateAndGet(139)) - 009ab419-7007-4517-9228-4425fd87ec20: start 009ab419-7007-4517-9228-4425fd87ec20@group-E645A076D475-LeaderElection49
2023-07-05 13:44:45,578 [39a48944-77e7-4681-b606-55be812809b8-server-thread3] INFO  server.RaftServer$Division (ServerState.java:setRaftConf(434)) - 39a48944-77e7-4681-b606-55be812809b8@group-419B63F73666: set configuration 0: peers:[39a48944-77e7-4681-b606-55be812809b8|rpc:10.1.0.13:15244|admin:10.1.0.13:15243|client:10.1.0.13:15242|dataStream:10.1.0.13:15245|priority:0|startupRole:FOLLOWER, 009ab419-7007-4517-9228-4425fd87ec20|rpc:10.1.0.13:15235|admin:10.1.0.13:15234|client:10.1.0.13:15233|dataStream:10.1.0.13:15236|priority:1|startupRole:FOLLOWER, 9cad0a2d-2056-47c2-83a8-166be64b57fa|rpc:10.1.0.13:15226|admin:10.1.0.13:15225|client:10.1.0.13:15224|dataStream:10.1.0.13:15227|priority:0|startupRole:FOLLOWER]|listeners:[], old=null
2023-07-05 13:44:45,578 [39a48944-77e7-4681-b606-55be812809b8-server-thread3] INFO  segmented.SegmentedRaftLogWorker (SegmentedRaftLogWorker.java:startLogSegment(447)) - 39a48944-77e7-4681-b606-55be812809b8@group-419B63F73666-SegmentedRaftLogWorker: Starting segment from index:0
2023-07-05 13:44:45,583 [39a48944-77e7-4681-b606-55be812809b8@group-419B63F73666-SegmentedRaftLogWorker] INFO  segmented.SegmentedRaftLogWorker (SegmentedRaftLogWorker.java:execute(651)) - 39a48944-77e7-4681-b606-55be812809b8@group-419B63F73666-SegmentedRaftLogWorker: created new log segment /home/runner/work/ozone/ozone/hadoop-ozone/integration-test/target/test-dir/MiniOzoneClusterImpl-5a349b9d-530c-474e-9da9-45562981beee/datanode-2/data/ratis/bb722c83-4313-4365-b6e0-419b63f73666/current/log_inprogress_0
2023-07-05 13:44:45,586 [009ab419-7007-4517-9228-4425fd87ec20@group-E645A076D475-LeaderElection49] INFO  impl.LeaderElection (LeaderElection.java:askForVotes(321)) - 009ab419-7007-4517-9228-4425fd87ec20@group-E645A076D475-LeaderElection49 PRE_VOTE round 0: submit vote requests at term 0 for -1: peers:[009ab419-7007-4517-9228-4425fd87ec20|rpc:10.1.0.13:15235|admin:10.1.0.13:15234|client:10.1.0.13:15233|dataStream:10.1.0.13:15236|priority:1|startupRole:FOLLOWER]|listeners:[], old=null
2023-07-05 13:44:45,586 [009ab419-7007-4517-9228-4425fd87ec20@group-E645A076D475-LeaderElection49] INFO  impl.LeaderElection (LeaderElection.java:askForVotes(323)) - 009ab419-7007-4517-9228-4425fd87ec20@group-E645A076D475-LeaderElection49 PRE_VOTE round 0: result PASSED (term=0)
2023-07-05 13:44:45,587 [009ab419-7007-4517-9228-4425fd87ec20@group-E645A076D475-LeaderElection49] INFO  impl.LeaderElection (LeaderElection.java:askForVotes(321)) - 009ab419-7007-4517-9228-4425fd87ec20@group-E645A076D475-LeaderElection49 ELECTION round 0: submit vote requests at term 1 for -1: peers:[009ab419-7007-4517-9228-4425fd87ec20|rpc:10.1.0.13:15235|admin:10.1.0.13:15234|client:10.1.0.13:15233|dataStream:10.1.0.13:15236|priority:1|startupRole:FOLLOWER]|listeners:[], old=null
2023-07-05 13:44:45,587 [009ab419-7007-4517-9228-4425fd87ec20@group-E645A076D475-LeaderElection49] INFO  impl.LeaderElection (LeaderElection.java:askForVotes(323)) - 009ab419-7007-4517-9228-4425fd87ec20@group-E645A076D475-LeaderElection49 ELECTION round 0: result PASSED (term=1)
2023-07-05 13:44:45,587 [009ab419-7007-4517-9228-4425fd87ec20@group-E645A076D475-LeaderElection49] INFO  impl.RoleInfo (RoleInfo.java:shutdownLeaderElection(130)) - 009ab419-7007-4517-9228-4425fd87ec20: shutdown 009ab419-7007-4517-9228-4425fd87ec20@group-E645A076D475-LeaderElection49
2023-07-05 13:44:45,588 [009ab419-7007-4517-9228-4425fd87ec20@group-E645A076D475-LeaderElection49] INFO  server.RaftServer$Division (RaftServerImpl.java:setRole(329)) - 009ab419-7007-4517-9228-4425fd87ec20@group-E645A076D475: changes role from CANDIDATE to LEADER at term 1 for changeToLeader
2023-07-05 13:44:45,588 [009ab419-7007-4517-9228-4425fd87ec20@group-E645A076D475-LeaderElection49] INFO  ratis.XceiverServerRatis (XceiverServerRatis.java:handleLeaderChangedNotification(902)) - Leader change notification received for group: group-E645A076D475 with new leaderId: 009ab419-7007-4517-9228-4425fd87ec20
2023-07-05 13:44:45,588 [009ab419-7007-4517-9228-4425fd87ec20@group-E645A076D475-LeaderElection49] INFO  server.RaftServer$Division (ServerState.java:setLeader(317)) - 009ab419-7007-4517-9228-4425fd87ec20@group-E645A076D475: change Leader from null to 009ab419-7007-4517-9228-4425fd87ec20 at term 1 for becomeLeader, leader elected after 5226ms
2023-07-05 13:44:45,589 [009ab419-7007-4517-9228-4425fd87ec20@group-E645A076D475-LeaderElection49] INFO  server.RaftServerConfigKeys (ConfUtils.java:logGet(46)) - raft.server.staging.catchup.gap = 1000 (default)
2023-07-05 13:44:45,589 [009ab419-7007-4517-9228-4425fd87ec20@group-E645A076D475-LeaderElection49] INFO  server.RaftServerConfigKeys (ConfUtils.java:logGet(46)) - raft.server.write.element-limit = 1024 (custom)
2023-07-05 13:44:45,589 [009ab419-7007-4517-9228-4425fd87ec20@group-E645A076D475-LeaderElection49] INFO  server.RaftServerConfigKeys (ConfUtils.java:logGet(46)) - raft.server.write.byte-limit = 1024 M (=1073741824) (custom)
2023-07-05 13:44:45,590 [009ab419-7007-4517-9228-4425fd87ec20@group-E645A076D475-LeaderElection49] INFO  server.RaftServerConfigKeys (ConfUtils.java:logGet(46)) - raft.server.watch.timeout = 180s (custom)
2023-07-05 13:44:45,590 [009ab419-7007-4517-9228-4425fd87ec20@group-E645A076D475-LeaderElection49] INFO  server.RaftServerConfigKeys (ConfUtils.java:logGet(46)) - raft.server.watch.timeout.denomination = 1s (default)
2023-07-05 13:44:45,590 [009ab419-7007-4517-9228-4425fd87ec20@group-E645A076D475-LeaderElection49] INFO  server.RaftServerConfigKeys (ConfUtils.java:logGet(46)) - raft.server.watch.element-limit = 65536 (default)
2023-07-05 13:44:45,590 [009ab419-7007-4517-9228-4425fd87ec20@group-E645A076D475-LeaderElection49] INFO  server.RaftServerConfigKeys (ConfUtils.java:logGet(46)) - raft.server.write.element-limit = 1024 (custom)
2023-07-05 13:44:45,590 [009ab419-7007-4517-9228-4425fd87ec20@group-E645A076D475-LeaderElection49] INFO  server.RaftServerConfigKeys (ConfUtils.java:logGet(46)) - raft.server.write.follower.gap.ratio.max = -1.0 (default)
2023-07-05 13:44:45,590 [009ab419-7007-4517-9228-4425fd87ec20@group-E645A076D475-LeaderElection49] INFO  impl.RoleInfo (RoleInfo.java:updateAndGet(139)) - 009ab419-7007-4517-9228-4425fd87ec20: start 009ab419-7007-4517-9228-4425fd87ec20@group-E645A076D475-LeaderStateImpl
2023-07-05 13:44:45,591 [009ab419-7007-4517-9228-4425fd87ec20@group-E645A076D475-LeaderElection49] INFO  segmented.SegmentedRaftLogWorker (SegmentedRaftLogWorker.java:startLogSegment(447)) - 009ab419-7007-4517-9228-4425fd87ec20@group-E645A076D475-SegmentedRaftLogWorker: Starting segment from index:0
2023-07-05 13:44:45,595 [009ab419-7007-4517-9228-4425fd87ec20@group-E645A076D475-SegmentedRaftLogWorker] INFO  segmented.SegmentedRaftLogWorker (SegmentedRaftLogWorker.java:execute(651)) - 009ab419-7007-4517-9228-4425fd87ec20@group-E645A076D475-SegmentedRaftLogWorker: created new log segment /home/runner/work/ozone/ozone/hadoop-ozone/integration-test/target/test-dir/MiniOzoneClusterImpl-5a349b9d-530c-474e-9da9-45562981beee/datanode-1/data/ratis/feadb886-544a-4fa3-8b02-e645a076d475/current/log_inprogress_0
2023-07-05 13:44:45,595 [009ab419-7007-4517-9228-4425fd87ec20@group-E645A076D475-LeaderElection49] INFO  server.RaftServer$Division (ServerState.java:setRaftConf(434)) - 009ab419-7007-4517-9228-4425fd87ec20@group-E645A076D475: set configuration 0: peers:[009ab419-7007-4517-9228-4425fd87ec20|rpc:10.1.0.13:15235|admin:10.1.0.13:15234|client:10.1.0.13:15233|dataStream:10.1.0.13:15236|priority:1|startupRole:FOLLOWER]|listeners:[], old=null
2023-07-05 13:44:45,705 [ReplicationMonitor] INFO  replication.ReplicationManager (ReplicationManager.java:processAll(361)) - Replication Manager is not ready to run until 3000ms after safemode exit
2023-07-05 13:44:45,852 [39a48944-77e7-4681-b606-55be812809b8@group-B5BE083B54BC-FollowerState] INFO  impl.FollowerState (FollowerState.java:run(143)) - 39a48944-77e7-4681-b606-55be812809b8@group-B5BE083B54BC-FollowerState: change to CANDIDATE, lastRpcElapsedTime:5149782879ns, electionTimeout:5149ms
2023-07-05 13:44:45,853 [39a48944-77e7-4681-b606-55be812809b8@group-B5BE083B54BC-FollowerState] INFO  impl.RoleInfo (RoleInfo.java:shutdownFollowerState(110)) - 39a48944-77e7-4681-b606-55be812809b8: shutdown 39a48944-77e7-4681-b606-55be812809b8@group-B5BE083B54BC-FollowerState
2023-07-05 13:44:45,853 [39a48944-77e7-4681-b606-55be812809b8@group-B5BE083B54BC-FollowerState] INFO  server.RaftServer$Division (RaftServerImpl.java:setRole(329)) - 39a48944-77e7-4681-b606-55be812809b8@group-B5BE083B54BC: changes role from  FOLLOWER to CANDIDATE at term 0 for changeToCandidate
2023-07-05 13:44:45,853 [39a48944-77e7-4681-b606-55be812809b8@group-B5BE083B54BC-FollowerState] INFO  server.RaftServerConfigKeys (ConfUtils.java:logGet(46)) - raft.server.leaderelection.pre-vote = true (default)
2023-07-05 13:44:45,853 [39a48944-77e7-4681-b606-55be812809b8@group-B5BE083B54BC-FollowerState] INFO  impl.RoleInfo (RoleInfo.java:updateAndGet(139)) - 39a48944-77e7-4681-b606-55be812809b8: start 39a48944-77e7-4681-b606-55be812809b8@group-B5BE083B54BC-LeaderElection50
2023-07-05 13:44:45,856 [39a48944-77e7-4681-b606-55be812809b8@group-B5BE083B54BC-LeaderElection50] INFO  impl.LeaderElection (LeaderElection.java:askForVotes(321)) - 39a48944-77e7-4681-b606-55be812809b8@group-B5BE083B54BC-LeaderElection50 PRE_VOTE round 0: submit vote requests at term 0 for -1: peers:[39a48944-77e7-4681-b606-55be812809b8|rpc:10.1.0.13:15244|admin:10.1.0.13:15243|client:10.1.0.13:15242|dataStream:10.1.0.13:15245|priority:1|startupRole:FOLLOWER]|listeners:[], old=null
2023-07-05 13:44:45,856 [39a48944-77e7-4681-b606-55be812809b8@group-B5BE083B54BC-LeaderElection50] INFO  impl.LeaderElection (LeaderElection.java:askForVotes(323)) - 39a48944-77e7-4681-b606-55be812809b8@group-B5BE083B54BC-LeaderElection50 PRE_VOTE round 0: result PASSED (term=0)
2023-07-05 13:44:45,858 [39a48944-77e7-4681-b606-55be812809b8@group-B5BE083B54BC-LeaderElection50] INFO  impl.LeaderElection (LeaderElection.java:askForVotes(321)) - 39a48944-77e7-4681-b606-55be812809b8@group-B5BE083B54BC-LeaderElection50 ELECTION round 0: submit vote requests at term 1 for -1: peers:[39a48944-77e7-4681-b606-55be812809b8|rpc:10.1.0.13:15244|admin:10.1.0.13:15243|client:10.1.0.13:15242|dataStream:10.1.0.13:15245|priority:1|startupRole:FOLLOWER]|listeners:[], old=null
2023-07-05 13:44:45,859 [39a48944-77e7-4681-b606-55be812809b8@group-B5BE083B54BC-LeaderElection50] INFO  impl.LeaderElection (LeaderElection.java:askForVotes(323)) - 39a48944-77e7-4681-b606-55be812809b8@group-B5BE083B54BC-LeaderElection50 ELECTION round 0: result PASSED (term=1)
2023-07-05 13:44:45,859 [39a48944-77e7-4681-b606-55be812809b8@group-B5BE083B54BC-LeaderElection50] INFO  impl.RoleInfo (RoleInfo.java:shutdownLeaderElection(130)) - 39a48944-77e7-4681-b606-55be812809b8: shutdown 39a48944-77e7-4681-b606-55be812809b8@group-B5BE083B54BC-LeaderElection50
2023-07-05 13:44:45,859 [39a48944-77e7-4681-b606-55be812809b8@group-B5BE083B54BC-LeaderElection50] INFO  server.RaftServer$Division (RaftServerImpl.java:setRole(329)) - 39a48944-77e7-4681-b606-55be812809b8@group-B5BE083B54BC: changes role from CANDIDATE to LEADER at term 1 for changeToLeader
2023-07-05 13:44:45,859 [39a48944-77e7-4681-b606-55be812809b8@group-B5BE083B54BC-LeaderElection50] INFO  ratis.XceiverServerRatis (XceiverServerRatis.java:handleLeaderChangedNotification(902)) - Leader change notification received for group: group-B5BE083B54BC with new leaderId: 39a48944-77e7-4681-b606-55be812809b8
2023-07-05 13:44:45,859 [39a48944-77e7-4681-b606-55be812809b8@group-B5BE083B54BC-LeaderElection50] INFO  server.RaftServer$Division (ServerState.java:setLeader(317)) - 39a48944-77e7-4681-b606-55be812809b8@group-B5BE083B54BC: change Leader from null to 39a48944-77e7-4681-b606-55be812809b8 at term 1 for becomeLeader, leader elected after 5170ms
2023-07-05 13:44:45,859 [39a48944-77e7-4681-b606-55be812809b8@group-B5BE083B54BC-LeaderElection50] INFO  server.RaftServerConfigKeys (ConfUtils.java:logGet(46)) - raft.server.staging.catchup.gap = 1000 (default)
2023-07-05 13:44:45,861 [39a48944-77e7-4681-b606-55be812809b8@group-B5BE083B54BC-LeaderElection50] INFO  server.RaftServerConfigKeys (ConfUtils.java:logGet(46)) - raft.server.write.element-limit = 1024 (custom)
2023-07-05 13:44:45,861 [39a48944-77e7-4681-b606-55be812809b8@group-B5BE083B54BC-LeaderElection50] INFO  server.RaftServerConfigKeys (ConfUtils.java:logGet(46)) - raft.server.write.byte-limit = 1024 M (=1073741824) (custom)
2023-07-05 13:44:45,861 [39a48944-77e7-4681-b606-55be812809b8@group-B5BE083B54BC-LeaderElection50] INFO  server.RaftServerConfigKeys (ConfUtils.java:logGet(46)) - raft.server.watch.timeout = 180s (custom)
2023-07-05 13:44:45,861 [39a48944-77e7-4681-b606-55be812809b8@group-B5BE083B54BC-LeaderElection50] INFO  server.RaftServerConfigKeys (ConfUtils.java:logGet(46)) - raft.server.watch.timeout.denomination = 1s (default)
2023-07-05 13:44:45,861 [39a48944-77e7-4681-b606-55be812809b8@group-B5BE083B54BC-LeaderElection50] INFO  server.RaftServerConfigKeys (ConfUtils.java:logGet(46)) - raft.server.watch.element-limit = 65536 (default)
2023-07-05 13:44:45,861 [39a48944-77e7-4681-b606-55be812809b8@group-B5BE083B54BC-LeaderElection50] INFO  server.RaftServerConfigKeys (ConfUtils.java:logGet(46)) - raft.server.write.element-limit = 1024 (custom)
2023-07-05 13:44:45,861 [39a48944-77e7-4681-b606-55be812809b8@group-B5BE083B54BC-LeaderElection50] INFO  server.RaftServerConfigKeys (ConfUtils.java:logGet(46)) - raft.server.write.follower.gap.ratio.max = -1.0 (default)
2023-07-05 13:44:45,861 [39a48944-77e7-4681-b606-55be812809b8@group-B5BE083B54BC-LeaderElection50] INFO  impl.RoleInfo (RoleInfo.java:updateAndGet(139)) - 39a48944-77e7-4681-b606-55be812809b8: start 39a48944-77e7-4681-b606-55be812809b8@group-B5BE083B54BC-LeaderStateImpl
2023-07-05 13:44:45,861 [39a48944-77e7-4681-b606-55be812809b8@group-B5BE083B54BC-LeaderElection50] INFO  segmented.SegmentedRaftLogWorker (SegmentedRaftLogWorker.java:startLogSegment(447)) - 39a48944-77e7-4681-b606-55be812809b8@group-B5BE083B54BC-SegmentedRaftLogWorker: Starting segment from index:0
2023-07-05 13:44:45,867 [39a48944-77e7-4681-b606-55be812809b8@group-B5BE083B54BC-LeaderElection50] INFO  server.RaftServer$Division (ServerState.java:setRaftConf(434)) - 39a48944-77e7-4681-b606-55be812809b8@group-B5BE083B54BC: set configuration 0: peers:[39a48944-77e7-4681-b606-55be812809b8|rpc:10.1.0.13:15244|admin:10.1.0.13:15243|client:10.1.0.13:15242|dataStream:10.1.0.13:15245|priority:1|startupRole:FOLLOWER]|listeners:[], old=null
2023-07-05 13:44:45,871 [39a48944-77e7-4681-b606-55be812809b8@group-B5BE083B54BC-SegmentedRaftLogWorker] INFO  segmented.SegmentedRaftLogWorker (SegmentedRaftLogWorker.java:execute(651)) - 39a48944-77e7-4681-b606-55be812809b8@group-B5BE083B54BC-SegmentedRaftLogWorker: created new log segment /home/runner/work/ozone/ozone/hadoop-ozone/integration-test/target/test-dir/MiniOzoneClusterImpl-5a349b9d-530c-474e-9da9-45562981beee/datanode-2/data/ratis/7b29b315-dd7e-4650-a41c-b5be083b54bc/current/log_inprogress_0
2023-07-05 13:44:46,089 [1921cb7d-1b71-44f2-8c1b-bd8e1d96d4a3@group-AFC053076C25-FollowerState] INFO  impl.FollowerState (FollowerState.java:run(143)) - 1921cb7d-1b71-44f2-8c1b-bd8e1d96d4a3@group-AFC053076C25-FollowerState: change to CANDIDATE, lastRpcElapsedTime:5071382633ns, electionTimeout:5070ms
2023-07-05 13:44:46,089 [1921cb7d-1b71-44f2-8c1b-bd8e1d96d4a3@group-AFC053076C25-FollowerState] INFO  impl.RoleInfo (RoleInfo.java:shutdownFollowerState(110)) - 1921cb7d-1b71-44f2-8c1b-bd8e1d96d4a3: shutdown 1921cb7d-1b71-44f2-8c1b-bd8e1d96d4a3@group-AFC053076C25-FollowerState
2023-07-05 13:44:46,090 [1921cb7d-1b71-44f2-8c1b-bd8e1d96d4a3@group-AFC053076C25-FollowerState] INFO  server.RaftServer$Division (RaftServerImpl.java:setRole(329)) - 1921cb7d-1b71-44f2-8c1b-bd8e1d96d4a3@group-AFC053076C25: changes role from  FOLLOWER to CANDIDATE at term 0 for changeToCandidate
2023-07-05 13:44:46,090 [1921cb7d-1b71-44f2-8c1b-bd8e1d96d4a3@group-AFC053076C25-FollowerState] INFO  server.RaftServerConfigKeys (ConfUtils.java:logGet(46)) - raft.server.leaderelection.pre-vote = true (default)
2023-07-05 13:44:46,090 [1921cb7d-1b71-44f2-8c1b-bd8e1d96d4a3@group-AFC053076C25-FollowerState] INFO  impl.RoleInfo (RoleInfo.java:updateAndGet(139)) - 1921cb7d-1b71-44f2-8c1b-bd8e1d96d4a3: start 1921cb7d-1b71-44f2-8c1b-bd8e1d96d4a3@group-AFC053076C25-LeaderElection51
2023-07-05 13:44:46,093 [1921cb7d-1b71-44f2-8c1b-bd8e1d96d4a3@group-AFC053076C25-LeaderElection51] INFO  impl.LeaderElection (LeaderElection.java:askForVotes(321)) - 1921cb7d-1b71-44f2-8c1b-bd8e1d96d4a3@group-AFC053076C25-LeaderElection51 PRE_VOTE round 0: submit vote requests at term 0 for -1: peers:[1921cb7d-1b71-44f2-8c1b-bd8e1d96d4a3|rpc:10.1.0.13:15253|admin:10.1.0.13:15252|client:10.1.0.13:15251|dataStream:10.1.0.13:15254|priority:1|startupRole:FOLLOWER]|listeners:[], old=null
2023-07-05 13:44:46,093 [1921cb7d-1b71-44f2-8c1b-bd8e1d96d4a3@group-AFC053076C25-LeaderElection51] INFO  impl.LeaderElection (LeaderElection.java:askForVotes(323)) - 1921cb7d-1b71-44f2-8c1b-bd8e1d96d4a3@group-AFC053076C25-LeaderElection51 PRE_VOTE round 0: result PASSED (term=0)
2023-07-05 13:44:46,094 [1921cb7d-1b71-44f2-8c1b-bd8e1d96d4a3@group-AFC053076C25-LeaderElection51] INFO  impl.LeaderElection (LeaderElection.java:askForVotes(321)) - 1921cb7d-1b71-44f2-8c1b-bd8e1d96d4a3@group-AFC053076C25-LeaderElection51 ELECTION round 0: submit vote requests at term 1 for -1: peers:[1921cb7d-1b71-44f2-8c1b-bd8e1d96d4a3|rpc:10.1.0.13:15253|admin:10.1.0.13:15252|client:10.1.0.13:15251|dataStream:10.1.0.13:15254|priority:1|startupRole:FOLLOWER]|listeners:[], old=null
2023-07-05 13:44:46,094 [1921cb7d-1b71-44f2-8c1b-bd8e1d96d4a3@group-AFC053076C25-LeaderElection51] INFO  impl.LeaderElection (LeaderElection.java:askForVotes(323)) - 1921cb7d-1b71-44f2-8c1b-bd8e1d96d4a3@group-AFC053076C25-LeaderElection51 ELECTION round 0: result PASSED (term=1)
2023-07-05 13:44:46,094 [1921cb7d-1b71-44f2-8c1b-bd8e1d96d4a3@group-AFC053076C25-LeaderElection51] INFO  impl.RoleInfo (RoleInfo.java:shutdownLeaderElection(130)) - 1921cb7d-1b71-44f2-8c1b-bd8e1d96d4a3: shutdown 1921cb7d-1b71-44f2-8c1b-bd8e1d96d4a3@group-AFC053076C25-LeaderElection51
2023-07-05 13:44:46,094 [1921cb7d-1b71-44f2-8c1b-bd8e1d96d4a3@group-AFC053076C25-LeaderElection51] INFO  server.RaftServer$Division (RaftServerImpl.java:setRole(329)) - 1921cb7d-1b71-44f2-8c1b-bd8e1d96d4a3@group-AFC053076C25: changes role from CANDIDATE to LEADER at term 1 for changeToLeader
2023-07-05 13:44:46,094 [1921cb7d-1b71-44f2-8c1b-bd8e1d96d4a3@group-AFC053076C25-LeaderElection51] INFO  ratis.XceiverServerRatis (XceiverServerRatis.java:handleLeaderChangedNotification(902)) - Leader change notification received for group: group-AFC053076C25 with new leaderId: 1921cb7d-1b71-44f2-8c1b-bd8e1d96d4a3
2023-07-05 13:44:46,095 [1921cb7d-1b71-44f2-8c1b-bd8e1d96d4a3@group-AFC053076C25-LeaderElection51] INFO  server.RaftServer$Division (ServerState.java:setLeader(317)) - 1921cb7d-1b71-44f2-8c1b-bd8e1d96d4a3@group-AFC053076C25: change Leader from null to 1921cb7d-1b71-44f2-8c1b-bd8e1d96d4a3 at term 1 for becomeLeader, leader elected after 5092ms
2023-07-05 13:44:46,095 [1921cb7d-1b71-44f2-8c1b-bd8e1d96d4a3@group-AFC053076C25-LeaderElection51] INFO  server.RaftServerConfigKeys (ConfUtils.java:logGet(46)) - raft.server.staging.catchup.gap = 1000 (default)
2023-07-05 13:44:46,095 [1921cb7d-1b71-44f2-8c1b-bd8e1d96d4a3@group-AFC053076C25-LeaderElection51] INFO  server.RaftServerConfigKeys (ConfUtils.java:logGet(46)) - raft.server.write.element-limit = 1024 (custom)
2023-07-05 13:44:46,095 [1921cb7d-1b71-44f2-8c1b-bd8e1d96d4a3@group-AFC053076C25-LeaderElection51] INFO  server.RaftServerConfigKeys (ConfUtils.java:logGet(46)) - raft.server.write.byte-limit = 1024 M (=1073741824) (custom)
2023-07-05 13:44:46,095 [1921cb7d-1b71-44f2-8c1b-bd8e1d96d4a3@group-AFC053076C25-LeaderElection51] INFO  server.RaftServerConfigKeys (ConfUtils.java:logGet(46)) - raft.server.watch.timeout = 180s (custom)
2023-07-05 13:44:46,095 [1921cb7d-1b71-44f2-8c1b-bd8e1d96d4a3@group-AFC053076C25-LeaderElection51] INFO  server.RaftServerConfigKeys (ConfUtils.java:logGet(46)) - raft.server.watch.timeout.denomination = 1s (default)
2023-07-05 13:44:46,096 [1921cb7d-1b71-44f2-8c1b-bd8e1d96d4a3@group-AFC053076C25-LeaderElection51] INFO  server.RaftServerConfigKeys (ConfUtils.java:logGet(46)) - raft.server.watch.element-limit = 65536 (default)
2023-07-05 13:44:46,096 [1921cb7d-1b71-44f2-8c1b-bd8e1d96d4a3@group-AFC053076C25-LeaderElection51] INFO  server.RaftServerConfigKeys (ConfUtils.java:logGet(46)) - raft.server.write.element-limit = 1024 (custom)
2023-07-05 13:44:46,096 [1921cb7d-1b71-44f2-8c1b-bd8e1d96d4a3@group-AFC053076C25-LeaderElection51] INFO  server.RaftServerConfigKeys (ConfUtils.java:logGet(46)) - raft.server.write.follower.gap.ratio.max = -1.0 (default)
2023-07-05 13:44:46,096 [1921cb7d-1b71-44f2-8c1b-bd8e1d96d4a3@group-AFC053076C25-LeaderElection51] INFO  impl.RoleInfo (RoleInfo.java:updateAndGet(139)) - 1921cb7d-1b71-44f2-8c1b-bd8e1d96d4a3: start 1921cb7d-1b71-44f2-8c1b-bd8e1d96d4a3@group-AFC053076C25-LeaderStateImpl
2023-07-05 13:44:46,097 [1921cb7d-1b71-44f2-8c1b-bd8e1d96d4a3@group-AFC053076C25-LeaderElection51] INFO  segmented.SegmentedRaftLogWorker (SegmentedRaftLogWorker.java:startLogSegment(447)) - 1921cb7d-1b71-44f2-8c1b-bd8e1d96d4a3@group-AFC053076C25-SegmentedRaftLogWorker: Starting segment from index:0
2023-07-05 13:44:46,103 [1921cb7d-1b71-44f2-8c1b-bd8e1d96d4a3@group-AFC053076C25-LeaderElection51] INFO  server.RaftServer$Division (ServerState.java:setRaftConf(434)) - 1921cb7d-1b71-44f2-8c1b-bd8e1d96d4a3@group-AFC053076C25: set configuration 0: peers:[1921cb7d-1b71-44f2-8c1b-bd8e1d96d4a3|rpc:10.1.0.13:15253|admin:10.1.0.13:15252|client:10.1.0.13:15251|dataStream:10.1.0.13:15254|priority:1|startupRole:FOLLOWER]|listeners:[], old=null
2023-07-05 13:44:46,104 [1921cb7d-1b71-44f2-8c1b-bd8e1d96d4a3@group-AFC053076C25-SegmentedRaftLogWorker] INFO  segmented.SegmentedRaftLogWorker (SegmentedRaftLogWorker.java:execute(651)) - 1921cb7d-1b71-44f2-8c1b-bd8e1d96d4a3@group-AFC053076C25-SegmentedRaftLogWorker: created new log segment /home/runner/work/ozone/ozone/hadoop-ozone/integration-test/target/test-dir/MiniOzoneClusterImpl-5a349b9d-530c-474e-9da9-45562981beee/datanode-3/data/ratis/e1ca1f65-a3d2-48c0-9b8f-afc053076c25/current/log_inprogress_0
2023-07-05 13:44:46,391 [271aec25-07f0-4d79-9bff-baf77738dc05@group-8EE5E8701BC7-FollowerState] INFO  impl.FollowerState (FollowerState.java:run(143)) - 271aec25-07f0-4d79-9bff-baf77738dc05@group-8EE5E8701BC7-FollowerState: change to CANDIDATE, lastRpcElapsedTime:5055636739ns, electionTimeout:5055ms
2023-07-05 13:44:46,391 [271aec25-07f0-4d79-9bff-baf77738dc05@group-8EE5E8701BC7-FollowerState] INFO  impl.RoleInfo (RoleInfo.java:shutdownFollowerState(110)) - 271aec25-07f0-4d79-9bff-baf77738dc05: shutdown 271aec25-07f0-4d79-9bff-baf77738dc05@group-8EE5E8701BC7-FollowerState
2023-07-05 13:44:46,391 [271aec25-07f0-4d79-9bff-baf77738dc05@group-8EE5E8701BC7-FollowerState] INFO  server.RaftServer$Division (RaftServerImpl.java:setRole(329)) - 271aec25-07f0-4d79-9bff-baf77738dc05@group-8EE5E8701BC7: changes role from  FOLLOWER to CANDIDATE at term 0 for changeToCandidate
2023-07-05 13:44:46,391 [271aec25-07f0-4d79-9bff-baf77738dc05@group-8EE5E8701BC7-FollowerState] INFO  server.RaftServerConfigKeys (ConfUtils.java:logGet(46)) - raft.server.leaderelection.pre-vote = true (default)
2023-07-05 13:44:46,391 [271aec25-07f0-4d79-9bff-baf77738dc05@group-8EE5E8701BC7-FollowerState] INFO  impl.RoleInfo (RoleInfo.java:updateAndGet(139)) - 271aec25-07f0-4d79-9bff-baf77738dc05: start 271aec25-07f0-4d79-9bff-baf77738dc05@group-8EE5E8701BC7-LeaderElection52
2023-07-05 13:44:46,394 [271aec25-07f0-4d79-9bff-baf77738dc05@group-8EE5E8701BC7-LeaderElection52] INFO  impl.LeaderElection (LeaderElection.java:askForVotes(321)) - 271aec25-07f0-4d79-9bff-baf77738dc05@group-8EE5E8701BC7-LeaderElection52 PRE_VOTE round 0: submit vote requests at term 0 for -1: peers:[271aec25-07f0-4d79-9bff-baf77738dc05|rpc:10.1.0.13:15262|admin:10.1.0.13:15261|client:10.1.0.13:15260|dataStream:10.1.0.13:15263|priority:1|startupRole:FOLLOWER]|listeners:[], old=null
2023-07-05 13:44:46,394 [271aec25-07f0-4d79-9bff-baf77738dc05@group-8EE5E8701BC7-LeaderElection52] INFO  impl.LeaderElection (LeaderElection.java:askForVotes(323)) - 271aec25-07f0-4d79-9bff-baf77738dc05@group-8EE5E8701BC7-LeaderElection52 PRE_VOTE round 0: result PASSED (term=0)
2023-07-05 13:44:46,396 [271aec25-07f0-4d79-9bff-baf77738dc05@group-8EE5E8701BC7-LeaderElection52] INFO  impl.LeaderElection (LeaderElection.java:askForVotes(321)) - 271aec25-07f0-4d79-9bff-baf77738dc05@group-8EE5E8701BC7-LeaderElection52 ELECTION round 0: submit vote requests at term 1 for -1: peers:[271aec25-07f0-4d79-9bff-baf77738dc05|rpc:10.1.0.13:15262|admin:10.1.0.13:15261|client:10.1.0.13:15260|dataStream:10.1.0.13:15263|priority:1|startupRole:FOLLOWER]|listeners:[], old=null
2023-07-05 13:44:46,396 [271aec25-07f0-4d79-9bff-baf77738dc05@group-8EE5E8701BC7-LeaderElection52] INFO  impl.LeaderElection (LeaderElection.java:askForVotes(323)) - 271aec25-07f0-4d79-9bff-baf77738dc05@group-8EE5E8701BC7-LeaderElection52 ELECTION round 0: result PASSED (term=1)
2023-07-05 13:44:46,396 [271aec25-07f0-4d79-9bff-baf77738dc05@group-8EE5E8701BC7-LeaderElection52] INFO  impl.RoleInfo (RoleInfo.java:shutdownLeaderElection(130)) - 271aec25-07f0-4d79-9bff-baf77738dc05: shutdown 271aec25-07f0-4d79-9bff-baf77738dc05@group-8EE5E8701BC7-LeaderElection52
2023-07-05 13:44:46,396 [271aec25-07f0-4d79-9bff-baf77738dc05@group-8EE5E8701BC7-LeaderElection52] INFO  server.RaftServer$Division (RaftServerImpl.java:setRole(329)) - 271aec25-07f0-4d79-9bff-baf77738dc05@group-8EE5E8701BC7: changes role from CANDIDATE to LEADER at term 1 for changeToLeader
2023-07-05 13:44:46,396 [271aec25-07f0-4d79-9bff-baf77738dc05@group-8EE5E8701BC7-LeaderElection52] INFO  ratis.XceiverServerRatis (XceiverServerRatis.java:handleLeaderChangedNotification(902)) - Leader change notification received for group: group-8EE5E8701BC7 with new leaderId: 271aec25-07f0-4d79-9bff-baf77738dc05
2023-07-05 13:44:46,396 [271aec25-07f0-4d79-9bff-baf77738dc05@group-8EE5E8701BC7-LeaderElection52] INFO  server.RaftServer$Division (ServerState.java:setLeader(317)) - 271aec25-07f0-4d79-9bff-baf77738dc05@group-8EE5E8701BC7: change Leader from null to 271aec25-07f0-4d79-9bff-baf77738dc05 at term 1 for becomeLeader, leader elected after 5076ms
2023-07-05 13:44:46,396 [271aec25-07f0-4d79-9bff-baf77738dc05@group-8EE5E8701BC7-LeaderElection52] INFO  server.RaftServerConfigKeys (ConfUtils.java:logGet(46)) - raft.server.staging.catchup.gap = 1000 (default)
2023-07-05 13:44:46,398 [271aec25-07f0-4d79-9bff-baf77738dc05@group-8EE5E8701BC7-LeaderElection52] INFO  server.RaftServerConfigKeys (ConfUtils.java:logGet(46)) - raft.server.write.element-limit = 1024 (custom)
2023-07-05 13:44:46,398 [271aec25-07f0-4d79-9bff-baf77738dc05@group-8EE5E8701BC7-LeaderElection52] INFO  server.RaftServerConfigKeys (ConfUtils.java:logGet(46)) - raft.server.write.byte-limit = 1024 M (=1073741824) (custom)
2023-07-05 13:44:46,398 [271aec25-07f0-4d79-9bff-baf77738dc05@group-8EE5E8701BC7-LeaderElection52] INFO  server.RaftServerConfigKeys (ConfUtils.java:logGet(46)) - raft.server.watch.timeout = 180s (custom)
2023-07-05 13:44:46,398 [271aec25-07f0-4d79-9bff-baf77738dc05@group-8EE5E8701BC7-LeaderElection52] INFO  server.RaftServerConfigKeys (ConfUtils.java:logGet(46)) - raft.server.watch.timeout.denomination = 1s (default)
2023-07-05 13:44:46,398 [271aec25-07f0-4d79-9bff-baf77738dc05@group-8EE5E8701BC7-LeaderElection52] INFO  server.RaftServerConfigKeys (ConfUtils.java:logGet(46)) - raft.server.watch.element-limit = 65536 (default)
2023-07-05 13:44:46,399 [271aec25-07f0-4d79-9bff-baf77738dc05@group-8EE5E8701BC7-LeaderElection52] INFO  server.RaftServerConfigKeys (ConfUtils.java:logGet(46)) - raft.server.write.element-limit = 1024 (custom)
2023-07-05 13:44:46,399 [271aec25-07f0-4d79-9bff-baf77738dc05@group-8EE5E8701BC7-LeaderElection52] INFO  server.RaftServerConfigKeys (ConfUtils.java:logGet(46)) - raft.server.write.follower.gap.ratio.max = -1.0 (default)
2023-07-05 13:44:46,399 [271aec25-07f0-4d79-9bff-baf77738dc05@group-8EE5E8701BC7-LeaderElection52] INFO  impl.RoleInfo (RoleInfo.java:updateAndGet(139)) - 271aec25-07f0-4d79-9bff-baf77738dc05: start 271aec25-07f0-4d79-9bff-baf77738dc05@group-8EE5E8701BC7-LeaderStateImpl
2023-07-05 13:44:46,399 [271aec25-07f0-4d79-9bff-baf77738dc05@group-8EE5E8701BC7-LeaderElection52] INFO  segmented.SegmentedRaftLogWorker (SegmentedRaftLogWorker.java:startLogSegment(447)) - 271aec25-07f0-4d79-9bff-baf77738dc05@group-8EE5E8701BC7-SegmentedRaftLogWorker: Starting segment from index:0
2023-07-05 13:44:46,403 [271aec25-07f0-4d79-9bff-baf77738dc05@group-8EE5E8701BC7-LeaderElection52] INFO  server.RaftServer$Division (ServerState.java:setRaftConf(434)) - 271aec25-07f0-4d79-9bff-baf77738dc05@group-8EE5E8701BC7: set configuration 0: peers:[271aec25-07f0-4d79-9bff-baf77738dc05|rpc:10.1.0.13:15262|admin:10.1.0.13:15261|client:10.1.0.13:15260|dataStream:10.1.0.13:15263|priority:1|startupRole:FOLLOWER]|listeners:[], old=null
2023-07-05 13:44:46,404 [271aec25-07f0-4d79-9bff-baf77738dc05@group-8EE5E8701BC7-SegmentedRaftLogWorker] INFO  segmented.SegmentedRaftLogWorker (SegmentedRaftLogWorker.java:execute(651)) - 271aec25-07f0-4d79-9bff-baf77738dc05@group-8EE5E8701BC7-SegmentedRaftLogWorker: created new log segment /home/runner/work/ozone/ozone/hadoop-ozone/integration-test/target/test-dir/MiniOzoneClusterImpl-5a349b9d-530c-474e-9da9-45562981beee/datanode-4/data/ratis/ea41a907-dd42-4860-bd7f-8ee5e8701bc7/current/log_inprogress_0
2023-07-05 13:44:46,705 [ReplicationMonitor] INFO  replication.ReplicationManager (ReplicationManager.java:processAll(361)) - Replication Manager is not ready to run until 3000ms after safemode exit
2023-07-05 13:44:47,706 [ReplicationMonitor] INFO  replication.ReplicationManager (ReplicationManager.java:processAll(361)) - Replication Manager is not ready to run until 3000ms after safemode exit
2023-07-05 13:44:48,460 [ContainerOp-1f5d9adf-97c4-49d3-8b94-b927724e89f9-2] INFO  keyvalue.KeyValueContainer (KeyValueContainer.java:flushAndSyncDB(461)) - Container 1 is synced with bcsId 2.
2023-07-05 13:44:48,460 [ContainerOp-1f5d9adf-97c4-49d3-8b94-b927724e89f9-2] INFO  keyvalue.KeyValueContainer (KeyValueContainer.java:flushAndSyncDB(461)) - Container 1 is synced with bcsId 2.
2023-07-05 13:44:48,462 [ContainerOp-1f5d9adf-97c4-49d3-8b94-b927724e89f9-2] INFO  keyvalue.KeyValueContainer (KeyValueContainer.java:close(376)) - Container 1 is closed with bcsId 2.
2023-07-05 13:44:48,464 [ContainerOp-1f5d9adf-97c4-49d3-8b94-b927724e89f9-2] INFO  keyvalue.KeyValueContainer (KeyValueContainer.java:flushAndSyncDB(461)) - Container 1 is synced with bcsId 2.
2023-07-05 13:44:48,465 [ContainerOp-1f5d9adf-97c4-49d3-8b94-b927724e89f9-2] INFO  keyvalue.KeyValueContainer (KeyValueContainer.java:flushAndSyncDB(461)) - Container 1 is synced with bcsId 2.
2023-07-05 13:44:48,465 [FixedThreadPoolWithAffinityExecutor-8-0] INFO  container.IncrementalContainerReportHandler (AbstractContainerReportHandler.java:updateContainerState(311)) - Moving container #1 to CLOSED state, datanode 9cad0a2d-2056-47c2-83a8-166be64b57fa(fv-az264-29.ca02foy5wcnuvlrvrz2wi3p2og.dx.internal.cloudapp.net/10.1.0.13) reported CLOSED replica with index 0.
2023-07-05 13:44:48,469 [ContainerOp-1f5d9adf-97c4-49d3-8b94-b927724e89f9-2] INFO  keyvalue.KeyValueContainer (KeyValueContainer.java:close(376)) - Container 1 is closed with bcsId 2.
2023-07-05 13:44:48,472 [ContainerOp-1f5d9adf-97c4-49d3-8b94-b927724e89f9-2] INFO  keyvalue.KeyValueContainer (KeyValueContainer.java:flushAndSyncDB(461)) - Container 1 is synced with bcsId 2.
2023-07-05 13:44:48,472 [ContainerOp-1f5d9adf-97c4-49d3-8b94-b927724e89f9-2] INFO  keyvalue.KeyValueContainer (KeyValueContainer.java:flushAndSyncDB(461)) - Container 1 is synced with bcsId 2.
2023-07-05 13:44:48,474 [ContainerOp-1f5d9adf-97c4-49d3-8b94-b927724e89f9-2] INFO  keyvalue.KeyValueContainer (KeyValueContainer.java:close(376)) - Container 1 is closed with bcsId 2.
2023-07-05 13:44:48,510 [Time-limited test] INFO  ozoneimpl.OzoneContainer (OzoneContainer.java:stop(441)) - Attempting to stop container services.
2023-07-05 13:44:48,510 [Time-limited test] INFO  server.RaftServer (RaftServerProxy.java:lambda$close$6(416)) - 009ab419-7007-4517-9228-4425fd87ec20: close
2023-07-05 13:44:48,510 [009ab419-7007-4517-9228-4425fd87ec20-impl-thread1] INFO  server.RaftServer$Division (RaftServerImpl.java:lambda$close$4(466)) - 009ab419-7007-4517-9228-4425fd87ec20@group-B927724E89F9: shutdown
2023-07-05 13:44:48,511 [009ab419-7007-4517-9228-4425fd87ec20-impl-thread1] INFO  util.JmxRegister (JmxRegister.java:unregister(73)) - Successfully un-registered JMX Bean with object name Ratis:service=RaftServer,group=group-B927724E89F9,id=009ab419-7007-4517-9228-4425fd87ec20
2023-07-05 13:44:48,511 [009ab419-7007-4517-9228-4425fd87ec20-impl-thread1] INFO  impl.RoleInfo (RoleInfo.java:shutdownFollowerState(110)) - 009ab419-7007-4517-9228-4425fd87ec20: shutdown 009ab419-7007-4517-9228-4425fd87ec20@group-B927724E89F9-FollowerState
2023-07-05 13:44:48,511 [009ab419-7007-4517-9228-4425fd87ec20-impl-thread2] INFO  server.RaftServer$Division (RaftServerImpl.java:lambda$close$4(466)) - 009ab419-7007-4517-9228-4425fd87ec20@group-E645A076D475: shutdown
2023-07-05 13:44:48,511 [Time-limited test] INFO  server.GrpcService (GrpcService.java:closeImpl(311)) - 009ab419-7007-4517-9228-4425fd87ec20: shutdown server org.apache.ratis.grpc.server.GrpcClientProtocolService now
2023-07-05 13:44:48,511 [009ab419-7007-4517-9228-4425fd87ec20-impl-thread2] INFO  util.JmxRegister (JmxRegister.java:unregister(73)) - Successfully un-registered JMX Bean with object name Ratis:service=RaftServer,group=group-E645A076D475,id=009ab419-7007-4517-9228-4425fd87ec20
2023-07-05 13:44:48,511 [009ab419-7007-4517-9228-4425fd87ec20-impl-thread2] INFO  impl.RoleInfo (RoleInfo.java:shutdownLeaderState(93)) - 009ab419-7007-4517-9228-4425fd87ec20: shutdown 009ab419-7007-4517-9228-4425fd87ec20@group-E645A076D475-LeaderStateImpl
2023-07-05 13:44:48,511 [009ab419-7007-4517-9228-4425fd87ec20@group-B927724E89F9-StateMachineUpdater] INFO  ratis.ContainerStateMachine (ContainerStateMachine.java:takeSnapshot(330)) - group-B927724E89F9: Taking a snapshot at:(t:1, i:5) file /home/runner/work/ozone/ozone/hadoop-ozone/integration-test/target/test-dir/MiniOzoneClusterImpl-5a349b9d-530c-474e-9da9-45562981beee/datanode-1/data/ratis/1f5d9adf-97c4-49d3-8b94-b927724e89f9/sm/snapshot.1_5
2023-07-05 13:44:48,511 [009ab419-7007-4517-9228-4425fd87ec20@group-B927724E89F9-FollowerState] INFO  impl.FollowerState (FollowerState.java:run(152)) - 009ab419-7007-4517-9228-4425fd87ec20@group-B927724E89F9-FollowerState was interrupted
2023-07-05 13:44:48,512 [009ab419-7007-4517-9228-4425fd87ec20-impl-thread2] INFO  impl.PendingRequests (PendingRequests.java:sendNotLeaderResponses(289)) - 009ab419-7007-4517-9228-4425fd87ec20@group-E645A076D475-PendingRequests: sendNotLeaderResponses
2023-07-05 13:44:48,511 [009ab419-7007-4517-9228-4425fd87ec20-impl-thread1] INFO  impl.StateMachineUpdater (StateMachineUpdater.java:stopAndJoin(155)) - 009ab419-7007-4517-9228-4425fd87ec20@group-B927724E89F9-StateMachineUpdater: set stopIndex = 5
2023-07-05 13:44:48,512 [009ab419-7007-4517-9228-4425fd87ec20-impl-thread2] INFO  impl.StateMachineUpdater (StateMachineUpdater.java:stopAndJoin(155)) - 009ab419-7007-4517-9228-4425fd87ec20@group-E645A076D475-StateMachineUpdater: set stopIndex = 0
2023-07-05 13:44:48,512 [009ab419-7007-4517-9228-4425fd87ec20@group-E645A076D475-StateMachineUpdater] INFO  ratis.ContainerStateMachine (ContainerStateMachine.java:takeSnapshot(330)) - group-E645A076D475: Taking a snapshot at:(t:1, i:0) file /home/runner/work/ozone/ozone/hadoop-ozone/integration-test/target/test-dir/MiniOzoneClusterImpl-5a349b9d-530c-474e-9da9-45562981beee/datanode-1/data/ratis/feadb886-544a-4fa3-8b02-e645a076d475/sm/snapshot.1_0
2023-07-05 13:44:48,513 [009ab419-7007-4517-9228-4425fd87ec20@group-B927724E89F9-StateMachineUpdater] INFO  ratis.ContainerStateMachine (ContainerStateMachine.java:takeSnapshot(341)) - group-B927724E89F9: Finished taking a snapshot at:(t:1, i:5) file:/home/runner/work/ozone/ozone/hadoop-ozone/integration-test/target/test-dir/MiniOzoneClusterImpl-5a349b9d-530c-474e-9da9-45562981beee/datanode-1/data/ratis/1f5d9adf-97c4-49d3-8b94-b927724e89f9/sm/snapshot.1_5 took: 2 ms
2023-07-05 13:44:48,513 [009ab419-7007-4517-9228-4425fd87ec20@group-B927724E89F9-StateMachineUpdater] INFO  impl.StateMachineUpdater (StateMachineUpdater.java:takeSnapshot(291)) - 009ab419-7007-4517-9228-4425fd87ec20@group-B927724E89F9-StateMachineUpdater: Took a snapshot at index 5
2023-07-05 13:44:48,513 [009ab419-7007-4517-9228-4425fd87ec20@group-B927724E89F9-StateMachineUpdater] INFO  impl.StateMachineUpdater (StateMachineUpdater.java:lambda$new$0(97)) - 009ab419-7007-4517-9228-4425fd87ec20@group-B927724E89F9-StateMachineUpdater: snapshotIndex: updateIncreasingly -1 -> 5
2023-07-05 13:44:48,514 [009ab419-7007-4517-9228-4425fd87ec20-impl-thread3] INFO  server.RaftServer$Division (RaftServerImpl.java:lambda$close$4(466)) - 009ab419-7007-4517-9228-4425fd87ec20@group-419B63F73666: shutdown
2023-07-05 13:44:48,513 [009ab419-7007-4517-9228-4425fd87ec20@group-E645A076D475-StateMachineUpdater] INFO  ratis.ContainerStateMachine (ContainerStateMachine.java:takeSnapshot(341)) - group-E645A076D475: Finished taking a snapshot at:(t:1, i:0) file:/home/runner/work/ozone/ozone/hadoop-ozone/integration-test/target/test-dir/MiniOzoneClusterImpl-5a349b9d-530c-474e-9da9-45562981beee/datanode-1/data/ratis/feadb886-544a-4fa3-8b02-e645a076d475/sm/snapshot.1_0 took: 1 ms
2023-07-05 13:44:48,514 [009ab419-7007-4517-9228-4425fd87ec20-impl-thread3] INFO  util.JmxRegister (JmxRegister.java:unregister(73)) - Successfully un-registered JMX Bean with object name Ratis:service=RaftServer,group=group-419B63F73666,id=009ab419-7007-4517-9228-4425fd87ec20
2023-07-05 13:44:48,514 [009ab419-7007-4517-9228-4425fd87ec20@group-E645A076D475-StateMachineUpdater] INFO  impl.StateMachineUpdater (StateMachineUpdater.java:takeSnapshot(291)) - 009ab419-7007-4517-9228-4425fd87ec20@group-E645A076D475-StateMachineUpdater: Took a snapshot at index 0
2023-07-05 13:44:48,514 [009ab419-7007-4517-9228-4425fd87ec20@group-E645A076D475-StateMachineUpdater] INFO  impl.StateMachineUpdater (StateMachineUpdater.java:lambda$new$0(97)) - 009ab419-7007-4517-9228-4425fd87ec20@group-E645A076D475-StateMachineUpdater: snapshotIndex: updateIncreasingly -1 -> 0
2023-07-05 13:44:48,514 [009ab419-7007-4517-9228-4425fd87ec20-impl-thread3] INFO  impl.RoleInfo (RoleInfo.java:shutdownLeaderState(93)) - 009ab419-7007-4517-9228-4425fd87ec20: shutdown 009ab419-7007-4517-9228-4425fd87ec20@group-419B63F73666-LeaderStateImpl
2023-07-05 13:44:48,514 [009ab419-7007-4517-9228-4425fd87ec20-impl-thread2] INFO  server.RaftServer$Division (ServerState.java:close(472)) - 009ab419-7007-4517-9228-4425fd87ec20@group-E645A076D475: closes. applyIndex: 0
2023-07-05 13:44:48,519 [Thread-2725] INFO  server.GrpcServerProtocolClient (GrpcServerProtocolClient.java:close(103)) - 39a48944-77e7-4681-b606-55be812809b8 Close channels
2023-07-05 13:44:48,519 [009ab419-7007-4517-9228-4425fd87ec20-impl-thread1] INFO  server.RaftServer$Division (ServerState.java:close(472)) - 009ab419-7007-4517-9228-4425fd87ec20@group-B927724E89F9: closes. applyIndex: 5
2023-07-05 13:44:48,520 [009ab419-7007-4517-9228-4425fd87ec20-impl-thread3] INFO  impl.PendingRequests (PendingRequests.java:sendNotLeaderResponses(289)) - 009ab419-7007-4517-9228-4425fd87ec20@group-419B63F73666-PendingRequests: sendNotLeaderResponses
2023-07-05 13:44:48,520 [009ab419-7007-4517-9228-4425fd87ec20-impl-thread3] INFO  impl.StateMachineUpdater (StateMachineUpdater.java:stopAndJoin(155)) - 009ab419-7007-4517-9228-4425fd87ec20@group-419B63F73666-StateMachineUpdater: set stopIndex = 0
2023-07-05 13:44:48,520 [009ab419-7007-4517-9228-4425fd87ec20@group-419B63F73666->39a48944-77e7-4681-b606-55be812809b8-GrpcLogAppender-LogAppenderDaemon] WARN  server.GrpcLogAppender (GrpcLogAppender.java:mayWait(199)) - 009ab419-7007-4517-9228-4425fd87ec20@group-419B63F73666->39a48944-77e7-4681-b606-55be812809b8-GrpcLogAppender: Wait interrupted by java.lang.InterruptedException
2023-07-05 13:44:48,520 [009ab419-7007-4517-9228-4425fd87ec20@group-419B63F73666-StateMachineUpdater] INFO  ratis.ContainerStateMachine (ContainerStateMachine.java:takeSnapshot(330)) - group-419B63F73666: Taking a snapshot at:(t:1, i:0) file /home/runner/work/ozone/ozone/hadoop-ozone/integration-test/target/test-dir/MiniOzoneClusterImpl-5a349b9d-530c-474e-9da9-45562981beee/datanode-1/data/ratis/bb722c83-4313-4365-b6e0-419b63f73666/sm/snapshot.1_0
2023-07-05 13:44:48,520 [009ab419-7007-4517-9228-4425fd87ec20@group-419B63F73666->9cad0a2d-2056-47c2-83a8-166be64b57fa-GrpcLogAppender-LogAppenderDaemon] WARN  server.GrpcLogAppender (GrpcLogAppender.java:mayWait(199)) - 009ab419-7007-4517-9228-4425fd87ec20@group-419B63F73666->9cad0a2d-2056-47c2-83a8-166be64b57fa-GrpcLogAppender: Wait interrupted by java.lang.InterruptedException
2023-07-05 13:44:48,521 [grpc-default-executor-1] INFO  server.GrpcServerProtocolService (GrpcServerProtocolService.java:onCompleted(155)) - 9cad0a2d-2056-47c2-83a8-166be64b57fa: Completed APPEND_ENTRIES, lastRequest: null
2023-07-05 13:44:48,522 [grpc-default-executor-4] INFO  server.GrpcServerProtocolService (GrpcServerProtocolService.java:onCompleted(155)) - 9cad0a2d-2056-47c2-83a8-166be64b57fa: Completed APPEND_ENTRIES, lastRequest: 009ab419-7007-4517-9228-4425fd87ec20->9cad0a2d-2056-47c2-83a8-166be64b57fa#1-t1,previous=(t:0, i:0),leaderCommit=-1,initializing? true,entries: size=1, first=(t:1, i:0), CONFIGURATIONENTRY(current:id: "39a48944-77e7-4681-b606-55be812809b8"
address: "10.1.0.13:15244"
dataStreamAddress: "10.1.0.13:15245"
clientAddress: "10.1.0.13:15242"
adminAddress: "10.1.0.13:15243"
startupRole: FOLLOWER
,id: "009ab419-7007-4517-9228-4425fd87ec20"
address: "10.1.0.13:15235"
priority: 1
dataStreamAddress: "10.1.0.13:15236"
clientAddress: "10.1.0.13:15233"
adminAddress: "10.1.0.13:15234"
startupRole: FOLLOWER
,id: "9cad0a2d-2056-47c2-83a8-166be64b57fa"
address: "10.1.0.13:15226"
dataStreamAddress: "10.1.0.13:15227"
clientAddress: "10.1.0.13:15224"
adminAddress: "10.1.0.13:15225"
startupRole: FOLLOWER
, old:)
2023-07-05 13:44:48,522 [grpc-default-executor-1] INFO  server.GrpcServerProtocolService (GrpcServerProtocolService.java:lambda$onCompleted$5(157)) - 9cad0a2d-2056-47c2-83a8-166be64b57fa: Completed APPEND_ENTRIES, lastReply: serverReply {
  requestorId: "009ab419-7007-4517-9228-4425fd87ec20"
  replyId: "9cad0a2d-2056-47c2-83a8-166be64b57fa"
  raftGroupId {
    id: "\273r,\203C\023Ce\266\340A\233c\3676f"
  }
  callId: 5
  success: true
}
term: 1
nextIndex: 1
matchIndex: 18446744073709551615
isHearbeat: true

2023-07-05 13:44:48,524 [grpc-default-executor-0] INFO  server.GrpcServerProtocolService (GrpcServerProtocolService.java:onCompleted(155)) - 39a48944-77e7-4681-b606-55be812809b8: Completed APPEND_ENTRIES, lastRequest: 009ab419-7007-4517-9228-4425fd87ec20->39a48944-77e7-4681-b606-55be812809b8#1-t1,previous=(t:0, i:0),leaderCommit=-1,initializing? true,entries: size=1, first=(t:1, i:0), CONFIGURATIONENTRY(current:id: "39a48944-77e7-4681-b606-55be812809b8"
address: "10.1.0.13:15244"
dataStreamAddress: "10.1.0.13:15245"
clientAddress: "10.1.0.13:15242"
adminAddress: "10.1.0.13:15243"
startupRole: FOLLOWER
,id: "009ab419-7007-4517-9228-4425fd87ec20"
address: "10.1.0.13:15235"
priority: 1
dataStreamAddress: "10.1.0.13:15236"
clientAddress: "10.1.0.13:15233"
adminAddress: "10.1.0.13:15234"
startupRole: FOLLOWER
,id: "9cad0a2d-2056-47c2-83a8-166be64b57fa"
address: "10.1.0.13:15226"
dataStreamAddress: "10.1.0.13:15227"
clientAddress: "10.1.0.13:15224"
adminAddress: "10.1.0.13:15225"
startupRole: FOLLOWER
, old:)
2023-07-05 13:44:48,524 [grpc-default-executor-0] INFO  server.GrpcServerProtocolService (GrpcServerProtocolService.java:lambda$onCompleted$5(157)) - 39a48944-77e7-4681-b606-55be812809b8: Completed APPEND_ENTRIES, lastReply: null
2023-07-05 13:44:48,524 [grpc-default-executor-3] INFO  server.GrpcServerProtocolService (GrpcServerProtocolService.java:onCompleted(155)) - 39a48944-77e7-4681-b606-55be812809b8: Completed APPEND_ENTRIES, lastRequest: null
2023-07-05 13:44:48,525 [grpc-default-executor-3] INFO  server.GrpcServerProtocolService (GrpcServerProtocolService.java:lambda$onCompleted$5(157)) - 39a48944-77e7-4681-b606-55be812809b8: Completed APPEND_ENTRIES, lastReply: serverReply {
  requestorId: "009ab419-7007-4517-9228-4425fd87ec20"
  replyId: "39a48944-77e7-4681-b606-55be812809b8"
  raftGroupId {
    id: "\273r,\203C\023Ce\266\340A\233c\3676f"
  }
  callId: 5
  success: true
}
term: 1
nextIndex: 1
matchIndex: 18446744073709551615
isHearbeat: true

2023-07-05 13:44:48,523 [009ab419-7007-4517-9228-4425fd87ec20@group-419B63F73666-StateMachineUpdater] INFO  ratis.ContainerStateMachine (ContainerStateMachine.java:takeSnapshot(341)) - group-419B63F73666: Finished taking a snapshot at:(t:1, i:0) file:/home/runner/work/ozone/ozone/hadoop-ozone/integration-test/target/test-dir/MiniOzoneClusterImpl-5a349b9d-530c-474e-9da9-45562981beee/datanode-1/data/ratis/bb722c83-4313-4365-b6e0-419b63f73666/sm/snapshot.1_0 took: 3 ms
2023-07-05 13:44:48,523 [Thread-2727] INFO  server.GrpcServerProtocolClient (GrpcServerProtocolClient.java:close(103)) - 9cad0a2d-2056-47c2-83a8-166be64b57fa Close channels
2023-07-05 13:44:48,523 [grpc-default-executor-4] INFO  server.GrpcServerProtocolService (GrpcServerProtocolService.java:lambda$onCompleted$5(157)) - 9cad0a2d-2056-47c2-83a8-166be64b57fa: Completed APPEND_ENTRIES, lastReply: null
2023-07-05 13:44:48,526 [grpc-default-executor-3] INFO  server.GrpcLogAppender (GrpcLogAppender.java:onCompleted(428)) - 009ab419-7007-4517-9228-4425fd87ec20@group-419B63F73666->39a48944-77e7-4681-b606-55be812809b8-AppendLogResponseHandler: follower responses appendEntries COMPLETED
2023-07-05 13:44:48,526 [grpc-default-executor-3] WARN  server.GrpcLogAppender (GrpcLogAppender.java:resetClient(137)) - 009ab419-7007-4517-9228-4425fd87ec20@group-419B63F73666->39a48944-77e7-4681-b606-55be812809b8-GrpcLogAppender: Failed to getClient for 39a48944-77e7-4681-b606-55be812809b8
org.apache.ratis.protocol.exceptions.AlreadyClosedException: 009ab419-7007-4517-9228-4425fd87ec20 is already CLOSED
	at org.apache.ratis.util.PeerProxyMap$PeerAndProxy.getProxy(PeerProxyMap.java:61)
	at org.apache.ratis.util.PeerProxyMap.getProxy(PeerProxyMap.java:115)
	at org.apache.ratis.grpc.server.GrpcLogAppender.getClient(GrpcLogAppender.java:112)
	at org.apache.ratis.grpc.server.GrpcLogAppender.resetClient(GrpcLogAppender.java:117)
	at org.apache.ratis.grpc.server.GrpcLogAppender.access$500(GrpcLogAppender.java:56)
	at org.apache.ratis.grpc.server.GrpcLogAppender$AppendLogResponseHandler.onCompleted(GrpcLogAppender.java:429)
	at org.apache.ratis.thirdparty.io.grpc.stub.ClientCalls$StreamObserverToCallListenerAdapter.onClose(ClientCalls.java:485)
	at org.apache.ratis.thirdparty.io.grpc.internal.ClientCallImpl.closeObserver(ClientCallImpl.java:563)
	at org.apache.ratis.thirdparty.io.grpc.internal.ClientCallImpl.access$300(ClientCallImpl.java:70)
	at org.apache.ratis.thirdparty.io.grpc.internal.ClientCallImpl$ClientStreamListenerImpl$1StreamClosed.runInternal(ClientCallImpl.java:744)
	at org.apache.ratis.thirdparty.io.grpc.internal.ClientCallImpl$ClientStreamListenerImpl$1StreamClosed.runInContext(ClientCallImpl.java:723)
	at org.apache.ratis.thirdparty.io.grpc.internal.ContextRunnable.run(ContextRunnable.java:37)
	at org.apache.ratis.thirdparty.io.grpc.internal.SerializingExecutor.run(SerializingExecutor.java:133)
	at java.util.concurrent.ThreadPoolExecutor.runWorker(ThreadPoolExecutor.java:1149)
	at java.util.concurrent.ThreadPoolExecutor$Worker.run(ThreadPoolExecutor.java:624)
	at java.lang.Thread.run(Thread.java:750)
2023-07-05 13:44:48,526 [009ab419-7007-4517-9228-4425fd87ec20@group-419B63F73666-StateMachineUpdater] INFO  impl.StateMachineUpdater (StateMachineUpdater.java:takeSnapshot(291)) - 009ab419-7007-4517-9228-4425fd87ec20@group-419B63F73666-StateMachineUpdater: Took a snapshot at index 0
2023-07-05 13:44:48,526 [009ab419-7007-4517-9228-4425fd87ec20@group-419B63F73666-StateMachineUpdater] INFO  impl.StateMachineUpdater (StateMachineUpdater.java:lambda$new$0(97)) - 009ab419-7007-4517-9228-4425fd87ec20@group-419B63F73666-StateMachineUpdater: snapshotIndex: updateIncreasingly -1 -> 0
2023-07-05 13:44:48,528 [grpc-default-executor-2] INFO  server.GrpcLogAppender (GrpcLogAppender.java:onCompleted(428)) - 009ab419-7007-4517-9228-4425fd87ec20@group-419B63F73666->9cad0a2d-2056-47c2-83a8-166be64b57fa-AppendLogResponseHandler: follower responses appendEntries COMPLETED
2023-07-05 13:44:48,528 [grpc-default-executor-2] WARN  server.GrpcLogAppender (GrpcLogAppender.java:resetClient(137)) - 009ab419-7007-4517-9228-4425fd87ec20@group-419B63F73666->9cad0a2d-2056-47c2-83a8-166be64b57fa-GrpcLogAppender: Failed to getClient for 9cad0a2d-2056-47c2-83a8-166be64b57fa
org.apache.ratis.protocol.exceptions.AlreadyClosedException: 009ab419-7007-4517-9228-4425fd87ec20 is already CLOSED
	at org.apache.ratis.util.PeerProxyMap$PeerAndProxy.getProxy(PeerProxyMap.java:61)
	at org.apache.ratis.util.PeerProxyMap.getProxy(PeerProxyMap.java:115)
	at org.apache.ratis.grpc.server.GrpcLogAppender.getClient(GrpcLogAppender.java:112)
	at org.apache.ratis.grpc.server.GrpcLogAppender.resetClient(GrpcLogAppender.java:117)
	at org.apache.ratis.grpc.server.GrpcLogAppender.access$500(GrpcLogAppender.java:56)
	at org.apache.ratis.grpc.server.GrpcLogAppender$AppendLogResponseHandler.onCompleted(GrpcLogAppender.java:429)
	at org.apache.ratis.thirdparty.io.grpc.stub.ClientCalls$StreamObserverToCallListenerAdapter.onClose(ClientCalls.java:485)
	at org.apache.ratis.thirdparty.io.grpc.internal.DelayedClientCall$DelayedListener$3.run(DelayedClientCall.java:471)
	at org.apache.ratis.thirdparty.io.grpc.internal.DelayedClientCall$DelayedListener.delayOrExecute(DelayedClientCall.java:435)
	at org.apache.ratis.thirdparty.io.grpc.internal.DelayedClientCall$DelayedListener.onClose(DelayedClientCall.java:468)
	at org.apache.ratis.thirdparty.io.grpc.internal.ClientCallImpl.closeObserver(ClientCallImpl.java:563)
	at org.apache.ratis.thirdparty.io.grpc.internal.ClientCallImpl.access$300(ClientCallImpl.java:70)
	at org.apache.ratis.thirdparty.io.grpc.internal.ClientCallImpl$ClientStreamListenerImpl$1StreamClosed.runInternal(ClientCallImpl.java:744)
	at org.apache.ratis.thirdparty.io.grpc.internal.ClientCallImpl$ClientStreamListenerImpl$1StreamClosed.runInContext(ClientCallImpl.java:723)
	at org.apache.ratis.thirdparty.io.grpc.internal.ContextRunnable.run(ContextRunnable.java:37)
	at org.apache.ratis.thirdparty.io.grpc.internal.SerializingExecutor.run(SerializingExecutor.java:133)
	at java.util.concurrent.ThreadPoolExecutor.runWorker(ThreadPoolExecutor.java:1149)
	at java.util.concurrent.ThreadPoolExecutor$Worker.run(ThreadPoolExecutor.java:624)
	at java.lang.Thread.run(Thread.java:750)
2023-07-05 13:44:48,528 [grpc-default-executor-5] INFO  server.GrpcLogAppender (GrpcLogAppender.java:onCompleted(428)) - 009ab419-7007-4517-9228-4425fd87ec20@group-419B63F73666->39a48944-77e7-4681-b606-55be812809b8-AppendLogResponseHandler: follower responses appendEntries COMPLETED
2023-07-05 13:44:48,529 [grpc-default-executor-5] WARN  server.GrpcLogAppender (GrpcLogAppender.java:resetClient(137)) - 009ab419-7007-4517-9228-4425fd87ec20@group-419B63F73666->39a48944-77e7-4681-b606-55be812809b8-GrpcLogAppender: Failed to getClient for 39a48944-77e7-4681-b606-55be812809b8
org.apache.ratis.protocol.exceptions.AlreadyClosedException: 009ab419-7007-4517-9228-4425fd87ec20 is already CLOSED
	at org.apache.ratis.util.PeerProxyMap$PeerAndProxy.getProxy(PeerProxyMap.java:61)
	at org.apache.ratis.util.PeerProxyMap.getProxy(PeerProxyMap.java:115)
	at org.apache.ratis.grpc.server.GrpcLogAppender.getClient(GrpcLogAppender.java:112)
	at org.apache.ratis.grpc.server.GrpcLogAppender.resetClient(GrpcLogAppender.java:117)
	at org.apache.ratis.grpc.server.GrpcLogAppender.access$500(GrpcLogAppender.java:56)
	at org.apache.ratis.grpc.server.GrpcLogAppender$AppendLogResponseHandler.onCompleted(GrpcLogAppender.java:429)
	at org.apache.ratis.thirdparty.io.grpc.stub.ClientCalls$StreamObserverToCallListenerAdapter.onClose(ClientCalls.java:485)
	at org.apache.ratis.thirdparty.io.grpc.internal.ClientCallImpl.closeObserver(ClientCallImpl.java:563)
	at org.apache.ratis.thirdparty.io.grpc.internal.ClientCallImpl.access$300(ClientCallImpl.java:70)
	at org.apache.ratis.thirdparty.io.grpc.internal.ClientCallImpl$ClientStreamListenerImpl$1StreamClosed.runInternal(ClientCallImpl.java:744)
	at org.apache.ratis.thirdparty.io.grpc.internal.ClientCallImpl$ClientStreamListenerImpl$1StreamClosed.runInContext(ClientCallImpl.java:723)
	at org.apache.ratis.thirdparty.io.grpc.internal.ContextRunnable.run(ContextRunnable.java:37)
	at org.apache.ratis.thirdparty.io.grpc.internal.SerializingExecutor.run(SerializingExecutor.java:133)
	at java.util.concurrent.ThreadPoolExecutor.runWorker(ThreadPoolExecutor.java:1149)
	at java.util.concurrent.ThreadPoolExecutor$Worker.run(ThreadPoolExecutor.java:624)
	at java.lang.Thread.run(Thread.java:750)
2023-07-05 13:44:48,529 [009ab419-7007-4517-9228-4425fd87ec20-impl-thread3] INFO  server.RaftServer$Division (ServerState.java:close(472)) - 009ab419-7007-4517-9228-4425fd87ec20@group-419B63F73666: closes. applyIndex: 0
2023-07-05 13:44:48,533 [grpc-default-executor-5] INFO  server.GrpcLogAppender (GrpcLogAppender.java:onCompleted(428)) - 009ab419-7007-4517-9228-4425fd87ec20@group-419B63F73666->9cad0a2d-2056-47c2-83a8-166be64b57fa-AppendLogResponseHandler: follower responses appendEntries COMPLETED
2023-07-05 13:44:48,534 [Time-limited test] INFO  server.GrpcService (GrpcService.java:closeImpl(320)) - 009ab419-7007-4517-9228-4425fd87ec20: shutdown server org.apache.ratis.grpc.server.GrpcClientProtocolService successfully
2023-07-05 13:44:48,534 [Time-limited test] INFO  server.GrpcService (GrpcService.java:closeImpl(311)) - 009ab419-7007-4517-9228-4425fd87ec20: shutdown server GrpcServerProtocolService now
2023-07-05 13:44:48,537 [grpc-default-executor-3] WARN  server.GrpcServerProtocolService (LogUtils.java:warn(122)) - 009ab419-7007-4517-9228-4425fd87ec20: APPEND_ENTRIES onError, lastRequest: 9cad0a2d-2056-47c2-83a8-166be64b57fa->009ab419-7007-4517-9228-4425fd87ec20#15-t1,previous=(t:1, i:5),leaderCommit=5,initializing? true,entries: size=1, first=(t:1, i:6), METADATAENTRY(c:5): org.apache.ratis.thirdparty.io.grpc.StatusRuntimeException: CANCELLED: client cancelled
2023-07-05 13:44:48,538 [grpc-default-executor-0] WARN  server.GrpcServerProtocolService (LogUtils.java:warn(122)) - 009ab419-7007-4517-9228-4425fd87ec20: APPEND_ENTRIES onError, lastRequest: null: org.apache.ratis.thirdparty.io.grpc.StatusRuntimeException: CANCELLED: client cancelled
2023-07-05 13:44:48,539 [grpc-default-executor-5] WARN  server.GrpcLogAppender (GrpcLogAppender.java:resetClient(137)) - 009ab419-7007-4517-9228-4425fd87ec20@group-419B63F73666->9cad0a2d-2056-47c2-83a8-166be64b57fa-GrpcLogAppender: Failed to getClient for 9cad0a2d-2056-47c2-83a8-166be64b57fa
org.apache.ratis.protocol.exceptions.AlreadyClosedException: 009ab419-7007-4517-9228-4425fd87ec20 is already CLOSED
	at org.apache.ratis.util.PeerProxyMap$PeerAndProxy.getProxy(PeerProxyMap.java:61)
	at org.apache.ratis.util.PeerProxyMap.getProxy(PeerProxyMap.java:115)
	at org.apache.ratis.grpc.server.GrpcLogAppender.getClient(GrpcLogAppender.java:112)
	at org.apache.ratis.grpc.server.GrpcLogAppender.resetClient(GrpcLogAppender.java:117)
	at org.apache.ratis.grpc.server.GrpcLogAppender.access$500(GrpcLogAppender.java:56)
	at org.apache.ratis.grpc.server.GrpcLogAppender$AppendLogResponseHandler.onCompleted(GrpcLogAppender.java:429)
	at org.apache.ratis.thirdparty.io.grpc.stub.ClientCalls$StreamObserverToCallListenerAdapter.onClose(ClientCalls.java:485)
	at org.apache.ratis.thirdparty.io.grpc.internal.ClientCallImpl.closeObserver(ClientCallImpl.java:563)
	at org.apache.ratis.thirdparty.io.grpc.internal.ClientCallImpl.access$300(ClientCallImpl.java:70)
	at org.apache.ratis.thirdparty.io.grpc.internal.ClientCallImpl$ClientStreamListenerImpl$1StreamClosed.runInternal(ClientCallImpl.java:744)
	at org.apache.ratis.thirdparty.io.grpc.internal.ClientCallImpl$ClientStreamListenerImpl$1StreamClosed.runInContext(ClientCallImpl.java:723)
	at org.apache.ratis.thirdparty.io.grpc.internal.ContextRunnable.run(ContextRunnable.java:37)
	at org.apache.ratis.thirdparty.io.grpc.internal.SerializingExecutor.run(SerializingExecutor.java:133)
	at java.util.concurrent.ThreadPoolExecutor.runWorker(ThreadPoolExecutor.java:1149)
	at java.util.concurrent.ThreadPoolExecutor$Worker.run(ThreadPoolExecutor.java:624)
	at java.lang.Thread.run(Thread.java:750)
2023-07-05 13:44:48,543 [grpc-default-executor-0] WARN  server.GrpcLogAppender (LogUtils.java:warn(122)) - 9cad0a2d-2056-47c2-83a8-166be64b57fa@group-B927724E89F9->009ab419-7007-4517-9228-4425fd87ec20-AppendLogResponseHandler: Failed appendEntries: org.apache.ratis.thirdparty.io.grpc.StatusRuntimeException: CANCELLED: RST_STREAM closed stream. HTTP/2 error code: CANCEL
2023-07-05 13:44:48,543 [grpc-default-executor-0] INFO  leader.FollowerInfo (FollowerInfoImpl.java:lambda$new$0(52)) - 9cad0a2d-2056-47c2-83a8-166be64b57fa@group-B927724E89F9->009ab419-7007-4517-9228-4425fd87ec20: decreaseNextIndex nextIndex: updateUnconditionally 7 -> 6
2023-07-05 13:44:48,543 [grpc-default-executor-1] WARN  server.GrpcLogAppender (LogUtils.java:warn(122)) - 9cad0a2d-2056-47c2-83a8-166be64b57fa@group-B927724E89F9->009ab419-7007-4517-9228-4425fd87ec20-AppendLogResponseHandler: Failed appendEntries: org.apache.ratis.thirdparty.io.grpc.StatusRuntimeException: CANCELLED: RST_STREAM closed stream. HTTP/2 error code: CANCEL
2023-07-05 13:44:48,543 [grpc-default-executor-1] INFO  leader.FollowerInfo (FollowerInfoImpl.java:lambda$new$0(52)) - 9cad0a2d-2056-47c2-83a8-166be64b57fa@group-B927724E89F9->009ab419-7007-4517-9228-4425fd87ec20: decreaseNextIndex nextIndex: updateUnconditionally 6 -> 5
2023-07-05 13:44:48,543 [Time-limited test] INFO  server.GrpcService (GrpcService.java:closeImpl(320)) - 009ab419-7007-4517-9228-4425fd87ec20: shutdown server GrpcServerProtocolService successfully
2023-07-05 13:44:48,543 [Time-limited test] INFO  server.GrpcService (GrpcService.java:closeImpl(311)) - 009ab419-7007-4517-9228-4425fd87ec20: shutdown server org.apache.ratis.grpc.server.GrpcAdminProtocolService now
2023-07-05 13:44:48,544 [Time-limited test] INFO  server.GrpcService (GrpcService.java:closeImpl(320)) - 009ab419-7007-4517-9228-4425fd87ec20: shutdown server org.apache.ratis.grpc.server.GrpcAdminProtocolService successfully
2023-07-05 13:44:48,545 [009ab419-7007-4517-9228-4425fd87ec20-NettyServerStreamRpc-bossGroup--thread1] INFO  logging.LoggingHandler (AbstractInternalLogger.java:log(148)) - [id: 0x5f4483dd, L:/0:0:0:0:0:0:0:0:15236] CLOSE
2023-07-05 13:44:48,545 [009ab419-7007-4517-9228-4425fd87ec20-NettyServerStreamRpc-bossGroup--thread1] INFO  logging.LoggingHandler (AbstractInternalLogger.java:log(148)) - [id: 0x5f4483dd, L:/0:0:0:0:0:0:0:0:15236] INACTIVE
2023-07-05 13:44:48,545 [009ab419-7007-4517-9228-4425fd87ec20-NettyServerStreamRpc-bossGroup--thread1] INFO  logging.LoggingHandler (AbstractInternalLogger.java:log(148)) - [id: 0x5f4483dd, L:/0:0:0:0:0:0:0:0:15236] UNREGISTERED
2023-07-05 13:44:48,551 [009ab419-7007-4517-9228-4425fd87ec20-impl-thread3] INFO  segmented.SegmentedRaftLogWorker (SegmentedRaftLogWorker.java:close(252)) - 009ab419-7007-4517-9228-4425fd87ec20@group-419B63F73666-SegmentedRaftLogWorker close()
2023-07-05 13:44:48,597 [009ab419-7007-4517-9228-4425fd87ec20-impl-thread2] INFO  segmented.SegmentedRaftLogWorker (SegmentedRaftLogWorker.java:close(252)) - 009ab419-7007-4517-9228-4425fd87ec20@group-E645A076D475-SegmentedRaftLogWorker close()
2023-07-05 13:44:48,707 [ReplicationMonitor] INFO  replication.ReplicationManager (ReplicationManager.java:processAll(389)) - Replication Monitor Thread took 1 milliseconds for processing 1 containers.
2023-07-05 13:44:49,461 [009ab419-7007-4517-9228-4425fd87ec20-impl-thread1] INFO  segmented.SegmentedRaftLogWorker (SegmentedRaftLogWorker.java:close(252)) - 009ab419-7007-4517-9228-4425fd87ec20@group-B927724E89F9-SegmentedRaftLogWorker close()
2023-07-05 13:44:49,462 [JvmPauseMonitor31] INFO  util.JvmPauseMonitor (JvmPauseMonitor.java:run(109)) - JvmPauseMonitor-009ab419-7007-4517-9228-4425fd87ec20: Stopped
2023-07-05 13:44:49,707 [ReplicationMonitor] INFO  replication.ReplicationManager (ReplicationManager.java:processAll(389)) - Replication Monitor Thread took 0 milliseconds for processing 1 containers.
2023-07-05 13:44:50,708 [ReplicationMonitor] INFO  replication.ReplicationManager (ReplicationManager.java:processAll(389)) - Replication Monitor Thread took 1 milliseconds for processing 1 containers.
2023-07-05 13:44:50,963 [grpc-default-executor-4] WARN  server.GrpcLogAppender (LogUtils.java:warn(122)) - 9cad0a2d-2056-47c2-83a8-166be64b57fa@group-B927724E89F9->009ab419-7007-4517-9228-4425fd87ec20-AppendLogResponseHandler: Failed appendEntries: org.apache.ratis.thirdparty.io.grpc.StatusRuntimeException: UNAVAILABLE: io exception
2023-07-05 13:44:50,964 [grpc-default-executor-4] INFO  leader.FollowerInfo (FollowerInfoImpl.java:lambda$new$0(52)) - 9cad0a2d-2056-47c2-83a8-166be64b57fa@group-B927724E89F9->009ab419-7007-4517-9228-4425fd87ec20: decreaseNextIndex nextIndex: updateUnconditionally 5 -> 4
2023-07-05 13:44:50,966 [grpc-default-executor-4] WARN  server.GrpcLogAppender (LogUtils.java:warn(122)) - 9cad0a2d-2056-47c2-83a8-166be64b57fa@group-B927724E89F9->009ab419-7007-4517-9228-4425fd87ec20-AppendLogResponseHandler: Failed appendEntries: org.apache.ratis.thirdparty.io.grpc.StatusRuntimeException: UNAVAILABLE: io exception
2023-07-05 13:44:50,966 [grpc-default-executor-4] INFO  leader.FollowerInfo (FollowerInfoImpl.java:lambda$new$0(52)) - 9cad0a2d-2056-47c2-83a8-166be64b57fa@group-B927724E89F9->009ab419-7007-4517-9228-4425fd87ec20: decreaseNextIndex nextIndex: updateUnconditionally 4 -> 3
2023-07-05 13:44:50,970 [grpc-default-executor-1] WARN  server.GrpcLogAppender (LogUtils.java:warn(122)) - 9cad0a2d-2056-47c2-83a8-166be64b57fa@group-B927724E89F9->009ab419-7007-4517-9228-4425fd87ec20-AppendLogResponseHandler: Failed appendEntries: org.apache.ratis.thirdparty.io.grpc.StatusRuntimeException: UNAVAILABLE: io exception
2023-07-05 13:44:50,970 [grpc-default-executor-1] INFO  leader.FollowerInfo (FollowerInfoImpl.java:lambda$new$0(52)) - 9cad0a2d-2056-47c2-83a8-166be64b57fa@group-B927724E89F9->009ab419-7007-4517-9228-4425fd87ec20: decreaseNextIndex nextIndex: updateUnconditionally 4 -> 3
2023-07-05 13:44:50,970 [grpc-default-executor-1] WARN  server.GrpcLogAppender (LogUtils.java:warn(122)) - 9cad0a2d-2056-47c2-83a8-166be64b57fa@group-B927724E89F9->009ab419-7007-4517-9228-4425fd87ec20-AppendLogResponseHandler: Failed appendEntries: org.apache.ratis.thirdparty.io.grpc.StatusRuntimeException: UNAVAILABLE: io exception
2023-07-05 13:44:50,970 [grpc-default-executor-1] INFO  leader.FollowerInfo (FollowerInfoImpl.java:lambda$new$0(52)) - 9cad0a2d-2056-47c2-83a8-166be64b57fa@group-B927724E89F9->009ab419-7007-4517-9228-4425fd87ec20: decreaseNextIndex nextIndex: updateUnconditionally 3 -> 2
2023-07-05 13:44:50,972 [grpc-default-executor-1] WARN  server.GrpcLogAppender (LogUtils.java:warn(122)) - 9cad0a2d-2056-47c2-83a8-166be64b57fa@group-B927724E89F9->009ab419-7007-4517-9228-4425fd87ec20-AppendLogResponseHandler: Failed appendEntries: org.apache.ratis.thirdparty.io.grpc.StatusRuntimeException: UNAVAILABLE: io exception
2023-07-05 13:44:50,972 [grpc-default-executor-1] INFO  leader.FollowerInfo (FollowerInfoImpl.java:lambda$new$0(52)) - 9cad0a2d-2056-47c2-83a8-166be64b57fa@group-B927724E89F9->009ab419-7007-4517-9228-4425fd87ec20: decreaseNextIndex nextIndex: updateUnconditionally 3 -> 2
2023-07-05 13:44:50,973 [grpc-default-executor-4] WARN  server.GrpcLogAppender (LogUtils.java:warn(122)) - 9cad0a2d-2056-47c2-83a8-166be64b57fa@group-B927724E89F9->009ab419-7007-4517-9228-4425fd87ec20-AppendLogResponseHandler: Failed appendEntries: org.apache.ratis.thirdparty.io.grpc.StatusRuntimeException: UNAVAILABLE: io exception
2023-07-05 13:44:50,973 [grpc-default-executor-4] INFO  leader.FollowerInfo (FollowerInfoImpl.java:lambda$new$0(52)) - 9cad0a2d-2056-47c2-83a8-166be64b57fa@group-B927724E89F9->009ab419-7007-4517-9228-4425fd87ec20: decreaseNextIndex nextIndex: updateUnconditionally 2 -> 1
2023-07-05 13:44:51,467 [Time-limited test] INFO  utils.DatanodeStoreCache (DatanodeStoreCache.java:shutdownCache(110)) - Skip clearing cache in mini cluster mode. Entries left: [/home/runner/work/ozone/ozone/hadoop-ozone/integration-test/target/test-dir/MiniOzoneClusterImpl-5a349b9d-530c-474e-9da9-45562981beee/datanode-0/data-0/containers/hdds/5a349b9d-530c-474e-9da9-45562981beee/DS-b3c0b097-31a9-4c16-b5bf-3f875f476d1d/container.db, /home/runner/work/ozone/ozone/hadoop-ozone/integration-test/target/test-dir/MiniOzoneClusterImpl-5a349b9d-530c-474e-9da9-45562981beee/datanode-1/data-0/containers/hdds/5a349b9d-530c-474e-9da9-45562981beee/DS-8c2bac21-833d-454b-8cd6-66a093555d55/container.db, /home/runner/work/ozone/ozone/hadoop-ozone/integration-test/target/test-dir/MiniOzoneClusterImpl-5a349b9d-530c-474e-9da9-45562981beee/datanode-2/data-0/containers/hdds/5a349b9d-530c-474e-9da9-45562981beee/DS-faaf53cc-cd61-41f1-8d43-4e3e5d269295/container.db, /home/runner/work/ozone/ozone/hadoop-ozone/integration-test/target/test-dir/MiniOzoneClusterImpl-5a349b9d-530c-474e-9da9-45562981beee/datanode-3/data-0/containers/hdds/5a349b9d-530c-474e-9da9-45562981beee/DS-93d080c0-4dd8-4bb0-bf30-75af52a50767/container.db, /home/runner/work/ozone/ozone/hadoop-ozone/integration-test/target/test-dir/MiniOzoneClusterImpl-5a349b9d-530c-474e-9da9-45562981beee/datanode-4/data-0/containers/hdds/5a349b9d-530c-474e-9da9-45562981beee/DS-083a59ca-cd62-404b-91c8-e7412af53d6d/container.db]
2023-07-05 13:44:51,471 [Time-limited test] INFO  utils.DatanodeStoreCache (DatanodeStoreCache.java:removeDB(104)) - Removed db /home/runner/work/ozone/ozone/hadoop-ozone/integration-test/target/test-dir/MiniOzoneClusterImpl-5a349b9d-530c-474e-9da9-45562981beee/datanode-1/data-0/containers/hdds/5a349b9d-530c-474e-9da9-45562981beee/DS-8c2bac21-833d-454b-8cd6-66a093555d55/container.db from cache
2023-07-05 13:44:51,471 [Time-limited test] INFO  volume.HddsVolume (HddsVolume.java:closeDbStore(509)) - SchemaV3 db is stopped at /home/runner/work/ozone/ozone/hadoop-ozone/integration-test/target/test-dir/MiniOzoneClusterImpl-5a349b9d-530c-474e-9da9-45562981beee/datanode-1/data-0/containers/hdds/5a349b9d-530c-474e-9da9-45562981beee/DS-8c2bac21-833d-454b-8cd6-66a093555d55/container.db for volume DS-8c2bac21-833d-454b-8cd6-66a093555d55
2023-07-05 13:44:51,471 [Time-limited test] INFO  utils.BackgroundService (BackgroundService.java:shutdown(141)) - Shutting down service BlockDeletingService
2023-07-05 13:44:51,471 [Time-limited test] INFO  utils.BackgroundService (BackgroundService.java:shutdown(141)) - Shutting down service StaleRecoveringContainerScrubbingService
2023-07-05 13:44:51,472 [Time-limited test] INFO  statemachine.DatanodeStateMachine (DatanodeStateMachine.java:stopDaemon(613)) - Ozone container server stopped.
2023-07-05 13:44:51,485 [Time-limited test] INFO  handler.ContextHandler (ContextHandler.java:doStop(1159)) - Stopped o.e.j.w.WebAppContext@32d85ff6{hddsDatanode,/,null,STOPPED}{jar:file:/home/runner/.m2/repository/org/apache/ozone/hdds-container-service/1.4.0-SNAPSHOT/hdds-container-service-1.4.0-SNAPSHOT.jar!/webapps/hddsDatanode}
2023-07-05 13:44:51,485 [Time-limited test] INFO  server.AbstractConnector (AbstractConnector.java:doStop(383)) - Stopped ServerConnector@510c96df{HTTP/1.1, (http/1.1)}{0.0.0.0:15230}
2023-07-05 13:44:51,485 [Time-limited test] INFO  server.session (HouseKeeper.java:stopScavenging(149)) - node0 Stopped scavenging
2023-07-05 13:44:51,486 [Time-limited test] INFO  handler.ContextHandler (ContextHandler.java:doStop(1159)) - Stopped o.e.j.s.ServletContextHandler@e92ffba{static,/static,jar:file:/home/runner/.m2/repository/org/apache/ozone/hdds-container-service/1.4.0-SNAPSHOT/hdds-container-service-1.4.0-SNAPSHOT.jar!/webapps/static,STOPPED}
2023-07-05 13:44:51,486 [Time-limited test] INFO  handler.ContextHandler (ContextHandler.java:doStop(1159)) - Stopped o.e.j.s.ServletContextHandler@1b7678e8{logs,/logs,file:///home/runner/work/ozone/ozone/hadoop-ozone/integration-test/target/log,STOPPED}
2023-07-05 13:44:51,486 [Time-limited test] INFO  ozone.HddsDatanodeClientProtocolServer (HddsDatanodeClientProtocolServer.java:stop(78)) - Stopping the RPC server for Client Protocol
2023-07-05 13:44:51,486 [Time-limited test] INFO  ipc.Server (Server.java:stop(3523)) - Stopping server on 15231
2023-07-05 13:44:51,489 [IPC Server Responder] INFO  ipc.Server (Server.java:run(1567)) - Stopping IPC Server Responder
2023-07-05 13:44:51,489 [IPC Server listener on 15231] INFO  ipc.Server (Server.java:run(1434)) - Stopping IPC Server listener on 15231
2023-07-05 13:44:51,490 [Time-limited test] INFO  container.TestHelper (TestHelper.java:countReplicas(423)) - Container 1 has 3 replicas on [009ab419-7007-4517-9228-4425fd87ec20, 39a48944-77e7-4681-b606-55be812809b8, 9cad0a2d-2056-47c2-83a8-166be64b57fa]
2023-07-05 13:44:51,523 [EventQueue-StaleNodeForStaleNodeHandler] INFO  node.StaleNodeHandler (StaleNodeHandler.java:onMessage(58)) - Datanode 009ab419-7007-4517-9228-4425fd87ec20(fv-az264-29.ca02foy5wcnuvlrvrz2wi3p2og.dx.internal.cloudapp.net/10.1.0.13) moved to stale state. Finalizing its pipelines [PipelineID=1f5d9adf-97c4-49d3-8b94-b927724e89f9, PipelineID=feadb886-544a-4fa3-8b02-e645a076d475, PipelineID=bb722c83-4313-4365-b6e0-419b63f73666]
2023-07-05 13:44:51,524 [EventQueue-StaleNodeForStaleNodeHandler] INFO  pipeline.PipelineManagerImpl (PipelineManagerImpl.java:closePipeline(510)) - Pipeline Pipeline[ Id: 1f5d9adf-97c4-49d3-8b94-b927724e89f9, Nodes: 009ab419-7007-4517-9228-4425fd87ec20(fv-az264-29.ca02foy5wcnuvlrvrz2wi3p2og.dx.internal.cloudapp.net/10.1.0.13)39a48944-77e7-4681-b606-55be812809b8(fv-az264-29.ca02foy5wcnuvlrvrz2wi3p2og.dx.internal.cloudapp.net/10.1.0.13)9cad0a2d-2056-47c2-83a8-166be64b57fa(fv-az264-29.ca02foy5wcnuvlrvrz2wi3p2og.dx.internal.cloudapp.net/10.1.0.13), ReplicationConfig: RATIS/THREE, State:OPEN, leaderId:9cad0a2d-2056-47c2-83a8-166be64b57fa, CreationTimestamp2023-07-05T13:44:37.695Z[Etc/UTC]] moved to CLOSED state
2023-07-05 13:44:51,525 [EventQueue-StaleNodeForStaleNodeHandler] INFO  pipeline.PipelineManagerImpl (PipelineManagerImpl.java:closePipeline(510)) - Pipeline Pipeline[ Id: feadb886-544a-4fa3-8b02-e645a076d475, Nodes: 009ab419-7007-4517-9228-4425fd87ec20(fv-az264-29.ca02foy5wcnuvlrvrz2wi3p2og.dx.internal.cloudapp.net/10.1.0.13), ReplicationConfig: RATIS/ONE, State:OPEN, leaderId:009ab419-7007-4517-9228-4425fd87ec20, CreationTimestamp2023-07-05T13:44:37.361Z[Etc/UTC]] moved to CLOSED state
2023-07-05 13:44:51,525 [EventQueue-StaleNodeForStaleNodeHandler] INFO  pipeline.PipelineManagerImpl (PipelineManagerImpl.java:closePipeline(510)) - Pipeline Pipeline[ Id: bb722c83-4313-4365-b6e0-419b63f73666, Nodes: 39a48944-77e7-4681-b606-55be812809b8(fv-az264-29.ca02foy5wcnuvlrvrz2wi3p2og.dx.internal.cloudapp.net/10.1.0.13)9cad0a2d-2056-47c2-83a8-166be64b57fa(fv-az264-29.ca02foy5wcnuvlrvrz2wi3p2og.dx.internal.cloudapp.net/10.1.0.13)009ab419-7007-4517-9228-4425fd87ec20(fv-az264-29.ca02foy5wcnuvlrvrz2wi3p2og.dx.internal.cloudapp.net/10.1.0.13), ReplicationConfig: RATIS/THREE, State:OPEN, leaderId:009ab419-7007-4517-9228-4425fd87ec20, CreationTimestamp2023-07-05T13:44:37.696Z[Etc/UTC]] moved to CLOSED state
2023-07-05 13:44:51,714 [ReplicationMonitor] INFO  replication.ReplicationManager (ReplicationManager.java:processAll(389)) - Replication Monitor Thread took 0 milliseconds for processing 1 containers.
2023-07-05 13:44:52,213 [grpc-default-executor-4] WARN  server.GrpcLogAppender (LogUtils.java:warn(122)) - 9cad0a2d-2056-47c2-83a8-166be64b57fa@group-B927724E89F9->009ab419-7007-4517-9228-4425fd87ec20-AppendLogResponseHandler: Failed appendEntries: org.apache.ratis.thirdparty.io.grpc.StatusRuntimeException: UNAVAILABLE: io exception
2023-07-05 13:44:52,213 [grpc-default-executor-4] INFO  leader.FollowerInfo (FollowerInfoImpl.java:lambda$new$0(52)) - 9cad0a2d-2056-47c2-83a8-166be64b57fa@group-B927724E89F9->009ab419-7007-4517-9228-4425fd87ec20: decreaseNextIndex nextIndex: updateUnconditionally 1 -> 0
2023-07-05 13:44:52,214 [grpc-default-executor-1] WARN  server.GrpcLogAppender (LogUtils.java:warn(122)) - 9cad0a2d-2056-47c2-83a8-166be64b57fa@group-B927724E89F9->009ab419-7007-4517-9228-4425fd87ec20-AppendLogResponseHandler: Failed appendEntries: org.apache.ratis.thirdparty.io.grpc.StatusRuntimeException: UNAVAILABLE: io exception
2023-07-05 13:44:52,224 [grpc-default-executor-1] WARN  server.GrpcLogAppender (LogUtils.java:warn(122)) - 9cad0a2d-2056-47c2-83a8-166be64b57fa@group-B927724E89F9->009ab419-7007-4517-9228-4425fd87ec20-AppendLogResponseHandler: Failed appendEntries: org.apache.ratis.thirdparty.io.grpc.StatusRuntimeException: UNAVAILABLE: io exception
2023-07-05 13:44:52,224 [grpc-default-executor-4] WARN  server.GrpcLogAppender (LogUtils.java:warn(122)) - 9cad0a2d-2056-47c2-83a8-166be64b57fa@group-B927724E89F9->009ab419-7007-4517-9228-4425fd87ec20-AppendLogResponseHandler: Failed appendEntries: org.apache.ratis.thirdparty.io.grpc.StatusRuntimeException: UNAVAILABLE: io exception
2023-07-05 13:44:52,224 [grpc-default-executor-1] INFO  leader.FollowerInfo (FollowerInfoImpl.java:lambda$new$0(52)) - 9cad0a2d-2056-47c2-83a8-166be64b57fa@group-B927724E89F9->009ab419-7007-4517-9228-4425fd87ec20: decreaseNextIndex nextIndex: updateUnconditionally 1 -> 0
2023-07-05 13:44:52,491 [Time-limited test] INFO  container.TestHelper (TestHelper.java:countReplicas(423)) - Container 1 has 3 replicas on [009ab419-7007-4517-9228-4425fd87ec20, 39a48944-77e7-4681-b606-55be812809b8, 9cad0a2d-2056-47c2-83a8-166be64b57fa]
2023-07-05 13:44:52,715 [ReplicationMonitor] INFO  replication.ReplicationManager (ReplicationManager.java:processAll(389)) - Replication Monitor Thread took 0 milliseconds for processing 1 containers.
2023-07-05 13:44:53,464 [grpc-default-executor-4] WARN  server.GrpcLogAppender (LogUtils.java:warn(122)) - 9cad0a2d-2056-47c2-83a8-166be64b57fa@group-B927724E89F9->009ab419-7007-4517-9228-4425fd87ec20-AppendLogResponseHandler: Failed appendEntries: org.apache.ratis.thirdparty.io.grpc.StatusRuntimeException: UNAVAILABLE: io exception
2023-07-05 13:44:53,465 [grpc-default-executor-1] WARN  server.GrpcLogAppender (LogUtils.java:warn(122)) - 9cad0a2d-2056-47c2-83a8-166be64b57fa@group-B927724E89F9->009ab419-7007-4517-9228-4425fd87ec20-AppendLogResponseHandler: Failed appendEntries: org.apache.ratis.thirdparty.io.grpc.StatusRuntimeException: UNAVAILABLE: io exception
2023-07-05 13:44:53,474 [grpc-default-executor-1] WARN  server.GrpcLogAppender (LogUtils.java:warn(122)) - 9cad0a2d-2056-47c2-83a8-166be64b57fa@group-B927724E89F9->009ab419-7007-4517-9228-4425fd87ec20-AppendLogResponseHandler: Failed appendEntries: org.apache.ratis.thirdparty.io.grpc.StatusRuntimeException: UNAVAILABLE: io exception
2023-07-05 13:44:53,475 [grpc-default-executor-1] INFO  leader.FollowerInfo (FollowerInfoImpl.java:lambda$new$0(52)) - 9cad0a2d-2056-47c2-83a8-166be64b57fa@group-B927724E89F9->009ab419-7007-4517-9228-4425fd87ec20: decreaseNextIndex nextIndex: updateUnconditionally 1 -> 0
2023-07-05 13:44:53,475 [grpc-default-executor-4] WARN  server.GrpcLogAppender (LogUtils.java:warn(122)) - 9cad0a2d-2056-47c2-83a8-166be64b57fa@group-B927724E89F9->009ab419-7007-4517-9228-4425fd87ec20-AppendLogResponseHandler: Failed appendEntries: org.apache.ratis.thirdparty.io.grpc.StatusRuntimeException: UNAVAILABLE: io exception
2023-07-05 13:44:53,491 [Time-limited test] INFO  container.TestHelper (TestHelper.java:countReplicas(423)) - Container 1 has 3 replicas on [009ab419-7007-4517-9228-4425fd87ec20, 39a48944-77e7-4681-b606-55be812809b8, 9cad0a2d-2056-47c2-83a8-166be64b57fa]
2023-07-05 13:44:53,716 [ReplicationMonitor] INFO  replication.ReplicationManager (ReplicationManager.java:processAll(389)) - Replication Monitor Thread took 1 milliseconds for processing 1 containers.
2023-07-05 13:44:54,491 [Time-limited test] INFO  container.TestHelper (TestHelper.java:countReplicas(423)) - Container 1 has 3 replicas on [009ab419-7007-4517-9228-4425fd87ec20, 39a48944-77e7-4681-b606-55be812809b8, 9cad0a2d-2056-47c2-83a8-166be64b57fa]
2023-07-05 13:44:54,530 [EventQueue-DeadNodeForDeadNodeHandler] INFO  node.DeadNodeHandler (DeadNodeHandler.java:onMessage(82)) - A dead datanode is detected. 009ab419-7007-4517-9228-4425fd87ec20(fv-az264-29.ca02foy5wcnuvlrvrz2wi3p2og.dx.internal.cloudapp.net/10.1.0.13)
2023-07-05 13:44:54,530 [EventQueue-DeadNodeForDeadNodeHandler] INFO  pipeline.RatisPipelineProvider (RatisPipelineProvider.java:lambda$close$4(272)) - Send pipeline:PipelineID=1f5d9adf-97c4-49d3-8b94-b927724e89f9 close command to datanode 009ab419-7007-4517-9228-4425fd87ec20
2023-07-05 13:44:54,530 [EventQueue-DeadNodeForDeadNodeHandler] INFO  pipeline.RatisPipelineProvider (RatisPipelineProvider.java:lambda$close$4(272)) - Send pipeline:PipelineID=1f5d9adf-97c4-49d3-8b94-b927724e89f9 close command to datanode 39a48944-77e7-4681-b606-55be812809b8
2023-07-05 13:44:54,530 [EventQueue-DeadNodeForDeadNodeHandler] INFO  pipeline.RatisPipelineProvider (RatisPipelineProvider.java:lambda$close$4(272)) - Send pipeline:PipelineID=1f5d9adf-97c4-49d3-8b94-b927724e89f9 close command to datanode 9cad0a2d-2056-47c2-83a8-166be64b57fa
2023-07-05 13:44:54,532 [EventQueue-DeadNodeForDeadNodeHandler] INFO  pipeline.PipelineManagerImpl (PipelineManagerImpl.java:removePipeline(459)) - Pipeline Pipeline[ Id: 1f5d9adf-97c4-49d3-8b94-b927724e89f9, Nodes: 009ab419-7007-4517-9228-4425fd87ec20(fv-az264-29.ca02foy5wcnuvlrvrz2wi3p2og.dx.internal.cloudapp.net/10.1.0.13)39a48944-77e7-4681-b606-55be812809b8(fv-az264-29.ca02foy5wcnuvlrvrz2wi3p2og.dx.internal.cloudapp.net/10.1.0.13)9cad0a2d-2056-47c2-83a8-166be64b57fa(fv-az264-29.ca02foy5wcnuvlrvrz2wi3p2og.dx.internal.cloudapp.net/10.1.0.13), ReplicationConfig: RATIS/THREE, State:CLOSED, leaderId:9cad0a2d-2056-47c2-83a8-166be64b57fa, CreationTimestamp2023-07-05T13:44:37.695Z[Etc/UTC]] removed.
2023-07-05 13:44:54,532 [EventQueue-DeadNodeForDeadNodeHandler] INFO  pipeline.RatisPipelineProvider (RatisPipelineProvider.java:lambda$close$4(272)) - Send pipeline:PipelineID=feadb886-544a-4fa3-8b02-e645a076d475 close command to datanode 009ab419-7007-4517-9228-4425fd87ec20
2023-07-05 13:44:54,532 [EventQueue-DeadNodeForDeadNodeHandler] INFO  pipeline.PipelineManagerImpl (PipelineManagerImpl.java:removePipeline(459)) - Pipeline Pipeline[ Id: feadb886-544a-4fa3-8b02-e645a076d475, Nodes: 009ab419-7007-4517-9228-4425fd87ec20(fv-az264-29.ca02foy5wcnuvlrvrz2wi3p2og.dx.internal.cloudapp.net/10.1.0.13), ReplicationConfig: RATIS/ONE, State:CLOSED, leaderId:009ab419-7007-4517-9228-4425fd87ec20, CreationTimestamp2023-07-05T13:44:37.361Z[Etc/UTC]] removed.
2023-07-05 13:44:54,533 [EventQueue-DeadNodeForDeadNodeHandler] INFO  pipeline.RatisPipelineProvider (RatisPipelineProvider.java:lambda$close$4(272)) - Send pipeline:PipelineID=bb722c83-4313-4365-b6e0-419b63f73666 close command to datanode 39a48944-77e7-4681-b606-55be812809b8
2023-07-05 13:44:54,533 [EventQueue-DeadNodeForDeadNodeHandler] INFO  pipeline.RatisPipelineProvider (RatisPipelineProvider.java:lambda$close$4(272)) - Send pipeline:PipelineID=bb722c83-4313-4365-b6e0-419b63f73666 close command to datanode 9cad0a2d-2056-47c2-83a8-166be64b57fa
2023-07-05 13:44:54,533 [EventQueue-DeadNodeForDeadNodeHandler] INFO  pipeline.RatisPipelineProvider (RatisPipelineProvider.java:lambda$close$4(272)) - Send pipeline:PipelineID=bb722c83-4313-4365-b6e0-419b63f73666 close command to datanode 009ab419-7007-4517-9228-4425fd87ec20
2023-07-05 13:44:54,533 [EventQueue-DeadNodeForDeadNodeHandler] INFO  pipeline.PipelineManagerImpl (PipelineManagerImpl.java:removePipeline(459)) - Pipeline Pipeline[ Id: bb722c83-4313-4365-b6e0-419b63f73666, Nodes: 39a48944-77e7-4681-b606-55be812809b8(fv-az264-29.ca02foy5wcnuvlrvrz2wi3p2og.dx.internal.cloudapp.net/10.1.0.13)9cad0a2d-2056-47c2-83a8-166be64b57fa(fv-az264-29.ca02foy5wcnuvlrvrz2wi3p2og.dx.internal.cloudapp.net/10.1.0.13)009ab419-7007-4517-9228-4425fd87ec20(fv-az264-29.ca02foy5wcnuvlrvrz2wi3p2og.dx.internal.cloudapp.net/10.1.0.13), ReplicationConfig: RATIS/THREE, State:CLOSED, leaderId:009ab419-7007-4517-9228-4425fd87ec20, CreationTimestamp2023-07-05T13:44:37.696Z[Etc/UTC]] removed.
2023-07-05 13:44:54,533 [EventQueue-DeadNodeForDeadNodeHandler] INFO  node.DeadNodeHandler (DeadNodeHandler.java:onMessage(95)) - Clearing command queue of size 3 for DN 009ab419-7007-4517-9228-4425fd87ec20(fv-az264-29.ca02foy5wcnuvlrvrz2wi3p2og.dx.internal.cloudapp.net/10.1.0.13)
2023-07-05 13:44:54,533 [EventQueue-DeadNodeForDeadNodeHandler] INFO  net.NetworkTopologyImpl (NetworkTopologyImpl.java:remove(190)) - Removed a node: /default-rack/009ab419-7007-4517-9228-4425fd87ec20
2023-07-05 13:44:54,715 [grpc-default-executor-4] WARN  server.GrpcLogAppender (LogUtils.java:warn(122)) - 9cad0a2d-2056-47c2-83a8-166be64b57fa@group-B927724E89F9->009ab419-7007-4517-9228-4425fd87ec20-AppendLogResponseHandler: Failed appendEntries: org.apache.ratis.thirdparty.io.grpc.StatusRuntimeException: UNAVAILABLE: io exception
2023-07-05 13:44:54,716 [grpc-default-executor-1] WARN  server.GrpcLogAppender (LogUtils.java:warn(122)) - 9cad0a2d-2056-47c2-83a8-166be64b57fa@group-B927724E89F9->009ab419-7007-4517-9228-4425fd87ec20-AppendLogResponseHandler: Failed appendEntries: org.apache.ratis.thirdparty.io.grpc.StatusRuntimeException: UNAVAILABLE: io exception
2023-07-05 13:44:54,717 [ReplicationMonitor] INFO  replication.ReplicationManager (ReplicationManager.java:processAll(389)) - Replication Monitor Thread took 0 milliseconds for processing 1 containers.
2023-07-05 13:44:54,726 [grpc-default-executor-1] WARN  server.GrpcLogAppender (LogUtils.java:warn(122)) - 9cad0a2d-2056-47c2-83a8-166be64b57fa@group-B927724E89F9->009ab419-7007-4517-9228-4425fd87ec20-AppendLogResponseHandler: Failed appendEntries: org.apache.ratis.thirdparty.io.grpc.StatusRuntimeException: UNAVAILABLE: io exception
2023-07-05 13:44:54,727 [grpc-default-executor-1] INFO  leader.FollowerInfo (FollowerInfoImpl.java:lambda$new$0(52)) - 9cad0a2d-2056-47c2-83a8-166be64b57fa@group-B927724E89F9->009ab419-7007-4517-9228-4425fd87ec20: decreaseNextIndex nextIndex: updateUnconditionally 1 -> 0
2023-07-05 13:44:54,727 [grpc-default-executor-4] WARN  server.GrpcLogAppender (LogUtils.java:warn(122)) - 9cad0a2d-2056-47c2-83a8-166be64b57fa@group-B927724E89F9->009ab419-7007-4517-9228-4425fd87ec20-AppendLogResponseHandler: Failed appendEntries: org.apache.ratis.thirdparty.io.grpc.StatusRuntimeException: UNAVAILABLE: io exception
2023-07-05 13:44:55,492 [Time-limited test] INFO  container.TestHelper (TestHelper.java:countReplicas(423)) - Container 1 has 2 replicas on [39a48944-77e7-4681-b606-55be812809b8, 9cad0a2d-2056-47c2-83a8-166be64b57fa]
2023-07-05 13:44:55,492 [Time-limited test] INFO  container.TestHelper (TestHelper.java:countReplicas(423)) - Container 1 has 2 replicas on [39a48944-77e7-4681-b606-55be812809b8, 9cad0a2d-2056-47c2-83a8-166be64b57fa]
2023-07-05 13:44:55,698 [Under Replicated Processor] INFO  replication.ReplicationManager (ReplicationManager.java:sendDatanodeCommand(669)) - Sending command [replicateContainerCommand: containerId=1, replicaIndex=0, targetNode=271aec25-07f0-4d79-9bff-baf77738dc05(fv-az264-29.ca02foy5wcnuvlrvrz2wi3p2og.dx.internal.cloudapp.net/10.1.0.13), priority=NORMAL] for container ContainerInfo{id=#1, state=CLOSED, stateEnterTime=2023-07-05T13:44:48.465Z, pipelineID=PipelineID=1f5d9adf-97c4-49d3-8b94-b927724e89f9, owner=om1} to 9cad0a2d-2056-47c2-83a8-166be64b57fa(fv-az264-29.ca02foy5wcnuvlrvrz2wi3p2og.dx.internal.cloudapp.net/10.1.0.13) with datanode deadline 1688565265698 and scm deadline 1688565295698
2023-07-05 13:44:55,698 [Under Replicated Processor] INFO  replication.UnhealthyReplicationProcessor (UnhealthyReplicationProcessor.java:processAll(138)) - Processed 1 containers with health state counts {UNDER_REPLICATED=1}, failed processing 0, deferred due to load 0
2023-07-05 13:44:55,717 [ReplicationMonitor] INFO  replication.ReplicationManager (ReplicationManager.java:processAll(389)) - Replication Monitor Thread took 0 milliseconds for processing 1 containers.
2023-07-05 13:44:55,753 [9cad0a2d-2056-47c2-83a8-166be64b57fa@group-419B63F73666-FollowerState] INFO  impl.FollowerState (FollowerState.java:run(143)) - 9cad0a2d-2056-47c2-83a8-166be64b57fa@group-419B63F73666-FollowerState: change to CANDIDATE, lastRpcElapsedTime:7675522977ns, electionTimeout:5101ms
2023-07-05 13:44:55,754 [9cad0a2d-2056-47c2-83a8-166be64b57fa@group-419B63F73666-FollowerState] INFO  impl.RoleInfo (RoleInfo.java:shutdownFollowerState(110)) - 9cad0a2d-2056-47c2-83a8-166be64b57fa: shutdown 9cad0a2d-2056-47c2-83a8-166be64b57fa@group-419B63F73666-FollowerState
2023-07-05 13:44:55,754 [9cad0a2d-2056-47c2-83a8-166be64b57fa@group-419B63F73666-FollowerState] INFO  server.RaftServer$Division (RaftServerImpl.java:setRole(329)) - 9cad0a2d-2056-47c2-83a8-166be64b57fa@group-419B63F73666: changes role from  FOLLOWER to CANDIDATE at term 1 for changeToCandidate
2023-07-05 13:44:55,754 [9cad0a2d-2056-47c2-83a8-166be64b57fa@group-419B63F73666-FollowerState] INFO  server.RaftServerConfigKeys (ConfUtils.java:logGet(46)) - raft.server.leaderelection.pre-vote = true (default)
2023-07-05 13:44:55,754 [9cad0a2d-2056-47c2-83a8-166be64b57fa@group-419B63F73666-FollowerState] INFO  impl.RoleInfo (RoleInfo.java:updateAndGet(139)) - 9cad0a2d-2056-47c2-83a8-166be64b57fa: start 9cad0a2d-2056-47c2-83a8-166be64b57fa@group-419B63F73666-LeaderElection53
2023-07-05 13:44:55,755 [9cad0a2d-2056-47c2-83a8-166be64b57fa@group-419B63F73666-LeaderElection53] INFO  server.RaftServer$Division (ServerState.java:setLeader(317)) - 9cad0a2d-2056-47c2-83a8-166be64b57fa@group-419B63F73666: change Leader from 009ab419-7007-4517-9228-4425fd87ec20 to null at term 1 for PRE_VOTE
2023-07-05 13:44:55,756 [9cad0a2d-2056-47c2-83a8-166be64b57fa@group-419B63F73666-LeaderElection53] INFO  impl.LeaderElection (LeaderElection.java:askForVotes(321)) - 9cad0a2d-2056-47c2-83a8-166be64b57fa@group-419B63F73666-LeaderElection53 PRE_VOTE round 0: submit vote requests at term 1 for 0: peers:[39a48944-77e7-4681-b606-55be812809b8|rpc:10.1.0.13:15244|admin:10.1.0.13:15243|client:10.1.0.13:15242|dataStream:10.1.0.13:15245|priority:0|startupRole:FOLLOWER, 009ab419-7007-4517-9228-4425fd87ec20|rpc:10.1.0.13:15235|admin:10.1.0.13:15234|client:10.1.0.13:15233|dataStream:10.1.0.13:15236|priority:1|startupRole:FOLLOWER, 9cad0a2d-2056-47c2-83a8-166be64b57fa|rpc:10.1.0.13:15226|admin:10.1.0.13:15225|client:10.1.0.13:15224|dataStream:10.1.0.13:15227|priority:0|startupRole:FOLLOWER]|listeners:[], old=null
2023-07-05 13:44:55,756 [9cad0a2d-2056-47c2-83a8-166be64b57fa@group-419B63F73666-LeaderElection53] INFO  impl.LeaderElection (LogUtils.java:infoOrTrace(137)) - 9cad0a2d-2056-47c2-83a8-166be64b57fa@group-419B63F73666-LeaderElection53 got exception when requesting votes: java.util.concurrent.ExecutionException: org.apache.ratis.thirdparty.io.grpc.StatusRuntimeException: UNAVAILABLE: io exception
2023-07-05 13:44:55,757 [grpc-default-executor-4] INFO  server.RaftServer$Division (RaftServerImpl.java:requestVote(1302)) - 39a48944-77e7-4681-b606-55be812809b8@group-419B63F73666: receive requestVote(PRE_VOTE, 9cad0a2d-2056-47c2-83a8-166be64b57fa, group-419B63F73666, 1, (t:1, i:0))
2023-07-05 13:44:55,758 [grpc-default-executor-4] INFO  impl.VoteContext (VoteContext.java:log(49)) - 39a48944-77e7-4681-b606-55be812809b8@group-419B63F73666-FOLLOWER: accept PRE_VOTE from 9cad0a2d-2056-47c2-83a8-166be64b57fa: our priority 0 <= candidate's priority 0
2023-07-05 13:44:55,758 [grpc-default-executor-4] INFO  server.RaftServer$Division (RaftServerImpl.java:requestVote(1335)) - 39a48944-77e7-4681-b606-55be812809b8@group-419B63F73666 replies to PRE_VOTE vote request: 9cad0a2d-2056-47c2-83a8-166be64b57fa<-39a48944-77e7-4681-b606-55be812809b8#0:OK-t1. Peer's state: 39a48944-77e7-4681-b606-55be812809b8@group-419B63F73666:t1, leader=009ab419-7007-4517-9228-4425fd87ec20, voted=009ab419-7007-4517-9228-4425fd87ec20, raftlog=Memoized:39a48944-77e7-4681-b606-55be812809b8@group-419B63F73666-SegmentedRaftLog:OPENED:c0, conf=0: peers:[39a48944-77e7-4681-b606-55be812809b8|rpc:10.1.0.13:15244|admin:10.1.0.13:15243|client:10.1.0.13:15242|dataStream:10.1.0.13:15245|priority:0|startupRole:FOLLOWER, 009ab419-7007-4517-9228-4425fd87ec20|rpc:10.1.0.13:15235|admin:10.1.0.13:15234|client:10.1.0.13:15233|dataStream:10.1.0.13:15236|priority:1|startupRole:FOLLOWER, 9cad0a2d-2056-47c2-83a8-166be64b57fa|rpc:10.1.0.13:15226|admin:10.1.0.13:15225|client:10.1.0.13:15224|dataStream:10.1.0.13:15227|priority:0|startupRole:FOLLOWER]|listeners:[], old=null
2023-07-05 13:44:55,760 [9cad0a2d-2056-47c2-83a8-166be64b57fa@group-419B63F73666-LeaderElection53] INFO  impl.LeaderElection (LeaderElection.java:logAndReturn(90)) - 9cad0a2d-2056-47c2-83a8-166be64b57fa@group-419B63F73666-LeaderElection53: PRE_VOTE PASSED received 1 response(s) and 1 exception(s):
2023-07-05 13:44:55,760 [9cad0a2d-2056-47c2-83a8-166be64b57fa@group-419B63F73666-LeaderElection53] INFO  impl.LeaderElection (LeaderElection.java:logAndReturn(94)) -   Response 0: 9cad0a2d-2056-47c2-83a8-166be64b57fa<-39a48944-77e7-4681-b606-55be812809b8#0:OK-t1
2023-07-05 13:44:55,760 [9cad0a2d-2056-47c2-83a8-166be64b57fa@group-419B63F73666-LeaderElection53] INFO  impl.LeaderElection (LogUtils.java:infoOrTrace(137)) -   Exception 1: java.util.concurrent.ExecutionException: org.apache.ratis.thirdparty.io.grpc.StatusRuntimeException: UNAVAILABLE: io exception
2023-07-05 13:44:55,760 [9cad0a2d-2056-47c2-83a8-166be64b57fa@group-419B63F73666-LeaderElection53] INFO  impl.LeaderElection (LeaderElection.java:askForVotes(323)) - 9cad0a2d-2056-47c2-83a8-166be64b57fa@group-419B63F73666-LeaderElection53 PRE_VOTE round 0: result PASSED
2023-07-05 13:44:55,762 [9cad0a2d-2056-47c2-83a8-166be64b57fa@group-419B63F73666-LeaderElection53] INFO  impl.LeaderElection (LeaderElection.java:askForVotes(321)) - 9cad0a2d-2056-47c2-83a8-166be64b57fa@group-419B63F73666-LeaderElection53 ELECTION round 0: submit vote requests at term 2 for 0: peers:[39a48944-77e7-4681-b606-55be812809b8|rpc:10.1.0.13:15244|admin:10.1.0.13:15243|client:10.1.0.13:15242|dataStream:10.1.0.13:15245|priority:0|startupRole:FOLLOWER, 009ab419-7007-4517-9228-4425fd87ec20|rpc:10.1.0.13:15235|admin:10.1.0.13:15234|client:10.1.0.13:15233|dataStream:10.1.0.13:15236|priority:1|startupRole:FOLLOWER, 9cad0a2d-2056-47c2-83a8-166be64b57fa|rpc:10.1.0.13:15226|admin:10.1.0.13:15225|client:10.1.0.13:15224|dataStream:10.1.0.13:15227|priority:0|startupRole:FOLLOWER]|listeners:[], old=null
2023-07-05 13:44:55,763 [9cad0a2d-2056-47c2-83a8-166be64b57fa@group-419B63F73666-LeaderElection53] INFO  impl.LeaderElection (LogUtils.java:infoOrTrace(137)) - 9cad0a2d-2056-47c2-83a8-166be64b57fa@group-419B63F73666-LeaderElection53 got exception when requesting votes: java.util.concurrent.ExecutionException: org.apache.ratis.thirdparty.io.grpc.StatusRuntimeException: UNAVAILABLE: io exception
2023-07-05 13:44:55,765 [grpc-default-executor-4] INFO  server.RaftServer$Division (RaftServerImpl.java:requestVote(1302)) - 39a48944-77e7-4681-b606-55be812809b8@group-419B63F73666: receive requestVote(ELECTION, 9cad0a2d-2056-47c2-83a8-166be64b57fa, group-419B63F73666, 2, (t:1, i:0))
2023-07-05 13:44:55,765 [grpc-default-executor-4] INFO  impl.VoteContext (VoteContext.java:log(49)) - 39a48944-77e7-4681-b606-55be812809b8@group-419B63F73666-FOLLOWER: accept ELECTION from 9cad0a2d-2056-47c2-83a8-166be64b57fa: our priority 0 <= candidate's priority 0
2023-07-05 13:44:55,765 [grpc-default-executor-4] INFO  server.RaftServer$Division (ServerState.java:setLeader(317)) - 39a48944-77e7-4681-b606-55be812809b8@group-419B63F73666: change Leader from 009ab419-7007-4517-9228-4425fd87ec20 to null at term 2 for updateCurrentTerm
2023-07-05 13:44:55,765 [grpc-default-executor-4] INFO  server.RaftServer$Division (RaftServerImpl.java:setRole(329)) - 39a48944-77e7-4681-b606-55be812809b8@group-419B63F73666: changes role from  FOLLOWER to FOLLOWER at term 2 for candidate:9cad0a2d-2056-47c2-83a8-166be64b57fa
2023-07-05 13:44:55,765 [grpc-default-executor-4] INFO  impl.RoleInfo (RoleInfo.java:shutdownFollowerState(110)) - 39a48944-77e7-4681-b606-55be812809b8: shutdown 39a48944-77e7-4681-b606-55be812809b8@group-419B63F73666-FollowerState
2023-07-05 13:44:55,765 [grpc-default-executor-4] INFO  impl.RoleInfo (RoleInfo.java:updateAndGet(139)) - 39a48944-77e7-4681-b606-55be812809b8: start 39a48944-77e7-4681-b606-55be812809b8@group-419B63F73666-FollowerState
2023-07-05 13:44:55,765 [39a48944-77e7-4681-b606-55be812809b8@group-419B63F73666-FollowerState] INFO  impl.FollowerState (FollowerState.java:run(152)) - 39a48944-77e7-4681-b606-55be812809b8@group-419B63F73666-FollowerState was interrupted
2023-07-05 13:44:55,770 [grpc-default-executor-4] INFO  server.RaftServer$Division (RaftServerImpl.java:requestVote(1335)) - 39a48944-77e7-4681-b606-55be812809b8@group-419B63F73666 replies to ELECTION vote request: 9cad0a2d-2056-47c2-83a8-166be64b57fa<-39a48944-77e7-4681-b606-55be812809b8#0:OK-t2. Peer's state: 39a48944-77e7-4681-b606-55be812809b8@group-419B63F73666:t2, leader=null, voted=9cad0a2d-2056-47c2-83a8-166be64b57fa, raftlog=Memoized:39a48944-77e7-4681-b606-55be812809b8@group-419B63F73666-SegmentedRaftLog:OPENED:c0, conf=0: peers:[39a48944-77e7-4681-b606-55be812809b8|rpc:10.1.0.13:15244|admin:10.1.0.13:15243|client:10.1.0.13:15242|dataStream:10.1.0.13:15245|priority:0|startupRole:FOLLOWER, 009ab419-7007-4517-9228-4425fd87ec20|rpc:10.1.0.13:15235|admin:10.1.0.13:15234|client:10.1.0.13:15233|dataStream:10.1.0.13:15236|priority:1|startupRole:FOLLOWER, 9cad0a2d-2056-47c2-83a8-166be64b57fa|rpc:10.1.0.13:15226|admin:10.1.0.13:15225|client:10.1.0.13:15224|dataStream:10.1.0.13:15227|priority:0|startupRole:FOLLOWER]|listeners:[], old=null
2023-07-05 13:44:55,771 [9cad0a2d-2056-47c2-83a8-166be64b57fa@group-419B63F73666-LeaderElection53] INFO  impl.LeaderElection (LeaderElection.java:logAndReturn(90)) - 9cad0a2d-2056-47c2-83a8-166be64b57fa@group-419B63F73666-LeaderElection53: ELECTION PASSED received 1 response(s) and 1 exception(s):
2023-07-05 13:44:55,771 [9cad0a2d-2056-47c2-83a8-166be64b57fa@group-419B63F73666-LeaderElection53] INFO  impl.LeaderElection (LeaderElection.java:logAndReturn(94)) -   Response 0: 9cad0a2d-2056-47c2-83a8-166be64b57fa<-39a48944-77e7-4681-b606-55be812809b8#0:OK-t2
2023-07-05 13:44:55,771 [9cad0a2d-2056-47c2-83a8-166be64b57fa@group-419B63F73666-LeaderElection53] INFO  impl.LeaderElection (LogUtils.java:infoOrTrace(137)) -   Exception 1: java.util.concurrent.ExecutionException: org.apache.ratis.thirdparty.io.grpc.StatusRuntimeException: UNAVAILABLE: io exception
2023-07-05 13:44:55,771 [9cad0a2d-2056-47c2-83a8-166be64b57fa@group-419B63F73666-LeaderElection53] INFO  impl.LeaderElection (LeaderElection.java:askForVotes(323)) - 9cad0a2d-2056-47c2-83a8-166be64b57fa@group-419B63F73666-LeaderElection53 ELECTION round 0: result PASSED
2023-07-05 13:44:55,771 [9cad0a2d-2056-47c2-83a8-166be64b57fa@group-419B63F73666-LeaderElection53] INFO  impl.RoleInfo (RoleInfo.java:shutdownLeaderElection(130)) - 9cad0a2d-2056-47c2-83a8-166be64b57fa: shutdown 9cad0a2d-2056-47c2-83a8-166be64b57fa@group-419B63F73666-LeaderElection53
2023-07-05 13:44:55,771 [9cad0a2d-2056-47c2-83a8-166be64b57fa@group-419B63F73666-LeaderElection53] INFO  server.RaftServer$Division (RaftServerImpl.java:setRole(329)) - 9cad0a2d-2056-47c2-83a8-166be64b57fa@group-419B63F73666: changes role from CANDIDATE to LEADER at term 2 for changeToLeader
2023-07-05 13:44:55,771 [9cad0a2d-2056-47c2-83a8-166be64b57fa@group-419B63F73666-LeaderElection53] INFO  ratis.XceiverServerRatis (XceiverServerRatis.java:handleLeaderChangedNotification(902)) - Leader change notification received for group: group-419B63F73666 with new leaderId: 9cad0a2d-2056-47c2-83a8-166be64b57fa
2023-07-05 13:44:55,771 [9cad0a2d-2056-47c2-83a8-166be64b57fa@group-419B63F73666-LeaderElection53] INFO  server.RaftServer$Division (ServerState.java:setLeader(317)) - 9cad0a2d-2056-47c2-83a8-166be64b57fa@group-419B63F73666: change Leader from null to 9cad0a2d-2056-47c2-83a8-166be64b57fa at term 2 for becomeLeader, leader elected after 15ms
2023-07-05 13:44:55,771 [9cad0a2d-2056-47c2-83a8-166be64b57fa@group-419B63F73666-LeaderElection53] INFO  server.RaftServerConfigKeys (ConfUtils.java:logGet(46)) - raft.server.staging.catchup.gap = 1000 (default)
2023-07-05 13:44:55,772 [9cad0a2d-2056-47c2-83a8-166be64b57fa@group-419B63F73666-LeaderElection53] INFO  server.RaftServerConfigKeys (ConfUtils.java:logGet(46)) - raft.server.write.element-limit = 1024 (custom)
2023-07-05 13:44:55,772 [9cad0a2d-2056-47c2-83a8-166be64b57fa@group-419B63F73666-LeaderElection53] INFO  server.RaftServerConfigKeys (ConfUtils.java:logGet(46)) - raft.server.write.byte-limit = 1024 M (=1073741824) (custom)
2023-07-05 13:44:55,772 [9cad0a2d-2056-47c2-83a8-166be64b57fa@group-419B63F73666-LeaderElection53] INFO  server.RaftServerConfigKeys (ConfUtils.java:logGet(46)) - raft.server.watch.timeout = 180s (custom)
2023-07-05 13:44:55,772 [9cad0a2d-2056-47c2-83a8-166be64b57fa@group-419B63F73666-LeaderElection53] INFO  server.RaftServerConfigKeys (ConfUtils.java:logGet(46)) - raft.server.watch.timeout.denomination = 1s (default)
2023-07-05 13:44:55,772 [9cad0a2d-2056-47c2-83a8-166be64b57fa@group-419B63F73666-LeaderElection53] INFO  server.RaftServerConfigKeys (ConfUtils.java:logGet(46)) - raft.server.watch.element-limit = 65536 (default)
2023-07-05 13:44:55,772 [9cad0a2d-2056-47c2-83a8-166be64b57fa@group-419B63F73666-LeaderElection53] INFO  server.RaftServerConfigKeys (ConfUtils.java:logGet(46)) - raft.server.write.element-limit = 1024 (custom)
2023-07-05 13:44:55,772 [9cad0a2d-2056-47c2-83a8-166be64b57fa@group-419B63F73666-LeaderElection53] INFO  server.RaftServerConfigKeys (ConfUtils.java:logGet(46)) - raft.server.write.follower.gap.ratio.max = -1.0 (default)
2023-07-05 13:44:55,772 [9cad0a2d-2056-47c2-83a8-166be64b57fa@group-419B63F73666-LeaderElection53] INFO  server.RaftServerConfigKeys (ConfUtils.java:logGet(46)) - raft.server.log.appender.snapshot.chunk.size.max = 16MB (=16777216) (default)
2023-07-05 13:44:55,773 [9cad0a2d-2056-47c2-83a8-166be64b57fa@group-419B63F73666-LeaderElection53] INFO  server.RaftServerConfigKeys (ConfUtils.java:logGet(46)) - raft.server.log.appender.buffer.byte-limit = 33554432 (custom)
2023-07-05 13:44:55,773 [9cad0a2d-2056-47c2-83a8-166be64b57fa@group-419B63F73666-LeaderElection53] INFO  server.RaftServerConfigKeys (ConfUtils.java:logGet(46)) - raft.server.log.appender.buffer.element-limit = 1 (custom)
2023-07-05 13:44:55,773 [9cad0a2d-2056-47c2-83a8-166be64b57fa@group-419B63F73666-LeaderElection53] INFO  server.RaftServerConfigKeys (ConfUtils.java:logGet(46)) - raft.server.log.appender.wait-time.min = 10ms (default)
2023-07-05 13:44:55,773 [9cad0a2d-2056-47c2-83a8-166be64b57fa@group-419B63F73666-LeaderElection53] INFO  grpc.GrpcConfigKeys (ConfUtils.java:logGet(46)) - raft.grpc.server.leader.outstanding.appends.max = 128 (default)
2023-07-05 13:44:55,773 [9cad0a2d-2056-47c2-83a8-166be64b57fa@group-419B63F73666-LeaderElection53] INFO  server.RaftServerConfigKeys (ConfUtils.java:logGet(46)) - raft.server.rpc.request.timeout = 60s (custom)
2023-07-05 13:44:55,773 [9cad0a2d-2056-47c2-83a8-166be64b57fa@group-419B63F73666-LeaderElection53] INFO  grpc.GrpcConfigKeys (ConfUtils.java:logGet(46)) - raft.grpc.server.install_snapshot.request.element-limit = 8 (default)
2023-07-05 13:44:55,773 [9cad0a2d-2056-47c2-83a8-166be64b57fa@group-419B63F73666-LeaderElection53] INFO  grpc.GrpcConfigKeys (ConfUtils.java:logGet(46)) - raft.grpc.server.install_snapshot.request.timeout = 3000ms (default)
2023-07-05 13:44:55,773 [9cad0a2d-2056-47c2-83a8-166be64b57fa@group-419B63F73666-LeaderElection53] INFO  server.RaftServerConfigKeys (ConfUtils.java:logGet(46)) - raft.server.log.appender.install.snapshot.enabled = false (custom)
2023-07-05 13:44:55,773 [9cad0a2d-2056-47c2-83a8-166be64b57fa@group-419B63F73666-LeaderElection53] INFO  grpc.GrpcConfigKeys (ConfUtils.java:logGet(46)) - raft.grpc.server.heartbeat.channel = true (default)
2023-07-05 13:44:55,773 [9cad0a2d-2056-47c2-83a8-166be64b57fa@group-419B63F73666-LeaderElection53] INFO  server.RaftServerConfigKeys (ConfUtils.java:logGet(46)) - raft.server.log.appender.snapshot.chunk.size.max = 16MB (=16777216) (default)
2023-07-05 13:44:55,774 [9cad0a2d-2056-47c2-83a8-166be64b57fa@group-419B63F73666-LeaderElection53] INFO  server.RaftServerConfigKeys (ConfUtils.java:logGet(46)) - raft.server.log.appender.buffer.byte-limit = 33554432 (custom)
2023-07-05 13:44:55,774 [9cad0a2d-2056-47c2-83a8-166be64b57fa@group-419B63F73666-LeaderElection53] INFO  server.RaftServerConfigKeys (ConfUtils.java:logGet(46)) - raft.server.log.appender.buffer.element-limit = 1 (custom)
2023-07-05 13:44:55,774 [9cad0a2d-2056-47c2-83a8-166be64b57fa@group-419B63F73666-LeaderElection53] INFO  server.RaftServerConfigKeys (ConfUtils.java:logGet(46)) - raft.server.log.appender.wait-time.min = 10ms (default)
2023-07-05 13:44:55,774 [9cad0a2d-2056-47c2-83a8-166be64b57fa@group-419B63F73666-LeaderElection53] INFO  grpc.GrpcConfigKeys (ConfUtils.java:logGet(46)) - raft.grpc.server.leader.outstanding.appends.max = 128 (default)
2023-07-05 13:44:55,774 [9cad0a2d-2056-47c2-83a8-166be64b57fa@group-419B63F73666-LeaderElection53] INFO  server.RaftServerConfigKeys (ConfUtils.java:logGet(46)) - raft.server.rpc.request.timeout = 60s (custom)
2023-07-05 13:44:55,774 [9cad0a2d-2056-47c2-83a8-166be64b57fa@group-419B63F73666-LeaderElection53] INFO  grpc.GrpcConfigKeys (ConfUtils.java:logGet(46)) - raft.grpc.server.install_snapshot.request.element-limit = 8 (default)
2023-07-05 13:44:55,774 [9cad0a2d-2056-47c2-83a8-166be64b57fa@group-419B63F73666-LeaderElection53] INFO  grpc.GrpcConfigKeys (ConfUtils.java:logGet(46)) - raft.grpc.server.install_snapshot.request.timeout = 3000ms (default)
2023-07-05 13:44:55,774 [9cad0a2d-2056-47c2-83a8-166be64b57fa@group-419B63F73666-LeaderElection53] INFO  server.RaftServerConfigKeys (ConfUtils.java:logGet(46)) - raft.server.log.appender.install.snapshot.enabled = false (custom)
2023-07-05 13:44:55,774 [9cad0a2d-2056-47c2-83a8-166be64b57fa@group-419B63F73666-LeaderElection53] INFO  grpc.GrpcConfigKeys (ConfUtils.java:logGet(46)) - raft.grpc.server.heartbeat.channel = true (default)
2023-07-05 13:44:55,775 [9cad0a2d-2056-47c2-83a8-166be64b57fa@group-419B63F73666-LeaderElection53] INFO  impl.RoleInfo (RoleInfo.java:updateAndGet(139)) - 9cad0a2d-2056-47c2-83a8-166be64b57fa: start 9cad0a2d-2056-47c2-83a8-166be64b57fa@group-419B63F73666-LeaderStateImpl
2023-07-05 13:44:55,775 [9cad0a2d-2056-47c2-83a8-166be64b57fa@group-419B63F73666-LeaderElection53] INFO  segmented.SegmentedRaftLogWorker (SegmentedRaftLogWorker.java:rollLogSegment(452)) - 9cad0a2d-2056-47c2-83a8-166be64b57fa@group-419B63F73666-SegmentedRaftLogWorker: Rolling segment log-0_0 to index:0
2023-07-05 13:44:55,775 [9cad0a2d-2056-47c2-83a8-166be64b57fa@group-419B63F73666-SegmentedRaftLogWorker] INFO  segmented.SegmentedRaftLogWorker (SegmentedRaftLogWorker.java:execute(608)) - 9cad0a2d-2056-47c2-83a8-166be64b57fa@group-419B63F73666-SegmentedRaftLogWorker: Rolled log segment from /home/runner/work/ozone/ozone/hadoop-ozone/integration-test/target/test-dir/MiniOzoneClusterImpl-5a349b9d-530c-474e-9da9-45562981beee/datanode-0/data/ratis/bb722c83-4313-4365-b6e0-419b63f73666/current/log_inprogress_0 to /home/runner/work/ozone/ozone/hadoop-ozone/integration-test/target/test-dir/MiniOzoneClusterImpl-5a349b9d-530c-474e-9da9-45562981beee/datanode-0/data/ratis/bb722c83-4313-4365-b6e0-419b63f73666/current/log_0-0
2023-07-05 13:44:55,776 [EventQueue-PipelineReportForPipelineReportHandler] INFO  pipeline.PipelineReportHandler (PipelineReportHandler.java:processPipelineReport(115)) - Reported pipeline PipelineID=1f5d9adf-97c4-49d3-8b94-b927724e89f9 is not found
2023-07-05 13:44:55,776 [EventQueue-PipelineReportForPipelineReportHandler] INFO  pipeline.PipelineReportHandler (PipelineReportHandler.java:processPipelineReport(115)) - Reported pipeline PipelineID=bb722c83-4313-4365-b6e0-419b63f73666 is not found
2023-07-05 13:44:55,777 [9cad0a2d-2056-47c2-83a8-166be64b57fa@group-419B63F73666-SegmentedRaftLogWorker] INFO  segmented.SegmentedRaftLogWorker (SegmentedRaftLogWorker.java:execute(651)) - 9cad0a2d-2056-47c2-83a8-166be64b57fa@group-419B63F73666-SegmentedRaftLogWorker: created new log segment /home/runner/work/ozone/ozone/hadoop-ozone/integration-test/target/test-dir/MiniOzoneClusterImpl-5a349b9d-530c-474e-9da9-45562981beee/datanode-0/data/ratis/bb722c83-4313-4365-b6e0-419b63f73666/current/log_inprogress_1
2023-07-05 13:44:55,783 [9cad0a2d-2056-47c2-83a8-166be64b57fa@group-419B63F73666-LeaderElection53] INFO  server.RaftServer$Division (ServerState.java:setRaftConf(434)) - 9cad0a2d-2056-47c2-83a8-166be64b57fa@group-419B63F73666: set configuration 1: peers:[39a48944-77e7-4681-b606-55be812809b8|rpc:10.1.0.13:15244|admin:10.1.0.13:15243|client:10.1.0.13:15242|dataStream:10.1.0.13:15245|priority:0|startupRole:FOLLOWER, 009ab419-7007-4517-9228-4425fd87ec20|rpc:10.1.0.13:15235|admin:10.1.0.13:15234|client:10.1.0.13:15233|dataStream:10.1.0.13:15236|priority:1|startupRole:FOLLOWER, 9cad0a2d-2056-47c2-83a8-166be64b57fa|rpc:10.1.0.13:15226|admin:10.1.0.13:15225|client:10.1.0.13:15224|dataStream:10.1.0.13:15227|priority:0|startupRole:FOLLOWER]|listeners:[], old=null
2023-07-05 13:44:55,786 [39a48944-77e7-4681-b606-55be812809b8-server-thread2] INFO  ratis.XceiverServerRatis (XceiverServerRatis.java:handleLeaderChangedNotification(902)) - Leader change notification received for group: group-419B63F73666 with new leaderId: 9cad0a2d-2056-47c2-83a8-166be64b57fa
2023-07-05 13:44:55,786 [39a48944-77e7-4681-b606-55be812809b8-server-thread2] INFO  server.RaftServer$Division (ServerState.java:setLeader(317)) - 39a48944-77e7-4681-b606-55be812809b8@group-419B63F73666: change Leader from null to 9cad0a2d-2056-47c2-83a8-166be64b57fa at term 2 for appendEntries, leader elected after 20ms
2023-07-05 13:44:55,787 [grpc-default-executor-0] WARN  server.GrpcLogAppender (LogUtils.java:warn(122)) - 9cad0a2d-2056-47c2-83a8-166be64b57fa@group-419B63F73666->009ab419-7007-4517-9228-4425fd87ec20-AppendLogResponseHandler: Failed appendEntries: org.apache.ratis.thirdparty.io.grpc.StatusRuntimeException: UNAVAILABLE: io exception
2023-07-05 13:44:55,787 [grpc-default-executor-0] INFO  leader.FollowerInfo (FollowerInfoImpl.java:lambda$new$0(52)) - 9cad0a2d-2056-47c2-83a8-166be64b57fa@group-419B63F73666->009ab419-7007-4517-9228-4425fd87ec20: decreaseNextIndex nextIndex: updateUnconditionally 1 -> 0
2023-07-05 13:44:55,788 [grpc-default-executor-1] WARN  server.GrpcLogAppender (LogUtils.java:warn(122)) - 9cad0a2d-2056-47c2-83a8-166be64b57fa@group-419B63F73666->009ab419-7007-4517-9228-4425fd87ec20-AppendLogResponseHandler: Failed appendEntries: org.apache.ratis.thirdparty.io.grpc.StatusRuntimeException: UNAVAILABLE: io exception
2023-07-05 13:44:55,791 [grpc-default-executor-1] WARN  server.GrpcLogAppender (LogUtils.java:warn(122)) - 9cad0a2d-2056-47c2-83a8-166be64b57fa@group-419B63F73666->009ab419-7007-4517-9228-4425fd87ec20-AppendLogResponseHandler: Failed appendEntries: org.apache.ratis.thirdparty.io.grpc.StatusRuntimeException: UNAVAILABLE: io exception
2023-07-05 13:44:55,792 [grpc-default-executor-1] INFO  leader.FollowerInfo (FollowerInfoImpl.java:lambda$new$0(52)) - 9cad0a2d-2056-47c2-83a8-166be64b57fa@group-419B63F73666->009ab419-7007-4517-9228-4425fd87ec20: decreaseNextIndex nextIndex: updateUnconditionally 1 -> 0
2023-07-05 13:44:55,792 [grpc-default-executor-0] WARN  server.GrpcLogAppender (LogUtils.java:warn(122)) - 9cad0a2d-2056-47c2-83a8-166be64b57fa@group-419B63F73666->009ab419-7007-4517-9228-4425fd87ec20-AppendLogResponseHandler: Failed appendEntries: org.apache.ratis.thirdparty.io.grpc.StatusRuntimeException: UNAVAILABLE: io exception
2023-07-05 13:44:55,800 [grpc-default-executor-1] WARN  server.GrpcLogAppender (LogUtils.java:warn(122)) - 9cad0a2d-2056-47c2-83a8-166be64b57fa@group-419B63F73666->009ab419-7007-4517-9228-4425fd87ec20-AppendLogResponseHandler: Failed appendEntries: org.apache.ratis.thirdparty.io.grpc.StatusRuntimeException: UNAVAILABLE: io exception
2023-07-05 13:44:55,801 [39a48944-77e7-4681-b606-55be812809b8-server-thread3] INFO  server.RaftServer$Division (ServerState.java:setRaftConf(434)) - 39a48944-77e7-4681-b606-55be812809b8@group-419B63F73666: set configuration 1: peers:[39a48944-77e7-4681-b606-55be812809b8|rpc:10.1.0.13:15244|admin:10.1.0.13:15243|client:10.1.0.13:15242|dataStream:10.1.0.13:15245|priority:0|startupRole:FOLLOWER, 009ab419-7007-4517-9228-4425fd87ec20|rpc:10.1.0.13:15235|admin:10.1.0.13:15234|client:10.1.0.13:15233|dataStream:10.1.0.13:15236|priority:1|startupRole:FOLLOWER, 9cad0a2d-2056-47c2-83a8-166be64b57fa|rpc:10.1.0.13:15226|admin:10.1.0.13:15225|client:10.1.0.13:15224|dataStream:10.1.0.13:15227|priority:0|startupRole:FOLLOWER]|listeners:[], old=null
2023-07-05 13:44:55,801 [grpc-default-executor-1] INFO  leader.FollowerInfo (FollowerInfoImpl.java:lambda$new$0(52)) - 9cad0a2d-2056-47c2-83a8-166be64b57fa@group-419B63F73666->009ab419-7007-4517-9228-4425fd87ec20: decreaseNextIndex nextIndex: updateUnconditionally 1 -> 0
2023-07-05 13:44:55,801 [grpc-default-executor-5] WARN  server.GrpcLogAppender (LogUtils.java:warn(122)) - 9cad0a2d-2056-47c2-83a8-166be64b57fa@group-419B63F73666->009ab419-7007-4517-9228-4425fd87ec20-AppendLogResponseHandler: Failed appendEntries: org.apache.ratis.thirdparty.io.grpc.StatusRuntimeException: UNAVAILABLE: io exception
2023-07-05 13:44:55,801 [39a48944-77e7-4681-b606-55be812809b8-server-thread3] INFO  segmented.SegmentedRaftLogWorker (SegmentedRaftLogWorker.java:rollLogSegment(452)) - 39a48944-77e7-4681-b606-55be812809b8@group-419B63F73666-SegmentedRaftLogWorker: Rolling segment log-0_0 to index:0
2023-07-05 13:44:55,802 [39a48944-77e7-4681-b606-55be812809b8@group-419B63F73666-SegmentedRaftLogWorker] INFO  segmented.SegmentedRaftLogWorker (SegmentedRaftLogWorker.java:execute(608)) - 39a48944-77e7-4681-b606-55be812809b8@group-419B63F73666-SegmentedRaftLogWorker: Rolled log segment from /home/runner/work/ozone/ozone/hadoop-ozone/integration-test/target/test-dir/MiniOzoneClusterImpl-5a349b9d-530c-474e-9da9-45562981beee/datanode-2/data/ratis/bb722c83-4313-4365-b6e0-419b63f73666/current/log_inprogress_0 to /home/runner/work/ozone/ozone/hadoop-ozone/integration-test/target/test-dir/MiniOzoneClusterImpl-5a349b9d-530c-474e-9da9-45562981beee/datanode-2/data/ratis/bb722c83-4313-4365-b6e0-419b63f73666/current/log_0-0
2023-07-05 13:44:55,803 [39a48944-77e7-4681-b606-55be812809b8@group-419B63F73666-SegmentedRaftLogWorker] INFO  segmented.SegmentedRaftLogWorker (SegmentedRaftLogWorker.java:execute(651)) - 39a48944-77e7-4681-b606-55be812809b8@group-419B63F73666-SegmentedRaftLogWorker: created new log segment /home/runner/work/ozone/ozone/hadoop-ozone/integration-test/target/test-dir/MiniOzoneClusterImpl-5a349b9d-530c-474e-9da9-45562981beee/datanode-2/data/ratis/bb722c83-4313-4365-b6e0-419b63f73666/current/log_inprogress_1
2023-07-05 13:44:55,825 [grpc-default-executor-0] WARN  server.GrpcLogAppender (LogUtils.java:warn(122)) - 9cad0a2d-2056-47c2-83a8-166be64b57fa@group-419B63F73666->009ab419-7007-4517-9228-4425fd87ec20-AppendLogResponseHandler: Failed appendEntries: org.apache.ratis.thirdparty.io.grpc.StatusRuntimeException: UNAVAILABLE: io exception
2023-07-05 13:44:55,825 [grpc-default-executor-1] WARN  server.GrpcLogAppender (LogUtils.java:warn(122)) - 9cad0a2d-2056-47c2-83a8-166be64b57fa@group-419B63F73666->009ab419-7007-4517-9228-4425fd87ec20-AppendLogResponseHandler: Failed appendEntries: org.apache.ratis.thirdparty.io.grpc.StatusRuntimeException: UNAVAILABLE: io exception
2023-07-05 13:44:55,828 [grpc-default-executor-0] INFO  leader.FollowerInfo (FollowerInfoImpl.java:lambda$new$0(52)) - 9cad0a2d-2056-47c2-83a8-166be64b57fa@group-419B63F73666->009ab419-7007-4517-9228-4425fd87ec20: decreaseNextIndex nextIndex: updateUnconditionally 1 -> 0
2023-07-05 13:44:55,829 [grpc-default-executor-1] WARN  server.GrpcLogAppender (LogUtils.java:warn(122)) - 9cad0a2d-2056-47c2-83a8-166be64b57fa@group-419B63F73666->009ab419-7007-4517-9228-4425fd87ec20-AppendLogResponseHandler: Failed appendEntries: org.apache.ratis.thirdparty.io.grpc.StatusRuntimeException: UNAVAILABLE: io exception
2023-07-05 13:44:55,830 [grpc-default-executor-0] WARN  server.GrpcLogAppender (LogUtils.java:warn(122)) - 9cad0a2d-2056-47c2-83a8-166be64b57fa@group-419B63F73666->009ab419-7007-4517-9228-4425fd87ec20-AppendLogResponseHandler: Failed appendEntries: org.apache.ratis.thirdparty.io.grpc.StatusRuntimeException: UNAVAILABLE: io exception
2023-07-05 13:44:55,836 [grpc-default-executor-0] WARN  server.GrpcLogAppender (LogUtils.java:warn(122)) - 9cad0a2d-2056-47c2-83a8-166be64b57fa@group-419B63F73666->009ab419-7007-4517-9228-4425fd87ec20-AppendLogResponseHandler: Failed appendEntries: org.apache.ratis.thirdparty.io.grpc.StatusRuntimeException: UNAVAILABLE: io exception
2023-07-05 13:44:55,836 [grpc-default-executor-1] WARN  server.GrpcLogAppender (LogUtils.java:warn(122)) - 9cad0a2d-2056-47c2-83a8-166be64b57fa@group-419B63F73666->009ab419-7007-4517-9228-4425fd87ec20-AppendLogResponseHandler: Failed appendEntries: org.apache.ratis.thirdparty.io.grpc.StatusRuntimeException: UNAVAILABLE: io exception
2023-07-05 13:44:55,837 [grpc-default-executor-0] INFO  leader.FollowerInfo (FollowerInfoImpl.java:lambda$new$0(52)) - 9cad0a2d-2056-47c2-83a8-166be64b57fa@group-419B63F73666->009ab419-7007-4517-9228-4425fd87ec20: decreaseNextIndex nextIndex: updateUnconditionally 1 -> 0
2023-07-05 13:44:55,966 [grpc-default-executor-1] WARN  server.GrpcLogAppender (LogUtils.java:warn(122)) - 9cad0a2d-2056-47c2-83a8-166be64b57fa@group-B927724E89F9->009ab419-7007-4517-9228-4425fd87ec20-AppendLogResponseHandler: Failed appendEntries: org.apache.ratis.thirdparty.io.grpc.StatusRuntimeException: UNAVAILABLE: io exception
2023-07-05 13:44:55,966 [grpc-default-executor-0] WARN  server.GrpcLogAppender (LogUtils.java:warn(122)) - 9cad0a2d-2056-47c2-83a8-166be64b57fa@group-B927724E89F9->009ab419-7007-4517-9228-4425fd87ec20-AppendLogResponseHandler: Failed appendEntries: org.apache.ratis.thirdparty.io.grpc.StatusRuntimeException: UNAVAILABLE: io exception
2023-07-05 13:44:55,976 [grpc-default-executor-1] WARN  server.GrpcLogAppender (LogUtils.java:warn(122)) - 9cad0a2d-2056-47c2-83a8-166be64b57fa@group-B927724E89F9->009ab419-7007-4517-9228-4425fd87ec20-AppendLogResponseHandler: Failed appendEntries: org.apache.ratis.thirdparty.io.grpc.StatusRuntimeException: UNAVAILABLE: io exception
2023-07-05 13:44:55,977 [grpc-default-executor-0] WARN  server.GrpcLogAppender (LogUtils.java:warn(122)) - 9cad0a2d-2056-47c2-83a8-166be64b57fa@group-B927724E89F9->009ab419-7007-4517-9228-4425fd87ec20-AppendLogResponseHandler: Failed appendEntries: org.apache.ratis.thirdparty.io.grpc.StatusRuntimeException: UNAVAILABLE: io exception
2023-07-05 13:44:55,977 [grpc-default-executor-1] INFO  leader.FollowerInfo (FollowerInfoImpl.java:lambda$new$0(52)) - 9cad0a2d-2056-47c2-83a8-166be64b57fa@group-B927724E89F9->009ab419-7007-4517-9228-4425fd87ec20: decreaseNextIndex nextIndex: updateUnconditionally 1 -> 0
2023-07-05 13:44:56,463 [PipelineCommandHandlerThread-0] INFO  server.RaftServer (RaftServerProxy.java:remove(109)) - 9cad0a2d-2056-47c2-83a8-166be64b57fa: remove    LEADER 9cad0a2d-2056-47c2-83a8-166be64b57fa@group-B927724E89F9:t1, leader=9cad0a2d-2056-47c2-83a8-166be64b57fa, voted=9cad0a2d-2056-47c2-83a8-166be64b57fa, raftlog=Memoized:9cad0a2d-2056-47c2-83a8-166be64b57fa@group-B927724E89F9-SegmentedRaftLog:OPENED:c6, conf=0: peers:[39a48944-77e7-4681-b606-55be812809b8|rpc:10.1.0.13:15244|admin:10.1.0.13:15243|client:10.1.0.13:15242|dataStream:10.1.0.13:15245|priority:0|startupRole:FOLLOWER, 009ab419-7007-4517-9228-4425fd87ec20|rpc:10.1.0.13:15235|admin:10.1.0.13:15234|client:10.1.0.13:15233|dataStream:10.1.0.13:15236|priority:0|startupRole:FOLLOWER, 9cad0a2d-2056-47c2-83a8-166be64b57fa|rpc:10.1.0.13:15226|admin:10.1.0.13:15225|client:10.1.0.13:15224|dataStream:10.1.0.13:15227|priority:1|startupRole:FOLLOWER]|listeners:[], old=null RUNNING
2023-07-05 13:44:56,463 [ContainerReplicationThread-0] INFO  replication.PushReplicator (PushReplicator.java:replicate(58)) - Starting replication of container 1 to 271aec25-07f0-4d79-9bff-baf77738dc05(fv-az264-29.ca02foy5wcnuvlrvrz2wi3p2og.dx.internal.cloudapp.net/10.1.0.13) using NO_COMPRESSION
2023-07-05 13:44:56,463 [PipelineCommandHandlerThread-0] INFO  server.RaftServer$Division (RaftServerImpl.java:lambda$close$4(466)) - 9cad0a2d-2056-47c2-83a8-166be64b57fa@group-B927724E89F9: shutdown
2023-07-05 13:44:56,464 [PipelineCommandHandlerThread-0] INFO  util.JmxRegister (JmxRegister.java:unregister(73)) - Successfully un-registered JMX Bean with object name Ratis:service=RaftServer,group=group-B927724E89F9,id=9cad0a2d-2056-47c2-83a8-166be64b57fa
2023-07-05 13:44:56,464 [PipelineCommandHandlerThread-0] INFO  impl.RoleInfo (RoleInfo.java:shutdownLeaderState(93)) - 9cad0a2d-2056-47c2-83a8-166be64b57fa: shutdown 9cad0a2d-2056-47c2-83a8-166be64b57fa@group-B927724E89F9-LeaderStateImpl
2023-07-05 13:44:56,464 [9cad0a2d-2056-47c2-83a8-166be64b57fa@group-B927724E89F9->39a48944-77e7-4681-b606-55be812809b8-GrpcLogAppender-LogAppenderDaemon] WARN  server.GrpcLogAppender (GrpcLogAppender.java:mayWait(199)) - 9cad0a2d-2056-47c2-83a8-166be64b57fa@group-B927724E89F9->39a48944-77e7-4681-b606-55be812809b8-GrpcLogAppender: Wait interrupted by java.lang.InterruptedException
2023-07-05 13:44:56,464 [9cad0a2d-2056-47c2-83a8-166be64b57fa@group-B927724E89F9->009ab419-7007-4517-9228-4425fd87ec20-GrpcLogAppender-LogAppenderDaemon] WARN  server.GrpcLogAppender (GrpcLogAppender.java:mayWait(199)) - 9cad0a2d-2056-47c2-83a8-166be64b57fa@group-B927724E89F9->009ab419-7007-4517-9228-4425fd87ec20-GrpcLogAppender: Wait interrupted by java.lang.InterruptedException
2023-07-05 13:44:56,465 [grpc-default-executor-1] INFO  server.GrpcServerProtocolService (GrpcServerProtocolService.java:onCompleted(155)) - 39a48944-77e7-4681-b606-55be812809b8: Completed APPEND_ENTRIES, lastRequest: null
2023-07-05 13:44:56,465 [grpc-default-executor-1] INFO  server.GrpcServerProtocolService (GrpcServerProtocolService.java:lambda$onCompleted$5(157)) - 39a48944-77e7-4681-b606-55be812809b8: Completed APPEND_ENTRIES, lastReply: serverReply {
  requestorId: "9cad0a2d-2056-47c2-83a8-166be64b57fa"
  replyId: "39a48944-77e7-4681-b606-55be812809b8"
  raftGroupId {
    id: "\037]\232\337\227\304I\323\213\224\271\'rN\211\371"
  }
  callId: 19
  success: true
}
term: 1
nextIndex: 7
followerCommit: 6
matchIndex: 18446744073709551615
isHearbeat: true

2023-07-05 13:44:56,465 [grpc-default-executor-0] INFO  server.GrpcServerProtocolService (GrpcServerProtocolService.java:onCompleted(155)) - 39a48944-77e7-4681-b606-55be812809b8: Completed APPEND_ENTRIES, lastRequest: 9cad0a2d-2056-47c2-83a8-166be64b57fa->39a48944-77e7-4681-b606-55be812809b8#13-t1,previous=(t:1, i:5),leaderCommit=5,initializing? true,entries: size=1, first=(t:1, i:6), METADATAENTRY(c:5)
2023-07-05 13:44:56,465 [grpc-default-executor-0] INFO  server.GrpcServerProtocolService (GrpcServerProtocolService.java:lambda$onCompleted$5(157)) - 39a48944-77e7-4681-b606-55be812809b8: Completed APPEND_ENTRIES, lastReply: null
2023-07-05 13:44:56,464 [PipelineCommandHandlerThread-0] INFO  impl.PendingRequests (PendingRequests.java:sendNotLeaderResponses(289)) - 9cad0a2d-2056-47c2-83a8-166be64b57fa@group-B927724E89F9-PendingRequests: sendNotLeaderResponses
2023-07-05 13:44:56,467 [grpc-default-executor-0] INFO  server.GrpcLogAppender (GrpcLogAppender.java:onCompleted(428)) - 9cad0a2d-2056-47c2-83a8-166be64b57fa@group-B927724E89F9->39a48944-77e7-4681-b606-55be812809b8-AppendLogResponseHandler: follower responses appendEntries COMPLETED
2023-07-05 13:44:56,467 [grpc-default-executor-0] INFO  leader.FollowerInfo (FollowerInfoImpl.java:lambda$new$0(52)) - 9cad0a2d-2056-47c2-83a8-166be64b57fa@group-B927724E89F9->39a48944-77e7-4681-b606-55be812809b8: decreaseNextIndex nextIndex: updateUnconditionally 7 -> 6
2023-07-05 13:44:56,468 [grpc-default-executor-1] INFO  server.GrpcLogAppender (GrpcLogAppender.java:onCompleted(428)) - 9cad0a2d-2056-47c2-83a8-166be64b57fa@group-B927724E89F9->39a48944-77e7-4681-b606-55be812809b8-AppendLogResponseHandler: follower responses appendEntries COMPLETED
2023-07-05 13:44:56,468 [grpc-default-executor-1] INFO  leader.FollowerInfo (FollowerInfoImpl.java:lambda$new$0(52)) - 9cad0a2d-2056-47c2-83a8-166be64b57fa@group-B927724E89F9->39a48944-77e7-4681-b606-55be812809b8: decreaseNextIndex nextIndex: updateUnconditionally 6 -> 5
2023-07-05 13:44:56,471 [PipelineCommandHandlerThread-0] INFO  impl.StateMachineUpdater (StateMachineUpdater.java:stopAndJoin(155)) - 9cad0a2d-2056-47c2-83a8-166be64b57fa@group-B927724E89F9-StateMachineUpdater: set stopIndex = 6
2023-07-05 13:44:56,471 [9cad0a2d-2056-47c2-83a8-166be64b57fa@group-B927724E89F9-StateMachineUpdater] INFO  ratis.ContainerStateMachine (ContainerStateMachine.java:takeSnapshot(330)) - group-B927724E89F9: Taking a snapshot at:(t:1, i:6) file /home/runner/work/ozone/ozone/hadoop-ozone/integration-test/target/test-dir/MiniOzoneClusterImpl-5a349b9d-530c-474e-9da9-45562981beee/datanode-0/data/ratis/1f5d9adf-97c4-49d3-8b94-b927724e89f9/sm/snapshot.1_6
2023-07-05 13:44:56,473 [9cad0a2d-2056-47c2-83a8-166be64b57fa@group-B927724E89F9-StateMachineUpdater] INFO  ratis.ContainerStateMachine (ContainerStateMachine.java:takeSnapshot(341)) - group-B927724E89F9: Finished taking a snapshot at:(t:1, i:6) file:/home/runner/work/ozone/ozone/hadoop-ozone/integration-test/target/test-dir/MiniOzoneClusterImpl-5a349b9d-530c-474e-9da9-45562981beee/datanode-0/data/ratis/1f5d9adf-97c4-49d3-8b94-b927724e89f9/sm/snapshot.1_6 took: 1 ms
2023-07-05 13:44:56,473 [9cad0a2d-2056-47c2-83a8-166be64b57fa@group-B927724E89F9-StateMachineUpdater] INFO  impl.StateMachineUpdater (StateMachineUpdater.java:takeSnapshot(291)) - 9cad0a2d-2056-47c2-83a8-166be64b57fa@group-B927724E89F9-StateMachineUpdater: Took a snapshot at index 6
2023-07-05 13:44:56,473 [9cad0a2d-2056-47c2-83a8-166be64b57fa@group-B927724E89F9-StateMachineUpdater] INFO  impl.StateMachineUpdater (StateMachineUpdater.java:lambda$new$0(97)) - 9cad0a2d-2056-47c2-83a8-166be64b57fa@group-B927724E89F9-StateMachineUpdater: snapshotIndex: updateIncreasingly -1 -> 6
2023-07-05 13:44:56,473 [PipelineCommandHandlerThread-0] INFO  server.RaftServer$Division (ServerState.java:close(472)) - 9cad0a2d-2056-47c2-83a8-166be64b57fa@group-B927724E89F9: closes. applyIndex: 6
2023-07-05 13:44:56,487 [ContainerReplicationThread-0] INFO  replication.GrpcOutputStream (GrpcOutputStream.java:close(111)) - Sent 9728 bytes for container 1
2023-07-05 13:44:56,490 [ReplicationContainerReader-1] INFO  replication.SendContainerRequestHandler (SendContainerRequestHandler.java:onNext(80)) - Accepting container 1
2023-07-05 13:44:56,490 [ReplicationContainerReader-1] INFO  replication.SendContainerRequestHandler (SendContainerRequestHandler.java:onCompleted(108)) - Container 1 is downloaded with size 9728, starting to import.
2023-07-05 13:44:56,493 [Time-limited test] INFO  container.TestHelper (TestHelper.java:countReplicas(423)) - Container 1 has 2 replicas on [39a48944-77e7-4681-b606-55be812809b8, 9cad0a2d-2056-47c2-83a8-166be64b57fa]
2023-07-05 13:44:56,522 [ReplicationContainerReader-1] INFO  replication.SendContainerRequestHandler (SendContainerRequestHandler.java:onCompleted(114)) - Container 1 is replicated successfully
2023-07-05 13:44:56,525 [grpc-default-executor-1] INFO  replication.GrpcContainerUploader (GrpcContainerUploader.java:onCompleted(119)) - Finished uploading container 1 to 271aec25-07f0-4d79-9bff-baf77738dc05(fv-az264-29.ca02foy5wcnuvlrvrz2wi3p2og.dx.internal.cloudapp.net/10.1.0.13)
2023-07-05 13:44:56,526 [ContainerReplicationThread-0] INFO  replication.ReplicationSupervisor (ReplicationSupervisor.java:run(362)) - Successful DONE replicateContainerCommand: containerId=1, replicaIndex=0, targetNode=271aec25-07f0-4d79-9bff-baf77738dc05(fv-az264-29.ca02foy5wcnuvlrvrz2wi3p2og.dx.internal.cloudapp.net/10.1.0.13), priority=NORMAL, transferred 9728 bytes
2023-07-05 13:44:56,718 [ReplicationMonitor] INFO  replication.ReplicationManager (ReplicationManager.java:processAll(389)) - Replication Monitor Thread took 1 milliseconds for processing 1 containers.
2023-07-05 13:44:57,038 [grpc-default-executor-1] WARN  server.GrpcLogAppender (LogUtils.java:warn(122)) - 9cad0a2d-2056-47c2-83a8-166be64b57fa@group-419B63F73666->009ab419-7007-4517-9228-4425fd87ec20-AppendLogResponseHandler: Failed appendEntries: org.apache.ratis.thirdparty.io.grpc.StatusRuntimeException: UNAVAILABLE: io exception
2023-07-05 13:44:57,038 [grpc-default-executor-0] WARN  server.GrpcLogAppender (LogUtils.java:warn(122)) - 9cad0a2d-2056-47c2-83a8-166be64b57fa@group-419B63F73666->009ab419-7007-4517-9228-4425fd87ec20-AppendLogResponseHandler: Failed appendEntries: org.apache.ratis.thirdparty.io.grpc.StatusRuntimeException: UNAVAILABLE: io exception
2023-07-05 13:44:57,048 [grpc-default-executor-0] WARN  server.GrpcLogAppender (LogUtils.java:warn(122)) - 9cad0a2d-2056-47c2-83a8-166be64b57fa@group-419B63F73666->009ab419-7007-4517-9228-4425fd87ec20-AppendLogResponseHandler: Failed appendEntries: org.apache.ratis.thirdparty.io.grpc.StatusRuntimeException: UNAVAILABLE: io exception
2023-07-05 13:44:57,049 [grpc-default-executor-0] INFO  leader.FollowerInfo (FollowerInfoImpl.java:lambda$new$0(52)) - 9cad0a2d-2056-47c2-83a8-166be64b57fa@group-419B63F73666->009ab419-7007-4517-9228-4425fd87ec20: decreaseNextIndex nextIndex: updateUnconditionally 1 -> 0
2023-07-05 13:44:57,049 [grpc-default-executor-1] WARN  server.GrpcLogAppender (LogUtils.java:warn(122)) - 9cad0a2d-2056-47c2-83a8-166be64b57fa@group-419B63F73666->009ab419-7007-4517-9228-4425fd87ec20-AppendLogResponseHandler: Failed appendEntries: org.apache.ratis.thirdparty.io.grpc.StatusRuntimeException: UNAVAILABLE: io exception
2023-07-05 13:44:57,451 [PipelineCommandHandlerThread-0] INFO  segmented.SegmentedRaftLogWorker (SegmentedRaftLogWorker.java:close(252)) - 9cad0a2d-2056-47c2-83a8-166be64b57fa@group-B927724E89F9-SegmentedRaftLogWorker close()
2023-07-05 13:44:57,452 [PipelineCommandHandlerThread-0] INFO  server.RaftServer$Division (RaftServerImpl.java:groupRemove(436)) - 9cad0a2d-2056-47c2-83a8-166be64b57fa@group-B927724E89F9: Succeed to remove RaftStorageDirectory Storage Directory /home/runner/work/ozone/ozone/hadoop-ozone/integration-test/target/test-dir/MiniOzoneClusterImpl-5a349b9d-530c-474e-9da9-45562981beee/datanode-0/data/ratis/1f5d9adf-97c4-49d3-8b94-b927724e89f9
2023-07-05 13:44:57,452 [PipelineCommandHandlerThread-0] INFO  commandhandler.ClosePipelineCommandHandler (ClosePipelineCommandHandler.java:lambda$handle$0(87)) - Close Pipeline PipelineID=1f5d9adf-97c4-49d3-8b94-b927724e89f9 command on datanode 9cad0a2d-2056-47c2-83a8-166be64b57fa.
2023-07-05 13:44:57,453 [PipelineCommandHandlerThread-0] INFO  server.RaftServer (RaftServerProxy.java:remove(109)) - 9cad0a2d-2056-47c2-83a8-166be64b57fa: remove    LEADER 9cad0a2d-2056-47c2-83a8-166be64b57fa@group-419B63F73666:t2, leader=9cad0a2d-2056-47c2-83a8-166be64b57fa, voted=9cad0a2d-2056-47c2-83a8-166be64b57fa, raftlog=Memoized:9cad0a2d-2056-47c2-83a8-166be64b57fa@group-419B63F73666-SegmentedRaftLog:OPENED:c2, conf=1: peers:[39a48944-77e7-4681-b606-55be812809b8|rpc:10.1.0.13:15244|admin:10.1.0.13:15243|client:10.1.0.13:15242|dataStream:10.1.0.13:15245|priority:0|startupRole:FOLLOWER, 009ab419-7007-4517-9228-4425fd87ec20|rpc:10.1.0.13:15235|admin:10.1.0.13:15234|client:10.1.0.13:15233|dataStream:10.1.0.13:15236|priority:1|startupRole:FOLLOWER, 9cad0a2d-2056-47c2-83a8-166be64b57fa|rpc:10.1.0.13:15226|admin:10.1.0.13:15225|client:10.1.0.13:15224|dataStream:10.1.0.13:15227|priority:0|startupRole:FOLLOWER]|listeners:[], old=null RUNNING
2023-07-05 13:44:57,453 [PipelineCommandHandlerThread-0] INFO  server.RaftServer$Division (RaftServerImpl.java:lambda$close$4(466)) - 9cad0a2d-2056-47c2-83a8-166be64b57fa@group-419B63F73666: shutdown
2023-07-05 13:44:57,453 [PipelineCommandHandlerThread-0] INFO  util.JmxRegister (JmxRegister.java:unregister(73)) - Successfully un-registered JMX Bean with object name Ratis:service=RaftServer,group=group-419B63F73666,id=9cad0a2d-2056-47c2-83a8-166be64b57fa
2023-07-05 13:44:57,453 [PipelineCommandHandlerThread-0] INFO  impl.RoleInfo (RoleInfo.java:shutdownLeaderState(93)) - 9cad0a2d-2056-47c2-83a8-166be64b57fa: shutdown 9cad0a2d-2056-47c2-83a8-166be64b57fa@group-419B63F73666-LeaderStateImpl
2023-07-05 13:44:57,453 [9cad0a2d-2056-47c2-83a8-166be64b57fa@group-419B63F73666->39a48944-77e7-4681-b606-55be812809b8-GrpcLogAppender-LogAppenderDaemon] WARN  server.GrpcLogAppender (GrpcLogAppender.java:mayWait(199)) - 9cad0a2d-2056-47c2-83a8-166be64b57fa@group-419B63F73666->39a48944-77e7-4681-b606-55be812809b8-GrpcLogAppender: Wait interrupted by java.lang.InterruptedException
2023-07-05 13:44:57,453 [PipelineCommandHandlerThread-0] INFO  impl.PendingRequests (PendingRequests.java:sendNotLeaderResponses(289)) - 9cad0a2d-2056-47c2-83a8-166be64b57fa@group-419B63F73666-PendingRequests: sendNotLeaderResponses
2023-07-05 13:44:57,453 [9cad0a2d-2056-47c2-83a8-166be64b57fa@group-419B63F73666->009ab419-7007-4517-9228-4425fd87ec20-GrpcLogAppender-LogAppenderDaemon] WARN  server.GrpcLogAppender (GrpcLogAppender.java:mayWait(199)) - 9cad0a2d-2056-47c2-83a8-166be64b57fa@group-419B63F73666->009ab419-7007-4517-9228-4425fd87ec20-GrpcLogAppender: Wait interrupted by java.lang.InterruptedException
2023-07-05 13:44:57,455 [grpc-default-executor-1] INFO  server.GrpcServerProtocolService (GrpcServerProtocolService.java:onCompleted(155)) - 39a48944-77e7-4681-b606-55be812809b8: Completed APPEND_ENTRIES, lastRequest: 9cad0a2d-2056-47c2-83a8-166be64b57fa->39a48944-77e7-4681-b606-55be812809b8#2-t2,previous=(t:2, i:1),leaderCommit=1,initializing? true,entries: size=1, first=(t:2, i:2), METADATAENTRY(c:1)
2023-07-05 13:44:57,455 [grpc-default-executor-1] INFO  server.GrpcServerProtocolService (GrpcServerProtocolService.java:lambda$onCompleted$5(157)) - 39a48944-77e7-4681-b606-55be812809b8: Completed APPEND_ENTRIES, lastReply: null
2023-07-05 13:44:57,456 [grpc-default-executor-1] INFO  server.GrpcLogAppender (GrpcLogAppender.java:onCompleted(428)) - 9cad0a2d-2056-47c2-83a8-166be64b57fa@group-419B63F73666->39a48944-77e7-4681-b606-55be812809b8-AppendLogResponseHandler: follower responses appendEntries COMPLETED
2023-07-05 13:44:57,456 [grpc-default-executor-1] INFO  leader.FollowerInfo (FollowerInfoImpl.java:lambda$new$0(52)) - 9cad0a2d-2056-47c2-83a8-166be64b57fa@group-419B63F73666->39a48944-77e7-4681-b606-55be812809b8: decreaseNextIndex nextIndex: updateUnconditionally 3 -> 2
2023-07-05 13:44:57,456 [grpc-default-executor-1] INFO  server.GrpcServerProtocolService (GrpcServerProtocolService.java:onCompleted(155)) - 39a48944-77e7-4681-b606-55be812809b8: Completed APPEND_ENTRIES, lastRequest: null
2023-07-05 13:44:57,457 [9cad0a2d-2056-47c2-83a8-166be64b57fa@group-419B63F73666-StateMachineUpdater] INFO  ratis.ContainerStateMachine (ContainerStateMachine.java:takeSnapshot(330)) - group-419B63F73666: Taking a snapshot at:(t:2, i:2) file /home/runner/work/ozone/ozone/hadoop-ozone/integration-test/target/test-dir/MiniOzoneClusterImpl-5a349b9d-530c-474e-9da9-45562981beee/datanode-0/data/ratis/bb722c83-4313-4365-b6e0-419b63f73666/sm/snapshot.2_2
2023-07-05 13:44:57,457 [PipelineCommandHandlerThread-0] INFO  impl.StateMachineUpdater (StateMachineUpdater.java:stopAndJoin(155)) - 9cad0a2d-2056-47c2-83a8-166be64b57fa@group-419B63F73666-StateMachineUpdater: set stopIndex = 2
2023-07-05 13:44:57,458 [9cad0a2d-2056-47c2-83a8-166be64b57fa@group-419B63F73666-StateMachineUpdater] INFO  ratis.ContainerStateMachine (ContainerStateMachine.java:takeSnapshot(341)) - group-419B63F73666: Finished taking a snapshot at:(t:2, i:2) file:/home/runner/work/ozone/ozone/hadoop-ozone/integration-test/target/test-dir/MiniOzoneClusterImpl-5a349b9d-530c-474e-9da9-45562981beee/datanode-0/data/ratis/bb722c83-4313-4365-b6e0-419b63f73666/sm/snapshot.2_2 took: 1 ms
2023-07-05 13:44:57,458 [grpc-default-executor-1] INFO  server.GrpcServerProtocolService (GrpcServerProtocolService.java:lambda$onCompleted$5(157)) - 39a48944-77e7-4681-b606-55be812809b8: Completed APPEND_ENTRIES, lastReply: serverReply {
  requestorId: "9cad0a2d-2056-47c2-83a8-166be64b57fa"
  replyId: "39a48944-77e7-4681-b606-55be812809b8"
  raftGroupId {
    id: "\273r,\203C\023Ce\266\340A\233c\3676f"
  }
  success: true
}
term: 2
nextIndex: 1
matchIndex: 18446744073709551615
isHearbeat: true

2023-07-05 13:44:57,458 [9cad0a2d-2056-47c2-83a8-166be64b57fa@group-419B63F73666-StateMachineUpdater] INFO  impl.StateMachineUpdater (StateMachineUpdater.java:takeSnapshot(291)) - 9cad0a2d-2056-47c2-83a8-166be64b57fa@group-419B63F73666-StateMachineUpdater: Took a snapshot at index 2
2023-07-05 13:44:57,458 [9cad0a2d-2056-47c2-83a8-166be64b57fa@group-419B63F73666-StateMachineUpdater] INFO  impl.StateMachineUpdater (StateMachineUpdater.java:lambda$new$0(97)) - 9cad0a2d-2056-47c2-83a8-166be64b57fa@group-419B63F73666-StateMachineUpdater: snapshotIndex: updateIncreasingly -1 -> 2
2023-07-05 13:44:57,458 [grpc-default-executor-0] INFO  server.GrpcLogAppender (GrpcLogAppender.java:onCompleted(428)) - 9cad0a2d-2056-47c2-83a8-166be64b57fa@group-419B63F73666->39a48944-77e7-4681-b606-55be812809b8-AppendLogResponseHandler: follower responses appendEntries COMPLETED
2023-07-05 13:44:57,458 [grpc-default-executor-0] INFO  leader.FollowerInfo (FollowerInfoImpl.java:lambda$new$0(52)) - 9cad0a2d-2056-47c2-83a8-166be64b57fa@group-419B63F73666->39a48944-77e7-4681-b606-55be812809b8: decreaseNextIndex nextIndex: updateUnconditionally 2 -> 1
2023-07-05 13:44:57,459 [PipelineCommandHandlerThread-0] INFO  server.RaftServer$Division (ServerState.java:close(472)) - 9cad0a2d-2056-47c2-83a8-166be64b57fa@group-419B63F73666: closes. applyIndex: 2
2023-07-05 13:44:57,475 [PipelineCommandHandlerThread-0] INFO  server.RaftServer (RaftServerProxy.java:remove(109)) - 39a48944-77e7-4681-b606-55be812809b8: remove  FOLLOWER 39a48944-77e7-4681-b606-55be812809b8@group-B927724E89F9:t1, leader=9cad0a2d-2056-47c2-83a8-166be64b57fa, voted=9cad0a2d-2056-47c2-83a8-166be64b57fa, raftlog=Memoized:39a48944-77e7-4681-b606-55be812809b8@group-B927724E89F9-SegmentedRaftLog:OPENED:c6, conf=0: peers:[39a48944-77e7-4681-b606-55be812809b8|rpc:10.1.0.13:15244|admin:10.1.0.13:15243|client:10.1.0.13:15242|dataStream:10.1.0.13:15245|priority:0|startupRole:FOLLOWER, 009ab419-7007-4517-9228-4425fd87ec20|rpc:10.1.0.13:15235|admin:10.1.0.13:15234|client:10.1.0.13:15233|dataStream:10.1.0.13:15236|priority:0|startupRole:FOLLOWER, 9cad0a2d-2056-47c2-83a8-166be64b57fa|rpc:10.1.0.13:15226|admin:10.1.0.13:15225|client:10.1.0.13:15224|dataStream:10.1.0.13:15227|priority:1|startupRole:FOLLOWER]|listeners:[], old=null RUNNING
2023-07-05 13:44:57,475 [PipelineCommandHandlerThread-0] INFO  server.RaftServer$Division (RaftServerImpl.java:lambda$close$4(466)) - 39a48944-77e7-4681-b606-55be812809b8@group-B927724E89F9: shutdown
2023-07-05 13:44:57,475 [PipelineCommandHandlerThread-0] INFO  util.JmxRegister (JmxRegister.java:unregister(73)) - Successfully un-registered JMX Bean with object name Ratis:service=RaftServer,group=group-B927724E89F9,id=39a48944-77e7-4681-b606-55be812809b8
2023-07-05 13:44:57,475 [PipelineCommandHandlerThread-0] INFO  impl.RoleInfo (RoleInfo.java:shutdownFollowerState(110)) - 39a48944-77e7-4681-b606-55be812809b8: shutdown 39a48944-77e7-4681-b606-55be812809b8@group-B927724E89F9-FollowerState
2023-07-05 13:44:57,475 [PipelineCommandHandlerThread-0] INFO  impl.StateMachineUpdater (StateMachineUpdater.java:stopAndJoin(155)) - 39a48944-77e7-4681-b606-55be812809b8@group-B927724E89F9-StateMachineUpdater: set stopIndex = 6
2023-07-05 13:44:57,475 [39a48944-77e7-4681-b606-55be812809b8@group-B927724E89F9-FollowerState] INFO  impl.FollowerState (FollowerState.java:run(152)) - 39a48944-77e7-4681-b606-55be812809b8@group-B927724E89F9-FollowerState was interrupted
2023-07-05 13:44:57,476 [39a48944-77e7-4681-b606-55be812809b8@group-B927724E89F9-StateMachineUpdater] INFO  ratis.ContainerStateMachine (ContainerStateMachine.java:takeSnapshot(330)) - group-B927724E89F9: Taking a snapshot at:(t:1, i:6) file /home/runner/work/ozone/ozone/hadoop-ozone/integration-test/target/test-dir/MiniOzoneClusterImpl-5a349b9d-530c-474e-9da9-45562981beee/datanode-2/data/ratis/1f5d9adf-97c4-49d3-8b94-b927724e89f9/sm/snapshot.1_6
2023-07-05 13:44:57,477 [39a48944-77e7-4681-b606-55be812809b8@group-B927724E89F9-StateMachineUpdater] INFO  ratis.ContainerStateMachine (ContainerStateMachine.java:takeSnapshot(341)) - group-B927724E89F9: Finished taking a snapshot at:(t:1, i:6) file:/home/runner/work/ozone/ozone/hadoop-ozone/integration-test/target/test-dir/MiniOzoneClusterImpl-5a349b9d-530c-474e-9da9-45562981beee/datanode-2/data/ratis/1f5d9adf-97c4-49d3-8b94-b927724e89f9/sm/snapshot.1_6 took: 1 ms
2023-07-05 13:44:57,477 [39a48944-77e7-4681-b606-55be812809b8@group-B927724E89F9-StateMachineUpdater] INFO  impl.StateMachineUpdater (StateMachineUpdater.java:takeSnapshot(291)) - 39a48944-77e7-4681-b606-55be812809b8@group-B927724E89F9-StateMachineUpdater: Took a snapshot at index 6
2023-07-05 13:44:57,477 [39a48944-77e7-4681-b606-55be812809b8@group-B927724E89F9-StateMachineUpdater] INFO  impl.StateMachineUpdater (StateMachineUpdater.java:lambda$new$0(97)) - 39a48944-77e7-4681-b606-55be812809b8@group-B927724E89F9-StateMachineUpdater: snapshotIndex: updateIncreasingly -1 -> 6
2023-07-05 13:44:57,477 [PipelineCommandHandlerThread-0] INFO  server.RaftServer$Division (ServerState.java:close(472)) - 39a48944-77e7-4681-b606-55be812809b8@group-B927724E89F9: closes. applyIndex: 6
2023-07-05 13:44:57,493 [Time-limited test] INFO  container.TestHelper (TestHelper.java:countReplicas(423)) - Container 1 has 3 replicas on [271aec25-07f0-4d79-9bff-baf77738dc05, 39a48944-77e7-4681-b606-55be812809b8, 9cad0a2d-2056-47c2-83a8-166be64b57fa]
2023-07-05 13:44:57,496 [Time-limited test] INFO  ozone.MiniOzoneClusterImpl (MiniOzoneClusterImpl.java:shutdown(443)) - Shutting down the Mini Ozone Cluster
2023-07-05 13:44:57,496 [Time-limited test] INFO  ozone.MiniOzoneClusterImpl (MiniOzoneClusterImpl.java:stop(460)) - Stopping the Mini Ozone Cluster
2023-07-05 13:44:57,496 [Time-limited test] INFO  ozone.MiniOzoneClusterImpl (MiniOzoneClusterImpl.java:stopOM(551)) - Stopping the OzoneManager
2023-07-05 13:44:57,496 [Time-limited test] INFO  om.OzoneManager (OzoneManager.java:stop(2198)) - om1[localhost:15216]: Stopping Ozone Manager
2023-07-05 13:44:57,496 [Time-limited test] INFO  ipc.Server (Server.java:stop(3523)) - Stopping server on 15216
2023-07-05 13:44:57,500 [IPC Server Responder] INFO  ipc.Server (Server.java:run(1567)) - Stopping IPC Server Responder
2023-07-05 13:44:57,500 [Time-limited test] INFO  server.RaftServer (RaftServerProxy.java:lambda$close$6(416)) - om1: close
2023-07-05 13:44:57,500 [IPC Server listener on 15216] INFO  ipc.Server (Server.java:run(1434)) - Stopping IPC Server listener on 15216
2023-07-05 13:44:57,500 [Time-limited test] INFO  server.GrpcService (GrpcService.java:closeImpl(311)) - om1: shutdown server GrpcServerProtocolService now
2023-07-05 13:44:57,501 [om1-impl-thread1] INFO  server.RaftServer$Division (RaftServerImpl.java:lambda$close$4(466)) - om1@group-C5BA1605619E: shutdown
2023-07-05 13:44:57,501 [om1-impl-thread1] INFO  util.JmxRegister (JmxRegister.java:unregister(73)) - Successfully un-registered JMX Bean with object name Ratis:service=RaftServer,group=group-C5BA1605619E,id=om1
2023-07-05 13:44:57,501 [om1-impl-thread1] INFO  impl.RoleInfo (RoleInfo.java:shutdownLeaderState(93)) - om1: shutdown om1@group-C5BA1605619E-LeaderStateImpl
2023-07-05 13:44:57,501 [om1-impl-thread1] INFO  impl.PendingRequests (PendingRequests.java:sendNotLeaderResponses(289)) - om1@group-C5BA1605619E-PendingRequests: sendNotLeaderResponses
2023-07-05 13:44:57,501 [Time-limited test] INFO  server.GrpcService (GrpcService.java:closeImpl(320)) - om1: shutdown server GrpcServerProtocolService successfully
2023-07-05 13:44:57,507 [om1@group-C5BA1605619E-StateMachineUpdater] INFO  ratis.OzoneManagerStateMachine (OzoneManagerStateMachine.java:takeSnapshot(479)) - Current Snapshot Index (t:1, i:8)
2023-07-05 13:44:57,507 [om1-impl-thread1] INFO  impl.StateMachineUpdater (StateMachineUpdater.java:stopAndJoin(155)) - om1@group-C5BA1605619E-StateMachineUpdater: set stopIndex = 8
2023-07-05 13:44:57,528 [om1@group-C5BA1605619E-StateMachineUpdater] INFO  impl.StateMachineUpdater (StateMachineUpdater.java:takeSnapshot(291)) - om1@group-C5BA1605619E-StateMachineUpdater: Took a snapshot at index 8
2023-07-05 13:44:57,528 [om1@group-C5BA1605619E-StateMachineUpdater] INFO  impl.StateMachineUpdater (StateMachineUpdater.java:lambda$new$0(97)) - om1@group-C5BA1605619E-StateMachineUpdater: snapshotIndex: updateIncreasingly -1 -> 8
2023-07-05 13:44:57,528 [om1@group-C5BA1605619E-StateMachineUpdater] INFO  ratis.OzoneManagerStateMachine (OzoneManagerStateMachine.java:close(533)) - StateMachine has shutdown. Shutdown OzoneManager if not already shutdown.
2023-07-05 13:44:57,528 [om1@group-C5BA1605619E-StateMachineUpdater] INFO  ratis.OzoneManagerDoubleBuffer (OzoneManagerDoubleBuffer.java:stopDaemon(551)) - Stopping OMDoubleBuffer flush thread
2023-07-05 13:44:57,528 [OMDoubleBufferFlushThread] INFO  ratis.OzoneManagerDoubleBuffer (OzoneManagerDoubleBuffer.java:canFlush(638)) - OMDoubleBuffer flush thread OMDoubleBufferFlushThread is interrupted and will exit.
2023-07-05 13:44:57,529 [om1-impl-thread1] INFO  server.RaftServer$Division (ServerState.java:close(472)) - om1@group-C5BA1605619E: closes. applyIndex: 8
2023-07-05 13:44:57,721 [ReplicationMonitor] INFO  replication.ReplicationManager (ReplicationManager.java:processAll(389)) - Replication Monitor Thread took 3 milliseconds for processing 1 containers.
2023-07-05 13:44:57,825 [PipelineCommandHandlerThread-0] INFO  segmented.SegmentedRaftLogWorker (SegmentedRaftLogWorker.java:close(252)) - 9cad0a2d-2056-47c2-83a8-166be64b57fa@group-419B63F73666-SegmentedRaftLogWorker close()
2023-07-05 13:44:57,827 [PipelineCommandHandlerThread-0] INFO  server.RaftServer$Division (RaftServerImpl.java:groupRemove(436)) - 9cad0a2d-2056-47c2-83a8-166be64b57fa@group-419B63F73666: Succeed to remove RaftStorageDirectory Storage Directory /home/runner/work/ozone/ozone/hadoop-ozone/integration-test/target/test-dir/MiniOzoneClusterImpl-5a349b9d-530c-474e-9da9-45562981beee/datanode-0/data/ratis/bb722c83-4313-4365-b6e0-419b63f73666
2023-07-05 13:44:57,827 [PipelineCommandHandlerThread-0] INFO  commandhandler.ClosePipelineCommandHandler (ClosePipelineCommandHandler.java:lambda$handle$0(87)) - Close Pipeline PipelineID=bb722c83-4313-4365-b6e0-419b63f73666 command on datanode 9cad0a2d-2056-47c2-83a8-166be64b57fa.
2023-07-05 13:44:58,463 [PipelineCommandHandlerThread-0] INFO  segmented.SegmentedRaftLogWorker (SegmentedRaftLogWorker.java:close(252)) - 39a48944-77e7-4681-b606-55be812809b8@group-B927724E89F9-SegmentedRaftLogWorker close()
2023-07-05 13:44:58,466 [PipelineCommandHandlerThread-0] INFO  server.RaftServer$Division (RaftServerImpl.java:groupRemove(436)) - 39a48944-77e7-4681-b606-55be812809b8@group-B927724E89F9: Succeed to remove RaftStorageDirectory Storage Directory /home/runner/work/ozone/ozone/hadoop-ozone/integration-test/target/test-dir/MiniOzoneClusterImpl-5a349b9d-530c-474e-9da9-45562981beee/datanode-2/data/ratis/1f5d9adf-97c4-49d3-8b94-b927724e89f9
2023-07-05 13:44:58,466 [PipelineCommandHandlerThread-0] INFO  commandhandler.ClosePipelineCommandHandler (ClosePipelineCommandHandler.java:lambda$handle$0(87)) - Close Pipeline PipelineID=1f5d9adf-97c4-49d3-8b94-b927724e89f9 command on datanode 39a48944-77e7-4681-b606-55be812809b8.
2023-07-05 13:44:58,467 [PipelineCommandHandlerThread-0] INFO  server.RaftServer (RaftServerProxy.java:remove(109)) - 39a48944-77e7-4681-b606-55be812809b8: remove  FOLLOWER 39a48944-77e7-4681-b606-55be812809b8@group-419B63F73666:t2, leader=9cad0a2d-2056-47c2-83a8-166be64b57fa, voted=9cad0a2d-2056-47c2-83a8-166be64b57fa, raftlog=Memoized:39a48944-77e7-4681-b606-55be812809b8@group-419B63F73666-SegmentedRaftLog:OPENED:c1, conf=1: peers:[39a48944-77e7-4681-b606-55be812809b8|rpc:10.1.0.13:15244|admin:10.1.0.13:15243|client:10.1.0.13:15242|dataStream:10.1.0.13:15245|priority:0|startupRole:FOLLOWER, 009ab419-7007-4517-9228-4425fd87ec20|rpc:10.1.0.13:15235|admin:10.1.0.13:15234|client:10.1.0.13:15233|dataStream:10.1.0.13:15236|priority:1|startupRole:FOLLOWER, 9cad0a2d-2056-47c2-83a8-166be64b57fa|rpc:10.1.0.13:15226|admin:10.1.0.13:15225|client:10.1.0.13:15224|dataStream:10.1.0.13:15227|priority:0|startupRole:FOLLOWER]|listeners:[], old=null RUNNING
2023-07-05 13:44:58,467 [PipelineCommandHandlerThread-0] INFO  server.RaftServer$Division (RaftServerImpl.java:lambda$close$4(466)) - 39a48944-77e7-4681-b606-55be812809b8@group-419B63F73666: shutdown
2023-07-05 13:44:58,467 [PipelineCommandHandlerThread-0] INFO  util.JmxRegister (JmxRegister.java:unregister(73)) - Successfully un-registered JMX Bean with object name Ratis:service=RaftServer,group=group-419B63F73666,id=39a48944-77e7-4681-b606-55be812809b8
2023-07-05 13:44:58,467 [PipelineCommandHandlerThread-0] INFO  impl.RoleInfo (RoleInfo.java:shutdownFollowerState(110)) - 39a48944-77e7-4681-b606-55be812809b8: shutdown 39a48944-77e7-4681-b606-55be812809b8@group-419B63F73666-FollowerState
2023-07-05 13:44:58,467 [PipelineCommandHandlerThread-0] INFO  impl.StateMachineUpdater (StateMachineUpdater.java:stopAndJoin(155)) - 39a48944-77e7-4681-b606-55be812809b8@group-419B63F73666-StateMachineUpdater: set stopIndex = 1
2023-07-05 13:44:58,467 [39a48944-77e7-4681-b606-55be812809b8@group-419B63F73666-FollowerState] INFO  impl.FollowerState (FollowerState.java:run(152)) - 39a48944-77e7-4681-b606-55be812809b8@group-419B63F73666-FollowerState was interrupted
2023-07-05 13:44:58,467 [39a48944-77e7-4681-b606-55be812809b8@group-419B63F73666-StateMachineUpdater] INFO  ratis.ContainerStateMachine (ContainerStateMachine.java:takeSnapshot(330)) - group-419B63F73666: Taking a snapshot at:(t:2, i:1) file /home/runner/work/ozone/ozone/hadoop-ozone/integration-test/target/test-dir/MiniOzoneClusterImpl-5a349b9d-530c-474e-9da9-45562981beee/datanode-2/data/ratis/bb722c83-4313-4365-b6e0-419b63f73666/sm/snapshot.2_1
2023-07-05 13:44:58,469 [39a48944-77e7-4681-b606-55be812809b8@group-419B63F73666-StateMachineUpdater] INFO  ratis.ContainerStateMachine (ContainerStateMachine.java:takeSnapshot(341)) - group-419B63F73666: Finished taking a snapshot at:(t:2, i:1) file:/home/runner/work/ozone/ozone/hadoop-ozone/integration-test/target/test-dir/MiniOzoneClusterImpl-5a349b9d-530c-474e-9da9-45562981beee/datanode-2/data/ratis/bb722c83-4313-4365-b6e0-419b63f73666/sm/snapshot.2_1 took: 1 ms
2023-07-05 13:44:58,470 [39a48944-77e7-4681-b606-55be812809b8@group-419B63F73666-StateMachineUpdater] INFO  impl.StateMachineUpdater (StateMachineUpdater.java:takeSnapshot(291)) - 39a48944-77e7-4681-b606-55be812809b8@group-419B63F73666-StateMachineUpdater: Took a snapshot at index 1
2023-07-05 13:44:58,470 [39a48944-77e7-4681-b606-55be812809b8@group-419B63F73666-StateMachineUpdater] INFO  impl.StateMachineUpdater (StateMachineUpdater.java:lambda$new$0(97)) - 39a48944-77e7-4681-b606-55be812809b8@group-419B63F73666-StateMachineUpdater: snapshotIndex: updateIncreasingly -1 -> 1
2023-07-05 13:44:58,470 [PipelineCommandHandlerThread-0] INFO  server.RaftServer$Division (ServerState.java:close(472)) - 39a48944-77e7-4681-b606-55be812809b8@group-419B63F73666: closes. applyIndex: 1
2023-07-05 13:44:58,485 [om1-impl-thread1] INFO  segmented.SegmentedRaftLogWorker (SegmentedRaftLogWorker.java:close(252)) - om1@group-C5BA1605619E-SegmentedRaftLogWorker close()
2023-07-05 13:44:58,486 [JvmPauseMonitor29] INFO  util.JvmPauseMonitor (JvmPauseMonitor.java:run(109)) - JvmPauseMonitor-om1: Stopped
2023-07-05 13:44:58,486 [Time-limited test] INFO  ratis.OzoneManagerStateMachine (OzoneManagerStateMachine.java:close(533)) - StateMachine has shutdown. Shutdown OzoneManager if not already shutdown.
2023-07-05 13:44:58,486 [Time-limited test] INFO  ratis.OzoneManagerDoubleBuffer (OzoneManagerDoubleBuffer.java:stopDaemon(560)) - OMDoubleBuffer flush thread is not running.
2023-07-05 13:44:58,487 [Time-limited test] INFO  utils.BackgroundService (BackgroundService.java:shutdown(141)) - Shutting down service KeyDeletingService
2023-07-05 13:44:58,487 [Time-limited test] INFO  utils.BackgroundService (BackgroundService.java:shutdown(141)) - Shutting down service KeyDeletingService
2023-07-05 13:44:58,487 [Time-limited test] INFO  utils.BackgroundService (BackgroundService.java:shutdown(141)) - Shutting down service OpenKeyCleanupService
2023-07-05 13:44:58,487 [Time-limited test] INFO  utils.BackgroundService (BackgroundService.java:shutdown(141)) - Shutting down service SstFilteringService
2023-07-05 13:44:58,487 [Time-limited test] INFO  utils.BackgroundService (BackgroundService.java:shutdown(141)) - Shutting down service SnapshotDeletingService
2023-07-05 13:44:58,488 [Time-limited test] INFO  handler.ContextHandler (ContextHandler.java:doStop(1159)) - Stopped o.e.j.w.WebAppContext@4e9aadd9{ozoneManager,/,null,STOPPED}{file:/home/runner/work/ozone/ozone/hadoop-ozone/integration-test/target/test-classes/webapps/ozoneManager}
2023-07-05 13:44:58,489 [Time-limited test] INFO  server.AbstractConnector (AbstractConnector.java:doStop(383)) - Stopped ServerConnector@2329cb52{HTTP/1.1, (http/1.1)}{0.0.0.0:15217}
2023-07-05 13:44:58,489 [Time-limited test] INFO  server.session (HouseKeeper.java:stopScavenging(149)) - node0 Stopped scavenging
2023-07-05 13:44:58,489 [Time-limited test] INFO  handler.ContextHandler (ContextHandler.java:doStop(1159)) - Stopped o.e.j.s.ServletContextHandler@d9f0989{static,/static,file:///home/runner/work/ozone/ozone/hadoop-ozone/integration-test/target/test-classes/webapps/static,STOPPED}
2023-07-05 13:44:58,489 [Time-limited test] INFO  handler.ContextHandler (ContextHandler.java:doStop(1159)) - Stopped o.e.j.s.ServletContextHandler@7b8c097e{logs,/logs,file:///home/runner/work/ozone/ozone/hadoop-ozone/integration-test/target/log,STOPPED}
2023-07-05 13:44:58,491 [Time-limited test] INFO  snapshot.SnapshotDiffManager (SnapshotDiffManager.java:closeExecutorService(1699)) - Shutting down executorService: 'SnapDiffExecutor'
2023-07-05 13:44:58,491 [Time-limited test] INFO  snapshot.SnapshotDiffManager (SnapshotDiffManager.java:closeExecutorService(1699)) - Shutting down executorService: 'SstDumpToolExecutor'
2023-07-05 13:44:58,491 [Time-limited test] INFO  utils.BackgroundService (BackgroundService.java:shutdown(141)) - Shutting down service SnapshotDiffCleanupService
2023-07-05 13:44:58,493 [Time-limited test] INFO  ozone.MiniOzoneClusterImpl (MiniOzoneClusterImpl.java:stopDatanodes(528)) - Stopping the HddsDatanodes
2023-07-05 13:44:58,496 [ForkJoinPool.commonPool-worker-2] INFO  ozoneimpl.OzoneContainer (OzoneContainer.java:stop(441)) - Attempting to stop container services.
2023-07-05 13:44:58,497 [ForkJoinPool.commonPool-worker-2] INFO  server.RaftServer (RaftServerProxy.java:lambda$close$6(416)) - 9cad0a2d-2056-47c2-83a8-166be64b57fa: close
2023-07-05 13:44:58,497 [ForkJoinPool.commonPool-worker-2] INFO  server.GrpcService (GrpcService.java:closeImpl(311)) - 9cad0a2d-2056-47c2-83a8-166be64b57fa: shutdown server org.apache.ratis.grpc.server.GrpcClientProtocolService now
2023-07-05 13:44:58,497 [9cad0a2d-2056-47c2-83a8-166be64b57fa-impl-thread1] INFO  server.RaftServer$Division (RaftServerImpl.java:lambda$close$4(466)) - 9cad0a2d-2056-47c2-83a8-166be64b57fa@group-AA887EA87D65: shutdown
2023-07-05 13:44:58,497 [9cad0a2d-2056-47c2-83a8-166be64b57fa-impl-thread1] INFO  util.JmxRegister (JmxRegister.java:unregister(73)) - Successfully un-registered JMX Bean with object name Ratis:service=RaftServer,group=group-AA887EA87D65,id=9cad0a2d-2056-47c2-83a8-166be64b57fa
2023-07-05 13:44:58,497 [9cad0a2d-2056-47c2-83a8-166be64b57fa-impl-thread1] INFO  impl.RoleInfo (RoleInfo.java:shutdownLeaderState(93)) - 9cad0a2d-2056-47c2-83a8-166be64b57fa: shutdown 9cad0a2d-2056-47c2-83a8-166be64b57fa@group-AA887EA87D65-LeaderStateImpl
2023-07-05 13:44:58,497 [9cad0a2d-2056-47c2-83a8-166be64b57fa-impl-thread1] INFO  impl.PendingRequests (PendingRequests.java:sendNotLeaderResponses(289)) - 9cad0a2d-2056-47c2-83a8-166be64b57fa@group-AA887EA87D65-PendingRequests: sendNotLeaderResponses
2023-07-05 13:44:58,498 [9cad0a2d-2056-47c2-83a8-166be64b57fa-impl-thread1] INFO  impl.StateMachineUpdater (StateMachineUpdater.java:stopAndJoin(155)) - 9cad0a2d-2056-47c2-83a8-166be64b57fa@group-AA887EA87D65-StateMachineUpdater: set stopIndex = 0
2023-07-05 13:44:58,498 [9cad0a2d-2056-47c2-83a8-166be64b57fa@group-AA887EA87D65-StateMachineUpdater] INFO  ratis.ContainerStateMachine (ContainerStateMachine.java:takeSnapshot(330)) - group-AA887EA87D65: Taking a snapshot at:(t:1, i:0) file /home/runner/work/ozone/ozone/hadoop-ozone/integration-test/target/test-dir/MiniOzoneClusterImpl-5a349b9d-530c-474e-9da9-45562981beee/datanode-0/data/ratis/4d06d01c-83e6-41c1-b47b-aa887ea87d65/sm/snapshot.1_0
2023-07-05 13:44:58,506 [Thread-2848] INFO  server.GrpcServerProtocolClient (GrpcServerProtocolClient.java:close(103)) - 39a48944-77e7-4681-b606-55be812809b8 Close channels
2023-07-05 13:44:58,507 [Thread-2849] INFO  server.GrpcServerProtocolClient (GrpcServerProtocolClient.java:close(103)) - 009ab419-7007-4517-9228-4425fd87ec20 Close channels
2023-07-05 13:44:58,508 [9cad0a2d-2056-47c2-83a8-166be64b57fa@group-AA887EA87D65-StateMachineUpdater] INFO  ratis.ContainerStateMachine (ContainerStateMachine.java:takeSnapshot(341)) - group-AA887EA87D65: Finished taking a snapshot at:(t:1, i:0) file:/home/runner/work/ozone/ozone/hadoop-ozone/integration-test/target/test-dir/MiniOzoneClusterImpl-5a349b9d-530c-474e-9da9-45562981beee/datanode-0/data/ratis/4d06d01c-83e6-41c1-b47b-aa887ea87d65/sm/snapshot.1_0 took: 10 ms
2023-07-05 13:44:58,510 [9cad0a2d-2056-47c2-83a8-166be64b57fa@group-AA887EA87D65-StateMachineUpdater] INFO  impl.StateMachineUpdater (StateMachineUpdater.java:takeSnapshot(291)) - 9cad0a2d-2056-47c2-83a8-166be64b57fa@group-AA887EA87D65-StateMachineUpdater: Took a snapshot at index 0
2023-07-05 13:44:58,510 [9cad0a2d-2056-47c2-83a8-166be64b57fa@group-AA887EA87D65-StateMachineUpdater] INFO  impl.StateMachineUpdater (StateMachineUpdater.java:lambda$new$0(97)) - 9cad0a2d-2056-47c2-83a8-166be64b57fa@group-AA887EA87D65-StateMachineUpdater: snapshotIndex: updateIncreasingly -1 -> 0
2023-07-05 13:44:58,511 [9cad0a2d-2056-47c2-83a8-166be64b57fa-impl-thread1] INFO  server.RaftServer$Division (ServerState.java:close(472)) - 9cad0a2d-2056-47c2-83a8-166be64b57fa@group-AA887EA87D65: closes. applyIndex: 0
2023-07-05 13:44:58,514 [ForkJoinPool.commonPool-worker-2] INFO  server.GrpcService (GrpcService.java:closeImpl(320)) - 9cad0a2d-2056-47c2-83a8-166be64b57fa: shutdown server org.apache.ratis.grpc.server.GrpcClientProtocolService successfully
2023-07-05 13:44:58,514 [ForkJoinPool.commonPool-worker-2] INFO  server.GrpcService (GrpcService.java:closeImpl(311)) - 9cad0a2d-2056-47c2-83a8-166be64b57fa: shutdown server GrpcServerProtocolService now
2023-07-05 13:44:58,526 [ForkJoinPool.commonPool-worker-2] INFO  server.GrpcService (GrpcService.java:closeImpl(320)) - 9cad0a2d-2056-47c2-83a8-166be64b57fa: shutdown server GrpcServerProtocolService successfully
2023-07-05 13:44:58,527 [ForkJoinPool.commonPool-worker-2] INFO  server.GrpcService (GrpcService.java:closeImpl(311)) - 9cad0a2d-2056-47c2-83a8-166be64b57fa: shutdown server org.apache.ratis.grpc.server.GrpcAdminProtocolService now
2023-07-05 13:44:58,527 [ForkJoinPool.commonPool-worker-3] INFO  ozoneimpl.OzoneContainer (OzoneContainer.java:stop(441)) - Attempting to stop container services.
2023-07-05 13:44:58,530 [ForkJoinPool.commonPool-worker-3] INFO  server.RaftServer (RaftServerProxy.java:lambda$close$6(416)) - 271aec25-07f0-4d79-9bff-baf77738dc05: close
2023-07-05 13:44:58,530 [ForkJoinPool.commonPool-worker-3] INFO  server.GrpcService (GrpcService.java:closeImpl(311)) - 271aec25-07f0-4d79-9bff-baf77738dc05: shutdown server org.apache.ratis.grpc.server.GrpcClientProtocolService now
2023-07-05 13:44:58,530 [271aec25-07f0-4d79-9bff-baf77738dc05-impl-thread1] INFO  server.RaftServer$Division (RaftServerImpl.java:lambda$close$4(466)) - 271aec25-07f0-4d79-9bff-baf77738dc05@group-8EE5E8701BC7: shutdown
2023-07-05 13:44:58,531 [271aec25-07f0-4d79-9bff-baf77738dc05-impl-thread1] INFO  util.JmxRegister (JmxRegister.java:unregister(73)) - Successfully un-registered JMX Bean with object name Ratis:service=RaftServer,group=group-8EE5E8701BC7,id=271aec25-07f0-4d79-9bff-baf77738dc05
2023-07-05 13:44:58,531 [271aec25-07f0-4d79-9bff-baf77738dc05-impl-thread1] INFO  impl.RoleInfo (RoleInfo.java:shutdownLeaderState(93)) - 271aec25-07f0-4d79-9bff-baf77738dc05: shutdown 271aec25-07f0-4d79-9bff-baf77738dc05@group-8EE5E8701BC7-LeaderStateImpl
2023-07-05 13:44:58,531 [271aec25-07f0-4d79-9bff-baf77738dc05-impl-thread1] INFO  impl.PendingRequests (PendingRequests.java:sendNotLeaderResponses(289)) - 271aec25-07f0-4d79-9bff-baf77738dc05@group-8EE5E8701BC7-PendingRequests: sendNotLeaderResponses
2023-07-05 13:44:58,531 [271aec25-07f0-4d79-9bff-baf77738dc05-impl-thread1] INFO  impl.StateMachineUpdater (StateMachineUpdater.java:stopAndJoin(155)) - 271aec25-07f0-4d79-9bff-baf77738dc05@group-8EE5E8701BC7-StateMachineUpdater: set stopIndex = 0
2023-07-05 13:44:58,531 [271aec25-07f0-4d79-9bff-baf77738dc05@group-8EE5E8701BC7-StateMachineUpdater] INFO  ratis.ContainerStateMachine (ContainerStateMachine.java:takeSnapshot(330)) - group-8EE5E8701BC7: Taking a snapshot at:(t:1, i:0) file /home/runner/work/ozone/ozone/hadoop-ozone/integration-test/target/test-dir/MiniOzoneClusterImpl-5a349b9d-530c-474e-9da9-45562981beee/datanode-4/data/ratis/ea41a907-dd42-4860-bd7f-8ee5e8701bc7/sm/snapshot.1_0
2023-07-05 13:44:58,539 [ForkJoinPool.commonPool-worker-2] INFO  server.GrpcService (GrpcService.java:closeImpl(320)) - 9cad0a2d-2056-47c2-83a8-166be64b57fa: shutdown server org.apache.ratis.grpc.server.GrpcAdminProtocolService successfully
2023-07-05 13:44:58,539 [9cad0a2d-2056-47c2-83a8-166be64b57fa-NettyServerStreamRpc-bossGroup--thread1] INFO  logging.LoggingHandler (AbstractInternalLogger.java:log(148)) - [id: 0x43f66590, L:/0:0:0:0:0:0:0:0:15227] CLOSE
2023-07-05 13:44:58,539 [271aec25-07f0-4d79-9bff-baf77738dc05@group-8EE5E8701BC7-StateMachineUpdater] INFO  ratis.ContainerStateMachine (ContainerStateMachine.java:takeSnapshot(341)) - group-8EE5E8701BC7: Finished taking a snapshot at:(t:1, i:0) file:/home/runner/work/ozone/ozone/hadoop-ozone/integration-test/target/test-dir/MiniOzoneClusterImpl-5a349b9d-530c-474e-9da9-45562981beee/datanode-4/data/ratis/ea41a907-dd42-4860-bd7f-8ee5e8701bc7/sm/snapshot.1_0 took: 8 ms
2023-07-05 13:44:58,539 [9cad0a2d-2056-47c2-83a8-166be64b57fa-NettyServerStreamRpc-bossGroup--thread1] INFO  logging.LoggingHandler (AbstractInternalLogger.java:log(148)) - [id: 0x43f66590, L:/0:0:0:0:0:0:0:0:15227] INACTIVE
2023-07-05 13:44:58,539 [9cad0a2d-2056-47c2-83a8-166be64b57fa-NettyServerStreamRpc-bossGroup--thread1] INFO  logging.LoggingHandler (AbstractInternalLogger.java:log(148)) - [id: 0x43f66590, L:/0:0:0:0:0:0:0:0:15227] UNREGISTERED
2023-07-05 13:44:58,539 [271aec25-07f0-4d79-9bff-baf77738dc05@group-8EE5E8701BC7-StateMachineUpdater] INFO  impl.StateMachineUpdater (StateMachineUpdater.java:takeSnapshot(291)) - 271aec25-07f0-4d79-9bff-baf77738dc05@group-8EE5E8701BC7-StateMachineUpdater: Took a snapshot at index 0
2023-07-05 13:44:58,539 [271aec25-07f0-4d79-9bff-baf77738dc05@group-8EE5E8701BC7-StateMachineUpdater] INFO  impl.StateMachineUpdater (StateMachineUpdater.java:lambda$new$0(97)) - 271aec25-07f0-4d79-9bff-baf77738dc05@group-8EE5E8701BC7-StateMachineUpdater: snapshotIndex: updateIncreasingly -1 -> 0
2023-07-05 13:44:58,540 [271aec25-07f0-4d79-9bff-baf77738dc05-impl-thread1] INFO  server.RaftServer$Division (ServerState.java:close(472)) - 271aec25-07f0-4d79-9bff-baf77738dc05@group-8EE5E8701BC7: closes. applyIndex: 0
2023-07-05 13:44:58,542 [ForkJoinPool.commonPool-worker-3] INFO  server.GrpcService (GrpcService.java:closeImpl(320)) - 271aec25-07f0-4d79-9bff-baf77738dc05: shutdown server org.apache.ratis.grpc.server.GrpcClientProtocolService successfully
2023-07-05 13:44:58,542 [ForkJoinPool.commonPool-worker-3] INFO  server.GrpcService (GrpcService.java:closeImpl(311)) - 271aec25-07f0-4d79-9bff-baf77738dc05: shutdown server GrpcServerProtocolService now
2023-07-05 13:44:58,549 [ForkJoinPool.commonPool-worker-3] INFO  server.GrpcService (GrpcService.java:closeImpl(320)) - 271aec25-07f0-4d79-9bff-baf77738dc05: shutdown server GrpcServerProtocolService successfully
2023-07-05 13:44:58,549 [ForkJoinPool.commonPool-worker-3] INFO  server.GrpcService (GrpcService.java:closeImpl(311)) - 271aec25-07f0-4d79-9bff-baf77738dc05: shutdown server org.apache.ratis.grpc.server.GrpcAdminProtocolService now
2023-07-05 13:44:58,550 [ForkJoinPool.commonPool-worker-3] INFO  server.GrpcService (GrpcService.java:closeImpl(320)) - 271aec25-07f0-4d79-9bff-baf77738dc05: shutdown server org.apache.ratis.grpc.server.GrpcAdminProtocolService successfully
2023-07-05 13:44:58,550 [271aec25-07f0-4d79-9bff-baf77738dc05-NettyServerStreamRpc-bossGroup--thread1] INFO  logging.LoggingHandler (AbstractInternalLogger.java:log(148)) - [id: 0x343e970b, L:/0:0:0:0:0:0:0:0:15263] CLOSE
2023-07-05 13:44:58,550 [271aec25-07f0-4d79-9bff-baf77738dc05-NettyServerStreamRpc-bossGroup--thread1] INFO  logging.LoggingHandler (AbstractInternalLogger.java:log(148)) - [id: 0x343e970b, L:/0:0:0:0:0:0:0:0:15263] INACTIVE
2023-07-05 13:44:58,550 [271aec25-07f0-4d79-9bff-baf77738dc05-NettyServerStreamRpc-bossGroup--thread1] INFO  logging.LoggingHandler (AbstractInternalLogger.java:log(148)) - [id: 0x343e970b, L:/0:0:0:0:0:0:0:0:15263] UNREGISTERED
2023-07-05 13:44:58,562 [ForkJoinPool.commonPool-worker-0] INFO  ozoneimpl.OzoneContainer (OzoneContainer.java:stop(441)) - Attempting to stop container services.
2023-07-05 13:44:58,562 [ForkJoinPool.commonPool-worker-0] INFO  server.RaftServer (RaftServerProxy.java:lambda$close$6(416)) - 1921cb7d-1b71-44f2-8c1b-bd8e1d96d4a3: close
2023-07-05 13:44:58,562 [ForkJoinPool.commonPool-worker-0] INFO  server.GrpcService (GrpcService.java:closeImpl(311)) - 1921cb7d-1b71-44f2-8c1b-bd8e1d96d4a3: shutdown server org.apache.ratis.grpc.server.GrpcClientProtocolService now
2023-07-05 13:44:58,563 [1921cb7d-1b71-44f2-8c1b-bd8e1d96d4a3-impl-thread1] INFO  server.RaftServer$Division (RaftServerImpl.java:lambda$close$4(466)) - 1921cb7d-1b71-44f2-8c1b-bd8e1d96d4a3@group-AFC053076C25: shutdown
2023-07-05 13:44:58,563 [1921cb7d-1b71-44f2-8c1b-bd8e1d96d4a3-impl-thread1] INFO  util.JmxRegister (JmxRegister.java:unregister(73)) - Successfully un-registered JMX Bean with object name Ratis:service=RaftServer,group=group-AFC053076C25,id=1921cb7d-1b71-44f2-8c1b-bd8e1d96d4a3
2023-07-05 13:44:58,563 [1921cb7d-1b71-44f2-8c1b-bd8e1d96d4a3-impl-thread1] INFO  impl.RoleInfo (RoleInfo.java:shutdownLeaderState(93)) - 1921cb7d-1b71-44f2-8c1b-bd8e1d96d4a3: shutdown 1921cb7d-1b71-44f2-8c1b-bd8e1d96d4a3@group-AFC053076C25-LeaderStateImpl
2023-07-05 13:44:58,563 [1921cb7d-1b71-44f2-8c1b-bd8e1d96d4a3-impl-thread1] INFO  impl.PendingRequests (PendingRequests.java:sendNotLeaderResponses(289)) - 1921cb7d-1b71-44f2-8c1b-bd8e1d96d4a3@group-AFC053076C25-PendingRequests: sendNotLeaderResponses
2023-07-05 13:44:58,563 [1921cb7d-1b71-44f2-8c1b-bd8e1d96d4a3-impl-thread1] INFO  impl.StateMachineUpdater (StateMachineUpdater.java:stopAndJoin(155)) - 1921cb7d-1b71-44f2-8c1b-bd8e1d96d4a3@group-AFC053076C25-StateMachineUpdater: set stopIndex = 0
2023-07-05 13:44:58,563 [1921cb7d-1b71-44f2-8c1b-bd8e1d96d4a3@group-AFC053076C25-StateMachineUpdater] INFO  ratis.ContainerStateMachine (ContainerStateMachine.java:takeSnapshot(330)) - group-AFC053076C25: Taking a snapshot at:(t:1, i:0) file /home/runner/work/ozone/ozone/hadoop-ozone/integration-test/target/test-dir/MiniOzoneClusterImpl-5a349b9d-530c-474e-9da9-45562981beee/datanode-3/data/ratis/e1ca1f65-a3d2-48c0-9b8f-afc053076c25/sm/snapshot.1_0
2023-07-05 13:44:58,564 [1921cb7d-1b71-44f2-8c1b-bd8e1d96d4a3@group-AFC053076C25-StateMachineUpdater] INFO  ratis.ContainerStateMachine (ContainerStateMachine.java:takeSnapshot(341)) - group-AFC053076C25: Finished taking a snapshot at:(t:1, i:0) file:/home/runner/work/ozone/ozone/hadoop-ozone/integration-test/target/test-dir/MiniOzoneClusterImpl-5a349b9d-530c-474e-9da9-45562981beee/datanode-3/data/ratis/e1ca1f65-a3d2-48c0-9b8f-afc053076c25/sm/snapshot.1_0 took: 1 ms
2023-07-05 13:44:58,564 [ForkJoinPool.commonPool-worker-0] INFO  server.GrpcService (GrpcService.java:closeImpl(320)) - 1921cb7d-1b71-44f2-8c1b-bd8e1d96d4a3: shutdown server org.apache.ratis.grpc.server.GrpcClientProtocolService successfully
2023-07-05 13:44:58,564 [ForkJoinPool.commonPool-worker-0] INFO  server.GrpcService (GrpcService.java:closeImpl(311)) - 1921cb7d-1b71-44f2-8c1b-bd8e1d96d4a3: shutdown server GrpcServerProtocolService now
2023-07-05 13:44:58,564 [1921cb7d-1b71-44f2-8c1b-bd8e1d96d4a3@group-AFC053076C25-StateMachineUpdater] INFO  impl.StateMachineUpdater (StateMachineUpdater.java:takeSnapshot(291)) - 1921cb7d-1b71-44f2-8c1b-bd8e1d96d4a3@group-AFC053076C25-StateMachineUpdater: Took a snapshot at index 0
2023-07-05 13:44:58,565 [1921cb7d-1b71-44f2-8c1b-bd8e1d96d4a3@group-AFC053076C25-StateMachineUpdater] INFO  impl.StateMachineUpdater (StateMachineUpdater.java:lambda$new$0(97)) - 1921cb7d-1b71-44f2-8c1b-bd8e1d96d4a3@group-AFC053076C25-StateMachineUpdater: snapshotIndex: updateIncreasingly -1 -> 0
2023-07-05 13:44:58,565 [1921cb7d-1b71-44f2-8c1b-bd8e1d96d4a3-impl-thread1] INFO  server.RaftServer$Division (ServerState.java:close(472)) - 1921cb7d-1b71-44f2-8c1b-bd8e1d96d4a3@group-AFC053076C25: closes. applyIndex: 0
2023-07-05 13:44:58,567 [ForkJoinPool.commonPool-worker-0] INFO  server.GrpcService (GrpcService.java:closeImpl(320)) - 1921cb7d-1b71-44f2-8c1b-bd8e1d96d4a3: shutdown server GrpcServerProtocolService successfully
2023-07-05 13:44:58,567 [ForkJoinPool.commonPool-worker-0] INFO  server.GrpcService (GrpcService.java:closeImpl(311)) - 1921cb7d-1b71-44f2-8c1b-bd8e1d96d4a3: shutdown server org.apache.ratis.grpc.server.GrpcAdminProtocolService now
2023-07-05 13:44:58,568 [ForkJoinPool.commonPool-worker-0] INFO  server.GrpcService (GrpcService.java:closeImpl(320)) - 1921cb7d-1b71-44f2-8c1b-bd8e1d96d4a3: shutdown server org.apache.ratis.grpc.server.GrpcAdminProtocolService successfully
2023-07-05 13:44:58,568 [1921cb7d-1b71-44f2-8c1b-bd8e1d96d4a3-NettyServerStreamRpc-bossGroup--thread1] INFO  logging.LoggingHandler (AbstractInternalLogger.java:log(148)) - [id: 0x836c4d2e, L:/0:0:0:0:0:0:0:0:15254] CLOSE
2023-07-05 13:44:58,568 [1921cb7d-1b71-44f2-8c1b-bd8e1d96d4a3-NettyServerStreamRpc-bossGroup--thread1] INFO  logging.LoggingHandler (AbstractInternalLogger.java:log(148)) - [id: 0x836c4d2e, L:/0:0:0:0:0:0:0:0:15254] INACTIVE
2023-07-05 13:44:58,568 [1921cb7d-1b71-44f2-8c1b-bd8e1d96d4a3-NettyServerStreamRpc-bossGroup--thread1] INFO  logging.LoggingHandler (AbstractInternalLogger.java:log(148)) - [id: 0x836c4d2e, L:/0:0:0:0:0:0:0:0:15254] UNREGISTERED
2023-07-05 13:44:58,721 [ReplicationMonitor] INFO  replication.ReplicationManager (ReplicationManager.java:processAll(389)) - Replication Monitor Thread took 0 milliseconds for processing 1 containers.
2023-07-05 13:44:58,827 [PipelineCommandHandlerThread-0] INFO  segmented.SegmentedRaftLogWorker (SegmentedRaftLogWorker.java:close(252)) - 39a48944-77e7-4681-b606-55be812809b8@group-419B63F73666-SegmentedRaftLogWorker close()
2023-07-05 13:44:58,829 [PipelineCommandHandlerThread-0] INFO  server.RaftServer$Division (RaftServerImpl.java:groupRemove(436)) - 39a48944-77e7-4681-b606-55be812809b8@group-419B63F73666: Succeed to remove RaftStorageDirectory Storage Directory /home/runner/work/ozone/ozone/hadoop-ozone/integration-test/target/test-dir/MiniOzoneClusterImpl-5a349b9d-530c-474e-9da9-45562981beee/datanode-2/data/ratis/bb722c83-4313-4365-b6e0-419b63f73666
2023-07-05 13:44:58,829 [PipelineCommandHandlerThread-0] INFO  commandhandler.ClosePipelineCommandHandler (ClosePipelineCommandHandler.java:lambda$handle$0(87)) - Close Pipeline PipelineID=bb722c83-4313-4365-b6e0-419b63f73666 command on datanode 39a48944-77e7-4681-b606-55be812809b8.
2023-07-05 13:44:58,830 [Time-limited test] INFO  ozoneimpl.OzoneContainer (OzoneContainer.java:stop(441)) - Attempting to stop container services.
2023-07-05 13:44:58,830 [Time-limited test] INFO  server.RaftServer (RaftServerProxy.java:lambda$close$6(416)) - 39a48944-77e7-4681-b606-55be812809b8: close
2023-07-05 13:44:58,830 [Time-limited test] INFO  server.GrpcService (GrpcService.java:closeImpl(311)) - 39a48944-77e7-4681-b606-55be812809b8: shutdown server org.apache.ratis.grpc.server.GrpcClientProtocolService now
2023-07-05 13:44:58,830 [39a48944-77e7-4681-b606-55be812809b8-impl-thread1] INFO  server.RaftServer$Division (RaftServerImpl.java:lambda$close$4(466)) - 39a48944-77e7-4681-b606-55be812809b8@group-B5BE083B54BC: shutdown
2023-07-05 13:44:58,831 [39a48944-77e7-4681-b606-55be812809b8-impl-thread1] INFO  util.JmxRegister (JmxRegister.java:unregister(73)) - Successfully un-registered JMX Bean with object name Ratis:service=RaftServer,group=group-B5BE083B54BC,id=39a48944-77e7-4681-b606-55be812809b8
2023-07-05 13:44:58,831 [39a48944-77e7-4681-b606-55be812809b8-impl-thread1] INFO  impl.RoleInfo (RoleInfo.java:shutdownLeaderState(93)) - 39a48944-77e7-4681-b606-55be812809b8: shutdown 39a48944-77e7-4681-b606-55be812809b8@group-B5BE083B54BC-LeaderStateImpl
2023-07-05 13:44:58,831 [39a48944-77e7-4681-b606-55be812809b8-impl-thread1] INFO  impl.PendingRequests (PendingRequests.java:sendNotLeaderResponses(289)) - 39a48944-77e7-4681-b606-55be812809b8@group-B5BE083B54BC-PendingRequests: sendNotLeaderResponses
2023-07-05 13:44:58,831 [39a48944-77e7-4681-b606-55be812809b8-impl-thread1] INFO  impl.StateMachineUpdater (StateMachineUpdater.java:stopAndJoin(155)) - 39a48944-77e7-4681-b606-55be812809b8@group-B5BE083B54BC-StateMachineUpdater: set stopIndex = 0
2023-07-05 13:44:58,831 [Thread-2905] INFO  server.GrpcServerProtocolClient (GrpcServerProtocolClient.java:close(103)) - 009ab419-7007-4517-9228-4425fd87ec20 Close channels
2023-07-05 13:44:58,831 [39a48944-77e7-4681-b606-55be812809b8@group-B5BE083B54BC-StateMachineUpdater] INFO  ratis.ContainerStateMachine (ContainerStateMachine.java:takeSnapshot(330)) - group-B5BE083B54BC: Taking a snapshot at:(t:1, i:0) file /home/runner/work/ozone/ozone/hadoop-ozone/integration-test/target/test-dir/MiniOzoneClusterImpl-5a349b9d-530c-474e-9da9-45562981beee/datanode-2/data/ratis/7b29b315-dd7e-4650-a41c-b5be083b54bc/sm/snapshot.1_0
2023-07-05 13:44:58,831 [Thread-2906] INFO  server.GrpcServerProtocolClient (GrpcServerProtocolClient.java:close(103)) - 9cad0a2d-2056-47c2-83a8-166be64b57fa Close channels
2023-07-05 13:44:58,832 [Time-limited test] INFO  server.GrpcService (GrpcService.java:closeImpl(320)) - 39a48944-77e7-4681-b606-55be812809b8: shutdown server org.apache.ratis.grpc.server.GrpcClientProtocolService successfully
2023-07-05 13:44:58,832 [Time-limited test] INFO  server.GrpcService (GrpcService.java:closeImpl(311)) - 39a48944-77e7-4681-b606-55be812809b8: shutdown server GrpcServerProtocolService now
2023-07-05 13:44:58,832 [39a48944-77e7-4681-b606-55be812809b8@group-B5BE083B54BC-StateMachineUpdater] INFO  ratis.ContainerStateMachine (ContainerStateMachine.java:takeSnapshot(341)) - group-B5BE083B54BC: Finished taking a snapshot at:(t:1, i:0) file:/home/runner/work/ozone/ozone/hadoop-ozone/integration-test/target/test-dir/MiniOzoneClusterImpl-5a349b9d-530c-474e-9da9-45562981beee/datanode-2/data/ratis/7b29b315-dd7e-4650-a41c-b5be083b54bc/sm/snapshot.1_0 took: 1 ms
2023-07-05 13:44:58,832 [39a48944-77e7-4681-b606-55be812809b8@group-B5BE083B54BC-StateMachineUpdater] INFO  impl.StateMachineUpdater (StateMachineUpdater.java:takeSnapshot(291)) - 39a48944-77e7-4681-b606-55be812809b8@group-B5BE083B54BC-StateMachineUpdater: Took a snapshot at index 0
2023-07-05 13:44:58,832 [39a48944-77e7-4681-b606-55be812809b8@group-B5BE083B54BC-StateMachineUpdater] INFO  impl.StateMachineUpdater (StateMachineUpdater.java:lambda$new$0(97)) - 39a48944-77e7-4681-b606-55be812809b8@group-B5BE083B54BC-StateMachineUpdater: snapshotIndex: updateIncreasingly -1 -> 0
2023-07-05 13:44:58,833 [39a48944-77e7-4681-b606-55be812809b8-impl-thread1] INFO  server.RaftServer$Division (ServerState.java:close(472)) - 39a48944-77e7-4681-b606-55be812809b8@group-B5BE083B54BC: closes. applyIndex: 0
2023-07-05 13:44:58,833 [Time-limited test] INFO  server.GrpcService (GrpcService.java:closeImpl(320)) - 39a48944-77e7-4681-b606-55be812809b8: shutdown server GrpcServerProtocolService successfully
2023-07-05 13:44:58,833 [Time-limited test] INFO  server.GrpcService (GrpcService.java:closeImpl(311)) - 39a48944-77e7-4681-b606-55be812809b8: shutdown server org.apache.ratis.grpc.server.GrpcAdminProtocolService now
2023-07-05 13:44:58,840 [Time-limited test] INFO  server.GrpcService (GrpcService.java:closeImpl(320)) - 39a48944-77e7-4681-b606-55be812809b8: shutdown server org.apache.ratis.grpc.server.GrpcAdminProtocolService successfully
2023-07-05 13:44:58,840 [39a48944-77e7-4681-b606-55be812809b8-NettyServerStreamRpc-bossGroup--thread1] INFO  logging.LoggingHandler (AbstractInternalLogger.java:log(148)) - [id: 0xd966ad35, L:/0:0:0:0:0:0:0:0:15245] CLOSE
2023-07-05 13:44:58,840 [39a48944-77e7-4681-b606-55be812809b8-NettyServerStreamRpc-bossGroup--thread1] INFO  logging.LoggingHandler (AbstractInternalLogger.java:log(148)) - [id: 0xd966ad35, L:/0:0:0:0:0:0:0:0:15245] INACTIVE
2023-07-05 13:44:58,840 [39a48944-77e7-4681-b606-55be812809b8-NettyServerStreamRpc-bossGroup--thread1] INFO  logging.LoggingHandler (AbstractInternalLogger.java:log(148)) - [id: 0xd966ad35, L:/0:0:0:0:0:0:0:0:15245] UNREGISTERED
2023-07-05 13:44:58,874 [39a48944-77e7-4681-b606-55be812809b8-impl-thread1] INFO  segmented.SegmentedRaftLogWorker (SegmentedRaftLogWorker.java:close(252)) - 39a48944-77e7-4681-b606-55be812809b8@group-B5BE083B54BC-SegmentedRaftLogWorker close()
2023-07-05 13:44:58,876 [JvmPauseMonitor32] INFO  util.JvmPauseMonitor (JvmPauseMonitor.java:run(109)) - JvmPauseMonitor-39a48944-77e7-4681-b606-55be812809b8: Stopped
2023-07-05 13:44:59,107 [1921cb7d-1b71-44f2-8c1b-bd8e1d96d4a3-impl-thread1] INFO  segmented.SegmentedRaftLogWorker (SegmentedRaftLogWorker.java:close(252)) - 1921cb7d-1b71-44f2-8c1b-bd8e1d96d4a3@group-AFC053076C25-SegmentedRaftLogWorker close()
2023-07-05 13:44:59,107 [JvmPauseMonitor33] INFO  util.JvmPauseMonitor (JvmPauseMonitor.java:run(109)) - JvmPauseMonitor-1921cb7d-1b71-44f2-8c1b-bd8e1d96d4a3: Stopped
2023-07-05 13:44:59,345 [9cad0a2d-2056-47c2-83a8-166be64b57fa-impl-thread1] INFO  segmented.SegmentedRaftLogWorker (SegmentedRaftLogWorker.java:close(252)) - 9cad0a2d-2056-47c2-83a8-166be64b57fa@group-AA887EA87D65-SegmentedRaftLogWorker close()
2023-07-05 13:44:59,345 [JvmPauseMonitor30] INFO  util.JvmPauseMonitor (JvmPauseMonitor.java:run(109)) - JvmPauseMonitor-9cad0a2d-2056-47c2-83a8-166be64b57fa: Stopped
2023-07-05 13:44:59,406 [271aec25-07f0-4d79-9bff-baf77738dc05-impl-thread1] INFO  segmented.SegmentedRaftLogWorker (SegmentedRaftLogWorker.java:close(252)) - 271aec25-07f0-4d79-9bff-baf77738dc05@group-8EE5E8701BC7-SegmentedRaftLogWorker close()
2023-07-05 13:44:59,406 [JvmPauseMonitor34] INFO  util.JvmPauseMonitor (JvmPauseMonitor.java:run(109)) - JvmPauseMonitor-271aec25-07f0-4d79-9bff-baf77738dc05: Stopped
2023-07-05 13:44:59,722 [ReplicationMonitor] INFO  replication.ReplicationManager (ReplicationManager.java:processAll(389)) - Replication Monitor Thread took 0 milliseconds for processing 1 containers.
2023-07-05 13:45:00,541 [EventQueue-StaleNodeForStaleNodeHandler] INFO  node.StaleNodeHandler (StaleNodeHandler.java:onMessage(58)) - Datanode 271aec25-07f0-4d79-9bff-baf77738dc05(fv-az264-29.ca02foy5wcnuvlrvrz2wi3p2og.dx.internal.cloudapp.net/10.1.0.13) moved to stale state. Finalizing its pipelines [PipelineID=ea41a907-dd42-4860-bd7f-8ee5e8701bc7]
2023-07-05 13:45:00,543 [EventQueue-StaleNodeForStaleNodeHandler] INFO  pipeline.PipelineManagerImpl (PipelineManagerImpl.java:closePipeline(510)) - Pipeline Pipeline[ Id: ea41a907-dd42-4860-bd7f-8ee5e8701bc7, Nodes: 271aec25-07f0-4d79-9bff-baf77738dc05(fv-az264-29.ca02foy5wcnuvlrvrz2wi3p2og.dx.internal.cloudapp.net/10.1.0.13), ReplicationConfig: RATIS/ONE, State:OPEN, leaderId:271aec25-07f0-4d79-9bff-baf77738dc05, CreationTimestamp2023-07-05T13:44:38.318Z[Etc/UTC]] moved to CLOSED state
2023-07-05 13:45:00,723 [ReplicationMonitor] INFO  replication.ReplicationManager (ReplicationManager.java:processAll(389)) - Replication Monitor Thread took 1 milliseconds for processing 1 containers.
2023-07-05 13:45:00,842 [EventQueue-StaleNodeForStaleNodeHandler] INFO  node.StaleNodeHandler (StaleNodeHandler.java:onMessage(58)) - Datanode 9cad0a2d-2056-47c2-83a8-166be64b57fa(fv-az264-29.ca02foy5wcnuvlrvrz2wi3p2og.dx.internal.cloudapp.net/10.1.0.13) moved to stale state. Finalizing its pipelines [PipelineID=4d06d01c-83e6-41c1-b47b-aa887ea87d65]
2023-07-05 13:45:00,843 [EventQueue-StaleNodeForStaleNodeHandler] INFO  pipeline.PipelineManagerImpl (PipelineManagerImpl.java:closePipeline(510)) - Pipeline Pipeline[ Id: 4d06d01c-83e6-41c1-b47b-aa887ea87d65, Nodes: 9cad0a2d-2056-47c2-83a8-166be64b57fa(fv-az264-29.ca02foy5wcnuvlrvrz2wi3p2og.dx.internal.cloudapp.net/10.1.0.13), ReplicationConfig: RATIS/ONE, State:OPEN, leaderId:9cad0a2d-2056-47c2-83a8-166be64b57fa, CreationTimestamp2023-07-05T13:44:37.029Z[Etc/UTC]] moved to CLOSED state
2023-07-05 13:45:00,880 [Time-limited test] INFO  utils.DatanodeStoreCache (DatanodeStoreCache.java:shutdownCache(110)) - Skip clearing cache in mini cluster mode. Entries left: [/home/runner/work/ozone/ozone/hadoop-ozone/integration-test/target/test-dir/MiniOzoneClusterImpl-5a349b9d-530c-474e-9da9-45562981beee/datanode-0/data-0/containers/hdds/5a349b9d-530c-474e-9da9-45562981beee/DS-b3c0b097-31a9-4c16-b5bf-3f875f476d1d/container.db, /home/runner/work/ozone/ozone/hadoop-ozone/integration-test/target/test-dir/MiniOzoneClusterImpl-5a349b9d-530c-474e-9da9-45562981beee/datanode-2/data-0/containers/hdds/5a349b9d-530c-474e-9da9-45562981beee/DS-faaf53cc-cd61-41f1-8d43-4e3e5d269295/container.db, /home/runner/work/ozone/ozone/hadoop-ozone/integration-test/target/test-dir/MiniOzoneClusterImpl-5a349b9d-530c-474e-9da9-45562981beee/datanode-3/data-0/containers/hdds/5a349b9d-530c-474e-9da9-45562981beee/DS-93d080c0-4dd8-4bb0-bf30-75af52a50767/container.db, /home/runner/work/ozone/ozone/hadoop-ozone/integration-test/target/test-dir/MiniOzoneClusterImpl-5a349b9d-530c-474e-9da9-45562981beee/datanode-4/data-0/containers/hdds/5a349b9d-530c-474e-9da9-45562981beee/DS-083a59ca-cd62-404b-91c8-e7412af53d6d/container.db]
2023-07-05 13:45:00,882 [Time-limited test] INFO  utils.DatanodeStoreCache (DatanodeStoreCache.java:removeDB(104)) - Removed db /home/runner/work/ozone/ozone/hadoop-ozone/integration-test/target/test-dir/MiniOzoneClusterImpl-5a349b9d-530c-474e-9da9-45562981beee/datanode-2/data-0/containers/hdds/5a349b9d-530c-474e-9da9-45562981beee/DS-faaf53cc-cd61-41f1-8d43-4e3e5d269295/container.db from cache
2023-07-05 13:45:00,882 [Time-limited test] INFO  volume.HddsVolume (HddsVolume.java:closeDbStore(509)) - SchemaV3 db is stopped at /home/runner/work/ozone/ozone/hadoop-ozone/integration-test/target/test-dir/MiniOzoneClusterImpl-5a349b9d-530c-474e-9da9-45562981beee/datanode-2/data-0/containers/hdds/5a349b9d-530c-474e-9da9-45562981beee/DS-faaf53cc-cd61-41f1-8d43-4e3e5d269295/container.db for volume DS-faaf53cc-cd61-41f1-8d43-4e3e5d269295
2023-07-05 13:45:00,883 [Time-limited test] INFO  utils.BackgroundService (BackgroundService.java:shutdown(141)) - Shutting down service BlockDeletingService
2023-07-05 13:45:00,883 [Time-limited test] INFO  utils.BackgroundService (BackgroundService.java:shutdown(141)) - Shutting down service StaleRecoveringContainerScrubbingService
2023-07-05 13:45:00,884 [Time-limited test] INFO  statemachine.DatanodeStateMachine (DatanodeStateMachine.java:stopDaemon(613)) - Ozone container server stopped.
2023-07-05 13:45:00,895 [Time-limited test] INFO  handler.ContextHandler (ContextHandler.java:doStop(1159)) - Stopped o.e.j.w.WebAppContext@4c102e7a{hddsDatanode,/,null,STOPPED}{jar:file:/home/runner/.m2/repository/org/apache/ozone/hdds-container-service/1.4.0-SNAPSHOT/hdds-container-service-1.4.0-SNAPSHOT.jar!/webapps/hddsDatanode}
2023-07-05 13:45:00,895 [Time-limited test] INFO  server.AbstractConnector (AbstractConnector.java:doStop(383)) - Stopped ServerConnector@4f048d73{HTTP/1.1, (http/1.1)}{0.0.0.0:15239}
2023-07-05 13:45:00,895 [Time-limited test] INFO  server.session (HouseKeeper.java:stopScavenging(149)) - node0 Stopped scavenging
2023-07-05 13:45:00,896 [Time-limited test] INFO  handler.ContextHandler (ContextHandler.java:doStop(1159)) - Stopped o.e.j.s.ServletContextHandler@6d67326d{static,/static,jar:file:/home/runner/.m2/repository/org/apache/ozone/hdds-container-service/1.4.0-SNAPSHOT/hdds-container-service-1.4.0-SNAPSHOT.jar!/webapps/static,STOPPED}
2023-07-05 13:45:00,896 [Time-limited test] INFO  handler.ContextHandler (ContextHandler.java:doStop(1159)) - Stopped o.e.j.s.ServletContextHandler@2131d08c{logs,/logs,file:///home/runner/work/ozone/ozone/hadoop-ozone/integration-test/target/log,STOPPED}
2023-07-05 13:45:00,898 [Time-limited test] INFO  ozone.HddsDatanodeClientProtocolServer (HddsDatanodeClientProtocolServer.java:stop(78)) - Stopping the RPC server for Client Protocol
2023-07-05 13:45:00,898 [Time-limited test] INFO  ipc.Server (Server.java:stop(3523)) - Stopping server on 15240
2023-07-05 13:45:00,899 [IPC Server listener on 15240] INFO  ipc.Server (Server.java:run(1434)) - Stopping IPC Server listener on 15240
2023-07-05 13:45:00,903 [IPC Server Responder] INFO  ipc.Server (Server.java:run(1567)) - Stopping IPC Server Responder
2023-07-05 13:45:01,111 [ForkJoinPool.commonPool-worker-0] INFO  utils.DatanodeStoreCache (DatanodeStoreCache.java:shutdownCache(110)) - Skip clearing cache in mini cluster mode. Entries left: [/home/runner/work/ozone/ozone/hadoop-ozone/integration-test/target/test-dir/MiniOzoneClusterImpl-5a349b9d-530c-474e-9da9-45562981beee/datanode-0/data-0/containers/hdds/5a349b9d-530c-474e-9da9-45562981beee/DS-b3c0b097-31a9-4c16-b5bf-3f875f476d1d/container.db, /home/runner/work/ozone/ozone/hadoop-ozone/integration-test/target/test-dir/MiniOzoneClusterImpl-5a349b9d-530c-474e-9da9-45562981beee/datanode-3/data-0/containers/hdds/5a349b9d-530c-474e-9da9-45562981beee/DS-93d080c0-4dd8-4bb0-bf30-75af52a50767/container.db, /home/runner/work/ozone/ozone/hadoop-ozone/integration-test/target/test-dir/MiniOzoneClusterImpl-5a349b9d-530c-474e-9da9-45562981beee/datanode-4/data-0/containers/hdds/5a349b9d-530c-474e-9da9-45562981beee/DS-083a59ca-cd62-404b-91c8-e7412af53d6d/container.db]
2023-07-05 13:45:01,115 [ForkJoinPool.commonPool-worker-0] INFO  utils.DatanodeStoreCache (DatanodeStoreCache.java:removeDB(104)) - Removed db /home/runner/work/ozone/ozone/hadoop-ozone/integration-test/target/test-dir/MiniOzoneClusterImpl-5a349b9d-530c-474e-9da9-45562981beee/datanode-3/data-0/containers/hdds/5a349b9d-530c-474e-9da9-45562981beee/DS-93d080c0-4dd8-4bb0-bf30-75af52a50767/container.db from cache
2023-07-05 13:45:01,115 [ForkJoinPool.commonPool-worker-0] INFO  volume.HddsVolume (HddsVolume.java:closeDbStore(509)) - SchemaV3 db is stopped at /home/runner/work/ozone/ozone/hadoop-ozone/integration-test/target/test-dir/MiniOzoneClusterImpl-5a349b9d-530c-474e-9da9-45562981beee/datanode-3/data-0/containers/hdds/5a349b9d-530c-474e-9da9-45562981beee/DS-93d080c0-4dd8-4bb0-bf30-75af52a50767/container.db for volume DS-93d080c0-4dd8-4bb0-bf30-75af52a50767
2023-07-05 13:45:01,115 [ForkJoinPool.commonPool-worker-0] INFO  utils.BackgroundService (BackgroundService.java:shutdown(141)) - Shutting down service BlockDeletingService
2023-07-05 13:45:01,116 [ForkJoinPool.commonPool-worker-0] INFO  utils.BackgroundService (BackgroundService.java:shutdown(141)) - Shutting down service StaleRecoveringContainerScrubbingService
2023-07-05 13:45:01,116 [ForkJoinPool.commonPool-worker-0] INFO  statemachine.DatanodeStateMachine (DatanodeStateMachine.java:stopDaemon(613)) - Ozone container server stopped.
2023-07-05 13:45:01,127 [ForkJoinPool.commonPool-worker-0] INFO  handler.ContextHandler (ContextHandler.java:doStop(1159)) - Stopped o.e.j.w.WebAppContext@29e0fb19{hddsDatanode,/,null,STOPPED}{jar:file:/home/runner/.m2/repository/org/apache/ozone/hdds-container-service/1.4.0-SNAPSHOT/hdds-container-service-1.4.0-SNAPSHOT.jar!/webapps/hddsDatanode}
2023-07-05 13:45:01,128 [ForkJoinPool.commonPool-worker-0] INFO  server.AbstractConnector (AbstractConnector.java:doStop(383)) - Stopped ServerConnector@1c555b87{HTTP/1.1, (http/1.1)}{0.0.0.0:15248}
2023-07-05 13:45:01,128 [ForkJoinPool.commonPool-worker-0] INFO  server.session (HouseKeeper.java:stopScavenging(149)) - node0 Stopped scavenging
2023-07-05 13:45:01,132 [ForkJoinPool.commonPool-worker-0] INFO  handler.ContextHandler (ContextHandler.java:doStop(1159)) - Stopped o.e.j.s.ServletContextHandler@7d1e16e2{static,/static,jar:file:/home/runner/.m2/repository/org/apache/ozone/hdds-container-service/1.4.0-SNAPSHOT/hdds-container-service-1.4.0-SNAPSHOT.jar!/webapps/static,STOPPED}
2023-07-05 13:45:01,132 [ForkJoinPool.commonPool-worker-0] INFO  handler.ContextHandler (ContextHandler.java:doStop(1159)) - Stopped o.e.j.s.ServletContextHandler@53c51d57{logs,/logs,file:///home/runner/work/ozone/ozone/hadoop-ozone/integration-test/target/log,STOPPED}
2023-07-05 13:45:01,134 [ForkJoinPool.commonPool-worker-0] INFO  ozone.HddsDatanodeClientProtocolServer (HddsDatanodeClientProtocolServer.java:stop(78)) - Stopping the RPC server for Client Protocol
2023-07-05 13:45:01,140 [ForkJoinPool.commonPool-worker-0] INFO  ipc.Server (Server.java:stop(3523)) - Stopping server on 15249
2023-07-05 13:45:01,142 [IPC Server listener on 15249] INFO  ipc.Server (Server.java:run(1434)) - Stopping IPC Server listener on 15249
2023-07-05 13:45:01,142 [IPC Server Responder] INFO  ipc.Server (Server.java:run(1567)) - Stopping IPC Server Responder
2023-07-05 13:45:01,143 [EventQueue-StaleNodeForStaleNodeHandler] INFO  node.StaleNodeHandler (StaleNodeHandler.java:onMessage(58)) - Datanode 1921cb7d-1b71-44f2-8c1b-bd8e1d96d4a3(fv-az264-29.ca02foy5wcnuvlrvrz2wi3p2og.dx.internal.cloudapp.net/10.1.0.13) moved to stale state. Finalizing its pipelines [PipelineID=e1ca1f65-a3d2-48c0-9b8f-afc053076c25]
2023-07-05 13:45:01,146 [EventQueue-StaleNodeForStaleNodeHandler] INFO  pipeline.PipelineManagerImpl (PipelineManagerImpl.java:closePipeline(510)) - Pipeline Pipeline[ Id: e1ca1f65-a3d2-48c0-9b8f-afc053076c25, Nodes: 1921cb7d-1b71-44f2-8c1b-bd8e1d96d4a3(fv-az264-29.ca02foy5wcnuvlrvrz2wi3p2og.dx.internal.cloudapp.net/10.1.0.13), ReplicationConfig: RATIS/ONE, State:OPEN, leaderId:1921cb7d-1b71-44f2-8c1b-bd8e1d96d4a3, CreationTimestamp2023-07-05T13:44:38.001Z[Etc/UTC]] moved to CLOSED state
2023-07-05 13:45:01,348 [ForkJoinPool.commonPool-worker-2] INFO  utils.DatanodeStoreCache (DatanodeStoreCache.java:shutdownCache(110)) - Skip clearing cache in mini cluster mode. Entries left: [/home/runner/work/ozone/ozone/hadoop-ozone/integration-test/target/test-dir/MiniOzoneClusterImpl-5a349b9d-530c-474e-9da9-45562981beee/datanode-0/data-0/containers/hdds/5a349b9d-530c-474e-9da9-45562981beee/DS-b3c0b097-31a9-4c16-b5bf-3f875f476d1d/container.db, /home/runner/work/ozone/ozone/hadoop-ozone/integration-test/target/test-dir/MiniOzoneClusterImpl-5a349b9d-530c-474e-9da9-45562981beee/datanode-4/data-0/containers/hdds/5a349b9d-530c-474e-9da9-45562981beee/DS-083a59ca-cd62-404b-91c8-e7412af53d6d/container.db]
2023-07-05 13:45:01,351 [ForkJoinPool.commonPool-worker-2] INFO  utils.DatanodeStoreCache (DatanodeStoreCache.java:removeDB(104)) - Removed db /home/runner/work/ozone/ozone/hadoop-ozone/integration-test/target/test-dir/MiniOzoneClusterImpl-5a349b9d-530c-474e-9da9-45562981beee/datanode-0/data-0/containers/hdds/5a349b9d-530c-474e-9da9-45562981beee/DS-b3c0b097-31a9-4c16-b5bf-3f875f476d1d/container.db from cache
2023-07-05 13:45:01,352 [ForkJoinPool.commonPool-worker-2] INFO  volume.HddsVolume (HddsVolume.java:closeDbStore(509)) - SchemaV3 db is stopped at /home/runner/work/ozone/ozone/hadoop-ozone/integration-test/target/test-dir/MiniOzoneClusterImpl-5a349b9d-530c-474e-9da9-45562981beee/datanode-0/data-0/containers/hdds/5a349b9d-530c-474e-9da9-45562981beee/DS-b3c0b097-31a9-4c16-b5bf-3f875f476d1d/container.db for volume DS-b3c0b097-31a9-4c16-b5bf-3f875f476d1d
2023-07-05 13:45:01,354 [ForkJoinPool.commonPool-worker-2] INFO  utils.BackgroundService (BackgroundService.java:shutdown(141)) - Shutting down service BlockDeletingService
2023-07-05 13:45:01,354 [ForkJoinPool.commonPool-worker-2] INFO  utils.BackgroundService (BackgroundService.java:shutdown(141)) - Shutting down service StaleRecoveringContainerScrubbingService
2023-07-05 13:45:01,355 [ForkJoinPool.commonPool-worker-2] INFO  statemachine.DatanodeStateMachine (DatanodeStateMachine.java:stopDaemon(613)) - Ozone container server stopped.
2023-07-05 13:45:01,366 [ForkJoinPool.commonPool-worker-2] INFO  handler.ContextHandler (ContextHandler.java:doStop(1159)) - Stopped o.e.j.w.WebAppContext@306d526e{hddsDatanode,/,null,STOPPED}{jar:file:/home/runner/.m2/repository/org/apache/ozone/hdds-container-service/1.4.0-SNAPSHOT/hdds-container-service-1.4.0-SNAPSHOT.jar!/webapps/hddsDatanode}
2023-07-05 13:45:01,367 [ForkJoinPool.commonPool-worker-2] INFO  server.AbstractConnector (AbstractConnector.java:doStop(383)) - Stopped ServerConnector@34dea8a0{HTTP/1.1, (http/1.1)}{0.0.0.0:15221}
2023-07-05 13:45:01,367 [ForkJoinPool.commonPool-worker-2] INFO  server.session (HouseKeeper.java:stopScavenging(149)) - node0 Stopped scavenging
2023-07-05 13:45:01,367 [ForkJoinPool.commonPool-worker-2] INFO  handler.ContextHandler (ContextHandler.java:doStop(1159)) - Stopped o.e.j.s.ServletContextHandler@6afaf4eb{static,/static,jar:file:/home/runner/.m2/repository/org/apache/ozone/hdds-container-service/1.4.0-SNAPSHOT/hdds-container-service-1.4.0-SNAPSHOT.jar!/webapps/static,STOPPED}
2023-07-05 13:45:01,368 [ForkJoinPool.commonPool-worker-2] INFO  handler.ContextHandler (ContextHandler.java:doStop(1159)) - Stopped o.e.j.s.ServletContextHandler@78fdae06{logs,/logs,file:///home/runner/work/ozone/ozone/hadoop-ozone/integration-test/target/log,STOPPED}
2023-07-05 13:45:01,369 [ForkJoinPool.commonPool-worker-2] INFO  ozone.HddsDatanodeClientProtocolServer (HddsDatanodeClientProtocolServer.java:stop(78)) - Stopping the RPC server for Client Protocol
2023-07-05 13:45:01,369 [ForkJoinPool.commonPool-worker-2] INFO  ipc.Server (Server.java:stop(3523)) - Stopping server on 15222
2023-07-05 13:45:01,370 [IPC Server listener on 15222] INFO  ipc.Server (Server.java:run(1434)) - Stopping IPC Server listener on 15222
2023-07-05 13:45:01,370 [IPC Server Responder] INFO  ipc.Server (Server.java:run(1567)) - Stopping IPC Server Responder
2023-07-05 13:45:01,409 [ForkJoinPool.commonPool-worker-3] INFO  utils.DatanodeStoreCache (DatanodeStoreCache.java:shutdownCache(110)) - Skip clearing cache in mini cluster mode. Entries left: [/home/runner/work/ozone/ozone/hadoop-ozone/integration-test/target/test-dir/MiniOzoneClusterImpl-5a349b9d-530c-474e-9da9-45562981beee/datanode-4/data-0/containers/hdds/5a349b9d-530c-474e-9da9-45562981beee/DS-083a59ca-cd62-404b-91c8-e7412af53d6d/container.db]
2023-07-05 13:45:01,413 [ForkJoinPool.commonPool-worker-3] INFO  utils.DatanodeStoreCache (DatanodeStoreCache.java:removeDB(104)) - Removed db /home/runner/work/ozone/ozone/hadoop-ozone/integration-test/target/test-dir/MiniOzoneClusterImpl-5a349b9d-530c-474e-9da9-45562981beee/datanode-4/data-0/containers/hdds/5a349b9d-530c-474e-9da9-45562981beee/DS-083a59ca-cd62-404b-91c8-e7412af53d6d/container.db from cache
2023-07-05 13:45:01,413 [ForkJoinPool.commonPool-worker-3] INFO  volume.HddsVolume (HddsVolume.java:closeDbStore(509)) - SchemaV3 db is stopped at /home/runner/work/ozone/ozone/hadoop-ozone/integration-test/target/test-dir/MiniOzoneClusterImpl-5a349b9d-530c-474e-9da9-45562981beee/datanode-4/data-0/containers/hdds/5a349b9d-530c-474e-9da9-45562981beee/DS-083a59ca-cd62-404b-91c8-e7412af53d6d/container.db for volume DS-083a59ca-cd62-404b-91c8-e7412af53d6d
2023-07-05 13:45:01,413 [ForkJoinPool.commonPool-worker-3] INFO  utils.BackgroundService (BackgroundService.java:shutdown(141)) - Shutting down service BlockDeletingService
2023-07-05 13:45:01,414 [ForkJoinPool.commonPool-worker-3] INFO  utils.BackgroundService (BackgroundService.java:shutdown(141)) - Shutting down service StaleRecoveringContainerScrubbingService
2023-07-05 13:45:01,414 [ForkJoinPool.commonPool-worker-3] INFO  statemachine.DatanodeStateMachine (DatanodeStateMachine.java:stopDaemon(613)) - Ozone container server stopped.
2023-07-05 13:45:01,425 [ForkJoinPool.commonPool-worker-3] INFO  handler.ContextHandler (ContextHandler.java:doStop(1159)) - Stopped o.e.j.w.WebAppContext@310edfbb{hddsDatanode,/,null,STOPPED}{jar:file:/home/runner/.m2/repository/org/apache/ozone/hdds-container-service/1.4.0-SNAPSHOT/hdds-container-service-1.4.0-SNAPSHOT.jar!/webapps/hddsDatanode}
2023-07-05 13:45:01,426 [ForkJoinPool.commonPool-worker-3] INFO  server.AbstractConnector (AbstractConnector.java:doStop(383)) - Stopped ServerConnector@6f8bbdb0{HTTP/1.1, (http/1.1)}{0.0.0.0:15257}
2023-07-05 13:45:01,426 [ForkJoinPool.commonPool-worker-3] INFO  server.session (HouseKeeper.java:stopScavenging(149)) - node0 Stopped scavenging
2023-07-05 13:45:01,427 [ForkJoinPool.commonPool-worker-3] INFO  handler.ContextHandler (ContextHandler.java:doStop(1159)) - Stopped o.e.j.s.ServletContextHandler@61fed2f8{static,/static,jar:file:/home/runner/.m2/repository/org/apache/ozone/hdds-container-service/1.4.0-SNAPSHOT/hdds-container-service-1.4.0-SNAPSHOT.jar!/webapps/static,STOPPED}
2023-07-05 13:45:01,427 [ForkJoinPool.commonPool-worker-3] INFO  handler.ContextHandler (ContextHandler.java:doStop(1159)) - Stopped o.e.j.s.ServletContextHandler@2bdc4ca1{logs,/logs,file:///home/runner/work/ozone/ozone/hadoop-ozone/integration-test/target/log,STOPPED}
2023-07-05 13:45:01,428 [ForkJoinPool.commonPool-worker-3] INFO  ozone.HddsDatanodeClientProtocolServer (HddsDatanodeClientProtocolServer.java:stop(78)) - Stopping the RPC server for Client Protocol
2023-07-05 13:45:01,428 [ForkJoinPool.commonPool-worker-3] INFO  ipc.Server (Server.java:stop(3523)) - Stopping server on 15258
2023-07-05 13:45:01,429 [IPC Server listener on 15258] INFO  ipc.Server (Server.java:run(1434)) - Stopping IPC Server listener on 15258
2023-07-05 13:45:01,429 [IPC Server Responder] INFO  ipc.Server (Server.java:run(1567)) - Stopping IPC Server Responder
2023-07-05 13:45:01,432 [Time-limited test] INFO  ozone.MiniOzoneClusterImpl (MiniOzoneClusterImpl.java:stopSCM(543)) - Stopping the StorageContainerManager
2023-07-05 13:45:01,433 [Time-limited test] INFO  server.StorageContainerManager (StorageContainerManager.java:stop(1590)) - Container Balancer is not running.
2023-07-05 13:45:01,433 [Time-limited test] INFO  server.StorageContainerManager (StorageContainerManager.java:stopReplicationManager(1723)) - Stopping Replication Manager Service.
2023-07-05 13:45:01,433 [Time-limited test] INFO  replication.ReplicationManager (ReplicationManager.java:stop(319)) - Stopping Replication Monitor Thread.
2023-07-05 13:45:01,433 [Time-limited test] INFO  server.StorageContainerManager (StorageContainerManager.java:stop(1599)) - Stopping the Datanode Admin Monitor.
2023-07-05 13:45:01,433 [Over Replicated Processor] WARN  replication.UnhealthyReplicationProcessor (UnhealthyReplicationProcessor.java:run(180)) - Over Replicated Processor interrupted. Exiting...
2023-07-05 13:45:01,433 [Under Replicated Processor] WARN  replication.UnhealthyReplicationProcessor (UnhealthyReplicationProcessor.java:run(180)) - Under Replicated Processor interrupted. Exiting...
2023-07-05 13:45:01,433 [ReplicationMonitor] INFO  replication.ReplicationManager (ReplicationManager.java:run(917)) - Replication Monitor Thread is stopped
2023-07-05 13:45:01,433 [Time-limited test] INFO  server.StorageContainerManager (StorageContainerManager.java:stop(1606)) - Stopping datanode service RPC server
2023-07-05 13:45:01,433 [Time-limited test] INFO  server.SCMDatanodeProtocolServer (SCMDatanodeProtocolServer.java:stop(424)) - Stopping the RPC server for DataNodes
2023-07-05 13:45:01,433 [Time-limited test] INFO  ipc.Server (Server.java:stop(3523)) - Stopping server on 15214
2023-07-05 13:45:01,435 [IPC Server listener on 15214] INFO  ipc.Server (Server.java:run(1434)) - Stopping IPC Server listener on 15214
2023-07-05 13:45:01,438 [IPC Server Responder] INFO  ipc.Server (Server.java:run(1567)) - Stopping IPC Server Responder
2023-07-05 13:45:01,443 [SCM Heartbeat Processing Thread - 0] WARN  node.NodeStateManager (NodeStateManager.java:scheduleNextHealthCheck(874)) - Current Thread is interrupted, shutting down HB processing thread for Node Manager.
2023-07-05 13:45:01,443 [Time-limited test] INFO  server.StorageContainerManager (StorageContainerManager.java:stop(1614)) - Stopping block service RPC server
2023-07-05 13:45:01,443 [Time-limited test] INFO  server.SCMBlockProtocolServer (SCMBlockProtocolServer.java:stop(161)) - Stopping the RPC server for Block Protocol
2023-07-05 13:45:01,443 [Time-limited test] INFO  ipc.Server (Server.java:stop(3523)) - Stopping server on 15213
2023-07-05 13:45:01,444 [IPC Server listener on 15213] INFO  ipc.Server (Server.java:run(1434)) - Stopping IPC Server listener on 15213
2023-07-05 13:45:01,445 [IPC Server Responder] INFO  ipc.Server (Server.java:run(1567)) - Stopping IPC Server Responder
2023-07-05 13:45:01,446 [Time-limited test] INFO  server.StorageContainerManager (StorageContainerManager.java:stop(1621)) - Stopping the StorageContainerLocationProtocol RPC server
2023-07-05 13:45:01,446 [Time-limited test] INFO  server.SCMClientProtocolServer (SCMClientProtocolServer.java:stop(209)) - Stopping the RPC server for Client Protocol
2023-07-05 13:45:01,446 [Time-limited test] INFO  ipc.Server (Server.java:stop(3523)) - Stopping server on 15212
2023-07-05 13:45:01,448 [IPC Server listener on 15212] INFO  ipc.Server (Server.java:run(1434)) - Stopping IPC Server listener on 15212
2023-07-05 13:45:01,449 [Time-limited test] INFO  server.StorageContainerManager (StorageContainerManager.java:stop(1628)) - Stopping Storage Container Manager HTTP server.
2023-07-05 13:45:01,449 [IPC Server Responder] INFO  ipc.Server (Server.java:run(1567)) - Stopping IPC Server Responder
2023-07-05 13:45:01,449 [Time-limited test] INFO  handler.ContextHandler (ContextHandler.java:doStop(1159)) - Stopped o.e.j.w.WebAppContext@32cac3c2{scm,/,null,STOPPED}{file:/home/runner/work/ozone/ozone/hadoop-ozone/integration-test/target/test-classes/webapps/scm}
2023-07-05 13:45:01,450 [Time-limited test] INFO  server.AbstractConnector (AbstractConnector.java:doStop(383)) - Stopped ServerConnector@e8edcb7{HTTP/1.1, (http/1.1)}{0.0.0.0:15215}
2023-07-05 13:45:01,450 [Time-limited test] INFO  server.session (HouseKeeper.java:stopScavenging(149)) - node0 Stopped scavenging
2023-07-05 13:45:01,450 [Time-limited test] INFO  handler.ContextHandler (ContextHandler.java:doStop(1159)) - Stopped o.e.j.s.ServletContextHandler@1d3fc65{static,/static,file:///home/runner/work/ozone/ozone/hadoop-ozone/integration-test/target/test-classes/webapps/static,STOPPED}
2023-07-05 13:45:01,450 [Time-limited test] INFO  handler.ContextHandler (ContextHandler.java:doStop(1159)) - Stopped o.e.j.s.ServletContextHandler@742b985{logs,/logs,file:///home/runner/work/ozone/ozone/hadoop-ozone/integration-test/target/log,STOPPED}
2023-07-05 13:45:01,451 [Time-limited test] INFO  server.StorageContainerManager (StorageContainerManager.java:stop(1636)) - Stopping SCM LayoutVersionManager Service.
2023-07-05 13:45:01,451 [Time-limited test] INFO  server.StorageContainerManager (StorageContainerManager.java:stop(1648)) - Stopping Block Manager Service.
2023-07-05 13:45:01,451 [Time-limited test] INFO  utils.BackgroundService (BackgroundService.java:shutdown(141)) - Shutting down service SCMBlockDeletingService
2023-07-05 13:45:01,451 [Time-limited test] INFO  utils.BackgroundService (BackgroundService.java:shutdown(141)) - Shutting down service SCMBlockDeletingService
2023-07-05 13:45:01,451 [Time-limited test] INFO  server.StorageContainerManager (StorageContainerManager.java:stop(1668)) - Stopping SCM Event Queue.
2023-07-05 13:45:01,452 [JvmPauseMonitor28] INFO  util.JvmPauseMonitor (JvmPauseMonitor.java:run(109)) - JvmPauseMonitor-40f98b6b-b254-429a-9c01-9c1c9de02ae2: Stopped
2023-07-05 13:45:01,453 [Time-limited test] INFO  server.StorageContainerManager (StorageContainerManager.java:stop(1679)) - Stopping SCM HA services.
2023-07-05 13:45:01,453 [Time-limited test] INFO  pipeline.BackgroundPipelineCreator (BackgroundPipelineCreator.java:stop(149)) - Stopping RatisPipelineUtilsThread.
2023-07-05 13:45:01,453 [RatisPipelineUtilsThread - 0] WARN  pipeline.BackgroundPipelineCreator (BackgroundPipelineCreator.java:run(180)) - RatisPipelineUtilsThread is interrupted.
2023-07-05 13:45:01,453 [Time-limited test] INFO  BackgroundPipelineScrubber (BackgroundSCMService.java:stop(131)) - Stopping BackgroundPipelineScrubber Service.
2023-07-05 13:45:01,453 [BackgroundPipelineScrubberThread] WARN  BackgroundPipelineScrubber (BackgroundSCMService.java:run(115)) - BackgroundPipelineScrubber is interrupted, exit
2023-07-05 13:45:01,454 [Time-limited test] INFO  impl.MetricsSystemImpl (MetricsSystemImpl.java:stop(210)) - Stopping HddsDatanode metrics system...
2023-07-05 13:45:01,455 [prometheus] INFO  impl.MetricsSinkAdapter (MetricsSinkAdapter.java:publishMetricsFromQueue(141)) - prometheus thread interrupted.
2023-07-05 13:45:01,455 [Time-limited test] INFO  impl.MetricsSystemImpl (MetricsSystemImpl.java:stop(216)) - HddsDatanode metrics system stopped.
2023-07-05 13:45:01,455 [Time-limited test] WARN  pipeline.BackgroundPipelineCreator (BackgroundPipelineCreator.java:stop(145)) - RatisPipelineUtilsThread is not running, just ignore.
2023-07-05 13:45:01,455 [Time-limited test] INFO  BackgroundPipelineScrubber (BackgroundSCMService.java:stop(126)) - BackgroundPipelineScrubber Service is not running, skip stop.
2023-07-05 13:45:01,455 [Time-limited test] INFO  ExpiredContainerReplicaOpScrubber (BackgroundSCMService.java:stop(131)) - Stopping ExpiredContainerReplicaOpScrubber Service.
2023-07-05 13:45:01,455 [Time-limited test] INFO  utils.BackgroundService (BackgroundService.java:shutdown(141)) - Shutting down service SCMBlockDeletingService
2023-07-05 13:45:01,456 [Time-limited test] INFO  replication.ReplicationManager (ReplicationManager.java:stop(329)) - Replication Monitor Thread is not running.
2023-07-05 13:45:01,456 [Time-limited test] WARN  balancer.ContainerBalancer (ContainerBalancer.java:stop(326)) - Cannot stop Container Balancer because it's not running or stopping
2023-07-05 13:45:01,456 [Time-limited test] INFO  server.StorageContainerManager (StorageContainerManager.java:stop(1714)) - Stopping SCM MetadataStore.
2023-07-05 13:45:01,458 [ExpiredContainerReplicaOpScrubberThread] WARN  ExpiredContainerReplicaOpScrubber (BackgroundSCMService.java:run(115)) - ExpiredContainerReplicaOpScrubber is interrupted, exit
]]></system-out>
  </testcase>
  <testcase name="testContainerReplication" classname="TestContainerReplication" time="66.042">
    <error type="java.util.concurrent.TimeoutException"><![CDATA[java.util.concurrent.TimeoutException: 
Timed out waiting for condition. Thread diagnostics:
Timestamp: 2023-07-05 01:43:16,443

"FixedThreadPoolWithAffinityExecutor-1-0" daemon prio=5 tid=847 timed_waiting
java.lang.Thread.State: TIMED_WAITING
        at sun.misc.Unsafe.park(Native Method)
        at java.util.concurrent.locks.LockSupport.parkNanos(LockSupport.java:215)
        at java.util.concurrent.locks.AbstractQueuedSynchronizer$ConditionObject.awaitNanos(AbstractQueuedSynchronizer.java:2078)
        at java.util.concurrent.LinkedBlockingQueue.poll(LinkedBlockingQueue.java:467)
        at org.apache.hadoop.hdds.scm.server.ContainerReportQueue.poll(ContainerReportQueue.java:266)
        at org.apache.hadoop.hdds.scm.server.ContainerReportQueue.poll(ContainerReportQueue.java:42)
        at org.apache.hadoop.hdds.server.events.FixedThreadPoolWithAffinityExecutor$ContainerReportProcessTask.run(FixedThreadPoolWithAffinityExecutor.java:247)
        at java.util.concurrent.Executors$RunnableAdapter.call(Executors.java:511)
        at java.util.concurrent.FutureTask.run(FutureTask.java:266)
        at java.util.concurrent.ThreadPoolExecutor.runWorker(ThreadPoolExecutor.java:1149)
        at java.util.concurrent.ThreadPoolExecutor$Worker.run(ThreadPoolExecutor.java:624)
        at java.lang.Thread.run(Thread.java:750)
"IPC Server handler 11 on default port 15053" daemon prio=5 tid=869 timed_waiting
java.lang.Thread.State: TIMED_WAITING
        at sun.misc.Unsafe.park(Native Method)
        at java.util.concurrent.locks.LockSupport.parkNanos(LockSupport.java:215)
        at java.util.concurrent.locks.AbstractQueuedSynchronizer$ConditionObject.awaitNanos(AbstractQueuedSynchronizer.java:2078)
        at java.util.concurrent.LinkedBlockingQueue.poll(LinkedBlockingQueue.java:467)
        at org.apache.hadoop.ipc.CallQueueManager.take(CallQueueManager.java:317)
        at org.apache.hadoop.ipc.Server$Handler.run(Server.java:3014)
"qtp1033742513-965" daemon prio=5 tid=965 timed_waiting
java.lang.Thread.State: TIMED_WAITING
        at sun.misc.Unsafe.park(Native Method)
        at java.util.concurrent.locks.LockSupport.parkNanos(LockSupport.java:215)
        at java.util.concurrent.locks.AbstractQueuedSynchronizer$ConditionObject.awaitNanos(AbstractQueuedSynchronizer.java:2078)
        at org.eclipse.jetty.util.BlockingArrayQueue.poll(BlockingArrayQueue.java:382)
        at org.eclipse.jetty.util.thread.QueuedThreadPool$Runner.idleJobPoll(QueuedThreadPool.java:974)
        at org.eclipse.jetty.util.thread.QueuedThreadPool$Runner.run(QueuedThreadPool.java:1018)
        at java.lang.Thread.run(Thread.java:750)
"PartialTableCache Cleanup Thread - 0" daemon prio=5 tid=1342 in Object.wait()
java.lang.Thread.State: WAITING (on object monitor)
        at sun.misc.Unsafe.park(Native Method)
        at java.util.concurrent.locks.LockSupport.park(LockSupport.java:175)
        at java.util.concurrent.locks.AbstractQueuedSynchronizer$ConditionObject.await(AbstractQueuedSynchronizer.java:2039)
        at java.util.concurrent.LinkedBlockingQueue.take(LinkedBlockingQueue.java:442)
        at java.util.concurrent.ThreadPoolExecutor.getTask(ThreadPoolExecutor.java:1074)
        at java.util.concurrent.ThreadPoolExecutor.runWorker(ThreadPoolExecutor.java:1134)
        at java.util.concurrent.ThreadPoolExecutor$Worker.run(ThreadPoolExecutor.java:624)
        at java.lang.Thread.run(Thread.java:750)
"IPC Server listener on 15081" daemon prio=5 tid=1070 runnable
java.lang.Thread.State: RUNNABLE
        at sun.nio.ch.EPollArrayWrapper.epollWait(Native Method)
        at sun.nio.ch.EPollArrayWrapper.poll(EPollArrayWrapper.java:269)
        at sun.nio.ch.EPollSelectorImpl.doSelect(EPollSelectorImpl.java:93)
        at sun.nio.ch.SelectorImpl.lockAndDoSelect(SelectorImpl.java:86)
        at sun.nio.ch.SelectorImpl.select(SelectorImpl.java:97)
        at sun.nio.ch.SelectorImpl.select(SelectorImpl.java:101)
        at org.apache.hadoop.ipc.Server$Listener.run(Server.java:1408)
"Datanode State Machine Daemon Thread" daemon prio=5 tid=1110 timed_waiting
java.lang.Thread.State: TIMED_WAITING
        at java.lang.Thread.sleep(Native Method)
        at org.apache.hadoop.ozone.container.common.statemachine.DatanodeStateMachine.startStateMachineThread(DatanodeStateMachine.java:349)
        at org.apache.hadoop.ozone.container.common.statemachine.DatanodeStateMachine.lambda$startDaemon$0(DatanodeStateMachine.java:532)
        at org.apache.hadoop.ozone.container.common.statemachine.DatanodeStateMachine$$Lambda$882/967624177.run(Unknown Source)
        at java.lang.Thread.run(Thread.java:750)
"om1@group-C5BA1605619E-SegmentedRaftLogWorker" daemon prio=5 tid=947 timed_waiting
java.lang.Thread.State: TIMED_WAITING
        at sun.misc.Unsafe.park(Native Method)
        at java.util.concurrent.locks.LockSupport.parkNanos(LockSupport.java:215)
        at java.util.concurrent.locks.AbstractQueuedSynchronizer$ConditionObject.awaitNanos(AbstractQueuedSynchronizer.java:2078)
        at org.apache.ratis.util.DataBlockingQueue.poll(DataBlockingQueue.java:148)
        at org.apache.ratis.server.raftlog.segmented.SegmentedRaftLogWorker.run(SegmentedRaftLogWorker.java:307)
        at org.apache.ratis.server.raftlog.segmented.SegmentedRaftLogWorker$$Lambda$747/258907944.run(Unknown Source)
        at java.util.concurrent.Executors$RunnableAdapter.call(Executors.java:511)
        at java.util.concurrent.FutureTask.run(FutureTask.java:266)
        at java.util.concurrent.ThreadPoolExecutor.runWorker(ThreadPoolExecutor.java:1149)
        at java.util.concurrent.ThreadPoolExecutor$Worker.run(ThreadPoolExecutor.java:624)
        at java.lang.Thread.run(Thread.java:750)
"IPC Server handler 16 on default port 15053" daemon prio=5 tid=874 timed_waiting
java.lang.Thread.State: TIMED_WAITING
        at sun.misc.Unsafe.park(Native Method)
        at java.util.concurrent.locks.LockSupport.parkNanos(LockSupport.java:215)
        at java.util.concurrent.locks.AbstractQueuedSynchronizer$ConditionObject.awaitNanos(AbstractQueuedSynchronizer.java:2078)
        at java.util.concurrent.LinkedBlockingQueue.poll(LinkedBlockingQueue.java:467)
        at org.apache.hadoop.ipc.CallQueueManager.take(CallQueueManager.java:317)
        at org.apache.hadoop.ipc.Server$Handler.run(Server.java:3014)
"qtp2075917747-928" daemon prio=5 tid=928 timed_waiting
java.lang.Thread.State: TIMED_WAITING
        at sun.misc.Unsafe.park(Native Method)
        at java.util.concurrent.locks.LockSupport.parkNanos(LockSupport.java:215)
        at java.util.concurrent.locks.AbstractQueuedSynchronizer$ConditionObject.awaitNanos(AbstractQueuedSynchronizer.java:2078)
        at org.eclipse.jetty.util.BlockingArrayQueue.poll(BlockingArrayQueue.java:382)
        at org.eclipse.jetty.util.thread.QueuedThreadPool$Runner.idleJobPoll(QueuedThreadPool.java:974)
        at org.eclipse.jetty.util.thread.QueuedThreadPool$Runner.run(QueuedThreadPool.java:1018)
        at java.lang.Thread.run(Thread.java:750)
"IPC Server idle connection scanner for port 15054" daemon prio=5 tid=838 timed_waiting
java.lang.Thread.State: TIMED_WAITING
        at java.lang.Object.wait(Native Method)
        at java.util.TimerThread.mainLoop(Timer.java:552)
        at java.util.TimerThread.run(Timer.java:505)
"Session-HouseKeeper-5f1fda65-1"  prio=5 tid=1069 timed_waiting
java.lang.Thread.State: TIMED_WAITING
        at sun.misc.Unsafe.park(Native Method)
        at java.util.concurrent.locks.LockSupport.parkNanos(LockSupport.java:215)
        at java.util.concurrent.locks.AbstractQueuedSynchronizer$ConditionObject.awaitNanos(AbstractQueuedSynchronizer.java:2078)
        at java.util.concurrent.ScheduledThreadPoolExecutor$DelayedWorkQueue.take(ScheduledThreadPoolExecutor.java:1093)
        at java.util.concurrent.ScheduledThreadPoolExecutor$DelayedWorkQueue.take(ScheduledThreadPoolExecutor.java:809)
        at java.util.concurrent.ThreadPoolExecutor.getTask(ThreadPoolExecutor.java:1074)
        at java.util.concurrent.ThreadPoolExecutor.runWorker(ThreadPoolExecutor.java:1134)
        at java.util.concurrent.ThreadPoolExecutor$Worker.run(ThreadPoolExecutor.java:624)
        at java.lang.Thread.run(Thread.java:750)
"grpc-default-executor-6" daemon prio=5 tid=1308 timed_waiting
java.lang.Thread.State: TIMED_WAITING
        at sun.misc.Unsafe.park(Native Method)
        at java.util.concurrent.locks.LockSupport.parkNanos(LockSupport.java:215)
        at java.util.concurrent.SynchronousQueue$TransferStack.awaitFulfill(SynchronousQueue.java:460)
        at java.util.concurrent.SynchronousQueue$TransferStack.transfer(SynchronousQueue.java:362)
        at java.util.concurrent.SynchronousQueue.poll(SynchronousQueue.java:941)
        at java.util.concurrent.ThreadPoolExecutor.getTask(ThreadPoolExecutor.java:1073)
        at java.util.concurrent.ThreadPoolExecutor.runWorker(ThreadPoolExecutor.java:1134)
        at java.util.concurrent.ThreadPoolExecutor$Worker.run(ThreadPoolExecutor.java:624)
        at java.lang.Thread.run(Thread.java:750)
"ChunkWriter-0-0" daemon prio=5 tid=1190 in Object.wait()
java.lang.Thread.State: WAITING (on object monitor)
        at sun.misc.Unsafe.park(Native Method)
        at java.util.concurrent.locks.LockSupport.park(LockSupport.java:175)
        at java.util.concurrent.locks.AbstractQueuedSynchronizer$ConditionObject.await(AbstractQueuedSynchronizer.java:2039)
        at java.util.concurrent.LinkedBlockingDeque.takeFirst(LinkedBlockingDeque.java:492)
        at java.util.concurrent.LinkedBlockingDeque.take(LinkedBlockingDeque.java:680)
        at java.util.concurrent.ThreadPoolExecutor.getTask(ThreadPoolExecutor.java:1074)
        at java.util.concurrent.ThreadPoolExecutor.runWorker(ThreadPoolExecutor.java:1134)
        at java.util.concurrent.ThreadPoolExecutor$Worker.run(ThreadPoolExecutor.java:624)
        at java.lang.Thread.run(Thread.java:750)
"IPC Server listener on 15055" daemon prio=5 tid=831 runnable
java.lang.Thread.State: RUNNABLE
        at sun.nio.ch.EPollArrayWrapper.epollWait(Native Method)
        at sun.nio.ch.EPollArrayWrapper.poll(EPollArrayWrapper.java:269)
        at sun.nio.ch.EPollSelectorImpl.doSelect(EPollSelectorImpl.java:93)
        at sun.nio.ch.SelectorImpl.lockAndDoSelect(SelectorImpl.java:86)
        at sun.nio.ch.SelectorImpl.select(SelectorImpl.java:97)
        at sun.nio.ch.SelectorImpl.select(SelectorImpl.java:101)
        at org.apache.hadoop.ipc.Server$Listener.run(Server.java:1408)
"Datanode ReportManager Thread - 0" daemon prio=5 tid=1013 in Object.wait()
java.lang.Thread.State: WAITING (on object monitor)
        at sun.misc.Unsafe.park(Native Method)
        at java.util.concurrent.locks.LockSupport.park(LockSupport.java:175)
        at java.util.concurrent.locks.AbstractQueuedSynchronizer$ConditionObject.await(AbstractQueuedSynchronizer.java:2039)
        at java.util.concurrent.ScheduledThreadPoolExecutor$DelayedWorkQueue.take(ScheduledThreadPoolExecutor.java:1088)
        at java.util.concurrent.ScheduledThreadPoolExecutor$DelayedWorkQueue.take(ScheduledThreadPoolExecutor.java:809)
        at java.util.concurrent.ThreadPoolExecutor.getTask(ThreadPoolExecutor.java:1074)
        at java.util.concurrent.ThreadPoolExecutor.runWorker(ThreadPoolExecutor.java:1134)
        at java.util.concurrent.ThreadPoolExecutor$Worker.run(ThreadPoolExecutor.java:624)
        at java.lang.Thread.run(Thread.java:750)
"Datanode State Machine Task Thread - 0"  prio=5 tid=1019 in Object.wait()
java.lang.Thread.State: WAITING (on object monitor)
        at sun.misc.Unsafe.park(Native Method)
        at java.util.concurrent.locks.LockSupport.park(LockSupport.java:175)
        at java.util.concurrent.locks.AbstractQueuedSynchronizer$ConditionObject.await(AbstractQueuedSynchronizer.java:2039)
        at java.util.concurrent.LinkedBlockingQueue.take(LinkedBlockingQueue.java:442)
        at java.util.concurrent.ThreadPoolExecutor.getTask(ThreadPoolExecutor.java:1074)
        at java.util.concurrent.ThreadPoolExecutor.runWorker(ThreadPoolExecutor.java:1134)
        at java.util.concurrent.ThreadPoolExecutor$Worker.run(ThreadPoolExecutor.java:624)
        at java.lang.Thread.run(Thread.java:750)
"aa000335-494a-4091-9473-11fe5522d401@group-D6D0528D13AD-SegmentedRaftLogWorker"  prio=5 tid=1275 timed_waiting
java.lang.Thread.State: TIMED_WAITING
        at sun.misc.Unsafe.park(Native Method)
        at java.util.concurrent.locks.LockSupport.parkNanos(LockSupport.java:215)
        at java.util.concurrent.locks.AbstractQueuedSynchronizer$ConditionObject.awaitNanos(AbstractQueuedSynchronizer.java:2078)
        at org.apache.ratis.util.DataBlockingQueue.poll(DataBlockingQueue.java:148)
        at org.apache.ratis.server.raftlog.segmented.SegmentedRaftLogWorker.run(SegmentedRaftLogWorker.java:307)
        at org.apache.ratis.server.raftlog.segmented.SegmentedRaftLogWorker$$Lambda$747/258907944.run(Unknown Source)
        at java.util.concurrent.Executors$RunnableAdapter.call(Executors.java:511)
        at java.util.concurrent.FutureTask.run(FutureTask.java:266)
        at java.util.concurrent.ThreadPoolExecutor.runWorker(ThreadPoolExecutor.java:1149)
        at java.util.concurrent.ThreadPoolExecutor$Worker.run(ThreadPoolExecutor.java:624)
        at java.lang.Thread.run(Thread.java:750)
"IPC Server handler 0 on default port 15090" daemon prio=5 tid=1109 timed_waiting
java.lang.Thread.State: TIMED_WAITING
        at sun.misc.Unsafe.park(Native Method)
        at java.util.concurrent.locks.LockSupport.parkNanos(LockSupport.java:215)
        at java.util.concurrent.locks.AbstractQueuedSynchronizer$ConditionObject.awaitNanos(AbstractQueuedSynchronizer.java:2078)
        at java.util.concurrent.LinkedBlockingQueue.poll(LinkedBlockingQueue.java:467)
        at org.apache.hadoop.ipc.CallQueueManager.take(CallQueueManager.java:317)
        at org.apache.hadoop.ipc.Server$Handler.run(Server.java:3014)
"Periodic HDDS volume checker" daemon prio=5 tid=989 timed_waiting
java.lang.Thread.State: TIMED_WAITING
        at sun.misc.Unsafe.park(Native Method)
        at java.util.concurrent.locks.LockSupport.parkNanos(LockSupport.java:215)
        at java.util.concurrent.locks.AbstractQueuedSynchronizer$ConditionObject.awaitNanos(AbstractQueuedSynchronizer.java:2078)
        at java.util.concurrent.ScheduledThreadPoolExecutor$DelayedWorkQueue.take(ScheduledThreadPoolExecutor.java:1093)
        at java.util.concurrent.ScheduledThreadPoolExecutor$DelayedWorkQueue.take(ScheduledThreadPoolExecutor.java:809)
        at java.util.concurrent.ThreadPoolExecutor.getTask(ThreadPoolExecutor.java:1074)
        at java.util.concurrent.ThreadPoolExecutor.runWorker(ThreadPoolExecutor.java:1134)
        at java.util.concurrent.ThreadPoolExecutor$Worker.run(ThreadPoolExecutor.java:624)
        at java.lang.Thread.run(Thread.java:750)
"FullTableCache Cleanup Thread - 0" daemon prio=5 tid=561 in Object.wait()
java.lang.Thread.State: WAITING (on object monitor)
        at sun.misc.Unsafe.park(Native Method)
        at java.util.concurrent.locks.LockSupport.park(LockSupport.java:175)
        at java.util.concurrent.locks.AbstractQueuedSynchronizer$ConditionObject.await(AbstractQueuedSynchronizer.java:2039)
        at java.util.concurrent.LinkedBlockingQueue.take(LinkedBlockingQueue.java:442)
        at java.util.concurrent.ThreadPoolExecutor.getTask(ThreadPoolExecutor.java:1074)
        at java.util.concurrent.ThreadPoolExecutor.runWorker(ThreadPoolExecutor.java:1134)
        at java.util.concurrent.ThreadPoolExecutor$Worker.run(ThreadPoolExecutor.java:624)
        at java.lang.Thread.run(Thread.java:750)
"qtp181659897-1133" daemon prio=5 tid=1133 timed_waiting
java.lang.Thread.State: TIMED_WAITING
        at sun.misc.Unsafe.park(Native Method)
        at java.util.concurrent.locks.LockSupport.parkNanos(LockSupport.java:215)
        at java.util.concurrent.locks.AbstractQueuedSynchronizer$ConditionObject.awaitNanos(AbstractQueuedSynchronizer.java:2078)
        at org.eclipse.jetty.util.BlockingArrayQueue.poll(BlockingArrayQueue.java:382)
        at org.eclipse.jetty.util.thread.QueuedThreadPool$Runner.idleJobPoll(QueuedThreadPool.java:974)
        at org.eclipse.jetty.util.thread.QueuedThreadPool$Runner.run(QueuedThreadPool.java:1018)
        at java.lang.Thread.run(Thread.java:750)
"76b6de06-79b2-4410-afad-6ed4eb2113a8@group-8A5EC24891A2-StateMachineUpdater" daemon prio=5 tid=1272 timed_waiting
java.lang.Thread.State: TIMED_WAITING
        at sun.misc.Unsafe.park(Native Method)
        at java.util.concurrent.locks.LockSupport.parkNanos(LockSupport.java:215)
        at java.util.concurrent.locks.AbstractQueuedSynchronizer$ConditionObject.await(AbstractQueuedSynchronizer.java:2163)
        at org.apache.ratis.util.AwaitForSignal.await(AwaitForSignal.java:62)
        at org.apache.ratis.server.impl.StateMachineUpdater.waitForCommit(StateMachineUpdater.java:209)
        at org.apache.ratis.server.impl.StateMachineUpdater.run(StateMachineUpdater.java:178)
        at java.lang.Thread.run(Thread.java:750)
"IPC Server Responder" daemon prio=5 tid=834 runnable
java.lang.Thread.State: RUNNABLE
        at sun.nio.ch.EPollArrayWrapper.epollWait(Native Method)
        at sun.nio.ch.EPollArrayWrapper.poll(EPollArrayWrapper.java:269)
        at sun.nio.ch.EPollSelectorImpl.doSelect(EPollSelectorImpl.java:93)
        at sun.nio.ch.SelectorImpl.lockAndDoSelect(SelectorImpl.java:86)
        at sun.nio.ch.SelectorImpl.select(SelectorImpl.java:97)
        at org.apache.hadoop.ipc.Server$Responder.doRunLoop(Server.java:1582)
        at org.apache.hadoop.ipc.Server$Responder.run(Server.java:1565)
"IPC Server handler 8 on default port 15055" daemon prio=5 tid=906 timed_waiting
java.lang.Thread.State: TIMED_WAITING
        at sun.misc.Unsafe.park(Native Method)
        at java.util.concurrent.locks.LockSupport.parkNanos(LockSupport.java:215)
        at java.util.concurrent.locks.AbstractQueuedSynchronizer$ConditionObject.awaitNanos(AbstractQueuedSynchronizer.java:2078)
        at java.util.concurrent.LinkedBlockingQueue.poll(LinkedBlockingQueue.java:467)
        at org.apache.hadoop.ipc.CallQueueManager.take(CallQueueManager.java:317)
        at org.apache.hadoop.ipc.Server$Handler.run(Server.java:3014)
"IPC Server handler 12 on default port 15054" daemon prio=5 tid=890 timed_waiting
java.lang.Thread.State: TIMED_WAITING
        at sun.misc.Unsafe.park(Native Method)
        at java.util.concurrent.locks.LockSupport.parkNanos(LockSupport.java:215)
        at java.util.concurrent.locks.AbstractQueuedSynchronizer$ConditionObject.awaitNanos(AbstractQueuedSynchronizer.java:2078)
        at java.util.concurrent.LinkedBlockingQueue.poll(LinkedBlockingQueue.java:467)
        at org.apache.hadoop.ipc.CallQueueManager.take(CallQueueManager.java:317)
        at org.apache.hadoop.ipc.Server$Handler.run(Server.java:3014)
"EventQueue-CloseContainerForCloseContainerEventHandler" daemon prio=5 tid=1372 in Object.wait()
java.lang.Thread.State: WAITING (on object monitor)
        at sun.misc.Unsafe.park(Native Method)
        at java.util.concurrent.locks.LockSupport.park(LockSupport.java:175)
        at java.util.concurrent.locks.AbstractQueuedSynchronizer$ConditionObject.await(AbstractQueuedSynchronizer.java:2039)
        at java.util.concurrent.LinkedBlockingQueue.take(LinkedBlockingQueue.java:442)
        at java.util.concurrent.ThreadPoolExecutor.getTask(ThreadPoolExecutor.java:1074)
        at java.util.concurrent.ThreadPoolExecutor.runWorker(ThreadPoolExecutor.java:1134)
        at java.util.concurrent.ThreadPoolExecutor$Worker.run(ThreadPoolExecutor.java:624)
        at java.lang.Thread.run(Thread.java:750)
"IPC Server handler 2 on default port 15057" daemon prio=5 tid=970 timed_waiting
java.lang.Thread.State: TIMED_WAITING
        at sun.misc.Unsafe.park(Native Method)
        at java.util.concurrent.locks.LockSupport.parkNanos(LockSupport.java:215)
        at java.util.concurrent.locks.AbstractQueuedSynchronizer$ConditionObject.awaitNanos(AbstractQueuedSynchronizer.java:2078)
        at java.util.concurrent.LinkedBlockingQueue.poll(LinkedBlockingQueue.java:467)
        at org.apache.hadoop.ipc.CallQueueManager.take(CallQueueManager.java:317)
        at org.apache.hadoop.ipc.Server$Handler.run(Server.java:3014)
"EventQueue-PipelineReportForPipelineReportHandler" daemon prio=5 tid=1216 in Object.wait()
java.lang.Thread.State: WAITING (on object monitor)
        at sun.misc.Unsafe.park(Native Method)
        at java.util.concurrent.locks.LockSupport.park(LockSupport.java:175)
        at java.util.concurrent.locks.AbstractQueuedSynchronizer$ConditionObject.await(AbstractQueuedSynchronizer.java:2039)
        at java.util.concurrent.LinkedBlockingQueue.take(LinkedBlockingQueue.java:442)
        at java.util.concurrent.ThreadPoolExecutor.getTask(ThreadPoolExecutor.java:1074)
        at java.util.concurrent.ThreadPoolExecutor.runWorker(ThreadPoolExecutor.java:1134)
        at java.util.concurrent.ThreadPoolExecutor$Worker.run(ThreadPoolExecutor.java:624)
        at java.lang.Thread.run(Thread.java:750)
"qtp2075917747-923" daemon prio=5 tid=923 timed_waiting
java.lang.Thread.State: TIMED_WAITING
        at sun.misc.Unsafe.park(Native Method)
        at java.util.concurrent.locks.LockSupport.parkNanos(LockSupport.java:215)
        at java.util.concurrent.locks.AbstractQueuedSynchronizer$ConditionObject.awaitNanos(AbstractQueuedSynchronizer.java:2078)
        at org.eclipse.jetty.util.BlockingArrayQueue.poll(BlockingArrayQueue.java:382)
        at org.eclipse.jetty.util.thread.QueuedThreadPool$Runner.idleJobPoll(QueuedThreadPool.java:974)
        at org.eclipse.jetty.util.thread.QueuedThreadPool$Runner.run(QueuedThreadPool.java:1018)
        at java.lang.Thread.run(Thread.java:750)
"ChunkReader-ELG-0" daemon prio=5 tid=1183 runnable
java.lang.Thread.State: RUNNABLE
        at org.apache.ratis.thirdparty.io.netty.channel.epoll.Native.epollWait(Native Method)
        at org.apache.ratis.thirdparty.io.netty.channel.epoll.Native.epollWait(Native.java:209)
        at org.apache.ratis.thirdparty.io.netty.channel.epoll.Native.epollWait(Native.java:202)
        at org.apache.ratis.thirdparty.io.netty.channel.epoll.EpollEventLoop.epollWaitNoTimerChange(EpollEventLoop.java:306)
        at org.apache.ratis.thirdparty.io.netty.channel.epoll.EpollEventLoop.run(EpollEventLoop.java:363)
        at org.apache.ratis.thirdparty.io.netty.util.concurrent.SingleThreadEventExecutor$4.run(SingleThreadEventExecutor.java:997)
        at org.apache.ratis.thirdparty.io.netty.util.internal.ThreadExecutorMap$2.run(ThreadExecutorMap.java:74)
        at java.lang.Thread.run(Thread.java:750)
"Datanode State Machine Task Thread - 0"  prio=5 tid=1149 in Object.wait()
java.lang.Thread.State: WAITING (on object monitor)
        at sun.misc.Unsafe.park(Native Method)
        at java.util.concurrent.locks.LockSupport.park(LockSupport.java:175)
        at java.util.concurrent.locks.AbstractQueuedSynchronizer$ConditionObject.await(AbstractQueuedSynchronizer.java:2039)
        at java.util.concurrent.LinkedBlockingQueue.take(LinkedBlockingQueue.java:442)
        at java.util.concurrent.ThreadPoolExecutor.getTask(ThreadPoolExecutor.java:1074)
        at java.util.concurrent.ThreadPoolExecutor.runWorker(ThreadPoolExecutor.java:1134)
        at java.util.concurrent.ThreadPoolExecutor$Worker.run(ThreadPoolExecutor.java:624)
        at java.lang.Thread.run(Thread.java:750)
"qtp754798603-1095" daemon prio=5 tid=1095 runnable
java.lang.Thread.State: RUNNABLE
        at sun.nio.ch.EPollArrayWrapper.epollWait(Native Method)
        at sun.nio.ch.EPollArrayWrapper.poll(EPollArrayWrapper.java:269)
        at sun.nio.ch.EPollSelectorImpl.doSelect(EPollSelectorImpl.java:93)
        at sun.nio.ch.SelectorImpl.lockAndDoSelect(SelectorImpl.java:86)
        at sun.nio.ch.SelectorImpl.select(SelectorImpl.java:97)
        at sun.nio.ch.SelectorImpl.select(SelectorImpl.java:101)
        at org.eclipse.jetty.io.ManagedSelector.nioSelect(ManagedSelector.java:183)
        at org.eclipse.jetty.io.ManagedSelector.select(ManagedSelector.java:190)
        at org.eclipse.jetty.io.ManagedSelector$SelectorProducer.select(ManagedSelector.java:606)
        at org.eclipse.jetty.io.ManagedSelector$SelectorProducer.produce(ManagedSelector.java:543)
        at org.eclipse.jetty.util.thread.strategy.EatWhatYouKill.produceTask(EatWhatYouKill.java:362)
        at org.eclipse.jetty.util.thread.strategy.EatWhatYouKill.doProduce(EatWhatYouKill.java:186)
        at org.eclipse.jetty.util.thread.strategy.EatWhatYouKill.tryProduce(EatWhatYouKill.java:173)
        at org.eclipse.jetty.util.thread.strategy.EatWhatYouKill.produce(EatWhatYouKill.java:137)
        at org.eclipse.jetty.io.ManagedSelector$$Lambda$455/1342467479.run(Unknown Source)
        at org.eclipse.jetty.util.thread.QueuedThreadPool.runJob(QueuedThreadPool.java:883)
        at org.eclipse.jetty.util.thread.QueuedThreadPool$Runner.run(QueuedThreadPool.java:1034)
        at java.lang.Thread.run(Thread.java:750)
"Datanode State Machine Task Thread - 0"  prio=5 tid=1117 in Object.wait()
java.lang.Thread.State: WAITING (on object monitor)
        at sun.misc.Unsafe.park(Native Method)
        at java.util.concurrent.locks.LockSupport.park(LockSupport.java:175)
        at java.util.concurrent.locks.AbstractQueuedSynchronizer$ConditionObject.await(AbstractQueuedSynchronizer.java:2039)
        at java.util.concurrent.LinkedBlockingQueue.take(LinkedBlockingQueue.java:442)
        at java.util.concurrent.ThreadPoolExecutor.getTask(ThreadPoolExecutor.java:1074)
        at java.util.concurrent.ThreadPoolExecutor.runWorker(ThreadPoolExecutor.java:1134)
        at java.util.concurrent.ThreadPoolExecutor$Worker.run(ThreadPoolExecutor.java:624)
        at java.lang.Thread.run(Thread.java:750)
"org.apache.hadoop.ozone.container.common.statemachine.commandhandler.DeleteBlocksCommandHandler$DeleteCmdWorker@31f08d87" daemon prio=5 tid=1059 timed_waiting
java.lang.Thread.State: TIMED_WAITING
        at java.lang.Thread.sleep(Native Method)
        at org.apache.hadoop.ozone.container.common.statemachine.commandhandler.DeleteBlocksCommandHandler$DeleteCmdWorker.run(DeleteBlocksCommandHandler.java:198)
        at java.lang.Thread.run(Thread.java:750)
"pool-351-thread-1"  prio=5 tid=1060 timed_waiting
java.lang.Thread.State: TIMED_WAITING
        at sun.misc.Unsafe.park(Native Method)
        at java.util.concurrent.locks.LockSupport.parkNanos(LockSupport.java:215)
        at java.util.concurrent.locks.AbstractQueuedSynchronizer$ConditionObject.awaitNanos(AbstractQueuedSynchronizer.java:2078)
        at java.util.concurrent.ScheduledThreadPoolExecutor$DelayedWorkQueue.take(ScheduledThreadPoolExecutor.java:1093)
        at java.util.concurrent.ScheduledThreadPoolExecutor$DelayedWorkQueue.take(ScheduledThreadPoolExecutor.java:809)
        at java.util.concurrent.ThreadPoolExecutor.getTask(ThreadPoolExecutor.java:1074)
        at java.util.concurrent.ThreadPoolExecutor.runWorker(ThreadPoolExecutor.java:1134)
        at java.util.concurrent.ThreadPoolExecutor$Worker.run(ThreadPoolExecutor.java:624)
        at java.lang.Thread.run(Thread.java:750)
"EventQueue-NodeRegistrationContainerReportForDataNodeSafeModeRule" daemon prio=5 tid=1213 in Object.wait()
java.lang.Thread.State: WAITING (on object monitor)
        at sun.misc.Unsafe.park(Native Method)
        at java.util.concurrent.locks.LockSupport.park(LockSupport.java:175)
        at java.util.concurrent.locks.AbstractQueuedSynchronizer$ConditionObject.await(AbstractQueuedSynchronizer.java:2039)
        at java.util.concurrent.LinkedBlockingQueue.take(LinkedBlockingQueue.java:442)
        at java.util.concurrent.ThreadPoolExecutor.getTask(ThreadPoolExecutor.java:1074)
        at java.util.concurrent.ThreadPoolExecutor.runWorker(ThreadPoolExecutor.java:1134)
        at java.util.concurrent.ThreadPoolExecutor$Worker.run(ThreadPoolExecutor.java:624)
        at java.lang.Thread.run(Thread.java:750)
"BlockDeletingService#0" daemon prio=5 tid=1184 timed_waiting
java.lang.Thread.State: TIMED_WAITING
        at sun.misc.Unsafe.park(Native Method)
        at java.util.concurrent.locks.LockSupport.parkNanos(LockSupport.java:215)
        at java.util.concurrent.locks.AbstractQueuedSynchronizer$ConditionObject.awaitNanos(AbstractQueuedSynchronizer.java:2078)
        at java.util.concurrent.ScheduledThreadPoolExecutor$DelayedWorkQueue.take(ScheduledThreadPoolExecutor.java:1093)
        at java.util.concurrent.ScheduledThreadPoolExecutor$DelayedWorkQueue.take(ScheduledThreadPoolExecutor.java:809)
        at java.util.concurrent.ThreadPoolExecutor.getTask(ThreadPoolExecutor.java:1074)
        at java.util.concurrent.ThreadPoolExecutor.runWorker(ThreadPoolExecutor.java:1134)
        at java.util.concurrent.ThreadPoolExecutor$Worker.run(ThreadPoolExecutor.java:624)
        at java.lang.Thread.run(Thread.java:750)
"IPC Server listener on 15099" daemon prio=5 tid=1136 runnable
java.lang.Thread.State: RUNNABLE
        at sun.nio.ch.EPollArrayWrapper.epollWait(Native Method)
        at sun.nio.ch.EPollArrayWrapper.poll(EPollArrayWrapper.java:269)
        at sun.nio.ch.EPollSelectorImpl.doSelect(EPollSelectorImpl.java:93)
        at sun.nio.ch.SelectorImpl.lockAndDoSelect(SelectorImpl.java:86)
        at sun.nio.ch.SelectorImpl.select(SelectorImpl.java:97)
        at sun.nio.ch.SelectorImpl.select(SelectorImpl.java:101)
        at org.apache.hadoop.ipc.Server$Listener.run(Server.java:1408)
"Session-HouseKeeper-38c6ca71-1"  prio=5 tid=967 timed_waiting
java.lang.Thread.State: TIMED_WAITING
        at sun.misc.Unsafe.park(Native Method)
        at java.util.concurrent.locks.LockSupport.parkNanos(LockSupport.java:215)
        at java.util.concurrent.locks.AbstractQueuedSynchronizer$ConditionObject.awaitNanos(AbstractQueuedSynchronizer.java:2078)
        at java.util.concurrent.ScheduledThreadPoolExecutor$DelayedWorkQueue.take(ScheduledThreadPoolExecutor.java:1093)
        at java.util.concurrent.ScheduledThreadPoolExecutor$DelayedWorkQueue.take(ScheduledThreadPoolExecutor.java:809)
        at java.util.concurrent.ThreadPoolExecutor.getTask(ThreadPoolExecutor.java:1074)
        at java.util.concurrent.ThreadPoolExecutor.runWorker(ThreadPoolExecutor.java:1134)
        at java.util.concurrent.ThreadPoolExecutor$Worker.run(ThreadPoolExecutor.java:624)
        at java.lang.Thread.run(Thread.java:750)
"surefire-forkedjvm-command-thread" daemon prio=5 tid=10 runnable
java.lang.Thread.State: RUNNABLE
        at java.io.FileInputStream.readBytes(Native Method)
        at java.io.FileInputStream.read(FileInputStream.java:255)
        at java.io.BufferedInputStream.read1(BufferedInputStream.java:284)
        at java.io.BufferedInputStream.read(BufferedInputStream.java:345)
        at java.io.BufferedInputStream.fill(BufferedInputStream.java:246)
        at java.io.BufferedInputStream.read1(BufferedInputStream.java:286)
        at java.io.BufferedInputStream.read(BufferedInputStream.java:345)
        at org.apache.maven.surefire.api.util.internal.Channels$3.readImpl(Channels.java:214)
        at org.apache.maven.surefire.api.util.internal.AbstractNoninterruptibleReadableChannel.read(AbstractNoninterruptibleReadableChannel.java:54)
        at org.apache.maven.surefire.booter.spi.LegacyMasterProcessChannelDecoder.decode(LegacyMasterProcessChannelDecoder.java:80)
        at org.apache.maven.surefire.booter.CommandReader$CommandRunnable.run(CommandReader.java:343)
        at java.lang.Thread.run(Thread.java:750)
"pool-287-thread-1" daemon prio=5 tid=991 timed_waiting
java.lang.Thread.State: TIMED_WAITING
        at sun.misc.Unsafe.park(Native Method)
        at java.util.concurrent.locks.LockSupport.parkNanos(LockSupport.java:215)
        at java.util.concurrent.locks.AbstractQueuedSynchronizer$ConditionObject.awaitNanos(AbstractQueuedSynchronizer.java:2078)
        at java.util.concurrent.ScheduledThreadPoolExecutor$DelayedWorkQueue.take(ScheduledThreadPoolExecutor.java:1093)
        at java.util.concurrent.ScheduledThreadPoolExecutor$DelayedWorkQueue.take(ScheduledThreadPoolExecutor.java:809)
        at java.util.concurrent.ThreadPoolExecutor.getTask(ThreadPoolExecutor.java:1074)
        at java.util.concurrent.ThreadPoolExecutor.runWorker(ThreadPoolExecutor.java:1134)
        at java.util.concurrent.ThreadPoolExecutor$Worker.run(ThreadPoolExecutor.java:624)
        at java.lang.Thread.run(Thread.java:750)
"Datanode ReportManager Thread - 1" daemon prio=5 tid=1112 timed_waiting
java.lang.Thread.State: TIMED_WAITING
        at sun.misc.Unsafe.park(Native Method)
        at java.util.concurrent.locks.LockSupport.parkNanos(LockSupport.java:215)
        at java.util.concurrent.locks.AbstractQueuedSynchronizer$ConditionObject.awaitNanos(AbstractQueuedSynchronizer.java:2078)
        at java.util.concurrent.ScheduledThreadPoolExecutor$DelayedWorkQueue.take(ScheduledThreadPoolExecutor.java:1093)
        at java.util.concurrent.ScheduledThreadPoolExecutor$DelayedWorkQueue.take(ScheduledThreadPoolExecutor.java:809)
        at java.util.concurrent.ThreadPoolExecutor.getTask(ThreadPoolExecutor.java:1074)
        at java.util.concurrent.ThreadPoolExecutor.runWorker(ThreadPoolExecutor.java:1134)
        at java.util.concurrent.ThreadPoolExecutor$Worker.run(ThreadPoolExecutor.java:624)
        at java.lang.Thread.run(Thread.java:750)
"Datanode ReportManager Thread - 1" daemon prio=5 tid=1078 in Object.wait()
java.lang.Thread.State: WAITING (on object monitor)
        at sun.misc.Unsafe.park(Native Method)
        at java.util.concurrent.locks.LockSupport.park(LockSupport.java:175)
        at java.util.concurrent.locks.AbstractQueuedSynchronizer$ConditionObject.await(AbstractQueuedSynchronizer.java:2039)
        at java.util.concurrent.ScheduledThreadPoolExecutor$DelayedWorkQueue.take(ScheduledThreadPoolExecutor.java:1088)
        at java.util.concurrent.ScheduledThreadPoolExecutor$DelayedWorkQueue.take(ScheduledThreadPoolExecutor.java:809)
        at java.util.concurrent.ThreadPoolExecutor.getTask(ThreadPoolExecutor.java:1074)
        at java.util.concurrent.ThreadPoolExecutor.runWorker(ThreadPoolExecutor.java:1134)
        at java.util.concurrent.ThreadPoolExecutor$Worker.run(ThreadPoolExecutor.java:624)
        at java.lang.Thread.run(Thread.java:750)
"qtp754798603-1099" daemon prio=5 tid=1099 timed_waiting
java.lang.Thread.State: TIMED_WAITING
        at sun.misc.Unsafe.park(Native Method)
        at java.util.concurrent.locks.LockSupport.parkNanos(LockSupport.java:215)
        at java.util.concurrent.locks.AbstractQueuedSynchronizer$ConditionObject.awaitNanos(AbstractQueuedSynchronizer.java:2078)
        at org.eclipse.jetty.util.BlockingArrayQueue.poll(BlockingArrayQueue.java:382)
        at org.eclipse.jetty.util.thread.QueuedThreadPool$Runner.idleJobPoll(QueuedThreadPool.java:974)
        at org.eclipse.jetty.util.thread.QueuedThreadPool$Runner.run(QueuedThreadPool.java:1018)
        at java.lang.Thread.run(Thread.java:750)
"qtp1033742513-966" daemon prio=5 tid=966 timed_waiting
java.lang.Thread.State: TIMED_WAITING
        at sun.misc.Unsafe.park(Native Method)
        at java.util.concurrent.locks.LockSupport.parkNanos(LockSupport.java:215)
        at java.util.concurrent.locks.AbstractQueuedSynchronizer$ConditionObject.awaitNanos(AbstractQueuedSynchronizer.java:2078)
        at org.eclipse.jetty.util.BlockingArrayQueue.poll(BlockingArrayQueue.java:382)
        at org.eclipse.jetty.util.thread.QueuedThreadPool$Runner.idleJobPoll(QueuedThreadPool.java:974)
        at org.eclipse.jetty.util.thread.QueuedThreadPool$Runner.run(QueuedThreadPool.java:1018)
        at java.lang.Thread.run(Thread.java:750)
"SnapshotDeletingService#0" daemon prio=5 tid=957 timed_waiting
java.lang.Thread.State: TIMED_WAITING
        at sun.misc.Unsafe.park(Native Method)
        at java.util.concurrent.locks.LockSupport.parkNanos(LockSupport.java:215)
        at java.util.concurrent.locks.AbstractQueuedSynchronizer$ConditionObject.awaitNanos(AbstractQueuedSynchronizer.java:2078)
        at java.util.concurrent.ScheduledThreadPoolExecutor$DelayedWorkQueue.take(ScheduledThreadPoolExecutor.java:1093)
        at java.util.concurrent.ScheduledThreadPoolExecutor$DelayedWorkQueue.take(ScheduledThreadPoolExecutor.java:809)
        at java.util.concurrent.ThreadPoolExecutor.getTask(ThreadPoolExecutor.java:1074)
        at java.util.concurrent.ThreadPoolExecutor.runWorker(ThreadPoolExecutor.java:1134)
        at java.util.concurrent.ThreadPoolExecutor$Worker.run(ThreadPoolExecutor.java:624)
        at java.lang.Thread.run(Thread.java:750)
"IPC Server handler 6 on default port 15057" daemon prio=5 tid=974 timed_waiting
java.lang.Thread.State: TIMED_WAITING
        at sun.misc.Unsafe.park(Native Method)
        at java.util.concurrent.locks.LockSupport.parkNanos(LockSupport.java:215)
        at java.util.concurrent.locks.AbstractQueuedSynchronizer$ConditionObject.awaitNanos(AbstractQueuedSynchronizer.java:2078)
        at java.util.concurrent.LinkedBlockingQueue.poll(LinkedBlockingQueue.java:467)
        at org.apache.hadoop.ipc.CallQueueManager.take(CallQueueManager.java:317)
        at org.apache.hadoop.ipc.Server$Handler.run(Server.java:3014)
"IPC Server listener on 15057" daemon prio=5 tid=942 runnable
java.lang.Thread.State: RUNNABLE
        at sun.nio.ch.EPollArrayWrapper.epollWait(Native Method)
        at sun.nio.ch.EPollArrayWrapper.poll(EPollArrayWrapper.java:269)
        at sun.nio.ch.EPollSelectorImpl.doSelect(EPollSelectorImpl.java:93)
        at sun.nio.ch.SelectorImpl.lockAndDoSelect(SelectorImpl.java:86)
        at sun.nio.ch.SelectorImpl.select(SelectorImpl.java:97)
        at sun.nio.ch.SelectorImpl.select(SelectorImpl.java:101)
        at org.apache.hadoop.ipc.Server$Listener.run(Server.java:1408)
"IPC Server Responder" daemon prio=5 tid=1009 runnable
java.lang.Thread.State: RUNNABLE
        at sun.nio.ch.EPollArrayWrapper.epollWait(Native Method)
        at sun.nio.ch.EPollArrayWrapper.poll(EPollArrayWrapper.java:269)
        at sun.nio.ch.EPollSelectorImpl.doSelect(EPollSelectorImpl.java:93)
        at sun.nio.ch.SelectorImpl.lockAndDoSelect(SelectorImpl.java:86)
        at sun.nio.ch.SelectorImpl.select(SelectorImpl.java:97)
        at org.apache.hadoop.ipc.Server$Responder.doRunLoop(Server.java:1582)
        at org.apache.hadoop.ipc.Server$Responder.run(Server.java:1565)
"om1@group-C5BA1605619E-StateMachineUpdater" daemon prio=5 tid=949 timed_waiting
java.lang.Thread.State: TIMED_WAITING
        at sun.misc.Unsafe.park(Native Method)
        at java.util.concurrent.locks.LockSupport.parkNanos(LockSupport.java:215)
        at java.util.concurrent.locks.AbstractQueuedSynchronizer$ConditionObject.await(AbstractQueuedSynchronizer.java:2163)
        at org.apache.ratis.util.AwaitForSignal.await(AwaitForSignal.java:62)
        at org.apache.ratis.server.impl.StateMachineUpdater.waitForCommit(StateMachineUpdater.java:209)
        at org.apache.ratis.server.impl.StateMachineUpdater.run(StateMachineUpdater.java:178)
        at java.lang.Thread.run(Thread.java:750)
"FixedThreadPoolWithAffinityExecutor-8-0" daemon prio=5 tid=854 timed_waiting
java.lang.Thread.State: TIMED_WAITING
        at sun.misc.Unsafe.park(Native Method)
        at java.util.concurrent.locks.LockSupport.parkNanos(LockSupport.java:215)
        at java.util.concurrent.locks.AbstractQueuedSynchronizer$ConditionObject.awaitNanos(AbstractQueuedSynchronizer.java:2078)
        at java.util.concurrent.LinkedBlockingQueue.poll(LinkedBlockingQueue.java:467)
        at org.apache.hadoop.hdds.scm.server.ContainerReportQueue.poll(ContainerReportQueue.java:266)
        at org.apache.hadoop.hdds.scm.server.ContainerReportQueue.poll(ContainerReportQueue.java:42)
        at org.apache.hadoop.hdds.server.events.FixedThreadPoolWithAffinityExecutor$ContainerReportProcessTask.run(FixedThreadPoolWithAffinityExecutor.java:247)
        at java.util.concurrent.Executors$RunnableAdapter.call(Executors.java:511)
        at java.util.concurrent.FutureTask.run(FutureTask.java:266)
        at java.util.concurrent.ThreadPoolExecutor.runWorker(ThreadPoolExecutor.java:1149)
        at java.util.concurrent.ThreadPoolExecutor$Worker.run(ThreadPoolExecutor.java:624)
        at java.lang.Thread.run(Thread.java:750)
"IPC Server handler 0 on default port 15054" daemon prio=5 tid=878 timed_waiting
java.lang.Thread.State: TIMED_WAITING
        at sun.misc.Unsafe.park(Native Method)
        at java.util.concurrent.locks.LockSupport.parkNanos(LockSupport.java:215)
        at java.util.concurrent.locks.AbstractQueuedSynchronizer$ConditionObject.awaitNanos(AbstractQueuedSynchronizer.java:2078)
        at java.util.concurrent.LinkedBlockingQueue.poll(LinkedBlockingQueue.java:467)
        at org.apache.hadoop.ipc.CallQueueManager.take(CallQueueManager.java:317)
        at org.apache.hadoop.ipc.Server$Handler.run(Server.java:3014)
"qtp927182113-997" daemon prio=5 tid=997 runnable
java.lang.Thread.State: RUNNABLE
        at sun.nio.ch.EPollArrayWrapper.epollWait(Native Method)
        at sun.nio.ch.EPollArrayWrapper.poll(EPollArrayWrapper.java:269)
        at sun.nio.ch.EPollSelectorImpl.doSelect(EPollSelectorImpl.java:93)
        at sun.nio.ch.SelectorImpl.lockAndDoSelect(SelectorImpl.java:86)
        at sun.nio.ch.SelectorImpl.select(SelectorImpl.java:97)
        at sun.nio.ch.SelectorImpl.select(SelectorImpl.java:101)
        at org.eclipse.jetty.io.ManagedSelector.nioSelect(ManagedSelector.java:183)
        at org.eclipse.jetty.io.ManagedSelector.select(ManagedSelector.java:190)
        at org.eclipse.jetty.io.ManagedSelector$SelectorProducer.select(ManagedSelector.java:606)
        at org.eclipse.jetty.io.ManagedSelector$SelectorProducer.produce(ManagedSelector.java:543)
        at org.eclipse.jetty.util.thread.strategy.EatWhatYouKill.produceTask(EatWhatYouKill.java:362)
        at org.eclipse.jetty.util.thread.strategy.EatWhatYouKill.doProduce(EatWhatYouKill.java:186)
        at org.eclipse.jetty.util.thread.strategy.EatWhatYouKill.tryProduce(EatWhatYouKill.java:173)
        at org.eclipse.jetty.util.thread.strategy.EatWhatYouKill.produce(EatWhatYouKill.java:137)
        at org.eclipse.jetty.io.ManagedSelector$$Lambda$455/1342467479.run(Unknown Source)
        at org.eclipse.jetty.util.thread.QueuedThreadPool.runJob(QueuedThreadPool.java:883)
        at org.eclipse.jetty.util.thread.QueuedThreadPool$Runner.run(QueuedThreadPool.java:1034)
        at java.lang.Thread.run(Thread.java:750)
"qtp2075917747-922" daemon prio=5 tid=922 runnable
java.lang.Thread.State: RUNNABLE
        at sun.nio.ch.EPollArrayWrapper.epollWait(Native Method)
        at sun.nio.ch.EPollArrayWrapper.poll(EPollArrayWrapper.java:269)
        at sun.nio.ch.EPollSelectorImpl.doSelect(EPollSelectorImpl.java:93)
        at sun.nio.ch.SelectorImpl.lockAndDoSelect(SelectorImpl.java:86)
        at sun.nio.ch.SelectorImpl.select(SelectorImpl.java:97)
        at sun.nio.ch.SelectorImpl.select(SelectorImpl.java:101)
        at org.eclipse.jetty.io.ManagedSelector.nioSelect(ManagedSelector.java:183)
        at org.eclipse.jetty.io.ManagedSelector.select(ManagedSelector.java:190)
        at org.eclipse.jetty.io.ManagedSelector$SelectorProducer.select(ManagedSelector.java:606)
        at org.eclipse.jetty.io.ManagedSelector$SelectorProducer.produce(ManagedSelector.java:543)
        at org.eclipse.jetty.util.thread.strategy.EatWhatYouKill.produceTask(EatWhatYouKill.java:362)
        at org.eclipse.jetty.util.thread.strategy.EatWhatYouKill.doProduce(EatWhatYouKill.java:186)
        at org.eclipse.jetty.util.thread.strategy.EatWhatYouKill.tryProduce(EatWhatYouKill.java:173)
        at org.eclipse.jetty.util.thread.strategy.EatWhatYouKill.produce(EatWhatYouKill.java:137)
        at org.eclipse.jetty.io.ManagedSelector$$Lambda$455/1342467479.run(Unknown Source)
        at org.eclipse.jetty.util.thread.QueuedThreadPool.runJob(QueuedThreadPool.java:883)
        at org.eclipse.jetty.util.thread.QueuedThreadPool$Runner.run(QueuedThreadPool.java:1034)
        at java.lang.Thread.run(Thread.java:750)
"ChunkWriter-2-0" daemon prio=5 tid=1180 in Object.wait()
java.lang.Thread.State: WAITING (on object monitor)
        at sun.misc.Unsafe.park(Native Method)
        at java.util.concurrent.locks.LockSupport.park(LockSupport.java:175)
        at java.util.concurrent.locks.AbstractQueuedSynchronizer$ConditionObject.await(AbstractQueuedSynchronizer.java:2039)
        at java.util.concurrent.LinkedBlockingDeque.takeFirst(LinkedBlockingDeque.java:492)
        at java.util.concurrent.LinkedBlockingDeque.take(LinkedBlockingDeque.java:680)
        at java.util.concurrent.ThreadPoolExecutor.getTask(ThreadPoolExecutor.java:1074)
        at java.util.concurrent.ThreadPoolExecutor.runWorker(ThreadPoolExecutor.java:1134)
        at java.util.concurrent.ThreadPoolExecutor$Worker.run(ThreadPoolExecutor.java:624)
        at java.lang.Thread.run(Thread.java:750)
"BlockDeletingService#1" daemon prio=5 tid=1161 in Object.wait()
java.lang.Thread.State: WAITING (on object monitor)
        at sun.misc.Unsafe.park(Native Method)
        at java.util.concurrent.locks.LockSupport.park(LockSupport.java:175)
        at java.util.concurrent.locks.AbstractQueuedSynchronizer$ConditionObject.await(AbstractQueuedSynchronizer.java:2039)
        at java.util.concurrent.ScheduledThreadPoolExecutor$DelayedWorkQueue.take(ScheduledThreadPoolExecutor.java:1088)
        at java.util.concurrent.ScheduledThreadPoolExecutor$DelayedWorkQueue.take(ScheduledThreadPoolExecutor.java:809)
        at java.util.concurrent.ThreadPoolExecutor.getTask(ThreadPoolExecutor.java:1074)
        at java.util.concurrent.ThreadPoolExecutor.runWorker(ThreadPoolExecutor.java:1134)
        at java.util.concurrent.ThreadPoolExecutor$Worker.run(ThreadPoolExecutor.java:624)
        at java.lang.Thread.run(Thread.java:750)
"Hadoop-Metrics-Updater-0" daemon prio=5 tid=1108 timed_waiting
java.lang.Thread.State: TIMED_WAITING
        at sun.misc.Unsafe.park(Native Method)
        at java.util.concurrent.locks.LockSupport.parkNanos(LockSupport.java:215)
        at java.util.concurrent.locks.AbstractQueuedSynchronizer$ConditionObject.awaitNanos(AbstractQueuedSynchronizer.java:2078)
        at java.util.concurrent.ScheduledThreadPoolExecutor$DelayedWorkQueue.take(ScheduledThreadPoolExecutor.java:1093)
        at java.util.concurrent.ScheduledThreadPoolExecutor$DelayedWorkQueue.take(ScheduledThreadPoolExecutor.java:809)
        at java.util.concurrent.ThreadPoolExecutor.getTask(ThreadPoolExecutor.java:1074)
        at java.util.concurrent.ThreadPoolExecutor.runWorker(ThreadPoolExecutor.java:1134)
        at java.util.concurrent.ThreadPoolExecutor$Worker.run(ThreadPoolExecutor.java:624)
        at java.lang.Thread.run(Thread.java:750)
"qtp2075917747-926" daemon prio=5 tid=926 timed_waiting
java.lang.Thread.State: TIMED_WAITING
        at sun.misc.Unsafe.park(Native Method)
        at java.util.concurrent.locks.LockSupport.parkNanos(LockSupport.java:215)
        at java.util.concurrent.locks.AbstractQueuedSynchronizer$ConditionObject.awaitNanos(AbstractQueuedSynchronizer.java:2078)
        at org.eclipse.jetty.util.BlockingArrayQueue.poll(BlockingArrayQueue.java:382)
        at org.eclipse.jetty.util.thread.QueuedThreadPool$Runner.idleJobPoll(QueuedThreadPool.java:974)
        at org.eclipse.jetty.util.thread.QueuedThreadPool$Runner.run(QueuedThreadPool.java:1018)
        at java.lang.Thread.run(Thread.java:750)
"Hadoop-Metrics-Updater-0" daemon prio=5 tid=946 timed_waiting
java.lang.Thread.State: TIMED_WAITING
        at sun.misc.Unsafe.park(Native Method)
        at java.util.concurrent.locks.LockSupport.parkNanos(LockSupport.java:215)
        at java.util.concurrent.locks.AbstractQueuedSynchronizer$ConditionObject.awaitNanos(AbstractQueuedSynchronizer.java:2078)
        at java.util.concurrent.ScheduledThreadPoolExecutor$DelayedWorkQueue.take(ScheduledThreadPoolExecutor.java:1093)
        at java.util.concurrent.ScheduledThreadPoolExecutor$DelayedWorkQueue.take(ScheduledThreadPoolExecutor.java:809)
        at java.util.concurrent.ThreadPoolExecutor.getTask(ThreadPoolExecutor.java:1074)
        at java.util.concurrent.ThreadPoolExecutor.runWorker(ThreadPoolExecutor.java:1134)
        at java.util.concurrent.ThreadPoolExecutor$Worker.run(ThreadPoolExecutor.java:624)
        at java.lang.Thread.run(Thread.java:750)
"null-request--thread1" daemon prio=5 tid=1359 timed_waiting
java.lang.Thread.State: TIMED_WAITING
        at sun.misc.Unsafe.park(Native Method)
        at java.util.concurrent.locks.LockSupport.parkNanos(LockSupport.java:215)
        at java.util.concurrent.locks.AbstractQueuedSynchronizer$ConditionObject.awaitNanos(AbstractQueuedSynchronizer.java:2078)
        at java.util.concurrent.LinkedBlockingQueue.poll(LinkedBlockingQueue.java:467)
        at java.util.concurrent.ThreadPoolExecutor.getTask(ThreadPoolExecutor.java:1073)
        at java.util.concurrent.ThreadPoolExecutor.runWorker(ThreadPoolExecutor.java:1134)
        at java.util.concurrent.ThreadPoolExecutor$Worker.run(ThreadPoolExecutor.java:624)
        at java.lang.Thread.run(Thread.java:750)
"EndpointStateMachine task thread for /0.0.0.0:15055 - 0 "  prio=5 tid=1151 in Object.wait()
java.lang.Thread.State: WAITING (on object monitor)
        at sun.misc.Unsafe.park(Native Method)
        at java.util.concurrent.locks.LockSupport.park(LockSupport.java:175)
        at java.util.concurrent.locks.AbstractQueuedSynchronizer$ConditionObject.await(AbstractQueuedSynchronizer.java:2039)
        at java.util.concurrent.LinkedBlockingQueue.take(LinkedBlockingQueue.java:442)
        at java.util.concurrent.ThreadPoolExecutor.getTask(ThreadPoolExecutor.java:1074)
        at java.util.concurrent.ThreadPoolExecutor.runWorker(ThreadPoolExecutor.java:1134)
        at java.util.concurrent.ThreadPoolExecutor$Worker.run(ThreadPoolExecutor.java:624)
        at java.lang.Thread.run(Thread.java:750)
"IPC Server handler 15 on default port 15057" daemon prio=5 tid=983 timed_waiting
java.lang.Thread.State: TIMED_WAITING
        at sun.misc.Unsafe.park(Native Method)
        at java.util.concurrent.locks.LockSupport.parkNanos(LockSupport.java:215)
        at java.util.concurrent.locks.AbstractQueuedSynchronizer$ConditionObject.awaitNanos(AbstractQueuedSynchronizer.java:2078)
        at java.util.concurrent.LinkedBlockingQueue.poll(LinkedBlockingQueue.java:467)
        at org.apache.hadoop.ipc.CallQueueManager.take(CallQueueManager.java:317)
        at org.apache.hadoop.ipc.Server$Handler.run(Server.java:3014)
"EventQueue-DatanodeCommandForSCMNodeManager"  prio=5 tid=1217 in Object.wait()
java.lang.Thread.State: WAITING (on object monitor)
        at sun.misc.Unsafe.park(Native Method)
        at java.util.concurrent.locks.LockSupport.park(LockSupport.java:175)
        at java.util.concurrent.locks.AbstractQueuedSynchronizer$ConditionObject.await(AbstractQueuedSynchronizer.java:2039)
        at java.util.concurrent.LinkedBlockingQueue.take(LinkedBlockingQueue.java:442)
        at java.util.concurrent.ThreadPoolExecutor.getTask(ThreadPoolExecutor.java:1074)
        at java.util.concurrent.ThreadPoolExecutor.runWorker(ThreadPoolExecutor.java:1134)
        at java.util.concurrent.ThreadPoolExecutor$Worker.run(ThreadPoolExecutor.java:624)
        at java.lang.Thread.run(Thread.java:750)
"107862d4-58d6-4e98-9eb6-252f61002a57-groupManagement"  prio=5 tid=1279 in Object.wait()
java.lang.Thread.State: WAITING (on object monitor)
        at sun.misc.Unsafe.park(Native Method)
        at java.util.concurrent.locks.LockSupport.park(LockSupport.java:175)
        at java.util.concurrent.locks.AbstractQueuedSynchronizer$ConditionObject.await(AbstractQueuedSynchronizer.java:2039)
        at java.util.concurrent.LinkedBlockingQueue.take(LinkedBlockingQueue.java:442)
        at java.util.concurrent.ThreadPoolExecutor.getTask(ThreadPoolExecutor.java:1074)
        at java.util.concurrent.ThreadPoolExecutor.runWorker(ThreadPoolExecutor.java:1134)
        at java.util.concurrent.ThreadPoolExecutor$Worker.run(ThreadPoolExecutor.java:624)
        at java.lang.Thread.run(Thread.java:750)
"Socket Reader #1 for port 15090" daemon prio=5 tid=1105 runnable
java.lang.Thread.State: RUNNABLE
        at sun.nio.ch.EPollArrayWrapper.epollWait(Native Method)
        at sun.nio.ch.EPollArrayWrapper.poll(EPollArrayWrapper.java:269)
        at sun.nio.ch.EPollSelectorImpl.doSelect(EPollSelectorImpl.java:93)
        at sun.nio.ch.SelectorImpl.lockAndDoSelect(SelectorImpl.java:86)
        at sun.nio.ch.SelectorImpl.select(SelectorImpl.java:97)
        at sun.nio.ch.SelectorImpl.select(SelectorImpl.java:101)
        at org.apache.hadoop.ipc.Server$Listener$Reader.doRunLoop(Server.java:1346)
        at org.apache.hadoop.ipc.Server$Listener$Reader.run(Server.java:1325)
"qtp2075917747-925" daemon prio=5 tid=925 timed_waiting
java.lang.Thread.State: TIMED_WAITING
        at sun.misc.Unsafe.park(Native Method)
        at java.util.concurrent.locks.LockSupport.parkNanos(LockSupport.java:215)
        at java.util.concurrent.locks.AbstractQueuedSynchronizer$ConditionObject.awaitNanos(AbstractQueuedSynchronizer.java:2078)
        at org.eclipse.jetty.util.BlockingArrayQueue.poll(BlockingArrayQueue.java:382)
        at org.eclipse.jetty.util.thread.QueuedThreadPool$Runner.idleJobPoll(QueuedThreadPool.java:974)
        at org.eclipse.jetty.util.thread.QueuedThreadPool$Runner.run(QueuedThreadPool.java:1018)
        at java.lang.Thread.run(Thread.java:750)
"aa000335-494a-4091-9473-11fe5522d401@group-D6D0528D13AD-LeaderStateImpl" daemon prio=5 tid=1355 timed_waiting
java.lang.Thread.State: TIMED_WAITING
        at sun.misc.Unsafe.park(Native Method)
        at java.util.concurrent.locks.LockSupport.parkNanos(LockSupport.java:215)
        at java.util.concurrent.locks.AbstractQueuedSynchronizer$ConditionObject.awaitNanos(AbstractQueuedSynchronizer.java:2078)
        at java.util.concurrent.ArrayBlockingQueue.poll(ArrayBlockingQueue.java:418)
        at org.apache.ratis.server.impl.LeaderStateImpl$EventQueue.poll(LeaderStateImpl.java:164)
        at org.apache.ratis.server.impl.LeaderStateImpl$EventProcessor.run(LeaderStateImpl.java:702)
"Socket Reader #1 for port 15057" daemon prio=5 tid=943 runnable
java.lang.Thread.State: RUNNABLE
        at sun.nio.ch.EPollArrayWrapper.epollWait(Native Method)
        at sun.nio.ch.EPollArrayWrapper.poll(EPollArrayWrapper.java:269)
        at sun.nio.ch.EPollSelectorImpl.doSelect(EPollSelectorImpl.java:93)
        at sun.nio.ch.SelectorImpl.lockAndDoSelect(SelectorImpl.java:86)
        at sun.nio.ch.SelectorImpl.select(SelectorImpl.java:97)
        at sun.nio.ch.SelectorImpl.select(SelectorImpl.java:101)
        at org.apache.hadoop.ipc.Server$Listener$Reader.doRunLoop(Server.java:1346)
        at org.apache.hadoop.ipc.Server$Listener$Reader.run(Server.java:1325)
"qtp1033742513-961" daemon prio=5 tid=961 timed_waiting
java.lang.Thread.State: TIMED_WAITING
        at sun.misc.Unsafe.park(Native Method)
        at java.util.concurrent.locks.LockSupport.parkNanos(LockSupport.java:215)
        at java.util.concurrent.locks.AbstractQueuedSynchronizer$ConditionObject.awaitNanos(AbstractQueuedSynchronizer.java:2078)
        at org.eclipse.jetty.util.BlockingArrayQueue.poll(BlockingArrayQueue.java:382)
        at org.eclipse.jetty.util.thread.QueuedThreadPool$Runner.idleJobPoll(QueuedThreadPool.java:974)
        at org.eclipse.jetty.util.thread.QueuedThreadPool$Runner.run(QueuedThreadPool.java:1018)
        at java.lang.Thread.run(Thread.java:750)
"Datanode ReportManager Thread - 1" daemon prio=5 tid=1014 in Object.wait()
java.lang.Thread.State: WAITING (on object monitor)
        at sun.misc.Unsafe.park(Native Method)
        at java.util.concurrent.locks.LockSupport.park(LockSupport.java:175)
        at java.util.concurrent.locks.AbstractQueuedSynchronizer$ConditionObject.await(AbstractQueuedSynchronizer.java:2039)
        at java.util.concurrent.ScheduledThreadPoolExecutor$DelayedWorkQueue.take(ScheduledThreadPoolExecutor.java:1088)
        at java.util.concurrent.ScheduledThreadPoolExecutor$DelayedWorkQueue.take(ScheduledThreadPoolExecutor.java:809)
        at java.util.concurrent.ThreadPoolExecutor.getTask(ThreadPoolExecutor.java:1074)
        at java.util.concurrent.ThreadPoolExecutor.runWorker(ThreadPoolExecutor.java:1134)
        at java.util.concurrent.ThreadPoolExecutor$Worker.run(ThreadPoolExecutor.java:624)
        at java.lang.Thread.run(Thread.java:750)
"pool-253-thread-1"  prio=5 tid=935 timed_waiting
java.lang.Thread.State: TIMED_WAITING
        at sun.misc.Unsafe.park(Native Method)
        at java.util.concurrent.locks.LockSupport.parkNanos(LockSupport.java:215)
        at java.util.concurrent.locks.AbstractQueuedSynchronizer$ConditionObject.awaitNanos(AbstractQueuedSynchronizer.java:2078)
        at java.util.concurrent.ScheduledThreadPoolExecutor$DelayedWorkQueue.take(ScheduledThreadPoolExecutor.java:1093)
        at java.util.concurrent.ScheduledThreadPoolExecutor$DelayedWorkQueue.take(ScheduledThreadPoolExecutor.java:809)
        at java.util.concurrent.ThreadPoolExecutor.getTask(ThreadPoolExecutor.java:1074)
        at java.util.concurrent.ThreadPoolExecutor.runWorker(ThreadPoolExecutor.java:1134)
        at java.util.concurrent.ThreadPoolExecutor$Worker.run(ThreadPoolExecutor.java:624)
        at java.lang.Thread.run(Thread.java:750)
"IPC Server handler 2 on default port 15053" daemon prio=5 tid=860 timed_waiting
java.lang.Thread.State: TIMED_WAITING
        at sun.misc.Unsafe.park(Native Method)
        at java.util.concurrent.locks.LockSupport.parkNanos(LockSupport.java:215)
        at java.util.concurrent.locks.AbstractQueuedSynchronizer$ConditionObject.awaitNanos(AbstractQueuedSynchronizer.java:2078)
        at java.util.concurrent.LinkedBlockingQueue.poll(LinkedBlockingQueue.java:467)
        at org.apache.hadoop.ipc.CallQueueManager.take(CallQueueManager.java:317)
        at org.apache.hadoop.ipc.Server$Handler.run(Server.java:3014)
"Datanode ReportManager Thread - 4" daemon prio=5 tid=1081 timed_waiting
java.lang.Thread.State: TIMED_WAITING
        at sun.misc.Unsafe.park(Native Method)
        at java.util.concurrent.locks.LockSupport.parkNanos(LockSupport.java:215)
        at java.util.concurrent.locks.AbstractQueuedSynchronizer$ConditionObject.awaitNanos(AbstractQueuedSynchronizer.java:2078)
        at java.util.concurrent.ScheduledThreadPoolExecutor$DelayedWorkQueue.take(ScheduledThreadPoolExecutor.java:1093)
        at java.util.concurrent.ScheduledThreadPoolExecutor$DelayedWorkQueue.take(ScheduledThreadPoolExecutor.java:809)
        at java.util.concurrent.ThreadPoolExecutor.getTask(ThreadPoolExecutor.java:1074)
        at java.util.concurrent.ThreadPoolExecutor.runWorker(ThreadPoolExecutor.java:1134)
        at java.util.concurrent.ThreadPoolExecutor$Worker.run(ThreadPoolExecutor.java:624)
        at java.lang.Thread.run(Thread.java:750)
"Session-HouseKeeper-57bcc0a-1"  prio=5 tid=1005 timed_waiting
java.lang.Thread.State: TIMED_WAITING
        at sun.misc.Unsafe.park(Native Method)
        at java.util.concurrent.locks.LockSupport.parkNanos(LockSupport.java:215)
        at java.util.concurrent.locks.AbstractQueuedSynchronizer$ConditionObject.awaitNanos(AbstractQueuedSynchronizer.java:2078)
        at java.util.concurrent.ScheduledThreadPoolExecutor$DelayedWorkQueue.take(ScheduledThreadPoolExecutor.java:1093)
        at java.util.concurrent.ScheduledThreadPoolExecutor$DelayedWorkQueue.take(ScheduledThreadPoolExecutor.java:809)
        at java.util.concurrent.ThreadPoolExecutor.getTask(ThreadPoolExecutor.java:1074)
        at java.util.concurrent.ThreadPoolExecutor.runWorker(ThreadPoolExecutor.java:1134)
        at java.util.concurrent.ThreadPoolExecutor$Worker.run(ThreadPoolExecutor.java:624)
        at java.lang.Thread.run(Thread.java:750)
"IPC Server handler 18 on default port 15057" daemon prio=5 tid=986 timed_waiting
java.lang.Thread.State: TIMED_WAITING
        at sun.misc.Unsafe.park(Native Method)
        at java.util.concurrent.locks.LockSupport.parkNanos(LockSupport.java:215)
        at java.util.concurrent.locks.AbstractQueuedSynchronizer$ConditionObject.awaitNanos(AbstractQueuedSynchronizer.java:2078)
        at java.util.concurrent.LinkedBlockingQueue.poll(LinkedBlockingQueue.java:467)
        at org.apache.hadoop.ipc.CallQueueManager.take(CallQueueManager.java:317)
        at org.apache.hadoop.ipc.Server$Handler.run(Server.java:3014)
"PipelineCommandHandlerThread-0"  prio=5 tid=1220 in Object.wait()
java.lang.Thread.State: WAITING (on object monitor)
        at sun.misc.Unsafe.park(Native Method)
        at java.util.concurrent.locks.LockSupport.park(LockSupport.java:175)
        at java.util.concurrent.locks.AbstractQueuedSynchronizer$ConditionObject.await(AbstractQueuedSynchronizer.java:2039)
        at java.util.concurrent.LinkedBlockingQueue.take(LinkedBlockingQueue.java:442)
        at java.util.concurrent.ThreadPoolExecutor.getTask(ThreadPoolExecutor.java:1074)
        at java.util.concurrent.ThreadPoolExecutor.runWorker(ThreadPoolExecutor.java:1134)
        at java.util.concurrent.ThreadPoolExecutor$Worker.run(ThreadPoolExecutor.java:624)
        at java.lang.Thread.run(Thread.java:750)
"Datanode ReportManager Thread - 3" daemon prio=5 tid=1114 in Object.wait()
java.lang.Thread.State: WAITING (on object monitor)
        at sun.misc.Unsafe.park(Native Method)
        at java.util.concurrent.locks.LockSupport.park(LockSupport.java:175)
        at java.util.concurrent.locks.AbstractQueuedSynchronizer$ConditionObject.await(AbstractQueuedSynchronizer.java:2039)
        at java.util.concurrent.ScheduledThreadPoolExecutor$DelayedWorkQueue.take(ScheduledThreadPoolExecutor.java:1088)
        at java.util.concurrent.ScheduledThreadPoolExecutor$DelayedWorkQueue.take(ScheduledThreadPoolExecutor.java:809)
        at java.util.concurrent.ThreadPoolExecutor.getTask(ThreadPoolExecutor.java:1074)
        at java.util.concurrent.ThreadPoolExecutor.runWorker(ThreadPoolExecutor.java:1134)
        at java.util.concurrent.ThreadPoolExecutor$Worker.run(ThreadPoolExecutor.java:624)
        at java.lang.Thread.run(Thread.java:750)
"BlockDeletingService#1" daemon prio=5 tid=1187 in Object.wait()
java.lang.Thread.State: WAITING (on object monitor)
        at sun.misc.Unsafe.park(Native Method)
        at java.util.concurrent.locks.LockSupport.park(LockSupport.java:175)
        at java.util.concurrent.locks.AbstractQueuedSynchronizer$ConditionObject.await(AbstractQueuedSynchronizer.java:2039)
        at java.util.concurrent.ScheduledThreadPoolExecutor$DelayedWorkQueue.take(ScheduledThreadPoolExecutor.java:1088)
        at java.util.concurrent.ScheduledThreadPoolExecutor$DelayedWorkQueue.take(ScheduledThreadPoolExecutor.java:809)
        at java.util.concurrent.ThreadPoolExecutor.getTask(ThreadPoolExecutor.java:1074)
        at java.util.concurrent.ThreadPoolExecutor.runWorker(ThreadPoolExecutor.java:1134)
        at java.util.concurrent.ThreadPoolExecutor$Worker.run(ThreadPoolExecutor.java:624)
        at java.lang.Thread.run(Thread.java:750)
"qtp1738073700-1066" daemon prio=5 tid=1066 timed_waiting
java.lang.Thread.State: TIMED_WAITING
        at sun.misc.Unsafe.park(Native Method)
        at java.util.concurrent.locks.LockSupport.parkNanos(LockSupport.java:215)
        at java.util.concurrent.locks.AbstractQueuedSynchronizer$ConditionObject.awaitNanos(AbstractQueuedSynchronizer.java:2078)
        at org.eclipse.jetty.util.BlockingArrayQueue.poll(BlockingArrayQueue.java:382)
        at org.eclipse.jetty.util.thread.QueuedThreadPool$Runner.idleJobPoll(QueuedThreadPool.java:974)
        at org.eclipse.jetty.util.thread.QueuedThreadPool$Runner.run(QueuedThreadPool.java:1018)
        at java.lang.Thread.run(Thread.java:750)
"grpc-default-executor-0" daemon prio=5 tid=1230 timed_waiting
java.lang.Thread.State: TIMED_WAITING
        at sun.misc.Unsafe.park(Native Method)
        at java.util.concurrent.locks.LockSupport.parkNanos(LockSupport.java:215)
        at java.util.concurrent.SynchronousQueue$TransferStack.awaitFulfill(SynchronousQueue.java:460)
        at java.util.concurrent.SynchronousQueue$TransferStack.transfer(SynchronousQueue.java:362)
        at java.util.concurrent.SynchronousQueue.poll(SynchronousQueue.java:941)
        at java.util.concurrent.ThreadPoolExecutor.getTask(ThreadPoolExecutor.java:1073)
        at java.util.concurrent.ThreadPoolExecutor.runWorker(ThreadPoolExecutor.java:1134)
        at java.util.concurrent.ThreadPoolExecutor$Worker.run(ThreadPoolExecutor.java:624)
        at java.lang.Thread.run(Thread.java:750)
"EventQueue-NodeRegistrationContainerReportForContainerSafeModeRule" daemon prio=5 tid=1214 in Object.wait()
java.lang.Thread.State: WAITING (on object monitor)
        at sun.misc.Unsafe.park(Native Method)
        at java.util.concurrent.locks.LockSupport.park(LockSupport.java:175)
        at java.util.concurrent.locks.AbstractQueuedSynchronizer$ConditionObject.await(AbstractQueuedSynchronizer.java:2039)
        at java.util.concurrent.LinkedBlockingQueue.take(LinkedBlockingQueue.java:442)
        at java.util.concurrent.ThreadPoolExecutor.getTask(ThreadPoolExecutor.java:1074)
        at java.util.concurrent.ThreadPoolExecutor.runWorker(ThreadPoolExecutor.java:1134)
        at java.util.concurrent.ThreadPoolExecutor$Worker.run(ThreadPoolExecutor.java:624)
        at java.lang.Thread.run(Thread.java:750)
"SCM Heartbeat Processing Thread - 0" daemon prio=5 tid=823 timed_waiting
java.lang.Thread.State: TIMED_WAITING
        at sun.misc.Unsafe.park(Native Method)
        at java.util.concurrent.locks.LockSupport.parkNanos(LockSupport.java:215)
        at java.util.concurrent.locks.AbstractQueuedSynchronizer$ConditionObject.awaitNanos(AbstractQueuedSynchronizer.java:2078)
        at java.util.concurrent.ScheduledThreadPoolExecutor$DelayedWorkQueue.take(ScheduledThreadPoolExecutor.java:1093)
        at java.util.concurrent.ScheduledThreadPoolExecutor$DelayedWorkQueue.take(ScheduledThreadPoolExecutor.java:809)
        at java.util.concurrent.ThreadPoolExecutor.getTask(ThreadPoolExecutor.java:1074)
        at java.util.concurrent.ThreadPoolExecutor.runWorker(ThreadPoolExecutor.java:1134)
        at java.util.concurrent.ThreadPoolExecutor$Worker.run(ThreadPoolExecutor.java:624)
        at java.lang.Thread.run(Thread.java:750)
"IPC Server handler 17 on default port 15055" daemon prio=5 tid=915 timed_waiting
java.lang.Thread.State: TIMED_WAITING
        at sun.misc.Unsafe.park(Native Method)
        at java.util.concurrent.locks.LockSupport.parkNanos(LockSupport.java:215)
        at java.util.concurrent.locks.AbstractQueuedSynchronizer$ConditionObject.awaitNanos(AbstractQueuedSynchronizer.java:2078)
        at java.util.concurrent.LinkedBlockingQueue.poll(LinkedBlockingQueue.java:467)
        at org.apache.hadoop.ipc.CallQueueManager.take(CallQueueManager.java:317)
        at org.apache.hadoop.ipc.Server$Handler.run(Server.java:3014)
"Datanode State Machine Task Thread - 1"  prio=5 tid=1188 in Object.wait()
java.lang.Thread.State: WAITING (on object monitor)
        at sun.misc.Unsafe.park(Native Method)
        at java.util.concurrent.locks.LockSupport.park(LockSupport.java:175)
        at java.util.concurrent.locks.AbstractQueuedSynchronizer$ConditionObject.await(AbstractQueuedSynchronizer.java:2039)
        at java.util.concurrent.LinkedBlockingQueue.take(LinkedBlockingQueue.java:442)
        at java.util.concurrent.ThreadPoolExecutor.getTask(ThreadPoolExecutor.java:1074)
        at java.util.concurrent.ThreadPoolExecutor.runWorker(ThreadPoolExecutor.java:1134)
        at java.util.concurrent.ThreadPoolExecutor$Worker.run(ThreadPoolExecutor.java:624)
        at java.lang.Thread.run(Thread.java:750)
"aa000335-494a-4091-9473-11fe5522d401-NettyServerStreamRpc-bossGroup--thread1" daemon prio=5 tid=1091 runnable
java.lang.Thread.State: RUNNABLE
        at sun.nio.ch.EPollArrayWrapper.epollWait(Native Method)
        at sun.nio.ch.EPollArrayWrapper.poll(EPollArrayWrapper.java:269)
        at sun.nio.ch.EPollSelectorImpl.doSelect(EPollSelectorImpl.java:93)
        at sun.nio.ch.SelectorImpl.lockAndDoSelect(SelectorImpl.java:86)
        at sun.nio.ch.SelectorImpl.select(SelectorImpl.java:97)
        at sun.nio.ch.SelectorImpl.select(SelectorImpl.java:101)
        at org.apache.ratis.thirdparty.io.netty.channel.nio.SelectedSelectionKeySetSelector.select(SelectedSelectionKeySetSelector.java:68)
        at org.apache.ratis.thirdparty.io.netty.channel.nio.NioEventLoop.select(NioEventLoop.java:879)
        at org.apache.ratis.thirdparty.io.netty.channel.nio.NioEventLoop.run(NioEventLoop.java:526)
        at org.apache.ratis.thirdparty.io.netty.util.concurrent.SingleThreadEventExecutor$4.run(SingleThreadEventExecutor.java:997)
        at org.apache.ratis.thirdparty.io.netty.util.internal.ThreadExecutorMap$2.run(ThreadExecutorMap.java:74)
        at java.lang.Thread.run(Thread.java:750)
"qtp927182113-1000" daemon prio=5 tid=1000 timed_waiting
java.lang.Thread.State: TIMED_WAITING
        at sun.misc.Unsafe.park(Native Method)
        at java.util.concurrent.locks.LockSupport.parkNanos(LockSupport.java:215)
        at java.util.concurrent.locks.AbstractQueuedSynchronizer$ConditionObject.awaitNanos(AbstractQueuedSynchronizer.java:2078)
        at org.eclipse.jetty.util.BlockingArrayQueue.poll(BlockingArrayQueue.java:382)
        at org.eclipse.jetty.util.thread.QueuedThreadPool$Runner.idleJobPoll(QueuedThreadPool.java:974)
        at org.eclipse.jetty.util.thread.QueuedThreadPool$Runner.run(QueuedThreadPool.java:1018)
        at java.lang.Thread.run(Thread.java:750)
"EventQueue-NewNodeForNewNodeHandler" daemon prio=5 tid=1212 in Object.wait()
java.lang.Thread.State: WAITING (on object monitor)
        at sun.misc.Unsafe.park(Native Method)
        at java.util.concurrent.locks.LockSupport.park(LockSupport.java:175)
        at java.util.concurrent.locks.AbstractQueuedSynchronizer$ConditionObject.await(AbstractQueuedSynchronizer.java:2039)
        at java.util.concurrent.LinkedBlockingQueue.take(LinkedBlockingQueue.java:442)
        at java.util.concurrent.ThreadPoolExecutor.getTask(ThreadPoolExecutor.java:1074)
        at java.util.concurrent.ThreadPoolExecutor.runWorker(ThreadPoolExecutor.java:1134)
        at java.util.concurrent.ThreadPoolExecutor$Worker.run(ThreadPoolExecutor.java:624)
        at java.lang.Thread.run(Thread.java:750)
"Datanode ReportManager Thread - 2" daemon prio=5 tid=1145 timed_waiting
java.lang.Thread.State: TIMED_WAITING
        at sun.misc.Unsafe.park(Native Method)
        at java.util.concurrent.locks.LockSupport.parkNanos(LockSupport.java:215)
        at java.util.concurrent.locks.AbstractQueuedSynchronizer$ConditionObject.awaitNanos(AbstractQueuedSynchronizer.java:2078)
        at java.util.concurrent.ScheduledThreadPoolExecutor$DelayedWorkQueue.take(ScheduledThreadPoolExecutor.java:1093)
        at java.util.concurrent.ScheduledThreadPoolExecutor$DelayedWorkQueue.take(ScheduledThreadPoolExecutor.java:809)
        at java.util.concurrent.ThreadPoolExecutor.getTask(ThreadPoolExecutor.java:1074)
        at java.util.concurrent.ThreadPoolExecutor.runWorker(ThreadPoolExecutor.java:1134)
        at java.util.concurrent.ThreadPoolExecutor$Worker.run(ThreadPoolExecutor.java:624)
        at java.lang.Thread.run(Thread.java:750)
"IPC Server handler 4 on default port 15057" daemon prio=5 tid=972 timed_waiting
java.lang.Thread.State: TIMED_WAITING
        at sun.misc.Unsafe.park(Native Method)
        at java.util.concurrent.locks.LockSupport.parkNanos(LockSupport.java:215)
        at java.util.concurrent.locks.AbstractQueuedSynchronizer$ConditionObject.awaitNanos(AbstractQueuedSynchronizer.java:2078)
        at java.util.concurrent.LinkedBlockingQueue.poll(LinkedBlockingQueue.java:467)
        at org.apache.hadoop.ipc.CallQueueManager.take(CallQueueManager.java:317)
        at org.apache.hadoop.ipc.Server$Handler.run(Server.java:3014)
"Socket Reader #1 for port 15063" daemon prio=5 tid=1007 runnable
java.lang.Thread.State: RUNNABLE
        at sun.nio.ch.EPollArrayWrapper.epollWait(Native Method)
        at sun.nio.ch.EPollArrayWrapper.poll(EPollArrayWrapper.java:269)
        at sun.nio.ch.EPollSelectorImpl.doSelect(EPollSelectorImpl.java:93)
        at sun.nio.ch.SelectorImpl.lockAndDoSelect(SelectorImpl.java:86)
        at sun.nio.ch.SelectorImpl.select(SelectorImpl.java:97)
        at sun.nio.ch.SelectorImpl.select(SelectorImpl.java:101)
        at org.apache.hadoop.ipc.Server$Listener$Reader.doRunLoop(Server.java:1346)
        at org.apache.hadoop.ipc.Server$Listener$Reader.run(Server.java:1325)
"IPC Server handler 14 on default port 15053" daemon prio=5 tid=872 timed_waiting
java.lang.Thread.State: TIMED_WAITING
        at sun.misc.Unsafe.park(Native Method)
        at java.util.concurrent.locks.LockSupport.parkNanos(LockSupport.java:215)
        at java.util.concurrent.locks.AbstractQueuedSynchronizer$ConditionObject.awaitNanos(AbstractQueuedSynchronizer.java:2078)
        at java.util.concurrent.LinkedBlockingQueue.poll(LinkedBlockingQueue.java:467)
        at org.apache.hadoop.ipc.CallQueueManager.take(CallQueueManager.java:317)
        at org.apache.hadoop.ipc.Server$Handler.run(Server.java:3014)
"qtp1738073700-1067" daemon prio=5 tid=1067 timed_waiting
java.lang.Thread.State: TIMED_WAITING
        at sun.misc.Unsafe.park(Native Method)
        at java.util.concurrent.locks.LockSupport.parkNanos(LockSupport.java:215)
        at java.util.concurrent.locks.AbstractQueuedSynchronizer$ConditionObject.awaitNanos(AbstractQueuedSynchronizer.java:2078)
        at org.eclipse.jetty.util.BlockingArrayQueue.poll(BlockingArrayQueue.java:382)
        at org.eclipse.jetty.util.thread.QueuedThreadPool$Runner.idleJobPoll(QueuedThreadPool.java:974)
        at org.eclipse.jetty.util.thread.QueuedThreadPool$Runner.run(QueuedThreadPool.java:1018)
        at java.lang.Thread.run(Thread.java:750)
"IPC Server Responder" daemon prio=5 tid=1139 runnable
java.lang.Thread.State: RUNNABLE
        at sun.nio.ch.EPollArrayWrapper.epollWait(Native Method)
        at sun.nio.ch.EPollArrayWrapper.poll(EPollArrayWrapper.java:269)
        at sun.nio.ch.EPollSelectorImpl.doSelect(EPollSelectorImpl.java:93)
        at sun.nio.ch.SelectorImpl.lockAndDoSelect(SelectorImpl.java:86)
        at sun.nio.ch.SelectorImpl.select(SelectorImpl.java:97)
        at org.apache.hadoop.ipc.Server$Responder.doRunLoop(Server.java:1582)
        at org.apache.hadoop.ipc.Server$Responder.run(Server.java:1565)
"IPC Server handler 16 on default port 15054" daemon prio=5 tid=894 timed_waiting
java.lang.Thread.State: TIMED_WAITING
        at sun.misc.Unsafe.park(Native Method)
        at java.util.concurrent.locks.LockSupport.parkNanos(LockSupport.java:215)
        at java.util.concurrent.locks.AbstractQueuedSynchronizer$ConditionObject.awaitNanos(AbstractQueuedSynchronizer.java:2078)
        at java.util.concurrent.LinkedBlockingQueue.poll(LinkedBlockingQueue.java:467)
        at org.apache.hadoop.ipc.CallQueueManager.take(CallQueueManager.java:317)
        at org.apache.hadoop.ipc.Server$Handler.run(Server.java:3014)
"IPC Server handler 12 on default port 15055" daemon prio=5 tid=910 timed_waiting
java.lang.Thread.State: TIMED_WAITING
        at sun.misc.Unsafe.park(Native Method)
        at java.util.concurrent.locks.LockSupport.parkNanos(LockSupport.java:215)
        at java.util.concurrent.locks.AbstractQueuedSynchronizer$ConditionObject.awaitNanos(AbstractQueuedSynchronizer.java:2078)
        at java.util.concurrent.LinkedBlockingQueue.poll(LinkedBlockingQueue.java:467)
        at org.apache.hadoop.ipc.CallQueueManager.take(CallQueueManager.java:317)
        at org.apache.hadoop.ipc.Server$Handler.run(Server.java:3014)
"Datanode ReportManager Thread - 3" daemon prio=5 tid=1016 in Object.wait()
java.lang.Thread.State: WAITING (on object monitor)
        at sun.misc.Unsafe.park(Native Method)
        at java.util.concurrent.locks.LockSupport.park(LockSupport.java:175)
        at java.util.concurrent.locks.AbstractQueuedSynchronizer$ConditionObject.await(AbstractQueuedSynchronizer.java:2039)
        at java.util.concurrent.ScheduledThreadPoolExecutor$DelayedWorkQueue.take(ScheduledThreadPoolExecutor.java:1088)
        at java.util.concurrent.ScheduledThreadPoolExecutor$DelayedWorkQueue.take(ScheduledThreadPoolExecutor.java:809)
        at java.util.concurrent.ThreadPoolExecutor.getTask(ThreadPoolExecutor.java:1074)
        at java.util.concurrent.ThreadPoolExecutor.runWorker(ThreadPoolExecutor.java:1134)
        at java.util.concurrent.ThreadPoolExecutor$Worker.run(ThreadPoolExecutor.java:624)
        at java.lang.Thread.run(Thread.java:750)
"Command processor thread" daemon prio=5 tid=1116 timed_waiting
java.lang.Thread.State: TIMED_WAITING
        at java.lang.Thread.sleep(Native Method)
        at org.apache.hadoop.ozone.container.common.statemachine.DatanodeStateMachine.lambda$initCommandHandlerThread$3(DatanodeStateMachine.java:659)
        at org.apache.hadoop.ozone.container.common.statemachine.DatanodeStateMachine$$Lambda$894/117097497.run(Unknown Source)
        at java.lang.Thread.run(Thread.java:750)
"Session-HouseKeeper-4ca13689-1"  prio=5 tid=1135 timed_waiting
java.lang.Thread.State: TIMED_WAITING
        at sun.misc.Unsafe.park(Native Method)
        at java.util.concurrent.locks.LockSupport.parkNanos(LockSupport.java:215)
        at java.util.concurrent.locks.AbstractQueuedSynchronizer$ConditionObject.awaitNanos(AbstractQueuedSynchronizer.java:2078)
        at java.util.concurrent.ScheduledThreadPoolExecutor$DelayedWorkQueue.take(ScheduledThreadPoolExecutor.java:1093)
        at java.util.concurrent.ScheduledThreadPoolExecutor$DelayedWorkQueue.take(ScheduledThreadPoolExecutor.java:809)
        at java.util.concurrent.ThreadPoolExecutor.getTask(ThreadPoolExecutor.java:1074)
        at java.util.concurrent.ThreadPoolExecutor.runWorker(ThreadPoolExecutor.java:1134)
        at java.util.concurrent.ThreadPoolExecutor$Worker.run(ThreadPoolExecutor.java:624)
        at java.lang.Thread.run(Thread.java:750)
"qtp754798603-1098" daemon prio=5 tid=1098 timed_waiting
java.lang.Thread.State: TIMED_WAITING
        at sun.misc.Unsafe.park(Native Method)
        at java.util.concurrent.locks.LockSupport.parkNanos(LockSupport.java:215)
        at java.util.concurrent.locks.AbstractQueuedSynchronizer$ConditionObject.awaitNanos(AbstractQueuedSynchronizer.java:2078)
        at org.eclipse.jetty.util.BlockingArrayQueue.poll(BlockingArrayQueue.java:382)
        at org.eclipse.jetty.util.thread.QueuedThreadPool$Runner.idleJobPoll(QueuedThreadPool.java:974)
        at org.eclipse.jetty.util.thread.QueuedThreadPool$Runner.run(QueuedThreadPool.java:1018)
        at java.lang.Thread.run(Thread.java:750)
"107862d4-58d6-4e98-9eb6-252f61002a57@group-1DA5191E984E-SegmentedRaftLogWorker"  prio=5 tid=1280 timed_waiting
java.lang.Thread.State: TIMED_WAITING
        at sun.misc.Unsafe.park(Native Method)
        at java.util.concurrent.locks.LockSupport.parkNanos(LockSupport.java:215)
        at java.util.concurrent.locks.AbstractQueuedSynchronizer$ConditionObject.awaitNanos(AbstractQueuedSynchronizer.java:2078)
        at org.apache.ratis.util.DataBlockingQueue.poll(DataBlockingQueue.java:148)
        at org.apache.ratis.server.raftlog.segmented.SegmentedRaftLogWorker.run(SegmentedRaftLogWorker.java:307)
        at org.apache.ratis.server.raftlog.segmented.SegmentedRaftLogWorker$$Lambda$747/258907944.run(Unknown Source)
        at java.util.concurrent.Executors$RunnableAdapter.call(Executors.java:511)
        at java.util.concurrent.FutureTask.run(FutureTask.java:266)
        at java.util.concurrent.ThreadPoolExecutor.runWorker(ThreadPoolExecutor.java:1149)
        at java.util.concurrent.ThreadPoolExecutor$Worker.run(ThreadPoolExecutor.java:624)
        at java.lang.Thread.run(Thread.java:750)
"Hadoop-Metrics-Updater-0" daemon prio=5 tid=1010 timed_waiting
java.lang.Thread.State: TIMED_WAITING
        at sun.misc.Unsafe.park(Native Method)
        at java.util.concurrent.locks.LockSupport.parkNanos(LockSupport.java:215)
        at java.util.concurrent.locks.AbstractQueuedSynchronizer$ConditionObject.awaitNanos(AbstractQueuedSynchronizer.java:2078)
        at java.util.concurrent.ScheduledThreadPoolExecutor$DelayedWorkQueue.take(ScheduledThreadPoolExecutor.java:1093)
        at java.util.concurrent.ScheduledThreadPoolExecutor$DelayedWorkQueue.take(ScheduledThreadPoolExecutor.java:809)
        at java.util.concurrent.ThreadPoolExecutor.getTask(ThreadPoolExecutor.java:1074)
        at java.util.concurrent.ThreadPoolExecutor.runWorker(ThreadPoolExecutor.java:1134)
        at java.util.concurrent.ThreadPoolExecutor$Worker.run(ThreadPoolExecutor.java:624)
        at java.lang.Thread.run(Thread.java:750)
"Socket Reader #1 for port 15099" daemon prio=5 tid=1137 runnable
java.lang.Thread.State: RUNNABLE
        at sun.nio.ch.EPollArrayWrapper.epollWait(Native Method)
        at sun.nio.ch.EPollArrayWrapper.poll(EPollArrayWrapper.java:269)
        at sun.nio.ch.EPollSelectorImpl.doSelect(EPollSelectorImpl.java:93)
        at sun.nio.ch.SelectorImpl.lockAndDoSelect(SelectorImpl.java:86)
        at sun.nio.ch.SelectorImpl.select(SelectorImpl.java:97)
        at sun.nio.ch.SelectorImpl.select(SelectorImpl.java:101)
        at org.apache.hadoop.ipc.Server$Listener$Reader.doRunLoop(Server.java:1346)
        at org.apache.hadoop.ipc.Server$Listener$Reader.run(Server.java:1325)
"IPC Server handler 18 on default port 15053" daemon prio=5 tid=876 timed_waiting
java.lang.Thread.State: TIMED_WAITING
        at sun.misc.Unsafe.park(Native Method)
        at java.util.concurrent.locks.LockSupport.parkNanos(LockSupport.java:215)
        at java.util.concurrent.locks.AbstractQueuedSynchronizer$ConditionObject.awaitNanos(AbstractQueuedSynchronizer.java:2078)
        at java.util.concurrent.LinkedBlockingQueue.poll(LinkedBlockingQueue.java:467)
        at org.apache.hadoop.ipc.CallQueueManager.take(CallQueueManager.java:317)
        at org.apache.hadoop.ipc.Server$Handler.run(Server.java:3014)
"BackgroundPipelineScrubberThread" daemon prio=5 tid=825 timed_waiting
java.lang.Thread.State: TIMED_WAITING
        at java.lang.Object.wait(Native Method)
        at org.apache.hadoop.hdds.scm.ha.BackgroundSCMService.run(BackgroundSCMService.java:110)
        at org.apache.hadoop.hdds.scm.ha.BackgroundSCMService$$Lambda$370/1104639374.run(Unknown Source)
        at java.lang.Thread.run(Thread.java:750)
"om1-groupManagement" daemon prio=5 tid=939 in Object.wait()
java.lang.Thread.State: WAITING (on object monitor)
        at sun.misc.Unsafe.park(Native Method)
        at java.util.concurrent.locks.LockSupport.park(LockSupport.java:175)
        at java.util.concurrent.locks.AbstractQueuedSynchronizer$ConditionObject.await(AbstractQueuedSynchronizer.java:2039)
        at java.util.concurrent.LinkedBlockingQueue.take(LinkedBlockingQueue.java:442)
        at java.util.concurrent.ThreadPoolExecutor.getTask(ThreadPoolExecutor.java:1074)
        at java.util.concurrent.ThreadPoolExecutor.runWorker(ThreadPoolExecutor.java:1134)
        at java.util.concurrent.ThreadPoolExecutor$Worker.run(ThreadPoolExecutor.java:624)
        at java.lang.Thread.run(Thread.java:750)
"IPC Server Responder" daemon prio=5 tid=1073 runnable
java.lang.Thread.State: RUNNABLE
        at sun.nio.ch.EPollArrayWrapper.epollWait(Native Method)
        at sun.nio.ch.EPollArrayWrapper.poll(EPollArrayWrapper.java:269)
        at sun.nio.ch.EPollSelectorImpl.doSelect(EPollSelectorImpl.java:93)
        at sun.nio.ch.SelectorImpl.lockAndDoSelect(SelectorImpl.java:86)
        at sun.nio.ch.SelectorImpl.select(SelectorImpl.java:97)
        at org.apache.hadoop.ipc.Server$Responder.doRunLoop(Server.java:1582)
        at org.apache.hadoop.ipc.Server$Responder.run(Server.java:1565)
"IPC Server handler 14 on default port 15057" daemon prio=5 tid=982 timed_waiting
java.lang.Thread.State: TIMED_WAITING
        at sun.misc.Unsafe.park(Native Method)
        at java.util.concurrent.locks.LockSupport.parkNanos(LockSupport.java:215)
        at java.util.concurrent.locks.AbstractQueuedSynchronizer$ConditionObject.awaitNanos(AbstractQueuedSynchronizer.java:2078)
        at java.util.concurrent.LinkedBlockingQueue.poll(LinkedBlockingQueue.java:467)
        at org.apache.hadoop.ipc.CallQueueManager.take(CallQueueManager.java:317)
        at org.apache.hadoop.ipc.Server$Handler.run(Server.java:3014)
"IPC Server handler 10 on default port 15054" daemon prio=5 tid=888 timed_waiting
java.lang.Thread.State: TIMED_WAITING
        at sun.misc.Unsafe.park(Native Method)
        at java.util.concurrent.locks.LockSupport.parkNanos(LockSupport.java:215)
        at java.util.concurrent.locks.AbstractQueuedSynchronizer$ConditionObject.awaitNanos(AbstractQueuedSynchronizer.java:2078)
        at java.util.concurrent.LinkedBlockingQueue.poll(LinkedBlockingQueue.java:467)
        at org.apache.hadoop.ipc.CallQueueManager.take(CallQueueManager.java:317)
        at org.apache.hadoop.ipc.Server$Handler.run(Server.java:3014)
"IPC Server listener on 15063" daemon prio=5 tid=1006 runnable
java.lang.Thread.State: RUNNABLE
        at sun.nio.ch.EPollArrayWrapper.epollWait(Native Method)
        at sun.nio.ch.EPollArrayWrapper.poll(EPollArrayWrapper.java:269)
        at sun.nio.ch.EPollSelectorImpl.doSelect(EPollSelectorImpl.java:93)
        at sun.nio.ch.SelectorImpl.lockAndDoSelect(SelectorImpl.java:86)
        at sun.nio.ch.SelectorImpl.select(SelectorImpl.java:97)
        at sun.nio.ch.SelectorImpl.select(SelectorImpl.java:101)
        at org.apache.hadoop.ipc.Server$Listener.run(Server.java:1408)
"IPC Server idle connection scanner for port 15081" daemon prio=5 tid=1072 timed_waiting
java.lang.Thread.State: TIMED_WAITING
        at java.lang.Object.wait(Native Method)
        at java.util.TimerThread.mainLoop(Timer.java:552)
        at java.util.TimerThread.run(Timer.java:505)
"Socket Reader #1 for port 15055" daemon prio=5 tid=832 runnable
java.lang.Thread.State: RUNNABLE
        at sun.nio.ch.EPollArrayWrapper.epollWait(Native Method)
        at sun.nio.ch.EPollArrayWrapper.poll(EPollArrayWrapper.java:269)
        at sun.nio.ch.EPollSelectorImpl.doSelect(EPollSelectorImpl.java:93)
        at sun.nio.ch.SelectorImpl.lockAndDoSelect(SelectorImpl.java:86)
        at sun.nio.ch.SelectorImpl.select(SelectorImpl.java:97)
        at sun.nio.ch.SelectorImpl.select(SelectorImpl.java:101)
        at org.apache.hadoop.ipc.Server$Listener$Reader.doRunLoop(Server.java:1346)
        at org.apache.hadoop.ipc.Server$Listener$Reader.run(Server.java:1325)
"IPC Server handler 0 on default port 15063" daemon prio=5 tid=1011 timed_waiting
java.lang.Thread.State: TIMED_WAITING
        at sun.misc.Unsafe.park(Native Method)
        at java.util.concurrent.locks.LockSupport.parkNanos(LockSupport.java:215)
        at java.util.concurrent.locks.AbstractQueuedSynchronizer$ConditionObject.awaitNanos(AbstractQueuedSynchronizer.java:2078)
        at java.util.concurrent.LinkedBlockingQueue.poll(LinkedBlockingQueue.java:467)
        at org.apache.hadoop.ipc.CallQueueManager.take(CallQueueManager.java:317)
        at org.apache.hadoop.ipc.Server$Handler.run(Server.java:3014)
"IPC Server handler 14 on default port 15054" daemon prio=5 tid=892 timed_waiting
java.lang.Thread.State: TIMED_WAITING
        at sun.misc.Unsafe.park(Native Method)
        at java.util.concurrent.locks.LockSupport.parkNanos(LockSupport.java:215)
        at java.util.concurrent.locks.AbstractQueuedSynchronizer$ConditionObject.awaitNanos(AbstractQueuedSynchronizer.java:2078)
        at java.util.concurrent.LinkedBlockingQueue.poll(LinkedBlockingQueue.java:467)
        at org.apache.hadoop.ipc.CallQueueManager.take(CallQueueManager.java:317)
        at org.apache.hadoop.ipc.Server$Handler.run(Server.java:3014)
"timer7" daemon prio=5 tid=548 timed_waiting
java.lang.Thread.State: TIMED_WAITING
        at java.lang.Object.wait(Native Method)
        at java.util.TimerThread.mainLoop(Timer.java:552)
        at java.util.TimerThread.run(Timer.java:505)
"ChunkReader-ELG-0" daemon prio=5 tid=1195 runnable
java.lang.Thread.State: RUNNABLE
        at org.apache.ratis.thirdparty.io.netty.channel.epoll.Native.epollWait(Native Method)
        at org.apache.ratis.thirdparty.io.netty.channel.epoll.Native.epollWait(Native.java:209)
        at org.apache.ratis.thirdparty.io.netty.channel.epoll.Native.epollWait(Native.java:202)
        at org.apache.ratis.thirdparty.io.netty.channel.epoll.EpollEventLoop.epollWaitNoTimerChange(EpollEventLoop.java:306)
        at org.apache.ratis.thirdparty.io.netty.channel.epoll.EpollEventLoop.run(EpollEventLoop.java:363)
        at org.apache.ratis.thirdparty.io.netty.util.concurrent.SingleThreadEventExecutor$4.run(SingleThreadEventExecutor.java:997)
        at org.apache.ratis.thirdparty.io.netty.util.internal.ThreadExecutorMap$2.run(ThreadExecutorMap.java:74)
        at java.lang.Thread.run(Thread.java:750)
"PartialTableCache Cleanup Thread - 0" daemon prio=5 tid=1341 in Object.wait()
java.lang.Thread.State: WAITING (on object monitor)
        at sun.misc.Unsafe.park(Native Method)
        at java.util.concurrent.locks.LockSupport.park(LockSupport.java:175)
        at java.util.concurrent.locks.AbstractQueuedSynchronizer$ConditionObject.await(AbstractQueuedSynchronizer.java:2039)
        at java.util.concurrent.LinkedBlockingQueue.take(LinkedBlockingQueue.java:442)
        at java.util.concurrent.ThreadPoolExecutor.getTask(ThreadPoolExecutor.java:1074)
        at java.util.concurrent.ThreadPoolExecutor.runWorker(ThreadPoolExecutor.java:1134)
        at java.util.concurrent.ThreadPoolExecutor$Worker.run(ThreadPoolExecutor.java:624)
        at java.lang.Thread.run(Thread.java:750)
"IPC Server handler 5 on default port 15055" daemon prio=5 tid=903 timed_waiting
java.lang.Thread.State: TIMED_WAITING
        at sun.misc.Unsafe.park(Native Method)
        at java.util.concurrent.locks.LockSupport.parkNanos(LockSupport.java:215)
        at java.util.concurrent.locks.AbstractQueuedSynchronizer$ConditionObject.awaitNanos(AbstractQueuedSynchronizer.java:2078)
        at java.util.concurrent.LinkedBlockingQueue.poll(LinkedBlockingQueue.java:467)
        at org.apache.hadoop.ipc.CallQueueManager.take(CallQueueManager.java:317)
        at org.apache.hadoop.ipc.Server$Handler.run(Server.java:3014)
"IPC Server handler 4 on default port 15053" daemon prio=5 tid=862 timed_waiting
java.lang.Thread.State: TIMED_WAITING
        at sun.misc.Unsafe.park(Native Method)
        at java.util.concurrent.locks.LockSupport.parkNanos(LockSupport.java:215)
        at java.util.concurrent.locks.AbstractQueuedSynchronizer$ConditionObject.awaitNanos(AbstractQueuedSynchronizer.java:2078)
        at java.util.concurrent.LinkedBlockingQueue.poll(LinkedBlockingQueue.java:467)
        at org.apache.hadoop.ipc.CallQueueManager.take(CallQueueManager.java:317)
        at org.apache.hadoop.ipc.Server$Handler.run(Server.java:3014)
"qtp1738073700-1064" daemon prio=5 tid=1064 timed_waiting
java.lang.Thread.State: TIMED_WAITING
        at sun.misc.Unsafe.park(Native Method)
        at java.util.concurrent.locks.LockSupport.parkNanos(LockSupport.java:215)
        at java.util.concurrent.locks.AbstractQueuedSynchronizer$ConditionObject.awaitNanos(AbstractQueuedSynchronizer.java:2078)
        at org.eclipse.jetty.util.BlockingArrayQueue.poll(BlockingArrayQueue.java:382)
        at org.eclipse.jetty.util.thread.QueuedThreadPool$Runner.idleJobPoll(QueuedThreadPool.java:974)
        at org.eclipse.jetty.util.thread.QueuedThreadPool$Runner.run(QueuedThreadPool.java:1018)
        at java.lang.Thread.run(Thread.java:750)
"Under Replicated Processor" daemon prio=5 tid=828 timed_waiting
java.lang.Thread.State: TIMED_WAITING
        at java.lang.Object.wait(Native Method)
        at org.apache.hadoop.hdds.scm.container.replication.UnhealthyReplicationProcessor.run(UnhealthyReplicationProcessor.java:174)
        at java.lang.Thread.run(Thread.java:750)
"aa000335-494a-4091-9473-11fe5522d401-groupManagement"  prio=5 tid=1274 in Object.wait()
java.lang.Thread.State: WAITING (on object monitor)
        at sun.misc.Unsafe.park(Native Method)
        at java.util.concurrent.locks.LockSupport.park(LockSupport.java:175)
        at java.util.concurrent.locks.AbstractQueuedSynchronizer$ConditionObject.await(AbstractQueuedSynchronizer.java:2039)
        at java.util.concurrent.LinkedBlockingQueue.take(LinkedBlockingQueue.java:442)
        at java.util.concurrent.ThreadPoolExecutor.getTask(ThreadPoolExecutor.java:1074)
        at java.util.concurrent.ThreadPoolExecutor.runWorker(ThreadPoolExecutor.java:1134)
        at java.util.concurrent.ThreadPoolExecutor$Worker.run(ThreadPoolExecutor.java:624)
        at java.lang.Thread.run(Thread.java:750)
"IPC Server handler 3 on default port 15053" daemon prio=5 tid=861 timed_waiting
java.lang.Thread.State: TIMED_WAITING
        at sun.misc.Unsafe.park(Native Method)
        at java.util.concurrent.locks.LockSupport.parkNanos(LockSupport.java:215)
        at java.util.concurrent.locks.AbstractQueuedSynchronizer$ConditionObject.awaitNanos(AbstractQueuedSynchronizer.java:2078)
        at java.util.concurrent.LinkedBlockingQueue.poll(LinkedBlockingQueue.java:467)
        at org.apache.hadoop.ipc.CallQueueManager.take(CallQueueManager.java:317)
        at org.apache.hadoop.ipc.Server$Handler.run(Server.java:3014)
"IPC Server handler 10 on default port 15057" daemon prio=5 tid=978 timed_waiting
java.lang.Thread.State: TIMED_WAITING
        at sun.misc.Unsafe.park(Native Method)
        at java.util.concurrent.locks.LockSupport.parkNanos(LockSupport.java:215)
        at java.util.concurrent.locks.AbstractQueuedSynchronizer$ConditionObject.awaitNanos(AbstractQueuedSynchronizer.java:2078)
        at java.util.concurrent.LinkedBlockingQueue.poll(LinkedBlockingQueue.java:467)
        at org.apache.hadoop.ipc.CallQueueManager.take(CallQueueManager.java:317)
        at org.apache.hadoop.ipc.Server$Handler.run(Server.java:3014)
"ExpiredContainerReplicaOpScrubberThread" daemon prio=5 tid=826 timed_waiting
java.lang.Thread.State: TIMED_WAITING
        at java.lang.Object.wait(Native Method)
        at org.apache.hadoop.hdds.scm.ha.BackgroundSCMService.run(BackgroundSCMService.java:110)
        at org.apache.hadoop.hdds.scm.ha.BackgroundSCMService$$Lambda$370/1104639374.run(Unknown Source)
        at java.lang.Thread.run(Thread.java:750)
"StaleRecoveringContainerScrubbingService#1" daemon prio=5 tid=1186 in Object.wait()
java.lang.Thread.State: WAITING (on object monitor)
        at sun.misc.Unsafe.park(Native Method)
        at java.util.concurrent.locks.LockSupport.park(LockSupport.java:175)
        at java.util.concurrent.locks.AbstractQueuedSynchronizer$ConditionObject.await(AbstractQueuedSynchronizer.java:2039)
        at java.util.concurrent.ScheduledThreadPoolExecutor$DelayedWorkQueue.take(ScheduledThreadPoolExecutor.java:1088)
        at java.util.concurrent.ScheduledThreadPoolExecutor$DelayedWorkQueue.take(ScheduledThreadPoolExecutor.java:809)
        at java.util.concurrent.ThreadPoolExecutor.getTask(ThreadPoolExecutor.java:1074)
        at java.util.concurrent.ThreadPoolExecutor.runWorker(ThreadPoolExecutor.java:1134)
        at java.util.concurrent.ThreadPoolExecutor$Worker.run(ThreadPoolExecutor.java:624)
        at java.lang.Thread.run(Thread.java:750)
"qtp181659897-1130" daemon prio=5 tid=1130 timed_waiting
java.lang.Thread.State: TIMED_WAITING
        at sun.misc.Unsafe.park(Native Method)
        at java.util.concurrent.locks.LockSupport.parkNanos(LockSupport.java:215)
        at java.util.concurrent.locks.AbstractQueuedSynchronizer$ConditionObject.awaitNanos(AbstractQueuedSynchronizer.java:2078)
        at org.eclipse.jetty.util.BlockingArrayQueue.poll(BlockingArrayQueue.java:382)
        at org.eclipse.jetty.util.thread.QueuedThreadPool$Runner.idleJobPoll(QueuedThreadPool.java:974)
        at org.eclipse.jetty.util.thread.QueuedThreadPool$Runner.run(QueuedThreadPool.java:1018)
        at java.lang.Thread.run(Thread.java:750)
"qtp754798603-1100" daemon prio=5 tid=1100 timed_waiting
java.lang.Thread.State: TIMED_WAITING
        at sun.misc.Unsafe.park(Native Method)
        at java.util.concurrent.locks.LockSupport.parkNanos(LockSupport.java:215)
        at java.util.concurrent.locks.AbstractQueuedSynchronizer$ConditionObject.awaitNanos(AbstractQueuedSynchronizer.java:2078)
        at org.eclipse.jetty.util.BlockingArrayQueue.poll(BlockingArrayQueue.java:382)
        at org.eclipse.jetty.util.thread.QueuedThreadPool$Runner.idleJobPoll(QueuedThreadPool.java:974)
        at org.eclipse.jetty.util.thread.QueuedThreadPool$Runner.run(QueuedThreadPool.java:1018)
        at java.lang.Thread.run(Thread.java:750)
"qtp1738073700-1063" daemon prio=5 tid=1063 timed_waiting
java.lang.Thread.State: TIMED_WAITING
        at sun.misc.Unsafe.park(Native Method)
        at java.util.concurrent.locks.LockSupport.parkNanos(LockSupport.java:215)
        at java.util.concurrent.locks.AbstractQueuedSynchronizer$ConditionObject.awaitNanos(AbstractQueuedSynchronizer.java:2078)
        at org.eclipse.jetty.util.BlockingArrayQueue.poll(BlockingArrayQueue.java:382)
        at org.eclipse.jetty.util.thread.QueuedThreadPool$Runner.idleJobPoll(QueuedThreadPool.java:974)
        at org.eclipse.jetty.util.thread.QueuedThreadPool$Runner.run(QueuedThreadPool.java:1018)
        at java.lang.Thread.run(Thread.java:750)
"FixedThreadPoolWithAffinityExecutor-3-0" daemon prio=5 tid=849 timed_waiting
java.lang.Thread.State: TIMED_WAITING
        at sun.misc.Unsafe.park(Native Method)
        at java.util.concurrent.locks.LockSupport.parkNanos(LockSupport.java:215)
        at java.util.concurrent.locks.AbstractQueuedSynchronizer$ConditionObject.awaitNanos(AbstractQueuedSynchronizer.java:2078)
        at java.util.concurrent.LinkedBlockingQueue.poll(LinkedBlockingQueue.java:467)
        at org.apache.hadoop.hdds.scm.server.ContainerReportQueue.poll(ContainerReportQueue.java:266)
        at org.apache.hadoop.hdds.scm.server.ContainerReportQueue.poll(ContainerReportQueue.java:42)
        at org.apache.hadoop.hdds.server.events.FixedThreadPoolWithAffinityExecutor$ContainerReportProcessTask.run(FixedThreadPoolWithAffinityExecutor.java:247)
        at java.util.concurrent.Executors$RunnableAdapter.call(Executors.java:511)
        at java.util.concurrent.FutureTask.run(FutureTask.java:266)
        at java.util.concurrent.ThreadPoolExecutor.runWorker(ThreadPoolExecutor.java:1149)
        at java.util.concurrent.ThreadPoolExecutor$Worker.run(ThreadPoolExecutor.java:624)
        at java.lang.Thread.run(Thread.java:750)
"qtp927182113-1002" daemon prio=5 tid=1002 timed_waiting
java.lang.Thread.State: TIMED_WAITING
        at sun.misc.Unsafe.park(Native Method)
        at java.util.concurrent.locks.LockSupport.parkNanos(LockSupport.java:215)
        at java.util.concurrent.locks.AbstractQueuedSynchronizer$ConditionObject.awaitNanos(AbstractQueuedSynchronizer.java:2078)
        at org.eclipse.jetty.util.BlockingArrayQueue.poll(BlockingArrayQueue.java:382)
        at org.eclipse.jetty.util.thread.QueuedThreadPool$Runner.idleJobPoll(QueuedThreadPool.java:974)
        at org.eclipse.jetty.util.thread.QueuedThreadPool$Runner.run(QueuedThreadPool.java:1018)
        at java.lang.Thread.run(Thread.java:750)
"Periodic HDDS volume checker" daemon prio=5 tid=1085 timed_waiting
java.lang.Thread.State: TIMED_WAITING
        at sun.misc.Unsafe.park(Native Method)
        at java.util.concurrent.locks.LockSupport.parkNanos(LockSupport.java:215)
        at java.util.concurrent.locks.AbstractQueuedSynchronizer$ConditionObject.awaitNanos(AbstractQueuedSynchronizer.java:2078)
        at java.util.concurrent.ScheduledThreadPoolExecutor$DelayedWorkQueue.take(ScheduledThreadPoolExecutor.java:1093)
        at java.util.concurrent.ScheduledThreadPoolExecutor$DelayedWorkQueue.take(ScheduledThreadPoolExecutor.java:809)
        at java.util.concurrent.ThreadPoolExecutor.getTask(ThreadPoolExecutor.java:1074)
        at java.util.concurrent.ThreadPoolExecutor.runWorker(ThreadPoolExecutor.java:1134)
        at java.util.concurrent.ThreadPoolExecutor$Worker.run(ThreadPoolExecutor.java:624)
        at java.lang.Thread.run(Thread.java:750)
"IPC Server handler 15 on default port 15054" daemon prio=5 tid=893 timed_waiting
java.lang.Thread.State: TIMED_WAITING
        at sun.misc.Unsafe.park(Native Method)
        at java.util.concurrent.locks.LockSupport.parkNanos(LockSupport.java:215)
        at java.util.concurrent.locks.AbstractQueuedSynchronizer$ConditionObject.awaitNanos(AbstractQueuedSynchronizer.java:2078)
        at java.util.concurrent.LinkedBlockingQueue.poll(LinkedBlockingQueue.java:467)
        at org.apache.hadoop.ipc.CallQueueManager.take(CallQueueManager.java:317)
        at org.apache.hadoop.ipc.Server$Handler.run(Server.java:3014)
"EndpointStateMachine task thread for /0.0.0.0:15055 - 0 "  prio=5 tid=1177 in Object.wait()
java.lang.Thread.State: WAITING (on object monitor)
        at sun.misc.Unsafe.park(Native Method)
        at java.util.concurrent.locks.LockSupport.park(LockSupport.java:175)
        at java.util.concurrent.locks.AbstractQueuedSynchronizer$ConditionObject.await(AbstractQueuedSynchronizer.java:2039)
        at java.util.concurrent.LinkedBlockingQueue.take(LinkedBlockingQueue.java:442)
        at java.util.concurrent.ThreadPoolExecutor.getTask(ThreadPoolExecutor.java:1074)
        at java.util.concurrent.ThreadPoolExecutor.runWorker(ThreadPoolExecutor.java:1134)
        at java.util.concurrent.ThreadPoolExecutor$Worker.run(ThreadPoolExecutor.java:624)
        at java.lang.Thread.run(Thread.java:750)
"IPC Server idle connection scanner for port 15063" daemon prio=5 tid=1008 timed_waiting
java.lang.Thread.State: TIMED_WAITING
        at java.lang.Object.wait(Native Method)
        at java.util.TimerThread.mainLoop(Timer.java:552)
        at java.util.TimerThread.run(Timer.java:505)
"qtp2075917747-929" daemon prio=5 tid=929 timed_waiting
java.lang.Thread.State: TIMED_WAITING
        at sun.misc.Unsafe.park(Native Method)
        at java.util.concurrent.locks.LockSupport.parkNanos(LockSupport.java:215)
        at java.util.concurrent.locks.AbstractQueuedSynchronizer$ConditionObject.awaitNanos(AbstractQueuedSynchronizer.java:2078)
        at org.eclipse.jetty.util.BlockingArrayQueue.poll(BlockingArrayQueue.java:382)
        at org.eclipse.jetty.util.thread.QueuedThreadPool$Runner.idleJobPoll(QueuedThreadPool.java:974)
        at org.eclipse.jetty.util.thread.QueuedThreadPool$Runner.run(QueuedThreadPool.java:1018)
        at java.lang.Thread.run(Thread.java:750)
"Datanode ReportManager Thread - 2" daemon prio=5 tid=1015 in Object.wait()
java.lang.Thread.State: WAITING (on object monitor)
        at sun.misc.Unsafe.park(Native Method)
        at java.util.concurrent.locks.LockSupport.park(LockSupport.java:175)
        at java.util.concurrent.locks.AbstractQueuedSynchronizer$ConditionObject.await(AbstractQueuedSynchronizer.java:2039)
        at java.util.concurrent.ScheduledThreadPoolExecutor$DelayedWorkQueue.take(ScheduledThreadPoolExecutor.java:1088)
        at java.util.concurrent.ScheduledThreadPoolExecutor$DelayedWorkQueue.take(ScheduledThreadPoolExecutor.java:809)
        at java.util.concurrent.ThreadPoolExecutor.getTask(ThreadPoolExecutor.java:1074)
        at java.util.concurrent.ThreadPoolExecutor.runWorker(ThreadPoolExecutor.java:1134)
        at java.util.concurrent.ThreadPoolExecutor$Worker.run(ThreadPoolExecutor.java:624)
        at java.lang.Thread.run(Thread.java:750)
"pool-251-thread-1"  prio=5 tid=921 timed_waiting
java.lang.Thread.State: TIMED_WAITING
        at sun.misc.Unsafe.park(Native Method)
        at java.util.concurrent.locks.LockSupport.parkNanos(LockSupport.java:215)
        at java.util.concurrent.locks.AbstractQueuedSynchronizer$ConditionObject.awaitNanos(AbstractQueuedSynchronizer.java:2078)
        at java.util.concurrent.ScheduledThreadPoolExecutor$DelayedWorkQueue.take(ScheduledThreadPoolExecutor.java:1093)
        at java.util.concurrent.ScheduledThreadPoolExecutor$DelayedWorkQueue.take(ScheduledThreadPoolExecutor.java:809)
        at java.util.concurrent.ThreadPoolExecutor.getTask(ThreadPoolExecutor.java:1074)
        at java.util.concurrent.ThreadPoolExecutor.runWorker(ThreadPoolExecutor.java:1134)
        at java.util.concurrent.ThreadPoolExecutor$Worker.run(ThreadPoolExecutor.java:624)
        at java.lang.Thread.run(Thread.java:750)
"pool-303-thread-1"  prio=5 tid=996 timed_waiting
java.lang.Thread.State: TIMED_WAITING
        at sun.misc.Unsafe.park(Native Method)
        at java.util.concurrent.locks.LockSupport.parkNanos(LockSupport.java:215)
        at java.util.concurrent.locks.AbstractQueuedSynchronizer$ConditionObject.awaitNanos(AbstractQueuedSynchronizer.java:2078)
        at java.util.concurrent.ScheduledThreadPoolExecutor$DelayedWorkQueue.take(ScheduledThreadPoolExecutor.java:1093)
        at java.util.concurrent.ScheduledThreadPoolExecutor$DelayedWorkQueue.take(ScheduledThreadPoolExecutor.java:809)
        at java.util.concurrent.ThreadPoolExecutor.getTask(ThreadPoolExecutor.java:1074)
        at java.util.concurrent.ThreadPoolExecutor.runWorker(ThreadPoolExecutor.java:1134)
        at java.util.concurrent.ThreadPoolExecutor$Worker.run(ThreadPoolExecutor.java:624)
        at java.lang.Thread.run(Thread.java:750)
"76b6de06-79b2-4410-afad-6ed4eb2113a8-groupManagement" daemon prio=5 tid=1240 in Object.wait()
java.lang.Thread.State: WAITING (on object monitor)
        at sun.misc.Unsafe.park(Native Method)
        at java.util.concurrent.locks.LockSupport.park(LockSupport.java:175)
        at java.util.concurrent.locks.AbstractQueuedSynchronizer$ConditionObject.await(AbstractQueuedSynchronizer.java:2039)
        at java.util.concurrent.LinkedBlockingQueue.take(LinkedBlockingQueue.java:442)
        at java.util.concurrent.ThreadPoolExecutor.getTask(ThreadPoolExecutor.java:1074)
        at java.util.concurrent.ThreadPoolExecutor.runWorker(ThreadPoolExecutor.java:1134)
        at java.util.concurrent.ThreadPoolExecutor$Worker.run(ThreadPoolExecutor.java:624)
        at java.lang.Thread.run(Thread.java:750)
"IPC Server handler 15 on default port 15053" daemon prio=5 tid=873 timed_waiting
java.lang.Thread.State: TIMED_WAITING
        at sun.misc.Unsafe.park(Native Method)
        at java.util.concurrent.locks.LockSupport.parkNanos(LockSupport.java:215)
        at java.util.concurrent.locks.AbstractQueuedSynchronizer$ConditionObject.awaitNanos(AbstractQueuedSynchronizer.java:2078)
        at java.util.concurrent.LinkedBlockingQueue.poll(LinkedBlockingQueue.java:467)
        at org.apache.hadoop.ipc.CallQueueManager.take(CallQueueManager.java:317)
        at org.apache.hadoop.ipc.Server$Handler.run(Server.java:3014)
"IPC Server handler 17 on default port 15054" daemon prio=5 tid=895 timed_waiting
java.lang.Thread.State: TIMED_WAITING
        at sun.misc.Unsafe.park(Native Method)
        at java.util.concurrent.locks.LockSupport.parkNanos(LockSupport.java:215)
        at java.util.concurrent.locks.AbstractQueuedSynchronizer$ConditionObject.awaitNanos(AbstractQueuedSynchronizer.java:2078)
        at java.util.concurrent.LinkedBlockingQueue.poll(LinkedBlockingQueue.java:467)
        at org.apache.hadoop.ipc.CallQueueManager.take(CallQueueManager.java:317)
        at org.apache.hadoop.ipc.Server$Handler.run(Server.java:3014)
"Hadoop-Metrics-Updater-0" daemon prio=5 tid=840 timed_waiting
java.lang.Thread.State: TIMED_WAITING
        at sun.misc.Unsafe.park(Native Method)
        at java.util.concurrent.locks.LockSupport.parkNanos(LockSupport.java:215)
        at java.util.concurrent.locks.AbstractQueuedSynchronizer$ConditionObject.awaitNanos(AbstractQueuedSynchronizer.java:2078)
        at java.util.concurrent.ScheduledThreadPoolExecutor$DelayedWorkQueue.take(ScheduledThreadPoolExecutor.java:1093)
        at java.util.concurrent.ScheduledThreadPoolExecutor$DelayedWorkQueue.take(ScheduledThreadPoolExecutor.java:809)
        at java.util.concurrent.ThreadPoolExecutor.getTask(ThreadPoolExecutor.java:1074)
        at java.util.concurrent.ThreadPoolExecutor.runWorker(ThreadPoolExecutor.java:1134)
        at java.util.concurrent.ThreadPoolExecutor$Worker.run(ThreadPoolExecutor.java:624)
        at java.lang.Thread.run(Thread.java:750)
"timer2" daemon prio=5 tid=511 timed_waiting
java.lang.Thread.State: TIMED_WAITING
        at java.lang.Object.wait(Native Method)
        at java.util.TimerThread.mainLoop(Timer.java:552)
        at java.util.TimerThread.run(Timer.java:505)
"Finalizer" daemon prio=8 tid=3 in Object.wait()
java.lang.Thread.State: WAITING (on object monitor)
        at java.lang.Object.wait(Native Method)
        at java.lang.ref.ReferenceQueue.remove(ReferenceQueue.java:144)
        at java.lang.ref.ReferenceQueue.remove(ReferenceQueue.java:165)
        at java.lang.ref.Finalizer$FinalizerThread.run(Finalizer.java:188)
"IPC Parameter Sending Thread for 0.0.0.0/0.0.0.0:15055" daemon prio=5 tid=1153 timed_waiting
java.lang.Thread.State: TIMED_WAITING
        at sun.misc.Unsafe.park(Native Method)
        at java.util.concurrent.locks.LockSupport.parkNanos(LockSupport.java:215)
        at java.util.concurrent.SynchronousQueue$TransferQueue.awaitFulfill(SynchronousQueue.java:764)
        at java.util.concurrent.SynchronousQueue$TransferQueue.transfer(SynchronousQueue.java:695)
        at java.util.concurrent.SynchronousQueue.poll(SynchronousQueue.java:941)
        at org.apache.hadoop.ipc.Client$Connection$RpcRequestSender.run(Client.java:1105)
        at java.lang.Thread.run(Thread.java:750)
"IPC Server handler 1 on default port 15055" daemon prio=5 tid=899 timed_waiting
java.lang.Thread.State: TIMED_WAITING
        at sun.misc.Unsafe.park(Native Method)
        at java.util.concurrent.locks.LockSupport.parkNanos(LockSupport.java:215)
        at java.util.concurrent.locks.AbstractQueuedSynchronizer$ConditionObject.awaitNanos(AbstractQueuedSynchronizer.java:2078)
        at java.util.concurrent.LinkedBlockingQueue.poll(LinkedBlockingQueue.java:467)
        at org.apache.hadoop.ipc.CallQueueManager.take(CallQueueManager.java:317)
        at org.apache.hadoop.ipc.Server$Handler.run(Server.java:3014)
"Datanode ReportManager Thread - 1" daemon prio=5 tid=1144 in Object.wait()
java.lang.Thread.State: WAITING (on object monitor)
        at sun.misc.Unsafe.park(Native Method)
        at java.util.concurrent.locks.LockSupport.park(LockSupport.java:175)
        at java.util.concurrent.locks.AbstractQueuedSynchronizer$ConditionObject.await(AbstractQueuedSynchronizer.java:2039)
        at java.util.concurrent.ScheduledThreadPoolExecutor$DelayedWorkQueue.take(ScheduledThreadPoolExecutor.java:1088)
        at java.util.concurrent.ScheduledThreadPoolExecutor$DelayedWorkQueue.take(ScheduledThreadPoolExecutor.java:809)
        at java.util.concurrent.ThreadPoolExecutor.getTask(ThreadPoolExecutor.java:1074)
        at java.util.concurrent.ThreadPoolExecutor.runWorker(ThreadPoolExecutor.java:1134)
        at java.util.concurrent.ThreadPoolExecutor$Worker.run(ThreadPoolExecutor.java:624)
        at java.lang.Thread.run(Thread.java:750)
"IPC Server handler 5 on default port 15054" daemon prio=5 tid=883 timed_waiting
java.lang.Thread.State: TIMED_WAITING
        at sun.misc.Unsafe.park(Native Method)
        at java.util.concurrent.locks.LockSupport.parkNanos(LockSupport.java:215)
        at java.util.concurrent.locks.AbstractQueuedSynchronizer$ConditionObject.awaitNanos(AbstractQueuedSynchronizer.java:2078)
        at java.util.concurrent.LinkedBlockingQueue.poll(LinkedBlockingQueue.java:467)
        at org.apache.hadoop.ipc.CallQueueManager.take(CallQueueManager.java:317)
        at org.apache.hadoop.ipc.Server$Handler.run(Server.java:3014)
"timer4" daemon prio=5 tid=515 timed_waiting
java.lang.Thread.State: TIMED_WAITING
        at java.lang.Object.wait(Native Method)
        at java.util.TimerThread.mainLoop(Timer.java:552)
        at java.util.TimerThread.run(Timer.java:505)
"IPC Server handler 19 on default port 15054" daemon prio=5 tid=897 timed_waiting
java.lang.Thread.State: TIMED_WAITING
        at sun.misc.Unsafe.park(Native Method)
        at java.util.concurrent.locks.LockSupport.parkNanos(LockSupport.java:215)
        at java.util.concurrent.locks.AbstractQueuedSynchronizer$ConditionObject.awaitNanos(AbstractQueuedSynchronizer.java:2078)
        at java.util.concurrent.LinkedBlockingQueue.poll(LinkedBlockingQueue.java:467)
        at org.apache.hadoop.ipc.CallQueueManager.take(CallQueueManager.java:317)
        at org.apache.hadoop.ipc.Server$Handler.run(Server.java:3014)
"Datanode ReportManager Thread - 4" daemon prio=5 tid=1147 in Object.wait()
java.lang.Thread.State: WAITING (on object monitor)
        at sun.misc.Unsafe.park(Native Method)
        at java.util.concurrent.locks.LockSupport.park(LockSupport.java:175)
        at java.util.concurrent.locks.AbstractQueuedSynchronizer$ConditionObject.await(AbstractQueuedSynchronizer.java:2039)
        at java.util.concurrent.ScheduledThreadPoolExecutor$DelayedWorkQueue.take(ScheduledThreadPoolExecutor.java:1088)
        at java.util.concurrent.ScheduledThreadPoolExecutor$DelayedWorkQueue.take(ScheduledThreadPoolExecutor.java:809)
        at java.util.concurrent.ThreadPoolExecutor.getTask(ThreadPoolExecutor.java:1074)
        at java.util.concurrent.ThreadPoolExecutor.runWorker(ThreadPoolExecutor.java:1134)
        at java.util.concurrent.ThreadPoolExecutor$Worker.run(ThreadPoolExecutor.java:624)
        at java.lang.Thread.run(Thread.java:750)
"pool-335-thread-1" daemon prio=5 tid=1055 timed_waiting
java.lang.Thread.State: TIMED_WAITING
        at sun.misc.Unsafe.park(Native Method)
        at java.util.concurrent.locks.LockSupport.parkNanos(LockSupport.java:215)
        at java.util.concurrent.locks.AbstractQueuedSynchronizer$ConditionObject.awaitNanos(AbstractQueuedSynchronizer.java:2078)
        at java.util.concurrent.ScheduledThreadPoolExecutor$DelayedWorkQueue.take(ScheduledThreadPoolExecutor.java:1093)
        at java.util.concurrent.ScheduledThreadPoolExecutor$DelayedWorkQueue.take(ScheduledThreadPoolExecutor.java:809)
        at java.util.concurrent.ThreadPoolExecutor.getTask(ThreadPoolExecutor.java:1074)
        at java.util.concurrent.ThreadPoolExecutor.runWorker(ThreadPoolExecutor.java:1134)
        at java.util.concurrent.ThreadPoolExecutor$Worker.run(ThreadPoolExecutor.java:624)
        at java.lang.Thread.run(Thread.java:750)
"FixedThreadPoolWithAffinityExecutor-0-0" daemon prio=5 tid=846 timed_waiting
java.lang.Thread.State: TIMED_WAITING
        at sun.misc.Unsafe.park(Native Method)
        at java.util.concurrent.locks.LockSupport.parkNanos(LockSupport.java:215)
        at java.util.concurrent.locks.AbstractQueuedSynchronizer$ConditionObject.awaitNanos(AbstractQueuedSynchronizer.java:2078)
        at java.util.concurrent.LinkedBlockingQueue.poll(LinkedBlockingQueue.java:467)
        at org.apache.hadoop.hdds.scm.server.ContainerReportQueue.poll(ContainerReportQueue.java:266)
        at org.apache.hadoop.hdds.scm.server.ContainerReportQueue.poll(ContainerReportQueue.java:42)
        at org.apache.hadoop.hdds.server.events.FixedThreadPoolWithAffinityExecutor$ContainerReportProcessTask.run(FixedThreadPoolWithAffinityExecutor.java:247)
        at java.util.concurrent.Executors$RunnableAdapter.call(Executors.java:511)
        at java.util.concurrent.FutureTask.run(FutureTask.java:266)
        at java.util.concurrent.ThreadPoolExecutor.runWorker(ThreadPoolExecutor.java:1149)
        at java.util.concurrent.ThreadPoolExecutor$Worker.run(ThreadPoolExecutor.java:624)
        at java.lang.Thread.run(Thread.java:750)
"qtp181659897-1132" daemon prio=5 tid=1132 timed_waiting
java.lang.Thread.State: TIMED_WAITING
        at sun.misc.Unsafe.park(Native Method)
        at java.util.concurrent.locks.LockSupport.parkNanos(LockSupport.java:215)
        at java.util.concurrent.locks.AbstractQueuedSynchronizer$ConditionObject.awaitNanos(AbstractQueuedSynchronizer.java:2078)
        at org.eclipse.jetty.util.BlockingArrayQueue.poll(BlockingArrayQueue.java:382)
        at org.eclipse.jetty.util.thread.QueuedThreadPool$Runner.idleJobPoll(QueuedThreadPool.java:974)
        at org.eclipse.jetty.util.thread.QueuedThreadPool$Runner.run(QueuedThreadPool.java:1018)
        at java.lang.Thread.run(Thread.java:750)
"IPC Server handler 1 on default port 15054" daemon prio=5 tid=879 timed_waiting
java.lang.Thread.State: TIMED_WAITING
        at sun.misc.Unsafe.park(Native Method)
        at java.util.concurrent.locks.LockSupport.parkNanos(LockSupport.java:215)
        at java.util.concurrent.locks.AbstractQueuedSynchronizer$ConditionObject.awaitNanos(AbstractQueuedSynchronizer.java:2078)
        at java.util.concurrent.LinkedBlockingQueue.poll(LinkedBlockingQueue.java:467)
        at org.apache.hadoop.ipc.CallQueueManager.take(CallQueueManager.java:317)
        at org.apache.hadoop.ipc.Server$Handler.run(Server.java:3014)
"107862d4-58d6-4e98-9eb6-252f61002a57-impl-thread1" daemon prio=5 tid=1124 timed_waiting
java.lang.Thread.State: TIMED_WAITING
        at sun.misc.Unsafe.park(Native Method)
        at java.util.concurrent.locks.LockSupport.parkNanos(LockSupport.java:215)
        at java.util.concurrent.SynchronousQueue$TransferStack.awaitFulfill(SynchronousQueue.java:460)
        at java.util.concurrent.SynchronousQueue$TransferStack.transfer(SynchronousQueue.java:362)
        at java.util.concurrent.SynchronousQueue.poll(SynchronousQueue.java:941)
        at java.util.concurrent.ThreadPoolExecutor.getTask(ThreadPoolExecutor.java:1073)
        at java.util.concurrent.ThreadPoolExecutor.runWorker(ThreadPoolExecutor.java:1134)
        at java.util.concurrent.ThreadPoolExecutor$Worker.run(ThreadPoolExecutor.java:624)
        at java.lang.Thread.run(Thread.java:750)
"ChunkWriter-1-0" daemon prio=5 tid=1203 in Object.wait()
java.lang.Thread.State: WAITING (on object monitor)
        at sun.misc.Unsafe.park(Native Method)
        at java.util.concurrent.locks.LockSupport.park(LockSupport.java:175)
        at java.util.concurrent.locks.AbstractQueuedSynchronizer$ConditionObject.await(AbstractQueuedSynchronizer.java:2039)
        at java.util.concurrent.LinkedBlockingDeque.takeFirst(LinkedBlockingDeque.java:492)
        at java.util.concurrent.LinkedBlockingDeque.take(LinkedBlockingDeque.java:680)
        at java.util.concurrent.ThreadPoolExecutor.getTask(ThreadPoolExecutor.java:1074)
        at java.util.concurrent.ThreadPoolExecutor.runWorker(ThreadPoolExecutor.java:1134)
        at java.util.concurrent.ThreadPoolExecutor$Worker.run(ThreadPoolExecutor.java:624)
        at java.lang.Thread.run(Thread.java:750)
"aa000335-494a-4091-9473-11fe5522d401@group-D6D0528D13AD-StateMachineUpdater" daemon prio=5 tid=1277 timed_waiting
java.lang.Thread.State: TIMED_WAITING
        at sun.misc.Unsafe.park(Native Method)
        at java.util.concurrent.locks.LockSupport.parkNanos(LockSupport.java:215)
        at java.util.concurrent.locks.AbstractQueuedSynchronizer$ConditionObject.await(AbstractQueuedSynchronizer.java:2163)
        at org.apache.ratis.util.AwaitForSignal.await(AwaitForSignal.java:62)
        at org.apache.ratis.server.impl.StateMachineUpdater.waitForCommit(StateMachineUpdater.java:209)
        at org.apache.ratis.server.impl.StateMachineUpdater.run(StateMachineUpdater.java:178)
        at java.lang.Thread.run(Thread.java:750)
"IPC Server handler 6 on default port 15054" daemon prio=5 tid=884 timed_waiting
java.lang.Thread.State: TIMED_WAITING
        at sun.misc.Unsafe.park(Native Method)
        at java.util.concurrent.locks.LockSupport.parkNanos(LockSupport.java:215)
        at java.util.concurrent.locks.AbstractQueuedSynchronizer$ConditionObject.awaitNanos(AbstractQueuedSynchronizer.java:2078)
        at java.util.concurrent.LinkedBlockingQueue.poll(LinkedBlockingQueue.java:467)
        at org.apache.hadoop.ipc.CallQueueManager.take(CallQueueManager.java:317)
        at org.apache.hadoop.ipc.Server$Handler.run(Server.java:3014)
"76b6de06-79b2-4410-afad-6ed4eb2113a8@group-8A5EC24891A2-LeaderStateImpl" daemon prio=5 tid=1351 timed_waiting
java.lang.Thread.State: TIMED_WAITING
        at sun.misc.Unsafe.park(Native Method)
        at java.util.concurrent.locks.LockSupport.parkNanos(LockSupport.java:215)
        at java.util.concurrent.locks.AbstractQueuedSynchronizer$ConditionObject.awaitNanos(AbstractQueuedSynchronizer.java:2078)
        at java.util.concurrent.ArrayBlockingQueue.poll(ArrayBlockingQueue.java:418)
        at org.apache.ratis.server.impl.LeaderStateImpl$EventQueue.poll(LeaderStateImpl.java:164)
        at org.apache.ratis.server.impl.LeaderStateImpl$EventProcessor.run(LeaderStateImpl.java:702)
"FixedThreadPoolWithAffinityExecutor-9-0" daemon prio=5 tid=855 timed_waiting
java.lang.Thread.State: TIMED_WAITING
        at sun.misc.Unsafe.park(Native Method)
        at java.util.concurrent.locks.LockSupport.parkNanos(LockSupport.java:215)
        at java.util.concurrent.locks.AbstractQueuedSynchronizer$ConditionObject.awaitNanos(AbstractQueuedSynchronizer.java:2078)
        at java.util.concurrent.LinkedBlockingQueue.poll(LinkedBlockingQueue.java:467)
        at org.apache.hadoop.hdds.scm.server.ContainerReportQueue.poll(ContainerReportQueue.java:266)
        at org.apache.hadoop.hdds.scm.server.ContainerReportQueue.poll(ContainerReportQueue.java:42)
        at org.apache.hadoop.hdds.server.events.FixedThreadPoolWithAffinityExecutor$ContainerReportProcessTask.run(FixedThreadPoolWithAffinityExecutor.java:247)
        at java.util.concurrent.Executors$RunnableAdapter.call(Executors.java:511)
        at java.util.concurrent.FutureTask.run(FutureTask.java:266)
        at java.util.concurrent.ThreadPoolExecutor.runWorker(ThreadPoolExecutor.java:1149)
        at java.util.concurrent.ThreadPoolExecutor$Worker.run(ThreadPoolExecutor.java:624)
        at java.lang.Thread.run(Thread.java:750)
"Socket Reader #1 for port 15054" daemon prio=5 tid=837 runnable
java.lang.Thread.State: RUNNABLE
        at sun.nio.ch.EPollArrayWrapper.epollWait(Native Method)
        at sun.nio.ch.EPollArrayWrapper.poll(EPollArrayWrapper.java:269)
        at sun.nio.ch.EPollSelectorImpl.doSelect(EPollSelectorImpl.java:93)
        at sun.nio.ch.SelectorImpl.lockAndDoSelect(SelectorImpl.java:86)
        at sun.nio.ch.SelectorImpl.select(SelectorImpl.java:97)
        at sun.nio.ch.SelectorImpl.select(SelectorImpl.java:101)
        at org.apache.hadoop.ipc.Server$Listener$Reader.doRunLoop(Server.java:1346)
        at org.apache.hadoop.ipc.Server$Listener$Reader.run(Server.java:1325)
"org.apache.hadoop.ozone.container.common.statemachine.commandhandler.DeleteBlocksCommandHandler$DeleteCmdWorker@1a2ecebf" daemon prio=5 tid=1125 timed_waiting
java.lang.Thread.State: TIMED_WAITING
        at java.lang.Thread.sleep(Native Method)
        at org.apache.hadoop.ozone.container.common.statemachine.commandhandler.DeleteBlocksCommandHandler$DeleteCmdWorker.run(DeleteBlocksCommandHandler.java:198)
        at java.lang.Thread.run(Thread.java:750)
"qtp1033742513-962" daemon prio=5 tid=962 timed_waiting
java.lang.Thread.State: TIMED_WAITING
        at sun.misc.Unsafe.park(Native Method)
        at java.util.concurrent.locks.LockSupport.parkNanos(LockSupport.java:215)
        at java.util.concurrent.locks.AbstractQueuedSynchronizer$ConditionObject.awaitNanos(AbstractQueuedSynchronizer.java:2078)
        at org.eclipse.jetty.util.BlockingArrayQueue.poll(BlockingArrayQueue.java:382)
        at org.eclipse.jetty.util.thread.QueuedThreadPool$Runner.idleJobPoll(QueuedThreadPool.java:974)
        at org.eclipse.jetty.util.thread.QueuedThreadPool$Runner.run(QueuedThreadPool.java:1018)
        at java.lang.Thread.run(Thread.java:750)
"grpc-default-executor-5" daemon prio=5 tid=1307 timed_waiting
java.lang.Thread.State: TIMED_WAITING
        at sun.misc.Unsafe.park(Native Method)
        at java.util.concurrent.locks.LockSupport.parkNanos(LockSupport.java:215)
        at java.util.concurrent.SynchronousQueue$TransferStack.awaitFulfill(SynchronousQueue.java:460)
        at java.util.concurrent.SynchronousQueue$TransferStack.transfer(SynchronousQueue.java:362)
        at java.util.concurrent.SynchronousQueue.poll(SynchronousQueue.java:941)
        at java.util.concurrent.ThreadPoolExecutor.getTask(ThreadPoolExecutor.java:1073)
        at java.util.concurrent.ThreadPoolExecutor.runWorker(ThreadPoolExecutor.java:1134)
        at java.util.concurrent.ThreadPoolExecutor$Worker.run(ThreadPoolExecutor.java:624)
        at java.lang.Thread.run(Thread.java:750)
"JvmPauseMonitor9" daemon prio=5 tid=1158 timed_waiting
java.lang.Thread.State: TIMED_WAITING
        at java.lang.Thread.sleep(Native Method)
        at java.lang.Thread.sleep(Thread.java:342)
        at java.util.concurrent.TimeUnit.sleep(TimeUnit.java:386)
        at org.apache.ratis.util.TimeDuration.sleep(TimeDuration.java:325)
        at org.apache.ratis.util.TimeDuration.sleep(TimeDuration.java:310)
        at org.apache.ratis.util.JvmPauseMonitor.detectPause(JvmPauseMonitor.java:117)
        at org.apache.ratis.util.JvmPauseMonitor.run(JvmPauseMonitor.java:106)
        at org.apache.ratis.util.JvmPauseMonitor$$Lambda$417/955058382.run(Unknown Source)
        at java.lang.Thread.run(Thread.java:750)
"JvmPauseMonitor11" daemon prio=5 tid=1182 timed_waiting
java.lang.Thread.State: TIMED_WAITING
        at java.lang.Thread.sleep(Native Method)
        at java.lang.Thread.sleep(Thread.java:342)
        at java.util.concurrent.TimeUnit.sleep(TimeUnit.java:386)
        at org.apache.ratis.util.TimeDuration.sleep(TimeDuration.java:325)
        at org.apache.ratis.util.TimeDuration.sleep(TimeDuration.java:310)
        at org.apache.ratis.util.JvmPauseMonitor.detectPause(JvmPauseMonitor.java:117)
        at org.apache.ratis.util.JvmPauseMonitor.run(JvmPauseMonitor.java:106)
        at org.apache.ratis.util.JvmPauseMonitor$$Lambda$417/955058382.run(Unknown Source)
        at java.lang.Thread.run(Thread.java:750)
"KeyDeletingService#0" daemon prio=5 tid=953 timed_waiting
java.lang.Thread.State: TIMED_WAITING
        at sun.misc.Unsafe.park(Native Method)
        at java.util.concurrent.locks.LockSupport.parkNanos(LockSupport.java:215)
        at java.util.concurrent.locks.AbstractQueuedSynchronizer$ConditionObject.awaitNanos(AbstractQueuedSynchronizer.java:2078)
        at java.util.concurrent.ScheduledThreadPoolExecutor$DelayedWorkQueue.take(ScheduledThreadPoolExecutor.java:1093)
        at java.util.concurrent.ScheduledThreadPoolExecutor$DelayedWorkQueue.take(ScheduledThreadPoolExecutor.java:809)
        at java.util.concurrent.ThreadPoolExecutor.getTask(ThreadPoolExecutor.java:1074)
        at java.util.concurrent.ThreadPoolExecutor.runWorker(ThreadPoolExecutor.java:1134)
        at java.util.concurrent.ThreadPoolExecutor$Worker.run(ThreadPoolExecutor.java:624)
        at java.lang.Thread.run(Thread.java:750)
"FullTableCache Cleanup Thread - 0" daemon prio=5 tid=559 in Object.wait()
java.lang.Thread.State: WAITING (on object monitor)
        at sun.misc.Unsafe.park(Native Method)
        at java.util.concurrent.locks.LockSupport.park(LockSupport.java:175)
        at java.util.concurrent.locks.AbstractQueuedSynchronizer$ConditionObject.await(AbstractQueuedSynchronizer.java:2039)
        at java.util.concurrent.LinkedBlockingQueue.take(LinkedBlockingQueue.java:442)
        at java.util.concurrent.ThreadPoolExecutor.getTask(ThreadPoolExecutor.java:1074)
        at java.util.concurrent.ThreadPoolExecutor.runWorker(ThreadPoolExecutor.java:1134)
        at java.util.concurrent.ThreadPoolExecutor$Worker.run(ThreadPoolExecutor.java:624)
        at java.lang.Thread.run(Thread.java:750)
"grpc-default-executor-1" daemon prio=5 tid=1291 timed_waiting
java.lang.Thread.State: TIMED_WAITING
        at sun.misc.Unsafe.park(Native Method)
        at java.util.concurrent.locks.LockSupport.parkNanos(LockSupport.java:215)
        at java.util.concurrent.SynchronousQueue$TransferStack.awaitFulfill(SynchronousQueue.java:460)
        at java.util.concurrent.SynchronousQueue$TransferStack.transfer(SynchronousQueue.java:362)
        at java.util.concurrent.SynchronousQueue.poll(SynchronousQueue.java:941)
        at java.util.concurrent.ThreadPoolExecutor.getTask(ThreadPoolExecutor.java:1073)
        at java.util.concurrent.ThreadPoolExecutor.runWorker(ThreadPoolExecutor.java:1134)
        at java.util.concurrent.ThreadPoolExecutor$Worker.run(ThreadPoolExecutor.java:624)
        at java.lang.Thread.run(Thread.java:750)
"Datanode State Machine Task Thread - 0"  prio=5 tid=1083 in Object.wait()
java.lang.Thread.State: WAITING (on object monitor)
        at sun.misc.Unsafe.park(Native Method)
        at java.util.concurrent.locks.LockSupport.park(LockSupport.java:175)
        at java.util.concurrent.locks.AbstractQueuedSynchronizer$ConditionObject.await(AbstractQueuedSynchronizer.java:2039)
        at java.util.concurrent.LinkedBlockingQueue.take(LinkedBlockingQueue.java:442)
        at java.util.concurrent.ThreadPoolExecutor.getTask(ThreadPoolExecutor.java:1074)
        at java.util.concurrent.ThreadPoolExecutor.runWorker(ThreadPoolExecutor.java:1134)
        at java.util.concurrent.ThreadPoolExecutor$Worker.run(ThreadPoolExecutor.java:624)
        at java.lang.Thread.run(Thread.java:750)
"qtp927182113-999" daemon prio=5 tid=999 timed_waiting
java.lang.Thread.State: TIMED_WAITING
        at sun.misc.Unsafe.park(Native Method)
        at java.util.concurrent.locks.LockSupport.parkNanos(LockSupport.java:215)
        at java.util.concurrent.locks.AbstractQueuedSynchronizer$ConditionObject.awaitNanos(AbstractQueuedSynchronizer.java:2078)
        at org.eclipse.jetty.util.BlockingArrayQueue.poll(BlockingArrayQueue.java:382)
        at org.eclipse.jetty.util.thread.QueuedThreadPool$Runner.idleJobPoll(QueuedThreadPool.java:974)
        at org.eclipse.jetty.util.thread.QueuedThreadPool$Runner.run(QueuedThreadPool.java:1018)
        at java.lang.Thread.run(Thread.java:750)
"grpc-default-worker-ELG-5-2" daemon prio=5 tid=1231 runnable
java.lang.Thread.State: RUNNABLE
        at org.apache.ratis.thirdparty.io.netty.channel.epoll.Native.epollWait0(Native Method)
        at org.apache.ratis.thirdparty.io.netty.channel.epoll.Native.epollWait(Native.java:182)
        at org.apache.ratis.thirdparty.io.netty.channel.epoll.EpollEventLoop.epollWait(EpollEventLoop.java:302)
        at org.apache.ratis.thirdparty.io.netty.channel.epoll.EpollEventLoop.run(EpollEventLoop.java:366)
        at org.apache.ratis.thirdparty.io.netty.util.concurrent.SingleThreadEventExecutor$4.run(SingleThreadEventExecutor.java:997)
        at org.apache.ratis.thirdparty.io.netty.util.internal.ThreadExecutorMap$2.run(ThreadExecutorMap.java:74)
        at org.apache.ratis.thirdparty.io.netty.util.concurrent.FastThreadLocalRunnable.run(FastThreadLocalRunnable.java:30)
        at java.lang.Thread.run(Thread.java:750)
"om1@group-C5BA1605619E-LeaderStateImpl" daemon prio=5 tid=1090 timed_waiting
java.lang.Thread.State: TIMED_WAITING
        at sun.misc.Unsafe.park(Native Method)
        at java.util.concurrent.locks.LockSupport.parkNanos(LockSupport.java:215)
        at java.util.concurrent.locks.AbstractQueuedSynchronizer$ConditionObject.awaitNanos(AbstractQueuedSynchronizer.java:2078)
        at java.util.concurrent.ArrayBlockingQueue.poll(ArrayBlockingQueue.java:418)
        at org.apache.ratis.server.impl.LeaderStateImpl$EventQueue.poll(LeaderStateImpl.java:164)
        at org.apache.ratis.server.impl.LeaderStateImpl$EventProcessor.run(LeaderStateImpl.java:702)
"FullTableCache Cleanup Thread - 0" daemon prio=5 tid=1337 in Object.wait()
java.lang.Thread.State: WAITING (on object monitor)
        at sun.misc.Unsafe.park(Native Method)
        at java.util.concurrent.locks.LockSupport.park(LockSupport.java:175)
        at java.util.concurrent.locks.AbstractQueuedSynchronizer$ConditionObject.await(AbstractQueuedSynchronizer.java:2039)
        at java.util.concurrent.LinkedBlockingQueue.take(LinkedBlockingQueue.java:442)
        at java.util.concurrent.ThreadPoolExecutor.getTask(ThreadPoolExecutor.java:1074)
        at java.util.concurrent.ThreadPoolExecutor.runWorker(ThreadPoolExecutor.java:1134)
        at java.util.concurrent.ThreadPoolExecutor$Worker.run(ThreadPoolExecutor.java:624)
        at java.lang.Thread.run(Thread.java:750)
"StaleRecoveringContainerScrubbingService#0" daemon prio=5 tid=1197 timed_waiting
java.lang.Thread.State: TIMED_WAITING
        at sun.misc.Unsafe.park(Native Method)
        at java.util.concurrent.locks.LockSupport.parkNanos(LockSupport.java:215)
        at java.util.concurrent.locks.AbstractQueuedSynchronizer$ConditionObject.awaitNanos(AbstractQueuedSynchronizer.java:2078)
        at java.util.concurrent.ScheduledThreadPoolExecutor$DelayedWorkQueue.take(ScheduledThreadPoolExecutor.java:1093)
        at java.util.concurrent.ScheduledThreadPoolExecutor$DelayedWorkQueue.take(ScheduledThreadPoolExecutor.java:809)
        at java.util.concurrent.ThreadPoolExecutor.getTask(ThreadPoolExecutor.java:1074)
        at java.util.concurrent.ThreadPoolExecutor.runWorker(ThreadPoolExecutor.java:1134)
        at java.util.concurrent.ThreadPoolExecutor$Worker.run(ThreadPoolExecutor.java:624)
        at java.lang.Thread.run(Thread.java:750)
"IPC Server handler 3 on default port 15055" daemon prio=5 tid=901 timed_waiting
java.lang.Thread.State: TIMED_WAITING
        at sun.misc.Unsafe.park(Native Method)
        at java.util.concurrent.locks.LockSupport.parkNanos(LockSupport.java:215)
        at java.util.concurrent.locks.AbstractQueuedSynchronizer$ConditionObject.awaitNanos(AbstractQueuedSynchronizer.java:2078)
        at java.util.concurrent.LinkedBlockingQueue.poll(LinkedBlockingQueue.java:467)
        at org.apache.hadoop.ipc.CallQueueManager.take(CallQueueManager.java:317)
        at org.apache.hadoop.ipc.Server$Handler.run(Server.java:3014)
"Datanode ReportManager Thread - 4" daemon prio=5 tid=1115 in Object.wait()
java.lang.Thread.State: WAITING (on object monitor)
        at sun.misc.Unsafe.park(Native Method)
        at java.util.concurrent.locks.LockSupport.park(LockSupport.java:175)
        at java.util.concurrent.locks.AbstractQueuedSynchronizer$ConditionObject.await(AbstractQueuedSynchronizer.java:2039)
        at java.util.concurrent.ScheduledThreadPoolExecutor$DelayedWorkQueue.take(ScheduledThreadPoolExecutor.java:1088)
        at java.util.concurrent.ScheduledThreadPoolExecutor$DelayedWorkQueue.take(ScheduledThreadPoolExecutor.java:809)
        at java.util.concurrent.ThreadPoolExecutor.getTask(ThreadPoolExecutor.java:1074)
        at java.util.concurrent.ThreadPoolExecutor.runWorker(ThreadPoolExecutor.java:1134)
        at java.util.concurrent.ThreadPoolExecutor$Worker.run(ThreadPoolExecutor.java:624)
        at java.lang.Thread.run(Thread.java:750)
"76b6de06-79b2-4410-afad-6ed4eb2113a8-NettyServerStreamRpc-bossGroup--thread1" daemon prio=5 tid=1057 runnable
java.lang.Thread.State: RUNNABLE
        at sun.nio.ch.EPollArrayWrapper.epollWait(Native Method)
        at sun.nio.ch.EPollArrayWrapper.poll(EPollArrayWrapper.java:269)
        at sun.nio.ch.EPollSelectorImpl.doSelect(EPollSelectorImpl.java:93)
        at sun.nio.ch.SelectorImpl.lockAndDoSelect(SelectorImpl.java:86)
        at sun.nio.ch.SelectorImpl.select(SelectorImpl.java:97)
        at sun.nio.ch.SelectorImpl.select(SelectorImpl.java:101)
        at org.apache.ratis.thirdparty.io.netty.channel.nio.SelectedSelectionKeySetSelector.select(SelectedSelectionKeySetSelector.java:68)
        at org.apache.ratis.thirdparty.io.netty.channel.nio.NioEventLoop.select(NioEventLoop.java:879)
        at org.apache.ratis.thirdparty.io.netty.channel.nio.NioEventLoop.run(NioEventLoop.java:526)
        at org.apache.ratis.thirdparty.io.netty.util.concurrent.SingleThreadEventExecutor$4.run(SingleThreadEventExecutor.java:997)
        at org.apache.ratis.thirdparty.io.netty.util.internal.ThreadExecutorMap$2.run(ThreadExecutorMap.java:74)
        at java.lang.Thread.run(Thread.java:750)
"grpc-default-executor-2" daemon prio=5 tid=1295 timed_waiting
java.lang.Thread.State: TIMED_WAITING
        at sun.misc.Unsafe.park(Native Method)
        at java.util.concurrent.locks.LockSupport.parkNanos(LockSupport.java:215)
        at java.util.concurrent.SynchronousQueue$TransferStack.awaitFulfill(SynchronousQueue.java:460)
        at java.util.concurrent.SynchronousQueue$TransferStack.transfer(SynchronousQueue.java:362)
        at java.util.concurrent.SynchronousQueue.poll(SynchronousQueue.java:941)
        at java.util.concurrent.ThreadPoolExecutor.getTask(ThreadPoolExecutor.java:1073)
        at java.util.concurrent.ThreadPoolExecutor.runWorker(ThreadPoolExecutor.java:1134)
        at java.util.concurrent.ThreadPoolExecutor$Worker.run(ThreadPoolExecutor.java:624)
        at java.lang.Thread.run(Thread.java:750)
"IPC Server idle connection scanner for port 15090" daemon prio=5 tid=1106 timed_waiting
java.lang.Thread.State: TIMED_WAITING
        at java.lang.Object.wait(Native Method)
        at java.util.TimerThread.mainLoop(Timer.java:552)
        at java.util.TimerThread.run(Timer.java:505)
"grpc-default-executor-3" daemon prio=5 tid=1304 timed_waiting
java.lang.Thread.State: TIMED_WAITING
        at sun.misc.Unsafe.park(Native Method)
        at java.util.concurrent.locks.LockSupport.parkNanos(LockSupport.java:215)
        at java.util.concurrent.SynchronousQueue$TransferStack.awaitFulfill(SynchronousQueue.java:460)
        at java.util.concurrent.SynchronousQueue$TransferStack.transfer(SynchronousQueue.java:362)
        at java.util.concurrent.SynchronousQueue.poll(SynchronousQueue.java:941)
        at java.util.concurrent.ThreadPoolExecutor.getTask(ThreadPoolExecutor.java:1073)
        at java.util.concurrent.ThreadPoolExecutor.runWorker(ThreadPoolExecutor.java:1134)
        at java.util.concurrent.ThreadPoolExecutor$Worker.run(ThreadPoolExecutor.java:624)
        at java.lang.Thread.run(Thread.java:750)
"pool-375-thread-1"  prio=5 tid=1094 timed_waiting
java.lang.Thread.State: TIMED_WAITING
        at sun.misc.Unsafe.park(Native Method)
        at java.util.concurrent.locks.LockSupport.parkNanos(LockSupport.java:215)
        at java.util.concurrent.locks.AbstractQueuedSynchronizer$ConditionObject.awaitNanos(AbstractQueuedSynchronizer.java:2078)
        at java.util.concurrent.ScheduledThreadPoolExecutor$DelayedWorkQueue.take(ScheduledThreadPoolExecutor.java:1093)
        at java.util.concurrent.ScheduledThreadPoolExecutor$DelayedWorkQueue.take(ScheduledThreadPoolExecutor.java:809)
        at java.util.concurrent.ThreadPoolExecutor.getTask(ThreadPoolExecutor.java:1074)
        at java.util.concurrent.ThreadPoolExecutor.runWorker(ThreadPoolExecutor.java:1134)
        at java.util.concurrent.ThreadPoolExecutor$Worker.run(ThreadPoolExecutor.java:624)
        at java.lang.Thread.run(Thread.java:750)
"IPC Server handler 9 on default port 15054" daemon prio=5 tid=887 timed_waiting
java.lang.Thread.State: TIMED_WAITING
        at sun.misc.Unsafe.park(Native Method)
        at java.util.concurrent.locks.LockSupport.parkNanos(LockSupport.java:215)
        at java.util.concurrent.locks.AbstractQueuedSynchronizer$ConditionObject.awaitNanos(AbstractQueuedSynchronizer.java:2078)
        at java.util.concurrent.LinkedBlockingQueue.poll(LinkedBlockingQueue.java:467)
        at org.apache.hadoop.ipc.CallQueueManager.take(CallQueueManager.java:317)
        at org.apache.hadoop.ipc.Server$Handler.run(Server.java:3014)
"org.apache.hadoop.ozone.container.common.statemachine.commandhandler.DeleteBlocksCommandHandler$DeleteCmdWorker@261f21" daemon prio=5 tid=1093 timed_waiting
java.lang.Thread.State: TIMED_WAITING
        at java.lang.Thread.sleep(Native Method)
        at org.apache.hadoop.ozone.container.common.statemachine.commandhandler.DeleteBlocksCommandHandler$DeleteCmdWorker.run(DeleteBlocksCommandHandler.java:198)
        at java.lang.Thread.run(Thread.java:750)
"IPC Server handler 7 on default port 15055" daemon prio=5 tid=905 timed_waiting
java.lang.Thread.State: TIMED_WAITING
        at sun.misc.Unsafe.park(Native Method)
        at java.util.concurrent.locks.LockSupport.parkNanos(LockSupport.java:215)
        at java.util.concurrent.locks.AbstractQueuedSynchronizer$ConditionObject.awaitNanos(AbstractQueuedSynchronizer.java:2078)
        at java.util.concurrent.LinkedBlockingQueue.poll(LinkedBlockingQueue.java:467)
        at org.apache.hadoop.ipc.CallQueueManager.take(CallQueueManager.java:317)
        at org.apache.hadoop.ipc.Server$Handler.run(Server.java:3014)
"qtp1738073700-1068" daemon prio=5 tid=1068 timed_waiting
java.lang.Thread.State: TIMED_WAITING
        at sun.misc.Unsafe.park(Native Method)
        at java.util.concurrent.locks.LockSupport.parkNanos(LockSupport.java:215)
        at java.util.concurrent.locks.AbstractQueuedSynchronizer$ConditionObject.awaitNanos(AbstractQueuedSynchronizer.java:2078)
        at org.eclipse.jetty.util.BlockingArrayQueue.poll(BlockingArrayQueue.java:382)
        at org.eclipse.jetty.util.thread.QueuedThreadPool$Runner.idleJobPoll(QueuedThreadPool.java:974)
        at org.eclipse.jetty.util.thread.QueuedThreadPool$Runner.run(QueuedThreadPool.java:1018)
        at java.lang.Thread.run(Thread.java:750)
"qtp754798603-1101" daemon prio=5 tid=1101 timed_waiting
java.lang.Thread.State: TIMED_WAITING
        at sun.misc.Unsafe.park(Native Method)
        at java.util.concurrent.locks.LockSupport.parkNanos(LockSupport.java:215)
        at java.util.concurrent.locks.AbstractQueuedSynchronizer$ConditionObject.awaitNanos(AbstractQueuedSynchronizer.java:2078)
        at org.eclipse.jetty.util.BlockingArrayQueue.poll(BlockingArrayQueue.java:382)
        at org.eclipse.jetty.util.thread.QueuedThreadPool$Runner.idleJobPoll(QueuedThreadPool.java:974)
        at org.eclipse.jetty.util.thread.QueuedThreadPool$Runner.run(QueuedThreadPool.java:1018)
        at java.lang.Thread.run(Thread.java:750)
"qtp181659897-1134" daemon prio=5 tid=1134 timed_waiting
java.lang.Thread.State: TIMED_WAITING
        at sun.misc.Unsafe.park(Native Method)
        at java.util.concurrent.locks.LockSupport.parkNanos(LockSupport.java:215)
        at java.util.concurrent.locks.AbstractQueuedSynchronizer$ConditionObject.awaitNanos(AbstractQueuedSynchronizer.java:2078)
        at org.eclipse.jetty.util.BlockingArrayQueue.poll(BlockingArrayQueue.java:382)
        at org.eclipse.jetty.util.thread.QueuedThreadPool$Runner.idleJobPoll(QueuedThreadPool.java:974)
        at org.eclipse.jetty.util.thread.QueuedThreadPool$Runner.run(QueuedThreadPool.java:1018)
        at java.lang.Thread.run(Thread.java:750)
"StaleRecoveringContainerScrubbingService#0" daemon prio=5 tid=1162 timed_waiting
java.lang.Thread.State: TIMED_WAITING
        at sun.misc.Unsafe.park(Native Method)
        at java.util.concurrent.locks.LockSupport.parkNanos(LockSupport.java:215)
        at java.util.concurrent.locks.AbstractQueuedSynchronizer$ConditionObject.awaitNanos(AbstractQueuedSynchronizer.java:2078)
        at java.util.concurrent.ScheduledThreadPoolExecutor$DelayedWorkQueue.take(ScheduledThreadPoolExecutor.java:1093)
        at java.util.concurrent.ScheduledThreadPoolExecutor$DelayedWorkQueue.take(ScheduledThreadPoolExecutor.java:809)
        at java.util.concurrent.ThreadPoolExecutor.getTask(ThreadPoolExecutor.java:1074)
        at java.util.concurrent.ThreadPoolExecutor.runWorker(ThreadPoolExecutor.java:1134)
        at java.util.concurrent.ThreadPoolExecutor$Worker.run(ThreadPoolExecutor.java:624)
        at java.lang.Thread.run(Thread.java:750)
"DataNode DiskChecker thread 0" daemon prio=5 tid=1120 timed_waiting
java.lang.Thread.State: TIMED_WAITING
        at sun.misc.Unsafe.park(Native Method)
        at java.util.concurrent.locks.LockSupport.parkNanos(LockSupport.java:215)
        at java.util.concurrent.SynchronousQueue$TransferStack.awaitFulfill(SynchronousQueue.java:460)
        at java.util.concurrent.SynchronousQueue$TransferStack.transfer(SynchronousQueue.java:362)
        at java.util.concurrent.SynchronousQueue.poll(SynchronousQueue.java:941)
        at java.util.concurrent.ThreadPoolExecutor.getTask(ThreadPoolExecutor.java:1073)
        at java.util.concurrent.ThreadPoolExecutor.runWorker(ThreadPoolExecutor.java:1134)
        at java.util.concurrent.ThreadPoolExecutor$Worker.run(ThreadPoolExecutor.java:624)
        at java.lang.Thread.run(Thread.java:750)
"IPC Server handler 13 on default port 15057" daemon prio=5 tid=981 timed_waiting
java.lang.Thread.State: TIMED_WAITING
        at sun.misc.Unsafe.park(Native Method)
        at java.util.concurrent.locks.LockSupport.parkNanos(LockSupport.java:215)
        at java.util.concurrent.locks.AbstractQueuedSynchronizer$ConditionObject.awaitNanos(AbstractQueuedSynchronizer.java:2078)
        at java.util.concurrent.LinkedBlockingQueue.poll(LinkedBlockingQueue.java:467)
        at org.apache.hadoop.ipc.CallQueueManager.take(CallQueueManager.java:317)
        at org.apache.hadoop.ipc.Server$Handler.run(Server.java:3014)
"IPC Server handler 16 on default port 15055" daemon prio=5 tid=914 timed_waiting
java.lang.Thread.State: TIMED_WAITING
        at sun.misc.Unsafe.park(Native Method)
        at java.util.concurrent.locks.LockSupport.parkNanos(LockSupport.java:215)
        at java.util.concurrent.locks.AbstractQueuedSynchronizer$ConditionObject.awaitNanos(AbstractQueuedSynchronizer.java:2078)
        at java.util.concurrent.LinkedBlockingQueue.poll(LinkedBlockingQueue.java:467)
        at org.apache.hadoop.ipc.CallQueueManager.take(CallQueueManager.java:317)
        at org.apache.hadoop.ipc.Server$Handler.run(Server.java:3014)
"IPC Server handler 0 on default port 15057" daemon prio=5 tid=968 timed_waiting
java.lang.Thread.State: TIMED_WAITING
        at sun.misc.Unsafe.park(Native Method)
        at java.util.concurrent.locks.LockSupport.parkNanos(LockSupport.java:215)
        at java.util.concurrent.locks.AbstractQueuedSynchronizer$ConditionObject.awaitNanos(AbstractQueuedSynchronizer.java:2078)
        at java.util.concurrent.LinkedBlockingQueue.poll(LinkedBlockingQueue.java:467)
        at org.apache.hadoop.ipc.CallQueueManager.take(CallQueueManager.java:317)
        at org.apache.hadoop.ipc.Server$Handler.run(Server.java:3014)
"IPC Server handler 19 on default port 15055" daemon prio=5 tid=917 timed_waiting
java.lang.Thread.State: TIMED_WAITING
        at sun.misc.Unsafe.park(Native Method)
        at java.util.concurrent.locks.LockSupport.parkNanos(LockSupport.java:215)
        at java.util.concurrent.locks.AbstractQueuedSynchronizer$ConditionObject.awaitNanos(AbstractQueuedSynchronizer.java:2078)
        at java.util.concurrent.LinkedBlockingQueue.poll(LinkedBlockingQueue.java:467)
        at org.apache.hadoop.ipc.CallQueueManager.take(CallQueueManager.java:317)
        at org.apache.hadoop.ipc.Server$Handler.run(Server.java:3014)
"IPC Server handler 0 on default port 15053" daemon prio=5 tid=858 timed_waiting
java.lang.Thread.State: TIMED_WAITING
        at sun.misc.Unsafe.park(Native Method)
        at java.util.concurrent.locks.LockSupport.parkNanos(LockSupport.java:215)
        at java.util.concurrent.locks.AbstractQueuedSynchronizer$ConditionObject.awaitNanos(AbstractQueuedSynchronizer.java:2078)
        at java.util.concurrent.LinkedBlockingQueue.poll(LinkedBlockingQueue.java:467)
        at org.apache.hadoop.ipc.CallQueueManager.take(CallQueueManager.java:317)
        at org.apache.hadoop.ipc.Server$Handler.run(Server.java:3014)
"IPC Server Responder" daemon prio=5 tid=945 runnable
java.lang.Thread.State: RUNNABLE
        at sun.nio.ch.EPollArrayWrapper.epollWait(Native Method)
        at sun.nio.ch.EPollArrayWrapper.poll(EPollArrayWrapper.java:269)
        at sun.nio.ch.EPollSelectorImpl.doSelect(EPollSelectorImpl.java:93)
        at sun.nio.ch.SelectorImpl.lockAndDoSelect(SelectorImpl.java:86)
        at sun.nio.ch.SelectorImpl.select(SelectorImpl.java:97)
        at org.apache.hadoop.ipc.Server$Responder.doRunLoop(Server.java:1582)
        at org.apache.hadoop.ipc.Server$Responder.run(Server.java:1565)
"Timer for 'StorageContainerManager' metrics system" daemon prio=5 tid=856 timed_waiting
java.lang.Thread.State: TIMED_WAITING
        at java.lang.Object.wait(Native Method)
        at java.util.TimerThread.mainLoop(Timer.java:552)
        at java.util.TimerThread.run(Timer.java:505)
"Datanode ReportManager Thread - 0" daemon prio=5 tid=1111 in Object.wait()
java.lang.Thread.State: WAITING (on object monitor)
        at sun.misc.Unsafe.park(Native Method)
        at java.util.concurrent.locks.LockSupport.park(LockSupport.java:175)
        at java.util.concurrent.locks.AbstractQueuedSynchronizer$ConditionObject.await(AbstractQueuedSynchronizer.java:2039)
        at java.util.concurrent.ScheduledThreadPoolExecutor$DelayedWorkQueue.take(ScheduledThreadPoolExecutor.java:1088)
        at java.util.concurrent.ScheduledThreadPoolExecutor$DelayedWorkQueue.take(ScheduledThreadPoolExecutor.java:809)
        at java.util.concurrent.ThreadPoolExecutor.getTask(ThreadPoolExecutor.java:1074)
        at java.util.concurrent.ThreadPoolExecutor.runWorker(ThreadPoolExecutor.java:1134)
        at java.util.concurrent.ThreadPoolExecutor$Worker.run(ThreadPoolExecutor.java:624)
        at java.lang.Thread.run(Thread.java:750)
"Datanode State Machine Task Thread - 1"  prio=5 tid=1200 in Object.wait()
java.lang.Thread.State: WAITING (on object monitor)
        at sun.misc.Unsafe.park(Native Method)
        at java.util.concurrent.locks.LockSupport.park(LockSupport.java:175)
        at java.util.concurrent.locks.AbstractQueuedSynchronizer$ConditionObject.await(AbstractQueuedSynchronizer.java:2039)
        at java.util.concurrent.LinkedBlockingQueue.take(LinkedBlockingQueue.java:442)
        at java.util.concurrent.ThreadPoolExecutor.getTask(ThreadPoolExecutor.java:1074)
        at java.util.concurrent.ThreadPoolExecutor.runWorker(ThreadPoolExecutor.java:1134)
        at java.util.concurrent.ThreadPoolExecutor$Worker.run(ThreadPoolExecutor.java:624)
        at java.lang.Thread.run(Thread.java:750)
"qtp181659897-1131" daemon prio=5 tid=1131 timed_waiting
java.lang.Thread.State: TIMED_WAITING
        at sun.misc.Unsafe.park(Native Method)
        at java.util.concurrent.locks.LockSupport.parkNanos(LockSupport.java:215)
        at java.util.concurrent.locks.AbstractQueuedSynchronizer$ConditionObject.awaitNanos(AbstractQueuedSynchronizer.java:2078)
        at org.eclipse.jetty.util.BlockingArrayQueue.poll(BlockingArrayQueue.java:382)
        at org.eclipse.jetty.util.thread.QueuedThreadPool$Runner.idleJobPoll(QueuedThreadPool.java:974)
        at org.eclipse.jetty.util.thread.QueuedThreadPool$Runner.run(QueuedThreadPool.java:1018)
        at java.lang.Thread.run(Thread.java:750)
"IPC Server handler 9 on default port 15057" daemon prio=5 tid=977 timed_waiting
java.lang.Thread.State: TIMED_WAITING
        at sun.misc.Unsafe.park(Native Method)
        at java.util.concurrent.locks.LockSupport.parkNanos(LockSupport.java:215)
        at java.util.concurrent.locks.AbstractQueuedSynchronizer$ConditionObject.awaitNanos(AbstractQueuedSynchronizer.java:2078)
        at java.util.concurrent.LinkedBlockingQueue.poll(LinkedBlockingQueue.java:467)
        at org.apache.hadoop.ipc.CallQueueManager.take(CallQueueManager.java:317)
        at org.apache.hadoop.ipc.Server$Handler.run(Server.java:3014)
"BlockDeletingService#1" daemon prio=5 tid=1210 in Object.wait()
java.lang.Thread.State: WAITING (on object monitor)
        at sun.misc.Unsafe.park(Native Method)
        at java.util.concurrent.locks.LockSupport.park(LockSupport.java:175)
        at java.util.concurrent.locks.AbstractQueuedSynchronizer$ConditionObject.await(AbstractQueuedSynchronizer.java:2039)
        at java.util.concurrent.ScheduledThreadPoolExecutor$DelayedWorkQueue.take(ScheduledThreadPoolExecutor.java:1088)
        at java.util.concurrent.ScheduledThreadPoolExecutor$DelayedWorkQueue.take(ScheduledThreadPoolExecutor.java:809)
        at java.util.concurrent.ThreadPoolExecutor.getTask(ThreadPoolExecutor.java:1074)
        at java.util.concurrent.ThreadPoolExecutor.runWorker(ThreadPoolExecutor.java:1134)
        at java.util.concurrent.ThreadPoolExecutor$Worker.run(ThreadPoolExecutor.java:624)
        at java.lang.Thread.run(Thread.java:750)
"FullTableCache Cleanup Thread - 0" daemon prio=5 tid=1331 in Object.wait()
java.lang.Thread.State: WAITING (on object monitor)
        at sun.misc.Unsafe.park(Native Method)
        at java.util.concurrent.locks.LockSupport.park(LockSupport.java:175)
        at java.util.concurrent.locks.AbstractQueuedSynchronizer$ConditionObject.await(AbstractQueuedSynchronizer.java:2039)
        at java.util.concurrent.LinkedBlockingQueue.take(LinkedBlockingQueue.java:442)
        at java.util.concurrent.ThreadPoolExecutor.getTask(ThreadPoolExecutor.java:1074)
        at java.util.concurrent.ThreadPoolExecutor.runWorker(ThreadPoolExecutor.java:1134)
        at java.util.concurrent.ThreadPoolExecutor$Worker.run(ThreadPoolExecutor.java:624)
        at java.lang.Thread.run(Thread.java:750)
"ChunkWriter-0-0" daemon prio=5 tid=1154 in Object.wait()
java.lang.Thread.State: WAITING (on object monitor)
        at sun.misc.Unsafe.park(Native Method)
        at java.util.concurrent.locks.LockSupport.park(LockSupport.java:175)
        at java.util.concurrent.locks.AbstractQueuedSynchronizer$ConditionObject.await(AbstractQueuedSynchronizer.java:2039)
        at java.util.concurrent.LinkedBlockingDeque.takeFirst(LinkedBlockingDeque.java:492)
        at java.util.concurrent.LinkedBlockingDeque.take(LinkedBlockingDeque.java:680)
        at java.util.concurrent.ThreadPoolExecutor.getTask(ThreadPoolExecutor.java:1074)
        at java.util.concurrent.ThreadPoolExecutor.runWorker(ThreadPoolExecutor.java:1134)
        at java.util.concurrent.ThreadPoolExecutor$Worker.run(ThreadPoolExecutor.java:624)
        at java.lang.Thread.run(Thread.java:750)
"IPC Server handler 13 on default port 15053" daemon prio=5 tid=871 timed_waiting
java.lang.Thread.State: TIMED_WAITING
        at sun.misc.Unsafe.park(Native Method)
        at java.util.concurrent.locks.LockSupport.parkNanos(LockSupport.java:215)
        at java.util.concurrent.locks.AbstractQueuedSynchronizer$ConditionObject.awaitNanos(AbstractQueuedSynchronizer.java:2078)
        at java.util.concurrent.LinkedBlockingQueue.poll(LinkedBlockingQueue.java:467)
        at org.apache.hadoop.ipc.CallQueueManager.take(CallQueueManager.java:317)
        at org.apache.hadoop.ipc.Server$Handler.run(Server.java:3014)
"Socket Reader #1 for port 15053" daemon prio=5 tid=842 runnable
java.lang.Thread.State: RUNNABLE
        at sun.nio.ch.EPollArrayWrapper.epollWait(Native Method)
        at sun.nio.ch.EPollArrayWrapper.poll(EPollArrayWrapper.java:269)
        at sun.nio.ch.EPollSelectorImpl.doSelect(EPollSelectorImpl.java:93)
        at sun.nio.ch.SelectorImpl.lockAndDoSelect(SelectorImpl.java:86)
        at sun.nio.ch.SelectorImpl.select(SelectorImpl.java:97)
        at sun.nio.ch.SelectorImpl.select(SelectorImpl.java:101)
        at org.apache.hadoop.ipc.Server$Listener$Reader.doRunLoop(Server.java:1346)
        at org.apache.hadoop.ipc.Server$Listener$Reader.run(Server.java:1325)
"IPC Server handler 11 on default port 15054" daemon prio=5 tid=889 timed_waiting
java.lang.Thread.State: TIMED_WAITING
        at sun.misc.Unsafe.park(Native Method)
        at java.util.concurrent.locks.LockSupport.parkNanos(LockSupport.java:215)
        at java.util.concurrent.locks.AbstractQueuedSynchronizer$ConditionObject.awaitNanos(AbstractQueuedSynchronizer.java:2078)
        at java.util.concurrent.LinkedBlockingQueue.poll(LinkedBlockingQueue.java:467)
        at org.apache.hadoop.ipc.CallQueueManager.take(CallQueueManager.java:317)
        at org.apache.hadoop.ipc.Server$Handler.run(Server.java:3014)
"StaleRecoveringContainerScrubbingService#1" daemon prio=5 tid=1211 in Object.wait()
java.lang.Thread.State: WAITING (on object monitor)
        at sun.misc.Unsafe.park(Native Method)
        at java.util.concurrent.locks.LockSupport.park(LockSupport.java:175)
        at java.util.concurrent.locks.AbstractQueuedSynchronizer$ConditionObject.await(AbstractQueuedSynchronizer.java:2039)
        at java.util.concurrent.ScheduledThreadPoolExecutor$DelayedWorkQueue.take(ScheduledThreadPoolExecutor.java:1088)
        at java.util.concurrent.ScheduledThreadPoolExecutor$DelayedWorkQueue.take(ScheduledThreadPoolExecutor.java:809)
        at java.util.concurrent.ThreadPoolExecutor.getTask(ThreadPoolExecutor.java:1074)
        at java.util.concurrent.ThreadPoolExecutor.runWorker(ThreadPoolExecutor.java:1134)
        at java.util.concurrent.ThreadPoolExecutor$Worker.run(ThreadPoolExecutor.java:624)
        at java.lang.Thread.run(Thread.java:750)
"Time-limited test" daemon prio=5 tid=822 runnable
java.lang.Thread.State: RUNNABLE
        at java.lang.Thread.dumpThreads(Native Method)
        at java.lang.Thread.getAllStackTraces(Thread.java:1615)
        at org.apache.ozone.test.TimedOutTestsListener.buildThreadDump(TimedOutTestsListener.java:93)
        at org.apache.ozone.test.TimedOutTestsListener.buildThreadDiagnosticString(TimedOutTestsListener.java:79)
        at org.apache.ozone.test.GenericTestUtils.waitFor(GenericTestUtils.java:232)
        at org.apache.hadoop.ozone.container.TestHelper.waitForReplicaCount(TestHelper.java:440)
        at org.apache.hadoop.ozone.container.TestContainerReplication.testContainerReplication(TestContainerReplication.java:134)
        at sun.reflect.NativeMethodAccessorImpl.invoke0(Native Method)
        at sun.reflect.NativeMethodAccessorImpl.invoke(NativeMethodAccessorImpl.java:62)
        at sun.reflect.DelegatingMethodAccessorImpl.invoke(DelegatingMethodAccessorImpl.java:43)
        at java.lang.reflect.Method.invoke(Method.java:498)
        at org.junit.runners.model.FrameworkMethod$1.runReflectiveCall(FrameworkMethod.java:59)
        at org.junit.internal.runners.model.ReflectiveCallable.run(ReflectiveCallable.java:12)
        at org.junit.runners.model.FrameworkMethod.invokeExplosively(FrameworkMethod.java:56)
        at org.junit.internal.runners.statements.InvokeMethod.evaluate(InvokeMethod.java:17)
        at org.junit.internal.runners.statements.RunBefores.evaluate(RunBefores.java:26)
        at org.junit.internal.runners.statements.RunAfters.evaluate(RunAfters.java:27)
        at org.junit.internal.runners.statements.FailOnTimeout$CallableStatement.call(FailOnTimeout.java:288)
        at org.junit.internal.runners.statements.FailOnTimeout$CallableStatement.call(FailOnTimeout.java:282)
        at java.util.concurrent.FutureTask.run(FutureTask.java:266)
        at java.lang.Thread.run(Thread.java:750)
"FixedThreadPoolWithAffinityExecutor-4-0" daemon prio=5 tid=850 timed_waiting
java.lang.Thread.State: TIMED_WAITING
        at sun.misc.Unsafe.park(Native Method)
        at java.util.concurrent.locks.LockSupport.parkNanos(LockSupport.java:215)
        at java.util.concurrent.locks.AbstractQueuedSynchronizer$ConditionObject.awaitNanos(AbstractQueuedSynchronizer.java:2078)
        at java.util.concurrent.LinkedBlockingQueue.poll(LinkedBlockingQueue.java:467)
        at org.apache.hadoop.hdds.scm.server.ContainerReportQueue.poll(ContainerReportQueue.java:266)
        at org.apache.hadoop.hdds.scm.server.ContainerReportQueue.poll(ContainerReportQueue.java:42)
        at org.apache.hadoop.hdds.server.events.FixedThreadPoolWithAffinityExecutor$ContainerReportProcessTask.run(FixedThreadPoolWithAffinityExecutor.java:247)
        at java.util.concurrent.Executors$RunnableAdapter.call(Executors.java:511)
        at java.util.concurrent.FutureTask.run(FutureTask.java:266)
        at java.util.concurrent.ThreadPoolExecutor.runWorker(ThreadPoolExecutor.java:1149)
        at java.util.concurrent.ThreadPoolExecutor$Worker.run(ThreadPoolExecutor.java:624)
        at java.lang.Thread.run(Thread.java:750)
"JvmPauseMonitor12" daemon prio=5 tid=1194 timed_waiting
java.lang.Thread.State: TIMED_WAITING
        at java.lang.Thread.sleep(Native Method)
        at java.lang.Thread.sleep(Thread.java:342)
        at java.util.concurrent.TimeUnit.sleep(TimeUnit.java:386)
        at org.apache.ratis.util.TimeDuration.sleep(TimeDuration.java:325)
        at org.apache.ratis.util.TimeDuration.sleep(TimeDuration.java:310)
        at org.apache.ratis.util.JvmPauseMonitor.detectPause(JvmPauseMonitor.java:117)
        at org.apache.ratis.util.JvmPauseMonitor.run(JvmPauseMonitor.java:106)
        at org.apache.ratis.util.JvmPauseMonitor$$Lambda$417/955058382.run(Unknown Source)
        at java.lang.Thread.run(Thread.java:750)
"OMDoubleBufferFlushThread" daemon prio=5 tid=937 timed_waiting
java.lang.Thread.State: TIMED_WAITING
        at java.lang.Object.wait(Native Method)
        at org.apache.hadoop.ozone.om.ratis.OzoneManagerDoubleBuffer.canFlush(OzoneManagerDoubleBuffer.java:627)
        at org.apache.hadoop.ozone.om.ratis.OzoneManagerDoubleBuffer.flushTransactions(OzoneManagerDoubleBuffer.java:278)
        at org.apache.hadoop.ozone.om.ratis.OzoneManagerDoubleBuffer$$Lambda$560/2043106891.run(Unknown Source)
        at java.lang.Thread.run(Thread.java:750)
"IPC Server Responder" daemon prio=5 tid=1107 runnable
java.lang.Thread.State: RUNNABLE
        at sun.nio.ch.EPollArrayWrapper.epollWait(Native Method)
        at sun.nio.ch.EPollArrayWrapper.poll(EPollArrayWrapper.java:269)
        at sun.nio.ch.EPollSelectorImpl.doSelect(EPollSelectorImpl.java:93)
        at sun.nio.ch.SelectorImpl.lockAndDoSelect(SelectorImpl.java:86)
        at sun.nio.ch.SelectorImpl.select(SelectorImpl.java:97)
        at org.apache.hadoop.ipc.Server$Responder.doRunLoop(Server.java:1582)
        at org.apache.hadoop.ipc.Server$Responder.run(Server.java:1565)
"IPC Server handler 9 on default port 15053" daemon prio=5 tid=867 timed_waiting
java.lang.Thread.State: TIMED_WAITING
        at sun.misc.Unsafe.park(Native Method)
        at java.util.concurrent.locks.LockSupport.parkNanos(LockSupport.java:215)
        at java.util.concurrent.locks.AbstractQueuedSynchronizer$ConditionObject.awaitNanos(AbstractQueuedSynchronizer.java:2078)
        at java.util.concurrent.LinkedBlockingQueue.poll(LinkedBlockingQueue.java:467)
        at org.apache.hadoop.ipc.CallQueueManager.take(CallQueueManager.java:317)
        at org.apache.hadoop.ipc.Server$Handler.run(Server.java:3014)
"Reference Handler" daemon prio=10 tid=2 in Object.wait()
java.lang.Thread.State: WAITING (on object monitor)
        at java.lang.Object.wait(Native Method)
        at java.lang.Object.wait(Object.java:502)
        at java.lang.ref.Reference.tryHandlePending(Reference.java:191)
        at java.lang.ref.Reference$ReferenceHandler.run(Reference.java:153)
"ContainerReplicationThread-0" daemon prio=5 tid=1425 runnable
java.lang.Thread.State: RUNNABLE
        at sun.nio.fs.AbstractBasicFileAttributeView$AttributesBuilder.create(AbstractBasicFileAttributeView.java:112)
        at sun.nio.fs.UnixFileAttributeViews$Unix.readAttributes(UnixFileAttributeViews.java:344)
        at sun.nio.fs.AbstractFileSystemProvider.readAttributes(AbstractFileSystemProvider.java:92)
        at java.nio.file.Files.readAttributes(Files.java:1964)
        at java.nio.file.Files.getAttribute(Files.java:1869)
        at org.apache.commons.compress.archivers.tar.TarArchiveEntry.readOsSpecificProperties(TarArchiveEntry.java:481)
        at org.apache.commons.compress.archivers.tar.TarArchiveEntry.<init>(TarArchiveEntry.java:436)
        at org.apache.commons.compress.archivers.tar.TarArchiveOutputStream.createArchiveEntry(TarArchiveOutputStream.java:558)
        at org.apache.hadoop.ozone.container.keyvalue.TarContainerPacker.includePath(TarContainerPacker.java:247)
        at org.apache.hadoop.ozone.container.keyvalue.TarContainerPacker.pack(TarContainerPacker.java:164)
        at org.apache.hadoop.ozone.container.keyvalue.KeyValueContainer.packContainerToDestination(KeyValueContainer.java:940)
        at org.apache.hadoop.ozone.container.keyvalue.KeyValueContainer.exportContainerData(KeyValueContainer.java:650)
        at org.apache.hadoop.ozone.container.keyvalue.KeyValueHandler.exportContainer(KeyValueHandler.java:1047)
        at org.apache.hadoop.ozone.container.ozoneimpl.ContainerController.exportContainer(ContainerController.java:167)
        at org.apache.hadoop.ozone.container.replication.OnDemandContainerReplicationSource.copyData(OnDemandContainerReplicationSource.java:62)
        at org.apache.hadoop.ozone.container.replication.PushReplicator.replicate(PushReplicator.java:67)
        at org.apache.hadoop.ozone.container.replication.MeasuredReplicator.replicate(MeasuredReplicator.java:83)
        at org.apache.hadoop.ozone.container.replication.ReplicationTask.runTask(ReplicationTask.java:122)
        at org.apache.hadoop.ozone.container.replication.ReplicationSupervisor$TaskRunner.run(ReplicationSupervisor.java:357)
        at java.util.concurrent.ThreadPoolExecutor.runWorker(ThreadPoolExecutor.java:1149)
        at java.util.concurrent.ThreadPoolExecutor$Worker.run(ThreadPoolExecutor.java:624)
        at java.lang.Thread.run(Thread.java:750)
"Signal Dispatcher" daemon prio=9 tid=4 runnable
java.lang.Thread.State: RUNNABLE
"qtp927182113-1004" daemon prio=5 tid=1004 timed_waiting
java.lang.Thread.State: TIMED_WAITING
        at sun.misc.Unsafe.park(Native Method)
        at java.util.concurrent.locks.LockSupport.parkNanos(LockSupport.java:215)
        at java.util.concurrent.locks.AbstractQueuedSynchronizer$ConditionObject.awaitNanos(AbstractQueuedSynchronizer.java:2078)
        at org.eclipse.jetty.util.BlockingArrayQueue.poll(BlockingArrayQueue.java:382)
        at org.eclipse.jetty.util.thread.QueuedThreadPool$Runner.idleJobPoll(QueuedThreadPool.java:974)
        at org.eclipse.jetty.util.thread.QueuedThreadPool$Runner.run(QueuedThreadPool.java:1018)
        at java.lang.Thread.run(Thread.java:750)
"PartialTableCache Cleanup Thread - 0" daemon prio=5 tid=564 in Object.wait()
java.lang.Thread.State: WAITING (on object monitor)
        at sun.misc.Unsafe.park(Native Method)
        at java.util.concurrent.locks.LockSupport.park(LockSupport.java:175)
        at java.util.concurrent.locks.AbstractQueuedSynchronizer$ConditionObject.await(AbstractQueuedSynchronizer.java:2039)
        at java.util.concurrent.LinkedBlockingQueue.take(LinkedBlockingQueue.java:442)
        at java.util.concurrent.ThreadPoolExecutor.getTask(ThreadPoolExecutor.java:1074)
        at java.util.concurrent.ThreadPoolExecutor.runWorker(ThreadPoolExecutor.java:1134)
        at java.util.concurrent.ThreadPoolExecutor$Worker.run(ThreadPoolExecutor.java:624)
        at java.lang.Thread.run(Thread.java:750)
"pool-383-thread-1" daemon prio=5 tid=1121 timed_waiting
java.lang.Thread.State: TIMED_WAITING
        at sun.misc.Unsafe.park(Native Method)
        at java.util.concurrent.locks.LockSupport.parkNanos(LockSupport.java:215)
        at java.util.concurrent.locks.AbstractQueuedSynchronizer$ConditionObject.awaitNanos(AbstractQueuedSynchronizer.java:2078)
        at java.util.concurrent.ScheduledThreadPoolExecutor$DelayedWorkQueue.take(ScheduledThreadPoolExecutor.java:1093)
        at java.util.concurrent.ScheduledThreadPoolExecutor$DelayedWorkQueue.take(ScheduledThreadPoolExecutor.java:809)
        at java.util.concurrent.ThreadPoolExecutor.getTask(ThreadPoolExecutor.java:1074)
        at java.util.concurrent.ThreadPoolExecutor.runWorker(ThreadPoolExecutor.java:1134)
        at java.util.concurrent.ThreadPoolExecutor$Worker.run(ThreadPoolExecutor.java:624)
        at java.lang.Thread.run(Thread.java:750)
"IPC Server Responder" daemon prio=5 tid=839 runnable
java.lang.Thread.State: RUNNABLE
        at sun.nio.ch.EPollArrayWrapper.epollWait(Native Method)
        at sun.nio.ch.EPollArrayWrapper.poll(EPollArrayWrapper.java:269)
        at sun.nio.ch.EPollSelectorImpl.doSelect(EPollSelectorImpl.java:93)
        at sun.nio.ch.SelectorImpl.lockAndDoSelect(SelectorImpl.java:86)
        at sun.nio.ch.SelectorImpl.select(SelectorImpl.java:97)
        at org.apache.hadoop.ipc.Server$Responder.doRunLoop(Server.java:1582)
        at org.apache.hadoop.ipc.Server$Responder.run(Server.java:1565)
"Hadoop-Metrics-Updater-0" daemon prio=5 tid=1074 timed_waiting
java.lang.Thread.State: TIMED_WAITING
        at sun.misc.Unsafe.park(Native Method)
        at java.util.concurrent.locks.LockSupport.parkNanos(LockSupport.java:215)
        at java.util.concurrent.locks.AbstractQueuedSynchronizer$ConditionObject.awaitNanos(AbstractQueuedSynchronizer.java:2078)
        at java.util.concurrent.ScheduledThreadPoolExecutor$DelayedWorkQueue.take(ScheduledThreadPoolExecutor.java:1093)
        at java.util.concurrent.ScheduledThreadPoolExecutor$DelayedWorkQueue.take(ScheduledThreadPoolExecutor.java:809)
        at java.util.concurrent.ThreadPoolExecutor.getTask(ThreadPoolExecutor.java:1074)
        at java.util.concurrent.ThreadPoolExecutor.runWorker(ThreadPoolExecutor.java:1134)
        at java.util.concurrent.ThreadPoolExecutor$Worker.run(ThreadPoolExecutor.java:624)
        at java.lang.Thread.run(Thread.java:750)
"PipelineCommandHandlerThread-0"  prio=5 tid=1273 in Object.wait()
java.lang.Thread.State: WAITING (on object monitor)
        at sun.misc.Unsafe.park(Native Method)
        at java.util.concurrent.locks.LockSupport.park(LockSupport.java:175)
        at java.util.concurrent.locks.AbstractQueuedSynchronizer$ConditionObject.await(AbstractQueuedSynchronizer.java:2039)
        at java.util.concurrent.LinkedBlockingQueue.take(LinkedBlockingQueue.java:442)
        at java.util.concurrent.ThreadPoolExecutor.getTask(ThreadPoolExecutor.java:1074)
        at java.util.concurrent.ThreadPoolExecutor.runWorker(ThreadPoolExecutor.java:1134)
        at java.util.concurrent.ThreadPoolExecutor$Worker.run(ThreadPoolExecutor.java:624)
        at java.lang.Thread.run(Thread.java:750)
"qtp927182113-1003" daemon prio=5 tid=1003 timed_waiting
java.lang.Thread.State: TIMED_WAITING
        at sun.misc.Unsafe.park(Native Method)
        at java.util.concurrent.locks.LockSupport.parkNanos(LockSupport.java:215)
        at java.util.concurrent.locks.AbstractQueuedSynchronizer$ConditionObject.awaitNanos(AbstractQueuedSynchronizer.java:2078)
        at org.eclipse.jetty.util.BlockingArrayQueue.poll(BlockingArrayQueue.java:382)
        at org.eclipse.jetty.util.thread.QueuedThreadPool$Runner.idleJobPoll(QueuedThreadPool.java:974)
        at org.eclipse.jetty.util.thread.QueuedThreadPool$Runner.run(QueuedThreadPool.java:1018)
        at java.lang.Thread.run(Thread.java:750)
"IPC Server handler 5 on default port 15057" daemon prio=5 tid=973 timed_waiting
java.lang.Thread.State: TIMED_WAITING
        at sun.misc.Unsafe.park(Native Method)
        at java.util.concurrent.locks.LockSupport.parkNanos(LockSupport.java:215)
        at java.util.concurrent.locks.AbstractQueuedSynchronizer$ConditionObject.awaitNanos(AbstractQueuedSynchronizer.java:2078)
        at java.util.concurrent.LinkedBlockingQueue.poll(LinkedBlockingQueue.java:467)
        at org.apache.hadoop.ipc.CallQueueManager.take(CallQueueManager.java:317)
        at org.apache.hadoop.ipc.Server$Handler.run(Server.java:3014)
"PipelineCommandHandlerThread-0"  prio=5 tid=1266 in Object.wait()
java.lang.Thread.State: WAITING (on object monitor)
        at sun.misc.Unsafe.park(Native Method)
        at java.util.concurrent.locks.LockSupport.park(LockSupport.java:175)
        at java.util.concurrent.locks.AbstractQueuedSynchronizer$ConditionObject.await(AbstractQueuedSynchronizer.java:2039)
        at java.util.concurrent.LinkedBlockingQueue.take(LinkedBlockingQueue.java:442)
        at java.util.concurrent.ThreadPoolExecutor.getTask(ThreadPoolExecutor.java:1074)
        at java.util.concurrent.ThreadPoolExecutor.runWorker(ThreadPoolExecutor.java:1134)
        at java.util.concurrent.ThreadPoolExecutor$Worker.run(ThreadPoolExecutor.java:624)
        at java.lang.Thread.run(Thread.java:750)
"Datanode ReportManager Thread - 2" daemon prio=5 tid=1079 in Object.wait()
java.lang.Thread.State: WAITING (on object monitor)
        at sun.misc.Unsafe.park(Native Method)
        at java.util.concurrent.locks.LockSupport.park(LockSupport.java:175)
        at java.util.concurrent.locks.AbstractQueuedSynchronizer$ConditionObject.await(AbstractQueuedSynchronizer.java:2039)
        at java.util.concurrent.ScheduledThreadPoolExecutor$DelayedWorkQueue.take(ScheduledThreadPoolExecutor.java:1088)
        at java.util.concurrent.ScheduledThreadPoolExecutor$DelayedWorkQueue.take(ScheduledThreadPoolExecutor.java:809)
        at java.util.concurrent.ThreadPoolExecutor.getTask(ThreadPoolExecutor.java:1074)
        at java.util.concurrent.ThreadPoolExecutor.runWorker(ThreadPoolExecutor.java:1134)
        at java.util.concurrent.ThreadPoolExecutor$Worker.run(ThreadPoolExecutor.java:624)
        at java.lang.Thread.run(Thread.java:750)
"Lease Manager-LeaseManager#LeaseMonitor" daemon prio=5 tid=919 timed_waiting
java.lang.Thread.State: TIMED_WAITING
        at sun.misc.Unsafe.park(Native Method)
        at java.util.concurrent.locks.LockSupport.parkNanos(LockSupport.java:215)
        at java.util.concurrent.locks.AbstractQueuedSynchronizer.doAcquireSharedNanos(AbstractQueuedSynchronizer.java:1037)
        at java.util.concurrent.locks.AbstractQueuedSynchronizer.tryAcquireSharedNanos(AbstractQueuedSynchronizer.java:1328)
        at java.util.concurrent.Semaphore.tryAcquire(Semaphore.java:409)
        at org.apache.hadoop.ozone.lease.LeaseManager$LeaseMonitor.run(LeaseManager.java:270)
        at java.lang.Thread.run(Thread.java:750)
"Periodic HDDS volume checker" daemon prio=5 tid=1119 timed_waiting
java.lang.Thread.State: TIMED_WAITING
        at sun.misc.Unsafe.park(Native Method)
        at java.util.concurrent.locks.LockSupport.parkNanos(LockSupport.java:215)
        at java.util.concurrent.locks.AbstractQueuedSynchronizer$ConditionObject.awaitNanos(AbstractQueuedSynchronizer.java:2078)
        at java.util.concurrent.ScheduledThreadPoolExecutor$DelayedWorkQueue.take(ScheduledThreadPoolExecutor.java:1093)
        at java.util.concurrent.ScheduledThreadPoolExecutor$DelayedWorkQueue.take(ScheduledThreadPoolExecutor.java:809)
        at java.util.concurrent.ThreadPoolExecutor.getTask(ThreadPoolExecutor.java:1074)
        at java.util.concurrent.ThreadPoolExecutor.runWorker(ThreadPoolExecutor.java:1134)
        at java.util.concurrent.ThreadPoolExecutor$Worker.run(ThreadPoolExecutor.java:624)
        at java.lang.Thread.run(Thread.java:750)
"Datanode State Machine Daemon Thread" daemon prio=5 tid=1076 timed_waiting
java.lang.Thread.State: TIMED_WAITING
        at java.lang.Thread.sleep(Native Method)
        at org.apache.hadoop.ozone.container.common.statemachine.DatanodeStateMachine.startStateMachineThread(DatanodeStateMachine.java:349)
        at org.apache.hadoop.ozone.container.common.statemachine.DatanodeStateMachine.lambda$startDaemon$0(DatanodeStateMachine.java:532)
        at org.apache.hadoop.ozone.container.common.statemachine.DatanodeStateMachine$$Lambda$882/967624177.run(Unknown Source)
        at java.lang.Thread.run(Thread.java:750)
"IPC Server handler 18 on default port 15055" daemon prio=5 tid=916 timed_waiting
java.lang.Thread.State: TIMED_WAITING
        at sun.misc.Unsafe.park(Native Method)
        at java.util.concurrent.locks.LockSupport.parkNanos(LockSupport.java:215)
        at java.util.concurrent.locks.AbstractQueuedSynchronizer$ConditionObject.awaitNanos(AbstractQueuedSynchronizer.java:2078)
        at java.util.concurrent.LinkedBlockingQueue.poll(LinkedBlockingQueue.java:467)
        at org.apache.hadoop.ipc.CallQueueManager.take(CallQueueManager.java:317)
        at org.apache.hadoop.ipc.Server$Handler.run(Server.java:3014)
"IPC Client (867555783) connection to 0.0.0.0/0.0.0.0:15055 from runner" daemon prio=5 tid=1152 timed_waiting
java.lang.Thread.State: TIMED_WAITING
        at java.lang.Object.wait(Native Method)
        at org.apache.hadoop.ipc.Client$Connection.waitForWork(Client.java:1026)
        at org.apache.hadoop.ipc.Client$Connection.run(Client.java:1077)
"KeyDeletingService#0" daemon prio=5 tid=954 timed_waiting
java.lang.Thread.State: TIMED_WAITING
        at sun.misc.Unsafe.park(Native Method)
        at java.util.concurrent.locks.LockSupport.parkNanos(LockSupport.java:215)
        at java.util.concurrent.locks.AbstractQueuedSynchronizer$ConditionObject.awaitNanos(AbstractQueuedSynchronizer.java:2078)
        at java.util.concurrent.ScheduledThreadPoolExecutor$DelayedWorkQueue.take(ScheduledThreadPoolExecutor.java:1093)
        at java.util.concurrent.ScheduledThreadPoolExecutor$DelayedWorkQueue.take(ScheduledThreadPoolExecutor.java:809)
        at java.util.concurrent.ThreadPoolExecutor.getTask(ThreadPoolExecutor.java:1074)
        at java.util.concurrent.ThreadPoolExecutor.runWorker(ThreadPoolExecutor.java:1134)
        at java.util.concurrent.ThreadPoolExecutor$Worker.run(ThreadPoolExecutor.java:624)
        at java.lang.Thread.run(Thread.java:750)
"ChunkReader-ELG-0" daemon prio=5 tid=1159 runnable
java.lang.Thread.State: RUNNABLE
        at org.apache.ratis.thirdparty.io.netty.channel.epoll.Native.epollWait(Native Method)
        at org.apache.ratis.thirdparty.io.netty.channel.epoll.Native.epollWait(Native.java:209)
        at org.apache.ratis.thirdparty.io.netty.channel.epoll.Native.epollWait(Native.java:202)
        at org.apache.ratis.thirdparty.io.netty.channel.epoll.EpollEventLoop.epollWaitNoTimerChange(EpollEventLoop.java:306)
        at org.apache.ratis.thirdparty.io.netty.channel.epoll.EpollEventLoop.run(EpollEventLoop.java:363)
        at org.apache.ratis.thirdparty.io.netty.util.concurrent.SingleThreadEventExecutor$4.run(SingleThreadEventExecutor.java:997)
        at org.apache.ratis.thirdparty.io.netty.util.internal.ThreadExecutorMap$2.run(ThreadExecutorMap.java:74)
        at java.lang.Thread.run(Thread.java:750)
"IPC Server idle connection scanner for port 15099" daemon prio=5 tid=1138 timed_waiting
java.lang.Thread.State: TIMED_WAITING
        at java.lang.Object.wait(Native Method)
        at java.util.TimerThread.mainLoop(Timer.java:552)
        at java.util.TimerThread.run(Timer.java:505)
"EventQueue-StaleNodeForStaleNodeHandler" daemon prio=5 tid=1418 in Object.wait()
java.lang.Thread.State: WAITING (on object monitor)
        at sun.misc.Unsafe.park(Native Method)
        at java.util.concurrent.locks.LockSupport.park(LockSupport.java:175)
        at java.util.concurrent.locks.AbstractQueuedSynchronizer$ConditionObject.await(AbstractQueuedSynchronizer.java:2039)
        at java.util.concurrent.LinkedBlockingQueue.take(LinkedBlockingQueue.java:442)
        at java.util.concurrent.ThreadPoolExecutor.getTask(ThreadPoolExecutor.java:1074)
        at java.util.concurrent.ThreadPoolExecutor.runWorker(ThreadPoolExecutor.java:1134)
        at java.util.concurrent.ThreadPoolExecutor$Worker.run(ThreadPoolExecutor.java:624)
        at java.lang.Thread.run(Thread.java:750)
"SstFilteringService#0" daemon prio=5 tid=956 timed_waiting
java.lang.Thread.State: TIMED_WAITING
        at sun.misc.Unsafe.park(Native Method)
        at java.util.concurrent.locks.LockSupport.parkNanos(LockSupport.java:215)
        at java.util.concurrent.locks.AbstractQueuedSynchronizer$ConditionObject.awaitNanos(AbstractQueuedSynchronizer.java:2078)
        at java.util.concurrent.ScheduledThreadPoolExecutor$DelayedWorkQueue.take(ScheduledThreadPoolExecutor.java:1093)
        at java.util.concurrent.ScheduledThreadPoolExecutor$DelayedWorkQueue.take(ScheduledThreadPoolExecutor.java:809)
        at java.util.concurrent.ThreadPoolExecutor.getTask(ThreadPoolExecutor.java:1074)
        at java.util.concurrent.ThreadPoolExecutor.runWorker(ThreadPoolExecutor.java:1134)
        at java.util.concurrent.ThreadPoolExecutor$Worker.run(ThreadPoolExecutor.java:624)
        at java.lang.Thread.run(Thread.java:750)
"pool-359-thread-1" daemon prio=5 tid=1087 timed_waiting
java.lang.Thread.State: TIMED_WAITING
        at sun.misc.Unsafe.park(Native Method)
        at java.util.concurrent.locks.LockSupport.parkNanos(LockSupport.java:215)
        at java.util.concurrent.locks.AbstractQueuedSynchronizer$ConditionObject.awaitNanos(AbstractQueuedSynchronizer.java:2078)
        at java.util.concurrent.ScheduledThreadPoolExecutor$DelayedWorkQueue.take(ScheduledThreadPoolExecutor.java:1093)
        at java.util.concurrent.ScheduledThreadPoolExecutor$DelayedWorkQueue.take(ScheduledThreadPoolExecutor.java:809)
        at java.util.concurrent.ThreadPoolExecutor.getTask(ThreadPoolExecutor.java:1074)
        at java.util.concurrent.ThreadPoolExecutor.runWorker(ThreadPoolExecutor.java:1134)
        at java.util.concurrent.ThreadPoolExecutor$Worker.run(ThreadPoolExecutor.java:624)
        at java.lang.Thread.run(Thread.java:750)
"qtp1738073700-1062-acceptor-0@57861a95-ServerConnector@59670b62{HTTP/1.1, (http/1.1)}{0.0.0.0:15080}" daemon prio=3 tid=1062 runnable
java.lang.Thread.State: RUNNABLE
        at sun.nio.ch.ServerSocketChannelImpl.accept0(Native Method)
        at sun.nio.ch.ServerSocketChannelImpl.accept(ServerSocketChannelImpl.java:421)
        at sun.nio.ch.ServerSocketChannelImpl.accept(ServerSocketChannelImpl.java:249)
        at org.eclipse.jetty.server.ServerConnector.accept(ServerConnector.java:388)
        at org.eclipse.jetty.server.AbstractConnector$Acceptor.run(AbstractConnector.java:704)
        at org.eclipse.jetty.util.thread.QueuedThreadPool.runJob(QueuedThreadPool.java:883)
        at org.eclipse.jetty.util.thread.QueuedThreadPool$Runner.run(QueuedThreadPool.java:1034)
        at java.lang.Thread.run(Thread.java:750)
"IPC Server handler 15 on default port 15055" daemon prio=5 tid=913 timed_waiting
java.lang.Thread.State: TIMED_WAITING
        at sun.misc.Unsafe.park(Native Method)
        at java.util.concurrent.locks.LockSupport.parkNanos(LockSupport.java:215)
        at java.util.concurrent.locks.AbstractQueuedSynchronizer$ConditionObject.awaitNanos(AbstractQueuedSynchronizer.java:2078)
        at java.util.concurrent.LinkedBlockingQueue.poll(LinkedBlockingQueue.java:467)
        at org.apache.hadoop.ipc.CallQueueManager.take(CallQueueManager.java:317)
        at org.apache.hadoop.ipc.Server$Handler.run(Server.java:3014)
"IPC Server handler 10 on default port 15053" daemon prio=5 tid=868 timed_waiting
java.lang.Thread.State: TIMED_WAITING
        at sun.misc.Unsafe.park(Native Method)
        at java.util.concurrent.locks.LockSupport.parkNanos(LockSupport.java:215)
        at java.util.concurrent.locks.AbstractQueuedSynchronizer$ConditionObject.awaitNanos(AbstractQueuedSynchronizer.java:2078)
        at java.util.concurrent.LinkedBlockingQueue.poll(LinkedBlockingQueue.java:467)
        at org.apache.hadoop.ipc.CallQueueManager.take(CallQueueManager.java:317)
        at org.apache.hadoop.ipc.Server$Handler.run(Server.java:3014)
"om1-client-thread1" daemon prio=5 tid=1326 timed_waiting
java.lang.Thread.State: TIMED_WAITING
        at sun.misc.Unsafe.park(Native Method)
        at java.util.concurrent.locks.LockSupport.parkNanos(LockSupport.java:215)
        at java.util.concurrent.SynchronousQueue$TransferStack.awaitFulfill(SynchronousQueue.java:460)
        at java.util.concurrent.SynchronousQueue$TransferStack.transfer(SynchronousQueue.java:362)
        at java.util.concurrent.SynchronousQueue.poll(SynchronousQueue.java:941)
        at java.util.concurrent.ThreadPoolExecutor.getTask(ThreadPoolExecutor.java:1073)
        at java.util.concurrent.ThreadPoolExecutor.runWorker(ThreadPoolExecutor.java:1134)
        at java.util.concurrent.ThreadPoolExecutor$Worker.run(ThreadPoolExecutor.java:624)
        at java.lang.Thread.run(Thread.java:750)
"BlockDeletingService#0" daemon prio=5 tid=1160 timed_waiting
java.lang.Thread.State: TIMED_WAITING
        at sun.misc.Unsafe.park(Native Method)
        at java.util.concurrent.locks.LockSupport.parkNanos(LockSupport.java:215)
        at java.util.concurrent.locks.AbstractQueuedSynchronizer$ConditionObject.awaitNanos(AbstractQueuedSynchronizer.java:2078)
        at java.util.concurrent.ScheduledThreadPoolExecutor$DelayedWorkQueue.take(ScheduledThreadPoolExecutor.java:1093)
        at java.util.concurrent.ScheduledThreadPoolExecutor$DelayedWorkQueue.take(ScheduledThreadPoolExecutor.java:809)
        at java.util.concurrent.ThreadPoolExecutor.getTask(ThreadPoolExecutor.java:1074)
        at java.util.concurrent.ThreadPoolExecutor.runWorker(ThreadPoolExecutor.java:1134)
        at java.util.concurrent.ThreadPoolExecutor$Worker.run(ThreadPoolExecutor.java:624)
        at java.lang.Thread.run(Thread.java:750)
"IPC Server handler 18 on default port 15054" daemon prio=5 tid=896 timed_waiting
java.lang.Thread.State: TIMED_WAITING
        at sun.misc.Unsafe.park(Native Method)
        at java.util.concurrent.locks.LockSupport.parkNanos(LockSupport.java:215)
        at java.util.concurrent.locks.AbstractQueuedSynchronizer$ConditionObject.awaitNanos(AbstractQueuedSynchronizer.java:2078)
        at java.util.concurrent.LinkedBlockingQueue.poll(LinkedBlockingQueue.java:467)
        at org.apache.hadoop.ipc.CallQueueManager.take(CallQueueManager.java:317)
        at org.apache.hadoop.ipc.Server$Handler.run(Server.java:3014)
"grpc-default-executor-4" daemon prio=5 tid=1305 timed_waiting
java.lang.Thread.State: TIMED_WAITING
        at sun.misc.Unsafe.park(Native Method)
        at java.util.concurrent.locks.LockSupport.parkNanos(LockSupport.java:215)
        at java.util.concurrent.SynchronousQueue$TransferStack.awaitFulfill(SynchronousQueue.java:460)
        at java.util.concurrent.SynchronousQueue$TransferStack.transfer(SynchronousQueue.java:362)
        at java.util.concurrent.SynchronousQueue.poll(SynchronousQueue.java:941)
        at java.util.concurrent.ThreadPoolExecutor.getTask(ThreadPoolExecutor.java:1073)
        at java.util.concurrent.ThreadPoolExecutor.runWorker(ThreadPoolExecutor.java:1134)
        at java.util.concurrent.ThreadPoolExecutor$Worker.run(ThreadPoolExecutor.java:624)
        at java.lang.Thread.run(Thread.java:750)
"timer0" daemon prio=5 tid=549 timed_waiting
java.lang.Thread.State: TIMED_WAITING
        at java.lang.Object.wait(Native Method)
        at java.util.TimerThread.mainLoop(Timer.java:552)
        at java.util.TimerThread.run(Timer.java:505)
"ChunkWriter-2-0" daemon prio=5 tid=1192 in Object.wait()
java.lang.Thread.State: WAITING (on object monitor)
        at sun.misc.Unsafe.park(Native Method)
        at java.util.concurrent.locks.LockSupport.park(LockSupport.java:175)
        at java.util.concurrent.locks.AbstractQueuedSynchronizer$ConditionObject.await(AbstractQueuedSynchronizer.java:2039)
        at java.util.concurrent.LinkedBlockingDeque.takeFirst(LinkedBlockingDeque.java:492)
        at java.util.concurrent.LinkedBlockingDeque.take(LinkedBlockingDeque.java:680)
        at java.util.concurrent.ThreadPoolExecutor.getTask(ThreadPoolExecutor.java:1074)
        at java.util.concurrent.ThreadPoolExecutor.runWorker(ThreadPoolExecutor.java:1134)
        at java.util.concurrent.ThreadPoolExecutor$Worker.run(ThreadPoolExecutor.java:624)
        at java.lang.Thread.run(Thread.java:750)
"timer1" daemon prio=5 tid=508 timed_waiting
java.lang.Thread.State: TIMED_WAITING
        at java.lang.Object.wait(Native Method)
        at java.util.TimerThread.mainLoop(Timer.java:552)
        at java.util.TimerThread.run(Timer.java:505)
"IPC Server handler 12 on default port 15057" daemon prio=5 tid=980 timed_waiting
java.lang.Thread.State: TIMED_WAITING
        at sun.misc.Unsafe.park(Native Method)
        at java.util.concurrent.locks.LockSupport.parkNanos(LockSupport.java:215)
        at java.util.concurrent.locks.AbstractQueuedSynchronizer$ConditionObject.awaitNanos(AbstractQueuedSynchronizer.java:2078)
        at java.util.concurrent.LinkedBlockingQueue.poll(LinkedBlockingQueue.java:467)
        at org.apache.hadoop.ipc.CallQueueManager.take(CallQueueManager.java:317)
        at org.apache.hadoop.ipc.Server$Handler.run(Server.java:3014)
"IPC Server handler 7 on default port 15053" daemon prio=5 tid=865 timed_waiting
java.lang.Thread.State: TIMED_WAITING
        at sun.misc.Unsafe.park(Native Method)
        at java.util.concurrent.locks.LockSupport.parkNanos(LockSupport.java:215)
        at java.util.concurrent.locks.AbstractQueuedSynchronizer$ConditionObject.awaitNanos(AbstractQueuedSynchronizer.java:2078)
        at java.util.concurrent.LinkedBlockingQueue.poll(LinkedBlockingQueue.java:467)
        at org.apache.hadoop.ipc.CallQueueManager.take(CallQueueManager.java:317)
        at org.apache.hadoop.ipc.Server$Handler.run(Server.java:3014)
"qtp1033742513-964" daemon prio=5 tid=964 timed_waiting
java.lang.Thread.State: TIMED_WAITING
        at sun.misc.Unsafe.park(Native Method)
        at java.util.concurrent.locks.LockSupport.parkNanos(LockSupport.java:215)
        at java.util.concurrent.locks.AbstractQueuedSynchronizer$ConditionObject.awaitNanos(AbstractQueuedSynchronizer.java:2078)
        at org.eclipse.jetty.util.BlockingArrayQueue.poll(BlockingArrayQueue.java:382)
        at org.eclipse.jetty.util.thread.QueuedThreadPool$Runner.idleJobPoll(QueuedThreadPool.java:974)
        at org.eclipse.jetty.util.thread.QueuedThreadPool$Runner.run(QueuedThreadPool.java:1018)
        at java.lang.Thread.run(Thread.java:750)
"Datanode ReportManager Thread - 0" daemon prio=5 tid=1143 in Object.wait()
java.lang.Thread.State: WAITING (on object monitor)
        at sun.misc.Unsafe.park(Native Method)
        at java.util.concurrent.locks.LockSupport.park(LockSupport.java:175)
        at java.util.concurrent.locks.AbstractQueuedSynchronizer$ConditionObject.await(AbstractQueuedSynchronizer.java:2039)
        at java.util.concurrent.ScheduledThreadPoolExecutor$DelayedWorkQueue.take(ScheduledThreadPoolExecutor.java:1088)
        at java.util.concurrent.ScheduledThreadPoolExecutor$DelayedWorkQueue.take(ScheduledThreadPoolExecutor.java:809)
        at java.util.concurrent.ThreadPoolExecutor.getTask(ThreadPoolExecutor.java:1074)
        at java.util.concurrent.ThreadPoolExecutor.runWorker(ThreadPoolExecutor.java:1134)
        at java.util.concurrent.ThreadPoolExecutor$Worker.run(ThreadPoolExecutor.java:624)
        at java.lang.Thread.run(Thread.java:750)
"ReplicationMonitor" daemon prio=5 tid=827 timed_waiting
java.lang.Thread.State: TIMED_WAITING
        at java.lang.Object.wait(Native Method)
        at org.apache.hadoop.hdds.scm.container.replication.ReplicationManager.run(ReplicationManager.java:913)
        at org.apache.hadoop.hdds.scm.container.replication.ReplicationManager$$Lambda$382/391739113.run(Unknown Source)
        at java.lang.Thread.run(Thread.java:750)
"JvmPauseMonitor8" daemon prio=5 tid=951 timed_waiting
java.lang.Thread.State: TIMED_WAITING
        at java.lang.Thread.sleep(Native Method)
        at java.lang.Thread.sleep(Thread.java:342)
        at java.util.concurrent.TimeUnit.sleep(TimeUnit.java:386)
        at org.apache.ratis.util.TimeDuration.sleep(TimeDuration.java:325)
        at org.apache.ratis.util.TimeDuration.sleep(TimeDuration.java:310)
        at org.apache.ratis.util.JvmPauseMonitor.detectPause(JvmPauseMonitor.java:117)
        at org.apache.ratis.util.JvmPauseMonitor.run(JvmPauseMonitor.java:106)
        at org.apache.ratis.util.JvmPauseMonitor$$Lambda$417/955058382.run(Unknown Source)
        at java.lang.Thread.run(Thread.java:750)
"Datanode State Machine Daemon Thread" daemon prio=5 tid=1142 timed_waiting
java.lang.Thread.State: TIMED_WAITING
        at java.lang.Thread.sleep(Native Method)
        at org.apache.hadoop.ozone.container.common.statemachine.DatanodeStateMachine.startStateMachineThread(DatanodeStateMachine.java:349)
        at org.apache.hadoop.ozone.container.common.statemachine.DatanodeStateMachine.lambda$startDaemon$0(DatanodeStateMachine.java:532)
        at org.apache.hadoop.ozone.container.common.statemachine.DatanodeStateMachine$$Lambda$882/967624177.run(Unknown Source)
        at java.lang.Thread.run(Thread.java:750)
"IPC Server handler 13 on default port 15055" daemon prio=5 tid=911 timed_waiting
java.lang.Thread.State: TIMED_WAITING
        at sun.misc.Unsafe.park(Native Method)
        at java.util.concurrent.locks.LockSupport.parkNanos(LockSupport.java:215)
        at java.util.concurrent.locks.AbstractQueuedSynchronizer$ConditionObject.awaitNanos(AbstractQueuedSynchronizer.java:2078)
        at java.util.concurrent.LinkedBlockingQueue.poll(LinkedBlockingQueue.java:467)
        at org.apache.hadoop.ipc.CallQueueManager.take(CallQueueManager.java:317)
        at org.apache.hadoop.ipc.Server$Handler.run(Server.java:3014)
"ChunkWriter-0-0" daemon prio=5 tid=1178 in Object.wait()
java.lang.Thread.State: WAITING (on object monitor)
        at sun.misc.Unsafe.park(Native Method)
        at java.util.concurrent.locks.LockSupport.park(LockSupport.java:175)
        at java.util.concurrent.locks.AbstractQueuedSynchronizer$ConditionObject.await(AbstractQueuedSynchronizer.java:2039)
        at java.util.concurrent.LinkedBlockingDeque.takeFirst(LinkedBlockingDeque.java:492)
        at java.util.concurrent.LinkedBlockingDeque.take(LinkedBlockingDeque.java:680)
        at java.util.concurrent.ThreadPoolExecutor.getTask(ThreadPoolExecutor.java:1074)
        at java.util.concurrent.ThreadPoolExecutor.runWorker(ThreadPoolExecutor.java:1134)
        at java.util.concurrent.ThreadPoolExecutor$Worker.run(ThreadPoolExecutor.java:624)
        at java.lang.Thread.run(Thread.java:750)
"IPC Server listener on 15054" daemon prio=5 tid=836 runnable
java.lang.Thread.State: RUNNABLE
        at sun.nio.ch.EPollArrayWrapper.epollWait(Native Method)
        at sun.nio.ch.EPollArrayWrapper.poll(EPollArrayWrapper.java:269)
        at sun.nio.ch.EPollSelectorImpl.doSelect(EPollSelectorImpl.java:93)
        at sun.nio.ch.SelectorImpl.lockAndDoSelect(SelectorImpl.java:86)
        at sun.nio.ch.SelectorImpl.select(SelectorImpl.java:97)
        at sun.nio.ch.SelectorImpl.select(SelectorImpl.java:101)
        at org.apache.hadoop.ipc.Server$Listener.run(Server.java:1408)
"SnapshotDiffCleanupService#0" daemon prio=5 tid=936 timed_waiting
java.lang.Thread.State: TIMED_WAITING
        at sun.misc.Unsafe.park(Native Method)
        at java.util.concurrent.locks.LockSupport.parkNanos(LockSupport.java:215)
        at java.util.concurrent.locks.AbstractQueuedSynchronizer$ConditionObject.awaitNanos(AbstractQueuedSynchronizer.java:2078)
        at java.util.concurrent.ScheduledThreadPoolExecutor$DelayedWorkQueue.take(ScheduledThreadPoolExecutor.java:1093)
        at java.util.concurrent.ScheduledThreadPoolExecutor$DelayedWorkQueue.take(ScheduledThreadPoolExecutor.java:809)
        at java.util.concurrent.ThreadPoolExecutor.getTask(ThreadPoolExecutor.java:1074)
        at java.util.concurrent.ThreadPoolExecutor.runWorker(ThreadPoolExecutor.java:1134)
        at java.util.concurrent.ThreadPoolExecutor$Worker.run(ThreadPoolExecutor.java:624)
        at java.lang.Thread.run(Thread.java:750)
"qtp927182113-1001" daemon prio=5 tid=1001 timed_waiting
java.lang.Thread.State: TIMED_WAITING
        at sun.misc.Unsafe.park(Native Method)
        at java.util.concurrent.locks.LockSupport.parkNanos(LockSupport.java:215)
        at java.util.concurrent.locks.AbstractQueuedSynchronizer$ConditionObject.awaitNanos(AbstractQueuedSynchronizer.java:2078)
        at org.eclipse.jetty.util.BlockingArrayQueue.poll(BlockingArrayQueue.java:382)
        at org.eclipse.jetty.util.thread.QueuedThreadPool$Runner.idleJobPoll(QueuedThreadPool.java:974)
        at org.eclipse.jetty.util.thread.QueuedThreadPool$Runner.run(QueuedThreadPool.java:1018)
        at java.lang.Thread.run(Thread.java:750)
"qtp1033742513-960-acceptor-0@14f1abe7-ServerConnector@2db06c59{HTTP/1.1, (http/1.1)}{0.0.0.0:15058}" daemon prio=3 tid=960 runnable
java.lang.Thread.State: RUNNABLE
        at sun.nio.ch.ServerSocketChannelImpl.accept0(Native Method)
        at sun.nio.ch.ServerSocketChannelImpl.accept(ServerSocketChannelImpl.java:421)
        at sun.nio.ch.ServerSocketChannelImpl.accept(ServerSocketChannelImpl.java:249)
        at org.eclipse.jetty.server.ServerConnector.accept(ServerConnector.java:388)
        at org.eclipse.jetty.server.AbstractConnector$Acceptor.run(AbstractConnector.java:704)
        at org.eclipse.jetty.util.thread.QueuedThreadPool.runJob(QueuedThreadPool.java:883)
        at org.eclipse.jetty.util.thread.QueuedThreadPool$Runner.run(QueuedThreadPool.java:1034)
        at java.lang.Thread.run(Thread.java:750)
"IPC Server handler 7 on default port 15054" daemon prio=5 tid=885 timed_waiting
java.lang.Thread.State: TIMED_WAITING
        at sun.misc.Unsafe.park(Native Method)
        at java.util.concurrent.locks.LockSupport.parkNanos(LockSupport.java:215)
        at java.util.concurrent.locks.AbstractQueuedSynchronizer$ConditionObject.awaitNanos(AbstractQueuedSynchronizer.java:2078)
        at java.util.concurrent.LinkedBlockingQueue.poll(LinkedBlockingQueue.java:467)
        at org.apache.hadoop.ipc.CallQueueManager.take(CallQueueManager.java:317)
        at org.apache.hadoop.ipc.Server$Handler.run(Server.java:3014)
"IPC Server handler 16 on default port 15057" daemon prio=5 tid=984 timed_waiting
java.lang.Thread.State: TIMED_WAITING
        at sun.misc.Unsafe.park(Native Method)
        at java.util.concurrent.locks.LockSupport.parkNanos(LockSupport.java:215)
        at java.util.concurrent.locks.AbstractQueuedSynchronizer$ConditionObject.awaitNanos(AbstractQueuedSynchronizer.java:2078)
        at java.util.concurrent.LinkedBlockingQueue.poll(LinkedBlockingQueue.java:467)
        at org.apache.hadoop.ipc.CallQueueManager.take(CallQueueManager.java:317)
        at org.apache.hadoop.ipc.Server$Handler.run(Server.java:3014)
"ReplicationContainerReader-0" daemon prio=5 tid=1426 in Object.wait()
java.lang.Thread.State: WAITING (on object monitor)
        at sun.misc.Unsafe.park(Native Method)
        at java.util.concurrent.locks.LockSupport.park(LockSupport.java:175)
        at java.util.concurrent.locks.AbstractQueuedSynchronizer$ConditionObject.await(AbstractQueuedSynchronizer.java:2039)
        at java.util.concurrent.LinkedBlockingQueue.take(LinkedBlockingQueue.java:442)
        at java.util.concurrent.ThreadPoolExecutor.getTask(ThreadPoolExecutor.java:1074)
        at java.util.concurrent.ThreadPoolExecutor.runWorker(ThreadPoolExecutor.java:1134)
        at java.util.concurrent.ThreadPoolExecutor$Worker.run(ThreadPoolExecutor.java:624)
        at java.lang.Thread.run(Thread.java:750)
"Socket Reader #1 for port 15081" daemon prio=5 tid=1071 runnable
java.lang.Thread.State: RUNNABLE
        at sun.nio.ch.EPollArrayWrapper.epollWait(Native Method)
        at sun.nio.ch.EPollArrayWrapper.poll(EPollArrayWrapper.java:269)
        at sun.nio.ch.EPollSelectorImpl.doSelect(EPollSelectorImpl.java:93)
        at sun.nio.ch.SelectorImpl.lockAndDoSelect(SelectorImpl.java:86)
        at sun.nio.ch.SelectorImpl.select(SelectorImpl.java:97)
        at sun.nio.ch.SelectorImpl.select(SelectorImpl.java:101)
        at org.apache.hadoop.ipc.Server$Listener$Reader.doRunLoop(Server.java:1346)
        at org.apache.hadoop.ipc.Server$Listener$Reader.run(Server.java:1325)
"IPC Server handler 11 on default port 15055" daemon prio=5 tid=909 timed_waiting
java.lang.Thread.State: TIMED_WAITING
        at sun.misc.Unsafe.park(Native Method)
        at java.util.concurrent.locks.LockSupport.parkNanos(LockSupport.java:215)
        at java.util.concurrent.locks.AbstractQueuedSynchronizer$ConditionObject.awaitNanos(AbstractQueuedSynchronizer.java:2078)
        at java.util.concurrent.LinkedBlockingQueue.poll(LinkedBlockingQueue.java:467)
        at org.apache.hadoop.ipc.CallQueueManager.take(CallQueueManager.java:317)
        at org.apache.hadoop.ipc.Server$Handler.run(Server.java:3014)
"JvmPauseMonitor13" daemon prio=5 tid=1206 timed_waiting
java.lang.Thread.State: TIMED_WAITING
        at java.lang.Thread.sleep(Native Method)
        at java.lang.Thread.sleep(Thread.java:342)
        at java.util.concurrent.TimeUnit.sleep(TimeUnit.java:386)
        at org.apache.ratis.util.TimeDuration.sleep(TimeDuration.java:325)
        at org.apache.ratis.util.TimeDuration.sleep(TimeDuration.java:310)
        at org.apache.ratis.util.JvmPauseMonitor.detectPause(JvmPauseMonitor.java:117)
        at org.apache.ratis.util.JvmPauseMonitor.run(JvmPauseMonitor.java:106)
        at org.apache.ratis.util.JvmPauseMonitor$$Lambda$417/955058382.run(Unknown Source)
        at java.lang.Thread.run(Thread.java:750)
"OM StateMachine ApplyTransaction Thread - 0" daemon prio=5 tid=1329 in Object.wait()
java.lang.Thread.State: WAITING (on object monitor)
        at sun.misc.Unsafe.park(Native Method)
        at java.util.concurrent.locks.LockSupport.park(LockSupport.java:175)
        at java.util.concurrent.locks.AbstractQueuedSynchronizer$ConditionObject.await(AbstractQueuedSynchronizer.java:2039)
        at java.util.concurrent.LinkedBlockingQueue.take(LinkedBlockingQueue.java:442)
        at java.util.concurrent.ThreadPoolExecutor.getTask(ThreadPoolExecutor.java:1074)
        at java.util.concurrent.ThreadPoolExecutor.runWorker(ThreadPoolExecutor.java:1134)
        at java.util.concurrent.ThreadPoolExecutor$Worker.run(ThreadPoolExecutor.java:624)
        at java.lang.Thread.run(Thread.java:750)
"Command processor thread" daemon prio=5 tid=1018 timed_waiting
java.lang.Thread.State: TIMED_WAITING
        at java.lang.Thread.sleep(Native Method)
        at org.apache.hadoop.ozone.container.common.statemachine.DatanodeStateMachine.lambda$initCommandHandlerThread$3(DatanodeStateMachine.java:659)
        at org.apache.hadoop.ozone.container.common.statemachine.DatanodeStateMachine$$Lambda$894/117097497.run(Unknown Source)
        at java.lang.Thread.run(Thread.java:750)
"107862d4-58d6-4e98-9eb6-252f61002a57@group-1DA5191E984E-LeaderStateImpl" daemon prio=5 tid=1357 timed_waiting
java.lang.Thread.State: TIMED_WAITING
        at sun.misc.Unsafe.park(Native Method)
        at java.util.concurrent.locks.LockSupport.parkNanos(LockSupport.java:215)
        at java.util.concurrent.locks.AbstractQueuedSynchronizer$ConditionObject.awaitNanos(AbstractQueuedSynchronizer.java:2078)
        at java.util.concurrent.ArrayBlockingQueue.poll(ArrayBlockingQueue.java:418)
        at org.apache.ratis.server.impl.LeaderStateImpl$EventQueue.poll(LeaderStateImpl.java:164)
        at org.apache.ratis.server.impl.LeaderStateImpl$EventProcessor.run(LeaderStateImpl.java:702)
"Datanode ReportManager Thread - 0" daemon prio=5 tid=1077 in Object.wait()
java.lang.Thread.State: WAITING (on object monitor)
        at sun.misc.Unsafe.park(Native Method)
        at java.util.concurrent.locks.LockSupport.park(LockSupport.java:175)
        at java.util.concurrent.locks.AbstractQueuedSynchronizer$ConditionObject.await(AbstractQueuedSynchronizer.java:2039)
        at java.util.concurrent.ScheduledThreadPoolExecutor$DelayedWorkQueue.take(ScheduledThreadPoolExecutor.java:1088)
        at java.util.concurrent.ScheduledThreadPoolExecutor$DelayedWorkQueue.take(ScheduledThreadPoolExecutor.java:809)
        at java.util.concurrent.ThreadPoolExecutor.getTask(ThreadPoolExecutor.java:1074)
        at java.util.concurrent.ThreadPoolExecutor.runWorker(ThreadPoolExecutor.java:1134)
        at java.util.concurrent.ThreadPoolExecutor$Worker.run(ThreadPoolExecutor.java:624)
        at java.lang.Thread.run(Thread.java:750)
"Datanode ReportManager Thread - 4" daemon prio=5 tid=1017 timed_waiting
java.lang.Thread.State: TIMED_WAITING
        at sun.misc.Unsafe.park(Native Method)
        at java.util.concurrent.locks.LockSupport.parkNanos(LockSupport.java:215)
        at java.util.concurrent.locks.AbstractQueuedSynchronizer$ConditionObject.awaitNanos(AbstractQueuedSynchronizer.java:2078)
        at java.util.concurrent.ScheduledThreadPoolExecutor$DelayedWorkQueue.take(ScheduledThreadPoolExecutor.java:1093)
        at java.util.concurrent.ScheduledThreadPoolExecutor$DelayedWorkQueue.take(ScheduledThreadPoolExecutor.java:809)
        at java.util.concurrent.ThreadPoolExecutor.getTask(ThreadPoolExecutor.java:1074)
        at java.util.concurrent.ThreadPoolExecutor.runWorker(ThreadPoolExecutor.java:1134)
        at java.util.concurrent.ThreadPoolExecutor$Worker.run(ThreadPoolExecutor.java:624)
        at java.lang.Thread.run(Thread.java:750)
"qtp181659897-1129" daemon prio=5 tid=1129 timed_waiting
java.lang.Thread.State: TIMED_WAITING
        at sun.misc.Unsafe.park(Native Method)
        at java.util.concurrent.locks.LockSupport.parkNanos(LockSupport.java:215)
        at java.util.concurrent.locks.AbstractQueuedSynchronizer$ConditionObject.awaitNanos(AbstractQueuedSynchronizer.java:2078)
        at org.eclipse.jetty.util.BlockingArrayQueue.poll(BlockingArrayQueue.java:382)
        at org.eclipse.jetty.util.thread.QueuedThreadPool$Runner.idleJobPoll(QueuedThreadPool.java:974)
        at org.eclipse.jetty.util.thread.QueuedThreadPool$Runner.run(QueuedThreadPool.java:1018)
        at java.lang.Thread.run(Thread.java:750)
"PartialTableCache Cleanup Thread - 0" daemon prio=5 tid=565 in Object.wait()
java.lang.Thread.State: WAITING (on object monitor)
        at sun.misc.Unsafe.park(Native Method)
        at java.util.concurrent.locks.LockSupport.park(LockSupport.java:175)
        at java.util.concurrent.locks.AbstractQueuedSynchronizer$ConditionObject.await(AbstractQueuedSynchronizer.java:2039)
        at java.util.concurrent.LinkedBlockingQueue.take(LinkedBlockingQueue.java:442)
        at java.util.concurrent.ThreadPoolExecutor.getTask(ThreadPoolExecutor.java:1074)
        at java.util.concurrent.ThreadPoolExecutor.runWorker(ThreadPoolExecutor.java:1134)
        at java.util.concurrent.ThreadPoolExecutor$Worker.run(ThreadPoolExecutor.java:624)
        at java.lang.Thread.run(Thread.java:750)
"IPC Server handler 9 on default port 15055" daemon prio=5 tid=907 timed_waiting
java.lang.Thread.State: TIMED_WAITING
        at sun.misc.Unsafe.park(Native Method)
        at java.util.concurrent.locks.LockSupport.parkNanos(LockSupport.java:215)
        at java.util.concurrent.locks.AbstractQueuedSynchronizer$ConditionObject.awaitNanos(AbstractQueuedSynchronizer.java:2078)
        at java.util.concurrent.LinkedBlockingQueue.poll(LinkedBlockingQueue.java:467)
        at org.apache.hadoop.ipc.CallQueueManager.take(CallQueueManager.java:317)
        at org.apache.hadoop.ipc.Server$Handler.run(Server.java:3014)
"IPC Server handler 4 on default port 15054" daemon prio=5 tid=882 timed_waiting
java.lang.Thread.State: TIMED_WAITING
        at sun.misc.Unsafe.park(Native Method)
        at java.util.concurrent.locks.LockSupport.parkNanos(LockSupport.java:215)
        at java.util.concurrent.locks.AbstractQueuedSynchronizer$ConditionObject.awaitNanos(AbstractQueuedSynchronizer.java:2078)
        at java.util.concurrent.LinkedBlockingQueue.poll(LinkedBlockingQueue.java:467)
        at org.apache.hadoop.ipc.CallQueueManager.take(CallQueueManager.java:317)
        at org.apache.hadoop.ipc.Server$Handler.run(Server.java:3014)
"pool-282-thread-1"  prio=5 tid=958 timed_waiting
java.lang.Thread.State: TIMED_WAITING
        at sun.misc.Unsafe.park(Native Method)
        at java.util.concurrent.locks.LockSupport.parkNanos(LockSupport.java:215)
        at java.util.concurrent.locks.AbstractQueuedSynchronizer$ConditionObject.awaitNanos(AbstractQueuedSynchronizer.java:2078)
        at java.util.concurrent.ScheduledThreadPoolExecutor$DelayedWorkQueue.take(ScheduledThreadPoolExecutor.java:1093)
        at java.util.concurrent.ScheduledThreadPoolExecutor$DelayedWorkQueue.take(ScheduledThreadPoolExecutor.java:809)
        at java.util.concurrent.ThreadPoolExecutor.getTask(ThreadPoolExecutor.java:1074)
        at java.util.concurrent.ThreadPoolExecutor.runWorker(ThreadPoolExecutor.java:1134)
        at java.util.concurrent.ThreadPoolExecutor$Worker.run(ThreadPoolExecutor.java:624)
        at java.lang.Thread.run(Thread.java:750)
"IPC Server handler 13 on default port 15054" daemon prio=5 tid=891 timed_waiting
java.lang.Thread.State: TIMED_WAITING
        at sun.misc.Unsafe.park(Native Method)
        at java.util.concurrent.locks.LockSupport.parkNanos(LockSupport.java:215)
        at java.util.concurrent.locks.AbstractQueuedSynchronizer$ConditionObject.awaitNanos(AbstractQueuedSynchronizer.java:2078)
        at java.util.concurrent.LinkedBlockingQueue.poll(LinkedBlockingQueue.java:467)
        at org.apache.hadoop.ipc.CallQueueManager.take(CallQueueManager.java:317)
        at org.apache.hadoop.ipc.Server$Handler.run(Server.java:3014)
"PartialTableCache Cleanup Thread - 0" daemon prio=5 tid=1368 in Object.wait()
java.lang.Thread.State: WAITING (on object monitor)
        at sun.misc.Unsafe.park(Native Method)
        at java.util.concurrent.locks.LockSupport.park(LockSupport.java:175)
        at java.util.concurrent.locks.AbstractQueuedSynchronizer$ConditionObject.await(AbstractQueuedSynchronizer.java:2039)
        at java.util.concurrent.LinkedBlockingQueue.take(LinkedBlockingQueue.java:442)
        at java.util.concurrent.ThreadPoolExecutor.getTask(ThreadPoolExecutor.java:1074)
        at java.util.concurrent.ThreadPoolExecutor.runWorker(ThreadPoolExecutor.java:1134)
        at java.util.concurrent.ThreadPoolExecutor$Worker.run(ThreadPoolExecutor.java:624)
        at java.lang.Thread.run(Thread.java:750)
"qtp2075917747-924-acceptor-0@4e9840a3-ServerConnector@170711ef{HTTP/1.1, (http/1.1)}{0.0.0.0:15056}" daemon prio=3 tid=924 runnable
java.lang.Thread.State: RUNNABLE
        at sun.nio.ch.ServerSocketChannelImpl.accept0(Native Method)
        at sun.nio.ch.ServerSocketChannelImpl.accept(ServerSocketChannelImpl.java:421)
        at sun.nio.ch.ServerSocketChannelImpl.accept(ServerSocketChannelImpl.java:249)
        at org.eclipse.jetty.server.ServerConnector.accept(ServerConnector.java:388)
        at org.eclipse.jetty.server.AbstractConnector$Acceptor.run(AbstractConnector.java:704)
        at org.eclipse.jetty.util.thread.QueuedThreadPool.runJob(QueuedThreadPool.java:883)
        at org.eclipse.jetty.util.thread.QueuedThreadPool$Runner.run(QueuedThreadPool.java:1034)
        at java.lang.Thread.run(Thread.java:750)
"IPC Server handler 10 on default port 15055" daemon prio=5 tid=908 timed_waiting
java.lang.Thread.State: TIMED_WAITING
        at sun.misc.Unsafe.park(Native Method)
        at java.util.concurrent.locks.LockSupport.parkNanos(LockSupport.java:215)
        at java.util.concurrent.locks.AbstractQueuedSynchronizer$ConditionObject.awaitNanos(AbstractQueuedSynchronizer.java:2078)
        at java.util.concurrent.LinkedBlockingQueue.poll(LinkedBlockingQueue.java:467)
        at org.apache.hadoop.ipc.CallQueueManager.take(CallQueueManager.java:317)
        at org.apache.hadoop.ipc.Server$Handler.run(Server.java:3014)
"grpc-default-worker-ELG-5-1" daemon prio=5 tid=1229 runnable
java.lang.Thread.State: RUNNABLE
        at org.apache.ratis.thirdparty.io.netty.channel.epoll.Native.epollWait0(Native Method)
        at org.apache.ratis.thirdparty.io.netty.channel.epoll.Native.epollWait(Native.java:182)
        at org.apache.ratis.thirdparty.io.netty.channel.epoll.EpollEventLoop.epollWait(EpollEventLoop.java:302)
        at org.apache.ratis.thirdparty.io.netty.channel.epoll.EpollEventLoop.run(EpollEventLoop.java:366)
        at org.apache.ratis.thirdparty.io.netty.util.concurrent.SingleThreadEventExecutor$4.run(SingleThreadEventExecutor.java:997)
        at org.apache.ratis.thirdparty.io.netty.util.internal.ThreadExecutorMap$2.run(ThreadExecutorMap.java:74)
        at org.apache.ratis.thirdparty.io.netty.util.concurrent.FastThreadLocalRunnable.run(FastThreadLocalRunnable.java:30)
        at java.lang.Thread.run(Thread.java:750)
"IPC Server handler 1 on default port 15053" daemon prio=5 tid=859 timed_waiting
java.lang.Thread.State: TIMED_WAITING
        at sun.misc.Unsafe.park(Native Method)
        at java.util.concurrent.locks.LockSupport.parkNanos(LockSupport.java:215)
        at java.util.concurrent.locks.AbstractQueuedSynchronizer$ConditionObject.awaitNanos(AbstractQueuedSynchronizer.java:2078)
        at java.util.concurrent.LinkedBlockingQueue.poll(LinkedBlockingQueue.java:467)
        at org.apache.hadoop.ipc.CallQueueManager.take(CallQueueManager.java:317)
        at org.apache.hadoop.ipc.Server$Handler.run(Server.java:3014)
"FixedThreadPoolWithAffinityExecutor-7-0" daemon prio=5 tid=853 timed_waiting
java.lang.Thread.State: TIMED_WAITING
        at sun.misc.Unsafe.park(Native Method)
        at java.util.concurrent.locks.LockSupport.parkNanos(LockSupport.java:215)
        at java.util.concurrent.locks.AbstractQueuedSynchronizer$ConditionObject.awaitNanos(AbstractQueuedSynchronizer.java:2078)
        at java.util.concurrent.LinkedBlockingQueue.poll(LinkedBlockingQueue.java:467)
        at org.apache.hadoop.hdds.scm.server.ContainerReportQueue.poll(ContainerReportQueue.java:266)
        at org.apache.hadoop.hdds.scm.server.ContainerReportQueue.poll(ContainerReportQueue.java:42)
        at org.apache.hadoop.hdds.server.events.FixedThreadPoolWithAffinityExecutor$ContainerReportProcessTask.run(FixedThreadPoolWithAffinityExecutor.java:247)
        at java.util.concurrent.Executors$RunnableAdapter.call(Executors.java:511)
        at java.util.concurrent.FutureTask.run(FutureTask.java:266)
        at java.util.concurrent.ThreadPoolExecutor.runWorker(ThreadPoolExecutor.java:1149)
        at java.util.concurrent.ThreadPoolExecutor$Worker.run(ThreadPoolExecutor.java:624)
        at java.lang.Thread.run(Thread.java:750)
"Hadoop-Metrics-Updater-0" daemon prio=5 tid=835 timed_waiting
java.lang.Thread.State: TIMED_WAITING
        at sun.misc.Unsafe.park(Native Method)
        at java.util.concurrent.locks.LockSupport.parkNanos(LockSupport.java:215)
        at java.util.concurrent.locks.AbstractQueuedSynchronizer$ConditionObject.awaitNanos(AbstractQueuedSynchronizer.java:2078)
        at java.util.concurrent.ScheduledThreadPoolExecutor$DelayedWorkQueue.take(ScheduledThreadPoolExecutor.java:1093)
        at java.util.concurrent.ScheduledThreadPoolExecutor$DelayedWorkQueue.take(ScheduledThreadPoolExecutor.java:809)
        at java.util.concurrent.ThreadPoolExecutor.getTask(ThreadPoolExecutor.java:1074)
        at java.util.concurrent.ThreadPoolExecutor.runWorker(ThreadPoolExecutor.java:1134)
        at java.util.concurrent.ThreadPoolExecutor$Worker.run(ThreadPoolExecutor.java:624)
        at java.lang.Thread.run(Thread.java:750)
"Datanode State Machine Daemon Thread" daemon prio=5 tid=1012 timed_waiting
java.lang.Thread.State: TIMED_WAITING
        at java.lang.Thread.sleep(Native Method)
        at org.apache.hadoop.ozone.container.common.statemachine.DatanodeStateMachine.startStateMachineThread(DatanodeStateMachine.java:349)
        at org.apache.hadoop.ozone.container.common.statemachine.DatanodeStateMachine.lambda$startDaemon$0(DatanodeStateMachine.java:532)
        at org.apache.hadoop.ozone.container.common.statemachine.DatanodeStateMachine$$Lambda$882/967624177.run(Unknown Source)
        at java.lang.Thread.run(Thread.java:750)
"Datanode State Machine Task Thread - 1"  prio=5 tid=1176 in Object.wait()
java.lang.Thread.State: WAITING (on object monitor)
        at sun.misc.Unsafe.park(Native Method)
        at java.util.concurrent.locks.LockSupport.park(LockSupport.java:175)
        at java.util.concurrent.locks.AbstractQueuedSynchronizer$ConditionObject.await(AbstractQueuedSynchronizer.java:2039)
        at java.util.concurrent.LinkedBlockingQueue.take(LinkedBlockingQueue.java:442)
        at java.util.concurrent.ThreadPoolExecutor.getTask(ThreadPoolExecutor.java:1074)
        at java.util.concurrent.ThreadPoolExecutor.runWorker(ThreadPoolExecutor.java:1134)
        at java.util.concurrent.ThreadPoolExecutor$Worker.run(ThreadPoolExecutor.java:624)
        at java.lang.Thread.run(Thread.java:750)
"FixedThreadPoolWithAffinityExecutor-2-0" daemon prio=5 tid=848 timed_waiting
java.lang.Thread.State: TIMED_WAITING
        at sun.misc.Unsafe.park(Native Method)
        at java.util.concurrent.locks.LockSupport.parkNanos(LockSupport.java:215)
        at java.util.concurrent.locks.AbstractQueuedSynchronizer$ConditionObject.awaitNanos(AbstractQueuedSynchronizer.java:2078)
        at java.util.concurrent.LinkedBlockingQueue.poll(LinkedBlockingQueue.java:467)
        at org.apache.hadoop.hdds.scm.server.ContainerReportQueue.poll(ContainerReportQueue.java:266)
        at org.apache.hadoop.hdds.scm.server.ContainerReportQueue.poll(ContainerReportQueue.java:42)
        at org.apache.hadoop.hdds.server.events.FixedThreadPoolWithAffinityExecutor$ContainerReportProcessTask.run(FixedThreadPoolWithAffinityExecutor.java:247)
        at java.util.concurrent.Executors$RunnableAdapter.call(Executors.java:511)
        at java.util.concurrent.FutureTask.run(FutureTask.java:266)
        at java.util.concurrent.ThreadPoolExecutor.runWorker(ThreadPoolExecutor.java:1149)
        at java.util.concurrent.ThreadPoolExecutor$Worker.run(ThreadPoolExecutor.java:624)
        at java.lang.Thread.run(Thread.java:750)
"timer3" daemon prio=5 tid=513 timed_waiting
java.lang.Thread.State: TIMED_WAITING
        at java.lang.Object.wait(Native Method)
        at java.util.TimerThread.mainLoop(Timer.java:552)
        at java.util.TimerThread.run(Timer.java:505)
"IPC Server handler 8 on default port 15054" daemon prio=5 tid=886 timed_waiting
java.lang.Thread.State: TIMED_WAITING
        at sun.misc.Unsafe.park(Native Method)
        at java.util.concurrent.locks.LockSupport.parkNanos(LockSupport.java:215)
        at java.util.concurrent.locks.AbstractQueuedSynchronizer$ConditionObject.awaitNanos(AbstractQueuedSynchronizer.java:2078)
        at java.util.concurrent.LinkedBlockingQueue.poll(LinkedBlockingQueue.java:467)
        at org.apache.hadoop.ipc.CallQueueManager.take(CallQueueManager.java:317)
        at org.apache.hadoop.ipc.Server$Handler.run(Server.java:3014)
"EventQueue-NodeReportForNodeReportHandler" daemon prio=5 tid=1424 in Object.wait()
java.lang.Thread.State: WAITING (on object monitor)
        at sun.misc.Unsafe.park(Native Method)
        at java.util.concurrent.locks.LockSupport.park(LockSupport.java:175)
        at java.util.concurrent.locks.AbstractQueuedSynchronizer$ConditionObject.await(AbstractQueuedSynchronizer.java:2039)
        at java.util.concurrent.LinkedBlockingQueue.take(LinkedBlockingQueue.java:442)
        at java.util.concurrent.ThreadPoolExecutor.getTask(ThreadPoolExecutor.java:1074)
        at java.util.concurrent.ThreadPoolExecutor.runWorker(ThreadPoolExecutor.java:1134)
        at java.util.concurrent.ThreadPoolExecutor$Worker.run(ThreadPoolExecutor.java:624)
        at java.lang.Thread.run(Thread.java:750)
"c67f853f-9851-48e5-9814-c89133fda60b@group-50645A3F60F1-SegmentedRaftLogWorker"  prio=5 tid=1223 timed_waiting
java.lang.Thread.State: TIMED_WAITING
        at sun.misc.Unsafe.park(Native Method)
        at java.util.concurrent.locks.LockSupport.parkNanos(LockSupport.java:215)
        at java.util.concurrent.locks.AbstractQueuedSynchronizer$ConditionObject.awaitNanos(AbstractQueuedSynchronizer.java:2078)
        at org.apache.ratis.util.DataBlockingQueue.poll(DataBlockingQueue.java:148)
        at org.apache.ratis.server.raftlog.segmented.SegmentedRaftLogWorker.run(SegmentedRaftLogWorker.java:307)
        at org.apache.ratis.server.raftlog.segmented.SegmentedRaftLogWorker$$Lambda$747/258907944.run(Unknown Source)
        at java.util.concurrent.Executors$RunnableAdapter.call(Executors.java:511)
        at java.util.concurrent.FutureTask.run(FutureTask.java:266)
        at java.util.concurrent.ThreadPoolExecutor.runWorker(ThreadPoolExecutor.java:1149)
        at java.util.concurrent.ThreadPoolExecutor$Worker.run(ThreadPoolExecutor.java:624)
        at java.lang.Thread.run(Thread.java:750)
"StaleRecoveringContainerScrubbingService#0" daemon prio=5 tid=1209 timed_waiting
java.lang.Thread.State: TIMED_WAITING
        at sun.misc.Unsafe.park(Native Method)
        at java.util.concurrent.locks.LockSupport.parkNanos(LockSupport.java:215)
        at java.util.concurrent.locks.AbstractQueuedSynchronizer$ConditionObject.awaitNanos(AbstractQueuedSynchronizer.java:2078)
        at java.util.concurrent.ScheduledThreadPoolExecutor$DelayedWorkQueue.take(ScheduledThreadPoolExecutor.java:1093)
        at java.util.concurrent.ScheduledThreadPoolExecutor$DelayedWorkQueue.take(ScheduledThreadPoolExecutor.java:809)
        at java.util.concurrent.ThreadPoolExecutor.getTask(ThreadPoolExecutor.java:1074)
        at java.util.concurrent.ThreadPoolExecutor.runWorker(ThreadPoolExecutor.java:1134)
        at java.util.concurrent.ThreadPoolExecutor$Worker.run(ThreadPoolExecutor.java:624)
        at java.lang.Thread.run(Thread.java:750)
"EndpointStateMachine task thread for /0.0.0.0:15055 - 0 "  prio=5 tid=1189 in Object.wait()
java.lang.Thread.State: WAITING (on object monitor)
        at sun.misc.Unsafe.park(Native Method)
        at java.util.concurrent.locks.LockSupport.park(LockSupport.java:175)
        at java.util.concurrent.locks.AbstractQueuedSynchronizer$ConditionObject.await(AbstractQueuedSynchronizer.java:2039)
        at java.util.concurrent.LinkedBlockingQueue.take(LinkedBlockingQueue.java:442)
        at java.util.concurrent.ThreadPoolExecutor.getTask(ThreadPoolExecutor.java:1074)
        at java.util.concurrent.ThreadPoolExecutor.runWorker(ThreadPoolExecutor.java:1134)
        at java.util.concurrent.ThreadPoolExecutor$Worker.run(ThreadPoolExecutor.java:624)
        at java.lang.Thread.run(Thread.java:750)
"qtp754798603-1096-acceptor-0@3bf77fa-ServerConnector@56dfa217{HTTP/1.1, (http/1.1)}{0.0.0.0:15089}" daemon prio=3 tid=1096 runnable
java.lang.Thread.State: RUNNABLE
        at sun.nio.ch.ServerSocketChannelImpl.accept0(Native Method)
        at sun.nio.ch.ServerSocketChannelImpl.accept(ServerSocketChannelImpl.java:421)
        at sun.nio.ch.ServerSocketChannelImpl.accept(ServerSocketChannelImpl.java:249)
        at org.eclipse.jetty.server.ServerConnector.accept(ServerConnector.java:388)
        at org.eclipse.jetty.server.AbstractConnector$Acceptor.run(AbstractConnector.java:704)
        at org.eclipse.jetty.util.thread.QueuedThreadPool.runJob(QueuedThreadPool.java:883)
        at org.eclipse.jetty.util.thread.QueuedThreadPool$Runner.run(QueuedThreadPool.java:1034)
        at java.lang.Thread.run(Thread.java:750)
"c67f853f-9851-48e5-9814-c89133fda60b@group-50645A3F60F1-StateMachineUpdater" daemon prio=5 tid=1225 timed_waiting
java.lang.Thread.State: TIMED_WAITING
        at sun.misc.Unsafe.park(Native Method)
        at java.util.concurrent.locks.LockSupport.parkNanos(LockSupport.java:215)
        at java.util.concurrent.locks.AbstractQueuedSynchronizer$ConditionObject.await(AbstractQueuedSynchronizer.java:2163)
        at org.apache.ratis.util.AwaitForSignal.await(AwaitForSignal.java:62)
        at org.apache.ratis.server.impl.StateMachineUpdater.waitForCommit(StateMachineUpdater.java:209)
        at org.apache.ratis.server.impl.StateMachineUpdater.run(StateMachineUpdater.java:178)
        at java.lang.Thread.run(Thread.java:750)
"EventQueue-OpenPipelineForHealthyPipelineSafeModeRule" daemon prio=5 tid=1222 in Object.wait()
java.lang.Thread.State: WAITING (on object monitor)
        at sun.misc.Unsafe.park(Native Method)
        at java.util.concurrent.locks.LockSupport.park(LockSupport.java:175)
        at java.util.concurrent.locks.AbstractQueuedSynchronizer$ConditionObject.await(AbstractQueuedSynchronizer.java:2039)
        at java.util.concurrent.LinkedBlockingQueue.take(LinkedBlockingQueue.java:442)
        at java.util.concurrent.ThreadPoolExecutor.getTask(ThreadPoolExecutor.java:1074)
        at java.util.concurrent.ThreadPoolExecutor.runWorker(ThreadPoolExecutor.java:1134)
        at java.util.concurrent.ThreadPoolExecutor$Worker.run(ThreadPoolExecutor.java:624)
        at java.lang.Thread.run(Thread.java:750)
"ChunkWriter-3-0" daemon prio=5 tid=1157 in Object.wait()
java.lang.Thread.State: WAITING (on object monitor)
        at sun.misc.Unsafe.park(Native Method)
        at java.util.concurrent.locks.LockSupport.park(LockSupport.java:175)
        at java.util.concurrent.locks.AbstractQueuedSynchronizer$ConditionObject.await(AbstractQueuedSynchronizer.java:2039)
        at java.util.concurrent.LinkedBlockingDeque.takeFirst(LinkedBlockingDeque.java:492)
        at java.util.concurrent.LinkedBlockingDeque.take(LinkedBlockingDeque.java:680)
        at java.util.concurrent.ThreadPoolExecutor.getTask(ThreadPoolExecutor.java:1074)
        at java.util.concurrent.ThreadPoolExecutor.runWorker(ThreadPoolExecutor.java:1134)
        at java.util.concurrent.ThreadPoolExecutor$Worker.run(ThreadPoolExecutor.java:624)
        at java.lang.Thread.run(Thread.java:750)
"FixedThreadPoolWithAffinityExecutor-6-0" daemon prio=5 tid=852 timed_waiting
java.lang.Thread.State: TIMED_WAITING
        at sun.misc.Unsafe.park(Native Method)
        at java.util.concurrent.locks.LockSupport.parkNanos(LockSupport.java:215)
        at java.util.concurrent.locks.AbstractQueuedSynchronizer$ConditionObject.awaitNanos(AbstractQueuedSynchronizer.java:2078)
        at java.util.concurrent.LinkedBlockingQueue.poll(LinkedBlockingQueue.java:467)
        at org.apache.hadoop.hdds.scm.server.ContainerReportQueue.poll(ContainerReportQueue.java:266)
        at org.apache.hadoop.hdds.scm.server.ContainerReportQueue.poll(ContainerReportQueue.java:42)
        at org.apache.hadoop.hdds.server.events.FixedThreadPoolWithAffinityExecutor$ContainerReportProcessTask.run(FixedThreadPoolWithAffinityExecutor.java:247)
        at java.util.concurrent.Executors$RunnableAdapter.call(Executors.java:511)
        at java.util.concurrent.FutureTask.run(FutureTask.java:266)
        at java.util.concurrent.ThreadPoolExecutor.runWorker(ThreadPoolExecutor.java:1149)
        at java.util.concurrent.ThreadPoolExecutor$Worker.run(ThreadPoolExecutor.java:624)
        at java.lang.Thread.run(Thread.java:750)
"qtp1738073700-1061" daemon prio=5 tid=1061 runnable
java.lang.Thread.State: RUNNABLE
        at sun.nio.ch.EPollArrayWrapper.epollWait(Native Method)
        at sun.nio.ch.EPollArrayWrapper.poll(EPollArrayWrapper.java:269)
        at sun.nio.ch.EPollSelectorImpl.doSelect(EPollSelectorImpl.java:93)
        at sun.nio.ch.SelectorImpl.lockAndDoSelect(SelectorImpl.java:86)
        at sun.nio.ch.SelectorImpl.select(SelectorImpl.java:97)
        at sun.nio.ch.SelectorImpl.select(SelectorImpl.java:101)
        at org.eclipse.jetty.io.ManagedSelector.nioSelect(ManagedSelector.java:183)
        at org.eclipse.jetty.io.ManagedSelector.select(ManagedSelector.java:190)
        at org.eclipse.jetty.io.ManagedSelector$SelectorProducer.select(ManagedSelector.java:606)
        at org.eclipse.jetty.io.ManagedSelector$SelectorProducer.produce(ManagedSelector.java:543)
        at org.eclipse.jetty.util.thread.strategy.EatWhatYouKill.produceTask(EatWhatYouKill.java:362)
        at org.eclipse.jetty.util.thread.strategy.EatWhatYouKill.doProduce(EatWhatYouKill.java:186)
        at org.eclipse.jetty.util.thread.strategy.EatWhatYouKill.tryProduce(EatWhatYouKill.java:173)
        at org.eclipse.jetty.util.thread.strategy.EatWhatYouKill.produce(EatWhatYouKill.java:137)
        at org.eclipse.jetty.io.ManagedSelector$$Lambda$455/1342467479.run(Unknown Source)
        at org.eclipse.jetty.util.thread.QueuedThreadPool.runJob(QueuedThreadPool.java:883)
        at org.eclipse.jetty.util.thread.QueuedThreadPool$Runner.run(QueuedThreadPool.java:1034)
        at java.lang.Thread.run(Thread.java:750)
"org.apache.hadoop.ozone.container.common.statemachine.commandhandler.DeleteBlocksCommandHandler$DeleteCmdWorker@5b2a33f" daemon prio=5 tid=995 timed_waiting
java.lang.Thread.State: TIMED_WAITING
        at java.lang.Thread.sleep(Native Method)
        at org.apache.hadoop.ozone.container.common.statemachine.commandhandler.DeleteBlocksCommandHandler$DeleteCmdWorker.run(DeleteBlocksCommandHandler.java:198)
        at java.lang.Thread.run(Thread.java:750)
"PartialTableCache Cleanup Thread - 0" daemon prio=5 tid=577 in Object.wait()
java.lang.Thread.State: WAITING (on object monitor)
        at sun.misc.Unsafe.park(Native Method)
        at java.util.concurrent.locks.LockSupport.park(LockSupport.java:175)
        at java.util.concurrent.locks.AbstractQueuedSynchronizer$ConditionObject.await(AbstractQueuedSynchronizer.java:2039)
        at java.util.concurrent.LinkedBlockingQueue.take(LinkedBlockingQueue.java:442)
        at java.util.concurrent.ThreadPoolExecutor.getTask(ThreadPoolExecutor.java:1074)
        at java.util.concurrent.ThreadPoolExecutor.runWorker(ThreadPoolExecutor.java:1134)
        at java.util.concurrent.ThreadPoolExecutor$Worker.run(ThreadPoolExecutor.java:624)
        at java.lang.Thread.run(Thread.java:750)
"grpc-default-boss-ELG-4-1" daemon prio=5 tid=950 runnable
java.lang.Thread.State: RUNNABLE
        at org.apache.ratis.thirdparty.io.netty.channel.epoll.Native.epollWait(Native Method)
        at org.apache.ratis.thirdparty.io.netty.channel.epoll.Native.epollWait(Native.java:209)
        at org.apache.ratis.thirdparty.io.netty.channel.epoll.Native.epollWait(Native.java:202)
        at org.apache.ratis.thirdparty.io.netty.channel.epoll.EpollEventLoop.epollWaitNoTimerChange(EpollEventLoop.java:306)
        at org.apache.ratis.thirdparty.io.netty.channel.epoll.EpollEventLoop.run(EpollEventLoop.java:363)
        at org.apache.ratis.thirdparty.io.netty.util.concurrent.SingleThreadEventExecutor$4.run(SingleThreadEventExecutor.java:997)
        at org.apache.ratis.thirdparty.io.netty.util.internal.ThreadExecutorMap$2.run(ThreadExecutorMap.java:74)
        at org.apache.ratis.thirdparty.io.netty.util.concurrent.FastThreadLocalRunnable.run(FastThreadLocalRunnable.java:30)
        at java.lang.Thread.run(Thread.java:750)
"IPC Server idle connection scanner for port 15053" daemon prio=5 tid=843 timed_waiting
java.lang.Thread.State: TIMED_WAITING
        at java.lang.Object.wait(Native Method)
        at java.util.TimerThread.mainLoop(Timer.java:552)
        at java.util.TimerThread.run(Timer.java:505)
"Over Replicated Processor" daemon prio=5 tid=829 timed_waiting
java.lang.Thread.State: TIMED_WAITING
        at java.lang.Object.wait(Native Method)
        at org.apache.hadoop.hdds.scm.container.replication.UnhealthyReplicationProcessor.run(UnhealthyReplicationProcessor.java:174)
        at java.lang.Thread.run(Thread.java:750)
"IPC Server handler 3 on default port 15057" daemon prio=5 tid=971 timed_waiting
java.lang.Thread.State: TIMED_WAITING
        at sun.misc.Unsafe.park(Native Method)
        at java.util.concurrent.locks.LockSupport.parkNanos(LockSupport.java:215)
        at java.util.concurrent.locks.AbstractQueuedSynchronizer$ConditionObject.awaitNanos(AbstractQueuedSynchronizer.java:2078)
        at java.util.concurrent.LinkedBlockingQueue.poll(LinkedBlockingQueue.java:467)
        at org.apache.hadoop.ipc.CallQueueManager.take(CallQueueManager.java:317)
        at org.apache.hadoop.ipc.Server$Handler.run(Server.java:3014)
"ChunkWriter-3-0" daemon prio=5 tid=1181 in Object.wait()
java.lang.Thread.State: WAITING (on object monitor)
        at sun.misc.Unsafe.park(Native Method)
        at java.util.concurrent.locks.LockSupport.park(LockSupport.java:175)
        at java.util.concurrent.locks.AbstractQueuedSynchronizer$ConditionObject.await(AbstractQueuedSynchronizer.java:2039)
        at java.util.concurrent.LinkedBlockingDeque.takeFirst(LinkedBlockingDeque.java:492)
        at java.util.concurrent.LinkedBlockingDeque.take(LinkedBlockingDeque.java:680)
        at java.util.concurrent.ThreadPoolExecutor.getTask(ThreadPoolExecutor.java:1074)
        at java.util.concurrent.ThreadPoolExecutor.runWorker(ThreadPoolExecutor.java:1134)
        at java.util.concurrent.ThreadPoolExecutor$Worker.run(ThreadPoolExecutor.java:624)
        at java.lang.Thread.run(Thread.java:750)
"BlockDeletingService#0" daemon prio=5 tid=1208 timed_waiting
java.lang.Thread.State: TIMED_WAITING
        at sun.misc.Unsafe.park(Native Method)
        at java.util.concurrent.locks.LockSupport.parkNanos(LockSupport.java:215)
        at java.util.concurrent.locks.AbstractQueuedSynchronizer$ConditionObject.awaitNanos(AbstractQueuedSynchronizer.java:2078)
        at java.util.concurrent.ScheduledThreadPoolExecutor$DelayedWorkQueue.take(ScheduledThreadPoolExecutor.java:1093)
        at java.util.concurrent.ScheduledThreadPoolExecutor$DelayedWorkQueue.take(ScheduledThreadPoolExecutor.java:809)
        at java.util.concurrent.ThreadPoolExecutor.getTask(ThreadPoolExecutor.java:1074)
        at java.util.concurrent.ThreadPoolExecutor.runWorker(ThreadPoolExecutor.java:1134)
        at java.util.concurrent.ThreadPoolExecutor$Worker.run(ThreadPoolExecutor.java:624)
        at java.lang.Thread.run(Thread.java:750)
"SCMBlockDeletingService#0" daemon prio=5 tid=918 timed_waiting
java.lang.Thread.State: TIMED_WAITING
        at sun.misc.Unsafe.park(Native Method)
        at java.util.concurrent.locks.LockSupport.parkNanos(LockSupport.java:215)
        at java.util.concurrent.locks.AbstractQueuedSynchronizer$ConditionObject.awaitNanos(AbstractQueuedSynchronizer.java:2078)
        at java.util.concurrent.ScheduledThreadPoolExecutor$DelayedWorkQueue.take(ScheduledThreadPoolExecutor.java:1093)
        at java.util.concurrent.ScheduledThreadPoolExecutor$DelayedWorkQueue.take(ScheduledThreadPoolExecutor.java:809)
        at java.util.concurrent.ThreadPoolExecutor.getTask(ThreadPoolExecutor.java:1074)
        at java.util.concurrent.ThreadPoolExecutor.runWorker(ThreadPoolExecutor.java:1134)
        at java.util.concurrent.ThreadPoolExecutor$Worker.run(ThreadPoolExecutor.java:624)
        at java.lang.Thread.run(Thread.java:750)
"prometheus" daemon prio=5 tid=857 in Object.wait()
java.lang.Thread.State: WAITING (on object monitor)
        at java.lang.Object.wait(Native Method)
        at java.lang.Object.wait(Object.java:502)
        at org.apache.hadoop.metrics2.impl.SinkQueue.waitForData(SinkQueue.java:114)
        at org.apache.hadoop.metrics2.impl.SinkQueue.consumeAll(SinkQueue.java:83)
        at org.apache.hadoop.metrics2.impl.MetricsSinkAdapter.publishMetricsFromQueue(MetricsSinkAdapter.java:135)
        at org.apache.hadoop.metrics2.impl.MetricsSinkAdapter$1.run(MetricsSinkAdapter.java:89)
"OpenKeyCleanupService#0" daemon prio=5 tid=955 timed_waiting
java.lang.Thread.State: TIMED_WAITING
        at sun.misc.Unsafe.park(Native Method)
        at java.util.concurrent.locks.LockSupport.parkNanos(LockSupport.java:215)
        at java.util.concurrent.locks.AbstractQueuedSynchronizer$ConditionObject.awaitNanos(AbstractQueuedSynchronizer.java:2078)
        at java.util.concurrent.ScheduledThreadPoolExecutor$DelayedWorkQueue.take(ScheduledThreadPoolExecutor.java:1093)
        at java.util.concurrent.ScheduledThreadPoolExecutor$DelayedWorkQueue.take(ScheduledThreadPoolExecutor.java:809)
        at java.util.concurrent.ThreadPoolExecutor.getTask(ThreadPoolExecutor.java:1074)
        at java.util.concurrent.ThreadPoolExecutor.runWorker(ThreadPoolExecutor.java:1134)
        at java.util.concurrent.ThreadPoolExecutor$Worker.run(ThreadPoolExecutor.java:624)
        at java.lang.Thread.run(Thread.java:750)
"qtp181659897-1127" daemon prio=5 tid=1127 runnable
java.lang.Thread.State: RUNNABLE
        at sun.nio.ch.EPollArrayWrapper.epollWait(Native Method)
        at sun.nio.ch.EPollArrayWrapper.poll(EPollArrayWrapper.java:269)
        at sun.nio.ch.EPollSelectorImpl.doSelect(EPollSelectorImpl.java:93)
        at sun.nio.ch.SelectorImpl.lockAndDoSelect(SelectorImpl.java:86)
        at sun.nio.ch.SelectorImpl.select(SelectorImpl.java:97)
        at sun.nio.ch.SelectorImpl.select(SelectorImpl.java:101)
        at org.eclipse.jetty.io.ManagedSelector.nioSelect(ManagedSelector.java:183)
        at org.eclipse.jetty.io.ManagedSelector.select(ManagedSelector.java:190)
        at org.eclipse.jetty.io.ManagedSelector$SelectorProducer.select(ManagedSelector.java:606)
        at org.eclipse.jetty.io.ManagedSelector$SelectorProducer.produce(ManagedSelector.java:543)
        at org.eclipse.jetty.util.thread.strategy.EatWhatYouKill.produceTask(EatWhatYouKill.java:362)
        at org.eclipse.jetty.util.thread.strategy.EatWhatYouKill.doProduce(EatWhatYouKill.java:186)
        at org.eclipse.jetty.util.thread.strategy.EatWhatYouKill.tryProduce(EatWhatYouKill.java:173)
        at org.eclipse.jetty.util.thread.strategy.EatWhatYouKill.produce(EatWhatYouKill.java:137)
        at org.eclipse.jetty.io.ManagedSelector$$Lambda$455/1342467479.run(Unknown Source)
        at org.eclipse.jetty.util.thread.QueuedThreadPool.runJob(QueuedThreadPool.java:883)
        at org.eclipse.jetty.util.thread.QueuedThreadPool$Runner.run(QueuedThreadPool.java:1034)
        at java.lang.Thread.run(Thread.java:750)
"EventQueue-DeadNodeForDeadNodeHandler" daemon prio=5 tid=1419 in Object.wait()
java.lang.Thread.State: WAITING (on object monitor)
        at sun.misc.Unsafe.park(Native Method)
        at java.util.concurrent.locks.LockSupport.park(LockSupport.java:175)
        at java.util.concurrent.locks.AbstractQueuedSynchronizer$ConditionObject.await(AbstractQueuedSynchronizer.java:2039)
        at java.util.concurrent.LinkedBlockingQueue.take(LinkedBlockingQueue.java:442)
        at java.util.concurrent.ThreadPoolExecutor.getTask(ThreadPoolExecutor.java:1074)
        at java.util.concurrent.ThreadPoolExecutor.runWorker(ThreadPoolExecutor.java:1134)
        at java.util.concurrent.ThreadPoolExecutor$Worker.run(ThreadPoolExecutor.java:624)
        at java.lang.Thread.run(Thread.java:750)
"ChunkWriter-1-0" daemon prio=5 tid=1179 in Object.wait()
java.lang.Thread.State: WAITING (on object monitor)
        at sun.misc.Unsafe.park(Native Method)
        at java.util.concurrent.locks.LockSupport.park(LockSupport.java:175)
        at java.util.concurrent.locks.AbstractQueuedSynchronizer$ConditionObject.await(AbstractQueuedSynchronizer.java:2039)
        at java.util.concurrent.LinkedBlockingDeque.takeFirst(LinkedBlockingDeque.java:492)
        at java.util.concurrent.LinkedBlockingDeque.take(LinkedBlockingDeque.java:680)
        at java.util.concurrent.ThreadPoolExecutor.getTask(ThreadPoolExecutor.java:1074)
        at java.util.concurrent.ThreadPoolExecutor.runWorker(ThreadPoolExecutor.java:1134)
        at java.util.concurrent.ThreadPoolExecutor$Worker.run(ThreadPoolExecutor.java:624)
        at java.lang.Thread.run(Thread.java:750)
"PipelineCommandHandlerThread-0"  prio=5 tid=1278 in Object.wait()
java.lang.Thread.State: WAITING (on object monitor)
        at sun.misc.Unsafe.park(Native Method)
        at java.util.concurrent.locks.LockSupport.park(LockSupport.java:175)
        at java.util.concurrent.locks.AbstractQueuedSynchronizer$ConditionObject.await(AbstractQueuedSynchronizer.java:2039)
        at java.util.concurrent.LinkedBlockingQueue.take(LinkedBlockingQueue.java:442)
        at java.util.concurrent.ThreadPoolExecutor.getTask(ThreadPoolExecutor.java:1074)
        at java.util.concurrent.ThreadPoolExecutor.runWorker(ThreadPoolExecutor.java:1134)
        at java.util.concurrent.ThreadPoolExecutor$Worker.run(ThreadPoolExecutor.java:624)
        at java.lang.Thread.run(Thread.java:750)
"ChunkWriter-2-0" daemon prio=5 tid=1156 in Object.wait()
java.lang.Thread.State: WAITING (on object monitor)
        at sun.misc.Unsafe.park(Native Method)
        at java.util.concurrent.locks.LockSupport.park(LockSupport.java:175)
        at java.util.concurrent.locks.AbstractQueuedSynchronizer$ConditionObject.await(AbstractQueuedSynchronizer.java:2039)
        at java.util.concurrent.LinkedBlockingDeque.takeFirst(LinkedBlockingDeque.java:492)
        at java.util.concurrent.LinkedBlockingDeque.take(LinkedBlockingDeque.java:680)
        at java.util.concurrent.ThreadPoolExecutor.getTask(ThreadPoolExecutor.java:1074)
        at java.util.concurrent.ThreadPoolExecutor.runWorker(ThreadPoolExecutor.java:1134)
        at java.util.concurrent.ThreadPoolExecutor$Worker.run(ThreadPoolExecutor.java:624)
        at java.lang.Thread.run(Thread.java:750)
"IPC Server Responder" daemon prio=5 tid=844 runnable
java.lang.Thread.State: RUNNABLE
        at sun.nio.ch.EPollArrayWrapper.epollWait(Native Method)
        at sun.nio.ch.EPollArrayWrapper.poll(EPollArrayWrapper.java:269)
        at sun.nio.ch.EPollSelectorImpl.doSelect(EPollSelectorImpl.java:93)
        at sun.nio.ch.SelectorImpl.lockAndDoSelect(SelectorImpl.java:86)
        at sun.nio.ch.SelectorImpl.select(SelectorImpl.java:97)
        at org.apache.hadoop.ipc.Server$Responder.doRunLoop(Server.java:1582)
        at org.apache.hadoop.ipc.Server$Responder.run(Server.java:1565)
"qtp1033742513-963" daemon prio=5 tid=963 timed_waiting
java.lang.Thread.State: TIMED_WAITING
        at sun.misc.Unsafe.park(Native Method)
        at java.util.concurrent.locks.LockSupport.parkNanos(LockSupport.java:215)
        at java.util.concurrent.locks.AbstractQueuedSynchronizer$ConditionObject.awaitNanos(AbstractQueuedSynchronizer.java:2078)
        at org.eclipse.jetty.util.BlockingArrayQueue.poll(BlockingArrayQueue.java:382)
        at org.eclipse.jetty.util.thread.QueuedThreadPool$Runner.idleJobPoll(QueuedThreadPool.java:974)
        at org.eclipse.jetty.util.thread.QueuedThreadPool$Runner.run(QueuedThreadPool.java:1018)
        at java.lang.Thread.run(Thread.java:750)
"JvmPauseMonitor7" daemon prio=5 tid=920 timed_waiting
java.lang.Thread.State: TIMED_WAITING
        at java.lang.Thread.sleep(Native Method)
        at java.lang.Thread.sleep(Thread.java:342)
        at java.util.concurrent.TimeUnit.sleep(TimeUnit.java:386)
        at org.apache.ratis.util.TimeDuration.sleep(TimeDuration.java:325)
        at org.apache.ratis.util.TimeDuration.sleep(TimeDuration.java:310)
        at org.apache.ratis.util.JvmPauseMonitor.detectPause(JvmPauseMonitor.java:117)
        at org.apache.ratis.util.JvmPauseMonitor.run(JvmPauseMonitor.java:106)
        at org.apache.ratis.util.JvmPauseMonitor$$Lambda$417/955058382.run(Unknown Source)
        at java.lang.Thread.run(Thread.java:750)
"StaleRecoveringContainerScrubbingService#1" daemon prio=5 tid=1199 in Object.wait()
java.lang.Thread.State: WAITING (on object monitor)
        at sun.misc.Unsafe.park(Native Method)
        at java.util.concurrent.locks.LockSupport.park(LockSupport.java:175)
        at java.util.concurrent.locks.AbstractQueuedSynchronizer$ConditionObject.await(AbstractQueuedSynchronizer.java:2039)
        at java.util.concurrent.ScheduledThreadPoolExecutor$DelayedWorkQueue.take(ScheduledThreadPoolExecutor.java:1088)
        at java.util.concurrent.ScheduledThreadPoolExecutor$DelayedWorkQueue.take(ScheduledThreadPoolExecutor.java:809)
        at java.util.concurrent.ThreadPoolExecutor.getTask(ThreadPoolExecutor.java:1074)
        at java.util.concurrent.ThreadPoolExecutor.runWorker(ThreadPoolExecutor.java:1134)
        at java.util.concurrent.ThreadPoolExecutor$Worker.run(ThreadPoolExecutor.java:624)
        at java.lang.Thread.run(Thread.java:750)
"qtp1738073700-1065" daemon prio=5 tid=1065 timed_waiting
java.lang.Thread.State: TIMED_WAITING
        at sun.misc.Unsafe.park(Native Method)
        at java.util.concurrent.locks.LockSupport.parkNanos(LockSupport.java:215)
        at java.util.concurrent.locks.AbstractQueuedSynchronizer$ConditionObject.awaitNanos(AbstractQueuedSynchronizer.java:2078)
        at org.eclipse.jetty.util.BlockingArrayQueue.poll(BlockingArrayQueue.java:382)
        at org.eclipse.jetty.util.thread.QueuedThreadPool$Runner.idleJobPoll(QueuedThreadPool.java:974)
        at org.eclipse.jetty.util.thread.QueuedThreadPool$Runner.run(QueuedThreadPool.java:1018)
        at java.lang.Thread.run(Thread.java:750)
"IPC Server handler 3 on default port 15054" daemon prio=5 tid=881 timed_waiting
java.lang.Thread.State: TIMED_WAITING
        at sun.misc.Unsafe.park(Native Method)
        at java.util.concurrent.locks.LockSupport.parkNanos(LockSupport.java:215)
        at java.util.concurrent.locks.AbstractQueuedSynchronizer$ConditionObject.awaitNanos(AbstractQueuedSynchronizer.java:2078)
        at java.util.concurrent.LinkedBlockingQueue.poll(LinkedBlockingQueue.java:467)
        at org.apache.hadoop.ipc.CallQueueManager.take(CallQueueManager.java:317)
        at org.apache.hadoop.ipc.Server$Handler.run(Server.java:3014)
"Datanode ReportManager Thread - 2" daemon prio=5 tid=1113 in Object.wait()
java.lang.Thread.State: WAITING (on object monitor)
        at sun.misc.Unsafe.park(Native Method)
        at java.util.concurrent.locks.LockSupport.park(LockSupport.java:175)
        at java.util.concurrent.locks.AbstractQueuedSynchronizer$ConditionObject.await(AbstractQueuedSynchronizer.java:2039)
        at java.util.concurrent.ScheduledThreadPoolExecutor$DelayedWorkQueue.take(ScheduledThreadPoolExecutor.java:1088)
        at java.util.concurrent.ScheduledThreadPoolExecutor$DelayedWorkQueue.take(ScheduledThreadPoolExecutor.java:809)
        at java.util.concurrent.ThreadPoolExecutor.getTask(ThreadPoolExecutor.java:1074)
        at java.util.concurrent.ThreadPoolExecutor.runWorker(ThreadPoolExecutor.java:1134)
        at java.util.concurrent.ThreadPoolExecutor$Worker.run(ThreadPoolExecutor.java:624)
        at java.lang.Thread.run(Thread.java:750)
"qtp181659897-1128-acceptor-0@471e9d2f-ServerConnector@1f300372{HTTP/1.1, (http/1.1)}{0.0.0.0:15098}" daemon prio=3 tid=1128 runnable
java.lang.Thread.State: RUNNABLE
        at sun.nio.ch.ServerSocketChannelImpl.accept0(Native Method)
        at sun.nio.ch.ServerSocketChannelImpl.accept(ServerSocketChannelImpl.java:421)
        at sun.nio.ch.ServerSocketChannelImpl.accept(ServerSocketChannelImpl.java:249)
        at org.eclipse.jetty.server.ServerConnector.accept(ServerConnector.java:388)
        at org.eclipse.jetty.server.AbstractConnector$Acceptor.run(AbstractConnector.java:704)
        at org.eclipse.jetty.util.thread.QueuedThreadPool.runJob(QueuedThreadPool.java:883)
        at org.eclipse.jetty.util.thread.QueuedThreadPool$Runner.run(QueuedThreadPool.java:1034)
        at java.lang.Thread.run(Thread.java:750)
"Datanode ReportManager Thread - 3" daemon prio=5 tid=1080 in Object.wait()
java.lang.Thread.State: WAITING (on object monitor)
        at sun.misc.Unsafe.park(Native Method)
        at java.util.concurrent.locks.LockSupport.park(LockSupport.java:175)
        at java.util.concurrent.locks.AbstractQueuedSynchronizer$ConditionObject.await(AbstractQueuedSynchronizer.java:2039)
        at java.util.concurrent.ScheduledThreadPoolExecutor$DelayedWorkQueue.take(ScheduledThreadPoolExecutor.java:1088)
        at java.util.concurrent.ScheduledThreadPoolExecutor$DelayedWorkQueue.take(ScheduledThreadPoolExecutor.java:809)
        at java.util.concurrent.ThreadPoolExecutor.getTask(ThreadPoolExecutor.java:1074)
        at java.util.concurrent.ThreadPoolExecutor.runWorker(ThreadPoolExecutor.java:1134)
        at java.util.concurrent.ThreadPoolExecutor$Worker.run(ThreadPoolExecutor.java:624)
        at java.lang.Thread.run(Thread.java:750)
"107862d4-58d6-4e98-9eb6-252f61002a57-NettyServerStreamRpc-bossGroup--thread1" daemon prio=5 tid=1123 runnable
java.lang.Thread.State: RUNNABLE
        at sun.nio.ch.EPollArrayWrapper.epollWait(Native Method)
        at sun.nio.ch.EPollArrayWrapper.poll(EPollArrayWrapper.java:269)
        at sun.nio.ch.EPollSelectorImpl.doSelect(EPollSelectorImpl.java:93)
        at sun.nio.ch.SelectorImpl.lockAndDoSelect(SelectorImpl.java:86)
        at sun.nio.ch.SelectorImpl.select(SelectorImpl.java:97)
        at sun.nio.ch.SelectorImpl.select(SelectorImpl.java:101)
        at org.apache.ratis.thirdparty.io.netty.channel.nio.SelectedSelectionKeySetSelector.select(SelectedSelectionKeySetSelector.java:68)
        at org.apache.ratis.thirdparty.io.netty.channel.nio.NioEventLoop.select(NioEventLoop.java:879)
        at org.apache.ratis.thirdparty.io.netty.channel.nio.NioEventLoop.run(NioEventLoop.java:526)
        at org.apache.ratis.thirdparty.io.netty.util.concurrent.SingleThreadEventExecutor$4.run(SingleThreadEventExecutor.java:997)
        at org.apache.ratis.thirdparty.io.netty.util.internal.ThreadExecutorMap$2.run(ThreadExecutorMap.java:74)
        at java.lang.Thread.run(Thread.java:750)
"IPC Server idle connection scanner for port 15055" daemon prio=5 tid=833 timed_waiting
java.lang.Thread.State: TIMED_WAITING
        at java.lang.Object.wait(Native Method)
        at java.util.TimerThread.mainLoop(Timer.java:552)
        at java.util.TimerThread.run(Timer.java:505)
"ChunkWriter-0-0" daemon prio=5 tid=1202 in Object.wait()
java.lang.Thread.State: WAITING (on object monitor)
        at sun.misc.Unsafe.park(Native Method)
        at java.util.concurrent.locks.LockSupport.park(LockSupport.java:175)
        at java.util.concurrent.locks.AbstractQueuedSynchronizer$ConditionObject.await(AbstractQueuedSynchronizer.java:2039)
        at java.util.concurrent.LinkedBlockingDeque.takeFirst(LinkedBlockingDeque.java:492)
        at java.util.concurrent.LinkedBlockingDeque.take(LinkedBlockingDeque.java:680)
        at java.util.concurrent.ThreadPoolExecutor.getTask(ThreadPoolExecutor.java:1074)
        at java.util.concurrent.ThreadPoolExecutor.runWorker(ThreadPoolExecutor.java:1134)
        at java.util.concurrent.ThreadPoolExecutor$Worker.run(ThreadPoolExecutor.java:624)
        at java.lang.Thread.run(Thread.java:750)
"pool-250-thread-1"  prio=5 tid=1373 timed_waiting
java.lang.Thread.State: TIMED_WAITING
        at sun.misc.Unsafe.park(Native Method)
        at java.util.concurrent.locks.LockSupport.parkNanos(LockSupport.java:215)
        at java.util.concurrent.SynchronousQueue$TransferStack.awaitFulfill(SynchronousQueue.java:460)
        at java.util.concurrent.SynchronousQueue$TransferStack.transfer(SynchronousQueue.java:362)
        at java.util.concurrent.SynchronousQueue.poll(SynchronousQueue.java:941)
        at java.util.concurrent.ThreadPoolExecutor.getTask(ThreadPoolExecutor.java:1073)
        at java.util.concurrent.ThreadPoolExecutor.runWorker(ThreadPoolExecutor.java:1134)
        at java.util.concurrent.ThreadPoolExecutor$Worker.run(ThreadPoolExecutor.java:624)
        at java.lang.Thread.run(Thread.java:750)
"ChunkReader-ELG-0" daemon prio=5 tid=1207 runnable
java.lang.Thread.State: RUNNABLE
        at org.apache.ratis.thirdparty.io.netty.channel.epoll.Native.epollWait(Native Method)
        at org.apache.ratis.thirdparty.io.netty.channel.epoll.Native.epollWait(Native.java:209)
        at org.apache.ratis.thirdparty.io.netty.channel.epoll.Native.epollWait(Native.java:202)
        at org.apache.ratis.thirdparty.io.netty.channel.epoll.EpollEventLoop.epollWaitNoTimerChange(EpollEventLoop.java:306)
        at org.apache.ratis.thirdparty.io.netty.channel.epoll.EpollEventLoop.run(EpollEventLoop.java:363)
        at org.apache.ratis.thirdparty.io.netty.util.concurrent.SingleThreadEventExecutor$4.run(SingleThreadEventExecutor.java:997)
        at org.apache.ratis.thirdparty.io.netty.util.internal.ThreadExecutorMap$2.run(ThreadExecutorMap.java:74)
        at java.lang.Thread.run(Thread.java:750)
"IPC Server handler 8 on default port 15053" daemon prio=5 tid=866 timed_waiting
java.lang.Thread.State: TIMED_WAITING
        at sun.misc.Unsafe.park(Native Method)
        at java.util.concurrent.locks.LockSupport.parkNanos(LockSupport.java:215)
        at java.util.concurrent.locks.AbstractQueuedSynchronizer$ConditionObject.awaitNanos(AbstractQueuedSynchronizer.java:2078)
        at java.util.concurrent.LinkedBlockingQueue.poll(LinkedBlockingQueue.java:467)
        at org.apache.hadoop.ipc.CallQueueManager.take(CallQueueManager.java:317)
        at org.apache.hadoop.ipc.Server$Handler.run(Server.java:3014)
"c67f853f-9851-48e5-9814-c89133fda60b-groupManagement"  prio=5 tid=1221 in Object.wait()
java.lang.Thread.State: WAITING (on object monitor)
        at sun.misc.Unsafe.park(Native Method)
        at java.util.concurrent.locks.LockSupport.park(LockSupport.java:175)
        at java.util.concurrent.locks.AbstractQueuedSynchronizer$ConditionObject.await(AbstractQueuedSynchronizer.java:2039)
        at java.util.concurrent.LinkedBlockingQueue.take(LinkedBlockingQueue.java:442)
        at java.util.concurrent.ThreadPoolExecutor.getTask(ThreadPoolExecutor.java:1074)
        at java.util.concurrent.ThreadPoolExecutor.runWorker(ThreadPoolExecutor.java:1134)
        at java.util.concurrent.ThreadPoolExecutor$Worker.run(ThreadPoolExecutor.java:624)
        at java.lang.Thread.run(Thread.java:750)
"IPC Server handler 8 on default port 15057" daemon prio=5 tid=976 timed_waiting
java.lang.Thread.State: TIMED_WAITING
        at sun.misc.Unsafe.park(Native Method)
        at java.util.concurrent.locks.LockSupport.parkNanos(LockSupport.java:215)
        at java.util.concurrent.locks.AbstractQueuedSynchronizer$ConditionObject.awaitNanos(AbstractQueuedSynchronizer.java:2078)
        at java.util.concurrent.LinkedBlockingQueue.poll(LinkedBlockingQueue.java:467)
        at org.apache.hadoop.ipc.CallQueueManager.take(CallQueueManager.java:317)
        at org.apache.hadoop.ipc.Server$Handler.run(Server.java:3014)
"timer5" daemon prio=5 tid=547 timed_waiting
java.lang.Thread.State: TIMED_WAITING
        at java.lang.Object.wait(Native Method)
        at java.util.TimerThread.mainLoop(Timer.java:552)
        at java.util.TimerThread.run(Timer.java:505)
"Command processor thread" daemon prio=5 tid=1082 timed_waiting
java.lang.Thread.State: TIMED_WAITING
        at java.lang.Thread.sleep(Native Method)
        at org.apache.hadoop.ozone.container.common.statemachine.DatanodeStateMachine.lambda$initCommandHandlerThread$3(DatanodeStateMachine.java:659)
        at org.apache.hadoop.ozone.container.common.statemachine.DatanodeStateMachine$$Lambda$894/117097497.run(Unknown Source)
        at java.lang.Thread.run(Thread.java:750)
"IPC Server handler 2 on default port 15055" daemon prio=5 tid=900 timed_waiting
java.lang.Thread.State: TIMED_WAITING
        at sun.misc.Unsafe.park(Native Method)
        at java.util.concurrent.locks.LockSupport.parkNanos(LockSupport.java:215)
        at java.util.concurrent.locks.AbstractQueuedSynchronizer$ConditionObject.awaitNanos(AbstractQueuedSynchronizer.java:2078)
        at java.util.concurrent.LinkedBlockingQueue.poll(LinkedBlockingQueue.java:467)
        at org.apache.hadoop.ipc.CallQueueManager.take(CallQueueManager.java:317)
        at org.apache.hadoop.ipc.Server$Handler.run(Server.java:3014)
"c67f853f-9851-48e5-9814-c89133fda60b@group-50645A3F60F1-LeaderStateImpl" daemon prio=5 tid=1292 timed_waiting
java.lang.Thread.State: TIMED_WAITING
        at sun.misc.Unsafe.park(Native Method)
        at java.util.concurrent.locks.LockSupport.parkNanos(LockSupport.java:215)
        at java.util.concurrent.locks.AbstractQueuedSynchronizer$ConditionObject.awaitNanos(AbstractQueuedSynchronizer.java:2078)
        at java.util.concurrent.ArrayBlockingQueue.poll(ArrayBlockingQueue.java:418)
        at org.apache.ratis.server.impl.LeaderStateImpl$EventQueue.poll(LeaderStateImpl.java:164)
        at org.apache.ratis.server.impl.LeaderStateImpl$EventProcessor.run(LeaderStateImpl.java:702)
"qtp927182113-998-acceptor-0@30b14207-ServerConnector@32ff2b81{HTTP/1.1, (http/1.1)}{0.0.0.0:15062}" daemon prio=3 tid=998 runnable
java.lang.Thread.State: RUNNABLE
        at sun.nio.ch.ServerSocketChannelImpl.accept0(Native Method)
        at sun.nio.ch.ServerSocketChannelImpl.accept(ServerSocketChannelImpl.java:421)
        at sun.nio.ch.ServerSocketChannelImpl.accept(ServerSocketChannelImpl.java:249)
        at org.eclipse.jetty.server.ServerConnector.accept(ServerConnector.java:388)
        at org.eclipse.jetty.server.AbstractConnector$Acceptor.run(AbstractConnector.java:704)
        at org.eclipse.jetty.util.thread.QueuedThreadPool.runJob(QueuedThreadPool.java:883)
        at org.eclipse.jetty.util.thread.QueuedThreadPool$Runner.run(QueuedThreadPool.java:1034)
        at java.lang.Thread.run(Thread.java:750)
"qtp754798603-1102" daemon prio=5 tid=1102 timed_waiting
java.lang.Thread.State: TIMED_WAITING
        at sun.misc.Unsafe.park(Native Method)
        at java.util.concurrent.locks.LockSupport.parkNanos(LockSupport.java:215)
        at java.util.concurrent.locks.AbstractQueuedSynchronizer$ConditionObject.awaitNanos(AbstractQueuedSynchronizer.java:2078)
        at org.eclipse.jetty.util.BlockingArrayQueue.poll(BlockingArrayQueue.java:382)
        at org.eclipse.jetty.util.thread.QueuedThreadPool$Runner.idleJobPoll(QueuedThreadPool.java:974)
        at org.eclipse.jetty.util.thread.QueuedThreadPool$Runner.run(QueuedThreadPool.java:1018)
        at java.lang.Thread.run(Thread.java:750)
"IPC Server handler 5 on default port 15053" daemon prio=5 tid=863 timed_waiting
java.lang.Thread.State: TIMED_WAITING
        at sun.misc.Unsafe.park(Native Method)
        at java.util.concurrent.locks.LockSupport.parkNanos(LockSupport.java:215)
        at java.util.concurrent.locks.AbstractQueuedSynchronizer$ConditionObject.awaitNanos(AbstractQueuedSynchronizer.java:2078)
        at java.util.concurrent.LinkedBlockingQueue.poll(LinkedBlockingQueue.java:467)
        at org.apache.hadoop.ipc.CallQueueManager.take(CallQueueManager.java:317)
        at org.apache.hadoop.ipc.Server$Handler.run(Server.java:3014)
"qtp754798603-1097" daemon prio=5 tid=1097 timed_waiting
java.lang.Thread.State: TIMED_WAITING
        at sun.misc.Unsafe.park(Native Method)
        at java.util.concurrent.locks.LockSupport.parkNanos(LockSupport.java:215)
        at java.util.concurrent.locks.AbstractQueuedSynchronizer$ConditionObject.awaitNanos(AbstractQueuedSynchronizer.java:2078)
        at org.eclipse.jetty.util.BlockingArrayQueue.poll(BlockingArrayQueue.java:382)
        at org.eclipse.jetty.util.thread.QueuedThreadPool$Runner.idleJobPoll(QueuedThreadPool.java:974)
        at org.eclipse.jetty.util.thread.QueuedThreadPool$Runner.run(QueuedThreadPool.java:1018)
        at java.lang.Thread.run(Thread.java:750)
"RatisPipelineUtilsThread - 0"  prio=5 tid=824 timed_waiting
java.lang.Thread.State: TIMED_WAITING
        at java.lang.Object.wait(Native Method)
        at org.apache.hadoop.hdds.scm.pipeline.BackgroundPipelineCreator.run(BackgroundPipelineCreator.java:176)
        at org.apache.hadoop.hdds.scm.pipeline.BackgroundPipelineCreator$$Lambda$368/302852307.run(Unknown Source)
        at java.lang.Thread.run(Thread.java:750)
"ChunkWriter-2-0" daemon prio=5 tid=1204 in Object.wait()
java.lang.Thread.State: WAITING (on object monitor)
        at sun.misc.Unsafe.park(Native Method)
        at java.util.concurrent.locks.LockSupport.park(LockSupport.java:175)
        at java.util.concurrent.locks.AbstractQueuedSynchronizer$ConditionObject.await(AbstractQueuedSynchronizer.java:2039)
        at java.util.concurrent.LinkedBlockingDeque.takeFirst(LinkedBlockingDeque.java:492)
        at java.util.concurrent.LinkedBlockingDeque.take(LinkedBlockingDeque.java:680)
        at java.util.concurrent.ThreadPoolExecutor.getTask(ThreadPoolExecutor.java:1074)
        at java.util.concurrent.ThreadPoolExecutor.runWorker(ThreadPoolExecutor.java:1134)
        at java.util.concurrent.ThreadPoolExecutor$Worker.run(ThreadPoolExecutor.java:624)
        at java.lang.Thread.run(Thread.java:750)
"IPC Server listener on 15090" daemon prio=5 tid=1104 runnable
java.lang.Thread.State: RUNNABLE
        at sun.nio.ch.EPollArrayWrapper.epollWait(Native Method)
        at sun.nio.ch.EPollArrayWrapper.poll(EPollArrayWrapper.java:269)
        at sun.nio.ch.EPollSelectorImpl.doSelect(EPollSelectorImpl.java:93)
        at sun.nio.ch.SelectorImpl.lockAndDoSelect(SelectorImpl.java:86)
        at sun.nio.ch.SelectorImpl.select(SelectorImpl.java:97)
        at sun.nio.ch.SelectorImpl.select(SelectorImpl.java:101)
        at org.apache.hadoop.ipc.Server$Listener.run(Server.java:1408)
"ChunkWriter-1-0" daemon prio=5 tid=1191 in Object.wait()
java.lang.Thread.State: WAITING (on object monitor)
        at sun.misc.Unsafe.park(Native Method)
        at java.util.concurrent.locks.LockSupport.park(LockSupport.java:175)
        at java.util.concurrent.locks.AbstractQueuedSynchronizer$ConditionObject.await(AbstractQueuedSynchronizer.java:2039)
        at java.util.concurrent.LinkedBlockingDeque.takeFirst(LinkedBlockingDeque.java:492)
        at java.util.concurrent.LinkedBlockingDeque.take(LinkedBlockingDeque.java:680)
        at java.util.concurrent.ThreadPoolExecutor.getTask(ThreadPoolExecutor.java:1074)
        at java.util.concurrent.ThreadPoolExecutor.runWorker(ThreadPoolExecutor.java:1134)
        at java.util.concurrent.ThreadPoolExecutor$Worker.run(ThreadPoolExecutor.java:624)
        at java.lang.Thread.run(Thread.java:750)
"PartialTableCache Cleanup Thread - 0" daemon prio=5 tid=576 in Object.wait()
java.lang.Thread.State: WAITING (on object monitor)
        at sun.misc.Unsafe.park(Native Method)
        at java.util.concurrent.locks.LockSupport.park(LockSupport.java:175)
        at java.util.concurrent.locks.AbstractQueuedSynchronizer$ConditionObject.await(AbstractQueuedSynchronizer.java:2039)
        at java.util.concurrent.LinkedBlockingQueue.take(LinkedBlockingQueue.java:442)
        at java.util.concurrent.ThreadPoolExecutor.getTask(ThreadPoolExecutor.java:1074)
        at java.util.concurrent.ThreadPoolExecutor.runWorker(ThreadPoolExecutor.java:1134)
        at java.util.concurrent.ThreadPoolExecutor$Worker.run(ThreadPoolExecutor.java:624)
        at java.lang.Thread.run(Thread.java:750)
"BlockDeletingService#0" daemon prio=5 tid=1196 timed_waiting
java.lang.Thread.State: TIMED_WAITING
        at sun.misc.Unsafe.park(Native Method)
        at java.util.concurrent.locks.LockSupport.parkNanos(LockSupport.java:215)
        at java.util.concurrent.locks.AbstractQueuedSynchronizer$ConditionObject.awaitNanos(AbstractQueuedSynchronizer.java:2078)
        at java.util.concurrent.ScheduledThreadPoolExecutor$DelayedWorkQueue.take(ScheduledThreadPoolExecutor.java:1093)
        at java.util.concurrent.ScheduledThreadPoolExecutor$DelayedWorkQueue.take(ScheduledThreadPoolExecutor.java:809)
        at java.util.concurrent.ThreadPoolExecutor.getTask(ThreadPoolExecutor.java:1074)
        at java.util.concurrent.ThreadPoolExecutor.runWorker(ThreadPoolExecutor.java:1134)
        at java.util.concurrent.ThreadPoolExecutor$Worker.run(ThreadPoolExecutor.java:624)
        at java.lang.Thread.run(Thread.java:750)
"PartialTableCache Cleanup Thread - 0" daemon prio=5 tid=1369 in Object.wait()
java.lang.Thread.State: WAITING (on object monitor)
        at sun.misc.Unsafe.park(Native Method)
        at java.util.concurrent.locks.LockSupport.park(LockSupport.java:175)
        at java.util.concurrent.locks.AbstractQueuedSynchronizer$ConditionObject.await(AbstractQueuedSynchronizer.java:2039)
        at java.util.concurrent.LinkedBlockingQueue.take(LinkedBlockingQueue.java:442)
        at java.util.concurrent.ThreadPoolExecutor.getTask(ThreadPoolExecutor.java:1074)
        at java.util.concurrent.ThreadPoolExecutor.runWorker(ThreadPoolExecutor.java:1134)
        at java.util.concurrent.ThreadPoolExecutor$Worker.run(ThreadPoolExecutor.java:624)
        at java.lang.Thread.run(Thread.java:750)
"Command processor thread" daemon prio=5 tid=1148 timed_waiting
java.lang.Thread.State: TIMED_WAITING
        at java.lang.Thread.sleep(Native Method)
        at org.apache.hadoop.ozone.container.common.statemachine.DatanodeStateMachine.lambda$initCommandHandlerThread$3(DatanodeStateMachine.java:659)
        at org.apache.hadoop.ozone.container.common.statemachine.DatanodeStateMachine$$Lambda$894/117097497.run(Unknown Source)
        at java.lang.Thread.run(Thread.java:750)
"IPC Server handler 0 on default port 15099" daemon prio=5 tid=1141 timed_waiting
java.lang.Thread.State: TIMED_WAITING
        at sun.misc.Unsafe.park(Native Method)
        at java.util.concurrent.locks.LockSupport.parkNanos(LockSupport.java:215)
        at java.util.concurrent.locks.AbstractQueuedSynchronizer$ConditionObject.awaitNanos(AbstractQueuedSynchronizer.java:2078)
        at java.util.concurrent.LinkedBlockingQueue.poll(LinkedBlockingQueue.java:467)
        at org.apache.hadoop.ipc.CallQueueManager.take(CallQueueManager.java:317)
        at org.apache.hadoop.ipc.Server$Handler.run(Server.java:3014)
"c67f853f-9851-48e5-9814-c89133fda60b-NettyServerStreamRpc-bossGroup--thread1" daemon prio=5 tid=993 runnable
java.lang.Thread.State: RUNNABLE
        at sun.nio.ch.EPollArrayWrapper.epollWait(Native Method)
        at sun.nio.ch.EPollArrayWrapper.poll(EPollArrayWrapper.java:269)
        at sun.nio.ch.EPollSelectorImpl.doSelect(EPollSelectorImpl.java:93)
        at sun.nio.ch.SelectorImpl.lockAndDoSelect(SelectorImpl.java:86)
        at sun.nio.ch.SelectorImpl.select(SelectorImpl.java:97)
        at sun.nio.ch.SelectorImpl.select(SelectorImpl.java:101)
        at org.apache.ratis.thirdparty.io.netty.channel.nio.SelectedSelectionKeySetSelector.select(SelectedSelectionKeySetSelector.java:68)
        at org.apache.ratis.thirdparty.io.netty.channel.nio.NioEventLoop.select(NioEventLoop.java:879)
        at org.apache.ratis.thirdparty.io.netty.channel.nio.NioEventLoop.run(NioEventLoop.java:526)
        at org.apache.ratis.thirdparty.io.netty.util.concurrent.SingleThreadEventExecutor$4.run(SingleThreadEventExecutor.java:997)
        at org.apache.ratis.thirdparty.io.netty.util.internal.ThreadExecutorMap$2.run(ThreadExecutorMap.java:74)
        at java.lang.Thread.run(Thread.java:750)
"EventQueue-DatanodeCommandQueueUpdatedForDatanodeCommandCountUpdatedHandler" daemon prio=5 tid=1219 in Object.wait()
java.lang.Thread.State: WAITING (on object monitor)
        at sun.misc.Unsafe.park(Native Method)
        at java.util.concurrent.locks.LockSupport.park(LockSupport.java:175)
        at java.util.concurrent.locks.AbstractQueuedSynchronizer$ConditionObject.await(AbstractQueuedSynchronizer.java:2039)
        at java.util.concurrent.LinkedBlockingQueue.take(LinkedBlockingQueue.java:442)
        at java.util.concurrent.ThreadPoolExecutor.getTask(ThreadPoolExecutor.java:1074)
        at java.util.concurrent.ThreadPoolExecutor.runWorker(ThreadPoolExecutor.java:1134)
        at java.util.concurrent.ThreadPoolExecutor$Worker.run(ThreadPoolExecutor.java:624)
        at java.lang.Thread.run(Thread.java:750)
"IPC Server handler 17 on default port 15057" daemon prio=5 tid=985 timed_waiting
java.lang.Thread.State: TIMED_WAITING
        at sun.misc.Unsafe.park(Native Method)
        at java.util.concurrent.locks.LockSupport.parkNanos(LockSupport.java:215)
        at java.util.concurrent.locks.AbstractQueuedSynchronizer$ConditionObject.awaitNanos(AbstractQueuedSynchronizer.java:2078)
        at java.util.concurrent.LinkedBlockingQueue.poll(LinkedBlockingQueue.java:467)
        at org.apache.hadoop.ipc.CallQueueManager.take(CallQueueManager.java:317)
        at org.apache.hadoop.ipc.Server$Handler.run(Server.java:3014)
"IPC Server handler 19 on default port 15057" daemon prio=5 tid=987 timed_waiting
java.lang.Thread.State: TIMED_WAITING
        at sun.misc.Unsafe.park(Native Method)
        at java.util.concurrent.locks.LockSupport.parkNanos(LockSupport.java:215)
        at java.util.concurrent.locks.AbstractQueuedSynchronizer$ConditionObject.awaitNanos(AbstractQueuedSynchronizer.java:2078)
        at java.util.concurrent.LinkedBlockingQueue.poll(LinkedBlockingQueue.java:467)
        at org.apache.hadoop.ipc.CallQueueManager.take(CallQueueManager.java:317)
        at org.apache.hadoop.ipc.Server$Handler.run(Server.java:3014)
"IPC Server handler 14 on default port 15055" daemon prio=5 tid=912 timed_waiting
java.lang.Thread.State: TIMED_WAITING
        at sun.misc.Unsafe.park(Native Method)
        at java.util.concurrent.locks.LockSupport.parkNanos(LockSupport.java:215)
        at java.util.concurrent.locks.AbstractQueuedSynchronizer$ConditionObject.awaitNanos(AbstractQueuedSynchronizer.java:2078)
        at java.util.concurrent.LinkedBlockingQueue.poll(LinkedBlockingQueue.java:467)
        at org.apache.hadoop.ipc.CallQueueManager.take(CallQueueManager.java:317)
        at org.apache.hadoop.ipc.Server$Handler.run(Server.java:3014)
"IPC Server handler 6 on default port 15053" daemon prio=5 tid=864 timed_waiting
java.lang.Thread.State: TIMED_WAITING
        at sun.misc.Unsafe.park(Native Method)
        at java.util.concurrent.locks.LockSupport.parkNanos(LockSupport.java:215)
        at java.util.concurrent.locks.AbstractQueuedSynchronizer$ConditionObject.awaitNanos(AbstractQueuedSynchronizer.java:2078)
        at java.util.concurrent.LinkedBlockingQueue.poll(LinkedBlockingQueue.java:467)
        at org.apache.hadoop.ipc.CallQueueManager.take(CallQueueManager.java:317)
        at org.apache.hadoop.ipc.Server$Handler.run(Server.java:3014)
"Periodic HDDS volume checker" daemon prio=5 tid=1053 timed_waiting
java.lang.Thread.State: TIMED_WAITING
        at sun.misc.Unsafe.park(Native Method)
        at java.util.concurrent.locks.LockSupport.parkNanos(LockSupport.java:215)
        at java.util.concurrent.locks.AbstractQueuedSynchronizer$ConditionObject.awaitNanos(AbstractQueuedSynchronizer.java:2078)
        at java.util.concurrent.ScheduledThreadPoolExecutor$DelayedWorkQueue.take(ScheduledThreadPoolExecutor.java:1093)
        at java.util.concurrent.ScheduledThreadPoolExecutor$DelayedWorkQueue.take(ScheduledThreadPoolExecutor.java:809)
        at java.util.concurrent.ThreadPoolExecutor.getTask(ThreadPoolExecutor.java:1074)
        at java.util.concurrent.ThreadPoolExecutor.runWorker(ThreadPoolExecutor.java:1134)
        at java.util.concurrent.ThreadPoolExecutor$Worker.run(ThreadPoolExecutor.java:624)
        at java.lang.Thread.run(Thread.java:750)
"Timer-1" daemon prio=5 tid=952 timed_waiting
java.lang.Thread.State: TIMED_WAITING
        at java.lang.Object.wait(Native Method)
        at java.util.TimerThread.mainLoop(Timer.java:552)
        at java.util.TimerThread.run(Timer.java:505)
"StaleRecoveringContainerScrubbingService#0" daemon prio=5 tid=1185 timed_waiting
java.lang.Thread.State: TIMED_WAITING
        at sun.misc.Unsafe.park(Native Method)
        at java.util.concurrent.locks.LockSupport.parkNanos(LockSupport.java:215)
        at java.util.concurrent.locks.AbstractQueuedSynchronizer$ConditionObject.awaitNanos(AbstractQueuedSynchronizer.java:2078)
        at java.util.concurrent.ScheduledThreadPoolExecutor$DelayedWorkQueue.take(ScheduledThreadPoolExecutor.java:1093)
        at java.util.concurrent.ScheduledThreadPoolExecutor$DelayedWorkQueue.take(ScheduledThreadPoolExecutor.java:809)
        at java.util.concurrent.ThreadPoolExecutor.getTask(ThreadPoolExecutor.java:1074)
        at java.util.concurrent.ThreadPoolExecutor.runWorker(ThreadPoolExecutor.java:1134)
        at java.util.concurrent.ThreadPoolExecutor$Worker.run(ThreadPoolExecutor.java:624)
        at java.lang.Thread.run(Thread.java:750)
"IPC Server listener on 15053" daemon prio=5 tid=841 runnable
java.lang.Thread.State: RUNNABLE
        at sun.nio.ch.EPollArrayWrapper.epollWait(Native Method)
        at sun.nio.ch.EPollArrayWrapper.poll(EPollArrayWrapper.java:269)
        at sun.nio.ch.EPollSelectorImpl.doSelect(EPollSelectorImpl.java:93)
        at sun.nio.ch.SelectorImpl.lockAndDoSelect(SelectorImpl.java:86)
        at sun.nio.ch.SelectorImpl.select(SelectorImpl.java:97)
        at sun.nio.ch.SelectorImpl.select(SelectorImpl.java:101)
        at org.apache.hadoop.ipc.Server$Listener.run(Server.java:1408)
"FixedThreadPoolWithAffinityExecutor-5-0" daemon prio=5 tid=851 timed_waiting
java.lang.Thread.State: TIMED_WAITING
        at sun.misc.Unsafe.park(Native Method)
        at java.util.concurrent.locks.LockSupport.parkNanos(LockSupport.java:215)
        at java.util.concurrent.locks.AbstractQueuedSynchronizer$ConditionObject.awaitNanos(AbstractQueuedSynchronizer.java:2078)
        at java.util.concurrent.LinkedBlockingQueue.poll(LinkedBlockingQueue.java:467)
        at org.apache.hadoop.hdds.scm.server.ContainerReportQueue.poll(ContainerReportQueue.java:266)
        at org.apache.hadoop.hdds.scm.server.ContainerReportQueue.poll(ContainerReportQueue.java:42)
        at org.apache.hadoop.hdds.server.events.FixedThreadPoolWithAffinityExecutor$ContainerReportProcessTask.run(FixedThreadPoolWithAffinityExecutor.java:247)
        at java.util.concurrent.Executors$RunnableAdapter.call(Executors.java:511)
        at java.util.concurrent.FutureTask.run(FutureTask.java:266)
        at java.util.concurrent.ThreadPoolExecutor.runWorker(ThreadPoolExecutor.java:1149)
        at java.util.concurrent.ThreadPoolExecutor$Worker.run(ThreadPoolExecutor.java:624)
        at java.lang.Thread.run(Thread.java:750)
"StaleRecoveringContainerScrubbingService#1" daemon prio=5 tid=1163 in Object.wait()
java.lang.Thread.State: WAITING (on object monitor)
        at sun.misc.Unsafe.park(Native Method)
        at java.util.concurrent.locks.LockSupport.park(LockSupport.java:175)
        at java.util.concurrent.locks.AbstractQueuedSynchronizer$ConditionObject.await(AbstractQueuedSynchronizer.java:2039)
        at java.util.concurrent.ScheduledThreadPoolExecutor$DelayedWorkQueue.take(ScheduledThreadPoolExecutor.java:1088)
        at java.util.concurrent.ScheduledThreadPoolExecutor$DelayedWorkQueue.take(ScheduledThreadPoolExecutor.java:809)
        at java.util.concurrent.ThreadPoolExecutor.getTask(ThreadPoolExecutor.java:1074)
        at java.util.concurrent.ThreadPoolExecutor.runWorker(ThreadPoolExecutor.java:1134)
        at java.util.concurrent.ThreadPoolExecutor$Worker.run(ThreadPoolExecutor.java:624)
        at java.lang.Thread.run(Thread.java:750)
"qtp1033742513-959" daemon prio=5 tid=959 runnable
java.lang.Thread.State: RUNNABLE
        at sun.nio.ch.EPollArrayWrapper.epollWait(Native Method)
        at sun.nio.ch.EPollArrayWrapper.poll(EPollArrayWrapper.java:269)
        at sun.nio.ch.EPollSelectorImpl.doSelect(EPollSelectorImpl.java:93)
        at sun.nio.ch.SelectorImpl.lockAndDoSelect(SelectorImpl.java:86)
        at sun.nio.ch.SelectorImpl.select(SelectorImpl.java:97)
        at sun.nio.ch.SelectorImpl.select(SelectorImpl.java:101)
        at org.eclipse.jetty.io.ManagedSelector.nioSelect(ManagedSelector.java:183)
        at org.eclipse.jetty.io.ManagedSelector.select(ManagedSelector.java:190)
        at org.eclipse.jetty.io.ManagedSelector$SelectorProducer.select(ManagedSelector.java:606)
        at org.eclipse.jetty.io.ManagedSelector$SelectorProducer.produce(ManagedSelector.java:543)
        at org.eclipse.jetty.util.thread.strategy.EatWhatYouKill.produceTask(EatWhatYouKill.java:362)
        at org.eclipse.jetty.util.thread.strategy.EatWhatYouKill.doProduce(EatWhatYouKill.java:186)
        at org.eclipse.jetty.util.thread.strategy.EatWhatYouKill.tryProduce(EatWhatYouKill.java:173)
        at org.eclipse.jetty.util.thread.strategy.EatWhatYouKill.produce(EatWhatYouKill.java:137)
        at org.eclipse.jetty.io.ManagedSelector$$Lambda$455/1342467479.run(Unknown Source)
        at org.eclipse.jetty.util.thread.QueuedThreadPool.runJob(QueuedThreadPool.java:883)
        at org.eclipse.jetty.util.thread.QueuedThreadPool$Runner.run(QueuedThreadPool.java:1034)
        at java.lang.Thread.run(Thread.java:750)
"Session-HouseKeeper-6d09c3a7-1"  prio=5 tid=930 timed_waiting
java.lang.Thread.State: TIMED_WAITING
        at sun.misc.Unsafe.park(Native Method)
        at java.util.concurrent.locks.LockSupport.parkNanos(LockSupport.java:215)
        at java.util.concurrent.locks.AbstractQueuedSynchronizer$ConditionObject.awaitNanos(AbstractQueuedSynchronizer.java:2078)
        at java.util.concurrent.ScheduledThreadPoolExecutor$DelayedWorkQueue.take(ScheduledThreadPoolExecutor.java:1093)
        at java.util.concurrent.ScheduledThreadPoolExecutor$DelayedWorkQueue.take(ScheduledThreadPoolExecutor.java:809)
        at java.util.concurrent.ThreadPoolExecutor.getTask(ThreadPoolExecutor.java:1074)
        at java.util.concurrent.ThreadPoolExecutor.runWorker(ThreadPoolExecutor.java:1134)
        at java.util.concurrent.ThreadPoolExecutor$Worker.run(ThreadPoolExecutor.java:624)
        at java.lang.Thread.run(Thread.java:750)
"IPC Server handler 19 on default port 15053" daemon prio=5 tid=877 timed_waiting
java.lang.Thread.State: TIMED_WAITING
        at sun.misc.Unsafe.park(Native Method)
        at java.util.concurrent.locks.LockSupport.parkNanos(LockSupport.java:215)
        at java.util.concurrent.locks.AbstractQueuedSynchronizer$ConditionObject.awaitNanos(AbstractQueuedSynchronizer.java:2078)
        at java.util.concurrent.LinkedBlockingQueue.poll(LinkedBlockingQueue.java:467)
        at org.apache.hadoop.ipc.CallQueueManager.take(CallQueueManager.java:317)
        at org.apache.hadoop.ipc.Server$Handler.run(Server.java:3014)
"Session-HouseKeeper-70db3af0-1"  prio=5 tid=1103 timed_waiting
java.lang.Thread.State: TIMED_WAITING
        at sun.misc.Unsafe.park(Native Method)
        at java.util.concurrent.locks.LockSupport.parkNanos(LockSupport.java:215)
        at java.util.concurrent.locks.AbstractQueuedSynchronizer$ConditionObject.awaitNanos(AbstractQueuedSynchronizer.java:2078)
        at java.util.concurrent.ScheduledThreadPoolExecutor$DelayedWorkQueue.take(ScheduledThreadPoolExecutor.java:1093)
        at java.util.concurrent.ScheduledThreadPoolExecutor$DelayedWorkQueue.take(ScheduledThreadPoolExecutor.java:809)
        at java.util.concurrent.ThreadPoolExecutor.getTask(ThreadPoolExecutor.java:1074)
        at java.util.concurrent.ThreadPoolExecutor.runWorker(ThreadPoolExecutor.java:1134)
        at java.util.concurrent.ThreadPoolExecutor$Worker.run(ThreadPoolExecutor.java:624)
        at java.lang.Thread.run(Thread.java:750)
"qtp2075917747-927" daemon prio=5 tid=927 timed_waiting
java.lang.Thread.State: TIMED_WAITING
        at sun.misc.Unsafe.park(Native Method)
        at java.util.concurrent.locks.LockSupport.parkNanos(LockSupport.java:215)
        at java.util.concurrent.locks.AbstractQueuedSynchronizer$ConditionObject.awaitNanos(AbstractQueuedSynchronizer.java:2078)
        at org.eclipse.jetty.util.BlockingArrayQueue.poll(BlockingArrayQueue.java:382)
        at org.eclipse.jetty.util.thread.QueuedThreadPool$Runner.idleJobPoll(QueuedThreadPool.java:974)
        at org.eclipse.jetty.util.thread.QueuedThreadPool$Runner.run(QueuedThreadPool.java:1018)
        at java.lang.Thread.run(Thread.java:750)
"main"  prio=5 tid=1 timed_waiting
java.lang.Thread.State: TIMED_WAITING
        at sun.misc.Unsafe.park(Native Method)
        at java.util.concurrent.locks.LockSupport.parkNanos(LockSupport.java:215)
        at java.util.concurrent.FutureTask.awaitDone(FutureTask.java:426)
        at java.util.concurrent.FutureTask.get(FutureTask.java:204)
        at org.junit.internal.runners.statements.FailOnTimeout.getResult(FailOnTimeout.java:156)
        at org.junit.internal.runners.statements.FailOnTimeout.evaluate(FailOnTimeout.java:129)
        at org.junit.runners.ParentRunner$3.evaluate(ParentRunner.java:306)
        at org.junit.runners.BlockJUnit4ClassRunner$1.evaluate(BlockJUnit4ClassRunner.java:100)
        at org.junit.runners.ParentRunner.runLeaf(ParentRunner.java:366)
        at org.junit.runners.BlockJUnit4ClassRunner.runChild(BlockJUnit4ClassRunner.java:103)
        at org.junit.runners.BlockJUnit4ClassRunner.runChild(BlockJUnit4ClassRunner.java:63)
        at org.junit.runners.ParentRunner$4.run(ParentRunner.java:331)
        at org.junit.runners.ParentRunner$1.schedule(ParentRunner.java:79)
        at org.junit.runners.ParentRunner.runChildren(ParentRunner.java:329)
        at org.junit.runners.ParentRunner.access$100(ParentRunner.java:66)
        at org.junit.runners.ParentRunner$2.evaluate(ParentRunner.java:293)
        at org.junit.runners.ParentRunner.run(ParentRunner.java:413)
        at org.junit.runners.Suite.runChild(Suite.java:128)
        at org.junit.runners.Suite.runChild(Suite.java:27)
        at org.junit.runners.ParentRunner$4.run(ParentRunner.java:331)
        at org.junit.runners.ParentRunner$1.schedule(ParentRunner.java:79)
        at org.junit.runners.ParentRunner.runChildren(ParentRunner.java:329)
        at org.junit.runners.ParentRunner.access$100(ParentRunner.java:66)
        at org.junit.runners.ParentRunner$2.evaluate(ParentRunner.java:293)
        at org.junit.runners.ParentRunner$3.evaluate(ParentRunner.java:306)
        at org.junit.runners.ParentRunner.run(ParentRunner.java:413)
        at org.junit.runner.JUnitCore.run(JUnitCore.java:137)
        at org.junit.runner.JUnitCore.run(JUnitCore.java:115)
        at org.junit.vintage.engine.execution.RunnerExecutor.execute(RunnerExecutor.java:42)
        at org.junit.vintage.engine.VintageTestEngine.executeAllChildren(VintageTestEngine.java:80)
        at org.junit.vintage.engine.VintageTestEngine.execute(VintageTestEngine.java:72)
        at org.junit.platform.launcher.core.EngineExecutionOrchestrator.execute(EngineExecutionOrchestrator.java:107)
        at org.junit.platform.launcher.core.EngineExecutionOrchestrator.execute(EngineExecutionOrchestrator.java:88)
        at org.junit.platform.launcher.core.EngineExecutionOrchestrator.lambda$execute$0(EngineExecutionOrchestrator.java:54)
        at org.junit.platform.launcher.core.EngineExecutionOrchestrator$$Lambda$188/1839337592.accept(Unknown Source)
        at org.junit.platform.launcher.core.EngineExecutionOrchestrator.withInterceptedStreams(EngineExecutionOrchestrator.java:67)
        at org.junit.platform.launcher.core.EngineExecutionOrchestrator.execute(EngineExecutionOrchestrator.java:52)
        at org.junit.platform.launcher.core.DefaultLauncher.execute(DefaultLauncher.java:114)
        at org.junit.platform.launcher.core.DefaultLauncher.execute(DefaultLauncher.java:86)
        at org.junit.platform.launcher.core.DefaultLauncherSession$DelegatingLauncher.execute(DefaultLauncherSession.java:86)
        at org.junit.platform.launcher.core.SessionPerRequestLauncher.execute(SessionPerRequestLauncher.java:53)
        at org.apache.maven.surefire.junitplatform.JUnitPlatformProvider.execute(JUnitPlatformProvider.java:188)
        at org.apache.maven.surefire.junitplatform.JUnitPlatformProvider.invokeAllTests(JUnitPlatformProvider.java:154)
        at org.apache.maven.surefire.junitplatform.JUnitPlatformProvider.invoke(JUnitPlatformProvider.java:124)
        at org.apache.maven.surefire.booter.ForkedBooter.runSuitesInProcess(ForkedBooter.java:428)
        at org.apache.maven.surefire.booter.ForkedBooter.execute(ForkedBooter.java:162)
        at org.apache.maven.surefire.booter.ForkedBooter.run(ForkedBooter.java:562)
        at org.apache.maven.surefire.booter.ForkedBooter.main(ForkedBooter.java:548)
"timer6" daemon prio=5 tid=546 timed_waiting
java.lang.Thread.State: TIMED_WAITING
        at java.lang.Object.wait(Native Method)
        at java.util.TimerThread.mainLoop(Timer.java:552)
        at java.util.TimerThread.run(Timer.java:505)
"IPC Server handler 0 on default port 15081" daemon prio=5 tid=1075 timed_waiting
java.lang.Thread.State: TIMED_WAITING
        at sun.misc.Unsafe.park(Native Method)
        at java.util.concurrent.locks.LockSupport.parkNanos(LockSupport.java:215)
        at java.util.concurrent.locks.AbstractQueuedSynchronizer$ConditionObject.awaitNanos(AbstractQueuedSynchronizer.java:2078)
        at java.util.concurrent.LinkedBlockingQueue.poll(LinkedBlockingQueue.java:467)
        at org.apache.hadoop.ipc.CallQueueManager.take(CallQueueManager.java:317)
        at org.apache.hadoop.ipc.Server$Handler.run(Server.java:3014)
"EventQueue-PipelineReportForOneReplicaPipelineSafeModeRule" daemon prio=5 tid=1215 in Object.wait()
java.lang.Thread.State: WAITING (on object monitor)
        at sun.misc.Unsafe.park(Native Method)
        at java.util.concurrent.locks.LockSupport.park(LockSupport.java:175)
        at java.util.concurrent.locks.AbstractQueuedSynchronizer$ConditionObject.await(AbstractQueuedSynchronizer.java:2039)
        at java.util.concurrent.LinkedBlockingQueue.take(LinkedBlockingQueue.java:442)
        at java.util.concurrent.ThreadPoolExecutor.getTask(ThreadPoolExecutor.java:1074)
        at java.util.concurrent.ThreadPoolExecutor.runWorker(ThreadPoolExecutor.java:1134)
        at java.util.concurrent.ThreadPoolExecutor$Worker.run(ThreadPoolExecutor.java:624)
        at java.lang.Thread.run(Thread.java:750)
"Hadoop-Metrics-Updater-0" daemon prio=5 tid=845 timed_waiting
java.lang.Thread.State: TIMED_WAITING
        at sun.misc.Unsafe.park(Native Method)
        at java.util.concurrent.locks.LockSupport.parkNanos(LockSupport.java:215)
        at java.util.concurrent.locks.AbstractQueuedSynchronizer$ConditionObject.awaitNanos(AbstractQueuedSynchronizer.java:2078)
        at java.util.concurrent.ScheduledThreadPoolExecutor$DelayedWorkQueue.take(ScheduledThreadPoolExecutor.java:1093)
        at java.util.concurrent.ScheduledThreadPoolExecutor$DelayedWorkQueue.take(ScheduledThreadPoolExecutor.java:809)
        at java.util.concurrent.ThreadPoolExecutor.getTask(ThreadPoolExecutor.java:1074)
        at java.util.concurrent.ThreadPoolExecutor.runWorker(ThreadPoolExecutor.java:1134)
        at java.util.concurrent.ThreadPoolExecutor$Worker.run(ThreadPoolExecutor.java:624)
        at java.lang.Thread.run(Thread.java:750)
"pool-399-thread-1"  prio=5 tid=1126 timed_waiting
java.lang.Thread.State: TIMED_WAITING
        at sun.misc.Unsafe.park(Native Method)
        at java.util.concurrent.locks.LockSupport.parkNanos(LockSupport.java:215)
        at java.util.concurrent.locks.AbstractQueuedSynchronizer$ConditionObject.awaitNanos(AbstractQueuedSynchronizer.java:2078)
        at java.util.concurrent.ScheduledThreadPoolExecutor$DelayedWorkQueue.take(ScheduledThreadPoolExecutor.java:1093)
        at java.util.concurrent.ScheduledThreadPoolExecutor$DelayedWorkQueue.take(ScheduledThreadPoolExecutor.java:809)
        at java.util.concurrent.ThreadPoolExecutor.getTask(ThreadPoolExecutor.java:1074)
        at java.util.concurrent.ThreadPoolExecutor.runWorker(ThreadPoolExecutor.java:1134)
        at java.util.concurrent.ThreadPoolExecutor$Worker.run(ThreadPoolExecutor.java:624)
        at java.lang.Thread.run(Thread.java:750)
"IPC Server handler 0 on default port 15055" daemon prio=5 tid=898 timed_waiting
java.lang.Thread.State: TIMED_WAITING
        at sun.misc.Unsafe.park(Native Method)
        at java.util.concurrent.locks.LockSupport.parkNanos(LockSupport.java:215)
        at java.util.concurrent.locks.AbstractQueuedSynchronizer$ConditionObject.awaitNanos(AbstractQueuedSynchronizer.java:2078)
        at java.util.concurrent.LinkedBlockingQueue.poll(LinkedBlockingQueue.java:467)
        at org.apache.hadoop.ipc.CallQueueManager.take(CallQueueManager.java:317)
        at org.apache.hadoop.ipc.Server$Handler.run(Server.java:3014)
"BlockDeletingService#1" daemon prio=5 tid=1198 in Object.wait()
java.lang.Thread.State: WAITING (on object monitor)
        at sun.misc.Unsafe.park(Native Method)
        at java.util.concurrent.locks.LockSupport.park(LockSupport.java:175)
        at java.util.concurrent.locks.AbstractQueuedSynchronizer$ConditionObject.await(AbstractQueuedSynchronizer.java:2039)
        at java.util.concurrent.ScheduledThreadPoolExecutor$DelayedWorkQueue.take(ScheduledThreadPoolExecutor.java:1088)
        at java.util.concurrent.ScheduledThreadPoolExecutor$DelayedWorkQueue.take(ScheduledThreadPoolExecutor.java:809)
        at java.util.concurrent.ThreadPoolExecutor.getTask(ThreadPoolExecutor.java:1074)
        at java.util.concurrent.ThreadPoolExecutor.runWorker(ThreadPoolExecutor.java:1134)
        at java.util.concurrent.ThreadPoolExecutor$Worker.run(ThreadPoolExecutor.java:624)
        at java.lang.Thread.run(Thread.java:750)
"107862d4-58d6-4e98-9eb6-252f61002a57@group-1DA5191E984E-StateMachineUpdater" daemon prio=5 tid=1282 timed_waiting
java.lang.Thread.State: TIMED_WAITING
        at sun.misc.Unsafe.park(Native Method)
        at java.util.concurrent.locks.LockSupport.parkNanos(LockSupport.java:215)
        at java.util.concurrent.locks.AbstractQueuedSynchronizer$ConditionObject.await(AbstractQueuedSynchronizer.java:2163)
        at org.apache.ratis.util.AwaitForSignal.await(AwaitForSignal.java:62)
        at org.apache.ratis.server.impl.StateMachineUpdater.waitForCommit(StateMachineUpdater.java:209)
        at org.apache.ratis.server.impl.StateMachineUpdater.run(StateMachineUpdater.java:178)
        at java.lang.Thread.run(Thread.java:750)
"IPC Server handler 1 on default port 15057" daemon prio=5 tid=969 timed_waiting
java.lang.Thread.State: TIMED_WAITING
        at sun.misc.Unsafe.park(Native Method)
        at java.util.concurrent.locks.LockSupport.parkNanos(LockSupport.java:215)
        at java.util.concurrent.locks.AbstractQueuedSynchronizer$ConditionObject.awaitNanos(AbstractQueuedSynchronizer.java:2078)
        at java.util.concurrent.LinkedBlockingQueue.poll(LinkedBlockingQueue.java:467)
        at org.apache.hadoop.ipc.CallQueueManager.take(CallQueueManager.java:317)
        at org.apache.hadoop.ipc.Server$Handler.run(Server.java:3014)
"DatanodeAdminManager-0" daemon prio=5 tid=830 timed_waiting
java.lang.Thread.State: TIMED_WAITING
        at sun.misc.Unsafe.park(Native Method)
        at java.util.concurrent.locks.LockSupport.parkNanos(LockSupport.java:215)
        at java.util.concurrent.locks.AbstractQueuedSynchronizer$ConditionObject.awaitNanos(AbstractQueuedSynchronizer.java:2078)
        at java.util.concurrent.ScheduledThreadPoolExecutor$DelayedWorkQueue.take(ScheduledThreadPoolExecutor.java:1093)
        at java.util.concurrent.ScheduledThreadPoolExecutor$DelayedWorkQueue.take(ScheduledThreadPoolExecutor.java:809)
        at java.util.concurrent.ThreadPoolExecutor.getTask(ThreadPoolExecutor.java:1074)
        at java.util.concurrent.ThreadPoolExecutor.runWorker(ThreadPoolExecutor.java:1134)
        at java.util.concurrent.ThreadPoolExecutor$Worker.run(ThreadPoolExecutor.java:624)
        at java.lang.Thread.run(Thread.java:750)
"EndpointStateMachine task thread for /0.0.0.0:15055 - 0 "  prio=5 tid=1201 in Object.wait()
java.lang.Thread.State: WAITING (on object monitor)
        at sun.misc.Unsafe.park(Native Method)
        at java.util.concurrent.locks.LockSupport.park(LockSupport.java:175)
        at java.util.concurrent.locks.AbstractQueuedSynchronizer$ConditionObject.await(AbstractQueuedSynchronizer.java:2039)
        at java.util.concurrent.LinkedBlockingQueue.take(LinkedBlockingQueue.java:442)
        at java.util.concurrent.ThreadPoolExecutor.getTask(ThreadPoolExecutor.java:1074)
        at java.util.concurrent.ThreadPoolExecutor.runWorker(ThreadPoolExecutor.java:1134)
        at java.util.concurrent.ThreadPoolExecutor$Worker.run(ThreadPoolExecutor.java:624)
        at java.lang.Thread.run(Thread.java:750)
"IPC Server handler 11 on default port 15057" daemon prio=5 tid=979 timed_waiting
java.lang.Thread.State: TIMED_WAITING
        at sun.misc.Unsafe.park(Native Method)
        at java.util.concurrent.locks.LockSupport.parkNanos(LockSupport.java:215)
        at java.util.concurrent.locks.AbstractQueuedSynchronizer$ConditionObject.awaitNanos(AbstractQueuedSynchronizer.java:2078)
        at java.util.concurrent.LinkedBlockingQueue.poll(LinkedBlockingQueue.java:467)
        at org.apache.hadoop.ipc.CallQueueManager.take(CallQueueManager.java:317)
        at org.apache.hadoop.ipc.Server$Handler.run(Server.java:3014)
"Hadoop-Metrics-Updater-0" daemon prio=5 tid=1140 timed_waiting
java.lang.Thread.State: TIMED_WAITING
        at sun.misc.Unsafe.park(Native Method)
        at java.util.concurrent.locks.LockSupport.parkNanos(LockSupport.java:215)
        at java.util.concurrent.locks.AbstractQueuedSynchronizer$ConditionObject.awaitNanos(AbstractQueuedSynchronizer.java:2078)
        at java.util.concurrent.ScheduledThreadPoolExecutor$DelayedWorkQueue.take(ScheduledThreadPoolExecutor.java:1093)
        at java.util.concurrent.ScheduledThreadPoolExecutor$DelayedWorkQueue.take(ScheduledThreadPoolExecutor.java:809)
        at java.util.concurrent.ThreadPoolExecutor.getTask(ThreadPoolExecutor.java:1074)
        at java.util.concurrent.ThreadPoolExecutor.runWorker(ThreadPoolExecutor.java:1134)
        at java.util.concurrent.ThreadPoolExecutor$Worker.run(ThreadPoolExecutor.java:624)
        at java.lang.Thread.run(Thread.java:750)
"IPC Server handler 12 on default port 15053" daemon prio=5 tid=870 timed_waiting
java.lang.Thread.State: TIMED_WAITING
        at sun.misc.Unsafe.park(Native Method)
        at java.util.concurrent.locks.LockSupport.parkNanos(LockSupport.java:215)
        at java.util.concurrent.locks.AbstractQueuedSynchronizer$ConditionObject.awaitNanos(AbstractQueuedSynchronizer.java:2078)
        at java.util.concurrent.LinkedBlockingQueue.poll(LinkedBlockingQueue.java:467)
        at org.apache.hadoop.ipc.CallQueueManager.take(CallQueueManager.java:317)
        at org.apache.hadoop.ipc.Server$Handler.run(Server.java:3014)
"Datanode ReportManager Thread - 3" daemon prio=5 tid=1146 in Object.wait()
java.lang.Thread.State: WAITING (on object monitor)
        at sun.misc.Unsafe.park(Native Method)
        at java.util.concurrent.locks.LockSupport.park(LockSupport.java:175)
        at java.util.concurrent.locks.AbstractQueuedSynchronizer$ConditionObject.await(AbstractQueuedSynchronizer.java:2039)
        at java.util.concurrent.ScheduledThreadPoolExecutor$DelayedWorkQueue.take(ScheduledThreadPoolExecutor.java:1088)
        at java.util.concurrent.ScheduledThreadPoolExecutor$DelayedWorkQueue.take(ScheduledThreadPoolExecutor.java:809)
        at java.util.concurrent.ThreadPoolExecutor.getTask(ThreadPoolExecutor.java:1074)
        at java.util.concurrent.ThreadPoolExecutor.runWorker(ThreadPoolExecutor.java:1134)
        at java.util.concurrent.ThreadPoolExecutor$Worker.run(ThreadPoolExecutor.java:624)
        at java.lang.Thread.run(Thread.java:750)
"ChunkWriter-3-0" daemon prio=5 tid=1205 in Object.wait()
java.lang.Thread.State: WAITING (on object monitor)
        at sun.misc.Unsafe.park(Native Method)
        at java.util.concurrent.locks.LockSupport.park(LockSupport.java:175)
        at java.util.concurrent.locks.AbstractQueuedSynchronizer$ConditionObject.await(AbstractQueuedSynchronizer.java:2039)
        at java.util.concurrent.LinkedBlockingDeque.takeFirst(LinkedBlockingDeque.java:492)
        at java.util.concurrent.LinkedBlockingDeque.take(LinkedBlockingDeque.java:680)
        at java.util.concurrent.ThreadPoolExecutor.getTask(ThreadPoolExecutor.java:1074)
        at java.util.concurrent.ThreadPoolExecutor.runWorker(ThreadPoolExecutor.java:1134)
        at java.util.concurrent.ThreadPoolExecutor$Worker.run(ThreadPoolExecutor.java:624)
        at java.lang.Thread.run(Thread.java:750)
"IPC Server handler 17 on default port 15053" daemon prio=5 tid=875 timed_waiting
java.lang.Thread.State: TIMED_WAITING
        at sun.misc.Unsafe.park(Native Method)
        at java.util.concurrent.locks.LockSupport.parkNanos(LockSupport.java:215)
        at java.util.concurrent.locks.AbstractQueuedSynchronizer$ConditionObject.awaitNanos(AbstractQueuedSynchronizer.java:2078)
        at java.util.concurrent.LinkedBlockingQueue.poll(LinkedBlockingQueue.java:467)
        at org.apache.hadoop.ipc.CallQueueManager.take(CallQueueManager.java:317)
        at org.apache.hadoop.ipc.Server$Handler.run(Server.java:3014)
"IPC Server handler 7 on default port 15057" daemon prio=5 tid=975 timed_waiting
java.lang.Thread.State: TIMED_WAITING
        at sun.misc.Unsafe.park(Native Method)
        at java.util.concurrent.locks.LockSupport.parkNanos(LockSupport.java:215)
        at java.util.concurrent.locks.AbstractQueuedSynchronizer$ConditionObject.awaitNanos(AbstractQueuedSynchronizer.java:2078)
        at java.util.concurrent.LinkedBlockingQueue.poll(LinkedBlockingQueue.java:467)
        at org.apache.hadoop.ipc.CallQueueManager.take(CallQueueManager.java:317)
        at org.apache.hadoop.ipc.Server$Handler.run(Server.java:3014)
"IPC Server handler 6 on default port 15055" daemon prio=5 tid=904 timed_waiting
java.lang.Thread.State: TIMED_WAITING
        at sun.misc.Unsafe.park(Native Method)
        at java.util.concurrent.locks.LockSupport.parkNanos(LockSupport.java:215)
        at java.util.concurrent.locks.AbstractQueuedSynchronizer$ConditionObject.awaitNanos(AbstractQueuedSynchronizer.java:2078)
        at java.util.concurrent.LinkedBlockingQueue.poll(LinkedBlockingQueue.java:467)
        at org.apache.hadoop.ipc.CallQueueManager.take(CallQueueManager.java:317)
        at org.apache.hadoop.ipc.Server$Handler.run(Server.java:3014)
"IPC Server idle connection scanner for port 15057" daemon prio=5 tid=944 timed_waiting
java.lang.Thread.State: TIMED_WAITING
        at java.lang.Object.wait(Native Method)
        at java.util.TimerThread.mainLoop(Timer.java:552)
        at java.util.TimerThread.run(Timer.java:505)
"ChunkWriter-1-0" daemon prio=5 tid=1155 in Object.wait()
java.lang.Thread.State: WAITING (on object monitor)
        at sun.misc.Unsafe.park(Native Method)
        at java.util.concurrent.locks.LockSupport.park(LockSupport.java:175)
        at java.util.concurrent.locks.AbstractQueuedSynchronizer$ConditionObject.await(AbstractQueuedSynchronizer.java:2039)
        at java.util.concurrent.LinkedBlockingDeque.takeFirst(LinkedBlockingDeque.java:492)
        at java.util.concurrent.LinkedBlockingDeque.take(LinkedBlockingDeque.java:680)
        at java.util.concurrent.ThreadPoolExecutor.getTask(ThreadPoolExecutor.java:1074)
        at java.util.concurrent.ThreadPoolExecutor.runWorker(ThreadPoolExecutor.java:1134)
        at java.util.concurrent.ThreadPoolExecutor$Worker.run(ThreadPoolExecutor.java:624)
        at java.lang.Thread.run(Thread.java:750)
"Datanode State Machine Task Thread - 1"  prio=5 tid=1150 in Object.wait()
java.lang.Thread.State: WAITING (on object monitor)
        at sun.misc.Unsafe.park(Native Method)
        at java.util.concurrent.locks.LockSupport.park(LockSupport.java:175)
        at java.util.concurrent.locks.AbstractQueuedSynchronizer$ConditionObject.await(AbstractQueuedSynchronizer.java:2039)
        at java.util.concurrent.LinkedBlockingQueue.take(LinkedBlockingQueue.java:442)
        at java.util.concurrent.ThreadPoolExecutor.getTask(ThreadPoolExecutor.java:1074)
        at java.util.concurrent.ThreadPoolExecutor.runWorker(ThreadPoolExecutor.java:1134)
        at java.util.concurrent.ThreadPoolExecutor$Worker.run(ThreadPoolExecutor.java:624)
        at java.lang.Thread.run(Thread.java:750)
"76b6de06-79b2-4410-afad-6ed4eb2113a8@group-8A5EC24891A2-SegmentedRaftLogWorker" daemon prio=5 tid=1270 timed_waiting
java.lang.Thread.State: TIMED_WAITING
        at sun.misc.Unsafe.park(Native Method)
        at java.util.concurrent.locks.LockSupport.parkNanos(LockSupport.java:215)
        at java.util.concurrent.locks.AbstractQueuedSynchronizer$ConditionObject.awaitNanos(AbstractQueuedSynchronizer.java:2078)
        at org.apache.ratis.util.DataBlockingQueue.poll(DataBlockingQueue.java:148)
        at org.apache.ratis.server.raftlog.segmented.SegmentedRaftLogWorker.run(SegmentedRaftLogWorker.java:307)
        at org.apache.ratis.server.raftlog.segmented.SegmentedRaftLogWorker$$Lambda$747/258907944.run(Unknown Source)
        at java.util.concurrent.Executors$RunnableAdapter.call(Executors.java:511)
        at java.util.concurrent.FutureTask.run(FutureTask.java:266)
        at java.util.concurrent.ThreadPoolExecutor.runWorker(ThreadPoolExecutor.java:1149)
        at java.util.concurrent.ThreadPoolExecutor$Worker.run(ThreadPoolExecutor.java:624)
        at java.lang.Thread.run(Thread.java:750)
"IPC Server handler 4 on default port 15055" daemon prio=5 tid=902 timed_waiting
java.lang.Thread.State: TIMED_WAITING
        at sun.misc.Unsafe.park(Native Method)
        at java.util.concurrent.locks.LockSupport.parkNanos(LockSupport.java:215)
        at java.util.concurrent.locks.AbstractQueuedSynchronizer$ConditionObject.awaitNanos(AbstractQueuedSynchronizer.java:2078)
        at java.util.concurrent.LinkedBlockingQueue.poll(LinkedBlockingQueue.java:467)
        at org.apache.hadoop.ipc.CallQueueManager.take(CallQueueManager.java:317)
        at org.apache.hadoop.ipc.Server$Handler.run(Server.java:3014)
"ChunkWriter-3-0" daemon prio=5 tid=1193 in Object.wait()
java.lang.Thread.State: WAITING (on object monitor)
        at sun.misc.Unsafe.park(Native Method)
        at java.util.concurrent.locks.LockSupport.park(LockSupport.java:175)
        at java.util.concurrent.locks.AbstractQueuedSynchronizer$ConditionObject.await(AbstractQueuedSynchronizer.java:2039)
        at java.util.concurrent.LinkedBlockingDeque.takeFirst(LinkedBlockingDeque.java:492)
        at java.util.concurrent.LinkedBlockingDeque.take(LinkedBlockingDeque.java:680)
        at java.util.concurrent.ThreadPoolExecutor.getTask(ThreadPoolExecutor.java:1074)
        at java.util.concurrent.ThreadPoolExecutor.runWorker(ThreadPoolExecutor.java:1134)
        at java.util.concurrent.ThreadPoolExecutor$Worker.run(ThreadPoolExecutor.java:624)
        at java.lang.Thread.run(Thread.java:750)
"IPC Server handler 2 on default port 15054" daemon prio=5 tid=880 timed_waiting
java.lang.Thread.State: TIMED_WAITING
        at sun.misc.Unsafe.park(Native Method)
        at java.util.concurrent.locks.LockSupport.parkNanos(LockSupport.java:215)
        at java.util.concurrent.locks.AbstractQueuedSynchronizer$ConditionObject.awaitNanos(AbstractQueuedSynchronizer.java:2078)
        at java.util.concurrent.LinkedBlockingQueue.poll(LinkedBlockingQueue.java:467)
        at org.apache.hadoop.ipc.CallQueueManager.take(CallQueueManager.java:317)
        at org.apache.hadoop.ipc.Server$Handler.run(Server.java:3014)


	at org.apache.ozone.test.GenericTestUtils.waitFor(GenericTestUtils.java:232)
	at org.apache.hadoop.ozone.container.TestHelper.waitForReplicaCount(TestHelper.java:440)
	at org.apache.hadoop.ozone.container.TestContainerReplication.testContainerReplication(TestContainerReplication.java:134)
	at sun.reflect.NativeMethodAccessorImpl.invoke0(Native Method)
	at sun.reflect.NativeMethodAccessorImpl.invoke(NativeMethodAccessorImpl.java:62)
	at sun.reflect.DelegatingMethodAccessorImpl.invoke(DelegatingMethodAccessorImpl.java:43)
	at java.lang.reflect.Method.invoke(Method.java:498)
	at org.junit.runners.model.FrameworkMethod$1.runReflectiveCall(FrameworkMethod.java:59)
	at org.junit.internal.runners.model.ReflectiveCallable.run(ReflectiveCallable.java:12)
	at org.junit.runners.model.FrameworkMethod.invokeExplosively(FrameworkMethod.java:56)
	at org.junit.internal.runners.statements.InvokeMethod.evaluate(InvokeMethod.java:17)
	at org.junit.internal.runners.statements.RunBefores.evaluate(RunBefores.java:26)
	at org.junit.internal.runners.statements.RunAfters.evaluate(RunAfters.java:27)
	at org.junit.internal.runners.statements.FailOnTimeout$CallableStatement.call(FailOnTimeout.java:288)
	at org.junit.internal.runners.statements.FailOnTimeout$CallableStatement.call(FailOnTimeout.java:282)
	at java.util.concurrent.FutureTask.run(FutureTask.java:266)
	at java.lang.Thread.run(Thread.java:750)
]]></error>
    <system-out><![CDATA[2023-07-05 13:42:13,724 [Time-limited test] WARN  server.ServerUtils (ServerUtils.java:getScmDbDir(155)) - ozone.scm.db.dirs is not configured. We recommend adding this setting. Falling back to ozone.metadata.dirs instead.
2023-07-05 13:42:13,728 [Time-limited test] WARN  server.ServerUtils (ServerUtils.java:getScmDbDir(155)) - ozone.scm.db.dirs is not configured. We recommend adding this setting. Falling back to ozone.metadata.dirs instead.
2023-07-05 13:42:13,728 [Time-limited test] INFO  ha.SCMHANodeDetails (SCMHANodeDetails.java:loadSCMHAConfig(210)) - ServiceID for StorageContainerManager is null
2023-07-05 13:42:13,729 [Time-limited test] INFO  ha.SCMHANodeDetails (SCMHANodeDetails.java:loadSCMHAConfig(215)) - ozone.scm.default.service.id is not defined, falling back to ozone.scm.service.ids to find serviceID for StorageContainerManager if it is HA enabled cluster
2023-07-05 13:42:13,729 [Time-limited test] WARN  utils.HAUtils (HAUtils.java:getMetaDir(339)) - ozone.scm.db.dirs is not configured. We recommend adding this setting. Falling back to ozone.metadata.dirs instead.
2023-07-05 13:42:13,730 [Time-limited test] WARN  db.DBStoreBuilder (DBStoreBuilder.java:applyDBDefinition(166)) - ozone.scm.db.dirs is not configured. We recommend adding this setting. Falling back to ozone.metadata.dirs instead.
2023-07-05 13:42:13,878 [Time-limited test] INFO  net.NodeSchemaLoader (NodeSchemaLoader.java:loadSchemaFromFile(129)) - Loading schema from [jar:file:/home/runner/.m2/repository/org/apache/ozone/hdds-common/1.4.0-SNAPSHOT/hdds-common-1.4.0-SNAPSHOT.jar!/network-topology-default.xml]
2023-07-05 13:42:13,878 [Time-limited test] INFO  net.NodeSchemaLoader (NodeSchemaLoader.java:loadSchema(176)) - Loading network topology layer schema file
2023-07-05 13:42:13,881 [Time-limited test] INFO  upgrade.AbstractLayoutVersionManager (AbstractLayoutVersionManager.java:init(83)) - Initializing Layout version manager with metadata layout = HADOOP_PRC_PORTS_IN_DATANODEDETAILS (version = 7), software layout = HADOOP_PRC_PORTS_IN_DATANODEDETAILS (version = 7)
2023-07-05 13:42:13,883 [Time-limited test] INFO  ha.SequenceIdGenerator (SequenceIdGenerator.java:upgradeToSequenceId(354)) - upgrade localId to 111677748019200000
2023-07-05 13:42:13,884 [Time-limited test] INFO  ha.SequenceIdGenerator (SequenceIdGenerator.java:upgradeToSequenceId(364)) - upgrade delTxnId to 0
2023-07-05 13:42:13,885 [Time-limited test] INFO  ha.SequenceIdGenerator (SequenceIdGenerator.java:upgradeToSequenceId(381)) - upgrade containerId to 0
2023-07-05 13:42:13,885 [Time-limited test] INFO  ha.SequenceIdGenerator (SequenceIdGenerator.java:upgradeToSequenceId(417)) - upgrade rootCertificateId to 1
2023-07-05 13:42:13,885 [Time-limited test] INFO  ha.SequenceIdGenerator (SequenceIdGenerator.java:<init>(225)) - Init the HA SequenceIdGenerator.
2023-07-05 13:42:13,886 [Time-limited test] INFO  node.SCMNodeManager (SCMNodeManager.java:<init>(157)) - Entering startup safe mode.
2023-07-05 13:42:13,887 [Time-limited test] INFO  algorithms.ContainerPlacementPolicyFactory (ContainerPlacementPolicyFactory.java:getPolicyInternal(86)) - Create container placement policy of type org.apache.hadoop.hdds.scm.container.placement.algorithms.SCMContainerPlacementRackAware
2023-07-05 13:42:13,887 [Time-limited test] INFO  algorithms.ContainerPlacementPolicyFactory (ContainerPlacementPolicyFactory.java:getPolicyInternal(86)) - Create container placement policy of type org.apache.hadoop.hdds.scm.container.placement.algorithms.SCMContainerPlacementRackScatter
2023-07-05 13:42:13,887 [Time-limited test] INFO  pipeline.PipelineStateManagerImpl (PipelineStateManagerImpl.java:initialize(78)) - No pipeline exists in current db
2023-07-05 13:42:13,887 [Time-limited test] INFO  algorithms.LeaderChoosePolicyFactory (LeaderChoosePolicyFactory.java:getPolicy(57)) - Create leader choose policy of type org.apache.hadoop.hdds.scm.pipeline.leader.choose.algorithms.MinLeaderCountChoosePolicy
2023-07-05 13:42:13,887 [Time-limited test] INFO  algorithms.ContainerPlacementPolicyFactory (ContainerPlacementPolicyFactory.java:getPolicyInternal(86)) - Create container placement policy of type org.apache.hadoop.hdds.scm.container.placement.algorithms.SCMContainerPlacementRackScatter
2023-07-05 13:42:13,888 [Time-limited test] INFO  ha.SCMServiceManager (SCMServiceManager.java:register(42)) - Registering service BackgroundPipelineCreator.
2023-07-05 13:42:13,888 [Time-limited test] INFO  pipeline.BackgroundPipelineCreator (BackgroundPipelineCreator.java:start(124)) - Starting RatisPipelineUtilsThread.
2023-07-05 13:42:13,890 [Time-limited test] INFO  BackgroundPipelineScrubber (BackgroundSCMService.java:start(68)) - Starting BackgroundPipelineScrubber Service.
2023-07-05 13:42:13,890 [Time-limited test] INFO  ha.SCMServiceManager (SCMServiceManager.java:register(42)) - Registering service BackgroundPipelineScrubber.
2023-07-05 13:42:13,891 [Time-limited test] INFO  ExpiredContainerReplicaOpScrubber (BackgroundSCMService.java:start(68)) - Starting ExpiredContainerReplicaOpScrubber Service.
2023-07-05 13:42:13,891 [Time-limited test] INFO  ha.SCMServiceManager (SCMServiceManager.java:register(42)) - Registering service ExpiredContainerReplicaOpScrubber.
2023-07-05 13:42:13,891 [Time-limited test] INFO  algorithms.PipelineChoosePolicyFactory (PipelineChoosePolicyFactory.java:createPipelineChoosePolicyFromClass(78)) - Create pipeline choose policy of type org.apache.hadoop.hdds.scm.pipeline.choose.algorithms.RandomPipelineChoosePolicy
2023-07-05 13:42:13,892 [Time-limited test] INFO  algorithms.PipelineChoosePolicyFactory (PipelineChoosePolicyFactory.java:createPipelineChoosePolicyFromClass(78)) - Create pipeline choose policy of type org.apache.hadoop.hdds.scm.pipeline.choose.algorithms.RandomPipelineChoosePolicy
2023-07-05 13:42:13,892 [Time-limited test] INFO  ha.SCMServiceManager (SCMServiceManager.java:register(42)) - Registering service SCMBlockDeletingService.
2023-07-05 13:42:13,893 [Time-limited test] INFO  replication.ReplicationManager (ReplicationManager.java:start(286)) - Starting Replication Monitor Thread.
2023-07-05 13:42:13,894 [ReplicationMonitor] INFO  replication.ReplicationManager (ReplicationManager.java:processAll(361)) - Replication Manager is not ready to run until 3000ms after safemode exit
2023-07-05 13:42:13,894 [Time-limited test] INFO  ha.SCMServiceManager (SCMServiceManager.java:register(42)) - Registering service ReplicationManager.
2023-07-05 13:42:13,894 [Time-limited test] INFO  safemode.ContainerSafeModeRule (ContainerSafeModeRule.java:<init>(89)) - containers with one replica threshold count 0
2023-07-05 13:42:13,894 [Time-limited test] INFO  safemode.HealthyPipelineSafeModeRule (HealthyPipelineSafeModeRule.java:initializeRule(169)) - Total pipeline count is 0, healthy pipeline threshold count is 1
2023-07-05 13:42:13,895 [Time-limited test] INFO  safemode.OneReplicaPipelineSafeModeRule (OneReplicaPipelineSafeModeRule.java:initializeRule(180)) - Total pipeline count is 0, pipeline's with at least one datanode reported threshold count is 0
2023-07-05 13:42:13,895 [Time-limited test] INFO  server.StorageContainerManager (StorageContainerManager.java:<init>(424)) - SCM start with adminUsers: [runner]
2023-07-05 13:42:13,895 [Time-limited test] INFO  ipc.CallQueueManager (CallQueueManager.java:<init>(90)) - Using callQueue: class java.util.concurrent.LinkedBlockingQueue, queueCapacity: 2000, scheduler: class org.apache.hadoop.ipc.DefaultRpcScheduler, ipcBackoff: false.
2023-07-05 13:42:13,896 [Time-limited test] INFO  ipc.Server (Server.java:<init>(1287)) - Listener at 0.0.0.0:15055
2023-07-05 13:42:13,896 [Socket Reader #1 for port 15055] INFO  ipc.Server (Server.java:run(1323)) - Starting Socket Reader #1 for port 15055
2023-07-05 13:42:13,898 [Time-limited test] INFO  ipc.CallQueueManager (CallQueueManager.java:<init>(90)) - Using callQueue: class java.util.concurrent.LinkedBlockingQueue, queueCapacity: 2000, scheduler: class org.apache.hadoop.ipc.DefaultRpcScheduler, ipcBackoff: false.
2023-07-05 13:42:13,898 [Time-limited test] INFO  ipc.Server (Server.java:<init>(1287)) - Listener at 0.0.0.0:15054
2023-07-05 13:42:13,899 [Socket Reader #1 for port 15054] INFO  ipc.Server (Server.java:run(1323)) - Starting Socket Reader #1 for port 15054
2023-07-05 13:42:13,899 [Time-limited test] INFO  ipc.CallQueueManager (CallQueueManager.java:<init>(90)) - Using callQueue: class java.util.concurrent.LinkedBlockingQueue, queueCapacity: 2000, scheduler: class org.apache.hadoop.ipc.DefaultRpcScheduler, ipcBackoff: false.
2023-07-05 13:42:13,899 [Time-limited test] INFO  ipc.Server (Server.java:<init>(1287)) - Listener at 0.0.0.0:15053
2023-07-05 13:42:13,901 [Socket Reader #1 for port 15053] INFO  ipc.Server (Server.java:run(1323)) - Starting Socket Reader #1 for port 15053
2023-07-05 13:42:13,918 [Time-limited test] INFO  ha.SCMServiceManager (SCMServiceManager.java:register(42)) - Registering service ContainerBalancer.
2023-07-05 13:42:13,918 [Time-limited test] INFO  server.StorageContainerManager (StorageContainerManager.java:<init>(437)) - 
Container Balancer status:
Key                            Value
Running                        false
Container Balancer Configuration values:
Key                                                Value
Threshold                                          10
Max Datanodes to Involve per Iteration(percent)    20
Max Size to Move per Iteration                     500GB
Max Size Entering Target per Iteration             26GB
Max Size Leaving Source per Iteration              26GB

2023-07-05 13:42:13,918 [Time-limited test] INFO  ha.SCMContext (SCMContext.java:updateSafeModeStatus(228)) - Update SafeModeStatus from SafeModeStatus{safeModeStatus=true, preCheckPassed=false} to SafeModeStatus{safeModeStatus=true, preCheckPassed=false}.
2023-07-05 13:42:13,923 [Time-limited test] INFO  server.StorageContainerManager (StorageContainerManager.java:start(1489)) - StorageContainerLocationProtocol RPC server is listening at /0.0.0.0:15053
2023-07-05 13:42:13,924 [Time-limited test] WARN  impl.MetricsConfig (MetricsConfig.java:loadFirst(136)) - Cannot locate configuration: tried hadoop-metrics2-storagecontainermanager.properties,hadoop-metrics2.properties
2023-07-05 13:42:13,925 [Time-limited test] INFO  impl.MetricsSystemImpl (MetricsSystemImpl.java:startTimer(378)) - Scheduled Metric snapshot period at 10 second(s).
2023-07-05 13:42:13,925 [Time-limited test] INFO  impl.MetricsSystemImpl (MetricsSystemImpl.java:start(191)) - StorageContainerManager metrics system started
2023-07-05 13:42:13,949 [Time-limited test] INFO  impl.MetricsSinkAdapter (MetricsSinkAdapter.java:start(204)) - Sink prometheus started
2023-07-05 13:42:13,949 [Time-limited test] INFO  impl.MetricsSystemImpl (MetricsSystemImpl.java:registerSink(305)) - Registered sink prometheus
2023-07-05 13:42:13,963 [Time-limited test] INFO  server.SCMClientProtocolServer (SCMClientProtocolServer.java:start(200)) - RPC server for Client  is listening at /0.0.0.0:15053
2023-07-05 13:42:13,963 [IPC Server Responder] INFO  ipc.Server (Server.java:run(1562)) - IPC Server Responder: starting
2023-07-05 13:42:13,964 [IPC Server listener on 15053] INFO  ipc.Server (Server.java:run(1402)) - IPC Server listener on 15053: starting
2023-07-05 13:42:13,966 [Time-limited test] INFO  server.StorageContainerManager (StorageContainerManager.java:start(1502)) - ScmBlockLocationProtocol RPC server is listening at /0.0.0.0:15054
2023-07-05 13:42:13,967 [Time-limited test] INFO  server.SCMBlockProtocolServer (SCMBlockProtocolServer.java:start(152)) - RPC server for Block Protocol is listening at /0.0.0.0:15054
2023-07-05 13:42:13,967 [IPC Server Responder] INFO  ipc.Server (Server.java:run(1562)) - IPC Server Responder: starting
2023-07-05 13:42:13,967 [IPC Server listener on 15054] INFO  ipc.Server (Server.java:run(1402)) - IPC Server listener on 15054: starting
2023-07-05 13:42:14,007 [Time-limited test] INFO  server.SCMDatanodeProtocolServer (SCMDatanodeProtocolServer.java:start(193)) - ScmDatanodeProtocol RPC server for DataNodes is listening at /0.0.0.0:15055
2023-07-05 13:42:14,007 [IPC Server Responder] INFO  ipc.Server (Server.java:run(1562)) - IPC Server Responder: starting
2023-07-05 13:42:14,008 [IPC Server listener on 15055] INFO  ipc.Server (Server.java:run(1402)) - IPC Server listener on 15055: starting
2023-07-05 13:42:14,021 [Time-limited test] INFO  http.BaseHttpServer (BaseHttpServer.java:newHttpServer2BuilderForOzone(224)) - Starting Web-server for scm at: http://0.0.0.0:15056
2023-07-05 13:42:14,022 [Time-limited test] INFO  http.BaseHttpServer (BaseHttpServer.java:<init>(111)) - Hadoop Security Enabled: false Ozone Security Enabled: false Ozone HTTP Security Enabled: false 
2023-07-05 13:42:14,023 [Time-limited test] WARN  server.AuthenticationFilter (AuthenticationFilter.java:constructSecretProvider(240)) - Unable to initialize FileSignerSecretProvider, falling back to use random secrets. Reason: Could not read signature secret file: /home/runner/hadoop-http-auth-signature-secret
2023-07-05 13:42:14,023 [JvmPauseMonitor7] INFO  util.JvmPauseMonitor (JvmPauseMonitor.java:run(103)) - JvmPauseMonitor-c929785a-532b-44e4-963c-3466e251128e: Started
2023-07-05 13:42:14,024 [Time-limited test] INFO  http.HttpRequestLog (HttpRequestLog.java:getRequestLog(86)) - Http request log for http.requests.scm is not defined
2023-07-05 13:42:14,025 [Time-limited test] INFO  http.HttpServer2 (HttpServer2.java:addGlobalFilter(1031)) - Added global filter 'safety' (class=org.apache.hadoop.hdds.server.http.HttpServer2$QuotingInputFilter)
2023-07-05 13:42:14,027 [Time-limited test] INFO  http.HttpServer2 (HttpServer2.java:addFilter(1007)) - Added filter static_user_filter (class=org.apache.hadoop.http.lib.StaticUserWebFilter$StaticUserFilter) to context scm
2023-07-05 13:42:14,027 [Time-limited test] INFO  http.HttpServer2 (HttpServer2.java:addFilter(1015)) - Added filter static_user_filter (class=org.apache.hadoop.http.lib.StaticUserWebFilter$StaticUserFilter) to context static
2023-07-05 13:42:14,027 [Time-limited test] INFO  http.HttpServer2 (HttpServer2.java:addFilter(1015)) - Added filter static_user_filter (class=org.apache.hadoop.http.lib.StaticUserWebFilter$StaticUserFilter) to context logs
2023-07-05 13:42:14,027 [Time-limited test] INFO  http.BaseHttpServer (BaseHttpServer.java:<init>(190)) - HTTP server of scm uses base directory /home/runner/work/ozone/ozone/hadoop-ozone/integration-test/target/test-dir/MiniOzoneClusterImpl-a91d5bca-d5a1-41cf-9733-6b4d6b49c170/ozone-meta/webserver
2023-07-05 13:42:14,028 [Time-limited test] INFO  http.HttpServer2 (HttpServer2.java:bindListener(1250)) - Jetty bound to port 15056
2023-07-05 13:42:14,028 [Time-limited test] INFO  server.Server (Server.java:doStart(375)) - jetty-9.4.51.v20230217; built: 2023-02-17T08:19:37.309Z; git: b45c405e4544384de066f814ed42ae3dceacdd49; jvm 1.8.0_372-b07
2023-07-05 13:42:14,030 [Time-limited test] INFO  server.session (DefaultSessionIdManager.java:doStart(334)) - DefaultSessionIdManager workerName=node0
2023-07-05 13:42:14,030 [Time-limited test] INFO  server.session (DefaultSessionIdManager.java:doStart(339)) - No SessionScavenger set, using defaults
2023-07-05 13:42:14,030 [Time-limited test] INFO  server.session (HouseKeeper.java:startScavenging(132)) - node0 Scavenging every 660000ms
2023-07-05 13:42:14,031 [Time-limited test] INFO  handler.ContextHandler (ContextHandler.java:doStart(921)) - Started o.e.j.s.ServletContextHandler@145a5d31{logs,/logs,file:///home/runner/work/ozone/ozone/hadoop-ozone/integration-test/target/log,AVAILABLE}
2023-07-05 13:42:14,032 [Time-limited test] INFO  handler.ContextHandler (ContextHandler.java:doStart(921)) - Started o.e.j.s.ServletContextHandler@48b9f06b{static,/static,file:///home/runner/work/ozone/ozone/hadoop-ozone/integration-test/target/test-classes/webapps/static,AVAILABLE}
2023-07-05 13:42:14,037 [Time-limited test] INFO  handler.ContextHandler (ContextHandler.java:doStart(921)) - Started o.e.j.w.WebAppContext@3d2e55ce{scm,/,file:///home/runner/work/ozone/ozone/hadoop-ozone/integration-test/target/test-classes/webapps/scm/,AVAILABLE}{file:/home/runner/work/ozone/ozone/hadoop-ozone/integration-test/target/test-classes/webapps/scm}
2023-07-05 13:42:14,038 [Time-limited test] INFO  server.AbstractConnector (AbstractConnector.java:doStart(333)) - Started ServerConnector@170711ef{HTTP/1.1, (http/1.1)}{0.0.0.0:15056}
2023-07-05 13:42:14,038 [Time-limited test] INFO  server.Server (Server.java:doStart(415)) - Started @43324ms
2023-07-05 13:42:14,038 [Time-limited test] WARN  impl.MetricsSystemImpl (MetricsSystemImpl.java:register(279)) - Sink prometheus already exists!
2023-07-05 13:42:14,039 [Time-limited test] INFO  http.BaseHttpServer (BaseHttpServer.java:updateConnectorAddress(344)) - HTTP server of scm listening at http://0.0.0.0:15056
2023-07-05 13:42:14,039 [Time-limited test] WARN  server.ServerUtils (ServerUtils.java:getDBPath(311)) - ozone.om.db.dirs is not configured. We recommend adding this setting. Falling back to ozone.metadata.dirs instead.
2023-07-05 13:42:14,041 [Time-limited test] INFO  ha.OMHANodeDetails (OMHANodeDetails.java:loadOMHAConfig(115)) - ozone.om.internal.service.id is not defined, falling back to ozone.om.service.ids to find serviceID for OzoneManager if it is HA enabled cluster
2023-07-05 13:42:14,042 [Time-limited test] INFO  ha.OMHANodeDetails (OMHANodeDetails.java:loadOMHAConfig(226)) - Configuration does not have ozone.om.address set. Falling back to the default OM address /127.0.0.1:15057
2023-07-05 13:42:14,042 [Time-limited test] INFO  ha.OMHANodeDetails (OMHANodeDetails.java:getOMNodeDetailsForNonHA(254)) - OM Service ID is not set. Setting it to the default ID: omServiceIdDefault
2023-07-05 13:42:14,042 [Time-limited test] INFO  ha.OMHANodeDetails (OMHANodeDetails.java:getOMNodeDetailsForNonHA(261)) - OM Node ID is not set. Setting it to the default ID: om1
2023-07-05 13:42:14,042 [Time-limited test] WARN  server.ServerUtils (ServerUtils.java:getDBPath(311)) - ozone.om.db.dirs is not configured. We recommend adding this setting. Falling back to ozone.metadata.dirs instead.
2023-07-05 13:42:14,043 [Time-limited test] INFO  upgrade.AbstractLayoutVersionManager (AbstractLayoutVersionManager.java:init(83)) - Initializing Layout version manager with metadata layout = QUOTA (version = 6), software layout = QUOTA (version = 6)
2023-07-05 13:42:14,138 [Time-limited test] INFO  reflections.Reflections (Reflections.java:scan(232)) - Reflections took 93 ms to scan 2 urls, producing 186 keys and 508 values [using 2 cores]
2023-07-05 13:42:14,138 [Time-limited test] INFO  upgrade.OMLayoutVersionManager (OMLayoutVersionManager.java:lambda$0(115)) - Skipping Upgrade Action MockOmUpgradeAction since it has been finalized.
2023-07-05 13:42:14,138 [Time-limited test] INFO  upgrade.OMLayoutVersionManager (OMLayoutVersionManager.java:lambda$0(115)) - Skipping Upgrade Action QuotaRepairUpgradeAction since it has been finalized.
2023-07-05 13:42:14,139 [Time-limited test] WARN  server.ServerUtils (ServerUtils.java:getDBPath(311)) - ozone.om.db.dirs is not configured. We recommend adding this setting. Falling back to ozone.metadata.dirs instead.
2023-07-05 13:42:14,139 [Time-limited test] INFO  proxy.SCMBlockLocationFailoverProxyProvider (SCMBlockLocationFailoverProxyProvider.java:<init>(114)) - Created block location fail-over proxy with 1 nodes: [nodeId=scmNodeId,nodeAddress=/0.0.0.0:15054]
2023-07-05 13:42:14,141 [Time-limited test] INFO  proxy.SCMBlockLocationFailoverProxyProvider (SCMBlockLocationFailoverProxyProvider.java:<init>(114)) - Created block location fail-over proxy with 1 nodes: [nodeId=scmNodeId,nodeAddress=/0.0.0.0:15054]
2023-07-05 13:42:14,152 [Time-limited test] INFO  om.OzoneManager (OzoneManager.java:<init>(658)) - OM start with adminUsers: [runner]
2023-07-05 13:42:14,152 [Time-limited test] WARN  server.ServerUtils (ServerUtils.java:getDBPath(311)) - ozone.om.db.dirs is not configured. We recommend adding this setting. Falling back to ozone.metadata.dirs instead.
2023-07-05 13:42:14,153 [Time-limited test] INFO  helpers.OmKeyInfo (OmKeyInfo.java:getCodec(71)) - OmKeyInfo.getCodec ignorePipeline = true
2023-07-05 13:42:14,371 [Time-limited test] INFO  om.OzoneManager (OzoneManager.java:instantiateServices(787)) - S3 Multi-Tenancy is disabled
2023-07-05 13:42:14,372 [Time-limited test] INFO  om.OmSnapshotManager (OmSnapshotManager.java:<init>(175)) - Ozone filesystem snapshot feature is enabled.
2023-07-05 13:42:14,372 [Time-limited test] WARN  server.ServerUtils (ServerUtils.java:getDBPath(311)) - ozone.om.snapshot.diff.db.dir is not configured. We recommend adding this setting. Falling back to ozone.metadata.dirs instead.
2023-07-05 13:42:14,402 [Time-limited test] INFO  snapshot.SnapshotDiffManager (SnapshotDiffManager.java:closeExecutorService(1699)) - Shutting down executorService: 'SstDumpToolExecutor'
2023-07-05 13:42:14,404 [Time-limited test] INFO  om.OzoneManager (OzoneManager.java:addS3GVolumeToDB(4298)) - Created Volume s3v With Owner runner required for S3Gateway operations.
2023-07-05 13:42:14,404 [Time-limited test] WARN  server.ServerUtils (ServerUtils.java:getDefaultRatisDirectory(323)) - Storage directory for Ratis is not configured. It is a good idea to map this to an SSD disk. Falling back to ozone.metadata.dirs
2023-07-05 13:42:14,405 [Time-limited test] WARN  utils.OzoneManagerRatisUtils (OzoneManagerRatisUtils.java:getOMRatisSnapshotDirectory(461)) - ozone.om.ratis.snapshot.dir is not configured. Falling back to ozone.metadata.dirs config
2023-07-05 13:42:14,405 [Time-limited test] WARN  server.ServerUtils (ServerUtils.java:getDefaultRatisDirectory(323)) - Storage directory for Ratis is not configured. It is a good idea to map this to an SSD disk. Falling back to ozone.metadata.dirs
2023-07-05 13:42:14,406 [Time-limited test] INFO  ratis.OzoneManagerRatisServer (OzoneManagerRatisServer.java:<init>(163)) - Instantiating OM Ratis server with groupID: omServiceIdDefault and peers: localhost:15060
2023-07-05 13:42:14,406 [Time-limited test] INFO  ratis.OzoneManagerStateMachine (OzoneManagerStateMachine.java:loadSnapshotInfoFromDB(670)) - LastAppliedIndex is set from TransactionInfo from OM DB as (t:0, i:~)
2023-07-05 13:42:14,408 [Time-limited test] INFO  server.RaftServer (ConfUtils.java:logGet(46)) - raft.rpc.type = GRPC (default)
2023-07-05 13:42:14,408 [Time-limited test] INFO  grpc.GrpcConfigKeys (ConfUtils.java:logFallback(53)) - raft.grpc.admin.host = null (fallback to raft.grpc.server.host)
2023-07-05 13:42:14,409 [Time-limited test] INFO  grpc.GrpcConfigKeys (ConfUtils.java:logFallback(53)) - raft.grpc.admin.port = 15060 (fallback to raft.grpc.server.port)
2023-07-05 13:42:14,409 [Time-limited test] INFO  grpc.GrpcConfigKeys (ConfUtils.java:logFallback(53)) - raft.grpc.client.host = null (fallback to raft.grpc.server.host)
2023-07-05 13:42:14,409 [Time-limited test] INFO  grpc.GrpcConfigKeys (ConfUtils.java:logFallback(53)) - raft.grpc.client.port = 15060 (fallback to raft.grpc.server.port)
2023-07-05 13:42:14,409 [Time-limited test] INFO  grpc.GrpcConfigKeys (ConfUtils.java:logGet(46)) - raft.grpc.server.host = null (default)
2023-07-05 13:42:14,409 [Time-limited test] INFO  grpc.GrpcConfigKeys (ConfUtils.java:logGet(46)) - raft.grpc.server.port = 15060 (custom)
2023-07-05 13:42:14,409 [Time-limited test] INFO  server.GrpcService (ConfUtils.java:logGet(46)) - raft.grpc.message.size.max = 33554432 (custom)
2023-07-05 13:42:14,409 [Time-limited test] INFO  server.RaftServerConfigKeys (ConfUtils.java:logGet(46)) - raft.server.log.appender.buffer.byte-limit = 33554432 (custom)
2023-07-05 13:42:14,409 [Time-limited test] INFO  server.GrpcService (ConfUtils.java:logGet(46)) - raft.grpc.flow.control.window = 1MB (=1048576) (default)
2023-07-05 13:42:14,409 [Time-limited test] INFO  server.RaftServerConfigKeys (ConfUtils.java:logGet(46)) - raft.server.rpc.request.timeout = 3000ms (default)
2023-07-05 13:42:14,409 [Time-limited test] INFO  grpc.GrpcConfigKeys (ConfUtils.java:logGet(46)) - raft.grpc.server.heartbeat.channel = true (default)
2023-07-05 13:42:14,409 [Time-limited test] INFO  grpc.GrpcConfigKeys (ConfUtils.java:logGet(46)) - raft.grpc.server.async.request.thread.pool.cached = true (default)
2023-07-05 13:42:14,410 [Time-limited test] INFO  grpc.GrpcConfigKeys (ConfUtils.java:logGet(46)) - raft.grpc.server.async.request.thread.pool.size = 32 (default)
2023-07-05 13:42:14,411 [Time-limited test] INFO  impl.DataStreamServerImpl (ConfUtils.java:logGet(46)) - raft.datastream.type = DISABLED (default)
2023-07-05 13:42:14,411 [Time-limited test] INFO  server.RaftServerConfigKeys (ConfUtils.java:logGet(46)) - raft.server.threadpool.proxy.cached = true (default)
2023-07-05 13:42:14,411 [Time-limited test] INFO  server.RaftServerConfigKeys (ConfUtils.java:logGet(46)) - raft.server.threadpool.proxy.size = 0 (default)
2023-07-05 13:42:14,411 [Time-limited test] INFO  server.RaftServerConfigKeys (ConfUtils.java:logGet(46)) - raft.server.rpc.slowness.timeout = 120s (custom)
2023-07-05 13:42:14,412 [Time-limited test] INFO  server.RaftServerConfigKeys (ConfUtils.java:logGet(46)) - raft.server.leaderelection.leader.step-down.wait-time = 10s (default)
2023-07-05 13:42:14,412 [Time-limited test] INFO  server.RaftServerConfigKeys (ConfUtils.java:logGet(46)) - raft.server.storage.dir = [/home/runner/work/ozone/ozone/hadoop-ozone/integration-test/target/test-dir/MiniOzoneClusterImpl-a91d5bca-d5a1-41cf-9733-6b4d6b49c170/ozone-meta/ratis] (custom)
2023-07-05 13:42:14,412 [Time-limited test] INFO  server.RaftServer (RaftServerProxy.java:addNew(98)) - om1: addNew group-C5BA1605619E:[om1|rpc:localhost:15060|priority:0|startupRole:FOLLOWER] returns group-C5BA1605619E:java.util.concurrent.CompletableFuture@620eca65[Not completed]
2023-07-05 13:42:14,412 [Time-limited test] INFO  om.OzoneManager (OzoneManager.java:initializeRatisServer(2139)) - OzoneManager Ratis server initialized at port 15060
2023-07-05 13:42:14,412 [Time-limited test] INFO  om.OzoneManager (OzoneManager.java:getRpcServer(1187)) - Creating RPC Server
2023-07-05 13:42:14,418 [om1-groupManagement] INFO  server.RaftServer$Division (RaftServerImpl.java:<init>(198)) - om1: new RaftServerImpl for group-C5BA1605619E:[om1|rpc:localhost:15060|priority:0|startupRole:FOLLOWER] with OzoneManagerStateMachine:uninitialized
2023-07-05 13:42:14,418 [om1-groupManagement] INFO  server.RaftServerConfigKeys (ConfUtils.java:logGet(46)) - raft.server.rpc.timeout.min = 1s (custom)
2023-07-05 13:42:14,418 [om1-groupManagement] INFO  server.RaftServerConfigKeys (ConfUtils.java:logGet(46)) - raft.server.rpc.timeout.max = 1200ms (custom)
2023-07-05 13:42:14,418 [om1-groupManagement] INFO  server.RaftServerConfigKeys (ConfUtils.java:logGet(46)) - raft.server.rpc.sleep.time = 25ms (default)
2023-07-05 13:42:14,423 [om1-groupManagement] INFO  server.RaftServerConfigKeys (ConfUtils.java:logGet(46)) - raft.server.rpc.slowness.timeout = 120s (custom)
2023-07-05 13:42:14,423 [om1-groupManagement] INFO  server.RaftServerConfigKeys (ConfUtils.java:logGet(46)) - raft.server.leaderelection.leader.step-down.wait-time = 10s (default)
2023-07-05 13:42:14,423 [om1-groupManagement] INFO  server.RaftServerConfigKeys (ConfUtils.java:logGet(46)) - raft.server.sleep.deviation.threshold = 300ms (default)
2023-07-05 13:42:14,423 [om1-groupManagement] INFO  server.RaftServer$Division (ServerState.java:<init>(120)) - om1@group-C5BA1605619E: ConfigurationManager, init=-1: peers:[om1|rpc:localhost:15060|priority:0|startupRole:FOLLOWER]|listeners:[], old=null, confs=<EMPTY_MAP>
2023-07-05 13:42:14,423 [om1-groupManagement] INFO  server.RaftServerConfigKeys (ConfUtils.java:logGet(46)) - raft.server.storage.dir = [/home/runner/work/ozone/ozone/hadoop-ozone/integration-test/target/test-dir/MiniOzoneClusterImpl-a91d5bca-d5a1-41cf-9733-6b4d6b49c170/ozone-meta/ratis] (custom)
2023-07-05 13:42:14,423 [om1-groupManagement] INFO  server.RaftServerConfigKeys (ConfUtils.java:logGet(46)) - raft.server.log.corruption.policy = EXCEPTION (default)
2023-07-05 13:42:14,423 [om1-groupManagement] INFO  server.RaftServerConfigKeys (ConfUtils.java:logGet(46)) - raft.server.storage.free-space.min = 0MB (=0) (default)
2023-07-05 13:42:14,423 [om1-groupManagement] INFO  server.RaftServerConfigKeys (ConfUtils.java:logGet(46)) - raft.server.notification.no-leader.timeout = 120s (custom)
2023-07-05 13:42:14,423 [om1-groupManagement] INFO  server.RaftServerConfigKeys (ConfUtils.java:logGet(46)) - raft.server.read.timeout = 10s (default)
2023-07-05 13:42:14,423 [om1-groupManagement] INFO  server.RaftServerConfigKeys (ConfUtils.java:logGet(46)) - raft.server.retrycache.expirytime = 300s (custom)
2023-07-05 13:42:14,423 [om1-groupManagement] INFO  server.RaftServerConfigKeys (ConfUtils.java:logGet(46)) - raft.server.retrycache.statistics.expirytime = 100μs (default)
2023-07-05 13:42:14,424 [om1-groupManagement] INFO  server.RaftServerConfigKeys (ConfUtils.java:logGet(46)) - raft.server.read.option = DEFAULT (default)
2023-07-05 13:42:14,424 [om1-groupManagement] INFO  server.RaftServerConfigKeys (ConfUtils.java:logGet(46)) - raft.server.rpc.request.timeout = 3000ms (default)
2023-07-05 13:42:14,424 [om1-groupManagement] INFO  server.RaftServerConfigKeys (ConfUtils.java:logGet(46)) - raft.server.log.appender.install.snapshot.enabled = false (custom)
2023-07-05 13:42:14,424 [om1-groupManagement] INFO  server.RaftServerConfigKeys (ConfUtils.java:logGet(46)) - raft.server.threadpool.server.cached = true (default)
2023-07-05 13:42:14,424 [om1-groupManagement] INFO  server.RaftServerConfigKeys (ConfUtils.java:logGet(46)) - raft.server.threadpool.server.size = 0 (default)
2023-07-05 13:42:14,424 [om1-groupManagement] INFO  server.RaftServerConfigKeys (ConfUtils.java:logGet(46)) - raft.server.threadpool.client.cached = true (default)
2023-07-05 13:42:14,424 [om1-groupManagement] INFO  server.RaftServerConfigKeys (ConfUtils.java:logGet(46)) - raft.server.threadpool.client.size = 0 (default)
2023-07-05 13:42:14,894 [ReplicationMonitor] INFO  replication.ReplicationManager (ReplicationManager.java:processAll(361)) - Replication Manager is not ready to run until 3000ms after safemode exit
2023-07-05 13:42:14,938 [Time-limited test] INFO  reflections.Reflections (Reflections.java:scan(232)) - Reflections took 524 ms to scan 19 urls, producing 70 keys and 5514 values [using 2 cores]
2023-07-05 13:42:14,939 [Time-limited test] INFO  ipc.CallQueueManager (CallQueueManager.java:<init>(90)) - Using callQueue: class java.util.concurrent.LinkedBlockingQueue, queueCapacity: 2000, scheduler: class org.apache.hadoop.ipc.DefaultRpcScheduler, ipcBackoff: false.
2023-07-05 13:42:14,940 [Time-limited test] INFO  ipc.Server (Server.java:<init>(1287)) - Listener at 127.0.0.1:15057
2023-07-05 13:42:14,940 [Socket Reader #1 for port 15057] INFO  ipc.Server (Server.java:run(1323)) - Starting Socket Reader #1 for port 15057
2023-07-05 13:42:14,971 [Time-limited test] INFO  impl.MetricsSystemImpl (MetricsSystemImpl.java:init(158)) - OzoneManager metrics system started (again)
2023-07-05 13:42:14,984 [Time-limited test] INFO  om.OzoneManager (OzoneManager.java:start(1617)) - OzoneManager RPC server is listening at localhost/127.0.0.1:15057
2023-07-05 13:42:14,984 [Time-limited test] INFO  ratis.OzoneManagerRatisServer (OzoneManagerRatisServer.java:start(558)) - Starting OzoneManagerRatisServer om1 at port 15060
2023-07-05 13:42:14,984 [om1-impl-thread1] INFO  storage.RaftStorageDirectory (RaftStorageDirectoryImpl.java:analyzeStorage(137)) - The storage directory /home/runner/work/ozone/ozone/hadoop-ozone/integration-test/target/test-dir/MiniOzoneClusterImpl-a91d5bca-d5a1-41cf-9733-6b4d6b49c170/ozone-meta/ratis/bf265839-605b-3f16-9796-c5ba1605619e does not exist. Creating ...
2023-07-05 13:42:14,986 [om1-impl-thread1] INFO  storage.RaftStorageDirectory (RaftStorageDirectoryImpl.java:tryLock(231)) - Lock on /home/runner/work/ozone/ozone/hadoop-ozone/integration-test/target/test-dir/MiniOzoneClusterImpl-a91d5bca-d5a1-41cf-9733-6b4d6b49c170/ozone-meta/ratis/bf265839-605b-3f16-9796-c5ba1605619e/in_use.lock acquired by nodename 25537@fv-az264-29
2023-07-05 13:42:14,988 [om1-impl-thread1] INFO  storage.RaftStorage (RaftStorageImpl.java:format(96)) - Storage directory /home/runner/work/ozone/ozone/hadoop-ozone/integration-test/target/test-dir/MiniOzoneClusterImpl-a91d5bca-d5a1-41cf-9733-6b4d6b49c170/ozone-meta/ratis/bf265839-605b-3f16-9796-c5ba1605619e has been successfully formatted.
2023-07-05 13:42:14,988 [om1-impl-thread1] INFO  server.RaftServerConfigKeys (ConfUtils.java:logGet(46)) - raft.server.log.use.memory = false (default)
2023-07-05 13:42:14,988 [om1-impl-thread1] INFO  server.RaftServerConfigKeys (ConfUtils.java:logGet(46)) - raft.server.log.purge.gap = 1000000 (custom)
2023-07-05 13:42:14,988 [om1-impl-thread1] INFO  server.RaftServerConfigKeys (ConfUtils.java:logGet(46)) - raft.server.log.appender.buffer.byte-limit = 33554432 (custom)
2023-07-05 13:42:14,988 [om1-impl-thread1] INFO  server.RaftServerConfigKeys (ConfUtils.java:logGet(46)) - raft.server.log.statemachine.data.read.timeout = 1000ms (default)
2023-07-05 13:42:14,988 [om1-impl-thread1] INFO  server.RaftServerConfigKeys (ConfUtils.java:logGet(46)) - raft.server.log.purge.preservation.log.num = 0 (default)
2023-07-05 13:42:14,988 [om1-impl-thread1] INFO  server.RaftServerConfigKeys (ConfUtils.java:logGet(46)) - raft.server.log.segment.size.max = 4194304 (custom)
2023-07-05 13:42:14,989 [om1-impl-thread1] INFO  server.RaftServerConfigKeys (ConfUtils.java:logGet(46)) - raft.server.log.segment.cache.num.max = 2 (custom)
2023-07-05 13:42:14,989 [om1-impl-thread1] INFO  server.RaftServerConfigKeys (ConfUtils.java:logGet(46)) - raft.server.log.segment.cache.size.max = 200MB (=209715200) (default)
2023-07-05 13:42:14,989 [om1-impl-thread1] INFO  server.RaftServerConfigKeys (ConfUtils.java:logGet(46)) - raft.server.log.appender.buffer.byte-limit = 33554432 (custom)
2023-07-05 13:42:14,989 [om1-impl-thread1] INFO  segmented.SegmentedRaftLogWorker (SegmentedRaftLogWorker.java:<init>(188)) - new om1@group-C5BA1605619E-SegmentedRaftLogWorker for RaftStorageImpl:Storage Directory /home/runner/work/ozone/ozone/hadoop-ozone/integration-test/target/test-dir/MiniOzoneClusterImpl-a91d5bca-d5a1-41cf-9733-6b4d6b49c170/ozone-meta/ratis/bf265839-605b-3f16-9796-c5ba1605619e
2023-07-05 13:42:14,989 [om1-impl-thread1] INFO  server.RaftServerConfigKeys (ConfUtils.java:logGet(46)) - raft.server.log.queue.byte-limit = 64MB (=67108864) (default)
2023-07-05 13:42:14,989 [om1-impl-thread1] INFO  server.RaftServerConfigKeys (ConfUtils.java:logGet(46)) - raft.server.log.queue.element-limit = 4096 (default)
2023-07-05 13:42:14,989 [om1-impl-thread1] INFO  server.RaftServerConfigKeys (ConfUtils.java:logGet(46)) - raft.server.log.segment.size.max = 4194304 (custom)
2023-07-05 13:42:14,989 [om1-impl-thread1] INFO  server.RaftServerConfigKeys (ConfUtils.java:logGet(46)) - raft.server.log.preallocated.size = 4194304 (custom)
2023-07-05 13:42:14,989 [om1-impl-thread1] INFO  server.RaftServerConfigKeys (ConfUtils.java:logGet(46)) - raft.server.log.force.sync.num = 128 (default)
2023-07-05 13:42:14,989 [om1-impl-thread1] INFO  server.RaftServerConfigKeys (ConfUtils.java:logGet(46)) - raft.server.log.statemachine.data.sync = true (default)
2023-07-05 13:42:14,989 [om1-impl-thread1] INFO  server.RaftServerConfigKeys (ConfUtils.java:logGet(46)) - raft.server.log.statemachine.data.sync.timeout = 10s (default)
2023-07-05 13:42:14,989 [om1-impl-thread1] INFO  server.RaftServerConfigKeys (ConfUtils.java:logGet(46)) - raft.server.log.statemachine.data.sync.timeout.retry = -1 (default)
2023-07-05 13:42:14,989 [om1-impl-thread1] INFO  server.RaftServerConfigKeys (ConfUtils.java:logGet(46)) - raft.server.log.write.buffer.size = 64KB (=65536) (default)
2023-07-05 13:42:14,990 [om1-impl-thread1] INFO  server.RaftServerConfigKeys (ConfUtils.java:logGet(46)) - raft.server.log.appender.buffer.byte-limit = 33554432 (custom)
2023-07-05 13:42:15,062 [om1-impl-thread1] INFO  server.RaftServerConfigKeys (ConfUtils.java:logGet(46)) - raft.server.log.unsafe-flush.enabled = false (default)
2023-07-05 13:42:15,062 [om1-impl-thread1] INFO  server.RaftServerConfigKeys (ConfUtils.java:logGet(46)) - raft.server.log.async-flush.enabled = false (default)
2023-07-05 13:42:15,062 [om1-impl-thread1] INFO  server.RaftServerConfigKeys (ConfUtils.java:logGet(46)) - raft.server.log.statemachine.data.caching.enabled = false (default)
2023-07-05 13:42:15,062 [om1-impl-thread1] INFO  segmented.SegmentedRaftLogWorker (SegmentedRaftLogWorker.java:lambda$new$0(135)) - om1@group-C5BA1605619E-SegmentedRaftLogWorker: flushIndex: setUnconditionally 0 -> -1
2023-07-05 13:42:15,063 [om1-impl-thread1] INFO  segmented.SegmentedRaftLogWorker (SegmentedRaftLogWorker.java:lambda$new$0(135)) - om1@group-C5BA1605619E-SegmentedRaftLogWorker: safeCacheEvictIndex: setUnconditionally 0 -> -1
2023-07-05 13:42:15,063 [om1-impl-thread1] INFO  server.RaftServer$Division (RaftServerImpl.java:start(342)) - om1@group-C5BA1605619E: start as a follower, conf=-1: peers:[om1|rpc:localhost:15060|priority:0|startupRole:FOLLOWER]|listeners:[], old=null
2023-07-05 13:42:15,063 [om1-impl-thread1] INFO  server.RaftServer$Division (RaftServerImpl.java:setRole(329)) - om1@group-C5BA1605619E: changes role from      null to FOLLOWER at term 0 for startAsFollower
2023-07-05 13:42:15,067 [om1-impl-thread1] INFO  impl.RoleInfo (RoleInfo.java:updateAndGet(139)) - om1: start om1@group-C5BA1605619E-FollowerState
2023-07-05 13:42:15,067 [om1@group-C5BA1605619E-FollowerState] INFO  server.RaftServerConfigKeys (ConfUtils.java:logFallback(53)) - raft.server.rpc.first-election.timeout.min = 1s (fallback to raft.server.rpc.timeout.min)
2023-07-05 13:42:15,068 [om1@group-C5BA1605619E-FollowerState] INFO  server.RaftServerConfigKeys (ConfUtils.java:logFallback(53)) - raft.server.rpc.first-election.timeout.max = 1200ms (fallback to raft.server.rpc.timeout.max)
2023-07-05 13:42:15,068 [om1-impl-thread1] INFO  util.JmxRegister (JmxRegister.java:tryRegister(44)) - Successfully registered JMX Bean with object name Ratis:service=RaftServer,group=group-C5BA1605619E,id=om1
2023-07-05 13:42:15,068 [om1-impl-thread1] INFO  server.RaftServerConfigKeys (ConfUtils.java:logGet(46)) - raft.server.snapshot.auto.trigger.enabled = true (custom)
2023-07-05 13:42:15,068 [om1-impl-thread1] INFO  server.RaftServerConfigKeys (ConfUtils.java:logGet(46)) - raft.server.snapshot.auto.trigger.threshold = 400000 (default)
2023-07-05 13:42:15,068 [om1-impl-thread1] INFO  server.RaftServerConfigKeys (ConfUtils.java:logGet(46)) - raft.server.snapshot.retention.file.num = -1 (default)
2023-07-05 13:42:15,068 [om1-impl-thread1] INFO  server.RaftServerConfigKeys (ConfUtils.java:logGet(46)) - raft.server.log.purge.upto.snapshot.index = true (custom)
2023-07-05 13:42:15,069 [Time-limited test] INFO  server.RaftServer (RaftServerProxy.java:startImpl(400)) - om1: start RPC server
2023-07-05 13:42:15,077 [Time-limited test] INFO  server.GrpcService (GrpcService.java:startImpl(302)) - om1: GrpcService started, listening on 15060
2023-07-05 13:42:15,077 [Time-limited test] INFO  om.OzoneManager (OzoneManager.java:start(1633)) - Version File has different layout version (6) than OM DB (null). That is expected if this OM has never been finalized to a newer layout version.
2023-07-05 13:42:15,078 [JvmPauseMonitor8] INFO  util.JvmPauseMonitor (JvmPauseMonitor.java:run(103)) - JvmPauseMonitor-om1: Started
2023-07-05 13:42:15,092 [Time-limited test] INFO  http.BaseHttpServer (BaseHttpServer.java:newHttpServer2BuilderForOzone(224)) - Starting Web-server for ozoneManager at: http://0.0.0.0:15058
2023-07-05 13:42:15,092 [Time-limited test] INFO  http.BaseHttpServer (BaseHttpServer.java:<init>(111)) - Hadoop Security Enabled: false Ozone Security Enabled: false Ozone HTTP Security Enabled: false 
2023-07-05 13:42:15,093 [Time-limited test] WARN  server.AuthenticationFilter (AuthenticationFilter.java:constructSecretProvider(240)) - Unable to initialize FileSignerSecretProvider, falling back to use random secrets. Reason: Could not read signature secret file: /home/runner/hadoop-http-auth-signature-secret
2023-07-05 13:42:15,094 [Time-limited test] INFO  http.HttpRequestLog (HttpRequestLog.java:getRequestLog(86)) - Http request log for http.requests.ozoneManager is not defined
2023-07-05 13:42:15,097 [Time-limited test] INFO  http.HttpServer2 (HttpServer2.java:addGlobalFilter(1031)) - Added global filter 'safety' (class=org.apache.hadoop.hdds.server.http.HttpServer2$QuotingInputFilter)
2023-07-05 13:42:15,099 [Time-limited test] INFO  http.HttpServer2 (HttpServer2.java:addFilter(1007)) - Added filter static_user_filter (class=org.apache.hadoop.http.lib.StaticUserWebFilter$StaticUserFilter) to context ozoneManager
2023-07-05 13:42:15,099 [Time-limited test] INFO  http.HttpServer2 (HttpServer2.java:addFilter(1015)) - Added filter static_user_filter (class=org.apache.hadoop.http.lib.StaticUserWebFilter$StaticUserFilter) to context static
2023-07-05 13:42:15,099 [Time-limited test] INFO  http.HttpServer2 (HttpServer2.java:addFilter(1015)) - Added filter static_user_filter (class=org.apache.hadoop.http.lib.StaticUserWebFilter$StaticUserFilter) to context logs
2023-07-05 13:42:15,099 [Time-limited test] INFO  http.BaseHttpServer (BaseHttpServer.java:<init>(190)) - HTTP server of ozoneManager uses base directory /home/runner/work/ozone/ozone/hadoop-ozone/integration-test/target/test-dir/MiniOzoneClusterImpl-a91d5bca-d5a1-41cf-9733-6b4d6b49c170/ozone-meta/webserver
2023-07-05 13:42:15,100 [Time-limited test] INFO  http.HttpServer2 (HttpServer2.java:bindListener(1250)) - Jetty bound to port 15058
2023-07-05 13:42:15,100 [Time-limited test] INFO  server.Server (Server.java:doStart(375)) - jetty-9.4.51.v20230217; built: 2023-02-17T08:19:37.309Z; git: b45c405e4544384de066f814ed42ae3dceacdd49; jvm 1.8.0_372-b07
2023-07-05 13:42:15,103 [Time-limited test] INFO  server.session (DefaultSessionIdManager.java:doStart(334)) - DefaultSessionIdManager workerName=node0
2023-07-05 13:42:15,103 [Time-limited test] INFO  server.session (DefaultSessionIdManager.java:doStart(339)) - No SessionScavenger set, using defaults
2023-07-05 13:42:15,104 [Time-limited test] INFO  server.session (HouseKeeper.java:startScavenging(132)) - node0 Scavenging every 660000ms
2023-07-05 13:42:15,104 [Time-limited test] INFO  handler.ContextHandler (ContextHandler.java:doStart(921)) - Started o.e.j.s.ServletContextHandler@361a6fb4{logs,/logs,file:///home/runner/work/ozone/ozone/hadoop-ozone/integration-test/target/log,AVAILABLE}
2023-07-05 13:42:15,105 [Time-limited test] INFO  handler.ContextHandler (ContextHandler.java:doStart(921)) - Started o.e.j.s.ServletContextHandler@58de3024{static,/static,file:///home/runner/work/ozone/ozone/hadoop-ozone/integration-test/target/test-classes/webapps/static,AVAILABLE}
2023-07-05 13:42:15,112 [Time-limited test] INFO  handler.ContextHandler (ContextHandler.java:doStart(921)) - Started o.e.j.w.WebAppContext@5ef9d7a2{ozoneManager,/,file:///home/runner/work/ozone/ozone/hadoop-ozone/integration-test/target/test-classes/webapps/ozoneManager/,AVAILABLE}{file:/home/runner/work/ozone/ozone/hadoop-ozone/integration-test/target/test-classes/webapps/ozoneManager}
2023-07-05 13:42:15,114 [Time-limited test] INFO  server.AbstractConnector (AbstractConnector.java:doStart(333)) - Started ServerConnector@2db06c59{HTTP/1.1, (http/1.1)}{0.0.0.0:15058}
2023-07-05 13:42:15,114 [Time-limited test] INFO  server.Server (Server.java:doStart(415)) - Started @44400ms
2023-07-05 13:42:15,114 [Time-limited test] WARN  impl.MetricsSystemImpl (MetricsSystemImpl.java:register(279)) - Sink prometheus already exists!
2023-07-05 13:42:15,114 [Time-limited test] INFO  http.BaseHttpServer (BaseHttpServer.java:updateConnectorAddress(344)) - HTTP server of ozoneManager listening at http://0.0.0.0:15058
2023-07-05 13:42:15,115 [IPC Server Responder] INFO  ipc.Server (Server.java:run(1562)) - IPC Server Responder: starting
2023-07-05 13:42:15,119 [IPC Server listener on 15057] INFO  ipc.Server (Server.java:run(1402)) - IPC Server listener on 15057: starting
2023-07-05 13:42:15,124 [Time-limited test] INFO  om.OzoneManager (OzoneManager.java:startTrashEmptier(2092)) - Trash Interval set to 0. Files deleted won't move to trash
2023-07-05 13:42:15,138 [Time-limited test] WARN  impl.MetricRegistriesImpl (MetricRegistriesImpl.java:addReporterRegistration(111)) - New reporters are added after registries were created. Some metrics will be missing from the reporter. Please add reporter before adding any new registry.
2023-07-05 13:42:15,138 [Time-limited test] WARN  impl.MetricRegistriesImpl (MetricRegistriesImpl.java:addReporterRegistration(111)) - New reporters are added after registries were created. Some metrics will be missing from the reporter. Please add reporter before adding any new registry.
2023-07-05 13:42:15,138 [Time-limited test] INFO  impl.MetricsSystemImpl (MetricsSystemImpl.java:init(158)) - HddsDatanode metrics system started (again)
2023-07-05 13:42:15,152 [Time-limited test] INFO  ozone.HddsDatanodeService (HddsDatanodeService.java:start(237)) - HddsDatanodeService host:fv-az264-29.ca02foy5wcnuvlrvrz2wi3p2og.dx.internal.cloudapp.net ip:10.1.0.13
2023-07-05 13:42:15,181 [Time-limited test] INFO  upgrade.AbstractLayoutVersionManager (AbstractLayoutVersionManager.java:init(83)) - Initializing Layout version manager with metadata layout = HADOOP_PRC_PORTS_IN_DATANODEDETAILS (version = 7), software layout = HADOOP_PRC_PORTS_IN_DATANODEDETAILS (version = 7)
2023-07-05 13:42:15,182 [Time-limited test] INFO  statemachine.DatanodeStateMachine (DatanodeStateMachine.java:getEndPointTaskThreadPoolSize(279)) - Datanode State Machine Task Thread Pool size 2
2023-07-05 13:42:15,187 [Time-limited test] INFO  volume.HddsVolume (HddsVolume.java:<init>(133)) - Creating HddsVolume: /home/runner/work/ozone/ozone/hadoop-ozone/integration-test/target/test-dir/MiniOzoneClusterImpl-a91d5bca-d5a1-41cf-9733-6b4d6b49c170/datanode-0/data-0/containers/hdds of storage type : DISK capacity : 9223372036854775807
2023-07-05 13:42:15,187 [Time-limited test] INFO  volume.MutableVolumeSet (MutableVolumeSet.java:initializeVolumeSet(175)) - Added Volume : /home/runner/work/ozone/ozone/hadoop-ozone/integration-test/target/test-dir/MiniOzoneClusterImpl-a91d5bca-d5a1-41cf-9733-6b4d6b49c170/datanode-0/data-0/containers/hdds to VolumeSet
2023-07-05 13:42:15,187 [Time-limited test] INFO  volume.ThrottledAsyncChecker (ThrottledAsyncChecker.java:schedule(141)) - Scheduling a check for /home/runner/work/ozone/ozone/hadoop-ozone/integration-test/target/test-dir/MiniOzoneClusterImpl-a91d5bca-d5a1-41cf-9733-6b4d6b49c170/datanode-0/data-0/containers/hdds
2023-07-05 13:42:15,187 [Time-limited test] INFO  volume.StorageVolumeChecker (StorageVolumeChecker.java:checkAllVolumes(202)) - Scheduled health check for volume /home/runner/work/ozone/ozone/hadoop-ozone/integration-test/target/test-dir/MiniOzoneClusterImpl-a91d5bca-d5a1-41cf-9733-6b4d6b49c170/datanode-0/data-0/containers/hdds
2023-07-05 13:42:15,191 [Time-limited test] INFO  volume.MutableVolumeSet (MutableVolumeSet.java:initializeVolumeSet(175)) - Added Volume : /home/runner/work/ozone/ozone/hadoop-ozone/integration-test/target/test-dir/MiniOzoneClusterImpl-a91d5bca-d5a1-41cf-9733-6b4d6b49c170/datanode-0/data/ratis to VolumeSet
2023-07-05 13:42:15,191 [Time-limited test] INFO  volume.ThrottledAsyncChecker (ThrottledAsyncChecker.java:schedule(141)) - Scheduling a check for /home/runner/work/ozone/ozone/hadoop-ozone/integration-test/target/test-dir/MiniOzoneClusterImpl-a91d5bca-d5a1-41cf-9733-6b4d6b49c170/datanode-0/data/ratis
2023-07-05 13:42:15,191 [Time-limited test] INFO  volume.StorageVolumeChecker (StorageVolumeChecker.java:checkAllVolumes(202)) - Scheduled health check for volume /home/runner/work/ozone/ozone/hadoop-ozone/integration-test/target/test-dir/MiniOzoneClusterImpl-a91d5bca-d5a1-41cf-9733-6b4d6b49c170/datanode-0/data/ratis
2023-07-05 13:42:15,194 [Thread-748] INFO  ozoneimpl.ContainerReader (ContainerReader.java:readVolume(175)) - Finish verifying containers on volume /home/runner/work/ozone/ozone/hadoop-ozone/integration-test/target/test-dir/MiniOzoneClusterImpl-a91d5bca-d5a1-41cf-9733-6b4d6b49c170/datanode-0/data-0/containers/hdds
2023-07-05 13:42:15,194 [Time-limited test] INFO  ozoneimpl.OzoneContainer (OzoneContainer.java:buildContainerSet(316)) - Build ContainerSet costs 0s
2023-07-05 13:42:15,197 [Time-limited test] INFO  server.RaftServer (ConfUtils.java:logGet(46)) - raft.rpc.type = GRPC (default)
2023-07-05 13:42:15,197 [Time-limited test] INFO  grpc.GrpcConfigKeys (ConfUtils.java:logFallback(53)) - raft.grpc.admin.host = null (fallback to raft.grpc.server.host)
2023-07-05 13:42:15,198 [Time-limited test] INFO  grpc.GrpcConfigKeys (ConfUtils.java:logGet(46)) - raft.grpc.admin.port = 15066 (custom)
2023-07-05 13:42:15,198 [Time-limited test] INFO  grpc.GrpcConfigKeys (ConfUtils.java:logFallback(53)) - raft.grpc.client.host = null (fallback to raft.grpc.server.host)
2023-07-05 13:42:15,198 [Time-limited test] INFO  grpc.GrpcConfigKeys (ConfUtils.java:logGet(46)) - raft.grpc.client.port = 15065 (custom)
2023-07-05 13:42:15,198 [Time-limited test] INFO  grpc.GrpcConfigKeys (ConfUtils.java:logGet(46)) - raft.grpc.server.host = null (default)
2023-07-05 13:42:15,198 [Time-limited test] INFO  grpc.GrpcConfigKeys (ConfUtils.java:logGet(46)) - raft.grpc.server.port = 15067 (custom)
2023-07-05 13:42:15,198 [Time-limited test] INFO  server.GrpcService (ConfUtils.java:logGet(46)) - raft.grpc.message.size.max = 32MB (=33554432) (custom)
2023-07-05 13:42:15,199 [Time-limited test] INFO  server.RaftServerConfigKeys (ConfUtils.java:logGet(46)) - raft.server.log.appender.buffer.byte-limit = 33554432 (custom)
2023-07-05 13:42:15,200 [Time-limited test] INFO  server.GrpcService (ConfUtils.java:logGet(46)) - raft.grpc.flow.control.window = 5MB (=5242880) (custom)
2023-07-05 13:42:15,201 [Time-limited test] INFO  server.RaftServerConfigKeys (ConfUtils.java:logGet(46)) - raft.server.rpc.request.timeout = 60s (custom)
2023-07-05 13:42:15,201 [Time-limited test] INFO  grpc.GrpcConfigKeys (ConfUtils.java:logGet(46)) - raft.grpc.server.heartbeat.channel = true (default)
2023-07-05 13:42:15,201 [Time-limited test] INFO  grpc.GrpcConfigKeys (ConfUtils.java:logGet(46)) - raft.grpc.server.async.request.thread.pool.cached = true (default)
2023-07-05 13:42:15,201 [Time-limited test] INFO  grpc.GrpcConfigKeys (ConfUtils.java:logGet(46)) - raft.grpc.server.async.request.thread.pool.size = 32 (default)
2023-07-05 13:42:15,205 [Time-limited test] INFO  impl.DataStreamServerImpl (ConfUtils.java:logGet(46)) - raft.datastream.type = NETTY (custom)
2023-07-05 13:42:15,209 [Time-limited test] INFO  server.RaftServerConfigKeys (ConfUtils.java:logGet(46)) - raft.server.data-stream.async.request.thread.pool.cached = false (default)
2023-07-05 13:42:15,209 [Time-limited test] INFO  server.RaftServerConfigKeys (ConfUtils.java:logGet(46)) - raft.server.data-stream.async.request.thread.pool.size = 20 (custom)
2023-07-05 13:42:15,209 [Time-limited test] INFO  server.RaftServerConfigKeys (ConfUtils.java:logGet(46)) - raft.server.data-stream.async.write.thread.pool.size = 16 (default)
2023-07-05 13:42:15,209 [Time-limited test] INFO  server.RaftServerConfigKeys (ConfUtils.java:logGet(46)) - raft.server.data-stream.client.pool.size = 10 (default)
2023-07-05 13:42:15,210 [Time-limited test] INFO  netty.NettyConfigKeys$DataStream (ConfUtils.java:logGet(46)) - raft.netty.dataStream.server.use-epoll = false (default)
2023-07-05 13:42:15,210 [Time-limited test] INFO  netty.NettyConfigKeys$DataStream (ConfUtils.java:logGet(46)) - raft.netty.dataStream.server.boss-group.size = 0 (default)
2023-07-05 13:42:15,210 [Time-limited test] INFO  netty.NettyConfigKeys$DataStream (ConfUtils.java:logGet(46)) - raft.netty.dataStream.server.worker-group.size = 0 (default)
2023-07-05 13:42:15,210 [Time-limited test] INFO  netty.NettyConfigKeys$DataStream (ConfUtils.java:logGet(46)) - raft.netty.dataStream.server.tls.conf = null (default)
2023-07-05 13:42:15,211 [Time-limited test] INFO  netty.NettyConfigKeys$DataStream (ConfUtils.java:logGet(46)) - raft.netty.dataStream.host = null (default)
2023-07-05 13:42:15,211 [Time-limited test] INFO  netty.NettyConfigKeys$DataStream (ConfUtils.java:logGet(46)) - raft.netty.dataStream.port = 15068 (custom)
2023-07-05 13:42:15,211 [Time-limited test] INFO  server.RaftServerConfigKeys (ConfUtils.java:logGet(46)) - raft.server.threadpool.proxy.cached = true (default)
2023-07-05 13:42:15,211 [Time-limited test] INFO  server.RaftServerConfigKeys (ConfUtils.java:logGet(46)) - raft.server.threadpool.proxy.size = 0 (default)
2023-07-05 13:42:15,211 [Time-limited test] INFO  server.RaftServerConfigKeys (ConfUtils.java:logGet(46)) - raft.server.rpc.slowness.timeout = 300s (custom)
2023-07-05 13:42:15,212 [Time-limited test] INFO  server.RaftServerConfigKeys (ConfUtils.java:logGet(46)) - raft.server.leaderelection.leader.step-down.wait-time = 10s (default)
2023-07-05 13:42:15,212 [Time-limited test] INFO  server.RaftServerConfigKeys (ConfUtils.java:logGet(46)) - raft.server.storage.dir = [/home/runner/work/ozone/ozone/hadoop-ozone/integration-test/target/test-dir/MiniOzoneClusterImpl-a91d5bca-d5a1-41cf-9733-6b4d6b49c170/datanode-0/data/ratis] (custom)
2023-07-05 13:42:15,212 [c67f853f-9851-48e5-9814-c89133fda60b-NettyServerStreamRpc-bossGroup--thread1] INFO  logging.LoggingHandler (AbstractInternalLogger.java:log(148)) - [id: 0x42662a96] REGISTERED
2023-07-05 13:42:15,212 [c67f853f-9851-48e5-9814-c89133fda60b-NettyServerStreamRpc-bossGroup--thread1] INFO  logging.LoggingHandler (AbstractInternalLogger.java:log(148)) - [id: 0x42662a96] BIND: 0.0.0.0/0.0.0.0:15068
2023-07-05 13:42:15,213 [c67f853f-9851-48e5-9814-c89133fda60b-NettyServerStreamRpc-bossGroup--thread1] INFO  logging.LoggingHandler (AbstractInternalLogger.java:log(148)) - [id: 0x42662a96, L:/0:0:0:0:0:0:0:0:15068] ACTIVE
2023-07-05 13:42:15,214 [Time-limited test] INFO  server.XceiverServerGrpc (XceiverServerGrpc.java:<init>(132)) - GrpcServer channel type EpollServerSocketChannel
2023-07-05 13:42:15,216 [Time-limited test] INFO  replication.ReplicationSupervisor (ReplicationSupervisor.java:nodeStateUpdated(305)) - Node state updated to IN_SERVICE, scaling executor pool size to 10
2023-07-05 13:42:15,221 [Time-limited test] INFO  http.BaseHttpServer (BaseHttpServer.java:newHttpServer2BuilderForOzone(224)) - Starting Web-server for hddsDatanode at: http://0.0.0.0:15062
2023-07-05 13:42:15,221 [Time-limited test] INFO  http.BaseHttpServer (BaseHttpServer.java:<init>(111)) - Hadoop Security Enabled: false Ozone Security Enabled: false Ozone HTTP Security Enabled: false 
2023-07-05 13:42:15,222 [Time-limited test] WARN  server.AuthenticationFilter (AuthenticationFilter.java:constructSecretProvider(240)) - Unable to initialize FileSignerSecretProvider, falling back to use random secrets. Reason: Could not read signature secret file: /home/runner/hadoop-http-auth-signature-secret
2023-07-05 13:42:15,223 [Time-limited test] INFO  http.HttpRequestLog (HttpRequestLog.java:getRequestLog(86)) - Http request log for http.requests.hddsDatanode is not defined
2023-07-05 13:42:15,224 [Time-limited test] INFO  http.HttpServer2 (HttpServer2.java:addGlobalFilter(1031)) - Added global filter 'safety' (class=org.apache.hadoop.hdds.server.http.HttpServer2$QuotingInputFilter)
2023-07-05 13:42:15,225 [Time-limited test] INFO  http.HttpServer2 (HttpServer2.java:addFilter(1007)) - Added filter static_user_filter (class=org.apache.hadoop.http.lib.StaticUserWebFilter$StaticUserFilter) to context hddsDatanode
2023-07-05 13:42:15,225 [Time-limited test] INFO  http.HttpServer2 (HttpServer2.java:addFilter(1015)) - Added filter static_user_filter (class=org.apache.hadoop.http.lib.StaticUserWebFilter$StaticUserFilter) to context static
2023-07-05 13:42:15,225 [Time-limited test] INFO  http.HttpServer2 (HttpServer2.java:addFilter(1015)) - Added filter static_user_filter (class=org.apache.hadoop.http.lib.StaticUserWebFilter$StaticUserFilter) to context logs
2023-07-05 13:42:15,226 [Time-limited test] INFO  http.BaseHttpServer (BaseHttpServer.java:<init>(190)) - HTTP server of hddsDatanode uses base directory /home/runner/work/ozone/ozone/hadoop-ozone/integration-test/target/test-dir/MiniOzoneClusterImpl-a91d5bca-d5a1-41cf-9733-6b4d6b49c170/datanode-0/meta/webserver
2023-07-05 13:42:15,226 [Time-limited test] INFO  http.HttpServer2 (HttpServer2.java:bindListener(1250)) - Jetty bound to port 15062
2023-07-05 13:42:15,226 [Time-limited test] INFO  server.Server (Server.java:doStart(375)) - jetty-9.4.51.v20230217; built: 2023-02-17T08:19:37.309Z; git: b45c405e4544384de066f814ed42ae3dceacdd49; jvm 1.8.0_372-b07
2023-07-05 13:42:15,230 [Time-limited test] INFO  server.session (DefaultSessionIdManager.java:doStart(334)) - DefaultSessionIdManager workerName=node0
2023-07-05 13:42:15,230 [Time-limited test] INFO  server.session (DefaultSessionIdManager.java:doStart(339)) - No SessionScavenger set, using defaults
2023-07-05 13:42:15,231 [Time-limited test] INFO  server.session (HouseKeeper.java:startScavenging(132)) - node0 Scavenging every 600000ms
2023-07-05 13:42:15,231 [Time-limited test] INFO  handler.ContextHandler (ContextHandler.java:doStart(921)) - Started o.e.j.s.ServletContextHandler@740749a{logs,/logs,file:///home/runner/work/ozone/ozone/hadoop-ozone/integration-test/target/log,AVAILABLE}
2023-07-05 13:42:15,232 [Time-limited test] INFO  handler.ContextHandler (ContextHandler.java:doStart(921)) - Started o.e.j.s.ServletContextHandler@3b787819{static,/static,jar:file:/home/runner/.m2/repository/org/apache/ozone/hdds-container-service/1.4.0-SNAPSHOT/hdds-container-service-1.4.0-SNAPSHOT.jar!/webapps/static,AVAILABLE}
2023-07-05 13:42:15,473 [Time-limited test] INFO  handler.ContextHandler (ContextHandler.java:doStart(921)) - Started o.e.j.w.WebAppContext@7752713f{hddsDatanode,/,file:///home/runner/work/ozone/ozone/hadoop-ozone/integration-test/target/test-dir/MiniOzoneClusterImpl-a91d5bca-d5a1-41cf-9733-6b4d6b49c170/datanode-0/meta/webserver/jetty-0_0_0_0-15062-hdds-container-service-1_4_0-SNAPSHOT_jar-_-any-6566038345211641286/webapp/,AVAILABLE}{jar:file:/home/runner/.m2/repository/org/apache/ozone/hdds-container-service/1.4.0-SNAPSHOT/hdds-container-service-1.4.0-SNAPSHOT.jar!/webapps/hddsDatanode}
2023-07-05 13:42:15,475 [Time-limited test] INFO  server.AbstractConnector (AbstractConnector.java:doStart(333)) - Started ServerConnector@32ff2b81{HTTP/1.1, (http/1.1)}{0.0.0.0:15062}
2023-07-05 13:42:15,475 [Time-limited test] INFO  server.Server (Server.java:doStart(415)) - Started @44761ms
2023-07-05 13:42:15,475 [Time-limited test] WARN  impl.MetricsSystemImpl (MetricsSystemImpl.java:register(279)) - Sink prometheus already exists!
2023-07-05 13:42:15,476 [Time-limited test] INFO  http.BaseHttpServer (BaseHttpServer.java:updateConnectorAddress(344)) - HTTP server of hddsDatanode listening at http://0.0.0.0:15062
2023-07-05 13:42:15,476 [Time-limited test] INFO  ipc.CallQueueManager (CallQueueManager.java:<init>(90)) - Using callQueue: class java.util.concurrent.LinkedBlockingQueue, queueCapacity: 100, scheduler: class org.apache.hadoop.ipc.DefaultRpcScheduler, ipcBackoff: false.
2023-07-05 13:42:15,477 [Time-limited test] INFO  ipc.Server (Server.java:<init>(1287)) - Listener at 0.0.0.0:15063
2023-07-05 13:42:15,477 [Socket Reader #1 for port 15063] INFO  ipc.Server (Server.java:run(1323)) - Starting Socket Reader #1 for port 15063
2023-07-05 13:42:15,484 [Time-limited test] INFO  ozone.HddsDatanodeService (HddsDatanodeService.java:start(315)) - Datanode start with admins: [runner]
2023-07-05 13:42:15,484 [Time-limited test] INFO  ozone.HddsDatanodeClientProtocolServer (HddsDatanodeClientProtocolServer.java:start(72)) - RPC server for Client /0.0.0.0:15063
2023-07-05 13:42:15,485 [IPC Server Responder] INFO  ipc.Server (Server.java:run(1562)) - IPC Server Responder: starting
2023-07-05 13:42:15,487 [IPC Server listener on 15063] INFO  ipc.Server (Server.java:run(1402)) - IPC Server listener on 15063: starting
2023-07-05 13:42:15,487 [Time-limited test] WARN  impl.MetricRegistriesImpl (MetricRegistriesImpl.java:addReporterRegistration(111)) - New reporters are added after registries were created. Some metrics will be missing from the reporter. Please add reporter before adding any new registry.
2023-07-05 13:42:15,487 [Time-limited test] WARN  impl.MetricRegistriesImpl (MetricRegistriesImpl.java:addReporterRegistration(111)) - New reporters are added after registries were created. Some metrics will be missing from the reporter. Please add reporter before adding any new registry.
2023-07-05 13:42:15,487 [Time-limited test] INFO  impl.MetricsSystemImpl (MetricsSystemImpl.java:init(158)) - HddsDatanode metrics system started (again)
2023-07-05 13:42:15,488 [Datanode State Machine Daemon Thread] INFO  statemachine.DatanodeStateMachine (DatanodeStateMachine.java:lambda$startDaemon$0(531)) - Ozone container server started.
2023-07-05 13:42:15,515 [Datanode State Machine Task Thread - 0] INFO  datanode.InitDatanodeState (InitDatanodeState.java:persistContainerDatanodeDetails(138)) - DatanodeDetails is persisted to /home/runner/work/ozone/ozone/hadoop-ozone/integration-test/target/test-dir/MiniOzoneClusterImpl-a91d5bca-d5a1-41cf-9733-6b4d6b49c170/datanode-0/meta/datanode.id
2023-07-05 13:42:15,517 [Time-limited test] INFO  ozone.HddsDatanodeService (HddsDatanodeService.java:start(237)) - HddsDatanodeService host:fv-az264-29.ca02foy5wcnuvlrvrz2wi3p2og.dx.internal.cloudapp.net ip:10.1.0.13
2023-07-05 13:42:15,542 [Time-limited test] INFO  upgrade.AbstractLayoutVersionManager (AbstractLayoutVersionManager.java:init(83)) - Initializing Layout version manager with metadata layout = HADOOP_PRC_PORTS_IN_DATANODEDETAILS (version = 7), software layout = HADOOP_PRC_PORTS_IN_DATANODEDETAILS (version = 7)
2023-07-05 13:42:15,543 [Time-limited test] INFO  statemachine.DatanodeStateMachine (DatanodeStateMachine.java:getEndPointTaskThreadPoolSize(279)) - Datanode State Machine Task Thread Pool size 2
2023-07-05 13:42:15,545 [Time-limited test] INFO  volume.HddsVolume (HddsVolume.java:<init>(133)) - Creating HddsVolume: /home/runner/work/ozone/ozone/hadoop-ozone/integration-test/target/test-dir/MiniOzoneClusterImpl-a91d5bca-d5a1-41cf-9733-6b4d6b49c170/datanode-1/data-0/containers/hdds of storage type : DISK capacity : 9223372036854775807
2023-07-05 13:42:15,545 [Time-limited test] INFO  volume.MutableVolumeSet (MutableVolumeSet.java:initializeVolumeSet(175)) - Added Volume : /home/runner/work/ozone/ozone/hadoop-ozone/integration-test/target/test-dir/MiniOzoneClusterImpl-a91d5bca-d5a1-41cf-9733-6b4d6b49c170/datanode-1/data-0/containers/hdds to VolumeSet
2023-07-05 13:42:15,545 [Time-limited test] INFO  volume.ThrottledAsyncChecker (ThrottledAsyncChecker.java:schedule(141)) - Scheduling a check for /home/runner/work/ozone/ozone/hadoop-ozone/integration-test/target/test-dir/MiniOzoneClusterImpl-a91d5bca-d5a1-41cf-9733-6b4d6b49c170/datanode-1/data-0/containers/hdds
2023-07-05 13:42:15,546 [Time-limited test] INFO  volume.StorageVolumeChecker (StorageVolumeChecker.java:checkAllVolumes(202)) - Scheduled health check for volume /home/runner/work/ozone/ozone/hadoop-ozone/integration-test/target/test-dir/MiniOzoneClusterImpl-a91d5bca-d5a1-41cf-9733-6b4d6b49c170/datanode-1/data-0/containers/hdds
2023-07-05 13:42:15,551 [Time-limited test] INFO  volume.MutableVolumeSet (MutableVolumeSet.java:initializeVolumeSet(175)) - Added Volume : /home/runner/work/ozone/ozone/hadoop-ozone/integration-test/target/test-dir/MiniOzoneClusterImpl-a91d5bca-d5a1-41cf-9733-6b4d6b49c170/datanode-1/data/ratis to VolumeSet
2023-07-05 13:42:15,551 [Time-limited test] INFO  volume.ThrottledAsyncChecker (ThrottledAsyncChecker.java:schedule(141)) - Scheduling a check for /home/runner/work/ozone/ozone/hadoop-ozone/integration-test/target/test-dir/MiniOzoneClusterImpl-a91d5bca-d5a1-41cf-9733-6b4d6b49c170/datanode-1/data/ratis
2023-07-05 13:42:15,551 [Time-limited test] INFO  volume.StorageVolumeChecker (StorageVolumeChecker.java:checkAllVolumes(202)) - Scheduled health check for volume /home/runner/work/ozone/ozone/hadoop-ozone/integration-test/target/test-dir/MiniOzoneClusterImpl-a91d5bca-d5a1-41cf-9733-6b4d6b49c170/datanode-1/data/ratis
2023-07-05 13:42:15,554 [Thread-765] INFO  ozoneimpl.ContainerReader (ContainerReader.java:readVolume(175)) - Finish verifying containers on volume /home/runner/work/ozone/ozone/hadoop-ozone/integration-test/target/test-dir/MiniOzoneClusterImpl-a91d5bca-d5a1-41cf-9733-6b4d6b49c170/datanode-1/data-0/containers/hdds
2023-07-05 13:42:15,554 [Time-limited test] INFO  ozoneimpl.OzoneContainer (OzoneContainer.java:buildContainerSet(316)) - Build ContainerSet costs 0s
2023-07-05 13:42:15,557 [Time-limited test] INFO  server.RaftServer (ConfUtils.java:logGet(46)) - raft.rpc.type = GRPC (default)
2023-07-05 13:42:15,557 [Time-limited test] INFO  grpc.GrpcConfigKeys (ConfUtils.java:logFallback(53)) - raft.grpc.admin.host = null (fallback to raft.grpc.server.host)
2023-07-05 13:42:15,558 [Time-limited test] INFO  grpc.GrpcConfigKeys (ConfUtils.java:logGet(46)) - raft.grpc.admin.port = 15075 (custom)
2023-07-05 13:42:15,558 [Time-limited test] INFO  grpc.GrpcConfigKeys (ConfUtils.java:logFallback(53)) - raft.grpc.client.host = null (fallback to raft.grpc.server.host)
2023-07-05 13:42:15,558 [Time-limited test] INFO  grpc.GrpcConfigKeys (ConfUtils.java:logGet(46)) - raft.grpc.client.port = 15074 (custom)
2023-07-05 13:42:15,558 [Time-limited test] INFO  grpc.GrpcConfigKeys (ConfUtils.java:logGet(46)) - raft.grpc.server.host = null (default)
2023-07-05 13:42:15,558 [Time-limited test] INFO  grpc.GrpcConfigKeys (ConfUtils.java:logGet(46)) - raft.grpc.server.port = 15076 (custom)
2023-07-05 13:42:15,558 [Time-limited test] INFO  server.GrpcService (ConfUtils.java:logGet(46)) - raft.grpc.message.size.max = 32MB (=33554432) (custom)
2023-07-05 13:42:15,558 [Time-limited test] INFO  server.RaftServerConfigKeys (ConfUtils.java:logGet(46)) - raft.server.log.appender.buffer.byte-limit = 33554432 (custom)
2023-07-05 13:42:15,558 [Time-limited test] INFO  server.GrpcService (ConfUtils.java:logGet(46)) - raft.grpc.flow.control.window = 5MB (=5242880) (custom)
2023-07-05 13:42:15,559 [Time-limited test] INFO  server.RaftServerConfigKeys (ConfUtils.java:logGet(46)) - raft.server.rpc.request.timeout = 60s (custom)
2023-07-05 13:42:15,559 [Time-limited test] INFO  grpc.GrpcConfigKeys (ConfUtils.java:logGet(46)) - raft.grpc.server.heartbeat.channel = true (default)
2023-07-05 13:42:15,559 [Time-limited test] INFO  grpc.GrpcConfigKeys (ConfUtils.java:logGet(46)) - raft.grpc.server.async.request.thread.pool.cached = true (default)
2023-07-05 13:42:15,559 [Time-limited test] INFO  grpc.GrpcConfigKeys (ConfUtils.java:logGet(46)) - raft.grpc.server.async.request.thread.pool.size = 32 (default)
2023-07-05 13:42:15,563 [Time-limited test] INFO  impl.DataStreamServerImpl (ConfUtils.java:logGet(46)) - raft.datastream.type = NETTY (custom)
2023-07-05 13:42:15,564 [Time-limited test] INFO  server.RaftServerConfigKeys (ConfUtils.java:logGet(46)) - raft.server.data-stream.async.request.thread.pool.cached = false (default)
2023-07-05 13:42:15,565 [Time-limited test] INFO  server.RaftServerConfigKeys (ConfUtils.java:logGet(46)) - raft.server.data-stream.async.request.thread.pool.size = 20 (custom)
2023-07-05 13:42:15,565 [Time-limited test] INFO  server.RaftServerConfigKeys (ConfUtils.java:logGet(46)) - raft.server.data-stream.async.write.thread.pool.size = 16 (default)
2023-07-05 13:42:15,565 [Time-limited test] INFO  server.RaftServerConfigKeys (ConfUtils.java:logGet(46)) - raft.server.data-stream.client.pool.size = 10 (default)
2023-07-05 13:42:15,565 [Time-limited test] INFO  netty.NettyConfigKeys$DataStream (ConfUtils.java:logGet(46)) - raft.netty.dataStream.server.use-epoll = false (default)
2023-07-05 13:42:15,565 [Time-limited test] INFO  netty.NettyConfigKeys$DataStream (ConfUtils.java:logGet(46)) - raft.netty.dataStream.server.boss-group.size = 0 (default)
2023-07-05 13:42:15,566 [Time-limited test] INFO  netty.NettyConfigKeys$DataStream (ConfUtils.java:logGet(46)) - raft.netty.dataStream.server.worker-group.size = 0 (default)
2023-07-05 13:42:15,567 [Time-limited test] INFO  netty.NettyConfigKeys$DataStream (ConfUtils.java:logGet(46)) - raft.netty.dataStream.server.tls.conf = null (default)
2023-07-05 13:42:15,567 [Time-limited test] INFO  netty.NettyConfigKeys$DataStream (ConfUtils.java:logGet(46)) - raft.netty.dataStream.host = null (default)
2023-07-05 13:42:15,567 [Time-limited test] INFO  netty.NettyConfigKeys$DataStream (ConfUtils.java:logGet(46)) - raft.netty.dataStream.port = 15077 (custom)
2023-07-05 13:42:15,567 [Time-limited test] INFO  server.RaftServerConfigKeys (ConfUtils.java:logGet(46)) - raft.server.threadpool.proxy.cached = true (default)
2023-07-05 13:42:15,567 [Time-limited test] INFO  server.RaftServerConfigKeys (ConfUtils.java:logGet(46)) - raft.server.threadpool.proxy.size = 0 (default)
2023-07-05 13:42:15,567 [Time-limited test] INFO  server.RaftServerConfigKeys (ConfUtils.java:logGet(46)) - raft.server.rpc.slowness.timeout = 300s (custom)
2023-07-05 13:42:15,567 [Time-limited test] INFO  server.RaftServerConfigKeys (ConfUtils.java:logGet(46)) - raft.server.leaderelection.leader.step-down.wait-time = 10s (default)
2023-07-05 13:42:15,568 [Time-limited test] INFO  server.RaftServerConfigKeys (ConfUtils.java:logGet(46)) - raft.server.storage.dir = [/home/runner/work/ozone/ozone/hadoop-ozone/integration-test/target/test-dir/MiniOzoneClusterImpl-a91d5bca-d5a1-41cf-9733-6b4d6b49c170/datanode-1/data/ratis] (custom)
2023-07-05 13:42:15,568 [6d685894-e83d-4eff-a4f6-a21b002b35fd-NettyServerStreamRpc-bossGroup--thread1] INFO  logging.LoggingHandler (AbstractInternalLogger.java:log(148)) - [id: 0x49e36881] REGISTERED
2023-07-05 13:42:15,568 [6d685894-e83d-4eff-a4f6-a21b002b35fd-NettyServerStreamRpc-bossGroup--thread1] INFO  logging.LoggingHandler (AbstractInternalLogger.java:log(148)) - [id: 0x49e36881] BIND: 0.0.0.0/0.0.0.0:15077
2023-07-05 13:42:15,569 [6d685894-e83d-4eff-a4f6-a21b002b35fd-NettyServerStreamRpc-bossGroup--thread1] INFO  logging.LoggingHandler (AbstractInternalLogger.java:log(148)) - [id: 0x49e36881, L:/0:0:0:0:0:0:0:0:15077] ACTIVE
2023-07-05 13:42:15,571 [Time-limited test] INFO  server.XceiverServerGrpc (XceiverServerGrpc.java:<init>(132)) - GrpcServer channel type EpollServerSocketChannel
2023-07-05 13:42:15,573 [Time-limited test] INFO  replication.ReplicationSupervisor (ReplicationSupervisor.java:nodeStateUpdated(305)) - Node state updated to IN_SERVICE, scaling executor pool size to 10
2023-07-05 13:42:15,575 [Time-limited test] INFO  http.BaseHttpServer (BaseHttpServer.java:newHttpServer2BuilderForOzone(224)) - Starting Web-server for hddsDatanode at: http://0.0.0.0:15071
2023-07-05 13:42:15,575 [Time-limited test] INFO  http.BaseHttpServer (BaseHttpServer.java:<init>(111)) - Hadoop Security Enabled: false Ozone Security Enabled: false Ozone HTTP Security Enabled: false 
2023-07-05 13:42:15,577 [Time-limited test] WARN  server.AuthenticationFilter (AuthenticationFilter.java:constructSecretProvider(240)) - Unable to initialize FileSignerSecretProvider, falling back to use random secrets. Reason: Could not read signature secret file: /home/runner/hadoop-http-auth-signature-secret
2023-07-05 13:42:15,582 [Time-limited test] INFO  http.HttpRequestLog (HttpRequestLog.java:getRequestLog(86)) - Http request log for http.requests.hddsDatanode is not defined
2023-07-05 13:42:15,583 [Time-limited test] INFO  http.HttpServer2 (HttpServer2.java:addGlobalFilter(1031)) - Added global filter 'safety' (class=org.apache.hadoop.hdds.server.http.HttpServer2$QuotingInputFilter)
2023-07-05 13:42:15,584 [Time-limited test] INFO  http.HttpServer2 (HttpServer2.java:addFilter(1007)) - Added filter static_user_filter (class=org.apache.hadoop.http.lib.StaticUserWebFilter$StaticUserFilter) to context hddsDatanode
2023-07-05 13:42:15,584 [Time-limited test] INFO  http.HttpServer2 (HttpServer2.java:addFilter(1015)) - Added filter static_user_filter (class=org.apache.hadoop.http.lib.StaticUserWebFilter$StaticUserFilter) to context logs
2023-07-05 13:42:15,584 [Time-limited test] INFO  http.HttpServer2 (HttpServer2.java:addFilter(1015)) - Added filter static_user_filter (class=org.apache.hadoop.http.lib.StaticUserWebFilter$StaticUserFilter) to context static
2023-07-05 13:42:15,585 [Time-limited test] INFO  http.BaseHttpServer (BaseHttpServer.java:<init>(190)) - HTTP server of hddsDatanode uses base directory /home/runner/work/ozone/ozone/hadoop-ozone/integration-test/target/test-dir/MiniOzoneClusterImpl-a91d5bca-d5a1-41cf-9733-6b4d6b49c170/datanode-1/meta/webserver
2023-07-05 13:42:15,585 [Time-limited test] INFO  http.HttpServer2 (HttpServer2.java:bindListener(1250)) - Jetty bound to port 15071
2023-07-05 13:42:15,585 [Time-limited test] INFO  server.Server (Server.java:doStart(375)) - jetty-9.4.51.v20230217; built: 2023-02-17T08:19:37.309Z; git: b45c405e4544384de066f814ed42ae3dceacdd49; jvm 1.8.0_372-b07
2023-07-05 13:42:15,591 [Time-limited test] INFO  server.session (DefaultSessionIdManager.java:doStart(334)) - DefaultSessionIdManager workerName=node0
2023-07-05 13:42:15,591 [Time-limited test] INFO  server.session (DefaultSessionIdManager.java:doStart(339)) - No SessionScavenger set, using defaults
2023-07-05 13:42:15,591 [Time-limited test] INFO  server.session (HouseKeeper.java:startScavenging(132)) - node0 Scavenging every 600000ms
2023-07-05 13:42:15,592 [Time-limited test] INFO  handler.ContextHandler (ContextHandler.java:doStart(921)) - Started o.e.j.s.ServletContextHandler@f0c3ed9{logs,/logs,file:///home/runner/work/ozone/ozone/hadoop-ozone/integration-test/target/log,AVAILABLE}
2023-07-05 13:42:15,593 [Time-limited test] INFO  handler.ContextHandler (ContextHandler.java:doStart(921)) - Started o.e.j.s.ServletContextHandler@20c46172{static,/static,jar:file:/home/runner/.m2/repository/org/apache/ozone/hdds-container-service/1.4.0-SNAPSHOT/hdds-container-service-1.4.0-SNAPSHOT.jar!/webapps/static,AVAILABLE}
2023-07-05 13:42:15,829 [Time-limited test] INFO  handler.ContextHandler (ContextHandler.java:doStart(921)) - Started o.e.j.w.WebAppContext@2168393c{hddsDatanode,/,file:///home/runner/work/ozone/ozone/hadoop-ozone/integration-test/target/test-dir/MiniOzoneClusterImpl-a91d5bca-d5a1-41cf-9733-6b4d6b49c170/datanode-1/meta/webserver/jetty-0_0_0_0-15071-hdds-container-service-1_4_0-SNAPSHOT_jar-_-any-5901280246022010465/webapp/,AVAILABLE}{jar:file:/home/runner/.m2/repository/org/apache/ozone/hdds-container-service/1.4.0-SNAPSHOT/hdds-container-service-1.4.0-SNAPSHOT.jar!/webapps/hddsDatanode}
2023-07-05 13:42:15,831 [Time-limited test] INFO  server.AbstractConnector (AbstractConnector.java:doStart(333)) - Started ServerConnector@5636b172{HTTP/1.1, (http/1.1)}{0.0.0.0:15071}
2023-07-05 13:42:15,831 [Time-limited test] INFO  server.Server (Server.java:doStart(415)) - Started @45118ms
2023-07-05 13:42:15,831 [Time-limited test] WARN  impl.MetricsSystemImpl (MetricsSystemImpl.java:register(279)) - Sink prometheus already exists!
2023-07-05 13:42:15,832 [Time-limited test] INFO  http.BaseHttpServer (BaseHttpServer.java:updateConnectorAddress(344)) - HTTP server of hddsDatanode listening at http://0.0.0.0:15071
2023-07-05 13:42:15,832 [Time-limited test] INFO  ipc.CallQueueManager (CallQueueManager.java:<init>(90)) - Using callQueue: class java.util.concurrent.LinkedBlockingQueue, queueCapacity: 100, scheduler: class org.apache.hadoop.ipc.DefaultRpcScheduler, ipcBackoff: false.
2023-07-05 13:42:15,833 [Time-limited test] INFO  ipc.Server (Server.java:<init>(1287)) - Listener at 0.0.0.0:15072
2023-07-05 13:42:15,833 [Socket Reader #1 for port 15072] INFO  ipc.Server (Server.java:run(1323)) - Starting Socket Reader #1 for port 15072
2023-07-05 13:42:15,840 [Time-limited test] INFO  ozone.HddsDatanodeService (HddsDatanodeService.java:start(315)) - Datanode start with admins: [runner]
2023-07-05 13:42:15,840 [Time-limited test] INFO  ozone.HddsDatanodeClientProtocolServer (HddsDatanodeClientProtocolServer.java:start(72)) - RPC server for Client /0.0.0.0:15072
2023-07-05 13:42:15,841 [IPC Server Responder] INFO  ipc.Server (Server.java:run(1562)) - IPC Server Responder: starting
2023-07-05 13:42:15,841 [IPC Server listener on 15072] INFO  ipc.Server (Server.java:run(1402)) - IPC Server listener on 15072: starting
2023-07-05 13:42:15,842 [Time-limited test] WARN  impl.MetricRegistriesImpl (MetricRegistriesImpl.java:addReporterRegistration(111)) - New reporters are added after registries were created. Some metrics will be missing from the reporter. Please add reporter before adding any new registry.
2023-07-05 13:42:15,842 [Time-limited test] WARN  impl.MetricRegistriesImpl (MetricRegistriesImpl.java:addReporterRegistration(111)) - New reporters are added after registries were created. Some metrics will be missing from the reporter. Please add reporter before adding any new registry.
2023-07-05 13:42:15,842 [Time-limited test] INFO  impl.MetricsSystemImpl (MetricsSystemImpl.java:init(158)) - HddsDatanode metrics system started (again)
2023-07-05 13:42:15,847 [Datanode State Machine Daemon Thread] INFO  statemachine.DatanodeStateMachine (DatanodeStateMachine.java:lambda$startDaemon$0(531)) - Ozone container server started.
2023-07-05 13:42:15,857 [Time-limited test] INFO  ozone.HddsDatanodeService (HddsDatanodeService.java:start(237)) - HddsDatanodeService host:fv-az264-29.ca02foy5wcnuvlrvrz2wi3p2og.dx.internal.cloudapp.net ip:10.1.0.13
2023-07-05 13:42:15,866 [Datanode State Machine Task Thread - 0] INFO  datanode.InitDatanodeState (InitDatanodeState.java:persistContainerDatanodeDetails(138)) - DatanodeDetails is persisted to /home/runner/work/ozone/ozone/hadoop-ozone/integration-test/target/test-dir/MiniOzoneClusterImpl-a91d5bca-d5a1-41cf-9733-6b4d6b49c170/datanode-1/meta/datanode.id
2023-07-05 13:42:15,887 [Time-limited test] INFO  upgrade.AbstractLayoutVersionManager (AbstractLayoutVersionManager.java:init(83)) - Initializing Layout version manager with metadata layout = HADOOP_PRC_PORTS_IN_DATANODEDETAILS (version = 7), software layout = HADOOP_PRC_PORTS_IN_DATANODEDETAILS (version = 7)
2023-07-05 13:42:15,888 [Time-limited test] INFO  statemachine.DatanodeStateMachine (DatanodeStateMachine.java:getEndPointTaskThreadPoolSize(279)) - Datanode State Machine Task Thread Pool size 2
2023-07-05 13:42:15,889 [Time-limited test] INFO  volume.HddsVolume (HddsVolume.java:<init>(133)) - Creating HddsVolume: /home/runner/work/ozone/ozone/hadoop-ozone/integration-test/target/test-dir/MiniOzoneClusterImpl-a91d5bca-d5a1-41cf-9733-6b4d6b49c170/datanode-2/data-0/containers/hdds of storage type : DISK capacity : 9223372036854775807
2023-07-05 13:42:15,890 [Time-limited test] INFO  volume.MutableVolumeSet (MutableVolumeSet.java:initializeVolumeSet(175)) - Added Volume : /home/runner/work/ozone/ozone/hadoop-ozone/integration-test/target/test-dir/MiniOzoneClusterImpl-a91d5bca-d5a1-41cf-9733-6b4d6b49c170/datanode-2/data-0/containers/hdds to VolumeSet
2023-07-05 13:42:15,890 [Time-limited test] INFO  volume.ThrottledAsyncChecker (ThrottledAsyncChecker.java:schedule(141)) - Scheduling a check for /home/runner/work/ozone/ozone/hadoop-ozone/integration-test/target/test-dir/MiniOzoneClusterImpl-a91d5bca-d5a1-41cf-9733-6b4d6b49c170/datanode-2/data-0/containers/hdds
2023-07-05 13:42:15,892 [Time-limited test] INFO  volume.StorageVolumeChecker (StorageVolumeChecker.java:checkAllVolumes(202)) - Scheduled health check for volume /home/runner/work/ozone/ozone/hadoop-ozone/integration-test/target/test-dir/MiniOzoneClusterImpl-a91d5bca-d5a1-41cf-9733-6b4d6b49c170/datanode-2/data-0/containers/hdds
2023-07-05 13:42:15,894 [ReplicationMonitor] INFO  replication.ReplicationManager (ReplicationManager.java:processAll(361)) - Replication Manager is not ready to run until 3000ms after safemode exit
2023-07-05 13:42:15,897 [Time-limited test] INFO  volume.MutableVolumeSet (MutableVolumeSet.java:initializeVolumeSet(175)) - Added Volume : /home/runner/work/ozone/ozone/hadoop-ozone/integration-test/target/test-dir/MiniOzoneClusterImpl-a91d5bca-d5a1-41cf-9733-6b4d6b49c170/datanode-2/data/ratis to VolumeSet
2023-07-05 13:42:15,898 [Time-limited test] INFO  volume.ThrottledAsyncChecker (ThrottledAsyncChecker.java:schedule(141)) - Scheduling a check for /home/runner/work/ozone/ozone/hadoop-ozone/integration-test/target/test-dir/MiniOzoneClusterImpl-a91d5bca-d5a1-41cf-9733-6b4d6b49c170/datanode-2/data/ratis
2023-07-05 13:42:15,898 [Time-limited test] INFO  volume.StorageVolumeChecker (StorageVolumeChecker.java:checkAllVolumes(202)) - Scheduled health check for volume /home/runner/work/ozone/ozone/hadoop-ozone/integration-test/target/test-dir/MiniOzoneClusterImpl-a91d5bca-d5a1-41cf-9733-6b4d6b49c170/datanode-2/data/ratis
2023-07-05 13:42:15,902 [Thread-782] INFO  ozoneimpl.ContainerReader (ContainerReader.java:readVolume(175)) - Finish verifying containers on volume /home/runner/work/ozone/ozone/hadoop-ozone/integration-test/target/test-dir/MiniOzoneClusterImpl-a91d5bca-d5a1-41cf-9733-6b4d6b49c170/datanode-2/data-0/containers/hdds
2023-07-05 13:42:15,902 [Time-limited test] INFO  ozoneimpl.OzoneContainer (OzoneContainer.java:buildContainerSet(316)) - Build ContainerSet costs 0s
2023-07-05 13:42:15,904 [Time-limited test] INFO  server.RaftServer (ConfUtils.java:logGet(46)) - raft.rpc.type = GRPC (default)
2023-07-05 13:42:15,904 [Time-limited test] INFO  grpc.GrpcConfigKeys (ConfUtils.java:logFallback(53)) - raft.grpc.admin.host = null (fallback to raft.grpc.server.host)
2023-07-05 13:42:15,905 [Time-limited test] INFO  grpc.GrpcConfigKeys (ConfUtils.java:logGet(46)) - raft.grpc.admin.port = 15084 (custom)
2023-07-05 13:42:15,905 [Time-limited test] INFO  grpc.GrpcConfigKeys (ConfUtils.java:logFallback(53)) - raft.grpc.client.host = null (fallback to raft.grpc.server.host)
2023-07-05 13:42:15,905 [Time-limited test] INFO  grpc.GrpcConfigKeys (ConfUtils.java:logGet(46)) - raft.grpc.client.port = 15083 (custom)
2023-07-05 13:42:15,905 [Time-limited test] INFO  grpc.GrpcConfigKeys (ConfUtils.java:logGet(46)) - raft.grpc.server.host = null (default)
2023-07-05 13:42:15,905 [Time-limited test] INFO  grpc.GrpcConfigKeys (ConfUtils.java:logGet(46)) - raft.grpc.server.port = 15085 (custom)
2023-07-05 13:42:15,905 [Time-limited test] INFO  server.GrpcService (ConfUtils.java:logGet(46)) - raft.grpc.message.size.max = 32MB (=33554432) (custom)
2023-07-05 13:42:15,905 [Time-limited test] INFO  server.RaftServerConfigKeys (ConfUtils.java:logGet(46)) - raft.server.log.appender.buffer.byte-limit = 33554432 (custom)
2023-07-05 13:42:15,905 [Time-limited test] INFO  server.GrpcService (ConfUtils.java:logGet(46)) - raft.grpc.flow.control.window = 5MB (=5242880) (custom)
2023-07-05 13:42:15,905 [Time-limited test] INFO  server.RaftServerConfigKeys (ConfUtils.java:logGet(46)) - raft.server.rpc.request.timeout = 60s (custom)
2023-07-05 13:42:15,905 [Time-limited test] INFO  grpc.GrpcConfigKeys (ConfUtils.java:logGet(46)) - raft.grpc.server.heartbeat.channel = true (default)
2023-07-05 13:42:15,906 [Time-limited test] INFO  grpc.GrpcConfigKeys (ConfUtils.java:logGet(46)) - raft.grpc.server.async.request.thread.pool.cached = true (default)
2023-07-05 13:42:15,906 [Time-limited test] INFO  grpc.GrpcConfigKeys (ConfUtils.java:logGet(46)) - raft.grpc.server.async.request.thread.pool.size = 32 (default)
2023-07-05 13:42:15,909 [Time-limited test] INFO  impl.DataStreamServerImpl (ConfUtils.java:logGet(46)) - raft.datastream.type = NETTY (custom)
2023-07-05 13:42:15,909 [Time-limited test] INFO  server.RaftServerConfigKeys (ConfUtils.java:logGet(46)) - raft.server.data-stream.async.request.thread.pool.cached = false (default)
2023-07-05 13:42:15,910 [Time-limited test] INFO  server.RaftServerConfigKeys (ConfUtils.java:logGet(46)) - raft.server.data-stream.async.request.thread.pool.size = 20 (custom)
2023-07-05 13:42:15,910 [Time-limited test] INFO  server.RaftServerConfigKeys (ConfUtils.java:logGet(46)) - raft.server.data-stream.async.write.thread.pool.size = 16 (default)
2023-07-05 13:42:15,910 [Time-limited test] INFO  server.RaftServerConfigKeys (ConfUtils.java:logGet(46)) - raft.server.data-stream.client.pool.size = 10 (default)
2023-07-05 13:42:15,910 [Time-limited test] INFO  netty.NettyConfigKeys$DataStream (ConfUtils.java:logGet(46)) - raft.netty.dataStream.server.use-epoll = false (default)
2023-07-05 13:42:15,910 [Time-limited test] INFO  netty.NettyConfigKeys$DataStream (ConfUtils.java:logGet(46)) - raft.netty.dataStream.server.boss-group.size = 0 (default)
2023-07-05 13:42:15,911 [Time-limited test] INFO  netty.NettyConfigKeys$DataStream (ConfUtils.java:logGet(46)) - raft.netty.dataStream.server.worker-group.size = 0 (default)
2023-07-05 13:42:15,911 [Time-limited test] INFO  netty.NettyConfigKeys$DataStream (ConfUtils.java:logGet(46)) - raft.netty.dataStream.server.tls.conf = null (default)
2023-07-05 13:42:15,911 [Time-limited test] INFO  netty.NettyConfigKeys$DataStream (ConfUtils.java:logGet(46)) - raft.netty.dataStream.host = null (default)
2023-07-05 13:42:15,911 [Time-limited test] INFO  netty.NettyConfigKeys$DataStream (ConfUtils.java:logGet(46)) - raft.netty.dataStream.port = 15086 (custom)
2023-07-05 13:42:15,911 [Time-limited test] INFO  server.RaftServerConfigKeys (ConfUtils.java:logGet(46)) - raft.server.threadpool.proxy.cached = true (default)
2023-07-05 13:42:15,912 [Time-limited test] INFO  server.RaftServerConfigKeys (ConfUtils.java:logGet(46)) - raft.server.threadpool.proxy.size = 0 (default)
2023-07-05 13:42:15,912 [Time-limited test] INFO  server.RaftServerConfigKeys (ConfUtils.java:logGet(46)) - raft.server.rpc.slowness.timeout = 300s (custom)
2023-07-05 13:42:15,912 [Time-limited test] INFO  server.RaftServerConfigKeys (ConfUtils.java:logGet(46)) - raft.server.leaderelection.leader.step-down.wait-time = 10s (default)
2023-07-05 13:42:15,912 [Time-limited test] INFO  server.RaftServerConfigKeys (ConfUtils.java:logGet(46)) - raft.server.storage.dir = [/home/runner/work/ozone/ozone/hadoop-ozone/integration-test/target/test-dir/MiniOzoneClusterImpl-a91d5bca-d5a1-41cf-9733-6b4d6b49c170/datanode-2/data/ratis] (custom)
2023-07-05 13:42:15,912 [76b6de06-79b2-4410-afad-6ed4eb2113a8-NettyServerStreamRpc-bossGroup--thread1] INFO  logging.LoggingHandler (AbstractInternalLogger.java:log(148)) - [id: 0xf605d968] REGISTERED
2023-07-05 13:42:15,913 [76b6de06-79b2-4410-afad-6ed4eb2113a8-NettyServerStreamRpc-bossGroup--thread1] INFO  logging.LoggingHandler (AbstractInternalLogger.java:log(148)) - [id: 0xf605d968] BIND: 0.0.0.0/0.0.0.0:15086
2023-07-05 13:42:15,913 [76b6de06-79b2-4410-afad-6ed4eb2113a8-NettyServerStreamRpc-bossGroup--thread1] INFO  logging.LoggingHandler (AbstractInternalLogger.java:log(148)) - [id: 0xf605d968, L:/0:0:0:0:0:0:0:0:15086] ACTIVE
2023-07-05 13:42:15,914 [Time-limited test] INFO  server.XceiverServerGrpc (XceiverServerGrpc.java:<init>(132)) - GrpcServer channel type EpollServerSocketChannel
2023-07-05 13:42:15,915 [Time-limited test] INFO  replication.ReplicationSupervisor (ReplicationSupervisor.java:nodeStateUpdated(305)) - Node state updated to IN_SERVICE, scaling executor pool size to 10
2023-07-05 13:42:15,920 [Time-limited test] INFO  http.BaseHttpServer (BaseHttpServer.java:newHttpServer2BuilderForOzone(224)) - Starting Web-server for hddsDatanode at: http://0.0.0.0:15080
2023-07-05 13:42:15,920 [Time-limited test] INFO  http.BaseHttpServer (BaseHttpServer.java:<init>(111)) - Hadoop Security Enabled: false Ozone Security Enabled: false Ozone HTTP Security Enabled: false 
2023-07-05 13:42:15,922 [Time-limited test] WARN  server.AuthenticationFilter (AuthenticationFilter.java:constructSecretProvider(240)) - Unable to initialize FileSignerSecretProvider, falling back to use random secrets. Reason: Could not read signature secret file: /home/runner/hadoop-http-auth-signature-secret
2023-07-05 13:42:15,923 [Time-limited test] INFO  http.HttpRequestLog (HttpRequestLog.java:getRequestLog(86)) - Http request log for http.requests.hddsDatanode is not defined
2023-07-05 13:42:15,925 [Time-limited test] INFO  http.HttpServer2 (HttpServer2.java:addGlobalFilter(1031)) - Added global filter 'safety' (class=org.apache.hadoop.hdds.server.http.HttpServer2$QuotingInputFilter)
2023-07-05 13:42:15,925 [Time-limited test] INFO  http.HttpServer2 (HttpServer2.java:addFilter(1007)) - Added filter static_user_filter (class=org.apache.hadoop.http.lib.StaticUserWebFilter$StaticUserFilter) to context hddsDatanode
2023-07-05 13:42:15,926 [Time-limited test] INFO  http.HttpServer2 (HttpServer2.java:addFilter(1015)) - Added filter static_user_filter (class=org.apache.hadoop.http.lib.StaticUserWebFilter$StaticUserFilter) to context static
2023-07-05 13:42:15,926 [Time-limited test] INFO  http.HttpServer2 (HttpServer2.java:addFilter(1015)) - Added filter static_user_filter (class=org.apache.hadoop.http.lib.StaticUserWebFilter$StaticUserFilter) to context logs
2023-07-05 13:42:15,926 [Time-limited test] INFO  http.BaseHttpServer (BaseHttpServer.java:<init>(190)) - HTTP server of hddsDatanode uses base directory /home/runner/work/ozone/ozone/hadoop-ozone/integration-test/target/test-dir/MiniOzoneClusterImpl-a91d5bca-d5a1-41cf-9733-6b4d6b49c170/datanode-2/meta/webserver
2023-07-05 13:42:15,926 [Time-limited test] INFO  http.HttpServer2 (HttpServer2.java:bindListener(1250)) - Jetty bound to port 15080
2023-07-05 13:42:15,926 [Time-limited test] INFO  server.Server (Server.java:doStart(375)) - jetty-9.4.51.v20230217; built: 2023-02-17T08:19:37.309Z; git: b45c405e4544384de066f814ed42ae3dceacdd49; jvm 1.8.0_372-b07
2023-07-05 13:42:15,930 [Time-limited test] INFO  server.session (DefaultSessionIdManager.java:doStart(334)) - DefaultSessionIdManager workerName=node0
2023-07-05 13:42:15,930 [Time-limited test] INFO  server.session (DefaultSessionIdManager.java:doStart(339)) - No SessionScavenger set, using defaults
2023-07-05 13:42:15,930 [Time-limited test] INFO  server.session (HouseKeeper.java:startScavenging(132)) - node0 Scavenging every 660000ms
2023-07-05 13:42:15,931 [Time-limited test] INFO  handler.ContextHandler (ContextHandler.java:doStart(921)) - Started o.e.j.s.ServletContextHandler@6b55ea2{logs,/logs,file:///home/runner/work/ozone/ozone/hadoop-ozone/integration-test/target/log,AVAILABLE}
2023-07-05 13:42:15,931 [Time-limited test] INFO  handler.ContextHandler (ContextHandler.java:doStart(921)) - Started o.e.j.s.ServletContextHandler@72c8c4ea{static,/static,jar:file:/home/runner/.m2/repository/org/apache/ozone/hdds-container-service/1.4.0-SNAPSHOT/hdds-container-service-1.4.0-SNAPSHOT.jar!/webapps/static,AVAILABLE}
2023-07-05 13:42:16,163 [Time-limited test] INFO  handler.ContextHandler (ContextHandler.java:doStart(921)) - Started o.e.j.w.WebAppContext@9467d83{hddsDatanode,/,file:///home/runner/work/ozone/ozone/hadoop-ozone/integration-test/target/test-dir/MiniOzoneClusterImpl-a91d5bca-d5a1-41cf-9733-6b4d6b49c170/datanode-2/meta/webserver/jetty-0_0_0_0-15080-hdds-container-service-1_4_0-SNAPSHOT_jar-_-any-7759064556413137179/webapp/,AVAILABLE}{jar:file:/home/runner/.m2/repository/org/apache/ozone/hdds-container-service/1.4.0-SNAPSHOT/hdds-container-service-1.4.0-SNAPSHOT.jar!/webapps/hddsDatanode}
2023-07-05 13:42:16,165 [Time-limited test] INFO  server.AbstractConnector (AbstractConnector.java:doStart(333)) - Started ServerConnector@59670b62{HTTP/1.1, (http/1.1)}{0.0.0.0:15080}
2023-07-05 13:42:16,165 [Time-limited test] INFO  server.Server (Server.java:doStart(415)) - Started @45452ms
2023-07-05 13:42:16,165 [Time-limited test] WARN  impl.MetricsSystemImpl (MetricsSystemImpl.java:register(279)) - Sink prometheus already exists!
2023-07-05 13:42:16,166 [Time-limited test] INFO  http.BaseHttpServer (BaseHttpServer.java:updateConnectorAddress(344)) - HTTP server of hddsDatanode listening at http://0.0.0.0:15080
2023-07-05 13:42:16,167 [Time-limited test] INFO  ipc.CallQueueManager (CallQueueManager.java:<init>(90)) - Using callQueue: class java.util.concurrent.LinkedBlockingQueue, queueCapacity: 100, scheduler: class org.apache.hadoop.ipc.DefaultRpcScheduler, ipcBackoff: false.
2023-07-05 13:42:16,167 [Time-limited test] INFO  ipc.Server (Server.java:<init>(1287)) - Listener at 0.0.0.0:15081
2023-07-05 13:42:16,168 [Socket Reader #1 for port 15081] INFO  ipc.Server (Server.java:run(1323)) - Starting Socket Reader #1 for port 15081
2023-07-05 13:42:16,172 [Time-limited test] INFO  ozone.HddsDatanodeService (HddsDatanodeService.java:start(315)) - Datanode start with admins: [runner]
2023-07-05 13:42:16,172 [Time-limited test] INFO  ozone.HddsDatanodeClientProtocolServer (HddsDatanodeClientProtocolServer.java:start(72)) - RPC server for Client /0.0.0.0:15081
2023-07-05 13:42:16,173 [IPC Server Responder] INFO  ipc.Server (Server.java:run(1562)) - IPC Server Responder: starting
2023-07-05 13:42:16,173 [IPC Server listener on 15081] INFO  ipc.Server (Server.java:run(1402)) - IPC Server listener on 15081: starting
2023-07-05 13:42:16,173 [Time-limited test] WARN  impl.MetricRegistriesImpl (MetricRegistriesImpl.java:addReporterRegistration(111)) - New reporters are added after registries were created. Some metrics will be missing from the reporter. Please add reporter before adding any new registry.
2023-07-05 13:42:16,174 [Time-limited test] WARN  impl.MetricRegistriesImpl (MetricRegistriesImpl.java:addReporterRegistration(111)) - New reporters are added after registries were created. Some metrics will be missing from the reporter. Please add reporter before adding any new registry.
2023-07-05 13:42:16,173 [Datanode State Machine Daemon Thread] INFO  statemachine.DatanodeStateMachine (DatanodeStateMachine.java:lambda$startDaemon$0(531)) - Ozone container server started.
2023-07-05 13:42:16,174 [Time-limited test] INFO  impl.MetricsSystemImpl (MetricsSystemImpl.java:init(158)) - HddsDatanode metrics system started (again)
2023-07-05 13:42:16,192 [Time-limited test] INFO  ozone.HddsDatanodeService (HddsDatanodeService.java:start(237)) - HddsDatanodeService host:fv-az264-29.ca02foy5wcnuvlrvrz2wi3p2og.dx.internal.cloudapp.net ip:10.1.0.13
2023-07-05 13:42:16,211 [Datanode State Machine Task Thread - 0] INFO  datanode.InitDatanodeState (InitDatanodeState.java:persistContainerDatanodeDetails(138)) - DatanodeDetails is persisted to /home/runner/work/ozone/ozone/hadoop-ozone/integration-test/target/test-dir/MiniOzoneClusterImpl-a91d5bca-d5a1-41cf-9733-6b4d6b49c170/datanode-2/meta/datanode.id
2023-07-05 13:42:16,227 [Time-limited test] INFO  upgrade.AbstractLayoutVersionManager (AbstractLayoutVersionManager.java:init(83)) - Initializing Layout version manager with metadata layout = HADOOP_PRC_PORTS_IN_DATANODEDETAILS (version = 7), software layout = HADOOP_PRC_PORTS_IN_DATANODEDETAILS (version = 7)
2023-07-05 13:42:16,228 [Time-limited test] INFO  statemachine.DatanodeStateMachine (DatanodeStateMachine.java:getEndPointTaskThreadPoolSize(279)) - Datanode State Machine Task Thread Pool size 2
2023-07-05 13:42:16,237 [Time-limited test] INFO  volume.HddsVolume (HddsVolume.java:<init>(133)) - Creating HddsVolume: /home/runner/work/ozone/ozone/hadoop-ozone/integration-test/target/test-dir/MiniOzoneClusterImpl-a91d5bca-d5a1-41cf-9733-6b4d6b49c170/datanode-3/data-0/containers/hdds of storage type : DISK capacity : 9223372036854775807
2023-07-05 13:42:16,237 [Time-limited test] INFO  volume.MutableVolumeSet (MutableVolumeSet.java:initializeVolumeSet(175)) - Added Volume : /home/runner/work/ozone/ozone/hadoop-ozone/integration-test/target/test-dir/MiniOzoneClusterImpl-a91d5bca-d5a1-41cf-9733-6b4d6b49c170/datanode-3/data-0/containers/hdds to VolumeSet
2023-07-05 13:42:16,237 [Time-limited test] INFO  volume.ThrottledAsyncChecker (ThrottledAsyncChecker.java:schedule(141)) - Scheduling a check for /home/runner/work/ozone/ozone/hadoop-ozone/integration-test/target/test-dir/MiniOzoneClusterImpl-a91d5bca-d5a1-41cf-9733-6b4d6b49c170/datanode-3/data-0/containers/hdds
2023-07-05 13:42:16,238 [Time-limited test] INFO  volume.StorageVolumeChecker (StorageVolumeChecker.java:checkAllVolumes(202)) - Scheduled health check for volume /home/runner/work/ozone/ozone/hadoop-ozone/integration-test/target/test-dir/MiniOzoneClusterImpl-a91d5bca-d5a1-41cf-9733-6b4d6b49c170/datanode-3/data-0/containers/hdds
2023-07-05 13:42:16,239 [om1@group-C5BA1605619E-FollowerState] INFO  impl.FollowerState (FollowerState.java:run(143)) - om1@group-C5BA1605619E-FollowerState: change to CANDIDATE, lastRpcElapsedTime:1172227969ns, electionTimeout:1171ms
2023-07-05 13:42:16,240 [om1@group-C5BA1605619E-FollowerState] INFO  impl.RoleInfo (RoleInfo.java:shutdownFollowerState(110)) - om1: shutdown om1@group-C5BA1605619E-FollowerState
2023-07-05 13:42:16,240 [om1@group-C5BA1605619E-FollowerState] INFO  server.RaftServer$Division (RaftServerImpl.java:setRole(329)) - om1@group-C5BA1605619E: changes role from  FOLLOWER to CANDIDATE at term 0 for changeToCandidate
2023-07-05 13:42:16,241 [om1@group-C5BA1605619E-FollowerState] INFO  server.RaftServerConfigKeys (ConfUtils.java:logGet(46)) - raft.server.leaderelection.pre-vote = true (default)
2023-07-05 13:42:16,241 [om1@group-C5BA1605619E-FollowerState] INFO  impl.RoleInfo (RoleInfo.java:updateAndGet(139)) - om1: start om1@group-C5BA1605619E-LeaderElection12
2023-07-05 13:42:16,241 [Time-limited test] INFO  volume.MutableVolumeSet (MutableVolumeSet.java:initializeVolumeSet(175)) - Added Volume : /home/runner/work/ozone/ozone/hadoop-ozone/integration-test/target/test-dir/MiniOzoneClusterImpl-a91d5bca-d5a1-41cf-9733-6b4d6b49c170/datanode-3/data/ratis to VolumeSet
2023-07-05 13:42:16,241 [Time-limited test] INFO  volume.ThrottledAsyncChecker (ThrottledAsyncChecker.java:schedule(141)) - Scheduling a check for /home/runner/work/ozone/ozone/hadoop-ozone/integration-test/target/test-dir/MiniOzoneClusterImpl-a91d5bca-d5a1-41cf-9733-6b4d6b49c170/datanode-3/data/ratis
2023-07-05 13:42:16,248 [Time-limited test] INFO  volume.StorageVolumeChecker (StorageVolumeChecker.java:checkAllVolumes(202)) - Scheduled health check for volume /home/runner/work/ozone/ozone/hadoop-ozone/integration-test/target/test-dir/MiniOzoneClusterImpl-a91d5bca-d5a1-41cf-9733-6b4d6b49c170/datanode-3/data/ratis
2023-07-05 13:42:16,249 [om1@group-C5BA1605619E-LeaderElection12] INFO  impl.LeaderElection (LeaderElection.java:askForVotes(321)) - om1@group-C5BA1605619E-LeaderElection12 PRE_VOTE round 0: submit vote requests at term 0 for -1: peers:[om1|rpc:localhost:15060|priority:0|startupRole:FOLLOWER]|listeners:[], old=null
2023-07-05 13:42:16,249 [Thread-800] INFO  ozoneimpl.ContainerReader (ContainerReader.java:readVolume(175)) - Finish verifying containers on volume /home/runner/work/ozone/ozone/hadoop-ozone/integration-test/target/test-dir/MiniOzoneClusterImpl-a91d5bca-d5a1-41cf-9733-6b4d6b49c170/datanode-3/data-0/containers/hdds
2023-07-05 13:42:16,249 [om1@group-C5BA1605619E-LeaderElection12] INFO  impl.LeaderElection (LeaderElection.java:askForVotes(323)) - om1@group-C5BA1605619E-LeaderElection12 PRE_VOTE round 0: result PASSED (term=0)
2023-07-05 13:42:16,249 [Time-limited test] INFO  ozoneimpl.OzoneContainer (OzoneContainer.java:buildContainerSet(316)) - Build ContainerSet costs 0s
2023-07-05 13:42:16,252 [Time-limited test] INFO  server.RaftServer (ConfUtils.java:logGet(46)) - raft.rpc.type = GRPC (default)
2023-07-05 13:42:16,252 [Time-limited test] INFO  grpc.GrpcConfigKeys (ConfUtils.java:logFallback(53)) - raft.grpc.admin.host = null (fallback to raft.grpc.server.host)
2023-07-05 13:42:16,252 [Time-limited test] INFO  grpc.GrpcConfigKeys (ConfUtils.java:logGet(46)) - raft.grpc.admin.port = 15093 (custom)
2023-07-05 13:42:16,252 [Time-limited test] INFO  grpc.GrpcConfigKeys (ConfUtils.java:logFallback(53)) - raft.grpc.client.host = null (fallback to raft.grpc.server.host)
2023-07-05 13:42:16,252 [Time-limited test] INFO  grpc.GrpcConfigKeys (ConfUtils.java:logGet(46)) - raft.grpc.client.port = 15092 (custom)
2023-07-05 13:42:16,252 [Time-limited test] INFO  grpc.GrpcConfigKeys (ConfUtils.java:logGet(46)) - raft.grpc.server.host = null (default)
2023-07-05 13:42:16,252 [Time-limited test] INFO  grpc.GrpcConfigKeys (ConfUtils.java:logGet(46)) - raft.grpc.server.port = 15094 (custom)
2023-07-05 13:42:16,253 [Time-limited test] INFO  server.GrpcService (ConfUtils.java:logGet(46)) - raft.grpc.message.size.max = 32MB (=33554432) (custom)
2023-07-05 13:42:16,253 [Time-limited test] INFO  server.RaftServerConfigKeys (ConfUtils.java:logGet(46)) - raft.server.log.appender.buffer.byte-limit = 33554432 (custom)
2023-07-05 13:42:16,253 [Time-limited test] INFO  server.GrpcService (ConfUtils.java:logGet(46)) - raft.grpc.flow.control.window = 5MB (=5242880) (custom)
2023-07-05 13:42:16,253 [Time-limited test] INFO  server.RaftServerConfigKeys (ConfUtils.java:logGet(46)) - raft.server.rpc.request.timeout = 60s (custom)
2023-07-05 13:42:16,253 [Time-limited test] INFO  grpc.GrpcConfigKeys (ConfUtils.java:logGet(46)) - raft.grpc.server.heartbeat.channel = true (default)
2023-07-05 13:42:16,253 [Time-limited test] INFO  grpc.GrpcConfigKeys (ConfUtils.java:logGet(46)) - raft.grpc.server.async.request.thread.pool.cached = true (default)
2023-07-05 13:42:16,253 [Time-limited test] INFO  grpc.GrpcConfigKeys (ConfUtils.java:logGet(46)) - raft.grpc.server.async.request.thread.pool.size = 32 (default)
2023-07-05 13:42:16,256 [om1@group-C5BA1605619E-LeaderElection12] INFO  impl.LeaderElection (LeaderElection.java:askForVotes(321)) - om1@group-C5BA1605619E-LeaderElection12 ELECTION round 0: submit vote requests at term 1 for -1: peers:[om1|rpc:localhost:15060|priority:0|startupRole:FOLLOWER]|listeners:[], old=null
2023-07-05 13:42:16,256 [om1@group-C5BA1605619E-LeaderElection12] INFO  impl.LeaderElection (LeaderElection.java:askForVotes(323)) - om1@group-C5BA1605619E-LeaderElection12 ELECTION round 0: result PASSED (term=1)
2023-07-05 13:42:16,256 [om1@group-C5BA1605619E-LeaderElection12] INFO  impl.RoleInfo (RoleInfo.java:shutdownLeaderElection(130)) - om1: shutdown om1@group-C5BA1605619E-LeaderElection12
2023-07-05 13:42:16,256 [om1@group-C5BA1605619E-LeaderElection12] INFO  server.RaftServer$Division (RaftServerImpl.java:setRole(329)) - om1@group-C5BA1605619E: changes role from CANDIDATE to LEADER at term 1 for changeToLeader
2023-07-05 13:42:16,256 [om1@group-C5BA1605619E-LeaderElection12] INFO  server.RaftServer$Division (ServerState.java:setLeader(317)) - om1@group-C5BA1605619E: change Leader from null to om1 at term 1 for becomeLeader, leader elected after 1832ms
2023-07-05 13:42:16,256 [om1@group-C5BA1605619E-LeaderElection12] INFO  server.RaftServerConfigKeys (ConfUtils.java:logGet(46)) - raft.server.staging.catchup.gap = 1000 (default)
2023-07-05 13:42:16,257 [om1@group-C5BA1605619E-LeaderElection12] INFO  server.RaftServerConfigKeys (ConfUtils.java:logGet(46)) - raft.server.write.element-limit = 4096 (default)
2023-07-05 13:42:16,257 [om1@group-C5BA1605619E-LeaderElection12] INFO  server.RaftServerConfigKeys (ConfUtils.java:logGet(46)) - raft.server.write.byte-limit = 64MB (=67108864) (default)
2023-07-05 13:42:16,257 [om1@group-C5BA1605619E-LeaderElection12] INFO  server.RaftServerConfigKeys (ConfUtils.java:logGet(46)) - raft.server.watch.timeout = 10s (default)
2023-07-05 13:42:16,257 [om1@group-C5BA1605619E-LeaderElection12] INFO  server.RaftServerConfigKeys (ConfUtils.java:logGet(46)) - raft.server.watch.timeout.denomination = 1s (default)
2023-07-05 13:42:16,257 [om1@group-C5BA1605619E-LeaderElection12] INFO  server.RaftServerConfigKeys (ConfUtils.java:logGet(46)) - raft.server.watch.element-limit = 65536 (default)
2023-07-05 13:42:16,257 [om1@group-C5BA1605619E-LeaderElection12] INFO  server.RaftServerConfigKeys (ConfUtils.java:logGet(46)) - raft.server.write.element-limit = 4096 (default)
2023-07-05 13:42:16,257 [om1@group-C5BA1605619E-LeaderElection12] INFO  server.RaftServerConfigKeys (ConfUtils.java:logGet(46)) - raft.server.write.follower.gap.ratio.max = -1.0 (default)
2023-07-05 13:42:16,257 [om1@group-C5BA1605619E-LeaderElection12] INFO  impl.RoleInfo (RoleInfo.java:updateAndGet(139)) - om1: start om1@group-C5BA1605619E-LeaderStateImpl
2023-07-05 13:42:16,257 [om1@group-C5BA1605619E-LeaderElection12] INFO  segmented.SegmentedRaftLogWorker (SegmentedRaftLogWorker.java:startLogSegment(447)) - om1@group-C5BA1605619E-SegmentedRaftLogWorker: Starting segment from index:0
2023-07-05 13:42:16,260 [Time-limited test] INFO  impl.DataStreamServerImpl (ConfUtils.java:logGet(46)) - raft.datastream.type = NETTY (custom)
2023-07-05 13:42:16,261 [Time-limited test] INFO  server.RaftServerConfigKeys (ConfUtils.java:logGet(46)) - raft.server.data-stream.async.request.thread.pool.cached = false (default)
2023-07-05 13:42:16,261 [Time-limited test] INFO  server.RaftServerConfigKeys (ConfUtils.java:logGet(46)) - raft.server.data-stream.async.request.thread.pool.size = 20 (custom)
2023-07-05 13:42:16,261 [Time-limited test] INFO  server.RaftServerConfigKeys (ConfUtils.java:logGet(46)) - raft.server.data-stream.async.write.thread.pool.size = 16 (default)
2023-07-05 13:42:16,261 [Time-limited test] INFO  server.RaftServerConfigKeys (ConfUtils.java:logGet(46)) - raft.server.data-stream.client.pool.size = 10 (default)
2023-07-05 13:42:16,261 [Time-limited test] INFO  netty.NettyConfigKeys$DataStream (ConfUtils.java:logGet(46)) - raft.netty.dataStream.server.use-epoll = false (default)
2023-07-05 13:42:16,261 [Time-limited test] INFO  netty.NettyConfigKeys$DataStream (ConfUtils.java:logGet(46)) - raft.netty.dataStream.server.boss-group.size = 0 (default)
2023-07-05 13:42:16,262 [Time-limited test] INFO  netty.NettyConfigKeys$DataStream (ConfUtils.java:logGet(46)) - raft.netty.dataStream.server.worker-group.size = 0 (default)
2023-07-05 13:42:16,263 [Time-limited test] INFO  netty.NettyConfigKeys$DataStream (ConfUtils.java:logGet(46)) - raft.netty.dataStream.server.tls.conf = null (default)
2023-07-05 13:42:16,263 [Time-limited test] INFO  netty.NettyConfigKeys$DataStream (ConfUtils.java:logGet(46)) - raft.netty.dataStream.host = null (default)
2023-07-05 13:42:16,263 [Time-limited test] INFO  netty.NettyConfigKeys$DataStream (ConfUtils.java:logGet(46)) - raft.netty.dataStream.port = 15095 (custom)
2023-07-05 13:42:16,263 [Time-limited test] INFO  server.RaftServerConfigKeys (ConfUtils.java:logGet(46)) - raft.server.threadpool.proxy.cached = true (default)
2023-07-05 13:42:16,263 [Time-limited test] INFO  server.RaftServerConfigKeys (ConfUtils.java:logGet(46)) - raft.server.threadpool.proxy.size = 0 (default)
2023-07-05 13:42:16,264 [Time-limited test] INFO  server.RaftServerConfigKeys (ConfUtils.java:logGet(46)) - raft.server.rpc.slowness.timeout = 300s (custom)
2023-07-05 13:42:16,264 [Time-limited test] INFO  server.RaftServerConfigKeys (ConfUtils.java:logGet(46)) - raft.server.leaderelection.leader.step-down.wait-time = 10s (default)
2023-07-05 13:42:16,264 [Time-limited test] INFO  server.RaftServerConfigKeys (ConfUtils.java:logGet(46)) - raft.server.storage.dir = [/home/runner/work/ozone/ozone/hadoop-ozone/integration-test/target/test-dir/MiniOzoneClusterImpl-a91d5bca-d5a1-41cf-9733-6b4d6b49c170/datanode-3/data/ratis] (custom)
2023-07-05 13:42:16,265 [aa000335-494a-4091-9473-11fe5522d401-NettyServerStreamRpc-bossGroup--thread1] INFO  logging.LoggingHandler (AbstractInternalLogger.java:log(148)) - [id: 0x191c8306] REGISTERED
2023-07-05 13:42:16,265 [aa000335-494a-4091-9473-11fe5522d401-NettyServerStreamRpc-bossGroup--thread1] INFO  logging.LoggingHandler (AbstractInternalLogger.java:log(148)) - [id: 0x191c8306] BIND: 0.0.0.0/0.0.0.0:15095
2023-07-05 13:42:16,265 [aa000335-494a-4091-9473-11fe5522d401-NettyServerStreamRpc-bossGroup--thread1] INFO  logging.LoggingHandler (AbstractInternalLogger.java:log(148)) - [id: 0x191c8306, L:/0:0:0:0:0:0:0:0:15095] ACTIVE
2023-07-05 13:42:16,267 [Time-limited test] INFO  server.XceiverServerGrpc (XceiverServerGrpc.java:<init>(132)) - GrpcServer channel type EpollServerSocketChannel
2023-07-05 13:42:16,271 [Time-limited test] INFO  replication.ReplicationSupervisor (ReplicationSupervisor.java:nodeStateUpdated(305)) - Node state updated to IN_SERVICE, scaling executor pool size to 10
2023-07-05 13:42:16,276 [om1@group-C5BA1605619E-LeaderElection12] INFO  server.RaftServer$Division (ServerState.java:setRaftConf(434)) - om1@group-C5BA1605619E: set configuration 0: peers:[om1|rpc:localhost:15060|admin:|client:|dataStream:|priority:0|startupRole:FOLLOWER]|listeners:[], old=null
2023-07-05 13:42:16,276 [Time-limited test] INFO  http.BaseHttpServer (BaseHttpServer.java:newHttpServer2BuilderForOzone(224)) - Starting Web-server for hddsDatanode at: http://0.0.0.0:15089
2023-07-05 13:42:16,276 [Time-limited test] INFO  http.BaseHttpServer (BaseHttpServer.java:<init>(111)) - Hadoop Security Enabled: false Ozone Security Enabled: false Ozone HTTP Security Enabled: false 
2023-07-05 13:42:16,277 [Time-limited test] WARN  server.AuthenticationFilter (AuthenticationFilter.java:constructSecretProvider(240)) - Unable to initialize FileSignerSecretProvider, falling back to use random secrets. Reason: Could not read signature secret file: /home/runner/hadoop-http-auth-signature-secret
2023-07-05 13:42:16,279 [Time-limited test] INFO  http.HttpRequestLog (HttpRequestLog.java:getRequestLog(86)) - Http request log for http.requests.hddsDatanode is not defined
2023-07-05 13:42:16,280 [Time-limited test] INFO  http.HttpServer2 (HttpServer2.java:addGlobalFilter(1031)) - Added global filter 'safety' (class=org.apache.hadoop.hdds.server.http.HttpServer2$QuotingInputFilter)
2023-07-05 13:42:16,281 [om1@group-C5BA1605619E-SegmentedRaftLogWorker] INFO  segmented.SegmentedRaftLogWorker (SegmentedRaftLogWorker.java:execute(651)) - om1@group-C5BA1605619E-SegmentedRaftLogWorker: created new log segment /home/runner/work/ozone/ozone/hadoop-ozone/integration-test/target/test-dir/MiniOzoneClusterImpl-a91d5bca-d5a1-41cf-9733-6b4d6b49c170/ozone-meta/ratis/bf265839-605b-3f16-9796-c5ba1605619e/current/log_inprogress_0
2023-07-05 13:42:16,281 [Time-limited test] INFO  http.HttpServer2 (HttpServer2.java:addFilter(1007)) - Added filter static_user_filter (class=org.apache.hadoop.http.lib.StaticUserWebFilter$StaticUserFilter) to context hddsDatanode
2023-07-05 13:42:16,282 [Time-limited test] INFO  http.HttpServer2 (HttpServer2.java:addFilter(1015)) - Added filter static_user_filter (class=org.apache.hadoop.http.lib.StaticUserWebFilter$StaticUserFilter) to context static
2023-07-05 13:42:16,282 [Time-limited test] INFO  http.HttpServer2 (HttpServer2.java:addFilter(1015)) - Added filter static_user_filter (class=org.apache.hadoop.http.lib.StaticUserWebFilter$StaticUserFilter) to context logs
2023-07-05 13:42:16,283 [Time-limited test] INFO  http.BaseHttpServer (BaseHttpServer.java:<init>(190)) - HTTP server of hddsDatanode uses base directory /home/runner/work/ozone/ozone/hadoop-ozone/integration-test/target/test-dir/MiniOzoneClusterImpl-a91d5bca-d5a1-41cf-9733-6b4d6b49c170/datanode-3/meta/webserver
2023-07-05 13:42:16,283 [Time-limited test] INFO  http.HttpServer2 (HttpServer2.java:bindListener(1250)) - Jetty bound to port 15089
2023-07-05 13:42:16,283 [Time-limited test] INFO  server.Server (Server.java:doStart(375)) - jetty-9.4.51.v20230217; built: 2023-02-17T08:19:37.309Z; git: b45c405e4544384de066f814ed42ae3dceacdd49; jvm 1.8.0_372-b07
2023-07-05 13:42:16,284 [om1@group-C5BA1605619E-StateMachineUpdater] INFO  ratis.OzoneManagerStateMachine (OzoneManagerStateMachine.java:notifyConfigurationChanged(201)) - Received Configuration change notification from Ratis. New Peer list:
[id: "om1"
address: "localhost:15060"
startupRole: FOLLOWER
]
2023-07-05 13:42:16,289 [Time-limited test] INFO  server.session (DefaultSessionIdManager.java:doStart(334)) - DefaultSessionIdManager workerName=node0
2023-07-05 13:42:16,289 [Time-limited test] INFO  server.session (DefaultSessionIdManager.java:doStart(339)) - No SessionScavenger set, using defaults
2023-07-05 13:42:16,289 [Time-limited test] INFO  server.session (HouseKeeper.java:startScavenging(132)) - node0 Scavenging every 600000ms
2023-07-05 13:42:16,290 [Time-limited test] INFO  handler.ContextHandler (ContextHandler.java:doStart(921)) - Started o.e.j.s.ServletContextHandler@6f920fcb{logs,/logs,file:///home/runner/work/ozone/ozone/hadoop-ozone/integration-test/target/log,AVAILABLE}
2023-07-05 13:42:16,291 [Time-limited test] INFO  handler.ContextHandler (ContextHandler.java:doStart(921)) - Started o.e.j.s.ServletContextHandler@7377bc30{static,/static,jar:file:/home/runner/.m2/repository/org/apache/ozone/hdds-container-service/1.4.0-SNAPSHOT/hdds-container-service-1.4.0-SNAPSHOT.jar!/webapps/static,AVAILABLE}
2023-07-05 13:42:16,518 [Time-limited test] INFO  handler.ContextHandler (ContextHandler.java:doStart(921)) - Started o.e.j.w.WebAppContext@71892e73{hddsDatanode,/,file:///home/runner/work/ozone/ozone/hadoop-ozone/integration-test/target/test-dir/MiniOzoneClusterImpl-a91d5bca-d5a1-41cf-9733-6b4d6b49c170/datanode-3/meta/webserver/jetty-0_0_0_0-15089-hdds-container-service-1_4_0-SNAPSHOT_jar-_-any-7701280499804443300/webapp/,AVAILABLE}{jar:file:/home/runner/.m2/repository/org/apache/ozone/hdds-container-service/1.4.0-SNAPSHOT/hdds-container-service-1.4.0-SNAPSHOT.jar!/webapps/hddsDatanode}
2023-07-05 13:42:16,520 [Time-limited test] INFO  server.AbstractConnector (AbstractConnector.java:doStart(333)) - Started ServerConnector@56dfa217{HTTP/1.1, (http/1.1)}{0.0.0.0:15089}
2023-07-05 13:42:16,520 [Time-limited test] INFO  server.Server (Server.java:doStart(415)) - Started @45807ms
2023-07-05 13:42:16,521 [Time-limited test] WARN  impl.MetricsSystemImpl (MetricsSystemImpl.java:register(279)) - Sink prometheus already exists!
2023-07-05 13:42:16,521 [Time-limited test] INFO  http.BaseHttpServer (BaseHttpServer.java:updateConnectorAddress(344)) - HTTP server of hddsDatanode listening at http://0.0.0.0:15089
2023-07-05 13:42:16,522 [Time-limited test] INFO  ipc.CallQueueManager (CallQueueManager.java:<init>(90)) - Using callQueue: class java.util.concurrent.LinkedBlockingQueue, queueCapacity: 100, scheduler: class org.apache.hadoop.ipc.DefaultRpcScheduler, ipcBackoff: false.
2023-07-05 13:42:16,522 [Time-limited test] INFO  ipc.Server (Server.java:<init>(1287)) - Listener at 0.0.0.0:15090
2023-07-05 13:42:16,522 [Socket Reader #1 for port 15090] INFO  ipc.Server (Server.java:run(1323)) - Starting Socket Reader #1 for port 15090
2023-07-05 13:42:16,528 [Time-limited test] INFO  ozone.HddsDatanodeService (HddsDatanodeService.java:start(315)) - Datanode start with admins: [runner]
2023-07-05 13:42:16,528 [Time-limited test] INFO  ozone.HddsDatanodeClientProtocolServer (HddsDatanodeClientProtocolServer.java:start(72)) - RPC server for Client /0.0.0.0:15090
2023-07-05 13:42:16,528 [IPC Server Responder] INFO  ipc.Server (Server.java:run(1562)) - IPC Server Responder: starting
2023-07-05 13:42:16,528 [IPC Server listener on 15090] INFO  ipc.Server (Server.java:run(1402)) - IPC Server listener on 15090: starting
2023-07-05 13:42:16,529 [Time-limited test] WARN  impl.MetricRegistriesImpl (MetricRegistriesImpl.java:addReporterRegistration(111)) - New reporters are added after registries were created. Some metrics will be missing from the reporter. Please add reporter before adding any new registry.
2023-07-05 13:42:16,529 [Time-limited test] WARN  impl.MetricRegistriesImpl (MetricRegistriesImpl.java:addReporterRegistration(111)) - New reporters are added after registries were created. Some metrics will be missing from the reporter. Please add reporter before adding any new registry.
2023-07-05 13:42:16,529 [Time-limited test] INFO  impl.MetricsSystemImpl (MetricsSystemImpl.java:init(158)) - HddsDatanode metrics system started (again)
2023-07-05 13:42:16,534 [Datanode State Machine Daemon Thread] INFO  statemachine.DatanodeStateMachine (DatanodeStateMachine.java:lambda$startDaemon$0(531)) - Ozone container server started.
2023-07-05 13:42:16,544 [Time-limited test] INFO  ozone.HddsDatanodeService (HddsDatanodeService.java:start(237)) - HddsDatanodeService host:fv-az264-29.ca02foy5wcnuvlrvrz2wi3p2og.dx.internal.cloudapp.net ip:10.1.0.13
2023-07-05 13:42:16,546 [Datanode State Machine Task Thread - 0] INFO  datanode.InitDatanodeState (InitDatanodeState.java:persistContainerDatanodeDetails(138)) - DatanodeDetails is persisted to /home/runner/work/ozone/ozone/hadoop-ozone/integration-test/target/test-dir/MiniOzoneClusterImpl-a91d5bca-d5a1-41cf-9733-6b4d6b49c170/datanode-3/meta/datanode.id
2023-07-05 13:42:16,569 [Time-limited test] INFO  upgrade.AbstractLayoutVersionManager (AbstractLayoutVersionManager.java:init(83)) - Initializing Layout version manager with metadata layout = HADOOP_PRC_PORTS_IN_DATANODEDETAILS (version = 7), software layout = HADOOP_PRC_PORTS_IN_DATANODEDETAILS (version = 7)
2023-07-05 13:42:16,570 [Time-limited test] INFO  statemachine.DatanodeStateMachine (DatanodeStateMachine.java:getEndPointTaskThreadPoolSize(279)) - Datanode State Machine Task Thread Pool size 2
2023-07-05 13:42:16,572 [Time-limited test] INFO  volume.HddsVolume (HddsVolume.java:<init>(133)) - Creating HddsVolume: /home/runner/work/ozone/ozone/hadoop-ozone/integration-test/target/test-dir/MiniOzoneClusterImpl-a91d5bca-d5a1-41cf-9733-6b4d6b49c170/datanode-4/data-0/containers/hdds of storage type : DISK capacity : 9223372036854775807
2023-07-05 13:42:16,572 [Time-limited test] INFO  volume.MutableVolumeSet (MutableVolumeSet.java:initializeVolumeSet(175)) - Added Volume : /home/runner/work/ozone/ozone/hadoop-ozone/integration-test/target/test-dir/MiniOzoneClusterImpl-a91d5bca-d5a1-41cf-9733-6b4d6b49c170/datanode-4/data-0/containers/hdds to VolumeSet
2023-07-05 13:42:16,572 [Time-limited test] INFO  volume.ThrottledAsyncChecker (ThrottledAsyncChecker.java:schedule(141)) - Scheduling a check for /home/runner/work/ozone/ozone/hadoop-ozone/integration-test/target/test-dir/MiniOzoneClusterImpl-a91d5bca-d5a1-41cf-9733-6b4d6b49c170/datanode-4/data-0/containers/hdds
2023-07-05 13:42:16,574 [Time-limited test] INFO  volume.StorageVolumeChecker (StorageVolumeChecker.java:checkAllVolumes(202)) - Scheduled health check for volume /home/runner/work/ozone/ozone/hadoop-ozone/integration-test/target/test-dir/MiniOzoneClusterImpl-a91d5bca-d5a1-41cf-9733-6b4d6b49c170/datanode-4/data-0/containers/hdds
2023-07-05 13:42:16,579 [Time-limited test] INFO  volume.MutableVolumeSet (MutableVolumeSet.java:initializeVolumeSet(175)) - Added Volume : /home/runner/work/ozone/ozone/hadoop-ozone/integration-test/target/test-dir/MiniOzoneClusterImpl-a91d5bca-d5a1-41cf-9733-6b4d6b49c170/datanode-4/data/ratis to VolumeSet
2023-07-05 13:42:16,579 [Time-limited test] INFO  volume.ThrottledAsyncChecker (ThrottledAsyncChecker.java:schedule(141)) - Scheduling a check for /home/runner/work/ozone/ozone/hadoop-ozone/integration-test/target/test-dir/MiniOzoneClusterImpl-a91d5bca-d5a1-41cf-9733-6b4d6b49c170/datanode-4/data/ratis
2023-07-05 13:42:16,579 [Time-limited test] INFO  volume.StorageVolumeChecker (StorageVolumeChecker.java:checkAllVolumes(202)) - Scheduled health check for volume /home/runner/work/ozone/ozone/hadoop-ozone/integration-test/target/test-dir/MiniOzoneClusterImpl-a91d5bca-d5a1-41cf-9733-6b4d6b49c170/datanode-4/data/ratis
2023-07-05 13:42:16,584 [Thread-818] INFO  ozoneimpl.ContainerReader (ContainerReader.java:readVolume(175)) - Finish verifying containers on volume /home/runner/work/ozone/ozone/hadoop-ozone/integration-test/target/test-dir/MiniOzoneClusterImpl-a91d5bca-d5a1-41cf-9733-6b4d6b49c170/datanode-4/data-0/containers/hdds
2023-07-05 13:42:16,585 [Time-limited test] INFO  ozoneimpl.OzoneContainer (OzoneContainer.java:buildContainerSet(316)) - Build ContainerSet costs 0s
2023-07-05 13:42:16,587 [Time-limited test] INFO  server.RaftServer (ConfUtils.java:logGet(46)) - raft.rpc.type = GRPC (default)
2023-07-05 13:42:16,587 [Time-limited test] INFO  grpc.GrpcConfigKeys (ConfUtils.java:logFallback(53)) - raft.grpc.admin.host = null (fallback to raft.grpc.server.host)
2023-07-05 13:42:16,587 [Time-limited test] INFO  grpc.GrpcConfigKeys (ConfUtils.java:logGet(46)) - raft.grpc.admin.port = 15102 (custom)
2023-07-05 13:42:16,587 [Time-limited test] INFO  grpc.GrpcConfigKeys (ConfUtils.java:logFallback(53)) - raft.grpc.client.host = null (fallback to raft.grpc.server.host)
2023-07-05 13:42:16,587 [Time-limited test] INFO  grpc.GrpcConfigKeys (ConfUtils.java:logGet(46)) - raft.grpc.client.port = 15101 (custom)
2023-07-05 13:42:16,588 [Time-limited test] INFO  grpc.GrpcConfigKeys (ConfUtils.java:logGet(46)) - raft.grpc.server.host = null (default)
2023-07-05 13:42:16,589 [Time-limited test] INFO  grpc.GrpcConfigKeys (ConfUtils.java:logGet(46)) - raft.grpc.server.port = 15103 (custom)
2023-07-05 13:42:16,590 [Time-limited test] INFO  server.GrpcService (ConfUtils.java:logGet(46)) - raft.grpc.message.size.max = 32MB (=33554432) (custom)
2023-07-05 13:42:16,590 [Time-limited test] INFO  server.RaftServerConfigKeys (ConfUtils.java:logGet(46)) - raft.server.log.appender.buffer.byte-limit = 33554432 (custom)
2023-07-05 13:42:16,590 [Time-limited test] INFO  server.GrpcService (ConfUtils.java:logGet(46)) - raft.grpc.flow.control.window = 5MB (=5242880) (custom)
2023-07-05 13:42:16,594 [Time-limited test] INFO  server.RaftServerConfigKeys (ConfUtils.java:logGet(46)) - raft.server.rpc.request.timeout = 60s (custom)
2023-07-05 13:42:16,594 [Time-limited test] INFO  grpc.GrpcConfigKeys (ConfUtils.java:logGet(46)) - raft.grpc.server.heartbeat.channel = true (default)
2023-07-05 13:42:16,594 [Time-limited test] INFO  grpc.GrpcConfigKeys (ConfUtils.java:logGet(46)) - raft.grpc.server.async.request.thread.pool.cached = true (default)
2023-07-05 13:42:16,594 [Time-limited test] INFO  grpc.GrpcConfigKeys (ConfUtils.java:logGet(46)) - raft.grpc.server.async.request.thread.pool.size = 32 (default)
2023-07-05 13:42:16,597 [Time-limited test] INFO  impl.DataStreamServerImpl (ConfUtils.java:logGet(46)) - raft.datastream.type = NETTY (custom)
2023-07-05 13:42:16,597 [Time-limited test] INFO  server.RaftServerConfigKeys (ConfUtils.java:logGet(46)) - raft.server.data-stream.async.request.thread.pool.cached = false (default)
2023-07-05 13:42:16,597 [Time-limited test] INFO  server.RaftServerConfigKeys (ConfUtils.java:logGet(46)) - raft.server.data-stream.async.request.thread.pool.size = 20 (custom)
2023-07-05 13:42:16,598 [Time-limited test] INFO  server.RaftServerConfigKeys (ConfUtils.java:logGet(46)) - raft.server.data-stream.async.write.thread.pool.size = 16 (default)
2023-07-05 13:42:16,598 [Time-limited test] INFO  server.RaftServerConfigKeys (ConfUtils.java:logGet(46)) - raft.server.data-stream.client.pool.size = 10 (default)
2023-07-05 13:42:16,598 [Time-limited test] INFO  netty.NettyConfigKeys$DataStream (ConfUtils.java:logGet(46)) - raft.netty.dataStream.server.use-epoll = false (default)
2023-07-05 13:42:16,598 [Time-limited test] INFO  netty.NettyConfigKeys$DataStream (ConfUtils.java:logGet(46)) - raft.netty.dataStream.server.boss-group.size = 0 (default)
2023-07-05 13:42:16,599 [Time-limited test] INFO  netty.NettyConfigKeys$DataStream (ConfUtils.java:logGet(46)) - raft.netty.dataStream.server.worker-group.size = 0 (default)
2023-07-05 13:42:16,599 [Time-limited test] INFO  netty.NettyConfigKeys$DataStream (ConfUtils.java:logGet(46)) - raft.netty.dataStream.server.tls.conf = null (default)
2023-07-05 13:42:16,599 [Time-limited test] INFO  netty.NettyConfigKeys$DataStream (ConfUtils.java:logGet(46)) - raft.netty.dataStream.host = null (default)
2023-07-05 13:42:16,600 [Time-limited test] INFO  netty.NettyConfigKeys$DataStream (ConfUtils.java:logGet(46)) - raft.netty.dataStream.port = 15104 (custom)
2023-07-05 13:42:16,600 [Time-limited test] INFO  server.RaftServerConfigKeys (ConfUtils.java:logGet(46)) - raft.server.threadpool.proxy.cached = true (default)
2023-07-05 13:42:16,600 [Time-limited test] INFO  server.RaftServerConfigKeys (ConfUtils.java:logGet(46)) - raft.server.threadpool.proxy.size = 0 (default)
2023-07-05 13:42:16,600 [Time-limited test] INFO  server.RaftServerConfigKeys (ConfUtils.java:logGet(46)) - raft.server.rpc.slowness.timeout = 300s (custom)
2023-07-05 13:42:16,600 [Time-limited test] INFO  server.RaftServerConfigKeys (ConfUtils.java:logGet(46)) - raft.server.leaderelection.leader.step-down.wait-time = 10s (default)
2023-07-05 13:42:16,600 [Time-limited test] INFO  server.RaftServerConfigKeys (ConfUtils.java:logGet(46)) - raft.server.storage.dir = [/home/runner/work/ozone/ozone/hadoop-ozone/integration-test/target/test-dir/MiniOzoneClusterImpl-a91d5bca-d5a1-41cf-9733-6b4d6b49c170/datanode-4/data/ratis] (custom)
2023-07-05 13:42:16,601 [107862d4-58d6-4e98-9eb6-252f61002a57-NettyServerStreamRpc-bossGroup--thread1] INFO  logging.LoggingHandler (AbstractInternalLogger.java:log(148)) - [id: 0xef428b4a] REGISTERED
2023-07-05 13:42:16,601 [107862d4-58d6-4e98-9eb6-252f61002a57-NettyServerStreamRpc-bossGroup--thread1] INFO  logging.LoggingHandler (AbstractInternalLogger.java:log(148)) - [id: 0xef428b4a] BIND: 0.0.0.0/0.0.0.0:15104
2023-07-05 13:42:16,601 [107862d4-58d6-4e98-9eb6-252f61002a57-NettyServerStreamRpc-bossGroup--thread1] INFO  logging.LoggingHandler (AbstractInternalLogger.java:log(148)) - [id: 0xef428b4a, L:/0:0:0:0:0:0:0:0:15104] ACTIVE
2023-07-05 13:42:16,603 [Time-limited test] INFO  server.XceiverServerGrpc (XceiverServerGrpc.java:<init>(132)) - GrpcServer channel type EpollServerSocketChannel
2023-07-05 13:42:16,604 [Time-limited test] INFO  replication.ReplicationSupervisor (ReplicationSupervisor.java:nodeStateUpdated(305)) - Node state updated to IN_SERVICE, scaling executor pool size to 10
2023-07-05 13:42:16,606 [Time-limited test] INFO  http.BaseHttpServer (BaseHttpServer.java:newHttpServer2BuilderForOzone(224)) - Starting Web-server for hddsDatanode at: http://0.0.0.0:15098
2023-07-05 13:42:16,607 [Time-limited test] INFO  http.BaseHttpServer (BaseHttpServer.java:<init>(111)) - Hadoop Security Enabled: false Ozone Security Enabled: false Ozone HTTP Security Enabled: false 
2023-07-05 13:42:16,608 [Time-limited test] WARN  server.AuthenticationFilter (AuthenticationFilter.java:constructSecretProvider(240)) - Unable to initialize FileSignerSecretProvider, falling back to use random secrets. Reason: Could not read signature secret file: /home/runner/hadoop-http-auth-signature-secret
2023-07-05 13:42:16,608 [Time-limited test] INFO  http.HttpRequestLog (HttpRequestLog.java:getRequestLog(86)) - Http request log for http.requests.hddsDatanode is not defined
2023-07-05 13:42:16,610 [Time-limited test] INFO  http.HttpServer2 (HttpServer2.java:addGlobalFilter(1031)) - Added global filter 'safety' (class=org.apache.hadoop.hdds.server.http.HttpServer2$QuotingInputFilter)
2023-07-05 13:42:16,610 [Time-limited test] INFO  http.HttpServer2 (HttpServer2.java:addFilter(1007)) - Added filter static_user_filter (class=org.apache.hadoop.http.lib.StaticUserWebFilter$StaticUserFilter) to context hddsDatanode
2023-07-05 13:42:16,610 [Time-limited test] INFO  http.HttpServer2 (HttpServer2.java:addFilter(1015)) - Added filter static_user_filter (class=org.apache.hadoop.http.lib.StaticUserWebFilter$StaticUserFilter) to context static
2023-07-05 13:42:16,611 [Time-limited test] INFO  http.HttpServer2 (HttpServer2.java:addFilter(1015)) - Added filter static_user_filter (class=org.apache.hadoop.http.lib.StaticUserWebFilter$StaticUserFilter) to context logs
2023-07-05 13:42:16,611 [Time-limited test] INFO  http.BaseHttpServer (BaseHttpServer.java:<init>(190)) - HTTP server of hddsDatanode uses base directory /home/runner/work/ozone/ozone/hadoop-ozone/integration-test/target/test-dir/MiniOzoneClusterImpl-a91d5bca-d5a1-41cf-9733-6b4d6b49c170/datanode-4/meta/webserver
2023-07-05 13:42:16,611 [Time-limited test] INFO  http.HttpServer2 (HttpServer2.java:bindListener(1250)) - Jetty bound to port 15098
2023-07-05 13:42:16,611 [Time-limited test] INFO  server.Server (Server.java:doStart(375)) - jetty-9.4.51.v20230217; built: 2023-02-17T08:19:37.309Z; git: b45c405e4544384de066f814ed42ae3dceacdd49; jvm 1.8.0_372-b07
2023-07-05 13:42:16,613 [Time-limited test] INFO  server.session (DefaultSessionIdManager.java:doStart(334)) - DefaultSessionIdManager workerName=node0
2023-07-05 13:42:16,613 [Time-limited test] INFO  server.session (DefaultSessionIdManager.java:doStart(339)) - No SessionScavenger set, using defaults
2023-07-05 13:42:16,613 [Time-limited test] INFO  server.session (HouseKeeper.java:startScavenging(132)) - node0 Scavenging every 600000ms
2023-07-05 13:42:16,614 [Time-limited test] INFO  handler.ContextHandler (ContextHandler.java:doStart(921)) - Started o.e.j.s.ServletContextHandler@49161e03{logs,/logs,file:///home/runner/work/ozone/ozone/hadoop-ozone/integration-test/target/log,AVAILABLE}
2023-07-05 13:42:16,614 [Time-limited test] INFO  handler.ContextHandler (ContextHandler.java:doStart(921)) - Started o.e.j.s.ServletContextHandler@56fb9b4f{static,/static,jar:file:/home/runner/.m2/repository/org/apache/ozone/hdds-container-service/1.4.0-SNAPSHOT/hdds-container-service-1.4.0-SNAPSHOT.jar!/webapps/static,AVAILABLE}
2023-07-05 13:42:16,841 [Time-limited test] INFO  handler.ContextHandler (ContextHandler.java:doStart(921)) - Started o.e.j.w.WebAppContext@66f1654{hddsDatanode,/,file:///home/runner/work/ozone/ozone/hadoop-ozone/integration-test/target/test-dir/MiniOzoneClusterImpl-a91d5bca-d5a1-41cf-9733-6b4d6b49c170/datanode-4/meta/webserver/jetty-0_0_0_0-15098-hdds-container-service-1_4_0-SNAPSHOT_jar-_-any-1268297789660548384/webapp/,AVAILABLE}{jar:file:/home/runner/.m2/repository/org/apache/ozone/hdds-container-service/1.4.0-SNAPSHOT/hdds-container-service-1.4.0-SNAPSHOT.jar!/webapps/hddsDatanode}
2023-07-05 13:42:16,843 [Time-limited test] INFO  server.AbstractConnector (AbstractConnector.java:doStart(333)) - Started ServerConnector@1f300372{HTTP/1.1, (http/1.1)}{0.0.0.0:15098}
2023-07-05 13:42:16,843 [Time-limited test] INFO  server.Server (Server.java:doStart(415)) - Started @46130ms
2023-07-05 13:42:16,843 [Time-limited test] WARN  impl.MetricsSystemImpl (MetricsSystemImpl.java:register(279)) - Sink prometheus already exists!
2023-07-05 13:42:16,844 [Time-limited test] INFO  http.BaseHttpServer (BaseHttpServer.java:updateConnectorAddress(344)) - HTTP server of hddsDatanode listening at http://0.0.0.0:15098
2023-07-05 13:42:16,845 [Time-limited test] INFO  ipc.CallQueueManager (CallQueueManager.java:<init>(90)) - Using callQueue: class java.util.concurrent.LinkedBlockingQueue, queueCapacity: 100, scheduler: class org.apache.hadoop.ipc.DefaultRpcScheduler, ipcBackoff: false.
2023-07-05 13:42:16,845 [Time-limited test] INFO  ipc.Server (Server.java:<init>(1287)) - Listener at 0.0.0.0:15099
2023-07-05 13:42:16,845 [Socket Reader #1 for port 15099] INFO  ipc.Server (Server.java:run(1323)) - Starting Socket Reader #1 for port 15099
2023-07-05 13:42:16,847 [Time-limited test] INFO  ozone.HddsDatanodeService (HddsDatanodeService.java:start(315)) - Datanode start with admins: [runner]
2023-07-05 13:42:16,847 [Time-limited test] INFO  ozone.HddsDatanodeClientProtocolServer (HddsDatanodeClientProtocolServer.java:start(72)) - RPC server for Client /0.0.0.0:15099
2023-07-05 13:42:16,847 [IPC Server Responder] INFO  ipc.Server (Server.java:run(1562)) - IPC Server Responder: starting
2023-07-05 13:42:16,847 [IPC Server listener on 15099] INFO  ipc.Server (Server.java:run(1402)) - IPC Server listener on 15099: starting
2023-07-05 13:42:16,848 [Time-limited test] INFO  ozone.MiniOzoneClusterImpl (MiniOzoneClusterImpl.java:lambda$waitForClusterToBeReady$0(224)) - Waiting for nodes to be ready. Got 0 of 5 DN Heartbeats.
2023-07-05 13:42:16,855 [Time-limited test] INFO  ozone.MiniOzoneClusterImpl (MiniOzoneClusterImpl.java:lambda$waitForClusterToBeReady$0(227)) - Waiting for cluster to exit safe mode
2023-07-05 13:42:16,855 [Time-limited test] INFO  ozone.MiniOzoneClusterImpl (MiniOzoneClusterImpl.java:lambda$waitForClusterToBeReady$0(229)) - SCM became leader
2023-07-05 13:42:16,857 [Datanode State Machine Daemon Thread] INFO  statemachine.DatanodeStateMachine (DatanodeStateMachine.java:lambda$startDaemon$0(531)) - Ozone container server started.
2023-07-05 13:42:16,864 [Datanode State Machine Task Thread - 0] INFO  datanode.InitDatanodeState (InitDatanodeState.java:persistContainerDatanodeDetails(138)) - DatanodeDetails is persisted to /home/runner/work/ozone/ozone/hadoop-ozone/integration-test/target/test-dir/MiniOzoneClusterImpl-a91d5bca-d5a1-41cf-9733-6b4d6b49c170/datanode-4/meta/datanode.id
2023-07-05 13:42:16,894 [ReplicationMonitor] INFO  replication.ReplicationManager (ReplicationManager.java:processAll(361)) - Replication Manager is not ready to run until 3000ms after safemode exit
2023-07-05 13:42:17,534 [EndpointStateMachine task thread for /0.0.0.0:15055 - 0 ] INFO  utils.DatanodeStoreCache (DatanodeStoreCache.java:addDB(66)) - Added db /home/runner/work/ozone/ozone/hadoop-ozone/integration-test/target/test-dir/MiniOzoneClusterImpl-a91d5bca-d5a1-41cf-9733-6b4d6b49c170/datanode-0/data-0/containers/hdds/a91d5bca-d5a1-41cf-9733-6b4d6b49c170/DS-ae7d785a-8212-4074-887a-c77d44ba5ebb/container.db to cache
2023-07-05 13:42:17,534 [EndpointStateMachine task thread for /0.0.0.0:15055 - 0 ] INFO  volume.HddsVolume (HddsVolume.java:createDbStore(478)) - SchemaV3 db is created and loaded at /home/runner/work/ozone/ozone/hadoop-ozone/integration-test/target/test-dir/MiniOzoneClusterImpl-a91d5bca-d5a1-41cf-9733-6b4d6b49c170/datanode-0/data-0/containers/hdds/a91d5bca-d5a1-41cf-9733-6b4d6b49c170/DS-ae7d785a-8212-4074-887a-c77d44ba5ebb/container.db for volume DS-ae7d785a-8212-4074-887a-c77d44ba5ebb
2023-07-05 13:42:17,535 [EndpointStateMachine task thread for /0.0.0.0:15055 - 0 ] INFO  ozoneimpl.OzoneContainer (OzoneContainer.java:start(419)) - Attempting to start container services.
2023-07-05 13:42:17,535 [EndpointStateMachine task thread for /0.0.0.0:15055 - 0 ] INFO  ozoneimpl.OzoneContainer (OzoneContainer.java:startContainerScrub(327)) - Scheduled background container scanners and the on-demand container scanner have been disabled.
2023-07-05 13:42:17,537 [EndpointStateMachine task thread for /0.0.0.0:15055 - 0 ] INFO  replication.ReplicationServer (ReplicationServer.java:start(128)) - ReplicationServer is started using port 15069
2023-07-05 13:42:17,537 [EndpointStateMachine task thread for /0.0.0.0:15055 - 0 ] INFO  ratis.XceiverServerRatis (XceiverServerRatis.java:start(517)) - Starting XceiverServerRatis c67f853f-9851-48e5-9814-c89133fda60b
2023-07-05 13:42:17,537 [EndpointStateMachine task thread for /0.0.0.0:15055 - 0 ] INFO  server.RaftServer (RaftServerProxy.java:startImpl(400)) - c67f853f-9851-48e5-9814-c89133fda60b: start RPC server
2023-07-05 13:42:17,539 [EndpointStateMachine task thread for /0.0.0.0:15055 - 0 ] INFO  server.GrpcService (GrpcService.java:startImpl(302)) - c67f853f-9851-48e5-9814-c89133fda60b: GrpcService started, listening on 15065
2023-07-05 13:42:17,540 [EndpointStateMachine task thread for /0.0.0.0:15055 - 0 ] INFO  server.GrpcService (GrpcService.java:startImpl(302)) - c67f853f-9851-48e5-9814-c89133fda60b: GrpcService started, listening on 15067
2023-07-05 13:42:17,541 [EndpointStateMachine task thread for /0.0.0.0:15055 - 0 ] INFO  server.GrpcService (GrpcService.java:startImpl(302)) - c67f853f-9851-48e5-9814-c89133fda60b: GrpcService started, listening on 15066
2023-07-05 13:42:17,542 [EndpointStateMachine task thread for /0.0.0.0:15055 - 0 ] INFO  ratis.XceiverServerRatis (XceiverServerRatis.java:getRealPort(543)) - XceiverServerRatis c67f853f-9851-48e5-9814-c89133fda60b is started using port 15065 for RATIS
2023-07-05 13:42:17,542 [EndpointStateMachine task thread for /0.0.0.0:15055 - 0 ] INFO  ratis.XceiverServerRatis (XceiverServerRatis.java:getRealPort(543)) - XceiverServerRatis c67f853f-9851-48e5-9814-c89133fda60b is started using port 15066 for RATIS_ADMIN
2023-07-05 13:42:17,542 [JvmPauseMonitor9] INFO  util.JvmPauseMonitor (JvmPauseMonitor.java:run(103)) - JvmPauseMonitor-c67f853f-9851-48e5-9814-c89133fda60b: Started
2023-07-05 13:42:17,542 [EndpointStateMachine task thread for /0.0.0.0:15055 - 0 ] INFO  ratis.XceiverServerRatis (XceiverServerRatis.java:getRealPort(543)) - XceiverServerRatis c67f853f-9851-48e5-9814-c89133fda60b is started using port 15067 for RATIS_SERVER
2023-07-05 13:42:17,542 [EndpointStateMachine task thread for /0.0.0.0:15055 - 0 ] INFO  ratis.XceiverServerRatis (XceiverServerRatis.java:getRealPort(543)) - XceiverServerRatis c67f853f-9851-48e5-9814-c89133fda60b is started using port 15068 for RATIS_DATASTREAM
2023-07-05 13:42:17,548 [BlockDeletingService#0] INFO  interfaces.ContainerDeletionChoosingPolicyTemplate (ContainerDeletionChoosingPolicyTemplate.java:chooseContainerForBlockDeletion(83)) - Chosen 0/5000 blocks from 0 candidate containers.
2023-07-05 13:42:17,856 [Time-limited test] INFO  ozone.MiniOzoneClusterImpl (MiniOzoneClusterImpl.java:lambda$waitForClusterToBeReady$0(224)) - Waiting for nodes to be ready. Got 0 of 5 DN Heartbeats.
2023-07-05 13:42:17,856 [Time-limited test] INFO  ozone.MiniOzoneClusterImpl (MiniOzoneClusterImpl.java:lambda$waitForClusterToBeReady$0(227)) - Waiting for cluster to exit safe mode
2023-07-05 13:42:17,856 [Time-limited test] INFO  ozone.MiniOzoneClusterImpl (MiniOzoneClusterImpl.java:lambda$waitForClusterToBeReady$0(229)) - SCM became leader
2023-07-05 13:42:17,890 [EndpointStateMachine task thread for /0.0.0.0:15055 - 0 ] INFO  utils.DatanodeStoreCache (DatanodeStoreCache.java:addDB(66)) - Added db /home/runner/work/ozone/ozone/hadoop-ozone/integration-test/target/test-dir/MiniOzoneClusterImpl-a91d5bca-d5a1-41cf-9733-6b4d6b49c170/datanode-1/data-0/containers/hdds/a91d5bca-d5a1-41cf-9733-6b4d6b49c170/DS-66d00c67-8742-4354-b307-86ee780b3583/container.db to cache
2023-07-05 13:42:17,891 [EndpointStateMachine task thread for /0.0.0.0:15055 - 0 ] INFO  volume.HddsVolume (HddsVolume.java:createDbStore(478)) - SchemaV3 db is created and loaded at /home/runner/work/ozone/ozone/hadoop-ozone/integration-test/target/test-dir/MiniOzoneClusterImpl-a91d5bca-d5a1-41cf-9733-6b4d6b49c170/datanode-1/data-0/containers/hdds/a91d5bca-d5a1-41cf-9733-6b4d6b49c170/DS-66d00c67-8742-4354-b307-86ee780b3583/container.db for volume DS-66d00c67-8742-4354-b307-86ee780b3583
2023-07-05 13:42:17,891 [EndpointStateMachine task thread for /0.0.0.0:15055 - 0 ] INFO  ozoneimpl.OzoneContainer (OzoneContainer.java:start(419)) - Attempting to start container services.
2023-07-05 13:42:17,891 [EndpointStateMachine task thread for /0.0.0.0:15055 - 0 ] INFO  ozoneimpl.OzoneContainer (OzoneContainer.java:startContainerScrub(327)) - Scheduled background container scanners and the on-demand container scanner have been disabled.
2023-07-05 13:42:17,894 [ReplicationMonitor] INFO  replication.ReplicationManager (ReplicationManager.java:processAll(361)) - Replication Manager is not ready to run until 3000ms after safemode exit
2023-07-05 13:42:17,895 [EndpointStateMachine task thread for /0.0.0.0:15055 - 0 ] INFO  replication.ReplicationServer (ReplicationServer.java:start(128)) - ReplicationServer is started using port 15078
2023-07-05 13:42:17,896 [EndpointStateMachine task thread for /0.0.0.0:15055 - 0 ] INFO  ratis.XceiverServerRatis (XceiverServerRatis.java:start(517)) - Starting XceiverServerRatis 6d685894-e83d-4eff-a4f6-a21b002b35fd
2023-07-05 13:42:17,896 [EndpointStateMachine task thread for /0.0.0.0:15055 - 0 ] INFO  server.RaftServer (RaftServerProxy.java:startImpl(400)) - 6d685894-e83d-4eff-a4f6-a21b002b35fd: start RPC server
2023-07-05 13:42:17,899 [EndpointStateMachine task thread for /0.0.0.0:15055 - 0 ] INFO  server.GrpcService (GrpcService.java:startImpl(302)) - 6d685894-e83d-4eff-a4f6-a21b002b35fd: GrpcService started, listening on 15074
2023-07-05 13:42:17,900 [EndpointStateMachine task thread for /0.0.0.0:15055 - 0 ] INFO  server.GrpcService (GrpcService.java:startImpl(302)) - 6d685894-e83d-4eff-a4f6-a21b002b35fd: GrpcService started, listening on 15076
2023-07-05 13:42:17,901 [EndpointStateMachine task thread for /0.0.0.0:15055 - 0 ] INFO  server.GrpcService (GrpcService.java:startImpl(302)) - 6d685894-e83d-4eff-a4f6-a21b002b35fd: GrpcService started, listening on 15075
2023-07-05 13:42:17,901 [EndpointStateMachine task thread for /0.0.0.0:15055 - 0 ] INFO  ratis.XceiverServerRatis (XceiverServerRatis.java:getRealPort(543)) - XceiverServerRatis 6d685894-e83d-4eff-a4f6-a21b002b35fd is started using port 15074 for RATIS
2023-07-05 13:42:17,901 [EndpointStateMachine task thread for /0.0.0.0:15055 - 0 ] INFO  ratis.XceiverServerRatis (XceiverServerRatis.java:getRealPort(543)) - XceiverServerRatis 6d685894-e83d-4eff-a4f6-a21b002b35fd is started using port 15075 for RATIS_ADMIN
2023-07-05 13:42:17,901 [JvmPauseMonitor10] INFO  util.JvmPauseMonitor (JvmPauseMonitor.java:run(103)) - JvmPauseMonitor-6d685894-e83d-4eff-a4f6-a21b002b35fd: Started
2023-07-05 13:42:17,901 [EndpointStateMachine task thread for /0.0.0.0:15055 - 0 ] INFO  ratis.XceiverServerRatis (XceiverServerRatis.java:getRealPort(543)) - XceiverServerRatis 6d685894-e83d-4eff-a4f6-a21b002b35fd is started using port 15076 for RATIS_SERVER
2023-07-05 13:42:17,902 [EndpointStateMachine task thread for /0.0.0.0:15055 - 0 ] INFO  ratis.XceiverServerRatis (XceiverServerRatis.java:getRealPort(543)) - XceiverServerRatis 6d685894-e83d-4eff-a4f6-a21b002b35fd is started using port 15077 for RATIS_DATASTREAM
2023-07-05 13:42:17,907 [BlockDeletingService#0] INFO  interfaces.ContainerDeletionChoosingPolicyTemplate (ContainerDeletionChoosingPolicyTemplate.java:chooseContainerForBlockDeletion(83)) - Chosen 0/5000 blocks from 0 candidate containers.
2023-07-05 13:42:18,251 [EndpointStateMachine task thread for /0.0.0.0:15055 - 0 ] INFO  utils.DatanodeStoreCache (DatanodeStoreCache.java:addDB(66)) - Added db /home/runner/work/ozone/ozone/hadoop-ozone/integration-test/target/test-dir/MiniOzoneClusterImpl-a91d5bca-d5a1-41cf-9733-6b4d6b49c170/datanode-2/data-0/containers/hdds/a91d5bca-d5a1-41cf-9733-6b4d6b49c170/DS-f6cdf5d1-928a-47da-b4e8-3e7cdbe19d55/container.db to cache
2023-07-05 13:42:18,252 [EndpointStateMachine task thread for /0.0.0.0:15055 - 0 ] INFO  volume.HddsVolume (HddsVolume.java:createDbStore(478)) - SchemaV3 db is created and loaded at /home/runner/work/ozone/ozone/hadoop-ozone/integration-test/target/test-dir/MiniOzoneClusterImpl-a91d5bca-d5a1-41cf-9733-6b4d6b49c170/datanode-2/data-0/containers/hdds/a91d5bca-d5a1-41cf-9733-6b4d6b49c170/DS-f6cdf5d1-928a-47da-b4e8-3e7cdbe19d55/container.db for volume DS-f6cdf5d1-928a-47da-b4e8-3e7cdbe19d55
2023-07-05 13:42:18,252 [EndpointStateMachine task thread for /0.0.0.0:15055 - 0 ] INFO  ozoneimpl.OzoneContainer (OzoneContainer.java:start(419)) - Attempting to start container services.
2023-07-05 13:42:18,252 [EndpointStateMachine task thread for /0.0.0.0:15055 - 0 ] INFO  ozoneimpl.OzoneContainer (OzoneContainer.java:startContainerScrub(327)) - Scheduled background container scanners and the on-demand container scanner have been disabled.
2023-07-05 13:42:18,254 [EndpointStateMachine task thread for /0.0.0.0:15055 - 0 ] INFO  replication.ReplicationServer (ReplicationServer.java:start(128)) - ReplicationServer is started using port 15087
2023-07-05 13:42:18,254 [EndpointStateMachine task thread for /0.0.0.0:15055 - 0 ] INFO  ratis.XceiverServerRatis (XceiverServerRatis.java:start(517)) - Starting XceiverServerRatis 76b6de06-79b2-4410-afad-6ed4eb2113a8
2023-07-05 13:42:18,256 [EndpointStateMachine task thread for /0.0.0.0:15055 - 0 ] INFO  server.RaftServer (RaftServerProxy.java:startImpl(400)) - 76b6de06-79b2-4410-afad-6ed4eb2113a8: start RPC server
2023-07-05 13:42:18,257 [EndpointStateMachine task thread for /0.0.0.0:15055 - 0 ] INFO  server.GrpcService (GrpcService.java:startImpl(302)) - 76b6de06-79b2-4410-afad-6ed4eb2113a8: GrpcService started, listening on 15083
2023-07-05 13:42:18,258 [EndpointStateMachine task thread for /0.0.0.0:15055 - 0 ] INFO  server.GrpcService (GrpcService.java:startImpl(302)) - 76b6de06-79b2-4410-afad-6ed4eb2113a8: GrpcService started, listening on 15085
2023-07-05 13:42:18,259 [EndpointStateMachine task thread for /0.0.0.0:15055 - 0 ] INFO  server.GrpcService (GrpcService.java:startImpl(302)) - 76b6de06-79b2-4410-afad-6ed4eb2113a8: GrpcService started, listening on 15084
2023-07-05 13:42:18,260 [EndpointStateMachine task thread for /0.0.0.0:15055 - 0 ] INFO  ratis.XceiverServerRatis (XceiverServerRatis.java:getRealPort(543)) - XceiverServerRatis 76b6de06-79b2-4410-afad-6ed4eb2113a8 is started using port 15083 for RATIS
2023-07-05 13:42:18,260 [EndpointStateMachine task thread for /0.0.0.0:15055 - 0 ] INFO  ratis.XceiverServerRatis (XceiverServerRatis.java:getRealPort(543)) - XceiverServerRatis 76b6de06-79b2-4410-afad-6ed4eb2113a8 is started using port 15084 for RATIS_ADMIN
2023-07-05 13:42:18,260 [EndpointStateMachine task thread for /0.0.0.0:15055 - 0 ] INFO  ratis.XceiverServerRatis (XceiverServerRatis.java:getRealPort(543)) - XceiverServerRatis 76b6de06-79b2-4410-afad-6ed4eb2113a8 is started using port 15085 for RATIS_SERVER
2023-07-05 13:42:18,260 [JvmPauseMonitor11] INFO  util.JvmPauseMonitor (JvmPauseMonitor.java:run(103)) - JvmPauseMonitor-76b6de06-79b2-4410-afad-6ed4eb2113a8: Started
2023-07-05 13:42:18,260 [EndpointStateMachine task thread for /0.0.0.0:15055 - 0 ] INFO  ratis.XceiverServerRatis (XceiverServerRatis.java:getRealPort(543)) - XceiverServerRatis 76b6de06-79b2-4410-afad-6ed4eb2113a8 is started using port 15086 for RATIS_DATASTREAM
2023-07-05 13:42:18,271 [BlockDeletingService#0] INFO  interfaces.ContainerDeletionChoosingPolicyTemplate (ContainerDeletionChoosingPolicyTemplate.java:chooseContainerForBlockDeletion(83)) - Chosen 0/5000 blocks from 0 candidate containers.
2023-07-05 13:42:18,580 [EndpointStateMachine task thread for /0.0.0.0:15055 - 0 ] INFO  utils.DatanodeStoreCache (DatanodeStoreCache.java:addDB(66)) - Added db /home/runner/work/ozone/ozone/hadoop-ozone/integration-test/target/test-dir/MiniOzoneClusterImpl-a91d5bca-d5a1-41cf-9733-6b4d6b49c170/datanode-3/data-0/containers/hdds/a91d5bca-d5a1-41cf-9733-6b4d6b49c170/DS-24f0f323-7325-4cd0-bae6-f3c867276659/container.db to cache
2023-07-05 13:42:18,580 [EndpointStateMachine task thread for /0.0.0.0:15055 - 0 ] INFO  volume.HddsVolume (HddsVolume.java:createDbStore(478)) - SchemaV3 db is created and loaded at /home/runner/work/ozone/ozone/hadoop-ozone/integration-test/target/test-dir/MiniOzoneClusterImpl-a91d5bca-d5a1-41cf-9733-6b4d6b49c170/datanode-3/data-0/containers/hdds/a91d5bca-d5a1-41cf-9733-6b4d6b49c170/DS-24f0f323-7325-4cd0-bae6-f3c867276659/container.db for volume DS-24f0f323-7325-4cd0-bae6-f3c867276659
2023-07-05 13:42:18,580 [EndpointStateMachine task thread for /0.0.0.0:15055 - 0 ] INFO  ozoneimpl.OzoneContainer (OzoneContainer.java:start(419)) - Attempting to start container services.
2023-07-05 13:42:18,580 [EndpointStateMachine task thread for /0.0.0.0:15055 - 0 ] INFO  ozoneimpl.OzoneContainer (OzoneContainer.java:startContainerScrub(327)) - Scheduled background container scanners and the on-demand container scanner have been disabled.
2023-07-05 13:42:18,583 [EndpointStateMachine task thread for /0.0.0.0:15055 - 0 ] INFO  replication.ReplicationServer (ReplicationServer.java:start(128)) - ReplicationServer is started using port 15096
2023-07-05 13:42:18,583 [EndpointStateMachine task thread for /0.0.0.0:15055 - 0 ] INFO  ratis.XceiverServerRatis (XceiverServerRatis.java:start(517)) - Starting XceiverServerRatis aa000335-494a-4091-9473-11fe5522d401
2023-07-05 13:42:18,585 [EndpointStateMachine task thread for /0.0.0.0:15055 - 0 ] INFO  server.RaftServer (RaftServerProxy.java:startImpl(400)) - aa000335-494a-4091-9473-11fe5522d401: start RPC server
2023-07-05 13:42:18,587 [EndpointStateMachine task thread for /0.0.0.0:15055 - 0 ] INFO  server.GrpcService (GrpcService.java:startImpl(302)) - aa000335-494a-4091-9473-11fe5522d401: GrpcService started, listening on 15092
2023-07-05 13:42:18,591 [EndpointStateMachine task thread for /0.0.0.0:15055 - 0 ] INFO  server.GrpcService (GrpcService.java:startImpl(302)) - aa000335-494a-4091-9473-11fe5522d401: GrpcService started, listening on 15094
2023-07-05 13:42:18,592 [EndpointStateMachine task thread for /0.0.0.0:15055 - 0 ] INFO  server.GrpcService (GrpcService.java:startImpl(302)) - aa000335-494a-4091-9473-11fe5522d401: GrpcService started, listening on 15093
2023-07-05 13:42:18,592 [EndpointStateMachine task thread for /0.0.0.0:15055 - 0 ] INFO  ratis.XceiverServerRatis (XceiverServerRatis.java:getRealPort(543)) - XceiverServerRatis aa000335-494a-4091-9473-11fe5522d401 is started using port 15092 for RATIS
2023-07-05 13:42:18,592 [JvmPauseMonitor12] INFO  util.JvmPauseMonitor (JvmPauseMonitor.java:run(103)) - JvmPauseMonitor-aa000335-494a-4091-9473-11fe5522d401: Started
2023-07-05 13:42:18,592 [EndpointStateMachine task thread for /0.0.0.0:15055 - 0 ] INFO  ratis.XceiverServerRatis (XceiverServerRatis.java:getRealPort(543)) - XceiverServerRatis aa000335-494a-4091-9473-11fe5522d401 is started using port 15093 for RATIS_ADMIN
2023-07-05 13:42:18,592 [EndpointStateMachine task thread for /0.0.0.0:15055 - 0 ] INFO  ratis.XceiverServerRatis (XceiverServerRatis.java:getRealPort(543)) - XceiverServerRatis aa000335-494a-4091-9473-11fe5522d401 is started using port 15094 for RATIS_SERVER
2023-07-05 13:42:18,592 [EndpointStateMachine task thread for /0.0.0.0:15055 - 0 ] INFO  ratis.XceiverServerRatis (XceiverServerRatis.java:getRealPort(543)) - XceiverServerRatis aa000335-494a-4091-9473-11fe5522d401 is started using port 15095 for RATIS_DATASTREAM
2023-07-05 13:42:18,597 [BlockDeletingService#0] INFO  interfaces.ContainerDeletionChoosingPolicyTemplate (ContainerDeletionChoosingPolicyTemplate.java:chooseContainerForBlockDeletion(83)) - Chosen 0/5000 blocks from 0 candidate containers.
2023-07-05 13:42:18,856 [Time-limited test] INFO  ozone.MiniOzoneClusterImpl (MiniOzoneClusterImpl.java:lambda$waitForClusterToBeReady$0(224)) - Waiting for nodes to be ready. Got 0 of 5 DN Heartbeats.
2023-07-05 13:42:18,857 [Time-limited test] INFO  ozone.MiniOzoneClusterImpl (MiniOzoneClusterImpl.java:lambda$waitForClusterToBeReady$0(227)) - Waiting for cluster to exit safe mode
2023-07-05 13:42:18,857 [Time-limited test] INFO  ozone.MiniOzoneClusterImpl (MiniOzoneClusterImpl.java:lambda$waitForClusterToBeReady$0(229)) - SCM became leader
2023-07-05 13:42:18,895 [ReplicationMonitor] INFO  replication.ReplicationManager (ReplicationManager.java:processAll(361)) - Replication Manager is not ready to run until 3000ms after safemode exit
2023-07-05 13:42:18,899 [EndpointStateMachine task thread for /0.0.0.0:15055 - 0 ] INFO  utils.DatanodeStoreCache (DatanodeStoreCache.java:addDB(66)) - Added db /home/runner/work/ozone/ozone/hadoop-ozone/integration-test/target/test-dir/MiniOzoneClusterImpl-a91d5bca-d5a1-41cf-9733-6b4d6b49c170/datanode-4/data-0/containers/hdds/a91d5bca-d5a1-41cf-9733-6b4d6b49c170/DS-61c3585b-737f-4672-95e6-ef4ec318c51f/container.db to cache
2023-07-05 13:42:18,900 [EndpointStateMachine task thread for /0.0.0.0:15055 - 0 ] INFO  volume.HddsVolume (HddsVolume.java:createDbStore(478)) - SchemaV3 db is created and loaded at /home/runner/work/ozone/ozone/hadoop-ozone/integration-test/target/test-dir/MiniOzoneClusterImpl-a91d5bca-d5a1-41cf-9733-6b4d6b49c170/datanode-4/data-0/containers/hdds/a91d5bca-d5a1-41cf-9733-6b4d6b49c170/DS-61c3585b-737f-4672-95e6-ef4ec318c51f/container.db for volume DS-61c3585b-737f-4672-95e6-ef4ec318c51f
2023-07-05 13:42:18,900 [EndpointStateMachine task thread for /0.0.0.0:15055 - 0 ] INFO  ozoneimpl.OzoneContainer (OzoneContainer.java:start(419)) - Attempting to start container services.
2023-07-05 13:42:18,900 [EndpointStateMachine task thread for /0.0.0.0:15055 - 0 ] INFO  ozoneimpl.OzoneContainer (OzoneContainer.java:startContainerScrub(327)) - Scheduled background container scanners and the on-demand container scanner have been disabled.
2023-07-05 13:42:18,903 [EndpointStateMachine task thread for /0.0.0.0:15055 - 0 ] INFO  replication.ReplicationServer (ReplicationServer.java:start(128)) - ReplicationServer is started using port 15105
2023-07-05 13:42:18,903 [EndpointStateMachine task thread for /0.0.0.0:15055 - 0 ] INFO  ratis.XceiverServerRatis (XceiverServerRatis.java:start(517)) - Starting XceiverServerRatis 107862d4-58d6-4e98-9eb6-252f61002a57
2023-07-05 13:42:18,904 [EndpointStateMachine task thread for /0.0.0.0:15055 - 0 ] INFO  server.RaftServer (RaftServerProxy.java:startImpl(400)) - 107862d4-58d6-4e98-9eb6-252f61002a57: start RPC server
2023-07-05 13:42:18,905 [EndpointStateMachine task thread for /0.0.0.0:15055 - 0 ] INFO  server.GrpcService (GrpcService.java:startImpl(302)) - 107862d4-58d6-4e98-9eb6-252f61002a57: GrpcService started, listening on 15101
2023-07-05 13:42:18,908 [EndpointStateMachine task thread for /0.0.0.0:15055 - 0 ] INFO  server.GrpcService (GrpcService.java:startImpl(302)) - 107862d4-58d6-4e98-9eb6-252f61002a57: GrpcService started, listening on 15103
2023-07-05 13:42:18,909 [EndpointStateMachine task thread for /0.0.0.0:15055 - 0 ] INFO  server.GrpcService (GrpcService.java:startImpl(302)) - 107862d4-58d6-4e98-9eb6-252f61002a57: GrpcService started, listening on 15102
2023-07-05 13:42:18,909 [EndpointStateMachine task thread for /0.0.0.0:15055 - 0 ] INFO  ratis.XceiverServerRatis (XceiverServerRatis.java:getRealPort(543)) - XceiverServerRatis 107862d4-58d6-4e98-9eb6-252f61002a57 is started using port 15101 for RATIS
2023-07-05 13:42:18,909 [EndpointStateMachine task thread for /0.0.0.0:15055 - 0 ] INFO  ratis.XceiverServerRatis (XceiverServerRatis.java:getRealPort(543)) - XceiverServerRatis 107862d4-58d6-4e98-9eb6-252f61002a57 is started using port 15102 for RATIS_ADMIN
2023-07-05 13:42:18,909 [EndpointStateMachine task thread for /0.0.0.0:15055 - 0 ] INFO  ratis.XceiverServerRatis (XceiverServerRatis.java:getRealPort(543)) - XceiverServerRatis 107862d4-58d6-4e98-9eb6-252f61002a57 is started using port 15103 for RATIS_SERVER
2023-07-05 13:42:18,909 [EndpointStateMachine task thread for /0.0.0.0:15055 - 0 ] INFO  ratis.XceiverServerRatis (XceiverServerRatis.java:getRealPort(543)) - XceiverServerRatis 107862d4-58d6-4e98-9eb6-252f61002a57 is started using port 15104 for RATIS_DATASTREAM
2023-07-05 13:42:18,910 [JvmPauseMonitor13] INFO  util.JvmPauseMonitor (JvmPauseMonitor.java:run(103)) - JvmPauseMonitor-107862d4-58d6-4e98-9eb6-252f61002a57: Started
2023-07-05 13:42:18,912 [BlockDeletingService#0] INFO  interfaces.ContainerDeletionChoosingPolicyTemplate (ContainerDeletionChoosingPolicyTemplate.java:chooseContainerForBlockDeletion(83)) - Chosen 0/5000 blocks from 0 candidate containers.
2023-07-05 13:42:19,495 [IPC Server handler 17 on default port 15055] INFO  net.NetworkTopologyImpl (NetworkTopologyImpl.java:add(112)) - Added a new node: /default-rack/c67f853f-9851-48e5-9814-c89133fda60b
2023-07-05 13:42:19,495 [IPC Server handler 17 on default port 15055] INFO  node.SCMNodeManager (SCMNodeManager.java:register(405)) - Registered Data node : c67f853f-9851-48e5-9814-c89133fda60b{ip: 10.1.0.13, host: fv-az264-29.ca02foy5wcnuvlrvrz2wi3p2og.dx.internal.cloudapp.net, ports: [HTTP=15062, CLIENT_RPC=15063, REPLICATION=15069, RATIS=15065, RATIS_ADMIN=15066, RATIS_SERVER=15067, RATIS_DATASTREAM=15068, STANDALONE=15064], networkLocation: /default-rack, certSerialId: null, persistedOpState: null, persistedOpStateExpiryEpochSec: 0}
2023-07-05 13:42:19,498 [EventQueue-NodeRegistrationContainerReportForDataNodeSafeModeRule] INFO  safemode.SCMSafeModeManager (DataNodeSafeModeRule.java:process(71)) - SCM in safe mode. 1 DataNodes registered, 3 required.
2023-07-05 13:42:19,500 [EventQueue-NodeRegistrationContainerReportForContainerSafeModeRule] INFO  safemode.SCMSafeModeManager (SCMSafeModeManager.java:validateSafeModeExitRules(200)) - ContainerSafeModeRule rule is successfully validated
2023-07-05 13:42:19,501 [EventQueue-PipelineReportForOneReplicaPipelineSafeModeRule] INFO  safemode.SCMSafeModeManager (SCMSafeModeManager.java:validateSafeModeExitRules(200)) - AtleastOneDatanodeReportedRule rule is successfully validated
2023-07-05 13:42:19,501 [EventQueue-NewNodeForNewNodeHandler] INFO  pipeline.BackgroundPipelineCreator (BackgroundPipelineCreator.java:notifyEventTriggered(277)) - trigger a one-shot run on RatisPipelineUtilsThread.
2023-07-05 13:42:19,502 [RatisPipelineUtilsThread - 0] INFO  pipeline.RatisPipelineProvider (RatisPipelineProvider.java:lambda$create$0(206)) - Sending CreatePipelineCommand for pipeline:PipelineID=f7316eee-855f-4e4b-9b98-50645a3f60f1 to datanode:c67f853f-9851-48e5-9814-c89133fda60b
2023-07-05 13:42:19,503 [RatisPipelineUtilsThread - 0] INFO  pipeline.BackgroundPipelineCreator (BackgroundPipelineCreator.java:createPipelines(233)) - Created new pipeline Pipeline[ Id: f7316eee-855f-4e4b-9b98-50645a3f60f1, Nodes: c67f853f-9851-48e5-9814-c89133fda60b(fv-az264-29.ca02foy5wcnuvlrvrz2wi3p2og.dx.internal.cloudapp.net/10.1.0.13), ReplicationConfig: RATIS/ONE, State:ALLOCATED, leaderId:, CreationTimestamp2023-07-05T13:42:19.502Z[Etc/UTC]]
2023-07-05 13:42:19,852 [IPC Server handler 18 on default port 15055] INFO  net.NetworkTopologyImpl (NetworkTopologyImpl.java:add(112)) - Added a new node: /default-rack/6d685894-e83d-4eff-a4f6-a21b002b35fd
2023-07-05 13:42:19,852 [IPC Server handler 18 on default port 15055] INFO  node.SCMNodeManager (SCMNodeManager.java:register(405)) - Registered Data node : 6d685894-e83d-4eff-a4f6-a21b002b35fd{ip: 10.1.0.13, host: fv-az264-29.ca02foy5wcnuvlrvrz2wi3p2og.dx.internal.cloudapp.net, ports: [HTTP=15071, CLIENT_RPC=15072, REPLICATION=15078, RATIS=15074, RATIS_ADMIN=15075, RATIS_SERVER=15076, RATIS_DATASTREAM=15077, STANDALONE=15073], networkLocation: /default-rack, certSerialId: null, persistedOpState: null, persistedOpStateExpiryEpochSec: 0}
2023-07-05 13:42:19,854 [EventQueue-NodeRegistrationContainerReportForDataNodeSafeModeRule] INFO  safemode.SCMSafeModeManager (DataNodeSafeModeRule.java:process(71)) - SCM in safe mode. 2 DataNodes registered, 3 required.
2023-07-05 13:42:19,854 [EventQueue-NewNodeForNewNodeHandler] INFO  pipeline.BackgroundPipelineCreator (BackgroundPipelineCreator.java:notifyEventTriggered(277)) - trigger a one-shot run on RatisPipelineUtilsThread.
2023-07-05 13:42:19,855 [RatisPipelineUtilsThread - 0] INFO  pipeline.RatisPipelineProvider (RatisPipelineProvider.java:lambda$create$0(206)) - Sending CreatePipelineCommand for pipeline:PipelineID=7a28abbc-2255-4000-990c-e117380d7c5e to datanode:6d685894-e83d-4eff-a4f6-a21b002b35fd
2023-07-05 13:42:19,856 [RatisPipelineUtilsThread - 0] INFO  pipeline.BackgroundPipelineCreator (BackgroundPipelineCreator.java:createPipelines(233)) - Created new pipeline Pipeline[ Id: 7a28abbc-2255-4000-990c-e117380d7c5e, Nodes: 6d685894-e83d-4eff-a4f6-a21b002b35fd(fv-az264-29.ca02foy5wcnuvlrvrz2wi3p2og.dx.internal.cloudapp.net/10.1.0.13), ReplicationConfig: RATIS/ONE, State:ALLOCATED, leaderId:, CreationTimestamp2023-07-05T13:42:19.855Z[Etc/UTC]]
2023-07-05 13:42:19,857 [Time-limited test] INFO  ozone.MiniOzoneClusterImpl (MiniOzoneClusterImpl.java:lambda$waitForClusterToBeReady$0(224)) - Waiting for nodes to be ready. Got 2 of 5 DN Heartbeats.
2023-07-05 13:42:19,857 [Time-limited test] INFO  ozone.MiniOzoneClusterImpl (MiniOzoneClusterImpl.java:lambda$waitForClusterToBeReady$0(227)) - Waiting for cluster to exit safe mode
2023-07-05 13:42:19,857 [Time-limited test] INFO  ozone.MiniOzoneClusterImpl (MiniOzoneClusterImpl.java:lambda$waitForClusterToBeReady$0(229)) - SCM became leader
2023-07-05 13:42:19,895 [ReplicationMonitor] INFO  replication.ReplicationManager (ReplicationManager.java:processAll(361)) - Replication Manager is not ready to run until 3000ms after safemode exit
2023-07-05 13:42:20,209 [IPC Server handler 19 on default port 15055] INFO  net.NetworkTopologyImpl (NetworkTopologyImpl.java:add(112)) - Added a new node: /default-rack/76b6de06-79b2-4410-afad-6ed4eb2113a8
2023-07-05 13:42:20,209 [IPC Server handler 19 on default port 15055] INFO  node.SCMNodeManager (SCMNodeManager.java:register(405)) - Registered Data node : 76b6de06-79b2-4410-afad-6ed4eb2113a8{ip: 10.1.0.13, host: fv-az264-29.ca02foy5wcnuvlrvrz2wi3p2og.dx.internal.cloudapp.net, ports: [HTTP=15080, CLIENT_RPC=15081, REPLICATION=15087, RATIS=15083, RATIS_ADMIN=15084, RATIS_SERVER=15085, RATIS_DATASTREAM=15086, STANDALONE=15082], networkLocation: /default-rack, certSerialId: null, persistedOpState: null, persistedOpStateExpiryEpochSec: 0}
2023-07-05 13:42:20,209 [EventQueue-NewNodeForNewNodeHandler] INFO  pipeline.BackgroundPipelineCreator (BackgroundPipelineCreator.java:notifyEventTriggered(277)) - trigger a one-shot run on RatisPipelineUtilsThread.
2023-07-05 13:42:20,211 [EventQueue-NodeRegistrationContainerReportForDataNodeSafeModeRule] INFO  safemode.SCMSafeModeManager (DataNodeSafeModeRule.java:process(71)) - SCM in safe mode. 3 DataNodes registered, 3 required.
2023-07-05 13:42:20,211 [EventQueue-NodeRegistrationContainerReportForDataNodeSafeModeRule] INFO  safemode.SCMSafeModeManager (SCMSafeModeManager.java:validateSafeModeExitRules(200)) - DataNodeSafeModeRule rule is successfully validated
2023-07-05 13:42:20,211 [EventQueue-NodeRegistrationContainerReportForDataNodeSafeModeRule] INFO  safemode.SCMSafeModeManager (SCMSafeModeManager.java:completePreCheck(229)) - All SCM safe mode pre check rules have passed
2023-07-05 13:42:20,211 [EventQueue-NodeRegistrationContainerReportForDataNodeSafeModeRule] INFO  ha.SCMContext (SCMContext.java:updateSafeModeStatus(228)) - Update SafeModeStatus from SafeModeStatus{safeModeStatus=true, preCheckPassed=false} to SafeModeStatus{safeModeStatus=true, preCheckPassed=true}.
2023-07-05 13:42:20,211 [EventQueue-NodeRegistrationContainerReportForDataNodeSafeModeRule] INFO  pipeline.BackgroundPipelineCreator (BackgroundPipelineCreator.java:notifyEventTriggered(277)) - trigger a one-shot run on RatisPipelineUtilsThread.
2023-07-05 13:42:20,213 [RatisPipelineUtilsThread - 0] INFO  pipeline.RatisPipelineProvider (RatisPipelineProvider.java:lambda$create$0(206)) - Sending CreatePipelineCommand for pipeline:PipelineID=63677abc-8c27-45f7-9ffb-8a5ec24891a2 to datanode:76b6de06-79b2-4410-afad-6ed4eb2113a8
2023-07-05 13:42:20,214 [RatisPipelineUtilsThread - 0] INFO  pipeline.BackgroundPipelineCreator (BackgroundPipelineCreator.java:createPipelines(233)) - Created new pipeline Pipeline[ Id: 63677abc-8c27-45f7-9ffb-8a5ec24891a2, Nodes: 76b6de06-79b2-4410-afad-6ed4eb2113a8(fv-az264-29.ca02foy5wcnuvlrvrz2wi3p2og.dx.internal.cloudapp.net/10.1.0.13), ReplicationConfig: RATIS/ONE, State:ALLOCATED, leaderId:, CreationTimestamp2023-07-05T13:42:20.213Z[Etc/UTC]]
2023-07-05 13:42:20,215 [RatisPipelineUtilsThread - 0] INFO  pipeline.RatisPipelineProvider (RatisPipelineProvider.java:lambda$create$0(206)) - Sending CreatePipelineCommand for pipeline:PipelineID=77efb71e-c570-447e-8db9-d713b65c45d2 to datanode:6d685894-e83d-4eff-a4f6-a21b002b35fd
2023-07-05 13:42:20,215 [RatisPipelineUtilsThread - 0] INFO  pipeline.RatisPipelineProvider (RatisPipelineProvider.java:lambda$create$0(206)) - Sending CreatePipelineCommand for pipeline:PipelineID=77efb71e-c570-447e-8db9-d713b65c45d2 to datanode:c67f853f-9851-48e5-9814-c89133fda60b
2023-07-05 13:42:20,215 [RatisPipelineUtilsThread - 0] INFO  pipeline.RatisPipelineProvider (RatisPipelineProvider.java:lambda$create$0(206)) - Sending CreatePipelineCommand for pipeline:PipelineID=77efb71e-c570-447e-8db9-d713b65c45d2 to datanode:76b6de06-79b2-4410-afad-6ed4eb2113a8
2023-07-05 13:42:20,216 [RatisPipelineUtilsThread - 0] INFO  pipeline.BackgroundPipelineCreator (BackgroundPipelineCreator.java:createPipelines(233)) - Created new pipeline Pipeline[ Id: 77efb71e-c570-447e-8db9-d713b65c45d2, Nodes: 6d685894-e83d-4eff-a4f6-a21b002b35fd(fv-az264-29.ca02foy5wcnuvlrvrz2wi3p2og.dx.internal.cloudapp.net/10.1.0.13)c67f853f-9851-48e5-9814-c89133fda60b(fv-az264-29.ca02foy5wcnuvlrvrz2wi3p2og.dx.internal.cloudapp.net/10.1.0.13)76b6de06-79b2-4410-afad-6ed4eb2113a8(fv-az264-29.ca02foy5wcnuvlrvrz2wi3p2og.dx.internal.cloudapp.net/10.1.0.13), ReplicationConfig: RATIS/THREE, State:ALLOCATED, leaderId:, CreationTimestamp2023-07-05T13:42:20.215Z[Etc/UTC]]
2023-07-05 13:42:20,216 [RatisPipelineUtilsThread - 0] INFO  pipeline.RatisPipelineProvider (RatisPipelineProvider.java:lambda$create$0(206)) - Sending CreatePipelineCommand for pipeline:PipelineID=bd79c634-d3ce-4445-aaf7-cf48e0ed285b to datanode:6d685894-e83d-4eff-a4f6-a21b002b35fd
2023-07-05 13:42:20,216 [RatisPipelineUtilsThread - 0] INFO  pipeline.RatisPipelineProvider (RatisPipelineProvider.java:lambda$create$0(206)) - Sending CreatePipelineCommand for pipeline:PipelineID=bd79c634-d3ce-4445-aaf7-cf48e0ed285b to datanode:c67f853f-9851-48e5-9814-c89133fda60b
2023-07-05 13:42:20,216 [RatisPipelineUtilsThread - 0] INFO  pipeline.RatisPipelineProvider (RatisPipelineProvider.java:lambda$create$0(206)) - Sending CreatePipelineCommand for pipeline:PipelineID=bd79c634-d3ce-4445-aaf7-cf48e0ed285b to datanode:76b6de06-79b2-4410-afad-6ed4eb2113a8
2023-07-05 13:42:20,217 [RatisPipelineUtilsThread - 0] INFO  pipeline.PipelineManagerImpl (PipelineManagerImpl.java:recordMetricsForPipeline(895)) - Pipeline: PipelineID=bd79c634-d3ce-4445-aaf7-cf48e0ed285b contains same datanodes as previous pipelines: PipelineID=77efb71e-c570-447e-8db9-d713b65c45d2 nodeIds: 6d685894-e83d-4eff-a4f6-a21b002b35fd, c67f853f-9851-48e5-9814-c89133fda60b, 76b6de06-79b2-4410-afad-6ed4eb2113a8
2023-07-05 13:42:20,217 [RatisPipelineUtilsThread - 0] INFO  pipeline.BackgroundPipelineCreator (BackgroundPipelineCreator.java:createPipelines(233)) - Created new pipeline Pipeline[ Id: bd79c634-d3ce-4445-aaf7-cf48e0ed285b, Nodes: 6d685894-e83d-4eff-a4f6-a21b002b35fd(fv-az264-29.ca02foy5wcnuvlrvrz2wi3p2og.dx.internal.cloudapp.net/10.1.0.13)c67f853f-9851-48e5-9814-c89133fda60b(fv-az264-29.ca02foy5wcnuvlrvrz2wi3p2og.dx.internal.cloudapp.net/10.1.0.13)76b6de06-79b2-4410-afad-6ed4eb2113a8(fv-az264-29.ca02foy5wcnuvlrvrz2wi3p2og.dx.internal.cloudapp.net/10.1.0.13), ReplicationConfig: RATIS/THREE, State:ALLOCATED, leaderId:, CreationTimestamp2023-07-05T13:42:20.216Z[Etc/UTC]]
2023-07-05 13:42:20,217 [RatisPipelineUtilsThread - 0] WARN  pipeline.PipelinePlacementPolicy (PipelinePlacementPolicy.java:filterViableNodes(166)) - Pipeline creation failed due to no sufficient healthy datanodes. Required 3. Found 0. Excluded 3.
2023-07-05 13:42:20,218 [RatisPipelineUtilsThread - 0] WARN  pipeline.PipelinePlacementPolicy (PipelinePlacementPolicy.java:filterViableNodes(166)) - Pipeline creation failed due to no sufficient healthy datanodes. Required 3. Found 0. Excluded 3.
2023-07-05 13:42:20,538 [IPC Server handler 18 on default port 15055] INFO  net.NetworkTopologyImpl (NetworkTopologyImpl.java:add(112)) - Added a new node: /default-rack/aa000335-494a-4091-9473-11fe5522d401
2023-07-05 13:42:20,539 [IPC Server handler 18 on default port 15055] INFO  node.SCMNodeManager (SCMNodeManager.java:register(405)) - Registered Data node : aa000335-494a-4091-9473-11fe5522d401{ip: 10.1.0.13, host: fv-az264-29.ca02foy5wcnuvlrvrz2wi3p2og.dx.internal.cloudapp.net, ports: [HTTP=15089, CLIENT_RPC=15090, REPLICATION=15096, RATIS=15092, RATIS_ADMIN=15093, RATIS_SERVER=15094, RATIS_DATASTREAM=15095, STANDALONE=15091], networkLocation: /default-rack, certSerialId: null, persistedOpState: null, persistedOpStateExpiryEpochSec: 0}
2023-07-05 13:42:20,539 [EventQueue-NewNodeForNewNodeHandler] INFO  pipeline.BackgroundPipelineCreator (BackgroundPipelineCreator.java:notifyEventTriggered(277)) - trigger a one-shot run on RatisPipelineUtilsThread.
2023-07-05 13:42:20,539 [RatisPipelineUtilsThread - 0] INFO  pipeline.RatisPipelineProvider (RatisPipelineProvider.java:lambda$create$0(206)) - Sending CreatePipelineCommand for pipeline:PipelineID=5d569a50-3a21-4a4e-980d-d6d0528d13ad to datanode:aa000335-494a-4091-9473-11fe5522d401
2023-07-05 13:42:20,540 [RatisPipelineUtilsThread - 0] INFO  pipeline.BackgroundPipelineCreator (BackgroundPipelineCreator.java:createPipelines(233)) - Created new pipeline Pipeline[ Id: 5d569a50-3a21-4a4e-980d-d6d0528d13ad, Nodes: aa000335-494a-4091-9473-11fe5522d401(fv-az264-29.ca02foy5wcnuvlrvrz2wi3p2og.dx.internal.cloudapp.net/10.1.0.13), ReplicationConfig: RATIS/ONE, State:ALLOCATED, leaderId:, CreationTimestamp2023-07-05T13:42:20.539Z[Etc/UTC]]
2023-07-05 13:42:20,541 [RatisPipelineUtilsThread - 0] WARN  pipeline.PipelinePlacementPolicy (PipelinePlacementPolicy.java:filterViableNodes(166)) - Pipeline creation failed due to no sufficient healthy datanodes. Required 3. Found 1. Excluded 3.
2023-07-05 13:42:20,857 [Time-limited test] INFO  ozone.MiniOzoneClusterImpl (MiniOzoneClusterImpl.java:lambda$waitForClusterToBeReady$0(224)) - Waiting for nodes to be ready. Got 4 of 5 DN Heartbeats.
2023-07-05 13:42:20,857 [Time-limited test] INFO  ozone.MiniOzoneClusterImpl (MiniOzoneClusterImpl.java:lambda$waitForClusterToBeReady$0(227)) - Waiting for cluster to exit safe mode
2023-07-05 13:42:20,857 [Time-limited test] INFO  ozone.MiniOzoneClusterImpl (MiniOzoneClusterImpl.java:lambda$waitForClusterToBeReady$0(229)) - SCM became leader
2023-07-05 13:42:20,861 [IPC Server handler 16 on default port 15055] INFO  net.NetworkTopologyImpl (NetworkTopologyImpl.java:add(112)) - Added a new node: /default-rack/107862d4-58d6-4e98-9eb6-252f61002a57
2023-07-05 13:42:20,862 [IPC Server handler 16 on default port 15055] INFO  node.SCMNodeManager (SCMNodeManager.java:register(405)) - Registered Data node : 107862d4-58d6-4e98-9eb6-252f61002a57{ip: 10.1.0.13, host: fv-az264-29.ca02foy5wcnuvlrvrz2wi3p2og.dx.internal.cloudapp.net, ports: [HTTP=15098, CLIENT_RPC=15099, REPLICATION=15105, RATIS=15101, RATIS_ADMIN=15102, RATIS_SERVER=15103, RATIS_DATASTREAM=15104, STANDALONE=15100], networkLocation: /default-rack, certSerialId: null, persistedOpState: null, persistedOpStateExpiryEpochSec: 0}
2023-07-05 13:42:20,862 [EventQueue-NewNodeForNewNodeHandler] INFO  pipeline.BackgroundPipelineCreator (BackgroundPipelineCreator.java:notifyEventTriggered(277)) - trigger a one-shot run on RatisPipelineUtilsThread.
2023-07-05 13:42:20,863 [RatisPipelineUtilsThread - 0] INFO  pipeline.RatisPipelineProvider (RatisPipelineProvider.java:lambda$create$0(206)) - Sending CreatePipelineCommand for pipeline:PipelineID=52c66ee8-8d2f-441f-89f0-1da5191e984e to datanode:107862d4-58d6-4e98-9eb6-252f61002a57
2023-07-05 13:42:20,864 [RatisPipelineUtilsThread - 0] INFO  pipeline.BackgroundPipelineCreator (BackgroundPipelineCreator.java:createPipelines(233)) - Created new pipeline Pipeline[ Id: 52c66ee8-8d2f-441f-89f0-1da5191e984e, Nodes: 107862d4-58d6-4e98-9eb6-252f61002a57(fv-az264-29.ca02foy5wcnuvlrvrz2wi3p2og.dx.internal.cloudapp.net/10.1.0.13), ReplicationConfig: RATIS/ONE, State:ALLOCATED, leaderId:, CreationTimestamp2023-07-05T13:42:20.863Z[Etc/UTC]]
2023-07-05 13:42:20,864 [RatisPipelineUtilsThread - 0] WARN  pipeline.PipelinePlacementPolicy (PipelinePlacementPolicy.java:filterViableNodes(166)) - Pipeline creation failed due to no sufficient healthy datanodes. Required 3. Found 2. Excluded 3.
2023-07-05 13:42:20,895 [ReplicationMonitor] INFO  replication.ReplicationManager (ReplicationManager.java:processAll(361)) - Replication Manager is not ready to run until 3000ms after safemode exit
2023-07-05 13:42:21,858 [Time-limited test] INFO  ozone.MiniOzoneClusterImpl (MiniOzoneClusterImpl.java:lambda$waitForClusterToBeReady$0(224)) - Nodes are ready. Got 5 of 5 DN Heartbeats.
2023-07-05 13:42:21,858 [Time-limited test] INFO  ozone.MiniOzoneClusterImpl (MiniOzoneClusterImpl.java:lambda$waitForClusterToBeReady$0(227)) - Waiting for cluster to exit safe mode
2023-07-05 13:42:21,858 [Time-limited test] INFO  ozone.MiniOzoneClusterImpl (MiniOzoneClusterImpl.java:lambda$waitForClusterToBeReady$0(229)) - SCM became leader
2023-07-05 13:42:21,895 [ReplicationMonitor] INFO  replication.ReplicationManager (ReplicationManager.java:processAll(361)) - Replication Manager is not ready to run until 3000ms after safemode exit
2023-07-05 13:42:22,495 [PipelineCommandHandlerThread-0] INFO  server.RaftServer (RaftServerProxy.java:addNew(98)) - c67f853f-9851-48e5-9814-c89133fda60b: addNew group-50645A3F60F1:[c67f853f-9851-48e5-9814-c89133fda60b|rpc:10.1.0.13:15067|admin:10.1.0.13:15066|client:10.1.0.13:15065|dataStream:10.1.0.13:15068|priority:1|startupRole:FOLLOWER] returns group-50645A3F60F1:java.util.concurrent.CompletableFuture@16d16633[Not completed]
2023-07-05 13:42:22,496 [c67f853f-9851-48e5-9814-c89133fda60b-groupManagement] INFO  server.RaftServer$Division (RaftServerImpl.java:<init>(198)) - c67f853f-9851-48e5-9814-c89133fda60b: new RaftServerImpl for group-50645A3F60F1:[c67f853f-9851-48e5-9814-c89133fda60b|rpc:10.1.0.13:15067|admin:10.1.0.13:15066|client:10.1.0.13:15065|dataStream:10.1.0.13:15068|priority:1|startupRole:FOLLOWER] with ContainerStateMachine:uninitialized
2023-07-05 13:42:22,496 [c67f853f-9851-48e5-9814-c89133fda60b-groupManagement] INFO  server.RaftServerConfigKeys (ConfUtils.java:logGet(46)) - raft.server.rpc.timeout.min = 5s (custom)
2023-07-05 13:42:22,497 [c67f853f-9851-48e5-9814-c89133fda60b-groupManagement] INFO  server.RaftServerConfigKeys (ConfUtils.java:logGet(46)) - raft.server.rpc.timeout.max = 5200ms (custom)
2023-07-05 13:42:22,497 [c67f853f-9851-48e5-9814-c89133fda60b-groupManagement] INFO  server.RaftServerConfigKeys (ConfUtils.java:logGet(46)) - raft.server.rpc.sleep.time = 25ms (default)
2023-07-05 13:42:22,497 [c67f853f-9851-48e5-9814-c89133fda60b-groupManagement] INFO  server.RaftServerConfigKeys (ConfUtils.java:logGet(46)) - raft.server.rpc.slowness.timeout = 300s (custom)
2023-07-05 13:42:22,497 [c67f853f-9851-48e5-9814-c89133fda60b-groupManagement] INFO  server.RaftServerConfigKeys (ConfUtils.java:logGet(46)) - raft.server.leaderelection.leader.step-down.wait-time = 10s (default)
2023-07-05 13:42:22,497 [c67f853f-9851-48e5-9814-c89133fda60b-groupManagement] INFO  server.RaftServerConfigKeys (ConfUtils.java:logGet(46)) - raft.server.sleep.deviation.threshold = 300ms (default)
2023-07-05 13:42:22,497 [c67f853f-9851-48e5-9814-c89133fda60b-groupManagement] INFO  server.RaftServer$Division (ServerState.java:<init>(120)) - c67f853f-9851-48e5-9814-c89133fda60b@group-50645A3F60F1: ConfigurationManager, init=-1: peers:[c67f853f-9851-48e5-9814-c89133fda60b|rpc:10.1.0.13:15067|admin:10.1.0.13:15066|client:10.1.0.13:15065|dataStream:10.1.0.13:15068|priority:1|startupRole:FOLLOWER]|listeners:[], old=null, confs=<EMPTY_MAP>
2023-07-05 13:42:22,498 [c67f853f-9851-48e5-9814-c89133fda60b-groupManagement] INFO  server.RaftServerConfigKeys (ConfUtils.java:logGet(46)) - raft.server.storage.dir = [/home/runner/work/ozone/ozone/hadoop-ozone/integration-test/target/test-dir/MiniOzoneClusterImpl-a91d5bca-d5a1-41cf-9733-6b4d6b49c170/datanode-0/data/ratis] (custom)
2023-07-05 13:42:22,498 [c67f853f-9851-48e5-9814-c89133fda60b-groupManagement] INFO  server.RaftServerConfigKeys (ConfUtils.java:logGet(46)) - raft.server.log.corruption.policy = EXCEPTION (default)
2023-07-05 13:42:22,498 [c67f853f-9851-48e5-9814-c89133fda60b-groupManagement] INFO  server.RaftServerConfigKeys (ConfUtils.java:logGet(46)) - raft.server.storage.free-space.min = 0MB (=0) (default)
2023-07-05 13:42:22,498 [c67f853f-9851-48e5-9814-c89133fda60b-groupManagement] INFO  server.RaftServerConfigKeys (ConfUtils.java:logGet(46)) - raft.server.notification.no-leader.timeout = 300s (custom)
2023-07-05 13:42:22,498 [c67f853f-9851-48e5-9814-c89133fda60b-groupManagement] INFO  server.RaftServerConfigKeys (ConfUtils.java:logGet(46)) - raft.server.read.timeout = 10s (default)
2023-07-05 13:42:22,498 [c67f853f-9851-48e5-9814-c89133fda60b-groupManagement] INFO  server.RaftServerConfigKeys (ConfUtils.java:logGet(46)) - raft.server.retrycache.expirytime = 600000ms (custom)
2023-07-05 13:42:22,498 [c67f853f-9851-48e5-9814-c89133fda60b-groupManagement] INFO  server.RaftServerConfigKeys (ConfUtils.java:logGet(46)) - raft.server.retrycache.statistics.expirytime = 100μs (default)
2023-07-05 13:42:22,498 [c67f853f-9851-48e5-9814-c89133fda60b-groupManagement] INFO  server.RaftServerConfigKeys (ConfUtils.java:logGet(46)) - raft.server.read.option = DEFAULT (default)
2023-07-05 13:42:22,500 [c67f853f-9851-48e5-9814-c89133fda60b-groupManagement] INFO  server.RaftServerConfigKeys (ConfUtils.java:logGet(46)) - raft.server.rpc.request.timeout = 60s (custom)
2023-07-05 13:42:22,500 [c67f853f-9851-48e5-9814-c89133fda60b-groupManagement] INFO  server.RaftServerConfigKeys (ConfUtils.java:logGet(46)) - raft.server.log.appender.install.snapshot.enabled = false (custom)
2023-07-05 13:42:22,500 [c67f853f-9851-48e5-9814-c89133fda60b-groupManagement] INFO  server.RaftServerConfigKeys (ConfUtils.java:logGet(46)) - raft.server.threadpool.server.cached = true (default)
2023-07-05 13:42:22,500 [c67f853f-9851-48e5-9814-c89133fda60b-groupManagement] INFO  server.RaftServerConfigKeys (ConfUtils.java:logGet(46)) - raft.server.threadpool.server.size = 0 (default)
2023-07-05 13:42:22,500 [c67f853f-9851-48e5-9814-c89133fda60b-groupManagement] INFO  server.RaftServerConfigKeys (ConfUtils.java:logGet(46)) - raft.server.threadpool.client.cached = true (default)
2023-07-05 13:42:22,500 [c67f853f-9851-48e5-9814-c89133fda60b-groupManagement] INFO  server.RaftServerConfigKeys (ConfUtils.java:logGet(46)) - raft.server.threadpool.client.size = 0 (default)
2023-07-05 13:42:22,501 [c67f853f-9851-48e5-9814-c89133fda60b-groupManagement] INFO  storage.RaftStorageDirectory (RaftStorageDirectoryImpl.java:analyzeStorage(137)) - The storage directory /home/runner/work/ozone/ozone/hadoop-ozone/integration-test/target/test-dir/MiniOzoneClusterImpl-a91d5bca-d5a1-41cf-9733-6b4d6b49c170/datanode-0/data/ratis/f7316eee-855f-4e4b-9b98-50645a3f60f1 does not exist. Creating ...
2023-07-05 13:42:22,502 [c67f853f-9851-48e5-9814-c89133fda60b-groupManagement] INFO  storage.RaftStorageDirectory (RaftStorageDirectoryImpl.java:tryLock(231)) - Lock on /home/runner/work/ozone/ozone/hadoop-ozone/integration-test/target/test-dir/MiniOzoneClusterImpl-a91d5bca-d5a1-41cf-9733-6b4d6b49c170/datanode-0/data/ratis/f7316eee-855f-4e4b-9b98-50645a3f60f1/in_use.lock acquired by nodename 25537@fv-az264-29
2023-07-05 13:42:22,504 [c67f853f-9851-48e5-9814-c89133fda60b-groupManagement] INFO  storage.RaftStorage (RaftStorageImpl.java:format(96)) - Storage directory /home/runner/work/ozone/ozone/hadoop-ozone/integration-test/target/test-dir/MiniOzoneClusterImpl-a91d5bca-d5a1-41cf-9733-6b4d6b49c170/datanode-0/data/ratis/f7316eee-855f-4e4b-9b98-50645a3f60f1 has been successfully formatted.
2023-07-05 13:42:22,506 [c67f853f-9851-48e5-9814-c89133fda60b-groupManagement] INFO  ratis.ContainerStateMachine (ContainerStateMachine.java:loadSnapshot(262)) - group-50645A3F60F1: The snapshot info is null. Setting the last applied indexto:(t:0, i:~)
2023-07-05 13:42:22,506 [c67f853f-9851-48e5-9814-c89133fda60b-groupManagement] INFO  server.RaftServerConfigKeys (ConfUtils.java:logGet(46)) - raft.server.log.use.memory = false (default)
2023-07-05 13:42:22,506 [c67f853f-9851-48e5-9814-c89133fda60b-groupManagement] INFO  server.RaftServerConfigKeys (ConfUtils.java:logGet(46)) - raft.server.log.purge.gap = 1000000 (custom)
2023-07-05 13:42:22,506 [c67f853f-9851-48e5-9814-c89133fda60b-groupManagement] INFO  server.RaftServerConfigKeys (ConfUtils.java:logGet(46)) - raft.server.log.appender.buffer.byte-limit = 33554432 (custom)
2023-07-05 13:42:22,506 [c67f853f-9851-48e5-9814-c89133fda60b-groupManagement] INFO  server.RaftServerConfigKeys (ConfUtils.java:logGet(46)) - raft.server.log.statemachine.data.read.timeout = 1000ms (default)
2023-07-05 13:42:22,506 [c67f853f-9851-48e5-9814-c89133fda60b-groupManagement] INFO  server.RaftServerConfigKeys (ConfUtils.java:logGet(46)) - raft.server.log.purge.preservation.log.num = 0 (default)
2023-07-05 13:42:22,506 [c67f853f-9851-48e5-9814-c89133fda60b-groupManagement] INFO  server.RaftServerConfigKeys (ConfUtils.java:logGet(46)) - raft.server.log.segment.size.max = 1048576 (custom)
2023-07-05 13:42:22,508 [EventQueue-PipelineReportForPipelineReportHandler] INFO  pipeline.PipelineReportHandler (PipelineReportHandler.java:processPipelineReport(136)) - Opened pipeline PipelineID=f7316eee-855f-4e4b-9b98-50645a3f60f1
2023-07-05 13:42:22,510 [EventQueue-OpenPipelineForHealthyPipelineSafeModeRule] INFO  safemode.SCMSafeModeManager (HealthyPipelineSafeModeRule.java:process(137)) - SCM in safe mode. Healthy pipelines reported count is 0, required healthy pipeline reported count is 1
2023-07-05 13:42:22,512 [c67f853f-9851-48e5-9814-c89133fda60b-groupManagement] INFO  server.RaftServerConfigKeys (ConfUtils.java:logGet(46)) - raft.server.log.segment.cache.num.max = 2 (custom)
2023-07-05 13:42:22,512 [c67f853f-9851-48e5-9814-c89133fda60b-groupManagement] INFO  server.RaftServerConfigKeys (ConfUtils.java:logGet(46)) - raft.server.log.segment.cache.size.max = 200MB (=209715200) (default)
2023-07-05 13:42:22,512 [c67f853f-9851-48e5-9814-c89133fda60b-groupManagement] INFO  server.RaftServerConfigKeys (ConfUtils.java:logGet(46)) - raft.server.log.appender.buffer.byte-limit = 33554432 (custom)
2023-07-05 13:42:22,512 [c67f853f-9851-48e5-9814-c89133fda60b-groupManagement] INFO  segmented.SegmentedRaftLogWorker (SegmentedRaftLogWorker.java:<init>(188)) - new c67f853f-9851-48e5-9814-c89133fda60b@group-50645A3F60F1-SegmentedRaftLogWorker for RaftStorageImpl:Storage Directory /home/runner/work/ozone/ozone/hadoop-ozone/integration-test/target/test-dir/MiniOzoneClusterImpl-a91d5bca-d5a1-41cf-9733-6b4d6b49c170/datanode-0/data/ratis/f7316eee-855f-4e4b-9b98-50645a3f60f1
2023-07-05 13:42:22,512 [c67f853f-9851-48e5-9814-c89133fda60b-groupManagement] INFO  server.RaftServerConfigKeys (ConfUtils.java:logGet(46)) - raft.server.log.queue.byte-limit = 4294967296 (custom)
2023-07-05 13:42:22,512 [c67f853f-9851-48e5-9814-c89133fda60b-groupManagement] INFO  server.RaftServerConfigKeys (ConfUtils.java:logGet(46)) - raft.server.log.queue.element-limit = 1024 (custom)
2023-07-05 13:42:22,512 [c67f853f-9851-48e5-9814-c89133fda60b-groupManagement] INFO  server.RaftServerConfigKeys (ConfUtils.java:logGet(46)) - raft.server.log.segment.size.max = 1048576 (custom)
2023-07-05 13:42:22,512 [c67f853f-9851-48e5-9814-c89133fda60b-groupManagement] INFO  server.RaftServerConfigKeys (ConfUtils.java:logGet(46)) - raft.server.log.preallocated.size = 16384 (custom)
2023-07-05 13:42:22,512 [c67f853f-9851-48e5-9814-c89133fda60b-groupManagement] INFO  server.RaftServerConfigKeys (ConfUtils.java:logGet(46)) - raft.server.log.force.sync.num = 128 (default)
2023-07-05 13:42:22,512 [c67f853f-9851-48e5-9814-c89133fda60b-groupManagement] INFO  server.RaftServerConfigKeys (ConfUtils.java:logGet(46)) - raft.server.log.statemachine.data.sync = true (default)
2023-07-05 13:42:22,513 [c67f853f-9851-48e5-9814-c89133fda60b-groupManagement] INFO  server.RaftServerConfigKeys (ConfUtils.java:logGet(46)) - raft.server.log.statemachine.data.sync.timeout = 10s (default)
2023-07-05 13:42:22,513 [c67f853f-9851-48e5-9814-c89133fda60b-groupManagement] INFO  server.RaftServerConfigKeys (ConfUtils.java:logGet(46)) - raft.server.log.statemachine.data.sync.timeout.retry = -1 (default)
2023-07-05 13:42:22,513 [c67f853f-9851-48e5-9814-c89133fda60b-groupManagement] INFO  server.RaftServerConfigKeys (ConfUtils.java:logGet(46)) - raft.server.log.write.buffer.size = 1048576 (custom)
2023-07-05 13:42:22,514 [c67f853f-9851-48e5-9814-c89133fda60b-groupManagement] INFO  server.RaftServerConfigKeys (ConfUtils.java:logGet(46)) - raft.server.log.appender.buffer.byte-limit = 33554432 (custom)
2023-07-05 13:42:22,519 [c67f853f-9851-48e5-9814-c89133fda60b-groupManagement] INFO  server.RaftServerConfigKeys (ConfUtils.java:logGet(46)) - raft.server.log.unsafe-flush.enabled = false (default)
2023-07-05 13:42:22,519 [c67f853f-9851-48e5-9814-c89133fda60b-groupManagement] INFO  server.RaftServerConfigKeys (ConfUtils.java:logGet(46)) - raft.server.log.async-flush.enabled = false (default)
2023-07-05 13:42:22,519 [c67f853f-9851-48e5-9814-c89133fda60b-groupManagement] INFO  server.RaftServerConfigKeys (ConfUtils.java:logGet(46)) - raft.server.log.statemachine.data.caching.enabled = true (custom)
2023-07-05 13:42:22,520 [c67f853f-9851-48e5-9814-c89133fda60b-groupManagement] INFO  segmented.SegmentedRaftLogWorker (SegmentedRaftLogWorker.java:lambda$new$0(135)) - c67f853f-9851-48e5-9814-c89133fda60b@group-50645A3F60F1-SegmentedRaftLogWorker: flushIndex: setUnconditionally 0 -> -1
2023-07-05 13:42:22,520 [c67f853f-9851-48e5-9814-c89133fda60b-groupManagement] INFO  segmented.SegmentedRaftLogWorker (SegmentedRaftLogWorker.java:lambda$new$0(135)) - c67f853f-9851-48e5-9814-c89133fda60b@group-50645A3F60F1-SegmentedRaftLogWorker: safeCacheEvictIndex: setUnconditionally 0 -> -1
2023-07-05 13:42:22,520 [c67f853f-9851-48e5-9814-c89133fda60b-groupManagement] INFO  server.RaftServer$Division (RaftServerImpl.java:start(342)) - c67f853f-9851-48e5-9814-c89133fda60b@group-50645A3F60F1: start as a follower, conf=-1: peers:[c67f853f-9851-48e5-9814-c89133fda60b|rpc:10.1.0.13:15067|admin:10.1.0.13:15066|client:10.1.0.13:15065|dataStream:10.1.0.13:15068|priority:1|startupRole:FOLLOWER]|listeners:[], old=null
2023-07-05 13:42:22,520 [c67f853f-9851-48e5-9814-c89133fda60b-groupManagement] INFO  server.RaftServer$Division (RaftServerImpl.java:setRole(329)) - c67f853f-9851-48e5-9814-c89133fda60b@group-50645A3F60F1: changes role from      null to FOLLOWER at term 0 for startAsFollower
2023-07-05 13:42:22,520 [c67f853f-9851-48e5-9814-c89133fda60b-groupManagement] INFO  impl.RoleInfo (RoleInfo.java:updateAndGet(139)) - c67f853f-9851-48e5-9814-c89133fda60b: start c67f853f-9851-48e5-9814-c89133fda60b@group-50645A3F60F1-FollowerState
2023-07-05 13:42:22,520 [c67f853f-9851-48e5-9814-c89133fda60b@group-50645A3F60F1-FollowerState] INFO  server.RaftServerConfigKeys (ConfUtils.java:logFallback(53)) - raft.server.rpc.first-election.timeout.min = 5s (fallback to raft.server.rpc.timeout.min)
2023-07-05 13:42:22,520 [c67f853f-9851-48e5-9814-c89133fda60b-groupManagement] INFO  util.JmxRegister (JmxRegister.java:tryRegister(44)) - Successfully registered JMX Bean with object name Ratis:service=RaftServer,group=group-50645A3F60F1,id=c67f853f-9851-48e5-9814-c89133fda60b
2023-07-05 13:42:22,521 [c67f853f-9851-48e5-9814-c89133fda60b@group-50645A3F60F1-FollowerState] INFO  server.RaftServerConfigKeys (ConfUtils.java:logFallback(53)) - raft.server.rpc.first-election.timeout.max = 5200ms (fallback to raft.server.rpc.timeout.max)
2023-07-05 13:42:22,521 [c67f853f-9851-48e5-9814-c89133fda60b-groupManagement] INFO  server.RaftServerConfigKeys (ConfUtils.java:logGet(46)) - raft.server.snapshot.auto.trigger.enabled = true (custom)
2023-07-05 13:42:22,522 [c67f853f-9851-48e5-9814-c89133fda60b-groupManagement] INFO  server.RaftServerConfigKeys (ConfUtils.java:logGet(46)) - raft.server.snapshot.auto.trigger.threshold = 10000 (custom)
2023-07-05 13:42:22,522 [c67f853f-9851-48e5-9814-c89133fda60b-groupManagement] INFO  server.RaftServerConfigKeys (ConfUtils.java:logGet(46)) - raft.server.snapshot.retention.file.num = 5 (custom)
2023-07-05 13:42:22,522 [c67f853f-9851-48e5-9814-c89133fda60b-groupManagement] INFO  server.RaftServerConfigKeys (ConfUtils.java:logGet(46)) - raft.server.log.purge.upto.snapshot.index = false (default)
2023-07-05 13:42:22,525 [PipelineCommandHandlerThread-0] INFO  ratis.XceiverServerRatis (XceiverServerRatis.java:addGroup(804)) - Created group PipelineID=f7316eee-855f-4e4b-9b98-50645a3f60f1
2023-07-05 13:42:22,525 [PipelineCommandHandlerThread-0] INFO  commandhandler.CreatePipelineCommandHandler (CreatePipelineCommandHandler.java:lambda$handle$2(124)) - Created Pipeline RATIS ONE PipelineID=f7316eee-855f-4e4b-9b98-50645a3f60f1.
2023-07-05 13:42:22,526 [PipelineCommandHandlerThread-0] INFO  server.RaftServer (RaftServerProxy.java:addNew(98)) - c67f853f-9851-48e5-9814-c89133fda60b: addNew group-D713B65C45D2:[c67f853f-9851-48e5-9814-c89133fda60b|rpc:10.1.0.13:15067|admin:10.1.0.13:15066|client:10.1.0.13:15065|dataStream:10.1.0.13:15068|priority:0|startupRole:FOLLOWER, 6d685894-e83d-4eff-a4f6-a21b002b35fd|rpc:10.1.0.13:15076|admin:10.1.0.13:15075|client:10.1.0.13:15074|dataStream:10.1.0.13:15077|priority:0|startupRole:FOLLOWER, 76b6de06-79b2-4410-afad-6ed4eb2113a8|rpc:10.1.0.13:15085|admin:10.1.0.13:15084|client:10.1.0.13:15083|dataStream:10.1.0.13:15086|priority:1|startupRole:FOLLOWER] returns group-D713B65C45D2:java.util.concurrent.CompletableFuture@12eee031[Not completed]
2023-07-05 13:42:22,527 [c67f853f-9851-48e5-9814-c89133fda60b-groupManagement] INFO  server.RaftServer$Division (RaftServerImpl.java:<init>(198)) - c67f853f-9851-48e5-9814-c89133fda60b: new RaftServerImpl for group-D713B65C45D2:[c67f853f-9851-48e5-9814-c89133fda60b|rpc:10.1.0.13:15067|admin:10.1.0.13:15066|client:10.1.0.13:15065|dataStream:10.1.0.13:15068|priority:0|startupRole:FOLLOWER, 6d685894-e83d-4eff-a4f6-a21b002b35fd|rpc:10.1.0.13:15076|admin:10.1.0.13:15075|client:10.1.0.13:15074|dataStream:10.1.0.13:15077|priority:0|startupRole:FOLLOWER, 76b6de06-79b2-4410-afad-6ed4eb2113a8|rpc:10.1.0.13:15085|admin:10.1.0.13:15084|client:10.1.0.13:15083|dataStream:10.1.0.13:15086|priority:1|startupRole:FOLLOWER] with ContainerStateMachine:uninitialized
2023-07-05 13:42:22,527 [c67f853f-9851-48e5-9814-c89133fda60b-groupManagement] INFO  server.RaftServerConfigKeys (ConfUtils.java:logGet(46)) - raft.server.rpc.timeout.min = 5s (custom)
2023-07-05 13:42:22,527 [c67f853f-9851-48e5-9814-c89133fda60b-groupManagement] INFO  server.RaftServerConfigKeys (ConfUtils.java:logGet(46)) - raft.server.rpc.timeout.max = 5200ms (custom)
2023-07-05 13:42:22,527 [c67f853f-9851-48e5-9814-c89133fda60b-groupManagement] INFO  server.RaftServerConfigKeys (ConfUtils.java:logGet(46)) - raft.server.rpc.sleep.time = 25ms (default)
2023-07-05 13:42:22,527 [c67f853f-9851-48e5-9814-c89133fda60b-groupManagement] INFO  server.RaftServerConfigKeys (ConfUtils.java:logGet(46)) - raft.server.rpc.slowness.timeout = 300s (custom)
2023-07-05 13:42:22,527 [c67f853f-9851-48e5-9814-c89133fda60b-groupManagement] INFO  server.RaftServerConfigKeys (ConfUtils.java:logGet(46)) - raft.server.leaderelection.leader.step-down.wait-time = 10s (default)
2023-07-05 13:42:22,527 [c67f853f-9851-48e5-9814-c89133fda60b-groupManagement] INFO  server.RaftServerConfigKeys (ConfUtils.java:logGet(46)) - raft.server.sleep.deviation.threshold = 300ms (default)
2023-07-05 13:42:22,527 [c67f853f-9851-48e5-9814-c89133fda60b-groupManagement] INFO  server.RaftServer$Division (ServerState.java:<init>(120)) - c67f853f-9851-48e5-9814-c89133fda60b@group-D713B65C45D2: ConfigurationManager, init=-1: peers:[c67f853f-9851-48e5-9814-c89133fda60b|rpc:10.1.0.13:15067|admin:10.1.0.13:15066|client:10.1.0.13:15065|dataStream:10.1.0.13:15068|priority:0|startupRole:FOLLOWER, 6d685894-e83d-4eff-a4f6-a21b002b35fd|rpc:10.1.0.13:15076|admin:10.1.0.13:15075|client:10.1.0.13:15074|dataStream:10.1.0.13:15077|priority:0|startupRole:FOLLOWER, 76b6de06-79b2-4410-afad-6ed4eb2113a8|rpc:10.1.0.13:15085|admin:10.1.0.13:15084|client:10.1.0.13:15083|dataStream:10.1.0.13:15086|priority:1|startupRole:FOLLOWER]|listeners:[], old=null, confs=<EMPTY_MAP>
2023-07-05 13:42:22,527 [c67f853f-9851-48e5-9814-c89133fda60b-groupManagement] INFO  server.RaftServerConfigKeys (ConfUtils.java:logGet(46)) - raft.server.storage.dir = [/home/runner/work/ozone/ozone/hadoop-ozone/integration-test/target/test-dir/MiniOzoneClusterImpl-a91d5bca-d5a1-41cf-9733-6b4d6b49c170/datanode-0/data/ratis] (custom)
2023-07-05 13:42:22,527 [c67f853f-9851-48e5-9814-c89133fda60b-groupManagement] INFO  server.RaftServerConfigKeys (ConfUtils.java:logGet(46)) - raft.server.log.corruption.policy = EXCEPTION (default)
2023-07-05 13:42:22,528 [c67f853f-9851-48e5-9814-c89133fda60b-groupManagement] INFO  server.RaftServerConfigKeys (ConfUtils.java:logGet(46)) - raft.server.storage.free-space.min = 0MB (=0) (default)
2023-07-05 13:42:22,528 [c67f853f-9851-48e5-9814-c89133fda60b-groupManagement] INFO  server.RaftServerConfigKeys (ConfUtils.java:logGet(46)) - raft.server.notification.no-leader.timeout = 300s (custom)
2023-07-05 13:42:22,528 [c67f853f-9851-48e5-9814-c89133fda60b-groupManagement] INFO  server.RaftServerConfigKeys (ConfUtils.java:logGet(46)) - raft.server.read.timeout = 10s (default)
2023-07-05 13:42:22,528 [c67f853f-9851-48e5-9814-c89133fda60b-groupManagement] INFO  server.RaftServerConfigKeys (ConfUtils.java:logGet(46)) - raft.server.retrycache.expirytime = 600000ms (custom)
2023-07-05 13:42:22,528 [c67f853f-9851-48e5-9814-c89133fda60b-groupManagement] INFO  server.RaftServerConfigKeys (ConfUtils.java:logGet(46)) - raft.server.retrycache.statistics.expirytime = 100μs (default)
2023-07-05 13:42:22,528 [c67f853f-9851-48e5-9814-c89133fda60b-groupManagement] INFO  server.RaftServerConfigKeys (ConfUtils.java:logGet(46)) - raft.server.read.option = DEFAULT (default)
2023-07-05 13:42:22,529 [c67f853f-9851-48e5-9814-c89133fda60b-groupManagement] INFO  server.RaftServerConfigKeys (ConfUtils.java:logGet(46)) - raft.server.rpc.request.timeout = 60s (custom)
2023-07-05 13:42:22,529 [c67f853f-9851-48e5-9814-c89133fda60b-groupManagement] INFO  server.RaftServerConfigKeys (ConfUtils.java:logGet(46)) - raft.server.log.appender.install.snapshot.enabled = false (custom)
2023-07-05 13:42:22,529 [c67f853f-9851-48e5-9814-c89133fda60b-groupManagement] INFO  server.RaftServerConfigKeys (ConfUtils.java:logGet(46)) - raft.server.threadpool.server.cached = true (default)
2023-07-05 13:42:22,529 [c67f853f-9851-48e5-9814-c89133fda60b-groupManagement] INFO  server.RaftServerConfigKeys (ConfUtils.java:logGet(46)) - raft.server.threadpool.server.size = 0 (default)
2023-07-05 13:42:22,529 [c67f853f-9851-48e5-9814-c89133fda60b-groupManagement] INFO  server.RaftServerConfigKeys (ConfUtils.java:logGet(46)) - raft.server.threadpool.client.cached = true (default)
2023-07-05 13:42:22,529 [c67f853f-9851-48e5-9814-c89133fda60b-groupManagement] INFO  server.RaftServerConfigKeys (ConfUtils.java:logGet(46)) - raft.server.threadpool.client.size = 0 (default)
2023-07-05 13:42:22,529 [c67f853f-9851-48e5-9814-c89133fda60b-groupManagement] INFO  storage.RaftStorageDirectory (RaftStorageDirectoryImpl.java:analyzeStorage(137)) - The storage directory /home/runner/work/ozone/ozone/hadoop-ozone/integration-test/target/test-dir/MiniOzoneClusterImpl-a91d5bca-d5a1-41cf-9733-6b4d6b49c170/datanode-0/data/ratis/77efb71e-c570-447e-8db9-d713b65c45d2 does not exist. Creating ...
2023-07-05 13:42:22,532 [c67f853f-9851-48e5-9814-c89133fda60b-groupManagement] INFO  storage.RaftStorageDirectory (RaftStorageDirectoryImpl.java:tryLock(231)) - Lock on /home/runner/work/ozone/ozone/hadoop-ozone/integration-test/target/test-dir/MiniOzoneClusterImpl-a91d5bca-d5a1-41cf-9733-6b4d6b49c170/datanode-0/data/ratis/77efb71e-c570-447e-8db9-d713b65c45d2/in_use.lock acquired by nodename 25537@fv-az264-29
2023-07-05 13:42:22,533 [c67f853f-9851-48e5-9814-c89133fda60b-groupManagement] INFO  storage.RaftStorage (RaftStorageImpl.java:format(96)) - Storage directory /home/runner/work/ozone/ozone/hadoop-ozone/integration-test/target/test-dir/MiniOzoneClusterImpl-a91d5bca-d5a1-41cf-9733-6b4d6b49c170/datanode-0/data/ratis/77efb71e-c570-447e-8db9-d713b65c45d2 has been successfully formatted.
2023-07-05 13:42:22,534 [c67f853f-9851-48e5-9814-c89133fda60b-groupManagement] INFO  ratis.ContainerStateMachine (ContainerStateMachine.java:loadSnapshot(262)) - group-D713B65C45D2: The snapshot info is null. Setting the last applied indexto:(t:0, i:~)
2023-07-05 13:42:22,534 [c67f853f-9851-48e5-9814-c89133fda60b-groupManagement] INFO  server.RaftServerConfigKeys (ConfUtils.java:logGet(46)) - raft.server.log.use.memory = false (default)
2023-07-05 13:42:22,534 [c67f853f-9851-48e5-9814-c89133fda60b-groupManagement] INFO  server.RaftServerConfigKeys (ConfUtils.java:logGet(46)) - raft.server.log.purge.gap = 1000000 (custom)
2023-07-05 13:42:22,535 [c67f853f-9851-48e5-9814-c89133fda60b-groupManagement] INFO  server.RaftServerConfigKeys (ConfUtils.java:logGet(46)) - raft.server.log.appender.buffer.byte-limit = 33554432 (custom)
2023-07-05 13:42:22,535 [c67f853f-9851-48e5-9814-c89133fda60b-groupManagement] INFO  server.RaftServerConfigKeys (ConfUtils.java:logGet(46)) - raft.server.log.statemachine.data.read.timeout = 1000ms (default)
2023-07-05 13:42:22,535 [c67f853f-9851-48e5-9814-c89133fda60b-groupManagement] INFO  server.RaftServerConfigKeys (ConfUtils.java:logGet(46)) - raft.server.log.purge.preservation.log.num = 0 (default)
2023-07-05 13:42:22,535 [c67f853f-9851-48e5-9814-c89133fda60b-groupManagement] INFO  server.RaftServerConfigKeys (ConfUtils.java:logGet(46)) - raft.server.log.segment.size.max = 1048576 (custom)
2023-07-05 13:42:22,535 [EventQueue-OpenPipelineForHealthyPipelineSafeModeRule] INFO  safemode.SCMSafeModeManager (HealthyPipelineSafeModeRule.java:process(137)) - SCM in safe mode. Healthy pipelines reported count is 0, required healthy pipeline reported count is 1
2023-07-05 13:42:22,536 [c67f853f-9851-48e5-9814-c89133fda60b-groupManagement] INFO  server.RaftServerConfigKeys (ConfUtils.java:logGet(46)) - raft.server.log.segment.cache.num.max = 2 (custom)
2023-07-05 13:42:22,536 [c67f853f-9851-48e5-9814-c89133fda60b-groupManagement] INFO  server.RaftServerConfigKeys (ConfUtils.java:logGet(46)) - raft.server.log.segment.cache.size.max = 200MB (=209715200) (default)
2023-07-05 13:42:22,536 [c67f853f-9851-48e5-9814-c89133fda60b-groupManagement] INFO  server.RaftServerConfigKeys (ConfUtils.java:logGet(46)) - raft.server.log.appender.buffer.byte-limit = 33554432 (custom)
2023-07-05 13:42:22,536 [c67f853f-9851-48e5-9814-c89133fda60b-groupManagement] INFO  segmented.SegmentedRaftLogWorker (SegmentedRaftLogWorker.java:<init>(188)) - new c67f853f-9851-48e5-9814-c89133fda60b@group-D713B65C45D2-SegmentedRaftLogWorker for RaftStorageImpl:Storage Directory /home/runner/work/ozone/ozone/hadoop-ozone/integration-test/target/test-dir/MiniOzoneClusterImpl-a91d5bca-d5a1-41cf-9733-6b4d6b49c170/datanode-0/data/ratis/77efb71e-c570-447e-8db9-d713b65c45d2
2023-07-05 13:42:22,536 [c67f853f-9851-48e5-9814-c89133fda60b-groupManagement] INFO  server.RaftServerConfigKeys (ConfUtils.java:logGet(46)) - raft.server.log.queue.byte-limit = 4294967296 (custom)
2023-07-05 13:42:22,536 [c67f853f-9851-48e5-9814-c89133fda60b-groupManagement] INFO  server.RaftServerConfigKeys (ConfUtils.java:logGet(46)) - raft.server.log.queue.element-limit = 1024 (custom)
2023-07-05 13:42:22,536 [c67f853f-9851-48e5-9814-c89133fda60b-groupManagement] INFO  server.RaftServerConfigKeys (ConfUtils.java:logGet(46)) - raft.server.log.segment.size.max = 1048576 (custom)
2023-07-05 13:42:22,536 [c67f853f-9851-48e5-9814-c89133fda60b-groupManagement] INFO  server.RaftServerConfigKeys (ConfUtils.java:logGet(46)) - raft.server.log.preallocated.size = 16384 (custom)
2023-07-05 13:42:22,536 [c67f853f-9851-48e5-9814-c89133fda60b-groupManagement] INFO  server.RaftServerConfigKeys (ConfUtils.java:logGet(46)) - raft.server.log.force.sync.num = 128 (default)
2023-07-05 13:42:22,536 [c67f853f-9851-48e5-9814-c89133fda60b-groupManagement] INFO  server.RaftServerConfigKeys (ConfUtils.java:logGet(46)) - raft.server.log.statemachine.data.sync = true (default)
2023-07-05 13:42:22,536 [c67f853f-9851-48e5-9814-c89133fda60b-groupManagement] INFO  server.RaftServerConfigKeys (ConfUtils.java:logGet(46)) - raft.server.log.statemachine.data.sync.timeout = 10s (default)
2023-07-05 13:42:22,536 [c67f853f-9851-48e5-9814-c89133fda60b-groupManagement] INFO  server.RaftServerConfigKeys (ConfUtils.java:logGet(46)) - raft.server.log.statemachine.data.sync.timeout.retry = -1 (default)
2023-07-05 13:42:22,537 [c67f853f-9851-48e5-9814-c89133fda60b-groupManagement] INFO  server.RaftServerConfigKeys (ConfUtils.java:logGet(46)) - raft.server.log.write.buffer.size = 1048576 (custom)
2023-07-05 13:42:22,539 [c67f853f-9851-48e5-9814-c89133fda60b-groupManagement] INFO  server.RaftServerConfigKeys (ConfUtils.java:logGet(46)) - raft.server.log.appender.buffer.byte-limit = 33554432 (custom)
2023-07-05 13:42:22,544 [c67f853f-9851-48e5-9814-c89133fda60b-groupManagement] INFO  server.RaftServerConfigKeys (ConfUtils.java:logGet(46)) - raft.server.log.unsafe-flush.enabled = false (default)
2023-07-05 13:42:22,544 [c67f853f-9851-48e5-9814-c89133fda60b-groupManagement] INFO  server.RaftServerConfigKeys (ConfUtils.java:logGet(46)) - raft.server.log.async-flush.enabled = false (default)
2023-07-05 13:42:22,544 [c67f853f-9851-48e5-9814-c89133fda60b-groupManagement] INFO  server.RaftServerConfigKeys (ConfUtils.java:logGet(46)) - raft.server.log.statemachine.data.caching.enabled = true (custom)
2023-07-05 13:42:22,544 [c67f853f-9851-48e5-9814-c89133fda60b-groupManagement] INFO  segmented.SegmentedRaftLogWorker (SegmentedRaftLogWorker.java:lambda$new$0(135)) - c67f853f-9851-48e5-9814-c89133fda60b@group-D713B65C45D2-SegmentedRaftLogWorker: flushIndex: setUnconditionally 0 -> -1
2023-07-05 13:42:22,544 [c67f853f-9851-48e5-9814-c89133fda60b-groupManagement] INFO  segmented.SegmentedRaftLogWorker (SegmentedRaftLogWorker.java:lambda$new$0(135)) - c67f853f-9851-48e5-9814-c89133fda60b@group-D713B65C45D2-SegmentedRaftLogWorker: safeCacheEvictIndex: setUnconditionally 0 -> -1
2023-07-05 13:42:22,545 [c67f853f-9851-48e5-9814-c89133fda60b-groupManagement] INFO  server.RaftServer$Division (RaftServerImpl.java:start(342)) - c67f853f-9851-48e5-9814-c89133fda60b@group-D713B65C45D2: start as a follower, conf=-1: peers:[c67f853f-9851-48e5-9814-c89133fda60b|rpc:10.1.0.13:15067|admin:10.1.0.13:15066|client:10.1.0.13:15065|dataStream:10.1.0.13:15068|priority:0|startupRole:FOLLOWER, 6d685894-e83d-4eff-a4f6-a21b002b35fd|rpc:10.1.0.13:15076|admin:10.1.0.13:15075|client:10.1.0.13:15074|dataStream:10.1.0.13:15077|priority:0|startupRole:FOLLOWER, 76b6de06-79b2-4410-afad-6ed4eb2113a8|rpc:10.1.0.13:15085|admin:10.1.0.13:15084|client:10.1.0.13:15083|dataStream:10.1.0.13:15086|priority:1|startupRole:FOLLOWER]|listeners:[], old=null
2023-07-05 13:42:22,545 [c67f853f-9851-48e5-9814-c89133fda60b-groupManagement] INFO  server.RaftServer$Division (RaftServerImpl.java:setRole(329)) - c67f853f-9851-48e5-9814-c89133fda60b@group-D713B65C45D2: changes role from      null to FOLLOWER at term 0 for startAsFollower
2023-07-05 13:42:22,545 [c67f853f-9851-48e5-9814-c89133fda60b-groupManagement] INFO  impl.RoleInfo (RoleInfo.java:updateAndGet(139)) - c67f853f-9851-48e5-9814-c89133fda60b: start c67f853f-9851-48e5-9814-c89133fda60b@group-D713B65C45D2-FollowerState
2023-07-05 13:42:22,546 [c67f853f-9851-48e5-9814-c89133fda60b-groupManagement] INFO  util.JmxRegister (JmxRegister.java:tryRegister(44)) - Successfully registered JMX Bean with object name Ratis:service=RaftServer,group=group-D713B65C45D2,id=c67f853f-9851-48e5-9814-c89133fda60b
2023-07-05 13:42:22,546 [c67f853f-9851-48e5-9814-c89133fda60b-groupManagement] INFO  server.RaftServerConfigKeys (ConfUtils.java:logGet(46)) - raft.server.snapshot.auto.trigger.enabled = true (custom)
2023-07-05 13:42:22,546 [c67f853f-9851-48e5-9814-c89133fda60b-groupManagement] INFO  server.RaftServerConfigKeys (ConfUtils.java:logGet(46)) - raft.server.snapshot.auto.trigger.threshold = 10000 (custom)
2023-07-05 13:42:22,546 [c67f853f-9851-48e5-9814-c89133fda60b-groupManagement] INFO  server.RaftServerConfigKeys (ConfUtils.java:logGet(46)) - raft.server.snapshot.retention.file.num = 5 (custom)
2023-07-05 13:42:22,546 [c67f853f-9851-48e5-9814-c89133fda60b-groupManagement] INFO  server.RaftServerConfigKeys (ConfUtils.java:logGet(46)) - raft.server.log.purge.upto.snapshot.index = false (default)
2023-07-05 13:42:22,547 [c67f853f-9851-48e5-9814-c89133fda60b@group-D713B65C45D2-FollowerState] INFO  server.RaftServerConfigKeys (ConfUtils.java:logFallback(53)) - raft.server.rpc.first-election.timeout.min = 5s (fallback to raft.server.rpc.timeout.min)
2023-07-05 13:42:22,549 [PipelineCommandHandlerThread-0] INFO  ratis.XceiverServerRatis (XceiverServerRatis.java:addGroup(804)) - Created group PipelineID=77efb71e-c570-447e-8db9-d713b65c45d2
2023-07-05 13:42:22,554 [c67f853f-9851-48e5-9814-c89133fda60b@group-D713B65C45D2-FollowerState] INFO  server.RaftServerConfigKeys (ConfUtils.java:logFallback(53)) - raft.server.rpc.first-election.timeout.max = 5200ms (fallback to raft.server.rpc.timeout.max)
2023-07-05 13:42:22,570 [grpc-default-executor-0] INFO  server.RaftServer (RaftServerProxy.java:addNew(98)) - 6d685894-e83d-4eff-a4f6-a21b002b35fd: addNew group-D713B65C45D2:[c67f853f-9851-48e5-9814-c89133fda60b|rpc:10.1.0.13:15067|admin:10.1.0.13:15066|client:10.1.0.13:15065|dataStream:10.1.0.13:15068|priority:0|startupRole:FOLLOWER, 6d685894-e83d-4eff-a4f6-a21b002b35fd|rpc:10.1.0.13:15076|admin:10.1.0.13:15075|client:10.1.0.13:15074|dataStream:10.1.0.13:15077|priority:0|startupRole:FOLLOWER, 76b6de06-79b2-4410-afad-6ed4eb2113a8|rpc:10.1.0.13:15085|admin:10.1.0.13:15084|client:10.1.0.13:15083|dataStream:10.1.0.13:15086|priority:1|startupRole:FOLLOWER] returns group-D713B65C45D2:java.util.concurrent.CompletableFuture@f0b0388[Not completed]
2023-07-05 13:42:22,571 [6d685894-e83d-4eff-a4f6-a21b002b35fd-groupManagement] INFO  server.RaftServer$Division (RaftServerImpl.java:<init>(198)) - 6d685894-e83d-4eff-a4f6-a21b002b35fd: new RaftServerImpl for group-D713B65C45D2:[c67f853f-9851-48e5-9814-c89133fda60b|rpc:10.1.0.13:15067|admin:10.1.0.13:15066|client:10.1.0.13:15065|dataStream:10.1.0.13:15068|priority:0|startupRole:FOLLOWER, 6d685894-e83d-4eff-a4f6-a21b002b35fd|rpc:10.1.0.13:15076|admin:10.1.0.13:15075|client:10.1.0.13:15074|dataStream:10.1.0.13:15077|priority:0|startupRole:FOLLOWER, 76b6de06-79b2-4410-afad-6ed4eb2113a8|rpc:10.1.0.13:15085|admin:10.1.0.13:15084|client:10.1.0.13:15083|dataStream:10.1.0.13:15086|priority:1|startupRole:FOLLOWER] with ContainerStateMachine:uninitialized
2023-07-05 13:42:22,571 [6d685894-e83d-4eff-a4f6-a21b002b35fd-groupManagement] INFO  server.RaftServerConfigKeys (ConfUtils.java:logGet(46)) - raft.server.rpc.timeout.min = 5s (custom)
2023-07-05 13:42:22,571 [6d685894-e83d-4eff-a4f6-a21b002b35fd-groupManagement] INFO  server.RaftServerConfigKeys (ConfUtils.java:logGet(46)) - raft.server.rpc.timeout.max = 5200ms (custom)
2023-07-05 13:42:22,571 [6d685894-e83d-4eff-a4f6-a21b002b35fd-groupManagement] INFO  server.RaftServerConfigKeys (ConfUtils.java:logGet(46)) - raft.server.rpc.sleep.time = 25ms (default)
2023-07-05 13:42:22,572 [6d685894-e83d-4eff-a4f6-a21b002b35fd-groupManagement] INFO  server.RaftServerConfigKeys (ConfUtils.java:logGet(46)) - raft.server.rpc.slowness.timeout = 300s (custom)
2023-07-05 13:42:22,572 [6d685894-e83d-4eff-a4f6-a21b002b35fd-groupManagement] INFO  server.RaftServerConfigKeys (ConfUtils.java:logGet(46)) - raft.server.leaderelection.leader.step-down.wait-time = 10s (default)
2023-07-05 13:42:22,572 [6d685894-e83d-4eff-a4f6-a21b002b35fd-groupManagement] INFO  server.RaftServerConfigKeys (ConfUtils.java:logGet(46)) - raft.server.sleep.deviation.threshold = 300ms (default)
2023-07-05 13:42:22,572 [6d685894-e83d-4eff-a4f6-a21b002b35fd-groupManagement] INFO  server.RaftServer$Division (ServerState.java:<init>(120)) - 6d685894-e83d-4eff-a4f6-a21b002b35fd@group-D713B65C45D2: ConfigurationManager, init=-1: peers:[c67f853f-9851-48e5-9814-c89133fda60b|rpc:10.1.0.13:15067|admin:10.1.0.13:15066|client:10.1.0.13:15065|dataStream:10.1.0.13:15068|priority:0|startupRole:FOLLOWER, 6d685894-e83d-4eff-a4f6-a21b002b35fd|rpc:10.1.0.13:15076|admin:10.1.0.13:15075|client:10.1.0.13:15074|dataStream:10.1.0.13:15077|priority:0|startupRole:FOLLOWER, 76b6de06-79b2-4410-afad-6ed4eb2113a8|rpc:10.1.0.13:15085|admin:10.1.0.13:15084|client:10.1.0.13:15083|dataStream:10.1.0.13:15086|priority:1|startupRole:FOLLOWER]|listeners:[], old=null, confs=<EMPTY_MAP>
2023-07-05 13:42:22,572 [6d685894-e83d-4eff-a4f6-a21b002b35fd-groupManagement] INFO  server.RaftServerConfigKeys (ConfUtils.java:logGet(46)) - raft.server.storage.dir = [/home/runner/work/ozone/ozone/hadoop-ozone/integration-test/target/test-dir/MiniOzoneClusterImpl-a91d5bca-d5a1-41cf-9733-6b4d6b49c170/datanode-1/data/ratis] (custom)
2023-07-05 13:42:22,572 [6d685894-e83d-4eff-a4f6-a21b002b35fd-groupManagement] INFO  server.RaftServerConfigKeys (ConfUtils.java:logGet(46)) - raft.server.log.corruption.policy = EXCEPTION (default)
2023-07-05 13:42:22,572 [6d685894-e83d-4eff-a4f6-a21b002b35fd-groupManagement] INFO  server.RaftServerConfigKeys (ConfUtils.java:logGet(46)) - raft.server.storage.free-space.min = 0MB (=0) (default)
2023-07-05 13:42:22,573 [6d685894-e83d-4eff-a4f6-a21b002b35fd-groupManagement] INFO  server.RaftServerConfigKeys (ConfUtils.java:logGet(46)) - raft.server.notification.no-leader.timeout = 300s (custom)
2023-07-05 13:42:22,573 [6d685894-e83d-4eff-a4f6-a21b002b35fd-groupManagement] INFO  server.RaftServerConfigKeys (ConfUtils.java:logGet(46)) - raft.server.read.timeout = 10s (default)
2023-07-05 13:42:22,573 [6d685894-e83d-4eff-a4f6-a21b002b35fd-groupManagement] INFO  server.RaftServerConfigKeys (ConfUtils.java:logGet(46)) - raft.server.retrycache.expirytime = 600000ms (custom)
2023-07-05 13:42:22,573 [6d685894-e83d-4eff-a4f6-a21b002b35fd-groupManagement] INFO  server.RaftServerConfigKeys (ConfUtils.java:logGet(46)) - raft.server.retrycache.statistics.expirytime = 100μs (default)
2023-07-05 13:42:22,574 [6d685894-e83d-4eff-a4f6-a21b002b35fd-groupManagement] INFO  server.RaftServerConfigKeys (ConfUtils.java:logGet(46)) - raft.server.read.option = DEFAULT (default)
2023-07-05 13:42:22,577 [6d685894-e83d-4eff-a4f6-a21b002b35fd-groupManagement] INFO  server.RaftServerConfigKeys (ConfUtils.java:logGet(46)) - raft.server.rpc.request.timeout = 60s (custom)
2023-07-05 13:42:22,577 [6d685894-e83d-4eff-a4f6-a21b002b35fd-groupManagement] INFO  server.RaftServerConfigKeys (ConfUtils.java:logGet(46)) - raft.server.log.appender.install.snapshot.enabled = false (custom)
2023-07-05 13:42:22,578 [6d685894-e83d-4eff-a4f6-a21b002b35fd-groupManagement] INFO  server.RaftServerConfigKeys (ConfUtils.java:logGet(46)) - raft.server.threadpool.server.cached = true (default)
2023-07-05 13:42:22,578 [6d685894-e83d-4eff-a4f6-a21b002b35fd-groupManagement] INFO  server.RaftServerConfigKeys (ConfUtils.java:logGet(46)) - raft.server.threadpool.server.size = 0 (default)
2023-07-05 13:42:22,578 [6d685894-e83d-4eff-a4f6-a21b002b35fd-groupManagement] INFO  server.RaftServerConfigKeys (ConfUtils.java:logGet(46)) - raft.server.threadpool.client.cached = true (default)
2023-07-05 13:42:22,578 [6d685894-e83d-4eff-a4f6-a21b002b35fd-groupManagement] INFO  server.RaftServerConfigKeys (ConfUtils.java:logGet(46)) - raft.server.threadpool.client.size = 0 (default)
2023-07-05 13:42:22,578 [6d685894-e83d-4eff-a4f6-a21b002b35fd-groupManagement] INFO  storage.RaftStorageDirectory (RaftStorageDirectoryImpl.java:analyzeStorage(137)) - The storage directory /home/runner/work/ozone/ozone/hadoop-ozone/integration-test/target/test-dir/MiniOzoneClusterImpl-a91d5bca-d5a1-41cf-9733-6b4d6b49c170/datanode-1/data/ratis/77efb71e-c570-447e-8db9-d713b65c45d2 does not exist. Creating ...
2023-07-05 13:42:22,579 [6d685894-e83d-4eff-a4f6-a21b002b35fd-groupManagement] INFO  storage.RaftStorageDirectory (RaftStorageDirectoryImpl.java:tryLock(231)) - Lock on /home/runner/work/ozone/ozone/hadoop-ozone/integration-test/target/test-dir/MiniOzoneClusterImpl-a91d5bca-d5a1-41cf-9733-6b4d6b49c170/datanode-1/data/ratis/77efb71e-c570-447e-8db9-d713b65c45d2/in_use.lock acquired by nodename 25537@fv-az264-29
2023-07-05 13:42:22,581 [6d685894-e83d-4eff-a4f6-a21b002b35fd-groupManagement] INFO  storage.RaftStorage (RaftStorageImpl.java:format(96)) - Storage directory /home/runner/work/ozone/ozone/hadoop-ozone/integration-test/target/test-dir/MiniOzoneClusterImpl-a91d5bca-d5a1-41cf-9733-6b4d6b49c170/datanode-1/data/ratis/77efb71e-c570-447e-8db9-d713b65c45d2 has been successfully formatted.
2023-07-05 13:42:22,582 [6d685894-e83d-4eff-a4f6-a21b002b35fd-groupManagement] INFO  ratis.ContainerStateMachine (ContainerStateMachine.java:loadSnapshot(262)) - group-D713B65C45D2: The snapshot info is null. Setting the last applied indexto:(t:0, i:~)
2023-07-05 13:42:22,583 [6d685894-e83d-4eff-a4f6-a21b002b35fd-groupManagement] INFO  server.RaftServerConfigKeys (ConfUtils.java:logGet(46)) - raft.server.log.use.memory = false (default)
2023-07-05 13:42:22,583 [6d685894-e83d-4eff-a4f6-a21b002b35fd-groupManagement] INFO  server.RaftServerConfigKeys (ConfUtils.java:logGet(46)) - raft.server.log.purge.gap = 1000000 (custom)
2023-07-05 13:42:22,583 [6d685894-e83d-4eff-a4f6-a21b002b35fd-groupManagement] INFO  server.RaftServerConfigKeys (ConfUtils.java:logGet(46)) - raft.server.log.appender.buffer.byte-limit = 33554432 (custom)
2023-07-05 13:42:22,583 [6d685894-e83d-4eff-a4f6-a21b002b35fd-groupManagement] INFO  server.RaftServerConfigKeys (ConfUtils.java:logGet(46)) - raft.server.log.statemachine.data.read.timeout = 1000ms (default)
2023-07-05 13:42:22,583 [6d685894-e83d-4eff-a4f6-a21b002b35fd-groupManagement] INFO  server.RaftServerConfigKeys (ConfUtils.java:logGet(46)) - raft.server.log.purge.preservation.log.num = 0 (default)
2023-07-05 13:42:22,585 [6d685894-e83d-4eff-a4f6-a21b002b35fd-groupManagement] INFO  server.RaftServerConfigKeys (ConfUtils.java:logGet(46)) - raft.server.log.segment.size.max = 1048576 (custom)
2023-07-05 13:42:22,585 [6d685894-e83d-4eff-a4f6-a21b002b35fd-groupManagement] INFO  server.RaftServerConfigKeys (ConfUtils.java:logGet(46)) - raft.server.log.segment.cache.num.max = 2 (custom)
2023-07-05 13:42:22,585 [6d685894-e83d-4eff-a4f6-a21b002b35fd-groupManagement] INFO  server.RaftServerConfigKeys (ConfUtils.java:logGet(46)) - raft.server.log.segment.cache.size.max = 200MB (=209715200) (default)
2023-07-05 13:42:22,585 [6d685894-e83d-4eff-a4f6-a21b002b35fd-groupManagement] INFO  server.RaftServerConfigKeys (ConfUtils.java:logGet(46)) - raft.server.log.appender.buffer.byte-limit = 33554432 (custom)
2023-07-05 13:42:22,585 [6d685894-e83d-4eff-a4f6-a21b002b35fd-groupManagement] INFO  segmented.SegmentedRaftLogWorker (SegmentedRaftLogWorker.java:<init>(188)) - new 6d685894-e83d-4eff-a4f6-a21b002b35fd@group-D713B65C45D2-SegmentedRaftLogWorker for RaftStorageImpl:Storage Directory /home/runner/work/ozone/ozone/hadoop-ozone/integration-test/target/test-dir/MiniOzoneClusterImpl-a91d5bca-d5a1-41cf-9733-6b4d6b49c170/datanode-1/data/ratis/77efb71e-c570-447e-8db9-d713b65c45d2
2023-07-05 13:42:22,585 [6d685894-e83d-4eff-a4f6-a21b002b35fd-groupManagement] INFO  server.RaftServerConfigKeys (ConfUtils.java:logGet(46)) - raft.server.log.queue.byte-limit = 4294967296 (custom)
2023-07-05 13:42:22,585 [6d685894-e83d-4eff-a4f6-a21b002b35fd-groupManagement] INFO  server.RaftServerConfigKeys (ConfUtils.java:logGet(46)) - raft.server.log.queue.element-limit = 1024 (custom)
2023-07-05 13:42:22,585 [6d685894-e83d-4eff-a4f6-a21b002b35fd-groupManagement] INFO  server.RaftServerConfigKeys (ConfUtils.java:logGet(46)) - raft.server.log.segment.size.max = 1048576 (custom)
2023-07-05 13:42:22,585 [6d685894-e83d-4eff-a4f6-a21b002b35fd-groupManagement] INFO  server.RaftServerConfigKeys (ConfUtils.java:logGet(46)) - raft.server.log.preallocated.size = 16384 (custom)
2023-07-05 13:42:22,585 [6d685894-e83d-4eff-a4f6-a21b002b35fd-groupManagement] INFO  server.RaftServerConfigKeys (ConfUtils.java:logGet(46)) - raft.server.log.force.sync.num = 128 (default)
2023-07-05 13:42:22,585 [6d685894-e83d-4eff-a4f6-a21b002b35fd-groupManagement] INFO  server.RaftServerConfigKeys (ConfUtils.java:logGet(46)) - raft.server.log.statemachine.data.sync = true (default)
2023-07-05 13:42:22,587 [6d685894-e83d-4eff-a4f6-a21b002b35fd-groupManagement] INFO  server.RaftServerConfigKeys (ConfUtils.java:logGet(46)) - raft.server.log.statemachine.data.sync.timeout = 10s (default)
2023-07-05 13:42:22,587 [6d685894-e83d-4eff-a4f6-a21b002b35fd-groupManagement] INFO  server.RaftServerConfigKeys (ConfUtils.java:logGet(46)) - raft.server.log.statemachine.data.sync.timeout.retry = -1 (default)
2023-07-05 13:42:22,587 [6d685894-e83d-4eff-a4f6-a21b002b35fd-groupManagement] INFO  server.RaftServerConfigKeys (ConfUtils.java:logGet(46)) - raft.server.log.write.buffer.size = 1048576 (custom)
2023-07-05 13:42:22,589 [6d685894-e83d-4eff-a4f6-a21b002b35fd-groupManagement] INFO  server.RaftServerConfigKeys (ConfUtils.java:logGet(46)) - raft.server.log.appender.buffer.byte-limit = 33554432 (custom)
2023-07-05 13:42:22,596 [6d685894-e83d-4eff-a4f6-a21b002b35fd-groupManagement] INFO  server.RaftServerConfigKeys (ConfUtils.java:logGet(46)) - raft.server.log.unsafe-flush.enabled = false (default)
2023-07-05 13:42:22,596 [6d685894-e83d-4eff-a4f6-a21b002b35fd-groupManagement] INFO  server.RaftServerConfigKeys (ConfUtils.java:logGet(46)) - raft.server.log.async-flush.enabled = false (default)
2023-07-05 13:42:22,596 [6d685894-e83d-4eff-a4f6-a21b002b35fd-groupManagement] INFO  server.RaftServerConfigKeys (ConfUtils.java:logGet(46)) - raft.server.log.statemachine.data.caching.enabled = true (custom)
2023-07-05 13:42:22,596 [6d685894-e83d-4eff-a4f6-a21b002b35fd-groupManagement] INFO  segmented.SegmentedRaftLogWorker (SegmentedRaftLogWorker.java:lambda$new$0(135)) - 6d685894-e83d-4eff-a4f6-a21b002b35fd@group-D713B65C45D2-SegmentedRaftLogWorker: flushIndex: setUnconditionally 0 -> -1
2023-07-05 13:42:22,596 [6d685894-e83d-4eff-a4f6-a21b002b35fd-groupManagement] INFO  segmented.SegmentedRaftLogWorker (SegmentedRaftLogWorker.java:lambda$new$0(135)) - 6d685894-e83d-4eff-a4f6-a21b002b35fd@group-D713B65C45D2-SegmentedRaftLogWorker: safeCacheEvictIndex: setUnconditionally 0 -> -1
2023-07-05 13:42:22,596 [6d685894-e83d-4eff-a4f6-a21b002b35fd-groupManagement] INFO  server.RaftServer$Division (RaftServerImpl.java:start(342)) - 6d685894-e83d-4eff-a4f6-a21b002b35fd@group-D713B65C45D2: start as a follower, conf=-1: peers:[c67f853f-9851-48e5-9814-c89133fda60b|rpc:10.1.0.13:15067|admin:10.1.0.13:15066|client:10.1.0.13:15065|dataStream:10.1.0.13:15068|priority:0|startupRole:FOLLOWER, 6d685894-e83d-4eff-a4f6-a21b002b35fd|rpc:10.1.0.13:15076|admin:10.1.0.13:15075|client:10.1.0.13:15074|dataStream:10.1.0.13:15077|priority:0|startupRole:FOLLOWER, 76b6de06-79b2-4410-afad-6ed4eb2113a8|rpc:10.1.0.13:15085|admin:10.1.0.13:15084|client:10.1.0.13:15083|dataStream:10.1.0.13:15086|priority:1|startupRole:FOLLOWER]|listeners:[], old=null
2023-07-05 13:42:22,597 [6d685894-e83d-4eff-a4f6-a21b002b35fd-groupManagement] INFO  server.RaftServer$Division (RaftServerImpl.java:setRole(329)) - 6d685894-e83d-4eff-a4f6-a21b002b35fd@group-D713B65C45D2: changes role from      null to FOLLOWER at term 0 for startAsFollower
2023-07-05 13:42:22,597 [6d685894-e83d-4eff-a4f6-a21b002b35fd-groupManagement] INFO  impl.RoleInfo (RoleInfo.java:updateAndGet(139)) - 6d685894-e83d-4eff-a4f6-a21b002b35fd: start 6d685894-e83d-4eff-a4f6-a21b002b35fd@group-D713B65C45D2-FollowerState
2023-07-05 13:42:22,597 [6d685894-e83d-4eff-a4f6-a21b002b35fd-groupManagement] INFO  util.JmxRegister (JmxRegister.java:tryRegister(44)) - Successfully registered JMX Bean with object name Ratis:service=RaftServer,group=group-D713B65C45D2,id=6d685894-e83d-4eff-a4f6-a21b002b35fd
2023-07-05 13:42:22,597 [6d685894-e83d-4eff-a4f6-a21b002b35fd@group-D713B65C45D2-FollowerState] INFO  server.RaftServerConfigKeys (ConfUtils.java:logFallback(53)) - raft.server.rpc.first-election.timeout.min = 5s (fallback to raft.server.rpc.timeout.min)
2023-07-05 13:42:22,597 [6d685894-e83d-4eff-a4f6-a21b002b35fd-groupManagement] INFO  server.RaftServerConfigKeys (ConfUtils.java:logGet(46)) - raft.server.snapshot.auto.trigger.enabled = true (custom)
2023-07-05 13:42:22,597 [6d685894-e83d-4eff-a4f6-a21b002b35fd@group-D713B65C45D2-FollowerState] INFO  server.RaftServerConfigKeys (ConfUtils.java:logFallback(53)) - raft.server.rpc.first-election.timeout.max = 5200ms (fallback to raft.server.rpc.timeout.max)
2023-07-05 13:42:22,597 [6d685894-e83d-4eff-a4f6-a21b002b35fd-groupManagement] INFO  server.RaftServerConfigKeys (ConfUtils.java:logGet(46)) - raft.server.snapshot.auto.trigger.threshold = 10000 (custom)
2023-07-05 13:42:22,597 [6d685894-e83d-4eff-a4f6-a21b002b35fd-groupManagement] INFO  server.RaftServerConfigKeys (ConfUtils.java:logGet(46)) - raft.server.snapshot.retention.file.num = 5 (custom)
2023-07-05 13:42:22,597 [6d685894-e83d-4eff-a4f6-a21b002b35fd-groupManagement] INFO  server.RaftServerConfigKeys (ConfUtils.java:logGet(46)) - raft.server.log.purge.upto.snapshot.index = false (default)
2023-07-05 13:42:22,633 [grpc-default-executor-0] INFO  server.RaftServer (RaftServerProxy.java:addNew(98)) - 76b6de06-79b2-4410-afad-6ed4eb2113a8: addNew group-D713B65C45D2:[c67f853f-9851-48e5-9814-c89133fda60b|rpc:10.1.0.13:15067|admin:10.1.0.13:15066|client:10.1.0.13:15065|dataStream:10.1.0.13:15068|priority:0|startupRole:FOLLOWER, 6d685894-e83d-4eff-a4f6-a21b002b35fd|rpc:10.1.0.13:15076|admin:10.1.0.13:15075|client:10.1.0.13:15074|dataStream:10.1.0.13:15077|priority:0|startupRole:FOLLOWER, 76b6de06-79b2-4410-afad-6ed4eb2113a8|rpc:10.1.0.13:15085|admin:10.1.0.13:15084|client:10.1.0.13:15083|dataStream:10.1.0.13:15086|priority:1|startupRole:FOLLOWER] returns group-D713B65C45D2:java.util.concurrent.CompletableFuture@14df0292[Not completed]
2023-07-05 13:42:22,635 [76b6de06-79b2-4410-afad-6ed4eb2113a8-groupManagement] INFO  server.RaftServer$Division (RaftServerImpl.java:<init>(198)) - 76b6de06-79b2-4410-afad-6ed4eb2113a8: new RaftServerImpl for group-D713B65C45D2:[c67f853f-9851-48e5-9814-c89133fda60b|rpc:10.1.0.13:15067|admin:10.1.0.13:15066|client:10.1.0.13:15065|dataStream:10.1.0.13:15068|priority:0|startupRole:FOLLOWER, 6d685894-e83d-4eff-a4f6-a21b002b35fd|rpc:10.1.0.13:15076|admin:10.1.0.13:15075|client:10.1.0.13:15074|dataStream:10.1.0.13:15077|priority:0|startupRole:FOLLOWER, 76b6de06-79b2-4410-afad-6ed4eb2113a8|rpc:10.1.0.13:15085|admin:10.1.0.13:15084|client:10.1.0.13:15083|dataStream:10.1.0.13:15086|priority:1|startupRole:FOLLOWER] with ContainerStateMachine:uninitialized
2023-07-05 13:42:22,635 [76b6de06-79b2-4410-afad-6ed4eb2113a8-groupManagement] INFO  server.RaftServerConfigKeys (ConfUtils.java:logGet(46)) - raft.server.rpc.timeout.min = 5s (custom)
2023-07-05 13:42:22,635 [76b6de06-79b2-4410-afad-6ed4eb2113a8-groupManagement] INFO  server.RaftServerConfigKeys (ConfUtils.java:logGet(46)) - raft.server.rpc.timeout.max = 5200ms (custom)
2023-07-05 13:42:22,635 [76b6de06-79b2-4410-afad-6ed4eb2113a8-groupManagement] INFO  server.RaftServerConfigKeys (ConfUtils.java:logGet(46)) - raft.server.rpc.sleep.time = 25ms (default)
2023-07-05 13:42:22,635 [76b6de06-79b2-4410-afad-6ed4eb2113a8-groupManagement] INFO  server.RaftServerConfigKeys (ConfUtils.java:logGet(46)) - raft.server.rpc.slowness.timeout = 300s (custom)
2023-07-05 13:42:22,635 [76b6de06-79b2-4410-afad-6ed4eb2113a8-groupManagement] INFO  server.RaftServerConfigKeys (ConfUtils.java:logGet(46)) - raft.server.leaderelection.leader.step-down.wait-time = 10s (default)
2023-07-05 13:42:22,635 [76b6de06-79b2-4410-afad-6ed4eb2113a8-groupManagement] INFO  server.RaftServerConfigKeys (ConfUtils.java:logGet(46)) - raft.server.sleep.deviation.threshold = 300ms (default)
2023-07-05 13:42:22,635 [76b6de06-79b2-4410-afad-6ed4eb2113a8-groupManagement] INFO  server.RaftServer$Division (ServerState.java:<init>(120)) - 76b6de06-79b2-4410-afad-6ed4eb2113a8@group-D713B65C45D2: ConfigurationManager, init=-1: peers:[c67f853f-9851-48e5-9814-c89133fda60b|rpc:10.1.0.13:15067|admin:10.1.0.13:15066|client:10.1.0.13:15065|dataStream:10.1.0.13:15068|priority:0|startupRole:FOLLOWER, 6d685894-e83d-4eff-a4f6-a21b002b35fd|rpc:10.1.0.13:15076|admin:10.1.0.13:15075|client:10.1.0.13:15074|dataStream:10.1.0.13:15077|priority:0|startupRole:FOLLOWER, 76b6de06-79b2-4410-afad-6ed4eb2113a8|rpc:10.1.0.13:15085|admin:10.1.0.13:15084|client:10.1.0.13:15083|dataStream:10.1.0.13:15086|priority:1|startupRole:FOLLOWER]|listeners:[], old=null, confs=<EMPTY_MAP>
2023-07-05 13:42:22,635 [76b6de06-79b2-4410-afad-6ed4eb2113a8-groupManagement] INFO  server.RaftServerConfigKeys (ConfUtils.java:logGet(46)) - raft.server.storage.dir = [/home/runner/work/ozone/ozone/hadoop-ozone/integration-test/target/test-dir/MiniOzoneClusterImpl-a91d5bca-d5a1-41cf-9733-6b4d6b49c170/datanode-2/data/ratis] (custom)
2023-07-05 13:42:22,635 [76b6de06-79b2-4410-afad-6ed4eb2113a8-groupManagement] INFO  server.RaftServerConfigKeys (ConfUtils.java:logGet(46)) - raft.server.log.corruption.policy = EXCEPTION (default)
2023-07-05 13:42:22,635 [76b6de06-79b2-4410-afad-6ed4eb2113a8-groupManagement] INFO  server.RaftServerConfigKeys (ConfUtils.java:logGet(46)) - raft.server.storage.free-space.min = 0MB (=0) (default)
2023-07-05 13:42:22,636 [76b6de06-79b2-4410-afad-6ed4eb2113a8-groupManagement] INFO  server.RaftServerConfigKeys (ConfUtils.java:logGet(46)) - raft.server.notification.no-leader.timeout = 300s (custom)
2023-07-05 13:42:22,636 [76b6de06-79b2-4410-afad-6ed4eb2113a8-groupManagement] INFO  server.RaftServerConfigKeys (ConfUtils.java:logGet(46)) - raft.server.read.timeout = 10s (default)
2023-07-05 13:42:22,636 [76b6de06-79b2-4410-afad-6ed4eb2113a8-groupManagement] INFO  server.RaftServerConfigKeys (ConfUtils.java:logGet(46)) - raft.server.retrycache.expirytime = 600000ms (custom)
2023-07-05 13:42:22,636 [76b6de06-79b2-4410-afad-6ed4eb2113a8-groupManagement] INFO  server.RaftServerConfigKeys (ConfUtils.java:logGet(46)) - raft.server.retrycache.statistics.expirytime = 100μs (default)
2023-07-05 13:42:22,636 [76b6de06-79b2-4410-afad-6ed4eb2113a8-groupManagement] INFO  server.RaftServerConfigKeys (ConfUtils.java:logGet(46)) - raft.server.read.option = DEFAULT (default)
2023-07-05 13:42:22,637 [76b6de06-79b2-4410-afad-6ed4eb2113a8-groupManagement] INFO  server.RaftServerConfigKeys (ConfUtils.java:logGet(46)) - raft.server.rpc.request.timeout = 60s (custom)
2023-07-05 13:42:22,637 [76b6de06-79b2-4410-afad-6ed4eb2113a8-groupManagement] INFO  server.RaftServerConfigKeys (ConfUtils.java:logGet(46)) - raft.server.log.appender.install.snapshot.enabled = false (custom)
2023-07-05 13:42:22,638 [76b6de06-79b2-4410-afad-6ed4eb2113a8-groupManagement] INFO  server.RaftServerConfigKeys (ConfUtils.java:logGet(46)) - raft.server.threadpool.server.cached = true (default)
2023-07-05 13:42:22,638 [76b6de06-79b2-4410-afad-6ed4eb2113a8-groupManagement] INFO  server.RaftServerConfigKeys (ConfUtils.java:logGet(46)) - raft.server.threadpool.server.size = 0 (default)
2023-07-05 13:42:22,638 [76b6de06-79b2-4410-afad-6ed4eb2113a8-groupManagement] INFO  server.RaftServerConfigKeys (ConfUtils.java:logGet(46)) - raft.server.threadpool.client.cached = true (default)
2023-07-05 13:42:22,638 [76b6de06-79b2-4410-afad-6ed4eb2113a8-groupManagement] INFO  server.RaftServerConfigKeys (ConfUtils.java:logGet(46)) - raft.server.threadpool.client.size = 0 (default)
2023-07-05 13:42:22,638 [76b6de06-79b2-4410-afad-6ed4eb2113a8-groupManagement] INFO  storage.RaftStorageDirectory (RaftStorageDirectoryImpl.java:analyzeStorage(137)) - The storage directory /home/runner/work/ozone/ozone/hadoop-ozone/integration-test/target/test-dir/MiniOzoneClusterImpl-a91d5bca-d5a1-41cf-9733-6b4d6b49c170/datanode-2/data/ratis/77efb71e-c570-447e-8db9-d713b65c45d2 does not exist. Creating ...
2023-07-05 13:42:22,639 [76b6de06-79b2-4410-afad-6ed4eb2113a8-groupManagement] INFO  storage.RaftStorageDirectory (RaftStorageDirectoryImpl.java:tryLock(231)) - Lock on /home/runner/work/ozone/ozone/hadoop-ozone/integration-test/target/test-dir/MiniOzoneClusterImpl-a91d5bca-d5a1-41cf-9733-6b4d6b49c170/datanode-2/data/ratis/77efb71e-c570-447e-8db9-d713b65c45d2/in_use.lock acquired by nodename 25537@fv-az264-29
2023-07-05 13:42:22,641 [76b6de06-79b2-4410-afad-6ed4eb2113a8-groupManagement] INFO  storage.RaftStorage (RaftStorageImpl.java:format(96)) - Storage directory /home/runner/work/ozone/ozone/hadoop-ozone/integration-test/target/test-dir/MiniOzoneClusterImpl-a91d5bca-d5a1-41cf-9733-6b4d6b49c170/datanode-2/data/ratis/77efb71e-c570-447e-8db9-d713b65c45d2 has been successfully formatted.
2023-07-05 13:42:22,642 [76b6de06-79b2-4410-afad-6ed4eb2113a8-groupManagement] INFO  ratis.ContainerStateMachine (ContainerStateMachine.java:loadSnapshot(262)) - group-D713B65C45D2: The snapshot info is null. Setting the last applied indexto:(t:0, i:~)
2023-07-05 13:42:22,642 [76b6de06-79b2-4410-afad-6ed4eb2113a8-groupManagement] INFO  server.RaftServerConfigKeys (ConfUtils.java:logGet(46)) - raft.server.log.use.memory = false (default)
2023-07-05 13:42:22,642 [76b6de06-79b2-4410-afad-6ed4eb2113a8-groupManagement] INFO  server.RaftServerConfigKeys (ConfUtils.java:logGet(46)) - raft.server.log.purge.gap = 1000000 (custom)
2023-07-05 13:42:22,643 [76b6de06-79b2-4410-afad-6ed4eb2113a8-groupManagement] INFO  server.RaftServerConfigKeys (ConfUtils.java:logGet(46)) - raft.server.log.appender.buffer.byte-limit = 33554432 (custom)
2023-07-05 13:42:22,643 [76b6de06-79b2-4410-afad-6ed4eb2113a8-groupManagement] INFO  server.RaftServerConfigKeys (ConfUtils.java:logGet(46)) - raft.server.log.statemachine.data.read.timeout = 1000ms (default)
2023-07-05 13:42:22,643 [76b6de06-79b2-4410-afad-6ed4eb2113a8-groupManagement] INFO  server.RaftServerConfigKeys (ConfUtils.java:logGet(46)) - raft.server.log.purge.preservation.log.num = 0 (default)
2023-07-05 13:42:22,643 [76b6de06-79b2-4410-afad-6ed4eb2113a8-groupManagement] INFO  server.RaftServerConfigKeys (ConfUtils.java:logGet(46)) - raft.server.log.segment.size.max = 1048576 (custom)
2023-07-05 13:42:22,643 [76b6de06-79b2-4410-afad-6ed4eb2113a8-groupManagement] INFO  server.RaftServerConfigKeys (ConfUtils.java:logGet(46)) - raft.server.log.segment.cache.num.max = 2 (custom)
2023-07-05 13:42:22,643 [76b6de06-79b2-4410-afad-6ed4eb2113a8-groupManagement] INFO  server.RaftServerConfigKeys (ConfUtils.java:logGet(46)) - raft.server.log.segment.cache.size.max = 200MB (=209715200) (default)
2023-07-05 13:42:22,643 [76b6de06-79b2-4410-afad-6ed4eb2113a8-groupManagement] INFO  server.RaftServerConfigKeys (ConfUtils.java:logGet(46)) - raft.server.log.appender.buffer.byte-limit = 33554432 (custom)
2023-07-05 13:42:22,644 [76b6de06-79b2-4410-afad-6ed4eb2113a8-groupManagement] INFO  segmented.SegmentedRaftLogWorker (SegmentedRaftLogWorker.java:<init>(188)) - new 76b6de06-79b2-4410-afad-6ed4eb2113a8@group-D713B65C45D2-SegmentedRaftLogWorker for RaftStorageImpl:Storage Directory /home/runner/work/ozone/ozone/hadoop-ozone/integration-test/target/test-dir/MiniOzoneClusterImpl-a91d5bca-d5a1-41cf-9733-6b4d6b49c170/datanode-2/data/ratis/77efb71e-c570-447e-8db9-d713b65c45d2
2023-07-05 13:42:22,644 [76b6de06-79b2-4410-afad-6ed4eb2113a8-groupManagement] INFO  server.RaftServerConfigKeys (ConfUtils.java:logGet(46)) - raft.server.log.queue.byte-limit = 4294967296 (custom)
2023-07-05 13:42:22,644 [76b6de06-79b2-4410-afad-6ed4eb2113a8-groupManagement] INFO  server.RaftServerConfigKeys (ConfUtils.java:logGet(46)) - raft.server.log.queue.element-limit = 1024 (custom)
2023-07-05 13:42:22,644 [76b6de06-79b2-4410-afad-6ed4eb2113a8-groupManagement] INFO  server.RaftServerConfigKeys (ConfUtils.java:logGet(46)) - raft.server.log.segment.size.max = 1048576 (custom)
2023-07-05 13:42:22,644 [76b6de06-79b2-4410-afad-6ed4eb2113a8-groupManagement] INFO  server.RaftServerConfigKeys (ConfUtils.java:logGet(46)) - raft.server.log.preallocated.size = 16384 (custom)
2023-07-05 13:42:22,644 [76b6de06-79b2-4410-afad-6ed4eb2113a8-groupManagement] INFO  server.RaftServerConfigKeys (ConfUtils.java:logGet(46)) - raft.server.log.force.sync.num = 128 (default)
2023-07-05 13:42:22,644 [76b6de06-79b2-4410-afad-6ed4eb2113a8-groupManagement] INFO  server.RaftServerConfigKeys (ConfUtils.java:logGet(46)) - raft.server.log.statemachine.data.sync = true (default)
2023-07-05 13:42:22,644 [76b6de06-79b2-4410-afad-6ed4eb2113a8-groupManagement] INFO  server.RaftServerConfigKeys (ConfUtils.java:logGet(46)) - raft.server.log.statemachine.data.sync.timeout = 10s (default)
2023-07-05 13:42:22,644 [76b6de06-79b2-4410-afad-6ed4eb2113a8-groupManagement] INFO  server.RaftServerConfigKeys (ConfUtils.java:logGet(46)) - raft.server.log.statemachine.data.sync.timeout.retry = -1 (default)
2023-07-05 13:42:22,645 [76b6de06-79b2-4410-afad-6ed4eb2113a8-groupManagement] INFO  server.RaftServerConfigKeys (ConfUtils.java:logGet(46)) - raft.server.log.write.buffer.size = 1048576 (custom)
2023-07-05 13:42:22,645 [76b6de06-79b2-4410-afad-6ed4eb2113a8-groupManagement] INFO  server.RaftServerConfigKeys (ConfUtils.java:logGet(46)) - raft.server.log.appender.buffer.byte-limit = 33554432 (custom)
2023-07-05 13:42:22,651 [76b6de06-79b2-4410-afad-6ed4eb2113a8-groupManagement] INFO  server.RaftServerConfigKeys (ConfUtils.java:logGet(46)) - raft.server.log.unsafe-flush.enabled = false (default)
2023-07-05 13:42:22,651 [76b6de06-79b2-4410-afad-6ed4eb2113a8-groupManagement] INFO  server.RaftServerConfigKeys (ConfUtils.java:logGet(46)) - raft.server.log.async-flush.enabled = false (default)
2023-07-05 13:42:22,651 [76b6de06-79b2-4410-afad-6ed4eb2113a8-groupManagement] INFO  server.RaftServerConfigKeys (ConfUtils.java:logGet(46)) - raft.server.log.statemachine.data.caching.enabled = true (custom)
2023-07-05 13:42:22,651 [76b6de06-79b2-4410-afad-6ed4eb2113a8-groupManagement] INFO  segmented.SegmentedRaftLogWorker (SegmentedRaftLogWorker.java:lambda$new$0(135)) - 76b6de06-79b2-4410-afad-6ed4eb2113a8@group-D713B65C45D2-SegmentedRaftLogWorker: flushIndex: setUnconditionally 0 -> -1
2023-07-05 13:42:22,651 [76b6de06-79b2-4410-afad-6ed4eb2113a8-groupManagement] INFO  segmented.SegmentedRaftLogWorker (SegmentedRaftLogWorker.java:lambda$new$0(135)) - 76b6de06-79b2-4410-afad-6ed4eb2113a8@group-D713B65C45D2-SegmentedRaftLogWorker: safeCacheEvictIndex: setUnconditionally 0 -> -1
2023-07-05 13:42:22,652 [76b6de06-79b2-4410-afad-6ed4eb2113a8-groupManagement] INFO  server.RaftServer$Division (RaftServerImpl.java:start(342)) - 76b6de06-79b2-4410-afad-6ed4eb2113a8@group-D713B65C45D2: start as a follower, conf=-1: peers:[c67f853f-9851-48e5-9814-c89133fda60b|rpc:10.1.0.13:15067|admin:10.1.0.13:15066|client:10.1.0.13:15065|dataStream:10.1.0.13:15068|priority:0|startupRole:FOLLOWER, 6d685894-e83d-4eff-a4f6-a21b002b35fd|rpc:10.1.0.13:15076|admin:10.1.0.13:15075|client:10.1.0.13:15074|dataStream:10.1.0.13:15077|priority:0|startupRole:FOLLOWER, 76b6de06-79b2-4410-afad-6ed4eb2113a8|rpc:10.1.0.13:15085|admin:10.1.0.13:15084|client:10.1.0.13:15083|dataStream:10.1.0.13:15086|priority:1|startupRole:FOLLOWER]|listeners:[], old=null
2023-07-05 13:42:22,652 [76b6de06-79b2-4410-afad-6ed4eb2113a8-groupManagement] INFO  server.RaftServer$Division (RaftServerImpl.java:setRole(329)) - 76b6de06-79b2-4410-afad-6ed4eb2113a8@group-D713B65C45D2: changes role from      null to FOLLOWER at term 0 for startAsFollower
2023-07-05 13:42:22,652 [76b6de06-79b2-4410-afad-6ed4eb2113a8-groupManagement] INFO  impl.RoleInfo (RoleInfo.java:updateAndGet(139)) - 76b6de06-79b2-4410-afad-6ed4eb2113a8: start 76b6de06-79b2-4410-afad-6ed4eb2113a8@group-D713B65C45D2-FollowerState
2023-07-05 13:42:22,652 [76b6de06-79b2-4410-afad-6ed4eb2113a8-groupManagement] INFO  util.JmxRegister (JmxRegister.java:tryRegister(44)) - Successfully registered JMX Bean with object name Ratis:service=RaftServer,group=group-D713B65C45D2,id=76b6de06-79b2-4410-afad-6ed4eb2113a8
2023-07-05 13:42:22,652 [76b6de06-79b2-4410-afad-6ed4eb2113a8@group-D713B65C45D2-FollowerState] INFO  server.RaftServerConfigKeys (ConfUtils.java:logFallback(53)) - raft.server.rpc.first-election.timeout.min = 5s (fallback to raft.server.rpc.timeout.min)
2023-07-05 13:42:22,652 [76b6de06-79b2-4410-afad-6ed4eb2113a8-groupManagement] INFO  server.RaftServerConfigKeys (ConfUtils.java:logGet(46)) - raft.server.snapshot.auto.trigger.enabled = true (custom)
2023-07-05 13:42:22,652 [76b6de06-79b2-4410-afad-6ed4eb2113a8@group-D713B65C45D2-FollowerState] INFO  server.RaftServerConfigKeys (ConfUtils.java:logFallback(53)) - raft.server.rpc.first-election.timeout.max = 5200ms (fallback to raft.server.rpc.timeout.max)
2023-07-05 13:42:22,652 [76b6de06-79b2-4410-afad-6ed4eb2113a8-groupManagement] INFO  server.RaftServerConfigKeys (ConfUtils.java:logGet(46)) - raft.server.snapshot.auto.trigger.threshold = 10000 (custom)
2023-07-05 13:42:22,652 [76b6de06-79b2-4410-afad-6ed4eb2113a8-groupManagement] INFO  server.RaftServerConfigKeys (ConfUtils.java:logGet(46)) - raft.server.snapshot.retention.file.num = 5 (custom)
2023-07-05 13:42:22,652 [76b6de06-79b2-4410-afad-6ed4eb2113a8-groupManagement] INFO  server.RaftServerConfigKeys (ConfUtils.java:logGet(46)) - raft.server.log.purge.upto.snapshot.index = false (default)
2023-07-05 13:42:22,661 [PipelineCommandHandlerThread-0] INFO  commandhandler.CreatePipelineCommandHandler (CreatePipelineCommandHandler.java:lambda$handle$2(124)) - Created Pipeline RATIS THREE PipelineID=77efb71e-c570-447e-8db9-d713b65c45d2.
2023-07-05 13:42:22,661 [PipelineCommandHandlerThread-0] INFO  server.RaftServer (RaftServerProxy.java:addNew(98)) - c67f853f-9851-48e5-9814-c89133fda60b: addNew group-CF48E0ED285B:[c67f853f-9851-48e5-9814-c89133fda60b|rpc:10.1.0.13:15067|admin:10.1.0.13:15066|client:10.1.0.13:15065|dataStream:10.1.0.13:15068|priority:0|startupRole:FOLLOWER, 6d685894-e83d-4eff-a4f6-a21b002b35fd|rpc:10.1.0.13:15076|admin:10.1.0.13:15075|client:10.1.0.13:15074|dataStream:10.1.0.13:15077|priority:1|startupRole:FOLLOWER, 76b6de06-79b2-4410-afad-6ed4eb2113a8|rpc:10.1.0.13:15085|admin:10.1.0.13:15084|client:10.1.0.13:15083|dataStream:10.1.0.13:15086|priority:0|startupRole:FOLLOWER] returns group-CF48E0ED285B:java.util.concurrent.CompletableFuture@7e8ea4ab[Not completed]
2023-07-05 13:42:22,662 [c67f853f-9851-48e5-9814-c89133fda60b-groupManagement] INFO  server.RaftServer$Division (RaftServerImpl.java:<init>(198)) - c67f853f-9851-48e5-9814-c89133fda60b: new RaftServerImpl for group-CF48E0ED285B:[c67f853f-9851-48e5-9814-c89133fda60b|rpc:10.1.0.13:15067|admin:10.1.0.13:15066|client:10.1.0.13:15065|dataStream:10.1.0.13:15068|priority:0|startupRole:FOLLOWER, 6d685894-e83d-4eff-a4f6-a21b002b35fd|rpc:10.1.0.13:15076|admin:10.1.0.13:15075|client:10.1.0.13:15074|dataStream:10.1.0.13:15077|priority:1|startupRole:FOLLOWER, 76b6de06-79b2-4410-afad-6ed4eb2113a8|rpc:10.1.0.13:15085|admin:10.1.0.13:15084|client:10.1.0.13:15083|dataStream:10.1.0.13:15086|priority:0|startupRole:FOLLOWER] with ContainerStateMachine:uninitialized
2023-07-05 13:42:22,662 [c67f853f-9851-48e5-9814-c89133fda60b-groupManagement] INFO  server.RaftServerConfigKeys (ConfUtils.java:logGet(46)) - raft.server.rpc.timeout.min = 5s (custom)
2023-07-05 13:42:22,662 [c67f853f-9851-48e5-9814-c89133fda60b-groupManagement] INFO  server.RaftServerConfigKeys (ConfUtils.java:logGet(46)) - raft.server.rpc.timeout.max = 5200ms (custom)
2023-07-05 13:42:22,662 [c67f853f-9851-48e5-9814-c89133fda60b-groupManagement] INFO  server.RaftServerConfigKeys (ConfUtils.java:logGet(46)) - raft.server.rpc.sleep.time = 25ms (default)
2023-07-05 13:42:22,662 [c67f853f-9851-48e5-9814-c89133fda60b-groupManagement] INFO  server.RaftServerConfigKeys (ConfUtils.java:logGet(46)) - raft.server.rpc.slowness.timeout = 300s (custom)
2023-07-05 13:42:22,662 [c67f853f-9851-48e5-9814-c89133fda60b-groupManagement] INFO  server.RaftServerConfigKeys (ConfUtils.java:logGet(46)) - raft.server.leaderelection.leader.step-down.wait-time = 10s (default)
2023-07-05 13:42:22,662 [c67f853f-9851-48e5-9814-c89133fda60b-groupManagement] INFO  server.RaftServerConfigKeys (ConfUtils.java:logGet(46)) - raft.server.sleep.deviation.threshold = 300ms (default)
2023-07-05 13:42:22,663 [c67f853f-9851-48e5-9814-c89133fda60b-groupManagement] INFO  server.RaftServer$Division (ServerState.java:<init>(120)) - c67f853f-9851-48e5-9814-c89133fda60b@group-CF48E0ED285B: ConfigurationManager, init=-1: peers:[c67f853f-9851-48e5-9814-c89133fda60b|rpc:10.1.0.13:15067|admin:10.1.0.13:15066|client:10.1.0.13:15065|dataStream:10.1.0.13:15068|priority:0|startupRole:FOLLOWER, 6d685894-e83d-4eff-a4f6-a21b002b35fd|rpc:10.1.0.13:15076|admin:10.1.0.13:15075|client:10.1.0.13:15074|dataStream:10.1.0.13:15077|priority:1|startupRole:FOLLOWER, 76b6de06-79b2-4410-afad-6ed4eb2113a8|rpc:10.1.0.13:15085|admin:10.1.0.13:15084|client:10.1.0.13:15083|dataStream:10.1.0.13:15086|priority:0|startupRole:FOLLOWER]|listeners:[], old=null, confs=<EMPTY_MAP>
2023-07-05 13:42:22,663 [c67f853f-9851-48e5-9814-c89133fda60b-groupManagement] INFO  server.RaftServerConfigKeys (ConfUtils.java:logGet(46)) - raft.server.storage.dir = [/home/runner/work/ozone/ozone/hadoop-ozone/integration-test/target/test-dir/MiniOzoneClusterImpl-a91d5bca-d5a1-41cf-9733-6b4d6b49c170/datanode-0/data/ratis] (custom)
2023-07-05 13:42:22,663 [c67f853f-9851-48e5-9814-c89133fda60b-groupManagement] INFO  server.RaftServerConfigKeys (ConfUtils.java:logGet(46)) - raft.server.log.corruption.policy = EXCEPTION (default)
2023-07-05 13:42:22,663 [c67f853f-9851-48e5-9814-c89133fda60b-groupManagement] INFO  server.RaftServerConfigKeys (ConfUtils.java:logGet(46)) - raft.server.storage.free-space.min = 0MB (=0) (default)
2023-07-05 13:42:22,663 [c67f853f-9851-48e5-9814-c89133fda60b-groupManagement] INFO  server.RaftServerConfigKeys (ConfUtils.java:logGet(46)) - raft.server.notification.no-leader.timeout = 300s (custom)
2023-07-05 13:42:22,663 [c67f853f-9851-48e5-9814-c89133fda60b-groupManagement] INFO  server.RaftServerConfigKeys (ConfUtils.java:logGet(46)) - raft.server.read.timeout = 10s (default)
2023-07-05 13:42:22,663 [c67f853f-9851-48e5-9814-c89133fda60b-groupManagement] INFO  server.RaftServerConfigKeys (ConfUtils.java:logGet(46)) - raft.server.retrycache.expirytime = 600000ms (custom)
2023-07-05 13:42:22,663 [c67f853f-9851-48e5-9814-c89133fda60b-groupManagement] INFO  server.RaftServerConfigKeys (ConfUtils.java:logGet(46)) - raft.server.retrycache.statistics.expirytime = 100μs (default)
2023-07-05 13:42:22,663 [c67f853f-9851-48e5-9814-c89133fda60b-groupManagement] INFO  server.RaftServerConfigKeys (ConfUtils.java:logGet(46)) - raft.server.read.option = DEFAULT (default)
2023-07-05 13:42:22,664 [c67f853f-9851-48e5-9814-c89133fda60b-groupManagement] INFO  server.RaftServerConfigKeys (ConfUtils.java:logGet(46)) - raft.server.rpc.request.timeout = 60s (custom)
2023-07-05 13:42:22,664 [c67f853f-9851-48e5-9814-c89133fda60b-groupManagement] INFO  server.RaftServerConfigKeys (ConfUtils.java:logGet(46)) - raft.server.log.appender.install.snapshot.enabled = false (custom)
2023-07-05 13:42:22,664 [c67f853f-9851-48e5-9814-c89133fda60b-groupManagement] INFO  server.RaftServerConfigKeys (ConfUtils.java:logGet(46)) - raft.server.threadpool.server.cached = true (default)
2023-07-05 13:42:22,664 [c67f853f-9851-48e5-9814-c89133fda60b-groupManagement] INFO  server.RaftServerConfigKeys (ConfUtils.java:logGet(46)) - raft.server.threadpool.server.size = 0 (default)
2023-07-05 13:42:22,664 [c67f853f-9851-48e5-9814-c89133fda60b-groupManagement] INFO  server.RaftServerConfigKeys (ConfUtils.java:logGet(46)) - raft.server.threadpool.client.cached = true (default)
2023-07-05 13:42:22,664 [c67f853f-9851-48e5-9814-c89133fda60b-groupManagement] INFO  server.RaftServerConfigKeys (ConfUtils.java:logGet(46)) - raft.server.threadpool.client.size = 0 (default)
2023-07-05 13:42:22,664 [c67f853f-9851-48e5-9814-c89133fda60b-groupManagement] INFO  storage.RaftStorageDirectory (RaftStorageDirectoryImpl.java:analyzeStorage(137)) - The storage directory /home/runner/work/ozone/ozone/hadoop-ozone/integration-test/target/test-dir/MiniOzoneClusterImpl-a91d5bca-d5a1-41cf-9733-6b4d6b49c170/datanode-0/data/ratis/bd79c634-d3ce-4445-aaf7-cf48e0ed285b does not exist. Creating ...
2023-07-05 13:42:22,666 [c67f853f-9851-48e5-9814-c89133fda60b-groupManagement] INFO  storage.RaftStorageDirectory (RaftStorageDirectoryImpl.java:tryLock(231)) - Lock on /home/runner/work/ozone/ozone/hadoop-ozone/integration-test/target/test-dir/MiniOzoneClusterImpl-a91d5bca-d5a1-41cf-9733-6b4d6b49c170/datanode-0/data/ratis/bd79c634-d3ce-4445-aaf7-cf48e0ed285b/in_use.lock acquired by nodename 25537@fv-az264-29
2023-07-05 13:42:22,668 [c67f853f-9851-48e5-9814-c89133fda60b-groupManagement] INFO  storage.RaftStorage (RaftStorageImpl.java:format(96)) - Storage directory /home/runner/work/ozone/ozone/hadoop-ozone/integration-test/target/test-dir/MiniOzoneClusterImpl-a91d5bca-d5a1-41cf-9733-6b4d6b49c170/datanode-0/data/ratis/bd79c634-d3ce-4445-aaf7-cf48e0ed285b has been successfully formatted.
2023-07-05 13:42:22,669 [c67f853f-9851-48e5-9814-c89133fda60b-groupManagement] INFO  ratis.ContainerStateMachine (ContainerStateMachine.java:loadSnapshot(262)) - group-CF48E0ED285B: The snapshot info is null. Setting the last applied indexto:(t:0, i:~)
2023-07-05 13:42:22,669 [c67f853f-9851-48e5-9814-c89133fda60b-groupManagement] INFO  server.RaftServerConfigKeys (ConfUtils.java:logGet(46)) - raft.server.log.use.memory = false (default)
2023-07-05 13:42:22,669 [c67f853f-9851-48e5-9814-c89133fda60b-groupManagement] INFO  server.RaftServerConfigKeys (ConfUtils.java:logGet(46)) - raft.server.log.purge.gap = 1000000 (custom)
2023-07-05 13:42:22,669 [c67f853f-9851-48e5-9814-c89133fda60b-groupManagement] INFO  server.RaftServerConfigKeys (ConfUtils.java:logGet(46)) - raft.server.log.appender.buffer.byte-limit = 33554432 (custom)
2023-07-05 13:42:22,669 [c67f853f-9851-48e5-9814-c89133fda60b-groupManagement] INFO  server.RaftServerConfigKeys (ConfUtils.java:logGet(46)) - raft.server.log.statemachine.data.read.timeout = 1000ms (default)
2023-07-05 13:42:22,669 [c67f853f-9851-48e5-9814-c89133fda60b-groupManagement] INFO  server.RaftServerConfigKeys (ConfUtils.java:logGet(46)) - raft.server.log.purge.preservation.log.num = 0 (default)
2023-07-05 13:42:22,669 [c67f853f-9851-48e5-9814-c89133fda60b-groupManagement] INFO  server.RaftServerConfigKeys (ConfUtils.java:logGet(46)) - raft.server.log.segment.size.max = 1048576 (custom)
2023-07-05 13:42:22,670 [EventQueue-OpenPipelineForHealthyPipelineSafeModeRule] INFO  safemode.SCMSafeModeManager (HealthyPipelineSafeModeRule.java:process(137)) - SCM in safe mode. Healthy pipelines reported count is 0, required healthy pipeline reported count is 1
2023-07-05 13:42:22,671 [c67f853f-9851-48e5-9814-c89133fda60b-groupManagement] INFO  server.RaftServerConfigKeys (ConfUtils.java:logGet(46)) - raft.server.log.segment.cache.num.max = 2 (custom)
2023-07-05 13:42:22,671 [c67f853f-9851-48e5-9814-c89133fda60b-groupManagement] INFO  server.RaftServerConfigKeys (ConfUtils.java:logGet(46)) - raft.server.log.segment.cache.size.max = 200MB (=209715200) (default)
2023-07-05 13:42:22,671 [c67f853f-9851-48e5-9814-c89133fda60b-groupManagement] INFO  server.RaftServerConfigKeys (ConfUtils.java:logGet(46)) - raft.server.log.appender.buffer.byte-limit = 33554432 (custom)
2023-07-05 13:42:22,671 [c67f853f-9851-48e5-9814-c89133fda60b-groupManagement] INFO  segmented.SegmentedRaftLogWorker (SegmentedRaftLogWorker.java:<init>(188)) - new c67f853f-9851-48e5-9814-c89133fda60b@group-CF48E0ED285B-SegmentedRaftLogWorker for RaftStorageImpl:Storage Directory /home/runner/work/ozone/ozone/hadoop-ozone/integration-test/target/test-dir/MiniOzoneClusterImpl-a91d5bca-d5a1-41cf-9733-6b4d6b49c170/datanode-0/data/ratis/bd79c634-d3ce-4445-aaf7-cf48e0ed285b
2023-07-05 13:42:22,671 [c67f853f-9851-48e5-9814-c89133fda60b-groupManagement] INFO  server.RaftServerConfigKeys (ConfUtils.java:logGet(46)) - raft.server.log.queue.byte-limit = 4294967296 (custom)
2023-07-05 13:42:22,671 [c67f853f-9851-48e5-9814-c89133fda60b-groupManagement] INFO  server.RaftServerConfigKeys (ConfUtils.java:logGet(46)) - raft.server.log.queue.element-limit = 1024 (custom)
2023-07-05 13:42:22,671 [c67f853f-9851-48e5-9814-c89133fda60b-groupManagement] INFO  server.RaftServerConfigKeys (ConfUtils.java:logGet(46)) - raft.server.log.segment.size.max = 1048576 (custom)
2023-07-05 13:42:22,671 [c67f853f-9851-48e5-9814-c89133fda60b-groupManagement] INFO  server.RaftServerConfigKeys (ConfUtils.java:logGet(46)) - raft.server.log.preallocated.size = 16384 (custom)
2023-07-05 13:42:22,671 [c67f853f-9851-48e5-9814-c89133fda60b-groupManagement] INFO  server.RaftServerConfigKeys (ConfUtils.java:logGet(46)) - raft.server.log.force.sync.num = 128 (default)
2023-07-05 13:42:22,671 [c67f853f-9851-48e5-9814-c89133fda60b-groupManagement] INFO  server.RaftServerConfigKeys (ConfUtils.java:logGet(46)) - raft.server.log.statemachine.data.sync = true (default)
2023-07-05 13:42:22,671 [c67f853f-9851-48e5-9814-c89133fda60b-groupManagement] INFO  server.RaftServerConfigKeys (ConfUtils.java:logGet(46)) - raft.server.log.statemachine.data.sync.timeout = 10s (default)
2023-07-05 13:42:22,672 [c67f853f-9851-48e5-9814-c89133fda60b-groupManagement] INFO  server.RaftServerConfigKeys (ConfUtils.java:logGet(46)) - raft.server.log.statemachine.data.sync.timeout.retry = -1 (default)
2023-07-05 13:42:22,672 [c67f853f-9851-48e5-9814-c89133fda60b-groupManagement] INFO  server.RaftServerConfigKeys (ConfUtils.java:logGet(46)) - raft.server.log.write.buffer.size = 1048576 (custom)
2023-07-05 13:42:22,673 [c67f853f-9851-48e5-9814-c89133fda60b-groupManagement] INFO  server.RaftServerConfigKeys (ConfUtils.java:logGet(46)) - raft.server.log.appender.buffer.byte-limit = 33554432 (custom)
2023-07-05 13:42:22,678 [c67f853f-9851-48e5-9814-c89133fda60b-groupManagement] INFO  server.RaftServerConfigKeys (ConfUtils.java:logGet(46)) - raft.server.log.unsafe-flush.enabled = false (default)
2023-07-05 13:42:22,678 [c67f853f-9851-48e5-9814-c89133fda60b-groupManagement] INFO  server.RaftServerConfigKeys (ConfUtils.java:logGet(46)) - raft.server.log.async-flush.enabled = false (default)
2023-07-05 13:42:22,678 [c67f853f-9851-48e5-9814-c89133fda60b-groupManagement] INFO  server.RaftServerConfigKeys (ConfUtils.java:logGet(46)) - raft.server.log.statemachine.data.caching.enabled = true (custom)
2023-07-05 13:42:22,678 [c67f853f-9851-48e5-9814-c89133fda60b-groupManagement] INFO  segmented.SegmentedRaftLogWorker (SegmentedRaftLogWorker.java:lambda$new$0(135)) - c67f853f-9851-48e5-9814-c89133fda60b@group-CF48E0ED285B-SegmentedRaftLogWorker: flushIndex: setUnconditionally 0 -> -1
2023-07-05 13:42:22,679 [c67f853f-9851-48e5-9814-c89133fda60b-groupManagement] INFO  segmented.SegmentedRaftLogWorker (SegmentedRaftLogWorker.java:lambda$new$0(135)) - c67f853f-9851-48e5-9814-c89133fda60b@group-CF48E0ED285B-SegmentedRaftLogWorker: safeCacheEvictIndex: setUnconditionally 0 -> -1
2023-07-05 13:42:22,679 [c67f853f-9851-48e5-9814-c89133fda60b-groupManagement] INFO  server.RaftServer$Division (RaftServerImpl.java:start(342)) - c67f853f-9851-48e5-9814-c89133fda60b@group-CF48E0ED285B: start as a follower, conf=-1: peers:[c67f853f-9851-48e5-9814-c89133fda60b|rpc:10.1.0.13:15067|admin:10.1.0.13:15066|client:10.1.0.13:15065|dataStream:10.1.0.13:15068|priority:0|startupRole:FOLLOWER, 6d685894-e83d-4eff-a4f6-a21b002b35fd|rpc:10.1.0.13:15076|admin:10.1.0.13:15075|client:10.1.0.13:15074|dataStream:10.1.0.13:15077|priority:1|startupRole:FOLLOWER, 76b6de06-79b2-4410-afad-6ed4eb2113a8|rpc:10.1.0.13:15085|admin:10.1.0.13:15084|client:10.1.0.13:15083|dataStream:10.1.0.13:15086|priority:0|startupRole:FOLLOWER]|listeners:[], old=null
2023-07-05 13:42:22,679 [c67f853f-9851-48e5-9814-c89133fda60b-groupManagement] INFO  server.RaftServer$Division (RaftServerImpl.java:setRole(329)) - c67f853f-9851-48e5-9814-c89133fda60b@group-CF48E0ED285B: changes role from      null to FOLLOWER at term 0 for startAsFollower
2023-07-05 13:42:22,679 [c67f853f-9851-48e5-9814-c89133fda60b-groupManagement] INFO  impl.RoleInfo (RoleInfo.java:updateAndGet(139)) - c67f853f-9851-48e5-9814-c89133fda60b: start c67f853f-9851-48e5-9814-c89133fda60b@group-CF48E0ED285B-FollowerState
2023-07-05 13:42:22,682 [c67f853f-9851-48e5-9814-c89133fda60b-groupManagement] INFO  util.JmxRegister (JmxRegister.java:tryRegister(44)) - Successfully registered JMX Bean with object name Ratis:service=RaftServer,group=group-CF48E0ED285B,id=c67f853f-9851-48e5-9814-c89133fda60b
2023-07-05 13:42:22,682 [c67f853f-9851-48e5-9814-c89133fda60b-groupManagement] INFO  server.RaftServerConfigKeys (ConfUtils.java:logGet(46)) - raft.server.snapshot.auto.trigger.enabled = true (custom)
2023-07-05 13:42:22,682 [c67f853f-9851-48e5-9814-c89133fda60b-groupManagement] INFO  server.RaftServerConfigKeys (ConfUtils.java:logGet(46)) - raft.server.snapshot.auto.trigger.threshold = 10000 (custom)
2023-07-05 13:42:22,682 [c67f853f-9851-48e5-9814-c89133fda60b-groupManagement] INFO  server.RaftServerConfigKeys (ConfUtils.java:logGet(46)) - raft.server.snapshot.retention.file.num = 5 (custom)
2023-07-05 13:42:22,682 [c67f853f-9851-48e5-9814-c89133fda60b-groupManagement] INFO  server.RaftServerConfigKeys (ConfUtils.java:logGet(46)) - raft.server.log.purge.upto.snapshot.index = false (default)
2023-07-05 13:42:22,683 [c67f853f-9851-48e5-9814-c89133fda60b@group-CF48E0ED285B-FollowerState] INFO  server.RaftServerConfigKeys (ConfUtils.java:logFallback(53)) - raft.server.rpc.first-election.timeout.min = 5s (fallback to raft.server.rpc.timeout.min)
2023-07-05 13:42:22,683 [c67f853f-9851-48e5-9814-c89133fda60b@group-CF48E0ED285B-FollowerState] INFO  server.RaftServerConfigKeys (ConfUtils.java:logFallback(53)) - raft.server.rpc.first-election.timeout.max = 5200ms (fallback to raft.server.rpc.timeout.max)
2023-07-05 13:42:22,683 [PipelineCommandHandlerThread-0] INFO  ratis.XceiverServerRatis (XceiverServerRatis.java:addGroup(804)) - Created group PipelineID=bd79c634-d3ce-4445-aaf7-cf48e0ed285b
2023-07-05 13:42:22,695 [grpc-default-executor-0] INFO  server.RaftServer (RaftServerProxy.java:addNew(98)) - 6d685894-e83d-4eff-a4f6-a21b002b35fd: addNew group-CF48E0ED285B:[c67f853f-9851-48e5-9814-c89133fda60b|rpc:10.1.0.13:15067|admin:10.1.0.13:15066|client:10.1.0.13:15065|dataStream:10.1.0.13:15068|priority:0|startupRole:FOLLOWER, 6d685894-e83d-4eff-a4f6-a21b002b35fd|rpc:10.1.0.13:15076|admin:10.1.0.13:15075|client:10.1.0.13:15074|dataStream:10.1.0.13:15077|priority:1|startupRole:FOLLOWER, 76b6de06-79b2-4410-afad-6ed4eb2113a8|rpc:10.1.0.13:15085|admin:10.1.0.13:15084|client:10.1.0.13:15083|dataStream:10.1.0.13:15086|priority:0|startupRole:FOLLOWER] returns group-CF48E0ED285B:java.util.concurrent.CompletableFuture@42ac2a50[Not completed]
2023-07-05 13:42:22,697 [6d685894-e83d-4eff-a4f6-a21b002b35fd-groupManagement] INFO  server.RaftServer$Division (RaftServerImpl.java:<init>(198)) - 6d685894-e83d-4eff-a4f6-a21b002b35fd: new RaftServerImpl for group-CF48E0ED285B:[c67f853f-9851-48e5-9814-c89133fda60b|rpc:10.1.0.13:15067|admin:10.1.0.13:15066|client:10.1.0.13:15065|dataStream:10.1.0.13:15068|priority:0|startupRole:FOLLOWER, 6d685894-e83d-4eff-a4f6-a21b002b35fd|rpc:10.1.0.13:15076|admin:10.1.0.13:15075|client:10.1.0.13:15074|dataStream:10.1.0.13:15077|priority:1|startupRole:FOLLOWER, 76b6de06-79b2-4410-afad-6ed4eb2113a8|rpc:10.1.0.13:15085|admin:10.1.0.13:15084|client:10.1.0.13:15083|dataStream:10.1.0.13:15086|priority:0|startupRole:FOLLOWER] with ContainerStateMachine:uninitialized
2023-07-05 13:42:22,697 [6d685894-e83d-4eff-a4f6-a21b002b35fd-groupManagement] INFO  server.RaftServerConfigKeys (ConfUtils.java:logGet(46)) - raft.server.rpc.timeout.min = 5s (custom)
2023-07-05 13:42:22,697 [6d685894-e83d-4eff-a4f6-a21b002b35fd-groupManagement] INFO  server.RaftServerConfigKeys (ConfUtils.java:logGet(46)) - raft.server.rpc.timeout.max = 5200ms (custom)
2023-07-05 13:42:22,697 [6d685894-e83d-4eff-a4f6-a21b002b35fd-groupManagement] INFO  server.RaftServerConfigKeys (ConfUtils.java:logGet(46)) - raft.server.rpc.sleep.time = 25ms (default)
2023-07-05 13:42:22,697 [6d685894-e83d-4eff-a4f6-a21b002b35fd-groupManagement] INFO  server.RaftServerConfigKeys (ConfUtils.java:logGet(46)) - raft.server.rpc.slowness.timeout = 300s (custom)
2023-07-05 13:42:22,697 [6d685894-e83d-4eff-a4f6-a21b002b35fd-groupManagement] INFO  server.RaftServerConfigKeys (ConfUtils.java:logGet(46)) - raft.server.leaderelection.leader.step-down.wait-time = 10s (default)
2023-07-05 13:42:22,697 [6d685894-e83d-4eff-a4f6-a21b002b35fd-groupManagement] INFO  server.RaftServerConfigKeys (ConfUtils.java:logGet(46)) - raft.server.sleep.deviation.threshold = 300ms (default)
2023-07-05 13:42:22,697 [6d685894-e83d-4eff-a4f6-a21b002b35fd-groupManagement] INFO  server.RaftServer$Division (ServerState.java:<init>(120)) - 6d685894-e83d-4eff-a4f6-a21b002b35fd@group-CF48E0ED285B: ConfigurationManager, init=-1: peers:[c67f853f-9851-48e5-9814-c89133fda60b|rpc:10.1.0.13:15067|admin:10.1.0.13:15066|client:10.1.0.13:15065|dataStream:10.1.0.13:15068|priority:0|startupRole:FOLLOWER, 6d685894-e83d-4eff-a4f6-a21b002b35fd|rpc:10.1.0.13:15076|admin:10.1.0.13:15075|client:10.1.0.13:15074|dataStream:10.1.0.13:15077|priority:1|startupRole:FOLLOWER, 76b6de06-79b2-4410-afad-6ed4eb2113a8|rpc:10.1.0.13:15085|admin:10.1.0.13:15084|client:10.1.0.13:15083|dataStream:10.1.0.13:15086|priority:0|startupRole:FOLLOWER]|listeners:[], old=null, confs=<EMPTY_MAP>
2023-07-05 13:42:22,697 [6d685894-e83d-4eff-a4f6-a21b002b35fd-groupManagement] INFO  server.RaftServerConfigKeys (ConfUtils.java:logGet(46)) - raft.server.storage.dir = [/home/runner/work/ozone/ozone/hadoop-ozone/integration-test/target/test-dir/MiniOzoneClusterImpl-a91d5bca-d5a1-41cf-9733-6b4d6b49c170/datanode-1/data/ratis] (custom)
2023-07-05 13:42:22,697 [6d685894-e83d-4eff-a4f6-a21b002b35fd-groupManagement] INFO  server.RaftServerConfigKeys (ConfUtils.java:logGet(46)) - raft.server.log.corruption.policy = EXCEPTION (default)
2023-07-05 13:42:22,697 [6d685894-e83d-4eff-a4f6-a21b002b35fd-groupManagement] INFO  server.RaftServerConfigKeys (ConfUtils.java:logGet(46)) - raft.server.storage.free-space.min = 0MB (=0) (default)
2023-07-05 13:42:22,698 [6d685894-e83d-4eff-a4f6-a21b002b35fd-groupManagement] INFO  server.RaftServerConfigKeys (ConfUtils.java:logGet(46)) - raft.server.notification.no-leader.timeout = 300s (custom)
2023-07-05 13:42:22,698 [6d685894-e83d-4eff-a4f6-a21b002b35fd-groupManagement] INFO  server.RaftServerConfigKeys (ConfUtils.java:logGet(46)) - raft.server.read.timeout = 10s (default)
2023-07-05 13:42:22,698 [6d685894-e83d-4eff-a4f6-a21b002b35fd-groupManagement] INFO  server.RaftServerConfigKeys (ConfUtils.java:logGet(46)) - raft.server.retrycache.expirytime = 600000ms (custom)
2023-07-05 13:42:22,698 [6d685894-e83d-4eff-a4f6-a21b002b35fd-groupManagement] INFO  server.RaftServerConfigKeys (ConfUtils.java:logGet(46)) - raft.server.retrycache.statistics.expirytime = 100μs (default)
2023-07-05 13:42:22,698 [6d685894-e83d-4eff-a4f6-a21b002b35fd-groupManagement] INFO  server.RaftServerConfigKeys (ConfUtils.java:logGet(46)) - raft.server.read.option = DEFAULT (default)
2023-07-05 13:42:22,699 [6d685894-e83d-4eff-a4f6-a21b002b35fd-groupManagement] INFO  server.RaftServerConfigKeys (ConfUtils.java:logGet(46)) - raft.server.rpc.request.timeout = 60s (custom)
2023-07-05 13:42:22,700 [6d685894-e83d-4eff-a4f6-a21b002b35fd-groupManagement] INFO  server.RaftServerConfigKeys (ConfUtils.java:logGet(46)) - raft.server.log.appender.install.snapshot.enabled = false (custom)
2023-07-05 13:42:22,700 [6d685894-e83d-4eff-a4f6-a21b002b35fd-groupManagement] INFO  server.RaftServerConfigKeys (ConfUtils.java:logGet(46)) - raft.server.threadpool.server.cached = true (default)
2023-07-05 13:42:22,700 [6d685894-e83d-4eff-a4f6-a21b002b35fd-groupManagement] INFO  server.RaftServerConfigKeys (ConfUtils.java:logGet(46)) - raft.server.threadpool.server.size = 0 (default)
2023-07-05 13:42:22,700 [6d685894-e83d-4eff-a4f6-a21b002b35fd-groupManagement] INFO  server.RaftServerConfigKeys (ConfUtils.java:logGet(46)) - raft.server.threadpool.client.cached = true (default)
2023-07-05 13:42:22,700 [6d685894-e83d-4eff-a4f6-a21b002b35fd-groupManagement] INFO  server.RaftServerConfigKeys (ConfUtils.java:logGet(46)) - raft.server.threadpool.client.size = 0 (default)
2023-07-05 13:42:22,700 [6d685894-e83d-4eff-a4f6-a21b002b35fd-groupManagement] INFO  storage.RaftStorageDirectory (RaftStorageDirectoryImpl.java:analyzeStorage(137)) - The storage directory /home/runner/work/ozone/ozone/hadoop-ozone/integration-test/target/test-dir/MiniOzoneClusterImpl-a91d5bca-d5a1-41cf-9733-6b4d6b49c170/datanode-1/data/ratis/bd79c634-d3ce-4445-aaf7-cf48e0ed285b does not exist. Creating ...
2023-07-05 13:42:22,701 [6d685894-e83d-4eff-a4f6-a21b002b35fd-groupManagement] INFO  storage.RaftStorageDirectory (RaftStorageDirectoryImpl.java:tryLock(231)) - Lock on /home/runner/work/ozone/ozone/hadoop-ozone/integration-test/target/test-dir/MiniOzoneClusterImpl-a91d5bca-d5a1-41cf-9733-6b4d6b49c170/datanode-1/data/ratis/bd79c634-d3ce-4445-aaf7-cf48e0ed285b/in_use.lock acquired by nodename 25537@fv-az264-29
2023-07-05 13:42:22,702 [6d685894-e83d-4eff-a4f6-a21b002b35fd-groupManagement] INFO  storage.RaftStorage (RaftStorageImpl.java:format(96)) - Storage directory /home/runner/work/ozone/ozone/hadoop-ozone/integration-test/target/test-dir/MiniOzoneClusterImpl-a91d5bca-d5a1-41cf-9733-6b4d6b49c170/datanode-1/data/ratis/bd79c634-d3ce-4445-aaf7-cf48e0ed285b has been successfully formatted.
2023-07-05 13:42:22,703 [6d685894-e83d-4eff-a4f6-a21b002b35fd-groupManagement] INFO  ratis.ContainerStateMachine (ContainerStateMachine.java:loadSnapshot(262)) - group-CF48E0ED285B: The snapshot info is null. Setting the last applied indexto:(t:0, i:~)
2023-07-05 13:42:22,704 [6d685894-e83d-4eff-a4f6-a21b002b35fd-groupManagement] INFO  server.RaftServerConfigKeys (ConfUtils.java:logGet(46)) - raft.server.log.use.memory = false (default)
2023-07-05 13:42:22,706 [6d685894-e83d-4eff-a4f6-a21b002b35fd-groupManagement] INFO  server.RaftServerConfigKeys (ConfUtils.java:logGet(46)) - raft.server.log.purge.gap = 1000000 (custom)
2023-07-05 13:42:22,706 [6d685894-e83d-4eff-a4f6-a21b002b35fd-groupManagement] INFO  server.RaftServerConfigKeys (ConfUtils.java:logGet(46)) - raft.server.log.appender.buffer.byte-limit = 33554432 (custom)
2023-07-05 13:42:22,706 [6d685894-e83d-4eff-a4f6-a21b002b35fd-groupManagement] INFO  server.RaftServerConfigKeys (ConfUtils.java:logGet(46)) - raft.server.log.statemachine.data.read.timeout = 1000ms (default)
2023-07-05 13:42:22,706 [6d685894-e83d-4eff-a4f6-a21b002b35fd-groupManagement] INFO  server.RaftServerConfigKeys (ConfUtils.java:logGet(46)) - raft.server.log.purge.preservation.log.num = 0 (default)
2023-07-05 13:42:22,706 [6d685894-e83d-4eff-a4f6-a21b002b35fd-groupManagement] INFO  server.RaftServerConfigKeys (ConfUtils.java:logGet(46)) - raft.server.log.segment.size.max = 1048576 (custom)
2023-07-05 13:42:22,708 [6d685894-e83d-4eff-a4f6-a21b002b35fd-groupManagement] INFO  server.RaftServerConfigKeys (ConfUtils.java:logGet(46)) - raft.server.log.segment.cache.num.max = 2 (custom)
2023-07-05 13:42:22,708 [6d685894-e83d-4eff-a4f6-a21b002b35fd-groupManagement] INFO  server.RaftServerConfigKeys (ConfUtils.java:logGet(46)) - raft.server.log.segment.cache.size.max = 200MB (=209715200) (default)
2023-07-05 13:42:22,708 [6d685894-e83d-4eff-a4f6-a21b002b35fd-groupManagement] INFO  server.RaftServerConfigKeys (ConfUtils.java:logGet(46)) - raft.server.log.appender.buffer.byte-limit = 33554432 (custom)
2023-07-05 13:42:22,708 [6d685894-e83d-4eff-a4f6-a21b002b35fd-groupManagement] INFO  segmented.SegmentedRaftLogWorker (SegmentedRaftLogWorker.java:<init>(188)) - new 6d685894-e83d-4eff-a4f6-a21b002b35fd@group-CF48E0ED285B-SegmentedRaftLogWorker for RaftStorageImpl:Storage Directory /home/runner/work/ozone/ozone/hadoop-ozone/integration-test/target/test-dir/MiniOzoneClusterImpl-a91d5bca-d5a1-41cf-9733-6b4d6b49c170/datanode-1/data/ratis/bd79c634-d3ce-4445-aaf7-cf48e0ed285b
2023-07-05 13:42:22,708 [6d685894-e83d-4eff-a4f6-a21b002b35fd-groupManagement] INFO  server.RaftServerConfigKeys (ConfUtils.java:logGet(46)) - raft.server.log.queue.byte-limit = 4294967296 (custom)
2023-07-05 13:42:22,708 [6d685894-e83d-4eff-a4f6-a21b002b35fd-groupManagement] INFO  server.RaftServerConfigKeys (ConfUtils.java:logGet(46)) - raft.server.log.queue.element-limit = 1024 (custom)
2023-07-05 13:42:22,708 [6d685894-e83d-4eff-a4f6-a21b002b35fd-groupManagement] INFO  server.RaftServerConfigKeys (ConfUtils.java:logGet(46)) - raft.server.log.segment.size.max = 1048576 (custom)
2023-07-05 13:42:22,708 [6d685894-e83d-4eff-a4f6-a21b002b35fd-groupManagement] INFO  server.RaftServerConfigKeys (ConfUtils.java:logGet(46)) - raft.server.log.preallocated.size = 16384 (custom)
2023-07-05 13:42:22,708 [6d685894-e83d-4eff-a4f6-a21b002b35fd-groupManagement] INFO  server.RaftServerConfigKeys (ConfUtils.java:logGet(46)) - raft.server.log.force.sync.num = 128 (default)
2023-07-05 13:42:22,708 [6d685894-e83d-4eff-a4f6-a21b002b35fd-groupManagement] INFO  server.RaftServerConfigKeys (ConfUtils.java:logGet(46)) - raft.server.log.statemachine.data.sync = true (default)
2023-07-05 13:42:22,708 [6d685894-e83d-4eff-a4f6-a21b002b35fd-groupManagement] INFO  server.RaftServerConfigKeys (ConfUtils.java:logGet(46)) - raft.server.log.statemachine.data.sync.timeout = 10s (default)
2023-07-05 13:42:22,708 [6d685894-e83d-4eff-a4f6-a21b002b35fd-groupManagement] INFO  server.RaftServerConfigKeys (ConfUtils.java:logGet(46)) - raft.server.log.statemachine.data.sync.timeout.retry = -1 (default)
2023-07-05 13:42:22,709 [6d685894-e83d-4eff-a4f6-a21b002b35fd-groupManagement] INFO  server.RaftServerConfigKeys (ConfUtils.java:logGet(46)) - raft.server.log.write.buffer.size = 1048576 (custom)
2023-07-05 13:42:22,710 [6d685894-e83d-4eff-a4f6-a21b002b35fd-groupManagement] INFO  server.RaftServerConfigKeys (ConfUtils.java:logGet(46)) - raft.server.log.appender.buffer.byte-limit = 33554432 (custom)
2023-07-05 13:42:22,715 [6d685894-e83d-4eff-a4f6-a21b002b35fd-groupManagement] INFO  server.RaftServerConfigKeys (ConfUtils.java:logGet(46)) - raft.server.log.unsafe-flush.enabled = false (default)
2023-07-05 13:42:22,715 [6d685894-e83d-4eff-a4f6-a21b002b35fd-groupManagement] INFO  server.RaftServerConfigKeys (ConfUtils.java:logGet(46)) - raft.server.log.async-flush.enabled = false (default)
2023-07-05 13:42:22,715 [6d685894-e83d-4eff-a4f6-a21b002b35fd-groupManagement] INFO  server.RaftServerConfigKeys (ConfUtils.java:logGet(46)) - raft.server.log.statemachine.data.caching.enabled = true (custom)
2023-07-05 13:42:22,716 [6d685894-e83d-4eff-a4f6-a21b002b35fd-groupManagement] INFO  segmented.SegmentedRaftLogWorker (SegmentedRaftLogWorker.java:lambda$new$0(135)) - 6d685894-e83d-4eff-a4f6-a21b002b35fd@group-CF48E0ED285B-SegmentedRaftLogWorker: flushIndex: setUnconditionally 0 -> -1
2023-07-05 13:42:22,716 [6d685894-e83d-4eff-a4f6-a21b002b35fd-groupManagement] INFO  segmented.SegmentedRaftLogWorker (SegmentedRaftLogWorker.java:lambda$new$0(135)) - 6d685894-e83d-4eff-a4f6-a21b002b35fd@group-CF48E0ED285B-SegmentedRaftLogWorker: safeCacheEvictIndex: setUnconditionally 0 -> -1
2023-07-05 13:42:22,716 [6d685894-e83d-4eff-a4f6-a21b002b35fd-groupManagement] INFO  server.RaftServer$Division (RaftServerImpl.java:start(342)) - 6d685894-e83d-4eff-a4f6-a21b002b35fd@group-CF48E0ED285B: start as a follower, conf=-1: peers:[c67f853f-9851-48e5-9814-c89133fda60b|rpc:10.1.0.13:15067|admin:10.1.0.13:15066|client:10.1.0.13:15065|dataStream:10.1.0.13:15068|priority:0|startupRole:FOLLOWER, 6d685894-e83d-4eff-a4f6-a21b002b35fd|rpc:10.1.0.13:15076|admin:10.1.0.13:15075|client:10.1.0.13:15074|dataStream:10.1.0.13:15077|priority:1|startupRole:FOLLOWER, 76b6de06-79b2-4410-afad-6ed4eb2113a8|rpc:10.1.0.13:15085|admin:10.1.0.13:15084|client:10.1.0.13:15083|dataStream:10.1.0.13:15086|priority:0|startupRole:FOLLOWER]|listeners:[], old=null
2023-07-05 13:42:22,716 [6d685894-e83d-4eff-a4f6-a21b002b35fd-groupManagement] INFO  server.RaftServer$Division (RaftServerImpl.java:setRole(329)) - 6d685894-e83d-4eff-a4f6-a21b002b35fd@group-CF48E0ED285B: changes role from      null to FOLLOWER at term 0 for startAsFollower
2023-07-05 13:42:22,716 [6d685894-e83d-4eff-a4f6-a21b002b35fd-groupManagement] INFO  impl.RoleInfo (RoleInfo.java:updateAndGet(139)) - 6d685894-e83d-4eff-a4f6-a21b002b35fd: start 6d685894-e83d-4eff-a4f6-a21b002b35fd@group-CF48E0ED285B-FollowerState
2023-07-05 13:42:22,717 [6d685894-e83d-4eff-a4f6-a21b002b35fd-groupManagement] INFO  util.JmxRegister (JmxRegister.java:tryRegister(44)) - Successfully registered JMX Bean with object name Ratis:service=RaftServer,group=group-CF48E0ED285B,id=6d685894-e83d-4eff-a4f6-a21b002b35fd
2023-07-05 13:42:22,717 [6d685894-e83d-4eff-a4f6-a21b002b35fd@group-CF48E0ED285B-FollowerState] INFO  server.RaftServerConfigKeys (ConfUtils.java:logFallback(53)) - raft.server.rpc.first-election.timeout.min = 5s (fallback to raft.server.rpc.timeout.min)
2023-07-05 13:42:22,717 [6d685894-e83d-4eff-a4f6-a21b002b35fd-groupManagement] INFO  server.RaftServerConfigKeys (ConfUtils.java:logGet(46)) - raft.server.snapshot.auto.trigger.enabled = true (custom)
2023-07-05 13:42:22,717 [6d685894-e83d-4eff-a4f6-a21b002b35fd@group-CF48E0ED285B-FollowerState] INFO  server.RaftServerConfigKeys (ConfUtils.java:logFallback(53)) - raft.server.rpc.first-election.timeout.max = 5200ms (fallback to raft.server.rpc.timeout.max)
2023-07-05 13:42:22,717 [6d685894-e83d-4eff-a4f6-a21b002b35fd-groupManagement] INFO  server.RaftServerConfigKeys (ConfUtils.java:logGet(46)) - raft.server.snapshot.auto.trigger.threshold = 10000 (custom)
2023-07-05 13:42:22,718 [6d685894-e83d-4eff-a4f6-a21b002b35fd-groupManagement] INFO  server.RaftServerConfigKeys (ConfUtils.java:logGet(46)) - raft.server.snapshot.retention.file.num = 5 (custom)
2023-07-05 13:42:22,718 [6d685894-e83d-4eff-a4f6-a21b002b35fd-groupManagement] INFO  server.RaftServerConfigKeys (ConfUtils.java:logGet(46)) - raft.server.log.purge.upto.snapshot.index = false (default)
2023-07-05 13:42:22,741 [grpc-default-executor-0] INFO  server.RaftServer (RaftServerProxy.java:addNew(98)) - 76b6de06-79b2-4410-afad-6ed4eb2113a8: addNew group-CF48E0ED285B:[c67f853f-9851-48e5-9814-c89133fda60b|rpc:10.1.0.13:15067|admin:10.1.0.13:15066|client:10.1.0.13:15065|dataStream:10.1.0.13:15068|priority:0|startupRole:FOLLOWER, 6d685894-e83d-4eff-a4f6-a21b002b35fd|rpc:10.1.0.13:15076|admin:10.1.0.13:15075|client:10.1.0.13:15074|dataStream:10.1.0.13:15077|priority:1|startupRole:FOLLOWER, 76b6de06-79b2-4410-afad-6ed4eb2113a8|rpc:10.1.0.13:15085|admin:10.1.0.13:15084|client:10.1.0.13:15083|dataStream:10.1.0.13:15086|priority:0|startupRole:FOLLOWER] returns group-CF48E0ED285B:java.util.concurrent.CompletableFuture@3a25b356[Not completed]
2023-07-05 13:42:22,742 [76b6de06-79b2-4410-afad-6ed4eb2113a8-groupManagement] INFO  server.RaftServer$Division (RaftServerImpl.java:<init>(198)) - 76b6de06-79b2-4410-afad-6ed4eb2113a8: new RaftServerImpl for group-CF48E0ED285B:[c67f853f-9851-48e5-9814-c89133fda60b|rpc:10.1.0.13:15067|admin:10.1.0.13:15066|client:10.1.0.13:15065|dataStream:10.1.0.13:15068|priority:0|startupRole:FOLLOWER, 6d685894-e83d-4eff-a4f6-a21b002b35fd|rpc:10.1.0.13:15076|admin:10.1.0.13:15075|client:10.1.0.13:15074|dataStream:10.1.0.13:15077|priority:1|startupRole:FOLLOWER, 76b6de06-79b2-4410-afad-6ed4eb2113a8|rpc:10.1.0.13:15085|admin:10.1.0.13:15084|client:10.1.0.13:15083|dataStream:10.1.0.13:15086|priority:0|startupRole:FOLLOWER] with ContainerStateMachine:uninitialized
2023-07-05 13:42:22,742 [76b6de06-79b2-4410-afad-6ed4eb2113a8-groupManagement] INFO  server.RaftServerConfigKeys (ConfUtils.java:logGet(46)) - raft.server.rpc.timeout.min = 5s (custom)
2023-07-05 13:42:22,742 [76b6de06-79b2-4410-afad-6ed4eb2113a8-groupManagement] INFO  server.RaftServerConfigKeys (ConfUtils.java:logGet(46)) - raft.server.rpc.timeout.max = 5200ms (custom)
2023-07-05 13:42:22,742 [76b6de06-79b2-4410-afad-6ed4eb2113a8-groupManagement] INFO  server.RaftServerConfigKeys (ConfUtils.java:logGet(46)) - raft.server.rpc.sleep.time = 25ms (default)
2023-07-05 13:42:22,742 [76b6de06-79b2-4410-afad-6ed4eb2113a8-groupManagement] INFO  server.RaftServerConfigKeys (ConfUtils.java:logGet(46)) - raft.server.rpc.slowness.timeout = 300s (custom)
2023-07-05 13:42:22,742 [76b6de06-79b2-4410-afad-6ed4eb2113a8-groupManagement] INFO  server.RaftServerConfigKeys (ConfUtils.java:logGet(46)) - raft.server.leaderelection.leader.step-down.wait-time = 10s (default)
2023-07-05 13:42:22,742 [76b6de06-79b2-4410-afad-6ed4eb2113a8-groupManagement] INFO  server.RaftServerConfigKeys (ConfUtils.java:logGet(46)) - raft.server.sleep.deviation.threshold = 300ms (default)
2023-07-05 13:42:22,742 [76b6de06-79b2-4410-afad-6ed4eb2113a8-groupManagement] INFO  server.RaftServer$Division (ServerState.java:<init>(120)) - 76b6de06-79b2-4410-afad-6ed4eb2113a8@group-CF48E0ED285B: ConfigurationManager, init=-1: peers:[c67f853f-9851-48e5-9814-c89133fda60b|rpc:10.1.0.13:15067|admin:10.1.0.13:15066|client:10.1.0.13:15065|dataStream:10.1.0.13:15068|priority:0|startupRole:FOLLOWER, 6d685894-e83d-4eff-a4f6-a21b002b35fd|rpc:10.1.0.13:15076|admin:10.1.0.13:15075|client:10.1.0.13:15074|dataStream:10.1.0.13:15077|priority:1|startupRole:FOLLOWER, 76b6de06-79b2-4410-afad-6ed4eb2113a8|rpc:10.1.0.13:15085|admin:10.1.0.13:15084|client:10.1.0.13:15083|dataStream:10.1.0.13:15086|priority:0|startupRole:FOLLOWER]|listeners:[], old=null, confs=<EMPTY_MAP>
2023-07-05 13:42:22,742 [76b6de06-79b2-4410-afad-6ed4eb2113a8-groupManagement] INFO  server.RaftServerConfigKeys (ConfUtils.java:logGet(46)) - raft.server.storage.dir = [/home/runner/work/ozone/ozone/hadoop-ozone/integration-test/target/test-dir/MiniOzoneClusterImpl-a91d5bca-d5a1-41cf-9733-6b4d6b49c170/datanode-2/data/ratis] (custom)
2023-07-05 13:42:22,743 [76b6de06-79b2-4410-afad-6ed4eb2113a8-groupManagement] INFO  server.RaftServerConfigKeys (ConfUtils.java:logGet(46)) - raft.server.log.corruption.policy = EXCEPTION (default)
2023-07-05 13:42:22,743 [76b6de06-79b2-4410-afad-6ed4eb2113a8-groupManagement] INFO  server.RaftServerConfigKeys (ConfUtils.java:logGet(46)) - raft.server.storage.free-space.min = 0MB (=0) (default)
2023-07-05 13:42:22,743 [76b6de06-79b2-4410-afad-6ed4eb2113a8-groupManagement] INFO  server.RaftServerConfigKeys (ConfUtils.java:logGet(46)) - raft.server.notification.no-leader.timeout = 300s (custom)
2023-07-05 13:42:22,743 [76b6de06-79b2-4410-afad-6ed4eb2113a8-groupManagement] INFO  server.RaftServerConfigKeys (ConfUtils.java:logGet(46)) - raft.server.read.timeout = 10s (default)
2023-07-05 13:42:22,743 [76b6de06-79b2-4410-afad-6ed4eb2113a8-groupManagement] INFO  server.RaftServerConfigKeys (ConfUtils.java:logGet(46)) - raft.server.retrycache.expirytime = 600000ms (custom)
2023-07-05 13:42:22,743 [76b6de06-79b2-4410-afad-6ed4eb2113a8-groupManagement] INFO  server.RaftServerConfigKeys (ConfUtils.java:logGet(46)) - raft.server.retrycache.statistics.expirytime = 100μs (default)
2023-07-05 13:42:22,743 [76b6de06-79b2-4410-afad-6ed4eb2113a8-groupManagement] INFO  server.RaftServerConfigKeys (ConfUtils.java:logGet(46)) - raft.server.read.option = DEFAULT (default)
2023-07-05 13:42:22,744 [76b6de06-79b2-4410-afad-6ed4eb2113a8-groupManagement] INFO  server.RaftServerConfigKeys (ConfUtils.java:logGet(46)) - raft.server.rpc.request.timeout = 60s (custom)
2023-07-05 13:42:22,744 [76b6de06-79b2-4410-afad-6ed4eb2113a8-groupManagement] INFO  server.RaftServerConfigKeys (ConfUtils.java:logGet(46)) - raft.server.log.appender.install.snapshot.enabled = false (custom)
2023-07-05 13:42:22,744 [76b6de06-79b2-4410-afad-6ed4eb2113a8-groupManagement] INFO  server.RaftServerConfigKeys (ConfUtils.java:logGet(46)) - raft.server.threadpool.server.cached = true (default)
2023-07-05 13:42:22,744 [76b6de06-79b2-4410-afad-6ed4eb2113a8-groupManagement] INFO  server.RaftServerConfigKeys (ConfUtils.java:logGet(46)) - raft.server.threadpool.server.size = 0 (default)
2023-07-05 13:42:22,744 [76b6de06-79b2-4410-afad-6ed4eb2113a8-groupManagement] INFO  server.RaftServerConfigKeys (ConfUtils.java:logGet(46)) - raft.server.threadpool.client.cached = true (default)
2023-07-05 13:42:22,744 [76b6de06-79b2-4410-afad-6ed4eb2113a8-groupManagement] INFO  server.RaftServerConfigKeys (ConfUtils.java:logGet(46)) - raft.server.threadpool.client.size = 0 (default)
2023-07-05 13:42:22,744 [76b6de06-79b2-4410-afad-6ed4eb2113a8-groupManagement] INFO  storage.RaftStorageDirectory (RaftStorageDirectoryImpl.java:analyzeStorage(137)) - The storage directory /home/runner/work/ozone/ozone/hadoop-ozone/integration-test/target/test-dir/MiniOzoneClusterImpl-a91d5bca-d5a1-41cf-9733-6b4d6b49c170/datanode-2/data/ratis/bd79c634-d3ce-4445-aaf7-cf48e0ed285b does not exist. Creating ...
2023-07-05 13:42:22,746 [76b6de06-79b2-4410-afad-6ed4eb2113a8-groupManagement] INFO  storage.RaftStorageDirectory (RaftStorageDirectoryImpl.java:tryLock(231)) - Lock on /home/runner/work/ozone/ozone/hadoop-ozone/integration-test/target/test-dir/MiniOzoneClusterImpl-a91d5bca-d5a1-41cf-9733-6b4d6b49c170/datanode-2/data/ratis/bd79c634-d3ce-4445-aaf7-cf48e0ed285b/in_use.lock acquired by nodename 25537@fv-az264-29
2023-07-05 13:42:22,748 [76b6de06-79b2-4410-afad-6ed4eb2113a8-groupManagement] INFO  storage.RaftStorage (RaftStorageImpl.java:format(96)) - Storage directory /home/runner/work/ozone/ozone/hadoop-ozone/integration-test/target/test-dir/MiniOzoneClusterImpl-a91d5bca-d5a1-41cf-9733-6b4d6b49c170/datanode-2/data/ratis/bd79c634-d3ce-4445-aaf7-cf48e0ed285b has been successfully formatted.
2023-07-05 13:42:22,749 [76b6de06-79b2-4410-afad-6ed4eb2113a8-groupManagement] INFO  ratis.ContainerStateMachine (ContainerStateMachine.java:loadSnapshot(262)) - group-CF48E0ED285B: The snapshot info is null. Setting the last applied indexto:(t:0, i:~)
2023-07-05 13:42:22,749 [76b6de06-79b2-4410-afad-6ed4eb2113a8-groupManagement] INFO  server.RaftServerConfigKeys (ConfUtils.java:logGet(46)) - raft.server.log.use.memory = false (default)
2023-07-05 13:42:22,749 [76b6de06-79b2-4410-afad-6ed4eb2113a8-groupManagement] INFO  server.RaftServerConfigKeys (ConfUtils.java:logGet(46)) - raft.server.log.purge.gap = 1000000 (custom)
2023-07-05 13:42:22,749 [76b6de06-79b2-4410-afad-6ed4eb2113a8-groupManagement] INFO  server.RaftServerConfigKeys (ConfUtils.java:logGet(46)) - raft.server.log.appender.buffer.byte-limit = 33554432 (custom)
2023-07-05 13:42:22,749 [76b6de06-79b2-4410-afad-6ed4eb2113a8-groupManagement] INFO  server.RaftServerConfigKeys (ConfUtils.java:logGet(46)) - raft.server.log.statemachine.data.read.timeout = 1000ms (default)
2023-07-05 13:42:22,749 [76b6de06-79b2-4410-afad-6ed4eb2113a8-groupManagement] INFO  server.RaftServerConfigKeys (ConfUtils.java:logGet(46)) - raft.server.log.purge.preservation.log.num = 0 (default)
2023-07-05 13:42:22,749 [76b6de06-79b2-4410-afad-6ed4eb2113a8-groupManagement] INFO  server.RaftServerConfigKeys (ConfUtils.java:logGet(46)) - raft.server.log.segment.size.max = 1048576 (custom)
2023-07-05 13:42:22,751 [76b6de06-79b2-4410-afad-6ed4eb2113a8-groupManagement] INFO  server.RaftServerConfigKeys (ConfUtils.java:logGet(46)) - raft.server.log.segment.cache.num.max = 2 (custom)
2023-07-05 13:42:22,751 [76b6de06-79b2-4410-afad-6ed4eb2113a8-groupManagement] INFO  server.RaftServerConfigKeys (ConfUtils.java:logGet(46)) - raft.server.log.segment.cache.size.max = 200MB (=209715200) (default)
2023-07-05 13:42:22,751 [76b6de06-79b2-4410-afad-6ed4eb2113a8-groupManagement] INFO  server.RaftServerConfigKeys (ConfUtils.java:logGet(46)) - raft.server.log.appender.buffer.byte-limit = 33554432 (custom)
2023-07-05 13:42:22,751 [76b6de06-79b2-4410-afad-6ed4eb2113a8-groupManagement] INFO  segmented.SegmentedRaftLogWorker (SegmentedRaftLogWorker.java:<init>(188)) - new 76b6de06-79b2-4410-afad-6ed4eb2113a8@group-CF48E0ED285B-SegmentedRaftLogWorker for RaftStorageImpl:Storage Directory /home/runner/work/ozone/ozone/hadoop-ozone/integration-test/target/test-dir/MiniOzoneClusterImpl-a91d5bca-d5a1-41cf-9733-6b4d6b49c170/datanode-2/data/ratis/bd79c634-d3ce-4445-aaf7-cf48e0ed285b
2023-07-05 13:42:22,751 [76b6de06-79b2-4410-afad-6ed4eb2113a8-groupManagement] INFO  server.RaftServerConfigKeys (ConfUtils.java:logGet(46)) - raft.server.log.queue.byte-limit = 4294967296 (custom)
2023-07-05 13:42:22,751 [76b6de06-79b2-4410-afad-6ed4eb2113a8-groupManagement] INFO  server.RaftServerConfigKeys (ConfUtils.java:logGet(46)) - raft.server.log.queue.element-limit = 1024 (custom)
2023-07-05 13:42:22,751 [76b6de06-79b2-4410-afad-6ed4eb2113a8-groupManagement] INFO  server.RaftServerConfigKeys (ConfUtils.java:logGet(46)) - raft.server.log.segment.size.max = 1048576 (custom)
2023-07-05 13:42:22,751 [76b6de06-79b2-4410-afad-6ed4eb2113a8-groupManagement] INFO  server.RaftServerConfigKeys (ConfUtils.java:logGet(46)) - raft.server.log.preallocated.size = 16384 (custom)
2023-07-05 13:42:22,751 [76b6de06-79b2-4410-afad-6ed4eb2113a8-groupManagement] INFO  server.RaftServerConfigKeys (ConfUtils.java:logGet(46)) - raft.server.log.force.sync.num = 128 (default)
2023-07-05 13:42:22,752 [76b6de06-79b2-4410-afad-6ed4eb2113a8-groupManagement] INFO  server.RaftServerConfigKeys (ConfUtils.java:logGet(46)) - raft.server.log.statemachine.data.sync = true (default)
2023-07-05 13:42:22,752 [76b6de06-79b2-4410-afad-6ed4eb2113a8-groupManagement] INFO  server.RaftServerConfigKeys (ConfUtils.java:logGet(46)) - raft.server.log.statemachine.data.sync.timeout = 10s (default)
2023-07-05 13:42:22,752 [76b6de06-79b2-4410-afad-6ed4eb2113a8-groupManagement] INFO  server.RaftServerConfigKeys (ConfUtils.java:logGet(46)) - raft.server.log.statemachine.data.sync.timeout.retry = -1 (default)
2023-07-05 13:42:22,752 [76b6de06-79b2-4410-afad-6ed4eb2113a8-groupManagement] INFO  server.RaftServerConfigKeys (ConfUtils.java:logGet(46)) - raft.server.log.write.buffer.size = 1048576 (custom)
2023-07-05 13:42:22,753 [76b6de06-79b2-4410-afad-6ed4eb2113a8-groupManagement] INFO  server.RaftServerConfigKeys (ConfUtils.java:logGet(46)) - raft.server.log.appender.buffer.byte-limit = 33554432 (custom)
2023-07-05 13:42:22,758 [76b6de06-79b2-4410-afad-6ed4eb2113a8-groupManagement] INFO  server.RaftServerConfigKeys (ConfUtils.java:logGet(46)) - raft.server.log.unsafe-flush.enabled = false (default)
2023-07-05 13:42:22,758 [76b6de06-79b2-4410-afad-6ed4eb2113a8-groupManagement] INFO  server.RaftServerConfigKeys (ConfUtils.java:logGet(46)) - raft.server.log.async-flush.enabled = false (default)
2023-07-05 13:42:22,759 [76b6de06-79b2-4410-afad-6ed4eb2113a8-groupManagement] INFO  server.RaftServerConfigKeys (ConfUtils.java:logGet(46)) - raft.server.log.statemachine.data.caching.enabled = true (custom)
2023-07-05 13:42:22,759 [76b6de06-79b2-4410-afad-6ed4eb2113a8-groupManagement] INFO  segmented.SegmentedRaftLogWorker (SegmentedRaftLogWorker.java:lambda$new$0(135)) - 76b6de06-79b2-4410-afad-6ed4eb2113a8@group-CF48E0ED285B-SegmentedRaftLogWorker: flushIndex: setUnconditionally 0 -> -1
2023-07-05 13:42:22,759 [76b6de06-79b2-4410-afad-6ed4eb2113a8-groupManagement] INFO  segmented.SegmentedRaftLogWorker (SegmentedRaftLogWorker.java:lambda$new$0(135)) - 76b6de06-79b2-4410-afad-6ed4eb2113a8@group-CF48E0ED285B-SegmentedRaftLogWorker: safeCacheEvictIndex: setUnconditionally 0 -> -1
2023-07-05 13:42:22,759 [76b6de06-79b2-4410-afad-6ed4eb2113a8-groupManagement] INFO  server.RaftServer$Division (RaftServerImpl.java:start(342)) - 76b6de06-79b2-4410-afad-6ed4eb2113a8@group-CF48E0ED285B: start as a follower, conf=-1: peers:[c67f853f-9851-48e5-9814-c89133fda60b|rpc:10.1.0.13:15067|admin:10.1.0.13:15066|client:10.1.0.13:15065|dataStream:10.1.0.13:15068|priority:0|startupRole:FOLLOWER, 6d685894-e83d-4eff-a4f6-a21b002b35fd|rpc:10.1.0.13:15076|admin:10.1.0.13:15075|client:10.1.0.13:15074|dataStream:10.1.0.13:15077|priority:1|startupRole:FOLLOWER, 76b6de06-79b2-4410-afad-6ed4eb2113a8|rpc:10.1.0.13:15085|admin:10.1.0.13:15084|client:10.1.0.13:15083|dataStream:10.1.0.13:15086|priority:0|startupRole:FOLLOWER]|listeners:[], old=null
2023-07-05 13:42:22,759 [76b6de06-79b2-4410-afad-6ed4eb2113a8-groupManagement] INFO  server.RaftServer$Division (RaftServerImpl.java:setRole(329)) - 76b6de06-79b2-4410-afad-6ed4eb2113a8@group-CF48E0ED285B: changes role from      null to FOLLOWER at term 0 for startAsFollower
2023-07-05 13:42:22,759 [76b6de06-79b2-4410-afad-6ed4eb2113a8-groupManagement] INFO  impl.RoleInfo (RoleInfo.java:updateAndGet(139)) - 76b6de06-79b2-4410-afad-6ed4eb2113a8: start 76b6de06-79b2-4410-afad-6ed4eb2113a8@group-CF48E0ED285B-FollowerState
2023-07-05 13:42:22,762 [76b6de06-79b2-4410-afad-6ed4eb2113a8@group-CF48E0ED285B-FollowerState] INFO  server.RaftServerConfigKeys (ConfUtils.java:logFallback(53)) - raft.server.rpc.first-election.timeout.min = 5s (fallback to raft.server.rpc.timeout.min)
2023-07-05 13:42:22,762 [76b6de06-79b2-4410-afad-6ed4eb2113a8@group-CF48E0ED285B-FollowerState] INFO  server.RaftServerConfigKeys (ConfUtils.java:logFallback(53)) - raft.server.rpc.first-election.timeout.max = 5200ms (fallback to raft.server.rpc.timeout.max)
2023-07-05 13:42:22,762 [76b6de06-79b2-4410-afad-6ed4eb2113a8-groupManagement] INFO  util.JmxRegister (JmxRegister.java:tryRegister(44)) - Successfully registered JMX Bean with object name Ratis:service=RaftServer,group=group-CF48E0ED285B,id=76b6de06-79b2-4410-afad-6ed4eb2113a8
2023-07-05 13:42:22,763 [76b6de06-79b2-4410-afad-6ed4eb2113a8-groupManagement] INFO  server.RaftServerConfigKeys (ConfUtils.java:logGet(46)) - raft.server.snapshot.auto.trigger.enabled = true (custom)
2023-07-05 13:42:22,763 [76b6de06-79b2-4410-afad-6ed4eb2113a8-groupManagement] INFO  server.RaftServerConfigKeys (ConfUtils.java:logGet(46)) - raft.server.snapshot.auto.trigger.threshold = 10000 (custom)
2023-07-05 13:42:22,763 [76b6de06-79b2-4410-afad-6ed4eb2113a8-groupManagement] INFO  server.RaftServerConfigKeys (ConfUtils.java:logGet(46)) - raft.server.snapshot.retention.file.num = 5 (custom)
2023-07-05 13:42:22,763 [76b6de06-79b2-4410-afad-6ed4eb2113a8-groupManagement] INFO  server.RaftServerConfigKeys (ConfUtils.java:logGet(46)) - raft.server.log.purge.upto.snapshot.index = false (default)
2023-07-05 13:42:22,776 [PipelineCommandHandlerThread-0] INFO  commandhandler.CreatePipelineCommandHandler (CreatePipelineCommandHandler.java:lambda$handle$2(124)) - Created Pipeline RATIS THREE PipelineID=bd79c634-d3ce-4445-aaf7-cf48e0ed285b.
2023-07-05 13:42:22,851 [PipelineCommandHandlerThread-0] INFO  server.RaftServer (RaftServerProxy.java:addNew(98)) - 6d685894-e83d-4eff-a4f6-a21b002b35fd: addNew group-E117380D7C5E:[6d685894-e83d-4eff-a4f6-a21b002b35fd|rpc:10.1.0.13:15076|admin:10.1.0.13:15075|client:10.1.0.13:15074|dataStream:10.1.0.13:15077|priority:1|startupRole:FOLLOWER] returns group-E117380D7C5E:java.util.concurrent.CompletableFuture@606022dc[Not completed]
2023-07-05 13:42:22,853 [6d685894-e83d-4eff-a4f6-a21b002b35fd-groupManagement] INFO  server.RaftServer$Division (RaftServerImpl.java:<init>(198)) - 6d685894-e83d-4eff-a4f6-a21b002b35fd: new RaftServerImpl for group-E117380D7C5E:[6d685894-e83d-4eff-a4f6-a21b002b35fd|rpc:10.1.0.13:15076|admin:10.1.0.13:15075|client:10.1.0.13:15074|dataStream:10.1.0.13:15077|priority:1|startupRole:FOLLOWER] with ContainerStateMachine:uninitialized
2023-07-05 13:42:22,854 [6d685894-e83d-4eff-a4f6-a21b002b35fd-groupManagement] INFO  server.RaftServerConfigKeys (ConfUtils.java:logGet(46)) - raft.server.rpc.timeout.min = 5s (custom)
2023-07-05 13:42:22,854 [6d685894-e83d-4eff-a4f6-a21b002b35fd-groupManagement] INFO  server.RaftServerConfigKeys (ConfUtils.java:logGet(46)) - raft.server.rpc.timeout.max = 5200ms (custom)
2023-07-05 13:42:22,854 [6d685894-e83d-4eff-a4f6-a21b002b35fd-groupManagement] INFO  server.RaftServerConfigKeys (ConfUtils.java:logGet(46)) - raft.server.rpc.sleep.time = 25ms (default)
2023-07-05 13:42:22,854 [6d685894-e83d-4eff-a4f6-a21b002b35fd-groupManagement] INFO  server.RaftServerConfigKeys (ConfUtils.java:logGet(46)) - raft.server.rpc.slowness.timeout = 300s (custom)
2023-07-05 13:42:22,854 [6d685894-e83d-4eff-a4f6-a21b002b35fd-groupManagement] INFO  server.RaftServerConfigKeys (ConfUtils.java:logGet(46)) - raft.server.leaderelection.leader.step-down.wait-time = 10s (default)
2023-07-05 13:42:22,855 [6d685894-e83d-4eff-a4f6-a21b002b35fd-groupManagement] INFO  server.RaftServerConfigKeys (ConfUtils.java:logGet(46)) - raft.server.sleep.deviation.threshold = 300ms (default)
2023-07-05 13:42:22,855 [6d685894-e83d-4eff-a4f6-a21b002b35fd-groupManagement] INFO  server.RaftServer$Division (ServerState.java:<init>(120)) - 6d685894-e83d-4eff-a4f6-a21b002b35fd@group-E117380D7C5E: ConfigurationManager, init=-1: peers:[6d685894-e83d-4eff-a4f6-a21b002b35fd|rpc:10.1.0.13:15076|admin:10.1.0.13:15075|client:10.1.0.13:15074|dataStream:10.1.0.13:15077|priority:1|startupRole:FOLLOWER]|listeners:[], old=null, confs=<EMPTY_MAP>
2023-07-05 13:42:22,858 [6d685894-e83d-4eff-a4f6-a21b002b35fd-groupManagement] INFO  server.RaftServerConfigKeys (ConfUtils.java:logGet(46)) - raft.server.storage.dir = [/home/runner/work/ozone/ozone/hadoop-ozone/integration-test/target/test-dir/MiniOzoneClusterImpl-a91d5bca-d5a1-41cf-9733-6b4d6b49c170/datanode-1/data/ratis] (custom)
2023-07-05 13:42:22,859 [Time-limited test] INFO  ozone.MiniOzoneClusterImpl (MiniOzoneClusterImpl.java:lambda$waitForClusterToBeReady$0(224)) - Nodes are ready. Got 5 of 5 DN Heartbeats.
2023-07-05 13:42:22,859 [Time-limited test] INFO  ozone.MiniOzoneClusterImpl (MiniOzoneClusterImpl.java:lambda$waitForClusterToBeReady$0(227)) - Waiting for cluster to exit safe mode
2023-07-05 13:42:22,859 [Time-limited test] INFO  ozone.MiniOzoneClusterImpl (MiniOzoneClusterImpl.java:lambda$waitForClusterToBeReady$0(229)) - SCM became leader
2023-07-05 13:42:22,859 [6d685894-e83d-4eff-a4f6-a21b002b35fd-groupManagement] INFO  server.RaftServerConfigKeys (ConfUtils.java:logGet(46)) - raft.server.log.corruption.policy = EXCEPTION (default)
2023-07-05 13:42:22,859 [6d685894-e83d-4eff-a4f6-a21b002b35fd-groupManagement] INFO  server.RaftServerConfigKeys (ConfUtils.java:logGet(46)) - raft.server.storage.free-space.min = 0MB (=0) (default)
2023-07-05 13:42:22,860 [6d685894-e83d-4eff-a4f6-a21b002b35fd-groupManagement] INFO  server.RaftServerConfigKeys (ConfUtils.java:logGet(46)) - raft.server.notification.no-leader.timeout = 300s (custom)
2023-07-05 13:42:22,860 [6d685894-e83d-4eff-a4f6-a21b002b35fd-groupManagement] INFO  server.RaftServerConfigKeys (ConfUtils.java:logGet(46)) - raft.server.read.timeout = 10s (default)
2023-07-05 13:42:22,860 [6d685894-e83d-4eff-a4f6-a21b002b35fd-groupManagement] INFO  server.RaftServerConfigKeys (ConfUtils.java:logGet(46)) - raft.server.retrycache.expirytime = 600000ms (custom)
2023-07-05 13:42:22,860 [6d685894-e83d-4eff-a4f6-a21b002b35fd-groupManagement] INFO  server.RaftServerConfigKeys (ConfUtils.java:logGet(46)) - raft.server.retrycache.statistics.expirytime = 100μs (default)
2023-07-05 13:42:22,860 [6d685894-e83d-4eff-a4f6-a21b002b35fd-groupManagement] INFO  server.RaftServerConfigKeys (ConfUtils.java:logGet(46)) - raft.server.read.option = DEFAULT (default)
2023-07-05 13:42:22,865 [6d685894-e83d-4eff-a4f6-a21b002b35fd-groupManagement] INFO  server.RaftServerConfigKeys (ConfUtils.java:logGet(46)) - raft.server.rpc.request.timeout = 60s (custom)
2023-07-05 13:42:22,869 [6d685894-e83d-4eff-a4f6-a21b002b35fd-groupManagement] INFO  server.RaftServerConfigKeys (ConfUtils.java:logGet(46)) - raft.server.log.appender.install.snapshot.enabled = false (custom)
2023-07-05 13:42:22,869 [6d685894-e83d-4eff-a4f6-a21b002b35fd-groupManagement] INFO  server.RaftServerConfigKeys (ConfUtils.java:logGet(46)) - raft.server.threadpool.server.cached = true (default)
2023-07-05 13:42:22,869 [6d685894-e83d-4eff-a4f6-a21b002b35fd-groupManagement] INFO  server.RaftServerConfigKeys (ConfUtils.java:logGet(46)) - raft.server.threadpool.server.size = 0 (default)
2023-07-05 13:42:22,869 [6d685894-e83d-4eff-a4f6-a21b002b35fd-groupManagement] INFO  server.RaftServerConfigKeys (ConfUtils.java:logGet(46)) - raft.server.threadpool.client.cached = true (default)
2023-07-05 13:42:22,869 [6d685894-e83d-4eff-a4f6-a21b002b35fd-groupManagement] INFO  server.RaftServerConfigKeys (ConfUtils.java:logGet(46)) - raft.server.threadpool.client.size = 0 (default)
2023-07-05 13:42:22,870 [6d685894-e83d-4eff-a4f6-a21b002b35fd-groupManagement] INFO  storage.RaftStorageDirectory (RaftStorageDirectoryImpl.java:analyzeStorage(137)) - The storage directory /home/runner/work/ozone/ozone/hadoop-ozone/integration-test/target/test-dir/MiniOzoneClusterImpl-a91d5bca-d5a1-41cf-9733-6b4d6b49c170/datanode-1/data/ratis/7a28abbc-2255-4000-990c-e117380d7c5e does not exist. Creating ...
2023-07-05 13:42:22,872 [6d685894-e83d-4eff-a4f6-a21b002b35fd-groupManagement] INFO  storage.RaftStorageDirectory (RaftStorageDirectoryImpl.java:tryLock(231)) - Lock on /home/runner/work/ozone/ozone/hadoop-ozone/integration-test/target/test-dir/MiniOzoneClusterImpl-a91d5bca-d5a1-41cf-9733-6b4d6b49c170/datanode-1/data/ratis/7a28abbc-2255-4000-990c-e117380d7c5e/in_use.lock acquired by nodename 25537@fv-az264-29
2023-07-05 13:42:22,874 [6d685894-e83d-4eff-a4f6-a21b002b35fd-groupManagement] INFO  storage.RaftStorage (RaftStorageImpl.java:format(96)) - Storage directory /home/runner/work/ozone/ozone/hadoop-ozone/integration-test/target/test-dir/MiniOzoneClusterImpl-a91d5bca-d5a1-41cf-9733-6b4d6b49c170/datanode-1/data/ratis/7a28abbc-2255-4000-990c-e117380d7c5e has been successfully formatted.
2023-07-05 13:42:22,875 [6d685894-e83d-4eff-a4f6-a21b002b35fd-groupManagement] INFO  ratis.ContainerStateMachine (ContainerStateMachine.java:loadSnapshot(262)) - group-E117380D7C5E: The snapshot info is null. Setting the last applied indexto:(t:0, i:~)
2023-07-05 13:42:22,875 [6d685894-e83d-4eff-a4f6-a21b002b35fd-groupManagement] INFO  server.RaftServerConfigKeys (ConfUtils.java:logGet(46)) - raft.server.log.use.memory = false (default)
2023-07-05 13:42:22,876 [6d685894-e83d-4eff-a4f6-a21b002b35fd-groupManagement] INFO  server.RaftServerConfigKeys (ConfUtils.java:logGet(46)) - raft.server.log.purge.gap = 1000000 (custom)
2023-07-05 13:42:22,876 [6d685894-e83d-4eff-a4f6-a21b002b35fd-groupManagement] INFO  server.RaftServerConfigKeys (ConfUtils.java:logGet(46)) - raft.server.log.appender.buffer.byte-limit = 33554432 (custom)
2023-07-05 13:42:22,877 [6d685894-e83d-4eff-a4f6-a21b002b35fd-groupManagement] INFO  server.RaftServerConfigKeys (ConfUtils.java:logGet(46)) - raft.server.log.statemachine.data.read.timeout = 1000ms (default)
2023-07-05 13:42:22,877 [6d685894-e83d-4eff-a4f6-a21b002b35fd-groupManagement] INFO  server.RaftServerConfigKeys (ConfUtils.java:logGet(46)) - raft.server.log.purge.preservation.log.num = 0 (default)
2023-07-05 13:42:22,877 [6d685894-e83d-4eff-a4f6-a21b002b35fd-groupManagement] INFO  server.RaftServerConfigKeys (ConfUtils.java:logGet(46)) - raft.server.log.segment.size.max = 1048576 (custom)
2023-07-05 13:42:22,878 [6d685894-e83d-4eff-a4f6-a21b002b35fd-groupManagement] INFO  server.RaftServerConfigKeys (ConfUtils.java:logGet(46)) - raft.server.log.segment.cache.num.max = 2 (custom)
2023-07-05 13:42:23,273 [6d685894-e83d-4eff-a4f6-a21b002b35fd-groupManagement] INFO  server.RaftServerConfigKeys (ConfUtils.java:logGet(46)) - raft.server.log.segment.cache.size.max = 200MB (=209715200) (default)
2023-07-05 13:42:23,273 [6d685894-e83d-4eff-a4f6-a21b002b35fd-groupManagement] INFO  server.RaftServerConfigKeys (ConfUtils.java:logGet(46)) - raft.server.log.appender.buffer.byte-limit = 33554432 (custom)
2023-07-05 13:42:23,273 [6d685894-e83d-4eff-a4f6-a21b002b35fd-groupManagement] INFO  segmented.SegmentedRaftLogWorker (SegmentedRaftLogWorker.java:<init>(188)) - new 6d685894-e83d-4eff-a4f6-a21b002b35fd@group-E117380D7C5E-SegmentedRaftLogWorker for RaftStorageImpl:Storage Directory /home/runner/work/ozone/ozone/hadoop-ozone/integration-test/target/test-dir/MiniOzoneClusterImpl-a91d5bca-d5a1-41cf-9733-6b4d6b49c170/datanode-1/data/ratis/7a28abbc-2255-4000-990c-e117380d7c5e
2023-07-05 13:42:23,273 [6d685894-e83d-4eff-a4f6-a21b002b35fd-groupManagement] INFO  server.RaftServerConfigKeys (ConfUtils.java:logGet(46)) - raft.server.log.queue.byte-limit = 4294967296 (custom)
2023-07-05 13:42:23,273 [6d685894-e83d-4eff-a4f6-a21b002b35fd-groupManagement] INFO  server.RaftServerConfigKeys (ConfUtils.java:logGet(46)) - raft.server.log.queue.element-limit = 1024 (custom)
2023-07-05 13:42:23,273 [6d685894-e83d-4eff-a4f6-a21b002b35fd-groupManagement] INFO  server.RaftServerConfigKeys (ConfUtils.java:logGet(46)) - raft.server.log.segment.size.max = 1048576 (custom)
2023-07-05 13:42:23,273 [6d685894-e83d-4eff-a4f6-a21b002b35fd-groupManagement] INFO  server.RaftServerConfigKeys (ConfUtils.java:logGet(46)) - raft.server.log.preallocated.size = 16384 (custom)
2023-07-05 13:42:23,273 [6d685894-e83d-4eff-a4f6-a21b002b35fd-groupManagement] INFO  server.RaftServerConfigKeys (ConfUtils.java:logGet(46)) - raft.server.log.force.sync.num = 128 (default)
2023-07-05 13:42:23,273 [6d685894-e83d-4eff-a4f6-a21b002b35fd-groupManagement] INFO  server.RaftServerConfigKeys (ConfUtils.java:logGet(46)) - raft.server.log.statemachine.data.sync = true (default)
2023-07-05 13:42:23,295 [6d685894-e83d-4eff-a4f6-a21b002b35fd-groupManagement] INFO  server.RaftServerConfigKeys (ConfUtils.java:logGet(46)) - raft.server.log.statemachine.data.sync.timeout = 10s (default)
2023-07-05 13:42:23,295 [6d685894-e83d-4eff-a4f6-a21b002b35fd-groupManagement] INFO  server.RaftServerConfigKeys (ConfUtils.java:logGet(46)) - raft.server.log.statemachine.data.sync.timeout.retry = -1 (default)
2023-07-05 13:42:23,296 [6d685894-e83d-4eff-a4f6-a21b002b35fd-groupManagement] INFO  server.RaftServerConfigKeys (ConfUtils.java:logGet(46)) - raft.server.log.write.buffer.size = 1048576 (custom)
2023-07-05 13:42:23,296 [6d685894-e83d-4eff-a4f6-a21b002b35fd-groupManagement] INFO  server.RaftServerConfigKeys (ConfUtils.java:logGet(46)) - raft.server.log.appender.buffer.byte-limit = 33554432 (custom)
2023-07-05 13:42:23,295 [76b6de06-79b2-4410-afad-6ed4eb2113a8-groupManagement] INFO  server.RaftServer$Division (RaftServerImpl.java:<init>(198)) - 76b6de06-79b2-4410-afad-6ed4eb2113a8: new RaftServerImpl for group-8A5EC24891A2:[76b6de06-79b2-4410-afad-6ed4eb2113a8|rpc:10.1.0.13:15085|admin:10.1.0.13:15084|client:10.1.0.13:15083|dataStream:10.1.0.13:15086|priority:1|startupRole:FOLLOWER] with ContainerStateMachine:uninitialized
2023-07-05 13:42:23,298 [76b6de06-79b2-4410-afad-6ed4eb2113a8-groupManagement] INFO  server.RaftServerConfigKeys (ConfUtils.java:logGet(46)) - raft.server.rpc.timeout.min = 5s (custom)
2023-07-05 13:42:23,298 [76b6de06-79b2-4410-afad-6ed4eb2113a8-groupManagement] INFO  server.RaftServerConfigKeys (ConfUtils.java:logGet(46)) - raft.server.rpc.timeout.max = 5200ms (custom)
2023-07-05 13:42:23,298 [76b6de06-79b2-4410-afad-6ed4eb2113a8-groupManagement] INFO  server.RaftServerConfigKeys (ConfUtils.java:logGet(46)) - raft.server.rpc.sleep.time = 25ms (default)
2023-07-05 13:42:23,298 [76b6de06-79b2-4410-afad-6ed4eb2113a8-groupManagement] INFO  server.RaftServerConfigKeys (ConfUtils.java:logGet(46)) - raft.server.rpc.slowness.timeout = 300s (custom)
2023-07-05 13:42:23,298 [76b6de06-79b2-4410-afad-6ed4eb2113a8-groupManagement] INFO  server.RaftServerConfigKeys (ConfUtils.java:logGet(46)) - raft.server.leaderelection.leader.step-down.wait-time = 10s (default)
2023-07-05 13:42:23,298 [76b6de06-79b2-4410-afad-6ed4eb2113a8-groupManagement] INFO  server.RaftServerConfigKeys (ConfUtils.java:logGet(46)) - raft.server.sleep.deviation.threshold = 300ms (default)
2023-07-05 13:42:23,299 [76b6de06-79b2-4410-afad-6ed4eb2113a8-groupManagement] INFO  server.RaftServer$Division (ServerState.java:<init>(120)) - 76b6de06-79b2-4410-afad-6ed4eb2113a8@group-8A5EC24891A2: ConfigurationManager, init=-1: peers:[76b6de06-79b2-4410-afad-6ed4eb2113a8|rpc:10.1.0.13:15085|admin:10.1.0.13:15084|client:10.1.0.13:15083|dataStream:10.1.0.13:15086|priority:1|startupRole:FOLLOWER]|listeners:[], old=null, confs=<EMPTY_MAP>
2023-07-05 13:42:23,299 [76b6de06-79b2-4410-afad-6ed4eb2113a8-groupManagement] INFO  server.RaftServerConfigKeys (ConfUtils.java:logGet(46)) - raft.server.storage.dir = [/home/runner/work/ozone/ozone/hadoop-ozone/integration-test/target/test-dir/MiniOzoneClusterImpl-a91d5bca-d5a1-41cf-9733-6b4d6b49c170/datanode-2/data/ratis] (custom)
2023-07-05 13:42:23,299 [76b6de06-79b2-4410-afad-6ed4eb2113a8-groupManagement] INFO  server.RaftServerConfigKeys (ConfUtils.java:logGet(46)) - raft.server.log.corruption.policy = EXCEPTION (default)
2023-07-05 13:42:23,299 [76b6de06-79b2-4410-afad-6ed4eb2113a8-groupManagement] INFO  server.RaftServerConfigKeys (ConfUtils.java:logGet(46)) - raft.server.storage.free-space.min = 0MB (=0) (default)
2023-07-05 13:42:23,299 [76b6de06-79b2-4410-afad-6ed4eb2113a8-groupManagement] INFO  server.RaftServerConfigKeys (ConfUtils.java:logGet(46)) - raft.server.notification.no-leader.timeout = 300s (custom)
2023-07-05 13:42:23,294 [JvmPauseMonitor12] WARN  util.JvmPauseMonitor (JvmPauseMonitor.java:detectPause(124)) - JvmPauseMonitor-aa000335-494a-4091-9473-11fe5522d401: Detected pause in JVM or host machine approximately 0.201s with 0.390s GC time.
GC pool 'PS MarkSweep' had collection(s): count=1 time=241ms
GC pool 'PS Scavenge' had collection(s): count=1 time=149ms
2023-07-05 13:42:23,294 [JvmPauseMonitor8] WARN  util.JvmPauseMonitor (JvmPauseMonitor.java:detectPause(124)) - JvmPauseMonitor-om1: Detected pause in JVM or host machine approximately 0.200s with 0.390s GC time.
GC pool 'PS MarkSweep' had collection(s): count=1 time=241ms
GC pool 'PS Scavenge' had collection(s): count=1 time=149ms
2023-07-05 13:42:23,294 [JvmPauseMonitor7] WARN  util.JvmPauseMonitor (JvmPauseMonitor.java:detectPause(124)) - JvmPauseMonitor-c929785a-532b-44e4-963c-3466e251128e: Detected pause in JVM or host machine approximately 0.223s with 0.390s GC time.
GC pool 'PS MarkSweep' had collection(s): count=1 time=241ms
GC pool 'PS Scavenge' had collection(s): count=1 time=149ms
2023-07-05 13:42:23,289 [EventQueue-PipelineReportForPipelineReportHandler] INFO  pipeline.PipelineReportHandler (PipelineReportHandler.java:processPipelineReport(136)) - Opened pipeline PipelineID=7a28abbc-2255-4000-990c-e117380d7c5e
2023-07-05 13:42:23,300 [EventQueue-OpenPipelineForHealthyPipelineSafeModeRule] INFO  safemode.SCMSafeModeManager (HealthyPipelineSafeModeRule.java:process(137)) - SCM in safe mode. Healthy pipelines reported count is 0, required healthy pipeline reported count is 1
2023-07-05 13:42:23,285 [ReplicationMonitor] INFO  replication.ReplicationManager (ReplicationManager.java:processAll(361)) - Replication Manager is not ready to run until 3000ms after safemode exit
2023-07-05 13:42:23,285 [JvmPauseMonitor10] WARN  util.JvmPauseMonitor (JvmPauseMonitor.java:detectPause(124)) - JvmPauseMonitor-6d685894-e83d-4eff-a4f6-a21b002b35fd: Detected pause in JVM or host machine approximately 0.380s with 0.390s GC time.
GC pool 'PS MarkSweep' had collection(s): count=1 time=241ms
GC pool 'PS Scavenge' had collection(s): count=1 time=149ms
2023-07-05 13:42:23,285 [JvmPauseMonitor13] WARN  util.JvmPauseMonitor (JvmPauseMonitor.java:detectPause(124)) - JvmPauseMonitor-107862d4-58d6-4e98-9eb6-252f61002a57: Detected pause in JVM or host machine approximately 0.374s with 0.390s GC time.
GC pool 'PS MarkSweep' had collection(s): count=1 time=241ms
GC pool 'PS Scavenge' had collection(s): count=1 time=149ms
2023-07-05 13:42:23,284 [JvmPauseMonitor9] WARN  util.JvmPauseMonitor (JvmPauseMonitor.java:detectPause(124)) - JvmPauseMonitor-c67f853f-9851-48e5-9814-c89133fda60b: Detected pause in JVM or host machine approximately 0.241s with 0.390s GC time.
GC pool 'PS MarkSweep' had collection(s): count=1 time=241ms
GC pool 'PS Scavenge' had collection(s): count=1 time=149ms
2023-07-05 13:42:23,275 [PipelineCommandHandlerThread-0] INFO  server.RaftServer (RaftServerProxy.java:addNew(98)) - 76b6de06-79b2-4410-afad-6ed4eb2113a8: addNew group-8A5EC24891A2:[76b6de06-79b2-4410-afad-6ed4eb2113a8|rpc:10.1.0.13:15085|admin:10.1.0.13:15084|client:10.1.0.13:15083|dataStream:10.1.0.13:15086|priority:1|startupRole:FOLLOWER] returns group-8A5EC24891A2:java.util.concurrent.CompletableFuture@55367947[Not completed]
2023-07-05 13:42:23,300 [76b6de06-79b2-4410-afad-6ed4eb2113a8-groupManagement] INFO  server.RaftServerConfigKeys (ConfUtils.java:logGet(46)) - raft.server.read.timeout = 10s (default)
2023-07-05 13:42:23,300 [76b6de06-79b2-4410-afad-6ed4eb2113a8-groupManagement] INFO  server.RaftServerConfigKeys (ConfUtils.java:logGet(46)) - raft.server.retrycache.expirytime = 600000ms (custom)
2023-07-05 13:42:23,300 [76b6de06-79b2-4410-afad-6ed4eb2113a8-groupManagement] INFO  server.RaftServerConfigKeys (ConfUtils.java:logGet(46)) - raft.server.retrycache.statistics.expirytime = 100μs (default)
2023-07-05 13:42:23,300 [76b6de06-79b2-4410-afad-6ed4eb2113a8-groupManagement] INFO  server.RaftServerConfigKeys (ConfUtils.java:logGet(46)) - raft.server.read.option = DEFAULT (default)
2023-07-05 13:42:23,301 [76b6de06-79b2-4410-afad-6ed4eb2113a8-groupManagement] INFO  server.RaftServerConfigKeys (ConfUtils.java:logGet(46)) - raft.server.rpc.request.timeout = 60s (custom)
2023-07-05 13:42:23,301 [76b6de06-79b2-4410-afad-6ed4eb2113a8-groupManagement] INFO  server.RaftServerConfigKeys (ConfUtils.java:logGet(46)) - raft.server.log.appender.install.snapshot.enabled = false (custom)
2023-07-05 13:42:23,301 [76b6de06-79b2-4410-afad-6ed4eb2113a8-groupManagement] INFO  server.RaftServerConfigKeys (ConfUtils.java:logGet(46)) - raft.server.threadpool.server.cached = true (default)
2023-07-05 13:42:23,301 [76b6de06-79b2-4410-afad-6ed4eb2113a8-groupManagement] INFO  server.RaftServerConfigKeys (ConfUtils.java:logGet(46)) - raft.server.threadpool.server.size = 0 (default)
2023-07-05 13:42:23,302 [76b6de06-79b2-4410-afad-6ed4eb2113a8-groupManagement] INFO  server.RaftServerConfigKeys (ConfUtils.java:logGet(46)) - raft.server.threadpool.client.cached = true (default)
2023-07-05 13:42:23,302 [76b6de06-79b2-4410-afad-6ed4eb2113a8-groupManagement] INFO  server.RaftServerConfigKeys (ConfUtils.java:logGet(46)) - raft.server.threadpool.client.size = 0 (default)
2023-07-05 13:42:23,302 [76b6de06-79b2-4410-afad-6ed4eb2113a8-groupManagement] INFO  storage.RaftStorageDirectory (RaftStorageDirectoryImpl.java:analyzeStorage(137)) - The storage directory /home/runner/work/ozone/ozone/hadoop-ozone/integration-test/target/test-dir/MiniOzoneClusterImpl-a91d5bca-d5a1-41cf-9733-6b4d6b49c170/datanode-2/data/ratis/63677abc-8c27-45f7-9ffb-8a5ec24891a2 does not exist. Creating ...
2023-07-05 13:42:23,304 [76b6de06-79b2-4410-afad-6ed4eb2113a8-groupManagement] INFO  storage.RaftStorageDirectory (RaftStorageDirectoryImpl.java:tryLock(231)) - Lock on /home/runner/work/ozone/ozone/hadoop-ozone/integration-test/target/test-dir/MiniOzoneClusterImpl-a91d5bca-d5a1-41cf-9733-6b4d6b49c170/datanode-2/data/ratis/63677abc-8c27-45f7-9ffb-8a5ec24891a2/in_use.lock acquired by nodename 25537@fv-az264-29
2023-07-05 13:42:23,307 [76b6de06-79b2-4410-afad-6ed4eb2113a8-groupManagement] INFO  storage.RaftStorage (RaftStorageImpl.java:format(96)) - Storage directory /home/runner/work/ozone/ozone/hadoop-ozone/integration-test/target/test-dir/MiniOzoneClusterImpl-a91d5bca-d5a1-41cf-9733-6b4d6b49c170/datanode-2/data/ratis/63677abc-8c27-45f7-9ffb-8a5ec24891a2 has been successfully formatted.
2023-07-05 13:42:23,308 [76b6de06-79b2-4410-afad-6ed4eb2113a8-groupManagement] INFO  ratis.ContainerStateMachine (ContainerStateMachine.java:loadSnapshot(262)) - group-8A5EC24891A2: The snapshot info is null. Setting the last applied indexto:(t:0, i:~)
2023-07-05 13:42:23,308 [76b6de06-79b2-4410-afad-6ed4eb2113a8-groupManagement] INFO  server.RaftServerConfigKeys (ConfUtils.java:logGet(46)) - raft.server.log.use.memory = false (default)
2023-07-05 13:42:23,308 [76b6de06-79b2-4410-afad-6ed4eb2113a8-groupManagement] INFO  server.RaftServerConfigKeys (ConfUtils.java:logGet(46)) - raft.server.log.purge.gap = 1000000 (custom)
2023-07-05 13:42:23,308 [76b6de06-79b2-4410-afad-6ed4eb2113a8-groupManagement] INFO  server.RaftServerConfigKeys (ConfUtils.java:logGet(46)) - raft.server.log.appender.buffer.byte-limit = 33554432 (custom)
2023-07-05 13:42:23,309 [76b6de06-79b2-4410-afad-6ed4eb2113a8-groupManagement] INFO  server.RaftServerConfigKeys (ConfUtils.java:logGet(46)) - raft.server.log.statemachine.data.read.timeout = 1000ms (default)
2023-07-05 13:42:23,309 [76b6de06-79b2-4410-afad-6ed4eb2113a8-groupManagement] INFO  server.RaftServerConfigKeys (ConfUtils.java:logGet(46)) - raft.server.log.purge.preservation.log.num = 0 (default)
2023-07-05 13:42:23,309 [EventQueue-PipelineReportForPipelineReportHandler] INFO  pipeline.PipelineReportHandler (PipelineReportHandler.java:processPipelineReport(136)) - Opened pipeline PipelineID=63677abc-8c27-45f7-9ffb-8a5ec24891a2
2023-07-05 13:42:23,310 [EventQueue-OpenPipelineForHealthyPipelineSafeModeRule] INFO  safemode.SCMSafeModeManager (HealthyPipelineSafeModeRule.java:process(137)) - SCM in safe mode. Healthy pipelines reported count is 0, required healthy pipeline reported count is 1
2023-07-05 13:42:23,311 [76b6de06-79b2-4410-afad-6ed4eb2113a8-groupManagement] INFO  server.RaftServerConfigKeys (ConfUtils.java:logGet(46)) - raft.server.log.segment.size.max = 1048576 (custom)
2023-07-05 13:42:23,311 [76b6de06-79b2-4410-afad-6ed4eb2113a8-groupManagement] INFO  server.RaftServerConfigKeys (ConfUtils.java:logGet(46)) - raft.server.log.segment.cache.num.max = 2 (custom)
2023-07-05 13:42:23,311 [76b6de06-79b2-4410-afad-6ed4eb2113a8-groupManagement] INFO  server.RaftServerConfigKeys (ConfUtils.java:logGet(46)) - raft.server.log.segment.cache.size.max = 200MB (=209715200) (default)
2023-07-05 13:42:23,311 [76b6de06-79b2-4410-afad-6ed4eb2113a8-groupManagement] INFO  server.RaftServerConfigKeys (ConfUtils.java:logGet(46)) - raft.server.log.appender.buffer.byte-limit = 33554432 (custom)
2023-07-05 13:42:23,311 [76b6de06-79b2-4410-afad-6ed4eb2113a8-groupManagement] INFO  segmented.SegmentedRaftLogWorker (SegmentedRaftLogWorker.java:<init>(188)) - new 76b6de06-79b2-4410-afad-6ed4eb2113a8@group-8A5EC24891A2-SegmentedRaftLogWorker for RaftStorageImpl:Storage Directory /home/runner/work/ozone/ozone/hadoop-ozone/integration-test/target/test-dir/MiniOzoneClusterImpl-a91d5bca-d5a1-41cf-9733-6b4d6b49c170/datanode-2/data/ratis/63677abc-8c27-45f7-9ffb-8a5ec24891a2
2023-07-05 13:42:23,311 [76b6de06-79b2-4410-afad-6ed4eb2113a8-groupManagement] INFO  server.RaftServerConfigKeys (ConfUtils.java:logGet(46)) - raft.server.log.queue.byte-limit = 4294967296 (custom)
2023-07-05 13:42:23,312 [76b6de06-79b2-4410-afad-6ed4eb2113a8-groupManagement] INFO  server.RaftServerConfigKeys (ConfUtils.java:logGet(46)) - raft.server.log.queue.element-limit = 1024 (custom)
2023-07-05 13:42:23,312 [76b6de06-79b2-4410-afad-6ed4eb2113a8-groupManagement] INFO  server.RaftServerConfigKeys (ConfUtils.java:logGet(46)) - raft.server.log.segment.size.max = 1048576 (custom)
2023-07-05 13:42:23,312 [76b6de06-79b2-4410-afad-6ed4eb2113a8-groupManagement] INFO  server.RaftServerConfigKeys (ConfUtils.java:logGet(46)) - raft.server.log.preallocated.size = 16384 (custom)
2023-07-05 13:42:23,312 [76b6de06-79b2-4410-afad-6ed4eb2113a8-groupManagement] INFO  server.RaftServerConfigKeys (ConfUtils.java:logGet(46)) - raft.server.log.force.sync.num = 128 (default)
2023-07-05 13:42:23,312 [76b6de06-79b2-4410-afad-6ed4eb2113a8-groupManagement] INFO  server.RaftServerConfigKeys (ConfUtils.java:logGet(46)) - raft.server.log.statemachine.data.sync = true (default)
2023-07-05 13:42:23,313 [76b6de06-79b2-4410-afad-6ed4eb2113a8-groupManagement] INFO  server.RaftServerConfigKeys (ConfUtils.java:logGet(46)) - raft.server.log.statemachine.data.sync.timeout = 10s (default)
2023-07-05 13:42:23,313 [76b6de06-79b2-4410-afad-6ed4eb2113a8-groupManagement] INFO  server.RaftServerConfigKeys (ConfUtils.java:logGet(46)) - raft.server.log.statemachine.data.sync.timeout.retry = -1 (default)
2023-07-05 13:42:23,313 [6d685894-e83d-4eff-a4f6-a21b002b35fd-groupManagement] INFO  server.RaftServerConfigKeys (ConfUtils.java:logGet(46)) - raft.server.log.unsafe-flush.enabled = false (default)
2023-07-05 13:42:23,314 [6d685894-e83d-4eff-a4f6-a21b002b35fd-groupManagement] INFO  server.RaftServerConfigKeys (ConfUtils.java:logGet(46)) - raft.server.log.async-flush.enabled = false (default)
2023-07-05 13:42:23,314 [6d685894-e83d-4eff-a4f6-a21b002b35fd-groupManagement] INFO  server.RaftServerConfigKeys (ConfUtils.java:logGet(46)) - raft.server.log.statemachine.data.caching.enabled = true (custom)
2023-07-05 13:42:23,314 [6d685894-e83d-4eff-a4f6-a21b002b35fd-groupManagement] INFO  segmented.SegmentedRaftLogWorker (SegmentedRaftLogWorker.java:lambda$new$0(135)) - 6d685894-e83d-4eff-a4f6-a21b002b35fd@group-E117380D7C5E-SegmentedRaftLogWorker: flushIndex: setUnconditionally 0 -> -1
2023-07-05 13:42:23,314 [6d685894-e83d-4eff-a4f6-a21b002b35fd-groupManagement] INFO  segmented.SegmentedRaftLogWorker (SegmentedRaftLogWorker.java:lambda$new$0(135)) - 6d685894-e83d-4eff-a4f6-a21b002b35fd@group-E117380D7C5E-SegmentedRaftLogWorker: safeCacheEvictIndex: setUnconditionally 0 -> -1
2023-07-05 13:42:23,315 [76b6de06-79b2-4410-afad-6ed4eb2113a8-groupManagement] INFO  server.RaftServerConfigKeys (ConfUtils.java:logGet(46)) - raft.server.log.write.buffer.size = 1048576 (custom)
2023-07-05 13:42:23,315 [76b6de06-79b2-4410-afad-6ed4eb2113a8-groupManagement] INFO  server.RaftServerConfigKeys (ConfUtils.java:logGet(46)) - raft.server.log.appender.buffer.byte-limit = 33554432 (custom)
2023-07-05 13:42:23,319 [6d685894-e83d-4eff-a4f6-a21b002b35fd-groupManagement] INFO  server.RaftServer$Division (RaftServerImpl.java:start(342)) - 6d685894-e83d-4eff-a4f6-a21b002b35fd@group-E117380D7C5E: start as a follower, conf=-1: peers:[6d685894-e83d-4eff-a4f6-a21b002b35fd|rpc:10.1.0.13:15076|admin:10.1.0.13:15075|client:10.1.0.13:15074|dataStream:10.1.0.13:15077|priority:1|startupRole:FOLLOWER]|listeners:[], old=null
2023-07-05 13:42:23,319 [6d685894-e83d-4eff-a4f6-a21b002b35fd-groupManagement] INFO  server.RaftServer$Division (RaftServerImpl.java:setRole(329)) - 6d685894-e83d-4eff-a4f6-a21b002b35fd@group-E117380D7C5E: changes role from      null to FOLLOWER at term 0 for startAsFollower
2023-07-05 13:42:23,319 [6d685894-e83d-4eff-a4f6-a21b002b35fd-groupManagement] INFO  impl.RoleInfo (RoleInfo.java:updateAndGet(139)) - 6d685894-e83d-4eff-a4f6-a21b002b35fd: start 6d685894-e83d-4eff-a4f6-a21b002b35fd@group-E117380D7C5E-FollowerState
2023-07-05 13:42:23,319 [6d685894-e83d-4eff-a4f6-a21b002b35fd@group-E117380D7C5E-FollowerState] INFO  server.RaftServerConfigKeys (ConfUtils.java:logFallback(53)) - raft.server.rpc.first-election.timeout.min = 5s (fallback to raft.server.rpc.timeout.min)
2023-07-05 13:42:23,319 [6d685894-e83d-4eff-a4f6-a21b002b35fd-groupManagement] INFO  util.JmxRegister (JmxRegister.java:tryRegister(44)) - Successfully registered JMX Bean with object name Ratis:service=RaftServer,group=group-E117380D7C5E,id=6d685894-e83d-4eff-a4f6-a21b002b35fd
2023-07-05 13:42:23,319 [6d685894-e83d-4eff-a4f6-a21b002b35fd@group-E117380D7C5E-FollowerState] INFO  server.RaftServerConfigKeys (ConfUtils.java:logFallback(53)) - raft.server.rpc.first-election.timeout.max = 5200ms (fallback to raft.server.rpc.timeout.max)
2023-07-05 13:42:23,319 [6d685894-e83d-4eff-a4f6-a21b002b35fd-groupManagement] INFO  server.RaftServerConfigKeys (ConfUtils.java:logGet(46)) - raft.server.snapshot.auto.trigger.enabled = true (custom)
2023-07-05 13:42:23,319 [6d685894-e83d-4eff-a4f6-a21b002b35fd-groupManagement] INFO  server.RaftServerConfigKeys (ConfUtils.java:logGet(46)) - raft.server.snapshot.auto.trigger.threshold = 10000 (custom)
2023-07-05 13:42:23,319 [6d685894-e83d-4eff-a4f6-a21b002b35fd-groupManagement] INFO  server.RaftServerConfigKeys (ConfUtils.java:logGet(46)) - raft.server.snapshot.retention.file.num = 5 (custom)
2023-07-05 13:42:23,319 [6d685894-e83d-4eff-a4f6-a21b002b35fd-groupManagement] INFO  server.RaftServerConfigKeys (ConfUtils.java:logGet(46)) - raft.server.log.purge.upto.snapshot.index = false (default)
2023-07-05 13:42:23,321 [PipelineCommandHandlerThread-0] INFO  ratis.XceiverServerRatis (XceiverServerRatis.java:addGroup(804)) - Created group PipelineID=7a28abbc-2255-4000-990c-e117380d7c5e
2023-07-05 13:42:23,321 [PipelineCommandHandlerThread-0] INFO  commandhandler.CreatePipelineCommandHandler (CreatePipelineCommandHandler.java:lambda$handle$2(124)) - Created Pipeline RATIS ONE PipelineID=7a28abbc-2255-4000-990c-e117380d7c5e.
2023-07-05 13:42:23,323 [76b6de06-79b2-4410-afad-6ed4eb2113a8-groupManagement] INFO  server.RaftServerConfigKeys (ConfUtils.java:logGet(46)) - raft.server.log.unsafe-flush.enabled = false (default)
2023-07-05 13:42:23,323 [76b6de06-79b2-4410-afad-6ed4eb2113a8-groupManagement] INFO  server.RaftServerConfigKeys (ConfUtils.java:logGet(46)) - raft.server.log.async-flush.enabled = false (default)
2023-07-05 13:42:23,325 [76b6de06-79b2-4410-afad-6ed4eb2113a8-groupManagement] INFO  server.RaftServerConfigKeys (ConfUtils.java:logGet(46)) - raft.server.log.statemachine.data.caching.enabled = true (custom)
2023-07-05 13:42:23,325 [76b6de06-79b2-4410-afad-6ed4eb2113a8-groupManagement] INFO  segmented.SegmentedRaftLogWorker (SegmentedRaftLogWorker.java:lambda$new$0(135)) - 76b6de06-79b2-4410-afad-6ed4eb2113a8@group-8A5EC24891A2-SegmentedRaftLogWorker: flushIndex: setUnconditionally 0 -> -1
2023-07-05 13:42:23,325 [76b6de06-79b2-4410-afad-6ed4eb2113a8-groupManagement] INFO  segmented.SegmentedRaftLogWorker (SegmentedRaftLogWorker.java:lambda$new$0(135)) - 76b6de06-79b2-4410-afad-6ed4eb2113a8@group-8A5EC24891A2-SegmentedRaftLogWorker: safeCacheEvictIndex: setUnconditionally 0 -> -1
2023-07-05 13:42:23,325 [76b6de06-79b2-4410-afad-6ed4eb2113a8-groupManagement] INFO  server.RaftServer$Division (RaftServerImpl.java:start(342)) - 76b6de06-79b2-4410-afad-6ed4eb2113a8@group-8A5EC24891A2: start as a follower, conf=-1: peers:[76b6de06-79b2-4410-afad-6ed4eb2113a8|rpc:10.1.0.13:15085|admin:10.1.0.13:15084|client:10.1.0.13:15083|dataStream:10.1.0.13:15086|priority:1|startupRole:FOLLOWER]|listeners:[], old=null
2023-07-05 13:42:23,326 [76b6de06-79b2-4410-afad-6ed4eb2113a8-groupManagement] INFO  server.RaftServer$Division (RaftServerImpl.java:setRole(329)) - 76b6de06-79b2-4410-afad-6ed4eb2113a8@group-8A5EC24891A2: changes role from      null to FOLLOWER at term 0 for startAsFollower
2023-07-05 13:42:23,326 [76b6de06-79b2-4410-afad-6ed4eb2113a8-groupManagement] INFO  impl.RoleInfo (RoleInfo.java:updateAndGet(139)) - 76b6de06-79b2-4410-afad-6ed4eb2113a8: start 76b6de06-79b2-4410-afad-6ed4eb2113a8@group-8A5EC24891A2-FollowerState
2023-07-05 13:42:23,326 [76b6de06-79b2-4410-afad-6ed4eb2113a8-groupManagement] INFO  util.JmxRegister (JmxRegister.java:tryRegister(44)) - Successfully registered JMX Bean with object name Ratis:service=RaftServer,group=group-8A5EC24891A2,id=76b6de06-79b2-4410-afad-6ed4eb2113a8
2023-07-05 13:42:23,326 [76b6de06-79b2-4410-afad-6ed4eb2113a8-groupManagement] INFO  server.RaftServerConfigKeys (ConfUtils.java:logGet(46)) - raft.server.snapshot.auto.trigger.enabled = true (custom)
2023-07-05 13:42:23,326 [76b6de06-79b2-4410-afad-6ed4eb2113a8-groupManagement] INFO  server.RaftServerConfigKeys (ConfUtils.java:logGet(46)) - raft.server.snapshot.auto.trigger.threshold = 10000 (custom)
2023-07-05 13:42:23,326 [76b6de06-79b2-4410-afad-6ed4eb2113a8-groupManagement] INFO  server.RaftServerConfigKeys (ConfUtils.java:logGet(46)) - raft.server.snapshot.retention.file.num = 5 (custom)
2023-07-05 13:42:23,326 [76b6de06-79b2-4410-afad-6ed4eb2113a8-groupManagement] INFO  server.RaftServerConfigKeys (ConfUtils.java:logGet(46)) - raft.server.log.purge.upto.snapshot.index = false (default)
2023-07-05 13:42:23,327 [76b6de06-79b2-4410-afad-6ed4eb2113a8@group-8A5EC24891A2-FollowerState] INFO  server.RaftServerConfigKeys (ConfUtils.java:logFallback(53)) - raft.server.rpc.first-election.timeout.min = 5s (fallback to raft.server.rpc.timeout.min)
2023-07-05 13:42:23,327 [76b6de06-79b2-4410-afad-6ed4eb2113a8@group-8A5EC24891A2-FollowerState] INFO  server.RaftServerConfigKeys (ConfUtils.java:logFallback(53)) - raft.server.rpc.first-election.timeout.max = 5200ms (fallback to raft.server.rpc.timeout.max)
2023-07-05 13:42:23,327 [PipelineCommandHandlerThread-0] INFO  ratis.XceiverServerRatis (XceiverServerRatis.java:addGroup(804)) - Created group PipelineID=63677abc-8c27-45f7-9ffb-8a5ec24891a2
2023-07-05 13:42:23,327 [PipelineCommandHandlerThread-0] INFO  commandhandler.CreatePipelineCommandHandler (CreatePipelineCommandHandler.java:lambda$handle$2(124)) - Created Pipeline RATIS ONE PipelineID=63677abc-8c27-45f7-9ffb-8a5ec24891a2.
2023-07-05 13:42:23,540 [PipelineCommandHandlerThread-0] INFO  server.RaftServer (RaftServerProxy.java:addNew(98)) - aa000335-494a-4091-9473-11fe5522d401: addNew group-D6D0528D13AD:[aa000335-494a-4091-9473-11fe5522d401|rpc:10.1.0.13:15094|admin:10.1.0.13:15093|client:10.1.0.13:15092|dataStream:10.1.0.13:15095|priority:1|startupRole:FOLLOWER] returns group-D6D0528D13AD:java.util.concurrent.CompletableFuture@3cac2601[Not completed]
2023-07-05 13:42:23,541 [aa000335-494a-4091-9473-11fe5522d401-groupManagement] INFO  server.RaftServer$Division (RaftServerImpl.java:<init>(198)) - aa000335-494a-4091-9473-11fe5522d401: new RaftServerImpl for group-D6D0528D13AD:[aa000335-494a-4091-9473-11fe5522d401|rpc:10.1.0.13:15094|admin:10.1.0.13:15093|client:10.1.0.13:15092|dataStream:10.1.0.13:15095|priority:1|startupRole:FOLLOWER] with ContainerStateMachine:uninitialized
2023-07-05 13:42:23,541 [aa000335-494a-4091-9473-11fe5522d401-groupManagement] INFO  server.RaftServerConfigKeys (ConfUtils.java:logGet(46)) - raft.server.rpc.timeout.min = 5s (custom)
2023-07-05 13:42:23,541 [aa000335-494a-4091-9473-11fe5522d401-groupManagement] INFO  server.RaftServerConfigKeys (ConfUtils.java:logGet(46)) - raft.server.rpc.timeout.max = 5200ms (custom)
2023-07-05 13:42:23,541 [aa000335-494a-4091-9473-11fe5522d401-groupManagement] INFO  server.RaftServerConfigKeys (ConfUtils.java:logGet(46)) - raft.server.rpc.sleep.time = 25ms (default)
2023-07-05 13:42:23,541 [aa000335-494a-4091-9473-11fe5522d401-groupManagement] INFO  server.RaftServerConfigKeys (ConfUtils.java:logGet(46)) - raft.server.rpc.slowness.timeout = 300s (custom)
2023-07-05 13:42:23,541 [aa000335-494a-4091-9473-11fe5522d401-groupManagement] INFO  server.RaftServerConfigKeys (ConfUtils.java:logGet(46)) - raft.server.leaderelection.leader.step-down.wait-time = 10s (default)
2023-07-05 13:42:23,541 [aa000335-494a-4091-9473-11fe5522d401-groupManagement] INFO  server.RaftServerConfigKeys (ConfUtils.java:logGet(46)) - raft.server.sleep.deviation.threshold = 300ms (default)
2023-07-05 13:42:23,541 [aa000335-494a-4091-9473-11fe5522d401-groupManagement] INFO  server.RaftServer$Division (ServerState.java:<init>(120)) - aa000335-494a-4091-9473-11fe5522d401@group-D6D0528D13AD: ConfigurationManager, init=-1: peers:[aa000335-494a-4091-9473-11fe5522d401|rpc:10.1.0.13:15094|admin:10.1.0.13:15093|client:10.1.0.13:15092|dataStream:10.1.0.13:15095|priority:1|startupRole:FOLLOWER]|listeners:[], old=null, confs=<EMPTY_MAP>
2023-07-05 13:42:23,542 [aa000335-494a-4091-9473-11fe5522d401-groupManagement] INFO  server.RaftServerConfigKeys (ConfUtils.java:logGet(46)) - raft.server.storage.dir = [/home/runner/work/ozone/ozone/hadoop-ozone/integration-test/target/test-dir/MiniOzoneClusterImpl-a91d5bca-d5a1-41cf-9733-6b4d6b49c170/datanode-3/data/ratis] (custom)
2023-07-05 13:42:23,542 [aa000335-494a-4091-9473-11fe5522d401-groupManagement] INFO  server.RaftServerConfigKeys (ConfUtils.java:logGet(46)) - raft.server.log.corruption.policy = EXCEPTION (default)
2023-07-05 13:42:23,542 [aa000335-494a-4091-9473-11fe5522d401-groupManagement] INFO  server.RaftServerConfigKeys (ConfUtils.java:logGet(46)) - raft.server.storage.free-space.min = 0MB (=0) (default)
2023-07-05 13:42:23,542 [aa000335-494a-4091-9473-11fe5522d401-groupManagement] INFO  server.RaftServerConfigKeys (ConfUtils.java:logGet(46)) - raft.server.notification.no-leader.timeout = 300s (custom)
2023-07-05 13:42:23,542 [aa000335-494a-4091-9473-11fe5522d401-groupManagement] INFO  server.RaftServerConfigKeys (ConfUtils.java:logGet(46)) - raft.server.read.timeout = 10s (default)
2023-07-05 13:42:23,542 [aa000335-494a-4091-9473-11fe5522d401-groupManagement] INFO  server.RaftServerConfigKeys (ConfUtils.java:logGet(46)) - raft.server.retrycache.expirytime = 600000ms (custom)
2023-07-05 13:42:23,542 [aa000335-494a-4091-9473-11fe5522d401-groupManagement] INFO  server.RaftServerConfigKeys (ConfUtils.java:logGet(46)) - raft.server.retrycache.statistics.expirytime = 100μs (default)
2023-07-05 13:42:23,542 [aa000335-494a-4091-9473-11fe5522d401-groupManagement] INFO  server.RaftServerConfigKeys (ConfUtils.java:logGet(46)) - raft.server.read.option = DEFAULT (default)
2023-07-05 13:42:23,544 [aa000335-494a-4091-9473-11fe5522d401-groupManagement] INFO  server.RaftServerConfigKeys (ConfUtils.java:logGet(46)) - raft.server.rpc.request.timeout = 60s (custom)
2023-07-05 13:42:23,544 [aa000335-494a-4091-9473-11fe5522d401-groupManagement] INFO  server.RaftServerConfigKeys (ConfUtils.java:logGet(46)) - raft.server.log.appender.install.snapshot.enabled = false (custom)
2023-07-05 13:42:23,544 [aa000335-494a-4091-9473-11fe5522d401-groupManagement] INFO  server.RaftServerConfigKeys (ConfUtils.java:logGet(46)) - raft.server.threadpool.server.cached = true (default)
2023-07-05 13:42:23,544 [aa000335-494a-4091-9473-11fe5522d401-groupManagement] INFO  server.RaftServerConfigKeys (ConfUtils.java:logGet(46)) - raft.server.threadpool.server.size = 0 (default)
2023-07-05 13:42:23,544 [aa000335-494a-4091-9473-11fe5522d401-groupManagement] INFO  server.RaftServerConfigKeys (ConfUtils.java:logGet(46)) - raft.server.threadpool.client.cached = true (default)
2023-07-05 13:42:23,545 [aa000335-494a-4091-9473-11fe5522d401-groupManagement] INFO  server.RaftServerConfigKeys (ConfUtils.java:logGet(46)) - raft.server.threadpool.client.size = 0 (default)
2023-07-05 13:42:23,545 [aa000335-494a-4091-9473-11fe5522d401-groupManagement] INFO  storage.RaftStorageDirectory (RaftStorageDirectoryImpl.java:analyzeStorage(137)) - The storage directory /home/runner/work/ozone/ozone/hadoop-ozone/integration-test/target/test-dir/MiniOzoneClusterImpl-a91d5bca-d5a1-41cf-9733-6b4d6b49c170/datanode-3/data/ratis/5d569a50-3a21-4a4e-980d-d6d0528d13ad does not exist. Creating ...
2023-07-05 13:42:23,546 [aa000335-494a-4091-9473-11fe5522d401-groupManagement] INFO  storage.RaftStorageDirectory (RaftStorageDirectoryImpl.java:tryLock(231)) - Lock on /home/runner/work/ozone/ozone/hadoop-ozone/integration-test/target/test-dir/MiniOzoneClusterImpl-a91d5bca-d5a1-41cf-9733-6b4d6b49c170/datanode-3/data/ratis/5d569a50-3a21-4a4e-980d-d6d0528d13ad/in_use.lock acquired by nodename 25537@fv-az264-29
2023-07-05 13:42:23,548 [aa000335-494a-4091-9473-11fe5522d401-groupManagement] INFO  storage.RaftStorage (RaftStorageImpl.java:format(96)) - Storage directory /home/runner/work/ozone/ozone/hadoop-ozone/integration-test/target/test-dir/MiniOzoneClusterImpl-a91d5bca-d5a1-41cf-9733-6b4d6b49c170/datanode-3/data/ratis/5d569a50-3a21-4a4e-980d-d6d0528d13ad has been successfully formatted.
2023-07-05 13:42:23,549 [aa000335-494a-4091-9473-11fe5522d401-groupManagement] INFO  ratis.ContainerStateMachine (ContainerStateMachine.java:loadSnapshot(262)) - group-D6D0528D13AD: The snapshot info is null. Setting the last applied indexto:(t:0, i:~)
2023-07-05 13:42:23,549 [aa000335-494a-4091-9473-11fe5522d401-groupManagement] INFO  server.RaftServerConfigKeys (ConfUtils.java:logGet(46)) - raft.server.log.use.memory = false (default)
2023-07-05 13:42:23,549 [aa000335-494a-4091-9473-11fe5522d401-groupManagement] INFO  server.RaftServerConfigKeys (ConfUtils.java:logGet(46)) - raft.server.log.purge.gap = 1000000 (custom)
2023-07-05 13:42:23,549 [aa000335-494a-4091-9473-11fe5522d401-groupManagement] INFO  server.RaftServerConfigKeys (ConfUtils.java:logGet(46)) - raft.server.log.appender.buffer.byte-limit = 33554432 (custom)
2023-07-05 13:42:23,549 [aa000335-494a-4091-9473-11fe5522d401-groupManagement] INFO  server.RaftServerConfigKeys (ConfUtils.java:logGet(46)) - raft.server.log.statemachine.data.read.timeout = 1000ms (default)
2023-07-05 13:42:23,549 [aa000335-494a-4091-9473-11fe5522d401-groupManagement] INFO  server.RaftServerConfigKeys (ConfUtils.java:logGet(46)) - raft.server.log.purge.preservation.log.num = 0 (default)
2023-07-05 13:42:23,549 [aa000335-494a-4091-9473-11fe5522d401-groupManagement] INFO  server.RaftServerConfigKeys (ConfUtils.java:logGet(46)) - raft.server.log.segment.size.max = 1048576 (custom)
2023-07-05 13:42:23,551 [aa000335-494a-4091-9473-11fe5522d401-groupManagement] INFO  server.RaftServerConfigKeys (ConfUtils.java:logGet(46)) - raft.server.log.segment.cache.num.max = 2 (custom)
2023-07-05 13:42:23,551 [aa000335-494a-4091-9473-11fe5522d401-groupManagement] INFO  server.RaftServerConfigKeys (ConfUtils.java:logGet(46)) - raft.server.log.segment.cache.size.max = 200MB (=209715200) (default)
2023-07-05 13:42:23,551 [aa000335-494a-4091-9473-11fe5522d401-groupManagement] INFO  server.RaftServerConfigKeys (ConfUtils.java:logGet(46)) - raft.server.log.appender.buffer.byte-limit = 33554432 (custom)
2023-07-05 13:42:23,551 [aa000335-494a-4091-9473-11fe5522d401-groupManagement] INFO  segmented.SegmentedRaftLogWorker (SegmentedRaftLogWorker.java:<init>(188)) - new aa000335-494a-4091-9473-11fe5522d401@group-D6D0528D13AD-SegmentedRaftLogWorker for RaftStorageImpl:Storage Directory /home/runner/work/ozone/ozone/hadoop-ozone/integration-test/target/test-dir/MiniOzoneClusterImpl-a91d5bca-d5a1-41cf-9733-6b4d6b49c170/datanode-3/data/ratis/5d569a50-3a21-4a4e-980d-d6d0528d13ad
2023-07-05 13:42:23,551 [EventQueue-PipelineReportForPipelineReportHandler] INFO  pipeline.PipelineReportHandler (PipelineReportHandler.java:processPipelineReport(136)) - Opened pipeline PipelineID=5d569a50-3a21-4a4e-980d-d6d0528d13ad
2023-07-05 13:42:23,551 [aa000335-494a-4091-9473-11fe5522d401-groupManagement] INFO  server.RaftServerConfigKeys (ConfUtils.java:logGet(46)) - raft.server.log.queue.byte-limit = 4294967296 (custom)
2023-07-05 13:42:23,551 [aa000335-494a-4091-9473-11fe5522d401-groupManagement] INFO  server.RaftServerConfigKeys (ConfUtils.java:logGet(46)) - raft.server.log.queue.element-limit = 1024 (custom)
2023-07-05 13:42:23,551 [aa000335-494a-4091-9473-11fe5522d401-groupManagement] INFO  server.RaftServerConfigKeys (ConfUtils.java:logGet(46)) - raft.server.log.segment.size.max = 1048576 (custom)
2023-07-05 13:42:23,551 [aa000335-494a-4091-9473-11fe5522d401-groupManagement] INFO  server.RaftServerConfigKeys (ConfUtils.java:logGet(46)) - raft.server.log.preallocated.size = 16384 (custom)
2023-07-05 13:42:23,551 [aa000335-494a-4091-9473-11fe5522d401-groupManagement] INFO  server.RaftServerConfigKeys (ConfUtils.java:logGet(46)) - raft.server.log.force.sync.num = 128 (default)
2023-07-05 13:42:23,551 [aa000335-494a-4091-9473-11fe5522d401-groupManagement] INFO  server.RaftServerConfigKeys (ConfUtils.java:logGet(46)) - raft.server.log.statemachine.data.sync = true (default)
2023-07-05 13:42:23,552 [aa000335-494a-4091-9473-11fe5522d401-groupManagement] INFO  server.RaftServerConfigKeys (ConfUtils.java:logGet(46)) - raft.server.log.statemachine.data.sync.timeout = 10s (default)
2023-07-05 13:42:23,552 [aa000335-494a-4091-9473-11fe5522d401-groupManagement] INFO  server.RaftServerConfigKeys (ConfUtils.java:logGet(46)) - raft.server.log.statemachine.data.sync.timeout.retry = -1 (default)
2023-07-05 13:42:23,552 [aa000335-494a-4091-9473-11fe5522d401-groupManagement] INFO  server.RaftServerConfigKeys (ConfUtils.java:logGet(46)) - raft.server.log.write.buffer.size = 1048576 (custom)
2023-07-05 13:42:23,553 [aa000335-494a-4091-9473-11fe5522d401-groupManagement] INFO  server.RaftServerConfigKeys (ConfUtils.java:logGet(46)) - raft.server.log.appender.buffer.byte-limit = 33554432 (custom)
2023-07-05 13:42:23,551 [EventQueue-OpenPipelineForHealthyPipelineSafeModeRule] INFO  safemode.SCMSafeModeManager (HealthyPipelineSafeModeRule.java:process(137)) - SCM in safe mode. Healthy pipelines reported count is 0, required healthy pipeline reported count is 1
2023-07-05 13:42:23,558 [aa000335-494a-4091-9473-11fe5522d401-groupManagement] INFO  server.RaftServerConfigKeys (ConfUtils.java:logGet(46)) - raft.server.log.unsafe-flush.enabled = false (default)
2023-07-05 13:42:23,558 [aa000335-494a-4091-9473-11fe5522d401-groupManagement] INFO  server.RaftServerConfigKeys (ConfUtils.java:logGet(46)) - raft.server.log.async-flush.enabled = false (default)
2023-07-05 13:42:23,558 [aa000335-494a-4091-9473-11fe5522d401-groupManagement] INFO  server.RaftServerConfigKeys (ConfUtils.java:logGet(46)) - raft.server.log.statemachine.data.caching.enabled = true (custom)
2023-07-05 13:42:23,558 [aa000335-494a-4091-9473-11fe5522d401-groupManagement] INFO  segmented.SegmentedRaftLogWorker (SegmentedRaftLogWorker.java:lambda$new$0(135)) - aa000335-494a-4091-9473-11fe5522d401@group-D6D0528D13AD-SegmentedRaftLogWorker: flushIndex: setUnconditionally 0 -> -1
2023-07-05 13:42:23,558 [aa000335-494a-4091-9473-11fe5522d401-groupManagement] INFO  segmented.SegmentedRaftLogWorker (SegmentedRaftLogWorker.java:lambda$new$0(135)) - aa000335-494a-4091-9473-11fe5522d401@group-D6D0528D13AD-SegmentedRaftLogWorker: safeCacheEvictIndex: setUnconditionally 0 -> -1
2023-07-05 13:42:23,558 [aa000335-494a-4091-9473-11fe5522d401-groupManagement] INFO  server.RaftServer$Division (RaftServerImpl.java:start(342)) - aa000335-494a-4091-9473-11fe5522d401@group-D6D0528D13AD: start as a follower, conf=-1: peers:[aa000335-494a-4091-9473-11fe5522d401|rpc:10.1.0.13:15094|admin:10.1.0.13:15093|client:10.1.0.13:15092|dataStream:10.1.0.13:15095|priority:1|startupRole:FOLLOWER]|listeners:[], old=null
2023-07-05 13:42:23,559 [aa000335-494a-4091-9473-11fe5522d401-groupManagement] INFO  server.RaftServer$Division (RaftServerImpl.java:setRole(329)) - aa000335-494a-4091-9473-11fe5522d401@group-D6D0528D13AD: changes role from      null to FOLLOWER at term 0 for startAsFollower
2023-07-05 13:42:23,559 [aa000335-494a-4091-9473-11fe5522d401-groupManagement] INFO  impl.RoleInfo (RoleInfo.java:updateAndGet(139)) - aa000335-494a-4091-9473-11fe5522d401: start aa000335-494a-4091-9473-11fe5522d401@group-D6D0528D13AD-FollowerState
2023-07-05 13:42:23,559 [aa000335-494a-4091-9473-11fe5522d401-groupManagement] INFO  util.JmxRegister (JmxRegister.java:tryRegister(44)) - Successfully registered JMX Bean with object name Ratis:service=RaftServer,group=group-D6D0528D13AD,id=aa000335-494a-4091-9473-11fe5522d401
2023-07-05 13:42:23,559 [aa000335-494a-4091-9473-11fe5522d401-groupManagement] INFO  server.RaftServerConfigKeys (ConfUtils.java:logGet(46)) - raft.server.snapshot.auto.trigger.enabled = true (custom)
2023-07-05 13:42:23,559 [aa000335-494a-4091-9473-11fe5522d401-groupManagement] INFO  server.RaftServerConfigKeys (ConfUtils.java:logGet(46)) - raft.server.snapshot.auto.trigger.threshold = 10000 (custom)
2023-07-05 13:42:23,559 [aa000335-494a-4091-9473-11fe5522d401-groupManagement] INFO  server.RaftServerConfigKeys (ConfUtils.java:logGet(46)) - raft.server.snapshot.retention.file.num = 5 (custom)
2023-07-05 13:42:23,559 [aa000335-494a-4091-9473-11fe5522d401-groupManagement] INFO  server.RaftServerConfigKeys (ConfUtils.java:logGet(46)) - raft.server.log.purge.upto.snapshot.index = false (default)
2023-07-05 13:42:23,560 [aa000335-494a-4091-9473-11fe5522d401@group-D6D0528D13AD-FollowerState] INFO  server.RaftServerConfigKeys (ConfUtils.java:logFallback(53)) - raft.server.rpc.first-election.timeout.min = 5s (fallback to raft.server.rpc.timeout.min)
2023-07-05 13:42:23,560 [aa000335-494a-4091-9473-11fe5522d401@group-D6D0528D13AD-FollowerState] INFO  server.RaftServerConfigKeys (ConfUtils.java:logFallback(53)) - raft.server.rpc.first-election.timeout.max = 5200ms (fallback to raft.server.rpc.timeout.max)
2023-07-05 13:42:23,568 [PipelineCommandHandlerThread-0] INFO  ratis.XceiverServerRatis (XceiverServerRatis.java:addGroup(804)) - Created group PipelineID=5d569a50-3a21-4a4e-980d-d6d0528d13ad
2023-07-05 13:42:23,568 [PipelineCommandHandlerThread-0] INFO  commandhandler.CreatePipelineCommandHandler (CreatePipelineCommandHandler.java:lambda$handle$2(124)) - Created Pipeline RATIS ONE PipelineID=5d569a50-3a21-4a4e-980d-d6d0528d13ad.
2023-07-05 13:42:23,859 [Time-limited test] INFO  ozone.MiniOzoneClusterImpl (MiniOzoneClusterImpl.java:lambda$waitForClusterToBeReady$0(224)) - Nodes are ready. Got 5 of 5 DN Heartbeats.
2023-07-05 13:42:23,859 [Time-limited test] INFO  ozone.MiniOzoneClusterImpl (MiniOzoneClusterImpl.java:lambda$waitForClusterToBeReady$0(227)) - Waiting for cluster to exit safe mode
2023-07-05 13:42:23,859 [Time-limited test] INFO  ozone.MiniOzoneClusterImpl (MiniOzoneClusterImpl.java:lambda$waitForClusterToBeReady$0(229)) - SCM became leader
2023-07-05 13:42:23,864 [PipelineCommandHandlerThread-0] INFO  server.RaftServer (RaftServerProxy.java:addNew(98)) - 107862d4-58d6-4e98-9eb6-252f61002a57: addNew group-1DA5191E984E:[107862d4-58d6-4e98-9eb6-252f61002a57|rpc:10.1.0.13:15103|admin:10.1.0.13:15102|client:10.1.0.13:15101|dataStream:10.1.0.13:15104|priority:1|startupRole:FOLLOWER] returns group-1DA5191E984E:java.util.concurrent.CompletableFuture@59f9eea5[Not completed]
2023-07-05 13:42:23,865 [107862d4-58d6-4e98-9eb6-252f61002a57-groupManagement] INFO  server.RaftServer$Division (RaftServerImpl.java:<init>(198)) - 107862d4-58d6-4e98-9eb6-252f61002a57: new RaftServerImpl for group-1DA5191E984E:[107862d4-58d6-4e98-9eb6-252f61002a57|rpc:10.1.0.13:15103|admin:10.1.0.13:15102|client:10.1.0.13:15101|dataStream:10.1.0.13:15104|priority:1|startupRole:FOLLOWER] with ContainerStateMachine:uninitialized
2023-07-05 13:42:23,865 [107862d4-58d6-4e98-9eb6-252f61002a57-groupManagement] INFO  server.RaftServerConfigKeys (ConfUtils.java:logGet(46)) - raft.server.rpc.timeout.min = 5s (custom)
2023-07-05 13:42:23,865 [107862d4-58d6-4e98-9eb6-252f61002a57-groupManagement] INFO  server.RaftServerConfigKeys (ConfUtils.java:logGet(46)) - raft.server.rpc.timeout.max = 5200ms (custom)
2023-07-05 13:42:23,865 [107862d4-58d6-4e98-9eb6-252f61002a57-groupManagement] INFO  server.RaftServerConfigKeys (ConfUtils.java:logGet(46)) - raft.server.rpc.sleep.time = 25ms (default)
2023-07-05 13:42:23,865 [107862d4-58d6-4e98-9eb6-252f61002a57-groupManagement] INFO  server.RaftServerConfigKeys (ConfUtils.java:logGet(46)) - raft.server.rpc.slowness.timeout = 300s (custom)
2023-07-05 13:42:23,865 [107862d4-58d6-4e98-9eb6-252f61002a57-groupManagement] INFO  server.RaftServerConfigKeys (ConfUtils.java:logGet(46)) - raft.server.leaderelection.leader.step-down.wait-time = 10s (default)
2023-07-05 13:42:23,865 [107862d4-58d6-4e98-9eb6-252f61002a57-groupManagement] INFO  server.RaftServerConfigKeys (ConfUtils.java:logGet(46)) - raft.server.sleep.deviation.threshold = 300ms (default)
2023-07-05 13:42:23,865 [107862d4-58d6-4e98-9eb6-252f61002a57-groupManagement] INFO  server.RaftServer$Division (ServerState.java:<init>(120)) - 107862d4-58d6-4e98-9eb6-252f61002a57@group-1DA5191E984E: ConfigurationManager, init=-1: peers:[107862d4-58d6-4e98-9eb6-252f61002a57|rpc:10.1.0.13:15103|admin:10.1.0.13:15102|client:10.1.0.13:15101|dataStream:10.1.0.13:15104|priority:1|startupRole:FOLLOWER]|listeners:[], old=null, confs=<EMPTY_MAP>
2023-07-05 13:42:23,865 [107862d4-58d6-4e98-9eb6-252f61002a57-groupManagement] INFO  server.RaftServerConfigKeys (ConfUtils.java:logGet(46)) - raft.server.storage.dir = [/home/runner/work/ozone/ozone/hadoop-ozone/integration-test/target/test-dir/MiniOzoneClusterImpl-a91d5bca-d5a1-41cf-9733-6b4d6b49c170/datanode-4/data/ratis] (custom)
2023-07-05 13:42:23,866 [107862d4-58d6-4e98-9eb6-252f61002a57-groupManagement] INFO  server.RaftServerConfigKeys (ConfUtils.java:logGet(46)) - raft.server.log.corruption.policy = EXCEPTION (default)
2023-07-05 13:42:23,866 [107862d4-58d6-4e98-9eb6-252f61002a57-groupManagement] INFO  server.RaftServerConfigKeys (ConfUtils.java:logGet(46)) - raft.server.storage.free-space.min = 0MB (=0) (default)
2023-07-05 13:42:23,866 [107862d4-58d6-4e98-9eb6-252f61002a57-groupManagement] INFO  server.RaftServerConfigKeys (ConfUtils.java:logGet(46)) - raft.server.notification.no-leader.timeout = 300s (custom)
2023-07-05 13:42:23,866 [107862d4-58d6-4e98-9eb6-252f61002a57-groupManagement] INFO  server.RaftServerConfigKeys (ConfUtils.java:logGet(46)) - raft.server.read.timeout = 10s (default)
2023-07-05 13:42:23,866 [107862d4-58d6-4e98-9eb6-252f61002a57-groupManagement] INFO  server.RaftServerConfigKeys (ConfUtils.java:logGet(46)) - raft.server.retrycache.expirytime = 600000ms (custom)
2023-07-05 13:42:23,866 [107862d4-58d6-4e98-9eb6-252f61002a57-groupManagement] INFO  server.RaftServerConfigKeys (ConfUtils.java:logGet(46)) - raft.server.retrycache.statistics.expirytime = 100μs (default)
2023-07-05 13:42:23,866 [107862d4-58d6-4e98-9eb6-252f61002a57-groupManagement] INFO  server.RaftServerConfigKeys (ConfUtils.java:logGet(46)) - raft.server.read.option = DEFAULT (default)
2023-07-05 13:42:23,867 [107862d4-58d6-4e98-9eb6-252f61002a57-groupManagement] INFO  server.RaftServerConfigKeys (ConfUtils.java:logGet(46)) - raft.server.rpc.request.timeout = 60s (custom)
2023-07-05 13:42:23,867 [107862d4-58d6-4e98-9eb6-252f61002a57-groupManagement] INFO  server.RaftServerConfigKeys (ConfUtils.java:logGet(46)) - raft.server.log.appender.install.snapshot.enabled = false (custom)
2023-07-05 13:42:23,867 [107862d4-58d6-4e98-9eb6-252f61002a57-groupManagement] INFO  server.RaftServerConfigKeys (ConfUtils.java:logGet(46)) - raft.server.threadpool.server.cached = true (default)
2023-07-05 13:42:23,867 [107862d4-58d6-4e98-9eb6-252f61002a57-groupManagement] INFO  server.RaftServerConfigKeys (ConfUtils.java:logGet(46)) - raft.server.threadpool.server.size = 0 (default)
2023-07-05 13:42:23,867 [107862d4-58d6-4e98-9eb6-252f61002a57-groupManagement] INFO  server.RaftServerConfigKeys (ConfUtils.java:logGet(46)) - raft.server.threadpool.client.cached = true (default)
2023-07-05 13:42:23,867 [107862d4-58d6-4e98-9eb6-252f61002a57-groupManagement] INFO  server.RaftServerConfigKeys (ConfUtils.java:logGet(46)) - raft.server.threadpool.client.size = 0 (default)
2023-07-05 13:42:23,868 [107862d4-58d6-4e98-9eb6-252f61002a57-groupManagement] INFO  storage.RaftStorageDirectory (RaftStorageDirectoryImpl.java:analyzeStorage(137)) - The storage directory /home/runner/work/ozone/ozone/hadoop-ozone/integration-test/target/test-dir/MiniOzoneClusterImpl-a91d5bca-d5a1-41cf-9733-6b4d6b49c170/datanode-4/data/ratis/52c66ee8-8d2f-441f-89f0-1da5191e984e does not exist. Creating ...
2023-07-05 13:42:23,869 [107862d4-58d6-4e98-9eb6-252f61002a57-groupManagement] INFO  storage.RaftStorageDirectory (RaftStorageDirectoryImpl.java:tryLock(231)) - Lock on /home/runner/work/ozone/ozone/hadoop-ozone/integration-test/target/test-dir/MiniOzoneClusterImpl-a91d5bca-d5a1-41cf-9733-6b4d6b49c170/datanode-4/data/ratis/52c66ee8-8d2f-441f-89f0-1da5191e984e/in_use.lock acquired by nodename 25537@fv-az264-29
2023-07-05 13:42:23,871 [107862d4-58d6-4e98-9eb6-252f61002a57-groupManagement] INFO  storage.RaftStorage (RaftStorageImpl.java:format(96)) - Storage directory /home/runner/work/ozone/ozone/hadoop-ozone/integration-test/target/test-dir/MiniOzoneClusterImpl-a91d5bca-d5a1-41cf-9733-6b4d6b49c170/datanode-4/data/ratis/52c66ee8-8d2f-441f-89f0-1da5191e984e has been successfully formatted.
2023-07-05 13:42:23,872 [107862d4-58d6-4e98-9eb6-252f61002a57-groupManagement] INFO  ratis.ContainerStateMachine (ContainerStateMachine.java:loadSnapshot(262)) - group-1DA5191E984E: The snapshot info is null. Setting the last applied indexto:(t:0, i:~)
2023-07-05 13:42:23,872 [107862d4-58d6-4e98-9eb6-252f61002a57-groupManagement] INFO  server.RaftServerConfigKeys (ConfUtils.java:logGet(46)) - raft.server.log.use.memory = false (default)
2023-07-05 13:42:23,873 [107862d4-58d6-4e98-9eb6-252f61002a57-groupManagement] INFO  server.RaftServerConfigKeys (ConfUtils.java:logGet(46)) - raft.server.log.purge.gap = 1000000 (custom)
2023-07-05 13:42:23,873 [107862d4-58d6-4e98-9eb6-252f61002a57-groupManagement] INFO  server.RaftServerConfigKeys (ConfUtils.java:logGet(46)) - raft.server.log.appender.buffer.byte-limit = 33554432 (custom)
2023-07-05 13:42:23,874 [107862d4-58d6-4e98-9eb6-252f61002a57-groupManagement] INFO  server.RaftServerConfigKeys (ConfUtils.java:logGet(46)) - raft.server.log.statemachine.data.read.timeout = 1000ms (default)
2023-07-05 13:42:23,874 [107862d4-58d6-4e98-9eb6-252f61002a57-groupManagement] INFO  server.RaftServerConfigKeys (ConfUtils.java:logGet(46)) - raft.server.log.purge.preservation.log.num = 0 (default)
2023-07-05 13:42:23,874 [107862d4-58d6-4e98-9eb6-252f61002a57-groupManagement] INFO  server.RaftServerConfigKeys (ConfUtils.java:logGet(46)) - raft.server.log.segment.size.max = 1048576 (custom)
2023-07-05 13:42:23,874 [EventQueue-PipelineReportForPipelineReportHandler] INFO  pipeline.PipelineReportHandler (PipelineReportHandler.java:processPipelineReport(136)) - Opened pipeline PipelineID=52c66ee8-8d2f-441f-89f0-1da5191e984e
2023-07-05 13:42:23,874 [107862d4-58d6-4e98-9eb6-252f61002a57-groupManagement] INFO  server.RaftServerConfigKeys (ConfUtils.java:logGet(46)) - raft.server.log.segment.cache.num.max = 2 (custom)
2023-07-05 13:42:23,874 [EventQueue-OpenPipelineForHealthyPipelineSafeModeRule] INFO  safemode.SCMSafeModeManager (HealthyPipelineSafeModeRule.java:process(137)) - SCM in safe mode. Healthy pipelines reported count is 0, required healthy pipeline reported count is 1
2023-07-05 13:42:23,874 [107862d4-58d6-4e98-9eb6-252f61002a57-groupManagement] INFO  server.RaftServerConfigKeys (ConfUtils.java:logGet(46)) - raft.server.log.segment.cache.size.max = 200MB (=209715200) (default)
2023-07-05 13:42:23,874 [107862d4-58d6-4e98-9eb6-252f61002a57-groupManagement] INFO  server.RaftServerConfigKeys (ConfUtils.java:logGet(46)) - raft.server.log.appender.buffer.byte-limit = 33554432 (custom)
2023-07-05 13:42:23,875 [107862d4-58d6-4e98-9eb6-252f61002a57-groupManagement] INFO  segmented.SegmentedRaftLogWorker (SegmentedRaftLogWorker.java:<init>(188)) - new 107862d4-58d6-4e98-9eb6-252f61002a57@group-1DA5191E984E-SegmentedRaftLogWorker for RaftStorageImpl:Storage Directory /home/runner/work/ozone/ozone/hadoop-ozone/integration-test/target/test-dir/MiniOzoneClusterImpl-a91d5bca-d5a1-41cf-9733-6b4d6b49c170/datanode-4/data/ratis/52c66ee8-8d2f-441f-89f0-1da5191e984e
2023-07-05 13:42:23,875 [107862d4-58d6-4e98-9eb6-252f61002a57-groupManagement] INFO  server.RaftServerConfigKeys (ConfUtils.java:logGet(46)) - raft.server.log.queue.byte-limit = 4294967296 (custom)
2023-07-05 13:42:23,875 [107862d4-58d6-4e98-9eb6-252f61002a57-groupManagement] INFO  server.RaftServerConfigKeys (ConfUtils.java:logGet(46)) - raft.server.log.queue.element-limit = 1024 (custom)
2023-07-05 13:42:23,875 [107862d4-58d6-4e98-9eb6-252f61002a57-groupManagement] INFO  server.RaftServerConfigKeys (ConfUtils.java:logGet(46)) - raft.server.log.segment.size.max = 1048576 (custom)
2023-07-05 13:42:23,875 [107862d4-58d6-4e98-9eb6-252f61002a57-groupManagement] INFO  server.RaftServerConfigKeys (ConfUtils.java:logGet(46)) - raft.server.log.preallocated.size = 16384 (custom)
2023-07-05 13:42:23,875 [107862d4-58d6-4e98-9eb6-252f61002a57-groupManagement] INFO  server.RaftServerConfigKeys (ConfUtils.java:logGet(46)) - raft.server.log.force.sync.num = 128 (default)
2023-07-05 13:42:23,875 [107862d4-58d6-4e98-9eb6-252f61002a57-groupManagement] INFO  server.RaftServerConfigKeys (ConfUtils.java:logGet(46)) - raft.server.log.statemachine.data.sync = true (default)
2023-07-05 13:42:23,876 [107862d4-58d6-4e98-9eb6-252f61002a57-groupManagement] INFO  server.RaftServerConfigKeys (ConfUtils.java:logGet(46)) - raft.server.log.statemachine.data.sync.timeout = 10s (default)
2023-07-05 13:42:23,876 [107862d4-58d6-4e98-9eb6-252f61002a57-groupManagement] INFO  server.RaftServerConfigKeys (ConfUtils.java:logGet(46)) - raft.server.log.statemachine.data.sync.timeout.retry = -1 (default)
2023-07-05 13:42:23,876 [107862d4-58d6-4e98-9eb6-252f61002a57-groupManagement] INFO  server.RaftServerConfigKeys (ConfUtils.java:logGet(46)) - raft.server.log.write.buffer.size = 1048576 (custom)
2023-07-05 13:42:23,877 [107862d4-58d6-4e98-9eb6-252f61002a57-groupManagement] INFO  server.RaftServerConfigKeys (ConfUtils.java:logGet(46)) - raft.server.log.appender.buffer.byte-limit = 33554432 (custom)
2023-07-05 13:42:23,882 [107862d4-58d6-4e98-9eb6-252f61002a57-groupManagement] INFO  server.RaftServerConfigKeys (ConfUtils.java:logGet(46)) - raft.server.log.unsafe-flush.enabled = false (default)
2023-07-05 13:42:23,882 [107862d4-58d6-4e98-9eb6-252f61002a57-groupManagement] INFO  server.RaftServerConfigKeys (ConfUtils.java:logGet(46)) - raft.server.log.async-flush.enabled = false (default)
2023-07-05 13:42:23,882 [107862d4-58d6-4e98-9eb6-252f61002a57-groupManagement] INFO  server.RaftServerConfigKeys (ConfUtils.java:logGet(46)) - raft.server.log.statemachine.data.caching.enabled = true (custom)
2023-07-05 13:42:23,882 [107862d4-58d6-4e98-9eb6-252f61002a57-groupManagement] INFO  segmented.SegmentedRaftLogWorker (SegmentedRaftLogWorker.java:lambda$new$0(135)) - 107862d4-58d6-4e98-9eb6-252f61002a57@group-1DA5191E984E-SegmentedRaftLogWorker: flushIndex: setUnconditionally 0 -> -1
2023-07-05 13:42:23,882 [107862d4-58d6-4e98-9eb6-252f61002a57-groupManagement] INFO  segmented.SegmentedRaftLogWorker (SegmentedRaftLogWorker.java:lambda$new$0(135)) - 107862d4-58d6-4e98-9eb6-252f61002a57@group-1DA5191E984E-SegmentedRaftLogWorker: safeCacheEvictIndex: setUnconditionally 0 -> -1
2023-07-05 13:42:23,882 [107862d4-58d6-4e98-9eb6-252f61002a57-groupManagement] INFO  server.RaftServer$Division (RaftServerImpl.java:start(342)) - 107862d4-58d6-4e98-9eb6-252f61002a57@group-1DA5191E984E: start as a follower, conf=-1: peers:[107862d4-58d6-4e98-9eb6-252f61002a57|rpc:10.1.0.13:15103|admin:10.1.0.13:15102|client:10.1.0.13:15101|dataStream:10.1.0.13:15104|priority:1|startupRole:FOLLOWER]|listeners:[], old=null
2023-07-05 13:42:23,883 [107862d4-58d6-4e98-9eb6-252f61002a57-groupManagement] INFO  server.RaftServer$Division (RaftServerImpl.java:setRole(329)) - 107862d4-58d6-4e98-9eb6-252f61002a57@group-1DA5191E984E: changes role from      null to FOLLOWER at term 0 for startAsFollower
2023-07-05 13:42:23,883 [107862d4-58d6-4e98-9eb6-252f61002a57-groupManagement] INFO  impl.RoleInfo (RoleInfo.java:updateAndGet(139)) - 107862d4-58d6-4e98-9eb6-252f61002a57: start 107862d4-58d6-4e98-9eb6-252f61002a57@group-1DA5191E984E-FollowerState
2023-07-05 13:42:23,883 [107862d4-58d6-4e98-9eb6-252f61002a57-groupManagement] INFO  util.JmxRegister (JmxRegister.java:tryRegister(44)) - Successfully registered JMX Bean with object name Ratis:service=RaftServer,group=group-1DA5191E984E,id=107862d4-58d6-4e98-9eb6-252f61002a57
2023-07-05 13:42:23,883 [107862d4-58d6-4e98-9eb6-252f61002a57@group-1DA5191E984E-FollowerState] INFO  server.RaftServerConfigKeys (ConfUtils.java:logFallback(53)) - raft.server.rpc.first-election.timeout.min = 5s (fallback to raft.server.rpc.timeout.min)
2023-07-05 13:42:23,883 [107862d4-58d6-4e98-9eb6-252f61002a57-groupManagement] INFO  server.RaftServerConfigKeys (ConfUtils.java:logGet(46)) - raft.server.snapshot.auto.trigger.enabled = true (custom)
2023-07-05 13:42:23,883 [107862d4-58d6-4e98-9eb6-252f61002a57@group-1DA5191E984E-FollowerState] INFO  server.RaftServerConfigKeys (ConfUtils.java:logFallback(53)) - raft.server.rpc.first-election.timeout.max = 5200ms (fallback to raft.server.rpc.timeout.max)
2023-07-05 13:42:23,883 [107862d4-58d6-4e98-9eb6-252f61002a57-groupManagement] INFO  server.RaftServerConfigKeys (ConfUtils.java:logGet(46)) - raft.server.snapshot.auto.trigger.threshold = 10000 (custom)
2023-07-05 13:42:23,883 [107862d4-58d6-4e98-9eb6-252f61002a57-groupManagement] INFO  server.RaftServerConfigKeys (ConfUtils.java:logGet(46)) - raft.server.snapshot.retention.file.num = 5 (custom)
2023-07-05 13:42:23,883 [107862d4-58d6-4e98-9eb6-252f61002a57-groupManagement] INFO  server.RaftServerConfigKeys (ConfUtils.java:logGet(46)) - raft.server.log.purge.upto.snapshot.index = false (default)
2023-07-05 13:42:23,884 [PipelineCommandHandlerThread-0] INFO  ratis.XceiverServerRatis (XceiverServerRatis.java:addGroup(804)) - Created group PipelineID=52c66ee8-8d2f-441f-89f0-1da5191e984e
2023-07-05 13:42:23,884 [PipelineCommandHandlerThread-0] INFO  commandhandler.CreatePipelineCommandHandler (CreatePipelineCommandHandler.java:lambda$handle$2(124)) - Created Pipeline RATIS ONE PipelineID=52c66ee8-8d2f-441f-89f0-1da5191e984e.
2023-07-05 13:42:24,300 [ReplicationMonitor] INFO  replication.ReplicationManager (ReplicationManager.java:processAll(361)) - Replication Manager is not ready to run until 3000ms after safemode exit
2023-07-05 13:42:24,860 [Time-limited test] INFO  ozone.MiniOzoneClusterImpl (MiniOzoneClusterImpl.java:lambda$waitForClusterToBeReady$0(224)) - Nodes are ready. Got 5 of 5 DN Heartbeats.
2023-07-05 13:42:24,860 [Time-limited test] INFO  ozone.MiniOzoneClusterImpl (MiniOzoneClusterImpl.java:lambda$waitForClusterToBeReady$0(227)) - Waiting for cluster to exit safe mode
2023-07-05 13:42:24,860 [Time-limited test] INFO  ozone.MiniOzoneClusterImpl (MiniOzoneClusterImpl.java:lambda$waitForClusterToBeReady$0(229)) - SCM became leader
2023-07-05 13:42:25,300 [ReplicationMonitor] INFO  replication.ReplicationManager (ReplicationManager.java:processAll(361)) - Replication Manager is not ready to run until 3000ms after safemode exit
2023-07-05 13:42:25,860 [Time-limited test] INFO  ozone.MiniOzoneClusterImpl (MiniOzoneClusterImpl.java:lambda$waitForClusterToBeReady$0(224)) - Nodes are ready. Got 5 of 5 DN Heartbeats.
2023-07-05 13:42:25,860 [Time-limited test] INFO  ozone.MiniOzoneClusterImpl (MiniOzoneClusterImpl.java:lambda$waitForClusterToBeReady$0(227)) - Waiting for cluster to exit safe mode
2023-07-05 13:42:25,860 [Time-limited test] INFO  ozone.MiniOzoneClusterImpl (MiniOzoneClusterImpl.java:lambda$waitForClusterToBeReady$0(229)) - SCM became leader
2023-07-05 13:42:26,300 [ReplicationMonitor] INFO  replication.ReplicationManager (ReplicationManager.java:processAll(361)) - Replication Manager is not ready to run until 3000ms after safemode exit
2023-07-05 13:42:26,860 [Time-limited test] INFO  ozone.MiniOzoneClusterImpl (MiniOzoneClusterImpl.java:lambda$waitForClusterToBeReady$0(224)) - Nodes are ready. Got 5 of 5 DN Heartbeats.
2023-07-05 13:42:26,861 [Time-limited test] INFO  ozone.MiniOzoneClusterImpl (MiniOzoneClusterImpl.java:lambda$waitForClusterToBeReady$0(227)) - Waiting for cluster to exit safe mode
2023-07-05 13:42:26,861 [Time-limited test] INFO  ozone.MiniOzoneClusterImpl (MiniOzoneClusterImpl.java:lambda$waitForClusterToBeReady$0(229)) - SCM became leader
2023-07-05 13:42:27,301 [ReplicationMonitor] INFO  replication.ReplicationManager (ReplicationManager.java:processAll(361)) - Replication Manager is not ready to run until 3000ms after safemode exit
2023-07-05 13:42:27,659 [c67f853f-9851-48e5-9814-c89133fda60b@group-D713B65C45D2-FollowerState] INFO  impl.FollowerState (FollowerState.java:run(143)) - c67f853f-9851-48e5-9814-c89133fda60b@group-D713B65C45D2-FollowerState: change to CANDIDATE, lastRpcElapsedTime:5114080757ns, electionTimeout:5105ms
2023-07-05 13:42:27,659 [c67f853f-9851-48e5-9814-c89133fda60b@group-D713B65C45D2-FollowerState] INFO  impl.RoleInfo (RoleInfo.java:shutdownFollowerState(110)) - c67f853f-9851-48e5-9814-c89133fda60b: shutdown c67f853f-9851-48e5-9814-c89133fda60b@group-D713B65C45D2-FollowerState
2023-07-05 13:42:27,659 [c67f853f-9851-48e5-9814-c89133fda60b@group-D713B65C45D2-FollowerState] INFO  server.RaftServer$Division (RaftServerImpl.java:setRole(329)) - c67f853f-9851-48e5-9814-c89133fda60b@group-D713B65C45D2: changes role from  FOLLOWER to CANDIDATE at term 0 for changeToCandidate
2023-07-05 13:42:27,661 [c67f853f-9851-48e5-9814-c89133fda60b@group-D713B65C45D2-FollowerState] INFO  server.RaftServerConfigKeys (ConfUtils.java:logGet(46)) - raft.server.leaderelection.pre-vote = true (default)
2023-07-05 13:42:27,661 [c67f853f-9851-48e5-9814-c89133fda60b@group-D713B65C45D2-FollowerState] INFO  impl.RoleInfo (RoleInfo.java:updateAndGet(139)) - c67f853f-9851-48e5-9814-c89133fda60b: start c67f853f-9851-48e5-9814-c89133fda60b@group-D713B65C45D2-LeaderElection13
2023-07-05 13:42:27,667 [6d685894-e83d-4eff-a4f6-a21b002b35fd@group-D713B65C45D2-FollowerState] INFO  impl.FollowerState (FollowerState.java:run(143)) - 6d685894-e83d-4eff-a4f6-a21b002b35fd@group-D713B65C45D2-FollowerState: change to CANDIDATE, lastRpcElapsedTime:5070513223ns, electionTimeout:5065ms
2023-07-05 13:42:27,668 [6d685894-e83d-4eff-a4f6-a21b002b35fd@group-D713B65C45D2-FollowerState] INFO  impl.RoleInfo (RoleInfo.java:shutdownFollowerState(110)) - 6d685894-e83d-4eff-a4f6-a21b002b35fd: shutdown 6d685894-e83d-4eff-a4f6-a21b002b35fd@group-D713B65C45D2-FollowerState
2023-07-05 13:42:27,668 [c67f853f-9851-48e5-9814-c89133fda60b@group-D713B65C45D2-LeaderElection13] INFO  impl.LeaderElection (LeaderElection.java:askForVotes(321)) - c67f853f-9851-48e5-9814-c89133fda60b@group-D713B65C45D2-LeaderElection13 PRE_VOTE round 0: submit vote requests at term 0 for -1: peers:[c67f853f-9851-48e5-9814-c89133fda60b|rpc:10.1.0.13:15067|admin:10.1.0.13:15066|client:10.1.0.13:15065|dataStream:10.1.0.13:15068|priority:0|startupRole:FOLLOWER, 6d685894-e83d-4eff-a4f6-a21b002b35fd|rpc:10.1.0.13:15076|admin:10.1.0.13:15075|client:10.1.0.13:15074|dataStream:10.1.0.13:15077|priority:0|startupRole:FOLLOWER, 76b6de06-79b2-4410-afad-6ed4eb2113a8|rpc:10.1.0.13:15085|admin:10.1.0.13:15084|client:10.1.0.13:15083|dataStream:10.1.0.13:15086|priority:1|startupRole:FOLLOWER]|listeners:[], old=null
2023-07-05 13:42:27,668 [6d685894-e83d-4eff-a4f6-a21b002b35fd@group-D713B65C45D2-FollowerState] INFO  server.RaftServer$Division (RaftServerImpl.java:setRole(329)) - 6d685894-e83d-4eff-a4f6-a21b002b35fd@group-D713B65C45D2: changes role from  FOLLOWER to CANDIDATE at term 0 for changeToCandidate
2023-07-05 13:42:27,669 [c67f853f-9851-48e5-9814-c89133fda60b@group-D713B65C45D2-LeaderElection13] INFO  server.RaftServerConfigKeys (ConfUtils.java:logFallback(53)) - raft.server.rpc.first-election.timeout.min = 5s (fallback to raft.server.rpc.timeout.min)
2023-07-05 13:42:27,669 [c67f853f-9851-48e5-9814-c89133fda60b@group-D713B65C45D2-LeaderElection13] INFO  server.RaftServerConfigKeys (ConfUtils.java:logFallback(53)) - raft.server.rpc.first-election.timeout.max = 5200ms (fallback to raft.server.rpc.timeout.max)
2023-07-05 13:42:27,675 [6d685894-e83d-4eff-a4f6-a21b002b35fd@group-D713B65C45D2-FollowerState] INFO  server.RaftServerConfigKeys (ConfUtils.java:logGet(46)) - raft.server.leaderelection.pre-vote = true (default)
2023-07-05 13:42:27,675 [6d685894-e83d-4eff-a4f6-a21b002b35fd@group-D713B65C45D2-FollowerState] INFO  impl.RoleInfo (RoleInfo.java:updateAndGet(139)) - 6d685894-e83d-4eff-a4f6-a21b002b35fd: start 6d685894-e83d-4eff-a4f6-a21b002b35fd@group-D713B65C45D2-LeaderElection14
2023-07-05 13:42:27,675 [c67f853f-9851-48e5-9814-c89133fda60b@group-D713B65C45D2-LeaderElection13-1] INFO  server.GrpcServerProtocolClient (GrpcServerProtocolClient.java:<init>(65)) - Build channel for 6d685894-e83d-4eff-a4f6-a21b002b35fd
2023-07-05 13:42:27,676 [c67f853f-9851-48e5-9814-c89133fda60b@group-D713B65C45D2-LeaderElection13-2] INFO  server.GrpcServerProtocolClient (GrpcServerProtocolClient.java:<init>(65)) - Build channel for 76b6de06-79b2-4410-afad-6ed4eb2113a8
2023-07-05 13:42:27,680 [6d685894-e83d-4eff-a4f6-a21b002b35fd@group-D713B65C45D2-LeaderElection14] INFO  impl.LeaderElection (LeaderElection.java:askForVotes(321)) - 6d685894-e83d-4eff-a4f6-a21b002b35fd@group-D713B65C45D2-LeaderElection14 PRE_VOTE round 0: submit vote requests at term 0 for -1: peers:[c67f853f-9851-48e5-9814-c89133fda60b|rpc:10.1.0.13:15067|admin:10.1.0.13:15066|client:10.1.0.13:15065|dataStream:10.1.0.13:15068|priority:0|startupRole:FOLLOWER, 6d685894-e83d-4eff-a4f6-a21b002b35fd|rpc:10.1.0.13:15076|admin:10.1.0.13:15075|client:10.1.0.13:15074|dataStream:10.1.0.13:15077|priority:0|startupRole:FOLLOWER, 76b6de06-79b2-4410-afad-6ed4eb2113a8|rpc:10.1.0.13:15085|admin:10.1.0.13:15084|client:10.1.0.13:15083|dataStream:10.1.0.13:15086|priority:1|startupRole:FOLLOWER]|listeners:[], old=null
2023-07-05 13:42:27,684 [6d685894-e83d-4eff-a4f6-a21b002b35fd@group-D713B65C45D2-LeaderElection14-1] INFO  server.GrpcServerProtocolClient (GrpcServerProtocolClient.java:<init>(65)) - Build channel for c67f853f-9851-48e5-9814-c89133fda60b
2023-07-05 13:42:27,689 [6d685894-e83d-4eff-a4f6-a21b002b35fd@group-D713B65C45D2-LeaderElection14] INFO  server.RaftServerConfigKeys (ConfUtils.java:logFallback(53)) - raft.server.rpc.first-election.timeout.min = 5s (fallback to raft.server.rpc.timeout.min)
2023-07-05 13:42:27,690 [6d685894-e83d-4eff-a4f6-a21b002b35fd@group-D713B65C45D2-LeaderElection14] INFO  server.RaftServerConfigKeys (ConfUtils.java:logFallback(53)) - raft.server.rpc.first-election.timeout.max = 5200ms (fallback to raft.server.rpc.timeout.max)
2023-07-05 13:42:27,690 [6d685894-e83d-4eff-a4f6-a21b002b35fd@group-D713B65C45D2-LeaderElection14-2] INFO  server.GrpcServerProtocolClient (GrpcServerProtocolClient.java:<init>(65)) - Build channel for 76b6de06-79b2-4410-afad-6ed4eb2113a8
2023-07-05 13:42:27,693 [c67f853f-9851-48e5-9814-c89133fda60b@group-50645A3F60F1-FollowerState] INFO  impl.FollowerState (FollowerState.java:run(143)) - c67f853f-9851-48e5-9814-c89133fda60b@group-50645A3F60F1-FollowerState: change to CANDIDATE, lastRpcElapsedTime:5172703690ns, electionTimeout:5170ms
2023-07-05 13:42:27,693 [c67f853f-9851-48e5-9814-c89133fda60b@group-50645A3F60F1-FollowerState] INFO  impl.RoleInfo (RoleInfo.java:shutdownFollowerState(110)) - c67f853f-9851-48e5-9814-c89133fda60b: shutdown c67f853f-9851-48e5-9814-c89133fda60b@group-50645A3F60F1-FollowerState
2023-07-05 13:42:27,693 [c67f853f-9851-48e5-9814-c89133fda60b@group-50645A3F60F1-FollowerState] INFO  server.RaftServer$Division (RaftServerImpl.java:setRole(329)) - c67f853f-9851-48e5-9814-c89133fda60b@group-50645A3F60F1: changes role from  FOLLOWER to CANDIDATE at term 0 for changeToCandidate
2023-07-05 13:42:27,694 [c67f853f-9851-48e5-9814-c89133fda60b@group-50645A3F60F1-FollowerState] INFO  server.RaftServerConfigKeys (ConfUtils.java:logGet(46)) - raft.server.leaderelection.pre-vote = true (default)
2023-07-05 13:42:27,694 [c67f853f-9851-48e5-9814-c89133fda60b@group-50645A3F60F1-FollowerState] INFO  impl.RoleInfo (RoleInfo.java:updateAndGet(139)) - c67f853f-9851-48e5-9814-c89133fda60b: start c67f853f-9851-48e5-9814-c89133fda60b@group-50645A3F60F1-LeaderElection15
2023-07-05 13:42:27,701 [76b6de06-79b2-4410-afad-6ed4eb2113a8@group-D713B65C45D2-FollowerState] INFO  impl.FollowerState (FollowerState.java:run(143)) - 76b6de06-79b2-4410-afad-6ed4eb2113a8@group-D713B65C45D2-FollowerState: change to CANDIDATE, lastRpcElapsedTime:5049204660ns, electionTimeout:5046ms
2023-07-05 13:42:27,701 [76b6de06-79b2-4410-afad-6ed4eb2113a8@group-D713B65C45D2-FollowerState] INFO  impl.RoleInfo (RoleInfo.java:shutdownFollowerState(110)) - 76b6de06-79b2-4410-afad-6ed4eb2113a8: shutdown 76b6de06-79b2-4410-afad-6ed4eb2113a8@group-D713B65C45D2-FollowerState
2023-07-05 13:42:27,701 [76b6de06-79b2-4410-afad-6ed4eb2113a8@group-D713B65C45D2-FollowerState] INFO  server.RaftServer$Division (RaftServerImpl.java:setRole(329)) - 76b6de06-79b2-4410-afad-6ed4eb2113a8@group-D713B65C45D2: changes role from  FOLLOWER to CANDIDATE at term 0 for changeToCandidate
2023-07-05 13:42:27,702 [76b6de06-79b2-4410-afad-6ed4eb2113a8@group-D713B65C45D2-FollowerState] INFO  server.RaftServerConfigKeys (ConfUtils.java:logGet(46)) - raft.server.leaderelection.pre-vote = true (default)
2023-07-05 13:42:27,702 [76b6de06-79b2-4410-afad-6ed4eb2113a8@group-D713B65C45D2-FollowerState] INFO  impl.RoleInfo (RoleInfo.java:updateAndGet(139)) - 76b6de06-79b2-4410-afad-6ed4eb2113a8: start 76b6de06-79b2-4410-afad-6ed4eb2113a8@group-D713B65C45D2-LeaderElection16
2023-07-05 13:42:27,703 [c67f853f-9851-48e5-9814-c89133fda60b@group-50645A3F60F1-LeaderElection15] INFO  impl.LeaderElection (LeaderElection.java:askForVotes(321)) - c67f853f-9851-48e5-9814-c89133fda60b@group-50645A3F60F1-LeaderElection15 PRE_VOTE round 0: submit vote requests at term 0 for -1: peers:[c67f853f-9851-48e5-9814-c89133fda60b|rpc:10.1.0.13:15067|admin:10.1.0.13:15066|client:10.1.0.13:15065|dataStream:10.1.0.13:15068|priority:1|startupRole:FOLLOWER]|listeners:[], old=null
2023-07-05 13:42:27,703 [c67f853f-9851-48e5-9814-c89133fda60b@group-50645A3F60F1-LeaderElection15] INFO  impl.LeaderElection (LeaderElection.java:askForVotes(323)) - c67f853f-9851-48e5-9814-c89133fda60b@group-50645A3F60F1-LeaderElection15 PRE_VOTE round 0: result PASSED (term=0)
2023-07-05 13:42:27,705 [c67f853f-9851-48e5-9814-c89133fda60b@group-50645A3F60F1-LeaderElection15] INFO  impl.LeaderElection (LeaderElection.java:askForVotes(321)) - c67f853f-9851-48e5-9814-c89133fda60b@group-50645A3F60F1-LeaderElection15 ELECTION round 0: submit vote requests at term 1 for -1: peers:[c67f853f-9851-48e5-9814-c89133fda60b|rpc:10.1.0.13:15067|admin:10.1.0.13:15066|client:10.1.0.13:15065|dataStream:10.1.0.13:15068|priority:1|startupRole:FOLLOWER]|listeners:[], old=null
2023-07-05 13:42:27,705 [c67f853f-9851-48e5-9814-c89133fda60b@group-50645A3F60F1-LeaderElection15] INFO  impl.LeaderElection (LeaderElection.java:askForVotes(323)) - c67f853f-9851-48e5-9814-c89133fda60b@group-50645A3F60F1-LeaderElection15 ELECTION round 0: result PASSED (term=1)
2023-07-05 13:42:27,705 [c67f853f-9851-48e5-9814-c89133fda60b@group-50645A3F60F1-LeaderElection15] INFO  impl.RoleInfo (RoleInfo.java:shutdownLeaderElection(130)) - c67f853f-9851-48e5-9814-c89133fda60b: shutdown c67f853f-9851-48e5-9814-c89133fda60b@group-50645A3F60F1-LeaderElection15
2023-07-05 13:42:27,705 [c67f853f-9851-48e5-9814-c89133fda60b@group-50645A3F60F1-LeaderElection15] INFO  server.RaftServer$Division (RaftServerImpl.java:setRole(329)) - c67f853f-9851-48e5-9814-c89133fda60b@group-50645A3F60F1: changes role from CANDIDATE to LEADER at term 1 for changeToLeader
2023-07-05 13:42:27,709 [grpc-default-executor-1] INFO  server.RaftServer$Division (RaftServerImpl.java:requestVote(1302)) - c67f853f-9851-48e5-9814-c89133fda60b@group-D713B65C45D2: receive requestVote(PRE_VOTE, 6d685894-e83d-4eff-a4f6-a21b002b35fd, group-D713B65C45D2, 0, (t:0, i:0))
2023-07-05 13:42:27,709 [grpc-default-executor-1] INFO  impl.VoteContext (VoteContext.java:log(49)) - c67f853f-9851-48e5-9814-c89133fda60b@group-D713B65C45D2-CANDIDATE: accept PRE_VOTE from 6d685894-e83d-4eff-a4f6-a21b002b35fd: our priority 0 <= candidate's priority 0
2023-07-05 13:42:27,709 [grpc-default-executor-1] INFO  server.RaftServer$Division (RaftServerImpl.java:requestVote(1335)) - c67f853f-9851-48e5-9814-c89133fda60b@group-D713B65C45D2 replies to PRE_VOTE vote request: 6d685894-e83d-4eff-a4f6-a21b002b35fd<-c67f853f-9851-48e5-9814-c89133fda60b#0:OK-t0. Peer's state: c67f853f-9851-48e5-9814-c89133fda60b@group-D713B65C45D2:t0, leader=null, voted=, raftlog=Memoized:c67f853f-9851-48e5-9814-c89133fda60b@group-D713B65C45D2-SegmentedRaftLog:OPENED:c-1, conf=-1: peers:[c67f853f-9851-48e5-9814-c89133fda60b|rpc:10.1.0.13:15067|admin:10.1.0.13:15066|client:10.1.0.13:15065|dataStream:10.1.0.13:15068|priority:0|startupRole:FOLLOWER, 6d685894-e83d-4eff-a4f6-a21b002b35fd|rpc:10.1.0.13:15076|admin:10.1.0.13:15075|client:10.1.0.13:15074|dataStream:10.1.0.13:15077|priority:0|startupRole:FOLLOWER, 76b6de06-79b2-4410-afad-6ed4eb2113a8|rpc:10.1.0.13:15085|admin:10.1.0.13:15084|client:10.1.0.13:15083|dataStream:10.1.0.13:15086|priority:1|startupRole:FOLLOWER]|listeners:[], old=null
2023-07-05 13:42:27,715 [c67f853f-9851-48e5-9814-c89133fda60b@group-50645A3F60F1-LeaderElection15] INFO  ratis.XceiverServerRatis (XceiverServerRatis.java:handleLeaderChangedNotification(902)) - Leader change notification received for group: group-50645A3F60F1 with new leaderId: c67f853f-9851-48e5-9814-c89133fda60b
2023-07-05 13:42:27,715 [c67f853f-9851-48e5-9814-c89133fda60b@group-50645A3F60F1-LeaderElection15] INFO  server.RaftServer$Division (ServerState.java:setLeader(317)) - c67f853f-9851-48e5-9814-c89133fda60b@group-50645A3F60F1: change Leader from null to c67f853f-9851-48e5-9814-c89133fda60b at term 1 for becomeLeader, leader elected after 5207ms
2023-07-05 13:42:27,715 [c67f853f-9851-48e5-9814-c89133fda60b@group-50645A3F60F1-LeaderElection15] INFO  server.RaftServerConfigKeys (ConfUtils.java:logGet(46)) - raft.server.staging.catchup.gap = 1000 (default)
2023-07-05 13:42:27,715 [c67f853f-9851-48e5-9814-c89133fda60b@group-50645A3F60F1-LeaderElection15] INFO  server.RaftServerConfigKeys (ConfUtils.java:logGet(46)) - raft.server.write.element-limit = 1024 (custom)
2023-07-05 13:42:27,716 [c67f853f-9851-48e5-9814-c89133fda60b@group-50645A3F60F1-LeaderElection15] INFO  server.RaftServerConfigKeys (ConfUtils.java:logGet(46)) - raft.server.write.byte-limit = 1024 M (=1073741824) (custom)
2023-07-05 13:42:27,716 [c67f853f-9851-48e5-9814-c89133fda60b@group-50645A3F60F1-LeaderElection15] INFO  server.RaftServerConfigKeys (ConfUtils.java:logGet(46)) - raft.server.watch.timeout = 180s (custom)
2023-07-05 13:42:27,716 [c67f853f-9851-48e5-9814-c89133fda60b@group-50645A3F60F1-LeaderElection15] INFO  server.RaftServerConfigKeys (ConfUtils.java:logGet(46)) - raft.server.watch.timeout.denomination = 1s (default)
2023-07-05 13:42:27,716 [c67f853f-9851-48e5-9814-c89133fda60b@group-50645A3F60F1-LeaderElection15] INFO  server.RaftServerConfigKeys (ConfUtils.java:logGet(46)) - raft.server.watch.element-limit = 65536 (default)
2023-07-05 13:42:27,716 [c67f853f-9851-48e5-9814-c89133fda60b@group-50645A3F60F1-LeaderElection15] INFO  server.RaftServerConfigKeys (ConfUtils.java:logGet(46)) - raft.server.write.element-limit = 1024 (custom)
2023-07-05 13:42:27,716 [c67f853f-9851-48e5-9814-c89133fda60b@group-50645A3F60F1-LeaderElection15] INFO  server.RaftServerConfigKeys (ConfUtils.java:logGet(46)) - raft.server.write.follower.gap.ratio.max = -1.0 (default)
2023-07-05 13:42:27,716 [c67f853f-9851-48e5-9814-c89133fda60b@group-50645A3F60F1-LeaderElection15] INFO  impl.RoleInfo (RoleInfo.java:updateAndGet(139)) - c67f853f-9851-48e5-9814-c89133fda60b: start c67f853f-9851-48e5-9814-c89133fda60b@group-50645A3F60F1-LeaderStateImpl
2023-07-05 13:42:27,716 [c67f853f-9851-48e5-9814-c89133fda60b@group-50645A3F60F1-LeaderElection15] INFO  segmented.SegmentedRaftLogWorker (SegmentedRaftLogWorker.java:startLogSegment(447)) - c67f853f-9851-48e5-9814-c89133fda60b@group-50645A3F60F1-SegmentedRaftLogWorker: Starting segment from index:0
2023-07-05 13:42:27,720 [EventQueue-OpenPipelineForHealthyPipelineSafeModeRule] INFO  safemode.SCMSafeModeManager (HealthyPipelineSafeModeRule.java:process(137)) - SCM in safe mode. Healthy pipelines reported count is 0, required healthy pipeline reported count is 1
2023-07-05 13:42:27,720 [c67f853f-9851-48e5-9814-c89133fda60b@group-50645A3F60F1-SegmentedRaftLogWorker] INFO  segmented.SegmentedRaftLogWorker (SegmentedRaftLogWorker.java:execute(651)) - c67f853f-9851-48e5-9814-c89133fda60b@group-50645A3F60F1-SegmentedRaftLogWorker: created new log segment /home/runner/work/ozone/ozone/hadoop-ozone/integration-test/target/test-dir/MiniOzoneClusterImpl-a91d5bca-d5a1-41cf-9733-6b4d6b49c170/datanode-0/data/ratis/f7316eee-855f-4e4b-9b98-50645a3f60f1/current/log_inprogress_0
2023-07-05 13:42:27,723 [c67f853f-9851-48e5-9814-c89133fda60b@group-50645A3F60F1-LeaderElection15] INFO  server.RaftServer$Division (ServerState.java:setRaftConf(434)) - c67f853f-9851-48e5-9814-c89133fda60b@group-50645A3F60F1: set configuration 0: peers:[c67f853f-9851-48e5-9814-c89133fda60b|rpc:10.1.0.13:15067|admin:10.1.0.13:15066|client:10.1.0.13:15065|dataStream:10.1.0.13:15068|priority:1|startupRole:FOLLOWER]|listeners:[], old=null
2023-07-05 13:42:27,723 [76b6de06-79b2-4410-afad-6ed4eb2113a8@group-D713B65C45D2-LeaderElection16] INFO  impl.LeaderElection (LeaderElection.java:askForVotes(321)) - 76b6de06-79b2-4410-afad-6ed4eb2113a8@group-D713B65C45D2-LeaderElection16 PRE_VOTE round 0: submit vote requests at term 0 for -1: peers:[c67f853f-9851-48e5-9814-c89133fda60b|rpc:10.1.0.13:15067|admin:10.1.0.13:15066|client:10.1.0.13:15065|dataStream:10.1.0.13:15068|priority:0|startupRole:FOLLOWER, 6d685894-e83d-4eff-a4f6-a21b002b35fd|rpc:10.1.0.13:15076|admin:10.1.0.13:15075|client:10.1.0.13:15074|dataStream:10.1.0.13:15077|priority:0|startupRole:FOLLOWER, 76b6de06-79b2-4410-afad-6ed4eb2113a8|rpc:10.1.0.13:15085|admin:10.1.0.13:15084|client:10.1.0.13:15083|dataStream:10.1.0.13:15086|priority:1|startupRole:FOLLOWER]|listeners:[], old=null
2023-07-05 13:42:27,727 [76b6de06-79b2-4410-afad-6ed4eb2113a8@group-D713B65C45D2-LeaderElection16-1] INFO  server.GrpcServerProtocolClient (GrpcServerProtocolClient.java:<init>(65)) - Build channel for c67f853f-9851-48e5-9814-c89133fda60b
2023-07-05 13:42:27,732 [76b6de06-79b2-4410-afad-6ed4eb2113a8@group-D713B65C45D2-LeaderElection16] INFO  server.RaftServerConfigKeys (ConfUtils.java:logFallback(53)) - raft.server.rpc.first-election.timeout.min = 5s (fallback to raft.server.rpc.timeout.min)
2023-07-05 13:42:27,732 [76b6de06-79b2-4410-afad-6ed4eb2113a8@group-D713B65C45D2-LeaderElection16] INFO  server.RaftServerConfigKeys (ConfUtils.java:logFallback(53)) - raft.server.rpc.first-election.timeout.max = 5200ms (fallback to raft.server.rpc.timeout.max)
2023-07-05 13:42:27,734 [76b6de06-79b2-4410-afad-6ed4eb2113a8@group-D713B65C45D2-LeaderElection16-2] INFO  server.GrpcServerProtocolClient (GrpcServerProtocolClient.java:<init>(65)) - Build channel for 6d685894-e83d-4eff-a4f6-a21b002b35fd
2023-07-05 13:42:27,736 [grpc-default-executor-0] INFO  server.RaftServer$Division (RaftServerImpl.java:requestVote(1302)) - 76b6de06-79b2-4410-afad-6ed4eb2113a8@group-D713B65C45D2: receive requestVote(PRE_VOTE, c67f853f-9851-48e5-9814-c89133fda60b, group-D713B65C45D2, 0, (t:0, i:0))
2023-07-05 13:42:27,736 [grpc-default-executor-0] INFO  impl.VoteContext (VoteContext.java:log(49)) - 76b6de06-79b2-4410-afad-6ed4eb2113a8@group-D713B65C45D2-CANDIDATE: reject PRE_VOTE from c67f853f-9851-48e5-9814-c89133fda60b: our priority 1 > candidate's priority 0
2023-07-05 13:42:27,736 [grpc-default-executor-0] INFO  server.RaftServer$Division (RaftServerImpl.java:requestVote(1335)) - 76b6de06-79b2-4410-afad-6ed4eb2113a8@group-D713B65C45D2 replies to PRE_VOTE vote request: c67f853f-9851-48e5-9814-c89133fda60b<-76b6de06-79b2-4410-afad-6ed4eb2113a8#0:FAIL-t0. Peer's state: 76b6de06-79b2-4410-afad-6ed4eb2113a8@group-D713B65C45D2:t0, leader=null, voted=, raftlog=Memoized:76b6de06-79b2-4410-afad-6ed4eb2113a8@group-D713B65C45D2-SegmentedRaftLog:OPENED:c-1, conf=-1: peers:[c67f853f-9851-48e5-9814-c89133fda60b|rpc:10.1.0.13:15067|admin:10.1.0.13:15066|client:10.1.0.13:15065|dataStream:10.1.0.13:15068|priority:0|startupRole:FOLLOWER, 6d685894-e83d-4eff-a4f6-a21b002b35fd|rpc:10.1.0.13:15076|admin:10.1.0.13:15075|client:10.1.0.13:15074|dataStream:10.1.0.13:15077|priority:0|startupRole:FOLLOWER, 76b6de06-79b2-4410-afad-6ed4eb2113a8|rpc:10.1.0.13:15085|admin:10.1.0.13:15084|client:10.1.0.13:15083|dataStream:10.1.0.13:15086|priority:1|startupRole:FOLLOWER]|listeners:[], old=null
2023-07-05 13:42:27,743 [grpc-default-executor-1] INFO  server.RaftServer$Division (RaftServerImpl.java:requestVote(1302)) - 76b6de06-79b2-4410-afad-6ed4eb2113a8@group-D713B65C45D2: receive requestVote(PRE_VOTE, 6d685894-e83d-4eff-a4f6-a21b002b35fd, group-D713B65C45D2, 0, (t:0, i:0))
2023-07-05 13:42:27,744 [grpc-default-executor-1] INFO  impl.VoteContext (VoteContext.java:log(49)) - 76b6de06-79b2-4410-afad-6ed4eb2113a8@group-D713B65C45D2-CANDIDATE: reject PRE_VOTE from 6d685894-e83d-4eff-a4f6-a21b002b35fd: our priority 1 > candidate's priority 0
2023-07-05 13:42:27,744 [grpc-default-executor-1] INFO  server.RaftServer$Division (RaftServerImpl.java:requestVote(1335)) - 76b6de06-79b2-4410-afad-6ed4eb2113a8@group-D713B65C45D2 replies to PRE_VOTE vote request: 6d685894-e83d-4eff-a4f6-a21b002b35fd<-76b6de06-79b2-4410-afad-6ed4eb2113a8#0:FAIL-t0. Peer's state: 76b6de06-79b2-4410-afad-6ed4eb2113a8@group-D713B65C45D2:t0, leader=null, voted=, raftlog=Memoized:76b6de06-79b2-4410-afad-6ed4eb2113a8@group-D713B65C45D2-SegmentedRaftLog:OPENED:c-1, conf=-1: peers:[c67f853f-9851-48e5-9814-c89133fda60b|rpc:10.1.0.13:15067|admin:10.1.0.13:15066|client:10.1.0.13:15065|dataStream:10.1.0.13:15068|priority:0|startupRole:FOLLOWER, 6d685894-e83d-4eff-a4f6-a21b002b35fd|rpc:10.1.0.13:15076|admin:10.1.0.13:15075|client:10.1.0.13:15074|dataStream:10.1.0.13:15077|priority:0|startupRole:FOLLOWER, 76b6de06-79b2-4410-afad-6ed4eb2113a8|rpc:10.1.0.13:15085|admin:10.1.0.13:15084|client:10.1.0.13:15083|dataStream:10.1.0.13:15086|priority:1|startupRole:FOLLOWER]|listeners:[], old=null
2023-07-05 13:42:27,748 [6d685894-e83d-4eff-a4f6-a21b002b35fd@group-D713B65C45D2-LeaderElection14] INFO  impl.LeaderElection (LeaderElection.java:logAndReturn(90)) - 6d685894-e83d-4eff-a4f6-a21b002b35fd@group-D713B65C45D2-LeaderElection14: PRE_VOTE REJECTED received 2 response(s) and 0 exception(s):
2023-07-05 13:42:27,748 [6d685894-e83d-4eff-a4f6-a21b002b35fd@group-D713B65C45D2-LeaderElection14] INFO  impl.LeaderElection (LeaderElection.java:logAndReturn(94)) -   Response 0: 6d685894-e83d-4eff-a4f6-a21b002b35fd<-c67f853f-9851-48e5-9814-c89133fda60b#0:OK-t0
2023-07-05 13:42:27,748 [6d685894-e83d-4eff-a4f6-a21b002b35fd@group-D713B65C45D2-LeaderElection14] INFO  impl.LeaderElection (LeaderElection.java:logAndReturn(94)) -   Response 1: 6d685894-e83d-4eff-a4f6-a21b002b35fd<-76b6de06-79b2-4410-afad-6ed4eb2113a8#0:FAIL-t0
2023-07-05 13:42:27,748 [6d685894-e83d-4eff-a4f6-a21b002b35fd@group-D713B65C45D2-LeaderElection14] INFO  impl.LeaderElection (LeaderElection.java:askForVotes(323)) - 6d685894-e83d-4eff-a4f6-a21b002b35fd@group-D713B65C45D2-LeaderElection14 PRE_VOTE round 0: result REJECTED
2023-07-05 13:42:27,748 [6d685894-e83d-4eff-a4f6-a21b002b35fd@group-D713B65C45D2-LeaderElection14] INFO  server.RaftServer$Division (RaftServerImpl.java:setRole(329)) - 6d685894-e83d-4eff-a4f6-a21b002b35fd@group-D713B65C45D2: changes role from CANDIDATE to FOLLOWER at term 0 for REJECTED
2023-07-05 13:42:27,748 [6d685894-e83d-4eff-a4f6-a21b002b35fd@group-D713B65C45D2-LeaderElection14] INFO  impl.RoleInfo (RoleInfo.java:shutdownLeaderElection(130)) - 6d685894-e83d-4eff-a4f6-a21b002b35fd: shutdown 6d685894-e83d-4eff-a4f6-a21b002b35fd@group-D713B65C45D2-LeaderElection14
2023-07-05 13:42:27,749 [6d685894-e83d-4eff-a4f6-a21b002b35fd@group-D713B65C45D2-LeaderElection14] INFO  impl.RoleInfo (RoleInfo.java:updateAndGet(139)) - 6d685894-e83d-4eff-a4f6-a21b002b35fd: start 6d685894-e83d-4eff-a4f6-a21b002b35fd@group-D713B65C45D2-FollowerState
2023-07-05 13:42:27,757 [grpc-default-executor-1] INFO  server.RaftServer$Division (RaftServerImpl.java:requestVote(1302)) - 6d685894-e83d-4eff-a4f6-a21b002b35fd@group-D713B65C45D2: receive requestVote(PRE_VOTE, c67f853f-9851-48e5-9814-c89133fda60b, group-D713B65C45D2, 0, (t:0, i:0))
2023-07-05 13:42:27,757 [grpc-default-executor-1] INFO  impl.VoteContext (VoteContext.java:log(49)) - 6d685894-e83d-4eff-a4f6-a21b002b35fd@group-D713B65C45D2-FOLLOWER: accept PRE_VOTE from c67f853f-9851-48e5-9814-c89133fda60b: our priority 0 <= candidate's priority 0
2023-07-05 13:42:27,757 [grpc-default-executor-1] INFO  server.RaftServer$Division (RaftServerImpl.java:requestVote(1335)) - 6d685894-e83d-4eff-a4f6-a21b002b35fd@group-D713B65C45D2 replies to PRE_VOTE vote request: c67f853f-9851-48e5-9814-c89133fda60b<-6d685894-e83d-4eff-a4f6-a21b002b35fd#0:OK-t0. Peer's state: 6d685894-e83d-4eff-a4f6-a21b002b35fd@group-D713B65C45D2:t0, leader=null, voted=, raftlog=Memoized:6d685894-e83d-4eff-a4f6-a21b002b35fd@group-D713B65C45D2-SegmentedRaftLog:OPENED:c-1, conf=-1: peers:[c67f853f-9851-48e5-9814-c89133fda60b|rpc:10.1.0.13:15067|admin:10.1.0.13:15066|client:10.1.0.13:15065|dataStream:10.1.0.13:15068|priority:0|startupRole:FOLLOWER, 6d685894-e83d-4eff-a4f6-a21b002b35fd|rpc:10.1.0.13:15076|admin:10.1.0.13:15075|client:10.1.0.13:15074|dataStream:10.1.0.13:15077|priority:0|startupRole:FOLLOWER, 76b6de06-79b2-4410-afad-6ed4eb2113a8|rpc:10.1.0.13:15085|admin:10.1.0.13:15084|client:10.1.0.13:15083|dataStream:10.1.0.13:15086|priority:1|startupRole:FOLLOWER]|listeners:[], old=null
2023-07-05 13:42:27,758 [c67f853f-9851-48e5-9814-c89133fda60b@group-D713B65C45D2-LeaderElection13] INFO  impl.LeaderElection (LeaderElection.java:logAndReturn(90)) - c67f853f-9851-48e5-9814-c89133fda60b@group-D713B65C45D2-LeaderElection13: PRE_VOTE REJECTED received 1 response(s) and 0 exception(s):
2023-07-05 13:42:27,758 [c67f853f-9851-48e5-9814-c89133fda60b@group-D713B65C45D2-LeaderElection13] INFO  impl.LeaderElection (LeaderElection.java:logAndReturn(94)) -   Response 0: c67f853f-9851-48e5-9814-c89133fda60b<-76b6de06-79b2-4410-afad-6ed4eb2113a8#0:FAIL-t0
2023-07-05 13:42:27,758 [c67f853f-9851-48e5-9814-c89133fda60b@group-D713B65C45D2-LeaderElection13] INFO  impl.LeaderElection (LeaderElection.java:askForVotes(323)) - c67f853f-9851-48e5-9814-c89133fda60b@group-D713B65C45D2-LeaderElection13 PRE_VOTE round 0: result REJECTED
2023-07-05 13:42:27,758 [c67f853f-9851-48e5-9814-c89133fda60b@group-D713B65C45D2-LeaderElection13] INFO  server.RaftServer$Division (RaftServerImpl.java:setRole(329)) - c67f853f-9851-48e5-9814-c89133fda60b@group-D713B65C45D2: changes role from CANDIDATE to FOLLOWER at term 0 for REJECTED
2023-07-05 13:42:27,758 [c67f853f-9851-48e5-9814-c89133fda60b@group-D713B65C45D2-LeaderElection13] INFO  impl.RoleInfo (RoleInfo.java:shutdownLeaderElection(130)) - c67f853f-9851-48e5-9814-c89133fda60b: shutdown c67f853f-9851-48e5-9814-c89133fda60b@group-D713B65C45D2-LeaderElection13
2023-07-05 13:42:27,758 [c67f853f-9851-48e5-9814-c89133fda60b@group-D713B65C45D2-LeaderElection13] INFO  impl.RoleInfo (RoleInfo.java:updateAndGet(139)) - c67f853f-9851-48e5-9814-c89133fda60b: start c67f853f-9851-48e5-9814-c89133fda60b@group-D713B65C45D2-FollowerState
2023-07-05 13:42:27,764 [grpc-default-executor-2] INFO  server.RaftServer$Division (RaftServerImpl.java:requestVote(1302)) - c67f853f-9851-48e5-9814-c89133fda60b@group-D713B65C45D2: receive requestVote(PRE_VOTE, 76b6de06-79b2-4410-afad-6ed4eb2113a8, group-D713B65C45D2, 0, (t:0, i:0))
2023-07-05 13:42:27,764 [grpc-default-executor-1] INFO  server.RaftServer$Division (RaftServerImpl.java:requestVote(1302)) - 6d685894-e83d-4eff-a4f6-a21b002b35fd@group-D713B65C45D2: receive requestVote(PRE_VOTE, 76b6de06-79b2-4410-afad-6ed4eb2113a8, group-D713B65C45D2, 0, (t:0, i:0))
2023-07-05 13:42:27,764 [grpc-default-executor-2] INFO  impl.VoteContext (VoteContext.java:log(49)) - c67f853f-9851-48e5-9814-c89133fda60b@group-D713B65C45D2-FOLLOWER: accept PRE_VOTE from 76b6de06-79b2-4410-afad-6ed4eb2113a8: our priority 0 <= candidate's priority 1
2023-07-05 13:42:27,765 [grpc-default-executor-1] INFO  impl.VoteContext (VoteContext.java:log(49)) - 6d685894-e83d-4eff-a4f6-a21b002b35fd@group-D713B65C45D2-FOLLOWER: accept PRE_VOTE from 76b6de06-79b2-4410-afad-6ed4eb2113a8: our priority 0 <= candidate's priority 1
2023-07-05 13:42:27,765 [grpc-default-executor-1] INFO  server.RaftServer$Division (RaftServerImpl.java:requestVote(1335)) - 6d685894-e83d-4eff-a4f6-a21b002b35fd@group-D713B65C45D2 replies to PRE_VOTE vote request: 76b6de06-79b2-4410-afad-6ed4eb2113a8<-6d685894-e83d-4eff-a4f6-a21b002b35fd#0:OK-t0. Peer's state: 6d685894-e83d-4eff-a4f6-a21b002b35fd@group-D713B65C45D2:t0, leader=null, voted=, raftlog=Memoized:6d685894-e83d-4eff-a4f6-a21b002b35fd@group-D713B65C45D2-SegmentedRaftLog:OPENED:c-1, conf=-1: peers:[c67f853f-9851-48e5-9814-c89133fda60b|rpc:10.1.0.13:15067|admin:10.1.0.13:15066|client:10.1.0.13:15065|dataStream:10.1.0.13:15068|priority:0|startupRole:FOLLOWER, 6d685894-e83d-4eff-a4f6-a21b002b35fd|rpc:10.1.0.13:15076|admin:10.1.0.13:15075|client:10.1.0.13:15074|dataStream:10.1.0.13:15077|priority:0|startupRole:FOLLOWER, 76b6de06-79b2-4410-afad-6ed4eb2113a8|rpc:10.1.0.13:15085|admin:10.1.0.13:15084|client:10.1.0.13:15083|dataStream:10.1.0.13:15086|priority:1|startupRole:FOLLOWER]|listeners:[], old=null
2023-07-05 13:42:27,765 [grpc-default-executor-2] INFO  server.RaftServer$Division (RaftServerImpl.java:requestVote(1335)) - c67f853f-9851-48e5-9814-c89133fda60b@group-D713B65C45D2 replies to PRE_VOTE vote request: 76b6de06-79b2-4410-afad-6ed4eb2113a8<-c67f853f-9851-48e5-9814-c89133fda60b#0:OK-t0. Peer's state: c67f853f-9851-48e5-9814-c89133fda60b@group-D713B65C45D2:t0, leader=null, voted=, raftlog=Memoized:c67f853f-9851-48e5-9814-c89133fda60b@group-D713B65C45D2-SegmentedRaftLog:OPENED:c-1, conf=-1: peers:[c67f853f-9851-48e5-9814-c89133fda60b|rpc:10.1.0.13:15067|admin:10.1.0.13:15066|client:10.1.0.13:15065|dataStream:10.1.0.13:15068|priority:0|startupRole:FOLLOWER, 6d685894-e83d-4eff-a4f6-a21b002b35fd|rpc:10.1.0.13:15076|admin:10.1.0.13:15075|client:10.1.0.13:15074|dataStream:10.1.0.13:15077|priority:0|startupRole:FOLLOWER, 76b6de06-79b2-4410-afad-6ed4eb2113a8|rpc:10.1.0.13:15085|admin:10.1.0.13:15084|client:10.1.0.13:15083|dataStream:10.1.0.13:15086|priority:1|startupRole:FOLLOWER]|listeners:[], old=null
2023-07-05 13:42:27,769 [76b6de06-79b2-4410-afad-6ed4eb2113a8@group-D713B65C45D2-LeaderElection16] INFO  impl.LeaderElection (LeaderElection.java:logAndReturn(90)) - 76b6de06-79b2-4410-afad-6ed4eb2113a8@group-D713B65C45D2-LeaderElection16: PRE_VOTE PASSED received 1 response(s) and 0 exception(s):
2023-07-05 13:42:27,769 [76b6de06-79b2-4410-afad-6ed4eb2113a8@group-D713B65C45D2-LeaderElection16] INFO  impl.LeaderElection (LeaderElection.java:logAndReturn(94)) -   Response 0: 76b6de06-79b2-4410-afad-6ed4eb2113a8<-6d685894-e83d-4eff-a4f6-a21b002b35fd#0:OK-t0
2023-07-05 13:42:27,769 [76b6de06-79b2-4410-afad-6ed4eb2113a8@group-D713B65C45D2-LeaderElection16] INFO  impl.LeaderElection (LeaderElection.java:askForVotes(323)) - 76b6de06-79b2-4410-afad-6ed4eb2113a8@group-D713B65C45D2-LeaderElection16 PRE_VOTE round 0: result PASSED
2023-07-05 13:42:27,770 [76b6de06-79b2-4410-afad-6ed4eb2113a8@group-D713B65C45D2-LeaderElection16] INFO  impl.LeaderElection (LeaderElection.java:askForVotes(321)) - 76b6de06-79b2-4410-afad-6ed4eb2113a8@group-D713B65C45D2-LeaderElection16 ELECTION round 0: submit vote requests at term 1 for -1: peers:[c67f853f-9851-48e5-9814-c89133fda60b|rpc:10.1.0.13:15067|admin:10.1.0.13:15066|client:10.1.0.13:15065|dataStream:10.1.0.13:15068|priority:0|startupRole:FOLLOWER, 6d685894-e83d-4eff-a4f6-a21b002b35fd|rpc:10.1.0.13:15076|admin:10.1.0.13:15075|client:10.1.0.13:15074|dataStream:10.1.0.13:15077|priority:0|startupRole:FOLLOWER, 76b6de06-79b2-4410-afad-6ed4eb2113a8|rpc:10.1.0.13:15085|admin:10.1.0.13:15084|client:10.1.0.13:15083|dataStream:10.1.0.13:15086|priority:1|startupRole:FOLLOWER]|listeners:[], old=null
2023-07-05 13:42:27,774 [76b6de06-79b2-4410-afad-6ed4eb2113a8@group-D713B65C45D2-LeaderElection16] INFO  server.RaftServerConfigKeys (ConfUtils.java:logFallback(53)) - raft.server.rpc.first-election.timeout.min = 5s (fallback to raft.server.rpc.timeout.min)
2023-07-05 13:42:27,774 [76b6de06-79b2-4410-afad-6ed4eb2113a8@group-D713B65C45D2-LeaderElection16] INFO  server.RaftServerConfigKeys (ConfUtils.java:logFallback(53)) - raft.server.rpc.first-election.timeout.max = 5200ms (fallback to raft.server.rpc.timeout.max)
2023-07-05 13:42:27,775 [grpc-default-executor-2] INFO  server.RaftServer$Division (RaftServerImpl.java:requestVote(1302)) - c67f853f-9851-48e5-9814-c89133fda60b@group-D713B65C45D2: receive requestVote(ELECTION, 76b6de06-79b2-4410-afad-6ed4eb2113a8, group-D713B65C45D2, 1, (t:0, i:0))
2023-07-05 13:42:27,775 [grpc-default-executor-2] INFO  impl.VoteContext (VoteContext.java:log(49)) - c67f853f-9851-48e5-9814-c89133fda60b@group-D713B65C45D2-FOLLOWER: accept ELECTION from 76b6de06-79b2-4410-afad-6ed4eb2113a8: our priority 0 <= candidate's priority 1
2023-07-05 13:42:27,775 [grpc-default-executor-2] INFO  server.RaftServer$Division (RaftServerImpl.java:setRole(329)) - c67f853f-9851-48e5-9814-c89133fda60b@group-D713B65C45D2: changes role from  FOLLOWER to FOLLOWER at term 1 for candidate:76b6de06-79b2-4410-afad-6ed4eb2113a8
2023-07-05 13:42:27,776 [grpc-default-executor-2] INFO  impl.RoleInfo (RoleInfo.java:shutdownFollowerState(110)) - c67f853f-9851-48e5-9814-c89133fda60b: shutdown c67f853f-9851-48e5-9814-c89133fda60b@group-D713B65C45D2-FollowerState
2023-07-05 13:42:27,776 [grpc-default-executor-2] INFO  impl.RoleInfo (RoleInfo.java:updateAndGet(139)) - c67f853f-9851-48e5-9814-c89133fda60b: start c67f853f-9851-48e5-9814-c89133fda60b@group-D713B65C45D2-FollowerState
2023-07-05 13:42:27,776 [c67f853f-9851-48e5-9814-c89133fda60b@group-D713B65C45D2-FollowerState] INFO  impl.FollowerState (FollowerState.java:run(152)) - c67f853f-9851-48e5-9814-c89133fda60b@group-D713B65C45D2-FollowerState was interrupted
2023-07-05 13:42:27,779 [grpc-default-executor-2] INFO  server.RaftServer$Division (RaftServerImpl.java:requestVote(1335)) - c67f853f-9851-48e5-9814-c89133fda60b@group-D713B65C45D2 replies to ELECTION vote request: 76b6de06-79b2-4410-afad-6ed4eb2113a8<-c67f853f-9851-48e5-9814-c89133fda60b#0:OK-t1. Peer's state: c67f853f-9851-48e5-9814-c89133fda60b@group-D713B65C45D2:t1, leader=null, voted=76b6de06-79b2-4410-afad-6ed4eb2113a8, raftlog=Memoized:c67f853f-9851-48e5-9814-c89133fda60b@group-D713B65C45D2-SegmentedRaftLog:OPENED:c-1, conf=-1: peers:[c67f853f-9851-48e5-9814-c89133fda60b|rpc:10.1.0.13:15067|admin:10.1.0.13:15066|client:10.1.0.13:15065|dataStream:10.1.0.13:15068|priority:0|startupRole:FOLLOWER, 6d685894-e83d-4eff-a4f6-a21b002b35fd|rpc:10.1.0.13:15076|admin:10.1.0.13:15075|client:10.1.0.13:15074|dataStream:10.1.0.13:15077|priority:0|startupRole:FOLLOWER, 76b6de06-79b2-4410-afad-6ed4eb2113a8|rpc:10.1.0.13:15085|admin:10.1.0.13:15084|client:10.1.0.13:15083|dataStream:10.1.0.13:15086|priority:1|startupRole:FOLLOWER]|listeners:[], old=null
2023-07-05 13:42:27,781 [76b6de06-79b2-4410-afad-6ed4eb2113a8@group-D713B65C45D2-LeaderElection16] INFO  impl.LeaderElection (LeaderElection.java:logAndReturn(90)) - 76b6de06-79b2-4410-afad-6ed4eb2113a8@group-D713B65C45D2-LeaderElection16: ELECTION PASSED received 1 response(s) and 0 exception(s):
2023-07-05 13:42:27,781 [76b6de06-79b2-4410-afad-6ed4eb2113a8@group-D713B65C45D2-LeaderElection16] INFO  impl.LeaderElection (LeaderElection.java:logAndReturn(94)) -   Response 0: 76b6de06-79b2-4410-afad-6ed4eb2113a8<-c67f853f-9851-48e5-9814-c89133fda60b#0:OK-t1
2023-07-05 13:42:27,782 [76b6de06-79b2-4410-afad-6ed4eb2113a8@group-D713B65C45D2-LeaderElection16] INFO  impl.LeaderElection (LeaderElection.java:askForVotes(323)) - 76b6de06-79b2-4410-afad-6ed4eb2113a8@group-D713B65C45D2-LeaderElection16 ELECTION round 0: result PASSED
2023-07-05 13:42:27,782 [76b6de06-79b2-4410-afad-6ed4eb2113a8@group-D713B65C45D2-LeaderElection16] INFO  impl.RoleInfo (RoleInfo.java:shutdownLeaderElection(130)) - 76b6de06-79b2-4410-afad-6ed4eb2113a8: shutdown 76b6de06-79b2-4410-afad-6ed4eb2113a8@group-D713B65C45D2-LeaderElection16
2023-07-05 13:42:27,782 [76b6de06-79b2-4410-afad-6ed4eb2113a8@group-D713B65C45D2-LeaderElection16] INFO  server.RaftServer$Division (RaftServerImpl.java:setRole(329)) - 76b6de06-79b2-4410-afad-6ed4eb2113a8@group-D713B65C45D2: changes role from CANDIDATE to LEADER at term 1 for changeToLeader
2023-07-05 13:42:27,782 [76b6de06-79b2-4410-afad-6ed4eb2113a8@group-D713B65C45D2-LeaderElection16] INFO  ratis.XceiverServerRatis (XceiverServerRatis.java:handleLeaderChangedNotification(902)) - Leader change notification received for group: group-D713B65C45D2 with new leaderId: 76b6de06-79b2-4410-afad-6ed4eb2113a8
2023-07-05 13:42:27,782 [76b6de06-79b2-4410-afad-6ed4eb2113a8@group-D713B65C45D2-LeaderElection16] INFO  server.RaftServer$Division (ServerState.java:setLeader(317)) - 76b6de06-79b2-4410-afad-6ed4eb2113a8@group-D713B65C45D2: change Leader from null to 76b6de06-79b2-4410-afad-6ed4eb2113a8 at term 1 for becomeLeader, leader elected after 5146ms
2023-07-05 13:42:27,782 [76b6de06-79b2-4410-afad-6ed4eb2113a8@group-D713B65C45D2-LeaderElection16] INFO  server.RaftServerConfigKeys (ConfUtils.java:logGet(46)) - raft.server.staging.catchup.gap = 1000 (default)
2023-07-05 13:42:27,782 [76b6de06-79b2-4410-afad-6ed4eb2113a8@group-D713B65C45D2-LeaderElection16] INFO  server.RaftServerConfigKeys (ConfUtils.java:logGet(46)) - raft.server.write.element-limit = 1024 (custom)
2023-07-05 13:42:27,782 [76b6de06-79b2-4410-afad-6ed4eb2113a8@group-D713B65C45D2-LeaderElection16] INFO  server.RaftServerConfigKeys (ConfUtils.java:logGet(46)) - raft.server.write.byte-limit = 1024 M (=1073741824) (custom)
2023-07-05 13:42:27,782 [76b6de06-79b2-4410-afad-6ed4eb2113a8@group-D713B65C45D2-LeaderElection16] INFO  server.RaftServerConfigKeys (ConfUtils.java:logGet(46)) - raft.server.watch.timeout = 180s (custom)
2023-07-05 13:42:27,783 [76b6de06-79b2-4410-afad-6ed4eb2113a8@group-D713B65C45D2-LeaderElection16] INFO  server.RaftServerConfigKeys (ConfUtils.java:logGet(46)) - raft.server.watch.timeout.denomination = 1s (default)
2023-07-05 13:42:27,783 [76b6de06-79b2-4410-afad-6ed4eb2113a8@group-D713B65C45D2-LeaderElection16] INFO  server.RaftServerConfigKeys (ConfUtils.java:logGet(46)) - raft.server.watch.element-limit = 65536 (default)
2023-07-05 13:42:27,783 [76b6de06-79b2-4410-afad-6ed4eb2113a8@group-D713B65C45D2-LeaderElection16] INFO  server.RaftServerConfigKeys (ConfUtils.java:logGet(46)) - raft.server.write.element-limit = 1024 (custom)
2023-07-05 13:42:27,783 [76b6de06-79b2-4410-afad-6ed4eb2113a8@group-D713B65C45D2-LeaderElection16] INFO  server.RaftServerConfigKeys (ConfUtils.java:logGet(46)) - raft.server.write.follower.gap.ratio.max = -1.0 (default)
2023-07-05 13:42:27,783 [76b6de06-79b2-4410-afad-6ed4eb2113a8@group-D713B65C45D2-LeaderElection16] INFO  server.RaftServerConfigKeys (ConfUtils.java:logGet(46)) - raft.server.log.appender.snapshot.chunk.size.max = 16MB (=16777216) (default)
2023-07-05 13:42:27,783 [76b6de06-79b2-4410-afad-6ed4eb2113a8@group-D713B65C45D2-LeaderElection16] INFO  server.RaftServerConfigKeys (ConfUtils.java:logGet(46)) - raft.server.log.appender.buffer.byte-limit = 33554432 (custom)
2023-07-05 13:42:27,783 [76b6de06-79b2-4410-afad-6ed4eb2113a8@group-D713B65C45D2-LeaderElection16] INFO  server.RaftServerConfigKeys (ConfUtils.java:logGet(46)) - raft.server.log.appender.buffer.element-limit = 1 (custom)
2023-07-05 13:42:27,783 [76b6de06-79b2-4410-afad-6ed4eb2113a8@group-D713B65C45D2-LeaderElection16] INFO  server.RaftServerConfigKeys (ConfUtils.java:logGet(46)) - raft.server.log.appender.wait-time.min = 10ms (default)
2023-07-05 13:42:27,784 [76b6de06-79b2-4410-afad-6ed4eb2113a8@group-D713B65C45D2-LeaderElection16] INFO  grpc.GrpcConfigKeys (ConfUtils.java:logGet(46)) - raft.grpc.server.leader.outstanding.appends.max = 128 (default)
2023-07-05 13:42:27,784 [76b6de06-79b2-4410-afad-6ed4eb2113a8@group-D713B65C45D2-LeaderElection16] INFO  server.RaftServerConfigKeys (ConfUtils.java:logGet(46)) - raft.server.rpc.request.timeout = 60s (custom)
2023-07-05 13:42:27,784 [76b6de06-79b2-4410-afad-6ed4eb2113a8@group-D713B65C45D2-LeaderElection16] INFO  grpc.GrpcConfigKeys (ConfUtils.java:logGet(46)) - raft.grpc.server.install_snapshot.request.element-limit = 8 (default)
2023-07-05 13:42:27,784 [76b6de06-79b2-4410-afad-6ed4eb2113a8@group-D713B65C45D2-LeaderElection16] INFO  grpc.GrpcConfigKeys (ConfUtils.java:logGet(46)) - raft.grpc.server.install_snapshot.request.timeout = 3000ms (default)
2023-07-05 13:42:27,784 [76b6de06-79b2-4410-afad-6ed4eb2113a8@group-D713B65C45D2-LeaderElection16] INFO  server.RaftServerConfigKeys (ConfUtils.java:logGet(46)) - raft.server.log.appender.install.snapshot.enabled = false (custom)
2023-07-05 13:42:27,784 [76b6de06-79b2-4410-afad-6ed4eb2113a8@group-D713B65C45D2-LeaderElection16] INFO  grpc.GrpcConfigKeys (ConfUtils.java:logGet(46)) - raft.grpc.server.heartbeat.channel = true (default)
2023-07-05 13:42:27,784 [76b6de06-79b2-4410-afad-6ed4eb2113a8@group-D713B65C45D2-LeaderElection16] INFO  server.RaftServerConfigKeys (ConfUtils.java:logGet(46)) - raft.server.log.appender.snapshot.chunk.size.max = 16MB (=16777216) (default)
2023-07-05 13:42:27,785 [76b6de06-79b2-4410-afad-6ed4eb2113a8@group-D713B65C45D2-LeaderElection16] INFO  server.RaftServerConfigKeys (ConfUtils.java:logGet(46)) - raft.server.log.appender.buffer.byte-limit = 33554432 (custom)
2023-07-05 13:42:27,785 [76b6de06-79b2-4410-afad-6ed4eb2113a8@group-D713B65C45D2-LeaderElection16] INFO  server.RaftServerConfigKeys (ConfUtils.java:logGet(46)) - raft.server.log.appender.buffer.element-limit = 1 (custom)
2023-07-05 13:42:27,785 [76b6de06-79b2-4410-afad-6ed4eb2113a8@group-D713B65C45D2-LeaderElection16] INFO  server.RaftServerConfigKeys (ConfUtils.java:logGet(46)) - raft.server.log.appender.wait-time.min = 10ms (default)
2023-07-05 13:42:27,785 [76b6de06-79b2-4410-afad-6ed4eb2113a8@group-D713B65C45D2-LeaderElection16] INFO  grpc.GrpcConfigKeys (ConfUtils.java:logGet(46)) - raft.grpc.server.leader.outstanding.appends.max = 128 (default)
2023-07-05 13:42:27,785 [76b6de06-79b2-4410-afad-6ed4eb2113a8@group-D713B65C45D2-LeaderElection16] INFO  server.RaftServerConfigKeys (ConfUtils.java:logGet(46)) - raft.server.rpc.request.timeout = 60s (custom)
2023-07-05 13:42:27,785 [76b6de06-79b2-4410-afad-6ed4eb2113a8@group-D713B65C45D2-LeaderElection16] INFO  grpc.GrpcConfigKeys (ConfUtils.java:logGet(46)) - raft.grpc.server.install_snapshot.request.element-limit = 8 (default)
2023-07-05 13:42:27,785 [76b6de06-79b2-4410-afad-6ed4eb2113a8@group-D713B65C45D2-LeaderElection16] INFO  grpc.GrpcConfigKeys (ConfUtils.java:logGet(46)) - raft.grpc.server.install_snapshot.request.timeout = 3000ms (default)
2023-07-05 13:42:27,785 [76b6de06-79b2-4410-afad-6ed4eb2113a8@group-D713B65C45D2-LeaderElection16] INFO  server.RaftServerConfigKeys (ConfUtils.java:logGet(46)) - raft.server.log.appender.install.snapshot.enabled = false (custom)
2023-07-05 13:42:27,785 [76b6de06-79b2-4410-afad-6ed4eb2113a8@group-D713B65C45D2-LeaderElection16] INFO  grpc.GrpcConfigKeys (ConfUtils.java:logGet(46)) - raft.grpc.server.heartbeat.channel = true (default)
2023-07-05 13:42:27,785 [76b6de06-79b2-4410-afad-6ed4eb2113a8@group-D713B65C45D2-LeaderElection16] INFO  impl.RoleInfo (RoleInfo.java:updateAndGet(139)) - 76b6de06-79b2-4410-afad-6ed4eb2113a8: start 76b6de06-79b2-4410-afad-6ed4eb2113a8@group-D713B65C45D2-LeaderStateImpl
2023-07-05 13:42:27,785 [76b6de06-79b2-4410-afad-6ed4eb2113a8@group-D713B65C45D2-LeaderElection16] INFO  segmented.SegmentedRaftLogWorker (SegmentedRaftLogWorker.java:startLogSegment(447)) - 76b6de06-79b2-4410-afad-6ed4eb2113a8@group-D713B65C45D2-SegmentedRaftLogWorker: Starting segment from index:0
2023-07-05 13:42:27,788 [EventQueue-PipelineReportForPipelineReportHandler] INFO  pipeline.PipelineReportHandler (PipelineReportHandler.java:processPipelineReport(136)) - Opened pipeline PipelineID=77efb71e-c570-447e-8db9-d713b65c45d2
2023-07-05 13:42:27,788 [EventQueue-OpenPipelineForHealthyPipelineSafeModeRule] INFO  safemode.SCMSafeModeManager (HealthyPipelineSafeModeRule.java:process(137)) - SCM in safe mode. Healthy pipelines reported count is 0, required healthy pipeline reported count is 1
2023-07-05 13:42:27,788 [EventQueue-OpenPipelineForHealthyPipelineSafeModeRule] INFO  safemode.SCMSafeModeManager (HealthyPipelineSafeModeRule.java:process(137)) - SCM in safe mode. Healthy pipelines reported count is 1, required healthy pipeline reported count is 1
2023-07-05 13:42:27,788 [EventQueue-OpenPipelineForHealthyPipelineSafeModeRule] INFO  safemode.SCMSafeModeManager (SCMSafeModeManager.java:validateSafeModeExitRules(200)) - HealthyPipelineSafeModeRule rule is successfully validated
2023-07-05 13:42:27,788 [EventQueue-OpenPipelineForHealthyPipelineSafeModeRule] INFO  safemode.SCMSafeModeManager (SCMSafeModeManager.java:validateSafeModeExitRules(215)) - ScmSafeModeManager, all rules are successfully validated
2023-07-05 13:42:27,788 [EventQueue-OpenPipelineForHealthyPipelineSafeModeRule] INFO  safemode.SCMSafeModeManager (SCMSafeModeManager.java:exitSafeMode(244)) - SCM exiting safe mode.
2023-07-05 13:42:27,788 [EventQueue-OpenPipelineForHealthyPipelineSafeModeRule] INFO  ha.SCMContext (SCMContext.java:updateSafeModeStatus(228)) - Update SafeModeStatus from SafeModeStatus{safeModeStatus=true, preCheckPassed=true} to SafeModeStatus{safeModeStatus=false, preCheckPassed=true}.
2023-07-05 13:42:27,788 [EventQueue-OpenPipelineForHealthyPipelineSafeModeRule] INFO  pipeline.BackgroundPipelineCreator (BackgroundPipelineCreator.java:notifyStatusChanged(255)) - Service BackgroundPipelineCreator transitions to RUNNING.
2023-07-05 13:42:27,788 [EventQueue-OpenPipelineForHealthyPipelineSafeModeRule] INFO  BackgroundPipelineScrubber (BackgroundSCMService.java:notifyStatusChanged(82)) - Service BackgroundPipelineScrubber transitions to RUNNING.
2023-07-05 13:42:27,788 [EventQueue-OpenPipelineForHealthyPipelineSafeModeRule] INFO  ExpiredContainerReplicaOpScrubber (BackgroundSCMService.java:notifyStatusChanged(82)) - Service ExpiredContainerReplicaOpScrubber transitions to RUNNING.
2023-07-05 13:42:27,788 [EventQueue-OpenPipelineForHealthyPipelineSafeModeRule] INFO  replication.ReplicationManager (ReplicationManager.java:notifyStatusChanged(1366)) - Service ReplicationManager transitions to RUNNING.
2023-07-05 13:42:27,789 [EventQueue-OpenPipelineForHealthyPipelineSafeModeRule] WARN  balancer.ContainerBalancer (ContainerBalancer.java:shouldRun(134)) - Could not find persisted configuration for ContainerBalancer when checking if ContainerBalancer should run. ContainerBalancer should not run now.
2023-07-05 13:42:27,789 [76b6de06-79b2-4410-afad-6ed4eb2113a8@group-D713B65C45D2-SegmentedRaftLogWorker] INFO  segmented.SegmentedRaftLogWorker (SegmentedRaftLogWorker.java:execute(651)) - 76b6de06-79b2-4410-afad-6ed4eb2113a8@group-D713B65C45D2-SegmentedRaftLogWorker: created new log segment /home/runner/work/ozone/ozone/hadoop-ozone/integration-test/target/test-dir/MiniOzoneClusterImpl-a91d5bca-d5a1-41cf-9733-6b4d6b49c170/datanode-2/data/ratis/77efb71e-c570-447e-8db9-d713b65c45d2/current/log_inprogress_0
2023-07-05 13:42:27,800 [76b6de06-79b2-4410-afad-6ed4eb2113a8@group-D713B65C45D2-LeaderElection16] INFO  server.RaftServer$Division (ServerState.java:setRaftConf(434)) - 76b6de06-79b2-4410-afad-6ed4eb2113a8@group-D713B65C45D2: set configuration 0: peers:[c67f853f-9851-48e5-9814-c89133fda60b|rpc:10.1.0.13:15067|admin:10.1.0.13:15066|client:10.1.0.13:15065|dataStream:10.1.0.13:15068|priority:0|startupRole:FOLLOWER, 6d685894-e83d-4eff-a4f6-a21b002b35fd|rpc:10.1.0.13:15076|admin:10.1.0.13:15075|client:10.1.0.13:15074|dataStream:10.1.0.13:15077|priority:0|startupRole:FOLLOWER, 76b6de06-79b2-4410-afad-6ed4eb2113a8|rpc:10.1.0.13:15085|admin:10.1.0.13:15084|client:10.1.0.13:15083|dataStream:10.1.0.13:15086|priority:1|startupRole:FOLLOWER]|listeners:[], old=null
2023-07-05 13:42:27,800 [grpc-default-executor-2] INFO  server.RaftServer$Division (RaftServerImpl.java:requestVote(1302)) - 6d685894-e83d-4eff-a4f6-a21b002b35fd@group-D713B65C45D2: receive requestVote(ELECTION, 76b6de06-79b2-4410-afad-6ed4eb2113a8, group-D713B65C45D2, 1, (t:0, i:0))
2023-07-05 13:42:27,801 [grpc-default-executor-2] INFO  impl.VoteContext (VoteContext.java:log(49)) - 6d685894-e83d-4eff-a4f6-a21b002b35fd@group-D713B65C45D2-FOLLOWER: accept ELECTION from 76b6de06-79b2-4410-afad-6ed4eb2113a8: our priority 0 <= candidate's priority 1
2023-07-05 13:42:27,801 [grpc-default-executor-2] INFO  server.RaftServer$Division (RaftServerImpl.java:setRole(329)) - 6d685894-e83d-4eff-a4f6-a21b002b35fd@group-D713B65C45D2: changes role from  FOLLOWER to FOLLOWER at term 1 for candidate:76b6de06-79b2-4410-afad-6ed4eb2113a8
2023-07-05 13:42:27,801 [grpc-default-executor-2] INFO  impl.RoleInfo (RoleInfo.java:shutdownFollowerState(110)) - 6d685894-e83d-4eff-a4f6-a21b002b35fd: shutdown 6d685894-e83d-4eff-a4f6-a21b002b35fd@group-D713B65C45D2-FollowerState
2023-07-05 13:42:27,801 [grpc-default-executor-2] INFO  impl.RoleInfo (RoleInfo.java:updateAndGet(139)) - 6d685894-e83d-4eff-a4f6-a21b002b35fd: start 6d685894-e83d-4eff-a4f6-a21b002b35fd@group-D713B65C45D2-FollowerState
2023-07-05 13:42:27,801 [6d685894-e83d-4eff-a4f6-a21b002b35fd@group-D713B65C45D2-FollowerState] INFO  impl.FollowerState (FollowerState.java:run(152)) - 6d685894-e83d-4eff-a4f6-a21b002b35fd@group-D713B65C45D2-FollowerState was interrupted
2023-07-05 13:42:27,804 [grpc-default-executor-2] INFO  server.RaftServer$Division (RaftServerImpl.java:requestVote(1335)) - 6d685894-e83d-4eff-a4f6-a21b002b35fd@group-D713B65C45D2 replies to ELECTION vote request: 76b6de06-79b2-4410-afad-6ed4eb2113a8<-6d685894-e83d-4eff-a4f6-a21b002b35fd#0:OK-t1. Peer's state: 6d685894-e83d-4eff-a4f6-a21b002b35fd@group-D713B65C45D2:t1, leader=null, voted=76b6de06-79b2-4410-afad-6ed4eb2113a8, raftlog=Memoized:6d685894-e83d-4eff-a4f6-a21b002b35fd@group-D713B65C45D2-SegmentedRaftLog:OPENED:c-1, conf=-1: peers:[c67f853f-9851-48e5-9814-c89133fda60b|rpc:10.1.0.13:15067|admin:10.1.0.13:15066|client:10.1.0.13:15065|dataStream:10.1.0.13:15068|priority:0|startupRole:FOLLOWER, 6d685894-e83d-4eff-a4f6-a21b002b35fd|rpc:10.1.0.13:15076|admin:10.1.0.13:15075|client:10.1.0.13:15074|dataStream:10.1.0.13:15077|priority:0|startupRole:FOLLOWER, 76b6de06-79b2-4410-afad-6ed4eb2113a8|rpc:10.1.0.13:15085|admin:10.1.0.13:15084|client:10.1.0.13:15083|dataStream:10.1.0.13:15086|priority:1|startupRole:FOLLOWER]|listeners:[], old=null
2023-07-05 13:42:27,815 [6d685894-e83d-4eff-a4f6-a21b002b35fd-server-thread1] INFO  ratis.XceiverServerRatis (XceiverServerRatis.java:handleLeaderChangedNotification(902)) - Leader change notification received for group: group-D713B65C45D2 with new leaderId: 76b6de06-79b2-4410-afad-6ed4eb2113a8
2023-07-05 13:42:27,816 [6d685894-e83d-4eff-a4f6-a21b002b35fd-server-thread1] INFO  server.RaftServer$Division (ServerState.java:setLeader(317)) - 6d685894-e83d-4eff-a4f6-a21b002b35fd@group-D713B65C45D2: change Leader from null to 76b6de06-79b2-4410-afad-6ed4eb2113a8 at term 1 for appendEntries, leader elected after 5242ms
2023-07-05 13:42:27,816 [c67f853f-9851-48e5-9814-c89133fda60b@group-CF48E0ED285B-FollowerState] INFO  impl.FollowerState (FollowerState.java:run(143)) - c67f853f-9851-48e5-9814-c89133fda60b@group-CF48E0ED285B-FollowerState: change to CANDIDATE, lastRpcElapsedTime:5137569222ns, electionTimeout:5133ms
2023-07-05 13:42:27,817 [c67f853f-9851-48e5-9814-c89133fda60b@group-CF48E0ED285B-FollowerState] INFO  impl.RoleInfo (RoleInfo.java:shutdownFollowerState(110)) - c67f853f-9851-48e5-9814-c89133fda60b: shutdown c67f853f-9851-48e5-9814-c89133fda60b@group-CF48E0ED285B-FollowerState
2023-07-05 13:42:27,817 [c67f853f-9851-48e5-9814-c89133fda60b@group-CF48E0ED285B-FollowerState] INFO  server.RaftServer$Division (RaftServerImpl.java:setRole(329)) - c67f853f-9851-48e5-9814-c89133fda60b@group-CF48E0ED285B: changes role from  FOLLOWER to CANDIDATE at term 0 for changeToCandidate
2023-07-05 13:42:27,818 [c67f853f-9851-48e5-9814-c89133fda60b-server-thread1] INFO  ratis.XceiverServerRatis (XceiverServerRatis.java:handleLeaderChangedNotification(902)) - Leader change notification received for group: group-D713B65C45D2 with new leaderId: 76b6de06-79b2-4410-afad-6ed4eb2113a8
2023-07-05 13:42:27,818 [c67f853f-9851-48e5-9814-c89133fda60b-server-thread1] INFO  server.RaftServer$Division (ServerState.java:setLeader(317)) - c67f853f-9851-48e5-9814-c89133fda60b@group-D713B65C45D2: change Leader from null to 76b6de06-79b2-4410-afad-6ed4eb2113a8 at term 1 for appendEntries, leader elected after 5289ms
2023-07-05 13:42:27,822 [c67f853f-9851-48e5-9814-c89133fda60b@group-CF48E0ED285B-FollowerState] INFO  server.RaftServerConfigKeys (ConfUtils.java:logGet(46)) - raft.server.leaderelection.pre-vote = true (default)
2023-07-05 13:42:27,822 [c67f853f-9851-48e5-9814-c89133fda60b@group-CF48E0ED285B-FollowerState] INFO  impl.RoleInfo (RoleInfo.java:updateAndGet(139)) - c67f853f-9851-48e5-9814-c89133fda60b: start c67f853f-9851-48e5-9814-c89133fda60b@group-CF48E0ED285B-LeaderElection17
2023-07-05 13:42:27,822 [6d685894-e83d-4eff-a4f6-a21b002b35fd-server-thread1] INFO  server.RaftServer$Division (ServerState.java:setRaftConf(434)) - 6d685894-e83d-4eff-a4f6-a21b002b35fd@group-D713B65C45D2: set configuration 0: peers:[c67f853f-9851-48e5-9814-c89133fda60b|rpc:10.1.0.13:15067|admin:10.1.0.13:15066|client:10.1.0.13:15065|dataStream:10.1.0.13:15068|priority:0|startupRole:FOLLOWER, 6d685894-e83d-4eff-a4f6-a21b002b35fd|rpc:10.1.0.13:15076|admin:10.1.0.13:15075|client:10.1.0.13:15074|dataStream:10.1.0.13:15077|priority:0|startupRole:FOLLOWER, 76b6de06-79b2-4410-afad-6ed4eb2113a8|rpc:10.1.0.13:15085|admin:10.1.0.13:15084|client:10.1.0.13:15083|dataStream:10.1.0.13:15086|priority:1|startupRole:FOLLOWER]|listeners:[], old=null
2023-07-05 13:42:27,822 [c67f853f-9851-48e5-9814-c89133fda60b-server-thread1] INFO  server.RaftServer$Division (ServerState.java:setRaftConf(434)) - c67f853f-9851-48e5-9814-c89133fda60b@group-D713B65C45D2: set configuration 0: peers:[c67f853f-9851-48e5-9814-c89133fda60b|rpc:10.1.0.13:15067|admin:10.1.0.13:15066|client:10.1.0.13:15065|dataStream:10.1.0.13:15068|priority:0|startupRole:FOLLOWER, 6d685894-e83d-4eff-a4f6-a21b002b35fd|rpc:10.1.0.13:15076|admin:10.1.0.13:15075|client:10.1.0.13:15074|dataStream:10.1.0.13:15077|priority:0|startupRole:FOLLOWER, 76b6de06-79b2-4410-afad-6ed4eb2113a8|rpc:10.1.0.13:15085|admin:10.1.0.13:15084|client:10.1.0.13:15083|dataStream:10.1.0.13:15086|priority:1|startupRole:FOLLOWER]|listeners:[], old=null
2023-07-05 13:42:27,822 [6d685894-e83d-4eff-a4f6-a21b002b35fd-server-thread1] INFO  segmented.SegmentedRaftLogWorker (SegmentedRaftLogWorker.java:startLogSegment(447)) - 6d685894-e83d-4eff-a4f6-a21b002b35fd@group-D713B65C45D2-SegmentedRaftLogWorker: Starting segment from index:0
2023-07-05 13:42:27,822 [c67f853f-9851-48e5-9814-c89133fda60b-server-thread1] INFO  segmented.SegmentedRaftLogWorker (SegmentedRaftLogWorker.java:startLogSegment(447)) - c67f853f-9851-48e5-9814-c89133fda60b@group-D713B65C45D2-SegmentedRaftLogWorker: Starting segment from index:0
2023-07-05 13:42:27,828 [c67f853f-9851-48e5-9814-c89133fda60b@group-D713B65C45D2-SegmentedRaftLogWorker] INFO  segmented.SegmentedRaftLogWorker (SegmentedRaftLogWorker.java:execute(651)) - c67f853f-9851-48e5-9814-c89133fda60b@group-D713B65C45D2-SegmentedRaftLogWorker: created new log segment /home/runner/work/ozone/ozone/hadoop-ozone/integration-test/target/test-dir/MiniOzoneClusterImpl-a91d5bca-d5a1-41cf-9733-6b4d6b49c170/datanode-0/data/ratis/77efb71e-c570-447e-8db9-d713b65c45d2/current/log_inprogress_0
2023-07-05 13:42:27,829 [6d685894-e83d-4eff-a4f6-a21b002b35fd@group-D713B65C45D2-SegmentedRaftLogWorker] INFO  segmented.SegmentedRaftLogWorker (SegmentedRaftLogWorker.java:execute(651)) - 6d685894-e83d-4eff-a4f6-a21b002b35fd@group-D713B65C45D2-SegmentedRaftLogWorker: created new log segment /home/runner/work/ozone/ozone/hadoop-ozone/integration-test/target/test-dir/MiniOzoneClusterImpl-a91d5bca-d5a1-41cf-9733-6b4d6b49c170/datanode-1/data/ratis/77efb71e-c570-447e-8db9-d713b65c45d2/current/log_inprogress_0
2023-07-05 13:42:27,838 [c67f853f-9851-48e5-9814-c89133fda60b@group-CF48E0ED285B-LeaderElection17] INFO  impl.LeaderElection (LeaderElection.java:askForVotes(321)) - c67f853f-9851-48e5-9814-c89133fda60b@group-CF48E0ED285B-LeaderElection17 PRE_VOTE round 0: submit vote requests at term 0 for -1: peers:[c67f853f-9851-48e5-9814-c89133fda60b|rpc:10.1.0.13:15067|admin:10.1.0.13:15066|client:10.1.0.13:15065|dataStream:10.1.0.13:15068|priority:0|startupRole:FOLLOWER, 6d685894-e83d-4eff-a4f6-a21b002b35fd|rpc:10.1.0.13:15076|admin:10.1.0.13:15075|client:10.1.0.13:15074|dataStream:10.1.0.13:15077|priority:1|startupRole:FOLLOWER, 76b6de06-79b2-4410-afad-6ed4eb2113a8|rpc:10.1.0.13:15085|admin:10.1.0.13:15084|client:10.1.0.13:15083|dataStream:10.1.0.13:15086|priority:0|startupRole:FOLLOWER]|listeners:[], old=null
2023-07-05 13:42:27,846 [76b6de06-79b2-4410-afad-6ed4eb2113a8@group-CF48E0ED285B-FollowerState] INFO  impl.FollowerState (FollowerState.java:run(143)) - 76b6de06-79b2-4410-afad-6ed4eb2113a8@group-CF48E0ED285B-FollowerState: change to CANDIDATE, lastRpcElapsedTime:5086946449ns, electionTimeout:5083ms
2023-07-05 13:42:27,846 [76b6de06-79b2-4410-afad-6ed4eb2113a8@group-CF48E0ED285B-FollowerState] INFO  impl.RoleInfo (RoleInfo.java:shutdownFollowerState(110)) - 76b6de06-79b2-4410-afad-6ed4eb2113a8: shutdown 76b6de06-79b2-4410-afad-6ed4eb2113a8@group-CF48E0ED285B-FollowerState
2023-07-05 13:42:27,846 [76b6de06-79b2-4410-afad-6ed4eb2113a8@group-CF48E0ED285B-FollowerState] INFO  server.RaftServer$Division (RaftServerImpl.java:setRole(329)) - 76b6de06-79b2-4410-afad-6ed4eb2113a8@group-CF48E0ED285B: changes role from  FOLLOWER to CANDIDATE at term 0 for changeToCandidate
2023-07-05 13:42:27,848 [76b6de06-79b2-4410-afad-6ed4eb2113a8@group-CF48E0ED285B-FollowerState] INFO  server.RaftServerConfigKeys (ConfUtils.java:logGet(46)) - raft.server.leaderelection.pre-vote = true (default)
2023-07-05 13:42:27,848 [76b6de06-79b2-4410-afad-6ed4eb2113a8@group-CF48E0ED285B-FollowerState] INFO  impl.RoleInfo (RoleInfo.java:updateAndGet(139)) - 76b6de06-79b2-4410-afad-6ed4eb2113a8: start 76b6de06-79b2-4410-afad-6ed4eb2113a8@group-CF48E0ED285B-LeaderElection18
2023-07-05 13:42:27,853 [c67f853f-9851-48e5-9814-c89133fda60b@group-CF48E0ED285B-LeaderElection17] INFO  server.RaftServerConfigKeys (ConfUtils.java:logFallback(53)) - raft.server.rpc.first-election.timeout.min = 5s (fallback to raft.server.rpc.timeout.min)
2023-07-05 13:42:27,853 [c67f853f-9851-48e5-9814-c89133fda60b@group-CF48E0ED285B-LeaderElection17] INFO  server.RaftServerConfigKeys (ConfUtils.java:logFallback(53)) - raft.server.rpc.first-election.timeout.max = 5200ms (fallback to raft.server.rpc.timeout.max)
2023-07-05 13:42:27,855 [76b6de06-79b2-4410-afad-6ed4eb2113a8@group-CF48E0ED285B-LeaderElection18] INFO  impl.LeaderElection (LeaderElection.java:askForVotes(321)) - 76b6de06-79b2-4410-afad-6ed4eb2113a8@group-CF48E0ED285B-LeaderElection18 PRE_VOTE round 0: submit vote requests at term 0 for -1: peers:[c67f853f-9851-48e5-9814-c89133fda60b|rpc:10.1.0.13:15067|admin:10.1.0.13:15066|client:10.1.0.13:15065|dataStream:10.1.0.13:15068|priority:0|startupRole:FOLLOWER, 6d685894-e83d-4eff-a4f6-a21b002b35fd|rpc:10.1.0.13:15076|admin:10.1.0.13:15075|client:10.1.0.13:15074|dataStream:10.1.0.13:15077|priority:1|startupRole:FOLLOWER, 76b6de06-79b2-4410-afad-6ed4eb2113a8|rpc:10.1.0.13:15085|admin:10.1.0.13:15084|client:10.1.0.13:15083|dataStream:10.1.0.13:15086|priority:0|startupRole:FOLLOWER]|listeners:[], old=null
2023-07-05 13:42:27,857 [76b6de06-79b2-4410-afad-6ed4eb2113a8@group-CF48E0ED285B-LeaderElection18] INFO  server.RaftServerConfigKeys (ConfUtils.java:logFallback(53)) - raft.server.rpc.first-election.timeout.min = 5s (fallback to raft.server.rpc.timeout.min)
2023-07-05 13:42:27,857 [76b6de06-79b2-4410-afad-6ed4eb2113a8@group-CF48E0ED285B-LeaderElection18] INFO  server.RaftServerConfigKeys (ConfUtils.java:logFallback(53)) - raft.server.rpc.first-election.timeout.max = 5200ms (fallback to raft.server.rpc.timeout.max)
2023-07-05 13:42:27,859 [grpc-default-executor-3] INFO  server.RaftServer$Division (RaftServerImpl.java:requestVote(1302)) - 6d685894-e83d-4eff-a4f6-a21b002b35fd@group-CF48E0ED285B: receive requestVote(PRE_VOTE, c67f853f-9851-48e5-9814-c89133fda60b, group-CF48E0ED285B, 0, (t:0, i:0))
2023-07-05 13:42:27,859 [grpc-default-executor-3] INFO  impl.VoteContext (VoteContext.java:log(49)) - 6d685894-e83d-4eff-a4f6-a21b002b35fd@group-CF48E0ED285B-FOLLOWER: reject PRE_VOTE from c67f853f-9851-48e5-9814-c89133fda60b: our priority 1 > candidate's priority 0
2023-07-05 13:42:27,859 [grpc-default-executor-3] INFO  server.RaftServer$Division (RaftServerImpl.java:requestVote(1335)) - 6d685894-e83d-4eff-a4f6-a21b002b35fd@group-CF48E0ED285B replies to PRE_VOTE vote request: c67f853f-9851-48e5-9814-c89133fda60b<-6d685894-e83d-4eff-a4f6-a21b002b35fd#0:FAIL-t0. Peer's state: 6d685894-e83d-4eff-a4f6-a21b002b35fd@group-CF48E0ED285B:t0, leader=null, voted=, raftlog=Memoized:6d685894-e83d-4eff-a4f6-a21b002b35fd@group-CF48E0ED285B-SegmentedRaftLog:OPENED:c-1, conf=-1: peers:[c67f853f-9851-48e5-9814-c89133fda60b|rpc:10.1.0.13:15067|admin:10.1.0.13:15066|client:10.1.0.13:15065|dataStream:10.1.0.13:15068|priority:0|startupRole:FOLLOWER, 6d685894-e83d-4eff-a4f6-a21b002b35fd|rpc:10.1.0.13:15076|admin:10.1.0.13:15075|client:10.1.0.13:15074|dataStream:10.1.0.13:15077|priority:1|startupRole:FOLLOWER, 76b6de06-79b2-4410-afad-6ed4eb2113a8|rpc:10.1.0.13:15085|admin:10.1.0.13:15084|client:10.1.0.13:15083|dataStream:10.1.0.13:15086|priority:0|startupRole:FOLLOWER]|listeners:[], old=null
2023-07-05 13:42:27,860 [grpc-default-executor-6] INFO  server.RaftServer$Division (RaftServerImpl.java:requestVote(1302)) - c67f853f-9851-48e5-9814-c89133fda60b@group-CF48E0ED285B: receive requestVote(PRE_VOTE, 76b6de06-79b2-4410-afad-6ed4eb2113a8, group-CF48E0ED285B, 0, (t:0, i:0))
2023-07-05 13:42:27,860 [grpc-default-executor-6] INFO  impl.VoteContext (VoteContext.java:log(49)) - c67f853f-9851-48e5-9814-c89133fda60b@group-CF48E0ED285B-CANDIDATE: accept PRE_VOTE from 76b6de06-79b2-4410-afad-6ed4eb2113a8: our priority 0 <= candidate's priority 0
2023-07-05 13:42:27,860 [grpc-default-executor-6] INFO  server.RaftServer$Division (RaftServerImpl.java:requestVote(1335)) - c67f853f-9851-48e5-9814-c89133fda60b@group-CF48E0ED285B replies to PRE_VOTE vote request: 76b6de06-79b2-4410-afad-6ed4eb2113a8<-c67f853f-9851-48e5-9814-c89133fda60b#0:OK-t0. Peer's state: c67f853f-9851-48e5-9814-c89133fda60b@group-CF48E0ED285B:t0, leader=null, voted=, raftlog=Memoized:c67f853f-9851-48e5-9814-c89133fda60b@group-CF48E0ED285B-SegmentedRaftLog:OPENED:c-1, conf=-1: peers:[c67f853f-9851-48e5-9814-c89133fda60b|rpc:10.1.0.13:15067|admin:10.1.0.13:15066|client:10.1.0.13:15065|dataStream:10.1.0.13:15068|priority:0|startupRole:FOLLOWER, 6d685894-e83d-4eff-a4f6-a21b002b35fd|rpc:10.1.0.13:15076|admin:10.1.0.13:15075|client:10.1.0.13:15074|dataStream:10.1.0.13:15077|priority:1|startupRole:FOLLOWER, 76b6de06-79b2-4410-afad-6ed4eb2113a8|rpc:10.1.0.13:15085|admin:10.1.0.13:15084|client:10.1.0.13:15083|dataStream:10.1.0.13:15086|priority:0|startupRole:FOLLOWER]|listeners:[], old=null
2023-07-05 13:42:27,861 [Time-limited test] INFO  ozone.MiniOzoneClusterImpl (MiniOzoneClusterImpl.java:lambda$waitForClusterToBeReady$0(224)) - Nodes are ready. Got 5 of 5 DN Heartbeats.
2023-07-05 13:42:27,861 [Time-limited test] INFO  ozone.MiniOzoneClusterImpl (MiniOzoneClusterImpl.java:lambda$waitForClusterToBeReady$0(227)) - Cluster exits safe mode
2023-07-05 13:42:27,861 [Time-limited test] INFO  ozone.MiniOzoneClusterImpl (MiniOzoneClusterImpl.java:lambda$waitForClusterToBeReady$0(229)) - SCM became leader
2023-07-05 13:42:27,869 [c67f853f-9851-48e5-9814-c89133fda60b@group-CF48E0ED285B-LeaderElection17] INFO  impl.LeaderElection (LeaderElection.java:logAndReturn(90)) - c67f853f-9851-48e5-9814-c89133fda60b@group-CF48E0ED285B-LeaderElection17: PRE_VOTE REJECTED received 1 response(s) and 0 exception(s):
2023-07-05 13:42:27,870 [c67f853f-9851-48e5-9814-c89133fda60b@group-CF48E0ED285B-LeaderElection17] INFO  impl.LeaderElection (LeaderElection.java:logAndReturn(94)) -   Response 0: c67f853f-9851-48e5-9814-c89133fda60b<-6d685894-e83d-4eff-a4f6-a21b002b35fd#0:FAIL-t0
2023-07-05 13:42:27,870 [c67f853f-9851-48e5-9814-c89133fda60b@group-CF48E0ED285B-LeaderElection17] INFO  impl.LeaderElection (LeaderElection.java:askForVotes(323)) - c67f853f-9851-48e5-9814-c89133fda60b@group-CF48E0ED285B-LeaderElection17 PRE_VOTE round 0: result REJECTED
2023-07-05 13:42:27,870 [c67f853f-9851-48e5-9814-c89133fda60b@group-CF48E0ED285B-LeaderElection17] INFO  server.RaftServer$Division (RaftServerImpl.java:setRole(329)) - c67f853f-9851-48e5-9814-c89133fda60b@group-CF48E0ED285B: changes role from CANDIDATE to FOLLOWER at term 0 for REJECTED
2023-07-05 13:42:27,870 [c67f853f-9851-48e5-9814-c89133fda60b@group-CF48E0ED285B-LeaderElection17] INFO  impl.RoleInfo (RoleInfo.java:shutdownLeaderElection(130)) - c67f853f-9851-48e5-9814-c89133fda60b: shutdown c67f853f-9851-48e5-9814-c89133fda60b@group-CF48E0ED285B-LeaderElection17
2023-07-05 13:42:27,870 [c67f853f-9851-48e5-9814-c89133fda60b@group-CF48E0ED285B-LeaderElection17] INFO  impl.RoleInfo (RoleInfo.java:updateAndGet(139)) - c67f853f-9851-48e5-9814-c89133fda60b: start c67f853f-9851-48e5-9814-c89133fda60b@group-CF48E0ED285B-FollowerState
2023-07-05 13:42:27,879 [grpc-default-executor-6] INFO  server.RaftServer$Division (RaftServerImpl.java:requestVote(1302)) - 76b6de06-79b2-4410-afad-6ed4eb2113a8@group-CF48E0ED285B: receive requestVote(PRE_VOTE, c67f853f-9851-48e5-9814-c89133fda60b, group-CF48E0ED285B, 0, (t:0, i:0))
2023-07-05 13:42:27,879 [grpc-default-executor-6] INFO  impl.VoteContext (VoteContext.java:log(49)) - 76b6de06-79b2-4410-afad-6ed4eb2113a8@group-CF48E0ED285B-CANDIDATE: accept PRE_VOTE from c67f853f-9851-48e5-9814-c89133fda60b: our priority 0 <= candidate's priority 0
2023-07-05 13:42:27,879 [grpc-default-executor-6] INFO  server.RaftServer$Division (RaftServerImpl.java:requestVote(1335)) - 76b6de06-79b2-4410-afad-6ed4eb2113a8@group-CF48E0ED285B replies to PRE_VOTE vote request: c67f853f-9851-48e5-9814-c89133fda60b<-76b6de06-79b2-4410-afad-6ed4eb2113a8#0:OK-t0. Peer's state: 76b6de06-79b2-4410-afad-6ed4eb2113a8@group-CF48E0ED285B:t0, leader=null, voted=, raftlog=Memoized:76b6de06-79b2-4410-afad-6ed4eb2113a8@group-CF48E0ED285B-SegmentedRaftLog:OPENED:c-1, conf=-1: peers:[c67f853f-9851-48e5-9814-c89133fda60b|rpc:10.1.0.13:15067|admin:10.1.0.13:15066|client:10.1.0.13:15065|dataStream:10.1.0.13:15068|priority:0|startupRole:FOLLOWER, 6d685894-e83d-4eff-a4f6-a21b002b35fd|rpc:10.1.0.13:15076|admin:10.1.0.13:15075|client:10.1.0.13:15074|dataStream:10.1.0.13:15077|priority:1|startupRole:FOLLOWER, 76b6de06-79b2-4410-afad-6ed4eb2113a8|rpc:10.1.0.13:15085|admin:10.1.0.13:15084|client:10.1.0.13:15083|dataStream:10.1.0.13:15086|priority:0|startupRole:FOLLOWER]|listeners:[], old=null
2023-07-05 13:42:27,884 [grpc-default-executor-4] INFO  server.RaftServer$Division (RaftServerImpl.java:requestVote(1302)) - 6d685894-e83d-4eff-a4f6-a21b002b35fd@group-CF48E0ED285B: receive requestVote(PRE_VOTE, 76b6de06-79b2-4410-afad-6ed4eb2113a8, group-CF48E0ED285B, 0, (t:0, i:0))
2023-07-05 13:42:27,887 [grpc-default-executor-4] INFO  impl.VoteContext (VoteContext.java:log(49)) - 6d685894-e83d-4eff-a4f6-a21b002b35fd@group-CF48E0ED285B-FOLLOWER: reject PRE_VOTE from 76b6de06-79b2-4410-afad-6ed4eb2113a8: our priority 1 > candidate's priority 0
2023-07-05 13:42:27,887 [grpc-default-executor-4] INFO  server.RaftServer$Division (RaftServerImpl.java:requestVote(1335)) - 6d685894-e83d-4eff-a4f6-a21b002b35fd@group-CF48E0ED285B replies to PRE_VOTE vote request: 76b6de06-79b2-4410-afad-6ed4eb2113a8<-6d685894-e83d-4eff-a4f6-a21b002b35fd#0:FAIL-t0. Peer's state: 6d685894-e83d-4eff-a4f6-a21b002b35fd@group-CF48E0ED285B:t0, leader=null, voted=, raftlog=Memoized:6d685894-e83d-4eff-a4f6-a21b002b35fd@group-CF48E0ED285B-SegmentedRaftLog:OPENED:c-1, conf=-1: peers:[c67f853f-9851-48e5-9814-c89133fda60b|rpc:10.1.0.13:15067|admin:10.1.0.13:15066|client:10.1.0.13:15065|dataStream:10.1.0.13:15068|priority:0|startupRole:FOLLOWER, 6d685894-e83d-4eff-a4f6-a21b002b35fd|rpc:10.1.0.13:15076|admin:10.1.0.13:15075|client:10.1.0.13:15074|dataStream:10.1.0.13:15077|priority:1|startupRole:FOLLOWER, 76b6de06-79b2-4410-afad-6ed4eb2113a8|rpc:10.1.0.13:15085|admin:10.1.0.13:15084|client:10.1.0.13:15083|dataStream:10.1.0.13:15086|priority:0|startupRole:FOLLOWER]|listeners:[], old=null
2023-07-05 13:42:27,890 [76b6de06-79b2-4410-afad-6ed4eb2113a8@group-CF48E0ED285B-LeaderElection18] INFO  impl.LeaderElection (LeaderElection.java:logAndReturn(90)) - 76b6de06-79b2-4410-afad-6ed4eb2113a8@group-CF48E0ED285B-LeaderElection18: PRE_VOTE REJECTED received 2 response(s) and 0 exception(s):
2023-07-05 13:42:27,891 [76b6de06-79b2-4410-afad-6ed4eb2113a8@group-CF48E0ED285B-LeaderElection18] INFO  impl.LeaderElection (LeaderElection.java:logAndReturn(94)) -   Response 0: 76b6de06-79b2-4410-afad-6ed4eb2113a8<-c67f853f-9851-48e5-9814-c89133fda60b#0:OK-t0
2023-07-05 13:42:27,891 [76b6de06-79b2-4410-afad-6ed4eb2113a8@group-CF48E0ED285B-LeaderElection18] INFO  impl.LeaderElection (LeaderElection.java:logAndReturn(94)) -   Response 1: 76b6de06-79b2-4410-afad-6ed4eb2113a8<-6d685894-e83d-4eff-a4f6-a21b002b35fd#0:FAIL-t0
2023-07-05 13:42:27,891 [76b6de06-79b2-4410-afad-6ed4eb2113a8@group-CF48E0ED285B-LeaderElection18] INFO  impl.LeaderElection (LeaderElection.java:askForVotes(323)) - 76b6de06-79b2-4410-afad-6ed4eb2113a8@group-CF48E0ED285B-LeaderElection18 PRE_VOTE round 0: result REJECTED
2023-07-05 13:42:27,891 [76b6de06-79b2-4410-afad-6ed4eb2113a8@group-CF48E0ED285B-LeaderElection18] INFO  server.RaftServer$Division (RaftServerImpl.java:setRole(329)) - 76b6de06-79b2-4410-afad-6ed4eb2113a8@group-CF48E0ED285B: changes role from CANDIDATE to FOLLOWER at term 0 for REJECTED
2023-07-05 13:42:27,891 [76b6de06-79b2-4410-afad-6ed4eb2113a8@group-CF48E0ED285B-LeaderElection18] INFO  impl.RoleInfo (RoleInfo.java:shutdownLeaderElection(130)) - 76b6de06-79b2-4410-afad-6ed4eb2113a8: shutdown 76b6de06-79b2-4410-afad-6ed4eb2113a8@group-CF48E0ED285B-LeaderElection18
2023-07-05 13:42:27,891 [76b6de06-79b2-4410-afad-6ed4eb2113a8@group-CF48E0ED285B-LeaderElection18] INFO  impl.RoleInfo (RoleInfo.java:updateAndGet(139)) - 76b6de06-79b2-4410-afad-6ed4eb2113a8: start 76b6de06-79b2-4410-afad-6ed4eb2113a8@group-CF48E0ED285B-FollowerState
2023-07-05 13:42:27,891 [Time-limited test] INFO  rpc.RpcClient (RpcClient.java:createVolume(460)) - Creating Volume: vol1, with runner as owner and space quota set to -1 bytes, counts quota set to -1
2023-07-05 13:42:27,895 [6d685894-e83d-4eff-a4f6-a21b002b35fd@group-CF48E0ED285B-FollowerState] INFO  impl.FollowerState (FollowerState.java:run(143)) - 6d685894-e83d-4eff-a4f6-a21b002b35fd@group-CF48E0ED285B-FollowerState: change to CANDIDATE, lastRpcElapsedTime:5178206410ns, electionTimeout:5175ms
2023-07-05 13:42:27,895 [6d685894-e83d-4eff-a4f6-a21b002b35fd@group-CF48E0ED285B-FollowerState] INFO  impl.RoleInfo (RoleInfo.java:shutdownFollowerState(110)) - 6d685894-e83d-4eff-a4f6-a21b002b35fd: shutdown 6d685894-e83d-4eff-a4f6-a21b002b35fd@group-CF48E0ED285B-FollowerState
2023-07-05 13:42:27,895 [6d685894-e83d-4eff-a4f6-a21b002b35fd@group-CF48E0ED285B-FollowerState] INFO  server.RaftServer$Division (RaftServerImpl.java:setRole(329)) - 6d685894-e83d-4eff-a4f6-a21b002b35fd@group-CF48E0ED285B: changes role from  FOLLOWER to CANDIDATE at term 0 for changeToCandidate
2023-07-05 13:42:27,898 [6d685894-e83d-4eff-a4f6-a21b002b35fd@group-CF48E0ED285B-FollowerState] INFO  server.RaftServerConfigKeys (ConfUtils.java:logGet(46)) - raft.server.leaderelection.pre-vote = true (default)
2023-07-05 13:42:27,898 [6d685894-e83d-4eff-a4f6-a21b002b35fd@group-CF48E0ED285B-FollowerState] INFO  impl.RoleInfo (RoleInfo.java:updateAndGet(139)) - 6d685894-e83d-4eff-a4f6-a21b002b35fd: start 6d685894-e83d-4eff-a4f6-a21b002b35fd@group-CF48E0ED285B-LeaderElection19
2023-07-05 13:42:27,909 [6d685894-e83d-4eff-a4f6-a21b002b35fd@group-CF48E0ED285B-LeaderElection19] INFO  impl.LeaderElection (LeaderElection.java:askForVotes(321)) - 6d685894-e83d-4eff-a4f6-a21b002b35fd@group-CF48E0ED285B-LeaderElection19 PRE_VOTE round 0: submit vote requests at term 0 for -1: peers:[c67f853f-9851-48e5-9814-c89133fda60b|rpc:10.1.0.13:15067|admin:10.1.0.13:15066|client:10.1.0.13:15065|dataStream:10.1.0.13:15068|priority:0|startupRole:FOLLOWER, 6d685894-e83d-4eff-a4f6-a21b002b35fd|rpc:10.1.0.13:15076|admin:10.1.0.13:15075|client:10.1.0.13:15074|dataStream:10.1.0.13:15077|priority:1|startupRole:FOLLOWER, 76b6de06-79b2-4410-afad-6ed4eb2113a8|rpc:10.1.0.13:15085|admin:10.1.0.13:15084|client:10.1.0.13:15083|dataStream:10.1.0.13:15086|priority:0|startupRole:FOLLOWER]|listeners:[], old=null
2023-07-05 13:42:27,912 [6d685894-e83d-4eff-a4f6-a21b002b35fd@group-CF48E0ED285B-LeaderElection19] INFO  server.RaftServerConfigKeys (ConfUtils.java:logFallback(53)) - raft.server.rpc.first-election.timeout.min = 5s (fallback to raft.server.rpc.timeout.min)
2023-07-05 13:42:27,912 [6d685894-e83d-4eff-a4f6-a21b002b35fd@group-CF48E0ED285B-LeaderElection19] INFO  server.RaftServerConfigKeys (ConfUtils.java:logFallback(53)) - raft.server.rpc.first-election.timeout.max = 5200ms (fallback to raft.server.rpc.timeout.max)
2023-07-05 13:42:27,913 [grpc-default-executor-4] INFO  server.RaftServer$Division (RaftServerImpl.java:requestVote(1302)) - c67f853f-9851-48e5-9814-c89133fda60b@group-CF48E0ED285B: receive requestVote(PRE_VOTE, 6d685894-e83d-4eff-a4f6-a21b002b35fd, group-CF48E0ED285B, 0, (t:0, i:0))
2023-07-05 13:42:27,913 [grpc-default-executor-4] INFO  impl.VoteContext (VoteContext.java:log(49)) - c67f853f-9851-48e5-9814-c89133fda60b@group-CF48E0ED285B-FOLLOWER: accept PRE_VOTE from 6d685894-e83d-4eff-a4f6-a21b002b35fd: our priority 0 <= candidate's priority 1
2023-07-05 13:42:27,913 [grpc-default-executor-4] INFO  server.RaftServer$Division (RaftServerImpl.java:requestVote(1335)) - c67f853f-9851-48e5-9814-c89133fda60b@group-CF48E0ED285B replies to PRE_VOTE vote request: 6d685894-e83d-4eff-a4f6-a21b002b35fd<-c67f853f-9851-48e5-9814-c89133fda60b#0:OK-t0. Peer's state: c67f853f-9851-48e5-9814-c89133fda60b@group-CF48E0ED285B:t0, leader=null, voted=, raftlog=Memoized:c67f853f-9851-48e5-9814-c89133fda60b@group-CF48E0ED285B-SegmentedRaftLog:OPENED:c-1, conf=-1: peers:[c67f853f-9851-48e5-9814-c89133fda60b|rpc:10.1.0.13:15067|admin:10.1.0.13:15066|client:10.1.0.13:15065|dataStream:10.1.0.13:15068|priority:0|startupRole:FOLLOWER, 6d685894-e83d-4eff-a4f6-a21b002b35fd|rpc:10.1.0.13:15076|admin:10.1.0.13:15075|client:10.1.0.13:15074|dataStream:10.1.0.13:15077|priority:1|startupRole:FOLLOWER, 76b6de06-79b2-4410-afad-6ed4eb2113a8|rpc:10.1.0.13:15085|admin:10.1.0.13:15084|client:10.1.0.13:15083|dataStream:10.1.0.13:15086|priority:0|startupRole:FOLLOWER]|listeners:[], old=null
2023-07-05 13:42:27,919 [6d685894-e83d-4eff-a4f6-a21b002b35fd@group-CF48E0ED285B-LeaderElection19] INFO  impl.LeaderElection (LeaderElection.java:logAndReturn(90)) - 6d685894-e83d-4eff-a4f6-a21b002b35fd@group-CF48E0ED285B-LeaderElection19: PRE_VOTE PASSED received 1 response(s) and 0 exception(s):
2023-07-05 13:42:27,919 [6d685894-e83d-4eff-a4f6-a21b002b35fd@group-CF48E0ED285B-LeaderElection19] INFO  impl.LeaderElection (LeaderElection.java:logAndReturn(94)) -   Response 0: 6d685894-e83d-4eff-a4f6-a21b002b35fd<-c67f853f-9851-48e5-9814-c89133fda60b#0:OK-t0
2023-07-05 13:42:27,919 [6d685894-e83d-4eff-a4f6-a21b002b35fd@group-CF48E0ED285B-LeaderElection19] INFO  impl.LeaderElection (LeaderElection.java:askForVotes(323)) - 6d685894-e83d-4eff-a4f6-a21b002b35fd@group-CF48E0ED285B-LeaderElection19 PRE_VOTE round 0: result PASSED
2023-07-05 13:42:27,920 [6d685894-e83d-4eff-a4f6-a21b002b35fd@group-CF48E0ED285B-LeaderElection19] INFO  impl.LeaderElection (LeaderElection.java:askForVotes(321)) - 6d685894-e83d-4eff-a4f6-a21b002b35fd@group-CF48E0ED285B-LeaderElection19 ELECTION round 0: submit vote requests at term 1 for -1: peers:[c67f853f-9851-48e5-9814-c89133fda60b|rpc:10.1.0.13:15067|admin:10.1.0.13:15066|client:10.1.0.13:15065|dataStream:10.1.0.13:15068|priority:0|startupRole:FOLLOWER, 6d685894-e83d-4eff-a4f6-a21b002b35fd|rpc:10.1.0.13:15076|admin:10.1.0.13:15075|client:10.1.0.13:15074|dataStream:10.1.0.13:15077|priority:1|startupRole:FOLLOWER, 76b6de06-79b2-4410-afad-6ed4eb2113a8|rpc:10.1.0.13:15085|admin:10.1.0.13:15084|client:10.1.0.13:15083|dataStream:10.1.0.13:15086|priority:0|startupRole:FOLLOWER]|listeners:[], old=null
2023-07-05 13:42:27,922 [OM StateMachine ApplyTransaction Thread - 0] INFO  volume.OMVolumeCreateRequest (OMVolumeCreateRequest.java:validateAndUpdateCache(196)) - created volume:vol1 for user:runner
2023-07-05 13:42:27,926 [grpc-default-executor-4] INFO  server.RaftServer$Division (RaftServerImpl.java:requestVote(1302)) - 76b6de06-79b2-4410-afad-6ed4eb2113a8@group-CF48E0ED285B: receive requestVote(PRE_VOTE, 6d685894-e83d-4eff-a4f6-a21b002b35fd, group-CF48E0ED285B, 0, (t:0, i:0))
2023-07-05 13:42:27,927 [grpc-default-executor-4] INFO  impl.VoteContext (VoteContext.java:log(49)) - 76b6de06-79b2-4410-afad-6ed4eb2113a8@group-CF48E0ED285B-FOLLOWER: accept PRE_VOTE from 6d685894-e83d-4eff-a4f6-a21b002b35fd: our priority 0 <= candidate's priority 1
2023-07-05 13:42:27,927 [grpc-default-executor-4] INFO  server.RaftServer$Division (RaftServerImpl.java:requestVote(1335)) - 76b6de06-79b2-4410-afad-6ed4eb2113a8@group-CF48E0ED285B replies to PRE_VOTE vote request: 6d685894-e83d-4eff-a4f6-a21b002b35fd<-76b6de06-79b2-4410-afad-6ed4eb2113a8#0:OK-t0. Peer's state: 76b6de06-79b2-4410-afad-6ed4eb2113a8@group-CF48E0ED285B:t0, leader=null, voted=, raftlog=Memoized:76b6de06-79b2-4410-afad-6ed4eb2113a8@group-CF48E0ED285B-SegmentedRaftLog:OPENED:c-1, conf=-1: peers:[c67f853f-9851-48e5-9814-c89133fda60b|rpc:10.1.0.13:15067|admin:10.1.0.13:15066|client:10.1.0.13:15065|dataStream:10.1.0.13:15068|priority:0|startupRole:FOLLOWER, 6d685894-e83d-4eff-a4f6-a21b002b35fd|rpc:10.1.0.13:15076|admin:10.1.0.13:15075|client:10.1.0.13:15074|dataStream:10.1.0.13:15077|priority:1|startupRole:FOLLOWER, 76b6de06-79b2-4410-afad-6ed4eb2113a8|rpc:10.1.0.13:15085|admin:10.1.0.13:15084|client:10.1.0.13:15083|dataStream:10.1.0.13:15086|priority:0|startupRole:FOLLOWER]|listeners:[], old=null
2023-07-05 13:42:27,931 [6d685894-e83d-4eff-a4f6-a21b002b35fd@group-CF48E0ED285B-LeaderElection19] INFO  server.RaftServerConfigKeys (ConfUtils.java:logFallback(53)) - raft.server.rpc.first-election.timeout.min = 5s (fallback to raft.server.rpc.timeout.min)
2023-07-05 13:42:27,931 [6d685894-e83d-4eff-a4f6-a21b002b35fd@group-CF48E0ED285B-LeaderElection19] INFO  server.RaftServerConfigKeys (ConfUtils.java:logFallback(53)) - raft.server.rpc.first-election.timeout.max = 5200ms (fallback to raft.server.rpc.timeout.max)
2023-07-05 13:42:27,939 [grpc-default-executor-6] INFO  server.RaftServer$Division (RaftServerImpl.java:requestVote(1302)) - c67f853f-9851-48e5-9814-c89133fda60b@group-CF48E0ED285B: receive requestVote(ELECTION, 6d685894-e83d-4eff-a4f6-a21b002b35fd, group-CF48E0ED285B, 1, (t:0, i:0))
2023-07-05 13:42:27,939 [grpc-default-executor-6] INFO  impl.VoteContext (VoteContext.java:log(49)) - c67f853f-9851-48e5-9814-c89133fda60b@group-CF48E0ED285B-FOLLOWER: accept ELECTION from 6d685894-e83d-4eff-a4f6-a21b002b35fd: our priority 0 <= candidate's priority 1
2023-07-05 13:42:27,939 [grpc-default-executor-6] INFO  server.RaftServer$Division (RaftServerImpl.java:setRole(329)) - c67f853f-9851-48e5-9814-c89133fda60b@group-CF48E0ED285B: changes role from  FOLLOWER to FOLLOWER at term 1 for candidate:6d685894-e83d-4eff-a4f6-a21b002b35fd
2023-07-05 13:42:27,939 [grpc-default-executor-6] INFO  impl.RoleInfo (RoleInfo.java:shutdownFollowerState(110)) - c67f853f-9851-48e5-9814-c89133fda60b: shutdown c67f853f-9851-48e5-9814-c89133fda60b@group-CF48E0ED285B-FollowerState
2023-07-05 13:42:27,939 [grpc-default-executor-6] INFO  impl.RoleInfo (RoleInfo.java:updateAndGet(139)) - c67f853f-9851-48e5-9814-c89133fda60b: start c67f853f-9851-48e5-9814-c89133fda60b@group-CF48E0ED285B-FollowerState
2023-07-05 13:42:27,939 [c67f853f-9851-48e5-9814-c89133fda60b@group-CF48E0ED285B-FollowerState] INFO  impl.FollowerState (FollowerState.java:run(152)) - c67f853f-9851-48e5-9814-c89133fda60b@group-CF48E0ED285B-FollowerState was interrupted
2023-07-05 13:42:27,940 [grpc-default-executor-4] INFO  server.RaftServer$Division (RaftServerImpl.java:requestVote(1302)) - 76b6de06-79b2-4410-afad-6ed4eb2113a8@group-CF48E0ED285B: receive requestVote(ELECTION, 6d685894-e83d-4eff-a4f6-a21b002b35fd, group-CF48E0ED285B, 1, (t:0, i:0))
2023-07-05 13:42:27,940 [grpc-default-executor-4] INFO  impl.VoteContext (VoteContext.java:log(49)) - 76b6de06-79b2-4410-afad-6ed4eb2113a8@group-CF48E0ED285B-FOLLOWER: accept ELECTION from 6d685894-e83d-4eff-a4f6-a21b002b35fd: our priority 0 <= candidate's priority 1
2023-07-05 13:42:27,940 [grpc-default-executor-4] INFO  server.RaftServer$Division (RaftServerImpl.java:setRole(329)) - 76b6de06-79b2-4410-afad-6ed4eb2113a8@group-CF48E0ED285B: changes role from  FOLLOWER to FOLLOWER at term 1 for candidate:6d685894-e83d-4eff-a4f6-a21b002b35fd
2023-07-05 13:42:27,940 [grpc-default-executor-4] INFO  impl.RoleInfo (RoleInfo.java:shutdownFollowerState(110)) - 76b6de06-79b2-4410-afad-6ed4eb2113a8: shutdown 76b6de06-79b2-4410-afad-6ed4eb2113a8@group-CF48E0ED285B-FollowerState
2023-07-05 13:42:27,947 [grpc-default-executor-4] INFO  impl.RoleInfo (RoleInfo.java:updateAndGet(139)) - 76b6de06-79b2-4410-afad-6ed4eb2113a8: start 76b6de06-79b2-4410-afad-6ed4eb2113a8@group-CF48E0ED285B-FollowerState
2023-07-05 13:42:27,947 [76b6de06-79b2-4410-afad-6ed4eb2113a8@group-CF48E0ED285B-FollowerState] INFO  impl.FollowerState (FollowerState.java:run(152)) - 76b6de06-79b2-4410-afad-6ed4eb2113a8@group-CF48E0ED285B-FollowerState was interrupted
2023-07-05 13:42:27,948 [grpc-default-executor-6] INFO  server.RaftServer$Division (RaftServerImpl.java:requestVote(1335)) - c67f853f-9851-48e5-9814-c89133fda60b@group-CF48E0ED285B replies to ELECTION vote request: 6d685894-e83d-4eff-a4f6-a21b002b35fd<-c67f853f-9851-48e5-9814-c89133fda60b#0:OK-t1. Peer's state: c67f853f-9851-48e5-9814-c89133fda60b@group-CF48E0ED285B:t1, leader=null, voted=6d685894-e83d-4eff-a4f6-a21b002b35fd, raftlog=Memoized:c67f853f-9851-48e5-9814-c89133fda60b@group-CF48E0ED285B-SegmentedRaftLog:OPENED:c-1, conf=-1: peers:[c67f853f-9851-48e5-9814-c89133fda60b|rpc:10.1.0.13:15067|admin:10.1.0.13:15066|client:10.1.0.13:15065|dataStream:10.1.0.13:15068|priority:0|startupRole:FOLLOWER, 6d685894-e83d-4eff-a4f6-a21b002b35fd|rpc:10.1.0.13:15076|admin:10.1.0.13:15075|client:10.1.0.13:15074|dataStream:10.1.0.13:15077|priority:1|startupRole:FOLLOWER, 76b6de06-79b2-4410-afad-6ed4eb2113a8|rpc:10.1.0.13:15085|admin:10.1.0.13:15084|client:10.1.0.13:15083|dataStream:10.1.0.13:15086|priority:0|startupRole:FOLLOWER]|listeners:[], old=null
2023-07-05 13:42:27,949 [grpc-default-executor-4] INFO  server.RaftServer$Division (RaftServerImpl.java:requestVote(1335)) - 76b6de06-79b2-4410-afad-6ed4eb2113a8@group-CF48E0ED285B replies to ELECTION vote request: 6d685894-e83d-4eff-a4f6-a21b002b35fd<-76b6de06-79b2-4410-afad-6ed4eb2113a8#0:OK-t1. Peer's state: 76b6de06-79b2-4410-afad-6ed4eb2113a8@group-CF48E0ED285B:t1, leader=null, voted=6d685894-e83d-4eff-a4f6-a21b002b35fd, raftlog=Memoized:76b6de06-79b2-4410-afad-6ed4eb2113a8@group-CF48E0ED285B-SegmentedRaftLog:OPENED:c-1, conf=-1: peers:[c67f853f-9851-48e5-9814-c89133fda60b|rpc:10.1.0.13:15067|admin:10.1.0.13:15066|client:10.1.0.13:15065|dataStream:10.1.0.13:15068|priority:0|startupRole:FOLLOWER, 6d685894-e83d-4eff-a4f6-a21b002b35fd|rpc:10.1.0.13:15076|admin:10.1.0.13:15075|client:10.1.0.13:15074|dataStream:10.1.0.13:15077|priority:1|startupRole:FOLLOWER, 76b6de06-79b2-4410-afad-6ed4eb2113a8|rpc:10.1.0.13:15085|admin:10.1.0.13:15084|client:10.1.0.13:15083|dataStream:10.1.0.13:15086|priority:0|startupRole:FOLLOWER]|listeners:[], old=null
2023-07-05 13:42:27,952 [Time-limited test] INFO  rpc.RpcClient (RpcClient.java:createBucket(687)) - Creating Bucket: vol1/bucket1, with server-side default bucket layout, runner as owner, Versioning false, Storage Type set to DISK and Encryption set to false, Replication Type set to server-side default replication type, Namespace Quota set to -1, Space Quota set to -1 
2023-07-05 13:42:27,952 [6d685894-e83d-4eff-a4f6-a21b002b35fd@group-CF48E0ED285B-LeaderElection19] INFO  impl.LeaderElection (LeaderElection.java:logAndReturn(90)) - 6d685894-e83d-4eff-a4f6-a21b002b35fd@group-CF48E0ED285B-LeaderElection19: ELECTION PASSED received 1 response(s) and 0 exception(s):
2023-07-05 13:42:27,952 [6d685894-e83d-4eff-a4f6-a21b002b35fd@group-CF48E0ED285B-LeaderElection19] INFO  impl.LeaderElection (LeaderElection.java:logAndReturn(94)) -   Response 0: 6d685894-e83d-4eff-a4f6-a21b002b35fd<-76b6de06-79b2-4410-afad-6ed4eb2113a8#0:OK-t1
2023-07-05 13:42:27,952 [6d685894-e83d-4eff-a4f6-a21b002b35fd@group-CF48E0ED285B-LeaderElection19] INFO  impl.LeaderElection (LeaderElection.java:askForVotes(323)) - 6d685894-e83d-4eff-a4f6-a21b002b35fd@group-CF48E0ED285B-LeaderElection19 ELECTION round 0: result PASSED
2023-07-05 13:42:27,952 [6d685894-e83d-4eff-a4f6-a21b002b35fd@group-CF48E0ED285B-LeaderElection19] INFO  impl.RoleInfo (RoleInfo.java:shutdownLeaderElection(130)) - 6d685894-e83d-4eff-a4f6-a21b002b35fd: shutdown 6d685894-e83d-4eff-a4f6-a21b002b35fd@group-CF48E0ED285B-LeaderElection19
2023-07-05 13:42:27,952 [6d685894-e83d-4eff-a4f6-a21b002b35fd@group-CF48E0ED285B-LeaderElection19] INFO  server.RaftServer$Division (RaftServerImpl.java:setRole(329)) - 6d685894-e83d-4eff-a4f6-a21b002b35fd@group-CF48E0ED285B: changes role from CANDIDATE to LEADER at term 1 for changeToLeader
2023-07-05 13:42:27,952 [6d685894-e83d-4eff-a4f6-a21b002b35fd@group-CF48E0ED285B-LeaderElection19] INFO  ratis.XceiverServerRatis (XceiverServerRatis.java:handleLeaderChangedNotification(902)) - Leader change notification received for group: group-CF48E0ED285B with new leaderId: 6d685894-e83d-4eff-a4f6-a21b002b35fd
2023-07-05 13:42:27,953 [6d685894-e83d-4eff-a4f6-a21b002b35fd@group-CF48E0ED285B-LeaderElection19] INFO  server.RaftServer$Division (ServerState.java:setLeader(317)) - 6d685894-e83d-4eff-a4f6-a21b002b35fd@group-CF48E0ED285B: change Leader from null to 6d685894-e83d-4eff-a4f6-a21b002b35fd at term 1 for becomeLeader, leader elected after 5254ms
2023-07-05 13:42:27,953 [6d685894-e83d-4eff-a4f6-a21b002b35fd@group-CF48E0ED285B-LeaderElection19] INFO  server.RaftServerConfigKeys (ConfUtils.java:logGet(46)) - raft.server.staging.catchup.gap = 1000 (default)
2023-07-05 13:42:27,953 [6d685894-e83d-4eff-a4f6-a21b002b35fd@group-CF48E0ED285B-LeaderElection19] INFO  server.RaftServerConfigKeys (ConfUtils.java:logGet(46)) - raft.server.write.element-limit = 1024 (custom)
2023-07-05 13:42:27,953 [6d685894-e83d-4eff-a4f6-a21b002b35fd@group-CF48E0ED285B-LeaderElection19] INFO  server.RaftServerConfigKeys (ConfUtils.java:logGet(46)) - raft.server.write.byte-limit = 1024 M (=1073741824) (custom)
2023-07-05 13:42:27,953 [6d685894-e83d-4eff-a4f6-a21b002b35fd@group-CF48E0ED285B-LeaderElection19] INFO  server.RaftServerConfigKeys (ConfUtils.java:logGet(46)) - raft.server.watch.timeout = 180s (custom)
2023-07-05 13:42:27,953 [6d685894-e83d-4eff-a4f6-a21b002b35fd@group-CF48E0ED285B-LeaderElection19] INFO  server.RaftServerConfigKeys (ConfUtils.java:logGet(46)) - raft.server.watch.timeout.denomination = 1s (default)
2023-07-05 13:42:27,953 [6d685894-e83d-4eff-a4f6-a21b002b35fd@group-CF48E0ED285B-LeaderElection19] INFO  server.RaftServerConfigKeys (ConfUtils.java:logGet(46)) - raft.server.watch.element-limit = 65536 (default)
2023-07-05 13:42:27,954 [6d685894-e83d-4eff-a4f6-a21b002b35fd@group-CF48E0ED285B-LeaderElection19] INFO  server.RaftServerConfigKeys (ConfUtils.java:logGet(46)) - raft.server.write.element-limit = 1024 (custom)
2023-07-05 13:42:27,954 [6d685894-e83d-4eff-a4f6-a21b002b35fd@group-CF48E0ED285B-LeaderElection19] INFO  server.RaftServerConfigKeys (ConfUtils.java:logGet(46)) - raft.server.write.follower.gap.ratio.max = -1.0 (default)
2023-07-05 13:42:27,958 [6d685894-e83d-4eff-a4f6-a21b002b35fd@group-CF48E0ED285B-LeaderElection19] INFO  server.RaftServerConfigKeys (ConfUtils.java:logGet(46)) - raft.server.log.appender.snapshot.chunk.size.max = 16MB (=16777216) (default)
2023-07-05 13:42:27,959 [6d685894-e83d-4eff-a4f6-a21b002b35fd@group-CF48E0ED285B-LeaderElection19] INFO  server.RaftServerConfigKeys (ConfUtils.java:logGet(46)) - raft.server.log.appender.buffer.byte-limit = 33554432 (custom)
2023-07-05 13:42:27,959 [6d685894-e83d-4eff-a4f6-a21b002b35fd@group-CF48E0ED285B-LeaderElection19] INFO  server.RaftServerConfigKeys (ConfUtils.java:logGet(46)) - raft.server.log.appender.buffer.element-limit = 1 (custom)
2023-07-05 13:42:27,959 [6d685894-e83d-4eff-a4f6-a21b002b35fd@group-CF48E0ED285B-LeaderElection19] INFO  server.RaftServerConfigKeys (ConfUtils.java:logGet(46)) - raft.server.log.appender.wait-time.min = 10ms (default)
2023-07-05 13:42:27,959 [6d685894-e83d-4eff-a4f6-a21b002b35fd@group-CF48E0ED285B-LeaderElection19] INFO  grpc.GrpcConfigKeys (ConfUtils.java:logGet(46)) - raft.grpc.server.leader.outstanding.appends.max = 128 (default)
2023-07-05 13:42:27,959 [6d685894-e83d-4eff-a4f6-a21b002b35fd@group-CF48E0ED285B-LeaderElection19] INFO  server.RaftServerConfigKeys (ConfUtils.java:logGet(46)) - raft.server.rpc.request.timeout = 60s (custom)
2023-07-05 13:42:27,959 [6d685894-e83d-4eff-a4f6-a21b002b35fd@group-CF48E0ED285B-LeaderElection19] INFO  grpc.GrpcConfigKeys (ConfUtils.java:logGet(46)) - raft.grpc.server.install_snapshot.request.element-limit = 8 (default)
2023-07-05 13:42:27,959 [6d685894-e83d-4eff-a4f6-a21b002b35fd@group-CF48E0ED285B-LeaderElection19] INFO  grpc.GrpcConfigKeys (ConfUtils.java:logGet(46)) - raft.grpc.server.install_snapshot.request.timeout = 3000ms (default)
2023-07-05 13:42:27,959 [6d685894-e83d-4eff-a4f6-a21b002b35fd@group-CF48E0ED285B-LeaderElection19] INFO  server.RaftServerConfigKeys (ConfUtils.java:logGet(46)) - raft.server.log.appender.install.snapshot.enabled = false (custom)
2023-07-05 13:42:27,959 [6d685894-e83d-4eff-a4f6-a21b002b35fd@group-CF48E0ED285B-LeaderElection19] INFO  grpc.GrpcConfigKeys (ConfUtils.java:logGet(46)) - raft.grpc.server.heartbeat.channel = true (default)
2023-07-05 13:42:27,959 [OM StateMachine ApplyTransaction Thread - 0] INFO  bucket.OMBucketCreateRequest (OMBucketCreateRequest.java:validateAndUpdateCache(270)) - created bucket: bucket1 of layout FILE_SYSTEM_OPTIMIZED in volume: vol1
2023-07-05 13:42:27,960 [EventQueue-PipelineReportForPipelineReportHandler] INFO  pipeline.PipelineReportHandler (PipelineReportHandler.java:processPipelineReport(136)) - Opened pipeline PipelineID=bd79c634-d3ce-4445-aaf7-cf48e0ed285b
2023-07-05 13:42:27,962 [6d685894-e83d-4eff-a4f6-a21b002b35fd@group-CF48E0ED285B-LeaderElection19] INFO  server.RaftServerConfigKeys (ConfUtils.java:logGet(46)) - raft.server.log.appender.snapshot.chunk.size.max = 16MB (=16777216) (default)
2023-07-05 13:42:27,962 [6d685894-e83d-4eff-a4f6-a21b002b35fd@group-CF48E0ED285B-LeaderElection19] INFO  server.RaftServerConfigKeys (ConfUtils.java:logGet(46)) - raft.server.log.appender.buffer.byte-limit = 33554432 (custom)
2023-07-05 13:42:27,962 [6d685894-e83d-4eff-a4f6-a21b002b35fd@group-CF48E0ED285B-LeaderElection19] INFO  server.RaftServerConfigKeys (ConfUtils.java:logGet(46)) - raft.server.log.appender.buffer.element-limit = 1 (custom)
2023-07-05 13:42:27,962 [6d685894-e83d-4eff-a4f6-a21b002b35fd@group-CF48E0ED285B-LeaderElection19] INFO  server.RaftServerConfigKeys (ConfUtils.java:logGet(46)) - raft.server.log.appender.wait-time.min = 10ms (default)
2023-07-05 13:42:27,962 [6d685894-e83d-4eff-a4f6-a21b002b35fd@group-CF48E0ED285B-LeaderElection19] INFO  grpc.GrpcConfigKeys (ConfUtils.java:logGet(46)) - raft.grpc.server.leader.outstanding.appends.max = 128 (default)
2023-07-05 13:42:27,962 [6d685894-e83d-4eff-a4f6-a21b002b35fd@group-CF48E0ED285B-LeaderElection19] INFO  server.RaftServerConfigKeys (ConfUtils.java:logGet(46)) - raft.server.rpc.request.timeout = 60s (custom)
2023-07-05 13:42:27,965 [6d685894-e83d-4eff-a4f6-a21b002b35fd@group-CF48E0ED285B-LeaderElection19] INFO  grpc.GrpcConfigKeys (ConfUtils.java:logGet(46)) - raft.grpc.server.install_snapshot.request.element-limit = 8 (default)
2023-07-05 13:42:27,965 [6d685894-e83d-4eff-a4f6-a21b002b35fd@group-CF48E0ED285B-LeaderElection19] INFO  grpc.GrpcConfigKeys (ConfUtils.java:logGet(46)) - raft.grpc.server.install_snapshot.request.timeout = 3000ms (default)
2023-07-05 13:42:27,965 [6d685894-e83d-4eff-a4f6-a21b002b35fd@group-CF48E0ED285B-LeaderElection19] INFO  server.RaftServerConfigKeys (ConfUtils.java:logGet(46)) - raft.server.log.appender.install.snapshot.enabled = false (custom)
2023-07-05 13:42:27,969 [6d685894-e83d-4eff-a4f6-a21b002b35fd@group-CF48E0ED285B-LeaderElection19] INFO  grpc.GrpcConfigKeys (ConfUtils.java:logGet(46)) - raft.grpc.server.heartbeat.channel = true (default)
2023-07-05 13:42:27,969 [6d685894-e83d-4eff-a4f6-a21b002b35fd@group-CF48E0ED285B-LeaderElection19] INFO  impl.RoleInfo (RoleInfo.java:updateAndGet(139)) - 6d685894-e83d-4eff-a4f6-a21b002b35fd: start 6d685894-e83d-4eff-a4f6-a21b002b35fd@group-CF48E0ED285B-LeaderStateImpl
2023-07-05 13:42:27,977 [6d685894-e83d-4eff-a4f6-a21b002b35fd@group-CF48E0ED285B-LeaderElection19] INFO  segmented.SegmentedRaftLogWorker (SegmentedRaftLogWorker.java:startLogSegment(447)) - 6d685894-e83d-4eff-a4f6-a21b002b35fd@group-CF48E0ED285B-SegmentedRaftLogWorker: Starting segment from index:0
2023-07-05 13:42:27,977 [IPC Server handler 4 on default port 15054] INFO  ha.SequenceIdGenerator (SequenceIdGenerator.java:getNextId(133)) - Allocate a batch for containerId, change lastId from 0 to 1000.
2023-07-05 13:42:27,978 [6d685894-e83d-4eff-a4f6-a21b002b35fd@group-CF48E0ED285B-SegmentedRaftLogWorker] INFO  segmented.SegmentedRaftLogWorker (SegmentedRaftLogWorker.java:execute(651)) - 6d685894-e83d-4eff-a4f6-a21b002b35fd@group-CF48E0ED285B-SegmentedRaftLogWorker: created new log segment /home/runner/work/ozone/ozone/hadoop-ozone/integration-test/target/test-dir/MiniOzoneClusterImpl-a91d5bca-d5a1-41cf-9733-6b4d6b49c170/datanode-1/data/ratis/bd79c634-d3ce-4445-aaf7-cf48e0ed285b/current/log_inprogress_0
2023-07-05 13:42:27,978 [IPC Server handler 4 on default port 15054] WARN  ha.SequenceIdGenerator (SequenceIdGenerator.java:allocateBatch(242)) - Failed to allocate a batch for localId, expected lastId is 0, actual lastId is 111677748019200000.
2023-07-05 13:42:27,979 [IPC Server handler 4 on default port 15054] INFO  ha.SequenceIdGenerator (SequenceIdGenerator.java:getNextId(133)) - Allocate a batch for localId, change lastId from 111677748019200000 to 111677748019201000.
2023-07-05 13:42:27,987 [6d685894-e83d-4eff-a4f6-a21b002b35fd@group-CF48E0ED285B-LeaderElection19] INFO  server.RaftServer$Division (ServerState.java:setRaftConf(434)) - 6d685894-e83d-4eff-a4f6-a21b002b35fd@group-CF48E0ED285B: set configuration 0: peers:[c67f853f-9851-48e5-9814-c89133fda60b|rpc:10.1.0.13:15067|admin:10.1.0.13:15066|client:10.1.0.13:15065|dataStream:10.1.0.13:15068|priority:0|startupRole:FOLLOWER, 6d685894-e83d-4eff-a4f6-a21b002b35fd|rpc:10.1.0.13:15076|admin:10.1.0.13:15075|client:10.1.0.13:15074|dataStream:10.1.0.13:15077|priority:1|startupRole:FOLLOWER, 76b6de06-79b2-4410-afad-6ed4eb2113a8|rpc:10.1.0.13:15085|admin:10.1.0.13:15084|client:10.1.0.13:15083|dataStream:10.1.0.13:15086|priority:0|startupRole:FOLLOWER]|listeners:[], old=null
2023-07-05 13:42:28,007 [c67f853f-9851-48e5-9814-c89133fda60b-server-thread1] INFO  ratis.XceiverServerRatis (XceiverServerRatis.java:handleLeaderChangedNotification(902)) - Leader change notification received for group: group-CF48E0ED285B with new leaderId: 6d685894-e83d-4eff-a4f6-a21b002b35fd
2023-07-05 13:42:28,007 [c67f853f-9851-48e5-9814-c89133fda60b-server-thread1] INFO  server.RaftServer$Division (ServerState.java:setLeader(317)) - c67f853f-9851-48e5-9814-c89133fda60b@group-CF48E0ED285B: change Leader from null to 6d685894-e83d-4eff-a4f6-a21b002b35fd at term 1 for appendEntries, leader elected after 5343ms
2023-07-05 13:42:28,016 [76b6de06-79b2-4410-afad-6ed4eb2113a8-server-thread1] INFO  ratis.XceiverServerRatis (XceiverServerRatis.java:handleLeaderChangedNotification(902)) - Leader change notification received for group: group-CF48E0ED285B with new leaderId: 6d685894-e83d-4eff-a4f6-a21b002b35fd
2023-07-05 13:42:28,017 [76b6de06-79b2-4410-afad-6ed4eb2113a8-server-thread1] INFO  server.RaftServer$Division (ServerState.java:setLeader(317)) - 76b6de06-79b2-4410-afad-6ed4eb2113a8@group-CF48E0ED285B: change Leader from null to 6d685894-e83d-4eff-a4f6-a21b002b35fd at term 1 for appendEntries, leader elected after 5273ms
2023-07-05 13:42:28,023 [c67f853f-9851-48e5-9814-c89133fda60b-server-thread2] INFO  server.RaftServer$Division (ServerState.java:setRaftConf(434)) - c67f853f-9851-48e5-9814-c89133fda60b@group-CF48E0ED285B: set configuration 0: peers:[c67f853f-9851-48e5-9814-c89133fda60b|rpc:10.1.0.13:15067|admin:10.1.0.13:15066|client:10.1.0.13:15065|dataStream:10.1.0.13:15068|priority:0|startupRole:FOLLOWER, 6d685894-e83d-4eff-a4f6-a21b002b35fd|rpc:10.1.0.13:15076|admin:10.1.0.13:15075|client:10.1.0.13:15074|dataStream:10.1.0.13:15077|priority:1|startupRole:FOLLOWER, 76b6de06-79b2-4410-afad-6ed4eb2113a8|rpc:10.1.0.13:15085|admin:10.1.0.13:15084|client:10.1.0.13:15083|dataStream:10.1.0.13:15086|priority:0|startupRole:FOLLOWER]|listeners:[], old=null
2023-07-05 13:42:28,023 [c67f853f-9851-48e5-9814-c89133fda60b-server-thread2] INFO  segmented.SegmentedRaftLogWorker (SegmentedRaftLogWorker.java:startLogSegment(447)) - c67f853f-9851-48e5-9814-c89133fda60b@group-CF48E0ED285B-SegmentedRaftLogWorker: Starting segment from index:0
2023-07-05 13:42:28,025 [c67f853f-9851-48e5-9814-c89133fda60b@group-CF48E0ED285B-SegmentedRaftLogWorker] INFO  segmented.SegmentedRaftLogWorker (SegmentedRaftLogWorker.java:execute(651)) - c67f853f-9851-48e5-9814-c89133fda60b@group-CF48E0ED285B-SegmentedRaftLogWorker: created new log segment /home/runner/work/ozone/ozone/hadoop-ozone/integration-test/target/test-dir/MiniOzoneClusterImpl-a91d5bca-d5a1-41cf-9733-6b4d6b49c170/datanode-0/data/ratis/bd79c634-d3ce-4445-aaf7-cf48e0ed285b/current/log_inprogress_0
2023-07-05 13:42:28,031 [76b6de06-79b2-4410-afad-6ed4eb2113a8-server-thread1] INFO  server.RaftServer$Division (ServerState.java:setRaftConf(434)) - 76b6de06-79b2-4410-afad-6ed4eb2113a8@group-CF48E0ED285B: set configuration 0: peers:[c67f853f-9851-48e5-9814-c89133fda60b|rpc:10.1.0.13:15067|admin:10.1.0.13:15066|client:10.1.0.13:15065|dataStream:10.1.0.13:15068|priority:0|startupRole:FOLLOWER, 6d685894-e83d-4eff-a4f6-a21b002b35fd|rpc:10.1.0.13:15076|admin:10.1.0.13:15075|client:10.1.0.13:15074|dataStream:10.1.0.13:15077|priority:1|startupRole:FOLLOWER, 76b6de06-79b2-4410-afad-6ed4eb2113a8|rpc:10.1.0.13:15085|admin:10.1.0.13:15084|client:10.1.0.13:15083|dataStream:10.1.0.13:15086|priority:0|startupRole:FOLLOWER]|listeners:[], old=null
2023-07-05 13:42:28,031 [76b6de06-79b2-4410-afad-6ed4eb2113a8-server-thread1] INFO  segmented.SegmentedRaftLogWorker (SegmentedRaftLogWorker.java:startLogSegment(447)) - 76b6de06-79b2-4410-afad-6ed4eb2113a8@group-CF48E0ED285B-SegmentedRaftLogWorker: Starting segment from index:0
2023-07-05 13:42:28,034 [76b6de06-79b2-4410-afad-6ed4eb2113a8@group-CF48E0ED285B-SegmentedRaftLogWorker] INFO  segmented.SegmentedRaftLogWorker (SegmentedRaftLogWorker.java:execute(651)) - 76b6de06-79b2-4410-afad-6ed4eb2113a8@group-CF48E0ED285B-SegmentedRaftLogWorker: created new log segment /home/runner/work/ozone/ozone/hadoop-ozone/integration-test/target/test-dir/MiniOzoneClusterImpl-a91d5bca-d5a1-41cf-9733-6b4d6b49c170/datanode-2/data/ratis/bd79c634-d3ce-4445-aaf7-cf48e0ed285b/current/log_inprogress_0
2023-07-05 13:42:28,301 [ReplicationMonitor] INFO  replication.ReplicationManager (ReplicationManager.java:processAll(361)) - Replication Manager is not ready to run until 3000ms after safemode exit
2023-07-05 13:42:28,343 [76b6de06-79b2-4410-afad-6ed4eb2113a8@group-8A5EC24891A2-FollowerState] INFO  impl.FollowerState (FollowerState.java:run(143)) - 76b6de06-79b2-4410-afad-6ed4eb2113a8@group-8A5EC24891A2-FollowerState: change to CANDIDATE, lastRpcElapsedTime:5017445882ns, electionTimeout:5016ms
2023-07-05 13:42:28,343 [76b6de06-79b2-4410-afad-6ed4eb2113a8@group-8A5EC24891A2-FollowerState] INFO  impl.RoleInfo (RoleInfo.java:shutdownFollowerState(110)) - 76b6de06-79b2-4410-afad-6ed4eb2113a8: shutdown 76b6de06-79b2-4410-afad-6ed4eb2113a8@group-8A5EC24891A2-FollowerState
2023-07-05 13:42:28,344 [76b6de06-79b2-4410-afad-6ed4eb2113a8@group-8A5EC24891A2-FollowerState] INFO  server.RaftServer$Division (RaftServerImpl.java:setRole(329)) - 76b6de06-79b2-4410-afad-6ed4eb2113a8@group-8A5EC24891A2: changes role from  FOLLOWER to CANDIDATE at term 0 for changeToCandidate
2023-07-05 13:42:28,345 [76b6de06-79b2-4410-afad-6ed4eb2113a8@group-8A5EC24891A2-FollowerState] INFO  server.RaftServerConfigKeys (ConfUtils.java:logGet(46)) - raft.server.leaderelection.pre-vote = true (default)
2023-07-05 13:42:28,345 [76b6de06-79b2-4410-afad-6ed4eb2113a8@group-8A5EC24891A2-FollowerState] INFO  impl.RoleInfo (RoleInfo.java:updateAndGet(139)) - 76b6de06-79b2-4410-afad-6ed4eb2113a8: start 76b6de06-79b2-4410-afad-6ed4eb2113a8@group-8A5EC24891A2-LeaderElection20
2023-07-05 13:42:28,348 [76b6de06-79b2-4410-afad-6ed4eb2113a8@group-8A5EC24891A2-LeaderElection20] INFO  impl.LeaderElection (LeaderElection.java:askForVotes(321)) - 76b6de06-79b2-4410-afad-6ed4eb2113a8@group-8A5EC24891A2-LeaderElection20 PRE_VOTE round 0: submit vote requests at term 0 for -1: peers:[76b6de06-79b2-4410-afad-6ed4eb2113a8|rpc:10.1.0.13:15085|admin:10.1.0.13:15084|client:10.1.0.13:15083|dataStream:10.1.0.13:15086|priority:1|startupRole:FOLLOWER]|listeners:[], old=null
2023-07-05 13:42:28,348 [76b6de06-79b2-4410-afad-6ed4eb2113a8@group-8A5EC24891A2-LeaderElection20] INFO  impl.LeaderElection (LeaderElection.java:askForVotes(323)) - 76b6de06-79b2-4410-afad-6ed4eb2113a8@group-8A5EC24891A2-LeaderElection20 PRE_VOTE round 0: result PASSED (term=0)
2023-07-05 13:42:28,350 [76b6de06-79b2-4410-afad-6ed4eb2113a8@group-8A5EC24891A2-LeaderElection20] INFO  impl.LeaderElection (LeaderElection.java:askForVotes(321)) - 76b6de06-79b2-4410-afad-6ed4eb2113a8@group-8A5EC24891A2-LeaderElection20 ELECTION round 0: submit vote requests at term 1 for -1: peers:[76b6de06-79b2-4410-afad-6ed4eb2113a8|rpc:10.1.0.13:15085|admin:10.1.0.13:15084|client:10.1.0.13:15083|dataStream:10.1.0.13:15086|priority:1|startupRole:FOLLOWER]|listeners:[], old=null
2023-07-05 13:42:28,350 [76b6de06-79b2-4410-afad-6ed4eb2113a8@group-8A5EC24891A2-LeaderElection20] INFO  impl.LeaderElection (LeaderElection.java:askForVotes(323)) - 76b6de06-79b2-4410-afad-6ed4eb2113a8@group-8A5EC24891A2-LeaderElection20 ELECTION round 0: result PASSED (term=1)
2023-07-05 13:42:28,350 [76b6de06-79b2-4410-afad-6ed4eb2113a8@group-8A5EC24891A2-LeaderElection20] INFO  impl.RoleInfo (RoleInfo.java:shutdownLeaderElection(130)) - 76b6de06-79b2-4410-afad-6ed4eb2113a8: shutdown 76b6de06-79b2-4410-afad-6ed4eb2113a8@group-8A5EC24891A2-LeaderElection20
2023-07-05 13:42:28,350 [76b6de06-79b2-4410-afad-6ed4eb2113a8@group-8A5EC24891A2-LeaderElection20] INFO  server.RaftServer$Division (RaftServerImpl.java:setRole(329)) - 76b6de06-79b2-4410-afad-6ed4eb2113a8@group-8A5EC24891A2: changes role from CANDIDATE to LEADER at term 1 for changeToLeader
2023-07-05 13:42:28,351 [76b6de06-79b2-4410-afad-6ed4eb2113a8@group-8A5EC24891A2-LeaderElection20] INFO  ratis.XceiverServerRatis (XceiverServerRatis.java:handleLeaderChangedNotification(902)) - Leader change notification received for group: group-8A5EC24891A2 with new leaderId: 76b6de06-79b2-4410-afad-6ed4eb2113a8
2023-07-05 13:42:28,351 [76b6de06-79b2-4410-afad-6ed4eb2113a8@group-8A5EC24891A2-LeaderElection20] INFO  server.RaftServer$Division (ServerState.java:setLeader(317)) - 76b6de06-79b2-4410-afad-6ed4eb2113a8@group-8A5EC24891A2: change Leader from null to 76b6de06-79b2-4410-afad-6ed4eb2113a8 at term 1 for becomeLeader, leader elected after 5051ms
2023-07-05 13:42:28,351 [76b6de06-79b2-4410-afad-6ed4eb2113a8@group-8A5EC24891A2-LeaderElection20] INFO  server.RaftServerConfigKeys (ConfUtils.java:logGet(46)) - raft.server.staging.catchup.gap = 1000 (default)
2023-07-05 13:42:28,351 [76b6de06-79b2-4410-afad-6ed4eb2113a8@group-8A5EC24891A2-LeaderElection20] INFO  server.RaftServerConfigKeys (ConfUtils.java:logGet(46)) - raft.server.write.element-limit = 1024 (custom)
2023-07-05 13:42:28,351 [76b6de06-79b2-4410-afad-6ed4eb2113a8@group-8A5EC24891A2-LeaderElection20] INFO  server.RaftServerConfigKeys (ConfUtils.java:logGet(46)) - raft.server.write.byte-limit = 1024 M (=1073741824) (custom)
2023-07-05 13:42:28,352 [76b6de06-79b2-4410-afad-6ed4eb2113a8@group-8A5EC24891A2-LeaderElection20] INFO  server.RaftServerConfigKeys (ConfUtils.java:logGet(46)) - raft.server.watch.timeout = 180s (custom)
2023-07-05 13:42:28,352 [76b6de06-79b2-4410-afad-6ed4eb2113a8@group-8A5EC24891A2-LeaderElection20] INFO  server.RaftServerConfigKeys (ConfUtils.java:logGet(46)) - raft.server.watch.timeout.denomination = 1s (default)
2023-07-05 13:42:28,352 [76b6de06-79b2-4410-afad-6ed4eb2113a8@group-8A5EC24891A2-LeaderElection20] INFO  server.RaftServerConfigKeys (ConfUtils.java:logGet(46)) - raft.server.watch.element-limit = 65536 (default)
2023-07-05 13:42:28,352 [76b6de06-79b2-4410-afad-6ed4eb2113a8@group-8A5EC24891A2-LeaderElection20] INFO  server.RaftServerConfigKeys (ConfUtils.java:logGet(46)) - raft.server.write.element-limit = 1024 (custom)
2023-07-05 13:42:28,352 [76b6de06-79b2-4410-afad-6ed4eb2113a8@group-8A5EC24891A2-LeaderElection20] INFO  server.RaftServerConfigKeys (ConfUtils.java:logGet(46)) - raft.server.write.follower.gap.ratio.max = -1.0 (default)
2023-07-05 13:42:28,353 [76b6de06-79b2-4410-afad-6ed4eb2113a8@group-8A5EC24891A2-LeaderElection20] INFO  impl.RoleInfo (RoleInfo.java:updateAndGet(139)) - 76b6de06-79b2-4410-afad-6ed4eb2113a8: start 76b6de06-79b2-4410-afad-6ed4eb2113a8@group-8A5EC24891A2-LeaderStateImpl
2023-07-05 13:42:28,353 [76b6de06-79b2-4410-afad-6ed4eb2113a8@group-8A5EC24891A2-LeaderElection20] INFO  segmented.SegmentedRaftLogWorker (SegmentedRaftLogWorker.java:startLogSegment(447)) - 76b6de06-79b2-4410-afad-6ed4eb2113a8@group-8A5EC24891A2-SegmentedRaftLogWorker: Starting segment from index:0
2023-07-05 13:42:28,353 [76b6de06-79b2-4410-afad-6ed4eb2113a8@group-8A5EC24891A2-LeaderElection20] INFO  server.RaftServer$Division (ServerState.java:setRaftConf(434)) - 76b6de06-79b2-4410-afad-6ed4eb2113a8@group-8A5EC24891A2: set configuration 0: peers:[76b6de06-79b2-4410-afad-6ed4eb2113a8|rpc:10.1.0.13:15085|admin:10.1.0.13:15084|client:10.1.0.13:15083|dataStream:10.1.0.13:15086|priority:1|startupRole:FOLLOWER]|listeners:[], old=null
2023-07-05 13:42:28,357 [76b6de06-79b2-4410-afad-6ed4eb2113a8@group-8A5EC24891A2-SegmentedRaftLogWorker] INFO  segmented.SegmentedRaftLogWorker (SegmentedRaftLogWorker.java:execute(651)) - 76b6de06-79b2-4410-afad-6ed4eb2113a8@group-8A5EC24891A2-SegmentedRaftLogWorker: created new log segment /home/runner/work/ozone/ozone/hadoop-ozone/integration-test/target/test-dir/MiniOzoneClusterImpl-a91d5bca-d5a1-41cf-9733-6b4d6b49c170/datanode-2/data/ratis/63677abc-8c27-45f7-9ffb-8a5ec24891a2/current/log_inprogress_0
2023-07-05 13:42:28,366 [6d685894-e83d-4eff-a4f6-a21b002b35fd@group-E117380D7C5E-FollowerState] INFO  impl.FollowerState (FollowerState.java:run(143)) - 6d685894-e83d-4eff-a4f6-a21b002b35fd@group-E117380D7C5E-FollowerState: change to CANDIDATE, lastRpcElapsedTime:5047631753ns, electionTimeout:5047ms
2023-07-05 13:42:28,367 [6d685894-e83d-4eff-a4f6-a21b002b35fd@group-E117380D7C5E-FollowerState] INFO  impl.RoleInfo (RoleInfo.java:shutdownFollowerState(110)) - 6d685894-e83d-4eff-a4f6-a21b002b35fd: shutdown 6d685894-e83d-4eff-a4f6-a21b002b35fd@group-E117380D7C5E-FollowerState
2023-07-05 13:42:28,367 [6d685894-e83d-4eff-a4f6-a21b002b35fd@group-E117380D7C5E-FollowerState] INFO  server.RaftServer$Division (RaftServerImpl.java:setRole(329)) - 6d685894-e83d-4eff-a4f6-a21b002b35fd@group-E117380D7C5E: changes role from  FOLLOWER to CANDIDATE at term 0 for changeToCandidate
2023-07-05 13:42:28,368 [6d685894-e83d-4eff-a4f6-a21b002b35fd@group-E117380D7C5E-FollowerState] INFO  server.RaftServerConfigKeys (ConfUtils.java:logGet(46)) - raft.server.leaderelection.pre-vote = true (default)
2023-07-05 13:42:28,368 [6d685894-e83d-4eff-a4f6-a21b002b35fd@group-E117380D7C5E-FollowerState] INFO  impl.RoleInfo (RoleInfo.java:updateAndGet(139)) - 6d685894-e83d-4eff-a4f6-a21b002b35fd: start 6d685894-e83d-4eff-a4f6-a21b002b35fd@group-E117380D7C5E-LeaderElection21
2023-07-05 13:42:28,372 [6d685894-e83d-4eff-a4f6-a21b002b35fd@group-E117380D7C5E-LeaderElection21] INFO  impl.LeaderElection (LeaderElection.java:askForVotes(321)) - 6d685894-e83d-4eff-a4f6-a21b002b35fd@group-E117380D7C5E-LeaderElection21 PRE_VOTE round 0: submit vote requests at term 0 for -1: peers:[6d685894-e83d-4eff-a4f6-a21b002b35fd|rpc:10.1.0.13:15076|admin:10.1.0.13:15075|client:10.1.0.13:15074|dataStream:10.1.0.13:15077|priority:1|startupRole:FOLLOWER]|listeners:[], old=null
2023-07-05 13:42:28,372 [6d685894-e83d-4eff-a4f6-a21b002b35fd@group-E117380D7C5E-LeaderElection21] INFO  impl.LeaderElection (LeaderElection.java:askForVotes(323)) - 6d685894-e83d-4eff-a4f6-a21b002b35fd@group-E117380D7C5E-LeaderElection21 PRE_VOTE round 0: result PASSED (term=0)
2023-07-05 13:42:28,373 [6d685894-e83d-4eff-a4f6-a21b002b35fd@group-E117380D7C5E-LeaderElection21] INFO  impl.LeaderElection (LeaderElection.java:askForVotes(321)) - 6d685894-e83d-4eff-a4f6-a21b002b35fd@group-E117380D7C5E-LeaderElection21 ELECTION round 0: submit vote requests at term 1 for -1: peers:[6d685894-e83d-4eff-a4f6-a21b002b35fd|rpc:10.1.0.13:15076|admin:10.1.0.13:15075|client:10.1.0.13:15074|dataStream:10.1.0.13:15077|priority:1|startupRole:FOLLOWER]|listeners:[], old=null
2023-07-05 13:42:28,373 [6d685894-e83d-4eff-a4f6-a21b002b35fd@group-E117380D7C5E-LeaderElection21] INFO  impl.LeaderElection (LeaderElection.java:askForVotes(323)) - 6d685894-e83d-4eff-a4f6-a21b002b35fd@group-E117380D7C5E-LeaderElection21 ELECTION round 0: result PASSED (term=1)
2023-07-05 13:42:28,373 [6d685894-e83d-4eff-a4f6-a21b002b35fd@group-E117380D7C5E-LeaderElection21] INFO  impl.RoleInfo (RoleInfo.java:shutdownLeaderElection(130)) - 6d685894-e83d-4eff-a4f6-a21b002b35fd: shutdown 6d685894-e83d-4eff-a4f6-a21b002b35fd@group-E117380D7C5E-LeaderElection21
2023-07-05 13:42:28,373 [6d685894-e83d-4eff-a4f6-a21b002b35fd@group-E117380D7C5E-LeaderElection21] INFO  server.RaftServer$Division (RaftServerImpl.java:setRole(329)) - 6d685894-e83d-4eff-a4f6-a21b002b35fd@group-E117380D7C5E: changes role from CANDIDATE to LEADER at term 1 for changeToLeader
2023-07-05 13:42:28,373 [6d685894-e83d-4eff-a4f6-a21b002b35fd@group-E117380D7C5E-LeaderElection21] INFO  ratis.XceiverServerRatis (XceiverServerRatis.java:handleLeaderChangedNotification(902)) - Leader change notification received for group: group-E117380D7C5E with new leaderId: 6d685894-e83d-4eff-a4f6-a21b002b35fd
2023-07-05 13:42:28,374 [6d685894-e83d-4eff-a4f6-a21b002b35fd@group-E117380D7C5E-LeaderElection21] INFO  server.RaftServer$Division (ServerState.java:setLeader(317)) - 6d685894-e83d-4eff-a4f6-a21b002b35fd@group-E117380D7C5E: change Leader from null to 6d685894-e83d-4eff-a4f6-a21b002b35fd at term 1 for becomeLeader, leader elected after 5513ms
2023-07-05 13:42:28,374 [6d685894-e83d-4eff-a4f6-a21b002b35fd@group-E117380D7C5E-LeaderElection21] INFO  server.RaftServerConfigKeys (ConfUtils.java:logGet(46)) - raft.server.staging.catchup.gap = 1000 (default)
2023-07-05 13:42:28,374 [6d685894-e83d-4eff-a4f6-a21b002b35fd@group-E117380D7C5E-LeaderElection21] INFO  server.RaftServerConfigKeys (ConfUtils.java:logGet(46)) - raft.server.write.element-limit = 1024 (custom)
2023-07-05 13:42:28,374 [6d685894-e83d-4eff-a4f6-a21b002b35fd@group-E117380D7C5E-LeaderElection21] INFO  server.RaftServerConfigKeys (ConfUtils.java:logGet(46)) - raft.server.write.byte-limit = 1024 M (=1073741824) (custom)
2023-07-05 13:42:28,375 [6d685894-e83d-4eff-a4f6-a21b002b35fd@group-E117380D7C5E-LeaderElection21] INFO  server.RaftServerConfigKeys (ConfUtils.java:logGet(46)) - raft.server.watch.timeout = 180s (custom)
2023-07-05 13:42:28,375 [6d685894-e83d-4eff-a4f6-a21b002b35fd@group-E117380D7C5E-LeaderElection21] INFO  server.RaftServerConfigKeys (ConfUtils.java:logGet(46)) - raft.server.watch.timeout.denomination = 1s (default)
2023-07-05 13:42:28,375 [6d685894-e83d-4eff-a4f6-a21b002b35fd@group-E117380D7C5E-LeaderElection21] INFO  server.RaftServerConfigKeys (ConfUtils.java:logGet(46)) - raft.server.watch.element-limit = 65536 (default)
2023-07-05 13:42:28,375 [6d685894-e83d-4eff-a4f6-a21b002b35fd@group-E117380D7C5E-LeaderElection21] INFO  server.RaftServerConfigKeys (ConfUtils.java:logGet(46)) - raft.server.write.element-limit = 1024 (custom)
2023-07-05 13:42:28,375 [6d685894-e83d-4eff-a4f6-a21b002b35fd@group-E117380D7C5E-LeaderElection21] INFO  server.RaftServerConfigKeys (ConfUtils.java:logGet(46)) - raft.server.write.follower.gap.ratio.max = -1.0 (default)
2023-07-05 13:42:28,375 [6d685894-e83d-4eff-a4f6-a21b002b35fd@group-E117380D7C5E-LeaderElection21] INFO  impl.RoleInfo (RoleInfo.java:updateAndGet(139)) - 6d685894-e83d-4eff-a4f6-a21b002b35fd: start 6d685894-e83d-4eff-a4f6-a21b002b35fd@group-E117380D7C5E-LeaderStateImpl
2023-07-05 13:42:28,376 [6d685894-e83d-4eff-a4f6-a21b002b35fd@group-E117380D7C5E-LeaderElection21] INFO  segmented.SegmentedRaftLogWorker (SegmentedRaftLogWorker.java:startLogSegment(447)) - 6d685894-e83d-4eff-a4f6-a21b002b35fd@group-E117380D7C5E-SegmentedRaftLogWorker: Starting segment from index:0
2023-07-05 13:42:28,377 [6d685894-e83d-4eff-a4f6-a21b002b35fd@group-E117380D7C5E-LeaderElection21] INFO  server.RaftServer$Division (ServerState.java:setRaftConf(434)) - 6d685894-e83d-4eff-a4f6-a21b002b35fd@group-E117380D7C5E: set configuration 0: peers:[6d685894-e83d-4eff-a4f6-a21b002b35fd|rpc:10.1.0.13:15076|admin:10.1.0.13:15075|client:10.1.0.13:15074|dataStream:10.1.0.13:15077|priority:1|startupRole:FOLLOWER]|listeners:[], old=null
2023-07-05 13:42:28,378 [6d685894-e83d-4eff-a4f6-a21b002b35fd@group-E117380D7C5E-SegmentedRaftLogWorker] INFO  segmented.SegmentedRaftLogWorker (SegmentedRaftLogWorker.java:execute(651)) - 6d685894-e83d-4eff-a4f6-a21b002b35fd@group-E117380D7C5E-SegmentedRaftLogWorker: created new log segment /home/runner/work/ozone/ozone/hadoop-ozone/integration-test/target/test-dir/MiniOzoneClusterImpl-a91d5bca-d5a1-41cf-9733-6b4d6b49c170/datanode-1/data/ratis/7a28abbc-2255-4000-990c-e117380d7c5e/current/log_inprogress_0
2023-07-05 13:42:28,626 [aa000335-494a-4091-9473-11fe5522d401@group-D6D0528D13AD-FollowerState] INFO  impl.FollowerState (FollowerState.java:run(143)) - aa000335-494a-4091-9473-11fe5522d401@group-D6D0528D13AD-FollowerState: change to CANDIDATE, lastRpcElapsedTime:5067484552ns, electionTimeout:5066ms
2023-07-05 13:42:28,626 [aa000335-494a-4091-9473-11fe5522d401@group-D6D0528D13AD-FollowerState] INFO  impl.RoleInfo (RoleInfo.java:shutdownFollowerState(110)) - aa000335-494a-4091-9473-11fe5522d401: shutdown aa000335-494a-4091-9473-11fe5522d401@group-D6D0528D13AD-FollowerState
2023-07-05 13:42:28,627 [aa000335-494a-4091-9473-11fe5522d401@group-D6D0528D13AD-FollowerState] INFO  server.RaftServer$Division (RaftServerImpl.java:setRole(329)) - aa000335-494a-4091-9473-11fe5522d401@group-D6D0528D13AD: changes role from  FOLLOWER to CANDIDATE at term 0 for changeToCandidate
2023-07-05 13:42:28,628 [aa000335-494a-4091-9473-11fe5522d401@group-D6D0528D13AD-FollowerState] INFO  server.RaftServerConfigKeys (ConfUtils.java:logGet(46)) - raft.server.leaderelection.pre-vote = true (default)
2023-07-05 13:42:28,628 [aa000335-494a-4091-9473-11fe5522d401@group-D6D0528D13AD-FollowerState] INFO  impl.RoleInfo (RoleInfo.java:updateAndGet(139)) - aa000335-494a-4091-9473-11fe5522d401: start aa000335-494a-4091-9473-11fe5522d401@group-D6D0528D13AD-LeaderElection22
2023-07-05 13:42:28,631 [aa000335-494a-4091-9473-11fe5522d401@group-D6D0528D13AD-LeaderElection22] INFO  impl.LeaderElection (LeaderElection.java:askForVotes(321)) - aa000335-494a-4091-9473-11fe5522d401@group-D6D0528D13AD-LeaderElection22 PRE_VOTE round 0: submit vote requests at term 0 for -1: peers:[aa000335-494a-4091-9473-11fe5522d401|rpc:10.1.0.13:15094|admin:10.1.0.13:15093|client:10.1.0.13:15092|dataStream:10.1.0.13:15095|priority:1|startupRole:FOLLOWER]|listeners:[], old=null
2023-07-05 13:42:28,632 [aa000335-494a-4091-9473-11fe5522d401@group-D6D0528D13AD-LeaderElection22] INFO  impl.LeaderElection (LeaderElection.java:askForVotes(323)) - aa000335-494a-4091-9473-11fe5522d401@group-D6D0528D13AD-LeaderElection22 PRE_VOTE round 0: result PASSED (term=0)
2023-07-05 13:42:28,633 [aa000335-494a-4091-9473-11fe5522d401@group-D6D0528D13AD-LeaderElection22] INFO  impl.LeaderElection (LeaderElection.java:askForVotes(321)) - aa000335-494a-4091-9473-11fe5522d401@group-D6D0528D13AD-LeaderElection22 ELECTION round 0: submit vote requests at term 1 for -1: peers:[aa000335-494a-4091-9473-11fe5522d401|rpc:10.1.0.13:15094|admin:10.1.0.13:15093|client:10.1.0.13:15092|dataStream:10.1.0.13:15095|priority:1|startupRole:FOLLOWER]|listeners:[], old=null
2023-07-05 13:42:28,633 [aa000335-494a-4091-9473-11fe5522d401@group-D6D0528D13AD-LeaderElection22] INFO  impl.LeaderElection (LeaderElection.java:askForVotes(323)) - aa000335-494a-4091-9473-11fe5522d401@group-D6D0528D13AD-LeaderElection22 ELECTION round 0: result PASSED (term=1)
2023-07-05 13:42:28,633 [aa000335-494a-4091-9473-11fe5522d401@group-D6D0528D13AD-LeaderElection22] INFO  impl.RoleInfo (RoleInfo.java:shutdownLeaderElection(130)) - aa000335-494a-4091-9473-11fe5522d401: shutdown aa000335-494a-4091-9473-11fe5522d401@group-D6D0528D13AD-LeaderElection22
2023-07-05 13:42:28,634 [aa000335-494a-4091-9473-11fe5522d401@group-D6D0528D13AD-LeaderElection22] INFO  server.RaftServer$Division (RaftServerImpl.java:setRole(329)) - aa000335-494a-4091-9473-11fe5522d401@group-D6D0528D13AD: changes role from CANDIDATE to LEADER at term 1 for changeToLeader
2023-07-05 13:42:28,634 [aa000335-494a-4091-9473-11fe5522d401@group-D6D0528D13AD-LeaderElection22] INFO  ratis.XceiverServerRatis (XceiverServerRatis.java:handleLeaderChangedNotification(902)) - Leader change notification received for group: group-D6D0528D13AD with new leaderId: aa000335-494a-4091-9473-11fe5522d401
2023-07-05 13:42:28,634 [aa000335-494a-4091-9473-11fe5522d401@group-D6D0528D13AD-LeaderElection22] INFO  server.RaftServer$Division (ServerState.java:setLeader(317)) - aa000335-494a-4091-9473-11fe5522d401@group-D6D0528D13AD: change Leader from null to aa000335-494a-4091-9473-11fe5522d401 at term 1 for becomeLeader, leader elected after 5091ms
2023-07-05 13:42:28,635 [aa000335-494a-4091-9473-11fe5522d401@group-D6D0528D13AD-LeaderElection22] INFO  server.RaftServerConfigKeys (ConfUtils.java:logGet(46)) - raft.server.staging.catchup.gap = 1000 (default)
2023-07-05 13:42:28,636 [aa000335-494a-4091-9473-11fe5522d401@group-D6D0528D13AD-LeaderElection22] INFO  server.RaftServerConfigKeys (ConfUtils.java:logGet(46)) - raft.server.write.element-limit = 1024 (custom)
2023-07-05 13:42:28,636 [aa000335-494a-4091-9473-11fe5522d401@group-D6D0528D13AD-LeaderElection22] INFO  server.RaftServerConfigKeys (ConfUtils.java:logGet(46)) - raft.server.write.byte-limit = 1024 M (=1073741824) (custom)
2023-07-05 13:42:28,636 [aa000335-494a-4091-9473-11fe5522d401@group-D6D0528D13AD-LeaderElection22] INFO  server.RaftServerConfigKeys (ConfUtils.java:logGet(46)) - raft.server.watch.timeout = 180s (custom)
2023-07-05 13:42:28,636 [aa000335-494a-4091-9473-11fe5522d401@group-D6D0528D13AD-LeaderElection22] INFO  server.RaftServerConfigKeys (ConfUtils.java:logGet(46)) - raft.server.watch.timeout.denomination = 1s (default)
2023-07-05 13:42:28,636 [aa000335-494a-4091-9473-11fe5522d401@group-D6D0528D13AD-LeaderElection22] INFO  server.RaftServerConfigKeys (ConfUtils.java:logGet(46)) - raft.server.watch.element-limit = 65536 (default)
2023-07-05 13:42:28,636 [aa000335-494a-4091-9473-11fe5522d401@group-D6D0528D13AD-LeaderElection22] INFO  server.RaftServerConfigKeys (ConfUtils.java:logGet(46)) - raft.server.write.element-limit = 1024 (custom)
2023-07-05 13:42:28,636 [aa000335-494a-4091-9473-11fe5522d401@group-D6D0528D13AD-LeaderElection22] INFO  server.RaftServerConfigKeys (ConfUtils.java:logGet(46)) - raft.server.write.follower.gap.ratio.max = -1.0 (default)
2023-07-05 13:42:28,636 [aa000335-494a-4091-9473-11fe5522d401@group-D6D0528D13AD-LeaderElection22] INFO  impl.RoleInfo (RoleInfo.java:updateAndGet(139)) - aa000335-494a-4091-9473-11fe5522d401: start aa000335-494a-4091-9473-11fe5522d401@group-D6D0528D13AD-LeaderStateImpl
2023-07-05 13:42:28,637 [aa000335-494a-4091-9473-11fe5522d401@group-D6D0528D13AD-LeaderElection22] INFO  segmented.SegmentedRaftLogWorker (SegmentedRaftLogWorker.java:startLogSegment(447)) - aa000335-494a-4091-9473-11fe5522d401@group-D6D0528D13AD-SegmentedRaftLogWorker: Starting segment from index:0
2023-07-05 13:42:28,637 [aa000335-494a-4091-9473-11fe5522d401@group-D6D0528D13AD-LeaderElection22] INFO  server.RaftServer$Division (ServerState.java:setRaftConf(434)) - aa000335-494a-4091-9473-11fe5522d401@group-D6D0528D13AD: set configuration 0: peers:[aa000335-494a-4091-9473-11fe5522d401|rpc:10.1.0.13:15094|admin:10.1.0.13:15093|client:10.1.0.13:15092|dataStream:10.1.0.13:15095|priority:1|startupRole:FOLLOWER]|listeners:[], old=null
2023-07-05 13:42:28,638 [aa000335-494a-4091-9473-11fe5522d401@group-D6D0528D13AD-SegmentedRaftLogWorker] INFO  segmented.SegmentedRaftLogWorker (SegmentedRaftLogWorker.java:execute(651)) - aa000335-494a-4091-9473-11fe5522d401@group-D6D0528D13AD-SegmentedRaftLogWorker: created new log segment /home/runner/work/ozone/ozone/hadoop-ozone/integration-test/target/test-dir/MiniOzoneClusterImpl-a91d5bca-d5a1-41cf-9733-6b4d6b49c170/datanode-3/data/ratis/5d569a50-3a21-4a4e-980d-d6d0528d13ad/current/log_inprogress_0
2023-07-05 13:42:29,008 [107862d4-58d6-4e98-9eb6-252f61002a57@group-1DA5191E984E-FollowerState] INFO  impl.FollowerState (FollowerState.java:run(143)) - 107862d4-58d6-4e98-9eb6-252f61002a57@group-1DA5191E984E-FollowerState: change to CANDIDATE, lastRpcElapsedTime:5125671163ns, electionTimeout:5125ms
2023-07-05 13:42:29,009 [107862d4-58d6-4e98-9eb6-252f61002a57@group-1DA5191E984E-FollowerState] INFO  impl.RoleInfo (RoleInfo.java:shutdownFollowerState(110)) - 107862d4-58d6-4e98-9eb6-252f61002a57: shutdown 107862d4-58d6-4e98-9eb6-252f61002a57@group-1DA5191E984E-FollowerState
2023-07-05 13:42:29,009 [107862d4-58d6-4e98-9eb6-252f61002a57@group-1DA5191E984E-FollowerState] INFO  server.RaftServer$Division (RaftServerImpl.java:setRole(329)) - 107862d4-58d6-4e98-9eb6-252f61002a57@group-1DA5191E984E: changes role from  FOLLOWER to CANDIDATE at term 0 for changeToCandidate
2023-07-05 13:42:29,010 [107862d4-58d6-4e98-9eb6-252f61002a57@group-1DA5191E984E-FollowerState] INFO  server.RaftServerConfigKeys (ConfUtils.java:logGet(46)) - raft.server.leaderelection.pre-vote = true (default)
2023-07-05 13:42:29,010 [107862d4-58d6-4e98-9eb6-252f61002a57@group-1DA5191E984E-FollowerState] INFO  impl.RoleInfo (RoleInfo.java:updateAndGet(139)) - 107862d4-58d6-4e98-9eb6-252f61002a57: start 107862d4-58d6-4e98-9eb6-252f61002a57@group-1DA5191E984E-LeaderElection23
2023-07-05 13:42:29,020 [107862d4-58d6-4e98-9eb6-252f61002a57@group-1DA5191E984E-LeaderElection23] INFO  impl.LeaderElection (LeaderElection.java:askForVotes(321)) - 107862d4-58d6-4e98-9eb6-252f61002a57@group-1DA5191E984E-LeaderElection23 PRE_VOTE round 0: submit vote requests at term 0 for -1: peers:[107862d4-58d6-4e98-9eb6-252f61002a57|rpc:10.1.0.13:15103|admin:10.1.0.13:15102|client:10.1.0.13:15101|dataStream:10.1.0.13:15104|priority:1|startupRole:FOLLOWER]|listeners:[], old=null
2023-07-05 13:42:29,020 [107862d4-58d6-4e98-9eb6-252f61002a57@group-1DA5191E984E-LeaderElection23] INFO  impl.LeaderElection (LeaderElection.java:askForVotes(323)) - 107862d4-58d6-4e98-9eb6-252f61002a57@group-1DA5191E984E-LeaderElection23 PRE_VOTE round 0: result PASSED (term=0)
2023-07-05 13:42:29,022 [107862d4-58d6-4e98-9eb6-252f61002a57@group-1DA5191E984E-LeaderElection23] INFO  impl.LeaderElection (LeaderElection.java:askForVotes(321)) - 107862d4-58d6-4e98-9eb6-252f61002a57@group-1DA5191E984E-LeaderElection23 ELECTION round 0: submit vote requests at term 1 for -1: peers:[107862d4-58d6-4e98-9eb6-252f61002a57|rpc:10.1.0.13:15103|admin:10.1.0.13:15102|client:10.1.0.13:15101|dataStream:10.1.0.13:15104|priority:1|startupRole:FOLLOWER]|listeners:[], old=null
2023-07-05 13:42:29,022 [107862d4-58d6-4e98-9eb6-252f61002a57@group-1DA5191E984E-LeaderElection23] INFO  impl.LeaderElection (LeaderElection.java:askForVotes(323)) - 107862d4-58d6-4e98-9eb6-252f61002a57@group-1DA5191E984E-LeaderElection23 ELECTION round 0: result PASSED (term=1)
2023-07-05 13:42:29,022 [107862d4-58d6-4e98-9eb6-252f61002a57@group-1DA5191E984E-LeaderElection23] INFO  impl.RoleInfo (RoleInfo.java:shutdownLeaderElection(130)) - 107862d4-58d6-4e98-9eb6-252f61002a57: shutdown 107862d4-58d6-4e98-9eb6-252f61002a57@group-1DA5191E984E-LeaderElection23
2023-07-05 13:42:29,022 [107862d4-58d6-4e98-9eb6-252f61002a57@group-1DA5191E984E-LeaderElection23] INFO  server.RaftServer$Division (RaftServerImpl.java:setRole(329)) - 107862d4-58d6-4e98-9eb6-252f61002a57@group-1DA5191E984E: changes role from CANDIDATE to LEADER at term 1 for changeToLeader
2023-07-05 13:42:29,022 [107862d4-58d6-4e98-9eb6-252f61002a57@group-1DA5191E984E-LeaderElection23] INFO  ratis.XceiverServerRatis (XceiverServerRatis.java:handleLeaderChangedNotification(902)) - Leader change notification received for group: group-1DA5191E984E with new leaderId: 107862d4-58d6-4e98-9eb6-252f61002a57
2023-07-05 13:42:29,022 [107862d4-58d6-4e98-9eb6-252f61002a57@group-1DA5191E984E-LeaderElection23] INFO  server.RaftServer$Division (ServerState.java:setLeader(317)) - 107862d4-58d6-4e98-9eb6-252f61002a57@group-1DA5191E984E: change Leader from null to 107862d4-58d6-4e98-9eb6-252f61002a57 at term 1 for becomeLeader, leader elected after 5156ms
2023-07-05 13:42:29,022 [107862d4-58d6-4e98-9eb6-252f61002a57@group-1DA5191E984E-LeaderElection23] INFO  server.RaftServerConfigKeys (ConfUtils.java:logGet(46)) - raft.server.staging.catchup.gap = 1000 (default)
2023-07-05 13:42:29,022 [107862d4-58d6-4e98-9eb6-252f61002a57@group-1DA5191E984E-LeaderElection23] INFO  server.RaftServerConfigKeys (ConfUtils.java:logGet(46)) - raft.server.write.element-limit = 1024 (custom)
2023-07-05 13:42:29,023 [107862d4-58d6-4e98-9eb6-252f61002a57@group-1DA5191E984E-LeaderElection23] INFO  server.RaftServerConfigKeys (ConfUtils.java:logGet(46)) - raft.server.write.byte-limit = 1024 M (=1073741824) (custom)
2023-07-05 13:42:29,023 [107862d4-58d6-4e98-9eb6-252f61002a57@group-1DA5191E984E-LeaderElection23] INFO  server.RaftServerConfigKeys (ConfUtils.java:logGet(46)) - raft.server.watch.timeout = 180s (custom)
2023-07-05 13:42:29,023 [107862d4-58d6-4e98-9eb6-252f61002a57@group-1DA5191E984E-LeaderElection23] INFO  server.RaftServerConfigKeys (ConfUtils.java:logGet(46)) - raft.server.watch.timeout.denomination = 1s (default)
2023-07-05 13:42:29,023 [107862d4-58d6-4e98-9eb6-252f61002a57@group-1DA5191E984E-LeaderElection23] INFO  server.RaftServerConfigKeys (ConfUtils.java:logGet(46)) - raft.server.watch.element-limit = 65536 (default)
2023-07-05 13:42:29,023 [107862d4-58d6-4e98-9eb6-252f61002a57@group-1DA5191E984E-LeaderElection23] INFO  server.RaftServerConfigKeys (ConfUtils.java:logGet(46)) - raft.server.write.element-limit = 1024 (custom)
2023-07-05 13:42:29,023 [107862d4-58d6-4e98-9eb6-252f61002a57@group-1DA5191E984E-LeaderElection23] INFO  server.RaftServerConfigKeys (ConfUtils.java:logGet(46)) - raft.server.write.follower.gap.ratio.max = -1.0 (default)
2023-07-05 13:42:29,024 [107862d4-58d6-4e98-9eb6-252f61002a57@group-1DA5191E984E-LeaderElection23] INFO  impl.RoleInfo (RoleInfo.java:updateAndGet(139)) - 107862d4-58d6-4e98-9eb6-252f61002a57: start 107862d4-58d6-4e98-9eb6-252f61002a57@group-1DA5191E984E-LeaderStateImpl
2023-07-05 13:42:29,024 [107862d4-58d6-4e98-9eb6-252f61002a57@group-1DA5191E984E-LeaderElection23] INFO  segmented.SegmentedRaftLogWorker (SegmentedRaftLogWorker.java:startLogSegment(447)) - 107862d4-58d6-4e98-9eb6-252f61002a57@group-1DA5191E984E-SegmentedRaftLogWorker: Starting segment from index:0
2023-07-05 13:42:29,025 [107862d4-58d6-4e98-9eb6-252f61002a57@group-1DA5191E984E-LeaderElection23] INFO  server.RaftServer$Division (ServerState.java:setRaftConf(434)) - 107862d4-58d6-4e98-9eb6-252f61002a57@group-1DA5191E984E: set configuration 0: peers:[107862d4-58d6-4e98-9eb6-252f61002a57|rpc:10.1.0.13:15103|admin:10.1.0.13:15102|client:10.1.0.13:15101|dataStream:10.1.0.13:15104|priority:1|startupRole:FOLLOWER]|listeners:[], old=null
2023-07-05 13:42:29,026 [107862d4-58d6-4e98-9eb6-252f61002a57@group-1DA5191E984E-SegmentedRaftLogWorker] INFO  segmented.SegmentedRaftLogWorker (SegmentedRaftLogWorker.java:execute(651)) - 107862d4-58d6-4e98-9eb6-252f61002a57@group-1DA5191E984E-SegmentedRaftLogWorker: created new log segment /home/runner/work/ozone/ozone/hadoop-ozone/integration-test/target/test-dir/MiniOzoneClusterImpl-a91d5bca-d5a1-41cf-9733-6b4d6b49c170/datanode-4/data/ratis/52c66ee8-8d2f-441f-89f0-1da5191e984e/current/log_inprogress_0
2023-07-05 13:42:29,301 [ReplicationMonitor] INFO  replication.ReplicationManager (ReplicationManager.java:processAll(361)) - Replication Manager is not ready to run until 3000ms after safemode exit
2023-07-05 13:42:30,301 [ReplicationMonitor] INFO  replication.ReplicationManager (ReplicationManager.java:processAll(361)) - Replication Manager is not ready to run until 3000ms after safemode exit
2023-07-05 13:42:31,303 [ReplicationMonitor] INFO  replication.ReplicationManager (ReplicationManager.java:processAll(389)) - Replication Monitor Thread took 1 milliseconds for processing 1 containers.
2023-07-05 13:42:32,303 [ReplicationMonitor] INFO  replication.ReplicationManager (ReplicationManager.java:processAll(389)) - Replication Monitor Thread took 0 milliseconds for processing 1 containers.
2023-07-05 13:42:33,303 [ReplicationMonitor] INFO  replication.ReplicationManager (ReplicationManager.java:processAll(389)) - Replication Monitor Thread took 0 milliseconds for processing 1 containers.
2023-07-05 13:42:34,304 [ReplicationMonitor] INFO  replication.ReplicationManager (ReplicationManager.java:processAll(389)) - Replication Monitor Thread took 0 milliseconds for processing 1 containers.
2023-07-05 13:42:35,304 [ReplicationMonitor] INFO  replication.ReplicationManager (ReplicationManager.java:processAll(389)) - Replication Monitor Thread took 0 milliseconds for processing 1 containers.
2023-07-05 13:42:36,305 [ReplicationMonitor] INFO  replication.ReplicationManager (ReplicationManager.java:processAll(389)) - Replication Monitor Thread took 0 milliseconds for processing 1 containers.
2023-07-05 13:42:37,305 [ReplicationMonitor] INFO  replication.ReplicationManager (ReplicationManager.java:processAll(389)) - Replication Monitor Thread took 0 milliseconds for processing 1 containers.
2023-07-05 13:42:37,594 [EventQueue-CloseContainerForCloseContainerEventHandler] INFO  container.CloseContainerEventHandler (CloseContainerEventHandler.java:onMessage(88)) - Close container Event triggered for container : #1, current state: OPEN
2023-07-05 13:42:37,596 [EventQueue-CloseContainerForCloseContainerEventHandler] INFO  container.CloseContainerEventHandler (CloseContainerEventHandler.java:onMessage(88)) - Close container Event triggered for container : #1, current state: CLOSING
2023-07-05 13:42:37,596 [EventQueue-CloseContainerForCloseContainerEventHandler] INFO  container.CloseContainerEventHandler (CloseContainerEventHandler.java:onMessage(88)) - Close container Event triggered for container : #1, current state: CLOSING
2023-07-05 13:42:38,306 [ReplicationMonitor] INFO  replication.ReplicationManager (ReplicationManager.java:sendDatanodeCommand(669)) - Sending command [closeContainerCommand: containerID: 1, pipelineID: PipelineID=bd79c634-d3ce-4445-aaf7-cf48e0ed285b, force: false] for container ContainerInfo{id=#1, state=CLOSING, stateEnterTime=2023-07-05T13:42:37.595Z, pipelineID=PipelineID=bd79c634-d3ce-4445-aaf7-cf48e0ed285b, owner=om1} to c67f853f-9851-48e5-9814-c89133fda60b(fv-az264-29.ca02foy5wcnuvlrvrz2wi3p2og.dx.internal.cloudapp.net/10.1.0.13) with datanode deadline 1688565128306 and scm deadline 1688565158306
2023-07-05 13:42:38,306 [ReplicationMonitor] INFO  replication.ReplicationManager (ReplicationManager.java:sendDatanodeCommand(669)) - Sending command [closeContainerCommand: containerID: 1, pipelineID: PipelineID=bd79c634-d3ce-4445-aaf7-cf48e0ed285b, force: false] for container ContainerInfo{id=#1, state=CLOSING, stateEnterTime=2023-07-05T13:42:37.595Z, pipelineID=PipelineID=bd79c634-d3ce-4445-aaf7-cf48e0ed285b, owner=om1} to 76b6de06-79b2-4410-afad-6ed4eb2113a8(fv-az264-29.ca02foy5wcnuvlrvrz2wi3p2og.dx.internal.cloudapp.net/10.1.0.13) with datanode deadline 1688565128306 and scm deadline 1688565158306
2023-07-05 13:42:38,306 [ReplicationMonitor] INFO  replication.ReplicationManager (ReplicationManager.java:sendDatanodeCommand(669)) - Sending command [closeContainerCommand: containerID: 1, pipelineID: PipelineID=bd79c634-d3ce-4445-aaf7-cf48e0ed285b, force: false] for container ContainerInfo{id=#1, state=CLOSING, stateEnterTime=2023-07-05T13:42:37.595Z, pipelineID=PipelineID=bd79c634-d3ce-4445-aaf7-cf48e0ed285b, owner=om1} to 6d685894-e83d-4eff-a4f6-a21b002b35fd(fv-az264-29.ca02foy5wcnuvlrvrz2wi3p2og.dx.internal.cloudapp.net/10.1.0.13) with datanode deadline 1688565128306 and scm deadline 1688565158306
2023-07-05 13:42:38,306 [ReplicationMonitor] INFO  replication.ReplicationManager (ReplicationManager.java:processAll(389)) - Replication Monitor Thread took 0 milliseconds for processing 1 containers.
2023-07-05 13:42:39,307 [ReplicationMonitor] INFO  replication.ReplicationManager (ReplicationManager.java:sendDatanodeCommand(669)) - Sending command [closeContainerCommand: containerID: 1, pipelineID: PipelineID=bd79c634-d3ce-4445-aaf7-cf48e0ed285b, force: false] for container ContainerInfo{id=#1, state=CLOSING, stateEnterTime=2023-07-05T13:42:37.595Z, pipelineID=PipelineID=bd79c634-d3ce-4445-aaf7-cf48e0ed285b, owner=om1} to c67f853f-9851-48e5-9814-c89133fda60b(fv-az264-29.ca02foy5wcnuvlrvrz2wi3p2og.dx.internal.cloudapp.net/10.1.0.13) with datanode deadline 1688565129307 and scm deadline 1688565159307
2023-07-05 13:42:39,307 [ReplicationMonitor] INFO  replication.ReplicationManager (ReplicationManager.java:sendDatanodeCommand(669)) - Sending command [closeContainerCommand: containerID: 1, pipelineID: PipelineID=bd79c634-d3ce-4445-aaf7-cf48e0ed285b, force: false] for container ContainerInfo{id=#1, state=CLOSING, stateEnterTime=2023-07-05T13:42:37.595Z, pipelineID=PipelineID=bd79c634-d3ce-4445-aaf7-cf48e0ed285b, owner=om1} to 76b6de06-79b2-4410-afad-6ed4eb2113a8(fv-az264-29.ca02foy5wcnuvlrvrz2wi3p2og.dx.internal.cloudapp.net/10.1.0.13) with datanode deadline 1688565129307 and scm deadline 1688565159307
2023-07-05 13:42:39,307 [ReplicationMonitor] INFO  replication.ReplicationManager (ReplicationManager.java:sendDatanodeCommand(669)) - Sending command [closeContainerCommand: containerID: 1, pipelineID: PipelineID=bd79c634-d3ce-4445-aaf7-cf48e0ed285b, force: false] for container ContainerInfo{id=#1, state=CLOSING, stateEnterTime=2023-07-05T13:42:37.595Z, pipelineID=PipelineID=bd79c634-d3ce-4445-aaf7-cf48e0ed285b, owner=om1} to 6d685894-e83d-4eff-a4f6-a21b002b35fd(fv-az264-29.ca02foy5wcnuvlrvrz2wi3p2og.dx.internal.cloudapp.net/10.1.0.13) with datanode deadline 1688565129307 and scm deadline 1688565159307
2023-07-05 13:42:39,307 [ReplicationMonitor] INFO  replication.ReplicationManager (ReplicationManager.java:processAll(389)) - Replication Monitor Thread took 0 milliseconds for processing 1 containers.
2023-07-05 13:42:39,394 [ContainerOp-bd79c634-d3ce-4445-aaf7-cf48e0ed285b-2] INFO  keyvalue.KeyValueContainer (KeyValueContainer.java:flushAndSyncDB(461)) - Container 1 is synced with bcsId 2.
2023-07-05 13:42:39,394 [ContainerOp-bd79c634-d3ce-4445-aaf7-cf48e0ed285b-2] INFO  keyvalue.KeyValueContainer (KeyValueContainer.java:flushAndSyncDB(461)) - Container 1 is synced with bcsId 2.
2023-07-05 13:42:39,405 [ContainerOp-bd79c634-d3ce-4445-aaf7-cf48e0ed285b-2] INFO  keyvalue.KeyValueContainer (KeyValueContainer.java:close(376)) - Container 1 is closed with bcsId 2.
2023-07-05 13:42:39,409 [ContainerOp-bd79c634-d3ce-4445-aaf7-cf48e0ed285b-2] INFO  keyvalue.KeyValueContainer (KeyValueContainer.java:flushAndSyncDB(461)) - Container 1 is synced with bcsId 2.
2023-07-05 13:42:39,409 [ContainerOp-bd79c634-d3ce-4445-aaf7-cf48e0ed285b-2] INFO  keyvalue.KeyValueContainer (KeyValueContainer.java:flushAndSyncDB(461)) - Container 1 is synced with bcsId 2.
2023-07-05 13:42:39,411 [FixedThreadPoolWithAffinityExecutor-9-0] INFO  container.IncrementalContainerReportHandler (AbstractContainerReportHandler.java:updateContainerState(311)) - Moving container #1 to CLOSED state, datanode 6d685894-e83d-4eff-a4f6-a21b002b35fd(fv-az264-29.ca02foy5wcnuvlrvrz2wi3p2og.dx.internal.cloudapp.net/10.1.0.13) reported CLOSED replica with index 0.
2023-07-05 13:42:39,412 [ContainerOp-bd79c634-d3ce-4445-aaf7-cf48e0ed285b-2] INFO  keyvalue.KeyValueContainer (KeyValueContainer.java:flushAndSyncDB(461)) - Container 1 is synced with bcsId 2.
2023-07-05 13:42:39,413 [ContainerOp-bd79c634-d3ce-4445-aaf7-cf48e0ed285b-2] INFO  keyvalue.KeyValueContainer (KeyValueContainer.java:flushAndSyncDB(461)) - Container 1 is synced with bcsId 2.
2023-07-05 13:42:39,415 [ContainerOp-bd79c634-d3ce-4445-aaf7-cf48e0ed285b-2] INFO  keyvalue.KeyValueContainer (KeyValueContainer.java:close(376)) - Container 1 is closed with bcsId 2.
2023-07-05 13:42:39,419 [ContainerOp-bd79c634-d3ce-4445-aaf7-cf48e0ed285b-2] INFO  keyvalue.KeyValueContainer (KeyValueContainer.java:close(376)) - Container 1 is closed with bcsId 2.
2023-07-05 13:42:39,596 [Time-limited test] INFO  ozoneimpl.OzoneContainer (OzoneContainer.java:stop(441)) - Attempting to stop container services.
2023-07-05 13:42:39,596 [Time-limited test] INFO  server.RaftServer (RaftServerProxy.java:lambda$close$6(416)) - 6d685894-e83d-4eff-a4f6-a21b002b35fd: close
2023-07-05 13:42:39,597 [6d685894-e83d-4eff-a4f6-a21b002b35fd-impl-thread1] INFO  server.RaftServer$Division (RaftServerImpl.java:lambda$close$4(466)) - 6d685894-e83d-4eff-a4f6-a21b002b35fd@group-E117380D7C5E: shutdown
2023-07-05 13:42:39,597 [6d685894-e83d-4eff-a4f6-a21b002b35fd-impl-thread1] INFO  util.JmxRegister (JmxRegister.java:unregister(73)) - Successfully un-registered JMX Bean with object name Ratis:service=RaftServer,group=group-E117380D7C5E,id=6d685894-e83d-4eff-a4f6-a21b002b35fd
2023-07-05 13:42:39,597 [6d685894-e83d-4eff-a4f6-a21b002b35fd-impl-thread1] INFO  impl.RoleInfo (RoleInfo.java:shutdownLeaderState(93)) - 6d685894-e83d-4eff-a4f6-a21b002b35fd: shutdown 6d685894-e83d-4eff-a4f6-a21b002b35fd@group-E117380D7C5E-LeaderStateImpl
2023-07-05 13:42:39,597 [6d685894-e83d-4eff-a4f6-a21b002b35fd-impl-thread1] INFO  impl.PendingRequests (PendingRequests.java:sendNotLeaderResponses(289)) - 6d685894-e83d-4eff-a4f6-a21b002b35fd@group-E117380D7C5E-PendingRequests: sendNotLeaderResponses
2023-07-05 13:42:39,598 [6d685894-e83d-4eff-a4f6-a21b002b35fd-impl-thread1] INFO  impl.StateMachineUpdater (StateMachineUpdater.java:stopAndJoin(155)) - 6d685894-e83d-4eff-a4f6-a21b002b35fd@group-E117380D7C5E-StateMachineUpdater: set stopIndex = 0
2023-07-05 13:42:39,598 [6d685894-e83d-4eff-a4f6-a21b002b35fd-impl-thread2] INFO  server.RaftServer$Division (RaftServerImpl.java:lambda$close$4(466)) - 6d685894-e83d-4eff-a4f6-a21b002b35fd@group-D713B65C45D2: shutdown
2023-07-05 13:42:39,598 [6d685894-e83d-4eff-a4f6-a21b002b35fd-impl-thread2] INFO  util.JmxRegister (JmxRegister.java:unregister(73)) - Successfully un-registered JMX Bean with object name Ratis:service=RaftServer,group=group-D713B65C45D2,id=6d685894-e83d-4eff-a4f6-a21b002b35fd
2023-07-05 13:42:39,598 [6d685894-e83d-4eff-a4f6-a21b002b35fd@group-E117380D7C5E-StateMachineUpdater] INFO  ratis.ContainerStateMachine (ContainerStateMachine.java:takeSnapshot(330)) - group-E117380D7C5E: Taking a snapshot at:(t:1, i:0) file /home/runner/work/ozone/ozone/hadoop-ozone/integration-test/target/test-dir/MiniOzoneClusterImpl-a91d5bca-d5a1-41cf-9733-6b4d6b49c170/datanode-1/data/ratis/7a28abbc-2255-4000-990c-e117380d7c5e/sm/snapshot.1_0
2023-07-05 13:42:39,598 [Time-limited test] INFO  server.GrpcService (GrpcService.java:closeImpl(311)) - 6d685894-e83d-4eff-a4f6-a21b002b35fd: shutdown server org.apache.ratis.grpc.server.GrpcClientProtocolService now
2023-07-05 13:42:39,598 [6d685894-e83d-4eff-a4f6-a21b002b35fd-impl-thread2] INFO  impl.RoleInfo (RoleInfo.java:shutdownFollowerState(110)) - 6d685894-e83d-4eff-a4f6-a21b002b35fd: shutdown 6d685894-e83d-4eff-a4f6-a21b002b35fd@group-D713B65C45D2-FollowerState
2023-07-05 13:42:39,598 [6d685894-e83d-4eff-a4f6-a21b002b35fd@group-D713B65C45D2-FollowerState] INFO  impl.FollowerState (FollowerState.java:run(152)) - 6d685894-e83d-4eff-a4f6-a21b002b35fd@group-D713B65C45D2-FollowerState was interrupted
2023-07-05 13:42:39,598 [6d685894-e83d-4eff-a4f6-a21b002b35fd@group-D713B65C45D2-StateMachineUpdater] INFO  ratis.ContainerStateMachine (ContainerStateMachine.java:takeSnapshot(330)) - group-D713B65C45D2: Taking a snapshot at:(t:1, i:0) file /home/runner/work/ozone/ozone/hadoop-ozone/integration-test/target/test-dir/MiniOzoneClusterImpl-a91d5bca-d5a1-41cf-9733-6b4d6b49c170/datanode-1/data/ratis/77efb71e-c570-447e-8db9-d713b65c45d2/sm/snapshot.1_0
2023-07-05 13:42:39,600 [6d685894-e83d-4eff-a4f6-a21b002b35fd-impl-thread2] INFO  impl.StateMachineUpdater (StateMachineUpdater.java:stopAndJoin(155)) - 6d685894-e83d-4eff-a4f6-a21b002b35fd@group-D713B65C45D2-StateMachineUpdater: set stopIndex = 0
2023-07-05 13:42:39,600 [6d685894-e83d-4eff-a4f6-a21b002b35fd@group-E117380D7C5E-StateMachineUpdater] INFO  ratis.ContainerStateMachine (ContainerStateMachine.java:takeSnapshot(341)) - group-E117380D7C5E: Finished taking a snapshot at:(t:1, i:0) file:/home/runner/work/ozone/ozone/hadoop-ozone/integration-test/target/test-dir/MiniOzoneClusterImpl-a91d5bca-d5a1-41cf-9733-6b4d6b49c170/datanode-1/data/ratis/7a28abbc-2255-4000-990c-e117380d7c5e/sm/snapshot.1_0 took: 3 ms
2023-07-05 13:42:39,600 [6d685894-e83d-4eff-a4f6-a21b002b35fd@group-E117380D7C5E-StateMachineUpdater] INFO  impl.StateMachineUpdater (StateMachineUpdater.java:takeSnapshot(291)) - 6d685894-e83d-4eff-a4f6-a21b002b35fd@group-E117380D7C5E-StateMachineUpdater: Took a snapshot at index 0
2023-07-05 13:42:39,600 [6d685894-e83d-4eff-a4f6-a21b002b35fd@group-E117380D7C5E-StateMachineUpdater] INFO  impl.StateMachineUpdater (StateMachineUpdater.java:lambda$new$0(97)) - 6d685894-e83d-4eff-a4f6-a21b002b35fd@group-E117380D7C5E-StateMachineUpdater: snapshotIndex: updateIncreasingly -1 -> 0
2023-07-05 13:42:39,600 [6d685894-e83d-4eff-a4f6-a21b002b35fd-impl-thread1] INFO  server.RaftServer$Division (ServerState.java:close(472)) - 6d685894-e83d-4eff-a4f6-a21b002b35fd@group-E117380D7C5E: closes. applyIndex: 0
2023-07-05 13:42:39,601 [6d685894-e83d-4eff-a4f6-a21b002b35fd-impl-thread3] INFO  server.RaftServer$Division (RaftServerImpl.java:lambda$close$4(466)) - 6d685894-e83d-4eff-a4f6-a21b002b35fd@group-CF48E0ED285B: shutdown
2023-07-05 13:42:39,601 [grpc-default-executor-4] WARN  server.GrpcClientProtocolService (LogUtils.java:warn(122)) - 1-OrderedRequestStreamObserver1: onError: org.apache.ratis.thirdparty.io.grpc.StatusRuntimeException: CANCELLED: client cancelled
2023-07-05 13:42:39,601 [6d685894-e83d-4eff-a4f6-a21b002b35fd-impl-thread3] INFO  util.JmxRegister (JmxRegister.java:unregister(73)) - Successfully un-registered JMX Bean with object name Ratis:service=RaftServer,group=group-CF48E0ED285B,id=6d685894-e83d-4eff-a4f6-a21b002b35fd
2023-07-05 13:42:39,601 [6d685894-e83d-4eff-a4f6-a21b002b35fd-impl-thread3] INFO  impl.RoleInfo (RoleInfo.java:shutdownLeaderState(93)) - 6d685894-e83d-4eff-a4f6-a21b002b35fd: shutdown 6d685894-e83d-4eff-a4f6-a21b002b35fd@group-CF48E0ED285B-LeaderStateImpl
2023-07-05 13:42:39,611 [6d685894-e83d-4eff-a4f6-a21b002b35fd@group-CF48E0ED285B->c67f853f-9851-48e5-9814-c89133fda60b-GrpcLogAppender-LogAppenderDaemon] WARN  server.GrpcLogAppender (GrpcLogAppender.java:mayWait(199)) - 6d685894-e83d-4eff-a4f6-a21b002b35fd@group-CF48E0ED285B->c67f853f-9851-48e5-9814-c89133fda60b-GrpcLogAppender: Wait interrupted by java.lang.InterruptedException
2023-07-05 13:42:39,612 [grpc-default-executor-0] INFO  server.GrpcServerProtocolService (GrpcServerProtocolService.java:onCompleted(155)) - c67f853f-9851-48e5-9814-c89133fda60b: Completed APPEND_ENTRIES, lastRequest: null
2023-07-05 13:42:39,613 [grpc-default-executor-0] INFO  server.GrpcServerProtocolService (GrpcServerProtocolService.java:lambda$onCompleted$5(157)) - c67f853f-9851-48e5-9814-c89133fda60b: Completed APPEND_ENTRIES, lastReply: serverReply {
  requestorId: "6d685894-e83d-4eff-a4f6-a21b002b35fd"
  replyId: "c67f853f-9851-48e5-9814-c89133fda60b"
  raftGroupId {
    id: "\275y\3064\323\316DE\252\367\317H\340\355(["
  }
  callId: 6
  success: true
}
term: 1
nextIndex: 1
matchIndex: 18446744073709551615
isHearbeat: true

2023-07-05 13:42:39,613 [grpc-default-executor-2] INFO  server.GrpcLogAppender (GrpcLogAppender.java:onCompleted(428)) - 6d685894-e83d-4eff-a4f6-a21b002b35fd@group-CF48E0ED285B->c67f853f-9851-48e5-9814-c89133fda60b-AppendLogResponseHandler: follower responses appendEntries COMPLETED
2023-07-05 13:42:39,614 [grpc-default-executor-2] INFO  leader.FollowerInfo (FollowerInfoImpl.java:lambda$new$0(52)) - 6d685894-e83d-4eff-a4f6-a21b002b35fd@group-CF48E0ED285B->c67f853f-9851-48e5-9814-c89133fda60b: decreaseNextIndex nextIndex: updateUnconditionally 6 -> 5
2023-07-05 13:42:39,618 [6d685894-e83d-4eff-a4f6-a21b002b35fd@group-D713B65C45D2-StateMachineUpdater] INFO  ratis.ContainerStateMachine (ContainerStateMachine.java:takeSnapshot(341)) - group-D713B65C45D2: Finished taking a snapshot at:(t:1, i:0) file:/home/runner/work/ozone/ozone/hadoop-ozone/integration-test/target/test-dir/MiniOzoneClusterImpl-a91d5bca-d5a1-41cf-9733-6b4d6b49c170/datanode-1/data/ratis/77efb71e-c570-447e-8db9-d713b65c45d2/sm/snapshot.1_0 took: 19 ms
2023-07-05 13:42:39,618 [6d685894-e83d-4eff-a4f6-a21b002b35fd@group-D713B65C45D2-StateMachineUpdater] INFO  impl.StateMachineUpdater (StateMachineUpdater.java:takeSnapshot(291)) - 6d685894-e83d-4eff-a4f6-a21b002b35fd@group-D713B65C45D2-StateMachineUpdater: Took a snapshot at index 0
2023-07-05 13:42:39,618 [6d685894-e83d-4eff-a4f6-a21b002b35fd@group-D713B65C45D2-StateMachineUpdater] INFO  impl.StateMachineUpdater (StateMachineUpdater.java:lambda$new$0(97)) - 6d685894-e83d-4eff-a4f6-a21b002b35fd@group-D713B65C45D2-StateMachineUpdater: snapshotIndex: updateIncreasingly -1 -> 0
2023-07-05 13:42:39,618 [6d685894-e83d-4eff-a4f6-a21b002b35fd@group-CF48E0ED285B->76b6de06-79b2-4410-afad-6ed4eb2113a8-GrpcLogAppender-LogAppenderDaemon] WARN  server.GrpcLogAppender (GrpcLogAppender.java:mayWait(199)) - 6d685894-e83d-4eff-a4f6-a21b002b35fd@group-CF48E0ED285B->76b6de06-79b2-4410-afad-6ed4eb2113a8-GrpcLogAppender: Wait interrupted by java.lang.InterruptedException
2023-07-05 13:42:39,618 [6d685894-e83d-4eff-a4f6-a21b002b35fd-impl-thread3] INFO  impl.PendingRequests (PendingRequests.java:sendNotLeaderResponses(289)) - 6d685894-e83d-4eff-a4f6-a21b002b35fd@group-CF48E0ED285B-PendingRequests: sendNotLeaderResponses
2023-07-05 13:42:39,619 [grpc-default-executor-5] INFO  server.GrpcServerProtocolService (GrpcServerProtocolService.java:onCompleted(155)) - 76b6de06-79b2-4410-afad-6ed4eb2113a8: Completed APPEND_ENTRIES, lastRequest: null
2023-07-05 13:42:39,620 [grpc-default-executor-5] INFO  server.GrpcServerProtocolService (GrpcServerProtocolService.java:lambda$onCompleted$5(157)) - 76b6de06-79b2-4410-afad-6ed4eb2113a8: Completed APPEND_ENTRIES, lastReply: serverReply {
  requestorId: "6d685894-e83d-4eff-a4f6-a21b002b35fd"
  replyId: "76b6de06-79b2-4410-afad-6ed4eb2113a8"
  raftGroupId {
    id: "\275y\3064\323\316DE\252\367\317H\340\355(["
  }
  callId: 5
  success: true
}
term: 1
nextIndex: 1
matchIndex: 18446744073709551615
isHearbeat: true

2023-07-05 13:42:39,619 [grpc-default-executor-2] INFO  server.GrpcServerProtocolService (GrpcServerProtocolService.java:onCompleted(155)) - 76b6de06-79b2-4410-afad-6ed4eb2113a8: Completed APPEND_ENTRIES, lastRequest: 6d685894-e83d-4eff-a4f6-a21b002b35fd->76b6de06-79b2-4410-afad-6ed4eb2113a8#13-t1,previous=(t:1, i:4),leaderCommit=4,initializing? true,entries: size=1, first=(t:1, i:5), METADATAENTRY(c:4)
2023-07-05 13:42:39,620 [grpc-default-executor-2] INFO  server.GrpcServerProtocolService (GrpcServerProtocolService.java:lambda$onCompleted$5(157)) - 76b6de06-79b2-4410-afad-6ed4eb2113a8: Completed APPEND_ENTRIES, lastReply: null
2023-07-05 13:42:39,619 [grpc-default-executor-4] INFO  server.GrpcServerProtocolService (GrpcServerProtocolService.java:onCompleted(155)) - c67f853f-9851-48e5-9814-c89133fda60b: Completed APPEND_ENTRIES, lastRequest: 6d685894-e83d-4eff-a4f6-a21b002b35fd->c67f853f-9851-48e5-9814-c89133fda60b#14-t1,previous=(t:1, i:4),leaderCommit=4,initializing? true,entries: size=1, first=(t:1, i:5), METADATAENTRY(c:4)
2023-07-05 13:42:39,621 [grpc-default-executor-4] INFO  server.GrpcServerProtocolService (GrpcServerProtocolService.java:lambda$onCompleted$5(157)) - c67f853f-9851-48e5-9814-c89133fda60b: Completed APPEND_ENTRIES, lastReply: null
2023-07-05 13:42:39,619 [6d685894-e83d-4eff-a4f6-a21b002b35fd-impl-thread2] INFO  server.RaftServer$Division (ServerState.java:close(472)) - 6d685894-e83d-4eff-a4f6-a21b002b35fd@group-D713B65C45D2: closes. applyIndex: 0
2023-07-05 13:42:39,621 [Thread-992] INFO  server.GrpcServerProtocolClient (GrpcServerProtocolClient.java:close(103)) - 76b6de06-79b2-4410-afad-6ed4eb2113a8 Close channels
2023-07-05 13:42:39,621 [grpc-default-executor-3] INFO  server.GrpcLogAppender (GrpcLogAppender.java:onCompleted(428)) - 6d685894-e83d-4eff-a4f6-a21b002b35fd@group-CF48E0ED285B->c67f853f-9851-48e5-9814-c89133fda60b-AppendLogResponseHandler: follower responses appendEntries COMPLETED
2023-07-05 13:42:39,622 [grpc-default-executor-3] WARN  server.GrpcLogAppender (GrpcLogAppender.java:resetClient(137)) - 6d685894-e83d-4eff-a4f6-a21b002b35fd@group-CF48E0ED285B->c67f853f-9851-48e5-9814-c89133fda60b-GrpcLogAppender: Failed to getClient for c67f853f-9851-48e5-9814-c89133fda60b
org.apache.ratis.protocol.exceptions.AlreadyClosedException: 6d685894-e83d-4eff-a4f6-a21b002b35fd is already CLOSED
	at org.apache.ratis.util.PeerProxyMap$PeerAndProxy.getProxy(PeerProxyMap.java:61)
	at org.apache.ratis.util.PeerProxyMap.getProxy(PeerProxyMap.java:115)
	at org.apache.ratis.grpc.server.GrpcLogAppender.getClient(GrpcLogAppender.java:112)
	at org.apache.ratis.grpc.server.GrpcLogAppender.resetClient(GrpcLogAppender.java:117)
	at org.apache.ratis.grpc.server.GrpcLogAppender.access$500(GrpcLogAppender.java:56)
	at org.apache.ratis.grpc.server.GrpcLogAppender$AppendLogResponseHandler.onCompleted(GrpcLogAppender.java:429)
	at org.apache.ratis.thirdparty.io.grpc.stub.ClientCalls$StreamObserverToCallListenerAdapter.onClose(ClientCalls.java:485)
	at org.apache.ratis.thirdparty.io.grpc.internal.ClientCallImpl.closeObserver(ClientCallImpl.java:563)
	at org.apache.ratis.thirdparty.io.grpc.internal.ClientCallImpl.access$300(ClientCallImpl.java:70)
	at org.apache.ratis.thirdparty.io.grpc.internal.ClientCallImpl$ClientStreamListenerImpl$1StreamClosed.runInternal(ClientCallImpl.java:744)
	at org.apache.ratis.thirdparty.io.grpc.internal.ClientCallImpl$ClientStreamListenerImpl$1StreamClosed.runInContext(ClientCallImpl.java:723)
	at org.apache.ratis.thirdparty.io.grpc.internal.ContextRunnable.run(ContextRunnable.java:37)
	at org.apache.ratis.thirdparty.io.grpc.internal.SerializingExecutor.run(SerializingExecutor.java:133)
	at java.util.concurrent.ThreadPoolExecutor.runWorker(ThreadPoolExecutor.java:1149)
	at java.util.concurrent.ThreadPoolExecutor$Worker.run(ThreadPoolExecutor.java:624)
	at java.lang.Thread.run(Thread.java:750)
2023-07-05 13:42:39,622 [Thread-991] INFO  server.GrpcServerProtocolClient (GrpcServerProtocolClient.java:close(103)) - c67f853f-9851-48e5-9814-c89133fda60b Close channels
2023-07-05 13:42:39,623 [grpc-default-executor-3] INFO  server.GrpcLogAppender (GrpcLogAppender.java:onCompleted(428)) - 6d685894-e83d-4eff-a4f6-a21b002b35fd@group-CF48E0ED285B->76b6de06-79b2-4410-afad-6ed4eb2113a8-AppendLogResponseHandler: follower responses appendEntries COMPLETED
2023-07-05 13:42:39,624 [grpc-default-executor-3] WARN  server.GrpcLogAppender (GrpcLogAppender.java:resetClient(137)) - 6d685894-e83d-4eff-a4f6-a21b002b35fd@group-CF48E0ED285B->76b6de06-79b2-4410-afad-6ed4eb2113a8-GrpcLogAppender: Failed to getClient for 76b6de06-79b2-4410-afad-6ed4eb2113a8
org.apache.ratis.protocol.exceptions.AlreadyClosedException: 6d685894-e83d-4eff-a4f6-a21b002b35fd is already CLOSED
	at org.apache.ratis.util.PeerProxyMap$PeerAndProxy.getProxy(PeerProxyMap.java:61)
	at org.apache.ratis.util.PeerProxyMap.getProxy(PeerProxyMap.java:115)
	at org.apache.ratis.grpc.server.GrpcLogAppender.getClient(GrpcLogAppender.java:112)
	at org.apache.ratis.grpc.server.GrpcLogAppender.resetClient(GrpcLogAppender.java:117)
	at org.apache.ratis.grpc.server.GrpcLogAppender.access$500(GrpcLogAppender.java:56)
	at org.apache.ratis.grpc.server.GrpcLogAppender$AppendLogResponseHandler.onCompleted(GrpcLogAppender.java:429)
	at org.apache.ratis.thirdparty.io.grpc.stub.ClientCalls$StreamObserverToCallListenerAdapter.onClose(ClientCalls.java:485)
	at org.apache.ratis.thirdparty.io.grpc.internal.ClientCallImpl.closeObserver(ClientCallImpl.java:563)
	at org.apache.ratis.thirdparty.io.grpc.internal.ClientCallImpl.access$300(ClientCallImpl.java:70)
	at org.apache.ratis.thirdparty.io.grpc.internal.ClientCallImpl$ClientStreamListenerImpl$1StreamClosed.runInternal(ClientCallImpl.java:744)
	at org.apache.ratis.thirdparty.io.grpc.internal.ClientCallImpl$ClientStreamListenerImpl$1StreamClosed.runInContext(ClientCallImpl.java:723)
	at org.apache.ratis.thirdparty.io.grpc.internal.ContextRunnable.run(ContextRunnable.java:37)
	at org.apache.ratis.thirdparty.io.grpc.internal.SerializingExecutor.run(SerializingExecutor.java:133)
	at java.util.concurrent.ThreadPoolExecutor.runWorker(ThreadPoolExecutor.java:1149)
	at java.util.concurrent.ThreadPoolExecutor$Worker.run(ThreadPoolExecutor.java:624)
	at java.lang.Thread.run(Thread.java:750)
2023-07-05 13:42:39,623 [grpc-default-executor-6] INFO  server.GrpcLogAppender (GrpcLogAppender.java:onCompleted(428)) - 6d685894-e83d-4eff-a4f6-a21b002b35fd@group-CF48E0ED285B->76b6de06-79b2-4410-afad-6ed4eb2113a8-AppendLogResponseHandler: follower responses appendEntries COMPLETED
2023-07-05 13:42:39,624 [grpc-default-executor-6] WARN  server.GrpcLogAppender (GrpcLogAppender.java:resetClient(137)) - 6d685894-e83d-4eff-a4f6-a21b002b35fd@group-CF48E0ED285B->76b6de06-79b2-4410-afad-6ed4eb2113a8-GrpcLogAppender: Failed to getClient for 76b6de06-79b2-4410-afad-6ed4eb2113a8
org.apache.ratis.protocol.exceptions.AlreadyClosedException: 6d685894-e83d-4eff-a4f6-a21b002b35fd is already CLOSED
	at org.apache.ratis.util.PeerProxyMap$PeerAndProxy.getProxy(PeerProxyMap.java:61)
	at org.apache.ratis.util.PeerProxyMap.getProxy(PeerProxyMap.java:115)
	at org.apache.ratis.grpc.server.GrpcLogAppender.getClient(GrpcLogAppender.java:112)
	at org.apache.ratis.grpc.server.GrpcLogAppender.resetClient(GrpcLogAppender.java:117)
	at org.apache.ratis.grpc.server.GrpcLogAppender.access$500(GrpcLogAppender.java:56)
	at org.apache.ratis.grpc.server.GrpcLogAppender$AppendLogResponseHandler.onCompleted(GrpcLogAppender.java:429)
	at org.apache.ratis.thirdparty.io.grpc.stub.ClientCalls$StreamObserverToCallListenerAdapter.onClose(ClientCalls.java:485)
	at org.apache.ratis.thirdparty.io.grpc.internal.ClientCallImpl.closeObserver(ClientCallImpl.java:563)
	at org.apache.ratis.thirdparty.io.grpc.internal.ClientCallImpl.access$300(ClientCallImpl.java:70)
	at org.apache.ratis.thirdparty.io.grpc.internal.ClientCallImpl$ClientStreamListenerImpl$1StreamClosed.runInternal(ClientCallImpl.java:744)
	at org.apache.ratis.thirdparty.io.grpc.internal.ClientCallImpl$ClientStreamListenerImpl$1StreamClosed.runInContext(ClientCallImpl.java:723)
	at org.apache.ratis.thirdparty.io.grpc.internal.ContextRunnable.run(ContextRunnable.java:37)
	at org.apache.ratis.thirdparty.io.grpc.internal.SerializingExecutor.run(SerializingExecutor.java:133)
	at java.util.concurrent.ThreadPoolExecutor.runWorker(ThreadPoolExecutor.java:1149)
	at java.util.concurrent.ThreadPoolExecutor$Worker.run(ThreadPoolExecutor.java:624)
	at java.lang.Thread.run(Thread.java:750)
2023-07-05 13:42:39,631 [6d685894-e83d-4eff-a4f6-a21b002b35fd-impl-thread3] INFO  impl.StateMachineUpdater (StateMachineUpdater.java:stopAndJoin(155)) - 6d685894-e83d-4eff-a4f6-a21b002b35fd@group-CF48E0ED285B-StateMachineUpdater: set stopIndex = 5
2023-07-05 13:42:39,631 [6d685894-e83d-4eff-a4f6-a21b002b35fd@group-CF48E0ED285B-StateMachineUpdater] INFO  ratis.ContainerStateMachine (ContainerStateMachine.java:takeSnapshot(330)) - group-CF48E0ED285B: Taking a snapshot at:(t:1, i:5) file /home/runner/work/ozone/ozone/hadoop-ozone/integration-test/target/test-dir/MiniOzoneClusterImpl-a91d5bca-d5a1-41cf-9733-6b4d6b49c170/datanode-1/data/ratis/bd79c634-d3ce-4445-aaf7-cf48e0ed285b/sm/snapshot.1_5
2023-07-05 13:42:39,632 [Time-limited test] INFO  server.GrpcService (GrpcService.java:closeImpl(320)) - 6d685894-e83d-4eff-a4f6-a21b002b35fd: shutdown server org.apache.ratis.grpc.server.GrpcClientProtocolService successfully
2023-07-05 13:42:39,632 [Time-limited test] INFO  server.GrpcService (GrpcService.java:closeImpl(311)) - 6d685894-e83d-4eff-a4f6-a21b002b35fd: shutdown server GrpcServerProtocolService now
2023-07-05 13:42:39,633 [grpc-default-executor-4] WARN  server.GrpcLogAppender (LogUtils.java:warn(122)) - 76b6de06-79b2-4410-afad-6ed4eb2113a8@group-D713B65C45D2->6d685894-e83d-4eff-a4f6-a21b002b35fd-AppendLogResponseHandler: Failed appendEntries: org.apache.ratis.thirdparty.io.grpc.StatusRuntimeException: CANCELLED: RST_STREAM closed stream. HTTP/2 error code: CANCEL
2023-07-05 13:42:39,633 [grpc-default-executor-4] WARN  server.GrpcLogAppender (GrpcLogAppender.java:resetClient(128)) - 76b6de06-79b2-4410-afad-6ed4eb2113a8@group-D713B65C45D2->6d685894-e83d-4eff-a4f6-a21b002b35fd-GrpcLogAppender: Follower failed when matchIndex == 0,  keep nextIndex (1) unchanged and retry.
2023-07-05 13:42:39,634 [grpc-default-executor-0] WARN  server.GrpcServerProtocolService (LogUtils.java:warn(122)) - 6d685894-e83d-4eff-a4f6-a21b002b35fd: APPEND_ENTRIES onError, lastRequest: 76b6de06-79b2-4410-afad-6ed4eb2113a8->6d685894-e83d-4eff-a4f6-a21b002b35fd#1-t1,previous=(t:0, i:0),leaderCommit=-1,initializing? true,entries: size=1, first=(t:1, i:0), CONFIGURATIONENTRY(current:id: "c67f853f-9851-48e5-9814-c89133fda60b"
address: "10.1.0.13:15067"
dataStreamAddress: "10.1.0.13:15068"
clientAddress: "10.1.0.13:15065"
adminAddress: "10.1.0.13:15066"
startupRole: FOLLOWER
,id: "6d685894-e83d-4eff-a4f6-a21b002b35fd"
address: "10.1.0.13:15076"
dataStreamAddress: "10.1.0.13:15077"
clientAddress: "10.1.0.13:15074"
adminAddress: "10.1.0.13:15075"
startupRole: FOLLOWER
,id: "76b6de06-79b2-4410-afad-6ed4eb2113a8"
address: "10.1.0.13:15085"
priority: 1
dataStreamAddress: "10.1.0.13:15086"
clientAddress: "10.1.0.13:15083"
adminAddress: "10.1.0.13:15084"
startupRole: FOLLOWER
, old:): org.apache.ratis.thirdparty.io.grpc.StatusRuntimeException: CANCELLED: client cancelled
2023-07-05 13:42:39,634 [grpc-default-executor-6] WARN  server.GrpcServerProtocolService (LogUtils.java:warn(122)) - 6d685894-e83d-4eff-a4f6-a21b002b35fd: APPEND_ENTRIES onError, lastRequest: null: org.apache.ratis.thirdparty.io.grpc.StatusRuntimeException: CANCELLED: client cancelled
2023-07-05 13:42:39,634 [6d685894-e83d-4eff-a4f6-a21b002b35fd@group-CF48E0ED285B-StateMachineUpdater] INFO  ratis.ContainerStateMachine (ContainerStateMachine.java:takeSnapshot(341)) - group-CF48E0ED285B: Finished taking a snapshot at:(t:1, i:5) file:/home/runner/work/ozone/ozone/hadoop-ozone/integration-test/target/test-dir/MiniOzoneClusterImpl-a91d5bca-d5a1-41cf-9733-6b4d6b49c170/datanode-1/data/ratis/bd79c634-d3ce-4445-aaf7-cf48e0ed285b/sm/snapshot.1_5 took: 3 ms
2023-07-05 13:42:39,635 [6d685894-e83d-4eff-a4f6-a21b002b35fd@group-CF48E0ED285B-StateMachineUpdater] INFO  impl.StateMachineUpdater (StateMachineUpdater.java:takeSnapshot(291)) - 6d685894-e83d-4eff-a4f6-a21b002b35fd@group-CF48E0ED285B-StateMachineUpdater: Took a snapshot at index 5
2023-07-05 13:42:39,635 [6d685894-e83d-4eff-a4f6-a21b002b35fd@group-CF48E0ED285B-StateMachineUpdater] INFO  impl.StateMachineUpdater (StateMachineUpdater.java:lambda$new$0(97)) - 6d685894-e83d-4eff-a4f6-a21b002b35fd@group-CF48E0ED285B-StateMachineUpdater: snapshotIndex: updateIncreasingly -1 -> 5
2023-07-05 13:42:39,639 [6d685894-e83d-4eff-a4f6-a21b002b35fd-impl-thread3] INFO  server.RaftServer$Division (ServerState.java:close(472)) - 6d685894-e83d-4eff-a4f6-a21b002b35fd@group-CF48E0ED285B: closes. applyIndex: 5
2023-07-05 13:42:39,646 [grpc-default-executor-4] WARN  server.GrpcLogAppender (LogUtils.java:warn(122)) - 76b6de06-79b2-4410-afad-6ed4eb2113a8@group-D713B65C45D2->6d685894-e83d-4eff-a4f6-a21b002b35fd-AppendLogResponseHandler: Failed appendEntries: org.apache.ratis.thirdparty.io.grpc.StatusRuntimeException: CANCELLED: RST_STREAM closed stream. HTTP/2 error code: CANCEL
2023-07-05 13:42:39,646 [grpc-default-executor-4] WARN  server.GrpcLogAppender (GrpcLogAppender.java:resetClient(128)) - 76b6de06-79b2-4410-afad-6ed4eb2113a8@group-D713B65C45D2->6d685894-e83d-4eff-a4f6-a21b002b35fd-GrpcLogAppender: Follower failed when matchIndex == 0,  keep nextIndex (1) unchanged and retry.
2023-07-05 13:42:39,646 [Time-limited test] INFO  server.GrpcService (GrpcService.java:closeImpl(320)) - 6d685894-e83d-4eff-a4f6-a21b002b35fd: shutdown server GrpcServerProtocolService successfully
2023-07-05 13:42:39,647 [Time-limited test] INFO  server.GrpcService (GrpcService.java:closeImpl(311)) - 6d685894-e83d-4eff-a4f6-a21b002b35fd: shutdown server org.apache.ratis.grpc.server.GrpcAdminProtocolService now
2023-07-05 13:42:39,648 [Time-limited test] INFO  server.GrpcService (GrpcService.java:closeImpl(320)) - 6d685894-e83d-4eff-a4f6-a21b002b35fd: shutdown server org.apache.ratis.grpc.server.GrpcAdminProtocolService successfully
2023-07-05 13:42:39,648 [6d685894-e83d-4eff-a4f6-a21b002b35fd-NettyServerStreamRpc-bossGroup--thread1] INFO  logging.LoggingHandler (AbstractInternalLogger.java:log(148)) - [id: 0x49e36881, L:/0:0:0:0:0:0:0:0:15077] CLOSE
2023-07-05 13:42:39,648 [6d685894-e83d-4eff-a4f6-a21b002b35fd-NettyServerStreamRpc-bossGroup--thread1] INFO  logging.LoggingHandler (AbstractInternalLogger.java:log(148)) - [id: 0x49e36881, L:/0:0:0:0:0:0:0:0:15077] INACTIVE
2023-07-05 13:42:39,648 [6d685894-e83d-4eff-a4f6-a21b002b35fd-NettyServerStreamRpc-bossGroup--thread1] INFO  logging.LoggingHandler (AbstractInternalLogger.java:log(148)) - [id: 0x49e36881, L:/0:0:0:0:0:0:0:0:15077] UNREGISTERED
2023-07-05 13:42:39,833 [6d685894-e83d-4eff-a4f6-a21b002b35fd-impl-thread2] INFO  segmented.SegmentedRaftLogWorker (SegmentedRaftLogWorker.java:close(252)) - 6d685894-e83d-4eff-a4f6-a21b002b35fd@group-D713B65C45D2-SegmentedRaftLogWorker close()
2023-07-05 13:42:40,308 [ReplicationMonitor] INFO  replication.ReplicationManager (ReplicationManager.java:processAll(389)) - Replication Monitor Thread took 1 milliseconds for processing 1 containers.
2023-07-05 13:42:40,376 [grpc-default-executor-0] WARN  server.GrpcLogAppender (LogUtils.java:warn(122)) - 76b6de06-79b2-4410-afad-6ed4eb2113a8@group-D713B65C45D2->6d685894-e83d-4eff-a4f6-a21b002b35fd-AppendLogResponseHandler: Failed appendEntries: org.apache.ratis.thirdparty.io.grpc.StatusRuntimeException: UNAVAILABLE: io exception
2023-07-05 13:42:40,376 [grpc-default-executor-0] WARN  server.GrpcLogAppender (GrpcLogAppender.java:resetClient(128)) - 76b6de06-79b2-4410-afad-6ed4eb2113a8@group-D713B65C45D2->6d685894-e83d-4eff-a4f6-a21b002b35fd-GrpcLogAppender: Follower failed when matchIndex == 0,  keep nextIndex (1) unchanged and retry.
2023-07-05 13:42:40,383 [grpc-default-executor-4] WARN  server.GrpcLogAppender (LogUtils.java:warn(122)) - 76b6de06-79b2-4410-afad-6ed4eb2113a8@group-D713B65C45D2->6d685894-e83d-4eff-a4f6-a21b002b35fd-AppendLogResponseHandler: Failed appendEntries: org.apache.ratis.thirdparty.io.grpc.StatusRuntimeException: UNAVAILABLE: io exception
2023-07-05 13:42:40,384 [grpc-default-executor-4] WARN  server.GrpcLogAppender (GrpcLogAppender.java:resetClient(128)) - 76b6de06-79b2-4410-afad-6ed4eb2113a8@group-D713B65C45D2->6d685894-e83d-4eff-a4f6-a21b002b35fd-GrpcLogAppender: Follower failed when matchIndex == 0,  keep nextIndex (1) unchanged and retry.
2023-07-05 13:42:40,385 [6d685894-e83d-4eff-a4f6-a21b002b35fd-impl-thread1] INFO  segmented.SegmentedRaftLogWorker (SegmentedRaftLogWorker.java:close(252)) - 6d685894-e83d-4eff-a4f6-a21b002b35fd@group-E117380D7C5E-SegmentedRaftLogWorker close()
2023-07-05 13:42:40,389 [6d685894-e83d-4eff-a4f6-a21b002b35fd-impl-thread3] INFO  segmented.SegmentedRaftLogWorker (SegmentedRaftLogWorker.java:close(252)) - 6d685894-e83d-4eff-a4f6-a21b002b35fd@group-CF48E0ED285B-SegmentedRaftLogWorker close()
2023-07-05 13:42:40,391 [JvmPauseMonitor10] INFO  util.JvmPauseMonitor (JvmPauseMonitor.java:run(109)) - JvmPauseMonitor-6d685894-e83d-4eff-a4f6-a21b002b35fd: Stopped
2023-07-05 13:42:41,309 [ReplicationMonitor] INFO  replication.ReplicationManager (ReplicationManager.java:processAll(389)) - Replication Monitor Thread took 1 milliseconds for processing 1 containers.
2023-07-05 13:42:41,625 [grpc-default-executor-4] WARN  server.GrpcLogAppender (LogUtils.java:warn(122)) - 76b6de06-79b2-4410-afad-6ed4eb2113a8@group-D713B65C45D2->6d685894-e83d-4eff-a4f6-a21b002b35fd-AppendLogResponseHandler: Failed appendEntries: org.apache.ratis.thirdparty.io.grpc.StatusRuntimeException: UNAVAILABLE: io exception
2023-07-05 13:42:41,626 [grpc-default-executor-0] WARN  server.GrpcLogAppender (LogUtils.java:warn(122)) - 76b6de06-79b2-4410-afad-6ed4eb2113a8@group-D713B65C45D2->6d685894-e83d-4eff-a4f6-a21b002b35fd-AppendLogResponseHandler: Failed appendEntries: org.apache.ratis.thirdparty.io.grpc.StatusRuntimeException: UNAVAILABLE: io exception
2023-07-05 13:42:41,626 [grpc-default-executor-4] WARN  server.GrpcLogAppender (GrpcLogAppender.java:resetClient(128)) - 76b6de06-79b2-4410-afad-6ed4eb2113a8@group-D713B65C45D2->6d685894-e83d-4eff-a4f6-a21b002b35fd-GrpcLogAppender: Follower failed when matchIndex == 0,  keep nextIndex (1) unchanged and retry.
2023-07-05 13:42:41,627 [grpc-default-executor-0] WARN  server.GrpcLogAppender (GrpcLogAppender.java:resetClient(128)) - 76b6de06-79b2-4410-afad-6ed4eb2113a8@group-D713B65C45D2->6d685894-e83d-4eff-a4f6-a21b002b35fd-GrpcLogAppender: Follower failed when matchIndex == 0,  keep nextIndex (1) unchanged and retry.
2023-07-05 13:42:42,309 [ReplicationMonitor] INFO  replication.ReplicationManager (ReplicationManager.java:processAll(389)) - Replication Monitor Thread took 0 milliseconds for processing 1 containers.
2023-07-05 13:42:42,395 [Time-limited test] INFO  utils.DatanodeStoreCache (DatanodeStoreCache.java:shutdownCache(110)) - Skip clearing cache in mini cluster mode. Entries left: [/home/runner/work/ozone/ozone/hadoop-ozone/integration-test/target/test-dir/MiniOzoneClusterImpl-a91d5bca-d5a1-41cf-9733-6b4d6b49c170/datanode-0/data-0/containers/hdds/a91d5bca-d5a1-41cf-9733-6b4d6b49c170/DS-ae7d785a-8212-4074-887a-c77d44ba5ebb/container.db, /home/runner/work/ozone/ozone/hadoop-ozone/integration-test/target/test-dir/MiniOzoneClusterImpl-a91d5bca-d5a1-41cf-9733-6b4d6b49c170/datanode-1/data-0/containers/hdds/a91d5bca-d5a1-41cf-9733-6b4d6b49c170/DS-66d00c67-8742-4354-b307-86ee780b3583/container.db, /home/runner/work/ozone/ozone/hadoop-ozone/integration-test/target/test-dir/MiniOzoneClusterImpl-a91d5bca-d5a1-41cf-9733-6b4d6b49c170/datanode-2/data-0/containers/hdds/a91d5bca-d5a1-41cf-9733-6b4d6b49c170/DS-f6cdf5d1-928a-47da-b4e8-3e7cdbe19d55/container.db, /home/runner/work/ozone/ozone/hadoop-ozone/integration-test/target/test-dir/MiniOzoneClusterImpl-a91d5bca-d5a1-41cf-9733-6b4d6b49c170/datanode-3/data-0/containers/hdds/a91d5bca-d5a1-41cf-9733-6b4d6b49c170/DS-24f0f323-7325-4cd0-bae6-f3c867276659/container.db, /home/runner/work/ozone/ozone/hadoop-ozone/integration-test/target/test-dir/MiniOzoneClusterImpl-a91d5bca-d5a1-41cf-9733-6b4d6b49c170/datanode-4/data-0/containers/hdds/a91d5bca-d5a1-41cf-9733-6b4d6b49c170/DS-61c3585b-737f-4672-95e6-ef4ec318c51f/container.db]
2023-07-05 13:42:42,400 [Time-limited test] INFO  utils.DatanodeStoreCache (DatanodeStoreCache.java:removeDB(104)) - Removed db /home/runner/work/ozone/ozone/hadoop-ozone/integration-test/target/test-dir/MiniOzoneClusterImpl-a91d5bca-d5a1-41cf-9733-6b4d6b49c170/datanode-1/data-0/containers/hdds/a91d5bca-d5a1-41cf-9733-6b4d6b49c170/DS-66d00c67-8742-4354-b307-86ee780b3583/container.db from cache
2023-07-05 13:42:42,400 [Time-limited test] INFO  volume.HddsVolume (HddsVolume.java:closeDbStore(509)) - SchemaV3 db is stopped at /home/runner/work/ozone/ozone/hadoop-ozone/integration-test/target/test-dir/MiniOzoneClusterImpl-a91d5bca-d5a1-41cf-9733-6b4d6b49c170/datanode-1/data-0/containers/hdds/a91d5bca-d5a1-41cf-9733-6b4d6b49c170/DS-66d00c67-8742-4354-b307-86ee780b3583/container.db for volume DS-66d00c67-8742-4354-b307-86ee780b3583
2023-07-05 13:42:42,401 [Time-limited test] INFO  utils.BackgroundService (BackgroundService.java:shutdown(141)) - Shutting down service BlockDeletingService
2023-07-05 13:42:42,401 [Time-limited test] INFO  utils.BackgroundService (BackgroundService.java:shutdown(141)) - Shutting down service StaleRecoveringContainerScrubbingService
2023-07-05 13:42:42,402 [Time-limited test] INFO  statemachine.DatanodeStateMachine (DatanodeStateMachine.java:stopDaemon(613)) - Ozone container server stopped.
2023-07-05 13:42:42,419 [Time-limited test] INFO  handler.ContextHandler (ContextHandler.java:doStop(1159)) - Stopped o.e.j.w.WebAppContext@2168393c{hddsDatanode,/,null,STOPPED}{jar:file:/home/runner/.m2/repository/org/apache/ozone/hdds-container-service/1.4.0-SNAPSHOT/hdds-container-service-1.4.0-SNAPSHOT.jar!/webapps/hddsDatanode}
2023-07-05 13:42:42,421 [Time-limited test] INFO  server.AbstractConnector (AbstractConnector.java:doStop(383)) - Stopped ServerConnector@5636b172{HTTP/1.1, (http/1.1)}{0.0.0.0:15071}
2023-07-05 13:42:42,421 [Time-limited test] INFO  server.session (HouseKeeper.java:stopScavenging(149)) - node0 Stopped scavenging
2023-07-05 13:42:42,421 [Time-limited test] INFO  handler.ContextHandler (ContextHandler.java:doStop(1159)) - Stopped o.e.j.s.ServletContextHandler@20c46172{static,/static,jar:file:/home/runner/.m2/repository/org/apache/ozone/hdds-container-service/1.4.0-SNAPSHOT/hdds-container-service-1.4.0-SNAPSHOT.jar!/webapps/static,STOPPED}
2023-07-05 13:42:42,422 [Time-limited test] INFO  handler.ContextHandler (ContextHandler.java:doStop(1159)) - Stopped o.e.j.s.ServletContextHandler@f0c3ed9{logs,/logs,file:///home/runner/work/ozone/ozone/hadoop-ozone/integration-test/target/log,STOPPED}
2023-07-05 13:42:42,423 [EventQueue-StaleNodeForStaleNodeHandler] INFO  node.StaleNodeHandler (StaleNodeHandler.java:onMessage(58)) - Datanode 6d685894-e83d-4eff-a4f6-a21b002b35fd(fv-az264-29.ca02foy5wcnuvlrvrz2wi3p2og.dx.internal.cloudapp.net/10.1.0.13) moved to stale state. Finalizing its pipelines [PipelineID=7a28abbc-2255-4000-990c-e117380d7c5e, PipelineID=77efb71e-c570-447e-8db9-d713b65c45d2, PipelineID=bd79c634-d3ce-4445-aaf7-cf48e0ed285b]
2023-07-05 13:42:42,423 [Time-limited test] INFO  ozone.HddsDatanodeClientProtocolServer (HddsDatanodeClientProtocolServer.java:stop(78)) - Stopping the RPC server for Client Protocol
2023-07-05 13:42:42,423 [Time-limited test] INFO  ipc.Server (Server.java:stop(3523)) - Stopping server on 15072
2023-07-05 13:42:42,427 [IPC Server Responder] INFO  ipc.Server (Server.java:run(1567)) - Stopping IPC Server Responder
2023-07-05 13:42:42,428 [EventQueue-StaleNodeForStaleNodeHandler] INFO  pipeline.PipelineManagerImpl (PipelineManagerImpl.java:closePipeline(510)) - Pipeline Pipeline[ Id: 7a28abbc-2255-4000-990c-e117380d7c5e, Nodes: 6d685894-e83d-4eff-a4f6-a21b002b35fd(fv-az264-29.ca02foy5wcnuvlrvrz2wi3p2og.dx.internal.cloudapp.net/10.1.0.13), ReplicationConfig: RATIS/ONE, State:OPEN, leaderId:6d685894-e83d-4eff-a4f6-a21b002b35fd, CreationTimestamp2023-07-05T13:42:19.855Z[Etc/UTC]] moved to CLOSED state
2023-07-05 13:42:42,429 [EventQueue-StaleNodeForStaleNodeHandler] INFO  pipeline.PipelineManagerImpl (PipelineManagerImpl.java:closePipeline(510)) - Pipeline Pipeline[ Id: 77efb71e-c570-447e-8db9-d713b65c45d2, Nodes: 6d685894-e83d-4eff-a4f6-a21b002b35fd(fv-az264-29.ca02foy5wcnuvlrvrz2wi3p2og.dx.internal.cloudapp.net/10.1.0.13)c67f853f-9851-48e5-9814-c89133fda60b(fv-az264-29.ca02foy5wcnuvlrvrz2wi3p2og.dx.internal.cloudapp.net/10.1.0.13)76b6de06-79b2-4410-afad-6ed4eb2113a8(fv-az264-29.ca02foy5wcnuvlrvrz2wi3p2og.dx.internal.cloudapp.net/10.1.0.13), ReplicationConfig: RATIS/THREE, State:OPEN, leaderId:76b6de06-79b2-4410-afad-6ed4eb2113a8, CreationTimestamp2023-07-05T13:42:20.215Z[Etc/UTC]] moved to CLOSED state
2023-07-05 13:42:42,429 [Time-limited test] INFO  container.TestHelper (TestHelper.java:countReplicas(423)) - Container 1 has 3 replicas on [6d685894-e83d-4eff-a4f6-a21b002b35fd, 76b6de06-79b2-4410-afad-6ed4eb2113a8, c67f853f-9851-48e5-9814-c89133fda60b]
2023-07-05 13:42:42,429 [EventQueue-StaleNodeForStaleNodeHandler] INFO  pipeline.PipelineManagerImpl (PipelineManagerImpl.java:closePipeline(510)) - Pipeline Pipeline[ Id: bd79c634-d3ce-4445-aaf7-cf48e0ed285b, Nodes: 6d685894-e83d-4eff-a4f6-a21b002b35fd(fv-az264-29.ca02foy5wcnuvlrvrz2wi3p2og.dx.internal.cloudapp.net/10.1.0.13)c67f853f-9851-48e5-9814-c89133fda60b(fv-az264-29.ca02foy5wcnuvlrvrz2wi3p2og.dx.internal.cloudapp.net/10.1.0.13)76b6de06-79b2-4410-afad-6ed4eb2113a8(fv-az264-29.ca02foy5wcnuvlrvrz2wi3p2og.dx.internal.cloudapp.net/10.1.0.13), ReplicationConfig: RATIS/THREE, State:OPEN, leaderId:6d685894-e83d-4eff-a4f6-a21b002b35fd, CreationTimestamp2023-07-05T13:42:20.216Z[Etc/UTC]] moved to CLOSED state
2023-07-05 13:42:42,429 [IPC Server listener on 15072] INFO  ipc.Server (Server.java:run(1434)) - Stopping IPC Server listener on 15072
2023-07-05 13:42:42,876 [grpc-default-executor-0] WARN  server.GrpcLogAppender (LogUtils.java:warn(122)) - 76b6de06-79b2-4410-afad-6ed4eb2113a8@group-D713B65C45D2->6d685894-e83d-4eff-a4f6-a21b002b35fd-AppendLogResponseHandler: Failed appendEntries: org.apache.ratis.thirdparty.io.grpc.StatusRuntimeException: UNAVAILABLE: io exception
2023-07-05 13:42:42,877 [grpc-default-executor-0] WARN  server.GrpcLogAppender (GrpcLogAppender.java:resetClient(128)) - 76b6de06-79b2-4410-afad-6ed4eb2113a8@group-D713B65C45D2->6d685894-e83d-4eff-a4f6-a21b002b35fd-GrpcLogAppender: Follower failed when matchIndex == 0,  keep nextIndex (1) unchanged and retry.
2023-07-05 13:42:42,877 [grpc-default-executor-4] WARN  server.GrpcLogAppender (LogUtils.java:warn(122)) - 76b6de06-79b2-4410-afad-6ed4eb2113a8@group-D713B65C45D2->6d685894-e83d-4eff-a4f6-a21b002b35fd-AppendLogResponseHandler: Failed appendEntries: org.apache.ratis.thirdparty.io.grpc.StatusRuntimeException: UNAVAILABLE: io exception
2023-07-05 13:42:42,877 [grpc-default-executor-4] WARN  server.GrpcLogAppender (GrpcLogAppender.java:resetClient(128)) - 76b6de06-79b2-4410-afad-6ed4eb2113a8@group-D713B65C45D2->6d685894-e83d-4eff-a4f6-a21b002b35fd-GrpcLogAppender: Follower failed when matchIndex == 0,  keep nextIndex (1) unchanged and retry.
2023-07-05 13:42:43,310 [ReplicationMonitor] INFO  replication.ReplicationManager (ReplicationManager.java:processAll(389)) - Replication Monitor Thread took 0 milliseconds for processing 1 containers.
2023-07-05 13:42:43,429 [Time-limited test] INFO  container.TestHelper (TestHelper.java:countReplicas(423)) - Container 1 has 3 replicas on [6d685894-e83d-4eff-a4f6-a21b002b35fd, 76b6de06-79b2-4410-afad-6ed4eb2113a8, c67f853f-9851-48e5-9814-c89133fda60b]
2023-07-05 13:42:44,126 [grpc-default-executor-4] WARN  server.GrpcLogAppender (LogUtils.java:warn(122)) - 76b6de06-79b2-4410-afad-6ed4eb2113a8@group-D713B65C45D2->6d685894-e83d-4eff-a4f6-a21b002b35fd-AppendLogResponseHandler: Failed appendEntries: org.apache.ratis.thirdparty.io.grpc.StatusRuntimeException: UNAVAILABLE: io exception
2023-07-05 13:42:44,127 [grpc-default-executor-0] WARN  server.GrpcLogAppender (LogUtils.java:warn(122)) - 76b6de06-79b2-4410-afad-6ed4eb2113a8@group-D713B65C45D2->6d685894-e83d-4eff-a4f6-a21b002b35fd-AppendLogResponseHandler: Failed appendEntries: org.apache.ratis.thirdparty.io.grpc.StatusRuntimeException: UNAVAILABLE: io exception
2023-07-05 13:42:44,128 [grpc-default-executor-4] WARN  server.GrpcLogAppender (GrpcLogAppender.java:resetClient(128)) - 76b6de06-79b2-4410-afad-6ed4eb2113a8@group-D713B65C45D2->6d685894-e83d-4eff-a4f6-a21b002b35fd-GrpcLogAppender: Follower failed when matchIndex == 0,  keep nextIndex (1) unchanged and retry.
2023-07-05 13:42:44,129 [grpc-default-executor-0] WARN  server.GrpcLogAppender (GrpcLogAppender.java:resetClient(128)) - 76b6de06-79b2-4410-afad-6ed4eb2113a8@group-D713B65C45D2->6d685894-e83d-4eff-a4f6-a21b002b35fd-GrpcLogAppender: Follower failed when matchIndex == 0,  keep nextIndex (1) unchanged and retry.
2023-07-05 13:42:44,311 [ReplicationMonitor] INFO  replication.ReplicationManager (ReplicationManager.java:processAll(389)) - Replication Monitor Thread took 1 milliseconds for processing 1 containers.
2023-07-05 13:42:44,430 [Time-limited test] INFO  container.TestHelper (TestHelper.java:countReplicas(423)) - Container 1 has 3 replicas on [6d685894-e83d-4eff-a4f6-a21b002b35fd, 76b6de06-79b2-4410-afad-6ed4eb2113a8, c67f853f-9851-48e5-9814-c89133fda60b]
2023-07-05 13:42:45,311 [ReplicationMonitor] INFO  replication.ReplicationManager (ReplicationManager.java:processAll(389)) - Replication Monitor Thread took 0 milliseconds for processing 1 containers.
2023-07-05 13:42:45,377 [grpc-default-executor-0] WARN  server.GrpcLogAppender (LogUtils.java:warn(122)) - 76b6de06-79b2-4410-afad-6ed4eb2113a8@group-D713B65C45D2->6d685894-e83d-4eff-a4f6-a21b002b35fd-AppendLogResponseHandler: Failed appendEntries: org.apache.ratis.thirdparty.io.grpc.StatusRuntimeException: UNAVAILABLE: io exception
2023-07-05 13:42:45,377 [grpc-default-executor-4] WARN  server.GrpcLogAppender (LogUtils.java:warn(122)) - 76b6de06-79b2-4410-afad-6ed4eb2113a8@group-D713B65C45D2->6d685894-e83d-4eff-a4f6-a21b002b35fd-AppendLogResponseHandler: Failed appendEntries: org.apache.ratis.thirdparty.io.grpc.StatusRuntimeException: UNAVAILABLE: io exception
2023-07-05 13:42:45,378 [grpc-default-executor-0] WARN  server.GrpcLogAppender (GrpcLogAppender.java:resetClient(128)) - 76b6de06-79b2-4410-afad-6ed4eb2113a8@group-D713B65C45D2->6d685894-e83d-4eff-a4f6-a21b002b35fd-GrpcLogAppender: Follower failed when matchIndex == 0,  keep nextIndex (1) unchanged and retry.
2023-07-05 13:42:45,378 [grpc-default-executor-4] WARN  server.GrpcLogAppender (GrpcLogAppender.java:resetClient(128)) - 76b6de06-79b2-4410-afad-6ed4eb2113a8@group-D713B65C45D2->6d685894-e83d-4eff-a4f6-a21b002b35fd-GrpcLogAppender: Follower failed when matchIndex == 0,  keep nextIndex (1) unchanged and retry.
2023-07-05 13:42:45,427 [EventQueue-DeadNodeForDeadNodeHandler] INFO  node.DeadNodeHandler (DeadNodeHandler.java:onMessage(82)) - A dead datanode is detected. 6d685894-e83d-4eff-a4f6-a21b002b35fd(fv-az264-29.ca02foy5wcnuvlrvrz2wi3p2og.dx.internal.cloudapp.net/10.1.0.13)
2023-07-05 13:42:45,427 [EventQueue-DeadNodeForDeadNodeHandler] INFO  pipeline.RatisPipelineProvider (RatisPipelineProvider.java:lambda$close$4(272)) - Send pipeline:PipelineID=7a28abbc-2255-4000-990c-e117380d7c5e close command to datanode 6d685894-e83d-4eff-a4f6-a21b002b35fd
2023-07-05 13:42:45,429 [EventQueue-DeadNodeForDeadNodeHandler] INFO  pipeline.PipelineManagerImpl (PipelineManagerImpl.java:removePipeline(459)) - Pipeline Pipeline[ Id: 7a28abbc-2255-4000-990c-e117380d7c5e, Nodes: 6d685894-e83d-4eff-a4f6-a21b002b35fd(fv-az264-29.ca02foy5wcnuvlrvrz2wi3p2og.dx.internal.cloudapp.net/10.1.0.13), ReplicationConfig: RATIS/ONE, State:CLOSED, leaderId:6d685894-e83d-4eff-a4f6-a21b002b35fd, CreationTimestamp2023-07-05T13:42:19.855Z[Etc/UTC]] removed.
2023-07-05 13:42:45,429 [EventQueue-DeadNodeForDeadNodeHandler] INFO  pipeline.RatisPipelineProvider (RatisPipelineProvider.java:lambda$close$4(272)) - Send pipeline:PipelineID=77efb71e-c570-447e-8db9-d713b65c45d2 close command to datanode 6d685894-e83d-4eff-a4f6-a21b002b35fd
2023-07-05 13:42:45,429 [EventQueue-DeadNodeForDeadNodeHandler] INFO  pipeline.RatisPipelineProvider (RatisPipelineProvider.java:lambda$close$4(272)) - Send pipeline:PipelineID=77efb71e-c570-447e-8db9-d713b65c45d2 close command to datanode c67f853f-9851-48e5-9814-c89133fda60b
2023-07-05 13:42:45,429 [EventQueue-DeadNodeForDeadNodeHandler] INFO  pipeline.RatisPipelineProvider (RatisPipelineProvider.java:lambda$close$4(272)) - Send pipeline:PipelineID=77efb71e-c570-447e-8db9-d713b65c45d2 close command to datanode 76b6de06-79b2-4410-afad-6ed4eb2113a8
2023-07-05 13:42:45,429 [EventQueue-DeadNodeForDeadNodeHandler] INFO  pipeline.PipelineManagerImpl (PipelineManagerImpl.java:removePipeline(459)) - Pipeline Pipeline[ Id: 77efb71e-c570-447e-8db9-d713b65c45d2, Nodes: 6d685894-e83d-4eff-a4f6-a21b002b35fd(fv-az264-29.ca02foy5wcnuvlrvrz2wi3p2og.dx.internal.cloudapp.net/10.1.0.13)c67f853f-9851-48e5-9814-c89133fda60b(fv-az264-29.ca02foy5wcnuvlrvrz2wi3p2og.dx.internal.cloudapp.net/10.1.0.13)76b6de06-79b2-4410-afad-6ed4eb2113a8(fv-az264-29.ca02foy5wcnuvlrvrz2wi3p2og.dx.internal.cloudapp.net/10.1.0.13), ReplicationConfig: RATIS/THREE, State:CLOSED, leaderId:76b6de06-79b2-4410-afad-6ed4eb2113a8, CreationTimestamp2023-07-05T13:42:20.215Z[Etc/UTC]] removed.
2023-07-05 13:42:45,429 [EventQueue-DeadNodeForDeadNodeHandler] INFO  pipeline.RatisPipelineProvider (RatisPipelineProvider.java:lambda$close$4(272)) - Send pipeline:PipelineID=bd79c634-d3ce-4445-aaf7-cf48e0ed285b close command to datanode 6d685894-e83d-4eff-a4f6-a21b002b35fd
2023-07-05 13:42:45,429 [EventQueue-DeadNodeForDeadNodeHandler] INFO  pipeline.RatisPipelineProvider (RatisPipelineProvider.java:lambda$close$4(272)) - Send pipeline:PipelineID=bd79c634-d3ce-4445-aaf7-cf48e0ed285b close command to datanode c67f853f-9851-48e5-9814-c89133fda60b
2023-07-05 13:42:45,429 [EventQueue-DeadNodeForDeadNodeHandler] INFO  pipeline.RatisPipelineProvider (RatisPipelineProvider.java:lambda$close$4(272)) - Send pipeline:PipelineID=bd79c634-d3ce-4445-aaf7-cf48e0ed285b close command to datanode 76b6de06-79b2-4410-afad-6ed4eb2113a8
2023-07-05 13:42:45,430 [Time-limited test] INFO  container.TestHelper (TestHelper.java:countReplicas(423)) - Container 1 has 3 replicas on [6d685894-e83d-4eff-a4f6-a21b002b35fd, 76b6de06-79b2-4410-afad-6ed4eb2113a8, c67f853f-9851-48e5-9814-c89133fda60b]
2023-07-05 13:42:45,430 [EventQueue-DeadNodeForDeadNodeHandler] INFO  pipeline.PipelineManagerImpl (PipelineManagerImpl.java:removePipeline(459)) - Pipeline Pipeline[ Id: bd79c634-d3ce-4445-aaf7-cf48e0ed285b, Nodes: 6d685894-e83d-4eff-a4f6-a21b002b35fd(fv-az264-29.ca02foy5wcnuvlrvrz2wi3p2og.dx.internal.cloudapp.net/10.1.0.13)c67f853f-9851-48e5-9814-c89133fda60b(fv-az264-29.ca02foy5wcnuvlrvrz2wi3p2og.dx.internal.cloudapp.net/10.1.0.13)76b6de06-79b2-4410-afad-6ed4eb2113a8(fv-az264-29.ca02foy5wcnuvlrvrz2wi3p2og.dx.internal.cloudapp.net/10.1.0.13), ReplicationConfig: RATIS/THREE, State:CLOSED, leaderId:6d685894-e83d-4eff-a4f6-a21b002b35fd, CreationTimestamp2023-07-05T13:42:20.216Z[Etc/UTC]] removed.
2023-07-05 13:42:45,430 [EventQueue-DeadNodeForDeadNodeHandler] INFO  node.DeadNodeHandler (DeadNodeHandler.java:onMessage(95)) - Clearing command queue of size 3 for DN 6d685894-e83d-4eff-a4f6-a21b002b35fd(fv-az264-29.ca02foy5wcnuvlrvrz2wi3p2og.dx.internal.cloudapp.net/10.1.0.13)
2023-07-05 13:42:45,430 [EventQueue-DeadNodeForDeadNodeHandler] INFO  net.NetworkTopologyImpl (NetworkTopologyImpl.java:remove(190)) - Removed a node: /default-rack/6d685894-e83d-4eff-a4f6-a21b002b35fd
2023-07-05 13:42:46,312 [ReplicationMonitor] INFO  replication.ReplicationManager (ReplicationManager.java:processAll(389)) - Replication Monitor Thread took 0 milliseconds for processing 1 containers.
2023-07-05 13:42:46,430 [Time-limited test] INFO  container.TestHelper (TestHelper.java:countReplicas(423)) - Container 1 has 2 replicas on [76b6de06-79b2-4410-afad-6ed4eb2113a8, c67f853f-9851-48e5-9814-c89133fda60b]
2023-07-05 13:42:46,430 [Time-limited test] INFO  container.TestHelper (TestHelper.java:countReplicas(423)) - Container 1 has 2 replicas on [76b6de06-79b2-4410-afad-6ed4eb2113a8, c67f853f-9851-48e5-9814-c89133fda60b]
2023-07-05 13:42:46,628 [grpc-default-executor-0] WARN  server.GrpcLogAppender (LogUtils.java:warn(122)) - 76b6de06-79b2-4410-afad-6ed4eb2113a8@group-D713B65C45D2->6d685894-e83d-4eff-a4f6-a21b002b35fd-AppendLogResponseHandler: Failed appendEntries: org.apache.ratis.thirdparty.io.grpc.StatusRuntimeException: UNAVAILABLE: io exception
2023-07-05 13:42:46,628 [grpc-default-executor-4] WARN  server.GrpcLogAppender (LogUtils.java:warn(122)) - 76b6de06-79b2-4410-afad-6ed4eb2113a8@group-D713B65C45D2->6d685894-e83d-4eff-a4f6-a21b002b35fd-AppendLogResponseHandler: Failed appendEntries: org.apache.ratis.thirdparty.io.grpc.StatusRuntimeException: UNAVAILABLE: io exception
2023-07-05 13:42:46,629 [grpc-default-executor-0] WARN  server.GrpcLogAppender (GrpcLogAppender.java:resetClient(128)) - 76b6de06-79b2-4410-afad-6ed4eb2113a8@group-D713B65C45D2->6d685894-e83d-4eff-a4f6-a21b002b35fd-GrpcLogAppender: Follower failed when matchIndex == 0,  keep nextIndex (1) unchanged and retry.
2023-07-05 13:42:46,630 [grpc-default-executor-4] WARN  server.GrpcLogAppender (GrpcLogAppender.java:resetClient(128)) - 76b6de06-79b2-4410-afad-6ed4eb2113a8@group-D713B65C45D2->6d685894-e83d-4eff-a4f6-a21b002b35fd-GrpcLogAppender: Follower failed when matchIndex == 0,  keep nextIndex (1) unchanged and retry.
2023-07-05 13:42:47,313 [ReplicationMonitor] INFO  replication.ReplicationManager (ReplicationManager.java:processAll(389)) - Replication Monitor Thread took 1 milliseconds for processing 1 containers.
2023-07-05 13:42:47,420 [PipelineCommandHandlerThread-0] INFO  server.RaftServer (RaftServerProxy.java:remove(109)) - c67f853f-9851-48e5-9814-c89133fda60b: remove  FOLLOWER c67f853f-9851-48e5-9814-c89133fda60b@group-D713B65C45D2:t1, leader=76b6de06-79b2-4410-afad-6ed4eb2113a8, voted=76b6de06-79b2-4410-afad-6ed4eb2113a8, raftlog=Memoized:c67f853f-9851-48e5-9814-c89133fda60b@group-D713B65C45D2-SegmentedRaftLog:OPENED:c0, conf=0: peers:[c67f853f-9851-48e5-9814-c89133fda60b|rpc:10.1.0.13:15067|admin:10.1.0.13:15066|client:10.1.0.13:15065|dataStream:10.1.0.13:15068|priority:0|startupRole:FOLLOWER, 6d685894-e83d-4eff-a4f6-a21b002b35fd|rpc:10.1.0.13:15076|admin:10.1.0.13:15075|client:10.1.0.13:15074|dataStream:10.1.0.13:15077|priority:0|startupRole:FOLLOWER, 76b6de06-79b2-4410-afad-6ed4eb2113a8|rpc:10.1.0.13:15085|admin:10.1.0.13:15084|client:10.1.0.13:15083|dataStream:10.1.0.13:15086|priority:1|startupRole:FOLLOWER]|listeners:[], old=null RUNNING
2023-07-05 13:42:47,421 [PipelineCommandHandlerThread-0] INFO  server.RaftServer$Division (RaftServerImpl.java:lambda$close$4(466)) - c67f853f-9851-48e5-9814-c89133fda60b@group-D713B65C45D2: shutdown
2023-07-05 13:42:47,421 [PipelineCommandHandlerThread-0] INFO  util.JmxRegister (JmxRegister.java:unregister(73)) - Successfully un-registered JMX Bean with object name Ratis:service=RaftServer,group=group-D713B65C45D2,id=c67f853f-9851-48e5-9814-c89133fda60b
2023-07-05 13:42:47,421 [PipelineCommandHandlerThread-0] INFO  impl.RoleInfo (RoleInfo.java:shutdownFollowerState(110)) - c67f853f-9851-48e5-9814-c89133fda60b: shutdown c67f853f-9851-48e5-9814-c89133fda60b@group-D713B65C45D2-FollowerState
2023-07-05 13:42:47,421 [PipelineCommandHandlerThread-0] INFO  impl.StateMachineUpdater (StateMachineUpdater.java:stopAndJoin(155)) - c67f853f-9851-48e5-9814-c89133fda60b@group-D713B65C45D2-StateMachineUpdater: set stopIndex = 0
2023-07-05 13:42:47,421 [c67f853f-9851-48e5-9814-c89133fda60b@group-D713B65C45D2-FollowerState] INFO  impl.FollowerState (FollowerState.java:run(152)) - c67f853f-9851-48e5-9814-c89133fda60b@group-D713B65C45D2-FollowerState was interrupted
2023-07-05 13:42:47,423 [c67f853f-9851-48e5-9814-c89133fda60b@group-D713B65C45D2-StateMachineUpdater] INFO  ratis.ContainerStateMachine (ContainerStateMachine.java:takeSnapshot(330)) - group-D713B65C45D2: Taking a snapshot at:(t:1, i:0) file /home/runner/work/ozone/ozone/hadoop-ozone/integration-test/target/test-dir/MiniOzoneClusterImpl-a91d5bca-d5a1-41cf-9733-6b4d6b49c170/datanode-0/data/ratis/77efb71e-c570-447e-8db9-d713b65c45d2/sm/snapshot.1_0
2023-07-05 13:42:47,424 [c67f853f-9851-48e5-9814-c89133fda60b@group-D713B65C45D2-StateMachineUpdater] INFO  ratis.ContainerStateMachine (ContainerStateMachine.java:takeSnapshot(341)) - group-D713B65C45D2: Finished taking a snapshot at:(t:1, i:0) file:/home/runner/work/ozone/ozone/hadoop-ozone/integration-test/target/test-dir/MiniOzoneClusterImpl-a91d5bca-d5a1-41cf-9733-6b4d6b49c170/datanode-0/data/ratis/77efb71e-c570-447e-8db9-d713b65c45d2/sm/snapshot.1_0 took: 2 ms
2023-07-05 13:42:47,424 [c67f853f-9851-48e5-9814-c89133fda60b@group-D713B65C45D2-StateMachineUpdater] INFO  impl.StateMachineUpdater (StateMachineUpdater.java:takeSnapshot(291)) - c67f853f-9851-48e5-9814-c89133fda60b@group-D713B65C45D2-StateMachineUpdater: Took a snapshot at index 0
2023-07-05 13:42:47,424 [c67f853f-9851-48e5-9814-c89133fda60b@group-D713B65C45D2-StateMachineUpdater] INFO  impl.StateMachineUpdater (StateMachineUpdater.java:lambda$new$0(97)) - c67f853f-9851-48e5-9814-c89133fda60b@group-D713B65C45D2-StateMachineUpdater: snapshotIndex: updateIncreasingly -1 -> 0
2023-07-05 13:42:47,425 [PipelineCommandHandlerThread-0] INFO  server.RaftServer$Division (ServerState.java:close(472)) - c67f853f-9851-48e5-9814-c89133fda60b@group-D713B65C45D2: closes. applyIndex: 0
2023-07-05 13:42:47,431 [Time-limited test] INFO  container.TestHelper (TestHelper.java:countReplicas(423)) - Container 1 has 2 replicas on [76b6de06-79b2-4410-afad-6ed4eb2113a8, c67f853f-9851-48e5-9814-c89133fda60b]
2023-07-05 13:42:47,836 [PipelineCommandHandlerThread-0] INFO  segmented.SegmentedRaftLogWorker (SegmentedRaftLogWorker.java:close(252)) - c67f853f-9851-48e5-9814-c89133fda60b@group-D713B65C45D2-SegmentedRaftLogWorker close()
2023-07-05 13:42:47,839 [PipelineCommandHandlerThread-0] INFO  server.RaftServer$Division (RaftServerImpl.java:groupRemove(436)) - c67f853f-9851-48e5-9814-c89133fda60b@group-D713B65C45D2: Succeed to remove RaftStorageDirectory Storage Directory /home/runner/work/ozone/ozone/hadoop-ozone/integration-test/target/test-dir/MiniOzoneClusterImpl-a91d5bca-d5a1-41cf-9733-6b4d6b49c170/datanode-0/data/ratis/77efb71e-c570-447e-8db9-d713b65c45d2
2023-07-05 13:42:47,839 [PipelineCommandHandlerThread-0] INFO  commandhandler.ClosePipelineCommandHandler (ClosePipelineCommandHandler.java:lambda$handle$0(87)) - Close Pipeline PipelineID=77efb71e-c570-447e-8db9-d713b65c45d2 command on datanode c67f853f-9851-48e5-9814-c89133fda60b.
2023-07-05 13:42:47,839 [PipelineCommandHandlerThread-0] INFO  server.RaftServer (RaftServerProxy.java:remove(109)) - c67f853f-9851-48e5-9814-c89133fda60b: remove  FOLLOWER c67f853f-9851-48e5-9814-c89133fda60b@group-CF48E0ED285B:t1, leader=6d685894-e83d-4eff-a4f6-a21b002b35fd, voted=6d685894-e83d-4eff-a4f6-a21b002b35fd, raftlog=Memoized:c67f853f-9851-48e5-9814-c89133fda60b@group-CF48E0ED285B-SegmentedRaftLog:OPENED:c4, conf=0: peers:[c67f853f-9851-48e5-9814-c89133fda60b|rpc:10.1.0.13:15067|admin:10.1.0.13:15066|client:10.1.0.13:15065|dataStream:10.1.0.13:15068|priority:0|startupRole:FOLLOWER, 6d685894-e83d-4eff-a4f6-a21b002b35fd|rpc:10.1.0.13:15076|admin:10.1.0.13:15075|client:10.1.0.13:15074|dataStream:10.1.0.13:15077|priority:1|startupRole:FOLLOWER, 76b6de06-79b2-4410-afad-6ed4eb2113a8|rpc:10.1.0.13:15085|admin:10.1.0.13:15084|client:10.1.0.13:15083|dataStream:10.1.0.13:15086|priority:0|startupRole:FOLLOWER]|listeners:[], old=null RUNNING
2023-07-05 13:42:47,839 [PipelineCommandHandlerThread-0] INFO  server.RaftServer$Division (RaftServerImpl.java:lambda$close$4(466)) - c67f853f-9851-48e5-9814-c89133fda60b@group-CF48E0ED285B: shutdown
2023-07-05 13:42:47,839 [PipelineCommandHandlerThread-0] INFO  util.JmxRegister (JmxRegister.java:unregister(73)) - Successfully un-registered JMX Bean with object name Ratis:service=RaftServer,group=group-CF48E0ED285B,id=c67f853f-9851-48e5-9814-c89133fda60b
2023-07-05 13:42:47,839 [PipelineCommandHandlerThread-0] INFO  impl.RoleInfo (RoleInfo.java:shutdownFollowerState(110)) - c67f853f-9851-48e5-9814-c89133fda60b: shutdown c67f853f-9851-48e5-9814-c89133fda60b@group-CF48E0ED285B-FollowerState
2023-07-05 13:42:47,839 [PipelineCommandHandlerThread-0] INFO  impl.StateMachineUpdater (StateMachineUpdater.java:stopAndJoin(155)) - c67f853f-9851-48e5-9814-c89133fda60b@group-CF48E0ED285B-StateMachineUpdater: set stopIndex = 4
2023-07-05 13:42:47,839 [c67f853f-9851-48e5-9814-c89133fda60b@group-CF48E0ED285B-FollowerState] INFO  impl.FollowerState (FollowerState.java:run(152)) - c67f853f-9851-48e5-9814-c89133fda60b@group-CF48E0ED285B-FollowerState was interrupted
2023-07-05 13:42:47,840 [c67f853f-9851-48e5-9814-c89133fda60b@group-CF48E0ED285B-StateMachineUpdater] INFO  ratis.ContainerStateMachine (ContainerStateMachine.java:takeSnapshot(330)) - group-CF48E0ED285B: Taking a snapshot at:(t:1, i:4) file /home/runner/work/ozone/ozone/hadoop-ozone/integration-test/target/test-dir/MiniOzoneClusterImpl-a91d5bca-d5a1-41cf-9733-6b4d6b49c170/datanode-0/data/ratis/bd79c634-d3ce-4445-aaf7-cf48e0ed285b/sm/snapshot.1_4
2023-07-05 13:42:47,843 [c67f853f-9851-48e5-9814-c89133fda60b@group-CF48E0ED285B-StateMachineUpdater] INFO  ratis.ContainerStateMachine (ContainerStateMachine.java:takeSnapshot(341)) - group-CF48E0ED285B: Finished taking a snapshot at:(t:1, i:4) file:/home/runner/work/ozone/ozone/hadoop-ozone/integration-test/target/test-dir/MiniOzoneClusterImpl-a91d5bca-d5a1-41cf-9733-6b4d6b49c170/datanode-0/data/ratis/bd79c634-d3ce-4445-aaf7-cf48e0ed285b/sm/snapshot.1_4 took: 3 ms
2023-07-05 13:42:47,843 [c67f853f-9851-48e5-9814-c89133fda60b@group-CF48E0ED285B-StateMachineUpdater] INFO  impl.StateMachineUpdater (StateMachineUpdater.java:takeSnapshot(291)) - c67f853f-9851-48e5-9814-c89133fda60b@group-CF48E0ED285B-StateMachineUpdater: Took a snapshot at index 4
2023-07-05 13:42:47,843 [c67f853f-9851-48e5-9814-c89133fda60b@group-CF48E0ED285B-StateMachineUpdater] INFO  impl.StateMachineUpdater (StateMachineUpdater.java:lambda$new$0(97)) - c67f853f-9851-48e5-9814-c89133fda60b@group-CF48E0ED285B-StateMachineUpdater: snapshotIndex: updateIncreasingly -1 -> 4
2023-07-05 13:42:47,843 [PipelineCommandHandlerThread-0] INFO  server.RaftServer$Division (ServerState.java:close(472)) - c67f853f-9851-48e5-9814-c89133fda60b@group-CF48E0ED285B: closes. applyIndex: 4
2023-07-05 13:42:47,878 [grpc-default-executor-0] WARN  server.GrpcLogAppender (LogUtils.java:warn(122)) - 76b6de06-79b2-4410-afad-6ed4eb2113a8@group-D713B65C45D2->6d685894-e83d-4eff-a4f6-a21b002b35fd-AppendLogResponseHandler: Failed appendEntries: org.apache.ratis.thirdparty.io.grpc.StatusRuntimeException: UNAVAILABLE: io exception
2023-07-05 13:42:47,878 [grpc-default-executor-4] WARN  server.GrpcLogAppender (LogUtils.java:warn(122)) - 76b6de06-79b2-4410-afad-6ed4eb2113a8@group-D713B65C45D2->6d685894-e83d-4eff-a4f6-a21b002b35fd-AppendLogResponseHandler: Failed appendEntries: org.apache.ratis.thirdparty.io.grpc.StatusRuntimeException: UNAVAILABLE: io exception
2023-07-05 13:42:47,879 [grpc-default-executor-0] WARN  server.GrpcLogAppender (GrpcLogAppender.java:resetClient(128)) - 76b6de06-79b2-4410-afad-6ed4eb2113a8@group-D713B65C45D2->6d685894-e83d-4eff-a4f6-a21b002b35fd-GrpcLogAppender: Follower failed when matchIndex == 0,  keep nextIndex (1) unchanged and retry.
2023-07-05 13:42:47,880 [grpc-default-executor-4] WARN  server.GrpcLogAppender (GrpcLogAppender.java:resetClient(128)) - 76b6de06-79b2-4410-afad-6ed4eb2113a8@group-D713B65C45D2->6d685894-e83d-4eff-a4f6-a21b002b35fd-GrpcLogAppender: Follower failed when matchIndex == 0,  keep nextIndex (1) unchanged and retry.
2023-07-05 13:42:48,313 [ReplicationMonitor] INFO  replication.ReplicationManager (ReplicationManager.java:processAll(389)) - Replication Monitor Thread took 0 milliseconds for processing 1 containers.
2023-07-05 13:42:48,373 [76b6de06-79b2-4410-afad-6ed4eb2113a8@group-CF48E0ED285B-FollowerState] INFO  impl.FollowerState (FollowerState.java:run(143)) - 76b6de06-79b2-4410-afad-6ed4eb2113a8@group-CF48E0ED285B-FollowerState: change to CANDIDATE, lastRpcElapsedTime:8980998022ns, electionTimeout:5123ms
2023-07-05 13:42:48,373 [76b6de06-79b2-4410-afad-6ed4eb2113a8@group-CF48E0ED285B-FollowerState] INFO  impl.RoleInfo (RoleInfo.java:shutdownFollowerState(110)) - 76b6de06-79b2-4410-afad-6ed4eb2113a8: shutdown 76b6de06-79b2-4410-afad-6ed4eb2113a8@group-CF48E0ED285B-FollowerState
2023-07-05 13:42:48,374 [76b6de06-79b2-4410-afad-6ed4eb2113a8@group-CF48E0ED285B-FollowerState] INFO  server.RaftServer$Division (RaftServerImpl.java:setRole(329)) - 76b6de06-79b2-4410-afad-6ed4eb2113a8@group-CF48E0ED285B: changes role from  FOLLOWER to CANDIDATE at term 1 for changeToCandidate
2023-07-05 13:42:48,374 [76b6de06-79b2-4410-afad-6ed4eb2113a8@group-CF48E0ED285B-FollowerState] INFO  server.RaftServerConfigKeys (ConfUtils.java:logGet(46)) - raft.server.leaderelection.pre-vote = true (default)
2023-07-05 13:42:48,374 [76b6de06-79b2-4410-afad-6ed4eb2113a8@group-CF48E0ED285B-FollowerState] INFO  impl.RoleInfo (RoleInfo.java:updateAndGet(139)) - 76b6de06-79b2-4410-afad-6ed4eb2113a8: start 76b6de06-79b2-4410-afad-6ed4eb2113a8@group-CF48E0ED285B-LeaderElection24
2023-07-05 13:42:48,375 [76b6de06-79b2-4410-afad-6ed4eb2113a8@group-CF48E0ED285B-LeaderElection24] INFO  server.RaftServer$Division (ServerState.java:setLeader(317)) - 76b6de06-79b2-4410-afad-6ed4eb2113a8@group-CF48E0ED285B: change Leader from 6d685894-e83d-4eff-a4f6-a21b002b35fd to null at term 1 for PRE_VOTE
2023-07-05 13:42:48,376 [76b6de06-79b2-4410-afad-6ed4eb2113a8@group-CF48E0ED285B-LeaderElection24] INFO  impl.LeaderElection (LeaderElection.java:askForVotes(321)) - 76b6de06-79b2-4410-afad-6ed4eb2113a8@group-CF48E0ED285B-LeaderElection24 PRE_VOTE round 0: submit vote requests at term 1 for 0: peers:[c67f853f-9851-48e5-9814-c89133fda60b|rpc:10.1.0.13:15067|admin:10.1.0.13:15066|client:10.1.0.13:15065|dataStream:10.1.0.13:15068|priority:0|startupRole:FOLLOWER, 6d685894-e83d-4eff-a4f6-a21b002b35fd|rpc:10.1.0.13:15076|admin:10.1.0.13:15075|client:10.1.0.13:15074|dataStream:10.1.0.13:15077|priority:1|startupRole:FOLLOWER, 76b6de06-79b2-4410-afad-6ed4eb2113a8|rpc:10.1.0.13:15085|admin:10.1.0.13:15084|client:10.1.0.13:15083|dataStream:10.1.0.13:15086|priority:0|startupRole:FOLLOWER]|listeners:[], old=null
2023-07-05 13:42:48,377 [76b6de06-79b2-4410-afad-6ed4eb2113a8@group-CF48E0ED285B-LeaderElection24] INFO  impl.LeaderElection (LogUtils.java:infoOrTrace(137)) - 76b6de06-79b2-4410-afad-6ed4eb2113a8@group-CF48E0ED285B-LeaderElection24 got exception when requesting votes: java.util.concurrent.ExecutionException: org.apache.ratis.thirdparty.io.grpc.StatusRuntimeException: UNAVAILABLE: io exception
2023-07-05 13:42:48,382 [grpc-default-executor-4] WARN  server.GrpcServerProtocolService (LogUtils.java:warn(124)) - c67f853f-9851-48e5-9814-c89133fda60b: Failed requestVote 76b6de06-79b2-4410-afad-6ed4eb2113a8->c67f853f-9851-48e5-9814-c89133fda60b#0
org.apache.ratis.protocol.exceptions.GroupMismatchException: c67f853f-9851-48e5-9814-c89133fda60b: group-CF48E0ED285B not found.
	at org.apache.ratis.server.impl.RaftServerProxy$ImplMap.get(RaftServerProxy.java:152)
	at org.apache.ratis.server.impl.RaftServerProxy.getImplFuture(RaftServerProxy.java:358)
	at org.apache.ratis.server.impl.RaftServerProxy.getImpl(RaftServerProxy.java:367)
	at org.apache.ratis.server.impl.RaftServerProxy.getImpl(RaftServerProxy.java:362)
	at org.apache.ratis.server.impl.RaftServerProxy.requestVote(RaftServerProxy.java:625)
	at org.apache.ratis.grpc.server.GrpcServerProtocolService.requestVote(GrpcServerProtocolService.java:190)
	at org.apache.ratis.proto.grpc.RaftServerProtocolServiceGrpc$MethodHandlers.invoke(RaftServerProtocolServiceGrpc.java:451)
	at org.apache.ratis.thirdparty.io.grpc.stub.ServerCalls$UnaryServerCallHandler$UnaryServerCallListener.onHalfClose(ServerCalls.java:182)
	at org.apache.ratis.thirdparty.io.grpc.PartialForwardingServerCallListener.onHalfClose(PartialForwardingServerCallListener.java:35)
	at org.apache.ratis.thirdparty.io.grpc.ForwardingServerCallListener.onHalfClose(ForwardingServerCallListener.java:23)
	at org.apache.ratis.thirdparty.io.grpc.internal.ServerCallImpl$ServerStreamListenerImpl.halfClosed(ServerCallImpl.java:355)
	at org.apache.ratis.thirdparty.io.grpc.internal.ServerImpl$JumpToApplicationThreadServerStreamListener$1HalfClosed.runInContext(ServerImpl.java:867)
	at org.apache.ratis.thirdparty.io.grpc.internal.ContextRunnable.run(ContextRunnable.java:37)
	at org.apache.ratis.thirdparty.io.grpc.internal.SerializingExecutor.run(SerializingExecutor.java:133)
	at java.util.concurrent.ThreadPoolExecutor.runWorker(ThreadPoolExecutor.java:1149)
	at java.util.concurrent.ThreadPoolExecutor$Worker.run(ThreadPoolExecutor.java:624)
	at java.lang.Thread.run(Thread.java:750)
2023-07-05 13:42:48,387 [76b6de06-79b2-4410-afad-6ed4eb2113a8@group-CF48E0ED285B-LeaderElection24] INFO  impl.LeaderElection (LogUtils.java:infoOrTrace(137)) - 76b6de06-79b2-4410-afad-6ed4eb2113a8@group-CF48E0ED285B-LeaderElection24 got exception when requesting votes: java.util.concurrent.ExecutionException: org.apache.ratis.thirdparty.io.grpc.StatusRuntimeException: INTERNAL: c67f853f-9851-48e5-9814-c89133fda60b: group-CF48E0ED285B not found.
2023-07-05 13:42:48,387 [76b6de06-79b2-4410-afad-6ed4eb2113a8@group-CF48E0ED285B-LeaderElection24] INFO  impl.LeaderElection (LeaderElection.java:logAndReturn(90)) - 76b6de06-79b2-4410-afad-6ed4eb2113a8@group-CF48E0ED285B-LeaderElection24: PRE_VOTE REJECTED received 0 response(s) and 2 exception(s):
2023-07-05 13:42:48,388 [76b6de06-79b2-4410-afad-6ed4eb2113a8@group-CF48E0ED285B-LeaderElection24] INFO  impl.LeaderElection (LogUtils.java:infoOrTrace(137)) -   Exception 0: java.util.concurrent.ExecutionException: org.apache.ratis.thirdparty.io.grpc.StatusRuntimeException: UNAVAILABLE: io exception
2023-07-05 13:42:48,388 [76b6de06-79b2-4410-afad-6ed4eb2113a8@group-CF48E0ED285B-LeaderElection24] INFO  impl.LeaderElection (LogUtils.java:infoOrTrace(137)) -   Exception 1: java.util.concurrent.ExecutionException: org.apache.ratis.thirdparty.io.grpc.StatusRuntimeException: INTERNAL: c67f853f-9851-48e5-9814-c89133fda60b: group-CF48E0ED285B not found.
2023-07-05 13:42:48,388 [76b6de06-79b2-4410-afad-6ed4eb2113a8@group-CF48E0ED285B-LeaderElection24] INFO  impl.LeaderElection (LeaderElection.java:askForVotes(323)) - 76b6de06-79b2-4410-afad-6ed4eb2113a8@group-CF48E0ED285B-LeaderElection24 PRE_VOTE round 0: result REJECTED
2023-07-05 13:42:48,388 [76b6de06-79b2-4410-afad-6ed4eb2113a8@group-CF48E0ED285B-LeaderElection24] INFO  server.RaftServer$Division (RaftServerImpl.java:setRole(329)) - 76b6de06-79b2-4410-afad-6ed4eb2113a8@group-CF48E0ED285B: changes role from CANDIDATE to FOLLOWER at term 1 for REJECTED
2023-07-05 13:42:48,388 [76b6de06-79b2-4410-afad-6ed4eb2113a8@group-CF48E0ED285B-LeaderElection24] INFO  impl.RoleInfo (RoleInfo.java:shutdownLeaderElection(130)) - 76b6de06-79b2-4410-afad-6ed4eb2113a8: shutdown 76b6de06-79b2-4410-afad-6ed4eb2113a8@group-CF48E0ED285B-LeaderElection24
2023-07-05 13:42:48,388 [76b6de06-79b2-4410-afad-6ed4eb2113a8@group-CF48E0ED285B-LeaderElection24] INFO  impl.RoleInfo (RoleInfo.java:updateAndGet(139)) - 76b6de06-79b2-4410-afad-6ed4eb2113a8: start 76b6de06-79b2-4410-afad-6ed4eb2113a8@group-CF48E0ED285B-FollowerState
2023-07-05 13:42:48,395 [PipelineCommandHandlerThread-0] INFO  segmented.SegmentedRaftLogWorker (SegmentedRaftLogWorker.java:close(252)) - c67f853f-9851-48e5-9814-c89133fda60b@group-CF48E0ED285B-SegmentedRaftLogWorker close()
2023-07-05 13:42:48,398 [PipelineCommandHandlerThread-0] INFO  server.RaftServer$Division (RaftServerImpl.java:groupRemove(436)) - c67f853f-9851-48e5-9814-c89133fda60b@group-CF48E0ED285B: Succeed to remove RaftStorageDirectory Storage Directory /home/runner/work/ozone/ozone/hadoop-ozone/integration-test/target/test-dir/MiniOzoneClusterImpl-a91d5bca-d5a1-41cf-9733-6b4d6b49c170/datanode-0/data/ratis/bd79c634-d3ce-4445-aaf7-cf48e0ed285b
2023-07-05 13:42:48,398 [PipelineCommandHandlerThread-0] INFO  commandhandler.ClosePipelineCommandHandler (ClosePipelineCommandHandler.java:lambda$handle$0(87)) - Close Pipeline PipelineID=bd79c634-d3ce-4445-aaf7-cf48e0ed285b command on datanode c67f853f-9851-48e5-9814-c89133fda60b.
2023-07-05 13:42:48,419 [PipelineCommandHandlerThread-0] INFO  server.RaftServer (RaftServerProxy.java:remove(109)) - 76b6de06-79b2-4410-afad-6ed4eb2113a8: remove    LEADER 76b6de06-79b2-4410-afad-6ed4eb2113a8@group-D713B65C45D2:t1, leader=76b6de06-79b2-4410-afad-6ed4eb2113a8, voted=76b6de06-79b2-4410-afad-6ed4eb2113a8, raftlog=Memoized:76b6de06-79b2-4410-afad-6ed4eb2113a8@group-D713B65C45D2-SegmentedRaftLog:OPENED:c0, conf=0: peers:[c67f853f-9851-48e5-9814-c89133fda60b|rpc:10.1.0.13:15067|admin:10.1.0.13:15066|client:10.1.0.13:15065|dataStream:10.1.0.13:15068|priority:0|startupRole:FOLLOWER, 6d685894-e83d-4eff-a4f6-a21b002b35fd|rpc:10.1.0.13:15076|admin:10.1.0.13:15075|client:10.1.0.13:15074|dataStream:10.1.0.13:15077|priority:0|startupRole:FOLLOWER, 76b6de06-79b2-4410-afad-6ed4eb2113a8|rpc:10.1.0.13:15085|admin:10.1.0.13:15084|client:10.1.0.13:15083|dataStream:10.1.0.13:15086|priority:1|startupRole:FOLLOWER]|listeners:[], old=null RUNNING
2023-07-05 13:42:48,419 [PipelineCommandHandlerThread-0] INFO  server.RaftServer$Division (RaftServerImpl.java:lambda$close$4(466)) - 76b6de06-79b2-4410-afad-6ed4eb2113a8@group-D713B65C45D2: shutdown
2023-07-05 13:42:48,419 [PipelineCommandHandlerThread-0] INFO  util.JmxRegister (JmxRegister.java:unregister(73)) - Successfully un-registered JMX Bean with object name Ratis:service=RaftServer,group=group-D713B65C45D2,id=76b6de06-79b2-4410-afad-6ed4eb2113a8
2023-07-05 13:42:48,419 [PipelineCommandHandlerThread-0] INFO  impl.RoleInfo (RoleInfo.java:shutdownLeaderState(93)) - 76b6de06-79b2-4410-afad-6ed4eb2113a8: shutdown 76b6de06-79b2-4410-afad-6ed4eb2113a8@group-D713B65C45D2-LeaderStateImpl
2023-07-05 13:42:48,419 [PipelineCommandHandlerThread-0] INFO  impl.PendingRequests (PendingRequests.java:sendNotLeaderResponses(289)) - 76b6de06-79b2-4410-afad-6ed4eb2113a8@group-D713B65C45D2-PendingRequests: sendNotLeaderResponses
2023-07-05 13:42:48,419 [PipelineCommandHandlerThread-0] INFO  impl.StateMachineUpdater (StateMachineUpdater.java:stopAndJoin(155)) - 76b6de06-79b2-4410-afad-6ed4eb2113a8@group-D713B65C45D2-StateMachineUpdater: set stopIndex = 0
2023-07-05 13:42:48,419 [76b6de06-79b2-4410-afad-6ed4eb2113a8@group-D713B65C45D2->6d685894-e83d-4eff-a4f6-a21b002b35fd-GrpcLogAppender-LogAppenderDaemon] WARN  server.GrpcLogAppender (GrpcLogAppender.java:mayWait(199)) - 76b6de06-79b2-4410-afad-6ed4eb2113a8@group-D713B65C45D2->6d685894-e83d-4eff-a4f6-a21b002b35fd-GrpcLogAppender: Wait interrupted by java.lang.InterruptedException
2023-07-05 13:42:48,420 [76b6de06-79b2-4410-afad-6ed4eb2113a8@group-D713B65C45D2-StateMachineUpdater] INFO  ratis.ContainerStateMachine (ContainerStateMachine.java:takeSnapshot(330)) - group-D713B65C45D2: Taking a snapshot at:(t:1, i:0) file /home/runner/work/ozone/ozone/hadoop-ozone/integration-test/target/test-dir/MiniOzoneClusterImpl-a91d5bca-d5a1-41cf-9733-6b4d6b49c170/datanode-2/data/ratis/77efb71e-c570-447e-8db9-d713b65c45d2/sm/snapshot.1_0
2023-07-05 13:42:48,421 [76b6de06-79b2-4410-afad-6ed4eb2113a8@group-D713B65C45D2-StateMachineUpdater] INFO  ratis.ContainerStateMachine (ContainerStateMachine.java:takeSnapshot(341)) - group-D713B65C45D2: Finished taking a snapshot at:(t:1, i:0) file:/home/runner/work/ozone/ozone/hadoop-ozone/integration-test/target/test-dir/MiniOzoneClusterImpl-a91d5bca-d5a1-41cf-9733-6b4d6b49c170/datanode-2/data/ratis/77efb71e-c570-447e-8db9-d713b65c45d2/sm/snapshot.1_0 took: 1 ms
2023-07-05 13:42:48,421 [76b6de06-79b2-4410-afad-6ed4eb2113a8@group-D713B65C45D2-StateMachineUpdater] INFO  impl.StateMachineUpdater (StateMachineUpdater.java:takeSnapshot(291)) - 76b6de06-79b2-4410-afad-6ed4eb2113a8@group-D713B65C45D2-StateMachineUpdater: Took a snapshot at index 0
2023-07-05 13:42:48,421 [76b6de06-79b2-4410-afad-6ed4eb2113a8@group-D713B65C45D2->c67f853f-9851-48e5-9814-c89133fda60b-GrpcLogAppender-LogAppenderDaemon] WARN  server.GrpcLogAppender (GrpcLogAppender.java:mayWait(199)) - 76b6de06-79b2-4410-afad-6ed4eb2113a8@group-D713B65C45D2->c67f853f-9851-48e5-9814-c89133fda60b-GrpcLogAppender: Wait interrupted by java.lang.InterruptedException
2023-07-05 13:42:48,421 [76b6de06-79b2-4410-afad-6ed4eb2113a8@group-D713B65C45D2-StateMachineUpdater] INFO  impl.StateMachineUpdater (StateMachineUpdater.java:lambda$new$0(97)) - 76b6de06-79b2-4410-afad-6ed4eb2113a8@group-D713B65C45D2-StateMachineUpdater: snapshotIndex: updateIncreasingly -1 -> 0
2023-07-05 13:42:48,422 [PipelineCommandHandlerThread-0] INFO  server.RaftServer$Division (ServerState.java:close(472)) - 76b6de06-79b2-4410-afad-6ed4eb2113a8@group-D713B65C45D2: closes. applyIndex: 0
2023-07-05 13:42:48,424 [grpc-default-executor-0] INFO  server.GrpcServerProtocolService (GrpcServerProtocolService.java:onCompleted(155)) - c67f853f-9851-48e5-9814-c89133fda60b: Completed APPEND_ENTRIES, lastRequest: null
2023-07-05 13:42:48,425 [grpc-default-executor-4] INFO  server.GrpcServerProtocolService (GrpcServerProtocolService.java:onCompleted(155)) - c67f853f-9851-48e5-9814-c89133fda60b: Completed APPEND_ENTRIES, lastRequest: 76b6de06-79b2-4410-afad-6ed4eb2113a8->c67f853f-9851-48e5-9814-c89133fda60b#1-t1,previous=(t:0, i:0),leaderCommit=-1,initializing? true,entries: size=1, first=(t:1, i:0), CONFIGURATIONENTRY(current:id: "c67f853f-9851-48e5-9814-c89133fda60b"
address: "10.1.0.13:15067"
dataStreamAddress: "10.1.0.13:15068"
clientAddress: "10.1.0.13:15065"
adminAddress: "10.1.0.13:15066"
startupRole: FOLLOWER
,id: "6d685894-e83d-4eff-a4f6-a21b002b35fd"
address: "10.1.0.13:15076"
dataStreamAddress: "10.1.0.13:15077"
clientAddress: "10.1.0.13:15074"
adminAddress: "10.1.0.13:15075"
startupRole: FOLLOWER
,id: "76b6de06-79b2-4410-afad-6ed4eb2113a8"
address: "10.1.0.13:15085"
priority: 1
dataStreamAddress: "10.1.0.13:15086"
clientAddress: "10.1.0.13:15083"
adminAddress: "10.1.0.13:15084"
startupRole: FOLLOWER
, old:)
2023-07-05 13:42:48,425 [grpc-default-executor-4] INFO  server.GrpcServerProtocolService (GrpcServerProtocolService.java:lambda$onCompleted$5(157)) - c67f853f-9851-48e5-9814-c89133fda60b: Completed APPEND_ENTRIES, lastReply: null
2023-07-05 13:42:48,425 [grpc-default-executor-4] INFO  server.GrpcLogAppender (GrpcLogAppender.java:onCompleted(428)) - 76b6de06-79b2-4410-afad-6ed4eb2113a8@group-D713B65C45D2->c67f853f-9851-48e5-9814-c89133fda60b-AppendLogResponseHandler: follower responses appendEntries COMPLETED
2023-07-05 13:42:48,426 [grpc-default-executor-4] INFO  leader.FollowerInfo (FollowerInfoImpl.java:lambda$new$0(52)) - 76b6de06-79b2-4410-afad-6ed4eb2113a8@group-D713B65C45D2->c67f853f-9851-48e5-9814-c89133fda60b: decreaseNextIndex nextIndex: updateUnconditionally 1 -> 0
2023-07-05 13:42:48,431 [Time-limited test] INFO  container.TestHelper (TestHelper.java:countReplicas(423)) - Container 1 has 2 replicas on [76b6de06-79b2-4410-afad-6ed4eb2113a8, c67f853f-9851-48e5-9814-c89133fda60b]
2023-07-05 13:42:48,795 [PipelineCommandHandlerThread-0] INFO  segmented.SegmentedRaftLogWorker (SegmentedRaftLogWorker.java:close(252)) - 76b6de06-79b2-4410-afad-6ed4eb2113a8@group-D713B65C45D2-SegmentedRaftLogWorker close()
2023-07-05 13:42:48,797 [PipelineCommandHandlerThread-0] INFO  server.RaftServer$Division (RaftServerImpl.java:groupRemove(436)) - 76b6de06-79b2-4410-afad-6ed4eb2113a8@group-D713B65C45D2: Succeed to remove RaftStorageDirectory Storage Directory /home/runner/work/ozone/ozone/hadoop-ozone/integration-test/target/test-dir/MiniOzoneClusterImpl-a91d5bca-d5a1-41cf-9733-6b4d6b49c170/datanode-2/data/ratis/77efb71e-c570-447e-8db9-d713b65c45d2
2023-07-05 13:42:48,797 [PipelineCommandHandlerThread-0] INFO  commandhandler.ClosePipelineCommandHandler (ClosePipelineCommandHandler.java:lambda$handle$0(87)) - Close Pipeline PipelineID=77efb71e-c570-447e-8db9-d713b65c45d2 command on datanode 76b6de06-79b2-4410-afad-6ed4eb2113a8.
2023-07-05 13:42:48,798 [PipelineCommandHandlerThread-0] INFO  server.RaftServer (RaftServerProxy.java:remove(109)) - 76b6de06-79b2-4410-afad-6ed4eb2113a8: remove  FOLLOWER 76b6de06-79b2-4410-afad-6ed4eb2113a8@group-CF48E0ED285B:t1, leader=null, voted=6d685894-e83d-4eff-a4f6-a21b002b35fd, raftlog=Memoized:76b6de06-79b2-4410-afad-6ed4eb2113a8@group-CF48E0ED285B-SegmentedRaftLog:OPENED:c4, conf=0: peers:[c67f853f-9851-48e5-9814-c89133fda60b|rpc:10.1.0.13:15067|admin:10.1.0.13:15066|client:10.1.0.13:15065|dataStream:10.1.0.13:15068|priority:0|startupRole:FOLLOWER, 6d685894-e83d-4eff-a4f6-a21b002b35fd|rpc:10.1.0.13:15076|admin:10.1.0.13:15075|client:10.1.0.13:15074|dataStream:10.1.0.13:15077|priority:1|startupRole:FOLLOWER, 76b6de06-79b2-4410-afad-6ed4eb2113a8|rpc:10.1.0.13:15085|admin:10.1.0.13:15084|client:10.1.0.13:15083|dataStream:10.1.0.13:15086|priority:0|startupRole:FOLLOWER]|listeners:[], old=null RUNNING
2023-07-05 13:42:48,798 [PipelineCommandHandlerThread-0] INFO  server.RaftServer$Division (RaftServerImpl.java:lambda$close$4(466)) - 76b6de06-79b2-4410-afad-6ed4eb2113a8@group-CF48E0ED285B: shutdown
2023-07-05 13:42:48,798 [PipelineCommandHandlerThread-0] INFO  util.JmxRegister (JmxRegister.java:unregister(73)) - Successfully un-registered JMX Bean with object name Ratis:service=RaftServer,group=group-CF48E0ED285B,id=76b6de06-79b2-4410-afad-6ed4eb2113a8
2023-07-05 13:42:48,798 [PipelineCommandHandlerThread-0] INFO  impl.RoleInfo (RoleInfo.java:shutdownFollowerState(110)) - 76b6de06-79b2-4410-afad-6ed4eb2113a8: shutdown 76b6de06-79b2-4410-afad-6ed4eb2113a8@group-CF48E0ED285B-FollowerState
2023-07-05 13:42:48,798 [PipelineCommandHandlerThread-0] INFO  impl.StateMachineUpdater (StateMachineUpdater.java:stopAndJoin(155)) - 76b6de06-79b2-4410-afad-6ed4eb2113a8@group-CF48E0ED285B-StateMachineUpdater: set stopIndex = 4
2023-07-05 13:42:48,799 [76b6de06-79b2-4410-afad-6ed4eb2113a8@group-CF48E0ED285B-StateMachineUpdater] INFO  ratis.ContainerStateMachine (ContainerStateMachine.java:takeSnapshot(330)) - group-CF48E0ED285B: Taking a snapshot at:(t:1, i:4) file /home/runner/work/ozone/ozone/hadoop-ozone/integration-test/target/test-dir/MiniOzoneClusterImpl-a91d5bca-d5a1-41cf-9733-6b4d6b49c170/datanode-2/data/ratis/bd79c634-d3ce-4445-aaf7-cf48e0ed285b/sm/snapshot.1_4
2023-07-05 13:42:48,799 [76b6de06-79b2-4410-afad-6ed4eb2113a8@group-CF48E0ED285B-FollowerState] INFO  impl.FollowerState (FollowerState.java:run(152)) - 76b6de06-79b2-4410-afad-6ed4eb2113a8@group-CF48E0ED285B-FollowerState was interrupted
2023-07-05 13:42:48,801 [76b6de06-79b2-4410-afad-6ed4eb2113a8@group-CF48E0ED285B-StateMachineUpdater] INFO  ratis.ContainerStateMachine (ContainerStateMachine.java:takeSnapshot(341)) - group-CF48E0ED285B: Finished taking a snapshot at:(t:1, i:4) file:/home/runner/work/ozone/ozone/hadoop-ozone/integration-test/target/test-dir/MiniOzoneClusterImpl-a91d5bca-d5a1-41cf-9733-6b4d6b49c170/datanode-2/data/ratis/bd79c634-d3ce-4445-aaf7-cf48e0ed285b/sm/snapshot.1_4 took: 2 ms
2023-07-05 13:42:48,801 [76b6de06-79b2-4410-afad-6ed4eb2113a8@group-CF48E0ED285B-StateMachineUpdater] INFO  impl.StateMachineUpdater (StateMachineUpdater.java:takeSnapshot(291)) - 76b6de06-79b2-4410-afad-6ed4eb2113a8@group-CF48E0ED285B-StateMachineUpdater: Took a snapshot at index 4
2023-07-05 13:42:48,801 [76b6de06-79b2-4410-afad-6ed4eb2113a8@group-CF48E0ED285B-StateMachineUpdater] INFO  impl.StateMachineUpdater (StateMachineUpdater.java:lambda$new$0(97)) - 76b6de06-79b2-4410-afad-6ed4eb2113a8@group-CF48E0ED285B-StateMachineUpdater: snapshotIndex: updateIncreasingly -1 -> 4
2023-07-05 13:42:48,802 [PipelineCommandHandlerThread-0] INFO  server.RaftServer$Division (ServerState.java:close(472)) - 76b6de06-79b2-4410-afad-6ed4eb2113a8@group-CF48E0ED285B: closes. applyIndex: 4
2023-07-05 13:42:49,314 [ReplicationMonitor] INFO  replication.ReplicationManager (ReplicationManager.java:processAll(389)) - Replication Monitor Thread took 1 milliseconds for processing 1 containers.
2023-07-05 13:42:49,396 [PipelineCommandHandlerThread-0] INFO  segmented.SegmentedRaftLogWorker (SegmentedRaftLogWorker.java:close(252)) - 76b6de06-79b2-4410-afad-6ed4eb2113a8@group-CF48E0ED285B-SegmentedRaftLogWorker close()
2023-07-05 13:42:49,399 [PipelineCommandHandlerThread-0] INFO  server.RaftServer$Division (RaftServerImpl.java:groupRemove(436)) - 76b6de06-79b2-4410-afad-6ed4eb2113a8@group-CF48E0ED285B: Succeed to remove RaftStorageDirectory Storage Directory /home/runner/work/ozone/ozone/hadoop-ozone/integration-test/target/test-dir/MiniOzoneClusterImpl-a91d5bca-d5a1-41cf-9733-6b4d6b49c170/datanode-2/data/ratis/bd79c634-d3ce-4445-aaf7-cf48e0ed285b
2023-07-05 13:42:49,399 [PipelineCommandHandlerThread-0] INFO  commandhandler.ClosePipelineCommandHandler (ClosePipelineCommandHandler.java:lambda$handle$0(87)) - Close Pipeline PipelineID=bd79c634-d3ce-4445-aaf7-cf48e0ed285b command on datanode 76b6de06-79b2-4410-afad-6ed4eb2113a8.
2023-07-05 13:42:49,431 [Time-limited test] INFO  container.TestHelper (TestHelper.java:countReplicas(423)) - Container 1 has 2 replicas on [76b6de06-79b2-4410-afad-6ed4eb2113a8, c67f853f-9851-48e5-9814-c89133fda60b]
2023-07-05 13:42:50,314 [ReplicationMonitor] INFO  replication.ReplicationManager (ReplicationManager.java:processAll(389)) - Replication Monitor Thread took 0 milliseconds for processing 1 containers.
2023-07-05 13:42:50,432 [Time-limited test] INFO  container.TestHelper (TestHelper.java:countReplicas(423)) - Container 1 has 2 replicas on [76b6de06-79b2-4410-afad-6ed4eb2113a8, c67f853f-9851-48e5-9814-c89133fda60b]
2023-07-05 13:42:51,315 [ReplicationMonitor] INFO  replication.ReplicationManager (ReplicationManager.java:processAll(389)) - Replication Monitor Thread took 0 milliseconds for processing 1 containers.
2023-07-05 13:42:51,432 [Time-limited test] INFO  container.TestHelper (TestHelper.java:countReplicas(423)) - Container 1 has 2 replicas on [76b6de06-79b2-4410-afad-6ed4eb2113a8, c67f853f-9851-48e5-9814-c89133fda60b]
2023-07-05 13:42:52,316 [ReplicationMonitor] INFO  replication.ReplicationManager (ReplicationManager.java:processAll(389)) - Replication Monitor Thread took 1 milliseconds for processing 1 containers.
2023-07-05 13:42:52,432 [Time-limited test] INFO  container.TestHelper (TestHelper.java:countReplicas(423)) - Container 1 has 2 replicas on [76b6de06-79b2-4410-afad-6ed4eb2113a8, c67f853f-9851-48e5-9814-c89133fda60b]
2023-07-05 13:42:53,316 [ReplicationMonitor] INFO  replication.ReplicationManager (ReplicationManager.java:processAll(389)) - Replication Monitor Thread took 0 milliseconds for processing 1 containers.
2023-07-05 13:42:53,433 [Time-limited test] INFO  container.TestHelper (TestHelper.java:countReplicas(423)) - Container 1 has 2 replicas on [76b6de06-79b2-4410-afad-6ed4eb2113a8, c67f853f-9851-48e5-9814-c89133fda60b]
2023-07-05 13:42:54,317 [ReplicationMonitor] INFO  replication.ReplicationManager (ReplicationManager.java:processAll(389)) - Replication Monitor Thread took 0 milliseconds for processing 1 containers.
2023-07-05 13:42:54,433 [Time-limited test] INFO  container.TestHelper (TestHelper.java:countReplicas(423)) - Container 1 has 2 replicas on [76b6de06-79b2-4410-afad-6ed4eb2113a8, c67f853f-9851-48e5-9814-c89133fda60b]
2023-07-05 13:42:55,317 [ReplicationMonitor] INFO  replication.ReplicationManager (ReplicationManager.java:processAll(389)) - Replication Monitor Thread took 0 milliseconds for processing 1 containers.
2023-07-05 13:42:55,433 [Time-limited test] INFO  container.TestHelper (TestHelper.java:countReplicas(423)) - Container 1 has 2 replicas on [76b6de06-79b2-4410-afad-6ed4eb2113a8, c67f853f-9851-48e5-9814-c89133fda60b]
2023-07-05 13:42:56,318 [ReplicationMonitor] INFO  replication.ReplicationManager (ReplicationManager.java:processAll(389)) - Replication Monitor Thread took 0 milliseconds for processing 1 containers.
2023-07-05 13:42:56,434 [Time-limited test] INFO  container.TestHelper (TestHelper.java:countReplicas(423)) - Container 1 has 2 replicas on [76b6de06-79b2-4410-afad-6ed4eb2113a8, c67f853f-9851-48e5-9814-c89133fda60b]
2023-07-05 13:42:57,319 [ReplicationMonitor] INFO  replication.ReplicationManager (ReplicationManager.java:processAll(389)) - Replication Monitor Thread took 1 milliseconds for processing 1 containers.
2023-07-05 13:42:57,434 [Time-limited test] INFO  container.TestHelper (TestHelper.java:countReplicas(423)) - Container 1 has 2 replicas on [76b6de06-79b2-4410-afad-6ed4eb2113a8, c67f853f-9851-48e5-9814-c89133fda60b]
2023-07-05 13:42:58,319 [ReplicationMonitor] INFO  replication.ReplicationManager (ReplicationManager.java:processAll(389)) - Replication Monitor Thread took 0 milliseconds for processing 1 containers.
2023-07-05 13:42:58,434 [Time-limited test] INFO  container.TestHelper (TestHelper.java:countReplicas(423)) - Container 1 has 2 replicas on [76b6de06-79b2-4410-afad-6ed4eb2113a8, c67f853f-9851-48e5-9814-c89133fda60b]
2023-07-05 13:42:59,320 [ReplicationMonitor] INFO  replication.ReplicationManager (ReplicationManager.java:processAll(389)) - Replication Monitor Thread took 0 milliseconds for processing 1 containers.
2023-07-05 13:42:59,435 [Time-limited test] INFO  container.TestHelper (TestHelper.java:countReplicas(423)) - Container 1 has 2 replicas on [76b6de06-79b2-4410-afad-6ed4eb2113a8, c67f853f-9851-48e5-9814-c89133fda60b]
2023-07-05 13:43:00,320 [ReplicationMonitor] INFO  replication.ReplicationManager (ReplicationManager.java:processAll(389)) - Replication Monitor Thread took 0 milliseconds for processing 1 containers.
2023-07-05 13:43:00,435 [Time-limited test] INFO  container.TestHelper (TestHelper.java:countReplicas(423)) - Container 1 has 2 replicas on [76b6de06-79b2-4410-afad-6ed4eb2113a8, c67f853f-9851-48e5-9814-c89133fda60b]
2023-07-05 13:43:01,321 [ReplicationMonitor] INFO  replication.ReplicationManager (ReplicationManager.java:processAll(389)) - Replication Monitor Thread took 0 milliseconds for processing 1 containers.
2023-07-05 13:43:01,436 [Time-limited test] INFO  container.TestHelper (TestHelper.java:countReplicas(423)) - Container 1 has 2 replicas on [76b6de06-79b2-4410-afad-6ed4eb2113a8, c67f853f-9851-48e5-9814-c89133fda60b]
2023-07-05 13:43:02,322 [ReplicationMonitor] INFO  replication.ReplicationManager (ReplicationManager.java:processAll(389)) - Replication Monitor Thread took 1 milliseconds for processing 1 containers.
2023-07-05 13:43:02,436 [Time-limited test] INFO  container.TestHelper (TestHelper.java:countReplicas(423)) - Container 1 has 2 replicas on [76b6de06-79b2-4410-afad-6ed4eb2113a8, c67f853f-9851-48e5-9814-c89133fda60b]
2023-07-05 13:43:03,322 [ReplicationMonitor] INFO  replication.ReplicationManager (ReplicationManager.java:processAll(389)) - Replication Monitor Thread took 0 milliseconds for processing 1 containers.
2023-07-05 13:43:03,436 [Time-limited test] INFO  container.TestHelper (TestHelper.java:countReplicas(423)) - Container 1 has 2 replicas on [76b6de06-79b2-4410-afad-6ed4eb2113a8, c67f853f-9851-48e5-9814-c89133fda60b]
2023-07-05 13:43:04,323 [ReplicationMonitor] INFO  replication.ReplicationManager (ReplicationManager.java:processAll(389)) - Replication Monitor Thread took 0 milliseconds for processing 1 containers.
2023-07-05 13:43:04,437 [Time-limited test] INFO  container.TestHelper (TestHelper.java:countReplicas(423)) - Container 1 has 2 replicas on [76b6de06-79b2-4410-afad-6ed4eb2113a8, c67f853f-9851-48e5-9814-c89133fda60b]
2023-07-05 13:43:05,324 [ReplicationMonitor] INFO  replication.ReplicationManager (ReplicationManager.java:processAll(389)) - Replication Monitor Thread took 1 milliseconds for processing 1 containers.
2023-07-05 13:43:05,437 [Time-limited test] INFO  container.TestHelper (TestHelper.java:countReplicas(423)) - Container 1 has 2 replicas on [76b6de06-79b2-4410-afad-6ed4eb2113a8, c67f853f-9851-48e5-9814-c89133fda60b]
2023-07-05 13:43:06,324 [ReplicationMonitor] INFO  replication.ReplicationManager (ReplicationManager.java:processAll(389)) - Replication Monitor Thread took 0 milliseconds for processing 1 containers.
2023-07-05 13:43:06,437 [Time-limited test] INFO  container.TestHelper (TestHelper.java:countReplicas(423)) - Container 1 has 2 replicas on [76b6de06-79b2-4410-afad-6ed4eb2113a8, c67f853f-9851-48e5-9814-c89133fda60b]
2023-07-05 13:43:07,325 [ReplicationMonitor] INFO  replication.ReplicationManager (ReplicationManager.java:processAll(389)) - Replication Monitor Thread took 0 milliseconds for processing 1 containers.
2023-07-05 13:43:07,438 [Time-limited test] INFO  container.TestHelper (TestHelper.java:countReplicas(423)) - Container 1 has 2 replicas on [76b6de06-79b2-4410-afad-6ed4eb2113a8, c67f853f-9851-48e5-9814-c89133fda60b]
2023-07-05 13:43:08,326 [ReplicationMonitor] INFO  replication.ReplicationManager (ReplicationManager.java:processAll(389)) - Replication Monitor Thread took 1 milliseconds for processing 1 containers.
2023-07-05 13:43:08,438 [Time-limited test] INFO  container.TestHelper (TestHelper.java:countReplicas(423)) - Container 1 has 2 replicas on [76b6de06-79b2-4410-afad-6ed4eb2113a8, c67f853f-9851-48e5-9814-c89133fda60b]
2023-07-05 13:43:09,326 [ReplicationMonitor] INFO  replication.ReplicationManager (ReplicationManager.java:processAll(389)) - Replication Monitor Thread took 0 milliseconds for processing 1 containers.
2023-07-05 13:43:09,438 [Time-limited test] INFO  container.TestHelper (TestHelper.java:countReplicas(423)) - Container 1 has 2 replicas on [76b6de06-79b2-4410-afad-6ed4eb2113a8, c67f853f-9851-48e5-9814-c89133fda60b]
2023-07-05 13:43:10,327 [ReplicationMonitor] INFO  replication.ReplicationManager (ReplicationManager.java:processAll(389)) - Replication Monitor Thread took 1 milliseconds for processing 1 containers.
2023-07-05 13:43:10,439 [Time-limited test] INFO  container.TestHelper (TestHelper.java:countReplicas(423)) - Container 1 has 2 replicas on [76b6de06-79b2-4410-afad-6ed4eb2113a8, c67f853f-9851-48e5-9814-c89133fda60b]
2023-07-05 13:43:11,327 [ReplicationMonitor] INFO  replication.ReplicationManager (ReplicationManager.java:processAll(389)) - Replication Monitor Thread took 0 milliseconds for processing 1 containers.
2023-07-05 13:43:11,439 [Time-limited test] INFO  container.TestHelper (TestHelper.java:countReplicas(423)) - Container 1 has 2 replicas on [76b6de06-79b2-4410-afad-6ed4eb2113a8, c67f853f-9851-48e5-9814-c89133fda60b]
2023-07-05 13:43:12,328 [ReplicationMonitor] INFO  replication.ReplicationManager (ReplicationManager.java:processAll(389)) - Replication Monitor Thread took 0 milliseconds for processing 1 containers.
2023-07-05 13:43:12,440 [Time-limited test] INFO  container.TestHelper (TestHelper.java:countReplicas(423)) - Container 1 has 2 replicas on [76b6de06-79b2-4410-afad-6ed4eb2113a8, c67f853f-9851-48e5-9814-c89133fda60b]
2023-07-05 13:43:13,329 [ReplicationMonitor] INFO  replication.ReplicationManager (ReplicationManager.java:processAll(389)) - Replication Monitor Thread took 1 milliseconds for processing 1 containers.
2023-07-05 13:43:13,440 [Time-limited test] INFO  container.TestHelper (TestHelper.java:countReplicas(423)) - Container 1 has 2 replicas on [76b6de06-79b2-4410-afad-6ed4eb2113a8, c67f853f-9851-48e5-9814-c89133fda60b]
2023-07-05 13:43:13,898 [Under Replicated Processor] WARN  net.NetworkTopologyImpl (NetworkTopologyImpl.java:chooseNodeInternal(651)) - No available node in (scope="/" excludedScope="[/default-rack/c67f853f-9851-48e5-9814-c89133fda60b, /default-rack/76b6de06-79b2-4410-afad-6ed4eb2113a8]" excludedNodes="[c67f853f-9851-48e5-9814-c89133fda60b(fv-az264-29.ca02foy5wcnuvlrvrz2wi3p2og.dx.internal.cloudapp.net/10.1.0.13), 76b6de06-79b2-4410-afad-6ed4eb2113a8(fv-az264-29.ca02foy5wcnuvlrvrz2wi3p2og.dx.internal.cloudapp.net/10.1.0.13)]"  ancestorGen="1").
2023-07-05 13:43:13,898 [Under Replicated Processor] WARN  algorithms.SCMContainerPlacementRackAware (SCMContainerPlacementRackAware.java:chooseNode(485)) - Failed to find the datanode for container. excludedNodes:[c67f853f-9851-48e5-9814-c89133fda60b(fv-az264-29.ca02foy5wcnuvlrvrz2wi3p2og.dx.internal.cloudapp.net/10.1.0.13), 76b6de06-79b2-4410-afad-6ed4eb2113a8(fv-az264-29.ca02foy5wcnuvlrvrz2wi3p2og.dx.internal.cloudapp.net/10.1.0.13)], affinityNode:
2023-07-05 13:43:13,898 [Under Replicated Processor] INFO  replication.ReplicationManager (ReplicationManager.java:sendDatanodeCommand(669)) - Sending command [replicateContainerCommand: containerId=1, replicaIndex=0, targetNode=107862d4-58d6-4e98-9eb6-252f61002a57(fv-az264-29.ca02foy5wcnuvlrvrz2wi3p2og.dx.internal.cloudapp.net/10.1.0.13), priority=NORMAL] for container ContainerInfo{id=#1, state=CLOSED, stateEnterTime=2023-07-05T13:42:39.411Z, pipelineID=PipelineID=bd79c634-d3ce-4445-aaf7-cf48e0ed285b, owner=om1} to c67f853f-9851-48e5-9814-c89133fda60b(fv-az264-29.ca02foy5wcnuvlrvrz2wi3p2og.dx.internal.cloudapp.net/10.1.0.13) with datanode deadline 1688565163898 and scm deadline 1688565193898
2023-07-05 13:43:13,899 [Under Replicated Processor] INFO  replication.UnhealthyReplicationProcessor (UnhealthyReplicationProcessor.java:processAll(138)) - Processed 1 containers with health state counts {UNDER_REPLICATED=1}, failed processing 0, deferred due to load 0
2023-07-05 13:43:14,329 [ReplicationMonitor] INFO  replication.ReplicationManager (ReplicationManager.java:processAll(389)) - Replication Monitor Thread took 0 milliseconds for processing 1 containers.
2023-07-05 13:43:14,440 [Time-limited test] INFO  container.TestHelper (TestHelper.java:countReplicas(423)) - Container 1 has 2 replicas on [76b6de06-79b2-4410-afad-6ed4eb2113a8, c67f853f-9851-48e5-9814-c89133fda60b]
2023-07-05 13:43:15,330 [ReplicationMonitor] INFO  replication.ReplicationManager (ReplicationManager.java:processAll(389)) - Replication Monitor Thread took 0 milliseconds for processing 1 containers.
2023-07-05 13:43:15,441 [Time-limited test] INFO  container.TestHelper (TestHelper.java:countReplicas(423)) - Container 1 has 2 replicas on [76b6de06-79b2-4410-afad-6ed4eb2113a8, c67f853f-9851-48e5-9814-c89133fda60b]
2023-07-05 13:43:16,330 [ReplicationMonitor] INFO  replication.ReplicationManager (ReplicationManager.java:processAll(389)) - Replication Monitor Thread took 0 milliseconds for processing 1 containers.
2023-07-05 13:43:16,433 [ContainerReplicationThread-0] INFO  replication.PushReplicator (PushReplicator.java:replicate(58)) - Starting replication of container 1 to 107862d4-58d6-4e98-9eb6-252f61002a57(fv-az264-29.ca02foy5wcnuvlrvrz2wi3p2og.dx.internal.cloudapp.net/10.1.0.13) using NO_COMPRESSION
2023-07-05 13:43:16,441 [Time-limited test] INFO  container.TestHelper (TestHelper.java:countReplicas(423)) - Container 1 has 2 replicas on [76b6de06-79b2-4410-afad-6ed4eb2113a8, c67f853f-9851-48e5-9814-c89133fda60b]
2023-07-05 13:43:16,471 [ContainerReplicationThread-0] INFO  replication.GrpcOutputStream (GrpcOutputStream.java:close(111)) - Sent 9728 bytes for container 1
2023-07-05 13:43:16,479 [ReplicationContainerReader-1] INFO  replication.SendContainerRequestHandler (SendContainerRequestHandler.java:onNext(80)) - Accepting container 1
2023-07-05 13:43:16,483 [Time-limited test] INFO  ozone.MiniOzoneClusterImpl (MiniOzoneClusterImpl.java:shutdown(443)) - Shutting down the Mini Ozone Cluster
2023-07-05 13:43:16,483 [Time-limited test] INFO  ozone.MiniOzoneClusterImpl (MiniOzoneClusterImpl.java:stop(460)) - Stopping the Mini Ozone Cluster
2023-07-05 13:43:16,483 [Time-limited test] INFO  ozone.MiniOzoneClusterImpl (MiniOzoneClusterImpl.java:stopOM(551)) - Stopping the OzoneManager
2023-07-05 13:43:16,483 [Time-limited test] INFO  om.OzoneManager (OzoneManager.java:stop(2198)) - om1[localhost:15057]: Stopping Ozone Manager
2023-07-05 13:43:16,483 [Time-limited test] INFO  ipc.Server (Server.java:stop(3523)) - Stopping server on 15057
2023-07-05 13:43:16,486 [IPC Server listener on 15057] INFO  ipc.Server (Server.java:run(1434)) - Stopping IPC Server listener on 15057
2023-07-05 13:43:16,486 [IPC Server Responder] INFO  ipc.Server (Server.java:run(1567)) - Stopping IPC Server Responder
2023-07-05 13:43:16,487 [Time-limited test] INFO  server.RaftServer (RaftServerProxy.java:lambda$close$6(416)) - om1: close
2023-07-05 13:43:16,488 [Time-limited test] INFO  server.GrpcService (GrpcService.java:closeImpl(311)) - om1: shutdown server GrpcServerProtocolService now
2023-07-05 13:43:16,488 [om1-impl-thread2] INFO  server.RaftServer$Division (RaftServerImpl.java:lambda$close$4(466)) - om1@group-C5BA1605619E: shutdown
2023-07-05 13:43:16,488 [Time-limited test] INFO  server.GrpcService (GrpcService.java:closeImpl(320)) - om1: shutdown server GrpcServerProtocolService successfully
2023-07-05 13:43:16,488 [om1-impl-thread2] INFO  util.JmxRegister (JmxRegister.java:unregister(73)) - Successfully un-registered JMX Bean with object name Ratis:service=RaftServer,group=group-C5BA1605619E,id=om1
2023-07-05 13:43:16,488 [ReplicationContainerReader-1] INFO  replication.SendContainerRequestHandler (SendContainerRequestHandler.java:onCompleted(108)) - Container 1 is downloaded with size 9728, starting to import.
2023-07-05 13:43:16,490 [om1-impl-thread2] INFO  impl.RoleInfo (RoleInfo.java:shutdownLeaderState(93)) - om1: shutdown om1@group-C5BA1605619E-LeaderStateImpl
2023-07-05 13:43:16,490 [om1-impl-thread2] INFO  impl.PendingRequests (PendingRequests.java:sendNotLeaderResponses(289)) - om1@group-C5BA1605619E-PendingRequests: sendNotLeaderResponses
2023-07-05 13:43:16,500 [om1@group-C5BA1605619E-StateMachineUpdater] INFO  ratis.OzoneManagerStateMachine (OzoneManagerStateMachine.java:takeSnapshot(479)) - Current Snapshot Index (t:1, i:8)
2023-07-05 13:43:16,501 [om1-impl-thread2] INFO  impl.StateMachineUpdater (StateMachineUpdater.java:stopAndJoin(155)) - om1@group-C5BA1605619E-StateMachineUpdater: set stopIndex = 8
2023-07-05 13:43:16,524 [om1@group-C5BA1605619E-StateMachineUpdater] INFO  impl.StateMachineUpdater (StateMachineUpdater.java:takeSnapshot(291)) - om1@group-C5BA1605619E-StateMachineUpdater: Took a snapshot at index 8
2023-07-05 13:43:16,525 [om1@group-C5BA1605619E-StateMachineUpdater] INFO  impl.StateMachineUpdater (StateMachineUpdater.java:lambda$new$0(97)) - om1@group-C5BA1605619E-StateMachineUpdater: snapshotIndex: updateIncreasingly -1 -> 8
2023-07-05 13:43:16,525 [om1@group-C5BA1605619E-StateMachineUpdater] INFO  ratis.OzoneManagerStateMachine (OzoneManagerStateMachine.java:close(533)) - StateMachine has shutdown. Shutdown OzoneManager if not already shutdown.
2023-07-05 13:43:16,525 [om1@group-C5BA1605619E-StateMachineUpdater] INFO  ratis.OzoneManagerDoubleBuffer (OzoneManagerDoubleBuffer.java:stopDaemon(551)) - Stopping OMDoubleBuffer flush thread
2023-07-05 13:43:16,525 [OMDoubleBufferFlushThread] INFO  ratis.OzoneManagerDoubleBuffer (OzoneManagerDoubleBuffer.java:canFlush(638)) - OMDoubleBuffer flush thread OMDoubleBufferFlushThread is interrupted and will exit.
2023-07-05 13:43:16,526 [om1-impl-thread2] INFO  server.RaftServer$Division (ServerState.java:close(472)) - om1@group-C5BA1605619E: closes. applyIndex: 8
2023-07-05 13:43:16,530 [ReplicationContainerReader-1] INFO  replication.SendContainerRequestHandler (SendContainerRequestHandler.java:onCompleted(114)) - Container 1 is replicated successfully
2023-07-05 13:43:16,532 [grpc-default-executor-0] INFO  replication.GrpcContainerUploader (GrpcContainerUploader.java:onCompleted(119)) - Finished uploading container 1 to 107862d4-58d6-4e98-9eb6-252f61002a57(fv-az264-29.ca02foy5wcnuvlrvrz2wi3p2og.dx.internal.cloudapp.net/10.1.0.13)
2023-07-05 13:43:16,540 [ContainerReplicationThread-0] INFO  replication.ReplicationSupervisor (ReplicationSupervisor.java:run(362)) - Successful DONE replicateContainerCommand: containerId=1, replicaIndex=0, targetNode=107862d4-58d6-4e98-9eb6-252f61002a57(fv-az264-29.ca02foy5wcnuvlrvrz2wi3p2og.dx.internal.cloudapp.net/10.1.0.13), priority=NORMAL, transferred 9728 bytes
2023-07-05 13:43:16,583 [om1-impl-thread2] INFO  segmented.SegmentedRaftLogWorker (SegmentedRaftLogWorker.java:close(252)) - om1@group-C5BA1605619E-SegmentedRaftLogWorker close()
2023-07-05 13:43:16,585 [JvmPauseMonitor8] INFO  util.JvmPauseMonitor (JvmPauseMonitor.java:run(109)) - JvmPauseMonitor-om1: Stopped
2023-07-05 13:43:16,585 [Time-limited test] INFO  ratis.OzoneManagerStateMachine (OzoneManagerStateMachine.java:close(533)) - StateMachine has shutdown. Shutdown OzoneManager if not already shutdown.
2023-07-05 13:43:16,585 [Time-limited test] INFO  ratis.OzoneManagerDoubleBuffer (OzoneManagerDoubleBuffer.java:stopDaemon(560)) - OMDoubleBuffer flush thread is not running.
2023-07-05 13:43:16,586 [Time-limited test] INFO  utils.BackgroundService (BackgroundService.java:shutdown(141)) - Shutting down service KeyDeletingService
2023-07-05 13:43:16,587 [Time-limited test] INFO  utils.BackgroundService (BackgroundService.java:shutdown(141)) - Shutting down service KeyDeletingService
2023-07-05 13:43:16,588 [Time-limited test] INFO  utils.BackgroundService (BackgroundService.java:shutdown(141)) - Shutting down service OpenKeyCleanupService
2023-07-05 13:43:16,589 [Time-limited test] INFO  utils.BackgroundService (BackgroundService.java:shutdown(141)) - Shutting down service SstFilteringService
2023-07-05 13:43:16,590 [Time-limited test] INFO  utils.BackgroundService (BackgroundService.java:shutdown(141)) - Shutting down service SnapshotDeletingService
2023-07-05 13:43:16,591 [Time-limited test] INFO  handler.ContextHandler (ContextHandler.java:doStop(1159)) - Stopped o.e.j.w.WebAppContext@5ef9d7a2{ozoneManager,/,null,STOPPED}{file:/home/runner/work/ozone/ozone/hadoop-ozone/integration-test/target/test-classes/webapps/ozoneManager}
2023-07-05 13:43:16,594 [Time-limited test] INFO  server.AbstractConnector (AbstractConnector.java:doStop(383)) - Stopped ServerConnector@2db06c59{HTTP/1.1, (http/1.1)}{0.0.0.0:15058}
2023-07-05 13:43:16,594 [Time-limited test] INFO  server.session (HouseKeeper.java:stopScavenging(149)) - node0 Stopped scavenging
2023-07-05 13:43:16,594 [Time-limited test] INFO  handler.ContextHandler (ContextHandler.java:doStop(1159)) - Stopped o.e.j.s.ServletContextHandler@58de3024{static,/static,file:///home/runner/work/ozone/ozone/hadoop-ozone/integration-test/target/test-classes/webapps/static,STOPPED}
2023-07-05 13:43:16,594 [Time-limited test] INFO  handler.ContextHandler (ContextHandler.java:doStop(1159)) - Stopped o.e.j.s.ServletContextHandler@361a6fb4{logs,/logs,file:///home/runner/work/ozone/ozone/hadoop-ozone/integration-test/target/log,STOPPED}
2023-07-05 13:43:16,599 [Time-limited test] INFO  snapshot.SnapshotDiffManager (SnapshotDiffManager.java:closeExecutorService(1699)) - Shutting down executorService: 'SnapDiffExecutor'
2023-07-05 13:43:16,599 [Time-limited test] INFO  snapshot.SnapshotDiffManager (SnapshotDiffManager.java:closeExecutorService(1699)) - Shutting down executorService: 'SstDumpToolExecutor'
2023-07-05 13:43:16,599 [Time-limited test] INFO  utils.BackgroundService (BackgroundService.java:shutdown(141)) - Shutting down service SnapshotDiffCleanupService
2023-07-05 13:43:16,601 [Time-limited test] INFO  ozone.MiniOzoneClusterImpl (MiniOzoneClusterImpl.java:stopDatanodes(528)) - Stopping the HddsDatanodes
2023-07-05 13:43:16,603 [Time-limited test] INFO  ozoneimpl.OzoneContainer (OzoneContainer.java:stop(441)) - Attempting to stop container services.
2023-07-05 13:43:16,603 [Time-limited test] INFO  server.RaftServer (RaftServerProxy.java:lambda$close$6(416)) - 76b6de06-79b2-4410-afad-6ed4eb2113a8: close
2023-07-05 13:43:16,607 [Time-limited test] INFO  server.GrpcService (GrpcService.java:closeImpl(311)) - 76b6de06-79b2-4410-afad-6ed4eb2113a8: shutdown server org.apache.ratis.grpc.server.GrpcClientProtocolService now
2023-07-05 13:43:16,607 [76b6de06-79b2-4410-afad-6ed4eb2113a8-impl-thread2] INFO  server.RaftServer$Division (RaftServerImpl.java:lambda$close$4(466)) - 76b6de06-79b2-4410-afad-6ed4eb2113a8@group-8A5EC24891A2: shutdown
2023-07-05 13:43:16,609 [76b6de06-79b2-4410-afad-6ed4eb2113a8-impl-thread2] INFO  util.JmxRegister (JmxRegister.java:unregister(73)) - Successfully un-registered JMX Bean with object name Ratis:service=RaftServer,group=group-8A5EC24891A2,id=76b6de06-79b2-4410-afad-6ed4eb2113a8
2023-07-05 13:43:16,609 [76b6de06-79b2-4410-afad-6ed4eb2113a8-impl-thread2] INFO  impl.RoleInfo (RoleInfo.java:shutdownLeaderState(93)) - 76b6de06-79b2-4410-afad-6ed4eb2113a8: shutdown 76b6de06-79b2-4410-afad-6ed4eb2113a8@group-8A5EC24891A2-LeaderStateImpl
2023-07-05 13:43:16,609 [76b6de06-79b2-4410-afad-6ed4eb2113a8-impl-thread2] INFO  impl.PendingRequests (PendingRequests.java:sendNotLeaderResponses(289)) - 76b6de06-79b2-4410-afad-6ed4eb2113a8@group-8A5EC24891A2-PendingRequests: sendNotLeaderResponses
2023-07-05 13:43:16,609 [76b6de06-79b2-4410-afad-6ed4eb2113a8-impl-thread2] INFO  impl.StateMachineUpdater (StateMachineUpdater.java:stopAndJoin(155)) - 76b6de06-79b2-4410-afad-6ed4eb2113a8@group-8A5EC24891A2-StateMachineUpdater: set stopIndex = 0
2023-07-05 13:43:16,610 [76b6de06-79b2-4410-afad-6ed4eb2113a8@group-8A5EC24891A2-StateMachineUpdater] INFO  ratis.ContainerStateMachine (ContainerStateMachine.java:takeSnapshot(330)) - group-8A5EC24891A2: Taking a snapshot at:(t:1, i:0) file /home/runner/work/ozone/ozone/hadoop-ozone/integration-test/target/test-dir/MiniOzoneClusterImpl-a91d5bca-d5a1-41cf-9733-6b4d6b49c170/datanode-2/data/ratis/63677abc-8c27-45f7-9ffb-8a5ec24891a2/sm/snapshot.1_0
2023-07-05 13:43:16,612 [76b6de06-79b2-4410-afad-6ed4eb2113a8@group-8A5EC24891A2-StateMachineUpdater] INFO  ratis.ContainerStateMachine (ContainerStateMachine.java:takeSnapshot(341)) - group-8A5EC24891A2: Finished taking a snapshot at:(t:1, i:0) file:/home/runner/work/ozone/ozone/hadoop-ozone/integration-test/target/test-dir/MiniOzoneClusterImpl-a91d5bca-d5a1-41cf-9733-6b4d6b49c170/datanode-2/data/ratis/63677abc-8c27-45f7-9ffb-8a5ec24891a2/sm/snapshot.1_0 took: 1 ms
2023-07-05 13:43:16,612 [ForkJoinPool.commonPool-worker-0] INFO  ozoneimpl.OzoneContainer (OzoneContainer.java:stop(441)) - Attempting to stop container services.
2023-07-05 13:43:16,612 [76b6de06-79b2-4410-afad-6ed4eb2113a8@group-8A5EC24891A2-StateMachineUpdater] INFO  impl.StateMachineUpdater (StateMachineUpdater.java:takeSnapshot(291)) - 76b6de06-79b2-4410-afad-6ed4eb2113a8@group-8A5EC24891A2-StateMachineUpdater: Took a snapshot at index 0
2023-07-05 13:43:16,612 [76b6de06-79b2-4410-afad-6ed4eb2113a8@group-8A5EC24891A2-StateMachineUpdater] INFO  impl.StateMachineUpdater (StateMachineUpdater.java:lambda$new$0(97)) - 76b6de06-79b2-4410-afad-6ed4eb2113a8@group-8A5EC24891A2-StateMachineUpdater: snapshotIndex: updateIncreasingly -1 -> 0
2023-07-05 13:43:16,612 [76b6de06-79b2-4410-afad-6ed4eb2113a8-impl-thread2] INFO  server.RaftServer$Division (ServerState.java:close(472)) - 76b6de06-79b2-4410-afad-6ed4eb2113a8@group-8A5EC24891A2: closes. applyIndex: 0
2023-07-05 13:43:16,613 [ForkJoinPool.commonPool-worker-0] INFO  server.RaftServer (RaftServerProxy.java:lambda$close$6(416)) - c67f853f-9851-48e5-9814-c89133fda60b: close
2023-07-05 13:43:16,614 [Thread-1112] INFO  server.GrpcServerProtocolClient (GrpcServerProtocolClient.java:close(103)) - c67f853f-9851-48e5-9814-c89133fda60b Close channels
2023-07-05 13:43:16,615 [c67f853f-9851-48e5-9814-c89133fda60b-impl-thread2] INFO  server.RaftServer$Division (RaftServerImpl.java:lambda$close$4(466)) - c67f853f-9851-48e5-9814-c89133fda60b@group-50645A3F60F1: shutdown
2023-07-05 13:43:16,614 [ForkJoinPool.commonPool-worker-0] INFO  server.GrpcService (GrpcService.java:closeImpl(311)) - c67f853f-9851-48e5-9814-c89133fda60b: shutdown server org.apache.ratis.grpc.server.GrpcClientProtocolService now
2023-07-05 13:43:16,618 [c67f853f-9851-48e5-9814-c89133fda60b-impl-thread2] INFO  util.JmxRegister (JmxRegister.java:unregister(73)) - Successfully un-registered JMX Bean with object name Ratis:service=RaftServer,group=group-50645A3F60F1,id=c67f853f-9851-48e5-9814-c89133fda60b
2023-07-05 13:43:16,618 [c67f853f-9851-48e5-9814-c89133fda60b-impl-thread2] INFO  impl.RoleInfo (RoleInfo.java:shutdownLeaderState(93)) - c67f853f-9851-48e5-9814-c89133fda60b: shutdown c67f853f-9851-48e5-9814-c89133fda60b@group-50645A3F60F1-LeaderStateImpl
2023-07-05 13:43:16,618 [c67f853f-9851-48e5-9814-c89133fda60b-impl-thread2] INFO  impl.PendingRequests (PendingRequests.java:sendNotLeaderResponses(289)) - c67f853f-9851-48e5-9814-c89133fda60b@group-50645A3F60F1-PendingRequests: sendNotLeaderResponses
2023-07-05 13:43:16,619 [c67f853f-9851-48e5-9814-c89133fda60b-impl-thread2] INFO  impl.StateMachineUpdater (StateMachineUpdater.java:stopAndJoin(155)) - c67f853f-9851-48e5-9814-c89133fda60b@group-50645A3F60F1-StateMachineUpdater: set stopIndex = 0
2023-07-05 13:43:16,619 [c67f853f-9851-48e5-9814-c89133fda60b@group-50645A3F60F1-StateMachineUpdater] INFO  ratis.ContainerStateMachine (ContainerStateMachine.java:takeSnapshot(330)) - group-50645A3F60F1: Taking a snapshot at:(t:1, i:0) file /home/runner/work/ozone/ozone/hadoop-ozone/integration-test/target/test-dir/MiniOzoneClusterImpl-a91d5bca-d5a1-41cf-9733-6b4d6b49c170/datanode-0/data/ratis/f7316eee-855f-4e4b-9b98-50645a3f60f1/sm/snapshot.1_0
2023-07-05 13:43:16,620 [c67f853f-9851-48e5-9814-c89133fda60b@group-50645A3F60F1-StateMachineUpdater] INFO  ratis.ContainerStateMachine (ContainerStateMachine.java:takeSnapshot(341)) - group-50645A3F60F1: Finished taking a snapshot at:(t:1, i:0) file:/home/runner/work/ozone/ozone/hadoop-ozone/integration-test/target/test-dir/MiniOzoneClusterImpl-a91d5bca-d5a1-41cf-9733-6b4d6b49c170/datanode-0/data/ratis/f7316eee-855f-4e4b-9b98-50645a3f60f1/sm/snapshot.1_0 took: 1 ms
2023-07-05 13:43:16,620 [c67f853f-9851-48e5-9814-c89133fda60b@group-50645A3F60F1-StateMachineUpdater] INFO  impl.StateMachineUpdater (StateMachineUpdater.java:takeSnapshot(291)) - c67f853f-9851-48e5-9814-c89133fda60b@group-50645A3F60F1-StateMachineUpdater: Took a snapshot at index 0
2023-07-05 13:43:16,620 [c67f853f-9851-48e5-9814-c89133fda60b@group-50645A3F60F1-StateMachineUpdater] INFO  impl.StateMachineUpdater (StateMachineUpdater.java:lambda$new$0(97)) - c67f853f-9851-48e5-9814-c89133fda60b@group-50645A3F60F1-StateMachineUpdater: snapshotIndex: updateIncreasingly -1 -> 0
2023-07-05 13:43:16,621 [c67f853f-9851-48e5-9814-c89133fda60b-impl-thread2] INFO  server.RaftServer$Division (ServerState.java:close(472)) - c67f853f-9851-48e5-9814-c89133fda60b@group-50645A3F60F1: closes. applyIndex: 0
2023-07-05 13:43:16,627 [Thread-1113] INFO  server.GrpcServerProtocolClient (GrpcServerProtocolClient.java:close(103)) - 6d685894-e83d-4eff-a4f6-a21b002b35fd Close channels
2023-07-05 13:43:16,627 [Thread-1117] INFO  server.GrpcServerProtocolClient (GrpcServerProtocolClient.java:close(103)) - 6d685894-e83d-4eff-a4f6-a21b002b35fd Close channels
2023-07-05 13:43:16,628 [Thread-1118] INFO  server.GrpcServerProtocolClient (GrpcServerProtocolClient.java:close(103)) - 76b6de06-79b2-4410-afad-6ed4eb2113a8 Close channels
2023-07-05 13:43:16,630 [ForkJoinPool.commonPool-worker-0] INFO  server.GrpcService (GrpcService.java:closeImpl(320)) - c67f853f-9851-48e5-9814-c89133fda60b: shutdown server org.apache.ratis.grpc.server.GrpcClientProtocolService successfully
2023-07-05 13:43:16,630 [ForkJoinPool.commonPool-worker-0] INFO  server.GrpcService (GrpcService.java:closeImpl(311)) - c67f853f-9851-48e5-9814-c89133fda60b: shutdown server GrpcServerProtocolService now
2023-07-05 13:43:16,646 [grpc-default-executor-6] INFO  server.GrpcLogAppender (GrpcLogAppender.java:onError(417)) - 76b6de06-79b2-4410-afad-6ed4eb2113a8@group-D713B65C45D2->c67f853f-9851-48e5-9814-c89133fda60b-GrpcLogAppender is already stopped
2023-07-05 13:43:16,646 [ForkJoinPool.commonPool-worker-0] INFO  server.GrpcService (GrpcService.java:closeImpl(320)) - c67f853f-9851-48e5-9814-c89133fda60b: shutdown server GrpcServerProtocolService successfully
2023-07-05 13:43:16,648 [ForkJoinPool.commonPool-worker-0] INFO  server.GrpcService (GrpcService.java:closeImpl(311)) - c67f853f-9851-48e5-9814-c89133fda60b: shutdown server org.apache.ratis.grpc.server.GrpcAdminProtocolService now
2023-07-05 13:43:16,648 [Time-limited test] INFO  server.GrpcService (GrpcService.java:closeImpl(320)) - 76b6de06-79b2-4410-afad-6ed4eb2113a8: shutdown server org.apache.ratis.grpc.server.GrpcClientProtocolService successfully
2023-07-05 13:43:16,649 [Time-limited test] INFO  server.GrpcService (GrpcService.java:closeImpl(311)) - 76b6de06-79b2-4410-afad-6ed4eb2113a8: shutdown server GrpcServerProtocolService now
2023-07-05 13:43:16,659 [Time-limited test] INFO  server.GrpcService (GrpcService.java:closeImpl(320)) - 76b6de06-79b2-4410-afad-6ed4eb2113a8: shutdown server GrpcServerProtocolService successfully
2023-07-05 13:43:16,660 [Time-limited test] INFO  server.GrpcService (GrpcService.java:closeImpl(311)) - 76b6de06-79b2-4410-afad-6ed4eb2113a8: shutdown server org.apache.ratis.grpc.server.GrpcAdminProtocolService now
2023-07-05 13:43:16,660 [ForkJoinPool.commonPool-worker-1] INFO  ozoneimpl.OzoneContainer (OzoneContainer.java:stop(441)) - Attempting to stop container services.
2023-07-05 13:43:16,660 [ForkJoinPool.commonPool-worker-0] INFO  server.GrpcService (GrpcService.java:closeImpl(320)) - c67f853f-9851-48e5-9814-c89133fda60b: shutdown server org.apache.ratis.grpc.server.GrpcAdminProtocolService successfully
2023-07-05 13:43:16,665 [c67f853f-9851-48e5-9814-c89133fda60b-NettyServerStreamRpc-bossGroup--thread1] INFO  logging.LoggingHandler (AbstractInternalLogger.java:log(148)) - [id: 0x42662a96, L:/0:0:0:0:0:0:0:0:15068] CLOSE
2023-07-05 13:43:16,666 [c67f853f-9851-48e5-9814-c89133fda60b-NettyServerStreamRpc-bossGroup--thread1] INFO  logging.LoggingHandler (AbstractInternalLogger.java:log(148)) - [id: 0x42662a96, L:/0:0:0:0:0:0:0:0:15068] INACTIVE
2023-07-05 13:43:16,666 [c67f853f-9851-48e5-9814-c89133fda60b-NettyServerStreamRpc-bossGroup--thread1] INFO  logging.LoggingHandler (AbstractInternalLogger.java:log(148)) - [id: 0x42662a96, L:/0:0:0:0:0:0:0:0:15068] UNREGISTERED
2023-07-05 13:43:16,671 [ForkJoinPool.commonPool-worker-1] INFO  server.RaftServer (RaftServerProxy.java:lambda$close$6(416)) - 107862d4-58d6-4e98-9eb6-252f61002a57: close
2023-07-05 13:43:16,673 [Time-limited test] INFO  server.GrpcService (GrpcService.java:closeImpl(320)) - 76b6de06-79b2-4410-afad-6ed4eb2113a8: shutdown server org.apache.ratis.grpc.server.GrpcAdminProtocolService successfully
2023-07-05 13:43:16,673 [76b6de06-79b2-4410-afad-6ed4eb2113a8-NettyServerStreamRpc-bossGroup--thread1] INFO  logging.LoggingHandler (AbstractInternalLogger.java:log(148)) - [id: 0xf605d968, L:/0:0:0:0:0:0:0:0:15086] CLOSE
2023-07-05 13:43:16,673 [76b6de06-79b2-4410-afad-6ed4eb2113a8-NettyServerStreamRpc-bossGroup--thread1] INFO  logging.LoggingHandler (AbstractInternalLogger.java:log(148)) - [id: 0xf605d968, L:/0:0:0:0:0:0:0:0:15086] INACTIVE
2023-07-05 13:43:16,673 [76b6de06-79b2-4410-afad-6ed4eb2113a8-NettyServerStreamRpc-bossGroup--thread1] INFO  logging.LoggingHandler (AbstractInternalLogger.java:log(148)) - [id: 0xf605d968, L:/0:0:0:0:0:0:0:0:15086] UNREGISTERED
2023-07-05 13:43:16,680 [ForkJoinPool.commonPool-worker-1] INFO  server.GrpcService (GrpcService.java:closeImpl(311)) - 107862d4-58d6-4e98-9eb6-252f61002a57: shutdown server org.apache.ratis.grpc.server.GrpcClientProtocolService now
2023-07-05 13:43:16,681 [107862d4-58d6-4e98-9eb6-252f61002a57-impl-thread2] INFO  server.RaftServer$Division (RaftServerImpl.java:lambda$close$4(466)) - 107862d4-58d6-4e98-9eb6-252f61002a57@group-1DA5191E984E: shutdown
2023-07-05 13:43:16,681 [107862d4-58d6-4e98-9eb6-252f61002a57-impl-thread2] INFO  util.JmxRegister (JmxRegister.java:unregister(73)) - Successfully un-registered JMX Bean with object name Ratis:service=RaftServer,group=group-1DA5191E984E,id=107862d4-58d6-4e98-9eb6-252f61002a57
2023-07-05 13:43:16,681 [107862d4-58d6-4e98-9eb6-252f61002a57-impl-thread2] INFO  impl.RoleInfo (RoleInfo.java:shutdownLeaderState(93)) - 107862d4-58d6-4e98-9eb6-252f61002a57: shutdown 107862d4-58d6-4e98-9eb6-252f61002a57@group-1DA5191E984E-LeaderStateImpl
2023-07-05 13:43:16,681 [107862d4-58d6-4e98-9eb6-252f61002a57-impl-thread2] INFO  impl.PendingRequests (PendingRequests.java:sendNotLeaderResponses(289)) - 107862d4-58d6-4e98-9eb6-252f61002a57@group-1DA5191E984E-PendingRequests: sendNotLeaderResponses
2023-07-05 13:43:16,682 [107862d4-58d6-4e98-9eb6-252f61002a57@group-1DA5191E984E-StateMachineUpdater] INFO  ratis.ContainerStateMachine (ContainerStateMachine.java:takeSnapshot(330)) - group-1DA5191E984E: Taking a snapshot at:(t:1, i:0) file /home/runner/work/ozone/ozone/hadoop-ozone/integration-test/target/test-dir/MiniOzoneClusterImpl-a91d5bca-d5a1-41cf-9733-6b4d6b49c170/datanode-4/data/ratis/52c66ee8-8d2f-441f-89f0-1da5191e984e/sm/snapshot.1_0
2023-07-05 13:43:16,682 [107862d4-58d6-4e98-9eb6-252f61002a57-impl-thread2] INFO  impl.StateMachineUpdater (StateMachineUpdater.java:stopAndJoin(155)) - 107862d4-58d6-4e98-9eb6-252f61002a57@group-1DA5191E984E-StateMachineUpdater: set stopIndex = 0
2023-07-05 13:43:16,682 [ForkJoinPool.commonPool-worker-1] INFO  server.GrpcService (GrpcService.java:closeImpl(320)) - 107862d4-58d6-4e98-9eb6-252f61002a57: shutdown server org.apache.ratis.grpc.server.GrpcClientProtocolService successfully
2023-07-05 13:43:16,683 [ForkJoinPool.commonPool-worker-1] INFO  server.GrpcService (GrpcService.java:closeImpl(311)) - 107862d4-58d6-4e98-9eb6-252f61002a57: shutdown server GrpcServerProtocolService now
2023-07-05 13:43:16,683 [107862d4-58d6-4e98-9eb6-252f61002a57@group-1DA5191E984E-StateMachineUpdater] INFO  ratis.ContainerStateMachine (ContainerStateMachine.java:takeSnapshot(341)) - group-1DA5191E984E: Finished taking a snapshot at:(t:1, i:0) file:/home/runner/work/ozone/ozone/hadoop-ozone/integration-test/target/test-dir/MiniOzoneClusterImpl-a91d5bca-d5a1-41cf-9733-6b4d6b49c170/datanode-4/data/ratis/52c66ee8-8d2f-441f-89f0-1da5191e984e/sm/snapshot.1_0 took: 2 ms
2023-07-05 13:43:16,683 [107862d4-58d6-4e98-9eb6-252f61002a57@group-1DA5191E984E-StateMachineUpdater] INFO  impl.StateMachineUpdater (StateMachineUpdater.java:takeSnapshot(291)) - 107862d4-58d6-4e98-9eb6-252f61002a57@group-1DA5191E984E-StateMachineUpdater: Took a snapshot at index 0
2023-07-05 13:43:16,683 [107862d4-58d6-4e98-9eb6-252f61002a57@group-1DA5191E984E-StateMachineUpdater] INFO  impl.StateMachineUpdater (StateMachineUpdater.java:lambda$new$0(97)) - 107862d4-58d6-4e98-9eb6-252f61002a57@group-1DA5191E984E-StateMachineUpdater: snapshotIndex: updateIncreasingly -1 -> 0
2023-07-05 13:43:16,684 [107862d4-58d6-4e98-9eb6-252f61002a57-impl-thread2] INFO  server.RaftServer$Division (ServerState.java:close(472)) - 107862d4-58d6-4e98-9eb6-252f61002a57@group-1DA5191E984E: closes. applyIndex: 0
2023-07-05 13:43:16,703 [ForkJoinPool.commonPool-worker-1] INFO  server.GrpcService (GrpcService.java:closeImpl(320)) - 107862d4-58d6-4e98-9eb6-252f61002a57: shutdown server GrpcServerProtocolService successfully
2023-07-05 13:43:16,703 [ForkJoinPool.commonPool-worker-1] INFO  server.GrpcService (GrpcService.java:closeImpl(311)) - 107862d4-58d6-4e98-9eb6-252f61002a57: shutdown server org.apache.ratis.grpc.server.GrpcAdminProtocolService now
2023-07-05 13:43:16,703 [ForkJoinPool.commonPool-worker-1] INFO  server.GrpcService (GrpcService.java:closeImpl(320)) - 107862d4-58d6-4e98-9eb6-252f61002a57: shutdown server org.apache.ratis.grpc.server.GrpcAdminProtocolService successfully
2023-07-05 13:43:16,704 [107862d4-58d6-4e98-9eb6-252f61002a57-NettyServerStreamRpc-bossGroup--thread1] INFO  logging.LoggingHandler (AbstractInternalLogger.java:log(148)) - [id: 0xef428b4a, L:/0:0:0:0:0:0:0:0:15104] CLOSE
2023-07-05 13:43:16,704 [107862d4-58d6-4e98-9eb6-252f61002a57-NettyServerStreamRpc-bossGroup--thread1] INFO  logging.LoggingHandler (AbstractInternalLogger.java:log(148)) - [id: 0xef428b4a, L:/0:0:0:0:0:0:0:0:15104] INACTIVE
2023-07-05 13:43:16,704 [107862d4-58d6-4e98-9eb6-252f61002a57-NettyServerStreamRpc-bossGroup--thread1] INFO  logging.LoggingHandler (AbstractInternalLogger.java:log(148)) - [id: 0xef428b4a, L:/0:0:0:0:0:0:0:0:15104] UNREGISTERED
2023-07-05 13:43:16,713 [ForkJoinPool.commonPool-worker-2] INFO  ozoneimpl.OzoneContainer (OzoneContainer.java:stop(441)) - Attempting to stop container services.
2023-07-05 13:43:16,715 [ForkJoinPool.commonPool-worker-2] INFO  server.RaftServer (RaftServerProxy.java:lambda$close$6(416)) - aa000335-494a-4091-9473-11fe5522d401: close
2023-07-05 13:43:16,717 [ForkJoinPool.commonPool-worker-2] INFO  server.GrpcService (GrpcService.java:closeImpl(311)) - aa000335-494a-4091-9473-11fe5522d401: shutdown server org.apache.ratis.grpc.server.GrpcClientProtocolService now
2023-07-05 13:43:16,720 [aa000335-494a-4091-9473-11fe5522d401-impl-thread2] INFO  server.RaftServer$Division (RaftServerImpl.java:lambda$close$4(466)) - aa000335-494a-4091-9473-11fe5522d401@group-D6D0528D13AD: shutdown
2023-07-05 13:43:16,721 [aa000335-494a-4091-9473-11fe5522d401-impl-thread2] INFO  util.JmxRegister (JmxRegister.java:unregister(73)) - Successfully un-registered JMX Bean with object name Ratis:service=RaftServer,group=group-D6D0528D13AD,id=aa000335-494a-4091-9473-11fe5522d401
2023-07-05 13:43:16,721 [aa000335-494a-4091-9473-11fe5522d401-impl-thread2] INFO  impl.RoleInfo (RoleInfo.java:shutdownLeaderState(93)) - aa000335-494a-4091-9473-11fe5522d401: shutdown aa000335-494a-4091-9473-11fe5522d401@group-D6D0528D13AD-LeaderStateImpl
2023-07-05 13:43:16,721 [aa000335-494a-4091-9473-11fe5522d401-impl-thread2] INFO  impl.PendingRequests (PendingRequests.java:sendNotLeaderResponses(289)) - aa000335-494a-4091-9473-11fe5522d401@group-D6D0528D13AD-PendingRequests: sendNotLeaderResponses
2023-07-05 13:43:16,721 [aa000335-494a-4091-9473-11fe5522d401-impl-thread2] INFO  impl.StateMachineUpdater (StateMachineUpdater.java:stopAndJoin(155)) - aa000335-494a-4091-9473-11fe5522d401@group-D6D0528D13AD-StateMachineUpdater: set stopIndex = 0
2023-07-05 13:43:16,721 [aa000335-494a-4091-9473-11fe5522d401@group-D6D0528D13AD-StateMachineUpdater] INFO  ratis.ContainerStateMachine (ContainerStateMachine.java:takeSnapshot(330)) - group-D6D0528D13AD: Taking a snapshot at:(t:1, i:0) file /home/runner/work/ozone/ozone/hadoop-ozone/integration-test/target/test-dir/MiniOzoneClusterImpl-a91d5bca-d5a1-41cf-9733-6b4d6b49c170/datanode-3/data/ratis/5d569a50-3a21-4a4e-980d-d6d0528d13ad/sm/snapshot.1_0
2023-07-05 13:43:16,722 [aa000335-494a-4091-9473-11fe5522d401@group-D6D0528D13AD-StateMachineUpdater] INFO  ratis.ContainerStateMachine (ContainerStateMachine.java:takeSnapshot(341)) - group-D6D0528D13AD: Finished taking a snapshot at:(t:1, i:0) file:/home/runner/work/ozone/ozone/hadoop-ozone/integration-test/target/test-dir/MiniOzoneClusterImpl-a91d5bca-d5a1-41cf-9733-6b4d6b49c170/datanode-3/data/ratis/5d569a50-3a21-4a4e-980d-d6d0528d13ad/sm/snapshot.1_0 took: 1 ms
2023-07-05 13:43:16,722 [ForkJoinPool.commonPool-worker-2] INFO  server.GrpcService (GrpcService.java:closeImpl(320)) - aa000335-494a-4091-9473-11fe5522d401: shutdown server org.apache.ratis.grpc.server.GrpcClientProtocolService successfully
2023-07-05 13:43:16,722 [ForkJoinPool.commonPool-worker-2] INFO  server.GrpcService (GrpcService.java:closeImpl(311)) - aa000335-494a-4091-9473-11fe5522d401: shutdown server GrpcServerProtocolService now
2023-07-05 13:43:16,723 [aa000335-494a-4091-9473-11fe5522d401@group-D6D0528D13AD-StateMachineUpdater] INFO  impl.StateMachineUpdater (StateMachineUpdater.java:takeSnapshot(291)) - aa000335-494a-4091-9473-11fe5522d401@group-D6D0528D13AD-StateMachineUpdater: Took a snapshot at index 0
2023-07-05 13:43:16,723 [aa000335-494a-4091-9473-11fe5522d401@group-D6D0528D13AD-StateMachineUpdater] INFO  impl.StateMachineUpdater (StateMachineUpdater.java:lambda$new$0(97)) - aa000335-494a-4091-9473-11fe5522d401@group-D6D0528D13AD-StateMachineUpdater: snapshotIndex: updateIncreasingly -1 -> 0
2023-07-05 13:43:16,723 [aa000335-494a-4091-9473-11fe5522d401-impl-thread2] INFO  server.RaftServer$Division (ServerState.java:close(472)) - aa000335-494a-4091-9473-11fe5522d401@group-D6D0528D13AD: closes. applyIndex: 0
2023-07-05 13:43:16,728 [ForkJoinPool.commonPool-worker-2] INFO  server.GrpcService (GrpcService.java:closeImpl(320)) - aa000335-494a-4091-9473-11fe5522d401: shutdown server GrpcServerProtocolService successfully
2023-07-05 13:43:16,728 [ForkJoinPool.commonPool-worker-2] INFO  server.GrpcService (GrpcService.java:closeImpl(311)) - aa000335-494a-4091-9473-11fe5522d401: shutdown server org.apache.ratis.grpc.server.GrpcAdminProtocolService now
2023-07-05 13:43:16,731 [ForkJoinPool.commonPool-worker-2] INFO  server.GrpcService (GrpcService.java:closeImpl(320)) - aa000335-494a-4091-9473-11fe5522d401: shutdown server org.apache.ratis.grpc.server.GrpcAdminProtocolService successfully
2023-07-05 13:43:16,732 [aa000335-494a-4091-9473-11fe5522d401-NettyServerStreamRpc-bossGroup--thread1] INFO  logging.LoggingHandler (AbstractInternalLogger.java:log(148)) - [id: 0x191c8306, L:/0:0:0:0:0:0:0:0:15095] CLOSE
2023-07-05 13:43:16,732 [aa000335-494a-4091-9473-11fe5522d401-NettyServerStreamRpc-bossGroup--thread1] INFO  logging.LoggingHandler (AbstractInternalLogger.java:log(148)) - [id: 0x191c8306, L:/0:0:0:0:0:0:0:0:15095] INACTIVE
2023-07-05 13:43:16,732 [aa000335-494a-4091-9473-11fe5522d401-NettyServerStreamRpc-bossGroup--thread1] INFO  logging.LoggingHandler (AbstractInternalLogger.java:log(148)) - [id: 0x191c8306, L:/0:0:0:0:0:0:0:0:15095] UNREGISTERED
2023-07-05 13:43:16,759 [c67f853f-9851-48e5-9814-c89133fda60b-impl-thread2] INFO  segmented.SegmentedRaftLogWorker (SegmentedRaftLogWorker.java:close(252)) - c67f853f-9851-48e5-9814-c89133fda60b@group-50645A3F60F1-SegmentedRaftLogWorker close()
2023-07-05 13:43:16,760 [JvmPauseMonitor9] INFO  util.JvmPauseMonitor (JvmPauseMonitor.java:run(109)) - JvmPauseMonitor-c67f853f-9851-48e5-9814-c89133fda60b: Stopped
2023-07-05 13:43:17,035 [107862d4-58d6-4e98-9eb6-252f61002a57-impl-thread2] INFO  segmented.SegmentedRaftLogWorker (SegmentedRaftLogWorker.java:close(252)) - 107862d4-58d6-4e98-9eb6-252f61002a57@group-1DA5191E984E-SegmentedRaftLogWorker close()
2023-07-05 13:43:17,036 [JvmPauseMonitor13] INFO  util.JvmPauseMonitor (JvmPauseMonitor.java:run(109)) - JvmPauseMonitor-107862d4-58d6-4e98-9eb6-252f61002a57: Stopped
2023-07-05 13:43:17,331 [ReplicationMonitor] INFO  replication.ReplicationManager (ReplicationManager.java:processAll(389)) - Replication Monitor Thread took 0 milliseconds for processing 1 containers.
2023-07-05 13:43:17,363 [76b6de06-79b2-4410-afad-6ed4eb2113a8-impl-thread2] INFO  segmented.SegmentedRaftLogWorker (SegmentedRaftLogWorker.java:close(252)) - 76b6de06-79b2-4410-afad-6ed4eb2113a8@group-8A5EC24891A2-SegmentedRaftLogWorker close()
2023-07-05 13:43:17,364 [JvmPauseMonitor11] INFO  util.JvmPauseMonitor (JvmPauseMonitor.java:run(109)) - JvmPauseMonitor-76b6de06-79b2-4410-afad-6ed4eb2113a8: Stopped
2023-07-05 13:43:17,548 [BlockDeletingService#0] INFO  interfaces.ContainerDeletionChoosingPolicyTemplate (ContainerDeletionChoosingPolicyTemplate.java:chooseContainerForBlockDeletion(83)) - Chosen 0/5000 blocks from 0 candidate containers.
2023-07-05 13:43:17,648 [aa000335-494a-4091-9473-11fe5522d401-impl-thread2] INFO  segmented.SegmentedRaftLogWorker (SegmentedRaftLogWorker.java:close(252)) - aa000335-494a-4091-9473-11fe5522d401@group-D6D0528D13AD-SegmentedRaftLogWorker close()
2023-07-05 13:43:17,648 [JvmPauseMonitor12] INFO  util.JvmPauseMonitor (JvmPauseMonitor.java:run(109)) - JvmPauseMonitor-aa000335-494a-4091-9473-11fe5522d401: Stopped
2023-07-05 13:43:18,271 [BlockDeletingService#0] INFO  interfaces.ContainerDeletionChoosingPolicyTemplate (ContainerDeletionChoosingPolicyTemplate.java:chooseContainerForBlockDeletion(83)) - Chosen 0/5000 blocks from 0 candidate containers.
2023-07-05 13:43:18,332 [ReplicationMonitor] INFO  replication.ReplicationManager (ReplicationManager.java:processAll(389)) - Replication Monitor Thread took 1 milliseconds for processing 1 containers.
2023-07-05 13:43:18,598 [BlockDeletingService#0] INFO  interfaces.ContainerDeletionChoosingPolicyTemplate (ContainerDeletionChoosingPolicyTemplate.java:chooseContainerForBlockDeletion(83)) - Chosen 0/5000 blocks from 0 candidate containers.
2023-07-05 13:43:18,764 [ForkJoinPool.commonPool-worker-0] INFO  utils.DatanodeStoreCache (DatanodeStoreCache.java:shutdownCache(110)) - Skip clearing cache in mini cluster mode. Entries left: [/home/runner/work/ozone/ozone/hadoop-ozone/integration-test/target/test-dir/MiniOzoneClusterImpl-a91d5bca-d5a1-41cf-9733-6b4d6b49c170/datanode-0/data-0/containers/hdds/a91d5bca-d5a1-41cf-9733-6b4d6b49c170/DS-ae7d785a-8212-4074-887a-c77d44ba5ebb/container.db, /home/runner/work/ozone/ozone/hadoop-ozone/integration-test/target/test-dir/MiniOzoneClusterImpl-a91d5bca-d5a1-41cf-9733-6b4d6b49c170/datanode-2/data-0/containers/hdds/a91d5bca-d5a1-41cf-9733-6b4d6b49c170/DS-f6cdf5d1-928a-47da-b4e8-3e7cdbe19d55/container.db, /home/runner/work/ozone/ozone/hadoop-ozone/integration-test/target/test-dir/MiniOzoneClusterImpl-a91d5bca-d5a1-41cf-9733-6b4d6b49c170/datanode-3/data-0/containers/hdds/a91d5bca-d5a1-41cf-9733-6b4d6b49c170/DS-24f0f323-7325-4cd0-bae6-f3c867276659/container.db, /home/runner/work/ozone/ozone/hadoop-ozone/integration-test/target/test-dir/MiniOzoneClusterImpl-a91d5bca-d5a1-41cf-9733-6b4d6b49c170/datanode-4/data-0/containers/hdds/a91d5bca-d5a1-41cf-9733-6b4d6b49c170/DS-61c3585b-737f-4672-95e6-ef4ec318c51f/container.db]
2023-07-05 13:43:18,768 [ForkJoinPool.commonPool-worker-0] INFO  utils.DatanodeStoreCache (DatanodeStoreCache.java:removeDB(104)) - Removed db /home/runner/work/ozone/ozone/hadoop-ozone/integration-test/target/test-dir/MiniOzoneClusterImpl-a91d5bca-d5a1-41cf-9733-6b4d6b49c170/datanode-0/data-0/containers/hdds/a91d5bca-d5a1-41cf-9733-6b4d6b49c170/DS-ae7d785a-8212-4074-887a-c77d44ba5ebb/container.db from cache
2023-07-05 13:43:18,768 [ForkJoinPool.commonPool-worker-0] INFO  volume.HddsVolume (HddsVolume.java:closeDbStore(509)) - SchemaV3 db is stopped at /home/runner/work/ozone/ozone/hadoop-ozone/integration-test/target/test-dir/MiniOzoneClusterImpl-a91d5bca-d5a1-41cf-9733-6b4d6b49c170/datanode-0/data-0/containers/hdds/a91d5bca-d5a1-41cf-9733-6b4d6b49c170/DS-ae7d785a-8212-4074-887a-c77d44ba5ebb/container.db for volume DS-ae7d785a-8212-4074-887a-c77d44ba5ebb
2023-07-05 13:43:18,768 [ForkJoinPool.commonPool-worker-0] INFO  utils.BackgroundService (BackgroundService.java:shutdown(141)) - Shutting down service BlockDeletingService
2023-07-05 13:43:18,769 [ForkJoinPool.commonPool-worker-0] INFO  utils.BackgroundService (BackgroundService.java:shutdown(141)) - Shutting down service StaleRecoveringContainerScrubbingService
2023-07-05 13:43:18,770 [ForkJoinPool.commonPool-worker-0] INFO  statemachine.DatanodeStateMachine (DatanodeStateMachine.java:stopDaemon(613)) - Ozone container server stopped.
2023-07-05 13:43:18,781 [ForkJoinPool.commonPool-worker-0] INFO  handler.ContextHandler (ContextHandler.java:doStop(1159)) - Stopped o.e.j.w.WebAppContext@7752713f{hddsDatanode,/,null,STOPPED}{jar:file:/home/runner/.m2/repository/org/apache/ozone/hdds-container-service/1.4.0-SNAPSHOT/hdds-container-service-1.4.0-SNAPSHOT.jar!/webapps/hddsDatanode}
2023-07-05 13:43:18,782 [ForkJoinPool.commonPool-worker-0] INFO  server.AbstractConnector (AbstractConnector.java:doStop(383)) - Stopped ServerConnector@32ff2b81{HTTP/1.1, (http/1.1)}{0.0.0.0:15062}
2023-07-05 13:43:18,783 [ForkJoinPool.commonPool-worker-0] INFO  server.session (HouseKeeper.java:stopScavenging(149)) - node0 Stopped scavenging
2023-07-05 13:43:18,783 [ForkJoinPool.commonPool-worker-0] INFO  handler.ContextHandler (ContextHandler.java:doStop(1159)) - Stopped o.e.j.s.ServletContextHandler@3b787819{static,/static,jar:file:/home/runner/.m2/repository/org/apache/ozone/hdds-container-service/1.4.0-SNAPSHOT/hdds-container-service-1.4.0-SNAPSHOT.jar!/webapps/static,STOPPED}
2023-07-05 13:43:18,784 [ForkJoinPool.commonPool-worker-0] INFO  handler.ContextHandler (ContextHandler.java:doStop(1159)) - Stopped o.e.j.s.ServletContextHandler@740749a{logs,/logs,file:///home/runner/work/ozone/ozone/hadoop-ozone/integration-test/target/log,STOPPED}
2023-07-05 13:43:18,787 [ForkJoinPool.commonPool-worker-0] INFO  ozone.HddsDatanodeClientProtocolServer (HddsDatanodeClientProtocolServer.java:stop(78)) - Stopping the RPC server for Client Protocol
2023-07-05 13:43:18,787 [ForkJoinPool.commonPool-worker-0] INFO  ipc.Server (Server.java:stop(3523)) - Stopping server on 15063
2023-07-05 13:43:18,788 [IPC Server Responder] INFO  ipc.Server (Server.java:run(1567)) - Stopping IPC Server Responder
2023-07-05 13:43:18,789 [IPC Server listener on 15063] INFO  ipc.Server (Server.java:run(1434)) - Stopping IPC Server listener on 15063
2023-07-05 13:43:18,912 [BlockDeletingService#0] INFO  interfaces.ContainerDeletionChoosingPolicyTemplate (ContainerDeletionChoosingPolicyTemplate.java:chooseContainerForBlockDeletion(83)) - Chosen 0/5000 blocks from 0 candidate containers.
2023-07-05 13:43:19,039 [ForkJoinPool.commonPool-worker-1] INFO  utils.DatanodeStoreCache (DatanodeStoreCache.java:shutdownCache(110)) - Skip clearing cache in mini cluster mode. Entries left: [/home/runner/work/ozone/ozone/hadoop-ozone/integration-test/target/test-dir/MiniOzoneClusterImpl-a91d5bca-d5a1-41cf-9733-6b4d6b49c170/datanode-2/data-0/containers/hdds/a91d5bca-d5a1-41cf-9733-6b4d6b49c170/DS-f6cdf5d1-928a-47da-b4e8-3e7cdbe19d55/container.db, /home/runner/work/ozone/ozone/hadoop-ozone/integration-test/target/test-dir/MiniOzoneClusterImpl-a91d5bca-d5a1-41cf-9733-6b4d6b49c170/datanode-3/data-0/containers/hdds/a91d5bca-d5a1-41cf-9733-6b4d6b49c170/DS-24f0f323-7325-4cd0-bae6-f3c867276659/container.db, /home/runner/work/ozone/ozone/hadoop-ozone/integration-test/target/test-dir/MiniOzoneClusterImpl-a91d5bca-d5a1-41cf-9733-6b4d6b49c170/datanode-4/data-0/containers/hdds/a91d5bca-d5a1-41cf-9733-6b4d6b49c170/DS-61c3585b-737f-4672-95e6-ef4ec318c51f/container.db]
2023-07-05 13:43:19,045 [ForkJoinPool.commonPool-worker-1] INFO  utils.DatanodeStoreCache (DatanodeStoreCache.java:removeDB(104)) - Removed db /home/runner/work/ozone/ozone/hadoop-ozone/integration-test/target/test-dir/MiniOzoneClusterImpl-a91d5bca-d5a1-41cf-9733-6b4d6b49c170/datanode-4/data-0/containers/hdds/a91d5bca-d5a1-41cf-9733-6b4d6b49c170/DS-61c3585b-737f-4672-95e6-ef4ec318c51f/container.db from cache
2023-07-05 13:43:19,045 [ForkJoinPool.commonPool-worker-1] INFO  volume.HddsVolume (HddsVolume.java:closeDbStore(509)) - SchemaV3 db is stopped at /home/runner/work/ozone/ozone/hadoop-ozone/integration-test/target/test-dir/MiniOzoneClusterImpl-a91d5bca-d5a1-41cf-9733-6b4d6b49c170/datanode-4/data-0/containers/hdds/a91d5bca-d5a1-41cf-9733-6b4d6b49c170/DS-61c3585b-737f-4672-95e6-ef4ec318c51f/container.db for volume DS-61c3585b-737f-4672-95e6-ef4ec318c51f
2023-07-05 13:43:19,045 [ForkJoinPool.commonPool-worker-1] INFO  utils.BackgroundService (BackgroundService.java:shutdown(141)) - Shutting down service BlockDeletingService
2023-07-05 13:43:19,046 [ForkJoinPool.commonPool-worker-1] INFO  utils.BackgroundService (BackgroundService.java:shutdown(141)) - Shutting down service StaleRecoveringContainerScrubbingService
2023-07-05 13:43:19,046 [ForkJoinPool.commonPool-worker-1] INFO  statemachine.DatanodeStateMachine (DatanodeStateMachine.java:stopDaemon(613)) - Ozone container server stopped.
2023-07-05 13:43:19,059 [ForkJoinPool.commonPool-worker-1] INFO  handler.ContextHandler (ContextHandler.java:doStop(1159)) - Stopped o.e.j.w.WebAppContext@66f1654{hddsDatanode,/,null,STOPPED}{jar:file:/home/runner/.m2/repository/org/apache/ozone/hdds-container-service/1.4.0-SNAPSHOT/hdds-container-service-1.4.0-SNAPSHOT.jar!/webapps/hddsDatanode}
2023-07-05 13:43:19,061 [ForkJoinPool.commonPool-worker-1] INFO  server.AbstractConnector (AbstractConnector.java:doStop(383)) - Stopped ServerConnector@1f300372{HTTP/1.1, (http/1.1)}{0.0.0.0:15098}
2023-07-05 13:43:19,061 [ForkJoinPool.commonPool-worker-1] INFO  server.session (HouseKeeper.java:stopScavenging(149)) - node0 Stopped scavenging
2023-07-05 13:43:19,063 [ForkJoinPool.commonPool-worker-1] INFO  handler.ContextHandler (ContextHandler.java:doStop(1159)) - Stopped o.e.j.s.ServletContextHandler@56fb9b4f{static,/static,jar:file:/home/runner/.m2/repository/org/apache/ozone/hdds-container-service/1.4.0-SNAPSHOT/hdds-container-service-1.4.0-SNAPSHOT.jar!/webapps/static,STOPPED}
2023-07-05 13:43:19,063 [ForkJoinPool.commonPool-worker-1] INFO  handler.ContextHandler (ContextHandler.java:doStop(1159)) - Stopped o.e.j.s.ServletContextHandler@49161e03{logs,/logs,file:///home/runner/work/ozone/ozone/hadoop-ozone/integration-test/target/log,STOPPED}
2023-07-05 13:43:19,067 [ForkJoinPool.commonPool-worker-1] INFO  ozone.HddsDatanodeClientProtocolServer (HddsDatanodeClientProtocolServer.java:stop(78)) - Stopping the RPC server for Client Protocol
2023-07-05 13:43:19,068 [ForkJoinPool.commonPool-worker-1] INFO  ipc.Server (Server.java:stop(3523)) - Stopping server on 15099
2023-07-05 13:43:19,069 [IPC Server listener on 15099] INFO  ipc.Server (Server.java:run(1434)) - Stopping IPC Server listener on 15099
2023-07-05 13:43:19,069 [IPC Server Responder] INFO  ipc.Server (Server.java:run(1567)) - Stopping IPC Server Responder
2023-07-05 13:43:19,333 [ReplicationMonitor] INFO  replication.ReplicationManager (ReplicationManager.java:processAll(389)) - Replication Monitor Thread took 1 milliseconds for processing 1 containers.
2023-07-05 13:43:19,369 [Time-limited test] INFO  utils.DatanodeStoreCache (DatanodeStoreCache.java:shutdownCache(110)) - Skip clearing cache in mini cluster mode. Entries left: [/home/runner/work/ozone/ozone/hadoop-ozone/integration-test/target/test-dir/MiniOzoneClusterImpl-a91d5bca-d5a1-41cf-9733-6b4d6b49c170/datanode-2/data-0/containers/hdds/a91d5bca-d5a1-41cf-9733-6b4d6b49c170/DS-f6cdf5d1-928a-47da-b4e8-3e7cdbe19d55/container.db, /home/runner/work/ozone/ozone/hadoop-ozone/integration-test/target/test-dir/MiniOzoneClusterImpl-a91d5bca-d5a1-41cf-9733-6b4d6b49c170/datanode-3/data-0/containers/hdds/a91d5bca-d5a1-41cf-9733-6b4d6b49c170/DS-24f0f323-7325-4cd0-bae6-f3c867276659/container.db]
2023-07-05 13:43:19,371 [Time-limited test] INFO  utils.DatanodeStoreCache (DatanodeStoreCache.java:removeDB(104)) - Removed db /home/runner/work/ozone/ozone/hadoop-ozone/integration-test/target/test-dir/MiniOzoneClusterImpl-a91d5bca-d5a1-41cf-9733-6b4d6b49c170/datanode-2/data-0/containers/hdds/a91d5bca-d5a1-41cf-9733-6b4d6b49c170/DS-f6cdf5d1-928a-47da-b4e8-3e7cdbe19d55/container.db from cache
2023-07-05 13:43:19,371 [Time-limited test] INFO  volume.HddsVolume (HddsVolume.java:closeDbStore(509)) - SchemaV3 db is stopped at /home/runner/work/ozone/ozone/hadoop-ozone/integration-test/target/test-dir/MiniOzoneClusterImpl-a91d5bca-d5a1-41cf-9733-6b4d6b49c170/datanode-2/data-0/containers/hdds/a91d5bca-d5a1-41cf-9733-6b4d6b49c170/DS-f6cdf5d1-928a-47da-b4e8-3e7cdbe19d55/container.db for volume DS-f6cdf5d1-928a-47da-b4e8-3e7cdbe19d55
2023-07-05 13:43:19,371 [Time-limited test] INFO  utils.BackgroundService (BackgroundService.java:shutdown(141)) - Shutting down service BlockDeletingService
2023-07-05 13:43:19,372 [Time-limited test] INFO  utils.BackgroundService (BackgroundService.java:shutdown(141)) - Shutting down service StaleRecoveringContainerScrubbingService
2023-07-05 13:43:19,372 [Time-limited test] INFO  statemachine.DatanodeStateMachine (DatanodeStateMachine.java:stopDaemon(613)) - Ozone container server stopped.
2023-07-05 13:43:19,384 [Time-limited test] INFO  handler.ContextHandler (ContextHandler.java:doStop(1159)) - Stopped o.e.j.w.WebAppContext@9467d83{hddsDatanode,/,null,STOPPED}{jar:file:/home/runner/.m2/repository/org/apache/ozone/hdds-container-service/1.4.0-SNAPSHOT/hdds-container-service-1.4.0-SNAPSHOT.jar!/webapps/hddsDatanode}
2023-07-05 13:43:19,385 [Time-limited test] INFO  server.AbstractConnector (AbstractConnector.java:doStop(383)) - Stopped ServerConnector@59670b62{HTTP/1.1, (http/1.1)}{0.0.0.0:15080}
2023-07-05 13:43:19,385 [Time-limited test] INFO  server.session (HouseKeeper.java:stopScavenging(149)) - node0 Stopped scavenging
2023-07-05 13:43:19,385 [Time-limited test] INFO  handler.ContextHandler (ContextHandler.java:doStop(1159)) - Stopped o.e.j.s.ServletContextHandler@72c8c4ea{static,/static,jar:file:/home/runner/.m2/repository/org/apache/ozone/hdds-container-service/1.4.0-SNAPSHOT/hdds-container-service-1.4.0-SNAPSHOT.jar!/webapps/static,STOPPED}
2023-07-05 13:43:19,385 [Time-limited test] INFO  handler.ContextHandler (ContextHandler.java:doStop(1159)) - Stopped o.e.j.s.ServletContextHandler@6b55ea2{logs,/logs,file:///home/runner/work/ozone/ozone/hadoop-ozone/integration-test/target/log,STOPPED}
2023-07-05 13:43:19,386 [Time-limited test] INFO  ozone.HddsDatanodeClientProtocolServer (HddsDatanodeClientProtocolServer.java:stop(78)) - Stopping the RPC server for Client Protocol
2023-07-05 13:43:19,386 [Time-limited test] INFO  ipc.Server (Server.java:stop(3523)) - Stopping server on 15081
2023-07-05 13:43:19,387 [IPC Server listener on 15081] INFO  ipc.Server (Server.java:run(1434)) - Stopping IPC Server listener on 15081
2023-07-05 13:43:19,387 [IPC Server Responder] INFO  ipc.Server (Server.java:run(1567)) - Stopping IPC Server Responder
2023-07-05 13:43:19,497 [EventQueue-StaleNodeForStaleNodeHandler] INFO  node.StaleNodeHandler (StaleNodeHandler.java:onMessage(58)) - Datanode 76b6de06-79b2-4410-afad-6ed4eb2113a8(fv-az264-29.ca02foy5wcnuvlrvrz2wi3p2og.dx.internal.cloudapp.net/10.1.0.13) moved to stale state. Finalizing its pipelines [PipelineID=63677abc-8c27-45f7-9ffb-8a5ec24891a2]
2023-07-05 13:43:19,498 [EventQueue-StaleNodeForStaleNodeHandler] INFO  pipeline.PipelineManagerImpl (PipelineManagerImpl.java:closePipeline(510)) - Pipeline Pipeline[ Id: 63677abc-8c27-45f7-9ffb-8a5ec24891a2, Nodes: 76b6de06-79b2-4410-afad-6ed4eb2113a8(fv-az264-29.ca02foy5wcnuvlrvrz2wi3p2og.dx.internal.cloudapp.net/10.1.0.13), ReplicationConfig: RATIS/ONE, State:OPEN, leaderId:76b6de06-79b2-4410-afad-6ed4eb2113a8, CreationTimestamp2023-07-05T13:42:20.213Z[Etc/UTC]] moved to CLOSED state
2023-07-05 13:43:19,498 [EventQueue-StaleNodeForStaleNodeHandler] INFO  node.StaleNodeHandler (StaleNodeHandler.java:onMessage(58)) - Datanode c67f853f-9851-48e5-9814-c89133fda60b(fv-az264-29.ca02foy5wcnuvlrvrz2wi3p2og.dx.internal.cloudapp.net/10.1.0.13) moved to stale state. Finalizing its pipelines [PipelineID=f7316eee-855f-4e4b-9b98-50645a3f60f1]
2023-07-05 13:43:19,499 [EventQueue-StaleNodeForStaleNodeHandler] INFO  pipeline.PipelineManagerImpl (PipelineManagerImpl.java:closePipeline(510)) - Pipeline Pipeline[ Id: f7316eee-855f-4e4b-9b98-50645a3f60f1, Nodes: c67f853f-9851-48e5-9814-c89133fda60b(fv-az264-29.ca02foy5wcnuvlrvrz2wi3p2og.dx.internal.cloudapp.net/10.1.0.13), ReplicationConfig: RATIS/ONE, State:OPEN, leaderId:c67f853f-9851-48e5-9814-c89133fda60b, CreationTimestamp2023-07-05T13:42:19.502Z[Etc/UTC]] moved to CLOSED state
2023-07-05 13:43:19,597 [EventQueue-StaleNodeForStaleNodeHandler] INFO  node.StaleNodeHandler (StaleNodeHandler.java:onMessage(58)) - Datanode 107862d4-58d6-4e98-9eb6-252f61002a57(fv-az264-29.ca02foy5wcnuvlrvrz2wi3p2og.dx.internal.cloudapp.net/10.1.0.13) moved to stale state. Finalizing its pipelines [PipelineID=52c66ee8-8d2f-441f-89f0-1da5191e984e]
2023-07-05 13:43:19,598 [EventQueue-StaleNodeForStaleNodeHandler] INFO  pipeline.PipelineManagerImpl (PipelineManagerImpl.java:closePipeline(510)) - Pipeline Pipeline[ Id: 52c66ee8-8d2f-441f-89f0-1da5191e984e, Nodes: 107862d4-58d6-4e98-9eb6-252f61002a57(fv-az264-29.ca02foy5wcnuvlrvrz2wi3p2og.dx.internal.cloudapp.net/10.1.0.13), ReplicationConfig: RATIS/ONE, State:OPEN, leaderId:107862d4-58d6-4e98-9eb6-252f61002a57, CreationTimestamp2023-07-05T13:42:20.863Z[Etc/UTC]] moved to CLOSED state
2023-07-05 13:43:19,652 [ForkJoinPool.commonPool-worker-2] INFO  utils.DatanodeStoreCache (DatanodeStoreCache.java:shutdownCache(110)) - Skip clearing cache in mini cluster mode. Entries left: [/home/runner/work/ozone/ozone/hadoop-ozone/integration-test/target/test-dir/MiniOzoneClusterImpl-a91d5bca-d5a1-41cf-9733-6b4d6b49c170/datanode-3/data-0/containers/hdds/a91d5bca-d5a1-41cf-9733-6b4d6b49c170/DS-24f0f323-7325-4cd0-bae6-f3c867276659/container.db]
2023-07-05 13:43:19,657 [ForkJoinPool.commonPool-worker-2] INFO  utils.DatanodeStoreCache (DatanodeStoreCache.java:removeDB(104)) - Removed db /home/runner/work/ozone/ozone/hadoop-ozone/integration-test/target/test-dir/MiniOzoneClusterImpl-a91d5bca-d5a1-41cf-9733-6b4d6b49c170/datanode-3/data-0/containers/hdds/a91d5bca-d5a1-41cf-9733-6b4d6b49c170/DS-24f0f323-7325-4cd0-bae6-f3c867276659/container.db from cache
2023-07-05 13:43:19,658 [ForkJoinPool.commonPool-worker-2] INFO  volume.HddsVolume (HddsVolume.java:closeDbStore(509)) - SchemaV3 db is stopped at /home/runner/work/ozone/ozone/hadoop-ozone/integration-test/target/test-dir/MiniOzoneClusterImpl-a91d5bca-d5a1-41cf-9733-6b4d6b49c170/datanode-3/data-0/containers/hdds/a91d5bca-d5a1-41cf-9733-6b4d6b49c170/DS-24f0f323-7325-4cd0-bae6-f3c867276659/container.db for volume DS-24f0f323-7325-4cd0-bae6-f3c867276659
2023-07-05 13:43:19,658 [ForkJoinPool.commonPool-worker-2] INFO  utils.BackgroundService (BackgroundService.java:shutdown(141)) - Shutting down service BlockDeletingService
2023-07-05 13:43:19,659 [ForkJoinPool.commonPool-worker-2] INFO  utils.BackgroundService (BackgroundService.java:shutdown(141)) - Shutting down service StaleRecoveringContainerScrubbingService
2023-07-05 13:43:19,660 [ForkJoinPool.commonPool-worker-2] INFO  statemachine.DatanodeStateMachine (DatanodeStateMachine.java:stopDaemon(613)) - Ozone container server stopped.
2023-07-05 13:43:19,673 [ForkJoinPool.commonPool-worker-2] INFO  handler.ContextHandler (ContextHandler.java:doStop(1159)) - Stopped o.e.j.w.WebAppContext@71892e73{hddsDatanode,/,null,STOPPED}{jar:file:/home/runner/.m2/repository/org/apache/ozone/hdds-container-service/1.4.0-SNAPSHOT/hdds-container-service-1.4.0-SNAPSHOT.jar!/webapps/hddsDatanode}
2023-07-05 13:43:19,674 [ForkJoinPool.commonPool-worker-2] INFO  server.AbstractConnector (AbstractConnector.java:doStop(383)) - Stopped ServerConnector@56dfa217{HTTP/1.1, (http/1.1)}{0.0.0.0:15089}
2023-07-05 13:43:19,674 [ForkJoinPool.commonPool-worker-2] INFO  server.session (HouseKeeper.java:stopScavenging(149)) - node0 Stopped scavenging
2023-07-05 13:43:19,675 [ForkJoinPool.commonPool-worker-2] INFO  handler.ContextHandler (ContextHandler.java:doStop(1159)) - Stopped o.e.j.s.ServletContextHandler@7377bc30{static,/static,jar:file:/home/runner/.m2/repository/org/apache/ozone/hdds-container-service/1.4.0-SNAPSHOT/hdds-container-service-1.4.0-SNAPSHOT.jar!/webapps/static,STOPPED}
2023-07-05 13:43:19,676 [ForkJoinPool.commonPool-worker-2] INFO  handler.ContextHandler (ContextHandler.java:doStop(1159)) - Stopped o.e.j.s.ServletContextHandler@6f920fcb{logs,/logs,file:///home/runner/work/ozone/ozone/hadoop-ozone/integration-test/target/log,STOPPED}
2023-07-05 13:43:19,677 [ForkJoinPool.commonPool-worker-2] INFO  ozone.HddsDatanodeClientProtocolServer (HddsDatanodeClientProtocolServer.java:stop(78)) - Stopping the RPC server for Client Protocol
2023-07-05 13:43:19,677 [ForkJoinPool.commonPool-worker-2] INFO  ipc.Server (Server.java:stop(3523)) - Stopping server on 15090
2023-07-05 13:43:19,678 [IPC Server listener on 15090] INFO  ipc.Server (Server.java:run(1434)) - Stopping IPC Server listener on 15090
2023-07-05 13:43:19,678 [IPC Server Responder] INFO  ipc.Server (Server.java:run(1567)) - Stopping IPC Server Responder
2023-07-05 13:43:19,679 [Time-limited test] INFO  ozone.MiniOzoneClusterImpl (MiniOzoneClusterImpl.java:stopSCM(543)) - Stopping the StorageContainerManager
2023-07-05 13:43:19,679 [Time-limited test] INFO  server.StorageContainerManager (StorageContainerManager.java:stop(1590)) - Container Balancer is not running.
2023-07-05 13:43:19,679 [Time-limited test] INFO  server.StorageContainerManager (StorageContainerManager.java:stopReplicationManager(1723)) - Stopping Replication Manager Service.
2023-07-05 13:43:19,679 [Time-limited test] INFO  replication.ReplicationManager (ReplicationManager.java:stop(319)) - Stopping Replication Monitor Thread.
2023-07-05 13:43:19,679 [Time-limited test] INFO  server.StorageContainerManager (StorageContainerManager.java:stop(1599)) - Stopping the Datanode Admin Monitor.
2023-07-05 13:43:19,679 [Under Replicated Processor] WARN  replication.UnhealthyReplicationProcessor (UnhealthyReplicationProcessor.java:run(180)) - Under Replicated Processor interrupted. Exiting...
2023-07-05 13:43:19,680 [ReplicationMonitor] INFO  replication.ReplicationManager (ReplicationManager.java:run(917)) - Replication Monitor Thread is stopped
2023-07-05 13:43:19,680 [Over Replicated Processor] WARN  replication.UnhealthyReplicationProcessor (UnhealthyReplicationProcessor.java:run(180)) - Over Replicated Processor interrupted. Exiting...
2023-07-05 13:43:19,680 [Time-limited test] INFO  server.StorageContainerManager (StorageContainerManager.java:stop(1606)) - Stopping datanode service RPC server
2023-07-05 13:43:19,680 [Time-limited test] INFO  server.SCMDatanodeProtocolServer (SCMDatanodeProtocolServer.java:stop(424)) - Stopping the RPC server for DataNodes
2023-07-05 13:43:19,680 [Time-limited test] INFO  ipc.Server (Server.java:stop(3523)) - Stopping server on 15055
2023-07-05 13:43:19,682 [IPC Server listener on 15055] INFO  ipc.Server (Server.java:run(1434)) - Stopping IPC Server listener on 15055
2023-07-05 13:43:19,683 [IPC Server Responder] INFO  ipc.Server (Server.java:run(1567)) - Stopping IPC Server Responder
2023-07-05 13:43:19,697 [SCM Heartbeat Processing Thread - 0] WARN  node.NodeStateManager (NodeStateManager.java:scheduleNextHealthCheck(874)) - Current Thread is interrupted, shutting down HB processing thread for Node Manager.
2023-07-05 13:43:19,697 [EventQueue-StaleNodeForStaleNodeHandler] INFO  node.StaleNodeHandler (StaleNodeHandler.java:onMessage(58)) - Datanode aa000335-494a-4091-9473-11fe5522d401(fv-az264-29.ca02foy5wcnuvlrvrz2wi3p2og.dx.internal.cloudapp.net/10.1.0.13) moved to stale state. Finalizing its pipelines [PipelineID=5d569a50-3a21-4a4e-980d-d6d0528d13ad]
2023-07-05 13:43:19,697 [Time-limited test] INFO  server.StorageContainerManager (StorageContainerManager.java:stop(1614)) - Stopping block service RPC server
2023-07-05 13:43:19,698 [Time-limited test] INFO  server.SCMBlockProtocolServer (SCMBlockProtocolServer.java:stop(161)) - Stopping the RPC server for Block Protocol
2023-07-05 13:43:19,698 [Time-limited test] INFO  ipc.Server (Server.java:stop(3523)) - Stopping server on 15054
2023-07-05 13:43:19,698 [EventQueue-StaleNodeForStaleNodeHandler] INFO  pipeline.PipelineManagerImpl (PipelineManagerImpl.java:closePipeline(510)) - Pipeline Pipeline[ Id: 5d569a50-3a21-4a4e-980d-d6d0528d13ad, Nodes: aa000335-494a-4091-9473-11fe5522d401(fv-az264-29.ca02foy5wcnuvlrvrz2wi3p2og.dx.internal.cloudapp.net/10.1.0.13), ReplicationConfig: RATIS/ONE, State:OPEN, leaderId:aa000335-494a-4091-9473-11fe5522d401, CreationTimestamp2023-07-05T13:42:20.539Z[Etc/UTC]] moved to CLOSED state
2023-07-05 13:43:19,700 [IPC Server Responder] INFO  ipc.Server (Server.java:run(1567)) - Stopping IPC Server Responder
2023-07-05 13:43:19,700 [IPC Server listener on 15054] INFO  ipc.Server (Server.java:run(1434)) - Stopping IPC Server listener on 15054
2023-07-05 13:43:19,700 [Time-limited test] INFO  server.StorageContainerManager (StorageContainerManager.java:stop(1621)) - Stopping the StorageContainerLocationProtocol RPC server
2023-07-05 13:43:19,700 [Time-limited test] INFO  server.SCMClientProtocolServer (SCMClientProtocolServer.java:stop(209)) - Stopping the RPC server for Client Protocol
2023-07-05 13:43:19,700 [Time-limited test] INFO  ipc.Server (Server.java:stop(3523)) - Stopping server on 15053
2023-07-05 13:43:19,702 [IPC Server Responder] INFO  ipc.Server (Server.java:run(1567)) - Stopping IPC Server Responder
2023-07-05 13:43:19,703 [IPC Server listener on 15053] INFO  ipc.Server (Server.java:run(1434)) - Stopping IPC Server listener on 15053
2023-07-05 13:43:19,703 [Time-limited test] INFO  server.StorageContainerManager (StorageContainerManager.java:stop(1628)) - Stopping Storage Container Manager HTTP server.
2023-07-05 13:43:19,703 [Time-limited test] INFO  handler.ContextHandler (ContextHandler.java:doStop(1159)) - Stopped o.e.j.w.WebAppContext@3d2e55ce{scm,/,null,STOPPED}{file:/home/runner/work/ozone/ozone/hadoop-ozone/integration-test/target/test-classes/webapps/scm}
2023-07-05 13:43:19,704 [Time-limited test] INFO  server.AbstractConnector (AbstractConnector.java:doStop(383)) - Stopped ServerConnector@170711ef{HTTP/1.1, (http/1.1)}{0.0.0.0:15056}
2023-07-05 13:43:19,704 [Time-limited test] INFO  server.session (HouseKeeper.java:stopScavenging(149)) - node0 Stopped scavenging
2023-07-05 13:43:19,704 [Time-limited test] INFO  handler.ContextHandler (ContextHandler.java:doStop(1159)) - Stopped o.e.j.s.ServletContextHandler@48b9f06b{static,/static,file:///home/runner/work/ozone/ozone/hadoop-ozone/integration-test/target/test-classes/webapps/static,STOPPED}
2023-07-05 13:43:19,705 [Time-limited test] INFO  handler.ContextHandler (ContextHandler.java:doStop(1159)) - Stopped o.e.j.s.ServletContextHandler@145a5d31{logs,/logs,file:///home/runner/work/ozone/ozone/hadoop-ozone/integration-test/target/log,STOPPED}
2023-07-05 13:43:19,705 [Time-limited test] INFO  server.StorageContainerManager (StorageContainerManager.java:stop(1636)) - Stopping SCM LayoutVersionManager Service.
2023-07-05 13:43:19,705 [Time-limited test] INFO  server.StorageContainerManager (StorageContainerManager.java:stop(1648)) - Stopping Block Manager Service.
2023-07-05 13:43:19,705 [Time-limited test] INFO  utils.BackgroundService (BackgroundService.java:shutdown(141)) - Shutting down service SCMBlockDeletingService
2023-07-05 13:43:19,705 [Time-limited test] INFO  utils.BackgroundService (BackgroundService.java:shutdown(141)) - Shutting down service SCMBlockDeletingService
2023-07-05 13:43:19,706 [Time-limited test] INFO  server.StorageContainerManager (StorageContainerManager.java:stop(1668)) - Stopping SCM Event Queue.
2023-07-05 13:43:19,707 [JvmPauseMonitor7] INFO  util.JvmPauseMonitor (JvmPauseMonitor.java:run(109)) - JvmPauseMonitor-c929785a-532b-44e4-963c-3466e251128e: Stopped
2023-07-05 13:43:19,707 [Time-limited test] INFO  server.StorageContainerManager (StorageContainerManager.java:stop(1679)) - Stopping SCM HA services.
2023-07-05 13:43:19,707 [Time-limited test] INFO  pipeline.BackgroundPipelineCreator (BackgroundPipelineCreator.java:stop(149)) - Stopping RatisPipelineUtilsThread.
2023-07-05 13:43:19,707 [RatisPipelineUtilsThread - 0] WARN  pipeline.BackgroundPipelineCreator (BackgroundPipelineCreator.java:run(180)) - RatisPipelineUtilsThread is interrupted.
2023-07-05 13:43:19,707 [Time-limited test] INFO  BackgroundPipelineScrubber (BackgroundSCMService.java:stop(131)) - Stopping BackgroundPipelineScrubber Service.
2023-07-05 13:43:19,707 [BackgroundPipelineScrubberThread] WARN  BackgroundPipelineScrubber (BackgroundSCMService.java:run(115)) - BackgroundPipelineScrubber is interrupted, exit
2023-07-05 13:43:19,708 [Time-limited test] INFO  impl.MetricsSystemImpl (MetricsSystemImpl.java:stop(210)) - Stopping HddsDatanode metrics system...
2023-07-05 13:43:19,708 [prometheus] INFO  impl.MetricsSinkAdapter (MetricsSinkAdapter.java:publishMetricsFromQueue(141)) - prometheus thread interrupted.
2023-07-05 13:43:19,709 [Time-limited test] INFO  impl.MetricsSystemImpl (MetricsSystemImpl.java:stop(216)) - HddsDatanode metrics system stopped.
2023-07-05 13:43:19,709 [Time-limited test] WARN  pipeline.BackgroundPipelineCreator (BackgroundPipelineCreator.java:stop(145)) - RatisPipelineUtilsThread is not running, just ignore.
2023-07-05 13:43:19,709 [Time-limited test] INFO  BackgroundPipelineScrubber (BackgroundSCMService.java:stop(126)) - BackgroundPipelineScrubber Service is not running, skip stop.
2023-07-05 13:43:19,709 [Time-limited test] INFO  ExpiredContainerReplicaOpScrubber (BackgroundSCMService.java:stop(131)) - Stopping ExpiredContainerReplicaOpScrubber Service.
2023-07-05 13:43:19,709 [Time-limited test] INFO  utils.BackgroundService (BackgroundService.java:shutdown(141)) - Shutting down service SCMBlockDeletingService
2023-07-05 13:43:19,709 [ExpiredContainerReplicaOpScrubberThread] WARN  ExpiredContainerReplicaOpScrubber (BackgroundSCMService.java:run(115)) - ExpiredContainerReplicaOpScrubber is interrupted, exit
2023-07-05 13:43:19,709 [Time-limited test] INFO  replication.ReplicationManager (ReplicationManager.java:stop(329)) - Replication Monitor Thread is not running.
2023-07-05 13:43:19,709 [Time-limited test] WARN  balancer.ContainerBalancer (ContainerBalancer.java:stop(326)) - Cannot stop Container Balancer because it's not running or stopping
2023-07-05 13:43:19,709 [Time-limited test] INFO  server.StorageContainerManager (StorageContainerManager.java:stop(1714)) - Stopping SCM MetadataStore.
]]></system-out>
  </testcase>
  <testcase name="testContainerReplication" classname="TestContainerReplication" time="38.085">
    <system-out><![CDATA[2023-07-05 13:43:53,443 [Time-limited test] WARN  server.ServerUtils (ServerUtils.java:getScmDbDir(155)) - ozone.scm.db.dirs is not configured. We recommend adding this setting. Falling back to ozone.metadata.dirs instead.
2023-07-05 13:43:53,446 [Time-limited test] WARN  server.ServerUtils (ServerUtils.java:getScmDbDir(155)) - ozone.scm.db.dirs is not configured. We recommend adding this setting. Falling back to ozone.metadata.dirs instead.
2023-07-05 13:43:53,447 [Time-limited test] INFO  ha.SCMHANodeDetails (SCMHANodeDetails.java:loadSCMHAConfig(210)) - ServiceID for StorageContainerManager is null
2023-07-05 13:43:53,447 [Time-limited test] INFO  ha.SCMHANodeDetails (SCMHANodeDetails.java:loadSCMHAConfig(215)) - ozone.scm.default.service.id is not defined, falling back to ozone.scm.service.ids to find serviceID for StorageContainerManager if it is HA enabled cluster
2023-07-05 13:43:53,448 [Time-limited test] WARN  utils.HAUtils (HAUtils.java:getMetaDir(339)) - ozone.scm.db.dirs is not configured. We recommend adding this setting. Falling back to ozone.metadata.dirs instead.
2023-07-05 13:43:53,448 [Time-limited test] WARN  db.DBStoreBuilder (DBStoreBuilder.java:applyDBDefinition(166)) - ozone.scm.db.dirs is not configured. We recommend adding this setting. Falling back to ozone.metadata.dirs instead.
2023-07-05 13:43:53,586 [Time-limited test] INFO  net.NodeSchemaLoader (NodeSchemaLoader.java:loadSchemaFromFile(129)) - Loading schema from [jar:file:/home/runner/.m2/repository/org/apache/ozone/hdds-common/1.4.0-SNAPSHOT/hdds-common-1.4.0-SNAPSHOT.jar!/network-topology-default.xml]
2023-07-05 13:43:53,586 [Time-limited test] INFO  net.NodeSchemaLoader (NodeSchemaLoader.java:loadSchema(176)) - Loading network topology layer schema file
2023-07-05 13:43:53,589 [Time-limited test] INFO  upgrade.AbstractLayoutVersionManager (AbstractLayoutVersionManager.java:init(83)) - Initializing Layout version manager with metadata layout = HADOOP_PRC_PORTS_IN_DATANODEDETAILS (version = 7), software layout = HADOOP_PRC_PORTS_IN_DATANODEDETAILS (version = 7)
2023-07-05 13:43:53,590 [Time-limited test] INFO  ha.SequenceIdGenerator (SequenceIdGenerator.java:upgradeToSequenceId(354)) - upgrade localId to 111677748019200000
2023-07-05 13:43:53,591 [Time-limited test] INFO  ha.SequenceIdGenerator (SequenceIdGenerator.java:upgradeToSequenceId(364)) - upgrade delTxnId to 0
2023-07-05 13:43:53,591 [Time-limited test] INFO  ha.SequenceIdGenerator (SequenceIdGenerator.java:upgradeToSequenceId(381)) - upgrade containerId to 0
2023-07-05 13:43:53,592 [Time-limited test] INFO  ha.SequenceIdGenerator (SequenceIdGenerator.java:upgradeToSequenceId(417)) - upgrade rootCertificateId to 1
2023-07-05 13:43:53,592 [Time-limited test] INFO  ha.SequenceIdGenerator (SequenceIdGenerator.java:<init>(225)) - Init the HA SequenceIdGenerator.
2023-07-05 13:43:53,592 [Time-limited test] INFO  node.SCMNodeManager (SCMNodeManager.java:<init>(157)) - Entering startup safe mode.
2023-07-05 13:43:53,593 [Time-limited test] INFO  algorithms.ContainerPlacementPolicyFactory (ContainerPlacementPolicyFactory.java:getPolicyInternal(86)) - Create container placement policy of type org.apache.hadoop.hdds.scm.container.placement.algorithms.SCMContainerPlacementCapacity
2023-07-05 13:43:53,593 [Time-limited test] INFO  algorithms.ContainerPlacementPolicyFactory (ContainerPlacementPolicyFactory.java:getPolicyInternal(86)) - Create container placement policy of type org.apache.hadoop.hdds.scm.container.placement.algorithms.SCMContainerPlacementRackScatter
2023-07-05 13:43:53,593 [Time-limited test] INFO  pipeline.PipelineStateManagerImpl (PipelineStateManagerImpl.java:initialize(78)) - No pipeline exists in current db
2023-07-05 13:43:53,593 [Time-limited test] INFO  algorithms.LeaderChoosePolicyFactory (LeaderChoosePolicyFactory.java:getPolicy(57)) - Create leader choose policy of type org.apache.hadoop.hdds.scm.pipeline.leader.choose.algorithms.MinLeaderCountChoosePolicy
2023-07-05 13:43:53,593 [Time-limited test] INFO  algorithms.ContainerPlacementPolicyFactory (ContainerPlacementPolicyFactory.java:getPolicyInternal(86)) - Create container placement policy of type org.apache.hadoop.hdds.scm.container.placement.algorithms.SCMContainerPlacementRackScatter
2023-07-05 13:43:53,593 [Time-limited test] INFO  ha.SCMServiceManager (SCMServiceManager.java:register(42)) - Registering service BackgroundPipelineCreator.
2023-07-05 13:43:53,593 [Time-limited test] INFO  pipeline.BackgroundPipelineCreator (BackgroundPipelineCreator.java:start(124)) - Starting RatisPipelineUtilsThread.
2023-07-05 13:43:53,594 [Time-limited test] INFO  BackgroundPipelineScrubber (BackgroundSCMService.java:start(68)) - Starting BackgroundPipelineScrubber Service.
2023-07-05 13:43:53,594 [Time-limited test] INFO  ha.SCMServiceManager (SCMServiceManager.java:register(42)) - Registering service BackgroundPipelineScrubber.
2023-07-05 13:43:53,594 [Time-limited test] INFO  ExpiredContainerReplicaOpScrubber (BackgroundSCMService.java:start(68)) - Starting ExpiredContainerReplicaOpScrubber Service.
2023-07-05 13:43:53,594 [Time-limited test] INFO  ha.SCMServiceManager (SCMServiceManager.java:register(42)) - Registering service ExpiredContainerReplicaOpScrubber.
2023-07-05 13:43:53,595 [Time-limited test] INFO  algorithms.PipelineChoosePolicyFactory (PipelineChoosePolicyFactory.java:createPipelineChoosePolicyFromClass(78)) - Create pipeline choose policy of type org.apache.hadoop.hdds.scm.pipeline.choose.algorithms.RandomPipelineChoosePolicy
2023-07-05 13:43:53,595 [Time-limited test] INFO  algorithms.PipelineChoosePolicyFactory (PipelineChoosePolicyFactory.java:createPipelineChoosePolicyFromClass(78)) - Create pipeline choose policy of type org.apache.hadoop.hdds.scm.pipeline.choose.algorithms.RandomPipelineChoosePolicy
2023-07-05 13:43:53,595 [Time-limited test] INFO  ha.SCMServiceManager (SCMServiceManager.java:register(42)) - Registering service SCMBlockDeletingService.
2023-07-05 13:43:53,596 [Time-limited test] INFO  replication.ReplicationManager (ReplicationManager.java:start(286)) - Starting Replication Monitor Thread.
2023-07-05 13:43:53,598 [Time-limited test] INFO  ha.SCMServiceManager (SCMServiceManager.java:register(42)) - Registering service ReplicationManager.
2023-07-05 13:43:53,599 [Time-limited test] INFO  safemode.ContainerSafeModeRule (ContainerSafeModeRule.java:<init>(89)) - containers with one replica threshold count 0
2023-07-05 13:43:53,599 [Time-limited test] INFO  safemode.HealthyPipelineSafeModeRule (HealthyPipelineSafeModeRule.java:initializeRule(169)) - Total pipeline count is 0, healthy pipeline threshold count is 1
2023-07-05 13:43:53,599 [Time-limited test] INFO  safemode.OneReplicaPipelineSafeModeRule (OneReplicaPipelineSafeModeRule.java:initializeRule(180)) - Total pipeline count is 0, pipeline's with at least one datanode reported threshold count is 0
2023-07-05 13:43:53,600 [Time-limited test] INFO  server.StorageContainerManager (StorageContainerManager.java:<init>(424)) - SCM start with adminUsers: [runner]
2023-07-05 13:43:53,600 [Time-limited test] INFO  ipc.CallQueueManager (CallQueueManager.java:<init>(90)) - Using callQueue: class java.util.concurrent.LinkedBlockingQueue, queueCapacity: 2000, scheduler: class org.apache.hadoop.ipc.DefaultRpcScheduler, ipcBackoff: false.
2023-07-05 13:43:53,600 [Time-limited test] INFO  ipc.Server (Server.java:<init>(1287)) - Listener at 0.0.0.0:15161
2023-07-05 13:43:53,601 [Socket Reader #1 for port 15161] INFO  ipc.Server (Server.java:run(1323)) - Starting Socket Reader #1 for port 15161
2023-07-05 13:43:53,601 [Time-limited test] INFO  ipc.CallQueueManager (CallQueueManager.java:<init>(90)) - Using callQueue: class java.util.concurrent.LinkedBlockingQueue, queueCapacity: 2000, scheduler: class org.apache.hadoop.ipc.DefaultRpcScheduler, ipcBackoff: false.
2023-07-05 13:43:53,602 [Time-limited test] INFO  ipc.Server (Server.java:<init>(1287)) - Listener at 0.0.0.0:15160
2023-07-05 13:43:53,603 [Socket Reader #1 for port 15160] INFO  ipc.Server (Server.java:run(1323)) - Starting Socket Reader #1 for port 15160
2023-07-05 13:43:53,603 [Time-limited test] INFO  ipc.CallQueueManager (CallQueueManager.java:<init>(90)) - Using callQueue: class java.util.concurrent.LinkedBlockingQueue, queueCapacity: 2000, scheduler: class org.apache.hadoop.ipc.DefaultRpcScheduler, ipcBackoff: false.
2023-07-05 13:43:53,604 [Time-limited test] INFO  ipc.Server (Server.java:<init>(1287)) - Listener at 0.0.0.0:15159
2023-07-05 13:43:53,604 [Socket Reader #1 for port 15159] INFO  ipc.Server (Server.java:run(1323)) - Starting Socket Reader #1 for port 15159
2023-07-05 13:43:53,611 [Time-limited test] INFO  ha.SCMServiceManager (SCMServiceManager.java:register(42)) - Registering service ContainerBalancer.
2023-07-05 13:43:53,611 [Time-limited test] INFO  server.StorageContainerManager (StorageContainerManager.java:<init>(437)) - 
Container Balancer status:
Key                            Value
Running                        false
Container Balancer Configuration values:
Key                                                Value
Threshold                                          10
Max Datanodes to Involve per Iteration(percent)    20
Max Size to Move per Iteration                     500GB
Max Size Entering Target per Iteration             26GB
Max Size Leaving Source per Iteration              26GB

2023-07-05 13:43:53,612 [Time-limited test] INFO  ha.SCMContext (SCMContext.java:updateSafeModeStatus(228)) - Update SafeModeStatus from SafeModeStatus{safeModeStatus=true, preCheckPassed=false} to SafeModeStatus{safeModeStatus=true, preCheckPassed=false}.
2023-07-05 13:43:53,612 [Time-limited test] INFO  server.StorageContainerManager (StorageContainerManager.java:start(1489)) - StorageContainerLocationProtocol RPC server is listening at /0.0.0.0:15159
2023-07-05 13:43:53,612 [ReplicationMonitor] INFO  replication.ReplicationManager (ReplicationManager.java:processAll(361)) - Replication Manager is not ready to run until 3000ms after safemode exit
2023-07-05 13:43:53,615 [Time-limited test] WARN  impl.MetricsConfig (MetricsConfig.java:loadFirst(136)) - Cannot locate configuration: tried hadoop-metrics2-storagecontainermanager.properties,hadoop-metrics2.properties
2023-07-05 13:43:53,616 [Time-limited test] INFO  impl.MetricsSystemImpl (MetricsSystemImpl.java:startTimer(378)) - Scheduled Metric snapshot period at 10 second(s).
2023-07-05 13:43:53,616 [Time-limited test] INFO  impl.MetricsSystemImpl (MetricsSystemImpl.java:start(191)) - StorageContainerManager metrics system started
2023-07-05 13:43:53,624 [Time-limited test] INFO  impl.MetricsSinkAdapter (MetricsSinkAdapter.java:start(204)) - Sink prometheus started
2023-07-05 13:43:53,624 [Time-limited test] INFO  impl.MetricsSystemImpl (MetricsSystemImpl.java:registerSink(305)) - Registered sink prometheus
2023-07-05 13:43:53,655 [Time-limited test] INFO  server.SCMClientProtocolServer (SCMClientProtocolServer.java:start(200)) - RPC server for Client  is listening at /0.0.0.0:15159
2023-07-05 13:43:53,656 [IPC Server Responder] INFO  ipc.Server (Server.java:run(1562)) - IPC Server Responder: starting
2023-07-05 13:43:53,657 [IPC Server listener on 15159] INFO  ipc.Server (Server.java:run(1402)) - IPC Server listener on 15159: starting
2023-07-05 13:43:53,668 [Time-limited test] INFO  server.StorageContainerManager (StorageContainerManager.java:start(1502)) - ScmBlockLocationProtocol RPC server is listening at /0.0.0.0:15160
2023-07-05 13:43:53,668 [Time-limited test] INFO  server.SCMBlockProtocolServer (SCMBlockProtocolServer.java:start(152)) - RPC server for Block Protocol is listening at /0.0.0.0:15160
2023-07-05 13:43:53,668 [IPC Server Responder] INFO  ipc.Server (Server.java:run(1562)) - IPC Server Responder: starting
2023-07-05 13:43:53,669 [IPC Server listener on 15160] INFO  ipc.Server (Server.java:run(1402)) - IPC Server listener on 15160: starting
2023-07-05 13:43:53,670 [Time-limited test] INFO  server.SCMDatanodeProtocolServer (SCMDatanodeProtocolServer.java:start(193)) - ScmDatanodeProtocol RPC server for DataNodes is listening at /0.0.0.0:15161
2023-07-05 13:43:53,671 [IPC Server Responder] INFO  ipc.Server (Server.java:run(1562)) - IPC Server Responder: starting
2023-07-05 13:43:53,671 [IPC Server listener on 15161] INFO  ipc.Server (Server.java:run(1402)) - IPC Server listener on 15161: starting
2023-07-05 13:43:53,679 [Time-limited test] INFO  http.BaseHttpServer (BaseHttpServer.java:newHttpServer2BuilderForOzone(224)) - Starting Web-server for scm at: http://0.0.0.0:15162
2023-07-05 13:43:53,679 [Time-limited test] INFO  http.BaseHttpServer (BaseHttpServer.java:<init>(111)) - Hadoop Security Enabled: false Ozone Security Enabled: false Ozone HTTP Security Enabled: false 
2023-07-05 13:43:53,680 [Time-limited test] WARN  server.AuthenticationFilter (AuthenticationFilter.java:constructSecretProvider(240)) - Unable to initialize FileSignerSecretProvider, falling back to use random secrets. Reason: Could not read signature secret file: /home/runner/hadoop-http-auth-signature-secret
2023-07-05 13:43:53,681 [JvmPauseMonitor21] INFO  util.JvmPauseMonitor (JvmPauseMonitor.java:run(103)) - JvmPauseMonitor-9eda2655-8b4e-4854-874d-10e37552c16a: Started
2023-07-05 13:43:53,685 [Time-limited test] INFO  http.HttpRequestLog (HttpRequestLog.java:getRequestLog(86)) - Http request log for http.requests.scm is not defined
2023-07-05 13:43:53,686 [Time-limited test] INFO  http.HttpServer2 (HttpServer2.java:addGlobalFilter(1031)) - Added global filter 'safety' (class=org.apache.hadoop.hdds.server.http.HttpServer2$QuotingInputFilter)
2023-07-05 13:43:53,687 [Time-limited test] INFO  http.HttpServer2 (HttpServer2.java:addFilter(1007)) - Added filter static_user_filter (class=org.apache.hadoop.http.lib.StaticUserWebFilter$StaticUserFilter) to context scm
2023-07-05 13:43:53,687 [Time-limited test] INFO  http.HttpServer2 (HttpServer2.java:addFilter(1015)) - Added filter static_user_filter (class=org.apache.hadoop.http.lib.StaticUserWebFilter$StaticUserFilter) to context logs
2023-07-05 13:43:53,687 [Time-limited test] INFO  http.HttpServer2 (HttpServer2.java:addFilter(1015)) - Added filter static_user_filter (class=org.apache.hadoop.http.lib.StaticUserWebFilter$StaticUserFilter) to context static
2023-07-05 13:43:53,687 [Time-limited test] INFO  http.BaseHttpServer (BaseHttpServer.java:<init>(190)) - HTTP server of scm uses base directory /home/runner/work/ozone/ozone/hadoop-ozone/integration-test/target/test-dir/MiniOzoneClusterImpl-de398c68-44fd-4973-9846-b14d0f209e8c/ozone-meta/webserver
2023-07-05 13:43:53,688 [Time-limited test] INFO  http.HttpServer2 (HttpServer2.java:bindListener(1250)) - Jetty bound to port 15162
2023-07-05 13:43:53,688 [Time-limited test] INFO  server.Server (Server.java:doStart(375)) - jetty-9.4.51.v20230217; built: 2023-02-17T08:19:37.309Z; git: b45c405e4544384de066f814ed42ae3dceacdd49; jvm 1.8.0_372-b07
2023-07-05 13:43:53,694 [Time-limited test] INFO  server.session (DefaultSessionIdManager.java:doStart(334)) - DefaultSessionIdManager workerName=node0
2023-07-05 13:43:53,694 [Time-limited test] INFO  server.session (DefaultSessionIdManager.java:doStart(339)) - No SessionScavenger set, using defaults
2023-07-05 13:43:53,694 [Time-limited test] INFO  server.session (HouseKeeper.java:startScavenging(132)) - node0 Scavenging every 660000ms
2023-07-05 13:43:53,696 [Time-limited test] INFO  handler.ContextHandler (ContextHandler.java:doStart(921)) - Started o.e.j.s.ServletContextHandler@6e65884d{logs,/logs,file:///home/runner/work/ozone/ozone/hadoop-ozone/integration-test/target/log,AVAILABLE}
2023-07-05 13:43:53,696 [Time-limited test] INFO  handler.ContextHandler (ContextHandler.java:doStart(921)) - Started o.e.j.s.ServletContextHandler@70db924{static,/static,file:///home/runner/work/ozone/ozone/hadoop-ozone/integration-test/target/test-classes/webapps/static,AVAILABLE}
2023-07-05 13:43:53,700 [Time-limited test] INFO  handler.ContextHandler (ContextHandler.java:doStart(921)) - Started o.e.j.w.WebAppContext@5f5e1fcd{scm,/,file:///home/runner/work/ozone/ozone/hadoop-ozone/integration-test/target/test-classes/webapps/scm/,AVAILABLE}{file:/home/runner/work/ozone/ozone/hadoop-ozone/integration-test/target/test-classes/webapps/scm}
2023-07-05 13:43:53,701 [Time-limited test] INFO  server.AbstractConnector (AbstractConnector.java:doStart(333)) - Started ServerConnector@20d81d85{HTTP/1.1, (http/1.1)}{0.0.0.0:15162}
2023-07-05 13:43:53,702 [Time-limited test] INFO  server.Server (Server.java:doStart(415)) - Started @142988ms
2023-07-05 13:43:53,702 [Time-limited test] WARN  impl.MetricsSystemImpl (MetricsSystemImpl.java:register(279)) - Sink prometheus already exists!
2023-07-05 13:43:53,702 [Time-limited test] INFO  http.BaseHttpServer (BaseHttpServer.java:updateConnectorAddress(344)) - HTTP server of scm listening at http://0.0.0.0:15162
2023-07-05 13:43:53,703 [Time-limited test] WARN  server.ServerUtils (ServerUtils.java:getDBPath(311)) - ozone.om.db.dirs is not configured. We recommend adding this setting. Falling back to ozone.metadata.dirs instead.
2023-07-05 13:43:53,706 [Time-limited test] INFO  ha.OMHANodeDetails (OMHANodeDetails.java:loadOMHAConfig(115)) - ozone.om.internal.service.id is not defined, falling back to ozone.om.service.ids to find serviceID for OzoneManager if it is HA enabled cluster
2023-07-05 13:43:53,706 [Time-limited test] INFO  ha.OMHANodeDetails (OMHANodeDetails.java:loadOMHAConfig(226)) - Configuration does not have ozone.om.address set. Falling back to the default OM address /127.0.0.1:15163
2023-07-05 13:43:53,706 [Time-limited test] INFO  ha.OMHANodeDetails (OMHANodeDetails.java:getOMNodeDetailsForNonHA(254)) - OM Service ID is not set. Setting it to the default ID: omServiceIdDefault
2023-07-05 13:43:53,706 [Time-limited test] INFO  ha.OMHANodeDetails (OMHANodeDetails.java:getOMNodeDetailsForNonHA(261)) - OM Node ID is not set. Setting it to the default ID: om1
2023-07-05 13:43:53,706 [Time-limited test] WARN  server.ServerUtils (ServerUtils.java:getDBPath(311)) - ozone.om.db.dirs is not configured. We recommend adding this setting. Falling back to ozone.metadata.dirs instead.
2023-07-05 13:43:53,707 [Time-limited test] INFO  upgrade.AbstractLayoutVersionManager (AbstractLayoutVersionManager.java:init(83)) - Initializing Layout version manager with metadata layout = QUOTA (version = 6), software layout = QUOTA (version = 6)
2023-07-05 13:43:53,784 [Time-limited test] INFO  reflections.Reflections (Reflections.java:scan(232)) - Reflections took 76 ms to scan 2 urls, producing 186 keys and 508 values [using 2 cores]
2023-07-05 13:43:53,785 [Time-limited test] INFO  upgrade.OMLayoutVersionManager (OMLayoutVersionManager.java:lambda$0(115)) - Skipping Upgrade Action MockOmUpgradeAction since it has been finalized.
2023-07-05 13:43:53,785 [Time-limited test] INFO  upgrade.OMLayoutVersionManager (OMLayoutVersionManager.java:lambda$0(115)) - Skipping Upgrade Action QuotaRepairUpgradeAction since it has been finalized.
2023-07-05 13:43:53,785 [Time-limited test] WARN  server.ServerUtils (ServerUtils.java:getDBPath(311)) - ozone.om.db.dirs is not configured. We recommend adding this setting. Falling back to ozone.metadata.dirs instead.
2023-07-05 13:43:53,786 [Time-limited test] INFO  proxy.SCMBlockLocationFailoverProxyProvider (SCMBlockLocationFailoverProxyProvider.java:<init>(114)) - Created block location fail-over proxy with 1 nodes: [nodeId=scmNodeId,nodeAddress=/0.0.0.0:15160]
2023-07-05 13:43:53,787 [Time-limited test] INFO  proxy.SCMBlockLocationFailoverProxyProvider (SCMBlockLocationFailoverProxyProvider.java:<init>(114)) - Created block location fail-over proxy with 1 nodes: [nodeId=scmNodeId,nodeAddress=/0.0.0.0:15160]
2023-07-05 13:43:53,805 [Time-limited test] INFO  om.OzoneManager (OzoneManager.java:<init>(658)) - OM start with adminUsers: [runner]
2023-07-05 13:43:53,807 [Time-limited test] WARN  server.ServerUtils (ServerUtils.java:getDBPath(311)) - ozone.om.db.dirs is not configured. We recommend adding this setting. Falling back to ozone.metadata.dirs instead.
2023-07-05 13:43:53,808 [Time-limited test] INFO  helpers.OmKeyInfo (OmKeyInfo.java:getCodec(71)) - OmKeyInfo.getCodec ignorePipeline = true
2023-07-05 13:43:54,040 [Time-limited test] INFO  om.OzoneManager (OzoneManager.java:instantiateServices(787)) - S3 Multi-Tenancy is disabled
2023-07-05 13:43:54,040 [Time-limited test] INFO  om.OmSnapshotManager (OmSnapshotManager.java:<init>(175)) - Ozone filesystem snapshot feature is enabled.
2023-07-05 13:43:54,041 [Time-limited test] WARN  server.ServerUtils (ServerUtils.java:getDBPath(311)) - ozone.om.snapshot.diff.db.dir is not configured. We recommend adding this setting. Falling back to ozone.metadata.dirs instead.
2023-07-05 13:43:54,072 [Time-limited test] INFO  snapshot.SnapshotDiffManager (SnapshotDiffManager.java:closeExecutorService(1699)) - Shutting down executorService: 'SstDumpToolExecutor'
2023-07-05 13:43:54,074 [Time-limited test] INFO  om.OzoneManager (OzoneManager.java:addS3GVolumeToDB(4298)) - Created Volume s3v With Owner runner required for S3Gateway operations.
2023-07-05 13:43:54,074 [Time-limited test] WARN  server.ServerUtils (ServerUtils.java:getDefaultRatisDirectory(323)) - Storage directory for Ratis is not configured. It is a good idea to map this to an SSD disk. Falling back to ozone.metadata.dirs
2023-07-05 13:43:54,074 [Time-limited test] WARN  utils.OzoneManagerRatisUtils (OzoneManagerRatisUtils.java:getOMRatisSnapshotDirectory(461)) - ozone.om.ratis.snapshot.dir is not configured. Falling back to ozone.metadata.dirs config
2023-07-05 13:43:54,075 [Time-limited test] WARN  server.ServerUtils (ServerUtils.java:getDefaultRatisDirectory(323)) - Storage directory for Ratis is not configured. It is a good idea to map this to an SSD disk. Falling back to ozone.metadata.dirs
2023-07-05 13:43:54,075 [Time-limited test] INFO  ratis.OzoneManagerRatisServer (OzoneManagerRatisServer.java:<init>(163)) - Instantiating OM Ratis server with groupID: omServiceIdDefault and peers: localhost:15166
2023-07-05 13:43:54,076 [Time-limited test] INFO  ratis.OzoneManagerStateMachine (OzoneManagerStateMachine.java:loadSnapshotInfoFromDB(670)) - LastAppliedIndex is set from TransactionInfo from OM DB as (t:0, i:~)
2023-07-05 13:43:54,078 [Time-limited test] INFO  server.RaftServer (ConfUtils.java:logGet(46)) - raft.rpc.type = GRPC (default)
2023-07-05 13:43:54,078 [Time-limited test] INFO  grpc.GrpcConfigKeys (ConfUtils.java:logFallback(53)) - raft.grpc.admin.host = null (fallback to raft.grpc.server.host)
2023-07-05 13:43:54,078 [Time-limited test] INFO  grpc.GrpcConfigKeys (ConfUtils.java:logFallback(53)) - raft.grpc.admin.port = 15166 (fallback to raft.grpc.server.port)
2023-07-05 13:43:54,078 [Time-limited test] INFO  grpc.GrpcConfigKeys (ConfUtils.java:logFallback(53)) - raft.grpc.client.host = null (fallback to raft.grpc.server.host)
2023-07-05 13:43:54,078 [Time-limited test] INFO  grpc.GrpcConfigKeys (ConfUtils.java:logFallback(53)) - raft.grpc.client.port = 15166 (fallback to raft.grpc.server.port)
2023-07-05 13:43:54,078 [Time-limited test] INFO  grpc.GrpcConfigKeys (ConfUtils.java:logGet(46)) - raft.grpc.server.host = null (default)
2023-07-05 13:43:54,078 [Time-limited test] INFO  grpc.GrpcConfigKeys (ConfUtils.java:logGet(46)) - raft.grpc.server.port = 15166 (custom)
2023-07-05 13:43:54,078 [Time-limited test] INFO  server.GrpcService (ConfUtils.java:logGet(46)) - raft.grpc.message.size.max = 33554432 (custom)
2023-07-05 13:43:54,078 [Time-limited test] INFO  server.RaftServerConfigKeys (ConfUtils.java:logGet(46)) - raft.server.log.appender.buffer.byte-limit = 33554432 (custom)
2023-07-05 13:43:54,079 [Time-limited test] INFO  server.GrpcService (ConfUtils.java:logGet(46)) - raft.grpc.flow.control.window = 1MB (=1048576) (default)
2023-07-05 13:43:54,079 [Time-limited test] INFO  server.RaftServerConfigKeys (ConfUtils.java:logGet(46)) - raft.server.rpc.request.timeout = 3000ms (default)
2023-07-05 13:43:54,079 [Time-limited test] INFO  grpc.GrpcConfigKeys (ConfUtils.java:logGet(46)) - raft.grpc.server.heartbeat.channel = true (default)
2023-07-05 13:43:54,079 [Time-limited test] INFO  grpc.GrpcConfigKeys (ConfUtils.java:logGet(46)) - raft.grpc.server.async.request.thread.pool.cached = true (default)
2023-07-05 13:43:54,079 [Time-limited test] INFO  grpc.GrpcConfigKeys (ConfUtils.java:logGet(46)) - raft.grpc.server.async.request.thread.pool.size = 32 (default)
2023-07-05 13:43:54,080 [Time-limited test] INFO  impl.DataStreamServerImpl (ConfUtils.java:logGet(46)) - raft.datastream.type = DISABLED (default)
2023-07-05 13:43:54,080 [Time-limited test] INFO  server.RaftServerConfigKeys (ConfUtils.java:logGet(46)) - raft.server.threadpool.proxy.cached = true (default)
2023-07-05 13:43:54,080 [Time-limited test] INFO  server.RaftServerConfigKeys (ConfUtils.java:logGet(46)) - raft.server.threadpool.proxy.size = 0 (default)
2023-07-05 13:43:54,081 [Time-limited test] INFO  server.RaftServerConfigKeys (ConfUtils.java:logGet(46)) - raft.server.rpc.slowness.timeout = 120s (custom)
2023-07-05 13:43:54,081 [Time-limited test] INFO  server.RaftServerConfigKeys (ConfUtils.java:logGet(46)) - raft.server.leaderelection.leader.step-down.wait-time = 10s (default)
2023-07-05 13:43:54,081 [Time-limited test] INFO  server.RaftServerConfigKeys (ConfUtils.java:logGet(46)) - raft.server.storage.dir = [/home/runner/work/ozone/ozone/hadoop-ozone/integration-test/target/test-dir/MiniOzoneClusterImpl-de398c68-44fd-4973-9846-b14d0f209e8c/ozone-meta/ratis] (custom)
2023-07-05 13:43:54,081 [Time-limited test] INFO  server.RaftServer (RaftServerProxy.java:addNew(98)) - om1: addNew group-C5BA1605619E:[om1|rpc:localhost:15166|priority:0|startupRole:FOLLOWER] returns group-C5BA1605619E:java.util.concurrent.CompletableFuture@243fe658[Not completed]
2023-07-05 13:43:54,081 [Time-limited test] INFO  om.OzoneManager (OzoneManager.java:initializeRatisServer(2139)) - OzoneManager Ratis server initialized at port 15166
2023-07-05 13:43:54,081 [om1-groupManagement] INFO  server.RaftServer$Division (RaftServerImpl.java:<init>(198)) - om1: new RaftServerImpl for group-C5BA1605619E:[om1|rpc:localhost:15166|priority:0|startupRole:FOLLOWER] with OzoneManagerStateMachine:uninitialized
2023-07-05 13:43:54,082 [Time-limited test] INFO  om.OzoneManager (OzoneManager.java:getRpcServer(1187)) - Creating RPC Server
2023-07-05 13:43:54,082 [om1-groupManagement] INFO  server.RaftServerConfigKeys (ConfUtils.java:logGet(46)) - raft.server.rpc.timeout.min = 1s (custom)
2023-07-05 13:43:54,082 [om1-groupManagement] INFO  server.RaftServerConfigKeys (ConfUtils.java:logGet(46)) - raft.server.rpc.timeout.max = 1200ms (custom)
2023-07-05 13:43:54,082 [om1-groupManagement] INFO  server.RaftServerConfigKeys (ConfUtils.java:logGet(46)) - raft.server.rpc.sleep.time = 25ms (default)
2023-07-05 13:43:54,082 [om1-groupManagement] INFO  server.RaftServerConfigKeys (ConfUtils.java:logGet(46)) - raft.server.rpc.slowness.timeout = 120s (custom)
2023-07-05 13:43:54,082 [om1-groupManagement] INFO  server.RaftServerConfigKeys (ConfUtils.java:logGet(46)) - raft.server.leaderelection.leader.step-down.wait-time = 10s (default)
2023-07-05 13:43:54,082 [om1-groupManagement] INFO  server.RaftServerConfigKeys (ConfUtils.java:logGet(46)) - raft.server.sleep.deviation.threshold = 300ms (default)
2023-07-05 13:43:54,082 [om1-groupManagement] INFO  server.RaftServer$Division (ServerState.java:<init>(120)) - om1@group-C5BA1605619E: ConfigurationManager, init=-1: peers:[om1|rpc:localhost:15166|priority:0|startupRole:FOLLOWER]|listeners:[], old=null, confs=<EMPTY_MAP>
2023-07-05 13:43:54,082 [om1-groupManagement] INFO  server.RaftServerConfigKeys (ConfUtils.java:logGet(46)) - raft.server.storage.dir = [/home/runner/work/ozone/ozone/hadoop-ozone/integration-test/target/test-dir/MiniOzoneClusterImpl-de398c68-44fd-4973-9846-b14d0f209e8c/ozone-meta/ratis] (custom)
2023-07-05 13:43:54,082 [om1-groupManagement] INFO  server.RaftServerConfigKeys (ConfUtils.java:logGet(46)) - raft.server.log.corruption.policy = EXCEPTION (default)
2023-07-05 13:43:54,082 [om1-groupManagement] INFO  server.RaftServerConfigKeys (ConfUtils.java:logGet(46)) - raft.server.storage.free-space.min = 0MB (=0) (default)
2023-07-05 13:43:54,082 [om1-groupManagement] INFO  server.RaftServerConfigKeys (ConfUtils.java:logGet(46)) - raft.server.notification.no-leader.timeout = 120s (custom)
2023-07-05 13:43:54,082 [om1-groupManagement] INFO  server.RaftServerConfigKeys (ConfUtils.java:logGet(46)) - raft.server.read.timeout = 10s (default)
2023-07-05 13:43:54,083 [om1-groupManagement] INFO  server.RaftServerConfigKeys (ConfUtils.java:logGet(46)) - raft.server.retrycache.expirytime = 300s (custom)
2023-07-05 13:43:54,083 [om1-groupManagement] INFO  server.RaftServerConfigKeys (ConfUtils.java:logGet(46)) - raft.server.retrycache.statistics.expirytime = 100μs (default)
2023-07-05 13:43:54,083 [om1-groupManagement] INFO  server.RaftServerConfigKeys (ConfUtils.java:logGet(46)) - raft.server.read.option = DEFAULT (default)
2023-07-05 13:43:54,083 [om1-groupManagement] INFO  server.RaftServerConfigKeys (ConfUtils.java:logGet(46)) - raft.server.rpc.request.timeout = 3000ms (default)
2023-07-05 13:43:54,083 [om1-groupManagement] INFO  server.RaftServerConfigKeys (ConfUtils.java:logGet(46)) - raft.server.log.appender.install.snapshot.enabled = false (custom)
2023-07-05 13:43:54,083 [om1-groupManagement] INFO  server.RaftServerConfigKeys (ConfUtils.java:logGet(46)) - raft.server.threadpool.server.cached = true (default)
2023-07-05 13:43:54,083 [om1-groupManagement] INFO  server.RaftServerConfigKeys (ConfUtils.java:logGet(46)) - raft.server.threadpool.server.size = 0 (default)
2023-07-05 13:43:54,083 [om1-groupManagement] INFO  server.RaftServerConfigKeys (ConfUtils.java:logGet(46)) - raft.server.threadpool.client.cached = true (default)
2023-07-05 13:43:54,083 [om1-groupManagement] INFO  server.RaftServerConfigKeys (ConfUtils.java:logGet(46)) - raft.server.threadpool.client.size = 0 (default)
2023-07-05 13:43:54,520 [Time-limited test] INFO  reflections.Reflections (Reflections.java:scan(232)) - Reflections took 430 ms to scan 19 urls, producing 70 keys and 5514 values [using 2 cores]
2023-07-05 13:43:54,522 [Time-limited test] INFO  ipc.CallQueueManager (CallQueueManager.java:<init>(90)) - Using callQueue: class java.util.concurrent.LinkedBlockingQueue, queueCapacity: 2000, scheduler: class org.apache.hadoop.ipc.DefaultRpcScheduler, ipcBackoff: false.
2023-07-05 13:43:54,522 [Time-limited test] INFO  ipc.Server (Server.java:<init>(1287)) - Listener at 127.0.0.1:15163
2023-07-05 13:43:54,523 [Socket Reader #1 for port 15163] INFO  ipc.Server (Server.java:run(1323)) - Starting Socket Reader #1 for port 15163
2023-07-05 13:43:54,553 [Time-limited test] INFO  impl.MetricsSystemImpl (MetricsSystemImpl.java:init(158)) - OzoneManager metrics system started (again)
2023-07-05 13:43:54,569 [Time-limited test] INFO  om.OzoneManager (OzoneManager.java:start(1617)) - OzoneManager RPC server is listening at localhost/127.0.0.1:15163
2023-07-05 13:43:54,570 [Time-limited test] INFO  ratis.OzoneManagerRatisServer (OzoneManagerRatisServer.java:start(558)) - Starting OzoneManagerRatisServer om1 at port 15166
2023-07-05 13:43:54,570 [om1-impl-thread1] INFO  storage.RaftStorageDirectory (RaftStorageDirectoryImpl.java:analyzeStorage(137)) - The storage directory /home/runner/work/ozone/ozone/hadoop-ozone/integration-test/target/test-dir/MiniOzoneClusterImpl-de398c68-44fd-4973-9846-b14d0f209e8c/ozone-meta/ratis/bf265839-605b-3f16-9796-c5ba1605619e does not exist. Creating ...
2023-07-05 13:43:54,575 [om1-impl-thread1] INFO  storage.RaftStorageDirectory (RaftStorageDirectoryImpl.java:tryLock(231)) - Lock on /home/runner/work/ozone/ozone/hadoop-ozone/integration-test/target/test-dir/MiniOzoneClusterImpl-de398c68-44fd-4973-9846-b14d0f209e8c/ozone-meta/ratis/bf265839-605b-3f16-9796-c5ba1605619e/in_use.lock acquired by nodename 25537@fv-az264-29
2023-07-05 13:43:54,577 [om1-impl-thread1] INFO  storage.RaftStorage (RaftStorageImpl.java:format(96)) - Storage directory /home/runner/work/ozone/ozone/hadoop-ozone/integration-test/target/test-dir/MiniOzoneClusterImpl-de398c68-44fd-4973-9846-b14d0f209e8c/ozone-meta/ratis/bf265839-605b-3f16-9796-c5ba1605619e has been successfully formatted.
2023-07-05 13:43:54,577 [om1-impl-thread1] INFO  server.RaftServerConfigKeys (ConfUtils.java:logGet(46)) - raft.server.log.use.memory = false (default)
2023-07-05 13:43:54,577 [om1-impl-thread1] INFO  server.RaftServerConfigKeys (ConfUtils.java:logGet(46)) - raft.server.log.purge.gap = 1000000 (custom)
2023-07-05 13:43:54,577 [om1-impl-thread1] INFO  server.RaftServerConfigKeys (ConfUtils.java:logGet(46)) - raft.server.log.appender.buffer.byte-limit = 33554432 (custom)
2023-07-05 13:43:54,577 [om1-impl-thread1] INFO  server.RaftServerConfigKeys (ConfUtils.java:logGet(46)) - raft.server.log.statemachine.data.read.timeout = 1000ms (default)
2023-07-05 13:43:54,577 [om1-impl-thread1] INFO  server.RaftServerConfigKeys (ConfUtils.java:logGet(46)) - raft.server.log.purge.preservation.log.num = 0 (default)
2023-07-05 13:43:54,577 [om1-impl-thread1] INFO  server.RaftServerConfigKeys (ConfUtils.java:logGet(46)) - raft.server.log.segment.size.max = 4194304 (custom)
2023-07-05 13:43:54,577 [om1-impl-thread1] INFO  server.RaftServerConfigKeys (ConfUtils.java:logGet(46)) - raft.server.log.segment.cache.num.max = 2 (custom)
2023-07-05 13:43:54,577 [om1-impl-thread1] INFO  server.RaftServerConfigKeys (ConfUtils.java:logGet(46)) - raft.server.log.segment.cache.size.max = 200MB (=209715200) (default)
2023-07-05 13:43:54,578 [om1-impl-thread1] INFO  server.RaftServerConfigKeys (ConfUtils.java:logGet(46)) - raft.server.log.appender.buffer.byte-limit = 33554432 (custom)
2023-07-05 13:43:54,578 [om1-impl-thread1] INFO  segmented.SegmentedRaftLogWorker (SegmentedRaftLogWorker.java:<init>(188)) - new om1@group-C5BA1605619E-SegmentedRaftLogWorker for RaftStorageImpl:Storage Directory /home/runner/work/ozone/ozone/hadoop-ozone/integration-test/target/test-dir/MiniOzoneClusterImpl-de398c68-44fd-4973-9846-b14d0f209e8c/ozone-meta/ratis/bf265839-605b-3f16-9796-c5ba1605619e
2023-07-05 13:43:54,578 [om1-impl-thread1] INFO  server.RaftServerConfigKeys (ConfUtils.java:logGet(46)) - raft.server.log.queue.byte-limit = 64MB (=67108864) (default)
2023-07-05 13:43:54,578 [om1-impl-thread1] INFO  server.RaftServerConfigKeys (ConfUtils.java:logGet(46)) - raft.server.log.queue.element-limit = 4096 (default)
2023-07-05 13:43:54,578 [om1-impl-thread1] INFO  server.RaftServerConfigKeys (ConfUtils.java:logGet(46)) - raft.server.log.segment.size.max = 4194304 (custom)
2023-07-05 13:43:54,578 [om1-impl-thread1] INFO  server.RaftServerConfigKeys (ConfUtils.java:logGet(46)) - raft.server.log.preallocated.size = 4194304 (custom)
2023-07-05 13:43:54,578 [om1-impl-thread1] INFO  server.RaftServerConfigKeys (ConfUtils.java:logGet(46)) - raft.server.log.force.sync.num = 128 (default)
2023-07-05 13:43:54,578 [om1-impl-thread1] INFO  server.RaftServerConfigKeys (ConfUtils.java:logGet(46)) - raft.server.log.statemachine.data.sync = true (default)
2023-07-05 13:43:54,578 [om1-impl-thread1] INFO  server.RaftServerConfigKeys (ConfUtils.java:logGet(46)) - raft.server.log.statemachine.data.sync.timeout = 10s (default)
2023-07-05 13:43:54,578 [om1-impl-thread1] INFO  server.RaftServerConfigKeys (ConfUtils.java:logGet(46)) - raft.server.log.statemachine.data.sync.timeout.retry = -1 (default)
2023-07-05 13:43:54,580 [om1-impl-thread1] INFO  server.RaftServerConfigKeys (ConfUtils.java:logGet(46)) - raft.server.log.write.buffer.size = 64KB (=65536) (default)
2023-07-05 13:43:54,580 [om1-impl-thread1] INFO  server.RaftServerConfigKeys (ConfUtils.java:logGet(46)) - raft.server.log.appender.buffer.byte-limit = 33554432 (custom)
2023-07-05 13:43:54,586 [om1-impl-thread1] INFO  server.RaftServerConfigKeys (ConfUtils.java:logGet(46)) - raft.server.log.unsafe-flush.enabled = false (default)
2023-07-05 13:43:54,586 [om1-impl-thread1] INFO  server.RaftServerConfigKeys (ConfUtils.java:logGet(46)) - raft.server.log.async-flush.enabled = false (default)
2023-07-05 13:43:54,586 [om1-impl-thread1] INFO  server.RaftServerConfigKeys (ConfUtils.java:logGet(46)) - raft.server.log.statemachine.data.caching.enabled = false (default)
2023-07-05 13:43:54,586 [om1-impl-thread1] INFO  segmented.SegmentedRaftLogWorker (SegmentedRaftLogWorker.java:lambda$new$0(135)) - om1@group-C5BA1605619E-SegmentedRaftLogWorker: flushIndex: setUnconditionally 0 -> -1
2023-07-05 13:43:54,586 [om1-impl-thread1] INFO  segmented.SegmentedRaftLogWorker (SegmentedRaftLogWorker.java:lambda$new$0(135)) - om1@group-C5BA1605619E-SegmentedRaftLogWorker: safeCacheEvictIndex: setUnconditionally 0 -> -1
2023-07-05 13:43:54,588 [om1-impl-thread1] INFO  server.RaftServer$Division (RaftServerImpl.java:start(342)) - om1@group-C5BA1605619E: start as a follower, conf=-1: peers:[om1|rpc:localhost:15166|priority:0|startupRole:FOLLOWER]|listeners:[], old=null
2023-07-05 13:43:54,589 [om1-impl-thread1] INFO  server.RaftServer$Division (RaftServerImpl.java:setRole(329)) - om1@group-C5BA1605619E: changes role from      null to FOLLOWER at term 0 for startAsFollower
2023-07-05 13:43:54,589 [om1-impl-thread1] INFO  impl.RoleInfo (RoleInfo.java:updateAndGet(139)) - om1: start om1@group-C5BA1605619E-FollowerState
2023-07-05 13:43:54,589 [om1-impl-thread1] INFO  util.JmxRegister (JmxRegister.java:tryRegister(44)) - Successfully registered JMX Bean with object name Ratis:service=RaftServer,group=group-C5BA1605619E,id=om1
2023-07-05 13:43:54,589 [om1-impl-thread1] INFO  server.RaftServerConfigKeys (ConfUtils.java:logGet(46)) - raft.server.snapshot.auto.trigger.enabled = true (custom)
2023-07-05 13:43:54,589 [om1-impl-thread1] INFO  server.RaftServerConfigKeys (ConfUtils.java:logGet(46)) - raft.server.snapshot.auto.trigger.threshold = 400000 (default)
2023-07-05 13:43:54,589 [om1-impl-thread1] INFO  server.RaftServerConfigKeys (ConfUtils.java:logGet(46)) - raft.server.snapshot.retention.file.num = -1 (default)
2023-07-05 13:43:54,589 [om1-impl-thread1] INFO  server.RaftServerConfigKeys (ConfUtils.java:logGet(46)) - raft.server.log.purge.upto.snapshot.index = true (custom)
2023-07-05 13:43:54,590 [om1@group-C5BA1605619E-FollowerState] INFO  server.RaftServerConfigKeys (ConfUtils.java:logFallback(53)) - raft.server.rpc.first-election.timeout.min = 1s (fallback to raft.server.rpc.timeout.min)
2023-07-05 13:43:54,590 [om1@group-C5BA1605619E-FollowerState] INFO  server.RaftServerConfigKeys (ConfUtils.java:logFallback(53)) - raft.server.rpc.first-election.timeout.max = 1200ms (fallback to raft.server.rpc.timeout.max)
2023-07-05 13:43:54,590 [Time-limited test] INFO  server.RaftServer (RaftServerProxy.java:startImpl(400)) - om1: start RPC server
2023-07-05 13:43:54,596 [Time-limited test] INFO  server.GrpcService (GrpcService.java:startImpl(302)) - om1: GrpcService started, listening on 15166
2023-07-05 13:43:54,596 [Time-limited test] INFO  om.OzoneManager (OzoneManager.java:start(1633)) - Version File has different layout version (6) than OM DB (null). That is expected if this OM has never been finalized to a newer layout version.
2023-07-05 13:43:54,598 [JvmPauseMonitor22] INFO  util.JvmPauseMonitor (JvmPauseMonitor.java:run(103)) - JvmPauseMonitor-om1: Started
2023-07-05 13:43:54,603 [Time-limited test] INFO  http.BaseHttpServer (BaseHttpServer.java:newHttpServer2BuilderForOzone(224)) - Starting Web-server for ozoneManager at: http://0.0.0.0:15164
2023-07-05 13:43:54,603 [Time-limited test] INFO  http.BaseHttpServer (BaseHttpServer.java:<init>(111)) - Hadoop Security Enabled: false Ozone Security Enabled: false Ozone HTTP Security Enabled: false 
2023-07-05 13:43:54,604 [Time-limited test] WARN  server.AuthenticationFilter (AuthenticationFilter.java:constructSecretProvider(240)) - Unable to initialize FileSignerSecretProvider, falling back to use random secrets. Reason: Could not read signature secret file: /home/runner/hadoop-http-auth-signature-secret
2023-07-05 13:43:54,607 [Time-limited test] INFO  http.HttpRequestLog (HttpRequestLog.java:getRequestLog(86)) - Http request log for http.requests.ozoneManager is not defined
2023-07-05 13:43:54,608 [Time-limited test] INFO  http.HttpServer2 (HttpServer2.java:addGlobalFilter(1031)) - Added global filter 'safety' (class=org.apache.hadoop.hdds.server.http.HttpServer2$QuotingInputFilter)
2023-07-05 13:43:54,608 [Time-limited test] INFO  http.HttpServer2 (HttpServer2.java:addFilter(1007)) - Added filter static_user_filter (class=org.apache.hadoop.http.lib.StaticUserWebFilter$StaticUserFilter) to context ozoneManager
2023-07-05 13:43:54,608 [Time-limited test] INFO  http.HttpServer2 (HttpServer2.java:addFilter(1015)) - Added filter static_user_filter (class=org.apache.hadoop.http.lib.StaticUserWebFilter$StaticUserFilter) to context static
2023-07-05 13:43:54,609 [Time-limited test] INFO  http.HttpServer2 (HttpServer2.java:addFilter(1015)) - Added filter static_user_filter (class=org.apache.hadoop.http.lib.StaticUserWebFilter$StaticUserFilter) to context logs
2023-07-05 13:43:54,609 [Time-limited test] INFO  http.BaseHttpServer (BaseHttpServer.java:<init>(190)) - HTTP server of ozoneManager uses base directory /home/runner/work/ozone/ozone/hadoop-ozone/integration-test/target/test-dir/MiniOzoneClusterImpl-de398c68-44fd-4973-9846-b14d0f209e8c/ozone-meta/webserver
2023-07-05 13:43:54,609 [Time-limited test] INFO  http.HttpServer2 (HttpServer2.java:bindListener(1250)) - Jetty bound to port 15164
2023-07-05 13:43:54,609 [Time-limited test] INFO  server.Server (Server.java:doStart(375)) - jetty-9.4.51.v20230217; built: 2023-02-17T08:19:37.309Z; git: b45c405e4544384de066f814ed42ae3dceacdd49; jvm 1.8.0_372-b07
2023-07-05 13:43:54,611 [Time-limited test] INFO  server.session (DefaultSessionIdManager.java:doStart(334)) - DefaultSessionIdManager workerName=node0
2023-07-05 13:43:54,611 [Time-limited test] INFO  server.session (DefaultSessionIdManager.java:doStart(339)) - No SessionScavenger set, using defaults
2023-07-05 13:43:54,611 [Time-limited test] INFO  server.session (HouseKeeper.java:startScavenging(132)) - node0 Scavenging every 600000ms
2023-07-05 13:43:54,612 [ReplicationMonitor] INFO  replication.ReplicationManager (ReplicationManager.java:processAll(361)) - Replication Manager is not ready to run until 3000ms after safemode exit
2023-07-05 13:43:54,614 [Time-limited test] INFO  handler.ContextHandler (ContextHandler.java:doStart(921)) - Started o.e.j.s.ServletContextHandler@5cac4216{logs,/logs,file:///home/runner/work/ozone/ozone/hadoop-ozone/integration-test/target/log,AVAILABLE}
2023-07-05 13:43:54,615 [Time-limited test] INFO  handler.ContextHandler (ContextHandler.java:doStart(921)) - Started o.e.j.s.ServletContextHandler@4aa76462{static,/static,file:///home/runner/work/ozone/ozone/hadoop-ozone/integration-test/target/test-classes/webapps/static,AVAILABLE}
2023-07-05 13:43:54,617 [Time-limited test] INFO  handler.ContextHandler (ContextHandler.java:doStart(921)) - Started o.e.j.w.WebAppContext@6e037e77{ozoneManager,/,file:///home/runner/work/ozone/ozone/hadoop-ozone/integration-test/target/test-classes/webapps/ozoneManager/,AVAILABLE}{file:/home/runner/work/ozone/ozone/hadoop-ozone/integration-test/target/test-classes/webapps/ozoneManager}
2023-07-05 13:43:54,618 [Time-limited test] INFO  server.AbstractConnector (AbstractConnector.java:doStart(333)) - Started ServerConnector@6ed15d71{HTTP/1.1, (http/1.1)}{0.0.0.0:15164}
2023-07-05 13:43:54,618 [Time-limited test] INFO  server.Server (Server.java:doStart(415)) - Started @143905ms
2023-07-05 13:43:54,618 [Time-limited test] WARN  impl.MetricsSystemImpl (MetricsSystemImpl.java:register(279)) - Sink prometheus already exists!
2023-07-05 13:43:54,619 [Time-limited test] INFO  http.BaseHttpServer (BaseHttpServer.java:updateConnectorAddress(344)) - HTTP server of ozoneManager listening at http://0.0.0.0:15164
2023-07-05 13:43:54,622 [IPC Server Responder] INFO  ipc.Server (Server.java:run(1562)) - IPC Server Responder: starting
2023-07-05 13:43:54,622 [IPC Server listener on 15163] INFO  ipc.Server (Server.java:run(1402)) - IPC Server listener on 15163: starting
2023-07-05 13:43:54,624 [Time-limited test] INFO  om.OzoneManager (OzoneManager.java:startTrashEmptier(2092)) - Trash Interval set to 0. Files deleted won't move to trash
2023-07-05 13:43:54,642 [Time-limited test] WARN  impl.MetricRegistriesImpl (MetricRegistriesImpl.java:addReporterRegistration(111)) - New reporters are added after registries were created. Some metrics will be missing from the reporter. Please add reporter before adding any new registry.
2023-07-05 13:43:54,643 [Time-limited test] WARN  impl.MetricRegistriesImpl (MetricRegistriesImpl.java:addReporterRegistration(111)) - New reporters are added after registries were created. Some metrics will be missing from the reporter. Please add reporter before adding any new registry.
2023-07-05 13:43:54,643 [Time-limited test] INFO  impl.MetricsSystemImpl (MetricsSystemImpl.java:init(158)) - HddsDatanode metrics system started (again)
2023-07-05 13:43:54,655 [Time-limited test] INFO  ozone.HddsDatanodeService (HddsDatanodeService.java:start(237)) - HddsDatanodeService host:fv-az264-29.ca02foy5wcnuvlrvrz2wi3p2og.dx.internal.cloudapp.net ip:10.1.0.13
2023-07-05 13:43:54,687 [Time-limited test] INFO  upgrade.AbstractLayoutVersionManager (AbstractLayoutVersionManager.java:init(83)) - Initializing Layout version manager with metadata layout = HADOOP_PRC_PORTS_IN_DATANODEDETAILS (version = 7), software layout = HADOOP_PRC_PORTS_IN_DATANODEDETAILS (version = 7)
2023-07-05 13:43:54,688 [Time-limited test] INFO  statemachine.DatanodeStateMachine (DatanodeStateMachine.java:getEndPointTaskThreadPoolSize(279)) - Datanode State Machine Task Thread Pool size 2
2023-07-05 13:43:54,689 [Time-limited test] INFO  volume.HddsVolume (HddsVolume.java:<init>(133)) - Creating HddsVolume: /home/runner/work/ozone/ozone/hadoop-ozone/integration-test/target/test-dir/MiniOzoneClusterImpl-de398c68-44fd-4973-9846-b14d0f209e8c/datanode-0/data-0/containers/hdds of storage type : DISK capacity : 9223372036854775807
2023-07-05 13:43:54,689 [Time-limited test] INFO  volume.MutableVolumeSet (MutableVolumeSet.java:initializeVolumeSet(175)) - Added Volume : /home/runner/work/ozone/ozone/hadoop-ozone/integration-test/target/test-dir/MiniOzoneClusterImpl-de398c68-44fd-4973-9846-b14d0f209e8c/datanode-0/data-0/containers/hdds to VolumeSet
2023-07-05 13:43:54,690 [Time-limited test] INFO  volume.ThrottledAsyncChecker (ThrottledAsyncChecker.java:schedule(141)) - Scheduling a check for /home/runner/work/ozone/ozone/hadoop-ozone/integration-test/target/test-dir/MiniOzoneClusterImpl-de398c68-44fd-4973-9846-b14d0f209e8c/datanode-0/data-0/containers/hdds
2023-07-05 13:43:54,690 [Time-limited test] INFO  volume.StorageVolumeChecker (StorageVolumeChecker.java:checkAllVolumes(202)) - Scheduled health check for volume /home/runner/work/ozone/ozone/hadoop-ozone/integration-test/target/test-dir/MiniOzoneClusterImpl-de398c68-44fd-4973-9846-b14d0f209e8c/datanode-0/data-0/containers/hdds
2023-07-05 13:43:54,693 [Time-limited test] INFO  volume.MutableVolumeSet (MutableVolumeSet.java:initializeVolumeSet(175)) - Added Volume : /home/runner/work/ozone/ozone/hadoop-ozone/integration-test/target/test-dir/MiniOzoneClusterImpl-de398c68-44fd-4973-9846-b14d0f209e8c/datanode-0/data/ratis to VolumeSet
2023-07-05 13:43:54,693 [Time-limited test] INFO  volume.ThrottledAsyncChecker (ThrottledAsyncChecker.java:schedule(141)) - Scheduling a check for /home/runner/work/ozone/ozone/hadoop-ozone/integration-test/target/test-dir/MiniOzoneClusterImpl-de398c68-44fd-4973-9846-b14d0f209e8c/datanode-0/data/ratis
2023-07-05 13:43:54,693 [Time-limited test] INFO  volume.StorageVolumeChecker (StorageVolumeChecker.java:checkAllVolumes(202)) - Scheduled health check for volume /home/runner/work/ozone/ozone/hadoop-ozone/integration-test/target/test-dir/MiniOzoneClusterImpl-de398c68-44fd-4973-9846-b14d0f209e8c/datanode-0/data/ratis
2023-07-05 13:43:54,696 [Thread-1914] INFO  ozoneimpl.ContainerReader (ContainerReader.java:readVolume(175)) - Finish verifying containers on volume /home/runner/work/ozone/ozone/hadoop-ozone/integration-test/target/test-dir/MiniOzoneClusterImpl-de398c68-44fd-4973-9846-b14d0f209e8c/datanode-0/data-0/containers/hdds
2023-07-05 13:43:54,696 [Time-limited test] INFO  ozoneimpl.OzoneContainer (OzoneContainer.java:buildContainerSet(316)) - Build ContainerSet costs 0s
2023-07-05 13:43:54,698 [Time-limited test] INFO  server.RaftServer (ConfUtils.java:logGet(46)) - raft.rpc.type = GRPC (default)
2023-07-05 13:43:54,698 [Time-limited test] INFO  grpc.GrpcConfigKeys (ConfUtils.java:logFallback(53)) - raft.grpc.admin.host = null (fallback to raft.grpc.server.host)
2023-07-05 13:43:54,698 [Time-limited test] INFO  grpc.GrpcConfigKeys (ConfUtils.java:logGet(46)) - raft.grpc.admin.port = 15172 (custom)
2023-07-05 13:43:54,699 [Time-limited test] INFO  grpc.GrpcConfigKeys (ConfUtils.java:logFallback(53)) - raft.grpc.client.host = null (fallback to raft.grpc.server.host)
2023-07-05 13:43:54,699 [Time-limited test] INFO  grpc.GrpcConfigKeys (ConfUtils.java:logGet(46)) - raft.grpc.client.port = 15171 (custom)
2023-07-05 13:43:54,699 [Time-limited test] INFO  grpc.GrpcConfigKeys (ConfUtils.java:logGet(46)) - raft.grpc.server.host = null (default)
2023-07-05 13:43:54,699 [Time-limited test] INFO  grpc.GrpcConfigKeys (ConfUtils.java:logGet(46)) - raft.grpc.server.port = 15173 (custom)
2023-07-05 13:43:54,699 [Time-limited test] INFO  server.GrpcService (ConfUtils.java:logGet(46)) - raft.grpc.message.size.max = 32MB (=33554432) (custom)
2023-07-05 13:43:54,699 [Time-limited test] INFO  server.RaftServerConfigKeys (ConfUtils.java:logGet(46)) - raft.server.log.appender.buffer.byte-limit = 33554432 (custom)
2023-07-05 13:43:54,699 [Time-limited test] INFO  server.GrpcService (ConfUtils.java:logGet(46)) - raft.grpc.flow.control.window = 5MB (=5242880) (custom)
2023-07-05 13:43:54,699 [Time-limited test] INFO  server.RaftServerConfigKeys (ConfUtils.java:logGet(46)) - raft.server.rpc.request.timeout = 60s (custom)
2023-07-05 13:43:54,699 [Time-limited test] INFO  grpc.GrpcConfigKeys (ConfUtils.java:logGet(46)) - raft.grpc.server.heartbeat.channel = true (default)
2023-07-05 13:43:54,699 [Time-limited test] INFO  grpc.GrpcConfigKeys (ConfUtils.java:logGet(46)) - raft.grpc.server.async.request.thread.pool.cached = true (default)
2023-07-05 13:43:54,699 [Time-limited test] INFO  grpc.GrpcConfigKeys (ConfUtils.java:logGet(46)) - raft.grpc.server.async.request.thread.pool.size = 32 (default)
2023-07-05 13:43:54,702 [Time-limited test] INFO  impl.DataStreamServerImpl (ConfUtils.java:logGet(46)) - raft.datastream.type = NETTY (custom)
2023-07-05 13:43:54,702 [Time-limited test] INFO  server.RaftServerConfigKeys (ConfUtils.java:logGet(46)) - raft.server.data-stream.async.request.thread.pool.cached = false (default)
2023-07-05 13:43:54,703 [Time-limited test] INFO  server.RaftServerConfigKeys (ConfUtils.java:logGet(46)) - raft.server.data-stream.async.request.thread.pool.size = 20 (custom)
2023-07-05 13:43:54,703 [Time-limited test] INFO  server.RaftServerConfigKeys (ConfUtils.java:logGet(46)) - raft.server.data-stream.async.write.thread.pool.size = 16 (default)
2023-07-05 13:43:54,703 [Time-limited test] INFO  server.RaftServerConfigKeys (ConfUtils.java:logGet(46)) - raft.server.data-stream.client.pool.size = 10 (default)
2023-07-05 13:43:54,703 [Time-limited test] INFO  netty.NettyConfigKeys$DataStream (ConfUtils.java:logGet(46)) - raft.netty.dataStream.server.use-epoll = false (default)
2023-07-05 13:43:54,703 [Time-limited test] INFO  netty.NettyConfigKeys$DataStream (ConfUtils.java:logGet(46)) - raft.netty.dataStream.server.boss-group.size = 0 (default)
2023-07-05 13:43:54,703 [Time-limited test] INFO  netty.NettyConfigKeys$DataStream (ConfUtils.java:logGet(46)) - raft.netty.dataStream.server.worker-group.size = 0 (default)
2023-07-05 13:43:54,704 [Time-limited test] INFO  netty.NettyConfigKeys$DataStream (ConfUtils.java:logGet(46)) - raft.netty.dataStream.server.tls.conf = null (default)
2023-07-05 13:43:54,704 [Time-limited test] INFO  netty.NettyConfigKeys$DataStream (ConfUtils.java:logGet(46)) - raft.netty.dataStream.host = null (default)
2023-07-05 13:43:54,704 [Time-limited test] INFO  netty.NettyConfigKeys$DataStream (ConfUtils.java:logGet(46)) - raft.netty.dataStream.port = 15174 (custom)
2023-07-05 13:43:54,705 [Time-limited test] INFO  server.RaftServerConfigKeys (ConfUtils.java:logGet(46)) - raft.server.threadpool.proxy.cached = true (default)
2023-07-05 13:43:54,705 [Time-limited test] INFO  server.RaftServerConfigKeys (ConfUtils.java:logGet(46)) - raft.server.threadpool.proxy.size = 0 (default)
2023-07-05 13:43:54,705 [Time-limited test] INFO  server.RaftServerConfigKeys (ConfUtils.java:logGet(46)) - raft.server.rpc.slowness.timeout = 300s (custom)
2023-07-05 13:43:54,705 [Time-limited test] INFO  server.RaftServerConfigKeys (ConfUtils.java:logGet(46)) - raft.server.leaderelection.leader.step-down.wait-time = 10s (default)
2023-07-05 13:43:54,705 [Time-limited test] INFO  server.RaftServerConfigKeys (ConfUtils.java:logGet(46)) - raft.server.storage.dir = [/home/runner/work/ozone/ozone/hadoop-ozone/integration-test/target/test-dir/MiniOzoneClusterImpl-de398c68-44fd-4973-9846-b14d0f209e8c/datanode-0/data/ratis] (custom)
2023-07-05 13:43:54,705 [67a76afe-b765-42e9-b514-f84c102d0c02-NettyServerStreamRpc-bossGroup--thread1] INFO  logging.LoggingHandler (AbstractInternalLogger.java:log(148)) - [id: 0xb1c34010] REGISTERED
2023-07-05 13:43:54,706 [67a76afe-b765-42e9-b514-f84c102d0c02-NettyServerStreamRpc-bossGroup--thread1] INFO  logging.LoggingHandler (AbstractInternalLogger.java:log(148)) - [id: 0xb1c34010] BIND: 0.0.0.0/0.0.0.0:15174
2023-07-05 13:43:54,706 [67a76afe-b765-42e9-b514-f84c102d0c02-NettyServerStreamRpc-bossGroup--thread1] INFO  logging.LoggingHandler (AbstractInternalLogger.java:log(148)) - [id: 0xb1c34010, L:/0:0:0:0:0:0:0:0:15174] ACTIVE
2023-07-05 13:43:54,707 [Time-limited test] INFO  server.XceiverServerGrpc (XceiverServerGrpc.java:<init>(132)) - GrpcServer channel type EpollServerSocketChannel
2023-07-05 13:43:54,709 [Time-limited test] INFO  replication.ReplicationSupervisor (ReplicationSupervisor.java:nodeStateUpdated(305)) - Node state updated to IN_SERVICE, scaling executor pool size to 10
2023-07-05 13:43:54,713 [Time-limited test] INFO  http.BaseHttpServer (BaseHttpServer.java:newHttpServer2BuilderForOzone(224)) - Starting Web-server for hddsDatanode at: http://0.0.0.0:15168
2023-07-05 13:43:54,713 [Time-limited test] INFO  http.BaseHttpServer (BaseHttpServer.java:<init>(111)) - Hadoop Security Enabled: false Ozone Security Enabled: false Ozone HTTP Security Enabled: false 
2023-07-05 13:43:54,714 [Time-limited test] WARN  server.AuthenticationFilter (AuthenticationFilter.java:constructSecretProvider(240)) - Unable to initialize FileSignerSecretProvider, falling back to use random secrets. Reason: Could not read signature secret file: /home/runner/hadoop-http-auth-signature-secret
2023-07-05 13:43:54,715 [Time-limited test] INFO  http.HttpRequestLog (HttpRequestLog.java:getRequestLog(86)) - Http request log for http.requests.hddsDatanode is not defined
2023-07-05 13:43:54,717 [Time-limited test] INFO  http.HttpServer2 (HttpServer2.java:addGlobalFilter(1031)) - Added global filter 'safety' (class=org.apache.hadoop.hdds.server.http.HttpServer2$QuotingInputFilter)
2023-07-05 13:43:54,717 [Time-limited test] INFO  http.HttpServer2 (HttpServer2.java:addFilter(1007)) - Added filter static_user_filter (class=org.apache.hadoop.http.lib.StaticUserWebFilter$StaticUserFilter) to context hddsDatanode
2023-07-05 13:43:54,717 [Time-limited test] INFO  http.HttpServer2 (HttpServer2.java:addFilter(1015)) - Added filter static_user_filter (class=org.apache.hadoop.http.lib.StaticUserWebFilter$StaticUserFilter) to context logs
2023-07-05 13:43:54,717 [Time-limited test] INFO  http.HttpServer2 (HttpServer2.java:addFilter(1015)) - Added filter static_user_filter (class=org.apache.hadoop.http.lib.StaticUserWebFilter$StaticUserFilter) to context static
2023-07-05 13:43:54,718 [Time-limited test] INFO  http.BaseHttpServer (BaseHttpServer.java:<init>(190)) - HTTP server of hddsDatanode uses base directory /home/runner/work/ozone/ozone/hadoop-ozone/integration-test/target/test-dir/MiniOzoneClusterImpl-de398c68-44fd-4973-9846-b14d0f209e8c/datanode-0/meta/webserver
2023-07-05 13:43:54,719 [Time-limited test] INFO  http.HttpServer2 (HttpServer2.java:bindListener(1250)) - Jetty bound to port 15168
2023-07-05 13:43:54,719 [Time-limited test] INFO  server.Server (Server.java:doStart(375)) - jetty-9.4.51.v20230217; built: 2023-02-17T08:19:37.309Z; git: b45c405e4544384de066f814ed42ae3dceacdd49; jvm 1.8.0_372-b07
2023-07-05 13:43:54,720 [Time-limited test] INFO  server.session (DefaultSessionIdManager.java:doStart(334)) - DefaultSessionIdManager workerName=node0
2023-07-05 13:43:54,720 [Time-limited test] INFO  server.session (DefaultSessionIdManager.java:doStart(339)) - No SessionScavenger set, using defaults
2023-07-05 13:43:54,720 [Time-limited test] INFO  server.session (HouseKeeper.java:startScavenging(132)) - node0 Scavenging every 660000ms
2023-07-05 13:43:54,721 [Time-limited test] INFO  handler.ContextHandler (ContextHandler.java:doStart(921)) - Started o.e.j.s.ServletContextHandler@477352ec{logs,/logs,file:///home/runner/work/ozone/ozone/hadoop-ozone/integration-test/target/log,AVAILABLE}
2023-07-05 13:43:54,721 [Time-limited test] INFO  handler.ContextHandler (ContextHandler.java:doStart(921)) - Started o.e.j.s.ServletContextHandler@533a66c{static,/static,jar:file:/home/runner/.m2/repository/org/apache/ozone/hdds-container-service/1.4.0-SNAPSHOT/hdds-container-service-1.4.0-SNAPSHOT.jar!/webapps/static,AVAILABLE}
2023-07-05 13:43:54,950 [Time-limited test] INFO  handler.ContextHandler (ContextHandler.java:doStart(921)) - Started o.e.j.w.WebAppContext@4310a8e8{hddsDatanode,/,file:///home/runner/work/ozone/ozone/hadoop-ozone/integration-test/target/test-dir/MiniOzoneClusterImpl-de398c68-44fd-4973-9846-b14d0f209e8c/datanode-0/meta/webserver/jetty-0_0_0_0-15168-hdds-container-service-1_4_0-SNAPSHOT_jar-_-any-5354421491291161919/webapp/,AVAILABLE}{jar:file:/home/runner/.m2/repository/org/apache/ozone/hdds-container-service/1.4.0-SNAPSHOT/hdds-container-service-1.4.0-SNAPSHOT.jar!/webapps/hddsDatanode}
2023-07-05 13:43:54,952 [Time-limited test] INFO  server.AbstractConnector (AbstractConnector.java:doStart(333)) - Started ServerConnector@7ec4dd9f{HTTP/1.1, (http/1.1)}{0.0.0.0:15168}
2023-07-05 13:43:54,952 [Time-limited test] INFO  server.Server (Server.java:doStart(415)) - Started @144238ms
2023-07-05 13:43:54,952 [Time-limited test] WARN  impl.MetricsSystemImpl (MetricsSystemImpl.java:register(279)) - Sink prometheus already exists!
2023-07-05 13:43:54,953 [Time-limited test] INFO  http.BaseHttpServer (BaseHttpServer.java:updateConnectorAddress(344)) - HTTP server of hddsDatanode listening at http://0.0.0.0:15168
2023-07-05 13:43:54,953 [Time-limited test] INFO  ipc.CallQueueManager (CallQueueManager.java:<init>(90)) - Using callQueue: class java.util.concurrent.LinkedBlockingQueue, queueCapacity: 100, scheduler: class org.apache.hadoop.ipc.DefaultRpcScheduler, ipcBackoff: false.
2023-07-05 13:43:54,953 [Time-limited test] INFO  ipc.Server (Server.java:<init>(1287)) - Listener at 0.0.0.0:15169
2023-07-05 13:43:54,954 [Socket Reader #1 for port 15169] INFO  ipc.Server (Server.java:run(1323)) - Starting Socket Reader #1 for port 15169
2023-07-05 13:43:54,955 [Time-limited test] INFO  ozone.HddsDatanodeService (HddsDatanodeService.java:start(315)) - Datanode start with admins: [runner]
2023-07-05 13:43:54,956 [Time-limited test] INFO  ozone.HddsDatanodeClientProtocolServer (HddsDatanodeClientProtocolServer.java:start(72)) - RPC server for Client /0.0.0.0:15169
2023-07-05 13:43:54,956 [IPC Server Responder] INFO  ipc.Server (Server.java:run(1562)) - IPC Server Responder: starting
2023-07-05 13:43:54,956 [IPC Server listener on 15169] INFO  ipc.Server (Server.java:run(1402)) - IPC Server listener on 15169: starting
2023-07-05 13:43:54,959 [Datanode State Machine Daemon Thread] INFO  statemachine.DatanodeStateMachine (DatanodeStateMachine.java:lambda$startDaemon$0(531)) - Ozone container server started.
2023-07-05 13:43:54,959 [Time-limited test] WARN  impl.MetricRegistriesImpl (MetricRegistriesImpl.java:addReporterRegistration(111)) - New reporters are added after registries were created. Some metrics will be missing from the reporter. Please add reporter before adding any new registry.
2023-07-05 13:43:54,959 [Time-limited test] WARN  impl.MetricRegistriesImpl (MetricRegistriesImpl.java:addReporterRegistration(111)) - New reporters are added after registries were created. Some metrics will be missing from the reporter. Please add reporter before adding any new registry.
2023-07-05 13:43:54,959 [Time-limited test] INFO  impl.MetricsSystemImpl (MetricsSystemImpl.java:init(158)) - HddsDatanode metrics system started (again)
2023-07-05 13:43:54,973 [Time-limited test] INFO  ozone.HddsDatanodeService (HddsDatanodeService.java:start(237)) - HddsDatanodeService host:fv-az264-29.ca02foy5wcnuvlrvrz2wi3p2og.dx.internal.cloudapp.net ip:10.1.0.13
2023-07-05 13:43:54,980 [Datanode State Machine Task Thread - 0] INFO  datanode.InitDatanodeState (InitDatanodeState.java:persistContainerDatanodeDetails(138)) - DatanodeDetails is persisted to /home/runner/work/ozone/ozone/hadoop-ozone/integration-test/target/test-dir/MiniOzoneClusterImpl-de398c68-44fd-4973-9846-b14d0f209e8c/datanode-0/meta/datanode.id
2023-07-05 13:43:55,008 [Time-limited test] INFO  upgrade.AbstractLayoutVersionManager (AbstractLayoutVersionManager.java:init(83)) - Initializing Layout version manager with metadata layout = HADOOP_PRC_PORTS_IN_DATANODEDETAILS (version = 7), software layout = HADOOP_PRC_PORTS_IN_DATANODEDETAILS (version = 7)
2023-07-05 13:43:55,009 [Time-limited test] INFO  statemachine.DatanodeStateMachine (DatanodeStateMachine.java:getEndPointTaskThreadPoolSize(279)) - Datanode State Machine Task Thread Pool size 2
2023-07-05 13:43:55,010 [Time-limited test] INFO  volume.HddsVolume (HddsVolume.java:<init>(133)) - Creating HddsVolume: /home/runner/work/ozone/ozone/hadoop-ozone/integration-test/target/test-dir/MiniOzoneClusterImpl-de398c68-44fd-4973-9846-b14d0f209e8c/datanode-1/data-0/containers/hdds of storage type : DISK capacity : 9223372036854775807
2023-07-05 13:43:55,011 [Time-limited test] INFO  volume.MutableVolumeSet (MutableVolumeSet.java:initializeVolumeSet(175)) - Added Volume : /home/runner/work/ozone/ozone/hadoop-ozone/integration-test/target/test-dir/MiniOzoneClusterImpl-de398c68-44fd-4973-9846-b14d0f209e8c/datanode-1/data-0/containers/hdds to VolumeSet
2023-07-05 13:43:55,011 [Time-limited test] INFO  volume.ThrottledAsyncChecker (ThrottledAsyncChecker.java:schedule(141)) - Scheduling a check for /home/runner/work/ozone/ozone/hadoop-ozone/integration-test/target/test-dir/MiniOzoneClusterImpl-de398c68-44fd-4973-9846-b14d0f209e8c/datanode-1/data-0/containers/hdds
2023-07-05 13:43:55,013 [Time-limited test] INFO  volume.StorageVolumeChecker (StorageVolumeChecker.java:checkAllVolumes(202)) - Scheduled health check for volume /home/runner/work/ozone/ozone/hadoop-ozone/integration-test/target/test-dir/MiniOzoneClusterImpl-de398c68-44fd-4973-9846-b14d0f209e8c/datanode-1/data-0/containers/hdds
2023-07-05 13:43:55,016 [Time-limited test] INFO  volume.MutableVolumeSet (MutableVolumeSet.java:initializeVolumeSet(175)) - Added Volume : /home/runner/work/ozone/ozone/hadoop-ozone/integration-test/target/test-dir/MiniOzoneClusterImpl-de398c68-44fd-4973-9846-b14d0f209e8c/datanode-1/data/ratis to VolumeSet
2023-07-05 13:43:55,017 [Time-limited test] INFO  volume.ThrottledAsyncChecker (ThrottledAsyncChecker.java:schedule(141)) - Scheduling a check for /home/runner/work/ozone/ozone/hadoop-ozone/integration-test/target/test-dir/MiniOzoneClusterImpl-de398c68-44fd-4973-9846-b14d0f209e8c/datanode-1/data/ratis
2023-07-05 13:43:55,017 [Time-limited test] INFO  volume.StorageVolumeChecker (StorageVolumeChecker.java:checkAllVolumes(202)) - Scheduled health check for volume /home/runner/work/ozone/ozone/hadoop-ozone/integration-test/target/test-dir/MiniOzoneClusterImpl-de398c68-44fd-4973-9846-b14d0f209e8c/datanode-1/data/ratis
2023-07-05 13:43:55,020 [Thread-1931] INFO  ozoneimpl.ContainerReader (ContainerReader.java:readVolume(175)) - Finish verifying containers on volume /home/runner/work/ozone/ozone/hadoop-ozone/integration-test/target/test-dir/MiniOzoneClusterImpl-de398c68-44fd-4973-9846-b14d0f209e8c/datanode-1/data-0/containers/hdds
2023-07-05 13:43:55,020 [Time-limited test] INFO  ozoneimpl.OzoneContainer (OzoneContainer.java:buildContainerSet(316)) - Build ContainerSet costs 0s
2023-07-05 13:43:55,022 [Time-limited test] INFO  server.RaftServer (ConfUtils.java:logGet(46)) - raft.rpc.type = GRPC (default)
2023-07-05 13:43:55,022 [Time-limited test] INFO  grpc.GrpcConfigKeys (ConfUtils.java:logFallback(53)) - raft.grpc.admin.host = null (fallback to raft.grpc.server.host)
2023-07-05 13:43:55,022 [Time-limited test] INFO  grpc.GrpcConfigKeys (ConfUtils.java:logGet(46)) - raft.grpc.admin.port = 15181 (custom)
2023-07-05 13:43:55,022 [Time-limited test] INFO  grpc.GrpcConfigKeys (ConfUtils.java:logFallback(53)) - raft.grpc.client.host = null (fallback to raft.grpc.server.host)
2023-07-05 13:43:55,022 [Time-limited test] INFO  grpc.GrpcConfigKeys (ConfUtils.java:logGet(46)) - raft.grpc.client.port = 15180 (custom)
2023-07-05 13:43:55,022 [Time-limited test] INFO  grpc.GrpcConfigKeys (ConfUtils.java:logGet(46)) - raft.grpc.server.host = null (default)
2023-07-05 13:43:55,022 [Time-limited test] INFO  grpc.GrpcConfigKeys (ConfUtils.java:logGet(46)) - raft.grpc.server.port = 15182 (custom)
2023-07-05 13:43:55,022 [Time-limited test] INFO  server.GrpcService (ConfUtils.java:logGet(46)) - raft.grpc.message.size.max = 32MB (=33554432) (custom)
2023-07-05 13:43:55,022 [Time-limited test] INFO  server.RaftServerConfigKeys (ConfUtils.java:logGet(46)) - raft.server.log.appender.buffer.byte-limit = 33554432 (custom)
2023-07-05 13:43:55,023 [Time-limited test] INFO  server.GrpcService (ConfUtils.java:logGet(46)) - raft.grpc.flow.control.window = 5MB (=5242880) (custom)
2023-07-05 13:43:55,023 [Time-limited test] INFO  server.RaftServerConfigKeys (ConfUtils.java:logGet(46)) - raft.server.rpc.request.timeout = 60s (custom)
2023-07-05 13:43:55,023 [Time-limited test] INFO  grpc.GrpcConfigKeys (ConfUtils.java:logGet(46)) - raft.grpc.server.heartbeat.channel = true (default)
2023-07-05 13:43:55,023 [Time-limited test] INFO  grpc.GrpcConfigKeys (ConfUtils.java:logGet(46)) - raft.grpc.server.async.request.thread.pool.cached = true (default)
2023-07-05 13:43:55,023 [Time-limited test] INFO  grpc.GrpcConfigKeys (ConfUtils.java:logGet(46)) - raft.grpc.server.async.request.thread.pool.size = 32 (default)
2023-07-05 13:43:55,026 [Time-limited test] INFO  impl.DataStreamServerImpl (ConfUtils.java:logGet(46)) - raft.datastream.type = NETTY (custom)
2023-07-05 13:43:55,026 [Time-limited test] INFO  server.RaftServerConfigKeys (ConfUtils.java:logGet(46)) - raft.server.data-stream.async.request.thread.pool.cached = false (default)
2023-07-05 13:43:55,026 [Time-limited test] INFO  server.RaftServerConfigKeys (ConfUtils.java:logGet(46)) - raft.server.data-stream.async.request.thread.pool.size = 20 (custom)
2023-07-05 13:43:55,026 [Time-limited test] INFO  server.RaftServerConfigKeys (ConfUtils.java:logGet(46)) - raft.server.data-stream.async.write.thread.pool.size = 16 (default)
2023-07-05 13:43:55,026 [Time-limited test] INFO  server.RaftServerConfigKeys (ConfUtils.java:logGet(46)) - raft.server.data-stream.client.pool.size = 10 (default)
2023-07-05 13:43:55,026 [Time-limited test] INFO  netty.NettyConfigKeys$DataStream (ConfUtils.java:logGet(46)) - raft.netty.dataStream.server.use-epoll = false (default)
2023-07-05 13:43:55,026 [Time-limited test] INFO  netty.NettyConfigKeys$DataStream (ConfUtils.java:logGet(46)) - raft.netty.dataStream.server.boss-group.size = 0 (default)
2023-07-05 13:43:55,027 [Time-limited test] INFO  netty.NettyConfigKeys$DataStream (ConfUtils.java:logGet(46)) - raft.netty.dataStream.server.worker-group.size = 0 (default)
2023-07-05 13:43:55,027 [Time-limited test] INFO  netty.NettyConfigKeys$DataStream (ConfUtils.java:logGet(46)) - raft.netty.dataStream.server.tls.conf = null (default)
2023-07-05 13:43:55,027 [Time-limited test] INFO  netty.NettyConfigKeys$DataStream (ConfUtils.java:logGet(46)) - raft.netty.dataStream.host = null (default)
2023-07-05 13:43:55,027 [Time-limited test] INFO  netty.NettyConfigKeys$DataStream (ConfUtils.java:logGet(46)) - raft.netty.dataStream.port = 15183 (custom)
2023-07-05 13:43:55,028 [Time-limited test] INFO  server.RaftServerConfigKeys (ConfUtils.java:logGet(46)) - raft.server.threadpool.proxy.cached = true (default)
2023-07-05 13:43:55,028 [Time-limited test] INFO  server.RaftServerConfigKeys (ConfUtils.java:logGet(46)) - raft.server.threadpool.proxy.size = 0 (default)
2023-07-05 13:43:55,028 [Time-limited test] INFO  server.RaftServerConfigKeys (ConfUtils.java:logGet(46)) - raft.server.rpc.slowness.timeout = 300s (custom)
2023-07-05 13:43:55,028 [Time-limited test] INFO  server.RaftServerConfigKeys (ConfUtils.java:logGet(46)) - raft.server.leaderelection.leader.step-down.wait-time = 10s (default)
2023-07-05 13:43:55,028 [Time-limited test] INFO  server.RaftServerConfigKeys (ConfUtils.java:logGet(46)) - raft.server.storage.dir = [/home/runner/work/ozone/ozone/hadoop-ozone/integration-test/target/test-dir/MiniOzoneClusterImpl-de398c68-44fd-4973-9846-b14d0f209e8c/datanode-1/data/ratis] (custom)
2023-07-05 13:43:55,028 [e6531a31-c1d4-4472-9f40-44bc51606458-NettyServerStreamRpc-bossGroup--thread1] INFO  logging.LoggingHandler (AbstractInternalLogger.java:log(148)) - [id: 0x34ce7856] REGISTERED
2023-07-05 13:43:55,029 [e6531a31-c1d4-4472-9f40-44bc51606458-NettyServerStreamRpc-bossGroup--thread1] INFO  logging.LoggingHandler (AbstractInternalLogger.java:log(148)) - [id: 0x34ce7856] BIND: 0.0.0.0/0.0.0.0:15183
2023-07-05 13:43:55,029 [e6531a31-c1d4-4472-9f40-44bc51606458-NettyServerStreamRpc-bossGroup--thread1] INFO  logging.LoggingHandler (AbstractInternalLogger.java:log(148)) - [id: 0x34ce7856, L:/0:0:0:0:0:0:0:0:15183] ACTIVE
2023-07-05 13:43:55,031 [Time-limited test] INFO  server.XceiverServerGrpc (XceiverServerGrpc.java:<init>(132)) - GrpcServer channel type EpollServerSocketChannel
2023-07-05 13:43:55,033 [Time-limited test] INFO  replication.ReplicationSupervisor (ReplicationSupervisor.java:nodeStateUpdated(305)) - Node state updated to IN_SERVICE, scaling executor pool size to 10
2023-07-05 13:43:55,035 [Time-limited test] INFO  http.BaseHttpServer (BaseHttpServer.java:newHttpServer2BuilderForOzone(224)) - Starting Web-server for hddsDatanode at: http://0.0.0.0:15177
2023-07-05 13:43:55,035 [Time-limited test] INFO  http.BaseHttpServer (BaseHttpServer.java:<init>(111)) - Hadoop Security Enabled: false Ozone Security Enabled: false Ozone HTTP Security Enabled: false 
2023-07-05 13:43:55,036 [Time-limited test] WARN  server.AuthenticationFilter (AuthenticationFilter.java:constructSecretProvider(240)) - Unable to initialize FileSignerSecretProvider, falling back to use random secrets. Reason: Could not read signature secret file: /home/runner/hadoop-http-auth-signature-secret
2023-07-05 13:43:55,036 [Time-limited test] INFO  http.HttpRequestLog (HttpRequestLog.java:getRequestLog(86)) - Http request log for http.requests.hddsDatanode is not defined
2023-07-05 13:43:55,037 [Time-limited test] INFO  http.HttpServer2 (HttpServer2.java:addGlobalFilter(1031)) - Added global filter 'safety' (class=org.apache.hadoop.hdds.server.http.HttpServer2$QuotingInputFilter)
2023-07-05 13:43:55,038 [Time-limited test] INFO  http.HttpServer2 (HttpServer2.java:addFilter(1007)) - Added filter static_user_filter (class=org.apache.hadoop.http.lib.StaticUserWebFilter$StaticUserFilter) to context hddsDatanode
2023-07-05 13:43:55,038 [Time-limited test] INFO  http.HttpServer2 (HttpServer2.java:addFilter(1015)) - Added filter static_user_filter (class=org.apache.hadoop.http.lib.StaticUserWebFilter$StaticUserFilter) to context logs
2023-07-05 13:43:55,038 [Time-limited test] INFO  http.HttpServer2 (HttpServer2.java:addFilter(1015)) - Added filter static_user_filter (class=org.apache.hadoop.http.lib.StaticUserWebFilter$StaticUserFilter) to context static
2023-07-05 13:43:55,038 [Time-limited test] INFO  http.BaseHttpServer (BaseHttpServer.java:<init>(190)) - HTTP server of hddsDatanode uses base directory /home/runner/work/ozone/ozone/hadoop-ozone/integration-test/target/test-dir/MiniOzoneClusterImpl-de398c68-44fd-4973-9846-b14d0f209e8c/datanode-1/meta/webserver
2023-07-05 13:43:55,039 [Time-limited test] INFO  http.HttpServer2 (HttpServer2.java:bindListener(1250)) - Jetty bound to port 15177
2023-07-05 13:43:55,039 [Time-limited test] INFO  server.Server (Server.java:doStart(375)) - jetty-9.4.51.v20230217; built: 2023-02-17T08:19:37.309Z; git: b45c405e4544384de066f814ed42ae3dceacdd49; jvm 1.8.0_372-b07
2023-07-05 13:43:55,040 [Time-limited test] INFO  server.session (DefaultSessionIdManager.java:doStart(334)) - DefaultSessionIdManager workerName=node0
2023-07-05 13:43:55,040 [Time-limited test] INFO  server.session (DefaultSessionIdManager.java:doStart(339)) - No SessionScavenger set, using defaults
2023-07-05 13:43:55,040 [Time-limited test] INFO  server.session (HouseKeeper.java:startScavenging(132)) - node0 Scavenging every 660000ms
2023-07-05 13:43:55,040 [Time-limited test] INFO  handler.ContextHandler (ContextHandler.java:doStart(921)) - Started o.e.j.s.ServletContextHandler@4c9a5a80{logs,/logs,file:///home/runner/work/ozone/ozone/hadoop-ozone/integration-test/target/log,AVAILABLE}
2023-07-05 13:43:55,041 [Time-limited test] INFO  handler.ContextHandler (ContextHandler.java:doStart(921)) - Started o.e.j.s.ServletContextHandler@691c2482{static,/static,jar:file:/home/runner/.m2/repository/org/apache/ozone/hdds-container-service/1.4.0-SNAPSHOT/hdds-container-service-1.4.0-SNAPSHOT.jar!/webapps/static,AVAILABLE}
2023-07-05 13:43:55,265 [Time-limited test] INFO  handler.ContextHandler (ContextHandler.java:doStart(921)) - Started o.e.j.w.WebAppContext@2fb171f2{hddsDatanode,/,file:///home/runner/work/ozone/ozone/hadoop-ozone/integration-test/target/test-dir/MiniOzoneClusterImpl-de398c68-44fd-4973-9846-b14d0f209e8c/datanode-1/meta/webserver/jetty-0_0_0_0-15177-hdds-container-service-1_4_0-SNAPSHOT_jar-_-any-921060176299950462/webapp/,AVAILABLE}{jar:file:/home/runner/.m2/repository/org/apache/ozone/hdds-container-service/1.4.0-SNAPSHOT/hdds-container-service-1.4.0-SNAPSHOT.jar!/webapps/hddsDatanode}
2023-07-05 13:43:55,267 [Time-limited test] INFO  server.AbstractConnector (AbstractConnector.java:doStart(333)) - Started ServerConnector@17a8b57e{HTTP/1.1, (http/1.1)}{0.0.0.0:15177}
2023-07-05 13:43:55,267 [Time-limited test] INFO  server.Server (Server.java:doStart(415)) - Started @144553ms
2023-07-05 13:43:55,267 [Time-limited test] WARN  impl.MetricsSystemImpl (MetricsSystemImpl.java:register(279)) - Sink prometheus already exists!
2023-07-05 13:43:55,268 [Time-limited test] INFO  http.BaseHttpServer (BaseHttpServer.java:updateConnectorAddress(344)) - HTTP server of hddsDatanode listening at http://0.0.0.0:15177
2023-07-05 13:43:55,268 [Time-limited test] INFO  ipc.CallQueueManager (CallQueueManager.java:<init>(90)) - Using callQueue: class java.util.concurrent.LinkedBlockingQueue, queueCapacity: 100, scheduler: class org.apache.hadoop.ipc.DefaultRpcScheduler, ipcBackoff: false.
2023-07-05 13:43:55,268 [Time-limited test] INFO  ipc.Server (Server.java:<init>(1287)) - Listener at 0.0.0.0:15178
2023-07-05 13:43:55,269 [Socket Reader #1 for port 15178] INFO  ipc.Server (Server.java:run(1323)) - Starting Socket Reader #1 for port 15178
2023-07-05 13:43:55,276 [Time-limited test] INFO  ozone.HddsDatanodeService (HddsDatanodeService.java:start(315)) - Datanode start with admins: [runner]
2023-07-05 13:43:55,276 [Time-limited test] INFO  ozone.HddsDatanodeClientProtocolServer (HddsDatanodeClientProtocolServer.java:start(72)) - RPC server for Client /0.0.0.0:15178
2023-07-05 13:43:55,276 [IPC Server Responder] INFO  ipc.Server (Server.java:run(1562)) - IPC Server Responder: starting
2023-07-05 13:43:55,279 [IPC Server listener on 15178] INFO  ipc.Server (Server.java:run(1402)) - IPC Server listener on 15178: starting
2023-07-05 13:43:55,284 [Datanode State Machine Daemon Thread] INFO  statemachine.DatanodeStateMachine (DatanodeStateMachine.java:lambda$startDaemon$0(531)) - Ozone container server started.
2023-07-05 13:43:55,284 [Time-limited test] WARN  impl.MetricRegistriesImpl (MetricRegistriesImpl.java:addReporterRegistration(111)) - New reporters are added after registries were created. Some metrics will be missing from the reporter. Please add reporter before adding any new registry.
2023-07-05 13:43:55,284 [Time-limited test] WARN  impl.MetricRegistriesImpl (MetricRegistriesImpl.java:addReporterRegistration(111)) - New reporters are added after registries were created. Some metrics will be missing from the reporter. Please add reporter before adding any new registry.
2023-07-05 13:43:55,284 [Time-limited test] INFO  impl.MetricsSystemImpl (MetricsSystemImpl.java:init(158)) - HddsDatanode metrics system started (again)
2023-07-05 13:43:55,298 [Datanode State Machine Task Thread - 0] INFO  datanode.InitDatanodeState (InitDatanodeState.java:persistContainerDatanodeDetails(138)) - DatanodeDetails is persisted to /home/runner/work/ozone/ozone/hadoop-ozone/integration-test/target/test-dir/MiniOzoneClusterImpl-de398c68-44fd-4973-9846-b14d0f209e8c/datanode-1/meta/datanode.id
2023-07-05 13:43:55,303 [Time-limited test] INFO  ozone.HddsDatanodeService (HddsDatanodeService.java:start(237)) - HddsDatanodeService host:fv-az264-29.ca02foy5wcnuvlrvrz2wi3p2og.dx.internal.cloudapp.net ip:10.1.0.13
2023-07-05 13:43:55,333 [Time-limited test] INFO  upgrade.AbstractLayoutVersionManager (AbstractLayoutVersionManager.java:init(83)) - Initializing Layout version manager with metadata layout = HADOOP_PRC_PORTS_IN_DATANODEDETAILS (version = 7), software layout = HADOOP_PRC_PORTS_IN_DATANODEDETAILS (version = 7)
2023-07-05 13:43:55,334 [Time-limited test] INFO  statemachine.DatanodeStateMachine (DatanodeStateMachine.java:getEndPointTaskThreadPoolSize(279)) - Datanode State Machine Task Thread Pool size 2
2023-07-05 13:43:55,335 [Time-limited test] INFO  volume.HddsVolume (HddsVolume.java:<init>(133)) - Creating HddsVolume: /home/runner/work/ozone/ozone/hadoop-ozone/integration-test/target/test-dir/MiniOzoneClusterImpl-de398c68-44fd-4973-9846-b14d0f209e8c/datanode-2/data-0/containers/hdds of storage type : DISK capacity : 9223372036854775807
2023-07-05 13:43:55,336 [Time-limited test] INFO  volume.MutableVolumeSet (MutableVolumeSet.java:initializeVolumeSet(175)) - Added Volume : /home/runner/work/ozone/ozone/hadoop-ozone/integration-test/target/test-dir/MiniOzoneClusterImpl-de398c68-44fd-4973-9846-b14d0f209e8c/datanode-2/data-0/containers/hdds to VolumeSet
2023-07-05 13:43:55,336 [Time-limited test] INFO  volume.ThrottledAsyncChecker (ThrottledAsyncChecker.java:schedule(141)) - Scheduling a check for /home/runner/work/ozone/ozone/hadoop-ozone/integration-test/target/test-dir/MiniOzoneClusterImpl-de398c68-44fd-4973-9846-b14d0f209e8c/datanode-2/data-0/containers/hdds
2023-07-05 13:43:55,337 [Time-limited test] INFO  volume.StorageVolumeChecker (StorageVolumeChecker.java:checkAllVolumes(202)) - Scheduled health check for volume /home/runner/work/ozone/ozone/hadoop-ozone/integration-test/target/test-dir/MiniOzoneClusterImpl-de398c68-44fd-4973-9846-b14d0f209e8c/datanode-2/data-0/containers/hdds
2023-07-05 13:43:55,340 [Time-limited test] INFO  volume.MutableVolumeSet (MutableVolumeSet.java:initializeVolumeSet(175)) - Added Volume : /home/runner/work/ozone/ozone/hadoop-ozone/integration-test/target/test-dir/MiniOzoneClusterImpl-de398c68-44fd-4973-9846-b14d0f209e8c/datanode-2/data/ratis to VolumeSet
2023-07-05 13:43:55,341 [Time-limited test] INFO  volume.ThrottledAsyncChecker (ThrottledAsyncChecker.java:schedule(141)) - Scheduling a check for /home/runner/work/ozone/ozone/hadoop-ozone/integration-test/target/test-dir/MiniOzoneClusterImpl-de398c68-44fd-4973-9846-b14d0f209e8c/datanode-2/data/ratis
2023-07-05 13:43:55,341 [Time-limited test] INFO  volume.StorageVolumeChecker (StorageVolumeChecker.java:checkAllVolumes(202)) - Scheduled health check for volume /home/runner/work/ozone/ozone/hadoop-ozone/integration-test/target/test-dir/MiniOzoneClusterImpl-de398c68-44fd-4973-9846-b14d0f209e8c/datanode-2/data/ratis
2023-07-05 13:43:55,345 [Thread-1948] INFO  ozoneimpl.ContainerReader (ContainerReader.java:readVolume(175)) - Finish verifying containers on volume /home/runner/work/ozone/ozone/hadoop-ozone/integration-test/target/test-dir/MiniOzoneClusterImpl-de398c68-44fd-4973-9846-b14d0f209e8c/datanode-2/data-0/containers/hdds
2023-07-05 13:43:55,345 [Time-limited test] INFO  ozoneimpl.OzoneContainer (OzoneContainer.java:buildContainerSet(316)) - Build ContainerSet costs 0s
2023-07-05 13:43:55,347 [Time-limited test] INFO  server.RaftServer (ConfUtils.java:logGet(46)) - raft.rpc.type = GRPC (default)
2023-07-05 13:43:55,347 [Time-limited test] INFO  grpc.GrpcConfigKeys (ConfUtils.java:logFallback(53)) - raft.grpc.admin.host = null (fallback to raft.grpc.server.host)
2023-07-05 13:43:55,347 [Time-limited test] INFO  grpc.GrpcConfigKeys (ConfUtils.java:logGet(46)) - raft.grpc.admin.port = 15190 (custom)
2023-07-05 13:43:55,347 [Time-limited test] INFO  grpc.GrpcConfigKeys (ConfUtils.java:logFallback(53)) - raft.grpc.client.host = null (fallback to raft.grpc.server.host)
2023-07-05 13:43:55,348 [Time-limited test] INFO  grpc.GrpcConfigKeys (ConfUtils.java:logGet(46)) - raft.grpc.client.port = 15189 (custom)
2023-07-05 13:43:55,348 [Time-limited test] INFO  grpc.GrpcConfigKeys (ConfUtils.java:logGet(46)) - raft.grpc.server.host = null (default)
2023-07-05 13:43:55,348 [Time-limited test] INFO  grpc.GrpcConfigKeys (ConfUtils.java:logGet(46)) - raft.grpc.server.port = 15191 (custom)
2023-07-05 13:43:55,348 [Time-limited test] INFO  server.GrpcService (ConfUtils.java:logGet(46)) - raft.grpc.message.size.max = 32MB (=33554432) (custom)
2023-07-05 13:43:55,348 [Time-limited test] INFO  server.RaftServerConfigKeys (ConfUtils.java:logGet(46)) - raft.server.log.appender.buffer.byte-limit = 33554432 (custom)
2023-07-05 13:43:55,348 [Time-limited test] INFO  server.GrpcService (ConfUtils.java:logGet(46)) - raft.grpc.flow.control.window = 5MB (=5242880) (custom)
2023-07-05 13:43:55,348 [Time-limited test] INFO  server.RaftServerConfigKeys (ConfUtils.java:logGet(46)) - raft.server.rpc.request.timeout = 60s (custom)
2023-07-05 13:43:55,348 [Time-limited test] INFO  grpc.GrpcConfigKeys (ConfUtils.java:logGet(46)) - raft.grpc.server.heartbeat.channel = true (default)
2023-07-05 13:43:55,348 [Time-limited test] INFO  grpc.GrpcConfigKeys (ConfUtils.java:logGet(46)) - raft.grpc.server.async.request.thread.pool.cached = true (default)
2023-07-05 13:43:55,348 [Time-limited test] INFO  grpc.GrpcConfigKeys (ConfUtils.java:logGet(46)) - raft.grpc.server.async.request.thread.pool.size = 32 (default)
2023-07-05 13:43:55,351 [Time-limited test] INFO  impl.DataStreamServerImpl (ConfUtils.java:logGet(46)) - raft.datastream.type = NETTY (custom)
2023-07-05 13:43:55,351 [Time-limited test] INFO  server.RaftServerConfigKeys (ConfUtils.java:logGet(46)) - raft.server.data-stream.async.request.thread.pool.cached = false (default)
2023-07-05 13:43:55,352 [Time-limited test] INFO  server.RaftServerConfigKeys (ConfUtils.java:logGet(46)) - raft.server.data-stream.async.request.thread.pool.size = 20 (custom)
2023-07-05 13:43:55,352 [Time-limited test] INFO  server.RaftServerConfigKeys (ConfUtils.java:logGet(46)) - raft.server.data-stream.async.write.thread.pool.size = 16 (default)
2023-07-05 13:43:55,352 [Time-limited test] INFO  server.RaftServerConfigKeys (ConfUtils.java:logGet(46)) - raft.server.data-stream.client.pool.size = 10 (default)
2023-07-05 13:43:55,352 [Time-limited test] INFO  netty.NettyConfigKeys$DataStream (ConfUtils.java:logGet(46)) - raft.netty.dataStream.server.use-epoll = false (default)
2023-07-05 13:43:55,352 [Time-limited test] INFO  netty.NettyConfigKeys$DataStream (ConfUtils.java:logGet(46)) - raft.netty.dataStream.server.boss-group.size = 0 (default)
2023-07-05 13:43:55,352 [Time-limited test] INFO  netty.NettyConfigKeys$DataStream (ConfUtils.java:logGet(46)) - raft.netty.dataStream.server.worker-group.size = 0 (default)
2023-07-05 13:43:55,352 [Time-limited test] INFO  netty.NettyConfigKeys$DataStream (ConfUtils.java:logGet(46)) - raft.netty.dataStream.server.tls.conf = null (default)
2023-07-05 13:43:55,353 [Time-limited test] INFO  netty.NettyConfigKeys$DataStream (ConfUtils.java:logGet(46)) - raft.netty.dataStream.host = null (default)
2023-07-05 13:43:55,353 [Time-limited test] INFO  netty.NettyConfigKeys$DataStream (ConfUtils.java:logGet(46)) - raft.netty.dataStream.port = 15192 (custom)
2023-07-05 13:43:55,353 [Time-limited test] INFO  server.RaftServerConfigKeys (ConfUtils.java:logGet(46)) - raft.server.threadpool.proxy.cached = true (default)
2023-07-05 13:43:55,353 [Time-limited test] INFO  server.RaftServerConfigKeys (ConfUtils.java:logGet(46)) - raft.server.threadpool.proxy.size = 0 (default)
2023-07-05 13:43:55,353 [Time-limited test] INFO  server.RaftServerConfigKeys (ConfUtils.java:logGet(46)) - raft.server.rpc.slowness.timeout = 300s (custom)
2023-07-05 13:43:55,353 [Time-limited test] INFO  server.RaftServerConfigKeys (ConfUtils.java:logGet(46)) - raft.server.leaderelection.leader.step-down.wait-time = 10s (default)
2023-07-05 13:43:55,353 [Time-limited test] INFO  server.RaftServerConfigKeys (ConfUtils.java:logGet(46)) - raft.server.storage.dir = [/home/runner/work/ozone/ozone/hadoop-ozone/integration-test/target/test-dir/MiniOzoneClusterImpl-de398c68-44fd-4973-9846-b14d0f209e8c/datanode-2/data/ratis] (custom)
2023-07-05 13:43:55,354 [860e26e7-dc57-4457-b602-0c8c8602d691-NettyServerStreamRpc-bossGroup--thread1] INFO  logging.LoggingHandler (AbstractInternalLogger.java:log(148)) - [id: 0x03ab3d38] REGISTERED
2023-07-05 13:43:55,355 [860e26e7-dc57-4457-b602-0c8c8602d691-NettyServerStreamRpc-bossGroup--thread1] INFO  logging.LoggingHandler (AbstractInternalLogger.java:log(148)) - [id: 0x03ab3d38] BIND: 0.0.0.0/0.0.0.0:15192
2023-07-05 13:43:55,355 [860e26e7-dc57-4457-b602-0c8c8602d691-NettyServerStreamRpc-bossGroup--thread1] INFO  logging.LoggingHandler (AbstractInternalLogger.java:log(148)) - [id: 0x03ab3d38, L:/0:0:0:0:0:0:0:0:15192] ACTIVE
2023-07-05 13:43:55,355 [Time-limited test] INFO  server.XceiverServerGrpc (XceiverServerGrpc.java:<init>(132)) - GrpcServer channel type EpollServerSocketChannel
2023-07-05 13:43:55,356 [Time-limited test] INFO  replication.ReplicationSupervisor (ReplicationSupervisor.java:nodeStateUpdated(305)) - Node state updated to IN_SERVICE, scaling executor pool size to 10
2023-07-05 13:43:55,358 [Time-limited test] INFO  http.BaseHttpServer (BaseHttpServer.java:newHttpServer2BuilderForOzone(224)) - Starting Web-server for hddsDatanode at: http://0.0.0.0:15186
2023-07-05 13:43:55,358 [Time-limited test] INFO  http.BaseHttpServer (BaseHttpServer.java:<init>(111)) - Hadoop Security Enabled: false Ozone Security Enabled: false Ozone HTTP Security Enabled: false 
2023-07-05 13:43:55,360 [Time-limited test] WARN  server.AuthenticationFilter (AuthenticationFilter.java:constructSecretProvider(240)) - Unable to initialize FileSignerSecretProvider, falling back to use random secrets. Reason: Could not read signature secret file: /home/runner/hadoop-http-auth-signature-secret
2023-07-05 13:43:55,360 [Time-limited test] INFO  http.HttpRequestLog (HttpRequestLog.java:getRequestLog(86)) - Http request log for http.requests.hddsDatanode is not defined
2023-07-05 13:43:55,361 [Time-limited test] INFO  http.HttpServer2 (HttpServer2.java:addGlobalFilter(1031)) - Added global filter 'safety' (class=org.apache.hadoop.hdds.server.http.HttpServer2$QuotingInputFilter)
2023-07-05 13:43:55,362 [Time-limited test] INFO  http.HttpServer2 (HttpServer2.java:addFilter(1007)) - Added filter static_user_filter (class=org.apache.hadoop.http.lib.StaticUserWebFilter$StaticUserFilter) to context hddsDatanode
2023-07-05 13:43:55,362 [Time-limited test] INFO  http.HttpServer2 (HttpServer2.java:addFilter(1015)) - Added filter static_user_filter (class=org.apache.hadoop.http.lib.StaticUserWebFilter$StaticUserFilter) to context logs
2023-07-05 13:43:55,362 [Time-limited test] INFO  http.HttpServer2 (HttpServer2.java:addFilter(1015)) - Added filter static_user_filter (class=org.apache.hadoop.http.lib.StaticUserWebFilter$StaticUserFilter) to context static
2023-07-05 13:43:55,362 [Time-limited test] INFO  http.BaseHttpServer (BaseHttpServer.java:<init>(190)) - HTTP server of hddsDatanode uses base directory /home/runner/work/ozone/ozone/hadoop-ozone/integration-test/target/test-dir/MiniOzoneClusterImpl-de398c68-44fd-4973-9846-b14d0f209e8c/datanode-2/meta/webserver
2023-07-05 13:43:55,363 [Time-limited test] INFO  http.HttpServer2 (HttpServer2.java:bindListener(1250)) - Jetty bound to port 15186
2023-07-05 13:43:55,363 [Time-limited test] INFO  server.Server (Server.java:doStart(375)) - jetty-9.4.51.v20230217; built: 2023-02-17T08:19:37.309Z; git: b45c405e4544384de066f814ed42ae3dceacdd49; jvm 1.8.0_372-b07
2023-07-05 13:43:55,373 [Time-limited test] INFO  server.session (DefaultSessionIdManager.java:doStart(334)) - DefaultSessionIdManager workerName=node0
2023-07-05 13:43:55,373 [Time-limited test] INFO  server.session (DefaultSessionIdManager.java:doStart(339)) - No SessionScavenger set, using defaults
2023-07-05 13:43:55,373 [Time-limited test] INFO  server.session (HouseKeeper.java:startScavenging(132)) - node0 Scavenging every 600000ms
2023-07-05 13:43:55,374 [Time-limited test] INFO  handler.ContextHandler (ContextHandler.java:doStart(921)) - Started o.e.j.s.ServletContextHandler@2b2cb631{logs,/logs,file:///home/runner/work/ozone/ozone/hadoop-ozone/integration-test/target/log,AVAILABLE}
2023-07-05 13:43:55,375 [Time-limited test] INFO  handler.ContextHandler (ContextHandler.java:doStart(921)) - Started o.e.j.s.ServletContextHandler@71b729a8{static,/static,jar:file:/home/runner/.m2/repository/org/apache/ozone/hdds-container-service/1.4.0-SNAPSHOT/hdds-container-service-1.4.0-SNAPSHOT.jar!/webapps/static,AVAILABLE}
2023-07-05 13:43:55,605 [Time-limited test] INFO  handler.ContextHandler (ContextHandler.java:doStart(921)) - Started o.e.j.w.WebAppContext@1a4fe622{hddsDatanode,/,file:///home/runner/work/ozone/ozone/hadoop-ozone/integration-test/target/test-dir/MiniOzoneClusterImpl-de398c68-44fd-4973-9846-b14d0f209e8c/datanode-2/meta/webserver/jetty-0_0_0_0-15186-hdds-container-service-1_4_0-SNAPSHOT_jar-_-any-6767041236384507738/webapp/,AVAILABLE}{jar:file:/home/runner/.m2/repository/org/apache/ozone/hdds-container-service/1.4.0-SNAPSHOT/hdds-container-service-1.4.0-SNAPSHOT.jar!/webapps/hddsDatanode}
2023-07-05 13:43:55,607 [Time-limited test] INFO  server.AbstractConnector (AbstractConnector.java:doStart(333)) - Started ServerConnector@540b2997{HTTP/1.1, (http/1.1)}{0.0.0.0:15186}
2023-07-05 13:43:55,607 [Time-limited test] INFO  server.Server (Server.java:doStart(415)) - Started @144893ms
2023-07-05 13:43:55,607 [Time-limited test] WARN  impl.MetricsSystemImpl (MetricsSystemImpl.java:register(279)) - Sink prometheus already exists!
2023-07-05 13:43:55,607 [Time-limited test] INFO  http.BaseHttpServer (BaseHttpServer.java:updateConnectorAddress(344)) - HTTP server of hddsDatanode listening at http://0.0.0.0:15186
2023-07-05 13:43:55,608 [Time-limited test] INFO  ipc.CallQueueManager (CallQueueManager.java:<init>(90)) - Using callQueue: class java.util.concurrent.LinkedBlockingQueue, queueCapacity: 100, scheduler: class org.apache.hadoop.ipc.DefaultRpcScheduler, ipcBackoff: false.
2023-07-05 13:43:55,608 [Time-limited test] INFO  ipc.Server (Server.java:<init>(1287)) - Listener at 0.0.0.0:15187
2023-07-05 13:43:55,610 [Socket Reader #1 for port 15187] INFO  ipc.Server (Server.java:run(1323)) - Starting Socket Reader #1 for port 15187
2023-07-05 13:43:55,613 [ReplicationMonitor] INFO  replication.ReplicationManager (ReplicationManager.java:processAll(361)) - Replication Manager is not ready to run until 3000ms after safemode exit
2023-07-05 13:43:55,618 [om1@group-C5BA1605619E-FollowerState] INFO  impl.FollowerState (FollowerState.java:run(143)) - om1@group-C5BA1605619E-FollowerState: change to CANDIDATE, lastRpcElapsedTime:1029617262ns, electionTimeout:1025ms
2023-07-05 13:43:55,618 [om1@group-C5BA1605619E-FollowerState] INFO  impl.RoleInfo (RoleInfo.java:shutdownFollowerState(110)) - om1: shutdown om1@group-C5BA1605619E-FollowerState
2023-07-05 13:43:55,618 [om1@group-C5BA1605619E-FollowerState] INFO  server.RaftServer$Division (RaftServerImpl.java:setRole(329)) - om1@group-C5BA1605619E: changes role from  FOLLOWER to CANDIDATE at term 0 for changeToCandidate
2023-07-05 13:43:55,619 [om1@group-C5BA1605619E-FollowerState] INFO  server.RaftServerConfigKeys (ConfUtils.java:logGet(46)) - raft.server.leaderelection.pre-vote = true (default)
2023-07-05 13:43:55,619 [om1@group-C5BA1605619E-FollowerState] INFO  impl.RoleInfo (RoleInfo.java:updateAndGet(139)) - om1: start om1@group-C5BA1605619E-LeaderElection34
2023-07-05 13:43:55,622 [om1@group-C5BA1605619E-LeaderElection34] INFO  impl.LeaderElection (LeaderElection.java:askForVotes(321)) - om1@group-C5BA1605619E-LeaderElection34 PRE_VOTE round 0: submit vote requests at term 0 for -1: peers:[om1|rpc:localhost:15166|priority:0|startupRole:FOLLOWER]|listeners:[], old=null
2023-07-05 13:43:55,622 [om1@group-C5BA1605619E-LeaderElection34] INFO  impl.LeaderElection (LeaderElection.java:askForVotes(323)) - om1@group-C5BA1605619E-LeaderElection34 PRE_VOTE round 0: result PASSED (term=0)
2023-07-05 13:43:55,622 [Time-limited test] INFO  ozone.HddsDatanodeService (HddsDatanodeService.java:start(315)) - Datanode start with admins: [runner]
2023-07-05 13:43:55,622 [Time-limited test] INFO  ozone.HddsDatanodeClientProtocolServer (HddsDatanodeClientProtocolServer.java:start(72)) - RPC server for Client /0.0.0.0:15187
2023-07-05 13:43:55,623 [IPC Server listener on 15187] INFO  ipc.Server (Server.java:run(1402)) - IPC Server listener on 15187: starting
2023-07-05 13:43:55,627 [om1@group-C5BA1605619E-LeaderElection34] INFO  impl.LeaderElection (LeaderElection.java:askForVotes(321)) - om1@group-C5BA1605619E-LeaderElection34 ELECTION round 0: submit vote requests at term 1 for -1: peers:[om1|rpc:localhost:15166|priority:0|startupRole:FOLLOWER]|listeners:[], old=null
2023-07-05 13:43:55,627 [om1@group-C5BA1605619E-LeaderElection34] INFO  impl.LeaderElection (LeaderElection.java:askForVotes(323)) - om1@group-C5BA1605619E-LeaderElection34 ELECTION round 0: result PASSED (term=1)
2023-07-05 13:43:55,627 [om1@group-C5BA1605619E-LeaderElection34] INFO  impl.RoleInfo (RoleInfo.java:shutdownLeaderElection(130)) - om1: shutdown om1@group-C5BA1605619E-LeaderElection34
2023-07-05 13:43:55,627 [om1@group-C5BA1605619E-LeaderElection34] INFO  server.RaftServer$Division (RaftServerImpl.java:setRole(329)) - om1@group-C5BA1605619E: changes role from CANDIDATE to LEADER at term 1 for changeToLeader
2023-07-05 13:43:55,628 [om1@group-C5BA1605619E-LeaderElection34] INFO  server.RaftServer$Division (ServerState.java:setLeader(317)) - om1@group-C5BA1605619E: change Leader from null to om1 at term 1 for becomeLeader, leader elected after 1544ms
2023-07-05 13:43:55,628 [om1@group-C5BA1605619E-LeaderElection34] INFO  server.RaftServerConfigKeys (ConfUtils.java:logGet(46)) - raft.server.staging.catchup.gap = 1000 (default)
2023-07-05 13:43:55,628 [om1@group-C5BA1605619E-LeaderElection34] INFO  server.RaftServerConfigKeys (ConfUtils.java:logGet(46)) - raft.server.write.element-limit = 4096 (default)
2023-07-05 13:43:55,628 [om1@group-C5BA1605619E-LeaderElection34] INFO  server.RaftServerConfigKeys (ConfUtils.java:logGet(46)) - raft.server.write.byte-limit = 64MB (=67108864) (default)
2023-07-05 13:43:55,628 [om1@group-C5BA1605619E-LeaderElection34] INFO  server.RaftServerConfigKeys (ConfUtils.java:logGet(46)) - raft.server.watch.timeout = 10s (default)
2023-07-05 13:43:55,628 [om1@group-C5BA1605619E-LeaderElection34] INFO  server.RaftServerConfigKeys (ConfUtils.java:logGet(46)) - raft.server.watch.timeout.denomination = 1s (default)
2023-07-05 13:43:55,628 [om1@group-C5BA1605619E-LeaderElection34] INFO  server.RaftServerConfigKeys (ConfUtils.java:logGet(46)) - raft.server.watch.element-limit = 65536 (default)
2023-07-05 13:43:55,628 [om1@group-C5BA1605619E-LeaderElection34] INFO  server.RaftServerConfigKeys (ConfUtils.java:logGet(46)) - raft.server.write.element-limit = 4096 (default)
2023-07-05 13:43:55,628 [om1@group-C5BA1605619E-LeaderElection34] INFO  server.RaftServerConfigKeys (ConfUtils.java:logGet(46)) - raft.server.write.follower.gap.ratio.max = -1.0 (default)
2023-07-05 13:43:55,628 [om1@group-C5BA1605619E-LeaderElection34] INFO  impl.RoleInfo (RoleInfo.java:updateAndGet(139)) - om1: start om1@group-C5BA1605619E-LeaderStateImpl
2023-07-05 13:43:55,628 [om1@group-C5BA1605619E-LeaderElection34] INFO  segmented.SegmentedRaftLogWorker (SegmentedRaftLogWorker.java:startLogSegment(447)) - om1@group-C5BA1605619E-SegmentedRaftLogWorker: Starting segment from index:0
2023-07-05 13:43:55,633 [IPC Server Responder] INFO  ipc.Server (Server.java:run(1562)) - IPC Server Responder: starting
2023-07-05 13:43:55,634 [Time-limited test] WARN  impl.MetricRegistriesImpl (MetricRegistriesImpl.java:addReporterRegistration(111)) - New reporters are added after registries were created. Some metrics will be missing from the reporter. Please add reporter before adding any new registry.
2023-07-05 13:43:55,634 [Time-limited test] WARN  impl.MetricRegistriesImpl (MetricRegistriesImpl.java:addReporterRegistration(111)) - New reporters are added after registries were created. Some metrics will be missing from the reporter. Please add reporter before adding any new registry.
2023-07-05 13:43:55,634 [Time-limited test] INFO  impl.MetricsSystemImpl (MetricsSystemImpl.java:init(158)) - HddsDatanode metrics system started (again)
2023-07-05 13:43:55,638 [om1@group-C5BA1605619E-LeaderElection34] INFO  server.RaftServer$Division (ServerState.java:setRaftConf(434)) - om1@group-C5BA1605619E: set configuration 0: peers:[om1|rpc:localhost:15166|admin:|client:|dataStream:|priority:0|startupRole:FOLLOWER]|listeners:[], old=null
2023-07-05 13:43:55,639 [Datanode State Machine Daemon Thread] INFO  statemachine.DatanodeStateMachine (DatanodeStateMachine.java:lambda$startDaemon$0(531)) - Ozone container server started.
2023-07-05 13:43:55,640 [om1@group-C5BA1605619E-SegmentedRaftLogWorker] INFO  segmented.SegmentedRaftLogWorker (SegmentedRaftLogWorker.java:execute(651)) - om1@group-C5BA1605619E-SegmentedRaftLogWorker: created new log segment /home/runner/work/ozone/ozone/hadoop-ozone/integration-test/target/test-dir/MiniOzoneClusterImpl-de398c68-44fd-4973-9846-b14d0f209e8c/ozone-meta/ratis/bf265839-605b-3f16-9796-c5ba1605619e/current/log_inprogress_0
2023-07-05 13:43:55,642 [om1@group-C5BA1605619E-StateMachineUpdater] INFO  ratis.OzoneManagerStateMachine (OzoneManagerStateMachine.java:notifyConfigurationChanged(201)) - Received Configuration change notification from Ratis. New Peer list:
[id: "om1"
address: "localhost:15166"
startupRole: FOLLOWER
]
2023-07-05 13:43:55,653 [Time-limited test] INFO  ozone.HddsDatanodeService (HddsDatanodeService.java:start(237)) - HddsDatanodeService host:fv-az264-29.ca02foy5wcnuvlrvrz2wi3p2og.dx.internal.cloudapp.net ip:10.1.0.13
2023-07-05 13:43:55,654 [Datanode State Machine Task Thread - 0] INFO  datanode.InitDatanodeState (InitDatanodeState.java:persistContainerDatanodeDetails(138)) - DatanodeDetails is persisted to /home/runner/work/ozone/ozone/hadoop-ozone/integration-test/target/test-dir/MiniOzoneClusterImpl-de398c68-44fd-4973-9846-b14d0f209e8c/datanode-2/meta/datanode.id
2023-07-05 13:43:55,678 [Time-limited test] INFO  upgrade.AbstractLayoutVersionManager (AbstractLayoutVersionManager.java:init(83)) - Initializing Layout version manager with metadata layout = HADOOP_PRC_PORTS_IN_DATANODEDETAILS (version = 7), software layout = HADOOP_PRC_PORTS_IN_DATANODEDETAILS (version = 7)
2023-07-05 13:43:55,679 [Time-limited test] INFO  statemachine.DatanodeStateMachine (DatanodeStateMachine.java:getEndPointTaskThreadPoolSize(279)) - Datanode State Machine Task Thread Pool size 2
2023-07-05 13:43:55,680 [Time-limited test] INFO  volume.HddsVolume (HddsVolume.java:<init>(133)) - Creating HddsVolume: /home/runner/work/ozone/ozone/hadoop-ozone/integration-test/target/test-dir/MiniOzoneClusterImpl-de398c68-44fd-4973-9846-b14d0f209e8c/datanode-3/data-0/containers/hdds of storage type : DISK capacity : 9223372036854775807
2023-07-05 13:43:55,680 [Time-limited test] INFO  volume.MutableVolumeSet (MutableVolumeSet.java:initializeVolumeSet(175)) - Added Volume : /home/runner/work/ozone/ozone/hadoop-ozone/integration-test/target/test-dir/MiniOzoneClusterImpl-de398c68-44fd-4973-9846-b14d0f209e8c/datanode-3/data-0/containers/hdds to VolumeSet
2023-07-05 13:43:55,680 [Time-limited test] INFO  volume.ThrottledAsyncChecker (ThrottledAsyncChecker.java:schedule(141)) - Scheduling a check for /home/runner/work/ozone/ozone/hadoop-ozone/integration-test/target/test-dir/MiniOzoneClusterImpl-de398c68-44fd-4973-9846-b14d0f209e8c/datanode-3/data-0/containers/hdds
2023-07-05 13:43:55,681 [Time-limited test] INFO  volume.StorageVolumeChecker (StorageVolumeChecker.java:checkAllVolumes(202)) - Scheduled health check for volume /home/runner/work/ozone/ozone/hadoop-ozone/integration-test/target/test-dir/MiniOzoneClusterImpl-de398c68-44fd-4973-9846-b14d0f209e8c/datanode-3/data-0/containers/hdds
2023-07-05 13:43:55,685 [Time-limited test] INFO  volume.MutableVolumeSet (MutableVolumeSet.java:initializeVolumeSet(175)) - Added Volume : /home/runner/work/ozone/ozone/hadoop-ozone/integration-test/target/test-dir/MiniOzoneClusterImpl-de398c68-44fd-4973-9846-b14d0f209e8c/datanode-3/data/ratis to VolumeSet
2023-07-05 13:43:55,685 [Time-limited test] INFO  volume.ThrottledAsyncChecker (ThrottledAsyncChecker.java:schedule(141)) - Scheduling a check for /home/runner/work/ozone/ozone/hadoop-ozone/integration-test/target/test-dir/MiniOzoneClusterImpl-de398c68-44fd-4973-9846-b14d0f209e8c/datanode-3/data/ratis
2023-07-05 13:43:55,685 [Time-limited test] INFO  volume.StorageVolumeChecker (StorageVolumeChecker.java:checkAllVolumes(202)) - Scheduled health check for volume /home/runner/work/ozone/ozone/hadoop-ozone/integration-test/target/test-dir/MiniOzoneClusterImpl-de398c68-44fd-4973-9846-b14d0f209e8c/datanode-3/data/ratis
2023-07-05 13:43:55,686 [Thread-1967] INFO  ozoneimpl.ContainerReader (ContainerReader.java:readVolume(175)) - Finish verifying containers on volume /home/runner/work/ozone/ozone/hadoop-ozone/integration-test/target/test-dir/MiniOzoneClusterImpl-de398c68-44fd-4973-9846-b14d0f209e8c/datanode-3/data-0/containers/hdds
2023-07-05 13:43:55,686 [Time-limited test] INFO  ozoneimpl.OzoneContainer (OzoneContainer.java:buildContainerSet(316)) - Build ContainerSet costs 0s
2023-07-05 13:43:55,689 [Time-limited test] INFO  server.RaftServer (ConfUtils.java:logGet(46)) - raft.rpc.type = GRPC (default)
2023-07-05 13:43:55,689 [Time-limited test] INFO  grpc.GrpcConfigKeys (ConfUtils.java:logFallback(53)) - raft.grpc.admin.host = null (fallback to raft.grpc.server.host)
2023-07-05 13:43:55,689 [Time-limited test] INFO  grpc.GrpcConfigKeys (ConfUtils.java:logGet(46)) - raft.grpc.admin.port = 15199 (custom)
2023-07-05 13:43:55,690 [Time-limited test] INFO  grpc.GrpcConfigKeys (ConfUtils.java:logFallback(53)) - raft.grpc.client.host = null (fallback to raft.grpc.server.host)
2023-07-05 13:43:55,690 [Time-limited test] INFO  grpc.GrpcConfigKeys (ConfUtils.java:logGet(46)) - raft.grpc.client.port = 15198 (custom)
2023-07-05 13:43:55,690 [Time-limited test] INFO  grpc.GrpcConfigKeys (ConfUtils.java:logGet(46)) - raft.grpc.server.host = null (default)
2023-07-05 13:43:55,690 [Time-limited test] INFO  grpc.GrpcConfigKeys (ConfUtils.java:logGet(46)) - raft.grpc.server.port = 15200 (custom)
2023-07-05 13:43:55,690 [Time-limited test] INFO  server.GrpcService (ConfUtils.java:logGet(46)) - raft.grpc.message.size.max = 32MB (=33554432) (custom)
2023-07-05 13:43:55,690 [Time-limited test] INFO  server.RaftServerConfigKeys (ConfUtils.java:logGet(46)) - raft.server.log.appender.buffer.byte-limit = 33554432 (custom)
2023-07-05 13:43:55,690 [Time-limited test] INFO  server.GrpcService (ConfUtils.java:logGet(46)) - raft.grpc.flow.control.window = 5MB (=5242880) (custom)
2023-07-05 13:43:55,690 [Time-limited test] INFO  server.RaftServerConfigKeys (ConfUtils.java:logGet(46)) - raft.server.rpc.request.timeout = 60s (custom)
2023-07-05 13:43:55,690 [Time-limited test] INFO  grpc.GrpcConfigKeys (ConfUtils.java:logGet(46)) - raft.grpc.server.heartbeat.channel = true (default)
2023-07-05 13:43:55,690 [Time-limited test] INFO  grpc.GrpcConfigKeys (ConfUtils.java:logGet(46)) - raft.grpc.server.async.request.thread.pool.cached = true (default)
2023-07-05 13:43:55,690 [Time-limited test] INFO  grpc.GrpcConfigKeys (ConfUtils.java:logGet(46)) - raft.grpc.server.async.request.thread.pool.size = 32 (default)
2023-07-05 13:43:55,693 [Time-limited test] INFO  impl.DataStreamServerImpl (ConfUtils.java:logGet(46)) - raft.datastream.type = NETTY (custom)
2023-07-05 13:43:55,694 [Time-limited test] INFO  server.RaftServerConfigKeys (ConfUtils.java:logGet(46)) - raft.server.data-stream.async.request.thread.pool.cached = false (default)
2023-07-05 13:43:55,694 [Time-limited test] INFO  server.RaftServerConfigKeys (ConfUtils.java:logGet(46)) - raft.server.data-stream.async.request.thread.pool.size = 20 (custom)
2023-07-05 13:43:55,694 [Time-limited test] INFO  server.RaftServerConfigKeys (ConfUtils.java:logGet(46)) - raft.server.data-stream.async.write.thread.pool.size = 16 (default)
2023-07-05 13:43:55,694 [Time-limited test] INFO  server.RaftServerConfigKeys (ConfUtils.java:logGet(46)) - raft.server.data-stream.client.pool.size = 10 (default)
2023-07-05 13:43:55,694 [Time-limited test] INFO  netty.NettyConfigKeys$DataStream (ConfUtils.java:logGet(46)) - raft.netty.dataStream.server.use-epoll = false (default)
2023-07-05 13:43:55,694 [Time-limited test] INFO  netty.NettyConfigKeys$DataStream (ConfUtils.java:logGet(46)) - raft.netty.dataStream.server.boss-group.size = 0 (default)
2023-07-05 13:43:55,694 [Time-limited test] INFO  netty.NettyConfigKeys$DataStream (ConfUtils.java:logGet(46)) - raft.netty.dataStream.server.worker-group.size = 0 (default)
2023-07-05 13:43:55,695 [Time-limited test] INFO  netty.NettyConfigKeys$DataStream (ConfUtils.java:logGet(46)) - raft.netty.dataStream.server.tls.conf = null (default)
2023-07-05 13:43:55,695 [Time-limited test] INFO  netty.NettyConfigKeys$DataStream (ConfUtils.java:logGet(46)) - raft.netty.dataStream.host = null (default)
2023-07-05 13:43:55,695 [Time-limited test] INFO  netty.NettyConfigKeys$DataStream (ConfUtils.java:logGet(46)) - raft.netty.dataStream.port = 15201 (custom)
2023-07-05 13:43:55,695 [Time-limited test] INFO  server.RaftServerConfigKeys (ConfUtils.java:logGet(46)) - raft.server.threadpool.proxy.cached = true (default)
2023-07-05 13:43:55,696 [Time-limited test] INFO  server.RaftServerConfigKeys (ConfUtils.java:logGet(46)) - raft.server.threadpool.proxy.size = 0 (default)
2023-07-05 13:43:55,696 [b5cb5029-fdf1-4728-9c16-344453faf343-NettyServerStreamRpc-bossGroup--thread1] INFO  logging.LoggingHandler (AbstractInternalLogger.java:log(148)) - [id: 0x3b0283a4] REGISTERED
2023-07-05 13:43:55,696 [Time-limited test] INFO  server.RaftServerConfigKeys (ConfUtils.java:logGet(46)) - raft.server.rpc.slowness.timeout = 300s (custom)
2023-07-05 13:43:55,696 [Time-limited test] INFO  server.RaftServerConfigKeys (ConfUtils.java:logGet(46)) - raft.server.leaderelection.leader.step-down.wait-time = 10s (default)
2023-07-05 13:43:55,696 [b5cb5029-fdf1-4728-9c16-344453faf343-NettyServerStreamRpc-bossGroup--thread1] INFO  logging.LoggingHandler (AbstractInternalLogger.java:log(148)) - [id: 0x3b0283a4] BIND: 0.0.0.0/0.0.0.0:15201
2023-07-05 13:43:55,696 [Time-limited test] INFO  server.RaftServerConfigKeys (ConfUtils.java:logGet(46)) - raft.server.storage.dir = [/home/runner/work/ozone/ozone/hadoop-ozone/integration-test/target/test-dir/MiniOzoneClusterImpl-de398c68-44fd-4973-9846-b14d0f209e8c/datanode-3/data/ratis] (custom)
2023-07-05 13:43:55,696 [b5cb5029-fdf1-4728-9c16-344453faf343-NettyServerStreamRpc-bossGroup--thread1] INFO  logging.LoggingHandler (AbstractInternalLogger.java:log(148)) - [id: 0x3b0283a4, L:/0:0:0:0:0:0:0:0:15201] ACTIVE
2023-07-05 13:43:55,698 [Time-limited test] INFO  server.XceiverServerGrpc (XceiverServerGrpc.java:<init>(132)) - GrpcServer channel type EpollServerSocketChannel
2023-07-05 13:43:55,700 [Time-limited test] INFO  replication.ReplicationSupervisor (ReplicationSupervisor.java:nodeStateUpdated(305)) - Node state updated to IN_SERVICE, scaling executor pool size to 10
2023-07-05 13:43:55,704 [Time-limited test] INFO  http.BaseHttpServer (BaseHttpServer.java:newHttpServer2BuilderForOzone(224)) - Starting Web-server for hddsDatanode at: http://0.0.0.0:15195
2023-07-05 13:43:55,704 [Time-limited test] INFO  http.BaseHttpServer (BaseHttpServer.java:<init>(111)) - Hadoop Security Enabled: false Ozone Security Enabled: false Ozone HTTP Security Enabled: false 
2023-07-05 13:43:55,705 [Time-limited test] WARN  server.AuthenticationFilter (AuthenticationFilter.java:constructSecretProvider(240)) - Unable to initialize FileSignerSecretProvider, falling back to use random secrets. Reason: Could not read signature secret file: /home/runner/hadoop-http-auth-signature-secret
2023-07-05 13:43:55,706 [Time-limited test] INFO  http.HttpRequestLog (HttpRequestLog.java:getRequestLog(86)) - Http request log for http.requests.hddsDatanode is not defined
2023-07-05 13:43:55,707 [Time-limited test] INFO  http.HttpServer2 (HttpServer2.java:addGlobalFilter(1031)) - Added global filter 'safety' (class=org.apache.hadoop.hdds.server.http.HttpServer2$QuotingInputFilter)
2023-07-05 13:43:55,708 [Time-limited test] INFO  http.HttpServer2 (HttpServer2.java:addFilter(1007)) - Added filter static_user_filter (class=org.apache.hadoop.http.lib.StaticUserWebFilter$StaticUserFilter) to context hddsDatanode
2023-07-05 13:43:55,708 [Time-limited test] INFO  http.HttpServer2 (HttpServer2.java:addFilter(1015)) - Added filter static_user_filter (class=org.apache.hadoop.http.lib.StaticUserWebFilter$StaticUserFilter) to context logs
2023-07-05 13:43:55,708 [Time-limited test] INFO  http.HttpServer2 (HttpServer2.java:addFilter(1015)) - Added filter static_user_filter (class=org.apache.hadoop.http.lib.StaticUserWebFilter$StaticUserFilter) to context static
2023-07-05 13:43:55,710 [Time-limited test] INFO  http.BaseHttpServer (BaseHttpServer.java:<init>(190)) - HTTP server of hddsDatanode uses base directory /home/runner/work/ozone/ozone/hadoop-ozone/integration-test/target/test-dir/MiniOzoneClusterImpl-de398c68-44fd-4973-9846-b14d0f209e8c/datanode-3/meta/webserver
2023-07-05 13:43:55,710 [Time-limited test] INFO  http.HttpServer2 (HttpServer2.java:bindListener(1250)) - Jetty bound to port 15195
2023-07-05 13:43:55,710 [Time-limited test] INFO  server.Server (Server.java:doStart(375)) - jetty-9.4.51.v20230217; built: 2023-02-17T08:19:37.309Z; git: b45c405e4544384de066f814ed42ae3dceacdd49; jvm 1.8.0_372-b07
2023-07-05 13:43:55,713 [Time-limited test] INFO  server.session (DefaultSessionIdManager.java:doStart(334)) - DefaultSessionIdManager workerName=node0
2023-07-05 13:43:55,713 [Time-limited test] INFO  server.session (DefaultSessionIdManager.java:doStart(339)) - No SessionScavenger set, using defaults
2023-07-05 13:43:55,713 [Time-limited test] INFO  server.session (HouseKeeper.java:startScavenging(132)) - node0 Scavenging every 600000ms
2023-07-05 13:43:55,715 [Time-limited test] INFO  handler.ContextHandler (ContextHandler.java:doStart(921)) - Started o.e.j.s.ServletContextHandler@7d94b164{logs,/logs,file:///home/runner/work/ozone/ozone/hadoop-ozone/integration-test/target/log,AVAILABLE}
2023-07-05 13:43:55,715 [Time-limited test] INFO  handler.ContextHandler (ContextHandler.java:doStart(921)) - Started o.e.j.s.ServletContextHandler@2556e221{static,/static,jar:file:/home/runner/.m2/repository/org/apache/ozone/hdds-container-service/1.4.0-SNAPSHOT/hdds-container-service-1.4.0-SNAPSHOT.jar!/webapps/static,AVAILABLE}
2023-07-05 13:43:55,941 [Time-limited test] INFO  handler.ContextHandler (ContextHandler.java:doStart(921)) - Started o.e.j.w.WebAppContext@6c4944d1{hddsDatanode,/,file:///home/runner/work/ozone/ozone/hadoop-ozone/integration-test/target/test-dir/MiniOzoneClusterImpl-de398c68-44fd-4973-9846-b14d0f209e8c/datanode-3/meta/webserver/jetty-0_0_0_0-15195-hdds-container-service-1_4_0-SNAPSHOT_jar-_-any-8194102370708522727/webapp/,AVAILABLE}{jar:file:/home/runner/.m2/repository/org/apache/ozone/hdds-container-service/1.4.0-SNAPSHOT/hdds-container-service-1.4.0-SNAPSHOT.jar!/webapps/hddsDatanode}
2023-07-05 13:43:55,943 [Time-limited test] INFO  server.AbstractConnector (AbstractConnector.java:doStart(333)) - Started ServerConnector@af3b880{HTTP/1.1, (http/1.1)}{0.0.0.0:15195}
2023-07-05 13:43:55,943 [Time-limited test] INFO  server.Server (Server.java:doStart(415)) - Started @145229ms
2023-07-05 13:43:55,943 [Time-limited test] WARN  impl.MetricsSystemImpl (MetricsSystemImpl.java:register(279)) - Sink prometheus already exists!
2023-07-05 13:43:55,944 [Time-limited test] INFO  http.BaseHttpServer (BaseHttpServer.java:updateConnectorAddress(344)) - HTTP server of hddsDatanode listening at http://0.0.0.0:15195
2023-07-05 13:43:55,944 [Time-limited test] INFO  ipc.CallQueueManager (CallQueueManager.java:<init>(90)) - Using callQueue: class java.util.concurrent.LinkedBlockingQueue, queueCapacity: 100, scheduler: class org.apache.hadoop.ipc.DefaultRpcScheduler, ipcBackoff: false.
2023-07-05 13:43:55,944 [Time-limited test] INFO  ipc.Server (Server.java:<init>(1287)) - Listener at 0.0.0.0:15196
2023-07-05 13:43:55,945 [Socket Reader #1 for port 15196] INFO  ipc.Server (Server.java:run(1323)) - Starting Socket Reader #1 for port 15196
2023-07-05 13:43:55,948 [Time-limited test] INFO  ozone.HddsDatanodeService (HddsDatanodeService.java:start(315)) - Datanode start with admins: [runner]
2023-07-05 13:43:55,949 [Time-limited test] INFO  ozone.HddsDatanodeClientProtocolServer (HddsDatanodeClientProtocolServer.java:start(72)) - RPC server for Client /0.0.0.0:15196
2023-07-05 13:43:55,949 [IPC Server Responder] INFO  ipc.Server (Server.java:run(1562)) - IPC Server Responder: starting
2023-07-05 13:43:55,949 [IPC Server listener on 15196] INFO  ipc.Server (Server.java:run(1402)) - IPC Server listener on 15196: starting
2023-07-05 13:43:55,949 [Datanode State Machine Daemon Thread] INFO  statemachine.DatanodeStateMachine (DatanodeStateMachine.java:lambda$startDaemon$0(531)) - Ozone container server started.
2023-07-05 13:43:55,949 [Time-limited test] WARN  impl.MetricRegistriesImpl (MetricRegistriesImpl.java:addReporterRegistration(111)) - New reporters are added after registries were created. Some metrics will be missing from the reporter. Please add reporter before adding any new registry.
2023-07-05 13:43:55,949 [Time-limited test] WARN  impl.MetricRegistriesImpl (MetricRegistriesImpl.java:addReporterRegistration(111)) - New reporters are added after registries were created. Some metrics will be missing from the reporter. Please add reporter before adding any new registry.
2023-07-05 13:43:55,950 [Time-limited test] INFO  impl.MetricsSystemImpl (MetricsSystemImpl.java:init(158)) - HddsDatanode metrics system started (again)
2023-07-05 13:43:55,956 [Datanode State Machine Task Thread - 0] INFO  datanode.InitDatanodeState (InitDatanodeState.java:persistContainerDatanodeDetails(138)) - DatanodeDetails is persisted to /home/runner/work/ozone/ozone/hadoop-ozone/integration-test/target/test-dir/MiniOzoneClusterImpl-de398c68-44fd-4973-9846-b14d0f209e8c/datanode-3/meta/datanode.id
2023-07-05 13:43:55,964 [Time-limited test] INFO  ozone.HddsDatanodeService (HddsDatanodeService.java:start(237)) - HddsDatanodeService host:fv-az264-29.ca02foy5wcnuvlrvrz2wi3p2og.dx.internal.cloudapp.net ip:10.1.0.13
2023-07-05 13:43:55,989 [Time-limited test] INFO  upgrade.AbstractLayoutVersionManager (AbstractLayoutVersionManager.java:init(83)) - Initializing Layout version manager with metadata layout = HADOOP_PRC_PORTS_IN_DATANODEDETAILS (version = 7), software layout = HADOOP_PRC_PORTS_IN_DATANODEDETAILS (version = 7)
2023-07-05 13:43:55,990 [Time-limited test] INFO  statemachine.DatanodeStateMachine (DatanodeStateMachine.java:getEndPointTaskThreadPoolSize(279)) - Datanode State Machine Task Thread Pool size 2
2023-07-05 13:43:55,993 [Time-limited test] INFO  volume.HddsVolume (HddsVolume.java:<init>(133)) - Creating HddsVolume: /home/runner/work/ozone/ozone/hadoop-ozone/integration-test/target/test-dir/MiniOzoneClusterImpl-de398c68-44fd-4973-9846-b14d0f209e8c/datanode-4/data-0/containers/hdds of storage type : DISK capacity : 9223372036854775807
2023-07-05 13:43:55,993 [Time-limited test] INFO  volume.MutableVolumeSet (MutableVolumeSet.java:initializeVolumeSet(175)) - Added Volume : /home/runner/work/ozone/ozone/hadoop-ozone/integration-test/target/test-dir/MiniOzoneClusterImpl-de398c68-44fd-4973-9846-b14d0f209e8c/datanode-4/data-0/containers/hdds to VolumeSet
2023-07-05 13:43:55,993 [Time-limited test] INFO  volume.ThrottledAsyncChecker (ThrottledAsyncChecker.java:schedule(141)) - Scheduling a check for /home/runner/work/ozone/ozone/hadoop-ozone/integration-test/target/test-dir/MiniOzoneClusterImpl-de398c68-44fd-4973-9846-b14d0f209e8c/datanode-4/data-0/containers/hdds
2023-07-05 13:43:55,995 [Time-limited test] INFO  volume.StorageVolumeChecker (StorageVolumeChecker.java:checkAllVolumes(202)) - Scheduled health check for volume /home/runner/work/ozone/ozone/hadoop-ozone/integration-test/target/test-dir/MiniOzoneClusterImpl-de398c68-44fd-4973-9846-b14d0f209e8c/datanode-4/data-0/containers/hdds
2023-07-05 13:43:55,998 [Time-limited test] INFO  volume.MutableVolumeSet (MutableVolumeSet.java:initializeVolumeSet(175)) - Added Volume : /home/runner/work/ozone/ozone/hadoop-ozone/integration-test/target/test-dir/MiniOzoneClusterImpl-de398c68-44fd-4973-9846-b14d0f209e8c/datanode-4/data/ratis to VolumeSet
2023-07-05 13:43:55,998 [Time-limited test] INFO  volume.ThrottledAsyncChecker (ThrottledAsyncChecker.java:schedule(141)) - Scheduling a check for /home/runner/work/ozone/ozone/hadoop-ozone/integration-test/target/test-dir/MiniOzoneClusterImpl-de398c68-44fd-4973-9846-b14d0f209e8c/datanode-4/data/ratis
2023-07-05 13:43:55,998 [Time-limited test] INFO  volume.StorageVolumeChecker (StorageVolumeChecker.java:checkAllVolumes(202)) - Scheduled health check for volume /home/runner/work/ozone/ozone/hadoop-ozone/integration-test/target/test-dir/MiniOzoneClusterImpl-de398c68-44fd-4973-9846-b14d0f209e8c/datanode-4/data/ratis
2023-07-05 13:43:56,000 [Thread-1984] INFO  ozoneimpl.ContainerReader (ContainerReader.java:readVolume(175)) - Finish verifying containers on volume /home/runner/work/ozone/ozone/hadoop-ozone/integration-test/target/test-dir/MiniOzoneClusterImpl-de398c68-44fd-4973-9846-b14d0f209e8c/datanode-4/data-0/containers/hdds
2023-07-05 13:43:56,000 [Time-limited test] INFO  ozoneimpl.OzoneContainer (OzoneContainer.java:buildContainerSet(316)) - Build ContainerSet costs 0s
2023-07-05 13:43:56,002 [Time-limited test] INFO  server.RaftServer (ConfUtils.java:logGet(46)) - raft.rpc.type = GRPC (default)
2023-07-05 13:43:56,002 [Time-limited test] INFO  grpc.GrpcConfigKeys (ConfUtils.java:logFallback(53)) - raft.grpc.admin.host = null (fallback to raft.grpc.server.host)
2023-07-05 13:43:56,002 [Time-limited test] INFO  grpc.GrpcConfigKeys (ConfUtils.java:logGet(46)) - raft.grpc.admin.port = 15208 (custom)
2023-07-05 13:43:56,002 [Time-limited test] INFO  grpc.GrpcConfigKeys (ConfUtils.java:logFallback(53)) - raft.grpc.client.host = null (fallback to raft.grpc.server.host)
2023-07-05 13:43:56,002 [Time-limited test] INFO  grpc.GrpcConfigKeys (ConfUtils.java:logGet(46)) - raft.grpc.client.port = 15207 (custom)
2023-07-05 13:43:56,002 [Time-limited test] INFO  grpc.GrpcConfigKeys (ConfUtils.java:logGet(46)) - raft.grpc.server.host = null (default)
2023-07-05 13:43:56,003 [Time-limited test] INFO  grpc.GrpcConfigKeys (ConfUtils.java:logGet(46)) - raft.grpc.server.port = 15209 (custom)
2023-07-05 13:43:56,003 [Time-limited test] INFO  server.GrpcService (ConfUtils.java:logGet(46)) - raft.grpc.message.size.max = 32MB (=33554432) (custom)
2023-07-05 13:43:56,003 [Time-limited test] INFO  server.RaftServerConfigKeys (ConfUtils.java:logGet(46)) - raft.server.log.appender.buffer.byte-limit = 33554432 (custom)
2023-07-05 13:43:56,003 [Time-limited test] INFO  server.GrpcService (ConfUtils.java:logGet(46)) - raft.grpc.flow.control.window = 5MB (=5242880) (custom)
2023-07-05 13:43:56,003 [Time-limited test] INFO  server.RaftServerConfigKeys (ConfUtils.java:logGet(46)) - raft.server.rpc.request.timeout = 60s (custom)
2023-07-05 13:43:56,003 [Time-limited test] INFO  grpc.GrpcConfigKeys (ConfUtils.java:logGet(46)) - raft.grpc.server.heartbeat.channel = true (default)
2023-07-05 13:43:56,003 [Time-limited test] INFO  grpc.GrpcConfigKeys (ConfUtils.java:logGet(46)) - raft.grpc.server.async.request.thread.pool.cached = true (default)
2023-07-05 13:43:56,003 [Time-limited test] INFO  grpc.GrpcConfigKeys (ConfUtils.java:logGet(46)) - raft.grpc.server.async.request.thread.pool.size = 32 (default)
2023-07-05 13:43:56,006 [Time-limited test] INFO  impl.DataStreamServerImpl (ConfUtils.java:logGet(46)) - raft.datastream.type = NETTY (custom)
2023-07-05 13:43:56,006 [Time-limited test] INFO  server.RaftServerConfigKeys (ConfUtils.java:logGet(46)) - raft.server.data-stream.async.request.thread.pool.cached = false (default)
2023-07-05 13:43:56,006 [Time-limited test] INFO  server.RaftServerConfigKeys (ConfUtils.java:logGet(46)) - raft.server.data-stream.async.request.thread.pool.size = 20 (custom)
2023-07-05 13:43:56,006 [Time-limited test] INFO  server.RaftServerConfigKeys (ConfUtils.java:logGet(46)) - raft.server.data-stream.async.write.thread.pool.size = 16 (default)
2023-07-05 13:43:56,006 [Time-limited test] INFO  server.RaftServerConfigKeys (ConfUtils.java:logGet(46)) - raft.server.data-stream.client.pool.size = 10 (default)
2023-07-05 13:43:56,007 [Time-limited test] INFO  netty.NettyConfigKeys$DataStream (ConfUtils.java:logGet(46)) - raft.netty.dataStream.server.use-epoll = false (default)
2023-07-05 13:43:56,007 [Time-limited test] INFO  netty.NettyConfigKeys$DataStream (ConfUtils.java:logGet(46)) - raft.netty.dataStream.server.boss-group.size = 0 (default)
2023-07-05 13:43:56,007 [Time-limited test] INFO  netty.NettyConfigKeys$DataStream (ConfUtils.java:logGet(46)) - raft.netty.dataStream.server.worker-group.size = 0 (default)
2023-07-05 13:43:56,007 [Time-limited test] INFO  netty.NettyConfigKeys$DataStream (ConfUtils.java:logGet(46)) - raft.netty.dataStream.server.tls.conf = null (default)
2023-07-05 13:43:56,007 [Time-limited test] INFO  netty.NettyConfigKeys$DataStream (ConfUtils.java:logGet(46)) - raft.netty.dataStream.host = null (default)
2023-07-05 13:43:56,007 [Time-limited test] INFO  netty.NettyConfigKeys$DataStream (ConfUtils.java:logGet(46)) - raft.netty.dataStream.port = 15210 (custom)
2023-07-05 13:43:56,008 [Time-limited test] INFO  server.RaftServerConfigKeys (ConfUtils.java:logGet(46)) - raft.server.threadpool.proxy.cached = true (default)
2023-07-05 13:43:56,008 [Time-limited test] INFO  server.RaftServerConfigKeys (ConfUtils.java:logGet(46)) - raft.server.threadpool.proxy.size = 0 (default)
2023-07-05 13:43:56,008 [Time-limited test] INFO  server.RaftServerConfigKeys (ConfUtils.java:logGet(46)) - raft.server.rpc.slowness.timeout = 300s (custom)
2023-07-05 13:43:56,008 [Time-limited test] INFO  server.RaftServerConfigKeys (ConfUtils.java:logGet(46)) - raft.server.leaderelection.leader.step-down.wait-time = 10s (default)
2023-07-05 13:43:56,008 [Time-limited test] INFO  server.RaftServerConfigKeys (ConfUtils.java:logGet(46)) - raft.server.storage.dir = [/home/runner/work/ozone/ozone/hadoop-ozone/integration-test/target/test-dir/MiniOzoneClusterImpl-de398c68-44fd-4973-9846-b14d0f209e8c/datanode-4/data/ratis] (custom)
2023-07-05 13:43:56,009 [4b44d0b2-60c3-4e8b-a338-1aeff42e189f-NettyServerStreamRpc-bossGroup--thread1] INFO  logging.LoggingHandler (AbstractInternalLogger.java:log(148)) - [id: 0x08df7790] REGISTERED
2023-07-05 13:43:56,009 [4b44d0b2-60c3-4e8b-a338-1aeff42e189f-NettyServerStreamRpc-bossGroup--thread1] INFO  logging.LoggingHandler (AbstractInternalLogger.java:log(148)) - [id: 0x08df7790] BIND: 0.0.0.0/0.0.0.0:15210
2023-07-05 13:43:56,009 [4b44d0b2-60c3-4e8b-a338-1aeff42e189f-NettyServerStreamRpc-bossGroup--thread1] INFO  logging.LoggingHandler (AbstractInternalLogger.java:log(148)) - [id: 0x08df7790, L:/0:0:0:0:0:0:0:0:15210] ACTIVE
2023-07-05 13:43:56,010 [Time-limited test] INFO  server.XceiverServerGrpc (XceiverServerGrpc.java:<init>(132)) - GrpcServer channel type EpollServerSocketChannel
2023-07-05 13:43:56,012 [Time-limited test] INFO  replication.ReplicationSupervisor (ReplicationSupervisor.java:nodeStateUpdated(305)) - Node state updated to IN_SERVICE, scaling executor pool size to 10
2023-07-05 13:43:56,013 [Time-limited test] INFO  http.BaseHttpServer (BaseHttpServer.java:newHttpServer2BuilderForOzone(224)) - Starting Web-server for hddsDatanode at: http://0.0.0.0:15204
2023-07-05 13:43:56,014 [Time-limited test] INFO  http.BaseHttpServer (BaseHttpServer.java:<init>(111)) - Hadoop Security Enabled: false Ozone Security Enabled: false Ozone HTTP Security Enabled: false 
2023-07-05 13:43:56,016 [Time-limited test] WARN  server.AuthenticationFilter (AuthenticationFilter.java:constructSecretProvider(240)) - Unable to initialize FileSignerSecretProvider, falling back to use random secrets. Reason: Could not read signature secret file: /home/runner/hadoop-http-auth-signature-secret
2023-07-05 13:43:56,018 [Time-limited test] INFO  http.HttpRequestLog (HttpRequestLog.java:getRequestLog(86)) - Http request log for http.requests.hddsDatanode is not defined
2023-07-05 13:43:56,019 [Time-limited test] INFO  http.HttpServer2 (HttpServer2.java:addGlobalFilter(1031)) - Added global filter 'safety' (class=org.apache.hadoop.hdds.server.http.HttpServer2$QuotingInputFilter)
2023-07-05 13:43:56,020 [Time-limited test] INFO  http.HttpServer2 (HttpServer2.java:addFilter(1007)) - Added filter static_user_filter (class=org.apache.hadoop.http.lib.StaticUserWebFilter$StaticUserFilter) to context hddsDatanode
2023-07-05 13:43:56,020 [Time-limited test] INFO  http.HttpServer2 (HttpServer2.java:addFilter(1015)) - Added filter static_user_filter (class=org.apache.hadoop.http.lib.StaticUserWebFilter$StaticUserFilter) to context logs
2023-07-05 13:43:56,020 [Time-limited test] INFO  http.HttpServer2 (HttpServer2.java:addFilter(1015)) - Added filter static_user_filter (class=org.apache.hadoop.http.lib.StaticUserWebFilter$StaticUserFilter) to context static
2023-07-05 13:43:56,020 [Time-limited test] INFO  http.BaseHttpServer (BaseHttpServer.java:<init>(190)) - HTTP server of hddsDatanode uses base directory /home/runner/work/ozone/ozone/hadoop-ozone/integration-test/target/test-dir/MiniOzoneClusterImpl-de398c68-44fd-4973-9846-b14d0f209e8c/datanode-4/meta/webserver
2023-07-05 13:43:56,021 [Time-limited test] INFO  http.HttpServer2 (HttpServer2.java:bindListener(1250)) - Jetty bound to port 15204
2023-07-05 13:43:56,021 [Time-limited test] INFO  server.Server (Server.java:doStart(375)) - jetty-9.4.51.v20230217; built: 2023-02-17T08:19:37.309Z; git: b45c405e4544384de066f814ed42ae3dceacdd49; jvm 1.8.0_372-b07
2023-07-05 13:43:56,029 [Time-limited test] INFO  server.session (DefaultSessionIdManager.java:doStart(334)) - DefaultSessionIdManager workerName=node0
2023-07-05 13:43:56,030 [Time-limited test] INFO  server.session (DefaultSessionIdManager.java:doStart(339)) - No SessionScavenger set, using defaults
2023-07-05 13:43:56,030 [Time-limited test] INFO  server.session (HouseKeeper.java:startScavenging(132)) - node0 Scavenging every 660000ms
2023-07-05 13:43:56,031 [Time-limited test] INFO  handler.ContextHandler (ContextHandler.java:doStart(921)) - Started o.e.j.s.ServletContextHandler@363bd638{logs,/logs,file:///home/runner/work/ozone/ozone/hadoop-ozone/integration-test/target/log,AVAILABLE}
2023-07-05 13:43:56,032 [Time-limited test] INFO  handler.ContextHandler (ContextHandler.java:doStart(921)) - Started o.e.j.s.ServletContextHandler@300f4c15{static,/static,jar:file:/home/runner/.m2/repository/org/apache/ozone/hdds-container-service/1.4.0-SNAPSHOT/hdds-container-service-1.4.0-SNAPSHOT.jar!/webapps/static,AVAILABLE}
2023-07-05 13:43:56,258 [Time-limited test] INFO  handler.ContextHandler (ContextHandler.java:doStart(921)) - Started o.e.j.w.WebAppContext@9eb6641{hddsDatanode,/,file:///home/runner/work/ozone/ozone/hadoop-ozone/integration-test/target/test-dir/MiniOzoneClusterImpl-de398c68-44fd-4973-9846-b14d0f209e8c/datanode-4/meta/webserver/jetty-0_0_0_0-15204-hdds-container-service-1_4_0-SNAPSHOT_jar-_-any-2855184337895454729/webapp/,AVAILABLE}{jar:file:/home/runner/.m2/repository/org/apache/ozone/hdds-container-service/1.4.0-SNAPSHOT/hdds-container-service-1.4.0-SNAPSHOT.jar!/webapps/hddsDatanode}
2023-07-05 13:43:56,260 [Time-limited test] INFO  server.AbstractConnector (AbstractConnector.java:doStart(333)) - Started ServerConnector@353ce83b{HTTP/1.1, (http/1.1)}{0.0.0.0:15204}
2023-07-05 13:43:56,260 [Time-limited test] INFO  server.Server (Server.java:doStart(415)) - Started @145546ms
2023-07-05 13:43:56,260 [Time-limited test] WARN  impl.MetricsSystemImpl (MetricsSystemImpl.java:register(279)) - Sink prometheus already exists!
2023-07-05 13:43:56,260 [Time-limited test] INFO  http.BaseHttpServer (BaseHttpServer.java:updateConnectorAddress(344)) - HTTP server of hddsDatanode listening at http://0.0.0.0:15204
2023-07-05 13:43:56,261 [Time-limited test] INFO  ipc.CallQueueManager (CallQueueManager.java:<init>(90)) - Using callQueue: class java.util.concurrent.LinkedBlockingQueue, queueCapacity: 100, scheduler: class org.apache.hadoop.ipc.DefaultRpcScheduler, ipcBackoff: false.
2023-07-05 13:43:56,261 [Time-limited test] INFO  ipc.Server (Server.java:<init>(1287)) - Listener at 0.0.0.0:15205
2023-07-05 13:43:56,262 [Socket Reader #1 for port 15205] INFO  ipc.Server (Server.java:run(1323)) - Starting Socket Reader #1 for port 15205
2023-07-05 13:43:56,268 [Time-limited test] INFO  ozone.HddsDatanodeService (HddsDatanodeService.java:start(315)) - Datanode start with admins: [runner]
2023-07-05 13:43:56,268 [Time-limited test] INFO  ozone.HddsDatanodeClientProtocolServer (HddsDatanodeClientProtocolServer.java:start(72)) - RPC server for Client /0.0.0.0:15205
2023-07-05 13:43:56,268 [IPC Server Responder] INFO  ipc.Server (Server.java:run(1562)) - IPC Server Responder: starting
2023-07-05 13:43:56,270 [Time-limited test] INFO  ozone.MiniOzoneClusterImpl (MiniOzoneClusterImpl.java:lambda$waitForClusterToBeReady$0(224)) - Waiting for nodes to be ready. Got 0 of 5 DN Heartbeats.
2023-07-05 13:43:56,271 [Time-limited test] INFO  ozone.MiniOzoneClusterImpl (MiniOzoneClusterImpl.java:lambda$waitForClusterToBeReady$0(227)) - Waiting for cluster to exit safe mode
2023-07-05 13:43:56,271 [Time-limited test] INFO  ozone.MiniOzoneClusterImpl (MiniOzoneClusterImpl.java:lambda$waitForClusterToBeReady$0(229)) - SCM became leader
2023-07-05 13:43:56,268 [IPC Server listener on 15205] INFO  ipc.Server (Server.java:run(1402)) - IPC Server listener on 15205: starting
2023-07-05 13:43:56,271 [Datanode State Machine Daemon Thread] INFO  statemachine.DatanodeStateMachine (DatanodeStateMachine.java:lambda$startDaemon$0(531)) - Ozone container server started.
2023-07-05 13:43:56,276 [Datanode State Machine Task Thread - 0] INFO  datanode.InitDatanodeState (InitDatanodeState.java:persistContainerDatanodeDetails(138)) - DatanodeDetails is persisted to /home/runner/work/ozone/ozone/hadoop-ozone/integration-test/target/test-dir/MiniOzoneClusterImpl-de398c68-44fd-4973-9846-b14d0f209e8c/datanode-4/meta/datanode.id
2023-07-05 13:43:56,613 [ReplicationMonitor] INFO  replication.ReplicationManager (ReplicationManager.java:processAll(361)) - Replication Manager is not ready to run until 3000ms after safemode exit
2023-07-05 13:43:57,009 [EndpointStateMachine task thread for /0.0.0.0:15161 - 0 ] INFO  utils.DatanodeStoreCache (DatanodeStoreCache.java:addDB(66)) - Added db /home/runner/work/ozone/ozone/hadoop-ozone/integration-test/target/test-dir/MiniOzoneClusterImpl-de398c68-44fd-4973-9846-b14d0f209e8c/datanode-0/data-0/containers/hdds/de398c68-44fd-4973-9846-b14d0f209e8c/DS-9dd4327c-4661-4f9c-87f2-583bc0f1f71b/container.db to cache
2023-07-05 13:43:57,009 [EndpointStateMachine task thread for /0.0.0.0:15161 - 0 ] INFO  volume.HddsVolume (HddsVolume.java:createDbStore(478)) - SchemaV3 db is created and loaded at /home/runner/work/ozone/ozone/hadoop-ozone/integration-test/target/test-dir/MiniOzoneClusterImpl-de398c68-44fd-4973-9846-b14d0f209e8c/datanode-0/data-0/containers/hdds/de398c68-44fd-4973-9846-b14d0f209e8c/DS-9dd4327c-4661-4f9c-87f2-583bc0f1f71b/container.db for volume DS-9dd4327c-4661-4f9c-87f2-583bc0f1f71b
2023-07-05 13:43:57,009 [EndpointStateMachine task thread for /0.0.0.0:15161 - 0 ] INFO  ozoneimpl.OzoneContainer (OzoneContainer.java:start(419)) - Attempting to start container services.
2023-07-05 13:43:57,010 [EndpointStateMachine task thread for /0.0.0.0:15161 - 0 ] INFO  ozoneimpl.OzoneContainer (OzoneContainer.java:startContainerScrub(327)) - Scheduled background container scanners and the on-demand container scanner have been disabled.
2023-07-05 13:43:57,013 [EndpointStateMachine task thread for /0.0.0.0:15161 - 0 ] INFO  replication.ReplicationServer (ReplicationServer.java:start(128)) - ReplicationServer is started using port 15175
2023-07-05 13:43:57,013 [EndpointStateMachine task thread for /0.0.0.0:15161 - 0 ] INFO  ratis.XceiverServerRatis (XceiverServerRatis.java:start(517)) - Starting XceiverServerRatis 67a76afe-b765-42e9-b514-f84c102d0c02
2023-07-05 13:43:57,013 [EndpointStateMachine task thread for /0.0.0.0:15161 - 0 ] INFO  server.RaftServer (RaftServerProxy.java:startImpl(400)) - 67a76afe-b765-42e9-b514-f84c102d0c02: start RPC server
2023-07-05 13:43:57,014 [EndpointStateMachine task thread for /0.0.0.0:15161 - 0 ] INFO  server.GrpcService (GrpcService.java:startImpl(302)) - 67a76afe-b765-42e9-b514-f84c102d0c02: GrpcService started, listening on 15171
2023-07-05 13:43:57,015 [EndpointStateMachine task thread for /0.0.0.0:15161 - 0 ] INFO  server.GrpcService (GrpcService.java:startImpl(302)) - 67a76afe-b765-42e9-b514-f84c102d0c02: GrpcService started, listening on 15173
2023-07-05 13:43:57,017 [EndpointStateMachine task thread for /0.0.0.0:15161 - 0 ] INFO  server.GrpcService (GrpcService.java:startImpl(302)) - 67a76afe-b765-42e9-b514-f84c102d0c02: GrpcService started, listening on 15172
2023-07-05 13:43:57,017 [EndpointStateMachine task thread for /0.0.0.0:15161 - 0 ] INFO  ratis.XceiverServerRatis (XceiverServerRatis.java:getRealPort(543)) - XceiverServerRatis 67a76afe-b765-42e9-b514-f84c102d0c02 is started using port 15171 for RATIS
2023-07-05 13:43:57,017 [EndpointStateMachine task thread for /0.0.0.0:15161 - 0 ] INFO  ratis.XceiverServerRatis (XceiverServerRatis.java:getRealPort(543)) - XceiverServerRatis 67a76afe-b765-42e9-b514-f84c102d0c02 is started using port 15172 for RATIS_ADMIN
2023-07-05 13:43:57,017 [JvmPauseMonitor23] INFO  util.JvmPauseMonitor (JvmPauseMonitor.java:run(103)) - JvmPauseMonitor-67a76afe-b765-42e9-b514-f84c102d0c02: Started
2023-07-05 13:43:57,017 [EndpointStateMachine task thread for /0.0.0.0:15161 - 0 ] INFO  ratis.XceiverServerRatis (XceiverServerRatis.java:getRealPort(543)) - XceiverServerRatis 67a76afe-b765-42e9-b514-f84c102d0c02 is started using port 15173 for RATIS_SERVER
2023-07-05 13:43:57,017 [EndpointStateMachine task thread for /0.0.0.0:15161 - 0 ] INFO  ratis.XceiverServerRatis (XceiverServerRatis.java:getRealPort(543)) - XceiverServerRatis 67a76afe-b765-42e9-b514-f84c102d0c02 is started using port 15174 for RATIS_DATASTREAM
2023-07-05 13:43:57,020 [BlockDeletingService#0] INFO  interfaces.ContainerDeletionChoosingPolicyTemplate (ContainerDeletionChoosingPolicyTemplate.java:chooseContainerForBlockDeletion(83)) - Chosen 0/5000 blocks from 0 candidate containers.
2023-07-05 13:43:57,271 [Time-limited test] INFO  ozone.MiniOzoneClusterImpl (MiniOzoneClusterImpl.java:lambda$waitForClusterToBeReady$0(224)) - Waiting for nodes to be ready. Got 0 of 5 DN Heartbeats.
2023-07-05 13:43:57,271 [Time-limited test] INFO  ozone.MiniOzoneClusterImpl (MiniOzoneClusterImpl.java:lambda$waitForClusterToBeReady$0(227)) - Waiting for cluster to exit safe mode
2023-07-05 13:43:57,271 [Time-limited test] INFO  ozone.MiniOzoneClusterImpl (MiniOzoneClusterImpl.java:lambda$waitForClusterToBeReady$0(229)) - SCM became leader
2023-07-05 13:43:57,334 [EndpointStateMachine task thread for /0.0.0.0:15161 - 0 ] INFO  utils.DatanodeStoreCache (DatanodeStoreCache.java:addDB(66)) - Added db /home/runner/work/ozone/ozone/hadoop-ozone/integration-test/target/test-dir/MiniOzoneClusterImpl-de398c68-44fd-4973-9846-b14d0f209e8c/datanode-1/data-0/containers/hdds/de398c68-44fd-4973-9846-b14d0f209e8c/DS-919c0449-7e98-479b-81b6-abc8063f6a8d/container.db to cache
2023-07-05 13:43:57,334 [EndpointStateMachine task thread for /0.0.0.0:15161 - 0 ] INFO  volume.HddsVolume (HddsVolume.java:createDbStore(478)) - SchemaV3 db is created and loaded at /home/runner/work/ozone/ozone/hadoop-ozone/integration-test/target/test-dir/MiniOzoneClusterImpl-de398c68-44fd-4973-9846-b14d0f209e8c/datanode-1/data-0/containers/hdds/de398c68-44fd-4973-9846-b14d0f209e8c/DS-919c0449-7e98-479b-81b6-abc8063f6a8d/container.db for volume DS-919c0449-7e98-479b-81b6-abc8063f6a8d
2023-07-05 13:43:57,335 [EndpointStateMachine task thread for /0.0.0.0:15161 - 0 ] INFO  ozoneimpl.OzoneContainer (OzoneContainer.java:start(419)) - Attempting to start container services.
2023-07-05 13:43:57,335 [EndpointStateMachine task thread for /0.0.0.0:15161 - 0 ] INFO  ozoneimpl.OzoneContainer (OzoneContainer.java:startContainerScrub(327)) - Scheduled background container scanners and the on-demand container scanner have been disabled.
2023-07-05 13:43:57,339 [EndpointStateMachine task thread for /0.0.0.0:15161 - 0 ] INFO  replication.ReplicationServer (ReplicationServer.java:start(128)) - ReplicationServer is started using port 15184
2023-07-05 13:43:57,339 [EndpointStateMachine task thread for /0.0.0.0:15161 - 0 ] INFO  ratis.XceiverServerRatis (XceiverServerRatis.java:start(517)) - Starting XceiverServerRatis e6531a31-c1d4-4472-9f40-44bc51606458
2023-07-05 13:43:57,343 [EndpointStateMachine task thread for /0.0.0.0:15161 - 0 ] INFO  server.RaftServer (RaftServerProxy.java:startImpl(400)) - e6531a31-c1d4-4472-9f40-44bc51606458: start RPC server
2023-07-05 13:43:57,344 [EndpointStateMachine task thread for /0.0.0.0:15161 - 0 ] INFO  server.GrpcService (GrpcService.java:startImpl(302)) - e6531a31-c1d4-4472-9f40-44bc51606458: GrpcService started, listening on 15180
2023-07-05 13:43:57,346 [EndpointStateMachine task thread for /0.0.0.0:15161 - 0 ] INFO  server.GrpcService (GrpcService.java:startImpl(302)) - e6531a31-c1d4-4472-9f40-44bc51606458: GrpcService started, listening on 15182
2023-07-05 13:43:57,347 [EndpointStateMachine task thread for /0.0.0.0:15161 - 0 ] INFO  server.GrpcService (GrpcService.java:startImpl(302)) - e6531a31-c1d4-4472-9f40-44bc51606458: GrpcService started, listening on 15181
2023-07-05 13:43:57,347 [EndpointStateMachine task thread for /0.0.0.0:15161 - 0 ] INFO  ratis.XceiverServerRatis (XceiverServerRatis.java:getRealPort(543)) - XceiverServerRatis e6531a31-c1d4-4472-9f40-44bc51606458 is started using port 15180 for RATIS
2023-07-05 13:43:57,347 [JvmPauseMonitor24] INFO  util.JvmPauseMonitor (JvmPauseMonitor.java:run(103)) - JvmPauseMonitor-e6531a31-c1d4-4472-9f40-44bc51606458: Started
2023-07-05 13:43:57,347 [EndpointStateMachine task thread for /0.0.0.0:15161 - 0 ] INFO  ratis.XceiverServerRatis (XceiverServerRatis.java:getRealPort(543)) - XceiverServerRatis e6531a31-c1d4-4472-9f40-44bc51606458 is started using port 15181 for RATIS_ADMIN
2023-07-05 13:43:57,347 [EndpointStateMachine task thread for /0.0.0.0:15161 - 0 ] INFO  ratis.XceiverServerRatis (XceiverServerRatis.java:getRealPort(543)) - XceiverServerRatis e6531a31-c1d4-4472-9f40-44bc51606458 is started using port 15182 for RATIS_SERVER
2023-07-05 13:43:57,347 [EndpointStateMachine task thread for /0.0.0.0:15161 - 0 ] INFO  ratis.XceiverServerRatis (XceiverServerRatis.java:getRealPort(543)) - XceiverServerRatis e6531a31-c1d4-4472-9f40-44bc51606458 is started using port 15183 for RATIS_DATASTREAM
2023-07-05 13:43:57,349 [BlockDeletingService#0] INFO  interfaces.ContainerDeletionChoosingPolicyTemplate (ContainerDeletionChoosingPolicyTemplate.java:chooseContainerForBlockDeletion(83)) - Chosen 0/5000 blocks from 0 candidate containers.
2023-07-05 13:43:57,613 [ReplicationMonitor] INFO  replication.ReplicationManager (ReplicationManager.java:processAll(361)) - Replication Manager is not ready to run until 3000ms after safemode exit
2023-07-05 13:43:57,693 [EndpointStateMachine task thread for /0.0.0.0:15161 - 0 ] INFO  utils.DatanodeStoreCache (DatanodeStoreCache.java:addDB(66)) - Added db /home/runner/work/ozone/ozone/hadoop-ozone/integration-test/target/test-dir/MiniOzoneClusterImpl-de398c68-44fd-4973-9846-b14d0f209e8c/datanode-2/data-0/containers/hdds/de398c68-44fd-4973-9846-b14d0f209e8c/DS-e0647b30-63b0-4b74-8425-25031c29308e/container.db to cache
2023-07-05 13:43:57,693 [EndpointStateMachine task thread for /0.0.0.0:15161 - 0 ] INFO  volume.HddsVolume (HddsVolume.java:createDbStore(478)) - SchemaV3 db is created and loaded at /home/runner/work/ozone/ozone/hadoop-ozone/integration-test/target/test-dir/MiniOzoneClusterImpl-de398c68-44fd-4973-9846-b14d0f209e8c/datanode-2/data-0/containers/hdds/de398c68-44fd-4973-9846-b14d0f209e8c/DS-e0647b30-63b0-4b74-8425-25031c29308e/container.db for volume DS-e0647b30-63b0-4b74-8425-25031c29308e
2023-07-05 13:43:57,693 [EndpointStateMachine task thread for /0.0.0.0:15161 - 0 ] INFO  ozoneimpl.OzoneContainer (OzoneContainer.java:start(419)) - Attempting to start container services.
2023-07-05 13:43:57,694 [EndpointStateMachine task thread for /0.0.0.0:15161 - 0 ] INFO  ozoneimpl.OzoneContainer (OzoneContainer.java:startContainerScrub(327)) - Scheduled background container scanners and the on-demand container scanner have been disabled.
2023-07-05 13:43:57,695 [EndpointStateMachine task thread for /0.0.0.0:15161 - 0 ] INFO  replication.ReplicationServer (ReplicationServer.java:start(128)) - ReplicationServer is started using port 15193
2023-07-05 13:43:57,695 [EndpointStateMachine task thread for /0.0.0.0:15161 - 0 ] INFO  ratis.XceiverServerRatis (XceiverServerRatis.java:start(517)) - Starting XceiverServerRatis 860e26e7-dc57-4457-b602-0c8c8602d691
2023-07-05 13:43:57,696 [EndpointStateMachine task thread for /0.0.0.0:15161 - 0 ] INFO  server.RaftServer (RaftServerProxy.java:startImpl(400)) - 860e26e7-dc57-4457-b602-0c8c8602d691: start RPC server
2023-07-05 13:43:57,698 [EndpointStateMachine task thread for /0.0.0.0:15161 - 0 ] INFO  server.GrpcService (GrpcService.java:startImpl(302)) - 860e26e7-dc57-4457-b602-0c8c8602d691: GrpcService started, listening on 15189
2023-07-05 13:43:57,700 [EndpointStateMachine task thread for /0.0.0.0:15161 - 0 ] INFO  server.GrpcService (GrpcService.java:startImpl(302)) - 860e26e7-dc57-4457-b602-0c8c8602d691: GrpcService started, listening on 15191
2023-07-05 13:43:57,701 [EndpointStateMachine task thread for /0.0.0.0:15161 - 0 ] INFO  server.GrpcService (GrpcService.java:startImpl(302)) - 860e26e7-dc57-4457-b602-0c8c8602d691: GrpcService started, listening on 15190
2023-07-05 13:43:57,701 [EndpointStateMachine task thread for /0.0.0.0:15161 - 0 ] INFO  ratis.XceiverServerRatis (XceiverServerRatis.java:getRealPort(543)) - XceiverServerRatis 860e26e7-dc57-4457-b602-0c8c8602d691 is started using port 15189 for RATIS
2023-07-05 13:43:57,701 [EndpointStateMachine task thread for /0.0.0.0:15161 - 0 ] INFO  ratis.XceiverServerRatis (XceiverServerRatis.java:getRealPort(543)) - XceiverServerRatis 860e26e7-dc57-4457-b602-0c8c8602d691 is started using port 15190 for RATIS_ADMIN
2023-07-05 13:43:57,701 [EndpointStateMachine task thread for /0.0.0.0:15161 - 0 ] INFO  ratis.XceiverServerRatis (XceiverServerRatis.java:getRealPort(543)) - XceiverServerRatis 860e26e7-dc57-4457-b602-0c8c8602d691 is started using port 15191 for RATIS_SERVER
2023-07-05 13:43:57,701 [JvmPauseMonitor25] INFO  util.JvmPauseMonitor (JvmPauseMonitor.java:run(103)) - JvmPauseMonitor-860e26e7-dc57-4457-b602-0c8c8602d691: Started
2023-07-05 13:43:57,701 [EndpointStateMachine task thread for /0.0.0.0:15161 - 0 ] INFO  ratis.XceiverServerRatis (XceiverServerRatis.java:getRealPort(543)) - XceiverServerRatis 860e26e7-dc57-4457-b602-0c8c8602d691 is started using port 15192 for RATIS_DATASTREAM
2023-07-05 13:43:57,704 [BlockDeletingService#0] INFO  interfaces.ContainerDeletionChoosingPolicyTemplate (ContainerDeletionChoosingPolicyTemplate.java:chooseContainerForBlockDeletion(83)) - Chosen 0/5000 blocks from 0 candidate containers.
2023-07-05 13:43:57,992 [EndpointStateMachine task thread for /0.0.0.0:15161 - 0 ] INFO  utils.DatanodeStoreCache (DatanodeStoreCache.java:addDB(66)) - Added db /home/runner/work/ozone/ozone/hadoop-ozone/integration-test/target/test-dir/MiniOzoneClusterImpl-de398c68-44fd-4973-9846-b14d0f209e8c/datanode-3/data-0/containers/hdds/de398c68-44fd-4973-9846-b14d0f209e8c/DS-510018b3-6c01-4559-9da0-a30139cfba06/container.db to cache
2023-07-05 13:43:57,992 [EndpointStateMachine task thread for /0.0.0.0:15161 - 0 ] INFO  volume.HddsVolume (HddsVolume.java:createDbStore(478)) - SchemaV3 db is created and loaded at /home/runner/work/ozone/ozone/hadoop-ozone/integration-test/target/test-dir/MiniOzoneClusterImpl-de398c68-44fd-4973-9846-b14d0f209e8c/datanode-3/data-0/containers/hdds/de398c68-44fd-4973-9846-b14d0f209e8c/DS-510018b3-6c01-4559-9da0-a30139cfba06/container.db for volume DS-510018b3-6c01-4559-9da0-a30139cfba06
2023-07-05 13:43:57,992 [EndpointStateMachine task thread for /0.0.0.0:15161 - 0 ] INFO  ozoneimpl.OzoneContainer (OzoneContainer.java:start(419)) - Attempting to start container services.
2023-07-05 13:43:57,992 [EndpointStateMachine task thread for /0.0.0.0:15161 - 0 ] INFO  ozoneimpl.OzoneContainer (OzoneContainer.java:startContainerScrub(327)) - Scheduled background container scanners and the on-demand container scanner have been disabled.
2023-07-05 13:43:57,995 [EndpointStateMachine task thread for /0.0.0.0:15161 - 0 ] INFO  replication.ReplicationServer (ReplicationServer.java:start(128)) - ReplicationServer is started using port 15202
2023-07-05 13:43:57,995 [EndpointStateMachine task thread for /0.0.0.0:15161 - 0 ] INFO  ratis.XceiverServerRatis (XceiverServerRatis.java:start(517)) - Starting XceiverServerRatis b5cb5029-fdf1-4728-9c16-344453faf343
2023-07-05 13:43:57,997 [EndpointStateMachine task thread for /0.0.0.0:15161 - 0 ] INFO  server.RaftServer (RaftServerProxy.java:startImpl(400)) - b5cb5029-fdf1-4728-9c16-344453faf343: start RPC server
2023-07-05 13:43:58,003 [EndpointStateMachine task thread for /0.0.0.0:15161 - 0 ] INFO  server.GrpcService (GrpcService.java:startImpl(302)) - b5cb5029-fdf1-4728-9c16-344453faf343: GrpcService started, listening on 15198
2023-07-05 13:43:58,005 [EndpointStateMachine task thread for /0.0.0.0:15161 - 0 ] INFO  server.GrpcService (GrpcService.java:startImpl(302)) - b5cb5029-fdf1-4728-9c16-344453faf343: GrpcService started, listening on 15200
2023-07-05 13:43:58,008 [EndpointStateMachine task thread for /0.0.0.0:15161 - 0 ] INFO  server.GrpcService (GrpcService.java:startImpl(302)) - b5cb5029-fdf1-4728-9c16-344453faf343: GrpcService started, listening on 15199
2023-07-05 13:43:58,009 [EndpointStateMachine task thread for /0.0.0.0:15161 - 0 ] INFO  ratis.XceiverServerRatis (XceiverServerRatis.java:getRealPort(543)) - XceiverServerRatis b5cb5029-fdf1-4728-9c16-344453faf343 is started using port 15198 for RATIS
2023-07-05 13:43:58,009 [JvmPauseMonitor26] INFO  util.JvmPauseMonitor (JvmPauseMonitor.java:run(103)) - JvmPauseMonitor-b5cb5029-fdf1-4728-9c16-344453faf343: Started
2023-07-05 13:43:58,009 [EndpointStateMachine task thread for /0.0.0.0:15161 - 0 ] INFO  ratis.XceiverServerRatis (XceiverServerRatis.java:getRealPort(543)) - XceiverServerRatis b5cb5029-fdf1-4728-9c16-344453faf343 is started using port 15199 for RATIS_ADMIN
2023-07-05 13:43:58,009 [EndpointStateMachine task thread for /0.0.0.0:15161 - 0 ] INFO  ratis.XceiverServerRatis (XceiverServerRatis.java:getRealPort(543)) - XceiverServerRatis b5cb5029-fdf1-4728-9c16-344453faf343 is started using port 15200 for RATIS_SERVER
2023-07-05 13:43:58,009 [EndpointStateMachine task thread for /0.0.0.0:15161 - 0 ] INFO  ratis.XceiverServerRatis (XceiverServerRatis.java:getRealPort(543)) - XceiverServerRatis b5cb5029-fdf1-4728-9c16-344453faf343 is started using port 15201 for RATIS_DATASTREAM
2023-07-05 13:43:58,011 [BlockDeletingService#0] INFO  interfaces.ContainerDeletionChoosingPolicyTemplate (ContainerDeletionChoosingPolicyTemplate.java:chooseContainerForBlockDeletion(83)) - Chosen 0/5000 blocks from 0 candidate containers.
2023-07-05 13:43:58,271 [Time-limited test] INFO  ozone.MiniOzoneClusterImpl (MiniOzoneClusterImpl.java:lambda$waitForClusterToBeReady$0(224)) - Waiting for nodes to be ready. Got 0 of 5 DN Heartbeats.
2023-07-05 13:43:58,271 [Time-limited test] INFO  ozone.MiniOzoneClusterImpl (MiniOzoneClusterImpl.java:lambda$waitForClusterToBeReady$0(227)) - Waiting for cluster to exit safe mode
2023-07-05 13:43:58,271 [Time-limited test] INFO  ozone.MiniOzoneClusterImpl (MiniOzoneClusterImpl.java:lambda$waitForClusterToBeReady$0(229)) - SCM became leader
2023-07-05 13:43:58,313 [EndpointStateMachine task thread for /0.0.0.0:15161 - 0 ] INFO  utils.DatanodeStoreCache (DatanodeStoreCache.java:addDB(66)) - Added db /home/runner/work/ozone/ozone/hadoop-ozone/integration-test/target/test-dir/MiniOzoneClusterImpl-de398c68-44fd-4973-9846-b14d0f209e8c/datanode-4/data-0/containers/hdds/de398c68-44fd-4973-9846-b14d0f209e8c/DS-6f558abb-622c-42b5-add6-ba2f9392bd23/container.db to cache
2023-07-05 13:43:58,313 [EndpointStateMachine task thread for /0.0.0.0:15161 - 0 ] INFO  volume.HddsVolume (HddsVolume.java:createDbStore(478)) - SchemaV3 db is created and loaded at /home/runner/work/ozone/ozone/hadoop-ozone/integration-test/target/test-dir/MiniOzoneClusterImpl-de398c68-44fd-4973-9846-b14d0f209e8c/datanode-4/data-0/containers/hdds/de398c68-44fd-4973-9846-b14d0f209e8c/DS-6f558abb-622c-42b5-add6-ba2f9392bd23/container.db for volume DS-6f558abb-622c-42b5-add6-ba2f9392bd23
2023-07-05 13:43:58,313 [EndpointStateMachine task thread for /0.0.0.0:15161 - 0 ] INFO  ozoneimpl.OzoneContainer (OzoneContainer.java:start(419)) - Attempting to start container services.
2023-07-05 13:43:58,314 [EndpointStateMachine task thread for /0.0.0.0:15161 - 0 ] INFO  ozoneimpl.OzoneContainer (OzoneContainer.java:startContainerScrub(327)) - Scheduled background container scanners and the on-demand container scanner have been disabled.
2023-07-05 13:43:58,315 [EndpointStateMachine task thread for /0.0.0.0:15161 - 0 ] INFO  replication.ReplicationServer (ReplicationServer.java:start(128)) - ReplicationServer is started using port 15211
2023-07-05 13:43:58,316 [EndpointStateMachine task thread for /0.0.0.0:15161 - 0 ] INFO  ratis.XceiverServerRatis (XceiverServerRatis.java:start(517)) - Starting XceiverServerRatis 4b44d0b2-60c3-4e8b-a338-1aeff42e189f
2023-07-05 13:43:58,317 [EndpointStateMachine task thread for /0.0.0.0:15161 - 0 ] INFO  server.RaftServer (RaftServerProxy.java:startImpl(400)) - 4b44d0b2-60c3-4e8b-a338-1aeff42e189f: start RPC server
2023-07-05 13:43:58,318 [EndpointStateMachine task thread for /0.0.0.0:15161 - 0 ] INFO  server.GrpcService (GrpcService.java:startImpl(302)) - 4b44d0b2-60c3-4e8b-a338-1aeff42e189f: GrpcService started, listening on 15207
2023-07-05 13:43:58,319 [EndpointStateMachine task thread for /0.0.0.0:15161 - 0 ] INFO  server.GrpcService (GrpcService.java:startImpl(302)) - 4b44d0b2-60c3-4e8b-a338-1aeff42e189f: GrpcService started, listening on 15209
2023-07-05 13:43:58,319 [EndpointStateMachine task thread for /0.0.0.0:15161 - 0 ] INFO  server.GrpcService (GrpcService.java:startImpl(302)) - 4b44d0b2-60c3-4e8b-a338-1aeff42e189f: GrpcService started, listening on 15208
2023-07-05 13:43:58,320 [EndpointStateMachine task thread for /0.0.0.0:15161 - 0 ] INFO  ratis.XceiverServerRatis (XceiverServerRatis.java:getRealPort(543)) - XceiverServerRatis 4b44d0b2-60c3-4e8b-a338-1aeff42e189f is started using port 15207 for RATIS
2023-07-05 13:43:58,320 [EndpointStateMachine task thread for /0.0.0.0:15161 - 0 ] INFO  ratis.XceiverServerRatis (XceiverServerRatis.java:getRealPort(543)) - XceiverServerRatis 4b44d0b2-60c3-4e8b-a338-1aeff42e189f is started using port 15208 for RATIS_ADMIN
2023-07-05 13:43:58,320 [EndpointStateMachine task thread for /0.0.0.0:15161 - 0 ] INFO  ratis.XceiverServerRatis (XceiverServerRatis.java:getRealPort(543)) - XceiverServerRatis 4b44d0b2-60c3-4e8b-a338-1aeff42e189f is started using port 15209 for RATIS_SERVER
2023-07-05 13:43:58,320 [EndpointStateMachine task thread for /0.0.0.0:15161 - 0 ] INFO  ratis.XceiverServerRatis (XceiverServerRatis.java:getRealPort(543)) - XceiverServerRatis 4b44d0b2-60c3-4e8b-a338-1aeff42e189f is started using port 15210 for RATIS_DATASTREAM
2023-07-05 13:43:58,320 [JvmPauseMonitor27] INFO  util.JvmPauseMonitor (JvmPauseMonitor.java:run(103)) - JvmPauseMonitor-4b44d0b2-60c3-4e8b-a338-1aeff42e189f: Started
2023-07-05 13:43:58,323 [BlockDeletingService#0] INFO  interfaces.ContainerDeletionChoosingPolicyTemplate (ContainerDeletionChoosingPolicyTemplate.java:chooseContainerForBlockDeletion(83)) - Chosen 0/5000 blocks from 0 candidate containers.
2023-07-05 13:43:58,613 [ReplicationMonitor] INFO  replication.ReplicationManager (ReplicationManager.java:processAll(361)) - Replication Manager is not ready to run until 3000ms after safemode exit
2023-07-05 13:43:58,967 [IPC Server handler 1 on default port 15161] INFO  net.NetworkTopologyImpl (NetworkTopologyImpl.java:add(112)) - Added a new node: /default-rack/67a76afe-b765-42e9-b514-f84c102d0c02
2023-07-05 13:43:58,967 [IPC Server handler 1 on default port 15161] INFO  node.SCMNodeManager (SCMNodeManager.java:register(405)) - Registered Data node : 67a76afe-b765-42e9-b514-f84c102d0c02{ip: 10.1.0.13, host: fv-az264-29.ca02foy5wcnuvlrvrz2wi3p2og.dx.internal.cloudapp.net, ports: [HTTP=15168, CLIENT_RPC=15169, REPLICATION=15175, RATIS=15171, RATIS_ADMIN=15172, RATIS_SERVER=15173, RATIS_DATASTREAM=15174, STANDALONE=15170], networkLocation: /default-rack, certSerialId: null, persistedOpState: null, persistedOpStateExpiryEpochSec: 0}
2023-07-05 13:43:58,970 [EventQueue-NodeRegistrationContainerReportForDataNodeSafeModeRule] INFO  safemode.SCMSafeModeManager (DataNodeSafeModeRule.java:process(71)) - SCM in safe mode. 1 DataNodes registered, 3 required.
2023-07-05 13:43:58,970 [EventQueue-NodeRegistrationContainerReportForContainerSafeModeRule] INFO  safemode.SCMSafeModeManager (SCMSafeModeManager.java:validateSafeModeExitRules(200)) - ContainerSafeModeRule rule is successfully validated
2023-07-05 13:43:58,975 [EventQueue-NewNodeForNewNodeHandler] INFO  pipeline.BackgroundPipelineCreator (BackgroundPipelineCreator.java:notifyEventTriggered(277)) - trigger a one-shot run on RatisPipelineUtilsThread.
2023-07-05 13:43:58,975 [RatisPipelineUtilsThread - 0] INFO  pipeline.RatisPipelineProvider (RatisPipelineProvider.java:lambda$create$0(206)) - Sending CreatePipelineCommand for pipeline:PipelineID=ac186cfc-4e52-40e8-bab1-39650067a008 to datanode:67a76afe-b765-42e9-b514-f84c102d0c02
2023-07-05 13:43:58,977 [RatisPipelineUtilsThread - 0] INFO  pipeline.BackgroundPipelineCreator (BackgroundPipelineCreator.java:createPipelines(233)) - Created new pipeline Pipeline[ Id: ac186cfc-4e52-40e8-bab1-39650067a008, Nodes: 67a76afe-b765-42e9-b514-f84c102d0c02(fv-az264-29.ca02foy5wcnuvlrvrz2wi3p2og.dx.internal.cloudapp.net/10.1.0.13), ReplicationConfig: RATIS/ONE, State:ALLOCATED, leaderId:, CreationTimestamp2023-07-05T13:43:58.975Z[Etc/UTC]]
2023-07-05 13:43:58,977 [EventQueue-PipelineReportForOneReplicaPipelineSafeModeRule] INFO  safemode.SCMSafeModeManager (SCMSafeModeManager.java:validateSafeModeExitRules(200)) - AtleastOneDatanodeReportedRule rule is successfully validated
2023-07-05 13:43:59,272 [Time-limited test] INFO  ozone.MiniOzoneClusterImpl (MiniOzoneClusterImpl.java:lambda$waitForClusterToBeReady$0(224)) - Waiting for nodes to be ready. Got 1 of 5 DN Heartbeats.
2023-07-05 13:43:59,272 [Time-limited test] INFO  ozone.MiniOzoneClusterImpl (MiniOzoneClusterImpl.java:lambda$waitForClusterToBeReady$0(227)) - Waiting for cluster to exit safe mode
2023-07-05 13:43:59,272 [Time-limited test] INFO  ozone.MiniOzoneClusterImpl (MiniOzoneClusterImpl.java:lambda$waitForClusterToBeReady$0(229)) - SCM became leader
2023-07-05 13:43:59,292 [IPC Server handler 2 on default port 15161] INFO  net.NetworkTopologyImpl (NetworkTopologyImpl.java:add(112)) - Added a new node: /default-rack/e6531a31-c1d4-4472-9f40-44bc51606458
2023-07-05 13:43:59,292 [IPC Server handler 2 on default port 15161] INFO  node.SCMNodeManager (SCMNodeManager.java:register(405)) - Registered Data node : e6531a31-c1d4-4472-9f40-44bc51606458{ip: 10.1.0.13, host: fv-az264-29.ca02foy5wcnuvlrvrz2wi3p2og.dx.internal.cloudapp.net, ports: [HTTP=15177, CLIENT_RPC=15178, REPLICATION=15184, RATIS=15180, RATIS_ADMIN=15181, RATIS_SERVER=15182, RATIS_DATASTREAM=15183, STANDALONE=15179], networkLocation: /default-rack, certSerialId: null, persistedOpState: null, persistedOpStateExpiryEpochSec: 0}
2023-07-05 13:43:59,293 [EventQueue-NewNodeForNewNodeHandler] INFO  pipeline.BackgroundPipelineCreator (BackgroundPipelineCreator.java:notifyEventTriggered(277)) - trigger a one-shot run on RatisPipelineUtilsThread.
2023-07-05 13:43:59,294 [EventQueue-NodeRegistrationContainerReportForDataNodeSafeModeRule] INFO  safemode.SCMSafeModeManager (DataNodeSafeModeRule.java:process(71)) - SCM in safe mode. 2 DataNodes registered, 3 required.
2023-07-05 13:43:59,294 [RatisPipelineUtilsThread - 0] INFO  pipeline.RatisPipelineProvider (RatisPipelineProvider.java:lambda$create$0(206)) - Sending CreatePipelineCommand for pipeline:PipelineID=2bf416bc-d75c-4842-91a6-61de4a12b047 to datanode:e6531a31-c1d4-4472-9f40-44bc51606458
2023-07-05 13:43:59,295 [RatisPipelineUtilsThread - 0] INFO  pipeline.BackgroundPipelineCreator (BackgroundPipelineCreator.java:createPipelines(233)) - Created new pipeline Pipeline[ Id: 2bf416bc-d75c-4842-91a6-61de4a12b047, Nodes: e6531a31-c1d4-4472-9f40-44bc51606458(fv-az264-29.ca02foy5wcnuvlrvrz2wi3p2og.dx.internal.cloudapp.net/10.1.0.13), ReplicationConfig: RATIS/ONE, State:ALLOCATED, leaderId:, CreationTimestamp2023-07-05T13:43:59.294Z[Etc/UTC]]
2023-07-05 13:43:59,613 [ReplicationMonitor] INFO  replication.ReplicationManager (ReplicationManager.java:processAll(361)) - Replication Manager is not ready to run until 3000ms after safemode exit
2023-07-05 13:43:59,652 [IPC Server handler 3 on default port 15161] INFO  net.NetworkTopologyImpl (NetworkTopologyImpl.java:add(112)) - Added a new node: /default-rack/860e26e7-dc57-4457-b602-0c8c8602d691
2023-07-05 13:43:59,652 [IPC Server handler 3 on default port 15161] INFO  node.SCMNodeManager (SCMNodeManager.java:register(405)) - Registered Data node : 860e26e7-dc57-4457-b602-0c8c8602d691{ip: 10.1.0.13, host: fv-az264-29.ca02foy5wcnuvlrvrz2wi3p2og.dx.internal.cloudapp.net, ports: [HTTP=15186, CLIENT_RPC=15187, REPLICATION=15193, RATIS=15189, RATIS_ADMIN=15190, RATIS_SERVER=15191, RATIS_DATASTREAM=15192, STANDALONE=15188], networkLocation: /default-rack, certSerialId: null, persistedOpState: null, persistedOpStateExpiryEpochSec: 0}
2023-07-05 13:43:59,652 [EventQueue-NodeRegistrationContainerReportForDataNodeSafeModeRule] INFO  safemode.SCMSafeModeManager (DataNodeSafeModeRule.java:process(71)) - SCM in safe mode. 3 DataNodes registered, 3 required.
2023-07-05 13:43:59,652 [EventQueue-NodeRegistrationContainerReportForDataNodeSafeModeRule] INFO  safemode.SCMSafeModeManager (SCMSafeModeManager.java:validateSafeModeExitRules(200)) - DataNodeSafeModeRule rule is successfully validated
2023-07-05 13:43:59,652 [EventQueue-NodeRegistrationContainerReportForDataNodeSafeModeRule] INFO  safemode.SCMSafeModeManager (SCMSafeModeManager.java:completePreCheck(229)) - All SCM safe mode pre check rules have passed
2023-07-05 13:43:59,653 [EventQueue-NodeRegistrationContainerReportForDataNodeSafeModeRule] INFO  ha.SCMContext (SCMContext.java:updateSafeModeStatus(228)) - Update SafeModeStatus from SafeModeStatus{safeModeStatus=true, preCheckPassed=false} to SafeModeStatus{safeModeStatus=true, preCheckPassed=true}.
2023-07-05 13:43:59,653 [EventQueue-NodeRegistrationContainerReportForDataNodeSafeModeRule] INFO  pipeline.BackgroundPipelineCreator (BackgroundPipelineCreator.java:notifyEventTriggered(277)) - trigger a one-shot run on RatisPipelineUtilsThread.
2023-07-05 13:43:59,653 [EventQueue-NewNodeForNewNodeHandler] INFO  pipeline.BackgroundPipelineCreator (BackgroundPipelineCreator.java:notifyEventTriggered(277)) - trigger a one-shot run on RatisPipelineUtilsThread.
2023-07-05 13:43:59,653 [RatisPipelineUtilsThread - 0] INFO  pipeline.RatisPipelineProvider (RatisPipelineProvider.java:lambda$create$0(206)) - Sending CreatePipelineCommand for pipeline:PipelineID=44bae637-6859-4aa0-b5ca-45307d472e0e to datanode:860e26e7-dc57-4457-b602-0c8c8602d691
2023-07-05 13:43:59,654 [RatisPipelineUtilsThread - 0] INFO  pipeline.BackgroundPipelineCreator (BackgroundPipelineCreator.java:createPipelines(233)) - Created new pipeline Pipeline[ Id: 44bae637-6859-4aa0-b5ca-45307d472e0e, Nodes: 860e26e7-dc57-4457-b602-0c8c8602d691(fv-az264-29.ca02foy5wcnuvlrvrz2wi3p2og.dx.internal.cloudapp.net/10.1.0.13), ReplicationConfig: RATIS/ONE, State:ALLOCATED, leaderId:, CreationTimestamp2023-07-05T13:43:59.653Z[Etc/UTC]]
2023-07-05 13:43:59,654 [RatisPipelineUtilsThread - 0] INFO  pipeline.RatisPipelineProvider (RatisPipelineProvider.java:lambda$create$0(206)) - Sending CreatePipelineCommand for pipeline:PipelineID=549c5d28-e520-41ce-aeba-6e6ddb135f8e to datanode:860e26e7-dc57-4457-b602-0c8c8602d691
2023-07-05 13:43:59,655 [RatisPipelineUtilsThread - 0] INFO  pipeline.RatisPipelineProvider (RatisPipelineProvider.java:lambda$create$0(206)) - Sending CreatePipelineCommand for pipeline:PipelineID=549c5d28-e520-41ce-aeba-6e6ddb135f8e to datanode:67a76afe-b765-42e9-b514-f84c102d0c02
2023-07-05 13:43:59,655 [RatisPipelineUtilsThread - 0] INFO  pipeline.RatisPipelineProvider (RatisPipelineProvider.java:lambda$create$0(206)) - Sending CreatePipelineCommand for pipeline:PipelineID=549c5d28-e520-41ce-aeba-6e6ddb135f8e to datanode:e6531a31-c1d4-4472-9f40-44bc51606458
2023-07-05 13:43:59,655 [RatisPipelineUtilsThread - 0] INFO  pipeline.BackgroundPipelineCreator (BackgroundPipelineCreator.java:createPipelines(233)) - Created new pipeline Pipeline[ Id: 549c5d28-e520-41ce-aeba-6e6ddb135f8e, Nodes: 860e26e7-dc57-4457-b602-0c8c8602d691(fv-az264-29.ca02foy5wcnuvlrvrz2wi3p2og.dx.internal.cloudapp.net/10.1.0.13)67a76afe-b765-42e9-b514-f84c102d0c02(fv-az264-29.ca02foy5wcnuvlrvrz2wi3p2og.dx.internal.cloudapp.net/10.1.0.13)e6531a31-c1d4-4472-9f40-44bc51606458(fv-az264-29.ca02foy5wcnuvlrvrz2wi3p2og.dx.internal.cloudapp.net/10.1.0.13), ReplicationConfig: RATIS/THREE, State:ALLOCATED, leaderId:, CreationTimestamp2023-07-05T13:43:59.654Z[Etc/UTC]]
2023-07-05 13:43:59,656 [RatisPipelineUtilsThread - 0] INFO  pipeline.RatisPipelineProvider (RatisPipelineProvider.java:lambda$create$0(206)) - Sending CreatePipelineCommand for pipeline:PipelineID=994e7e95-56cd-4f97-872d-d6e7b59d90af to datanode:e6531a31-c1d4-4472-9f40-44bc51606458
2023-07-05 13:43:59,656 [RatisPipelineUtilsThread - 0] INFO  pipeline.RatisPipelineProvider (RatisPipelineProvider.java:lambda$create$0(206)) - Sending CreatePipelineCommand for pipeline:PipelineID=994e7e95-56cd-4f97-872d-d6e7b59d90af to datanode:67a76afe-b765-42e9-b514-f84c102d0c02
2023-07-05 13:43:59,656 [RatisPipelineUtilsThread - 0] INFO  pipeline.RatisPipelineProvider (RatisPipelineProvider.java:lambda$create$0(206)) - Sending CreatePipelineCommand for pipeline:PipelineID=994e7e95-56cd-4f97-872d-d6e7b59d90af to datanode:860e26e7-dc57-4457-b602-0c8c8602d691
2023-07-05 13:43:59,656 [RatisPipelineUtilsThread - 0] INFO  pipeline.PipelineManagerImpl (PipelineManagerImpl.java:recordMetricsForPipeline(895)) - Pipeline: PipelineID=994e7e95-56cd-4f97-872d-d6e7b59d90af contains same datanodes as previous pipelines: PipelineID=549c5d28-e520-41ce-aeba-6e6ddb135f8e nodeIds: e6531a31-c1d4-4472-9f40-44bc51606458, 67a76afe-b765-42e9-b514-f84c102d0c02, 860e26e7-dc57-4457-b602-0c8c8602d691
2023-07-05 13:43:59,656 [RatisPipelineUtilsThread - 0] INFO  pipeline.BackgroundPipelineCreator (BackgroundPipelineCreator.java:createPipelines(233)) - Created new pipeline Pipeline[ Id: 994e7e95-56cd-4f97-872d-d6e7b59d90af, Nodes: e6531a31-c1d4-4472-9f40-44bc51606458(fv-az264-29.ca02foy5wcnuvlrvrz2wi3p2og.dx.internal.cloudapp.net/10.1.0.13)67a76afe-b765-42e9-b514-f84c102d0c02(fv-az264-29.ca02foy5wcnuvlrvrz2wi3p2og.dx.internal.cloudapp.net/10.1.0.13)860e26e7-dc57-4457-b602-0c8c8602d691(fv-az264-29.ca02foy5wcnuvlrvrz2wi3p2og.dx.internal.cloudapp.net/10.1.0.13), ReplicationConfig: RATIS/THREE, State:ALLOCATED, leaderId:, CreationTimestamp2023-07-05T13:43:59.656Z[Etc/UTC]]
2023-07-05 13:43:59,656 [RatisPipelineUtilsThread - 0] WARN  pipeline.PipelinePlacementPolicy (PipelinePlacementPolicy.java:filterViableNodes(166)) - Pipeline creation failed due to no sufficient healthy datanodes. Required 3. Found 0. Excluded 3.
2023-07-05 13:43:59,657 [RatisPipelineUtilsThread - 0] WARN  pipeline.PipelinePlacementPolicy (PipelinePlacementPolicy.java:filterViableNodes(166)) - Pipeline creation failed due to no sufficient healthy datanodes. Required 3. Found 0. Excluded 3.
2023-07-05 13:43:59,952 [IPC Server handler 0 on default port 15161] INFO  net.NetworkTopologyImpl (NetworkTopologyImpl.java:add(112)) - Added a new node: /default-rack/b5cb5029-fdf1-4728-9c16-344453faf343
2023-07-05 13:43:59,952 [IPC Server handler 0 on default port 15161] INFO  node.SCMNodeManager (SCMNodeManager.java:register(405)) - Registered Data node : b5cb5029-fdf1-4728-9c16-344453faf343{ip: 10.1.0.13, host: fv-az264-29.ca02foy5wcnuvlrvrz2wi3p2og.dx.internal.cloudapp.net, ports: [HTTP=15195, CLIENT_RPC=15196, REPLICATION=15202, RATIS=15198, RATIS_ADMIN=15199, RATIS_SERVER=15200, RATIS_DATASTREAM=15201, STANDALONE=15197], networkLocation: /default-rack, certSerialId: null, persistedOpState: null, persistedOpStateExpiryEpochSec: 0}
2023-07-05 13:43:59,953 [EventQueue-NewNodeForNewNodeHandler] INFO  pipeline.BackgroundPipelineCreator (BackgroundPipelineCreator.java:notifyEventTriggered(277)) - trigger a one-shot run on RatisPipelineUtilsThread.
2023-07-05 13:43:59,953 [RatisPipelineUtilsThread - 0] INFO  pipeline.RatisPipelineProvider (RatisPipelineProvider.java:lambda$create$0(206)) - Sending CreatePipelineCommand for pipeline:PipelineID=6801cd64-e769-4e7e-8286-f259c1ea7085 to datanode:b5cb5029-fdf1-4728-9c16-344453faf343
2023-07-05 13:43:59,954 [RatisPipelineUtilsThread - 0] INFO  pipeline.BackgroundPipelineCreator (BackgroundPipelineCreator.java:createPipelines(233)) - Created new pipeline Pipeline[ Id: 6801cd64-e769-4e7e-8286-f259c1ea7085, Nodes: b5cb5029-fdf1-4728-9c16-344453faf343(fv-az264-29.ca02foy5wcnuvlrvrz2wi3p2og.dx.internal.cloudapp.net/10.1.0.13), ReplicationConfig: RATIS/ONE, State:ALLOCATED, leaderId:, CreationTimestamp2023-07-05T13:43:59.953Z[Etc/UTC]]
2023-07-05 13:43:59,959 [RatisPipelineUtilsThread - 0] WARN  pipeline.PipelinePlacementPolicy (PipelinePlacementPolicy.java:filterViableNodes(166)) - Pipeline creation failed due to no sufficient healthy datanodes. Required 3. Found 1. Excluded 3.
2023-07-05 13:44:00,272 [Time-limited test] INFO  ozone.MiniOzoneClusterImpl (MiniOzoneClusterImpl.java:lambda$waitForClusterToBeReady$0(224)) - Waiting for nodes to be ready. Got 4 of 5 DN Heartbeats.
2023-07-05 13:44:00,272 [Time-limited test] INFO  ozone.MiniOzoneClusterImpl (MiniOzoneClusterImpl.java:lambda$waitForClusterToBeReady$0(227)) - Waiting for cluster to exit safe mode
2023-07-05 13:44:00,272 [Time-limited test] INFO  ozone.MiniOzoneClusterImpl (MiniOzoneClusterImpl.java:lambda$waitForClusterToBeReady$0(229)) - SCM became leader
2023-07-05 13:44:00,274 [IPC Server handler 2 on default port 15161] INFO  net.NetworkTopologyImpl (NetworkTopologyImpl.java:add(112)) - Added a new node: /default-rack/4b44d0b2-60c3-4e8b-a338-1aeff42e189f
2023-07-05 13:44:00,275 [IPC Server handler 2 on default port 15161] INFO  node.SCMNodeManager (SCMNodeManager.java:register(405)) - Registered Data node : 4b44d0b2-60c3-4e8b-a338-1aeff42e189f{ip: 10.1.0.13, host: fv-az264-29.ca02foy5wcnuvlrvrz2wi3p2og.dx.internal.cloudapp.net, ports: [HTTP=15204, CLIENT_RPC=15205, REPLICATION=15211, RATIS=15207, RATIS_ADMIN=15208, RATIS_SERVER=15209, RATIS_DATASTREAM=15210, STANDALONE=15206], networkLocation: /default-rack, certSerialId: null, persistedOpState: null, persistedOpStateExpiryEpochSec: 0}
2023-07-05 13:44:00,275 [EventQueue-NewNodeForNewNodeHandler] INFO  pipeline.BackgroundPipelineCreator (BackgroundPipelineCreator.java:notifyEventTriggered(277)) - trigger a one-shot run on RatisPipelineUtilsThread.
2023-07-05 13:44:00,275 [RatisPipelineUtilsThread - 0] INFO  pipeline.RatisPipelineProvider (RatisPipelineProvider.java:lambda$create$0(206)) - Sending CreatePipelineCommand for pipeline:PipelineID=8bbe2d00-771f-400f-9072-998925913144 to datanode:4b44d0b2-60c3-4e8b-a338-1aeff42e189f
2023-07-05 13:44:00,276 [RatisPipelineUtilsThread - 0] INFO  pipeline.BackgroundPipelineCreator (BackgroundPipelineCreator.java:createPipelines(233)) - Created new pipeline Pipeline[ Id: 8bbe2d00-771f-400f-9072-998925913144, Nodes: 4b44d0b2-60c3-4e8b-a338-1aeff42e189f(fv-az264-29.ca02foy5wcnuvlrvrz2wi3p2og.dx.internal.cloudapp.net/10.1.0.13), ReplicationConfig: RATIS/ONE, State:ALLOCATED, leaderId:, CreationTimestamp2023-07-05T13:44:00.275Z[Etc/UTC]]
2023-07-05 13:44:00,276 [RatisPipelineUtilsThread - 0] WARN  pipeline.PipelinePlacementPolicy (PipelinePlacementPolicy.java:filterViableNodes(166)) - Pipeline creation failed due to no sufficient healthy datanodes. Required 3. Found 2. Excluded 3.
2023-07-05 13:44:00,614 [ReplicationMonitor] INFO  replication.ReplicationManager (ReplicationManager.java:processAll(361)) - Replication Manager is not ready to run until 3000ms after safemode exit
2023-07-05 13:44:01,273 [Time-limited test] INFO  ozone.MiniOzoneClusterImpl (MiniOzoneClusterImpl.java:lambda$waitForClusterToBeReady$0(224)) - Nodes are ready. Got 5 of 5 DN Heartbeats.
2023-07-05 13:44:01,273 [Time-limited test] INFO  ozone.MiniOzoneClusterImpl (MiniOzoneClusterImpl.java:lambda$waitForClusterToBeReady$0(227)) - Waiting for cluster to exit safe mode
2023-07-05 13:44:01,273 [Time-limited test] INFO  ozone.MiniOzoneClusterImpl (MiniOzoneClusterImpl.java:lambda$waitForClusterToBeReady$0(229)) - SCM became leader
2023-07-05 13:44:01,614 [ReplicationMonitor] INFO  replication.ReplicationManager (ReplicationManager.java:processAll(361)) - Replication Manager is not ready to run until 3000ms after safemode exit
2023-07-05 13:44:01,967 [PipelineCommandHandlerThread-0] INFO  server.RaftServer (RaftServerProxy.java:addNew(98)) - 67a76afe-b765-42e9-b514-f84c102d0c02: addNew group-39650067A008:[67a76afe-b765-42e9-b514-f84c102d0c02|rpc:10.1.0.13:15173|admin:10.1.0.13:15172|client:10.1.0.13:15171|dataStream:10.1.0.13:15174|priority:1|startupRole:FOLLOWER] returns group-39650067A008:java.util.concurrent.CompletableFuture@2ffc452d[Not completed]
2023-07-05 13:44:01,969 [67a76afe-b765-42e9-b514-f84c102d0c02-groupManagement] INFO  server.RaftServer$Division (RaftServerImpl.java:<init>(198)) - 67a76afe-b765-42e9-b514-f84c102d0c02: new RaftServerImpl for group-39650067A008:[67a76afe-b765-42e9-b514-f84c102d0c02|rpc:10.1.0.13:15173|admin:10.1.0.13:15172|client:10.1.0.13:15171|dataStream:10.1.0.13:15174|priority:1|startupRole:FOLLOWER] with ContainerStateMachine:uninitialized
2023-07-05 13:44:01,969 [67a76afe-b765-42e9-b514-f84c102d0c02-groupManagement] INFO  server.RaftServerConfigKeys (ConfUtils.java:logGet(46)) - raft.server.rpc.timeout.min = 5s (custom)
2023-07-05 13:44:01,969 [67a76afe-b765-42e9-b514-f84c102d0c02-groupManagement] INFO  server.RaftServerConfigKeys (ConfUtils.java:logGet(46)) - raft.server.rpc.timeout.max = 5200ms (custom)
2023-07-05 13:44:01,969 [67a76afe-b765-42e9-b514-f84c102d0c02-groupManagement] INFO  server.RaftServerConfigKeys (ConfUtils.java:logGet(46)) - raft.server.rpc.sleep.time = 25ms (default)
2023-07-05 13:44:01,969 [67a76afe-b765-42e9-b514-f84c102d0c02-groupManagement] INFO  server.RaftServerConfigKeys (ConfUtils.java:logGet(46)) - raft.server.rpc.slowness.timeout = 300s (custom)
2023-07-05 13:44:01,969 [67a76afe-b765-42e9-b514-f84c102d0c02-groupManagement] INFO  server.RaftServerConfigKeys (ConfUtils.java:logGet(46)) - raft.server.leaderelection.leader.step-down.wait-time = 10s (default)
2023-07-05 13:44:01,969 [67a76afe-b765-42e9-b514-f84c102d0c02-groupManagement] INFO  server.RaftServerConfigKeys (ConfUtils.java:logGet(46)) - raft.server.sleep.deviation.threshold = 300ms (default)
2023-07-05 13:44:01,969 [67a76afe-b765-42e9-b514-f84c102d0c02-groupManagement] INFO  server.RaftServer$Division (ServerState.java:<init>(120)) - 67a76afe-b765-42e9-b514-f84c102d0c02@group-39650067A008: ConfigurationManager, init=-1: peers:[67a76afe-b765-42e9-b514-f84c102d0c02|rpc:10.1.0.13:15173|admin:10.1.0.13:15172|client:10.1.0.13:15171|dataStream:10.1.0.13:15174|priority:1|startupRole:FOLLOWER]|listeners:[], old=null, confs=<EMPTY_MAP>
2023-07-05 13:44:01,969 [67a76afe-b765-42e9-b514-f84c102d0c02-groupManagement] INFO  server.RaftServerConfigKeys (ConfUtils.java:logGet(46)) - raft.server.storage.dir = [/home/runner/work/ozone/ozone/hadoop-ozone/integration-test/target/test-dir/MiniOzoneClusterImpl-de398c68-44fd-4973-9846-b14d0f209e8c/datanode-0/data/ratis] (custom)
2023-07-05 13:44:01,969 [67a76afe-b765-42e9-b514-f84c102d0c02-groupManagement] INFO  server.RaftServerConfigKeys (ConfUtils.java:logGet(46)) - raft.server.log.corruption.policy = EXCEPTION (default)
2023-07-05 13:44:01,969 [67a76afe-b765-42e9-b514-f84c102d0c02-groupManagement] INFO  server.RaftServerConfigKeys (ConfUtils.java:logGet(46)) - raft.server.storage.free-space.min = 0MB (=0) (default)
2023-07-05 13:44:01,970 [67a76afe-b765-42e9-b514-f84c102d0c02-groupManagement] INFO  server.RaftServerConfigKeys (ConfUtils.java:logGet(46)) - raft.server.notification.no-leader.timeout = 300s (custom)
2023-07-05 13:44:01,970 [67a76afe-b765-42e9-b514-f84c102d0c02-groupManagement] INFO  server.RaftServerConfigKeys (ConfUtils.java:logGet(46)) - raft.server.read.timeout = 10s (default)
2023-07-05 13:44:01,970 [67a76afe-b765-42e9-b514-f84c102d0c02-groupManagement] INFO  server.RaftServerConfigKeys (ConfUtils.java:logGet(46)) - raft.server.retrycache.expirytime = 600000ms (custom)
2023-07-05 13:44:01,970 [67a76afe-b765-42e9-b514-f84c102d0c02-groupManagement] INFO  server.RaftServerConfigKeys (ConfUtils.java:logGet(46)) - raft.server.retrycache.statistics.expirytime = 100μs (default)
2023-07-05 13:44:01,970 [67a76afe-b765-42e9-b514-f84c102d0c02-groupManagement] INFO  server.RaftServerConfigKeys (ConfUtils.java:logGet(46)) - raft.server.read.option = DEFAULT (default)
2023-07-05 13:44:01,970 [67a76afe-b765-42e9-b514-f84c102d0c02-groupManagement] INFO  server.RaftServerConfigKeys (ConfUtils.java:logGet(46)) - raft.server.rpc.request.timeout = 60s (custom)
2023-07-05 13:44:01,971 [67a76afe-b765-42e9-b514-f84c102d0c02-groupManagement] INFO  server.RaftServerConfigKeys (ConfUtils.java:logGet(46)) - raft.server.log.appender.install.snapshot.enabled = false (custom)
2023-07-05 13:44:01,971 [67a76afe-b765-42e9-b514-f84c102d0c02-groupManagement] INFO  server.RaftServerConfigKeys (ConfUtils.java:logGet(46)) - raft.server.threadpool.server.cached = true (default)
2023-07-05 13:44:01,971 [67a76afe-b765-42e9-b514-f84c102d0c02-groupManagement] INFO  server.RaftServerConfigKeys (ConfUtils.java:logGet(46)) - raft.server.threadpool.server.size = 0 (default)
2023-07-05 13:44:01,971 [67a76afe-b765-42e9-b514-f84c102d0c02-groupManagement] INFO  server.RaftServerConfigKeys (ConfUtils.java:logGet(46)) - raft.server.threadpool.client.cached = true (default)
2023-07-05 13:44:01,971 [67a76afe-b765-42e9-b514-f84c102d0c02-groupManagement] INFO  server.RaftServerConfigKeys (ConfUtils.java:logGet(46)) - raft.server.threadpool.client.size = 0 (default)
2023-07-05 13:44:01,971 [67a76afe-b765-42e9-b514-f84c102d0c02-groupManagement] INFO  storage.RaftStorageDirectory (RaftStorageDirectoryImpl.java:analyzeStorage(137)) - The storage directory /home/runner/work/ozone/ozone/hadoop-ozone/integration-test/target/test-dir/MiniOzoneClusterImpl-de398c68-44fd-4973-9846-b14d0f209e8c/datanode-0/data/ratis/ac186cfc-4e52-40e8-bab1-39650067a008 does not exist. Creating ...
2023-07-05 13:44:01,973 [67a76afe-b765-42e9-b514-f84c102d0c02-groupManagement] INFO  storage.RaftStorageDirectory (RaftStorageDirectoryImpl.java:tryLock(231)) - Lock on /home/runner/work/ozone/ozone/hadoop-ozone/integration-test/target/test-dir/MiniOzoneClusterImpl-de398c68-44fd-4973-9846-b14d0f209e8c/datanode-0/data/ratis/ac186cfc-4e52-40e8-bab1-39650067a008/in_use.lock acquired by nodename 25537@fv-az264-29
2023-07-05 13:44:01,975 [67a76afe-b765-42e9-b514-f84c102d0c02-groupManagement] INFO  storage.RaftStorage (RaftStorageImpl.java:format(96)) - Storage directory /home/runner/work/ozone/ozone/hadoop-ozone/integration-test/target/test-dir/MiniOzoneClusterImpl-de398c68-44fd-4973-9846-b14d0f209e8c/datanode-0/data/ratis/ac186cfc-4e52-40e8-bab1-39650067a008 has been successfully formatted.
2023-07-05 13:44:01,976 [67a76afe-b765-42e9-b514-f84c102d0c02-groupManagement] INFO  ratis.ContainerStateMachine (ContainerStateMachine.java:loadSnapshot(262)) - group-39650067A008: The snapshot info is null. Setting the last applied indexto:(t:0, i:~)
2023-07-05 13:44:01,976 [67a76afe-b765-42e9-b514-f84c102d0c02-groupManagement] INFO  server.RaftServerConfigKeys (ConfUtils.java:logGet(46)) - raft.server.log.use.memory = false (default)
2023-07-05 13:44:01,976 [67a76afe-b765-42e9-b514-f84c102d0c02-groupManagement] INFO  server.RaftServerConfigKeys (ConfUtils.java:logGet(46)) - raft.server.log.purge.gap = 1000000 (custom)
2023-07-05 13:44:01,976 [67a76afe-b765-42e9-b514-f84c102d0c02-groupManagement] INFO  server.RaftServerConfigKeys (ConfUtils.java:logGet(46)) - raft.server.log.appender.buffer.byte-limit = 33554432 (custom)
2023-07-05 13:44:01,976 [67a76afe-b765-42e9-b514-f84c102d0c02-groupManagement] INFO  server.RaftServerConfigKeys (ConfUtils.java:logGet(46)) - raft.server.log.statemachine.data.read.timeout = 1000ms (default)
2023-07-05 13:44:01,976 [67a76afe-b765-42e9-b514-f84c102d0c02-groupManagement] INFO  server.RaftServerConfigKeys (ConfUtils.java:logGet(46)) - raft.server.log.purge.preservation.log.num = 0 (default)
2023-07-05 13:44:01,977 [67a76afe-b765-42e9-b514-f84c102d0c02-groupManagement] INFO  server.RaftServerConfigKeys (ConfUtils.java:logGet(46)) - raft.server.log.segment.size.max = 1048576 (custom)
2023-07-05 13:44:01,977 [67a76afe-b765-42e9-b514-f84c102d0c02-groupManagement] INFO  server.RaftServerConfigKeys (ConfUtils.java:logGet(46)) - raft.server.log.segment.cache.num.max = 2 (custom)
2023-07-05 13:44:01,977 [67a76afe-b765-42e9-b514-f84c102d0c02-groupManagement] INFO  server.RaftServerConfigKeys (ConfUtils.java:logGet(46)) - raft.server.log.segment.cache.size.max = 200MB (=209715200) (default)
2023-07-05 13:44:01,977 [67a76afe-b765-42e9-b514-f84c102d0c02-groupManagement] INFO  server.RaftServerConfigKeys (ConfUtils.java:logGet(46)) - raft.server.log.appender.buffer.byte-limit = 33554432 (custom)
2023-07-05 13:44:01,977 [67a76afe-b765-42e9-b514-f84c102d0c02-groupManagement] INFO  segmented.SegmentedRaftLogWorker (SegmentedRaftLogWorker.java:<init>(188)) - new 67a76afe-b765-42e9-b514-f84c102d0c02@group-39650067A008-SegmentedRaftLogWorker for RaftStorageImpl:Storage Directory /home/runner/work/ozone/ozone/hadoop-ozone/integration-test/target/test-dir/MiniOzoneClusterImpl-de398c68-44fd-4973-9846-b14d0f209e8c/datanode-0/data/ratis/ac186cfc-4e52-40e8-bab1-39650067a008
2023-07-05 13:44:01,977 [67a76afe-b765-42e9-b514-f84c102d0c02-groupManagement] INFO  server.RaftServerConfigKeys (ConfUtils.java:logGet(46)) - raft.server.log.queue.byte-limit = 4294967296 (custom)
2023-07-05 13:44:01,977 [67a76afe-b765-42e9-b514-f84c102d0c02-groupManagement] INFO  server.RaftServerConfigKeys (ConfUtils.java:logGet(46)) - raft.server.log.queue.element-limit = 1024 (custom)
2023-07-05 13:44:01,977 [67a76afe-b765-42e9-b514-f84c102d0c02-groupManagement] INFO  server.RaftServerConfigKeys (ConfUtils.java:logGet(46)) - raft.server.log.segment.size.max = 1048576 (custom)
2023-07-05 13:44:01,977 [67a76afe-b765-42e9-b514-f84c102d0c02-groupManagement] INFO  server.RaftServerConfigKeys (ConfUtils.java:logGet(46)) - raft.server.log.preallocated.size = 16384 (custom)
2023-07-05 13:44:01,977 [67a76afe-b765-42e9-b514-f84c102d0c02-groupManagement] INFO  server.RaftServerConfigKeys (ConfUtils.java:logGet(46)) - raft.server.log.force.sync.num = 128 (default)
2023-07-05 13:44:01,977 [67a76afe-b765-42e9-b514-f84c102d0c02-groupManagement] INFO  server.RaftServerConfigKeys (ConfUtils.java:logGet(46)) - raft.server.log.statemachine.data.sync = true (default)
2023-07-05 13:44:01,977 [67a76afe-b765-42e9-b514-f84c102d0c02-groupManagement] INFO  server.RaftServerConfigKeys (ConfUtils.java:logGet(46)) - raft.server.log.statemachine.data.sync.timeout = 10s (default)
2023-07-05 13:44:01,977 [67a76afe-b765-42e9-b514-f84c102d0c02-groupManagement] INFO  server.RaftServerConfigKeys (ConfUtils.java:logGet(46)) - raft.server.log.statemachine.data.sync.timeout.retry = -1 (default)
2023-07-05 13:44:01,978 [67a76afe-b765-42e9-b514-f84c102d0c02-groupManagement] INFO  server.RaftServerConfigKeys (ConfUtils.java:logGet(46)) - raft.server.log.write.buffer.size = 1048576 (custom)
2023-07-05 13:44:01,978 [EventQueue-PipelineReportForPipelineReportHandler] INFO  pipeline.PipelineReportHandler (PipelineReportHandler.java:processPipelineReport(136)) - Opened pipeline PipelineID=ac186cfc-4e52-40e8-bab1-39650067a008
2023-07-05 13:44:01,983 [67a76afe-b765-42e9-b514-f84c102d0c02-groupManagement] INFO  server.RaftServerConfigKeys (ConfUtils.java:logGet(46)) - raft.server.log.appender.buffer.byte-limit = 33554432 (custom)
2023-07-05 13:44:01,989 [67a76afe-b765-42e9-b514-f84c102d0c02-groupManagement] INFO  server.RaftServerConfigKeys (ConfUtils.java:logGet(46)) - raft.server.log.unsafe-flush.enabled = false (default)
2023-07-05 13:44:01,989 [67a76afe-b765-42e9-b514-f84c102d0c02-groupManagement] INFO  server.RaftServerConfigKeys (ConfUtils.java:logGet(46)) - raft.server.log.async-flush.enabled = false (default)
2023-07-05 13:44:01,989 [67a76afe-b765-42e9-b514-f84c102d0c02-groupManagement] INFO  server.RaftServerConfigKeys (ConfUtils.java:logGet(46)) - raft.server.log.statemachine.data.caching.enabled = true (custom)
2023-07-05 13:44:01,989 [67a76afe-b765-42e9-b514-f84c102d0c02-groupManagement] INFO  segmented.SegmentedRaftLogWorker (SegmentedRaftLogWorker.java:lambda$new$0(135)) - 67a76afe-b765-42e9-b514-f84c102d0c02@group-39650067A008-SegmentedRaftLogWorker: flushIndex: setUnconditionally 0 -> -1
2023-07-05 13:44:01,989 [67a76afe-b765-42e9-b514-f84c102d0c02-groupManagement] INFO  segmented.SegmentedRaftLogWorker (SegmentedRaftLogWorker.java:lambda$new$0(135)) - 67a76afe-b765-42e9-b514-f84c102d0c02@group-39650067A008-SegmentedRaftLogWorker: safeCacheEvictIndex: setUnconditionally 0 -> -1
2023-07-05 13:44:01,990 [67a76afe-b765-42e9-b514-f84c102d0c02-groupManagement] INFO  server.RaftServer$Division (RaftServerImpl.java:start(342)) - 67a76afe-b765-42e9-b514-f84c102d0c02@group-39650067A008: start as a follower, conf=-1: peers:[67a76afe-b765-42e9-b514-f84c102d0c02|rpc:10.1.0.13:15173|admin:10.1.0.13:15172|client:10.1.0.13:15171|dataStream:10.1.0.13:15174|priority:1|startupRole:FOLLOWER]|listeners:[], old=null
2023-07-05 13:44:01,990 [EventQueue-OpenPipelineForHealthyPipelineSafeModeRule] INFO  safemode.SCMSafeModeManager (HealthyPipelineSafeModeRule.java:process(137)) - SCM in safe mode. Healthy pipelines reported count is 0, required healthy pipeline reported count is 1
2023-07-05 13:44:01,990 [67a76afe-b765-42e9-b514-f84c102d0c02-groupManagement] INFO  server.RaftServer$Division (RaftServerImpl.java:setRole(329)) - 67a76afe-b765-42e9-b514-f84c102d0c02@group-39650067A008: changes role from      null to FOLLOWER at term 0 for startAsFollower
2023-07-05 13:44:01,990 [67a76afe-b765-42e9-b514-f84c102d0c02-groupManagement] INFO  impl.RoleInfo (RoleInfo.java:updateAndGet(139)) - 67a76afe-b765-42e9-b514-f84c102d0c02: start 67a76afe-b765-42e9-b514-f84c102d0c02@group-39650067A008-FollowerState
2023-07-05 13:44:01,990 [67a76afe-b765-42e9-b514-f84c102d0c02@group-39650067A008-FollowerState] INFO  server.RaftServerConfigKeys (ConfUtils.java:logFallback(53)) - raft.server.rpc.first-election.timeout.min = 5s (fallback to raft.server.rpc.timeout.min)
2023-07-05 13:44:01,990 [67a76afe-b765-42e9-b514-f84c102d0c02-groupManagement] INFO  util.JmxRegister (JmxRegister.java:tryRegister(44)) - Successfully registered JMX Bean with object name Ratis:service=RaftServer,group=group-39650067A008,id=67a76afe-b765-42e9-b514-f84c102d0c02
2023-07-05 13:44:01,990 [67a76afe-b765-42e9-b514-f84c102d0c02@group-39650067A008-FollowerState] INFO  server.RaftServerConfigKeys (ConfUtils.java:logFallback(53)) - raft.server.rpc.first-election.timeout.max = 5200ms (fallback to raft.server.rpc.timeout.max)
2023-07-05 13:44:01,990 [67a76afe-b765-42e9-b514-f84c102d0c02-groupManagement] INFO  server.RaftServerConfigKeys (ConfUtils.java:logGet(46)) - raft.server.snapshot.auto.trigger.enabled = true (custom)
2023-07-05 13:44:01,990 [67a76afe-b765-42e9-b514-f84c102d0c02-groupManagement] INFO  server.RaftServerConfigKeys (ConfUtils.java:logGet(46)) - raft.server.snapshot.auto.trigger.threshold = 10000 (custom)
2023-07-05 13:44:01,990 [67a76afe-b765-42e9-b514-f84c102d0c02-groupManagement] INFO  server.RaftServerConfigKeys (ConfUtils.java:logGet(46)) - raft.server.snapshot.retention.file.num = 5 (custom)
2023-07-05 13:44:01,990 [67a76afe-b765-42e9-b514-f84c102d0c02-groupManagement] INFO  server.RaftServerConfigKeys (ConfUtils.java:logGet(46)) - raft.server.log.purge.upto.snapshot.index = false (default)
2023-07-05 13:44:01,991 [PipelineCommandHandlerThread-0] INFO  ratis.XceiverServerRatis (XceiverServerRatis.java:addGroup(804)) - Created group PipelineID=ac186cfc-4e52-40e8-bab1-39650067a008
2023-07-05 13:44:01,991 [PipelineCommandHandlerThread-0] INFO  commandhandler.CreatePipelineCommandHandler (CreatePipelineCommandHandler.java:lambda$handle$2(124)) - Created Pipeline RATIS ONE PipelineID=ac186cfc-4e52-40e8-bab1-39650067a008.
2023-07-05 13:44:01,991 [PipelineCommandHandlerThread-0] INFO  server.RaftServer (RaftServerProxy.java:addNew(98)) - 67a76afe-b765-42e9-b514-f84c102d0c02: addNew group-6E6DDB135F8E:[860e26e7-dc57-4457-b602-0c8c8602d691|rpc:10.1.0.13:15191|admin:10.1.0.13:15190|client:10.1.0.13:15189|dataStream:10.1.0.13:15192|priority:0|startupRole:FOLLOWER, 67a76afe-b765-42e9-b514-f84c102d0c02|rpc:10.1.0.13:15173|admin:10.1.0.13:15172|client:10.1.0.13:15171|dataStream:10.1.0.13:15174|priority:0|startupRole:FOLLOWER, e6531a31-c1d4-4472-9f40-44bc51606458|rpc:10.1.0.13:15182|admin:10.1.0.13:15181|client:10.1.0.13:15180|dataStream:10.1.0.13:15183|priority:1|startupRole:FOLLOWER] returns group-6E6DDB135F8E:java.util.concurrent.CompletableFuture@2bc3d40a[Not completed]
2023-07-05 13:44:01,993 [67a76afe-b765-42e9-b514-f84c102d0c02-groupManagement] INFO  server.RaftServer$Division (RaftServerImpl.java:<init>(198)) - 67a76afe-b765-42e9-b514-f84c102d0c02: new RaftServerImpl for group-6E6DDB135F8E:[860e26e7-dc57-4457-b602-0c8c8602d691|rpc:10.1.0.13:15191|admin:10.1.0.13:15190|client:10.1.0.13:15189|dataStream:10.1.0.13:15192|priority:0|startupRole:FOLLOWER, 67a76afe-b765-42e9-b514-f84c102d0c02|rpc:10.1.0.13:15173|admin:10.1.0.13:15172|client:10.1.0.13:15171|dataStream:10.1.0.13:15174|priority:0|startupRole:FOLLOWER, e6531a31-c1d4-4472-9f40-44bc51606458|rpc:10.1.0.13:15182|admin:10.1.0.13:15181|client:10.1.0.13:15180|dataStream:10.1.0.13:15183|priority:1|startupRole:FOLLOWER] with ContainerStateMachine:uninitialized
2023-07-05 13:44:01,993 [67a76afe-b765-42e9-b514-f84c102d0c02-groupManagement] INFO  server.RaftServerConfigKeys (ConfUtils.java:logGet(46)) - raft.server.rpc.timeout.min = 5s (custom)
2023-07-05 13:44:01,993 [67a76afe-b765-42e9-b514-f84c102d0c02-groupManagement] INFO  server.RaftServerConfigKeys (ConfUtils.java:logGet(46)) - raft.server.rpc.timeout.max = 5200ms (custom)
2023-07-05 13:44:01,993 [67a76afe-b765-42e9-b514-f84c102d0c02-groupManagement] INFO  server.RaftServerConfigKeys (ConfUtils.java:logGet(46)) - raft.server.rpc.sleep.time = 25ms (default)
2023-07-05 13:44:01,993 [67a76afe-b765-42e9-b514-f84c102d0c02-groupManagement] INFO  server.RaftServerConfigKeys (ConfUtils.java:logGet(46)) - raft.server.rpc.slowness.timeout = 300s (custom)
2023-07-05 13:44:01,993 [67a76afe-b765-42e9-b514-f84c102d0c02-groupManagement] INFO  server.RaftServerConfigKeys (ConfUtils.java:logGet(46)) - raft.server.leaderelection.leader.step-down.wait-time = 10s (default)
2023-07-05 13:44:01,993 [67a76afe-b765-42e9-b514-f84c102d0c02-groupManagement] INFO  server.RaftServerConfigKeys (ConfUtils.java:logGet(46)) - raft.server.sleep.deviation.threshold = 300ms (default)
2023-07-05 13:44:01,993 [67a76afe-b765-42e9-b514-f84c102d0c02-groupManagement] INFO  server.RaftServer$Division (ServerState.java:<init>(120)) - 67a76afe-b765-42e9-b514-f84c102d0c02@group-6E6DDB135F8E: ConfigurationManager, init=-1: peers:[860e26e7-dc57-4457-b602-0c8c8602d691|rpc:10.1.0.13:15191|admin:10.1.0.13:15190|client:10.1.0.13:15189|dataStream:10.1.0.13:15192|priority:0|startupRole:FOLLOWER, 67a76afe-b765-42e9-b514-f84c102d0c02|rpc:10.1.0.13:15173|admin:10.1.0.13:15172|client:10.1.0.13:15171|dataStream:10.1.0.13:15174|priority:0|startupRole:FOLLOWER, e6531a31-c1d4-4472-9f40-44bc51606458|rpc:10.1.0.13:15182|admin:10.1.0.13:15181|client:10.1.0.13:15180|dataStream:10.1.0.13:15183|priority:1|startupRole:FOLLOWER]|listeners:[], old=null, confs=<EMPTY_MAP>
2023-07-05 13:44:01,993 [67a76afe-b765-42e9-b514-f84c102d0c02-groupManagement] INFO  server.RaftServerConfigKeys (ConfUtils.java:logGet(46)) - raft.server.storage.dir = [/home/runner/work/ozone/ozone/hadoop-ozone/integration-test/target/test-dir/MiniOzoneClusterImpl-de398c68-44fd-4973-9846-b14d0f209e8c/datanode-0/data/ratis] (custom)
2023-07-05 13:44:01,993 [67a76afe-b765-42e9-b514-f84c102d0c02-groupManagement] INFO  server.RaftServerConfigKeys (ConfUtils.java:logGet(46)) - raft.server.log.corruption.policy = EXCEPTION (default)
2023-07-05 13:44:01,993 [67a76afe-b765-42e9-b514-f84c102d0c02-groupManagement] INFO  server.RaftServerConfigKeys (ConfUtils.java:logGet(46)) - raft.server.storage.free-space.min = 0MB (=0) (default)
2023-07-05 13:44:01,993 [67a76afe-b765-42e9-b514-f84c102d0c02-groupManagement] INFO  server.RaftServerConfigKeys (ConfUtils.java:logGet(46)) - raft.server.notification.no-leader.timeout = 300s (custom)
2023-07-05 13:44:01,993 [67a76afe-b765-42e9-b514-f84c102d0c02-groupManagement] INFO  server.RaftServerConfigKeys (ConfUtils.java:logGet(46)) - raft.server.read.timeout = 10s (default)
2023-07-05 13:44:01,993 [67a76afe-b765-42e9-b514-f84c102d0c02-groupManagement] INFO  server.RaftServerConfigKeys (ConfUtils.java:logGet(46)) - raft.server.retrycache.expirytime = 600000ms (custom)
2023-07-05 13:44:01,993 [67a76afe-b765-42e9-b514-f84c102d0c02-groupManagement] INFO  server.RaftServerConfigKeys (ConfUtils.java:logGet(46)) - raft.server.retrycache.statistics.expirytime = 100μs (default)
2023-07-05 13:44:01,994 [67a76afe-b765-42e9-b514-f84c102d0c02-groupManagement] INFO  server.RaftServerConfigKeys (ConfUtils.java:logGet(46)) - raft.server.read.option = DEFAULT (default)
2023-07-05 13:44:01,994 [67a76afe-b765-42e9-b514-f84c102d0c02-groupManagement] INFO  server.RaftServerConfigKeys (ConfUtils.java:logGet(46)) - raft.server.rpc.request.timeout = 60s (custom)
2023-07-05 13:44:01,994 [67a76afe-b765-42e9-b514-f84c102d0c02-groupManagement] INFO  server.RaftServerConfigKeys (ConfUtils.java:logGet(46)) - raft.server.log.appender.install.snapshot.enabled = false (custom)
2023-07-05 13:44:01,994 [67a76afe-b765-42e9-b514-f84c102d0c02-groupManagement] INFO  server.RaftServerConfigKeys (ConfUtils.java:logGet(46)) - raft.server.threadpool.server.cached = true (default)
2023-07-05 13:44:01,994 [67a76afe-b765-42e9-b514-f84c102d0c02-groupManagement] INFO  server.RaftServerConfigKeys (ConfUtils.java:logGet(46)) - raft.server.threadpool.server.size = 0 (default)
2023-07-05 13:44:01,994 [67a76afe-b765-42e9-b514-f84c102d0c02-groupManagement] INFO  server.RaftServerConfigKeys (ConfUtils.java:logGet(46)) - raft.server.threadpool.client.cached = true (default)
2023-07-05 13:44:01,994 [67a76afe-b765-42e9-b514-f84c102d0c02-groupManagement] INFO  server.RaftServerConfigKeys (ConfUtils.java:logGet(46)) - raft.server.threadpool.client.size = 0 (default)
2023-07-05 13:44:01,995 [67a76afe-b765-42e9-b514-f84c102d0c02-groupManagement] INFO  storage.RaftStorageDirectory (RaftStorageDirectoryImpl.java:analyzeStorage(137)) - The storage directory /home/runner/work/ozone/ozone/hadoop-ozone/integration-test/target/test-dir/MiniOzoneClusterImpl-de398c68-44fd-4973-9846-b14d0f209e8c/datanode-0/data/ratis/549c5d28-e520-41ce-aeba-6e6ddb135f8e does not exist. Creating ...
2023-07-05 13:44:01,996 [67a76afe-b765-42e9-b514-f84c102d0c02-groupManagement] INFO  storage.RaftStorageDirectory (RaftStorageDirectoryImpl.java:tryLock(231)) - Lock on /home/runner/work/ozone/ozone/hadoop-ozone/integration-test/target/test-dir/MiniOzoneClusterImpl-de398c68-44fd-4973-9846-b14d0f209e8c/datanode-0/data/ratis/549c5d28-e520-41ce-aeba-6e6ddb135f8e/in_use.lock acquired by nodename 25537@fv-az264-29
2023-07-05 13:44:01,997 [67a76afe-b765-42e9-b514-f84c102d0c02-groupManagement] INFO  storage.RaftStorage (RaftStorageImpl.java:format(96)) - Storage directory /home/runner/work/ozone/ozone/hadoop-ozone/integration-test/target/test-dir/MiniOzoneClusterImpl-de398c68-44fd-4973-9846-b14d0f209e8c/datanode-0/data/ratis/549c5d28-e520-41ce-aeba-6e6ddb135f8e has been successfully formatted.
2023-07-05 13:44:01,998 [67a76afe-b765-42e9-b514-f84c102d0c02-groupManagement] INFO  ratis.ContainerStateMachine (ContainerStateMachine.java:loadSnapshot(262)) - group-6E6DDB135F8E: The snapshot info is null. Setting the last applied indexto:(t:0, i:~)
2023-07-05 13:44:01,998 [67a76afe-b765-42e9-b514-f84c102d0c02-groupManagement] INFO  server.RaftServerConfigKeys (ConfUtils.java:logGet(46)) - raft.server.log.use.memory = false (default)
2023-07-05 13:44:01,998 [67a76afe-b765-42e9-b514-f84c102d0c02-groupManagement] INFO  server.RaftServerConfigKeys (ConfUtils.java:logGet(46)) - raft.server.log.purge.gap = 1000000 (custom)
2023-07-05 13:44:01,998 [67a76afe-b765-42e9-b514-f84c102d0c02-groupManagement] INFO  server.RaftServerConfigKeys (ConfUtils.java:logGet(46)) - raft.server.log.appender.buffer.byte-limit = 33554432 (custom)
2023-07-05 13:44:01,998 [67a76afe-b765-42e9-b514-f84c102d0c02-groupManagement] INFO  server.RaftServerConfigKeys (ConfUtils.java:logGet(46)) - raft.server.log.statemachine.data.read.timeout = 1000ms (default)
2023-07-05 13:44:01,998 [67a76afe-b765-42e9-b514-f84c102d0c02-groupManagement] INFO  server.RaftServerConfigKeys (ConfUtils.java:logGet(46)) - raft.server.log.purge.preservation.log.num = 0 (default)
2023-07-05 13:44:01,998 [67a76afe-b765-42e9-b514-f84c102d0c02-groupManagement] INFO  server.RaftServerConfigKeys (ConfUtils.java:logGet(46)) - raft.server.log.segment.size.max = 1048576 (custom)
2023-07-05 13:44:01,998 [67a76afe-b765-42e9-b514-f84c102d0c02-groupManagement] INFO  server.RaftServerConfigKeys (ConfUtils.java:logGet(46)) - raft.server.log.segment.cache.num.max = 2 (custom)
2023-07-05 13:44:01,998 [67a76afe-b765-42e9-b514-f84c102d0c02-groupManagement] INFO  server.RaftServerConfigKeys (ConfUtils.java:logGet(46)) - raft.server.log.segment.cache.size.max = 200MB (=209715200) (default)
2023-07-05 13:44:01,998 [67a76afe-b765-42e9-b514-f84c102d0c02-groupManagement] INFO  server.RaftServerConfigKeys (ConfUtils.java:logGet(46)) - raft.server.log.appender.buffer.byte-limit = 33554432 (custom)
2023-07-05 13:44:01,998 [67a76afe-b765-42e9-b514-f84c102d0c02-groupManagement] INFO  segmented.SegmentedRaftLogWorker (SegmentedRaftLogWorker.java:<init>(188)) - new 67a76afe-b765-42e9-b514-f84c102d0c02@group-6E6DDB135F8E-SegmentedRaftLogWorker for RaftStorageImpl:Storage Directory /home/runner/work/ozone/ozone/hadoop-ozone/integration-test/target/test-dir/MiniOzoneClusterImpl-de398c68-44fd-4973-9846-b14d0f209e8c/datanode-0/data/ratis/549c5d28-e520-41ce-aeba-6e6ddb135f8e
2023-07-05 13:44:01,998 [67a76afe-b765-42e9-b514-f84c102d0c02-groupManagement] INFO  server.RaftServerConfigKeys (ConfUtils.java:logGet(46)) - raft.server.log.queue.byte-limit = 4294967296 (custom)
2023-07-05 13:44:01,999 [67a76afe-b765-42e9-b514-f84c102d0c02-groupManagement] INFO  server.RaftServerConfigKeys (ConfUtils.java:logGet(46)) - raft.server.log.queue.element-limit = 1024 (custom)
2023-07-05 13:44:01,999 [67a76afe-b765-42e9-b514-f84c102d0c02-groupManagement] INFO  server.RaftServerConfigKeys (ConfUtils.java:logGet(46)) - raft.server.log.segment.size.max = 1048576 (custom)
2023-07-05 13:44:01,999 [67a76afe-b765-42e9-b514-f84c102d0c02-groupManagement] INFO  server.RaftServerConfigKeys (ConfUtils.java:logGet(46)) - raft.server.log.preallocated.size = 16384 (custom)
2023-07-05 13:44:01,999 [67a76afe-b765-42e9-b514-f84c102d0c02-groupManagement] INFO  server.RaftServerConfigKeys (ConfUtils.java:logGet(46)) - raft.server.log.force.sync.num = 128 (default)
2023-07-05 13:44:01,999 [67a76afe-b765-42e9-b514-f84c102d0c02-groupManagement] INFO  server.RaftServerConfigKeys (ConfUtils.java:logGet(46)) - raft.server.log.statemachine.data.sync = true (default)
2023-07-05 13:44:01,999 [67a76afe-b765-42e9-b514-f84c102d0c02-groupManagement] INFO  server.RaftServerConfigKeys (ConfUtils.java:logGet(46)) - raft.server.log.statemachine.data.sync.timeout = 10s (default)
2023-07-05 13:44:01,999 [67a76afe-b765-42e9-b514-f84c102d0c02-groupManagement] INFO  server.RaftServerConfigKeys (ConfUtils.java:logGet(46)) - raft.server.log.statemachine.data.sync.timeout.retry = -1 (default)
2023-07-05 13:44:01,999 [EventQueue-OpenPipelineForHealthyPipelineSafeModeRule] INFO  safemode.SCMSafeModeManager (HealthyPipelineSafeModeRule.java:process(137)) - SCM in safe mode. Healthy pipelines reported count is 0, required healthy pipeline reported count is 1
2023-07-05 13:44:01,999 [67a76afe-b765-42e9-b514-f84c102d0c02-groupManagement] INFO  server.RaftServerConfigKeys (ConfUtils.java:logGet(46)) - raft.server.log.write.buffer.size = 1048576 (custom)
2023-07-05 13:44:02,002 [67a76afe-b765-42e9-b514-f84c102d0c02-groupManagement] INFO  server.RaftServerConfigKeys (ConfUtils.java:logGet(46)) - raft.server.log.appender.buffer.byte-limit = 33554432 (custom)
2023-07-05 13:44:02,008 [67a76afe-b765-42e9-b514-f84c102d0c02-groupManagement] INFO  server.RaftServerConfigKeys (ConfUtils.java:logGet(46)) - raft.server.log.unsafe-flush.enabled = false (default)
2023-07-05 13:44:02,008 [67a76afe-b765-42e9-b514-f84c102d0c02-groupManagement] INFO  server.RaftServerConfigKeys (ConfUtils.java:logGet(46)) - raft.server.log.async-flush.enabled = false (default)
2023-07-05 13:44:02,008 [67a76afe-b765-42e9-b514-f84c102d0c02-groupManagement] INFO  server.RaftServerConfigKeys (ConfUtils.java:logGet(46)) - raft.server.log.statemachine.data.caching.enabled = true (custom)
2023-07-05 13:44:02,008 [67a76afe-b765-42e9-b514-f84c102d0c02-groupManagement] INFO  segmented.SegmentedRaftLogWorker (SegmentedRaftLogWorker.java:lambda$new$0(135)) - 67a76afe-b765-42e9-b514-f84c102d0c02@group-6E6DDB135F8E-SegmentedRaftLogWorker: flushIndex: setUnconditionally 0 -> -1
2023-07-05 13:44:02,008 [67a76afe-b765-42e9-b514-f84c102d0c02-groupManagement] INFO  segmented.SegmentedRaftLogWorker (SegmentedRaftLogWorker.java:lambda$new$0(135)) - 67a76afe-b765-42e9-b514-f84c102d0c02@group-6E6DDB135F8E-SegmentedRaftLogWorker: safeCacheEvictIndex: setUnconditionally 0 -> -1
2023-07-05 13:44:02,009 [67a76afe-b765-42e9-b514-f84c102d0c02-groupManagement] INFO  server.RaftServer$Division (RaftServerImpl.java:start(342)) - 67a76afe-b765-42e9-b514-f84c102d0c02@group-6E6DDB135F8E: start as a follower, conf=-1: peers:[860e26e7-dc57-4457-b602-0c8c8602d691|rpc:10.1.0.13:15191|admin:10.1.0.13:15190|client:10.1.0.13:15189|dataStream:10.1.0.13:15192|priority:0|startupRole:FOLLOWER, 67a76afe-b765-42e9-b514-f84c102d0c02|rpc:10.1.0.13:15173|admin:10.1.0.13:15172|client:10.1.0.13:15171|dataStream:10.1.0.13:15174|priority:0|startupRole:FOLLOWER, e6531a31-c1d4-4472-9f40-44bc51606458|rpc:10.1.0.13:15182|admin:10.1.0.13:15181|client:10.1.0.13:15180|dataStream:10.1.0.13:15183|priority:1|startupRole:FOLLOWER]|listeners:[], old=null
2023-07-05 13:44:02,009 [67a76afe-b765-42e9-b514-f84c102d0c02-groupManagement] INFO  server.RaftServer$Division (RaftServerImpl.java:setRole(329)) - 67a76afe-b765-42e9-b514-f84c102d0c02@group-6E6DDB135F8E: changes role from      null to FOLLOWER at term 0 for startAsFollower
2023-07-05 13:44:02,009 [67a76afe-b765-42e9-b514-f84c102d0c02-groupManagement] INFO  impl.RoleInfo (RoleInfo.java:updateAndGet(139)) - 67a76afe-b765-42e9-b514-f84c102d0c02: start 67a76afe-b765-42e9-b514-f84c102d0c02@group-6E6DDB135F8E-FollowerState
2023-07-05 13:44:02,009 [67a76afe-b765-42e9-b514-f84c102d0c02-groupManagement] INFO  util.JmxRegister (JmxRegister.java:tryRegister(44)) - Successfully registered JMX Bean with object name Ratis:service=RaftServer,group=group-6E6DDB135F8E,id=67a76afe-b765-42e9-b514-f84c102d0c02
2023-07-05 13:44:02,009 [67a76afe-b765-42e9-b514-f84c102d0c02@group-6E6DDB135F8E-FollowerState] INFO  server.RaftServerConfigKeys (ConfUtils.java:logFallback(53)) - raft.server.rpc.first-election.timeout.min = 5s (fallback to raft.server.rpc.timeout.min)
2023-07-05 13:44:02,009 [67a76afe-b765-42e9-b514-f84c102d0c02-groupManagement] INFO  server.RaftServerConfigKeys (ConfUtils.java:logGet(46)) - raft.server.snapshot.auto.trigger.enabled = true (custom)
2023-07-05 13:44:02,009 [67a76afe-b765-42e9-b514-f84c102d0c02@group-6E6DDB135F8E-FollowerState] INFO  server.RaftServerConfigKeys (ConfUtils.java:logFallback(53)) - raft.server.rpc.first-election.timeout.max = 5200ms (fallback to raft.server.rpc.timeout.max)
2023-07-05 13:44:02,009 [67a76afe-b765-42e9-b514-f84c102d0c02-groupManagement] INFO  server.RaftServerConfigKeys (ConfUtils.java:logGet(46)) - raft.server.snapshot.auto.trigger.threshold = 10000 (custom)
2023-07-05 13:44:02,009 [67a76afe-b765-42e9-b514-f84c102d0c02-groupManagement] INFO  server.RaftServerConfigKeys (ConfUtils.java:logGet(46)) - raft.server.snapshot.retention.file.num = 5 (custom)
2023-07-05 13:44:02,009 [67a76afe-b765-42e9-b514-f84c102d0c02-groupManagement] INFO  server.RaftServerConfigKeys (ConfUtils.java:logGet(46)) - raft.server.log.purge.upto.snapshot.index = false (default)
2023-07-05 13:44:02,010 [PipelineCommandHandlerThread-0] INFO  ratis.XceiverServerRatis (XceiverServerRatis.java:addGroup(804)) - Created group PipelineID=549c5d28-e520-41ce-aeba-6e6ddb135f8e
2023-07-05 13:44:02,022 [grpc-default-executor-0] INFO  server.RaftServer (RaftServerProxy.java:addNew(98)) - 860e26e7-dc57-4457-b602-0c8c8602d691: addNew group-6E6DDB135F8E:[860e26e7-dc57-4457-b602-0c8c8602d691|rpc:10.1.0.13:15191|admin:10.1.0.13:15190|client:10.1.0.13:15189|dataStream:10.1.0.13:15192|priority:0|startupRole:FOLLOWER, 67a76afe-b765-42e9-b514-f84c102d0c02|rpc:10.1.0.13:15173|admin:10.1.0.13:15172|client:10.1.0.13:15171|dataStream:10.1.0.13:15174|priority:0|startupRole:FOLLOWER, e6531a31-c1d4-4472-9f40-44bc51606458|rpc:10.1.0.13:15182|admin:10.1.0.13:15181|client:10.1.0.13:15180|dataStream:10.1.0.13:15183|priority:1|startupRole:FOLLOWER] returns group-6E6DDB135F8E:java.util.concurrent.CompletableFuture@75ea921e[Not completed]
2023-07-05 13:44:02,023 [860e26e7-dc57-4457-b602-0c8c8602d691-groupManagement] INFO  server.RaftServer$Division (RaftServerImpl.java:<init>(198)) - 860e26e7-dc57-4457-b602-0c8c8602d691: new RaftServerImpl for group-6E6DDB135F8E:[860e26e7-dc57-4457-b602-0c8c8602d691|rpc:10.1.0.13:15191|admin:10.1.0.13:15190|client:10.1.0.13:15189|dataStream:10.1.0.13:15192|priority:0|startupRole:FOLLOWER, 67a76afe-b765-42e9-b514-f84c102d0c02|rpc:10.1.0.13:15173|admin:10.1.0.13:15172|client:10.1.0.13:15171|dataStream:10.1.0.13:15174|priority:0|startupRole:FOLLOWER, e6531a31-c1d4-4472-9f40-44bc51606458|rpc:10.1.0.13:15182|admin:10.1.0.13:15181|client:10.1.0.13:15180|dataStream:10.1.0.13:15183|priority:1|startupRole:FOLLOWER] with ContainerStateMachine:uninitialized
2023-07-05 13:44:02,023 [860e26e7-dc57-4457-b602-0c8c8602d691-groupManagement] INFO  server.RaftServerConfigKeys (ConfUtils.java:logGet(46)) - raft.server.rpc.timeout.min = 5s (custom)
2023-07-05 13:44:02,023 [860e26e7-dc57-4457-b602-0c8c8602d691-groupManagement] INFO  server.RaftServerConfigKeys (ConfUtils.java:logGet(46)) - raft.server.rpc.timeout.max = 5200ms (custom)
2023-07-05 13:44:02,023 [860e26e7-dc57-4457-b602-0c8c8602d691-groupManagement] INFO  server.RaftServerConfigKeys (ConfUtils.java:logGet(46)) - raft.server.rpc.sleep.time = 25ms (default)
2023-07-05 13:44:02,023 [860e26e7-dc57-4457-b602-0c8c8602d691-groupManagement] INFO  server.RaftServerConfigKeys (ConfUtils.java:logGet(46)) - raft.server.rpc.slowness.timeout = 300s (custom)
2023-07-05 13:44:02,023 [860e26e7-dc57-4457-b602-0c8c8602d691-groupManagement] INFO  server.RaftServerConfigKeys (ConfUtils.java:logGet(46)) - raft.server.leaderelection.leader.step-down.wait-time = 10s (default)
2023-07-05 13:44:02,023 [860e26e7-dc57-4457-b602-0c8c8602d691-groupManagement] INFO  server.RaftServerConfigKeys (ConfUtils.java:logGet(46)) - raft.server.sleep.deviation.threshold = 300ms (default)
2023-07-05 13:44:02,023 [860e26e7-dc57-4457-b602-0c8c8602d691-groupManagement] INFO  server.RaftServer$Division (ServerState.java:<init>(120)) - 860e26e7-dc57-4457-b602-0c8c8602d691@group-6E6DDB135F8E: ConfigurationManager, init=-1: peers:[860e26e7-dc57-4457-b602-0c8c8602d691|rpc:10.1.0.13:15191|admin:10.1.0.13:15190|client:10.1.0.13:15189|dataStream:10.1.0.13:15192|priority:0|startupRole:FOLLOWER, 67a76afe-b765-42e9-b514-f84c102d0c02|rpc:10.1.0.13:15173|admin:10.1.0.13:15172|client:10.1.0.13:15171|dataStream:10.1.0.13:15174|priority:0|startupRole:FOLLOWER, e6531a31-c1d4-4472-9f40-44bc51606458|rpc:10.1.0.13:15182|admin:10.1.0.13:15181|client:10.1.0.13:15180|dataStream:10.1.0.13:15183|priority:1|startupRole:FOLLOWER]|listeners:[], old=null, confs=<EMPTY_MAP>
2023-07-05 13:44:02,023 [860e26e7-dc57-4457-b602-0c8c8602d691-groupManagement] INFO  server.RaftServerConfigKeys (ConfUtils.java:logGet(46)) - raft.server.storage.dir = [/home/runner/work/ozone/ozone/hadoop-ozone/integration-test/target/test-dir/MiniOzoneClusterImpl-de398c68-44fd-4973-9846-b14d0f209e8c/datanode-2/data/ratis] (custom)
2023-07-05 13:44:02,024 [860e26e7-dc57-4457-b602-0c8c8602d691-groupManagement] INFO  server.RaftServerConfigKeys (ConfUtils.java:logGet(46)) - raft.server.log.corruption.policy = EXCEPTION (default)
2023-07-05 13:44:02,024 [860e26e7-dc57-4457-b602-0c8c8602d691-groupManagement] INFO  server.RaftServerConfigKeys (ConfUtils.java:logGet(46)) - raft.server.storage.free-space.min = 0MB (=0) (default)
2023-07-05 13:44:02,024 [860e26e7-dc57-4457-b602-0c8c8602d691-groupManagement] INFO  server.RaftServerConfigKeys (ConfUtils.java:logGet(46)) - raft.server.notification.no-leader.timeout = 300s (custom)
2023-07-05 13:44:02,024 [860e26e7-dc57-4457-b602-0c8c8602d691-groupManagement] INFO  server.RaftServerConfigKeys (ConfUtils.java:logGet(46)) - raft.server.read.timeout = 10s (default)
2023-07-05 13:44:02,024 [860e26e7-dc57-4457-b602-0c8c8602d691-groupManagement] INFO  server.RaftServerConfigKeys (ConfUtils.java:logGet(46)) - raft.server.retrycache.expirytime = 600000ms (custom)
2023-07-05 13:44:02,024 [860e26e7-dc57-4457-b602-0c8c8602d691-groupManagement] INFO  server.RaftServerConfigKeys (ConfUtils.java:logGet(46)) - raft.server.retrycache.statistics.expirytime = 100μs (default)
2023-07-05 13:44:02,024 [860e26e7-dc57-4457-b602-0c8c8602d691-groupManagement] INFO  server.RaftServerConfigKeys (ConfUtils.java:logGet(46)) - raft.server.read.option = DEFAULT (default)
2023-07-05 13:44:02,025 [860e26e7-dc57-4457-b602-0c8c8602d691-groupManagement] INFO  server.RaftServerConfigKeys (ConfUtils.java:logGet(46)) - raft.server.rpc.request.timeout = 60s (custom)
2023-07-05 13:44:02,025 [860e26e7-dc57-4457-b602-0c8c8602d691-groupManagement] INFO  server.RaftServerConfigKeys (ConfUtils.java:logGet(46)) - raft.server.log.appender.install.snapshot.enabled = false (custom)
2023-07-05 13:44:02,025 [860e26e7-dc57-4457-b602-0c8c8602d691-groupManagement] INFO  server.RaftServerConfigKeys (ConfUtils.java:logGet(46)) - raft.server.threadpool.server.cached = true (default)
2023-07-05 13:44:02,025 [860e26e7-dc57-4457-b602-0c8c8602d691-groupManagement] INFO  server.RaftServerConfigKeys (ConfUtils.java:logGet(46)) - raft.server.threadpool.server.size = 0 (default)
2023-07-05 13:44:02,025 [860e26e7-dc57-4457-b602-0c8c8602d691-groupManagement] INFO  server.RaftServerConfigKeys (ConfUtils.java:logGet(46)) - raft.server.threadpool.client.cached = true (default)
2023-07-05 13:44:02,025 [860e26e7-dc57-4457-b602-0c8c8602d691-groupManagement] INFO  server.RaftServerConfigKeys (ConfUtils.java:logGet(46)) - raft.server.threadpool.client.size = 0 (default)
2023-07-05 13:44:02,025 [860e26e7-dc57-4457-b602-0c8c8602d691-groupManagement] INFO  storage.RaftStorageDirectory (RaftStorageDirectoryImpl.java:analyzeStorage(137)) - The storage directory /home/runner/work/ozone/ozone/hadoop-ozone/integration-test/target/test-dir/MiniOzoneClusterImpl-de398c68-44fd-4973-9846-b14d0f209e8c/datanode-2/data/ratis/549c5d28-e520-41ce-aeba-6e6ddb135f8e does not exist. Creating ...
2023-07-05 13:44:02,027 [860e26e7-dc57-4457-b602-0c8c8602d691-groupManagement] INFO  storage.RaftStorageDirectory (RaftStorageDirectoryImpl.java:tryLock(231)) - Lock on /home/runner/work/ozone/ozone/hadoop-ozone/integration-test/target/test-dir/MiniOzoneClusterImpl-de398c68-44fd-4973-9846-b14d0f209e8c/datanode-2/data/ratis/549c5d28-e520-41ce-aeba-6e6ddb135f8e/in_use.lock acquired by nodename 25537@fv-az264-29
2023-07-05 13:44:02,028 [860e26e7-dc57-4457-b602-0c8c8602d691-groupManagement] INFO  storage.RaftStorage (RaftStorageImpl.java:format(96)) - Storage directory /home/runner/work/ozone/ozone/hadoop-ozone/integration-test/target/test-dir/MiniOzoneClusterImpl-de398c68-44fd-4973-9846-b14d0f209e8c/datanode-2/data/ratis/549c5d28-e520-41ce-aeba-6e6ddb135f8e has been successfully formatted.
2023-07-05 13:44:02,030 [860e26e7-dc57-4457-b602-0c8c8602d691-groupManagement] INFO  ratis.ContainerStateMachine (ContainerStateMachine.java:loadSnapshot(262)) - group-6E6DDB135F8E: The snapshot info is null. Setting the last applied indexto:(t:0, i:~)
2023-07-05 13:44:02,030 [860e26e7-dc57-4457-b602-0c8c8602d691-groupManagement] INFO  server.RaftServerConfigKeys (ConfUtils.java:logGet(46)) - raft.server.log.use.memory = false (default)
2023-07-05 13:44:02,031 [860e26e7-dc57-4457-b602-0c8c8602d691-groupManagement] INFO  server.RaftServerConfigKeys (ConfUtils.java:logGet(46)) - raft.server.log.purge.gap = 1000000 (custom)
2023-07-05 13:44:02,031 [860e26e7-dc57-4457-b602-0c8c8602d691-groupManagement] INFO  server.RaftServerConfigKeys (ConfUtils.java:logGet(46)) - raft.server.log.appender.buffer.byte-limit = 33554432 (custom)
2023-07-05 13:44:02,031 [860e26e7-dc57-4457-b602-0c8c8602d691-groupManagement] INFO  server.RaftServerConfigKeys (ConfUtils.java:logGet(46)) - raft.server.log.statemachine.data.read.timeout = 1000ms (default)
2023-07-05 13:44:02,031 [860e26e7-dc57-4457-b602-0c8c8602d691-groupManagement] INFO  server.RaftServerConfigKeys (ConfUtils.java:logGet(46)) - raft.server.log.purge.preservation.log.num = 0 (default)
2023-07-05 13:44:02,031 [860e26e7-dc57-4457-b602-0c8c8602d691-groupManagement] INFO  server.RaftServerConfigKeys (ConfUtils.java:logGet(46)) - raft.server.log.segment.size.max = 1048576 (custom)
2023-07-05 13:44:02,032 [860e26e7-dc57-4457-b602-0c8c8602d691-groupManagement] INFO  server.RaftServerConfigKeys (ConfUtils.java:logGet(46)) - raft.server.log.segment.cache.num.max = 2 (custom)
2023-07-05 13:44:02,032 [860e26e7-dc57-4457-b602-0c8c8602d691-groupManagement] INFO  server.RaftServerConfigKeys (ConfUtils.java:logGet(46)) - raft.server.log.segment.cache.size.max = 200MB (=209715200) (default)
2023-07-05 13:44:02,032 [860e26e7-dc57-4457-b602-0c8c8602d691-groupManagement] INFO  server.RaftServerConfigKeys (ConfUtils.java:logGet(46)) - raft.server.log.appender.buffer.byte-limit = 33554432 (custom)
2023-07-05 13:44:02,032 [860e26e7-dc57-4457-b602-0c8c8602d691-groupManagement] INFO  segmented.SegmentedRaftLogWorker (SegmentedRaftLogWorker.java:<init>(188)) - new 860e26e7-dc57-4457-b602-0c8c8602d691@group-6E6DDB135F8E-SegmentedRaftLogWorker for RaftStorageImpl:Storage Directory /home/runner/work/ozone/ozone/hadoop-ozone/integration-test/target/test-dir/MiniOzoneClusterImpl-de398c68-44fd-4973-9846-b14d0f209e8c/datanode-2/data/ratis/549c5d28-e520-41ce-aeba-6e6ddb135f8e
2023-07-05 13:44:02,032 [860e26e7-dc57-4457-b602-0c8c8602d691-groupManagement] INFO  server.RaftServerConfigKeys (ConfUtils.java:logGet(46)) - raft.server.log.queue.byte-limit = 4294967296 (custom)
2023-07-05 13:44:02,032 [860e26e7-dc57-4457-b602-0c8c8602d691-groupManagement] INFO  server.RaftServerConfigKeys (ConfUtils.java:logGet(46)) - raft.server.log.queue.element-limit = 1024 (custom)
2023-07-05 13:44:02,032 [860e26e7-dc57-4457-b602-0c8c8602d691-groupManagement] INFO  server.RaftServerConfigKeys (ConfUtils.java:logGet(46)) - raft.server.log.segment.size.max = 1048576 (custom)
2023-07-05 13:44:02,032 [860e26e7-dc57-4457-b602-0c8c8602d691-groupManagement] INFO  server.RaftServerConfigKeys (ConfUtils.java:logGet(46)) - raft.server.log.preallocated.size = 16384 (custom)
2023-07-05 13:44:02,032 [860e26e7-dc57-4457-b602-0c8c8602d691-groupManagement] INFO  server.RaftServerConfigKeys (ConfUtils.java:logGet(46)) - raft.server.log.force.sync.num = 128 (default)
2023-07-05 13:44:02,032 [860e26e7-dc57-4457-b602-0c8c8602d691-groupManagement] INFO  server.RaftServerConfigKeys (ConfUtils.java:logGet(46)) - raft.server.log.statemachine.data.sync = true (default)
2023-07-05 13:44:02,032 [860e26e7-dc57-4457-b602-0c8c8602d691-groupManagement] INFO  server.RaftServerConfigKeys (ConfUtils.java:logGet(46)) - raft.server.log.statemachine.data.sync.timeout = 10s (default)
2023-07-05 13:44:02,032 [860e26e7-dc57-4457-b602-0c8c8602d691-groupManagement] INFO  server.RaftServerConfigKeys (ConfUtils.java:logGet(46)) - raft.server.log.statemachine.data.sync.timeout.retry = -1 (default)
2023-07-05 13:44:02,033 [860e26e7-dc57-4457-b602-0c8c8602d691-groupManagement] INFO  server.RaftServerConfigKeys (ConfUtils.java:logGet(46)) - raft.server.log.write.buffer.size = 1048576 (custom)
2023-07-05 13:44:02,033 [860e26e7-dc57-4457-b602-0c8c8602d691-groupManagement] INFO  server.RaftServerConfigKeys (ConfUtils.java:logGet(46)) - raft.server.log.appender.buffer.byte-limit = 33554432 (custom)
2023-07-05 13:44:02,039 [860e26e7-dc57-4457-b602-0c8c8602d691-groupManagement] INFO  server.RaftServerConfigKeys (ConfUtils.java:logGet(46)) - raft.server.log.unsafe-flush.enabled = false (default)
2023-07-05 13:44:02,039 [860e26e7-dc57-4457-b602-0c8c8602d691-groupManagement] INFO  server.RaftServerConfigKeys (ConfUtils.java:logGet(46)) - raft.server.log.async-flush.enabled = false (default)
2023-07-05 13:44:02,039 [860e26e7-dc57-4457-b602-0c8c8602d691-groupManagement] INFO  server.RaftServerConfigKeys (ConfUtils.java:logGet(46)) - raft.server.log.statemachine.data.caching.enabled = true (custom)
2023-07-05 13:44:02,039 [860e26e7-dc57-4457-b602-0c8c8602d691-groupManagement] INFO  segmented.SegmentedRaftLogWorker (SegmentedRaftLogWorker.java:lambda$new$0(135)) - 860e26e7-dc57-4457-b602-0c8c8602d691@group-6E6DDB135F8E-SegmentedRaftLogWorker: flushIndex: setUnconditionally 0 -> -1
2023-07-05 13:44:02,039 [860e26e7-dc57-4457-b602-0c8c8602d691-groupManagement] INFO  segmented.SegmentedRaftLogWorker (SegmentedRaftLogWorker.java:lambda$new$0(135)) - 860e26e7-dc57-4457-b602-0c8c8602d691@group-6E6DDB135F8E-SegmentedRaftLogWorker: safeCacheEvictIndex: setUnconditionally 0 -> -1
2023-07-05 13:44:02,039 [860e26e7-dc57-4457-b602-0c8c8602d691-groupManagement] INFO  server.RaftServer$Division (RaftServerImpl.java:start(342)) - 860e26e7-dc57-4457-b602-0c8c8602d691@group-6E6DDB135F8E: start as a follower, conf=-1: peers:[860e26e7-dc57-4457-b602-0c8c8602d691|rpc:10.1.0.13:15191|admin:10.1.0.13:15190|client:10.1.0.13:15189|dataStream:10.1.0.13:15192|priority:0|startupRole:FOLLOWER, 67a76afe-b765-42e9-b514-f84c102d0c02|rpc:10.1.0.13:15173|admin:10.1.0.13:15172|client:10.1.0.13:15171|dataStream:10.1.0.13:15174|priority:0|startupRole:FOLLOWER, e6531a31-c1d4-4472-9f40-44bc51606458|rpc:10.1.0.13:15182|admin:10.1.0.13:15181|client:10.1.0.13:15180|dataStream:10.1.0.13:15183|priority:1|startupRole:FOLLOWER]|listeners:[], old=null
2023-07-05 13:44:02,039 [860e26e7-dc57-4457-b602-0c8c8602d691-groupManagement] INFO  server.RaftServer$Division (RaftServerImpl.java:setRole(329)) - 860e26e7-dc57-4457-b602-0c8c8602d691@group-6E6DDB135F8E: changes role from      null to FOLLOWER at term 0 for startAsFollower
2023-07-05 13:44:02,039 [860e26e7-dc57-4457-b602-0c8c8602d691-groupManagement] INFO  impl.RoleInfo (RoleInfo.java:updateAndGet(139)) - 860e26e7-dc57-4457-b602-0c8c8602d691: start 860e26e7-dc57-4457-b602-0c8c8602d691@group-6E6DDB135F8E-FollowerState
2023-07-05 13:44:02,041 [860e26e7-dc57-4457-b602-0c8c8602d691-groupManagement] INFO  util.JmxRegister (JmxRegister.java:tryRegister(44)) - Successfully registered JMX Bean with object name Ratis:service=RaftServer,group=group-6E6DDB135F8E,id=860e26e7-dc57-4457-b602-0c8c8602d691
2023-07-05 13:44:02,041 [860e26e7-dc57-4457-b602-0c8c8602d691@group-6E6DDB135F8E-FollowerState] INFO  server.RaftServerConfigKeys (ConfUtils.java:logFallback(53)) - raft.server.rpc.first-election.timeout.min = 5s (fallback to raft.server.rpc.timeout.min)
2023-07-05 13:44:02,041 [860e26e7-dc57-4457-b602-0c8c8602d691@group-6E6DDB135F8E-FollowerState] INFO  server.RaftServerConfigKeys (ConfUtils.java:logFallback(53)) - raft.server.rpc.first-election.timeout.max = 5200ms (fallback to raft.server.rpc.timeout.max)
2023-07-05 13:44:02,041 [860e26e7-dc57-4457-b602-0c8c8602d691-groupManagement] INFO  server.RaftServerConfigKeys (ConfUtils.java:logGet(46)) - raft.server.snapshot.auto.trigger.enabled = true (custom)
2023-07-05 13:44:02,041 [860e26e7-dc57-4457-b602-0c8c8602d691-groupManagement] INFO  server.RaftServerConfigKeys (ConfUtils.java:logGet(46)) - raft.server.snapshot.auto.trigger.threshold = 10000 (custom)
2023-07-05 13:44:02,041 [860e26e7-dc57-4457-b602-0c8c8602d691-groupManagement] INFO  server.RaftServerConfigKeys (ConfUtils.java:logGet(46)) - raft.server.snapshot.retention.file.num = 5 (custom)
2023-07-05 13:44:02,041 [860e26e7-dc57-4457-b602-0c8c8602d691-groupManagement] INFO  server.RaftServerConfigKeys (ConfUtils.java:logGet(46)) - raft.server.log.purge.upto.snapshot.index = false (default)
2023-07-05 13:44:02,061 [grpc-default-executor-0] INFO  server.RaftServer (RaftServerProxy.java:addNew(98)) - e6531a31-c1d4-4472-9f40-44bc51606458: addNew group-6E6DDB135F8E:[860e26e7-dc57-4457-b602-0c8c8602d691|rpc:10.1.0.13:15191|admin:10.1.0.13:15190|client:10.1.0.13:15189|dataStream:10.1.0.13:15192|priority:0|startupRole:FOLLOWER, 67a76afe-b765-42e9-b514-f84c102d0c02|rpc:10.1.0.13:15173|admin:10.1.0.13:15172|client:10.1.0.13:15171|dataStream:10.1.0.13:15174|priority:0|startupRole:FOLLOWER, e6531a31-c1d4-4472-9f40-44bc51606458|rpc:10.1.0.13:15182|admin:10.1.0.13:15181|client:10.1.0.13:15180|dataStream:10.1.0.13:15183|priority:1|startupRole:FOLLOWER] returns group-6E6DDB135F8E:java.util.concurrent.CompletableFuture@77dfe469[Not completed]
2023-07-05 13:44:02,063 [e6531a31-c1d4-4472-9f40-44bc51606458-groupManagement] INFO  server.RaftServer$Division (RaftServerImpl.java:<init>(198)) - e6531a31-c1d4-4472-9f40-44bc51606458: new RaftServerImpl for group-6E6DDB135F8E:[860e26e7-dc57-4457-b602-0c8c8602d691|rpc:10.1.0.13:15191|admin:10.1.0.13:15190|client:10.1.0.13:15189|dataStream:10.1.0.13:15192|priority:0|startupRole:FOLLOWER, 67a76afe-b765-42e9-b514-f84c102d0c02|rpc:10.1.0.13:15173|admin:10.1.0.13:15172|client:10.1.0.13:15171|dataStream:10.1.0.13:15174|priority:0|startupRole:FOLLOWER, e6531a31-c1d4-4472-9f40-44bc51606458|rpc:10.1.0.13:15182|admin:10.1.0.13:15181|client:10.1.0.13:15180|dataStream:10.1.0.13:15183|priority:1|startupRole:FOLLOWER] with ContainerStateMachine:uninitialized
2023-07-05 13:44:02,063 [e6531a31-c1d4-4472-9f40-44bc51606458-groupManagement] INFO  server.RaftServerConfigKeys (ConfUtils.java:logGet(46)) - raft.server.rpc.timeout.min = 5s (custom)
2023-07-05 13:44:02,063 [e6531a31-c1d4-4472-9f40-44bc51606458-groupManagement] INFO  server.RaftServerConfigKeys (ConfUtils.java:logGet(46)) - raft.server.rpc.timeout.max = 5200ms (custom)
2023-07-05 13:44:02,063 [e6531a31-c1d4-4472-9f40-44bc51606458-groupManagement] INFO  server.RaftServerConfigKeys (ConfUtils.java:logGet(46)) - raft.server.rpc.sleep.time = 25ms (default)
2023-07-05 13:44:02,063 [e6531a31-c1d4-4472-9f40-44bc51606458-groupManagement] INFO  server.RaftServerConfigKeys (ConfUtils.java:logGet(46)) - raft.server.rpc.slowness.timeout = 300s (custom)
2023-07-05 13:44:02,063 [e6531a31-c1d4-4472-9f40-44bc51606458-groupManagement] INFO  server.RaftServerConfigKeys (ConfUtils.java:logGet(46)) - raft.server.leaderelection.leader.step-down.wait-time = 10s (default)
2023-07-05 13:44:02,063 [e6531a31-c1d4-4472-9f40-44bc51606458-groupManagement] INFO  server.RaftServerConfigKeys (ConfUtils.java:logGet(46)) - raft.server.sleep.deviation.threshold = 300ms (default)
2023-07-05 13:44:02,063 [e6531a31-c1d4-4472-9f40-44bc51606458-groupManagement] INFO  server.RaftServer$Division (ServerState.java:<init>(120)) - e6531a31-c1d4-4472-9f40-44bc51606458@group-6E6DDB135F8E: ConfigurationManager, init=-1: peers:[860e26e7-dc57-4457-b602-0c8c8602d691|rpc:10.1.0.13:15191|admin:10.1.0.13:15190|client:10.1.0.13:15189|dataStream:10.1.0.13:15192|priority:0|startupRole:FOLLOWER, 67a76afe-b765-42e9-b514-f84c102d0c02|rpc:10.1.0.13:15173|admin:10.1.0.13:15172|client:10.1.0.13:15171|dataStream:10.1.0.13:15174|priority:0|startupRole:FOLLOWER, e6531a31-c1d4-4472-9f40-44bc51606458|rpc:10.1.0.13:15182|admin:10.1.0.13:15181|client:10.1.0.13:15180|dataStream:10.1.0.13:15183|priority:1|startupRole:FOLLOWER]|listeners:[], old=null, confs=<EMPTY_MAP>
2023-07-05 13:44:02,063 [e6531a31-c1d4-4472-9f40-44bc51606458-groupManagement] INFO  server.RaftServerConfigKeys (ConfUtils.java:logGet(46)) - raft.server.storage.dir = [/home/runner/work/ozone/ozone/hadoop-ozone/integration-test/target/test-dir/MiniOzoneClusterImpl-de398c68-44fd-4973-9846-b14d0f209e8c/datanode-1/data/ratis] (custom)
2023-07-05 13:44:02,063 [e6531a31-c1d4-4472-9f40-44bc51606458-groupManagement] INFO  server.RaftServerConfigKeys (ConfUtils.java:logGet(46)) - raft.server.log.corruption.policy = EXCEPTION (default)
2023-07-05 13:44:02,063 [e6531a31-c1d4-4472-9f40-44bc51606458-groupManagement] INFO  server.RaftServerConfigKeys (ConfUtils.java:logGet(46)) - raft.server.storage.free-space.min = 0MB (=0) (default)
2023-07-05 13:44:02,063 [e6531a31-c1d4-4472-9f40-44bc51606458-groupManagement] INFO  server.RaftServerConfigKeys (ConfUtils.java:logGet(46)) - raft.server.notification.no-leader.timeout = 300s (custom)
2023-07-05 13:44:02,064 [e6531a31-c1d4-4472-9f40-44bc51606458-groupManagement] INFO  server.RaftServerConfigKeys (ConfUtils.java:logGet(46)) - raft.server.read.timeout = 10s (default)
2023-07-05 13:44:02,064 [e6531a31-c1d4-4472-9f40-44bc51606458-groupManagement] INFO  server.RaftServerConfigKeys (ConfUtils.java:logGet(46)) - raft.server.retrycache.expirytime = 600000ms (custom)
2023-07-05 13:44:02,064 [e6531a31-c1d4-4472-9f40-44bc51606458-groupManagement] INFO  server.RaftServerConfigKeys (ConfUtils.java:logGet(46)) - raft.server.retrycache.statistics.expirytime = 100μs (default)
2023-07-05 13:44:02,064 [e6531a31-c1d4-4472-9f40-44bc51606458-groupManagement] INFO  server.RaftServerConfigKeys (ConfUtils.java:logGet(46)) - raft.server.read.option = DEFAULT (default)
2023-07-05 13:44:02,066 [e6531a31-c1d4-4472-9f40-44bc51606458-groupManagement] INFO  server.RaftServerConfigKeys (ConfUtils.java:logGet(46)) - raft.server.rpc.request.timeout = 60s (custom)
2023-07-05 13:44:02,066 [e6531a31-c1d4-4472-9f40-44bc51606458-groupManagement] INFO  server.RaftServerConfigKeys (ConfUtils.java:logGet(46)) - raft.server.log.appender.install.snapshot.enabled = false (custom)
2023-07-05 13:44:02,066 [e6531a31-c1d4-4472-9f40-44bc51606458-groupManagement] INFO  server.RaftServerConfigKeys (ConfUtils.java:logGet(46)) - raft.server.threadpool.server.cached = true (default)
2023-07-05 13:44:02,066 [e6531a31-c1d4-4472-9f40-44bc51606458-groupManagement] INFO  server.RaftServerConfigKeys (ConfUtils.java:logGet(46)) - raft.server.threadpool.server.size = 0 (default)
2023-07-05 13:44:02,066 [e6531a31-c1d4-4472-9f40-44bc51606458-groupManagement] INFO  server.RaftServerConfigKeys (ConfUtils.java:logGet(46)) - raft.server.threadpool.client.cached = true (default)
2023-07-05 13:44:02,066 [e6531a31-c1d4-4472-9f40-44bc51606458-groupManagement] INFO  server.RaftServerConfigKeys (ConfUtils.java:logGet(46)) - raft.server.threadpool.client.size = 0 (default)
2023-07-05 13:44:02,066 [e6531a31-c1d4-4472-9f40-44bc51606458-groupManagement] INFO  storage.RaftStorageDirectory (RaftStorageDirectoryImpl.java:analyzeStorage(137)) - The storage directory /home/runner/work/ozone/ozone/hadoop-ozone/integration-test/target/test-dir/MiniOzoneClusterImpl-de398c68-44fd-4973-9846-b14d0f209e8c/datanode-1/data/ratis/549c5d28-e520-41ce-aeba-6e6ddb135f8e does not exist. Creating ...
2023-07-05 13:44:02,067 [e6531a31-c1d4-4472-9f40-44bc51606458-groupManagement] INFO  storage.RaftStorageDirectory (RaftStorageDirectoryImpl.java:tryLock(231)) - Lock on /home/runner/work/ozone/ozone/hadoop-ozone/integration-test/target/test-dir/MiniOzoneClusterImpl-de398c68-44fd-4973-9846-b14d0f209e8c/datanode-1/data/ratis/549c5d28-e520-41ce-aeba-6e6ddb135f8e/in_use.lock acquired by nodename 25537@fv-az264-29
2023-07-05 13:44:02,069 [e6531a31-c1d4-4472-9f40-44bc51606458-groupManagement] INFO  storage.RaftStorage (RaftStorageImpl.java:format(96)) - Storage directory /home/runner/work/ozone/ozone/hadoop-ozone/integration-test/target/test-dir/MiniOzoneClusterImpl-de398c68-44fd-4973-9846-b14d0f209e8c/datanode-1/data/ratis/549c5d28-e520-41ce-aeba-6e6ddb135f8e has been successfully formatted.
2023-07-05 13:44:02,070 [e6531a31-c1d4-4472-9f40-44bc51606458-groupManagement] INFO  ratis.ContainerStateMachine (ContainerStateMachine.java:loadSnapshot(262)) - group-6E6DDB135F8E: The snapshot info is null. Setting the last applied indexto:(t:0, i:~)
2023-07-05 13:44:02,070 [e6531a31-c1d4-4472-9f40-44bc51606458-groupManagement] INFO  server.RaftServerConfigKeys (ConfUtils.java:logGet(46)) - raft.server.log.use.memory = false (default)
2023-07-05 13:44:02,070 [e6531a31-c1d4-4472-9f40-44bc51606458-groupManagement] INFO  server.RaftServerConfigKeys (ConfUtils.java:logGet(46)) - raft.server.log.purge.gap = 1000000 (custom)
2023-07-05 13:44:02,070 [e6531a31-c1d4-4472-9f40-44bc51606458-groupManagement] INFO  server.RaftServerConfigKeys (ConfUtils.java:logGet(46)) - raft.server.log.appender.buffer.byte-limit = 33554432 (custom)
2023-07-05 13:44:02,070 [e6531a31-c1d4-4472-9f40-44bc51606458-groupManagement] INFO  server.RaftServerConfigKeys (ConfUtils.java:logGet(46)) - raft.server.log.statemachine.data.read.timeout = 1000ms (default)
2023-07-05 13:44:02,070 [e6531a31-c1d4-4472-9f40-44bc51606458-groupManagement] INFO  server.RaftServerConfigKeys (ConfUtils.java:logGet(46)) - raft.server.log.purge.preservation.log.num = 0 (default)
2023-07-05 13:44:02,071 [e6531a31-c1d4-4472-9f40-44bc51606458-groupManagement] INFO  server.RaftServerConfigKeys (ConfUtils.java:logGet(46)) - raft.server.log.segment.size.max = 1048576 (custom)
2023-07-05 13:44:02,071 [e6531a31-c1d4-4472-9f40-44bc51606458-groupManagement] INFO  server.RaftServerConfigKeys (ConfUtils.java:logGet(46)) - raft.server.log.segment.cache.num.max = 2 (custom)
2023-07-05 13:44:02,071 [e6531a31-c1d4-4472-9f40-44bc51606458-groupManagement] INFO  server.RaftServerConfigKeys (ConfUtils.java:logGet(46)) - raft.server.log.segment.cache.size.max = 200MB (=209715200) (default)
2023-07-05 13:44:02,071 [e6531a31-c1d4-4472-9f40-44bc51606458-groupManagement] INFO  server.RaftServerConfigKeys (ConfUtils.java:logGet(46)) - raft.server.log.appender.buffer.byte-limit = 33554432 (custom)
2023-07-05 13:44:02,071 [e6531a31-c1d4-4472-9f40-44bc51606458-groupManagement] INFO  segmented.SegmentedRaftLogWorker (SegmentedRaftLogWorker.java:<init>(188)) - new e6531a31-c1d4-4472-9f40-44bc51606458@group-6E6DDB135F8E-SegmentedRaftLogWorker for RaftStorageImpl:Storage Directory /home/runner/work/ozone/ozone/hadoop-ozone/integration-test/target/test-dir/MiniOzoneClusterImpl-de398c68-44fd-4973-9846-b14d0f209e8c/datanode-1/data/ratis/549c5d28-e520-41ce-aeba-6e6ddb135f8e
2023-07-05 13:44:02,071 [e6531a31-c1d4-4472-9f40-44bc51606458-groupManagement] INFO  server.RaftServerConfigKeys (ConfUtils.java:logGet(46)) - raft.server.log.queue.byte-limit = 4294967296 (custom)
2023-07-05 13:44:02,071 [e6531a31-c1d4-4472-9f40-44bc51606458-groupManagement] INFO  server.RaftServerConfigKeys (ConfUtils.java:logGet(46)) - raft.server.log.queue.element-limit = 1024 (custom)
2023-07-05 13:44:02,071 [e6531a31-c1d4-4472-9f40-44bc51606458-groupManagement] INFO  server.RaftServerConfigKeys (ConfUtils.java:logGet(46)) - raft.server.log.segment.size.max = 1048576 (custom)
2023-07-05 13:44:02,071 [e6531a31-c1d4-4472-9f40-44bc51606458-groupManagement] INFO  server.RaftServerConfigKeys (ConfUtils.java:logGet(46)) - raft.server.log.preallocated.size = 16384 (custom)
2023-07-05 13:44:02,071 [e6531a31-c1d4-4472-9f40-44bc51606458-groupManagement] INFO  server.RaftServerConfigKeys (ConfUtils.java:logGet(46)) - raft.server.log.force.sync.num = 128 (default)
2023-07-05 13:44:02,071 [e6531a31-c1d4-4472-9f40-44bc51606458-groupManagement] INFO  server.RaftServerConfigKeys (ConfUtils.java:logGet(46)) - raft.server.log.statemachine.data.sync = true (default)
2023-07-05 13:44:02,071 [e6531a31-c1d4-4472-9f40-44bc51606458-groupManagement] INFO  server.RaftServerConfigKeys (ConfUtils.java:logGet(46)) - raft.server.log.statemachine.data.sync.timeout = 10s (default)
2023-07-05 13:44:02,071 [e6531a31-c1d4-4472-9f40-44bc51606458-groupManagement] INFO  server.RaftServerConfigKeys (ConfUtils.java:logGet(46)) - raft.server.log.statemachine.data.sync.timeout.retry = -1 (default)
2023-07-05 13:44:02,072 [e6531a31-c1d4-4472-9f40-44bc51606458-groupManagement] INFO  server.RaftServerConfigKeys (ConfUtils.java:logGet(46)) - raft.server.log.write.buffer.size = 1048576 (custom)
2023-07-05 13:44:02,072 [e6531a31-c1d4-4472-9f40-44bc51606458-groupManagement] INFO  server.RaftServerConfigKeys (ConfUtils.java:logGet(46)) - raft.server.log.appender.buffer.byte-limit = 33554432 (custom)
2023-07-05 13:44:02,077 [e6531a31-c1d4-4472-9f40-44bc51606458-groupManagement] INFO  server.RaftServerConfigKeys (ConfUtils.java:logGet(46)) - raft.server.log.unsafe-flush.enabled = false (default)
2023-07-05 13:44:02,077 [e6531a31-c1d4-4472-9f40-44bc51606458-groupManagement] INFO  server.RaftServerConfigKeys (ConfUtils.java:logGet(46)) - raft.server.log.async-flush.enabled = false (default)
2023-07-05 13:44:02,077 [e6531a31-c1d4-4472-9f40-44bc51606458-groupManagement] INFO  server.RaftServerConfigKeys (ConfUtils.java:logGet(46)) - raft.server.log.statemachine.data.caching.enabled = true (custom)
2023-07-05 13:44:02,077 [e6531a31-c1d4-4472-9f40-44bc51606458-groupManagement] INFO  segmented.SegmentedRaftLogWorker (SegmentedRaftLogWorker.java:lambda$new$0(135)) - e6531a31-c1d4-4472-9f40-44bc51606458@group-6E6DDB135F8E-SegmentedRaftLogWorker: flushIndex: setUnconditionally 0 -> -1
2023-07-05 13:44:02,078 [e6531a31-c1d4-4472-9f40-44bc51606458-groupManagement] INFO  segmented.SegmentedRaftLogWorker (SegmentedRaftLogWorker.java:lambda$new$0(135)) - e6531a31-c1d4-4472-9f40-44bc51606458@group-6E6DDB135F8E-SegmentedRaftLogWorker: safeCacheEvictIndex: setUnconditionally 0 -> -1
2023-07-05 13:44:02,078 [e6531a31-c1d4-4472-9f40-44bc51606458-groupManagement] INFO  server.RaftServer$Division (RaftServerImpl.java:start(342)) - e6531a31-c1d4-4472-9f40-44bc51606458@group-6E6DDB135F8E: start as a follower, conf=-1: peers:[860e26e7-dc57-4457-b602-0c8c8602d691|rpc:10.1.0.13:15191|admin:10.1.0.13:15190|client:10.1.0.13:15189|dataStream:10.1.0.13:15192|priority:0|startupRole:FOLLOWER, 67a76afe-b765-42e9-b514-f84c102d0c02|rpc:10.1.0.13:15173|admin:10.1.0.13:15172|client:10.1.0.13:15171|dataStream:10.1.0.13:15174|priority:0|startupRole:FOLLOWER, e6531a31-c1d4-4472-9f40-44bc51606458|rpc:10.1.0.13:15182|admin:10.1.0.13:15181|client:10.1.0.13:15180|dataStream:10.1.0.13:15183|priority:1|startupRole:FOLLOWER]|listeners:[], old=null
2023-07-05 13:44:02,078 [e6531a31-c1d4-4472-9f40-44bc51606458-groupManagement] INFO  server.RaftServer$Division (RaftServerImpl.java:setRole(329)) - e6531a31-c1d4-4472-9f40-44bc51606458@group-6E6DDB135F8E: changes role from      null to FOLLOWER at term 0 for startAsFollower
2023-07-05 13:44:02,078 [e6531a31-c1d4-4472-9f40-44bc51606458-groupManagement] INFO  impl.RoleInfo (RoleInfo.java:updateAndGet(139)) - e6531a31-c1d4-4472-9f40-44bc51606458: start e6531a31-c1d4-4472-9f40-44bc51606458@group-6E6DDB135F8E-FollowerState
2023-07-05 13:44:02,082 [e6531a31-c1d4-4472-9f40-44bc51606458-groupManagement] INFO  util.JmxRegister (JmxRegister.java:tryRegister(44)) - Successfully registered JMX Bean with object name Ratis:service=RaftServer,group=group-6E6DDB135F8E,id=e6531a31-c1d4-4472-9f40-44bc51606458
2023-07-05 13:44:02,082 [e6531a31-c1d4-4472-9f40-44bc51606458-groupManagement] INFO  server.RaftServerConfigKeys (ConfUtils.java:logGet(46)) - raft.server.snapshot.auto.trigger.enabled = true (custom)
2023-07-05 13:44:02,082 [e6531a31-c1d4-4472-9f40-44bc51606458-groupManagement] INFO  server.RaftServerConfigKeys (ConfUtils.java:logGet(46)) - raft.server.snapshot.auto.trigger.threshold = 10000 (custom)
2023-07-05 13:44:02,082 [e6531a31-c1d4-4472-9f40-44bc51606458-groupManagement] INFO  server.RaftServerConfigKeys (ConfUtils.java:logGet(46)) - raft.server.snapshot.retention.file.num = 5 (custom)
2023-07-05 13:44:02,082 [e6531a31-c1d4-4472-9f40-44bc51606458-groupManagement] INFO  server.RaftServerConfigKeys (ConfUtils.java:logGet(46)) - raft.server.log.purge.upto.snapshot.index = false (default)
2023-07-05 13:44:02,083 [e6531a31-c1d4-4472-9f40-44bc51606458@group-6E6DDB135F8E-FollowerState] INFO  server.RaftServerConfigKeys (ConfUtils.java:logFallback(53)) - raft.server.rpc.first-election.timeout.min = 5s (fallback to raft.server.rpc.timeout.min)
2023-07-05 13:44:02,083 [e6531a31-c1d4-4472-9f40-44bc51606458@group-6E6DDB135F8E-FollowerState] INFO  server.RaftServerConfigKeys (ConfUtils.java:logFallback(53)) - raft.server.rpc.first-election.timeout.max = 5200ms (fallback to raft.server.rpc.timeout.max)
2023-07-05 13:44:02,093 [PipelineCommandHandlerThread-0] INFO  commandhandler.CreatePipelineCommandHandler (CreatePipelineCommandHandler.java:lambda$handle$2(124)) - Created Pipeline RATIS THREE PipelineID=549c5d28-e520-41ce-aeba-6e6ddb135f8e.
2023-07-05 13:44:02,093 [PipelineCommandHandlerThread-0] INFO  server.RaftServer (RaftServerProxy.java:addNew(98)) - 67a76afe-b765-42e9-b514-f84c102d0c02: addNew group-D6E7B59D90AF:[860e26e7-dc57-4457-b602-0c8c8602d691|rpc:10.1.0.13:15191|admin:10.1.0.13:15190|client:10.1.0.13:15189|dataStream:10.1.0.13:15192|priority:0|startupRole:FOLLOWER, 67a76afe-b765-42e9-b514-f84c102d0c02|rpc:10.1.0.13:15173|admin:10.1.0.13:15172|client:10.1.0.13:15171|dataStream:10.1.0.13:15174|priority:1|startupRole:FOLLOWER, e6531a31-c1d4-4472-9f40-44bc51606458|rpc:10.1.0.13:15182|admin:10.1.0.13:15181|client:10.1.0.13:15180|dataStream:10.1.0.13:15183|priority:0|startupRole:FOLLOWER] returns group-D6E7B59D90AF:java.util.concurrent.CompletableFuture@16b6ca54[Not completed]
2023-07-05 13:44:02,094 [67a76afe-b765-42e9-b514-f84c102d0c02-groupManagement] INFO  server.RaftServer$Division (RaftServerImpl.java:<init>(198)) - 67a76afe-b765-42e9-b514-f84c102d0c02: new RaftServerImpl for group-D6E7B59D90AF:[860e26e7-dc57-4457-b602-0c8c8602d691|rpc:10.1.0.13:15191|admin:10.1.0.13:15190|client:10.1.0.13:15189|dataStream:10.1.0.13:15192|priority:0|startupRole:FOLLOWER, 67a76afe-b765-42e9-b514-f84c102d0c02|rpc:10.1.0.13:15173|admin:10.1.0.13:15172|client:10.1.0.13:15171|dataStream:10.1.0.13:15174|priority:1|startupRole:FOLLOWER, e6531a31-c1d4-4472-9f40-44bc51606458|rpc:10.1.0.13:15182|admin:10.1.0.13:15181|client:10.1.0.13:15180|dataStream:10.1.0.13:15183|priority:0|startupRole:FOLLOWER] with ContainerStateMachine:uninitialized
2023-07-05 13:44:02,094 [67a76afe-b765-42e9-b514-f84c102d0c02-groupManagement] INFO  server.RaftServerConfigKeys (ConfUtils.java:logGet(46)) - raft.server.rpc.timeout.min = 5s (custom)
2023-07-05 13:44:02,094 [67a76afe-b765-42e9-b514-f84c102d0c02-groupManagement] INFO  server.RaftServerConfigKeys (ConfUtils.java:logGet(46)) - raft.server.rpc.timeout.max = 5200ms (custom)
2023-07-05 13:44:02,094 [67a76afe-b765-42e9-b514-f84c102d0c02-groupManagement] INFO  server.RaftServerConfigKeys (ConfUtils.java:logGet(46)) - raft.server.rpc.sleep.time = 25ms (default)
2023-07-05 13:44:02,094 [67a76afe-b765-42e9-b514-f84c102d0c02-groupManagement] INFO  server.RaftServerConfigKeys (ConfUtils.java:logGet(46)) - raft.server.rpc.slowness.timeout = 300s (custom)
2023-07-05 13:44:02,094 [67a76afe-b765-42e9-b514-f84c102d0c02-groupManagement] INFO  server.RaftServerConfigKeys (ConfUtils.java:logGet(46)) - raft.server.leaderelection.leader.step-down.wait-time = 10s (default)
2023-07-05 13:44:02,094 [67a76afe-b765-42e9-b514-f84c102d0c02-groupManagement] INFO  server.RaftServerConfigKeys (ConfUtils.java:logGet(46)) - raft.server.sleep.deviation.threshold = 300ms (default)
2023-07-05 13:44:02,094 [67a76afe-b765-42e9-b514-f84c102d0c02-groupManagement] INFO  server.RaftServer$Division (ServerState.java:<init>(120)) - 67a76afe-b765-42e9-b514-f84c102d0c02@group-D6E7B59D90AF: ConfigurationManager, init=-1: peers:[860e26e7-dc57-4457-b602-0c8c8602d691|rpc:10.1.0.13:15191|admin:10.1.0.13:15190|client:10.1.0.13:15189|dataStream:10.1.0.13:15192|priority:0|startupRole:FOLLOWER, 67a76afe-b765-42e9-b514-f84c102d0c02|rpc:10.1.0.13:15173|admin:10.1.0.13:15172|client:10.1.0.13:15171|dataStream:10.1.0.13:15174|priority:1|startupRole:FOLLOWER, e6531a31-c1d4-4472-9f40-44bc51606458|rpc:10.1.0.13:15182|admin:10.1.0.13:15181|client:10.1.0.13:15180|dataStream:10.1.0.13:15183|priority:0|startupRole:FOLLOWER]|listeners:[], old=null, confs=<EMPTY_MAP>
2023-07-05 13:44:02,094 [67a76afe-b765-42e9-b514-f84c102d0c02-groupManagement] INFO  server.RaftServerConfigKeys (ConfUtils.java:logGet(46)) - raft.server.storage.dir = [/home/runner/work/ozone/ozone/hadoop-ozone/integration-test/target/test-dir/MiniOzoneClusterImpl-de398c68-44fd-4973-9846-b14d0f209e8c/datanode-0/data/ratis] (custom)
2023-07-05 13:44:02,095 [67a76afe-b765-42e9-b514-f84c102d0c02-groupManagement] INFO  server.RaftServerConfigKeys (ConfUtils.java:logGet(46)) - raft.server.log.corruption.policy = EXCEPTION (default)
2023-07-05 13:44:02,095 [67a76afe-b765-42e9-b514-f84c102d0c02-groupManagement] INFO  server.RaftServerConfigKeys (ConfUtils.java:logGet(46)) - raft.server.storage.free-space.min = 0MB (=0) (default)
2023-07-05 13:44:02,095 [67a76afe-b765-42e9-b514-f84c102d0c02-groupManagement] INFO  server.RaftServerConfigKeys (ConfUtils.java:logGet(46)) - raft.server.notification.no-leader.timeout = 300s (custom)
2023-07-05 13:44:02,095 [67a76afe-b765-42e9-b514-f84c102d0c02-groupManagement] INFO  server.RaftServerConfigKeys (ConfUtils.java:logGet(46)) - raft.server.read.timeout = 10s (default)
2023-07-05 13:44:02,095 [67a76afe-b765-42e9-b514-f84c102d0c02-groupManagement] INFO  server.RaftServerConfigKeys (ConfUtils.java:logGet(46)) - raft.server.retrycache.expirytime = 600000ms (custom)
2023-07-05 13:44:02,095 [67a76afe-b765-42e9-b514-f84c102d0c02-groupManagement] INFO  server.RaftServerConfigKeys (ConfUtils.java:logGet(46)) - raft.server.retrycache.statistics.expirytime = 100μs (default)
2023-07-05 13:44:02,095 [67a76afe-b765-42e9-b514-f84c102d0c02-groupManagement] INFO  server.RaftServerConfigKeys (ConfUtils.java:logGet(46)) - raft.server.read.option = DEFAULT (default)
2023-07-05 13:44:02,096 [67a76afe-b765-42e9-b514-f84c102d0c02-groupManagement] INFO  server.RaftServerConfigKeys (ConfUtils.java:logGet(46)) - raft.server.rpc.request.timeout = 60s (custom)
2023-07-05 13:44:02,096 [67a76afe-b765-42e9-b514-f84c102d0c02-groupManagement] INFO  server.RaftServerConfigKeys (ConfUtils.java:logGet(46)) - raft.server.log.appender.install.snapshot.enabled = false (custom)
2023-07-05 13:44:02,096 [67a76afe-b765-42e9-b514-f84c102d0c02-groupManagement] INFO  server.RaftServerConfigKeys (ConfUtils.java:logGet(46)) - raft.server.threadpool.server.cached = true (default)
2023-07-05 13:44:02,096 [67a76afe-b765-42e9-b514-f84c102d0c02-groupManagement] INFO  server.RaftServerConfigKeys (ConfUtils.java:logGet(46)) - raft.server.threadpool.server.size = 0 (default)
2023-07-05 13:44:02,096 [67a76afe-b765-42e9-b514-f84c102d0c02-groupManagement] INFO  server.RaftServerConfigKeys (ConfUtils.java:logGet(46)) - raft.server.threadpool.client.cached = true (default)
2023-07-05 13:44:02,096 [67a76afe-b765-42e9-b514-f84c102d0c02-groupManagement] INFO  server.RaftServerConfigKeys (ConfUtils.java:logGet(46)) - raft.server.threadpool.client.size = 0 (default)
2023-07-05 13:44:02,096 [67a76afe-b765-42e9-b514-f84c102d0c02-groupManagement] INFO  storage.RaftStorageDirectory (RaftStorageDirectoryImpl.java:analyzeStorage(137)) - The storage directory /home/runner/work/ozone/ozone/hadoop-ozone/integration-test/target/test-dir/MiniOzoneClusterImpl-de398c68-44fd-4973-9846-b14d0f209e8c/datanode-0/data/ratis/994e7e95-56cd-4f97-872d-d6e7b59d90af does not exist. Creating ...
2023-07-05 13:44:02,098 [67a76afe-b765-42e9-b514-f84c102d0c02-groupManagement] INFO  storage.RaftStorageDirectory (RaftStorageDirectoryImpl.java:tryLock(231)) - Lock on /home/runner/work/ozone/ozone/hadoop-ozone/integration-test/target/test-dir/MiniOzoneClusterImpl-de398c68-44fd-4973-9846-b14d0f209e8c/datanode-0/data/ratis/994e7e95-56cd-4f97-872d-d6e7b59d90af/in_use.lock acquired by nodename 25537@fv-az264-29
2023-07-05 13:44:02,099 [67a76afe-b765-42e9-b514-f84c102d0c02-groupManagement] INFO  storage.RaftStorage (RaftStorageImpl.java:format(96)) - Storage directory /home/runner/work/ozone/ozone/hadoop-ozone/integration-test/target/test-dir/MiniOzoneClusterImpl-de398c68-44fd-4973-9846-b14d0f209e8c/datanode-0/data/ratis/994e7e95-56cd-4f97-872d-d6e7b59d90af has been successfully formatted.
2023-07-05 13:44:02,101 [EventQueue-OpenPipelineForHealthyPipelineSafeModeRule] INFO  safemode.SCMSafeModeManager (HealthyPipelineSafeModeRule.java:process(137)) - SCM in safe mode. Healthy pipelines reported count is 0, required healthy pipeline reported count is 1
2023-07-05 13:44:02,101 [67a76afe-b765-42e9-b514-f84c102d0c02-groupManagement] INFO  ratis.ContainerStateMachine (ContainerStateMachine.java:loadSnapshot(262)) - group-D6E7B59D90AF: The snapshot info is null. Setting the last applied indexto:(t:0, i:~)
2023-07-05 13:44:02,101 [67a76afe-b765-42e9-b514-f84c102d0c02-groupManagement] INFO  server.RaftServerConfigKeys (ConfUtils.java:logGet(46)) - raft.server.log.use.memory = false (default)
2023-07-05 13:44:02,101 [67a76afe-b765-42e9-b514-f84c102d0c02-groupManagement] INFO  server.RaftServerConfigKeys (ConfUtils.java:logGet(46)) - raft.server.log.purge.gap = 1000000 (custom)
2023-07-05 13:44:02,101 [67a76afe-b765-42e9-b514-f84c102d0c02-groupManagement] INFO  server.RaftServerConfigKeys (ConfUtils.java:logGet(46)) - raft.server.log.appender.buffer.byte-limit = 33554432 (custom)
2023-07-05 13:44:02,101 [67a76afe-b765-42e9-b514-f84c102d0c02-groupManagement] INFO  server.RaftServerConfigKeys (ConfUtils.java:logGet(46)) - raft.server.log.statemachine.data.read.timeout = 1000ms (default)
2023-07-05 13:44:02,102 [67a76afe-b765-42e9-b514-f84c102d0c02-groupManagement] INFO  server.RaftServerConfigKeys (ConfUtils.java:logGet(46)) - raft.server.log.purge.preservation.log.num = 0 (default)
2023-07-05 13:44:02,102 [67a76afe-b765-42e9-b514-f84c102d0c02-groupManagement] INFO  server.RaftServerConfigKeys (ConfUtils.java:logGet(46)) - raft.server.log.segment.size.max = 1048576 (custom)
2023-07-05 13:44:02,102 [67a76afe-b765-42e9-b514-f84c102d0c02-groupManagement] INFO  server.RaftServerConfigKeys (ConfUtils.java:logGet(46)) - raft.server.log.segment.cache.num.max = 2 (custom)
2023-07-05 13:44:02,102 [67a76afe-b765-42e9-b514-f84c102d0c02-groupManagement] INFO  server.RaftServerConfigKeys (ConfUtils.java:logGet(46)) - raft.server.log.segment.cache.size.max = 200MB (=209715200) (default)
2023-07-05 13:44:02,102 [67a76afe-b765-42e9-b514-f84c102d0c02-groupManagement] INFO  server.RaftServerConfigKeys (ConfUtils.java:logGet(46)) - raft.server.log.appender.buffer.byte-limit = 33554432 (custom)
2023-07-05 13:44:02,102 [67a76afe-b765-42e9-b514-f84c102d0c02-groupManagement] INFO  segmented.SegmentedRaftLogWorker (SegmentedRaftLogWorker.java:<init>(188)) - new 67a76afe-b765-42e9-b514-f84c102d0c02@group-D6E7B59D90AF-SegmentedRaftLogWorker for RaftStorageImpl:Storage Directory /home/runner/work/ozone/ozone/hadoop-ozone/integration-test/target/test-dir/MiniOzoneClusterImpl-de398c68-44fd-4973-9846-b14d0f209e8c/datanode-0/data/ratis/994e7e95-56cd-4f97-872d-d6e7b59d90af
2023-07-05 13:44:02,103 [67a76afe-b765-42e9-b514-f84c102d0c02-groupManagement] INFO  server.RaftServerConfigKeys (ConfUtils.java:logGet(46)) - raft.server.log.queue.byte-limit = 4294967296 (custom)
2023-07-05 13:44:02,103 [67a76afe-b765-42e9-b514-f84c102d0c02-groupManagement] INFO  server.RaftServerConfigKeys (ConfUtils.java:logGet(46)) - raft.server.log.queue.element-limit = 1024 (custom)
2023-07-05 13:44:02,103 [67a76afe-b765-42e9-b514-f84c102d0c02-groupManagement] INFO  server.RaftServerConfigKeys (ConfUtils.java:logGet(46)) - raft.server.log.segment.size.max = 1048576 (custom)
2023-07-05 13:44:02,104 [67a76afe-b765-42e9-b514-f84c102d0c02-groupManagement] INFO  server.RaftServerConfigKeys (ConfUtils.java:logGet(46)) - raft.server.log.preallocated.size = 16384 (custom)
2023-07-05 13:44:02,104 [67a76afe-b765-42e9-b514-f84c102d0c02-groupManagement] INFO  server.RaftServerConfigKeys (ConfUtils.java:logGet(46)) - raft.server.log.force.sync.num = 128 (default)
2023-07-05 13:44:02,104 [67a76afe-b765-42e9-b514-f84c102d0c02-groupManagement] INFO  server.RaftServerConfigKeys (ConfUtils.java:logGet(46)) - raft.server.log.statemachine.data.sync = true (default)
2023-07-05 13:44:02,104 [67a76afe-b765-42e9-b514-f84c102d0c02-groupManagement] INFO  server.RaftServerConfigKeys (ConfUtils.java:logGet(46)) - raft.server.log.statemachine.data.sync.timeout = 10s (default)
2023-07-05 13:44:02,104 [67a76afe-b765-42e9-b514-f84c102d0c02-groupManagement] INFO  server.RaftServerConfigKeys (ConfUtils.java:logGet(46)) - raft.server.log.statemachine.data.sync.timeout.retry = -1 (default)
2023-07-05 13:44:02,104 [67a76afe-b765-42e9-b514-f84c102d0c02-groupManagement] INFO  server.RaftServerConfigKeys (ConfUtils.java:logGet(46)) - raft.server.log.write.buffer.size = 1048576 (custom)
2023-07-05 13:44:02,105 [67a76afe-b765-42e9-b514-f84c102d0c02-groupManagement] INFO  server.RaftServerConfigKeys (ConfUtils.java:logGet(46)) - raft.server.log.appender.buffer.byte-limit = 33554432 (custom)
2023-07-05 13:44:02,115 [67a76afe-b765-42e9-b514-f84c102d0c02-groupManagement] INFO  server.RaftServerConfigKeys (ConfUtils.java:logGet(46)) - raft.server.log.unsafe-flush.enabled = false (default)
2023-07-05 13:44:02,115 [67a76afe-b765-42e9-b514-f84c102d0c02-groupManagement] INFO  server.RaftServerConfigKeys (ConfUtils.java:logGet(46)) - raft.server.log.async-flush.enabled = false (default)
2023-07-05 13:44:02,115 [67a76afe-b765-42e9-b514-f84c102d0c02-groupManagement] INFO  server.RaftServerConfigKeys (ConfUtils.java:logGet(46)) - raft.server.log.statemachine.data.caching.enabled = true (custom)
2023-07-05 13:44:02,116 [67a76afe-b765-42e9-b514-f84c102d0c02-groupManagement] INFO  segmented.SegmentedRaftLogWorker (SegmentedRaftLogWorker.java:lambda$new$0(135)) - 67a76afe-b765-42e9-b514-f84c102d0c02@group-D6E7B59D90AF-SegmentedRaftLogWorker: flushIndex: setUnconditionally 0 -> -1
2023-07-05 13:44:02,116 [67a76afe-b765-42e9-b514-f84c102d0c02-groupManagement] INFO  segmented.SegmentedRaftLogWorker (SegmentedRaftLogWorker.java:lambda$new$0(135)) - 67a76afe-b765-42e9-b514-f84c102d0c02@group-D6E7B59D90AF-SegmentedRaftLogWorker: safeCacheEvictIndex: setUnconditionally 0 -> -1
2023-07-05 13:44:02,116 [67a76afe-b765-42e9-b514-f84c102d0c02-groupManagement] INFO  server.RaftServer$Division (RaftServerImpl.java:start(342)) - 67a76afe-b765-42e9-b514-f84c102d0c02@group-D6E7B59D90AF: start as a follower, conf=-1: peers:[860e26e7-dc57-4457-b602-0c8c8602d691|rpc:10.1.0.13:15191|admin:10.1.0.13:15190|client:10.1.0.13:15189|dataStream:10.1.0.13:15192|priority:0|startupRole:FOLLOWER, 67a76afe-b765-42e9-b514-f84c102d0c02|rpc:10.1.0.13:15173|admin:10.1.0.13:15172|client:10.1.0.13:15171|dataStream:10.1.0.13:15174|priority:1|startupRole:FOLLOWER, e6531a31-c1d4-4472-9f40-44bc51606458|rpc:10.1.0.13:15182|admin:10.1.0.13:15181|client:10.1.0.13:15180|dataStream:10.1.0.13:15183|priority:0|startupRole:FOLLOWER]|listeners:[], old=null
2023-07-05 13:44:02,116 [67a76afe-b765-42e9-b514-f84c102d0c02-groupManagement] INFO  server.RaftServer$Division (RaftServerImpl.java:setRole(329)) - 67a76afe-b765-42e9-b514-f84c102d0c02@group-D6E7B59D90AF: changes role from      null to FOLLOWER at term 0 for startAsFollower
2023-07-05 13:44:02,116 [67a76afe-b765-42e9-b514-f84c102d0c02-groupManagement] INFO  impl.RoleInfo (RoleInfo.java:updateAndGet(139)) - 67a76afe-b765-42e9-b514-f84c102d0c02: start 67a76afe-b765-42e9-b514-f84c102d0c02@group-D6E7B59D90AF-FollowerState
2023-07-05 13:44:02,118 [67a76afe-b765-42e9-b514-f84c102d0c02-groupManagement] INFO  util.JmxRegister (JmxRegister.java:tryRegister(44)) - Successfully registered JMX Bean with object name Ratis:service=RaftServer,group=group-D6E7B59D90AF,id=67a76afe-b765-42e9-b514-f84c102d0c02
2023-07-05 13:44:02,118 [67a76afe-b765-42e9-b514-f84c102d0c02-groupManagement] INFO  server.RaftServerConfigKeys (ConfUtils.java:logGet(46)) - raft.server.snapshot.auto.trigger.enabled = true (custom)
2023-07-05 13:44:02,118 [67a76afe-b765-42e9-b514-f84c102d0c02-groupManagement] INFO  server.RaftServerConfigKeys (ConfUtils.java:logGet(46)) - raft.server.snapshot.auto.trigger.threshold = 10000 (custom)
2023-07-05 13:44:02,118 [67a76afe-b765-42e9-b514-f84c102d0c02-groupManagement] INFO  server.RaftServerConfigKeys (ConfUtils.java:logGet(46)) - raft.server.snapshot.retention.file.num = 5 (custom)
2023-07-05 13:44:02,118 [67a76afe-b765-42e9-b514-f84c102d0c02-groupManagement] INFO  server.RaftServerConfigKeys (ConfUtils.java:logGet(46)) - raft.server.log.purge.upto.snapshot.index = false (default)
2023-07-05 13:44:02,119 [67a76afe-b765-42e9-b514-f84c102d0c02@group-D6E7B59D90AF-FollowerState] INFO  server.RaftServerConfigKeys (ConfUtils.java:logFallback(53)) - raft.server.rpc.first-election.timeout.min = 5s (fallback to raft.server.rpc.timeout.min)
2023-07-05 13:44:02,119 [PipelineCommandHandlerThread-0] INFO  ratis.XceiverServerRatis (XceiverServerRatis.java:addGroup(804)) - Created group PipelineID=994e7e95-56cd-4f97-872d-d6e7b59d90af
2023-07-05 13:44:02,127 [67a76afe-b765-42e9-b514-f84c102d0c02@group-D6E7B59D90AF-FollowerState] INFO  server.RaftServerConfigKeys (ConfUtils.java:logFallback(53)) - raft.server.rpc.first-election.timeout.max = 5200ms (fallback to raft.server.rpc.timeout.max)
2023-07-05 13:44:02,133 [grpc-default-executor-0] INFO  server.RaftServer (RaftServerProxy.java:addNew(98)) - e6531a31-c1d4-4472-9f40-44bc51606458: addNew group-D6E7B59D90AF:[860e26e7-dc57-4457-b602-0c8c8602d691|rpc:10.1.0.13:15191|admin:10.1.0.13:15190|client:10.1.0.13:15189|dataStream:10.1.0.13:15192|priority:0|startupRole:FOLLOWER, 67a76afe-b765-42e9-b514-f84c102d0c02|rpc:10.1.0.13:15173|admin:10.1.0.13:15172|client:10.1.0.13:15171|dataStream:10.1.0.13:15174|priority:1|startupRole:FOLLOWER, e6531a31-c1d4-4472-9f40-44bc51606458|rpc:10.1.0.13:15182|admin:10.1.0.13:15181|client:10.1.0.13:15180|dataStream:10.1.0.13:15183|priority:0|startupRole:FOLLOWER] returns group-D6E7B59D90AF:java.util.concurrent.CompletableFuture@63b18f15[Not completed]
2023-07-05 13:44:02,134 [e6531a31-c1d4-4472-9f40-44bc51606458-groupManagement] INFO  server.RaftServer$Division (RaftServerImpl.java:<init>(198)) - e6531a31-c1d4-4472-9f40-44bc51606458: new RaftServerImpl for group-D6E7B59D90AF:[860e26e7-dc57-4457-b602-0c8c8602d691|rpc:10.1.0.13:15191|admin:10.1.0.13:15190|client:10.1.0.13:15189|dataStream:10.1.0.13:15192|priority:0|startupRole:FOLLOWER, 67a76afe-b765-42e9-b514-f84c102d0c02|rpc:10.1.0.13:15173|admin:10.1.0.13:15172|client:10.1.0.13:15171|dataStream:10.1.0.13:15174|priority:1|startupRole:FOLLOWER, e6531a31-c1d4-4472-9f40-44bc51606458|rpc:10.1.0.13:15182|admin:10.1.0.13:15181|client:10.1.0.13:15180|dataStream:10.1.0.13:15183|priority:0|startupRole:FOLLOWER] with ContainerStateMachine:uninitialized
2023-07-05 13:44:02,134 [e6531a31-c1d4-4472-9f40-44bc51606458-groupManagement] INFO  server.RaftServerConfigKeys (ConfUtils.java:logGet(46)) - raft.server.rpc.timeout.min = 5s (custom)
2023-07-05 13:44:02,134 [e6531a31-c1d4-4472-9f40-44bc51606458-groupManagement] INFO  server.RaftServerConfigKeys (ConfUtils.java:logGet(46)) - raft.server.rpc.timeout.max = 5200ms (custom)
2023-07-05 13:44:02,134 [e6531a31-c1d4-4472-9f40-44bc51606458-groupManagement] INFO  server.RaftServerConfigKeys (ConfUtils.java:logGet(46)) - raft.server.rpc.sleep.time = 25ms (default)
2023-07-05 13:44:02,134 [e6531a31-c1d4-4472-9f40-44bc51606458-groupManagement] INFO  server.RaftServerConfigKeys (ConfUtils.java:logGet(46)) - raft.server.rpc.slowness.timeout = 300s (custom)
2023-07-05 13:44:02,134 [e6531a31-c1d4-4472-9f40-44bc51606458-groupManagement] INFO  server.RaftServerConfigKeys (ConfUtils.java:logGet(46)) - raft.server.leaderelection.leader.step-down.wait-time = 10s (default)
2023-07-05 13:44:02,134 [e6531a31-c1d4-4472-9f40-44bc51606458-groupManagement] INFO  server.RaftServerConfigKeys (ConfUtils.java:logGet(46)) - raft.server.sleep.deviation.threshold = 300ms (default)
2023-07-05 13:44:02,134 [e6531a31-c1d4-4472-9f40-44bc51606458-groupManagement] INFO  server.RaftServer$Division (ServerState.java:<init>(120)) - e6531a31-c1d4-4472-9f40-44bc51606458@group-D6E7B59D90AF: ConfigurationManager, init=-1: peers:[860e26e7-dc57-4457-b602-0c8c8602d691|rpc:10.1.0.13:15191|admin:10.1.0.13:15190|client:10.1.0.13:15189|dataStream:10.1.0.13:15192|priority:0|startupRole:FOLLOWER, 67a76afe-b765-42e9-b514-f84c102d0c02|rpc:10.1.0.13:15173|admin:10.1.0.13:15172|client:10.1.0.13:15171|dataStream:10.1.0.13:15174|priority:1|startupRole:FOLLOWER, e6531a31-c1d4-4472-9f40-44bc51606458|rpc:10.1.0.13:15182|admin:10.1.0.13:15181|client:10.1.0.13:15180|dataStream:10.1.0.13:15183|priority:0|startupRole:FOLLOWER]|listeners:[], old=null, confs=<EMPTY_MAP>
2023-07-05 13:44:02,134 [e6531a31-c1d4-4472-9f40-44bc51606458-groupManagement] INFO  server.RaftServerConfigKeys (ConfUtils.java:logGet(46)) - raft.server.storage.dir = [/home/runner/work/ozone/ozone/hadoop-ozone/integration-test/target/test-dir/MiniOzoneClusterImpl-de398c68-44fd-4973-9846-b14d0f209e8c/datanode-1/data/ratis] (custom)
2023-07-05 13:44:02,134 [e6531a31-c1d4-4472-9f40-44bc51606458-groupManagement] INFO  server.RaftServerConfigKeys (ConfUtils.java:logGet(46)) - raft.server.log.corruption.policy = EXCEPTION (default)
2023-07-05 13:44:02,134 [e6531a31-c1d4-4472-9f40-44bc51606458-groupManagement] INFO  server.RaftServerConfigKeys (ConfUtils.java:logGet(46)) - raft.server.storage.free-space.min = 0MB (=0) (default)
2023-07-05 13:44:02,134 [e6531a31-c1d4-4472-9f40-44bc51606458-groupManagement] INFO  server.RaftServerConfigKeys (ConfUtils.java:logGet(46)) - raft.server.notification.no-leader.timeout = 300s (custom)
2023-07-05 13:44:02,134 [e6531a31-c1d4-4472-9f40-44bc51606458-groupManagement] INFO  server.RaftServerConfigKeys (ConfUtils.java:logGet(46)) - raft.server.read.timeout = 10s (default)
2023-07-05 13:44:02,135 [e6531a31-c1d4-4472-9f40-44bc51606458-groupManagement] INFO  server.RaftServerConfigKeys (ConfUtils.java:logGet(46)) - raft.server.retrycache.expirytime = 600000ms (custom)
2023-07-05 13:44:02,135 [e6531a31-c1d4-4472-9f40-44bc51606458-groupManagement] INFO  server.RaftServerConfigKeys (ConfUtils.java:logGet(46)) - raft.server.retrycache.statistics.expirytime = 100μs (default)
2023-07-05 13:44:02,135 [e6531a31-c1d4-4472-9f40-44bc51606458-groupManagement] INFO  server.RaftServerConfigKeys (ConfUtils.java:logGet(46)) - raft.server.read.option = DEFAULT (default)
2023-07-05 13:44:02,135 [e6531a31-c1d4-4472-9f40-44bc51606458-groupManagement] INFO  server.RaftServerConfigKeys (ConfUtils.java:logGet(46)) - raft.server.rpc.request.timeout = 60s (custom)
2023-07-05 13:44:02,135 [e6531a31-c1d4-4472-9f40-44bc51606458-groupManagement] INFO  server.RaftServerConfigKeys (ConfUtils.java:logGet(46)) - raft.server.log.appender.install.snapshot.enabled = false (custom)
2023-07-05 13:44:02,135 [e6531a31-c1d4-4472-9f40-44bc51606458-groupManagement] INFO  server.RaftServerConfigKeys (ConfUtils.java:logGet(46)) - raft.server.threadpool.server.cached = true (default)
2023-07-05 13:44:02,135 [e6531a31-c1d4-4472-9f40-44bc51606458-groupManagement] INFO  server.RaftServerConfigKeys (ConfUtils.java:logGet(46)) - raft.server.threadpool.server.size = 0 (default)
2023-07-05 13:44:02,135 [e6531a31-c1d4-4472-9f40-44bc51606458-groupManagement] INFO  server.RaftServerConfigKeys (ConfUtils.java:logGet(46)) - raft.server.threadpool.client.cached = true (default)
2023-07-05 13:44:02,135 [e6531a31-c1d4-4472-9f40-44bc51606458-groupManagement] INFO  server.RaftServerConfigKeys (ConfUtils.java:logGet(46)) - raft.server.threadpool.client.size = 0 (default)
2023-07-05 13:44:02,136 [e6531a31-c1d4-4472-9f40-44bc51606458-groupManagement] INFO  storage.RaftStorageDirectory (RaftStorageDirectoryImpl.java:analyzeStorage(137)) - The storage directory /home/runner/work/ozone/ozone/hadoop-ozone/integration-test/target/test-dir/MiniOzoneClusterImpl-de398c68-44fd-4973-9846-b14d0f209e8c/datanode-1/data/ratis/994e7e95-56cd-4f97-872d-d6e7b59d90af does not exist. Creating ...
2023-07-05 13:44:02,137 [e6531a31-c1d4-4472-9f40-44bc51606458-groupManagement] INFO  storage.RaftStorageDirectory (RaftStorageDirectoryImpl.java:tryLock(231)) - Lock on /home/runner/work/ozone/ozone/hadoop-ozone/integration-test/target/test-dir/MiniOzoneClusterImpl-de398c68-44fd-4973-9846-b14d0f209e8c/datanode-1/data/ratis/994e7e95-56cd-4f97-872d-d6e7b59d90af/in_use.lock acquired by nodename 25537@fv-az264-29
2023-07-05 13:44:02,139 [e6531a31-c1d4-4472-9f40-44bc51606458-groupManagement] INFO  storage.RaftStorage (RaftStorageImpl.java:format(96)) - Storage directory /home/runner/work/ozone/ozone/hadoop-ozone/integration-test/target/test-dir/MiniOzoneClusterImpl-de398c68-44fd-4973-9846-b14d0f209e8c/datanode-1/data/ratis/994e7e95-56cd-4f97-872d-d6e7b59d90af has been successfully formatted.
2023-07-05 13:44:02,139 [e6531a31-c1d4-4472-9f40-44bc51606458-groupManagement] INFO  ratis.ContainerStateMachine (ContainerStateMachine.java:loadSnapshot(262)) - group-D6E7B59D90AF: The snapshot info is null. Setting the last applied indexto:(t:0, i:~)
2023-07-05 13:44:02,139 [e6531a31-c1d4-4472-9f40-44bc51606458-groupManagement] INFO  server.RaftServerConfigKeys (ConfUtils.java:logGet(46)) - raft.server.log.use.memory = false (default)
2023-07-05 13:44:02,140 [e6531a31-c1d4-4472-9f40-44bc51606458-groupManagement] INFO  server.RaftServerConfigKeys (ConfUtils.java:logGet(46)) - raft.server.log.purge.gap = 1000000 (custom)
2023-07-05 13:44:02,140 [e6531a31-c1d4-4472-9f40-44bc51606458-groupManagement] INFO  server.RaftServerConfigKeys (ConfUtils.java:logGet(46)) - raft.server.log.appender.buffer.byte-limit = 33554432 (custom)
2023-07-05 13:44:02,140 [e6531a31-c1d4-4472-9f40-44bc51606458-groupManagement] INFO  server.RaftServerConfigKeys (ConfUtils.java:logGet(46)) - raft.server.log.statemachine.data.read.timeout = 1000ms (default)
2023-07-05 13:44:02,140 [e6531a31-c1d4-4472-9f40-44bc51606458-groupManagement] INFO  server.RaftServerConfigKeys (ConfUtils.java:logGet(46)) - raft.server.log.purge.preservation.log.num = 0 (default)
2023-07-05 13:44:02,140 [e6531a31-c1d4-4472-9f40-44bc51606458-groupManagement] INFO  server.RaftServerConfigKeys (ConfUtils.java:logGet(46)) - raft.server.log.segment.size.max = 1048576 (custom)
2023-07-05 13:44:02,141 [e6531a31-c1d4-4472-9f40-44bc51606458-groupManagement] INFO  server.RaftServerConfigKeys (ConfUtils.java:logGet(46)) - raft.server.log.segment.cache.num.max = 2 (custom)
2023-07-05 13:44:02,141 [e6531a31-c1d4-4472-9f40-44bc51606458-groupManagement] INFO  server.RaftServerConfigKeys (ConfUtils.java:logGet(46)) - raft.server.log.segment.cache.size.max = 200MB (=209715200) (default)
2023-07-05 13:44:02,141 [e6531a31-c1d4-4472-9f40-44bc51606458-groupManagement] INFO  server.RaftServerConfigKeys (ConfUtils.java:logGet(46)) - raft.server.log.appender.buffer.byte-limit = 33554432 (custom)
2023-07-05 13:44:02,141 [e6531a31-c1d4-4472-9f40-44bc51606458-groupManagement] INFO  segmented.SegmentedRaftLogWorker (SegmentedRaftLogWorker.java:<init>(188)) - new e6531a31-c1d4-4472-9f40-44bc51606458@group-D6E7B59D90AF-SegmentedRaftLogWorker for RaftStorageImpl:Storage Directory /home/runner/work/ozone/ozone/hadoop-ozone/integration-test/target/test-dir/MiniOzoneClusterImpl-de398c68-44fd-4973-9846-b14d0f209e8c/datanode-1/data/ratis/994e7e95-56cd-4f97-872d-d6e7b59d90af
2023-07-05 13:44:02,141 [e6531a31-c1d4-4472-9f40-44bc51606458-groupManagement] INFO  server.RaftServerConfigKeys (ConfUtils.java:logGet(46)) - raft.server.log.queue.byte-limit = 4294967296 (custom)
2023-07-05 13:44:02,141 [e6531a31-c1d4-4472-9f40-44bc51606458-groupManagement] INFO  server.RaftServerConfigKeys (ConfUtils.java:logGet(46)) - raft.server.log.queue.element-limit = 1024 (custom)
2023-07-05 13:44:02,141 [e6531a31-c1d4-4472-9f40-44bc51606458-groupManagement] INFO  server.RaftServerConfigKeys (ConfUtils.java:logGet(46)) - raft.server.log.segment.size.max = 1048576 (custom)
2023-07-05 13:44:02,141 [e6531a31-c1d4-4472-9f40-44bc51606458-groupManagement] INFO  server.RaftServerConfigKeys (ConfUtils.java:logGet(46)) - raft.server.log.preallocated.size = 16384 (custom)
2023-07-05 13:44:02,141 [e6531a31-c1d4-4472-9f40-44bc51606458-groupManagement] INFO  server.RaftServerConfigKeys (ConfUtils.java:logGet(46)) - raft.server.log.force.sync.num = 128 (default)
2023-07-05 13:44:02,141 [e6531a31-c1d4-4472-9f40-44bc51606458-groupManagement] INFO  server.RaftServerConfigKeys (ConfUtils.java:logGet(46)) - raft.server.log.statemachine.data.sync = true (default)
2023-07-05 13:44:02,141 [e6531a31-c1d4-4472-9f40-44bc51606458-groupManagement] INFO  server.RaftServerConfigKeys (ConfUtils.java:logGet(46)) - raft.server.log.statemachine.data.sync.timeout = 10s (default)
2023-07-05 13:44:02,141 [e6531a31-c1d4-4472-9f40-44bc51606458-groupManagement] INFO  server.RaftServerConfigKeys (ConfUtils.java:logGet(46)) - raft.server.log.statemachine.data.sync.timeout.retry = -1 (default)
2023-07-05 13:44:02,142 [e6531a31-c1d4-4472-9f40-44bc51606458-groupManagement] INFO  server.RaftServerConfigKeys (ConfUtils.java:logGet(46)) - raft.server.log.write.buffer.size = 1048576 (custom)
2023-07-05 13:44:02,142 [e6531a31-c1d4-4472-9f40-44bc51606458-groupManagement] INFO  server.RaftServerConfigKeys (ConfUtils.java:logGet(46)) - raft.server.log.appender.buffer.byte-limit = 33554432 (custom)
2023-07-05 13:44:02,221 [e6531a31-c1d4-4472-9f40-44bc51606458-groupManagement] INFO  server.RaftServerConfigKeys (ConfUtils.java:logGet(46)) - raft.server.log.unsafe-flush.enabled = false (default)
2023-07-05 13:44:02,221 [e6531a31-c1d4-4472-9f40-44bc51606458-groupManagement] INFO  server.RaftServerConfigKeys (ConfUtils.java:logGet(46)) - raft.server.log.async-flush.enabled = false (default)
2023-07-05 13:44:02,221 [e6531a31-c1d4-4472-9f40-44bc51606458-groupManagement] INFO  server.RaftServerConfigKeys (ConfUtils.java:logGet(46)) - raft.server.log.statemachine.data.caching.enabled = true (custom)
2023-07-05 13:44:02,222 [e6531a31-c1d4-4472-9f40-44bc51606458-groupManagement] INFO  segmented.SegmentedRaftLogWorker (SegmentedRaftLogWorker.java:lambda$new$0(135)) - e6531a31-c1d4-4472-9f40-44bc51606458@group-D6E7B59D90AF-SegmentedRaftLogWorker: flushIndex: setUnconditionally 0 -> -1
2023-07-05 13:44:02,222 [e6531a31-c1d4-4472-9f40-44bc51606458-groupManagement] INFO  segmented.SegmentedRaftLogWorker (SegmentedRaftLogWorker.java:lambda$new$0(135)) - e6531a31-c1d4-4472-9f40-44bc51606458@group-D6E7B59D90AF-SegmentedRaftLogWorker: safeCacheEvictIndex: setUnconditionally 0 -> -1
2023-07-05 13:44:02,222 [e6531a31-c1d4-4472-9f40-44bc51606458-groupManagement] INFO  server.RaftServer$Division (RaftServerImpl.java:start(342)) - e6531a31-c1d4-4472-9f40-44bc51606458@group-D6E7B59D90AF: start as a follower, conf=-1: peers:[860e26e7-dc57-4457-b602-0c8c8602d691|rpc:10.1.0.13:15191|admin:10.1.0.13:15190|client:10.1.0.13:15189|dataStream:10.1.0.13:15192|priority:0|startupRole:FOLLOWER, 67a76afe-b765-42e9-b514-f84c102d0c02|rpc:10.1.0.13:15173|admin:10.1.0.13:15172|client:10.1.0.13:15171|dataStream:10.1.0.13:15174|priority:1|startupRole:FOLLOWER, e6531a31-c1d4-4472-9f40-44bc51606458|rpc:10.1.0.13:15182|admin:10.1.0.13:15181|client:10.1.0.13:15180|dataStream:10.1.0.13:15183|priority:0|startupRole:FOLLOWER]|listeners:[], old=null
2023-07-05 13:44:02,224 [e6531a31-c1d4-4472-9f40-44bc51606458-groupManagement] INFO  server.RaftServer$Division (RaftServerImpl.java:setRole(329)) - e6531a31-c1d4-4472-9f40-44bc51606458@group-D6E7B59D90AF: changes role from      null to FOLLOWER at term 0 for startAsFollower
2023-07-05 13:44:02,224 [e6531a31-c1d4-4472-9f40-44bc51606458-groupManagement] INFO  impl.RoleInfo (RoleInfo.java:updateAndGet(139)) - e6531a31-c1d4-4472-9f40-44bc51606458: start e6531a31-c1d4-4472-9f40-44bc51606458@group-D6E7B59D90AF-FollowerState
2023-07-05 13:44:02,225 [e6531a31-c1d4-4472-9f40-44bc51606458-groupManagement] INFO  util.JmxRegister (JmxRegister.java:tryRegister(44)) - Successfully registered JMX Bean with object name Ratis:service=RaftServer,group=group-D6E7B59D90AF,id=e6531a31-c1d4-4472-9f40-44bc51606458
2023-07-05 13:44:02,225 [e6531a31-c1d4-4472-9f40-44bc51606458-groupManagement] INFO  server.RaftServerConfigKeys (ConfUtils.java:logGet(46)) - raft.server.snapshot.auto.trigger.enabled = true (custom)
2023-07-05 13:44:02,225 [e6531a31-c1d4-4472-9f40-44bc51606458-groupManagement] INFO  server.RaftServerConfigKeys (ConfUtils.java:logGet(46)) - raft.server.snapshot.auto.trigger.threshold = 10000 (custom)
2023-07-05 13:44:02,225 [e6531a31-c1d4-4472-9f40-44bc51606458-groupManagement] INFO  server.RaftServerConfigKeys (ConfUtils.java:logGet(46)) - raft.server.snapshot.retention.file.num = 5 (custom)
2023-07-05 13:44:02,225 [e6531a31-c1d4-4472-9f40-44bc51606458-groupManagement] INFO  server.RaftServerConfigKeys (ConfUtils.java:logGet(46)) - raft.server.log.purge.upto.snapshot.index = false (default)
2023-07-05 13:44:02,226 [e6531a31-c1d4-4472-9f40-44bc51606458@group-D6E7B59D90AF-FollowerState] INFO  server.RaftServerConfigKeys (ConfUtils.java:logFallback(53)) - raft.server.rpc.first-election.timeout.min = 5s (fallback to raft.server.rpc.timeout.min)
2023-07-05 13:44:02,226 [e6531a31-c1d4-4472-9f40-44bc51606458@group-D6E7B59D90AF-FollowerState] INFO  server.RaftServerConfigKeys (ConfUtils.java:logFallback(53)) - raft.server.rpc.first-election.timeout.max = 5200ms (fallback to raft.server.rpc.timeout.max)
2023-07-05 13:44:02,253 [grpc-default-executor-0] INFO  server.RaftServer (RaftServerProxy.java:addNew(98)) - 860e26e7-dc57-4457-b602-0c8c8602d691: addNew group-D6E7B59D90AF:[860e26e7-dc57-4457-b602-0c8c8602d691|rpc:10.1.0.13:15191|admin:10.1.0.13:15190|client:10.1.0.13:15189|dataStream:10.1.0.13:15192|priority:0|startupRole:FOLLOWER, 67a76afe-b765-42e9-b514-f84c102d0c02|rpc:10.1.0.13:15173|admin:10.1.0.13:15172|client:10.1.0.13:15171|dataStream:10.1.0.13:15174|priority:1|startupRole:FOLLOWER, e6531a31-c1d4-4472-9f40-44bc51606458|rpc:10.1.0.13:15182|admin:10.1.0.13:15181|client:10.1.0.13:15180|dataStream:10.1.0.13:15183|priority:0|startupRole:FOLLOWER] returns group-D6E7B59D90AF:java.util.concurrent.CompletableFuture@6bc5c3a6[Not completed]
2023-07-05 13:44:02,254 [860e26e7-dc57-4457-b602-0c8c8602d691-groupManagement] INFO  server.RaftServer$Division (RaftServerImpl.java:<init>(198)) - 860e26e7-dc57-4457-b602-0c8c8602d691: new RaftServerImpl for group-D6E7B59D90AF:[860e26e7-dc57-4457-b602-0c8c8602d691|rpc:10.1.0.13:15191|admin:10.1.0.13:15190|client:10.1.0.13:15189|dataStream:10.1.0.13:15192|priority:0|startupRole:FOLLOWER, 67a76afe-b765-42e9-b514-f84c102d0c02|rpc:10.1.0.13:15173|admin:10.1.0.13:15172|client:10.1.0.13:15171|dataStream:10.1.0.13:15174|priority:1|startupRole:FOLLOWER, e6531a31-c1d4-4472-9f40-44bc51606458|rpc:10.1.0.13:15182|admin:10.1.0.13:15181|client:10.1.0.13:15180|dataStream:10.1.0.13:15183|priority:0|startupRole:FOLLOWER] with ContainerStateMachine:uninitialized
2023-07-05 13:44:02,254 [860e26e7-dc57-4457-b602-0c8c8602d691-groupManagement] INFO  server.RaftServerConfigKeys (ConfUtils.java:logGet(46)) - raft.server.rpc.timeout.min = 5s (custom)
2023-07-05 13:44:02,254 [860e26e7-dc57-4457-b602-0c8c8602d691-groupManagement] INFO  server.RaftServerConfigKeys (ConfUtils.java:logGet(46)) - raft.server.rpc.timeout.max = 5200ms (custom)
2023-07-05 13:44:02,254 [860e26e7-dc57-4457-b602-0c8c8602d691-groupManagement] INFO  server.RaftServerConfigKeys (ConfUtils.java:logGet(46)) - raft.server.rpc.sleep.time = 25ms (default)
2023-07-05 13:44:02,255 [860e26e7-dc57-4457-b602-0c8c8602d691-groupManagement] INFO  server.RaftServerConfigKeys (ConfUtils.java:logGet(46)) - raft.server.rpc.slowness.timeout = 300s (custom)
2023-07-05 13:44:02,255 [860e26e7-dc57-4457-b602-0c8c8602d691-groupManagement] INFO  server.RaftServerConfigKeys (ConfUtils.java:logGet(46)) - raft.server.leaderelection.leader.step-down.wait-time = 10s (default)
2023-07-05 13:44:02,255 [860e26e7-dc57-4457-b602-0c8c8602d691-groupManagement] INFO  server.RaftServerConfigKeys (ConfUtils.java:logGet(46)) - raft.server.sleep.deviation.threshold = 300ms (default)
2023-07-05 13:44:02,255 [860e26e7-dc57-4457-b602-0c8c8602d691-groupManagement] INFO  server.RaftServer$Division (ServerState.java:<init>(120)) - 860e26e7-dc57-4457-b602-0c8c8602d691@group-D6E7B59D90AF: ConfigurationManager, init=-1: peers:[860e26e7-dc57-4457-b602-0c8c8602d691|rpc:10.1.0.13:15191|admin:10.1.0.13:15190|client:10.1.0.13:15189|dataStream:10.1.0.13:15192|priority:0|startupRole:FOLLOWER, 67a76afe-b765-42e9-b514-f84c102d0c02|rpc:10.1.0.13:15173|admin:10.1.0.13:15172|client:10.1.0.13:15171|dataStream:10.1.0.13:15174|priority:1|startupRole:FOLLOWER, e6531a31-c1d4-4472-9f40-44bc51606458|rpc:10.1.0.13:15182|admin:10.1.0.13:15181|client:10.1.0.13:15180|dataStream:10.1.0.13:15183|priority:0|startupRole:FOLLOWER]|listeners:[], old=null, confs=<EMPTY_MAP>
2023-07-05 13:44:02,255 [860e26e7-dc57-4457-b602-0c8c8602d691-groupManagement] INFO  server.RaftServerConfigKeys (ConfUtils.java:logGet(46)) - raft.server.storage.dir = [/home/runner/work/ozone/ozone/hadoop-ozone/integration-test/target/test-dir/MiniOzoneClusterImpl-de398c68-44fd-4973-9846-b14d0f209e8c/datanode-2/data/ratis] (custom)
2023-07-05 13:44:02,255 [860e26e7-dc57-4457-b602-0c8c8602d691-groupManagement] INFO  server.RaftServerConfigKeys (ConfUtils.java:logGet(46)) - raft.server.log.corruption.policy = EXCEPTION (default)
2023-07-05 13:44:02,255 [860e26e7-dc57-4457-b602-0c8c8602d691-groupManagement] INFO  server.RaftServerConfigKeys (ConfUtils.java:logGet(46)) - raft.server.storage.free-space.min = 0MB (=0) (default)
2023-07-05 13:44:02,255 [860e26e7-dc57-4457-b602-0c8c8602d691-groupManagement] INFO  server.RaftServerConfigKeys (ConfUtils.java:logGet(46)) - raft.server.notification.no-leader.timeout = 300s (custom)
2023-07-05 13:44:02,255 [860e26e7-dc57-4457-b602-0c8c8602d691-groupManagement] INFO  server.RaftServerConfigKeys (ConfUtils.java:logGet(46)) - raft.server.read.timeout = 10s (default)
2023-07-05 13:44:02,255 [860e26e7-dc57-4457-b602-0c8c8602d691-groupManagement] INFO  server.RaftServerConfigKeys (ConfUtils.java:logGet(46)) - raft.server.retrycache.expirytime = 600000ms (custom)
2023-07-05 13:44:02,255 [860e26e7-dc57-4457-b602-0c8c8602d691-groupManagement] INFO  server.RaftServerConfigKeys (ConfUtils.java:logGet(46)) - raft.server.retrycache.statistics.expirytime = 100μs (default)
2023-07-05 13:44:02,255 [860e26e7-dc57-4457-b602-0c8c8602d691-groupManagement] INFO  server.RaftServerConfigKeys (ConfUtils.java:logGet(46)) - raft.server.read.option = DEFAULT (default)
2023-07-05 13:44:02,256 [860e26e7-dc57-4457-b602-0c8c8602d691-groupManagement] INFO  server.RaftServerConfigKeys (ConfUtils.java:logGet(46)) - raft.server.rpc.request.timeout = 60s (custom)
2023-07-05 13:44:02,256 [860e26e7-dc57-4457-b602-0c8c8602d691-groupManagement] INFO  server.RaftServerConfigKeys (ConfUtils.java:logGet(46)) - raft.server.log.appender.install.snapshot.enabled = false (custom)
2023-07-05 13:44:02,256 [860e26e7-dc57-4457-b602-0c8c8602d691-groupManagement] INFO  server.RaftServerConfigKeys (ConfUtils.java:logGet(46)) - raft.server.threadpool.server.cached = true (default)
2023-07-05 13:44:02,256 [860e26e7-dc57-4457-b602-0c8c8602d691-groupManagement] INFO  server.RaftServerConfigKeys (ConfUtils.java:logGet(46)) - raft.server.threadpool.server.size = 0 (default)
2023-07-05 13:44:02,256 [860e26e7-dc57-4457-b602-0c8c8602d691-groupManagement] INFO  server.RaftServerConfigKeys (ConfUtils.java:logGet(46)) - raft.server.threadpool.client.cached = true (default)
2023-07-05 13:44:02,256 [860e26e7-dc57-4457-b602-0c8c8602d691-groupManagement] INFO  server.RaftServerConfigKeys (ConfUtils.java:logGet(46)) - raft.server.threadpool.client.size = 0 (default)
2023-07-05 13:44:02,256 [860e26e7-dc57-4457-b602-0c8c8602d691-groupManagement] INFO  storage.RaftStorageDirectory (RaftStorageDirectoryImpl.java:analyzeStorage(137)) - The storage directory /home/runner/work/ozone/ozone/hadoop-ozone/integration-test/target/test-dir/MiniOzoneClusterImpl-de398c68-44fd-4973-9846-b14d0f209e8c/datanode-2/data/ratis/994e7e95-56cd-4f97-872d-d6e7b59d90af does not exist. Creating ...
2023-07-05 13:44:02,258 [860e26e7-dc57-4457-b602-0c8c8602d691-groupManagement] INFO  storage.RaftStorageDirectory (RaftStorageDirectoryImpl.java:tryLock(231)) - Lock on /home/runner/work/ozone/ozone/hadoop-ozone/integration-test/target/test-dir/MiniOzoneClusterImpl-de398c68-44fd-4973-9846-b14d0f209e8c/datanode-2/data/ratis/994e7e95-56cd-4f97-872d-d6e7b59d90af/in_use.lock acquired by nodename 25537@fv-az264-29
2023-07-05 13:44:02,259 [860e26e7-dc57-4457-b602-0c8c8602d691-groupManagement] INFO  storage.RaftStorage (RaftStorageImpl.java:format(96)) - Storage directory /home/runner/work/ozone/ozone/hadoop-ozone/integration-test/target/test-dir/MiniOzoneClusterImpl-de398c68-44fd-4973-9846-b14d0f209e8c/datanode-2/data/ratis/994e7e95-56cd-4f97-872d-d6e7b59d90af has been successfully formatted.
2023-07-05 13:44:02,260 [860e26e7-dc57-4457-b602-0c8c8602d691-groupManagement] INFO  ratis.ContainerStateMachine (ContainerStateMachine.java:loadSnapshot(262)) - group-D6E7B59D90AF: The snapshot info is null. Setting the last applied indexto:(t:0, i:~)
2023-07-05 13:44:02,260 [860e26e7-dc57-4457-b602-0c8c8602d691-groupManagement] INFO  server.RaftServerConfigKeys (ConfUtils.java:logGet(46)) - raft.server.log.use.memory = false (default)
2023-07-05 13:44:02,260 [860e26e7-dc57-4457-b602-0c8c8602d691-groupManagement] INFO  server.RaftServerConfigKeys (ConfUtils.java:logGet(46)) - raft.server.log.purge.gap = 1000000 (custom)
2023-07-05 13:44:02,260 [860e26e7-dc57-4457-b602-0c8c8602d691-groupManagement] INFO  server.RaftServerConfigKeys (ConfUtils.java:logGet(46)) - raft.server.log.appender.buffer.byte-limit = 33554432 (custom)
2023-07-05 13:44:02,260 [860e26e7-dc57-4457-b602-0c8c8602d691-groupManagement] INFO  server.RaftServerConfigKeys (ConfUtils.java:logGet(46)) - raft.server.log.statemachine.data.read.timeout = 1000ms (default)
2023-07-05 13:44:02,260 [860e26e7-dc57-4457-b602-0c8c8602d691-groupManagement] INFO  server.RaftServerConfigKeys (ConfUtils.java:logGet(46)) - raft.server.log.purge.preservation.log.num = 0 (default)
2023-07-05 13:44:02,260 [860e26e7-dc57-4457-b602-0c8c8602d691-groupManagement] INFO  server.RaftServerConfigKeys (ConfUtils.java:logGet(46)) - raft.server.log.segment.size.max = 1048576 (custom)
2023-07-05 13:44:02,261 [860e26e7-dc57-4457-b602-0c8c8602d691-groupManagement] INFO  server.RaftServerConfigKeys (ConfUtils.java:logGet(46)) - raft.server.log.segment.cache.num.max = 2 (custom)
2023-07-05 13:44:02,261 [860e26e7-dc57-4457-b602-0c8c8602d691-groupManagement] INFO  server.RaftServerConfigKeys (ConfUtils.java:logGet(46)) - raft.server.log.segment.cache.size.max = 200MB (=209715200) (default)
2023-07-05 13:44:02,261 [860e26e7-dc57-4457-b602-0c8c8602d691-groupManagement] INFO  server.RaftServerConfigKeys (ConfUtils.java:logGet(46)) - raft.server.log.appender.buffer.byte-limit = 33554432 (custom)
2023-07-05 13:44:02,261 [860e26e7-dc57-4457-b602-0c8c8602d691-groupManagement] INFO  segmented.SegmentedRaftLogWorker (SegmentedRaftLogWorker.java:<init>(188)) - new 860e26e7-dc57-4457-b602-0c8c8602d691@group-D6E7B59D90AF-SegmentedRaftLogWorker for RaftStorageImpl:Storage Directory /home/runner/work/ozone/ozone/hadoop-ozone/integration-test/target/test-dir/MiniOzoneClusterImpl-de398c68-44fd-4973-9846-b14d0f209e8c/datanode-2/data/ratis/994e7e95-56cd-4f97-872d-d6e7b59d90af
2023-07-05 13:44:02,261 [860e26e7-dc57-4457-b602-0c8c8602d691-groupManagement] INFO  server.RaftServerConfigKeys (ConfUtils.java:logGet(46)) - raft.server.log.queue.byte-limit = 4294967296 (custom)
2023-07-05 13:44:02,261 [860e26e7-dc57-4457-b602-0c8c8602d691-groupManagement] INFO  server.RaftServerConfigKeys (ConfUtils.java:logGet(46)) - raft.server.log.queue.element-limit = 1024 (custom)
2023-07-05 13:44:02,261 [860e26e7-dc57-4457-b602-0c8c8602d691-groupManagement] INFO  server.RaftServerConfigKeys (ConfUtils.java:logGet(46)) - raft.server.log.segment.size.max = 1048576 (custom)
2023-07-05 13:44:02,261 [860e26e7-dc57-4457-b602-0c8c8602d691-groupManagement] INFO  server.RaftServerConfigKeys (ConfUtils.java:logGet(46)) - raft.server.log.preallocated.size = 16384 (custom)
2023-07-05 13:44:02,261 [860e26e7-dc57-4457-b602-0c8c8602d691-groupManagement] INFO  server.RaftServerConfigKeys (ConfUtils.java:logGet(46)) - raft.server.log.force.sync.num = 128 (default)
2023-07-05 13:44:02,261 [860e26e7-dc57-4457-b602-0c8c8602d691-groupManagement] INFO  server.RaftServerConfigKeys (ConfUtils.java:logGet(46)) - raft.server.log.statemachine.data.sync = true (default)
2023-07-05 13:44:02,261 [860e26e7-dc57-4457-b602-0c8c8602d691-groupManagement] INFO  server.RaftServerConfigKeys (ConfUtils.java:logGet(46)) - raft.server.log.statemachine.data.sync.timeout = 10s (default)
2023-07-05 13:44:02,261 [860e26e7-dc57-4457-b602-0c8c8602d691-groupManagement] INFO  server.RaftServerConfigKeys (ConfUtils.java:logGet(46)) - raft.server.log.statemachine.data.sync.timeout.retry = -1 (default)
2023-07-05 13:44:02,262 [860e26e7-dc57-4457-b602-0c8c8602d691-groupManagement] INFO  server.RaftServerConfigKeys (ConfUtils.java:logGet(46)) - raft.server.log.write.buffer.size = 1048576 (custom)
2023-07-05 13:44:02,263 [860e26e7-dc57-4457-b602-0c8c8602d691-groupManagement] INFO  server.RaftServerConfigKeys (ConfUtils.java:logGet(46)) - raft.server.log.appender.buffer.byte-limit = 33554432 (custom)
2023-07-05 13:44:02,268 [860e26e7-dc57-4457-b602-0c8c8602d691-groupManagement] INFO  server.RaftServerConfigKeys (ConfUtils.java:logGet(46)) - raft.server.log.unsafe-flush.enabled = false (default)
2023-07-05 13:44:02,268 [860e26e7-dc57-4457-b602-0c8c8602d691-groupManagement] INFO  server.RaftServerConfigKeys (ConfUtils.java:logGet(46)) - raft.server.log.async-flush.enabled = false (default)
2023-07-05 13:44:02,268 [860e26e7-dc57-4457-b602-0c8c8602d691-groupManagement] INFO  server.RaftServerConfigKeys (ConfUtils.java:logGet(46)) - raft.server.log.statemachine.data.caching.enabled = true (custom)
2023-07-05 13:44:02,268 [860e26e7-dc57-4457-b602-0c8c8602d691-groupManagement] INFO  segmented.SegmentedRaftLogWorker (SegmentedRaftLogWorker.java:lambda$new$0(135)) - 860e26e7-dc57-4457-b602-0c8c8602d691@group-D6E7B59D90AF-SegmentedRaftLogWorker: flushIndex: setUnconditionally 0 -> -1
2023-07-05 13:44:02,268 [860e26e7-dc57-4457-b602-0c8c8602d691-groupManagement] INFO  segmented.SegmentedRaftLogWorker (SegmentedRaftLogWorker.java:lambda$new$0(135)) - 860e26e7-dc57-4457-b602-0c8c8602d691@group-D6E7B59D90AF-SegmentedRaftLogWorker: safeCacheEvictIndex: setUnconditionally 0 -> -1
2023-07-05 13:44:02,268 [860e26e7-dc57-4457-b602-0c8c8602d691-groupManagement] INFO  server.RaftServer$Division (RaftServerImpl.java:start(342)) - 860e26e7-dc57-4457-b602-0c8c8602d691@group-D6E7B59D90AF: start as a follower, conf=-1: peers:[860e26e7-dc57-4457-b602-0c8c8602d691|rpc:10.1.0.13:15191|admin:10.1.0.13:15190|client:10.1.0.13:15189|dataStream:10.1.0.13:15192|priority:0|startupRole:FOLLOWER, 67a76afe-b765-42e9-b514-f84c102d0c02|rpc:10.1.0.13:15173|admin:10.1.0.13:15172|client:10.1.0.13:15171|dataStream:10.1.0.13:15174|priority:1|startupRole:FOLLOWER, e6531a31-c1d4-4472-9f40-44bc51606458|rpc:10.1.0.13:15182|admin:10.1.0.13:15181|client:10.1.0.13:15180|dataStream:10.1.0.13:15183|priority:0|startupRole:FOLLOWER]|listeners:[], old=null
2023-07-05 13:44:02,269 [860e26e7-dc57-4457-b602-0c8c8602d691-groupManagement] INFO  server.RaftServer$Division (RaftServerImpl.java:setRole(329)) - 860e26e7-dc57-4457-b602-0c8c8602d691@group-D6E7B59D90AF: changes role from      null to FOLLOWER at term 0 for startAsFollower
2023-07-05 13:44:02,269 [860e26e7-dc57-4457-b602-0c8c8602d691-groupManagement] INFO  impl.RoleInfo (RoleInfo.java:updateAndGet(139)) - 860e26e7-dc57-4457-b602-0c8c8602d691: start 860e26e7-dc57-4457-b602-0c8c8602d691@group-D6E7B59D90AF-FollowerState
2023-07-05 13:44:02,274 [Time-limited test] INFO  ozone.MiniOzoneClusterImpl (MiniOzoneClusterImpl.java:lambda$waitForClusterToBeReady$0(224)) - Nodes are ready. Got 5 of 5 DN Heartbeats.
2023-07-05 13:44:02,274 [Time-limited test] INFO  ozone.MiniOzoneClusterImpl (MiniOzoneClusterImpl.java:lambda$waitForClusterToBeReady$0(227)) - Waiting for cluster to exit safe mode
2023-07-05 13:44:02,274 [Time-limited test] INFO  ozone.MiniOzoneClusterImpl (MiniOzoneClusterImpl.java:lambda$waitForClusterToBeReady$0(229)) - SCM became leader
2023-07-05 13:44:02,274 [860e26e7-dc57-4457-b602-0c8c8602d691-groupManagement] INFO  util.JmxRegister (JmxRegister.java:tryRegister(44)) - Successfully registered JMX Bean with object name Ratis:service=RaftServer,group=group-D6E7B59D90AF,id=860e26e7-dc57-4457-b602-0c8c8602d691
2023-07-05 13:44:02,274 [860e26e7-dc57-4457-b602-0c8c8602d691-groupManagement] INFO  server.RaftServerConfigKeys (ConfUtils.java:logGet(46)) - raft.server.snapshot.auto.trigger.enabled = true (custom)
2023-07-05 13:44:02,275 [860e26e7-dc57-4457-b602-0c8c8602d691-groupManagement] INFO  server.RaftServerConfigKeys (ConfUtils.java:logGet(46)) - raft.server.snapshot.auto.trigger.threshold = 10000 (custom)
2023-07-05 13:44:02,275 [860e26e7-dc57-4457-b602-0c8c8602d691-groupManagement] INFO  server.RaftServerConfigKeys (ConfUtils.java:logGet(46)) - raft.server.snapshot.retention.file.num = 5 (custom)
2023-07-05 13:44:02,275 [860e26e7-dc57-4457-b602-0c8c8602d691-groupManagement] INFO  server.RaftServerConfigKeys (ConfUtils.java:logGet(46)) - raft.server.log.purge.upto.snapshot.index = false (default)
2023-07-05 13:44:02,278 [860e26e7-dc57-4457-b602-0c8c8602d691@group-D6E7B59D90AF-FollowerState] INFO  server.RaftServerConfigKeys (ConfUtils.java:logFallback(53)) - raft.server.rpc.first-election.timeout.min = 5s (fallback to raft.server.rpc.timeout.min)
2023-07-05 13:44:02,278 [860e26e7-dc57-4457-b602-0c8c8602d691@group-D6E7B59D90AF-FollowerState] INFO  server.RaftServerConfigKeys (ConfUtils.java:logFallback(53)) - raft.server.rpc.first-election.timeout.max = 5200ms (fallback to raft.server.rpc.timeout.max)
2023-07-05 13:44:02,281 [PipelineCommandHandlerThread-0] INFO  commandhandler.CreatePipelineCommandHandler (CreatePipelineCommandHandler.java:lambda$handle$2(124)) - Created Pipeline RATIS THREE PipelineID=994e7e95-56cd-4f97-872d-d6e7b59d90af.
2023-07-05 13:44:02,290 [PipelineCommandHandlerThread-0] INFO  server.RaftServer (RaftServerProxy.java:addNew(98)) - e6531a31-c1d4-4472-9f40-44bc51606458: addNew group-61DE4A12B047:[e6531a31-c1d4-4472-9f40-44bc51606458|rpc:10.1.0.13:15182|admin:10.1.0.13:15181|client:10.1.0.13:15180|dataStream:10.1.0.13:15183|priority:1|startupRole:FOLLOWER] returns group-61DE4A12B047:java.util.concurrent.CompletableFuture@705b0e42[Not completed]
2023-07-05 13:44:02,290 [e6531a31-c1d4-4472-9f40-44bc51606458-groupManagement] INFO  server.RaftServer$Division (RaftServerImpl.java:<init>(198)) - e6531a31-c1d4-4472-9f40-44bc51606458: new RaftServerImpl for group-61DE4A12B047:[e6531a31-c1d4-4472-9f40-44bc51606458|rpc:10.1.0.13:15182|admin:10.1.0.13:15181|client:10.1.0.13:15180|dataStream:10.1.0.13:15183|priority:1|startupRole:FOLLOWER] with ContainerStateMachine:uninitialized
2023-07-05 13:44:02,290 [e6531a31-c1d4-4472-9f40-44bc51606458-groupManagement] INFO  server.RaftServerConfigKeys (ConfUtils.java:logGet(46)) - raft.server.rpc.timeout.min = 5s (custom)
2023-07-05 13:44:02,291 [e6531a31-c1d4-4472-9f40-44bc51606458-groupManagement] INFO  server.RaftServerConfigKeys (ConfUtils.java:logGet(46)) - raft.server.rpc.timeout.max = 5200ms (custom)
2023-07-05 13:44:02,291 [e6531a31-c1d4-4472-9f40-44bc51606458-groupManagement] INFO  server.RaftServerConfigKeys (ConfUtils.java:logGet(46)) - raft.server.rpc.sleep.time = 25ms (default)
2023-07-05 13:44:02,291 [e6531a31-c1d4-4472-9f40-44bc51606458-groupManagement] INFO  server.RaftServerConfigKeys (ConfUtils.java:logGet(46)) - raft.server.rpc.slowness.timeout = 300s (custom)
2023-07-05 13:44:02,291 [e6531a31-c1d4-4472-9f40-44bc51606458-groupManagement] INFO  server.RaftServerConfigKeys (ConfUtils.java:logGet(46)) - raft.server.leaderelection.leader.step-down.wait-time = 10s (default)
2023-07-05 13:44:02,291 [e6531a31-c1d4-4472-9f40-44bc51606458-groupManagement] INFO  server.RaftServerConfigKeys (ConfUtils.java:logGet(46)) - raft.server.sleep.deviation.threshold = 300ms (default)
2023-07-05 13:44:02,291 [e6531a31-c1d4-4472-9f40-44bc51606458-groupManagement] INFO  server.RaftServer$Division (ServerState.java:<init>(120)) - e6531a31-c1d4-4472-9f40-44bc51606458@group-61DE4A12B047: ConfigurationManager, init=-1: peers:[e6531a31-c1d4-4472-9f40-44bc51606458|rpc:10.1.0.13:15182|admin:10.1.0.13:15181|client:10.1.0.13:15180|dataStream:10.1.0.13:15183|priority:1|startupRole:FOLLOWER]|listeners:[], old=null, confs=<EMPTY_MAP>
2023-07-05 13:44:02,291 [e6531a31-c1d4-4472-9f40-44bc51606458-groupManagement] INFO  server.RaftServerConfigKeys (ConfUtils.java:logGet(46)) - raft.server.storage.dir = [/home/runner/work/ozone/ozone/hadoop-ozone/integration-test/target/test-dir/MiniOzoneClusterImpl-de398c68-44fd-4973-9846-b14d0f209e8c/datanode-1/data/ratis] (custom)
2023-07-05 13:44:02,291 [e6531a31-c1d4-4472-9f40-44bc51606458-groupManagement] INFO  server.RaftServerConfigKeys (ConfUtils.java:logGet(46)) - raft.server.log.corruption.policy = EXCEPTION (default)
2023-07-05 13:44:02,291 [e6531a31-c1d4-4472-9f40-44bc51606458-groupManagement] INFO  server.RaftServerConfigKeys (ConfUtils.java:logGet(46)) - raft.server.storage.free-space.min = 0MB (=0) (default)
2023-07-05 13:44:02,291 [e6531a31-c1d4-4472-9f40-44bc51606458-groupManagement] INFO  server.RaftServerConfigKeys (ConfUtils.java:logGet(46)) - raft.server.notification.no-leader.timeout = 300s (custom)
2023-07-05 13:44:02,291 [e6531a31-c1d4-4472-9f40-44bc51606458-groupManagement] INFO  server.RaftServerConfigKeys (ConfUtils.java:logGet(46)) - raft.server.read.timeout = 10s (default)
2023-07-05 13:44:02,291 [e6531a31-c1d4-4472-9f40-44bc51606458-groupManagement] INFO  server.RaftServerConfigKeys (ConfUtils.java:logGet(46)) - raft.server.retrycache.expirytime = 600000ms (custom)
2023-07-05 13:44:02,291 [e6531a31-c1d4-4472-9f40-44bc51606458-groupManagement] INFO  server.RaftServerConfigKeys (ConfUtils.java:logGet(46)) - raft.server.retrycache.statistics.expirytime = 100μs (default)
2023-07-05 13:44:02,291 [e6531a31-c1d4-4472-9f40-44bc51606458-groupManagement] INFO  server.RaftServerConfigKeys (ConfUtils.java:logGet(46)) - raft.server.read.option = DEFAULT (default)
2023-07-05 13:44:02,292 [e6531a31-c1d4-4472-9f40-44bc51606458-groupManagement] INFO  server.RaftServerConfigKeys (ConfUtils.java:logGet(46)) - raft.server.rpc.request.timeout = 60s (custom)
2023-07-05 13:44:02,292 [e6531a31-c1d4-4472-9f40-44bc51606458-groupManagement] INFO  server.RaftServerConfigKeys (ConfUtils.java:logGet(46)) - raft.server.log.appender.install.snapshot.enabled = false (custom)
2023-07-05 13:44:02,292 [e6531a31-c1d4-4472-9f40-44bc51606458-groupManagement] INFO  server.RaftServerConfigKeys (ConfUtils.java:logGet(46)) - raft.server.threadpool.server.cached = true (default)
2023-07-05 13:44:02,292 [e6531a31-c1d4-4472-9f40-44bc51606458-groupManagement] INFO  server.RaftServerConfigKeys (ConfUtils.java:logGet(46)) - raft.server.threadpool.server.size = 0 (default)
2023-07-05 13:44:02,292 [e6531a31-c1d4-4472-9f40-44bc51606458-groupManagement] INFO  server.RaftServerConfigKeys (ConfUtils.java:logGet(46)) - raft.server.threadpool.client.cached = true (default)
2023-07-05 13:44:02,292 [e6531a31-c1d4-4472-9f40-44bc51606458-groupManagement] INFO  server.RaftServerConfigKeys (ConfUtils.java:logGet(46)) - raft.server.threadpool.client.size = 0 (default)
2023-07-05 13:44:02,292 [e6531a31-c1d4-4472-9f40-44bc51606458-groupManagement] INFO  storage.RaftStorageDirectory (RaftStorageDirectoryImpl.java:analyzeStorage(137)) - The storage directory /home/runner/work/ozone/ozone/hadoop-ozone/integration-test/target/test-dir/MiniOzoneClusterImpl-de398c68-44fd-4973-9846-b14d0f209e8c/datanode-1/data/ratis/2bf416bc-d75c-4842-91a6-61de4a12b047 does not exist. Creating ...
2023-07-05 13:44:02,294 [e6531a31-c1d4-4472-9f40-44bc51606458-groupManagement] INFO  storage.RaftStorageDirectory (RaftStorageDirectoryImpl.java:tryLock(231)) - Lock on /home/runner/work/ozone/ozone/hadoop-ozone/integration-test/target/test-dir/MiniOzoneClusterImpl-de398c68-44fd-4973-9846-b14d0f209e8c/datanode-1/data/ratis/2bf416bc-d75c-4842-91a6-61de4a12b047/in_use.lock acquired by nodename 25537@fv-az264-29
2023-07-05 13:44:02,298 [e6531a31-c1d4-4472-9f40-44bc51606458-groupManagement] INFO  storage.RaftStorage (RaftStorageImpl.java:format(96)) - Storage directory /home/runner/work/ozone/ozone/hadoop-ozone/integration-test/target/test-dir/MiniOzoneClusterImpl-de398c68-44fd-4973-9846-b14d0f209e8c/datanode-1/data/ratis/2bf416bc-d75c-4842-91a6-61de4a12b047 has been successfully formatted.
2023-07-05 13:44:02,301 [EventQueue-PipelineReportForPipelineReportHandler] INFO  pipeline.PipelineReportHandler (PipelineReportHandler.java:processPipelineReport(136)) - Opened pipeline PipelineID=2bf416bc-d75c-4842-91a6-61de4a12b047
2023-07-05 13:44:02,301 [EventQueue-OpenPipelineForHealthyPipelineSafeModeRule] INFO  safemode.SCMSafeModeManager (HealthyPipelineSafeModeRule.java:process(137)) - SCM in safe mode. Healthy pipelines reported count is 0, required healthy pipeline reported count is 1
2023-07-05 13:44:02,302 [e6531a31-c1d4-4472-9f40-44bc51606458-groupManagement] INFO  ratis.ContainerStateMachine (ContainerStateMachine.java:loadSnapshot(262)) - group-61DE4A12B047: The snapshot info is null. Setting the last applied indexto:(t:0, i:~)
2023-07-05 13:44:02,302 [e6531a31-c1d4-4472-9f40-44bc51606458-groupManagement] INFO  server.RaftServerConfigKeys (ConfUtils.java:logGet(46)) - raft.server.log.use.memory = false (default)
2023-07-05 13:44:02,302 [e6531a31-c1d4-4472-9f40-44bc51606458-groupManagement] INFO  server.RaftServerConfigKeys (ConfUtils.java:logGet(46)) - raft.server.log.purge.gap = 1000000 (custom)
2023-07-05 13:44:02,302 [e6531a31-c1d4-4472-9f40-44bc51606458-groupManagement] INFO  server.RaftServerConfigKeys (ConfUtils.java:logGet(46)) - raft.server.log.appender.buffer.byte-limit = 33554432 (custom)
2023-07-05 13:44:02,302 [e6531a31-c1d4-4472-9f40-44bc51606458-groupManagement] INFO  server.RaftServerConfigKeys (ConfUtils.java:logGet(46)) - raft.server.log.statemachine.data.read.timeout = 1000ms (default)
2023-07-05 13:44:02,302 [e6531a31-c1d4-4472-9f40-44bc51606458-groupManagement] INFO  server.RaftServerConfigKeys (ConfUtils.java:logGet(46)) - raft.server.log.purge.preservation.log.num = 0 (default)
2023-07-05 13:44:02,302 [e6531a31-c1d4-4472-9f40-44bc51606458-groupManagement] INFO  server.RaftServerConfigKeys (ConfUtils.java:logGet(46)) - raft.server.log.segment.size.max = 1048576 (custom)
2023-07-05 13:44:02,303 [e6531a31-c1d4-4472-9f40-44bc51606458-groupManagement] INFO  server.RaftServerConfigKeys (ConfUtils.java:logGet(46)) - raft.server.log.segment.cache.num.max = 2 (custom)
2023-07-05 13:44:02,303 [e6531a31-c1d4-4472-9f40-44bc51606458-groupManagement] INFO  server.RaftServerConfigKeys (ConfUtils.java:logGet(46)) - raft.server.log.segment.cache.size.max = 200MB (=209715200) (default)
2023-07-05 13:44:02,303 [e6531a31-c1d4-4472-9f40-44bc51606458-groupManagement] INFO  server.RaftServerConfigKeys (ConfUtils.java:logGet(46)) - raft.server.log.appender.buffer.byte-limit = 33554432 (custom)
2023-07-05 13:44:02,303 [e6531a31-c1d4-4472-9f40-44bc51606458-groupManagement] INFO  segmented.SegmentedRaftLogWorker (SegmentedRaftLogWorker.java:<init>(188)) - new e6531a31-c1d4-4472-9f40-44bc51606458@group-61DE4A12B047-SegmentedRaftLogWorker for RaftStorageImpl:Storage Directory /home/runner/work/ozone/ozone/hadoop-ozone/integration-test/target/test-dir/MiniOzoneClusterImpl-de398c68-44fd-4973-9846-b14d0f209e8c/datanode-1/data/ratis/2bf416bc-d75c-4842-91a6-61de4a12b047
2023-07-05 13:44:02,303 [e6531a31-c1d4-4472-9f40-44bc51606458-groupManagement] INFO  server.RaftServerConfigKeys (ConfUtils.java:logGet(46)) - raft.server.log.queue.byte-limit = 4294967296 (custom)
2023-07-05 13:44:02,303 [e6531a31-c1d4-4472-9f40-44bc51606458-groupManagement] INFO  server.RaftServerConfigKeys (ConfUtils.java:logGet(46)) - raft.server.log.queue.element-limit = 1024 (custom)
2023-07-05 13:44:02,303 [e6531a31-c1d4-4472-9f40-44bc51606458-groupManagement] INFO  server.RaftServerConfigKeys (ConfUtils.java:logGet(46)) - raft.server.log.segment.size.max = 1048576 (custom)
2023-07-05 13:44:02,303 [e6531a31-c1d4-4472-9f40-44bc51606458-groupManagement] INFO  server.RaftServerConfigKeys (ConfUtils.java:logGet(46)) - raft.server.log.preallocated.size = 16384 (custom)
2023-07-05 13:44:02,303 [e6531a31-c1d4-4472-9f40-44bc51606458-groupManagement] INFO  server.RaftServerConfigKeys (ConfUtils.java:logGet(46)) - raft.server.log.force.sync.num = 128 (default)
2023-07-05 13:44:02,303 [e6531a31-c1d4-4472-9f40-44bc51606458-groupManagement] INFO  server.RaftServerConfigKeys (ConfUtils.java:logGet(46)) - raft.server.log.statemachine.data.sync = true (default)
2023-07-05 13:44:02,303 [e6531a31-c1d4-4472-9f40-44bc51606458-groupManagement] INFO  server.RaftServerConfigKeys (ConfUtils.java:logGet(46)) - raft.server.log.statemachine.data.sync.timeout = 10s (default)
2023-07-05 13:44:02,303 [e6531a31-c1d4-4472-9f40-44bc51606458-groupManagement] INFO  server.RaftServerConfigKeys (ConfUtils.java:logGet(46)) - raft.server.log.statemachine.data.sync.timeout.retry = -1 (default)
2023-07-05 13:44:02,304 [e6531a31-c1d4-4472-9f40-44bc51606458-groupManagement] INFO  server.RaftServerConfigKeys (ConfUtils.java:logGet(46)) - raft.server.log.write.buffer.size = 1048576 (custom)
2023-07-05 13:44:02,304 [e6531a31-c1d4-4472-9f40-44bc51606458-groupManagement] INFO  server.RaftServerConfigKeys (ConfUtils.java:logGet(46)) - raft.server.log.appender.buffer.byte-limit = 33554432 (custom)
2023-07-05 13:44:02,310 [e6531a31-c1d4-4472-9f40-44bc51606458-groupManagement] INFO  server.RaftServerConfigKeys (ConfUtils.java:logGet(46)) - raft.server.log.unsafe-flush.enabled = false (default)
2023-07-05 13:44:02,310 [e6531a31-c1d4-4472-9f40-44bc51606458-groupManagement] INFO  server.RaftServerConfigKeys (ConfUtils.java:logGet(46)) - raft.server.log.async-flush.enabled = false (default)
2023-07-05 13:44:02,310 [e6531a31-c1d4-4472-9f40-44bc51606458-groupManagement] INFO  server.RaftServerConfigKeys (ConfUtils.java:logGet(46)) - raft.server.log.statemachine.data.caching.enabled = true (custom)
2023-07-05 13:44:02,310 [e6531a31-c1d4-4472-9f40-44bc51606458-groupManagement] INFO  segmented.SegmentedRaftLogWorker (SegmentedRaftLogWorker.java:lambda$new$0(135)) - e6531a31-c1d4-4472-9f40-44bc51606458@group-61DE4A12B047-SegmentedRaftLogWorker: flushIndex: setUnconditionally 0 -> -1
2023-07-05 13:44:02,310 [e6531a31-c1d4-4472-9f40-44bc51606458-groupManagement] INFO  segmented.SegmentedRaftLogWorker (SegmentedRaftLogWorker.java:lambda$new$0(135)) - e6531a31-c1d4-4472-9f40-44bc51606458@group-61DE4A12B047-SegmentedRaftLogWorker: safeCacheEvictIndex: setUnconditionally 0 -> -1
2023-07-05 13:44:02,310 [e6531a31-c1d4-4472-9f40-44bc51606458-groupManagement] INFO  server.RaftServer$Division (RaftServerImpl.java:start(342)) - e6531a31-c1d4-4472-9f40-44bc51606458@group-61DE4A12B047: start as a follower, conf=-1: peers:[e6531a31-c1d4-4472-9f40-44bc51606458|rpc:10.1.0.13:15182|admin:10.1.0.13:15181|client:10.1.0.13:15180|dataStream:10.1.0.13:15183|priority:1|startupRole:FOLLOWER]|listeners:[], old=null
2023-07-05 13:44:02,311 [e6531a31-c1d4-4472-9f40-44bc51606458-groupManagement] INFO  server.RaftServer$Division (RaftServerImpl.java:setRole(329)) - e6531a31-c1d4-4472-9f40-44bc51606458@group-61DE4A12B047: changes role from      null to FOLLOWER at term 0 for startAsFollower
2023-07-05 13:44:02,311 [e6531a31-c1d4-4472-9f40-44bc51606458-groupManagement] INFO  impl.RoleInfo (RoleInfo.java:updateAndGet(139)) - e6531a31-c1d4-4472-9f40-44bc51606458: start e6531a31-c1d4-4472-9f40-44bc51606458@group-61DE4A12B047-FollowerState
2023-07-05 13:44:02,313 [e6531a31-c1d4-4472-9f40-44bc51606458-groupManagement] INFO  util.JmxRegister (JmxRegister.java:tryRegister(44)) - Successfully registered JMX Bean with object name Ratis:service=RaftServer,group=group-61DE4A12B047,id=e6531a31-c1d4-4472-9f40-44bc51606458
2023-07-05 13:44:02,313 [e6531a31-c1d4-4472-9f40-44bc51606458-groupManagement] INFO  server.RaftServerConfigKeys (ConfUtils.java:logGet(46)) - raft.server.snapshot.auto.trigger.enabled = true (custom)
2023-07-05 13:44:02,313 [e6531a31-c1d4-4472-9f40-44bc51606458-groupManagement] INFO  server.RaftServerConfigKeys (ConfUtils.java:logGet(46)) - raft.server.snapshot.auto.trigger.threshold = 10000 (custom)
2023-07-05 13:44:02,313 [e6531a31-c1d4-4472-9f40-44bc51606458-groupManagement] INFO  server.RaftServerConfigKeys (ConfUtils.java:logGet(46)) - raft.server.snapshot.retention.file.num = 5 (custom)
2023-07-05 13:44:02,313 [e6531a31-c1d4-4472-9f40-44bc51606458-groupManagement] INFO  server.RaftServerConfigKeys (ConfUtils.java:logGet(46)) - raft.server.log.purge.upto.snapshot.index = false (default)
2023-07-05 13:44:02,314 [PipelineCommandHandlerThread-0] INFO  ratis.XceiverServerRatis (XceiverServerRatis.java:addGroup(804)) - Created group PipelineID=2bf416bc-d75c-4842-91a6-61de4a12b047
2023-07-05 13:44:02,314 [e6531a31-c1d4-4472-9f40-44bc51606458@group-61DE4A12B047-FollowerState] INFO  server.RaftServerConfigKeys (ConfUtils.java:logFallback(53)) - raft.server.rpc.first-election.timeout.min = 5s (fallback to raft.server.rpc.timeout.min)
2023-07-05 13:44:02,314 [PipelineCommandHandlerThread-0] INFO  commandhandler.CreatePipelineCommandHandler (CreatePipelineCommandHandler.java:lambda$handle$2(124)) - Created Pipeline RATIS ONE PipelineID=2bf416bc-d75c-4842-91a6-61de4a12b047.
2023-07-05 13:44:02,314 [e6531a31-c1d4-4472-9f40-44bc51606458@group-61DE4A12B047-FollowerState] INFO  server.RaftServerConfigKeys (ConfUtils.java:logFallback(53)) - raft.server.rpc.first-election.timeout.max = 5200ms (fallback to raft.server.rpc.timeout.max)
2023-07-05 13:44:02,614 [ReplicationMonitor] INFO  replication.ReplicationManager (ReplicationManager.java:processAll(361)) - Replication Manager is not ready to run until 3000ms after safemode exit
2023-07-05 13:44:02,651 [PipelineCommandHandlerThread-0] INFO  server.RaftServer (RaftServerProxy.java:addNew(98)) - 860e26e7-dc57-4457-b602-0c8c8602d691: addNew group-45307D472E0E:[860e26e7-dc57-4457-b602-0c8c8602d691|rpc:10.1.0.13:15191|admin:10.1.0.13:15190|client:10.1.0.13:15189|dataStream:10.1.0.13:15192|priority:1|startupRole:FOLLOWER] returns group-45307D472E0E:java.util.concurrent.CompletableFuture@195b7db9[Not completed]
2023-07-05 13:44:02,652 [860e26e7-dc57-4457-b602-0c8c8602d691-groupManagement] INFO  server.RaftServer$Division (RaftServerImpl.java:<init>(198)) - 860e26e7-dc57-4457-b602-0c8c8602d691: new RaftServerImpl for group-45307D472E0E:[860e26e7-dc57-4457-b602-0c8c8602d691|rpc:10.1.0.13:15191|admin:10.1.0.13:15190|client:10.1.0.13:15189|dataStream:10.1.0.13:15192|priority:1|startupRole:FOLLOWER] with ContainerStateMachine:uninitialized
2023-07-05 13:44:02,652 [860e26e7-dc57-4457-b602-0c8c8602d691-groupManagement] INFO  server.RaftServerConfigKeys (ConfUtils.java:logGet(46)) - raft.server.rpc.timeout.min = 5s (custom)
2023-07-05 13:44:02,652 [860e26e7-dc57-4457-b602-0c8c8602d691-groupManagement] INFO  server.RaftServerConfigKeys (ConfUtils.java:logGet(46)) - raft.server.rpc.timeout.max = 5200ms (custom)
2023-07-05 13:44:02,652 [860e26e7-dc57-4457-b602-0c8c8602d691-groupManagement] INFO  server.RaftServerConfigKeys (ConfUtils.java:logGet(46)) - raft.server.rpc.sleep.time = 25ms (default)
2023-07-05 13:44:02,652 [860e26e7-dc57-4457-b602-0c8c8602d691-groupManagement] INFO  server.RaftServerConfigKeys (ConfUtils.java:logGet(46)) - raft.server.rpc.slowness.timeout = 300s (custom)
2023-07-05 13:44:02,652 [860e26e7-dc57-4457-b602-0c8c8602d691-groupManagement] INFO  server.RaftServerConfigKeys (ConfUtils.java:logGet(46)) - raft.server.leaderelection.leader.step-down.wait-time = 10s (default)
2023-07-05 13:44:02,653 [860e26e7-dc57-4457-b602-0c8c8602d691-groupManagement] INFO  server.RaftServerConfigKeys (ConfUtils.java:logGet(46)) - raft.server.sleep.deviation.threshold = 300ms (default)
2023-07-05 13:44:02,653 [860e26e7-dc57-4457-b602-0c8c8602d691-groupManagement] INFO  server.RaftServer$Division (ServerState.java:<init>(120)) - 860e26e7-dc57-4457-b602-0c8c8602d691@group-45307D472E0E: ConfigurationManager, init=-1: peers:[860e26e7-dc57-4457-b602-0c8c8602d691|rpc:10.1.0.13:15191|admin:10.1.0.13:15190|client:10.1.0.13:15189|dataStream:10.1.0.13:15192|priority:1|startupRole:FOLLOWER]|listeners:[], old=null, confs=<EMPTY_MAP>
2023-07-05 13:44:02,653 [860e26e7-dc57-4457-b602-0c8c8602d691-groupManagement] INFO  server.RaftServerConfigKeys (ConfUtils.java:logGet(46)) - raft.server.storage.dir = [/home/runner/work/ozone/ozone/hadoop-ozone/integration-test/target/test-dir/MiniOzoneClusterImpl-de398c68-44fd-4973-9846-b14d0f209e8c/datanode-2/data/ratis] (custom)
2023-07-05 13:44:02,653 [860e26e7-dc57-4457-b602-0c8c8602d691-groupManagement] INFO  server.RaftServerConfigKeys (ConfUtils.java:logGet(46)) - raft.server.log.corruption.policy = EXCEPTION (default)
2023-07-05 13:44:02,653 [860e26e7-dc57-4457-b602-0c8c8602d691-groupManagement] INFO  server.RaftServerConfigKeys (ConfUtils.java:logGet(46)) - raft.server.storage.free-space.min = 0MB (=0) (default)
2023-07-05 13:44:02,653 [860e26e7-dc57-4457-b602-0c8c8602d691-groupManagement] INFO  server.RaftServerConfigKeys (ConfUtils.java:logGet(46)) - raft.server.notification.no-leader.timeout = 300s (custom)
2023-07-05 13:44:02,653 [860e26e7-dc57-4457-b602-0c8c8602d691-groupManagement] INFO  server.RaftServerConfigKeys (ConfUtils.java:logGet(46)) - raft.server.read.timeout = 10s (default)
2023-07-05 13:44:02,653 [860e26e7-dc57-4457-b602-0c8c8602d691-groupManagement] INFO  server.RaftServerConfigKeys (ConfUtils.java:logGet(46)) - raft.server.retrycache.expirytime = 600000ms (custom)
2023-07-05 13:44:02,653 [860e26e7-dc57-4457-b602-0c8c8602d691-groupManagement] INFO  server.RaftServerConfigKeys (ConfUtils.java:logGet(46)) - raft.server.retrycache.statistics.expirytime = 100μs (default)
2023-07-05 13:44:02,653 [860e26e7-dc57-4457-b602-0c8c8602d691-groupManagement] INFO  server.RaftServerConfigKeys (ConfUtils.java:logGet(46)) - raft.server.read.option = DEFAULT (default)
2023-07-05 13:44:02,654 [860e26e7-dc57-4457-b602-0c8c8602d691-groupManagement] INFO  server.RaftServerConfigKeys (ConfUtils.java:logGet(46)) - raft.server.rpc.request.timeout = 60s (custom)
2023-07-05 13:44:02,654 [860e26e7-dc57-4457-b602-0c8c8602d691-groupManagement] INFO  server.RaftServerConfigKeys (ConfUtils.java:logGet(46)) - raft.server.log.appender.install.snapshot.enabled = false (custom)
2023-07-05 13:44:02,655 [860e26e7-dc57-4457-b602-0c8c8602d691-groupManagement] INFO  server.RaftServerConfigKeys (ConfUtils.java:logGet(46)) - raft.server.threadpool.server.cached = true (default)
2023-07-05 13:44:02,655 [860e26e7-dc57-4457-b602-0c8c8602d691-groupManagement] INFO  server.RaftServerConfigKeys (ConfUtils.java:logGet(46)) - raft.server.threadpool.server.size = 0 (default)
2023-07-05 13:44:02,655 [860e26e7-dc57-4457-b602-0c8c8602d691-groupManagement] INFO  server.RaftServerConfigKeys (ConfUtils.java:logGet(46)) - raft.server.threadpool.client.cached = true (default)
2023-07-05 13:44:02,655 [860e26e7-dc57-4457-b602-0c8c8602d691-groupManagement] INFO  server.RaftServerConfigKeys (ConfUtils.java:logGet(46)) - raft.server.threadpool.client.size = 0 (default)
2023-07-05 13:44:02,655 [860e26e7-dc57-4457-b602-0c8c8602d691-groupManagement] INFO  storage.RaftStorageDirectory (RaftStorageDirectoryImpl.java:analyzeStorage(137)) - The storage directory /home/runner/work/ozone/ozone/hadoop-ozone/integration-test/target/test-dir/MiniOzoneClusterImpl-de398c68-44fd-4973-9846-b14d0f209e8c/datanode-2/data/ratis/44bae637-6859-4aa0-b5ca-45307d472e0e does not exist. Creating ...
2023-07-05 13:44:02,658 [860e26e7-dc57-4457-b602-0c8c8602d691-groupManagement] INFO  storage.RaftStorageDirectory (RaftStorageDirectoryImpl.java:tryLock(231)) - Lock on /home/runner/work/ozone/ozone/hadoop-ozone/integration-test/target/test-dir/MiniOzoneClusterImpl-de398c68-44fd-4973-9846-b14d0f209e8c/datanode-2/data/ratis/44bae637-6859-4aa0-b5ca-45307d472e0e/in_use.lock acquired by nodename 25537@fv-az264-29
2023-07-05 13:44:02,660 [860e26e7-dc57-4457-b602-0c8c8602d691-groupManagement] INFO  storage.RaftStorage (RaftStorageImpl.java:format(96)) - Storage directory /home/runner/work/ozone/ozone/hadoop-ozone/integration-test/target/test-dir/MiniOzoneClusterImpl-de398c68-44fd-4973-9846-b14d0f209e8c/datanode-2/data/ratis/44bae637-6859-4aa0-b5ca-45307d472e0e has been successfully formatted.
2023-07-05 13:44:02,660 [860e26e7-dc57-4457-b602-0c8c8602d691-groupManagement] INFO  ratis.ContainerStateMachine (ContainerStateMachine.java:loadSnapshot(262)) - group-45307D472E0E: The snapshot info is null. Setting the last applied indexto:(t:0, i:~)
2023-07-05 13:44:02,661 [860e26e7-dc57-4457-b602-0c8c8602d691-groupManagement] INFO  server.RaftServerConfigKeys (ConfUtils.java:logGet(46)) - raft.server.log.use.memory = false (default)
2023-07-05 13:44:02,661 [860e26e7-dc57-4457-b602-0c8c8602d691-groupManagement] INFO  server.RaftServerConfigKeys (ConfUtils.java:logGet(46)) - raft.server.log.purge.gap = 1000000 (custom)
2023-07-05 13:44:02,661 [860e26e7-dc57-4457-b602-0c8c8602d691-groupManagement] INFO  server.RaftServerConfigKeys (ConfUtils.java:logGet(46)) - raft.server.log.appender.buffer.byte-limit = 33554432 (custom)
2023-07-05 13:44:02,661 [860e26e7-dc57-4457-b602-0c8c8602d691-groupManagement] INFO  server.RaftServerConfigKeys (ConfUtils.java:logGet(46)) - raft.server.log.statemachine.data.read.timeout = 1000ms (default)
2023-07-05 13:44:02,661 [860e26e7-dc57-4457-b602-0c8c8602d691-groupManagement] INFO  server.RaftServerConfigKeys (ConfUtils.java:logGet(46)) - raft.server.log.purge.preservation.log.num = 0 (default)
2023-07-05 13:44:02,661 [860e26e7-dc57-4457-b602-0c8c8602d691-groupManagement] INFO  server.RaftServerConfigKeys (ConfUtils.java:logGet(46)) - raft.server.log.segment.size.max = 1048576 (custom)
2023-07-05 13:44:02,661 [860e26e7-dc57-4457-b602-0c8c8602d691-groupManagement] INFO  server.RaftServerConfigKeys (ConfUtils.java:logGet(46)) - raft.server.log.segment.cache.num.max = 2 (custom)
2023-07-05 13:44:02,661 [860e26e7-dc57-4457-b602-0c8c8602d691-groupManagement] INFO  server.RaftServerConfigKeys (ConfUtils.java:logGet(46)) - raft.server.log.segment.cache.size.max = 200MB (=209715200) (default)
2023-07-05 13:44:02,661 [860e26e7-dc57-4457-b602-0c8c8602d691-groupManagement] INFO  server.RaftServerConfigKeys (ConfUtils.java:logGet(46)) - raft.server.log.appender.buffer.byte-limit = 33554432 (custom)
2023-07-05 13:44:02,661 [860e26e7-dc57-4457-b602-0c8c8602d691-groupManagement] INFO  segmented.SegmentedRaftLogWorker (SegmentedRaftLogWorker.java:<init>(188)) - new 860e26e7-dc57-4457-b602-0c8c8602d691@group-45307D472E0E-SegmentedRaftLogWorker for RaftStorageImpl:Storage Directory /home/runner/work/ozone/ozone/hadoop-ozone/integration-test/target/test-dir/MiniOzoneClusterImpl-de398c68-44fd-4973-9846-b14d0f209e8c/datanode-2/data/ratis/44bae637-6859-4aa0-b5ca-45307d472e0e
2023-07-05 13:44:02,661 [860e26e7-dc57-4457-b602-0c8c8602d691-groupManagement] INFO  server.RaftServerConfigKeys (ConfUtils.java:logGet(46)) - raft.server.log.queue.byte-limit = 4294967296 (custom)
2023-07-05 13:44:02,661 [860e26e7-dc57-4457-b602-0c8c8602d691-groupManagement] INFO  server.RaftServerConfigKeys (ConfUtils.java:logGet(46)) - raft.server.log.queue.element-limit = 1024 (custom)
2023-07-05 13:44:02,662 [860e26e7-dc57-4457-b602-0c8c8602d691-groupManagement] INFO  server.RaftServerConfigKeys (ConfUtils.java:logGet(46)) - raft.server.log.segment.size.max = 1048576 (custom)
2023-07-05 13:44:02,663 [EventQueue-PipelineReportForPipelineReportHandler] INFO  pipeline.PipelineReportHandler (PipelineReportHandler.java:processPipelineReport(136)) - Opened pipeline PipelineID=44bae637-6859-4aa0-b5ca-45307d472e0e
2023-07-05 13:44:02,663 [860e26e7-dc57-4457-b602-0c8c8602d691-groupManagement] INFO  server.RaftServerConfigKeys (ConfUtils.java:logGet(46)) - raft.server.log.preallocated.size = 16384 (custom)
2023-07-05 13:44:02,663 [860e26e7-dc57-4457-b602-0c8c8602d691-groupManagement] INFO  server.RaftServerConfigKeys (ConfUtils.java:logGet(46)) - raft.server.log.force.sync.num = 128 (default)
2023-07-05 13:44:02,663 [EventQueue-OpenPipelineForHealthyPipelineSafeModeRule] INFO  safemode.SCMSafeModeManager (HealthyPipelineSafeModeRule.java:process(137)) - SCM in safe mode. Healthy pipelines reported count is 0, required healthy pipeline reported count is 1
2023-07-05 13:44:02,663 [860e26e7-dc57-4457-b602-0c8c8602d691-groupManagement] INFO  server.RaftServerConfigKeys (ConfUtils.java:logGet(46)) - raft.server.log.statemachine.data.sync = true (default)
2023-07-05 13:44:02,663 [860e26e7-dc57-4457-b602-0c8c8602d691-groupManagement] INFO  server.RaftServerConfigKeys (ConfUtils.java:logGet(46)) - raft.server.log.statemachine.data.sync.timeout = 10s (default)
2023-07-05 13:44:02,663 [860e26e7-dc57-4457-b602-0c8c8602d691-groupManagement] INFO  server.RaftServerConfigKeys (ConfUtils.java:logGet(46)) - raft.server.log.statemachine.data.sync.timeout.retry = -1 (default)
2023-07-05 13:44:02,663 [860e26e7-dc57-4457-b602-0c8c8602d691-groupManagement] INFO  server.RaftServerConfigKeys (ConfUtils.java:logGet(46)) - raft.server.log.write.buffer.size = 1048576 (custom)
2023-07-05 13:44:02,664 [860e26e7-dc57-4457-b602-0c8c8602d691-groupManagement] INFO  server.RaftServerConfigKeys (ConfUtils.java:logGet(46)) - raft.server.log.appender.buffer.byte-limit = 33554432 (custom)
2023-07-05 13:44:02,670 [860e26e7-dc57-4457-b602-0c8c8602d691-groupManagement] INFO  server.RaftServerConfigKeys (ConfUtils.java:logGet(46)) - raft.server.log.unsafe-flush.enabled = false (default)
2023-07-05 13:44:02,670 [860e26e7-dc57-4457-b602-0c8c8602d691-groupManagement] INFO  server.RaftServerConfigKeys (ConfUtils.java:logGet(46)) - raft.server.log.async-flush.enabled = false (default)
2023-07-05 13:44:02,670 [860e26e7-dc57-4457-b602-0c8c8602d691-groupManagement] INFO  server.RaftServerConfigKeys (ConfUtils.java:logGet(46)) - raft.server.log.statemachine.data.caching.enabled = true (custom)
2023-07-05 13:44:02,670 [860e26e7-dc57-4457-b602-0c8c8602d691-groupManagement] INFO  segmented.SegmentedRaftLogWorker (SegmentedRaftLogWorker.java:lambda$new$0(135)) - 860e26e7-dc57-4457-b602-0c8c8602d691@group-45307D472E0E-SegmentedRaftLogWorker: flushIndex: setUnconditionally 0 -> -1
2023-07-05 13:44:02,670 [860e26e7-dc57-4457-b602-0c8c8602d691-groupManagement] INFO  segmented.SegmentedRaftLogWorker (SegmentedRaftLogWorker.java:lambda$new$0(135)) - 860e26e7-dc57-4457-b602-0c8c8602d691@group-45307D472E0E-SegmentedRaftLogWorker: safeCacheEvictIndex: setUnconditionally 0 -> -1
2023-07-05 13:44:02,670 [860e26e7-dc57-4457-b602-0c8c8602d691-groupManagement] INFO  server.RaftServer$Division (RaftServerImpl.java:start(342)) - 860e26e7-dc57-4457-b602-0c8c8602d691@group-45307D472E0E: start as a follower, conf=-1: peers:[860e26e7-dc57-4457-b602-0c8c8602d691|rpc:10.1.0.13:15191|admin:10.1.0.13:15190|client:10.1.0.13:15189|dataStream:10.1.0.13:15192|priority:1|startupRole:FOLLOWER]|listeners:[], old=null
2023-07-05 13:44:02,670 [860e26e7-dc57-4457-b602-0c8c8602d691-groupManagement] INFO  server.RaftServer$Division (RaftServerImpl.java:setRole(329)) - 860e26e7-dc57-4457-b602-0c8c8602d691@group-45307D472E0E: changes role from      null to FOLLOWER at term 0 for startAsFollower
2023-07-05 13:44:02,671 [860e26e7-dc57-4457-b602-0c8c8602d691-groupManagement] INFO  impl.RoleInfo (RoleInfo.java:updateAndGet(139)) - 860e26e7-dc57-4457-b602-0c8c8602d691: start 860e26e7-dc57-4457-b602-0c8c8602d691@group-45307D472E0E-FollowerState
2023-07-05 13:44:02,671 [860e26e7-dc57-4457-b602-0c8c8602d691-groupManagement] INFO  util.JmxRegister (JmxRegister.java:tryRegister(44)) - Successfully registered JMX Bean with object name Ratis:service=RaftServer,group=group-45307D472E0E,id=860e26e7-dc57-4457-b602-0c8c8602d691
2023-07-05 13:44:02,671 [860e26e7-dc57-4457-b602-0c8c8602d691-groupManagement] INFO  server.RaftServerConfigKeys (ConfUtils.java:logGet(46)) - raft.server.snapshot.auto.trigger.enabled = true (custom)
2023-07-05 13:44:02,671 [860e26e7-dc57-4457-b602-0c8c8602d691-groupManagement] INFO  server.RaftServerConfigKeys (ConfUtils.java:logGet(46)) - raft.server.snapshot.auto.trigger.threshold = 10000 (custom)
2023-07-05 13:44:02,671 [860e26e7-dc57-4457-b602-0c8c8602d691-groupManagement] INFO  server.RaftServerConfigKeys (ConfUtils.java:logGet(46)) - raft.server.snapshot.retention.file.num = 5 (custom)
2023-07-05 13:44:02,671 [860e26e7-dc57-4457-b602-0c8c8602d691-groupManagement] INFO  server.RaftServerConfigKeys (ConfUtils.java:logGet(46)) - raft.server.log.purge.upto.snapshot.index = false (default)
2023-07-05 13:44:02,672 [860e26e7-dc57-4457-b602-0c8c8602d691@group-45307D472E0E-FollowerState] INFO  server.RaftServerConfigKeys (ConfUtils.java:logFallback(53)) - raft.server.rpc.first-election.timeout.min = 5s (fallback to raft.server.rpc.timeout.min)
2023-07-05 13:44:02,672 [860e26e7-dc57-4457-b602-0c8c8602d691@group-45307D472E0E-FollowerState] INFO  server.RaftServerConfigKeys (ConfUtils.java:logFallback(53)) - raft.server.rpc.first-election.timeout.max = 5200ms (fallback to raft.server.rpc.timeout.max)
2023-07-05 13:44:02,672 [PipelineCommandHandlerThread-0] INFO  ratis.XceiverServerRatis (XceiverServerRatis.java:addGroup(804)) - Created group PipelineID=44bae637-6859-4aa0-b5ca-45307d472e0e
2023-07-05 13:44:02,672 [PipelineCommandHandlerThread-0] INFO  commandhandler.CreatePipelineCommandHandler (CreatePipelineCommandHandler.java:lambda$handle$2(124)) - Created Pipeline RATIS ONE PipelineID=44bae637-6859-4aa0-b5ca-45307d472e0e.
2023-07-05 13:44:02,953 [PipelineCommandHandlerThread-0] INFO  server.RaftServer (RaftServerProxy.java:addNew(98)) - b5cb5029-fdf1-4728-9c16-344453faf343: addNew group-F259C1EA7085:[b5cb5029-fdf1-4728-9c16-344453faf343|rpc:10.1.0.13:15200|admin:10.1.0.13:15199|client:10.1.0.13:15198|dataStream:10.1.0.13:15201|priority:1|startupRole:FOLLOWER] returns group-F259C1EA7085:java.util.concurrent.CompletableFuture@7a2e9c76[Not completed]
2023-07-05 13:44:02,955 [b5cb5029-fdf1-4728-9c16-344453faf343-groupManagement] INFO  server.RaftServer$Division (RaftServerImpl.java:<init>(198)) - b5cb5029-fdf1-4728-9c16-344453faf343: new RaftServerImpl for group-F259C1EA7085:[b5cb5029-fdf1-4728-9c16-344453faf343|rpc:10.1.0.13:15200|admin:10.1.0.13:15199|client:10.1.0.13:15198|dataStream:10.1.0.13:15201|priority:1|startupRole:FOLLOWER] with ContainerStateMachine:uninitialized
2023-07-05 13:44:02,955 [b5cb5029-fdf1-4728-9c16-344453faf343-groupManagement] INFO  server.RaftServerConfigKeys (ConfUtils.java:logGet(46)) - raft.server.rpc.timeout.min = 5s (custom)
2023-07-05 13:44:02,955 [b5cb5029-fdf1-4728-9c16-344453faf343-groupManagement] INFO  server.RaftServerConfigKeys (ConfUtils.java:logGet(46)) - raft.server.rpc.timeout.max = 5200ms (custom)
2023-07-05 13:44:02,956 [b5cb5029-fdf1-4728-9c16-344453faf343-groupManagement] INFO  server.RaftServerConfigKeys (ConfUtils.java:logGet(46)) - raft.server.rpc.sleep.time = 25ms (default)
2023-07-05 13:44:02,956 [b5cb5029-fdf1-4728-9c16-344453faf343-groupManagement] INFO  server.RaftServerConfigKeys (ConfUtils.java:logGet(46)) - raft.server.rpc.slowness.timeout = 300s (custom)
2023-07-05 13:44:02,956 [b5cb5029-fdf1-4728-9c16-344453faf343-groupManagement] INFO  server.RaftServerConfigKeys (ConfUtils.java:logGet(46)) - raft.server.leaderelection.leader.step-down.wait-time = 10s (default)
2023-07-05 13:44:02,956 [b5cb5029-fdf1-4728-9c16-344453faf343-groupManagement] INFO  server.RaftServerConfigKeys (ConfUtils.java:logGet(46)) - raft.server.sleep.deviation.threshold = 300ms (default)
2023-07-05 13:44:02,956 [b5cb5029-fdf1-4728-9c16-344453faf343-groupManagement] INFO  server.RaftServer$Division (ServerState.java:<init>(120)) - b5cb5029-fdf1-4728-9c16-344453faf343@group-F259C1EA7085: ConfigurationManager, init=-1: peers:[b5cb5029-fdf1-4728-9c16-344453faf343|rpc:10.1.0.13:15200|admin:10.1.0.13:15199|client:10.1.0.13:15198|dataStream:10.1.0.13:15201|priority:1|startupRole:FOLLOWER]|listeners:[], old=null, confs=<EMPTY_MAP>
2023-07-05 13:44:02,956 [b5cb5029-fdf1-4728-9c16-344453faf343-groupManagement] INFO  server.RaftServerConfigKeys (ConfUtils.java:logGet(46)) - raft.server.storage.dir = [/home/runner/work/ozone/ozone/hadoop-ozone/integration-test/target/test-dir/MiniOzoneClusterImpl-de398c68-44fd-4973-9846-b14d0f209e8c/datanode-3/data/ratis] (custom)
2023-07-05 13:44:02,956 [b5cb5029-fdf1-4728-9c16-344453faf343-groupManagement] INFO  server.RaftServerConfigKeys (ConfUtils.java:logGet(46)) - raft.server.log.corruption.policy = EXCEPTION (default)
2023-07-05 13:44:02,956 [b5cb5029-fdf1-4728-9c16-344453faf343-groupManagement] INFO  server.RaftServerConfigKeys (ConfUtils.java:logGet(46)) - raft.server.storage.free-space.min = 0MB (=0) (default)
2023-07-05 13:44:02,957 [b5cb5029-fdf1-4728-9c16-344453faf343-groupManagement] INFO  server.RaftServerConfigKeys (ConfUtils.java:logGet(46)) - raft.server.notification.no-leader.timeout = 300s (custom)
2023-07-05 13:44:02,957 [b5cb5029-fdf1-4728-9c16-344453faf343-groupManagement] INFO  server.RaftServerConfigKeys (ConfUtils.java:logGet(46)) - raft.server.read.timeout = 10s (default)
2023-07-05 13:44:02,957 [b5cb5029-fdf1-4728-9c16-344453faf343-groupManagement] INFO  server.RaftServerConfigKeys (ConfUtils.java:logGet(46)) - raft.server.retrycache.expirytime = 600000ms (custom)
2023-07-05 13:44:02,957 [b5cb5029-fdf1-4728-9c16-344453faf343-groupManagement] INFO  server.RaftServerConfigKeys (ConfUtils.java:logGet(46)) - raft.server.retrycache.statistics.expirytime = 100μs (default)
2023-07-05 13:44:02,957 [b5cb5029-fdf1-4728-9c16-344453faf343-groupManagement] INFO  server.RaftServerConfigKeys (ConfUtils.java:logGet(46)) - raft.server.read.option = DEFAULT (default)
2023-07-05 13:44:02,958 [b5cb5029-fdf1-4728-9c16-344453faf343-groupManagement] INFO  server.RaftServerConfigKeys (ConfUtils.java:logGet(46)) - raft.server.rpc.request.timeout = 60s (custom)
2023-07-05 13:44:02,958 [b5cb5029-fdf1-4728-9c16-344453faf343-groupManagement] INFO  server.RaftServerConfigKeys (ConfUtils.java:logGet(46)) - raft.server.log.appender.install.snapshot.enabled = false (custom)
2023-07-05 13:44:02,958 [b5cb5029-fdf1-4728-9c16-344453faf343-groupManagement] INFO  server.RaftServerConfigKeys (ConfUtils.java:logGet(46)) - raft.server.threadpool.server.cached = true (default)
2023-07-05 13:44:02,958 [b5cb5029-fdf1-4728-9c16-344453faf343-groupManagement] INFO  server.RaftServerConfigKeys (ConfUtils.java:logGet(46)) - raft.server.threadpool.server.size = 0 (default)
2023-07-05 13:44:02,958 [b5cb5029-fdf1-4728-9c16-344453faf343-groupManagement] INFO  server.RaftServerConfigKeys (ConfUtils.java:logGet(46)) - raft.server.threadpool.client.cached = true (default)
2023-07-05 13:44:02,958 [b5cb5029-fdf1-4728-9c16-344453faf343-groupManagement] INFO  server.RaftServerConfigKeys (ConfUtils.java:logGet(46)) - raft.server.threadpool.client.size = 0 (default)
2023-07-05 13:44:02,959 [b5cb5029-fdf1-4728-9c16-344453faf343-groupManagement] INFO  storage.RaftStorageDirectory (RaftStorageDirectoryImpl.java:analyzeStorage(137)) - The storage directory /home/runner/work/ozone/ozone/hadoop-ozone/integration-test/target/test-dir/MiniOzoneClusterImpl-de398c68-44fd-4973-9846-b14d0f209e8c/datanode-3/data/ratis/6801cd64-e769-4e7e-8286-f259c1ea7085 does not exist. Creating ...
2023-07-05 13:44:02,960 [b5cb5029-fdf1-4728-9c16-344453faf343-groupManagement] INFO  storage.RaftStorageDirectory (RaftStorageDirectoryImpl.java:tryLock(231)) - Lock on /home/runner/work/ozone/ozone/hadoop-ozone/integration-test/target/test-dir/MiniOzoneClusterImpl-de398c68-44fd-4973-9846-b14d0f209e8c/datanode-3/data/ratis/6801cd64-e769-4e7e-8286-f259c1ea7085/in_use.lock acquired by nodename 25537@fv-az264-29
2023-07-05 13:44:02,962 [b5cb5029-fdf1-4728-9c16-344453faf343-groupManagement] INFO  storage.RaftStorage (RaftStorageImpl.java:format(96)) - Storage directory /home/runner/work/ozone/ozone/hadoop-ozone/integration-test/target/test-dir/MiniOzoneClusterImpl-de398c68-44fd-4973-9846-b14d0f209e8c/datanode-3/data/ratis/6801cd64-e769-4e7e-8286-f259c1ea7085 has been successfully formatted.
2023-07-05 13:44:02,964 [b5cb5029-fdf1-4728-9c16-344453faf343-groupManagement] INFO  ratis.ContainerStateMachine (ContainerStateMachine.java:loadSnapshot(262)) - group-F259C1EA7085: The snapshot info is null. Setting the last applied indexto:(t:0, i:~)
2023-07-05 13:44:02,964 [b5cb5029-fdf1-4728-9c16-344453faf343-groupManagement] INFO  server.RaftServerConfigKeys (ConfUtils.java:logGet(46)) - raft.server.log.use.memory = false (default)
2023-07-05 13:44:02,964 [b5cb5029-fdf1-4728-9c16-344453faf343-groupManagement] INFO  server.RaftServerConfigKeys (ConfUtils.java:logGet(46)) - raft.server.log.purge.gap = 1000000 (custom)
2023-07-05 13:44:02,964 [b5cb5029-fdf1-4728-9c16-344453faf343-groupManagement] INFO  server.RaftServerConfigKeys (ConfUtils.java:logGet(46)) - raft.server.log.appender.buffer.byte-limit = 33554432 (custom)
2023-07-05 13:44:02,964 [b5cb5029-fdf1-4728-9c16-344453faf343-groupManagement] INFO  server.RaftServerConfigKeys (ConfUtils.java:logGet(46)) - raft.server.log.statemachine.data.read.timeout = 1000ms (default)
2023-07-05 13:44:02,964 [b5cb5029-fdf1-4728-9c16-344453faf343-groupManagement] INFO  server.RaftServerConfigKeys (ConfUtils.java:logGet(46)) - raft.server.log.purge.preservation.log.num = 0 (default)
2023-07-05 13:44:02,965 [b5cb5029-fdf1-4728-9c16-344453faf343-groupManagement] INFO  server.RaftServerConfigKeys (ConfUtils.java:logGet(46)) - raft.server.log.segment.size.max = 1048576 (custom)
2023-07-05 13:44:02,965 [b5cb5029-fdf1-4728-9c16-344453faf343-groupManagement] INFO  server.RaftServerConfigKeys (ConfUtils.java:logGet(46)) - raft.server.log.segment.cache.num.max = 2 (custom)
2023-07-05 13:44:02,965 [b5cb5029-fdf1-4728-9c16-344453faf343-groupManagement] INFO  server.RaftServerConfigKeys (ConfUtils.java:logGet(46)) - raft.server.log.segment.cache.size.max = 200MB (=209715200) (default)
2023-07-05 13:44:02,965 [b5cb5029-fdf1-4728-9c16-344453faf343-groupManagement] INFO  server.RaftServerConfigKeys (ConfUtils.java:logGet(46)) - raft.server.log.appender.buffer.byte-limit = 33554432 (custom)
2023-07-05 13:44:02,965 [b5cb5029-fdf1-4728-9c16-344453faf343-groupManagement] INFO  segmented.SegmentedRaftLogWorker (SegmentedRaftLogWorker.java:<init>(188)) - new b5cb5029-fdf1-4728-9c16-344453faf343@group-F259C1EA7085-SegmentedRaftLogWorker for RaftStorageImpl:Storage Directory /home/runner/work/ozone/ozone/hadoop-ozone/integration-test/target/test-dir/MiniOzoneClusterImpl-de398c68-44fd-4973-9846-b14d0f209e8c/datanode-3/data/ratis/6801cd64-e769-4e7e-8286-f259c1ea7085
2023-07-05 13:44:02,965 [b5cb5029-fdf1-4728-9c16-344453faf343-groupManagement] INFO  server.RaftServerConfigKeys (ConfUtils.java:logGet(46)) - raft.server.log.queue.byte-limit = 4294967296 (custom)
2023-07-05 13:44:02,965 [b5cb5029-fdf1-4728-9c16-344453faf343-groupManagement] INFO  server.RaftServerConfigKeys (ConfUtils.java:logGet(46)) - raft.server.log.queue.element-limit = 1024 (custom)
2023-07-05 13:44:02,965 [b5cb5029-fdf1-4728-9c16-344453faf343-groupManagement] INFO  server.RaftServerConfigKeys (ConfUtils.java:logGet(46)) - raft.server.log.segment.size.max = 1048576 (custom)
2023-07-05 13:44:02,965 [b5cb5029-fdf1-4728-9c16-344453faf343-groupManagement] INFO  server.RaftServerConfigKeys (ConfUtils.java:logGet(46)) - raft.server.log.preallocated.size = 16384 (custom)
2023-07-05 13:44:02,965 [b5cb5029-fdf1-4728-9c16-344453faf343-groupManagement] INFO  server.RaftServerConfigKeys (ConfUtils.java:logGet(46)) - raft.server.log.force.sync.num = 128 (default)
2023-07-05 13:44:02,965 [b5cb5029-fdf1-4728-9c16-344453faf343-groupManagement] INFO  server.RaftServerConfigKeys (ConfUtils.java:logGet(46)) - raft.server.log.statemachine.data.sync = true (default)
2023-07-05 13:44:02,965 [b5cb5029-fdf1-4728-9c16-344453faf343-groupManagement] INFO  server.RaftServerConfigKeys (ConfUtils.java:logGet(46)) - raft.server.log.statemachine.data.sync.timeout = 10s (default)
2023-07-05 13:44:02,965 [b5cb5029-fdf1-4728-9c16-344453faf343-groupManagement] INFO  server.RaftServerConfigKeys (ConfUtils.java:logGet(46)) - raft.server.log.statemachine.data.sync.timeout.retry = -1 (default)
2023-07-05 13:44:02,966 [EventQueue-PipelineReportForPipelineReportHandler] INFO  pipeline.PipelineReportHandler (PipelineReportHandler.java:processPipelineReport(136)) - Opened pipeline PipelineID=6801cd64-e769-4e7e-8286-f259c1ea7085
2023-07-05 13:44:02,966 [EventQueue-OpenPipelineForHealthyPipelineSafeModeRule] INFO  safemode.SCMSafeModeManager (HealthyPipelineSafeModeRule.java:process(137)) - SCM in safe mode. Healthy pipelines reported count is 0, required healthy pipeline reported count is 1
2023-07-05 13:44:02,966 [b5cb5029-fdf1-4728-9c16-344453faf343-groupManagement] INFO  server.RaftServerConfigKeys (ConfUtils.java:logGet(46)) - raft.server.log.write.buffer.size = 1048576 (custom)
2023-07-05 13:44:02,967 [b5cb5029-fdf1-4728-9c16-344453faf343-groupManagement] INFO  server.RaftServerConfigKeys (ConfUtils.java:logGet(46)) - raft.server.log.appender.buffer.byte-limit = 33554432 (custom)
2023-07-05 13:44:02,972 [b5cb5029-fdf1-4728-9c16-344453faf343-groupManagement] INFO  server.RaftServerConfigKeys (ConfUtils.java:logGet(46)) - raft.server.log.unsafe-flush.enabled = false (default)
2023-07-05 13:44:02,973 [b5cb5029-fdf1-4728-9c16-344453faf343-groupManagement] INFO  server.RaftServerConfigKeys (ConfUtils.java:logGet(46)) - raft.server.log.async-flush.enabled = false (default)
2023-07-05 13:44:02,973 [b5cb5029-fdf1-4728-9c16-344453faf343-groupManagement] INFO  server.RaftServerConfigKeys (ConfUtils.java:logGet(46)) - raft.server.log.statemachine.data.caching.enabled = true (custom)
2023-07-05 13:44:02,973 [b5cb5029-fdf1-4728-9c16-344453faf343-groupManagement] INFO  segmented.SegmentedRaftLogWorker (SegmentedRaftLogWorker.java:lambda$new$0(135)) - b5cb5029-fdf1-4728-9c16-344453faf343@group-F259C1EA7085-SegmentedRaftLogWorker: flushIndex: setUnconditionally 0 -> -1
2023-07-05 13:44:02,973 [b5cb5029-fdf1-4728-9c16-344453faf343-groupManagement] INFO  segmented.SegmentedRaftLogWorker (SegmentedRaftLogWorker.java:lambda$new$0(135)) - b5cb5029-fdf1-4728-9c16-344453faf343@group-F259C1EA7085-SegmentedRaftLogWorker: safeCacheEvictIndex: setUnconditionally 0 -> -1
2023-07-05 13:44:02,973 [b5cb5029-fdf1-4728-9c16-344453faf343-groupManagement] INFO  server.RaftServer$Division (RaftServerImpl.java:start(342)) - b5cb5029-fdf1-4728-9c16-344453faf343@group-F259C1EA7085: start as a follower, conf=-1: peers:[b5cb5029-fdf1-4728-9c16-344453faf343|rpc:10.1.0.13:15200|admin:10.1.0.13:15199|client:10.1.0.13:15198|dataStream:10.1.0.13:15201|priority:1|startupRole:FOLLOWER]|listeners:[], old=null
2023-07-05 13:44:02,973 [b5cb5029-fdf1-4728-9c16-344453faf343-groupManagement] INFO  server.RaftServer$Division (RaftServerImpl.java:setRole(329)) - b5cb5029-fdf1-4728-9c16-344453faf343@group-F259C1EA7085: changes role from      null to FOLLOWER at term 0 for startAsFollower
2023-07-05 13:44:02,973 [b5cb5029-fdf1-4728-9c16-344453faf343-groupManagement] INFO  impl.RoleInfo (RoleInfo.java:updateAndGet(139)) - b5cb5029-fdf1-4728-9c16-344453faf343: start b5cb5029-fdf1-4728-9c16-344453faf343@group-F259C1EA7085-FollowerState
2023-07-05 13:44:02,984 [b5cb5029-fdf1-4728-9c16-344453faf343-groupManagement] INFO  util.JmxRegister (JmxRegister.java:tryRegister(44)) - Successfully registered JMX Bean with object name Ratis:service=RaftServer,group=group-F259C1EA7085,id=b5cb5029-fdf1-4728-9c16-344453faf343
2023-07-05 13:44:02,984 [b5cb5029-fdf1-4728-9c16-344453faf343-groupManagement] INFO  server.RaftServerConfigKeys (ConfUtils.java:logGet(46)) - raft.server.snapshot.auto.trigger.enabled = true (custom)
2023-07-05 13:44:02,984 [b5cb5029-fdf1-4728-9c16-344453faf343-groupManagement] INFO  server.RaftServerConfigKeys (ConfUtils.java:logGet(46)) - raft.server.snapshot.auto.trigger.threshold = 10000 (custom)
2023-07-05 13:44:02,984 [b5cb5029-fdf1-4728-9c16-344453faf343-groupManagement] INFO  server.RaftServerConfigKeys (ConfUtils.java:logGet(46)) - raft.server.snapshot.retention.file.num = 5 (custom)
2023-07-05 13:44:02,984 [b5cb5029-fdf1-4728-9c16-344453faf343-groupManagement] INFO  server.RaftServerConfigKeys (ConfUtils.java:logGet(46)) - raft.server.log.purge.upto.snapshot.index = false (default)
2023-07-05 13:44:02,984 [b5cb5029-fdf1-4728-9c16-344453faf343@group-F259C1EA7085-FollowerState] INFO  server.RaftServerConfigKeys (ConfUtils.java:logFallback(53)) - raft.server.rpc.first-election.timeout.min = 5s (fallback to raft.server.rpc.timeout.min)
2023-07-05 13:44:02,985 [b5cb5029-fdf1-4728-9c16-344453faf343@group-F259C1EA7085-FollowerState] INFO  server.RaftServerConfigKeys (ConfUtils.java:logFallback(53)) - raft.server.rpc.first-election.timeout.max = 5200ms (fallback to raft.server.rpc.timeout.max)
2023-07-05 13:44:02,987 [PipelineCommandHandlerThread-0] INFO  ratis.XceiverServerRatis (XceiverServerRatis.java:addGroup(804)) - Created group PipelineID=6801cd64-e769-4e7e-8286-f259c1ea7085
2023-07-05 13:44:02,987 [PipelineCommandHandlerThread-0] INFO  commandhandler.CreatePipelineCommandHandler (CreatePipelineCommandHandler.java:lambda$handle$2(124)) - Created Pipeline RATIS ONE PipelineID=6801cd64-e769-4e7e-8286-f259c1ea7085.
2023-07-05 13:44:03,278 [Time-limited test] INFO  ozone.MiniOzoneClusterImpl (MiniOzoneClusterImpl.java:lambda$waitForClusterToBeReady$0(224)) - Nodes are ready. Got 5 of 5 DN Heartbeats.
2023-07-05 13:44:03,278 [Time-limited test] INFO  ozone.MiniOzoneClusterImpl (MiniOzoneClusterImpl.java:lambda$waitForClusterToBeReady$0(227)) - Waiting for cluster to exit safe mode
2023-07-05 13:44:03,278 [Time-limited test] INFO  ozone.MiniOzoneClusterImpl (MiniOzoneClusterImpl.java:lambda$waitForClusterToBeReady$0(229)) - SCM became leader
2023-07-05 13:44:03,279 [PipelineCommandHandlerThread-0] INFO  server.RaftServer (RaftServerProxy.java:addNew(98)) - 4b44d0b2-60c3-4e8b-a338-1aeff42e189f: addNew group-998925913144:[4b44d0b2-60c3-4e8b-a338-1aeff42e189f|rpc:10.1.0.13:15209|admin:10.1.0.13:15208|client:10.1.0.13:15207|dataStream:10.1.0.13:15210|priority:1|startupRole:FOLLOWER] returns group-998925913144:java.util.concurrent.CompletableFuture@601ad6d4[Not completed]
2023-07-05 13:44:03,280 [4b44d0b2-60c3-4e8b-a338-1aeff42e189f-groupManagement] INFO  server.RaftServer$Division (RaftServerImpl.java:<init>(198)) - 4b44d0b2-60c3-4e8b-a338-1aeff42e189f: new RaftServerImpl for group-998925913144:[4b44d0b2-60c3-4e8b-a338-1aeff42e189f|rpc:10.1.0.13:15209|admin:10.1.0.13:15208|client:10.1.0.13:15207|dataStream:10.1.0.13:15210|priority:1|startupRole:FOLLOWER] with ContainerStateMachine:uninitialized
2023-07-05 13:44:03,280 [4b44d0b2-60c3-4e8b-a338-1aeff42e189f-groupManagement] INFO  server.RaftServerConfigKeys (ConfUtils.java:logGet(46)) - raft.server.rpc.timeout.min = 5s (custom)
2023-07-05 13:44:03,280 [4b44d0b2-60c3-4e8b-a338-1aeff42e189f-groupManagement] INFO  server.RaftServerConfigKeys (ConfUtils.java:logGet(46)) - raft.server.rpc.timeout.max = 5200ms (custom)
2023-07-05 13:44:03,280 [4b44d0b2-60c3-4e8b-a338-1aeff42e189f-groupManagement] INFO  server.RaftServerConfigKeys (ConfUtils.java:logGet(46)) - raft.server.rpc.sleep.time = 25ms (default)
2023-07-05 13:44:03,280 [4b44d0b2-60c3-4e8b-a338-1aeff42e189f-groupManagement] INFO  server.RaftServerConfigKeys (ConfUtils.java:logGet(46)) - raft.server.rpc.slowness.timeout = 300s (custom)
2023-07-05 13:44:03,280 [4b44d0b2-60c3-4e8b-a338-1aeff42e189f-groupManagement] INFO  server.RaftServerConfigKeys (ConfUtils.java:logGet(46)) - raft.server.leaderelection.leader.step-down.wait-time = 10s (default)
2023-07-05 13:44:03,280 [4b44d0b2-60c3-4e8b-a338-1aeff42e189f-groupManagement] INFO  server.RaftServerConfigKeys (ConfUtils.java:logGet(46)) - raft.server.sleep.deviation.threshold = 300ms (default)
2023-07-05 13:44:03,280 [4b44d0b2-60c3-4e8b-a338-1aeff42e189f-groupManagement] INFO  server.RaftServer$Division (ServerState.java:<init>(120)) - 4b44d0b2-60c3-4e8b-a338-1aeff42e189f@group-998925913144: ConfigurationManager, init=-1: peers:[4b44d0b2-60c3-4e8b-a338-1aeff42e189f|rpc:10.1.0.13:15209|admin:10.1.0.13:15208|client:10.1.0.13:15207|dataStream:10.1.0.13:15210|priority:1|startupRole:FOLLOWER]|listeners:[], old=null, confs=<EMPTY_MAP>
2023-07-05 13:44:03,280 [4b44d0b2-60c3-4e8b-a338-1aeff42e189f-groupManagement] INFO  server.RaftServerConfigKeys (ConfUtils.java:logGet(46)) - raft.server.storage.dir = [/home/runner/work/ozone/ozone/hadoop-ozone/integration-test/target/test-dir/MiniOzoneClusterImpl-de398c68-44fd-4973-9846-b14d0f209e8c/datanode-4/data/ratis] (custom)
2023-07-05 13:44:03,280 [4b44d0b2-60c3-4e8b-a338-1aeff42e189f-groupManagement] INFO  server.RaftServerConfigKeys (ConfUtils.java:logGet(46)) - raft.server.log.corruption.policy = EXCEPTION (default)
2023-07-05 13:44:03,281 [4b44d0b2-60c3-4e8b-a338-1aeff42e189f-groupManagement] INFO  server.RaftServerConfigKeys (ConfUtils.java:logGet(46)) - raft.server.storage.free-space.min = 0MB (=0) (default)
2023-07-05 13:44:03,281 [4b44d0b2-60c3-4e8b-a338-1aeff42e189f-groupManagement] INFO  server.RaftServerConfigKeys (ConfUtils.java:logGet(46)) - raft.server.notification.no-leader.timeout = 300s (custom)
2023-07-05 13:44:03,281 [4b44d0b2-60c3-4e8b-a338-1aeff42e189f-groupManagement] INFO  server.RaftServerConfigKeys (ConfUtils.java:logGet(46)) - raft.server.read.timeout = 10s (default)
2023-07-05 13:44:03,281 [4b44d0b2-60c3-4e8b-a338-1aeff42e189f-groupManagement] INFO  server.RaftServerConfigKeys (ConfUtils.java:logGet(46)) - raft.server.retrycache.expirytime = 600000ms (custom)
2023-07-05 13:44:03,281 [4b44d0b2-60c3-4e8b-a338-1aeff42e189f-groupManagement] INFO  server.RaftServerConfigKeys (ConfUtils.java:logGet(46)) - raft.server.retrycache.statistics.expirytime = 100μs (default)
2023-07-05 13:44:03,281 [4b44d0b2-60c3-4e8b-a338-1aeff42e189f-groupManagement] INFO  server.RaftServerConfigKeys (ConfUtils.java:logGet(46)) - raft.server.read.option = DEFAULT (default)
2023-07-05 13:44:03,282 [4b44d0b2-60c3-4e8b-a338-1aeff42e189f-groupManagement] INFO  server.RaftServerConfigKeys (ConfUtils.java:logGet(46)) - raft.server.rpc.request.timeout = 60s (custom)
2023-07-05 13:44:03,282 [4b44d0b2-60c3-4e8b-a338-1aeff42e189f-groupManagement] INFO  server.RaftServerConfigKeys (ConfUtils.java:logGet(46)) - raft.server.log.appender.install.snapshot.enabled = false (custom)
2023-07-05 13:44:03,282 [4b44d0b2-60c3-4e8b-a338-1aeff42e189f-groupManagement] INFO  server.RaftServerConfigKeys (ConfUtils.java:logGet(46)) - raft.server.threadpool.server.cached = true (default)
2023-07-05 13:44:03,282 [4b44d0b2-60c3-4e8b-a338-1aeff42e189f-groupManagement] INFO  server.RaftServerConfigKeys (ConfUtils.java:logGet(46)) - raft.server.threadpool.server.size = 0 (default)
2023-07-05 13:44:03,282 [4b44d0b2-60c3-4e8b-a338-1aeff42e189f-groupManagement] INFO  server.RaftServerConfigKeys (ConfUtils.java:logGet(46)) - raft.server.threadpool.client.cached = true (default)
2023-07-05 13:44:03,282 [4b44d0b2-60c3-4e8b-a338-1aeff42e189f-groupManagement] INFO  server.RaftServerConfigKeys (ConfUtils.java:logGet(46)) - raft.server.threadpool.client.size = 0 (default)
2023-07-05 13:44:03,282 [4b44d0b2-60c3-4e8b-a338-1aeff42e189f-groupManagement] INFO  storage.RaftStorageDirectory (RaftStorageDirectoryImpl.java:analyzeStorage(137)) - The storage directory /home/runner/work/ozone/ozone/hadoop-ozone/integration-test/target/test-dir/MiniOzoneClusterImpl-de398c68-44fd-4973-9846-b14d0f209e8c/datanode-4/data/ratis/8bbe2d00-771f-400f-9072-998925913144 does not exist. Creating ...
2023-07-05 13:44:03,284 [4b44d0b2-60c3-4e8b-a338-1aeff42e189f-groupManagement] INFO  storage.RaftStorageDirectory (RaftStorageDirectoryImpl.java:tryLock(231)) - Lock on /home/runner/work/ozone/ozone/hadoop-ozone/integration-test/target/test-dir/MiniOzoneClusterImpl-de398c68-44fd-4973-9846-b14d0f209e8c/datanode-4/data/ratis/8bbe2d00-771f-400f-9072-998925913144/in_use.lock acquired by nodename 25537@fv-az264-29
2023-07-05 13:44:03,290 [4b44d0b2-60c3-4e8b-a338-1aeff42e189f-groupManagement] INFO  storage.RaftStorage (RaftStorageImpl.java:format(96)) - Storage directory /home/runner/work/ozone/ozone/hadoop-ozone/integration-test/target/test-dir/MiniOzoneClusterImpl-de398c68-44fd-4973-9846-b14d0f209e8c/datanode-4/data/ratis/8bbe2d00-771f-400f-9072-998925913144 has been successfully formatted.
2023-07-05 13:44:03,299 [4b44d0b2-60c3-4e8b-a338-1aeff42e189f-groupManagement] INFO  ratis.ContainerStateMachine (ContainerStateMachine.java:loadSnapshot(262)) - group-998925913144: The snapshot info is null. Setting the last applied indexto:(t:0, i:~)
2023-07-05 13:44:03,301 [4b44d0b2-60c3-4e8b-a338-1aeff42e189f-groupManagement] INFO  server.RaftServerConfigKeys (ConfUtils.java:logGet(46)) - raft.server.log.use.memory = false (default)
2023-07-05 13:44:03,301 [EventQueue-PipelineReportForPipelineReportHandler] INFO  pipeline.PipelineReportHandler (PipelineReportHandler.java:processPipelineReport(136)) - Opened pipeline PipelineID=8bbe2d00-771f-400f-9072-998925913144
2023-07-05 13:44:03,301 [4b44d0b2-60c3-4e8b-a338-1aeff42e189f-groupManagement] INFO  server.RaftServerConfigKeys (ConfUtils.java:logGet(46)) - raft.server.log.purge.gap = 1000000 (custom)
2023-07-05 13:44:03,301 [EventQueue-OpenPipelineForHealthyPipelineSafeModeRule] INFO  safemode.SCMSafeModeManager (HealthyPipelineSafeModeRule.java:process(137)) - SCM in safe mode. Healthy pipelines reported count is 0, required healthy pipeline reported count is 1
2023-07-05 13:44:03,301 [4b44d0b2-60c3-4e8b-a338-1aeff42e189f-groupManagement] INFO  server.RaftServerConfigKeys (ConfUtils.java:logGet(46)) - raft.server.log.appender.buffer.byte-limit = 33554432 (custom)
2023-07-05 13:44:03,302 [4b44d0b2-60c3-4e8b-a338-1aeff42e189f-groupManagement] INFO  server.RaftServerConfigKeys (ConfUtils.java:logGet(46)) - raft.server.log.statemachine.data.read.timeout = 1000ms (default)
2023-07-05 13:44:03,302 [4b44d0b2-60c3-4e8b-a338-1aeff42e189f-groupManagement] INFO  server.RaftServerConfigKeys (ConfUtils.java:logGet(46)) - raft.server.log.purge.preservation.log.num = 0 (default)
2023-07-05 13:44:03,302 [4b44d0b2-60c3-4e8b-a338-1aeff42e189f-groupManagement] INFO  server.RaftServerConfigKeys (ConfUtils.java:logGet(46)) - raft.server.log.segment.size.max = 1048576 (custom)
2023-07-05 13:44:03,302 [4b44d0b2-60c3-4e8b-a338-1aeff42e189f-groupManagement] INFO  server.RaftServerConfigKeys (ConfUtils.java:logGet(46)) - raft.server.log.segment.cache.num.max = 2 (custom)
2023-07-05 13:44:03,302 [4b44d0b2-60c3-4e8b-a338-1aeff42e189f-groupManagement] INFO  server.RaftServerConfigKeys (ConfUtils.java:logGet(46)) - raft.server.log.segment.cache.size.max = 200MB (=209715200) (default)
2023-07-05 13:44:03,302 [4b44d0b2-60c3-4e8b-a338-1aeff42e189f-groupManagement] INFO  server.RaftServerConfigKeys (ConfUtils.java:logGet(46)) - raft.server.log.appender.buffer.byte-limit = 33554432 (custom)
2023-07-05 13:44:03,303 [4b44d0b2-60c3-4e8b-a338-1aeff42e189f-groupManagement] INFO  segmented.SegmentedRaftLogWorker (SegmentedRaftLogWorker.java:<init>(188)) - new 4b44d0b2-60c3-4e8b-a338-1aeff42e189f@group-998925913144-SegmentedRaftLogWorker for RaftStorageImpl:Storage Directory /home/runner/work/ozone/ozone/hadoop-ozone/integration-test/target/test-dir/MiniOzoneClusterImpl-de398c68-44fd-4973-9846-b14d0f209e8c/datanode-4/data/ratis/8bbe2d00-771f-400f-9072-998925913144
2023-07-05 13:44:03,303 [4b44d0b2-60c3-4e8b-a338-1aeff42e189f-groupManagement] INFO  server.RaftServerConfigKeys (ConfUtils.java:logGet(46)) - raft.server.log.queue.byte-limit = 4294967296 (custom)
2023-07-05 13:44:03,303 [4b44d0b2-60c3-4e8b-a338-1aeff42e189f-groupManagement] INFO  server.RaftServerConfigKeys (ConfUtils.java:logGet(46)) - raft.server.log.queue.element-limit = 1024 (custom)
2023-07-05 13:44:03,303 [4b44d0b2-60c3-4e8b-a338-1aeff42e189f-groupManagement] INFO  server.RaftServerConfigKeys (ConfUtils.java:logGet(46)) - raft.server.log.segment.size.max = 1048576 (custom)
2023-07-05 13:44:03,303 [4b44d0b2-60c3-4e8b-a338-1aeff42e189f-groupManagement] INFO  server.RaftServerConfigKeys (ConfUtils.java:logGet(46)) - raft.server.log.preallocated.size = 16384 (custom)
2023-07-05 13:44:03,303 [4b44d0b2-60c3-4e8b-a338-1aeff42e189f-groupManagement] INFO  server.RaftServerConfigKeys (ConfUtils.java:logGet(46)) - raft.server.log.force.sync.num = 128 (default)
2023-07-05 13:44:03,303 [4b44d0b2-60c3-4e8b-a338-1aeff42e189f-groupManagement] INFO  server.RaftServerConfigKeys (ConfUtils.java:logGet(46)) - raft.server.log.statemachine.data.sync = true (default)
2023-07-05 13:44:03,303 [4b44d0b2-60c3-4e8b-a338-1aeff42e189f-groupManagement] INFO  server.RaftServerConfigKeys (ConfUtils.java:logGet(46)) - raft.server.log.statemachine.data.sync.timeout = 10s (default)
2023-07-05 13:44:03,303 [4b44d0b2-60c3-4e8b-a338-1aeff42e189f-groupManagement] INFO  server.RaftServerConfigKeys (ConfUtils.java:logGet(46)) - raft.server.log.statemachine.data.sync.timeout.retry = -1 (default)
2023-07-05 13:44:03,303 [4b44d0b2-60c3-4e8b-a338-1aeff42e189f-groupManagement] INFO  server.RaftServerConfigKeys (ConfUtils.java:logGet(46)) - raft.server.log.write.buffer.size = 1048576 (custom)
2023-07-05 13:44:03,304 [4b44d0b2-60c3-4e8b-a338-1aeff42e189f-groupManagement] INFO  server.RaftServerConfigKeys (ConfUtils.java:logGet(46)) - raft.server.log.appender.buffer.byte-limit = 33554432 (custom)
2023-07-05 13:44:03,309 [4b44d0b2-60c3-4e8b-a338-1aeff42e189f-groupManagement] INFO  server.RaftServerConfigKeys (ConfUtils.java:logGet(46)) - raft.server.log.unsafe-flush.enabled = false (default)
2023-07-05 13:44:03,309 [4b44d0b2-60c3-4e8b-a338-1aeff42e189f-groupManagement] INFO  server.RaftServerConfigKeys (ConfUtils.java:logGet(46)) - raft.server.log.async-flush.enabled = false (default)
2023-07-05 13:44:03,309 [4b44d0b2-60c3-4e8b-a338-1aeff42e189f-groupManagement] INFO  server.RaftServerConfigKeys (ConfUtils.java:logGet(46)) - raft.server.log.statemachine.data.caching.enabled = true (custom)
2023-07-05 13:44:03,310 [4b44d0b2-60c3-4e8b-a338-1aeff42e189f-groupManagement] INFO  segmented.SegmentedRaftLogWorker (SegmentedRaftLogWorker.java:lambda$new$0(135)) - 4b44d0b2-60c3-4e8b-a338-1aeff42e189f@group-998925913144-SegmentedRaftLogWorker: flushIndex: setUnconditionally 0 -> -1
2023-07-05 13:44:03,310 [4b44d0b2-60c3-4e8b-a338-1aeff42e189f-groupManagement] INFO  segmented.SegmentedRaftLogWorker (SegmentedRaftLogWorker.java:lambda$new$0(135)) - 4b44d0b2-60c3-4e8b-a338-1aeff42e189f@group-998925913144-SegmentedRaftLogWorker: safeCacheEvictIndex: setUnconditionally 0 -> -1
2023-07-05 13:44:03,310 [4b44d0b2-60c3-4e8b-a338-1aeff42e189f-groupManagement] INFO  server.RaftServer$Division (RaftServerImpl.java:start(342)) - 4b44d0b2-60c3-4e8b-a338-1aeff42e189f@group-998925913144: start as a follower, conf=-1: peers:[4b44d0b2-60c3-4e8b-a338-1aeff42e189f|rpc:10.1.0.13:15209|admin:10.1.0.13:15208|client:10.1.0.13:15207|dataStream:10.1.0.13:15210|priority:1|startupRole:FOLLOWER]|listeners:[], old=null
2023-07-05 13:44:03,310 [4b44d0b2-60c3-4e8b-a338-1aeff42e189f-groupManagement] INFO  server.RaftServer$Division (RaftServerImpl.java:setRole(329)) - 4b44d0b2-60c3-4e8b-a338-1aeff42e189f@group-998925913144: changes role from      null to FOLLOWER at term 0 for startAsFollower
2023-07-05 13:44:03,310 [4b44d0b2-60c3-4e8b-a338-1aeff42e189f-groupManagement] INFO  impl.RoleInfo (RoleInfo.java:updateAndGet(139)) - 4b44d0b2-60c3-4e8b-a338-1aeff42e189f: start 4b44d0b2-60c3-4e8b-a338-1aeff42e189f@group-998925913144-FollowerState
2023-07-05 13:44:03,310 [4b44d0b2-60c3-4e8b-a338-1aeff42e189f-groupManagement] INFO  util.JmxRegister (JmxRegister.java:tryRegister(44)) - Successfully registered JMX Bean with object name Ratis:service=RaftServer,group=group-998925913144,id=4b44d0b2-60c3-4e8b-a338-1aeff42e189f
2023-07-05 13:44:03,310 [4b44d0b2-60c3-4e8b-a338-1aeff42e189f@group-998925913144-FollowerState] INFO  server.RaftServerConfigKeys (ConfUtils.java:logFallback(53)) - raft.server.rpc.first-election.timeout.min = 5s (fallback to raft.server.rpc.timeout.min)
2023-07-05 13:44:03,310 [4b44d0b2-60c3-4e8b-a338-1aeff42e189f-groupManagement] INFO  server.RaftServerConfigKeys (ConfUtils.java:logGet(46)) - raft.server.snapshot.auto.trigger.enabled = true (custom)
2023-07-05 13:44:03,310 [4b44d0b2-60c3-4e8b-a338-1aeff42e189f@group-998925913144-FollowerState] INFO  server.RaftServerConfigKeys (ConfUtils.java:logFallback(53)) - raft.server.rpc.first-election.timeout.max = 5200ms (fallback to raft.server.rpc.timeout.max)
2023-07-05 13:44:03,310 [4b44d0b2-60c3-4e8b-a338-1aeff42e189f-groupManagement] INFO  server.RaftServerConfigKeys (ConfUtils.java:logGet(46)) - raft.server.snapshot.auto.trigger.threshold = 10000 (custom)
2023-07-05 13:44:03,311 [4b44d0b2-60c3-4e8b-a338-1aeff42e189f-groupManagement] INFO  server.RaftServerConfigKeys (ConfUtils.java:logGet(46)) - raft.server.snapshot.retention.file.num = 5 (custom)
2023-07-05 13:44:03,311 [4b44d0b2-60c3-4e8b-a338-1aeff42e189f-groupManagement] INFO  server.RaftServerConfigKeys (ConfUtils.java:logGet(46)) - raft.server.log.purge.upto.snapshot.index = false (default)
2023-07-05 13:44:03,311 [PipelineCommandHandlerThread-0] INFO  ratis.XceiverServerRatis (XceiverServerRatis.java:addGroup(804)) - Created group PipelineID=8bbe2d00-771f-400f-9072-998925913144
2023-07-05 13:44:03,311 [PipelineCommandHandlerThread-0] INFO  commandhandler.CreatePipelineCommandHandler (CreatePipelineCommandHandler.java:lambda$handle$2(124)) - Created Pipeline RATIS ONE PipelineID=8bbe2d00-771f-400f-9072-998925913144.
2023-07-05 13:44:03,614 [ReplicationMonitor] INFO  replication.ReplicationManager (ReplicationManager.java:processAll(361)) - Replication Manager is not ready to run until 3000ms after safemode exit
2023-07-05 13:44:04,278 [Time-limited test] INFO  ozone.MiniOzoneClusterImpl (MiniOzoneClusterImpl.java:lambda$waitForClusterToBeReady$0(224)) - Nodes are ready. Got 5 of 5 DN Heartbeats.
2023-07-05 13:44:04,278 [Time-limited test] INFO  ozone.MiniOzoneClusterImpl (MiniOzoneClusterImpl.java:lambda$waitForClusterToBeReady$0(227)) - Waiting for cluster to exit safe mode
2023-07-05 13:44:04,278 [Time-limited test] INFO  ozone.MiniOzoneClusterImpl (MiniOzoneClusterImpl.java:lambda$waitForClusterToBeReady$0(229)) - SCM became leader
2023-07-05 13:44:04,614 [ReplicationMonitor] INFO  replication.ReplicationManager (ReplicationManager.java:processAll(361)) - Replication Manager is not ready to run until 3000ms after safemode exit
2023-07-05 13:44:05,278 [Time-limited test] INFO  ozone.MiniOzoneClusterImpl (MiniOzoneClusterImpl.java:lambda$waitForClusterToBeReady$0(224)) - Nodes are ready. Got 5 of 5 DN Heartbeats.
2023-07-05 13:44:05,279 [Time-limited test] INFO  ozone.MiniOzoneClusterImpl (MiniOzoneClusterImpl.java:lambda$waitForClusterToBeReady$0(227)) - Waiting for cluster to exit safe mode
2023-07-05 13:44:05,279 [Time-limited test] INFO  ozone.MiniOzoneClusterImpl (MiniOzoneClusterImpl.java:lambda$waitForClusterToBeReady$0(229)) - SCM became leader
2023-07-05 13:44:05,615 [ReplicationMonitor] INFO  replication.ReplicationManager (ReplicationManager.java:processAll(361)) - Replication Manager is not ready to run until 3000ms after safemode exit
2023-07-05 13:44:06,279 [Time-limited test] INFO  ozone.MiniOzoneClusterImpl (MiniOzoneClusterImpl.java:lambda$waitForClusterToBeReady$0(224)) - Nodes are ready. Got 5 of 5 DN Heartbeats.
2023-07-05 13:44:06,279 [Time-limited test] INFO  ozone.MiniOzoneClusterImpl (MiniOzoneClusterImpl.java:lambda$waitForClusterToBeReady$0(227)) - Waiting for cluster to exit safe mode
2023-07-05 13:44:06,279 [Time-limited test] INFO  ozone.MiniOzoneClusterImpl (MiniOzoneClusterImpl.java:lambda$waitForClusterToBeReady$0(229)) - SCM became leader
2023-07-05 13:44:06,615 [ReplicationMonitor] INFO  replication.ReplicationManager (ReplicationManager.java:processAll(361)) - Replication Manager is not ready to run until 3000ms after safemode exit
2023-07-05 13:44:07,079 [67a76afe-b765-42e9-b514-f84c102d0c02@group-39650067A008-FollowerState] INFO  impl.FollowerState (FollowerState.java:run(143)) - 67a76afe-b765-42e9-b514-f84c102d0c02@group-39650067A008-FollowerState: change to CANDIDATE, lastRpcElapsedTime:5089647784ns, electionTimeout:5089ms
2023-07-05 13:44:07,080 [67a76afe-b765-42e9-b514-f84c102d0c02@group-39650067A008-FollowerState] INFO  impl.RoleInfo (RoleInfo.java:shutdownFollowerState(110)) - 67a76afe-b765-42e9-b514-f84c102d0c02: shutdown 67a76afe-b765-42e9-b514-f84c102d0c02@group-39650067A008-FollowerState
2023-07-05 13:44:07,080 [67a76afe-b765-42e9-b514-f84c102d0c02@group-39650067A008-FollowerState] INFO  server.RaftServer$Division (RaftServerImpl.java:setRole(329)) - 67a76afe-b765-42e9-b514-f84c102d0c02@group-39650067A008: changes role from  FOLLOWER to CANDIDATE at term 0 for changeToCandidate
2023-07-05 13:44:07,080 [67a76afe-b765-42e9-b514-f84c102d0c02@group-39650067A008-FollowerState] INFO  server.RaftServerConfigKeys (ConfUtils.java:logGet(46)) - raft.server.leaderelection.pre-vote = true (default)
2023-07-05 13:44:07,080 [67a76afe-b765-42e9-b514-f84c102d0c02@group-39650067A008-FollowerState] INFO  impl.RoleInfo (RoleInfo.java:updateAndGet(139)) - 67a76afe-b765-42e9-b514-f84c102d0c02: start 67a76afe-b765-42e9-b514-f84c102d0c02@group-39650067A008-LeaderElection35
2023-07-05 13:44:07,083 [67a76afe-b765-42e9-b514-f84c102d0c02@group-39650067A008-LeaderElection35] INFO  impl.LeaderElection (LeaderElection.java:askForVotes(321)) - 67a76afe-b765-42e9-b514-f84c102d0c02@group-39650067A008-LeaderElection35 PRE_VOTE round 0: submit vote requests at term 0 for -1: peers:[67a76afe-b765-42e9-b514-f84c102d0c02|rpc:10.1.0.13:15173|admin:10.1.0.13:15172|client:10.1.0.13:15171|dataStream:10.1.0.13:15174|priority:1|startupRole:FOLLOWER]|listeners:[], old=null
2023-07-05 13:44:07,083 [67a76afe-b765-42e9-b514-f84c102d0c02@group-39650067A008-LeaderElection35] INFO  impl.LeaderElection (LeaderElection.java:askForVotes(323)) - 67a76afe-b765-42e9-b514-f84c102d0c02@group-39650067A008-LeaderElection35 PRE_VOTE round 0: result PASSED (term=0)
2023-07-05 13:44:07,085 [67a76afe-b765-42e9-b514-f84c102d0c02@group-39650067A008-LeaderElection35] INFO  impl.LeaderElection (LeaderElection.java:askForVotes(321)) - 67a76afe-b765-42e9-b514-f84c102d0c02@group-39650067A008-LeaderElection35 ELECTION round 0: submit vote requests at term 1 for -1: peers:[67a76afe-b765-42e9-b514-f84c102d0c02|rpc:10.1.0.13:15173|admin:10.1.0.13:15172|client:10.1.0.13:15171|dataStream:10.1.0.13:15174|priority:1|startupRole:FOLLOWER]|listeners:[], old=null
2023-07-05 13:44:07,085 [67a76afe-b765-42e9-b514-f84c102d0c02@group-39650067A008-LeaderElection35] INFO  impl.LeaderElection (LeaderElection.java:askForVotes(323)) - 67a76afe-b765-42e9-b514-f84c102d0c02@group-39650067A008-LeaderElection35 ELECTION round 0: result PASSED (term=1)
2023-07-05 13:44:07,085 [67a76afe-b765-42e9-b514-f84c102d0c02@group-39650067A008-LeaderElection35] INFO  impl.RoleInfo (RoleInfo.java:shutdownLeaderElection(130)) - 67a76afe-b765-42e9-b514-f84c102d0c02: shutdown 67a76afe-b765-42e9-b514-f84c102d0c02@group-39650067A008-LeaderElection35
2023-07-05 13:44:07,085 [67a76afe-b765-42e9-b514-f84c102d0c02@group-39650067A008-LeaderElection35] INFO  server.RaftServer$Division (RaftServerImpl.java:setRole(329)) - 67a76afe-b765-42e9-b514-f84c102d0c02@group-39650067A008: changes role from CANDIDATE to LEADER at term 1 for changeToLeader
2023-07-05 13:44:07,085 [67a76afe-b765-42e9-b514-f84c102d0c02@group-39650067A008-LeaderElection35] INFO  ratis.XceiverServerRatis (XceiverServerRatis.java:handleLeaderChangedNotification(902)) - Leader change notification received for group: group-39650067A008 with new leaderId: 67a76afe-b765-42e9-b514-f84c102d0c02
2023-07-05 13:44:07,085 [67a76afe-b765-42e9-b514-f84c102d0c02@group-39650067A008-LeaderElection35] INFO  server.RaftServer$Division (ServerState.java:setLeader(317)) - 67a76afe-b765-42e9-b514-f84c102d0c02@group-39650067A008: change Leader from null to 67a76afe-b765-42e9-b514-f84c102d0c02 at term 1 for becomeLeader, leader elected after 5115ms
2023-07-05 13:44:07,085 [67a76afe-b765-42e9-b514-f84c102d0c02@group-39650067A008-LeaderElection35] INFO  server.RaftServerConfigKeys (ConfUtils.java:logGet(46)) - raft.server.staging.catchup.gap = 1000 (default)
2023-07-05 13:44:07,086 [67a76afe-b765-42e9-b514-f84c102d0c02@group-39650067A008-LeaderElection35] INFO  server.RaftServerConfigKeys (ConfUtils.java:logGet(46)) - raft.server.write.element-limit = 1024 (custom)
2023-07-05 13:44:07,087 [67a76afe-b765-42e9-b514-f84c102d0c02@group-39650067A008-LeaderElection35] INFO  server.RaftServerConfigKeys (ConfUtils.java:logGet(46)) - raft.server.write.byte-limit = 1024 M (=1073741824) (custom)
2023-07-05 13:44:07,087 [67a76afe-b765-42e9-b514-f84c102d0c02@group-39650067A008-LeaderElection35] INFO  server.RaftServerConfigKeys (ConfUtils.java:logGet(46)) - raft.server.watch.timeout = 180s (custom)
2023-07-05 13:44:07,087 [67a76afe-b765-42e9-b514-f84c102d0c02@group-39650067A008-LeaderElection35] INFO  server.RaftServerConfigKeys (ConfUtils.java:logGet(46)) - raft.server.watch.timeout.denomination = 1s (default)
2023-07-05 13:44:07,087 [67a76afe-b765-42e9-b514-f84c102d0c02@group-39650067A008-LeaderElection35] INFO  server.RaftServerConfigKeys (ConfUtils.java:logGet(46)) - raft.server.watch.element-limit = 65536 (default)
2023-07-05 13:44:07,087 [67a76afe-b765-42e9-b514-f84c102d0c02@group-39650067A008-LeaderElection35] INFO  server.RaftServerConfigKeys (ConfUtils.java:logGet(46)) - raft.server.write.element-limit = 1024 (custom)
2023-07-05 13:44:07,087 [67a76afe-b765-42e9-b514-f84c102d0c02@group-39650067A008-LeaderElection35] INFO  server.RaftServerConfigKeys (ConfUtils.java:logGet(46)) - raft.server.write.follower.gap.ratio.max = -1.0 (default)
2023-07-05 13:44:07,087 [EventQueue-OpenPipelineForHealthyPipelineSafeModeRule] INFO  safemode.SCMSafeModeManager (HealthyPipelineSafeModeRule.java:process(137)) - SCM in safe mode. Healthy pipelines reported count is 0, required healthy pipeline reported count is 1
2023-07-05 13:44:07,087 [67a76afe-b765-42e9-b514-f84c102d0c02@group-39650067A008-LeaderElection35] INFO  impl.RoleInfo (RoleInfo.java:updateAndGet(139)) - 67a76afe-b765-42e9-b514-f84c102d0c02: start 67a76afe-b765-42e9-b514-f84c102d0c02@group-39650067A008-LeaderStateImpl
2023-07-05 13:44:07,087 [67a76afe-b765-42e9-b514-f84c102d0c02@group-39650067A008-LeaderElection35] INFO  segmented.SegmentedRaftLogWorker (SegmentedRaftLogWorker.java:startLogSegment(447)) - 67a76afe-b765-42e9-b514-f84c102d0c02@group-39650067A008-SegmentedRaftLogWorker: Starting segment from index:0
2023-07-05 13:44:07,090 [67a76afe-b765-42e9-b514-f84c102d0c02@group-39650067A008-LeaderElection35] INFO  server.RaftServer$Division (ServerState.java:setRaftConf(434)) - 67a76afe-b765-42e9-b514-f84c102d0c02@group-39650067A008: set configuration 0: peers:[67a76afe-b765-42e9-b514-f84c102d0c02|rpc:10.1.0.13:15173|admin:10.1.0.13:15172|client:10.1.0.13:15171|dataStream:10.1.0.13:15174|priority:1|startupRole:FOLLOWER]|listeners:[], old=null
2023-07-05 13:44:07,104 [67a76afe-b765-42e9-b514-f84c102d0c02@group-39650067A008-SegmentedRaftLogWorker] INFO  segmented.SegmentedRaftLogWorker (SegmentedRaftLogWorker.java:execute(651)) - 67a76afe-b765-42e9-b514-f84c102d0c02@group-39650067A008-SegmentedRaftLogWorker: created new log segment /home/runner/work/ozone/ozone/hadoop-ozone/integration-test/target/test-dir/MiniOzoneClusterImpl-de398c68-44fd-4973-9846-b14d0f209e8c/datanode-0/data/ratis/ac186cfc-4e52-40e8-bab1-39650067a008/current/log_inprogress_0
2023-07-05 13:44:07,151 [67a76afe-b765-42e9-b514-f84c102d0c02@group-6E6DDB135F8E-FollowerState] INFO  impl.FollowerState (FollowerState.java:run(143)) - 67a76afe-b765-42e9-b514-f84c102d0c02@group-6E6DDB135F8E-FollowerState: change to CANDIDATE, lastRpcElapsedTime:5142692255ns, electionTimeout:5142ms
2023-07-05 13:44:07,152 [67a76afe-b765-42e9-b514-f84c102d0c02@group-6E6DDB135F8E-FollowerState] INFO  impl.RoleInfo (RoleInfo.java:shutdownFollowerState(110)) - 67a76afe-b765-42e9-b514-f84c102d0c02: shutdown 67a76afe-b765-42e9-b514-f84c102d0c02@group-6E6DDB135F8E-FollowerState
2023-07-05 13:44:07,152 [67a76afe-b765-42e9-b514-f84c102d0c02@group-6E6DDB135F8E-FollowerState] INFO  server.RaftServer$Division (RaftServerImpl.java:setRole(329)) - 67a76afe-b765-42e9-b514-f84c102d0c02@group-6E6DDB135F8E: changes role from  FOLLOWER to CANDIDATE at term 0 for changeToCandidate
2023-07-05 13:44:07,152 [67a76afe-b765-42e9-b514-f84c102d0c02@group-6E6DDB135F8E-FollowerState] INFO  server.RaftServerConfigKeys (ConfUtils.java:logGet(46)) - raft.server.leaderelection.pre-vote = true (default)
2023-07-05 13:44:07,152 [67a76afe-b765-42e9-b514-f84c102d0c02@group-6E6DDB135F8E-FollowerState] INFO  impl.RoleInfo (RoleInfo.java:updateAndGet(139)) - 67a76afe-b765-42e9-b514-f84c102d0c02: start 67a76afe-b765-42e9-b514-f84c102d0c02@group-6E6DDB135F8E-LeaderElection36
2023-07-05 13:44:07,154 [67a76afe-b765-42e9-b514-f84c102d0c02@group-6E6DDB135F8E-LeaderElection36] INFO  impl.LeaderElection (LeaderElection.java:askForVotes(321)) - 67a76afe-b765-42e9-b514-f84c102d0c02@group-6E6DDB135F8E-LeaderElection36 PRE_VOTE round 0: submit vote requests at term 0 for -1: peers:[860e26e7-dc57-4457-b602-0c8c8602d691|rpc:10.1.0.13:15191|admin:10.1.0.13:15190|client:10.1.0.13:15189|dataStream:10.1.0.13:15192|priority:0|startupRole:FOLLOWER, 67a76afe-b765-42e9-b514-f84c102d0c02|rpc:10.1.0.13:15173|admin:10.1.0.13:15172|client:10.1.0.13:15171|dataStream:10.1.0.13:15174|priority:0|startupRole:FOLLOWER, e6531a31-c1d4-4472-9f40-44bc51606458|rpc:10.1.0.13:15182|admin:10.1.0.13:15181|client:10.1.0.13:15180|dataStream:10.1.0.13:15183|priority:1|startupRole:FOLLOWER]|listeners:[], old=null
2023-07-05 13:44:07,155 [67a76afe-b765-42e9-b514-f84c102d0c02@group-6E6DDB135F8E-LeaderElection36-1] INFO  server.GrpcServerProtocolClient (GrpcServerProtocolClient.java:<init>(65)) - Build channel for 860e26e7-dc57-4457-b602-0c8c8602d691
2023-07-05 13:44:07,162 [e6531a31-c1d4-4472-9f40-44bc51606458@group-6E6DDB135F8E-FollowerState] INFO  impl.FollowerState (FollowerState.java:run(143)) - e6531a31-c1d4-4472-9f40-44bc51606458@group-6E6DDB135F8E-FollowerState: change to CANDIDATE, lastRpcElapsedTime:5083818110ns, electionTimeout:5078ms
2023-07-05 13:44:07,162 [e6531a31-c1d4-4472-9f40-44bc51606458@group-6E6DDB135F8E-FollowerState] INFO  impl.RoleInfo (RoleInfo.java:shutdownFollowerState(110)) - e6531a31-c1d4-4472-9f40-44bc51606458: shutdown e6531a31-c1d4-4472-9f40-44bc51606458@group-6E6DDB135F8E-FollowerState
2023-07-05 13:44:07,162 [e6531a31-c1d4-4472-9f40-44bc51606458@group-6E6DDB135F8E-FollowerState] INFO  server.RaftServer$Division (RaftServerImpl.java:setRole(329)) - e6531a31-c1d4-4472-9f40-44bc51606458@group-6E6DDB135F8E: changes role from  FOLLOWER to CANDIDATE at term 0 for changeToCandidate
2023-07-05 13:44:07,163 [67a76afe-b765-42e9-b514-f84c102d0c02@group-6E6DDB135F8E-LeaderElection36] INFO  server.RaftServerConfigKeys (ConfUtils.java:logFallback(53)) - raft.server.rpc.first-election.timeout.min = 5s (fallback to raft.server.rpc.timeout.min)
2023-07-05 13:44:07,167 [67a76afe-b765-42e9-b514-f84c102d0c02@group-6E6DDB135F8E-LeaderElection36] INFO  server.RaftServerConfigKeys (ConfUtils.java:logFallback(53)) - raft.server.rpc.first-election.timeout.max = 5200ms (fallback to raft.server.rpc.timeout.max)
2023-07-05 13:44:07,167 [67a76afe-b765-42e9-b514-f84c102d0c02@group-6E6DDB135F8E-LeaderElection36-2] INFO  server.GrpcServerProtocolClient (GrpcServerProtocolClient.java:<init>(65)) - Build channel for e6531a31-c1d4-4472-9f40-44bc51606458
2023-07-05 13:44:07,167 [e6531a31-c1d4-4472-9f40-44bc51606458@group-6E6DDB135F8E-FollowerState] INFO  server.RaftServerConfigKeys (ConfUtils.java:logGet(46)) - raft.server.leaderelection.pre-vote = true (default)
2023-07-05 13:44:07,168 [e6531a31-c1d4-4472-9f40-44bc51606458@group-6E6DDB135F8E-FollowerState] INFO  impl.RoleInfo (RoleInfo.java:updateAndGet(139)) - e6531a31-c1d4-4472-9f40-44bc51606458: start e6531a31-c1d4-4472-9f40-44bc51606458@group-6E6DDB135F8E-LeaderElection37
2023-07-05 13:44:07,167 [grpc-default-executor-0] INFO  server.RaftServer$Division (RaftServerImpl.java:requestVote(1302)) - 860e26e7-dc57-4457-b602-0c8c8602d691@group-6E6DDB135F8E: receive requestVote(PRE_VOTE, 67a76afe-b765-42e9-b514-f84c102d0c02, group-6E6DDB135F8E, 0, (t:0, i:0))
2023-07-05 13:44:07,168 [grpc-default-executor-0] INFO  impl.VoteContext (VoteContext.java:log(49)) - 860e26e7-dc57-4457-b602-0c8c8602d691@group-6E6DDB135F8E-FOLLOWER: accept PRE_VOTE from 67a76afe-b765-42e9-b514-f84c102d0c02: our priority 0 <= candidate's priority 0
2023-07-05 13:44:07,168 [grpc-default-executor-0] INFO  server.RaftServer$Division (RaftServerImpl.java:requestVote(1335)) - 860e26e7-dc57-4457-b602-0c8c8602d691@group-6E6DDB135F8E replies to PRE_VOTE vote request: 67a76afe-b765-42e9-b514-f84c102d0c02<-860e26e7-dc57-4457-b602-0c8c8602d691#0:OK-t0. Peer's state: 860e26e7-dc57-4457-b602-0c8c8602d691@group-6E6DDB135F8E:t0, leader=null, voted=, raftlog=Memoized:860e26e7-dc57-4457-b602-0c8c8602d691@group-6E6DDB135F8E-SegmentedRaftLog:OPENED:c-1, conf=-1: peers:[860e26e7-dc57-4457-b602-0c8c8602d691|rpc:10.1.0.13:15191|admin:10.1.0.13:15190|client:10.1.0.13:15189|dataStream:10.1.0.13:15192|priority:0|startupRole:FOLLOWER, 67a76afe-b765-42e9-b514-f84c102d0c02|rpc:10.1.0.13:15173|admin:10.1.0.13:15172|client:10.1.0.13:15171|dataStream:10.1.0.13:15174|priority:0|startupRole:FOLLOWER, e6531a31-c1d4-4472-9f40-44bc51606458|rpc:10.1.0.13:15182|admin:10.1.0.13:15181|client:10.1.0.13:15180|dataStream:10.1.0.13:15183|priority:1|startupRole:FOLLOWER]|listeners:[], old=null
2023-07-05 13:44:07,178 [grpc-default-executor-0] INFO  server.RaftServer$Division (RaftServerImpl.java:requestVote(1302)) - e6531a31-c1d4-4472-9f40-44bc51606458@group-6E6DDB135F8E: receive requestVote(PRE_VOTE, 67a76afe-b765-42e9-b514-f84c102d0c02, group-6E6DDB135F8E, 0, (t:0, i:0))
2023-07-05 13:44:07,178 [grpc-default-executor-0] INFO  impl.VoteContext (VoteContext.java:log(49)) - e6531a31-c1d4-4472-9f40-44bc51606458@group-6E6DDB135F8E-CANDIDATE: reject PRE_VOTE from 67a76afe-b765-42e9-b514-f84c102d0c02: our priority 1 > candidate's priority 0
2023-07-05 13:44:07,178 [grpc-default-executor-0] INFO  server.RaftServer$Division (RaftServerImpl.java:requestVote(1335)) - e6531a31-c1d4-4472-9f40-44bc51606458@group-6E6DDB135F8E replies to PRE_VOTE vote request: 67a76afe-b765-42e9-b514-f84c102d0c02<-e6531a31-c1d4-4472-9f40-44bc51606458#0:FAIL-t0. Peer's state: e6531a31-c1d4-4472-9f40-44bc51606458@group-6E6DDB135F8E:t0, leader=null, voted=, raftlog=Memoized:e6531a31-c1d4-4472-9f40-44bc51606458@group-6E6DDB135F8E-SegmentedRaftLog:OPENED:c-1, conf=-1: peers:[860e26e7-dc57-4457-b602-0c8c8602d691|rpc:10.1.0.13:15191|admin:10.1.0.13:15190|client:10.1.0.13:15189|dataStream:10.1.0.13:15192|priority:0|startupRole:FOLLOWER, 67a76afe-b765-42e9-b514-f84c102d0c02|rpc:10.1.0.13:15173|admin:10.1.0.13:15172|client:10.1.0.13:15171|dataStream:10.1.0.13:15174|priority:0|startupRole:FOLLOWER, e6531a31-c1d4-4472-9f40-44bc51606458|rpc:10.1.0.13:15182|admin:10.1.0.13:15181|client:10.1.0.13:15180|dataStream:10.1.0.13:15183|priority:1|startupRole:FOLLOWER]|listeners:[], old=null
2023-07-05 13:44:07,179 [67a76afe-b765-42e9-b514-f84c102d0c02@group-D6E7B59D90AF-FollowerState] INFO  impl.FollowerState (FollowerState.java:run(143)) - 67a76afe-b765-42e9-b514-f84c102d0c02@group-D6E7B59D90AF-FollowerState: change to CANDIDATE, lastRpcElapsedTime:5062403071ns, electionTimeout:5051ms
2023-07-05 13:44:07,179 [67a76afe-b765-42e9-b514-f84c102d0c02@group-D6E7B59D90AF-FollowerState] INFO  impl.RoleInfo (RoleInfo.java:shutdownFollowerState(110)) - 67a76afe-b765-42e9-b514-f84c102d0c02: shutdown 67a76afe-b765-42e9-b514-f84c102d0c02@group-D6E7B59D90AF-FollowerState
2023-07-05 13:44:07,179 [67a76afe-b765-42e9-b514-f84c102d0c02@group-D6E7B59D90AF-FollowerState] INFO  server.RaftServer$Division (RaftServerImpl.java:setRole(329)) - 67a76afe-b765-42e9-b514-f84c102d0c02@group-D6E7B59D90AF: changes role from  FOLLOWER to CANDIDATE at term 0 for changeToCandidate
2023-07-05 13:44:07,179 [67a76afe-b765-42e9-b514-f84c102d0c02@group-D6E7B59D90AF-FollowerState] INFO  server.RaftServerConfigKeys (ConfUtils.java:logGet(46)) - raft.server.leaderelection.pre-vote = true (default)
2023-07-05 13:44:07,179 [67a76afe-b765-42e9-b514-f84c102d0c02@group-D6E7B59D90AF-FollowerState] INFO  impl.RoleInfo (RoleInfo.java:updateAndGet(139)) - 67a76afe-b765-42e9-b514-f84c102d0c02: start 67a76afe-b765-42e9-b514-f84c102d0c02@group-D6E7B59D90AF-LeaderElection38
2023-07-05 13:44:07,180 [e6531a31-c1d4-4472-9f40-44bc51606458@group-6E6DDB135F8E-LeaderElection37] INFO  impl.LeaderElection (LeaderElection.java:askForVotes(321)) - e6531a31-c1d4-4472-9f40-44bc51606458@group-6E6DDB135F8E-LeaderElection37 PRE_VOTE round 0: submit vote requests at term 0 for -1: peers:[860e26e7-dc57-4457-b602-0c8c8602d691|rpc:10.1.0.13:15191|admin:10.1.0.13:15190|client:10.1.0.13:15189|dataStream:10.1.0.13:15192|priority:0|startupRole:FOLLOWER, 67a76afe-b765-42e9-b514-f84c102d0c02|rpc:10.1.0.13:15173|admin:10.1.0.13:15172|client:10.1.0.13:15171|dataStream:10.1.0.13:15174|priority:0|startupRole:FOLLOWER, e6531a31-c1d4-4472-9f40-44bc51606458|rpc:10.1.0.13:15182|admin:10.1.0.13:15181|client:10.1.0.13:15180|dataStream:10.1.0.13:15183|priority:1|startupRole:FOLLOWER]|listeners:[], old=null
2023-07-05 13:44:07,187 [67a76afe-b765-42e9-b514-f84c102d0c02@group-6E6DDB135F8E-LeaderElection36] INFO  impl.LeaderElection (LeaderElection.java:logAndReturn(90)) - 67a76afe-b765-42e9-b514-f84c102d0c02@group-6E6DDB135F8E-LeaderElection36: PRE_VOTE REJECTED received 2 response(s) and 0 exception(s):
2023-07-05 13:44:07,187 [67a76afe-b765-42e9-b514-f84c102d0c02@group-6E6DDB135F8E-LeaderElection36] INFO  impl.LeaderElection (LeaderElection.java:logAndReturn(94)) -   Response 0: 67a76afe-b765-42e9-b514-f84c102d0c02<-860e26e7-dc57-4457-b602-0c8c8602d691#0:OK-t0
2023-07-05 13:44:07,187 [67a76afe-b765-42e9-b514-f84c102d0c02@group-6E6DDB135F8E-LeaderElection36] INFO  impl.LeaderElection (LeaderElection.java:logAndReturn(94)) -   Response 1: 67a76afe-b765-42e9-b514-f84c102d0c02<-e6531a31-c1d4-4472-9f40-44bc51606458#0:FAIL-t0
2023-07-05 13:44:07,187 [e6531a31-c1d4-4472-9f40-44bc51606458@group-6E6DDB135F8E-LeaderElection37-1] INFO  server.GrpcServerProtocolClient (GrpcServerProtocolClient.java:<init>(65)) - Build channel for 860e26e7-dc57-4457-b602-0c8c8602d691
2023-07-05 13:44:07,193 [67a76afe-b765-42e9-b514-f84c102d0c02@group-6E6DDB135F8E-LeaderElection36] INFO  impl.LeaderElection (LeaderElection.java:askForVotes(323)) - 67a76afe-b765-42e9-b514-f84c102d0c02@group-6E6DDB135F8E-LeaderElection36 PRE_VOTE round 0: result REJECTED
2023-07-05 13:44:07,194 [67a76afe-b765-42e9-b514-f84c102d0c02@group-6E6DDB135F8E-LeaderElection36] INFO  server.RaftServer$Division (RaftServerImpl.java:setRole(329)) - 67a76afe-b765-42e9-b514-f84c102d0c02@group-6E6DDB135F8E: changes role from CANDIDATE to FOLLOWER at term 0 for REJECTED
2023-07-05 13:44:07,194 [67a76afe-b765-42e9-b514-f84c102d0c02@group-6E6DDB135F8E-LeaderElection36] INFO  impl.RoleInfo (RoleInfo.java:shutdownLeaderElection(130)) - 67a76afe-b765-42e9-b514-f84c102d0c02: shutdown 67a76afe-b765-42e9-b514-f84c102d0c02@group-6E6DDB135F8E-LeaderElection36
2023-07-05 13:44:07,194 [67a76afe-b765-42e9-b514-f84c102d0c02@group-6E6DDB135F8E-LeaderElection36] INFO  impl.RoleInfo (RoleInfo.java:updateAndGet(139)) - 67a76afe-b765-42e9-b514-f84c102d0c02: start 67a76afe-b765-42e9-b514-f84c102d0c02@group-6E6DDB135F8E-FollowerState
2023-07-05 13:44:07,187 [e6531a31-c1d4-4472-9f40-44bc51606458@group-6E6DDB135F8E-LeaderElection37] INFO  server.RaftServerConfigKeys (ConfUtils.java:logFallback(53)) - raft.server.rpc.first-election.timeout.min = 5s (fallback to raft.server.rpc.timeout.min)
2023-07-05 13:44:07,197 [e6531a31-c1d4-4472-9f40-44bc51606458@group-6E6DDB135F8E-LeaderElection37] INFO  server.RaftServerConfigKeys (ConfUtils.java:logFallback(53)) - raft.server.rpc.first-election.timeout.max = 5200ms (fallback to raft.server.rpc.timeout.max)
2023-07-05 13:44:07,187 [e6531a31-c1d4-4472-9f40-44bc51606458@group-6E6DDB135F8E-LeaderElection37-2] INFO  server.GrpcServerProtocolClient (GrpcServerProtocolClient.java:<init>(65)) - Build channel for 67a76afe-b765-42e9-b514-f84c102d0c02
2023-07-05 13:44:07,194 [67a76afe-b765-42e9-b514-f84c102d0c02@group-D6E7B59D90AF-LeaderElection38] INFO  impl.LeaderElection (LeaderElection.java:askForVotes(321)) - 67a76afe-b765-42e9-b514-f84c102d0c02@group-D6E7B59D90AF-LeaderElection38 PRE_VOTE round 0: submit vote requests at term 0 for -1: peers:[860e26e7-dc57-4457-b602-0c8c8602d691|rpc:10.1.0.13:15191|admin:10.1.0.13:15190|client:10.1.0.13:15189|dataStream:10.1.0.13:15192|priority:0|startupRole:FOLLOWER, 67a76afe-b765-42e9-b514-f84c102d0c02|rpc:10.1.0.13:15173|admin:10.1.0.13:15172|client:10.1.0.13:15171|dataStream:10.1.0.13:15174|priority:1|startupRole:FOLLOWER, e6531a31-c1d4-4472-9f40-44bc51606458|rpc:10.1.0.13:15182|admin:10.1.0.13:15181|client:10.1.0.13:15180|dataStream:10.1.0.13:15183|priority:0|startupRole:FOLLOWER]|listeners:[], old=null
2023-07-05 13:44:07,202 [67a76afe-b765-42e9-b514-f84c102d0c02@group-D6E7B59D90AF-LeaderElection38] INFO  server.RaftServerConfigKeys (ConfUtils.java:logFallback(53)) - raft.server.rpc.first-election.timeout.min = 5s (fallback to raft.server.rpc.timeout.min)
2023-07-05 13:44:07,202 [67a76afe-b765-42e9-b514-f84c102d0c02@group-D6E7B59D90AF-LeaderElection38] INFO  server.RaftServerConfigKeys (ConfUtils.java:logFallback(53)) - raft.server.rpc.first-election.timeout.max = 5200ms (fallback to raft.server.rpc.timeout.max)
2023-07-05 13:44:07,207 [860e26e7-dc57-4457-b602-0c8c8602d691@group-6E6DDB135F8E-FollowerState] INFO  server.RaftServerConfigKeys (ConfUtils.java:logFallback(53)) - raft.server.rpc.first-election.timeout.min = 5s (fallback to raft.server.rpc.timeout.min)
2023-07-05 13:44:07,207 [860e26e7-dc57-4457-b602-0c8c8602d691@group-6E6DDB135F8E-FollowerState] INFO  server.RaftServerConfigKeys (ConfUtils.java:logFallback(53)) - raft.server.rpc.first-election.timeout.max = 5200ms (fallback to raft.server.rpc.timeout.max)
2023-07-05 13:44:07,208 [grpc-default-executor-0] INFO  server.RaftServer$Division (RaftServerImpl.java:requestVote(1302)) - 860e26e7-dc57-4457-b602-0c8c8602d691@group-D6E7B59D90AF: receive requestVote(PRE_VOTE, 67a76afe-b765-42e9-b514-f84c102d0c02, group-D6E7B59D90AF, 0, (t:0, i:0))
2023-07-05 13:44:07,208 [grpc-default-executor-0] INFO  impl.VoteContext (VoteContext.java:log(49)) - 860e26e7-dc57-4457-b602-0c8c8602d691@group-D6E7B59D90AF-FOLLOWER: accept PRE_VOTE from 67a76afe-b765-42e9-b514-f84c102d0c02: our priority 0 <= candidate's priority 1
2023-07-05 13:44:07,208 [grpc-default-executor-0] INFO  server.RaftServer$Division (RaftServerImpl.java:requestVote(1335)) - 860e26e7-dc57-4457-b602-0c8c8602d691@group-D6E7B59D90AF replies to PRE_VOTE vote request: 67a76afe-b765-42e9-b514-f84c102d0c02<-860e26e7-dc57-4457-b602-0c8c8602d691#0:OK-t0. Peer's state: 860e26e7-dc57-4457-b602-0c8c8602d691@group-D6E7B59D90AF:t0, leader=null, voted=, raftlog=Memoized:860e26e7-dc57-4457-b602-0c8c8602d691@group-D6E7B59D90AF-SegmentedRaftLog:OPENED:c-1, conf=-1: peers:[860e26e7-dc57-4457-b602-0c8c8602d691|rpc:10.1.0.13:15191|admin:10.1.0.13:15190|client:10.1.0.13:15189|dataStream:10.1.0.13:15192|priority:0|startupRole:FOLLOWER, 67a76afe-b765-42e9-b514-f84c102d0c02|rpc:10.1.0.13:15173|admin:10.1.0.13:15172|client:10.1.0.13:15171|dataStream:10.1.0.13:15174|priority:1|startupRole:FOLLOWER, e6531a31-c1d4-4472-9f40-44bc51606458|rpc:10.1.0.13:15182|admin:10.1.0.13:15181|client:10.1.0.13:15180|dataStream:10.1.0.13:15183|priority:0|startupRole:FOLLOWER]|listeners:[], old=null
2023-07-05 13:44:07,210 [grpc-default-executor-2] INFO  server.RaftServer$Division (RaftServerImpl.java:requestVote(1302)) - 67a76afe-b765-42e9-b514-f84c102d0c02@group-6E6DDB135F8E: receive requestVote(PRE_VOTE, e6531a31-c1d4-4472-9f40-44bc51606458, group-6E6DDB135F8E, 0, (t:0, i:0))
2023-07-05 13:44:07,211 [grpc-default-executor-2] INFO  impl.VoteContext (VoteContext.java:log(49)) - 67a76afe-b765-42e9-b514-f84c102d0c02@group-6E6DDB135F8E-FOLLOWER: accept PRE_VOTE from e6531a31-c1d4-4472-9f40-44bc51606458: our priority 0 <= candidate's priority 1
2023-07-05 13:44:07,211 [grpc-default-executor-2] INFO  server.RaftServer$Division (RaftServerImpl.java:requestVote(1335)) - 67a76afe-b765-42e9-b514-f84c102d0c02@group-6E6DDB135F8E replies to PRE_VOTE vote request: e6531a31-c1d4-4472-9f40-44bc51606458<-67a76afe-b765-42e9-b514-f84c102d0c02#0:OK-t0. Peer's state: 67a76afe-b765-42e9-b514-f84c102d0c02@group-6E6DDB135F8E:t0, leader=null, voted=, raftlog=Memoized:67a76afe-b765-42e9-b514-f84c102d0c02@group-6E6DDB135F8E-SegmentedRaftLog:OPENED:c-1, conf=-1: peers:[860e26e7-dc57-4457-b602-0c8c8602d691|rpc:10.1.0.13:15191|admin:10.1.0.13:15190|client:10.1.0.13:15189|dataStream:10.1.0.13:15192|priority:0|startupRole:FOLLOWER, 67a76afe-b765-42e9-b514-f84c102d0c02|rpc:10.1.0.13:15173|admin:10.1.0.13:15172|client:10.1.0.13:15171|dataStream:10.1.0.13:15174|priority:0|startupRole:FOLLOWER, e6531a31-c1d4-4472-9f40-44bc51606458|rpc:10.1.0.13:15182|admin:10.1.0.13:15181|client:10.1.0.13:15180|dataStream:10.1.0.13:15183|priority:1|startupRole:FOLLOWER]|listeners:[], old=null
2023-07-05 13:44:07,213 [e6531a31-c1d4-4472-9f40-44bc51606458@group-6E6DDB135F8E-LeaderElection37] INFO  impl.LeaderElection (LeaderElection.java:logAndReturn(90)) - e6531a31-c1d4-4472-9f40-44bc51606458@group-6E6DDB135F8E-LeaderElection37: PRE_VOTE PASSED received 1 response(s) and 0 exception(s):
2023-07-05 13:44:07,213 [e6531a31-c1d4-4472-9f40-44bc51606458@group-6E6DDB135F8E-LeaderElection37] INFO  impl.LeaderElection (LeaderElection.java:logAndReturn(94)) -   Response 0: e6531a31-c1d4-4472-9f40-44bc51606458<-67a76afe-b765-42e9-b514-f84c102d0c02#0:OK-t0
2023-07-05 13:44:07,213 [e6531a31-c1d4-4472-9f40-44bc51606458@group-6E6DDB135F8E-LeaderElection37] INFO  impl.LeaderElection (LeaderElection.java:askForVotes(323)) - e6531a31-c1d4-4472-9f40-44bc51606458@group-6E6DDB135F8E-LeaderElection37 PRE_VOTE round 0: result PASSED
2023-07-05 13:44:07,213 [67a76afe-b765-42e9-b514-f84c102d0c02@group-D6E7B59D90AF-LeaderElection38] INFO  impl.LeaderElection (LeaderElection.java:logAndReturn(90)) - 67a76afe-b765-42e9-b514-f84c102d0c02@group-D6E7B59D90AF-LeaderElection38: PRE_VOTE PASSED received 1 response(s) and 0 exception(s):
2023-07-05 13:44:07,213 [67a76afe-b765-42e9-b514-f84c102d0c02@group-D6E7B59D90AF-LeaderElection38] INFO  impl.LeaderElection (LeaderElection.java:logAndReturn(94)) -   Response 0: 67a76afe-b765-42e9-b514-f84c102d0c02<-860e26e7-dc57-4457-b602-0c8c8602d691#0:OK-t0
2023-07-05 13:44:07,213 [67a76afe-b765-42e9-b514-f84c102d0c02@group-D6E7B59D90AF-LeaderElection38] INFO  impl.LeaderElection (LeaderElection.java:askForVotes(323)) - 67a76afe-b765-42e9-b514-f84c102d0c02@group-D6E7B59D90AF-LeaderElection38 PRE_VOTE round 0: result PASSED
2023-07-05 13:44:07,215 [grpc-default-executor-1] INFO  server.RaftServer$Division (RaftServerImpl.java:requestVote(1302)) - e6531a31-c1d4-4472-9f40-44bc51606458@group-D6E7B59D90AF: receive requestVote(PRE_VOTE, 67a76afe-b765-42e9-b514-f84c102d0c02, group-D6E7B59D90AF, 0, (t:0, i:0))
2023-07-05 13:44:07,215 [grpc-default-executor-1] INFO  impl.VoteContext (VoteContext.java:log(49)) - e6531a31-c1d4-4472-9f40-44bc51606458@group-D6E7B59D90AF-FOLLOWER: accept PRE_VOTE from 67a76afe-b765-42e9-b514-f84c102d0c02: our priority 0 <= candidate's priority 1
2023-07-05 13:44:07,215 [grpc-default-executor-1] INFO  server.RaftServer$Division (RaftServerImpl.java:requestVote(1335)) - e6531a31-c1d4-4472-9f40-44bc51606458@group-D6E7B59D90AF replies to PRE_VOTE vote request: 67a76afe-b765-42e9-b514-f84c102d0c02<-e6531a31-c1d4-4472-9f40-44bc51606458#0:OK-t0. Peer's state: e6531a31-c1d4-4472-9f40-44bc51606458@group-D6E7B59D90AF:t0, leader=null, voted=, raftlog=Memoized:e6531a31-c1d4-4472-9f40-44bc51606458@group-D6E7B59D90AF-SegmentedRaftLog:OPENED:c-1, conf=-1: peers:[860e26e7-dc57-4457-b602-0c8c8602d691|rpc:10.1.0.13:15191|admin:10.1.0.13:15190|client:10.1.0.13:15189|dataStream:10.1.0.13:15192|priority:0|startupRole:FOLLOWER, 67a76afe-b765-42e9-b514-f84c102d0c02|rpc:10.1.0.13:15173|admin:10.1.0.13:15172|client:10.1.0.13:15171|dataStream:10.1.0.13:15174|priority:1|startupRole:FOLLOWER, e6531a31-c1d4-4472-9f40-44bc51606458|rpc:10.1.0.13:15182|admin:10.1.0.13:15181|client:10.1.0.13:15180|dataStream:10.1.0.13:15183|priority:0|startupRole:FOLLOWER]|listeners:[], old=null
2023-07-05 13:44:07,219 [e6531a31-c1d4-4472-9f40-44bc51606458@group-6E6DDB135F8E-LeaderElection37] INFO  impl.LeaderElection (LeaderElection.java:askForVotes(321)) - e6531a31-c1d4-4472-9f40-44bc51606458@group-6E6DDB135F8E-LeaderElection37 ELECTION round 0: submit vote requests at term 1 for -1: peers:[860e26e7-dc57-4457-b602-0c8c8602d691|rpc:10.1.0.13:15191|admin:10.1.0.13:15190|client:10.1.0.13:15189|dataStream:10.1.0.13:15192|priority:0|startupRole:FOLLOWER, 67a76afe-b765-42e9-b514-f84c102d0c02|rpc:10.1.0.13:15173|admin:10.1.0.13:15172|client:10.1.0.13:15171|dataStream:10.1.0.13:15174|priority:0|startupRole:FOLLOWER, e6531a31-c1d4-4472-9f40-44bc51606458|rpc:10.1.0.13:15182|admin:10.1.0.13:15181|client:10.1.0.13:15180|dataStream:10.1.0.13:15183|priority:1|startupRole:FOLLOWER]|listeners:[], old=null
2023-07-05 13:44:07,219 [67a76afe-b765-42e9-b514-f84c102d0c02@group-D6E7B59D90AF-LeaderElection38] INFO  impl.LeaderElection (LeaderElection.java:askForVotes(321)) - 67a76afe-b765-42e9-b514-f84c102d0c02@group-D6E7B59D90AF-LeaderElection38 ELECTION round 0: submit vote requests at term 1 for -1: peers:[860e26e7-dc57-4457-b602-0c8c8602d691|rpc:10.1.0.13:15191|admin:10.1.0.13:15190|client:10.1.0.13:15189|dataStream:10.1.0.13:15192|priority:0|startupRole:FOLLOWER, 67a76afe-b765-42e9-b514-f84c102d0c02|rpc:10.1.0.13:15173|admin:10.1.0.13:15172|client:10.1.0.13:15171|dataStream:10.1.0.13:15174|priority:1|startupRole:FOLLOWER, e6531a31-c1d4-4472-9f40-44bc51606458|rpc:10.1.0.13:15182|admin:10.1.0.13:15181|client:10.1.0.13:15180|dataStream:10.1.0.13:15183|priority:0|startupRole:FOLLOWER]|listeners:[], old=null
2023-07-05 13:44:07,222 [e6531a31-c1d4-4472-9f40-44bc51606458@group-6E6DDB135F8E-LeaderElection37] INFO  server.RaftServerConfigKeys (ConfUtils.java:logFallback(53)) - raft.server.rpc.first-election.timeout.min = 5s (fallback to raft.server.rpc.timeout.min)
2023-07-05 13:44:07,222 [e6531a31-c1d4-4472-9f40-44bc51606458@group-6E6DDB135F8E-LeaderElection37] INFO  server.RaftServerConfigKeys (ConfUtils.java:logFallback(53)) - raft.server.rpc.first-election.timeout.max = 5200ms (fallback to raft.server.rpc.timeout.max)
2023-07-05 13:44:07,228 [grpc-default-executor-0] INFO  server.RaftServer$Division (RaftServerImpl.java:requestVote(1302)) - 860e26e7-dc57-4457-b602-0c8c8602d691@group-6E6DDB135F8E: receive requestVote(ELECTION, e6531a31-c1d4-4472-9f40-44bc51606458, group-6E6DDB135F8E, 1, (t:0, i:0))
2023-07-05 13:44:07,228 [grpc-default-executor-0] INFO  impl.VoteContext (VoteContext.java:log(49)) - 860e26e7-dc57-4457-b602-0c8c8602d691@group-6E6DDB135F8E-FOLLOWER: accept ELECTION from e6531a31-c1d4-4472-9f40-44bc51606458: our priority 0 <= candidate's priority 1
2023-07-05 13:44:07,228 [grpc-default-executor-0] INFO  server.RaftServer$Division (RaftServerImpl.java:setRole(329)) - 860e26e7-dc57-4457-b602-0c8c8602d691@group-6E6DDB135F8E: changes role from  FOLLOWER to FOLLOWER at term 1 for candidate:e6531a31-c1d4-4472-9f40-44bc51606458
2023-07-05 13:44:07,229 [grpc-default-executor-0] INFO  impl.RoleInfo (RoleInfo.java:shutdownFollowerState(110)) - 860e26e7-dc57-4457-b602-0c8c8602d691: shutdown 860e26e7-dc57-4457-b602-0c8c8602d691@group-6E6DDB135F8E-FollowerState
2023-07-05 13:44:07,229 [67a76afe-b765-42e9-b514-f84c102d0c02@group-D6E7B59D90AF-LeaderElection38] INFO  server.RaftServerConfigKeys (ConfUtils.java:logFallback(53)) - raft.server.rpc.first-election.timeout.min = 5s (fallback to raft.server.rpc.timeout.min)
2023-07-05 13:44:07,229 [67a76afe-b765-42e9-b514-f84c102d0c02@group-D6E7B59D90AF-LeaderElection38] INFO  server.RaftServerConfigKeys (ConfUtils.java:logFallback(53)) - raft.server.rpc.first-election.timeout.max = 5200ms (fallback to raft.server.rpc.timeout.max)
2023-07-05 13:44:07,232 [grpc-default-executor-0] INFO  impl.RoleInfo (RoleInfo.java:updateAndGet(139)) - 860e26e7-dc57-4457-b602-0c8c8602d691: start 860e26e7-dc57-4457-b602-0c8c8602d691@group-6E6DDB135F8E-FollowerState
2023-07-05 13:44:07,232 [860e26e7-dc57-4457-b602-0c8c8602d691@group-6E6DDB135F8E-FollowerState] INFO  impl.FollowerState (FollowerState.java:run(152)) - 860e26e7-dc57-4457-b602-0c8c8602d691@group-6E6DDB135F8E-FollowerState was interrupted
2023-07-05 13:44:07,234 [grpc-default-executor-2] INFO  server.RaftServer$Division (RaftServerImpl.java:requestVote(1302)) - 860e26e7-dc57-4457-b602-0c8c8602d691@group-6E6DDB135F8E: receive requestVote(PRE_VOTE, e6531a31-c1d4-4472-9f40-44bc51606458, group-6E6DDB135F8E, 0, (t:0, i:0))
2023-07-05 13:44:07,235 [grpc-default-executor-0] INFO  server.RaftServer$Division (RaftServerImpl.java:requestVote(1335)) - 860e26e7-dc57-4457-b602-0c8c8602d691@group-6E6DDB135F8E replies to ELECTION vote request: e6531a31-c1d4-4472-9f40-44bc51606458<-860e26e7-dc57-4457-b602-0c8c8602d691#0:OK-t1. Peer's state: 860e26e7-dc57-4457-b602-0c8c8602d691@group-6E6DDB135F8E:t1, leader=null, voted=e6531a31-c1d4-4472-9f40-44bc51606458, raftlog=Memoized:860e26e7-dc57-4457-b602-0c8c8602d691@group-6E6DDB135F8E-SegmentedRaftLog:OPENED:c-1, conf=-1: peers:[860e26e7-dc57-4457-b602-0c8c8602d691|rpc:10.1.0.13:15191|admin:10.1.0.13:15190|client:10.1.0.13:15189|dataStream:10.1.0.13:15192|priority:0|startupRole:FOLLOWER, 67a76afe-b765-42e9-b514-f84c102d0c02|rpc:10.1.0.13:15173|admin:10.1.0.13:15172|client:10.1.0.13:15171|dataStream:10.1.0.13:15174|priority:0|startupRole:FOLLOWER, e6531a31-c1d4-4472-9f40-44bc51606458|rpc:10.1.0.13:15182|admin:10.1.0.13:15181|client:10.1.0.13:15180|dataStream:10.1.0.13:15183|priority:1|startupRole:FOLLOWER]|listeners:[], old=null
2023-07-05 13:44:07,236 [grpc-default-executor-2] INFO  impl.VoteContext (VoteContext.java:log(49)) - 860e26e7-dc57-4457-b602-0c8c8602d691@group-6E6DDB135F8E-FOLLOWER: accept PRE_VOTE from e6531a31-c1d4-4472-9f40-44bc51606458: our priority 0 <= candidate's priority 1
2023-07-05 13:44:07,236 [grpc-default-executor-2] INFO  server.RaftServer$Division (RaftServerImpl.java:requestVote(1335)) - 860e26e7-dc57-4457-b602-0c8c8602d691@group-6E6DDB135F8E replies to PRE_VOTE vote request: e6531a31-c1d4-4472-9f40-44bc51606458<-860e26e7-dc57-4457-b602-0c8c8602d691#0:OK-t1. Peer's state: 860e26e7-dc57-4457-b602-0c8c8602d691@group-6E6DDB135F8E:t1, leader=null, voted=e6531a31-c1d4-4472-9f40-44bc51606458, raftlog=Memoized:860e26e7-dc57-4457-b602-0c8c8602d691@group-6E6DDB135F8E-SegmentedRaftLog:OPENED:c-1, conf=-1: peers:[860e26e7-dc57-4457-b602-0c8c8602d691|rpc:10.1.0.13:15191|admin:10.1.0.13:15190|client:10.1.0.13:15189|dataStream:10.1.0.13:15192|priority:0|startupRole:FOLLOWER, 67a76afe-b765-42e9-b514-f84c102d0c02|rpc:10.1.0.13:15173|admin:10.1.0.13:15172|client:10.1.0.13:15171|dataStream:10.1.0.13:15174|priority:0|startupRole:FOLLOWER, e6531a31-c1d4-4472-9f40-44bc51606458|rpc:10.1.0.13:15182|admin:10.1.0.13:15181|client:10.1.0.13:15180|dataStream:10.1.0.13:15183|priority:1|startupRole:FOLLOWER]|listeners:[], old=null
2023-07-05 13:44:07,237 [e6531a31-c1d4-4472-9f40-44bc51606458@group-6E6DDB135F8E-LeaderElection37] INFO  impl.LeaderElection (LeaderElection.java:logAndReturn(90)) - e6531a31-c1d4-4472-9f40-44bc51606458@group-6E6DDB135F8E-LeaderElection37: ELECTION PASSED received 1 response(s) and 0 exception(s):
2023-07-05 13:44:07,238 [e6531a31-c1d4-4472-9f40-44bc51606458@group-6E6DDB135F8E-LeaderElection37] INFO  impl.LeaderElection (LeaderElection.java:logAndReturn(94)) -   Response 0: e6531a31-c1d4-4472-9f40-44bc51606458<-860e26e7-dc57-4457-b602-0c8c8602d691#0:OK-t1
2023-07-05 13:44:07,238 [e6531a31-c1d4-4472-9f40-44bc51606458@group-6E6DDB135F8E-LeaderElection37] INFO  impl.LeaderElection (LeaderElection.java:askForVotes(323)) - e6531a31-c1d4-4472-9f40-44bc51606458@group-6E6DDB135F8E-LeaderElection37 ELECTION round 0: result PASSED
2023-07-05 13:44:07,238 [e6531a31-c1d4-4472-9f40-44bc51606458@group-6E6DDB135F8E-LeaderElection37] INFO  impl.RoleInfo (RoleInfo.java:shutdownLeaderElection(130)) - e6531a31-c1d4-4472-9f40-44bc51606458: shutdown e6531a31-c1d4-4472-9f40-44bc51606458@group-6E6DDB135F8E-LeaderElection37
2023-07-05 13:44:07,238 [e6531a31-c1d4-4472-9f40-44bc51606458@group-6E6DDB135F8E-LeaderElection37] INFO  server.RaftServer$Division (RaftServerImpl.java:setRole(329)) - e6531a31-c1d4-4472-9f40-44bc51606458@group-6E6DDB135F8E: changes role from CANDIDATE to LEADER at term 1 for changeToLeader
2023-07-05 13:44:07,238 [e6531a31-c1d4-4472-9f40-44bc51606458@group-6E6DDB135F8E-LeaderElection37] INFO  ratis.XceiverServerRatis (XceiverServerRatis.java:handleLeaderChangedNotification(902)) - Leader change notification received for group: group-6E6DDB135F8E with new leaderId: e6531a31-c1d4-4472-9f40-44bc51606458
2023-07-05 13:44:07,238 [e6531a31-c1d4-4472-9f40-44bc51606458@group-6E6DDB135F8E-LeaderElection37] INFO  server.RaftServer$Division (ServerState.java:setLeader(317)) - e6531a31-c1d4-4472-9f40-44bc51606458@group-6E6DDB135F8E: change Leader from null to e6531a31-c1d4-4472-9f40-44bc51606458 at term 1 for becomeLeader, leader elected after 5174ms
2023-07-05 13:44:07,238 [grpc-default-executor-1] INFO  server.RaftServer$Division (RaftServerImpl.java:requestVote(1302)) - e6531a31-c1d4-4472-9f40-44bc51606458@group-D6E7B59D90AF: receive requestVote(ELECTION, 67a76afe-b765-42e9-b514-f84c102d0c02, group-D6E7B59D90AF, 1, (t:0, i:0))
2023-07-05 13:44:07,238 [e6531a31-c1d4-4472-9f40-44bc51606458@group-6E6DDB135F8E-LeaderElection37] INFO  server.RaftServerConfigKeys (ConfUtils.java:logGet(46)) - raft.server.staging.catchup.gap = 1000 (default)
2023-07-05 13:44:07,240 [e6531a31-c1d4-4472-9f40-44bc51606458@group-6E6DDB135F8E-LeaderElection37] INFO  server.RaftServerConfigKeys (ConfUtils.java:logGet(46)) - raft.server.write.element-limit = 1024 (custom)
2023-07-05 13:44:07,240 [e6531a31-c1d4-4472-9f40-44bc51606458@group-6E6DDB135F8E-LeaderElection37] INFO  server.RaftServerConfigKeys (ConfUtils.java:logGet(46)) - raft.server.write.byte-limit = 1024 M (=1073741824) (custom)
2023-07-05 13:44:07,240 [e6531a31-c1d4-4472-9f40-44bc51606458@group-6E6DDB135F8E-LeaderElection37] INFO  server.RaftServerConfigKeys (ConfUtils.java:logGet(46)) - raft.server.watch.timeout = 180s (custom)
2023-07-05 13:44:07,240 [e6531a31-c1d4-4472-9f40-44bc51606458@group-6E6DDB135F8E-LeaderElection37] INFO  server.RaftServerConfigKeys (ConfUtils.java:logGet(46)) - raft.server.watch.timeout.denomination = 1s (default)
2023-07-05 13:44:07,240 [e6531a31-c1d4-4472-9f40-44bc51606458@group-6E6DDB135F8E-LeaderElection37] INFO  server.RaftServerConfigKeys (ConfUtils.java:logGet(46)) - raft.server.watch.element-limit = 65536 (default)
2023-07-05 13:44:07,240 [e6531a31-c1d4-4472-9f40-44bc51606458@group-6E6DDB135F8E-LeaderElection37] INFO  server.RaftServerConfigKeys (ConfUtils.java:logGet(46)) - raft.server.write.element-limit = 1024 (custom)
2023-07-05 13:44:07,241 [e6531a31-c1d4-4472-9f40-44bc51606458@group-6E6DDB135F8E-LeaderElection37] INFO  server.RaftServerConfigKeys (ConfUtils.java:logGet(46)) - raft.server.write.follower.gap.ratio.max = -1.0 (default)
2023-07-05 13:44:07,241 [e6531a31-c1d4-4472-9f40-44bc51606458@group-6E6DDB135F8E-LeaderElection37] INFO  server.RaftServerConfigKeys (ConfUtils.java:logGet(46)) - raft.server.log.appender.snapshot.chunk.size.max = 16MB (=16777216) (default)
2023-07-05 13:44:07,241 [e6531a31-c1d4-4472-9f40-44bc51606458@group-6E6DDB135F8E-LeaderElection37] INFO  server.RaftServerConfigKeys (ConfUtils.java:logGet(46)) - raft.server.log.appender.buffer.byte-limit = 33554432 (custom)
2023-07-05 13:44:07,241 [e6531a31-c1d4-4472-9f40-44bc51606458@group-6E6DDB135F8E-LeaderElection37] INFO  server.RaftServerConfigKeys (ConfUtils.java:logGet(46)) - raft.server.log.appender.buffer.element-limit = 1 (custom)
2023-07-05 13:44:07,241 [e6531a31-c1d4-4472-9f40-44bc51606458@group-6E6DDB135F8E-LeaderElection37] INFO  server.RaftServerConfigKeys (ConfUtils.java:logGet(46)) - raft.server.log.appender.wait-time.min = 10ms (default)
2023-07-05 13:44:07,241 [e6531a31-c1d4-4472-9f40-44bc51606458@group-6E6DDB135F8E-LeaderElection37] INFO  grpc.GrpcConfigKeys (ConfUtils.java:logGet(46)) - raft.grpc.server.leader.outstanding.appends.max = 128 (default)
2023-07-05 13:44:07,241 [e6531a31-c1d4-4472-9f40-44bc51606458@group-6E6DDB135F8E-LeaderElection37] INFO  server.RaftServerConfigKeys (ConfUtils.java:logGet(46)) - raft.server.rpc.request.timeout = 60s (custom)
2023-07-05 13:44:07,241 [e6531a31-c1d4-4472-9f40-44bc51606458@group-6E6DDB135F8E-LeaderElection37] INFO  grpc.GrpcConfigKeys (ConfUtils.java:logGet(46)) - raft.grpc.server.install_snapshot.request.element-limit = 8 (default)
2023-07-05 13:44:07,241 [e6531a31-c1d4-4472-9f40-44bc51606458@group-6E6DDB135F8E-LeaderElection37] INFO  grpc.GrpcConfigKeys (ConfUtils.java:logGet(46)) - raft.grpc.server.install_snapshot.request.timeout = 3000ms (default)
2023-07-05 13:44:07,241 [e6531a31-c1d4-4472-9f40-44bc51606458@group-6E6DDB135F8E-LeaderElection37] INFO  server.RaftServerConfigKeys (ConfUtils.java:logGet(46)) - raft.server.log.appender.install.snapshot.enabled = false (custom)
2023-07-05 13:44:07,241 [e6531a31-c1d4-4472-9f40-44bc51606458@group-6E6DDB135F8E-LeaderElection37] INFO  grpc.GrpcConfigKeys (ConfUtils.java:logGet(46)) - raft.grpc.server.heartbeat.channel = true (default)
2023-07-05 13:44:07,238 [grpc-default-executor-1] INFO  impl.VoteContext (VoteContext.java:log(49)) - e6531a31-c1d4-4472-9f40-44bc51606458@group-D6E7B59D90AF-FOLLOWER: accept ELECTION from 67a76afe-b765-42e9-b514-f84c102d0c02: our priority 0 <= candidate's priority 1
2023-07-05 13:44:07,242 [grpc-default-executor-1] INFO  server.RaftServer$Division (RaftServerImpl.java:setRole(329)) - e6531a31-c1d4-4472-9f40-44bc51606458@group-D6E7B59D90AF: changes role from  FOLLOWER to FOLLOWER at term 1 for candidate:67a76afe-b765-42e9-b514-f84c102d0c02
2023-07-05 13:44:07,242 [grpc-default-executor-1] INFO  impl.RoleInfo (RoleInfo.java:shutdownFollowerState(110)) - e6531a31-c1d4-4472-9f40-44bc51606458: shutdown e6531a31-c1d4-4472-9f40-44bc51606458@group-D6E7B59D90AF-FollowerState
2023-07-05 13:44:07,242 [grpc-default-executor-1] INFO  impl.RoleInfo (RoleInfo.java:updateAndGet(139)) - e6531a31-c1d4-4472-9f40-44bc51606458: start e6531a31-c1d4-4472-9f40-44bc51606458@group-D6E7B59D90AF-FollowerState
2023-07-05 13:44:07,242 [e6531a31-c1d4-4472-9f40-44bc51606458@group-D6E7B59D90AF-FollowerState] INFO  impl.FollowerState (FollowerState.java:run(152)) - e6531a31-c1d4-4472-9f40-44bc51606458@group-D6E7B59D90AF-FollowerState was interrupted
2023-07-05 13:44:07,243 [e6531a31-c1d4-4472-9f40-44bc51606458@group-6E6DDB135F8E-LeaderElection37] INFO  server.RaftServerConfigKeys (ConfUtils.java:logGet(46)) - raft.server.log.appender.snapshot.chunk.size.max = 16MB (=16777216) (default)
2023-07-05 13:44:07,243 [e6531a31-c1d4-4472-9f40-44bc51606458@group-6E6DDB135F8E-LeaderElection37] INFO  server.RaftServerConfigKeys (ConfUtils.java:logGet(46)) - raft.server.log.appender.buffer.byte-limit = 33554432 (custom)
2023-07-05 13:44:07,243 [e6531a31-c1d4-4472-9f40-44bc51606458@group-6E6DDB135F8E-LeaderElection37] INFO  server.RaftServerConfigKeys (ConfUtils.java:logGet(46)) - raft.server.log.appender.buffer.element-limit = 1 (custom)
2023-07-05 13:44:07,247 [e6531a31-c1d4-4472-9f40-44bc51606458@group-6E6DDB135F8E-LeaderElection37] INFO  server.RaftServerConfigKeys (ConfUtils.java:logGet(46)) - raft.server.log.appender.wait-time.min = 10ms (default)
2023-07-05 13:44:07,247 [e6531a31-c1d4-4472-9f40-44bc51606458@group-6E6DDB135F8E-LeaderElection37] INFO  grpc.GrpcConfigKeys (ConfUtils.java:logGet(46)) - raft.grpc.server.leader.outstanding.appends.max = 128 (default)
2023-07-05 13:44:07,247 [e6531a31-c1d4-4472-9f40-44bc51606458@group-6E6DDB135F8E-LeaderElection37] INFO  server.RaftServerConfigKeys (ConfUtils.java:logGet(46)) - raft.server.rpc.request.timeout = 60s (custom)
2023-07-05 13:44:07,247 [e6531a31-c1d4-4472-9f40-44bc51606458@group-6E6DDB135F8E-LeaderElection37] INFO  grpc.GrpcConfigKeys (ConfUtils.java:logGet(46)) - raft.grpc.server.install_snapshot.request.element-limit = 8 (default)
2023-07-05 13:44:07,247 [e6531a31-c1d4-4472-9f40-44bc51606458@group-6E6DDB135F8E-LeaderElection37] INFO  grpc.GrpcConfigKeys (ConfUtils.java:logGet(46)) - raft.grpc.server.install_snapshot.request.timeout = 3000ms (default)
2023-07-05 13:44:07,247 [e6531a31-c1d4-4472-9f40-44bc51606458@group-6E6DDB135F8E-LeaderElection37] INFO  server.RaftServerConfigKeys (ConfUtils.java:logGet(46)) - raft.server.log.appender.install.snapshot.enabled = false (custom)
2023-07-05 13:44:07,247 [e6531a31-c1d4-4472-9f40-44bc51606458@group-6E6DDB135F8E-LeaderElection37] INFO  grpc.GrpcConfigKeys (ConfUtils.java:logGet(46)) - raft.grpc.server.heartbeat.channel = true (default)
2023-07-05 13:44:07,247 [EventQueue-PipelineReportForPipelineReportHandler] INFO  pipeline.PipelineReportHandler (PipelineReportHandler.java:processPipelineReport(136)) - Opened pipeline PipelineID=549c5d28-e520-41ce-aeba-6e6ddb135f8e
2023-07-05 13:44:07,247 [e6531a31-c1d4-4472-9f40-44bc51606458@group-6E6DDB135F8E-LeaderElection37] INFO  impl.RoleInfo (RoleInfo.java:updateAndGet(139)) - e6531a31-c1d4-4472-9f40-44bc51606458: start e6531a31-c1d4-4472-9f40-44bc51606458@group-6E6DDB135F8E-LeaderStateImpl
2023-07-05 13:44:07,247 [EventQueue-OpenPipelineForHealthyPipelineSafeModeRule] INFO  safemode.SCMSafeModeManager (HealthyPipelineSafeModeRule.java:process(137)) - SCM in safe mode. Healthy pipelines reported count is 1, required healthy pipeline reported count is 1
2023-07-05 13:44:07,247 [EventQueue-OpenPipelineForHealthyPipelineSafeModeRule] INFO  safemode.SCMSafeModeManager (SCMSafeModeManager.java:validateSafeModeExitRules(200)) - HealthyPipelineSafeModeRule rule is successfully validated
2023-07-05 13:44:07,247 [EventQueue-OpenPipelineForHealthyPipelineSafeModeRule] INFO  safemode.SCMSafeModeManager (SCMSafeModeManager.java:validateSafeModeExitRules(215)) - ScmSafeModeManager, all rules are successfully validated
2023-07-05 13:44:07,248 [EventQueue-OpenPipelineForHealthyPipelineSafeModeRule] INFO  safemode.SCMSafeModeManager (SCMSafeModeManager.java:exitSafeMode(244)) - SCM exiting safe mode.
2023-07-05 13:44:07,248 [e6531a31-c1d4-4472-9f40-44bc51606458@group-6E6DDB135F8E-LeaderElection37] INFO  segmented.SegmentedRaftLogWorker (SegmentedRaftLogWorker.java:startLogSegment(447)) - e6531a31-c1d4-4472-9f40-44bc51606458@group-6E6DDB135F8E-SegmentedRaftLogWorker: Starting segment from index:0
2023-07-05 13:44:07,248 [EventQueue-OpenPipelineForHealthyPipelineSafeModeRule] INFO  ha.SCMContext (SCMContext.java:updateSafeModeStatus(228)) - Update SafeModeStatus from SafeModeStatus{safeModeStatus=true, preCheckPassed=true} to SafeModeStatus{safeModeStatus=false, preCheckPassed=true}.
2023-07-05 13:44:07,248 [EventQueue-OpenPipelineForHealthyPipelineSafeModeRule] INFO  pipeline.BackgroundPipelineCreator (BackgroundPipelineCreator.java:notifyStatusChanged(255)) - Service BackgroundPipelineCreator transitions to RUNNING.
2023-07-05 13:44:07,248 [EventQueue-OpenPipelineForHealthyPipelineSafeModeRule] INFO  BackgroundPipelineScrubber (BackgroundSCMService.java:notifyStatusChanged(82)) - Service BackgroundPipelineScrubber transitions to RUNNING.
2023-07-05 13:44:07,248 [grpc-default-executor-2] INFO  server.RaftServer$Division (RaftServerImpl.java:requestVote(1302)) - 860e26e7-dc57-4457-b602-0c8c8602d691@group-D6E7B59D90AF: receive requestVote(ELECTION, 67a76afe-b765-42e9-b514-f84c102d0c02, group-D6E7B59D90AF, 1, (t:0, i:0))
2023-07-05 13:44:07,248 [EventQueue-OpenPipelineForHealthyPipelineSafeModeRule] INFO  ExpiredContainerReplicaOpScrubber (BackgroundSCMService.java:notifyStatusChanged(82)) - Service ExpiredContainerReplicaOpScrubber transitions to RUNNING.
2023-07-05 13:44:07,248 [EventQueue-OpenPipelineForHealthyPipelineSafeModeRule] INFO  replication.ReplicationManager (ReplicationManager.java:notifyStatusChanged(1366)) - Service ReplicationManager transitions to RUNNING.
2023-07-05 13:44:07,248 [grpc-default-executor-0] INFO  server.RaftServer$Division (RaftServerImpl.java:requestVote(1302)) - 67a76afe-b765-42e9-b514-f84c102d0c02@group-6E6DDB135F8E: receive requestVote(ELECTION, e6531a31-c1d4-4472-9f40-44bc51606458, group-6E6DDB135F8E, 1, (t:0, i:0))
2023-07-05 13:44:07,248 [grpc-default-executor-0] INFO  impl.VoteContext (VoteContext.java:log(49)) - 67a76afe-b765-42e9-b514-f84c102d0c02@group-6E6DDB135F8E-FOLLOWER: accept ELECTION from e6531a31-c1d4-4472-9f40-44bc51606458: our priority 0 <= candidate's priority 1
2023-07-05 13:44:07,248 [grpc-default-executor-0] INFO  server.RaftServer$Division (RaftServerImpl.java:setRole(329)) - 67a76afe-b765-42e9-b514-f84c102d0c02@group-6E6DDB135F8E: changes role from  FOLLOWER to FOLLOWER at term 1 for candidate:e6531a31-c1d4-4472-9f40-44bc51606458
2023-07-05 13:44:07,248 [grpc-default-executor-0] INFO  impl.RoleInfo (RoleInfo.java:shutdownFollowerState(110)) - 67a76afe-b765-42e9-b514-f84c102d0c02: shutdown 67a76afe-b765-42e9-b514-f84c102d0c02@group-6E6DDB135F8E-FollowerState
2023-07-05 13:44:07,248 [grpc-default-executor-0] INFO  impl.RoleInfo (RoleInfo.java:updateAndGet(139)) - 67a76afe-b765-42e9-b514-f84c102d0c02: start 67a76afe-b765-42e9-b514-f84c102d0c02@group-6E6DDB135F8E-FollowerState
2023-07-05 13:44:07,248 [EventQueue-OpenPipelineForHealthyPipelineSafeModeRule] WARN  balancer.ContainerBalancer (ContainerBalancer.java:shouldRun(134)) - Could not find persisted configuration for ContainerBalancer when checking if ContainerBalancer should run. ContainerBalancer should not run now.
2023-07-05 13:44:07,249 [67a76afe-b765-42e9-b514-f84c102d0c02@group-6E6DDB135F8E-FollowerState] INFO  impl.FollowerState (FollowerState.java:run(152)) - 67a76afe-b765-42e9-b514-f84c102d0c02@group-6E6DDB135F8E-FollowerState was interrupted
2023-07-05 13:44:07,251 [grpc-default-executor-2] INFO  impl.VoteContext (VoteContext.java:log(49)) - 860e26e7-dc57-4457-b602-0c8c8602d691@group-D6E7B59D90AF-FOLLOWER: accept ELECTION from 67a76afe-b765-42e9-b514-f84c102d0c02: our priority 0 <= candidate's priority 1
2023-07-05 13:44:07,251 [grpc-default-executor-2] INFO  server.RaftServer$Division (RaftServerImpl.java:setRole(329)) - 860e26e7-dc57-4457-b602-0c8c8602d691@group-D6E7B59D90AF: changes role from  FOLLOWER to FOLLOWER at term 1 for candidate:67a76afe-b765-42e9-b514-f84c102d0c02
2023-07-05 13:44:07,251 [grpc-default-executor-2] INFO  impl.RoleInfo (RoleInfo.java:shutdownFollowerState(110)) - 860e26e7-dc57-4457-b602-0c8c8602d691: shutdown 860e26e7-dc57-4457-b602-0c8c8602d691@group-D6E7B59D90AF-FollowerState
2023-07-05 13:44:07,251 [grpc-default-executor-2] INFO  impl.RoleInfo (RoleInfo.java:updateAndGet(139)) - 860e26e7-dc57-4457-b602-0c8c8602d691: start 860e26e7-dc57-4457-b602-0c8c8602d691@group-D6E7B59D90AF-FollowerState
2023-07-05 13:44:07,251 [860e26e7-dc57-4457-b602-0c8c8602d691@group-D6E7B59D90AF-FollowerState] INFO  impl.FollowerState (FollowerState.java:run(152)) - 860e26e7-dc57-4457-b602-0c8c8602d691@group-D6E7B59D90AF-FollowerState was interrupted
2023-07-05 13:44:07,252 [e6531a31-c1d4-4472-9f40-44bc51606458@group-6E6DDB135F8E-SegmentedRaftLogWorker] INFO  segmented.SegmentedRaftLogWorker (SegmentedRaftLogWorker.java:execute(651)) - e6531a31-c1d4-4472-9f40-44bc51606458@group-6E6DDB135F8E-SegmentedRaftLogWorker: created new log segment /home/runner/work/ozone/ozone/hadoop-ozone/integration-test/target/test-dir/MiniOzoneClusterImpl-de398c68-44fd-4973-9846-b14d0f209e8c/datanode-1/data/ratis/549c5d28-e520-41ce-aeba-6e6ddb135f8e/current/log_inprogress_0
2023-07-05 13:44:07,254 [grpc-default-executor-1] INFO  server.RaftServer$Division (RaftServerImpl.java:requestVote(1335)) - e6531a31-c1d4-4472-9f40-44bc51606458@group-D6E7B59D90AF replies to ELECTION vote request: 67a76afe-b765-42e9-b514-f84c102d0c02<-e6531a31-c1d4-4472-9f40-44bc51606458#0:OK-t1. Peer's state: e6531a31-c1d4-4472-9f40-44bc51606458@group-D6E7B59D90AF:t1, leader=null, voted=67a76afe-b765-42e9-b514-f84c102d0c02, raftlog=Memoized:e6531a31-c1d4-4472-9f40-44bc51606458@group-D6E7B59D90AF-SegmentedRaftLog:OPENED:c-1, conf=-1: peers:[860e26e7-dc57-4457-b602-0c8c8602d691|rpc:10.1.0.13:15191|admin:10.1.0.13:15190|client:10.1.0.13:15189|dataStream:10.1.0.13:15192|priority:0|startupRole:FOLLOWER, 67a76afe-b765-42e9-b514-f84c102d0c02|rpc:10.1.0.13:15173|admin:10.1.0.13:15172|client:10.1.0.13:15171|dataStream:10.1.0.13:15174|priority:1|startupRole:FOLLOWER, e6531a31-c1d4-4472-9f40-44bc51606458|rpc:10.1.0.13:15182|admin:10.1.0.13:15181|client:10.1.0.13:15180|dataStream:10.1.0.13:15183|priority:0|startupRole:FOLLOWER]|listeners:[], old=null
2023-07-05 13:44:07,254 [grpc-default-executor-2] INFO  server.RaftServer$Division (RaftServerImpl.java:requestVote(1335)) - 860e26e7-dc57-4457-b602-0c8c8602d691@group-D6E7B59D90AF replies to ELECTION vote request: 67a76afe-b765-42e9-b514-f84c102d0c02<-860e26e7-dc57-4457-b602-0c8c8602d691#0:OK-t1. Peer's state: 860e26e7-dc57-4457-b602-0c8c8602d691@group-D6E7B59D90AF:t1, leader=null, voted=67a76afe-b765-42e9-b514-f84c102d0c02, raftlog=Memoized:860e26e7-dc57-4457-b602-0c8c8602d691@group-D6E7B59D90AF-SegmentedRaftLog:OPENED:c-1, conf=-1: peers:[860e26e7-dc57-4457-b602-0c8c8602d691|rpc:10.1.0.13:15191|admin:10.1.0.13:15190|client:10.1.0.13:15189|dataStream:10.1.0.13:15192|priority:0|startupRole:FOLLOWER, 67a76afe-b765-42e9-b514-f84c102d0c02|rpc:10.1.0.13:15173|admin:10.1.0.13:15172|client:10.1.0.13:15171|dataStream:10.1.0.13:15174|priority:1|startupRole:FOLLOWER, e6531a31-c1d4-4472-9f40-44bc51606458|rpc:10.1.0.13:15182|admin:10.1.0.13:15181|client:10.1.0.13:15180|dataStream:10.1.0.13:15183|priority:0|startupRole:FOLLOWER]|listeners:[], old=null
2023-07-05 13:44:07,255 [67a76afe-b765-42e9-b514-f84c102d0c02@group-D6E7B59D90AF-LeaderElection38] INFO  impl.LeaderElection (LeaderElection.java:logAndReturn(90)) - 67a76afe-b765-42e9-b514-f84c102d0c02@group-D6E7B59D90AF-LeaderElection38: ELECTION PASSED received 1 response(s) and 0 exception(s):
2023-07-05 13:44:07,255 [67a76afe-b765-42e9-b514-f84c102d0c02@group-D6E7B59D90AF-LeaderElection38] INFO  impl.LeaderElection (LeaderElection.java:logAndReturn(94)) -   Response 0: 67a76afe-b765-42e9-b514-f84c102d0c02<-860e26e7-dc57-4457-b602-0c8c8602d691#0:OK-t1
2023-07-05 13:44:07,255 [67a76afe-b765-42e9-b514-f84c102d0c02@group-D6E7B59D90AF-LeaderElection38] INFO  impl.LeaderElection (LeaderElection.java:askForVotes(323)) - 67a76afe-b765-42e9-b514-f84c102d0c02@group-D6E7B59D90AF-LeaderElection38 ELECTION round 0: result PASSED
2023-07-05 13:44:07,255 [67a76afe-b765-42e9-b514-f84c102d0c02@group-D6E7B59D90AF-LeaderElection38] INFO  impl.RoleInfo (RoleInfo.java:shutdownLeaderElection(130)) - 67a76afe-b765-42e9-b514-f84c102d0c02: shutdown 67a76afe-b765-42e9-b514-f84c102d0c02@group-D6E7B59D90AF-LeaderElection38
2023-07-05 13:44:07,256 [67a76afe-b765-42e9-b514-f84c102d0c02@group-D6E7B59D90AF-LeaderElection38] INFO  server.RaftServer$Division (RaftServerImpl.java:setRole(329)) - 67a76afe-b765-42e9-b514-f84c102d0c02@group-D6E7B59D90AF: changes role from CANDIDATE to LEADER at term 1 for changeToLeader
2023-07-05 13:44:07,256 [67a76afe-b765-42e9-b514-f84c102d0c02@group-D6E7B59D90AF-LeaderElection38] INFO  ratis.XceiverServerRatis (XceiverServerRatis.java:handleLeaderChangedNotification(902)) - Leader change notification received for group: group-D6E7B59D90AF with new leaderId: 67a76afe-b765-42e9-b514-f84c102d0c02
2023-07-05 13:44:07,256 [67a76afe-b765-42e9-b514-f84c102d0c02@group-D6E7B59D90AF-LeaderElection38] INFO  server.RaftServer$Division (ServerState.java:setLeader(317)) - 67a76afe-b765-42e9-b514-f84c102d0c02@group-D6E7B59D90AF: change Leader from null to 67a76afe-b765-42e9-b514-f84c102d0c02 at term 1 for becomeLeader, leader elected after 5160ms
2023-07-05 13:44:07,256 [67a76afe-b765-42e9-b514-f84c102d0c02@group-D6E7B59D90AF-LeaderElection38] INFO  server.RaftServerConfigKeys (ConfUtils.java:logGet(46)) - raft.server.staging.catchup.gap = 1000 (default)
2023-07-05 13:44:07,256 [67a76afe-b765-42e9-b514-f84c102d0c02@group-D6E7B59D90AF-LeaderElection38] INFO  server.RaftServerConfigKeys (ConfUtils.java:logGet(46)) - raft.server.write.element-limit = 1024 (custom)
2023-07-05 13:44:07,256 [67a76afe-b765-42e9-b514-f84c102d0c02@group-D6E7B59D90AF-LeaderElection38] INFO  server.RaftServerConfigKeys (ConfUtils.java:logGet(46)) - raft.server.write.byte-limit = 1024 M (=1073741824) (custom)
2023-07-05 13:44:07,256 [67a76afe-b765-42e9-b514-f84c102d0c02@group-D6E7B59D90AF-LeaderElection38] INFO  server.RaftServerConfigKeys (ConfUtils.java:logGet(46)) - raft.server.watch.timeout = 180s (custom)
2023-07-05 13:44:07,256 [67a76afe-b765-42e9-b514-f84c102d0c02@group-D6E7B59D90AF-LeaderElection38] INFO  server.RaftServerConfigKeys (ConfUtils.java:logGet(46)) - raft.server.watch.timeout.denomination = 1s (default)
2023-07-05 13:44:07,256 [67a76afe-b765-42e9-b514-f84c102d0c02@group-D6E7B59D90AF-LeaderElection38] INFO  server.RaftServerConfigKeys (ConfUtils.java:logGet(46)) - raft.server.watch.element-limit = 65536 (default)
2023-07-05 13:44:07,256 [67a76afe-b765-42e9-b514-f84c102d0c02@group-D6E7B59D90AF-LeaderElection38] INFO  server.RaftServerConfigKeys (ConfUtils.java:logGet(46)) - raft.server.write.element-limit = 1024 (custom)
2023-07-05 13:44:07,256 [67a76afe-b765-42e9-b514-f84c102d0c02@group-D6E7B59D90AF-LeaderElection38] INFO  server.RaftServerConfigKeys (ConfUtils.java:logGet(46)) - raft.server.write.follower.gap.ratio.max = -1.0 (default)
2023-07-05 13:44:07,257 [67a76afe-b765-42e9-b514-f84c102d0c02@group-D6E7B59D90AF-LeaderElection38] INFO  server.RaftServerConfigKeys (ConfUtils.java:logGet(46)) - raft.server.log.appender.snapshot.chunk.size.max = 16MB (=16777216) (default)
2023-07-05 13:44:07,257 [67a76afe-b765-42e9-b514-f84c102d0c02@group-D6E7B59D90AF-LeaderElection38] INFO  server.RaftServerConfigKeys (ConfUtils.java:logGet(46)) - raft.server.log.appender.buffer.byte-limit = 33554432 (custom)
2023-07-05 13:44:07,257 [67a76afe-b765-42e9-b514-f84c102d0c02@group-D6E7B59D90AF-LeaderElection38] INFO  server.RaftServerConfigKeys (ConfUtils.java:logGet(46)) - raft.server.log.appender.buffer.element-limit = 1 (custom)
2023-07-05 13:44:07,257 [67a76afe-b765-42e9-b514-f84c102d0c02@group-D6E7B59D90AF-LeaderElection38] INFO  server.RaftServerConfigKeys (ConfUtils.java:logGet(46)) - raft.server.log.appender.wait-time.min = 10ms (default)
2023-07-05 13:44:07,257 [67a76afe-b765-42e9-b514-f84c102d0c02@group-D6E7B59D90AF-LeaderElection38] INFO  grpc.GrpcConfigKeys (ConfUtils.java:logGet(46)) - raft.grpc.server.leader.outstanding.appends.max = 128 (default)
2023-07-05 13:44:07,257 [67a76afe-b765-42e9-b514-f84c102d0c02@group-D6E7B59D90AF-LeaderElection38] INFO  server.RaftServerConfigKeys (ConfUtils.java:logGet(46)) - raft.server.rpc.request.timeout = 60s (custom)
2023-07-05 13:44:07,257 [67a76afe-b765-42e9-b514-f84c102d0c02@group-D6E7B59D90AF-LeaderElection38] INFO  grpc.GrpcConfigKeys (ConfUtils.java:logGet(46)) - raft.grpc.server.install_snapshot.request.element-limit = 8 (default)
2023-07-05 13:44:07,257 [67a76afe-b765-42e9-b514-f84c102d0c02@group-D6E7B59D90AF-LeaderElection38] INFO  grpc.GrpcConfigKeys (ConfUtils.java:logGet(46)) - raft.grpc.server.install_snapshot.request.timeout = 3000ms (default)
2023-07-05 13:44:07,257 [67a76afe-b765-42e9-b514-f84c102d0c02@group-D6E7B59D90AF-LeaderElection38] INFO  server.RaftServerConfigKeys (ConfUtils.java:logGet(46)) - raft.server.log.appender.install.snapshot.enabled = false (custom)
2023-07-05 13:44:07,257 [67a76afe-b765-42e9-b514-f84c102d0c02@group-D6E7B59D90AF-LeaderElection38] INFO  grpc.GrpcConfigKeys (ConfUtils.java:logGet(46)) - raft.grpc.server.heartbeat.channel = true (default)
2023-07-05 13:44:07,258 [67a76afe-b765-42e9-b514-f84c102d0c02@group-D6E7B59D90AF-LeaderElection38] INFO  server.RaftServerConfigKeys (ConfUtils.java:logGet(46)) - raft.server.log.appender.snapshot.chunk.size.max = 16MB (=16777216) (default)
2023-07-05 13:44:07,258 [67a76afe-b765-42e9-b514-f84c102d0c02@group-D6E7B59D90AF-LeaderElection38] INFO  server.RaftServerConfigKeys (ConfUtils.java:logGet(46)) - raft.server.log.appender.buffer.byte-limit = 33554432 (custom)
2023-07-05 13:44:07,258 [67a76afe-b765-42e9-b514-f84c102d0c02@group-D6E7B59D90AF-LeaderElection38] INFO  server.RaftServerConfigKeys (ConfUtils.java:logGet(46)) - raft.server.log.appender.buffer.element-limit = 1 (custom)
2023-07-05 13:44:07,258 [67a76afe-b765-42e9-b514-f84c102d0c02@group-D6E7B59D90AF-LeaderElection38] INFO  server.RaftServerConfigKeys (ConfUtils.java:logGet(46)) - raft.server.log.appender.wait-time.min = 10ms (default)
2023-07-05 13:44:07,258 [67a76afe-b765-42e9-b514-f84c102d0c02@group-D6E7B59D90AF-LeaderElection38] INFO  grpc.GrpcConfigKeys (ConfUtils.java:logGet(46)) - raft.grpc.server.leader.outstanding.appends.max = 128 (default)
2023-07-05 13:44:07,258 [67a76afe-b765-42e9-b514-f84c102d0c02@group-D6E7B59D90AF-LeaderElection38] INFO  server.RaftServerConfigKeys (ConfUtils.java:logGet(46)) - raft.server.rpc.request.timeout = 60s (custom)
2023-07-05 13:44:07,258 [67a76afe-b765-42e9-b514-f84c102d0c02@group-D6E7B59D90AF-LeaderElection38] INFO  grpc.GrpcConfigKeys (ConfUtils.java:logGet(46)) - raft.grpc.server.install_snapshot.request.element-limit = 8 (default)
2023-07-05 13:44:07,258 [67a76afe-b765-42e9-b514-f84c102d0c02@group-D6E7B59D90AF-LeaderElection38] INFO  grpc.GrpcConfigKeys (ConfUtils.java:logGet(46)) - raft.grpc.server.install_snapshot.request.timeout = 3000ms (default)
2023-07-05 13:44:07,261 [67a76afe-b765-42e9-b514-f84c102d0c02@group-D6E7B59D90AF-LeaderElection38] INFO  server.RaftServerConfigKeys (ConfUtils.java:logGet(46)) - raft.server.log.appender.install.snapshot.enabled = false (custom)
2023-07-05 13:44:07,261 [67a76afe-b765-42e9-b514-f84c102d0c02@group-D6E7B59D90AF-LeaderElection38] INFO  grpc.GrpcConfigKeys (ConfUtils.java:logGet(46)) - raft.grpc.server.heartbeat.channel = true (default)
2023-07-05 13:44:07,262 [67a76afe-b765-42e9-b514-f84c102d0c02@group-D6E7B59D90AF-LeaderElection38] INFO  impl.RoleInfo (RoleInfo.java:updateAndGet(139)) - 67a76afe-b765-42e9-b514-f84c102d0c02: start 67a76afe-b765-42e9-b514-f84c102d0c02@group-D6E7B59D90AF-LeaderStateImpl
2023-07-05 13:44:07,262 [67a76afe-b765-42e9-b514-f84c102d0c02@group-D6E7B59D90AF-LeaderElection38] INFO  segmented.SegmentedRaftLogWorker (SegmentedRaftLogWorker.java:startLogSegment(447)) - 67a76afe-b765-42e9-b514-f84c102d0c02@group-D6E7B59D90AF-SegmentedRaftLogWorker: Starting segment from index:0
2023-07-05 13:44:07,258 [grpc-default-executor-0] INFO  server.RaftServer$Division (RaftServerImpl.java:requestVote(1335)) - 67a76afe-b765-42e9-b514-f84c102d0c02@group-6E6DDB135F8E replies to ELECTION vote request: e6531a31-c1d4-4472-9f40-44bc51606458<-67a76afe-b765-42e9-b514-f84c102d0c02#0:OK-t1. Peer's state: 67a76afe-b765-42e9-b514-f84c102d0c02@group-6E6DDB135F8E:t1, leader=null, voted=e6531a31-c1d4-4472-9f40-44bc51606458, raftlog=Memoized:67a76afe-b765-42e9-b514-f84c102d0c02@group-6E6DDB135F8E-SegmentedRaftLog:OPENED:c-1, conf=-1: peers:[860e26e7-dc57-4457-b602-0c8c8602d691|rpc:10.1.0.13:15191|admin:10.1.0.13:15190|client:10.1.0.13:15189|dataStream:10.1.0.13:15192|priority:0|startupRole:FOLLOWER, 67a76afe-b765-42e9-b514-f84c102d0c02|rpc:10.1.0.13:15173|admin:10.1.0.13:15172|client:10.1.0.13:15171|dataStream:10.1.0.13:15174|priority:0|startupRole:FOLLOWER, e6531a31-c1d4-4472-9f40-44bc51606458|rpc:10.1.0.13:15182|admin:10.1.0.13:15181|client:10.1.0.13:15180|dataStream:10.1.0.13:15183|priority:1|startupRole:FOLLOWER]|listeners:[], old=null
2023-07-05 13:44:07,267 [e6531a31-c1d4-4472-9f40-44bc51606458@group-6E6DDB135F8E-LeaderElection37] INFO  server.RaftServer$Division (ServerState.java:setRaftConf(434)) - e6531a31-c1d4-4472-9f40-44bc51606458@group-6E6DDB135F8E: set configuration 0: peers:[860e26e7-dc57-4457-b602-0c8c8602d691|rpc:10.1.0.13:15191|admin:10.1.0.13:15190|client:10.1.0.13:15189|dataStream:10.1.0.13:15192|priority:0|startupRole:FOLLOWER, 67a76afe-b765-42e9-b514-f84c102d0c02|rpc:10.1.0.13:15173|admin:10.1.0.13:15172|client:10.1.0.13:15171|dataStream:10.1.0.13:15174|priority:0|startupRole:FOLLOWER, e6531a31-c1d4-4472-9f40-44bc51606458|rpc:10.1.0.13:15182|admin:10.1.0.13:15181|client:10.1.0.13:15180|dataStream:10.1.0.13:15183|priority:1|startupRole:FOLLOWER]|listeners:[], old=null
2023-07-05 13:44:07,269 [EventQueue-PipelineReportForPipelineReportHandler] INFO  pipeline.PipelineReportHandler (PipelineReportHandler.java:processPipelineReport(136)) - Opened pipeline PipelineID=994e7e95-56cd-4f97-872d-d6e7b59d90af
2023-07-05 13:44:07,275 [67a76afe-b765-42e9-b514-f84c102d0c02@group-D6E7B59D90AF-SegmentedRaftLogWorker] INFO  segmented.SegmentedRaftLogWorker (SegmentedRaftLogWorker.java:execute(651)) - 67a76afe-b765-42e9-b514-f84c102d0c02@group-D6E7B59D90AF-SegmentedRaftLogWorker: created new log segment /home/runner/work/ozone/ozone/hadoop-ozone/integration-test/target/test-dir/MiniOzoneClusterImpl-de398c68-44fd-4973-9846-b14d0f209e8c/datanode-0/data/ratis/994e7e95-56cd-4f97-872d-d6e7b59d90af/current/log_inprogress_0
2023-07-05 13:44:07,280 [67a76afe-b765-42e9-b514-f84c102d0c02@group-D6E7B59D90AF-LeaderElection38] INFO  server.RaftServer$Division (ServerState.java:setRaftConf(434)) - 67a76afe-b765-42e9-b514-f84c102d0c02@group-D6E7B59D90AF: set configuration 0: peers:[860e26e7-dc57-4457-b602-0c8c8602d691|rpc:10.1.0.13:15191|admin:10.1.0.13:15190|client:10.1.0.13:15189|dataStream:10.1.0.13:15192|priority:0|startupRole:FOLLOWER, 67a76afe-b765-42e9-b514-f84c102d0c02|rpc:10.1.0.13:15173|admin:10.1.0.13:15172|client:10.1.0.13:15171|dataStream:10.1.0.13:15174|priority:1|startupRole:FOLLOWER, e6531a31-c1d4-4472-9f40-44bc51606458|rpc:10.1.0.13:15182|admin:10.1.0.13:15181|client:10.1.0.13:15180|dataStream:10.1.0.13:15183|priority:0|startupRole:FOLLOWER]|listeners:[], old=null
2023-07-05 13:44:07,280 [Time-limited test] INFO  ozone.MiniOzoneClusterImpl (MiniOzoneClusterImpl.java:lambda$waitForClusterToBeReady$0(224)) - Nodes are ready. Got 5 of 5 DN Heartbeats.
2023-07-05 13:44:07,280 [Time-limited test] INFO  ozone.MiniOzoneClusterImpl (MiniOzoneClusterImpl.java:lambda$waitForClusterToBeReady$0(227)) - Cluster exits safe mode
2023-07-05 13:44:07,280 [Time-limited test] INFO  ozone.MiniOzoneClusterImpl (MiniOzoneClusterImpl.java:lambda$waitForClusterToBeReady$0(229)) - SCM became leader
2023-07-05 13:44:07,282 [860e26e7-dc57-4457-b602-0c8c8602d691-server-thread1] INFO  ratis.XceiverServerRatis (XceiverServerRatis.java:handleLeaderChangedNotification(902)) - Leader change notification received for group: group-6E6DDB135F8E with new leaderId: e6531a31-c1d4-4472-9f40-44bc51606458
2023-07-05 13:44:07,282 [860e26e7-dc57-4457-b602-0c8c8602d691-server-thread1] INFO  server.RaftServer$Division (ServerState.java:setLeader(317)) - 860e26e7-dc57-4457-b602-0c8c8602d691@group-6E6DDB135F8E: change Leader from null to e6531a31-c1d4-4472-9f40-44bc51606458 at term 1 for appendEntries, leader elected after 5257ms
2023-07-05 13:44:07,291 [67a76afe-b765-42e9-b514-f84c102d0c02-server-thread1] INFO  ratis.XceiverServerRatis (XceiverServerRatis.java:handleLeaderChangedNotification(902)) - Leader change notification received for group: group-6E6DDB135F8E with new leaderId: e6531a31-c1d4-4472-9f40-44bc51606458
2023-07-05 13:44:07,292 [67a76afe-b765-42e9-b514-f84c102d0c02-server-thread1] INFO  server.RaftServer$Division (ServerState.java:setLeader(317)) - 67a76afe-b765-42e9-b514-f84c102d0c02@group-6E6DDB135F8E: change Leader from null to e6531a31-c1d4-4472-9f40-44bc51606458 at term 1 for appendEntries, leader elected after 5298ms
2023-07-05 13:44:07,294 [860e26e7-dc57-4457-b602-0c8c8602d691-server-thread1] INFO  ratis.XceiverServerRatis (XceiverServerRatis.java:handleLeaderChangedNotification(902)) - Leader change notification received for group: group-D6E7B59D90AF with new leaderId: 67a76afe-b765-42e9-b514-f84c102d0c02
2023-07-05 13:44:07,294 [860e26e7-dc57-4457-b602-0c8c8602d691-server-thread1] INFO  server.RaftServer$Division (ServerState.java:setLeader(317)) - 860e26e7-dc57-4457-b602-0c8c8602d691@group-D6E7B59D90AF: change Leader from null to 67a76afe-b765-42e9-b514-f84c102d0c02 at term 1 for appendEntries, leader elected after 5038ms
2023-07-05 13:44:07,301 [67a76afe-b765-42e9-b514-f84c102d0c02-server-thread3] INFO  server.RaftServer$Division (ServerState.java:setRaftConf(434)) - 67a76afe-b765-42e9-b514-f84c102d0c02@group-6E6DDB135F8E: set configuration 0: peers:[860e26e7-dc57-4457-b602-0c8c8602d691|rpc:10.1.0.13:15191|admin:10.1.0.13:15190|client:10.1.0.13:15189|dataStream:10.1.0.13:15192|priority:0|startupRole:FOLLOWER, 67a76afe-b765-42e9-b514-f84c102d0c02|rpc:10.1.0.13:15173|admin:10.1.0.13:15172|client:10.1.0.13:15171|dataStream:10.1.0.13:15174|priority:0|startupRole:FOLLOWER, e6531a31-c1d4-4472-9f40-44bc51606458|rpc:10.1.0.13:15182|admin:10.1.0.13:15181|client:10.1.0.13:15180|dataStream:10.1.0.13:15183|priority:1|startupRole:FOLLOWER]|listeners:[], old=null
2023-07-05 13:44:07,301 [67a76afe-b765-42e9-b514-f84c102d0c02-server-thread3] INFO  segmented.SegmentedRaftLogWorker (SegmentedRaftLogWorker.java:startLogSegment(447)) - 67a76afe-b765-42e9-b514-f84c102d0c02@group-6E6DDB135F8E-SegmentedRaftLogWorker: Starting segment from index:0
2023-07-05 13:44:07,301 [860e26e7-dc57-4457-b602-0c8c8602d691-server-thread2] INFO  server.RaftServer$Division (ServerState.java:setRaftConf(434)) - 860e26e7-dc57-4457-b602-0c8c8602d691@group-6E6DDB135F8E: set configuration 0: peers:[860e26e7-dc57-4457-b602-0c8c8602d691|rpc:10.1.0.13:15191|admin:10.1.0.13:15190|client:10.1.0.13:15189|dataStream:10.1.0.13:15192|priority:0|startupRole:FOLLOWER, 67a76afe-b765-42e9-b514-f84c102d0c02|rpc:10.1.0.13:15173|admin:10.1.0.13:15172|client:10.1.0.13:15171|dataStream:10.1.0.13:15174|priority:0|startupRole:FOLLOWER, e6531a31-c1d4-4472-9f40-44bc51606458|rpc:10.1.0.13:15182|admin:10.1.0.13:15181|client:10.1.0.13:15180|dataStream:10.1.0.13:15183|priority:1|startupRole:FOLLOWER]|listeners:[], old=null
2023-07-05 13:44:07,301 [860e26e7-dc57-4457-b602-0c8c8602d691-server-thread2] INFO  segmented.SegmentedRaftLogWorker (SegmentedRaftLogWorker.java:startLogSegment(447)) - 860e26e7-dc57-4457-b602-0c8c8602d691@group-6E6DDB135F8E-SegmentedRaftLogWorker: Starting segment from index:0
2023-07-05 13:44:07,310 [860e26e7-dc57-4457-b602-0c8c8602d691-server-thread2] INFO  server.RaftServer$Division (ServerState.java:setRaftConf(434)) - 860e26e7-dc57-4457-b602-0c8c8602d691@group-D6E7B59D90AF: set configuration 0: peers:[860e26e7-dc57-4457-b602-0c8c8602d691|rpc:10.1.0.13:15191|admin:10.1.0.13:15190|client:10.1.0.13:15189|dataStream:10.1.0.13:15192|priority:0|startupRole:FOLLOWER, 67a76afe-b765-42e9-b514-f84c102d0c02|rpc:10.1.0.13:15173|admin:10.1.0.13:15172|client:10.1.0.13:15171|dataStream:10.1.0.13:15174|priority:1|startupRole:FOLLOWER, e6531a31-c1d4-4472-9f40-44bc51606458|rpc:10.1.0.13:15182|admin:10.1.0.13:15181|client:10.1.0.13:15180|dataStream:10.1.0.13:15183|priority:0|startupRole:FOLLOWER]|listeners:[], old=null
2023-07-05 13:44:07,311 [860e26e7-dc57-4457-b602-0c8c8602d691-server-thread2] INFO  segmented.SegmentedRaftLogWorker (SegmentedRaftLogWorker.java:startLogSegment(447)) - 860e26e7-dc57-4457-b602-0c8c8602d691@group-D6E7B59D90AF-SegmentedRaftLogWorker: Starting segment from index:0
2023-07-05 13:44:07,312 [860e26e7-dc57-4457-b602-0c8c8602d691@group-6E6DDB135F8E-SegmentedRaftLogWorker] INFO  segmented.SegmentedRaftLogWorker (SegmentedRaftLogWorker.java:execute(651)) - 860e26e7-dc57-4457-b602-0c8c8602d691@group-6E6DDB135F8E-SegmentedRaftLogWorker: created new log segment /home/runner/work/ozone/ozone/hadoop-ozone/integration-test/target/test-dir/MiniOzoneClusterImpl-de398c68-44fd-4973-9846-b14d0f209e8c/datanode-2/data/ratis/549c5d28-e520-41ce-aeba-6e6ddb135f8e/current/log_inprogress_0
2023-07-05 13:44:07,317 [67a76afe-b765-42e9-b514-f84c102d0c02@group-6E6DDB135F8E-SegmentedRaftLogWorker] INFO  segmented.SegmentedRaftLogWorker (SegmentedRaftLogWorker.java:execute(651)) - 67a76afe-b765-42e9-b514-f84c102d0c02@group-6E6DDB135F8E-SegmentedRaftLogWorker: created new log segment /home/runner/work/ozone/ozone/hadoop-ozone/integration-test/target/test-dir/MiniOzoneClusterImpl-de398c68-44fd-4973-9846-b14d0f209e8c/datanode-0/data/ratis/549c5d28-e520-41ce-aeba-6e6ddb135f8e/current/log_inprogress_0
2023-07-05 13:44:07,318 [860e26e7-dc57-4457-b602-0c8c8602d691@group-D6E7B59D90AF-SegmentedRaftLogWorker] INFO  segmented.SegmentedRaftLogWorker (SegmentedRaftLogWorker.java:execute(651)) - 860e26e7-dc57-4457-b602-0c8c8602d691@group-D6E7B59D90AF-SegmentedRaftLogWorker: created new log segment /home/runner/work/ozone/ozone/hadoop-ozone/integration-test/target/test-dir/MiniOzoneClusterImpl-de398c68-44fd-4973-9846-b14d0f209e8c/datanode-2/data/ratis/994e7e95-56cd-4f97-872d-d6e7b59d90af/current/log_inprogress_0
2023-07-05 13:44:07,319 [e6531a31-c1d4-4472-9f40-44bc51606458-server-thread1] INFO  ratis.XceiverServerRatis (XceiverServerRatis.java:handleLeaderChangedNotification(902)) - Leader change notification received for group: group-D6E7B59D90AF with new leaderId: 67a76afe-b765-42e9-b514-f84c102d0c02
2023-07-05 13:44:07,319 [e6531a31-c1d4-4472-9f40-44bc51606458-server-thread1] INFO  server.RaftServer$Division (ServerState.java:setLeader(317)) - e6531a31-c1d4-4472-9f40-44bc51606458@group-D6E7B59D90AF: change Leader from null to 67a76afe-b765-42e9-b514-f84c102d0c02 at term 1 for appendEntries, leader elected after 5184ms
2023-07-05 13:44:07,321 [Time-limited test] INFO  rpc.RpcClient (RpcClient.java:createVolume(460)) - Creating Volume: vol1, with runner as owner and space quota set to -1 bytes, counts quota set to -1
2023-07-05 13:44:07,328 [e6531a31-c1d4-4472-9f40-44bc51606458-server-thread1] INFO  server.RaftServer$Division (ServerState.java:setRaftConf(434)) - e6531a31-c1d4-4472-9f40-44bc51606458@group-D6E7B59D90AF: set configuration 0: peers:[860e26e7-dc57-4457-b602-0c8c8602d691|rpc:10.1.0.13:15191|admin:10.1.0.13:15190|client:10.1.0.13:15189|dataStream:10.1.0.13:15192|priority:0|startupRole:FOLLOWER, 67a76afe-b765-42e9-b514-f84c102d0c02|rpc:10.1.0.13:15173|admin:10.1.0.13:15172|client:10.1.0.13:15171|dataStream:10.1.0.13:15174|priority:1|startupRole:FOLLOWER, e6531a31-c1d4-4472-9f40-44bc51606458|rpc:10.1.0.13:15182|admin:10.1.0.13:15181|client:10.1.0.13:15180|dataStream:10.1.0.13:15183|priority:0|startupRole:FOLLOWER]|listeners:[], old=null
2023-07-05 13:44:07,328 [e6531a31-c1d4-4472-9f40-44bc51606458-server-thread1] INFO  segmented.SegmentedRaftLogWorker (SegmentedRaftLogWorker.java:startLogSegment(447)) - e6531a31-c1d4-4472-9f40-44bc51606458@group-D6E7B59D90AF-SegmentedRaftLogWorker: Starting segment from index:0
2023-07-05 13:44:07,336 [e6531a31-c1d4-4472-9f40-44bc51606458@group-D6E7B59D90AF-SegmentedRaftLogWorker] INFO  segmented.SegmentedRaftLogWorker (SegmentedRaftLogWorker.java:execute(651)) - e6531a31-c1d4-4472-9f40-44bc51606458@group-D6E7B59D90AF-SegmentedRaftLogWorker: created new log segment /home/runner/work/ozone/ozone/hadoop-ozone/integration-test/target/test-dir/MiniOzoneClusterImpl-de398c68-44fd-4973-9846-b14d0f209e8c/datanode-1/data/ratis/994e7e95-56cd-4f97-872d-d6e7b59d90af/current/log_inprogress_0
2023-07-05 13:44:07,344 [OM StateMachine ApplyTransaction Thread - 0] INFO  volume.OMVolumeCreateRequest (OMVolumeCreateRequest.java:validateAndUpdateCache(196)) - created volume:vol1 for user:runner
2023-07-05 13:44:07,351 [Time-limited test] INFO  rpc.RpcClient (RpcClient.java:createBucket(687)) - Creating Bucket: vol1/bucket1, with server-side default bucket layout, runner as owner, Versioning false, Storage Type set to DISK and Encryption set to false, Replication Type set to server-side default replication type, Namespace Quota set to -1, Space Quota set to -1 
2023-07-05 13:44:07,355 [OM StateMachine ApplyTransaction Thread - 0] INFO  bucket.OMBucketCreateRequest (OMBucketCreateRequest.java:validateAndUpdateCache(270)) - created bucket: bucket1 of layout FILE_SYSTEM_OPTIMIZED in volume: vol1
2023-07-05 13:44:07,364 [e6531a31-c1d4-4472-9f40-44bc51606458@group-61DE4A12B047-FollowerState] INFO  impl.FollowerState (FollowerState.java:run(143)) - e6531a31-c1d4-4472-9f40-44bc51606458@group-61DE4A12B047-FollowerState: change to CANDIDATE, lastRpcElapsedTime:5053656005ns, electionTimeout:5048ms
2023-07-05 13:44:07,366 [e6531a31-c1d4-4472-9f40-44bc51606458@group-61DE4A12B047-FollowerState] INFO  impl.RoleInfo (RoleInfo.java:shutdownFollowerState(110)) - e6531a31-c1d4-4472-9f40-44bc51606458: shutdown e6531a31-c1d4-4472-9f40-44bc51606458@group-61DE4A12B047-FollowerState
2023-07-05 13:44:07,366 [e6531a31-c1d4-4472-9f40-44bc51606458@group-61DE4A12B047-FollowerState] INFO  server.RaftServer$Division (RaftServerImpl.java:setRole(329)) - e6531a31-c1d4-4472-9f40-44bc51606458@group-61DE4A12B047: changes role from  FOLLOWER to CANDIDATE at term 0 for changeToCandidate
2023-07-05 13:44:07,370 [e6531a31-c1d4-4472-9f40-44bc51606458@group-61DE4A12B047-FollowerState] INFO  server.RaftServerConfigKeys (ConfUtils.java:logGet(46)) - raft.server.leaderelection.pre-vote = true (default)
2023-07-05 13:44:07,370 [e6531a31-c1d4-4472-9f40-44bc51606458@group-61DE4A12B047-FollowerState] INFO  impl.RoleInfo (RoleInfo.java:updateAndGet(139)) - e6531a31-c1d4-4472-9f40-44bc51606458: start e6531a31-c1d4-4472-9f40-44bc51606458@group-61DE4A12B047-LeaderElection39
2023-07-05 13:44:07,377 [e6531a31-c1d4-4472-9f40-44bc51606458@group-61DE4A12B047-LeaderElection39] INFO  impl.LeaderElection (LeaderElection.java:askForVotes(321)) - e6531a31-c1d4-4472-9f40-44bc51606458@group-61DE4A12B047-LeaderElection39 PRE_VOTE round 0: submit vote requests at term 0 for -1: peers:[e6531a31-c1d4-4472-9f40-44bc51606458|rpc:10.1.0.13:15182|admin:10.1.0.13:15181|client:10.1.0.13:15180|dataStream:10.1.0.13:15183|priority:1|startupRole:FOLLOWER]|listeners:[], old=null
2023-07-05 13:44:07,377 [e6531a31-c1d4-4472-9f40-44bc51606458@group-61DE4A12B047-LeaderElection39] INFO  impl.LeaderElection (LeaderElection.java:askForVotes(323)) - e6531a31-c1d4-4472-9f40-44bc51606458@group-61DE4A12B047-LeaderElection39 PRE_VOTE round 0: result PASSED (term=0)
2023-07-05 13:44:07,378 [IPC Server handler 1 on default port 15160] INFO  ha.SequenceIdGenerator (SequenceIdGenerator.java:getNextId(133)) - Allocate a batch for containerId, change lastId from 0 to 1000.
2023-07-05 13:44:07,379 [IPC Server handler 1 on default port 15160] WARN  ha.SequenceIdGenerator (SequenceIdGenerator.java:allocateBatch(242)) - Failed to allocate a batch for localId, expected lastId is 0, actual lastId is 111677748019200000.
2023-07-05 13:44:07,380 [IPC Server handler 1 on default port 15160] INFO  ha.SequenceIdGenerator (SequenceIdGenerator.java:getNextId(133)) - Allocate a batch for localId, change lastId from 111677748019200000 to 111677748019201000.
2023-07-05 13:44:07,380 [e6531a31-c1d4-4472-9f40-44bc51606458@group-61DE4A12B047-LeaderElection39] INFO  impl.LeaderElection (LeaderElection.java:askForVotes(321)) - e6531a31-c1d4-4472-9f40-44bc51606458@group-61DE4A12B047-LeaderElection39 ELECTION round 0: submit vote requests at term 1 for -1: peers:[e6531a31-c1d4-4472-9f40-44bc51606458|rpc:10.1.0.13:15182|admin:10.1.0.13:15181|client:10.1.0.13:15180|dataStream:10.1.0.13:15183|priority:1|startupRole:FOLLOWER]|listeners:[], old=null
2023-07-05 13:44:07,380 [e6531a31-c1d4-4472-9f40-44bc51606458@group-61DE4A12B047-LeaderElection39] INFO  impl.LeaderElection (LeaderElection.java:askForVotes(323)) - e6531a31-c1d4-4472-9f40-44bc51606458@group-61DE4A12B047-LeaderElection39 ELECTION round 0: result PASSED (term=1)
2023-07-05 13:44:07,380 [e6531a31-c1d4-4472-9f40-44bc51606458@group-61DE4A12B047-LeaderElection39] INFO  impl.RoleInfo (RoleInfo.java:shutdownLeaderElection(130)) - e6531a31-c1d4-4472-9f40-44bc51606458: shutdown e6531a31-c1d4-4472-9f40-44bc51606458@group-61DE4A12B047-LeaderElection39
2023-07-05 13:44:07,382 [e6531a31-c1d4-4472-9f40-44bc51606458@group-61DE4A12B047-LeaderElection39] INFO  server.RaftServer$Division (RaftServerImpl.java:setRole(329)) - e6531a31-c1d4-4472-9f40-44bc51606458@group-61DE4A12B047: changes role from CANDIDATE to LEADER at term 1 for changeToLeader
2023-07-05 13:44:07,382 [e6531a31-c1d4-4472-9f40-44bc51606458@group-61DE4A12B047-LeaderElection39] INFO  ratis.XceiverServerRatis (XceiverServerRatis.java:handleLeaderChangedNotification(902)) - Leader change notification received for group: group-61DE4A12B047 with new leaderId: e6531a31-c1d4-4472-9f40-44bc51606458
2023-07-05 13:44:07,382 [e6531a31-c1d4-4472-9f40-44bc51606458@group-61DE4A12B047-LeaderElection39] INFO  server.RaftServer$Division (ServerState.java:setLeader(317)) - e6531a31-c1d4-4472-9f40-44bc51606458@group-61DE4A12B047: change Leader from null to e6531a31-c1d4-4472-9f40-44bc51606458 at term 1 for becomeLeader, leader elected after 5090ms
2023-07-05 13:44:07,382 [e6531a31-c1d4-4472-9f40-44bc51606458@group-61DE4A12B047-LeaderElection39] INFO  server.RaftServerConfigKeys (ConfUtils.java:logGet(46)) - raft.server.staging.catchup.gap = 1000 (default)
2023-07-05 13:44:07,383 [e6531a31-c1d4-4472-9f40-44bc51606458@group-61DE4A12B047-LeaderElection39] INFO  server.RaftServerConfigKeys (ConfUtils.java:logGet(46)) - raft.server.write.element-limit = 1024 (custom)
2023-07-05 13:44:07,383 [e6531a31-c1d4-4472-9f40-44bc51606458@group-61DE4A12B047-LeaderElection39] INFO  server.RaftServerConfigKeys (ConfUtils.java:logGet(46)) - raft.server.write.byte-limit = 1024 M (=1073741824) (custom)
2023-07-05 13:44:07,383 [e6531a31-c1d4-4472-9f40-44bc51606458@group-61DE4A12B047-LeaderElection39] INFO  server.RaftServerConfigKeys (ConfUtils.java:logGet(46)) - raft.server.watch.timeout = 180s (custom)
2023-07-05 13:44:07,383 [e6531a31-c1d4-4472-9f40-44bc51606458@group-61DE4A12B047-LeaderElection39] INFO  server.RaftServerConfigKeys (ConfUtils.java:logGet(46)) - raft.server.watch.timeout.denomination = 1s (default)
2023-07-05 13:44:07,383 [e6531a31-c1d4-4472-9f40-44bc51606458@group-61DE4A12B047-LeaderElection39] INFO  server.RaftServerConfigKeys (ConfUtils.java:logGet(46)) - raft.server.watch.element-limit = 65536 (default)
2023-07-05 13:44:07,383 [e6531a31-c1d4-4472-9f40-44bc51606458@group-61DE4A12B047-LeaderElection39] INFO  server.RaftServerConfigKeys (ConfUtils.java:logGet(46)) - raft.server.write.element-limit = 1024 (custom)
2023-07-05 13:44:07,383 [e6531a31-c1d4-4472-9f40-44bc51606458@group-61DE4A12B047-LeaderElection39] INFO  server.RaftServerConfigKeys (ConfUtils.java:logGet(46)) - raft.server.write.follower.gap.ratio.max = -1.0 (default)
2023-07-05 13:44:07,383 [e6531a31-c1d4-4472-9f40-44bc51606458@group-61DE4A12B047-LeaderElection39] INFO  impl.RoleInfo (RoleInfo.java:updateAndGet(139)) - e6531a31-c1d4-4472-9f40-44bc51606458: start e6531a31-c1d4-4472-9f40-44bc51606458@group-61DE4A12B047-LeaderStateImpl
2023-07-05 13:44:07,383 [e6531a31-c1d4-4472-9f40-44bc51606458@group-61DE4A12B047-LeaderElection39] INFO  segmented.SegmentedRaftLogWorker (SegmentedRaftLogWorker.java:startLogSegment(447)) - e6531a31-c1d4-4472-9f40-44bc51606458@group-61DE4A12B047-SegmentedRaftLogWorker: Starting segment from index:0
2023-07-05 13:44:07,389 [e6531a31-c1d4-4472-9f40-44bc51606458@group-61DE4A12B047-LeaderElection39] INFO  server.RaftServer$Division (ServerState.java:setRaftConf(434)) - e6531a31-c1d4-4472-9f40-44bc51606458@group-61DE4A12B047: set configuration 0: peers:[e6531a31-c1d4-4472-9f40-44bc51606458|rpc:10.1.0.13:15182|admin:10.1.0.13:15181|client:10.1.0.13:15180|dataStream:10.1.0.13:15183|priority:1|startupRole:FOLLOWER]|listeners:[], old=null
2023-07-05 13:44:07,392 [e6531a31-c1d4-4472-9f40-44bc51606458@group-61DE4A12B047-SegmentedRaftLogWorker] INFO  segmented.SegmentedRaftLogWorker (SegmentedRaftLogWorker.java:execute(651)) - e6531a31-c1d4-4472-9f40-44bc51606458@group-61DE4A12B047-SegmentedRaftLogWorker: created new log segment /home/runner/work/ozone/ozone/hadoop-ozone/integration-test/target/test-dir/MiniOzoneClusterImpl-de398c68-44fd-4973-9846-b14d0f209e8c/datanode-1/data/ratis/2bf416bc-d75c-4842-91a6-61de4a12b047/current/log_inprogress_0
2023-07-05 13:44:07,506 [EventQueue-CloseContainerForCloseContainerEventHandler] INFO  container.CloseContainerEventHandler (CloseContainerEventHandler.java:onMessage(88)) - Close container Event triggered for container : #1, current state: OPEN
2023-07-05 13:44:07,508 [EventQueue-CloseContainerForCloseContainerEventHandler] INFO  container.CloseContainerEventHandler (CloseContainerEventHandler.java:onMessage(88)) - Close container Event triggered for container : #1, current state: CLOSING
2023-07-05 13:44:07,508 [EventQueue-CloseContainerForCloseContainerEventHandler] INFO  container.CloseContainerEventHandler (CloseContainerEventHandler.java:onMessage(88)) - Close container Event triggered for container : #1, current state: CLOSING
2023-07-05 13:44:07,615 [ReplicationMonitor] INFO  replication.ReplicationManager (ReplicationManager.java:processAll(361)) - Replication Manager is not ready to run until 3000ms after safemode exit
2023-07-05 13:44:07,862 [860e26e7-dc57-4457-b602-0c8c8602d691@group-45307D472E0E-FollowerState] INFO  impl.FollowerState (FollowerState.java:run(143)) - 860e26e7-dc57-4457-b602-0c8c8602d691@group-45307D472E0E-FollowerState: change to CANDIDATE, lastRpcElapsedTime:5191337034ns, electionTimeout:5190ms
2023-07-05 13:44:07,862 [860e26e7-dc57-4457-b602-0c8c8602d691@group-45307D472E0E-FollowerState] INFO  impl.RoleInfo (RoleInfo.java:shutdownFollowerState(110)) - 860e26e7-dc57-4457-b602-0c8c8602d691: shutdown 860e26e7-dc57-4457-b602-0c8c8602d691@group-45307D472E0E-FollowerState
2023-07-05 13:44:07,862 [860e26e7-dc57-4457-b602-0c8c8602d691@group-45307D472E0E-FollowerState] INFO  server.RaftServer$Division (RaftServerImpl.java:setRole(329)) - 860e26e7-dc57-4457-b602-0c8c8602d691@group-45307D472E0E: changes role from  FOLLOWER to CANDIDATE at term 0 for changeToCandidate
2023-07-05 13:44:07,862 [860e26e7-dc57-4457-b602-0c8c8602d691@group-45307D472E0E-FollowerState] INFO  server.RaftServerConfigKeys (ConfUtils.java:logGet(46)) - raft.server.leaderelection.pre-vote = true (default)
2023-07-05 13:44:07,862 [860e26e7-dc57-4457-b602-0c8c8602d691@group-45307D472E0E-FollowerState] INFO  impl.RoleInfo (RoleInfo.java:updateAndGet(139)) - 860e26e7-dc57-4457-b602-0c8c8602d691: start 860e26e7-dc57-4457-b602-0c8c8602d691@group-45307D472E0E-LeaderElection40
2023-07-05 13:44:07,865 [860e26e7-dc57-4457-b602-0c8c8602d691@group-45307D472E0E-LeaderElection40] INFO  impl.LeaderElection (LeaderElection.java:askForVotes(321)) - 860e26e7-dc57-4457-b602-0c8c8602d691@group-45307D472E0E-LeaderElection40 PRE_VOTE round 0: submit vote requests at term 0 for -1: peers:[860e26e7-dc57-4457-b602-0c8c8602d691|rpc:10.1.0.13:15191|admin:10.1.0.13:15190|client:10.1.0.13:15189|dataStream:10.1.0.13:15192|priority:1|startupRole:FOLLOWER]|listeners:[], old=null
2023-07-05 13:44:07,865 [860e26e7-dc57-4457-b602-0c8c8602d691@group-45307D472E0E-LeaderElection40] INFO  impl.LeaderElection (LeaderElection.java:askForVotes(323)) - 860e26e7-dc57-4457-b602-0c8c8602d691@group-45307D472E0E-LeaderElection40 PRE_VOTE round 0: result PASSED (term=0)
2023-07-05 13:44:07,867 [860e26e7-dc57-4457-b602-0c8c8602d691@group-45307D472E0E-LeaderElection40] INFO  impl.LeaderElection (LeaderElection.java:askForVotes(321)) - 860e26e7-dc57-4457-b602-0c8c8602d691@group-45307D472E0E-LeaderElection40 ELECTION round 0: submit vote requests at term 1 for -1: peers:[860e26e7-dc57-4457-b602-0c8c8602d691|rpc:10.1.0.13:15191|admin:10.1.0.13:15190|client:10.1.0.13:15189|dataStream:10.1.0.13:15192|priority:1|startupRole:FOLLOWER]|listeners:[], old=null
2023-07-05 13:44:07,867 [860e26e7-dc57-4457-b602-0c8c8602d691@group-45307D472E0E-LeaderElection40] INFO  impl.LeaderElection (LeaderElection.java:askForVotes(323)) - 860e26e7-dc57-4457-b602-0c8c8602d691@group-45307D472E0E-LeaderElection40 ELECTION round 0: result PASSED (term=1)
2023-07-05 13:44:07,867 [860e26e7-dc57-4457-b602-0c8c8602d691@group-45307D472E0E-LeaderElection40] INFO  impl.RoleInfo (RoleInfo.java:shutdownLeaderElection(130)) - 860e26e7-dc57-4457-b602-0c8c8602d691: shutdown 860e26e7-dc57-4457-b602-0c8c8602d691@group-45307D472E0E-LeaderElection40
2023-07-05 13:44:07,867 [860e26e7-dc57-4457-b602-0c8c8602d691@group-45307D472E0E-LeaderElection40] INFO  server.RaftServer$Division (RaftServerImpl.java:setRole(329)) - 860e26e7-dc57-4457-b602-0c8c8602d691@group-45307D472E0E: changes role from CANDIDATE to LEADER at term 1 for changeToLeader
2023-07-05 13:44:07,868 [860e26e7-dc57-4457-b602-0c8c8602d691@group-45307D472E0E-LeaderElection40] INFO  ratis.XceiverServerRatis (XceiverServerRatis.java:handleLeaderChangedNotification(902)) - Leader change notification received for group: group-45307D472E0E with new leaderId: 860e26e7-dc57-4457-b602-0c8c8602d691
2023-07-05 13:44:07,868 [860e26e7-dc57-4457-b602-0c8c8602d691@group-45307D472E0E-LeaderElection40] INFO  server.RaftServer$Division (ServerState.java:setLeader(317)) - 860e26e7-dc57-4457-b602-0c8c8602d691@group-45307D472E0E: change Leader from null to 860e26e7-dc57-4457-b602-0c8c8602d691 at term 1 for becomeLeader, leader elected after 5214ms
2023-07-05 13:44:07,868 [860e26e7-dc57-4457-b602-0c8c8602d691@group-45307D472E0E-LeaderElection40] INFO  server.RaftServerConfigKeys (ConfUtils.java:logGet(46)) - raft.server.staging.catchup.gap = 1000 (default)
2023-07-05 13:44:07,868 [860e26e7-dc57-4457-b602-0c8c8602d691@group-45307D472E0E-LeaderElection40] INFO  server.RaftServerConfigKeys (ConfUtils.java:logGet(46)) - raft.server.write.element-limit = 1024 (custom)
2023-07-05 13:44:07,868 [860e26e7-dc57-4457-b602-0c8c8602d691@group-45307D472E0E-LeaderElection40] INFO  server.RaftServerConfigKeys (ConfUtils.java:logGet(46)) - raft.server.write.byte-limit = 1024 M (=1073741824) (custom)
2023-07-05 13:44:07,868 [860e26e7-dc57-4457-b602-0c8c8602d691@group-45307D472E0E-LeaderElection40] INFO  server.RaftServerConfigKeys (ConfUtils.java:logGet(46)) - raft.server.watch.timeout = 180s (custom)
2023-07-05 13:44:07,868 [860e26e7-dc57-4457-b602-0c8c8602d691@group-45307D472E0E-LeaderElection40] INFO  server.RaftServerConfigKeys (ConfUtils.java:logGet(46)) - raft.server.watch.timeout.denomination = 1s (default)
2023-07-05 13:44:07,869 [860e26e7-dc57-4457-b602-0c8c8602d691@group-45307D472E0E-LeaderElection40] INFO  server.RaftServerConfigKeys (ConfUtils.java:logGet(46)) - raft.server.watch.element-limit = 65536 (default)
2023-07-05 13:44:07,869 [860e26e7-dc57-4457-b602-0c8c8602d691@group-45307D472E0E-LeaderElection40] INFO  server.RaftServerConfigKeys (ConfUtils.java:logGet(46)) - raft.server.write.element-limit = 1024 (custom)
2023-07-05 13:44:07,869 [860e26e7-dc57-4457-b602-0c8c8602d691@group-45307D472E0E-LeaderElection40] INFO  server.RaftServerConfigKeys (ConfUtils.java:logGet(46)) - raft.server.write.follower.gap.ratio.max = -1.0 (default)
2023-07-05 13:44:07,869 [860e26e7-dc57-4457-b602-0c8c8602d691@group-45307D472E0E-LeaderElection40] INFO  impl.RoleInfo (RoleInfo.java:updateAndGet(139)) - 860e26e7-dc57-4457-b602-0c8c8602d691: start 860e26e7-dc57-4457-b602-0c8c8602d691@group-45307D472E0E-LeaderStateImpl
2023-07-05 13:44:07,869 [860e26e7-dc57-4457-b602-0c8c8602d691@group-45307D472E0E-LeaderElection40] INFO  segmented.SegmentedRaftLogWorker (SegmentedRaftLogWorker.java:startLogSegment(447)) - 860e26e7-dc57-4457-b602-0c8c8602d691@group-45307D472E0E-SegmentedRaftLogWorker: Starting segment from index:0
2023-07-05 13:44:07,869 [860e26e7-dc57-4457-b602-0c8c8602d691@group-45307D472E0E-LeaderElection40] INFO  server.RaftServer$Division (ServerState.java:setRaftConf(434)) - 860e26e7-dc57-4457-b602-0c8c8602d691@group-45307D472E0E: set configuration 0: peers:[860e26e7-dc57-4457-b602-0c8c8602d691|rpc:10.1.0.13:15191|admin:10.1.0.13:15190|client:10.1.0.13:15189|dataStream:10.1.0.13:15192|priority:1|startupRole:FOLLOWER]|listeners:[], old=null
2023-07-05 13:44:07,875 [860e26e7-dc57-4457-b602-0c8c8602d691@group-45307D472E0E-SegmentedRaftLogWorker] INFO  segmented.SegmentedRaftLogWorker (SegmentedRaftLogWorker.java:execute(651)) - 860e26e7-dc57-4457-b602-0c8c8602d691@group-45307D472E0E-SegmentedRaftLogWorker: created new log segment /home/runner/work/ozone/ozone/hadoop-ozone/integration-test/target/test-dir/MiniOzoneClusterImpl-de398c68-44fd-4973-9846-b14d0f209e8c/datanode-2/data/ratis/44bae637-6859-4aa0-b5ca-45307d472e0e/current/log_inprogress_0
2023-07-05 13:44:08,165 [b5cb5029-fdf1-4728-9c16-344453faf343@group-F259C1EA7085-FollowerState] INFO  impl.FollowerState (FollowerState.java:run(143)) - b5cb5029-fdf1-4728-9c16-344453faf343@group-F259C1EA7085-FollowerState: change to CANDIDATE, lastRpcElapsedTime:5191470441ns, electionTimeout:5180ms
2023-07-05 13:44:08,165 [b5cb5029-fdf1-4728-9c16-344453faf343@group-F259C1EA7085-FollowerState] INFO  impl.RoleInfo (RoleInfo.java:shutdownFollowerState(110)) - b5cb5029-fdf1-4728-9c16-344453faf343: shutdown b5cb5029-fdf1-4728-9c16-344453faf343@group-F259C1EA7085-FollowerState
2023-07-05 13:44:08,165 [b5cb5029-fdf1-4728-9c16-344453faf343@group-F259C1EA7085-FollowerState] INFO  server.RaftServer$Division (RaftServerImpl.java:setRole(329)) - b5cb5029-fdf1-4728-9c16-344453faf343@group-F259C1EA7085: changes role from  FOLLOWER to CANDIDATE at term 0 for changeToCandidate
2023-07-05 13:44:08,165 [b5cb5029-fdf1-4728-9c16-344453faf343@group-F259C1EA7085-FollowerState] INFO  server.RaftServerConfigKeys (ConfUtils.java:logGet(46)) - raft.server.leaderelection.pre-vote = true (default)
2023-07-05 13:44:08,165 [b5cb5029-fdf1-4728-9c16-344453faf343@group-F259C1EA7085-FollowerState] INFO  impl.RoleInfo (RoleInfo.java:updateAndGet(139)) - b5cb5029-fdf1-4728-9c16-344453faf343: start b5cb5029-fdf1-4728-9c16-344453faf343@group-F259C1EA7085-LeaderElection41
2023-07-05 13:44:08,168 [b5cb5029-fdf1-4728-9c16-344453faf343@group-F259C1EA7085-LeaderElection41] INFO  impl.LeaderElection (LeaderElection.java:askForVotes(321)) - b5cb5029-fdf1-4728-9c16-344453faf343@group-F259C1EA7085-LeaderElection41 PRE_VOTE round 0: submit vote requests at term 0 for -1: peers:[b5cb5029-fdf1-4728-9c16-344453faf343|rpc:10.1.0.13:15200|admin:10.1.0.13:15199|client:10.1.0.13:15198|dataStream:10.1.0.13:15201|priority:1|startupRole:FOLLOWER]|listeners:[], old=null
2023-07-05 13:44:08,168 [b5cb5029-fdf1-4728-9c16-344453faf343@group-F259C1EA7085-LeaderElection41] INFO  impl.LeaderElection (LeaderElection.java:askForVotes(323)) - b5cb5029-fdf1-4728-9c16-344453faf343@group-F259C1EA7085-LeaderElection41 PRE_VOTE round 0: result PASSED (term=0)
2023-07-05 13:44:08,170 [b5cb5029-fdf1-4728-9c16-344453faf343@group-F259C1EA7085-LeaderElection41] INFO  impl.LeaderElection (LeaderElection.java:askForVotes(321)) - b5cb5029-fdf1-4728-9c16-344453faf343@group-F259C1EA7085-LeaderElection41 ELECTION round 0: submit vote requests at term 1 for -1: peers:[b5cb5029-fdf1-4728-9c16-344453faf343|rpc:10.1.0.13:15200|admin:10.1.0.13:15199|client:10.1.0.13:15198|dataStream:10.1.0.13:15201|priority:1|startupRole:FOLLOWER]|listeners:[], old=null
2023-07-05 13:44:08,170 [b5cb5029-fdf1-4728-9c16-344453faf343@group-F259C1EA7085-LeaderElection41] INFO  impl.LeaderElection (LeaderElection.java:askForVotes(323)) - b5cb5029-fdf1-4728-9c16-344453faf343@group-F259C1EA7085-LeaderElection41 ELECTION round 0: result PASSED (term=1)
2023-07-05 13:44:08,170 [b5cb5029-fdf1-4728-9c16-344453faf343@group-F259C1EA7085-LeaderElection41] INFO  impl.RoleInfo (RoleInfo.java:shutdownLeaderElection(130)) - b5cb5029-fdf1-4728-9c16-344453faf343: shutdown b5cb5029-fdf1-4728-9c16-344453faf343@group-F259C1EA7085-LeaderElection41
2023-07-05 13:44:08,170 [b5cb5029-fdf1-4728-9c16-344453faf343@group-F259C1EA7085-LeaderElection41] INFO  server.RaftServer$Division (RaftServerImpl.java:setRole(329)) - b5cb5029-fdf1-4728-9c16-344453faf343@group-F259C1EA7085: changes role from CANDIDATE to LEADER at term 1 for changeToLeader
2023-07-05 13:44:08,170 [b5cb5029-fdf1-4728-9c16-344453faf343@group-F259C1EA7085-LeaderElection41] INFO  ratis.XceiverServerRatis (XceiverServerRatis.java:handleLeaderChangedNotification(902)) - Leader change notification received for group: group-F259C1EA7085 with new leaderId: b5cb5029-fdf1-4728-9c16-344453faf343
2023-07-05 13:44:08,170 [b5cb5029-fdf1-4728-9c16-344453faf343@group-F259C1EA7085-LeaderElection41] INFO  server.RaftServer$Division (ServerState.java:setLeader(317)) - b5cb5029-fdf1-4728-9c16-344453faf343@group-F259C1EA7085: change Leader from null to b5cb5029-fdf1-4728-9c16-344453faf343 at term 1 for becomeLeader, leader elected after 5213ms
2023-07-05 13:44:08,170 [b5cb5029-fdf1-4728-9c16-344453faf343@group-F259C1EA7085-LeaderElection41] INFO  server.RaftServerConfigKeys (ConfUtils.java:logGet(46)) - raft.server.staging.catchup.gap = 1000 (default)
2023-07-05 13:44:08,171 [b5cb5029-fdf1-4728-9c16-344453faf343@group-F259C1EA7085-LeaderElection41] INFO  server.RaftServerConfigKeys (ConfUtils.java:logGet(46)) - raft.server.write.element-limit = 1024 (custom)
2023-07-05 13:44:08,171 [b5cb5029-fdf1-4728-9c16-344453faf343@group-F259C1EA7085-LeaderElection41] INFO  server.RaftServerConfigKeys (ConfUtils.java:logGet(46)) - raft.server.write.byte-limit = 1024 M (=1073741824) (custom)
2023-07-05 13:44:08,171 [b5cb5029-fdf1-4728-9c16-344453faf343@group-F259C1EA7085-LeaderElection41] INFO  server.RaftServerConfigKeys (ConfUtils.java:logGet(46)) - raft.server.watch.timeout = 180s (custom)
2023-07-05 13:44:08,171 [b5cb5029-fdf1-4728-9c16-344453faf343@group-F259C1EA7085-LeaderElection41] INFO  server.RaftServerConfigKeys (ConfUtils.java:logGet(46)) - raft.server.watch.timeout.denomination = 1s (default)
2023-07-05 13:44:08,171 [b5cb5029-fdf1-4728-9c16-344453faf343@group-F259C1EA7085-LeaderElection41] INFO  server.RaftServerConfigKeys (ConfUtils.java:logGet(46)) - raft.server.watch.element-limit = 65536 (default)
2023-07-05 13:44:08,171 [b5cb5029-fdf1-4728-9c16-344453faf343@group-F259C1EA7085-LeaderElection41] INFO  server.RaftServerConfigKeys (ConfUtils.java:logGet(46)) - raft.server.write.element-limit = 1024 (custom)
2023-07-05 13:44:08,171 [b5cb5029-fdf1-4728-9c16-344453faf343@group-F259C1EA7085-LeaderElection41] INFO  server.RaftServerConfigKeys (ConfUtils.java:logGet(46)) - raft.server.write.follower.gap.ratio.max = -1.0 (default)
2023-07-05 13:44:08,171 [b5cb5029-fdf1-4728-9c16-344453faf343@group-F259C1EA7085-LeaderElection41] INFO  impl.RoleInfo (RoleInfo.java:updateAndGet(139)) - b5cb5029-fdf1-4728-9c16-344453faf343: start b5cb5029-fdf1-4728-9c16-344453faf343@group-F259C1EA7085-LeaderStateImpl
2023-07-05 13:44:08,172 [b5cb5029-fdf1-4728-9c16-344453faf343@group-F259C1EA7085-LeaderElection41] INFO  segmented.SegmentedRaftLogWorker (SegmentedRaftLogWorker.java:startLogSegment(447)) - b5cb5029-fdf1-4728-9c16-344453faf343@group-F259C1EA7085-SegmentedRaftLogWorker: Starting segment from index:0
2023-07-05 13:44:08,173 [b5cb5029-fdf1-4728-9c16-344453faf343@group-F259C1EA7085-LeaderElection41] INFO  server.RaftServer$Division (ServerState.java:setRaftConf(434)) - b5cb5029-fdf1-4728-9c16-344453faf343@group-F259C1EA7085: set configuration 0: peers:[b5cb5029-fdf1-4728-9c16-344453faf343|rpc:10.1.0.13:15200|admin:10.1.0.13:15199|client:10.1.0.13:15198|dataStream:10.1.0.13:15201|priority:1|startupRole:FOLLOWER]|listeners:[], old=null
2023-07-05 13:44:08,174 [b5cb5029-fdf1-4728-9c16-344453faf343@group-F259C1EA7085-SegmentedRaftLogWorker] INFO  segmented.SegmentedRaftLogWorker (SegmentedRaftLogWorker.java:execute(651)) - b5cb5029-fdf1-4728-9c16-344453faf343@group-F259C1EA7085-SegmentedRaftLogWorker: created new log segment /home/runner/work/ozone/ozone/hadoop-ozone/integration-test/target/test-dir/MiniOzoneClusterImpl-de398c68-44fd-4973-9846-b14d0f209e8c/datanode-3/data/ratis/6801cd64-e769-4e7e-8286-f259c1ea7085/current/log_inprogress_0
2023-07-05 13:44:08,407 [4b44d0b2-60c3-4e8b-a338-1aeff42e189f@group-998925913144-FollowerState] INFO  impl.FollowerState (FollowerState.java:run(143)) - 4b44d0b2-60c3-4e8b-a338-1aeff42e189f@group-998925913144-FollowerState: change to CANDIDATE, lastRpcElapsedTime:5096651508ns, electionTimeout:5096ms
2023-07-05 13:44:08,407 [4b44d0b2-60c3-4e8b-a338-1aeff42e189f@group-998925913144-FollowerState] INFO  impl.RoleInfo (RoleInfo.java:shutdownFollowerState(110)) - 4b44d0b2-60c3-4e8b-a338-1aeff42e189f: shutdown 4b44d0b2-60c3-4e8b-a338-1aeff42e189f@group-998925913144-FollowerState
2023-07-05 13:44:08,407 [4b44d0b2-60c3-4e8b-a338-1aeff42e189f@group-998925913144-FollowerState] INFO  server.RaftServer$Division (RaftServerImpl.java:setRole(329)) - 4b44d0b2-60c3-4e8b-a338-1aeff42e189f@group-998925913144: changes role from  FOLLOWER to CANDIDATE at term 0 for changeToCandidate
2023-07-05 13:44:08,407 [4b44d0b2-60c3-4e8b-a338-1aeff42e189f@group-998925913144-FollowerState] INFO  server.RaftServerConfigKeys (ConfUtils.java:logGet(46)) - raft.server.leaderelection.pre-vote = true (default)
2023-07-05 13:44:08,407 [4b44d0b2-60c3-4e8b-a338-1aeff42e189f@group-998925913144-FollowerState] INFO  impl.RoleInfo (RoleInfo.java:updateAndGet(139)) - 4b44d0b2-60c3-4e8b-a338-1aeff42e189f: start 4b44d0b2-60c3-4e8b-a338-1aeff42e189f@group-998925913144-LeaderElection42
2023-07-05 13:44:08,410 [4b44d0b2-60c3-4e8b-a338-1aeff42e189f@group-998925913144-LeaderElection42] INFO  impl.LeaderElection (LeaderElection.java:askForVotes(321)) - 4b44d0b2-60c3-4e8b-a338-1aeff42e189f@group-998925913144-LeaderElection42 PRE_VOTE round 0: submit vote requests at term 0 for -1: peers:[4b44d0b2-60c3-4e8b-a338-1aeff42e189f|rpc:10.1.0.13:15209|admin:10.1.0.13:15208|client:10.1.0.13:15207|dataStream:10.1.0.13:15210|priority:1|startupRole:FOLLOWER]|listeners:[], old=null
2023-07-05 13:44:08,410 [4b44d0b2-60c3-4e8b-a338-1aeff42e189f@group-998925913144-LeaderElection42] INFO  impl.LeaderElection (LeaderElection.java:askForVotes(323)) - 4b44d0b2-60c3-4e8b-a338-1aeff42e189f@group-998925913144-LeaderElection42 PRE_VOTE round 0: result PASSED (term=0)
2023-07-05 13:44:08,412 [4b44d0b2-60c3-4e8b-a338-1aeff42e189f@group-998925913144-LeaderElection42] INFO  impl.LeaderElection (LeaderElection.java:askForVotes(321)) - 4b44d0b2-60c3-4e8b-a338-1aeff42e189f@group-998925913144-LeaderElection42 ELECTION round 0: submit vote requests at term 1 for -1: peers:[4b44d0b2-60c3-4e8b-a338-1aeff42e189f|rpc:10.1.0.13:15209|admin:10.1.0.13:15208|client:10.1.0.13:15207|dataStream:10.1.0.13:15210|priority:1|startupRole:FOLLOWER]|listeners:[], old=null
2023-07-05 13:44:08,412 [4b44d0b2-60c3-4e8b-a338-1aeff42e189f@group-998925913144-LeaderElection42] INFO  impl.LeaderElection (LeaderElection.java:askForVotes(323)) - 4b44d0b2-60c3-4e8b-a338-1aeff42e189f@group-998925913144-LeaderElection42 ELECTION round 0: result PASSED (term=1)
2023-07-05 13:44:08,412 [4b44d0b2-60c3-4e8b-a338-1aeff42e189f@group-998925913144-LeaderElection42] INFO  impl.RoleInfo (RoleInfo.java:shutdownLeaderElection(130)) - 4b44d0b2-60c3-4e8b-a338-1aeff42e189f: shutdown 4b44d0b2-60c3-4e8b-a338-1aeff42e189f@group-998925913144-LeaderElection42
2023-07-05 13:44:08,412 [4b44d0b2-60c3-4e8b-a338-1aeff42e189f@group-998925913144-LeaderElection42] INFO  server.RaftServer$Division (RaftServerImpl.java:setRole(329)) - 4b44d0b2-60c3-4e8b-a338-1aeff42e189f@group-998925913144: changes role from CANDIDATE to LEADER at term 1 for changeToLeader
2023-07-05 13:44:08,412 [4b44d0b2-60c3-4e8b-a338-1aeff42e189f@group-998925913144-LeaderElection42] INFO  ratis.XceiverServerRatis (XceiverServerRatis.java:handleLeaderChangedNotification(902)) - Leader change notification received for group: group-998925913144 with new leaderId: 4b44d0b2-60c3-4e8b-a338-1aeff42e189f
2023-07-05 13:44:08,413 [4b44d0b2-60c3-4e8b-a338-1aeff42e189f@group-998925913144-LeaderElection42] INFO  server.RaftServer$Division (ServerState.java:setLeader(317)) - 4b44d0b2-60c3-4e8b-a338-1aeff42e189f@group-998925913144: change Leader from null to 4b44d0b2-60c3-4e8b-a338-1aeff42e189f at term 1 for becomeLeader, leader elected after 5131ms
2023-07-05 13:44:08,413 [4b44d0b2-60c3-4e8b-a338-1aeff42e189f@group-998925913144-LeaderElection42] INFO  server.RaftServerConfigKeys (ConfUtils.java:logGet(46)) - raft.server.staging.catchup.gap = 1000 (default)
2023-07-05 13:44:08,413 [4b44d0b2-60c3-4e8b-a338-1aeff42e189f@group-998925913144-LeaderElection42] INFO  server.RaftServerConfigKeys (ConfUtils.java:logGet(46)) - raft.server.write.element-limit = 1024 (custom)
2023-07-05 13:44:08,414 [4b44d0b2-60c3-4e8b-a338-1aeff42e189f@group-998925913144-LeaderElection42] INFO  server.RaftServerConfigKeys (ConfUtils.java:logGet(46)) - raft.server.write.byte-limit = 1024 M (=1073741824) (custom)
2023-07-05 13:44:08,414 [4b44d0b2-60c3-4e8b-a338-1aeff42e189f@group-998925913144-LeaderElection42] INFO  server.RaftServerConfigKeys (ConfUtils.java:logGet(46)) - raft.server.watch.timeout = 180s (custom)
2023-07-05 13:44:08,414 [4b44d0b2-60c3-4e8b-a338-1aeff42e189f@group-998925913144-LeaderElection42] INFO  server.RaftServerConfigKeys (ConfUtils.java:logGet(46)) - raft.server.watch.timeout.denomination = 1s (default)
2023-07-05 13:44:08,414 [4b44d0b2-60c3-4e8b-a338-1aeff42e189f@group-998925913144-LeaderElection42] INFO  server.RaftServerConfigKeys (ConfUtils.java:logGet(46)) - raft.server.watch.element-limit = 65536 (default)
2023-07-05 13:44:08,414 [4b44d0b2-60c3-4e8b-a338-1aeff42e189f@group-998925913144-LeaderElection42] INFO  server.RaftServerConfigKeys (ConfUtils.java:logGet(46)) - raft.server.write.element-limit = 1024 (custom)
2023-07-05 13:44:08,415 [4b44d0b2-60c3-4e8b-a338-1aeff42e189f@group-998925913144-LeaderElection42] INFO  server.RaftServerConfigKeys (ConfUtils.java:logGet(46)) - raft.server.write.follower.gap.ratio.max = -1.0 (default)
2023-07-05 13:44:08,415 [4b44d0b2-60c3-4e8b-a338-1aeff42e189f@group-998925913144-LeaderElection42] INFO  impl.RoleInfo (RoleInfo.java:updateAndGet(139)) - 4b44d0b2-60c3-4e8b-a338-1aeff42e189f: start 4b44d0b2-60c3-4e8b-a338-1aeff42e189f@group-998925913144-LeaderStateImpl
2023-07-05 13:44:08,415 [4b44d0b2-60c3-4e8b-a338-1aeff42e189f@group-998925913144-LeaderElection42] INFO  segmented.SegmentedRaftLogWorker (SegmentedRaftLogWorker.java:startLogSegment(447)) - 4b44d0b2-60c3-4e8b-a338-1aeff42e189f@group-998925913144-SegmentedRaftLogWorker: Starting segment from index:0
2023-07-05 13:44:08,416 [4b44d0b2-60c3-4e8b-a338-1aeff42e189f@group-998925913144-LeaderElection42] INFO  server.RaftServer$Division (ServerState.java:setRaftConf(434)) - 4b44d0b2-60c3-4e8b-a338-1aeff42e189f@group-998925913144: set configuration 0: peers:[4b44d0b2-60c3-4e8b-a338-1aeff42e189f|rpc:10.1.0.13:15209|admin:10.1.0.13:15208|client:10.1.0.13:15207|dataStream:10.1.0.13:15210|priority:1|startupRole:FOLLOWER]|listeners:[], old=null
2023-07-05 13:44:08,417 [4b44d0b2-60c3-4e8b-a338-1aeff42e189f@group-998925913144-SegmentedRaftLogWorker] INFO  segmented.SegmentedRaftLogWorker (SegmentedRaftLogWorker.java:execute(651)) - 4b44d0b2-60c3-4e8b-a338-1aeff42e189f@group-998925913144-SegmentedRaftLogWorker: created new log segment /home/runner/work/ozone/ozone/hadoop-ozone/integration-test/target/test-dir/MiniOzoneClusterImpl-de398c68-44fd-4973-9846-b14d0f209e8c/datanode-4/data/ratis/8bbe2d00-771f-400f-9072-998925913144/current/log_inprogress_0
2023-07-05 13:44:08,615 [ReplicationMonitor] INFO  replication.ReplicationManager (ReplicationManager.java:processAll(361)) - Replication Manager is not ready to run until 3000ms after safemode exit
2023-07-05 13:44:09,616 [ReplicationMonitor] INFO  replication.ReplicationManager (ReplicationManager.java:processAll(361)) - Replication Manager is not ready to run until 3000ms after safemode exit
2023-07-05 13:44:10,435 [ContainerOp-994e7e95-56cd-4f97-872d-d6e7b59d90af-2] INFO  keyvalue.KeyValueContainer (KeyValueContainer.java:flushAndSyncDB(461)) - Container 1 is synced with bcsId 2.
2023-07-05 13:44:10,436 [ContainerOp-994e7e95-56cd-4f97-872d-d6e7b59d90af-2] INFO  keyvalue.KeyValueContainer (KeyValueContainer.java:flushAndSyncDB(461)) - Container 1 is synced with bcsId 2.
2023-07-05 13:44:10,438 [ContainerOp-994e7e95-56cd-4f97-872d-d6e7b59d90af-2] INFO  keyvalue.KeyValueContainer (KeyValueContainer.java:close(376)) - Container 1 is closed with bcsId 2.
2023-07-05 13:44:10,441 [FixedThreadPoolWithAffinityExecutor-9-0] INFO  container.IncrementalContainerReportHandler (AbstractContainerReportHandler.java:updateContainerState(311)) - Moving container #1 to CLOSED state, datanode 67a76afe-b765-42e9-b514-f84c102d0c02(fv-az264-29.ca02foy5wcnuvlrvrz2wi3p2og.dx.internal.cloudapp.net/10.1.0.13) reported CLOSED replica with index 0.
2023-07-05 13:44:10,450 [ContainerOp-994e7e95-56cd-4f97-872d-d6e7b59d90af-2] INFO  keyvalue.KeyValueContainer (KeyValueContainer.java:flushAndSyncDB(461)) - Container 1 is synced with bcsId 2.
2023-07-05 13:44:10,450 [ContainerOp-994e7e95-56cd-4f97-872d-d6e7b59d90af-2] INFO  keyvalue.KeyValueContainer (KeyValueContainer.java:flushAndSyncDB(461)) - Container 1 is synced with bcsId 2.
2023-07-05 13:44:10,452 [ContainerOp-994e7e95-56cd-4f97-872d-d6e7b59d90af-2] INFO  keyvalue.KeyValueContainer (KeyValueContainer.java:flushAndSyncDB(461)) - Container 1 is synced with bcsId 2.
2023-07-05 13:44:10,452 [ContainerOp-994e7e95-56cd-4f97-872d-d6e7b59d90af-2] INFO  keyvalue.KeyValueContainer (KeyValueContainer.java:flushAndSyncDB(461)) - Container 1 is synced with bcsId 2.
2023-07-05 13:44:10,452 [ContainerOp-994e7e95-56cd-4f97-872d-d6e7b59d90af-2] INFO  keyvalue.KeyValueContainer (KeyValueContainer.java:close(376)) - Container 1 is closed with bcsId 2.
2023-07-05 13:44:10,456 [ContainerOp-994e7e95-56cd-4f97-872d-d6e7b59d90af-2] INFO  keyvalue.KeyValueContainer (KeyValueContainer.java:close(376)) - Container 1 is closed with bcsId 2.
2023-07-05 13:44:10,508 [Time-limited test] INFO  ozoneimpl.OzoneContainer (OzoneContainer.java:stop(441)) - Attempting to stop container services.
2023-07-05 13:44:10,508 [Time-limited test] INFO  server.RaftServer (RaftServerProxy.java:lambda$close$6(416)) - e6531a31-c1d4-4472-9f40-44bc51606458: close
2023-07-05 13:44:10,508 [e6531a31-c1d4-4472-9f40-44bc51606458-impl-thread1] INFO  server.RaftServer$Division (RaftServerImpl.java:lambda$close$4(466)) - e6531a31-c1d4-4472-9f40-44bc51606458@group-6E6DDB135F8E: shutdown
2023-07-05 13:44:10,509 [e6531a31-c1d4-4472-9f40-44bc51606458-impl-thread1] INFO  util.JmxRegister (JmxRegister.java:unregister(73)) - Successfully un-registered JMX Bean with object name Ratis:service=RaftServer,group=group-6E6DDB135F8E,id=e6531a31-c1d4-4472-9f40-44bc51606458
2023-07-05 13:44:10,509 [e6531a31-c1d4-4472-9f40-44bc51606458-impl-thread1] INFO  impl.RoleInfo (RoleInfo.java:shutdownLeaderState(93)) - e6531a31-c1d4-4472-9f40-44bc51606458: shutdown e6531a31-c1d4-4472-9f40-44bc51606458@group-6E6DDB135F8E-LeaderStateImpl
2023-07-05 13:44:10,509 [e6531a31-c1d4-4472-9f40-44bc51606458-impl-thread2] INFO  server.RaftServer$Division (RaftServerImpl.java:lambda$close$4(466)) - e6531a31-c1d4-4472-9f40-44bc51606458@group-D6E7B59D90AF: shutdown
2023-07-05 13:44:10,509 [e6531a31-c1d4-4472-9f40-44bc51606458-impl-thread2] INFO  util.JmxRegister (JmxRegister.java:unregister(73)) - Successfully un-registered JMX Bean with object name Ratis:service=RaftServer,group=group-D6E7B59D90AF,id=e6531a31-c1d4-4472-9f40-44bc51606458
2023-07-05 13:44:10,509 [e6531a31-c1d4-4472-9f40-44bc51606458-impl-thread2] INFO  impl.RoleInfo (RoleInfo.java:shutdownFollowerState(110)) - e6531a31-c1d4-4472-9f40-44bc51606458: shutdown e6531a31-c1d4-4472-9f40-44bc51606458@group-D6E7B59D90AF-FollowerState
2023-07-05 13:44:10,509 [Time-limited test] INFO  server.GrpcService (GrpcService.java:closeImpl(311)) - e6531a31-c1d4-4472-9f40-44bc51606458: shutdown server org.apache.ratis.grpc.server.GrpcClientProtocolService now
2023-07-05 13:44:10,509 [e6531a31-c1d4-4472-9f40-44bc51606458@group-D6E7B59D90AF-FollowerState] INFO  impl.FollowerState (FollowerState.java:run(152)) - e6531a31-c1d4-4472-9f40-44bc51606458@group-D6E7B59D90AF-FollowerState was interrupted
2023-07-05 13:44:10,509 [e6531a31-c1d4-4472-9f40-44bc51606458-impl-thread2] INFO  impl.StateMachineUpdater (StateMachineUpdater.java:stopAndJoin(155)) - e6531a31-c1d4-4472-9f40-44bc51606458@group-D6E7B59D90AF-StateMachineUpdater: set stopIndex = 5
2023-07-05 13:44:10,509 [e6531a31-c1d4-4472-9f40-44bc51606458@group-D6E7B59D90AF-StateMachineUpdater] INFO  ratis.ContainerStateMachine (ContainerStateMachine.java:takeSnapshot(330)) - group-D6E7B59D90AF: Taking a snapshot at:(t:1, i:5) file /home/runner/work/ozone/ozone/hadoop-ozone/integration-test/target/test-dir/MiniOzoneClusterImpl-de398c68-44fd-4973-9846-b14d0f209e8c/datanode-1/data/ratis/994e7e95-56cd-4f97-872d-d6e7b59d90af/sm/snapshot.1_5
2023-07-05 13:44:10,510 [e6531a31-c1d4-4472-9f40-44bc51606458-impl-thread3] INFO  server.RaftServer$Division (RaftServerImpl.java:lambda$close$4(466)) - e6531a31-c1d4-4472-9f40-44bc51606458@group-61DE4A12B047: shutdown
2023-07-05 13:44:10,510 [e6531a31-c1d4-4472-9f40-44bc51606458-impl-thread3] INFO  util.JmxRegister (JmxRegister.java:unregister(73)) - Successfully un-registered JMX Bean with object name Ratis:service=RaftServer,group=group-61DE4A12B047,id=e6531a31-c1d4-4472-9f40-44bc51606458
2023-07-05 13:44:10,510 [e6531a31-c1d4-4472-9f40-44bc51606458-impl-thread3] INFO  impl.RoleInfo (RoleInfo.java:shutdownLeaderState(93)) - e6531a31-c1d4-4472-9f40-44bc51606458: shutdown e6531a31-c1d4-4472-9f40-44bc51606458@group-61DE4A12B047-LeaderStateImpl
2023-07-05 13:44:10,510 [e6531a31-c1d4-4472-9f40-44bc51606458-impl-thread3] INFO  impl.PendingRequests (PendingRequests.java:sendNotLeaderResponses(289)) - e6531a31-c1d4-4472-9f40-44bc51606458@group-61DE4A12B047-PendingRequests: sendNotLeaderResponses
2023-07-05 13:44:10,510 [e6531a31-c1d4-4472-9f40-44bc51606458-impl-thread3] INFO  impl.StateMachineUpdater (StateMachineUpdater.java:stopAndJoin(155)) - e6531a31-c1d4-4472-9f40-44bc51606458@group-61DE4A12B047-StateMachineUpdater: set stopIndex = 0
2023-07-05 13:44:10,510 [e6531a31-c1d4-4472-9f40-44bc51606458@group-61DE4A12B047-StateMachineUpdater] INFO  ratis.ContainerStateMachine (ContainerStateMachine.java:takeSnapshot(330)) - group-61DE4A12B047: Taking a snapshot at:(t:1, i:0) file /home/runner/work/ozone/ozone/hadoop-ozone/integration-test/target/test-dir/MiniOzoneClusterImpl-de398c68-44fd-4973-9846-b14d0f209e8c/datanode-1/data/ratis/2bf416bc-d75c-4842-91a6-61de4a12b047/sm/snapshot.1_0
2023-07-05 13:44:10,511 [e6531a31-c1d4-4472-9f40-44bc51606458@group-6E6DDB135F8E->860e26e7-dc57-4457-b602-0c8c8602d691-GrpcLogAppender-LogAppenderDaemon] WARN  server.GrpcLogAppender (GrpcLogAppender.java:mayWait(199)) - e6531a31-c1d4-4472-9f40-44bc51606458@group-6E6DDB135F8E->860e26e7-dc57-4457-b602-0c8c8602d691-GrpcLogAppender: Wait interrupted by java.lang.InterruptedException
2023-07-05 13:44:10,511 [e6531a31-c1d4-4472-9f40-44bc51606458@group-D6E7B59D90AF-StateMachineUpdater] INFO  ratis.ContainerStateMachine (ContainerStateMachine.java:takeSnapshot(341)) - group-D6E7B59D90AF: Finished taking a snapshot at:(t:1, i:5) file:/home/runner/work/ozone/ozone/hadoop-ozone/integration-test/target/test-dir/MiniOzoneClusterImpl-de398c68-44fd-4973-9846-b14d0f209e8c/datanode-1/data/ratis/994e7e95-56cd-4f97-872d-d6e7b59d90af/sm/snapshot.1_5 took: 2 ms
2023-07-05 13:44:10,512 [e6531a31-c1d4-4472-9f40-44bc51606458@group-D6E7B59D90AF-StateMachineUpdater] INFO  impl.StateMachineUpdater (StateMachineUpdater.java:takeSnapshot(291)) - e6531a31-c1d4-4472-9f40-44bc51606458@group-D6E7B59D90AF-StateMachineUpdater: Took a snapshot at index 5
2023-07-05 13:44:10,512 [e6531a31-c1d4-4472-9f40-44bc51606458@group-D6E7B59D90AF-StateMachineUpdater] INFO  impl.StateMachineUpdater (StateMachineUpdater.java:lambda$new$0(97)) - e6531a31-c1d4-4472-9f40-44bc51606458@group-D6E7B59D90AF-StateMachineUpdater: snapshotIndex: updateIncreasingly -1 -> 5
2023-07-05 13:44:10,512 [grpc-default-executor-5] INFO  server.GrpcServerProtocolService (GrpcServerProtocolService.java:onCompleted(155)) - 860e26e7-dc57-4457-b602-0c8c8602d691: Completed APPEND_ENTRIES, lastRequest: e6531a31-c1d4-4472-9f40-44bc51606458->860e26e7-dc57-4457-b602-0c8c8602d691#1-t1,previous=(t:0, i:0),leaderCommit=-1,initializing? true,entries: size=1, first=(t:1, i:0), CONFIGURATIONENTRY(current:id: "860e26e7-dc57-4457-b602-0c8c8602d691"
address: "10.1.0.13:15191"
dataStreamAddress: "10.1.0.13:15192"
clientAddress: "10.1.0.13:15189"
adminAddress: "10.1.0.13:15190"
startupRole: FOLLOWER
,id: "67a76afe-b765-42e9-b514-f84c102d0c02"
address: "10.1.0.13:15173"
dataStreamAddress: "10.1.0.13:15174"
clientAddress: "10.1.0.13:15171"
adminAddress: "10.1.0.13:15172"
startupRole: FOLLOWER
,id: "e6531a31-c1d4-4472-9f40-44bc51606458"
address: "10.1.0.13:15182"
priority: 1
dataStreamAddress: "10.1.0.13:15183"
clientAddress: "10.1.0.13:15180"
adminAddress: "10.1.0.13:15181"
startupRole: FOLLOWER
, old:)
2023-07-05 13:44:10,512 [grpc-default-executor-5] INFO  server.GrpcServerProtocolService (GrpcServerProtocolService.java:lambda$onCompleted$5(157)) - 860e26e7-dc57-4457-b602-0c8c8602d691: Completed APPEND_ENTRIES, lastReply: null
2023-07-05 13:44:10,512 [grpc-default-executor-7] INFO  server.GrpcServerProtocolService (GrpcServerProtocolService.java:onCompleted(155)) - 860e26e7-dc57-4457-b602-0c8c8602d691: Completed APPEND_ENTRIES, lastRequest: null
2023-07-05 13:44:10,512 [grpc-default-executor-7] INFO  server.GrpcServerProtocolService (GrpcServerProtocolService.java:lambda$onCompleted$5(157)) - 860e26e7-dc57-4457-b602-0c8c8602d691: Completed APPEND_ENTRIES, lastReply: serverReply {
  requestorId: "e6531a31-c1d4-4472-9f40-44bc51606458"
  replyId: "860e26e7-dc57-4457-b602-0c8c8602d691"
  raftGroupId {
    id: "T\234](\345 A\316\256\272nm\333\023_\216"
  }
  callId: 4
  success: true
}
term: 1
nextIndex: 1
matchIndex: 18446744073709551615
isHearbeat: true

2023-07-05 13:44:10,512 [grpc-default-executor-6] INFO  server.GrpcLogAppender (GrpcLogAppender.java:onCompleted(428)) - e6531a31-c1d4-4472-9f40-44bc51606458@group-6E6DDB135F8E->860e26e7-dc57-4457-b602-0c8c8602d691-AppendLogResponseHandler: follower responses appendEntries COMPLETED
2023-07-05 13:44:10,513 [grpc-default-executor-6] INFO  leader.FollowerInfo (FollowerInfoImpl.java:lambda$new$0(52)) - e6531a31-c1d4-4472-9f40-44bc51606458@group-6E6DDB135F8E->860e26e7-dc57-4457-b602-0c8c8602d691: decreaseNextIndex nextIndex: updateUnconditionally 1 -> 0
2023-07-05 13:44:10,513 [e6531a31-c1d4-4472-9f40-44bc51606458@group-61DE4A12B047-StateMachineUpdater] INFO  ratis.ContainerStateMachine (ContainerStateMachine.java:takeSnapshot(341)) - group-61DE4A12B047: Finished taking a snapshot at:(t:1, i:0) file:/home/runner/work/ozone/ozone/hadoop-ozone/integration-test/target/test-dir/MiniOzoneClusterImpl-de398c68-44fd-4973-9846-b14d0f209e8c/datanode-1/data/ratis/2bf416bc-d75c-4842-91a6-61de4a12b047/sm/snapshot.1_0 took: 3 ms
2023-07-05 13:44:10,513 [e6531a31-c1d4-4472-9f40-44bc51606458@group-61DE4A12B047-StateMachineUpdater] INFO  impl.StateMachineUpdater (StateMachineUpdater.java:takeSnapshot(291)) - e6531a31-c1d4-4472-9f40-44bc51606458@group-61DE4A12B047-StateMachineUpdater: Took a snapshot at index 0
2023-07-05 13:44:10,513 [e6531a31-c1d4-4472-9f40-44bc51606458@group-61DE4A12B047-StateMachineUpdater] INFO  impl.StateMachineUpdater (StateMachineUpdater.java:lambda$new$0(97)) - e6531a31-c1d4-4472-9f40-44bc51606458@group-61DE4A12B047-StateMachineUpdater: snapshotIndex: updateIncreasingly -1 -> 0
2023-07-05 13:44:10,514 [e6531a31-c1d4-4472-9f40-44bc51606458-impl-thread3] INFO  server.RaftServer$Division (ServerState.java:close(472)) - e6531a31-c1d4-4472-9f40-44bc51606458@group-61DE4A12B047: closes. applyIndex: 0
2023-07-05 13:44:10,519 [Thread-2146] INFO  server.GrpcServerProtocolClient (GrpcServerProtocolClient.java:close(103)) - 860e26e7-dc57-4457-b602-0c8c8602d691 Close channels
2023-07-05 13:44:10,523 [e6531a31-c1d4-4472-9f40-44bc51606458-impl-thread1] INFO  impl.PendingRequests (PendingRequests.java:sendNotLeaderResponses(289)) - e6531a31-c1d4-4472-9f40-44bc51606458@group-6E6DDB135F8E-PendingRequests: sendNotLeaderResponses
2023-07-05 13:44:10,524 [e6531a31-c1d4-4472-9f40-44bc51606458-impl-thread2] INFO  server.RaftServer$Division (ServerState.java:close(472)) - e6531a31-c1d4-4472-9f40-44bc51606458@group-D6E7B59D90AF: closes. applyIndex: 5
2023-07-05 13:44:10,524 [e6531a31-c1d4-4472-9f40-44bc51606458-impl-thread1] INFO  impl.StateMachineUpdater (StateMachineUpdater.java:stopAndJoin(155)) - e6531a31-c1d4-4472-9f40-44bc51606458@group-6E6DDB135F8E-StateMachineUpdater: set stopIndex = 0
2023-07-05 13:44:10,524 [e6531a31-c1d4-4472-9f40-44bc51606458@group-6E6DDB135F8E->67a76afe-b765-42e9-b514-f84c102d0c02-GrpcLogAppender-LogAppenderDaemon] WARN  server.GrpcLogAppender (GrpcLogAppender.java:mayWait(199)) - e6531a31-c1d4-4472-9f40-44bc51606458@group-6E6DDB135F8E->67a76afe-b765-42e9-b514-f84c102d0c02-GrpcLogAppender: Wait interrupted by java.lang.InterruptedException
2023-07-05 13:44:10,524 [e6531a31-c1d4-4472-9f40-44bc51606458@group-6E6DDB135F8E-StateMachineUpdater] INFO  ratis.ContainerStateMachine (ContainerStateMachine.java:takeSnapshot(330)) - group-6E6DDB135F8E: Taking a snapshot at:(t:1, i:0) file /home/runner/work/ozone/ozone/hadoop-ozone/integration-test/target/test-dir/MiniOzoneClusterImpl-de398c68-44fd-4973-9846-b14d0f209e8c/datanode-1/data/ratis/549c5d28-e520-41ce-aeba-6e6ddb135f8e/sm/snapshot.1_0
2023-07-05 13:44:10,525 [grpc-default-executor-7] INFO  server.GrpcLogAppender (GrpcLogAppender.java:onCompleted(428)) - e6531a31-c1d4-4472-9f40-44bc51606458@group-6E6DDB135F8E->860e26e7-dc57-4457-b602-0c8c8602d691-AppendLogResponseHandler: follower responses appendEntries COMPLETED
2023-07-05 13:44:10,525 [grpc-default-executor-7] WARN  server.GrpcLogAppender (GrpcLogAppender.java:resetClient(137)) - e6531a31-c1d4-4472-9f40-44bc51606458@group-6E6DDB135F8E->860e26e7-dc57-4457-b602-0c8c8602d691-GrpcLogAppender: Failed to getClient for 860e26e7-dc57-4457-b602-0c8c8602d691
org.apache.ratis.protocol.exceptions.AlreadyClosedException: e6531a31-c1d4-4472-9f40-44bc51606458 is already CLOSED
	at org.apache.ratis.util.PeerProxyMap$PeerAndProxy.getProxy(PeerProxyMap.java:61)
	at org.apache.ratis.util.PeerProxyMap.getProxy(PeerProxyMap.java:115)
	at org.apache.ratis.grpc.server.GrpcLogAppender.getClient(GrpcLogAppender.java:112)
	at org.apache.ratis.grpc.server.GrpcLogAppender.resetClient(GrpcLogAppender.java:117)
	at org.apache.ratis.grpc.server.GrpcLogAppender.access$500(GrpcLogAppender.java:56)
	at org.apache.ratis.grpc.server.GrpcLogAppender$AppendLogResponseHandler.onCompleted(GrpcLogAppender.java:429)
	at org.apache.ratis.thirdparty.io.grpc.stub.ClientCalls$StreamObserverToCallListenerAdapter.onClose(ClientCalls.java:485)
	at org.apache.ratis.thirdparty.io.grpc.internal.DelayedClientCall$DelayedListener$3.run(DelayedClientCall.java:471)
	at org.apache.ratis.thirdparty.io.grpc.internal.DelayedClientCall$DelayedListener.delayOrExecute(DelayedClientCall.java:435)
	at org.apache.ratis.thirdparty.io.grpc.internal.DelayedClientCall$DelayedListener.onClose(DelayedClientCall.java:468)
	at org.apache.ratis.thirdparty.io.grpc.internal.ClientCallImpl.closeObserver(ClientCallImpl.java:563)
	at org.apache.ratis.thirdparty.io.grpc.internal.ClientCallImpl.access$300(ClientCallImpl.java:70)
	at org.apache.ratis.thirdparty.io.grpc.internal.ClientCallImpl$ClientStreamListenerImpl$1StreamClosed.runInternal(ClientCallImpl.java:744)
	at org.apache.ratis.thirdparty.io.grpc.internal.ClientCallImpl$ClientStreamListenerImpl$1StreamClosed.runInContext(ClientCallImpl.java:723)
	at org.apache.ratis.thirdparty.io.grpc.internal.ContextRunnable.run(ContextRunnable.java:37)
	at org.apache.ratis.thirdparty.io.grpc.internal.SerializingExecutor.run(SerializingExecutor.java:133)
	at java.util.concurrent.ThreadPoolExecutor.runWorker(ThreadPoolExecutor.java:1149)
	at java.util.concurrent.ThreadPoolExecutor$Worker.run(ThreadPoolExecutor.java:624)
	at java.lang.Thread.run(Thread.java:750)
2023-07-05 13:44:10,525 [Thread-2147] INFO  server.GrpcServerProtocolClient (GrpcServerProtocolClient.java:close(103)) - 67a76afe-b765-42e9-b514-f84c102d0c02 Close channels
2023-07-05 13:44:10,525 [e6531a31-c1d4-4472-9f40-44bc51606458@group-6E6DDB135F8E-StateMachineUpdater] INFO  ratis.ContainerStateMachine (ContainerStateMachine.java:takeSnapshot(341)) - group-6E6DDB135F8E: Finished taking a snapshot at:(t:1, i:0) file:/home/runner/work/ozone/ozone/hadoop-ozone/integration-test/target/test-dir/MiniOzoneClusterImpl-de398c68-44fd-4973-9846-b14d0f209e8c/datanode-1/data/ratis/549c5d28-e520-41ce-aeba-6e6ddb135f8e/sm/snapshot.1_0 took: 0 ms
2023-07-05 13:44:10,526 [e6531a31-c1d4-4472-9f40-44bc51606458@group-6E6DDB135F8E-StateMachineUpdater] INFO  impl.StateMachineUpdater (StateMachineUpdater.java:takeSnapshot(291)) - e6531a31-c1d4-4472-9f40-44bc51606458@group-6E6DDB135F8E-StateMachineUpdater: Took a snapshot at index 0
2023-07-05 13:44:10,526 [e6531a31-c1d4-4472-9f40-44bc51606458@group-6E6DDB135F8E-StateMachineUpdater] INFO  impl.StateMachineUpdater (StateMachineUpdater.java:lambda$new$0(97)) - e6531a31-c1d4-4472-9f40-44bc51606458@group-6E6DDB135F8E-StateMachineUpdater: snapshotIndex: updateIncreasingly -1 -> 0
2023-07-05 13:44:10,526 [e6531a31-c1d4-4472-9f40-44bc51606458-impl-thread1] INFO  server.RaftServer$Division (ServerState.java:close(472)) - e6531a31-c1d4-4472-9f40-44bc51606458@group-6E6DDB135F8E: closes. applyIndex: 0
2023-07-05 13:44:10,525 [grpc-default-executor-4] INFO  server.GrpcServerProtocolService (GrpcServerProtocolService.java:onCompleted(155)) - 67a76afe-b765-42e9-b514-f84c102d0c02: Completed APPEND_ENTRIES, lastRequest: e6531a31-c1d4-4472-9f40-44bc51606458->67a76afe-b765-42e9-b514-f84c102d0c02#1-t1,previous=(t:0, i:0),leaderCommit=-1,initializing? true,entries: size=1, first=(t:1, i:0), CONFIGURATIONENTRY(current:id: "860e26e7-dc57-4457-b602-0c8c8602d691"
address: "10.1.0.13:15191"
dataStreamAddress: "10.1.0.13:15192"
clientAddress: "10.1.0.13:15189"
adminAddress: "10.1.0.13:15190"
startupRole: FOLLOWER
,id: "67a76afe-b765-42e9-b514-f84c102d0c02"
address: "10.1.0.13:15173"
dataStreamAddress: "10.1.0.13:15174"
clientAddress: "10.1.0.13:15171"
adminAddress: "10.1.0.13:15172"
startupRole: FOLLOWER
,id: "e6531a31-c1d4-4472-9f40-44bc51606458"
address: "10.1.0.13:15182"
priority: 1
dataStreamAddress: "10.1.0.13:15183"
clientAddress: "10.1.0.13:15180"
adminAddress: "10.1.0.13:15181"
startupRole: FOLLOWER
, old:)
2023-07-05 13:44:10,530 [grpc-default-executor-4] INFO  server.GrpcServerProtocolService (GrpcServerProtocolService.java:lambda$onCompleted$5(157)) - 67a76afe-b765-42e9-b514-f84c102d0c02: Completed APPEND_ENTRIES, lastReply: null
2023-07-05 13:44:10,530 [grpc-default-executor-7] INFO  server.GrpcServerProtocolService (GrpcServerProtocolService.java:onCompleted(155)) - 67a76afe-b765-42e9-b514-f84c102d0c02: Completed APPEND_ENTRIES, lastRequest: null
2023-07-05 13:44:10,530 [grpc-default-executor-6] INFO  server.GrpcLogAppender (GrpcLogAppender.java:onCompleted(428)) - e6531a31-c1d4-4472-9f40-44bc51606458@group-6E6DDB135F8E->67a76afe-b765-42e9-b514-f84c102d0c02-AppendLogResponseHandler: follower responses appendEntries COMPLETED
2023-07-05 13:44:10,531 [grpc-default-executor-6] WARN  server.GrpcLogAppender (GrpcLogAppender.java:resetClient(137)) - e6531a31-c1d4-4472-9f40-44bc51606458@group-6E6DDB135F8E->67a76afe-b765-42e9-b514-f84c102d0c02-GrpcLogAppender: Failed to getClient for 67a76afe-b765-42e9-b514-f84c102d0c02
org.apache.ratis.protocol.exceptions.AlreadyClosedException: e6531a31-c1d4-4472-9f40-44bc51606458 is already CLOSED
	at org.apache.ratis.util.PeerProxyMap$PeerAndProxy.getProxy(PeerProxyMap.java:61)
	at org.apache.ratis.util.PeerProxyMap.getProxy(PeerProxyMap.java:115)
	at org.apache.ratis.grpc.server.GrpcLogAppender.getClient(GrpcLogAppender.java:112)
	at org.apache.ratis.grpc.server.GrpcLogAppender.resetClient(GrpcLogAppender.java:117)
	at org.apache.ratis.grpc.server.GrpcLogAppender.access$500(GrpcLogAppender.java:56)
	at org.apache.ratis.grpc.server.GrpcLogAppender$AppendLogResponseHandler.onCompleted(GrpcLogAppender.java:429)
	at org.apache.ratis.thirdparty.io.grpc.stub.ClientCalls$StreamObserverToCallListenerAdapter.onClose(ClientCalls.java:485)
	at org.apache.ratis.thirdparty.io.grpc.internal.ClientCallImpl.closeObserver(ClientCallImpl.java:563)
	at org.apache.ratis.thirdparty.io.grpc.internal.ClientCallImpl.access$300(ClientCallImpl.java:70)
	at org.apache.ratis.thirdparty.io.grpc.internal.ClientCallImpl$ClientStreamListenerImpl$1StreamClosed.runInternal(ClientCallImpl.java:744)
	at org.apache.ratis.thirdparty.io.grpc.internal.ClientCallImpl$ClientStreamListenerImpl$1StreamClosed.runInContext(ClientCallImpl.java:723)
	at org.apache.ratis.thirdparty.io.grpc.internal.ContextRunnable.run(ContextRunnable.java:37)
	at org.apache.ratis.thirdparty.io.grpc.internal.SerializingExecutor.run(SerializingExecutor.java:133)
	at java.util.concurrent.ThreadPoolExecutor.runWorker(ThreadPoolExecutor.java:1149)
	at java.util.concurrent.ThreadPoolExecutor$Worker.run(ThreadPoolExecutor.java:624)
	at java.lang.Thread.run(Thread.java:750)
2023-07-05 13:44:10,531 [grpc-default-executor-7] INFO  server.GrpcServerProtocolService (GrpcServerProtocolService.java:lambda$onCompleted$5(157)) - 67a76afe-b765-42e9-b514-f84c102d0c02: Completed APPEND_ENTRIES, lastReply: serverReply {
  requestorId: "e6531a31-c1d4-4472-9f40-44bc51606458"
  replyId: "67a76afe-b765-42e9-b514-f84c102d0c02"
  raftGroupId {
    id: "T\234](\345 A\316\256\272nm\333\023_\216"
  }
  callId: 3
  success: true
}
term: 1
nextIndex: 1
matchIndex: 18446744073709551615
isHearbeat: true

2023-07-05 13:44:10,533 [grpc-default-executor-5] INFO  server.GrpcLogAppender (GrpcLogAppender.java:onCompleted(428)) - e6531a31-c1d4-4472-9f40-44bc51606458@group-6E6DDB135F8E->67a76afe-b765-42e9-b514-f84c102d0c02-AppendLogResponseHandler: follower responses appendEntries COMPLETED
2023-07-05 13:44:10,533 [grpc-default-executor-5] WARN  server.GrpcLogAppender (GrpcLogAppender.java:resetClient(137)) - e6531a31-c1d4-4472-9f40-44bc51606458@group-6E6DDB135F8E->67a76afe-b765-42e9-b514-f84c102d0c02-GrpcLogAppender: Failed to getClient for 67a76afe-b765-42e9-b514-f84c102d0c02
org.apache.ratis.protocol.exceptions.AlreadyClosedException: e6531a31-c1d4-4472-9f40-44bc51606458 is already CLOSED
	at org.apache.ratis.util.PeerProxyMap$PeerAndProxy.getProxy(PeerProxyMap.java:61)
	at org.apache.ratis.util.PeerProxyMap.getProxy(PeerProxyMap.java:115)
	at org.apache.ratis.grpc.server.GrpcLogAppender.getClient(GrpcLogAppender.java:112)
	at org.apache.ratis.grpc.server.GrpcLogAppender.resetClient(GrpcLogAppender.java:117)
	at org.apache.ratis.grpc.server.GrpcLogAppender.access$500(GrpcLogAppender.java:56)
	at org.apache.ratis.grpc.server.GrpcLogAppender$AppendLogResponseHandler.onCompleted(GrpcLogAppender.java:429)
	at org.apache.ratis.thirdparty.io.grpc.stub.ClientCalls$StreamObserverToCallListenerAdapter.onClose(ClientCalls.java:485)
	at org.apache.ratis.thirdparty.io.grpc.internal.ClientCallImpl.closeObserver(ClientCallImpl.java:563)
	at org.apache.ratis.thirdparty.io.grpc.internal.ClientCallImpl.access$300(ClientCallImpl.java:70)
	at org.apache.ratis.thirdparty.io.grpc.internal.ClientCallImpl$ClientStreamListenerImpl$1StreamClosed.runInternal(ClientCallImpl.java:744)
	at org.apache.ratis.thirdparty.io.grpc.internal.ClientCallImpl$ClientStreamListenerImpl$1StreamClosed.runInContext(ClientCallImpl.java:723)
	at org.apache.ratis.thirdparty.io.grpc.internal.ContextRunnable.run(ContextRunnable.java:37)
	at org.apache.ratis.thirdparty.io.grpc.internal.SerializingExecutor.run(SerializingExecutor.java:133)
	at java.util.concurrent.ThreadPoolExecutor.runWorker(ThreadPoolExecutor.java:1149)
	at java.util.concurrent.ThreadPoolExecutor$Worker.run(ThreadPoolExecutor.java:624)
	at java.lang.Thread.run(Thread.java:750)
2023-07-05 13:44:10,535 [Time-limited test] INFO  server.GrpcService (GrpcService.java:closeImpl(320)) - e6531a31-c1d4-4472-9f40-44bc51606458: shutdown server org.apache.ratis.grpc.server.GrpcClientProtocolService successfully
2023-07-05 13:44:10,535 [Time-limited test] INFO  server.GrpcService (GrpcService.java:closeImpl(311)) - e6531a31-c1d4-4472-9f40-44bc51606458: shutdown server GrpcServerProtocolService now
2023-07-05 13:44:10,548 [Time-limited test] INFO  server.GrpcService (GrpcService.java:closeImpl(320)) - e6531a31-c1d4-4472-9f40-44bc51606458: shutdown server GrpcServerProtocolService successfully
2023-07-05 13:44:10,548 [Time-limited test] INFO  server.GrpcService (GrpcService.java:closeImpl(311)) - e6531a31-c1d4-4472-9f40-44bc51606458: shutdown server org.apache.ratis.grpc.server.GrpcAdminProtocolService now
2023-07-05 13:44:10,549 [grpc-default-executor-0] WARN  server.GrpcLogAppender (LogUtils.java:warn(122)) - 67a76afe-b765-42e9-b514-f84c102d0c02@group-D6E7B59D90AF->e6531a31-c1d4-4472-9f40-44bc51606458-AppendLogResponseHandler: Failed appendEntries: org.apache.ratis.thirdparty.io.grpc.StatusRuntimeException: CANCELLED: RST_STREAM closed stream. HTTP/2 error code: CANCEL
2023-07-05 13:44:10,549 [grpc-default-executor-5] WARN  server.GrpcServerProtocolService (LogUtils.java:warn(122)) - e6531a31-c1d4-4472-9f40-44bc51606458: APPEND_ENTRIES onError, lastRequest: 67a76afe-b765-42e9-b514-f84c102d0c02->e6531a31-c1d4-4472-9f40-44bc51606458#15-t1,previous=(t:1, i:5),leaderCommit=5,initializing? true,entries: size=1, first=(t:1, i:6), METADATAENTRY(c:5): org.apache.ratis.thirdparty.io.grpc.StatusRuntimeException: CANCELLED: client cancelled
2023-07-05 13:44:10,549 [grpc-default-executor-0] INFO  leader.FollowerInfo (FollowerInfoImpl.java:lambda$new$0(52)) - 67a76afe-b765-42e9-b514-f84c102d0c02@group-D6E7B59D90AF->e6531a31-c1d4-4472-9f40-44bc51606458: decreaseNextIndex nextIndex: updateUnconditionally 7 -> 6
2023-07-05 13:44:10,549 [grpc-default-executor-6] WARN  server.GrpcServerProtocolService (LogUtils.java:warn(122)) - e6531a31-c1d4-4472-9f40-44bc51606458: APPEND_ENTRIES onError, lastRequest: null: org.apache.ratis.thirdparty.io.grpc.StatusRuntimeException: CANCELLED: client cancelled
2023-07-05 13:44:10,568 [grpc-default-executor-0] WARN  server.GrpcLogAppender (LogUtils.java:warn(122)) - 67a76afe-b765-42e9-b514-f84c102d0c02@group-D6E7B59D90AF->e6531a31-c1d4-4472-9f40-44bc51606458-AppendLogResponseHandler: Failed appendEntries: org.apache.ratis.thirdparty.io.grpc.StatusRuntimeException: CANCELLED: RST_STREAM closed stream. HTTP/2 error code: CANCEL
2023-07-05 13:44:10,568 [Time-limited test] INFO  server.GrpcService (GrpcService.java:closeImpl(320)) - e6531a31-c1d4-4472-9f40-44bc51606458: shutdown server org.apache.ratis.grpc.server.GrpcAdminProtocolService successfully
2023-07-05 13:44:10,568 [grpc-default-executor-0] INFO  leader.FollowerInfo (FollowerInfoImpl.java:lambda$new$0(52)) - 67a76afe-b765-42e9-b514-f84c102d0c02@group-D6E7B59D90AF->e6531a31-c1d4-4472-9f40-44bc51606458: decreaseNextIndex nextIndex: updateUnconditionally 6 -> 5
2023-07-05 13:44:10,568 [e6531a31-c1d4-4472-9f40-44bc51606458-NettyServerStreamRpc-bossGroup--thread1] INFO  logging.LoggingHandler (AbstractInternalLogger.java:log(148)) - [id: 0x34ce7856, L:/0:0:0:0:0:0:0:0:15183] CLOSE
2023-07-05 13:44:10,569 [e6531a31-c1d4-4472-9f40-44bc51606458-NettyServerStreamRpc-bossGroup--thread1] INFO  logging.LoggingHandler (AbstractInternalLogger.java:log(148)) - [id: 0x34ce7856, L:/0:0:0:0:0:0:0:0:15183] INACTIVE
2023-07-05 13:44:10,569 [e6531a31-c1d4-4472-9f40-44bc51606458-NettyServerStreamRpc-bossGroup--thread1] INFO  logging.LoggingHandler (AbstractInternalLogger.java:log(148)) - [id: 0x34ce7856, L:/0:0:0:0:0:0:0:0:15183] UNREGISTERED
2023-07-05 13:44:10,616 [ReplicationMonitor] INFO  replication.ReplicationManager (ReplicationManager.java:processAll(389)) - Replication Monitor Thread took 0 milliseconds for processing 1 containers.
2023-07-05 13:44:11,254 [e6531a31-c1d4-4472-9f40-44bc51606458-impl-thread1] INFO  segmented.SegmentedRaftLogWorker (SegmentedRaftLogWorker.java:close(252)) - e6531a31-c1d4-4472-9f40-44bc51606458@group-6E6DDB135F8E-SegmentedRaftLogWorker close()
2023-07-05 13:44:11,393 [e6531a31-c1d4-4472-9f40-44bc51606458-impl-thread3] INFO  segmented.SegmentedRaftLogWorker (SegmentedRaftLogWorker.java:close(252)) - e6531a31-c1d4-4472-9f40-44bc51606458@group-61DE4A12B047-SegmentedRaftLogWorker close()
2023-07-05 13:44:11,444 [e6531a31-c1d4-4472-9f40-44bc51606458-impl-thread2] INFO  segmented.SegmentedRaftLogWorker (SegmentedRaftLogWorker.java:close(252)) - e6531a31-c1d4-4472-9f40-44bc51606458@group-D6E7B59D90AF-SegmentedRaftLogWorker close()
2023-07-05 13:44:11,446 [JvmPauseMonitor24] INFO  util.JvmPauseMonitor (JvmPauseMonitor.java:run(109)) - JvmPauseMonitor-e6531a31-c1d4-4472-9f40-44bc51606458: Stopped
2023-07-05 13:44:11,617 [ReplicationMonitor] INFO  replication.ReplicationManager (ReplicationManager.java:processAll(389)) - Replication Monitor Thread took 1 milliseconds for processing 1 containers.
2023-07-05 13:44:12,617 [ReplicationMonitor] INFO  replication.ReplicationManager (ReplicationManager.java:processAll(389)) - Replication Monitor Thread took 0 milliseconds for processing 1 containers.
2023-07-05 13:44:12,948 [grpc-default-executor-7] WARN  server.GrpcLogAppender (LogUtils.java:warn(122)) - 67a76afe-b765-42e9-b514-f84c102d0c02@group-D6E7B59D90AF->e6531a31-c1d4-4472-9f40-44bc51606458-AppendLogResponseHandler: Failed appendEntries: org.apache.ratis.thirdparty.io.grpc.StatusRuntimeException: UNAVAILABLE: io exception
2023-07-05 13:44:12,949 [grpc-default-executor-7] INFO  leader.FollowerInfo (FollowerInfoImpl.java:lambda$new$0(52)) - 67a76afe-b765-42e9-b514-f84c102d0c02@group-D6E7B59D90AF->e6531a31-c1d4-4472-9f40-44bc51606458: decreaseNextIndex nextIndex: updateUnconditionally 5 -> 4
2023-07-05 13:44:12,952 [grpc-default-executor-0] WARN  server.GrpcLogAppender (LogUtils.java:warn(122)) - 67a76afe-b765-42e9-b514-f84c102d0c02@group-D6E7B59D90AF->e6531a31-c1d4-4472-9f40-44bc51606458-AppendLogResponseHandler: Failed appendEntries: org.apache.ratis.thirdparty.io.grpc.StatusRuntimeException: UNAVAILABLE: io exception
2023-07-05 13:44:12,952 [grpc-default-executor-0] INFO  leader.FollowerInfo (FollowerInfoImpl.java:lambda$new$0(52)) - 67a76afe-b765-42e9-b514-f84c102d0c02@group-D6E7B59D90AF->e6531a31-c1d4-4472-9f40-44bc51606458: decreaseNextIndex nextIndex: updateUnconditionally 4 -> 3
2023-07-05 13:44:12,953 [grpc-default-executor-4] WARN  server.GrpcLogAppender (LogUtils.java:warn(122)) - 67a76afe-b765-42e9-b514-f84c102d0c02@group-D6E7B59D90AF->e6531a31-c1d4-4472-9f40-44bc51606458-AppendLogResponseHandler: Failed appendEntries: org.apache.ratis.thirdparty.io.grpc.StatusRuntimeException: UNAVAILABLE: io exception
2023-07-05 13:44:12,954 [grpc-default-executor-4] INFO  leader.FollowerInfo (FollowerInfoImpl.java:lambda$new$0(52)) - 67a76afe-b765-42e9-b514-f84c102d0c02@group-D6E7B59D90AF->e6531a31-c1d4-4472-9f40-44bc51606458: decreaseNextIndex nextIndex: updateUnconditionally 4 -> 3
2023-07-05 13:44:12,956 [grpc-default-executor-0] WARN  server.GrpcLogAppender (LogUtils.java:warn(122)) - 67a76afe-b765-42e9-b514-f84c102d0c02@group-D6E7B59D90AF->e6531a31-c1d4-4472-9f40-44bc51606458-AppendLogResponseHandler: Failed appendEntries: org.apache.ratis.thirdparty.io.grpc.StatusRuntimeException: UNAVAILABLE: io exception
2023-07-05 13:44:12,957 [grpc-default-executor-0] INFO  leader.FollowerInfo (FollowerInfoImpl.java:lambda$new$0(52)) - 67a76afe-b765-42e9-b514-f84c102d0c02@group-D6E7B59D90AF->e6531a31-c1d4-4472-9f40-44bc51606458: decreaseNextIndex nextIndex: updateUnconditionally 4 -> 3
2023-07-05 13:44:12,957 [grpc-default-executor-0] WARN  server.GrpcLogAppender (LogUtils.java:warn(122)) - 67a76afe-b765-42e9-b514-f84c102d0c02@group-D6E7B59D90AF->e6531a31-c1d4-4472-9f40-44bc51606458-AppendLogResponseHandler: Failed appendEntries: org.apache.ratis.thirdparty.io.grpc.StatusRuntimeException: UNAVAILABLE: io exception
2023-07-05 13:44:12,957 [grpc-default-executor-0] INFO  leader.FollowerInfo (FollowerInfoImpl.java:lambda$new$0(52)) - 67a76afe-b765-42e9-b514-f84c102d0c02@group-D6E7B59D90AF->e6531a31-c1d4-4472-9f40-44bc51606458: decreaseNextIndex nextIndex: updateUnconditionally 3 -> 2
2023-07-05 13:44:12,960 [grpc-default-executor-4] WARN  server.GrpcLogAppender (LogUtils.java:warn(122)) - 67a76afe-b765-42e9-b514-f84c102d0c02@group-D6E7B59D90AF->e6531a31-c1d4-4472-9f40-44bc51606458-AppendLogResponseHandler: Failed appendEntries: org.apache.ratis.thirdparty.io.grpc.StatusRuntimeException: UNAVAILABLE: io exception
2023-07-05 13:44:12,961 [grpc-default-executor-4] INFO  leader.FollowerInfo (FollowerInfoImpl.java:lambda$new$0(52)) - 67a76afe-b765-42e9-b514-f84c102d0c02@group-D6E7B59D90AF->e6531a31-c1d4-4472-9f40-44bc51606458: decreaseNextIndex nextIndex: updateUnconditionally 2 -> 1
2023-07-05 13:44:13,451 [Time-limited test] INFO  utils.DatanodeStoreCache (DatanodeStoreCache.java:shutdownCache(110)) - Skip clearing cache in mini cluster mode. Entries left: [/home/runner/work/ozone/ozone/hadoop-ozone/integration-test/target/test-dir/MiniOzoneClusterImpl-de398c68-44fd-4973-9846-b14d0f209e8c/datanode-0/data-0/containers/hdds/de398c68-44fd-4973-9846-b14d0f209e8c/DS-9dd4327c-4661-4f9c-87f2-583bc0f1f71b/container.db, /home/runner/work/ozone/ozone/hadoop-ozone/integration-test/target/test-dir/MiniOzoneClusterImpl-de398c68-44fd-4973-9846-b14d0f209e8c/datanode-1/data-0/containers/hdds/de398c68-44fd-4973-9846-b14d0f209e8c/DS-919c0449-7e98-479b-81b6-abc8063f6a8d/container.db, /home/runner/work/ozone/ozone/hadoop-ozone/integration-test/target/test-dir/MiniOzoneClusterImpl-de398c68-44fd-4973-9846-b14d0f209e8c/datanode-2/data-0/containers/hdds/de398c68-44fd-4973-9846-b14d0f209e8c/DS-e0647b30-63b0-4b74-8425-25031c29308e/container.db, /home/runner/work/ozone/ozone/hadoop-ozone/integration-test/target/test-dir/MiniOzoneClusterImpl-de398c68-44fd-4973-9846-b14d0f209e8c/datanode-3/data-0/containers/hdds/de398c68-44fd-4973-9846-b14d0f209e8c/DS-510018b3-6c01-4559-9da0-a30139cfba06/container.db, /home/runner/work/ozone/ozone/hadoop-ozone/integration-test/target/test-dir/MiniOzoneClusterImpl-de398c68-44fd-4973-9846-b14d0f209e8c/datanode-4/data-0/containers/hdds/de398c68-44fd-4973-9846-b14d0f209e8c/DS-6f558abb-622c-42b5-add6-ba2f9392bd23/container.db]
2023-07-05 13:44:13,454 [Time-limited test] INFO  utils.DatanodeStoreCache (DatanodeStoreCache.java:removeDB(104)) - Removed db /home/runner/work/ozone/ozone/hadoop-ozone/integration-test/target/test-dir/MiniOzoneClusterImpl-de398c68-44fd-4973-9846-b14d0f209e8c/datanode-1/data-0/containers/hdds/de398c68-44fd-4973-9846-b14d0f209e8c/DS-919c0449-7e98-479b-81b6-abc8063f6a8d/container.db from cache
2023-07-05 13:44:13,454 [Time-limited test] INFO  volume.HddsVolume (HddsVolume.java:closeDbStore(509)) - SchemaV3 db is stopped at /home/runner/work/ozone/ozone/hadoop-ozone/integration-test/target/test-dir/MiniOzoneClusterImpl-de398c68-44fd-4973-9846-b14d0f209e8c/datanode-1/data-0/containers/hdds/de398c68-44fd-4973-9846-b14d0f209e8c/DS-919c0449-7e98-479b-81b6-abc8063f6a8d/container.db for volume DS-919c0449-7e98-479b-81b6-abc8063f6a8d
2023-07-05 13:44:13,454 [Time-limited test] INFO  utils.BackgroundService (BackgroundService.java:shutdown(141)) - Shutting down service BlockDeletingService
2023-07-05 13:44:13,456 [Time-limited test] INFO  utils.BackgroundService (BackgroundService.java:shutdown(141)) - Shutting down service StaleRecoveringContainerScrubbingService
2023-07-05 13:44:13,457 [Time-limited test] INFO  statemachine.DatanodeStateMachine (DatanodeStateMachine.java:stopDaemon(613)) - Ozone container server stopped.
2023-07-05 13:44:13,467 [Time-limited test] INFO  handler.ContextHandler (ContextHandler.java:doStop(1159)) - Stopped o.e.j.w.WebAppContext@2fb171f2{hddsDatanode,/,null,STOPPED}{jar:file:/home/runner/.m2/repository/org/apache/ozone/hdds-container-service/1.4.0-SNAPSHOT/hdds-container-service-1.4.0-SNAPSHOT.jar!/webapps/hddsDatanode}
2023-07-05 13:44:13,468 [Time-limited test] INFO  server.AbstractConnector (AbstractConnector.java:doStop(383)) - Stopped ServerConnector@17a8b57e{HTTP/1.1, (http/1.1)}{0.0.0.0:15177}
2023-07-05 13:44:13,468 [Time-limited test] INFO  server.session (HouseKeeper.java:stopScavenging(149)) - node0 Stopped scavenging
2023-07-05 13:44:13,469 [Time-limited test] INFO  handler.ContextHandler (ContextHandler.java:doStop(1159)) - Stopped o.e.j.s.ServletContextHandler@691c2482{static,/static,jar:file:/home/runner/.m2/repository/org/apache/ozone/hdds-container-service/1.4.0-SNAPSHOT/hdds-container-service-1.4.0-SNAPSHOT.jar!/webapps/static,STOPPED}
2023-07-05 13:44:13,469 [Time-limited test] INFO  handler.ContextHandler (ContextHandler.java:doStop(1159)) - Stopped o.e.j.s.ServletContextHandler@4c9a5a80{logs,/logs,file:///home/runner/work/ozone/ozone/hadoop-ozone/integration-test/target/log,STOPPED}
2023-07-05 13:44:13,469 [Time-limited test] INFO  ozone.HddsDatanodeClientProtocolServer (HddsDatanodeClientProtocolServer.java:stop(78)) - Stopping the RPC server for Client Protocol
2023-07-05 13:44:13,469 [Time-limited test] INFO  ipc.Server (Server.java:stop(3523)) - Stopping server on 15178
2023-07-05 13:44:13,469 [IPC Server listener on 15178] INFO  ipc.Server (Server.java:run(1434)) - Stopping IPC Server listener on 15178
2023-07-05 13:44:13,471 [IPC Server Responder] INFO  ipc.Server (Server.java:run(1567)) - Stopping IPC Server Responder
2023-07-05 13:44:13,472 [Time-limited test] INFO  container.TestHelper (TestHelper.java:countReplicas(423)) - Container 1 has 3 replicas on [67a76afe-b765-42e9-b514-f84c102d0c02, 860e26e7-dc57-4457-b602-0c8c8602d691, e6531a31-c1d4-4472-9f40-44bc51606458]
2023-07-05 13:44:13,544 [EventQueue-StaleNodeForStaleNodeHandler] INFO  node.StaleNodeHandler (StaleNodeHandler.java:onMessage(58)) - Datanode e6531a31-c1d4-4472-9f40-44bc51606458(fv-az264-29.ca02foy5wcnuvlrvrz2wi3p2og.dx.internal.cloudapp.net/10.1.0.13) moved to stale state. Finalizing its pipelines [PipelineID=549c5d28-e520-41ce-aeba-6e6ddb135f8e, PipelineID=994e7e95-56cd-4f97-872d-d6e7b59d90af, PipelineID=2bf416bc-d75c-4842-91a6-61de4a12b047]
2023-07-05 13:44:13,545 [EventQueue-StaleNodeForStaleNodeHandler] INFO  pipeline.PipelineManagerImpl (PipelineManagerImpl.java:closePipeline(510)) - Pipeline Pipeline[ Id: 549c5d28-e520-41ce-aeba-6e6ddb135f8e, Nodes: 860e26e7-dc57-4457-b602-0c8c8602d691(fv-az264-29.ca02foy5wcnuvlrvrz2wi3p2og.dx.internal.cloudapp.net/10.1.0.13)67a76afe-b765-42e9-b514-f84c102d0c02(fv-az264-29.ca02foy5wcnuvlrvrz2wi3p2og.dx.internal.cloudapp.net/10.1.0.13)e6531a31-c1d4-4472-9f40-44bc51606458(fv-az264-29.ca02foy5wcnuvlrvrz2wi3p2og.dx.internal.cloudapp.net/10.1.0.13), ReplicationConfig: RATIS/THREE, State:OPEN, leaderId:e6531a31-c1d4-4472-9f40-44bc51606458, CreationTimestamp2023-07-05T13:43:59.654Z[Etc/UTC]] moved to CLOSED state
2023-07-05 13:44:13,545 [EventQueue-StaleNodeForStaleNodeHandler] INFO  pipeline.PipelineManagerImpl (PipelineManagerImpl.java:closePipeline(510)) - Pipeline Pipeline[ Id: 994e7e95-56cd-4f97-872d-d6e7b59d90af, Nodes: e6531a31-c1d4-4472-9f40-44bc51606458(fv-az264-29.ca02foy5wcnuvlrvrz2wi3p2og.dx.internal.cloudapp.net/10.1.0.13)67a76afe-b765-42e9-b514-f84c102d0c02(fv-az264-29.ca02foy5wcnuvlrvrz2wi3p2og.dx.internal.cloudapp.net/10.1.0.13)860e26e7-dc57-4457-b602-0c8c8602d691(fv-az264-29.ca02foy5wcnuvlrvrz2wi3p2og.dx.internal.cloudapp.net/10.1.0.13), ReplicationConfig: RATIS/THREE, State:OPEN, leaderId:67a76afe-b765-42e9-b514-f84c102d0c02, CreationTimestamp2023-07-05T13:43:59.656Z[Etc/UTC]] moved to CLOSED state
2023-07-05 13:44:13,547 [EventQueue-StaleNodeForStaleNodeHandler] INFO  pipeline.PipelineManagerImpl (PipelineManagerImpl.java:closePipeline(510)) - Pipeline Pipeline[ Id: 2bf416bc-d75c-4842-91a6-61de4a12b047, Nodes: e6531a31-c1d4-4472-9f40-44bc51606458(fv-az264-29.ca02foy5wcnuvlrvrz2wi3p2og.dx.internal.cloudapp.net/10.1.0.13), ReplicationConfig: RATIS/ONE, State:OPEN, leaderId:e6531a31-c1d4-4472-9f40-44bc51606458, CreationTimestamp2023-07-05T13:43:59.294Z[Etc/UTC]] moved to CLOSED state
2023-07-05 13:44:13,622 [ReplicationMonitor] INFO  replication.ReplicationManager (ReplicationManager.java:processAll(389)) - Replication Monitor Thread took 0 milliseconds for processing 1 containers.
2023-07-05 13:44:14,197 [grpc-default-executor-4] WARN  server.GrpcLogAppender (LogUtils.java:warn(122)) - 67a76afe-b765-42e9-b514-f84c102d0c02@group-D6E7B59D90AF->e6531a31-c1d4-4472-9f40-44bc51606458-AppendLogResponseHandler: Failed appendEntries: org.apache.ratis.thirdparty.io.grpc.StatusRuntimeException: UNAVAILABLE: io exception
2023-07-05 13:44:14,198 [grpc-default-executor-4] INFO  leader.FollowerInfo (FollowerInfoImpl.java:lambda$new$0(52)) - 67a76afe-b765-42e9-b514-f84c102d0c02@group-D6E7B59D90AF->e6531a31-c1d4-4472-9f40-44bc51606458: decreaseNextIndex nextIndex: updateUnconditionally 1 -> 0
2023-07-05 13:44:14,197 [grpc-default-executor-0] WARN  server.GrpcLogAppender (LogUtils.java:warn(122)) - 67a76afe-b765-42e9-b514-f84c102d0c02@group-D6E7B59D90AF->e6531a31-c1d4-4472-9f40-44bc51606458-AppendLogResponseHandler: Failed appendEntries: org.apache.ratis.thirdparty.io.grpc.StatusRuntimeException: UNAVAILABLE: io exception
2023-07-05 13:44:14,208 [grpc-default-executor-0] WARN  server.GrpcLogAppender (LogUtils.java:warn(122)) - 67a76afe-b765-42e9-b514-f84c102d0c02@group-D6E7B59D90AF->e6531a31-c1d4-4472-9f40-44bc51606458-AppendLogResponseHandler: Failed appendEntries: org.apache.ratis.thirdparty.io.grpc.StatusRuntimeException: UNAVAILABLE: io exception
2023-07-05 13:44:14,209 [grpc-default-executor-0] INFO  leader.FollowerInfo (FollowerInfoImpl.java:lambda$new$0(52)) - 67a76afe-b765-42e9-b514-f84c102d0c02@group-D6E7B59D90AF->e6531a31-c1d4-4472-9f40-44bc51606458: decreaseNextIndex nextIndex: updateUnconditionally 1 -> 0
2023-07-05 13:44:14,209 [grpc-default-executor-4] WARN  server.GrpcLogAppender (LogUtils.java:warn(122)) - 67a76afe-b765-42e9-b514-f84c102d0c02@group-D6E7B59D90AF->e6531a31-c1d4-4472-9f40-44bc51606458-AppendLogResponseHandler: Failed appendEntries: org.apache.ratis.thirdparty.io.grpc.StatusRuntimeException: UNAVAILABLE: io exception
2023-07-05 13:44:14,472 [Time-limited test] INFO  container.TestHelper (TestHelper.java:countReplicas(423)) - Container 1 has 3 replicas on [67a76afe-b765-42e9-b514-f84c102d0c02, 860e26e7-dc57-4457-b602-0c8c8602d691, e6531a31-c1d4-4472-9f40-44bc51606458]
2023-07-05 13:44:14,623 [ReplicationMonitor] INFO  replication.ReplicationManager (ReplicationManager.java:processAll(389)) - Replication Monitor Thread took 1 milliseconds for processing 1 containers.
2023-07-05 13:44:15,448 [grpc-default-executor-4] WARN  server.GrpcLogAppender (LogUtils.java:warn(122)) - 67a76afe-b765-42e9-b514-f84c102d0c02@group-D6E7B59D90AF->e6531a31-c1d4-4472-9f40-44bc51606458-AppendLogResponseHandler: Failed appendEntries: org.apache.ratis.thirdparty.io.grpc.StatusRuntimeException: UNAVAILABLE: io exception
2023-07-05 13:44:15,449 [grpc-default-executor-0] WARN  server.GrpcLogAppender (LogUtils.java:warn(122)) - 67a76afe-b765-42e9-b514-f84c102d0c02@group-D6E7B59D90AF->e6531a31-c1d4-4472-9f40-44bc51606458-AppendLogResponseHandler: Failed appendEntries: org.apache.ratis.thirdparty.io.grpc.StatusRuntimeException: UNAVAILABLE: io exception
2023-07-05 13:44:15,459 [grpc-default-executor-0] WARN  server.GrpcLogAppender (LogUtils.java:warn(122)) - 67a76afe-b765-42e9-b514-f84c102d0c02@group-D6E7B59D90AF->e6531a31-c1d4-4472-9f40-44bc51606458-AppendLogResponseHandler: Failed appendEntries: org.apache.ratis.thirdparty.io.grpc.StatusRuntimeException: UNAVAILABLE: io exception
2023-07-05 13:44:15,459 [grpc-default-executor-0] INFO  leader.FollowerInfo (FollowerInfoImpl.java:lambda$new$0(52)) - 67a76afe-b765-42e9-b514-f84c102d0c02@group-D6E7B59D90AF->e6531a31-c1d4-4472-9f40-44bc51606458: decreaseNextIndex nextIndex: updateUnconditionally 1 -> 0
2023-07-05 13:44:15,459 [grpc-default-executor-4] WARN  server.GrpcLogAppender (LogUtils.java:warn(122)) - 67a76afe-b765-42e9-b514-f84c102d0c02@group-D6E7B59D90AF->e6531a31-c1d4-4472-9f40-44bc51606458-AppendLogResponseHandler: Failed appendEntries: org.apache.ratis.thirdparty.io.grpc.StatusRuntimeException: UNAVAILABLE: io exception
2023-07-05 13:44:15,473 [Time-limited test] INFO  container.TestHelper (TestHelper.java:countReplicas(423)) - Container 1 has 3 replicas on [67a76afe-b765-42e9-b514-f84c102d0c02, 860e26e7-dc57-4457-b602-0c8c8602d691, e6531a31-c1d4-4472-9f40-44bc51606458]
2023-07-05 13:44:15,623 [ReplicationMonitor] INFO  replication.ReplicationManager (ReplicationManager.java:processAll(389)) - Replication Monitor Thread took 0 milliseconds for processing 1 containers.
2023-07-05 13:44:16,473 [Time-limited test] INFO  container.TestHelper (TestHelper.java:countReplicas(423)) - Container 1 has 3 replicas on [67a76afe-b765-42e9-b514-f84c102d0c02, 860e26e7-dc57-4457-b602-0c8c8602d691, e6531a31-c1d4-4472-9f40-44bc51606458]
2023-07-05 13:44:16,547 [EventQueue-DeadNodeForDeadNodeHandler] INFO  node.DeadNodeHandler (DeadNodeHandler.java:onMessage(82)) - A dead datanode is detected. e6531a31-c1d4-4472-9f40-44bc51606458(fv-az264-29.ca02foy5wcnuvlrvrz2wi3p2og.dx.internal.cloudapp.net/10.1.0.13)
2023-07-05 13:44:16,548 [EventQueue-DeadNodeForDeadNodeHandler] INFO  pipeline.RatisPipelineProvider (RatisPipelineProvider.java:lambda$close$4(272)) - Send pipeline:PipelineID=549c5d28-e520-41ce-aeba-6e6ddb135f8e close command to datanode 860e26e7-dc57-4457-b602-0c8c8602d691
2023-07-05 13:44:16,548 [EventQueue-DeadNodeForDeadNodeHandler] INFO  pipeline.RatisPipelineProvider (RatisPipelineProvider.java:lambda$close$4(272)) - Send pipeline:PipelineID=549c5d28-e520-41ce-aeba-6e6ddb135f8e close command to datanode 67a76afe-b765-42e9-b514-f84c102d0c02
2023-07-05 13:44:16,548 [EventQueue-DeadNodeForDeadNodeHandler] INFO  pipeline.RatisPipelineProvider (RatisPipelineProvider.java:lambda$close$4(272)) - Send pipeline:PipelineID=549c5d28-e520-41ce-aeba-6e6ddb135f8e close command to datanode e6531a31-c1d4-4472-9f40-44bc51606458
2023-07-05 13:44:16,550 [EventQueue-DeadNodeForDeadNodeHandler] INFO  pipeline.PipelineManagerImpl (PipelineManagerImpl.java:removePipeline(459)) - Pipeline Pipeline[ Id: 549c5d28-e520-41ce-aeba-6e6ddb135f8e, Nodes: 860e26e7-dc57-4457-b602-0c8c8602d691(fv-az264-29.ca02foy5wcnuvlrvrz2wi3p2og.dx.internal.cloudapp.net/10.1.0.13)67a76afe-b765-42e9-b514-f84c102d0c02(fv-az264-29.ca02foy5wcnuvlrvrz2wi3p2og.dx.internal.cloudapp.net/10.1.0.13)e6531a31-c1d4-4472-9f40-44bc51606458(fv-az264-29.ca02foy5wcnuvlrvrz2wi3p2og.dx.internal.cloudapp.net/10.1.0.13), ReplicationConfig: RATIS/THREE, State:CLOSED, leaderId:e6531a31-c1d4-4472-9f40-44bc51606458, CreationTimestamp2023-07-05T13:43:59.654Z[Etc/UTC]] removed.
2023-07-05 13:44:16,550 [EventQueue-DeadNodeForDeadNodeHandler] INFO  pipeline.RatisPipelineProvider (RatisPipelineProvider.java:lambda$close$4(272)) - Send pipeline:PipelineID=994e7e95-56cd-4f97-872d-d6e7b59d90af close command to datanode e6531a31-c1d4-4472-9f40-44bc51606458
2023-07-05 13:44:16,550 [EventQueue-DeadNodeForDeadNodeHandler] INFO  pipeline.RatisPipelineProvider (RatisPipelineProvider.java:lambda$close$4(272)) - Send pipeline:PipelineID=994e7e95-56cd-4f97-872d-d6e7b59d90af close command to datanode 67a76afe-b765-42e9-b514-f84c102d0c02
2023-07-05 13:44:16,550 [EventQueue-DeadNodeForDeadNodeHandler] INFO  pipeline.RatisPipelineProvider (RatisPipelineProvider.java:lambda$close$4(272)) - Send pipeline:PipelineID=994e7e95-56cd-4f97-872d-d6e7b59d90af close command to datanode 860e26e7-dc57-4457-b602-0c8c8602d691
2023-07-05 13:44:16,550 [EventQueue-DeadNodeForDeadNodeHandler] INFO  pipeline.PipelineManagerImpl (PipelineManagerImpl.java:removePipeline(459)) - Pipeline Pipeline[ Id: 994e7e95-56cd-4f97-872d-d6e7b59d90af, Nodes: e6531a31-c1d4-4472-9f40-44bc51606458(fv-az264-29.ca02foy5wcnuvlrvrz2wi3p2og.dx.internal.cloudapp.net/10.1.0.13)67a76afe-b765-42e9-b514-f84c102d0c02(fv-az264-29.ca02foy5wcnuvlrvrz2wi3p2og.dx.internal.cloudapp.net/10.1.0.13)860e26e7-dc57-4457-b602-0c8c8602d691(fv-az264-29.ca02foy5wcnuvlrvrz2wi3p2og.dx.internal.cloudapp.net/10.1.0.13), ReplicationConfig: RATIS/THREE, State:CLOSED, leaderId:67a76afe-b765-42e9-b514-f84c102d0c02, CreationTimestamp2023-07-05T13:43:59.656Z[Etc/UTC]] removed.
2023-07-05 13:44:16,550 [EventQueue-DeadNodeForDeadNodeHandler] INFO  pipeline.RatisPipelineProvider (RatisPipelineProvider.java:lambda$close$4(272)) - Send pipeline:PipelineID=2bf416bc-d75c-4842-91a6-61de4a12b047 close command to datanode e6531a31-c1d4-4472-9f40-44bc51606458
2023-07-05 13:44:16,551 [EventQueue-DeadNodeForDeadNodeHandler] INFO  pipeline.PipelineManagerImpl (PipelineManagerImpl.java:removePipeline(459)) - Pipeline Pipeline[ Id: 2bf416bc-d75c-4842-91a6-61de4a12b047, Nodes: e6531a31-c1d4-4472-9f40-44bc51606458(fv-az264-29.ca02foy5wcnuvlrvrz2wi3p2og.dx.internal.cloudapp.net/10.1.0.13), ReplicationConfig: RATIS/ONE, State:CLOSED, leaderId:e6531a31-c1d4-4472-9f40-44bc51606458, CreationTimestamp2023-07-05T13:43:59.294Z[Etc/UTC]] removed.
2023-07-05 13:44:16,551 [EventQueue-DeadNodeForDeadNodeHandler] INFO  node.DeadNodeHandler (DeadNodeHandler.java:onMessage(95)) - Clearing command queue of size 3 for DN e6531a31-c1d4-4472-9f40-44bc51606458(fv-az264-29.ca02foy5wcnuvlrvrz2wi3p2og.dx.internal.cloudapp.net/10.1.0.13)
2023-07-05 13:44:16,551 [EventQueue-DeadNodeForDeadNodeHandler] INFO  net.NetworkTopologyImpl (NetworkTopologyImpl.java:remove(190)) - Removed a node: /default-rack/e6531a31-c1d4-4472-9f40-44bc51606458
2023-07-05 13:44:16,624 [ReplicationMonitor] INFO  replication.ReplicationManager (ReplicationManager.java:processAll(389)) - Replication Monitor Thread took 0 milliseconds for processing 1 containers.
2023-07-05 13:44:16,699 [grpc-default-executor-4] WARN  server.GrpcLogAppender (LogUtils.java:warn(122)) - 67a76afe-b765-42e9-b514-f84c102d0c02@group-D6E7B59D90AF->e6531a31-c1d4-4472-9f40-44bc51606458-AppendLogResponseHandler: Failed appendEntries: org.apache.ratis.thirdparty.io.grpc.StatusRuntimeException: UNAVAILABLE: io exception
2023-07-05 13:44:16,699 [grpc-default-executor-0] WARN  server.GrpcLogAppender (LogUtils.java:warn(122)) - 67a76afe-b765-42e9-b514-f84c102d0c02@group-D6E7B59D90AF->e6531a31-c1d4-4472-9f40-44bc51606458-AppendLogResponseHandler: Failed appendEntries: org.apache.ratis.thirdparty.io.grpc.StatusRuntimeException: UNAVAILABLE: io exception
2023-07-05 13:44:16,710 [grpc-default-executor-4] WARN  server.GrpcLogAppender (LogUtils.java:warn(122)) - 67a76afe-b765-42e9-b514-f84c102d0c02@group-D6E7B59D90AF->e6531a31-c1d4-4472-9f40-44bc51606458-AppendLogResponseHandler: Failed appendEntries: org.apache.ratis.thirdparty.io.grpc.StatusRuntimeException: UNAVAILABLE: io exception
2023-07-05 13:44:16,711 [grpc-default-executor-4] INFO  leader.FollowerInfo (FollowerInfoImpl.java:lambda$new$0(52)) - 67a76afe-b765-42e9-b514-f84c102d0c02@group-D6E7B59D90AF->e6531a31-c1d4-4472-9f40-44bc51606458: decreaseNextIndex nextIndex: updateUnconditionally 1 -> 0
2023-07-05 13:44:16,711 [grpc-default-executor-0] WARN  server.GrpcLogAppender (LogUtils.java:warn(122)) - 67a76afe-b765-42e9-b514-f84c102d0c02@group-D6E7B59D90AF->e6531a31-c1d4-4472-9f40-44bc51606458-AppendLogResponseHandler: Failed appendEntries: org.apache.ratis.thirdparty.io.grpc.StatusRuntimeException: UNAVAILABLE: io exception
2023-07-05 13:44:17,454 [67a76afe-b765-42e9-b514-f84c102d0c02@group-6E6DDB135F8E-FollowerState] INFO  impl.FollowerState (FollowerState.java:run(143)) - 67a76afe-b765-42e9-b514-f84c102d0c02@group-6E6DDB135F8E-FollowerState: change to CANDIDATE, lastRpcElapsedTime:7633756693ns, electionTimeout:5190ms
2023-07-05 13:44:17,454 [67a76afe-b765-42e9-b514-f84c102d0c02@group-6E6DDB135F8E-FollowerState] INFO  impl.RoleInfo (RoleInfo.java:shutdownFollowerState(110)) - 67a76afe-b765-42e9-b514-f84c102d0c02: shutdown 67a76afe-b765-42e9-b514-f84c102d0c02@group-6E6DDB135F8E-FollowerState
2023-07-05 13:44:17,454 [67a76afe-b765-42e9-b514-f84c102d0c02@group-6E6DDB135F8E-FollowerState] INFO  server.RaftServer$Division (RaftServerImpl.java:setRole(329)) - 67a76afe-b765-42e9-b514-f84c102d0c02@group-6E6DDB135F8E: changes role from  FOLLOWER to CANDIDATE at term 1 for changeToCandidate
2023-07-05 13:44:17,455 [67a76afe-b765-42e9-b514-f84c102d0c02@group-6E6DDB135F8E-FollowerState] INFO  server.RaftServerConfigKeys (ConfUtils.java:logGet(46)) - raft.server.leaderelection.pre-vote = true (default)
2023-07-05 13:44:17,455 [67a76afe-b765-42e9-b514-f84c102d0c02@group-6E6DDB135F8E-FollowerState] INFO  impl.RoleInfo (RoleInfo.java:updateAndGet(139)) - 67a76afe-b765-42e9-b514-f84c102d0c02: start 67a76afe-b765-42e9-b514-f84c102d0c02@group-6E6DDB135F8E-LeaderElection43
2023-07-05 13:44:17,457 [67a76afe-b765-42e9-b514-f84c102d0c02@group-6E6DDB135F8E-LeaderElection43] INFO  server.RaftServer$Division (ServerState.java:setLeader(317)) - 67a76afe-b765-42e9-b514-f84c102d0c02@group-6E6DDB135F8E: change Leader from e6531a31-c1d4-4472-9f40-44bc51606458 to null at term 1 for PRE_VOTE
2023-07-05 13:44:17,457 [67a76afe-b765-42e9-b514-f84c102d0c02@group-6E6DDB135F8E-LeaderElection43] INFO  impl.LeaderElection (LeaderElection.java:askForVotes(321)) - 67a76afe-b765-42e9-b514-f84c102d0c02@group-6E6DDB135F8E-LeaderElection43 PRE_VOTE round 0: submit vote requests at term 1 for 0: peers:[860e26e7-dc57-4457-b602-0c8c8602d691|rpc:10.1.0.13:15191|admin:10.1.0.13:15190|client:10.1.0.13:15189|dataStream:10.1.0.13:15192|priority:0|startupRole:FOLLOWER, 67a76afe-b765-42e9-b514-f84c102d0c02|rpc:10.1.0.13:15173|admin:10.1.0.13:15172|client:10.1.0.13:15171|dataStream:10.1.0.13:15174|priority:0|startupRole:FOLLOWER, e6531a31-c1d4-4472-9f40-44bc51606458|rpc:10.1.0.13:15182|admin:10.1.0.13:15181|client:10.1.0.13:15180|dataStream:10.1.0.13:15183|priority:1|startupRole:FOLLOWER]|listeners:[], old=null
2023-07-05 13:44:17,458 [67a76afe-b765-42e9-b514-f84c102d0c02@group-6E6DDB135F8E-LeaderElection43] INFO  impl.LeaderElection (LogUtils.java:infoOrTrace(137)) - 67a76afe-b765-42e9-b514-f84c102d0c02@group-6E6DDB135F8E-LeaderElection43 got exception when requesting votes: java.util.concurrent.ExecutionException: org.apache.ratis.thirdparty.io.grpc.StatusRuntimeException: UNAVAILABLE: io exception
2023-07-05 13:44:17,459 [grpc-default-executor-0] INFO  server.RaftServer$Division (RaftServerImpl.java:requestVote(1302)) - 860e26e7-dc57-4457-b602-0c8c8602d691@group-6E6DDB135F8E: receive requestVote(PRE_VOTE, 67a76afe-b765-42e9-b514-f84c102d0c02, group-6E6DDB135F8E, 1, (t:1, i:0))
2023-07-05 13:44:17,460 [grpc-default-executor-0] INFO  impl.VoteContext (VoteContext.java:log(49)) - 860e26e7-dc57-4457-b602-0c8c8602d691@group-6E6DDB135F8E-FOLLOWER: accept PRE_VOTE from 67a76afe-b765-42e9-b514-f84c102d0c02: our priority 0 <= candidate's priority 0
2023-07-05 13:44:17,460 [grpc-default-executor-0] INFO  server.RaftServer$Division (RaftServerImpl.java:requestVote(1335)) - 860e26e7-dc57-4457-b602-0c8c8602d691@group-6E6DDB135F8E replies to PRE_VOTE vote request: 67a76afe-b765-42e9-b514-f84c102d0c02<-860e26e7-dc57-4457-b602-0c8c8602d691#0:OK-t1. Peer's state: 860e26e7-dc57-4457-b602-0c8c8602d691@group-6E6DDB135F8E:t1, leader=e6531a31-c1d4-4472-9f40-44bc51606458, voted=e6531a31-c1d4-4472-9f40-44bc51606458, raftlog=Memoized:860e26e7-dc57-4457-b602-0c8c8602d691@group-6E6DDB135F8E-SegmentedRaftLog:OPENED:c0, conf=0: peers:[860e26e7-dc57-4457-b602-0c8c8602d691|rpc:10.1.0.13:15191|admin:10.1.0.13:15190|client:10.1.0.13:15189|dataStream:10.1.0.13:15192|priority:0|startupRole:FOLLOWER, 67a76afe-b765-42e9-b514-f84c102d0c02|rpc:10.1.0.13:15173|admin:10.1.0.13:15172|client:10.1.0.13:15171|dataStream:10.1.0.13:15174|priority:0|startupRole:FOLLOWER, e6531a31-c1d4-4472-9f40-44bc51606458|rpc:10.1.0.13:15182|admin:10.1.0.13:15181|client:10.1.0.13:15180|dataStream:10.1.0.13:15183|priority:1|startupRole:FOLLOWER]|listeners:[], old=null
2023-07-05 13:44:17,461 [67a76afe-b765-42e9-b514-f84c102d0c02@group-6E6DDB135F8E-LeaderElection43] INFO  impl.LeaderElection (LeaderElection.java:logAndReturn(90)) - 67a76afe-b765-42e9-b514-f84c102d0c02@group-6E6DDB135F8E-LeaderElection43: PRE_VOTE PASSED received 1 response(s) and 1 exception(s):
2023-07-05 13:44:17,461 [67a76afe-b765-42e9-b514-f84c102d0c02@group-6E6DDB135F8E-LeaderElection43] INFO  impl.LeaderElection (LeaderElection.java:logAndReturn(94)) -   Response 0: 67a76afe-b765-42e9-b514-f84c102d0c02<-860e26e7-dc57-4457-b602-0c8c8602d691#0:OK-t1
2023-07-05 13:44:17,461 [67a76afe-b765-42e9-b514-f84c102d0c02@group-6E6DDB135F8E-LeaderElection43] INFO  impl.LeaderElection (LogUtils.java:infoOrTrace(137)) -   Exception 1: java.util.concurrent.ExecutionException: org.apache.ratis.thirdparty.io.grpc.StatusRuntimeException: UNAVAILABLE: io exception
2023-07-05 13:44:17,461 [67a76afe-b765-42e9-b514-f84c102d0c02@group-6E6DDB135F8E-LeaderElection43] INFO  impl.LeaderElection (LeaderElection.java:askForVotes(323)) - 67a76afe-b765-42e9-b514-f84c102d0c02@group-6E6DDB135F8E-LeaderElection43 PRE_VOTE round 0: result PASSED
2023-07-05 13:44:17,463 [67a76afe-b765-42e9-b514-f84c102d0c02@group-6E6DDB135F8E-LeaderElection43] INFO  impl.LeaderElection (LeaderElection.java:askForVotes(321)) - 67a76afe-b765-42e9-b514-f84c102d0c02@group-6E6DDB135F8E-LeaderElection43 ELECTION round 0: submit vote requests at term 2 for 0: peers:[860e26e7-dc57-4457-b602-0c8c8602d691|rpc:10.1.0.13:15191|admin:10.1.0.13:15190|client:10.1.0.13:15189|dataStream:10.1.0.13:15192|priority:0|startupRole:FOLLOWER, 67a76afe-b765-42e9-b514-f84c102d0c02|rpc:10.1.0.13:15173|admin:10.1.0.13:15172|client:10.1.0.13:15171|dataStream:10.1.0.13:15174|priority:0|startupRole:FOLLOWER, e6531a31-c1d4-4472-9f40-44bc51606458|rpc:10.1.0.13:15182|admin:10.1.0.13:15181|client:10.1.0.13:15180|dataStream:10.1.0.13:15183|priority:1|startupRole:FOLLOWER]|listeners:[], old=null
2023-07-05 13:44:17,463 [67a76afe-b765-42e9-b514-f84c102d0c02@group-6E6DDB135F8E-LeaderElection43] INFO  impl.LeaderElection (LogUtils.java:infoOrTrace(137)) - 67a76afe-b765-42e9-b514-f84c102d0c02@group-6E6DDB135F8E-LeaderElection43 got exception when requesting votes: java.util.concurrent.ExecutionException: org.apache.ratis.thirdparty.io.grpc.StatusRuntimeException: UNAVAILABLE: io exception
2023-07-05 13:44:17,465 [grpc-default-executor-0] INFO  server.RaftServer$Division (RaftServerImpl.java:requestVote(1302)) - 860e26e7-dc57-4457-b602-0c8c8602d691@group-6E6DDB135F8E: receive requestVote(ELECTION, 67a76afe-b765-42e9-b514-f84c102d0c02, group-6E6DDB135F8E, 2, (t:1, i:0))
2023-07-05 13:44:17,465 [grpc-default-executor-0] INFO  impl.VoteContext (VoteContext.java:log(49)) - 860e26e7-dc57-4457-b602-0c8c8602d691@group-6E6DDB135F8E-FOLLOWER: accept ELECTION from 67a76afe-b765-42e9-b514-f84c102d0c02: our priority 0 <= candidate's priority 0
2023-07-05 13:44:17,465 [grpc-default-executor-0] INFO  server.RaftServer$Division (ServerState.java:setLeader(317)) - 860e26e7-dc57-4457-b602-0c8c8602d691@group-6E6DDB135F8E: change Leader from e6531a31-c1d4-4472-9f40-44bc51606458 to null at term 2 for updateCurrentTerm
2023-07-05 13:44:17,465 [grpc-default-executor-0] INFO  server.RaftServer$Division (RaftServerImpl.java:setRole(329)) - 860e26e7-dc57-4457-b602-0c8c8602d691@group-6E6DDB135F8E: changes role from  FOLLOWER to FOLLOWER at term 2 for candidate:67a76afe-b765-42e9-b514-f84c102d0c02
2023-07-05 13:44:17,465 [grpc-default-executor-0] INFO  impl.RoleInfo (RoleInfo.java:shutdownFollowerState(110)) - 860e26e7-dc57-4457-b602-0c8c8602d691: shutdown 860e26e7-dc57-4457-b602-0c8c8602d691@group-6E6DDB135F8E-FollowerState
2023-07-05 13:44:17,465 [grpc-default-executor-0] INFO  impl.RoleInfo (RoleInfo.java:updateAndGet(139)) - 860e26e7-dc57-4457-b602-0c8c8602d691: start 860e26e7-dc57-4457-b602-0c8c8602d691@group-6E6DDB135F8E-FollowerState
2023-07-05 13:44:17,466 [860e26e7-dc57-4457-b602-0c8c8602d691@group-6E6DDB135F8E-FollowerState] INFO  impl.FollowerState (FollowerState.java:run(152)) - 860e26e7-dc57-4457-b602-0c8c8602d691@group-6E6DDB135F8E-FollowerState was interrupted
2023-07-05 13:44:17,472 [grpc-default-executor-0] INFO  server.RaftServer$Division (RaftServerImpl.java:requestVote(1335)) - 860e26e7-dc57-4457-b602-0c8c8602d691@group-6E6DDB135F8E replies to ELECTION vote request: 67a76afe-b765-42e9-b514-f84c102d0c02<-860e26e7-dc57-4457-b602-0c8c8602d691#0:OK-t2. Peer's state: 860e26e7-dc57-4457-b602-0c8c8602d691@group-6E6DDB135F8E:t2, leader=null, voted=67a76afe-b765-42e9-b514-f84c102d0c02, raftlog=Memoized:860e26e7-dc57-4457-b602-0c8c8602d691@group-6E6DDB135F8E-SegmentedRaftLog:OPENED:c0, conf=0: peers:[860e26e7-dc57-4457-b602-0c8c8602d691|rpc:10.1.0.13:15191|admin:10.1.0.13:15190|client:10.1.0.13:15189|dataStream:10.1.0.13:15192|priority:0|startupRole:FOLLOWER, 67a76afe-b765-42e9-b514-f84c102d0c02|rpc:10.1.0.13:15173|admin:10.1.0.13:15172|client:10.1.0.13:15171|dataStream:10.1.0.13:15174|priority:0|startupRole:FOLLOWER, e6531a31-c1d4-4472-9f40-44bc51606458|rpc:10.1.0.13:15182|admin:10.1.0.13:15181|client:10.1.0.13:15180|dataStream:10.1.0.13:15183|priority:1|startupRole:FOLLOWER]|listeners:[], old=null
2023-07-05 13:44:17,473 [Time-limited test] INFO  container.TestHelper (TestHelper.java:countReplicas(423)) - Container 1 has 2 replicas on [67a76afe-b765-42e9-b514-f84c102d0c02, 860e26e7-dc57-4457-b602-0c8c8602d691]
2023-07-05 13:44:17,473 [Time-limited test] INFO  container.TestHelper (TestHelper.java:countReplicas(423)) - Container 1 has 2 replicas on [67a76afe-b765-42e9-b514-f84c102d0c02, 860e26e7-dc57-4457-b602-0c8c8602d691]
2023-07-05 13:44:17,475 [67a76afe-b765-42e9-b514-f84c102d0c02@group-6E6DDB135F8E-LeaderElection43] INFO  impl.LeaderElection (LeaderElection.java:logAndReturn(90)) - 67a76afe-b765-42e9-b514-f84c102d0c02@group-6E6DDB135F8E-LeaderElection43: ELECTION PASSED received 1 response(s) and 1 exception(s):
2023-07-05 13:44:17,475 [67a76afe-b765-42e9-b514-f84c102d0c02@group-6E6DDB135F8E-LeaderElection43] INFO  impl.LeaderElection (LeaderElection.java:logAndReturn(94)) -   Response 0: 67a76afe-b765-42e9-b514-f84c102d0c02<-860e26e7-dc57-4457-b602-0c8c8602d691#0:OK-t2
2023-07-05 13:44:17,476 [67a76afe-b765-42e9-b514-f84c102d0c02@group-6E6DDB135F8E-LeaderElection43] INFO  impl.LeaderElection (LogUtils.java:infoOrTrace(137)) -   Exception 1: java.util.concurrent.ExecutionException: org.apache.ratis.thirdparty.io.grpc.StatusRuntimeException: UNAVAILABLE: io exception
2023-07-05 13:44:17,476 [67a76afe-b765-42e9-b514-f84c102d0c02@group-6E6DDB135F8E-LeaderElection43] INFO  impl.LeaderElection (LeaderElection.java:askForVotes(323)) - 67a76afe-b765-42e9-b514-f84c102d0c02@group-6E6DDB135F8E-LeaderElection43 ELECTION round 0: result PASSED
2023-07-05 13:44:17,476 [67a76afe-b765-42e9-b514-f84c102d0c02@group-6E6DDB135F8E-LeaderElection43] INFO  impl.RoleInfo (RoleInfo.java:shutdownLeaderElection(130)) - 67a76afe-b765-42e9-b514-f84c102d0c02: shutdown 67a76afe-b765-42e9-b514-f84c102d0c02@group-6E6DDB135F8E-LeaderElection43
2023-07-05 13:44:17,476 [67a76afe-b765-42e9-b514-f84c102d0c02@group-6E6DDB135F8E-LeaderElection43] INFO  server.RaftServer$Division (RaftServerImpl.java:setRole(329)) - 67a76afe-b765-42e9-b514-f84c102d0c02@group-6E6DDB135F8E: changes role from CANDIDATE to LEADER at term 2 for changeToLeader
2023-07-05 13:44:17,476 [67a76afe-b765-42e9-b514-f84c102d0c02@group-6E6DDB135F8E-LeaderElection43] INFO  ratis.XceiverServerRatis (XceiverServerRatis.java:handleLeaderChangedNotification(902)) - Leader change notification received for group: group-6E6DDB135F8E with new leaderId: 67a76afe-b765-42e9-b514-f84c102d0c02
2023-07-05 13:44:17,476 [67a76afe-b765-42e9-b514-f84c102d0c02@group-6E6DDB135F8E-LeaderElection43] INFO  server.RaftServer$Division (ServerState.java:setLeader(317)) - 67a76afe-b765-42e9-b514-f84c102d0c02@group-6E6DDB135F8E: change Leader from null to 67a76afe-b765-42e9-b514-f84c102d0c02 at term 2 for becomeLeader, leader elected after 19ms
2023-07-05 13:44:17,476 [67a76afe-b765-42e9-b514-f84c102d0c02@group-6E6DDB135F8E-LeaderElection43] INFO  server.RaftServerConfigKeys (ConfUtils.java:logGet(46)) - raft.server.staging.catchup.gap = 1000 (default)
2023-07-05 13:44:17,476 [67a76afe-b765-42e9-b514-f84c102d0c02@group-6E6DDB135F8E-LeaderElection43] INFO  server.RaftServerConfigKeys (ConfUtils.java:logGet(46)) - raft.server.write.element-limit = 1024 (custom)
2023-07-05 13:44:17,476 [67a76afe-b765-42e9-b514-f84c102d0c02@group-6E6DDB135F8E-LeaderElection43] INFO  server.RaftServerConfigKeys (ConfUtils.java:logGet(46)) - raft.server.write.byte-limit = 1024 M (=1073741824) (custom)
2023-07-05 13:44:17,476 [67a76afe-b765-42e9-b514-f84c102d0c02@group-6E6DDB135F8E-LeaderElection43] INFO  server.RaftServerConfigKeys (ConfUtils.java:logGet(46)) - raft.server.watch.timeout = 180s (custom)
2023-07-05 13:44:17,476 [67a76afe-b765-42e9-b514-f84c102d0c02@group-6E6DDB135F8E-LeaderElection43] INFO  server.RaftServerConfigKeys (ConfUtils.java:logGet(46)) - raft.server.watch.timeout.denomination = 1s (default)
2023-07-05 13:44:17,476 [67a76afe-b765-42e9-b514-f84c102d0c02@group-6E6DDB135F8E-LeaderElection43] INFO  server.RaftServerConfigKeys (ConfUtils.java:logGet(46)) - raft.server.watch.element-limit = 65536 (default)
2023-07-05 13:44:17,477 [67a76afe-b765-42e9-b514-f84c102d0c02@group-6E6DDB135F8E-LeaderElection43] INFO  server.RaftServerConfigKeys (ConfUtils.java:logGet(46)) - raft.server.write.element-limit = 1024 (custom)
2023-07-05 13:44:17,477 [67a76afe-b765-42e9-b514-f84c102d0c02@group-6E6DDB135F8E-LeaderElection43] INFO  server.RaftServerConfigKeys (ConfUtils.java:logGet(46)) - raft.server.write.follower.gap.ratio.max = -1.0 (default)
2023-07-05 13:44:17,477 [67a76afe-b765-42e9-b514-f84c102d0c02@group-6E6DDB135F8E-LeaderElection43] INFO  server.RaftServerConfigKeys (ConfUtils.java:logGet(46)) - raft.server.log.appender.snapshot.chunk.size.max = 16MB (=16777216) (default)
2023-07-05 13:44:17,477 [67a76afe-b765-42e9-b514-f84c102d0c02@group-6E6DDB135F8E-LeaderElection43] INFO  server.RaftServerConfigKeys (ConfUtils.java:logGet(46)) - raft.server.log.appender.buffer.byte-limit = 33554432 (custom)
2023-07-05 13:44:17,477 [67a76afe-b765-42e9-b514-f84c102d0c02@group-6E6DDB135F8E-LeaderElection43] INFO  server.RaftServerConfigKeys (ConfUtils.java:logGet(46)) - raft.server.log.appender.buffer.element-limit = 1 (custom)
2023-07-05 13:44:17,477 [67a76afe-b765-42e9-b514-f84c102d0c02@group-6E6DDB135F8E-LeaderElection43] INFO  server.RaftServerConfigKeys (ConfUtils.java:logGet(46)) - raft.server.log.appender.wait-time.min = 10ms (default)
2023-07-05 13:44:17,477 [67a76afe-b765-42e9-b514-f84c102d0c02@group-6E6DDB135F8E-LeaderElection43] INFO  grpc.GrpcConfigKeys (ConfUtils.java:logGet(46)) - raft.grpc.server.leader.outstanding.appends.max = 128 (default)
2023-07-05 13:44:17,477 [67a76afe-b765-42e9-b514-f84c102d0c02@group-6E6DDB135F8E-LeaderElection43] INFO  server.RaftServerConfigKeys (ConfUtils.java:logGet(46)) - raft.server.rpc.request.timeout = 60s (custom)
2023-07-05 13:44:17,477 [67a76afe-b765-42e9-b514-f84c102d0c02@group-6E6DDB135F8E-LeaderElection43] INFO  grpc.GrpcConfigKeys (ConfUtils.java:logGet(46)) - raft.grpc.server.install_snapshot.request.element-limit = 8 (default)
2023-07-05 13:44:17,477 [67a76afe-b765-42e9-b514-f84c102d0c02@group-6E6DDB135F8E-LeaderElection43] INFO  grpc.GrpcConfigKeys (ConfUtils.java:logGet(46)) - raft.grpc.server.install_snapshot.request.timeout = 3000ms (default)
2023-07-05 13:44:17,477 [67a76afe-b765-42e9-b514-f84c102d0c02@group-6E6DDB135F8E-LeaderElection43] INFO  server.RaftServerConfigKeys (ConfUtils.java:logGet(46)) - raft.server.log.appender.install.snapshot.enabled = false (custom)
2023-07-05 13:44:17,477 [67a76afe-b765-42e9-b514-f84c102d0c02@group-6E6DDB135F8E-LeaderElection43] INFO  grpc.GrpcConfigKeys (ConfUtils.java:logGet(46)) - raft.grpc.server.heartbeat.channel = true (default)
2023-07-05 13:44:17,478 [67a76afe-b765-42e9-b514-f84c102d0c02@group-6E6DDB135F8E-LeaderElection43] INFO  server.RaftServerConfigKeys (ConfUtils.java:logGet(46)) - raft.server.log.appender.snapshot.chunk.size.max = 16MB (=16777216) (default)
2023-07-05 13:44:17,478 [67a76afe-b765-42e9-b514-f84c102d0c02@group-6E6DDB135F8E-LeaderElection43] INFO  server.RaftServerConfigKeys (ConfUtils.java:logGet(46)) - raft.server.log.appender.buffer.byte-limit = 33554432 (custom)
2023-07-05 13:44:17,478 [67a76afe-b765-42e9-b514-f84c102d0c02@group-6E6DDB135F8E-LeaderElection43] INFO  server.RaftServerConfigKeys (ConfUtils.java:logGet(46)) - raft.server.log.appender.buffer.element-limit = 1 (custom)
2023-07-05 13:44:17,478 [67a76afe-b765-42e9-b514-f84c102d0c02@group-6E6DDB135F8E-LeaderElection43] INFO  server.RaftServerConfigKeys (ConfUtils.java:logGet(46)) - raft.server.log.appender.wait-time.min = 10ms (default)
2023-07-05 13:44:17,478 [67a76afe-b765-42e9-b514-f84c102d0c02@group-6E6DDB135F8E-LeaderElection43] INFO  grpc.GrpcConfigKeys (ConfUtils.java:logGet(46)) - raft.grpc.server.leader.outstanding.appends.max = 128 (default)
2023-07-05 13:44:17,479 [67a76afe-b765-42e9-b514-f84c102d0c02@group-6E6DDB135F8E-LeaderElection43] INFO  server.RaftServerConfigKeys (ConfUtils.java:logGet(46)) - raft.server.rpc.request.timeout = 60s (custom)
2023-07-05 13:44:17,479 [67a76afe-b765-42e9-b514-f84c102d0c02@group-6E6DDB135F8E-LeaderElection43] INFO  grpc.GrpcConfigKeys (ConfUtils.java:logGet(46)) - raft.grpc.server.install_snapshot.request.element-limit = 8 (default)
2023-07-05 13:44:17,479 [67a76afe-b765-42e9-b514-f84c102d0c02@group-6E6DDB135F8E-LeaderElection43] INFO  grpc.GrpcConfigKeys (ConfUtils.java:logGet(46)) - raft.grpc.server.install_snapshot.request.timeout = 3000ms (default)
2023-07-05 13:44:17,479 [67a76afe-b765-42e9-b514-f84c102d0c02@group-6E6DDB135F8E-LeaderElection43] INFO  server.RaftServerConfigKeys (ConfUtils.java:logGet(46)) - raft.server.log.appender.install.snapshot.enabled = false (custom)
2023-07-05 13:44:17,479 [67a76afe-b765-42e9-b514-f84c102d0c02@group-6E6DDB135F8E-LeaderElection43] INFO  grpc.GrpcConfigKeys (ConfUtils.java:logGet(46)) - raft.grpc.server.heartbeat.channel = true (default)
2023-07-05 13:44:17,479 [67a76afe-b765-42e9-b514-f84c102d0c02@group-6E6DDB135F8E-LeaderElection43] INFO  impl.RoleInfo (RoleInfo.java:updateAndGet(139)) - 67a76afe-b765-42e9-b514-f84c102d0c02: start 67a76afe-b765-42e9-b514-f84c102d0c02@group-6E6DDB135F8E-LeaderStateImpl
2023-07-05 13:44:17,479 [67a76afe-b765-42e9-b514-f84c102d0c02@group-6E6DDB135F8E-LeaderElection43] INFO  segmented.SegmentedRaftLogWorker (SegmentedRaftLogWorker.java:rollLogSegment(452)) - 67a76afe-b765-42e9-b514-f84c102d0c02@group-6E6DDB135F8E-SegmentedRaftLogWorker: Rolling segment log-0_0 to index:0
2023-07-05 13:44:17,479 [67a76afe-b765-42e9-b514-f84c102d0c02@group-6E6DDB135F8E-SegmentedRaftLogWorker] INFO  segmented.SegmentedRaftLogWorker (SegmentedRaftLogWorker.java:execute(608)) - 67a76afe-b765-42e9-b514-f84c102d0c02@group-6E6DDB135F8E-SegmentedRaftLogWorker: Rolled log segment from /home/runner/work/ozone/ozone/hadoop-ozone/integration-test/target/test-dir/MiniOzoneClusterImpl-de398c68-44fd-4973-9846-b14d0f209e8c/datanode-0/data/ratis/549c5d28-e520-41ce-aeba-6e6ddb135f8e/current/log_inprogress_0 to /home/runner/work/ozone/ozone/hadoop-ozone/integration-test/target/test-dir/MiniOzoneClusterImpl-de398c68-44fd-4973-9846-b14d0f209e8c/datanode-0/data/ratis/549c5d28-e520-41ce-aeba-6e6ddb135f8e/current/log_0-0
2023-07-05 13:44:17,482 [EventQueue-PipelineReportForPipelineReportHandler] INFO  pipeline.PipelineReportHandler (PipelineReportHandler.java:processPipelineReport(115)) - Reported pipeline PipelineID=549c5d28-e520-41ce-aeba-6e6ddb135f8e is not found
2023-07-05 13:44:17,482 [EventQueue-PipelineReportForPipelineReportHandler] INFO  pipeline.PipelineReportHandler (PipelineReportHandler.java:processPipelineReport(115)) - Reported pipeline PipelineID=994e7e95-56cd-4f97-872d-d6e7b59d90af is not found
2023-07-05 13:44:17,482 [67a76afe-b765-42e9-b514-f84c102d0c02@group-6E6DDB135F8E-SegmentedRaftLogWorker] INFO  segmented.SegmentedRaftLogWorker (SegmentedRaftLogWorker.java:execute(651)) - 67a76afe-b765-42e9-b514-f84c102d0c02@group-6E6DDB135F8E-SegmentedRaftLogWorker: created new log segment /home/runner/work/ozone/ozone/hadoop-ozone/integration-test/target/test-dir/MiniOzoneClusterImpl-de398c68-44fd-4973-9846-b14d0f209e8c/datanode-0/data/ratis/549c5d28-e520-41ce-aeba-6e6ddb135f8e/current/log_inprogress_1
2023-07-05 13:44:17,485 [860e26e7-dc57-4457-b602-0c8c8602d691-server-thread1] INFO  ratis.XceiverServerRatis (XceiverServerRatis.java:handleLeaderChangedNotification(902)) - Leader change notification received for group: group-6E6DDB135F8E with new leaderId: 67a76afe-b765-42e9-b514-f84c102d0c02
2023-07-05 13:44:17,485 [860e26e7-dc57-4457-b602-0c8c8602d691-server-thread1] INFO  server.RaftServer$Division (ServerState.java:setLeader(317)) - 860e26e7-dc57-4457-b602-0c8c8602d691@group-6E6DDB135F8E: change Leader from null to 67a76afe-b765-42e9-b514-f84c102d0c02 at term 2 for appendEntries, leader elected after 19ms
2023-07-05 13:44:17,486 [67a76afe-b765-42e9-b514-f84c102d0c02@group-6E6DDB135F8E-LeaderElection43] INFO  server.RaftServer$Division (ServerState.java:setRaftConf(434)) - 67a76afe-b765-42e9-b514-f84c102d0c02@group-6E6DDB135F8E: set configuration 1: peers:[860e26e7-dc57-4457-b602-0c8c8602d691|rpc:10.1.0.13:15191|admin:10.1.0.13:15190|client:10.1.0.13:15189|dataStream:10.1.0.13:15192|priority:0|startupRole:FOLLOWER, 67a76afe-b765-42e9-b514-f84c102d0c02|rpc:10.1.0.13:15173|admin:10.1.0.13:15172|client:10.1.0.13:15171|dataStream:10.1.0.13:15174|priority:0|startupRole:FOLLOWER, e6531a31-c1d4-4472-9f40-44bc51606458|rpc:10.1.0.13:15182|admin:10.1.0.13:15181|client:10.1.0.13:15180|dataStream:10.1.0.13:15183|priority:1|startupRole:FOLLOWER]|listeners:[], old=null
2023-07-05 13:44:17,491 [grpc-default-executor-4] WARN  server.GrpcLogAppender (LogUtils.java:warn(122)) - 67a76afe-b765-42e9-b514-f84c102d0c02@group-6E6DDB135F8E->e6531a31-c1d4-4472-9f40-44bc51606458-AppendLogResponseHandler: Failed appendEntries: org.apache.ratis.thirdparty.io.grpc.StatusRuntimeException: UNAVAILABLE: io exception
2023-07-05 13:44:17,492 [grpc-default-executor-4] INFO  leader.FollowerInfo (FollowerInfoImpl.java:lambda$new$0(52)) - 67a76afe-b765-42e9-b514-f84c102d0c02@group-6E6DDB135F8E->e6531a31-c1d4-4472-9f40-44bc51606458: decreaseNextIndex nextIndex: updateUnconditionally 1 -> 0
2023-07-05 13:44:17,492 [grpc-default-executor-0] WARN  server.GrpcLogAppender (LogUtils.java:warn(122)) - 67a76afe-b765-42e9-b514-f84c102d0c02@group-6E6DDB135F8E->e6531a31-c1d4-4472-9f40-44bc51606458-AppendLogResponseHandler: Failed appendEntries: org.apache.ratis.thirdparty.io.grpc.StatusRuntimeException: UNAVAILABLE: io exception
2023-07-05 13:44:17,499 [860e26e7-dc57-4457-b602-0c8c8602d691-server-thread2] INFO  server.RaftServer$Division (ServerState.java:setRaftConf(434)) - 860e26e7-dc57-4457-b602-0c8c8602d691@group-6E6DDB135F8E: set configuration 1: peers:[860e26e7-dc57-4457-b602-0c8c8602d691|rpc:10.1.0.13:15191|admin:10.1.0.13:15190|client:10.1.0.13:15189|dataStream:10.1.0.13:15192|priority:0|startupRole:FOLLOWER, 67a76afe-b765-42e9-b514-f84c102d0c02|rpc:10.1.0.13:15173|admin:10.1.0.13:15172|client:10.1.0.13:15171|dataStream:10.1.0.13:15174|priority:0|startupRole:FOLLOWER, e6531a31-c1d4-4472-9f40-44bc51606458|rpc:10.1.0.13:15182|admin:10.1.0.13:15181|client:10.1.0.13:15180|dataStream:10.1.0.13:15183|priority:1|startupRole:FOLLOWER]|listeners:[], old=null
2023-07-05 13:44:17,499 [860e26e7-dc57-4457-b602-0c8c8602d691-server-thread2] INFO  segmented.SegmentedRaftLogWorker (SegmentedRaftLogWorker.java:rollLogSegment(452)) - 860e26e7-dc57-4457-b602-0c8c8602d691@group-6E6DDB135F8E-SegmentedRaftLogWorker: Rolling segment log-0_0 to index:0
2023-07-05 13:44:17,501 [860e26e7-dc57-4457-b602-0c8c8602d691@group-6E6DDB135F8E-SegmentedRaftLogWorker] INFO  segmented.SegmentedRaftLogWorker (SegmentedRaftLogWorker.java:execute(608)) - 860e26e7-dc57-4457-b602-0c8c8602d691@group-6E6DDB135F8E-SegmentedRaftLogWorker: Rolled log segment from /home/runner/work/ozone/ozone/hadoop-ozone/integration-test/target/test-dir/MiniOzoneClusterImpl-de398c68-44fd-4973-9846-b14d0f209e8c/datanode-2/data/ratis/549c5d28-e520-41ce-aeba-6e6ddb135f8e/current/log_inprogress_0 to /home/runner/work/ozone/ozone/hadoop-ozone/integration-test/target/test-dir/MiniOzoneClusterImpl-de398c68-44fd-4973-9846-b14d0f209e8c/datanode-2/data/ratis/549c5d28-e520-41ce-aeba-6e6ddb135f8e/current/log_0-0
2023-07-05 13:44:17,502 [860e26e7-dc57-4457-b602-0c8c8602d691@group-6E6DDB135F8E-SegmentedRaftLogWorker] INFO  segmented.SegmentedRaftLogWorker (SegmentedRaftLogWorker.java:execute(651)) - 860e26e7-dc57-4457-b602-0c8c8602d691@group-6E6DDB135F8E-SegmentedRaftLogWorker: created new log segment /home/runner/work/ozone/ozone/hadoop-ozone/integration-test/target/test-dir/MiniOzoneClusterImpl-de398c68-44fd-4973-9846-b14d0f209e8c/datanode-2/data/ratis/549c5d28-e520-41ce-aeba-6e6ddb135f8e/current/log_inprogress_1
2023-07-05 13:44:17,505 [grpc-default-executor-0] WARN  server.GrpcLogAppender (LogUtils.java:warn(122)) - 67a76afe-b765-42e9-b514-f84c102d0c02@group-6E6DDB135F8E->e6531a31-c1d4-4472-9f40-44bc51606458-AppendLogResponseHandler: Failed appendEntries: org.apache.ratis.thirdparty.io.grpc.StatusRuntimeException: UNAVAILABLE: io exception
2023-07-05 13:44:17,505 [grpc-default-executor-0] INFO  leader.FollowerInfo (FollowerInfoImpl.java:lambda$new$0(52)) - 67a76afe-b765-42e9-b514-f84c102d0c02@group-6E6DDB135F8E->e6531a31-c1d4-4472-9f40-44bc51606458: decreaseNextIndex nextIndex: updateUnconditionally 1 -> 0
2023-07-05 13:44:17,505 [grpc-default-executor-4] WARN  server.GrpcLogAppender (LogUtils.java:warn(122)) - 67a76afe-b765-42e9-b514-f84c102d0c02@group-6E6DDB135F8E->e6531a31-c1d4-4472-9f40-44bc51606458-AppendLogResponseHandler: Failed appendEntries: org.apache.ratis.thirdparty.io.grpc.StatusRuntimeException: UNAVAILABLE: io exception
2023-07-05 13:44:17,508 [grpc-default-executor-4] WARN  server.GrpcLogAppender (LogUtils.java:warn(122)) - 67a76afe-b765-42e9-b514-f84c102d0c02@group-6E6DDB135F8E->e6531a31-c1d4-4472-9f40-44bc51606458-AppendLogResponseHandler: Failed appendEntries: org.apache.ratis.thirdparty.io.grpc.StatusRuntimeException: UNAVAILABLE: io exception
2023-07-05 13:44:17,508 [grpc-default-executor-4] INFO  leader.FollowerInfo (FollowerInfoImpl.java:lambda$new$0(52)) - 67a76afe-b765-42e9-b514-f84c102d0c02@group-6E6DDB135F8E->e6531a31-c1d4-4472-9f40-44bc51606458: decreaseNextIndex nextIndex: updateUnconditionally 1 -> 0
2023-07-05 13:44:17,509 [grpc-default-executor-0] WARN  server.GrpcLogAppender (LogUtils.java:warn(122)) - 67a76afe-b765-42e9-b514-f84c102d0c02@group-6E6DDB135F8E->e6531a31-c1d4-4472-9f40-44bc51606458-AppendLogResponseHandler: Failed appendEntries: org.apache.ratis.thirdparty.io.grpc.StatusRuntimeException: UNAVAILABLE: io exception
2023-07-05 13:44:17,515 [grpc-default-executor-4] WARN  server.GrpcLogAppender (LogUtils.java:warn(122)) - 67a76afe-b765-42e9-b514-f84c102d0c02@group-6E6DDB135F8E->e6531a31-c1d4-4472-9f40-44bc51606458-AppendLogResponseHandler: Failed appendEntries: org.apache.ratis.thirdparty.io.grpc.StatusRuntimeException: UNAVAILABLE: io exception
2023-07-05 13:44:17,516 [grpc-default-executor-4] INFO  leader.FollowerInfo (FollowerInfoImpl.java:lambda$new$0(52)) - 67a76afe-b765-42e9-b514-f84c102d0c02@group-6E6DDB135F8E->e6531a31-c1d4-4472-9f40-44bc51606458: decreaseNextIndex nextIndex: updateUnconditionally 1 -> 0
2023-07-05 13:44:17,516 [grpc-default-executor-0] WARN  server.GrpcLogAppender (LogUtils.java:warn(122)) - 67a76afe-b765-42e9-b514-f84c102d0c02@group-6E6DDB135F8E->e6531a31-c1d4-4472-9f40-44bc51606458-AppendLogResponseHandler: Failed appendEntries: org.apache.ratis.thirdparty.io.grpc.StatusRuntimeException: UNAVAILABLE: io exception
2023-07-05 13:44:17,625 [ReplicationMonitor] INFO  replication.ReplicationManager (ReplicationManager.java:processAll(389)) - Replication Monitor Thread took 1 milliseconds for processing 1 containers.
2023-07-05 13:44:17,950 [grpc-default-executor-0] WARN  server.GrpcLogAppender (LogUtils.java:warn(122)) - 67a76afe-b765-42e9-b514-f84c102d0c02@group-D6E7B59D90AF->e6531a31-c1d4-4472-9f40-44bc51606458-AppendLogResponseHandler: Failed appendEntries: org.apache.ratis.thirdparty.io.grpc.StatusRuntimeException: UNAVAILABLE: io exception
2023-07-05 13:44:17,951 [grpc-default-executor-4] WARN  server.GrpcLogAppender (LogUtils.java:warn(122)) - 67a76afe-b765-42e9-b514-f84c102d0c02@group-D6E7B59D90AF->e6531a31-c1d4-4472-9f40-44bc51606458-AppendLogResponseHandler: Failed appendEntries: org.apache.ratis.thirdparty.io.grpc.StatusRuntimeException: UNAVAILABLE: io exception
2023-07-05 13:44:17,961 [grpc-default-executor-4] WARN  server.GrpcLogAppender (LogUtils.java:warn(122)) - 67a76afe-b765-42e9-b514-f84c102d0c02@group-D6E7B59D90AF->e6531a31-c1d4-4472-9f40-44bc51606458-AppendLogResponseHandler: Failed appendEntries: org.apache.ratis.thirdparty.io.grpc.StatusRuntimeException: UNAVAILABLE: io exception
2023-07-05 13:44:17,962 [grpc-default-executor-4] INFO  leader.FollowerInfo (FollowerInfoImpl.java:lambda$new$0(52)) - 67a76afe-b765-42e9-b514-f84c102d0c02@group-D6E7B59D90AF->e6531a31-c1d4-4472-9f40-44bc51606458: decreaseNextIndex nextIndex: updateUnconditionally 1 -> 0
2023-07-05 13:44:17,962 [grpc-default-executor-0] WARN  server.GrpcLogAppender (LogUtils.java:warn(122)) - 67a76afe-b765-42e9-b514-f84c102d0c02@group-D6E7B59D90AF->e6531a31-c1d4-4472-9f40-44bc51606458-AppendLogResponseHandler: Failed appendEntries: org.apache.ratis.thirdparty.io.grpc.StatusRuntimeException: UNAVAILABLE: io exception
2023-07-05 13:44:18,440 [PipelineCommandHandlerThread-0] INFO  server.RaftServer (RaftServerProxy.java:remove(109)) - 67a76afe-b765-42e9-b514-f84c102d0c02: remove    LEADER 67a76afe-b765-42e9-b514-f84c102d0c02@group-6E6DDB135F8E:t2, leader=67a76afe-b765-42e9-b514-f84c102d0c02, voted=67a76afe-b765-42e9-b514-f84c102d0c02, raftlog=Memoized:67a76afe-b765-42e9-b514-f84c102d0c02@group-6E6DDB135F8E-SegmentedRaftLog:OPENED:c2, conf=1: peers:[860e26e7-dc57-4457-b602-0c8c8602d691|rpc:10.1.0.13:15191|admin:10.1.0.13:15190|client:10.1.0.13:15189|dataStream:10.1.0.13:15192|priority:0|startupRole:FOLLOWER, 67a76afe-b765-42e9-b514-f84c102d0c02|rpc:10.1.0.13:15173|admin:10.1.0.13:15172|client:10.1.0.13:15171|dataStream:10.1.0.13:15174|priority:0|startupRole:FOLLOWER, e6531a31-c1d4-4472-9f40-44bc51606458|rpc:10.1.0.13:15182|admin:10.1.0.13:15181|client:10.1.0.13:15180|dataStream:10.1.0.13:15183|priority:1|startupRole:FOLLOWER]|listeners:[], old=null RUNNING
2023-07-05 13:44:18,441 [PipelineCommandHandlerThread-0] INFO  server.RaftServer$Division (RaftServerImpl.java:lambda$close$4(466)) - 67a76afe-b765-42e9-b514-f84c102d0c02@group-6E6DDB135F8E: shutdown
2023-07-05 13:44:18,441 [PipelineCommandHandlerThread-0] INFO  util.JmxRegister (JmxRegister.java:unregister(73)) - Successfully un-registered JMX Bean with object name Ratis:service=RaftServer,group=group-6E6DDB135F8E,id=67a76afe-b765-42e9-b514-f84c102d0c02
2023-07-05 13:44:18,441 [PipelineCommandHandlerThread-0] INFO  impl.RoleInfo (RoleInfo.java:shutdownLeaderState(93)) - 67a76afe-b765-42e9-b514-f84c102d0c02: shutdown 67a76afe-b765-42e9-b514-f84c102d0c02@group-6E6DDB135F8E-LeaderStateImpl
2023-07-05 13:44:18,441 [67a76afe-b765-42e9-b514-f84c102d0c02@group-6E6DDB135F8E->860e26e7-dc57-4457-b602-0c8c8602d691-GrpcLogAppender-LogAppenderDaemon] WARN  server.GrpcLogAppender (GrpcLogAppender.java:mayWait(199)) - 67a76afe-b765-42e9-b514-f84c102d0c02@group-6E6DDB135F8E->860e26e7-dc57-4457-b602-0c8c8602d691-GrpcLogAppender: Wait interrupted by java.lang.InterruptedException
2023-07-05 13:44:18,441 [PipelineCommandHandlerThread-0] INFO  impl.PendingRequests (PendingRequests.java:sendNotLeaderResponses(289)) - 67a76afe-b765-42e9-b514-f84c102d0c02@group-6E6DDB135F8E-PendingRequests: sendNotLeaderResponses
2023-07-05 13:44:18,441 [67a76afe-b765-42e9-b514-f84c102d0c02@group-6E6DDB135F8E->e6531a31-c1d4-4472-9f40-44bc51606458-GrpcLogAppender-LogAppenderDaemon] WARN  server.GrpcLogAppender (GrpcLogAppender.java:mayWait(199)) - 67a76afe-b765-42e9-b514-f84c102d0c02@group-6E6DDB135F8E->e6531a31-c1d4-4472-9f40-44bc51606458-GrpcLogAppender: Wait interrupted by java.lang.InterruptedException
2023-07-05 13:44:18,445 [grpc-default-executor-0] INFO  server.GrpcServerProtocolService (GrpcServerProtocolService.java:onCompleted(155)) - 860e26e7-dc57-4457-b602-0c8c8602d691: Completed APPEND_ENTRIES, lastRequest: 67a76afe-b765-42e9-b514-f84c102d0c02->860e26e7-dc57-4457-b602-0c8c8602d691#2-t2,previous=(t:2, i:1),leaderCommit=1,initializing? true,entries: size=1, first=(t:2, i:2), METADATAENTRY(c:1)
2023-07-05 13:44:18,445 [grpc-default-executor-4] INFO  server.GrpcServerProtocolService (GrpcServerProtocolService.java:onCompleted(155)) - 860e26e7-dc57-4457-b602-0c8c8602d691: Completed APPEND_ENTRIES, lastRequest: null
2023-07-05 13:44:18,445 [grpc-default-executor-0] INFO  server.GrpcServerProtocolService (GrpcServerProtocolService.java:lambda$onCompleted$5(157)) - 860e26e7-dc57-4457-b602-0c8c8602d691: Completed APPEND_ENTRIES, lastReply: null
2023-07-05 13:44:18,445 [grpc-default-executor-4] INFO  server.GrpcServerProtocolService (GrpcServerProtocolService.java:lambda$onCompleted$5(157)) - 860e26e7-dc57-4457-b602-0c8c8602d691: Completed APPEND_ENTRIES, lastReply: serverReply {
  requestorId: "67a76afe-b765-42e9-b514-f84c102d0c02"
  replyId: "860e26e7-dc57-4457-b602-0c8c8602d691"
  raftGroupId {
    id: "T\234](\345 A\316\256\272nm\333\023_\216"
  }
  success: true
}
term: 2
nextIndex: 1
matchIndex: 18446744073709551615
isHearbeat: true

2023-07-05 13:44:18,446 [grpc-default-executor-4] INFO  server.GrpcLogAppender (GrpcLogAppender.java:onCompleted(428)) - 67a76afe-b765-42e9-b514-f84c102d0c02@group-6E6DDB135F8E->860e26e7-dc57-4457-b602-0c8c8602d691-AppendLogResponseHandler: follower responses appendEntries COMPLETED
2023-07-05 13:44:18,446 [grpc-default-executor-4] INFO  leader.FollowerInfo (FollowerInfoImpl.java:lambda$new$0(52)) - 67a76afe-b765-42e9-b514-f84c102d0c02@group-6E6DDB135F8E->860e26e7-dc57-4457-b602-0c8c8602d691: decreaseNextIndex nextIndex: updateUnconditionally 3 -> 2
2023-07-05 13:44:18,447 [grpc-default-executor-0] INFO  server.GrpcLogAppender (GrpcLogAppender.java:onCompleted(428)) - 67a76afe-b765-42e9-b514-f84c102d0c02@group-6E6DDB135F8E->860e26e7-dc57-4457-b602-0c8c8602d691-AppendLogResponseHandler: follower responses appendEntries COMPLETED
2023-07-05 13:44:18,448 [grpc-default-executor-0] INFO  leader.FollowerInfo (FollowerInfoImpl.java:lambda$new$0(52)) - 67a76afe-b765-42e9-b514-f84c102d0c02@group-6E6DDB135F8E->860e26e7-dc57-4457-b602-0c8c8602d691: decreaseNextIndex nextIndex: updateUnconditionally 2 -> 1
2023-07-05 13:44:18,447 [67a76afe-b765-42e9-b514-f84c102d0c02@group-6E6DDB135F8E-StateMachineUpdater] INFO  ratis.ContainerStateMachine (ContainerStateMachine.java:takeSnapshot(330)) - group-6E6DDB135F8E: Taking a snapshot at:(t:2, i:2) file /home/runner/work/ozone/ozone/hadoop-ozone/integration-test/target/test-dir/MiniOzoneClusterImpl-de398c68-44fd-4973-9846-b14d0f209e8c/datanode-0/data/ratis/549c5d28-e520-41ce-aeba-6e6ddb135f8e/sm/snapshot.2_2
2023-07-05 13:44:18,447 [PipelineCommandHandlerThread-0] INFO  impl.StateMachineUpdater (StateMachineUpdater.java:stopAndJoin(155)) - 67a76afe-b765-42e9-b514-f84c102d0c02@group-6E6DDB135F8E-StateMachineUpdater: set stopIndex = 2
2023-07-05 13:44:18,449 [67a76afe-b765-42e9-b514-f84c102d0c02@group-6E6DDB135F8E-StateMachineUpdater] INFO  ratis.ContainerStateMachine (ContainerStateMachine.java:takeSnapshot(341)) - group-6E6DDB135F8E: Finished taking a snapshot at:(t:2, i:2) file:/home/runner/work/ozone/ozone/hadoop-ozone/integration-test/target/test-dir/MiniOzoneClusterImpl-de398c68-44fd-4973-9846-b14d0f209e8c/datanode-0/data/ratis/549c5d28-e520-41ce-aeba-6e6ddb135f8e/sm/snapshot.2_2 took: 1 ms
2023-07-05 13:44:18,449 [67a76afe-b765-42e9-b514-f84c102d0c02@group-6E6DDB135F8E-StateMachineUpdater] INFO  impl.StateMachineUpdater (StateMachineUpdater.java:takeSnapshot(291)) - 67a76afe-b765-42e9-b514-f84c102d0c02@group-6E6DDB135F8E-StateMachineUpdater: Took a snapshot at index 2
2023-07-05 13:44:18,449 [67a76afe-b765-42e9-b514-f84c102d0c02@group-6E6DDB135F8E-StateMachineUpdater] INFO  impl.StateMachineUpdater (StateMachineUpdater.java:lambda$new$0(97)) - 67a76afe-b765-42e9-b514-f84c102d0c02@group-6E6DDB135F8E-StateMachineUpdater: snapshotIndex: updateIncreasingly -1 -> 2
2023-07-05 13:44:18,449 [PipelineCommandHandlerThread-0] INFO  server.RaftServer$Division (ServerState.java:close(472)) - 67a76afe-b765-42e9-b514-f84c102d0c02@group-6E6DDB135F8E: closes. applyIndex: 2
2023-07-05 13:44:18,454 [PipelineCommandHandlerThread-0] INFO  server.RaftServer (RaftServerProxy.java:remove(109)) - 860e26e7-dc57-4457-b602-0c8c8602d691: remove  FOLLOWER 860e26e7-dc57-4457-b602-0c8c8602d691@group-6E6DDB135F8E:t2, leader=67a76afe-b765-42e9-b514-f84c102d0c02, voted=67a76afe-b765-42e9-b514-f84c102d0c02, raftlog=Memoized:860e26e7-dc57-4457-b602-0c8c8602d691@group-6E6DDB135F8E-SegmentedRaftLog:OPENED:c1, conf=1: peers:[860e26e7-dc57-4457-b602-0c8c8602d691|rpc:10.1.0.13:15191|admin:10.1.0.13:15190|client:10.1.0.13:15189|dataStream:10.1.0.13:15192|priority:0|startupRole:FOLLOWER, 67a76afe-b765-42e9-b514-f84c102d0c02|rpc:10.1.0.13:15173|admin:10.1.0.13:15172|client:10.1.0.13:15171|dataStream:10.1.0.13:15174|priority:0|startupRole:FOLLOWER, e6531a31-c1d4-4472-9f40-44bc51606458|rpc:10.1.0.13:15182|admin:10.1.0.13:15181|client:10.1.0.13:15180|dataStream:10.1.0.13:15183|priority:1|startupRole:FOLLOWER]|listeners:[], old=null RUNNING
2023-07-05 13:44:18,455 [PipelineCommandHandlerThread-0] INFO  server.RaftServer$Division (RaftServerImpl.java:lambda$close$4(466)) - 860e26e7-dc57-4457-b602-0c8c8602d691@group-6E6DDB135F8E: shutdown
2023-07-05 13:44:18,455 [PipelineCommandHandlerThread-0] INFO  util.JmxRegister (JmxRegister.java:unregister(73)) - Successfully un-registered JMX Bean with object name Ratis:service=RaftServer,group=group-6E6DDB135F8E,id=860e26e7-dc57-4457-b602-0c8c8602d691
2023-07-05 13:44:18,455 [PipelineCommandHandlerThread-0] INFO  impl.RoleInfo (RoleInfo.java:shutdownFollowerState(110)) - 860e26e7-dc57-4457-b602-0c8c8602d691: shutdown 860e26e7-dc57-4457-b602-0c8c8602d691@group-6E6DDB135F8E-FollowerState
2023-07-05 13:44:18,455 [PipelineCommandHandlerThread-0] INFO  impl.StateMachineUpdater (StateMachineUpdater.java:stopAndJoin(155)) - 860e26e7-dc57-4457-b602-0c8c8602d691@group-6E6DDB135F8E-StateMachineUpdater: set stopIndex = 1
2023-07-05 13:44:18,455 [860e26e7-dc57-4457-b602-0c8c8602d691@group-6E6DDB135F8E-FollowerState] INFO  impl.FollowerState (FollowerState.java:run(152)) - 860e26e7-dc57-4457-b602-0c8c8602d691@group-6E6DDB135F8E-FollowerState was interrupted
2023-07-05 13:44:18,455 [860e26e7-dc57-4457-b602-0c8c8602d691@group-6E6DDB135F8E-StateMachineUpdater] INFO  ratis.ContainerStateMachine (ContainerStateMachine.java:takeSnapshot(330)) - group-6E6DDB135F8E: Taking a snapshot at:(t:2, i:1) file /home/runner/work/ozone/ozone/hadoop-ozone/integration-test/target/test-dir/MiniOzoneClusterImpl-de398c68-44fd-4973-9846-b14d0f209e8c/datanode-2/data/ratis/549c5d28-e520-41ce-aeba-6e6ddb135f8e/sm/snapshot.2_1
2023-07-05 13:44:18,457 [860e26e7-dc57-4457-b602-0c8c8602d691@group-6E6DDB135F8E-StateMachineUpdater] INFO  ratis.ContainerStateMachine (ContainerStateMachine.java:takeSnapshot(341)) - group-6E6DDB135F8E: Finished taking a snapshot at:(t:2, i:1) file:/home/runner/work/ozone/ozone/hadoop-ozone/integration-test/target/test-dir/MiniOzoneClusterImpl-de398c68-44fd-4973-9846-b14d0f209e8c/datanode-2/data/ratis/549c5d28-e520-41ce-aeba-6e6ddb135f8e/sm/snapshot.2_1 took: 1 ms
2023-07-05 13:44:18,457 [860e26e7-dc57-4457-b602-0c8c8602d691@group-6E6DDB135F8E-StateMachineUpdater] INFO  impl.StateMachineUpdater (StateMachineUpdater.java:takeSnapshot(291)) - 860e26e7-dc57-4457-b602-0c8c8602d691@group-6E6DDB135F8E-StateMachineUpdater: Took a snapshot at index 1
2023-07-05 13:44:18,457 [860e26e7-dc57-4457-b602-0c8c8602d691@group-6E6DDB135F8E-StateMachineUpdater] INFO  impl.StateMachineUpdater (StateMachineUpdater.java:lambda$new$0(97)) - 860e26e7-dc57-4457-b602-0c8c8602d691@group-6E6DDB135F8E-StateMachineUpdater: snapshotIndex: updateIncreasingly -1 -> 1
2023-07-05 13:44:18,457 [PipelineCommandHandlerThread-0] INFO  server.RaftServer$Division (ServerState.java:close(472)) - 860e26e7-dc57-4457-b602-0c8c8602d691@group-6E6DDB135F8E: closes. applyIndex: 1
2023-07-05 13:44:18,474 [Time-limited test] INFO  container.TestHelper (TestHelper.java:countReplicas(423)) - Container 1 has 2 replicas on [67a76afe-b765-42e9-b514-f84c102d0c02, 860e26e7-dc57-4457-b602-0c8c8602d691]
2023-07-05 13:44:18,509 [PipelineCommandHandlerThread-0] INFO  segmented.SegmentedRaftLogWorker (SegmentedRaftLogWorker.java:close(252)) - 67a76afe-b765-42e9-b514-f84c102d0c02@group-6E6DDB135F8E-SegmentedRaftLogWorker close()
2023-07-05 13:44:18,510 [PipelineCommandHandlerThread-0] INFO  server.RaftServer$Division (RaftServerImpl.java:groupRemove(436)) - 67a76afe-b765-42e9-b514-f84c102d0c02@group-6E6DDB135F8E: Succeed to remove RaftStorageDirectory Storage Directory /home/runner/work/ozone/ozone/hadoop-ozone/integration-test/target/test-dir/MiniOzoneClusterImpl-de398c68-44fd-4973-9846-b14d0f209e8c/datanode-0/data/ratis/549c5d28-e520-41ce-aeba-6e6ddb135f8e
2023-07-05 13:44:18,510 [PipelineCommandHandlerThread-0] INFO  commandhandler.ClosePipelineCommandHandler (ClosePipelineCommandHandler.java:lambda$handle$0(87)) - Close Pipeline PipelineID=549c5d28-e520-41ce-aeba-6e6ddb135f8e command on datanode 67a76afe-b765-42e9-b514-f84c102d0c02.
2023-07-05 13:44:18,511 [PipelineCommandHandlerThread-0] INFO  server.RaftServer (RaftServerProxy.java:remove(109)) - 67a76afe-b765-42e9-b514-f84c102d0c02: remove    LEADER 67a76afe-b765-42e9-b514-f84c102d0c02@group-D6E7B59D90AF:t1, leader=67a76afe-b765-42e9-b514-f84c102d0c02, voted=67a76afe-b765-42e9-b514-f84c102d0c02, raftlog=Memoized:67a76afe-b765-42e9-b514-f84c102d0c02@group-D6E7B59D90AF-SegmentedRaftLog:OPENED:c6, conf=0: peers:[860e26e7-dc57-4457-b602-0c8c8602d691|rpc:10.1.0.13:15191|admin:10.1.0.13:15190|client:10.1.0.13:15189|dataStream:10.1.0.13:15192|priority:0|startupRole:FOLLOWER, 67a76afe-b765-42e9-b514-f84c102d0c02|rpc:10.1.0.13:15173|admin:10.1.0.13:15172|client:10.1.0.13:15171|dataStream:10.1.0.13:15174|priority:1|startupRole:FOLLOWER, e6531a31-c1d4-4472-9f40-44bc51606458|rpc:10.1.0.13:15182|admin:10.1.0.13:15181|client:10.1.0.13:15180|dataStream:10.1.0.13:15183|priority:0|startupRole:FOLLOWER]|listeners:[], old=null RUNNING
2023-07-05 13:44:18,511 [PipelineCommandHandlerThread-0] INFO  server.RaftServer$Division (RaftServerImpl.java:lambda$close$4(466)) - 67a76afe-b765-42e9-b514-f84c102d0c02@group-D6E7B59D90AF: shutdown
2023-07-05 13:44:18,511 [PipelineCommandHandlerThread-0] INFO  util.JmxRegister (JmxRegister.java:unregister(73)) - Successfully un-registered JMX Bean with object name Ratis:service=RaftServer,group=group-D6E7B59D90AF,id=67a76afe-b765-42e9-b514-f84c102d0c02
2023-07-05 13:44:18,511 [PipelineCommandHandlerThread-0] INFO  impl.RoleInfo (RoleInfo.java:shutdownLeaderState(93)) - 67a76afe-b765-42e9-b514-f84c102d0c02: shutdown 67a76afe-b765-42e9-b514-f84c102d0c02@group-D6E7B59D90AF-LeaderStateImpl
2023-07-05 13:44:18,511 [67a76afe-b765-42e9-b514-f84c102d0c02@group-D6E7B59D90AF->860e26e7-dc57-4457-b602-0c8c8602d691-GrpcLogAppender-LogAppenderDaemon] WARN  server.GrpcLogAppender (GrpcLogAppender.java:mayWait(199)) - 67a76afe-b765-42e9-b514-f84c102d0c02@group-D6E7B59D90AF->860e26e7-dc57-4457-b602-0c8c8602d691-GrpcLogAppender: Wait interrupted by java.lang.InterruptedException
2023-07-05 13:44:18,511 [67a76afe-b765-42e9-b514-f84c102d0c02@group-D6E7B59D90AF->e6531a31-c1d4-4472-9f40-44bc51606458-GrpcLogAppender-LogAppenderDaemon] WARN  server.GrpcLogAppender (GrpcLogAppender.java:mayWait(199)) - 67a76afe-b765-42e9-b514-f84c102d0c02@group-D6E7B59D90AF->e6531a31-c1d4-4472-9f40-44bc51606458-GrpcLogAppender: Wait interrupted by java.lang.InterruptedException
2023-07-05 13:44:18,512 [grpc-default-executor-0] INFO  server.GrpcServerProtocolService (GrpcServerProtocolService.java:onCompleted(155)) - 860e26e7-dc57-4457-b602-0c8c8602d691: Completed APPEND_ENTRIES, lastRequest: 67a76afe-b765-42e9-b514-f84c102d0c02->860e26e7-dc57-4457-b602-0c8c8602d691#11-t1,previous=(t:1, i:5),leaderCommit=5,initializing? true,entries: size=1, first=(t:1, i:6), METADATAENTRY(c:5)
2023-07-05 13:44:18,512 [grpc-default-executor-0] INFO  server.GrpcServerProtocolService (GrpcServerProtocolService.java:lambda$onCompleted$5(157)) - 860e26e7-dc57-4457-b602-0c8c8602d691: Completed APPEND_ENTRIES, lastReply: null
2023-07-05 13:44:18,512 [grpc-default-executor-4] INFO  server.GrpcServerProtocolService (GrpcServerProtocolService.java:onCompleted(155)) - 860e26e7-dc57-4457-b602-0c8c8602d691: Completed APPEND_ENTRIES, lastRequest: null
2023-07-05 13:44:18,513 [grpc-default-executor-4] INFO  server.GrpcServerProtocolService (GrpcServerProtocolService.java:lambda$onCompleted$5(157)) - 860e26e7-dc57-4457-b602-0c8c8602d691: Completed APPEND_ENTRIES, lastReply: serverReply {
  requestorId: "67a76afe-b765-42e9-b514-f84c102d0c02"
  replyId: "860e26e7-dc57-4457-b602-0c8c8602d691"
  raftGroupId {
    id: "\231N~\225V\315O\227\207-\326\347\265\235\220\257"
  }
  callId: 15
  success: true
}
term: 1
nextIndex: 7
followerCommit: 6
matchIndex: 18446744073709551615
isHearbeat: true

2023-07-05 13:44:18,514 [grpc-default-executor-0] INFO  server.GrpcLogAppender (GrpcLogAppender.java:onCompleted(428)) - 67a76afe-b765-42e9-b514-f84c102d0c02@group-D6E7B59D90AF->860e26e7-dc57-4457-b602-0c8c8602d691-AppendLogResponseHandler: follower responses appendEntries COMPLETED
2023-07-05 13:44:18,514 [grpc-default-executor-0] INFO  leader.FollowerInfo (FollowerInfoImpl.java:lambda$new$0(52)) - 67a76afe-b765-42e9-b514-f84c102d0c02@group-D6E7B59D90AF->860e26e7-dc57-4457-b602-0c8c8602d691: decreaseNextIndex nextIndex: updateUnconditionally 7 -> 6
2023-07-05 13:44:18,514 [PipelineCommandHandlerThread-0] INFO  impl.PendingRequests (PendingRequests.java:sendNotLeaderResponses(289)) - 67a76afe-b765-42e9-b514-f84c102d0c02@group-D6E7B59D90AF-PendingRequests: sendNotLeaderResponses
2023-07-05 13:44:18,515 [grpc-default-executor-7] INFO  server.GrpcLogAppender (GrpcLogAppender.java:onCompleted(428)) - 67a76afe-b765-42e9-b514-f84c102d0c02@group-D6E7B59D90AF->860e26e7-dc57-4457-b602-0c8c8602d691-AppendLogResponseHandler: follower responses appendEntries COMPLETED
2023-07-05 13:44:18,515 [grpc-default-executor-7] INFO  leader.FollowerInfo (FollowerInfoImpl.java:lambda$new$0(52)) - 67a76afe-b765-42e9-b514-f84c102d0c02@group-D6E7B59D90AF->860e26e7-dc57-4457-b602-0c8c8602d691: decreaseNextIndex nextIndex: updateUnconditionally 6 -> 5
2023-07-05 13:44:18,515 [PipelineCommandHandlerThread-0] INFO  segmented.SegmentedRaftLogWorker (SegmentedRaftLogWorker.java:close(252)) - 860e26e7-dc57-4457-b602-0c8c8602d691@group-6E6DDB135F8E-SegmentedRaftLogWorker close()
2023-07-05 13:44:18,517 [PipelineCommandHandlerThread-0] INFO  server.RaftServer$Division (RaftServerImpl.java:groupRemove(436)) - 860e26e7-dc57-4457-b602-0c8c8602d691@group-6E6DDB135F8E: Succeed to remove RaftStorageDirectory Storage Directory /home/runner/work/ozone/ozone/hadoop-ozone/integration-test/target/test-dir/MiniOzoneClusterImpl-de398c68-44fd-4973-9846-b14d0f209e8c/datanode-2/data/ratis/549c5d28-e520-41ce-aeba-6e6ddb135f8e
2023-07-05 13:44:18,517 [PipelineCommandHandlerThread-0] INFO  commandhandler.ClosePipelineCommandHandler (ClosePipelineCommandHandler.java:lambda$handle$0(87)) - Close Pipeline PipelineID=549c5d28-e520-41ce-aeba-6e6ddb135f8e command on datanode 860e26e7-dc57-4457-b602-0c8c8602d691.
2023-07-05 13:44:18,517 [PipelineCommandHandlerThread-0] INFO  server.RaftServer (RaftServerProxy.java:remove(109)) - 860e26e7-dc57-4457-b602-0c8c8602d691: remove  FOLLOWER 860e26e7-dc57-4457-b602-0c8c8602d691@group-D6E7B59D90AF:t1, leader=67a76afe-b765-42e9-b514-f84c102d0c02, voted=67a76afe-b765-42e9-b514-f84c102d0c02, raftlog=Memoized:860e26e7-dc57-4457-b602-0c8c8602d691@group-D6E7B59D90AF-SegmentedRaftLog:OPENED:c6, conf=0: peers:[860e26e7-dc57-4457-b602-0c8c8602d691|rpc:10.1.0.13:15191|admin:10.1.0.13:15190|client:10.1.0.13:15189|dataStream:10.1.0.13:15192|priority:0|startupRole:FOLLOWER, 67a76afe-b765-42e9-b514-f84c102d0c02|rpc:10.1.0.13:15173|admin:10.1.0.13:15172|client:10.1.0.13:15171|dataStream:10.1.0.13:15174|priority:1|startupRole:FOLLOWER, e6531a31-c1d4-4472-9f40-44bc51606458|rpc:10.1.0.13:15182|admin:10.1.0.13:15181|client:10.1.0.13:15180|dataStream:10.1.0.13:15183|priority:0|startupRole:FOLLOWER]|listeners:[], old=null RUNNING
2023-07-05 13:44:18,517 [PipelineCommandHandlerThread-0] INFO  server.RaftServer$Division (RaftServerImpl.java:lambda$close$4(466)) - 860e26e7-dc57-4457-b602-0c8c8602d691@group-D6E7B59D90AF: shutdown
2023-07-05 13:44:18,517 [PipelineCommandHandlerThread-0] INFO  util.JmxRegister (JmxRegister.java:unregister(73)) - Successfully un-registered JMX Bean with object name Ratis:service=RaftServer,group=group-D6E7B59D90AF,id=860e26e7-dc57-4457-b602-0c8c8602d691
2023-07-05 13:44:18,517 [PipelineCommandHandlerThread-0] INFO  impl.RoleInfo (RoleInfo.java:shutdownFollowerState(110)) - 860e26e7-dc57-4457-b602-0c8c8602d691: shutdown 860e26e7-dc57-4457-b602-0c8c8602d691@group-D6E7B59D90AF-FollowerState
2023-07-05 13:44:18,517 [PipelineCommandHandlerThread-0] INFO  impl.StateMachineUpdater (StateMachineUpdater.java:stopAndJoin(155)) - 860e26e7-dc57-4457-b602-0c8c8602d691@group-D6E7B59D90AF-StateMachineUpdater: set stopIndex = 6
2023-07-05 13:44:18,517 [860e26e7-dc57-4457-b602-0c8c8602d691@group-D6E7B59D90AF-FollowerState] INFO  impl.FollowerState (FollowerState.java:run(152)) - 860e26e7-dc57-4457-b602-0c8c8602d691@group-D6E7B59D90AF-FollowerState was interrupted
2023-07-05 13:44:18,520 [860e26e7-dc57-4457-b602-0c8c8602d691@group-D6E7B59D90AF-StateMachineUpdater] INFO  ratis.ContainerStateMachine (ContainerStateMachine.java:takeSnapshot(330)) - group-D6E7B59D90AF: Taking a snapshot at:(t:1, i:6) file /home/runner/work/ozone/ozone/hadoop-ozone/integration-test/target/test-dir/MiniOzoneClusterImpl-de398c68-44fd-4973-9846-b14d0f209e8c/datanode-2/data/ratis/994e7e95-56cd-4f97-872d-d6e7b59d90af/sm/snapshot.1_6
2023-07-05 13:44:18,521 [PipelineCommandHandlerThread-0] INFO  impl.StateMachineUpdater (StateMachineUpdater.java:stopAndJoin(155)) - 67a76afe-b765-42e9-b514-f84c102d0c02@group-D6E7B59D90AF-StateMachineUpdater: set stopIndex = 6
2023-07-05 13:44:18,521 [67a76afe-b765-42e9-b514-f84c102d0c02@group-D6E7B59D90AF-StateMachineUpdater] INFO  ratis.ContainerStateMachine (ContainerStateMachine.java:takeSnapshot(330)) - group-D6E7B59D90AF: Taking a snapshot at:(t:1, i:6) file /home/runner/work/ozone/ozone/hadoop-ozone/integration-test/target/test-dir/MiniOzoneClusterImpl-de398c68-44fd-4973-9846-b14d0f209e8c/datanode-0/data/ratis/994e7e95-56cd-4f97-872d-d6e7b59d90af/sm/snapshot.1_6
2023-07-05 13:44:18,522 [860e26e7-dc57-4457-b602-0c8c8602d691@group-D6E7B59D90AF-StateMachineUpdater] INFO  ratis.ContainerStateMachine (ContainerStateMachine.java:takeSnapshot(341)) - group-D6E7B59D90AF: Finished taking a snapshot at:(t:1, i:6) file:/home/runner/work/ozone/ozone/hadoop-ozone/integration-test/target/test-dir/MiniOzoneClusterImpl-de398c68-44fd-4973-9846-b14d0f209e8c/datanode-2/data/ratis/994e7e95-56cd-4f97-872d-d6e7b59d90af/sm/snapshot.1_6 took: 2 ms
2023-07-05 13:44:18,522 [860e26e7-dc57-4457-b602-0c8c8602d691@group-D6E7B59D90AF-StateMachineUpdater] INFO  impl.StateMachineUpdater (StateMachineUpdater.java:takeSnapshot(291)) - 860e26e7-dc57-4457-b602-0c8c8602d691@group-D6E7B59D90AF-StateMachineUpdater: Took a snapshot at index 6
2023-07-05 13:44:18,522 [860e26e7-dc57-4457-b602-0c8c8602d691@group-D6E7B59D90AF-StateMachineUpdater] INFO  impl.StateMachineUpdater (StateMachineUpdater.java:lambda$new$0(97)) - 860e26e7-dc57-4457-b602-0c8c8602d691@group-D6E7B59D90AF-StateMachineUpdater: snapshotIndex: updateIncreasingly -1 -> 6
2023-07-05 13:44:18,523 [PipelineCommandHandlerThread-0] INFO  server.RaftServer$Division (ServerState.java:close(472)) - 860e26e7-dc57-4457-b602-0c8c8602d691@group-D6E7B59D90AF: closes. applyIndex: 6
2023-07-05 13:44:18,523 [67a76afe-b765-42e9-b514-f84c102d0c02@group-D6E7B59D90AF-StateMachineUpdater] INFO  ratis.ContainerStateMachine (ContainerStateMachine.java:takeSnapshot(341)) - group-D6E7B59D90AF: Finished taking a snapshot at:(t:1, i:6) file:/home/runner/work/ozone/ozone/hadoop-ozone/integration-test/target/test-dir/MiniOzoneClusterImpl-de398c68-44fd-4973-9846-b14d0f209e8c/datanode-0/data/ratis/994e7e95-56cd-4f97-872d-d6e7b59d90af/sm/snapshot.1_6 took: 2 ms
2023-07-05 13:44:18,523 [67a76afe-b765-42e9-b514-f84c102d0c02@group-D6E7B59D90AF-StateMachineUpdater] INFO  impl.StateMachineUpdater (StateMachineUpdater.java:takeSnapshot(291)) - 67a76afe-b765-42e9-b514-f84c102d0c02@group-D6E7B59D90AF-StateMachineUpdater: Took a snapshot at index 6
2023-07-05 13:44:18,523 [67a76afe-b765-42e9-b514-f84c102d0c02@group-D6E7B59D90AF-StateMachineUpdater] INFO  impl.StateMachineUpdater (StateMachineUpdater.java:lambda$new$0(97)) - 67a76afe-b765-42e9-b514-f84c102d0c02@group-D6E7B59D90AF-StateMachineUpdater: snapshotIndex: updateIncreasingly -1 -> 6
2023-07-05 13:44:18,523 [PipelineCommandHandlerThread-0] INFO  server.RaftServer$Division (ServerState.java:close(472)) - 67a76afe-b765-42e9-b514-f84c102d0c02@group-D6E7B59D90AF: closes. applyIndex: 6
2023-07-05 13:44:18,625 [ReplicationMonitor] INFO  replication.ReplicationManager (ReplicationManager.java:processAll(389)) - Replication Monitor Thread took 0 milliseconds for processing 1 containers.
2023-07-05 13:44:19,436 [PipelineCommandHandlerThread-0] INFO  segmented.SegmentedRaftLogWorker (SegmentedRaftLogWorker.java:close(252)) - 67a76afe-b765-42e9-b514-f84c102d0c02@group-D6E7B59D90AF-SegmentedRaftLogWorker close()
2023-07-05 13:44:19,437 [PipelineCommandHandlerThread-0] INFO  server.RaftServer$Division (RaftServerImpl.java:groupRemove(436)) - 67a76afe-b765-42e9-b514-f84c102d0c02@group-D6E7B59D90AF: Succeed to remove RaftStorageDirectory Storage Directory /home/runner/work/ozone/ozone/hadoop-ozone/integration-test/target/test-dir/MiniOzoneClusterImpl-de398c68-44fd-4973-9846-b14d0f209e8c/datanode-0/data/ratis/994e7e95-56cd-4f97-872d-d6e7b59d90af
2023-07-05 13:44:19,437 [PipelineCommandHandlerThread-0] INFO  commandhandler.ClosePipelineCommandHandler (ClosePipelineCommandHandler.java:lambda$handle$0(87)) - Close Pipeline PipelineID=994e7e95-56cd-4f97-872d-d6e7b59d90af command on datanode 67a76afe-b765-42e9-b514-f84c102d0c02.
2023-07-05 13:44:19,444 [PipelineCommandHandlerThread-0] INFO  segmented.SegmentedRaftLogWorker (SegmentedRaftLogWorker.java:close(252)) - 860e26e7-dc57-4457-b602-0c8c8602d691@group-D6E7B59D90AF-SegmentedRaftLogWorker close()
2023-07-05 13:44:19,446 [PipelineCommandHandlerThread-0] INFO  server.RaftServer$Division (RaftServerImpl.java:groupRemove(436)) - 860e26e7-dc57-4457-b602-0c8c8602d691@group-D6E7B59D90AF: Succeed to remove RaftStorageDirectory Storage Directory /home/runner/work/ozone/ozone/hadoop-ozone/integration-test/target/test-dir/MiniOzoneClusterImpl-de398c68-44fd-4973-9846-b14d0f209e8c/datanode-2/data/ratis/994e7e95-56cd-4f97-872d-d6e7b59d90af
2023-07-05 13:44:19,446 [PipelineCommandHandlerThread-0] INFO  commandhandler.ClosePipelineCommandHandler (ClosePipelineCommandHandler.java:lambda$handle$0(87)) - Close Pipeline PipelineID=994e7e95-56cd-4f97-872d-d6e7b59d90af command on datanode 860e26e7-dc57-4457-b602-0c8c8602d691.
2023-07-05 13:44:19,474 [Time-limited test] INFO  container.TestHelper (TestHelper.java:countReplicas(423)) - Container 1 has 2 replicas on [67a76afe-b765-42e9-b514-f84c102d0c02, 860e26e7-dc57-4457-b602-0c8c8602d691]
2023-07-05 13:44:19,626 [ReplicationMonitor] INFO  replication.ReplicationManager (ReplicationManager.java:processAll(389)) - Replication Monitor Thread took 1 milliseconds for processing 1 containers.
2023-07-05 13:44:20,474 [Time-limited test] INFO  container.TestHelper (TestHelper.java:countReplicas(423)) - Container 1 has 2 replicas on [67a76afe-b765-42e9-b514-f84c102d0c02, 860e26e7-dc57-4457-b602-0c8c8602d691]
2023-07-05 13:44:20,626 [ReplicationMonitor] INFO  replication.ReplicationManager (ReplicationManager.java:processAll(389)) - Replication Monitor Thread took 0 milliseconds for processing 1 containers.
2023-07-05 13:44:21,475 [Time-limited test] INFO  container.TestHelper (TestHelper.java:countReplicas(423)) - Container 1 has 2 replicas on [67a76afe-b765-42e9-b514-f84c102d0c02, 860e26e7-dc57-4457-b602-0c8c8602d691]
2023-07-05 13:44:21,627 [ReplicationMonitor] INFO  replication.ReplicationManager (ReplicationManager.java:processAll(389)) - Replication Monitor Thread took 1 milliseconds for processing 1 containers.
2023-07-05 13:44:22,475 [Time-limited test] INFO  container.TestHelper (TestHelper.java:countReplicas(423)) - Container 1 has 2 replicas on [67a76afe-b765-42e9-b514-f84c102d0c02, 860e26e7-dc57-4457-b602-0c8c8602d691]
2023-07-05 13:44:22,627 [ReplicationMonitor] INFO  replication.ReplicationManager (ReplicationManager.java:processAll(389)) - Replication Monitor Thread took 0 milliseconds for processing 1 containers.
2023-07-05 13:44:23,475 [Time-limited test] INFO  container.TestHelper (TestHelper.java:countReplicas(423)) - Container 1 has 2 replicas on [67a76afe-b765-42e9-b514-f84c102d0c02, 860e26e7-dc57-4457-b602-0c8c8602d691]
2023-07-05 13:44:23,601 [Under Replicated Processor] INFO  replication.ReplicationManager (ReplicationManager.java:sendDatanodeCommand(669)) - Sending command [replicateContainerCommand: containerId=1, replicaIndex=0, targetNode=4b44d0b2-60c3-4e8b-a338-1aeff42e189f(fv-az264-29.ca02foy5wcnuvlrvrz2wi3p2og.dx.internal.cloudapp.net/10.1.0.13), priority=NORMAL] for container ContainerInfo{id=#1, state=CLOSED, stateEnterTime=2023-07-05T13:44:10.441Z, pipelineID=PipelineID=994e7e95-56cd-4f97-872d-d6e7b59d90af, owner=om1} to 860e26e7-dc57-4457-b602-0c8c8602d691(fv-az264-29.ca02foy5wcnuvlrvrz2wi3p2og.dx.internal.cloudapp.net/10.1.0.13) with datanode deadline 1688565233601 and scm deadline 1688565263601
2023-07-05 13:44:23,601 [Under Replicated Processor] INFO  replication.UnhealthyReplicationProcessor (UnhealthyReplicationProcessor.java:processAll(138)) - Processed 1 containers with health state counts {UNDER_REPLICATED=1}, failed processing 0, deferred due to load 0
2023-07-05 13:44:23,628 [ReplicationMonitor] INFO  replication.ReplicationManager (ReplicationManager.java:processAll(389)) - Replication Monitor Thread took 0 milliseconds for processing 1 containers.
2023-07-05 13:44:24,476 [Time-limited test] INFO  container.TestHelper (TestHelper.java:countReplicas(423)) - Container 1 has 2 replicas on [67a76afe-b765-42e9-b514-f84c102d0c02, 860e26e7-dc57-4457-b602-0c8c8602d691]
2023-07-05 13:44:24,628 [ReplicationMonitor] INFO  replication.ReplicationManager (ReplicationManager.java:processAll(389)) - Replication Monitor Thread took 0 milliseconds for processing 1 containers.
2023-07-05 13:44:25,476 [Time-limited test] INFO  container.TestHelper (TestHelper.java:countReplicas(423)) - Container 1 has 2 replicas on [67a76afe-b765-42e9-b514-f84c102d0c02, 860e26e7-dc57-4457-b602-0c8c8602d691]
2023-07-05 13:44:25,629 [ReplicationMonitor] INFO  replication.ReplicationManager (ReplicationManager.java:processAll(389)) - Replication Monitor Thread took 1 milliseconds for processing 1 containers.
2023-07-05 13:44:26,456 [ContainerReplicationThread-0] INFO  replication.PushReplicator (PushReplicator.java:replicate(58)) - Starting replication of container 1 to 4b44d0b2-60c3-4e8b-a338-1aeff42e189f(fv-az264-29.ca02foy5wcnuvlrvrz2wi3p2og.dx.internal.cloudapp.net/10.1.0.13) using NO_COMPRESSION
2023-07-05 13:44:26,468 [ContainerReplicationThread-0] INFO  replication.GrpcOutputStream (GrpcOutputStream.java:close(111)) - Sent 9728 bytes for container 1
2023-07-05 13:44:26,469 [ReplicationContainerReader-1] INFO  replication.SendContainerRequestHandler (SendContainerRequestHandler.java:onNext(80)) - Accepting container 1
2023-07-05 13:44:26,469 [ReplicationContainerReader-1] INFO  replication.SendContainerRequestHandler (SendContainerRequestHandler.java:onCompleted(108)) - Container 1 is downloaded with size 9728, starting to import.
2023-07-05 13:44:26,476 [Time-limited test] INFO  container.TestHelper (TestHelper.java:countReplicas(423)) - Container 1 has 2 replicas on [67a76afe-b765-42e9-b514-f84c102d0c02, 860e26e7-dc57-4457-b602-0c8c8602d691]
2023-07-05 13:44:26,489 [ReplicationContainerReader-1] INFO  replication.SendContainerRequestHandler (SendContainerRequestHandler.java:onCompleted(114)) - Container 1 is replicated successfully
2023-07-05 13:44:26,491 [grpc-default-executor-7] INFO  replication.GrpcContainerUploader (GrpcContainerUploader.java:onCompleted(119)) - Finished uploading container 1 to 4b44d0b2-60c3-4e8b-a338-1aeff42e189f(fv-az264-29.ca02foy5wcnuvlrvrz2wi3p2og.dx.internal.cloudapp.net/10.1.0.13)
2023-07-05 13:44:26,492 [ContainerReplicationThread-0] INFO  replication.ReplicationSupervisor (ReplicationSupervisor.java:run(362)) - Successful DONE replicateContainerCommand: containerId=1, replicaIndex=0, targetNode=4b44d0b2-60c3-4e8b-a338-1aeff42e189f(fv-az264-29.ca02foy5wcnuvlrvrz2wi3p2og.dx.internal.cloudapp.net/10.1.0.13), priority=NORMAL, transferred 9728 bytes
2023-07-05 13:44:26,629 [ReplicationMonitor] INFO  replication.ReplicationManager (ReplicationManager.java:processAll(389)) - Replication Monitor Thread took 0 milliseconds for processing 1 containers.
2023-07-05 13:44:27,477 [Time-limited test] INFO  container.TestHelper (TestHelper.java:countReplicas(423)) - Container 1 has 3 replicas on [4b44d0b2-60c3-4e8b-a338-1aeff42e189f, 67a76afe-b765-42e9-b514-f84c102d0c02, 860e26e7-dc57-4457-b602-0c8c8602d691]
2023-07-05 13:44:27,481 [Time-limited test] INFO  ozone.MiniOzoneClusterImpl (MiniOzoneClusterImpl.java:shutdown(443)) - Shutting down the Mini Ozone Cluster
2023-07-05 13:44:27,482 [Time-limited test] INFO  ozone.MiniOzoneClusterImpl (MiniOzoneClusterImpl.java:stop(460)) - Stopping the Mini Ozone Cluster
2023-07-05 13:44:27,482 [Time-limited test] INFO  ozone.MiniOzoneClusterImpl (MiniOzoneClusterImpl.java:stopOM(551)) - Stopping the OzoneManager
2023-07-05 13:44:27,482 [Time-limited test] INFO  om.OzoneManager (OzoneManager.java:stop(2198)) - om1[localhost:15163]: Stopping Ozone Manager
2023-07-05 13:44:27,482 [Time-limited test] INFO  ipc.Server (Server.java:stop(3523)) - Stopping server on 15163
2023-07-05 13:44:27,488 [IPC Server Responder] INFO  ipc.Server (Server.java:run(1567)) - Stopping IPC Server Responder
2023-07-05 13:44:27,488 [Time-limited test] INFO  server.RaftServer (RaftServerProxy.java:lambda$close$6(416)) - om1: close
2023-07-05 13:44:27,489 [Time-limited test] INFO  server.GrpcService (GrpcService.java:closeImpl(311)) - om1: shutdown server GrpcServerProtocolService now
2023-07-05 13:44:27,489 [om1-impl-thread1] INFO  server.RaftServer$Division (RaftServerImpl.java:lambda$close$4(466)) - om1@group-C5BA1605619E: shutdown
2023-07-05 13:44:27,489 [om1-impl-thread1] INFO  util.JmxRegister (JmxRegister.java:unregister(73)) - Successfully un-registered JMX Bean with object name Ratis:service=RaftServer,group=group-C5BA1605619E,id=om1
2023-07-05 13:44:27,489 [om1-impl-thread1] INFO  impl.RoleInfo (RoleInfo.java:shutdownLeaderState(93)) - om1: shutdown om1@group-C5BA1605619E-LeaderStateImpl
2023-07-05 13:44:27,489 [om1-impl-thread1] INFO  impl.PendingRequests (PendingRequests.java:sendNotLeaderResponses(289)) - om1@group-C5BA1605619E-PendingRequests: sendNotLeaderResponses
2023-07-05 13:44:27,489 [IPC Server listener on 15163] INFO  ipc.Server (Server.java:run(1434)) - Stopping IPC Server listener on 15163
2023-07-05 13:44:27,490 [Time-limited test] INFO  server.GrpcService (GrpcService.java:closeImpl(320)) - om1: shutdown server GrpcServerProtocolService successfully
2023-07-05 13:44:27,493 [om1-impl-thread1] INFO  impl.StateMachineUpdater (StateMachineUpdater.java:stopAndJoin(155)) - om1@group-C5BA1605619E-StateMachineUpdater: set stopIndex = 8
2023-07-05 13:44:27,493 [om1@group-C5BA1605619E-StateMachineUpdater] INFO  ratis.OzoneManagerStateMachine (OzoneManagerStateMachine.java:takeSnapshot(479)) - Current Snapshot Index (t:1, i:8)
2023-07-05 13:44:27,514 [om1@group-C5BA1605619E-StateMachineUpdater] INFO  impl.StateMachineUpdater (StateMachineUpdater.java:takeSnapshot(291)) - om1@group-C5BA1605619E-StateMachineUpdater: Took a snapshot at index 8
2023-07-05 13:44:27,514 [om1@group-C5BA1605619E-StateMachineUpdater] INFO  impl.StateMachineUpdater (StateMachineUpdater.java:lambda$new$0(97)) - om1@group-C5BA1605619E-StateMachineUpdater: snapshotIndex: updateIncreasingly -1 -> 8
2023-07-05 13:44:27,514 [om1@group-C5BA1605619E-StateMachineUpdater] INFO  ratis.OzoneManagerStateMachine (OzoneManagerStateMachine.java:close(533)) - StateMachine has shutdown. Shutdown OzoneManager if not already shutdown.
2023-07-05 13:44:27,514 [om1@group-C5BA1605619E-StateMachineUpdater] INFO  ratis.OzoneManagerDoubleBuffer (OzoneManagerDoubleBuffer.java:stopDaemon(551)) - Stopping OMDoubleBuffer flush thread
2023-07-05 13:44:27,515 [OMDoubleBufferFlushThread] INFO  ratis.OzoneManagerDoubleBuffer (OzoneManagerDoubleBuffer.java:canFlush(638)) - OMDoubleBuffer flush thread OMDoubleBufferFlushThread is interrupted and will exit.
2023-07-05 13:44:27,516 [om1-impl-thread1] INFO  server.RaftServer$Division (ServerState.java:close(472)) - om1@group-C5BA1605619E: closes. applyIndex: 8
2023-07-05 13:44:27,630 [ReplicationMonitor] INFO  replication.ReplicationManager (ReplicationManager.java:processAll(389)) - Replication Monitor Thread took 0 milliseconds for processing 1 containers.
2023-07-05 13:44:28,489 [om1-impl-thread1] INFO  segmented.SegmentedRaftLogWorker (SegmentedRaftLogWorker.java:close(252)) - om1@group-C5BA1605619E-SegmentedRaftLogWorker close()
2023-07-05 13:44:28,490 [JvmPauseMonitor22] INFO  util.JvmPauseMonitor (JvmPauseMonitor.java:run(109)) - JvmPauseMonitor-om1: Stopped
2023-07-05 13:44:28,490 [Time-limited test] INFO  ratis.OzoneManagerStateMachine (OzoneManagerStateMachine.java:close(533)) - StateMachine has shutdown. Shutdown OzoneManager if not already shutdown.
2023-07-05 13:44:28,490 [Time-limited test] INFO  ratis.OzoneManagerDoubleBuffer (OzoneManagerDoubleBuffer.java:stopDaemon(560)) - OMDoubleBuffer flush thread is not running.
2023-07-05 13:44:28,491 [Time-limited test] INFO  utils.BackgroundService (BackgroundService.java:shutdown(141)) - Shutting down service KeyDeletingService
2023-07-05 13:44:28,491 [Time-limited test] INFO  utils.BackgroundService (BackgroundService.java:shutdown(141)) - Shutting down service KeyDeletingService
2023-07-05 13:44:28,491 [Time-limited test] INFO  utils.BackgroundService (BackgroundService.java:shutdown(141)) - Shutting down service OpenKeyCleanupService
2023-07-05 13:44:28,492 [Time-limited test] INFO  utils.BackgroundService (BackgroundService.java:shutdown(141)) - Shutting down service SstFilteringService
2023-07-05 13:44:28,492 [Time-limited test] INFO  utils.BackgroundService (BackgroundService.java:shutdown(141)) - Shutting down service SnapshotDeletingService
2023-07-05 13:44:28,492 [Time-limited test] INFO  handler.ContextHandler (ContextHandler.java:doStop(1159)) - Stopped o.e.j.w.WebAppContext@6e037e77{ozoneManager,/,null,STOPPED}{file:/home/runner/work/ozone/ozone/hadoop-ozone/integration-test/target/test-classes/webapps/ozoneManager}
2023-07-05 13:44:28,493 [Time-limited test] INFO  server.AbstractConnector (AbstractConnector.java:doStop(383)) - Stopped ServerConnector@6ed15d71{HTTP/1.1, (http/1.1)}{0.0.0.0:15164}
2023-07-05 13:44:28,493 [Time-limited test] INFO  server.session (HouseKeeper.java:stopScavenging(149)) - node0 Stopped scavenging
2023-07-05 13:44:28,493 [Time-limited test] INFO  handler.ContextHandler (ContextHandler.java:doStop(1159)) - Stopped o.e.j.s.ServletContextHandler@4aa76462{static,/static,file:///home/runner/work/ozone/ozone/hadoop-ozone/integration-test/target/test-classes/webapps/static,STOPPED}
2023-07-05 13:44:28,493 [Time-limited test] INFO  handler.ContextHandler (ContextHandler.java:doStop(1159)) - Stopped o.e.j.s.ServletContextHandler@5cac4216{logs,/logs,file:///home/runner/work/ozone/ozone/hadoop-ozone/integration-test/target/log,STOPPED}
2023-07-05 13:44:28,496 [Time-limited test] INFO  snapshot.SnapshotDiffManager (SnapshotDiffManager.java:closeExecutorService(1699)) - Shutting down executorService: 'SnapDiffExecutor'
2023-07-05 13:44:28,496 [Time-limited test] INFO  snapshot.SnapshotDiffManager (SnapshotDiffManager.java:closeExecutorService(1699)) - Shutting down executorService: 'SstDumpToolExecutor'
2023-07-05 13:44:28,496 [Time-limited test] INFO  utils.BackgroundService (BackgroundService.java:shutdown(141)) - Shutting down service SnapshotDiffCleanupService
2023-07-05 13:44:28,500 [Time-limited test] INFO  ozone.MiniOzoneClusterImpl (MiniOzoneClusterImpl.java:stopDatanodes(528)) - Stopping the HddsDatanodes
2023-07-05 13:44:28,503 [Time-limited test] INFO  ozoneimpl.OzoneContainer (OzoneContainer.java:stop(441)) - Attempting to stop container services.
2023-07-05 13:44:28,504 [Time-limited test] INFO  server.RaftServer (RaftServerProxy.java:lambda$close$6(416)) - 860e26e7-dc57-4457-b602-0c8c8602d691: close
2023-07-05 13:44:28,504 [860e26e7-dc57-4457-b602-0c8c8602d691-impl-thread1] INFO  server.RaftServer$Division (RaftServerImpl.java:lambda$close$4(466)) - 860e26e7-dc57-4457-b602-0c8c8602d691@group-45307D472E0E: shutdown
2023-07-05 13:44:28,504 [860e26e7-dc57-4457-b602-0c8c8602d691-impl-thread1] INFO  util.JmxRegister (JmxRegister.java:unregister(73)) - Successfully un-registered JMX Bean with object name Ratis:service=RaftServer,group=group-45307D472E0E,id=860e26e7-dc57-4457-b602-0c8c8602d691
2023-07-05 13:44:28,504 [860e26e7-dc57-4457-b602-0c8c8602d691-impl-thread1] INFO  impl.RoleInfo (RoleInfo.java:shutdownLeaderState(93)) - 860e26e7-dc57-4457-b602-0c8c8602d691: shutdown 860e26e7-dc57-4457-b602-0c8c8602d691@group-45307D472E0E-LeaderStateImpl
2023-07-05 13:44:28,504 [860e26e7-dc57-4457-b602-0c8c8602d691-impl-thread1] INFO  impl.PendingRequests (PendingRequests.java:sendNotLeaderResponses(289)) - 860e26e7-dc57-4457-b602-0c8c8602d691@group-45307D472E0E-PendingRequests: sendNotLeaderResponses
2023-07-05 13:44:28,504 [860e26e7-dc57-4457-b602-0c8c8602d691-impl-thread1] INFO  impl.StateMachineUpdater (StateMachineUpdater.java:stopAndJoin(155)) - 860e26e7-dc57-4457-b602-0c8c8602d691@group-45307D472E0E-StateMachineUpdater: set stopIndex = 0
2023-07-05 13:44:28,504 [Time-limited test] INFO  server.GrpcService (GrpcService.java:closeImpl(311)) - 860e26e7-dc57-4457-b602-0c8c8602d691: shutdown server org.apache.ratis.grpc.server.GrpcClientProtocolService now
2023-07-05 13:44:28,504 [860e26e7-dc57-4457-b602-0c8c8602d691@group-45307D472E0E-StateMachineUpdater] INFO  ratis.ContainerStateMachine (ContainerStateMachine.java:takeSnapshot(330)) - group-45307D472E0E: Taking a snapshot at:(t:1, i:0) file /home/runner/work/ozone/ozone/hadoop-ozone/integration-test/target/test-dir/MiniOzoneClusterImpl-de398c68-44fd-4973-9846-b14d0f209e8c/datanode-2/data/ratis/44bae637-6859-4aa0-b5ca-45307d472e0e/sm/snapshot.1_0
2023-07-05 13:44:28,505 [860e26e7-dc57-4457-b602-0c8c8602d691@group-45307D472E0E-StateMachineUpdater] INFO  ratis.ContainerStateMachine (ContainerStateMachine.java:takeSnapshot(341)) - group-45307D472E0E: Finished taking a snapshot at:(t:1, i:0) file:/home/runner/work/ozone/ozone/hadoop-ozone/integration-test/target/test-dir/MiniOzoneClusterImpl-de398c68-44fd-4973-9846-b14d0f209e8c/datanode-2/data/ratis/44bae637-6859-4aa0-b5ca-45307d472e0e/sm/snapshot.1_0 took: 1 ms
2023-07-05 13:44:28,506 [860e26e7-dc57-4457-b602-0c8c8602d691@group-45307D472E0E-StateMachineUpdater] INFO  impl.StateMachineUpdater (StateMachineUpdater.java:takeSnapshot(291)) - 860e26e7-dc57-4457-b602-0c8c8602d691@group-45307D472E0E-StateMachineUpdater: Took a snapshot at index 0
2023-07-05 13:44:28,506 [860e26e7-dc57-4457-b602-0c8c8602d691@group-45307D472E0E-StateMachineUpdater] INFO  impl.StateMachineUpdater (StateMachineUpdater.java:lambda$new$0(97)) - 860e26e7-dc57-4457-b602-0c8c8602d691@group-45307D472E0E-StateMachineUpdater: snapshotIndex: updateIncreasingly -1 -> 0
2023-07-05 13:44:28,506 [860e26e7-dc57-4457-b602-0c8c8602d691-impl-thread1] INFO  server.RaftServer$Division (ServerState.java:close(472)) - 860e26e7-dc57-4457-b602-0c8c8602d691@group-45307D472E0E: closes. applyIndex: 0
2023-07-05 13:44:28,510 [Time-limited test] INFO  server.GrpcService (GrpcService.java:closeImpl(320)) - 860e26e7-dc57-4457-b602-0c8c8602d691: shutdown server org.apache.ratis.grpc.server.GrpcClientProtocolService successfully
2023-07-05 13:44:28,510 [Time-limited test] INFO  server.GrpcService (GrpcService.java:closeImpl(311)) - 860e26e7-dc57-4457-b602-0c8c8602d691: shutdown server GrpcServerProtocolService now
2023-07-05 13:44:28,510 [ForkJoinPool.commonPool-worker-2] INFO  ozoneimpl.OzoneContainer (OzoneContainer.java:stop(441)) - Attempting to stop container services.
2023-07-05 13:44:28,517 [ForkJoinPool.commonPool-worker-2] INFO  server.RaftServer (RaftServerProxy.java:lambda$close$6(416)) - 67a76afe-b765-42e9-b514-f84c102d0c02: close
2023-07-05 13:44:28,518 [ForkJoinPool.commonPool-worker-2] INFO  server.GrpcService (GrpcService.java:closeImpl(311)) - 67a76afe-b765-42e9-b514-f84c102d0c02: shutdown server org.apache.ratis.grpc.server.GrpcClientProtocolService now
2023-07-05 13:44:28,527 [67a76afe-b765-42e9-b514-f84c102d0c02-impl-thread1] INFO  server.RaftServer$Division (RaftServerImpl.java:lambda$close$4(466)) - 67a76afe-b765-42e9-b514-f84c102d0c02@group-39650067A008: shutdown
2023-07-05 13:44:28,527 [67a76afe-b765-42e9-b514-f84c102d0c02-impl-thread1] INFO  util.JmxRegister (JmxRegister.java:unregister(73)) - Successfully un-registered JMX Bean with object name Ratis:service=RaftServer,group=group-39650067A008,id=67a76afe-b765-42e9-b514-f84c102d0c02
2023-07-05 13:44:28,527 [67a76afe-b765-42e9-b514-f84c102d0c02-impl-thread1] INFO  impl.RoleInfo (RoleInfo.java:shutdownLeaderState(93)) - 67a76afe-b765-42e9-b514-f84c102d0c02: shutdown 67a76afe-b765-42e9-b514-f84c102d0c02@group-39650067A008-LeaderStateImpl
2023-07-05 13:44:28,527 [67a76afe-b765-42e9-b514-f84c102d0c02-impl-thread1] INFO  impl.PendingRequests (PendingRequests.java:sendNotLeaderResponses(289)) - 67a76afe-b765-42e9-b514-f84c102d0c02@group-39650067A008-PendingRequests: sendNotLeaderResponses
2023-07-05 13:44:28,528 [67a76afe-b765-42e9-b514-f84c102d0c02-impl-thread1] INFO  impl.StateMachineUpdater (StateMachineUpdater.java:stopAndJoin(155)) - 67a76afe-b765-42e9-b514-f84c102d0c02@group-39650067A008-StateMachineUpdater: set stopIndex = 0
2023-07-05 13:44:28,530 [67a76afe-b765-42e9-b514-f84c102d0c02@group-39650067A008-StateMachineUpdater] INFO  ratis.ContainerStateMachine (ContainerStateMachine.java:takeSnapshot(330)) - group-39650067A008: Taking a snapshot at:(t:1, i:0) file /home/runner/work/ozone/ozone/hadoop-ozone/integration-test/target/test-dir/MiniOzoneClusterImpl-de398c68-44fd-4973-9846-b14d0f209e8c/datanode-0/data/ratis/ac186cfc-4e52-40e8-bab1-39650067a008/sm/snapshot.1_0
2023-07-05 13:44:28,531 [67a76afe-b765-42e9-b514-f84c102d0c02@group-39650067A008-StateMachineUpdater] INFO  ratis.ContainerStateMachine (ContainerStateMachine.java:takeSnapshot(341)) - group-39650067A008: Finished taking a snapshot at:(t:1, i:0) file:/home/runner/work/ozone/ozone/hadoop-ozone/integration-test/target/test-dir/MiniOzoneClusterImpl-de398c68-44fd-4973-9846-b14d0f209e8c/datanode-0/data/ratis/ac186cfc-4e52-40e8-bab1-39650067a008/sm/snapshot.1_0 took: 1 ms
2023-07-05 13:44:28,531 [67a76afe-b765-42e9-b514-f84c102d0c02@group-39650067A008-StateMachineUpdater] INFO  impl.StateMachineUpdater (StateMachineUpdater.java:takeSnapshot(291)) - 67a76afe-b765-42e9-b514-f84c102d0c02@group-39650067A008-StateMachineUpdater: Took a snapshot at index 0
2023-07-05 13:44:28,531 [67a76afe-b765-42e9-b514-f84c102d0c02@group-39650067A008-StateMachineUpdater] INFO  impl.StateMachineUpdater (StateMachineUpdater.java:lambda$new$0(97)) - 67a76afe-b765-42e9-b514-f84c102d0c02@group-39650067A008-StateMachineUpdater: snapshotIndex: updateIncreasingly -1 -> 0
2023-07-05 13:44:28,531 [67a76afe-b765-42e9-b514-f84c102d0c02-impl-thread1] INFO  server.RaftServer$Division (ServerState.java:close(472)) - 67a76afe-b765-42e9-b514-f84c102d0c02@group-39650067A008: closes. applyIndex: 0
2023-07-05 13:44:28,535 [Time-limited test] INFO  server.GrpcService (GrpcService.java:closeImpl(320)) - 860e26e7-dc57-4457-b602-0c8c8602d691: shutdown server GrpcServerProtocolService successfully
2023-07-05 13:44:28,535 [Thread-2275] INFO  server.GrpcServerProtocolClient (GrpcServerProtocolClient.java:close(103)) - 860e26e7-dc57-4457-b602-0c8c8602d691 Close channels
2023-07-05 13:44:28,535 [Time-limited test] INFO  server.GrpcService (GrpcService.java:closeImpl(311)) - 860e26e7-dc57-4457-b602-0c8c8602d691: shutdown server org.apache.ratis.grpc.server.GrpcAdminProtocolService now
2023-07-05 13:44:28,535 [Thread-2277] INFO  server.GrpcServerProtocolClient (GrpcServerProtocolClient.java:close(103)) - e6531a31-c1d4-4472-9f40-44bc51606458 Close channels
2023-07-05 13:44:28,538 [Time-limited test] INFO  server.GrpcService (GrpcService.java:closeImpl(320)) - 860e26e7-dc57-4457-b602-0c8c8602d691: shutdown server org.apache.ratis.grpc.server.GrpcAdminProtocolService successfully
2023-07-05 13:44:28,538 [860e26e7-dc57-4457-b602-0c8c8602d691-NettyServerStreamRpc-bossGroup--thread1] INFO  logging.LoggingHandler (AbstractInternalLogger.java:log(148)) - [id: 0x03ab3d38, L:/0:0:0:0:0:0:0:0:15192] CLOSE
2023-07-05 13:44:28,538 [860e26e7-dc57-4457-b602-0c8c8602d691-NettyServerStreamRpc-bossGroup--thread1] INFO  logging.LoggingHandler (AbstractInternalLogger.java:log(148)) - [id: 0x03ab3d38, L:/0:0:0:0:0:0:0:0:15192] INACTIVE
2023-07-05 13:44:28,538 [860e26e7-dc57-4457-b602-0c8c8602d691-NettyServerStreamRpc-bossGroup--thread1] INFO  logging.LoggingHandler (AbstractInternalLogger.java:log(148)) - [id: 0x03ab3d38, L:/0:0:0:0:0:0:0:0:15192] UNREGISTERED
2023-07-05 13:44:28,540 [ForkJoinPool.commonPool-worker-2] INFO  server.GrpcService (GrpcService.java:closeImpl(320)) - 67a76afe-b765-42e9-b514-f84c102d0c02: shutdown server org.apache.ratis.grpc.server.GrpcClientProtocolService successfully
2023-07-05 13:44:28,540 [ForkJoinPool.commonPool-worker-2] INFO  server.GrpcService (GrpcService.java:closeImpl(311)) - 67a76afe-b765-42e9-b514-f84c102d0c02: shutdown server GrpcServerProtocolService now
2023-07-05 13:44:28,540 [ForkJoinPool.commonPool-worker-3] INFO  ozoneimpl.OzoneContainer (OzoneContainer.java:stop(441)) - Attempting to stop container services.
2023-07-05 13:44:28,542 [ForkJoinPool.commonPool-worker-2] INFO  server.GrpcService (GrpcService.java:closeImpl(320)) - 67a76afe-b765-42e9-b514-f84c102d0c02: shutdown server GrpcServerProtocolService successfully
2023-07-05 13:44:28,542 [ForkJoinPool.commonPool-worker-2] INFO  server.GrpcService (GrpcService.java:closeImpl(311)) - 67a76afe-b765-42e9-b514-f84c102d0c02: shutdown server org.apache.ratis.grpc.server.GrpcAdminProtocolService now
2023-07-05 13:44:28,545 [ForkJoinPool.commonPool-worker-3] INFO  server.RaftServer (RaftServerProxy.java:lambda$close$6(416)) - 4b44d0b2-60c3-4e8b-a338-1aeff42e189f: close
2023-07-05 13:44:28,545 [ForkJoinPool.commonPool-worker-3] INFO  server.GrpcService (GrpcService.java:closeImpl(311)) - 4b44d0b2-60c3-4e8b-a338-1aeff42e189f: shutdown server org.apache.ratis.grpc.server.GrpcClientProtocolService now
2023-07-05 13:44:28,545 [4b44d0b2-60c3-4e8b-a338-1aeff42e189f-impl-thread1] INFO  server.RaftServer$Division (RaftServerImpl.java:lambda$close$4(466)) - 4b44d0b2-60c3-4e8b-a338-1aeff42e189f@group-998925913144: shutdown
2023-07-05 13:44:28,545 [4b44d0b2-60c3-4e8b-a338-1aeff42e189f-impl-thread1] INFO  util.JmxRegister (JmxRegister.java:unregister(73)) - Successfully un-registered JMX Bean with object name Ratis:service=RaftServer,group=group-998925913144,id=4b44d0b2-60c3-4e8b-a338-1aeff42e189f
2023-07-05 13:44:28,545 [4b44d0b2-60c3-4e8b-a338-1aeff42e189f-impl-thread1] INFO  impl.RoleInfo (RoleInfo.java:shutdownLeaderState(93)) - 4b44d0b2-60c3-4e8b-a338-1aeff42e189f: shutdown 4b44d0b2-60c3-4e8b-a338-1aeff42e189f@group-998925913144-LeaderStateImpl
2023-07-05 13:44:28,545 [4b44d0b2-60c3-4e8b-a338-1aeff42e189f-impl-thread1] INFO  impl.PendingRequests (PendingRequests.java:sendNotLeaderResponses(289)) - 4b44d0b2-60c3-4e8b-a338-1aeff42e189f@group-998925913144-PendingRequests: sendNotLeaderResponses
2023-07-05 13:44:28,545 [4b44d0b2-60c3-4e8b-a338-1aeff42e189f-impl-thread1] INFO  impl.StateMachineUpdater (StateMachineUpdater.java:stopAndJoin(155)) - 4b44d0b2-60c3-4e8b-a338-1aeff42e189f@group-998925913144-StateMachineUpdater: set stopIndex = 0
2023-07-05 13:44:28,546 [4b44d0b2-60c3-4e8b-a338-1aeff42e189f@group-998925913144-StateMachineUpdater] INFO  ratis.ContainerStateMachine (ContainerStateMachine.java:takeSnapshot(330)) - group-998925913144: Taking a snapshot at:(t:1, i:0) file /home/runner/work/ozone/ozone/hadoop-ozone/integration-test/target/test-dir/MiniOzoneClusterImpl-de398c68-44fd-4973-9846-b14d0f209e8c/datanode-4/data/ratis/8bbe2d00-771f-400f-9072-998925913144/sm/snapshot.1_0
2023-07-05 13:44:28,546 [4b44d0b2-60c3-4e8b-a338-1aeff42e189f@group-998925913144-StateMachineUpdater] INFO  ratis.ContainerStateMachine (ContainerStateMachine.java:takeSnapshot(341)) - group-998925913144: Finished taking a snapshot at:(t:1, i:0) file:/home/runner/work/ozone/ozone/hadoop-ozone/integration-test/target/test-dir/MiniOzoneClusterImpl-de398c68-44fd-4973-9846-b14d0f209e8c/datanode-4/data/ratis/8bbe2d00-771f-400f-9072-998925913144/sm/snapshot.1_0 took: 1 ms
2023-07-05 13:44:28,546 [4b44d0b2-60c3-4e8b-a338-1aeff42e189f@group-998925913144-StateMachineUpdater] INFO  impl.StateMachineUpdater (StateMachineUpdater.java:takeSnapshot(291)) - 4b44d0b2-60c3-4e8b-a338-1aeff42e189f@group-998925913144-StateMachineUpdater: Took a snapshot at index 0
2023-07-05 13:44:28,546 [4b44d0b2-60c3-4e8b-a338-1aeff42e189f@group-998925913144-StateMachineUpdater] INFO  impl.StateMachineUpdater (StateMachineUpdater.java:lambda$new$0(97)) - 4b44d0b2-60c3-4e8b-a338-1aeff42e189f@group-998925913144-StateMachineUpdater: snapshotIndex: updateIncreasingly -1 -> 0
2023-07-05 13:44:28,547 [4b44d0b2-60c3-4e8b-a338-1aeff42e189f-impl-thread1] INFO  server.RaftServer$Division (ServerState.java:close(472)) - 4b44d0b2-60c3-4e8b-a338-1aeff42e189f@group-998925913144: closes. applyIndex: 0
2023-07-05 13:44:28,550 [ForkJoinPool.commonPool-worker-3] INFO  server.GrpcService (GrpcService.java:closeImpl(320)) - 4b44d0b2-60c3-4e8b-a338-1aeff42e189f: shutdown server org.apache.ratis.grpc.server.GrpcClientProtocolService successfully
2023-07-05 13:44:28,550 [ForkJoinPool.commonPool-worker-3] INFO  server.GrpcService (GrpcService.java:closeImpl(311)) - 4b44d0b2-60c3-4e8b-a338-1aeff42e189f: shutdown server GrpcServerProtocolService now
2023-07-05 13:44:28,552 [ForkJoinPool.commonPool-worker-3] INFO  server.GrpcService (GrpcService.java:closeImpl(320)) - 4b44d0b2-60c3-4e8b-a338-1aeff42e189f: shutdown server GrpcServerProtocolService successfully
2023-07-05 13:44:28,552 [ForkJoinPool.commonPool-worker-3] INFO  server.GrpcService (GrpcService.java:closeImpl(311)) - 4b44d0b2-60c3-4e8b-a338-1aeff42e189f: shutdown server org.apache.ratis.grpc.server.GrpcAdminProtocolService now
2023-07-05 13:44:28,555 [ForkJoinPool.commonPool-worker-2] INFO  server.GrpcService (GrpcService.java:closeImpl(320)) - 67a76afe-b765-42e9-b514-f84c102d0c02: shutdown server org.apache.ratis.grpc.server.GrpcAdminProtocolService successfully
2023-07-05 13:44:28,555 [ForkJoinPool.commonPool-worker-3] INFO  server.GrpcService (GrpcService.java:closeImpl(320)) - 4b44d0b2-60c3-4e8b-a338-1aeff42e189f: shutdown server org.apache.ratis.grpc.server.GrpcAdminProtocolService successfully
2023-07-05 13:44:28,555 [4b44d0b2-60c3-4e8b-a338-1aeff42e189f-NettyServerStreamRpc-bossGroup--thread1] INFO  logging.LoggingHandler (AbstractInternalLogger.java:log(148)) - [id: 0x08df7790, L:/0:0:0:0:0:0:0:0:15210] CLOSE
2023-07-05 13:44:28,555 [4b44d0b2-60c3-4e8b-a338-1aeff42e189f-NettyServerStreamRpc-bossGroup--thread1] INFO  logging.LoggingHandler (AbstractInternalLogger.java:log(148)) - [id: 0x08df7790, L:/0:0:0:0:0:0:0:0:15210] INACTIVE
2023-07-05 13:44:28,555 [4b44d0b2-60c3-4e8b-a338-1aeff42e189f-NettyServerStreamRpc-bossGroup--thread1] INFO  logging.LoggingHandler (AbstractInternalLogger.java:log(148)) - [id: 0x08df7790, L:/0:0:0:0:0:0:0:0:15210] UNREGISTERED
2023-07-05 13:44:28,557 [ForkJoinPool.commonPool-worker-0] INFO  ozoneimpl.OzoneContainer (OzoneContainer.java:stop(441)) - Attempting to stop container services.
2023-07-05 13:44:28,557 [ForkJoinPool.commonPool-worker-0] INFO  server.RaftServer (RaftServerProxy.java:lambda$close$6(416)) - b5cb5029-fdf1-4728-9c16-344453faf343: close
2023-07-05 13:44:28,557 [ForkJoinPool.commonPool-worker-0] INFO  server.GrpcService (GrpcService.java:closeImpl(311)) - b5cb5029-fdf1-4728-9c16-344453faf343: shutdown server org.apache.ratis.grpc.server.GrpcClientProtocolService now
2023-07-05 13:44:28,557 [b5cb5029-fdf1-4728-9c16-344453faf343-impl-thread1] INFO  server.RaftServer$Division (RaftServerImpl.java:lambda$close$4(466)) - b5cb5029-fdf1-4728-9c16-344453faf343@group-F259C1EA7085: shutdown
2023-07-05 13:44:28,557 [b5cb5029-fdf1-4728-9c16-344453faf343-impl-thread1] INFO  util.JmxRegister (JmxRegister.java:unregister(73)) - Successfully un-registered JMX Bean with object name Ratis:service=RaftServer,group=group-F259C1EA7085,id=b5cb5029-fdf1-4728-9c16-344453faf343
2023-07-05 13:44:28,557 [b5cb5029-fdf1-4728-9c16-344453faf343-impl-thread1] INFO  impl.RoleInfo (RoleInfo.java:shutdownLeaderState(93)) - b5cb5029-fdf1-4728-9c16-344453faf343: shutdown b5cb5029-fdf1-4728-9c16-344453faf343@group-F259C1EA7085-LeaderStateImpl
2023-07-05 13:44:28,557 [b5cb5029-fdf1-4728-9c16-344453faf343-impl-thread1] INFO  impl.PendingRequests (PendingRequests.java:sendNotLeaderResponses(289)) - b5cb5029-fdf1-4728-9c16-344453faf343@group-F259C1EA7085-PendingRequests: sendNotLeaderResponses
2023-07-05 13:44:28,558 [b5cb5029-fdf1-4728-9c16-344453faf343-impl-thread1] INFO  impl.StateMachineUpdater (StateMachineUpdater.java:stopAndJoin(155)) - b5cb5029-fdf1-4728-9c16-344453faf343@group-F259C1EA7085-StateMachineUpdater: set stopIndex = 0
2023-07-05 13:44:28,558 [b5cb5029-fdf1-4728-9c16-344453faf343@group-F259C1EA7085-StateMachineUpdater] INFO  ratis.ContainerStateMachine (ContainerStateMachine.java:takeSnapshot(330)) - group-F259C1EA7085: Taking a snapshot at:(t:1, i:0) file /home/runner/work/ozone/ozone/hadoop-ozone/integration-test/target/test-dir/MiniOzoneClusterImpl-de398c68-44fd-4973-9846-b14d0f209e8c/datanode-3/data/ratis/6801cd64-e769-4e7e-8286-f259c1ea7085/sm/snapshot.1_0
2023-07-05 13:44:28,558 [b5cb5029-fdf1-4728-9c16-344453faf343@group-F259C1EA7085-StateMachineUpdater] INFO  ratis.ContainerStateMachine (ContainerStateMachine.java:takeSnapshot(341)) - group-F259C1EA7085: Finished taking a snapshot at:(t:1, i:0) file:/home/runner/work/ozone/ozone/hadoop-ozone/integration-test/target/test-dir/MiniOzoneClusterImpl-de398c68-44fd-4973-9846-b14d0f209e8c/datanode-3/data/ratis/6801cd64-e769-4e7e-8286-f259c1ea7085/sm/snapshot.1_0 took: 1 ms
2023-07-05 13:44:28,559 [b5cb5029-fdf1-4728-9c16-344453faf343@group-F259C1EA7085-StateMachineUpdater] INFO  impl.StateMachineUpdater (StateMachineUpdater.java:takeSnapshot(291)) - b5cb5029-fdf1-4728-9c16-344453faf343@group-F259C1EA7085-StateMachineUpdater: Took a snapshot at index 0
2023-07-05 13:44:28,559 [b5cb5029-fdf1-4728-9c16-344453faf343@group-F259C1EA7085-StateMachineUpdater] INFO  impl.StateMachineUpdater (StateMachineUpdater.java:lambda$new$0(97)) - b5cb5029-fdf1-4728-9c16-344453faf343@group-F259C1EA7085-StateMachineUpdater: snapshotIndex: updateIncreasingly -1 -> 0
2023-07-05 13:44:28,559 [b5cb5029-fdf1-4728-9c16-344453faf343-impl-thread1] INFO  server.RaftServer$Division (ServerState.java:close(472)) - b5cb5029-fdf1-4728-9c16-344453faf343@group-F259C1EA7085: closes. applyIndex: 0
2023-07-05 13:44:28,560 [67a76afe-b765-42e9-b514-f84c102d0c02-NettyServerStreamRpc-bossGroup--thread1] INFO  logging.LoggingHandler (AbstractInternalLogger.java:log(148)) - [id: 0xb1c34010, L:/0:0:0:0:0:0:0:0:15174] CLOSE
2023-07-05 13:44:28,560 [ForkJoinPool.commonPool-worker-0] INFO  server.GrpcService (GrpcService.java:closeImpl(320)) - b5cb5029-fdf1-4728-9c16-344453faf343: shutdown server org.apache.ratis.grpc.server.GrpcClientProtocolService successfully
2023-07-05 13:44:28,560 [67a76afe-b765-42e9-b514-f84c102d0c02-NettyServerStreamRpc-bossGroup--thread1] INFO  logging.LoggingHandler (AbstractInternalLogger.java:log(148)) - [id: 0xb1c34010, L:/0:0:0:0:0:0:0:0:15174] INACTIVE
2023-07-05 13:44:28,560 [67a76afe-b765-42e9-b514-f84c102d0c02-NettyServerStreamRpc-bossGroup--thread1] INFO  logging.LoggingHandler (AbstractInternalLogger.java:log(148)) - [id: 0xb1c34010, L:/0:0:0:0:0:0:0:0:15174] UNREGISTERED
2023-07-05 13:44:28,560 [ForkJoinPool.commonPool-worker-0] INFO  server.GrpcService (GrpcService.java:closeImpl(311)) - b5cb5029-fdf1-4728-9c16-344453faf343: shutdown server GrpcServerProtocolService now
2023-07-05 13:44:28,570 [ForkJoinPool.commonPool-worker-0] INFO  server.GrpcService (GrpcService.java:closeImpl(320)) - b5cb5029-fdf1-4728-9c16-344453faf343: shutdown server GrpcServerProtocolService successfully
2023-07-05 13:44:28,570 [ForkJoinPool.commonPool-worker-0] INFO  server.GrpcService (GrpcService.java:closeImpl(311)) - b5cb5029-fdf1-4728-9c16-344453faf343: shutdown server org.apache.ratis.grpc.server.GrpcAdminProtocolService now
2023-07-05 13:44:28,572 [ForkJoinPool.commonPool-worker-0] INFO  server.GrpcService (GrpcService.java:closeImpl(320)) - b5cb5029-fdf1-4728-9c16-344453faf343: shutdown server org.apache.ratis.grpc.server.GrpcAdminProtocolService successfully
2023-07-05 13:44:28,572 [b5cb5029-fdf1-4728-9c16-344453faf343-NettyServerStreamRpc-bossGroup--thread1] INFO  logging.LoggingHandler (AbstractInternalLogger.java:log(148)) - [id: 0x3b0283a4, L:/0:0:0:0:0:0:0:0:15201] CLOSE
2023-07-05 13:44:28,572 [b5cb5029-fdf1-4728-9c16-344453faf343-NettyServerStreamRpc-bossGroup--thread1] INFO  logging.LoggingHandler (AbstractInternalLogger.java:log(148)) - [id: 0x3b0283a4, L:/0:0:0:0:0:0:0:0:15201] INACTIVE
2023-07-05 13:44:28,572 [b5cb5029-fdf1-4728-9c16-344453faf343-NettyServerStreamRpc-bossGroup--thread1] INFO  logging.LoggingHandler (AbstractInternalLogger.java:log(148)) - [id: 0x3b0283a4, L:/0:0:0:0:0:0:0:0:15201] UNREGISTERED
2023-07-05 13:44:28,631 [ReplicationMonitor] INFO  replication.ReplicationManager (ReplicationManager.java:processAll(389)) - Replication Monitor Thread took 1 milliseconds for processing 1 containers.
2023-07-05 13:44:28,879 [860e26e7-dc57-4457-b602-0c8c8602d691-impl-thread1] INFO  segmented.SegmentedRaftLogWorker (SegmentedRaftLogWorker.java:close(252)) - 860e26e7-dc57-4457-b602-0c8c8602d691@group-45307D472E0E-SegmentedRaftLogWorker close()
2023-07-05 13:44:28,880 [JvmPauseMonitor25] INFO  util.JvmPauseMonitor (JvmPauseMonitor.java:run(109)) - JvmPauseMonitor-860e26e7-dc57-4457-b602-0c8c8602d691: Stopped
2023-07-05 13:44:29,107 [67a76afe-b765-42e9-b514-f84c102d0c02-impl-thread1] INFO  segmented.SegmentedRaftLogWorker (SegmentedRaftLogWorker.java:close(252)) - 67a76afe-b765-42e9-b514-f84c102d0c02@group-39650067A008-SegmentedRaftLogWorker close()
2023-07-05 13:44:29,109 [JvmPauseMonitor23] INFO  util.JvmPauseMonitor (JvmPauseMonitor.java:run(109)) - JvmPauseMonitor-67a76afe-b765-42e9-b514-f84c102d0c02: Stopped
2023-07-05 13:44:29,177 [b5cb5029-fdf1-4728-9c16-344453faf343-impl-thread1] INFO  segmented.SegmentedRaftLogWorker (SegmentedRaftLogWorker.java:close(252)) - b5cb5029-fdf1-4728-9c16-344453faf343@group-F259C1EA7085-SegmentedRaftLogWorker close()
2023-07-05 13:44:29,178 [JvmPauseMonitor26] INFO  util.JvmPauseMonitor (JvmPauseMonitor.java:run(109)) - JvmPauseMonitor-b5cb5029-fdf1-4728-9c16-344453faf343: Stopped
2023-07-05 13:44:29,420 [4b44d0b2-60c3-4e8b-a338-1aeff42e189f-impl-thread1] INFO  segmented.SegmentedRaftLogWorker (SegmentedRaftLogWorker.java:close(252)) - 4b44d0b2-60c3-4e8b-a338-1aeff42e189f@group-998925913144-SegmentedRaftLogWorker close()
2023-07-05 13:44:29,422 [JvmPauseMonitor27] INFO  util.JvmPauseMonitor (JvmPauseMonitor.java:run(109)) - JvmPauseMonitor-4b44d0b2-60c3-4e8b-a338-1aeff42e189f: Stopped
2023-07-05 13:44:29,631 [ReplicationMonitor] INFO  replication.ReplicationManager (ReplicationManager.java:processAll(389)) - Replication Monitor Thread took 0 milliseconds for processing 1 containers.
2023-07-05 13:44:30,632 [ReplicationMonitor] INFO  replication.ReplicationManager (ReplicationManager.java:processAll(389)) - Replication Monitor Thread took 0 milliseconds for processing 1 containers.
2023-07-05 13:44:30,884 [Time-limited test] INFO  utils.DatanodeStoreCache (DatanodeStoreCache.java:shutdownCache(110)) - Skip clearing cache in mini cluster mode. Entries left: [/home/runner/work/ozone/ozone/hadoop-ozone/integration-test/target/test-dir/MiniOzoneClusterImpl-de398c68-44fd-4973-9846-b14d0f209e8c/datanode-0/data-0/containers/hdds/de398c68-44fd-4973-9846-b14d0f209e8c/DS-9dd4327c-4661-4f9c-87f2-583bc0f1f71b/container.db, /home/runner/work/ozone/ozone/hadoop-ozone/integration-test/target/test-dir/MiniOzoneClusterImpl-de398c68-44fd-4973-9846-b14d0f209e8c/datanode-2/data-0/containers/hdds/de398c68-44fd-4973-9846-b14d0f209e8c/DS-e0647b30-63b0-4b74-8425-25031c29308e/container.db, /home/runner/work/ozone/ozone/hadoop-ozone/integration-test/target/test-dir/MiniOzoneClusterImpl-de398c68-44fd-4973-9846-b14d0f209e8c/datanode-3/data-0/containers/hdds/de398c68-44fd-4973-9846-b14d0f209e8c/DS-510018b3-6c01-4559-9da0-a30139cfba06/container.db, /home/runner/work/ozone/ozone/hadoop-ozone/integration-test/target/test-dir/MiniOzoneClusterImpl-de398c68-44fd-4973-9846-b14d0f209e8c/datanode-4/data-0/containers/hdds/de398c68-44fd-4973-9846-b14d0f209e8c/DS-6f558abb-622c-42b5-add6-ba2f9392bd23/container.db]
2023-07-05 13:44:30,886 [Time-limited test] INFO  utils.DatanodeStoreCache (DatanodeStoreCache.java:removeDB(104)) - Removed db /home/runner/work/ozone/ozone/hadoop-ozone/integration-test/target/test-dir/MiniOzoneClusterImpl-de398c68-44fd-4973-9846-b14d0f209e8c/datanode-2/data-0/containers/hdds/de398c68-44fd-4973-9846-b14d0f209e8c/DS-e0647b30-63b0-4b74-8425-25031c29308e/container.db from cache
2023-07-05 13:44:30,886 [Time-limited test] INFO  volume.HddsVolume (HddsVolume.java:closeDbStore(509)) - SchemaV3 db is stopped at /home/runner/work/ozone/ozone/hadoop-ozone/integration-test/target/test-dir/MiniOzoneClusterImpl-de398c68-44fd-4973-9846-b14d0f209e8c/datanode-2/data-0/containers/hdds/de398c68-44fd-4973-9846-b14d0f209e8c/DS-e0647b30-63b0-4b74-8425-25031c29308e/container.db for volume DS-e0647b30-63b0-4b74-8425-25031c29308e
2023-07-05 13:44:30,886 [Time-limited test] INFO  utils.BackgroundService (BackgroundService.java:shutdown(141)) - Shutting down service BlockDeletingService
2023-07-05 13:44:30,887 [Time-limited test] INFO  utils.BackgroundService (BackgroundService.java:shutdown(141)) - Shutting down service StaleRecoveringContainerScrubbingService
2023-07-05 13:44:30,887 [Time-limited test] INFO  statemachine.DatanodeStateMachine (DatanodeStateMachine.java:stopDaemon(613)) - Ozone container server stopped.
2023-07-05 13:44:30,901 [Time-limited test] INFO  handler.ContextHandler (ContextHandler.java:doStop(1159)) - Stopped o.e.j.w.WebAppContext@1a4fe622{hddsDatanode,/,null,STOPPED}{jar:file:/home/runner/.m2/repository/org/apache/ozone/hdds-container-service/1.4.0-SNAPSHOT/hdds-container-service-1.4.0-SNAPSHOT.jar!/webapps/hddsDatanode}
2023-07-05 13:44:30,902 [Time-limited test] INFO  server.AbstractConnector (AbstractConnector.java:doStop(383)) - Stopped ServerConnector@540b2997{HTTP/1.1, (http/1.1)}{0.0.0.0:15186}
2023-07-05 13:44:30,902 [Time-limited test] INFO  server.session (HouseKeeper.java:stopScavenging(149)) - node0 Stopped scavenging
2023-07-05 13:44:30,902 [Time-limited test] INFO  handler.ContextHandler (ContextHandler.java:doStop(1159)) - Stopped o.e.j.s.ServletContextHandler@71b729a8{static,/static,jar:file:/home/runner/.m2/repository/org/apache/ozone/hdds-container-service/1.4.0-SNAPSHOT/hdds-container-service-1.4.0-SNAPSHOT.jar!/webapps/static,STOPPED}
2023-07-05 13:44:30,902 [Time-limited test] INFO  handler.ContextHandler (ContextHandler.java:doStop(1159)) - Stopped o.e.j.s.ServletContextHandler@2b2cb631{logs,/logs,file:///home/runner/work/ozone/ozone/hadoop-ozone/integration-test/target/log,STOPPED}
2023-07-05 13:44:30,903 [Time-limited test] INFO  ozone.HddsDatanodeClientProtocolServer (HddsDatanodeClientProtocolServer.java:stop(78)) - Stopping the RPC server for Client Protocol
2023-07-05 13:44:30,903 [Time-limited test] INFO  ipc.Server (Server.java:stop(3523)) - Stopping server on 15187
2023-07-05 13:44:30,903 [IPC Server listener on 15187] INFO  ipc.Server (Server.java:run(1434)) - Stopping IPC Server listener on 15187
2023-07-05 13:44:30,911 [IPC Server Responder] INFO  ipc.Server (Server.java:run(1567)) - Stopping IPC Server Responder
2023-07-05 13:44:31,112 [ForkJoinPool.commonPool-worker-2] INFO  utils.DatanodeStoreCache (DatanodeStoreCache.java:shutdownCache(110)) - Skip clearing cache in mini cluster mode. Entries left: [/home/runner/work/ozone/ozone/hadoop-ozone/integration-test/target/test-dir/MiniOzoneClusterImpl-de398c68-44fd-4973-9846-b14d0f209e8c/datanode-0/data-0/containers/hdds/de398c68-44fd-4973-9846-b14d0f209e8c/DS-9dd4327c-4661-4f9c-87f2-583bc0f1f71b/container.db, /home/runner/work/ozone/ozone/hadoop-ozone/integration-test/target/test-dir/MiniOzoneClusterImpl-de398c68-44fd-4973-9846-b14d0f209e8c/datanode-3/data-0/containers/hdds/de398c68-44fd-4973-9846-b14d0f209e8c/DS-510018b3-6c01-4559-9da0-a30139cfba06/container.db, /home/runner/work/ozone/ozone/hadoop-ozone/integration-test/target/test-dir/MiniOzoneClusterImpl-de398c68-44fd-4973-9846-b14d0f209e8c/datanode-4/data-0/containers/hdds/de398c68-44fd-4973-9846-b14d0f209e8c/DS-6f558abb-622c-42b5-add6-ba2f9392bd23/container.db]
2023-07-05 13:44:31,116 [ForkJoinPool.commonPool-worker-2] INFO  utils.DatanodeStoreCache (DatanodeStoreCache.java:removeDB(104)) - Removed db /home/runner/work/ozone/ozone/hadoop-ozone/integration-test/target/test-dir/MiniOzoneClusterImpl-de398c68-44fd-4973-9846-b14d0f209e8c/datanode-0/data-0/containers/hdds/de398c68-44fd-4973-9846-b14d0f209e8c/DS-9dd4327c-4661-4f9c-87f2-583bc0f1f71b/container.db from cache
2023-07-05 13:44:31,116 [ForkJoinPool.commonPool-worker-2] INFO  volume.HddsVolume (HddsVolume.java:closeDbStore(509)) - SchemaV3 db is stopped at /home/runner/work/ozone/ozone/hadoop-ozone/integration-test/target/test-dir/MiniOzoneClusterImpl-de398c68-44fd-4973-9846-b14d0f209e8c/datanode-0/data-0/containers/hdds/de398c68-44fd-4973-9846-b14d0f209e8c/DS-9dd4327c-4661-4f9c-87f2-583bc0f1f71b/container.db for volume DS-9dd4327c-4661-4f9c-87f2-583bc0f1f71b
2023-07-05 13:44:31,117 [ForkJoinPool.commonPool-worker-2] INFO  utils.BackgroundService (BackgroundService.java:shutdown(141)) - Shutting down service BlockDeletingService
2023-07-05 13:44:31,117 [ForkJoinPool.commonPool-worker-2] INFO  utils.BackgroundService (BackgroundService.java:shutdown(141)) - Shutting down service StaleRecoveringContainerScrubbingService
2023-07-05 13:44:31,118 [ForkJoinPool.commonPool-worker-2] INFO  statemachine.DatanodeStateMachine (DatanodeStateMachine.java:stopDaemon(613)) - Ozone container server stopped.
2023-07-05 13:44:31,130 [ForkJoinPool.commonPool-worker-2] INFO  handler.ContextHandler (ContextHandler.java:doStop(1159)) - Stopped o.e.j.w.WebAppContext@4310a8e8{hddsDatanode,/,null,STOPPED}{jar:file:/home/runner/.m2/repository/org/apache/ozone/hdds-container-service/1.4.0-SNAPSHOT/hdds-container-service-1.4.0-SNAPSHOT.jar!/webapps/hddsDatanode}
2023-07-05 13:44:31,131 [ForkJoinPool.commonPool-worker-2] INFO  server.AbstractConnector (AbstractConnector.java:doStop(383)) - Stopped ServerConnector@7ec4dd9f{HTTP/1.1, (http/1.1)}{0.0.0.0:15168}
2023-07-05 13:44:31,131 [ForkJoinPool.commonPool-worker-2] INFO  server.session (HouseKeeper.java:stopScavenging(149)) - node0 Stopped scavenging
2023-07-05 13:44:31,131 [ForkJoinPool.commonPool-worker-2] INFO  handler.ContextHandler (ContextHandler.java:doStop(1159)) - Stopped o.e.j.s.ServletContextHandler@533a66c{static,/static,jar:file:/home/runner/.m2/repository/org/apache/ozone/hdds-container-service/1.4.0-SNAPSHOT/hdds-container-service-1.4.0-SNAPSHOT.jar!/webapps/static,STOPPED}
2023-07-05 13:44:31,132 [ForkJoinPool.commonPool-worker-2] INFO  handler.ContextHandler (ContextHandler.java:doStop(1159)) - Stopped o.e.j.s.ServletContextHandler@477352ec{logs,/logs,file:///home/runner/work/ozone/ozone/hadoop-ozone/integration-test/target/log,STOPPED}
2023-07-05 13:44:31,134 [ForkJoinPool.commonPool-worker-2] INFO  ozone.HddsDatanodeClientProtocolServer (HddsDatanodeClientProtocolServer.java:stop(78)) - Stopping the RPC server for Client Protocol
2023-07-05 13:44:31,136 [ForkJoinPool.commonPool-worker-2] INFO  ipc.Server (Server.java:stop(3523)) - Stopping server on 15169
2023-07-05 13:44:31,136 [IPC Server listener on 15169] INFO  ipc.Server (Server.java:run(1434)) - Stopping IPC Server listener on 15169
2023-07-05 13:44:31,137 [IPC Server Responder] INFO  ipc.Server (Server.java:run(1567)) - Stopping IPC Server Responder
2023-07-05 13:44:31,181 [ForkJoinPool.commonPool-worker-0] INFO  utils.DatanodeStoreCache (DatanodeStoreCache.java:shutdownCache(110)) - Skip clearing cache in mini cluster mode. Entries left: [/home/runner/work/ozone/ozone/hadoop-ozone/integration-test/target/test-dir/MiniOzoneClusterImpl-de398c68-44fd-4973-9846-b14d0f209e8c/datanode-3/data-0/containers/hdds/de398c68-44fd-4973-9846-b14d0f209e8c/DS-510018b3-6c01-4559-9da0-a30139cfba06/container.db, /home/runner/work/ozone/ozone/hadoop-ozone/integration-test/target/test-dir/MiniOzoneClusterImpl-de398c68-44fd-4973-9846-b14d0f209e8c/datanode-4/data-0/containers/hdds/de398c68-44fd-4973-9846-b14d0f209e8c/DS-6f558abb-622c-42b5-add6-ba2f9392bd23/container.db]
2023-07-05 13:44:31,184 [ForkJoinPool.commonPool-worker-0] INFO  utils.DatanodeStoreCache (DatanodeStoreCache.java:removeDB(104)) - Removed db /home/runner/work/ozone/ozone/hadoop-ozone/integration-test/target/test-dir/MiniOzoneClusterImpl-de398c68-44fd-4973-9846-b14d0f209e8c/datanode-3/data-0/containers/hdds/de398c68-44fd-4973-9846-b14d0f209e8c/DS-510018b3-6c01-4559-9da0-a30139cfba06/container.db from cache
2023-07-05 13:44:31,184 [ForkJoinPool.commonPool-worker-0] INFO  volume.HddsVolume (HddsVolume.java:closeDbStore(509)) - SchemaV3 db is stopped at /home/runner/work/ozone/ozone/hadoop-ozone/integration-test/target/test-dir/MiniOzoneClusterImpl-de398c68-44fd-4973-9846-b14d0f209e8c/datanode-3/data-0/containers/hdds/de398c68-44fd-4973-9846-b14d0f209e8c/DS-510018b3-6c01-4559-9da0-a30139cfba06/container.db for volume DS-510018b3-6c01-4559-9da0-a30139cfba06
2023-07-05 13:44:31,184 [ForkJoinPool.commonPool-worker-0] INFO  utils.BackgroundService (BackgroundService.java:shutdown(141)) - Shutting down service BlockDeletingService
2023-07-05 13:44:31,185 [ForkJoinPool.commonPool-worker-0] INFO  utils.BackgroundService (BackgroundService.java:shutdown(141)) - Shutting down service StaleRecoveringContainerScrubbingService
2023-07-05 13:44:31,185 [ForkJoinPool.commonPool-worker-0] INFO  statemachine.DatanodeStateMachine (DatanodeStateMachine.java:stopDaemon(613)) - Ozone container server stopped.
2023-07-05 13:44:31,199 [ForkJoinPool.commonPool-worker-0] INFO  handler.ContextHandler (ContextHandler.java:doStop(1159)) - Stopped o.e.j.w.WebAppContext@6c4944d1{hddsDatanode,/,null,STOPPED}{jar:file:/home/runner/.m2/repository/org/apache/ozone/hdds-container-service/1.4.0-SNAPSHOT/hdds-container-service-1.4.0-SNAPSHOT.jar!/webapps/hddsDatanode}
2023-07-05 13:44:31,199 [ForkJoinPool.commonPool-worker-0] INFO  server.AbstractConnector (AbstractConnector.java:doStop(383)) - Stopped ServerConnector@af3b880{HTTP/1.1, (http/1.1)}{0.0.0.0:15195}
2023-07-05 13:44:31,199 [ForkJoinPool.commonPool-worker-0] INFO  server.session (HouseKeeper.java:stopScavenging(149)) - node0 Stopped scavenging
2023-07-05 13:44:31,200 [ForkJoinPool.commonPool-worker-0] INFO  handler.ContextHandler (ContextHandler.java:doStop(1159)) - Stopped o.e.j.s.ServletContextHandler@2556e221{static,/static,jar:file:/home/runner/.m2/repository/org/apache/ozone/hdds-container-service/1.4.0-SNAPSHOT/hdds-container-service-1.4.0-SNAPSHOT.jar!/webapps/static,STOPPED}
2023-07-05 13:44:31,200 [ForkJoinPool.commonPool-worker-0] INFO  handler.ContextHandler (ContextHandler.java:doStop(1159)) - Stopped o.e.j.s.ServletContextHandler@7d94b164{logs,/logs,file:///home/runner/work/ozone/ozone/hadoop-ozone/integration-test/target/log,STOPPED}
2023-07-05 13:44:31,201 [ForkJoinPool.commonPool-worker-0] INFO  ozone.HddsDatanodeClientProtocolServer (HddsDatanodeClientProtocolServer.java:stop(78)) - Stopping the RPC server for Client Protocol
2023-07-05 13:44:31,201 [ForkJoinPool.commonPool-worker-0] INFO  ipc.Server (Server.java:stop(3523)) - Stopping server on 15196
2023-07-05 13:44:31,202 [IPC Server listener on 15196] INFO  ipc.Server (Server.java:run(1434)) - Stopping IPC Server listener on 15196
2023-07-05 13:44:31,203 [IPC Server Responder] INFO  ipc.Server (Server.java:run(1567)) - Stopping IPC Server Responder
2023-07-05 13:44:31,265 [EventQueue-StaleNodeForStaleNodeHandler] INFO  node.StaleNodeHandler (StaleNodeHandler.java:onMessage(58)) - Datanode b5cb5029-fdf1-4728-9c16-344453faf343(fv-az264-29.ca02foy5wcnuvlrvrz2wi3p2og.dx.internal.cloudapp.net/10.1.0.13) moved to stale state. Finalizing its pipelines [PipelineID=6801cd64-e769-4e7e-8286-f259c1ea7085]
2023-07-05 13:44:31,266 [EventQueue-StaleNodeForStaleNodeHandler] INFO  pipeline.PipelineManagerImpl (PipelineManagerImpl.java:closePipeline(510)) - Pipeline Pipeline[ Id: 6801cd64-e769-4e7e-8286-f259c1ea7085, Nodes: b5cb5029-fdf1-4728-9c16-344453faf343(fv-az264-29.ca02foy5wcnuvlrvrz2wi3p2og.dx.internal.cloudapp.net/10.1.0.13), ReplicationConfig: RATIS/ONE, State:OPEN, leaderId:b5cb5029-fdf1-4728-9c16-344453faf343, CreationTimestamp2023-07-05T13:43:59.953Z[Etc/UTC]] moved to CLOSED state
2023-07-05 13:44:31,426 [ForkJoinPool.commonPool-worker-3] INFO  utils.DatanodeStoreCache (DatanodeStoreCache.java:shutdownCache(110)) - Skip clearing cache in mini cluster mode. Entries left: [/home/runner/work/ozone/ozone/hadoop-ozone/integration-test/target/test-dir/MiniOzoneClusterImpl-de398c68-44fd-4973-9846-b14d0f209e8c/datanode-4/data-0/containers/hdds/de398c68-44fd-4973-9846-b14d0f209e8c/DS-6f558abb-622c-42b5-add6-ba2f9392bd23/container.db]
2023-07-05 13:44:31,428 [ForkJoinPool.commonPool-worker-3] INFO  utils.DatanodeStoreCache (DatanodeStoreCache.java:removeDB(104)) - Removed db /home/runner/work/ozone/ozone/hadoop-ozone/integration-test/target/test-dir/MiniOzoneClusterImpl-de398c68-44fd-4973-9846-b14d0f209e8c/datanode-4/data-0/containers/hdds/de398c68-44fd-4973-9846-b14d0f209e8c/DS-6f558abb-622c-42b5-add6-ba2f9392bd23/container.db from cache
2023-07-05 13:44:31,429 [ForkJoinPool.commonPool-worker-3] INFO  volume.HddsVolume (HddsVolume.java:closeDbStore(509)) - SchemaV3 db is stopped at /home/runner/work/ozone/ozone/hadoop-ozone/integration-test/target/test-dir/MiniOzoneClusterImpl-de398c68-44fd-4973-9846-b14d0f209e8c/datanode-4/data-0/containers/hdds/de398c68-44fd-4973-9846-b14d0f209e8c/DS-6f558abb-622c-42b5-add6-ba2f9392bd23/container.db for volume DS-6f558abb-622c-42b5-add6-ba2f9392bd23
2023-07-05 13:44:31,429 [ForkJoinPool.commonPool-worker-3] INFO  utils.BackgroundService (BackgroundService.java:shutdown(141)) - Shutting down service BlockDeletingService
2023-07-05 13:44:31,429 [ForkJoinPool.commonPool-worker-3] INFO  utils.BackgroundService (BackgroundService.java:shutdown(141)) - Shutting down service StaleRecoveringContainerScrubbingService
2023-07-05 13:44:31,430 [ForkJoinPool.commonPool-worker-3] INFO  statemachine.DatanodeStateMachine (DatanodeStateMachine.java:stopDaemon(613)) - Ozone container server stopped.
2023-07-05 13:44:31,447 [ForkJoinPool.commonPool-worker-3] INFO  handler.ContextHandler (ContextHandler.java:doStop(1159)) - Stopped o.e.j.w.WebAppContext@9eb6641{hddsDatanode,/,null,STOPPED}{jar:file:/home/runner/.m2/repository/org/apache/ozone/hdds-container-service/1.4.0-SNAPSHOT/hdds-container-service-1.4.0-SNAPSHOT.jar!/webapps/hddsDatanode}
2023-07-05 13:44:31,447 [ForkJoinPool.commonPool-worker-3] INFO  server.AbstractConnector (AbstractConnector.java:doStop(383)) - Stopped ServerConnector@353ce83b{HTTP/1.1, (http/1.1)}{0.0.0.0:15204}
2023-07-05 13:44:31,447 [ForkJoinPool.commonPool-worker-3] INFO  server.session (HouseKeeper.java:stopScavenging(149)) - node0 Stopped scavenging
2023-07-05 13:44:31,448 [ForkJoinPool.commonPool-worker-3] INFO  handler.ContextHandler (ContextHandler.java:doStop(1159)) - Stopped o.e.j.s.ServletContextHandler@300f4c15{static,/static,jar:file:/home/runner/.m2/repository/org/apache/ozone/hdds-container-service/1.4.0-SNAPSHOT/hdds-container-service-1.4.0-SNAPSHOT.jar!/webapps/static,STOPPED}
2023-07-05 13:44:31,448 [ForkJoinPool.commonPool-worker-3] INFO  handler.ContextHandler (ContextHandler.java:doStop(1159)) - Stopped o.e.j.s.ServletContextHandler@363bd638{logs,/logs,file:///home/runner/work/ozone/ozone/hadoop-ozone/integration-test/target/log,STOPPED}
2023-07-05 13:44:31,449 [ForkJoinPool.commonPool-worker-3] INFO  ozone.HddsDatanodeClientProtocolServer (HddsDatanodeClientProtocolServer.java:stop(78)) - Stopping the RPC server for Client Protocol
2023-07-05 13:44:31,449 [ForkJoinPool.commonPool-worker-3] INFO  ipc.Server (Server.java:stop(3523)) - Stopping server on 15205
2023-07-05 13:44:31,450 [IPC Server Responder] INFO  ipc.Server (Server.java:run(1567)) - Stopping IPC Server Responder
2023-07-05 13:44:31,450 [IPC Server listener on 15205] INFO  ipc.Server (Server.java:run(1434)) - Stopping IPC Server listener on 15205
2023-07-05 13:44:31,456 [Time-limited test] INFO  ozone.MiniOzoneClusterImpl (MiniOzoneClusterImpl.java:stopSCM(543)) - Stopping the StorageContainerManager
2023-07-05 13:44:31,456 [Time-limited test] INFO  server.StorageContainerManager (StorageContainerManager.java:stop(1590)) - Container Balancer is not running.
2023-07-05 13:44:31,456 [Time-limited test] INFO  server.StorageContainerManager (StorageContainerManager.java:stopReplicationManager(1723)) - Stopping Replication Manager Service.
2023-07-05 13:44:31,456 [Time-limited test] INFO  replication.ReplicationManager (ReplicationManager.java:stop(319)) - Stopping Replication Monitor Thread.
2023-07-05 13:44:31,456 [Time-limited test] INFO  server.StorageContainerManager (StorageContainerManager.java:stop(1599)) - Stopping the Datanode Admin Monitor.
2023-07-05 13:44:31,456 [Under Replicated Processor] WARN  replication.UnhealthyReplicationProcessor (UnhealthyReplicationProcessor.java:run(180)) - Under Replicated Processor interrupted. Exiting...
2023-07-05 13:44:31,456 [Time-limited test] INFO  server.StorageContainerManager (StorageContainerManager.java:stop(1606)) - Stopping datanode service RPC server
2023-07-05 13:44:31,457 [Time-limited test] INFO  server.SCMDatanodeProtocolServer (SCMDatanodeProtocolServer.java:stop(424)) - Stopping the RPC server for DataNodes
2023-07-05 13:44:31,457 [Time-limited test] INFO  ipc.Server (Server.java:stop(3523)) - Stopping server on 15161
2023-07-05 13:44:31,457 [Over Replicated Processor] WARN  replication.UnhealthyReplicationProcessor (UnhealthyReplicationProcessor.java:run(180)) - Over Replicated Processor interrupted. Exiting...
2023-07-05 13:44:31,457 [ReplicationMonitor] INFO  replication.ReplicationManager (ReplicationManager.java:run(917)) - Replication Monitor Thread is stopped
2023-07-05 13:44:31,458 [IPC Server Responder] INFO  ipc.Server (Server.java:run(1567)) - Stopping IPC Server Responder
2023-07-05 13:44:31,458 [IPC Server listener on 15161] INFO  ipc.Server (Server.java:run(1434)) - Stopping IPC Server listener on 15161
2023-07-05 13:44:31,465 [SCM Heartbeat Processing Thread - 0] WARN  node.NodeStateManager (NodeStateManager.java:scheduleNextHealthCheck(874)) - Current Thread is interrupted, shutting down HB processing thread for Node Manager.
2023-07-05 13:44:31,465 [EventQueue-StaleNodeForStaleNodeHandler] INFO  node.StaleNodeHandler (StaleNodeHandler.java:onMessage(58)) - Datanode 860e26e7-dc57-4457-b602-0c8c8602d691(fv-az264-29.ca02foy5wcnuvlrvrz2wi3p2og.dx.internal.cloudapp.net/10.1.0.13) moved to stale state. Finalizing its pipelines [PipelineID=44bae637-6859-4aa0-b5ca-45307d472e0e]
2023-07-05 13:44:31,465 [Time-limited test] INFO  server.StorageContainerManager (StorageContainerManager.java:stop(1614)) - Stopping block service RPC server
2023-07-05 13:44:31,465 [Time-limited test] INFO  server.SCMBlockProtocolServer (SCMBlockProtocolServer.java:stop(161)) - Stopping the RPC server for Block Protocol
2023-07-05 13:44:31,466 [Time-limited test] INFO  ipc.Server (Server.java:stop(3523)) - Stopping server on 15160
2023-07-05 13:44:31,466 [EventQueue-StaleNodeForStaleNodeHandler] INFO  pipeline.PipelineManagerImpl (PipelineManagerImpl.java:closePipeline(510)) - Pipeline Pipeline[ Id: 44bae637-6859-4aa0-b5ca-45307d472e0e, Nodes: 860e26e7-dc57-4457-b602-0c8c8602d691(fv-az264-29.ca02foy5wcnuvlrvrz2wi3p2og.dx.internal.cloudapp.net/10.1.0.13), ReplicationConfig: RATIS/ONE, State:OPEN, leaderId:860e26e7-dc57-4457-b602-0c8c8602d691, CreationTimestamp2023-07-05T13:43:59.653Z[Etc/UTC]] moved to CLOSED state
2023-07-05 13:44:31,467 [IPC Server listener on 15160] INFO  ipc.Server (Server.java:run(1434)) - Stopping IPC Server listener on 15160
2023-07-05 13:44:31,467 [IPC Server Responder] INFO  ipc.Server (Server.java:run(1567)) - Stopping IPC Server Responder
2023-07-05 13:44:31,467 [Time-limited test] INFO  server.StorageContainerManager (StorageContainerManager.java:stop(1621)) - Stopping the StorageContainerLocationProtocol RPC server
2023-07-05 13:44:31,468 [Time-limited test] INFO  server.SCMClientProtocolServer (SCMClientProtocolServer.java:stop(209)) - Stopping the RPC server for Client Protocol
2023-07-05 13:44:31,468 [Time-limited test] INFO  ipc.Server (Server.java:stop(3523)) - Stopping server on 15159
2023-07-05 13:44:31,469 [IPC Server Responder] INFO  ipc.Server (Server.java:run(1567)) - Stopping IPC Server Responder
2023-07-05 13:44:31,470 [Time-limited test] INFO  server.StorageContainerManager (StorageContainerManager.java:stop(1628)) - Stopping Storage Container Manager HTTP server.
2023-07-05 13:44:31,470 [Time-limited test] INFO  handler.ContextHandler (ContextHandler.java:doStop(1159)) - Stopped o.e.j.w.WebAppContext@5f5e1fcd{scm,/,null,STOPPED}{file:/home/runner/work/ozone/ozone/hadoop-ozone/integration-test/target/test-classes/webapps/scm}
2023-07-05 13:44:31,470 [IPC Server listener on 15159] INFO  ipc.Server (Server.java:run(1434)) - Stopping IPC Server listener on 15159
2023-07-05 13:44:31,471 [Time-limited test] INFO  server.AbstractConnector (AbstractConnector.java:doStop(383)) - Stopped ServerConnector@20d81d85{HTTP/1.1, (http/1.1)}{0.0.0.0:15162}
2023-07-05 13:44:31,471 [Time-limited test] INFO  server.session (HouseKeeper.java:stopScavenging(149)) - node0 Stopped scavenging
2023-07-05 13:44:31,472 [Time-limited test] INFO  handler.ContextHandler (ContextHandler.java:doStop(1159)) - Stopped o.e.j.s.ServletContextHandler@70db924{static,/static,file:///home/runner/work/ozone/ozone/hadoop-ozone/integration-test/target/test-classes/webapps/static,STOPPED}
2023-07-05 13:44:31,472 [Time-limited test] INFO  handler.ContextHandler (ContextHandler.java:doStop(1159)) - Stopped o.e.j.s.ServletContextHandler@6e65884d{logs,/logs,file:///home/runner/work/ozone/ozone/hadoop-ozone/integration-test/target/log,STOPPED}
2023-07-05 13:44:31,474 [Time-limited test] INFO  server.StorageContainerManager (StorageContainerManager.java:stop(1636)) - Stopping SCM LayoutVersionManager Service.
2023-07-05 13:44:31,474 [Time-limited test] INFO  server.StorageContainerManager (StorageContainerManager.java:stop(1648)) - Stopping Block Manager Service.
2023-07-05 13:44:31,475 [Time-limited test] INFO  utils.BackgroundService (BackgroundService.java:shutdown(141)) - Shutting down service SCMBlockDeletingService
2023-07-05 13:44:31,475 [Time-limited test] INFO  utils.BackgroundService (BackgroundService.java:shutdown(141)) - Shutting down service SCMBlockDeletingService
2023-07-05 13:44:31,475 [Time-limited test] INFO  server.StorageContainerManager (StorageContainerManager.java:stop(1668)) - Stopping SCM Event Queue.
2023-07-05 13:44:31,475 [JvmPauseMonitor21] INFO  util.JvmPauseMonitor (JvmPauseMonitor.java:run(109)) - JvmPauseMonitor-9eda2655-8b4e-4854-874d-10e37552c16a: Stopped
2023-07-05 13:44:31,475 [Time-limited test] INFO  server.StorageContainerManager (StorageContainerManager.java:stop(1679)) - Stopping SCM HA services.
2023-07-05 13:44:31,476 [Time-limited test] INFO  pipeline.BackgroundPipelineCreator (BackgroundPipelineCreator.java:stop(149)) - Stopping RatisPipelineUtilsThread.
2023-07-05 13:44:31,476 [RatisPipelineUtilsThread - 0] WARN  pipeline.BackgroundPipelineCreator (BackgroundPipelineCreator.java:run(180)) - RatisPipelineUtilsThread is interrupted.
2023-07-05 13:44:31,476 [Time-limited test] INFO  BackgroundPipelineScrubber (BackgroundSCMService.java:stop(131)) - Stopping BackgroundPipelineScrubber Service.
2023-07-05 13:44:31,476 [Time-limited test] INFO  impl.MetricsSystemImpl (MetricsSystemImpl.java:stop(210)) - Stopping HddsDatanode metrics system...
2023-07-05 13:44:31,477 [prometheus] INFO  impl.MetricsSinkAdapter (MetricsSinkAdapter.java:publishMetricsFromQueue(141)) - prometheus thread interrupted.
2023-07-05 13:44:31,477 [BackgroundPipelineScrubberThread] WARN  BackgroundPipelineScrubber (BackgroundSCMService.java:run(115)) - BackgroundPipelineScrubber is interrupted, exit
2023-07-05 13:44:31,478 [Time-limited test] INFO  impl.MetricsSystemImpl (MetricsSystemImpl.java:stop(216)) - HddsDatanode metrics system stopped.
2023-07-05 13:44:31,478 [Time-limited test] WARN  pipeline.BackgroundPipelineCreator (BackgroundPipelineCreator.java:stop(145)) - RatisPipelineUtilsThread is not running, just ignore.
2023-07-05 13:44:31,478 [Time-limited test] INFO  BackgroundPipelineScrubber (BackgroundSCMService.java:stop(126)) - BackgroundPipelineScrubber Service is not running, skip stop.
2023-07-05 13:44:31,478 [ExpiredContainerReplicaOpScrubberThread] WARN  ExpiredContainerReplicaOpScrubber (BackgroundSCMService.java:run(115)) - ExpiredContainerReplicaOpScrubber is interrupted, exit
2023-07-05 13:44:31,478 [Time-limited test] INFO  ExpiredContainerReplicaOpScrubber (BackgroundSCMService.java:stop(131)) - Stopping ExpiredContainerReplicaOpScrubber Service.
2023-07-05 13:44:31,478 [Time-limited test] INFO  utils.BackgroundService (BackgroundService.java:shutdown(141)) - Shutting down service SCMBlockDeletingService
2023-07-05 13:44:31,478 [Time-limited test] INFO  replication.ReplicationManager (ReplicationManager.java:stop(329)) - Replication Monitor Thread is not running.
2023-07-05 13:44:31,478 [Time-limited test] WARN  balancer.ContainerBalancer (ContainerBalancer.java:stop(326)) - Cannot stop Container Balancer because it's not running or stopping
2023-07-05 13:44:31,479 [Lease Manager-LeaseManager#LeaseMonitor] WARN  lease.LeaseManager (LeaseManager.java:run(272)) - Lease manager is interrupted. Shutting down...
java.lang.InterruptedException
	at java.util.concurrent.locks.AbstractQueuedSynchronizer.doAcquireSharedNanos(AbstractQueuedSynchronizer.java:1039)
	at java.util.concurrent.locks.AbstractQueuedSynchronizer.tryAcquireSharedNanos(AbstractQueuedSynchronizer.java:1328)
	at java.util.concurrent.Semaphore.tryAcquire(Semaphore.java:409)
	at org.apache.hadoop.ozone.lease.LeaseManager$LeaseMonitor.run(LeaseManager.java:270)
	at java.lang.Thread.run(Thread.java:750)
2023-07-05 13:44:31,479 [Time-limited test] INFO  server.StorageContainerManager (StorageContainerManager.java:stop(1714)) - Stopping SCM MetadataStore.
]]></system-out>
  </testcase>
  <testcase name="testContainerReplication" classname="TestContainerReplication" time="37.441">
    <system-out><![CDATA[2023-07-05 13:45:01,527 [Time-limited test] WARN  server.ServerUtils (ServerUtils.java:getScmDbDir(155)) - ozone.scm.db.dirs is not configured. We recommend adding this setting. Falling back to ozone.metadata.dirs instead.
2023-07-05 13:45:01,531 [Time-limited test] WARN  server.ServerUtils (ServerUtils.java:getScmDbDir(155)) - ozone.scm.db.dirs is not configured. We recommend adding this setting. Falling back to ozone.metadata.dirs instead.
2023-07-05 13:45:01,531 [Time-limited test] INFO  ha.SCMHANodeDetails (SCMHANodeDetails.java:loadSCMHAConfig(210)) - ServiceID for StorageContainerManager is null
2023-07-05 13:45:01,531 [Time-limited test] INFO  ha.SCMHANodeDetails (SCMHANodeDetails.java:loadSCMHAConfig(215)) - ozone.scm.default.service.id is not defined, falling back to ozone.scm.service.ids to find serviceID for StorageContainerManager if it is HA enabled cluster
2023-07-05 13:45:01,532 [Time-limited test] WARN  utils.HAUtils (HAUtils.java:getMetaDir(339)) - ozone.scm.db.dirs is not configured. We recommend adding this setting. Falling back to ozone.metadata.dirs instead.
2023-07-05 13:45:01,532 [Time-limited test] WARN  db.DBStoreBuilder (DBStoreBuilder.java:applyDBDefinition(166)) - ozone.scm.db.dirs is not configured. We recommend adding this setting. Falling back to ozone.metadata.dirs instead.
2023-07-05 13:45:01,658 [Time-limited test] INFO  net.NodeSchemaLoader (NodeSchemaLoader.java:loadSchemaFromFile(129)) - Loading schema from [jar:file:/home/runner/.m2/repository/org/apache/ozone/hdds-common/1.4.0-SNAPSHOT/hdds-common-1.4.0-SNAPSHOT.jar!/network-topology-default.xml]
2023-07-05 13:45:01,658 [Time-limited test] INFO  net.NodeSchemaLoader (NodeSchemaLoader.java:loadSchema(176)) - Loading network topology layer schema file
2023-07-05 13:45:01,663 [Time-limited test] INFO  upgrade.AbstractLayoutVersionManager (AbstractLayoutVersionManager.java:init(83)) - Initializing Layout version manager with metadata layout = HADOOP_PRC_PORTS_IN_DATANODEDETAILS (version = 7), software layout = HADOOP_PRC_PORTS_IN_DATANODEDETAILS (version = 7)
2023-07-05 13:45:01,664 [Time-limited test] INFO  ha.SequenceIdGenerator (SequenceIdGenerator.java:upgradeToSequenceId(354)) - upgrade localId to 111677748019200000
2023-07-05 13:45:01,666 [Time-limited test] INFO  ha.SequenceIdGenerator (SequenceIdGenerator.java:upgradeToSequenceId(364)) - upgrade delTxnId to 0
2023-07-05 13:45:01,666 [Time-limited test] INFO  ha.SequenceIdGenerator (SequenceIdGenerator.java:upgradeToSequenceId(381)) - upgrade containerId to 0
2023-07-05 13:45:01,667 [Time-limited test] INFO  ha.SequenceIdGenerator (SequenceIdGenerator.java:upgradeToSequenceId(417)) - upgrade rootCertificateId to 1
2023-07-05 13:45:01,667 [Time-limited test] INFO  ha.SequenceIdGenerator (SequenceIdGenerator.java:<init>(225)) - Init the HA SequenceIdGenerator.
2023-07-05 13:45:01,667 [Time-limited test] INFO  node.SCMNodeManager (SCMNodeManager.java:<init>(157)) - Entering startup safe mode.
2023-07-05 13:45:01,668 [Time-limited test] INFO  algorithms.ContainerPlacementPolicyFactory (ContainerPlacementPolicyFactory.java:getPolicyInternal(86)) - Create container placement policy of type org.apache.hadoop.hdds.scm.container.placement.algorithms.SCMContainerPlacementRandom
2023-07-05 13:45:01,668 [Time-limited test] INFO  algorithms.ContainerPlacementPolicyFactory (ContainerPlacementPolicyFactory.java:getPolicyInternal(86)) - Create container placement policy of type org.apache.hadoop.hdds.scm.container.placement.algorithms.SCMContainerPlacementRackScatter
2023-07-05 13:45:01,668 [Time-limited test] INFO  pipeline.PipelineStateManagerImpl (PipelineStateManagerImpl.java:initialize(78)) - No pipeline exists in current db
2023-07-05 13:45:01,668 [Time-limited test] INFO  algorithms.LeaderChoosePolicyFactory (LeaderChoosePolicyFactory.java:getPolicy(57)) - Create leader choose policy of type org.apache.hadoop.hdds.scm.pipeline.leader.choose.algorithms.MinLeaderCountChoosePolicy
2023-07-05 13:45:01,668 [Time-limited test] INFO  algorithms.ContainerPlacementPolicyFactory (ContainerPlacementPolicyFactory.java:getPolicyInternal(86)) - Create container placement policy of type org.apache.hadoop.hdds.scm.container.placement.algorithms.SCMContainerPlacementRackScatter
2023-07-05 13:45:01,668 [Time-limited test] INFO  ha.SCMServiceManager (SCMServiceManager.java:register(42)) - Registering service BackgroundPipelineCreator.
2023-07-05 13:45:01,668 [Time-limited test] INFO  pipeline.BackgroundPipelineCreator (BackgroundPipelineCreator.java:start(124)) - Starting RatisPipelineUtilsThread.
2023-07-05 13:45:01,669 [Time-limited test] INFO  BackgroundPipelineScrubber (BackgroundSCMService.java:start(68)) - Starting BackgroundPipelineScrubber Service.
2023-07-05 13:45:01,669 [Time-limited test] INFO  ha.SCMServiceManager (SCMServiceManager.java:register(42)) - Registering service BackgroundPipelineScrubber.
2023-07-05 13:45:01,669 [Time-limited test] INFO  ExpiredContainerReplicaOpScrubber (BackgroundSCMService.java:start(68)) - Starting ExpiredContainerReplicaOpScrubber Service.
2023-07-05 13:45:01,669 [Time-limited test] INFO  ha.SCMServiceManager (SCMServiceManager.java:register(42)) - Registering service ExpiredContainerReplicaOpScrubber.
2023-07-05 13:45:01,674 [Time-limited test] INFO  algorithms.PipelineChoosePolicyFactory (PipelineChoosePolicyFactory.java:createPipelineChoosePolicyFromClass(78)) - Create pipeline choose policy of type org.apache.hadoop.hdds.scm.pipeline.choose.algorithms.RandomPipelineChoosePolicy
2023-07-05 13:45:01,674 [Time-limited test] INFO  algorithms.PipelineChoosePolicyFactory (PipelineChoosePolicyFactory.java:createPipelineChoosePolicyFromClass(78)) - Create pipeline choose policy of type org.apache.hadoop.hdds.scm.pipeline.choose.algorithms.RandomPipelineChoosePolicy
2023-07-05 13:45:01,678 [Time-limited test] INFO  ha.SCMServiceManager (SCMServiceManager.java:register(42)) - Registering service SCMBlockDeletingService.
2023-07-05 13:45:01,679 [Time-limited test] INFO  replication.ReplicationManager (ReplicationManager.java:start(286)) - Starting Replication Monitor Thread.
2023-07-05 13:45:01,681 [Time-limited test] INFO  ha.SCMServiceManager (SCMServiceManager.java:register(42)) - Registering service ReplicationManager.
2023-07-05 13:45:01,682 [Time-limited test] INFO  safemode.ContainerSafeModeRule (ContainerSafeModeRule.java:<init>(89)) - containers with one replica threshold count 0
2023-07-05 13:45:01,682 [Time-limited test] INFO  safemode.HealthyPipelineSafeModeRule (HealthyPipelineSafeModeRule.java:initializeRule(169)) - Total pipeline count is 0, healthy pipeline threshold count is 1
2023-07-05 13:45:01,682 [Time-limited test] INFO  safemode.OneReplicaPipelineSafeModeRule (OneReplicaPipelineSafeModeRule.java:initializeRule(180)) - Total pipeline count is 0, pipeline's with at least one datanode reported threshold count is 0
2023-07-05 13:45:01,683 [Time-limited test] INFO  server.StorageContainerManager (StorageContainerManager.java:<init>(424)) - SCM start with adminUsers: [runner]
2023-07-05 13:45:01,683 [Time-limited test] INFO  ipc.CallQueueManager (CallQueueManager.java:<init>(90)) - Using callQueue: class java.util.concurrent.LinkedBlockingQueue, queueCapacity: 2000, scheduler: class org.apache.hadoop.ipc.DefaultRpcScheduler, ipcBackoff: false.
2023-07-05 13:45:01,683 [Time-limited test] INFO  ipc.Server (Server.java:<init>(1287)) - Listener at 0.0.0.0:15267
2023-07-05 13:45:01,683 [Socket Reader #1 for port 15267] INFO  ipc.Server (Server.java:run(1323)) - Starting Socket Reader #1 for port 15267
2023-07-05 13:45:01,686 [ReplicationMonitor] INFO  replication.ReplicationManager (ReplicationManager.java:processAll(361)) - Replication Manager is not ready to run until 3000ms after safemode exit
2023-07-05 13:45:01,686 [Time-limited test] INFO  ipc.CallQueueManager (CallQueueManager.java:<init>(90)) - Using callQueue: class java.util.concurrent.LinkedBlockingQueue, queueCapacity: 2000, scheduler: class org.apache.hadoop.ipc.DefaultRpcScheduler, ipcBackoff: false.
2023-07-05 13:45:01,686 [Time-limited test] INFO  ipc.Server (Server.java:<init>(1287)) - Listener at 0.0.0.0:15266
2023-07-05 13:45:01,687 [Socket Reader #1 for port 15266] INFO  ipc.Server (Server.java:run(1323)) - Starting Socket Reader #1 for port 15266
2023-07-05 13:45:01,694 [Time-limited test] INFO  ipc.CallQueueManager (CallQueueManager.java:<init>(90)) - Using callQueue: class java.util.concurrent.LinkedBlockingQueue, queueCapacity: 2000, scheduler: class org.apache.hadoop.ipc.DefaultRpcScheduler, ipcBackoff: false.
2023-07-05 13:45:01,694 [Time-limited test] INFO  ipc.Server (Server.java:<init>(1287)) - Listener at 0.0.0.0:15265
2023-07-05 13:45:01,696 [Socket Reader #1 for port 15265] INFO  ipc.Server (Server.java:run(1323)) - Starting Socket Reader #1 for port 15265
2023-07-05 13:45:01,700 [Time-limited test] INFO  ha.SCMServiceManager (SCMServiceManager.java:register(42)) - Registering service ContainerBalancer.
2023-07-05 13:45:01,700 [Time-limited test] INFO  server.StorageContainerManager (StorageContainerManager.java:<init>(437)) - 
Container Balancer status:
Key                            Value
Running                        false
Container Balancer Configuration values:
Key                                                Value
Threshold                                          10
Max Datanodes to Involve per Iteration(percent)    20
Max Size to Move per Iteration                     500GB
Max Size Entering Target per Iteration             26GB
Max Size Leaving Source per Iteration              26GB

2023-07-05 13:45:01,700 [Time-limited test] INFO  ha.SCMContext (SCMContext.java:updateSafeModeStatus(228)) - Update SafeModeStatus from SafeModeStatus{safeModeStatus=true, preCheckPassed=false} to SafeModeStatus{safeModeStatus=true, preCheckPassed=false}.
2023-07-05 13:45:01,700 [Time-limited test] INFO  server.StorageContainerManager (StorageContainerManager.java:start(1489)) - StorageContainerLocationProtocol RPC server is listening at /0.0.0.0:15265
2023-07-05 13:45:01,702 [Time-limited test] WARN  impl.MetricsConfig (MetricsConfig.java:loadFirst(136)) - Cannot locate configuration: tried hadoop-metrics2-storagecontainermanager.properties,hadoop-metrics2.properties
2023-07-05 13:45:01,703 [Time-limited test] INFO  impl.MetricsSystemImpl (MetricsSystemImpl.java:startTimer(378)) - Scheduled Metric snapshot period at 10 second(s).
2023-07-05 13:45:01,703 [Time-limited test] INFO  impl.MetricsSystemImpl (MetricsSystemImpl.java:start(191)) - StorageContainerManager metrics system started
2023-07-05 13:45:01,718 [Time-limited test] INFO  impl.MetricsSinkAdapter (MetricsSinkAdapter.java:start(204)) - Sink prometheus started
2023-07-05 13:45:01,719 [Time-limited test] INFO  impl.MetricsSystemImpl (MetricsSystemImpl.java:registerSink(305)) - Registered sink prometheus
2023-07-05 13:45:01,734 [Time-limited test] INFO  server.SCMClientProtocolServer (SCMClientProtocolServer.java:start(200)) - RPC server for Client  is listening at /0.0.0.0:15265
2023-07-05 13:45:01,734 [IPC Server Responder] INFO  ipc.Server (Server.java:run(1562)) - IPC Server Responder: starting
2023-07-05 13:45:01,734 [IPC Server listener on 15265] INFO  ipc.Server (Server.java:run(1402)) - IPC Server listener on 15265: starting
2023-07-05 13:45:01,736 [Time-limited test] INFO  server.StorageContainerManager (StorageContainerManager.java:start(1502)) - ScmBlockLocationProtocol RPC server is listening at /0.0.0.0:15266
2023-07-05 13:45:01,736 [Time-limited test] INFO  server.SCMBlockProtocolServer (SCMBlockProtocolServer.java:start(152)) - RPC server for Block Protocol is listening at /0.0.0.0:15266
2023-07-05 13:45:01,737 [IPC Server Responder] INFO  ipc.Server (Server.java:run(1562)) - IPC Server Responder: starting
2023-07-05 13:45:01,737 [IPC Server listener on 15266] INFO  ipc.Server (Server.java:run(1402)) - IPC Server listener on 15266: starting
2023-07-05 13:45:01,739 [Time-limited test] INFO  server.SCMDatanodeProtocolServer (SCMDatanodeProtocolServer.java:start(193)) - ScmDatanodeProtocol RPC server for DataNodes is listening at /0.0.0.0:15267
2023-07-05 13:45:01,739 [IPC Server Responder] INFO  ipc.Server (Server.java:run(1562)) - IPC Server Responder: starting
2023-07-05 13:45:01,739 [IPC Server listener on 15267] INFO  ipc.Server (Server.java:run(1402)) - IPC Server listener on 15267: starting
2023-07-05 13:45:01,747 [Time-limited test] INFO  http.BaseHttpServer (BaseHttpServer.java:newHttpServer2BuilderForOzone(224)) - Starting Web-server for scm at: http://0.0.0.0:15268
2023-07-05 13:45:01,748 [Time-limited test] INFO  http.BaseHttpServer (BaseHttpServer.java:<init>(111)) - Hadoop Security Enabled: false Ozone Security Enabled: false Ozone HTTP Security Enabled: false 
2023-07-05 13:45:01,749 [Time-limited test] WARN  server.AuthenticationFilter (AuthenticationFilter.java:constructSecretProvider(240)) - Unable to initialize FileSignerSecretProvider, falling back to use random secrets. Reason: Could not read signature secret file: /home/runner/hadoop-http-auth-signature-secret
2023-07-05 13:45:01,750 [Time-limited test] INFO  http.HttpRequestLog (HttpRequestLog.java:getRequestLog(86)) - Http request log for http.requests.scm is not defined
2023-07-05 13:45:01,751 [Time-limited test] INFO  http.HttpServer2 (HttpServer2.java:addGlobalFilter(1031)) - Added global filter 'safety' (class=org.apache.hadoop.hdds.server.http.HttpServer2$QuotingInputFilter)
2023-07-05 13:45:01,751 [Time-limited test] INFO  http.HttpServer2 (HttpServer2.java:addFilter(1007)) - Added filter static_user_filter (class=org.apache.hadoop.http.lib.StaticUserWebFilter$StaticUserFilter) to context scm
2023-07-05 13:45:01,751 [Time-limited test] INFO  http.HttpServer2 (HttpServer2.java:addFilter(1015)) - Added filter static_user_filter (class=org.apache.hadoop.http.lib.StaticUserWebFilter$StaticUserFilter) to context logs
2023-07-05 13:45:01,751 [Time-limited test] INFO  http.HttpServer2 (HttpServer2.java:addFilter(1015)) - Added filter static_user_filter (class=org.apache.hadoop.http.lib.StaticUserWebFilter$StaticUserFilter) to context static
2023-07-05 13:45:01,752 [Time-limited test] INFO  http.BaseHttpServer (BaseHttpServer.java:<init>(190)) - HTTP server of scm uses base directory /home/runner/work/ozone/ozone/hadoop-ozone/integration-test/target/test-dir/MiniOzoneClusterImpl-b87fbc93-14ec-4c7b-9414-fd1969dd8eca/ozone-meta/webserver
2023-07-05 13:45:01,752 [Time-limited test] INFO  http.HttpServer2 (HttpServer2.java:bindListener(1250)) - Jetty bound to port 15268
2023-07-05 13:45:01,752 [Time-limited test] INFO  server.Server (Server.java:doStart(375)) - jetty-9.4.51.v20230217; built: 2023-02-17T08:19:37.309Z; git: b45c405e4544384de066f814ed42ae3dceacdd49; jvm 1.8.0_372-b07
2023-07-05 13:45:01,752 [JvmPauseMonitor35] INFO  util.JvmPauseMonitor (JvmPauseMonitor.java:run(103)) - JvmPauseMonitor-47eae12c-a120-4c22-86f8-9bcce702211a: Started
2023-07-05 13:45:01,756 [Time-limited test] INFO  server.session (DefaultSessionIdManager.java:doStart(334)) - DefaultSessionIdManager workerName=node0
2023-07-05 13:45:01,757 [Time-limited test] INFO  server.session (DefaultSessionIdManager.java:doStart(339)) - No SessionScavenger set, using defaults
2023-07-05 13:45:01,757 [Time-limited test] INFO  server.session (HouseKeeper.java:startScavenging(132)) - node0 Scavenging every 600000ms
2023-07-05 13:45:01,757 [Time-limited test] INFO  handler.ContextHandler (ContextHandler.java:doStart(921)) - Started o.e.j.s.ServletContextHandler@43061ee2{logs,/logs,file:///home/runner/work/ozone/ozone/hadoop-ozone/integration-test/target/log,AVAILABLE}
2023-07-05 13:45:01,758 [Time-limited test] INFO  handler.ContextHandler (ContextHandler.java:doStart(921)) - Started o.e.j.s.ServletContextHandler@3f5c78f0{static,/static,file:///home/runner/work/ozone/ozone/hadoop-ozone/integration-test/target/test-classes/webapps/static,AVAILABLE}
2023-07-05 13:45:01,761 [Time-limited test] INFO  handler.ContextHandler (ContextHandler.java:doStart(921)) - Started o.e.j.w.WebAppContext@63eaf3fe{scm,/,file:///home/runner/work/ozone/ozone/hadoop-ozone/integration-test/target/test-classes/webapps/scm/,AVAILABLE}{file:/home/runner/work/ozone/ozone/hadoop-ozone/integration-test/target/test-classes/webapps/scm}
2023-07-05 13:45:01,763 [Time-limited test] INFO  server.AbstractConnector (AbstractConnector.java:doStart(333)) - Started ServerConnector@494660d1{HTTP/1.1, (http/1.1)}{0.0.0.0:15268}
2023-07-05 13:45:01,763 [Time-limited test] INFO  server.Server (Server.java:doStart(415)) - Started @211049ms
2023-07-05 13:45:01,763 [Time-limited test] WARN  impl.MetricsSystemImpl (MetricsSystemImpl.java:register(279)) - Sink prometheus already exists!
2023-07-05 13:45:01,764 [Time-limited test] INFO  http.BaseHttpServer (BaseHttpServer.java:updateConnectorAddress(344)) - HTTP server of scm listening at http://0.0.0.0:15268
2023-07-05 13:45:01,764 [Time-limited test] WARN  server.ServerUtils (ServerUtils.java:getDBPath(311)) - ozone.om.db.dirs is not configured. We recommend adding this setting. Falling back to ozone.metadata.dirs instead.
2023-07-05 13:45:01,786 [Time-limited test] INFO  ha.OMHANodeDetails (OMHANodeDetails.java:loadOMHAConfig(115)) - ozone.om.internal.service.id is not defined, falling back to ozone.om.service.ids to find serviceID for OzoneManager if it is HA enabled cluster
2023-07-05 13:45:01,786 [Time-limited test] INFO  ha.OMHANodeDetails (OMHANodeDetails.java:loadOMHAConfig(226)) - Configuration does not have ozone.om.address set. Falling back to the default OM address /127.0.0.1:15269
2023-07-05 13:45:01,786 [Time-limited test] INFO  ha.OMHANodeDetails (OMHANodeDetails.java:getOMNodeDetailsForNonHA(254)) - OM Service ID is not set. Setting it to the default ID: omServiceIdDefault
2023-07-05 13:45:01,786 [Time-limited test] INFO  ha.OMHANodeDetails (OMHANodeDetails.java:getOMNodeDetailsForNonHA(261)) - OM Node ID is not set. Setting it to the default ID: om1
2023-07-05 13:45:01,786 [Time-limited test] WARN  server.ServerUtils (ServerUtils.java:getDBPath(311)) - ozone.om.db.dirs is not configured. We recommend adding this setting. Falling back to ozone.metadata.dirs instead.
2023-07-05 13:45:01,788 [Time-limited test] INFO  upgrade.AbstractLayoutVersionManager (AbstractLayoutVersionManager.java:init(83)) - Initializing Layout version manager with metadata layout = QUOTA (version = 6), software layout = QUOTA (version = 6)
2023-07-05 13:45:01,866 [Time-limited test] INFO  reflections.Reflections (Reflections.java:scan(232)) - Reflections took 77 ms to scan 2 urls, producing 186 keys and 508 values [using 2 cores]
2023-07-05 13:45:01,867 [Time-limited test] INFO  upgrade.OMLayoutVersionManager (OMLayoutVersionManager.java:lambda$0(115)) - Skipping Upgrade Action MockOmUpgradeAction since it has been finalized.
2023-07-05 13:45:01,867 [Time-limited test] INFO  upgrade.OMLayoutVersionManager (OMLayoutVersionManager.java:lambda$0(115)) - Skipping Upgrade Action QuotaRepairUpgradeAction since it has been finalized.
2023-07-05 13:45:01,867 [Time-limited test] WARN  server.ServerUtils (ServerUtils.java:getDBPath(311)) - ozone.om.db.dirs is not configured. We recommend adding this setting. Falling back to ozone.metadata.dirs instead.
2023-07-05 13:45:01,867 [Time-limited test] INFO  proxy.SCMBlockLocationFailoverProxyProvider (SCMBlockLocationFailoverProxyProvider.java:<init>(114)) - Created block location fail-over proxy with 1 nodes: [nodeId=scmNodeId,nodeAddress=/0.0.0.0:15266]
2023-07-05 13:45:01,869 [Time-limited test] INFO  proxy.SCMBlockLocationFailoverProxyProvider (SCMBlockLocationFailoverProxyProvider.java:<init>(114)) - Created block location fail-over proxy with 1 nodes: [nodeId=scmNodeId,nodeAddress=/0.0.0.0:15266]
2023-07-05 13:45:01,882 [Time-limited test] INFO  om.OzoneManager (OzoneManager.java:<init>(658)) - OM start with adminUsers: [runner]
2023-07-05 13:45:01,883 [Time-limited test] WARN  server.ServerUtils (ServerUtils.java:getDBPath(311)) - ozone.om.db.dirs is not configured. We recommend adding this setting. Falling back to ozone.metadata.dirs instead.
2023-07-05 13:45:01,883 [Time-limited test] INFO  helpers.OmKeyInfo (OmKeyInfo.java:getCodec(71)) - OmKeyInfo.getCodec ignorePipeline = true
2023-07-05 13:45:02,107 [Time-limited test] INFO  om.OzoneManager (OzoneManager.java:instantiateServices(787)) - S3 Multi-Tenancy is disabled
2023-07-05 13:45:02,107 [Time-limited test] INFO  om.OmSnapshotManager (OmSnapshotManager.java:<init>(175)) - Ozone filesystem snapshot feature is enabled.
2023-07-05 13:45:02,108 [Time-limited test] WARN  server.ServerUtils (ServerUtils.java:getDBPath(311)) - ozone.om.snapshot.diff.db.dir is not configured. We recommend adding this setting. Falling back to ozone.metadata.dirs instead.
2023-07-05 13:45:02,144 [Time-limited test] INFO  snapshot.SnapshotDiffManager (SnapshotDiffManager.java:closeExecutorService(1699)) - Shutting down executorService: 'SstDumpToolExecutor'
2023-07-05 13:45:02,148 [Time-limited test] INFO  om.OzoneManager (OzoneManager.java:addS3GVolumeToDB(4298)) - Created Volume s3v With Owner runner required for S3Gateway operations.
2023-07-05 13:45:02,148 [Time-limited test] WARN  server.ServerUtils (ServerUtils.java:getDefaultRatisDirectory(323)) - Storage directory for Ratis is not configured. It is a good idea to map this to an SSD disk. Falling back to ozone.metadata.dirs
2023-07-05 13:45:02,148 [Time-limited test] WARN  utils.OzoneManagerRatisUtils (OzoneManagerRatisUtils.java:getOMRatisSnapshotDirectory(461)) - ozone.om.ratis.snapshot.dir is not configured. Falling back to ozone.metadata.dirs config
2023-07-05 13:45:02,149 [Time-limited test] WARN  server.ServerUtils (ServerUtils.java:getDefaultRatisDirectory(323)) - Storage directory for Ratis is not configured. It is a good idea to map this to an SSD disk. Falling back to ozone.metadata.dirs
2023-07-05 13:45:02,150 [Time-limited test] INFO  ratis.OzoneManagerRatisServer (OzoneManagerRatisServer.java:<init>(163)) - Instantiating OM Ratis server with groupID: omServiceIdDefault and peers: localhost:15272
2023-07-05 13:45:02,150 [Time-limited test] INFO  ratis.OzoneManagerStateMachine (OzoneManagerStateMachine.java:loadSnapshotInfoFromDB(670)) - LastAppliedIndex is set from TransactionInfo from OM DB as (t:0, i:~)
2023-07-05 13:45:02,151 [Time-limited test] INFO  server.RaftServer (ConfUtils.java:logGet(46)) - raft.rpc.type = GRPC (default)
2023-07-05 13:45:02,151 [Time-limited test] INFO  grpc.GrpcConfigKeys (ConfUtils.java:logFallback(53)) - raft.grpc.admin.host = null (fallback to raft.grpc.server.host)
2023-07-05 13:45:02,151 [Time-limited test] INFO  grpc.GrpcConfigKeys (ConfUtils.java:logFallback(53)) - raft.grpc.admin.port = 15272 (fallback to raft.grpc.server.port)
2023-07-05 13:45:02,151 [Time-limited test] INFO  grpc.GrpcConfigKeys (ConfUtils.java:logFallback(53)) - raft.grpc.client.host = null (fallback to raft.grpc.server.host)
2023-07-05 13:45:02,151 [Time-limited test] INFO  grpc.GrpcConfigKeys (ConfUtils.java:logFallback(53)) - raft.grpc.client.port = 15272 (fallback to raft.grpc.server.port)
2023-07-05 13:45:02,151 [Time-limited test] INFO  grpc.GrpcConfigKeys (ConfUtils.java:logGet(46)) - raft.grpc.server.host = null (default)
2023-07-05 13:45:02,151 [Time-limited test] INFO  grpc.GrpcConfigKeys (ConfUtils.java:logGet(46)) - raft.grpc.server.port = 15272 (custom)
2023-07-05 13:45:02,152 [Time-limited test] INFO  server.GrpcService (ConfUtils.java:logGet(46)) - raft.grpc.message.size.max = 33554432 (custom)
2023-07-05 13:45:02,152 [Time-limited test] INFO  server.RaftServerConfigKeys (ConfUtils.java:logGet(46)) - raft.server.log.appender.buffer.byte-limit = 33554432 (custom)
2023-07-05 13:45:02,152 [Time-limited test] INFO  server.GrpcService (ConfUtils.java:logGet(46)) - raft.grpc.flow.control.window = 1MB (=1048576) (default)
2023-07-05 13:45:02,152 [Time-limited test] INFO  server.RaftServerConfigKeys (ConfUtils.java:logGet(46)) - raft.server.rpc.request.timeout = 3000ms (default)
2023-07-05 13:45:02,152 [Time-limited test] INFO  grpc.GrpcConfigKeys (ConfUtils.java:logGet(46)) - raft.grpc.server.heartbeat.channel = true (default)
2023-07-05 13:45:02,152 [Time-limited test] INFO  grpc.GrpcConfigKeys (ConfUtils.java:logGet(46)) - raft.grpc.server.async.request.thread.pool.cached = true (default)
2023-07-05 13:45:02,152 [Time-limited test] INFO  grpc.GrpcConfigKeys (ConfUtils.java:logGet(46)) - raft.grpc.server.async.request.thread.pool.size = 32 (default)
2023-07-05 13:45:02,154 [Time-limited test] INFO  impl.DataStreamServerImpl (ConfUtils.java:logGet(46)) - raft.datastream.type = DISABLED (default)
2023-07-05 13:45:02,154 [Time-limited test] INFO  server.RaftServerConfigKeys (ConfUtils.java:logGet(46)) - raft.server.threadpool.proxy.cached = true (default)
2023-07-05 13:45:02,154 [Time-limited test] INFO  server.RaftServerConfigKeys (ConfUtils.java:logGet(46)) - raft.server.threadpool.proxy.size = 0 (default)
2023-07-05 13:45:02,154 [Time-limited test] INFO  server.RaftServerConfigKeys (ConfUtils.java:logGet(46)) - raft.server.rpc.slowness.timeout = 120s (custom)
2023-07-05 13:45:02,154 [Time-limited test] INFO  server.RaftServerConfigKeys (ConfUtils.java:logGet(46)) - raft.server.leaderelection.leader.step-down.wait-time = 10s (default)
2023-07-05 13:45:02,154 [Time-limited test] INFO  server.RaftServerConfigKeys (ConfUtils.java:logGet(46)) - raft.server.storage.dir = [/home/runner/work/ozone/ozone/hadoop-ozone/integration-test/target/test-dir/MiniOzoneClusterImpl-b87fbc93-14ec-4c7b-9414-fd1969dd8eca/ozone-meta/ratis] (custom)
2023-07-05 13:45:02,155 [Time-limited test] INFO  server.RaftServer (RaftServerProxy.java:addNew(98)) - om1: addNew group-C5BA1605619E:[om1|rpc:localhost:15272|priority:0|startupRole:FOLLOWER] returns group-C5BA1605619E:java.util.concurrent.CompletableFuture@3bb206d2[Not completed]
2023-07-05 13:45:02,155 [Time-limited test] INFO  om.OzoneManager (OzoneManager.java:initializeRatisServer(2139)) - OzoneManager Ratis server initialized at port 15272
2023-07-05 13:45:02,155 [om1-groupManagement] INFO  server.RaftServer$Division (RaftServerImpl.java:<init>(198)) - om1: new RaftServerImpl for group-C5BA1605619E:[om1|rpc:localhost:15272|priority:0|startupRole:FOLLOWER] with OzoneManagerStateMachine:uninitialized
2023-07-05 13:45:02,155 [Time-limited test] INFO  om.OzoneManager (OzoneManager.java:getRpcServer(1187)) - Creating RPC Server
2023-07-05 13:45:02,155 [om1-groupManagement] INFO  server.RaftServerConfigKeys (ConfUtils.java:logGet(46)) - raft.server.rpc.timeout.min = 1s (custom)
2023-07-05 13:45:02,155 [om1-groupManagement] INFO  server.RaftServerConfigKeys (ConfUtils.java:logGet(46)) - raft.server.rpc.timeout.max = 1200ms (custom)
2023-07-05 13:45:02,155 [om1-groupManagement] INFO  server.RaftServerConfigKeys (ConfUtils.java:logGet(46)) - raft.server.rpc.sleep.time = 25ms (default)
2023-07-05 13:45:02,155 [om1-groupManagement] INFO  server.RaftServerConfigKeys (ConfUtils.java:logGet(46)) - raft.server.rpc.slowness.timeout = 120s (custom)
2023-07-05 13:45:02,155 [om1-groupManagement] INFO  server.RaftServerConfigKeys (ConfUtils.java:logGet(46)) - raft.server.leaderelection.leader.step-down.wait-time = 10s (default)
2023-07-05 13:45:02,155 [om1-groupManagement] INFO  server.RaftServerConfigKeys (ConfUtils.java:logGet(46)) - raft.server.sleep.deviation.threshold = 300ms (default)
2023-07-05 13:45:02,156 [om1-groupManagement] INFO  server.RaftServer$Division (ServerState.java:<init>(120)) - om1@group-C5BA1605619E: ConfigurationManager, init=-1: peers:[om1|rpc:localhost:15272|priority:0|startupRole:FOLLOWER]|listeners:[], old=null, confs=<EMPTY_MAP>
2023-07-05 13:45:02,156 [om1-groupManagement] INFO  server.RaftServerConfigKeys (ConfUtils.java:logGet(46)) - raft.server.storage.dir = [/home/runner/work/ozone/ozone/hadoop-ozone/integration-test/target/test-dir/MiniOzoneClusterImpl-b87fbc93-14ec-4c7b-9414-fd1969dd8eca/ozone-meta/ratis] (custom)
2023-07-05 13:45:02,156 [om1-groupManagement] INFO  server.RaftServerConfigKeys (ConfUtils.java:logGet(46)) - raft.server.log.corruption.policy = EXCEPTION (default)
2023-07-05 13:45:02,156 [om1-groupManagement] INFO  server.RaftServerConfigKeys (ConfUtils.java:logGet(46)) - raft.server.storage.free-space.min = 0MB (=0) (default)
2023-07-05 13:45:02,156 [om1-groupManagement] INFO  server.RaftServerConfigKeys (ConfUtils.java:logGet(46)) - raft.server.notification.no-leader.timeout = 120s (custom)
2023-07-05 13:45:02,156 [om1-groupManagement] INFO  server.RaftServerConfigKeys (ConfUtils.java:logGet(46)) - raft.server.read.timeout = 10s (default)
2023-07-05 13:45:02,156 [om1-groupManagement] INFO  server.RaftServerConfigKeys (ConfUtils.java:logGet(46)) - raft.server.retrycache.expirytime = 300s (custom)
2023-07-05 13:45:02,156 [om1-groupManagement] INFO  server.RaftServerConfigKeys (ConfUtils.java:logGet(46)) - raft.server.retrycache.statistics.expirytime = 100μs (default)
2023-07-05 13:45:02,156 [om1-groupManagement] INFO  server.RaftServerConfigKeys (ConfUtils.java:logGet(46)) - raft.server.read.option = DEFAULT (default)
2023-07-05 13:45:02,156 [om1-groupManagement] INFO  server.RaftServerConfigKeys (ConfUtils.java:logGet(46)) - raft.server.rpc.request.timeout = 3000ms (default)
2023-07-05 13:45:02,157 [om1-groupManagement] INFO  server.RaftServerConfigKeys (ConfUtils.java:logGet(46)) - raft.server.log.appender.install.snapshot.enabled = false (custom)
2023-07-05 13:45:02,157 [om1-groupManagement] INFO  server.RaftServerConfigKeys (ConfUtils.java:logGet(46)) - raft.server.threadpool.server.cached = true (default)
2023-07-05 13:45:02,157 [om1-groupManagement] INFO  server.RaftServerConfigKeys (ConfUtils.java:logGet(46)) - raft.server.threadpool.server.size = 0 (default)
2023-07-05 13:45:02,157 [om1-groupManagement] INFO  server.RaftServerConfigKeys (ConfUtils.java:logGet(46)) - raft.server.threadpool.client.cached = true (default)
2023-07-05 13:45:02,157 [om1-groupManagement] INFO  server.RaftServerConfigKeys (ConfUtils.java:logGet(46)) - raft.server.threadpool.client.size = 0 (default)
2023-07-05 13:45:02,579 [Time-limited test] INFO  reflections.Reflections (Reflections.java:scan(232)) - Reflections took 423 ms to scan 19 urls, producing 70 keys and 5514 values [using 2 cores]
2023-07-05 13:45:02,580 [Time-limited test] INFO  ipc.CallQueueManager (CallQueueManager.java:<init>(90)) - Using callQueue: class java.util.concurrent.LinkedBlockingQueue, queueCapacity: 2000, scheduler: class org.apache.hadoop.ipc.DefaultRpcScheduler, ipcBackoff: false.
2023-07-05 13:45:02,581 [Time-limited test] INFO  ipc.Server (Server.java:<init>(1287)) - Listener at 127.0.0.1:15269
2023-07-05 13:45:02,582 [Socket Reader #1 for port 15269] INFO  ipc.Server (Server.java:run(1323)) - Starting Socket Reader #1 for port 15269
2023-07-05 13:45:02,605 [Time-limited test] INFO  impl.MetricsSystemImpl (MetricsSystemImpl.java:init(158)) - OzoneManager metrics system started (again)
2023-07-05 13:45:02,618 [Time-limited test] INFO  om.OzoneManager (OzoneManager.java:start(1617)) - OzoneManager RPC server is listening at localhost/127.0.0.1:15269
2023-07-05 13:45:02,618 [Time-limited test] INFO  ratis.OzoneManagerRatisServer (OzoneManagerRatisServer.java:start(558)) - Starting OzoneManagerRatisServer om1 at port 15272
2023-07-05 13:45:02,618 [om1-impl-thread1] INFO  storage.RaftStorageDirectory (RaftStorageDirectoryImpl.java:analyzeStorage(137)) - The storage directory /home/runner/work/ozone/ozone/hadoop-ozone/integration-test/target/test-dir/MiniOzoneClusterImpl-b87fbc93-14ec-4c7b-9414-fd1969dd8eca/ozone-meta/ratis/bf265839-605b-3f16-9796-c5ba1605619e does not exist. Creating ...
2023-07-05 13:45:02,620 [om1-impl-thread1] INFO  storage.RaftStorageDirectory (RaftStorageDirectoryImpl.java:tryLock(231)) - Lock on /home/runner/work/ozone/ozone/hadoop-ozone/integration-test/target/test-dir/MiniOzoneClusterImpl-b87fbc93-14ec-4c7b-9414-fd1969dd8eca/ozone-meta/ratis/bf265839-605b-3f16-9796-c5ba1605619e/in_use.lock acquired by nodename 25537@fv-az264-29
2023-07-05 13:45:02,622 [om1-impl-thread1] INFO  storage.RaftStorage (RaftStorageImpl.java:format(96)) - Storage directory /home/runner/work/ozone/ozone/hadoop-ozone/integration-test/target/test-dir/MiniOzoneClusterImpl-b87fbc93-14ec-4c7b-9414-fd1969dd8eca/ozone-meta/ratis/bf265839-605b-3f16-9796-c5ba1605619e has been successfully formatted.
2023-07-05 13:45:02,622 [om1-impl-thread1] INFO  server.RaftServerConfigKeys (ConfUtils.java:logGet(46)) - raft.server.log.use.memory = false (default)
2023-07-05 13:45:02,622 [om1-impl-thread1] INFO  server.RaftServerConfigKeys (ConfUtils.java:logGet(46)) - raft.server.log.purge.gap = 1000000 (custom)
2023-07-05 13:45:02,622 [om1-impl-thread1] INFO  server.RaftServerConfigKeys (ConfUtils.java:logGet(46)) - raft.server.log.appender.buffer.byte-limit = 33554432 (custom)
2023-07-05 13:45:02,622 [om1-impl-thread1] INFO  server.RaftServerConfigKeys (ConfUtils.java:logGet(46)) - raft.server.log.statemachine.data.read.timeout = 1000ms (default)
2023-07-05 13:45:02,622 [om1-impl-thread1] INFO  server.RaftServerConfigKeys (ConfUtils.java:logGet(46)) - raft.server.log.purge.preservation.log.num = 0 (default)
2023-07-05 13:45:02,622 [om1-impl-thread1] INFO  server.RaftServerConfigKeys (ConfUtils.java:logGet(46)) - raft.server.log.segment.size.max = 4194304 (custom)
2023-07-05 13:45:02,622 [om1-impl-thread1] INFO  server.RaftServerConfigKeys (ConfUtils.java:logGet(46)) - raft.server.log.segment.cache.num.max = 2 (custom)
2023-07-05 13:45:02,622 [om1-impl-thread1] INFO  server.RaftServerConfigKeys (ConfUtils.java:logGet(46)) - raft.server.log.segment.cache.size.max = 200MB (=209715200) (default)
2023-07-05 13:45:02,622 [om1-impl-thread1] INFO  server.RaftServerConfigKeys (ConfUtils.java:logGet(46)) - raft.server.log.appender.buffer.byte-limit = 33554432 (custom)
2023-07-05 13:45:02,622 [om1-impl-thread1] INFO  segmented.SegmentedRaftLogWorker (SegmentedRaftLogWorker.java:<init>(188)) - new om1@group-C5BA1605619E-SegmentedRaftLogWorker for RaftStorageImpl:Storage Directory /home/runner/work/ozone/ozone/hadoop-ozone/integration-test/target/test-dir/MiniOzoneClusterImpl-b87fbc93-14ec-4c7b-9414-fd1969dd8eca/ozone-meta/ratis/bf265839-605b-3f16-9796-c5ba1605619e
2023-07-05 13:45:02,623 [om1-impl-thread1] INFO  server.RaftServerConfigKeys (ConfUtils.java:logGet(46)) - raft.server.log.queue.byte-limit = 64MB (=67108864) (default)
2023-07-05 13:45:02,623 [om1-impl-thread1] INFO  server.RaftServerConfigKeys (ConfUtils.java:logGet(46)) - raft.server.log.queue.element-limit = 4096 (default)
2023-07-05 13:45:02,623 [om1-impl-thread1] INFO  server.RaftServerConfigKeys (ConfUtils.java:logGet(46)) - raft.server.log.segment.size.max = 4194304 (custom)
2023-07-05 13:45:02,623 [om1-impl-thread1] INFO  server.RaftServerConfigKeys (ConfUtils.java:logGet(46)) - raft.server.log.preallocated.size = 4194304 (custom)
2023-07-05 13:45:02,623 [om1-impl-thread1] INFO  server.RaftServerConfigKeys (ConfUtils.java:logGet(46)) - raft.server.log.force.sync.num = 128 (default)
2023-07-05 13:45:02,623 [om1-impl-thread1] INFO  server.RaftServerConfigKeys (ConfUtils.java:logGet(46)) - raft.server.log.statemachine.data.sync = true (default)
2023-07-05 13:45:02,623 [om1-impl-thread1] INFO  server.RaftServerConfigKeys (ConfUtils.java:logGet(46)) - raft.server.log.statemachine.data.sync.timeout = 10s (default)
2023-07-05 13:45:02,623 [om1-impl-thread1] INFO  server.RaftServerConfigKeys (ConfUtils.java:logGet(46)) - raft.server.log.statemachine.data.sync.timeout.retry = -1 (default)
2023-07-05 13:45:02,623 [om1-impl-thread1] INFO  server.RaftServerConfigKeys (ConfUtils.java:logGet(46)) - raft.server.log.write.buffer.size = 64KB (=65536) (default)
2023-07-05 13:45:02,623 [om1-impl-thread1] INFO  server.RaftServerConfigKeys (ConfUtils.java:logGet(46)) - raft.server.log.appender.buffer.byte-limit = 33554432 (custom)
2023-07-05 13:45:02,628 [om1-impl-thread1] INFO  server.RaftServerConfigKeys (ConfUtils.java:logGet(46)) - raft.server.log.unsafe-flush.enabled = false (default)
2023-07-05 13:45:02,628 [om1-impl-thread1] INFO  server.RaftServerConfigKeys (ConfUtils.java:logGet(46)) - raft.server.log.async-flush.enabled = false (default)
2023-07-05 13:45:02,628 [om1-impl-thread1] INFO  server.RaftServerConfigKeys (ConfUtils.java:logGet(46)) - raft.server.log.statemachine.data.caching.enabled = false (default)
2023-07-05 13:45:02,629 [om1-impl-thread1] INFO  segmented.SegmentedRaftLogWorker (SegmentedRaftLogWorker.java:lambda$new$0(135)) - om1@group-C5BA1605619E-SegmentedRaftLogWorker: flushIndex: setUnconditionally 0 -> -1
2023-07-05 13:45:02,629 [om1-impl-thread1] INFO  segmented.SegmentedRaftLogWorker (SegmentedRaftLogWorker.java:lambda$new$0(135)) - om1@group-C5BA1605619E-SegmentedRaftLogWorker: safeCacheEvictIndex: setUnconditionally 0 -> -1
2023-07-05 13:45:02,630 [om1-impl-thread1] INFO  server.RaftServer$Division (RaftServerImpl.java:start(342)) - om1@group-C5BA1605619E: start as a follower, conf=-1: peers:[om1|rpc:localhost:15272|priority:0|startupRole:FOLLOWER]|listeners:[], old=null
2023-07-05 13:45:02,630 [om1-impl-thread1] INFO  server.RaftServer$Division (RaftServerImpl.java:setRole(329)) - om1@group-C5BA1605619E: changes role from      null to FOLLOWER at term 0 for startAsFollower
2023-07-05 13:45:02,630 [om1-impl-thread1] INFO  impl.RoleInfo (RoleInfo.java:updateAndGet(139)) - om1: start om1@group-C5BA1605619E-FollowerState
2023-07-05 13:45:02,633 [om1-impl-thread1] INFO  util.JmxRegister (JmxRegister.java:tryRegister(44)) - Successfully registered JMX Bean with object name Ratis:service=RaftServer,group=group-C5BA1605619E,id=om1
2023-07-05 13:45:02,633 [om1-impl-thread1] INFO  server.RaftServerConfigKeys (ConfUtils.java:logGet(46)) - raft.server.snapshot.auto.trigger.enabled = true (custom)
2023-07-05 13:45:02,633 [om1-impl-thread1] INFO  server.RaftServerConfigKeys (ConfUtils.java:logGet(46)) - raft.server.snapshot.auto.trigger.threshold = 400000 (default)
2023-07-05 13:45:02,633 [om1-impl-thread1] INFO  server.RaftServerConfigKeys (ConfUtils.java:logGet(46)) - raft.server.snapshot.retention.file.num = -1 (default)
2023-07-05 13:45:02,633 [om1-impl-thread1] INFO  server.RaftServerConfigKeys (ConfUtils.java:logGet(46)) - raft.server.log.purge.upto.snapshot.index = true (custom)
2023-07-05 13:45:02,634 [om1@group-C5BA1605619E-FollowerState] INFO  server.RaftServerConfigKeys (ConfUtils.java:logFallback(53)) - raft.server.rpc.first-election.timeout.min = 1s (fallback to raft.server.rpc.timeout.min)
2023-07-05 13:45:02,634 [om1@group-C5BA1605619E-FollowerState] INFO  server.RaftServerConfigKeys (ConfUtils.java:logFallback(53)) - raft.server.rpc.first-election.timeout.max = 1200ms (fallback to raft.server.rpc.timeout.max)
2023-07-05 13:45:02,635 [Time-limited test] INFO  server.RaftServer (RaftServerProxy.java:startImpl(400)) - om1: start RPC server
2023-07-05 13:45:02,638 [Time-limited test] INFO  server.GrpcService (GrpcService.java:startImpl(302)) - om1: GrpcService started, listening on 15272
2023-07-05 13:45:02,638 [JvmPauseMonitor36] INFO  util.JvmPauseMonitor (JvmPauseMonitor.java:run(103)) - JvmPauseMonitor-om1: Started
2023-07-05 13:45:02,638 [Time-limited test] INFO  om.OzoneManager (OzoneManager.java:start(1633)) - Version File has different layout version (6) than OM DB (null). That is expected if this OM has never been finalized to a newer layout version.
2023-07-05 13:45:02,642 [Time-limited test] INFO  http.BaseHttpServer (BaseHttpServer.java:newHttpServer2BuilderForOzone(224)) - Starting Web-server for ozoneManager at: http://0.0.0.0:15270
2023-07-05 13:45:02,642 [Time-limited test] INFO  http.BaseHttpServer (BaseHttpServer.java:<init>(111)) - Hadoop Security Enabled: false Ozone Security Enabled: false Ozone HTTP Security Enabled: false 
2023-07-05 13:45:02,643 [Time-limited test] WARN  server.AuthenticationFilter (AuthenticationFilter.java:constructSecretProvider(240)) - Unable to initialize FileSignerSecretProvider, falling back to use random secrets. Reason: Could not read signature secret file: /home/runner/hadoop-http-auth-signature-secret
2023-07-05 13:45:02,646 [Time-limited test] INFO  http.HttpRequestLog (HttpRequestLog.java:getRequestLog(86)) - Http request log for http.requests.ozoneManager is not defined
2023-07-05 13:45:02,649 [Time-limited test] INFO  http.HttpServer2 (HttpServer2.java:addGlobalFilter(1031)) - Added global filter 'safety' (class=org.apache.hadoop.hdds.server.http.HttpServer2$QuotingInputFilter)
2023-07-05 13:45:02,649 [Time-limited test] INFO  http.HttpServer2 (HttpServer2.java:addFilter(1007)) - Added filter static_user_filter (class=org.apache.hadoop.http.lib.StaticUserWebFilter$StaticUserFilter) to context ozoneManager
2023-07-05 13:45:02,649 [Time-limited test] INFO  http.HttpServer2 (HttpServer2.java:addFilter(1015)) - Added filter static_user_filter (class=org.apache.hadoop.http.lib.StaticUserWebFilter$StaticUserFilter) to context logs
2023-07-05 13:45:02,649 [Time-limited test] INFO  http.HttpServer2 (HttpServer2.java:addFilter(1015)) - Added filter static_user_filter (class=org.apache.hadoop.http.lib.StaticUserWebFilter$StaticUserFilter) to context static
2023-07-05 13:45:02,650 [Time-limited test] INFO  http.BaseHttpServer (BaseHttpServer.java:<init>(190)) - HTTP server of ozoneManager uses base directory /home/runner/work/ozone/ozone/hadoop-ozone/integration-test/target/test-dir/MiniOzoneClusterImpl-b87fbc93-14ec-4c7b-9414-fd1969dd8eca/ozone-meta/webserver
2023-07-05 13:45:02,650 [Time-limited test] INFO  http.HttpServer2 (HttpServer2.java:bindListener(1250)) - Jetty bound to port 15270
2023-07-05 13:45:02,650 [Time-limited test] INFO  server.Server (Server.java:doStart(375)) - jetty-9.4.51.v20230217; built: 2023-02-17T08:19:37.309Z; git: b45c405e4544384de066f814ed42ae3dceacdd49; jvm 1.8.0_372-b07
2023-07-05 13:45:02,651 [Time-limited test] INFO  server.session (DefaultSessionIdManager.java:doStart(334)) - DefaultSessionIdManager workerName=node0
2023-07-05 13:45:02,651 [Time-limited test] INFO  server.session (DefaultSessionIdManager.java:doStart(339)) - No SessionScavenger set, using defaults
2023-07-05 13:45:02,652 [Time-limited test] INFO  server.session (HouseKeeper.java:startScavenging(132)) - node0 Scavenging every 600000ms
2023-07-05 13:45:02,652 [Time-limited test] INFO  handler.ContextHandler (ContextHandler.java:doStart(921)) - Started o.e.j.s.ServletContextHandler@1d0190fb{logs,/logs,file:///home/runner/work/ozone/ozone/hadoop-ozone/integration-test/target/log,AVAILABLE}
2023-07-05 13:45:02,652 [Time-limited test] INFO  handler.ContextHandler (ContextHandler.java:doStart(921)) - Started o.e.j.s.ServletContextHandler@45c47b99{static,/static,file:///home/runner/work/ozone/ozone/hadoop-ozone/integration-test/target/test-classes/webapps/static,AVAILABLE}
2023-07-05 13:45:02,656 [Time-limited test] INFO  handler.ContextHandler (ContextHandler.java:doStart(921)) - Started o.e.j.w.WebAppContext@54a96f20{ozoneManager,/,file:///home/runner/work/ozone/ozone/hadoop-ozone/integration-test/target/test-classes/webapps/ozoneManager/,AVAILABLE}{file:/home/runner/work/ozone/ozone/hadoop-ozone/integration-test/target/test-classes/webapps/ozoneManager}
2023-07-05 13:45:02,657 [Time-limited test] INFO  server.AbstractConnector (AbstractConnector.java:doStart(333)) - Started ServerConnector@f929a57{HTTP/1.1, (http/1.1)}{0.0.0.0:15270}
2023-07-05 13:45:02,657 [Time-limited test] INFO  server.Server (Server.java:doStart(415)) - Started @211944ms
2023-07-05 13:45:02,658 [Time-limited test] WARN  impl.MetricsSystemImpl (MetricsSystemImpl.java:register(279)) - Sink prometheus already exists!
2023-07-05 13:45:02,658 [Time-limited test] INFO  http.BaseHttpServer (BaseHttpServer.java:updateConnectorAddress(344)) - HTTP server of ozoneManager listening at http://0.0.0.0:15270
2023-07-05 13:45:02,658 [IPC Server Responder] INFO  ipc.Server (Server.java:run(1562)) - IPC Server Responder: starting
2023-07-05 13:45:02,659 [IPC Server listener on 15269] INFO  ipc.Server (Server.java:run(1402)) - IPC Server listener on 15269: starting
2023-07-05 13:45:02,666 [Time-limited test] INFO  om.OzoneManager (OzoneManager.java:startTrashEmptier(2092)) - Trash Interval set to 0. Files deleted won't move to trash
2023-07-05 13:45:02,686 [ReplicationMonitor] INFO  replication.ReplicationManager (ReplicationManager.java:processAll(361)) - Replication Manager is not ready to run until 3000ms after safemode exit
2023-07-05 13:45:02,687 [Time-limited test] WARN  impl.MetricRegistriesImpl (MetricRegistriesImpl.java:addReporterRegistration(111)) - New reporters are added after registries were created. Some metrics will be missing from the reporter. Please add reporter before adding any new registry.
2023-07-05 13:45:02,687 [Time-limited test] WARN  impl.MetricRegistriesImpl (MetricRegistriesImpl.java:addReporterRegistration(111)) - New reporters are added after registries were created. Some metrics will be missing from the reporter. Please add reporter before adding any new registry.
2023-07-05 13:45:02,687 [Time-limited test] INFO  impl.MetricsSystemImpl (MetricsSystemImpl.java:init(158)) - HddsDatanode metrics system started (again)
2023-07-05 13:45:02,700 [Time-limited test] INFO  ozone.HddsDatanodeService (HddsDatanodeService.java:start(237)) - HddsDatanodeService host:fv-az264-29.ca02foy5wcnuvlrvrz2wi3p2og.dx.internal.cloudapp.net ip:10.1.0.13
2023-07-05 13:45:02,728 [Time-limited test] INFO  upgrade.AbstractLayoutVersionManager (AbstractLayoutVersionManager.java:init(83)) - Initializing Layout version manager with metadata layout = HADOOP_PRC_PORTS_IN_DATANODEDETAILS (version = 7), software layout = HADOOP_PRC_PORTS_IN_DATANODEDETAILS (version = 7)
2023-07-05 13:45:02,728 [Time-limited test] INFO  statemachine.DatanodeStateMachine (DatanodeStateMachine.java:getEndPointTaskThreadPoolSize(279)) - Datanode State Machine Task Thread Pool size 2
2023-07-05 13:45:02,731 [Time-limited test] INFO  volume.HddsVolume (HddsVolume.java:<init>(133)) - Creating HddsVolume: /home/runner/work/ozone/ozone/hadoop-ozone/integration-test/target/test-dir/MiniOzoneClusterImpl-b87fbc93-14ec-4c7b-9414-fd1969dd8eca/datanode-0/data-0/containers/hdds of storage type : DISK capacity : 9223372036854775807
2023-07-05 13:45:02,731 [Time-limited test] INFO  volume.MutableVolumeSet (MutableVolumeSet.java:initializeVolumeSet(175)) - Added Volume : /home/runner/work/ozone/ozone/hadoop-ozone/integration-test/target/test-dir/MiniOzoneClusterImpl-b87fbc93-14ec-4c7b-9414-fd1969dd8eca/datanode-0/data-0/containers/hdds to VolumeSet
2023-07-05 13:45:02,731 [Time-limited test] INFO  volume.ThrottledAsyncChecker (ThrottledAsyncChecker.java:schedule(141)) - Scheduling a check for /home/runner/work/ozone/ozone/hadoop-ozone/integration-test/target/test-dir/MiniOzoneClusterImpl-b87fbc93-14ec-4c7b-9414-fd1969dd8eca/datanode-0/data-0/containers/hdds
2023-07-05 13:45:02,732 [Time-limited test] INFO  volume.StorageVolumeChecker (StorageVolumeChecker.java:checkAllVolumes(202)) - Scheduled health check for volume /home/runner/work/ozone/ozone/hadoop-ozone/integration-test/target/test-dir/MiniOzoneClusterImpl-b87fbc93-14ec-4c7b-9414-fd1969dd8eca/datanode-0/data-0/containers/hdds
2023-07-05 13:45:02,735 [Time-limited test] INFO  volume.MutableVolumeSet (MutableVolumeSet.java:initializeVolumeSet(175)) - Added Volume : /home/runner/work/ozone/ozone/hadoop-ozone/integration-test/target/test-dir/MiniOzoneClusterImpl-b87fbc93-14ec-4c7b-9414-fd1969dd8eca/datanode-0/data/ratis to VolumeSet
2023-07-05 13:45:02,735 [Time-limited test] INFO  volume.ThrottledAsyncChecker (ThrottledAsyncChecker.java:schedule(141)) - Scheduling a check for /home/runner/work/ozone/ozone/hadoop-ozone/integration-test/target/test-dir/MiniOzoneClusterImpl-b87fbc93-14ec-4c7b-9414-fd1969dd8eca/datanode-0/data/ratis
2023-07-05 13:45:02,735 [Time-limited test] INFO  volume.StorageVolumeChecker (StorageVolumeChecker.java:checkAllVolumes(202)) - Scheduled health check for volume /home/runner/work/ozone/ozone/hadoop-ozone/integration-test/target/test-dir/MiniOzoneClusterImpl-b87fbc93-14ec-4c7b-9414-fd1969dd8eca/datanode-0/data/ratis
2023-07-05 13:45:02,737 [Thread-3073] INFO  ozoneimpl.ContainerReader (ContainerReader.java:readVolume(175)) - Finish verifying containers on volume /home/runner/work/ozone/ozone/hadoop-ozone/integration-test/target/test-dir/MiniOzoneClusterImpl-b87fbc93-14ec-4c7b-9414-fd1969dd8eca/datanode-0/data-0/containers/hdds
2023-07-05 13:45:02,737 [Time-limited test] INFO  ozoneimpl.OzoneContainer (OzoneContainer.java:buildContainerSet(316)) - Build ContainerSet costs 0s
2023-07-05 13:45:02,739 [Time-limited test] INFO  server.RaftServer (ConfUtils.java:logGet(46)) - raft.rpc.type = GRPC (default)
2023-07-05 13:45:02,739 [Time-limited test] INFO  grpc.GrpcConfigKeys (ConfUtils.java:logFallback(53)) - raft.grpc.admin.host = null (fallback to raft.grpc.server.host)
2023-07-05 13:45:02,739 [Time-limited test] INFO  grpc.GrpcConfigKeys (ConfUtils.java:logGet(46)) - raft.grpc.admin.port = 15278 (custom)
2023-07-05 13:45:02,739 [Time-limited test] INFO  grpc.GrpcConfigKeys (ConfUtils.java:logFallback(53)) - raft.grpc.client.host = null (fallback to raft.grpc.server.host)
2023-07-05 13:45:02,739 [Time-limited test] INFO  grpc.GrpcConfigKeys (ConfUtils.java:logGet(46)) - raft.grpc.client.port = 15277 (custom)
2023-07-05 13:45:02,739 [Time-limited test] INFO  grpc.GrpcConfigKeys (ConfUtils.java:logGet(46)) - raft.grpc.server.host = null (default)
2023-07-05 13:45:02,739 [Time-limited test] INFO  grpc.GrpcConfigKeys (ConfUtils.java:logGet(46)) - raft.grpc.server.port = 15279 (custom)
2023-07-05 13:45:02,740 [Time-limited test] INFO  server.GrpcService (ConfUtils.java:logGet(46)) - raft.grpc.message.size.max = 32MB (=33554432) (custom)
2023-07-05 13:45:02,740 [Time-limited test] INFO  server.RaftServerConfigKeys (ConfUtils.java:logGet(46)) - raft.server.log.appender.buffer.byte-limit = 33554432 (custom)
2023-07-05 13:45:02,740 [Time-limited test] INFO  server.GrpcService (ConfUtils.java:logGet(46)) - raft.grpc.flow.control.window = 5MB (=5242880) (custom)
2023-07-05 13:45:02,740 [Time-limited test] INFO  server.RaftServerConfigKeys (ConfUtils.java:logGet(46)) - raft.server.rpc.request.timeout = 60s (custom)
2023-07-05 13:45:02,740 [Time-limited test] INFO  grpc.GrpcConfigKeys (ConfUtils.java:logGet(46)) - raft.grpc.server.heartbeat.channel = true (default)
2023-07-05 13:45:02,740 [Time-limited test] INFO  grpc.GrpcConfigKeys (ConfUtils.java:logGet(46)) - raft.grpc.server.async.request.thread.pool.cached = true (default)
2023-07-05 13:45:02,740 [Time-limited test] INFO  grpc.GrpcConfigKeys (ConfUtils.java:logGet(46)) - raft.grpc.server.async.request.thread.pool.size = 32 (default)
2023-07-05 13:45:02,743 [Time-limited test] INFO  impl.DataStreamServerImpl (ConfUtils.java:logGet(46)) - raft.datastream.type = NETTY (custom)
2023-07-05 13:45:02,743 [Time-limited test] INFO  server.RaftServerConfigKeys (ConfUtils.java:logGet(46)) - raft.server.data-stream.async.request.thread.pool.cached = false (default)
2023-07-05 13:45:02,743 [Time-limited test] INFO  server.RaftServerConfigKeys (ConfUtils.java:logGet(46)) - raft.server.data-stream.async.request.thread.pool.size = 20 (custom)
2023-07-05 13:45:02,743 [Time-limited test] INFO  server.RaftServerConfigKeys (ConfUtils.java:logGet(46)) - raft.server.data-stream.async.write.thread.pool.size = 16 (default)
2023-07-05 13:45:02,743 [Time-limited test] INFO  server.RaftServerConfigKeys (ConfUtils.java:logGet(46)) - raft.server.data-stream.client.pool.size = 10 (default)
2023-07-05 13:45:02,744 [Time-limited test] INFO  netty.NettyConfigKeys$DataStream (ConfUtils.java:logGet(46)) - raft.netty.dataStream.server.use-epoll = false (default)
2023-07-05 13:45:02,744 [Time-limited test] INFO  netty.NettyConfigKeys$DataStream (ConfUtils.java:logGet(46)) - raft.netty.dataStream.server.boss-group.size = 0 (default)
2023-07-05 13:45:02,744 [Time-limited test] INFO  netty.NettyConfigKeys$DataStream (ConfUtils.java:logGet(46)) - raft.netty.dataStream.server.worker-group.size = 0 (default)
2023-07-05 13:45:02,744 [Time-limited test] INFO  netty.NettyConfigKeys$DataStream (ConfUtils.java:logGet(46)) - raft.netty.dataStream.server.tls.conf = null (default)
2023-07-05 13:45:02,744 [Time-limited test] INFO  netty.NettyConfigKeys$DataStream (ConfUtils.java:logGet(46)) - raft.netty.dataStream.host = null (default)
2023-07-05 13:45:02,744 [Time-limited test] INFO  netty.NettyConfigKeys$DataStream (ConfUtils.java:logGet(46)) - raft.netty.dataStream.port = 15280 (custom)
2023-07-05 13:45:02,745 [Time-limited test] INFO  server.RaftServerConfigKeys (ConfUtils.java:logGet(46)) - raft.server.threadpool.proxy.cached = true (default)
2023-07-05 13:45:02,745 [Time-limited test] INFO  server.RaftServerConfigKeys (ConfUtils.java:logGet(46)) - raft.server.threadpool.proxy.size = 0 (default)
2023-07-05 13:45:02,745 [Time-limited test] INFO  server.RaftServerConfigKeys (ConfUtils.java:logGet(46)) - raft.server.rpc.slowness.timeout = 300s (custom)
2023-07-05 13:45:02,745 [cf260cd7-cba0-4bd9-b172-726736faca1b-NettyServerStreamRpc-bossGroup--thread1] INFO  logging.LoggingHandler (AbstractInternalLogger.java:log(148)) - [id: 0xfe63b975] REGISTERED
2023-07-05 13:45:02,745 [Time-limited test] INFO  server.RaftServerConfigKeys (ConfUtils.java:logGet(46)) - raft.server.leaderelection.leader.step-down.wait-time = 10s (default)
2023-07-05 13:45:02,745 [cf260cd7-cba0-4bd9-b172-726736faca1b-NettyServerStreamRpc-bossGroup--thread1] INFO  logging.LoggingHandler (AbstractInternalLogger.java:log(148)) - [id: 0xfe63b975] BIND: 0.0.0.0/0.0.0.0:15280
2023-07-05 13:45:02,745 [Time-limited test] INFO  server.RaftServerConfigKeys (ConfUtils.java:logGet(46)) - raft.server.storage.dir = [/home/runner/work/ozone/ozone/hadoop-ozone/integration-test/target/test-dir/MiniOzoneClusterImpl-b87fbc93-14ec-4c7b-9414-fd1969dd8eca/datanode-0/data/ratis] (custom)
2023-07-05 13:45:02,745 [cf260cd7-cba0-4bd9-b172-726736faca1b-NettyServerStreamRpc-bossGroup--thread1] INFO  logging.LoggingHandler (AbstractInternalLogger.java:log(148)) - [id: 0xfe63b975, L:/0:0:0:0:0:0:0:0:15280] ACTIVE
2023-07-05 13:45:02,748 [Time-limited test] INFO  server.XceiverServerGrpc (XceiverServerGrpc.java:<init>(132)) - GrpcServer channel type EpollServerSocketChannel
2023-07-05 13:45:02,749 [Time-limited test] INFO  replication.ReplicationSupervisor (ReplicationSupervisor.java:nodeStateUpdated(305)) - Node state updated to IN_SERVICE, scaling executor pool size to 10
2023-07-05 13:45:02,751 [Time-limited test] INFO  http.BaseHttpServer (BaseHttpServer.java:newHttpServer2BuilderForOzone(224)) - Starting Web-server for hddsDatanode at: http://0.0.0.0:15274
2023-07-05 13:45:02,751 [Time-limited test] INFO  http.BaseHttpServer (BaseHttpServer.java:<init>(111)) - Hadoop Security Enabled: false Ozone Security Enabled: false Ozone HTTP Security Enabled: false 
2023-07-05 13:45:02,752 [Time-limited test] WARN  server.AuthenticationFilter (AuthenticationFilter.java:constructSecretProvider(240)) - Unable to initialize FileSignerSecretProvider, falling back to use random secrets. Reason: Could not read signature secret file: /home/runner/hadoop-http-auth-signature-secret
2023-07-05 13:45:02,753 [Time-limited test] INFO  http.HttpRequestLog (HttpRequestLog.java:getRequestLog(86)) - Http request log for http.requests.hddsDatanode is not defined
2023-07-05 13:45:02,754 [Time-limited test] INFO  http.HttpServer2 (HttpServer2.java:addGlobalFilter(1031)) - Added global filter 'safety' (class=org.apache.hadoop.hdds.server.http.HttpServer2$QuotingInputFilter)
2023-07-05 13:45:02,754 [Time-limited test] INFO  http.HttpServer2 (HttpServer2.java:addFilter(1007)) - Added filter static_user_filter (class=org.apache.hadoop.http.lib.StaticUserWebFilter$StaticUserFilter) to context hddsDatanode
2023-07-05 13:45:02,754 [Time-limited test] INFO  http.HttpServer2 (HttpServer2.java:addFilter(1015)) - Added filter static_user_filter (class=org.apache.hadoop.http.lib.StaticUserWebFilter$StaticUserFilter) to context logs
2023-07-05 13:45:02,754 [Time-limited test] INFO  http.HttpServer2 (HttpServer2.java:addFilter(1015)) - Added filter static_user_filter (class=org.apache.hadoop.http.lib.StaticUserWebFilter$StaticUserFilter) to context static
2023-07-05 13:45:02,755 [Time-limited test] INFO  http.BaseHttpServer (BaseHttpServer.java:<init>(190)) - HTTP server of hddsDatanode uses base directory /home/runner/work/ozone/ozone/hadoop-ozone/integration-test/target/test-dir/MiniOzoneClusterImpl-b87fbc93-14ec-4c7b-9414-fd1969dd8eca/datanode-0/meta/webserver
2023-07-05 13:45:02,755 [Time-limited test] INFO  http.HttpServer2 (HttpServer2.java:bindListener(1250)) - Jetty bound to port 15274
2023-07-05 13:45:02,755 [Time-limited test] INFO  server.Server (Server.java:doStart(375)) - jetty-9.4.51.v20230217; built: 2023-02-17T08:19:37.309Z; git: b45c405e4544384de066f814ed42ae3dceacdd49; jvm 1.8.0_372-b07
2023-07-05 13:45:02,761 [Time-limited test] INFO  server.session (DefaultSessionIdManager.java:doStart(334)) - DefaultSessionIdManager workerName=node0
2023-07-05 13:45:02,761 [Time-limited test] INFO  server.session (DefaultSessionIdManager.java:doStart(339)) - No SessionScavenger set, using defaults
2023-07-05 13:45:02,761 [Time-limited test] INFO  server.session (HouseKeeper.java:startScavenging(132)) - node0 Scavenging every 600000ms
2023-07-05 13:45:02,762 [Time-limited test] INFO  handler.ContextHandler (ContextHandler.java:doStart(921)) - Started o.e.j.s.ServletContextHandler@6dbdc09c{logs,/logs,file:///home/runner/work/ozone/ozone/hadoop-ozone/integration-test/target/log,AVAILABLE}
2023-07-05 13:45:02,762 [Time-limited test] INFO  handler.ContextHandler (ContextHandler.java:doStart(921)) - Started o.e.j.s.ServletContextHandler@49c42ef1{static,/static,jar:file:/home/runner/.m2/repository/org/apache/ozone/hdds-container-service/1.4.0-SNAPSHOT/hdds-container-service-1.4.0-SNAPSHOT.jar!/webapps/static,AVAILABLE}
2023-07-05 13:45:02,990 [Time-limited test] INFO  handler.ContextHandler (ContextHandler.java:doStart(921)) - Started o.e.j.w.WebAppContext@46fdcda3{hddsDatanode,/,file:///home/runner/work/ozone/ozone/hadoop-ozone/integration-test/target/test-dir/MiniOzoneClusterImpl-b87fbc93-14ec-4c7b-9414-fd1969dd8eca/datanode-0/meta/webserver/jetty-0_0_0_0-15274-hdds-container-service-1_4_0-SNAPSHOT_jar-_-any-7924246239353563786/webapp/,AVAILABLE}{jar:file:/home/runner/.m2/repository/org/apache/ozone/hdds-container-service/1.4.0-SNAPSHOT/hdds-container-service-1.4.0-SNAPSHOT.jar!/webapps/hddsDatanode}
2023-07-05 13:45:02,992 [Time-limited test] INFO  server.AbstractConnector (AbstractConnector.java:doStart(333)) - Started ServerConnector@467e5af2{HTTP/1.1, (http/1.1)}{0.0.0.0:15274}
2023-07-05 13:45:02,992 [Time-limited test] INFO  server.Server (Server.java:doStart(415)) - Started @212278ms
2023-07-05 13:45:02,992 [Time-limited test] WARN  impl.MetricsSystemImpl (MetricsSystemImpl.java:register(279)) - Sink prometheus already exists!
2023-07-05 13:45:02,993 [Time-limited test] INFO  http.BaseHttpServer (BaseHttpServer.java:updateConnectorAddress(344)) - HTTP server of hddsDatanode listening at http://0.0.0.0:15274
2023-07-05 13:45:02,993 [Time-limited test] INFO  ipc.CallQueueManager (CallQueueManager.java:<init>(90)) - Using callQueue: class java.util.concurrent.LinkedBlockingQueue, queueCapacity: 100, scheduler: class org.apache.hadoop.ipc.DefaultRpcScheduler, ipcBackoff: false.
2023-07-05 13:45:02,993 [Time-limited test] INFO  ipc.Server (Server.java:<init>(1287)) - Listener at 0.0.0.0:15275
2023-07-05 13:45:02,994 [Socket Reader #1 for port 15275] INFO  ipc.Server (Server.java:run(1323)) - Starting Socket Reader #1 for port 15275
2023-07-05 13:45:02,997 [Time-limited test] INFO  ozone.HddsDatanodeService (HddsDatanodeService.java:start(315)) - Datanode start with admins: [runner]
2023-07-05 13:45:02,997 [Time-limited test] INFO  ozone.HddsDatanodeClientProtocolServer (HddsDatanodeClientProtocolServer.java:start(72)) - RPC server for Client /0.0.0.0:15275
2023-07-05 13:45:02,997 [IPC Server Responder] INFO  ipc.Server (Server.java:run(1562)) - IPC Server Responder: starting
2023-07-05 13:45:02,997 [Datanode State Machine Daemon Thread] INFO  statemachine.DatanodeStateMachine (DatanodeStateMachine.java:lambda$startDaemon$0(531)) - Ozone container server started.
2023-07-05 13:45:02,997 [Time-limited test] WARN  impl.MetricRegistriesImpl (MetricRegistriesImpl.java:addReporterRegistration(111)) - New reporters are added after registries were created. Some metrics will be missing from the reporter. Please add reporter before adding any new registry.
2023-07-05 13:45:02,997 [Time-limited test] WARN  impl.MetricRegistriesImpl (MetricRegistriesImpl.java:addReporterRegistration(111)) - New reporters are added after registries were created. Some metrics will be missing from the reporter. Please add reporter before adding any new registry.
2023-07-05 13:45:02,997 [Time-limited test] INFO  impl.MetricsSystemImpl (MetricsSystemImpl.java:init(158)) - HddsDatanode metrics system started (again)
2023-07-05 13:45:02,998 [IPC Server listener on 15275] INFO  ipc.Server (Server.java:run(1402)) - IPC Server listener on 15275: starting
2023-07-05 13:45:03,028 [Time-limited test] INFO  ozone.HddsDatanodeService (HddsDatanodeService.java:start(237)) - HddsDatanodeService host:fv-az264-29.ca02foy5wcnuvlrvrz2wi3p2og.dx.internal.cloudapp.net ip:10.1.0.13
2023-07-05 13:45:03,036 [Datanode State Machine Task Thread - 0] INFO  datanode.InitDatanodeState (InitDatanodeState.java:persistContainerDatanodeDetails(138)) - DatanodeDetails is persisted to /home/runner/work/ozone/ozone/hadoop-ozone/integration-test/target/test-dir/MiniOzoneClusterImpl-b87fbc93-14ec-4c7b-9414-fd1969dd8eca/datanode-0/meta/datanode.id
2023-07-05 13:45:03,075 [Time-limited test] INFO  upgrade.AbstractLayoutVersionManager (AbstractLayoutVersionManager.java:init(83)) - Initializing Layout version manager with metadata layout = HADOOP_PRC_PORTS_IN_DATANODEDETAILS (version = 7), software layout = HADOOP_PRC_PORTS_IN_DATANODEDETAILS (version = 7)
2023-07-05 13:45:03,076 [Time-limited test] INFO  statemachine.DatanodeStateMachine (DatanodeStateMachine.java:getEndPointTaskThreadPoolSize(279)) - Datanode State Machine Task Thread Pool size 2
2023-07-05 13:45:03,078 [Time-limited test] INFO  volume.HddsVolume (HddsVolume.java:<init>(133)) - Creating HddsVolume: /home/runner/work/ozone/ozone/hadoop-ozone/integration-test/target/test-dir/MiniOzoneClusterImpl-b87fbc93-14ec-4c7b-9414-fd1969dd8eca/datanode-1/data-0/containers/hdds of storage type : DISK capacity : 9223372036854775807
2023-07-05 13:45:03,078 [Time-limited test] INFO  volume.MutableVolumeSet (MutableVolumeSet.java:initializeVolumeSet(175)) - Added Volume : /home/runner/work/ozone/ozone/hadoop-ozone/integration-test/target/test-dir/MiniOzoneClusterImpl-b87fbc93-14ec-4c7b-9414-fd1969dd8eca/datanode-1/data-0/containers/hdds to VolumeSet
2023-07-05 13:45:03,078 [Time-limited test] INFO  volume.ThrottledAsyncChecker (ThrottledAsyncChecker.java:schedule(141)) - Scheduling a check for /home/runner/work/ozone/ozone/hadoop-ozone/integration-test/target/test-dir/MiniOzoneClusterImpl-b87fbc93-14ec-4c7b-9414-fd1969dd8eca/datanode-1/data-0/containers/hdds
2023-07-05 13:45:03,088 [Time-limited test] INFO  volume.StorageVolumeChecker (StorageVolumeChecker.java:checkAllVolumes(202)) - Scheduled health check for volume /home/runner/work/ozone/ozone/hadoop-ozone/integration-test/target/test-dir/MiniOzoneClusterImpl-b87fbc93-14ec-4c7b-9414-fd1969dd8eca/datanode-1/data-0/containers/hdds
2023-07-05 13:45:03,089 [Time-limited test] INFO  volume.MutableVolumeSet (MutableVolumeSet.java:initializeVolumeSet(175)) - Added Volume : /home/runner/work/ozone/ozone/hadoop-ozone/integration-test/target/test-dir/MiniOzoneClusterImpl-b87fbc93-14ec-4c7b-9414-fd1969dd8eca/datanode-1/data/ratis to VolumeSet
2023-07-05 13:45:03,089 [Time-limited test] INFO  volume.ThrottledAsyncChecker (ThrottledAsyncChecker.java:schedule(141)) - Scheduling a check for /home/runner/work/ozone/ozone/hadoop-ozone/integration-test/target/test-dir/MiniOzoneClusterImpl-b87fbc93-14ec-4c7b-9414-fd1969dd8eca/datanode-1/data/ratis
2023-07-05 13:45:03,089 [Time-limited test] INFO  volume.StorageVolumeChecker (StorageVolumeChecker.java:checkAllVolumes(202)) - Scheduled health check for volume /home/runner/work/ozone/ozone/hadoop-ozone/integration-test/target/test-dir/MiniOzoneClusterImpl-b87fbc93-14ec-4c7b-9414-fd1969dd8eca/datanode-1/data/ratis
2023-07-05 13:45:03,094 [Thread-3090] INFO  ozoneimpl.ContainerReader (ContainerReader.java:readVolume(175)) - Finish verifying containers on volume /home/runner/work/ozone/ozone/hadoop-ozone/integration-test/target/test-dir/MiniOzoneClusterImpl-b87fbc93-14ec-4c7b-9414-fd1969dd8eca/datanode-1/data-0/containers/hdds
2023-07-05 13:45:03,094 [Time-limited test] INFO  ozoneimpl.OzoneContainer (OzoneContainer.java:buildContainerSet(316)) - Build ContainerSet costs 0s
2023-07-05 13:45:03,096 [Time-limited test] INFO  server.RaftServer (ConfUtils.java:logGet(46)) - raft.rpc.type = GRPC (default)
2023-07-05 13:45:03,096 [Time-limited test] INFO  grpc.GrpcConfigKeys (ConfUtils.java:logFallback(53)) - raft.grpc.admin.host = null (fallback to raft.grpc.server.host)
2023-07-05 13:45:03,096 [Time-limited test] INFO  grpc.GrpcConfigKeys (ConfUtils.java:logGet(46)) - raft.grpc.admin.port = 15287 (custom)
2023-07-05 13:45:03,096 [Time-limited test] INFO  grpc.GrpcConfigKeys (ConfUtils.java:logFallback(53)) - raft.grpc.client.host = null (fallback to raft.grpc.server.host)
2023-07-05 13:45:03,096 [Time-limited test] INFO  grpc.GrpcConfigKeys (ConfUtils.java:logGet(46)) - raft.grpc.client.port = 15286 (custom)
2023-07-05 13:45:03,097 [Time-limited test] INFO  grpc.GrpcConfigKeys (ConfUtils.java:logGet(46)) - raft.grpc.server.host = null (default)
2023-07-05 13:45:03,097 [Time-limited test] INFO  grpc.GrpcConfigKeys (ConfUtils.java:logGet(46)) - raft.grpc.server.port = 15288 (custom)
2023-07-05 13:45:03,097 [Time-limited test] INFO  server.GrpcService (ConfUtils.java:logGet(46)) - raft.grpc.message.size.max = 32MB (=33554432) (custom)
2023-07-05 13:45:03,097 [Time-limited test] INFO  server.RaftServerConfigKeys (ConfUtils.java:logGet(46)) - raft.server.log.appender.buffer.byte-limit = 33554432 (custom)
2023-07-05 13:45:03,097 [Time-limited test] INFO  server.GrpcService (ConfUtils.java:logGet(46)) - raft.grpc.flow.control.window = 5MB (=5242880) (custom)
2023-07-05 13:45:03,097 [Time-limited test] INFO  server.RaftServerConfigKeys (ConfUtils.java:logGet(46)) - raft.server.rpc.request.timeout = 60s (custom)
2023-07-05 13:45:03,097 [Time-limited test] INFO  grpc.GrpcConfigKeys (ConfUtils.java:logGet(46)) - raft.grpc.server.heartbeat.channel = true (default)
2023-07-05 13:45:03,097 [Time-limited test] INFO  grpc.GrpcConfigKeys (ConfUtils.java:logGet(46)) - raft.grpc.server.async.request.thread.pool.cached = true (default)
2023-07-05 13:45:03,097 [Time-limited test] INFO  grpc.GrpcConfigKeys (ConfUtils.java:logGet(46)) - raft.grpc.server.async.request.thread.pool.size = 32 (default)
2023-07-05 13:45:03,100 [Time-limited test] INFO  impl.DataStreamServerImpl (ConfUtils.java:logGet(46)) - raft.datastream.type = NETTY (custom)
2023-07-05 13:45:03,100 [Time-limited test] INFO  server.RaftServerConfigKeys (ConfUtils.java:logGet(46)) - raft.server.data-stream.async.request.thread.pool.cached = false (default)
2023-07-05 13:45:03,100 [Time-limited test] INFO  server.RaftServerConfigKeys (ConfUtils.java:logGet(46)) - raft.server.data-stream.async.request.thread.pool.size = 20 (custom)
2023-07-05 13:45:03,100 [Time-limited test] INFO  server.RaftServerConfigKeys (ConfUtils.java:logGet(46)) - raft.server.data-stream.async.write.thread.pool.size = 16 (default)
2023-07-05 13:45:03,100 [Time-limited test] INFO  server.RaftServerConfigKeys (ConfUtils.java:logGet(46)) - raft.server.data-stream.client.pool.size = 10 (default)
2023-07-05 13:45:03,101 [Time-limited test] INFO  netty.NettyConfigKeys$DataStream (ConfUtils.java:logGet(46)) - raft.netty.dataStream.server.use-epoll = false (default)
2023-07-05 13:45:03,101 [Time-limited test] INFO  netty.NettyConfigKeys$DataStream (ConfUtils.java:logGet(46)) - raft.netty.dataStream.server.boss-group.size = 0 (default)
2023-07-05 13:45:03,101 [Time-limited test] INFO  netty.NettyConfigKeys$DataStream (ConfUtils.java:logGet(46)) - raft.netty.dataStream.server.worker-group.size = 0 (default)
2023-07-05 13:45:03,101 [Time-limited test] INFO  netty.NettyConfigKeys$DataStream (ConfUtils.java:logGet(46)) - raft.netty.dataStream.server.tls.conf = null (default)
2023-07-05 13:45:03,101 [Time-limited test] INFO  netty.NettyConfigKeys$DataStream (ConfUtils.java:logGet(46)) - raft.netty.dataStream.host = null (default)
2023-07-05 13:45:03,102 [Time-limited test] INFO  netty.NettyConfigKeys$DataStream (ConfUtils.java:logGet(46)) - raft.netty.dataStream.port = 15289 (custom)
2023-07-05 13:45:03,102 [Time-limited test] INFO  server.RaftServerConfigKeys (ConfUtils.java:logGet(46)) - raft.server.threadpool.proxy.cached = true (default)
2023-07-05 13:45:03,102 [Time-limited test] INFO  server.RaftServerConfigKeys (ConfUtils.java:logGet(46)) - raft.server.threadpool.proxy.size = 0 (default)
2023-07-05 13:45:03,102 [Time-limited test] INFO  server.RaftServerConfigKeys (ConfUtils.java:logGet(46)) - raft.server.rpc.slowness.timeout = 300s (custom)
2023-07-05 13:45:03,102 [Time-limited test] INFO  server.RaftServerConfigKeys (ConfUtils.java:logGet(46)) - raft.server.leaderelection.leader.step-down.wait-time = 10s (default)
2023-07-05 13:45:03,102 [Time-limited test] INFO  server.RaftServerConfigKeys (ConfUtils.java:logGet(46)) - raft.server.storage.dir = [/home/runner/work/ozone/ozone/hadoop-ozone/integration-test/target/test-dir/MiniOzoneClusterImpl-b87fbc93-14ec-4c7b-9414-fd1969dd8eca/datanode-1/data/ratis] (custom)
2023-07-05 13:45:03,103 [b469f820-ca6e-4614-936b-d267e952ce44-NettyServerStreamRpc-bossGroup--thread1] INFO  logging.LoggingHandler (AbstractInternalLogger.java:log(148)) - [id: 0x1df14000] REGISTERED
2023-07-05 13:45:03,103 [b469f820-ca6e-4614-936b-d267e952ce44-NettyServerStreamRpc-bossGroup--thread1] INFO  logging.LoggingHandler (AbstractInternalLogger.java:log(148)) - [id: 0x1df14000] BIND: 0.0.0.0/0.0.0.0:15289
2023-07-05 13:45:03,103 [b469f820-ca6e-4614-936b-d267e952ce44-NettyServerStreamRpc-bossGroup--thread1] INFO  logging.LoggingHandler (AbstractInternalLogger.java:log(148)) - [id: 0x1df14000, L:/0:0:0:0:0:0:0:0:15289] ACTIVE
2023-07-05 13:45:03,104 [Time-limited test] INFO  server.XceiverServerGrpc (XceiverServerGrpc.java:<init>(132)) - GrpcServer channel type EpollServerSocketChannel
2023-07-05 13:45:03,106 [Time-limited test] INFO  replication.ReplicationSupervisor (ReplicationSupervisor.java:nodeStateUpdated(305)) - Node state updated to IN_SERVICE, scaling executor pool size to 10
2023-07-05 13:45:03,110 [Time-limited test] INFO  http.BaseHttpServer (BaseHttpServer.java:newHttpServer2BuilderForOzone(224)) - Starting Web-server for hddsDatanode at: http://0.0.0.0:15283
2023-07-05 13:45:03,110 [Time-limited test] INFO  http.BaseHttpServer (BaseHttpServer.java:<init>(111)) - Hadoop Security Enabled: false Ozone Security Enabled: false Ozone HTTP Security Enabled: false 
2023-07-05 13:45:03,111 [Time-limited test] WARN  server.AuthenticationFilter (AuthenticationFilter.java:constructSecretProvider(240)) - Unable to initialize FileSignerSecretProvider, falling back to use random secrets. Reason: Could not read signature secret file: /home/runner/hadoop-http-auth-signature-secret
2023-07-05 13:45:03,113 [Time-limited test] INFO  http.HttpRequestLog (HttpRequestLog.java:getRequestLog(86)) - Http request log for http.requests.hddsDatanode is not defined
2023-07-05 13:45:03,116 [Time-limited test] INFO  http.HttpServer2 (HttpServer2.java:addGlobalFilter(1031)) - Added global filter 'safety' (class=org.apache.hadoop.hdds.server.http.HttpServer2$QuotingInputFilter)
2023-07-05 13:45:03,117 [Time-limited test] INFO  http.HttpServer2 (HttpServer2.java:addFilter(1007)) - Added filter static_user_filter (class=org.apache.hadoop.http.lib.StaticUserWebFilter$StaticUserFilter) to context hddsDatanode
2023-07-05 13:45:03,117 [Time-limited test] INFO  http.HttpServer2 (HttpServer2.java:addFilter(1015)) - Added filter static_user_filter (class=org.apache.hadoop.http.lib.StaticUserWebFilter$StaticUserFilter) to context logs
2023-07-05 13:45:03,117 [Time-limited test] INFO  http.HttpServer2 (HttpServer2.java:addFilter(1015)) - Added filter static_user_filter (class=org.apache.hadoop.http.lib.StaticUserWebFilter$StaticUserFilter) to context static
2023-07-05 13:45:03,121 [Time-limited test] INFO  http.BaseHttpServer (BaseHttpServer.java:<init>(190)) - HTTP server of hddsDatanode uses base directory /home/runner/work/ozone/ozone/hadoop-ozone/integration-test/target/test-dir/MiniOzoneClusterImpl-b87fbc93-14ec-4c7b-9414-fd1969dd8eca/datanode-1/meta/webserver
2023-07-05 13:45:03,122 [Time-limited test] INFO  http.HttpServer2 (HttpServer2.java:bindListener(1250)) - Jetty bound to port 15283
2023-07-05 13:45:03,122 [Time-limited test] INFO  server.Server (Server.java:doStart(375)) - jetty-9.4.51.v20230217; built: 2023-02-17T08:19:37.309Z; git: b45c405e4544384de066f814ed42ae3dceacdd49; jvm 1.8.0_372-b07
2023-07-05 13:45:03,128 [Time-limited test] INFO  server.session (DefaultSessionIdManager.java:doStart(334)) - DefaultSessionIdManager workerName=node0
2023-07-05 13:45:03,128 [Time-limited test] INFO  server.session (DefaultSessionIdManager.java:doStart(339)) - No SessionScavenger set, using defaults
2023-07-05 13:45:03,128 [Time-limited test] INFO  server.session (HouseKeeper.java:startScavenging(132)) - node0 Scavenging every 660000ms
2023-07-05 13:45:03,128 [Time-limited test] INFO  handler.ContextHandler (ContextHandler.java:doStart(921)) - Started o.e.j.s.ServletContextHandler@604de4b9{logs,/logs,file:///home/runner/work/ozone/ozone/hadoop-ozone/integration-test/target/log,AVAILABLE}
2023-07-05 13:45:03,129 [Time-limited test] INFO  handler.ContextHandler (ContextHandler.java:doStart(921)) - Started o.e.j.s.ServletContextHandler@3d131ac{static,/static,jar:file:/home/runner/.m2/repository/org/apache/ozone/hdds-container-service/1.4.0-SNAPSHOT/hdds-container-service-1.4.0-SNAPSHOT.jar!/webapps/static,AVAILABLE}
2023-07-05 13:45:03,377 [Time-limited test] INFO  handler.ContextHandler (ContextHandler.java:doStart(921)) - Started o.e.j.w.WebAppContext@21dcfb16{hddsDatanode,/,file:///home/runner/work/ozone/ozone/hadoop-ozone/integration-test/target/test-dir/MiniOzoneClusterImpl-b87fbc93-14ec-4c7b-9414-fd1969dd8eca/datanode-1/meta/webserver/jetty-0_0_0_0-15283-hdds-container-service-1_4_0-SNAPSHOT_jar-_-any-8015374297175738559/webapp/,AVAILABLE}{jar:file:/home/runner/.m2/repository/org/apache/ozone/hdds-container-service/1.4.0-SNAPSHOT/hdds-container-service-1.4.0-SNAPSHOT.jar!/webapps/hddsDatanode}
2023-07-05 13:45:03,379 [Time-limited test] INFO  server.AbstractConnector (AbstractConnector.java:doStart(333)) - Started ServerConnector@52efa0cb{HTTP/1.1, (http/1.1)}{0.0.0.0:15283}
2023-07-05 13:45:03,379 [Time-limited test] INFO  server.Server (Server.java:doStart(415)) - Started @212665ms
2023-07-05 13:45:03,379 [Time-limited test] WARN  impl.MetricsSystemImpl (MetricsSystemImpl.java:register(279)) - Sink prometheus already exists!
2023-07-05 13:45:03,380 [Time-limited test] INFO  http.BaseHttpServer (BaseHttpServer.java:updateConnectorAddress(344)) - HTTP server of hddsDatanode listening at http://0.0.0.0:15283
2023-07-05 13:45:03,380 [Time-limited test] INFO  ipc.CallQueueManager (CallQueueManager.java:<init>(90)) - Using callQueue: class java.util.concurrent.LinkedBlockingQueue, queueCapacity: 100, scheduler: class org.apache.hadoop.ipc.DefaultRpcScheduler, ipcBackoff: false.
2023-07-05 13:45:03,380 [Time-limited test] INFO  ipc.Server (Server.java:<init>(1287)) - Listener at 0.0.0.0:15284
2023-07-05 13:45:03,381 [Socket Reader #1 for port 15284] INFO  ipc.Server (Server.java:run(1323)) - Starting Socket Reader #1 for port 15284
2023-07-05 13:45:03,383 [Time-limited test] INFO  ozone.HddsDatanodeService (HddsDatanodeService.java:start(315)) - Datanode start with admins: [runner]
2023-07-05 13:45:03,384 [Time-limited test] INFO  ozone.HddsDatanodeClientProtocolServer (HddsDatanodeClientProtocolServer.java:start(72)) - RPC server for Client /0.0.0.0:15284
2023-07-05 13:45:03,384 [IPC Server Responder] INFO  ipc.Server (Server.java:run(1562)) - IPC Server Responder: starting
2023-07-05 13:45:03,384 [IPC Server listener on 15284] INFO  ipc.Server (Server.java:run(1402)) - IPC Server listener on 15284: starting
2023-07-05 13:45:03,384 [Datanode State Machine Daemon Thread] INFO  statemachine.DatanodeStateMachine (DatanodeStateMachine.java:lambda$startDaemon$0(531)) - Ozone container server started.
2023-07-05 13:45:03,384 [Time-limited test] WARN  impl.MetricRegistriesImpl (MetricRegistriesImpl.java:addReporterRegistration(111)) - New reporters are added after registries were created. Some metrics will be missing from the reporter. Please add reporter before adding any new registry.
2023-07-05 13:45:03,384 [Time-limited test] WARN  impl.MetricRegistriesImpl (MetricRegistriesImpl.java:addReporterRegistration(111)) - New reporters are added after registries were created. Some metrics will be missing from the reporter. Please add reporter before adding any new registry.
2023-07-05 13:45:03,384 [Time-limited test] INFO  impl.MetricsSystemImpl (MetricsSystemImpl.java:init(158)) - HddsDatanode metrics system started (again)
2023-07-05 13:45:03,405 [Datanode State Machine Task Thread - 0] INFO  datanode.InitDatanodeState (InitDatanodeState.java:persistContainerDatanodeDetails(138)) - DatanodeDetails is persisted to /home/runner/work/ozone/ozone/hadoop-ozone/integration-test/target/test-dir/MiniOzoneClusterImpl-b87fbc93-14ec-4c7b-9414-fd1969dd8eca/datanode-1/meta/datanode.id
2023-07-05 13:45:03,406 [Time-limited test] INFO  ozone.HddsDatanodeService (HddsDatanodeService.java:start(237)) - HddsDatanodeService host:fv-az264-29.ca02foy5wcnuvlrvrz2wi3p2og.dx.internal.cloudapp.net ip:10.1.0.13
2023-07-05 13:45:03,446 [Time-limited test] INFO  upgrade.AbstractLayoutVersionManager (AbstractLayoutVersionManager.java:init(83)) - Initializing Layout version manager with metadata layout = HADOOP_PRC_PORTS_IN_DATANODEDETAILS (version = 7), software layout = HADOOP_PRC_PORTS_IN_DATANODEDETAILS (version = 7)
2023-07-05 13:45:03,447 [Time-limited test] INFO  statemachine.DatanodeStateMachine (DatanodeStateMachine.java:getEndPointTaskThreadPoolSize(279)) - Datanode State Machine Task Thread Pool size 2
2023-07-05 13:45:03,448 [Time-limited test] INFO  volume.HddsVolume (HddsVolume.java:<init>(133)) - Creating HddsVolume: /home/runner/work/ozone/ozone/hadoop-ozone/integration-test/target/test-dir/MiniOzoneClusterImpl-b87fbc93-14ec-4c7b-9414-fd1969dd8eca/datanode-2/data-0/containers/hdds of storage type : DISK capacity : 9223372036854775807
2023-07-05 13:45:03,449 [Time-limited test] INFO  volume.MutableVolumeSet (MutableVolumeSet.java:initializeVolumeSet(175)) - Added Volume : /home/runner/work/ozone/ozone/hadoop-ozone/integration-test/target/test-dir/MiniOzoneClusterImpl-b87fbc93-14ec-4c7b-9414-fd1969dd8eca/datanode-2/data-0/containers/hdds to VolumeSet
2023-07-05 13:45:03,449 [Time-limited test] INFO  volume.ThrottledAsyncChecker (ThrottledAsyncChecker.java:schedule(141)) - Scheduling a check for /home/runner/work/ozone/ozone/hadoop-ozone/integration-test/target/test-dir/MiniOzoneClusterImpl-b87fbc93-14ec-4c7b-9414-fd1969dd8eca/datanode-2/data-0/containers/hdds
2023-07-05 13:45:03,449 [Time-limited test] INFO  volume.StorageVolumeChecker (StorageVolumeChecker.java:checkAllVolumes(202)) - Scheduled health check for volume /home/runner/work/ozone/ozone/hadoop-ozone/integration-test/target/test-dir/MiniOzoneClusterImpl-b87fbc93-14ec-4c7b-9414-fd1969dd8eca/datanode-2/data-0/containers/hdds
2023-07-05 13:45:03,452 [Time-limited test] INFO  volume.MutableVolumeSet (MutableVolumeSet.java:initializeVolumeSet(175)) - Added Volume : /home/runner/work/ozone/ozone/hadoop-ozone/integration-test/target/test-dir/MiniOzoneClusterImpl-b87fbc93-14ec-4c7b-9414-fd1969dd8eca/datanode-2/data/ratis to VolumeSet
2023-07-05 13:45:03,452 [Time-limited test] INFO  volume.ThrottledAsyncChecker (ThrottledAsyncChecker.java:schedule(141)) - Scheduling a check for /home/runner/work/ozone/ozone/hadoop-ozone/integration-test/target/test-dir/MiniOzoneClusterImpl-b87fbc93-14ec-4c7b-9414-fd1969dd8eca/datanode-2/data/ratis
2023-07-05 13:45:03,455 [Time-limited test] INFO  volume.StorageVolumeChecker (StorageVolumeChecker.java:checkAllVolumes(202)) - Scheduled health check for volume /home/runner/work/ozone/ozone/hadoop-ozone/integration-test/target/test-dir/MiniOzoneClusterImpl-b87fbc93-14ec-4c7b-9414-fd1969dd8eca/datanode-2/data/ratis
2023-07-05 13:45:03,458 [Thread-3107] INFO  ozoneimpl.ContainerReader (ContainerReader.java:readVolume(175)) - Finish verifying containers on volume /home/runner/work/ozone/ozone/hadoop-ozone/integration-test/target/test-dir/MiniOzoneClusterImpl-b87fbc93-14ec-4c7b-9414-fd1969dd8eca/datanode-2/data-0/containers/hdds
2023-07-05 13:45:03,458 [Time-limited test] INFO  ozoneimpl.OzoneContainer (OzoneContainer.java:buildContainerSet(316)) - Build ContainerSet costs 0s
2023-07-05 13:45:03,460 [Time-limited test] INFO  server.RaftServer (ConfUtils.java:logGet(46)) - raft.rpc.type = GRPC (default)
2023-07-05 13:45:03,460 [Time-limited test] INFO  grpc.GrpcConfigKeys (ConfUtils.java:logFallback(53)) - raft.grpc.admin.host = null (fallback to raft.grpc.server.host)
2023-07-05 13:45:03,460 [Time-limited test] INFO  grpc.GrpcConfigKeys (ConfUtils.java:logGet(46)) - raft.grpc.admin.port = 15296 (custom)
2023-07-05 13:45:03,460 [Time-limited test] INFO  grpc.GrpcConfigKeys (ConfUtils.java:logFallback(53)) - raft.grpc.client.host = null (fallback to raft.grpc.server.host)
2023-07-05 13:45:03,460 [Time-limited test] INFO  grpc.GrpcConfigKeys (ConfUtils.java:logGet(46)) - raft.grpc.client.port = 15295 (custom)
2023-07-05 13:45:03,460 [Time-limited test] INFO  grpc.GrpcConfigKeys (ConfUtils.java:logGet(46)) - raft.grpc.server.host = null (default)
2023-07-05 13:45:03,461 [Time-limited test] INFO  grpc.GrpcConfigKeys (ConfUtils.java:logGet(46)) - raft.grpc.server.port = 15297 (custom)
2023-07-05 13:45:03,461 [Time-limited test] INFO  server.GrpcService (ConfUtils.java:logGet(46)) - raft.grpc.message.size.max = 32MB (=33554432) (custom)
2023-07-05 13:45:03,461 [Time-limited test] INFO  server.RaftServerConfigKeys (ConfUtils.java:logGet(46)) - raft.server.log.appender.buffer.byte-limit = 33554432 (custom)
2023-07-05 13:45:03,461 [Time-limited test] INFO  server.GrpcService (ConfUtils.java:logGet(46)) - raft.grpc.flow.control.window = 5MB (=5242880) (custom)
2023-07-05 13:45:03,461 [Time-limited test] INFO  server.RaftServerConfigKeys (ConfUtils.java:logGet(46)) - raft.server.rpc.request.timeout = 60s (custom)
2023-07-05 13:45:03,461 [Time-limited test] INFO  grpc.GrpcConfigKeys (ConfUtils.java:logGet(46)) - raft.grpc.server.heartbeat.channel = true (default)
2023-07-05 13:45:03,461 [Time-limited test] INFO  grpc.GrpcConfigKeys (ConfUtils.java:logGet(46)) - raft.grpc.server.async.request.thread.pool.cached = true (default)
2023-07-05 13:45:03,461 [Time-limited test] INFO  grpc.GrpcConfigKeys (ConfUtils.java:logGet(46)) - raft.grpc.server.async.request.thread.pool.size = 32 (default)
2023-07-05 13:45:03,464 [Time-limited test] INFO  impl.DataStreamServerImpl (ConfUtils.java:logGet(46)) - raft.datastream.type = NETTY (custom)
2023-07-05 13:45:03,464 [Time-limited test] INFO  server.RaftServerConfigKeys (ConfUtils.java:logGet(46)) - raft.server.data-stream.async.request.thread.pool.cached = false (default)
2023-07-05 13:45:03,464 [Time-limited test] INFO  server.RaftServerConfigKeys (ConfUtils.java:logGet(46)) - raft.server.data-stream.async.request.thread.pool.size = 20 (custom)
2023-07-05 13:45:03,464 [Time-limited test] INFO  server.RaftServerConfigKeys (ConfUtils.java:logGet(46)) - raft.server.data-stream.async.write.thread.pool.size = 16 (default)
2023-07-05 13:45:03,464 [Time-limited test] INFO  server.RaftServerConfigKeys (ConfUtils.java:logGet(46)) - raft.server.data-stream.client.pool.size = 10 (default)
2023-07-05 13:45:03,464 [Time-limited test] INFO  netty.NettyConfigKeys$DataStream (ConfUtils.java:logGet(46)) - raft.netty.dataStream.server.use-epoll = false (default)
2023-07-05 13:45:03,464 [Time-limited test] INFO  netty.NettyConfigKeys$DataStream (ConfUtils.java:logGet(46)) - raft.netty.dataStream.server.boss-group.size = 0 (default)
2023-07-05 13:45:03,464 [Time-limited test] INFO  netty.NettyConfigKeys$DataStream (ConfUtils.java:logGet(46)) - raft.netty.dataStream.server.worker-group.size = 0 (default)
2023-07-05 13:45:03,465 [Time-limited test] INFO  netty.NettyConfigKeys$DataStream (ConfUtils.java:logGet(46)) - raft.netty.dataStream.server.tls.conf = null (default)
2023-07-05 13:45:03,465 [Time-limited test] INFO  netty.NettyConfigKeys$DataStream (ConfUtils.java:logGet(46)) - raft.netty.dataStream.host = null (default)
2023-07-05 13:45:03,465 [Time-limited test] INFO  netty.NettyConfigKeys$DataStream (ConfUtils.java:logGet(46)) - raft.netty.dataStream.port = 15298 (custom)
2023-07-05 13:45:03,465 [Time-limited test] INFO  server.RaftServerConfigKeys (ConfUtils.java:logGet(46)) - raft.server.threadpool.proxy.cached = true (default)
2023-07-05 13:45:03,465 [Time-limited test] INFO  server.RaftServerConfigKeys (ConfUtils.java:logGet(46)) - raft.server.threadpool.proxy.size = 0 (default)
2023-07-05 13:45:03,465 [Time-limited test] INFO  server.RaftServerConfigKeys (ConfUtils.java:logGet(46)) - raft.server.rpc.slowness.timeout = 300s (custom)
2023-07-05 13:45:03,465 [eea920e5-eed2-4ccd-b274-7d8a7cd1384a-NettyServerStreamRpc-bossGroup--thread1] INFO  logging.LoggingHandler (AbstractInternalLogger.java:log(148)) - [id: 0x447d8896] REGISTERED
2023-07-05 13:45:03,466 [Time-limited test] INFO  server.RaftServerConfigKeys (ConfUtils.java:logGet(46)) - raft.server.leaderelection.leader.step-down.wait-time = 10s (default)
2023-07-05 13:45:03,466 [eea920e5-eed2-4ccd-b274-7d8a7cd1384a-NettyServerStreamRpc-bossGroup--thread1] INFO  logging.LoggingHandler (AbstractInternalLogger.java:log(148)) - [id: 0x447d8896] BIND: 0.0.0.0/0.0.0.0:15298
2023-07-05 13:45:03,466 [Time-limited test] INFO  server.RaftServerConfigKeys (ConfUtils.java:logGet(46)) - raft.server.storage.dir = [/home/runner/work/ozone/ozone/hadoop-ozone/integration-test/target/test-dir/MiniOzoneClusterImpl-b87fbc93-14ec-4c7b-9414-fd1969dd8eca/datanode-2/data/ratis] (custom)
2023-07-05 13:45:03,466 [eea920e5-eed2-4ccd-b274-7d8a7cd1384a-NettyServerStreamRpc-bossGroup--thread1] INFO  logging.LoggingHandler (AbstractInternalLogger.java:log(148)) - [id: 0x447d8896, L:/0:0:0:0:0:0:0:0:15298] ACTIVE
2023-07-05 13:45:03,467 [Time-limited test] INFO  server.XceiverServerGrpc (XceiverServerGrpc.java:<init>(132)) - GrpcServer channel type EpollServerSocketChannel
2023-07-05 13:45:03,469 [Time-limited test] INFO  replication.ReplicationSupervisor (ReplicationSupervisor.java:nodeStateUpdated(305)) - Node state updated to IN_SERVICE, scaling executor pool size to 10
2023-07-05 13:45:03,470 [Time-limited test] INFO  http.BaseHttpServer (BaseHttpServer.java:newHttpServer2BuilderForOzone(224)) - Starting Web-server for hddsDatanode at: http://0.0.0.0:15292
2023-07-05 13:45:03,470 [Time-limited test] INFO  http.BaseHttpServer (BaseHttpServer.java:<init>(111)) - Hadoop Security Enabled: false Ozone Security Enabled: false Ozone HTTP Security Enabled: false 
2023-07-05 13:45:03,471 [Time-limited test] WARN  server.AuthenticationFilter (AuthenticationFilter.java:constructSecretProvider(240)) - Unable to initialize FileSignerSecretProvider, falling back to use random secrets. Reason: Could not read signature secret file: /home/runner/hadoop-http-auth-signature-secret
2023-07-05 13:45:03,472 [Time-limited test] INFO  http.HttpRequestLog (HttpRequestLog.java:getRequestLog(86)) - Http request log for http.requests.hddsDatanode is not defined
2023-07-05 13:45:03,473 [Time-limited test] INFO  http.HttpServer2 (HttpServer2.java:addGlobalFilter(1031)) - Added global filter 'safety' (class=org.apache.hadoop.hdds.server.http.HttpServer2$QuotingInputFilter)
2023-07-05 13:45:03,473 [Time-limited test] INFO  http.HttpServer2 (HttpServer2.java:addFilter(1007)) - Added filter static_user_filter (class=org.apache.hadoop.http.lib.StaticUserWebFilter$StaticUserFilter) to context hddsDatanode
2023-07-05 13:45:03,473 [Time-limited test] INFO  http.HttpServer2 (HttpServer2.java:addFilter(1015)) - Added filter static_user_filter (class=org.apache.hadoop.http.lib.StaticUserWebFilter$StaticUserFilter) to context static
2023-07-05 13:45:03,473 [Time-limited test] INFO  http.HttpServer2 (HttpServer2.java:addFilter(1015)) - Added filter static_user_filter (class=org.apache.hadoop.http.lib.StaticUserWebFilter$StaticUserFilter) to context logs
2023-07-05 13:45:03,473 [Time-limited test] INFO  http.BaseHttpServer (BaseHttpServer.java:<init>(190)) - HTTP server of hddsDatanode uses base directory /home/runner/work/ozone/ozone/hadoop-ozone/integration-test/target/test-dir/MiniOzoneClusterImpl-b87fbc93-14ec-4c7b-9414-fd1969dd8eca/datanode-2/meta/webserver
2023-07-05 13:45:03,474 [Time-limited test] INFO  http.HttpServer2 (HttpServer2.java:bindListener(1250)) - Jetty bound to port 15292
2023-07-05 13:45:03,474 [Time-limited test] INFO  server.Server (Server.java:doStart(375)) - jetty-9.4.51.v20230217; built: 2023-02-17T08:19:37.309Z; git: b45c405e4544384de066f814ed42ae3dceacdd49; jvm 1.8.0_372-b07
2023-07-05 13:45:03,475 [Time-limited test] INFO  server.session (DefaultSessionIdManager.java:doStart(334)) - DefaultSessionIdManager workerName=node0
2023-07-05 13:45:03,475 [Time-limited test] INFO  server.session (DefaultSessionIdManager.java:doStart(339)) - No SessionScavenger set, using defaults
2023-07-05 13:45:03,475 [Time-limited test] INFO  server.session (HouseKeeper.java:startScavenging(132)) - node0 Scavenging every 600000ms
2023-07-05 13:45:03,476 [Time-limited test] INFO  handler.ContextHandler (ContextHandler.java:doStart(921)) - Started o.e.j.s.ServletContextHandler@29c6ef48{logs,/logs,file:///home/runner/work/ozone/ozone/hadoop-ozone/integration-test/target/log,AVAILABLE}
2023-07-05 13:45:03,476 [Time-limited test] INFO  handler.ContextHandler (ContextHandler.java:doStart(921)) - Started o.e.j.s.ServletContextHandler@2f301344{static,/static,jar:file:/home/runner/.m2/repository/org/apache/ozone/hdds-container-service/1.4.0-SNAPSHOT/hdds-container-service-1.4.0-SNAPSHOT.jar!/webapps/static,AVAILABLE}
2023-07-05 13:45:03,686 [ReplicationMonitor] INFO  replication.ReplicationManager (ReplicationManager.java:processAll(361)) - Replication Manager is not ready to run until 3000ms after safemode exit
2023-07-05 13:45:03,694 [om1@group-C5BA1605619E-FollowerState] INFO  impl.FollowerState (FollowerState.java:run(143)) - om1@group-C5BA1605619E-FollowerState: change to CANDIDATE, lastRpcElapsedTime:1063652004ns, electionTimeout:1060ms
2023-07-05 13:45:03,694 [om1@group-C5BA1605619E-FollowerState] INFO  impl.RoleInfo (RoleInfo.java:shutdownFollowerState(110)) - om1: shutdown om1@group-C5BA1605619E-FollowerState
2023-07-05 13:45:03,694 [om1@group-C5BA1605619E-FollowerState] INFO  server.RaftServer$Division (RaftServerImpl.java:setRole(329)) - om1@group-C5BA1605619E: changes role from  FOLLOWER to CANDIDATE at term 0 for changeToCandidate
2023-07-05 13:45:03,694 [om1@group-C5BA1605619E-FollowerState] INFO  server.RaftServerConfigKeys (ConfUtils.java:logGet(46)) - raft.server.leaderelection.pre-vote = true (default)
2023-07-05 13:45:03,694 [om1@group-C5BA1605619E-FollowerState] INFO  impl.RoleInfo (RoleInfo.java:updateAndGet(139)) - om1: start om1@group-C5BA1605619E-LeaderElection54
2023-07-05 13:45:03,700 [om1@group-C5BA1605619E-LeaderElection54] INFO  impl.LeaderElection (LeaderElection.java:askForVotes(321)) - om1@group-C5BA1605619E-LeaderElection54 PRE_VOTE round 0: submit vote requests at term 0 for -1: peers:[om1|rpc:localhost:15272|priority:0|startupRole:FOLLOWER]|listeners:[], old=null
2023-07-05 13:45:03,700 [om1@group-C5BA1605619E-LeaderElection54] INFO  impl.LeaderElection (LeaderElection.java:askForVotes(323)) - om1@group-C5BA1605619E-LeaderElection54 PRE_VOTE round 0: result PASSED (term=0)
2023-07-05 13:45:03,702 [om1@group-C5BA1605619E-LeaderElection54] INFO  impl.LeaderElection (LeaderElection.java:askForVotes(321)) - om1@group-C5BA1605619E-LeaderElection54 ELECTION round 0: submit vote requests at term 1 for -1: peers:[om1|rpc:localhost:15272|priority:0|startupRole:FOLLOWER]|listeners:[], old=null
2023-07-05 13:45:03,702 [om1@group-C5BA1605619E-LeaderElection54] INFO  impl.LeaderElection (LeaderElection.java:askForVotes(323)) - om1@group-C5BA1605619E-LeaderElection54 ELECTION round 0: result PASSED (term=1)
2023-07-05 13:45:03,702 [om1@group-C5BA1605619E-LeaderElection54] INFO  impl.RoleInfo (RoleInfo.java:shutdownLeaderElection(130)) - om1: shutdown om1@group-C5BA1605619E-LeaderElection54
2023-07-05 13:45:03,702 [om1@group-C5BA1605619E-LeaderElection54] INFO  server.RaftServer$Division (RaftServerImpl.java:setRole(329)) - om1@group-C5BA1605619E: changes role from CANDIDATE to LEADER at term 1 for changeToLeader
2023-07-05 13:45:03,702 [om1@group-C5BA1605619E-LeaderElection54] INFO  server.RaftServer$Division (ServerState.java:setLeader(317)) - om1@group-C5BA1605619E: change Leader from null to om1 at term 1 for becomeLeader, leader elected after 1546ms
2023-07-05 13:45:03,702 [om1@group-C5BA1605619E-LeaderElection54] INFO  server.RaftServerConfigKeys (ConfUtils.java:logGet(46)) - raft.server.staging.catchup.gap = 1000 (default)
2023-07-05 13:45:03,703 [om1@group-C5BA1605619E-LeaderElection54] INFO  server.RaftServerConfigKeys (ConfUtils.java:logGet(46)) - raft.server.write.element-limit = 4096 (default)
2023-07-05 13:45:03,703 [om1@group-C5BA1605619E-LeaderElection54] INFO  server.RaftServerConfigKeys (ConfUtils.java:logGet(46)) - raft.server.write.byte-limit = 64MB (=67108864) (default)
2023-07-05 13:45:03,703 [om1@group-C5BA1605619E-LeaderElection54] INFO  server.RaftServerConfigKeys (ConfUtils.java:logGet(46)) - raft.server.watch.timeout = 10s (default)
2023-07-05 13:45:03,703 [om1@group-C5BA1605619E-LeaderElection54] INFO  server.RaftServerConfigKeys (ConfUtils.java:logGet(46)) - raft.server.watch.timeout.denomination = 1s (default)
2023-07-05 13:45:03,703 [om1@group-C5BA1605619E-LeaderElection54] INFO  server.RaftServerConfigKeys (ConfUtils.java:logGet(46)) - raft.server.watch.element-limit = 65536 (default)
2023-07-05 13:45:03,703 [om1@group-C5BA1605619E-LeaderElection54] INFO  server.RaftServerConfigKeys (ConfUtils.java:logGet(46)) - raft.server.write.element-limit = 4096 (default)
2023-07-05 13:45:03,703 [om1@group-C5BA1605619E-LeaderElection54] INFO  server.RaftServerConfigKeys (ConfUtils.java:logGet(46)) - raft.server.write.follower.gap.ratio.max = -1.0 (default)
2023-07-05 13:45:03,703 [om1@group-C5BA1605619E-LeaderElection54] INFO  impl.RoleInfo (RoleInfo.java:updateAndGet(139)) - om1: start om1@group-C5BA1605619E-LeaderStateImpl
2023-07-05 13:45:03,703 [om1@group-C5BA1605619E-LeaderElection54] INFO  segmented.SegmentedRaftLogWorker (SegmentedRaftLogWorker.java:startLogSegment(447)) - om1@group-C5BA1605619E-SegmentedRaftLogWorker: Starting segment from index:0
2023-07-05 13:45:03,706 [Time-limited test] INFO  handler.ContextHandler (ContextHandler.java:doStart(921)) - Started o.e.j.w.WebAppContext@e0c01c0{hddsDatanode,/,file:///home/runner/work/ozone/ozone/hadoop-ozone/integration-test/target/test-dir/MiniOzoneClusterImpl-b87fbc93-14ec-4c7b-9414-fd1969dd8eca/datanode-2/meta/webserver/jetty-0_0_0_0-15292-hdds-container-service-1_4_0-SNAPSHOT_jar-_-any-4136233339692603076/webapp/,AVAILABLE}{jar:file:/home/runner/.m2/repository/org/apache/ozone/hdds-container-service/1.4.0-SNAPSHOT/hdds-container-service-1.4.0-SNAPSHOT.jar!/webapps/hddsDatanode}
2023-07-05 13:45:03,715 [Time-limited test] INFO  server.AbstractConnector (AbstractConnector.java:doStart(333)) - Started ServerConnector@d4bb202{HTTP/1.1, (http/1.1)}{0.0.0.0:15292}
2023-07-05 13:45:03,715 [Time-limited test] INFO  server.Server (Server.java:doStart(415)) - Started @213002ms
2023-07-05 13:45:03,715 [Time-limited test] WARN  impl.MetricsSystemImpl (MetricsSystemImpl.java:register(279)) - Sink prometheus already exists!
2023-07-05 13:45:03,717 [Time-limited test] INFO  http.BaseHttpServer (BaseHttpServer.java:updateConnectorAddress(344)) - HTTP server of hddsDatanode listening at http://0.0.0.0:15292
2023-07-05 13:45:03,717 [Time-limited test] INFO  ipc.CallQueueManager (CallQueueManager.java:<init>(90)) - Using callQueue: class java.util.concurrent.LinkedBlockingQueue, queueCapacity: 100, scheduler: class org.apache.hadoop.ipc.DefaultRpcScheduler, ipcBackoff: false.
2023-07-05 13:45:03,717 [Time-limited test] INFO  ipc.Server (Server.java:<init>(1287)) - Listener at 0.0.0.0:15293
2023-07-05 13:45:03,718 [Socket Reader #1 for port 15293] INFO  ipc.Server (Server.java:run(1323)) - Starting Socket Reader #1 for port 15293
2023-07-05 13:45:03,719 [Time-limited test] INFO  ozone.HddsDatanodeService (HddsDatanodeService.java:start(315)) - Datanode start with admins: [runner]
2023-07-05 13:45:03,719 [Time-limited test] INFO  ozone.HddsDatanodeClientProtocolServer (HddsDatanodeClientProtocolServer.java:start(72)) - RPC server for Client /0.0.0.0:15293
2023-07-05 13:45:03,720 [IPC Server Responder] INFO  ipc.Server (Server.java:run(1562)) - IPC Server Responder: starting
2023-07-05 13:45:03,720 [IPC Server listener on 15293] INFO  ipc.Server (Server.java:run(1402)) - IPC Server listener on 15293: starting
2023-07-05 13:45:03,720 [Time-limited test] WARN  impl.MetricRegistriesImpl (MetricRegistriesImpl.java:addReporterRegistration(111)) - New reporters are added after registries were created. Some metrics will be missing from the reporter. Please add reporter before adding any new registry.
2023-07-05 13:45:03,720 [Time-limited test] WARN  impl.MetricRegistriesImpl (MetricRegistriesImpl.java:addReporterRegistration(111)) - New reporters are added after registries were created. Some metrics will be missing from the reporter. Please add reporter before adding any new registry.
2023-07-05 13:45:03,720 [Time-limited test] INFO  impl.MetricsSystemImpl (MetricsSystemImpl.java:init(158)) - HddsDatanode metrics system started (again)
2023-07-05 13:45:03,725 [om1@group-C5BA1605619E-LeaderElection54] INFO  server.RaftServer$Division (ServerState.java:setRaftConf(434)) - om1@group-C5BA1605619E: set configuration 0: peers:[om1|rpc:localhost:15272|admin:|client:|dataStream:|priority:0|startupRole:FOLLOWER]|listeners:[], old=null
2023-07-05 13:45:03,728 [Datanode State Machine Daemon Thread] INFO  statemachine.DatanodeStateMachine (DatanodeStateMachine.java:lambda$startDaemon$0(531)) - Ozone container server started.
2023-07-05 13:45:03,729 [om1@group-C5BA1605619E-SegmentedRaftLogWorker] INFO  segmented.SegmentedRaftLogWorker (SegmentedRaftLogWorker.java:execute(651)) - om1@group-C5BA1605619E-SegmentedRaftLogWorker: created new log segment /home/runner/work/ozone/ozone/hadoop-ozone/integration-test/target/test-dir/MiniOzoneClusterImpl-b87fbc93-14ec-4c7b-9414-fd1969dd8eca/ozone-meta/ratis/bf265839-605b-3f16-9796-c5ba1605619e/current/log_inprogress_0
2023-07-05 13:45:03,733 [om1@group-C5BA1605619E-StateMachineUpdater] INFO  ratis.OzoneManagerStateMachine (OzoneManagerStateMachine.java:notifyConfigurationChanged(201)) - Received Configuration change notification from Ratis. New Peer list:
[id: "om1"
address: "localhost:15272"
startupRole: FOLLOWER
]
2023-07-05 13:45:03,734 [Datanode State Machine Task Thread - 0] INFO  datanode.InitDatanodeState (InitDatanodeState.java:persistContainerDatanodeDetails(138)) - DatanodeDetails is persisted to /home/runner/work/ozone/ozone/hadoop-ozone/integration-test/target/test-dir/MiniOzoneClusterImpl-b87fbc93-14ec-4c7b-9414-fd1969dd8eca/datanode-2/meta/datanode.id
2023-07-05 13:45:03,741 [Time-limited test] INFO  ozone.HddsDatanodeService (HddsDatanodeService.java:start(237)) - HddsDatanodeService host:fv-az264-29.ca02foy5wcnuvlrvrz2wi3p2og.dx.internal.cloudapp.net ip:10.1.0.13
2023-07-05 13:45:03,766 [Time-limited test] INFO  upgrade.AbstractLayoutVersionManager (AbstractLayoutVersionManager.java:init(83)) - Initializing Layout version manager with metadata layout = HADOOP_PRC_PORTS_IN_DATANODEDETAILS (version = 7), software layout = HADOOP_PRC_PORTS_IN_DATANODEDETAILS (version = 7)
2023-07-05 13:45:03,767 [Time-limited test] INFO  statemachine.DatanodeStateMachine (DatanodeStateMachine.java:getEndPointTaskThreadPoolSize(279)) - Datanode State Machine Task Thread Pool size 2
2023-07-05 13:45:03,768 [Time-limited test] INFO  volume.HddsVolume (HddsVolume.java:<init>(133)) - Creating HddsVolume: /home/runner/work/ozone/ozone/hadoop-ozone/integration-test/target/test-dir/MiniOzoneClusterImpl-b87fbc93-14ec-4c7b-9414-fd1969dd8eca/datanode-3/data-0/containers/hdds of storage type : DISK capacity : 9223372036854775807
2023-07-05 13:45:03,769 [Time-limited test] INFO  volume.MutableVolumeSet (MutableVolumeSet.java:initializeVolumeSet(175)) - Added Volume : /home/runner/work/ozone/ozone/hadoop-ozone/integration-test/target/test-dir/MiniOzoneClusterImpl-b87fbc93-14ec-4c7b-9414-fd1969dd8eca/datanode-3/data-0/containers/hdds to VolumeSet
2023-07-05 13:45:03,769 [Time-limited test] INFO  volume.ThrottledAsyncChecker (ThrottledAsyncChecker.java:schedule(141)) - Scheduling a check for /home/runner/work/ozone/ozone/hadoop-ozone/integration-test/target/test-dir/MiniOzoneClusterImpl-b87fbc93-14ec-4c7b-9414-fd1969dd8eca/datanode-3/data-0/containers/hdds
2023-07-05 13:45:03,769 [Time-limited test] INFO  volume.StorageVolumeChecker (StorageVolumeChecker.java:checkAllVolumes(202)) - Scheduled health check for volume /home/runner/work/ozone/ozone/hadoop-ozone/integration-test/target/test-dir/MiniOzoneClusterImpl-b87fbc93-14ec-4c7b-9414-fd1969dd8eca/datanode-3/data-0/containers/hdds
2023-07-05 13:45:03,774 [Time-limited test] INFO  volume.MutableVolumeSet (MutableVolumeSet.java:initializeVolumeSet(175)) - Added Volume : /home/runner/work/ozone/ozone/hadoop-ozone/integration-test/target/test-dir/MiniOzoneClusterImpl-b87fbc93-14ec-4c7b-9414-fd1969dd8eca/datanode-3/data/ratis to VolumeSet
2023-07-05 13:45:03,774 [Time-limited test] INFO  volume.ThrottledAsyncChecker (ThrottledAsyncChecker.java:schedule(141)) - Scheduling a check for /home/runner/work/ozone/ozone/hadoop-ozone/integration-test/target/test-dir/MiniOzoneClusterImpl-b87fbc93-14ec-4c7b-9414-fd1969dd8eca/datanode-3/data/ratis
2023-07-05 13:45:03,774 [Time-limited test] INFO  volume.StorageVolumeChecker (StorageVolumeChecker.java:checkAllVolumes(202)) - Scheduled health check for volume /home/runner/work/ozone/ozone/hadoop-ozone/integration-test/target/test-dir/MiniOzoneClusterImpl-b87fbc93-14ec-4c7b-9414-fd1969dd8eca/datanode-3/data/ratis
2023-07-05 13:45:03,776 [Thread-3126] INFO  ozoneimpl.ContainerReader (ContainerReader.java:readVolume(175)) - Finish verifying containers on volume /home/runner/work/ozone/ozone/hadoop-ozone/integration-test/target/test-dir/MiniOzoneClusterImpl-b87fbc93-14ec-4c7b-9414-fd1969dd8eca/datanode-3/data-0/containers/hdds
2023-07-05 13:45:03,776 [Time-limited test] INFO  ozoneimpl.OzoneContainer (OzoneContainer.java:buildContainerSet(316)) - Build ContainerSet costs 0s
2023-07-05 13:45:03,778 [Time-limited test] INFO  server.RaftServer (ConfUtils.java:logGet(46)) - raft.rpc.type = GRPC (default)
2023-07-05 13:45:03,778 [Time-limited test] INFO  grpc.GrpcConfigKeys (ConfUtils.java:logFallback(53)) - raft.grpc.admin.host = null (fallback to raft.grpc.server.host)
2023-07-05 13:45:03,778 [Time-limited test] INFO  grpc.GrpcConfigKeys (ConfUtils.java:logGet(46)) - raft.grpc.admin.port = 15305 (custom)
2023-07-05 13:45:03,778 [Time-limited test] INFO  grpc.GrpcConfigKeys (ConfUtils.java:logFallback(53)) - raft.grpc.client.host = null (fallback to raft.grpc.server.host)
2023-07-05 13:45:03,778 [Time-limited test] INFO  grpc.GrpcConfigKeys (ConfUtils.java:logGet(46)) - raft.grpc.client.port = 15304 (custom)
2023-07-05 13:45:03,778 [Time-limited test] INFO  grpc.GrpcConfigKeys (ConfUtils.java:logGet(46)) - raft.grpc.server.host = null (default)
2023-07-05 13:45:03,779 [Time-limited test] INFO  grpc.GrpcConfigKeys (ConfUtils.java:logGet(46)) - raft.grpc.server.port = 15306 (custom)
2023-07-05 13:45:03,779 [Time-limited test] INFO  server.GrpcService (ConfUtils.java:logGet(46)) - raft.grpc.message.size.max = 32MB (=33554432) (custom)
2023-07-05 13:45:03,779 [Time-limited test] INFO  server.RaftServerConfigKeys (ConfUtils.java:logGet(46)) - raft.server.log.appender.buffer.byte-limit = 33554432 (custom)
2023-07-05 13:45:03,779 [Time-limited test] INFO  server.GrpcService (ConfUtils.java:logGet(46)) - raft.grpc.flow.control.window = 5MB (=5242880) (custom)
2023-07-05 13:45:03,779 [Time-limited test] INFO  server.RaftServerConfigKeys (ConfUtils.java:logGet(46)) - raft.server.rpc.request.timeout = 60s (custom)
2023-07-05 13:45:03,779 [Time-limited test] INFO  grpc.GrpcConfigKeys (ConfUtils.java:logGet(46)) - raft.grpc.server.heartbeat.channel = true (default)
2023-07-05 13:45:03,779 [Time-limited test] INFO  grpc.GrpcConfigKeys (ConfUtils.java:logGet(46)) - raft.grpc.server.async.request.thread.pool.cached = true (default)
2023-07-05 13:45:03,779 [Time-limited test] INFO  grpc.GrpcConfigKeys (ConfUtils.java:logGet(46)) - raft.grpc.server.async.request.thread.pool.size = 32 (default)
2023-07-05 13:45:03,782 [Time-limited test] INFO  impl.DataStreamServerImpl (ConfUtils.java:logGet(46)) - raft.datastream.type = NETTY (custom)
2023-07-05 13:45:03,782 [Time-limited test] INFO  server.RaftServerConfigKeys (ConfUtils.java:logGet(46)) - raft.server.data-stream.async.request.thread.pool.cached = false (default)
2023-07-05 13:45:03,782 [Time-limited test] INFO  server.RaftServerConfigKeys (ConfUtils.java:logGet(46)) - raft.server.data-stream.async.request.thread.pool.size = 20 (custom)
2023-07-05 13:45:03,782 [Time-limited test] INFO  server.RaftServerConfigKeys (ConfUtils.java:logGet(46)) - raft.server.data-stream.async.write.thread.pool.size = 16 (default)
2023-07-05 13:45:03,782 [Time-limited test] INFO  server.RaftServerConfigKeys (ConfUtils.java:logGet(46)) - raft.server.data-stream.client.pool.size = 10 (default)
2023-07-05 13:45:03,782 [Time-limited test] INFO  netty.NettyConfigKeys$DataStream (ConfUtils.java:logGet(46)) - raft.netty.dataStream.server.use-epoll = false (default)
2023-07-05 13:45:03,783 [Time-limited test] INFO  netty.NettyConfigKeys$DataStream (ConfUtils.java:logGet(46)) - raft.netty.dataStream.server.boss-group.size = 0 (default)
2023-07-05 13:45:03,783 [Time-limited test] INFO  netty.NettyConfigKeys$DataStream (ConfUtils.java:logGet(46)) - raft.netty.dataStream.server.worker-group.size = 0 (default)
2023-07-05 13:45:03,783 [Time-limited test] INFO  netty.NettyConfigKeys$DataStream (ConfUtils.java:logGet(46)) - raft.netty.dataStream.server.tls.conf = null (default)
2023-07-05 13:45:03,783 [Time-limited test] INFO  netty.NettyConfigKeys$DataStream (ConfUtils.java:logGet(46)) - raft.netty.dataStream.host = null (default)
2023-07-05 13:45:03,783 [Time-limited test] INFO  netty.NettyConfigKeys$DataStream (ConfUtils.java:logGet(46)) - raft.netty.dataStream.port = 15307 (custom)
2023-07-05 13:45:03,784 [Time-limited test] INFO  server.RaftServerConfigKeys (ConfUtils.java:logGet(46)) - raft.server.threadpool.proxy.cached = true (default)
2023-07-05 13:45:03,784 [Time-limited test] INFO  server.RaftServerConfigKeys (ConfUtils.java:logGet(46)) - raft.server.threadpool.proxy.size = 0 (default)
2023-07-05 13:45:03,784 [Time-limited test] INFO  server.RaftServerConfigKeys (ConfUtils.java:logGet(46)) - raft.server.rpc.slowness.timeout = 300s (custom)
2023-07-05 13:45:03,784 [6ab841ea-0799-402d-88dc-833ad02962b2-NettyServerStreamRpc-bossGroup--thread1] INFO  logging.LoggingHandler (AbstractInternalLogger.java:log(148)) - [id: 0x0f8adf58] REGISTERED
2023-07-05 13:45:03,784 [Time-limited test] INFO  server.RaftServerConfigKeys (ConfUtils.java:logGet(46)) - raft.server.leaderelection.leader.step-down.wait-time = 10s (default)
2023-07-05 13:45:03,784 [6ab841ea-0799-402d-88dc-833ad02962b2-NettyServerStreamRpc-bossGroup--thread1] INFO  logging.LoggingHandler (AbstractInternalLogger.java:log(148)) - [id: 0x0f8adf58] BIND: 0.0.0.0/0.0.0.0:15307
2023-07-05 13:45:03,784 [Time-limited test] INFO  server.RaftServerConfigKeys (ConfUtils.java:logGet(46)) - raft.server.storage.dir = [/home/runner/work/ozone/ozone/hadoop-ozone/integration-test/target/test-dir/MiniOzoneClusterImpl-b87fbc93-14ec-4c7b-9414-fd1969dd8eca/datanode-3/data/ratis] (custom)
2023-07-05 13:45:03,784 [6ab841ea-0799-402d-88dc-833ad02962b2-NettyServerStreamRpc-bossGroup--thread1] INFO  logging.LoggingHandler (AbstractInternalLogger.java:log(148)) - [id: 0x0f8adf58, L:/0:0:0:0:0:0:0:0:15307] ACTIVE
2023-07-05 13:45:03,785 [Time-limited test] INFO  server.XceiverServerGrpc (XceiverServerGrpc.java:<init>(132)) - GrpcServer channel type EpollServerSocketChannel
2023-07-05 13:45:03,787 [Time-limited test] INFO  replication.ReplicationSupervisor (ReplicationSupervisor.java:nodeStateUpdated(305)) - Node state updated to IN_SERVICE, scaling executor pool size to 10
2023-07-05 13:45:03,789 [Time-limited test] INFO  http.BaseHttpServer (BaseHttpServer.java:newHttpServer2BuilderForOzone(224)) - Starting Web-server for hddsDatanode at: http://0.0.0.0:15301
2023-07-05 13:45:03,789 [Time-limited test] INFO  http.BaseHttpServer (BaseHttpServer.java:<init>(111)) - Hadoop Security Enabled: false Ozone Security Enabled: false Ozone HTTP Security Enabled: false 
2023-07-05 13:45:03,793 [Time-limited test] WARN  server.AuthenticationFilter (AuthenticationFilter.java:constructSecretProvider(240)) - Unable to initialize FileSignerSecretProvider, falling back to use random secrets. Reason: Could not read signature secret file: /home/runner/hadoop-http-auth-signature-secret
2023-07-05 13:45:03,793 [Time-limited test] INFO  http.HttpRequestLog (HttpRequestLog.java:getRequestLog(86)) - Http request log for http.requests.hddsDatanode is not defined
2023-07-05 13:45:03,794 [Time-limited test] INFO  http.HttpServer2 (HttpServer2.java:addGlobalFilter(1031)) - Added global filter 'safety' (class=org.apache.hadoop.hdds.server.http.HttpServer2$QuotingInputFilter)
2023-07-05 13:45:03,795 [Time-limited test] INFO  http.HttpServer2 (HttpServer2.java:addFilter(1007)) - Added filter static_user_filter (class=org.apache.hadoop.http.lib.StaticUserWebFilter$StaticUserFilter) to context hddsDatanode
2023-07-05 13:45:03,795 [Time-limited test] INFO  http.HttpServer2 (HttpServer2.java:addFilter(1015)) - Added filter static_user_filter (class=org.apache.hadoop.http.lib.StaticUserWebFilter$StaticUserFilter) to context static
2023-07-05 13:45:03,795 [Time-limited test] INFO  http.HttpServer2 (HttpServer2.java:addFilter(1015)) - Added filter static_user_filter (class=org.apache.hadoop.http.lib.StaticUserWebFilter$StaticUserFilter) to context logs
2023-07-05 13:45:03,795 [Time-limited test] INFO  http.BaseHttpServer (BaseHttpServer.java:<init>(190)) - HTTP server of hddsDatanode uses base directory /home/runner/work/ozone/ozone/hadoop-ozone/integration-test/target/test-dir/MiniOzoneClusterImpl-b87fbc93-14ec-4c7b-9414-fd1969dd8eca/datanode-3/meta/webserver
2023-07-05 13:45:03,795 [Time-limited test] INFO  http.HttpServer2 (HttpServer2.java:bindListener(1250)) - Jetty bound to port 15301
2023-07-05 13:45:03,796 [Time-limited test] INFO  server.Server (Server.java:doStart(375)) - jetty-9.4.51.v20230217; built: 2023-02-17T08:19:37.309Z; git: b45c405e4544384de066f814ed42ae3dceacdd49; jvm 1.8.0_372-b07
2023-07-05 13:45:03,797 [Time-limited test] INFO  server.session (DefaultSessionIdManager.java:doStart(334)) - DefaultSessionIdManager workerName=node0
2023-07-05 13:45:03,797 [Time-limited test] INFO  server.session (DefaultSessionIdManager.java:doStart(339)) - No SessionScavenger set, using defaults
2023-07-05 13:45:03,800 [Time-limited test] INFO  server.session (HouseKeeper.java:startScavenging(132)) - node0 Scavenging every 600000ms
2023-07-05 13:45:03,802 [Time-limited test] INFO  handler.ContextHandler (ContextHandler.java:doStart(921)) - Started o.e.j.s.ServletContextHandler@ffb06f9{logs,/logs,file:///home/runner/work/ozone/ozone/hadoop-ozone/integration-test/target/log,AVAILABLE}
2023-07-05 13:45:03,803 [Time-limited test] INFO  handler.ContextHandler (ContextHandler.java:doStart(921)) - Started o.e.j.s.ServletContextHandler@20df4d4e{static,/static,jar:file:/home/runner/.m2/repository/org/apache/ozone/hdds-container-service/1.4.0-SNAPSHOT/hdds-container-service-1.4.0-SNAPSHOT.jar!/webapps/static,AVAILABLE}
2023-07-05 13:45:04,094 [Time-limited test] INFO  handler.ContextHandler (ContextHandler.java:doStart(921)) - Started o.e.j.w.WebAppContext@2386687e{hddsDatanode,/,file:///home/runner/work/ozone/ozone/hadoop-ozone/integration-test/target/test-dir/MiniOzoneClusterImpl-b87fbc93-14ec-4c7b-9414-fd1969dd8eca/datanode-3/meta/webserver/jetty-0_0_0_0-15301-hdds-container-service-1_4_0-SNAPSHOT_jar-_-any-9040399396337033183/webapp/,AVAILABLE}{jar:file:/home/runner/.m2/repository/org/apache/ozone/hdds-container-service/1.4.0-SNAPSHOT/hdds-container-service-1.4.0-SNAPSHOT.jar!/webapps/hddsDatanode}
2023-07-05 13:45:04,096 [Time-limited test] INFO  server.AbstractConnector (AbstractConnector.java:doStart(333)) - Started ServerConnector@70c6dc2d{HTTP/1.1, (http/1.1)}{0.0.0.0:15301}
2023-07-05 13:45:04,096 [Time-limited test] INFO  server.Server (Server.java:doStart(415)) - Started @213383ms
2023-07-05 13:45:04,096 [Time-limited test] WARN  impl.MetricsSystemImpl (MetricsSystemImpl.java:register(279)) - Sink prometheus already exists!
2023-07-05 13:45:04,097 [Time-limited test] INFO  http.BaseHttpServer (BaseHttpServer.java:updateConnectorAddress(344)) - HTTP server of hddsDatanode listening at http://0.0.0.0:15301
2023-07-05 13:45:04,097 [Time-limited test] INFO  ipc.CallQueueManager (CallQueueManager.java:<init>(90)) - Using callQueue: class java.util.concurrent.LinkedBlockingQueue, queueCapacity: 100, scheduler: class org.apache.hadoop.ipc.DefaultRpcScheduler, ipcBackoff: false.
2023-07-05 13:45:04,098 [Time-limited test] INFO  ipc.Server (Server.java:<init>(1287)) - Listener at 0.0.0.0:15302
2023-07-05 13:45:04,099 [Socket Reader #1 for port 15302] INFO  ipc.Server (Server.java:run(1323)) - Starting Socket Reader #1 for port 15302
2023-07-05 13:45:04,104 [Time-limited test] INFO  ozone.HddsDatanodeService (HddsDatanodeService.java:start(315)) - Datanode start with admins: [runner]
2023-07-05 13:45:04,104 [Time-limited test] INFO  ozone.HddsDatanodeClientProtocolServer (HddsDatanodeClientProtocolServer.java:start(72)) - RPC server for Client /0.0.0.0:15302
2023-07-05 13:45:04,104 [IPC Server Responder] INFO  ipc.Server (Server.java:run(1562)) - IPC Server Responder: starting
2023-07-05 13:45:04,104 [Datanode State Machine Daemon Thread] INFO  statemachine.DatanodeStateMachine (DatanodeStateMachine.java:lambda$startDaemon$0(531)) - Ozone container server started.
2023-07-05 13:45:04,104 [Time-limited test] WARN  impl.MetricRegistriesImpl (MetricRegistriesImpl.java:addReporterRegistration(111)) - New reporters are added after registries were created. Some metrics will be missing from the reporter. Please add reporter before adding any new registry.
2023-07-05 13:45:04,105 [Time-limited test] WARN  impl.MetricRegistriesImpl (MetricRegistriesImpl.java:addReporterRegistration(111)) - New reporters are added after registries were created. Some metrics will be missing from the reporter. Please add reporter before adding any new registry.
2023-07-05 13:45:04,105 [Time-limited test] INFO  impl.MetricsSystemImpl (MetricsSystemImpl.java:init(158)) - HddsDatanode metrics system started (again)
2023-07-05 13:45:04,106 [IPC Server listener on 15302] INFO  ipc.Server (Server.java:run(1402)) - IPC Server listener on 15302: starting
2023-07-05 13:45:04,122 [Datanode State Machine Task Thread - 0] INFO  datanode.InitDatanodeState (InitDatanodeState.java:persistContainerDatanodeDetails(138)) - DatanodeDetails is persisted to /home/runner/work/ozone/ozone/hadoop-ozone/integration-test/target/test-dir/MiniOzoneClusterImpl-b87fbc93-14ec-4c7b-9414-fd1969dd8eca/datanode-3/meta/datanode.id
2023-07-05 13:45:04,123 [Time-limited test] INFO  ozone.HddsDatanodeService (HddsDatanodeService.java:start(237)) - HddsDatanodeService host:fv-az264-29.ca02foy5wcnuvlrvrz2wi3p2og.dx.internal.cloudapp.net ip:10.1.0.13
2023-07-05 13:45:04,150 [Time-limited test] INFO  upgrade.AbstractLayoutVersionManager (AbstractLayoutVersionManager.java:init(83)) - Initializing Layout version manager with metadata layout = HADOOP_PRC_PORTS_IN_DATANODEDETAILS (version = 7), software layout = HADOOP_PRC_PORTS_IN_DATANODEDETAILS (version = 7)
2023-07-05 13:45:04,150 [Time-limited test] INFO  statemachine.DatanodeStateMachine (DatanodeStateMachine.java:getEndPointTaskThreadPoolSize(279)) - Datanode State Machine Task Thread Pool size 2
2023-07-05 13:45:04,157 [Time-limited test] INFO  volume.HddsVolume (HddsVolume.java:<init>(133)) - Creating HddsVolume: /home/runner/work/ozone/ozone/hadoop-ozone/integration-test/target/test-dir/MiniOzoneClusterImpl-b87fbc93-14ec-4c7b-9414-fd1969dd8eca/datanode-4/data-0/containers/hdds of storage type : DISK capacity : 9223372036854775807
2023-07-05 13:45:04,157 [Time-limited test] INFO  volume.MutableVolumeSet (MutableVolumeSet.java:initializeVolumeSet(175)) - Added Volume : /home/runner/work/ozone/ozone/hadoop-ozone/integration-test/target/test-dir/MiniOzoneClusterImpl-b87fbc93-14ec-4c7b-9414-fd1969dd8eca/datanode-4/data-0/containers/hdds to VolumeSet
2023-07-05 13:45:04,157 [Time-limited test] INFO  volume.ThrottledAsyncChecker (ThrottledAsyncChecker.java:schedule(141)) - Scheduling a check for /home/runner/work/ozone/ozone/hadoop-ozone/integration-test/target/test-dir/MiniOzoneClusterImpl-b87fbc93-14ec-4c7b-9414-fd1969dd8eca/datanode-4/data-0/containers/hdds
2023-07-05 13:45:04,158 [Time-limited test] INFO  volume.StorageVolumeChecker (StorageVolumeChecker.java:checkAllVolumes(202)) - Scheduled health check for volume /home/runner/work/ozone/ozone/hadoop-ozone/integration-test/target/test-dir/MiniOzoneClusterImpl-b87fbc93-14ec-4c7b-9414-fd1969dd8eca/datanode-4/data-0/containers/hdds
2023-07-05 13:45:04,161 [Time-limited test] INFO  volume.MutableVolumeSet (MutableVolumeSet.java:initializeVolumeSet(175)) - Added Volume : /home/runner/work/ozone/ozone/hadoop-ozone/integration-test/target/test-dir/MiniOzoneClusterImpl-b87fbc93-14ec-4c7b-9414-fd1969dd8eca/datanode-4/data/ratis to VolumeSet
2023-07-05 13:45:04,161 [Time-limited test] INFO  volume.ThrottledAsyncChecker (ThrottledAsyncChecker.java:schedule(141)) - Scheduling a check for /home/runner/work/ozone/ozone/hadoop-ozone/integration-test/target/test-dir/MiniOzoneClusterImpl-b87fbc93-14ec-4c7b-9414-fd1969dd8eca/datanode-4/data/ratis
2023-07-05 13:45:04,162 [Time-limited test] INFO  volume.StorageVolumeChecker (StorageVolumeChecker.java:checkAllVolumes(202)) - Scheduled health check for volume /home/runner/work/ozone/ozone/hadoop-ozone/integration-test/target/test-dir/MiniOzoneClusterImpl-b87fbc93-14ec-4c7b-9414-fd1969dd8eca/datanode-4/data/ratis
2023-07-05 13:45:04,166 [Thread-3143] INFO  ozoneimpl.ContainerReader (ContainerReader.java:readVolume(175)) - Finish verifying containers on volume /home/runner/work/ozone/ozone/hadoop-ozone/integration-test/target/test-dir/MiniOzoneClusterImpl-b87fbc93-14ec-4c7b-9414-fd1969dd8eca/datanode-4/data-0/containers/hdds
2023-07-05 13:45:04,166 [Time-limited test] INFO  ozoneimpl.OzoneContainer (OzoneContainer.java:buildContainerSet(316)) - Build ContainerSet costs 0s
2023-07-05 13:45:04,168 [Time-limited test] INFO  server.RaftServer (ConfUtils.java:logGet(46)) - raft.rpc.type = GRPC (default)
2023-07-05 13:45:04,168 [Time-limited test] INFO  grpc.GrpcConfigKeys (ConfUtils.java:logFallback(53)) - raft.grpc.admin.host = null (fallback to raft.grpc.server.host)
2023-07-05 13:45:04,168 [Time-limited test] INFO  grpc.GrpcConfigKeys (ConfUtils.java:logGet(46)) - raft.grpc.admin.port = 15314 (custom)
2023-07-05 13:45:04,168 [Time-limited test] INFO  grpc.GrpcConfigKeys (ConfUtils.java:logFallback(53)) - raft.grpc.client.host = null (fallback to raft.grpc.server.host)
2023-07-05 13:45:04,168 [Time-limited test] INFO  grpc.GrpcConfigKeys (ConfUtils.java:logGet(46)) - raft.grpc.client.port = 15313 (custom)
2023-07-05 13:45:04,168 [Time-limited test] INFO  grpc.GrpcConfigKeys (ConfUtils.java:logGet(46)) - raft.grpc.server.host = null (default)
2023-07-05 13:45:04,170 [Time-limited test] INFO  grpc.GrpcConfigKeys (ConfUtils.java:logGet(46)) - raft.grpc.server.port = 15315 (custom)
2023-07-05 13:45:04,171 [Time-limited test] INFO  server.GrpcService (ConfUtils.java:logGet(46)) - raft.grpc.message.size.max = 32MB (=33554432) (custom)
2023-07-05 13:45:04,171 [Time-limited test] INFO  server.RaftServerConfigKeys (ConfUtils.java:logGet(46)) - raft.server.log.appender.buffer.byte-limit = 33554432 (custom)
2023-07-05 13:45:04,171 [Time-limited test] INFO  server.GrpcService (ConfUtils.java:logGet(46)) - raft.grpc.flow.control.window = 5MB (=5242880) (custom)
2023-07-05 13:45:04,171 [Time-limited test] INFO  server.RaftServerConfigKeys (ConfUtils.java:logGet(46)) - raft.server.rpc.request.timeout = 60s (custom)
2023-07-05 13:45:04,171 [Time-limited test] INFO  grpc.GrpcConfigKeys (ConfUtils.java:logGet(46)) - raft.grpc.server.heartbeat.channel = true (default)
2023-07-05 13:45:04,171 [Time-limited test] INFO  grpc.GrpcConfigKeys (ConfUtils.java:logGet(46)) - raft.grpc.server.async.request.thread.pool.cached = true (default)
2023-07-05 13:45:04,172 [Time-limited test] INFO  grpc.GrpcConfigKeys (ConfUtils.java:logGet(46)) - raft.grpc.server.async.request.thread.pool.size = 32 (default)
2023-07-05 13:45:04,177 [Time-limited test] INFO  impl.DataStreamServerImpl (ConfUtils.java:logGet(46)) - raft.datastream.type = NETTY (custom)
2023-07-05 13:45:04,177 [Time-limited test] INFO  server.RaftServerConfigKeys (ConfUtils.java:logGet(46)) - raft.server.data-stream.async.request.thread.pool.cached = false (default)
2023-07-05 13:45:04,177 [Time-limited test] INFO  server.RaftServerConfigKeys (ConfUtils.java:logGet(46)) - raft.server.data-stream.async.request.thread.pool.size = 20 (custom)
2023-07-05 13:45:04,178 [Time-limited test] INFO  server.RaftServerConfigKeys (ConfUtils.java:logGet(46)) - raft.server.data-stream.async.write.thread.pool.size = 16 (default)
2023-07-05 13:45:04,178 [Time-limited test] INFO  server.RaftServerConfigKeys (ConfUtils.java:logGet(46)) - raft.server.data-stream.client.pool.size = 10 (default)
2023-07-05 13:45:04,178 [Time-limited test] INFO  netty.NettyConfigKeys$DataStream (ConfUtils.java:logGet(46)) - raft.netty.dataStream.server.use-epoll = false (default)
2023-07-05 13:45:04,178 [Time-limited test] INFO  netty.NettyConfigKeys$DataStream (ConfUtils.java:logGet(46)) - raft.netty.dataStream.server.boss-group.size = 0 (default)
2023-07-05 13:45:04,178 [Time-limited test] INFO  netty.NettyConfigKeys$DataStream (ConfUtils.java:logGet(46)) - raft.netty.dataStream.server.worker-group.size = 0 (default)
2023-07-05 13:45:04,178 [Time-limited test] INFO  netty.NettyConfigKeys$DataStream (ConfUtils.java:logGet(46)) - raft.netty.dataStream.server.tls.conf = null (default)
2023-07-05 13:45:04,179 [Time-limited test] INFO  netty.NettyConfigKeys$DataStream (ConfUtils.java:logGet(46)) - raft.netty.dataStream.host = null (default)
2023-07-05 13:45:04,179 [Time-limited test] INFO  netty.NettyConfigKeys$DataStream (ConfUtils.java:logGet(46)) - raft.netty.dataStream.port = 15316 (custom)
2023-07-05 13:45:04,179 [Time-limited test] INFO  server.RaftServerConfigKeys (ConfUtils.java:logGet(46)) - raft.server.threadpool.proxy.cached = true (default)
2023-07-05 13:45:04,179 [Time-limited test] INFO  server.RaftServerConfigKeys (ConfUtils.java:logGet(46)) - raft.server.threadpool.proxy.size = 0 (default)
2023-07-05 13:45:04,179 [Time-limited test] INFO  server.RaftServerConfigKeys (ConfUtils.java:logGet(46)) - raft.server.rpc.slowness.timeout = 300s (custom)
2023-07-05 13:45:04,179 [Time-limited test] INFO  server.RaftServerConfigKeys (ConfUtils.java:logGet(46)) - raft.server.leaderelection.leader.step-down.wait-time = 10s (default)
2023-07-05 13:45:04,179 [Time-limited test] INFO  server.RaftServerConfigKeys (ConfUtils.java:logGet(46)) - raft.server.storage.dir = [/home/runner/work/ozone/ozone/hadoop-ozone/integration-test/target/test-dir/MiniOzoneClusterImpl-b87fbc93-14ec-4c7b-9414-fd1969dd8eca/datanode-4/data/ratis] (custom)
2023-07-05 13:45:04,180 [bdd24332-ebf5-4592-a5f9-8a3e8f136148-NettyServerStreamRpc-bossGroup--thread1] INFO  logging.LoggingHandler (AbstractInternalLogger.java:log(148)) - [id: 0x7329b431] REGISTERED
2023-07-05 13:45:04,180 [bdd24332-ebf5-4592-a5f9-8a3e8f136148-NettyServerStreamRpc-bossGroup--thread1] INFO  logging.LoggingHandler (AbstractInternalLogger.java:log(148)) - [id: 0x7329b431] BIND: 0.0.0.0/0.0.0.0:15316
2023-07-05 13:45:04,180 [bdd24332-ebf5-4592-a5f9-8a3e8f136148-NettyServerStreamRpc-bossGroup--thread1] INFO  logging.LoggingHandler (AbstractInternalLogger.java:log(148)) - [id: 0x7329b431, L:/0:0:0:0:0:0:0:0:15316] ACTIVE
2023-07-05 13:45:04,181 [Time-limited test] INFO  server.XceiverServerGrpc (XceiverServerGrpc.java:<init>(132)) - GrpcServer channel type EpollServerSocketChannel
2023-07-05 13:45:04,183 [Time-limited test] INFO  replication.ReplicationSupervisor (ReplicationSupervisor.java:nodeStateUpdated(305)) - Node state updated to IN_SERVICE, scaling executor pool size to 10
2023-07-05 13:45:04,185 [Time-limited test] INFO  http.BaseHttpServer (BaseHttpServer.java:newHttpServer2BuilderForOzone(224)) - Starting Web-server for hddsDatanode at: http://0.0.0.0:15310
2023-07-05 13:45:04,185 [Time-limited test] INFO  http.BaseHttpServer (BaseHttpServer.java:<init>(111)) - Hadoop Security Enabled: false Ozone Security Enabled: false Ozone HTTP Security Enabled: false 
2023-07-05 13:45:04,186 [Time-limited test] WARN  server.AuthenticationFilter (AuthenticationFilter.java:constructSecretProvider(240)) - Unable to initialize FileSignerSecretProvider, falling back to use random secrets. Reason: Could not read signature secret file: /home/runner/hadoop-http-auth-signature-secret
2023-07-05 13:45:04,189 [Time-limited test] INFO  http.HttpRequestLog (HttpRequestLog.java:getRequestLog(86)) - Http request log for http.requests.hddsDatanode is not defined
2023-07-05 13:45:04,192 [Time-limited test] INFO  http.HttpServer2 (HttpServer2.java:addGlobalFilter(1031)) - Added global filter 'safety' (class=org.apache.hadoop.hdds.server.http.HttpServer2$QuotingInputFilter)
2023-07-05 13:45:04,192 [Time-limited test] INFO  http.HttpServer2 (HttpServer2.java:addFilter(1007)) - Added filter static_user_filter (class=org.apache.hadoop.http.lib.StaticUserWebFilter$StaticUserFilter) to context hddsDatanode
2023-07-05 13:45:04,192 [Time-limited test] INFO  http.HttpServer2 (HttpServer2.java:addFilter(1015)) - Added filter static_user_filter (class=org.apache.hadoop.http.lib.StaticUserWebFilter$StaticUserFilter) to context logs
2023-07-05 13:45:04,192 [Time-limited test] INFO  http.HttpServer2 (HttpServer2.java:addFilter(1015)) - Added filter static_user_filter (class=org.apache.hadoop.http.lib.StaticUserWebFilter$StaticUserFilter) to context static
2023-07-05 13:45:04,194 [Time-limited test] INFO  http.BaseHttpServer (BaseHttpServer.java:<init>(190)) - HTTP server of hddsDatanode uses base directory /home/runner/work/ozone/ozone/hadoop-ozone/integration-test/target/test-dir/MiniOzoneClusterImpl-b87fbc93-14ec-4c7b-9414-fd1969dd8eca/datanode-4/meta/webserver
2023-07-05 13:45:04,194 [Time-limited test] INFO  http.HttpServer2 (HttpServer2.java:bindListener(1250)) - Jetty bound to port 15310
2023-07-05 13:45:04,194 [Time-limited test] INFO  server.Server (Server.java:doStart(375)) - jetty-9.4.51.v20230217; built: 2023-02-17T08:19:37.309Z; git: b45c405e4544384de066f814ed42ae3dceacdd49; jvm 1.8.0_372-b07
2023-07-05 13:45:04,195 [Time-limited test] INFO  server.session (DefaultSessionIdManager.java:doStart(334)) - DefaultSessionIdManager workerName=node0
2023-07-05 13:45:04,196 [Time-limited test] INFO  server.session (DefaultSessionIdManager.java:doStart(339)) - No SessionScavenger set, using defaults
2023-07-05 13:45:04,196 [Time-limited test] INFO  server.session (HouseKeeper.java:startScavenging(132)) - node0 Scavenging every 660000ms
2023-07-05 13:45:04,196 [Time-limited test] INFO  handler.ContextHandler (ContextHandler.java:doStart(921)) - Started o.e.j.s.ServletContextHandler@273b77b4{logs,/logs,file:///home/runner/work/ozone/ozone/hadoop-ozone/integration-test/target/log,AVAILABLE}
2023-07-05 13:45:04,197 [Time-limited test] INFO  handler.ContextHandler (ContextHandler.java:doStart(921)) - Started o.e.j.s.ServletContextHandler@72feec51{static,/static,jar:file:/home/runner/.m2/repository/org/apache/ozone/hdds-container-service/1.4.0-SNAPSHOT/hdds-container-service-1.4.0-SNAPSHOT.jar!/webapps/static,AVAILABLE}
2023-07-05 13:45:04,427 [Time-limited test] INFO  handler.ContextHandler (ContextHandler.java:doStart(921)) - Started o.e.j.w.WebAppContext@5ee75367{hddsDatanode,/,file:///home/runner/work/ozone/ozone/hadoop-ozone/integration-test/target/test-dir/MiniOzoneClusterImpl-b87fbc93-14ec-4c7b-9414-fd1969dd8eca/datanode-4/meta/webserver/jetty-0_0_0_0-15310-hdds-container-service-1_4_0-SNAPSHOT_jar-_-any-8840585750318423328/webapp/,AVAILABLE}{jar:file:/home/runner/.m2/repository/org/apache/ozone/hdds-container-service/1.4.0-SNAPSHOT/hdds-container-service-1.4.0-SNAPSHOT.jar!/webapps/hddsDatanode}
2023-07-05 13:45:04,429 [Time-limited test] INFO  server.AbstractConnector (AbstractConnector.java:doStart(333)) - Started ServerConnector@423303c4{HTTP/1.1, (http/1.1)}{0.0.0.0:15310}
2023-07-05 13:45:04,430 [Time-limited test] INFO  server.Server (Server.java:doStart(415)) - Started @213716ms
2023-07-05 13:45:04,430 [Time-limited test] WARN  impl.MetricsSystemImpl (MetricsSystemImpl.java:register(279)) - Sink prometheus already exists!
2023-07-05 13:45:04,430 [Time-limited test] INFO  http.BaseHttpServer (BaseHttpServer.java:updateConnectorAddress(344)) - HTTP server of hddsDatanode listening at http://0.0.0.0:15310
2023-07-05 13:45:04,431 [Time-limited test] INFO  ipc.CallQueueManager (CallQueueManager.java:<init>(90)) - Using callQueue: class java.util.concurrent.LinkedBlockingQueue, queueCapacity: 100, scheduler: class org.apache.hadoop.ipc.DefaultRpcScheduler, ipcBackoff: false.
2023-07-05 13:45:04,432 [Time-limited test] INFO  ipc.Server (Server.java:<init>(1287)) - Listener at 0.0.0.0:15311
2023-07-05 13:45:04,432 [Socket Reader #1 for port 15311] INFO  ipc.Server (Server.java:run(1323)) - Starting Socket Reader #1 for port 15311
2023-07-05 13:45:04,437 [Time-limited test] INFO  ozone.HddsDatanodeService (HddsDatanodeService.java:start(315)) - Datanode start with admins: [runner]
2023-07-05 13:45:04,437 [Time-limited test] INFO  ozone.HddsDatanodeClientProtocolServer (HddsDatanodeClientProtocolServer.java:start(72)) - RPC server for Client /0.0.0.0:15311
2023-07-05 13:45:04,437 [IPC Server Responder] INFO  ipc.Server (Server.java:run(1562)) - IPC Server Responder: starting
2023-07-05 13:45:04,437 [IPC Server listener on 15311] INFO  ipc.Server (Server.java:run(1402)) - IPC Server listener on 15311: starting
2023-07-05 13:45:04,438 [Time-limited test] INFO  ozone.MiniOzoneClusterImpl (MiniOzoneClusterImpl.java:lambda$waitForClusterToBeReady$0(224)) - Waiting for nodes to be ready. Got 0 of 5 DN Heartbeats.
2023-07-05 13:45:04,438 [Time-limited test] INFO  ozone.MiniOzoneClusterImpl (MiniOzoneClusterImpl.java:lambda$waitForClusterToBeReady$0(227)) - Waiting for cluster to exit safe mode
2023-07-05 13:45:04,438 [Time-limited test] INFO  ozone.MiniOzoneClusterImpl (MiniOzoneClusterImpl.java:lambda$waitForClusterToBeReady$0(229)) - SCM became leader
2023-07-05 13:45:04,444 [Datanode State Machine Daemon Thread] INFO  statemachine.DatanodeStateMachine (DatanodeStateMachine.java:lambda$startDaemon$0(531)) - Ozone container server started.
2023-07-05 13:45:04,448 [Datanode State Machine Task Thread - 0] INFO  datanode.InitDatanodeState (InitDatanodeState.java:persistContainerDatanodeDetails(138)) - DatanodeDetails is persisted to /home/runner/work/ozone/ozone/hadoop-ozone/integration-test/target/test-dir/MiniOzoneClusterImpl-b87fbc93-14ec-4c7b-9414-fd1969dd8eca/datanode-4/meta/datanode.id
2023-07-05 13:45:04,686 [ReplicationMonitor] INFO  replication.ReplicationManager (ReplicationManager.java:processAll(361)) - Replication Manager is not ready to run until 3000ms after safemode exit
2023-07-05 13:45:05,038 [EndpointStateMachine task thread for /0.0.0.0:15267 - 0 ] INFO  utils.DatanodeStoreCache (DatanodeStoreCache.java:addDB(66)) - Added db /home/runner/work/ozone/ozone/hadoop-ozone/integration-test/target/test-dir/MiniOzoneClusterImpl-b87fbc93-14ec-4c7b-9414-fd1969dd8eca/datanode-0/data-0/containers/hdds/b87fbc93-14ec-4c7b-9414-fd1969dd8eca/DS-eee9e058-184d-4394-9a77-7b540be8888f/container.db to cache
2023-07-05 13:45:05,038 [EndpointStateMachine task thread for /0.0.0.0:15267 - 0 ] INFO  volume.HddsVolume (HddsVolume.java:createDbStore(478)) - SchemaV3 db is created and loaded at /home/runner/work/ozone/ozone/hadoop-ozone/integration-test/target/test-dir/MiniOzoneClusterImpl-b87fbc93-14ec-4c7b-9414-fd1969dd8eca/datanode-0/data-0/containers/hdds/b87fbc93-14ec-4c7b-9414-fd1969dd8eca/DS-eee9e058-184d-4394-9a77-7b540be8888f/container.db for volume DS-eee9e058-184d-4394-9a77-7b540be8888f
2023-07-05 13:45:05,038 [EndpointStateMachine task thread for /0.0.0.0:15267 - 0 ] INFO  ozoneimpl.OzoneContainer (OzoneContainer.java:start(419)) - Attempting to start container services.
2023-07-05 13:45:05,039 [EndpointStateMachine task thread for /0.0.0.0:15267 - 0 ] INFO  ozoneimpl.OzoneContainer (OzoneContainer.java:startContainerScrub(327)) - Scheduled background container scanners and the on-demand container scanner have been disabled.
2023-07-05 13:45:05,040 [EndpointStateMachine task thread for /0.0.0.0:15267 - 0 ] INFO  replication.ReplicationServer (ReplicationServer.java:start(128)) - ReplicationServer is started using port 15281
2023-07-05 13:45:05,041 [EndpointStateMachine task thread for /0.0.0.0:15267 - 0 ] INFO  ratis.XceiverServerRatis (XceiverServerRatis.java:start(517)) - Starting XceiverServerRatis cf260cd7-cba0-4bd9-b172-726736faca1b
2023-07-05 13:45:05,041 [EndpointStateMachine task thread for /0.0.0.0:15267 - 0 ] INFO  server.RaftServer (RaftServerProxy.java:startImpl(400)) - cf260cd7-cba0-4bd9-b172-726736faca1b: start RPC server
2023-07-05 13:45:05,042 [EndpointStateMachine task thread for /0.0.0.0:15267 - 0 ] INFO  server.GrpcService (GrpcService.java:startImpl(302)) - cf260cd7-cba0-4bd9-b172-726736faca1b: GrpcService started, listening on 15277
2023-07-05 13:45:05,043 [EndpointStateMachine task thread for /0.0.0.0:15267 - 0 ] INFO  server.GrpcService (GrpcService.java:startImpl(302)) - cf260cd7-cba0-4bd9-b172-726736faca1b: GrpcService started, listening on 15279
2023-07-05 13:45:05,044 [EndpointStateMachine task thread for /0.0.0.0:15267 - 0 ] INFO  server.GrpcService (GrpcService.java:startImpl(302)) - cf260cd7-cba0-4bd9-b172-726736faca1b: GrpcService started, listening on 15278
2023-07-05 13:45:05,044 [EndpointStateMachine task thread for /0.0.0.0:15267 - 0 ] INFO  ratis.XceiverServerRatis (XceiverServerRatis.java:getRealPort(543)) - XceiverServerRatis cf260cd7-cba0-4bd9-b172-726736faca1b is started using port 15277 for RATIS
2023-07-05 13:45:05,044 [EndpointStateMachine task thread for /0.0.0.0:15267 - 0 ] INFO  ratis.XceiverServerRatis (XceiverServerRatis.java:getRealPort(543)) - XceiverServerRatis cf260cd7-cba0-4bd9-b172-726736faca1b is started using port 15278 for RATIS_ADMIN
2023-07-05 13:45:05,044 [JvmPauseMonitor37] INFO  util.JvmPauseMonitor (JvmPauseMonitor.java:run(103)) - JvmPauseMonitor-cf260cd7-cba0-4bd9-b172-726736faca1b: Started
2023-07-05 13:45:05,044 [EndpointStateMachine task thread for /0.0.0.0:15267 - 0 ] INFO  ratis.XceiverServerRatis (XceiverServerRatis.java:getRealPort(543)) - XceiverServerRatis cf260cd7-cba0-4bd9-b172-726736faca1b is started using port 15279 for RATIS_SERVER
2023-07-05 13:45:05,044 [EndpointStateMachine task thread for /0.0.0.0:15267 - 0 ] INFO  ratis.XceiverServerRatis (XceiverServerRatis.java:getRealPort(543)) - XceiverServerRatis cf260cd7-cba0-4bd9-b172-726736faca1b is started using port 15280 for RATIS_DATASTREAM
2023-07-05 13:45:05,046 [BlockDeletingService#0] INFO  interfaces.ContainerDeletionChoosingPolicyTemplate (ContainerDeletionChoosingPolicyTemplate.java:chooseContainerForBlockDeletion(83)) - Chosen 0/5000 blocks from 0 candidate containers.
2023-07-05 13:45:05,438 [EndpointStateMachine task thread for /0.0.0.0:15267 - 0 ] INFO  utils.DatanodeStoreCache (DatanodeStoreCache.java:addDB(66)) - Added db /home/runner/work/ozone/ozone/hadoop-ozone/integration-test/target/test-dir/MiniOzoneClusterImpl-b87fbc93-14ec-4c7b-9414-fd1969dd8eca/datanode-1/data-0/containers/hdds/b87fbc93-14ec-4c7b-9414-fd1969dd8eca/DS-ed18079f-c61f-4d4e-bfe7-2fc6300ca1ba/container.db to cache
2023-07-05 13:45:05,438 [EndpointStateMachine task thread for /0.0.0.0:15267 - 0 ] INFO  volume.HddsVolume (HddsVolume.java:createDbStore(478)) - SchemaV3 db is created and loaded at /home/runner/work/ozone/ozone/hadoop-ozone/integration-test/target/test-dir/MiniOzoneClusterImpl-b87fbc93-14ec-4c7b-9414-fd1969dd8eca/datanode-1/data-0/containers/hdds/b87fbc93-14ec-4c7b-9414-fd1969dd8eca/DS-ed18079f-c61f-4d4e-bfe7-2fc6300ca1ba/container.db for volume DS-ed18079f-c61f-4d4e-bfe7-2fc6300ca1ba
2023-07-05 13:45:05,438 [Time-limited test] INFO  ozone.MiniOzoneClusterImpl (MiniOzoneClusterImpl.java:lambda$waitForClusterToBeReady$0(224)) - Waiting for nodes to be ready. Got 0 of 5 DN Heartbeats.
2023-07-05 13:45:05,438 [Time-limited test] INFO  ozone.MiniOzoneClusterImpl (MiniOzoneClusterImpl.java:lambda$waitForClusterToBeReady$0(227)) - Waiting for cluster to exit safe mode
2023-07-05 13:45:05,438 [Time-limited test] INFO  ozone.MiniOzoneClusterImpl (MiniOzoneClusterImpl.java:lambda$waitForClusterToBeReady$0(229)) - SCM became leader
2023-07-05 13:45:05,438 [EndpointStateMachine task thread for /0.0.0.0:15267 - 0 ] INFO  ozoneimpl.OzoneContainer (OzoneContainer.java:start(419)) - Attempting to start container services.
2023-07-05 13:45:05,440 [EndpointStateMachine task thread for /0.0.0.0:15267 - 0 ] INFO  ozoneimpl.OzoneContainer (OzoneContainer.java:startContainerScrub(327)) - Scheduled background container scanners and the on-demand container scanner have been disabled.
2023-07-05 13:45:05,442 [EndpointStateMachine task thread for /0.0.0.0:15267 - 0 ] INFO  replication.ReplicationServer (ReplicationServer.java:start(128)) - ReplicationServer is started using port 15290
2023-07-05 13:45:05,442 [EndpointStateMachine task thread for /0.0.0.0:15267 - 0 ] INFO  ratis.XceiverServerRatis (XceiverServerRatis.java:start(517)) - Starting XceiverServerRatis b469f820-ca6e-4614-936b-d267e952ce44
2023-07-05 13:45:05,443 [EndpointStateMachine task thread for /0.0.0.0:15267 - 0 ] INFO  server.RaftServer (RaftServerProxy.java:startImpl(400)) - b469f820-ca6e-4614-936b-d267e952ce44: start RPC server
2023-07-05 13:45:05,444 [EndpointStateMachine task thread for /0.0.0.0:15267 - 0 ] INFO  server.GrpcService (GrpcService.java:startImpl(302)) - b469f820-ca6e-4614-936b-d267e952ce44: GrpcService started, listening on 15286
2023-07-05 13:45:05,445 [EndpointStateMachine task thread for /0.0.0.0:15267 - 0 ] INFO  server.GrpcService (GrpcService.java:startImpl(302)) - b469f820-ca6e-4614-936b-d267e952ce44: GrpcService started, listening on 15288
2023-07-05 13:45:05,446 [EndpointStateMachine task thread for /0.0.0.0:15267 - 0 ] INFO  server.GrpcService (GrpcService.java:startImpl(302)) - b469f820-ca6e-4614-936b-d267e952ce44: GrpcService started, listening on 15287
2023-07-05 13:45:05,446 [EndpointStateMachine task thread for /0.0.0.0:15267 - 0 ] INFO  ratis.XceiverServerRatis (XceiverServerRatis.java:getRealPort(543)) - XceiverServerRatis b469f820-ca6e-4614-936b-d267e952ce44 is started using port 15286 for RATIS
2023-07-05 13:45:05,446 [EndpointStateMachine task thread for /0.0.0.0:15267 - 0 ] INFO  ratis.XceiverServerRatis (XceiverServerRatis.java:getRealPort(543)) - XceiverServerRatis b469f820-ca6e-4614-936b-d267e952ce44 is started using port 15287 for RATIS_ADMIN
2023-07-05 13:45:05,446 [JvmPauseMonitor38] INFO  util.JvmPauseMonitor (JvmPauseMonitor.java:run(103)) - JvmPauseMonitor-b469f820-ca6e-4614-936b-d267e952ce44: Started
2023-07-05 13:45:05,446 [EndpointStateMachine task thread for /0.0.0.0:15267 - 0 ] INFO  ratis.XceiverServerRatis (XceiverServerRatis.java:getRealPort(543)) - XceiverServerRatis b469f820-ca6e-4614-936b-d267e952ce44 is started using port 15288 for RATIS_SERVER
2023-07-05 13:45:05,446 [EndpointStateMachine task thread for /0.0.0.0:15267 - 0 ] INFO  ratis.XceiverServerRatis (XceiverServerRatis.java:getRealPort(543)) - XceiverServerRatis b469f820-ca6e-4614-936b-d267e952ce44 is started using port 15289 for RATIS_DATASTREAM
2023-07-05 13:45:05,448 [BlockDeletingService#0] INFO  interfaces.ContainerDeletionChoosingPolicyTemplate (ContainerDeletionChoosingPolicyTemplate.java:chooseContainerForBlockDeletion(83)) - Chosen 0/5000 blocks from 0 candidate containers.
2023-07-05 13:45:05,687 [ReplicationMonitor] INFO  replication.ReplicationManager (ReplicationManager.java:processAll(361)) - Replication Manager is not ready to run until 3000ms after safemode exit
2023-07-05 13:45:05,771 [EndpointStateMachine task thread for /0.0.0.0:15267 - 0 ] INFO  utils.DatanodeStoreCache (DatanodeStoreCache.java:addDB(66)) - Added db /home/runner/work/ozone/ozone/hadoop-ozone/integration-test/target/test-dir/MiniOzoneClusterImpl-b87fbc93-14ec-4c7b-9414-fd1969dd8eca/datanode-2/data-0/containers/hdds/b87fbc93-14ec-4c7b-9414-fd1969dd8eca/DS-b1cce4e6-8aff-4d9a-a924-22e0c244cc5e/container.db to cache
2023-07-05 13:45:05,771 [EndpointStateMachine task thread for /0.0.0.0:15267 - 0 ] INFO  volume.HddsVolume (HddsVolume.java:createDbStore(478)) - SchemaV3 db is created and loaded at /home/runner/work/ozone/ozone/hadoop-ozone/integration-test/target/test-dir/MiniOzoneClusterImpl-b87fbc93-14ec-4c7b-9414-fd1969dd8eca/datanode-2/data-0/containers/hdds/b87fbc93-14ec-4c7b-9414-fd1969dd8eca/DS-b1cce4e6-8aff-4d9a-a924-22e0c244cc5e/container.db for volume DS-b1cce4e6-8aff-4d9a-a924-22e0c244cc5e
2023-07-05 13:45:05,771 [EndpointStateMachine task thread for /0.0.0.0:15267 - 0 ] INFO  ozoneimpl.OzoneContainer (OzoneContainer.java:start(419)) - Attempting to start container services.
2023-07-05 13:45:05,772 [EndpointStateMachine task thread for /0.0.0.0:15267 - 0 ] INFO  ozoneimpl.OzoneContainer (OzoneContainer.java:startContainerScrub(327)) - Scheduled background container scanners and the on-demand container scanner have been disabled.
2023-07-05 13:45:05,773 [EndpointStateMachine task thread for /0.0.0.0:15267 - 0 ] INFO  replication.ReplicationServer (ReplicationServer.java:start(128)) - ReplicationServer is started using port 15299
2023-07-05 13:45:05,773 [EndpointStateMachine task thread for /0.0.0.0:15267 - 0 ] INFO  ratis.XceiverServerRatis (XceiverServerRatis.java:start(517)) - Starting XceiverServerRatis eea920e5-eed2-4ccd-b274-7d8a7cd1384a
2023-07-05 13:45:05,774 [EndpointStateMachine task thread for /0.0.0.0:15267 - 0 ] INFO  server.RaftServer (RaftServerProxy.java:startImpl(400)) - eea920e5-eed2-4ccd-b274-7d8a7cd1384a: start RPC server
2023-07-05 13:45:05,775 [EndpointStateMachine task thread for /0.0.0.0:15267 - 0 ] INFO  server.GrpcService (GrpcService.java:startImpl(302)) - eea920e5-eed2-4ccd-b274-7d8a7cd1384a: GrpcService started, listening on 15295
2023-07-05 13:45:05,779 [EndpointStateMachine task thread for /0.0.0.0:15267 - 0 ] INFO  server.GrpcService (GrpcService.java:startImpl(302)) - eea920e5-eed2-4ccd-b274-7d8a7cd1384a: GrpcService started, listening on 15297
2023-07-05 13:45:05,780 [EndpointStateMachine task thread for /0.0.0.0:15267 - 0 ] INFO  server.GrpcService (GrpcService.java:startImpl(302)) - eea920e5-eed2-4ccd-b274-7d8a7cd1384a: GrpcService started, listening on 15296
2023-07-05 13:45:05,781 [EndpointStateMachine task thread for /0.0.0.0:15267 - 0 ] INFO  ratis.XceiverServerRatis (XceiverServerRatis.java:getRealPort(543)) - XceiverServerRatis eea920e5-eed2-4ccd-b274-7d8a7cd1384a is started using port 15295 for RATIS
2023-07-05 13:45:05,781 [EndpointStateMachine task thread for /0.0.0.0:15267 - 0 ] INFO  ratis.XceiverServerRatis (XceiverServerRatis.java:getRealPort(543)) - XceiverServerRatis eea920e5-eed2-4ccd-b274-7d8a7cd1384a is started using port 15296 for RATIS_ADMIN
2023-07-05 13:45:05,781 [JvmPauseMonitor39] INFO  util.JvmPauseMonitor (JvmPauseMonitor.java:run(103)) - JvmPauseMonitor-eea920e5-eed2-4ccd-b274-7d8a7cd1384a: Started
2023-07-05 13:45:05,781 [EndpointStateMachine task thread for /0.0.0.0:15267 - 0 ] INFO  ratis.XceiverServerRatis (XceiverServerRatis.java:getRealPort(543)) - XceiverServerRatis eea920e5-eed2-4ccd-b274-7d8a7cd1384a is started using port 15297 for RATIS_SERVER
2023-07-05 13:45:05,781 [EndpointStateMachine task thread for /0.0.0.0:15267 - 0 ] INFO  ratis.XceiverServerRatis (XceiverServerRatis.java:getRealPort(543)) - XceiverServerRatis eea920e5-eed2-4ccd-b274-7d8a7cd1384a is started using port 15298 for RATIS_DATASTREAM
2023-07-05 13:45:05,784 [BlockDeletingService#0] INFO  interfaces.ContainerDeletionChoosingPolicyTemplate (ContainerDeletionChoosingPolicyTemplate.java:chooseContainerForBlockDeletion(83)) - Chosen 0/5000 blocks from 0 candidate containers.
2023-07-05 13:45:06,152 [EndpointStateMachine task thread for /0.0.0.0:15267 - 0 ] INFO  utils.DatanodeStoreCache (DatanodeStoreCache.java:addDB(66)) - Added db /home/runner/work/ozone/ozone/hadoop-ozone/integration-test/target/test-dir/MiniOzoneClusterImpl-b87fbc93-14ec-4c7b-9414-fd1969dd8eca/datanode-3/data-0/containers/hdds/b87fbc93-14ec-4c7b-9414-fd1969dd8eca/DS-29129abe-9624-4277-b5ec-34d802c8c092/container.db to cache
2023-07-05 13:45:06,152 [EndpointStateMachine task thread for /0.0.0.0:15267 - 0 ] INFO  volume.HddsVolume (HddsVolume.java:createDbStore(478)) - SchemaV3 db is created and loaded at /home/runner/work/ozone/ozone/hadoop-ozone/integration-test/target/test-dir/MiniOzoneClusterImpl-b87fbc93-14ec-4c7b-9414-fd1969dd8eca/datanode-3/data-0/containers/hdds/b87fbc93-14ec-4c7b-9414-fd1969dd8eca/DS-29129abe-9624-4277-b5ec-34d802c8c092/container.db for volume DS-29129abe-9624-4277-b5ec-34d802c8c092
2023-07-05 13:45:06,152 [EndpointStateMachine task thread for /0.0.0.0:15267 - 0 ] INFO  ozoneimpl.OzoneContainer (OzoneContainer.java:start(419)) - Attempting to start container services.
2023-07-05 13:45:06,152 [EndpointStateMachine task thread for /0.0.0.0:15267 - 0 ] INFO  ozoneimpl.OzoneContainer (OzoneContainer.java:startContainerScrub(327)) - Scheduled background container scanners and the on-demand container scanner have been disabled.
2023-07-05 13:45:06,154 [EndpointStateMachine task thread for /0.0.0.0:15267 - 0 ] INFO  replication.ReplicationServer (ReplicationServer.java:start(128)) - ReplicationServer is started using port 15308
2023-07-05 13:45:06,154 [EndpointStateMachine task thread for /0.0.0.0:15267 - 0 ] INFO  ratis.XceiverServerRatis (XceiverServerRatis.java:start(517)) - Starting XceiverServerRatis 6ab841ea-0799-402d-88dc-833ad02962b2
2023-07-05 13:45:06,155 [EndpointStateMachine task thread for /0.0.0.0:15267 - 0 ] INFO  server.RaftServer (RaftServerProxy.java:startImpl(400)) - 6ab841ea-0799-402d-88dc-833ad02962b2: start RPC server
2023-07-05 13:45:06,158 [EndpointStateMachine task thread for /0.0.0.0:15267 - 0 ] INFO  server.GrpcService (GrpcService.java:startImpl(302)) - 6ab841ea-0799-402d-88dc-833ad02962b2: GrpcService started, listening on 15304
2023-07-05 13:45:06,160 [EndpointStateMachine task thread for /0.0.0.0:15267 - 0 ] INFO  server.GrpcService (GrpcService.java:startImpl(302)) - 6ab841ea-0799-402d-88dc-833ad02962b2: GrpcService started, listening on 15306
2023-07-05 13:45:06,162 [EndpointStateMachine task thread for /0.0.0.0:15267 - 0 ] INFO  server.GrpcService (GrpcService.java:startImpl(302)) - 6ab841ea-0799-402d-88dc-833ad02962b2: GrpcService started, listening on 15305
2023-07-05 13:45:06,163 [EndpointStateMachine task thread for /0.0.0.0:15267 - 0 ] INFO  ratis.XceiverServerRatis (XceiverServerRatis.java:getRealPort(543)) - XceiverServerRatis 6ab841ea-0799-402d-88dc-833ad02962b2 is started using port 15304 for RATIS
2023-07-05 13:45:06,163 [EndpointStateMachine task thread for /0.0.0.0:15267 - 0 ] INFO  ratis.XceiverServerRatis (XceiverServerRatis.java:getRealPort(543)) - XceiverServerRatis 6ab841ea-0799-402d-88dc-833ad02962b2 is started using port 15305 for RATIS_ADMIN
2023-07-05 13:45:06,163 [EndpointStateMachine task thread for /0.0.0.0:15267 - 0 ] INFO  ratis.XceiverServerRatis (XceiverServerRatis.java:getRealPort(543)) - XceiverServerRatis 6ab841ea-0799-402d-88dc-833ad02962b2 is started using port 15306 for RATIS_SERVER
2023-07-05 13:45:06,163 [EndpointStateMachine task thread for /0.0.0.0:15267 - 0 ] INFO  ratis.XceiverServerRatis (XceiverServerRatis.java:getRealPort(543)) - XceiverServerRatis 6ab841ea-0799-402d-88dc-833ad02962b2 is started using port 15307 for RATIS_DATASTREAM
2023-07-05 13:45:06,163 [JvmPauseMonitor40] INFO  util.JvmPauseMonitor (JvmPauseMonitor.java:run(103)) - JvmPauseMonitor-6ab841ea-0799-402d-88dc-833ad02962b2: Started
2023-07-05 13:45:06,169 [BlockDeletingService#0] INFO  interfaces.ContainerDeletionChoosingPolicyTemplate (ContainerDeletionChoosingPolicyTemplate.java:chooseContainerForBlockDeletion(83)) - Chosen 0/5000 blocks from 0 candidate containers.
2023-07-05 13:45:06,438 [Time-limited test] INFO  ozone.MiniOzoneClusterImpl (MiniOzoneClusterImpl.java:lambda$waitForClusterToBeReady$0(224)) - Waiting for nodes to be ready. Got 0 of 5 DN Heartbeats.
2023-07-05 13:45:06,439 [Time-limited test] INFO  ozone.MiniOzoneClusterImpl (MiniOzoneClusterImpl.java:lambda$waitForClusterToBeReady$0(227)) - Waiting for cluster to exit safe mode
2023-07-05 13:45:06,439 [Time-limited test] INFO  ozone.MiniOzoneClusterImpl (MiniOzoneClusterImpl.java:lambda$waitForClusterToBeReady$0(229)) - SCM became leader
2023-07-05 13:45:06,494 [EndpointStateMachine task thread for /0.0.0.0:15267 - 0 ] INFO  utils.DatanodeStoreCache (DatanodeStoreCache.java:addDB(66)) - Added db /home/runner/work/ozone/ozone/hadoop-ozone/integration-test/target/test-dir/MiniOzoneClusterImpl-b87fbc93-14ec-4c7b-9414-fd1969dd8eca/datanode-4/data-0/containers/hdds/b87fbc93-14ec-4c7b-9414-fd1969dd8eca/DS-3c04af54-cc33-4f0d-a285-d00781811625/container.db to cache
2023-07-05 13:45:06,494 [EndpointStateMachine task thread for /0.0.0.0:15267 - 0 ] INFO  volume.HddsVolume (HddsVolume.java:createDbStore(478)) - SchemaV3 db is created and loaded at /home/runner/work/ozone/ozone/hadoop-ozone/integration-test/target/test-dir/MiniOzoneClusterImpl-b87fbc93-14ec-4c7b-9414-fd1969dd8eca/datanode-4/data-0/containers/hdds/b87fbc93-14ec-4c7b-9414-fd1969dd8eca/DS-3c04af54-cc33-4f0d-a285-d00781811625/container.db for volume DS-3c04af54-cc33-4f0d-a285-d00781811625
2023-07-05 13:45:06,495 [EndpointStateMachine task thread for /0.0.0.0:15267 - 0 ] INFO  ozoneimpl.OzoneContainer (OzoneContainer.java:start(419)) - Attempting to start container services.
2023-07-05 13:45:06,495 [EndpointStateMachine task thread for /0.0.0.0:15267 - 0 ] INFO  ozoneimpl.OzoneContainer (OzoneContainer.java:startContainerScrub(327)) - Scheduled background container scanners and the on-demand container scanner have been disabled.
2023-07-05 13:45:06,499 [EndpointStateMachine task thread for /0.0.0.0:15267 - 0 ] INFO  replication.ReplicationServer (ReplicationServer.java:start(128)) - ReplicationServer is started using port 15317
2023-07-05 13:45:06,499 [EndpointStateMachine task thread for /0.0.0.0:15267 - 0 ] INFO  ratis.XceiverServerRatis (XceiverServerRatis.java:start(517)) - Starting XceiverServerRatis bdd24332-ebf5-4592-a5f9-8a3e8f136148
2023-07-05 13:45:06,500 [EndpointStateMachine task thread for /0.0.0.0:15267 - 0 ] INFO  server.RaftServer (RaftServerProxy.java:startImpl(400)) - bdd24332-ebf5-4592-a5f9-8a3e8f136148: start RPC server
2023-07-05 13:45:06,501 [EndpointStateMachine task thread for /0.0.0.0:15267 - 0 ] INFO  server.GrpcService (GrpcService.java:startImpl(302)) - bdd24332-ebf5-4592-a5f9-8a3e8f136148: GrpcService started, listening on 15313
2023-07-05 13:45:06,502 [EndpointStateMachine task thread for /0.0.0.0:15267 - 0 ] INFO  server.GrpcService (GrpcService.java:startImpl(302)) - bdd24332-ebf5-4592-a5f9-8a3e8f136148: GrpcService started, listening on 15315
2023-07-05 13:45:06,503 [EndpointStateMachine task thread for /0.0.0.0:15267 - 0 ] INFO  server.GrpcService (GrpcService.java:startImpl(302)) - bdd24332-ebf5-4592-a5f9-8a3e8f136148: GrpcService started, listening on 15314
2023-07-05 13:45:06,503 [EndpointStateMachine task thread for /0.0.0.0:15267 - 0 ] INFO  ratis.XceiverServerRatis (XceiverServerRatis.java:getRealPort(543)) - XceiverServerRatis bdd24332-ebf5-4592-a5f9-8a3e8f136148 is started using port 15313 for RATIS
2023-07-05 13:45:06,503 [EndpointStateMachine task thread for /0.0.0.0:15267 - 0 ] INFO  ratis.XceiverServerRatis (XceiverServerRatis.java:getRealPort(543)) - XceiverServerRatis bdd24332-ebf5-4592-a5f9-8a3e8f136148 is started using port 15314 for RATIS_ADMIN
2023-07-05 13:45:06,503 [JvmPauseMonitor41] INFO  util.JvmPauseMonitor (JvmPauseMonitor.java:run(103)) - JvmPauseMonitor-bdd24332-ebf5-4592-a5f9-8a3e8f136148: Started
2023-07-05 13:45:06,503 [EndpointStateMachine task thread for /0.0.0.0:15267 - 0 ] INFO  ratis.XceiverServerRatis (XceiverServerRatis.java:getRealPort(543)) - XceiverServerRatis bdd24332-ebf5-4592-a5f9-8a3e8f136148 is started using port 15315 for RATIS_SERVER
2023-07-05 13:45:06,503 [EndpointStateMachine task thread for /0.0.0.0:15267 - 0 ] INFO  ratis.XceiverServerRatis (XceiverServerRatis.java:getRealPort(543)) - XceiverServerRatis bdd24332-ebf5-4592-a5f9-8a3e8f136148 is started using port 15316 for RATIS_DATASTREAM
2023-07-05 13:45:06,505 [BlockDeletingService#0] INFO  interfaces.ContainerDeletionChoosingPolicyTemplate (ContainerDeletionChoosingPolicyTemplate.java:chooseContainerForBlockDeletion(83)) - Chosen 0/5000 blocks from 0 candidate containers.
2023-07-05 13:45:06,687 [ReplicationMonitor] INFO  replication.ReplicationManager (ReplicationManager.java:processAll(361)) - Replication Manager is not ready to run until 3000ms after safemode exit
2023-07-05 13:45:07,000 [IPC Server handler 0 on default port 15267] INFO  net.NetworkTopologyImpl (NetworkTopologyImpl.java:add(112)) - Added a new node: /default-rack/cf260cd7-cba0-4bd9-b172-726736faca1b
2023-07-05 13:45:07,000 [IPC Server handler 0 on default port 15267] INFO  node.SCMNodeManager (SCMNodeManager.java:register(405)) - Registered Data node : cf260cd7-cba0-4bd9-b172-726736faca1b{ip: 10.1.0.13, host: fv-az264-29.ca02foy5wcnuvlrvrz2wi3p2og.dx.internal.cloudapp.net, ports: [HTTP=15274, CLIENT_RPC=15275, REPLICATION=15281, RATIS=15277, RATIS_ADMIN=15278, RATIS_SERVER=15279, RATIS_DATASTREAM=15280, STANDALONE=15276], networkLocation: /default-rack, certSerialId: null, persistedOpState: null, persistedOpStateExpiryEpochSec: 0}
2023-07-05 13:45:07,004 [EventQueue-NodeRegistrationContainerReportForDataNodeSafeModeRule] INFO  safemode.SCMSafeModeManager (DataNodeSafeModeRule.java:process(71)) - SCM in safe mode. 1 DataNodes registered, 3 required.
2023-07-05 13:45:07,004 [EventQueue-NodeRegistrationContainerReportForContainerSafeModeRule] INFO  safemode.SCMSafeModeManager (SCMSafeModeManager.java:validateSafeModeExitRules(200)) - ContainerSafeModeRule rule is successfully validated
2023-07-05 13:45:07,007 [EventQueue-NewNodeForNewNodeHandler] INFO  pipeline.BackgroundPipelineCreator (BackgroundPipelineCreator.java:notifyEventTriggered(277)) - trigger a one-shot run on RatisPipelineUtilsThread.
2023-07-05 13:45:07,007 [RatisPipelineUtilsThread - 0] INFO  pipeline.RatisPipelineProvider (RatisPipelineProvider.java:lambda$create$0(206)) - Sending CreatePipelineCommand for pipeline:PipelineID=ff0d3d46-5d3a-4d90-a656-05b733b5fa66 to datanode:cf260cd7-cba0-4bd9-b172-726736faca1b
2023-07-05 13:45:07,008 [RatisPipelineUtilsThread - 0] INFO  pipeline.BackgroundPipelineCreator (BackgroundPipelineCreator.java:createPipelines(233)) - Created new pipeline Pipeline[ Id: ff0d3d46-5d3a-4d90-a656-05b733b5fa66, Nodes: cf260cd7-cba0-4bd9-b172-726736faca1b(fv-az264-29.ca02foy5wcnuvlrvrz2wi3p2og.dx.internal.cloudapp.net/10.1.0.13), ReplicationConfig: RATIS/ONE, State:ALLOCATED, leaderId:, CreationTimestamp2023-07-05T13:45:07.007Z[Etc/UTC]]
2023-07-05 13:45:07,010 [EventQueue-PipelineReportForOneReplicaPipelineSafeModeRule] INFO  safemode.SCMSafeModeManager (SCMSafeModeManager.java:validateSafeModeExitRules(200)) - AtleastOneDatanodeReportedRule rule is successfully validated
2023-07-05 13:45:07,395 [IPC Server handler 2 on default port 15267] INFO  net.NetworkTopologyImpl (NetworkTopologyImpl.java:add(112)) - Added a new node: /default-rack/b469f820-ca6e-4614-936b-d267e952ce44
2023-07-05 13:45:07,395 [IPC Server handler 2 on default port 15267] INFO  node.SCMNodeManager (SCMNodeManager.java:register(405)) - Registered Data node : b469f820-ca6e-4614-936b-d267e952ce44{ip: 10.1.0.13, host: fv-az264-29.ca02foy5wcnuvlrvrz2wi3p2og.dx.internal.cloudapp.net, ports: [HTTP=15283, CLIENT_RPC=15284, REPLICATION=15290, RATIS=15286, RATIS_ADMIN=15287, RATIS_SERVER=15288, RATIS_DATASTREAM=15289, STANDALONE=15285], networkLocation: /default-rack, certSerialId: null, persistedOpState: null, persistedOpStateExpiryEpochSec: 0}
2023-07-05 13:45:07,396 [EventQueue-NewNodeForNewNodeHandler] INFO  pipeline.BackgroundPipelineCreator (BackgroundPipelineCreator.java:notifyEventTriggered(277)) - trigger a one-shot run on RatisPipelineUtilsThread.
2023-07-05 13:45:07,397 [EventQueue-NodeRegistrationContainerReportForDataNodeSafeModeRule] INFO  safemode.SCMSafeModeManager (DataNodeSafeModeRule.java:process(71)) - SCM in safe mode. 2 DataNodes registered, 3 required.
2023-07-05 13:45:07,398 [RatisPipelineUtilsThread - 0] INFO  pipeline.RatisPipelineProvider (RatisPipelineProvider.java:lambda$create$0(206)) - Sending CreatePipelineCommand for pipeline:PipelineID=1f7cb4d1-3e5a-43a9-aba7-749e4155cebb to datanode:b469f820-ca6e-4614-936b-d267e952ce44
2023-07-05 13:45:07,398 [RatisPipelineUtilsThread - 0] INFO  pipeline.BackgroundPipelineCreator (BackgroundPipelineCreator.java:createPipelines(233)) - Created new pipeline Pipeline[ Id: 1f7cb4d1-3e5a-43a9-aba7-749e4155cebb, Nodes: b469f820-ca6e-4614-936b-d267e952ce44(fv-az264-29.ca02foy5wcnuvlrvrz2wi3p2og.dx.internal.cloudapp.net/10.1.0.13), ReplicationConfig: RATIS/ONE, State:ALLOCATED, leaderId:, CreationTimestamp2023-07-05T13:45:07.398Z[Etc/UTC]]
2023-07-05 13:45:07,439 [Time-limited test] INFO  ozone.MiniOzoneClusterImpl (MiniOzoneClusterImpl.java:lambda$waitForClusterToBeReady$0(224)) - Waiting for nodes to be ready. Got 2 of 5 DN Heartbeats.
2023-07-05 13:45:07,439 [Time-limited test] INFO  ozone.MiniOzoneClusterImpl (MiniOzoneClusterImpl.java:lambda$waitForClusterToBeReady$0(227)) - Waiting for cluster to exit safe mode
2023-07-05 13:45:07,439 [Time-limited test] INFO  ozone.MiniOzoneClusterImpl (MiniOzoneClusterImpl.java:lambda$waitForClusterToBeReady$0(229)) - SCM became leader
2023-07-05 13:45:07,687 [ReplicationMonitor] INFO  replication.ReplicationManager (ReplicationManager.java:processAll(361)) - Replication Manager is not ready to run until 3000ms after safemode exit
2023-07-05 13:45:07,731 [IPC Server handler 3 on default port 15267] INFO  net.NetworkTopologyImpl (NetworkTopologyImpl.java:add(112)) - Added a new node: /default-rack/eea920e5-eed2-4ccd-b274-7d8a7cd1384a
2023-07-05 13:45:07,731 [IPC Server handler 3 on default port 15267] INFO  node.SCMNodeManager (SCMNodeManager.java:register(405)) - Registered Data node : eea920e5-eed2-4ccd-b274-7d8a7cd1384a{ip: 10.1.0.13, host: fv-az264-29.ca02foy5wcnuvlrvrz2wi3p2og.dx.internal.cloudapp.net, ports: [HTTP=15292, CLIENT_RPC=15293, REPLICATION=15299, RATIS=15295, RATIS_ADMIN=15296, RATIS_SERVER=15297, RATIS_DATASTREAM=15298, STANDALONE=15294], networkLocation: /default-rack, certSerialId: null, persistedOpState: null, persistedOpStateExpiryEpochSec: 0}
2023-07-05 13:45:07,731 [EventQueue-NewNodeForNewNodeHandler] INFO  pipeline.BackgroundPipelineCreator (BackgroundPipelineCreator.java:notifyEventTriggered(277)) - trigger a one-shot run on RatisPipelineUtilsThread.
2023-07-05 13:45:07,733 [EventQueue-NodeRegistrationContainerReportForDataNodeSafeModeRule] INFO  safemode.SCMSafeModeManager (DataNodeSafeModeRule.java:process(71)) - SCM in safe mode. 3 DataNodes registered, 3 required.
2023-07-05 13:45:07,733 [EventQueue-NodeRegistrationContainerReportForDataNodeSafeModeRule] INFO  safemode.SCMSafeModeManager (SCMSafeModeManager.java:validateSafeModeExitRules(200)) - DataNodeSafeModeRule rule is successfully validated
2023-07-05 13:45:07,733 [EventQueue-NodeRegistrationContainerReportForDataNodeSafeModeRule] INFO  safemode.SCMSafeModeManager (SCMSafeModeManager.java:completePreCheck(229)) - All SCM safe mode pre check rules have passed
2023-07-05 13:45:07,733 [EventQueue-NodeRegistrationContainerReportForDataNodeSafeModeRule] INFO  ha.SCMContext (SCMContext.java:updateSafeModeStatus(228)) - Update SafeModeStatus from SafeModeStatus{safeModeStatus=true, preCheckPassed=false} to SafeModeStatus{safeModeStatus=true, preCheckPassed=true}.
2023-07-05 13:45:07,733 [EventQueue-NodeRegistrationContainerReportForDataNodeSafeModeRule] INFO  pipeline.BackgroundPipelineCreator (BackgroundPipelineCreator.java:notifyEventTriggered(277)) - trigger a one-shot run on RatisPipelineUtilsThread.
2023-07-05 13:45:07,733 [RatisPipelineUtilsThread - 0] INFO  pipeline.RatisPipelineProvider (RatisPipelineProvider.java:lambda$create$0(206)) - Sending CreatePipelineCommand for pipeline:PipelineID=a5cef821-a6a8-4e1c-9145-c90f6c517f0c to datanode:eea920e5-eed2-4ccd-b274-7d8a7cd1384a
2023-07-05 13:45:07,734 [RatisPipelineUtilsThread - 0] INFO  pipeline.BackgroundPipelineCreator (BackgroundPipelineCreator.java:createPipelines(233)) - Created new pipeline Pipeline[ Id: a5cef821-a6a8-4e1c-9145-c90f6c517f0c, Nodes: eea920e5-eed2-4ccd-b274-7d8a7cd1384a(fv-az264-29.ca02foy5wcnuvlrvrz2wi3p2og.dx.internal.cloudapp.net/10.1.0.13), ReplicationConfig: RATIS/ONE, State:ALLOCATED, leaderId:, CreationTimestamp2023-07-05T13:45:07.733Z[Etc/UTC]]
2023-07-05 13:45:07,735 [RatisPipelineUtilsThread - 0] INFO  pipeline.RatisPipelineProvider (RatisPipelineProvider.java:lambda$create$0(206)) - Sending CreatePipelineCommand for pipeline:PipelineID=1e9ace5b-8c44-48ad-8708-bf2a86e0fefa to datanode:cf260cd7-cba0-4bd9-b172-726736faca1b
2023-07-05 13:45:07,735 [RatisPipelineUtilsThread - 0] INFO  pipeline.RatisPipelineProvider (RatisPipelineProvider.java:lambda$create$0(206)) - Sending CreatePipelineCommand for pipeline:PipelineID=1e9ace5b-8c44-48ad-8708-bf2a86e0fefa to datanode:eea920e5-eed2-4ccd-b274-7d8a7cd1384a
2023-07-05 13:45:07,735 [RatisPipelineUtilsThread - 0] INFO  pipeline.RatisPipelineProvider (RatisPipelineProvider.java:lambda$create$0(206)) - Sending CreatePipelineCommand for pipeline:PipelineID=1e9ace5b-8c44-48ad-8708-bf2a86e0fefa to datanode:b469f820-ca6e-4614-936b-d267e952ce44
2023-07-05 13:45:07,735 [RatisPipelineUtilsThread - 0] INFO  pipeline.BackgroundPipelineCreator (BackgroundPipelineCreator.java:createPipelines(233)) - Created new pipeline Pipeline[ Id: 1e9ace5b-8c44-48ad-8708-bf2a86e0fefa, Nodes: cf260cd7-cba0-4bd9-b172-726736faca1b(fv-az264-29.ca02foy5wcnuvlrvrz2wi3p2og.dx.internal.cloudapp.net/10.1.0.13)eea920e5-eed2-4ccd-b274-7d8a7cd1384a(fv-az264-29.ca02foy5wcnuvlrvrz2wi3p2og.dx.internal.cloudapp.net/10.1.0.13)b469f820-ca6e-4614-936b-d267e952ce44(fv-az264-29.ca02foy5wcnuvlrvrz2wi3p2og.dx.internal.cloudapp.net/10.1.0.13), ReplicationConfig: RATIS/THREE, State:ALLOCATED, leaderId:, CreationTimestamp2023-07-05T13:45:07.735Z[Etc/UTC]]
2023-07-05 13:45:07,736 [RatisPipelineUtilsThread - 0] INFO  pipeline.RatisPipelineProvider (RatisPipelineProvider.java:lambda$create$0(206)) - Sending CreatePipelineCommand for pipeline:PipelineID=44fbc6c9-e543-4df8-9e3c-1522c8774158 to datanode:cf260cd7-cba0-4bd9-b172-726736faca1b
2023-07-05 13:45:07,736 [RatisPipelineUtilsThread - 0] INFO  pipeline.RatisPipelineProvider (RatisPipelineProvider.java:lambda$create$0(206)) - Sending CreatePipelineCommand for pipeline:PipelineID=44fbc6c9-e543-4df8-9e3c-1522c8774158 to datanode:eea920e5-eed2-4ccd-b274-7d8a7cd1384a
2023-07-05 13:45:07,736 [RatisPipelineUtilsThread - 0] INFO  pipeline.RatisPipelineProvider (RatisPipelineProvider.java:lambda$create$0(206)) - Sending CreatePipelineCommand for pipeline:PipelineID=44fbc6c9-e543-4df8-9e3c-1522c8774158 to datanode:b469f820-ca6e-4614-936b-d267e952ce44
2023-07-05 13:45:07,736 [RatisPipelineUtilsThread - 0] INFO  pipeline.PipelineManagerImpl (PipelineManagerImpl.java:recordMetricsForPipeline(895)) - Pipeline: PipelineID=44fbc6c9-e543-4df8-9e3c-1522c8774158 contains same datanodes as previous pipelines: PipelineID=1e9ace5b-8c44-48ad-8708-bf2a86e0fefa nodeIds: cf260cd7-cba0-4bd9-b172-726736faca1b, eea920e5-eed2-4ccd-b274-7d8a7cd1384a, b469f820-ca6e-4614-936b-d267e952ce44
2023-07-05 13:45:07,736 [RatisPipelineUtilsThread - 0] INFO  pipeline.BackgroundPipelineCreator (BackgroundPipelineCreator.java:createPipelines(233)) - Created new pipeline Pipeline[ Id: 44fbc6c9-e543-4df8-9e3c-1522c8774158, Nodes: cf260cd7-cba0-4bd9-b172-726736faca1b(fv-az264-29.ca02foy5wcnuvlrvrz2wi3p2og.dx.internal.cloudapp.net/10.1.0.13)eea920e5-eed2-4ccd-b274-7d8a7cd1384a(fv-az264-29.ca02foy5wcnuvlrvrz2wi3p2og.dx.internal.cloudapp.net/10.1.0.13)b469f820-ca6e-4614-936b-d267e952ce44(fv-az264-29.ca02foy5wcnuvlrvrz2wi3p2og.dx.internal.cloudapp.net/10.1.0.13), ReplicationConfig: RATIS/THREE, State:ALLOCATED, leaderId:, CreationTimestamp2023-07-05T13:45:07.736Z[Etc/UTC]]
2023-07-05 13:45:07,736 [RatisPipelineUtilsThread - 0] WARN  pipeline.PipelinePlacementPolicy (PipelinePlacementPolicy.java:filterViableNodes(166)) - Pipeline creation failed due to no sufficient healthy datanodes. Required 3. Found 0. Excluded 3.
2023-07-05 13:45:07,737 [RatisPipelineUtilsThread - 0] WARN  pipeline.PipelinePlacementPolicy (PipelinePlacementPolicy.java:filterViableNodes(166)) - Pipeline creation failed due to no sufficient healthy datanodes. Required 3. Found 0. Excluded 3.
2023-07-05 13:45:08,112 [IPC Server handler 1 on default port 15267] INFO  net.NetworkTopologyImpl (NetworkTopologyImpl.java:add(112)) - Added a new node: /default-rack/6ab841ea-0799-402d-88dc-833ad02962b2
2023-07-05 13:45:08,112 [IPC Server handler 1 on default port 15267] INFO  node.SCMNodeManager (SCMNodeManager.java:register(405)) - Registered Data node : 6ab841ea-0799-402d-88dc-833ad02962b2{ip: 10.1.0.13, host: fv-az264-29.ca02foy5wcnuvlrvrz2wi3p2og.dx.internal.cloudapp.net, ports: [HTTP=15301, CLIENT_RPC=15302, REPLICATION=15308, RATIS=15304, RATIS_ADMIN=15305, RATIS_SERVER=15306, RATIS_DATASTREAM=15307, STANDALONE=15303], networkLocation: /default-rack, certSerialId: null, persistedOpState: null, persistedOpStateExpiryEpochSec: 0}
2023-07-05 13:45:08,112 [EventQueue-NewNodeForNewNodeHandler] INFO  pipeline.BackgroundPipelineCreator (BackgroundPipelineCreator.java:notifyEventTriggered(277)) - trigger a one-shot run on RatisPipelineUtilsThread.
2023-07-05 13:45:08,116 [RatisPipelineUtilsThread - 0] INFO  pipeline.RatisPipelineProvider (RatisPipelineProvider.java:lambda$create$0(206)) - Sending CreatePipelineCommand for pipeline:PipelineID=b6236499-a199-47cf-a4a9-9729437a2873 to datanode:6ab841ea-0799-402d-88dc-833ad02962b2
2023-07-05 13:45:08,118 [RatisPipelineUtilsThread - 0] INFO  pipeline.BackgroundPipelineCreator (BackgroundPipelineCreator.java:createPipelines(233)) - Created new pipeline Pipeline[ Id: b6236499-a199-47cf-a4a9-9729437a2873, Nodes: 6ab841ea-0799-402d-88dc-833ad02962b2(fv-az264-29.ca02foy5wcnuvlrvrz2wi3p2og.dx.internal.cloudapp.net/10.1.0.13), ReplicationConfig: RATIS/ONE, State:ALLOCATED, leaderId:, CreationTimestamp2023-07-05T13:45:08.116Z[Etc/UTC]]
2023-07-05 13:45:08,118 [RatisPipelineUtilsThread - 0] WARN  pipeline.PipelinePlacementPolicy (PipelinePlacementPolicy.java:filterViableNodes(166)) - Pipeline creation failed due to no sufficient healthy datanodes. Required 3. Found 1. Excluded 3.
2023-07-05 13:45:08,439 [Time-limited test] INFO  ozone.MiniOzoneClusterImpl (MiniOzoneClusterImpl.java:lambda$waitForClusterToBeReady$0(224)) - Waiting for nodes to be ready. Got 4 of 5 DN Heartbeats.
2023-07-05 13:45:08,439 [Time-limited test] INFO  ozone.MiniOzoneClusterImpl (MiniOzoneClusterImpl.java:lambda$waitForClusterToBeReady$0(227)) - Waiting for cluster to exit safe mode
2023-07-05 13:45:08,439 [Time-limited test] INFO  ozone.MiniOzoneClusterImpl (MiniOzoneClusterImpl.java:lambda$waitForClusterToBeReady$0(229)) - SCM became leader
2023-07-05 13:45:08,446 [IPC Server handler 3 on default port 15267] INFO  net.NetworkTopologyImpl (NetworkTopologyImpl.java:add(112)) - Added a new node: /default-rack/bdd24332-ebf5-4592-a5f9-8a3e8f136148
2023-07-05 13:45:08,446 [IPC Server handler 3 on default port 15267] INFO  node.SCMNodeManager (SCMNodeManager.java:register(405)) - Registered Data node : bdd24332-ebf5-4592-a5f9-8a3e8f136148{ip: 10.1.0.13, host: fv-az264-29.ca02foy5wcnuvlrvrz2wi3p2og.dx.internal.cloudapp.net, ports: [HTTP=15310, CLIENT_RPC=15311, REPLICATION=15317, RATIS=15313, RATIS_ADMIN=15314, RATIS_SERVER=15315, RATIS_DATASTREAM=15316, STANDALONE=15312], networkLocation: /default-rack, certSerialId: null, persistedOpState: null, persistedOpStateExpiryEpochSec: 0}
2023-07-05 13:45:08,447 [EventQueue-NewNodeForNewNodeHandler] INFO  pipeline.BackgroundPipelineCreator (BackgroundPipelineCreator.java:notifyEventTriggered(277)) - trigger a one-shot run on RatisPipelineUtilsThread.
2023-07-05 13:45:08,449 [RatisPipelineUtilsThread - 0] INFO  pipeline.RatisPipelineProvider (RatisPipelineProvider.java:lambda$create$0(206)) - Sending CreatePipelineCommand for pipeline:PipelineID=85f8b4c8-ee22-4920-b707-52717682d76f to datanode:bdd24332-ebf5-4592-a5f9-8a3e8f136148
2023-07-05 13:45:08,450 [RatisPipelineUtilsThread - 0] INFO  pipeline.BackgroundPipelineCreator (BackgroundPipelineCreator.java:createPipelines(233)) - Created new pipeline Pipeline[ Id: 85f8b4c8-ee22-4920-b707-52717682d76f, Nodes: bdd24332-ebf5-4592-a5f9-8a3e8f136148(fv-az264-29.ca02foy5wcnuvlrvrz2wi3p2og.dx.internal.cloudapp.net/10.1.0.13), ReplicationConfig: RATIS/ONE, State:ALLOCATED, leaderId:, CreationTimestamp2023-07-05T13:45:08.449Z[Etc/UTC]]
2023-07-05 13:45:08,450 [RatisPipelineUtilsThread - 0] WARN  pipeline.PipelinePlacementPolicy (PipelinePlacementPolicy.java:filterViableNodes(166)) - Pipeline creation failed due to no sufficient healthy datanodes. Required 3. Found 2. Excluded 3.
2023-07-05 13:45:08,687 [ReplicationMonitor] INFO  replication.ReplicationManager (ReplicationManager.java:processAll(361)) - Replication Manager is not ready to run until 3000ms after safemode exit
2023-07-05 13:45:09,440 [Time-limited test] INFO  ozone.MiniOzoneClusterImpl (MiniOzoneClusterImpl.java:lambda$waitForClusterToBeReady$0(224)) - Nodes are ready. Got 5 of 5 DN Heartbeats.
2023-07-05 13:45:09,440 [Time-limited test] INFO  ozone.MiniOzoneClusterImpl (MiniOzoneClusterImpl.java:lambda$waitForClusterToBeReady$0(227)) - Waiting for cluster to exit safe mode
2023-07-05 13:45:09,440 [Time-limited test] INFO  ozone.MiniOzoneClusterImpl (MiniOzoneClusterImpl.java:lambda$waitForClusterToBeReady$0(229)) - SCM became leader
2023-07-05 13:45:09,687 [ReplicationMonitor] INFO  replication.ReplicationManager (ReplicationManager.java:processAll(361)) - Replication Manager is not ready to run until 3000ms after safemode exit
2023-07-05 13:45:10,003 [PipelineCommandHandlerThread-0] INFO  server.RaftServer (RaftServerProxy.java:addNew(98)) - cf260cd7-cba0-4bd9-b172-726736faca1b: addNew group-05B733B5FA66:[cf260cd7-cba0-4bd9-b172-726736faca1b|rpc:10.1.0.13:15279|admin:10.1.0.13:15278|client:10.1.0.13:15277|dataStream:10.1.0.13:15280|priority:1|startupRole:FOLLOWER] returns group-05B733B5FA66:java.util.concurrent.CompletableFuture@768e5bcd[Not completed]
2023-07-05 13:45:10,004 [cf260cd7-cba0-4bd9-b172-726736faca1b-groupManagement] INFO  server.RaftServer$Division (RaftServerImpl.java:<init>(198)) - cf260cd7-cba0-4bd9-b172-726736faca1b: new RaftServerImpl for group-05B733B5FA66:[cf260cd7-cba0-4bd9-b172-726736faca1b|rpc:10.1.0.13:15279|admin:10.1.0.13:15278|client:10.1.0.13:15277|dataStream:10.1.0.13:15280|priority:1|startupRole:FOLLOWER] with ContainerStateMachine:uninitialized
2023-07-05 13:45:10,004 [cf260cd7-cba0-4bd9-b172-726736faca1b-groupManagement] INFO  server.RaftServerConfigKeys (ConfUtils.java:logGet(46)) - raft.server.rpc.timeout.min = 5s (custom)
2023-07-05 13:45:10,004 [cf260cd7-cba0-4bd9-b172-726736faca1b-groupManagement] INFO  server.RaftServerConfigKeys (ConfUtils.java:logGet(46)) - raft.server.rpc.timeout.max = 5200ms (custom)
2023-07-05 13:45:10,004 [cf260cd7-cba0-4bd9-b172-726736faca1b-groupManagement] INFO  server.RaftServerConfigKeys (ConfUtils.java:logGet(46)) - raft.server.rpc.sleep.time = 25ms (default)
2023-07-05 13:45:10,004 [cf260cd7-cba0-4bd9-b172-726736faca1b-groupManagement] INFO  server.RaftServerConfigKeys (ConfUtils.java:logGet(46)) - raft.server.rpc.slowness.timeout = 300s (custom)
2023-07-05 13:45:10,004 [cf260cd7-cba0-4bd9-b172-726736faca1b-groupManagement] INFO  server.RaftServerConfigKeys (ConfUtils.java:logGet(46)) - raft.server.leaderelection.leader.step-down.wait-time = 10s (default)
2023-07-05 13:45:10,004 [cf260cd7-cba0-4bd9-b172-726736faca1b-groupManagement] INFO  server.RaftServerConfigKeys (ConfUtils.java:logGet(46)) - raft.server.sleep.deviation.threshold = 300ms (default)
2023-07-05 13:45:10,005 [cf260cd7-cba0-4bd9-b172-726736faca1b-groupManagement] INFO  server.RaftServer$Division (ServerState.java:<init>(120)) - cf260cd7-cba0-4bd9-b172-726736faca1b@group-05B733B5FA66: ConfigurationManager, init=-1: peers:[cf260cd7-cba0-4bd9-b172-726736faca1b|rpc:10.1.0.13:15279|admin:10.1.0.13:15278|client:10.1.0.13:15277|dataStream:10.1.0.13:15280|priority:1|startupRole:FOLLOWER]|listeners:[], old=null, confs=<EMPTY_MAP>
2023-07-05 13:45:10,005 [cf260cd7-cba0-4bd9-b172-726736faca1b-groupManagement] INFO  server.RaftServerConfigKeys (ConfUtils.java:logGet(46)) - raft.server.storage.dir = [/home/runner/work/ozone/ozone/hadoop-ozone/integration-test/target/test-dir/MiniOzoneClusterImpl-b87fbc93-14ec-4c7b-9414-fd1969dd8eca/datanode-0/data/ratis] (custom)
2023-07-05 13:45:10,005 [cf260cd7-cba0-4bd9-b172-726736faca1b-groupManagement] INFO  server.RaftServerConfigKeys (ConfUtils.java:logGet(46)) - raft.server.log.corruption.policy = EXCEPTION (default)
2023-07-05 13:45:10,005 [cf260cd7-cba0-4bd9-b172-726736faca1b-groupManagement] INFO  server.RaftServerConfigKeys (ConfUtils.java:logGet(46)) - raft.server.storage.free-space.min = 0MB (=0) (default)
2023-07-05 13:45:10,005 [cf260cd7-cba0-4bd9-b172-726736faca1b-groupManagement] INFO  server.RaftServerConfigKeys (ConfUtils.java:logGet(46)) - raft.server.notification.no-leader.timeout = 300s (custom)
2023-07-05 13:45:10,005 [cf260cd7-cba0-4bd9-b172-726736faca1b-groupManagement] INFO  server.RaftServerConfigKeys (ConfUtils.java:logGet(46)) - raft.server.read.timeout = 10s (default)
2023-07-05 13:45:10,005 [cf260cd7-cba0-4bd9-b172-726736faca1b-groupManagement] INFO  server.RaftServerConfigKeys (ConfUtils.java:logGet(46)) - raft.server.retrycache.expirytime = 600000ms (custom)
2023-07-05 13:45:10,005 [cf260cd7-cba0-4bd9-b172-726736faca1b-groupManagement] INFO  server.RaftServerConfigKeys (ConfUtils.java:logGet(46)) - raft.server.retrycache.statistics.expirytime = 100μs (default)
2023-07-05 13:45:10,005 [cf260cd7-cba0-4bd9-b172-726736faca1b-groupManagement] INFO  server.RaftServerConfigKeys (ConfUtils.java:logGet(46)) - raft.server.read.option = DEFAULT (default)
2023-07-05 13:45:10,006 [cf260cd7-cba0-4bd9-b172-726736faca1b-groupManagement] INFO  server.RaftServerConfigKeys (ConfUtils.java:logGet(46)) - raft.server.rpc.request.timeout = 60s (custom)
2023-07-05 13:45:10,006 [cf260cd7-cba0-4bd9-b172-726736faca1b-groupManagement] INFO  server.RaftServerConfigKeys (ConfUtils.java:logGet(46)) - raft.server.log.appender.install.snapshot.enabled = false (custom)
2023-07-05 13:45:10,006 [cf260cd7-cba0-4bd9-b172-726736faca1b-groupManagement] INFO  server.RaftServerConfigKeys (ConfUtils.java:logGet(46)) - raft.server.threadpool.server.cached = true (default)
2023-07-05 13:45:10,006 [cf260cd7-cba0-4bd9-b172-726736faca1b-groupManagement] INFO  server.RaftServerConfigKeys (ConfUtils.java:logGet(46)) - raft.server.threadpool.server.size = 0 (default)
2023-07-05 13:45:10,006 [cf260cd7-cba0-4bd9-b172-726736faca1b-groupManagement] INFO  server.RaftServerConfigKeys (ConfUtils.java:logGet(46)) - raft.server.threadpool.client.cached = true (default)
2023-07-05 13:45:10,006 [cf260cd7-cba0-4bd9-b172-726736faca1b-groupManagement] INFO  server.RaftServerConfigKeys (ConfUtils.java:logGet(46)) - raft.server.threadpool.client.size = 0 (default)
2023-07-05 13:45:10,006 [cf260cd7-cba0-4bd9-b172-726736faca1b-groupManagement] INFO  storage.RaftStorageDirectory (RaftStorageDirectoryImpl.java:analyzeStorage(137)) - The storage directory /home/runner/work/ozone/ozone/hadoop-ozone/integration-test/target/test-dir/MiniOzoneClusterImpl-b87fbc93-14ec-4c7b-9414-fd1969dd8eca/datanode-0/data/ratis/ff0d3d46-5d3a-4d90-a656-05b733b5fa66 does not exist. Creating ...
2023-07-05 13:45:10,008 [cf260cd7-cba0-4bd9-b172-726736faca1b-groupManagement] INFO  storage.RaftStorageDirectory (RaftStorageDirectoryImpl.java:tryLock(231)) - Lock on /home/runner/work/ozone/ozone/hadoop-ozone/integration-test/target/test-dir/MiniOzoneClusterImpl-b87fbc93-14ec-4c7b-9414-fd1969dd8eca/datanode-0/data/ratis/ff0d3d46-5d3a-4d90-a656-05b733b5fa66/in_use.lock acquired by nodename 25537@fv-az264-29
2023-07-05 13:45:10,009 [cf260cd7-cba0-4bd9-b172-726736faca1b-groupManagement] INFO  storage.RaftStorage (RaftStorageImpl.java:format(96)) - Storage directory /home/runner/work/ozone/ozone/hadoop-ozone/integration-test/target/test-dir/MiniOzoneClusterImpl-b87fbc93-14ec-4c7b-9414-fd1969dd8eca/datanode-0/data/ratis/ff0d3d46-5d3a-4d90-a656-05b733b5fa66 has been successfully formatted.
2023-07-05 13:45:10,011 [cf260cd7-cba0-4bd9-b172-726736faca1b-groupManagement] INFO  ratis.ContainerStateMachine (ContainerStateMachine.java:loadSnapshot(262)) - group-05B733B5FA66: The snapshot info is null. Setting the last applied indexto:(t:0, i:~)
2023-07-05 13:45:10,011 [cf260cd7-cba0-4bd9-b172-726736faca1b-groupManagement] INFO  server.RaftServerConfigKeys (ConfUtils.java:logGet(46)) - raft.server.log.use.memory = false (default)
2023-07-05 13:45:10,011 [cf260cd7-cba0-4bd9-b172-726736faca1b-groupManagement] INFO  server.RaftServerConfigKeys (ConfUtils.java:logGet(46)) - raft.server.log.purge.gap = 1000000 (custom)
2023-07-05 13:45:10,011 [cf260cd7-cba0-4bd9-b172-726736faca1b-groupManagement] INFO  server.RaftServerConfigKeys (ConfUtils.java:logGet(46)) - raft.server.log.appender.buffer.byte-limit = 33554432 (custom)
2023-07-05 13:45:10,012 [cf260cd7-cba0-4bd9-b172-726736faca1b-groupManagement] INFO  server.RaftServerConfigKeys (ConfUtils.java:logGet(46)) - raft.server.log.statemachine.data.read.timeout = 1000ms (default)
2023-07-05 13:45:10,012 [cf260cd7-cba0-4bd9-b172-726736faca1b-groupManagement] INFO  server.RaftServerConfigKeys (ConfUtils.java:logGet(46)) - raft.server.log.purge.preservation.log.num = 0 (default)
2023-07-05 13:45:10,012 [cf260cd7-cba0-4bd9-b172-726736faca1b-groupManagement] INFO  server.RaftServerConfigKeys (ConfUtils.java:logGet(46)) - raft.server.log.segment.size.max = 1048576 (custom)
2023-07-05 13:45:10,012 [cf260cd7-cba0-4bd9-b172-726736faca1b-groupManagement] INFO  server.RaftServerConfigKeys (ConfUtils.java:logGet(46)) - raft.server.log.segment.cache.num.max = 2 (custom)
2023-07-05 13:45:10,012 [cf260cd7-cba0-4bd9-b172-726736faca1b-groupManagement] INFO  server.RaftServerConfigKeys (ConfUtils.java:logGet(46)) - raft.server.log.segment.cache.size.max = 200MB (=209715200) (default)
2023-07-05 13:45:10,012 [EventQueue-PipelineReportForPipelineReportHandler] INFO  pipeline.PipelineReportHandler (PipelineReportHandler.java:processPipelineReport(136)) - Opened pipeline PipelineID=ff0d3d46-5d3a-4d90-a656-05b733b5fa66
2023-07-05 13:45:10,012 [cf260cd7-cba0-4bd9-b172-726736faca1b-groupManagement] INFO  server.RaftServerConfigKeys (ConfUtils.java:logGet(46)) - raft.server.log.appender.buffer.byte-limit = 33554432 (custom)
2023-07-05 13:45:10,013 [cf260cd7-cba0-4bd9-b172-726736faca1b-groupManagement] INFO  segmented.SegmentedRaftLogWorker (SegmentedRaftLogWorker.java:<init>(188)) - new cf260cd7-cba0-4bd9-b172-726736faca1b@group-05B733B5FA66-SegmentedRaftLogWorker for RaftStorageImpl:Storage Directory /home/runner/work/ozone/ozone/hadoop-ozone/integration-test/target/test-dir/MiniOzoneClusterImpl-b87fbc93-14ec-4c7b-9414-fd1969dd8eca/datanode-0/data/ratis/ff0d3d46-5d3a-4d90-a656-05b733b5fa66
2023-07-05 13:45:10,013 [cf260cd7-cba0-4bd9-b172-726736faca1b-groupManagement] INFO  server.RaftServerConfigKeys (ConfUtils.java:logGet(46)) - raft.server.log.queue.byte-limit = 4294967296 (custom)
2023-07-05 13:45:10,013 [cf260cd7-cba0-4bd9-b172-726736faca1b-groupManagement] INFO  server.RaftServerConfigKeys (ConfUtils.java:logGet(46)) - raft.server.log.queue.element-limit = 1024 (custom)
2023-07-05 13:45:10,013 [cf260cd7-cba0-4bd9-b172-726736faca1b-groupManagement] INFO  server.RaftServerConfigKeys (ConfUtils.java:logGet(46)) - raft.server.log.segment.size.max = 1048576 (custom)
2023-07-05 13:45:10,014 [cf260cd7-cba0-4bd9-b172-726736faca1b-groupManagement] INFO  server.RaftServerConfigKeys (ConfUtils.java:logGet(46)) - raft.server.log.preallocated.size = 16384 (custom)
2023-07-05 13:45:10,014 [cf260cd7-cba0-4bd9-b172-726736faca1b-groupManagement] INFO  server.RaftServerConfigKeys (ConfUtils.java:logGet(46)) - raft.server.log.force.sync.num = 128 (default)
2023-07-05 13:45:10,014 [cf260cd7-cba0-4bd9-b172-726736faca1b-groupManagement] INFO  server.RaftServerConfigKeys (ConfUtils.java:logGet(46)) - raft.server.log.statemachine.data.sync = true (default)
2023-07-05 13:45:10,019 [cf260cd7-cba0-4bd9-b172-726736faca1b-groupManagement] INFO  server.RaftServerConfigKeys (ConfUtils.java:logGet(46)) - raft.server.log.statemachine.data.sync.timeout = 10s (default)
2023-07-05 13:45:10,019 [EventQueue-OpenPipelineForHealthyPipelineSafeModeRule] INFO  safemode.SCMSafeModeManager (HealthyPipelineSafeModeRule.java:process(137)) - SCM in safe mode. Healthy pipelines reported count is 0, required healthy pipeline reported count is 1
2023-07-05 13:45:10,019 [cf260cd7-cba0-4bd9-b172-726736faca1b-groupManagement] INFO  server.RaftServerConfigKeys (ConfUtils.java:logGet(46)) - raft.server.log.statemachine.data.sync.timeout.retry = -1 (default)
2023-07-05 13:45:10,019 [cf260cd7-cba0-4bd9-b172-726736faca1b-groupManagement] INFO  server.RaftServerConfigKeys (ConfUtils.java:logGet(46)) - raft.server.log.write.buffer.size = 1048576 (custom)
2023-07-05 13:45:10,020 [cf260cd7-cba0-4bd9-b172-726736faca1b-groupManagement] INFO  server.RaftServerConfigKeys (ConfUtils.java:logGet(46)) - raft.server.log.appender.buffer.byte-limit = 33554432 (custom)
2023-07-05 13:45:10,025 [cf260cd7-cba0-4bd9-b172-726736faca1b-groupManagement] INFO  server.RaftServerConfigKeys (ConfUtils.java:logGet(46)) - raft.server.log.unsafe-flush.enabled = false (default)
2023-07-05 13:45:10,026 [cf260cd7-cba0-4bd9-b172-726736faca1b-groupManagement] INFO  server.RaftServerConfigKeys (ConfUtils.java:logGet(46)) - raft.server.log.async-flush.enabled = false (default)
2023-07-05 13:45:10,026 [cf260cd7-cba0-4bd9-b172-726736faca1b-groupManagement] INFO  server.RaftServerConfigKeys (ConfUtils.java:logGet(46)) - raft.server.log.statemachine.data.caching.enabled = true (custom)
2023-07-05 13:45:10,026 [cf260cd7-cba0-4bd9-b172-726736faca1b-groupManagement] INFO  segmented.SegmentedRaftLogWorker (SegmentedRaftLogWorker.java:lambda$new$0(135)) - cf260cd7-cba0-4bd9-b172-726736faca1b@group-05B733B5FA66-SegmentedRaftLogWorker: flushIndex: setUnconditionally 0 -> -1
2023-07-05 13:45:10,026 [cf260cd7-cba0-4bd9-b172-726736faca1b-groupManagement] INFO  segmented.SegmentedRaftLogWorker (SegmentedRaftLogWorker.java:lambda$new$0(135)) - cf260cd7-cba0-4bd9-b172-726736faca1b@group-05B733B5FA66-SegmentedRaftLogWorker: safeCacheEvictIndex: setUnconditionally 0 -> -1
2023-07-05 13:45:10,026 [cf260cd7-cba0-4bd9-b172-726736faca1b-groupManagement] INFO  server.RaftServer$Division (RaftServerImpl.java:start(342)) - cf260cd7-cba0-4bd9-b172-726736faca1b@group-05B733B5FA66: start as a follower, conf=-1: peers:[cf260cd7-cba0-4bd9-b172-726736faca1b|rpc:10.1.0.13:15279|admin:10.1.0.13:15278|client:10.1.0.13:15277|dataStream:10.1.0.13:15280|priority:1|startupRole:FOLLOWER]|listeners:[], old=null
2023-07-05 13:45:10,026 [cf260cd7-cba0-4bd9-b172-726736faca1b-groupManagement] INFO  server.RaftServer$Division (RaftServerImpl.java:setRole(329)) - cf260cd7-cba0-4bd9-b172-726736faca1b@group-05B733B5FA66: changes role from      null to FOLLOWER at term 0 for startAsFollower
2023-07-05 13:45:10,026 [cf260cd7-cba0-4bd9-b172-726736faca1b-groupManagement] INFO  impl.RoleInfo (RoleInfo.java:updateAndGet(139)) - cf260cd7-cba0-4bd9-b172-726736faca1b: start cf260cd7-cba0-4bd9-b172-726736faca1b@group-05B733B5FA66-FollowerState
2023-07-05 13:45:10,027 [cf260cd7-cba0-4bd9-b172-726736faca1b-groupManagement] INFO  util.JmxRegister (JmxRegister.java:tryRegister(44)) - Successfully registered JMX Bean with object name Ratis:service=RaftServer,group=group-05B733B5FA66,id=cf260cd7-cba0-4bd9-b172-726736faca1b
2023-07-05 13:45:10,027 [cf260cd7-cba0-4bd9-b172-726736faca1b@group-05B733B5FA66-FollowerState] INFO  server.RaftServerConfigKeys (ConfUtils.java:logFallback(53)) - raft.server.rpc.first-election.timeout.min = 5s (fallback to raft.server.rpc.timeout.min)
2023-07-05 13:45:10,027 [cf260cd7-cba0-4bd9-b172-726736faca1b-groupManagement] INFO  server.RaftServerConfigKeys (ConfUtils.java:logGet(46)) - raft.server.snapshot.auto.trigger.enabled = true (custom)
2023-07-05 13:45:10,027 [cf260cd7-cba0-4bd9-b172-726736faca1b@group-05B733B5FA66-FollowerState] INFO  server.RaftServerConfigKeys (ConfUtils.java:logFallback(53)) - raft.server.rpc.first-election.timeout.max = 5200ms (fallback to raft.server.rpc.timeout.max)
2023-07-05 13:45:10,027 [cf260cd7-cba0-4bd9-b172-726736faca1b-groupManagement] INFO  server.RaftServerConfigKeys (ConfUtils.java:logGet(46)) - raft.server.snapshot.auto.trigger.threshold = 10000 (custom)
2023-07-05 13:45:10,027 [cf260cd7-cba0-4bd9-b172-726736faca1b-groupManagement] INFO  server.RaftServerConfigKeys (ConfUtils.java:logGet(46)) - raft.server.snapshot.retention.file.num = 5 (custom)
2023-07-05 13:45:10,027 [cf260cd7-cba0-4bd9-b172-726736faca1b-groupManagement] INFO  server.RaftServerConfigKeys (ConfUtils.java:logGet(46)) - raft.server.log.purge.upto.snapshot.index = false (default)
2023-07-05 13:45:10,028 [PipelineCommandHandlerThread-0] INFO  ratis.XceiverServerRatis (XceiverServerRatis.java:addGroup(804)) - Created group PipelineID=ff0d3d46-5d3a-4d90-a656-05b733b5fa66
2023-07-05 13:45:10,028 [PipelineCommandHandlerThread-0] INFO  commandhandler.CreatePipelineCommandHandler (CreatePipelineCommandHandler.java:lambda$handle$2(124)) - Created Pipeline RATIS ONE PipelineID=ff0d3d46-5d3a-4d90-a656-05b733b5fa66.
2023-07-05 13:45:10,028 [PipelineCommandHandlerThread-0] INFO  server.RaftServer (RaftServerProxy.java:addNew(98)) - cf260cd7-cba0-4bd9-b172-726736faca1b: addNew group-BF2A86E0FEFA:[eea920e5-eed2-4ccd-b274-7d8a7cd1384a|rpc:10.1.0.13:15297|admin:10.1.0.13:15296|client:10.1.0.13:15295|dataStream:10.1.0.13:15298|priority:1|startupRole:FOLLOWER, cf260cd7-cba0-4bd9-b172-726736faca1b|rpc:10.1.0.13:15279|admin:10.1.0.13:15278|client:10.1.0.13:15277|dataStream:10.1.0.13:15280|priority:0|startupRole:FOLLOWER, b469f820-ca6e-4614-936b-d267e952ce44|rpc:10.1.0.13:15288|admin:10.1.0.13:15287|client:10.1.0.13:15286|dataStream:10.1.0.13:15289|priority:0|startupRole:FOLLOWER] returns group-BF2A86E0FEFA:java.util.concurrent.CompletableFuture@72b1d1c4[Not completed]
2023-07-05 13:45:10,029 [cf260cd7-cba0-4bd9-b172-726736faca1b-groupManagement] INFO  server.RaftServer$Division (RaftServerImpl.java:<init>(198)) - cf260cd7-cba0-4bd9-b172-726736faca1b: new RaftServerImpl for group-BF2A86E0FEFA:[eea920e5-eed2-4ccd-b274-7d8a7cd1384a|rpc:10.1.0.13:15297|admin:10.1.0.13:15296|client:10.1.0.13:15295|dataStream:10.1.0.13:15298|priority:1|startupRole:FOLLOWER, cf260cd7-cba0-4bd9-b172-726736faca1b|rpc:10.1.0.13:15279|admin:10.1.0.13:15278|client:10.1.0.13:15277|dataStream:10.1.0.13:15280|priority:0|startupRole:FOLLOWER, b469f820-ca6e-4614-936b-d267e952ce44|rpc:10.1.0.13:15288|admin:10.1.0.13:15287|client:10.1.0.13:15286|dataStream:10.1.0.13:15289|priority:0|startupRole:FOLLOWER] with ContainerStateMachine:uninitialized
2023-07-05 13:45:10,029 [cf260cd7-cba0-4bd9-b172-726736faca1b-groupManagement] INFO  server.RaftServerConfigKeys (ConfUtils.java:logGet(46)) - raft.server.rpc.timeout.min = 5s (custom)
2023-07-05 13:45:10,029 [cf260cd7-cba0-4bd9-b172-726736faca1b-groupManagement] INFO  server.RaftServerConfigKeys (ConfUtils.java:logGet(46)) - raft.server.rpc.timeout.max = 5200ms (custom)
2023-07-05 13:45:10,029 [cf260cd7-cba0-4bd9-b172-726736faca1b-groupManagement] INFO  server.RaftServerConfigKeys (ConfUtils.java:logGet(46)) - raft.server.rpc.sleep.time = 25ms (default)
2023-07-05 13:45:10,029 [cf260cd7-cba0-4bd9-b172-726736faca1b-groupManagement] INFO  server.RaftServerConfigKeys (ConfUtils.java:logGet(46)) - raft.server.rpc.slowness.timeout = 300s (custom)
2023-07-05 13:45:10,029 [cf260cd7-cba0-4bd9-b172-726736faca1b-groupManagement] INFO  server.RaftServerConfigKeys (ConfUtils.java:logGet(46)) - raft.server.leaderelection.leader.step-down.wait-time = 10s (default)
2023-07-05 13:45:10,029 [cf260cd7-cba0-4bd9-b172-726736faca1b-groupManagement] INFO  server.RaftServerConfigKeys (ConfUtils.java:logGet(46)) - raft.server.sleep.deviation.threshold = 300ms (default)
2023-07-05 13:45:10,029 [cf260cd7-cba0-4bd9-b172-726736faca1b-groupManagement] INFO  server.RaftServer$Division (ServerState.java:<init>(120)) - cf260cd7-cba0-4bd9-b172-726736faca1b@group-BF2A86E0FEFA: ConfigurationManager, init=-1: peers:[eea920e5-eed2-4ccd-b274-7d8a7cd1384a|rpc:10.1.0.13:15297|admin:10.1.0.13:15296|client:10.1.0.13:15295|dataStream:10.1.0.13:15298|priority:1|startupRole:FOLLOWER, cf260cd7-cba0-4bd9-b172-726736faca1b|rpc:10.1.0.13:15279|admin:10.1.0.13:15278|client:10.1.0.13:15277|dataStream:10.1.0.13:15280|priority:0|startupRole:FOLLOWER, b469f820-ca6e-4614-936b-d267e952ce44|rpc:10.1.0.13:15288|admin:10.1.0.13:15287|client:10.1.0.13:15286|dataStream:10.1.0.13:15289|priority:0|startupRole:FOLLOWER]|listeners:[], old=null, confs=<EMPTY_MAP>
2023-07-05 13:45:10,029 [cf260cd7-cba0-4bd9-b172-726736faca1b-groupManagement] INFO  server.RaftServerConfigKeys (ConfUtils.java:logGet(46)) - raft.server.storage.dir = [/home/runner/work/ozone/ozone/hadoop-ozone/integration-test/target/test-dir/MiniOzoneClusterImpl-b87fbc93-14ec-4c7b-9414-fd1969dd8eca/datanode-0/data/ratis] (custom)
2023-07-05 13:45:10,029 [cf260cd7-cba0-4bd9-b172-726736faca1b-groupManagement] INFO  server.RaftServerConfigKeys (ConfUtils.java:logGet(46)) - raft.server.log.corruption.policy = EXCEPTION (default)
2023-07-05 13:45:10,029 [cf260cd7-cba0-4bd9-b172-726736faca1b-groupManagement] INFO  server.RaftServerConfigKeys (ConfUtils.java:logGet(46)) - raft.server.storage.free-space.min = 0MB (=0) (default)
2023-07-05 13:45:10,030 [cf260cd7-cba0-4bd9-b172-726736faca1b-groupManagement] INFO  server.RaftServerConfigKeys (ConfUtils.java:logGet(46)) - raft.server.notification.no-leader.timeout = 300s (custom)
2023-07-05 13:45:10,030 [cf260cd7-cba0-4bd9-b172-726736faca1b-groupManagement] INFO  server.RaftServerConfigKeys (ConfUtils.java:logGet(46)) - raft.server.read.timeout = 10s (default)
2023-07-05 13:45:10,030 [cf260cd7-cba0-4bd9-b172-726736faca1b-groupManagement] INFO  server.RaftServerConfigKeys (ConfUtils.java:logGet(46)) - raft.server.retrycache.expirytime = 600000ms (custom)
2023-07-05 13:45:10,030 [cf260cd7-cba0-4bd9-b172-726736faca1b-groupManagement] INFO  server.RaftServerConfigKeys (ConfUtils.java:logGet(46)) - raft.server.retrycache.statistics.expirytime = 100μs (default)
2023-07-05 13:45:10,030 [cf260cd7-cba0-4bd9-b172-726736faca1b-groupManagement] INFO  server.RaftServerConfigKeys (ConfUtils.java:logGet(46)) - raft.server.read.option = DEFAULT (default)
2023-07-05 13:45:10,030 [cf260cd7-cba0-4bd9-b172-726736faca1b-groupManagement] INFO  server.RaftServerConfigKeys (ConfUtils.java:logGet(46)) - raft.server.rpc.request.timeout = 60s (custom)
2023-07-05 13:45:10,030 [cf260cd7-cba0-4bd9-b172-726736faca1b-groupManagement] INFO  server.RaftServerConfigKeys (ConfUtils.java:logGet(46)) - raft.server.log.appender.install.snapshot.enabled = false (custom)
2023-07-05 13:45:10,030 [cf260cd7-cba0-4bd9-b172-726736faca1b-groupManagement] INFO  server.RaftServerConfigKeys (ConfUtils.java:logGet(46)) - raft.server.threadpool.server.cached = true (default)
2023-07-05 13:45:10,030 [cf260cd7-cba0-4bd9-b172-726736faca1b-groupManagement] INFO  server.RaftServerConfigKeys (ConfUtils.java:logGet(46)) - raft.server.threadpool.server.size = 0 (default)
2023-07-05 13:45:10,030 [cf260cd7-cba0-4bd9-b172-726736faca1b-groupManagement] INFO  server.RaftServerConfigKeys (ConfUtils.java:logGet(46)) - raft.server.threadpool.client.cached = true (default)
2023-07-05 13:45:10,031 [cf260cd7-cba0-4bd9-b172-726736faca1b-groupManagement] INFO  server.RaftServerConfigKeys (ConfUtils.java:logGet(46)) - raft.server.threadpool.client.size = 0 (default)
2023-07-05 13:45:10,031 [cf260cd7-cba0-4bd9-b172-726736faca1b-groupManagement] INFO  storage.RaftStorageDirectory (RaftStorageDirectoryImpl.java:analyzeStorage(137)) - The storage directory /home/runner/work/ozone/ozone/hadoop-ozone/integration-test/target/test-dir/MiniOzoneClusterImpl-b87fbc93-14ec-4c7b-9414-fd1969dd8eca/datanode-0/data/ratis/1e9ace5b-8c44-48ad-8708-bf2a86e0fefa does not exist. Creating ...
2023-07-05 13:45:10,032 [cf260cd7-cba0-4bd9-b172-726736faca1b-groupManagement] INFO  storage.RaftStorageDirectory (RaftStorageDirectoryImpl.java:tryLock(231)) - Lock on /home/runner/work/ozone/ozone/hadoop-ozone/integration-test/target/test-dir/MiniOzoneClusterImpl-b87fbc93-14ec-4c7b-9414-fd1969dd8eca/datanode-0/data/ratis/1e9ace5b-8c44-48ad-8708-bf2a86e0fefa/in_use.lock acquired by nodename 25537@fv-az264-29
2023-07-05 13:45:10,033 [cf260cd7-cba0-4bd9-b172-726736faca1b-groupManagement] INFO  storage.RaftStorage (RaftStorageImpl.java:format(96)) - Storage directory /home/runner/work/ozone/ozone/hadoop-ozone/integration-test/target/test-dir/MiniOzoneClusterImpl-b87fbc93-14ec-4c7b-9414-fd1969dd8eca/datanode-0/data/ratis/1e9ace5b-8c44-48ad-8708-bf2a86e0fefa has been successfully formatted.
2023-07-05 13:45:10,033 [cf260cd7-cba0-4bd9-b172-726736faca1b-groupManagement] INFO  ratis.ContainerStateMachine (ContainerStateMachine.java:loadSnapshot(262)) - group-BF2A86E0FEFA: The snapshot info is null. Setting the last applied indexto:(t:0, i:~)
2023-07-05 13:45:10,033 [cf260cd7-cba0-4bd9-b172-726736faca1b-groupManagement] INFO  server.RaftServerConfigKeys (ConfUtils.java:logGet(46)) - raft.server.log.use.memory = false (default)
2023-07-05 13:45:10,033 [cf260cd7-cba0-4bd9-b172-726736faca1b-groupManagement] INFO  server.RaftServerConfigKeys (ConfUtils.java:logGet(46)) - raft.server.log.purge.gap = 1000000 (custom)
2023-07-05 13:45:10,034 [cf260cd7-cba0-4bd9-b172-726736faca1b-groupManagement] INFO  server.RaftServerConfigKeys (ConfUtils.java:logGet(46)) - raft.server.log.appender.buffer.byte-limit = 33554432 (custom)
2023-07-05 13:45:10,034 [cf260cd7-cba0-4bd9-b172-726736faca1b-groupManagement] INFO  server.RaftServerConfigKeys (ConfUtils.java:logGet(46)) - raft.server.log.statemachine.data.read.timeout = 1000ms (default)
2023-07-05 13:45:10,034 [cf260cd7-cba0-4bd9-b172-726736faca1b-groupManagement] INFO  server.RaftServerConfigKeys (ConfUtils.java:logGet(46)) - raft.server.log.purge.preservation.log.num = 0 (default)
2023-07-05 13:45:10,034 [cf260cd7-cba0-4bd9-b172-726736faca1b-groupManagement] INFO  server.RaftServerConfigKeys (ConfUtils.java:logGet(46)) - raft.server.log.segment.size.max = 1048576 (custom)
2023-07-05 13:45:10,034 [cf260cd7-cba0-4bd9-b172-726736faca1b-groupManagement] INFO  server.RaftServerConfigKeys (ConfUtils.java:logGet(46)) - raft.server.log.segment.cache.num.max = 2 (custom)
2023-07-05 13:45:10,034 [cf260cd7-cba0-4bd9-b172-726736faca1b-groupManagement] INFO  server.RaftServerConfigKeys (ConfUtils.java:logGet(46)) - raft.server.log.segment.cache.size.max = 200MB (=209715200) (default)
2023-07-05 13:45:10,034 [cf260cd7-cba0-4bd9-b172-726736faca1b-groupManagement] INFO  server.RaftServerConfigKeys (ConfUtils.java:logGet(46)) - raft.server.log.appender.buffer.byte-limit = 33554432 (custom)
2023-07-05 13:45:10,034 [cf260cd7-cba0-4bd9-b172-726736faca1b-groupManagement] INFO  segmented.SegmentedRaftLogWorker (SegmentedRaftLogWorker.java:<init>(188)) - new cf260cd7-cba0-4bd9-b172-726736faca1b@group-BF2A86E0FEFA-SegmentedRaftLogWorker for RaftStorageImpl:Storage Directory /home/runner/work/ozone/ozone/hadoop-ozone/integration-test/target/test-dir/MiniOzoneClusterImpl-b87fbc93-14ec-4c7b-9414-fd1969dd8eca/datanode-0/data/ratis/1e9ace5b-8c44-48ad-8708-bf2a86e0fefa
2023-07-05 13:45:10,034 [EventQueue-OpenPipelineForHealthyPipelineSafeModeRule] INFO  safemode.SCMSafeModeManager (HealthyPipelineSafeModeRule.java:process(137)) - SCM in safe mode. Healthy pipelines reported count is 0, required healthy pipeline reported count is 1
2023-07-05 13:45:10,034 [cf260cd7-cba0-4bd9-b172-726736faca1b-groupManagement] INFO  server.RaftServerConfigKeys (ConfUtils.java:logGet(46)) - raft.server.log.queue.byte-limit = 4294967296 (custom)
2023-07-05 13:45:10,035 [cf260cd7-cba0-4bd9-b172-726736faca1b-groupManagement] INFO  server.RaftServerConfigKeys (ConfUtils.java:logGet(46)) - raft.server.log.queue.element-limit = 1024 (custom)
2023-07-05 13:45:10,035 [cf260cd7-cba0-4bd9-b172-726736faca1b-groupManagement] INFO  server.RaftServerConfigKeys (ConfUtils.java:logGet(46)) - raft.server.log.segment.size.max = 1048576 (custom)
2023-07-05 13:45:10,035 [cf260cd7-cba0-4bd9-b172-726736faca1b-groupManagement] INFO  server.RaftServerConfigKeys (ConfUtils.java:logGet(46)) - raft.server.log.preallocated.size = 16384 (custom)
2023-07-05 13:45:10,035 [cf260cd7-cba0-4bd9-b172-726736faca1b-groupManagement] INFO  server.RaftServerConfigKeys (ConfUtils.java:logGet(46)) - raft.server.log.force.sync.num = 128 (default)
2023-07-05 13:45:10,035 [cf260cd7-cba0-4bd9-b172-726736faca1b-groupManagement] INFO  server.RaftServerConfigKeys (ConfUtils.java:logGet(46)) - raft.server.log.statemachine.data.sync = true (default)
2023-07-05 13:45:10,035 [cf260cd7-cba0-4bd9-b172-726736faca1b-groupManagement] INFO  server.RaftServerConfigKeys (ConfUtils.java:logGet(46)) - raft.server.log.statemachine.data.sync.timeout = 10s (default)
2023-07-05 13:45:10,035 [cf260cd7-cba0-4bd9-b172-726736faca1b-groupManagement] INFO  server.RaftServerConfigKeys (ConfUtils.java:logGet(46)) - raft.server.log.statemachine.data.sync.timeout.retry = -1 (default)
2023-07-05 13:45:10,035 [cf260cd7-cba0-4bd9-b172-726736faca1b-groupManagement] INFO  server.RaftServerConfigKeys (ConfUtils.java:logGet(46)) - raft.server.log.write.buffer.size = 1048576 (custom)
2023-07-05 13:45:10,036 [cf260cd7-cba0-4bd9-b172-726736faca1b-groupManagement] INFO  server.RaftServerConfigKeys (ConfUtils.java:logGet(46)) - raft.server.log.appender.buffer.byte-limit = 33554432 (custom)
2023-07-05 13:45:10,041 [cf260cd7-cba0-4bd9-b172-726736faca1b-groupManagement] INFO  server.RaftServerConfigKeys (ConfUtils.java:logGet(46)) - raft.server.log.unsafe-flush.enabled = false (default)
2023-07-05 13:45:10,041 [cf260cd7-cba0-4bd9-b172-726736faca1b-groupManagement] INFO  server.RaftServerConfigKeys (ConfUtils.java:logGet(46)) - raft.server.log.async-flush.enabled = false (default)
2023-07-05 13:45:10,041 [cf260cd7-cba0-4bd9-b172-726736faca1b-groupManagement] INFO  server.RaftServerConfigKeys (ConfUtils.java:logGet(46)) - raft.server.log.statemachine.data.caching.enabled = true (custom)
2023-07-05 13:45:10,042 [cf260cd7-cba0-4bd9-b172-726736faca1b-groupManagement] INFO  segmented.SegmentedRaftLogWorker (SegmentedRaftLogWorker.java:lambda$new$0(135)) - cf260cd7-cba0-4bd9-b172-726736faca1b@group-BF2A86E0FEFA-SegmentedRaftLogWorker: flushIndex: setUnconditionally 0 -> -1
2023-07-05 13:45:10,042 [cf260cd7-cba0-4bd9-b172-726736faca1b-groupManagement] INFO  segmented.SegmentedRaftLogWorker (SegmentedRaftLogWorker.java:lambda$new$0(135)) - cf260cd7-cba0-4bd9-b172-726736faca1b@group-BF2A86E0FEFA-SegmentedRaftLogWorker: safeCacheEvictIndex: setUnconditionally 0 -> -1
2023-07-05 13:45:10,042 [cf260cd7-cba0-4bd9-b172-726736faca1b-groupManagement] INFO  server.RaftServer$Division (RaftServerImpl.java:start(342)) - cf260cd7-cba0-4bd9-b172-726736faca1b@group-BF2A86E0FEFA: start as a follower, conf=-1: peers:[eea920e5-eed2-4ccd-b274-7d8a7cd1384a|rpc:10.1.0.13:15297|admin:10.1.0.13:15296|client:10.1.0.13:15295|dataStream:10.1.0.13:15298|priority:1|startupRole:FOLLOWER, cf260cd7-cba0-4bd9-b172-726736faca1b|rpc:10.1.0.13:15279|admin:10.1.0.13:15278|client:10.1.0.13:15277|dataStream:10.1.0.13:15280|priority:0|startupRole:FOLLOWER, b469f820-ca6e-4614-936b-d267e952ce44|rpc:10.1.0.13:15288|admin:10.1.0.13:15287|client:10.1.0.13:15286|dataStream:10.1.0.13:15289|priority:0|startupRole:FOLLOWER]|listeners:[], old=null
2023-07-05 13:45:10,042 [cf260cd7-cba0-4bd9-b172-726736faca1b-groupManagement] INFO  server.RaftServer$Division (RaftServerImpl.java:setRole(329)) - cf260cd7-cba0-4bd9-b172-726736faca1b@group-BF2A86E0FEFA: changes role from      null to FOLLOWER at term 0 for startAsFollower
2023-07-05 13:45:10,042 [cf260cd7-cba0-4bd9-b172-726736faca1b-groupManagement] INFO  impl.RoleInfo (RoleInfo.java:updateAndGet(139)) - cf260cd7-cba0-4bd9-b172-726736faca1b: start cf260cd7-cba0-4bd9-b172-726736faca1b@group-BF2A86E0FEFA-FollowerState
2023-07-05 13:45:10,042 [cf260cd7-cba0-4bd9-b172-726736faca1b-groupManagement] INFO  util.JmxRegister (JmxRegister.java:tryRegister(44)) - Successfully registered JMX Bean with object name Ratis:service=RaftServer,group=group-BF2A86E0FEFA,id=cf260cd7-cba0-4bd9-b172-726736faca1b
2023-07-05 13:45:10,042 [cf260cd7-cba0-4bd9-b172-726736faca1b@group-BF2A86E0FEFA-FollowerState] INFO  server.RaftServerConfigKeys (ConfUtils.java:logFallback(53)) - raft.server.rpc.first-election.timeout.min = 5s (fallback to raft.server.rpc.timeout.min)
2023-07-05 13:45:10,042 [cf260cd7-cba0-4bd9-b172-726736faca1b-groupManagement] INFO  server.RaftServerConfigKeys (ConfUtils.java:logGet(46)) - raft.server.snapshot.auto.trigger.enabled = true (custom)
2023-07-05 13:45:10,043 [cf260cd7-cba0-4bd9-b172-726736faca1b@group-BF2A86E0FEFA-FollowerState] INFO  server.RaftServerConfigKeys (ConfUtils.java:logFallback(53)) - raft.server.rpc.first-election.timeout.max = 5200ms (fallback to raft.server.rpc.timeout.max)
2023-07-05 13:45:10,043 [cf260cd7-cba0-4bd9-b172-726736faca1b-groupManagement] INFO  server.RaftServerConfigKeys (ConfUtils.java:logGet(46)) - raft.server.snapshot.auto.trigger.threshold = 10000 (custom)
2023-07-05 13:45:10,043 [cf260cd7-cba0-4bd9-b172-726736faca1b-groupManagement] INFO  server.RaftServerConfigKeys (ConfUtils.java:logGet(46)) - raft.server.snapshot.retention.file.num = 5 (custom)
2023-07-05 13:45:10,045 [cf260cd7-cba0-4bd9-b172-726736faca1b-groupManagement] INFO  server.RaftServerConfigKeys (ConfUtils.java:logGet(46)) - raft.server.log.purge.upto.snapshot.index = false (default)
2023-07-05 13:45:10,045 [PipelineCommandHandlerThread-0] INFO  ratis.XceiverServerRatis (XceiverServerRatis.java:addGroup(804)) - Created group PipelineID=1e9ace5b-8c44-48ad-8708-bf2a86e0fefa
2023-07-05 13:45:10,060 [grpc-default-executor-0] INFO  server.RaftServer (RaftServerProxy.java:addNew(98)) - eea920e5-eed2-4ccd-b274-7d8a7cd1384a: addNew group-BF2A86E0FEFA:[eea920e5-eed2-4ccd-b274-7d8a7cd1384a|rpc:10.1.0.13:15297|admin:10.1.0.13:15296|client:10.1.0.13:15295|dataStream:10.1.0.13:15298|priority:1|startupRole:FOLLOWER, cf260cd7-cba0-4bd9-b172-726736faca1b|rpc:10.1.0.13:15279|admin:10.1.0.13:15278|client:10.1.0.13:15277|dataStream:10.1.0.13:15280|priority:0|startupRole:FOLLOWER, b469f820-ca6e-4614-936b-d267e952ce44|rpc:10.1.0.13:15288|admin:10.1.0.13:15287|client:10.1.0.13:15286|dataStream:10.1.0.13:15289|priority:0|startupRole:FOLLOWER] returns group-BF2A86E0FEFA:java.util.concurrent.CompletableFuture@ad8d4f0[Not completed]
2023-07-05 13:45:10,061 [eea920e5-eed2-4ccd-b274-7d8a7cd1384a-groupManagement] INFO  server.RaftServer$Division (RaftServerImpl.java:<init>(198)) - eea920e5-eed2-4ccd-b274-7d8a7cd1384a: new RaftServerImpl for group-BF2A86E0FEFA:[eea920e5-eed2-4ccd-b274-7d8a7cd1384a|rpc:10.1.0.13:15297|admin:10.1.0.13:15296|client:10.1.0.13:15295|dataStream:10.1.0.13:15298|priority:1|startupRole:FOLLOWER, cf260cd7-cba0-4bd9-b172-726736faca1b|rpc:10.1.0.13:15279|admin:10.1.0.13:15278|client:10.1.0.13:15277|dataStream:10.1.0.13:15280|priority:0|startupRole:FOLLOWER, b469f820-ca6e-4614-936b-d267e952ce44|rpc:10.1.0.13:15288|admin:10.1.0.13:15287|client:10.1.0.13:15286|dataStream:10.1.0.13:15289|priority:0|startupRole:FOLLOWER] with ContainerStateMachine:uninitialized
2023-07-05 13:45:10,062 [eea920e5-eed2-4ccd-b274-7d8a7cd1384a-groupManagement] INFO  server.RaftServerConfigKeys (ConfUtils.java:logGet(46)) - raft.server.rpc.timeout.min = 5s (custom)
2023-07-05 13:45:10,062 [eea920e5-eed2-4ccd-b274-7d8a7cd1384a-groupManagement] INFO  server.RaftServerConfigKeys (ConfUtils.java:logGet(46)) - raft.server.rpc.timeout.max = 5200ms (custom)
2023-07-05 13:45:10,062 [eea920e5-eed2-4ccd-b274-7d8a7cd1384a-groupManagement] INFO  server.RaftServerConfigKeys (ConfUtils.java:logGet(46)) - raft.server.rpc.sleep.time = 25ms (default)
2023-07-05 13:45:10,062 [eea920e5-eed2-4ccd-b274-7d8a7cd1384a-groupManagement] INFO  server.RaftServerConfigKeys (ConfUtils.java:logGet(46)) - raft.server.rpc.slowness.timeout = 300s (custom)
2023-07-05 13:45:10,062 [eea920e5-eed2-4ccd-b274-7d8a7cd1384a-groupManagement] INFO  server.RaftServerConfigKeys (ConfUtils.java:logGet(46)) - raft.server.leaderelection.leader.step-down.wait-time = 10s (default)
2023-07-05 13:45:10,062 [eea920e5-eed2-4ccd-b274-7d8a7cd1384a-groupManagement] INFO  server.RaftServerConfigKeys (ConfUtils.java:logGet(46)) - raft.server.sleep.deviation.threshold = 300ms (default)
2023-07-05 13:45:10,062 [eea920e5-eed2-4ccd-b274-7d8a7cd1384a-groupManagement] INFO  server.RaftServer$Division (ServerState.java:<init>(120)) - eea920e5-eed2-4ccd-b274-7d8a7cd1384a@group-BF2A86E0FEFA: ConfigurationManager, init=-1: peers:[eea920e5-eed2-4ccd-b274-7d8a7cd1384a|rpc:10.1.0.13:15297|admin:10.1.0.13:15296|client:10.1.0.13:15295|dataStream:10.1.0.13:15298|priority:1|startupRole:FOLLOWER, cf260cd7-cba0-4bd9-b172-726736faca1b|rpc:10.1.0.13:15279|admin:10.1.0.13:15278|client:10.1.0.13:15277|dataStream:10.1.0.13:15280|priority:0|startupRole:FOLLOWER, b469f820-ca6e-4614-936b-d267e952ce44|rpc:10.1.0.13:15288|admin:10.1.0.13:15287|client:10.1.0.13:15286|dataStream:10.1.0.13:15289|priority:0|startupRole:FOLLOWER]|listeners:[], old=null, confs=<EMPTY_MAP>
2023-07-05 13:45:10,062 [eea920e5-eed2-4ccd-b274-7d8a7cd1384a-groupManagement] INFO  server.RaftServerConfigKeys (ConfUtils.java:logGet(46)) - raft.server.storage.dir = [/home/runner/work/ozone/ozone/hadoop-ozone/integration-test/target/test-dir/MiniOzoneClusterImpl-b87fbc93-14ec-4c7b-9414-fd1969dd8eca/datanode-2/data/ratis] (custom)
2023-07-05 13:45:10,062 [eea920e5-eed2-4ccd-b274-7d8a7cd1384a-groupManagement] INFO  server.RaftServerConfigKeys (ConfUtils.java:logGet(46)) - raft.server.log.corruption.policy = EXCEPTION (default)
2023-07-05 13:45:10,062 [eea920e5-eed2-4ccd-b274-7d8a7cd1384a-groupManagement] INFO  server.RaftServerConfigKeys (ConfUtils.java:logGet(46)) - raft.server.storage.free-space.min = 0MB (=0) (default)
2023-07-05 13:45:10,062 [eea920e5-eed2-4ccd-b274-7d8a7cd1384a-groupManagement] INFO  server.RaftServerConfigKeys (ConfUtils.java:logGet(46)) - raft.server.notification.no-leader.timeout = 300s (custom)
2023-07-05 13:45:10,062 [eea920e5-eed2-4ccd-b274-7d8a7cd1384a-groupManagement] INFO  server.RaftServerConfigKeys (ConfUtils.java:logGet(46)) - raft.server.read.timeout = 10s (default)
2023-07-05 13:45:10,062 [eea920e5-eed2-4ccd-b274-7d8a7cd1384a-groupManagement] INFO  server.RaftServerConfigKeys (ConfUtils.java:logGet(46)) - raft.server.retrycache.expirytime = 600000ms (custom)
2023-07-05 13:45:10,062 [eea920e5-eed2-4ccd-b274-7d8a7cd1384a-groupManagement] INFO  server.RaftServerConfigKeys (ConfUtils.java:logGet(46)) - raft.server.retrycache.statistics.expirytime = 100μs (default)
2023-07-05 13:45:10,063 [eea920e5-eed2-4ccd-b274-7d8a7cd1384a-groupManagement] INFO  server.RaftServerConfigKeys (ConfUtils.java:logGet(46)) - raft.server.read.option = DEFAULT (default)
2023-07-05 13:45:10,063 [eea920e5-eed2-4ccd-b274-7d8a7cd1384a-groupManagement] INFO  server.RaftServerConfigKeys (ConfUtils.java:logGet(46)) - raft.server.rpc.request.timeout = 60s (custom)
2023-07-05 13:45:10,063 [eea920e5-eed2-4ccd-b274-7d8a7cd1384a-groupManagement] INFO  server.RaftServerConfigKeys (ConfUtils.java:logGet(46)) - raft.server.log.appender.install.snapshot.enabled = false (custom)
2023-07-05 13:45:10,063 [eea920e5-eed2-4ccd-b274-7d8a7cd1384a-groupManagement] INFO  server.RaftServerConfigKeys (ConfUtils.java:logGet(46)) - raft.server.threadpool.server.cached = true (default)
2023-07-05 13:45:10,063 [eea920e5-eed2-4ccd-b274-7d8a7cd1384a-groupManagement] INFO  server.RaftServerConfigKeys (ConfUtils.java:logGet(46)) - raft.server.threadpool.server.size = 0 (default)
2023-07-05 13:45:10,063 [eea920e5-eed2-4ccd-b274-7d8a7cd1384a-groupManagement] INFO  server.RaftServerConfigKeys (ConfUtils.java:logGet(46)) - raft.server.threadpool.client.cached = true (default)
2023-07-05 13:45:10,063 [eea920e5-eed2-4ccd-b274-7d8a7cd1384a-groupManagement] INFO  server.RaftServerConfigKeys (ConfUtils.java:logGet(46)) - raft.server.threadpool.client.size = 0 (default)
2023-07-05 13:45:10,063 [eea920e5-eed2-4ccd-b274-7d8a7cd1384a-groupManagement] INFO  storage.RaftStorageDirectory (RaftStorageDirectoryImpl.java:analyzeStorage(137)) - The storage directory /home/runner/work/ozone/ozone/hadoop-ozone/integration-test/target/test-dir/MiniOzoneClusterImpl-b87fbc93-14ec-4c7b-9414-fd1969dd8eca/datanode-2/data/ratis/1e9ace5b-8c44-48ad-8708-bf2a86e0fefa does not exist. Creating ...
2023-07-05 13:45:10,065 [eea920e5-eed2-4ccd-b274-7d8a7cd1384a-groupManagement] INFO  storage.RaftStorageDirectory (RaftStorageDirectoryImpl.java:tryLock(231)) - Lock on /home/runner/work/ozone/ozone/hadoop-ozone/integration-test/target/test-dir/MiniOzoneClusterImpl-b87fbc93-14ec-4c7b-9414-fd1969dd8eca/datanode-2/data/ratis/1e9ace5b-8c44-48ad-8708-bf2a86e0fefa/in_use.lock acquired by nodename 25537@fv-az264-29
2023-07-05 13:45:10,066 [eea920e5-eed2-4ccd-b274-7d8a7cd1384a-groupManagement] INFO  storage.RaftStorage (RaftStorageImpl.java:format(96)) - Storage directory /home/runner/work/ozone/ozone/hadoop-ozone/integration-test/target/test-dir/MiniOzoneClusterImpl-b87fbc93-14ec-4c7b-9414-fd1969dd8eca/datanode-2/data/ratis/1e9ace5b-8c44-48ad-8708-bf2a86e0fefa has been successfully formatted.
2023-07-05 13:45:10,067 [eea920e5-eed2-4ccd-b274-7d8a7cd1384a-groupManagement] INFO  ratis.ContainerStateMachine (ContainerStateMachine.java:loadSnapshot(262)) - group-BF2A86E0FEFA: The snapshot info is null. Setting the last applied indexto:(t:0, i:~)
2023-07-05 13:45:10,068 [eea920e5-eed2-4ccd-b274-7d8a7cd1384a-groupManagement] INFO  server.RaftServerConfigKeys (ConfUtils.java:logGet(46)) - raft.server.log.use.memory = false (default)
2023-07-05 13:45:10,068 [eea920e5-eed2-4ccd-b274-7d8a7cd1384a-groupManagement] INFO  server.RaftServerConfigKeys (ConfUtils.java:logGet(46)) - raft.server.log.purge.gap = 1000000 (custom)
2023-07-05 13:45:10,068 [eea920e5-eed2-4ccd-b274-7d8a7cd1384a-groupManagement] INFO  server.RaftServerConfigKeys (ConfUtils.java:logGet(46)) - raft.server.log.appender.buffer.byte-limit = 33554432 (custom)
2023-07-05 13:45:10,068 [eea920e5-eed2-4ccd-b274-7d8a7cd1384a-groupManagement] INFO  server.RaftServerConfigKeys (ConfUtils.java:logGet(46)) - raft.server.log.statemachine.data.read.timeout = 1000ms (default)
2023-07-05 13:45:10,069 [eea920e5-eed2-4ccd-b274-7d8a7cd1384a-groupManagement] INFO  server.RaftServerConfigKeys (ConfUtils.java:logGet(46)) - raft.server.log.purge.preservation.log.num = 0 (default)
2023-07-05 13:45:10,069 [eea920e5-eed2-4ccd-b274-7d8a7cd1384a-groupManagement] INFO  server.RaftServerConfigKeys (ConfUtils.java:logGet(46)) - raft.server.log.segment.size.max = 1048576 (custom)
2023-07-05 13:45:10,069 [eea920e5-eed2-4ccd-b274-7d8a7cd1384a-groupManagement] INFO  server.RaftServerConfigKeys (ConfUtils.java:logGet(46)) - raft.server.log.segment.cache.num.max = 2 (custom)
2023-07-05 13:45:10,069 [eea920e5-eed2-4ccd-b274-7d8a7cd1384a-groupManagement] INFO  server.RaftServerConfigKeys (ConfUtils.java:logGet(46)) - raft.server.log.segment.cache.size.max = 200MB (=209715200) (default)
2023-07-05 13:45:10,069 [eea920e5-eed2-4ccd-b274-7d8a7cd1384a-groupManagement] INFO  server.RaftServerConfigKeys (ConfUtils.java:logGet(46)) - raft.server.log.appender.buffer.byte-limit = 33554432 (custom)
2023-07-05 13:45:10,069 [eea920e5-eed2-4ccd-b274-7d8a7cd1384a-groupManagement] INFO  segmented.SegmentedRaftLogWorker (SegmentedRaftLogWorker.java:<init>(188)) - new eea920e5-eed2-4ccd-b274-7d8a7cd1384a@group-BF2A86E0FEFA-SegmentedRaftLogWorker for RaftStorageImpl:Storage Directory /home/runner/work/ozone/ozone/hadoop-ozone/integration-test/target/test-dir/MiniOzoneClusterImpl-b87fbc93-14ec-4c7b-9414-fd1969dd8eca/datanode-2/data/ratis/1e9ace5b-8c44-48ad-8708-bf2a86e0fefa
2023-07-05 13:45:10,069 [eea920e5-eed2-4ccd-b274-7d8a7cd1384a-groupManagement] INFO  server.RaftServerConfigKeys (ConfUtils.java:logGet(46)) - raft.server.log.queue.byte-limit = 4294967296 (custom)
2023-07-05 13:45:10,069 [eea920e5-eed2-4ccd-b274-7d8a7cd1384a-groupManagement] INFO  server.RaftServerConfigKeys (ConfUtils.java:logGet(46)) - raft.server.log.queue.element-limit = 1024 (custom)
2023-07-05 13:45:10,069 [eea920e5-eed2-4ccd-b274-7d8a7cd1384a-groupManagement] INFO  server.RaftServerConfigKeys (ConfUtils.java:logGet(46)) - raft.server.log.segment.size.max = 1048576 (custom)
2023-07-05 13:45:10,069 [eea920e5-eed2-4ccd-b274-7d8a7cd1384a-groupManagement] INFO  server.RaftServerConfigKeys (ConfUtils.java:logGet(46)) - raft.server.log.preallocated.size = 16384 (custom)
2023-07-05 13:45:10,069 [eea920e5-eed2-4ccd-b274-7d8a7cd1384a-groupManagement] INFO  server.RaftServerConfigKeys (ConfUtils.java:logGet(46)) - raft.server.log.force.sync.num = 128 (default)
2023-07-05 13:45:10,069 [eea920e5-eed2-4ccd-b274-7d8a7cd1384a-groupManagement] INFO  server.RaftServerConfigKeys (ConfUtils.java:logGet(46)) - raft.server.log.statemachine.data.sync = true (default)
2023-07-05 13:45:10,069 [eea920e5-eed2-4ccd-b274-7d8a7cd1384a-groupManagement] INFO  server.RaftServerConfigKeys (ConfUtils.java:logGet(46)) - raft.server.log.statemachine.data.sync.timeout = 10s (default)
2023-07-05 13:45:10,069 [eea920e5-eed2-4ccd-b274-7d8a7cd1384a-groupManagement] INFO  server.RaftServerConfigKeys (ConfUtils.java:logGet(46)) - raft.server.log.statemachine.data.sync.timeout.retry = -1 (default)
2023-07-05 13:45:10,070 [eea920e5-eed2-4ccd-b274-7d8a7cd1384a-groupManagement] INFO  server.RaftServerConfigKeys (ConfUtils.java:logGet(46)) - raft.server.log.write.buffer.size = 1048576 (custom)
2023-07-05 13:45:10,071 [eea920e5-eed2-4ccd-b274-7d8a7cd1384a-groupManagement] INFO  server.RaftServerConfigKeys (ConfUtils.java:logGet(46)) - raft.server.log.appender.buffer.byte-limit = 33554432 (custom)
2023-07-05 13:45:10,076 [eea920e5-eed2-4ccd-b274-7d8a7cd1384a-groupManagement] INFO  server.RaftServerConfigKeys (ConfUtils.java:logGet(46)) - raft.server.log.unsafe-flush.enabled = false (default)
2023-07-05 13:45:10,076 [eea920e5-eed2-4ccd-b274-7d8a7cd1384a-groupManagement] INFO  server.RaftServerConfigKeys (ConfUtils.java:logGet(46)) - raft.server.log.async-flush.enabled = false (default)
2023-07-05 13:45:10,076 [eea920e5-eed2-4ccd-b274-7d8a7cd1384a-groupManagement] INFO  server.RaftServerConfigKeys (ConfUtils.java:logGet(46)) - raft.server.log.statemachine.data.caching.enabled = true (custom)
2023-07-05 13:45:10,076 [eea920e5-eed2-4ccd-b274-7d8a7cd1384a-groupManagement] INFO  segmented.SegmentedRaftLogWorker (SegmentedRaftLogWorker.java:lambda$new$0(135)) - eea920e5-eed2-4ccd-b274-7d8a7cd1384a@group-BF2A86E0FEFA-SegmentedRaftLogWorker: flushIndex: setUnconditionally 0 -> -1
2023-07-05 13:45:10,076 [eea920e5-eed2-4ccd-b274-7d8a7cd1384a-groupManagement] INFO  segmented.SegmentedRaftLogWorker (SegmentedRaftLogWorker.java:lambda$new$0(135)) - eea920e5-eed2-4ccd-b274-7d8a7cd1384a@group-BF2A86E0FEFA-SegmentedRaftLogWorker: safeCacheEvictIndex: setUnconditionally 0 -> -1
2023-07-05 13:45:10,077 [eea920e5-eed2-4ccd-b274-7d8a7cd1384a-groupManagement] INFO  server.RaftServer$Division (RaftServerImpl.java:start(342)) - eea920e5-eed2-4ccd-b274-7d8a7cd1384a@group-BF2A86E0FEFA: start as a follower, conf=-1: peers:[eea920e5-eed2-4ccd-b274-7d8a7cd1384a|rpc:10.1.0.13:15297|admin:10.1.0.13:15296|client:10.1.0.13:15295|dataStream:10.1.0.13:15298|priority:1|startupRole:FOLLOWER, cf260cd7-cba0-4bd9-b172-726736faca1b|rpc:10.1.0.13:15279|admin:10.1.0.13:15278|client:10.1.0.13:15277|dataStream:10.1.0.13:15280|priority:0|startupRole:FOLLOWER, b469f820-ca6e-4614-936b-d267e952ce44|rpc:10.1.0.13:15288|admin:10.1.0.13:15287|client:10.1.0.13:15286|dataStream:10.1.0.13:15289|priority:0|startupRole:FOLLOWER]|listeners:[], old=null
2023-07-05 13:45:10,077 [eea920e5-eed2-4ccd-b274-7d8a7cd1384a-groupManagement] INFO  server.RaftServer$Division (RaftServerImpl.java:setRole(329)) - eea920e5-eed2-4ccd-b274-7d8a7cd1384a@group-BF2A86E0FEFA: changes role from      null to FOLLOWER at term 0 for startAsFollower
2023-07-05 13:45:10,077 [eea920e5-eed2-4ccd-b274-7d8a7cd1384a-groupManagement] INFO  impl.RoleInfo (RoleInfo.java:updateAndGet(139)) - eea920e5-eed2-4ccd-b274-7d8a7cd1384a: start eea920e5-eed2-4ccd-b274-7d8a7cd1384a@group-BF2A86E0FEFA-FollowerState
2023-07-05 13:45:10,077 [eea920e5-eed2-4ccd-b274-7d8a7cd1384a-groupManagement] INFO  util.JmxRegister (JmxRegister.java:tryRegister(44)) - Successfully registered JMX Bean with object name Ratis:service=RaftServer,group=group-BF2A86E0FEFA,id=eea920e5-eed2-4ccd-b274-7d8a7cd1384a
2023-07-05 13:45:10,077 [eea920e5-eed2-4ccd-b274-7d8a7cd1384a-groupManagement] INFO  server.RaftServerConfigKeys (ConfUtils.java:logGet(46)) - raft.server.snapshot.auto.trigger.enabled = true (custom)
2023-07-05 13:45:10,077 [eea920e5-eed2-4ccd-b274-7d8a7cd1384a-groupManagement] INFO  server.RaftServerConfigKeys (ConfUtils.java:logGet(46)) - raft.server.snapshot.auto.trigger.threshold = 10000 (custom)
2023-07-05 13:45:10,077 [eea920e5-eed2-4ccd-b274-7d8a7cd1384a-groupManagement] INFO  server.RaftServerConfigKeys (ConfUtils.java:logGet(46)) - raft.server.snapshot.retention.file.num = 5 (custom)
2023-07-05 13:45:10,077 [eea920e5-eed2-4ccd-b274-7d8a7cd1384a-groupManagement] INFO  server.RaftServerConfigKeys (ConfUtils.java:logGet(46)) - raft.server.log.purge.upto.snapshot.index = false (default)
2023-07-05 13:45:10,078 [eea920e5-eed2-4ccd-b274-7d8a7cd1384a@group-BF2A86E0FEFA-FollowerState] INFO  server.RaftServerConfigKeys (ConfUtils.java:logFallback(53)) - raft.server.rpc.first-election.timeout.min = 5s (fallback to raft.server.rpc.timeout.min)
2023-07-05 13:45:10,078 [eea920e5-eed2-4ccd-b274-7d8a7cd1384a@group-BF2A86E0FEFA-FollowerState] INFO  server.RaftServerConfigKeys (ConfUtils.java:logFallback(53)) - raft.server.rpc.first-election.timeout.max = 5200ms (fallback to raft.server.rpc.timeout.max)
2023-07-05 13:45:10,101 [grpc-default-executor-0] INFO  server.RaftServer (RaftServerProxy.java:addNew(98)) - b469f820-ca6e-4614-936b-d267e952ce44: addNew group-BF2A86E0FEFA:[eea920e5-eed2-4ccd-b274-7d8a7cd1384a|rpc:10.1.0.13:15297|admin:10.1.0.13:15296|client:10.1.0.13:15295|dataStream:10.1.0.13:15298|priority:1|startupRole:FOLLOWER, cf260cd7-cba0-4bd9-b172-726736faca1b|rpc:10.1.0.13:15279|admin:10.1.0.13:15278|client:10.1.0.13:15277|dataStream:10.1.0.13:15280|priority:0|startupRole:FOLLOWER, b469f820-ca6e-4614-936b-d267e952ce44|rpc:10.1.0.13:15288|admin:10.1.0.13:15287|client:10.1.0.13:15286|dataStream:10.1.0.13:15289|priority:0|startupRole:FOLLOWER] returns group-BF2A86E0FEFA:java.util.concurrent.CompletableFuture@70f2e7da[Not completed]
2023-07-05 13:45:10,102 [b469f820-ca6e-4614-936b-d267e952ce44-groupManagement] INFO  server.RaftServer$Division (RaftServerImpl.java:<init>(198)) - b469f820-ca6e-4614-936b-d267e952ce44: new RaftServerImpl for group-BF2A86E0FEFA:[eea920e5-eed2-4ccd-b274-7d8a7cd1384a|rpc:10.1.0.13:15297|admin:10.1.0.13:15296|client:10.1.0.13:15295|dataStream:10.1.0.13:15298|priority:1|startupRole:FOLLOWER, cf260cd7-cba0-4bd9-b172-726736faca1b|rpc:10.1.0.13:15279|admin:10.1.0.13:15278|client:10.1.0.13:15277|dataStream:10.1.0.13:15280|priority:0|startupRole:FOLLOWER, b469f820-ca6e-4614-936b-d267e952ce44|rpc:10.1.0.13:15288|admin:10.1.0.13:15287|client:10.1.0.13:15286|dataStream:10.1.0.13:15289|priority:0|startupRole:FOLLOWER] with ContainerStateMachine:uninitialized
2023-07-05 13:45:10,102 [b469f820-ca6e-4614-936b-d267e952ce44-groupManagement] INFO  server.RaftServerConfigKeys (ConfUtils.java:logGet(46)) - raft.server.rpc.timeout.min = 5s (custom)
2023-07-05 13:45:10,102 [b469f820-ca6e-4614-936b-d267e952ce44-groupManagement] INFO  server.RaftServerConfigKeys (ConfUtils.java:logGet(46)) - raft.server.rpc.timeout.max = 5200ms (custom)
2023-07-05 13:45:10,102 [b469f820-ca6e-4614-936b-d267e952ce44-groupManagement] INFO  server.RaftServerConfigKeys (ConfUtils.java:logGet(46)) - raft.server.rpc.sleep.time = 25ms (default)
2023-07-05 13:45:10,102 [b469f820-ca6e-4614-936b-d267e952ce44-groupManagement] INFO  server.RaftServerConfigKeys (ConfUtils.java:logGet(46)) - raft.server.rpc.slowness.timeout = 300s (custom)
2023-07-05 13:45:10,104 [b469f820-ca6e-4614-936b-d267e952ce44-groupManagement] INFO  server.RaftServerConfigKeys (ConfUtils.java:logGet(46)) - raft.server.leaderelection.leader.step-down.wait-time = 10s (default)
2023-07-05 13:45:10,104 [b469f820-ca6e-4614-936b-d267e952ce44-groupManagement] INFO  server.RaftServerConfigKeys (ConfUtils.java:logGet(46)) - raft.server.sleep.deviation.threshold = 300ms (default)
2023-07-05 13:45:10,104 [b469f820-ca6e-4614-936b-d267e952ce44-groupManagement] INFO  server.RaftServer$Division (ServerState.java:<init>(120)) - b469f820-ca6e-4614-936b-d267e952ce44@group-BF2A86E0FEFA: ConfigurationManager, init=-1: peers:[eea920e5-eed2-4ccd-b274-7d8a7cd1384a|rpc:10.1.0.13:15297|admin:10.1.0.13:15296|client:10.1.0.13:15295|dataStream:10.1.0.13:15298|priority:1|startupRole:FOLLOWER, cf260cd7-cba0-4bd9-b172-726736faca1b|rpc:10.1.0.13:15279|admin:10.1.0.13:15278|client:10.1.0.13:15277|dataStream:10.1.0.13:15280|priority:0|startupRole:FOLLOWER, b469f820-ca6e-4614-936b-d267e952ce44|rpc:10.1.0.13:15288|admin:10.1.0.13:15287|client:10.1.0.13:15286|dataStream:10.1.0.13:15289|priority:0|startupRole:FOLLOWER]|listeners:[], old=null, confs=<EMPTY_MAP>
2023-07-05 13:45:10,104 [b469f820-ca6e-4614-936b-d267e952ce44-groupManagement] INFO  server.RaftServerConfigKeys (ConfUtils.java:logGet(46)) - raft.server.storage.dir = [/home/runner/work/ozone/ozone/hadoop-ozone/integration-test/target/test-dir/MiniOzoneClusterImpl-b87fbc93-14ec-4c7b-9414-fd1969dd8eca/datanode-1/data/ratis] (custom)
2023-07-05 13:45:10,105 [b469f820-ca6e-4614-936b-d267e952ce44-groupManagement] INFO  server.RaftServerConfigKeys (ConfUtils.java:logGet(46)) - raft.server.log.corruption.policy = EXCEPTION (default)
2023-07-05 13:45:10,105 [b469f820-ca6e-4614-936b-d267e952ce44-groupManagement] INFO  server.RaftServerConfigKeys (ConfUtils.java:logGet(46)) - raft.server.storage.free-space.min = 0MB (=0) (default)
2023-07-05 13:45:10,105 [b469f820-ca6e-4614-936b-d267e952ce44-groupManagement] INFO  server.RaftServerConfigKeys (ConfUtils.java:logGet(46)) - raft.server.notification.no-leader.timeout = 300s (custom)
2023-07-05 13:45:10,105 [b469f820-ca6e-4614-936b-d267e952ce44-groupManagement] INFO  server.RaftServerConfigKeys (ConfUtils.java:logGet(46)) - raft.server.read.timeout = 10s (default)
2023-07-05 13:45:10,105 [b469f820-ca6e-4614-936b-d267e952ce44-groupManagement] INFO  server.RaftServerConfigKeys (ConfUtils.java:logGet(46)) - raft.server.retrycache.expirytime = 600000ms (custom)
2023-07-05 13:45:10,105 [b469f820-ca6e-4614-936b-d267e952ce44-groupManagement] INFO  server.RaftServerConfigKeys (ConfUtils.java:logGet(46)) - raft.server.retrycache.statistics.expirytime = 100μs (default)
2023-07-05 13:45:10,105 [b469f820-ca6e-4614-936b-d267e952ce44-groupManagement] INFO  server.RaftServerConfigKeys (ConfUtils.java:logGet(46)) - raft.server.read.option = DEFAULT (default)
2023-07-05 13:45:10,106 [b469f820-ca6e-4614-936b-d267e952ce44-groupManagement] INFO  server.RaftServerConfigKeys (ConfUtils.java:logGet(46)) - raft.server.rpc.request.timeout = 60s (custom)
2023-07-05 13:45:10,106 [b469f820-ca6e-4614-936b-d267e952ce44-groupManagement] INFO  server.RaftServerConfigKeys (ConfUtils.java:logGet(46)) - raft.server.log.appender.install.snapshot.enabled = false (custom)
2023-07-05 13:45:10,106 [b469f820-ca6e-4614-936b-d267e952ce44-groupManagement] INFO  server.RaftServerConfigKeys (ConfUtils.java:logGet(46)) - raft.server.threadpool.server.cached = true (default)
2023-07-05 13:45:10,106 [b469f820-ca6e-4614-936b-d267e952ce44-groupManagement] INFO  server.RaftServerConfigKeys (ConfUtils.java:logGet(46)) - raft.server.threadpool.server.size = 0 (default)
2023-07-05 13:45:10,106 [b469f820-ca6e-4614-936b-d267e952ce44-groupManagement] INFO  server.RaftServerConfigKeys (ConfUtils.java:logGet(46)) - raft.server.threadpool.client.cached = true (default)
2023-07-05 13:45:10,106 [b469f820-ca6e-4614-936b-d267e952ce44-groupManagement] INFO  server.RaftServerConfigKeys (ConfUtils.java:logGet(46)) - raft.server.threadpool.client.size = 0 (default)
2023-07-05 13:45:10,106 [b469f820-ca6e-4614-936b-d267e952ce44-groupManagement] INFO  storage.RaftStorageDirectory (RaftStorageDirectoryImpl.java:analyzeStorage(137)) - The storage directory /home/runner/work/ozone/ozone/hadoop-ozone/integration-test/target/test-dir/MiniOzoneClusterImpl-b87fbc93-14ec-4c7b-9414-fd1969dd8eca/datanode-1/data/ratis/1e9ace5b-8c44-48ad-8708-bf2a86e0fefa does not exist. Creating ...
2023-07-05 13:45:10,107 [b469f820-ca6e-4614-936b-d267e952ce44-groupManagement] INFO  storage.RaftStorageDirectory (RaftStorageDirectoryImpl.java:tryLock(231)) - Lock on /home/runner/work/ozone/ozone/hadoop-ozone/integration-test/target/test-dir/MiniOzoneClusterImpl-b87fbc93-14ec-4c7b-9414-fd1969dd8eca/datanode-1/data/ratis/1e9ace5b-8c44-48ad-8708-bf2a86e0fefa/in_use.lock acquired by nodename 25537@fv-az264-29
2023-07-05 13:45:10,116 [b469f820-ca6e-4614-936b-d267e952ce44-groupManagement] INFO  storage.RaftStorage (RaftStorageImpl.java:format(96)) - Storage directory /home/runner/work/ozone/ozone/hadoop-ozone/integration-test/target/test-dir/MiniOzoneClusterImpl-b87fbc93-14ec-4c7b-9414-fd1969dd8eca/datanode-1/data/ratis/1e9ace5b-8c44-48ad-8708-bf2a86e0fefa has been successfully formatted.
2023-07-05 13:45:10,117 [b469f820-ca6e-4614-936b-d267e952ce44-groupManagement] INFO  ratis.ContainerStateMachine (ContainerStateMachine.java:loadSnapshot(262)) - group-BF2A86E0FEFA: The snapshot info is null. Setting the last applied indexto:(t:0, i:~)
2023-07-05 13:45:10,118 [b469f820-ca6e-4614-936b-d267e952ce44-groupManagement] INFO  server.RaftServerConfigKeys (ConfUtils.java:logGet(46)) - raft.server.log.use.memory = false (default)
2023-07-05 13:45:10,118 [b469f820-ca6e-4614-936b-d267e952ce44-groupManagement] INFO  server.RaftServerConfigKeys (ConfUtils.java:logGet(46)) - raft.server.log.purge.gap = 1000000 (custom)
2023-07-05 13:45:10,118 [b469f820-ca6e-4614-936b-d267e952ce44-groupManagement] INFO  server.RaftServerConfigKeys (ConfUtils.java:logGet(46)) - raft.server.log.appender.buffer.byte-limit = 33554432 (custom)
2023-07-05 13:45:10,118 [b469f820-ca6e-4614-936b-d267e952ce44-groupManagement] INFO  server.RaftServerConfigKeys (ConfUtils.java:logGet(46)) - raft.server.log.statemachine.data.read.timeout = 1000ms (default)
2023-07-05 13:45:10,118 [b469f820-ca6e-4614-936b-d267e952ce44-groupManagement] INFO  server.RaftServerConfigKeys (ConfUtils.java:logGet(46)) - raft.server.log.purge.preservation.log.num = 0 (default)
2023-07-05 13:45:10,118 [b469f820-ca6e-4614-936b-d267e952ce44-groupManagement] INFO  server.RaftServerConfigKeys (ConfUtils.java:logGet(46)) - raft.server.log.segment.size.max = 1048576 (custom)
2023-07-05 13:45:10,119 [b469f820-ca6e-4614-936b-d267e952ce44-groupManagement] INFO  server.RaftServerConfigKeys (ConfUtils.java:logGet(46)) - raft.server.log.segment.cache.num.max = 2 (custom)
2023-07-05 13:45:10,119 [b469f820-ca6e-4614-936b-d267e952ce44-groupManagement] INFO  server.RaftServerConfigKeys (ConfUtils.java:logGet(46)) - raft.server.log.segment.cache.size.max = 200MB (=209715200) (default)
2023-07-05 13:45:10,119 [b469f820-ca6e-4614-936b-d267e952ce44-groupManagement] INFO  server.RaftServerConfigKeys (ConfUtils.java:logGet(46)) - raft.server.log.appender.buffer.byte-limit = 33554432 (custom)
2023-07-05 13:45:10,119 [b469f820-ca6e-4614-936b-d267e952ce44-groupManagement] INFO  segmented.SegmentedRaftLogWorker (SegmentedRaftLogWorker.java:<init>(188)) - new b469f820-ca6e-4614-936b-d267e952ce44@group-BF2A86E0FEFA-SegmentedRaftLogWorker for RaftStorageImpl:Storage Directory /home/runner/work/ozone/ozone/hadoop-ozone/integration-test/target/test-dir/MiniOzoneClusterImpl-b87fbc93-14ec-4c7b-9414-fd1969dd8eca/datanode-1/data/ratis/1e9ace5b-8c44-48ad-8708-bf2a86e0fefa
2023-07-05 13:45:10,119 [b469f820-ca6e-4614-936b-d267e952ce44-groupManagement] INFO  server.RaftServerConfigKeys (ConfUtils.java:logGet(46)) - raft.server.log.queue.byte-limit = 4294967296 (custom)
2023-07-05 13:45:10,119 [b469f820-ca6e-4614-936b-d267e952ce44-groupManagement] INFO  server.RaftServerConfigKeys (ConfUtils.java:logGet(46)) - raft.server.log.queue.element-limit = 1024 (custom)
2023-07-05 13:45:10,119 [b469f820-ca6e-4614-936b-d267e952ce44-groupManagement] INFO  server.RaftServerConfigKeys (ConfUtils.java:logGet(46)) - raft.server.log.segment.size.max = 1048576 (custom)
2023-07-05 13:45:10,119 [b469f820-ca6e-4614-936b-d267e952ce44-groupManagement] INFO  server.RaftServerConfigKeys (ConfUtils.java:logGet(46)) - raft.server.log.preallocated.size = 16384 (custom)
2023-07-05 13:45:10,119 [b469f820-ca6e-4614-936b-d267e952ce44-groupManagement] INFO  server.RaftServerConfigKeys (ConfUtils.java:logGet(46)) - raft.server.log.force.sync.num = 128 (default)
2023-07-05 13:45:10,119 [b469f820-ca6e-4614-936b-d267e952ce44-groupManagement] INFO  server.RaftServerConfigKeys (ConfUtils.java:logGet(46)) - raft.server.log.statemachine.data.sync = true (default)
2023-07-05 13:45:10,119 [b469f820-ca6e-4614-936b-d267e952ce44-groupManagement] INFO  server.RaftServerConfigKeys (ConfUtils.java:logGet(46)) - raft.server.log.statemachine.data.sync.timeout = 10s (default)
2023-07-05 13:45:10,119 [b469f820-ca6e-4614-936b-d267e952ce44-groupManagement] INFO  server.RaftServerConfigKeys (ConfUtils.java:logGet(46)) - raft.server.log.statemachine.data.sync.timeout.retry = -1 (default)
2023-07-05 13:45:10,120 [b469f820-ca6e-4614-936b-d267e952ce44-groupManagement] INFO  server.RaftServerConfigKeys (ConfUtils.java:logGet(46)) - raft.server.log.write.buffer.size = 1048576 (custom)
2023-07-05 13:45:10,120 [b469f820-ca6e-4614-936b-d267e952ce44-groupManagement] INFO  server.RaftServerConfigKeys (ConfUtils.java:logGet(46)) - raft.server.log.appender.buffer.byte-limit = 33554432 (custom)
2023-07-05 13:45:10,126 [b469f820-ca6e-4614-936b-d267e952ce44-groupManagement] INFO  server.RaftServerConfigKeys (ConfUtils.java:logGet(46)) - raft.server.log.unsafe-flush.enabled = false (default)
2023-07-05 13:45:10,126 [b469f820-ca6e-4614-936b-d267e952ce44-groupManagement] INFO  server.RaftServerConfigKeys (ConfUtils.java:logGet(46)) - raft.server.log.async-flush.enabled = false (default)
2023-07-05 13:45:10,126 [b469f820-ca6e-4614-936b-d267e952ce44-groupManagement] INFO  server.RaftServerConfigKeys (ConfUtils.java:logGet(46)) - raft.server.log.statemachine.data.caching.enabled = true (custom)
2023-07-05 13:45:10,126 [b469f820-ca6e-4614-936b-d267e952ce44-groupManagement] INFO  segmented.SegmentedRaftLogWorker (SegmentedRaftLogWorker.java:lambda$new$0(135)) - b469f820-ca6e-4614-936b-d267e952ce44@group-BF2A86E0FEFA-SegmentedRaftLogWorker: flushIndex: setUnconditionally 0 -> -1
2023-07-05 13:45:10,126 [b469f820-ca6e-4614-936b-d267e952ce44-groupManagement] INFO  segmented.SegmentedRaftLogWorker (SegmentedRaftLogWorker.java:lambda$new$0(135)) - b469f820-ca6e-4614-936b-d267e952ce44@group-BF2A86E0FEFA-SegmentedRaftLogWorker: safeCacheEvictIndex: setUnconditionally 0 -> -1
2023-07-05 13:45:10,129 [b469f820-ca6e-4614-936b-d267e952ce44-groupManagement] INFO  server.RaftServer$Division (RaftServerImpl.java:start(342)) - b469f820-ca6e-4614-936b-d267e952ce44@group-BF2A86E0FEFA: start as a follower, conf=-1: peers:[eea920e5-eed2-4ccd-b274-7d8a7cd1384a|rpc:10.1.0.13:15297|admin:10.1.0.13:15296|client:10.1.0.13:15295|dataStream:10.1.0.13:15298|priority:1|startupRole:FOLLOWER, cf260cd7-cba0-4bd9-b172-726736faca1b|rpc:10.1.0.13:15279|admin:10.1.0.13:15278|client:10.1.0.13:15277|dataStream:10.1.0.13:15280|priority:0|startupRole:FOLLOWER, b469f820-ca6e-4614-936b-d267e952ce44|rpc:10.1.0.13:15288|admin:10.1.0.13:15287|client:10.1.0.13:15286|dataStream:10.1.0.13:15289|priority:0|startupRole:FOLLOWER]|listeners:[], old=null
2023-07-05 13:45:10,129 [b469f820-ca6e-4614-936b-d267e952ce44-groupManagement] INFO  server.RaftServer$Division (RaftServerImpl.java:setRole(329)) - b469f820-ca6e-4614-936b-d267e952ce44@group-BF2A86E0FEFA: changes role from      null to FOLLOWER at term 0 for startAsFollower
2023-07-05 13:45:10,129 [b469f820-ca6e-4614-936b-d267e952ce44-groupManagement] INFO  impl.RoleInfo (RoleInfo.java:updateAndGet(139)) - b469f820-ca6e-4614-936b-d267e952ce44: start b469f820-ca6e-4614-936b-d267e952ce44@group-BF2A86E0FEFA-FollowerState
2023-07-05 13:45:10,130 [b469f820-ca6e-4614-936b-d267e952ce44-groupManagement] INFO  util.JmxRegister (JmxRegister.java:tryRegister(44)) - Successfully registered JMX Bean with object name Ratis:service=RaftServer,group=group-BF2A86E0FEFA,id=b469f820-ca6e-4614-936b-d267e952ce44
2023-07-05 13:45:10,130 [b469f820-ca6e-4614-936b-d267e952ce44-groupManagement] INFO  server.RaftServerConfigKeys (ConfUtils.java:logGet(46)) - raft.server.snapshot.auto.trigger.enabled = true (custom)
2023-07-05 13:45:10,130 [b469f820-ca6e-4614-936b-d267e952ce44-groupManagement] INFO  server.RaftServerConfigKeys (ConfUtils.java:logGet(46)) - raft.server.snapshot.auto.trigger.threshold = 10000 (custom)
2023-07-05 13:45:10,130 [b469f820-ca6e-4614-936b-d267e952ce44-groupManagement] INFO  server.RaftServerConfigKeys (ConfUtils.java:logGet(46)) - raft.server.snapshot.retention.file.num = 5 (custom)
2023-07-05 13:45:10,130 [b469f820-ca6e-4614-936b-d267e952ce44-groupManagement] INFO  server.RaftServerConfigKeys (ConfUtils.java:logGet(46)) - raft.server.log.purge.upto.snapshot.index = false (default)
2023-07-05 13:45:10,130 [b469f820-ca6e-4614-936b-d267e952ce44@group-BF2A86E0FEFA-FollowerState] INFO  server.RaftServerConfigKeys (ConfUtils.java:logFallback(53)) - raft.server.rpc.first-election.timeout.min = 5s (fallback to raft.server.rpc.timeout.min)
2023-07-05 13:45:10,130 [b469f820-ca6e-4614-936b-d267e952ce44@group-BF2A86E0FEFA-FollowerState] INFO  server.RaftServerConfigKeys (ConfUtils.java:logFallback(53)) - raft.server.rpc.first-election.timeout.max = 5200ms (fallback to raft.server.rpc.timeout.max)
2023-07-05 13:45:10,136 [PipelineCommandHandlerThread-0] INFO  commandhandler.CreatePipelineCommandHandler (CreatePipelineCommandHandler.java:lambda$handle$2(124)) - Created Pipeline RATIS THREE PipelineID=1e9ace5b-8c44-48ad-8708-bf2a86e0fefa.
2023-07-05 13:45:10,136 [PipelineCommandHandlerThread-0] INFO  server.RaftServer (RaftServerProxy.java:addNew(98)) - cf260cd7-cba0-4bd9-b172-726736faca1b: addNew group-1522C8774158:[eea920e5-eed2-4ccd-b274-7d8a7cd1384a|rpc:10.1.0.13:15297|admin:10.1.0.13:15296|client:10.1.0.13:15295|dataStream:10.1.0.13:15298|priority:0|startupRole:FOLLOWER, cf260cd7-cba0-4bd9-b172-726736faca1b|rpc:10.1.0.13:15279|admin:10.1.0.13:15278|client:10.1.0.13:15277|dataStream:10.1.0.13:15280|priority:0|startupRole:FOLLOWER, b469f820-ca6e-4614-936b-d267e952ce44|rpc:10.1.0.13:15288|admin:10.1.0.13:15287|client:10.1.0.13:15286|dataStream:10.1.0.13:15289|priority:1|startupRole:FOLLOWER] returns group-1522C8774158:java.util.concurrent.CompletableFuture@40829080[Not completed]
2023-07-05 13:45:10,137 [cf260cd7-cba0-4bd9-b172-726736faca1b-groupManagement] INFO  server.RaftServer$Division (RaftServerImpl.java:<init>(198)) - cf260cd7-cba0-4bd9-b172-726736faca1b: new RaftServerImpl for group-1522C8774158:[eea920e5-eed2-4ccd-b274-7d8a7cd1384a|rpc:10.1.0.13:15297|admin:10.1.0.13:15296|client:10.1.0.13:15295|dataStream:10.1.0.13:15298|priority:0|startupRole:FOLLOWER, cf260cd7-cba0-4bd9-b172-726736faca1b|rpc:10.1.0.13:15279|admin:10.1.0.13:15278|client:10.1.0.13:15277|dataStream:10.1.0.13:15280|priority:0|startupRole:FOLLOWER, b469f820-ca6e-4614-936b-d267e952ce44|rpc:10.1.0.13:15288|admin:10.1.0.13:15287|client:10.1.0.13:15286|dataStream:10.1.0.13:15289|priority:1|startupRole:FOLLOWER] with ContainerStateMachine:uninitialized
2023-07-05 13:45:10,137 [cf260cd7-cba0-4bd9-b172-726736faca1b-groupManagement] INFO  server.RaftServerConfigKeys (ConfUtils.java:logGet(46)) - raft.server.rpc.timeout.min = 5s (custom)
2023-07-05 13:45:10,137 [cf260cd7-cba0-4bd9-b172-726736faca1b-groupManagement] INFO  server.RaftServerConfigKeys (ConfUtils.java:logGet(46)) - raft.server.rpc.timeout.max = 5200ms (custom)
2023-07-05 13:45:10,138 [cf260cd7-cba0-4bd9-b172-726736faca1b-groupManagement] INFO  server.RaftServerConfigKeys (ConfUtils.java:logGet(46)) - raft.server.rpc.sleep.time = 25ms (default)
2023-07-05 13:45:10,138 [cf260cd7-cba0-4bd9-b172-726736faca1b-groupManagement] INFO  server.RaftServerConfigKeys (ConfUtils.java:logGet(46)) - raft.server.rpc.slowness.timeout = 300s (custom)
2023-07-05 13:45:10,138 [cf260cd7-cba0-4bd9-b172-726736faca1b-groupManagement] INFO  server.RaftServerConfigKeys (ConfUtils.java:logGet(46)) - raft.server.leaderelection.leader.step-down.wait-time = 10s (default)
2023-07-05 13:45:10,138 [cf260cd7-cba0-4bd9-b172-726736faca1b-groupManagement] INFO  server.RaftServerConfigKeys (ConfUtils.java:logGet(46)) - raft.server.sleep.deviation.threshold = 300ms (default)
2023-07-05 13:45:10,138 [cf260cd7-cba0-4bd9-b172-726736faca1b-groupManagement] INFO  server.RaftServer$Division (ServerState.java:<init>(120)) - cf260cd7-cba0-4bd9-b172-726736faca1b@group-1522C8774158: ConfigurationManager, init=-1: peers:[eea920e5-eed2-4ccd-b274-7d8a7cd1384a|rpc:10.1.0.13:15297|admin:10.1.0.13:15296|client:10.1.0.13:15295|dataStream:10.1.0.13:15298|priority:0|startupRole:FOLLOWER, cf260cd7-cba0-4bd9-b172-726736faca1b|rpc:10.1.0.13:15279|admin:10.1.0.13:15278|client:10.1.0.13:15277|dataStream:10.1.0.13:15280|priority:0|startupRole:FOLLOWER, b469f820-ca6e-4614-936b-d267e952ce44|rpc:10.1.0.13:15288|admin:10.1.0.13:15287|client:10.1.0.13:15286|dataStream:10.1.0.13:15289|priority:1|startupRole:FOLLOWER]|listeners:[], old=null, confs=<EMPTY_MAP>
2023-07-05 13:45:10,138 [cf260cd7-cba0-4bd9-b172-726736faca1b-groupManagement] INFO  server.RaftServerConfigKeys (ConfUtils.java:logGet(46)) - raft.server.storage.dir = [/home/runner/work/ozone/ozone/hadoop-ozone/integration-test/target/test-dir/MiniOzoneClusterImpl-b87fbc93-14ec-4c7b-9414-fd1969dd8eca/datanode-0/data/ratis] (custom)
2023-07-05 13:45:10,138 [cf260cd7-cba0-4bd9-b172-726736faca1b-groupManagement] INFO  server.RaftServerConfigKeys (ConfUtils.java:logGet(46)) - raft.server.log.corruption.policy = EXCEPTION (default)
2023-07-05 13:45:10,138 [cf260cd7-cba0-4bd9-b172-726736faca1b-groupManagement] INFO  server.RaftServerConfigKeys (ConfUtils.java:logGet(46)) - raft.server.storage.free-space.min = 0MB (=0) (default)
2023-07-05 13:45:10,138 [cf260cd7-cba0-4bd9-b172-726736faca1b-groupManagement] INFO  server.RaftServerConfigKeys (ConfUtils.java:logGet(46)) - raft.server.notification.no-leader.timeout = 300s (custom)
2023-07-05 13:45:10,138 [cf260cd7-cba0-4bd9-b172-726736faca1b-groupManagement] INFO  server.RaftServerConfigKeys (ConfUtils.java:logGet(46)) - raft.server.read.timeout = 10s (default)
2023-07-05 13:45:10,138 [cf260cd7-cba0-4bd9-b172-726736faca1b-groupManagement] INFO  server.RaftServerConfigKeys (ConfUtils.java:logGet(46)) - raft.server.retrycache.expirytime = 600000ms (custom)
2023-07-05 13:45:10,138 [cf260cd7-cba0-4bd9-b172-726736faca1b-groupManagement] INFO  server.RaftServerConfigKeys (ConfUtils.java:logGet(46)) - raft.server.retrycache.statistics.expirytime = 100μs (default)
2023-07-05 13:45:10,138 [cf260cd7-cba0-4bd9-b172-726736faca1b-groupManagement] INFO  server.RaftServerConfigKeys (ConfUtils.java:logGet(46)) - raft.server.read.option = DEFAULT (default)
2023-07-05 13:45:10,139 [cf260cd7-cba0-4bd9-b172-726736faca1b-groupManagement] INFO  server.RaftServerConfigKeys (ConfUtils.java:logGet(46)) - raft.server.rpc.request.timeout = 60s (custom)
2023-07-05 13:45:10,139 [cf260cd7-cba0-4bd9-b172-726736faca1b-groupManagement] INFO  server.RaftServerConfigKeys (ConfUtils.java:logGet(46)) - raft.server.log.appender.install.snapshot.enabled = false (custom)
2023-07-05 13:45:10,139 [cf260cd7-cba0-4bd9-b172-726736faca1b-groupManagement] INFO  server.RaftServerConfigKeys (ConfUtils.java:logGet(46)) - raft.server.threadpool.server.cached = true (default)
2023-07-05 13:45:10,139 [cf260cd7-cba0-4bd9-b172-726736faca1b-groupManagement] INFO  server.RaftServerConfigKeys (ConfUtils.java:logGet(46)) - raft.server.threadpool.server.size = 0 (default)
2023-07-05 13:45:10,139 [cf260cd7-cba0-4bd9-b172-726736faca1b-groupManagement] INFO  server.RaftServerConfigKeys (ConfUtils.java:logGet(46)) - raft.server.threadpool.client.cached = true (default)
2023-07-05 13:45:10,139 [cf260cd7-cba0-4bd9-b172-726736faca1b-groupManagement] INFO  server.RaftServerConfigKeys (ConfUtils.java:logGet(46)) - raft.server.threadpool.client.size = 0 (default)
2023-07-05 13:45:10,139 [cf260cd7-cba0-4bd9-b172-726736faca1b-groupManagement] INFO  storage.RaftStorageDirectory (RaftStorageDirectoryImpl.java:analyzeStorage(137)) - The storage directory /home/runner/work/ozone/ozone/hadoop-ozone/integration-test/target/test-dir/MiniOzoneClusterImpl-b87fbc93-14ec-4c7b-9414-fd1969dd8eca/datanode-0/data/ratis/44fbc6c9-e543-4df8-9e3c-1522c8774158 does not exist. Creating ...
2023-07-05 13:45:10,140 [cf260cd7-cba0-4bd9-b172-726736faca1b-groupManagement] INFO  storage.RaftStorageDirectory (RaftStorageDirectoryImpl.java:tryLock(231)) - Lock on /home/runner/work/ozone/ozone/hadoop-ozone/integration-test/target/test-dir/MiniOzoneClusterImpl-b87fbc93-14ec-4c7b-9414-fd1969dd8eca/datanode-0/data/ratis/44fbc6c9-e543-4df8-9e3c-1522c8774158/in_use.lock acquired by nodename 25537@fv-az264-29
2023-07-05 13:45:10,142 [cf260cd7-cba0-4bd9-b172-726736faca1b-groupManagement] INFO  storage.RaftStorage (RaftStorageImpl.java:format(96)) - Storage directory /home/runner/work/ozone/ozone/hadoop-ozone/integration-test/target/test-dir/MiniOzoneClusterImpl-b87fbc93-14ec-4c7b-9414-fd1969dd8eca/datanode-0/data/ratis/44fbc6c9-e543-4df8-9e3c-1522c8774158 has been successfully formatted.
2023-07-05 13:45:10,142 [cf260cd7-cba0-4bd9-b172-726736faca1b-groupManagement] INFO  ratis.ContainerStateMachine (ContainerStateMachine.java:loadSnapshot(262)) - group-1522C8774158: The snapshot info is null. Setting the last applied indexto:(t:0, i:~)
2023-07-05 13:45:10,142 [cf260cd7-cba0-4bd9-b172-726736faca1b-groupManagement] INFO  server.RaftServerConfigKeys (ConfUtils.java:logGet(46)) - raft.server.log.use.memory = false (default)
2023-07-05 13:45:10,143 [cf260cd7-cba0-4bd9-b172-726736faca1b-groupManagement] INFO  server.RaftServerConfigKeys (ConfUtils.java:logGet(46)) - raft.server.log.purge.gap = 1000000 (custom)
2023-07-05 13:45:10,143 [cf260cd7-cba0-4bd9-b172-726736faca1b-groupManagement] INFO  server.RaftServerConfigKeys (ConfUtils.java:logGet(46)) - raft.server.log.appender.buffer.byte-limit = 33554432 (custom)
2023-07-05 13:45:10,143 [cf260cd7-cba0-4bd9-b172-726736faca1b-groupManagement] INFO  server.RaftServerConfigKeys (ConfUtils.java:logGet(46)) - raft.server.log.statemachine.data.read.timeout = 1000ms (default)
2023-07-05 13:45:10,143 [cf260cd7-cba0-4bd9-b172-726736faca1b-groupManagement] INFO  server.RaftServerConfigKeys (ConfUtils.java:logGet(46)) - raft.server.log.purge.preservation.log.num = 0 (default)
2023-07-05 13:45:10,143 [cf260cd7-cba0-4bd9-b172-726736faca1b-groupManagement] INFO  server.RaftServerConfigKeys (ConfUtils.java:logGet(46)) - raft.server.log.segment.size.max = 1048576 (custom)
2023-07-05 13:45:10,143 [cf260cd7-cba0-4bd9-b172-726736faca1b-groupManagement] INFO  server.RaftServerConfigKeys (ConfUtils.java:logGet(46)) - raft.server.log.segment.cache.num.max = 2 (custom)
2023-07-05 13:45:10,145 [cf260cd7-cba0-4bd9-b172-726736faca1b-groupManagement] INFO  server.RaftServerConfigKeys (ConfUtils.java:logGet(46)) - raft.server.log.segment.cache.size.max = 200MB (=209715200) (default)
2023-07-05 13:45:10,145 [cf260cd7-cba0-4bd9-b172-726736faca1b-groupManagement] INFO  server.RaftServerConfigKeys (ConfUtils.java:logGet(46)) - raft.server.log.appender.buffer.byte-limit = 33554432 (custom)
2023-07-05 13:45:10,145 [cf260cd7-cba0-4bd9-b172-726736faca1b-groupManagement] INFO  segmented.SegmentedRaftLogWorker (SegmentedRaftLogWorker.java:<init>(188)) - new cf260cd7-cba0-4bd9-b172-726736faca1b@group-1522C8774158-SegmentedRaftLogWorker for RaftStorageImpl:Storage Directory /home/runner/work/ozone/ozone/hadoop-ozone/integration-test/target/test-dir/MiniOzoneClusterImpl-b87fbc93-14ec-4c7b-9414-fd1969dd8eca/datanode-0/data/ratis/44fbc6c9-e543-4df8-9e3c-1522c8774158
2023-07-05 13:45:10,146 [cf260cd7-cba0-4bd9-b172-726736faca1b-groupManagement] INFO  server.RaftServerConfigKeys (ConfUtils.java:logGet(46)) - raft.server.log.queue.byte-limit = 4294967296 (custom)
2023-07-05 13:45:10,146 [cf260cd7-cba0-4bd9-b172-726736faca1b-groupManagement] INFO  server.RaftServerConfigKeys (ConfUtils.java:logGet(46)) - raft.server.log.queue.element-limit = 1024 (custom)
2023-07-05 13:45:10,146 [cf260cd7-cba0-4bd9-b172-726736faca1b-groupManagement] INFO  server.RaftServerConfigKeys (ConfUtils.java:logGet(46)) - raft.server.log.segment.size.max = 1048576 (custom)
2023-07-05 13:45:10,146 [cf260cd7-cba0-4bd9-b172-726736faca1b-groupManagement] INFO  server.RaftServerConfigKeys (ConfUtils.java:logGet(46)) - raft.server.log.preallocated.size = 16384 (custom)
2023-07-05 13:45:10,146 [cf260cd7-cba0-4bd9-b172-726736faca1b-groupManagement] INFO  server.RaftServerConfigKeys (ConfUtils.java:logGet(46)) - raft.server.log.force.sync.num = 128 (default)
2023-07-05 13:45:10,146 [cf260cd7-cba0-4bd9-b172-726736faca1b-groupManagement] INFO  server.RaftServerConfigKeys (ConfUtils.java:logGet(46)) - raft.server.log.statemachine.data.sync = true (default)
2023-07-05 13:45:10,146 [cf260cd7-cba0-4bd9-b172-726736faca1b-groupManagement] INFO  server.RaftServerConfigKeys (ConfUtils.java:logGet(46)) - raft.server.log.statemachine.data.sync.timeout = 10s (default)
2023-07-05 13:45:10,146 [cf260cd7-cba0-4bd9-b172-726736faca1b-groupManagement] INFO  server.RaftServerConfigKeys (ConfUtils.java:logGet(46)) - raft.server.log.statemachine.data.sync.timeout.retry = -1 (default)
2023-07-05 13:45:10,146 [cf260cd7-cba0-4bd9-b172-726736faca1b-groupManagement] INFO  server.RaftServerConfigKeys (ConfUtils.java:logGet(46)) - raft.server.log.write.buffer.size = 1048576 (custom)
2023-07-05 13:45:10,147 [EventQueue-OpenPipelineForHealthyPipelineSafeModeRule] INFO  safemode.SCMSafeModeManager (HealthyPipelineSafeModeRule.java:process(137)) - SCM in safe mode. Healthy pipelines reported count is 0, required healthy pipeline reported count is 1
2023-07-05 13:45:10,147 [cf260cd7-cba0-4bd9-b172-726736faca1b-groupManagement] INFO  server.RaftServerConfigKeys (ConfUtils.java:logGet(46)) - raft.server.log.appender.buffer.byte-limit = 33554432 (custom)
2023-07-05 13:45:10,153 [cf260cd7-cba0-4bd9-b172-726736faca1b-groupManagement] INFO  server.RaftServerConfigKeys (ConfUtils.java:logGet(46)) - raft.server.log.unsafe-flush.enabled = false (default)
2023-07-05 13:45:10,153 [cf260cd7-cba0-4bd9-b172-726736faca1b-groupManagement] INFO  server.RaftServerConfigKeys (ConfUtils.java:logGet(46)) - raft.server.log.async-flush.enabled = false (default)
2023-07-05 13:45:10,153 [cf260cd7-cba0-4bd9-b172-726736faca1b-groupManagement] INFO  server.RaftServerConfigKeys (ConfUtils.java:logGet(46)) - raft.server.log.statemachine.data.caching.enabled = true (custom)
2023-07-05 13:45:10,153 [cf260cd7-cba0-4bd9-b172-726736faca1b-groupManagement] INFO  segmented.SegmentedRaftLogWorker (SegmentedRaftLogWorker.java:lambda$new$0(135)) - cf260cd7-cba0-4bd9-b172-726736faca1b@group-1522C8774158-SegmentedRaftLogWorker: flushIndex: setUnconditionally 0 -> -1
2023-07-05 13:45:10,153 [cf260cd7-cba0-4bd9-b172-726736faca1b-groupManagement] INFO  segmented.SegmentedRaftLogWorker (SegmentedRaftLogWorker.java:lambda$new$0(135)) - cf260cd7-cba0-4bd9-b172-726736faca1b@group-1522C8774158-SegmentedRaftLogWorker: safeCacheEvictIndex: setUnconditionally 0 -> -1
2023-07-05 13:45:10,153 [cf260cd7-cba0-4bd9-b172-726736faca1b-groupManagement] INFO  server.RaftServer$Division (RaftServerImpl.java:start(342)) - cf260cd7-cba0-4bd9-b172-726736faca1b@group-1522C8774158: start as a follower, conf=-1: peers:[eea920e5-eed2-4ccd-b274-7d8a7cd1384a|rpc:10.1.0.13:15297|admin:10.1.0.13:15296|client:10.1.0.13:15295|dataStream:10.1.0.13:15298|priority:0|startupRole:FOLLOWER, cf260cd7-cba0-4bd9-b172-726736faca1b|rpc:10.1.0.13:15279|admin:10.1.0.13:15278|client:10.1.0.13:15277|dataStream:10.1.0.13:15280|priority:0|startupRole:FOLLOWER, b469f820-ca6e-4614-936b-d267e952ce44|rpc:10.1.0.13:15288|admin:10.1.0.13:15287|client:10.1.0.13:15286|dataStream:10.1.0.13:15289|priority:1|startupRole:FOLLOWER]|listeners:[], old=null
2023-07-05 13:45:10,153 [cf260cd7-cba0-4bd9-b172-726736faca1b-groupManagement] INFO  server.RaftServer$Division (RaftServerImpl.java:setRole(329)) - cf260cd7-cba0-4bd9-b172-726736faca1b@group-1522C8774158: changes role from      null to FOLLOWER at term 0 for startAsFollower
2023-07-05 13:45:10,153 [cf260cd7-cba0-4bd9-b172-726736faca1b-groupManagement] INFO  impl.RoleInfo (RoleInfo.java:updateAndGet(139)) - cf260cd7-cba0-4bd9-b172-726736faca1b: start cf260cd7-cba0-4bd9-b172-726736faca1b@group-1522C8774158-FollowerState
2023-07-05 13:45:10,154 [cf260cd7-cba0-4bd9-b172-726736faca1b-groupManagement] INFO  util.JmxRegister (JmxRegister.java:tryRegister(44)) - Successfully registered JMX Bean with object name Ratis:service=RaftServer,group=group-1522C8774158,id=cf260cd7-cba0-4bd9-b172-726736faca1b
2023-07-05 13:45:10,154 [cf260cd7-cba0-4bd9-b172-726736faca1b@group-1522C8774158-FollowerState] INFO  server.RaftServerConfigKeys (ConfUtils.java:logFallback(53)) - raft.server.rpc.first-election.timeout.min = 5s (fallback to raft.server.rpc.timeout.min)
2023-07-05 13:45:10,154 [cf260cd7-cba0-4bd9-b172-726736faca1b-groupManagement] INFO  server.RaftServerConfigKeys (ConfUtils.java:logGet(46)) - raft.server.snapshot.auto.trigger.enabled = true (custom)
2023-07-05 13:45:10,154 [cf260cd7-cba0-4bd9-b172-726736faca1b@group-1522C8774158-FollowerState] INFO  server.RaftServerConfigKeys (ConfUtils.java:logFallback(53)) - raft.server.rpc.first-election.timeout.max = 5200ms (fallback to raft.server.rpc.timeout.max)
2023-07-05 13:45:10,154 [cf260cd7-cba0-4bd9-b172-726736faca1b-groupManagement] INFO  server.RaftServerConfigKeys (ConfUtils.java:logGet(46)) - raft.server.snapshot.auto.trigger.threshold = 10000 (custom)
2023-07-05 13:45:10,154 [cf260cd7-cba0-4bd9-b172-726736faca1b-groupManagement] INFO  server.RaftServerConfigKeys (ConfUtils.java:logGet(46)) - raft.server.snapshot.retention.file.num = 5 (custom)
2023-07-05 13:45:10,154 [cf260cd7-cba0-4bd9-b172-726736faca1b-groupManagement] INFO  server.RaftServerConfigKeys (ConfUtils.java:logGet(46)) - raft.server.log.purge.upto.snapshot.index = false (default)
2023-07-05 13:45:10,155 [PipelineCommandHandlerThread-0] INFO  ratis.XceiverServerRatis (XceiverServerRatis.java:addGroup(804)) - Created group PipelineID=44fbc6c9-e543-4df8-9e3c-1522c8774158
2023-07-05 13:45:10,162 [grpc-default-executor-0] INFO  server.RaftServer (RaftServerProxy.java:addNew(98)) - eea920e5-eed2-4ccd-b274-7d8a7cd1384a: addNew group-1522C8774158:[eea920e5-eed2-4ccd-b274-7d8a7cd1384a|rpc:10.1.0.13:15297|admin:10.1.0.13:15296|client:10.1.0.13:15295|dataStream:10.1.0.13:15298|priority:0|startupRole:FOLLOWER, cf260cd7-cba0-4bd9-b172-726736faca1b|rpc:10.1.0.13:15279|admin:10.1.0.13:15278|client:10.1.0.13:15277|dataStream:10.1.0.13:15280|priority:0|startupRole:FOLLOWER, b469f820-ca6e-4614-936b-d267e952ce44|rpc:10.1.0.13:15288|admin:10.1.0.13:15287|client:10.1.0.13:15286|dataStream:10.1.0.13:15289|priority:1|startupRole:FOLLOWER] returns group-1522C8774158:java.util.concurrent.CompletableFuture@6247b4c3[Not completed]
2023-07-05 13:45:10,163 [eea920e5-eed2-4ccd-b274-7d8a7cd1384a-groupManagement] INFO  server.RaftServer$Division (RaftServerImpl.java:<init>(198)) - eea920e5-eed2-4ccd-b274-7d8a7cd1384a: new RaftServerImpl for group-1522C8774158:[eea920e5-eed2-4ccd-b274-7d8a7cd1384a|rpc:10.1.0.13:15297|admin:10.1.0.13:15296|client:10.1.0.13:15295|dataStream:10.1.0.13:15298|priority:0|startupRole:FOLLOWER, cf260cd7-cba0-4bd9-b172-726736faca1b|rpc:10.1.0.13:15279|admin:10.1.0.13:15278|client:10.1.0.13:15277|dataStream:10.1.0.13:15280|priority:0|startupRole:FOLLOWER, b469f820-ca6e-4614-936b-d267e952ce44|rpc:10.1.0.13:15288|admin:10.1.0.13:15287|client:10.1.0.13:15286|dataStream:10.1.0.13:15289|priority:1|startupRole:FOLLOWER] with ContainerStateMachine:uninitialized
2023-07-05 13:45:10,163 [eea920e5-eed2-4ccd-b274-7d8a7cd1384a-groupManagement] INFO  server.RaftServerConfigKeys (ConfUtils.java:logGet(46)) - raft.server.rpc.timeout.min = 5s (custom)
2023-07-05 13:45:10,163 [eea920e5-eed2-4ccd-b274-7d8a7cd1384a-groupManagement] INFO  server.RaftServerConfigKeys (ConfUtils.java:logGet(46)) - raft.server.rpc.timeout.max = 5200ms (custom)
2023-07-05 13:45:10,163 [eea920e5-eed2-4ccd-b274-7d8a7cd1384a-groupManagement] INFO  server.RaftServerConfigKeys (ConfUtils.java:logGet(46)) - raft.server.rpc.sleep.time = 25ms (default)
2023-07-05 13:45:10,163 [eea920e5-eed2-4ccd-b274-7d8a7cd1384a-groupManagement] INFO  server.RaftServerConfigKeys (ConfUtils.java:logGet(46)) - raft.server.rpc.slowness.timeout = 300s (custom)
2023-07-05 13:45:10,163 [eea920e5-eed2-4ccd-b274-7d8a7cd1384a-groupManagement] INFO  server.RaftServerConfigKeys (ConfUtils.java:logGet(46)) - raft.server.leaderelection.leader.step-down.wait-time = 10s (default)
2023-07-05 13:45:10,163 [eea920e5-eed2-4ccd-b274-7d8a7cd1384a-groupManagement] INFO  server.RaftServerConfigKeys (ConfUtils.java:logGet(46)) - raft.server.sleep.deviation.threshold = 300ms (default)
2023-07-05 13:45:10,163 [eea920e5-eed2-4ccd-b274-7d8a7cd1384a-groupManagement] INFO  server.RaftServer$Division (ServerState.java:<init>(120)) - eea920e5-eed2-4ccd-b274-7d8a7cd1384a@group-1522C8774158: ConfigurationManager, init=-1: peers:[eea920e5-eed2-4ccd-b274-7d8a7cd1384a|rpc:10.1.0.13:15297|admin:10.1.0.13:15296|client:10.1.0.13:15295|dataStream:10.1.0.13:15298|priority:0|startupRole:FOLLOWER, cf260cd7-cba0-4bd9-b172-726736faca1b|rpc:10.1.0.13:15279|admin:10.1.0.13:15278|client:10.1.0.13:15277|dataStream:10.1.0.13:15280|priority:0|startupRole:FOLLOWER, b469f820-ca6e-4614-936b-d267e952ce44|rpc:10.1.0.13:15288|admin:10.1.0.13:15287|client:10.1.0.13:15286|dataStream:10.1.0.13:15289|priority:1|startupRole:FOLLOWER]|listeners:[], old=null, confs=<EMPTY_MAP>
2023-07-05 13:45:10,165 [eea920e5-eed2-4ccd-b274-7d8a7cd1384a-groupManagement] INFO  server.RaftServerConfigKeys (ConfUtils.java:logGet(46)) - raft.server.storage.dir = [/home/runner/work/ozone/ozone/hadoop-ozone/integration-test/target/test-dir/MiniOzoneClusterImpl-b87fbc93-14ec-4c7b-9414-fd1969dd8eca/datanode-2/data/ratis] (custom)
2023-07-05 13:45:10,165 [eea920e5-eed2-4ccd-b274-7d8a7cd1384a-groupManagement] INFO  server.RaftServerConfigKeys (ConfUtils.java:logGet(46)) - raft.server.log.corruption.policy = EXCEPTION (default)
2023-07-05 13:45:10,165 [eea920e5-eed2-4ccd-b274-7d8a7cd1384a-groupManagement] INFO  server.RaftServerConfigKeys (ConfUtils.java:logGet(46)) - raft.server.storage.free-space.min = 0MB (=0) (default)
2023-07-05 13:45:10,165 [eea920e5-eed2-4ccd-b274-7d8a7cd1384a-groupManagement] INFO  server.RaftServerConfigKeys (ConfUtils.java:logGet(46)) - raft.server.notification.no-leader.timeout = 300s (custom)
2023-07-05 13:45:10,166 [eea920e5-eed2-4ccd-b274-7d8a7cd1384a-groupManagement] INFO  server.RaftServerConfigKeys (ConfUtils.java:logGet(46)) - raft.server.read.timeout = 10s (default)
2023-07-05 13:45:10,166 [eea920e5-eed2-4ccd-b274-7d8a7cd1384a-groupManagement] INFO  server.RaftServerConfigKeys (ConfUtils.java:logGet(46)) - raft.server.retrycache.expirytime = 600000ms (custom)
2023-07-05 13:45:10,166 [eea920e5-eed2-4ccd-b274-7d8a7cd1384a-groupManagement] INFO  server.RaftServerConfigKeys (ConfUtils.java:logGet(46)) - raft.server.retrycache.statistics.expirytime = 100μs (default)
2023-07-05 13:45:10,166 [eea920e5-eed2-4ccd-b274-7d8a7cd1384a-groupManagement] INFO  server.RaftServerConfigKeys (ConfUtils.java:logGet(46)) - raft.server.read.option = DEFAULT (default)
2023-07-05 13:45:10,166 [eea920e5-eed2-4ccd-b274-7d8a7cd1384a-groupManagement] INFO  server.RaftServerConfigKeys (ConfUtils.java:logGet(46)) - raft.server.rpc.request.timeout = 60s (custom)
2023-07-05 13:45:10,166 [eea920e5-eed2-4ccd-b274-7d8a7cd1384a-groupManagement] INFO  server.RaftServerConfigKeys (ConfUtils.java:logGet(46)) - raft.server.log.appender.install.snapshot.enabled = false (custom)
2023-07-05 13:45:10,166 [eea920e5-eed2-4ccd-b274-7d8a7cd1384a-groupManagement] INFO  server.RaftServerConfigKeys (ConfUtils.java:logGet(46)) - raft.server.threadpool.server.cached = true (default)
2023-07-05 13:45:10,166 [eea920e5-eed2-4ccd-b274-7d8a7cd1384a-groupManagement] INFO  server.RaftServerConfigKeys (ConfUtils.java:logGet(46)) - raft.server.threadpool.server.size = 0 (default)
2023-07-05 13:45:10,166 [eea920e5-eed2-4ccd-b274-7d8a7cd1384a-groupManagement] INFO  server.RaftServerConfigKeys (ConfUtils.java:logGet(46)) - raft.server.threadpool.client.cached = true (default)
2023-07-05 13:45:10,167 [eea920e5-eed2-4ccd-b274-7d8a7cd1384a-groupManagement] INFO  server.RaftServerConfigKeys (ConfUtils.java:logGet(46)) - raft.server.threadpool.client.size = 0 (default)
2023-07-05 13:45:10,167 [eea920e5-eed2-4ccd-b274-7d8a7cd1384a-groupManagement] INFO  storage.RaftStorageDirectory (RaftStorageDirectoryImpl.java:analyzeStorage(137)) - The storage directory /home/runner/work/ozone/ozone/hadoop-ozone/integration-test/target/test-dir/MiniOzoneClusterImpl-b87fbc93-14ec-4c7b-9414-fd1969dd8eca/datanode-2/data/ratis/44fbc6c9-e543-4df8-9e3c-1522c8774158 does not exist. Creating ...
2023-07-05 13:45:10,168 [eea920e5-eed2-4ccd-b274-7d8a7cd1384a-groupManagement] INFO  storage.RaftStorageDirectory (RaftStorageDirectoryImpl.java:tryLock(231)) - Lock on /home/runner/work/ozone/ozone/hadoop-ozone/integration-test/target/test-dir/MiniOzoneClusterImpl-b87fbc93-14ec-4c7b-9414-fd1969dd8eca/datanode-2/data/ratis/44fbc6c9-e543-4df8-9e3c-1522c8774158/in_use.lock acquired by nodename 25537@fv-az264-29
2023-07-05 13:45:10,170 [eea920e5-eed2-4ccd-b274-7d8a7cd1384a-groupManagement] INFO  storage.RaftStorage (RaftStorageImpl.java:format(96)) - Storage directory /home/runner/work/ozone/ozone/hadoop-ozone/integration-test/target/test-dir/MiniOzoneClusterImpl-b87fbc93-14ec-4c7b-9414-fd1969dd8eca/datanode-2/data/ratis/44fbc6c9-e543-4df8-9e3c-1522c8774158 has been successfully formatted.
2023-07-05 13:45:10,171 [eea920e5-eed2-4ccd-b274-7d8a7cd1384a-groupManagement] INFO  ratis.ContainerStateMachine (ContainerStateMachine.java:loadSnapshot(262)) - group-1522C8774158: The snapshot info is null. Setting the last applied indexto:(t:0, i:~)
2023-07-05 13:45:10,171 [eea920e5-eed2-4ccd-b274-7d8a7cd1384a-groupManagement] INFO  server.RaftServerConfigKeys (ConfUtils.java:logGet(46)) - raft.server.log.use.memory = false (default)
2023-07-05 13:45:10,171 [eea920e5-eed2-4ccd-b274-7d8a7cd1384a-groupManagement] INFO  server.RaftServerConfigKeys (ConfUtils.java:logGet(46)) - raft.server.log.purge.gap = 1000000 (custom)
2023-07-05 13:45:10,171 [eea920e5-eed2-4ccd-b274-7d8a7cd1384a-groupManagement] INFO  server.RaftServerConfigKeys (ConfUtils.java:logGet(46)) - raft.server.log.appender.buffer.byte-limit = 33554432 (custom)
2023-07-05 13:45:10,171 [eea920e5-eed2-4ccd-b274-7d8a7cd1384a-groupManagement] INFO  server.RaftServerConfigKeys (ConfUtils.java:logGet(46)) - raft.server.log.statemachine.data.read.timeout = 1000ms (default)
2023-07-05 13:45:10,172 [eea920e5-eed2-4ccd-b274-7d8a7cd1384a-groupManagement] INFO  server.RaftServerConfigKeys (ConfUtils.java:logGet(46)) - raft.server.log.purge.preservation.log.num = 0 (default)
2023-07-05 13:45:10,172 [eea920e5-eed2-4ccd-b274-7d8a7cd1384a-groupManagement] INFO  server.RaftServerConfigKeys (ConfUtils.java:logGet(46)) - raft.server.log.segment.size.max = 1048576 (custom)
2023-07-05 13:45:10,172 [eea920e5-eed2-4ccd-b274-7d8a7cd1384a-groupManagement] INFO  server.RaftServerConfigKeys (ConfUtils.java:logGet(46)) - raft.server.log.segment.cache.num.max = 2 (custom)
2023-07-05 13:45:10,172 [eea920e5-eed2-4ccd-b274-7d8a7cd1384a-groupManagement] INFO  server.RaftServerConfigKeys (ConfUtils.java:logGet(46)) - raft.server.log.segment.cache.size.max = 200MB (=209715200) (default)
2023-07-05 13:45:10,172 [eea920e5-eed2-4ccd-b274-7d8a7cd1384a-groupManagement] INFO  server.RaftServerConfigKeys (ConfUtils.java:logGet(46)) - raft.server.log.appender.buffer.byte-limit = 33554432 (custom)
2023-07-05 13:45:10,172 [eea920e5-eed2-4ccd-b274-7d8a7cd1384a-groupManagement] INFO  segmented.SegmentedRaftLogWorker (SegmentedRaftLogWorker.java:<init>(188)) - new eea920e5-eed2-4ccd-b274-7d8a7cd1384a@group-1522C8774158-SegmentedRaftLogWorker for RaftStorageImpl:Storage Directory /home/runner/work/ozone/ozone/hadoop-ozone/integration-test/target/test-dir/MiniOzoneClusterImpl-b87fbc93-14ec-4c7b-9414-fd1969dd8eca/datanode-2/data/ratis/44fbc6c9-e543-4df8-9e3c-1522c8774158
2023-07-05 13:45:10,172 [eea920e5-eed2-4ccd-b274-7d8a7cd1384a-groupManagement] INFO  server.RaftServerConfigKeys (ConfUtils.java:logGet(46)) - raft.server.log.queue.byte-limit = 4294967296 (custom)
2023-07-05 13:45:10,172 [eea920e5-eed2-4ccd-b274-7d8a7cd1384a-groupManagement] INFO  server.RaftServerConfigKeys (ConfUtils.java:logGet(46)) - raft.server.log.queue.element-limit = 1024 (custom)
2023-07-05 13:45:10,173 [eea920e5-eed2-4ccd-b274-7d8a7cd1384a-groupManagement] INFO  server.RaftServerConfigKeys (ConfUtils.java:logGet(46)) - raft.server.log.segment.size.max = 1048576 (custom)
2023-07-05 13:45:10,173 [eea920e5-eed2-4ccd-b274-7d8a7cd1384a-groupManagement] INFO  server.RaftServerConfigKeys (ConfUtils.java:logGet(46)) - raft.server.log.preallocated.size = 16384 (custom)
2023-07-05 13:45:10,173 [eea920e5-eed2-4ccd-b274-7d8a7cd1384a-groupManagement] INFO  server.RaftServerConfigKeys (ConfUtils.java:logGet(46)) - raft.server.log.force.sync.num = 128 (default)
2023-07-05 13:45:10,173 [eea920e5-eed2-4ccd-b274-7d8a7cd1384a-groupManagement] INFO  server.RaftServerConfigKeys (ConfUtils.java:logGet(46)) - raft.server.log.statemachine.data.sync = true (default)
2023-07-05 13:45:10,173 [eea920e5-eed2-4ccd-b274-7d8a7cd1384a-groupManagement] INFO  server.RaftServerConfigKeys (ConfUtils.java:logGet(46)) - raft.server.log.statemachine.data.sync.timeout = 10s (default)
2023-07-05 13:45:10,173 [eea920e5-eed2-4ccd-b274-7d8a7cd1384a-groupManagement] INFO  server.RaftServerConfigKeys (ConfUtils.java:logGet(46)) - raft.server.log.statemachine.data.sync.timeout.retry = -1 (default)
2023-07-05 13:45:10,173 [eea920e5-eed2-4ccd-b274-7d8a7cd1384a-groupManagement] INFO  server.RaftServerConfigKeys (ConfUtils.java:logGet(46)) - raft.server.log.write.buffer.size = 1048576 (custom)
2023-07-05 13:45:10,174 [eea920e5-eed2-4ccd-b274-7d8a7cd1384a-groupManagement] INFO  server.RaftServerConfigKeys (ConfUtils.java:logGet(46)) - raft.server.log.appender.buffer.byte-limit = 33554432 (custom)
2023-07-05 13:45:10,179 [eea920e5-eed2-4ccd-b274-7d8a7cd1384a-groupManagement] INFO  server.RaftServerConfigKeys (ConfUtils.java:logGet(46)) - raft.server.log.unsafe-flush.enabled = false (default)
2023-07-05 13:45:10,179 [eea920e5-eed2-4ccd-b274-7d8a7cd1384a-groupManagement] INFO  server.RaftServerConfigKeys (ConfUtils.java:logGet(46)) - raft.server.log.async-flush.enabled = false (default)
2023-07-05 13:45:10,179 [eea920e5-eed2-4ccd-b274-7d8a7cd1384a-groupManagement] INFO  server.RaftServerConfigKeys (ConfUtils.java:logGet(46)) - raft.server.log.statemachine.data.caching.enabled = true (custom)
2023-07-05 13:45:10,180 [eea920e5-eed2-4ccd-b274-7d8a7cd1384a-groupManagement] INFO  segmented.SegmentedRaftLogWorker (SegmentedRaftLogWorker.java:lambda$new$0(135)) - eea920e5-eed2-4ccd-b274-7d8a7cd1384a@group-1522C8774158-SegmentedRaftLogWorker: flushIndex: setUnconditionally 0 -> -1
2023-07-05 13:45:10,180 [eea920e5-eed2-4ccd-b274-7d8a7cd1384a-groupManagement] INFO  segmented.SegmentedRaftLogWorker (SegmentedRaftLogWorker.java:lambda$new$0(135)) - eea920e5-eed2-4ccd-b274-7d8a7cd1384a@group-1522C8774158-SegmentedRaftLogWorker: safeCacheEvictIndex: setUnconditionally 0 -> -1
2023-07-05 13:45:10,180 [eea920e5-eed2-4ccd-b274-7d8a7cd1384a-groupManagement] INFO  server.RaftServer$Division (RaftServerImpl.java:start(342)) - eea920e5-eed2-4ccd-b274-7d8a7cd1384a@group-1522C8774158: start as a follower, conf=-1: peers:[eea920e5-eed2-4ccd-b274-7d8a7cd1384a|rpc:10.1.0.13:15297|admin:10.1.0.13:15296|client:10.1.0.13:15295|dataStream:10.1.0.13:15298|priority:0|startupRole:FOLLOWER, cf260cd7-cba0-4bd9-b172-726736faca1b|rpc:10.1.0.13:15279|admin:10.1.0.13:15278|client:10.1.0.13:15277|dataStream:10.1.0.13:15280|priority:0|startupRole:FOLLOWER, b469f820-ca6e-4614-936b-d267e952ce44|rpc:10.1.0.13:15288|admin:10.1.0.13:15287|client:10.1.0.13:15286|dataStream:10.1.0.13:15289|priority:1|startupRole:FOLLOWER]|listeners:[], old=null
2023-07-05 13:45:10,180 [eea920e5-eed2-4ccd-b274-7d8a7cd1384a-groupManagement] INFO  server.RaftServer$Division (RaftServerImpl.java:setRole(329)) - eea920e5-eed2-4ccd-b274-7d8a7cd1384a@group-1522C8774158: changes role from      null to FOLLOWER at term 0 for startAsFollower
2023-07-05 13:45:10,180 [eea920e5-eed2-4ccd-b274-7d8a7cd1384a-groupManagement] INFO  impl.RoleInfo (RoleInfo.java:updateAndGet(139)) - eea920e5-eed2-4ccd-b274-7d8a7cd1384a: start eea920e5-eed2-4ccd-b274-7d8a7cd1384a@group-1522C8774158-FollowerState
2023-07-05 13:45:10,180 [eea920e5-eed2-4ccd-b274-7d8a7cd1384a-groupManagement] INFO  util.JmxRegister (JmxRegister.java:tryRegister(44)) - Successfully registered JMX Bean with object name Ratis:service=RaftServer,group=group-1522C8774158,id=eea920e5-eed2-4ccd-b274-7d8a7cd1384a
2023-07-05 13:45:10,180 [eea920e5-eed2-4ccd-b274-7d8a7cd1384a@group-1522C8774158-FollowerState] INFO  server.RaftServerConfigKeys (ConfUtils.java:logFallback(53)) - raft.server.rpc.first-election.timeout.min = 5s (fallback to raft.server.rpc.timeout.min)
2023-07-05 13:45:10,180 [eea920e5-eed2-4ccd-b274-7d8a7cd1384a-groupManagement] INFO  server.RaftServerConfigKeys (ConfUtils.java:logGet(46)) - raft.server.snapshot.auto.trigger.enabled = true (custom)
2023-07-05 13:45:10,181 [eea920e5-eed2-4ccd-b274-7d8a7cd1384a@group-1522C8774158-FollowerState] INFO  server.RaftServerConfigKeys (ConfUtils.java:logFallback(53)) - raft.server.rpc.first-election.timeout.max = 5200ms (fallback to raft.server.rpc.timeout.max)
2023-07-05 13:45:10,181 [eea920e5-eed2-4ccd-b274-7d8a7cd1384a-groupManagement] INFO  server.RaftServerConfigKeys (ConfUtils.java:logGet(46)) - raft.server.snapshot.auto.trigger.threshold = 10000 (custom)
2023-07-05 13:45:10,181 [eea920e5-eed2-4ccd-b274-7d8a7cd1384a-groupManagement] INFO  server.RaftServerConfigKeys (ConfUtils.java:logGet(46)) - raft.server.snapshot.retention.file.num = 5 (custom)
2023-07-05 13:45:10,181 [eea920e5-eed2-4ccd-b274-7d8a7cd1384a-groupManagement] INFO  server.RaftServerConfigKeys (ConfUtils.java:logGet(46)) - raft.server.log.purge.upto.snapshot.index = false (default)
2023-07-05 13:45:10,200 [grpc-default-executor-0] INFO  server.RaftServer (RaftServerProxy.java:addNew(98)) - b469f820-ca6e-4614-936b-d267e952ce44: addNew group-1522C8774158:[eea920e5-eed2-4ccd-b274-7d8a7cd1384a|rpc:10.1.0.13:15297|admin:10.1.0.13:15296|client:10.1.0.13:15295|dataStream:10.1.0.13:15298|priority:0|startupRole:FOLLOWER, cf260cd7-cba0-4bd9-b172-726736faca1b|rpc:10.1.0.13:15279|admin:10.1.0.13:15278|client:10.1.0.13:15277|dataStream:10.1.0.13:15280|priority:0|startupRole:FOLLOWER, b469f820-ca6e-4614-936b-d267e952ce44|rpc:10.1.0.13:15288|admin:10.1.0.13:15287|client:10.1.0.13:15286|dataStream:10.1.0.13:15289|priority:1|startupRole:FOLLOWER] returns group-1522C8774158:java.util.concurrent.CompletableFuture@283ee694[Not completed]
2023-07-05 13:45:10,201 [b469f820-ca6e-4614-936b-d267e952ce44-groupManagement] INFO  server.RaftServer$Division (RaftServerImpl.java:<init>(198)) - b469f820-ca6e-4614-936b-d267e952ce44: new RaftServerImpl for group-1522C8774158:[eea920e5-eed2-4ccd-b274-7d8a7cd1384a|rpc:10.1.0.13:15297|admin:10.1.0.13:15296|client:10.1.0.13:15295|dataStream:10.1.0.13:15298|priority:0|startupRole:FOLLOWER, cf260cd7-cba0-4bd9-b172-726736faca1b|rpc:10.1.0.13:15279|admin:10.1.0.13:15278|client:10.1.0.13:15277|dataStream:10.1.0.13:15280|priority:0|startupRole:FOLLOWER, b469f820-ca6e-4614-936b-d267e952ce44|rpc:10.1.0.13:15288|admin:10.1.0.13:15287|client:10.1.0.13:15286|dataStream:10.1.0.13:15289|priority:1|startupRole:FOLLOWER] with ContainerStateMachine:uninitialized
2023-07-05 13:45:10,201 [b469f820-ca6e-4614-936b-d267e952ce44-groupManagement] INFO  server.RaftServerConfigKeys (ConfUtils.java:logGet(46)) - raft.server.rpc.timeout.min = 5s (custom)
2023-07-05 13:45:10,201 [b469f820-ca6e-4614-936b-d267e952ce44-groupManagement] INFO  server.RaftServerConfigKeys (ConfUtils.java:logGet(46)) - raft.server.rpc.timeout.max = 5200ms (custom)
2023-07-05 13:45:10,201 [b469f820-ca6e-4614-936b-d267e952ce44-groupManagement] INFO  server.RaftServerConfigKeys (ConfUtils.java:logGet(46)) - raft.server.rpc.sleep.time = 25ms (default)
2023-07-05 13:45:10,201 [b469f820-ca6e-4614-936b-d267e952ce44-groupManagement] INFO  server.RaftServerConfigKeys (ConfUtils.java:logGet(46)) - raft.server.rpc.slowness.timeout = 300s (custom)
2023-07-05 13:45:10,201 [b469f820-ca6e-4614-936b-d267e952ce44-groupManagement] INFO  server.RaftServerConfigKeys (ConfUtils.java:logGet(46)) - raft.server.leaderelection.leader.step-down.wait-time = 10s (default)
2023-07-05 13:45:10,202 [b469f820-ca6e-4614-936b-d267e952ce44-groupManagement] INFO  server.RaftServerConfigKeys (ConfUtils.java:logGet(46)) - raft.server.sleep.deviation.threshold = 300ms (default)
2023-07-05 13:45:10,202 [b469f820-ca6e-4614-936b-d267e952ce44-groupManagement] INFO  server.RaftServer$Division (ServerState.java:<init>(120)) - b469f820-ca6e-4614-936b-d267e952ce44@group-1522C8774158: ConfigurationManager, init=-1: peers:[eea920e5-eed2-4ccd-b274-7d8a7cd1384a|rpc:10.1.0.13:15297|admin:10.1.0.13:15296|client:10.1.0.13:15295|dataStream:10.1.0.13:15298|priority:0|startupRole:FOLLOWER, cf260cd7-cba0-4bd9-b172-726736faca1b|rpc:10.1.0.13:15279|admin:10.1.0.13:15278|client:10.1.0.13:15277|dataStream:10.1.0.13:15280|priority:0|startupRole:FOLLOWER, b469f820-ca6e-4614-936b-d267e952ce44|rpc:10.1.0.13:15288|admin:10.1.0.13:15287|client:10.1.0.13:15286|dataStream:10.1.0.13:15289|priority:1|startupRole:FOLLOWER]|listeners:[], old=null, confs=<EMPTY_MAP>
2023-07-05 13:45:10,202 [b469f820-ca6e-4614-936b-d267e952ce44-groupManagement] INFO  server.RaftServerConfigKeys (ConfUtils.java:logGet(46)) - raft.server.storage.dir = [/home/runner/work/ozone/ozone/hadoop-ozone/integration-test/target/test-dir/MiniOzoneClusterImpl-b87fbc93-14ec-4c7b-9414-fd1969dd8eca/datanode-1/data/ratis] (custom)
2023-07-05 13:45:10,202 [b469f820-ca6e-4614-936b-d267e952ce44-groupManagement] INFO  server.RaftServerConfigKeys (ConfUtils.java:logGet(46)) - raft.server.log.corruption.policy = EXCEPTION (default)
2023-07-05 13:45:10,202 [b469f820-ca6e-4614-936b-d267e952ce44-groupManagement] INFO  server.RaftServerConfigKeys (ConfUtils.java:logGet(46)) - raft.server.storage.free-space.min = 0MB (=0) (default)
2023-07-05 13:45:10,202 [b469f820-ca6e-4614-936b-d267e952ce44-groupManagement] INFO  server.RaftServerConfigKeys (ConfUtils.java:logGet(46)) - raft.server.notification.no-leader.timeout = 300s (custom)
2023-07-05 13:45:10,202 [b469f820-ca6e-4614-936b-d267e952ce44-groupManagement] INFO  server.RaftServerConfigKeys (ConfUtils.java:logGet(46)) - raft.server.read.timeout = 10s (default)
2023-07-05 13:45:10,202 [b469f820-ca6e-4614-936b-d267e952ce44-groupManagement] INFO  server.RaftServerConfigKeys (ConfUtils.java:logGet(46)) - raft.server.retrycache.expirytime = 600000ms (custom)
2023-07-05 13:45:10,202 [b469f820-ca6e-4614-936b-d267e952ce44-groupManagement] INFO  server.RaftServerConfigKeys (ConfUtils.java:logGet(46)) - raft.server.retrycache.statistics.expirytime = 100μs (default)
2023-07-05 13:45:10,202 [b469f820-ca6e-4614-936b-d267e952ce44-groupManagement] INFO  server.RaftServerConfigKeys (ConfUtils.java:logGet(46)) - raft.server.read.option = DEFAULT (default)
2023-07-05 13:45:10,203 [b469f820-ca6e-4614-936b-d267e952ce44-groupManagement] INFO  server.RaftServerConfigKeys (ConfUtils.java:logGet(46)) - raft.server.rpc.request.timeout = 60s (custom)
2023-07-05 13:45:10,203 [b469f820-ca6e-4614-936b-d267e952ce44-groupManagement] INFO  server.RaftServerConfigKeys (ConfUtils.java:logGet(46)) - raft.server.log.appender.install.snapshot.enabled = false (custom)
2023-07-05 13:45:10,203 [b469f820-ca6e-4614-936b-d267e952ce44-groupManagement] INFO  server.RaftServerConfigKeys (ConfUtils.java:logGet(46)) - raft.server.threadpool.server.cached = true (default)
2023-07-05 13:45:10,203 [b469f820-ca6e-4614-936b-d267e952ce44-groupManagement] INFO  server.RaftServerConfigKeys (ConfUtils.java:logGet(46)) - raft.server.threadpool.server.size = 0 (default)
2023-07-05 13:45:10,203 [b469f820-ca6e-4614-936b-d267e952ce44-groupManagement] INFO  server.RaftServerConfigKeys (ConfUtils.java:logGet(46)) - raft.server.threadpool.client.cached = true (default)
2023-07-05 13:45:10,203 [b469f820-ca6e-4614-936b-d267e952ce44-groupManagement] INFO  server.RaftServerConfigKeys (ConfUtils.java:logGet(46)) - raft.server.threadpool.client.size = 0 (default)
2023-07-05 13:45:10,203 [b469f820-ca6e-4614-936b-d267e952ce44-groupManagement] INFO  storage.RaftStorageDirectory (RaftStorageDirectoryImpl.java:analyzeStorage(137)) - The storage directory /home/runner/work/ozone/ozone/hadoop-ozone/integration-test/target/test-dir/MiniOzoneClusterImpl-b87fbc93-14ec-4c7b-9414-fd1969dd8eca/datanode-1/data/ratis/44fbc6c9-e543-4df8-9e3c-1522c8774158 does not exist. Creating ...
2023-07-05 13:45:10,204 [b469f820-ca6e-4614-936b-d267e952ce44-groupManagement] INFO  storage.RaftStorageDirectory (RaftStorageDirectoryImpl.java:tryLock(231)) - Lock on /home/runner/work/ozone/ozone/hadoop-ozone/integration-test/target/test-dir/MiniOzoneClusterImpl-b87fbc93-14ec-4c7b-9414-fd1969dd8eca/datanode-1/data/ratis/44fbc6c9-e543-4df8-9e3c-1522c8774158/in_use.lock acquired by nodename 25537@fv-az264-29
2023-07-05 13:45:10,206 [b469f820-ca6e-4614-936b-d267e952ce44-groupManagement] INFO  storage.RaftStorage (RaftStorageImpl.java:format(96)) - Storage directory /home/runner/work/ozone/ozone/hadoop-ozone/integration-test/target/test-dir/MiniOzoneClusterImpl-b87fbc93-14ec-4c7b-9414-fd1969dd8eca/datanode-1/data/ratis/44fbc6c9-e543-4df8-9e3c-1522c8774158 has been successfully formatted.
2023-07-05 13:45:10,206 [b469f820-ca6e-4614-936b-d267e952ce44-groupManagement] INFO  ratis.ContainerStateMachine (ContainerStateMachine.java:loadSnapshot(262)) - group-1522C8774158: The snapshot info is null. Setting the last applied indexto:(t:0, i:~)
2023-07-05 13:45:10,206 [b469f820-ca6e-4614-936b-d267e952ce44-groupManagement] INFO  server.RaftServerConfigKeys (ConfUtils.java:logGet(46)) - raft.server.log.use.memory = false (default)
2023-07-05 13:45:10,206 [b469f820-ca6e-4614-936b-d267e952ce44-groupManagement] INFO  server.RaftServerConfigKeys (ConfUtils.java:logGet(46)) - raft.server.log.purge.gap = 1000000 (custom)
2023-07-05 13:45:10,206 [b469f820-ca6e-4614-936b-d267e952ce44-groupManagement] INFO  server.RaftServerConfigKeys (ConfUtils.java:logGet(46)) - raft.server.log.appender.buffer.byte-limit = 33554432 (custom)
2023-07-05 13:45:10,206 [b469f820-ca6e-4614-936b-d267e952ce44-groupManagement] INFO  server.RaftServerConfigKeys (ConfUtils.java:logGet(46)) - raft.server.log.statemachine.data.read.timeout = 1000ms (default)
2023-07-05 13:45:10,206 [b469f820-ca6e-4614-936b-d267e952ce44-groupManagement] INFO  server.RaftServerConfigKeys (ConfUtils.java:logGet(46)) - raft.server.log.purge.preservation.log.num = 0 (default)
2023-07-05 13:45:10,207 [b469f820-ca6e-4614-936b-d267e952ce44-groupManagement] INFO  server.RaftServerConfigKeys (ConfUtils.java:logGet(46)) - raft.server.log.segment.size.max = 1048576 (custom)
2023-07-05 13:45:10,207 [b469f820-ca6e-4614-936b-d267e952ce44-groupManagement] INFO  server.RaftServerConfigKeys (ConfUtils.java:logGet(46)) - raft.server.log.segment.cache.num.max = 2 (custom)
2023-07-05 13:45:10,208 [b469f820-ca6e-4614-936b-d267e952ce44-groupManagement] INFO  server.RaftServerConfigKeys (ConfUtils.java:logGet(46)) - raft.server.log.segment.cache.size.max = 200MB (=209715200) (default)
2023-07-05 13:45:10,208 [b469f820-ca6e-4614-936b-d267e952ce44-groupManagement] INFO  server.RaftServerConfigKeys (ConfUtils.java:logGet(46)) - raft.server.log.appender.buffer.byte-limit = 33554432 (custom)
2023-07-05 13:45:10,208 [b469f820-ca6e-4614-936b-d267e952ce44-groupManagement] INFO  segmented.SegmentedRaftLogWorker (SegmentedRaftLogWorker.java:<init>(188)) - new b469f820-ca6e-4614-936b-d267e952ce44@group-1522C8774158-SegmentedRaftLogWorker for RaftStorageImpl:Storage Directory /home/runner/work/ozone/ozone/hadoop-ozone/integration-test/target/test-dir/MiniOzoneClusterImpl-b87fbc93-14ec-4c7b-9414-fd1969dd8eca/datanode-1/data/ratis/44fbc6c9-e543-4df8-9e3c-1522c8774158
2023-07-05 13:45:10,208 [b469f820-ca6e-4614-936b-d267e952ce44-groupManagement] INFO  server.RaftServerConfigKeys (ConfUtils.java:logGet(46)) - raft.server.log.queue.byte-limit = 4294967296 (custom)
2023-07-05 13:45:10,208 [b469f820-ca6e-4614-936b-d267e952ce44-groupManagement] INFO  server.RaftServerConfigKeys (ConfUtils.java:logGet(46)) - raft.server.log.queue.element-limit = 1024 (custom)
2023-07-05 13:45:10,208 [b469f820-ca6e-4614-936b-d267e952ce44-groupManagement] INFO  server.RaftServerConfigKeys (ConfUtils.java:logGet(46)) - raft.server.log.segment.size.max = 1048576 (custom)
2023-07-05 13:45:10,208 [b469f820-ca6e-4614-936b-d267e952ce44-groupManagement] INFO  server.RaftServerConfigKeys (ConfUtils.java:logGet(46)) - raft.server.log.preallocated.size = 16384 (custom)
2023-07-05 13:45:10,208 [b469f820-ca6e-4614-936b-d267e952ce44-groupManagement] INFO  server.RaftServerConfigKeys (ConfUtils.java:logGet(46)) - raft.server.log.force.sync.num = 128 (default)
2023-07-05 13:45:10,208 [b469f820-ca6e-4614-936b-d267e952ce44-groupManagement] INFO  server.RaftServerConfigKeys (ConfUtils.java:logGet(46)) - raft.server.log.statemachine.data.sync = true (default)
2023-07-05 13:45:10,208 [b469f820-ca6e-4614-936b-d267e952ce44-groupManagement] INFO  server.RaftServerConfigKeys (ConfUtils.java:logGet(46)) - raft.server.log.statemachine.data.sync.timeout = 10s (default)
2023-07-05 13:45:10,208 [b469f820-ca6e-4614-936b-d267e952ce44-groupManagement] INFO  server.RaftServerConfigKeys (ConfUtils.java:logGet(46)) - raft.server.log.statemachine.data.sync.timeout.retry = -1 (default)
2023-07-05 13:45:10,208 [b469f820-ca6e-4614-936b-d267e952ce44-groupManagement] INFO  server.RaftServerConfigKeys (ConfUtils.java:logGet(46)) - raft.server.log.write.buffer.size = 1048576 (custom)
2023-07-05 13:45:10,209 [b469f820-ca6e-4614-936b-d267e952ce44-groupManagement] INFO  server.RaftServerConfigKeys (ConfUtils.java:logGet(46)) - raft.server.log.appender.buffer.byte-limit = 33554432 (custom)
2023-07-05 13:45:10,214 [b469f820-ca6e-4614-936b-d267e952ce44-groupManagement] INFO  server.RaftServerConfigKeys (ConfUtils.java:logGet(46)) - raft.server.log.unsafe-flush.enabled = false (default)
2023-07-05 13:45:10,214 [b469f820-ca6e-4614-936b-d267e952ce44-groupManagement] INFO  server.RaftServerConfigKeys (ConfUtils.java:logGet(46)) - raft.server.log.async-flush.enabled = false (default)
2023-07-05 13:45:10,214 [b469f820-ca6e-4614-936b-d267e952ce44-groupManagement] INFO  server.RaftServerConfigKeys (ConfUtils.java:logGet(46)) - raft.server.log.statemachine.data.caching.enabled = true (custom)
2023-07-05 13:45:10,215 [b469f820-ca6e-4614-936b-d267e952ce44-groupManagement] INFO  segmented.SegmentedRaftLogWorker (SegmentedRaftLogWorker.java:lambda$new$0(135)) - b469f820-ca6e-4614-936b-d267e952ce44@group-1522C8774158-SegmentedRaftLogWorker: flushIndex: setUnconditionally 0 -> -1
2023-07-05 13:45:10,215 [b469f820-ca6e-4614-936b-d267e952ce44-groupManagement] INFO  segmented.SegmentedRaftLogWorker (SegmentedRaftLogWorker.java:lambda$new$0(135)) - b469f820-ca6e-4614-936b-d267e952ce44@group-1522C8774158-SegmentedRaftLogWorker: safeCacheEvictIndex: setUnconditionally 0 -> -1
2023-07-05 13:45:10,215 [b469f820-ca6e-4614-936b-d267e952ce44-groupManagement] INFO  server.RaftServer$Division (RaftServerImpl.java:start(342)) - b469f820-ca6e-4614-936b-d267e952ce44@group-1522C8774158: start as a follower, conf=-1: peers:[eea920e5-eed2-4ccd-b274-7d8a7cd1384a|rpc:10.1.0.13:15297|admin:10.1.0.13:15296|client:10.1.0.13:15295|dataStream:10.1.0.13:15298|priority:0|startupRole:FOLLOWER, cf260cd7-cba0-4bd9-b172-726736faca1b|rpc:10.1.0.13:15279|admin:10.1.0.13:15278|client:10.1.0.13:15277|dataStream:10.1.0.13:15280|priority:0|startupRole:FOLLOWER, b469f820-ca6e-4614-936b-d267e952ce44|rpc:10.1.0.13:15288|admin:10.1.0.13:15287|client:10.1.0.13:15286|dataStream:10.1.0.13:15289|priority:1|startupRole:FOLLOWER]|listeners:[], old=null
2023-07-05 13:45:10,215 [b469f820-ca6e-4614-936b-d267e952ce44-groupManagement] INFO  server.RaftServer$Division (RaftServerImpl.java:setRole(329)) - b469f820-ca6e-4614-936b-d267e952ce44@group-1522C8774158: changes role from      null to FOLLOWER at term 0 for startAsFollower
2023-07-05 13:45:10,215 [b469f820-ca6e-4614-936b-d267e952ce44-groupManagement] INFO  impl.RoleInfo (RoleInfo.java:updateAndGet(139)) - b469f820-ca6e-4614-936b-d267e952ce44: start b469f820-ca6e-4614-936b-d267e952ce44@group-1522C8774158-FollowerState
2023-07-05 13:45:10,218 [b469f820-ca6e-4614-936b-d267e952ce44-groupManagement] INFO  util.JmxRegister (JmxRegister.java:tryRegister(44)) - Successfully registered JMX Bean with object name Ratis:service=RaftServer,group=group-1522C8774158,id=b469f820-ca6e-4614-936b-d267e952ce44
2023-07-05 13:45:10,218 [b469f820-ca6e-4614-936b-d267e952ce44@group-1522C8774158-FollowerState] INFO  server.RaftServerConfigKeys (ConfUtils.java:logFallback(53)) - raft.server.rpc.first-election.timeout.min = 5s (fallback to raft.server.rpc.timeout.min)
2023-07-05 13:45:10,218 [b469f820-ca6e-4614-936b-d267e952ce44-groupManagement] INFO  server.RaftServerConfigKeys (ConfUtils.java:logGet(46)) - raft.server.snapshot.auto.trigger.enabled = true (custom)
2023-07-05 13:45:10,218 [b469f820-ca6e-4614-936b-d267e952ce44@group-1522C8774158-FollowerState] INFO  server.RaftServerConfigKeys (ConfUtils.java:logFallback(53)) - raft.server.rpc.first-election.timeout.max = 5200ms (fallback to raft.server.rpc.timeout.max)
2023-07-05 13:45:10,219 [b469f820-ca6e-4614-936b-d267e952ce44-groupManagement] INFO  server.RaftServerConfigKeys (ConfUtils.java:logGet(46)) - raft.server.snapshot.auto.trigger.threshold = 10000 (custom)
2023-07-05 13:45:10,219 [b469f820-ca6e-4614-936b-d267e952ce44-groupManagement] INFO  server.RaftServerConfigKeys (ConfUtils.java:logGet(46)) - raft.server.snapshot.retention.file.num = 5 (custom)
2023-07-05 13:45:10,219 [b469f820-ca6e-4614-936b-d267e952ce44-groupManagement] INFO  server.RaftServerConfigKeys (ConfUtils.java:logGet(46)) - raft.server.log.purge.upto.snapshot.index = false (default)
2023-07-05 13:45:10,225 [PipelineCommandHandlerThread-0] INFO  commandhandler.CreatePipelineCommandHandler (CreatePipelineCommandHandler.java:lambda$handle$2(124)) - Created Pipeline RATIS THREE PipelineID=44fbc6c9-e543-4df8-9e3c-1522c8774158.
2023-07-05 13:45:10,395 [PipelineCommandHandlerThread-0] INFO  server.RaftServer (RaftServerProxy.java:addNew(98)) - b469f820-ca6e-4614-936b-d267e952ce44: addNew group-749E4155CEBB:[b469f820-ca6e-4614-936b-d267e952ce44|rpc:10.1.0.13:15288|admin:10.1.0.13:15287|client:10.1.0.13:15286|dataStream:10.1.0.13:15289|priority:1|startupRole:FOLLOWER] returns group-749E4155CEBB:java.util.concurrent.CompletableFuture@4ffa7634[Not completed]
2023-07-05 13:45:10,396 [b469f820-ca6e-4614-936b-d267e952ce44-groupManagement] INFO  server.RaftServer$Division (RaftServerImpl.java:<init>(198)) - b469f820-ca6e-4614-936b-d267e952ce44: new RaftServerImpl for group-749E4155CEBB:[b469f820-ca6e-4614-936b-d267e952ce44|rpc:10.1.0.13:15288|admin:10.1.0.13:15287|client:10.1.0.13:15286|dataStream:10.1.0.13:15289|priority:1|startupRole:FOLLOWER] with ContainerStateMachine:uninitialized
2023-07-05 13:45:10,396 [b469f820-ca6e-4614-936b-d267e952ce44-groupManagement] INFO  server.RaftServerConfigKeys (ConfUtils.java:logGet(46)) - raft.server.rpc.timeout.min = 5s (custom)
2023-07-05 13:45:10,396 [b469f820-ca6e-4614-936b-d267e952ce44-groupManagement] INFO  server.RaftServerConfigKeys (ConfUtils.java:logGet(46)) - raft.server.rpc.timeout.max = 5200ms (custom)
2023-07-05 13:45:10,396 [b469f820-ca6e-4614-936b-d267e952ce44-groupManagement] INFO  server.RaftServerConfigKeys (ConfUtils.java:logGet(46)) - raft.server.rpc.sleep.time = 25ms (default)
2023-07-05 13:45:10,396 [b469f820-ca6e-4614-936b-d267e952ce44-groupManagement] INFO  server.RaftServerConfigKeys (ConfUtils.java:logGet(46)) - raft.server.rpc.slowness.timeout = 300s (custom)
2023-07-05 13:45:10,396 [b469f820-ca6e-4614-936b-d267e952ce44-groupManagement] INFO  server.RaftServerConfigKeys (ConfUtils.java:logGet(46)) - raft.server.leaderelection.leader.step-down.wait-time = 10s (default)
2023-07-05 13:45:10,397 [b469f820-ca6e-4614-936b-d267e952ce44-groupManagement] INFO  server.RaftServerConfigKeys (ConfUtils.java:logGet(46)) - raft.server.sleep.deviation.threshold = 300ms (default)
2023-07-05 13:45:10,397 [b469f820-ca6e-4614-936b-d267e952ce44-groupManagement] INFO  server.RaftServer$Division (ServerState.java:<init>(120)) - b469f820-ca6e-4614-936b-d267e952ce44@group-749E4155CEBB: ConfigurationManager, init=-1: peers:[b469f820-ca6e-4614-936b-d267e952ce44|rpc:10.1.0.13:15288|admin:10.1.0.13:15287|client:10.1.0.13:15286|dataStream:10.1.0.13:15289|priority:1|startupRole:FOLLOWER]|listeners:[], old=null, confs=<EMPTY_MAP>
2023-07-05 13:45:10,397 [b469f820-ca6e-4614-936b-d267e952ce44-groupManagement] INFO  server.RaftServerConfigKeys (ConfUtils.java:logGet(46)) - raft.server.storage.dir = [/home/runner/work/ozone/ozone/hadoop-ozone/integration-test/target/test-dir/MiniOzoneClusterImpl-b87fbc93-14ec-4c7b-9414-fd1969dd8eca/datanode-1/data/ratis] (custom)
2023-07-05 13:45:10,397 [b469f820-ca6e-4614-936b-d267e952ce44-groupManagement] INFO  server.RaftServerConfigKeys (ConfUtils.java:logGet(46)) - raft.server.log.corruption.policy = EXCEPTION (default)
2023-07-05 13:45:10,397 [b469f820-ca6e-4614-936b-d267e952ce44-groupManagement] INFO  server.RaftServerConfigKeys (ConfUtils.java:logGet(46)) - raft.server.storage.free-space.min = 0MB (=0) (default)
2023-07-05 13:45:10,397 [b469f820-ca6e-4614-936b-d267e952ce44-groupManagement] INFO  server.RaftServerConfigKeys (ConfUtils.java:logGet(46)) - raft.server.notification.no-leader.timeout = 300s (custom)
2023-07-05 13:45:10,397 [b469f820-ca6e-4614-936b-d267e952ce44-groupManagement] INFO  server.RaftServerConfigKeys (ConfUtils.java:logGet(46)) - raft.server.read.timeout = 10s (default)
2023-07-05 13:45:10,397 [b469f820-ca6e-4614-936b-d267e952ce44-groupManagement] INFO  server.RaftServerConfigKeys (ConfUtils.java:logGet(46)) - raft.server.retrycache.expirytime = 600000ms (custom)
2023-07-05 13:45:10,397 [b469f820-ca6e-4614-936b-d267e952ce44-groupManagement] INFO  server.RaftServerConfigKeys (ConfUtils.java:logGet(46)) - raft.server.retrycache.statistics.expirytime = 100μs (default)
2023-07-05 13:45:10,398 [b469f820-ca6e-4614-936b-d267e952ce44-groupManagement] INFO  server.RaftServerConfigKeys (ConfUtils.java:logGet(46)) - raft.server.read.option = DEFAULT (default)
2023-07-05 13:45:10,398 [b469f820-ca6e-4614-936b-d267e952ce44-groupManagement] INFO  server.RaftServerConfigKeys (ConfUtils.java:logGet(46)) - raft.server.rpc.request.timeout = 60s (custom)
2023-07-05 13:45:10,398 [b469f820-ca6e-4614-936b-d267e952ce44-groupManagement] INFO  server.RaftServerConfigKeys (ConfUtils.java:logGet(46)) - raft.server.log.appender.install.snapshot.enabled = false (custom)
2023-07-05 13:45:10,399 [b469f820-ca6e-4614-936b-d267e952ce44-groupManagement] INFO  server.RaftServerConfigKeys (ConfUtils.java:logGet(46)) - raft.server.threadpool.server.cached = true (default)
2023-07-05 13:45:10,399 [b469f820-ca6e-4614-936b-d267e952ce44-groupManagement] INFO  server.RaftServerConfigKeys (ConfUtils.java:logGet(46)) - raft.server.threadpool.server.size = 0 (default)
2023-07-05 13:45:10,399 [b469f820-ca6e-4614-936b-d267e952ce44-groupManagement] INFO  server.RaftServerConfigKeys (ConfUtils.java:logGet(46)) - raft.server.threadpool.client.cached = true (default)
2023-07-05 13:45:10,399 [b469f820-ca6e-4614-936b-d267e952ce44-groupManagement] INFO  server.RaftServerConfigKeys (ConfUtils.java:logGet(46)) - raft.server.threadpool.client.size = 0 (default)
2023-07-05 13:45:10,399 [b469f820-ca6e-4614-936b-d267e952ce44-groupManagement] INFO  storage.RaftStorageDirectory (RaftStorageDirectoryImpl.java:analyzeStorage(137)) - The storage directory /home/runner/work/ozone/ozone/hadoop-ozone/integration-test/target/test-dir/MiniOzoneClusterImpl-b87fbc93-14ec-4c7b-9414-fd1969dd8eca/datanode-1/data/ratis/1f7cb4d1-3e5a-43a9-aba7-749e4155cebb does not exist. Creating ...
2023-07-05 13:45:10,402 [b469f820-ca6e-4614-936b-d267e952ce44-groupManagement] INFO  storage.RaftStorageDirectory (RaftStorageDirectoryImpl.java:tryLock(231)) - Lock on /home/runner/work/ozone/ozone/hadoop-ozone/integration-test/target/test-dir/MiniOzoneClusterImpl-b87fbc93-14ec-4c7b-9414-fd1969dd8eca/datanode-1/data/ratis/1f7cb4d1-3e5a-43a9-aba7-749e4155cebb/in_use.lock acquired by nodename 25537@fv-az264-29
2023-07-05 13:45:10,403 [b469f820-ca6e-4614-936b-d267e952ce44-groupManagement] INFO  storage.RaftStorage (RaftStorageImpl.java:format(96)) - Storage directory /home/runner/work/ozone/ozone/hadoop-ozone/integration-test/target/test-dir/MiniOzoneClusterImpl-b87fbc93-14ec-4c7b-9414-fd1969dd8eca/datanode-1/data/ratis/1f7cb4d1-3e5a-43a9-aba7-749e4155cebb has been successfully formatted.
2023-07-05 13:45:10,404 [b469f820-ca6e-4614-936b-d267e952ce44-groupManagement] INFO  ratis.ContainerStateMachine (ContainerStateMachine.java:loadSnapshot(262)) - group-749E4155CEBB: The snapshot info is null. Setting the last applied indexto:(t:0, i:~)
2023-07-05 13:45:10,404 [b469f820-ca6e-4614-936b-d267e952ce44-groupManagement] INFO  server.RaftServerConfigKeys (ConfUtils.java:logGet(46)) - raft.server.log.use.memory = false (default)
2023-07-05 13:45:10,404 [b469f820-ca6e-4614-936b-d267e952ce44-groupManagement] INFO  server.RaftServerConfigKeys (ConfUtils.java:logGet(46)) - raft.server.log.purge.gap = 1000000 (custom)
2023-07-05 13:45:10,404 [b469f820-ca6e-4614-936b-d267e952ce44-groupManagement] INFO  server.RaftServerConfigKeys (ConfUtils.java:logGet(46)) - raft.server.log.appender.buffer.byte-limit = 33554432 (custom)
2023-07-05 13:45:10,404 [b469f820-ca6e-4614-936b-d267e952ce44-groupManagement] INFO  server.RaftServerConfigKeys (ConfUtils.java:logGet(46)) - raft.server.log.statemachine.data.read.timeout = 1000ms (default)
2023-07-05 13:45:10,404 [b469f820-ca6e-4614-936b-d267e952ce44-groupManagement] INFO  server.RaftServerConfigKeys (ConfUtils.java:logGet(46)) - raft.server.log.purge.preservation.log.num = 0 (default)
2023-07-05 13:45:10,405 [EventQueue-PipelineReportForPipelineReportHandler] INFO  pipeline.PipelineReportHandler (PipelineReportHandler.java:processPipelineReport(136)) - Opened pipeline PipelineID=1f7cb4d1-3e5a-43a9-aba7-749e4155cebb
2023-07-05 13:45:10,406 [b469f820-ca6e-4614-936b-d267e952ce44-groupManagement] INFO  server.RaftServerConfigKeys (ConfUtils.java:logGet(46)) - raft.server.log.segment.size.max = 1048576 (custom)
2023-07-05 13:45:10,406 [EventQueue-OpenPipelineForHealthyPipelineSafeModeRule] INFO  safemode.SCMSafeModeManager (HealthyPipelineSafeModeRule.java:process(137)) - SCM in safe mode. Healthy pipelines reported count is 0, required healthy pipeline reported count is 1
2023-07-05 13:45:10,406 [b469f820-ca6e-4614-936b-d267e952ce44-groupManagement] INFO  server.RaftServerConfigKeys (ConfUtils.java:logGet(46)) - raft.server.log.segment.cache.num.max = 2 (custom)
2023-07-05 13:45:10,406 [b469f820-ca6e-4614-936b-d267e952ce44-groupManagement] INFO  server.RaftServerConfigKeys (ConfUtils.java:logGet(46)) - raft.server.log.segment.cache.size.max = 200MB (=209715200) (default)
2023-07-05 13:45:10,406 [b469f820-ca6e-4614-936b-d267e952ce44-groupManagement] INFO  server.RaftServerConfigKeys (ConfUtils.java:logGet(46)) - raft.server.log.appender.buffer.byte-limit = 33554432 (custom)
2023-07-05 13:45:10,406 [b469f820-ca6e-4614-936b-d267e952ce44-groupManagement] INFO  segmented.SegmentedRaftLogWorker (SegmentedRaftLogWorker.java:<init>(188)) - new b469f820-ca6e-4614-936b-d267e952ce44@group-749E4155CEBB-SegmentedRaftLogWorker for RaftStorageImpl:Storage Directory /home/runner/work/ozone/ozone/hadoop-ozone/integration-test/target/test-dir/MiniOzoneClusterImpl-b87fbc93-14ec-4c7b-9414-fd1969dd8eca/datanode-1/data/ratis/1f7cb4d1-3e5a-43a9-aba7-749e4155cebb
2023-07-05 13:45:10,406 [b469f820-ca6e-4614-936b-d267e952ce44-groupManagement] INFO  server.RaftServerConfigKeys (ConfUtils.java:logGet(46)) - raft.server.log.queue.byte-limit = 4294967296 (custom)
2023-07-05 13:45:10,406 [b469f820-ca6e-4614-936b-d267e952ce44-groupManagement] INFO  server.RaftServerConfigKeys (ConfUtils.java:logGet(46)) - raft.server.log.queue.element-limit = 1024 (custom)
2023-07-05 13:45:10,406 [b469f820-ca6e-4614-936b-d267e952ce44-groupManagement] INFO  server.RaftServerConfigKeys (ConfUtils.java:logGet(46)) - raft.server.log.segment.size.max = 1048576 (custom)
2023-07-05 13:45:10,406 [b469f820-ca6e-4614-936b-d267e952ce44-groupManagement] INFO  server.RaftServerConfigKeys (ConfUtils.java:logGet(46)) - raft.server.log.preallocated.size = 16384 (custom)
2023-07-05 13:45:10,406 [b469f820-ca6e-4614-936b-d267e952ce44-groupManagement] INFO  server.RaftServerConfigKeys (ConfUtils.java:logGet(46)) - raft.server.log.force.sync.num = 128 (default)
2023-07-05 13:45:10,406 [b469f820-ca6e-4614-936b-d267e952ce44-groupManagement] INFO  server.RaftServerConfigKeys (ConfUtils.java:logGet(46)) - raft.server.log.statemachine.data.sync = true (default)
2023-07-05 13:45:10,406 [b469f820-ca6e-4614-936b-d267e952ce44-groupManagement] INFO  server.RaftServerConfigKeys (ConfUtils.java:logGet(46)) - raft.server.log.statemachine.data.sync.timeout = 10s (default)
2023-07-05 13:45:10,407 [b469f820-ca6e-4614-936b-d267e952ce44-groupManagement] INFO  server.RaftServerConfigKeys (ConfUtils.java:logGet(46)) - raft.server.log.statemachine.data.sync.timeout.retry = -1 (default)
2023-07-05 13:45:10,407 [b469f820-ca6e-4614-936b-d267e952ce44-groupManagement] INFO  server.RaftServerConfigKeys (ConfUtils.java:logGet(46)) - raft.server.log.write.buffer.size = 1048576 (custom)
2023-07-05 13:45:10,408 [b469f820-ca6e-4614-936b-d267e952ce44-groupManagement] INFO  server.RaftServerConfigKeys (ConfUtils.java:logGet(46)) - raft.server.log.appender.buffer.byte-limit = 33554432 (custom)
2023-07-05 13:45:10,413 [b469f820-ca6e-4614-936b-d267e952ce44-groupManagement] INFO  server.RaftServerConfigKeys (ConfUtils.java:logGet(46)) - raft.server.log.unsafe-flush.enabled = false (default)
2023-07-05 13:45:10,413 [b469f820-ca6e-4614-936b-d267e952ce44-groupManagement] INFO  server.RaftServerConfigKeys (ConfUtils.java:logGet(46)) - raft.server.log.async-flush.enabled = false (default)
2023-07-05 13:45:10,413 [b469f820-ca6e-4614-936b-d267e952ce44-groupManagement] INFO  server.RaftServerConfigKeys (ConfUtils.java:logGet(46)) - raft.server.log.statemachine.data.caching.enabled = true (custom)
2023-07-05 13:45:10,413 [b469f820-ca6e-4614-936b-d267e952ce44-groupManagement] INFO  segmented.SegmentedRaftLogWorker (SegmentedRaftLogWorker.java:lambda$new$0(135)) - b469f820-ca6e-4614-936b-d267e952ce44@group-749E4155CEBB-SegmentedRaftLogWorker: flushIndex: setUnconditionally 0 -> -1
2023-07-05 13:45:10,413 [b469f820-ca6e-4614-936b-d267e952ce44-groupManagement] INFO  segmented.SegmentedRaftLogWorker (SegmentedRaftLogWorker.java:lambda$new$0(135)) - b469f820-ca6e-4614-936b-d267e952ce44@group-749E4155CEBB-SegmentedRaftLogWorker: safeCacheEvictIndex: setUnconditionally 0 -> -1
2023-07-05 13:45:10,414 [b469f820-ca6e-4614-936b-d267e952ce44-groupManagement] INFO  server.RaftServer$Division (RaftServerImpl.java:start(342)) - b469f820-ca6e-4614-936b-d267e952ce44@group-749E4155CEBB: start as a follower, conf=-1: peers:[b469f820-ca6e-4614-936b-d267e952ce44|rpc:10.1.0.13:15288|admin:10.1.0.13:15287|client:10.1.0.13:15286|dataStream:10.1.0.13:15289|priority:1|startupRole:FOLLOWER]|listeners:[], old=null
2023-07-05 13:45:10,414 [b469f820-ca6e-4614-936b-d267e952ce44-groupManagement] INFO  server.RaftServer$Division (RaftServerImpl.java:setRole(329)) - b469f820-ca6e-4614-936b-d267e952ce44@group-749E4155CEBB: changes role from      null to FOLLOWER at term 0 for startAsFollower
2023-07-05 13:45:10,414 [b469f820-ca6e-4614-936b-d267e952ce44-groupManagement] INFO  impl.RoleInfo (RoleInfo.java:updateAndGet(139)) - b469f820-ca6e-4614-936b-d267e952ce44: start b469f820-ca6e-4614-936b-d267e952ce44@group-749E4155CEBB-FollowerState
2023-07-05 13:45:10,414 [b469f820-ca6e-4614-936b-d267e952ce44-groupManagement] INFO  util.JmxRegister (JmxRegister.java:tryRegister(44)) - Successfully registered JMX Bean with object name Ratis:service=RaftServer,group=group-749E4155CEBB,id=b469f820-ca6e-4614-936b-d267e952ce44
2023-07-05 13:45:10,414 [b469f820-ca6e-4614-936b-d267e952ce44-groupManagement] INFO  server.RaftServerConfigKeys (ConfUtils.java:logGet(46)) - raft.server.snapshot.auto.trigger.enabled = true (custom)
2023-07-05 13:45:10,414 [b469f820-ca6e-4614-936b-d267e952ce44-groupManagement] INFO  server.RaftServerConfigKeys (ConfUtils.java:logGet(46)) - raft.server.snapshot.auto.trigger.threshold = 10000 (custom)
2023-07-05 13:45:10,414 [b469f820-ca6e-4614-936b-d267e952ce44-groupManagement] INFO  server.RaftServerConfigKeys (ConfUtils.java:logGet(46)) - raft.server.snapshot.retention.file.num = 5 (custom)
2023-07-05 13:45:10,414 [b469f820-ca6e-4614-936b-d267e952ce44-groupManagement] INFO  server.RaftServerConfigKeys (ConfUtils.java:logGet(46)) - raft.server.log.purge.upto.snapshot.index = false (default)
2023-07-05 13:45:10,415 [PipelineCommandHandlerThread-0] INFO  ratis.XceiverServerRatis (XceiverServerRatis.java:addGroup(804)) - Created group PipelineID=1f7cb4d1-3e5a-43a9-aba7-749e4155cebb
2023-07-05 13:45:10,415 [PipelineCommandHandlerThread-0] INFO  commandhandler.CreatePipelineCommandHandler (CreatePipelineCommandHandler.java:lambda$handle$2(124)) - Created Pipeline RATIS ONE PipelineID=1f7cb4d1-3e5a-43a9-aba7-749e4155cebb.
2023-07-05 13:45:10,415 [b469f820-ca6e-4614-936b-d267e952ce44@group-749E4155CEBB-FollowerState] INFO  server.RaftServerConfigKeys (ConfUtils.java:logFallback(53)) - raft.server.rpc.first-election.timeout.min = 5s (fallback to raft.server.rpc.timeout.min)
2023-07-05 13:45:10,415 [b469f820-ca6e-4614-936b-d267e952ce44@group-749E4155CEBB-FollowerState] INFO  server.RaftServerConfigKeys (ConfUtils.java:logFallback(53)) - raft.server.rpc.first-election.timeout.max = 5200ms (fallback to raft.server.rpc.timeout.max)
2023-07-05 13:45:10,440 [Time-limited test] INFO  ozone.MiniOzoneClusterImpl (MiniOzoneClusterImpl.java:lambda$waitForClusterToBeReady$0(224)) - Nodes are ready. Got 5 of 5 DN Heartbeats.
2023-07-05 13:45:10,440 [Time-limited test] INFO  ozone.MiniOzoneClusterImpl (MiniOzoneClusterImpl.java:lambda$waitForClusterToBeReady$0(227)) - Waiting for cluster to exit safe mode
2023-07-05 13:45:10,440 [Time-limited test] INFO  ozone.MiniOzoneClusterImpl (MiniOzoneClusterImpl.java:lambda$waitForClusterToBeReady$0(229)) - SCM became leader
2023-07-05 13:45:10,688 [ReplicationMonitor] INFO  replication.ReplicationManager (ReplicationManager.java:processAll(361)) - Replication Manager is not ready to run until 3000ms after safemode exit
2023-07-05 13:45:10,730 [PipelineCommandHandlerThread-0] INFO  server.RaftServer (RaftServerProxy.java:addNew(98)) - eea920e5-eed2-4ccd-b274-7d8a7cd1384a: addNew group-C90F6C517F0C:[eea920e5-eed2-4ccd-b274-7d8a7cd1384a|rpc:10.1.0.13:15297|admin:10.1.0.13:15296|client:10.1.0.13:15295|dataStream:10.1.0.13:15298|priority:1|startupRole:FOLLOWER] returns group-C90F6C517F0C:java.util.concurrent.CompletableFuture@678073cb[Not completed]
2023-07-05 13:45:10,731 [eea920e5-eed2-4ccd-b274-7d8a7cd1384a-groupManagement] INFO  server.RaftServer$Division (RaftServerImpl.java:<init>(198)) - eea920e5-eed2-4ccd-b274-7d8a7cd1384a: new RaftServerImpl for group-C90F6C517F0C:[eea920e5-eed2-4ccd-b274-7d8a7cd1384a|rpc:10.1.0.13:15297|admin:10.1.0.13:15296|client:10.1.0.13:15295|dataStream:10.1.0.13:15298|priority:1|startupRole:FOLLOWER] with ContainerStateMachine:uninitialized
2023-07-05 13:45:10,731 [eea920e5-eed2-4ccd-b274-7d8a7cd1384a-groupManagement] INFO  server.RaftServerConfigKeys (ConfUtils.java:logGet(46)) - raft.server.rpc.timeout.min = 5s (custom)
2023-07-05 13:45:10,731 [eea920e5-eed2-4ccd-b274-7d8a7cd1384a-groupManagement] INFO  server.RaftServerConfigKeys (ConfUtils.java:logGet(46)) - raft.server.rpc.timeout.max = 5200ms (custom)
2023-07-05 13:45:10,732 [eea920e5-eed2-4ccd-b274-7d8a7cd1384a-groupManagement] INFO  server.RaftServerConfigKeys (ConfUtils.java:logGet(46)) - raft.server.rpc.sleep.time = 25ms (default)
2023-07-05 13:45:10,732 [eea920e5-eed2-4ccd-b274-7d8a7cd1384a-groupManagement] INFO  server.RaftServerConfigKeys (ConfUtils.java:logGet(46)) - raft.server.rpc.slowness.timeout = 300s (custom)
2023-07-05 13:45:10,732 [eea920e5-eed2-4ccd-b274-7d8a7cd1384a-groupManagement] INFO  server.RaftServerConfigKeys (ConfUtils.java:logGet(46)) - raft.server.leaderelection.leader.step-down.wait-time = 10s (default)
2023-07-05 13:45:10,732 [eea920e5-eed2-4ccd-b274-7d8a7cd1384a-groupManagement] INFO  server.RaftServerConfigKeys (ConfUtils.java:logGet(46)) - raft.server.sleep.deviation.threshold = 300ms (default)
2023-07-05 13:45:10,732 [eea920e5-eed2-4ccd-b274-7d8a7cd1384a-groupManagement] INFO  server.RaftServer$Division (ServerState.java:<init>(120)) - eea920e5-eed2-4ccd-b274-7d8a7cd1384a@group-C90F6C517F0C: ConfigurationManager, init=-1: peers:[eea920e5-eed2-4ccd-b274-7d8a7cd1384a|rpc:10.1.0.13:15297|admin:10.1.0.13:15296|client:10.1.0.13:15295|dataStream:10.1.0.13:15298|priority:1|startupRole:FOLLOWER]|listeners:[], old=null, confs=<EMPTY_MAP>
2023-07-05 13:45:10,732 [eea920e5-eed2-4ccd-b274-7d8a7cd1384a-groupManagement] INFO  server.RaftServerConfigKeys (ConfUtils.java:logGet(46)) - raft.server.storage.dir = [/home/runner/work/ozone/ozone/hadoop-ozone/integration-test/target/test-dir/MiniOzoneClusterImpl-b87fbc93-14ec-4c7b-9414-fd1969dd8eca/datanode-2/data/ratis] (custom)
2023-07-05 13:45:10,732 [eea920e5-eed2-4ccd-b274-7d8a7cd1384a-groupManagement] INFO  server.RaftServerConfigKeys (ConfUtils.java:logGet(46)) - raft.server.log.corruption.policy = EXCEPTION (default)
2023-07-05 13:45:10,732 [eea920e5-eed2-4ccd-b274-7d8a7cd1384a-groupManagement] INFO  server.RaftServerConfigKeys (ConfUtils.java:logGet(46)) - raft.server.storage.free-space.min = 0MB (=0) (default)
2023-07-05 13:45:10,732 [eea920e5-eed2-4ccd-b274-7d8a7cd1384a-groupManagement] INFO  server.RaftServerConfigKeys (ConfUtils.java:logGet(46)) - raft.server.notification.no-leader.timeout = 300s (custom)
2023-07-05 13:45:10,732 [eea920e5-eed2-4ccd-b274-7d8a7cd1384a-groupManagement] INFO  server.RaftServerConfigKeys (ConfUtils.java:logGet(46)) - raft.server.read.timeout = 10s (default)
2023-07-05 13:45:10,732 [eea920e5-eed2-4ccd-b274-7d8a7cd1384a-groupManagement] INFO  server.RaftServerConfigKeys (ConfUtils.java:logGet(46)) - raft.server.retrycache.expirytime = 600000ms (custom)
2023-07-05 13:45:10,732 [eea920e5-eed2-4ccd-b274-7d8a7cd1384a-groupManagement] INFO  server.RaftServerConfigKeys (ConfUtils.java:logGet(46)) - raft.server.retrycache.statistics.expirytime = 100μs (default)
2023-07-05 13:45:10,732 [eea920e5-eed2-4ccd-b274-7d8a7cd1384a-groupManagement] INFO  server.RaftServerConfigKeys (ConfUtils.java:logGet(46)) - raft.server.read.option = DEFAULT (default)
2023-07-05 13:45:10,733 [eea920e5-eed2-4ccd-b274-7d8a7cd1384a-groupManagement] INFO  server.RaftServerConfigKeys (ConfUtils.java:logGet(46)) - raft.server.rpc.request.timeout = 60s (custom)
2023-07-05 13:45:10,733 [eea920e5-eed2-4ccd-b274-7d8a7cd1384a-groupManagement] INFO  server.RaftServerConfigKeys (ConfUtils.java:logGet(46)) - raft.server.log.appender.install.snapshot.enabled = false (custom)
2023-07-05 13:45:10,733 [eea920e5-eed2-4ccd-b274-7d8a7cd1384a-groupManagement] INFO  server.RaftServerConfigKeys (ConfUtils.java:logGet(46)) - raft.server.threadpool.server.cached = true (default)
2023-07-05 13:45:10,733 [eea920e5-eed2-4ccd-b274-7d8a7cd1384a-groupManagement] INFO  server.RaftServerConfigKeys (ConfUtils.java:logGet(46)) - raft.server.threadpool.server.size = 0 (default)
2023-07-05 13:45:10,733 [eea920e5-eed2-4ccd-b274-7d8a7cd1384a-groupManagement] INFO  server.RaftServerConfigKeys (ConfUtils.java:logGet(46)) - raft.server.threadpool.client.cached = true (default)
2023-07-05 13:45:10,733 [eea920e5-eed2-4ccd-b274-7d8a7cd1384a-groupManagement] INFO  server.RaftServerConfigKeys (ConfUtils.java:logGet(46)) - raft.server.threadpool.client.size = 0 (default)
2023-07-05 13:45:10,733 [eea920e5-eed2-4ccd-b274-7d8a7cd1384a-groupManagement] INFO  storage.RaftStorageDirectory (RaftStorageDirectoryImpl.java:analyzeStorage(137)) - The storage directory /home/runner/work/ozone/ozone/hadoop-ozone/integration-test/target/test-dir/MiniOzoneClusterImpl-b87fbc93-14ec-4c7b-9414-fd1969dd8eca/datanode-2/data/ratis/a5cef821-a6a8-4e1c-9145-c90f6c517f0c does not exist. Creating ...
2023-07-05 13:45:10,735 [eea920e5-eed2-4ccd-b274-7d8a7cd1384a-groupManagement] INFO  storage.RaftStorageDirectory (RaftStorageDirectoryImpl.java:tryLock(231)) - Lock on /home/runner/work/ozone/ozone/hadoop-ozone/integration-test/target/test-dir/MiniOzoneClusterImpl-b87fbc93-14ec-4c7b-9414-fd1969dd8eca/datanode-2/data/ratis/a5cef821-a6a8-4e1c-9145-c90f6c517f0c/in_use.lock acquired by nodename 25537@fv-az264-29
2023-07-05 13:45:10,737 [eea920e5-eed2-4ccd-b274-7d8a7cd1384a-groupManagement] INFO  storage.RaftStorage (RaftStorageImpl.java:format(96)) - Storage directory /home/runner/work/ozone/ozone/hadoop-ozone/integration-test/target/test-dir/MiniOzoneClusterImpl-b87fbc93-14ec-4c7b-9414-fd1969dd8eca/datanode-2/data/ratis/a5cef821-a6a8-4e1c-9145-c90f6c517f0c has been successfully formatted.
2023-07-05 13:45:10,740 [EventQueue-PipelineReportForPipelineReportHandler] INFO  pipeline.PipelineReportHandler (PipelineReportHandler.java:processPipelineReport(136)) - Opened pipeline PipelineID=a5cef821-a6a8-4e1c-9145-c90f6c517f0c
2023-07-05 13:45:10,740 [EventQueue-OpenPipelineForHealthyPipelineSafeModeRule] INFO  safemode.SCMSafeModeManager (HealthyPipelineSafeModeRule.java:process(137)) - SCM in safe mode. Healthy pipelines reported count is 0, required healthy pipeline reported count is 1
2023-07-05 13:45:10,740 [eea920e5-eed2-4ccd-b274-7d8a7cd1384a-groupManagement] INFO  ratis.ContainerStateMachine (ContainerStateMachine.java:loadSnapshot(262)) - group-C90F6C517F0C: The snapshot info is null. Setting the last applied indexto:(t:0, i:~)
2023-07-05 13:45:10,740 [eea920e5-eed2-4ccd-b274-7d8a7cd1384a-groupManagement] INFO  server.RaftServerConfigKeys (ConfUtils.java:logGet(46)) - raft.server.log.use.memory = false (default)
2023-07-05 13:45:10,740 [eea920e5-eed2-4ccd-b274-7d8a7cd1384a-groupManagement] INFO  server.RaftServerConfigKeys (ConfUtils.java:logGet(46)) - raft.server.log.purge.gap = 1000000 (custom)
2023-07-05 13:45:10,740 [eea920e5-eed2-4ccd-b274-7d8a7cd1384a-groupManagement] INFO  server.RaftServerConfigKeys (ConfUtils.java:logGet(46)) - raft.server.log.appender.buffer.byte-limit = 33554432 (custom)
2023-07-05 13:45:10,740 [eea920e5-eed2-4ccd-b274-7d8a7cd1384a-groupManagement] INFO  server.RaftServerConfigKeys (ConfUtils.java:logGet(46)) - raft.server.log.statemachine.data.read.timeout = 1000ms (default)
2023-07-05 13:45:10,740 [eea920e5-eed2-4ccd-b274-7d8a7cd1384a-groupManagement] INFO  server.RaftServerConfigKeys (ConfUtils.java:logGet(46)) - raft.server.log.purge.preservation.log.num = 0 (default)
2023-07-05 13:45:10,741 [eea920e5-eed2-4ccd-b274-7d8a7cd1384a-groupManagement] INFO  server.RaftServerConfigKeys (ConfUtils.java:logGet(46)) - raft.server.log.segment.size.max = 1048576 (custom)
2023-07-05 13:45:10,741 [eea920e5-eed2-4ccd-b274-7d8a7cd1384a-groupManagement] INFO  server.RaftServerConfigKeys (ConfUtils.java:logGet(46)) - raft.server.log.segment.cache.num.max = 2 (custom)
2023-07-05 13:45:10,741 [eea920e5-eed2-4ccd-b274-7d8a7cd1384a-groupManagement] INFO  server.RaftServerConfigKeys (ConfUtils.java:logGet(46)) - raft.server.log.segment.cache.size.max = 200MB (=209715200) (default)
2023-07-05 13:45:10,741 [eea920e5-eed2-4ccd-b274-7d8a7cd1384a-groupManagement] INFO  server.RaftServerConfigKeys (ConfUtils.java:logGet(46)) - raft.server.log.appender.buffer.byte-limit = 33554432 (custom)
2023-07-05 13:45:10,741 [eea920e5-eed2-4ccd-b274-7d8a7cd1384a-groupManagement] INFO  segmented.SegmentedRaftLogWorker (SegmentedRaftLogWorker.java:<init>(188)) - new eea920e5-eed2-4ccd-b274-7d8a7cd1384a@group-C90F6C517F0C-SegmentedRaftLogWorker for RaftStorageImpl:Storage Directory /home/runner/work/ozone/ozone/hadoop-ozone/integration-test/target/test-dir/MiniOzoneClusterImpl-b87fbc93-14ec-4c7b-9414-fd1969dd8eca/datanode-2/data/ratis/a5cef821-a6a8-4e1c-9145-c90f6c517f0c
2023-07-05 13:45:10,741 [eea920e5-eed2-4ccd-b274-7d8a7cd1384a-groupManagement] INFO  server.RaftServerConfigKeys (ConfUtils.java:logGet(46)) - raft.server.log.queue.byte-limit = 4294967296 (custom)
2023-07-05 13:45:10,741 [eea920e5-eed2-4ccd-b274-7d8a7cd1384a-groupManagement] INFO  server.RaftServerConfigKeys (ConfUtils.java:logGet(46)) - raft.server.log.queue.element-limit = 1024 (custom)
2023-07-05 13:45:10,741 [eea920e5-eed2-4ccd-b274-7d8a7cd1384a-groupManagement] INFO  server.RaftServerConfigKeys (ConfUtils.java:logGet(46)) - raft.server.log.segment.size.max = 1048576 (custom)
2023-07-05 13:45:10,741 [eea920e5-eed2-4ccd-b274-7d8a7cd1384a-groupManagement] INFO  server.RaftServerConfigKeys (ConfUtils.java:logGet(46)) - raft.server.log.preallocated.size = 16384 (custom)
2023-07-05 13:45:10,741 [eea920e5-eed2-4ccd-b274-7d8a7cd1384a-groupManagement] INFO  server.RaftServerConfigKeys (ConfUtils.java:logGet(46)) - raft.server.log.force.sync.num = 128 (default)
2023-07-05 13:45:10,741 [eea920e5-eed2-4ccd-b274-7d8a7cd1384a-groupManagement] INFO  server.RaftServerConfigKeys (ConfUtils.java:logGet(46)) - raft.server.log.statemachine.data.sync = true (default)
2023-07-05 13:45:10,741 [eea920e5-eed2-4ccd-b274-7d8a7cd1384a-groupManagement] INFO  server.RaftServerConfigKeys (ConfUtils.java:logGet(46)) - raft.server.log.statemachine.data.sync.timeout = 10s (default)
2023-07-05 13:45:10,741 [eea920e5-eed2-4ccd-b274-7d8a7cd1384a-groupManagement] INFO  server.RaftServerConfigKeys (ConfUtils.java:logGet(46)) - raft.server.log.statemachine.data.sync.timeout.retry = -1 (default)
2023-07-05 13:45:10,742 [eea920e5-eed2-4ccd-b274-7d8a7cd1384a-groupManagement] INFO  server.RaftServerConfigKeys (ConfUtils.java:logGet(46)) - raft.server.log.write.buffer.size = 1048576 (custom)
2023-07-05 13:45:10,743 [eea920e5-eed2-4ccd-b274-7d8a7cd1384a-groupManagement] INFO  server.RaftServerConfigKeys (ConfUtils.java:logGet(46)) - raft.server.log.appender.buffer.byte-limit = 33554432 (custom)
2023-07-05 13:45:10,748 [eea920e5-eed2-4ccd-b274-7d8a7cd1384a-groupManagement] INFO  server.RaftServerConfigKeys (ConfUtils.java:logGet(46)) - raft.server.log.unsafe-flush.enabled = false (default)
2023-07-05 13:45:10,748 [eea920e5-eed2-4ccd-b274-7d8a7cd1384a-groupManagement] INFO  server.RaftServerConfigKeys (ConfUtils.java:logGet(46)) - raft.server.log.async-flush.enabled = false (default)
2023-07-05 13:45:10,748 [eea920e5-eed2-4ccd-b274-7d8a7cd1384a-groupManagement] INFO  server.RaftServerConfigKeys (ConfUtils.java:logGet(46)) - raft.server.log.statemachine.data.caching.enabled = true (custom)
2023-07-05 13:45:10,749 [eea920e5-eed2-4ccd-b274-7d8a7cd1384a-groupManagement] INFO  segmented.SegmentedRaftLogWorker (SegmentedRaftLogWorker.java:lambda$new$0(135)) - eea920e5-eed2-4ccd-b274-7d8a7cd1384a@group-C90F6C517F0C-SegmentedRaftLogWorker: flushIndex: setUnconditionally 0 -> -1
2023-07-05 13:45:10,749 [eea920e5-eed2-4ccd-b274-7d8a7cd1384a-groupManagement] INFO  segmented.SegmentedRaftLogWorker (SegmentedRaftLogWorker.java:lambda$new$0(135)) - eea920e5-eed2-4ccd-b274-7d8a7cd1384a@group-C90F6C517F0C-SegmentedRaftLogWorker: safeCacheEvictIndex: setUnconditionally 0 -> -1
2023-07-05 13:45:10,749 [eea920e5-eed2-4ccd-b274-7d8a7cd1384a-groupManagement] INFO  server.RaftServer$Division (RaftServerImpl.java:start(342)) - eea920e5-eed2-4ccd-b274-7d8a7cd1384a@group-C90F6C517F0C: start as a follower, conf=-1: peers:[eea920e5-eed2-4ccd-b274-7d8a7cd1384a|rpc:10.1.0.13:15297|admin:10.1.0.13:15296|client:10.1.0.13:15295|dataStream:10.1.0.13:15298|priority:1|startupRole:FOLLOWER]|listeners:[], old=null
2023-07-05 13:45:10,749 [eea920e5-eed2-4ccd-b274-7d8a7cd1384a-groupManagement] INFO  server.RaftServer$Division (RaftServerImpl.java:setRole(329)) - eea920e5-eed2-4ccd-b274-7d8a7cd1384a@group-C90F6C517F0C: changes role from      null to FOLLOWER at term 0 for startAsFollower
2023-07-05 13:45:10,749 [eea920e5-eed2-4ccd-b274-7d8a7cd1384a-groupManagement] INFO  impl.RoleInfo (RoleInfo.java:updateAndGet(139)) - eea920e5-eed2-4ccd-b274-7d8a7cd1384a: start eea920e5-eed2-4ccd-b274-7d8a7cd1384a@group-C90F6C517F0C-FollowerState
2023-07-05 13:45:10,750 [eea920e5-eed2-4ccd-b274-7d8a7cd1384a-groupManagement] INFO  util.JmxRegister (JmxRegister.java:tryRegister(44)) - Successfully registered JMX Bean with object name Ratis:service=RaftServer,group=group-C90F6C517F0C,id=eea920e5-eed2-4ccd-b274-7d8a7cd1384a
2023-07-05 13:45:10,750 [eea920e5-eed2-4ccd-b274-7d8a7cd1384a-groupManagement] INFO  server.RaftServerConfigKeys (ConfUtils.java:logGet(46)) - raft.server.snapshot.auto.trigger.enabled = true (custom)
2023-07-05 13:45:10,750 [eea920e5-eed2-4ccd-b274-7d8a7cd1384a-groupManagement] INFO  server.RaftServerConfigKeys (ConfUtils.java:logGet(46)) - raft.server.snapshot.auto.trigger.threshold = 10000 (custom)
2023-07-05 13:45:10,750 [eea920e5-eed2-4ccd-b274-7d8a7cd1384a-groupManagement] INFO  server.RaftServerConfigKeys (ConfUtils.java:logGet(46)) - raft.server.snapshot.retention.file.num = 5 (custom)
2023-07-05 13:45:10,750 [eea920e5-eed2-4ccd-b274-7d8a7cd1384a-groupManagement] INFO  server.RaftServerConfigKeys (ConfUtils.java:logGet(46)) - raft.server.log.purge.upto.snapshot.index = false (default)
2023-07-05 13:45:10,751 [eea920e5-eed2-4ccd-b274-7d8a7cd1384a@group-C90F6C517F0C-FollowerState] INFO  server.RaftServerConfigKeys (ConfUtils.java:logFallback(53)) - raft.server.rpc.first-election.timeout.min = 5s (fallback to raft.server.rpc.timeout.min)
2023-07-05 13:45:10,751 [eea920e5-eed2-4ccd-b274-7d8a7cd1384a@group-C90F6C517F0C-FollowerState] INFO  server.RaftServerConfigKeys (ConfUtils.java:logFallback(53)) - raft.server.rpc.first-election.timeout.max = 5200ms (fallback to raft.server.rpc.timeout.max)
2023-07-05 13:45:10,753 [PipelineCommandHandlerThread-0] INFO  ratis.XceiverServerRatis (XceiverServerRatis.java:addGroup(804)) - Created group PipelineID=a5cef821-a6a8-4e1c-9145-c90f6c517f0c
2023-07-05 13:45:10,754 [PipelineCommandHandlerThread-0] INFO  commandhandler.CreatePipelineCommandHandler (CreatePipelineCommandHandler.java:lambda$handle$2(124)) - Created Pipeline RATIS ONE PipelineID=a5cef821-a6a8-4e1c-9145-c90f6c517f0c.
2023-07-05 13:45:11,114 [PipelineCommandHandlerThread-0] INFO  server.RaftServer (RaftServerProxy.java:addNew(98)) - 6ab841ea-0799-402d-88dc-833ad02962b2: addNew group-9729437A2873:[6ab841ea-0799-402d-88dc-833ad02962b2|rpc:10.1.0.13:15306|admin:10.1.0.13:15305|client:10.1.0.13:15304|dataStream:10.1.0.13:15307|priority:1|startupRole:FOLLOWER] returns group-9729437A2873:java.util.concurrent.CompletableFuture@41af6be4[Not completed]
2023-07-05 13:45:11,114 [6ab841ea-0799-402d-88dc-833ad02962b2-groupManagement] INFO  server.RaftServer$Division (RaftServerImpl.java:<init>(198)) - 6ab841ea-0799-402d-88dc-833ad02962b2: new RaftServerImpl for group-9729437A2873:[6ab841ea-0799-402d-88dc-833ad02962b2|rpc:10.1.0.13:15306|admin:10.1.0.13:15305|client:10.1.0.13:15304|dataStream:10.1.0.13:15307|priority:1|startupRole:FOLLOWER] with ContainerStateMachine:uninitialized
2023-07-05 13:45:11,114 [6ab841ea-0799-402d-88dc-833ad02962b2-groupManagement] INFO  server.RaftServerConfigKeys (ConfUtils.java:logGet(46)) - raft.server.rpc.timeout.min = 5s (custom)
2023-07-05 13:45:11,115 [6ab841ea-0799-402d-88dc-833ad02962b2-groupManagement] INFO  server.RaftServerConfigKeys (ConfUtils.java:logGet(46)) - raft.server.rpc.timeout.max = 5200ms (custom)
2023-07-05 13:45:11,115 [6ab841ea-0799-402d-88dc-833ad02962b2-groupManagement] INFO  server.RaftServerConfigKeys (ConfUtils.java:logGet(46)) - raft.server.rpc.sleep.time = 25ms (default)
2023-07-05 13:45:11,115 [6ab841ea-0799-402d-88dc-833ad02962b2-groupManagement] INFO  server.RaftServerConfigKeys (ConfUtils.java:logGet(46)) - raft.server.rpc.slowness.timeout = 300s (custom)
2023-07-05 13:45:11,115 [6ab841ea-0799-402d-88dc-833ad02962b2-groupManagement] INFO  server.RaftServerConfigKeys (ConfUtils.java:logGet(46)) - raft.server.leaderelection.leader.step-down.wait-time = 10s (default)
2023-07-05 13:45:11,115 [6ab841ea-0799-402d-88dc-833ad02962b2-groupManagement] INFO  server.RaftServerConfigKeys (ConfUtils.java:logGet(46)) - raft.server.sleep.deviation.threshold = 300ms (default)
2023-07-05 13:45:11,115 [6ab841ea-0799-402d-88dc-833ad02962b2-groupManagement] INFO  server.RaftServer$Division (ServerState.java:<init>(120)) - 6ab841ea-0799-402d-88dc-833ad02962b2@group-9729437A2873: ConfigurationManager, init=-1: peers:[6ab841ea-0799-402d-88dc-833ad02962b2|rpc:10.1.0.13:15306|admin:10.1.0.13:15305|client:10.1.0.13:15304|dataStream:10.1.0.13:15307|priority:1|startupRole:FOLLOWER]|listeners:[], old=null, confs=<EMPTY_MAP>
2023-07-05 13:45:11,115 [6ab841ea-0799-402d-88dc-833ad02962b2-groupManagement] INFO  server.RaftServerConfigKeys (ConfUtils.java:logGet(46)) - raft.server.storage.dir = [/home/runner/work/ozone/ozone/hadoop-ozone/integration-test/target/test-dir/MiniOzoneClusterImpl-b87fbc93-14ec-4c7b-9414-fd1969dd8eca/datanode-3/data/ratis] (custom)
2023-07-05 13:45:11,115 [6ab841ea-0799-402d-88dc-833ad02962b2-groupManagement] INFO  server.RaftServerConfigKeys (ConfUtils.java:logGet(46)) - raft.server.log.corruption.policy = EXCEPTION (default)
2023-07-05 13:45:11,115 [6ab841ea-0799-402d-88dc-833ad02962b2-groupManagement] INFO  server.RaftServerConfigKeys (ConfUtils.java:logGet(46)) - raft.server.storage.free-space.min = 0MB (=0) (default)
2023-07-05 13:45:11,115 [6ab841ea-0799-402d-88dc-833ad02962b2-groupManagement] INFO  server.RaftServerConfigKeys (ConfUtils.java:logGet(46)) - raft.server.notification.no-leader.timeout = 300s (custom)
2023-07-05 13:45:11,115 [6ab841ea-0799-402d-88dc-833ad02962b2-groupManagement] INFO  server.RaftServerConfigKeys (ConfUtils.java:logGet(46)) - raft.server.read.timeout = 10s (default)
2023-07-05 13:45:11,115 [6ab841ea-0799-402d-88dc-833ad02962b2-groupManagement] INFO  server.RaftServerConfigKeys (ConfUtils.java:logGet(46)) - raft.server.retrycache.expirytime = 600000ms (custom)
2023-07-05 13:45:11,115 [6ab841ea-0799-402d-88dc-833ad02962b2-groupManagement] INFO  server.RaftServerConfigKeys (ConfUtils.java:logGet(46)) - raft.server.retrycache.statistics.expirytime = 100μs (default)
2023-07-05 13:45:11,116 [6ab841ea-0799-402d-88dc-833ad02962b2-groupManagement] INFO  server.RaftServerConfigKeys (ConfUtils.java:logGet(46)) - raft.server.read.option = DEFAULT (default)
2023-07-05 13:45:11,116 [6ab841ea-0799-402d-88dc-833ad02962b2-groupManagement] INFO  server.RaftServerConfigKeys (ConfUtils.java:logGet(46)) - raft.server.rpc.request.timeout = 60s (custom)
2023-07-05 13:45:11,116 [6ab841ea-0799-402d-88dc-833ad02962b2-groupManagement] INFO  server.RaftServerConfigKeys (ConfUtils.java:logGet(46)) - raft.server.log.appender.install.snapshot.enabled = false (custom)
2023-07-05 13:45:11,116 [6ab841ea-0799-402d-88dc-833ad02962b2-groupManagement] INFO  server.RaftServerConfigKeys (ConfUtils.java:logGet(46)) - raft.server.threadpool.server.cached = true (default)
2023-07-05 13:45:11,116 [6ab841ea-0799-402d-88dc-833ad02962b2-groupManagement] INFO  server.RaftServerConfigKeys (ConfUtils.java:logGet(46)) - raft.server.threadpool.server.size = 0 (default)
2023-07-05 13:45:11,116 [6ab841ea-0799-402d-88dc-833ad02962b2-groupManagement] INFO  server.RaftServerConfigKeys (ConfUtils.java:logGet(46)) - raft.server.threadpool.client.cached = true (default)
2023-07-05 13:45:11,117 [6ab841ea-0799-402d-88dc-833ad02962b2-groupManagement] INFO  server.RaftServerConfigKeys (ConfUtils.java:logGet(46)) - raft.server.threadpool.client.size = 0 (default)
2023-07-05 13:45:11,117 [6ab841ea-0799-402d-88dc-833ad02962b2-groupManagement] INFO  storage.RaftStorageDirectory (RaftStorageDirectoryImpl.java:analyzeStorage(137)) - The storage directory /home/runner/work/ozone/ozone/hadoop-ozone/integration-test/target/test-dir/MiniOzoneClusterImpl-b87fbc93-14ec-4c7b-9414-fd1969dd8eca/datanode-3/data/ratis/b6236499-a199-47cf-a4a9-9729437a2873 does not exist. Creating ...
2023-07-05 13:45:11,118 [6ab841ea-0799-402d-88dc-833ad02962b2-groupManagement] INFO  storage.RaftStorageDirectory (RaftStorageDirectoryImpl.java:tryLock(231)) - Lock on /home/runner/work/ozone/ozone/hadoop-ozone/integration-test/target/test-dir/MiniOzoneClusterImpl-b87fbc93-14ec-4c7b-9414-fd1969dd8eca/datanode-3/data/ratis/b6236499-a199-47cf-a4a9-9729437a2873/in_use.lock acquired by nodename 25537@fv-az264-29
2023-07-05 13:45:11,120 [6ab841ea-0799-402d-88dc-833ad02962b2-groupManagement] INFO  storage.RaftStorage (RaftStorageImpl.java:format(96)) - Storage directory /home/runner/work/ozone/ozone/hadoop-ozone/integration-test/target/test-dir/MiniOzoneClusterImpl-b87fbc93-14ec-4c7b-9414-fd1969dd8eca/datanode-3/data/ratis/b6236499-a199-47cf-a4a9-9729437a2873 has been successfully formatted.
2023-07-05 13:45:11,122 [6ab841ea-0799-402d-88dc-833ad02962b2-groupManagement] INFO  ratis.ContainerStateMachine (ContainerStateMachine.java:loadSnapshot(262)) - group-9729437A2873: The snapshot info is null. Setting the last applied indexto:(t:0, i:~)
2023-07-05 13:45:11,122 [6ab841ea-0799-402d-88dc-833ad02962b2-groupManagement] INFO  server.RaftServerConfigKeys (ConfUtils.java:logGet(46)) - raft.server.log.use.memory = false (default)
2023-07-05 13:45:11,122 [6ab841ea-0799-402d-88dc-833ad02962b2-groupManagement] INFO  server.RaftServerConfigKeys (ConfUtils.java:logGet(46)) - raft.server.log.purge.gap = 1000000 (custom)
2023-07-05 13:45:11,122 [6ab841ea-0799-402d-88dc-833ad02962b2-groupManagement] INFO  server.RaftServerConfigKeys (ConfUtils.java:logGet(46)) - raft.server.log.appender.buffer.byte-limit = 33554432 (custom)
2023-07-05 13:45:11,122 [6ab841ea-0799-402d-88dc-833ad02962b2-groupManagement] INFO  server.RaftServerConfigKeys (ConfUtils.java:logGet(46)) - raft.server.log.statemachine.data.read.timeout = 1000ms (default)
2023-07-05 13:45:11,122 [6ab841ea-0799-402d-88dc-833ad02962b2-groupManagement] INFO  server.RaftServerConfigKeys (ConfUtils.java:logGet(46)) - raft.server.log.purge.preservation.log.num = 0 (default)
2023-07-05 13:45:11,122 [6ab841ea-0799-402d-88dc-833ad02962b2-groupManagement] INFO  server.RaftServerConfigKeys (ConfUtils.java:logGet(46)) - raft.server.log.segment.size.max = 1048576 (custom)
2023-07-05 13:45:11,123 [EventQueue-PipelineReportForPipelineReportHandler] INFO  pipeline.PipelineReportHandler (PipelineReportHandler.java:processPipelineReport(136)) - Opened pipeline PipelineID=b6236499-a199-47cf-a4a9-9729437a2873
2023-07-05 13:45:11,126 [EventQueue-OpenPipelineForHealthyPipelineSafeModeRule] INFO  safemode.SCMSafeModeManager (HealthyPipelineSafeModeRule.java:process(137)) - SCM in safe mode. Healthy pipelines reported count is 0, required healthy pipeline reported count is 1
2023-07-05 13:45:11,127 [6ab841ea-0799-402d-88dc-833ad02962b2-groupManagement] INFO  server.RaftServerConfigKeys (ConfUtils.java:logGet(46)) - raft.server.log.segment.cache.num.max = 2 (custom)
2023-07-05 13:45:11,127 [6ab841ea-0799-402d-88dc-833ad02962b2-groupManagement] INFO  server.RaftServerConfigKeys (ConfUtils.java:logGet(46)) - raft.server.log.segment.cache.size.max = 200MB (=209715200) (default)
2023-07-05 13:45:11,127 [6ab841ea-0799-402d-88dc-833ad02962b2-groupManagement] INFO  server.RaftServerConfigKeys (ConfUtils.java:logGet(46)) - raft.server.log.appender.buffer.byte-limit = 33554432 (custom)
2023-07-05 13:45:11,127 [6ab841ea-0799-402d-88dc-833ad02962b2-groupManagement] INFO  segmented.SegmentedRaftLogWorker (SegmentedRaftLogWorker.java:<init>(188)) - new 6ab841ea-0799-402d-88dc-833ad02962b2@group-9729437A2873-SegmentedRaftLogWorker for RaftStorageImpl:Storage Directory /home/runner/work/ozone/ozone/hadoop-ozone/integration-test/target/test-dir/MiniOzoneClusterImpl-b87fbc93-14ec-4c7b-9414-fd1969dd8eca/datanode-3/data/ratis/b6236499-a199-47cf-a4a9-9729437a2873
2023-07-05 13:45:11,127 [6ab841ea-0799-402d-88dc-833ad02962b2-groupManagement] INFO  server.RaftServerConfigKeys (ConfUtils.java:logGet(46)) - raft.server.log.queue.byte-limit = 4294967296 (custom)
2023-07-05 13:45:11,127 [6ab841ea-0799-402d-88dc-833ad02962b2-groupManagement] INFO  server.RaftServerConfigKeys (ConfUtils.java:logGet(46)) - raft.server.log.queue.element-limit = 1024 (custom)
2023-07-05 13:45:11,127 [6ab841ea-0799-402d-88dc-833ad02962b2-groupManagement] INFO  server.RaftServerConfigKeys (ConfUtils.java:logGet(46)) - raft.server.log.segment.size.max = 1048576 (custom)
2023-07-05 13:45:11,127 [6ab841ea-0799-402d-88dc-833ad02962b2-groupManagement] INFO  server.RaftServerConfigKeys (ConfUtils.java:logGet(46)) - raft.server.log.preallocated.size = 16384 (custom)
2023-07-05 13:45:11,127 [6ab841ea-0799-402d-88dc-833ad02962b2-groupManagement] INFO  server.RaftServerConfigKeys (ConfUtils.java:logGet(46)) - raft.server.log.force.sync.num = 128 (default)
2023-07-05 13:45:11,127 [6ab841ea-0799-402d-88dc-833ad02962b2-groupManagement] INFO  server.RaftServerConfigKeys (ConfUtils.java:logGet(46)) - raft.server.log.statemachine.data.sync = true (default)
2023-07-05 13:45:11,127 [6ab841ea-0799-402d-88dc-833ad02962b2-groupManagement] INFO  server.RaftServerConfigKeys (ConfUtils.java:logGet(46)) - raft.server.log.statemachine.data.sync.timeout = 10s (default)
2023-07-05 13:45:11,127 [6ab841ea-0799-402d-88dc-833ad02962b2-groupManagement] INFO  server.RaftServerConfigKeys (ConfUtils.java:logGet(46)) - raft.server.log.statemachine.data.sync.timeout.retry = -1 (default)
2023-07-05 13:45:11,128 [6ab841ea-0799-402d-88dc-833ad02962b2-groupManagement] INFO  server.RaftServerConfigKeys (ConfUtils.java:logGet(46)) - raft.server.log.write.buffer.size = 1048576 (custom)
2023-07-05 13:45:11,129 [6ab841ea-0799-402d-88dc-833ad02962b2-groupManagement] INFO  server.RaftServerConfigKeys (ConfUtils.java:logGet(46)) - raft.server.log.appender.buffer.byte-limit = 33554432 (custom)
2023-07-05 13:45:11,138 [6ab841ea-0799-402d-88dc-833ad02962b2-groupManagement] INFO  server.RaftServerConfigKeys (ConfUtils.java:logGet(46)) - raft.server.log.unsafe-flush.enabled = false (default)
2023-07-05 13:45:11,138 [6ab841ea-0799-402d-88dc-833ad02962b2-groupManagement] INFO  server.RaftServerConfigKeys (ConfUtils.java:logGet(46)) - raft.server.log.async-flush.enabled = false (default)
2023-07-05 13:45:11,138 [6ab841ea-0799-402d-88dc-833ad02962b2-groupManagement] INFO  server.RaftServerConfigKeys (ConfUtils.java:logGet(46)) - raft.server.log.statemachine.data.caching.enabled = true (custom)
2023-07-05 13:45:11,139 [6ab841ea-0799-402d-88dc-833ad02962b2-groupManagement] INFO  segmented.SegmentedRaftLogWorker (SegmentedRaftLogWorker.java:lambda$new$0(135)) - 6ab841ea-0799-402d-88dc-833ad02962b2@group-9729437A2873-SegmentedRaftLogWorker: flushIndex: setUnconditionally 0 -> -1
2023-07-05 13:45:11,139 [6ab841ea-0799-402d-88dc-833ad02962b2-groupManagement] INFO  segmented.SegmentedRaftLogWorker (SegmentedRaftLogWorker.java:lambda$new$0(135)) - 6ab841ea-0799-402d-88dc-833ad02962b2@group-9729437A2873-SegmentedRaftLogWorker: safeCacheEvictIndex: setUnconditionally 0 -> -1
2023-07-05 13:45:11,146 [6ab841ea-0799-402d-88dc-833ad02962b2-groupManagement] INFO  server.RaftServer$Division (RaftServerImpl.java:start(342)) - 6ab841ea-0799-402d-88dc-833ad02962b2@group-9729437A2873: start as a follower, conf=-1: peers:[6ab841ea-0799-402d-88dc-833ad02962b2|rpc:10.1.0.13:15306|admin:10.1.0.13:15305|client:10.1.0.13:15304|dataStream:10.1.0.13:15307|priority:1|startupRole:FOLLOWER]|listeners:[], old=null
2023-07-05 13:45:11,146 [6ab841ea-0799-402d-88dc-833ad02962b2-groupManagement] INFO  server.RaftServer$Division (RaftServerImpl.java:setRole(329)) - 6ab841ea-0799-402d-88dc-833ad02962b2@group-9729437A2873: changes role from      null to FOLLOWER at term 0 for startAsFollower
2023-07-05 13:45:11,147 [6ab841ea-0799-402d-88dc-833ad02962b2-groupManagement] INFO  impl.RoleInfo (RoleInfo.java:updateAndGet(139)) - 6ab841ea-0799-402d-88dc-833ad02962b2: start 6ab841ea-0799-402d-88dc-833ad02962b2@group-9729437A2873-FollowerState
2023-07-05 13:45:11,149 [6ab841ea-0799-402d-88dc-833ad02962b2-groupManagement] INFO  util.JmxRegister (JmxRegister.java:tryRegister(44)) - Successfully registered JMX Bean with object name Ratis:service=RaftServer,group=group-9729437A2873,id=6ab841ea-0799-402d-88dc-833ad02962b2
2023-07-05 13:45:11,149 [6ab841ea-0799-402d-88dc-833ad02962b2-groupManagement] INFO  server.RaftServerConfigKeys (ConfUtils.java:logGet(46)) - raft.server.snapshot.auto.trigger.enabled = true (custom)
2023-07-05 13:45:11,149 [6ab841ea-0799-402d-88dc-833ad02962b2-groupManagement] INFO  server.RaftServerConfigKeys (ConfUtils.java:logGet(46)) - raft.server.snapshot.auto.trigger.threshold = 10000 (custom)
2023-07-05 13:45:11,149 [6ab841ea-0799-402d-88dc-833ad02962b2-groupManagement] INFO  server.RaftServerConfigKeys (ConfUtils.java:logGet(46)) - raft.server.snapshot.retention.file.num = 5 (custom)
2023-07-05 13:45:11,149 [6ab841ea-0799-402d-88dc-833ad02962b2-groupManagement] INFO  server.RaftServerConfigKeys (ConfUtils.java:logGet(46)) - raft.server.log.purge.upto.snapshot.index = false (default)
2023-07-05 13:45:11,149 [6ab841ea-0799-402d-88dc-833ad02962b2@group-9729437A2873-FollowerState] INFO  server.RaftServerConfigKeys (ConfUtils.java:logFallback(53)) - raft.server.rpc.first-election.timeout.min = 5s (fallback to raft.server.rpc.timeout.min)
2023-07-05 13:45:11,149 [6ab841ea-0799-402d-88dc-833ad02962b2@group-9729437A2873-FollowerState] INFO  server.RaftServerConfigKeys (ConfUtils.java:logFallback(53)) - raft.server.rpc.first-election.timeout.max = 5200ms (fallback to raft.server.rpc.timeout.max)
2023-07-05 13:45:11,150 [PipelineCommandHandlerThread-0] INFO  ratis.XceiverServerRatis (XceiverServerRatis.java:addGroup(804)) - Created group PipelineID=b6236499-a199-47cf-a4a9-9729437a2873
2023-07-05 13:45:11,150 [PipelineCommandHandlerThread-0] INFO  commandhandler.CreatePipelineCommandHandler (CreatePipelineCommandHandler.java:lambda$handle$2(124)) - Created Pipeline RATIS ONE PipelineID=b6236499-a199-47cf-a4a9-9729437a2873.
2023-07-05 13:45:11,440 [Time-limited test] INFO  ozone.MiniOzoneClusterImpl (MiniOzoneClusterImpl.java:lambda$waitForClusterToBeReady$0(224)) - Nodes are ready. Got 5 of 5 DN Heartbeats.
2023-07-05 13:45:11,440 [Time-limited test] INFO  ozone.MiniOzoneClusterImpl (MiniOzoneClusterImpl.java:lambda$waitForClusterToBeReady$0(227)) - Waiting for cluster to exit safe mode
2023-07-05 13:45:11,441 [Time-limited test] INFO  ozone.MiniOzoneClusterImpl (MiniOzoneClusterImpl.java:lambda$waitForClusterToBeReady$0(229)) - SCM became leader
2023-07-05 13:45:11,448 [PipelineCommandHandlerThread-0] INFO  server.RaftServer (RaftServerProxy.java:addNew(98)) - bdd24332-ebf5-4592-a5f9-8a3e8f136148: addNew group-52717682D76F:[bdd24332-ebf5-4592-a5f9-8a3e8f136148|rpc:10.1.0.13:15315|admin:10.1.0.13:15314|client:10.1.0.13:15313|dataStream:10.1.0.13:15316|priority:1|startupRole:FOLLOWER] returns group-52717682D76F:java.util.concurrent.CompletableFuture@78358e63[Not completed]
2023-07-05 13:45:11,449 [bdd24332-ebf5-4592-a5f9-8a3e8f136148-groupManagement] INFO  server.RaftServer$Division (RaftServerImpl.java:<init>(198)) - bdd24332-ebf5-4592-a5f9-8a3e8f136148: new RaftServerImpl for group-52717682D76F:[bdd24332-ebf5-4592-a5f9-8a3e8f136148|rpc:10.1.0.13:15315|admin:10.1.0.13:15314|client:10.1.0.13:15313|dataStream:10.1.0.13:15316|priority:1|startupRole:FOLLOWER] with ContainerStateMachine:uninitialized
2023-07-05 13:45:11,449 [bdd24332-ebf5-4592-a5f9-8a3e8f136148-groupManagement] INFO  server.RaftServerConfigKeys (ConfUtils.java:logGet(46)) - raft.server.rpc.timeout.min = 5s (custom)
2023-07-05 13:45:11,449 [bdd24332-ebf5-4592-a5f9-8a3e8f136148-groupManagement] INFO  server.RaftServerConfigKeys (ConfUtils.java:logGet(46)) - raft.server.rpc.timeout.max = 5200ms (custom)
2023-07-05 13:45:11,449 [bdd24332-ebf5-4592-a5f9-8a3e8f136148-groupManagement] INFO  server.RaftServerConfigKeys (ConfUtils.java:logGet(46)) - raft.server.rpc.sleep.time = 25ms (default)
2023-07-05 13:45:11,449 [bdd24332-ebf5-4592-a5f9-8a3e8f136148-groupManagement] INFO  server.RaftServerConfigKeys (ConfUtils.java:logGet(46)) - raft.server.rpc.slowness.timeout = 300s (custom)
2023-07-05 13:45:11,449 [bdd24332-ebf5-4592-a5f9-8a3e8f136148-groupManagement] INFO  server.RaftServerConfigKeys (ConfUtils.java:logGet(46)) - raft.server.leaderelection.leader.step-down.wait-time = 10s (default)
2023-07-05 13:45:11,449 [bdd24332-ebf5-4592-a5f9-8a3e8f136148-groupManagement] INFO  server.RaftServerConfigKeys (ConfUtils.java:logGet(46)) - raft.server.sleep.deviation.threshold = 300ms (default)
2023-07-05 13:45:11,449 [bdd24332-ebf5-4592-a5f9-8a3e8f136148-groupManagement] INFO  server.RaftServer$Division (ServerState.java:<init>(120)) - bdd24332-ebf5-4592-a5f9-8a3e8f136148@group-52717682D76F: ConfigurationManager, init=-1: peers:[bdd24332-ebf5-4592-a5f9-8a3e8f136148|rpc:10.1.0.13:15315|admin:10.1.0.13:15314|client:10.1.0.13:15313|dataStream:10.1.0.13:15316|priority:1|startupRole:FOLLOWER]|listeners:[], old=null, confs=<EMPTY_MAP>
2023-07-05 13:45:11,450 [bdd24332-ebf5-4592-a5f9-8a3e8f136148-groupManagement] INFO  server.RaftServerConfigKeys (ConfUtils.java:logGet(46)) - raft.server.storage.dir = [/home/runner/work/ozone/ozone/hadoop-ozone/integration-test/target/test-dir/MiniOzoneClusterImpl-b87fbc93-14ec-4c7b-9414-fd1969dd8eca/datanode-4/data/ratis] (custom)
2023-07-05 13:45:11,450 [bdd24332-ebf5-4592-a5f9-8a3e8f136148-groupManagement] INFO  server.RaftServerConfigKeys (ConfUtils.java:logGet(46)) - raft.server.log.corruption.policy = EXCEPTION (default)
2023-07-05 13:45:11,450 [bdd24332-ebf5-4592-a5f9-8a3e8f136148-groupManagement] INFO  server.RaftServerConfigKeys (ConfUtils.java:logGet(46)) - raft.server.storage.free-space.min = 0MB (=0) (default)
2023-07-05 13:45:11,450 [bdd24332-ebf5-4592-a5f9-8a3e8f136148-groupManagement] INFO  server.RaftServerConfigKeys (ConfUtils.java:logGet(46)) - raft.server.notification.no-leader.timeout = 300s (custom)
2023-07-05 13:45:11,451 [bdd24332-ebf5-4592-a5f9-8a3e8f136148-groupManagement] INFO  server.RaftServerConfigKeys (ConfUtils.java:logGet(46)) - raft.server.read.timeout = 10s (default)
2023-07-05 13:45:11,451 [bdd24332-ebf5-4592-a5f9-8a3e8f136148-groupManagement] INFO  server.RaftServerConfigKeys (ConfUtils.java:logGet(46)) - raft.server.retrycache.expirytime = 600000ms (custom)
2023-07-05 13:45:11,451 [bdd24332-ebf5-4592-a5f9-8a3e8f136148-groupManagement] INFO  server.RaftServerConfigKeys (ConfUtils.java:logGet(46)) - raft.server.retrycache.statistics.expirytime = 100μs (default)
2023-07-05 13:45:11,451 [bdd24332-ebf5-4592-a5f9-8a3e8f136148-groupManagement] INFO  server.RaftServerConfigKeys (ConfUtils.java:logGet(46)) - raft.server.read.option = DEFAULT (default)
2023-07-05 13:45:11,451 [bdd24332-ebf5-4592-a5f9-8a3e8f136148-groupManagement] INFO  server.RaftServerConfigKeys (ConfUtils.java:logGet(46)) - raft.server.rpc.request.timeout = 60s (custom)
2023-07-05 13:45:11,451 [bdd24332-ebf5-4592-a5f9-8a3e8f136148-groupManagement] INFO  server.RaftServerConfigKeys (ConfUtils.java:logGet(46)) - raft.server.log.appender.install.snapshot.enabled = false (custom)
2023-07-05 13:45:11,452 [bdd24332-ebf5-4592-a5f9-8a3e8f136148-groupManagement] INFO  server.RaftServerConfigKeys (ConfUtils.java:logGet(46)) - raft.server.threadpool.server.cached = true (default)
2023-07-05 13:45:11,452 [bdd24332-ebf5-4592-a5f9-8a3e8f136148-groupManagement] INFO  server.RaftServerConfigKeys (ConfUtils.java:logGet(46)) - raft.server.threadpool.server.size = 0 (default)
2023-07-05 13:45:11,452 [bdd24332-ebf5-4592-a5f9-8a3e8f136148-groupManagement] INFO  server.RaftServerConfigKeys (ConfUtils.java:logGet(46)) - raft.server.threadpool.client.cached = true (default)
2023-07-05 13:45:11,452 [bdd24332-ebf5-4592-a5f9-8a3e8f136148-groupManagement] INFO  server.RaftServerConfigKeys (ConfUtils.java:logGet(46)) - raft.server.threadpool.client.size = 0 (default)
2023-07-05 13:45:11,452 [bdd24332-ebf5-4592-a5f9-8a3e8f136148-groupManagement] INFO  storage.RaftStorageDirectory (RaftStorageDirectoryImpl.java:analyzeStorage(137)) - The storage directory /home/runner/work/ozone/ozone/hadoop-ozone/integration-test/target/test-dir/MiniOzoneClusterImpl-b87fbc93-14ec-4c7b-9414-fd1969dd8eca/datanode-4/data/ratis/85f8b4c8-ee22-4920-b707-52717682d76f does not exist. Creating ...
2023-07-05 13:45:11,453 [bdd24332-ebf5-4592-a5f9-8a3e8f136148-groupManagement] INFO  storage.RaftStorageDirectory (RaftStorageDirectoryImpl.java:tryLock(231)) - Lock on /home/runner/work/ozone/ozone/hadoop-ozone/integration-test/target/test-dir/MiniOzoneClusterImpl-b87fbc93-14ec-4c7b-9414-fd1969dd8eca/datanode-4/data/ratis/85f8b4c8-ee22-4920-b707-52717682d76f/in_use.lock acquired by nodename 25537@fv-az264-29
2023-07-05 13:45:11,455 [bdd24332-ebf5-4592-a5f9-8a3e8f136148-groupManagement] INFO  storage.RaftStorage (RaftStorageImpl.java:format(96)) - Storage directory /home/runner/work/ozone/ozone/hadoop-ozone/integration-test/target/test-dir/MiniOzoneClusterImpl-b87fbc93-14ec-4c7b-9414-fd1969dd8eca/datanode-4/data/ratis/85f8b4c8-ee22-4920-b707-52717682d76f has been successfully formatted.
2023-07-05 13:45:11,458 [EventQueue-PipelineReportForPipelineReportHandler] INFO  pipeline.PipelineReportHandler (PipelineReportHandler.java:processPipelineReport(136)) - Opened pipeline PipelineID=85f8b4c8-ee22-4920-b707-52717682d76f
2023-07-05 13:45:11,458 [EventQueue-OpenPipelineForHealthyPipelineSafeModeRule] INFO  safemode.SCMSafeModeManager (HealthyPipelineSafeModeRule.java:process(137)) - SCM in safe mode. Healthy pipelines reported count is 0, required healthy pipeline reported count is 1
2023-07-05 13:45:11,459 [bdd24332-ebf5-4592-a5f9-8a3e8f136148-groupManagement] INFO  ratis.ContainerStateMachine (ContainerStateMachine.java:loadSnapshot(262)) - group-52717682D76F: The snapshot info is null. Setting the last applied indexto:(t:0, i:~)
2023-07-05 13:45:11,459 [bdd24332-ebf5-4592-a5f9-8a3e8f136148-groupManagement] INFO  server.RaftServerConfigKeys (ConfUtils.java:logGet(46)) - raft.server.log.use.memory = false (default)
2023-07-05 13:45:11,459 [bdd24332-ebf5-4592-a5f9-8a3e8f136148-groupManagement] INFO  server.RaftServerConfigKeys (ConfUtils.java:logGet(46)) - raft.server.log.purge.gap = 1000000 (custom)
2023-07-05 13:45:11,459 [bdd24332-ebf5-4592-a5f9-8a3e8f136148-groupManagement] INFO  server.RaftServerConfigKeys (ConfUtils.java:logGet(46)) - raft.server.log.appender.buffer.byte-limit = 33554432 (custom)
2023-07-05 13:45:11,459 [bdd24332-ebf5-4592-a5f9-8a3e8f136148-groupManagement] INFO  server.RaftServerConfigKeys (ConfUtils.java:logGet(46)) - raft.server.log.statemachine.data.read.timeout = 1000ms (default)
2023-07-05 13:45:11,459 [bdd24332-ebf5-4592-a5f9-8a3e8f136148-groupManagement] INFO  server.RaftServerConfigKeys (ConfUtils.java:logGet(46)) - raft.server.log.purge.preservation.log.num = 0 (default)
2023-07-05 13:45:11,459 [bdd24332-ebf5-4592-a5f9-8a3e8f136148-groupManagement] INFO  server.RaftServerConfigKeys (ConfUtils.java:logGet(46)) - raft.server.log.segment.size.max = 1048576 (custom)
2023-07-05 13:45:11,459 [bdd24332-ebf5-4592-a5f9-8a3e8f136148-groupManagement] INFO  server.RaftServerConfigKeys (ConfUtils.java:logGet(46)) - raft.server.log.segment.cache.num.max = 2 (custom)
2023-07-05 13:45:11,459 [bdd24332-ebf5-4592-a5f9-8a3e8f136148-groupManagement] INFO  server.RaftServerConfigKeys (ConfUtils.java:logGet(46)) - raft.server.log.segment.cache.size.max = 200MB (=209715200) (default)
2023-07-05 13:45:11,459 [bdd24332-ebf5-4592-a5f9-8a3e8f136148-groupManagement] INFO  server.RaftServerConfigKeys (ConfUtils.java:logGet(46)) - raft.server.log.appender.buffer.byte-limit = 33554432 (custom)
2023-07-05 13:45:11,459 [bdd24332-ebf5-4592-a5f9-8a3e8f136148-groupManagement] INFO  segmented.SegmentedRaftLogWorker (SegmentedRaftLogWorker.java:<init>(188)) - new bdd24332-ebf5-4592-a5f9-8a3e8f136148@group-52717682D76F-SegmentedRaftLogWorker for RaftStorageImpl:Storage Directory /home/runner/work/ozone/ozone/hadoop-ozone/integration-test/target/test-dir/MiniOzoneClusterImpl-b87fbc93-14ec-4c7b-9414-fd1969dd8eca/datanode-4/data/ratis/85f8b4c8-ee22-4920-b707-52717682d76f
2023-07-05 13:45:11,460 [bdd24332-ebf5-4592-a5f9-8a3e8f136148-groupManagement] INFO  server.RaftServerConfigKeys (ConfUtils.java:logGet(46)) - raft.server.log.queue.byte-limit = 4294967296 (custom)
2023-07-05 13:45:11,460 [bdd24332-ebf5-4592-a5f9-8a3e8f136148-groupManagement] INFO  server.RaftServerConfigKeys (ConfUtils.java:logGet(46)) - raft.server.log.queue.element-limit = 1024 (custom)
2023-07-05 13:45:11,460 [bdd24332-ebf5-4592-a5f9-8a3e8f136148-groupManagement] INFO  server.RaftServerConfigKeys (ConfUtils.java:logGet(46)) - raft.server.log.segment.size.max = 1048576 (custom)
2023-07-05 13:45:11,460 [bdd24332-ebf5-4592-a5f9-8a3e8f136148-groupManagement] INFO  server.RaftServerConfigKeys (ConfUtils.java:logGet(46)) - raft.server.log.preallocated.size = 16384 (custom)
2023-07-05 13:45:11,460 [bdd24332-ebf5-4592-a5f9-8a3e8f136148-groupManagement] INFO  server.RaftServerConfigKeys (ConfUtils.java:logGet(46)) - raft.server.log.force.sync.num = 128 (default)
2023-07-05 13:45:11,460 [bdd24332-ebf5-4592-a5f9-8a3e8f136148-groupManagement] INFO  server.RaftServerConfigKeys (ConfUtils.java:logGet(46)) - raft.server.log.statemachine.data.sync = true (default)
2023-07-05 13:45:11,460 [bdd24332-ebf5-4592-a5f9-8a3e8f136148-groupManagement] INFO  server.RaftServerConfigKeys (ConfUtils.java:logGet(46)) - raft.server.log.statemachine.data.sync.timeout = 10s (default)
2023-07-05 13:45:11,460 [bdd24332-ebf5-4592-a5f9-8a3e8f136148-groupManagement] INFO  server.RaftServerConfigKeys (ConfUtils.java:logGet(46)) - raft.server.log.statemachine.data.sync.timeout.retry = -1 (default)
2023-07-05 13:45:11,460 [bdd24332-ebf5-4592-a5f9-8a3e8f136148-groupManagement] INFO  server.RaftServerConfigKeys (ConfUtils.java:logGet(46)) - raft.server.log.write.buffer.size = 1048576 (custom)
2023-07-05 13:45:11,461 [bdd24332-ebf5-4592-a5f9-8a3e8f136148-groupManagement] INFO  server.RaftServerConfigKeys (ConfUtils.java:logGet(46)) - raft.server.log.appender.buffer.byte-limit = 33554432 (custom)
2023-07-05 13:45:11,466 [bdd24332-ebf5-4592-a5f9-8a3e8f136148-groupManagement] INFO  server.RaftServerConfigKeys (ConfUtils.java:logGet(46)) - raft.server.log.unsafe-flush.enabled = false (default)
2023-07-05 13:45:11,466 [bdd24332-ebf5-4592-a5f9-8a3e8f136148-groupManagement] INFO  server.RaftServerConfigKeys (ConfUtils.java:logGet(46)) - raft.server.log.async-flush.enabled = false (default)
2023-07-05 13:45:11,466 [bdd24332-ebf5-4592-a5f9-8a3e8f136148-groupManagement] INFO  server.RaftServerConfigKeys (ConfUtils.java:logGet(46)) - raft.server.log.statemachine.data.caching.enabled = true (custom)
2023-07-05 13:45:11,466 [bdd24332-ebf5-4592-a5f9-8a3e8f136148-groupManagement] INFO  segmented.SegmentedRaftLogWorker (SegmentedRaftLogWorker.java:lambda$new$0(135)) - bdd24332-ebf5-4592-a5f9-8a3e8f136148@group-52717682D76F-SegmentedRaftLogWorker: flushIndex: setUnconditionally 0 -> -1
2023-07-05 13:45:11,466 [bdd24332-ebf5-4592-a5f9-8a3e8f136148-groupManagement] INFO  segmented.SegmentedRaftLogWorker (SegmentedRaftLogWorker.java:lambda$new$0(135)) - bdd24332-ebf5-4592-a5f9-8a3e8f136148@group-52717682D76F-SegmentedRaftLogWorker: safeCacheEvictIndex: setUnconditionally 0 -> -1
2023-07-05 13:45:11,467 [bdd24332-ebf5-4592-a5f9-8a3e8f136148-groupManagement] INFO  server.RaftServer$Division (RaftServerImpl.java:start(342)) - bdd24332-ebf5-4592-a5f9-8a3e8f136148@group-52717682D76F: start as a follower, conf=-1: peers:[bdd24332-ebf5-4592-a5f9-8a3e8f136148|rpc:10.1.0.13:15315|admin:10.1.0.13:15314|client:10.1.0.13:15313|dataStream:10.1.0.13:15316|priority:1|startupRole:FOLLOWER]|listeners:[], old=null
2023-07-05 13:45:11,467 [bdd24332-ebf5-4592-a5f9-8a3e8f136148-groupManagement] INFO  server.RaftServer$Division (RaftServerImpl.java:setRole(329)) - bdd24332-ebf5-4592-a5f9-8a3e8f136148@group-52717682D76F: changes role from      null to FOLLOWER at term 0 for startAsFollower
2023-07-05 13:45:11,467 [bdd24332-ebf5-4592-a5f9-8a3e8f136148-groupManagement] INFO  impl.RoleInfo (RoleInfo.java:updateAndGet(139)) - bdd24332-ebf5-4592-a5f9-8a3e8f136148: start bdd24332-ebf5-4592-a5f9-8a3e8f136148@group-52717682D76F-FollowerState
2023-07-05 13:45:11,467 [bdd24332-ebf5-4592-a5f9-8a3e8f136148@group-52717682D76F-FollowerState] INFO  server.RaftServerConfigKeys (ConfUtils.java:logFallback(53)) - raft.server.rpc.first-election.timeout.min = 5s (fallback to raft.server.rpc.timeout.min)
2023-07-05 13:45:11,467 [bdd24332-ebf5-4592-a5f9-8a3e8f136148-groupManagement] INFO  util.JmxRegister (JmxRegister.java:tryRegister(44)) - Successfully registered JMX Bean with object name Ratis:service=RaftServer,group=group-52717682D76F,id=bdd24332-ebf5-4592-a5f9-8a3e8f136148
2023-07-05 13:45:11,467 [bdd24332-ebf5-4592-a5f9-8a3e8f136148@group-52717682D76F-FollowerState] INFO  server.RaftServerConfigKeys (ConfUtils.java:logFallback(53)) - raft.server.rpc.first-election.timeout.max = 5200ms (fallback to raft.server.rpc.timeout.max)
2023-07-05 13:45:11,467 [bdd24332-ebf5-4592-a5f9-8a3e8f136148-groupManagement] INFO  server.RaftServerConfigKeys (ConfUtils.java:logGet(46)) - raft.server.snapshot.auto.trigger.enabled = true (custom)
2023-07-05 13:45:11,467 [bdd24332-ebf5-4592-a5f9-8a3e8f136148-groupManagement] INFO  server.RaftServerConfigKeys (ConfUtils.java:logGet(46)) - raft.server.snapshot.auto.trigger.threshold = 10000 (custom)
2023-07-05 13:45:11,467 [bdd24332-ebf5-4592-a5f9-8a3e8f136148-groupManagement] INFO  server.RaftServerConfigKeys (ConfUtils.java:logGet(46)) - raft.server.snapshot.retention.file.num = 5 (custom)
2023-07-05 13:45:11,467 [bdd24332-ebf5-4592-a5f9-8a3e8f136148-groupManagement] INFO  server.RaftServerConfigKeys (ConfUtils.java:logGet(46)) - raft.server.log.purge.upto.snapshot.index = false (default)
2023-07-05 13:45:11,468 [PipelineCommandHandlerThread-0] INFO  ratis.XceiverServerRatis (XceiverServerRatis.java:addGroup(804)) - Created group PipelineID=85f8b4c8-ee22-4920-b707-52717682d76f
2023-07-05 13:45:11,468 [PipelineCommandHandlerThread-0] INFO  commandhandler.CreatePipelineCommandHandler (CreatePipelineCommandHandler.java:lambda$handle$2(124)) - Created Pipeline RATIS ONE PipelineID=85f8b4c8-ee22-4920-b707-52717682d76f.
2023-07-05 13:45:11,688 [ReplicationMonitor] INFO  replication.ReplicationManager (ReplicationManager.java:processAll(361)) - Replication Manager is not ready to run until 3000ms after safemode exit
2023-07-05 13:45:12,441 [Time-limited test] INFO  ozone.MiniOzoneClusterImpl (MiniOzoneClusterImpl.java:lambda$waitForClusterToBeReady$0(224)) - Nodes are ready. Got 5 of 5 DN Heartbeats.
2023-07-05 13:45:12,441 [Time-limited test] INFO  ozone.MiniOzoneClusterImpl (MiniOzoneClusterImpl.java:lambda$waitForClusterToBeReady$0(227)) - Waiting for cluster to exit safe mode
2023-07-05 13:45:12,441 [Time-limited test] INFO  ozone.MiniOzoneClusterImpl (MiniOzoneClusterImpl.java:lambda$waitForClusterToBeReady$0(229)) - SCM became leader
2023-07-05 13:45:12,688 [ReplicationMonitor] INFO  replication.ReplicationManager (ReplicationManager.java:processAll(361)) - Replication Manager is not ready to run until 3000ms after safemode exit
2023-07-05 13:45:13,441 [Time-limited test] INFO  ozone.MiniOzoneClusterImpl (MiniOzoneClusterImpl.java:lambda$waitForClusterToBeReady$0(224)) - Nodes are ready. Got 5 of 5 DN Heartbeats.
2023-07-05 13:45:13,441 [Time-limited test] INFO  ozone.MiniOzoneClusterImpl (MiniOzoneClusterImpl.java:lambda$waitForClusterToBeReady$0(227)) - Waiting for cluster to exit safe mode
2023-07-05 13:45:13,441 [Time-limited test] INFO  ozone.MiniOzoneClusterImpl (MiniOzoneClusterImpl.java:lambda$waitForClusterToBeReady$0(229)) - SCM became leader
2023-07-05 13:45:13,688 [ReplicationMonitor] INFO  replication.ReplicationManager (ReplicationManager.java:processAll(361)) - Replication Manager is not ready to run until 3000ms after safemode exit
2023-07-05 13:45:14,442 [Time-limited test] INFO  ozone.MiniOzoneClusterImpl (MiniOzoneClusterImpl.java:lambda$waitForClusterToBeReady$0(224)) - Nodes are ready. Got 5 of 5 DN Heartbeats.
2023-07-05 13:45:14,442 [Time-limited test] INFO  ozone.MiniOzoneClusterImpl (MiniOzoneClusterImpl.java:lambda$waitForClusterToBeReady$0(227)) - Waiting for cluster to exit safe mode
2023-07-05 13:45:14,442 [Time-limited test] INFO  ozone.MiniOzoneClusterImpl (MiniOzoneClusterImpl.java:lambda$waitForClusterToBeReady$0(229)) - SCM became leader
2023-07-05 13:45:14,689 [ReplicationMonitor] INFO  replication.ReplicationManager (ReplicationManager.java:processAll(361)) - Replication Manager is not ready to run until 3000ms after safemode exit
2023-07-05 13:45:15,063 [cf260cd7-cba0-4bd9-b172-726736faca1b@group-05B733B5FA66-FollowerState] INFO  impl.FollowerState (FollowerState.java:run(143)) - cf260cd7-cba0-4bd9-b172-726736faca1b@group-05B733B5FA66-FollowerState: change to CANDIDATE, lastRpcElapsedTime:5036635025ns, electionTimeout:5036ms
2023-07-05 13:45:15,063 [cf260cd7-cba0-4bd9-b172-726736faca1b@group-05B733B5FA66-FollowerState] INFO  impl.RoleInfo (RoleInfo.java:shutdownFollowerState(110)) - cf260cd7-cba0-4bd9-b172-726736faca1b: shutdown cf260cd7-cba0-4bd9-b172-726736faca1b@group-05B733B5FA66-FollowerState
2023-07-05 13:45:15,063 [cf260cd7-cba0-4bd9-b172-726736faca1b@group-05B733B5FA66-FollowerState] INFO  server.RaftServer$Division (RaftServerImpl.java:setRole(329)) - cf260cd7-cba0-4bd9-b172-726736faca1b@group-05B733B5FA66: changes role from  FOLLOWER to CANDIDATE at term 0 for changeToCandidate
2023-07-05 13:45:15,063 [cf260cd7-cba0-4bd9-b172-726736faca1b@group-05B733B5FA66-FollowerState] INFO  server.RaftServerConfigKeys (ConfUtils.java:logGet(46)) - raft.server.leaderelection.pre-vote = true (default)
2023-07-05 13:45:15,064 [cf260cd7-cba0-4bd9-b172-726736faca1b@group-05B733B5FA66-FollowerState] INFO  impl.RoleInfo (RoleInfo.java:updateAndGet(139)) - cf260cd7-cba0-4bd9-b172-726736faca1b: start cf260cd7-cba0-4bd9-b172-726736faca1b@group-05B733B5FA66-LeaderElection55
2023-07-05 13:45:15,068 [cf260cd7-cba0-4bd9-b172-726736faca1b@group-05B733B5FA66-LeaderElection55] INFO  impl.LeaderElection (LeaderElection.java:askForVotes(321)) - cf260cd7-cba0-4bd9-b172-726736faca1b@group-05B733B5FA66-LeaderElection55 PRE_VOTE round 0: submit vote requests at term 0 for -1: peers:[cf260cd7-cba0-4bd9-b172-726736faca1b|rpc:10.1.0.13:15279|admin:10.1.0.13:15278|client:10.1.0.13:15277|dataStream:10.1.0.13:15280|priority:1|startupRole:FOLLOWER]|listeners:[], old=null
2023-07-05 13:45:15,068 [cf260cd7-cba0-4bd9-b172-726736faca1b@group-05B733B5FA66-LeaderElection55] INFO  impl.LeaderElection (LeaderElection.java:askForVotes(323)) - cf260cd7-cba0-4bd9-b172-726736faca1b@group-05B733B5FA66-LeaderElection55 PRE_VOTE round 0: result PASSED (term=0)
2023-07-05 13:45:15,070 [cf260cd7-cba0-4bd9-b172-726736faca1b@group-05B733B5FA66-LeaderElection55] INFO  impl.LeaderElection (LeaderElection.java:askForVotes(321)) - cf260cd7-cba0-4bd9-b172-726736faca1b@group-05B733B5FA66-LeaderElection55 ELECTION round 0: submit vote requests at term 1 for -1: peers:[cf260cd7-cba0-4bd9-b172-726736faca1b|rpc:10.1.0.13:15279|admin:10.1.0.13:15278|client:10.1.0.13:15277|dataStream:10.1.0.13:15280|priority:1|startupRole:FOLLOWER]|listeners:[], old=null
2023-07-05 13:45:15,070 [cf260cd7-cba0-4bd9-b172-726736faca1b@group-05B733B5FA66-LeaderElection55] INFO  impl.LeaderElection (LeaderElection.java:askForVotes(323)) - cf260cd7-cba0-4bd9-b172-726736faca1b@group-05B733B5FA66-LeaderElection55 ELECTION round 0: result PASSED (term=1)
2023-07-05 13:45:15,071 [cf260cd7-cba0-4bd9-b172-726736faca1b@group-05B733B5FA66-LeaderElection55] INFO  impl.RoleInfo (RoleInfo.java:shutdownLeaderElection(130)) - cf260cd7-cba0-4bd9-b172-726736faca1b: shutdown cf260cd7-cba0-4bd9-b172-726736faca1b@group-05B733B5FA66-LeaderElection55
2023-07-05 13:45:15,071 [cf260cd7-cba0-4bd9-b172-726736faca1b@group-05B733B5FA66-LeaderElection55] INFO  server.RaftServer$Division (RaftServerImpl.java:setRole(329)) - cf260cd7-cba0-4bd9-b172-726736faca1b@group-05B733B5FA66: changes role from CANDIDATE to LEADER at term 1 for changeToLeader
2023-07-05 13:45:15,071 [cf260cd7-cba0-4bd9-b172-726736faca1b@group-05B733B5FA66-LeaderElection55] INFO  ratis.XceiverServerRatis (XceiverServerRatis.java:handleLeaderChangedNotification(902)) - Leader change notification received for group: group-05B733B5FA66 with new leaderId: cf260cd7-cba0-4bd9-b172-726736faca1b
2023-07-05 13:45:15,071 [cf260cd7-cba0-4bd9-b172-726736faca1b@group-05B733B5FA66-LeaderElection55] INFO  server.RaftServer$Division (ServerState.java:setLeader(317)) - cf260cd7-cba0-4bd9-b172-726736faca1b@group-05B733B5FA66: change Leader from null to cf260cd7-cba0-4bd9-b172-726736faca1b at term 1 for becomeLeader, leader elected after 5065ms
2023-07-05 13:45:15,071 [cf260cd7-cba0-4bd9-b172-726736faca1b@group-05B733B5FA66-LeaderElection55] INFO  server.RaftServerConfigKeys (ConfUtils.java:logGet(46)) - raft.server.staging.catchup.gap = 1000 (default)
2023-07-05 13:45:15,071 [cf260cd7-cba0-4bd9-b172-726736faca1b@group-05B733B5FA66-LeaderElection55] INFO  server.RaftServerConfigKeys (ConfUtils.java:logGet(46)) - raft.server.write.element-limit = 1024 (custom)
2023-07-05 13:45:15,071 [cf260cd7-cba0-4bd9-b172-726736faca1b@group-05B733B5FA66-LeaderElection55] INFO  server.RaftServerConfigKeys (ConfUtils.java:logGet(46)) - raft.server.write.byte-limit = 1024 M (=1073741824) (custom)
2023-07-05 13:45:15,071 [cf260cd7-cba0-4bd9-b172-726736faca1b@group-05B733B5FA66-LeaderElection55] INFO  server.RaftServerConfigKeys (ConfUtils.java:logGet(46)) - raft.server.watch.timeout = 180s (custom)
2023-07-05 13:45:15,071 [cf260cd7-cba0-4bd9-b172-726736faca1b@group-05B733B5FA66-LeaderElection55] INFO  server.RaftServerConfigKeys (ConfUtils.java:logGet(46)) - raft.server.watch.timeout.denomination = 1s (default)
2023-07-05 13:45:15,071 [cf260cd7-cba0-4bd9-b172-726736faca1b@group-05B733B5FA66-LeaderElection55] INFO  server.RaftServerConfigKeys (ConfUtils.java:logGet(46)) - raft.server.watch.element-limit = 65536 (default)
2023-07-05 13:45:15,072 [cf260cd7-cba0-4bd9-b172-726736faca1b@group-05B733B5FA66-LeaderElection55] INFO  server.RaftServerConfigKeys (ConfUtils.java:logGet(46)) - raft.server.write.element-limit = 1024 (custom)
2023-07-05 13:45:15,072 [cf260cd7-cba0-4bd9-b172-726736faca1b@group-05B733B5FA66-LeaderElection55] INFO  server.RaftServerConfigKeys (ConfUtils.java:logGet(46)) - raft.server.write.follower.gap.ratio.max = -1.0 (default)
2023-07-05 13:45:15,072 [cf260cd7-cba0-4bd9-b172-726736faca1b@group-05B733B5FA66-LeaderElection55] INFO  impl.RoleInfo (RoleInfo.java:updateAndGet(139)) - cf260cd7-cba0-4bd9-b172-726736faca1b: start cf260cd7-cba0-4bd9-b172-726736faca1b@group-05B733B5FA66-LeaderStateImpl
2023-07-05 13:45:15,072 [cf260cd7-cba0-4bd9-b172-726736faca1b@group-05B733B5FA66-LeaderElection55] INFO  segmented.SegmentedRaftLogWorker (SegmentedRaftLogWorker.java:startLogSegment(447)) - cf260cd7-cba0-4bd9-b172-726736faca1b@group-05B733B5FA66-SegmentedRaftLogWorker: Starting segment from index:0
2023-07-05 13:45:15,072 [EventQueue-OpenPipelineForHealthyPipelineSafeModeRule] INFO  safemode.SCMSafeModeManager (HealthyPipelineSafeModeRule.java:process(137)) - SCM in safe mode. Healthy pipelines reported count is 0, required healthy pipeline reported count is 1
2023-07-05 13:45:15,074 [cf260cd7-cba0-4bd9-b172-726736faca1b@group-05B733B5FA66-LeaderElection55] INFO  server.RaftServer$Division (ServerState.java:setRaftConf(434)) - cf260cd7-cba0-4bd9-b172-726736faca1b@group-05B733B5FA66: set configuration 0: peers:[cf260cd7-cba0-4bd9-b172-726736faca1b|rpc:10.1.0.13:15279|admin:10.1.0.13:15278|client:10.1.0.13:15277|dataStream:10.1.0.13:15280|priority:1|startupRole:FOLLOWER]|listeners:[], old=null
2023-07-05 13:45:15,074 [cf260cd7-cba0-4bd9-b172-726736faca1b@group-05B733B5FA66-SegmentedRaftLogWorker] INFO  segmented.SegmentedRaftLogWorker (SegmentedRaftLogWorker.java:execute(651)) - cf260cd7-cba0-4bd9-b172-726736faca1b@group-05B733B5FA66-SegmentedRaftLogWorker: created new log segment /home/runner/work/ozone/ozone/hadoop-ozone/integration-test/target/test-dir/MiniOzoneClusterImpl-b87fbc93-14ec-4c7b-9414-fd1969dd8eca/datanode-0/data/ratis/ff0d3d46-5d3a-4d90-a656-05b733b5fa66/current/log_inprogress_0
2023-07-05 13:45:15,091 [cf260cd7-cba0-4bd9-b172-726736faca1b@group-BF2A86E0FEFA-FollowerState] INFO  impl.FollowerState (FollowerState.java:run(143)) - cf260cd7-cba0-4bd9-b172-726736faca1b@group-BF2A86E0FEFA-FollowerState: change to CANDIDATE, lastRpcElapsedTime:5048659420ns, electionTimeout:5048ms
2023-07-05 13:45:15,091 [cf260cd7-cba0-4bd9-b172-726736faca1b@group-BF2A86E0FEFA-FollowerState] INFO  impl.RoleInfo (RoleInfo.java:shutdownFollowerState(110)) - cf260cd7-cba0-4bd9-b172-726736faca1b: shutdown cf260cd7-cba0-4bd9-b172-726736faca1b@group-BF2A86E0FEFA-FollowerState
2023-07-05 13:45:15,091 [cf260cd7-cba0-4bd9-b172-726736faca1b@group-BF2A86E0FEFA-FollowerState] INFO  server.RaftServer$Division (RaftServerImpl.java:setRole(329)) - cf260cd7-cba0-4bd9-b172-726736faca1b@group-BF2A86E0FEFA: changes role from  FOLLOWER to CANDIDATE at term 0 for changeToCandidate
2023-07-05 13:45:15,091 [cf260cd7-cba0-4bd9-b172-726736faca1b@group-BF2A86E0FEFA-FollowerState] INFO  server.RaftServerConfigKeys (ConfUtils.java:logGet(46)) - raft.server.leaderelection.pre-vote = true (default)
2023-07-05 13:45:15,091 [cf260cd7-cba0-4bd9-b172-726736faca1b@group-BF2A86E0FEFA-FollowerState] INFO  impl.RoleInfo (RoleInfo.java:updateAndGet(139)) - cf260cd7-cba0-4bd9-b172-726736faca1b: start cf260cd7-cba0-4bd9-b172-726736faca1b@group-BF2A86E0FEFA-LeaderElection56
2023-07-05 13:45:15,093 [cf260cd7-cba0-4bd9-b172-726736faca1b@group-BF2A86E0FEFA-LeaderElection56] INFO  impl.LeaderElection (LeaderElection.java:askForVotes(321)) - cf260cd7-cba0-4bd9-b172-726736faca1b@group-BF2A86E0FEFA-LeaderElection56 PRE_VOTE round 0: submit vote requests at term 0 for -1: peers:[eea920e5-eed2-4ccd-b274-7d8a7cd1384a|rpc:10.1.0.13:15297|admin:10.1.0.13:15296|client:10.1.0.13:15295|dataStream:10.1.0.13:15298|priority:1|startupRole:FOLLOWER, cf260cd7-cba0-4bd9-b172-726736faca1b|rpc:10.1.0.13:15279|admin:10.1.0.13:15278|client:10.1.0.13:15277|dataStream:10.1.0.13:15280|priority:0|startupRole:FOLLOWER, b469f820-ca6e-4614-936b-d267e952ce44|rpc:10.1.0.13:15288|admin:10.1.0.13:15287|client:10.1.0.13:15286|dataStream:10.1.0.13:15289|priority:0|startupRole:FOLLOWER]|listeners:[], old=null
2023-07-05 13:45:15,093 [cf260cd7-cba0-4bd9-b172-726736faca1b@group-BF2A86E0FEFA-LeaderElection56-1] INFO  server.GrpcServerProtocolClient (GrpcServerProtocolClient.java:<init>(65)) - Build channel for eea920e5-eed2-4ccd-b274-7d8a7cd1384a
2023-07-05 13:45:15,097 [cf260cd7-cba0-4bd9-b172-726736faca1b@group-BF2A86E0FEFA-LeaderElection56] INFO  server.RaftServerConfigKeys (ConfUtils.java:logFallback(53)) - raft.server.rpc.first-election.timeout.min = 5s (fallback to raft.server.rpc.timeout.min)
2023-07-05 13:45:15,097 [cf260cd7-cba0-4bd9-b172-726736faca1b@group-BF2A86E0FEFA-LeaderElection56] INFO  server.RaftServerConfigKeys (ConfUtils.java:logFallback(53)) - raft.server.rpc.first-election.timeout.max = 5200ms (fallback to raft.server.rpc.timeout.max)
2023-07-05 13:45:15,097 [cf260cd7-cba0-4bd9-b172-726736faca1b@group-BF2A86E0FEFA-LeaderElection56-2] INFO  server.GrpcServerProtocolClient (GrpcServerProtocolClient.java:<init>(65)) - Build channel for b469f820-ca6e-4614-936b-d267e952ce44
2023-07-05 13:45:15,099 [grpc-default-executor-0] INFO  server.RaftServer$Division (RaftServerImpl.java:requestVote(1302)) - eea920e5-eed2-4ccd-b274-7d8a7cd1384a@group-BF2A86E0FEFA: receive requestVote(PRE_VOTE, cf260cd7-cba0-4bd9-b172-726736faca1b, group-BF2A86E0FEFA, 0, (t:0, i:0))
2023-07-05 13:45:15,100 [grpc-default-executor-0] INFO  impl.VoteContext (VoteContext.java:log(49)) - eea920e5-eed2-4ccd-b274-7d8a7cd1384a@group-BF2A86E0FEFA-FOLLOWER: reject PRE_VOTE from cf260cd7-cba0-4bd9-b172-726736faca1b: our priority 1 > candidate's priority 0
2023-07-05 13:45:15,100 [grpc-default-executor-0] INFO  server.RaftServer$Division (RaftServerImpl.java:requestVote(1335)) - eea920e5-eed2-4ccd-b274-7d8a7cd1384a@group-BF2A86E0FEFA replies to PRE_VOTE vote request: cf260cd7-cba0-4bd9-b172-726736faca1b<-eea920e5-eed2-4ccd-b274-7d8a7cd1384a#0:FAIL-t0. Peer's state: eea920e5-eed2-4ccd-b274-7d8a7cd1384a@group-BF2A86E0FEFA:t0, leader=null, voted=, raftlog=Memoized:eea920e5-eed2-4ccd-b274-7d8a7cd1384a@group-BF2A86E0FEFA-SegmentedRaftLog:OPENED:c-1, conf=-1: peers:[eea920e5-eed2-4ccd-b274-7d8a7cd1384a|rpc:10.1.0.13:15297|admin:10.1.0.13:15296|client:10.1.0.13:15295|dataStream:10.1.0.13:15298|priority:1|startupRole:FOLLOWER, cf260cd7-cba0-4bd9-b172-726736faca1b|rpc:10.1.0.13:15279|admin:10.1.0.13:15278|client:10.1.0.13:15277|dataStream:10.1.0.13:15280|priority:0|startupRole:FOLLOWER, b469f820-ca6e-4614-936b-d267e952ce44|rpc:10.1.0.13:15288|admin:10.1.0.13:15287|client:10.1.0.13:15286|dataStream:10.1.0.13:15289|priority:0|startupRole:FOLLOWER]|listeners:[], old=null
2023-07-05 13:45:15,102 [cf260cd7-cba0-4bd9-b172-726736faca1b@group-BF2A86E0FEFA-LeaderElection56] INFO  impl.LeaderElection (LeaderElection.java:logAndReturn(90)) - cf260cd7-cba0-4bd9-b172-726736faca1b@group-BF2A86E0FEFA-LeaderElection56: PRE_VOTE REJECTED received 1 response(s) and 0 exception(s):
2023-07-05 13:45:15,102 [cf260cd7-cba0-4bd9-b172-726736faca1b@group-BF2A86E0FEFA-LeaderElection56] INFO  impl.LeaderElection (LeaderElection.java:logAndReturn(94)) -   Response 0: cf260cd7-cba0-4bd9-b172-726736faca1b<-eea920e5-eed2-4ccd-b274-7d8a7cd1384a#0:FAIL-t0
2023-07-05 13:45:15,102 [cf260cd7-cba0-4bd9-b172-726736faca1b@group-BF2A86E0FEFA-LeaderElection56] INFO  impl.LeaderElection (LeaderElection.java:askForVotes(323)) - cf260cd7-cba0-4bd9-b172-726736faca1b@group-BF2A86E0FEFA-LeaderElection56 PRE_VOTE round 0: result REJECTED
2023-07-05 13:45:15,102 [cf260cd7-cba0-4bd9-b172-726736faca1b@group-BF2A86E0FEFA-LeaderElection56] INFO  server.RaftServer$Division (RaftServerImpl.java:setRole(329)) - cf260cd7-cba0-4bd9-b172-726736faca1b@group-BF2A86E0FEFA: changes role from CANDIDATE to FOLLOWER at term 0 for REJECTED
2023-07-05 13:45:15,102 [cf260cd7-cba0-4bd9-b172-726736faca1b@group-BF2A86E0FEFA-LeaderElection56] INFO  impl.RoleInfo (RoleInfo.java:shutdownLeaderElection(130)) - cf260cd7-cba0-4bd9-b172-726736faca1b: shutdown cf260cd7-cba0-4bd9-b172-726736faca1b@group-BF2A86E0FEFA-LeaderElection56
2023-07-05 13:45:15,102 [cf260cd7-cba0-4bd9-b172-726736faca1b@group-BF2A86E0FEFA-LeaderElection56] INFO  impl.RoleInfo (RoleInfo.java:updateAndGet(139)) - cf260cd7-cba0-4bd9-b172-726736faca1b: start cf260cd7-cba0-4bd9-b172-726736faca1b@group-BF2A86E0FEFA-FollowerState
2023-07-05 13:45:15,106 [grpc-default-executor-0] INFO  server.RaftServer$Division (RaftServerImpl.java:requestVote(1302)) - b469f820-ca6e-4614-936b-d267e952ce44@group-BF2A86E0FEFA: receive requestVote(PRE_VOTE, cf260cd7-cba0-4bd9-b172-726736faca1b, group-BF2A86E0FEFA, 0, (t:0, i:0))
2023-07-05 13:45:15,106 [grpc-default-executor-0] INFO  impl.VoteContext (VoteContext.java:log(49)) - b469f820-ca6e-4614-936b-d267e952ce44@group-BF2A86E0FEFA-FOLLOWER: accept PRE_VOTE from cf260cd7-cba0-4bd9-b172-726736faca1b: our priority 0 <= candidate's priority 0
2023-07-05 13:45:15,106 [grpc-default-executor-0] INFO  server.RaftServer$Division (RaftServerImpl.java:requestVote(1335)) - b469f820-ca6e-4614-936b-d267e952ce44@group-BF2A86E0FEFA replies to PRE_VOTE vote request: cf260cd7-cba0-4bd9-b172-726736faca1b<-b469f820-ca6e-4614-936b-d267e952ce44#0:OK-t0. Peer's state: b469f820-ca6e-4614-936b-d267e952ce44@group-BF2A86E0FEFA:t0, leader=null, voted=, raftlog=Memoized:b469f820-ca6e-4614-936b-d267e952ce44@group-BF2A86E0FEFA-SegmentedRaftLog:OPENED:c-1, conf=-1: peers:[eea920e5-eed2-4ccd-b274-7d8a7cd1384a|rpc:10.1.0.13:15297|admin:10.1.0.13:15296|client:10.1.0.13:15295|dataStream:10.1.0.13:15298|priority:1|startupRole:FOLLOWER, cf260cd7-cba0-4bd9-b172-726736faca1b|rpc:10.1.0.13:15279|admin:10.1.0.13:15278|client:10.1.0.13:15277|dataStream:10.1.0.13:15280|priority:0|startupRole:FOLLOWER, b469f820-ca6e-4614-936b-d267e952ce44|rpc:10.1.0.13:15288|admin:10.1.0.13:15287|client:10.1.0.13:15286|dataStream:10.1.0.13:15289|priority:0|startupRole:FOLLOWER]|listeners:[], old=null
2023-07-05 13:45:15,189 [cf260cd7-cba0-4bd9-b172-726736faca1b@group-1522C8774158-FollowerState] INFO  impl.FollowerState (FollowerState.java:run(143)) - cf260cd7-cba0-4bd9-b172-726736faca1b@group-1522C8774158-FollowerState: change to CANDIDATE, lastRpcElapsedTime:5035614514ns, electionTimeout:5035ms
2023-07-05 13:45:15,189 [cf260cd7-cba0-4bd9-b172-726736faca1b@group-1522C8774158-FollowerState] INFO  impl.RoleInfo (RoleInfo.java:shutdownFollowerState(110)) - cf260cd7-cba0-4bd9-b172-726736faca1b: shutdown cf260cd7-cba0-4bd9-b172-726736faca1b@group-1522C8774158-FollowerState
2023-07-05 13:45:15,189 [cf260cd7-cba0-4bd9-b172-726736faca1b@group-1522C8774158-FollowerState] INFO  server.RaftServer$Division (RaftServerImpl.java:setRole(329)) - cf260cd7-cba0-4bd9-b172-726736faca1b@group-1522C8774158: changes role from  FOLLOWER to CANDIDATE at term 0 for changeToCandidate
2023-07-05 13:45:15,189 [cf260cd7-cba0-4bd9-b172-726736faca1b@group-1522C8774158-FollowerState] INFO  server.RaftServerConfigKeys (ConfUtils.java:logGet(46)) - raft.server.leaderelection.pre-vote = true (default)
2023-07-05 13:45:15,189 [cf260cd7-cba0-4bd9-b172-726736faca1b@group-1522C8774158-FollowerState] INFO  impl.RoleInfo (RoleInfo.java:updateAndGet(139)) - cf260cd7-cba0-4bd9-b172-726736faca1b: start cf260cd7-cba0-4bd9-b172-726736faca1b@group-1522C8774158-LeaderElection57
2023-07-05 13:45:15,192 [cf260cd7-cba0-4bd9-b172-726736faca1b@group-1522C8774158-LeaderElection57] INFO  impl.LeaderElection (LeaderElection.java:askForVotes(321)) - cf260cd7-cba0-4bd9-b172-726736faca1b@group-1522C8774158-LeaderElection57 PRE_VOTE round 0: submit vote requests at term 0 for -1: peers:[eea920e5-eed2-4ccd-b274-7d8a7cd1384a|rpc:10.1.0.13:15297|admin:10.1.0.13:15296|client:10.1.0.13:15295|dataStream:10.1.0.13:15298|priority:0|startupRole:FOLLOWER, cf260cd7-cba0-4bd9-b172-726736faca1b|rpc:10.1.0.13:15279|admin:10.1.0.13:15278|client:10.1.0.13:15277|dataStream:10.1.0.13:15280|priority:0|startupRole:FOLLOWER, b469f820-ca6e-4614-936b-d267e952ce44|rpc:10.1.0.13:15288|admin:10.1.0.13:15287|client:10.1.0.13:15286|dataStream:10.1.0.13:15289|priority:1|startupRole:FOLLOWER]|listeners:[], old=null
2023-07-05 13:45:15,193 [cf260cd7-cba0-4bd9-b172-726736faca1b@group-1522C8774158-LeaderElection57] INFO  server.RaftServerConfigKeys (ConfUtils.java:logFallback(53)) - raft.server.rpc.first-election.timeout.min = 5s (fallback to raft.server.rpc.timeout.min)
2023-07-05 13:45:15,193 [cf260cd7-cba0-4bd9-b172-726736faca1b@group-1522C8774158-LeaderElection57] INFO  server.RaftServerConfigKeys (ConfUtils.java:logFallback(53)) - raft.server.rpc.first-election.timeout.max = 5200ms (fallback to raft.server.rpc.timeout.max)
2023-07-05 13:45:15,194 [grpc-default-executor-0] INFO  server.RaftServer$Division (RaftServerImpl.java:requestVote(1302)) - b469f820-ca6e-4614-936b-d267e952ce44@group-1522C8774158: receive requestVote(PRE_VOTE, cf260cd7-cba0-4bd9-b172-726736faca1b, group-1522C8774158, 0, (t:0, i:0))
2023-07-05 13:45:15,194 [grpc-default-executor-0] INFO  impl.VoteContext (VoteContext.java:log(49)) - b469f820-ca6e-4614-936b-d267e952ce44@group-1522C8774158-FOLLOWER: reject PRE_VOTE from cf260cd7-cba0-4bd9-b172-726736faca1b: our priority 1 > candidate's priority 0
2023-07-05 13:45:15,195 [grpc-default-executor-0] INFO  server.RaftServer$Division (RaftServerImpl.java:requestVote(1335)) - b469f820-ca6e-4614-936b-d267e952ce44@group-1522C8774158 replies to PRE_VOTE vote request: cf260cd7-cba0-4bd9-b172-726736faca1b<-b469f820-ca6e-4614-936b-d267e952ce44#0:FAIL-t0. Peer's state: b469f820-ca6e-4614-936b-d267e952ce44@group-1522C8774158:t0, leader=null, voted=, raftlog=Memoized:b469f820-ca6e-4614-936b-d267e952ce44@group-1522C8774158-SegmentedRaftLog:OPENED:c-1, conf=-1: peers:[eea920e5-eed2-4ccd-b274-7d8a7cd1384a|rpc:10.1.0.13:15297|admin:10.1.0.13:15296|client:10.1.0.13:15295|dataStream:10.1.0.13:15298|priority:0|startupRole:FOLLOWER, cf260cd7-cba0-4bd9-b172-726736faca1b|rpc:10.1.0.13:15279|admin:10.1.0.13:15278|client:10.1.0.13:15277|dataStream:10.1.0.13:15280|priority:0|startupRole:FOLLOWER, b469f820-ca6e-4614-936b-d267e952ce44|rpc:10.1.0.13:15288|admin:10.1.0.13:15287|client:10.1.0.13:15286|dataStream:10.1.0.13:15289|priority:1|startupRole:FOLLOWER]|listeners:[], old=null
2023-07-05 13:45:15,196 [grpc-default-executor-0] INFO  server.RaftServer$Division (RaftServerImpl.java:requestVote(1302)) - eea920e5-eed2-4ccd-b274-7d8a7cd1384a@group-1522C8774158: receive requestVote(PRE_VOTE, cf260cd7-cba0-4bd9-b172-726736faca1b, group-1522C8774158, 0, (t:0, i:0))
2023-07-05 13:45:15,196 [grpc-default-executor-0] INFO  impl.VoteContext (VoteContext.java:log(49)) - eea920e5-eed2-4ccd-b274-7d8a7cd1384a@group-1522C8774158-FOLLOWER: accept PRE_VOTE from cf260cd7-cba0-4bd9-b172-726736faca1b: our priority 0 <= candidate's priority 0
2023-07-05 13:45:15,196 [grpc-default-executor-0] INFO  server.RaftServer$Division (RaftServerImpl.java:requestVote(1335)) - eea920e5-eed2-4ccd-b274-7d8a7cd1384a@group-1522C8774158 replies to PRE_VOTE vote request: cf260cd7-cba0-4bd9-b172-726736faca1b<-eea920e5-eed2-4ccd-b274-7d8a7cd1384a#0:OK-t0. Peer's state: eea920e5-eed2-4ccd-b274-7d8a7cd1384a@group-1522C8774158:t0, leader=null, voted=, raftlog=Memoized:eea920e5-eed2-4ccd-b274-7d8a7cd1384a@group-1522C8774158-SegmentedRaftLog:OPENED:c-1, conf=-1: peers:[eea920e5-eed2-4ccd-b274-7d8a7cd1384a|rpc:10.1.0.13:15297|admin:10.1.0.13:15296|client:10.1.0.13:15295|dataStream:10.1.0.13:15298|priority:0|startupRole:FOLLOWER, cf260cd7-cba0-4bd9-b172-726736faca1b|rpc:10.1.0.13:15279|admin:10.1.0.13:15278|client:10.1.0.13:15277|dataStream:10.1.0.13:15280|priority:0|startupRole:FOLLOWER, b469f820-ca6e-4614-936b-d267e952ce44|rpc:10.1.0.13:15288|admin:10.1.0.13:15287|client:10.1.0.13:15286|dataStream:10.1.0.13:15289|priority:1|startupRole:FOLLOWER]|listeners:[], old=null
2023-07-05 13:45:15,197 [cf260cd7-cba0-4bd9-b172-726736faca1b@group-1522C8774158-LeaderElection57] INFO  impl.LeaderElection (LeaderElection.java:logAndReturn(90)) - cf260cd7-cba0-4bd9-b172-726736faca1b@group-1522C8774158-LeaderElection57: PRE_VOTE REJECTED received 1 response(s) and 0 exception(s):
2023-07-05 13:45:15,197 [cf260cd7-cba0-4bd9-b172-726736faca1b@group-1522C8774158-LeaderElection57] INFO  impl.LeaderElection (LeaderElection.java:logAndReturn(94)) -   Response 0: cf260cd7-cba0-4bd9-b172-726736faca1b<-b469f820-ca6e-4614-936b-d267e952ce44#0:FAIL-t0
2023-07-05 13:45:15,197 [cf260cd7-cba0-4bd9-b172-726736faca1b@group-1522C8774158-LeaderElection57] INFO  impl.LeaderElection (LeaderElection.java:askForVotes(323)) - cf260cd7-cba0-4bd9-b172-726736faca1b@group-1522C8774158-LeaderElection57 PRE_VOTE round 0: result REJECTED
2023-07-05 13:45:15,197 [cf260cd7-cba0-4bd9-b172-726736faca1b@group-1522C8774158-LeaderElection57] INFO  server.RaftServer$Division (RaftServerImpl.java:setRole(329)) - cf260cd7-cba0-4bd9-b172-726736faca1b@group-1522C8774158: changes role from CANDIDATE to FOLLOWER at term 0 for REJECTED
2023-07-05 13:45:15,197 [cf260cd7-cba0-4bd9-b172-726736faca1b@group-1522C8774158-LeaderElection57] INFO  impl.RoleInfo (RoleInfo.java:shutdownLeaderElection(130)) - cf260cd7-cba0-4bd9-b172-726736faca1b: shutdown cf260cd7-cba0-4bd9-b172-726736faca1b@group-1522C8774158-LeaderElection57
2023-07-05 13:45:15,197 [cf260cd7-cba0-4bd9-b172-726736faca1b@group-1522C8774158-LeaderElection57] INFO  impl.RoleInfo (RoleInfo.java:updateAndGet(139)) - cf260cd7-cba0-4bd9-b172-726736faca1b: start cf260cd7-cba0-4bd9-b172-726736faca1b@group-1522C8774158-FollowerState
2023-07-05 13:45:15,230 [eea920e5-eed2-4ccd-b274-7d8a7cd1384a@group-BF2A86E0FEFA-FollowerState] INFO  impl.FollowerState (FollowerState.java:run(143)) - eea920e5-eed2-4ccd-b274-7d8a7cd1384a@group-BF2A86E0FEFA-FollowerState: change to CANDIDATE, lastRpcElapsedTime:5153658962ns, electionTimeout:5151ms
2023-07-05 13:45:15,230 [eea920e5-eed2-4ccd-b274-7d8a7cd1384a@group-BF2A86E0FEFA-FollowerState] INFO  impl.RoleInfo (RoleInfo.java:shutdownFollowerState(110)) - eea920e5-eed2-4ccd-b274-7d8a7cd1384a: shutdown eea920e5-eed2-4ccd-b274-7d8a7cd1384a@group-BF2A86E0FEFA-FollowerState
2023-07-05 13:45:15,231 [eea920e5-eed2-4ccd-b274-7d8a7cd1384a@group-BF2A86E0FEFA-FollowerState] INFO  server.RaftServer$Division (RaftServerImpl.java:setRole(329)) - eea920e5-eed2-4ccd-b274-7d8a7cd1384a@group-BF2A86E0FEFA: changes role from  FOLLOWER to CANDIDATE at term 0 for changeToCandidate
2023-07-05 13:45:15,231 [eea920e5-eed2-4ccd-b274-7d8a7cd1384a@group-BF2A86E0FEFA-FollowerState] INFO  server.RaftServerConfigKeys (ConfUtils.java:logGet(46)) - raft.server.leaderelection.pre-vote = true (default)
2023-07-05 13:45:15,231 [eea920e5-eed2-4ccd-b274-7d8a7cd1384a@group-BF2A86E0FEFA-FollowerState] INFO  impl.RoleInfo (RoleInfo.java:updateAndGet(139)) - eea920e5-eed2-4ccd-b274-7d8a7cd1384a: start eea920e5-eed2-4ccd-b274-7d8a7cd1384a@group-BF2A86E0FEFA-LeaderElection58
2023-07-05 13:45:15,237 [eea920e5-eed2-4ccd-b274-7d8a7cd1384a@group-BF2A86E0FEFA-LeaderElection58] INFO  impl.LeaderElection (LeaderElection.java:askForVotes(321)) - eea920e5-eed2-4ccd-b274-7d8a7cd1384a@group-BF2A86E0FEFA-LeaderElection58 PRE_VOTE round 0: submit vote requests at term 0 for -1: peers:[eea920e5-eed2-4ccd-b274-7d8a7cd1384a|rpc:10.1.0.13:15297|admin:10.1.0.13:15296|client:10.1.0.13:15295|dataStream:10.1.0.13:15298|priority:1|startupRole:FOLLOWER, cf260cd7-cba0-4bd9-b172-726736faca1b|rpc:10.1.0.13:15279|admin:10.1.0.13:15278|client:10.1.0.13:15277|dataStream:10.1.0.13:15280|priority:0|startupRole:FOLLOWER, b469f820-ca6e-4614-936b-d267e952ce44|rpc:10.1.0.13:15288|admin:10.1.0.13:15287|client:10.1.0.13:15286|dataStream:10.1.0.13:15289|priority:0|startupRole:FOLLOWER]|listeners:[], old=null
2023-07-05 13:45:15,237 [eea920e5-eed2-4ccd-b274-7d8a7cd1384a@group-BF2A86E0FEFA-LeaderElection58] INFO  server.RaftServerConfigKeys (ConfUtils.java:logFallback(53)) - raft.server.rpc.first-election.timeout.min = 5s (fallback to raft.server.rpc.timeout.min)
2023-07-05 13:45:15,237 [eea920e5-eed2-4ccd-b274-7d8a7cd1384a@group-BF2A86E0FEFA-LeaderElection58-1] INFO  server.GrpcServerProtocolClient (GrpcServerProtocolClient.java:<init>(65)) - Build channel for cf260cd7-cba0-4bd9-b172-726736faca1b
2023-07-05 13:45:15,237 [eea920e5-eed2-4ccd-b274-7d8a7cd1384a@group-BF2A86E0FEFA-LeaderElection58] INFO  server.RaftServerConfigKeys (ConfUtils.java:logFallback(53)) - raft.server.rpc.first-election.timeout.max = 5200ms (fallback to raft.server.rpc.timeout.max)
2023-07-05 13:45:15,238 [eea920e5-eed2-4ccd-b274-7d8a7cd1384a@group-BF2A86E0FEFA-LeaderElection58-2] INFO  server.GrpcServerProtocolClient (GrpcServerProtocolClient.java:<init>(65)) - Build channel for b469f820-ca6e-4614-936b-d267e952ce44
2023-07-05 13:45:15,245 [grpc-default-executor-0] INFO  server.RaftServer$Division (RaftServerImpl.java:requestVote(1302)) - cf260cd7-cba0-4bd9-b172-726736faca1b@group-BF2A86E0FEFA: receive requestVote(PRE_VOTE, eea920e5-eed2-4ccd-b274-7d8a7cd1384a, group-BF2A86E0FEFA, 0, (t:0, i:0))
2023-07-05 13:45:15,245 [grpc-default-executor-0] INFO  impl.VoteContext (VoteContext.java:log(49)) - cf260cd7-cba0-4bd9-b172-726736faca1b@group-BF2A86E0FEFA-FOLLOWER: accept PRE_VOTE from eea920e5-eed2-4ccd-b274-7d8a7cd1384a: our priority 0 <= candidate's priority 1
2023-07-05 13:45:15,245 [grpc-default-executor-1] INFO  server.RaftServer$Division (RaftServerImpl.java:requestVote(1302)) - b469f820-ca6e-4614-936b-d267e952ce44@group-BF2A86E0FEFA: receive requestVote(PRE_VOTE, eea920e5-eed2-4ccd-b274-7d8a7cd1384a, group-BF2A86E0FEFA, 0, (t:0, i:0))
2023-07-05 13:45:15,245 [grpc-default-executor-0] INFO  server.RaftServer$Division (RaftServerImpl.java:requestVote(1335)) - cf260cd7-cba0-4bd9-b172-726736faca1b@group-BF2A86E0FEFA replies to PRE_VOTE vote request: eea920e5-eed2-4ccd-b274-7d8a7cd1384a<-cf260cd7-cba0-4bd9-b172-726736faca1b#0:OK-t0. Peer's state: cf260cd7-cba0-4bd9-b172-726736faca1b@group-BF2A86E0FEFA:t0, leader=null, voted=, raftlog=Memoized:cf260cd7-cba0-4bd9-b172-726736faca1b@group-BF2A86E0FEFA-SegmentedRaftLog:OPENED:c-1, conf=-1: peers:[eea920e5-eed2-4ccd-b274-7d8a7cd1384a|rpc:10.1.0.13:15297|admin:10.1.0.13:15296|client:10.1.0.13:15295|dataStream:10.1.0.13:15298|priority:1|startupRole:FOLLOWER, cf260cd7-cba0-4bd9-b172-726736faca1b|rpc:10.1.0.13:15279|admin:10.1.0.13:15278|client:10.1.0.13:15277|dataStream:10.1.0.13:15280|priority:0|startupRole:FOLLOWER, b469f820-ca6e-4614-936b-d267e952ce44|rpc:10.1.0.13:15288|admin:10.1.0.13:15287|client:10.1.0.13:15286|dataStream:10.1.0.13:15289|priority:0|startupRole:FOLLOWER]|listeners:[], old=null
2023-07-05 13:45:15,246 [grpc-default-executor-1] INFO  impl.VoteContext (VoteContext.java:log(49)) - b469f820-ca6e-4614-936b-d267e952ce44@group-BF2A86E0FEFA-FOLLOWER: accept PRE_VOTE from eea920e5-eed2-4ccd-b274-7d8a7cd1384a: our priority 0 <= candidate's priority 1
2023-07-05 13:45:15,247 [eea920e5-eed2-4ccd-b274-7d8a7cd1384a@group-BF2A86E0FEFA-LeaderElection58] INFO  impl.LeaderElection (LeaderElection.java:logAndReturn(90)) - eea920e5-eed2-4ccd-b274-7d8a7cd1384a@group-BF2A86E0FEFA-LeaderElection58: PRE_VOTE PASSED received 1 response(s) and 0 exception(s):
2023-07-05 13:45:15,247 [grpc-default-executor-1] INFO  server.RaftServer$Division (RaftServerImpl.java:requestVote(1335)) - b469f820-ca6e-4614-936b-d267e952ce44@group-BF2A86E0FEFA replies to PRE_VOTE vote request: eea920e5-eed2-4ccd-b274-7d8a7cd1384a<-b469f820-ca6e-4614-936b-d267e952ce44#0:OK-t0. Peer's state: b469f820-ca6e-4614-936b-d267e952ce44@group-BF2A86E0FEFA:t0, leader=null, voted=, raftlog=Memoized:b469f820-ca6e-4614-936b-d267e952ce44@group-BF2A86E0FEFA-SegmentedRaftLog:OPENED:c-1, conf=-1: peers:[eea920e5-eed2-4ccd-b274-7d8a7cd1384a|rpc:10.1.0.13:15297|admin:10.1.0.13:15296|client:10.1.0.13:15295|dataStream:10.1.0.13:15298|priority:1|startupRole:FOLLOWER, cf260cd7-cba0-4bd9-b172-726736faca1b|rpc:10.1.0.13:15279|admin:10.1.0.13:15278|client:10.1.0.13:15277|dataStream:10.1.0.13:15280|priority:0|startupRole:FOLLOWER, b469f820-ca6e-4614-936b-d267e952ce44|rpc:10.1.0.13:15288|admin:10.1.0.13:15287|client:10.1.0.13:15286|dataStream:10.1.0.13:15289|priority:0|startupRole:FOLLOWER]|listeners:[], old=null
2023-07-05 13:45:15,247 [eea920e5-eed2-4ccd-b274-7d8a7cd1384a@group-BF2A86E0FEFA-LeaderElection58] INFO  impl.LeaderElection (LeaderElection.java:logAndReturn(94)) -   Response 0: eea920e5-eed2-4ccd-b274-7d8a7cd1384a<-cf260cd7-cba0-4bd9-b172-726736faca1b#0:OK-t0
2023-07-05 13:45:15,248 [eea920e5-eed2-4ccd-b274-7d8a7cd1384a@group-BF2A86E0FEFA-LeaderElection58] INFO  impl.LeaderElection (LeaderElection.java:askForVotes(323)) - eea920e5-eed2-4ccd-b274-7d8a7cd1384a@group-BF2A86E0FEFA-LeaderElection58 PRE_VOTE round 0: result PASSED
2023-07-05 13:45:15,250 [eea920e5-eed2-4ccd-b274-7d8a7cd1384a@group-BF2A86E0FEFA-LeaderElection58] INFO  impl.LeaderElection (LeaderElection.java:askForVotes(321)) - eea920e5-eed2-4ccd-b274-7d8a7cd1384a@group-BF2A86E0FEFA-LeaderElection58 ELECTION round 0: submit vote requests at term 1 for -1: peers:[eea920e5-eed2-4ccd-b274-7d8a7cd1384a|rpc:10.1.0.13:15297|admin:10.1.0.13:15296|client:10.1.0.13:15295|dataStream:10.1.0.13:15298|priority:1|startupRole:FOLLOWER, cf260cd7-cba0-4bd9-b172-726736faca1b|rpc:10.1.0.13:15279|admin:10.1.0.13:15278|client:10.1.0.13:15277|dataStream:10.1.0.13:15280|priority:0|startupRole:FOLLOWER, b469f820-ca6e-4614-936b-d267e952ce44|rpc:10.1.0.13:15288|admin:10.1.0.13:15287|client:10.1.0.13:15286|dataStream:10.1.0.13:15289|priority:0|startupRole:FOLLOWER]|listeners:[], old=null
2023-07-05 13:45:15,251 [eea920e5-eed2-4ccd-b274-7d8a7cd1384a@group-BF2A86E0FEFA-LeaderElection58] INFO  server.RaftServerConfigKeys (ConfUtils.java:logFallback(53)) - raft.server.rpc.first-election.timeout.min = 5s (fallback to raft.server.rpc.timeout.min)
2023-07-05 13:45:15,252 [eea920e5-eed2-4ccd-b274-7d8a7cd1384a@group-BF2A86E0FEFA-LeaderElection58] INFO  server.RaftServerConfigKeys (ConfUtils.java:logFallback(53)) - raft.server.rpc.first-election.timeout.max = 5200ms (fallback to raft.server.rpc.timeout.max)
2023-07-05 13:45:15,252 [grpc-default-executor-1] INFO  server.RaftServer$Division (RaftServerImpl.java:requestVote(1302)) - cf260cd7-cba0-4bd9-b172-726736faca1b@group-BF2A86E0FEFA: receive requestVote(ELECTION, eea920e5-eed2-4ccd-b274-7d8a7cd1384a, group-BF2A86E0FEFA, 1, (t:0, i:0))
2023-07-05 13:45:15,252 [grpc-default-executor-1] INFO  impl.VoteContext (VoteContext.java:log(49)) - cf260cd7-cba0-4bd9-b172-726736faca1b@group-BF2A86E0FEFA-FOLLOWER: accept ELECTION from eea920e5-eed2-4ccd-b274-7d8a7cd1384a: our priority 0 <= candidate's priority 1
2023-07-05 13:45:15,252 [grpc-default-executor-1] INFO  server.RaftServer$Division (RaftServerImpl.java:setRole(329)) - cf260cd7-cba0-4bd9-b172-726736faca1b@group-BF2A86E0FEFA: changes role from  FOLLOWER to FOLLOWER at term 1 for candidate:eea920e5-eed2-4ccd-b274-7d8a7cd1384a
2023-07-05 13:45:15,252 [grpc-default-executor-1] INFO  impl.RoleInfo (RoleInfo.java:shutdownFollowerState(110)) - cf260cd7-cba0-4bd9-b172-726736faca1b: shutdown cf260cd7-cba0-4bd9-b172-726736faca1b@group-BF2A86E0FEFA-FollowerState
2023-07-05 13:45:15,252 [cf260cd7-cba0-4bd9-b172-726736faca1b@group-BF2A86E0FEFA-FollowerState] INFO  impl.FollowerState (FollowerState.java:run(152)) - cf260cd7-cba0-4bd9-b172-726736faca1b@group-BF2A86E0FEFA-FollowerState was interrupted
2023-07-05 13:45:15,254 [b469f820-ca6e-4614-936b-d267e952ce44@group-BF2A86E0FEFA-FollowerState] INFO  server.RaftServerConfigKeys (ConfUtils.java:logFallback(53)) - raft.server.rpc.first-election.timeout.min = 5s (fallback to raft.server.rpc.timeout.min)
2023-07-05 13:45:15,254 [b469f820-ca6e-4614-936b-d267e952ce44@group-BF2A86E0FEFA-FollowerState] INFO  server.RaftServerConfigKeys (ConfUtils.java:logFallback(53)) - raft.server.rpc.first-election.timeout.max = 5200ms (fallback to raft.server.rpc.timeout.max)
2023-07-05 13:45:15,254 [grpc-default-executor-1] INFO  impl.RoleInfo (RoleInfo.java:updateAndGet(139)) - cf260cd7-cba0-4bd9-b172-726736faca1b: start cf260cd7-cba0-4bd9-b172-726736faca1b@group-BF2A86E0FEFA-FollowerState
2023-07-05 13:45:15,256 [grpc-default-executor-1] INFO  server.RaftServer$Division (RaftServerImpl.java:requestVote(1335)) - cf260cd7-cba0-4bd9-b172-726736faca1b@group-BF2A86E0FEFA replies to ELECTION vote request: eea920e5-eed2-4ccd-b274-7d8a7cd1384a<-cf260cd7-cba0-4bd9-b172-726736faca1b#0:OK-t1. Peer's state: cf260cd7-cba0-4bd9-b172-726736faca1b@group-BF2A86E0FEFA:t1, leader=null, voted=eea920e5-eed2-4ccd-b274-7d8a7cd1384a, raftlog=Memoized:cf260cd7-cba0-4bd9-b172-726736faca1b@group-BF2A86E0FEFA-SegmentedRaftLog:OPENED:c-1, conf=-1: peers:[eea920e5-eed2-4ccd-b274-7d8a7cd1384a|rpc:10.1.0.13:15297|admin:10.1.0.13:15296|client:10.1.0.13:15295|dataStream:10.1.0.13:15298|priority:1|startupRole:FOLLOWER, cf260cd7-cba0-4bd9-b172-726736faca1b|rpc:10.1.0.13:15279|admin:10.1.0.13:15278|client:10.1.0.13:15277|dataStream:10.1.0.13:15280|priority:0|startupRole:FOLLOWER, b469f820-ca6e-4614-936b-d267e952ce44|rpc:10.1.0.13:15288|admin:10.1.0.13:15287|client:10.1.0.13:15286|dataStream:10.1.0.13:15289|priority:0|startupRole:FOLLOWER]|listeners:[], old=null
2023-07-05 13:45:15,256 [grpc-default-executor-0] INFO  server.RaftServer$Division (RaftServerImpl.java:requestVote(1302)) - b469f820-ca6e-4614-936b-d267e952ce44@group-BF2A86E0FEFA: receive requestVote(ELECTION, eea920e5-eed2-4ccd-b274-7d8a7cd1384a, group-BF2A86E0FEFA, 1, (t:0, i:0))
2023-07-05 13:45:15,257 [grpc-default-executor-0] INFO  impl.VoteContext (VoteContext.java:log(49)) - b469f820-ca6e-4614-936b-d267e952ce44@group-BF2A86E0FEFA-FOLLOWER: accept ELECTION from eea920e5-eed2-4ccd-b274-7d8a7cd1384a: our priority 0 <= candidate's priority 1
2023-07-05 13:45:15,257 [grpc-default-executor-0] INFO  server.RaftServer$Division (RaftServerImpl.java:setRole(329)) - b469f820-ca6e-4614-936b-d267e952ce44@group-BF2A86E0FEFA: changes role from  FOLLOWER to FOLLOWER at term 1 for candidate:eea920e5-eed2-4ccd-b274-7d8a7cd1384a
2023-07-05 13:45:15,257 [grpc-default-executor-0] INFO  impl.RoleInfo (RoleInfo.java:shutdownFollowerState(110)) - b469f820-ca6e-4614-936b-d267e952ce44: shutdown b469f820-ca6e-4614-936b-d267e952ce44@group-BF2A86E0FEFA-FollowerState
2023-07-05 13:45:15,257 [grpc-default-executor-0] INFO  impl.RoleInfo (RoleInfo.java:updateAndGet(139)) - b469f820-ca6e-4614-936b-d267e952ce44: start b469f820-ca6e-4614-936b-d267e952ce44@group-BF2A86E0FEFA-FollowerState
2023-07-05 13:45:15,257 [b469f820-ca6e-4614-936b-d267e952ce44@group-BF2A86E0FEFA-FollowerState] INFO  impl.FollowerState (FollowerState.java:run(152)) - b469f820-ca6e-4614-936b-d267e952ce44@group-BF2A86E0FEFA-FollowerState was interrupted
2023-07-05 13:45:15,258 [eea920e5-eed2-4ccd-b274-7d8a7cd1384a@group-BF2A86E0FEFA-LeaderElection58] INFO  impl.LeaderElection (LeaderElection.java:logAndReturn(90)) - eea920e5-eed2-4ccd-b274-7d8a7cd1384a@group-BF2A86E0FEFA-LeaderElection58: ELECTION PASSED received 1 response(s) and 0 exception(s):
2023-07-05 13:45:15,259 [eea920e5-eed2-4ccd-b274-7d8a7cd1384a@group-BF2A86E0FEFA-LeaderElection58] INFO  impl.LeaderElection (LeaderElection.java:logAndReturn(94)) -   Response 0: eea920e5-eed2-4ccd-b274-7d8a7cd1384a<-cf260cd7-cba0-4bd9-b172-726736faca1b#0:OK-t1
2023-07-05 13:45:15,259 [eea920e5-eed2-4ccd-b274-7d8a7cd1384a@group-BF2A86E0FEFA-LeaderElection58] INFO  impl.LeaderElection (LeaderElection.java:askForVotes(323)) - eea920e5-eed2-4ccd-b274-7d8a7cd1384a@group-BF2A86E0FEFA-LeaderElection58 ELECTION round 0: result PASSED
2023-07-05 13:45:15,259 [eea920e5-eed2-4ccd-b274-7d8a7cd1384a@group-BF2A86E0FEFA-LeaderElection58] INFO  impl.RoleInfo (RoleInfo.java:shutdownLeaderElection(130)) - eea920e5-eed2-4ccd-b274-7d8a7cd1384a: shutdown eea920e5-eed2-4ccd-b274-7d8a7cd1384a@group-BF2A86E0FEFA-LeaderElection58
2023-07-05 13:45:15,259 [eea920e5-eed2-4ccd-b274-7d8a7cd1384a@group-BF2A86E0FEFA-LeaderElection58] INFO  server.RaftServer$Division (RaftServerImpl.java:setRole(329)) - eea920e5-eed2-4ccd-b274-7d8a7cd1384a@group-BF2A86E0FEFA: changes role from CANDIDATE to LEADER at term 1 for changeToLeader
2023-07-05 13:45:15,259 [eea920e5-eed2-4ccd-b274-7d8a7cd1384a@group-BF2A86E0FEFA-LeaderElection58] INFO  ratis.XceiverServerRatis (XceiverServerRatis.java:handleLeaderChangedNotification(902)) - Leader change notification received for group: group-BF2A86E0FEFA with new leaderId: eea920e5-eed2-4ccd-b274-7d8a7cd1384a
2023-07-05 13:45:15,259 [eea920e5-eed2-4ccd-b274-7d8a7cd1384a@group-BF2A86E0FEFA-LeaderElection58] INFO  server.RaftServer$Division (ServerState.java:setLeader(317)) - eea920e5-eed2-4ccd-b274-7d8a7cd1384a@group-BF2A86E0FEFA: change Leader from null to eea920e5-eed2-4ccd-b274-7d8a7cd1384a at term 1 for becomeLeader, leader elected after 5196ms
2023-07-05 13:45:15,259 [eea920e5-eed2-4ccd-b274-7d8a7cd1384a@group-BF2A86E0FEFA-LeaderElection58] INFO  server.RaftServerConfigKeys (ConfUtils.java:logGet(46)) - raft.server.staging.catchup.gap = 1000 (default)
2023-07-05 13:45:15,259 [eea920e5-eed2-4ccd-b274-7d8a7cd1384a@group-BF2A86E0FEFA-LeaderElection58] INFO  server.RaftServerConfigKeys (ConfUtils.java:logGet(46)) - raft.server.write.element-limit = 1024 (custom)
2023-07-05 13:45:15,259 [eea920e5-eed2-4ccd-b274-7d8a7cd1384a@group-BF2A86E0FEFA-LeaderElection58] INFO  server.RaftServerConfigKeys (ConfUtils.java:logGet(46)) - raft.server.write.byte-limit = 1024 M (=1073741824) (custom)
2023-07-05 13:45:15,259 [eea920e5-eed2-4ccd-b274-7d8a7cd1384a@group-BF2A86E0FEFA-LeaderElection58] INFO  server.RaftServerConfigKeys (ConfUtils.java:logGet(46)) - raft.server.watch.timeout = 180s (custom)
2023-07-05 13:45:15,259 [eea920e5-eed2-4ccd-b274-7d8a7cd1384a@group-BF2A86E0FEFA-LeaderElection58] INFO  server.RaftServerConfigKeys (ConfUtils.java:logGet(46)) - raft.server.watch.timeout.denomination = 1s (default)
2023-07-05 13:45:15,259 [eea920e5-eed2-4ccd-b274-7d8a7cd1384a@group-BF2A86E0FEFA-LeaderElection58] INFO  server.RaftServerConfigKeys (ConfUtils.java:logGet(46)) - raft.server.watch.element-limit = 65536 (default)
2023-07-05 13:45:15,259 [eea920e5-eed2-4ccd-b274-7d8a7cd1384a@group-BF2A86E0FEFA-LeaderElection58] INFO  server.RaftServerConfigKeys (ConfUtils.java:logGet(46)) - raft.server.write.element-limit = 1024 (custom)
2023-07-05 13:45:15,260 [eea920e5-eed2-4ccd-b274-7d8a7cd1384a@group-BF2A86E0FEFA-LeaderElection58] INFO  server.RaftServerConfigKeys (ConfUtils.java:logGet(46)) - raft.server.write.follower.gap.ratio.max = -1.0 (default)
2023-07-05 13:45:15,260 [eea920e5-eed2-4ccd-b274-7d8a7cd1384a@group-BF2A86E0FEFA-LeaderElection58] INFO  server.RaftServerConfigKeys (ConfUtils.java:logGet(46)) - raft.server.log.appender.snapshot.chunk.size.max = 16MB (=16777216) (default)
2023-07-05 13:45:15,260 [eea920e5-eed2-4ccd-b274-7d8a7cd1384a@group-BF2A86E0FEFA-LeaderElection58] INFO  server.RaftServerConfigKeys (ConfUtils.java:logGet(46)) - raft.server.log.appender.buffer.byte-limit = 33554432 (custom)
2023-07-05 13:45:15,260 [eea920e5-eed2-4ccd-b274-7d8a7cd1384a@group-BF2A86E0FEFA-LeaderElection58] INFO  server.RaftServerConfigKeys (ConfUtils.java:logGet(46)) - raft.server.log.appender.buffer.element-limit = 1 (custom)
2023-07-05 13:45:15,260 [eea920e5-eed2-4ccd-b274-7d8a7cd1384a@group-BF2A86E0FEFA-LeaderElection58] INFO  server.RaftServerConfigKeys (ConfUtils.java:logGet(46)) - raft.server.log.appender.wait-time.min = 10ms (default)
2023-07-05 13:45:15,260 [eea920e5-eed2-4ccd-b274-7d8a7cd1384a@group-BF2A86E0FEFA-LeaderElection58] INFO  grpc.GrpcConfigKeys (ConfUtils.java:logGet(46)) - raft.grpc.server.leader.outstanding.appends.max = 128 (default)
2023-07-05 13:45:15,260 [eea920e5-eed2-4ccd-b274-7d8a7cd1384a@group-BF2A86E0FEFA-LeaderElection58] INFO  server.RaftServerConfigKeys (ConfUtils.java:logGet(46)) - raft.server.rpc.request.timeout = 60s (custom)
2023-07-05 13:45:15,260 [eea920e5-eed2-4ccd-b274-7d8a7cd1384a@group-BF2A86E0FEFA-LeaderElection58] INFO  grpc.GrpcConfigKeys (ConfUtils.java:logGet(46)) - raft.grpc.server.install_snapshot.request.element-limit = 8 (default)
2023-07-05 13:45:15,260 [eea920e5-eed2-4ccd-b274-7d8a7cd1384a@group-BF2A86E0FEFA-LeaderElection58] INFO  grpc.GrpcConfigKeys (ConfUtils.java:logGet(46)) - raft.grpc.server.install_snapshot.request.timeout = 3000ms (default)
2023-07-05 13:45:15,260 [eea920e5-eed2-4ccd-b274-7d8a7cd1384a@group-BF2A86E0FEFA-LeaderElection58] INFO  server.RaftServerConfigKeys (ConfUtils.java:logGet(46)) - raft.server.log.appender.install.snapshot.enabled = false (custom)
2023-07-05 13:45:15,260 [eea920e5-eed2-4ccd-b274-7d8a7cd1384a@group-BF2A86E0FEFA-LeaderElection58] INFO  grpc.GrpcConfigKeys (ConfUtils.java:logGet(46)) - raft.grpc.server.heartbeat.channel = true (default)
2023-07-05 13:45:15,261 [eea920e5-eed2-4ccd-b274-7d8a7cd1384a@group-BF2A86E0FEFA-LeaderElection58] INFO  server.RaftServerConfigKeys (ConfUtils.java:logGet(46)) - raft.server.log.appender.snapshot.chunk.size.max = 16MB (=16777216) (default)
2023-07-05 13:45:15,261 [eea920e5-eed2-4ccd-b274-7d8a7cd1384a@group-BF2A86E0FEFA-LeaderElection58] INFO  server.RaftServerConfigKeys (ConfUtils.java:logGet(46)) - raft.server.log.appender.buffer.byte-limit = 33554432 (custom)
2023-07-05 13:45:15,261 [eea920e5-eed2-4ccd-b274-7d8a7cd1384a@group-BF2A86E0FEFA-LeaderElection58] INFO  server.RaftServerConfigKeys (ConfUtils.java:logGet(46)) - raft.server.log.appender.buffer.element-limit = 1 (custom)
2023-07-05 13:45:15,261 [eea920e5-eed2-4ccd-b274-7d8a7cd1384a@group-BF2A86E0FEFA-LeaderElection58] INFO  server.RaftServerConfigKeys (ConfUtils.java:logGet(46)) - raft.server.log.appender.wait-time.min = 10ms (default)
2023-07-05 13:45:15,261 [eea920e5-eed2-4ccd-b274-7d8a7cd1384a@group-BF2A86E0FEFA-LeaderElection58] INFO  grpc.GrpcConfigKeys (ConfUtils.java:logGet(46)) - raft.grpc.server.leader.outstanding.appends.max = 128 (default)
2023-07-05 13:45:15,261 [eea920e5-eed2-4ccd-b274-7d8a7cd1384a@group-BF2A86E0FEFA-LeaderElection58] INFO  server.RaftServerConfigKeys (ConfUtils.java:logGet(46)) - raft.server.rpc.request.timeout = 60s (custom)
2023-07-05 13:45:15,261 [eea920e5-eed2-4ccd-b274-7d8a7cd1384a@group-BF2A86E0FEFA-LeaderElection58] INFO  grpc.GrpcConfigKeys (ConfUtils.java:logGet(46)) - raft.grpc.server.install_snapshot.request.element-limit = 8 (default)
2023-07-05 13:45:15,261 [eea920e5-eed2-4ccd-b274-7d8a7cd1384a@group-BF2A86E0FEFA-LeaderElection58] INFO  grpc.GrpcConfigKeys (ConfUtils.java:logGet(46)) - raft.grpc.server.install_snapshot.request.timeout = 3000ms (default)
2023-07-05 13:45:15,261 [eea920e5-eed2-4ccd-b274-7d8a7cd1384a@group-BF2A86E0FEFA-LeaderElection58] INFO  server.RaftServerConfigKeys (ConfUtils.java:logGet(46)) - raft.server.log.appender.install.snapshot.enabled = false (custom)
2023-07-05 13:45:15,261 [eea920e5-eed2-4ccd-b274-7d8a7cd1384a@group-BF2A86E0FEFA-LeaderElection58] INFO  grpc.GrpcConfigKeys (ConfUtils.java:logGet(46)) - raft.grpc.server.heartbeat.channel = true (default)
2023-07-05 13:45:15,262 [eea920e5-eed2-4ccd-b274-7d8a7cd1384a@group-BF2A86E0FEFA-LeaderElection58] INFO  impl.RoleInfo (RoleInfo.java:updateAndGet(139)) - eea920e5-eed2-4ccd-b274-7d8a7cd1384a: start eea920e5-eed2-4ccd-b274-7d8a7cd1384a@group-BF2A86E0FEFA-LeaderStateImpl
2023-07-05 13:45:15,262 [eea920e5-eed2-4ccd-b274-7d8a7cd1384a@group-BF2A86E0FEFA-LeaderElection58] INFO  segmented.SegmentedRaftLogWorker (SegmentedRaftLogWorker.java:startLogSegment(447)) - eea920e5-eed2-4ccd-b274-7d8a7cd1384a@group-BF2A86E0FEFA-SegmentedRaftLogWorker: Starting segment from index:0
2023-07-05 13:45:15,262 [grpc-default-executor-0] INFO  server.RaftServer$Division (RaftServerImpl.java:requestVote(1335)) - b469f820-ca6e-4614-936b-d267e952ce44@group-BF2A86E0FEFA replies to ELECTION vote request: eea920e5-eed2-4ccd-b274-7d8a7cd1384a<-b469f820-ca6e-4614-936b-d267e952ce44#0:OK-t1. Peer's state: b469f820-ca6e-4614-936b-d267e952ce44@group-BF2A86E0FEFA:t1, leader=null, voted=eea920e5-eed2-4ccd-b274-7d8a7cd1384a, raftlog=Memoized:b469f820-ca6e-4614-936b-d267e952ce44@group-BF2A86E0FEFA-SegmentedRaftLog:OPENED:c-1, conf=-1: peers:[eea920e5-eed2-4ccd-b274-7d8a7cd1384a|rpc:10.1.0.13:15297|admin:10.1.0.13:15296|client:10.1.0.13:15295|dataStream:10.1.0.13:15298|priority:1|startupRole:FOLLOWER, cf260cd7-cba0-4bd9-b172-726736faca1b|rpc:10.1.0.13:15279|admin:10.1.0.13:15278|client:10.1.0.13:15277|dataStream:10.1.0.13:15280|priority:0|startupRole:FOLLOWER, b469f820-ca6e-4614-936b-d267e952ce44|rpc:10.1.0.13:15288|admin:10.1.0.13:15287|client:10.1.0.13:15286|dataStream:10.1.0.13:15289|priority:0|startupRole:FOLLOWER]|listeners:[], old=null
2023-07-05 13:45:15,263 [EventQueue-PipelineReportForPipelineReportHandler] INFO  pipeline.PipelineReportHandler (PipelineReportHandler.java:processPipelineReport(136)) - Opened pipeline PipelineID=1e9ace5b-8c44-48ad-8708-bf2a86e0fefa
2023-07-05 13:45:15,264 [eea920e5-eed2-4ccd-b274-7d8a7cd1384a@group-BF2A86E0FEFA-SegmentedRaftLogWorker] INFO  segmented.SegmentedRaftLogWorker (SegmentedRaftLogWorker.java:execute(651)) - eea920e5-eed2-4ccd-b274-7d8a7cd1384a@group-BF2A86E0FEFA-SegmentedRaftLogWorker: created new log segment /home/runner/work/ozone/ozone/hadoop-ozone/integration-test/target/test-dir/MiniOzoneClusterImpl-b87fbc93-14ec-4c7b-9414-fd1969dd8eca/datanode-2/data/ratis/1e9ace5b-8c44-48ad-8708-bf2a86e0fefa/current/log_inprogress_0
2023-07-05 13:45:15,266 [EventQueue-OpenPipelineForHealthyPipelineSafeModeRule] INFO  safemode.SCMSafeModeManager (HealthyPipelineSafeModeRule.java:process(137)) - SCM in safe mode. Healthy pipelines reported count is 1, required healthy pipeline reported count is 1
2023-07-05 13:45:15,266 [EventQueue-OpenPipelineForHealthyPipelineSafeModeRule] INFO  safemode.SCMSafeModeManager (SCMSafeModeManager.java:validateSafeModeExitRules(200)) - HealthyPipelineSafeModeRule rule is successfully validated
2023-07-05 13:45:15,266 [EventQueue-OpenPipelineForHealthyPipelineSafeModeRule] INFO  safemode.SCMSafeModeManager (SCMSafeModeManager.java:validateSafeModeExitRules(215)) - ScmSafeModeManager, all rules are successfully validated
2023-07-05 13:45:15,266 [EventQueue-OpenPipelineForHealthyPipelineSafeModeRule] INFO  safemode.SCMSafeModeManager (SCMSafeModeManager.java:exitSafeMode(244)) - SCM exiting safe mode.
2023-07-05 13:45:15,266 [EventQueue-OpenPipelineForHealthyPipelineSafeModeRule] INFO  ha.SCMContext (SCMContext.java:updateSafeModeStatus(228)) - Update SafeModeStatus from SafeModeStatus{safeModeStatus=true, preCheckPassed=true} to SafeModeStatus{safeModeStatus=false, preCheckPassed=true}.
2023-07-05 13:45:15,266 [EventQueue-OpenPipelineForHealthyPipelineSafeModeRule] INFO  pipeline.BackgroundPipelineCreator (BackgroundPipelineCreator.java:notifyStatusChanged(255)) - Service BackgroundPipelineCreator transitions to RUNNING.
2023-07-05 13:45:15,266 [EventQueue-OpenPipelineForHealthyPipelineSafeModeRule] INFO  BackgroundPipelineScrubber (BackgroundSCMService.java:notifyStatusChanged(82)) - Service BackgroundPipelineScrubber transitions to RUNNING.
2023-07-05 13:45:15,266 [EventQueue-OpenPipelineForHealthyPipelineSafeModeRule] INFO  ExpiredContainerReplicaOpScrubber (BackgroundSCMService.java:notifyStatusChanged(82)) - Service ExpiredContainerReplicaOpScrubber transitions to RUNNING.
2023-07-05 13:45:15,266 [EventQueue-OpenPipelineForHealthyPipelineSafeModeRule] INFO  replication.ReplicationManager (ReplicationManager.java:notifyStatusChanged(1366)) - Service ReplicationManager transitions to RUNNING.
2023-07-05 13:45:15,267 [EventQueue-OpenPipelineForHealthyPipelineSafeModeRule] WARN  balancer.ContainerBalancer (ContainerBalancer.java:shouldRun(134)) - Could not find persisted configuration for ContainerBalancer when checking if ContainerBalancer should run. ContainerBalancer should not run now.
2023-07-05 13:45:15,275 [eea920e5-eed2-4ccd-b274-7d8a7cd1384a@group-BF2A86E0FEFA-LeaderElection58] INFO  server.RaftServer$Division (ServerState.java:setRaftConf(434)) - eea920e5-eed2-4ccd-b274-7d8a7cd1384a@group-BF2A86E0FEFA: set configuration 0: peers:[eea920e5-eed2-4ccd-b274-7d8a7cd1384a|rpc:10.1.0.13:15297|admin:10.1.0.13:15296|client:10.1.0.13:15295|dataStream:10.1.0.13:15298|priority:1|startupRole:FOLLOWER, cf260cd7-cba0-4bd9-b172-726736faca1b|rpc:10.1.0.13:15279|admin:10.1.0.13:15278|client:10.1.0.13:15277|dataStream:10.1.0.13:15280|priority:0|startupRole:FOLLOWER, b469f820-ca6e-4614-936b-d267e952ce44|rpc:10.1.0.13:15288|admin:10.1.0.13:15287|client:10.1.0.13:15286|dataStream:10.1.0.13:15289|priority:0|startupRole:FOLLOWER]|listeners:[], old=null
2023-07-05 13:45:15,292 [cf260cd7-cba0-4bd9-b172-726736faca1b-server-thread1] INFO  ratis.XceiverServerRatis (XceiverServerRatis.java:handleLeaderChangedNotification(902)) - Leader change notification received for group: group-BF2A86E0FEFA with new leaderId: eea920e5-eed2-4ccd-b274-7d8a7cd1384a
2023-07-05 13:45:15,293 [cf260cd7-cba0-4bd9-b172-726736faca1b-server-thread1] INFO  server.RaftServer$Division (ServerState.java:setLeader(317)) - cf260cd7-cba0-4bd9-b172-726736faca1b@group-BF2A86E0FEFA: change Leader from null to eea920e5-eed2-4ccd-b274-7d8a7cd1384a at term 1 for appendEntries, leader elected after 5262ms
2023-07-05 13:45:15,293 [b469f820-ca6e-4614-936b-d267e952ce44-server-thread1] INFO  ratis.XceiverServerRatis (XceiverServerRatis.java:handleLeaderChangedNotification(902)) - Leader change notification received for group: group-BF2A86E0FEFA with new leaderId: eea920e5-eed2-4ccd-b274-7d8a7cd1384a
2023-07-05 13:45:15,293 [b469f820-ca6e-4614-936b-d267e952ce44-server-thread1] INFO  server.RaftServer$Division (ServerState.java:setLeader(317)) - b469f820-ca6e-4614-936b-d267e952ce44@group-BF2A86E0FEFA: change Leader from null to eea920e5-eed2-4ccd-b274-7d8a7cd1384a at term 1 for appendEntries, leader elected after 5188ms
2023-07-05 13:45:15,297 [b469f820-ca6e-4614-936b-d267e952ce44-server-thread1] INFO  server.RaftServer$Division (ServerState.java:setRaftConf(434)) - b469f820-ca6e-4614-936b-d267e952ce44@group-BF2A86E0FEFA: set configuration 0: peers:[eea920e5-eed2-4ccd-b274-7d8a7cd1384a|rpc:10.1.0.13:15297|admin:10.1.0.13:15296|client:10.1.0.13:15295|dataStream:10.1.0.13:15298|priority:1|startupRole:FOLLOWER, cf260cd7-cba0-4bd9-b172-726736faca1b|rpc:10.1.0.13:15279|admin:10.1.0.13:15278|client:10.1.0.13:15277|dataStream:10.1.0.13:15280|priority:0|startupRole:FOLLOWER, b469f820-ca6e-4614-936b-d267e952ce44|rpc:10.1.0.13:15288|admin:10.1.0.13:15287|client:10.1.0.13:15286|dataStream:10.1.0.13:15289|priority:0|startupRole:FOLLOWER]|listeners:[], old=null
2023-07-05 13:45:15,297 [b469f820-ca6e-4614-936b-d267e952ce44-server-thread1] INFO  segmented.SegmentedRaftLogWorker (SegmentedRaftLogWorker.java:startLogSegment(447)) - b469f820-ca6e-4614-936b-d267e952ce44@group-BF2A86E0FEFA-SegmentedRaftLogWorker: Starting segment from index:0
2023-07-05 13:45:15,304 [b469f820-ca6e-4614-936b-d267e952ce44@group-BF2A86E0FEFA-SegmentedRaftLogWorker] INFO  segmented.SegmentedRaftLogWorker (SegmentedRaftLogWorker.java:execute(651)) - b469f820-ca6e-4614-936b-d267e952ce44@group-BF2A86E0FEFA-SegmentedRaftLogWorker: created new log segment /home/runner/work/ozone/ozone/hadoop-ozone/integration-test/target/test-dir/MiniOzoneClusterImpl-b87fbc93-14ec-4c7b-9414-fd1969dd8eca/datanode-1/data/ratis/1e9ace5b-8c44-48ad-8708-bf2a86e0fefa/current/log_inprogress_0
2023-07-05 13:45:15,307 [cf260cd7-cba0-4bd9-b172-726736faca1b-server-thread2] INFO  server.RaftServer$Division (ServerState.java:setRaftConf(434)) - cf260cd7-cba0-4bd9-b172-726736faca1b@group-BF2A86E0FEFA: set configuration 0: peers:[eea920e5-eed2-4ccd-b274-7d8a7cd1384a|rpc:10.1.0.13:15297|admin:10.1.0.13:15296|client:10.1.0.13:15295|dataStream:10.1.0.13:15298|priority:1|startupRole:FOLLOWER, cf260cd7-cba0-4bd9-b172-726736faca1b|rpc:10.1.0.13:15279|admin:10.1.0.13:15278|client:10.1.0.13:15277|dataStream:10.1.0.13:15280|priority:0|startupRole:FOLLOWER, b469f820-ca6e-4614-936b-d267e952ce44|rpc:10.1.0.13:15288|admin:10.1.0.13:15287|client:10.1.0.13:15286|dataStream:10.1.0.13:15289|priority:0|startupRole:FOLLOWER]|listeners:[], old=null
2023-07-05 13:45:15,307 [cf260cd7-cba0-4bd9-b172-726736faca1b-server-thread2] INFO  segmented.SegmentedRaftLogWorker (SegmentedRaftLogWorker.java:startLogSegment(447)) - cf260cd7-cba0-4bd9-b172-726736faca1b@group-BF2A86E0FEFA-SegmentedRaftLogWorker: Starting segment from index:0
2023-07-05 13:45:15,308 [cf260cd7-cba0-4bd9-b172-726736faca1b@group-BF2A86E0FEFA-SegmentedRaftLogWorker] INFO  segmented.SegmentedRaftLogWorker (SegmentedRaftLogWorker.java:execute(651)) - cf260cd7-cba0-4bd9-b172-726736faca1b@group-BF2A86E0FEFA-SegmentedRaftLogWorker: created new log segment /home/runner/work/ozone/ozone/hadoop-ozone/integration-test/target/test-dir/MiniOzoneClusterImpl-b87fbc93-14ec-4c7b-9414-fd1969dd8eca/datanode-0/data/ratis/1e9ace5b-8c44-48ad-8708-bf2a86e0fefa/current/log_inprogress_0
2023-07-05 13:45:15,320 [eea920e5-eed2-4ccd-b274-7d8a7cd1384a@group-1522C8774158-FollowerState] INFO  server.RaftServerConfigKeys (ConfUtils.java:logFallback(53)) - raft.server.rpc.first-election.timeout.min = 5s (fallback to raft.server.rpc.timeout.min)
2023-07-05 13:45:15,320 [eea920e5-eed2-4ccd-b274-7d8a7cd1384a@group-1522C8774158-FollowerState] INFO  server.RaftServerConfigKeys (ConfUtils.java:logFallback(53)) - raft.server.rpc.first-election.timeout.max = 5200ms (fallback to raft.server.rpc.timeout.max)
2023-07-05 13:45:15,339 [b469f820-ca6e-4614-936b-d267e952ce44@group-1522C8774158-FollowerState] INFO  impl.FollowerState (FollowerState.java:run(143)) - b469f820-ca6e-4614-936b-d267e952ce44@group-1522C8774158-FollowerState: change to CANDIDATE, lastRpcElapsedTime:5124347032ns, electionTimeout:5118ms
2023-07-05 13:45:15,340 [b469f820-ca6e-4614-936b-d267e952ce44@group-1522C8774158-FollowerState] INFO  impl.RoleInfo (RoleInfo.java:shutdownFollowerState(110)) - b469f820-ca6e-4614-936b-d267e952ce44: shutdown b469f820-ca6e-4614-936b-d267e952ce44@group-1522C8774158-FollowerState
2023-07-05 13:45:15,340 [b469f820-ca6e-4614-936b-d267e952ce44@group-1522C8774158-FollowerState] INFO  server.RaftServer$Division (RaftServerImpl.java:setRole(329)) - b469f820-ca6e-4614-936b-d267e952ce44@group-1522C8774158: changes role from  FOLLOWER to CANDIDATE at term 0 for changeToCandidate
2023-07-05 13:45:15,340 [b469f820-ca6e-4614-936b-d267e952ce44@group-1522C8774158-FollowerState] INFO  server.RaftServerConfigKeys (ConfUtils.java:logGet(46)) - raft.server.leaderelection.pre-vote = true (default)
2023-07-05 13:45:15,340 [b469f820-ca6e-4614-936b-d267e952ce44@group-1522C8774158-FollowerState] INFO  impl.RoleInfo (RoleInfo.java:updateAndGet(139)) - b469f820-ca6e-4614-936b-d267e952ce44: start b469f820-ca6e-4614-936b-d267e952ce44@group-1522C8774158-LeaderElection59
2023-07-05 13:45:15,343 [b469f820-ca6e-4614-936b-d267e952ce44@group-1522C8774158-LeaderElection59] INFO  impl.LeaderElection (LeaderElection.java:askForVotes(321)) - b469f820-ca6e-4614-936b-d267e952ce44@group-1522C8774158-LeaderElection59 PRE_VOTE round 0: submit vote requests at term 0 for -1: peers:[eea920e5-eed2-4ccd-b274-7d8a7cd1384a|rpc:10.1.0.13:15297|admin:10.1.0.13:15296|client:10.1.0.13:15295|dataStream:10.1.0.13:15298|priority:0|startupRole:FOLLOWER, cf260cd7-cba0-4bd9-b172-726736faca1b|rpc:10.1.0.13:15279|admin:10.1.0.13:15278|client:10.1.0.13:15277|dataStream:10.1.0.13:15280|priority:0|startupRole:FOLLOWER, b469f820-ca6e-4614-936b-d267e952ce44|rpc:10.1.0.13:15288|admin:10.1.0.13:15287|client:10.1.0.13:15286|dataStream:10.1.0.13:15289|priority:1|startupRole:FOLLOWER]|listeners:[], old=null
2023-07-05 13:45:15,343 [b469f820-ca6e-4614-936b-d267e952ce44@group-1522C8774158-LeaderElection59-1] INFO  server.GrpcServerProtocolClient (GrpcServerProtocolClient.java:<init>(65)) - Build channel for eea920e5-eed2-4ccd-b274-7d8a7cd1384a
2023-07-05 13:45:15,348 [b469f820-ca6e-4614-936b-d267e952ce44@group-1522C8774158-LeaderElection59] INFO  server.RaftServerConfigKeys (ConfUtils.java:logFallback(53)) - raft.server.rpc.first-election.timeout.min = 5s (fallback to raft.server.rpc.timeout.min)
2023-07-05 13:45:15,348 [b469f820-ca6e-4614-936b-d267e952ce44@group-1522C8774158-LeaderElection59] INFO  server.RaftServerConfigKeys (ConfUtils.java:logFallback(53)) - raft.server.rpc.first-election.timeout.max = 5200ms (fallback to raft.server.rpc.timeout.max)
2023-07-05 13:45:15,348 [b469f820-ca6e-4614-936b-d267e952ce44@group-1522C8774158-LeaderElection59-2] INFO  server.GrpcServerProtocolClient (GrpcServerProtocolClient.java:<init>(65)) - Build channel for cf260cd7-cba0-4bd9-b172-726736faca1b
2023-07-05 13:45:15,350 [grpc-default-executor-5] INFO  server.RaftServer$Division (RaftServerImpl.java:requestVote(1302)) - eea920e5-eed2-4ccd-b274-7d8a7cd1384a@group-1522C8774158: receive requestVote(PRE_VOTE, b469f820-ca6e-4614-936b-d267e952ce44, group-1522C8774158, 0, (t:0, i:0))
2023-07-05 13:45:15,350 [grpc-default-executor-5] INFO  impl.VoteContext (VoteContext.java:log(49)) - eea920e5-eed2-4ccd-b274-7d8a7cd1384a@group-1522C8774158-FOLLOWER: accept PRE_VOTE from b469f820-ca6e-4614-936b-d267e952ce44: our priority 0 <= candidate's priority 1
2023-07-05 13:45:15,350 [grpc-default-executor-5] INFO  server.RaftServer$Division (RaftServerImpl.java:requestVote(1335)) - eea920e5-eed2-4ccd-b274-7d8a7cd1384a@group-1522C8774158 replies to PRE_VOTE vote request: b469f820-ca6e-4614-936b-d267e952ce44<-eea920e5-eed2-4ccd-b274-7d8a7cd1384a#0:OK-t0. Peer's state: eea920e5-eed2-4ccd-b274-7d8a7cd1384a@group-1522C8774158:t0, leader=null, voted=, raftlog=Memoized:eea920e5-eed2-4ccd-b274-7d8a7cd1384a@group-1522C8774158-SegmentedRaftLog:OPENED:c-1, conf=-1: peers:[eea920e5-eed2-4ccd-b274-7d8a7cd1384a|rpc:10.1.0.13:15297|admin:10.1.0.13:15296|client:10.1.0.13:15295|dataStream:10.1.0.13:15298|priority:0|startupRole:FOLLOWER, cf260cd7-cba0-4bd9-b172-726736faca1b|rpc:10.1.0.13:15279|admin:10.1.0.13:15278|client:10.1.0.13:15277|dataStream:10.1.0.13:15280|priority:0|startupRole:FOLLOWER, b469f820-ca6e-4614-936b-d267e952ce44|rpc:10.1.0.13:15288|admin:10.1.0.13:15287|client:10.1.0.13:15286|dataStream:10.1.0.13:15289|priority:1|startupRole:FOLLOWER]|listeners:[], old=null
2023-07-05 13:45:15,353 [b469f820-ca6e-4614-936b-d267e952ce44@group-1522C8774158-LeaderElection59] INFO  impl.LeaderElection (LeaderElection.java:logAndReturn(90)) - b469f820-ca6e-4614-936b-d267e952ce44@group-1522C8774158-LeaderElection59: PRE_VOTE PASSED received 1 response(s) and 0 exception(s):
2023-07-05 13:45:15,353 [b469f820-ca6e-4614-936b-d267e952ce44@group-1522C8774158-LeaderElection59] INFO  impl.LeaderElection (LeaderElection.java:logAndReturn(94)) -   Response 0: b469f820-ca6e-4614-936b-d267e952ce44<-eea920e5-eed2-4ccd-b274-7d8a7cd1384a#0:OK-t0
2023-07-05 13:45:15,353 [b469f820-ca6e-4614-936b-d267e952ce44@group-1522C8774158-LeaderElection59] INFO  impl.LeaderElection (LeaderElection.java:askForVotes(323)) - b469f820-ca6e-4614-936b-d267e952ce44@group-1522C8774158-LeaderElection59 PRE_VOTE round 0: result PASSED
2023-07-05 13:45:15,355 [b469f820-ca6e-4614-936b-d267e952ce44@group-1522C8774158-LeaderElection59] INFO  impl.LeaderElection (LeaderElection.java:askForVotes(321)) - b469f820-ca6e-4614-936b-d267e952ce44@group-1522C8774158-LeaderElection59 ELECTION round 0: submit vote requests at term 1 for -1: peers:[eea920e5-eed2-4ccd-b274-7d8a7cd1384a|rpc:10.1.0.13:15297|admin:10.1.0.13:15296|client:10.1.0.13:15295|dataStream:10.1.0.13:15298|priority:0|startupRole:FOLLOWER, cf260cd7-cba0-4bd9-b172-726736faca1b|rpc:10.1.0.13:15279|admin:10.1.0.13:15278|client:10.1.0.13:15277|dataStream:10.1.0.13:15280|priority:0|startupRole:FOLLOWER, b469f820-ca6e-4614-936b-d267e952ce44|rpc:10.1.0.13:15288|admin:10.1.0.13:15287|client:10.1.0.13:15286|dataStream:10.1.0.13:15289|priority:1|startupRole:FOLLOWER]|listeners:[], old=null
2023-07-05 13:45:15,359 [grpc-default-executor-5] INFO  server.RaftServer$Division (RaftServerImpl.java:requestVote(1302)) - cf260cd7-cba0-4bd9-b172-726736faca1b@group-1522C8774158: receive requestVote(PRE_VOTE, b469f820-ca6e-4614-936b-d267e952ce44, group-1522C8774158, 0, (t:0, i:0))
2023-07-05 13:45:15,359 [grpc-default-executor-5] INFO  impl.VoteContext (VoteContext.java:log(49)) - cf260cd7-cba0-4bd9-b172-726736faca1b@group-1522C8774158-FOLLOWER: accept PRE_VOTE from b469f820-ca6e-4614-936b-d267e952ce44: our priority 0 <= candidate's priority 1
2023-07-05 13:45:15,359 [grpc-default-executor-5] INFO  server.RaftServer$Division (RaftServerImpl.java:requestVote(1335)) - cf260cd7-cba0-4bd9-b172-726736faca1b@group-1522C8774158 replies to PRE_VOTE vote request: b469f820-ca6e-4614-936b-d267e952ce44<-cf260cd7-cba0-4bd9-b172-726736faca1b#0:OK-t0. Peer's state: cf260cd7-cba0-4bd9-b172-726736faca1b@group-1522C8774158:t0, leader=null, voted=, raftlog=Memoized:cf260cd7-cba0-4bd9-b172-726736faca1b@group-1522C8774158-SegmentedRaftLog:OPENED:c-1, conf=-1: peers:[eea920e5-eed2-4ccd-b274-7d8a7cd1384a|rpc:10.1.0.13:15297|admin:10.1.0.13:15296|client:10.1.0.13:15295|dataStream:10.1.0.13:15298|priority:0|startupRole:FOLLOWER, cf260cd7-cba0-4bd9-b172-726736faca1b|rpc:10.1.0.13:15279|admin:10.1.0.13:15278|client:10.1.0.13:15277|dataStream:10.1.0.13:15280|priority:0|startupRole:FOLLOWER, b469f820-ca6e-4614-936b-d267e952ce44|rpc:10.1.0.13:15288|admin:10.1.0.13:15287|client:10.1.0.13:15286|dataStream:10.1.0.13:15289|priority:1|startupRole:FOLLOWER]|listeners:[], old=null
2023-07-05 13:45:15,361 [grpc-default-executor-4] INFO  server.RaftServer$Division (RaftServerImpl.java:requestVote(1302)) - eea920e5-eed2-4ccd-b274-7d8a7cd1384a@group-1522C8774158: receive requestVote(ELECTION, b469f820-ca6e-4614-936b-d267e952ce44, group-1522C8774158, 1, (t:0, i:0))
2023-07-05 13:45:15,361 [b469f820-ca6e-4614-936b-d267e952ce44@group-1522C8774158-LeaderElection59] INFO  server.RaftServerConfigKeys (ConfUtils.java:logFallback(53)) - raft.server.rpc.first-election.timeout.min = 5s (fallback to raft.server.rpc.timeout.min)
2023-07-05 13:45:15,361 [grpc-default-executor-4] INFO  impl.VoteContext (VoteContext.java:log(49)) - eea920e5-eed2-4ccd-b274-7d8a7cd1384a@group-1522C8774158-FOLLOWER: accept ELECTION from b469f820-ca6e-4614-936b-d267e952ce44: our priority 0 <= candidate's priority 1
2023-07-05 13:45:15,362 [grpc-default-executor-4] INFO  server.RaftServer$Division (RaftServerImpl.java:setRole(329)) - eea920e5-eed2-4ccd-b274-7d8a7cd1384a@group-1522C8774158: changes role from  FOLLOWER to FOLLOWER at term 1 for candidate:b469f820-ca6e-4614-936b-d267e952ce44
2023-07-05 13:45:15,362 [grpc-default-executor-4] INFO  impl.RoleInfo (RoleInfo.java:shutdownFollowerState(110)) - eea920e5-eed2-4ccd-b274-7d8a7cd1384a: shutdown eea920e5-eed2-4ccd-b274-7d8a7cd1384a@group-1522C8774158-FollowerState
2023-07-05 13:45:15,362 [grpc-default-executor-4] INFO  impl.RoleInfo (RoleInfo.java:updateAndGet(139)) - eea920e5-eed2-4ccd-b274-7d8a7cd1384a: start eea920e5-eed2-4ccd-b274-7d8a7cd1384a@group-1522C8774158-FollowerState
2023-07-05 13:45:15,362 [eea920e5-eed2-4ccd-b274-7d8a7cd1384a@group-1522C8774158-FollowerState] INFO  impl.FollowerState (FollowerState.java:run(152)) - eea920e5-eed2-4ccd-b274-7d8a7cd1384a@group-1522C8774158-FollowerState was interrupted
2023-07-05 13:45:15,361 [b469f820-ca6e-4614-936b-d267e952ce44@group-1522C8774158-LeaderElection59] INFO  server.RaftServerConfigKeys (ConfUtils.java:logFallback(53)) - raft.server.rpc.first-election.timeout.max = 5200ms (fallback to raft.server.rpc.timeout.max)
2023-07-05 13:45:15,364 [grpc-default-executor-5] INFO  server.RaftServer$Division (RaftServerImpl.java:requestVote(1302)) - cf260cd7-cba0-4bd9-b172-726736faca1b@group-1522C8774158: receive requestVote(ELECTION, b469f820-ca6e-4614-936b-d267e952ce44, group-1522C8774158, 1, (t:0, i:0))
2023-07-05 13:45:15,365 [grpc-default-executor-5] INFO  impl.VoteContext (VoteContext.java:log(49)) - cf260cd7-cba0-4bd9-b172-726736faca1b@group-1522C8774158-FOLLOWER: accept ELECTION from b469f820-ca6e-4614-936b-d267e952ce44: our priority 0 <= candidate's priority 1
2023-07-05 13:45:15,365 [grpc-default-executor-5] INFO  server.RaftServer$Division (RaftServerImpl.java:setRole(329)) - cf260cd7-cba0-4bd9-b172-726736faca1b@group-1522C8774158: changes role from  FOLLOWER to FOLLOWER at term 1 for candidate:b469f820-ca6e-4614-936b-d267e952ce44
2023-07-05 13:45:15,365 [grpc-default-executor-5] INFO  impl.RoleInfo (RoleInfo.java:shutdownFollowerState(110)) - cf260cd7-cba0-4bd9-b172-726736faca1b: shutdown cf260cd7-cba0-4bd9-b172-726736faca1b@group-1522C8774158-FollowerState
2023-07-05 13:45:15,365 [grpc-default-executor-5] INFO  impl.RoleInfo (RoleInfo.java:updateAndGet(139)) - cf260cd7-cba0-4bd9-b172-726736faca1b: start cf260cd7-cba0-4bd9-b172-726736faca1b@group-1522C8774158-FollowerState
2023-07-05 13:45:15,365 [cf260cd7-cba0-4bd9-b172-726736faca1b@group-1522C8774158-FollowerState] INFO  impl.FollowerState (FollowerState.java:run(152)) - cf260cd7-cba0-4bd9-b172-726736faca1b@group-1522C8774158-FollowerState was interrupted
2023-07-05 13:45:15,366 [grpc-default-executor-4] INFO  server.RaftServer$Division (RaftServerImpl.java:requestVote(1335)) - eea920e5-eed2-4ccd-b274-7d8a7cd1384a@group-1522C8774158 replies to ELECTION vote request: b469f820-ca6e-4614-936b-d267e952ce44<-eea920e5-eed2-4ccd-b274-7d8a7cd1384a#0:OK-t1. Peer's state: eea920e5-eed2-4ccd-b274-7d8a7cd1384a@group-1522C8774158:t1, leader=null, voted=b469f820-ca6e-4614-936b-d267e952ce44, raftlog=Memoized:eea920e5-eed2-4ccd-b274-7d8a7cd1384a@group-1522C8774158-SegmentedRaftLog:OPENED:c-1, conf=-1: peers:[eea920e5-eed2-4ccd-b274-7d8a7cd1384a|rpc:10.1.0.13:15297|admin:10.1.0.13:15296|client:10.1.0.13:15295|dataStream:10.1.0.13:15298|priority:0|startupRole:FOLLOWER, cf260cd7-cba0-4bd9-b172-726736faca1b|rpc:10.1.0.13:15279|admin:10.1.0.13:15278|client:10.1.0.13:15277|dataStream:10.1.0.13:15280|priority:0|startupRole:FOLLOWER, b469f820-ca6e-4614-936b-d267e952ce44|rpc:10.1.0.13:15288|admin:10.1.0.13:15287|client:10.1.0.13:15286|dataStream:10.1.0.13:15289|priority:1|startupRole:FOLLOWER]|listeners:[], old=null
2023-07-05 13:45:15,367 [b469f820-ca6e-4614-936b-d267e952ce44@group-1522C8774158-LeaderElection59] INFO  impl.LeaderElection (LeaderElection.java:logAndReturn(90)) - b469f820-ca6e-4614-936b-d267e952ce44@group-1522C8774158-LeaderElection59: ELECTION PASSED received 1 response(s) and 0 exception(s):
2023-07-05 13:45:15,367 [b469f820-ca6e-4614-936b-d267e952ce44@group-1522C8774158-LeaderElection59] INFO  impl.LeaderElection (LeaderElection.java:logAndReturn(94)) -   Response 0: b469f820-ca6e-4614-936b-d267e952ce44<-eea920e5-eed2-4ccd-b274-7d8a7cd1384a#0:OK-t1
2023-07-05 13:45:15,367 [b469f820-ca6e-4614-936b-d267e952ce44@group-1522C8774158-LeaderElection59] INFO  impl.LeaderElection (LeaderElection.java:askForVotes(323)) - b469f820-ca6e-4614-936b-d267e952ce44@group-1522C8774158-LeaderElection59 ELECTION round 0: result PASSED
2023-07-05 13:45:15,367 [b469f820-ca6e-4614-936b-d267e952ce44@group-1522C8774158-LeaderElection59] INFO  impl.RoleInfo (RoleInfo.java:shutdownLeaderElection(130)) - b469f820-ca6e-4614-936b-d267e952ce44: shutdown b469f820-ca6e-4614-936b-d267e952ce44@group-1522C8774158-LeaderElection59
2023-07-05 13:45:15,367 [b469f820-ca6e-4614-936b-d267e952ce44@group-1522C8774158-LeaderElection59] INFO  server.RaftServer$Division (RaftServerImpl.java:setRole(329)) - b469f820-ca6e-4614-936b-d267e952ce44@group-1522C8774158: changes role from CANDIDATE to LEADER at term 1 for changeToLeader
2023-07-05 13:45:15,367 [b469f820-ca6e-4614-936b-d267e952ce44@group-1522C8774158-LeaderElection59] INFO  ratis.XceiverServerRatis (XceiverServerRatis.java:handleLeaderChangedNotification(902)) - Leader change notification received for group: group-1522C8774158 with new leaderId: b469f820-ca6e-4614-936b-d267e952ce44
2023-07-05 13:45:15,367 [b469f820-ca6e-4614-936b-d267e952ce44@group-1522C8774158-LeaderElection59] INFO  server.RaftServer$Division (ServerState.java:setLeader(317)) - b469f820-ca6e-4614-936b-d267e952ce44@group-1522C8774158: change Leader from null to b469f820-ca6e-4614-936b-d267e952ce44 at term 1 for becomeLeader, leader elected after 5164ms
2023-07-05 13:45:15,367 [b469f820-ca6e-4614-936b-d267e952ce44@group-1522C8774158-LeaderElection59] INFO  server.RaftServerConfigKeys (ConfUtils.java:logGet(46)) - raft.server.staging.catchup.gap = 1000 (default)
2023-07-05 13:45:15,367 [b469f820-ca6e-4614-936b-d267e952ce44@group-1522C8774158-LeaderElection59] INFO  server.RaftServerConfigKeys (ConfUtils.java:logGet(46)) - raft.server.write.element-limit = 1024 (custom)
2023-07-05 13:45:15,367 [b469f820-ca6e-4614-936b-d267e952ce44@group-1522C8774158-LeaderElection59] INFO  server.RaftServerConfigKeys (ConfUtils.java:logGet(46)) - raft.server.write.byte-limit = 1024 M (=1073741824) (custom)
2023-07-05 13:45:15,368 [b469f820-ca6e-4614-936b-d267e952ce44@group-1522C8774158-LeaderElection59] INFO  server.RaftServerConfigKeys (ConfUtils.java:logGet(46)) - raft.server.watch.timeout = 180s (custom)
2023-07-05 13:45:15,368 [b469f820-ca6e-4614-936b-d267e952ce44@group-1522C8774158-LeaderElection59] INFO  server.RaftServerConfigKeys (ConfUtils.java:logGet(46)) - raft.server.watch.timeout.denomination = 1s (default)
2023-07-05 13:45:15,368 [b469f820-ca6e-4614-936b-d267e952ce44@group-1522C8774158-LeaderElection59] INFO  server.RaftServerConfigKeys (ConfUtils.java:logGet(46)) - raft.server.watch.element-limit = 65536 (default)
2023-07-05 13:45:15,368 [b469f820-ca6e-4614-936b-d267e952ce44@group-1522C8774158-LeaderElection59] INFO  server.RaftServerConfigKeys (ConfUtils.java:logGet(46)) - raft.server.write.element-limit = 1024 (custom)
2023-07-05 13:45:15,368 [b469f820-ca6e-4614-936b-d267e952ce44@group-1522C8774158-LeaderElection59] INFO  server.RaftServerConfigKeys (ConfUtils.java:logGet(46)) - raft.server.write.follower.gap.ratio.max = -1.0 (default)
2023-07-05 13:45:15,368 [grpc-default-executor-5] INFO  server.RaftServer$Division (RaftServerImpl.java:requestVote(1335)) - cf260cd7-cba0-4bd9-b172-726736faca1b@group-1522C8774158 replies to ELECTION vote request: b469f820-ca6e-4614-936b-d267e952ce44<-cf260cd7-cba0-4bd9-b172-726736faca1b#0:OK-t1. Peer's state: cf260cd7-cba0-4bd9-b172-726736faca1b@group-1522C8774158:t1, leader=null, voted=b469f820-ca6e-4614-936b-d267e952ce44, raftlog=Memoized:cf260cd7-cba0-4bd9-b172-726736faca1b@group-1522C8774158-SegmentedRaftLog:OPENED:c-1, conf=-1: peers:[eea920e5-eed2-4ccd-b274-7d8a7cd1384a|rpc:10.1.0.13:15297|admin:10.1.0.13:15296|client:10.1.0.13:15295|dataStream:10.1.0.13:15298|priority:0|startupRole:FOLLOWER, cf260cd7-cba0-4bd9-b172-726736faca1b|rpc:10.1.0.13:15279|admin:10.1.0.13:15278|client:10.1.0.13:15277|dataStream:10.1.0.13:15280|priority:0|startupRole:FOLLOWER, b469f820-ca6e-4614-936b-d267e952ce44|rpc:10.1.0.13:15288|admin:10.1.0.13:15287|client:10.1.0.13:15286|dataStream:10.1.0.13:15289|priority:1|startupRole:FOLLOWER]|listeners:[], old=null
2023-07-05 13:45:15,368 [b469f820-ca6e-4614-936b-d267e952ce44@group-1522C8774158-LeaderElection59] INFO  server.RaftServerConfigKeys (ConfUtils.java:logGet(46)) - raft.server.log.appender.snapshot.chunk.size.max = 16MB (=16777216) (default)
2023-07-05 13:45:15,368 [b469f820-ca6e-4614-936b-d267e952ce44@group-1522C8774158-LeaderElection59] INFO  server.RaftServerConfigKeys (ConfUtils.java:logGet(46)) - raft.server.log.appender.buffer.byte-limit = 33554432 (custom)
2023-07-05 13:45:15,368 [b469f820-ca6e-4614-936b-d267e952ce44@group-1522C8774158-LeaderElection59] INFO  server.RaftServerConfigKeys (ConfUtils.java:logGet(46)) - raft.server.log.appender.buffer.element-limit = 1 (custom)
2023-07-05 13:45:15,368 [b469f820-ca6e-4614-936b-d267e952ce44@group-1522C8774158-LeaderElection59] INFO  server.RaftServerConfigKeys (ConfUtils.java:logGet(46)) - raft.server.log.appender.wait-time.min = 10ms (default)
2023-07-05 13:45:15,368 [b469f820-ca6e-4614-936b-d267e952ce44@group-1522C8774158-LeaderElection59] INFO  grpc.GrpcConfigKeys (ConfUtils.java:logGet(46)) - raft.grpc.server.leader.outstanding.appends.max = 128 (default)
2023-07-05 13:45:15,369 [b469f820-ca6e-4614-936b-d267e952ce44@group-1522C8774158-LeaderElection59] INFO  server.RaftServerConfigKeys (ConfUtils.java:logGet(46)) - raft.server.rpc.request.timeout = 60s (custom)
2023-07-05 13:45:15,369 [b469f820-ca6e-4614-936b-d267e952ce44@group-1522C8774158-LeaderElection59] INFO  grpc.GrpcConfigKeys (ConfUtils.java:logGet(46)) - raft.grpc.server.install_snapshot.request.element-limit = 8 (default)
2023-07-05 13:45:15,369 [b469f820-ca6e-4614-936b-d267e952ce44@group-1522C8774158-LeaderElection59] INFO  grpc.GrpcConfigKeys (ConfUtils.java:logGet(46)) - raft.grpc.server.install_snapshot.request.timeout = 3000ms (default)
2023-07-05 13:45:15,369 [b469f820-ca6e-4614-936b-d267e952ce44@group-1522C8774158-LeaderElection59] INFO  server.RaftServerConfigKeys (ConfUtils.java:logGet(46)) - raft.server.log.appender.install.snapshot.enabled = false (custom)
2023-07-05 13:45:15,369 [b469f820-ca6e-4614-936b-d267e952ce44@group-1522C8774158-LeaderElection59] INFO  grpc.GrpcConfigKeys (ConfUtils.java:logGet(46)) - raft.grpc.server.heartbeat.channel = true (default)
2023-07-05 13:45:15,369 [b469f820-ca6e-4614-936b-d267e952ce44@group-1522C8774158-LeaderElection59] INFO  server.RaftServerConfigKeys (ConfUtils.java:logGet(46)) - raft.server.log.appender.snapshot.chunk.size.max = 16MB (=16777216) (default)
2023-07-05 13:45:15,369 [b469f820-ca6e-4614-936b-d267e952ce44@group-1522C8774158-LeaderElection59] INFO  server.RaftServerConfigKeys (ConfUtils.java:logGet(46)) - raft.server.log.appender.buffer.byte-limit = 33554432 (custom)
2023-07-05 13:45:15,369 [b469f820-ca6e-4614-936b-d267e952ce44@group-1522C8774158-LeaderElection59] INFO  server.RaftServerConfigKeys (ConfUtils.java:logGet(46)) - raft.server.log.appender.buffer.element-limit = 1 (custom)
2023-07-05 13:45:15,369 [b469f820-ca6e-4614-936b-d267e952ce44@group-1522C8774158-LeaderElection59] INFO  server.RaftServerConfigKeys (ConfUtils.java:logGet(46)) - raft.server.log.appender.wait-time.min = 10ms (default)
2023-07-05 13:45:15,369 [b469f820-ca6e-4614-936b-d267e952ce44@group-1522C8774158-LeaderElection59] INFO  grpc.GrpcConfigKeys (ConfUtils.java:logGet(46)) - raft.grpc.server.leader.outstanding.appends.max = 128 (default)
2023-07-05 13:45:15,369 [b469f820-ca6e-4614-936b-d267e952ce44@group-1522C8774158-LeaderElection59] INFO  server.RaftServerConfigKeys (ConfUtils.java:logGet(46)) - raft.server.rpc.request.timeout = 60s (custom)
2023-07-05 13:45:15,369 [b469f820-ca6e-4614-936b-d267e952ce44@group-1522C8774158-LeaderElection59] INFO  grpc.GrpcConfigKeys (ConfUtils.java:logGet(46)) - raft.grpc.server.install_snapshot.request.element-limit = 8 (default)
2023-07-05 13:45:15,370 [b469f820-ca6e-4614-936b-d267e952ce44@group-1522C8774158-LeaderElection59] INFO  grpc.GrpcConfigKeys (ConfUtils.java:logGet(46)) - raft.grpc.server.install_snapshot.request.timeout = 3000ms (default)
2023-07-05 13:45:15,370 [b469f820-ca6e-4614-936b-d267e952ce44@group-1522C8774158-LeaderElection59] INFO  server.RaftServerConfigKeys (ConfUtils.java:logGet(46)) - raft.server.log.appender.install.snapshot.enabled = false (custom)
2023-07-05 13:45:15,370 [b469f820-ca6e-4614-936b-d267e952ce44@group-1522C8774158-LeaderElection59] INFO  grpc.GrpcConfigKeys (ConfUtils.java:logGet(46)) - raft.grpc.server.heartbeat.channel = true (default)
2023-07-05 13:45:15,370 [b469f820-ca6e-4614-936b-d267e952ce44@group-1522C8774158-LeaderElection59] INFO  impl.RoleInfo (RoleInfo.java:updateAndGet(139)) - b469f820-ca6e-4614-936b-d267e952ce44: start b469f820-ca6e-4614-936b-d267e952ce44@group-1522C8774158-LeaderStateImpl
2023-07-05 13:45:15,370 [EventQueue-PipelineReportForPipelineReportHandler] INFO  pipeline.PipelineReportHandler (PipelineReportHandler.java:processPipelineReport(136)) - Opened pipeline PipelineID=44fbc6c9-e543-4df8-9e3c-1522c8774158
2023-07-05 13:45:15,370 [b469f820-ca6e-4614-936b-d267e952ce44@group-1522C8774158-LeaderElection59] INFO  segmented.SegmentedRaftLogWorker (SegmentedRaftLogWorker.java:startLogSegment(447)) - b469f820-ca6e-4614-936b-d267e952ce44@group-1522C8774158-SegmentedRaftLogWorker: Starting segment from index:0
2023-07-05 13:45:15,375 [b469f820-ca6e-4614-936b-d267e952ce44@group-1522C8774158-SegmentedRaftLogWorker] INFO  segmented.SegmentedRaftLogWorker (SegmentedRaftLogWorker.java:execute(651)) - b469f820-ca6e-4614-936b-d267e952ce44@group-1522C8774158-SegmentedRaftLogWorker: created new log segment /home/runner/work/ozone/ozone/hadoop-ozone/integration-test/target/test-dir/MiniOzoneClusterImpl-b87fbc93-14ec-4c7b-9414-fd1969dd8eca/datanode-1/data/ratis/44fbc6c9-e543-4df8-9e3c-1522c8774158/current/log_inprogress_0
2023-07-05 13:45:15,375 [b469f820-ca6e-4614-936b-d267e952ce44@group-1522C8774158-LeaderElection59] INFO  server.RaftServer$Division (ServerState.java:setRaftConf(434)) - b469f820-ca6e-4614-936b-d267e952ce44@group-1522C8774158: set configuration 0: peers:[eea920e5-eed2-4ccd-b274-7d8a7cd1384a|rpc:10.1.0.13:15297|admin:10.1.0.13:15296|client:10.1.0.13:15295|dataStream:10.1.0.13:15298|priority:0|startupRole:FOLLOWER, cf260cd7-cba0-4bd9-b172-726736faca1b|rpc:10.1.0.13:15279|admin:10.1.0.13:15278|client:10.1.0.13:15277|dataStream:10.1.0.13:15280|priority:0|startupRole:FOLLOWER, b469f820-ca6e-4614-936b-d267e952ce44|rpc:10.1.0.13:15288|admin:10.1.0.13:15287|client:10.1.0.13:15286|dataStream:10.1.0.13:15289|priority:1|startupRole:FOLLOWER]|listeners:[], old=null
2023-07-05 13:45:15,386 [cf260cd7-cba0-4bd9-b172-726736faca1b-server-thread1] INFO  ratis.XceiverServerRatis (XceiverServerRatis.java:handleLeaderChangedNotification(902)) - Leader change notification received for group: group-1522C8774158 with new leaderId: b469f820-ca6e-4614-936b-d267e952ce44
2023-07-05 13:45:15,386 [cf260cd7-cba0-4bd9-b172-726736faca1b-server-thread1] INFO  server.RaftServer$Division (ServerState.java:setLeader(317)) - cf260cd7-cba0-4bd9-b172-726736faca1b@group-1522C8774158: change Leader from null to b469f820-ca6e-4614-936b-d267e952ce44 at term 1 for appendEntries, leader elected after 5248ms
2023-07-05 13:45:15,392 [eea920e5-eed2-4ccd-b274-7d8a7cd1384a-server-thread1] INFO  ratis.XceiverServerRatis (XceiverServerRatis.java:handleLeaderChangedNotification(902)) - Leader change notification received for group: group-1522C8774158 with new leaderId: b469f820-ca6e-4614-936b-d267e952ce44
2023-07-05 13:45:15,392 [eea920e5-eed2-4ccd-b274-7d8a7cd1384a-server-thread1] INFO  server.RaftServer$Division (ServerState.java:setLeader(317)) - eea920e5-eed2-4ccd-b274-7d8a7cd1384a@group-1522C8774158: change Leader from null to b469f820-ca6e-4614-936b-d267e952ce44 at term 1 for appendEntries, leader elected after 5226ms
2023-07-05 13:45:15,399 [eea920e5-eed2-4ccd-b274-7d8a7cd1384a-server-thread1] INFO  server.RaftServer$Division (ServerState.java:setRaftConf(434)) - eea920e5-eed2-4ccd-b274-7d8a7cd1384a@group-1522C8774158: set configuration 0: peers:[eea920e5-eed2-4ccd-b274-7d8a7cd1384a|rpc:10.1.0.13:15297|admin:10.1.0.13:15296|client:10.1.0.13:15295|dataStream:10.1.0.13:15298|priority:0|startupRole:FOLLOWER, cf260cd7-cba0-4bd9-b172-726736faca1b|rpc:10.1.0.13:15279|admin:10.1.0.13:15278|client:10.1.0.13:15277|dataStream:10.1.0.13:15280|priority:0|startupRole:FOLLOWER, b469f820-ca6e-4614-936b-d267e952ce44|rpc:10.1.0.13:15288|admin:10.1.0.13:15287|client:10.1.0.13:15286|dataStream:10.1.0.13:15289|priority:1|startupRole:FOLLOWER]|listeners:[], old=null
2023-07-05 13:45:15,400 [eea920e5-eed2-4ccd-b274-7d8a7cd1384a-server-thread1] INFO  segmented.SegmentedRaftLogWorker (SegmentedRaftLogWorker.java:startLogSegment(447)) - eea920e5-eed2-4ccd-b274-7d8a7cd1384a@group-1522C8774158-SegmentedRaftLogWorker: Starting segment from index:0
2023-07-05 13:45:15,401 [eea920e5-eed2-4ccd-b274-7d8a7cd1384a@group-1522C8774158-SegmentedRaftLogWorker] INFO  segmented.SegmentedRaftLogWorker (SegmentedRaftLogWorker.java:execute(651)) - eea920e5-eed2-4ccd-b274-7d8a7cd1384a@group-1522C8774158-SegmentedRaftLogWorker: created new log segment /home/runner/work/ozone/ozone/hadoop-ozone/integration-test/target/test-dir/MiniOzoneClusterImpl-b87fbc93-14ec-4c7b-9414-fd1969dd8eca/datanode-2/data/ratis/44fbc6c9-e543-4df8-9e3c-1522c8774158/current/log_inprogress_0
2023-07-05 13:45:15,404 [cf260cd7-cba0-4bd9-b172-726736faca1b-server-thread2] INFO  server.RaftServer$Division (ServerState.java:setRaftConf(434)) - cf260cd7-cba0-4bd9-b172-726736faca1b@group-1522C8774158: set configuration 0: peers:[eea920e5-eed2-4ccd-b274-7d8a7cd1384a|rpc:10.1.0.13:15297|admin:10.1.0.13:15296|client:10.1.0.13:15295|dataStream:10.1.0.13:15298|priority:0|startupRole:FOLLOWER, cf260cd7-cba0-4bd9-b172-726736faca1b|rpc:10.1.0.13:15279|admin:10.1.0.13:15278|client:10.1.0.13:15277|dataStream:10.1.0.13:15280|priority:0|startupRole:FOLLOWER, b469f820-ca6e-4614-936b-d267e952ce44|rpc:10.1.0.13:15288|admin:10.1.0.13:15287|client:10.1.0.13:15286|dataStream:10.1.0.13:15289|priority:1|startupRole:FOLLOWER]|listeners:[], old=null
2023-07-05 13:45:15,405 [cf260cd7-cba0-4bd9-b172-726736faca1b-server-thread2] INFO  segmented.SegmentedRaftLogWorker (SegmentedRaftLogWorker.java:startLogSegment(447)) - cf260cd7-cba0-4bd9-b172-726736faca1b@group-1522C8774158-SegmentedRaftLogWorker: Starting segment from index:0
2023-07-05 13:45:15,407 [cf260cd7-cba0-4bd9-b172-726736faca1b@group-1522C8774158-SegmentedRaftLogWorker] INFO  segmented.SegmentedRaftLogWorker (SegmentedRaftLogWorker.java:execute(651)) - cf260cd7-cba0-4bd9-b172-726736faca1b@group-1522C8774158-SegmentedRaftLogWorker: created new log segment /home/runner/work/ozone/ozone/hadoop-ozone/integration-test/target/test-dir/MiniOzoneClusterImpl-b87fbc93-14ec-4c7b-9414-fd1969dd8eca/datanode-0/data/ratis/44fbc6c9-e543-4df8-9e3c-1522c8774158/current/log_inprogress_0
2023-07-05 13:45:15,442 [Time-limited test] INFO  ozone.MiniOzoneClusterImpl (MiniOzoneClusterImpl.java:lambda$waitForClusterToBeReady$0(224)) - Nodes are ready. Got 5 of 5 DN Heartbeats.
2023-07-05 13:45:15,442 [Time-limited test] INFO  ozone.MiniOzoneClusterImpl (MiniOzoneClusterImpl.java:lambda$waitForClusterToBeReady$0(227)) - Cluster exits safe mode
2023-07-05 13:45:15,442 [Time-limited test] INFO  ozone.MiniOzoneClusterImpl (MiniOzoneClusterImpl.java:lambda$waitForClusterToBeReady$0(229)) - SCM became leader
2023-07-05 13:45:15,462 [Time-limited test] INFO  rpc.RpcClient (RpcClient.java:createVolume(460)) - Creating Volume: vol1, with runner as owner and space quota set to -1 bytes, counts quota set to -1
2023-07-05 13:45:15,470 [OM StateMachine ApplyTransaction Thread - 0] INFO  volume.OMVolumeCreateRequest (OMVolumeCreateRequest.java:validateAndUpdateCache(196)) - created volume:vol1 for user:runner
2023-07-05 13:45:15,480 [Time-limited test] INFO  rpc.RpcClient (RpcClient.java:createBucket(687)) - Creating Bucket: vol1/bucket1, with server-side default bucket layout, runner as owner, Versioning false, Storage Type set to DISK and Encryption set to false, Replication Type set to server-side default replication type, Namespace Quota set to -1, Space Quota set to -1 
2023-07-05 13:45:15,485 [b469f820-ca6e-4614-936b-d267e952ce44@group-749E4155CEBB-FollowerState] INFO  impl.FollowerState (FollowerState.java:run(143)) - b469f820-ca6e-4614-936b-d267e952ce44@group-749E4155CEBB-FollowerState: change to CANDIDATE, lastRpcElapsedTime:5071530328ns, electionTimeout:5070ms
2023-07-05 13:45:15,485 [b469f820-ca6e-4614-936b-d267e952ce44@group-749E4155CEBB-FollowerState] INFO  impl.RoleInfo (RoleInfo.java:shutdownFollowerState(110)) - b469f820-ca6e-4614-936b-d267e952ce44: shutdown b469f820-ca6e-4614-936b-d267e952ce44@group-749E4155CEBB-FollowerState
2023-07-05 13:45:15,485 [b469f820-ca6e-4614-936b-d267e952ce44@group-749E4155CEBB-FollowerState] INFO  server.RaftServer$Division (RaftServerImpl.java:setRole(329)) - b469f820-ca6e-4614-936b-d267e952ce44@group-749E4155CEBB: changes role from  FOLLOWER to CANDIDATE at term 0 for changeToCandidate
2023-07-05 13:45:15,486 [b469f820-ca6e-4614-936b-d267e952ce44@group-749E4155CEBB-FollowerState] INFO  server.RaftServerConfigKeys (ConfUtils.java:logGet(46)) - raft.server.leaderelection.pre-vote = true (default)
2023-07-05 13:45:15,486 [b469f820-ca6e-4614-936b-d267e952ce44@group-749E4155CEBB-FollowerState] INFO  impl.RoleInfo (RoleInfo.java:updateAndGet(139)) - b469f820-ca6e-4614-936b-d267e952ce44: start b469f820-ca6e-4614-936b-d267e952ce44@group-749E4155CEBB-LeaderElection60
2023-07-05 13:45:15,487 [OM StateMachine ApplyTransaction Thread - 0] INFO  bucket.OMBucketCreateRequest (OMBucketCreateRequest.java:validateAndUpdateCache(270)) - created bucket: bucket1 of layout FILE_SYSTEM_OPTIMIZED in volume: vol1
2023-07-05 13:45:15,497 [b469f820-ca6e-4614-936b-d267e952ce44@group-749E4155CEBB-LeaderElection60] INFO  impl.LeaderElection (LeaderElection.java:askForVotes(321)) - b469f820-ca6e-4614-936b-d267e952ce44@group-749E4155CEBB-LeaderElection60 PRE_VOTE round 0: submit vote requests at term 0 for -1: peers:[b469f820-ca6e-4614-936b-d267e952ce44|rpc:10.1.0.13:15288|admin:10.1.0.13:15287|client:10.1.0.13:15286|dataStream:10.1.0.13:15289|priority:1|startupRole:FOLLOWER]|listeners:[], old=null
2023-07-05 13:45:15,497 [b469f820-ca6e-4614-936b-d267e952ce44@group-749E4155CEBB-LeaderElection60] INFO  impl.LeaderElection (LeaderElection.java:askForVotes(323)) - b469f820-ca6e-4614-936b-d267e952ce44@group-749E4155CEBB-LeaderElection60 PRE_VOTE round 0: result PASSED (term=0)
2023-07-05 13:45:15,500 [b469f820-ca6e-4614-936b-d267e952ce44@group-749E4155CEBB-LeaderElection60] INFO  impl.LeaderElection (LeaderElection.java:askForVotes(321)) - b469f820-ca6e-4614-936b-d267e952ce44@group-749E4155CEBB-LeaderElection60 ELECTION round 0: submit vote requests at term 1 for -1: peers:[b469f820-ca6e-4614-936b-d267e952ce44|rpc:10.1.0.13:15288|admin:10.1.0.13:15287|client:10.1.0.13:15286|dataStream:10.1.0.13:15289|priority:1|startupRole:FOLLOWER]|listeners:[], old=null
2023-07-05 13:45:15,500 [b469f820-ca6e-4614-936b-d267e952ce44@group-749E4155CEBB-LeaderElection60] INFO  impl.LeaderElection (LeaderElection.java:askForVotes(323)) - b469f820-ca6e-4614-936b-d267e952ce44@group-749E4155CEBB-LeaderElection60 ELECTION round 0: result PASSED (term=1)
2023-07-05 13:45:15,500 [b469f820-ca6e-4614-936b-d267e952ce44@group-749E4155CEBB-LeaderElection60] INFO  impl.RoleInfo (RoleInfo.java:shutdownLeaderElection(130)) - b469f820-ca6e-4614-936b-d267e952ce44: shutdown b469f820-ca6e-4614-936b-d267e952ce44@group-749E4155CEBB-LeaderElection60
2023-07-05 13:45:15,500 [b469f820-ca6e-4614-936b-d267e952ce44@group-749E4155CEBB-LeaderElection60] INFO  server.RaftServer$Division (RaftServerImpl.java:setRole(329)) - b469f820-ca6e-4614-936b-d267e952ce44@group-749E4155CEBB: changes role from CANDIDATE to LEADER at term 1 for changeToLeader
2023-07-05 13:45:15,500 [b469f820-ca6e-4614-936b-d267e952ce44@group-749E4155CEBB-LeaderElection60] INFO  ratis.XceiverServerRatis (XceiverServerRatis.java:handleLeaderChangedNotification(902)) - Leader change notification received for group: group-749E4155CEBB with new leaderId: b469f820-ca6e-4614-936b-d267e952ce44
2023-07-05 13:45:15,501 [b469f820-ca6e-4614-936b-d267e952ce44@group-749E4155CEBB-LeaderElection60] INFO  server.RaftServer$Division (ServerState.java:setLeader(317)) - b469f820-ca6e-4614-936b-d267e952ce44@group-749E4155CEBB: change Leader from null to b469f820-ca6e-4614-936b-d267e952ce44 at term 1 for becomeLeader, leader elected after 5103ms
2023-07-05 13:45:15,501 [b469f820-ca6e-4614-936b-d267e952ce44@group-749E4155CEBB-LeaderElection60] INFO  server.RaftServerConfigKeys (ConfUtils.java:logGet(46)) - raft.server.staging.catchup.gap = 1000 (default)
2023-07-05 13:45:15,504 [b469f820-ca6e-4614-936b-d267e952ce44@group-749E4155CEBB-LeaderElection60] INFO  server.RaftServerConfigKeys (ConfUtils.java:logGet(46)) - raft.server.write.element-limit = 1024 (custom)
2023-07-05 13:45:15,504 [b469f820-ca6e-4614-936b-d267e952ce44@group-749E4155CEBB-LeaderElection60] INFO  server.RaftServerConfigKeys (ConfUtils.java:logGet(46)) - raft.server.write.byte-limit = 1024 M (=1073741824) (custom)
2023-07-05 13:45:15,504 [b469f820-ca6e-4614-936b-d267e952ce44@group-749E4155CEBB-LeaderElection60] INFO  server.RaftServerConfigKeys (ConfUtils.java:logGet(46)) - raft.server.watch.timeout = 180s (custom)
2023-07-05 13:45:15,504 [b469f820-ca6e-4614-936b-d267e952ce44@group-749E4155CEBB-LeaderElection60] INFO  server.RaftServerConfigKeys (ConfUtils.java:logGet(46)) - raft.server.watch.timeout.denomination = 1s (default)
2023-07-05 13:45:15,504 [b469f820-ca6e-4614-936b-d267e952ce44@group-749E4155CEBB-LeaderElection60] INFO  server.RaftServerConfigKeys (ConfUtils.java:logGet(46)) - raft.server.watch.element-limit = 65536 (default)
2023-07-05 13:45:15,504 [b469f820-ca6e-4614-936b-d267e952ce44@group-749E4155CEBB-LeaderElection60] INFO  server.RaftServerConfigKeys (ConfUtils.java:logGet(46)) - raft.server.write.element-limit = 1024 (custom)
2023-07-05 13:45:15,504 [b469f820-ca6e-4614-936b-d267e952ce44@group-749E4155CEBB-LeaderElection60] INFO  server.RaftServerConfigKeys (ConfUtils.java:logGet(46)) - raft.server.write.follower.gap.ratio.max = -1.0 (default)
2023-07-05 13:45:15,504 [b469f820-ca6e-4614-936b-d267e952ce44@group-749E4155CEBB-LeaderElection60] INFO  impl.RoleInfo (RoleInfo.java:updateAndGet(139)) - b469f820-ca6e-4614-936b-d267e952ce44: start b469f820-ca6e-4614-936b-d267e952ce44@group-749E4155CEBB-LeaderStateImpl
2023-07-05 13:45:15,504 [b469f820-ca6e-4614-936b-d267e952ce44@group-749E4155CEBB-LeaderElection60] INFO  segmented.SegmentedRaftLogWorker (SegmentedRaftLogWorker.java:startLogSegment(447)) - b469f820-ca6e-4614-936b-d267e952ce44@group-749E4155CEBB-SegmentedRaftLogWorker: Starting segment from index:0
2023-07-05 13:45:15,506 [b469f820-ca6e-4614-936b-d267e952ce44@group-749E4155CEBB-SegmentedRaftLogWorker] INFO  segmented.SegmentedRaftLogWorker (SegmentedRaftLogWorker.java:execute(651)) - b469f820-ca6e-4614-936b-d267e952ce44@group-749E4155CEBB-SegmentedRaftLogWorker: created new log segment /home/runner/work/ozone/ozone/hadoop-ozone/integration-test/target/test-dir/MiniOzoneClusterImpl-b87fbc93-14ec-4c7b-9414-fd1969dd8eca/datanode-1/data/ratis/1f7cb4d1-3e5a-43a9-aba7-749e4155cebb/current/log_inprogress_0
2023-07-05 13:45:15,515 [b469f820-ca6e-4614-936b-d267e952ce44@group-749E4155CEBB-LeaderElection60] INFO  server.RaftServer$Division (ServerState.java:setRaftConf(434)) - b469f820-ca6e-4614-936b-d267e952ce44@group-749E4155CEBB: set configuration 0: peers:[b469f820-ca6e-4614-936b-d267e952ce44|rpc:10.1.0.13:15288|admin:10.1.0.13:15287|client:10.1.0.13:15286|dataStream:10.1.0.13:15289|priority:1|startupRole:FOLLOWER]|listeners:[], old=null
2023-07-05 13:45:15,518 [IPC Server handler 2 on default port 15266] INFO  ha.SequenceIdGenerator (SequenceIdGenerator.java:getNextId(133)) - Allocate a batch for containerId, change lastId from 0 to 1000.
2023-07-05 13:45:15,519 [IPC Server handler 2 on default port 15266] WARN  ha.SequenceIdGenerator (SequenceIdGenerator.java:allocateBatch(242)) - Failed to allocate a batch for localId, expected lastId is 0, actual lastId is 111677748019200000.
2023-07-05 13:45:15,519 [IPC Server handler 2 on default port 15266] INFO  ha.SequenceIdGenerator (SequenceIdGenerator.java:getNextId(133)) - Allocate a batch for localId, change lastId from 111677748019200000 to 111677748019201000.
2023-07-05 13:45:15,655 [EventQueue-CloseContainerForCloseContainerEventHandler] INFO  container.CloseContainerEventHandler (CloseContainerEventHandler.java:onMessage(88)) - Close container Event triggered for container : #1, current state: OPEN
2023-07-05 13:45:15,661 [EventQueue-CloseContainerForCloseContainerEventHandler] INFO  container.CloseContainerEventHandler (CloseContainerEventHandler.java:onMessage(88)) - Close container Event triggered for container : #1, current state: CLOSING
2023-07-05 13:45:15,663 [EventQueue-CloseContainerForCloseContainerEventHandler] INFO  container.CloseContainerEventHandler (CloseContainerEventHandler.java:onMessage(88)) - Close container Event triggered for container : #1, current state: CLOSING
2023-07-05 13:45:15,689 [ReplicationMonitor] INFO  replication.ReplicationManager (ReplicationManager.java:processAll(361)) - Replication Manager is not ready to run until 3000ms after safemode exit
2023-07-05 13:45:15,761 [eea920e5-eed2-4ccd-b274-7d8a7cd1384a@group-C90F6C517F0C-FollowerState] INFO  impl.FollowerState (FollowerState.java:run(143)) - eea920e5-eed2-4ccd-b274-7d8a7cd1384a@group-C90F6C517F0C-FollowerState: change to CANDIDATE, lastRpcElapsedTime:5012218901ns, electionTimeout:5010ms
2023-07-05 13:45:15,762 [eea920e5-eed2-4ccd-b274-7d8a7cd1384a@group-C90F6C517F0C-FollowerState] INFO  impl.RoleInfo (RoleInfo.java:shutdownFollowerState(110)) - eea920e5-eed2-4ccd-b274-7d8a7cd1384a: shutdown eea920e5-eed2-4ccd-b274-7d8a7cd1384a@group-C90F6C517F0C-FollowerState
2023-07-05 13:45:15,762 [eea920e5-eed2-4ccd-b274-7d8a7cd1384a@group-C90F6C517F0C-FollowerState] INFO  server.RaftServer$Division (RaftServerImpl.java:setRole(329)) - eea920e5-eed2-4ccd-b274-7d8a7cd1384a@group-C90F6C517F0C: changes role from  FOLLOWER to CANDIDATE at term 0 for changeToCandidate
2023-07-05 13:45:15,762 [eea920e5-eed2-4ccd-b274-7d8a7cd1384a@group-C90F6C517F0C-FollowerState] INFO  server.RaftServerConfigKeys (ConfUtils.java:logGet(46)) - raft.server.leaderelection.pre-vote = true (default)
2023-07-05 13:45:15,762 [eea920e5-eed2-4ccd-b274-7d8a7cd1384a@group-C90F6C517F0C-FollowerState] INFO  impl.RoleInfo (RoleInfo.java:updateAndGet(139)) - eea920e5-eed2-4ccd-b274-7d8a7cd1384a: start eea920e5-eed2-4ccd-b274-7d8a7cd1384a@group-C90F6C517F0C-LeaderElection61
2023-07-05 13:45:15,765 [eea920e5-eed2-4ccd-b274-7d8a7cd1384a@group-C90F6C517F0C-LeaderElection61] INFO  impl.LeaderElection (LeaderElection.java:askForVotes(321)) - eea920e5-eed2-4ccd-b274-7d8a7cd1384a@group-C90F6C517F0C-LeaderElection61 PRE_VOTE round 0: submit vote requests at term 0 for -1: peers:[eea920e5-eed2-4ccd-b274-7d8a7cd1384a|rpc:10.1.0.13:15297|admin:10.1.0.13:15296|client:10.1.0.13:15295|dataStream:10.1.0.13:15298|priority:1|startupRole:FOLLOWER]|listeners:[], old=null
2023-07-05 13:45:15,765 [eea920e5-eed2-4ccd-b274-7d8a7cd1384a@group-C90F6C517F0C-LeaderElection61] INFO  impl.LeaderElection (LeaderElection.java:askForVotes(323)) - eea920e5-eed2-4ccd-b274-7d8a7cd1384a@group-C90F6C517F0C-LeaderElection61 PRE_VOTE round 0: result PASSED (term=0)
2023-07-05 13:45:15,767 [eea920e5-eed2-4ccd-b274-7d8a7cd1384a@group-C90F6C517F0C-LeaderElection61] INFO  impl.LeaderElection (LeaderElection.java:askForVotes(321)) - eea920e5-eed2-4ccd-b274-7d8a7cd1384a@group-C90F6C517F0C-LeaderElection61 ELECTION round 0: submit vote requests at term 1 for -1: peers:[eea920e5-eed2-4ccd-b274-7d8a7cd1384a|rpc:10.1.0.13:15297|admin:10.1.0.13:15296|client:10.1.0.13:15295|dataStream:10.1.0.13:15298|priority:1|startupRole:FOLLOWER]|listeners:[], old=null
2023-07-05 13:45:15,767 [eea920e5-eed2-4ccd-b274-7d8a7cd1384a@group-C90F6C517F0C-LeaderElection61] INFO  impl.LeaderElection (LeaderElection.java:askForVotes(323)) - eea920e5-eed2-4ccd-b274-7d8a7cd1384a@group-C90F6C517F0C-LeaderElection61 ELECTION round 0: result PASSED (term=1)
2023-07-05 13:45:15,767 [eea920e5-eed2-4ccd-b274-7d8a7cd1384a@group-C90F6C517F0C-LeaderElection61] INFO  impl.RoleInfo (RoleInfo.java:shutdownLeaderElection(130)) - eea920e5-eed2-4ccd-b274-7d8a7cd1384a: shutdown eea920e5-eed2-4ccd-b274-7d8a7cd1384a@group-C90F6C517F0C-LeaderElection61
2023-07-05 13:45:15,767 [eea920e5-eed2-4ccd-b274-7d8a7cd1384a@group-C90F6C517F0C-LeaderElection61] INFO  server.RaftServer$Division (RaftServerImpl.java:setRole(329)) - eea920e5-eed2-4ccd-b274-7d8a7cd1384a@group-C90F6C517F0C: changes role from CANDIDATE to LEADER at term 1 for changeToLeader
2023-07-05 13:45:15,767 [eea920e5-eed2-4ccd-b274-7d8a7cd1384a@group-C90F6C517F0C-LeaderElection61] INFO  ratis.XceiverServerRatis (XceiverServerRatis.java:handleLeaderChangedNotification(902)) - Leader change notification received for group: group-C90F6C517F0C with new leaderId: eea920e5-eed2-4ccd-b274-7d8a7cd1384a
2023-07-05 13:45:15,767 [eea920e5-eed2-4ccd-b274-7d8a7cd1384a@group-C90F6C517F0C-LeaderElection61] INFO  server.RaftServer$Division (ServerState.java:setLeader(317)) - eea920e5-eed2-4ccd-b274-7d8a7cd1384a@group-C90F6C517F0C: change Leader from null to eea920e5-eed2-4ccd-b274-7d8a7cd1384a at term 1 for becomeLeader, leader elected after 5034ms
2023-07-05 13:45:15,767 [eea920e5-eed2-4ccd-b274-7d8a7cd1384a@group-C90F6C517F0C-LeaderElection61] INFO  server.RaftServerConfigKeys (ConfUtils.java:logGet(46)) - raft.server.staging.catchup.gap = 1000 (default)
2023-07-05 13:45:15,767 [eea920e5-eed2-4ccd-b274-7d8a7cd1384a@group-C90F6C517F0C-LeaderElection61] INFO  server.RaftServerConfigKeys (ConfUtils.java:logGet(46)) - raft.server.write.element-limit = 1024 (custom)
2023-07-05 13:45:15,767 [eea920e5-eed2-4ccd-b274-7d8a7cd1384a@group-C90F6C517F0C-LeaderElection61] INFO  server.RaftServerConfigKeys (ConfUtils.java:logGet(46)) - raft.server.write.byte-limit = 1024 M (=1073741824) (custom)
2023-07-05 13:45:15,768 [eea920e5-eed2-4ccd-b274-7d8a7cd1384a@group-C90F6C517F0C-LeaderElection61] INFO  server.RaftServerConfigKeys (ConfUtils.java:logGet(46)) - raft.server.watch.timeout = 180s (custom)
2023-07-05 13:45:15,768 [eea920e5-eed2-4ccd-b274-7d8a7cd1384a@group-C90F6C517F0C-LeaderElection61] INFO  server.RaftServerConfigKeys (ConfUtils.java:logGet(46)) - raft.server.watch.timeout.denomination = 1s (default)
2023-07-05 13:45:15,768 [eea920e5-eed2-4ccd-b274-7d8a7cd1384a@group-C90F6C517F0C-LeaderElection61] INFO  server.RaftServerConfigKeys (ConfUtils.java:logGet(46)) - raft.server.watch.element-limit = 65536 (default)
2023-07-05 13:45:15,768 [eea920e5-eed2-4ccd-b274-7d8a7cd1384a@group-C90F6C517F0C-LeaderElection61] INFO  server.RaftServerConfigKeys (ConfUtils.java:logGet(46)) - raft.server.write.element-limit = 1024 (custom)
2023-07-05 13:45:15,768 [eea920e5-eed2-4ccd-b274-7d8a7cd1384a@group-C90F6C517F0C-LeaderElection61] INFO  server.RaftServerConfigKeys (ConfUtils.java:logGet(46)) - raft.server.write.follower.gap.ratio.max = -1.0 (default)
2023-07-05 13:45:15,768 [eea920e5-eed2-4ccd-b274-7d8a7cd1384a@group-C90F6C517F0C-LeaderElection61] INFO  impl.RoleInfo (RoleInfo.java:updateAndGet(139)) - eea920e5-eed2-4ccd-b274-7d8a7cd1384a: start eea920e5-eed2-4ccd-b274-7d8a7cd1384a@group-C90F6C517F0C-LeaderStateImpl
2023-07-05 13:45:15,769 [eea920e5-eed2-4ccd-b274-7d8a7cd1384a@group-C90F6C517F0C-LeaderElection61] INFO  segmented.SegmentedRaftLogWorker (SegmentedRaftLogWorker.java:startLogSegment(447)) - eea920e5-eed2-4ccd-b274-7d8a7cd1384a@group-C90F6C517F0C-SegmentedRaftLogWorker: Starting segment from index:0
2023-07-05 13:45:15,769 [eea920e5-eed2-4ccd-b274-7d8a7cd1384a@group-C90F6C517F0C-LeaderElection61] INFO  server.RaftServer$Division (ServerState.java:setRaftConf(434)) - eea920e5-eed2-4ccd-b274-7d8a7cd1384a@group-C90F6C517F0C: set configuration 0: peers:[eea920e5-eed2-4ccd-b274-7d8a7cd1384a|rpc:10.1.0.13:15297|admin:10.1.0.13:15296|client:10.1.0.13:15295|dataStream:10.1.0.13:15298|priority:1|startupRole:FOLLOWER]|listeners:[], old=null
2023-07-05 13:45:15,770 [eea920e5-eed2-4ccd-b274-7d8a7cd1384a@group-C90F6C517F0C-SegmentedRaftLogWorker] INFO  segmented.SegmentedRaftLogWorker (SegmentedRaftLogWorker.java:execute(651)) - eea920e5-eed2-4ccd-b274-7d8a7cd1384a@group-C90F6C517F0C-SegmentedRaftLogWorker: created new log segment /home/runner/work/ozone/ozone/hadoop-ozone/integration-test/target/test-dir/MiniOzoneClusterImpl-b87fbc93-14ec-4c7b-9414-fd1969dd8eca/datanode-2/data/ratis/a5cef821-a6a8-4e1c-9145-c90f6c517f0c/current/log_inprogress_0
2023-07-05 13:45:16,210 [6ab841ea-0799-402d-88dc-833ad02962b2@group-9729437A2873-FollowerState] INFO  impl.FollowerState (FollowerState.java:run(143)) - 6ab841ea-0799-402d-88dc-833ad02962b2@group-9729437A2873-FollowerState: change to CANDIDATE, lastRpcElapsedTime:5062982792ns, electionTimeout:5060ms
2023-07-05 13:45:16,210 [6ab841ea-0799-402d-88dc-833ad02962b2@group-9729437A2873-FollowerState] INFO  impl.RoleInfo (RoleInfo.java:shutdownFollowerState(110)) - 6ab841ea-0799-402d-88dc-833ad02962b2: shutdown 6ab841ea-0799-402d-88dc-833ad02962b2@group-9729437A2873-FollowerState
2023-07-05 13:45:16,210 [6ab841ea-0799-402d-88dc-833ad02962b2@group-9729437A2873-FollowerState] INFO  server.RaftServer$Division (RaftServerImpl.java:setRole(329)) - 6ab841ea-0799-402d-88dc-833ad02962b2@group-9729437A2873: changes role from  FOLLOWER to CANDIDATE at term 0 for changeToCandidate
2023-07-05 13:45:16,210 [6ab841ea-0799-402d-88dc-833ad02962b2@group-9729437A2873-FollowerState] INFO  server.RaftServerConfigKeys (ConfUtils.java:logGet(46)) - raft.server.leaderelection.pre-vote = true (default)
2023-07-05 13:45:16,210 [6ab841ea-0799-402d-88dc-833ad02962b2@group-9729437A2873-FollowerState] INFO  impl.RoleInfo (RoleInfo.java:updateAndGet(139)) - 6ab841ea-0799-402d-88dc-833ad02962b2: start 6ab841ea-0799-402d-88dc-833ad02962b2@group-9729437A2873-LeaderElection62
2023-07-05 13:45:16,213 [6ab841ea-0799-402d-88dc-833ad02962b2@group-9729437A2873-LeaderElection62] INFO  impl.LeaderElection (LeaderElection.java:askForVotes(321)) - 6ab841ea-0799-402d-88dc-833ad02962b2@group-9729437A2873-LeaderElection62 PRE_VOTE round 0: submit vote requests at term 0 for -1: peers:[6ab841ea-0799-402d-88dc-833ad02962b2|rpc:10.1.0.13:15306|admin:10.1.0.13:15305|client:10.1.0.13:15304|dataStream:10.1.0.13:15307|priority:1|startupRole:FOLLOWER]|listeners:[], old=null
2023-07-05 13:45:16,213 [6ab841ea-0799-402d-88dc-833ad02962b2@group-9729437A2873-LeaderElection62] INFO  impl.LeaderElection (LeaderElection.java:askForVotes(323)) - 6ab841ea-0799-402d-88dc-833ad02962b2@group-9729437A2873-LeaderElection62 PRE_VOTE round 0: result PASSED (term=0)
2023-07-05 13:45:16,215 [6ab841ea-0799-402d-88dc-833ad02962b2@group-9729437A2873-LeaderElection62] INFO  impl.LeaderElection (LeaderElection.java:askForVotes(321)) - 6ab841ea-0799-402d-88dc-833ad02962b2@group-9729437A2873-LeaderElection62 ELECTION round 0: submit vote requests at term 1 for -1: peers:[6ab841ea-0799-402d-88dc-833ad02962b2|rpc:10.1.0.13:15306|admin:10.1.0.13:15305|client:10.1.0.13:15304|dataStream:10.1.0.13:15307|priority:1|startupRole:FOLLOWER]|listeners:[], old=null
2023-07-05 13:45:16,215 [6ab841ea-0799-402d-88dc-833ad02962b2@group-9729437A2873-LeaderElection62] INFO  impl.LeaderElection (LeaderElection.java:askForVotes(323)) - 6ab841ea-0799-402d-88dc-833ad02962b2@group-9729437A2873-LeaderElection62 ELECTION round 0: result PASSED (term=1)
2023-07-05 13:45:16,215 [6ab841ea-0799-402d-88dc-833ad02962b2@group-9729437A2873-LeaderElection62] INFO  impl.RoleInfo (RoleInfo.java:shutdownLeaderElection(130)) - 6ab841ea-0799-402d-88dc-833ad02962b2: shutdown 6ab841ea-0799-402d-88dc-833ad02962b2@group-9729437A2873-LeaderElection62
2023-07-05 13:45:16,215 [6ab841ea-0799-402d-88dc-833ad02962b2@group-9729437A2873-LeaderElection62] INFO  server.RaftServer$Division (RaftServerImpl.java:setRole(329)) - 6ab841ea-0799-402d-88dc-833ad02962b2@group-9729437A2873: changes role from CANDIDATE to LEADER at term 1 for changeToLeader
2023-07-05 13:45:16,215 [6ab841ea-0799-402d-88dc-833ad02962b2@group-9729437A2873-LeaderElection62] INFO  ratis.XceiverServerRatis (XceiverServerRatis.java:handleLeaderChangedNotification(902)) - Leader change notification received for group: group-9729437A2873 with new leaderId: 6ab841ea-0799-402d-88dc-833ad02962b2
2023-07-05 13:45:16,215 [6ab841ea-0799-402d-88dc-833ad02962b2@group-9729437A2873-LeaderElection62] INFO  server.RaftServer$Division (ServerState.java:setLeader(317)) - 6ab841ea-0799-402d-88dc-833ad02962b2@group-9729437A2873: change Leader from null to 6ab841ea-0799-402d-88dc-833ad02962b2 at term 1 for becomeLeader, leader elected after 5099ms
2023-07-05 13:45:16,215 [6ab841ea-0799-402d-88dc-833ad02962b2@group-9729437A2873-LeaderElection62] INFO  server.RaftServerConfigKeys (ConfUtils.java:logGet(46)) - raft.server.staging.catchup.gap = 1000 (default)
2023-07-05 13:45:16,215 [6ab841ea-0799-402d-88dc-833ad02962b2@group-9729437A2873-LeaderElection62] INFO  server.RaftServerConfigKeys (ConfUtils.java:logGet(46)) - raft.server.write.element-limit = 1024 (custom)
2023-07-05 13:45:16,216 [6ab841ea-0799-402d-88dc-833ad02962b2@group-9729437A2873-LeaderElection62] INFO  server.RaftServerConfigKeys (ConfUtils.java:logGet(46)) - raft.server.write.byte-limit = 1024 M (=1073741824) (custom)
2023-07-05 13:45:16,216 [6ab841ea-0799-402d-88dc-833ad02962b2@group-9729437A2873-LeaderElection62] INFO  server.RaftServerConfigKeys (ConfUtils.java:logGet(46)) - raft.server.watch.timeout = 180s (custom)
2023-07-05 13:45:16,216 [6ab841ea-0799-402d-88dc-833ad02962b2@group-9729437A2873-LeaderElection62] INFO  server.RaftServerConfigKeys (ConfUtils.java:logGet(46)) - raft.server.watch.timeout.denomination = 1s (default)
2023-07-05 13:45:16,216 [6ab841ea-0799-402d-88dc-833ad02962b2@group-9729437A2873-LeaderElection62] INFO  server.RaftServerConfigKeys (ConfUtils.java:logGet(46)) - raft.server.watch.element-limit = 65536 (default)
2023-07-05 13:45:16,216 [6ab841ea-0799-402d-88dc-833ad02962b2@group-9729437A2873-LeaderElection62] INFO  server.RaftServerConfigKeys (ConfUtils.java:logGet(46)) - raft.server.write.element-limit = 1024 (custom)
2023-07-05 13:45:16,216 [6ab841ea-0799-402d-88dc-833ad02962b2@group-9729437A2873-LeaderElection62] INFO  server.RaftServerConfigKeys (ConfUtils.java:logGet(46)) - raft.server.write.follower.gap.ratio.max = -1.0 (default)
2023-07-05 13:45:16,216 [6ab841ea-0799-402d-88dc-833ad02962b2@group-9729437A2873-LeaderElection62] INFO  impl.RoleInfo (RoleInfo.java:updateAndGet(139)) - 6ab841ea-0799-402d-88dc-833ad02962b2: start 6ab841ea-0799-402d-88dc-833ad02962b2@group-9729437A2873-LeaderStateImpl
2023-07-05 13:45:16,216 [6ab841ea-0799-402d-88dc-833ad02962b2@group-9729437A2873-LeaderElection62] INFO  segmented.SegmentedRaftLogWorker (SegmentedRaftLogWorker.java:startLogSegment(447)) - 6ab841ea-0799-402d-88dc-833ad02962b2@group-9729437A2873-SegmentedRaftLogWorker: Starting segment from index:0
2023-07-05 13:45:16,217 [6ab841ea-0799-402d-88dc-833ad02962b2@group-9729437A2873-LeaderElection62] INFO  server.RaftServer$Division (ServerState.java:setRaftConf(434)) - 6ab841ea-0799-402d-88dc-833ad02962b2@group-9729437A2873: set configuration 0: peers:[6ab841ea-0799-402d-88dc-833ad02962b2|rpc:10.1.0.13:15306|admin:10.1.0.13:15305|client:10.1.0.13:15304|dataStream:10.1.0.13:15307|priority:1|startupRole:FOLLOWER]|listeners:[], old=null
2023-07-05 13:45:16,219 [6ab841ea-0799-402d-88dc-833ad02962b2@group-9729437A2873-SegmentedRaftLogWorker] INFO  segmented.SegmentedRaftLogWorker (SegmentedRaftLogWorker.java:execute(651)) - 6ab841ea-0799-402d-88dc-833ad02962b2@group-9729437A2873-SegmentedRaftLogWorker: created new log segment /home/runner/work/ozone/ozone/hadoop-ozone/integration-test/target/test-dir/MiniOzoneClusterImpl-b87fbc93-14ec-4c7b-9414-fd1969dd8eca/datanode-3/data/ratis/b6236499-a199-47cf-a4a9-9729437a2873/current/log_inprogress_0
2023-07-05 13:45:16,472 [bdd24332-ebf5-4592-a5f9-8a3e8f136148@group-52717682D76F-FollowerState] INFO  impl.FollowerState (FollowerState.java:run(143)) - bdd24332-ebf5-4592-a5f9-8a3e8f136148@group-52717682D76F-FollowerState: change to CANDIDATE, lastRpcElapsedTime:5005643804ns, electionTimeout:5005ms
2023-07-05 13:45:16,472 [bdd24332-ebf5-4592-a5f9-8a3e8f136148@group-52717682D76F-FollowerState] INFO  impl.RoleInfo (RoleInfo.java:shutdownFollowerState(110)) - bdd24332-ebf5-4592-a5f9-8a3e8f136148: shutdown bdd24332-ebf5-4592-a5f9-8a3e8f136148@group-52717682D76F-FollowerState
2023-07-05 13:45:16,473 [bdd24332-ebf5-4592-a5f9-8a3e8f136148@group-52717682D76F-FollowerState] INFO  server.RaftServer$Division (RaftServerImpl.java:setRole(329)) - bdd24332-ebf5-4592-a5f9-8a3e8f136148@group-52717682D76F: changes role from  FOLLOWER to CANDIDATE at term 0 for changeToCandidate
2023-07-05 13:45:16,473 [bdd24332-ebf5-4592-a5f9-8a3e8f136148@group-52717682D76F-FollowerState] INFO  server.RaftServerConfigKeys (ConfUtils.java:logGet(46)) - raft.server.leaderelection.pre-vote = true (default)
2023-07-05 13:45:16,473 [bdd24332-ebf5-4592-a5f9-8a3e8f136148@group-52717682D76F-FollowerState] INFO  impl.RoleInfo (RoleInfo.java:updateAndGet(139)) - bdd24332-ebf5-4592-a5f9-8a3e8f136148: start bdd24332-ebf5-4592-a5f9-8a3e8f136148@group-52717682D76F-LeaderElection63
2023-07-05 13:45:16,476 [bdd24332-ebf5-4592-a5f9-8a3e8f136148@group-52717682D76F-LeaderElection63] INFO  impl.LeaderElection (LeaderElection.java:askForVotes(321)) - bdd24332-ebf5-4592-a5f9-8a3e8f136148@group-52717682D76F-LeaderElection63 PRE_VOTE round 0: submit vote requests at term 0 for -1: peers:[bdd24332-ebf5-4592-a5f9-8a3e8f136148|rpc:10.1.0.13:15315|admin:10.1.0.13:15314|client:10.1.0.13:15313|dataStream:10.1.0.13:15316|priority:1|startupRole:FOLLOWER]|listeners:[], old=null
2023-07-05 13:45:16,476 [bdd24332-ebf5-4592-a5f9-8a3e8f136148@group-52717682D76F-LeaderElection63] INFO  impl.LeaderElection (LeaderElection.java:askForVotes(323)) - bdd24332-ebf5-4592-a5f9-8a3e8f136148@group-52717682D76F-LeaderElection63 PRE_VOTE round 0: result PASSED (term=0)
2023-07-05 13:45:16,478 [bdd24332-ebf5-4592-a5f9-8a3e8f136148@group-52717682D76F-LeaderElection63] INFO  impl.LeaderElection (LeaderElection.java:askForVotes(321)) - bdd24332-ebf5-4592-a5f9-8a3e8f136148@group-52717682D76F-LeaderElection63 ELECTION round 0: submit vote requests at term 1 for -1: peers:[bdd24332-ebf5-4592-a5f9-8a3e8f136148|rpc:10.1.0.13:15315|admin:10.1.0.13:15314|client:10.1.0.13:15313|dataStream:10.1.0.13:15316|priority:1|startupRole:FOLLOWER]|listeners:[], old=null
2023-07-05 13:45:16,479 [bdd24332-ebf5-4592-a5f9-8a3e8f136148@group-52717682D76F-LeaderElection63] INFO  impl.LeaderElection (LeaderElection.java:askForVotes(323)) - bdd24332-ebf5-4592-a5f9-8a3e8f136148@group-52717682D76F-LeaderElection63 ELECTION round 0: result PASSED (term=1)
2023-07-05 13:45:16,479 [bdd24332-ebf5-4592-a5f9-8a3e8f136148@group-52717682D76F-LeaderElection63] INFO  impl.RoleInfo (RoleInfo.java:shutdownLeaderElection(130)) - bdd24332-ebf5-4592-a5f9-8a3e8f136148: shutdown bdd24332-ebf5-4592-a5f9-8a3e8f136148@group-52717682D76F-LeaderElection63
2023-07-05 13:45:16,479 [bdd24332-ebf5-4592-a5f9-8a3e8f136148@group-52717682D76F-LeaderElection63] INFO  server.RaftServer$Division (RaftServerImpl.java:setRole(329)) - bdd24332-ebf5-4592-a5f9-8a3e8f136148@group-52717682D76F: changes role from CANDIDATE to LEADER at term 1 for changeToLeader
2023-07-05 13:45:16,479 [bdd24332-ebf5-4592-a5f9-8a3e8f136148@group-52717682D76F-LeaderElection63] INFO  ratis.XceiverServerRatis (XceiverServerRatis.java:handleLeaderChangedNotification(902)) - Leader change notification received for group: group-52717682D76F with new leaderId: bdd24332-ebf5-4592-a5f9-8a3e8f136148
2023-07-05 13:45:16,480 [bdd24332-ebf5-4592-a5f9-8a3e8f136148@group-52717682D76F-LeaderElection63] INFO  server.RaftServer$Division (ServerState.java:setLeader(317)) - bdd24332-ebf5-4592-a5f9-8a3e8f136148@group-52717682D76F: change Leader from null to bdd24332-ebf5-4592-a5f9-8a3e8f136148 at term 1 for becomeLeader, leader elected after 5028ms
2023-07-05 13:45:16,480 [bdd24332-ebf5-4592-a5f9-8a3e8f136148@group-52717682D76F-LeaderElection63] INFO  server.RaftServerConfigKeys (ConfUtils.java:logGet(46)) - raft.server.staging.catchup.gap = 1000 (default)
2023-07-05 13:45:16,480 [bdd24332-ebf5-4592-a5f9-8a3e8f136148@group-52717682D76F-LeaderElection63] INFO  server.RaftServerConfigKeys (ConfUtils.java:logGet(46)) - raft.server.write.element-limit = 1024 (custom)
2023-07-05 13:45:16,480 [bdd24332-ebf5-4592-a5f9-8a3e8f136148@group-52717682D76F-LeaderElection63] INFO  server.RaftServerConfigKeys (ConfUtils.java:logGet(46)) - raft.server.write.byte-limit = 1024 M (=1073741824) (custom)
2023-07-05 13:45:16,481 [bdd24332-ebf5-4592-a5f9-8a3e8f136148@group-52717682D76F-LeaderElection63] INFO  server.RaftServerConfigKeys (ConfUtils.java:logGet(46)) - raft.server.watch.timeout = 180s (custom)
2023-07-05 13:45:16,481 [bdd24332-ebf5-4592-a5f9-8a3e8f136148@group-52717682D76F-LeaderElection63] INFO  server.RaftServerConfigKeys (ConfUtils.java:logGet(46)) - raft.server.watch.timeout.denomination = 1s (default)
2023-07-05 13:45:16,481 [bdd24332-ebf5-4592-a5f9-8a3e8f136148@group-52717682D76F-LeaderElection63] INFO  server.RaftServerConfigKeys (ConfUtils.java:logGet(46)) - raft.server.watch.element-limit = 65536 (default)
2023-07-05 13:45:16,481 [bdd24332-ebf5-4592-a5f9-8a3e8f136148@group-52717682D76F-LeaderElection63] INFO  server.RaftServerConfigKeys (ConfUtils.java:logGet(46)) - raft.server.write.element-limit = 1024 (custom)
2023-07-05 13:45:16,481 [bdd24332-ebf5-4592-a5f9-8a3e8f136148@group-52717682D76F-LeaderElection63] INFO  server.RaftServerConfigKeys (ConfUtils.java:logGet(46)) - raft.server.write.follower.gap.ratio.max = -1.0 (default)
2023-07-05 13:45:16,481 [bdd24332-ebf5-4592-a5f9-8a3e8f136148@group-52717682D76F-LeaderElection63] INFO  impl.RoleInfo (RoleInfo.java:updateAndGet(139)) - bdd24332-ebf5-4592-a5f9-8a3e8f136148: start bdd24332-ebf5-4592-a5f9-8a3e8f136148@group-52717682D76F-LeaderStateImpl
2023-07-05 13:45:16,481 [bdd24332-ebf5-4592-a5f9-8a3e8f136148@group-52717682D76F-LeaderElection63] INFO  segmented.SegmentedRaftLogWorker (SegmentedRaftLogWorker.java:startLogSegment(447)) - bdd24332-ebf5-4592-a5f9-8a3e8f136148@group-52717682D76F-SegmentedRaftLogWorker: Starting segment from index:0
2023-07-05 13:45:16,482 [bdd24332-ebf5-4592-a5f9-8a3e8f136148@group-52717682D76F-LeaderElection63] INFO  server.RaftServer$Division (ServerState.java:setRaftConf(434)) - bdd24332-ebf5-4592-a5f9-8a3e8f136148@group-52717682D76F: set configuration 0: peers:[bdd24332-ebf5-4592-a5f9-8a3e8f136148|rpc:10.1.0.13:15315|admin:10.1.0.13:15314|client:10.1.0.13:15313|dataStream:10.1.0.13:15316|priority:1|startupRole:FOLLOWER]|listeners:[], old=null
2023-07-05 13:45:16,482 [bdd24332-ebf5-4592-a5f9-8a3e8f136148@group-52717682D76F-SegmentedRaftLogWorker] INFO  segmented.SegmentedRaftLogWorker (SegmentedRaftLogWorker.java:execute(651)) - bdd24332-ebf5-4592-a5f9-8a3e8f136148@group-52717682D76F-SegmentedRaftLogWorker: created new log segment /home/runner/work/ozone/ozone/hadoop-ozone/integration-test/target/test-dir/MiniOzoneClusterImpl-b87fbc93-14ec-4c7b-9414-fd1969dd8eca/datanode-4/data/ratis/85f8b4c8-ee22-4920-b707-52717682d76f/current/log_inprogress_0
2023-07-05 13:45:16,689 [ReplicationMonitor] INFO  replication.ReplicationManager (ReplicationManager.java:processAll(361)) - Replication Manager is not ready to run until 3000ms after safemode exit
2023-07-05 13:45:17,689 [ReplicationMonitor] INFO  replication.ReplicationManager (ReplicationManager.java:processAll(361)) - Replication Manager is not ready to run until 3000ms after safemode exit
2023-07-05 13:45:18,570 [ContainerOp-44fbc6c9-e543-4df8-9e3c-1522c8774158-2] INFO  keyvalue.KeyValueContainer (KeyValueContainer.java:flushAndSyncDB(461)) - Container 1 is synced with bcsId 2.
2023-07-05 13:45:18,571 [ContainerOp-44fbc6c9-e543-4df8-9e3c-1522c8774158-2] INFO  keyvalue.KeyValueContainer (KeyValueContainer.java:flushAndSyncDB(461)) - Container 1 is synced with bcsId 2.
2023-07-05 13:45:18,573 [ContainerOp-44fbc6c9-e543-4df8-9e3c-1522c8774158-2] INFO  keyvalue.KeyValueContainer (KeyValueContainer.java:close(376)) - Container 1 is closed with bcsId 2.
2023-07-05 13:45:18,574 [FixedThreadPoolWithAffinityExecutor-1-0] INFO  container.IncrementalContainerReportHandler (AbstractContainerReportHandler.java:updateContainerState(311)) - Moving container #1 to CLOSED state, datanode b469f820-ca6e-4614-936b-d267e952ce44(fv-az264-29.ca02foy5wcnuvlrvrz2wi3p2og.dx.internal.cloudapp.net/10.1.0.13) reported CLOSED replica with index 0.
2023-07-05 13:45:18,575 [ContainerOp-44fbc6c9-e543-4df8-9e3c-1522c8774158-2] INFO  keyvalue.KeyValueContainer (KeyValueContainer.java:flushAndSyncDB(461)) - Container 1 is synced with bcsId 2.
2023-07-05 13:45:18,577 [ContainerOp-44fbc6c9-e543-4df8-9e3c-1522c8774158-2] INFO  keyvalue.KeyValueContainer (KeyValueContainer.java:flushAndSyncDB(461)) - Container 1 is synced with bcsId 2.
2023-07-05 13:45:18,577 [ContainerOp-44fbc6c9-e543-4df8-9e3c-1522c8774158-2] INFO  keyvalue.KeyValueContainer (KeyValueContainer.java:flushAndSyncDB(461)) - Container 1 is synced with bcsId 2.
2023-07-05 13:45:18,579 [ContainerOp-44fbc6c9-e543-4df8-9e3c-1522c8774158-2] INFO  keyvalue.KeyValueContainer (KeyValueContainer.java:flushAndSyncDB(461)) - Container 1 is synced with bcsId 2.
2023-07-05 13:45:18,580 [ContainerOp-44fbc6c9-e543-4df8-9e3c-1522c8774158-2] INFO  keyvalue.KeyValueContainer (KeyValueContainer.java:close(376)) - Container 1 is closed with bcsId 2.
2023-07-05 13:45:18,582 [ContainerOp-44fbc6c9-e543-4df8-9e3c-1522c8774158-2] INFO  keyvalue.KeyValueContainer (KeyValueContainer.java:close(376)) - Container 1 is closed with bcsId 2.
2023-07-05 13:45:18,659 [Time-limited test] INFO  ozoneimpl.OzoneContainer (OzoneContainer.java:stop(441)) - Attempting to stop container services.
2023-07-05 13:45:18,659 [Time-limited test] INFO  server.RaftServer (RaftServerProxy.java:lambda$close$6(416)) - cf260cd7-cba0-4bd9-b172-726736faca1b: close
2023-07-05 13:45:18,659 [cf260cd7-cba0-4bd9-b172-726736faca1b-impl-thread1] INFO  server.RaftServer$Division (RaftServerImpl.java:lambda$close$4(466)) - cf260cd7-cba0-4bd9-b172-726736faca1b@group-BF2A86E0FEFA: shutdown
2023-07-05 13:45:18,660 [cf260cd7-cba0-4bd9-b172-726736faca1b-impl-thread1] INFO  util.JmxRegister (JmxRegister.java:unregister(73)) - Successfully un-registered JMX Bean with object name Ratis:service=RaftServer,group=group-BF2A86E0FEFA,id=cf260cd7-cba0-4bd9-b172-726736faca1b
2023-07-05 13:45:18,660 [cf260cd7-cba0-4bd9-b172-726736faca1b-impl-thread1] INFO  impl.RoleInfo (RoleInfo.java:shutdownFollowerState(110)) - cf260cd7-cba0-4bd9-b172-726736faca1b: shutdown cf260cd7-cba0-4bd9-b172-726736faca1b@group-BF2A86E0FEFA-FollowerState
2023-07-05 13:45:18,660 [cf260cd7-cba0-4bd9-b172-726736faca1b-impl-thread2] INFO  server.RaftServer$Division (RaftServerImpl.java:lambda$close$4(466)) - cf260cd7-cba0-4bd9-b172-726736faca1b@group-05B733B5FA66: shutdown
2023-07-05 13:45:18,660 [cf260cd7-cba0-4bd9-b172-726736faca1b-impl-thread2] INFO  util.JmxRegister (JmxRegister.java:unregister(73)) - Successfully un-registered JMX Bean with object name Ratis:service=RaftServer,group=group-05B733B5FA66,id=cf260cd7-cba0-4bd9-b172-726736faca1b
2023-07-05 13:45:18,660 [cf260cd7-cba0-4bd9-b172-726736faca1b-impl-thread2] INFO  impl.RoleInfo (RoleInfo.java:shutdownLeaderState(93)) - cf260cd7-cba0-4bd9-b172-726736faca1b: shutdown cf260cd7-cba0-4bd9-b172-726736faca1b@group-05B733B5FA66-LeaderStateImpl
2023-07-05 13:45:18,660 [cf260cd7-cba0-4bd9-b172-726736faca1b-impl-thread2] INFO  impl.PendingRequests (PendingRequests.java:sendNotLeaderResponses(289)) - cf260cd7-cba0-4bd9-b172-726736faca1b@group-05B733B5FA66-PendingRequests: sendNotLeaderResponses
2023-07-05 13:45:18,661 [cf260cd7-cba0-4bd9-b172-726736faca1b-impl-thread2] INFO  impl.StateMachineUpdater (StateMachineUpdater.java:stopAndJoin(155)) - cf260cd7-cba0-4bd9-b172-726736faca1b@group-05B733B5FA66-StateMachineUpdater: set stopIndex = 0
2023-07-05 13:45:18,661 [Time-limited test] INFO  server.GrpcService (GrpcService.java:closeImpl(311)) - cf260cd7-cba0-4bd9-b172-726736faca1b: shutdown server org.apache.ratis.grpc.server.GrpcClientProtocolService now
2023-07-05 13:45:18,661 [cf260cd7-cba0-4bd9-b172-726736faca1b-impl-thread1] INFO  impl.StateMachineUpdater (StateMachineUpdater.java:stopAndJoin(155)) - cf260cd7-cba0-4bd9-b172-726736faca1b@group-BF2A86E0FEFA-StateMachineUpdater: set stopIndex = 0
2023-07-05 13:45:18,662 [cf260cd7-cba0-4bd9-b172-726736faca1b@group-BF2A86E0FEFA-FollowerState] INFO  impl.FollowerState (FollowerState.java:run(152)) - cf260cd7-cba0-4bd9-b172-726736faca1b@group-BF2A86E0FEFA-FollowerState was interrupted
2023-07-05 13:45:18,662 [cf260cd7-cba0-4bd9-b172-726736faca1b@group-BF2A86E0FEFA-StateMachineUpdater] INFO  ratis.ContainerStateMachine (ContainerStateMachine.java:takeSnapshot(330)) - group-BF2A86E0FEFA: Taking a snapshot at:(t:1, i:0) file /home/runner/work/ozone/ozone/hadoop-ozone/integration-test/target/test-dir/MiniOzoneClusterImpl-b87fbc93-14ec-4c7b-9414-fd1969dd8eca/datanode-0/data/ratis/1e9ace5b-8c44-48ad-8708-bf2a86e0fefa/sm/snapshot.1_0
2023-07-05 13:45:18,662 [cf260cd7-cba0-4bd9-b172-726736faca1b-impl-thread3] INFO  server.RaftServer$Division (RaftServerImpl.java:lambda$close$4(466)) - cf260cd7-cba0-4bd9-b172-726736faca1b@group-1522C8774158: shutdown
2023-07-05 13:45:18,661 [cf260cd7-cba0-4bd9-b172-726736faca1b@group-05B733B5FA66-StateMachineUpdater] INFO  ratis.ContainerStateMachine (ContainerStateMachine.java:takeSnapshot(330)) - group-05B733B5FA66: Taking a snapshot at:(t:1, i:0) file /home/runner/work/ozone/ozone/hadoop-ozone/integration-test/target/test-dir/MiniOzoneClusterImpl-b87fbc93-14ec-4c7b-9414-fd1969dd8eca/datanode-0/data/ratis/ff0d3d46-5d3a-4d90-a656-05b733b5fa66/sm/snapshot.1_0
2023-07-05 13:45:18,662 [cf260cd7-cba0-4bd9-b172-726736faca1b-impl-thread3] INFO  util.JmxRegister (JmxRegister.java:unregister(73)) - Successfully un-registered JMX Bean with object name Ratis:service=RaftServer,group=group-1522C8774158,id=cf260cd7-cba0-4bd9-b172-726736faca1b
2023-07-05 13:45:18,662 [cf260cd7-cba0-4bd9-b172-726736faca1b-impl-thread3] INFO  impl.RoleInfo (RoleInfo.java:shutdownFollowerState(110)) - cf260cd7-cba0-4bd9-b172-726736faca1b: shutdown cf260cd7-cba0-4bd9-b172-726736faca1b@group-1522C8774158-FollowerState
2023-07-05 13:45:18,663 [cf260cd7-cba0-4bd9-b172-726736faca1b@group-BF2A86E0FEFA-StateMachineUpdater] INFO  ratis.ContainerStateMachine (ContainerStateMachine.java:takeSnapshot(341)) - group-BF2A86E0FEFA: Finished taking a snapshot at:(t:1, i:0) file:/home/runner/work/ozone/ozone/hadoop-ozone/integration-test/target/test-dir/MiniOzoneClusterImpl-b87fbc93-14ec-4c7b-9414-fd1969dd8eca/datanode-0/data/ratis/1e9ace5b-8c44-48ad-8708-bf2a86e0fefa/sm/snapshot.1_0 took: 1 ms
2023-07-05 13:45:18,663 [cf260cd7-cba0-4bd9-b172-726736faca1b@group-BF2A86E0FEFA-StateMachineUpdater] INFO  impl.StateMachineUpdater (StateMachineUpdater.java:takeSnapshot(291)) - cf260cd7-cba0-4bd9-b172-726736faca1b@group-BF2A86E0FEFA-StateMachineUpdater: Took a snapshot at index 0
2023-07-05 13:45:18,663 [cf260cd7-cba0-4bd9-b172-726736faca1b@group-BF2A86E0FEFA-StateMachineUpdater] INFO  impl.StateMachineUpdater (StateMachineUpdater.java:lambda$new$0(97)) - cf260cd7-cba0-4bd9-b172-726736faca1b@group-BF2A86E0FEFA-StateMachineUpdater: snapshotIndex: updateIncreasingly -1 -> 0
2023-07-05 13:45:18,663 [cf260cd7-cba0-4bd9-b172-726736faca1b-impl-thread1] INFO  server.RaftServer$Division (ServerState.java:close(472)) - cf260cd7-cba0-4bd9-b172-726736faca1b@group-BF2A86E0FEFA: closes. applyIndex: 0
2023-07-05 13:45:18,663 [cf260cd7-cba0-4bd9-b172-726736faca1b@group-05B733B5FA66-StateMachineUpdater] INFO  ratis.ContainerStateMachine (ContainerStateMachine.java:takeSnapshot(341)) - group-05B733B5FA66: Finished taking a snapshot at:(t:1, i:0) file:/home/runner/work/ozone/ozone/hadoop-ozone/integration-test/target/test-dir/MiniOzoneClusterImpl-b87fbc93-14ec-4c7b-9414-fd1969dd8eca/datanode-0/data/ratis/ff0d3d46-5d3a-4d90-a656-05b733b5fa66/sm/snapshot.1_0 took: 2 ms
2023-07-05 13:45:18,663 [cf260cd7-cba0-4bd9-b172-726736faca1b@group-05B733B5FA66-StateMachineUpdater] INFO  impl.StateMachineUpdater (StateMachineUpdater.java:takeSnapshot(291)) - cf260cd7-cba0-4bd9-b172-726736faca1b@group-05B733B5FA66-StateMachineUpdater: Took a snapshot at index 0
2023-07-05 13:45:18,663 [cf260cd7-cba0-4bd9-b172-726736faca1b@group-05B733B5FA66-StateMachineUpdater] INFO  impl.StateMachineUpdater (StateMachineUpdater.java:lambda$new$0(97)) - cf260cd7-cba0-4bd9-b172-726736faca1b@group-05B733B5FA66-StateMachineUpdater: snapshotIndex: updateIncreasingly -1 -> 0
2023-07-05 13:45:18,664 [cf260cd7-cba0-4bd9-b172-726736faca1b-impl-thread2] INFO  server.RaftServer$Division (ServerState.java:close(472)) - cf260cd7-cba0-4bd9-b172-726736faca1b@group-05B733B5FA66: closes. applyIndex: 0
2023-07-05 13:45:18,670 [cf260cd7-cba0-4bd9-b172-726736faca1b@group-1522C8774158-FollowerState] INFO  impl.FollowerState (FollowerState.java:run(152)) - cf260cd7-cba0-4bd9-b172-726736faca1b@group-1522C8774158-FollowerState was interrupted
2023-07-05 13:45:18,671 [cf260cd7-cba0-4bd9-b172-726736faca1b@group-1522C8774158-StateMachineUpdater] INFO  ratis.ContainerStateMachine (ContainerStateMachine.java:takeSnapshot(330)) - group-1522C8774158: Taking a snapshot at:(t:1, i:5) file /home/runner/work/ozone/ozone/hadoop-ozone/integration-test/target/test-dir/MiniOzoneClusterImpl-b87fbc93-14ec-4c7b-9414-fd1969dd8eca/datanode-0/data/ratis/44fbc6c9-e543-4df8-9e3c-1522c8774158/sm/snapshot.1_5
2023-07-05 13:45:18,672 [cf260cd7-cba0-4bd9-b172-726736faca1b-impl-thread3] INFO  impl.StateMachineUpdater (StateMachineUpdater.java:stopAndJoin(155)) - cf260cd7-cba0-4bd9-b172-726736faca1b@group-1522C8774158-StateMachineUpdater: set stopIndex = 5
2023-07-05 13:45:18,672 [Thread-3307] INFO  server.GrpcServerProtocolClient (GrpcServerProtocolClient.java:close(103)) - eea920e5-eed2-4ccd-b274-7d8a7cd1384a Close channels
2023-07-05 13:45:18,673 [cf260cd7-cba0-4bd9-b172-726736faca1b@group-1522C8774158-StateMachineUpdater] INFO  ratis.ContainerStateMachine (ContainerStateMachine.java:takeSnapshot(341)) - group-1522C8774158: Finished taking a snapshot at:(t:1, i:5) file:/home/runner/work/ozone/ozone/hadoop-ozone/integration-test/target/test-dir/MiniOzoneClusterImpl-b87fbc93-14ec-4c7b-9414-fd1969dd8eca/datanode-0/data/ratis/44fbc6c9-e543-4df8-9e3c-1522c8774158/sm/snapshot.1_5 took: 1 ms
2023-07-05 13:45:18,673 [cf260cd7-cba0-4bd9-b172-726736faca1b@group-1522C8774158-StateMachineUpdater] INFO  impl.StateMachineUpdater (StateMachineUpdater.java:takeSnapshot(291)) - cf260cd7-cba0-4bd9-b172-726736faca1b@group-1522C8774158-StateMachineUpdater: Took a snapshot at index 5
2023-07-05 13:45:18,673 [cf260cd7-cba0-4bd9-b172-726736faca1b@group-1522C8774158-StateMachineUpdater] INFO  impl.StateMachineUpdater (StateMachineUpdater.java:lambda$new$0(97)) - cf260cd7-cba0-4bd9-b172-726736faca1b@group-1522C8774158-StateMachineUpdater: snapshotIndex: updateIncreasingly -1 -> 5
2023-07-05 13:45:18,673 [cf260cd7-cba0-4bd9-b172-726736faca1b-impl-thread3] INFO  server.RaftServer$Division (ServerState.java:close(472)) - cf260cd7-cba0-4bd9-b172-726736faca1b@group-1522C8774158: closes. applyIndex: 5
2023-07-05 13:45:18,676 [Thread-3309] INFO  server.GrpcServerProtocolClient (GrpcServerProtocolClient.java:close(103)) - b469f820-ca6e-4614-936b-d267e952ce44 Close channels
2023-07-05 13:45:18,678 [Time-limited test] INFO  server.GrpcService (GrpcService.java:closeImpl(320)) - cf260cd7-cba0-4bd9-b172-726736faca1b: shutdown server org.apache.ratis.grpc.server.GrpcClientProtocolService successfully
2023-07-05 13:45:18,678 [Time-limited test] INFO  server.GrpcService (GrpcService.java:closeImpl(311)) - cf260cd7-cba0-4bd9-b172-726736faca1b: shutdown server GrpcServerProtocolService now
2023-07-05 13:45:18,680 [grpc-default-executor-4] WARN  server.GrpcServerProtocolService (LogUtils.java:warn(122)) - cf260cd7-cba0-4bd9-b172-726736faca1b: APPEND_ENTRIES onError, lastRequest: eea920e5-eed2-4ccd-b274-7d8a7cd1384a->cf260cd7-cba0-4bd9-b172-726736faca1b#1-t1,previous=(t:0, i:0),leaderCommit=-1,initializing? true,entries: size=1, first=(t:1, i:0), CONFIGURATIONENTRY(current:id: "eea920e5-eed2-4ccd-b274-7d8a7cd1384a"
address: "10.1.0.13:15297"
priority: 1
dataStreamAddress: "10.1.0.13:15298"
clientAddress: "10.1.0.13:15295"
adminAddress: "10.1.0.13:15296"
startupRole: FOLLOWER
,id: "cf260cd7-cba0-4bd9-b172-726736faca1b"
address: "10.1.0.13:15279"
dataStreamAddress: "10.1.0.13:15280"
clientAddress: "10.1.0.13:15277"
adminAddress: "10.1.0.13:15278"
startupRole: FOLLOWER
,id: "b469f820-ca6e-4614-936b-d267e952ce44"
address: "10.1.0.13:15288"
dataStreamAddress: "10.1.0.13:15289"
clientAddress: "10.1.0.13:15286"
adminAddress: "10.1.0.13:15287"
startupRole: FOLLOWER
, old:): org.apache.ratis.thirdparty.io.grpc.StatusRuntimeException: CANCELLED: client cancelled
2023-07-05 13:45:18,680 [grpc-default-executor-1] WARN  server.GrpcServerProtocolService (LogUtils.java:warn(122)) - cf260cd7-cba0-4bd9-b172-726736faca1b: APPEND_ENTRIES onError, lastRequest: null: org.apache.ratis.thirdparty.io.grpc.StatusRuntimeException: CANCELLED: client cancelled
2023-07-05 13:45:18,681 [grpc-default-executor-0] WARN  server.GrpcServerProtocolService (LogUtils.java:warn(122)) - cf260cd7-cba0-4bd9-b172-726736faca1b: APPEND_ENTRIES onError, lastRequest: null: org.apache.ratis.thirdparty.io.grpc.StatusRuntimeException: CANCELLED: client cancelled
2023-07-05 13:45:18,681 [grpc-default-executor-1] WARN  server.GrpcServerProtocolService (LogUtils.java:warn(122)) - cf260cd7-cba0-4bd9-b172-726736faca1b: APPEND_ENTRIES onError, lastRequest: b469f820-ca6e-4614-936b-d267e952ce44->cf260cd7-cba0-4bd9-b172-726736faca1b#12-t1,previous=(t:1, i:5),leaderCommit=5,initializing? true,entries: size=1, first=(t:1, i:6), METADATAENTRY(c:5): org.apache.ratis.thirdparty.io.grpc.StatusRuntimeException: CANCELLED: client cancelled
2023-07-05 13:45:18,690 [ReplicationMonitor] INFO  replication.ReplicationManager (ReplicationManager.java:processAll(389)) - Replication Monitor Thread took 0 milliseconds for processing 1 containers.
2023-07-05 13:45:18,690 [grpc-default-executor-2] WARN  server.GrpcLogAppender (LogUtils.java:warn(122)) - eea920e5-eed2-4ccd-b274-7d8a7cd1384a@group-BF2A86E0FEFA->cf260cd7-cba0-4bd9-b172-726736faca1b-AppendLogResponseHandler: Failed appendEntries: org.apache.ratis.thirdparty.io.grpc.StatusRuntimeException: CANCELLED: RST_STREAM closed stream. HTTP/2 error code: CANCEL
2023-07-05 13:45:18,690 [grpc-default-executor-2] WARN  server.GrpcLogAppender (GrpcLogAppender.java:resetClient(128)) - eea920e5-eed2-4ccd-b274-7d8a7cd1384a@group-BF2A86E0FEFA->cf260cd7-cba0-4bd9-b172-726736faca1b-GrpcLogAppender: Follower failed when matchIndex == 0,  keep nextIndex (1) unchanged and retry.
2023-07-05 13:45:18,690 [grpc-default-executor-1] WARN  server.GrpcLogAppender (LogUtils.java:warn(122)) - b469f820-ca6e-4614-936b-d267e952ce44@group-1522C8774158->cf260cd7-cba0-4bd9-b172-726736faca1b-AppendLogResponseHandler: Failed appendEntries: org.apache.ratis.thirdparty.io.grpc.StatusRuntimeException: CANCELLED: RST_STREAM closed stream. HTTP/2 error code: CANCEL
2023-07-05 13:45:18,691 [grpc-default-executor-1] INFO  leader.FollowerInfo (FollowerInfoImpl.java:lambda$new$0(52)) - b469f820-ca6e-4614-936b-d267e952ce44@group-1522C8774158->cf260cd7-cba0-4bd9-b172-726736faca1b: decreaseNextIndex nextIndex: updateUnconditionally 7 -> 6
2023-07-05 13:45:18,691 [grpc-default-executor-1] WARN  server.GrpcLogAppender (LogUtils.java:warn(122)) - eea920e5-eed2-4ccd-b274-7d8a7cd1384a@group-BF2A86E0FEFA->cf260cd7-cba0-4bd9-b172-726736faca1b-AppendLogResponseHandler: Failed appendEntries: org.apache.ratis.thirdparty.io.grpc.StatusRuntimeException: CANCELLED: RST_STREAM closed stream. HTTP/2 error code: CANCEL
2023-07-05 13:45:18,691 [grpc-default-executor-1] WARN  server.GrpcLogAppender (GrpcLogAppender.java:resetClient(128)) - eea920e5-eed2-4ccd-b274-7d8a7cd1384a@group-BF2A86E0FEFA->cf260cd7-cba0-4bd9-b172-726736faca1b-GrpcLogAppender: Follower failed when matchIndex == 0,  keep nextIndex (1) unchanged and retry.
2023-07-05 13:45:18,691 [grpc-default-executor-1] WARN  server.GrpcLogAppender (LogUtils.java:warn(122)) - b469f820-ca6e-4614-936b-d267e952ce44@group-1522C8774158->cf260cd7-cba0-4bd9-b172-726736faca1b-AppendLogResponseHandler: Failed appendEntries: org.apache.ratis.thirdparty.io.grpc.StatusRuntimeException: CANCELLED: RST_STREAM closed stream. HTTP/2 error code: CANCEL
2023-07-05 13:45:18,691 [grpc-default-executor-1] INFO  leader.FollowerInfo (FollowerInfoImpl.java:lambda$new$0(52)) - b469f820-ca6e-4614-936b-d267e952ce44@group-1522C8774158->cf260cd7-cba0-4bd9-b172-726736faca1b: decreaseNextIndex nextIndex: updateUnconditionally 6 -> 5
2023-07-05 13:45:18,707 [Time-limited test] INFO  server.GrpcService (GrpcService.java:closeImpl(320)) - cf260cd7-cba0-4bd9-b172-726736faca1b: shutdown server GrpcServerProtocolService successfully
2023-07-05 13:45:18,707 [Time-limited test] INFO  server.GrpcService (GrpcService.java:closeImpl(311)) - cf260cd7-cba0-4bd9-b172-726736faca1b: shutdown server org.apache.ratis.grpc.server.GrpcAdminProtocolService now
2023-07-05 13:45:18,716 [Time-limited test] INFO  server.GrpcService (GrpcService.java:closeImpl(320)) - cf260cd7-cba0-4bd9-b172-726736faca1b: shutdown server org.apache.ratis.grpc.server.GrpcAdminProtocolService successfully
2023-07-05 13:45:18,717 [cf260cd7-cba0-4bd9-b172-726736faca1b-NettyServerStreamRpc-bossGroup--thread1] INFO  logging.LoggingHandler (AbstractInternalLogger.java:log(148)) - [id: 0xfe63b975, L:/0:0:0:0:0:0:0:0:15280] CLOSE
2023-07-05 13:45:18,717 [cf260cd7-cba0-4bd9-b172-726736faca1b-NettyServerStreamRpc-bossGroup--thread1] INFO  logging.LoggingHandler (AbstractInternalLogger.java:log(148)) - [id: 0xfe63b975, L:/0:0:0:0:0:0:0:0:15280] INACTIVE
2023-07-05 13:45:18,717 [cf260cd7-cba0-4bd9-b172-726736faca1b-NettyServerStreamRpc-bossGroup--thread1] INFO  logging.LoggingHandler (AbstractInternalLogger.java:log(148)) - [id: 0xfe63b975, L:/0:0:0:0:0:0:0:0:15280] UNREGISTERED
2023-07-05 13:45:19,077 [cf260cd7-cba0-4bd9-b172-726736faca1b-impl-thread2] INFO  segmented.SegmentedRaftLogWorker (SegmentedRaftLogWorker.java:close(252)) - cf260cd7-cba0-4bd9-b172-726736faca1b@group-05B733B5FA66-SegmentedRaftLogWorker close()
2023-07-05 13:45:19,311 [cf260cd7-cba0-4bd9-b172-726736faca1b-impl-thread1] INFO  segmented.SegmentedRaftLogWorker (SegmentedRaftLogWorker.java:close(252)) - cf260cd7-cba0-4bd9-b172-726736faca1b@group-BF2A86E0FEFA-SegmentedRaftLogWorker close()
2023-07-05 13:45:19,570 [cf260cd7-cba0-4bd9-b172-726736faca1b-impl-thread3] INFO  segmented.SegmentedRaftLogWorker (SegmentedRaftLogWorker.java:close(252)) - cf260cd7-cba0-4bd9-b172-726736faca1b@group-1522C8774158-SegmentedRaftLogWorker close()
2023-07-05 13:45:19,572 [JvmPauseMonitor37] INFO  util.JvmPauseMonitor (JvmPauseMonitor.java:run(109)) - JvmPauseMonitor-cf260cd7-cba0-4bd9-b172-726736faca1b: Stopped
2023-07-05 13:45:19,690 [ReplicationMonitor] INFO  replication.ReplicationManager (ReplicationManager.java:processAll(389)) - Replication Monitor Thread took 0 milliseconds for processing 1 containers.
2023-07-05 13:45:20,323 [grpc-default-executor-0] WARN  server.GrpcLogAppender (LogUtils.java:warn(122)) - eea920e5-eed2-4ccd-b274-7d8a7cd1384a@group-BF2A86E0FEFA->cf260cd7-cba0-4bd9-b172-726736faca1b-AppendLogResponseHandler: Failed appendEntries: org.apache.ratis.thirdparty.io.grpc.StatusRuntimeException: UNAVAILABLE: io exception
2023-07-05 13:45:20,323 [grpc-default-executor-1] WARN  server.GrpcLogAppender (LogUtils.java:warn(122)) - eea920e5-eed2-4ccd-b274-7d8a7cd1384a@group-BF2A86E0FEFA->cf260cd7-cba0-4bd9-b172-726736faca1b-AppendLogResponseHandler: Failed appendEntries: org.apache.ratis.thirdparty.io.grpc.StatusRuntimeException: UNAVAILABLE: io exception
2023-07-05 13:45:20,323 [grpc-default-executor-0] WARN  server.GrpcLogAppender (GrpcLogAppender.java:resetClient(128)) - eea920e5-eed2-4ccd-b274-7d8a7cd1384a@group-BF2A86E0FEFA->cf260cd7-cba0-4bd9-b172-726736faca1b-GrpcLogAppender: Follower failed when matchIndex == 0,  keep nextIndex (1) unchanged and retry.
2023-07-05 13:45:20,324 [grpc-default-executor-1] WARN  server.GrpcLogAppender (GrpcLogAppender.java:resetClient(128)) - eea920e5-eed2-4ccd-b274-7d8a7cd1384a@group-BF2A86E0FEFA->cf260cd7-cba0-4bd9-b172-726736faca1b-GrpcLogAppender: Follower failed when matchIndex == 0,  keep nextIndex (1) unchanged and retry.
2023-07-05 13:45:20,691 [ReplicationMonitor] INFO  replication.ReplicationManager (ReplicationManager.java:processAll(389)) - Replication Monitor Thread took 0 milliseconds for processing 1 containers.
2023-07-05 13:45:21,074 [grpc-default-executor-5] WARN  server.GrpcLogAppender (LogUtils.java:warn(122)) - b469f820-ca6e-4614-936b-d267e952ce44@group-1522C8774158->cf260cd7-cba0-4bd9-b172-726736faca1b-AppendLogResponseHandler: Failed appendEntries: org.apache.ratis.thirdparty.io.grpc.StatusRuntimeException: UNAVAILABLE: io exception
2023-07-05 13:45:21,074 [grpc-default-executor-1] WARN  server.GrpcLogAppender (LogUtils.java:warn(122)) - b469f820-ca6e-4614-936b-d267e952ce44@group-1522C8774158->cf260cd7-cba0-4bd9-b172-726736faca1b-AppendLogResponseHandler: Failed appendEntries: org.apache.ratis.thirdparty.io.grpc.StatusRuntimeException: UNAVAILABLE: io exception
2023-07-05 13:45:21,075 [grpc-default-executor-5] INFO  leader.FollowerInfo (FollowerInfoImpl.java:lambda$new$0(52)) - b469f820-ca6e-4614-936b-d267e952ce44@group-1522C8774158->cf260cd7-cba0-4bd9-b172-726736faca1b: decreaseNextIndex nextIndex: updateUnconditionally 5 -> 4
2023-07-05 13:45:21,075 [grpc-default-executor-1] INFO  leader.FollowerInfo (FollowerInfoImpl.java:lambda$new$0(52)) - b469f820-ca6e-4614-936b-d267e952ce44@group-1522C8774158->cf260cd7-cba0-4bd9-b172-726736faca1b: decreaseNextIndex nextIndex: updateUnconditionally 4 -> 3
2023-07-05 13:45:21,078 [grpc-default-executor-1] WARN  server.GrpcLogAppender (LogUtils.java:warn(122)) - b469f820-ca6e-4614-936b-d267e952ce44@group-1522C8774158->cf260cd7-cba0-4bd9-b172-726736faca1b-AppendLogResponseHandler: Failed appendEntries: org.apache.ratis.thirdparty.io.grpc.StatusRuntimeException: UNAVAILABLE: io exception
2023-07-05 13:45:21,078 [grpc-default-executor-1] INFO  leader.FollowerInfo (FollowerInfoImpl.java:lambda$new$0(52)) - b469f820-ca6e-4614-936b-d267e952ce44@group-1522C8774158->cf260cd7-cba0-4bd9-b172-726736faca1b: decreaseNextIndex nextIndex: updateUnconditionally 4 -> 3
2023-07-05 13:45:21,079 [grpc-default-executor-5] WARN  server.GrpcLogAppender (LogUtils.java:warn(122)) - b469f820-ca6e-4614-936b-d267e952ce44@group-1522C8774158->cf260cd7-cba0-4bd9-b172-726736faca1b-AppendLogResponseHandler: Failed appendEntries: org.apache.ratis.thirdparty.io.grpc.StatusRuntimeException: UNAVAILABLE: io exception
2023-07-05 13:45:21,079 [grpc-default-executor-5] INFO  leader.FollowerInfo (FollowerInfoImpl.java:lambda$new$0(52)) - b469f820-ca6e-4614-936b-d267e952ce44@group-1522C8774158->cf260cd7-cba0-4bd9-b172-726736faca1b: decreaseNextIndex nextIndex: updateUnconditionally 3 -> 2
2023-07-05 13:45:21,082 [grpc-default-executor-5] WARN  server.GrpcLogAppender (LogUtils.java:warn(122)) - b469f820-ca6e-4614-936b-d267e952ce44@group-1522C8774158->cf260cd7-cba0-4bd9-b172-726736faca1b-AppendLogResponseHandler: Failed appendEntries: org.apache.ratis.thirdparty.io.grpc.StatusRuntimeException: UNAVAILABLE: io exception
2023-07-05 13:45:21,082 [grpc-default-executor-5] INFO  leader.FollowerInfo (FollowerInfoImpl.java:lambda$new$0(52)) - b469f820-ca6e-4614-936b-d267e952ce44@group-1522C8774158->cf260cd7-cba0-4bd9-b172-726736faca1b: decreaseNextIndex nextIndex: updateUnconditionally 3 -> 2
2023-07-05 13:45:21,084 [grpc-default-executor-5] WARN  server.GrpcLogAppender (LogUtils.java:warn(122)) - b469f820-ca6e-4614-936b-d267e952ce44@group-1522C8774158->cf260cd7-cba0-4bd9-b172-726736faca1b-AppendLogResponseHandler: Failed appendEntries: org.apache.ratis.thirdparty.io.grpc.StatusRuntimeException: UNAVAILABLE: io exception
2023-07-05 13:45:21,084 [grpc-default-executor-5] INFO  leader.FollowerInfo (FollowerInfoImpl.java:lambda$new$0(52)) - b469f820-ca6e-4614-936b-d267e952ce44@group-1522C8774158->cf260cd7-cba0-4bd9-b172-726736faca1b: decreaseNextIndex nextIndex: updateUnconditionally 2 -> 1
2023-07-05 13:45:21,566 [grpc-default-executor-1] WARN  server.GrpcLogAppender (LogUtils.java:warn(122)) - eea920e5-eed2-4ccd-b274-7d8a7cd1384a@group-BF2A86E0FEFA->cf260cd7-cba0-4bd9-b172-726736faca1b-AppendLogResponseHandler: Failed appendEntries: org.apache.ratis.thirdparty.io.grpc.StatusRuntimeException: UNAVAILABLE: io exception
2023-07-05 13:45:21,566 [grpc-default-executor-5] WARN  server.GrpcLogAppender (LogUtils.java:warn(122)) - eea920e5-eed2-4ccd-b274-7d8a7cd1384a@group-BF2A86E0FEFA->cf260cd7-cba0-4bd9-b172-726736faca1b-AppendLogResponseHandler: Failed appendEntries: org.apache.ratis.thirdparty.io.grpc.StatusRuntimeException: UNAVAILABLE: io exception
2023-07-05 13:45:21,567 [grpc-default-executor-1] WARN  server.GrpcLogAppender (GrpcLogAppender.java:resetClient(128)) - eea920e5-eed2-4ccd-b274-7d8a7cd1384a@group-BF2A86E0FEFA->cf260cd7-cba0-4bd9-b172-726736faca1b-GrpcLogAppender: Follower failed when matchIndex == 0,  keep nextIndex (1) unchanged and retry.
2023-07-05 13:45:21,567 [grpc-default-executor-5] WARN  server.GrpcLogAppender (GrpcLogAppender.java:resetClient(128)) - eea920e5-eed2-4ccd-b274-7d8a7cd1384a@group-BF2A86E0FEFA->cf260cd7-cba0-4bd9-b172-726736faca1b-GrpcLogAppender: Follower failed when matchIndex == 0,  keep nextIndex (1) unchanged and retry.
2023-07-05 13:45:21,577 [Time-limited test] INFO  utils.DatanodeStoreCache (DatanodeStoreCache.java:shutdownCache(110)) - Skip clearing cache in mini cluster mode. Entries left: [/home/runner/work/ozone/ozone/hadoop-ozone/integration-test/target/test-dir/MiniOzoneClusterImpl-b87fbc93-14ec-4c7b-9414-fd1969dd8eca/datanode-0/data-0/containers/hdds/b87fbc93-14ec-4c7b-9414-fd1969dd8eca/DS-eee9e058-184d-4394-9a77-7b540be8888f/container.db, /home/runner/work/ozone/ozone/hadoop-ozone/integration-test/target/test-dir/MiniOzoneClusterImpl-b87fbc93-14ec-4c7b-9414-fd1969dd8eca/datanode-1/data-0/containers/hdds/b87fbc93-14ec-4c7b-9414-fd1969dd8eca/DS-ed18079f-c61f-4d4e-bfe7-2fc6300ca1ba/container.db, /home/runner/work/ozone/ozone/hadoop-ozone/integration-test/target/test-dir/MiniOzoneClusterImpl-b87fbc93-14ec-4c7b-9414-fd1969dd8eca/datanode-2/data-0/containers/hdds/b87fbc93-14ec-4c7b-9414-fd1969dd8eca/DS-b1cce4e6-8aff-4d9a-a924-22e0c244cc5e/container.db, /home/runner/work/ozone/ozone/hadoop-ozone/integration-test/target/test-dir/MiniOzoneClusterImpl-b87fbc93-14ec-4c7b-9414-fd1969dd8eca/datanode-3/data-0/containers/hdds/b87fbc93-14ec-4c7b-9414-fd1969dd8eca/DS-29129abe-9624-4277-b5ec-34d802c8c092/container.db, /home/runner/work/ozone/ozone/hadoop-ozone/integration-test/target/test-dir/MiniOzoneClusterImpl-b87fbc93-14ec-4c7b-9414-fd1969dd8eca/datanode-4/data-0/containers/hdds/b87fbc93-14ec-4c7b-9414-fd1969dd8eca/DS-3c04af54-cc33-4f0d-a285-d00781811625/container.db]
2023-07-05 13:45:21,580 [Time-limited test] INFO  utils.DatanodeStoreCache (DatanodeStoreCache.java:removeDB(104)) - Removed db /home/runner/work/ozone/ozone/hadoop-ozone/integration-test/target/test-dir/MiniOzoneClusterImpl-b87fbc93-14ec-4c7b-9414-fd1969dd8eca/datanode-0/data-0/containers/hdds/b87fbc93-14ec-4c7b-9414-fd1969dd8eca/DS-eee9e058-184d-4394-9a77-7b540be8888f/container.db from cache
2023-07-05 13:45:21,580 [Time-limited test] INFO  volume.HddsVolume (HddsVolume.java:closeDbStore(509)) - SchemaV3 db is stopped at /home/runner/work/ozone/ozone/hadoop-ozone/integration-test/target/test-dir/MiniOzoneClusterImpl-b87fbc93-14ec-4c7b-9414-fd1969dd8eca/datanode-0/data-0/containers/hdds/b87fbc93-14ec-4c7b-9414-fd1969dd8eca/DS-eee9e058-184d-4394-9a77-7b540be8888f/container.db for volume DS-eee9e058-184d-4394-9a77-7b540be8888f
2023-07-05 13:45:21,580 [Time-limited test] INFO  utils.BackgroundService (BackgroundService.java:shutdown(141)) - Shutting down service BlockDeletingService
2023-07-05 13:45:21,580 [Time-limited test] INFO  utils.BackgroundService (BackgroundService.java:shutdown(141)) - Shutting down service StaleRecoveringContainerScrubbingService
2023-07-05 13:45:21,581 [Time-limited test] INFO  statemachine.DatanodeStateMachine (DatanodeStateMachine.java:stopDaemon(613)) - Ozone container server stopped.
2023-07-05 13:45:21,591 [Time-limited test] INFO  handler.ContextHandler (ContextHandler.java:doStop(1159)) - Stopped o.e.j.w.WebAppContext@46fdcda3{hddsDatanode,/,null,STOPPED}{jar:file:/home/runner/.m2/repository/org/apache/ozone/hdds-container-service/1.4.0-SNAPSHOT/hdds-container-service-1.4.0-SNAPSHOT.jar!/webapps/hddsDatanode}
2023-07-05 13:45:21,591 [Time-limited test] INFO  server.AbstractConnector (AbstractConnector.java:doStop(383)) - Stopped ServerConnector@467e5af2{HTTP/1.1, (http/1.1)}{0.0.0.0:15274}
2023-07-05 13:45:21,591 [Time-limited test] INFO  server.session (HouseKeeper.java:stopScavenging(149)) - node0 Stopped scavenging
2023-07-05 13:45:21,591 [Time-limited test] INFO  handler.ContextHandler (ContextHandler.java:doStop(1159)) - Stopped o.e.j.s.ServletContextHandler@49c42ef1{static,/static,jar:file:/home/runner/.m2/repository/org/apache/ozone/hdds-container-service/1.4.0-SNAPSHOT/hdds-container-service-1.4.0-SNAPSHOT.jar!/webapps/static,STOPPED}
2023-07-05 13:45:21,593 [Time-limited test] INFO  handler.ContextHandler (ContextHandler.java:doStop(1159)) - Stopped o.e.j.s.ServletContextHandler@6dbdc09c{logs,/logs,file:///home/runner/work/ozone/ozone/hadoop-ozone/integration-test/target/log,STOPPED}
2023-07-05 13:45:21,593 [Time-limited test] INFO  ozone.HddsDatanodeClientProtocolServer (HddsDatanodeClientProtocolServer.java:stop(78)) - Stopping the RPC server for Client Protocol
2023-07-05 13:45:21,594 [Time-limited test] INFO  ipc.Server (Server.java:stop(3523)) - Stopping server on 15275
2023-07-05 13:45:21,594 [IPC Server listener on 15275] INFO  ipc.Server (Server.java:run(1434)) - Stopping IPC Server listener on 15275
2023-07-05 13:45:21,603 [IPC Server Responder] INFO  ipc.Server (Server.java:run(1567)) - Stopping IPC Server Responder
2023-07-05 13:45:21,604 [Time-limited test] INFO  container.TestHelper (TestHelper.java:countReplicas(423)) - Container 1 has 3 replicas on [b469f820-ca6e-4614-936b-d267e952ce44, cf260cd7-cba0-4bd9-b172-726736faca1b, eea920e5-eed2-4ccd-b274-7d8a7cd1384a]
2023-07-05 13:45:21,617 [EventQueue-StaleNodeForStaleNodeHandler] INFO  node.StaleNodeHandler (StaleNodeHandler.java:onMessage(58)) - Datanode cf260cd7-cba0-4bd9-b172-726736faca1b(fv-az264-29.ca02foy5wcnuvlrvrz2wi3p2og.dx.internal.cloudapp.net/10.1.0.13) moved to stale state. Finalizing its pipelines [PipelineID=1e9ace5b-8c44-48ad-8708-bf2a86e0fefa, PipelineID=ff0d3d46-5d3a-4d90-a656-05b733b5fa66, PipelineID=44fbc6c9-e543-4df8-9e3c-1522c8774158]
2023-07-05 13:45:21,618 [EventQueue-StaleNodeForStaleNodeHandler] INFO  pipeline.PipelineManagerImpl (PipelineManagerImpl.java:closePipeline(510)) - Pipeline Pipeline[ Id: 1e9ace5b-8c44-48ad-8708-bf2a86e0fefa, Nodes: cf260cd7-cba0-4bd9-b172-726736faca1b(fv-az264-29.ca02foy5wcnuvlrvrz2wi3p2og.dx.internal.cloudapp.net/10.1.0.13)eea920e5-eed2-4ccd-b274-7d8a7cd1384a(fv-az264-29.ca02foy5wcnuvlrvrz2wi3p2og.dx.internal.cloudapp.net/10.1.0.13)b469f820-ca6e-4614-936b-d267e952ce44(fv-az264-29.ca02foy5wcnuvlrvrz2wi3p2og.dx.internal.cloudapp.net/10.1.0.13), ReplicationConfig: RATIS/THREE, State:OPEN, leaderId:eea920e5-eed2-4ccd-b274-7d8a7cd1384a, CreationTimestamp2023-07-05T13:45:07.735Z[Etc/UTC]] moved to CLOSED state
2023-07-05 13:45:21,618 [EventQueue-StaleNodeForStaleNodeHandler] INFO  pipeline.PipelineManagerImpl (PipelineManagerImpl.java:closePipeline(510)) - Pipeline Pipeline[ Id: ff0d3d46-5d3a-4d90-a656-05b733b5fa66, Nodes: cf260cd7-cba0-4bd9-b172-726736faca1b(fv-az264-29.ca02foy5wcnuvlrvrz2wi3p2og.dx.internal.cloudapp.net/10.1.0.13), ReplicationConfig: RATIS/ONE, State:OPEN, leaderId:cf260cd7-cba0-4bd9-b172-726736faca1b, CreationTimestamp2023-07-05T13:45:07.007Z[Etc/UTC]] moved to CLOSED state
2023-07-05 13:45:21,618 [EventQueue-StaleNodeForStaleNodeHandler] INFO  pipeline.PipelineManagerImpl (PipelineManagerImpl.java:closePipeline(510)) - Pipeline Pipeline[ Id: 44fbc6c9-e543-4df8-9e3c-1522c8774158, Nodes: cf260cd7-cba0-4bd9-b172-726736faca1b(fv-az264-29.ca02foy5wcnuvlrvrz2wi3p2og.dx.internal.cloudapp.net/10.1.0.13)eea920e5-eed2-4ccd-b274-7d8a7cd1384a(fv-az264-29.ca02foy5wcnuvlrvrz2wi3p2og.dx.internal.cloudapp.net/10.1.0.13)b469f820-ca6e-4614-936b-d267e952ce44(fv-az264-29.ca02foy5wcnuvlrvrz2wi3p2og.dx.internal.cloudapp.net/10.1.0.13), ReplicationConfig: RATIS/THREE, State:OPEN, leaderId:b469f820-ca6e-4614-936b-d267e952ce44, CreationTimestamp2023-07-05T13:45:07.736Z[Etc/UTC]] moved to CLOSED state
2023-07-05 13:45:21,692 [ReplicationMonitor] INFO  replication.ReplicationManager (ReplicationManager.java:processAll(389)) - Replication Monitor Thread took 1 milliseconds for processing 1 containers.
2023-07-05 13:45:22,323 [grpc-default-executor-5] WARN  server.GrpcLogAppender (LogUtils.java:warn(122)) - b469f820-ca6e-4614-936b-d267e952ce44@group-1522C8774158->cf260cd7-cba0-4bd9-b172-726736faca1b-AppendLogResponseHandler: Failed appendEntries: org.apache.ratis.thirdparty.io.grpc.StatusRuntimeException: UNAVAILABLE: io exception
2023-07-05 13:45:22,323 [grpc-default-executor-5] INFO  leader.FollowerInfo (FollowerInfoImpl.java:lambda$new$0(52)) - b469f820-ca6e-4614-936b-d267e952ce44@group-1522C8774158->cf260cd7-cba0-4bd9-b172-726736faca1b: decreaseNextIndex nextIndex: updateUnconditionally 1 -> 0
2023-07-05 13:45:22,324 [grpc-default-executor-1] WARN  server.GrpcLogAppender (LogUtils.java:warn(122)) - b469f820-ca6e-4614-936b-d267e952ce44@group-1522C8774158->cf260cd7-cba0-4bd9-b172-726736faca1b-AppendLogResponseHandler: Failed appendEntries: org.apache.ratis.thirdparty.io.grpc.StatusRuntimeException: UNAVAILABLE: io exception
2023-07-05 13:45:22,334 [grpc-default-executor-1] WARN  server.GrpcLogAppender (LogUtils.java:warn(122)) - b469f820-ca6e-4614-936b-d267e952ce44@group-1522C8774158->cf260cd7-cba0-4bd9-b172-726736faca1b-AppendLogResponseHandler: Failed appendEntries: org.apache.ratis.thirdparty.io.grpc.StatusRuntimeException: UNAVAILABLE: io exception
2023-07-05 13:45:22,334 [grpc-default-executor-5] WARN  server.GrpcLogAppender (LogUtils.java:warn(122)) - b469f820-ca6e-4614-936b-d267e952ce44@group-1522C8774158->cf260cd7-cba0-4bd9-b172-726736faca1b-AppendLogResponseHandler: Failed appendEntries: org.apache.ratis.thirdparty.io.grpc.StatusRuntimeException: UNAVAILABLE: io exception
2023-07-05 13:45:22,334 [grpc-default-executor-1] INFO  leader.FollowerInfo (FollowerInfoImpl.java:lambda$new$0(52)) - b469f820-ca6e-4614-936b-d267e952ce44@group-1522C8774158->cf260cd7-cba0-4bd9-b172-726736faca1b: decreaseNextIndex nextIndex: updateUnconditionally 1 -> 0
2023-07-05 13:45:22,605 [Time-limited test] INFO  container.TestHelper (TestHelper.java:countReplicas(423)) - Container 1 has 3 replicas on [b469f820-ca6e-4614-936b-d267e952ce44, cf260cd7-cba0-4bd9-b172-726736faca1b, eea920e5-eed2-4ccd-b274-7d8a7cd1384a]
2023-07-05 13:45:22,762 [ReplicationMonitor] INFO  replication.ReplicationManager (ReplicationManager.java:processAll(389)) - Replication Monitor Thread took 0 milliseconds for processing 1 containers.
2023-07-05 13:45:22,763 [JvmPauseMonitor36] WARN  util.JvmPauseMonitor (JvmPauseMonitor.java:detectPause(124)) - JvmPauseMonitor-om1: Detected pause in JVM or host machine approximately 0.120s with 0.143s GC time.
GC pool 'PS Scavenge' had collection(s): count=1 time=143ms
2023-07-05 13:45:22,816 [grpc-default-executor-5] WARN  server.GrpcLogAppender (LogUtils.java:warn(122)) - eea920e5-eed2-4ccd-b274-7d8a7cd1384a@group-BF2A86E0FEFA->cf260cd7-cba0-4bd9-b172-726736faca1b-AppendLogResponseHandler: Failed appendEntries: org.apache.ratis.thirdparty.io.grpc.StatusRuntimeException: UNAVAILABLE: io exception
2023-07-05 13:45:22,817 [grpc-default-executor-5] WARN  server.GrpcLogAppender (GrpcLogAppender.java:resetClient(128)) - eea920e5-eed2-4ccd-b274-7d8a7cd1384a@group-BF2A86E0FEFA->cf260cd7-cba0-4bd9-b172-726736faca1b-GrpcLogAppender: Follower failed when matchIndex == 0,  keep nextIndex (1) unchanged and retry.
2023-07-05 13:45:22,817 [grpc-default-executor-1] WARN  server.GrpcLogAppender (LogUtils.java:warn(122)) - eea920e5-eed2-4ccd-b274-7d8a7cd1384a@group-BF2A86E0FEFA->cf260cd7-cba0-4bd9-b172-726736faca1b-AppendLogResponseHandler: Failed appendEntries: org.apache.ratis.thirdparty.io.grpc.StatusRuntimeException: UNAVAILABLE: io exception
2023-07-05 13:45:22,817 [grpc-default-executor-1] WARN  server.GrpcLogAppender (GrpcLogAppender.java:resetClient(128)) - eea920e5-eed2-4ccd-b274-7d8a7cd1384a@group-BF2A86E0FEFA->cf260cd7-cba0-4bd9-b172-726736faca1b-GrpcLogAppender: Follower failed when matchIndex == 0,  keep nextIndex (1) unchanged and retry.
2023-07-05 13:45:23,574 [grpc-default-executor-1] WARN  server.GrpcLogAppender (LogUtils.java:warn(122)) - b469f820-ca6e-4614-936b-d267e952ce44@group-1522C8774158->cf260cd7-cba0-4bd9-b172-726736faca1b-AppendLogResponseHandler: Failed appendEntries: org.apache.ratis.thirdparty.io.grpc.StatusRuntimeException: UNAVAILABLE: io exception
2023-07-05 13:45:23,574 [grpc-default-executor-5] WARN  server.GrpcLogAppender (LogUtils.java:warn(122)) - b469f820-ca6e-4614-936b-d267e952ce44@group-1522C8774158->cf260cd7-cba0-4bd9-b172-726736faca1b-AppendLogResponseHandler: Failed appendEntries: org.apache.ratis.thirdparty.io.grpc.StatusRuntimeException: UNAVAILABLE: io exception
2023-07-05 13:45:23,585 [grpc-default-executor-5] WARN  server.GrpcLogAppender (LogUtils.java:warn(122)) - b469f820-ca6e-4614-936b-d267e952ce44@group-1522C8774158->cf260cd7-cba0-4bd9-b172-726736faca1b-AppendLogResponseHandler: Failed appendEntries: org.apache.ratis.thirdparty.io.grpc.StatusRuntimeException: UNAVAILABLE: io exception
2023-07-05 13:45:23,585 [grpc-default-executor-5] INFO  leader.FollowerInfo (FollowerInfoImpl.java:lambda$new$0(52)) - b469f820-ca6e-4614-936b-d267e952ce44@group-1522C8774158->cf260cd7-cba0-4bd9-b172-726736faca1b: decreaseNextIndex nextIndex: updateUnconditionally 1 -> 0
2023-07-05 13:45:23,585 [grpc-default-executor-1] WARN  server.GrpcLogAppender (LogUtils.java:warn(122)) - b469f820-ca6e-4614-936b-d267e952ce44@group-1522C8774158->cf260cd7-cba0-4bd9-b172-726736faca1b-AppendLogResponseHandler: Failed appendEntries: org.apache.ratis.thirdparty.io.grpc.StatusRuntimeException: UNAVAILABLE: io exception
2023-07-05 13:45:23,605 [Time-limited test] INFO  container.TestHelper (TestHelper.java:countReplicas(423)) - Container 1 has 3 replicas on [b469f820-ca6e-4614-936b-d267e952ce44, cf260cd7-cba0-4bd9-b172-726736faca1b, eea920e5-eed2-4ccd-b274-7d8a7cd1384a]
2023-07-05 13:45:23,763 [ReplicationMonitor] INFO  replication.ReplicationManager (ReplicationManager.java:processAll(389)) - Replication Monitor Thread took 1 milliseconds for processing 1 containers.
2023-07-05 13:45:24,067 [grpc-default-executor-1] WARN  server.GrpcLogAppender (LogUtils.java:warn(122)) - eea920e5-eed2-4ccd-b274-7d8a7cd1384a@group-BF2A86E0FEFA->cf260cd7-cba0-4bd9-b172-726736faca1b-AppendLogResponseHandler: Failed appendEntries: org.apache.ratis.thirdparty.io.grpc.StatusRuntimeException: UNAVAILABLE: io exception
2023-07-05 13:45:24,068 [grpc-default-executor-1] WARN  server.GrpcLogAppender (GrpcLogAppender.java:resetClient(128)) - eea920e5-eed2-4ccd-b274-7d8a7cd1384a@group-BF2A86E0FEFA->cf260cd7-cba0-4bd9-b172-726736faca1b-GrpcLogAppender: Follower failed when matchIndex == 0,  keep nextIndex (1) unchanged and retry.
2023-07-05 13:45:24,067 [grpc-default-executor-5] WARN  server.GrpcLogAppender (LogUtils.java:warn(122)) - eea920e5-eed2-4ccd-b274-7d8a7cd1384a@group-BF2A86E0FEFA->cf260cd7-cba0-4bd9-b172-726736faca1b-AppendLogResponseHandler: Failed appendEntries: org.apache.ratis.thirdparty.io.grpc.StatusRuntimeException: UNAVAILABLE: io exception
2023-07-05 13:45:24,068 [grpc-default-executor-5] WARN  server.GrpcLogAppender (GrpcLogAppender.java:resetClient(128)) - eea920e5-eed2-4ccd-b274-7d8a7cd1384a@group-BF2A86E0FEFA->cf260cd7-cba0-4bd9-b172-726736faca1b-GrpcLogAppender: Follower failed when matchIndex == 0,  keep nextIndex (1) unchanged and retry.
2023-07-05 13:45:24,605 [Time-limited test] INFO  container.TestHelper (TestHelper.java:countReplicas(423)) - Container 1 has 3 replicas on [b469f820-ca6e-4614-936b-d267e952ce44, cf260cd7-cba0-4bd9-b172-726736faca1b, eea920e5-eed2-4ccd-b274-7d8a7cd1384a]
2023-07-05 13:45:24,665 [EventQueue-DeadNodeForDeadNodeHandler] INFO  node.DeadNodeHandler (DeadNodeHandler.java:onMessage(82)) - A dead datanode is detected. cf260cd7-cba0-4bd9-b172-726736faca1b(fv-az264-29.ca02foy5wcnuvlrvrz2wi3p2og.dx.internal.cloudapp.net/10.1.0.13)
2023-07-05 13:45:24,665 [EventQueue-DeadNodeForDeadNodeHandler] INFO  pipeline.RatisPipelineProvider (RatisPipelineProvider.java:lambda$close$4(272)) - Send pipeline:PipelineID=1e9ace5b-8c44-48ad-8708-bf2a86e0fefa close command to datanode cf260cd7-cba0-4bd9-b172-726736faca1b
2023-07-05 13:45:24,666 [EventQueue-DeadNodeForDeadNodeHandler] INFO  pipeline.RatisPipelineProvider (RatisPipelineProvider.java:lambda$close$4(272)) - Send pipeline:PipelineID=1e9ace5b-8c44-48ad-8708-bf2a86e0fefa close command to datanode eea920e5-eed2-4ccd-b274-7d8a7cd1384a
2023-07-05 13:45:24,666 [EventQueue-DeadNodeForDeadNodeHandler] INFO  pipeline.RatisPipelineProvider (RatisPipelineProvider.java:lambda$close$4(272)) - Send pipeline:PipelineID=1e9ace5b-8c44-48ad-8708-bf2a86e0fefa close command to datanode b469f820-ca6e-4614-936b-d267e952ce44
2023-07-05 13:45:24,668 [EventQueue-DeadNodeForDeadNodeHandler] INFO  pipeline.PipelineManagerImpl (PipelineManagerImpl.java:removePipeline(459)) - Pipeline Pipeline[ Id: 1e9ace5b-8c44-48ad-8708-bf2a86e0fefa, Nodes: cf260cd7-cba0-4bd9-b172-726736faca1b(fv-az264-29.ca02foy5wcnuvlrvrz2wi3p2og.dx.internal.cloudapp.net/10.1.0.13)eea920e5-eed2-4ccd-b274-7d8a7cd1384a(fv-az264-29.ca02foy5wcnuvlrvrz2wi3p2og.dx.internal.cloudapp.net/10.1.0.13)b469f820-ca6e-4614-936b-d267e952ce44(fv-az264-29.ca02foy5wcnuvlrvrz2wi3p2og.dx.internal.cloudapp.net/10.1.0.13), ReplicationConfig: RATIS/THREE, State:CLOSED, leaderId:eea920e5-eed2-4ccd-b274-7d8a7cd1384a, CreationTimestamp2023-07-05T13:45:07.735Z[Etc/UTC]] removed.
2023-07-05 13:45:24,668 [EventQueue-DeadNodeForDeadNodeHandler] INFO  pipeline.RatisPipelineProvider (RatisPipelineProvider.java:lambda$close$4(272)) - Send pipeline:PipelineID=ff0d3d46-5d3a-4d90-a656-05b733b5fa66 close command to datanode cf260cd7-cba0-4bd9-b172-726736faca1b
2023-07-05 13:45:24,668 [EventQueue-DeadNodeForDeadNodeHandler] INFO  pipeline.PipelineManagerImpl (PipelineManagerImpl.java:removePipeline(459)) - Pipeline Pipeline[ Id: ff0d3d46-5d3a-4d90-a656-05b733b5fa66, Nodes: cf260cd7-cba0-4bd9-b172-726736faca1b(fv-az264-29.ca02foy5wcnuvlrvrz2wi3p2og.dx.internal.cloudapp.net/10.1.0.13), ReplicationConfig: RATIS/ONE, State:CLOSED, leaderId:cf260cd7-cba0-4bd9-b172-726736faca1b, CreationTimestamp2023-07-05T13:45:07.007Z[Etc/UTC]] removed.
2023-07-05 13:45:24,669 [EventQueue-DeadNodeForDeadNodeHandler] INFO  pipeline.RatisPipelineProvider (RatisPipelineProvider.java:lambda$close$4(272)) - Send pipeline:PipelineID=44fbc6c9-e543-4df8-9e3c-1522c8774158 close command to datanode cf260cd7-cba0-4bd9-b172-726736faca1b
2023-07-05 13:45:24,669 [EventQueue-DeadNodeForDeadNodeHandler] INFO  pipeline.RatisPipelineProvider (RatisPipelineProvider.java:lambda$close$4(272)) - Send pipeline:PipelineID=44fbc6c9-e543-4df8-9e3c-1522c8774158 close command to datanode eea920e5-eed2-4ccd-b274-7d8a7cd1384a
2023-07-05 13:45:24,669 [EventQueue-DeadNodeForDeadNodeHandler] INFO  pipeline.RatisPipelineProvider (RatisPipelineProvider.java:lambda$close$4(272)) - Send pipeline:PipelineID=44fbc6c9-e543-4df8-9e3c-1522c8774158 close command to datanode b469f820-ca6e-4614-936b-d267e952ce44
2023-07-05 13:45:24,669 [EventQueue-DeadNodeForDeadNodeHandler] INFO  pipeline.PipelineManagerImpl (PipelineManagerImpl.java:removePipeline(459)) - Pipeline Pipeline[ Id: 44fbc6c9-e543-4df8-9e3c-1522c8774158, Nodes: cf260cd7-cba0-4bd9-b172-726736faca1b(fv-az264-29.ca02foy5wcnuvlrvrz2wi3p2og.dx.internal.cloudapp.net/10.1.0.13)eea920e5-eed2-4ccd-b274-7d8a7cd1384a(fv-az264-29.ca02foy5wcnuvlrvrz2wi3p2og.dx.internal.cloudapp.net/10.1.0.13)b469f820-ca6e-4614-936b-d267e952ce44(fv-az264-29.ca02foy5wcnuvlrvrz2wi3p2og.dx.internal.cloudapp.net/10.1.0.13), ReplicationConfig: RATIS/THREE, State:CLOSED, leaderId:b469f820-ca6e-4614-936b-d267e952ce44, CreationTimestamp2023-07-05T13:45:07.736Z[Etc/UTC]] removed.
2023-07-05 13:45:24,669 [EventQueue-DeadNodeForDeadNodeHandler] INFO  node.DeadNodeHandler (DeadNodeHandler.java:onMessage(95)) - Clearing command queue of size 3 for DN cf260cd7-cba0-4bd9-b172-726736faca1b(fv-az264-29.ca02foy5wcnuvlrvrz2wi3p2og.dx.internal.cloudapp.net/10.1.0.13)
2023-07-05 13:45:24,669 [EventQueue-DeadNodeForDeadNodeHandler] INFO  net.NetworkTopologyImpl (NetworkTopologyImpl.java:remove(190)) - Removed a node: /default-rack/cf260cd7-cba0-4bd9-b172-726736faca1b
2023-07-05 13:45:24,763 [ReplicationMonitor] INFO  replication.ReplicationManager (ReplicationManager.java:processAll(389)) - Replication Monitor Thread took 0 milliseconds for processing 1 containers.
2023-07-05 13:45:24,825 [grpc-default-executor-5] WARN  server.GrpcLogAppender (LogUtils.java:warn(122)) - b469f820-ca6e-4614-936b-d267e952ce44@group-1522C8774158->cf260cd7-cba0-4bd9-b172-726736faca1b-AppendLogResponseHandler: Failed appendEntries: org.apache.ratis.thirdparty.io.grpc.StatusRuntimeException: UNAVAILABLE: io exception
2023-07-05 13:45:24,826 [grpc-default-executor-1] WARN  server.GrpcLogAppender (LogUtils.java:warn(122)) - b469f820-ca6e-4614-936b-d267e952ce44@group-1522C8774158->cf260cd7-cba0-4bd9-b172-726736faca1b-AppendLogResponseHandler: Failed appendEntries: org.apache.ratis.thirdparty.io.grpc.StatusRuntimeException: UNAVAILABLE: io exception
2023-07-05 13:45:24,836 [grpc-default-executor-5] WARN  server.GrpcLogAppender (LogUtils.java:warn(122)) - b469f820-ca6e-4614-936b-d267e952ce44@group-1522C8774158->cf260cd7-cba0-4bd9-b172-726736faca1b-AppendLogResponseHandler: Failed appendEntries: org.apache.ratis.thirdparty.io.grpc.StatusRuntimeException: UNAVAILABLE: io exception
2023-07-05 13:45:24,836 [grpc-default-executor-1] WARN  server.GrpcLogAppender (LogUtils.java:warn(122)) - b469f820-ca6e-4614-936b-d267e952ce44@group-1522C8774158->cf260cd7-cba0-4bd9-b172-726736faca1b-AppendLogResponseHandler: Failed appendEntries: org.apache.ratis.thirdparty.io.grpc.StatusRuntimeException: UNAVAILABLE: io exception
2023-07-05 13:45:24,836 [grpc-default-executor-5] INFO  leader.FollowerInfo (FollowerInfoImpl.java:lambda$new$0(52)) - b469f820-ca6e-4614-936b-d267e952ce44@group-1522C8774158->cf260cd7-cba0-4bd9-b172-726736faca1b: decreaseNextIndex nextIndex: updateUnconditionally 1 -> 0
2023-07-05 13:45:25,317 [grpc-default-executor-1] WARN  server.GrpcLogAppender (LogUtils.java:warn(122)) - eea920e5-eed2-4ccd-b274-7d8a7cd1384a@group-BF2A86E0FEFA->cf260cd7-cba0-4bd9-b172-726736faca1b-AppendLogResponseHandler: Failed appendEntries: org.apache.ratis.thirdparty.io.grpc.StatusRuntimeException: UNAVAILABLE: io exception
2023-07-05 13:45:25,318 [grpc-default-executor-1] WARN  server.GrpcLogAppender (GrpcLogAppender.java:resetClient(128)) - eea920e5-eed2-4ccd-b274-7d8a7cd1384a@group-BF2A86E0FEFA->cf260cd7-cba0-4bd9-b172-726736faca1b-GrpcLogAppender: Follower failed when matchIndex == 0,  keep nextIndex (1) unchanged and retry.
2023-07-05 13:45:25,318 [grpc-default-executor-5] WARN  server.GrpcLogAppender (LogUtils.java:warn(122)) - eea920e5-eed2-4ccd-b274-7d8a7cd1384a@group-BF2A86E0FEFA->cf260cd7-cba0-4bd9-b172-726736faca1b-AppendLogResponseHandler: Failed appendEntries: org.apache.ratis.thirdparty.io.grpc.StatusRuntimeException: UNAVAILABLE: io exception
2023-07-05 13:45:25,318 [grpc-default-executor-5] WARN  server.GrpcLogAppender (GrpcLogAppender.java:resetClient(128)) - eea920e5-eed2-4ccd-b274-7d8a7cd1384a@group-BF2A86E0FEFA->cf260cd7-cba0-4bd9-b172-726736faca1b-GrpcLogAppender: Follower failed when matchIndex == 0,  keep nextIndex (1) unchanged and retry.
2023-07-05 13:45:25,606 [Time-limited test] INFO  container.TestHelper (TestHelper.java:countReplicas(423)) - Container 1 has 2 replicas on [b469f820-ca6e-4614-936b-d267e952ce44, eea920e5-eed2-4ccd-b274-7d8a7cd1384a]
2023-07-05 13:45:25,606 [Time-limited test] INFO  container.TestHelper (TestHelper.java:countReplicas(423)) - Container 1 has 2 replicas on [b469f820-ca6e-4614-936b-d267e952ce44, eea920e5-eed2-4ccd-b274-7d8a7cd1384a]
2023-07-05 13:45:25,764 [ReplicationMonitor] INFO  replication.ReplicationManager (ReplicationManager.java:processAll(389)) - Replication Monitor Thread took 0 milliseconds for processing 1 containers.
2023-07-05 13:45:26,076 [grpc-default-executor-5] WARN  server.GrpcLogAppender (LogUtils.java:warn(122)) - b469f820-ca6e-4614-936b-d267e952ce44@group-1522C8774158->cf260cd7-cba0-4bd9-b172-726736faca1b-AppendLogResponseHandler: Failed appendEntries: org.apache.ratis.thirdparty.io.grpc.StatusRuntimeException: UNAVAILABLE: io exception
2023-07-05 13:45:26,076 [grpc-default-executor-1] WARN  server.GrpcLogAppender (LogUtils.java:warn(122)) - b469f820-ca6e-4614-936b-d267e952ce44@group-1522C8774158->cf260cd7-cba0-4bd9-b172-726736faca1b-AppendLogResponseHandler: Failed appendEntries: org.apache.ratis.thirdparty.io.grpc.StatusRuntimeException: UNAVAILABLE: io exception
2023-07-05 13:45:26,087 [grpc-default-executor-5] WARN  server.GrpcLogAppender (LogUtils.java:warn(122)) - b469f820-ca6e-4614-936b-d267e952ce44@group-1522C8774158->cf260cd7-cba0-4bd9-b172-726736faca1b-AppendLogResponseHandler: Failed appendEntries: org.apache.ratis.thirdparty.io.grpc.StatusRuntimeException: UNAVAILABLE: io exception
2023-07-05 13:45:26,087 [grpc-default-executor-1] WARN  server.GrpcLogAppender (LogUtils.java:warn(122)) - b469f820-ca6e-4614-936b-d267e952ce44@group-1522C8774158->cf260cd7-cba0-4bd9-b172-726736faca1b-AppendLogResponseHandler: Failed appendEntries: org.apache.ratis.thirdparty.io.grpc.StatusRuntimeException: UNAVAILABLE: io exception
2023-07-05 13:45:26,087 [grpc-default-executor-5] INFO  leader.FollowerInfo (FollowerInfoImpl.java:lambda$new$0(52)) - b469f820-ca6e-4614-936b-d267e952ce44@group-1522C8774158->cf260cd7-cba0-4bd9-b172-726736faca1b: decreaseNextIndex nextIndex: updateUnconditionally 1 -> 0
2023-07-05 13:45:26,568 [grpc-default-executor-1] WARN  server.GrpcLogAppender (LogUtils.java:warn(122)) - eea920e5-eed2-4ccd-b274-7d8a7cd1384a@group-BF2A86E0FEFA->cf260cd7-cba0-4bd9-b172-726736faca1b-AppendLogResponseHandler: Failed appendEntries: org.apache.ratis.thirdparty.io.grpc.StatusRuntimeException: UNAVAILABLE: io exception
2023-07-05 13:45:26,568 [grpc-default-executor-5] WARN  server.GrpcLogAppender (LogUtils.java:warn(122)) - eea920e5-eed2-4ccd-b274-7d8a7cd1384a@group-BF2A86E0FEFA->cf260cd7-cba0-4bd9-b172-726736faca1b-AppendLogResponseHandler: Failed appendEntries: org.apache.ratis.thirdparty.io.grpc.StatusRuntimeException: UNAVAILABLE: io exception
2023-07-05 13:45:26,568 [grpc-default-executor-1] WARN  server.GrpcLogAppender (GrpcLogAppender.java:resetClient(128)) - eea920e5-eed2-4ccd-b274-7d8a7cd1384a@group-BF2A86E0FEFA->cf260cd7-cba0-4bd9-b172-726736faca1b-GrpcLogAppender: Follower failed when matchIndex == 0,  keep nextIndex (1) unchanged and retry.
2023-07-05 13:45:26,569 [grpc-default-executor-5] WARN  server.GrpcLogAppender (GrpcLogAppender.java:resetClient(128)) - eea920e5-eed2-4ccd-b274-7d8a7cd1384a@group-BF2A86E0FEFA->cf260cd7-cba0-4bd9-b172-726736faca1b-GrpcLogAppender: Follower failed when matchIndex == 0,  keep nextIndex (1) unchanged and retry.
2023-07-05 13:45:26,575 [PipelineCommandHandlerThread-0] INFO  server.RaftServer (RaftServerProxy.java:remove(109)) - b469f820-ca6e-4614-936b-d267e952ce44: remove  FOLLOWER b469f820-ca6e-4614-936b-d267e952ce44@group-BF2A86E0FEFA:t1, leader=eea920e5-eed2-4ccd-b274-7d8a7cd1384a, voted=eea920e5-eed2-4ccd-b274-7d8a7cd1384a, raftlog=Memoized:b469f820-ca6e-4614-936b-d267e952ce44@group-BF2A86E0FEFA-SegmentedRaftLog:OPENED:c0, conf=0: peers:[eea920e5-eed2-4ccd-b274-7d8a7cd1384a|rpc:10.1.0.13:15297|admin:10.1.0.13:15296|client:10.1.0.13:15295|dataStream:10.1.0.13:15298|priority:1|startupRole:FOLLOWER, cf260cd7-cba0-4bd9-b172-726736faca1b|rpc:10.1.0.13:15279|admin:10.1.0.13:15278|client:10.1.0.13:15277|dataStream:10.1.0.13:15280|priority:0|startupRole:FOLLOWER, b469f820-ca6e-4614-936b-d267e952ce44|rpc:10.1.0.13:15288|admin:10.1.0.13:15287|client:10.1.0.13:15286|dataStream:10.1.0.13:15289|priority:0|startupRole:FOLLOWER]|listeners:[], old=null RUNNING
2023-07-05 13:45:26,575 [PipelineCommandHandlerThread-0] INFO  server.RaftServer$Division (RaftServerImpl.java:lambda$close$4(466)) - b469f820-ca6e-4614-936b-d267e952ce44@group-BF2A86E0FEFA: shutdown
2023-07-05 13:45:26,575 [PipelineCommandHandlerThread-0] INFO  util.JmxRegister (JmxRegister.java:unregister(73)) - Successfully un-registered JMX Bean with object name Ratis:service=RaftServer,group=group-BF2A86E0FEFA,id=b469f820-ca6e-4614-936b-d267e952ce44
2023-07-05 13:45:26,575 [PipelineCommandHandlerThread-0] INFO  impl.RoleInfo (RoleInfo.java:shutdownFollowerState(110)) - b469f820-ca6e-4614-936b-d267e952ce44: shutdown b469f820-ca6e-4614-936b-d267e952ce44@group-BF2A86E0FEFA-FollowerState
2023-07-05 13:45:26,575 [PipelineCommandHandlerThread-0] INFO  impl.StateMachineUpdater (StateMachineUpdater.java:stopAndJoin(155)) - b469f820-ca6e-4614-936b-d267e952ce44@group-BF2A86E0FEFA-StateMachineUpdater: set stopIndex = 0
2023-07-05 13:45:26,575 [b469f820-ca6e-4614-936b-d267e952ce44@group-BF2A86E0FEFA-StateMachineUpdater] INFO  ratis.ContainerStateMachine (ContainerStateMachine.java:takeSnapshot(330)) - group-BF2A86E0FEFA: Taking a snapshot at:(t:1, i:0) file /home/runner/work/ozone/ozone/hadoop-ozone/integration-test/target/test-dir/MiniOzoneClusterImpl-b87fbc93-14ec-4c7b-9414-fd1969dd8eca/datanode-1/data/ratis/1e9ace5b-8c44-48ad-8708-bf2a86e0fefa/sm/snapshot.1_0
2023-07-05 13:45:26,575 [b469f820-ca6e-4614-936b-d267e952ce44@group-BF2A86E0FEFA-FollowerState] INFO  impl.FollowerState (FollowerState.java:run(152)) - b469f820-ca6e-4614-936b-d267e952ce44@group-BF2A86E0FEFA-FollowerState was interrupted
2023-07-05 13:45:26,577 [b469f820-ca6e-4614-936b-d267e952ce44@group-BF2A86E0FEFA-StateMachineUpdater] INFO  ratis.ContainerStateMachine (ContainerStateMachine.java:takeSnapshot(341)) - group-BF2A86E0FEFA: Finished taking a snapshot at:(t:1, i:0) file:/home/runner/work/ozone/ozone/hadoop-ozone/integration-test/target/test-dir/MiniOzoneClusterImpl-b87fbc93-14ec-4c7b-9414-fd1969dd8eca/datanode-1/data/ratis/1e9ace5b-8c44-48ad-8708-bf2a86e0fefa/sm/snapshot.1_0 took: 2 ms
2023-07-05 13:45:26,577 [b469f820-ca6e-4614-936b-d267e952ce44@group-BF2A86E0FEFA-StateMachineUpdater] INFO  impl.StateMachineUpdater (StateMachineUpdater.java:takeSnapshot(291)) - b469f820-ca6e-4614-936b-d267e952ce44@group-BF2A86E0FEFA-StateMachineUpdater: Took a snapshot at index 0
2023-07-05 13:45:26,577 [b469f820-ca6e-4614-936b-d267e952ce44@group-BF2A86E0FEFA-StateMachineUpdater] INFO  impl.StateMachineUpdater (StateMachineUpdater.java:lambda$new$0(97)) - b469f820-ca6e-4614-936b-d267e952ce44@group-BF2A86E0FEFA-StateMachineUpdater: snapshotIndex: updateIncreasingly -1 -> 0
2023-07-05 13:45:26,578 [PipelineCommandHandlerThread-0] INFO  server.RaftServer$Division (ServerState.java:close(472)) - b469f820-ca6e-4614-936b-d267e952ce44@group-BF2A86E0FEFA: closes. applyIndex: 0
2023-07-05 13:45:26,582 [PipelineCommandHandlerThread-0] INFO  server.RaftServer (RaftServerProxy.java:remove(109)) - eea920e5-eed2-4ccd-b274-7d8a7cd1384a: remove    LEADER eea920e5-eed2-4ccd-b274-7d8a7cd1384a@group-BF2A86E0FEFA:t1, leader=eea920e5-eed2-4ccd-b274-7d8a7cd1384a, voted=eea920e5-eed2-4ccd-b274-7d8a7cd1384a, raftlog=Memoized:eea920e5-eed2-4ccd-b274-7d8a7cd1384a@group-BF2A86E0FEFA-SegmentedRaftLog:OPENED:c0, conf=0: peers:[eea920e5-eed2-4ccd-b274-7d8a7cd1384a|rpc:10.1.0.13:15297|admin:10.1.0.13:15296|client:10.1.0.13:15295|dataStream:10.1.0.13:15298|priority:1|startupRole:FOLLOWER, cf260cd7-cba0-4bd9-b172-726736faca1b|rpc:10.1.0.13:15279|admin:10.1.0.13:15278|client:10.1.0.13:15277|dataStream:10.1.0.13:15280|priority:0|startupRole:FOLLOWER, b469f820-ca6e-4614-936b-d267e952ce44|rpc:10.1.0.13:15288|admin:10.1.0.13:15287|client:10.1.0.13:15286|dataStream:10.1.0.13:15289|priority:0|startupRole:FOLLOWER]|listeners:[], old=null RUNNING
2023-07-05 13:45:26,582 [PipelineCommandHandlerThread-0] INFO  server.RaftServer$Division (RaftServerImpl.java:lambda$close$4(466)) - eea920e5-eed2-4ccd-b274-7d8a7cd1384a@group-BF2A86E0FEFA: shutdown
2023-07-05 13:45:26,582 [PipelineCommandHandlerThread-0] INFO  util.JmxRegister (JmxRegister.java:unregister(73)) - Successfully un-registered JMX Bean with object name Ratis:service=RaftServer,group=group-BF2A86E0FEFA,id=eea920e5-eed2-4ccd-b274-7d8a7cd1384a
2023-07-05 13:45:26,582 [PipelineCommandHandlerThread-0] INFO  impl.RoleInfo (RoleInfo.java:shutdownLeaderState(93)) - eea920e5-eed2-4ccd-b274-7d8a7cd1384a: shutdown eea920e5-eed2-4ccd-b274-7d8a7cd1384a@group-BF2A86E0FEFA-LeaderStateImpl
2023-07-05 13:45:26,582 [PipelineCommandHandlerThread-0] INFO  impl.PendingRequests (PendingRequests.java:sendNotLeaderResponses(289)) - eea920e5-eed2-4ccd-b274-7d8a7cd1384a@group-BF2A86E0FEFA-PendingRequests: sendNotLeaderResponses
2023-07-05 13:45:26,583 [PipelineCommandHandlerThread-0] INFO  impl.StateMachineUpdater (StateMachineUpdater.java:stopAndJoin(155)) - eea920e5-eed2-4ccd-b274-7d8a7cd1384a@group-BF2A86E0FEFA-StateMachineUpdater: set stopIndex = 0
2023-07-05 13:45:26,583 [eea920e5-eed2-4ccd-b274-7d8a7cd1384a@group-BF2A86E0FEFA->b469f820-ca6e-4614-936b-d267e952ce44-GrpcLogAppender-LogAppenderDaemon] WARN  server.GrpcLogAppender (GrpcLogAppender.java:mayWait(199)) - eea920e5-eed2-4ccd-b274-7d8a7cd1384a@group-BF2A86E0FEFA->b469f820-ca6e-4614-936b-d267e952ce44-GrpcLogAppender: Wait interrupted by java.lang.InterruptedException
2023-07-05 13:45:26,583 [eea920e5-eed2-4ccd-b274-7d8a7cd1384a@group-BF2A86E0FEFA-StateMachineUpdater] INFO  ratis.ContainerStateMachine (ContainerStateMachine.java:takeSnapshot(330)) - group-BF2A86E0FEFA: Taking a snapshot at:(t:1, i:0) file /home/runner/work/ozone/ozone/hadoop-ozone/integration-test/target/test-dir/MiniOzoneClusterImpl-b87fbc93-14ec-4c7b-9414-fd1969dd8eca/datanode-2/data/ratis/1e9ace5b-8c44-48ad-8708-bf2a86e0fefa/sm/snapshot.1_0
2023-07-05 13:45:26,584 [eea920e5-eed2-4ccd-b274-7d8a7cd1384a@group-BF2A86E0FEFA-StateMachineUpdater] INFO  ratis.ContainerStateMachine (ContainerStateMachine.java:takeSnapshot(341)) - group-BF2A86E0FEFA: Finished taking a snapshot at:(t:1, i:0) file:/home/runner/work/ozone/ozone/hadoop-ozone/integration-test/target/test-dir/MiniOzoneClusterImpl-b87fbc93-14ec-4c7b-9414-fd1969dd8eca/datanode-2/data/ratis/1e9ace5b-8c44-48ad-8708-bf2a86e0fefa/sm/snapshot.1_0 took: 1 ms
2023-07-05 13:45:26,584 [eea920e5-eed2-4ccd-b274-7d8a7cd1384a@group-BF2A86E0FEFA-StateMachineUpdater] INFO  impl.StateMachineUpdater (StateMachineUpdater.java:takeSnapshot(291)) - eea920e5-eed2-4ccd-b274-7d8a7cd1384a@group-BF2A86E0FEFA-StateMachineUpdater: Took a snapshot at index 0
2023-07-05 13:45:26,584 [eea920e5-eed2-4ccd-b274-7d8a7cd1384a@group-BF2A86E0FEFA-StateMachineUpdater] INFO  impl.StateMachineUpdater (StateMachineUpdater.java:lambda$new$0(97)) - eea920e5-eed2-4ccd-b274-7d8a7cd1384a@group-BF2A86E0FEFA-StateMachineUpdater: snapshotIndex: updateIncreasingly -1 -> 0
2023-07-05 13:45:26,584 [PipelineCommandHandlerThread-0] INFO  server.RaftServer$Division (ServerState.java:close(472)) - eea920e5-eed2-4ccd-b274-7d8a7cd1384a@group-BF2A86E0FEFA: closes. applyIndex: 0
2023-07-05 13:45:26,584 [eea920e5-eed2-4ccd-b274-7d8a7cd1384a@group-BF2A86E0FEFA->cf260cd7-cba0-4bd9-b172-726736faca1b-GrpcLogAppender-LogAppenderDaemon] WARN  server.GrpcLogAppender (GrpcLogAppender.java:mayWait(199)) - eea920e5-eed2-4ccd-b274-7d8a7cd1384a@group-BF2A86E0FEFA->cf260cd7-cba0-4bd9-b172-726736faca1b-GrpcLogAppender: Wait interrupted by java.lang.InterruptedException
2023-07-05 13:45:26,585 [grpc-default-executor-1] INFO  server.GrpcServerProtocolService (GrpcServerProtocolService.java:onCompleted(155)) - b469f820-ca6e-4614-936b-d267e952ce44: Completed APPEND_ENTRIES, lastRequest: null
2023-07-05 13:45:26,585 [grpc-default-executor-5] INFO  server.GrpcServerProtocolService (GrpcServerProtocolService.java:onCompleted(155)) - b469f820-ca6e-4614-936b-d267e952ce44: Completed APPEND_ENTRIES, lastRequest: eea920e5-eed2-4ccd-b274-7d8a7cd1384a->b469f820-ca6e-4614-936b-d267e952ce44#1-t1,previous=(t:0, i:0),leaderCommit=-1,initializing? true,entries: size=1, first=(t:1, i:0), CONFIGURATIONENTRY(current:id: "eea920e5-eed2-4ccd-b274-7d8a7cd1384a"
address: "10.1.0.13:15297"
priority: 1
dataStreamAddress: "10.1.0.13:15298"
clientAddress: "10.1.0.13:15295"
adminAddress: "10.1.0.13:15296"
startupRole: FOLLOWER
,id: "cf260cd7-cba0-4bd9-b172-726736faca1b"
address: "10.1.0.13:15279"
dataStreamAddress: "10.1.0.13:15280"
clientAddress: "10.1.0.13:15277"
adminAddress: "10.1.0.13:15278"
startupRole: FOLLOWER
,id: "b469f820-ca6e-4614-936b-d267e952ce44"
address: "10.1.0.13:15288"
dataStreamAddress: "10.1.0.13:15289"
clientAddress: "10.1.0.13:15286"
adminAddress: "10.1.0.13:15287"
startupRole: FOLLOWER
, old:)
2023-07-05 13:45:26,585 [grpc-default-executor-5] INFO  server.GrpcServerProtocolService (GrpcServerProtocolService.java:lambda$onCompleted$5(157)) - b469f820-ca6e-4614-936b-d267e952ce44: Completed APPEND_ENTRIES, lastReply: null
2023-07-05 13:45:26,585 [grpc-default-executor-1] INFO  server.GrpcServerProtocolService (GrpcServerProtocolService.java:lambda$onCompleted$5(157)) - b469f820-ca6e-4614-936b-d267e952ce44: Completed APPEND_ENTRIES, lastReply: serverReply {
  requestorId: "eea920e5-eed2-4ccd-b274-7d8a7cd1384a"
  replyId: "b469f820-ca6e-4614-936b-d267e952ce44"
  raftGroupId {
    id: "\036\232\316[\214DH\255\207\b\277*\206\340\376\372"
  }
  callId: 6
  success: true
}
term: 1
nextIndex: 1
matchIndex: 18446744073709551615
isHearbeat: true

2023-07-05 13:45:26,586 [grpc-default-executor-5] INFO  server.GrpcLogAppender (GrpcLogAppender.java:onCompleted(428)) - eea920e5-eed2-4ccd-b274-7d8a7cd1384a@group-BF2A86E0FEFA->b469f820-ca6e-4614-936b-d267e952ce44-AppendLogResponseHandler: follower responses appendEntries COMPLETED
2023-07-05 13:45:26,587 [grpc-default-executor-0] INFO  server.GrpcLogAppender (GrpcLogAppender.java:onCompleted(428)) - eea920e5-eed2-4ccd-b274-7d8a7cd1384a@group-BF2A86E0FEFA->b469f820-ca6e-4614-936b-d267e952ce44-AppendLogResponseHandler: follower responses appendEntries COMPLETED
2023-07-05 13:45:26,587 [grpc-default-executor-5] INFO  leader.FollowerInfo (FollowerInfoImpl.java:lambda$new$0(52)) - eea920e5-eed2-4ccd-b274-7d8a7cd1384a@group-BF2A86E0FEFA->b469f820-ca6e-4614-936b-d267e952ce44: decreaseNextIndex nextIndex: updateUnconditionally 1 -> 0
2023-07-05 13:45:26,606 [Time-limited test] INFO  container.TestHelper (TestHelper.java:countReplicas(423)) - Container 1 has 2 replicas on [b469f820-ca6e-4614-936b-d267e952ce44, eea920e5-eed2-4ccd-b274-7d8a7cd1384a]
2023-07-05 13:45:26,764 [ReplicationMonitor] INFO  replication.ReplicationManager (ReplicationManager.java:processAll(389)) - Replication Monitor Thread took 0 milliseconds for processing 1 containers.
2023-07-05 13:45:27,268 [PipelineCommandHandlerThread-0] INFO  segmented.SegmentedRaftLogWorker (SegmentedRaftLogWorker.java:close(252)) - eea920e5-eed2-4ccd-b274-7d8a7cd1384a@group-BF2A86E0FEFA-SegmentedRaftLogWorker close()
2023-07-05 13:45:27,271 [PipelineCommandHandlerThread-0] INFO  server.RaftServer$Division (RaftServerImpl.java:groupRemove(436)) - eea920e5-eed2-4ccd-b274-7d8a7cd1384a@group-BF2A86E0FEFA: Succeed to remove RaftStorageDirectory Storage Directory /home/runner/work/ozone/ozone/hadoop-ozone/integration-test/target/test-dir/MiniOzoneClusterImpl-b87fbc93-14ec-4c7b-9414-fd1969dd8eca/datanode-2/data/ratis/1e9ace5b-8c44-48ad-8708-bf2a86e0fefa
2023-07-05 13:45:27,271 [PipelineCommandHandlerThread-0] INFO  commandhandler.ClosePipelineCommandHandler (ClosePipelineCommandHandler.java:lambda$handle$0(87)) - Close Pipeline PipelineID=1e9ace5b-8c44-48ad-8708-bf2a86e0fefa command on datanode eea920e5-eed2-4ccd-b274-7d8a7cd1384a.
2023-07-05 13:45:27,271 [PipelineCommandHandlerThread-0] INFO  server.RaftServer (RaftServerProxy.java:remove(109)) - eea920e5-eed2-4ccd-b274-7d8a7cd1384a: remove  FOLLOWER eea920e5-eed2-4ccd-b274-7d8a7cd1384a@group-1522C8774158:t1, leader=b469f820-ca6e-4614-936b-d267e952ce44, voted=b469f820-ca6e-4614-936b-d267e952ce44, raftlog=Memoized:eea920e5-eed2-4ccd-b274-7d8a7cd1384a@group-1522C8774158-SegmentedRaftLog:OPENED:c6, conf=0: peers:[eea920e5-eed2-4ccd-b274-7d8a7cd1384a|rpc:10.1.0.13:15297|admin:10.1.0.13:15296|client:10.1.0.13:15295|dataStream:10.1.0.13:15298|priority:0|startupRole:FOLLOWER, cf260cd7-cba0-4bd9-b172-726736faca1b|rpc:10.1.0.13:15279|admin:10.1.0.13:15278|client:10.1.0.13:15277|dataStream:10.1.0.13:15280|priority:0|startupRole:FOLLOWER, b469f820-ca6e-4614-936b-d267e952ce44|rpc:10.1.0.13:15288|admin:10.1.0.13:15287|client:10.1.0.13:15286|dataStream:10.1.0.13:15289|priority:1|startupRole:FOLLOWER]|listeners:[], old=null RUNNING
2023-07-05 13:45:27,271 [PipelineCommandHandlerThread-0] INFO  server.RaftServer$Division (RaftServerImpl.java:lambda$close$4(466)) - eea920e5-eed2-4ccd-b274-7d8a7cd1384a@group-1522C8774158: shutdown
2023-07-05 13:45:27,271 [PipelineCommandHandlerThread-0] INFO  util.JmxRegister (JmxRegister.java:unregister(73)) - Successfully un-registered JMX Bean with object name Ratis:service=RaftServer,group=group-1522C8774158,id=eea920e5-eed2-4ccd-b274-7d8a7cd1384a
2023-07-05 13:45:27,271 [PipelineCommandHandlerThread-0] INFO  impl.RoleInfo (RoleInfo.java:shutdownFollowerState(110)) - eea920e5-eed2-4ccd-b274-7d8a7cd1384a: shutdown eea920e5-eed2-4ccd-b274-7d8a7cd1384a@group-1522C8774158-FollowerState
2023-07-05 13:45:27,271 [PipelineCommandHandlerThread-0] INFO  impl.StateMachineUpdater (StateMachineUpdater.java:stopAndJoin(155)) - eea920e5-eed2-4ccd-b274-7d8a7cd1384a@group-1522C8774158-StateMachineUpdater: set stopIndex = 6
2023-07-05 13:45:27,271 [eea920e5-eed2-4ccd-b274-7d8a7cd1384a@group-1522C8774158-FollowerState] INFO  impl.FollowerState (FollowerState.java:run(152)) - eea920e5-eed2-4ccd-b274-7d8a7cd1384a@group-1522C8774158-FollowerState was interrupted
2023-07-05 13:45:27,271 [eea920e5-eed2-4ccd-b274-7d8a7cd1384a@group-1522C8774158-StateMachineUpdater] INFO  ratis.ContainerStateMachine (ContainerStateMachine.java:takeSnapshot(330)) - group-1522C8774158: Taking a snapshot at:(t:1, i:6) file /home/runner/work/ozone/ozone/hadoop-ozone/integration-test/target/test-dir/MiniOzoneClusterImpl-b87fbc93-14ec-4c7b-9414-fd1969dd8eca/datanode-2/data/ratis/44fbc6c9-e543-4df8-9e3c-1522c8774158/sm/snapshot.1_6
2023-07-05 13:45:27,273 [eea920e5-eed2-4ccd-b274-7d8a7cd1384a@group-1522C8774158-StateMachineUpdater] INFO  ratis.ContainerStateMachine (ContainerStateMachine.java:takeSnapshot(341)) - group-1522C8774158: Finished taking a snapshot at:(t:1, i:6) file:/home/runner/work/ozone/ozone/hadoop-ozone/integration-test/target/test-dir/MiniOzoneClusterImpl-b87fbc93-14ec-4c7b-9414-fd1969dd8eca/datanode-2/data/ratis/44fbc6c9-e543-4df8-9e3c-1522c8774158/sm/snapshot.1_6 took: 1 ms
2023-07-05 13:45:27,273 [eea920e5-eed2-4ccd-b274-7d8a7cd1384a@group-1522C8774158-StateMachineUpdater] INFO  impl.StateMachineUpdater (StateMachineUpdater.java:takeSnapshot(291)) - eea920e5-eed2-4ccd-b274-7d8a7cd1384a@group-1522C8774158-StateMachineUpdater: Took a snapshot at index 6
2023-07-05 13:45:27,273 [eea920e5-eed2-4ccd-b274-7d8a7cd1384a@group-1522C8774158-StateMachineUpdater] INFO  impl.StateMachineUpdater (StateMachineUpdater.java:lambda$new$0(97)) - eea920e5-eed2-4ccd-b274-7d8a7cd1384a@group-1522C8774158-StateMachineUpdater: snapshotIndex: updateIncreasingly -1 -> 6
2023-07-05 13:45:27,274 [PipelineCommandHandlerThread-0] INFO  server.RaftServer$Division (ServerState.java:close(472)) - eea920e5-eed2-4ccd-b274-7d8a7cd1384a@group-1522C8774158: closes. applyIndex: 6
2023-07-05 13:45:27,307 [PipelineCommandHandlerThread-0] INFO  segmented.SegmentedRaftLogWorker (SegmentedRaftLogWorker.java:close(252)) - b469f820-ca6e-4614-936b-d267e952ce44@group-BF2A86E0FEFA-SegmentedRaftLogWorker close()
2023-07-05 13:45:27,309 [PipelineCommandHandlerThread-0] INFO  server.RaftServer$Division (RaftServerImpl.java:groupRemove(436)) - b469f820-ca6e-4614-936b-d267e952ce44@group-BF2A86E0FEFA: Succeed to remove RaftStorageDirectory Storage Directory /home/runner/work/ozone/ozone/hadoop-ozone/integration-test/target/test-dir/MiniOzoneClusterImpl-b87fbc93-14ec-4c7b-9414-fd1969dd8eca/datanode-1/data/ratis/1e9ace5b-8c44-48ad-8708-bf2a86e0fefa
2023-07-05 13:45:27,309 [PipelineCommandHandlerThread-0] INFO  commandhandler.ClosePipelineCommandHandler (ClosePipelineCommandHandler.java:lambda$handle$0(87)) - Close Pipeline PipelineID=1e9ace5b-8c44-48ad-8708-bf2a86e0fefa command on datanode b469f820-ca6e-4614-936b-d267e952ce44.
2023-07-05 13:45:27,309 [PipelineCommandHandlerThread-0] INFO  server.RaftServer (RaftServerProxy.java:remove(109)) - b469f820-ca6e-4614-936b-d267e952ce44: remove    LEADER b469f820-ca6e-4614-936b-d267e952ce44@group-1522C8774158:t1, leader=b469f820-ca6e-4614-936b-d267e952ce44, voted=b469f820-ca6e-4614-936b-d267e952ce44, raftlog=Memoized:b469f820-ca6e-4614-936b-d267e952ce44@group-1522C8774158-SegmentedRaftLog:OPENED:c6, conf=0: peers:[eea920e5-eed2-4ccd-b274-7d8a7cd1384a|rpc:10.1.0.13:15297|admin:10.1.0.13:15296|client:10.1.0.13:15295|dataStream:10.1.0.13:15298|priority:0|startupRole:FOLLOWER, cf260cd7-cba0-4bd9-b172-726736faca1b|rpc:10.1.0.13:15279|admin:10.1.0.13:15278|client:10.1.0.13:15277|dataStream:10.1.0.13:15280|priority:0|startupRole:FOLLOWER, b469f820-ca6e-4614-936b-d267e952ce44|rpc:10.1.0.13:15288|admin:10.1.0.13:15287|client:10.1.0.13:15286|dataStream:10.1.0.13:15289|priority:1|startupRole:FOLLOWER]|listeners:[], old=null RUNNING
2023-07-05 13:45:27,309 [PipelineCommandHandlerThread-0] INFO  server.RaftServer$Division (RaftServerImpl.java:lambda$close$4(466)) - b469f820-ca6e-4614-936b-d267e952ce44@group-1522C8774158: shutdown
2023-07-05 13:45:27,309 [PipelineCommandHandlerThread-0] INFO  util.JmxRegister (JmxRegister.java:unregister(73)) - Successfully un-registered JMX Bean with object name Ratis:service=RaftServer,group=group-1522C8774158,id=b469f820-ca6e-4614-936b-d267e952ce44
2023-07-05 13:45:27,309 [PipelineCommandHandlerThread-0] INFO  impl.RoleInfo (RoleInfo.java:shutdownLeaderState(93)) - b469f820-ca6e-4614-936b-d267e952ce44: shutdown b469f820-ca6e-4614-936b-d267e952ce44@group-1522C8774158-LeaderStateImpl
2023-07-05 13:45:27,309 [b469f820-ca6e-4614-936b-d267e952ce44@group-1522C8774158->eea920e5-eed2-4ccd-b274-7d8a7cd1384a-GrpcLogAppender-LogAppenderDaemon] WARN  server.GrpcLogAppender (GrpcLogAppender.java:mayWait(199)) - b469f820-ca6e-4614-936b-d267e952ce44@group-1522C8774158->eea920e5-eed2-4ccd-b274-7d8a7cd1384a-GrpcLogAppender: Wait interrupted by java.lang.InterruptedException
2023-07-05 13:45:27,309 [PipelineCommandHandlerThread-0] INFO  impl.PendingRequests (PendingRequests.java:sendNotLeaderResponses(289)) - b469f820-ca6e-4614-936b-d267e952ce44@group-1522C8774158-PendingRequests: sendNotLeaderResponses
2023-07-05 13:45:27,310 [b469f820-ca6e-4614-936b-d267e952ce44@group-1522C8774158->cf260cd7-cba0-4bd9-b172-726736faca1b-GrpcLogAppender-LogAppenderDaemon] WARN  server.GrpcLogAppender (GrpcLogAppender.java:mayWait(199)) - b469f820-ca6e-4614-936b-d267e952ce44@group-1522C8774158->cf260cd7-cba0-4bd9-b172-726736faca1b-GrpcLogAppender: Wait interrupted by java.lang.InterruptedException
2023-07-05 13:45:27,310 [grpc-default-executor-1] INFO  server.GrpcServerProtocolService (GrpcServerProtocolService.java:onCompleted(155)) - eea920e5-eed2-4ccd-b274-7d8a7cd1384a: Completed APPEND_ENTRIES, lastRequest: null
2023-07-05 13:45:27,310 [grpc-default-executor-0] INFO  server.GrpcServerProtocolService (GrpcServerProtocolService.java:onCompleted(155)) - eea920e5-eed2-4ccd-b274-7d8a7cd1384a: Completed APPEND_ENTRIES, lastRequest: b469f820-ca6e-4614-936b-d267e952ce44->eea920e5-eed2-4ccd-b274-7d8a7cd1384a#11-t1,previous=(t:1, i:5),leaderCommit=5,initializing? true,entries: size=1, first=(t:1, i:6), METADATAENTRY(c:5)
2023-07-05 13:45:27,310 [grpc-default-executor-0] INFO  server.GrpcServerProtocolService (GrpcServerProtocolService.java:lambda$onCompleted$5(157)) - eea920e5-eed2-4ccd-b274-7d8a7cd1384a: Completed APPEND_ENTRIES, lastReply: null
2023-07-05 13:45:27,310 [grpc-default-executor-1] INFO  server.GrpcServerProtocolService (GrpcServerProtocolService.java:lambda$onCompleted$5(157)) - eea920e5-eed2-4ccd-b274-7d8a7cd1384a: Completed APPEND_ENTRIES, lastReply: serverReply {
  requestorId: "b469f820-ca6e-4614-936b-d267e952ce44"
  replyId: "eea920e5-eed2-4ccd-b274-7d8a7cd1384a"
  raftGroupId {
    id: "D\373\306\311\345CM\370\236<\025\"\310wAX"
  }
  callId: 17
  success: true
}
term: 1
nextIndex: 7
followerCommit: 6
matchIndex: 18446744073709551615
isHearbeat: true

2023-07-05 13:45:27,311 [grpc-default-executor-5] INFO  server.GrpcLogAppender (GrpcLogAppender.java:onCompleted(428)) - b469f820-ca6e-4614-936b-d267e952ce44@group-1522C8774158->eea920e5-eed2-4ccd-b274-7d8a7cd1384a-AppendLogResponseHandler: follower responses appendEntries COMPLETED
2023-07-05 13:45:27,312 [grpc-default-executor-5] INFO  leader.FollowerInfo (FollowerInfoImpl.java:lambda$new$0(52)) - b469f820-ca6e-4614-936b-d267e952ce44@group-1522C8774158->eea920e5-eed2-4ccd-b274-7d8a7cd1384a: decreaseNextIndex nextIndex: updateUnconditionally 7 -> 6
2023-07-05 13:45:27,314 [b469f820-ca6e-4614-936b-d267e952ce44@group-1522C8774158-StateMachineUpdater] INFO  ratis.ContainerStateMachine (ContainerStateMachine.java:takeSnapshot(330)) - group-1522C8774158: Taking a snapshot at:(t:1, i:6) file /home/runner/work/ozone/ozone/hadoop-ozone/integration-test/target/test-dir/MiniOzoneClusterImpl-b87fbc93-14ec-4c7b-9414-fd1969dd8eca/datanode-1/data/ratis/44fbc6c9-e543-4df8-9e3c-1522c8774158/sm/snapshot.1_6
2023-07-05 13:45:27,315 [PipelineCommandHandlerThread-0] INFO  impl.StateMachineUpdater (StateMachineUpdater.java:stopAndJoin(155)) - b469f820-ca6e-4614-936b-d267e952ce44@group-1522C8774158-StateMachineUpdater: set stopIndex = 6
2023-07-05 13:45:27,315 [grpc-default-executor-5] INFO  server.GrpcLogAppender (GrpcLogAppender.java:onCompleted(428)) - b469f820-ca6e-4614-936b-d267e952ce44@group-1522C8774158->eea920e5-eed2-4ccd-b274-7d8a7cd1384a-AppendLogResponseHandler: follower responses appendEntries COMPLETED
2023-07-05 13:45:27,315 [grpc-default-executor-5] INFO  leader.FollowerInfo (FollowerInfoImpl.java:lambda$new$0(52)) - b469f820-ca6e-4614-936b-d267e952ce44@group-1522C8774158->eea920e5-eed2-4ccd-b274-7d8a7cd1384a: decreaseNextIndex nextIndex: updateUnconditionally 6 -> 5
2023-07-05 13:45:27,316 [b469f820-ca6e-4614-936b-d267e952ce44@group-1522C8774158-StateMachineUpdater] INFO  ratis.ContainerStateMachine (ContainerStateMachine.java:takeSnapshot(341)) - group-1522C8774158: Finished taking a snapshot at:(t:1, i:6) file:/home/runner/work/ozone/ozone/hadoop-ozone/integration-test/target/test-dir/MiniOzoneClusterImpl-b87fbc93-14ec-4c7b-9414-fd1969dd8eca/datanode-1/data/ratis/44fbc6c9-e543-4df8-9e3c-1522c8774158/sm/snapshot.1_6 took: 2 ms
2023-07-05 13:45:27,316 [b469f820-ca6e-4614-936b-d267e952ce44@group-1522C8774158-StateMachineUpdater] INFO  impl.StateMachineUpdater (StateMachineUpdater.java:takeSnapshot(291)) - b469f820-ca6e-4614-936b-d267e952ce44@group-1522C8774158-StateMachineUpdater: Took a snapshot at index 6
2023-07-05 13:45:27,316 [b469f820-ca6e-4614-936b-d267e952ce44@group-1522C8774158-StateMachineUpdater] INFO  impl.StateMachineUpdater (StateMachineUpdater.java:lambda$new$0(97)) - b469f820-ca6e-4614-936b-d267e952ce44@group-1522C8774158-StateMachineUpdater: snapshotIndex: updateIncreasingly -1 -> 6
2023-07-05 13:45:27,317 [PipelineCommandHandlerThread-0] INFO  server.RaftServer$Division (ServerState.java:close(472)) - b469f820-ca6e-4614-936b-d267e952ce44@group-1522C8774158: closes. applyIndex: 6
2023-07-05 13:45:27,565 [PipelineCommandHandlerThread-0] INFO  segmented.SegmentedRaftLogWorker (SegmentedRaftLogWorker.java:close(252)) - b469f820-ca6e-4614-936b-d267e952ce44@group-1522C8774158-SegmentedRaftLogWorker close()
2023-07-05 13:45:27,567 [PipelineCommandHandlerThread-0] INFO  server.RaftServer$Division (RaftServerImpl.java:groupRemove(436)) - b469f820-ca6e-4614-936b-d267e952ce44@group-1522C8774158: Succeed to remove RaftStorageDirectory Storage Directory /home/runner/work/ozone/ozone/hadoop-ozone/integration-test/target/test-dir/MiniOzoneClusterImpl-b87fbc93-14ec-4c7b-9414-fd1969dd8eca/datanode-1/data/ratis/44fbc6c9-e543-4df8-9e3c-1522c8774158
2023-07-05 13:45:27,567 [PipelineCommandHandlerThread-0] INFO  commandhandler.ClosePipelineCommandHandler (ClosePipelineCommandHandler.java:lambda$handle$0(87)) - Close Pipeline PipelineID=44fbc6c9-e543-4df8-9e3c-1522c8774158 command on datanode b469f820-ca6e-4614-936b-d267e952ce44.
2023-07-05 13:45:27,570 [PipelineCommandHandlerThread-0] INFO  segmented.SegmentedRaftLogWorker (SegmentedRaftLogWorker.java:close(252)) - eea920e5-eed2-4ccd-b274-7d8a7cd1384a@group-1522C8774158-SegmentedRaftLogWorker close()
2023-07-05 13:45:27,572 [PipelineCommandHandlerThread-0] INFO  server.RaftServer$Division (RaftServerImpl.java:groupRemove(436)) - eea920e5-eed2-4ccd-b274-7d8a7cd1384a@group-1522C8774158: Succeed to remove RaftStorageDirectory Storage Directory /home/runner/work/ozone/ozone/hadoop-ozone/integration-test/target/test-dir/MiniOzoneClusterImpl-b87fbc93-14ec-4c7b-9414-fd1969dd8eca/datanode-2/data/ratis/44fbc6c9-e543-4df8-9e3c-1522c8774158
2023-07-05 13:45:27,572 [PipelineCommandHandlerThread-0] INFO  commandhandler.ClosePipelineCommandHandler (ClosePipelineCommandHandler.java:lambda$handle$0(87)) - Close Pipeline PipelineID=44fbc6c9-e543-4df8-9e3c-1522c8774158 command on datanode eea920e5-eed2-4ccd-b274-7d8a7cd1384a.
2023-07-05 13:45:27,606 [Time-limited test] INFO  container.TestHelper (TestHelper.java:countReplicas(423)) - Container 1 has 2 replicas on [b469f820-ca6e-4614-936b-d267e952ce44, eea920e5-eed2-4ccd-b274-7d8a7cd1384a]
2023-07-05 13:45:27,765 [ReplicationMonitor] INFO  replication.ReplicationManager (ReplicationManager.java:processAll(389)) - Replication Monitor Thread took 0 milliseconds for processing 1 containers.
2023-07-05 13:45:28,607 [Time-limited test] INFO  container.TestHelper (TestHelper.java:countReplicas(423)) - Container 1 has 2 replicas on [b469f820-ca6e-4614-936b-d267e952ce44, eea920e5-eed2-4ccd-b274-7d8a7cd1384a]
2023-07-05 13:45:28,765 [ReplicationMonitor] INFO  replication.ReplicationManager (ReplicationManager.java:processAll(389)) - Replication Monitor Thread took 0 milliseconds for processing 1 containers.
2023-07-05 13:45:29,607 [Time-limited test] INFO  container.TestHelper (TestHelper.java:countReplicas(423)) - Container 1 has 2 replicas on [b469f820-ca6e-4614-936b-d267e952ce44, eea920e5-eed2-4ccd-b274-7d8a7cd1384a]
2023-07-05 13:45:29,766 [ReplicationMonitor] INFO  replication.ReplicationManager (ReplicationManager.java:processAll(389)) - Replication Monitor Thread took 0 milliseconds for processing 1 containers.
2023-07-05 13:45:30,607 [Time-limited test] INFO  container.TestHelper (TestHelper.java:countReplicas(423)) - Container 1 has 2 replicas on [b469f820-ca6e-4614-936b-d267e952ce44, eea920e5-eed2-4ccd-b274-7d8a7cd1384a]
2023-07-05 13:45:30,766 [ReplicationMonitor] INFO  replication.ReplicationManager (ReplicationManager.java:processAll(389)) - Replication Monitor Thread took 0 milliseconds for processing 1 containers.
2023-07-05 13:45:31,608 [Time-limited test] INFO  container.TestHelper (TestHelper.java:countReplicas(423)) - Container 1 has 2 replicas on [b469f820-ca6e-4614-936b-d267e952ce44, eea920e5-eed2-4ccd-b274-7d8a7cd1384a]
2023-07-05 13:45:31,683 [Under Replicated Processor] INFO  replication.ReplicationManager (ReplicationManager.java:sendDatanodeCommand(669)) - Sending command [replicateContainerCommand: containerId=1, replicaIndex=0, targetNode=6ab841ea-0799-402d-88dc-833ad02962b2(fv-az264-29.ca02foy5wcnuvlrvrz2wi3p2og.dx.internal.cloudapp.net/10.1.0.13), priority=NORMAL] for container ContainerInfo{id=#1, state=CLOSED, stateEnterTime=2023-07-05T13:45:18.574Z, pipelineID=PipelineID=44fbc6c9-e543-4df8-9e3c-1522c8774158, owner=om1} to eea920e5-eed2-4ccd-b274-7d8a7cd1384a(fv-az264-29.ca02foy5wcnuvlrvrz2wi3p2og.dx.internal.cloudapp.net/10.1.0.13) with datanode deadline 1688565301683 and scm deadline 1688565331683
2023-07-05 13:45:31,683 [Under Replicated Processor] INFO  replication.UnhealthyReplicationProcessor (UnhealthyReplicationProcessor.java:processAll(138)) - Processed 1 containers with health state counts {UNDER_REPLICATED=1}, failed processing 0, deferred due to load 0
2023-07-05 13:45:31,767 [ReplicationMonitor] INFO  replication.ReplicationManager (ReplicationManager.java:processAll(389)) - Replication Monitor Thread took 0 milliseconds for processing 1 containers.
2023-07-05 13:45:32,608 [Time-limited test] INFO  container.TestHelper (TestHelper.java:countReplicas(423)) - Container 1 has 2 replicas on [b469f820-ca6e-4614-936b-d267e952ce44, eea920e5-eed2-4ccd-b274-7d8a7cd1384a]
2023-07-05 13:45:32,767 [ReplicationMonitor] INFO  replication.ReplicationManager (ReplicationManager.java:processAll(389)) - Replication Monitor Thread took 0 milliseconds for processing 1 containers.
2023-07-05 13:45:33,609 [Time-limited test] INFO  container.TestHelper (TestHelper.java:countReplicas(423)) - Container 1 has 2 replicas on [b469f820-ca6e-4614-936b-d267e952ce44, eea920e5-eed2-4ccd-b274-7d8a7cd1384a]
2023-07-05 13:45:33,768 [ReplicationMonitor] INFO  replication.ReplicationManager (ReplicationManager.java:processAll(389)) - Replication Monitor Thread took 0 milliseconds for processing 1 containers.
2023-07-05 13:45:34,582 [ContainerReplicationThread-0] INFO  replication.PushReplicator (PushReplicator.java:replicate(58)) - Starting replication of container 1 to 6ab841ea-0799-402d-88dc-833ad02962b2(fv-az264-29.ca02foy5wcnuvlrvrz2wi3p2og.dx.internal.cloudapp.net/10.1.0.13) using NO_COMPRESSION
2023-07-05 13:45:34,595 [ContainerReplicationThread-0] INFO  replication.GrpcOutputStream (GrpcOutputStream.java:close(111)) - Sent 9728 bytes for container 1
2023-07-05 13:45:34,597 [ReplicationContainerReader-1] INFO  replication.SendContainerRequestHandler (SendContainerRequestHandler.java:onNext(80)) - Accepting container 1
2023-07-05 13:45:34,597 [ReplicationContainerReader-1] INFO  replication.SendContainerRequestHandler (SendContainerRequestHandler.java:onCompleted(108)) - Container 1 is downloaded with size 9728, starting to import.
2023-07-05 13:45:34,610 [Time-limited test] INFO  container.TestHelper (TestHelper.java:countReplicas(423)) - Container 1 has 2 replicas on [b469f820-ca6e-4614-936b-d267e952ce44, eea920e5-eed2-4ccd-b274-7d8a7cd1384a]
2023-07-05 13:45:34,612 [ReplicationContainerReader-1] INFO  replication.SendContainerRequestHandler (SendContainerRequestHandler.java:onCompleted(114)) - Container 1 is replicated successfully
2023-07-05 13:45:34,614 [grpc-default-executor-0] INFO  replication.GrpcContainerUploader (GrpcContainerUploader.java:onCompleted(119)) - Finished uploading container 1 to 6ab841ea-0799-402d-88dc-833ad02962b2(fv-az264-29.ca02foy5wcnuvlrvrz2wi3p2og.dx.internal.cloudapp.net/10.1.0.13)
2023-07-05 13:45:34,616 [ContainerReplicationThread-0] INFO  replication.ReplicationSupervisor (ReplicationSupervisor.java:run(362)) - Successful DONE replicateContainerCommand: containerId=1, replicaIndex=0, targetNode=6ab841ea-0799-402d-88dc-833ad02962b2(fv-az264-29.ca02foy5wcnuvlrvrz2wi3p2og.dx.internal.cloudapp.net/10.1.0.13), priority=NORMAL, transferred 9728 bytes
2023-07-05 13:45:34,769 [ReplicationMonitor] INFO  replication.ReplicationManager (ReplicationManager.java:processAll(389)) - Replication Monitor Thread took 1 milliseconds for processing 1 containers.
2023-07-05 13:45:35,610 [Time-limited test] INFO  container.TestHelper (TestHelper.java:countReplicas(423)) - Container 1 has 3 replicas on [6ab841ea-0799-402d-88dc-833ad02962b2, b469f820-ca6e-4614-936b-d267e952ce44, eea920e5-eed2-4ccd-b274-7d8a7cd1384a]
2023-07-05 13:45:35,618 [Time-limited test] INFO  ozone.MiniOzoneClusterImpl (MiniOzoneClusterImpl.java:shutdown(443)) - Shutting down the Mini Ozone Cluster
2023-07-05 13:45:35,618 [Time-limited test] INFO  ozone.MiniOzoneClusterImpl (MiniOzoneClusterImpl.java:stop(460)) - Stopping the Mini Ozone Cluster
2023-07-05 13:45:35,618 [Time-limited test] INFO  ozone.MiniOzoneClusterImpl (MiniOzoneClusterImpl.java:stopOM(551)) - Stopping the OzoneManager
2023-07-05 13:45:35,618 [Time-limited test] INFO  om.OzoneManager (OzoneManager.java:stop(2198)) - om1[localhost:15269]: Stopping Ozone Manager
2023-07-05 13:45:35,618 [Time-limited test] INFO  ipc.Server (Server.java:stop(3523)) - Stopping server on 15269
2023-07-05 13:45:35,621 [IPC Server Responder] INFO  ipc.Server (Server.java:run(1567)) - Stopping IPC Server Responder
2023-07-05 13:45:35,622 [IPC Server listener on 15269] INFO  ipc.Server (Server.java:run(1434)) - Stopping IPC Server listener on 15269
2023-07-05 13:45:35,622 [Time-limited test] INFO  server.RaftServer (RaftServerProxy.java:lambda$close$6(416)) - om1: close
2023-07-05 13:45:35,625 [Time-limited test] INFO  server.GrpcService (GrpcService.java:closeImpl(311)) - om1: shutdown server GrpcServerProtocolService now
2023-07-05 13:45:35,625 [om1-impl-thread1] INFO  server.RaftServer$Division (RaftServerImpl.java:lambda$close$4(466)) - om1@group-C5BA1605619E: shutdown
2023-07-05 13:45:35,625 [om1-impl-thread1] INFO  util.JmxRegister (JmxRegister.java:unregister(73)) - Successfully un-registered JMX Bean with object name Ratis:service=RaftServer,group=group-C5BA1605619E,id=om1
2023-07-05 13:45:35,625 [om1-impl-thread1] INFO  impl.RoleInfo (RoleInfo.java:shutdownLeaderState(93)) - om1: shutdown om1@group-C5BA1605619E-LeaderStateImpl
2023-07-05 13:45:35,626 [om1-impl-thread1] INFO  impl.PendingRequests (PendingRequests.java:sendNotLeaderResponses(289)) - om1@group-C5BA1605619E-PendingRequests: sendNotLeaderResponses
2023-07-05 13:45:35,627 [Time-limited test] INFO  server.GrpcService (GrpcService.java:closeImpl(320)) - om1: shutdown server GrpcServerProtocolService successfully
2023-07-05 13:45:35,627 [om1@group-C5BA1605619E-StateMachineUpdater] INFO  ratis.OzoneManagerStateMachine (OzoneManagerStateMachine.java:takeSnapshot(479)) - Current Snapshot Index (t:1, i:8)
2023-07-05 13:45:35,627 [om1-impl-thread1] INFO  impl.StateMachineUpdater (StateMachineUpdater.java:stopAndJoin(155)) - om1@group-C5BA1605619E-StateMachineUpdater: set stopIndex = 8
2023-07-05 13:45:35,667 [om1@group-C5BA1605619E-StateMachineUpdater] INFO  impl.StateMachineUpdater (StateMachineUpdater.java:takeSnapshot(291)) - om1@group-C5BA1605619E-StateMachineUpdater: Took a snapshot at index 8
2023-07-05 13:45:35,668 [om1@group-C5BA1605619E-StateMachineUpdater] INFO  impl.StateMachineUpdater (StateMachineUpdater.java:lambda$new$0(97)) - om1@group-C5BA1605619E-StateMachineUpdater: snapshotIndex: updateIncreasingly -1 -> 8
2023-07-05 13:45:35,668 [om1@group-C5BA1605619E-StateMachineUpdater] INFO  ratis.OzoneManagerStateMachine (OzoneManagerStateMachine.java:close(533)) - StateMachine has shutdown. Shutdown OzoneManager if not already shutdown.
2023-07-05 13:45:35,668 [om1@group-C5BA1605619E-StateMachineUpdater] INFO  ratis.OzoneManagerDoubleBuffer (OzoneManagerDoubleBuffer.java:stopDaemon(551)) - Stopping OMDoubleBuffer flush thread
2023-07-05 13:45:35,669 [OMDoubleBufferFlushThread] INFO  ratis.OzoneManagerDoubleBuffer (OzoneManagerDoubleBuffer.java:canFlush(638)) - OMDoubleBuffer flush thread OMDoubleBufferFlushThread is interrupted and will exit.
2023-07-05 13:45:35,669 [om1-impl-thread1] INFO  server.RaftServer$Division (ServerState.java:close(472)) - om1@group-C5BA1605619E: closes. applyIndex: 8
2023-07-05 13:45:35,769 [om1-impl-thread1] INFO  segmented.SegmentedRaftLogWorker (SegmentedRaftLogWorker.java:close(252)) - om1@group-C5BA1605619E-SegmentedRaftLogWorker close()
2023-07-05 13:45:35,769 [ReplicationMonitor] INFO  replication.ReplicationManager (ReplicationManager.java:processAll(389)) - Replication Monitor Thread took 0 milliseconds for processing 1 containers.
2023-07-05 13:45:35,769 [JvmPauseMonitor36] INFO  util.JvmPauseMonitor (JvmPauseMonitor.java:run(109)) - JvmPauseMonitor-om1: Stopped
2023-07-05 13:45:35,769 [Time-limited test] INFO  ratis.OzoneManagerStateMachine (OzoneManagerStateMachine.java:close(533)) - StateMachine has shutdown. Shutdown OzoneManager if not already shutdown.
2023-07-05 13:45:35,770 [Time-limited test] INFO  ratis.OzoneManagerDoubleBuffer (OzoneManagerDoubleBuffer.java:stopDaemon(560)) - OMDoubleBuffer flush thread is not running.
2023-07-05 13:45:35,771 [Time-limited test] INFO  utils.BackgroundService (BackgroundService.java:shutdown(141)) - Shutting down service KeyDeletingService
2023-07-05 13:45:35,771 [Time-limited test] INFO  utils.BackgroundService (BackgroundService.java:shutdown(141)) - Shutting down service KeyDeletingService
2023-07-05 13:45:35,771 [Time-limited test] INFO  utils.BackgroundService (BackgroundService.java:shutdown(141)) - Shutting down service OpenKeyCleanupService
2023-07-05 13:45:35,771 [Time-limited test] INFO  utils.BackgroundService (BackgroundService.java:shutdown(141)) - Shutting down service SstFilteringService
2023-07-05 13:45:35,771 [Time-limited test] INFO  utils.BackgroundService (BackgroundService.java:shutdown(141)) - Shutting down service SnapshotDeletingService
2023-07-05 13:45:35,772 [Time-limited test] INFO  handler.ContextHandler (ContextHandler.java:doStop(1159)) - Stopped o.e.j.w.WebAppContext@54a96f20{ozoneManager,/,null,STOPPED}{file:/home/runner/work/ozone/ozone/hadoop-ozone/integration-test/target/test-classes/webapps/ozoneManager}
2023-07-05 13:45:35,772 [Time-limited test] INFO  server.AbstractConnector (AbstractConnector.java:doStop(383)) - Stopped ServerConnector@f929a57{HTTP/1.1, (http/1.1)}{0.0.0.0:15270}
2023-07-05 13:45:35,772 [Time-limited test] INFO  server.session (HouseKeeper.java:stopScavenging(149)) - node0 Stopped scavenging
2023-07-05 13:45:35,773 [Time-limited test] INFO  handler.ContextHandler (ContextHandler.java:doStop(1159)) - Stopped o.e.j.s.ServletContextHandler@45c47b99{static,/static,file:///home/runner/work/ozone/ozone/hadoop-ozone/integration-test/target/test-classes/webapps/static,STOPPED}
2023-07-05 13:45:35,773 [Time-limited test] INFO  handler.ContextHandler (ContextHandler.java:doStop(1159)) - Stopped o.e.j.s.ServletContextHandler@1d0190fb{logs,/logs,file:///home/runner/work/ozone/ozone/hadoop-ozone/integration-test/target/log,STOPPED}
2023-07-05 13:45:35,780 [Time-limited test] INFO  snapshot.SnapshotDiffManager (SnapshotDiffManager.java:closeExecutorService(1699)) - Shutting down executorService: 'SnapDiffExecutor'
2023-07-05 13:45:35,780 [Time-limited test] INFO  snapshot.SnapshotDiffManager (SnapshotDiffManager.java:closeExecutorService(1699)) - Shutting down executorService: 'SstDumpToolExecutor'
2023-07-05 13:45:35,780 [Time-limited test] INFO  utils.BackgroundService (BackgroundService.java:shutdown(141)) - Shutting down service SnapshotDiffCleanupService
2023-07-05 13:45:35,780 [Time-limited test] INFO  ozone.MiniOzoneClusterImpl (MiniOzoneClusterImpl.java:stopDatanodes(528)) - Stopping the HddsDatanodes
2023-07-05 13:45:35,784 [ForkJoinPool.commonPool-worker-2] INFO  ozoneimpl.OzoneContainer (OzoneContainer.java:stop(441)) - Attempting to stop container services.
2023-07-05 13:45:35,785 [Time-limited test] INFO  ozoneimpl.OzoneContainer (OzoneContainer.java:stop(441)) - Attempting to stop container services.
2023-07-05 13:45:35,786 [Time-limited test] INFO  server.RaftServer (RaftServerProxy.java:lambda$close$6(416)) - eea920e5-eed2-4ccd-b274-7d8a7cd1384a: close
2023-07-05 13:45:35,786 [Time-limited test] INFO  server.GrpcService (GrpcService.java:closeImpl(311)) - eea920e5-eed2-4ccd-b274-7d8a7cd1384a: shutdown server org.apache.ratis.grpc.server.GrpcClientProtocolService now
2023-07-05 13:45:35,786 [eea920e5-eed2-4ccd-b274-7d8a7cd1384a-impl-thread1] INFO  server.RaftServer$Division (RaftServerImpl.java:lambda$close$4(466)) - eea920e5-eed2-4ccd-b274-7d8a7cd1384a@group-C90F6C517F0C: shutdown
2023-07-05 13:45:35,786 [ForkJoinPool.commonPool-worker-2] INFO  server.RaftServer (RaftServerProxy.java:lambda$close$6(416)) - b469f820-ca6e-4614-936b-d267e952ce44: close
2023-07-05 13:45:35,786 [ForkJoinPool.commonPool-worker-2] INFO  server.GrpcService (GrpcService.java:closeImpl(311)) - b469f820-ca6e-4614-936b-d267e952ce44: shutdown server org.apache.ratis.grpc.server.GrpcClientProtocolService now
2023-07-05 13:45:35,786 [eea920e5-eed2-4ccd-b274-7d8a7cd1384a-impl-thread1] INFO  util.JmxRegister (JmxRegister.java:unregister(73)) - Successfully un-registered JMX Bean with object name Ratis:service=RaftServer,group=group-C90F6C517F0C,id=eea920e5-eed2-4ccd-b274-7d8a7cd1384a
2023-07-05 13:45:35,787 [eea920e5-eed2-4ccd-b274-7d8a7cd1384a-impl-thread1] INFO  impl.RoleInfo (RoleInfo.java:shutdownLeaderState(93)) - eea920e5-eed2-4ccd-b274-7d8a7cd1384a: shutdown eea920e5-eed2-4ccd-b274-7d8a7cd1384a@group-C90F6C517F0C-LeaderStateImpl
2023-07-05 13:45:35,787 [eea920e5-eed2-4ccd-b274-7d8a7cd1384a-impl-thread1] INFO  impl.PendingRequests (PendingRequests.java:sendNotLeaderResponses(289)) - eea920e5-eed2-4ccd-b274-7d8a7cd1384a@group-C90F6C517F0C-PendingRequests: sendNotLeaderResponses
2023-07-05 13:45:35,787 [eea920e5-eed2-4ccd-b274-7d8a7cd1384a-impl-thread1] INFO  impl.StateMachineUpdater (StateMachineUpdater.java:stopAndJoin(155)) - eea920e5-eed2-4ccd-b274-7d8a7cd1384a@group-C90F6C517F0C-StateMachineUpdater: set stopIndex = 0
2023-07-05 13:45:35,786 [b469f820-ca6e-4614-936b-d267e952ce44-impl-thread1] INFO  server.RaftServer$Division (RaftServerImpl.java:lambda$close$4(466)) - b469f820-ca6e-4614-936b-d267e952ce44@group-749E4155CEBB: shutdown
2023-07-05 13:45:35,787 [b469f820-ca6e-4614-936b-d267e952ce44-impl-thread1] INFO  util.JmxRegister (JmxRegister.java:unregister(73)) - Successfully un-registered JMX Bean with object name Ratis:service=RaftServer,group=group-749E4155CEBB,id=b469f820-ca6e-4614-936b-d267e952ce44
2023-07-05 13:45:35,787 [b469f820-ca6e-4614-936b-d267e952ce44-impl-thread1] INFO  impl.RoleInfo (RoleInfo.java:shutdownLeaderState(93)) - b469f820-ca6e-4614-936b-d267e952ce44: shutdown b469f820-ca6e-4614-936b-d267e952ce44@group-749E4155CEBB-LeaderStateImpl
2023-07-05 13:45:35,787 [eea920e5-eed2-4ccd-b274-7d8a7cd1384a@group-C90F6C517F0C-StateMachineUpdater] INFO  ratis.ContainerStateMachine (ContainerStateMachine.java:takeSnapshot(330)) - group-C90F6C517F0C: Taking a snapshot at:(t:1, i:0) file /home/runner/work/ozone/ozone/hadoop-ozone/integration-test/target/test-dir/MiniOzoneClusterImpl-b87fbc93-14ec-4c7b-9414-fd1969dd8eca/datanode-2/data/ratis/a5cef821-a6a8-4e1c-9145-c90f6c517f0c/sm/snapshot.1_0
2023-07-05 13:45:35,787 [b469f820-ca6e-4614-936b-d267e952ce44-impl-thread1] INFO  impl.PendingRequests (PendingRequests.java:sendNotLeaderResponses(289)) - b469f820-ca6e-4614-936b-d267e952ce44@group-749E4155CEBB-PendingRequests: sendNotLeaderResponses
2023-07-05 13:45:35,787 [b469f820-ca6e-4614-936b-d267e952ce44-impl-thread1] INFO  impl.StateMachineUpdater (StateMachineUpdater.java:stopAndJoin(155)) - b469f820-ca6e-4614-936b-d267e952ce44@group-749E4155CEBB-StateMachineUpdater: set stopIndex = 0
2023-07-05 13:45:35,788 [b469f820-ca6e-4614-936b-d267e952ce44@group-749E4155CEBB-StateMachineUpdater] INFO  ratis.ContainerStateMachine (ContainerStateMachine.java:takeSnapshot(330)) - group-749E4155CEBB: Taking a snapshot at:(t:1, i:0) file /home/runner/work/ozone/ozone/hadoop-ozone/integration-test/target/test-dir/MiniOzoneClusterImpl-b87fbc93-14ec-4c7b-9414-fd1969dd8eca/datanode-1/data/ratis/1f7cb4d1-3e5a-43a9-aba7-749e4155cebb/sm/snapshot.1_0
2023-07-05 13:45:35,791 [Thread-3422] INFO  server.GrpcServerProtocolClient (GrpcServerProtocolClient.java:close(103)) - cf260cd7-cba0-4bd9-b172-726736faca1b Close channels
2023-07-05 13:45:35,791 [Thread-3423] INFO  server.GrpcServerProtocolClient (GrpcServerProtocolClient.java:close(103)) - b469f820-ca6e-4614-936b-d267e952ce44 Close channels
2023-07-05 13:45:35,795 [b469f820-ca6e-4614-936b-d267e952ce44@group-749E4155CEBB-StateMachineUpdater] INFO  ratis.ContainerStateMachine (ContainerStateMachine.java:takeSnapshot(341)) - group-749E4155CEBB: Finished taking a snapshot at:(t:1, i:0) file:/home/runner/work/ozone/ozone/hadoop-ozone/integration-test/target/test-dir/MiniOzoneClusterImpl-b87fbc93-14ec-4c7b-9414-fd1969dd8eca/datanode-1/data/ratis/1f7cb4d1-3e5a-43a9-aba7-749e4155cebb/sm/snapshot.1_0 took: 7 ms
2023-07-05 13:45:35,795 [eea920e5-eed2-4ccd-b274-7d8a7cd1384a@group-C90F6C517F0C-StateMachineUpdater] INFO  ratis.ContainerStateMachine (ContainerStateMachine.java:takeSnapshot(341)) - group-C90F6C517F0C: Finished taking a snapshot at:(t:1, i:0) file:/home/runner/work/ozone/ozone/hadoop-ozone/integration-test/target/test-dir/MiniOzoneClusterImpl-b87fbc93-14ec-4c7b-9414-fd1969dd8eca/datanode-2/data/ratis/a5cef821-a6a8-4e1c-9145-c90f6c517f0c/sm/snapshot.1_0 took: 7 ms
2023-07-05 13:45:35,795 [b469f820-ca6e-4614-936b-d267e952ce44@group-749E4155CEBB-StateMachineUpdater] INFO  impl.StateMachineUpdater (StateMachineUpdater.java:takeSnapshot(291)) - b469f820-ca6e-4614-936b-d267e952ce44@group-749E4155CEBB-StateMachineUpdater: Took a snapshot at index 0
2023-07-05 13:45:35,795 [b469f820-ca6e-4614-936b-d267e952ce44@group-749E4155CEBB-StateMachineUpdater] INFO  impl.StateMachineUpdater (StateMachineUpdater.java:lambda$new$0(97)) - b469f820-ca6e-4614-936b-d267e952ce44@group-749E4155CEBB-StateMachineUpdater: snapshotIndex: updateIncreasingly -1 -> 0
2023-07-05 13:45:35,795 [eea920e5-eed2-4ccd-b274-7d8a7cd1384a@group-C90F6C517F0C-StateMachineUpdater] INFO  impl.StateMachineUpdater (StateMachineUpdater.java:takeSnapshot(291)) - eea920e5-eed2-4ccd-b274-7d8a7cd1384a@group-C90F6C517F0C-StateMachineUpdater: Took a snapshot at index 0
2023-07-05 13:45:35,795 [eea920e5-eed2-4ccd-b274-7d8a7cd1384a@group-C90F6C517F0C-StateMachineUpdater] INFO  impl.StateMachineUpdater (StateMachineUpdater.java:lambda$new$0(97)) - eea920e5-eed2-4ccd-b274-7d8a7cd1384a@group-C90F6C517F0C-StateMachineUpdater: snapshotIndex: updateIncreasingly -1 -> 0
2023-07-05 13:45:35,795 [b469f820-ca6e-4614-936b-d267e952ce44-impl-thread1] INFO  server.RaftServer$Division (ServerState.java:close(472)) - b469f820-ca6e-4614-936b-d267e952ce44@group-749E4155CEBB: closes. applyIndex: 0
2023-07-05 13:45:35,795 [eea920e5-eed2-4ccd-b274-7d8a7cd1384a-impl-thread1] INFO  server.RaftServer$Division (ServerState.java:close(472)) - eea920e5-eed2-4ccd-b274-7d8a7cd1384a@group-C90F6C517F0C: closes. applyIndex: 0
2023-07-05 13:45:35,798 [Thread-3424] INFO  server.GrpcServerProtocolClient (GrpcServerProtocolClient.java:close(103)) - eea920e5-eed2-4ccd-b274-7d8a7cd1384a Close channels
2023-07-05 13:45:35,798 [Thread-3425] INFO  server.GrpcServerProtocolClient (GrpcServerProtocolClient.java:close(103)) - cf260cd7-cba0-4bd9-b172-726736faca1b Close channels
2023-07-05 13:45:35,804 [Time-limited test] INFO  server.GrpcService (GrpcService.java:closeImpl(320)) - eea920e5-eed2-4ccd-b274-7d8a7cd1384a: shutdown server org.apache.ratis.grpc.server.GrpcClientProtocolService successfully
2023-07-05 13:45:35,804 [Time-limited test] INFO  server.GrpcService (GrpcService.java:closeImpl(311)) - eea920e5-eed2-4ccd-b274-7d8a7cd1384a: shutdown server GrpcServerProtocolService now
2023-07-05 13:45:35,811 [ForkJoinPool.commonPool-worker-3] INFO  ozoneimpl.OzoneContainer (OzoneContainer.java:stop(441)) - Attempting to stop container services.
2023-07-05 13:45:35,812 [ForkJoinPool.commonPool-worker-2] INFO  server.GrpcService (GrpcService.java:closeImpl(320)) - b469f820-ca6e-4614-936b-d267e952ce44: shutdown server org.apache.ratis.grpc.server.GrpcClientProtocolService successfully
2023-07-05 13:45:35,812 [ForkJoinPool.commonPool-worker-2] INFO  server.GrpcService (GrpcService.java:closeImpl(311)) - b469f820-ca6e-4614-936b-d267e952ce44: shutdown server GrpcServerProtocolService now
2023-07-05 13:45:35,812 [Time-limited test] INFO  server.GrpcService (GrpcService.java:closeImpl(320)) - eea920e5-eed2-4ccd-b274-7d8a7cd1384a: shutdown server GrpcServerProtocolService successfully
2023-07-05 13:45:35,812 [Time-limited test] INFO  server.GrpcService (GrpcService.java:closeImpl(311)) - eea920e5-eed2-4ccd-b274-7d8a7cd1384a: shutdown server org.apache.ratis.grpc.server.GrpcAdminProtocolService now
2023-07-05 13:45:35,812 [ForkJoinPool.commonPool-worker-3] INFO  server.RaftServer (RaftServerProxy.java:lambda$close$6(416)) - bdd24332-ebf5-4592-a5f9-8a3e8f136148: close
2023-07-05 13:45:35,812 [ForkJoinPool.commonPool-worker-3] INFO  server.GrpcService (GrpcService.java:closeImpl(311)) - bdd24332-ebf5-4592-a5f9-8a3e8f136148: shutdown server org.apache.ratis.grpc.server.GrpcClientProtocolService now
2023-07-05 13:45:35,812 [bdd24332-ebf5-4592-a5f9-8a3e8f136148-impl-thread1] INFO  server.RaftServer$Division (RaftServerImpl.java:lambda$close$4(466)) - bdd24332-ebf5-4592-a5f9-8a3e8f136148@group-52717682D76F: shutdown
2023-07-05 13:45:35,812 [bdd24332-ebf5-4592-a5f9-8a3e8f136148-impl-thread1] INFO  util.JmxRegister (JmxRegister.java:unregister(73)) - Successfully un-registered JMX Bean with object name Ratis:service=RaftServer,group=group-52717682D76F,id=bdd24332-ebf5-4592-a5f9-8a3e8f136148
2023-07-05 13:45:35,812 [bdd24332-ebf5-4592-a5f9-8a3e8f136148-impl-thread1] INFO  impl.RoleInfo (RoleInfo.java:shutdownLeaderState(93)) - bdd24332-ebf5-4592-a5f9-8a3e8f136148: shutdown bdd24332-ebf5-4592-a5f9-8a3e8f136148@group-52717682D76F-LeaderStateImpl
2023-07-05 13:45:35,812 [bdd24332-ebf5-4592-a5f9-8a3e8f136148-impl-thread1] INFO  impl.PendingRequests (PendingRequests.java:sendNotLeaderResponses(289)) - bdd24332-ebf5-4592-a5f9-8a3e8f136148@group-52717682D76F-PendingRequests: sendNotLeaderResponses
2023-07-05 13:45:35,813 [bdd24332-ebf5-4592-a5f9-8a3e8f136148-impl-thread1] INFO  impl.StateMachineUpdater (StateMachineUpdater.java:stopAndJoin(155)) - bdd24332-ebf5-4592-a5f9-8a3e8f136148@group-52717682D76F-StateMachineUpdater: set stopIndex = 0
2023-07-05 13:45:35,813 [bdd24332-ebf5-4592-a5f9-8a3e8f136148@group-52717682D76F-StateMachineUpdater] INFO  ratis.ContainerStateMachine (ContainerStateMachine.java:takeSnapshot(330)) - group-52717682D76F: Taking a snapshot at:(t:1, i:0) file /home/runner/work/ozone/ozone/hadoop-ozone/integration-test/target/test-dir/MiniOzoneClusterImpl-b87fbc93-14ec-4c7b-9414-fd1969dd8eca/datanode-4/data/ratis/85f8b4c8-ee22-4920-b707-52717682d76f/sm/snapshot.1_0
2023-07-05 13:45:35,815 [ForkJoinPool.commonPool-worker-2] INFO  server.GrpcService (GrpcService.java:closeImpl(320)) - b469f820-ca6e-4614-936b-d267e952ce44: shutdown server GrpcServerProtocolService successfully
2023-07-05 13:45:35,815 [ForkJoinPool.commonPool-worker-2] INFO  server.GrpcService (GrpcService.java:closeImpl(311)) - b469f820-ca6e-4614-936b-d267e952ce44: shutdown server org.apache.ratis.grpc.server.GrpcAdminProtocolService now
2023-07-05 13:45:35,815 [bdd24332-ebf5-4592-a5f9-8a3e8f136148@group-52717682D76F-StateMachineUpdater] INFO  ratis.ContainerStateMachine (ContainerStateMachine.java:takeSnapshot(341)) - group-52717682D76F: Finished taking a snapshot at:(t:1, i:0) file:/home/runner/work/ozone/ozone/hadoop-ozone/integration-test/target/test-dir/MiniOzoneClusterImpl-b87fbc93-14ec-4c7b-9414-fd1969dd8eca/datanode-4/data/ratis/85f8b4c8-ee22-4920-b707-52717682d76f/sm/snapshot.1_0 took: 2 ms
2023-07-05 13:45:35,815 [bdd24332-ebf5-4592-a5f9-8a3e8f136148@group-52717682D76F-StateMachineUpdater] INFO  impl.StateMachineUpdater (StateMachineUpdater.java:takeSnapshot(291)) - bdd24332-ebf5-4592-a5f9-8a3e8f136148@group-52717682D76F-StateMachineUpdater: Took a snapshot at index 0
2023-07-05 13:45:35,815 [bdd24332-ebf5-4592-a5f9-8a3e8f136148@group-52717682D76F-StateMachineUpdater] INFO  impl.StateMachineUpdater (StateMachineUpdater.java:lambda$new$0(97)) - bdd24332-ebf5-4592-a5f9-8a3e8f136148@group-52717682D76F-StateMachineUpdater: snapshotIndex: updateIncreasingly -1 -> 0
2023-07-05 13:45:35,815 [bdd24332-ebf5-4592-a5f9-8a3e8f136148-impl-thread1] INFO  server.RaftServer$Division (ServerState.java:close(472)) - bdd24332-ebf5-4592-a5f9-8a3e8f136148@group-52717682D76F: closes. applyIndex: 0
2023-07-05 13:45:35,817 [Time-limited test] INFO  server.GrpcService (GrpcService.java:closeImpl(320)) - eea920e5-eed2-4ccd-b274-7d8a7cd1384a: shutdown server org.apache.ratis.grpc.server.GrpcAdminProtocolService successfully
2023-07-05 13:45:35,817 [eea920e5-eed2-4ccd-b274-7d8a7cd1384a-NettyServerStreamRpc-bossGroup--thread1] INFO  logging.LoggingHandler (AbstractInternalLogger.java:log(148)) - [id: 0x447d8896, L:/0:0:0:0:0:0:0:0:15298] CLOSE
2023-07-05 13:45:35,817 [eea920e5-eed2-4ccd-b274-7d8a7cd1384a-NettyServerStreamRpc-bossGroup--thread1] INFO  logging.LoggingHandler (AbstractInternalLogger.java:log(148)) - [id: 0x447d8896, L:/0:0:0:0:0:0:0:0:15298] INACTIVE
2023-07-05 13:45:35,817 [eea920e5-eed2-4ccd-b274-7d8a7cd1384a-NettyServerStreamRpc-bossGroup--thread1] INFO  logging.LoggingHandler (AbstractInternalLogger.java:log(148)) - [id: 0x447d8896, L:/0:0:0:0:0:0:0:0:15298] UNREGISTERED
2023-07-05 13:45:35,817 [ForkJoinPool.commonPool-worker-3] INFO  server.GrpcService (GrpcService.java:closeImpl(320)) - bdd24332-ebf5-4592-a5f9-8a3e8f136148: shutdown server org.apache.ratis.grpc.server.GrpcClientProtocolService successfully
2023-07-05 13:45:35,817 [ForkJoinPool.commonPool-worker-3] INFO  server.GrpcService (GrpcService.java:closeImpl(311)) - bdd24332-ebf5-4592-a5f9-8a3e8f136148: shutdown server GrpcServerProtocolService now
2023-07-05 13:45:35,821 [ForkJoinPool.commonPool-worker-2] INFO  server.GrpcService (GrpcService.java:closeImpl(320)) - b469f820-ca6e-4614-936b-d267e952ce44: shutdown server org.apache.ratis.grpc.server.GrpcAdminProtocolService successfully
2023-07-05 13:45:35,822 [b469f820-ca6e-4614-936b-d267e952ce44-NettyServerStreamRpc-bossGroup--thread1] INFO  logging.LoggingHandler (AbstractInternalLogger.java:log(148)) - [id: 0x1df14000, L:/0:0:0:0:0:0:0:0:15289] CLOSE
2023-07-05 13:45:35,822 [b469f820-ca6e-4614-936b-d267e952ce44-NettyServerStreamRpc-bossGroup--thread1] INFO  logging.LoggingHandler (AbstractInternalLogger.java:log(148)) - [id: 0x1df14000, L:/0:0:0:0:0:0:0:0:15289] INACTIVE
2023-07-05 13:45:35,822 [b469f820-ca6e-4614-936b-d267e952ce44-NettyServerStreamRpc-bossGroup--thread1] INFO  logging.LoggingHandler (AbstractInternalLogger.java:log(148)) - [id: 0x1df14000, L:/0:0:0:0:0:0:0:0:15289] UNREGISTERED
2023-07-05 13:45:35,831 [ForkJoinPool.commonPool-worker-3] INFO  server.GrpcService (GrpcService.java:closeImpl(320)) - bdd24332-ebf5-4592-a5f9-8a3e8f136148: shutdown server GrpcServerProtocolService successfully
2023-07-05 13:45:35,831 [ForkJoinPool.commonPool-worker-3] INFO  server.GrpcService (GrpcService.java:closeImpl(311)) - bdd24332-ebf5-4592-a5f9-8a3e8f136148: shutdown server org.apache.ratis.grpc.server.GrpcAdminProtocolService now
2023-07-05 13:45:35,840 [ForkJoinPool.commonPool-worker-0] INFO  ozoneimpl.OzoneContainer (OzoneContainer.java:stop(441)) - Attempting to stop container services.
2023-07-05 13:45:35,844 [ForkJoinPool.commonPool-worker-0] INFO  server.RaftServer (RaftServerProxy.java:lambda$close$6(416)) - 6ab841ea-0799-402d-88dc-833ad02962b2: close
2023-07-05 13:45:35,845 [ForkJoinPool.commonPool-worker-3] INFO  server.GrpcService (GrpcService.java:closeImpl(320)) - bdd24332-ebf5-4592-a5f9-8a3e8f136148: shutdown server org.apache.ratis.grpc.server.GrpcAdminProtocolService successfully
2023-07-05 13:45:35,846 [bdd24332-ebf5-4592-a5f9-8a3e8f136148-NettyServerStreamRpc-bossGroup--thread1] INFO  logging.LoggingHandler (AbstractInternalLogger.java:log(148)) - [id: 0x7329b431, L:/0:0:0:0:0:0:0:0:15316] CLOSE
2023-07-05 13:45:35,846 [bdd24332-ebf5-4592-a5f9-8a3e8f136148-NettyServerStreamRpc-bossGroup--thread1] INFO  logging.LoggingHandler (AbstractInternalLogger.java:log(148)) - [id: 0x7329b431, L:/0:0:0:0:0:0:0:0:15316] INACTIVE
2023-07-05 13:45:35,846 [bdd24332-ebf5-4592-a5f9-8a3e8f136148-NettyServerStreamRpc-bossGroup--thread1] INFO  logging.LoggingHandler (AbstractInternalLogger.java:log(148)) - [id: 0x7329b431, L:/0:0:0:0:0:0:0:0:15316] UNREGISTERED
2023-07-05 13:45:35,846 [ForkJoinPool.commonPool-worker-0] INFO  server.GrpcService (GrpcService.java:closeImpl(311)) - 6ab841ea-0799-402d-88dc-833ad02962b2: shutdown server org.apache.ratis.grpc.server.GrpcClientProtocolService now
2023-07-05 13:45:35,847 [6ab841ea-0799-402d-88dc-833ad02962b2-impl-thread1] INFO  server.RaftServer$Division (RaftServerImpl.java:lambda$close$4(466)) - 6ab841ea-0799-402d-88dc-833ad02962b2@group-9729437A2873: shutdown
2023-07-05 13:45:35,847 [6ab841ea-0799-402d-88dc-833ad02962b2-impl-thread1] INFO  util.JmxRegister (JmxRegister.java:unregister(73)) - Successfully un-registered JMX Bean with object name Ratis:service=RaftServer,group=group-9729437A2873,id=6ab841ea-0799-402d-88dc-833ad02962b2
2023-07-05 13:45:35,847 [6ab841ea-0799-402d-88dc-833ad02962b2-impl-thread1] INFO  impl.RoleInfo (RoleInfo.java:shutdownLeaderState(93)) - 6ab841ea-0799-402d-88dc-833ad02962b2: shutdown 6ab841ea-0799-402d-88dc-833ad02962b2@group-9729437A2873-LeaderStateImpl
2023-07-05 13:45:35,847 [6ab841ea-0799-402d-88dc-833ad02962b2-impl-thread1] INFO  impl.PendingRequests (PendingRequests.java:sendNotLeaderResponses(289)) - 6ab841ea-0799-402d-88dc-833ad02962b2@group-9729437A2873-PendingRequests: sendNotLeaderResponses
2023-07-05 13:45:35,847 [6ab841ea-0799-402d-88dc-833ad02962b2-impl-thread1] INFO  impl.StateMachineUpdater (StateMachineUpdater.java:stopAndJoin(155)) - 6ab841ea-0799-402d-88dc-833ad02962b2@group-9729437A2873-StateMachineUpdater: set stopIndex = 0
2023-07-05 13:45:35,847 [6ab841ea-0799-402d-88dc-833ad02962b2@group-9729437A2873-StateMachineUpdater] INFO  ratis.ContainerStateMachine (ContainerStateMachine.java:takeSnapshot(330)) - group-9729437A2873: Taking a snapshot at:(t:1, i:0) file /home/runner/work/ozone/ozone/hadoop-ozone/integration-test/target/test-dir/MiniOzoneClusterImpl-b87fbc93-14ec-4c7b-9414-fd1969dd8eca/datanode-3/data/ratis/b6236499-a199-47cf-a4a9-9729437a2873/sm/snapshot.1_0
2023-07-05 13:45:35,848 [6ab841ea-0799-402d-88dc-833ad02962b2@group-9729437A2873-StateMachineUpdater] INFO  ratis.ContainerStateMachine (ContainerStateMachine.java:takeSnapshot(341)) - group-9729437A2873: Finished taking a snapshot at:(t:1, i:0) file:/home/runner/work/ozone/ozone/hadoop-ozone/integration-test/target/test-dir/MiniOzoneClusterImpl-b87fbc93-14ec-4c7b-9414-fd1969dd8eca/datanode-3/data/ratis/b6236499-a199-47cf-a4a9-9729437a2873/sm/snapshot.1_0 took: 1 ms
2023-07-05 13:45:35,848 [6ab841ea-0799-402d-88dc-833ad02962b2@group-9729437A2873-StateMachineUpdater] INFO  impl.StateMachineUpdater (StateMachineUpdater.java:takeSnapshot(291)) - 6ab841ea-0799-402d-88dc-833ad02962b2@group-9729437A2873-StateMachineUpdater: Took a snapshot at index 0
2023-07-05 13:45:35,848 [6ab841ea-0799-402d-88dc-833ad02962b2@group-9729437A2873-StateMachineUpdater] INFO  impl.StateMachineUpdater (StateMachineUpdater.java:lambda$new$0(97)) - 6ab841ea-0799-402d-88dc-833ad02962b2@group-9729437A2873-StateMachineUpdater: snapshotIndex: updateIncreasingly -1 -> 0
2023-07-05 13:45:35,848 [6ab841ea-0799-402d-88dc-833ad02962b2-impl-thread1] INFO  server.RaftServer$Division (ServerState.java:close(472)) - 6ab841ea-0799-402d-88dc-833ad02962b2@group-9729437A2873: closes. applyIndex: 0
2023-07-05 13:45:35,853 [ForkJoinPool.commonPool-worker-0] INFO  server.GrpcService (GrpcService.java:closeImpl(320)) - 6ab841ea-0799-402d-88dc-833ad02962b2: shutdown server org.apache.ratis.grpc.server.GrpcClientProtocolService successfully
2023-07-05 13:45:35,853 [ForkJoinPool.commonPool-worker-0] INFO  server.GrpcService (GrpcService.java:closeImpl(311)) - 6ab841ea-0799-402d-88dc-833ad02962b2: shutdown server GrpcServerProtocolService now
2023-07-05 13:45:35,858 [ForkJoinPool.commonPool-worker-0] INFO  server.GrpcService (GrpcService.java:closeImpl(320)) - 6ab841ea-0799-402d-88dc-833ad02962b2: shutdown server GrpcServerProtocolService successfully
2023-07-05 13:45:35,859 [ForkJoinPool.commonPool-worker-0] INFO  server.GrpcService (GrpcService.java:closeImpl(311)) - 6ab841ea-0799-402d-88dc-833ad02962b2: shutdown server org.apache.ratis.grpc.server.GrpcAdminProtocolService now
2023-07-05 13:45:35,860 [ForkJoinPool.commonPool-worker-0] INFO  server.GrpcService (GrpcService.java:closeImpl(320)) - 6ab841ea-0799-402d-88dc-833ad02962b2: shutdown server org.apache.ratis.grpc.server.GrpcAdminProtocolService successfully
2023-07-05 13:45:35,861 [6ab841ea-0799-402d-88dc-833ad02962b2-NettyServerStreamRpc-bossGroup--thread1] INFO  logging.LoggingHandler (AbstractInternalLogger.java:log(148)) - [id: 0x0f8adf58, L:/0:0:0:0:0:0:0:0:15307] CLOSE
2023-07-05 13:45:35,861 [6ab841ea-0799-402d-88dc-833ad02962b2-NettyServerStreamRpc-bossGroup--thread1] INFO  logging.LoggingHandler (AbstractInternalLogger.java:log(148)) - [id: 0x0f8adf58, L:/0:0:0:0:0:0:0:0:15307] INACTIVE
2023-07-05 13:45:35,861 [6ab841ea-0799-402d-88dc-833ad02962b2-NettyServerStreamRpc-bossGroup--thread1] INFO  logging.LoggingHandler (AbstractInternalLogger.java:log(148)) - [id: 0x0f8adf58, L:/0:0:0:0:0:0:0:0:15307] UNREGISTERED
2023-07-05 13:45:36,224 [6ab841ea-0799-402d-88dc-833ad02962b2-impl-thread1] INFO  segmented.SegmentedRaftLogWorker (SegmentedRaftLogWorker.java:close(252)) - 6ab841ea-0799-402d-88dc-833ad02962b2@group-9729437A2873-SegmentedRaftLogWorker close()
2023-07-05 13:45:36,226 [JvmPauseMonitor40] INFO  util.JvmPauseMonitor (JvmPauseMonitor.java:run(109)) - JvmPauseMonitor-6ab841ea-0799-402d-88dc-833ad02962b2: Stopped
2023-07-05 13:45:36,486 [bdd24332-ebf5-4592-a5f9-8a3e8f136148-impl-thread1] INFO  segmented.SegmentedRaftLogWorker (SegmentedRaftLogWorker.java:close(252)) - bdd24332-ebf5-4592-a5f9-8a3e8f136148@group-52717682D76F-SegmentedRaftLogWorker close()
2023-07-05 13:45:36,488 [JvmPauseMonitor41] INFO  util.JvmPauseMonitor (JvmPauseMonitor.java:run(109)) - JvmPauseMonitor-bdd24332-ebf5-4592-a5f9-8a3e8f136148: Stopped
2023-07-05 13:45:36,512 [b469f820-ca6e-4614-936b-d267e952ce44-impl-thread1] INFO  segmented.SegmentedRaftLogWorker (SegmentedRaftLogWorker.java:close(252)) - b469f820-ca6e-4614-936b-d267e952ce44@group-749E4155CEBB-SegmentedRaftLogWorker close()
2023-07-05 13:45:36,513 [JvmPauseMonitor38] INFO  util.JvmPauseMonitor (JvmPauseMonitor.java:run(109)) - JvmPauseMonitor-b469f820-ca6e-4614-936b-d267e952ce44: Stopped
2023-07-05 13:45:36,770 [ReplicationMonitor] INFO  replication.ReplicationManager (ReplicationManager.java:processAll(389)) - Replication Monitor Thread took 1 milliseconds for processing 1 containers.
2023-07-05 13:45:36,775 [eea920e5-eed2-4ccd-b274-7d8a7cd1384a-impl-thread1] INFO  segmented.SegmentedRaftLogWorker (SegmentedRaftLogWorker.java:close(252)) - eea920e5-eed2-4ccd-b274-7d8a7cd1384a@group-C90F6C517F0C-SegmentedRaftLogWorker close()
2023-07-05 13:45:36,781 [JvmPauseMonitor39] INFO  util.JvmPauseMonitor (JvmPauseMonitor.java:run(109)) - JvmPauseMonitor-eea920e5-eed2-4ccd-b274-7d8a7cd1384a: Stopped
2023-07-05 13:45:37,770 [ReplicationMonitor] INFO  replication.ReplicationManager (ReplicationManager.java:processAll(389)) - Replication Monitor Thread took 0 milliseconds for processing 1 containers.
2023-07-05 13:45:38,229 [ForkJoinPool.commonPool-worker-0] INFO  utils.DatanodeStoreCache (DatanodeStoreCache.java:shutdownCache(110)) - Skip clearing cache in mini cluster mode. Entries left: [/home/runner/work/ozone/ozone/hadoop-ozone/integration-test/target/test-dir/MiniOzoneClusterImpl-b87fbc93-14ec-4c7b-9414-fd1969dd8eca/datanode-1/data-0/containers/hdds/b87fbc93-14ec-4c7b-9414-fd1969dd8eca/DS-ed18079f-c61f-4d4e-bfe7-2fc6300ca1ba/container.db, /home/runner/work/ozone/ozone/hadoop-ozone/integration-test/target/test-dir/MiniOzoneClusterImpl-b87fbc93-14ec-4c7b-9414-fd1969dd8eca/datanode-2/data-0/containers/hdds/b87fbc93-14ec-4c7b-9414-fd1969dd8eca/DS-b1cce4e6-8aff-4d9a-a924-22e0c244cc5e/container.db, /home/runner/work/ozone/ozone/hadoop-ozone/integration-test/target/test-dir/MiniOzoneClusterImpl-b87fbc93-14ec-4c7b-9414-fd1969dd8eca/datanode-3/data-0/containers/hdds/b87fbc93-14ec-4c7b-9414-fd1969dd8eca/DS-29129abe-9624-4277-b5ec-34d802c8c092/container.db, /home/runner/work/ozone/ozone/hadoop-ozone/integration-test/target/test-dir/MiniOzoneClusterImpl-b87fbc93-14ec-4c7b-9414-fd1969dd8eca/datanode-4/data-0/containers/hdds/b87fbc93-14ec-4c7b-9414-fd1969dd8eca/DS-3c04af54-cc33-4f0d-a285-d00781811625/container.db]
2023-07-05 13:45:38,233 [ForkJoinPool.commonPool-worker-0] INFO  utils.DatanodeStoreCache (DatanodeStoreCache.java:removeDB(104)) - Removed db /home/runner/work/ozone/ozone/hadoop-ozone/integration-test/target/test-dir/MiniOzoneClusterImpl-b87fbc93-14ec-4c7b-9414-fd1969dd8eca/datanode-3/data-0/containers/hdds/b87fbc93-14ec-4c7b-9414-fd1969dd8eca/DS-29129abe-9624-4277-b5ec-34d802c8c092/container.db from cache
2023-07-05 13:45:38,233 [ForkJoinPool.commonPool-worker-0] INFO  volume.HddsVolume (HddsVolume.java:closeDbStore(509)) - SchemaV3 db is stopped at /home/runner/work/ozone/ozone/hadoop-ozone/integration-test/target/test-dir/MiniOzoneClusterImpl-b87fbc93-14ec-4c7b-9414-fd1969dd8eca/datanode-3/data-0/containers/hdds/b87fbc93-14ec-4c7b-9414-fd1969dd8eca/DS-29129abe-9624-4277-b5ec-34d802c8c092/container.db for volume DS-29129abe-9624-4277-b5ec-34d802c8c092
2023-07-05 13:45:38,234 [ForkJoinPool.commonPool-worker-0] INFO  utils.BackgroundService (BackgroundService.java:shutdown(141)) - Shutting down service BlockDeletingService
2023-07-05 13:45:38,234 [ForkJoinPool.commonPool-worker-0] INFO  utils.BackgroundService (BackgroundService.java:shutdown(141)) - Shutting down service StaleRecoveringContainerScrubbingService
2023-07-05 13:45:38,236 [ForkJoinPool.commonPool-worker-0] INFO  statemachine.DatanodeStateMachine (DatanodeStateMachine.java:stopDaemon(613)) - Ozone container server stopped.
2023-07-05 13:45:38,249 [ForkJoinPool.commonPool-worker-0] INFO  handler.ContextHandler (ContextHandler.java:doStop(1159)) - Stopped o.e.j.w.WebAppContext@2386687e{hddsDatanode,/,null,STOPPED}{jar:file:/home/runner/.m2/repository/org/apache/ozone/hdds-container-service/1.4.0-SNAPSHOT/hdds-container-service-1.4.0-SNAPSHOT.jar!/webapps/hddsDatanode}
2023-07-05 13:45:38,249 [ForkJoinPool.commonPool-worker-0] INFO  server.AbstractConnector (AbstractConnector.java:doStop(383)) - Stopped ServerConnector@70c6dc2d{HTTP/1.1, (http/1.1)}{0.0.0.0:15301}
2023-07-05 13:45:38,249 [ForkJoinPool.commonPool-worker-0] INFO  server.session (HouseKeeper.java:stopScavenging(149)) - node0 Stopped scavenging
2023-07-05 13:45:38,251 [ForkJoinPool.commonPool-worker-0] INFO  handler.ContextHandler (ContextHandler.java:doStop(1159)) - Stopped o.e.j.s.ServletContextHandler@20df4d4e{static,/static,jar:file:/home/runner/.m2/repository/org/apache/ozone/hdds-container-service/1.4.0-SNAPSHOT/hdds-container-service-1.4.0-SNAPSHOT.jar!/webapps/static,STOPPED}
2023-07-05 13:45:38,251 [ForkJoinPool.commonPool-worker-0] INFO  handler.ContextHandler (ContextHandler.java:doStop(1159)) - Stopped o.e.j.s.ServletContextHandler@ffb06f9{logs,/logs,file:///home/runner/work/ozone/ozone/hadoop-ozone/integration-test/target/log,STOPPED}
2023-07-05 13:45:38,252 [ForkJoinPool.commonPool-worker-0] INFO  ozone.HddsDatanodeClientProtocolServer (HddsDatanodeClientProtocolServer.java:stop(78)) - Stopping the RPC server for Client Protocol
2023-07-05 13:45:38,254 [ForkJoinPool.commonPool-worker-0] INFO  ipc.Server (Server.java:stop(3523)) - Stopping server on 15302
2023-07-05 13:45:38,254 [IPC Server listener on 15302] INFO  ipc.Server (Server.java:run(1434)) - Stopping IPC Server listener on 15302
2023-07-05 13:45:38,255 [IPC Server Responder] INFO  ipc.Server (Server.java:run(1567)) - Stopping IPC Server Responder
2023-07-05 13:45:38,493 [ForkJoinPool.commonPool-worker-3] INFO  utils.DatanodeStoreCache (DatanodeStoreCache.java:shutdownCache(110)) - Skip clearing cache in mini cluster mode. Entries left: [/home/runner/work/ozone/ozone/hadoop-ozone/integration-test/target/test-dir/MiniOzoneClusterImpl-b87fbc93-14ec-4c7b-9414-fd1969dd8eca/datanode-1/data-0/containers/hdds/b87fbc93-14ec-4c7b-9414-fd1969dd8eca/DS-ed18079f-c61f-4d4e-bfe7-2fc6300ca1ba/container.db, /home/runner/work/ozone/ozone/hadoop-ozone/integration-test/target/test-dir/MiniOzoneClusterImpl-b87fbc93-14ec-4c7b-9414-fd1969dd8eca/datanode-2/data-0/containers/hdds/b87fbc93-14ec-4c7b-9414-fd1969dd8eca/DS-b1cce4e6-8aff-4d9a-a924-22e0c244cc5e/container.db, /home/runner/work/ozone/ozone/hadoop-ozone/integration-test/target/test-dir/MiniOzoneClusterImpl-b87fbc93-14ec-4c7b-9414-fd1969dd8eca/datanode-4/data-0/containers/hdds/b87fbc93-14ec-4c7b-9414-fd1969dd8eca/DS-3c04af54-cc33-4f0d-a285-d00781811625/container.db]
2023-07-05 13:45:38,496 [ForkJoinPool.commonPool-worker-3] INFO  utils.DatanodeStoreCache (DatanodeStoreCache.java:removeDB(104)) - Removed db /home/runner/work/ozone/ozone/hadoop-ozone/integration-test/target/test-dir/MiniOzoneClusterImpl-b87fbc93-14ec-4c7b-9414-fd1969dd8eca/datanode-4/data-0/containers/hdds/b87fbc93-14ec-4c7b-9414-fd1969dd8eca/DS-3c04af54-cc33-4f0d-a285-d00781811625/container.db from cache
2023-07-05 13:45:38,497 [ForkJoinPool.commonPool-worker-3] INFO  volume.HddsVolume (HddsVolume.java:closeDbStore(509)) - SchemaV3 db is stopped at /home/runner/work/ozone/ozone/hadoop-ozone/integration-test/target/test-dir/MiniOzoneClusterImpl-b87fbc93-14ec-4c7b-9414-fd1969dd8eca/datanode-4/data-0/containers/hdds/b87fbc93-14ec-4c7b-9414-fd1969dd8eca/DS-3c04af54-cc33-4f0d-a285-d00781811625/container.db for volume DS-3c04af54-cc33-4f0d-a285-d00781811625
2023-07-05 13:45:38,497 [ForkJoinPool.commonPool-worker-3] INFO  utils.BackgroundService (BackgroundService.java:shutdown(141)) - Shutting down service BlockDeletingService
2023-07-05 13:45:38,497 [ForkJoinPool.commonPool-worker-3] INFO  utils.BackgroundService (BackgroundService.java:shutdown(141)) - Shutting down service StaleRecoveringContainerScrubbingService
2023-07-05 13:45:38,498 [ForkJoinPool.commonPool-worker-3] INFO  statemachine.DatanodeStateMachine (DatanodeStateMachine.java:stopDaemon(613)) - Ozone container server stopped.
2023-07-05 13:45:38,509 [ForkJoinPool.commonPool-worker-3] INFO  handler.ContextHandler (ContextHandler.java:doStop(1159)) - Stopped o.e.j.w.WebAppContext@5ee75367{hddsDatanode,/,null,STOPPED}{jar:file:/home/runner/.m2/repository/org/apache/ozone/hdds-container-service/1.4.0-SNAPSHOT/hdds-container-service-1.4.0-SNAPSHOT.jar!/webapps/hddsDatanode}
2023-07-05 13:45:38,511 [ForkJoinPool.commonPool-worker-3] INFO  server.AbstractConnector (AbstractConnector.java:doStop(383)) - Stopped ServerConnector@423303c4{HTTP/1.1, (http/1.1)}{0.0.0.0:15310}
2023-07-05 13:45:38,511 [ForkJoinPool.commonPool-worker-3] INFO  server.session (HouseKeeper.java:stopScavenging(149)) - node0 Stopped scavenging
2023-07-05 13:45:38,511 [ForkJoinPool.commonPool-worker-3] INFO  handler.ContextHandler (ContextHandler.java:doStop(1159)) - Stopped o.e.j.s.ServletContextHandler@72feec51{static,/static,jar:file:/home/runner/.m2/repository/org/apache/ozone/hdds-container-service/1.4.0-SNAPSHOT/hdds-container-service-1.4.0-SNAPSHOT.jar!/webapps/static,STOPPED}
2023-07-05 13:45:38,511 [ForkJoinPool.commonPool-worker-3] INFO  handler.ContextHandler (ContextHandler.java:doStop(1159)) - Stopped o.e.j.s.ServletContextHandler@273b77b4{logs,/logs,file:///home/runner/work/ozone/ozone/hadoop-ozone/integration-test/target/log,STOPPED}
2023-07-05 13:45:38,512 [ForkJoinPool.commonPool-worker-3] INFO  ozone.HddsDatanodeClientProtocolServer (HddsDatanodeClientProtocolServer.java:stop(78)) - Stopping the RPC server for Client Protocol
2023-07-05 13:45:38,512 [ForkJoinPool.commonPool-worker-3] INFO  ipc.Server (Server.java:stop(3523)) - Stopping server on 15311
2023-07-05 13:45:38,513 [IPC Server listener on 15311] INFO  ipc.Server (Server.java:run(1434)) - Stopping IPC Server listener on 15311
2023-07-05 13:45:38,513 [IPC Server Responder] INFO  ipc.Server (Server.java:run(1567)) - Stopping IPC Server Responder
2023-07-05 13:45:38,516 [ForkJoinPool.commonPool-worker-2] INFO  utils.DatanodeStoreCache (DatanodeStoreCache.java:shutdownCache(110)) - Skip clearing cache in mini cluster mode. Entries left: [/home/runner/work/ozone/ozone/hadoop-ozone/integration-test/target/test-dir/MiniOzoneClusterImpl-b87fbc93-14ec-4c7b-9414-fd1969dd8eca/datanode-1/data-0/containers/hdds/b87fbc93-14ec-4c7b-9414-fd1969dd8eca/DS-ed18079f-c61f-4d4e-bfe7-2fc6300ca1ba/container.db, /home/runner/work/ozone/ozone/hadoop-ozone/integration-test/target/test-dir/MiniOzoneClusterImpl-b87fbc93-14ec-4c7b-9414-fd1969dd8eca/datanode-2/data-0/containers/hdds/b87fbc93-14ec-4c7b-9414-fd1969dd8eca/DS-b1cce4e6-8aff-4d9a-a924-22e0c244cc5e/container.db]
2023-07-05 13:45:38,519 [ForkJoinPool.commonPool-worker-2] INFO  utils.DatanodeStoreCache (DatanodeStoreCache.java:removeDB(104)) - Removed db /home/runner/work/ozone/ozone/hadoop-ozone/integration-test/target/test-dir/MiniOzoneClusterImpl-b87fbc93-14ec-4c7b-9414-fd1969dd8eca/datanode-1/data-0/containers/hdds/b87fbc93-14ec-4c7b-9414-fd1969dd8eca/DS-ed18079f-c61f-4d4e-bfe7-2fc6300ca1ba/container.db from cache
2023-07-05 13:45:38,519 [ForkJoinPool.commonPool-worker-2] INFO  volume.HddsVolume (HddsVolume.java:closeDbStore(509)) - SchemaV3 db is stopped at /home/runner/work/ozone/ozone/hadoop-ozone/integration-test/target/test-dir/MiniOzoneClusterImpl-b87fbc93-14ec-4c7b-9414-fd1969dd8eca/datanode-1/data-0/containers/hdds/b87fbc93-14ec-4c7b-9414-fd1969dd8eca/DS-ed18079f-c61f-4d4e-bfe7-2fc6300ca1ba/container.db for volume DS-ed18079f-c61f-4d4e-bfe7-2fc6300ca1ba
2023-07-05 13:45:38,521 [ForkJoinPool.commonPool-worker-2] INFO  utils.BackgroundService (BackgroundService.java:shutdown(141)) - Shutting down service BlockDeletingService
2023-07-05 13:45:38,521 [ForkJoinPool.commonPool-worker-2] INFO  utils.BackgroundService (BackgroundService.java:shutdown(141)) - Shutting down service StaleRecoveringContainerScrubbingService
2023-07-05 13:45:38,521 [ForkJoinPool.commonPool-worker-2] INFO  statemachine.DatanodeStateMachine (DatanodeStateMachine.java:stopDaemon(613)) - Ozone container server stopped.
2023-07-05 13:45:38,532 [ForkJoinPool.commonPool-worker-2] INFO  handler.ContextHandler (ContextHandler.java:doStop(1159)) - Stopped o.e.j.w.WebAppContext@21dcfb16{hddsDatanode,/,null,STOPPED}{jar:file:/home/runner/.m2/repository/org/apache/ozone/hdds-container-service/1.4.0-SNAPSHOT/hdds-container-service-1.4.0-SNAPSHOT.jar!/webapps/hddsDatanode}
2023-07-05 13:45:38,533 [ForkJoinPool.commonPool-worker-2] INFO  server.AbstractConnector (AbstractConnector.java:doStop(383)) - Stopped ServerConnector@52efa0cb{HTTP/1.1, (http/1.1)}{0.0.0.0:15283}
2023-07-05 13:45:38,533 [ForkJoinPool.commonPool-worker-2] INFO  server.session (HouseKeeper.java:stopScavenging(149)) - node0 Stopped scavenging
2023-07-05 13:45:38,534 [ForkJoinPool.commonPool-worker-2] INFO  handler.ContextHandler (ContextHandler.java:doStop(1159)) - Stopped o.e.j.s.ServletContextHandler@3d131ac{static,/static,jar:file:/home/runner/.m2/repository/org/apache/ozone/hdds-container-service/1.4.0-SNAPSHOT/hdds-container-service-1.4.0-SNAPSHOT.jar!/webapps/static,STOPPED}
2023-07-05 13:45:38,534 [ForkJoinPool.commonPool-worker-2] INFO  handler.ContextHandler (ContextHandler.java:doStop(1159)) - Stopped o.e.j.s.ServletContextHandler@604de4b9{logs,/logs,file:///home/runner/work/ozone/ozone/hadoop-ozone/integration-test/target/log,STOPPED}
2023-07-05 13:45:38,535 [ForkJoinPool.commonPool-worker-2] INFO  ozone.HddsDatanodeClientProtocolServer (HddsDatanodeClientProtocolServer.java:stop(78)) - Stopping the RPC server for Client Protocol
2023-07-05 13:45:38,536 [ForkJoinPool.commonPool-worker-2] INFO  ipc.Server (Server.java:stop(3523)) - Stopping server on 15284
2023-07-05 13:45:38,536 [IPC Server Responder] INFO  ipc.Server (Server.java:run(1567)) - Stopping IPC Server Responder
2023-07-05 13:45:38,537 [IPC Server listener on 15284] INFO  ipc.Server (Server.java:run(1434)) - Stopping IPC Server listener on 15284
2023-07-05 13:45:38,581 [EventQueue-StaleNodeForStaleNodeHandler] INFO  node.StaleNodeHandler (StaleNodeHandler.java:onMessage(58)) - Datanode b469f820-ca6e-4614-936b-d267e952ce44(fv-az264-29.ca02foy5wcnuvlrvrz2wi3p2og.dx.internal.cloudapp.net/10.1.0.13) moved to stale state. Finalizing its pipelines [PipelineID=1f7cb4d1-3e5a-43a9-aba7-749e4155cebb]
2023-07-05 13:45:38,582 [EventQueue-StaleNodeForStaleNodeHandler] INFO  pipeline.PipelineManagerImpl (PipelineManagerImpl.java:closePipeline(510)) - Pipeline Pipeline[ Id: 1f7cb4d1-3e5a-43a9-aba7-749e4155cebb, Nodes: b469f820-ca6e-4614-936b-d267e952ce44(fv-az264-29.ca02foy5wcnuvlrvrz2wi3p2og.dx.internal.cloudapp.net/10.1.0.13), ReplicationConfig: RATIS/ONE, State:OPEN, leaderId:b469f820-ca6e-4614-936b-d267e952ce44, CreationTimestamp2023-07-05T13:45:07.398Z[Etc/UTC]] moved to CLOSED state
2023-07-05 13:45:38,582 [EventQueue-StaleNodeForStaleNodeHandler] INFO  node.StaleNodeHandler (StaleNodeHandler.java:onMessage(58)) - Datanode bdd24332-ebf5-4592-a5f9-8a3e8f136148(fv-az264-29.ca02foy5wcnuvlrvrz2wi3p2og.dx.internal.cloudapp.net/10.1.0.13) moved to stale state. Finalizing its pipelines [PipelineID=85f8b4c8-ee22-4920-b707-52717682d76f]
2023-07-05 13:45:38,582 [EventQueue-StaleNodeForStaleNodeHandler] INFO  pipeline.PipelineManagerImpl (PipelineManagerImpl.java:closePipeline(510)) - Pipeline Pipeline[ Id: 85f8b4c8-ee22-4920-b707-52717682d76f, Nodes: bdd24332-ebf5-4592-a5f9-8a3e8f136148(fv-az264-29.ca02foy5wcnuvlrvrz2wi3p2og.dx.internal.cloudapp.net/10.1.0.13), ReplicationConfig: RATIS/ONE, State:OPEN, leaderId:bdd24332-ebf5-4592-a5f9-8a3e8f136148, CreationTimestamp2023-07-05T13:45:08.449Z[Etc/UTC]] moved to CLOSED state
2023-07-05 13:45:38,681 [EventQueue-StaleNodeForStaleNodeHandler] INFO  node.StaleNodeHandler (StaleNodeHandler.java:onMessage(58)) - Datanode eea920e5-eed2-4ccd-b274-7d8a7cd1384a(fv-az264-29.ca02foy5wcnuvlrvrz2wi3p2og.dx.internal.cloudapp.net/10.1.0.13) moved to stale state. Finalizing its pipelines [PipelineID=a5cef821-a6a8-4e1c-9145-c90f6c517f0c]
2023-07-05 13:45:38,682 [EventQueue-StaleNodeForStaleNodeHandler] INFO  pipeline.PipelineManagerImpl (PipelineManagerImpl.java:closePipeline(510)) - Pipeline Pipeline[ Id: a5cef821-a6a8-4e1c-9145-c90f6c517f0c, Nodes: eea920e5-eed2-4ccd-b274-7d8a7cd1384a(fv-az264-29.ca02foy5wcnuvlrvrz2wi3p2og.dx.internal.cloudapp.net/10.1.0.13), ReplicationConfig: RATIS/ONE, State:OPEN, leaderId:eea920e5-eed2-4ccd-b274-7d8a7cd1384a, CreationTimestamp2023-07-05T13:45:07.733Z[Etc/UTC]] moved to CLOSED state
2023-07-05 13:45:38,682 [EventQueue-StaleNodeForStaleNodeHandler] INFO  node.StaleNodeHandler (StaleNodeHandler.java:onMessage(58)) - Datanode 6ab841ea-0799-402d-88dc-833ad02962b2(fv-az264-29.ca02foy5wcnuvlrvrz2wi3p2og.dx.internal.cloudapp.net/10.1.0.13) moved to stale state. Finalizing its pipelines [PipelineID=b6236499-a199-47cf-a4a9-9729437a2873]
2023-07-05 13:45:38,683 [EventQueue-StaleNodeForStaleNodeHandler] INFO  pipeline.PipelineManagerImpl (PipelineManagerImpl.java:closePipeline(510)) - Pipeline Pipeline[ Id: b6236499-a199-47cf-a4a9-9729437a2873, Nodes: 6ab841ea-0799-402d-88dc-833ad02962b2(fv-az264-29.ca02foy5wcnuvlrvrz2wi3p2og.dx.internal.cloudapp.net/10.1.0.13), ReplicationConfig: RATIS/ONE, State:OPEN, leaderId:6ab841ea-0799-402d-88dc-833ad02962b2, CreationTimestamp2023-07-05T13:45:08.116Z[Etc/UTC]] moved to CLOSED state
2023-07-05 13:45:38,771 [ReplicationMonitor] INFO  replication.ReplicationManager (ReplicationManager.java:processAll(389)) - Replication Monitor Thread took 1 milliseconds for processing 1 containers.
2023-07-05 13:45:38,783 [Time-limited test] INFO  utils.DatanodeStoreCache (DatanodeStoreCache.java:shutdownCache(110)) - Skip clearing cache in mini cluster mode. Entries left: [/home/runner/work/ozone/ozone/hadoop-ozone/integration-test/target/test-dir/MiniOzoneClusterImpl-b87fbc93-14ec-4c7b-9414-fd1969dd8eca/datanode-2/data-0/containers/hdds/b87fbc93-14ec-4c7b-9414-fd1969dd8eca/DS-b1cce4e6-8aff-4d9a-a924-22e0c244cc5e/container.db]
2023-07-05 13:45:38,787 [Time-limited test] INFO  utils.DatanodeStoreCache (DatanodeStoreCache.java:removeDB(104)) - Removed db /home/runner/work/ozone/ozone/hadoop-ozone/integration-test/target/test-dir/MiniOzoneClusterImpl-b87fbc93-14ec-4c7b-9414-fd1969dd8eca/datanode-2/data-0/containers/hdds/b87fbc93-14ec-4c7b-9414-fd1969dd8eca/DS-b1cce4e6-8aff-4d9a-a924-22e0c244cc5e/container.db from cache
2023-07-05 13:45:38,787 [Time-limited test] INFO  volume.HddsVolume (HddsVolume.java:closeDbStore(509)) - SchemaV3 db is stopped at /home/runner/work/ozone/ozone/hadoop-ozone/integration-test/target/test-dir/MiniOzoneClusterImpl-b87fbc93-14ec-4c7b-9414-fd1969dd8eca/datanode-2/data-0/containers/hdds/b87fbc93-14ec-4c7b-9414-fd1969dd8eca/DS-b1cce4e6-8aff-4d9a-a924-22e0c244cc5e/container.db for volume DS-b1cce4e6-8aff-4d9a-a924-22e0c244cc5e
2023-07-05 13:45:38,787 [Time-limited test] INFO  utils.BackgroundService (BackgroundService.java:shutdown(141)) - Shutting down service BlockDeletingService
2023-07-05 13:45:38,787 [Time-limited test] INFO  utils.BackgroundService (BackgroundService.java:shutdown(141)) - Shutting down service StaleRecoveringContainerScrubbingService
2023-07-05 13:45:38,788 [Time-limited test] INFO  statemachine.DatanodeStateMachine (DatanodeStateMachine.java:stopDaemon(613)) - Ozone container server stopped.
2023-07-05 13:45:38,799 [Time-limited test] INFO  handler.ContextHandler (ContextHandler.java:doStop(1159)) - Stopped o.e.j.w.WebAppContext@e0c01c0{hddsDatanode,/,null,STOPPED}{jar:file:/home/runner/.m2/repository/org/apache/ozone/hdds-container-service/1.4.0-SNAPSHOT/hdds-container-service-1.4.0-SNAPSHOT.jar!/webapps/hddsDatanode}
2023-07-05 13:45:38,800 [Time-limited test] INFO  server.AbstractConnector (AbstractConnector.java:doStop(383)) - Stopped ServerConnector@d4bb202{HTTP/1.1, (http/1.1)}{0.0.0.0:15292}
2023-07-05 13:45:38,800 [Time-limited test] INFO  server.session (HouseKeeper.java:stopScavenging(149)) - node0 Stopped scavenging
2023-07-05 13:45:38,800 [Time-limited test] INFO  handler.ContextHandler (ContextHandler.java:doStop(1159)) - Stopped o.e.j.s.ServletContextHandler@2f301344{static,/static,jar:file:/home/runner/.m2/repository/org/apache/ozone/hdds-container-service/1.4.0-SNAPSHOT/hdds-container-service-1.4.0-SNAPSHOT.jar!/webapps/static,STOPPED}
2023-07-05 13:45:38,800 [Time-limited test] INFO  handler.ContextHandler (ContextHandler.java:doStop(1159)) - Stopped o.e.j.s.ServletContextHandler@29c6ef48{logs,/logs,file:///home/runner/work/ozone/ozone/hadoop-ozone/integration-test/target/log,STOPPED}
2023-07-05 13:45:38,801 [Time-limited test] INFO  ozone.HddsDatanodeClientProtocolServer (HddsDatanodeClientProtocolServer.java:stop(78)) - Stopping the RPC server for Client Protocol
2023-07-05 13:45:38,801 [Time-limited test] INFO  ipc.Server (Server.java:stop(3523)) - Stopping server on 15293
2023-07-05 13:45:38,802 [IPC Server listener on 15293] INFO  ipc.Server (Server.java:run(1434)) - Stopping IPC Server listener on 15293
2023-07-05 13:45:38,802 [IPC Server Responder] INFO  ipc.Server (Server.java:run(1567)) - Stopping IPC Server Responder
2023-07-05 13:45:38,803 [Time-limited test] INFO  ozone.MiniOzoneClusterImpl (MiniOzoneClusterImpl.java:stopSCM(543)) - Stopping the StorageContainerManager
2023-07-05 13:45:38,803 [Time-limited test] INFO  server.StorageContainerManager (StorageContainerManager.java:stop(1590)) - Container Balancer is not running.
2023-07-05 13:45:38,803 [Time-limited test] INFO  server.StorageContainerManager (StorageContainerManager.java:stopReplicationManager(1723)) - Stopping Replication Manager Service.
2023-07-05 13:45:38,803 [Time-limited test] INFO  replication.ReplicationManager (ReplicationManager.java:stop(319)) - Stopping Replication Monitor Thread.
2023-07-05 13:45:38,804 [Under Replicated Processor] WARN  replication.UnhealthyReplicationProcessor (UnhealthyReplicationProcessor.java:run(180)) - Under Replicated Processor interrupted. Exiting...
2023-07-05 13:45:38,804 [Over Replicated Processor] WARN  replication.UnhealthyReplicationProcessor (UnhealthyReplicationProcessor.java:run(180)) - Over Replicated Processor interrupted. Exiting...
2023-07-05 13:45:38,804 [ReplicationMonitor] INFO  replication.ReplicationManager (ReplicationManager.java:run(917)) - Replication Monitor Thread is stopped
2023-07-05 13:45:38,804 [Time-limited test] INFO  server.StorageContainerManager (StorageContainerManager.java:stop(1599)) - Stopping the Datanode Admin Monitor.
2023-07-05 13:45:38,804 [Time-limited test] INFO  server.StorageContainerManager (StorageContainerManager.java:stop(1606)) - Stopping datanode service RPC server
2023-07-05 13:45:38,804 [Time-limited test] INFO  server.SCMDatanodeProtocolServer (SCMDatanodeProtocolServer.java:stop(424)) - Stopping the RPC server for DataNodes
2023-07-05 13:45:38,804 [Time-limited test] INFO  ipc.Server (Server.java:stop(3523)) - Stopping server on 15267
2023-07-05 13:45:38,807 [IPC Server listener on 15267] INFO  ipc.Server (Server.java:run(1434)) - Stopping IPC Server listener on 15267
2023-07-05 13:45:38,807 [IPC Server Responder] INFO  ipc.Server (Server.java:run(1567)) - Stopping IPC Server Responder
2023-07-05 13:45:38,882 [SCM Heartbeat Processing Thread - 0] WARN  node.NodeStateManager (NodeStateManager.java:scheduleNextHealthCheck(874)) - Current Thread is interrupted, shutting down HB processing thread for Node Manager.
2023-07-05 13:45:38,882 [Time-limited test] INFO  server.StorageContainerManager (StorageContainerManager.java:stop(1614)) - Stopping block service RPC server
2023-07-05 13:45:38,882 [Time-limited test] INFO  server.SCMBlockProtocolServer (SCMBlockProtocolServer.java:stop(161)) - Stopping the RPC server for Block Protocol
2023-07-05 13:45:38,882 [Time-limited test] INFO  ipc.Server (Server.java:stop(3523)) - Stopping server on 15266
2023-07-05 13:45:38,883 [IPC Server listener on 15266] INFO  ipc.Server (Server.java:run(1434)) - Stopping IPC Server listener on 15266
2023-07-05 13:45:38,886 [IPC Server Responder] INFO  ipc.Server (Server.java:run(1567)) - Stopping IPC Server Responder
2023-07-05 13:45:38,887 [Time-limited test] INFO  server.StorageContainerManager (StorageContainerManager.java:stop(1621)) - Stopping the StorageContainerLocationProtocol RPC server
2023-07-05 13:45:38,887 [Time-limited test] INFO  server.SCMClientProtocolServer (SCMClientProtocolServer.java:stop(209)) - Stopping the RPC server for Client Protocol
2023-07-05 13:45:38,887 [Time-limited test] INFO  ipc.Server (Server.java:stop(3523)) - Stopping server on 15265
2023-07-05 13:45:38,888 [IPC Server listener on 15265] INFO  ipc.Server (Server.java:run(1434)) - Stopping IPC Server listener on 15265
2023-07-05 13:45:38,890 [IPC Server Responder] INFO  ipc.Server (Server.java:run(1567)) - Stopping IPC Server Responder
2023-07-05 13:45:38,890 [Time-limited test] INFO  server.StorageContainerManager (StorageContainerManager.java:stop(1628)) - Stopping Storage Container Manager HTTP server.
2023-07-05 13:45:38,891 [Time-limited test] INFO  handler.ContextHandler (ContextHandler.java:doStop(1159)) - Stopped o.e.j.w.WebAppContext@63eaf3fe{scm,/,null,STOPPED}{file:/home/runner/work/ozone/ozone/hadoop-ozone/integration-test/target/test-classes/webapps/scm}
2023-07-05 13:45:38,891 [Time-limited test] INFO  server.AbstractConnector (AbstractConnector.java:doStop(383)) - Stopped ServerConnector@494660d1{HTTP/1.1, (http/1.1)}{0.0.0.0:15268}
2023-07-05 13:45:38,891 [Time-limited test] INFO  server.session (HouseKeeper.java:stopScavenging(149)) - node0 Stopped scavenging
2023-07-05 13:45:38,892 [Time-limited test] INFO  handler.ContextHandler (ContextHandler.java:doStop(1159)) - Stopped o.e.j.s.ServletContextHandler@3f5c78f0{static,/static,file:///home/runner/work/ozone/ozone/hadoop-ozone/integration-test/target/test-classes/webapps/static,STOPPED}
2023-07-05 13:45:38,892 [Time-limited test] INFO  handler.ContextHandler (ContextHandler.java:doStop(1159)) - Stopped o.e.j.s.ServletContextHandler@43061ee2{logs,/logs,file:///home/runner/work/ozone/ozone/hadoop-ozone/integration-test/target/log,STOPPED}
2023-07-05 13:45:38,894 [Time-limited test] INFO  server.StorageContainerManager (StorageContainerManager.java:stop(1636)) - Stopping SCM LayoutVersionManager Service.
2023-07-05 13:45:38,894 [Time-limited test] INFO  server.StorageContainerManager (StorageContainerManager.java:stop(1648)) - Stopping Block Manager Service.
2023-07-05 13:45:38,894 [Time-limited test] INFO  utils.BackgroundService (BackgroundService.java:shutdown(141)) - Shutting down service SCMBlockDeletingService
2023-07-05 13:45:38,894 [Time-limited test] INFO  utils.BackgroundService (BackgroundService.java:shutdown(141)) - Shutting down service SCMBlockDeletingService
2023-07-05 13:45:38,894 [Time-limited test] INFO  server.StorageContainerManager (StorageContainerManager.java:stop(1668)) - Stopping SCM Event Queue.
2023-07-05 13:45:38,895 [JvmPauseMonitor35] INFO  util.JvmPauseMonitor (JvmPauseMonitor.java:run(109)) - JvmPauseMonitor-47eae12c-a120-4c22-86f8-9bcce702211a: Stopped
2023-07-05 13:45:38,895 [Time-limited test] INFO  server.StorageContainerManager (StorageContainerManager.java:stop(1679)) - Stopping SCM HA services.
2023-07-05 13:45:38,896 [Time-limited test] INFO  pipeline.BackgroundPipelineCreator (BackgroundPipelineCreator.java:stop(149)) - Stopping RatisPipelineUtilsThread.
2023-07-05 13:45:38,896 [RatisPipelineUtilsThread - 0] WARN  pipeline.BackgroundPipelineCreator (BackgroundPipelineCreator.java:run(180)) - RatisPipelineUtilsThread is interrupted.
2023-07-05 13:45:38,896 [Time-limited test] INFO  BackgroundPipelineScrubber (BackgroundSCMService.java:stop(131)) - Stopping BackgroundPipelineScrubber Service.
2023-07-05 13:45:38,896 [BackgroundPipelineScrubberThread] WARN  BackgroundPipelineScrubber (BackgroundSCMService.java:run(115)) - BackgroundPipelineScrubber is interrupted, exit
2023-07-05 13:45:38,896 [Time-limited test] INFO  impl.MetricsSystemImpl (MetricsSystemImpl.java:stop(210)) - Stopping HddsDatanode metrics system...
2023-07-05 13:45:38,897 [prometheus] INFO  impl.MetricsSinkAdapter (MetricsSinkAdapter.java:publishMetricsFromQueue(141)) - prometheus thread interrupted.
2023-07-05 13:45:38,898 [Time-limited test] INFO  impl.MetricsSystemImpl (MetricsSystemImpl.java:stop(216)) - HddsDatanode metrics system stopped.
2023-07-05 13:45:38,898 [Time-limited test] WARN  pipeline.BackgroundPipelineCreator (BackgroundPipelineCreator.java:stop(145)) - RatisPipelineUtilsThread is not running, just ignore.
2023-07-05 13:45:38,898 [Time-limited test] INFO  BackgroundPipelineScrubber (BackgroundSCMService.java:stop(126)) - BackgroundPipelineScrubber Service is not running, skip stop.
2023-07-05 13:45:38,898 [Time-limited test] INFO  ExpiredContainerReplicaOpScrubber (BackgroundSCMService.java:stop(131)) - Stopping ExpiredContainerReplicaOpScrubber Service.
2023-07-05 13:45:38,898 [Time-limited test] INFO  utils.BackgroundService (BackgroundService.java:shutdown(141)) - Shutting down service SCMBlockDeletingService
2023-07-05 13:45:38,898 [ExpiredContainerReplicaOpScrubberThread] WARN  ExpiredContainerReplicaOpScrubber (BackgroundSCMService.java:run(115)) - ExpiredContainerReplicaOpScrubber is interrupted, exit
2023-07-05 13:45:38,898 [Time-limited test] INFO  replication.ReplicationManager (ReplicationManager.java:stop(329)) - Replication Monitor Thread is not running.
2023-07-05 13:45:38,898 [Time-limited test] WARN  balancer.ContainerBalancer (ContainerBalancer.java:stop(326)) - Cannot stop Container Balancer because it's not running or stopping
2023-07-05 13:45:38,898 [Lease Manager-LeaseManager#LeaseMonitor] WARN  lease.LeaseManager (LeaseManager.java:run(272)) - Lease manager is interrupted. Shutting down...
java.lang.InterruptedException
	at java.util.concurrent.locks.AbstractQueuedSynchronizer.doAcquireSharedNanos(AbstractQueuedSynchronizer.java:1039)
	at java.util.concurrent.locks.AbstractQueuedSynchronizer.tryAcquireSharedNanos(AbstractQueuedSynchronizer.java:1328)
	at java.util.concurrent.Semaphore.tryAcquire(Semaphore.java:409)
	at org.apache.hadoop.ozone.lease.LeaseManager$LeaseMonitor.run(LeaseManager.java:270)
	at java.lang.Thread.run(Thread.java:750)
2023-07-05 13:45:38,898 [Time-limited test] INFO  server.StorageContainerManager (StorageContainerManager.java:stop(1714)) - Stopping SCM MetadataStore.
]]></system-out>
  </testcase>
</testsuite>