<?xml version="1.0" encoding="UTF-8"?>
<testsuite xmlns:xsi="http://www.w3.org/2001/XMLSchema-instance" xsi:noNamespaceSchemaLocation="https://maven.apache.org/surefire/maven-surefire-plugin/xsd/surefire-test-report.xsd" name="org.apache.hadoop.ozone.client.rpc.TestWatchForCommit" time="199.28" tests="4" errors="1" skipped="0" failures="0">
  <properties>
    <property name="awt.toolkit" value="sun.awt.X11.XToolkit"/>
    <property name="file.encoding.pkg" value="sun.io"/>
    <property name="java.specification.version" value="1.8"/>
    <property name="sun.cpu.isalist" value=""/>
    <property name="sun.jnu.encoding" value="UTF-8"/>
    <property name="java.class.path" value="/home/runner/work/ozone/ozone/mnt/ozone/hadoop-ozone/integration-test/target/test-classes:/home/runner/work/ozone/ozone/mnt/ozone/hadoop-ozone/integration-test/target/classes:/home/runner/.m2/repository/org/apache/ozone/ozone-common/1.2.0-SNAPSHOT/ozone-common-1.2.0-SNAPSHOT.jar:/home/runner/.m2/repository/org/apache/commons/commons-compress/1.20/commons-compress-1.20.jar:/home/runner/.m2/repository/org/apache/ozone/hdds-common/1.2.0-SNAPSHOT/hdds-common-1.2.0-SNAPSHOT.jar:/home/runner/.m2/repository/org/apache/ozone/hdds-client/1.2.0-SNAPSHOT/hdds-client-1.2.0-SNAPSHOT.jar:/home/runner/.m2/repository/org/apache/ozone/ozone-interface-client/1.2.0-SNAPSHOT/ozone-interface-client-1.2.0-SNAPSHOT.jar:/home/runner/.m2/repository/org/apache/ozone/hdds-test-utils/1.2.0-SNAPSHOT/hdds-test-utils-1.2.0-SNAPSHOT.jar:/home/runner/.m2/repository/com/google/guava/guava/30.1.1-jre/guava-30.1.1-jre.jar:/home/runner/.m2/repository/com/google/guava/failureaccess/1.0.1/failureaccess-1.0.1.jar:/home/runner/.m2/repository/com/google/guava/listenablefuture/9999.0-empty-to-avoid-conflict-with-guava/listenablefuture-9999.0-empty-to-avoid-conflict-with-guava.jar:/home/runner/.m2/repository/com/google/code/findbugs/jsr305/3.0.0/jsr305-3.0.0.jar:/home/runner/.m2/repository/org/checkerframework/checker-qual/3.8.0/checker-qual-3.8.0.jar:/home/runner/.m2/repository/com/google/errorprone/error_prone_annotations/2.2.0/error_prone_annotations-2.2.0.jar:/home/runner/.m2/repository/com/google/j2objc/j2objc-annotations/1.3/j2objc-annotations-1.3.jar:/home/runner/.m2/repository/commons-io/commons-io/2.8.0/commons-io-2.8.0.jar:/home/runner/.m2/repository/commons-logging/commons-logging/1.2/commons-logging-1.2.jar:/home/runner/.m2/repository/log4j/log4j/1.2.17/log4j-1.2.17.jar:/home/runner/.m2/repository/org/slf4j/slf4j-api/1.7.30/slf4j-api-1.7.30.jar:/home/runner/.m2/repository/org/apache/ozone/hdds-server-scm/1.2.0-SNAPSHOT/hdds-server-scm-1.2.0-SNAPSHOT.jar:/home/runner/.m2/repository/org/apache/ozone/hdds-container-service/1.2.0-SNAPSHOT/hdds-container-service-1.2.0-SNAPSHOT.jar:/home/runner/.m2/repository/org/apache/ozone/hdds-hadoop-dependency-server/1.2.0-SNAPSHOT/hdds-hadoop-dependency-server-1.2.0-SNAPSHOT.jar:/home/runner/.m2/repository/org/apache/hadoop/hadoop-hdfs/3.2.2/hadoop-hdfs-3.2.2.jar:/home/runner/.m2/repository/org/apache/ozone/hdds-server-framework/1.2.0-SNAPSHOT/hdds-server-framework-1.2.0-SNAPSHOT.jar:/home/runner/.m2/repository/org/apache/ozone/hdds-interface-server/1.2.0-SNAPSHOT/hdds-interface-server-1.2.0-SNAPSHOT.jar:/home/runner/.m2/repository/org/eclipse/jetty/jetty-servlet/9.4.35.v20201120/jetty-servlet-9.4.35.v20201120.jar:/home/runner/.m2/repository/org/eclipse/jetty/jetty-security/9.4.35.v20201120/jetty-security-9.4.35.v20201120.jar:/home/runner/.m2/repository/org/rocksdb/rocksdbjni/6.20.3/rocksdbjni-6.20.3.jar:/home/runner/.m2/repository/io/prometheus/simpleclient_dropwizard/0.7.0/simpleclient_dropwizard-0.7.0.jar:/home/runner/.m2/repository/io/prometheus/simpleclient/0.7.0/simpleclient-0.7.0.jar:/home/runner/.m2/repository/io/prometheus/simpleclient_common/0.7.0/simpleclient_common-0.7.0.jar:/home/runner/.m2/repository/com/fasterxml/jackson/datatype/jackson-datatype-jsr310/2.12.1/jackson-datatype-jsr310-2.12.1.jar:/home/runner/.m2/repository/io/dropwizard/metrics/metrics-core/3.2.4/metrics-core-3.2.4.jar:/home/runner/.m2/repository/org/apache/hadoop/hadoop-hdfs-client/3.2.2/hadoop-hdfs-client-3.2.2.jar:/home/runner/.m2/repository/org/bouncycastle/bcprov-jdk15on/1.67/bcprov-jdk15on-1.67.jar:/home/runner/.m2/repository/com/google/protobuf/protobuf-java/2.5.0/protobuf-java-2.5.0.jar:/home/runner/.m2/repository/org/apache/ozone/ozone-manager/1.2.0-SNAPSHOT/ozone-manager-1.2.0-SNAPSHOT.jar:/home/runner/.m2/repository/org/apache/ozone/hdds-interface-client/1.2.0-SNAPSHOT/hdds-interface-client-1.2.0-SNAPSHOT.jar:/home/runner/.m2/repository/org/apache/ratis/ratis-thirdparty-misc/0.7.0-a398b19-SNAPSHOT/ratis-thirdparty-misc-0.7.0-a398b19-SNAPSHOT.jar:/home/runner/.m2/repository/org/apache/ozone/ozone-interface-storage/1.2.0-SNAPSHOT/ozone-interface-storage-1.2.0-SNAPSHOT.jar:/home/runner/.m2/repository/org/apache/hadoop/hadoop-minikdc/3.2.2/hadoop-minikdc-3.2.2.jar:/home/runner/.m2/repository/org/apache/kerby/kerb-simplekdc/1.0.1/kerb-simplekdc-1.0.1.jar:/home/runner/.m2/repository/org/apache/kerby/kerb-client/1.0.1/kerb-client-1.0.1.jar:/home/runner/.m2/repository/org/apache/kerby/kerby-config/1.0.1/kerby-config-1.0.1.jar:/home/runner/.m2/repository/org/apache/kerby/kerb-core/1.0.1/kerb-core-1.0.1.jar:/home/runner/.m2/repository/org/apache/kerby/kerby-pkix/1.0.1/kerby-pkix-1.0.1.jar:/home/runner/.m2/repository/org/apache/kerby/kerby-asn1/1.0.1/kerby-asn1-1.0.1.jar:/home/runner/.m2/repository/org/apache/kerby/kerby-util/1.0.1/kerby-util-1.0.1.jar:/home/runner/.m2/repository/org/apache/kerby/kerb-common/1.0.1/kerb-common-1.0.1.jar:/home/runner/.m2/repository/org/apache/kerby/kerb-crypto/1.0.1/kerb-crypto-1.0.1.jar:/home/runner/.m2/repository/org/apache/kerby/kerb-util/1.0.1/kerb-util-1.0.1.jar:/home/runner/.m2/repository/org/apache/kerby/token-provider/1.0.1/token-provider-1.0.1.jar:/home/runner/.m2/repository/org/apache/kerby/kerb-admin/1.0.1/kerb-admin-1.0.1.jar:/home/runner/.m2/repository/org/apache/kerby/kerb-server/1.0.1/kerb-server-1.0.1.jar:/home/runner/.m2/repository/org/apache/kerby/kerb-identity/1.0.1/kerb-identity-1.0.1.jar:/home/runner/.m2/repository/org/apache/kerby/kerby-xdr/1.0.1/kerby-xdr-1.0.1.jar:/home/runner/.m2/repository/org/slf4j/slf4j-log4j12/1.7.30/slf4j-log4j12-1.7.30.jar:/home/runner/.m2/repository/org/apache/ozone/ozone-s3gateway/1.2.0-SNAPSHOT/ozone-s3gateway-1.2.0-SNAPSHOT.jar:/home/runner/.m2/repository/org/jboss/weld/servlet/weld-servlet/2.4.7.Final/weld-servlet-2.4.7.Final.jar:/home/runner/.m2/repository/org/glassfish/jersey/containers/jersey-container-servlet-core/2.33/jersey-container-servlet-core-2.33.jar:/home/runner/.m2/repository/org/glassfish/hk2/external/jakarta.inject/2.6.1/jakarta.inject-2.6.1.jar:/home/runner/.m2/repository/org/glassfish/jersey/core/jersey-common/2.33/jersey-common-2.33.jar:/home/runner/.m2/repository/jakarta/ws/rs/jakarta.ws.rs-api/2.1.6/jakarta.ws.rs-api-2.1.6.jar:/home/runner/.m2/repository/org/glassfish/jersey/ext/cdi/jersey-cdi1x/2.33/jersey-cdi1x-2.33.jar:/home/runner/.m2/repository/org/glassfish/jersey/inject/jersey-hk2/2.33/jersey-hk2-2.33.jar:/home/runner/.m2/repository/org/glassfish/hk2/hk2-locator/2.6.1/hk2-locator-2.6.1.jar:/home/runner/.m2/repository/org/javassist/javassist/3.25.0-GA/javassist-3.25.0-GA.jar:/home/runner/.m2/repository/org/glassfish/jersey/media/jersey-media-jaxb/2.33/jersey-media-jaxb-2.33.jar:/home/runner/.m2/repository/org/glassfish/hk2/osgi-resource-locator/1.0.3/osgi-resource-locator-1.0.3.jar:/home/runner/.m2/repository/org/glassfish/hk2/hk2-api/2.5.0/hk2-api-2.5.0.jar:/home/runner/.m2/repository/org/glassfish/hk2/hk2-utils/2.5.0/hk2-utils-2.5.0.jar:/home/runner/.m2/repository/org/glassfish/hk2/external/aopalliance-repackaged/2.5.0/aopalliance-repackaged-2.5.0.jar:/home/runner/.m2/repository/com/fasterxml/jackson/dataformat/jackson-dataformat-xml/2.12.1/jackson-dataformat-xml-2.12.1.jar:/home/runner/.m2/repository/com/fasterxml/jackson/core/jackson-core/2.12.1/jackson-core-2.12.1.jar:/home/runner/.m2/repository/com/fasterxml/jackson/module/jackson-module-jaxb-annotations/2.12.1/jackson-module-jaxb-annotations-2.12.1.jar:/home/runner/.m2/repository/jakarta/xml/bind/jakarta.xml.bind-api/2.3.2/jakarta.xml.bind-api-2.3.2.jar:/home/runner/.m2/repository/jakarta/activation/jakarta.activation-api/1.2.1/jakarta.activation-api-1.2.1.jar:/home/runner/.m2/repository/org/codehaus/woodstox/stax2-api/3.1.4/stax2-api-3.1.4.jar:/home/runner/.m2/repository/com/fasterxml/woodstox/woodstox-core/5.0.3/woodstox-core-5.0.3.jar:/home/runner/.m2/repository/javax/enterprise/cdi-api/1.2/cdi-api-1.2.jar:/home/runner/.m2/repository/javax/el/javax.el-api/3.0.0/javax.el-api-3.0.0.jar:/home/runner/.m2/repository/javax/interceptor/javax.interceptor-api/1.2/javax.interceptor-api-1.2.jar:/home/runner/.m2/repository/javax/inject/javax.inject/1/javax.inject-1.jar:/home/runner/.m2/repository/javax/xml/bind/jaxb-api/2.3.0/jaxb-api-2.3.0.jar:/home/runner/.m2/repository/org/glassfish/jaxb/jaxb-runtime/2.3.0.1/jaxb-runtime-2.3.0.1.jar:/home/runner/.m2/repository/org/glassfish/jaxb/jaxb-core/2.3.0.1/jaxb-core-2.3.0.1.jar:/home/runner/.m2/repository/org/glassfish/jaxb/txw2/2.3.0.1/txw2-2.3.0.1.jar:/home/runner/.m2/repository/com/sun/istack/istack-commons-runtime/3.0.5/istack-commons-runtime-3.0.5.jar:/home/runner/.m2/repository/org/jvnet/staxex/stax-ex/1.7.8/stax-ex-1.7.8.jar:/home/runner/.m2/repository/com/sun/xml/fastinfoset/FastInfoset/1.2.13/FastInfoset-1.2.13.jar:/home/runner/.m2/repository/javax/activation/activation/1.1.1/activation-1.1.1.jar:/home/runner/.m2/repository/org/apache/ozone/ozone-csi/1.2.0-SNAPSHOT/ozone-csi-1.2.0-SNAPSHOT.jar:/home/runner/.m2/repository/com/google/protobuf/protobuf-java-util/3.12.0/protobuf-java-util-3.12.0.jar:/home/runner/.m2/repository/com/google/code/gson/gson/2.2.4/gson-2.2.4.jar:/home/runner/.m2/repository/org/apache/ozone/hdds-config/1.2.0-SNAPSHOT/hdds-config-1.2.0-SNAPSHOT.jar:/home/runner/.m2/repository/io/grpc/grpc-netty/1.33.0/grpc-netty-1.33.0.jar:/home/runner/.m2/repository/io/grpc/grpc-core/1.33.0/grpc-core-1.33.0.jar:/home/runner/.m2/repository/com/google/android/annotations/4.1.1.4/annotations-4.1.1.4.jar:/home/runner/.m2/repository/io/netty/netty-codec-http2/4.1.63.Final/netty-codec-http2-4.1.63.Final.jar:/home/runner/.m2/repository/io/netty/netty-codec-http/4.1.63.Final/netty-codec-http-4.1.63.Final.jar:/home/runner/.m2/repository/io/netty/netty-handler-proxy/4.1.63.Final/netty-handler-proxy-4.1.63.Final.jar:/home/runner/.m2/repository/io/netty/netty-codec-socks/4.1.63.Final/netty-codec-socks-4.1.63.Final.jar:/home/runner/.m2/repository/io/perfmark/perfmark-api/0.19.0/perfmark-api-0.19.0.jar:/home/runner/.m2/repository/org/codehaus/mojo/animal-sniffer-annotations/1.18/animal-sniffer-annotations-1.18.jar:/home/runner/.m2/repository/io/netty/netty-transport-native-epoll/4.1.63.Final/netty-transport-native-epoll-4.1.63.Final.jar:/home/runner/.m2/repository/io/netty/netty-common/4.1.63.Final/netty-common-4.1.63.Final.jar:/home/runner/.m2/repository/io/netty/netty-buffer/4.1.63.Final/netty-buffer-4.1.63.Final.jar:/home/runner/.m2/repository/io/netty/netty-transport-native-unix-common/4.1.63.Final/netty-transport-native-unix-common-4.1.63.Final.jar:/home/runner/.m2/repository/io/grpc/grpc-protobuf/1.33.0/grpc-protobuf-1.33.0.jar:/home/runner/.m2/repository/io/grpc/grpc-api/1.33.0/grpc-api-1.33.0.jar:/home/runner/.m2/repository/io/grpc/grpc-context/1.33.0/grpc-context-1.33.0.jar:/home/runner/.m2/repository/com/google/api/grpc/proto-google-common-protos/1.17.0/proto-google-common-protos-1.17.0.jar:/home/runner/.m2/repository/io/grpc/grpc-protobuf-lite/1.33.0/grpc-protobuf-lite-1.33.0.jar:/home/runner/.m2/repository/io/grpc/grpc-stub/1.33.0/grpc-stub-1.33.0.jar:/home/runner/.m2/repository/org/apache/ozone/ozone-recon/1.2.0-SNAPSHOT/ozone-recon-1.2.0-SNAPSHOT.jar:/home/runner/.m2/repository/org/apache/ozone/ozone-reconcodegen/1.2.0-SNAPSHOT/ozone-reconcodegen-1.2.0-SNAPSHOT.jar:/home/runner/.m2/repository/com/google/inject/extensions/guice-multibindings/4.0/guice-multibindings-4.0.jar:/home/runner/.m2/repository/com/google/inject/guice/4.0/guice-4.0.jar:/home/runner/.m2/repository/aopalliance/aopalliance/1.0/aopalliance-1.0.jar:/home/runner/.m2/repository/com/google/inject/extensions/guice-assistedinject/4.0/guice-assistedinject-4.0.jar:/home/runner/.m2/repository/com/google/inject/extensions/guice-servlet/4.0/guice-servlet-4.0.jar:/home/runner/.m2/repository/org/glassfish/jersey/containers/jersey-container-servlet/2.33/jersey-container-servlet-2.33.jar:/home/runner/.m2/repository/org/glassfish/hk2/guice-bridge/2.5.0/guice-bridge-2.5.0.jar:/home/runner/.m2/repository/org/glassfish/jersey/core/jersey-server/2.33/jersey-server-2.33.jar:/home/runner/.m2/repository/org/glassfish/jersey/core/jersey-client/2.33/jersey-client-2.33.jar:/home/runner/.m2/repository/jakarta/annotation/jakarta.annotation-api/1.3.5/jakarta.annotation-api-1.3.5.jar:/home/runner/.m2/repository/jakarta/validation/jakarta.validation-api/2.0.2/jakarta.validation-api-2.0.2.jar:/home/runner/.m2/repository/org/glassfish/jersey/media/jersey-media-json-jackson/2.33/jersey-media-json-jackson-2.33.jar:/home/runner/.m2/repository/org/glassfish/jersey/ext/jersey-entity-filtering/2.33/jersey-entity-filtering-2.33.jar:/home/runner/.m2/repository/org/jooq/jooq/3.11.10/jooq-3.11.10.jar:/home/runner/.m2/repository/org/jooq/jooq-meta/3.11.10/jooq-meta-3.11.10.jar:/home/runner/.m2/repository/org/jooq/jooq-codegen/3.11.10/jooq-codegen-3.11.10.jar:/home/runner/.m2/repository/com/jolbox/bonecp/0.8.0.RELEASE/bonecp-0.8.0.RELEASE.jar:/home/runner/.m2/repository/org/apache/derby/derby/10.14.2.0/derby-10.14.2.0.jar:/home/runner/.m2/repository/org/xerial/sqlite-jdbc/3.25.2/sqlite-jdbc-3.25.2.jar:/home/runner/.m2/repository/org/springframework/spring-jdbc/5.2.11.RELEASE/spring-jdbc-5.2.11.RELEASE.jar:/home/runner/.m2/repository/org/springframework/spring-beans/5.2.11.RELEASE/spring-beans-5.2.11.RELEASE.jar:/home/runner/.m2/repository/org/springframework/spring-core/5.2.11.RELEASE/spring-core-5.2.11.RELEASE.jar:/home/runner/.m2/repository/org/springframework/spring-jcl/5.2.11.RELEASE/spring-jcl-5.2.11.RELEASE.jar:/home/runner/.m2/repository/org/springframework/spring-tx/5.2.11.RELEASE/spring-tx-5.2.11.RELEASE.jar:/home/runner/.m2/repository/org/apache/ozone/ozone-client/1.2.0-SNAPSHOT/ozone-client-1.2.0-SNAPSHOT.jar:/home/runner/.m2/repository/org/apache/ozone/ozone-filesystem/1.2.0-SNAPSHOT/ozone-filesystem-1.2.0-SNAPSHOT.jar:/home/runner/.m2/repository/org/apache/ozone/ozone-filesystem-common/1.2.0-SNAPSHOT/ozone-filesystem-common-1.2.0-SNAPSHOT.jar:/home/runner/.m2/repository/org/apache/ozone/ozone-tools/1.2.0-SNAPSHOT/ozone-tools-1.2.0-SNAPSHOT.jar:/home/runner/.m2/repository/org/apache/ratis/ratis-tools/2.1.0-ff8aa66-SNAPSHOT/ratis-tools-2.1.0-ff8aa66-SNAPSHOT.jar:/home/runner/.m2/repository/org/apache/ratis/ratis-proto/2.1.0-ff8aa66-SNAPSHOT/ratis-proto-2.1.0-ff8aa66-SNAPSHOT.jar:/home/runner/.m2/repository/org/apache/ratis/ratis-common/2.1.0-ff8aa66-SNAPSHOT/ratis-common-2.1.0-ff8aa66-SNAPSHOT.jar:/home/runner/.m2/repository/com/amazonaws/aws-java-sdk-core/1.11.901/aws-java-sdk-core-1.11.901.jar:/home/runner/.m2/repository/org/apache/httpcomponents/httpclient/4.5.13/httpclient-4.5.13.jar:/home/runner/.m2/repository/org/apache/httpcomponents/httpcore/4.4.13/httpcore-4.4.13.jar:/home/runner/.m2/repository/software/amazon/ion/ion-java/1.0.2/ion-java-1.0.2.jar:/home/runner/.m2/repository/com/fasterxml/jackson/dataformat/jackson-dataformat-cbor/2.12.1/jackson-dataformat-cbor-2.12.1.jar:/home/runner/.m2/repository/joda-time/joda-time/2.8.1/joda-time-2.8.1.jar:/home/runner/.m2/repository/com/amazonaws/aws-java-sdk-s3/1.11.901/aws-java-sdk-s3-1.11.901.jar:/home/runner/.m2/repository/com/amazonaws/aws-java-sdk-kms/1.11.901/aws-java-sdk-kms-1.11.901.jar:/home/runner/.m2/repository/com/amazonaws/jmespath-java/1.11.901/jmespath-java-1.11.901.jar:/home/runner/.m2/repository/org/kohsuke/metainf-services/metainf-services/1.8/metainf-services-1.8.jar:/home/runner/.m2/repository/org/apache/ozone/hdds-tools/1.2.0-SNAPSHOT/hdds-tools-1.2.0-SNAPSHOT.jar:/home/runner/.m2/repository/commons-cli/commons-cli/1.2/commons-cli-1.2.jar:/home/runner/.m2/repository/org/apache/commons/commons-lang3/3.7/commons-lang3-3.7.jar:/home/runner/.m2/repository/org/apache/ozone/ozone-manager/1.2.0-SNAPSHOT/ozone-manager-1.2.0-SNAPSHOT-tests.jar:/home/runner/.m2/repository/org/apache/ozone/hdds-common/1.2.0-SNAPSHOT/hdds-common-1.2.0-SNAPSHOT-tests.jar:/home/runner/.m2/repository/org/apache/ozone/hdds-hadoop-dependency-client/1.2.0-SNAPSHOT/hdds-hadoop-dependency-client-1.2.0-SNAPSHOT.jar:/home/runner/.m2/repository/info/picocli/picocli/4.4.0/picocli-4.4.0.jar:/home/runner/.m2/repository/com/fasterxml/jackson/core/jackson-annotations/2.12.1/jackson-annotations-2.12.1.jar:/home/runner/.m2/repository/javax/annotation/javax.annotation-api/1.2/javax.annotation-api-1.2.jar:/home/runner/.m2/repository/org/apache/ratis/ratis-server/2.1.0-ff8aa66-SNAPSHOT/ratis-server-2.1.0-ff8aa66-SNAPSHOT.jar:/home/runner/.m2/repository/org/apache/ratis/ratis-client/2.1.0-ff8aa66-SNAPSHOT/ratis-client-2.1.0-ff8aa66-SNAPSHOT.jar:/home/runner/.m2/repository/org/apache/ratis/ratis-server-api/2.1.0-ff8aa66-SNAPSHOT/ratis-server-api-2.1.0-ff8aa66-SNAPSHOT.jar:/home/runner/.m2/repository/org/apache/ratis/ratis-metrics/2.1.0-ff8aa66-SNAPSHOT/ratis-metrics-2.1.0-ff8aa66-SNAPSHOT.jar:/home/runner/.m2/repository/org/apache/ratis/ratis-netty/2.1.0-ff8aa66-SNAPSHOT/ratis-netty-2.1.0-ff8aa66-SNAPSHOT.jar:/home/runner/.m2/repository/org/apache/ratis/ratis-grpc/2.1.0-ff8aa66-SNAPSHOT/ratis-grpc-2.1.0-ff8aa66-SNAPSHOT.jar:/home/runner/.m2/repository/org/apache/logging/log4j/log4j-api/2.13.3/log4j-api-2.13.3.jar:/home/runner/.m2/repository/org/apache/logging/log4j/log4j-core/2.13.3/log4j-core-2.13.3.jar:/home/runner/.m2/repository/com/lmax/disruptor/3.4.2/disruptor-3.4.2.jar:/home/runner/.m2/repository/org/apache/commons/commons-pool2/2.6.0/commons-pool2-2.6.0.jar:/home/runner/.m2/repository/org/bouncycastle/bcpkix-jdk15on/1.67/bcpkix-jdk15on-1.67.jar:/home/runner/.m2/repository/commons-validator/commons-validator/1.6/commons-validator-1.6.jar:/home/runner/.m2/repository/commons-beanutils/commons-beanutils/1.9.4/commons-beanutils-1.9.4.jar:/home/runner/.m2/repository/commons-digester/commons-digester/1.8.1/commons-digester-1.8.1.jar:/home/runner/.m2/repository/commons-collections/commons-collections/3.2.2/commons-collections-3.2.2.jar:/home/runner/.m2/repository/io/jaegertracing/jaeger-client/1.6.0/jaeger-client-1.6.0.jar:/home/runner/.m2/repository/io/jaegertracing/jaeger-thrift/1.6.0/jaeger-thrift-1.6.0.jar:/home/runner/.m2/repository/org/apache/thrift/libthrift/0.14.1/libthrift-0.14.1.jar:/home/runner/.m2/repository/com/squareup/okhttp3/okhttp/4.9.0/okhttp-4.9.0.jar:/home/runner/.m2/repository/com/squareup/okio/okio/2.8.0/okio-2.8.0.jar:/home/runner/.m2/repository/io/jaegertracing/jaeger-core/1.6.0/jaeger-core-1.6.0.jar:/home/runner/.m2/repository/io/jaegertracing/jaeger-tracerresolver/1.6.0/jaeger-tracerresolver-1.6.0.jar:/home/runner/.m2/repository/io/opentracing/contrib/opentracing-tracerresolver/0.1.8/opentracing-tracerresolver-0.1.8.jar:/home/runner/.m2/repository/org/jetbrains/kotlin/kotlin-stdlib/1.4.31/kotlin-stdlib-1.4.31.jar:/home/runner/.m2/repository/org/jetbrains/kotlin/kotlin-stdlib-common/1.4.31/kotlin-stdlib-common-1.4.31.jar:/home/runner/.m2/repository/org/jetbrains/annotations/13.0/annotations-13.0.jar:/home/runner/.m2/repository/io/opentracing/opentracing-util/0.33.0/opentracing-util-0.33.0.jar:/home/runner/.m2/repository/io/opentracing/opentracing-api/0.33.0/opentracing-api-0.33.0.jar:/home/runner/.m2/repository/io/opentracing/opentracing-noop/0.33.0/opentracing-noop-0.33.0.jar:/home/runner/.m2/repository/org/yaml/snakeyaml/1.26/snakeyaml-1.26.jar:/home/runner/.m2/repository/org/apache/ozone/hdds-interface-admin/1.2.0-SNAPSHOT/hdds-interface-admin-1.2.0-SNAPSHOT.jar:/home/runner/.m2/repository/junit/junit/4.13.1/junit-4.13.1.jar:/home/runner/.m2/repository/org/hamcrest/hamcrest-core/1.3/hamcrest-core-1.3.jar:/home/runner/.m2/repository/org/junit/jupiter/junit-jupiter-api/5.7.0/junit-jupiter-api-5.7.0.jar:/home/runner/.m2/repository/org/apiguardian/apiguardian-api/1.1.0/apiguardian-api-1.1.0.jar:/home/runner/.m2/repository/org/opentest4j/opentest4j/1.2.0/opentest4j-1.2.0.jar:/home/runner/.m2/repository/org/junit/platform/junit-platform-commons/1.7.0/junit-platform-commons-1.7.0.jar:/home/runner/.m2/repository/org/junit/jupiter/junit-jupiter-engine/5.7.0/junit-jupiter-engine-5.7.0.jar:/home/runner/.m2/repository/org/junit/platform/junit-platform-engine/1.7.0/junit-platform-engine-1.7.0.jar:/home/runner/.m2/repository/org/junit/vintage/junit-vintage-engine/5.7.0/junit-vintage-engine-5.7.0.jar:/home/runner/.m2/repository/org/junit/platform/junit-platform-launcher/1.7.0/junit-platform-launcher-1.7.0.jar:/home/runner/.m2/repository/org/openjdk/jmh/jmh-core/1.19/jmh-core-1.19.jar:/home/runner/.m2/repository/net/sf/jopt-simple/jopt-simple/4.6/jopt-simple-4.6.jar:/home/runner/.m2/repository/org/apache/commons/commons-math3/3.1.1/commons-math3-3.1.1.jar:/home/runner/.m2/repository/org/openjdk/jmh/jmh-generator-annprocess/1.19/jmh-generator-annprocess-1.19.jar:/home/runner/.m2/repository/org/mockito/mockito-all/1.8.5/mockito-all-1.8.5.jar:/home/runner/.m2/repository/org/apache/hadoop/hadoop-kms/3.2.2/hadoop-kms-3.2.2.jar:/home/runner/.m2/repository/org/apache/hadoop/hadoop-auth/3.2.2/hadoop-auth-3.2.2.jar:/home/runner/.m2/repository/com/nimbusds/nimbus-jose-jwt/7.9/nimbus-jose-jwt-7.9.jar:/home/runner/.m2/repository/com/github/stephenc/jcip/jcip-annotations/1.0-1/jcip-annotations-1.0-1.jar:/home/runner/.m2/repository/net/minidev/json-smart/2.3/json-smart-2.3.jar:/home/runner/.m2/repository/net/minidev/accessors-smart/1.2/accessors-smart-1.2.jar:/home/runner/.m2/repository/org/ow2/asm/asm/5.0.4/asm-5.0.4.jar:/home/runner/.m2/repository/org/apache/zookeeper/zookeeper/3.4.13/zookeeper-3.4.13.jar:/home/runner/.m2/repository/org/apache/yetus/audience-annotations/0.5.0/audience-annotations-0.5.0.jar:/home/runner/.m2/repository/org/apache/curator/curator-framework/2.13.0/curator-framework-2.13.0.jar:/home/runner/.m2/repository/com/sun/jersey/jersey-core/1.19/jersey-core-1.19.jar:/home/runner/.m2/repository/javax/ws/rs/jsr311-api/1.1.1/jsr311-api-1.1.1.jar:/home/runner/.m2/repository/com/sun/jersey/jersey-server/1.19/jersey-server-1.19.jar:/home/runner/.m2/repository/javax/servlet/javax.servlet-api/3.1.0/javax.servlet-api-3.1.0.jar:/home/runner/.m2/repository/org/eclipse/jetty/jetty-server/9.4.35.v20201120/jetty-server-9.4.35.v20201120.jar:/home/runner/.m2/repository/org/eclipse/jetty/jetty-http/9.4.35.v20201120/jetty-http-9.4.35.v20201120.jar:/home/runner/.m2/repository/org/eclipse/jetty/jetty-io/9.4.35.v20201120/jetty-io-9.4.35.v20201120.jar:/home/runner/.m2/repository/org/eclipse/jetty/jetty-webapp/9.4.35.v20201120/jetty-webapp-9.4.35.v20201120.jar:/home/runner/.m2/repository/org/eclipse/jetty/jetty-xml/9.4.35.v20201120/jetty-xml-9.4.35.v20201120.jar:/home/runner/.m2/repository/org/apache/hadoop/hadoop-common/3.2.2/hadoop-common-3.2.2.jar:/home/runner/.m2/repository/commons-net/commons-net/3.6/commons-net-3.6.jar:/home/runner/.m2/repository/javax/activation/javax.activation-api/1.2.0/javax.activation-api-1.2.0.jar:/home/runner/.m2/repository/com/sun/jersey/jersey-servlet/1.19/jersey-servlet-1.19.jar:/home/runner/.m2/repository/com/sun/jersey/jersey-json/1.19/jersey-json-1.19.jar:/home/runner/.m2/repository/org/codehaus/jettison/jettison/1.1/jettison-1.1.jar:/home/runner/.m2/repository/com/sun/xml/bind/jaxb-impl/2.2.3-1/jaxb-impl-2.2.3-1.jar:/home/runner/.m2/repository/org/codehaus/jackson/jackson-jaxrs/1.9.2/jackson-jaxrs-1.9.2.jar:/home/runner/.m2/repository/org/codehaus/jackson/jackson-xc/1.9.2/jackson-xc-1.9.2.jar:/home/runner/.m2/repository/org/apache/commons/commons-configuration2/2.1.1/commons-configuration2-2.1.1.jar:/home/runner/.m2/repository/org/apache/commons/commons-text/1.4/commons-text-1.4.jar:/home/runner/.m2/repository/com/google/re2j/re2j/1.1/re2j-1.1.jar:/home/runner/.m2/repository/com/jcraft/jsch/0.1.54/jsch-0.1.54.jar:/home/runner/.m2/repository/org/apache/curator/curator-client/2.13.0/curator-client-2.13.0.jar:/home/runner/.m2/repository/org/apache/curator/curator-recipes/2.13.0/curator-recipes-2.13.0.jar:/home/runner/.m2/repository/dnsjava/dnsjava/2.1.7/dnsjava-2.1.7.jar:/home/runner/.m2/repository/org/slf4j/jul-to-slf4j/1.7.30/jul-to-slf4j-1.7.30.jar:/home/runner/.m2/repository/org/eclipse/jetty/jetty-util/9.4.35.v20201120/jetty-util-9.4.35.v20201120.jar:/home/runner/.m2/repository/com/fasterxml/jackson/core/jackson-databind/2.12.1/jackson-databind-2.12.1.jar:/home/runner/.m2/repository/org/apache/hadoop/hadoop-kms/3.2.2/hadoop-kms-3.2.2-tests.jar:/home/runner/.m2/repository/org/apache/ozone/hdds-server-scm/1.2.0-SNAPSHOT/hdds-server-scm-1.2.0-SNAPSHOT-tests.jar:/home/runner/.m2/repository/org/apache/ozone/hdds-container-service/1.2.0-SNAPSHOT/hdds-container-service-1.2.0-SNAPSHOT-tests.jar:/home/runner/.m2/repository/commons-codec/commons-codec/1.11/commons-codec-1.11.jar:/home/runner/.m2/repository/io/netty/netty-transport/4.1.63.Final/netty-transport-4.1.63.Final.jar:/home/runner/.m2/repository/io/netty/netty-resolver/4.1.63.Final/netty-resolver-4.1.63.Final.jar:/home/runner/.m2/repository/io/netty/netty-codec/4.1.63.Final/netty-codec-4.1.63.Final.jar:/home/runner/.m2/repository/io/netty/netty-handler/4.1.63.Final/netty-handler-4.1.63.Final.jar:/home/runner/.m2/repository/org/apache/ozone/hdds-hadoop-dependency-test/1.2.0-SNAPSHOT/hdds-hadoop-dependency-test-1.2.0-SNAPSHOT.jar:/home/runner/.m2/repository/org/apache/hadoop/hadoop-common/3.2.2/hadoop-common-3.2.2-tests.jar:/home/runner/.m2/repository/org/apache/hadoop/hadoop-hdfs/3.2.2/hadoop-hdfs-3.2.2-tests.jar:/home/runner/.m2/repository/org/eclipse/jetty/jetty-util-ajax/9.4.35.v20201120/jetty-util-ajax-9.4.35.v20201120.jar:/home/runner/.m2/repository/commons-daemon/commons-daemon/1.0.13/commons-daemon-1.0.13.jar:/home/runner/.m2/repository/io/netty/netty/3.10.6.Final/netty-3.10.6.Final.jar:/home/runner/.m2/repository/io/netty/netty-all/4.1.63.Final/netty-all-4.1.63.Final.jar:/home/runner/.m2/repository/org/apache/htrace/htrace-core4/4.1.0-incubating/htrace-core4-4.1.0-incubating.jar:/home/runner/.m2/repository/org/fusesource/leveldbjni/leveldbjni-all/1.8/leveldbjni-all-1.8.jar:/home/runner/.m2/repository/org/apache/hadoop/hadoop-distcp/3.2.2/hadoop-distcp-3.2.2.jar:/home/runner/.m2/repository/org/apache/hadoop/hadoop-mapreduce-client-jobclient/3.2.2/hadoop-mapreduce-client-jobclient-3.2.2.jar:/home/runner/.m2/repository/org/apache/hadoop/hadoop-mapreduce-client-common/3.2.2/hadoop-mapreduce-client-common-3.2.2.jar:/home/runner/.m2/repository/org/apache/hadoop/hadoop-yarn-common/3.2.2/hadoop-yarn-common-3.2.2.jar:/home/runner/.m2/repository/org/apache/hadoop/hadoop-yarn-api/3.2.2/hadoop-yarn-api-3.2.2.jar:/home/runner/.m2/repository/com/sun/jersey/jersey-client/1.19/jersey-client-1.19.jar:/home/runner/.m2/repository/com/sun/jersey/contribs/jersey-guice/1.19/jersey-guice-1.19.jar:/home/runner/.m2/repository/com/fasterxml/jackson/jaxrs/jackson-jaxrs-json-provider/2.12.1/jackson-jaxrs-json-provider-2.12.1.jar:/home/runner/.m2/repository/com/fasterxml/jackson/jaxrs/jackson-jaxrs-base/2.12.1/jackson-jaxrs-base-2.12.1.jar:/home/runner/.m2/repository/org/apache/hadoop/hadoop-yarn-client/3.2.2/hadoop-yarn-client-3.2.2.jar:/home/runner/.m2/repository/org/apache/hadoop/hadoop-mapreduce-client-core/3.2.2/hadoop-mapreduce-client-core-3.2.2.jar:/home/runner/.m2/repository/org/apache/avro/avro/1.7.7/avro-1.7.7.jar:/home/runner/.m2/repository/org/codehaus/jackson/jackson-core-asl/1.9.13/jackson-core-asl-1.9.13.jar:/home/runner/.m2/repository/org/codehaus/jackson/jackson-mapper-asl/1.9.13/jackson-mapper-asl-1.9.13.jar:/home/runner/.m2/repository/com/thoughtworks/paranamer/paranamer/2.3/paranamer-2.3.jar:/home/runner/.m2/repository/org/xerial/snappy/snappy-java/1.0.5/snappy-java-1.0.5.jar:/home/runner/.m2/repository/org/apache/hadoop/hadoop-annotations/3.2.2/hadoop-annotations-3.2.2.jar:/usr/lib/jvm/adoptopenjdk-8-hotspot-amd64/jre/../lib/tools.jar:/home/runner/.m2/repository/org/apache/hadoop/hadoop-distcp/3.2.2/hadoop-distcp-3.2.2-tests.jar:"/>
    <property name="java.vm.vendor" value="AdoptOpenJDK"/>
    <property name="sun.arch.data.model" value="64"/>
    <property name="test.build.dir" value="/home/runner/work/ozone/ozone/mnt/ozone/hadoop-ozone/integration-test/target/test-dir"/>
    <property name="test.cache.data" value=""/>
    <property name="java.vendor.url" value="https://adoptopenjdk.net/"/>
    <property name="user.timezone" value=""/>
    <property name="java.vm.specification.version" value="1.8"/>
    <property name="os.name" value="Linux"/>
    <property name="test.build.data" value="/home/runner/work/ozone/ozone/mnt/ozone/hadoop-ozone/integration-test/target/test-dir"/>
    <property name="sun.java.launcher" value="SUN_STANDARD"/>
    <property name="sun.boot.library.path" value="/usr/lib/jvm/adoptopenjdk-8-hotspot-amd64/jre/lib/amd64"/>
    <property name="sun.java.command" value="/home/runner/work/ozone/ozone/mnt/ozone/hadoop-ozone/integration-test/target/surefire/surefirebooter2613977392228262653.jar /home/runner/work/ozone/ozone/mnt/ozone/hadoop-ozone/integration-test/target/surefire 2021-07-01T00-53-26_198-jvmRun1 surefire6661216740608540415tmp surefire_8767497452628960463tmp"/>
    <property name="surefire.test.class.path" value="/home/runner/work/ozone/ozone/mnt/ozone/hadoop-ozone/integration-test/target/test-classes:/home/runner/work/ozone/ozone/mnt/ozone/hadoop-ozone/integration-test/target/classes:/home/runner/.m2/repository/org/apache/ozone/ozone-common/1.2.0-SNAPSHOT/ozone-common-1.2.0-SNAPSHOT.jar:/home/runner/.m2/repository/org/apache/commons/commons-compress/1.20/commons-compress-1.20.jar:/home/runner/.m2/repository/org/apache/ozone/hdds-common/1.2.0-SNAPSHOT/hdds-common-1.2.0-SNAPSHOT.jar:/home/runner/.m2/repository/org/apache/ozone/hdds-client/1.2.0-SNAPSHOT/hdds-client-1.2.0-SNAPSHOT.jar:/home/runner/.m2/repository/org/apache/ozone/ozone-interface-client/1.2.0-SNAPSHOT/ozone-interface-client-1.2.0-SNAPSHOT.jar:/home/runner/.m2/repository/org/apache/ozone/hdds-test-utils/1.2.0-SNAPSHOT/hdds-test-utils-1.2.0-SNAPSHOT.jar:/home/runner/.m2/repository/com/google/guava/guava/30.1.1-jre/guava-30.1.1-jre.jar:/home/runner/.m2/repository/com/google/guava/failureaccess/1.0.1/failureaccess-1.0.1.jar:/home/runner/.m2/repository/com/google/guava/listenablefuture/9999.0-empty-to-avoid-conflict-with-guava/listenablefuture-9999.0-empty-to-avoid-conflict-with-guava.jar:/home/runner/.m2/repository/com/google/code/findbugs/jsr305/3.0.0/jsr305-3.0.0.jar:/home/runner/.m2/repository/org/checkerframework/checker-qual/3.8.0/checker-qual-3.8.0.jar:/home/runner/.m2/repository/com/google/errorprone/error_prone_annotations/2.2.0/error_prone_annotations-2.2.0.jar:/home/runner/.m2/repository/com/google/j2objc/j2objc-annotations/1.3/j2objc-annotations-1.3.jar:/home/runner/.m2/repository/commons-io/commons-io/2.8.0/commons-io-2.8.0.jar:/home/runner/.m2/repository/commons-logging/commons-logging/1.2/commons-logging-1.2.jar:/home/runner/.m2/repository/log4j/log4j/1.2.17/log4j-1.2.17.jar:/home/runner/.m2/repository/org/slf4j/slf4j-api/1.7.30/slf4j-api-1.7.30.jar:/home/runner/.m2/repository/org/apache/ozone/hdds-server-scm/1.2.0-SNAPSHOT/hdds-server-scm-1.2.0-SNAPSHOT.jar:/home/runner/.m2/repository/org/apache/ozone/hdds-container-service/1.2.0-SNAPSHOT/hdds-container-service-1.2.0-SNAPSHOT.jar:/home/runner/.m2/repository/org/apache/ozone/hdds-hadoop-dependency-server/1.2.0-SNAPSHOT/hdds-hadoop-dependency-server-1.2.0-SNAPSHOT.jar:/home/runner/.m2/repository/org/apache/hadoop/hadoop-hdfs/3.2.2/hadoop-hdfs-3.2.2.jar:/home/runner/.m2/repository/org/apache/ozone/hdds-server-framework/1.2.0-SNAPSHOT/hdds-server-framework-1.2.0-SNAPSHOT.jar:/home/runner/.m2/repository/org/apache/ozone/hdds-interface-server/1.2.0-SNAPSHOT/hdds-interface-server-1.2.0-SNAPSHOT.jar:/home/runner/.m2/repository/org/eclipse/jetty/jetty-servlet/9.4.35.v20201120/jetty-servlet-9.4.35.v20201120.jar:/home/runner/.m2/repository/org/eclipse/jetty/jetty-security/9.4.35.v20201120/jetty-security-9.4.35.v20201120.jar:/home/runner/.m2/repository/org/rocksdb/rocksdbjni/6.20.3/rocksdbjni-6.20.3.jar:/home/runner/.m2/repository/io/prometheus/simpleclient_dropwizard/0.7.0/simpleclient_dropwizard-0.7.0.jar:/home/runner/.m2/repository/io/prometheus/simpleclient/0.7.0/simpleclient-0.7.0.jar:/home/runner/.m2/repository/io/prometheus/simpleclient_common/0.7.0/simpleclient_common-0.7.0.jar:/home/runner/.m2/repository/com/fasterxml/jackson/datatype/jackson-datatype-jsr310/2.12.1/jackson-datatype-jsr310-2.12.1.jar:/home/runner/.m2/repository/io/dropwizard/metrics/metrics-core/3.2.4/metrics-core-3.2.4.jar:/home/runner/.m2/repository/org/apache/hadoop/hadoop-hdfs-client/3.2.2/hadoop-hdfs-client-3.2.2.jar:/home/runner/.m2/repository/org/bouncycastle/bcprov-jdk15on/1.67/bcprov-jdk15on-1.67.jar:/home/runner/.m2/repository/com/google/protobuf/protobuf-java/2.5.0/protobuf-java-2.5.0.jar:/home/runner/.m2/repository/org/apache/ozone/ozone-manager/1.2.0-SNAPSHOT/ozone-manager-1.2.0-SNAPSHOT.jar:/home/runner/.m2/repository/org/apache/ozone/hdds-interface-client/1.2.0-SNAPSHOT/hdds-interface-client-1.2.0-SNAPSHOT.jar:/home/runner/.m2/repository/org/apache/ratis/ratis-thirdparty-misc/0.7.0-a398b19-SNAPSHOT/ratis-thirdparty-misc-0.7.0-a398b19-SNAPSHOT.jar:/home/runner/.m2/repository/org/apache/ozone/ozone-interface-storage/1.2.0-SNAPSHOT/ozone-interface-storage-1.2.0-SNAPSHOT.jar:/home/runner/.m2/repository/org/apache/hadoop/hadoop-minikdc/3.2.2/hadoop-minikdc-3.2.2.jar:/home/runner/.m2/repository/org/apache/kerby/kerb-simplekdc/1.0.1/kerb-simplekdc-1.0.1.jar:/home/runner/.m2/repository/org/apache/kerby/kerb-client/1.0.1/kerb-client-1.0.1.jar:/home/runner/.m2/repository/org/apache/kerby/kerby-config/1.0.1/kerby-config-1.0.1.jar:/home/runner/.m2/repository/org/apache/kerby/kerb-core/1.0.1/kerb-core-1.0.1.jar:/home/runner/.m2/repository/org/apache/kerby/kerby-pkix/1.0.1/kerby-pkix-1.0.1.jar:/home/runner/.m2/repository/org/apache/kerby/kerby-asn1/1.0.1/kerby-asn1-1.0.1.jar:/home/runner/.m2/repository/org/apache/kerby/kerby-util/1.0.1/kerby-util-1.0.1.jar:/home/runner/.m2/repository/org/apache/kerby/kerb-common/1.0.1/kerb-common-1.0.1.jar:/home/runner/.m2/repository/org/apache/kerby/kerb-crypto/1.0.1/kerb-crypto-1.0.1.jar:/home/runner/.m2/repository/org/apache/kerby/kerb-util/1.0.1/kerb-util-1.0.1.jar:/home/runner/.m2/repository/org/apache/kerby/token-provider/1.0.1/token-provider-1.0.1.jar:/home/runner/.m2/repository/org/apache/kerby/kerb-admin/1.0.1/kerb-admin-1.0.1.jar:/home/runner/.m2/repository/org/apache/kerby/kerb-server/1.0.1/kerb-server-1.0.1.jar:/home/runner/.m2/repository/org/apache/kerby/kerb-identity/1.0.1/kerb-identity-1.0.1.jar:/home/runner/.m2/repository/org/apache/kerby/kerby-xdr/1.0.1/kerby-xdr-1.0.1.jar:/home/runner/.m2/repository/org/slf4j/slf4j-log4j12/1.7.30/slf4j-log4j12-1.7.30.jar:/home/runner/.m2/repository/org/apache/ozone/ozone-s3gateway/1.2.0-SNAPSHOT/ozone-s3gateway-1.2.0-SNAPSHOT.jar:/home/runner/.m2/repository/org/jboss/weld/servlet/weld-servlet/2.4.7.Final/weld-servlet-2.4.7.Final.jar:/home/runner/.m2/repository/org/glassfish/jersey/containers/jersey-container-servlet-core/2.33/jersey-container-servlet-core-2.33.jar:/home/runner/.m2/repository/org/glassfish/hk2/external/jakarta.inject/2.6.1/jakarta.inject-2.6.1.jar:/home/runner/.m2/repository/org/glassfish/jersey/core/jersey-common/2.33/jersey-common-2.33.jar:/home/runner/.m2/repository/jakarta/ws/rs/jakarta.ws.rs-api/2.1.6/jakarta.ws.rs-api-2.1.6.jar:/home/runner/.m2/repository/org/glassfish/jersey/ext/cdi/jersey-cdi1x/2.33/jersey-cdi1x-2.33.jar:/home/runner/.m2/repository/org/glassfish/jersey/inject/jersey-hk2/2.33/jersey-hk2-2.33.jar:/home/runner/.m2/repository/org/glassfish/hk2/hk2-locator/2.6.1/hk2-locator-2.6.1.jar:/home/runner/.m2/repository/org/javassist/javassist/3.25.0-GA/javassist-3.25.0-GA.jar:/home/runner/.m2/repository/org/glassfish/jersey/media/jersey-media-jaxb/2.33/jersey-media-jaxb-2.33.jar:/home/runner/.m2/repository/org/glassfish/hk2/osgi-resource-locator/1.0.3/osgi-resource-locator-1.0.3.jar:/home/runner/.m2/repository/org/glassfish/hk2/hk2-api/2.5.0/hk2-api-2.5.0.jar:/home/runner/.m2/repository/org/glassfish/hk2/hk2-utils/2.5.0/hk2-utils-2.5.0.jar:/home/runner/.m2/repository/org/glassfish/hk2/external/aopalliance-repackaged/2.5.0/aopalliance-repackaged-2.5.0.jar:/home/runner/.m2/repository/com/fasterxml/jackson/dataformat/jackson-dataformat-xml/2.12.1/jackson-dataformat-xml-2.12.1.jar:/home/runner/.m2/repository/com/fasterxml/jackson/core/jackson-core/2.12.1/jackson-core-2.12.1.jar:/home/runner/.m2/repository/com/fasterxml/jackson/module/jackson-module-jaxb-annotations/2.12.1/jackson-module-jaxb-annotations-2.12.1.jar:/home/runner/.m2/repository/jakarta/xml/bind/jakarta.xml.bind-api/2.3.2/jakarta.xml.bind-api-2.3.2.jar:/home/runner/.m2/repository/jakarta/activation/jakarta.activation-api/1.2.1/jakarta.activation-api-1.2.1.jar:/home/runner/.m2/repository/org/codehaus/woodstox/stax2-api/3.1.4/stax2-api-3.1.4.jar:/home/runner/.m2/repository/com/fasterxml/woodstox/woodstox-core/5.0.3/woodstox-core-5.0.3.jar:/home/runner/.m2/repository/javax/enterprise/cdi-api/1.2/cdi-api-1.2.jar:/home/runner/.m2/repository/javax/el/javax.el-api/3.0.0/javax.el-api-3.0.0.jar:/home/runner/.m2/repository/javax/interceptor/javax.interceptor-api/1.2/javax.interceptor-api-1.2.jar:/home/runner/.m2/repository/javax/inject/javax.inject/1/javax.inject-1.jar:/home/runner/.m2/repository/javax/xml/bind/jaxb-api/2.3.0/jaxb-api-2.3.0.jar:/home/runner/.m2/repository/org/glassfish/jaxb/jaxb-runtime/2.3.0.1/jaxb-runtime-2.3.0.1.jar:/home/runner/.m2/repository/org/glassfish/jaxb/jaxb-core/2.3.0.1/jaxb-core-2.3.0.1.jar:/home/runner/.m2/repository/org/glassfish/jaxb/txw2/2.3.0.1/txw2-2.3.0.1.jar:/home/runner/.m2/repository/com/sun/istack/istack-commons-runtime/3.0.5/istack-commons-runtime-3.0.5.jar:/home/runner/.m2/repository/org/jvnet/staxex/stax-ex/1.7.8/stax-ex-1.7.8.jar:/home/runner/.m2/repository/com/sun/xml/fastinfoset/FastInfoset/1.2.13/FastInfoset-1.2.13.jar:/home/runner/.m2/repository/javax/activation/activation/1.1.1/activation-1.1.1.jar:/home/runner/.m2/repository/org/apache/ozone/ozone-csi/1.2.0-SNAPSHOT/ozone-csi-1.2.0-SNAPSHOT.jar:/home/runner/.m2/repository/com/google/protobuf/protobuf-java-util/3.12.0/protobuf-java-util-3.12.0.jar:/home/runner/.m2/repository/com/google/code/gson/gson/2.2.4/gson-2.2.4.jar:/home/runner/.m2/repository/org/apache/ozone/hdds-config/1.2.0-SNAPSHOT/hdds-config-1.2.0-SNAPSHOT.jar:/home/runner/.m2/repository/io/grpc/grpc-netty/1.33.0/grpc-netty-1.33.0.jar:/home/runner/.m2/repository/io/grpc/grpc-core/1.33.0/grpc-core-1.33.0.jar:/home/runner/.m2/repository/com/google/android/annotations/4.1.1.4/annotations-4.1.1.4.jar:/home/runner/.m2/repository/io/netty/netty-codec-http2/4.1.63.Final/netty-codec-http2-4.1.63.Final.jar:/home/runner/.m2/repository/io/netty/netty-codec-http/4.1.63.Final/netty-codec-http-4.1.63.Final.jar:/home/runner/.m2/repository/io/netty/netty-handler-proxy/4.1.63.Final/netty-handler-proxy-4.1.63.Final.jar:/home/runner/.m2/repository/io/netty/netty-codec-socks/4.1.63.Final/netty-codec-socks-4.1.63.Final.jar:/home/runner/.m2/repository/io/perfmark/perfmark-api/0.19.0/perfmark-api-0.19.0.jar:/home/runner/.m2/repository/org/codehaus/mojo/animal-sniffer-annotations/1.18/animal-sniffer-annotations-1.18.jar:/home/runner/.m2/repository/io/netty/netty-transport-native-epoll/4.1.63.Final/netty-transport-native-epoll-4.1.63.Final.jar:/home/runner/.m2/repository/io/netty/netty-common/4.1.63.Final/netty-common-4.1.63.Final.jar:/home/runner/.m2/repository/io/netty/netty-buffer/4.1.63.Final/netty-buffer-4.1.63.Final.jar:/home/runner/.m2/repository/io/netty/netty-transport-native-unix-common/4.1.63.Final/netty-transport-native-unix-common-4.1.63.Final.jar:/home/runner/.m2/repository/io/grpc/grpc-protobuf/1.33.0/grpc-protobuf-1.33.0.jar:/home/runner/.m2/repository/io/grpc/grpc-api/1.33.0/grpc-api-1.33.0.jar:/home/runner/.m2/repository/io/grpc/grpc-context/1.33.0/grpc-context-1.33.0.jar:/home/runner/.m2/repository/com/google/api/grpc/proto-google-common-protos/1.17.0/proto-google-common-protos-1.17.0.jar:/home/runner/.m2/repository/io/grpc/grpc-protobuf-lite/1.33.0/grpc-protobuf-lite-1.33.0.jar:/home/runner/.m2/repository/io/grpc/grpc-stub/1.33.0/grpc-stub-1.33.0.jar:/home/runner/.m2/repository/org/apache/ozone/ozone-recon/1.2.0-SNAPSHOT/ozone-recon-1.2.0-SNAPSHOT.jar:/home/runner/.m2/repository/org/apache/ozone/ozone-reconcodegen/1.2.0-SNAPSHOT/ozone-reconcodegen-1.2.0-SNAPSHOT.jar:/home/runner/.m2/repository/com/google/inject/extensions/guice-multibindings/4.0/guice-multibindings-4.0.jar:/home/runner/.m2/repository/com/google/inject/guice/4.0/guice-4.0.jar:/home/runner/.m2/repository/aopalliance/aopalliance/1.0/aopalliance-1.0.jar:/home/runner/.m2/repository/com/google/inject/extensions/guice-assistedinject/4.0/guice-assistedinject-4.0.jar:/home/runner/.m2/repository/com/google/inject/extensions/guice-servlet/4.0/guice-servlet-4.0.jar:/home/runner/.m2/repository/org/glassfish/jersey/containers/jersey-container-servlet/2.33/jersey-container-servlet-2.33.jar:/home/runner/.m2/repository/org/glassfish/hk2/guice-bridge/2.5.0/guice-bridge-2.5.0.jar:/home/runner/.m2/repository/org/glassfish/jersey/core/jersey-server/2.33/jersey-server-2.33.jar:/home/runner/.m2/repository/org/glassfish/jersey/core/jersey-client/2.33/jersey-client-2.33.jar:/home/runner/.m2/repository/jakarta/annotation/jakarta.annotation-api/1.3.5/jakarta.annotation-api-1.3.5.jar:/home/runner/.m2/repository/jakarta/validation/jakarta.validation-api/2.0.2/jakarta.validation-api-2.0.2.jar:/home/runner/.m2/repository/org/glassfish/jersey/media/jersey-media-json-jackson/2.33/jersey-media-json-jackson-2.33.jar:/home/runner/.m2/repository/org/glassfish/jersey/ext/jersey-entity-filtering/2.33/jersey-entity-filtering-2.33.jar:/home/runner/.m2/repository/org/jooq/jooq/3.11.10/jooq-3.11.10.jar:/home/runner/.m2/repository/org/jooq/jooq-meta/3.11.10/jooq-meta-3.11.10.jar:/home/runner/.m2/repository/org/jooq/jooq-codegen/3.11.10/jooq-codegen-3.11.10.jar:/home/runner/.m2/repository/com/jolbox/bonecp/0.8.0.RELEASE/bonecp-0.8.0.RELEASE.jar:/home/runner/.m2/repository/org/apache/derby/derby/10.14.2.0/derby-10.14.2.0.jar:/home/runner/.m2/repository/org/xerial/sqlite-jdbc/3.25.2/sqlite-jdbc-3.25.2.jar:/home/runner/.m2/repository/org/springframework/spring-jdbc/5.2.11.RELEASE/spring-jdbc-5.2.11.RELEASE.jar:/home/runner/.m2/repository/org/springframework/spring-beans/5.2.11.RELEASE/spring-beans-5.2.11.RELEASE.jar:/home/runner/.m2/repository/org/springframework/spring-core/5.2.11.RELEASE/spring-core-5.2.11.RELEASE.jar:/home/runner/.m2/repository/org/springframework/spring-jcl/5.2.11.RELEASE/spring-jcl-5.2.11.RELEASE.jar:/home/runner/.m2/repository/org/springframework/spring-tx/5.2.11.RELEASE/spring-tx-5.2.11.RELEASE.jar:/home/runner/.m2/repository/org/apache/ozone/ozone-client/1.2.0-SNAPSHOT/ozone-client-1.2.0-SNAPSHOT.jar:/home/runner/.m2/repository/org/apache/ozone/ozone-filesystem/1.2.0-SNAPSHOT/ozone-filesystem-1.2.0-SNAPSHOT.jar:/home/runner/.m2/repository/org/apache/ozone/ozone-filesystem-common/1.2.0-SNAPSHOT/ozone-filesystem-common-1.2.0-SNAPSHOT.jar:/home/runner/.m2/repository/org/apache/ozone/ozone-tools/1.2.0-SNAPSHOT/ozone-tools-1.2.0-SNAPSHOT.jar:/home/runner/.m2/repository/org/apache/ratis/ratis-tools/2.1.0-ff8aa66-SNAPSHOT/ratis-tools-2.1.0-ff8aa66-SNAPSHOT.jar:/home/runner/.m2/repository/org/apache/ratis/ratis-proto/2.1.0-ff8aa66-SNAPSHOT/ratis-proto-2.1.0-ff8aa66-SNAPSHOT.jar:/home/runner/.m2/repository/org/apache/ratis/ratis-common/2.1.0-ff8aa66-SNAPSHOT/ratis-common-2.1.0-ff8aa66-SNAPSHOT.jar:/home/runner/.m2/repository/com/amazonaws/aws-java-sdk-core/1.11.901/aws-java-sdk-core-1.11.901.jar:/home/runner/.m2/repository/org/apache/httpcomponents/httpclient/4.5.13/httpclient-4.5.13.jar:/home/runner/.m2/repository/org/apache/httpcomponents/httpcore/4.4.13/httpcore-4.4.13.jar:/home/runner/.m2/repository/software/amazon/ion/ion-java/1.0.2/ion-java-1.0.2.jar:/home/runner/.m2/repository/com/fasterxml/jackson/dataformat/jackson-dataformat-cbor/2.12.1/jackson-dataformat-cbor-2.12.1.jar:/home/runner/.m2/repository/joda-time/joda-time/2.8.1/joda-time-2.8.1.jar:/home/runner/.m2/repository/com/amazonaws/aws-java-sdk-s3/1.11.901/aws-java-sdk-s3-1.11.901.jar:/home/runner/.m2/repository/com/amazonaws/aws-java-sdk-kms/1.11.901/aws-java-sdk-kms-1.11.901.jar:/home/runner/.m2/repository/com/amazonaws/jmespath-java/1.11.901/jmespath-java-1.11.901.jar:/home/runner/.m2/repository/org/kohsuke/metainf-services/metainf-services/1.8/metainf-services-1.8.jar:/home/runner/.m2/repository/org/apache/ozone/hdds-tools/1.2.0-SNAPSHOT/hdds-tools-1.2.0-SNAPSHOT.jar:/home/runner/.m2/repository/commons-cli/commons-cli/1.2/commons-cli-1.2.jar:/home/runner/.m2/repository/org/apache/commons/commons-lang3/3.7/commons-lang3-3.7.jar:/home/runner/.m2/repository/org/apache/ozone/ozone-manager/1.2.0-SNAPSHOT/ozone-manager-1.2.0-SNAPSHOT-tests.jar:/home/runner/.m2/repository/org/apache/ozone/hdds-common/1.2.0-SNAPSHOT/hdds-common-1.2.0-SNAPSHOT-tests.jar:/home/runner/.m2/repository/org/apache/ozone/hdds-hadoop-dependency-client/1.2.0-SNAPSHOT/hdds-hadoop-dependency-client-1.2.0-SNAPSHOT.jar:/home/runner/.m2/repository/info/picocli/picocli/4.4.0/picocli-4.4.0.jar:/home/runner/.m2/repository/com/fasterxml/jackson/core/jackson-annotations/2.12.1/jackson-annotations-2.12.1.jar:/home/runner/.m2/repository/javax/annotation/javax.annotation-api/1.2/javax.annotation-api-1.2.jar:/home/runner/.m2/repository/org/apache/ratis/ratis-server/2.1.0-ff8aa66-SNAPSHOT/ratis-server-2.1.0-ff8aa66-SNAPSHOT.jar:/home/runner/.m2/repository/org/apache/ratis/ratis-client/2.1.0-ff8aa66-SNAPSHOT/ratis-client-2.1.0-ff8aa66-SNAPSHOT.jar:/home/runner/.m2/repository/org/apache/ratis/ratis-server-api/2.1.0-ff8aa66-SNAPSHOT/ratis-server-api-2.1.0-ff8aa66-SNAPSHOT.jar:/home/runner/.m2/repository/org/apache/ratis/ratis-metrics/2.1.0-ff8aa66-SNAPSHOT/ratis-metrics-2.1.0-ff8aa66-SNAPSHOT.jar:/home/runner/.m2/repository/org/apache/ratis/ratis-netty/2.1.0-ff8aa66-SNAPSHOT/ratis-netty-2.1.0-ff8aa66-SNAPSHOT.jar:/home/runner/.m2/repository/org/apache/ratis/ratis-grpc/2.1.0-ff8aa66-SNAPSHOT/ratis-grpc-2.1.0-ff8aa66-SNAPSHOT.jar:/home/runner/.m2/repository/org/apache/logging/log4j/log4j-api/2.13.3/log4j-api-2.13.3.jar:/home/runner/.m2/repository/org/apache/logging/log4j/log4j-core/2.13.3/log4j-core-2.13.3.jar:/home/runner/.m2/repository/com/lmax/disruptor/3.4.2/disruptor-3.4.2.jar:/home/runner/.m2/repository/org/apache/commons/commons-pool2/2.6.0/commons-pool2-2.6.0.jar:/home/runner/.m2/repository/org/bouncycastle/bcpkix-jdk15on/1.67/bcpkix-jdk15on-1.67.jar:/home/runner/.m2/repository/commons-validator/commons-validator/1.6/commons-validator-1.6.jar:/home/runner/.m2/repository/commons-beanutils/commons-beanutils/1.9.4/commons-beanutils-1.9.4.jar:/home/runner/.m2/repository/commons-digester/commons-digester/1.8.1/commons-digester-1.8.1.jar:/home/runner/.m2/repository/commons-collections/commons-collections/3.2.2/commons-collections-3.2.2.jar:/home/runner/.m2/repository/io/jaegertracing/jaeger-client/1.6.0/jaeger-client-1.6.0.jar:/home/runner/.m2/repository/io/jaegertracing/jaeger-thrift/1.6.0/jaeger-thrift-1.6.0.jar:/home/runner/.m2/repository/org/apache/thrift/libthrift/0.14.1/libthrift-0.14.1.jar:/home/runner/.m2/repository/com/squareup/okhttp3/okhttp/4.9.0/okhttp-4.9.0.jar:/home/runner/.m2/repository/com/squareup/okio/okio/2.8.0/okio-2.8.0.jar:/home/runner/.m2/repository/io/jaegertracing/jaeger-core/1.6.0/jaeger-core-1.6.0.jar:/home/runner/.m2/repository/io/jaegertracing/jaeger-tracerresolver/1.6.0/jaeger-tracerresolver-1.6.0.jar:/home/runner/.m2/repository/io/opentracing/contrib/opentracing-tracerresolver/0.1.8/opentracing-tracerresolver-0.1.8.jar:/home/runner/.m2/repository/org/jetbrains/kotlin/kotlin-stdlib/1.4.31/kotlin-stdlib-1.4.31.jar:/home/runner/.m2/repository/org/jetbrains/kotlin/kotlin-stdlib-common/1.4.31/kotlin-stdlib-common-1.4.31.jar:/home/runner/.m2/repository/org/jetbrains/annotations/13.0/annotations-13.0.jar:/home/runner/.m2/repository/io/opentracing/opentracing-util/0.33.0/opentracing-util-0.33.0.jar:/home/runner/.m2/repository/io/opentracing/opentracing-api/0.33.0/opentracing-api-0.33.0.jar:/home/runner/.m2/repository/io/opentracing/opentracing-noop/0.33.0/opentracing-noop-0.33.0.jar:/home/runner/.m2/repository/org/yaml/snakeyaml/1.26/snakeyaml-1.26.jar:/home/runner/.m2/repository/org/apache/ozone/hdds-interface-admin/1.2.0-SNAPSHOT/hdds-interface-admin-1.2.0-SNAPSHOT.jar:/home/runner/.m2/repository/junit/junit/4.13.1/junit-4.13.1.jar:/home/runner/.m2/repository/org/hamcrest/hamcrest-core/1.3/hamcrest-core-1.3.jar:/home/runner/.m2/repository/org/junit/jupiter/junit-jupiter-api/5.7.0/junit-jupiter-api-5.7.0.jar:/home/runner/.m2/repository/org/apiguardian/apiguardian-api/1.1.0/apiguardian-api-1.1.0.jar:/home/runner/.m2/repository/org/opentest4j/opentest4j/1.2.0/opentest4j-1.2.0.jar:/home/runner/.m2/repository/org/junit/platform/junit-platform-commons/1.7.0/junit-platform-commons-1.7.0.jar:/home/runner/.m2/repository/org/junit/jupiter/junit-jupiter-engine/5.7.0/junit-jupiter-engine-5.7.0.jar:/home/runner/.m2/repository/org/junit/platform/junit-platform-engine/1.7.0/junit-platform-engine-1.7.0.jar:/home/runner/.m2/repository/org/junit/vintage/junit-vintage-engine/5.7.0/junit-vintage-engine-5.7.0.jar:/home/runner/.m2/repository/org/junit/platform/junit-platform-launcher/1.7.0/junit-platform-launcher-1.7.0.jar:/home/runner/.m2/repository/org/openjdk/jmh/jmh-core/1.19/jmh-core-1.19.jar:/home/runner/.m2/repository/net/sf/jopt-simple/jopt-simple/4.6/jopt-simple-4.6.jar:/home/runner/.m2/repository/org/apache/commons/commons-math3/3.1.1/commons-math3-3.1.1.jar:/home/runner/.m2/repository/org/openjdk/jmh/jmh-generator-annprocess/1.19/jmh-generator-annprocess-1.19.jar:/home/runner/.m2/repository/org/mockito/mockito-all/1.8.5/mockito-all-1.8.5.jar:/home/runner/.m2/repository/org/apache/hadoop/hadoop-kms/3.2.2/hadoop-kms-3.2.2.jar:/home/runner/.m2/repository/org/apache/hadoop/hadoop-auth/3.2.2/hadoop-auth-3.2.2.jar:/home/runner/.m2/repository/com/nimbusds/nimbus-jose-jwt/7.9/nimbus-jose-jwt-7.9.jar:/home/runner/.m2/repository/com/github/stephenc/jcip/jcip-annotations/1.0-1/jcip-annotations-1.0-1.jar:/home/runner/.m2/repository/net/minidev/json-smart/2.3/json-smart-2.3.jar:/home/runner/.m2/repository/net/minidev/accessors-smart/1.2/accessors-smart-1.2.jar:/home/runner/.m2/repository/org/ow2/asm/asm/5.0.4/asm-5.0.4.jar:/home/runner/.m2/repository/org/apache/zookeeper/zookeeper/3.4.13/zookeeper-3.4.13.jar:/home/runner/.m2/repository/org/apache/yetus/audience-annotations/0.5.0/audience-annotations-0.5.0.jar:/home/runner/.m2/repository/org/apache/curator/curator-framework/2.13.0/curator-framework-2.13.0.jar:/home/runner/.m2/repository/com/sun/jersey/jersey-core/1.19/jersey-core-1.19.jar:/home/runner/.m2/repository/javax/ws/rs/jsr311-api/1.1.1/jsr311-api-1.1.1.jar:/home/runner/.m2/repository/com/sun/jersey/jersey-server/1.19/jersey-server-1.19.jar:/home/runner/.m2/repository/javax/servlet/javax.servlet-api/3.1.0/javax.servlet-api-3.1.0.jar:/home/runner/.m2/repository/org/eclipse/jetty/jetty-server/9.4.35.v20201120/jetty-server-9.4.35.v20201120.jar:/home/runner/.m2/repository/org/eclipse/jetty/jetty-http/9.4.35.v20201120/jetty-http-9.4.35.v20201120.jar:/home/runner/.m2/repository/org/eclipse/jetty/jetty-io/9.4.35.v20201120/jetty-io-9.4.35.v20201120.jar:/home/runner/.m2/repository/org/eclipse/jetty/jetty-webapp/9.4.35.v20201120/jetty-webapp-9.4.35.v20201120.jar:/home/runner/.m2/repository/org/eclipse/jetty/jetty-xml/9.4.35.v20201120/jetty-xml-9.4.35.v20201120.jar:/home/runner/.m2/repository/org/apache/hadoop/hadoop-common/3.2.2/hadoop-common-3.2.2.jar:/home/runner/.m2/repository/commons-net/commons-net/3.6/commons-net-3.6.jar:/home/runner/.m2/repository/javax/activation/javax.activation-api/1.2.0/javax.activation-api-1.2.0.jar:/home/runner/.m2/repository/com/sun/jersey/jersey-servlet/1.19/jersey-servlet-1.19.jar:/home/runner/.m2/repository/com/sun/jersey/jersey-json/1.19/jersey-json-1.19.jar:/home/runner/.m2/repository/org/codehaus/jettison/jettison/1.1/jettison-1.1.jar:/home/runner/.m2/repository/com/sun/xml/bind/jaxb-impl/2.2.3-1/jaxb-impl-2.2.3-1.jar:/home/runner/.m2/repository/org/codehaus/jackson/jackson-jaxrs/1.9.2/jackson-jaxrs-1.9.2.jar:/home/runner/.m2/repository/org/codehaus/jackson/jackson-xc/1.9.2/jackson-xc-1.9.2.jar:/home/runner/.m2/repository/org/apache/commons/commons-configuration2/2.1.1/commons-configuration2-2.1.1.jar:/home/runner/.m2/repository/org/apache/commons/commons-text/1.4/commons-text-1.4.jar:/home/runner/.m2/repository/com/google/re2j/re2j/1.1/re2j-1.1.jar:/home/runner/.m2/repository/com/jcraft/jsch/0.1.54/jsch-0.1.54.jar:/home/runner/.m2/repository/org/apache/curator/curator-client/2.13.0/curator-client-2.13.0.jar:/home/runner/.m2/repository/org/apache/curator/curator-recipes/2.13.0/curator-recipes-2.13.0.jar:/home/runner/.m2/repository/dnsjava/dnsjava/2.1.7/dnsjava-2.1.7.jar:/home/runner/.m2/repository/org/slf4j/jul-to-slf4j/1.7.30/jul-to-slf4j-1.7.30.jar:/home/runner/.m2/repository/org/eclipse/jetty/jetty-util/9.4.35.v20201120/jetty-util-9.4.35.v20201120.jar:/home/runner/.m2/repository/com/fasterxml/jackson/core/jackson-databind/2.12.1/jackson-databind-2.12.1.jar:/home/runner/.m2/repository/org/apache/hadoop/hadoop-kms/3.2.2/hadoop-kms-3.2.2-tests.jar:/home/runner/.m2/repository/org/apache/ozone/hdds-server-scm/1.2.0-SNAPSHOT/hdds-server-scm-1.2.0-SNAPSHOT-tests.jar:/home/runner/.m2/repository/org/apache/ozone/hdds-container-service/1.2.0-SNAPSHOT/hdds-container-service-1.2.0-SNAPSHOT-tests.jar:/home/runner/.m2/repository/commons-codec/commons-codec/1.11/commons-codec-1.11.jar:/home/runner/.m2/repository/io/netty/netty-transport/4.1.63.Final/netty-transport-4.1.63.Final.jar:/home/runner/.m2/repository/io/netty/netty-resolver/4.1.63.Final/netty-resolver-4.1.63.Final.jar:/home/runner/.m2/repository/io/netty/netty-codec/4.1.63.Final/netty-codec-4.1.63.Final.jar:/home/runner/.m2/repository/io/netty/netty-handler/4.1.63.Final/netty-handler-4.1.63.Final.jar:/home/runner/.m2/repository/org/apache/ozone/hdds-hadoop-dependency-test/1.2.0-SNAPSHOT/hdds-hadoop-dependency-test-1.2.0-SNAPSHOT.jar:/home/runner/.m2/repository/org/apache/hadoop/hadoop-common/3.2.2/hadoop-common-3.2.2-tests.jar:/home/runner/.m2/repository/org/apache/hadoop/hadoop-hdfs/3.2.2/hadoop-hdfs-3.2.2-tests.jar:/home/runner/.m2/repository/org/eclipse/jetty/jetty-util-ajax/9.4.35.v20201120/jetty-util-ajax-9.4.35.v20201120.jar:/home/runner/.m2/repository/commons-daemon/commons-daemon/1.0.13/commons-daemon-1.0.13.jar:/home/runner/.m2/repository/io/netty/netty/3.10.6.Final/netty-3.10.6.Final.jar:/home/runner/.m2/repository/io/netty/netty-all/4.1.63.Final/netty-all-4.1.63.Final.jar:/home/runner/.m2/repository/org/apache/htrace/htrace-core4/4.1.0-incubating/htrace-core4-4.1.0-incubating.jar:/home/runner/.m2/repository/org/fusesource/leveldbjni/leveldbjni-all/1.8/leveldbjni-all-1.8.jar:/home/runner/.m2/repository/org/apache/hadoop/hadoop-distcp/3.2.2/hadoop-distcp-3.2.2.jar:/home/runner/.m2/repository/org/apache/hadoop/hadoop-mapreduce-client-jobclient/3.2.2/hadoop-mapreduce-client-jobclient-3.2.2.jar:/home/runner/.m2/repository/org/apache/hadoop/hadoop-mapreduce-client-common/3.2.2/hadoop-mapreduce-client-common-3.2.2.jar:/home/runner/.m2/repository/org/apache/hadoop/hadoop-yarn-common/3.2.2/hadoop-yarn-common-3.2.2.jar:/home/runner/.m2/repository/org/apache/hadoop/hadoop-yarn-api/3.2.2/hadoop-yarn-api-3.2.2.jar:/home/runner/.m2/repository/com/sun/jersey/jersey-client/1.19/jersey-client-1.19.jar:/home/runner/.m2/repository/com/sun/jersey/contribs/jersey-guice/1.19/jersey-guice-1.19.jar:/home/runner/.m2/repository/com/fasterxml/jackson/jaxrs/jackson-jaxrs-json-provider/2.12.1/jackson-jaxrs-json-provider-2.12.1.jar:/home/runner/.m2/repository/com/fasterxml/jackson/jaxrs/jackson-jaxrs-base/2.12.1/jackson-jaxrs-base-2.12.1.jar:/home/runner/.m2/repository/org/apache/hadoop/hadoop-yarn-client/3.2.2/hadoop-yarn-client-3.2.2.jar:/home/runner/.m2/repository/org/apache/hadoop/hadoop-mapreduce-client-core/3.2.2/hadoop-mapreduce-client-core-3.2.2.jar:/home/runner/.m2/repository/org/apache/avro/avro/1.7.7/avro-1.7.7.jar:/home/runner/.m2/repository/org/codehaus/jackson/jackson-core-asl/1.9.13/jackson-core-asl-1.9.13.jar:/home/runner/.m2/repository/org/codehaus/jackson/jackson-mapper-asl/1.9.13/jackson-mapper-asl-1.9.13.jar:/home/runner/.m2/repository/com/thoughtworks/paranamer/paranamer/2.3/paranamer-2.3.jar:/home/runner/.m2/repository/org/xerial/snappy/snappy-java/1.0.5/snappy-java-1.0.5.jar:/home/runner/.m2/repository/org/apache/hadoop/hadoop-annotations/3.2.2/hadoop-annotations-3.2.2.jar:/usr/lib/jvm/adoptopenjdk-8-hotspot-amd64/jre/../lib/tools.jar:/home/runner/.m2/repository/org/apache/hadoop/hadoop-distcp/3.2.2/hadoop-distcp-3.2.2-tests.jar:"/>
    <property name="sun.cpu.endian" value="little"/>
    <property name="user.home" value="/home/runner"/>
    <property name="user.language" value="en"/>
    <property name="java.specification.vendor" value="Oracle Corporation"/>
    <property name="java.home" value="/usr/lib/jvm/adoptopenjdk-8-hotspot-amd64/jre"/>
    <property name="java.security.krb5.conf" value="/home/runner/work/ozone/ozone/mnt/ozone/hadoop-ozone/integration-test/target/test-classes/krb5.conf"/>
    <property name="basedir" value="/home/runner/work/ozone/ozone/mnt/ozone/hadoop-ozone/integration-test"/>
    <property name="file.separator" value="/"/>
    <property name="line.separator" value="&#10;"/>
    <property name="java.vm.specification.vendor" value="Oracle Corporation"/>
    <property name="java.specification.name" value="Java Platform API Specification"/>
    <property name="java.awt.graphicsenv" value="sun.awt.X11GraphicsEnvironment"/>
    <property name="skip.installnpx" value="true"/>
    <property name="surefire.real.class.path" value="/home/runner/work/ozone/ozone/mnt/ozone/hadoop-ozone/integration-test/target/surefire/surefirebooter2613977392228262653.jar:/home/runner/.m2/repository/org/jacoco/org.jacoco.agent/0.8.5/org.jacoco.agent-0.8.5-runtime.jar"/>
    <property name="hadoop.log.dir" value="/home/runner/work/ozone/ozone/mnt/ozone/hadoop-ozone/integration-test/target/log"/>
    <property name="sun.boot.class.path" value="/usr/lib/jvm/adoptopenjdk-8-hotspot-amd64/jre/lib/resources.jar:/usr/lib/jvm/adoptopenjdk-8-hotspot-amd64/jre/lib/rt.jar:/usr/lib/jvm/adoptopenjdk-8-hotspot-amd64/jre/lib/sunrsasign.jar:/usr/lib/jvm/adoptopenjdk-8-hotspot-amd64/jre/lib/jsse.jar:/usr/lib/jvm/adoptopenjdk-8-hotspot-amd64/jre/lib/jce.jar:/usr/lib/jvm/adoptopenjdk-8-hotspot-amd64/jre/lib/charsets.jar:/usr/lib/jvm/adoptopenjdk-8-hotspot-amd64/jre/lib/jfr.jar:/usr/lib/jvm/adoptopenjdk-8-hotspot-amd64/jre/classes"/>
    <property name="sun.management.compiler" value="HotSpot 64-Bit Tiered Compilers"/>
    <property name="skip.npx" value="true"/>
    <property name="java.runtime.version" value="1.8.0_292-b10"/>
    <property name="java.net.preferIPv4Stack" value="true"/>
    <property name="user.name" value="runner"/>
    <property name="path.separator" value=":"/>
    <property name="java.security.egd" value="file:///dev/urandom"/>
    <property name="os.version" value="5.4.0-1051-azure"/>
    <property name="java.endorsed.dirs" value="/usr/lib/jvm/adoptopenjdk-8-hotspot-amd64/jre/lib/endorsed"/>
    <property name="java.runtime.name" value="OpenJDK Runtime Environment"/>
    <property name="file.encoding" value="UTF-8"/>
    <property name="java.vm.name" value="OpenJDK 64-Bit Server VM"/>
    <property name="test.build.webapps" value=""/>
    <property name="localRepository" value="/home/runner/.m2/repository"/>
    <property name="java.vendor.url.bug" value="https://github.com/AdoptOpenJDK/openjdk-support/issues"/>
    <property name="java.io.tmpdir" value="/tmp"/>
    <property name="require.test.libhadoop" value=""/>
    <property name="java.version" value="1.8.0_292"/>
    <property name="user.dir" value="/home/runner/work/ozone/ozone/mnt/ozone/hadoop-ozone/integration-test"/>
    <property name="os.arch" value="amd64"/>
    <property name="java.vm.specification.name" value="Java Virtual Machine Specification"/>
    <property name="test.build.classes" value="/home/runner/work/ozone/ozone/mnt/ozone/hadoop-ozone/integration-test/target/test-classes"/>
    <property name="java.awt.printerjob" value="sun.print.PSPrinterJob"/>
    <property name="sun.os.patch.level" value="unknown"/>
    <property name="hadoop.tmp.dir" value="/home/runner/work/ozone/ozone/mnt/ozone/hadoop-ozone/integration-test/target/tmp"/>
    <property name="java.library.path" value="/usr/java/packages/lib/amd64:/usr/lib64:/lib64:/lib:/usr/lib"/>
    <property name="java.vm.info" value="mixed mode"/>
    <property name="java.vendor" value="AdoptOpenJDK"/>
    <property name="java.vm.version" value="25.292-b10"/>
    <property name="java.ext.dirs" value="/usr/lib/jvm/adoptopenjdk-8-hotspot-amd64/jre/lib/ext:/usr/java/packages/lib/ext"/>
    <property name="sun.io.unicode.encoding" value="UnicodeLittle"/>
    <property name="java.class.version" value="52.0"/>
  </properties>
  <testcase name="testWatchForCommitWithKeyWrite" classname="org.apache.hadoop.ozone.client.rpc.TestWatchForCommit" time="61.12"/>
  <testcase name="testWatchForCommitForRetryfailure" classname="org.apache.hadoop.ozone.client.rpc.TestWatchForCommit" time="54.177">
    <error message="org.apache.ratis.protocol.exceptions.AlreadyClosedException: SlidingWindow$Client:client-131A124F4694-&gt;RAFT is closed." type="java.util.concurrent.ExecutionException">java.util.concurrent.ExecutionException: org.apache.ratis.protocol.exceptions.AlreadyClosedException: SlidingWindow$Client:client-131A124F4694->RAFT is closed.
	at java.util.concurrent.CompletableFuture.reportGet(CompletableFuture.java:357)
	at java.util.concurrent.CompletableFuture.get(CompletableFuture.java:1908)
	at org.apache.hadoop.ozone.client.rpc.TestWatchForCommit.testWatchForCommitForRetryfailure(TestWatchForCommit.java:265)
	at sun.reflect.NativeMethodAccessorImpl.invoke0(Native Method)
	at sun.reflect.NativeMethodAccessorImpl.invoke(NativeMethodAccessorImpl.java:62)
	at sun.reflect.DelegatingMethodAccessorImpl.invoke(DelegatingMethodAccessorImpl.java:43)
	at java.lang.reflect.Method.invoke(Method.java:498)
	at org.junit.runners.model.FrameworkMethod$1.runReflectiveCall(FrameworkMethod.java:59)
	at org.junit.internal.runners.model.ReflectiveCallable.run(ReflectiveCallable.java:12)
	at org.junit.runners.model.FrameworkMethod.invokeExplosively(FrameworkMethod.java:56)
	at org.junit.internal.runners.statements.InvokeMethod.evaluate(InvokeMethod.java:17)
	at org.junit.internal.runners.statements.RunBefores.evaluate(RunBefores.java:26)
	at org.junit.internal.runners.statements.RunAfters.evaluate(RunAfters.java:27)
	at org.junit.runners.ParentRunner$3.evaluate(ParentRunner.java:306)
	at org.junit.runners.BlockJUnit4ClassRunner$1.evaluate(BlockJUnit4ClassRunner.java:100)
	at org.junit.runners.ParentRunner.runLeaf(ParentRunner.java:366)
	at org.junit.runners.BlockJUnit4ClassRunner.runChild(BlockJUnit4ClassRunner.java:103)
	at org.junit.runners.BlockJUnit4ClassRunner.runChild(BlockJUnit4ClassRunner.java:63)
	at org.junit.runners.ParentRunner$4.run(ParentRunner.java:331)
	at org.junit.runners.ParentRunner$1.schedule(ParentRunner.java:79)
	at org.junit.runners.ParentRunner.runChildren(ParentRunner.java:329)
	at org.junit.runners.ParentRunner.access$100(ParentRunner.java:66)
	at org.junit.runners.ParentRunner$2.evaluate(ParentRunner.java:293)
	at org.junit.runners.ParentRunner$3.evaluate(ParentRunner.java:306)
	at org.junit.runners.ParentRunner.run(ParentRunner.java:413)
	at org.junit.runner.JUnitCore.run(JUnitCore.java:137)
	at org.junit.runner.JUnitCore.run(JUnitCore.java:115)
	at org.junit.vintage.engine.execution.RunnerExecutor.execute(RunnerExecutor.java:43)
	at java.util.stream.ForEachOps$ForEachOp$OfRef.accept(ForEachOps.java:183)
	at java.util.stream.ReferencePipeline$3$1.accept(ReferencePipeline.java:193)
	at java.util.Iterator.forEachRemaining(Iterator.java:116)
	at java.util.Spliterators$IteratorSpliterator.forEachRemaining(Spliterators.java:1801)
	at java.util.stream.AbstractPipeline.copyInto(AbstractPipeline.java:482)
	at java.util.stream.AbstractPipeline.wrapAndCopyInto(AbstractPipeline.java:472)
	at java.util.stream.ForEachOps$ForEachOp.evaluateSequential(ForEachOps.java:150)
	at java.util.stream.ForEachOps$ForEachOp$OfRef.evaluateSequential(ForEachOps.java:173)
	at java.util.stream.AbstractPipeline.evaluate(AbstractPipeline.java:234)
	at java.util.stream.ReferencePipeline.forEach(ReferencePipeline.java:485)
	at org.junit.vintage.engine.VintageTestEngine.executeAllChildren(VintageTestEngine.java:82)
	at org.junit.vintage.engine.VintageTestEngine.execute(VintageTestEngine.java:73)
	at org.junit.platform.launcher.core.EngineExecutionOrchestrator.execute(EngineExecutionOrchestrator.java:108)
	at org.junit.platform.launcher.core.EngineExecutionOrchestrator.execute(EngineExecutionOrchestrator.java:88)
	at org.junit.platform.launcher.core.EngineExecutionOrchestrator.lambda$execute$0(EngineExecutionOrchestrator.java:54)
	at org.junit.platform.launcher.core.EngineExecutionOrchestrator.withInterceptedStreams(EngineExecutionOrchestrator.java:67)
	at org.junit.platform.launcher.core.EngineExecutionOrchestrator.execute(EngineExecutionOrchestrator.java:52)
	at org.junit.platform.launcher.core.DefaultLauncher.execute(DefaultLauncher.java:96)
	at org.junit.platform.launcher.core.DefaultLauncher.execute(DefaultLauncher.java:75)
	at org.apache.maven.surefire.junitplatform.JUnitPlatformProvider.invokeAllTests(JUnitPlatformProvider.java:142)
	at org.apache.maven.surefire.junitplatform.JUnitPlatformProvider.invoke(JUnitPlatformProvider.java:113)
	at org.apache.maven.surefire.booter.ForkedBooter.invokeProviderInSameClassLoader(ForkedBooter.java:384)
	at org.apache.maven.surefire.booter.ForkedBooter.runSuitesInProcess(ForkedBooter.java:345)
	at org.apache.maven.surefire.booter.ForkedBooter.execute(ForkedBooter.java:126)
	at org.apache.maven.surefire.booter.ForkedBooter.main(ForkedBooter.java:418)
Caused by: org.apache.ratis.protocol.exceptions.AlreadyClosedException: SlidingWindow$Client:client-131A124F4694->RAFT is closed.
	at org.apache.ratis.util.SlidingWindow$Client.alreadyClosed(SlidingWindow.java:378)
	at org.apache.ratis.util.SlidingWindow$Client.fail(SlidingWindow.java:366)
	at org.apache.ratis.client.impl.OrderedAsync.failAllAsyncRequests(OrderedAsync.java:148)
	at org.apache.ratis.client.impl.OrderedAsync.handleAsyncRetryFailure(OrderedAsync.java:152)
	at org.apache.ratis.client.impl.OrderedAsync.lambda$sendRequest$10(OrderedAsync.java:252)
	at java.util.concurrent.CompletableFuture.uniExceptionally(CompletableFuture.java:884)
	at java.util.concurrent.CompletableFuture$UniExceptionally.tryFire(CompletableFuture.java:866)
	at java.util.concurrent.CompletableFuture.postComplete(CompletableFuture.java:488)
	at java.util.concurrent.CompletableFuture.completeExceptionally(CompletableFuture.java:1990)
	at org.apache.ratis.grpc.client.GrpcClientProtocolClient$AsyncStreamObservers.completeReplyExceptionally(GrpcClientProtocolClient.java:388)
	at org.apache.ratis.grpc.client.GrpcClientProtocolClient$AsyncStreamObservers.access$000(GrpcClientProtocolClient.java:294)
	at org.apache.ratis.grpc.client.GrpcClientProtocolClient$AsyncStreamObservers$1.onNext(GrpcClientProtocolClient.java:308)
	at org.apache.ratis.grpc.client.GrpcClientProtocolClient$AsyncStreamObservers$1.onNext(GrpcClientProtocolClient.java:299)
	at org.apache.ratis.thirdparty.io.grpc.stub.ClientCalls$StreamObserverToCallListenerAdapter.onMessage(ClientCalls.java:465)
	at org.apache.ratis.thirdparty.io.grpc.ForwardingClientCallListener.onMessage(ForwardingClientCallListener.java:33)
	at org.apache.ratis.thirdparty.io.grpc.internal.DelayedClientCall$DelayedListener.onMessage(DelayedClientCall.java:447)
	at org.apache.ratis.thirdparty.io.grpc.internal.ClientCallImpl$ClientStreamListenerImpl$1MessagesAvailable.runInternal(ClientCallImpl.java:715)
	at org.apache.ratis.thirdparty.io.grpc.internal.ClientCallImpl$ClientStreamListenerImpl$1MessagesAvailable.runInContext(ClientCallImpl.java:700)
	at org.apache.ratis.thirdparty.io.grpc.internal.ContextRunnable.run(ContextRunnable.java:37)
	at org.apache.ratis.thirdparty.io.grpc.internal.SerializingExecutor.run(SerializingExecutor.java:123)
	at java.util.concurrent.ThreadPoolExecutor.runWorker(ThreadPoolExecutor.java:1149)
	at java.util.concurrent.ThreadPoolExecutor$Worker.run(ThreadPoolExecutor.java:624)
	at java.lang.Thread.run(Thread.java:748)
Caused by: org.apache.ratis.protocol.exceptions.RaftRetryFailureException: Failed RaftClientRequest:client-131A124F4694->80320f5a-6cd9-4eb7-9dbc-d52eb94c4b51@group-3F477C9B4374, cid=44, seq=1*, Watch(0), null for 3 attempts with RequestTypeDependentRetryPolicy{WRITE->org.apache.ratis.retry.ExceptionDependentRetry@7e358d2c, WATCH->org.apache.ratis.retry.ExceptionDependentRetry@45dcfb17}
	at org.apache.ratis.client.impl.RaftClientImpl.noMoreRetries(RaftClientImpl.java:254)
	... 20 more
Caused by: org.apache.ratis.protocol.exceptions.NotLeaderException: Server 80320f5a-6cd9-4eb7-9dbc-d52eb94c4b51@group-3F477C9B4374 is not the leader
	at org.apache.ratis.client.impl.ClientProtoUtils.toRaftClientReply(ClientProtoUtils.java:368)
	at org.apache.ratis.grpc.client.GrpcClientProtocolClient$AsyncStreamObservers$1.onNext(GrpcClientProtocolClient.java:304)
	... 11 more
</error>
    <system-out><![CDATA[2021-07-01 01:15:24,576 [Listener at 127.0.0.1/42351] WARN  server.ServerUtils (ServerUtils.java:getScmDbDir(148)) - ozone.scm.db.dirs is not configured. We recommend adding this setting. Falling back to ozone.metadata.dirs instead.
2021-07-01 01:15:24,579 [Listener at 127.0.0.1/42351] INFO  ha.SCMHANodeDetails (SCMHANodeDetails.java:loadSCMHAConfig(157)) - ServiceID for StorageContainerManager is null
2021-07-01 01:15:24,579 [Listener at 127.0.0.1/42351] INFO  ha.SCMHANodeDetails (SCMHANodeDetails.java:loadSCMHAConfig(162)) - ozone.scm.default.service.id is not defined, falling back to ozone.scm.service.ids to find serviceID for StorageContainerManager if it is HA enabled cluster
2021-07-01 01:15:24,581 [Listener at 127.0.0.1/42351] WARN  server.ServerUtils (ServerUtils.java:getScmDbDir(148)) - ozone.scm.db.dirs is not configured. We recommend adding this setting. Falling back to ozone.metadata.dirs instead.
2021-07-01 01:15:24,581 [Listener at 127.0.0.1/42351] WARN  utils.HAUtils (HAUtils.java:getMetaDir(342)) - ozone.scm.db.dirs is not configured. We recommend adding this setting. Falling back to ozone.metadata.dirs instead.
2021-07-01 01:15:24,589 [Listener at 127.0.0.1/42351] WARN  db.DBStoreBuilder (DBStoreBuilder.java:applyDBDefinition(145)) - ozone.scm.db.dirs is not configured. We recommend adding this setting. Falling back to ozone.metadata.dirs instead.
2021-07-01 01:15:24,711 [Listener at 127.0.0.1/42351] INFO  net.NodeSchemaLoader (NodeSchemaLoader.java:loadSchemaFromFile(129)) - Loading schema from [jar:file:/home/runner/.m2/repository/org/apache/ozone/hdds-common/1.2.0-SNAPSHOT/hdds-common-1.2.0-SNAPSHOT.jar!/network-topology-default.xml]
2021-07-01 01:15:24,719 [Listener at 127.0.0.1/42351] INFO  net.NodeSchemaLoader (NodeSchemaLoader.java:loadSchema(176)) - Loading network topology layer schema file
2021-07-01 01:15:24,722 [Listener at 127.0.0.1/42351] INFO  ha.SequenceIdGenerator (SequenceIdGenerator.java:upgradeToSequenceId(327)) - upgrade localId to 107544261427200000
2021-07-01 01:15:24,722 [Listener at 127.0.0.1/42351] INFO  ha.SequenceIdGenerator (SequenceIdGenerator.java:upgradeToSequenceId(337)) - upgrade delTxnId to 0
2021-07-01 01:15:24,722 [Listener at 127.0.0.1/42351] INFO  ha.SequenceIdGenerator (SequenceIdGenerator.java:upgradeToSequenceId(351)) - upgrade containerId to 0
2021-07-01 01:15:24,722 [Listener at 127.0.0.1/42351] INFO  ha.SequenceIdGenerator (SequenceIdGenerator.java:<init>(217)) - Init the HA SequenceIdGenerator.
2021-07-01 01:15:24,731 [Listener at 127.0.0.1/42351] INFO  node.SCMNodeManager (SCMNodeManager.java:<init>(125)) - Entering startup safe mode.
2021-07-01 01:15:24,731 [Listener at 127.0.0.1/42351] INFO  algorithms.ContainerPlacementPolicyFactory (ContainerPlacementPolicyFactory.java:getPolicy(60)) - Create container placement policy of type org.apache.hadoop.hdds.scm.container.placement.algorithms.SCMContainerPlacementRandom
2021-07-01 01:15:24,732 [Listener at 127.0.0.1/42351] INFO  pipeline.PipelineStateManager (PipelineStateManagerV2Impl.java:initialize(78)) - No pipeline exists in current db
2021-07-01 01:15:24,732 [Listener at 127.0.0.1/42351] INFO  algorithms.LeaderChoosePolicyFactory (LeaderChoosePolicyFactory.java:getPolicy(57)) - Create leader choose policy of type org.apache.hadoop.hdds.scm.pipeline.leader.choose.algorithms.MinLeaderCountChoosePolicy
2021-07-01 01:15:24,732 [Listener at 127.0.0.1/42351] INFO  ha.SCMServiceManager (SCMServiceManager.java:register(43)) - Registering service BackgroundPipelineCreator.
2021-07-01 01:15:24,732 [Listener at 127.0.0.1/42351] INFO  pipeline.BackgroundPipelineCreator (BackgroundPipelineCreatorV2.java:start(130)) - Starting RatisPipelineUtilsThread.
2021-07-01 01:15:24,739 [Listener at 127.0.0.1/42351] INFO  algorithms.PipelineChoosePolicyFactory (PipelineChoosePolicyFactory.java:createPipelineChoosePolicyFromClass(73)) - Create pipeline choose policy of type org.apache.hadoop.hdds.scm.pipeline.choose.algorithms.RandomPipelineChoosePolicy
2021-07-01 01:15:24,740 [Listener at 127.0.0.1/42351] INFO  ha.SCMServiceManager (SCMServiceManager.java:register(43)) - Registering service SCMBlockDeletingService.
2021-07-01 01:15:24,740 [Listener at 127.0.0.1/42351] INFO  ha.SCMServiceManager (SCMServiceManager.java:register(43)) - Registering service ReplicationManager.
2021-07-01 01:15:24,740 [Listener at 127.0.0.1/42351] INFO  container.ReplicationManager (ReplicationManager.java:start(219)) - Starting Replication Monitor Thread.
2021-07-01 01:15:24,747 [Listener at 127.0.0.1/42351] INFO  safemode.ContainerSafeModeRule (ContainerSafeModeRule.java:<init>(89)) - containers with one replica threshold count 0
2021-07-01 01:15:24,748 [Listener at 127.0.0.1/42351] INFO  safemode.HealthyPipelineSafeModeRule (HealthyPipelineSafeModeRule.java:initializeRule(156)) - Total pipeline count is 0, healthy pipeline threshold count is 1
2021-07-01 01:15:24,748 [Listener at 127.0.0.1/42351] INFO  safemode.OneReplicaPipelineSafeModeRule (OneReplicaPipelineSafeModeRule.java:initializeRule(180)) - Total pipeline count is 0, pipeline's with at least one datanode reported threshold count is 0
2021-07-01 01:15:24,755 [Listener at 127.0.0.1/42351] INFO  ipc.CallQueueManager (CallQueueManager.java:<init>(85)) - Using callQueue: class java.util.concurrent.LinkedBlockingQueue, queueCapacity: 2000, scheduler: class org.apache.hadoop.ipc.DefaultRpcScheduler, ipcBackoff: false.
2021-07-01 01:15:24,763 [Socket Reader #1 for port 0] INFO  ipc.Server (Server.java:run(1255)) - Starting Socket Reader #1 for port 0
2021-07-01 01:15:24,768 [Listener at 0.0.0.0/42377] INFO  ipc.CallQueueManager (CallQueueManager.java:<init>(85)) - Using callQueue: class java.util.concurrent.LinkedBlockingQueue, queueCapacity: 2000, scheduler: class org.apache.hadoop.ipc.DefaultRpcScheduler, ipcBackoff: false.
2021-07-01 01:15:24,778 [ReplicationMonitor] INFO  container.ReplicationManager (ReplicationManager.java:run(283)) - Replication Monitor Thread took 1 milliseconds for processing 0 containers.
2021-07-01 01:15:24,779 [Socket Reader #1 for port 0] INFO  ipc.Server (Server.java:run(1255)) - Starting Socket Reader #1 for port 0
2021-07-01 01:15:24,796 [Listener at 0.0.0.0/40817] INFO  ipc.CallQueueManager (CallQueueManager.java:<init>(85)) - Using callQueue: class java.util.concurrent.LinkedBlockingQueue, queueCapacity: 2000, scheduler: class org.apache.hadoop.ipc.DefaultRpcScheduler, ipcBackoff: false.
2021-07-01 01:15:24,807 [Socket Reader #1 for port 0] INFO  ipc.Server (Server.java:run(1255)) - Starting Socket Reader #1 for port 0
2021-07-01 01:15:24,848 [Listener at 0.0.0.0/36453] INFO  server.StorageContainerManager (StorageContainerManager.java:<init>(363)) - 
Container Balancer status:
Key                            Value
Running                        true
Container Balancer Configuration values:
Key                            Value
Threshold                      0.1
Max Datanodes to Balance       5
Max Size to Move               10737418240B

2021-07-01 01:15:24,848 [Listener at 0.0.0.0/36453] WARN  events.EventQueue (EventQueue.java:fireEvent(194)) - No event handler registered for event TypedEvent{payloadType=SafeModeStatus, name='Safe mode status'}
2021-07-01 01:15:24,848 [Listener at 0.0.0.0/36453] INFO  ha.SCMContext (SCMContext.java:updateSafeModeStatus(208)) - Update SafeModeStatus from SafeModeStatus{safeModeStatus=true, preCheckPassed=false} to SafeModeStatus{safeModeStatus=true, preCheckPassed=false}.
2021-07-01 01:15:24,849 [Listener at 0.0.0.0/36453] INFO  server.StorageContainerManager (StorageContainerManager.java:start(1214)) - StorageContainerLocationProtocol RPC server is listening at /0.0.0.0:36453
2021-07-01 01:15:24,851 [Listener at 0.0.0.0/36453] WARN  impl.MetricsConfig (MetricsConfig.java:loadFirst(136)) - Cannot locate configuration: tried hadoop-metrics2-storagecontainermanager.properties,hadoop-metrics2.properties
2021-07-01 01:15:24,867 [Listener at 0.0.0.0/36453] INFO  impl.MetricsSystemImpl (MetricsSystemImpl.java:startTimer(378)) - Scheduled Metric snapshot period at 10 second(s).
2021-07-01 01:15:24,867 [Listener at 0.0.0.0/36453] INFO  impl.MetricsSystemImpl (MetricsSystemImpl.java:start(191)) - StorageContainerManager metrics system started
2021-07-01 01:15:24,903 [Listener at 0.0.0.0/36453] INFO  impl.MetricsSinkAdapter (MetricsSinkAdapter.java:start(204)) - Sink prometheus started
2021-07-01 01:15:24,903 [Listener at 0.0.0.0/36453] INFO  impl.MetricsSystemImpl (MetricsSystemImpl.java:registerSink(305)) - Registered sink prometheus
2021-07-01 01:15:24,923 [Listener at 0.0.0.0/36453] INFO  server.SCMClientProtocolServer (SCMClientProtocolServer.java:start(163)) - RPC server for Client  is listening at /0.0.0.0:36453
2021-07-01 01:15:24,929 [IPC Server Responder] INFO  ipc.Server (Server.java:run(1497)) - IPC Server Responder: starting
2021-07-01 01:15:24,935 [IPC Server listener on 0] INFO  ipc.Server (Server.java:run(1334)) - IPC Server listener on 0: starting
2021-07-01 01:15:24,940 [Listener at 0.0.0.0/36453] INFO  server.StorageContainerManager (StorageContainerManager.java:start(1229)) - ScmBlockLocationProtocol RPC server is listening at /0.0.0.0:40817
2021-07-01 01:15:24,940 [Listener at 0.0.0.0/36453] INFO  server.SCMBlockProtocolServer (SCMBlockProtocolServer.java:start(151)) - RPC server for Block Protocol is listening at /0.0.0.0:40817
2021-07-01 01:15:24,941 [IPC Server Responder] INFO  ipc.Server (Server.java:run(1497)) - IPC Server Responder: starting
2021-07-01 01:15:24,941 [IPC Server listener on 0] INFO  ipc.Server (Server.java:run(1334)) - IPC Server listener on 0: starting
2021-07-01 01:15:24,968 [Listener at 0.0.0.0/36453] INFO  server.StorageContainerManager (StorageContainerManager.java:start(1235)) - ScmDatanodeProtocl RPC server is listening at /0.0.0.0:42377
2021-07-01 01:15:24,968 [Listener at 0.0.0.0/36453] INFO  server.SCMDatanodeProtocolServer (SCMDatanodeProtocolServer.java:start(177)) - RPC server for DataNodes is listening at /0.0.0.0:42377
2021-07-01 01:15:24,969 [IPC Server Responder] INFO  ipc.Server (Server.java:run(1497)) - IPC Server Responder: starting
2021-07-01 01:15:24,973 [IPC Server listener on 0] INFO  ipc.Server (Server.java:run(1334)) - IPC Server listener on 0: starting
2021-07-01 01:15:24,978 [org.apache.hadoop.util.JvmPauseMonitor$Monitor@4e78b5bb] INFO  util.JvmPauseMonitor (JvmPauseMonitor.java:run(188)) - Starting JVM pause monitor
2021-07-01 01:15:24,979 [Listener at 0.0.0.0/36453] INFO  http.BaseHttpServer (BaseHttpServer.java:newHttpServer2BuilderForOzone(209)) - Starting Web-server for scm at: http://0.0.0.0:0
2021-07-01 01:15:24,979 [Listener at 0.0.0.0/36453] INFO  http.BaseHttpServer (BaseHttpServer.java:<init>(107)) - Hadoop Security Enabled: false Ozone Security Enabled: false Ozone HTTP Security Enabled: false 
2021-07-01 01:15:24,981 [Listener at 0.0.0.0/36453] INFO  server.AuthenticationFilter (AuthenticationFilter.java:constructSecretProvider(240)) - Unable to initialize FileSignerSecretProvider, falling back to use random secrets.
2021-07-01 01:15:24,983 [Listener at 0.0.0.0/36453] WARN  http.HttpRequestLog (HttpRequestLog.java:getRequestLog(103)) - Jetty request log can only be enabled using Log4j
2021-07-01 01:15:24,985 [Listener at 0.0.0.0/36453] INFO  http.HttpServer2 (HttpServer2.java:addGlobalFilter(1020)) - Added global filter 'safety' (class=org.apache.hadoop.hdds.server.http.HttpServer2$QuotingInputFilter)
2021-07-01 01:15:24,985 [Listener at 0.0.0.0/36453] INFO  http.HttpServer2 (HttpServer2.java:addFilter(996)) - Added filter static_user_filter (class=org.apache.hadoop.http.lib.StaticUserWebFilter$StaticUserFilter) to context scm
2021-07-01 01:15:24,985 [Listener at 0.0.0.0/36453] INFO  http.HttpServer2 (HttpServer2.java:addFilter(1004)) - Added filter static_user_filter (class=org.apache.hadoop.http.lib.StaticUserWebFilter$StaticUserFilter) to context logs
2021-07-01 01:15:24,986 [Listener at 0.0.0.0/36453] INFO  http.HttpServer2 (HttpServer2.java:addFilter(1004)) - Added filter static_user_filter (class=org.apache.hadoop.http.lib.StaticUserWebFilter$StaticUserFilter) to context static
2021-07-01 01:15:24,986 [Listener at 0.0.0.0/36453] INFO  http.HttpServer2 (HttpServer2.java:bindListener(1238)) - Jetty bound to port 39339
2021-07-01 01:15:24,986 [Listener at 0.0.0.0/36453] INFO  server.Server (Server.java:doStart(375)) - jetty-9.4.35.v20201120; built: 2020-11-20T21:17:03.964Z; git: bdc54f03a5e0a7e280fab27f55c3c75ee8da89fb; jvm 1.8.0_292-b10
2021-07-01 01:15:24,990 [Listener at 0.0.0.0/36453] INFO  server.session (DefaultSessionIdManager.java:doStart(334)) - DefaultSessionIdManager workerName=node0
2021-07-01 01:15:24,990 [Listener at 0.0.0.0/36453] INFO  server.session (DefaultSessionIdManager.java:doStart(339)) - No SessionScavenger set, using defaults
2021-07-01 01:15:24,991 [Listener at 0.0.0.0/36453] INFO  server.session (HouseKeeper.java:startScavenging(132)) - node0 Scavenging every 660000ms
2021-07-01 01:15:24,999 [Listener at 0.0.0.0/36453] INFO  handler.ContextHandler (ContextHandler.java:doStart(916)) - Started o.e.j.s.ServletContextHandler@3ce4d4a3{logs,/logs,file:///home/runner/work/ozone/ozone/mnt/ozone/hadoop-ozone/integration-test/target/log,AVAILABLE}
2021-07-01 01:15:24,999 [Listener at 0.0.0.0/36453] INFO  handler.ContextHandler (ContextHandler.java:doStart(916)) - Started o.e.j.s.ServletContextHandler@3989e022{static,/static,file:///home/runner/work/ozone/ozone/mnt/ozone/hadoop-ozone/integration-test/target/test-classes/webapps/static,AVAILABLE}
2021-07-01 01:15:25,002 [Listener at 0.0.0.0/36453] INFO  handler.ContextHandler (ContextHandler.java:doStart(916)) - Started o.e.j.w.WebAppContext@399f5a98{scm,/,file:///home/runner/work/ozone/ozone/mnt/ozone/hadoop-ozone/integration-test/target/test-classes/webapps/scm/,AVAILABLE}{file:/home/runner/work/ozone/ozone/mnt/ozone/hadoop-ozone/integration-test/target/test-classes/webapps/scm}
2021-07-01 01:15:25,003 [Listener at 0.0.0.0/36453] INFO  server.AbstractConnector (AbstractConnector.java:doStart(331)) - Started ServerConnector@3d02feb6{HTTP/1.1, (http/1.1)}{0.0.0.0:39339}
2021-07-01 01:15:25,003 [Listener at 0.0.0.0/36453] INFO  server.Server (Server.java:doStart(415)) - Started @62181ms
2021-07-01 01:15:25,003 [Listener at 0.0.0.0/36453] WARN  impl.MetricsSystemImpl (MetricsSystemImpl.java:register(279)) - Sink prometheus already exists!
2021-07-01 01:15:25,004 [Listener at 0.0.0.0/36453] INFO  http.BaseHttpServer (BaseHttpServer.java:updateConnectorAddress(329)) - HTTP server of scm listening at http://0.0.0.0:39339
2021-07-01 01:15:25,004 [Listener at 0.0.0.0/36453] WARN  server.ServerUtils (ServerUtils.java:getDBPath(225)) - ozone.om.db.dirs is not configured. We recommend adding this setting. Falling back to ozone.metadata.dirs instead.
2021-07-01 01:15:25,005 [Listener at 0.0.0.0/36453] INFO  ha.OMHANodeDetails (OMHANodeDetails.java:loadOMHAConfig(105)) - ozone.om.internal.service.id is not defined, falling back to ozone.om.service.ids to find serviceID for OzoneManager if it is HA enabled cluster
2021-07-01 01:15:25,006 [Listener at 0.0.0.0/36453] INFO  ha.OMHANodeDetails (OMHANodeDetails.java:loadOMHAConfig(212)) - Configuration does not have ozone.om.address set. Falling back to the default OM address /127.0.0.1:0
2021-07-01 01:15:25,006 [Listener at 0.0.0.0/36453] INFO  ha.OMHANodeDetails (OMHANodeDetails.java:getOMNodeDetails(240)) - OM Service ID is not set. Setting it to the default ID: omServiceIdDefault
2021-07-01 01:15:25,006 [Listener at 0.0.0.0/36453] INFO  ha.OMHANodeDetails (OMHANodeDetails.java:getOMNodeDetails(247)) - OM Node ID is not set. Setting it to the default ID: om1
2021-07-01 01:15:25,006 [Listener at 0.0.0.0/36453] WARN  server.ServerUtils (ServerUtils.java:getDBPath(225)) - ozone.om.db.dirs is not configured. We recommend adding this setting. Falling back to ozone.metadata.dirs instead.
2021-07-01 01:15:25,006 [Listener at 0.0.0.0/36453] WARN  server.ServerUtils (ServerUtils.java:getDBPath(225)) - ozone.om.db.dirs is not configured. We recommend adding this setting. Falling back to ozone.metadata.dirs instead.
2021-07-01 01:15:25,017 [Listener at 0.0.0.0/36453] WARN  server.ServerUtils (ServerUtils.java:getDBPath(225)) - ozone.om.db.dirs is not configured. We recommend adding this setting. Falling back to ozone.metadata.dirs instead.
2021-07-01 01:15:25,017 [Listener at 0.0.0.0/36453] INFO  codec.OmKeyInfoCodec (OmKeyInfoCodec.java:<init>(51)) - OmKeyInfoCodec ignorePipeline = true
2021-07-01 01:15:25,017 [Listener at 0.0.0.0/36453] INFO  codec.RepeatedOmKeyInfoCodec (RepeatedOmKeyInfoCodec.java:<init>(42)) - RepeatedOmKeyInfoCodec ignorePipeline = true
2021-07-01 01:15:25,120 [Listener at 0.0.0.0/36453] INFO  om.OzoneManager (OzoneManager.java:addS3GVolumeToDB(3804)) - Created Volume s3v With Owner runner required for S3Gateway operations.
2021-07-01 01:15:25,121 [Listener at 0.0.0.0/36453] WARN  server.ServerUtils (ServerUtils.java:getDefaultRatisDirectory(237)) - Storage directory for Ratis is not configured. It is a good idea to map this to an SSD disk. Falling back to ozone.metadata.dirs
2021-07-01 01:15:25,121 [Listener at 0.0.0.0/36453] WARN  ratis.OzoneManagerRatisServer (OzoneManagerRatisServer.java:getOMRatisSnapshotDirectory(634)) - ozone.om.ratis.snapshot.dir is not configured. Falling back to ozone.metadata.dirs config
2021-07-01 01:15:25,121 [Listener at 0.0.0.0/36453] WARN  server.ServerUtils (ServerUtils.java:getDefaultRatisDirectory(237)) - Storage directory for Ratis is not configured. It is a good idea to map this to an SSD disk. Falling back to ozone.metadata.dirs
2021-07-01 01:15:25,122 [Listener at 0.0.0.0/36453] INFO  ratis.OzoneManagerRatisServer (OzoneManagerRatisServer.java:<init>(288)) - Instantiating OM Ratis server with GroupID: omServiceIdDefault and Raft Peers: localhost:9872
2021-07-01 01:15:25,122 [Listener at 0.0.0.0/36453] INFO  ratis.OzoneManagerStateMachine (OzoneManagerStateMachine.java:loadSnapshotInfoFromDB(520)) - LastAppliedIndex is set from TransactionInfo from OM DB as (t:0, i:~)
2021-07-01 01:15:25,123 [Listener at 0.0.0.0/36453] INFO  server.RaftServer (ConfUtils.java:logGet(44)) - raft.rpc.type = GRPC (default)
2021-07-01 01:15:25,123 [Listener at 0.0.0.0/36453] INFO  grpc.GrpcFactory (GrpcFactory.java:checkPooledByteBufAllocatorUseCacheForAllThreads(48)) - PERFORMANCE WARNING: useCacheForAllThreads is true that may cause Netty to create a lot garbage objects and, as a result, trigger GC.
	It is recommended to disable useCacheForAllThreads by setting -Dorg.apache.ratis.thirdparty.io.netty.allocator.useCacheForAllThreads=false in command line.
2021-07-01 01:15:25,123 [Listener at 0.0.0.0/36453] INFO  grpc.GrpcConfigKeys (ConfUtils.java:logGet(44)) - raft.grpc.admin.port = -1 (default)
2021-07-01 01:15:25,123 [Listener at 0.0.0.0/36453] INFO  grpc.GrpcConfigKeys (ConfUtils.java:logGet(44)) - raft.grpc.server.port = 9872 (custom)
2021-07-01 01:15:25,123 [Listener at 0.0.0.0/36453] INFO  grpc.GrpcConfigKeys (ConfUtils.java:logGet(44)) - raft.grpc.client.port = -1 (default)
2021-07-01 01:15:25,124 [Listener at 0.0.0.0/36453] INFO  grpc.GrpcConfigKeys (ConfUtils.java:logGet(44)) - raft.grpc.server.port = 9872 (custom)
2021-07-01 01:15:25,124 [Listener at 0.0.0.0/36453] INFO  grpc.GrpcConfigKeys (ConfUtils.java:logGet(44)) - raft.grpc.server.port = 9872 (custom)
2021-07-01 01:15:25,124 [Listener at 0.0.0.0/36453] INFO  server.GrpcService (ConfUtils.java:logGet(44)) - raft.grpc.message.size.max = 33554432 (custom)
2021-07-01 01:15:25,124 [Listener at 0.0.0.0/36453] INFO  server.RaftServerConfigKeys (ConfUtils.java:logGet(44)) - raft.server.log.appender.buffer.byte-limit = 33554432 (custom)
2021-07-01 01:15:25,124 [Listener at 0.0.0.0/36453] INFO  server.GrpcService (ConfUtils.java:logGet(44)) - raft.grpc.flow.control.window = 1MB (=1048576) (default)
2021-07-01 01:15:25,124 [Listener at 0.0.0.0/36453] INFO  server.RaftServerConfigKeys (ConfUtils.java:logGet(44)) - raft.server.rpc.request.timeout = 3000ms (default)
2021-07-01 01:15:25,125 [Listener at 0.0.0.0/36453] INFO  impl.DataStreamServerImpl (ConfUtils.java:logGet(44)) - raft.datastream.type = DISABLED (default)
2021-07-01 01:15:25,126 [Listener at 0.0.0.0/36453] INFO  server.RaftServerConfigKeys (ConfUtils.java:logGet(44)) - raft.server.rpc.slowness.timeout = 120s (custom)
2021-07-01 01:15:25,126 [Listener at 0.0.0.0/36453] INFO  server.RaftServerConfigKeys (ConfUtils.java:logGet(44)) - raft.server.leaderelection.leader.step-down.wait-time = 10s (default)
2021-07-01 01:15:25,126 [Listener at 0.0.0.0/36453] INFO  server.RaftServerConfigKeys (ConfUtils.java:logGet(44)) - raft.server.storage.dir = [/home/runner/work/ozone/ozone/mnt/ozone/hadoop-ozone/integration-test/target/test-dir/MiniOzoneClusterImpl-603eb75f-c0c9-4b57-9906-10dc47a08d14/ozone-meta/ratis] (custom)
2021-07-01 01:15:25,126 [Listener at 0.0.0.0/36453] INFO  server.RaftServer (RaftServerProxy.java:addNew(95)) - om1: addNew group-C5BA1605619E:[om1|rpc:localhost:9872|priority:0] returns group-C5BA1605619E:java.util.concurrent.CompletableFuture@7859c88f[Not completed]
2021-07-01 01:15:25,126 [pool-280-thread-1] INFO  server.RaftServer$Division (RaftServerImpl.java:<init>(180)) - om1: new RaftServerImpl for group-C5BA1605619E:[om1|rpc:localhost:9872|priority:0] with OzoneManagerStateMachine:uninitialized
2021-07-01 01:15:25,126 [Listener at 0.0.0.0/36453] INFO  om.OzoneManager (OzoneManager.java:initializeRatisServer(1311)) - OzoneManager Ratis server initialized at port 9872
2021-07-01 01:15:25,127 [pool-280-thread-1] INFO  server.RaftServerConfigKeys (ConfUtils.java:logGet(44)) - raft.server.rpc.timeout.min = 1s (custom)
2021-07-01 01:15:25,127 [pool-280-thread-1] INFO  server.RaftServerConfigKeys (ConfUtils.java:logGet(44)) - raft.server.rpc.timeout.max = 1200ms (custom)
2021-07-01 01:15:25,127 [pool-280-thread-1] INFO  server.RaftServerConfigKeys (ConfUtils.java:logGet(44)) - raft.server.rpc.sleep.time = 25ms (default)
2021-07-01 01:15:25,127 [pool-280-thread-1] INFO  server.RaftServerConfigKeys (ConfUtils.java:logGet(44)) - raft.server.rpc.slowness.timeout = 120s (custom)
2021-07-01 01:15:25,127 [pool-280-thread-1] INFO  server.RaftServerConfigKeys (ConfUtils.java:logGet(44)) - raft.server.leaderelection.leader.step-down.wait-time = 10s (default)
2021-07-01 01:15:25,128 [pool-280-thread-1] INFO  server.RaftServerConfigKeys (ConfUtils.java:logGet(44)) - raft.server.sleep.deviation.threshold = 300ms (default)
2021-07-01 01:15:25,128 [pool-280-thread-1] INFO  server.RaftServerConfigKeys (ConfUtils.java:logGet(44)) - raft.server.log.appender.install.snapshot.enabled = false (custom)
2021-07-01 01:15:25,128 [Listener at 0.0.0.0/36453] INFO  ipc.CallQueueManager (CallQueueManager.java:<init>(85)) - Using callQueue: class java.util.concurrent.LinkedBlockingQueue, queueCapacity: 2000, scheduler: class org.apache.hadoop.ipc.DefaultRpcScheduler, ipcBackoff: false.
2021-07-01 01:15:25,128 [pool-280-thread-1] INFO  server.RaftServer$Division (ServerState.java:<init>(105)) - om1@group-C5BA1605619E: ConfigurationManager, init=-1: [om1|rpc:localhost:9872|priority:0], old=null, confs=<EMPTY_MAP>
2021-07-01 01:15:25,129 [pool-280-thread-1] INFO  server.RaftServerConfigKeys (ConfUtils.java:logGet(44)) - raft.server.storage.dir = [/home/runner/work/ozone/ozone/mnt/ozone/hadoop-ozone/integration-test/target/test-dir/MiniOzoneClusterImpl-603eb75f-c0c9-4b57-9906-10dc47a08d14/ozone-meta/ratis] (custom)
2021-07-01 01:15:25,129 [pool-280-thread-1] INFO  server.RaftServerConfigKeys (ConfUtils.java:logGet(44)) - raft.server.log.corruption.policy = EXCEPTION (default)
2021-07-01 01:15:25,129 [Socket Reader #1 for port 0] INFO  ipc.Server (Server.java:run(1255)) - Starting Socket Reader #1 for port 0
2021-07-01 01:15:25,129 [pool-280-thread-1] INFO  storage.RaftStorageDirectory (RaftStorageDirectoryImpl.java:analyzeStorage(132)) - The storage directory /home/runner/work/ozone/ozone/mnt/ozone/hadoop-ozone/integration-test/target/test-dir/MiniOzoneClusterImpl-603eb75f-c0c9-4b57-9906-10dc47a08d14/ozone-meta/ratis/bf265839-605b-3f16-9796-c5ba1605619e does not exist. Creating ...
2021-07-01 01:15:25,143 [pool-280-thread-1] INFO  storage.RaftStorageDirectory (RaftStorageDirectoryImpl.java:tryLock(215)) - Lock on /home/runner/work/ozone/ozone/mnt/ozone/hadoop-ozone/integration-test/target/test-dir/MiniOzoneClusterImpl-603eb75f-c0c9-4b57-9906-10dc47a08d14/ozone-meta/ratis/bf265839-605b-3f16-9796-c5ba1605619e/in_use.lock acquired by nodename 6261@fv-az195-275
2021-07-01 01:15:25,144 [pool-280-thread-1] INFO  storage.RaftStorage (RaftStorageImpl.java:format(87)) - Storage directory /home/runner/work/ozone/ozone/mnt/ozone/hadoop-ozone/integration-test/target/test-dir/MiniOzoneClusterImpl-603eb75f-c0c9-4b57-9906-10dc47a08d14/ozone-meta/ratis/bf265839-605b-3f16-9796-c5ba1605619e has been successfully formatted.
2021-07-01 01:15:25,144 [pool-280-thread-1] INFO  server.RaftServerConfigKeys (ConfUtils.java:logGet(44)) - raft.server.notification.no-leader.timeout = 120s (custom)
2021-07-01 01:15:25,144 [pool-280-thread-1] INFO  server.RaftServerConfigKeys (ConfUtils.java:logGet(44)) - raft.server.log.use.memory = false (default)
2021-07-01 01:15:25,144 [pool-280-thread-1] INFO  server.RaftServerConfigKeys (ConfUtils.java:logGet(44)) - raft.server.log.purge.gap = 1000000 (custom)
2021-07-01 01:15:25,144 [pool-280-thread-1] INFO  server.RaftServerConfigKeys (ConfUtils.java:logGet(44)) - raft.server.log.appender.buffer.byte-limit = 33554432 (custom)
2021-07-01 01:15:25,145 [pool-280-thread-1] INFO  metrics.RatisMetrics (RatisMetrics.java:lambda$create$0(36)) - Creating Metrics Registry : ratis.log_worker.om1@group-C5BA1605619E
2021-07-01 01:15:25,145 [pool-280-thread-1] INFO  server.RaftServerConfigKeys (ConfUtils.java:logGet(44)) - raft.server.log.segment.size.max = 4194304 (custom)
2021-07-01 01:15:25,148 [Listener at 127.0.0.1/41923] INFO  om.OzoneManager (OzoneManager.java:initFSOLayout(3896)) - Configured ozone.om.metadata.layout=SIMPLE and disabled optimized OM FS operations
2021-07-01 01:15:25,148 [Listener at 127.0.0.1/41923] INFO  impl.MetricsSystemImpl (MetricsSystemImpl.java:init(158)) - OzoneManager metrics system started (again)
2021-07-01 01:15:25,149 [Listener at 127.0.0.1/41923] INFO  om.OzoneManager (OzoneManager.java:start(1113)) - OzoneManager RPC server is listening at localhost/127.0.0.1:41923
2021-07-01 01:15:25,149 [Listener at 127.0.0.1/41923] INFO  ratis.OzoneManagerRatisServer (OzoneManagerRatisServer.java:start(388)) - Starting OzoneManagerRatisServer om1 at port 9872
2021-07-01 01:15:25,150 [pool-280-thread-1] INFO  server.RaftServerConfigKeys (ConfUtils.java:logGet(44)) - raft.server.log.segment.cache.num.max = 2 (custom)
2021-07-01 01:15:25,150 [pool-280-thread-1] INFO  server.RaftServerConfigKeys (ConfUtils.java:logGet(44)) - raft.server.log.segment.cache.size.max = 200MB (=209715200) (default)
2021-07-01 01:15:25,150 [pool-280-thread-1] INFO  segmented.SegmentedRaftLogWorker (SegmentedRaftLogWorker.java:<init>(182)) - new om1@group-C5BA1605619E-SegmentedRaftLogWorker for RaftStorageImpl:Storage Directory /home/runner/work/ozone/ozone/mnt/ozone/hadoop-ozone/integration-test/target/test-dir/MiniOzoneClusterImpl-603eb75f-c0c9-4b57-9906-10dc47a08d14/ozone-meta/ratis/bf265839-605b-3f16-9796-c5ba1605619e
2021-07-01 01:15:25,150 [pool-280-thread-1] INFO  server.RaftServerConfigKeys (ConfUtils.java:logGet(44)) - raft.server.log.queue.byte-limit = 64MB (=67108864) (default)
2021-07-01 01:15:25,150 [pool-280-thread-1] INFO  server.RaftServerConfigKeys (ConfUtils.java:logGet(44)) - raft.server.log.queue.element-limit = 4096 (default)
2021-07-01 01:15:25,150 [pool-280-thread-1] INFO  server.RaftServerConfigKeys (ConfUtils.java:logGet(44)) - raft.server.log.segment.size.max = 4194304 (custom)
2021-07-01 01:15:25,150 [pool-280-thread-1] INFO  server.RaftServerConfigKeys (ConfUtils.java:logGet(44)) - raft.server.log.preallocated.size = 4194304 (custom)
2021-07-01 01:15:25,150 [pool-280-thread-1] INFO  server.RaftServerConfigKeys (ConfUtils.java:logGet(44)) - raft.server.log.force.sync.num = 128 (default)
2021-07-01 01:15:25,150 [pool-280-thread-1] INFO  server.RaftServerConfigKeys (ConfUtils.java:logGet(44)) - raft.server.log.statemachine.data.sync = true (default)
2021-07-01 01:15:25,150 [pool-280-thread-1] INFO  server.RaftServerConfigKeys (ConfUtils.java:logGet(44)) - raft.server.log.statemachine.data.sync.timeout = 10s (default)
2021-07-01 01:15:25,150 [pool-280-thread-1] INFO  server.RaftServerConfigKeys (ConfUtils.java:logGet(44)) - raft.server.log.statemachine.data.sync.timeout.retry = -1 (default)
2021-07-01 01:15:25,151 [pool-280-thread-1] INFO  server.RaftServerConfigKeys (ConfUtils.java:logGet(44)) - raft.server.log.write.buffer.size = 64KB (=65536) (default)
2021-07-01 01:15:25,151 [pool-280-thread-1] INFO  server.RaftServerConfigKeys (ConfUtils.java:logGet(44)) - raft.server.log.statemachine.data.caching.enabled = false (default)
2021-07-01 01:15:25,151 [pool-280-thread-1] INFO  segmented.SegmentedRaftLogWorker (SegmentedRaftLogWorker.java:lambda$new$0(133)) - om1@group-C5BA1605619E-SegmentedRaftLogWorker: flushIndex: setUnconditionally 0 -> -1
2021-07-01 01:15:25,151 [pool-280-thread-1] INFO  segmented.SegmentedRaftLogWorker (SegmentedRaftLogWorker.java:lambda$new$0(133)) - om1@group-C5BA1605619E-SegmentedRaftLogWorker: safeCacheEvictIndex: setUnconditionally 0 -> -1
2021-07-01 01:15:25,155 [pool-280-thread-1] INFO  server.RaftServerConfigKeys (ConfUtils.java:logGet(44)) - raft.server.snapshot.auto.trigger.enabled = true (custom)
2021-07-01 01:15:25,155 [pool-280-thread-1] INFO  server.RaftServerConfigKeys (ConfUtils.java:logGet(44)) - raft.server.snapshot.auto.trigger.threshold = 400000 (default)
2021-07-01 01:15:25,155 [pool-280-thread-1] INFO  server.RaftServerConfigKeys (ConfUtils.java:logGet(44)) - raft.server.snapshot.retention.file.num = -1 (default)
2021-07-01 01:15:25,155 [pool-280-thread-1] INFO  server.RaftServerConfigKeys (ConfUtils.java:logGet(44)) - raft.server.log.purge.upto.snapshot.index = true (custom)
2021-07-01 01:15:25,155 [pool-280-thread-1] INFO  server.RaftServerConfigKeys (ConfUtils.java:logGet(44)) - raft.server.retrycache.expirytime = 300s (custom)
2021-07-01 01:15:25,155 [pool-280-thread-1] INFO  server.RaftServerConfigKeys (ConfUtils.java:logGet(44)) - raft.server.retrycache.statistics.expirytime = 100μs (default)
2021-07-01 01:15:25,156 [pool-280-thread-1] INFO  metrics.RatisMetrics (RatisMetrics.java:lambda$create$0(36)) - Creating Metrics Registry : ratis.leader_election.om1@group-C5BA1605619E
2021-07-01 01:15:25,156 [pool-280-thread-1] INFO  metrics.RatisMetrics (RatisMetrics.java:lambda$create$0(36)) - Creating Metrics Registry : ratis.server.om1@group-C5BA1605619E
2021-07-01 01:15:25,157 [Listener at 127.0.0.1/41923] INFO  server.RaftServer$Division (RaftServerImpl.java:start(295)) - om1@group-C5BA1605619E: start as a follower, conf=-1: [om1|rpc:localhost:9872|priority:0], old=null
2021-07-01 01:15:25,157 [Listener at 127.0.0.1/41923] INFO  server.RaftServer$Division (RaftServerImpl.java:setRole(284)) - om1@group-C5BA1605619E: changes role from      null to FOLLOWER at term 0 for startAsFollower
2021-07-01 01:15:25,157 [Listener at 127.0.0.1/41923] INFO  impl.RoleInfo (RoleInfo.java:updateAndGet(130)) - om1: start om1@group-C5BA1605619E-FollowerState
2021-07-01 01:15:25,172 [Listener at 127.0.0.1/41923] INFO  util.JmxRegister (JmxRegister.java:tryRegister(44)) - Successfully registered JMX Bean with object name Ratis:service=RaftServer,group=group-C5BA1605619E,id=om1
2021-07-01 01:15:25,172 [Listener at 127.0.0.1/41923] INFO  metrics.RatisMetrics (RatisMetrics.java:lambda$create$0(36)) - Creating Metrics Registry : ratis.state_machine.om1@group-C5BA1605619E
2021-07-01 01:15:25,182 [Listener at 127.0.0.1/41923] INFO  server.RaftServer (RaftServerProxy.java:lambda$start$5(374)) - om1: start RPC server
2021-07-01 01:15:25,183 [Listener at 127.0.0.1/41923] INFO  server.GrpcService (GrpcService.java:startImpl(253)) - om1: GrpcService started, listening on 9872
2021-07-01 01:15:25,184 [org.apache.ratis.util.JvmPauseMonitor$$Lambda$514/857811686@583739e2] INFO  util.JvmPauseMonitor (JvmPauseMonitor.java:run(103)) - JvmPauseMonitor-om1: Started
2021-07-01 01:15:25,185 [Listener at 127.0.0.1/41923] INFO  http.BaseHttpServer (BaseHttpServer.java:newHttpServer2BuilderForOzone(209)) - Starting Web-server for ozoneManager at: http://0.0.0.0:0
2021-07-01 01:15:25,186 [Listener at 127.0.0.1/41923] INFO  http.BaseHttpServer (BaseHttpServer.java:<init>(107)) - Hadoop Security Enabled: false Ozone Security Enabled: false Ozone HTTP Security Enabled: false 
2021-07-01 01:15:25,187 [Listener at 127.0.0.1/41923] INFO  server.AuthenticationFilter (AuthenticationFilter.java:constructSecretProvider(240)) - Unable to initialize FileSignerSecretProvider, falling back to use random secrets.
2021-07-01 01:15:25,187 [Listener at 127.0.0.1/41923] WARN  http.HttpRequestLog (HttpRequestLog.java:getRequestLog(103)) - Jetty request log can only be enabled using Log4j
2021-07-01 01:15:25,188 [Listener at 127.0.0.1/41923] INFO  http.HttpServer2 (HttpServer2.java:addGlobalFilter(1020)) - Added global filter 'safety' (class=org.apache.hadoop.hdds.server.http.HttpServer2$QuotingInputFilter)
2021-07-01 01:15:25,189 [Listener at 127.0.0.1/41923] INFO  http.HttpServer2 (HttpServer2.java:addFilter(996)) - Added filter static_user_filter (class=org.apache.hadoop.http.lib.StaticUserWebFilter$StaticUserFilter) to context ozoneManager
2021-07-01 01:15:25,189 [Listener at 127.0.0.1/41923] INFO  http.HttpServer2 (HttpServer2.java:addFilter(1004)) - Added filter static_user_filter (class=org.apache.hadoop.http.lib.StaticUserWebFilter$StaticUserFilter) to context static
2021-07-01 01:15:25,189 [Listener at 127.0.0.1/41923] INFO  http.HttpServer2 (HttpServer2.java:addFilter(1004)) - Added filter static_user_filter (class=org.apache.hadoop.http.lib.StaticUserWebFilter$StaticUserFilter) to context logs
2021-07-01 01:15:25,190 [Listener at 127.0.0.1/41923] INFO  http.HttpServer2 (HttpServer2.java:bindListener(1238)) - Jetty bound to port 33987
2021-07-01 01:15:25,190 [Listener at 127.0.0.1/41923] INFO  server.Server (Server.java:doStart(375)) - jetty-9.4.35.v20201120; built: 2020-11-20T21:17:03.964Z; git: bdc54f03a5e0a7e280fab27f55c3c75ee8da89fb; jvm 1.8.0_292-b10
2021-07-01 01:15:25,191 [Listener at 127.0.0.1/41923] INFO  server.session (DefaultSessionIdManager.java:doStart(334)) - DefaultSessionIdManager workerName=node0
2021-07-01 01:15:25,191 [Listener at 127.0.0.1/41923] INFO  server.session (DefaultSessionIdManager.java:doStart(339)) - No SessionScavenger set, using defaults
2021-07-01 01:15:25,192 [Listener at 127.0.0.1/41923] INFO  server.session (HouseKeeper.java:startScavenging(132)) - node0 Scavenging every 600000ms
2021-07-01 01:15:25,192 [Listener at 127.0.0.1/41923] INFO  handler.ContextHandler (ContextHandler.java:doStart(916)) - Started o.e.j.s.ServletContextHandler@20d7df93{logs,/logs,file:///home/runner/work/ozone/ozone/mnt/ozone/hadoop-ozone/integration-test/target/log,AVAILABLE}
2021-07-01 01:15:25,193 [Listener at 127.0.0.1/41923] INFO  handler.ContextHandler (ContextHandler.java:doStart(916)) - Started o.e.j.s.ServletContextHandler@f709952{static,/static,file:///home/runner/work/ozone/ozone/mnt/ozone/hadoop-ozone/integration-test/target/test-classes/webapps/static,AVAILABLE}
2021-07-01 01:15:25,195 [Listener at 127.0.0.1/41923] INFO  handler.ContextHandler (ContextHandler.java:doStart(916)) - Started o.e.j.w.WebAppContext@325a4ac6{ozoneManager,/,file:///home/runner/work/ozone/ozone/mnt/ozone/hadoop-ozone/integration-test/target/test-classes/webapps/ozoneManager/,AVAILABLE}{file:/home/runner/work/ozone/ozone/mnt/ozone/hadoop-ozone/integration-test/target/test-classes/webapps/ozoneManager}
2021-07-01 01:15:25,199 [Listener at 127.0.0.1/41923] INFO  server.AbstractConnector (AbstractConnector.java:doStart(331)) - Started ServerConnector@56be1b09{HTTP/1.1, (http/1.1)}{0.0.0.0:33987}
2021-07-01 01:15:25,200 [Listener at 127.0.0.1/41923] INFO  server.Server (Server.java:doStart(415)) - Started @62377ms
2021-07-01 01:15:25,200 [Listener at 127.0.0.1/41923] WARN  impl.MetricsSystemImpl (MetricsSystemImpl.java:register(279)) - Sink prometheus already exists!
2021-07-01 01:15:25,200 [Listener at 127.0.0.1/41923] INFO  http.BaseHttpServer (BaseHttpServer.java:updateConnectorAddress(329)) - HTTP server of ozoneManager listening at http://0.0.0.0:33987
2021-07-01 01:15:25,201 [IPC Server Responder] INFO  ipc.Server (Server.java:run(1497)) - IPC Server Responder: starting
2021-07-01 01:15:25,201 [IPC Server listener on 0] INFO  ipc.Server (Server.java:run(1334)) - IPC Server listener on 0: starting
2021-07-01 01:15:25,209 [Listener at 127.0.0.1/41923] INFO  om.OzoneManager (OzoneManager.java:startTrashEmptier(1251)) - Trash Interval set to 0. Files deleted will not move to trash
2021-07-01 01:15:25,209 [org.apache.hadoop.util.JvmPauseMonitor$Monitor@ba43f59] INFO  util.JvmPauseMonitor (JvmPauseMonitor.java:run(188)) - Starting JVM pause monitor
2021-07-01 01:15:25,228 [Listener at 127.0.0.1/41923] INFO  impl.MetricsSystemImpl (MetricsSystemImpl.java:init(158)) - HddsDatanode metrics system started (again)
2021-07-01 01:15:25,229 [Listener at 127.0.0.1/41923] INFO  ozone.HddsDatanodeService (HddsDatanodeService.java:start(221)) - HddsDatanodeService host:fv-az195-275.u3nnjwd0vyge1bu22idnsdeq2e.cx.internal.cloudapp.net ip:10.1.0.5
2021-07-01 01:15:25,252 [Listener at 127.0.0.1/41923] INFO  volume.HddsVolume (HddsVolume.java:<init>(119)) - Creating HddsVolume: /home/runner/work/ozone/ozone/mnt/ozone/hadoop-ozone/integration-test/target/test-dir/MiniOzoneClusterImpl-603eb75f-c0c9-4b57-9906-10dc47a08d14/datanode-0/data-0/containers/hdds of storage type : DISK capacity : 9223372036854775807
2021-07-01 01:15:25,252 [Listener at 127.0.0.1/41923] INFO  volume.MutableVolumeSet (MutableVolumeSet.java:initializeVolumeSet(181)) - Added Volume : /home/runner/work/ozone/ozone/mnt/ozone/hadoop-ozone/integration-test/target/test-dir/MiniOzoneClusterImpl-603eb75f-c0c9-4b57-9906-10dc47a08d14/datanode-0/data-0/containers/hdds to VolumeSet
2021-07-01 01:15:25,252 [Listener at 127.0.0.1/41923] INFO  volume.ThrottledAsyncChecker (ThrottledAsyncChecker.java:schedule(141)) - Scheduling a check for /home/runner/work/ozone/ozone/mnt/ozone/hadoop-ozone/integration-test/target/test-dir/MiniOzoneClusterImpl-603eb75f-c0c9-4b57-9906-10dc47a08d14/datanode-0/data-0/containers/hdds
2021-07-01 01:15:25,255 [Listener at 127.0.0.1/41923] INFO  volume.StorageVolumeChecker (StorageVolumeChecker.java:checkAllVolumes(201)) - Scheduled health check for volume /home/runner/work/ozone/ozone/mnt/ozone/hadoop-ozone/integration-test/target/test-dir/MiniOzoneClusterImpl-603eb75f-c0c9-4b57-9906-10dc47a08d14/datanode-0/data-0/containers/hdds
2021-07-01 01:15:25,269 [Listener at 127.0.0.1/41923] INFO  volume.MutableVolumeSet (MutableVolumeSet.java:initializeVolumeSet(181)) - Added Volume : /home/runner/work/ozone/ozone/mnt/ozone/hadoop-ozone/integration-test/target/test-dir/MiniOzoneClusterImpl-603eb75f-c0c9-4b57-9906-10dc47a08d14/datanode-0/data/ratis to VolumeSet
2021-07-01 01:15:25,282 [Listener at 127.0.0.1/41923] INFO  ozoneimpl.ContainerReader (ContainerReader.java:<init>(98)) - Running in upgrade mode:true
2021-07-01 01:15:25,283 [Thread-670] INFO  ozoneimpl.ContainerReader (ContainerReader.java:readVolume(142)) - Start to verify containers on volume /home/runner/work/ozone/ozone/mnt/ozone/hadoop-ozone/integration-test/target/test-dir/MiniOzoneClusterImpl-603eb75f-c0c9-4b57-9906-10dc47a08d14/datanode-0/data-0/containers/hdds
2021-07-01 01:15:25,283 [Thread-670] INFO  ozoneimpl.ContainerReader (ContainerReader.java:readVolume(174)) - Finish verifying containers on volume /home/runner/work/ozone/ozone/mnt/ozone/hadoop-ozone/integration-test/target/test-dir/MiniOzoneClusterImpl-603eb75f-c0c9-4b57-9906-10dc47a08d14/datanode-0/data-0/containers/hdds
2021-07-01 01:15:25,283 [Listener at 127.0.0.1/41923] INFO  ozoneimpl.OzoneContainer (OzoneContainer.java:buildContainerSet(237)) - Build ContainerSet costs 0s
2021-07-01 01:15:25,285 [Listener at 127.0.0.1/41923] INFO  server.RaftServer (ConfUtils.java:logGet(44)) - raft.rpc.type = GRPC (default)
2021-07-01 01:15:25,285 [Listener at 127.0.0.1/41923] INFO  grpc.GrpcFactory (GrpcFactory.java:checkPooledByteBufAllocatorUseCacheForAllThreads(48)) - PERFORMANCE WARNING: useCacheForAllThreads is true that may cause Netty to create a lot garbage objects and, as a result, trigger GC.
	It is recommended to disable useCacheForAllThreads by setting -Dorg.apache.ratis.thirdparty.io.netty.allocator.useCacheForAllThreads=false in command line.
2021-07-01 01:15:25,285 [Listener at 127.0.0.1/41923] INFO  grpc.GrpcConfigKeys (ConfUtils.java:logGet(44)) - raft.grpc.admin.port = 0 (custom)
2021-07-01 01:15:25,285 [Listener at 127.0.0.1/41923] INFO  grpc.GrpcConfigKeys (ConfUtils.java:logGet(44)) - raft.grpc.client.port = 0 (custom)
2021-07-01 01:15:25,285 [Listener at 127.0.0.1/41923] INFO  grpc.GrpcConfigKeys (ConfUtils.java:logGet(44)) - raft.grpc.server.port = 0 (default)
2021-07-01 01:15:25,286 [Listener at 127.0.0.1/41923] INFO  server.GrpcService (ConfUtils.java:logGet(44)) - raft.grpc.message.size.max = 32MB (=33554432) (custom)
2021-07-01 01:15:25,286 [Listener at 127.0.0.1/41923] INFO  server.RaftServerConfigKeys (ConfUtils.java:logGet(44)) - raft.server.log.appender.buffer.byte-limit = 33554432 (custom)
2021-07-01 01:15:25,286 [Listener at 127.0.0.1/41923] INFO  server.GrpcService (ConfUtils.java:logGet(44)) - raft.grpc.flow.control.window = 5MB (=5242880) (custom)
2021-07-01 01:15:25,286 [Listener at 127.0.0.1/41923] INFO  server.RaftServerConfigKeys (ConfUtils.java:logGet(44)) - raft.server.rpc.request.timeout = 3000ms (default)
2021-07-01 01:15:25,287 [Listener at 127.0.0.1/41923] INFO  impl.DataStreamServerImpl (ConfUtils.java:logGet(44)) - raft.datastream.type = DISABLED (default)
2021-07-01 01:15:25,287 [Listener at 127.0.0.1/41923] INFO  server.RaftServerConfigKeys (ConfUtils.java:logGet(44)) - raft.server.rpc.slowness.timeout = 300000ms (custom)
2021-07-01 01:15:25,288 [Listener at 127.0.0.1/41923] INFO  server.RaftServerConfigKeys (ConfUtils.java:logGet(44)) - raft.server.leaderelection.leader.step-down.wait-time = 10s (default)
2021-07-01 01:15:25,288 [Listener at 127.0.0.1/41923] INFO  server.RaftServerConfigKeys (ConfUtils.java:logGet(44)) - raft.server.storage.dir = [/home/runner/work/ozone/ozone/mnt/ozone/hadoop-ozone/integration-test/target/test-dir/MiniOzoneClusterImpl-603eb75f-c0c9-4b57-9906-10dc47a08d14/datanode-0/data/ratis] (custom)
2021-07-01 01:15:25,290 [Listener at 127.0.0.1/41923] INFO  http.BaseHttpServer (BaseHttpServer.java:newHttpServer2BuilderForOzone(209)) - Starting Web-server for hddsDatanode at: http://0.0.0.0:0
2021-07-01 01:15:25,291 [Listener at 127.0.0.1/41923] INFO  http.BaseHttpServer (BaseHttpServer.java:<init>(107)) - Hadoop Security Enabled: false Ozone Security Enabled: false Ozone HTTP Security Enabled: false 
2021-07-01 01:15:25,291 [Listener at 127.0.0.1/41923] INFO  server.AuthenticationFilter (AuthenticationFilter.java:constructSecretProvider(240)) - Unable to initialize FileSignerSecretProvider, falling back to use random secrets.
2021-07-01 01:15:25,292 [Listener at 127.0.0.1/41923] WARN  http.HttpRequestLog (HttpRequestLog.java:getRequestLog(103)) - Jetty request log can only be enabled using Log4j
2021-07-01 01:15:25,293 [Listener at 127.0.0.1/41923] INFO  http.HttpServer2 (HttpServer2.java:addGlobalFilter(1020)) - Added global filter 'safety' (class=org.apache.hadoop.hdds.server.http.HttpServer2$QuotingInputFilter)
2021-07-01 01:15:25,293 [Listener at 127.0.0.1/41923] INFO  http.HttpServer2 (HttpServer2.java:addFilter(996)) - Added filter static_user_filter (class=org.apache.hadoop.http.lib.StaticUserWebFilter$StaticUserFilter) to context hddsDatanode
2021-07-01 01:15:25,293 [Listener at 127.0.0.1/41923] INFO  http.HttpServer2 (HttpServer2.java:addFilter(1004)) - Added filter static_user_filter (class=org.apache.hadoop.http.lib.StaticUserWebFilter$StaticUserFilter) to context logs
2021-07-01 01:15:25,293 [Listener at 127.0.0.1/41923] INFO  http.HttpServer2 (HttpServer2.java:addFilter(1004)) - Added filter static_user_filter (class=org.apache.hadoop.http.lib.StaticUserWebFilter$StaticUserFilter) to context static
2021-07-01 01:15:25,294 [Listener at 127.0.0.1/41923] INFO  http.HttpServer2 (HttpServer2.java:bindListener(1238)) - Jetty bound to port 42053
2021-07-01 01:15:25,294 [Listener at 127.0.0.1/41923] INFO  server.Server (Server.java:doStart(375)) - jetty-9.4.35.v20201120; built: 2020-11-20T21:17:03.964Z; git: bdc54f03a5e0a7e280fab27f55c3c75ee8da89fb; jvm 1.8.0_292-b10
2021-07-01 01:15:25,295 [Listener at 127.0.0.1/41923] INFO  server.session (DefaultSessionIdManager.java:doStart(334)) - DefaultSessionIdManager workerName=node0
2021-07-01 01:15:25,295 [Listener at 127.0.0.1/41923] INFO  server.session (DefaultSessionIdManager.java:doStart(339)) - No SessionScavenger set, using defaults
2021-07-01 01:15:25,296 [Listener at 127.0.0.1/41923] INFO  server.session (HouseKeeper.java:startScavenging(132)) - node0 Scavenging every 660000ms
2021-07-01 01:15:25,296 [Listener at 127.0.0.1/41923] INFO  handler.ContextHandler (ContextHandler.java:doStart(916)) - Started o.e.j.s.ServletContextHandler@1d03099a{logs,/logs,file:///home/runner/work/ozone/ozone/mnt/ozone/hadoop-ozone/integration-test/target/log,AVAILABLE}
2021-07-01 01:15:25,297 [Listener at 127.0.0.1/41923] INFO  handler.ContextHandler (ContextHandler.java:doStart(916)) - Started o.e.j.s.ServletContextHandler@1ba9cb25{static,/static,jar:file:/home/runner/.m2/repository/org/apache/ozone/hdds-container-service/1.2.0-SNAPSHOT/hdds-container-service-1.2.0-SNAPSHOT.jar!/webapps/static,AVAILABLE}
2021-07-01 01:15:25,343 [Listener at 127.0.0.1/41923] INFO  handler.ContextHandler (ContextHandler.java:doStart(916)) - Started o.e.j.w.WebAppContext@6d425496{hddsDatanode,/,file:///tmp/jetty-0_0_0_0-42053-hdds-container-service-1_2_0-SNAPSHOT_jar-_-any-5419495249223302123/webapp/,AVAILABLE}{jar:file:/home/runner/.m2/repository/org/apache/ozone/hdds-container-service/1.2.0-SNAPSHOT/hdds-container-service-1.2.0-SNAPSHOT.jar!/webapps/hddsDatanode}
2021-07-01 01:15:25,344 [Listener at 127.0.0.1/41923] INFO  server.AbstractConnector (AbstractConnector.java:doStart(331)) - Started ServerConnector@60ea4426{HTTP/1.1, (http/1.1)}{0.0.0.0:42053}
2021-07-01 01:15:25,344 [Listener at 127.0.0.1/41923] INFO  server.Server (Server.java:doStart(415)) - Started @62522ms
2021-07-01 01:15:25,344 [Listener at 127.0.0.1/41923] WARN  impl.MetricsSystemImpl (MetricsSystemImpl.java:register(279)) - Sink prometheus already exists!
2021-07-01 01:15:25,345 [Listener at 127.0.0.1/41923] INFO  http.BaseHttpServer (BaseHttpServer.java:updateConnectorAddress(329)) - HTTP server of hddsDatanode listening at http://0.0.0.0:42053
2021-07-01 01:15:25,345 [Listener at 127.0.0.1/41923] INFO  impl.MetricsSystemImpl (MetricsSystemImpl.java:init(158)) - HddsDatanode metrics system started (again)
2021-07-01 01:15:25,347 [Listener at 127.0.0.1/41923] INFO  ozone.HddsDatanodeService (HddsDatanodeService.java:start(221)) - HddsDatanodeService host:fv-az195-275.u3nnjwd0vyge1bu22idnsdeq2e.cx.internal.cloudapp.net ip:10.1.0.5
2021-07-01 01:15:25,354 [org.apache.hadoop.util.JvmPauseMonitor$Monitor@3dd1bdf2] INFO  util.JvmPauseMonitor (JvmPauseMonitor.java:run(188)) - Starting JVM pause monitor
2021-07-01 01:15:25,356 [Datanode State Machine Task Thread - 0] INFO  datanode.InitDatanodeState (InitDatanodeState.java:persistContainerDatanodeDetails(145)) - DatanodeDetails is persisted to /home/runner/work/ozone/ozone/mnt/ozone/hadoop-ozone/integration-test/target/test-dir/MiniOzoneClusterImpl-603eb75f-c0c9-4b57-9906-10dc47a08d14/datanode-0/meta/datanode.id
2021-07-01 01:15:25,364 [Listener at 127.0.0.1/41923] INFO  volume.HddsVolume (HddsVolume.java:<init>(119)) - Creating HddsVolume: /home/runner/work/ozone/ozone/mnt/ozone/hadoop-ozone/integration-test/target/test-dir/MiniOzoneClusterImpl-603eb75f-c0c9-4b57-9906-10dc47a08d14/datanode-1/data-0/containers/hdds of storage type : DISK capacity : 9223372036854775807
2021-07-01 01:15:25,365 [Listener at 127.0.0.1/41923] INFO  volume.MutableVolumeSet (MutableVolumeSet.java:initializeVolumeSet(181)) - Added Volume : /home/runner/work/ozone/ozone/mnt/ozone/hadoop-ozone/integration-test/target/test-dir/MiniOzoneClusterImpl-603eb75f-c0c9-4b57-9906-10dc47a08d14/datanode-1/data-0/containers/hdds to VolumeSet
2021-07-01 01:15:25,365 [Listener at 127.0.0.1/41923] INFO  volume.ThrottledAsyncChecker (ThrottledAsyncChecker.java:schedule(141)) - Scheduling a check for /home/runner/work/ozone/ozone/mnt/ozone/hadoop-ozone/integration-test/target/test-dir/MiniOzoneClusterImpl-603eb75f-c0c9-4b57-9906-10dc47a08d14/datanode-1/data-0/containers/hdds
2021-07-01 01:15:25,365 [Listener at 127.0.0.1/41923] INFO  volume.StorageVolumeChecker (StorageVolumeChecker.java:checkAllVolumes(201)) - Scheduled health check for volume /home/runner/work/ozone/ozone/mnt/ozone/hadoop-ozone/integration-test/target/test-dir/MiniOzoneClusterImpl-603eb75f-c0c9-4b57-9906-10dc47a08d14/datanode-1/data-0/containers/hdds
2021-07-01 01:15:25,379 [Listener at 127.0.0.1/41923] INFO  volume.MutableVolumeSet (MutableVolumeSet.java:initializeVolumeSet(181)) - Added Volume : /home/runner/work/ozone/ozone/mnt/ozone/hadoop-ozone/integration-test/target/test-dir/MiniOzoneClusterImpl-603eb75f-c0c9-4b57-9906-10dc47a08d14/datanode-1/data/ratis to VolumeSet
2021-07-01 01:15:25,391 [Listener at 127.0.0.1/41923] INFO  ozoneimpl.ContainerReader (ContainerReader.java:<init>(98)) - Running in upgrade mode:true
2021-07-01 01:15:25,395 [Thread-681] INFO  ozoneimpl.ContainerReader (ContainerReader.java:readVolume(142)) - Start to verify containers on volume /home/runner/work/ozone/ozone/mnt/ozone/hadoop-ozone/integration-test/target/test-dir/MiniOzoneClusterImpl-603eb75f-c0c9-4b57-9906-10dc47a08d14/datanode-1/data-0/containers/hdds
2021-07-01 01:15:25,395 [Thread-681] INFO  ozoneimpl.ContainerReader (ContainerReader.java:readVolume(174)) - Finish verifying containers on volume /home/runner/work/ozone/ozone/mnt/ozone/hadoop-ozone/integration-test/target/test-dir/MiniOzoneClusterImpl-603eb75f-c0c9-4b57-9906-10dc47a08d14/datanode-1/data-0/containers/hdds
2021-07-01 01:15:25,395 [Listener at 127.0.0.1/41923] INFO  ozoneimpl.OzoneContainer (OzoneContainer.java:buildContainerSet(237)) - Build ContainerSet costs 0s
2021-07-01 01:15:25,397 [Listener at 127.0.0.1/41923] INFO  server.RaftServer (ConfUtils.java:logGet(44)) - raft.rpc.type = GRPC (default)
2021-07-01 01:15:25,397 [Listener at 127.0.0.1/41923] INFO  grpc.GrpcFactory (GrpcFactory.java:checkPooledByteBufAllocatorUseCacheForAllThreads(48)) - PERFORMANCE WARNING: useCacheForAllThreads is true that may cause Netty to create a lot garbage objects and, as a result, trigger GC.
	It is recommended to disable useCacheForAllThreads by setting -Dorg.apache.ratis.thirdparty.io.netty.allocator.useCacheForAllThreads=false in command line.
2021-07-01 01:15:25,397 [Listener at 127.0.0.1/41923] INFO  grpc.GrpcConfigKeys (ConfUtils.java:logGet(44)) - raft.grpc.admin.port = 0 (custom)
2021-07-01 01:15:25,398 [Listener at 127.0.0.1/41923] INFO  grpc.GrpcConfigKeys (ConfUtils.java:logGet(44)) - raft.grpc.client.port = 0 (custom)
2021-07-01 01:15:25,398 [Listener at 127.0.0.1/41923] INFO  grpc.GrpcConfigKeys (ConfUtils.java:logGet(44)) - raft.grpc.server.port = 0 (default)
2021-07-01 01:15:25,398 [Listener at 127.0.0.1/41923] INFO  server.GrpcService (ConfUtils.java:logGet(44)) - raft.grpc.message.size.max = 32MB (=33554432) (custom)
2021-07-01 01:15:25,398 [Listener at 127.0.0.1/41923] INFO  server.RaftServerConfigKeys (ConfUtils.java:logGet(44)) - raft.server.log.appender.buffer.byte-limit = 33554432 (custom)
2021-07-01 01:15:25,398 [Listener at 127.0.0.1/41923] INFO  server.GrpcService (ConfUtils.java:logGet(44)) - raft.grpc.flow.control.window = 5MB (=5242880) (custom)
2021-07-01 01:15:25,398 [Listener at 127.0.0.1/41923] INFO  server.RaftServerConfigKeys (ConfUtils.java:logGet(44)) - raft.server.rpc.request.timeout = 3000ms (default)
2021-07-01 01:15:25,399 [Listener at 127.0.0.1/41923] INFO  impl.DataStreamServerImpl (ConfUtils.java:logGet(44)) - raft.datastream.type = DISABLED (default)
2021-07-01 01:15:25,399 [Listener at 127.0.0.1/41923] INFO  server.RaftServerConfigKeys (ConfUtils.java:logGet(44)) - raft.server.rpc.slowness.timeout = 300000ms (custom)
2021-07-01 01:15:25,399 [Listener at 127.0.0.1/41923] INFO  server.RaftServerConfigKeys (ConfUtils.java:logGet(44)) - raft.server.leaderelection.leader.step-down.wait-time = 10s (default)
2021-07-01 01:15:25,400 [Listener at 127.0.0.1/41923] INFO  server.RaftServerConfigKeys (ConfUtils.java:logGet(44)) - raft.server.storage.dir = [/home/runner/work/ozone/ozone/mnt/ozone/hadoop-ozone/integration-test/target/test-dir/MiniOzoneClusterImpl-603eb75f-c0c9-4b57-9906-10dc47a08d14/datanode-1/data/ratis] (custom)
2021-07-01 01:15:25,402 [Listener at 127.0.0.1/41923] INFO  http.BaseHttpServer (BaseHttpServer.java:newHttpServer2BuilderForOzone(209)) - Starting Web-server for hddsDatanode at: http://0.0.0.0:0
2021-07-01 01:15:25,402 [Listener at 127.0.0.1/41923] INFO  http.BaseHttpServer (BaseHttpServer.java:<init>(107)) - Hadoop Security Enabled: false Ozone Security Enabled: false Ozone HTTP Security Enabled: false 
2021-07-01 01:15:25,403 [Listener at 127.0.0.1/41923] INFO  server.AuthenticationFilter (AuthenticationFilter.java:constructSecretProvider(240)) - Unable to initialize FileSignerSecretProvider, falling back to use random secrets.
2021-07-01 01:15:25,404 [Listener at 127.0.0.1/41923] WARN  http.HttpRequestLog (HttpRequestLog.java:getRequestLog(103)) - Jetty request log can only be enabled using Log4j
2021-07-01 01:15:25,404 [Listener at 127.0.0.1/41923] INFO  http.HttpServer2 (HttpServer2.java:addGlobalFilter(1020)) - Added global filter 'safety' (class=org.apache.hadoop.hdds.server.http.HttpServer2$QuotingInputFilter)
2021-07-01 01:15:25,405 [Listener at 127.0.0.1/41923] INFO  http.HttpServer2 (HttpServer2.java:addFilter(996)) - Added filter static_user_filter (class=org.apache.hadoop.http.lib.StaticUserWebFilter$StaticUserFilter) to context hddsDatanode
2021-07-01 01:15:25,405 [Listener at 127.0.0.1/41923] INFO  http.HttpServer2 (HttpServer2.java:addFilter(1004)) - Added filter static_user_filter (class=org.apache.hadoop.http.lib.StaticUserWebFilter$StaticUserFilter) to context logs
2021-07-01 01:15:25,405 [Listener at 127.0.0.1/41923] INFO  http.HttpServer2 (HttpServer2.java:addFilter(1004)) - Added filter static_user_filter (class=org.apache.hadoop.http.lib.StaticUserWebFilter$StaticUserFilter) to context static
2021-07-01 01:15:25,406 [Listener at 127.0.0.1/41923] INFO  http.HttpServer2 (HttpServer2.java:bindListener(1238)) - Jetty bound to port 38597
2021-07-01 01:15:25,406 [Listener at 127.0.0.1/41923] INFO  server.Server (Server.java:doStart(375)) - jetty-9.4.35.v20201120; built: 2020-11-20T21:17:03.964Z; git: bdc54f03a5e0a7e280fab27f55c3c75ee8da89fb; jvm 1.8.0_292-b10
2021-07-01 01:15:25,407 [Listener at 127.0.0.1/41923] INFO  server.session (DefaultSessionIdManager.java:doStart(334)) - DefaultSessionIdManager workerName=node0
2021-07-01 01:15:25,407 [Listener at 127.0.0.1/41923] INFO  server.session (DefaultSessionIdManager.java:doStart(339)) - No SessionScavenger set, using defaults
2021-07-01 01:15:25,408 [Listener at 127.0.0.1/41923] INFO  server.session (HouseKeeper.java:startScavenging(132)) - node0 Scavenging every 660000ms
2021-07-01 01:15:25,408 [Listener at 127.0.0.1/41923] INFO  handler.ContextHandler (ContextHandler.java:doStart(916)) - Started o.e.j.s.ServletContextHandler@44b5652d{logs,/logs,file:///home/runner/work/ozone/ozone/mnt/ozone/hadoop-ozone/integration-test/target/log,AVAILABLE}
2021-07-01 01:15:25,409 [Listener at 127.0.0.1/41923] INFO  handler.ContextHandler (ContextHandler.java:doStart(916)) - Started o.e.j.s.ServletContextHandler@4d236a2b{static,/static,jar:file:/home/runner/.m2/repository/org/apache/ozone/hdds-container-service/1.2.0-SNAPSHOT/hdds-container-service-1.2.0-SNAPSHOT.jar!/webapps/static,AVAILABLE}
2021-07-01 01:15:25,454 [Listener at 127.0.0.1/41923] INFO  handler.ContextHandler (ContextHandler.java:doStart(916)) - Started o.e.j.w.WebAppContext@6a9d7514{hddsDatanode,/,file:///tmp/jetty-0_0_0_0-38597-hdds-container-service-1_2_0-SNAPSHOT_jar-_-any-3963227308273009073/webapp/,AVAILABLE}{jar:file:/home/runner/.m2/repository/org/apache/ozone/hdds-container-service/1.2.0-SNAPSHOT/hdds-container-service-1.2.0-SNAPSHOT.jar!/webapps/hddsDatanode}
2021-07-01 01:15:25,455 [Listener at 127.0.0.1/41923] INFO  server.AbstractConnector (AbstractConnector.java:doStart(331)) - Started ServerConnector@371ce753{HTTP/1.1, (http/1.1)}{0.0.0.0:38597}
2021-07-01 01:15:25,456 [Listener at 127.0.0.1/41923] INFO  server.Server (Server.java:doStart(415)) - Started @62633ms
2021-07-01 01:15:25,456 [Listener at 127.0.0.1/41923] WARN  impl.MetricsSystemImpl (MetricsSystemImpl.java:register(279)) - Sink prometheus already exists!
2021-07-01 01:15:25,457 [Listener at 127.0.0.1/41923] INFO  http.BaseHttpServer (BaseHttpServer.java:updateConnectorAddress(329)) - HTTP server of hddsDatanode listening at http://0.0.0.0:38597
2021-07-01 01:15:25,458 [Listener at 127.0.0.1/41923] INFO  impl.MetricsSystemImpl (MetricsSystemImpl.java:init(158)) - HddsDatanode metrics system started (again)
2021-07-01 01:15:25,459 [Listener at 127.0.0.1/41923] INFO  ozone.HddsDatanodeService (HddsDatanodeService.java:start(221)) - HddsDatanodeService host:fv-az195-275.u3nnjwd0vyge1bu22idnsdeq2e.cx.internal.cloudapp.net ip:10.1.0.5
2021-07-01 01:15:25,474 [org.apache.hadoop.util.JvmPauseMonitor$Monitor@1eb2d9c5] INFO  util.JvmPauseMonitor (JvmPauseMonitor.java:run(188)) - Starting JVM pause monitor
2021-07-01 01:15:25,476 [Datanode State Machine Task Thread - 0] INFO  datanode.InitDatanodeState (InitDatanodeState.java:persistContainerDatanodeDetails(145)) - DatanodeDetails is persisted to /home/runner/work/ozone/ozone/mnt/ozone/hadoop-ozone/integration-test/target/test-dir/MiniOzoneClusterImpl-603eb75f-c0c9-4b57-9906-10dc47a08d14/datanode-1/meta/datanode.id
2021-07-01 01:15:25,480 [Listener at 127.0.0.1/41923] INFO  volume.HddsVolume (HddsVolume.java:<init>(119)) - Creating HddsVolume: /home/runner/work/ozone/ozone/mnt/ozone/hadoop-ozone/integration-test/target/test-dir/MiniOzoneClusterImpl-603eb75f-c0c9-4b57-9906-10dc47a08d14/datanode-2/data-0/containers/hdds of storage type : DISK capacity : 9223372036854775807
2021-07-01 01:15:25,480 [Listener at 127.0.0.1/41923] INFO  volume.MutableVolumeSet (MutableVolumeSet.java:initializeVolumeSet(181)) - Added Volume : /home/runner/work/ozone/ozone/mnt/ozone/hadoop-ozone/integration-test/target/test-dir/MiniOzoneClusterImpl-603eb75f-c0c9-4b57-9906-10dc47a08d14/datanode-2/data-0/containers/hdds to VolumeSet
2021-07-01 01:15:25,480 [Listener at 127.0.0.1/41923] INFO  volume.ThrottledAsyncChecker (ThrottledAsyncChecker.java:schedule(141)) - Scheduling a check for /home/runner/work/ozone/ozone/mnt/ozone/hadoop-ozone/integration-test/target/test-dir/MiniOzoneClusterImpl-603eb75f-c0c9-4b57-9906-10dc47a08d14/datanode-2/data-0/containers/hdds
2021-07-01 01:15:25,480 [Listener at 127.0.0.1/41923] INFO  volume.StorageVolumeChecker (StorageVolumeChecker.java:checkAllVolumes(201)) - Scheduled health check for volume /home/runner/work/ozone/ozone/mnt/ozone/hadoop-ozone/integration-test/target/test-dir/MiniOzoneClusterImpl-603eb75f-c0c9-4b57-9906-10dc47a08d14/datanode-2/data-0/containers/hdds
2021-07-01 01:15:25,493 [Listener at 127.0.0.1/41923] INFO  volume.MutableVolumeSet (MutableVolumeSet.java:initializeVolumeSet(181)) - Added Volume : /home/runner/work/ozone/ozone/mnt/ozone/hadoop-ozone/integration-test/target/test-dir/MiniOzoneClusterImpl-603eb75f-c0c9-4b57-9906-10dc47a08d14/datanode-2/data/ratis to VolumeSet
2021-07-01 01:15:25,506 [Listener at 127.0.0.1/41923] INFO  ozoneimpl.ContainerReader (ContainerReader.java:<init>(98)) - Running in upgrade mode:true
2021-07-01 01:15:25,506 [Thread-692] INFO  ozoneimpl.ContainerReader (ContainerReader.java:readVolume(142)) - Start to verify containers on volume /home/runner/work/ozone/ozone/mnt/ozone/hadoop-ozone/integration-test/target/test-dir/MiniOzoneClusterImpl-603eb75f-c0c9-4b57-9906-10dc47a08d14/datanode-2/data-0/containers/hdds
2021-07-01 01:15:25,506 [Thread-692] INFO  ozoneimpl.ContainerReader (ContainerReader.java:readVolume(174)) - Finish verifying containers on volume /home/runner/work/ozone/ozone/mnt/ozone/hadoop-ozone/integration-test/target/test-dir/MiniOzoneClusterImpl-603eb75f-c0c9-4b57-9906-10dc47a08d14/datanode-2/data-0/containers/hdds
2021-07-01 01:15:25,506 [Listener at 127.0.0.1/41923] INFO  ozoneimpl.OzoneContainer (OzoneContainer.java:buildContainerSet(237)) - Build ContainerSet costs 0s
2021-07-01 01:15:25,508 [Listener at 127.0.0.1/41923] INFO  server.RaftServer (ConfUtils.java:logGet(44)) - raft.rpc.type = GRPC (default)
2021-07-01 01:15:25,508 [Listener at 127.0.0.1/41923] INFO  grpc.GrpcFactory (GrpcFactory.java:checkPooledByteBufAllocatorUseCacheForAllThreads(48)) - PERFORMANCE WARNING: useCacheForAllThreads is true that may cause Netty to create a lot garbage objects and, as a result, trigger GC.
	It is recommended to disable useCacheForAllThreads by setting -Dorg.apache.ratis.thirdparty.io.netty.allocator.useCacheForAllThreads=false in command line.
2021-07-01 01:15:25,508 [Listener at 127.0.0.1/41923] INFO  grpc.GrpcConfigKeys (ConfUtils.java:logGet(44)) - raft.grpc.admin.port = 0 (custom)
2021-07-01 01:15:25,509 [Listener at 127.0.0.1/41923] INFO  grpc.GrpcConfigKeys (ConfUtils.java:logGet(44)) - raft.grpc.client.port = 0 (custom)
2021-07-01 01:15:25,509 [Listener at 127.0.0.1/41923] INFO  grpc.GrpcConfigKeys (ConfUtils.java:logGet(44)) - raft.grpc.server.port = 0 (default)
2021-07-01 01:15:25,509 [Listener at 127.0.0.1/41923] INFO  server.GrpcService (ConfUtils.java:logGet(44)) - raft.grpc.message.size.max = 32MB (=33554432) (custom)
2021-07-01 01:15:25,509 [Listener at 127.0.0.1/41923] INFO  server.RaftServerConfigKeys (ConfUtils.java:logGet(44)) - raft.server.log.appender.buffer.byte-limit = 33554432 (custom)
2021-07-01 01:15:25,509 [Listener at 127.0.0.1/41923] INFO  server.GrpcService (ConfUtils.java:logGet(44)) - raft.grpc.flow.control.window = 5MB (=5242880) (custom)
2021-07-01 01:15:25,509 [Listener at 127.0.0.1/41923] INFO  server.RaftServerConfigKeys (ConfUtils.java:logGet(44)) - raft.server.rpc.request.timeout = 3000ms (default)
2021-07-01 01:15:25,510 [Listener at 127.0.0.1/41923] INFO  impl.DataStreamServerImpl (ConfUtils.java:logGet(44)) - raft.datastream.type = DISABLED (default)
2021-07-01 01:15:25,510 [Listener at 127.0.0.1/41923] INFO  server.RaftServerConfigKeys (ConfUtils.java:logGet(44)) - raft.server.rpc.slowness.timeout = 300000ms (custom)
2021-07-01 01:15:25,510 [Listener at 127.0.0.1/41923] INFO  server.RaftServerConfigKeys (ConfUtils.java:logGet(44)) - raft.server.leaderelection.leader.step-down.wait-time = 10s (default)
2021-07-01 01:15:25,511 [Listener at 127.0.0.1/41923] INFO  server.RaftServerConfigKeys (ConfUtils.java:logGet(44)) - raft.server.storage.dir = [/home/runner/work/ozone/ozone/mnt/ozone/hadoop-ozone/integration-test/target/test-dir/MiniOzoneClusterImpl-603eb75f-c0c9-4b57-9906-10dc47a08d14/datanode-2/data/ratis] (custom)
2021-07-01 01:15:25,513 [Listener at 127.0.0.1/41923] INFO  http.BaseHttpServer (BaseHttpServer.java:newHttpServer2BuilderForOzone(209)) - Starting Web-server for hddsDatanode at: http://0.0.0.0:0
2021-07-01 01:15:25,513 [Listener at 127.0.0.1/41923] INFO  http.BaseHttpServer (BaseHttpServer.java:<init>(107)) - Hadoop Security Enabled: false Ozone Security Enabled: false Ozone HTTP Security Enabled: false 
2021-07-01 01:15:25,515 [Listener at 127.0.0.1/41923] INFO  server.AuthenticationFilter (AuthenticationFilter.java:constructSecretProvider(240)) - Unable to initialize FileSignerSecretProvider, falling back to use random secrets.
2021-07-01 01:15:25,515 [Listener at 127.0.0.1/41923] WARN  http.HttpRequestLog (HttpRequestLog.java:getRequestLog(103)) - Jetty request log can only be enabled using Log4j
2021-07-01 01:15:25,516 [Listener at 127.0.0.1/41923] INFO  http.HttpServer2 (HttpServer2.java:addGlobalFilter(1020)) - Added global filter 'safety' (class=org.apache.hadoop.hdds.server.http.HttpServer2$QuotingInputFilter)
2021-07-01 01:15:25,517 [Listener at 127.0.0.1/41923] INFO  http.HttpServer2 (HttpServer2.java:addFilter(996)) - Added filter static_user_filter (class=org.apache.hadoop.http.lib.StaticUserWebFilter$StaticUserFilter) to context hddsDatanode
2021-07-01 01:15:25,517 [Listener at 127.0.0.1/41923] INFO  http.HttpServer2 (HttpServer2.java:addFilter(1004)) - Added filter static_user_filter (class=org.apache.hadoop.http.lib.StaticUserWebFilter$StaticUserFilter) to context static
2021-07-01 01:15:25,517 [Listener at 127.0.0.1/41923] INFO  http.HttpServer2 (HttpServer2.java:addFilter(1004)) - Added filter static_user_filter (class=org.apache.hadoop.http.lib.StaticUserWebFilter$StaticUserFilter) to context logs
2021-07-01 01:15:25,518 [Listener at 127.0.0.1/41923] INFO  http.HttpServer2 (HttpServer2.java:bindListener(1238)) - Jetty bound to port 42679
2021-07-01 01:15:25,518 [Listener at 127.0.0.1/41923] INFO  server.Server (Server.java:doStart(375)) - jetty-9.4.35.v20201120; built: 2020-11-20T21:17:03.964Z; git: bdc54f03a5e0a7e280fab27f55c3c75ee8da89fb; jvm 1.8.0_292-b10
2021-07-01 01:15:25,524 [Listener at 127.0.0.1/41923] INFO  server.session (DefaultSessionIdManager.java:doStart(334)) - DefaultSessionIdManager workerName=node0
2021-07-01 01:15:25,524 [Listener at 127.0.0.1/41923] INFO  server.session (DefaultSessionIdManager.java:doStart(339)) - No SessionScavenger set, using defaults
2021-07-01 01:15:25,524 [Listener at 127.0.0.1/41923] INFO  server.session (HouseKeeper.java:startScavenging(132)) - node0 Scavenging every 660000ms
2021-07-01 01:15:25,525 [Listener at 127.0.0.1/41923] INFO  handler.ContextHandler (ContextHandler.java:doStart(916)) - Started o.e.j.s.ServletContextHandler@2caae5b5{logs,/logs,file:///home/runner/work/ozone/ozone/mnt/ozone/hadoop-ozone/integration-test/target/log,AVAILABLE}
2021-07-01 01:15:25,526 [Listener at 127.0.0.1/41923] INFO  handler.ContextHandler (ContextHandler.java:doStart(916)) - Started o.e.j.s.ServletContextHandler@657486c1{static,/static,jar:file:/home/runner/.m2/repository/org/apache/ozone/hdds-container-service/1.2.0-SNAPSHOT/hdds-container-service-1.2.0-SNAPSHOT.jar!/webapps/static,AVAILABLE}
2021-07-01 01:15:25,572 [Listener at 127.0.0.1/41923] INFO  handler.ContextHandler (ContextHandler.java:doStart(916)) - Started o.e.j.w.WebAppContext@3bd35bd0{hddsDatanode,/,file:///tmp/jetty-0_0_0_0-42679-hdds-container-service-1_2_0-SNAPSHOT_jar-_-any-7027945681811311040/webapp/,AVAILABLE}{jar:file:/home/runner/.m2/repository/org/apache/ozone/hdds-container-service/1.2.0-SNAPSHOT/hdds-container-service-1.2.0-SNAPSHOT.jar!/webapps/hddsDatanode}
2021-07-01 01:15:25,574 [Listener at 127.0.0.1/41923] INFO  server.AbstractConnector (AbstractConnector.java:doStart(331)) - Started ServerConnector@402e4e9b{HTTP/1.1, (http/1.1)}{0.0.0.0:42679}
2021-07-01 01:15:25,574 [Listener at 127.0.0.1/41923] INFO  server.Server (Server.java:doStart(415)) - Started @62752ms
2021-07-01 01:15:25,574 [Listener at 127.0.0.1/41923] WARN  impl.MetricsSystemImpl (MetricsSystemImpl.java:register(279)) - Sink prometheus already exists!
2021-07-01 01:15:25,575 [Listener at 127.0.0.1/41923] INFO  http.BaseHttpServer (BaseHttpServer.java:updateConnectorAddress(329)) - HTTP server of hddsDatanode listening at http://0.0.0.0:42679
2021-07-01 01:15:25,579 [Listener at 127.0.0.1/41923] INFO  impl.MetricsSystemImpl (MetricsSystemImpl.java:init(158)) - HddsDatanode metrics system started (again)
2021-07-01 01:15:25,581 [Listener at 127.0.0.1/41923] INFO  ozone.HddsDatanodeService (HddsDatanodeService.java:start(221)) - HddsDatanodeService host:fv-az195-275.u3nnjwd0vyge1bu22idnsdeq2e.cx.internal.cloudapp.net ip:10.1.0.5
2021-07-01 01:15:25,591 [org.apache.hadoop.util.JvmPauseMonitor$Monitor@768eba5d] INFO  util.JvmPauseMonitor (JvmPauseMonitor.java:run(188)) - Starting JVM pause monitor
2021-07-01 01:15:25,594 [Datanode State Machine Task Thread - 0] INFO  datanode.InitDatanodeState (InitDatanodeState.java:persistContainerDatanodeDetails(145)) - DatanodeDetails is persisted to /home/runner/work/ozone/ozone/mnt/ozone/hadoop-ozone/integration-test/target/test-dir/MiniOzoneClusterImpl-603eb75f-c0c9-4b57-9906-10dc47a08d14/datanode-2/meta/datanode.id
2021-07-01 01:15:25,608 [Listener at 127.0.0.1/41923] INFO  volume.HddsVolume (HddsVolume.java:<init>(119)) - Creating HddsVolume: /home/runner/work/ozone/ozone/mnt/ozone/hadoop-ozone/integration-test/target/test-dir/MiniOzoneClusterImpl-603eb75f-c0c9-4b57-9906-10dc47a08d14/datanode-3/data-0/containers/hdds of storage type : DISK capacity : 9223372036854775807
2021-07-01 01:15:25,608 [Listener at 127.0.0.1/41923] INFO  volume.MutableVolumeSet (MutableVolumeSet.java:initializeVolumeSet(181)) - Added Volume : /home/runner/work/ozone/ozone/mnt/ozone/hadoop-ozone/integration-test/target/test-dir/MiniOzoneClusterImpl-603eb75f-c0c9-4b57-9906-10dc47a08d14/datanode-3/data-0/containers/hdds to VolumeSet
2021-07-01 01:15:25,608 [Listener at 127.0.0.1/41923] INFO  volume.ThrottledAsyncChecker (ThrottledAsyncChecker.java:schedule(141)) - Scheduling a check for /home/runner/work/ozone/ozone/mnt/ozone/hadoop-ozone/integration-test/target/test-dir/MiniOzoneClusterImpl-603eb75f-c0c9-4b57-9906-10dc47a08d14/datanode-3/data-0/containers/hdds
2021-07-01 01:15:25,610 [Listener at 127.0.0.1/41923] INFO  volume.StorageVolumeChecker (StorageVolumeChecker.java:checkAllVolumes(201)) - Scheduled health check for volume /home/runner/work/ozone/ozone/mnt/ozone/hadoop-ozone/integration-test/target/test-dir/MiniOzoneClusterImpl-603eb75f-c0c9-4b57-9906-10dc47a08d14/datanode-3/data-0/containers/hdds
2021-07-01 01:15:25,623 [Listener at 127.0.0.1/41923] INFO  volume.MutableVolumeSet (MutableVolumeSet.java:initializeVolumeSet(181)) - Added Volume : /home/runner/work/ozone/ozone/mnt/ozone/hadoop-ozone/integration-test/target/test-dir/MiniOzoneClusterImpl-603eb75f-c0c9-4b57-9906-10dc47a08d14/datanode-3/data/ratis to VolumeSet
2021-07-01 01:15:25,635 [Listener at 127.0.0.1/41923] INFO  ozoneimpl.ContainerReader (ContainerReader.java:<init>(98)) - Running in upgrade mode:true
2021-07-01 01:15:25,636 [Thread-703] INFO  ozoneimpl.ContainerReader (ContainerReader.java:readVolume(142)) - Start to verify containers on volume /home/runner/work/ozone/ozone/mnt/ozone/hadoop-ozone/integration-test/target/test-dir/MiniOzoneClusterImpl-603eb75f-c0c9-4b57-9906-10dc47a08d14/datanode-3/data-0/containers/hdds
2021-07-01 01:15:25,636 [Thread-703] INFO  ozoneimpl.ContainerReader (ContainerReader.java:readVolume(174)) - Finish verifying containers on volume /home/runner/work/ozone/ozone/mnt/ozone/hadoop-ozone/integration-test/target/test-dir/MiniOzoneClusterImpl-603eb75f-c0c9-4b57-9906-10dc47a08d14/datanode-3/data-0/containers/hdds
2021-07-01 01:15:25,636 [Listener at 127.0.0.1/41923] INFO  ozoneimpl.OzoneContainer (OzoneContainer.java:buildContainerSet(237)) - Build ContainerSet costs 0s
2021-07-01 01:15:25,638 [Listener at 127.0.0.1/41923] INFO  server.RaftServer (ConfUtils.java:logGet(44)) - raft.rpc.type = GRPC (default)
2021-07-01 01:15:25,638 [Listener at 127.0.0.1/41923] INFO  grpc.GrpcFactory (GrpcFactory.java:checkPooledByteBufAllocatorUseCacheForAllThreads(48)) - PERFORMANCE WARNING: useCacheForAllThreads is true that may cause Netty to create a lot garbage objects and, as a result, trigger GC.
	It is recommended to disable useCacheForAllThreads by setting -Dorg.apache.ratis.thirdparty.io.netty.allocator.useCacheForAllThreads=false in command line.
2021-07-01 01:15:25,638 [Listener at 127.0.0.1/41923] INFO  grpc.GrpcConfigKeys (ConfUtils.java:logGet(44)) - raft.grpc.admin.port = 0 (custom)
2021-07-01 01:15:25,638 [Listener at 127.0.0.1/41923] INFO  grpc.GrpcConfigKeys (ConfUtils.java:logGet(44)) - raft.grpc.client.port = 0 (custom)
2021-07-01 01:15:25,638 [Listener at 127.0.0.1/41923] INFO  grpc.GrpcConfigKeys (ConfUtils.java:logGet(44)) - raft.grpc.server.port = 0 (default)
2021-07-01 01:15:25,638 [Listener at 127.0.0.1/41923] INFO  server.GrpcService (ConfUtils.java:logGet(44)) - raft.grpc.message.size.max = 32MB (=33554432) (custom)
2021-07-01 01:15:25,639 [Listener at 127.0.0.1/41923] INFO  server.RaftServerConfigKeys (ConfUtils.java:logGet(44)) - raft.server.log.appender.buffer.byte-limit = 33554432 (custom)
2021-07-01 01:15:25,639 [Listener at 127.0.0.1/41923] INFO  server.GrpcService (ConfUtils.java:logGet(44)) - raft.grpc.flow.control.window = 5MB (=5242880) (custom)
2021-07-01 01:15:25,639 [Listener at 127.0.0.1/41923] INFO  server.RaftServerConfigKeys (ConfUtils.java:logGet(44)) - raft.server.rpc.request.timeout = 3000ms (default)
2021-07-01 01:15:25,640 [Listener at 127.0.0.1/41923] INFO  impl.DataStreamServerImpl (ConfUtils.java:logGet(44)) - raft.datastream.type = DISABLED (default)
2021-07-01 01:15:25,640 [Listener at 127.0.0.1/41923] INFO  server.RaftServerConfigKeys (ConfUtils.java:logGet(44)) - raft.server.rpc.slowness.timeout = 300000ms (custom)
2021-07-01 01:15:25,641 [Listener at 127.0.0.1/41923] INFO  server.RaftServerConfigKeys (ConfUtils.java:logGet(44)) - raft.server.leaderelection.leader.step-down.wait-time = 10s (default)
2021-07-01 01:15:25,641 [Listener at 127.0.0.1/41923] INFO  server.RaftServerConfigKeys (ConfUtils.java:logGet(44)) - raft.server.storage.dir = [/home/runner/work/ozone/ozone/mnt/ozone/hadoop-ozone/integration-test/target/test-dir/MiniOzoneClusterImpl-603eb75f-c0c9-4b57-9906-10dc47a08d14/datanode-3/data/ratis] (custom)
2021-07-01 01:15:25,643 [Listener at 127.0.0.1/41923] INFO  http.BaseHttpServer (BaseHttpServer.java:newHttpServer2BuilderForOzone(209)) - Starting Web-server for hddsDatanode at: http://0.0.0.0:0
2021-07-01 01:15:25,643 [Listener at 127.0.0.1/41923] INFO  http.BaseHttpServer (BaseHttpServer.java:<init>(107)) - Hadoop Security Enabled: false Ozone Security Enabled: false Ozone HTTP Security Enabled: false 
2021-07-01 01:15:25,644 [Listener at 127.0.0.1/41923] INFO  server.AuthenticationFilter (AuthenticationFilter.java:constructSecretProvider(240)) - Unable to initialize FileSignerSecretProvider, falling back to use random secrets.
2021-07-01 01:15:25,645 [Listener at 127.0.0.1/41923] WARN  http.HttpRequestLog (HttpRequestLog.java:getRequestLog(103)) - Jetty request log can only be enabled using Log4j
2021-07-01 01:15:25,645 [Listener at 127.0.0.1/41923] INFO  http.HttpServer2 (HttpServer2.java:addGlobalFilter(1020)) - Added global filter 'safety' (class=org.apache.hadoop.hdds.server.http.HttpServer2$QuotingInputFilter)
2021-07-01 01:15:25,646 [Listener at 127.0.0.1/41923] INFO  http.HttpServer2 (HttpServer2.java:addFilter(996)) - Added filter static_user_filter (class=org.apache.hadoop.http.lib.StaticUserWebFilter$StaticUserFilter) to context hddsDatanode
2021-07-01 01:15:25,646 [Listener at 127.0.0.1/41923] INFO  http.HttpServer2 (HttpServer2.java:addFilter(1004)) - Added filter static_user_filter (class=org.apache.hadoop.http.lib.StaticUserWebFilter$StaticUserFilter) to context logs
2021-07-01 01:15:25,646 [Listener at 127.0.0.1/41923] INFO  http.HttpServer2 (HttpServer2.java:addFilter(1004)) - Added filter static_user_filter (class=org.apache.hadoop.http.lib.StaticUserWebFilter$StaticUserFilter) to context static
2021-07-01 01:15:25,647 [Listener at 127.0.0.1/41923] INFO  http.HttpServer2 (HttpServer2.java:bindListener(1238)) - Jetty bound to port 41425
2021-07-01 01:15:25,647 [Listener at 127.0.0.1/41923] INFO  server.Server (Server.java:doStart(375)) - jetty-9.4.35.v20201120; built: 2020-11-20T21:17:03.964Z; git: bdc54f03a5e0a7e280fab27f55c3c75ee8da89fb; jvm 1.8.0_292-b10
2021-07-01 01:15:25,655 [Listener at 127.0.0.1/41923] INFO  server.session (DefaultSessionIdManager.java:doStart(334)) - DefaultSessionIdManager workerName=node0
2021-07-01 01:15:25,656 [Listener at 127.0.0.1/41923] INFO  server.session (DefaultSessionIdManager.java:doStart(339)) - No SessionScavenger set, using defaults
2021-07-01 01:15:25,656 [Listener at 127.0.0.1/41923] INFO  server.session (HouseKeeper.java:startScavenging(132)) - node0 Scavenging every 660000ms
2021-07-01 01:15:25,656 [Listener at 127.0.0.1/41923] INFO  handler.ContextHandler (ContextHandler.java:doStart(916)) - Started o.e.j.s.ServletContextHandler@413d8c78{logs,/logs,file:///home/runner/work/ozone/ozone/mnt/ozone/hadoop-ozone/integration-test/target/log,AVAILABLE}
2021-07-01 01:15:25,657 [Listener at 127.0.0.1/41923] INFO  handler.ContextHandler (ContextHandler.java:doStart(916)) - Started o.e.j.s.ServletContextHandler@5175d07d{static,/static,jar:file:/home/runner/.m2/repository/org/apache/ozone/hdds-container-service/1.2.0-SNAPSHOT/hdds-container-service-1.2.0-SNAPSHOT.jar!/webapps/static,AVAILABLE}
2021-07-01 01:15:25,702 [Listener at 127.0.0.1/41923] INFO  handler.ContextHandler (ContextHandler.java:doStart(916)) - Started o.e.j.w.WebAppContext@1ad30f6e{hddsDatanode,/,file:///tmp/jetty-0_0_0_0-41425-hdds-container-service-1_2_0-SNAPSHOT_jar-_-any-6953161331012219787/webapp/,AVAILABLE}{jar:file:/home/runner/.m2/repository/org/apache/ozone/hdds-container-service/1.2.0-SNAPSHOT/hdds-container-service-1.2.0-SNAPSHOT.jar!/webapps/hddsDatanode}
2021-07-01 01:15:25,703 [Listener at 127.0.0.1/41923] INFO  server.AbstractConnector (AbstractConnector.java:doStart(331)) - Started ServerConnector@3aabf6ae{HTTP/1.1, (http/1.1)}{0.0.0.0:41425}
2021-07-01 01:15:25,703 [Listener at 127.0.0.1/41923] INFO  server.Server (Server.java:doStart(415)) - Started @62881ms
2021-07-01 01:15:25,704 [Listener at 127.0.0.1/41923] WARN  impl.MetricsSystemImpl (MetricsSystemImpl.java:register(279)) - Sink prometheus already exists!
2021-07-01 01:15:25,704 [Listener at 127.0.0.1/41923] INFO  http.BaseHttpServer (BaseHttpServer.java:updateConnectorAddress(329)) - HTTP server of hddsDatanode listening at http://0.0.0.0:41425
2021-07-01 01:15:25,705 [Listener at 127.0.0.1/41923] INFO  impl.MetricsSystemImpl (MetricsSystemImpl.java:init(158)) - HddsDatanode metrics system started (again)
2021-07-01 01:15:25,706 [Listener at 127.0.0.1/41923] INFO  ozone.HddsDatanodeService (HddsDatanodeService.java:start(221)) - HddsDatanodeService host:fv-az195-275.u3nnjwd0vyge1bu22idnsdeq2e.cx.internal.cloudapp.net ip:10.1.0.5
2021-07-01 01:15:25,721 [org.apache.hadoop.util.JvmPauseMonitor$Monitor@520453f8] INFO  util.JvmPauseMonitor (JvmPauseMonitor.java:run(188)) - Starting JVM pause monitor
2021-07-01 01:15:25,724 [Datanode State Machine Task Thread - 0] INFO  datanode.InitDatanodeState (InitDatanodeState.java:persistContainerDatanodeDetails(145)) - DatanodeDetails is persisted to /home/runner/work/ozone/ozone/mnt/ozone/hadoop-ozone/integration-test/target/test-dir/MiniOzoneClusterImpl-603eb75f-c0c9-4b57-9906-10dc47a08d14/datanode-3/meta/datanode.id
2021-07-01 01:15:25,734 [Listener at 127.0.0.1/41923] INFO  volume.HddsVolume (HddsVolume.java:<init>(119)) - Creating HddsVolume: /home/runner/work/ozone/ozone/mnt/ozone/hadoop-ozone/integration-test/target/test-dir/MiniOzoneClusterImpl-603eb75f-c0c9-4b57-9906-10dc47a08d14/datanode-4/data-0/containers/hdds of storage type : DISK capacity : 9223372036854775807
2021-07-01 01:15:25,735 [Listener at 127.0.0.1/41923] INFO  volume.MutableVolumeSet (MutableVolumeSet.java:initializeVolumeSet(181)) - Added Volume : /home/runner/work/ozone/ozone/mnt/ozone/hadoop-ozone/integration-test/target/test-dir/MiniOzoneClusterImpl-603eb75f-c0c9-4b57-9906-10dc47a08d14/datanode-4/data-0/containers/hdds to VolumeSet
2021-07-01 01:15:25,735 [Listener at 127.0.0.1/41923] INFO  volume.ThrottledAsyncChecker (ThrottledAsyncChecker.java:schedule(141)) - Scheduling a check for /home/runner/work/ozone/ozone/mnt/ozone/hadoop-ozone/integration-test/target/test-dir/MiniOzoneClusterImpl-603eb75f-c0c9-4b57-9906-10dc47a08d14/datanode-4/data-0/containers/hdds
2021-07-01 01:15:25,735 [Listener at 127.0.0.1/41923] INFO  volume.StorageVolumeChecker (StorageVolumeChecker.java:checkAllVolumes(201)) - Scheduled health check for volume /home/runner/work/ozone/ozone/mnt/ozone/hadoop-ozone/integration-test/target/test-dir/MiniOzoneClusterImpl-603eb75f-c0c9-4b57-9906-10dc47a08d14/datanode-4/data-0/containers/hdds
2021-07-01 01:15:25,749 [Listener at 127.0.0.1/41923] INFO  volume.MutableVolumeSet (MutableVolumeSet.java:initializeVolumeSet(181)) - Added Volume : /home/runner/work/ozone/ozone/mnt/ozone/hadoop-ozone/integration-test/target/test-dir/MiniOzoneClusterImpl-603eb75f-c0c9-4b57-9906-10dc47a08d14/datanode-4/data/ratis to VolumeSet
2021-07-01 01:15:25,761 [Listener at 127.0.0.1/41923] INFO  ozoneimpl.ContainerReader (ContainerReader.java:<init>(98)) - Running in upgrade mode:true
2021-07-01 01:15:25,762 [Thread-714] INFO  ozoneimpl.ContainerReader (ContainerReader.java:readVolume(142)) - Start to verify containers on volume /home/runner/work/ozone/ozone/mnt/ozone/hadoop-ozone/integration-test/target/test-dir/MiniOzoneClusterImpl-603eb75f-c0c9-4b57-9906-10dc47a08d14/datanode-4/data-0/containers/hdds
2021-07-01 01:15:25,762 [Thread-714] INFO  ozoneimpl.ContainerReader (ContainerReader.java:readVolume(174)) - Finish verifying containers on volume /home/runner/work/ozone/ozone/mnt/ozone/hadoop-ozone/integration-test/target/test-dir/MiniOzoneClusterImpl-603eb75f-c0c9-4b57-9906-10dc47a08d14/datanode-4/data-0/containers/hdds
2021-07-01 01:15:25,762 [Listener at 127.0.0.1/41923] INFO  ozoneimpl.OzoneContainer (OzoneContainer.java:buildContainerSet(237)) - Build ContainerSet costs 0s
2021-07-01 01:15:25,764 [Listener at 127.0.0.1/41923] INFO  server.RaftServer (ConfUtils.java:logGet(44)) - raft.rpc.type = GRPC (default)
2021-07-01 01:15:25,764 [Listener at 127.0.0.1/41923] INFO  grpc.GrpcFactory (GrpcFactory.java:checkPooledByteBufAllocatorUseCacheForAllThreads(48)) - PERFORMANCE WARNING: useCacheForAllThreads is true that may cause Netty to create a lot garbage objects and, as a result, trigger GC.
	It is recommended to disable useCacheForAllThreads by setting -Dorg.apache.ratis.thirdparty.io.netty.allocator.useCacheForAllThreads=false in command line.
2021-07-01 01:15:25,764 [Listener at 127.0.0.1/41923] INFO  grpc.GrpcConfigKeys (ConfUtils.java:logGet(44)) - raft.grpc.admin.port = 0 (custom)
2021-07-01 01:15:25,764 [Listener at 127.0.0.1/41923] INFO  grpc.GrpcConfigKeys (ConfUtils.java:logGet(44)) - raft.grpc.client.port = 0 (custom)
2021-07-01 01:15:25,765 [Listener at 127.0.0.1/41923] INFO  grpc.GrpcConfigKeys (ConfUtils.java:logGet(44)) - raft.grpc.server.port = 0 (default)
2021-07-01 01:15:25,765 [Listener at 127.0.0.1/41923] INFO  server.GrpcService (ConfUtils.java:logGet(44)) - raft.grpc.message.size.max = 32MB (=33554432) (custom)
2021-07-01 01:15:25,765 [Listener at 127.0.0.1/41923] INFO  server.RaftServerConfigKeys (ConfUtils.java:logGet(44)) - raft.server.log.appender.buffer.byte-limit = 33554432 (custom)
2021-07-01 01:15:25,765 [Listener at 127.0.0.1/41923] INFO  server.GrpcService (ConfUtils.java:logGet(44)) - raft.grpc.flow.control.window = 5MB (=5242880) (custom)
2021-07-01 01:15:25,765 [Listener at 127.0.0.1/41923] INFO  server.RaftServerConfigKeys (ConfUtils.java:logGet(44)) - raft.server.rpc.request.timeout = 3000ms (default)
2021-07-01 01:15:25,766 [Listener at 127.0.0.1/41923] INFO  impl.DataStreamServerImpl (ConfUtils.java:logGet(44)) - raft.datastream.type = DISABLED (default)
2021-07-01 01:15:25,767 [Listener at 127.0.0.1/41923] INFO  server.RaftServerConfigKeys (ConfUtils.java:logGet(44)) - raft.server.rpc.slowness.timeout = 300000ms (custom)
2021-07-01 01:15:25,767 [Listener at 127.0.0.1/41923] INFO  server.RaftServerConfigKeys (ConfUtils.java:logGet(44)) - raft.server.leaderelection.leader.step-down.wait-time = 10s (default)
2021-07-01 01:15:25,767 [Listener at 127.0.0.1/41923] INFO  server.RaftServerConfigKeys (ConfUtils.java:logGet(44)) - raft.server.storage.dir = [/home/runner/work/ozone/ozone/mnt/ozone/hadoop-ozone/integration-test/target/test-dir/MiniOzoneClusterImpl-603eb75f-c0c9-4b57-9906-10dc47a08d14/datanode-4/data/ratis] (custom)
2021-07-01 01:15:25,769 [Listener at 127.0.0.1/41923] INFO  http.BaseHttpServer (BaseHttpServer.java:newHttpServer2BuilderForOzone(209)) - Starting Web-server for hddsDatanode at: http://0.0.0.0:0
2021-07-01 01:15:25,769 [Listener at 127.0.0.1/41923] INFO  http.BaseHttpServer (BaseHttpServer.java:<init>(107)) - Hadoop Security Enabled: false Ozone Security Enabled: false Ozone HTTP Security Enabled: false 
2021-07-01 01:15:25,770 [Listener at 127.0.0.1/41923] INFO  server.AuthenticationFilter (AuthenticationFilter.java:constructSecretProvider(240)) - Unable to initialize FileSignerSecretProvider, falling back to use random secrets.
2021-07-01 01:15:25,771 [Listener at 127.0.0.1/41923] WARN  http.HttpRequestLog (HttpRequestLog.java:getRequestLog(103)) - Jetty request log can only be enabled using Log4j
2021-07-01 01:15:25,771 [Listener at 127.0.0.1/41923] INFO  http.HttpServer2 (HttpServer2.java:addGlobalFilter(1020)) - Added global filter 'safety' (class=org.apache.hadoop.hdds.server.http.HttpServer2$QuotingInputFilter)
2021-07-01 01:15:25,772 [Listener at 127.0.0.1/41923] INFO  http.HttpServer2 (HttpServer2.java:addFilter(996)) - Added filter static_user_filter (class=org.apache.hadoop.http.lib.StaticUserWebFilter$StaticUserFilter) to context hddsDatanode
2021-07-01 01:15:25,772 [Listener at 127.0.0.1/41923] INFO  http.HttpServer2 (HttpServer2.java:addFilter(1004)) - Added filter static_user_filter (class=org.apache.hadoop.http.lib.StaticUserWebFilter$StaticUserFilter) to context logs
2021-07-01 01:15:25,772 [Listener at 127.0.0.1/41923] INFO  http.HttpServer2 (HttpServer2.java:addFilter(1004)) - Added filter static_user_filter (class=org.apache.hadoop.http.lib.StaticUserWebFilter$StaticUserFilter) to context static
2021-07-01 01:15:25,773 [Listener at 127.0.0.1/41923] INFO  http.HttpServer2 (HttpServer2.java:bindListener(1238)) - Jetty bound to port 35375
2021-07-01 01:15:25,773 [Listener at 127.0.0.1/41923] INFO  server.Server (Server.java:doStart(375)) - jetty-9.4.35.v20201120; built: 2020-11-20T21:17:03.964Z; git: bdc54f03a5e0a7e280fab27f55c3c75ee8da89fb; jvm 1.8.0_292-b10
2021-07-01 01:15:25,774 [Listener at 127.0.0.1/41923] INFO  server.session (DefaultSessionIdManager.java:doStart(334)) - DefaultSessionIdManager workerName=node0
2021-07-01 01:15:25,774 [Listener at 127.0.0.1/41923] INFO  server.session (DefaultSessionIdManager.java:doStart(339)) - No SessionScavenger set, using defaults
2021-07-01 01:15:25,774 [Listener at 127.0.0.1/41923] INFO  server.session (HouseKeeper.java:startScavenging(132)) - node0 Scavenging every 660000ms
2021-07-01 01:15:25,775 [Listener at 127.0.0.1/41923] INFO  handler.ContextHandler (ContextHandler.java:doStart(916)) - Started o.e.j.s.ServletContextHandler@3c83ce02{logs,/logs,file:///home/runner/work/ozone/ozone/mnt/ozone/hadoop-ozone/integration-test/target/log,AVAILABLE}
2021-07-01 01:15:25,775 [Listener at 127.0.0.1/41923] INFO  handler.ContextHandler (ContextHandler.java:doStart(916)) - Started o.e.j.s.ServletContextHandler@717d6487{static,/static,jar:file:/home/runner/.m2/repository/org/apache/ozone/hdds-container-service/1.2.0-SNAPSHOT/hdds-container-service-1.2.0-SNAPSHOT.jar!/webapps/static,AVAILABLE}
2021-07-01 01:15:25,821 [Listener at 127.0.0.1/41923] INFO  handler.ContextHandler (ContextHandler.java:doStart(916)) - Started o.e.j.w.WebAppContext@4dae3857{hddsDatanode,/,file:///tmp/jetty-0_0_0_0-35375-hdds-container-service-1_2_0-SNAPSHOT_jar-_-any-5315179751339261605/webapp/,AVAILABLE}{jar:file:/home/runner/.m2/repository/org/apache/ozone/hdds-container-service/1.2.0-SNAPSHOT/hdds-container-service-1.2.0-SNAPSHOT.jar!/webapps/hddsDatanode}
2021-07-01 01:15:25,822 [Listener at 127.0.0.1/41923] INFO  server.AbstractConnector (AbstractConnector.java:doStart(331)) - Started ServerConnector@29f20756{HTTP/1.1, (http/1.1)}{0.0.0.0:35375}
2021-07-01 01:15:25,823 [Listener at 127.0.0.1/41923] INFO  server.Server (Server.java:doStart(415)) - Started @63000ms
2021-07-01 01:15:25,823 [Listener at 127.0.0.1/41923] WARN  impl.MetricsSystemImpl (MetricsSystemImpl.java:register(279)) - Sink prometheus already exists!
2021-07-01 01:15:25,823 [Listener at 127.0.0.1/41923] INFO  http.BaseHttpServer (BaseHttpServer.java:updateConnectorAddress(329)) - HTTP server of hddsDatanode listening at http://0.0.0.0:35375
2021-07-01 01:15:25,824 [Listener at 127.0.0.1/41923] INFO  impl.MetricsSystemImpl (MetricsSystemImpl.java:init(158)) - HddsDatanode metrics system started (again)
2021-07-01 01:15:25,825 [Listener at 127.0.0.1/41923] INFO  ozone.HddsDatanodeService (HddsDatanodeService.java:start(221)) - HddsDatanodeService host:fv-az195-275.u3nnjwd0vyge1bu22idnsdeq2e.cx.internal.cloudapp.net ip:10.1.0.5
2021-07-01 01:15:25,845 [org.apache.hadoop.util.JvmPauseMonitor$Monitor@3e967829] INFO  util.JvmPauseMonitor (JvmPauseMonitor.java:run(188)) - Starting JVM pause monitor
2021-07-01 01:15:25,848 [Datanode State Machine Task Thread - 0] INFO  datanode.InitDatanodeState (InitDatanodeState.java:persistContainerDatanodeDetails(145)) - DatanodeDetails is persisted to /home/runner/work/ozone/ozone/mnt/ozone/hadoop-ozone/integration-test/target/test-dir/MiniOzoneClusterImpl-603eb75f-c0c9-4b57-9906-10dc47a08d14/datanode-4/meta/datanode.id
2021-07-01 01:15:25,851 [Listener at 127.0.0.1/41923] INFO  volume.HddsVolume (HddsVolume.java:<init>(119)) - Creating HddsVolume: /home/runner/work/ozone/ozone/mnt/ozone/hadoop-ozone/integration-test/target/test-dir/MiniOzoneClusterImpl-603eb75f-c0c9-4b57-9906-10dc47a08d14/datanode-5/data-0/containers/hdds of storage type : DISK capacity : 9223372036854775807
2021-07-01 01:15:25,852 [Listener at 127.0.0.1/41923] INFO  volume.MutableVolumeSet (MutableVolumeSet.java:initializeVolumeSet(181)) - Added Volume : /home/runner/work/ozone/ozone/mnt/ozone/hadoop-ozone/integration-test/target/test-dir/MiniOzoneClusterImpl-603eb75f-c0c9-4b57-9906-10dc47a08d14/datanode-5/data-0/containers/hdds to VolumeSet
2021-07-01 01:15:25,852 [Listener at 127.0.0.1/41923] INFO  volume.ThrottledAsyncChecker (ThrottledAsyncChecker.java:schedule(141)) - Scheduling a check for /home/runner/work/ozone/ozone/mnt/ozone/hadoop-ozone/integration-test/target/test-dir/MiniOzoneClusterImpl-603eb75f-c0c9-4b57-9906-10dc47a08d14/datanode-5/data-0/containers/hdds
2021-07-01 01:15:25,853 [Listener at 127.0.0.1/41923] INFO  volume.StorageVolumeChecker (StorageVolumeChecker.java:checkAllVolumes(201)) - Scheduled health check for volume /home/runner/work/ozone/ozone/mnt/ozone/hadoop-ozone/integration-test/target/test-dir/MiniOzoneClusterImpl-603eb75f-c0c9-4b57-9906-10dc47a08d14/datanode-5/data-0/containers/hdds
2021-07-01 01:15:25,866 [Listener at 127.0.0.1/41923] INFO  volume.MutableVolumeSet (MutableVolumeSet.java:initializeVolumeSet(181)) - Added Volume : /home/runner/work/ozone/ozone/mnt/ozone/hadoop-ozone/integration-test/target/test-dir/MiniOzoneClusterImpl-603eb75f-c0c9-4b57-9906-10dc47a08d14/datanode-5/data/ratis to VolumeSet
2021-07-01 01:15:25,879 [Listener at 127.0.0.1/41923] INFO  ozoneimpl.ContainerReader (ContainerReader.java:<init>(98)) - Running in upgrade mode:true
2021-07-01 01:15:25,879 [Thread-725] INFO  ozoneimpl.ContainerReader (ContainerReader.java:readVolume(142)) - Start to verify containers on volume /home/runner/work/ozone/ozone/mnt/ozone/hadoop-ozone/integration-test/target/test-dir/MiniOzoneClusterImpl-603eb75f-c0c9-4b57-9906-10dc47a08d14/datanode-5/data-0/containers/hdds
2021-07-01 01:15:25,879 [Thread-725] INFO  ozoneimpl.ContainerReader (ContainerReader.java:readVolume(174)) - Finish verifying containers on volume /home/runner/work/ozone/ozone/mnt/ozone/hadoop-ozone/integration-test/target/test-dir/MiniOzoneClusterImpl-603eb75f-c0c9-4b57-9906-10dc47a08d14/datanode-5/data-0/containers/hdds
2021-07-01 01:15:25,879 [Listener at 127.0.0.1/41923] INFO  ozoneimpl.OzoneContainer (OzoneContainer.java:buildContainerSet(237)) - Build ContainerSet costs 0s
2021-07-01 01:15:25,881 [Listener at 127.0.0.1/41923] INFO  server.RaftServer (ConfUtils.java:logGet(44)) - raft.rpc.type = GRPC (default)
2021-07-01 01:15:25,881 [Listener at 127.0.0.1/41923] INFO  grpc.GrpcFactory (GrpcFactory.java:checkPooledByteBufAllocatorUseCacheForAllThreads(48)) - PERFORMANCE WARNING: useCacheForAllThreads is true that may cause Netty to create a lot garbage objects and, as a result, trigger GC.
	It is recommended to disable useCacheForAllThreads by setting -Dorg.apache.ratis.thirdparty.io.netty.allocator.useCacheForAllThreads=false in command line.
2021-07-01 01:15:25,881 [Listener at 127.0.0.1/41923] INFO  grpc.GrpcConfigKeys (ConfUtils.java:logGet(44)) - raft.grpc.admin.port = 0 (custom)
2021-07-01 01:15:25,881 [Listener at 127.0.0.1/41923] INFO  grpc.GrpcConfigKeys (ConfUtils.java:logGet(44)) - raft.grpc.client.port = 0 (custom)
2021-07-01 01:15:25,882 [Listener at 127.0.0.1/41923] INFO  grpc.GrpcConfigKeys (ConfUtils.java:logGet(44)) - raft.grpc.server.port = 0 (default)
2021-07-01 01:15:25,882 [Listener at 127.0.0.1/41923] INFO  server.GrpcService (ConfUtils.java:logGet(44)) - raft.grpc.message.size.max = 32MB (=33554432) (custom)
2021-07-01 01:15:25,882 [Listener at 127.0.0.1/41923] INFO  server.RaftServerConfigKeys (ConfUtils.java:logGet(44)) - raft.server.log.appender.buffer.byte-limit = 33554432 (custom)
2021-07-01 01:15:25,882 [Listener at 127.0.0.1/41923] INFO  server.GrpcService (ConfUtils.java:logGet(44)) - raft.grpc.flow.control.window = 5MB (=5242880) (custom)
2021-07-01 01:15:25,882 [Listener at 127.0.0.1/41923] INFO  server.RaftServerConfigKeys (ConfUtils.java:logGet(44)) - raft.server.rpc.request.timeout = 3000ms (default)
2021-07-01 01:15:25,883 [Listener at 127.0.0.1/41923] INFO  impl.DataStreamServerImpl (ConfUtils.java:logGet(44)) - raft.datastream.type = DISABLED (default)
2021-07-01 01:15:25,883 [Listener at 127.0.0.1/41923] INFO  server.RaftServerConfigKeys (ConfUtils.java:logGet(44)) - raft.server.rpc.slowness.timeout = 300000ms (custom)
2021-07-01 01:15:25,883 [Listener at 127.0.0.1/41923] INFO  server.RaftServerConfigKeys (ConfUtils.java:logGet(44)) - raft.server.leaderelection.leader.step-down.wait-time = 10s (default)
2021-07-01 01:15:25,884 [Listener at 127.0.0.1/41923] INFO  server.RaftServerConfigKeys (ConfUtils.java:logGet(44)) - raft.server.storage.dir = [/home/runner/work/ozone/ozone/mnt/ozone/hadoop-ozone/integration-test/target/test-dir/MiniOzoneClusterImpl-603eb75f-c0c9-4b57-9906-10dc47a08d14/datanode-5/data/ratis] (custom)
2021-07-01 01:15:25,886 [Listener at 127.0.0.1/41923] INFO  http.BaseHttpServer (BaseHttpServer.java:newHttpServer2BuilderForOzone(209)) - Starting Web-server for hddsDatanode at: http://0.0.0.0:0
2021-07-01 01:15:25,886 [Listener at 127.0.0.1/41923] INFO  http.BaseHttpServer (BaseHttpServer.java:<init>(107)) - Hadoop Security Enabled: false Ozone Security Enabled: false Ozone HTTP Security Enabled: false 
2021-07-01 01:15:25,888 [Listener at 127.0.0.1/41923] INFO  server.AuthenticationFilter (AuthenticationFilter.java:constructSecretProvider(240)) - Unable to initialize FileSignerSecretProvider, falling back to use random secrets.
2021-07-01 01:15:25,889 [Listener at 127.0.0.1/41923] WARN  http.HttpRequestLog (HttpRequestLog.java:getRequestLog(103)) - Jetty request log can only be enabled using Log4j
2021-07-01 01:15:25,889 [Listener at 127.0.0.1/41923] INFO  http.HttpServer2 (HttpServer2.java:addGlobalFilter(1020)) - Added global filter 'safety' (class=org.apache.hadoop.hdds.server.http.HttpServer2$QuotingInputFilter)
2021-07-01 01:15:25,890 [Listener at 127.0.0.1/41923] INFO  http.HttpServer2 (HttpServer2.java:addFilter(996)) - Added filter static_user_filter (class=org.apache.hadoop.http.lib.StaticUserWebFilter$StaticUserFilter) to context hddsDatanode
2021-07-01 01:15:25,890 [Listener at 127.0.0.1/41923] INFO  http.HttpServer2 (HttpServer2.java:addFilter(1004)) - Added filter static_user_filter (class=org.apache.hadoop.http.lib.StaticUserWebFilter$StaticUserFilter) to context logs
2021-07-01 01:15:25,890 [Listener at 127.0.0.1/41923] INFO  http.HttpServer2 (HttpServer2.java:addFilter(1004)) - Added filter static_user_filter (class=org.apache.hadoop.http.lib.StaticUserWebFilter$StaticUserFilter) to context static
2021-07-01 01:15:25,891 [Listener at 127.0.0.1/41923] INFO  http.HttpServer2 (HttpServer2.java:bindListener(1238)) - Jetty bound to port 46499
2021-07-01 01:15:25,891 [Listener at 127.0.0.1/41923] INFO  server.Server (Server.java:doStart(375)) - jetty-9.4.35.v20201120; built: 2020-11-20T21:17:03.964Z; git: bdc54f03a5e0a7e280fab27f55c3c75ee8da89fb; jvm 1.8.0_292-b10
2021-07-01 01:15:25,892 [Listener at 127.0.0.1/41923] INFO  server.session (DefaultSessionIdManager.java:doStart(334)) - DefaultSessionIdManager workerName=node0
2021-07-01 01:15:25,892 [Listener at 127.0.0.1/41923] INFO  server.session (DefaultSessionIdManager.java:doStart(339)) - No SessionScavenger set, using defaults
2021-07-01 01:15:25,892 [Listener at 127.0.0.1/41923] INFO  server.session (HouseKeeper.java:startScavenging(132)) - node0 Scavenging every 660000ms
2021-07-01 01:15:25,893 [Listener at 127.0.0.1/41923] INFO  handler.ContextHandler (ContextHandler.java:doStart(916)) - Started o.e.j.s.ServletContextHandler@7fca1531{logs,/logs,file:///home/runner/work/ozone/ozone/mnt/ozone/hadoop-ozone/integration-test/target/log,AVAILABLE}
2021-07-01 01:15:25,893 [Listener at 127.0.0.1/41923] INFO  handler.ContextHandler (ContextHandler.java:doStart(916)) - Started o.e.j.s.ServletContextHandler@3bee1bb3{static,/static,jar:file:/home/runner/.m2/repository/org/apache/ozone/hdds-container-service/1.2.0-SNAPSHOT/hdds-container-service-1.2.0-SNAPSHOT.jar!/webapps/static,AVAILABLE}
2021-07-01 01:15:25,939 [Listener at 127.0.0.1/41923] INFO  handler.ContextHandler (ContextHandler.java:doStart(916)) - Started o.e.j.w.WebAppContext@563e87c3{hddsDatanode,/,file:///tmp/jetty-0_0_0_0-46499-hdds-container-service-1_2_0-SNAPSHOT_jar-_-any-8362856242402022395/webapp/,AVAILABLE}{jar:file:/home/runner/.m2/repository/org/apache/ozone/hdds-container-service/1.2.0-SNAPSHOT/hdds-container-service-1.2.0-SNAPSHOT.jar!/webapps/hddsDatanode}
2021-07-01 01:15:25,940 [Listener at 127.0.0.1/41923] INFO  server.AbstractConnector (AbstractConnector.java:doStart(331)) - Started ServerConnector@6b475c1e{HTTP/1.1, (http/1.1)}{0.0.0.0:46499}
2021-07-01 01:15:25,940 [Listener at 127.0.0.1/41923] INFO  server.Server (Server.java:doStart(415)) - Started @63118ms
2021-07-01 01:15:25,940 [Listener at 127.0.0.1/41923] WARN  impl.MetricsSystemImpl (MetricsSystemImpl.java:register(279)) - Sink prometheus already exists!
2021-07-01 01:15:25,941 [Listener at 127.0.0.1/41923] INFO  http.BaseHttpServer (BaseHttpServer.java:updateConnectorAddress(329)) - HTTP server of hddsDatanode listening at http://0.0.0.0:46499
2021-07-01 01:15:25,942 [Listener at 127.0.0.1/41923] INFO  impl.MetricsSystemImpl (MetricsSystemImpl.java:init(158)) - HddsDatanode metrics system started (again)
2021-07-01 01:15:25,944 [Listener at 127.0.0.1/41923] INFO  ozone.HddsDatanodeService (HddsDatanodeService.java:start(221)) - HddsDatanodeService host:fv-az195-275.u3nnjwd0vyge1bu22idnsdeq2e.cx.internal.cloudapp.net ip:10.1.0.5
2021-07-01 01:15:25,952 [org.apache.hadoop.util.JvmPauseMonitor$Monitor@71f7839f] INFO  util.JvmPauseMonitor (JvmPauseMonitor.java:run(188)) - Starting JVM pause monitor
2021-07-01 01:15:25,953 [Datanode State Machine Task Thread - 0] INFO  datanode.InitDatanodeState (InitDatanodeState.java:persistContainerDatanodeDetails(145)) - DatanodeDetails is persisted to /home/runner/work/ozone/ozone/mnt/ozone/hadoop-ozone/integration-test/target/test-dir/MiniOzoneClusterImpl-603eb75f-c0c9-4b57-9906-10dc47a08d14/datanode-5/meta/datanode.id
2021-07-01 01:15:25,966 [Listener at 127.0.0.1/41923] INFO  volume.HddsVolume (HddsVolume.java:<init>(119)) - Creating HddsVolume: /home/runner/work/ozone/ozone/mnt/ozone/hadoop-ozone/integration-test/target/test-dir/MiniOzoneClusterImpl-603eb75f-c0c9-4b57-9906-10dc47a08d14/datanode-6/data-0/containers/hdds of storage type : DISK capacity : 9223372036854775807
2021-07-01 01:15:25,967 [Listener at 127.0.0.1/41923] INFO  volume.MutableVolumeSet (MutableVolumeSet.java:initializeVolumeSet(181)) - Added Volume : /home/runner/work/ozone/ozone/mnt/ozone/hadoop-ozone/integration-test/target/test-dir/MiniOzoneClusterImpl-603eb75f-c0c9-4b57-9906-10dc47a08d14/datanode-6/data-0/containers/hdds to VolumeSet
2021-07-01 01:15:25,967 [Listener at 127.0.0.1/41923] INFO  volume.ThrottledAsyncChecker (ThrottledAsyncChecker.java:schedule(141)) - Scheduling a check for /home/runner/work/ozone/ozone/mnt/ozone/hadoop-ozone/integration-test/target/test-dir/MiniOzoneClusterImpl-603eb75f-c0c9-4b57-9906-10dc47a08d14/datanode-6/data-0/containers/hdds
2021-07-01 01:15:25,967 [Listener at 127.0.0.1/41923] INFO  volume.StorageVolumeChecker (StorageVolumeChecker.java:checkAllVolumes(201)) - Scheduled health check for volume /home/runner/work/ozone/ozone/mnt/ozone/hadoop-ozone/integration-test/target/test-dir/MiniOzoneClusterImpl-603eb75f-c0c9-4b57-9906-10dc47a08d14/datanode-6/data-0/containers/hdds
2021-07-01 01:15:25,981 [Listener at 127.0.0.1/41923] INFO  volume.MutableVolumeSet (MutableVolumeSet.java:initializeVolumeSet(181)) - Added Volume : /home/runner/work/ozone/ozone/mnt/ozone/hadoop-ozone/integration-test/target/test-dir/MiniOzoneClusterImpl-603eb75f-c0c9-4b57-9906-10dc47a08d14/datanode-6/data/ratis to VolumeSet
2021-07-01 01:15:25,993 [Listener at 127.0.0.1/41923] INFO  ozoneimpl.ContainerReader (ContainerReader.java:<init>(98)) - Running in upgrade mode:true
2021-07-01 01:15:25,994 [Thread-736] INFO  ozoneimpl.ContainerReader (ContainerReader.java:readVolume(142)) - Start to verify containers on volume /home/runner/work/ozone/ozone/mnt/ozone/hadoop-ozone/integration-test/target/test-dir/MiniOzoneClusterImpl-603eb75f-c0c9-4b57-9906-10dc47a08d14/datanode-6/data-0/containers/hdds
2021-07-01 01:15:25,994 [Thread-736] INFO  ozoneimpl.ContainerReader (ContainerReader.java:readVolume(174)) - Finish verifying containers on volume /home/runner/work/ozone/ozone/mnt/ozone/hadoop-ozone/integration-test/target/test-dir/MiniOzoneClusterImpl-603eb75f-c0c9-4b57-9906-10dc47a08d14/datanode-6/data-0/containers/hdds
2021-07-01 01:15:25,994 [Listener at 127.0.0.1/41923] INFO  ozoneimpl.OzoneContainer (OzoneContainer.java:buildContainerSet(237)) - Build ContainerSet costs 0s
2021-07-01 01:15:25,996 [Listener at 127.0.0.1/41923] INFO  server.RaftServer (ConfUtils.java:logGet(44)) - raft.rpc.type = GRPC (default)
2021-07-01 01:15:25,996 [Listener at 127.0.0.1/41923] INFO  grpc.GrpcFactory (GrpcFactory.java:checkPooledByteBufAllocatorUseCacheForAllThreads(48)) - PERFORMANCE WARNING: useCacheForAllThreads is true that may cause Netty to create a lot garbage objects and, as a result, trigger GC.
	It is recommended to disable useCacheForAllThreads by setting -Dorg.apache.ratis.thirdparty.io.netty.allocator.useCacheForAllThreads=false in command line.
2021-07-01 01:15:25,997 [Listener at 127.0.0.1/41923] INFO  grpc.GrpcConfigKeys (ConfUtils.java:logGet(44)) - raft.grpc.admin.port = 0 (custom)
2021-07-01 01:15:25,997 [Listener at 127.0.0.1/41923] INFO  grpc.GrpcConfigKeys (ConfUtils.java:logGet(44)) - raft.grpc.client.port = 0 (custom)
2021-07-01 01:15:25,997 [Listener at 127.0.0.1/41923] INFO  grpc.GrpcConfigKeys (ConfUtils.java:logGet(44)) - raft.grpc.server.port = 0 (default)
2021-07-01 01:15:25,997 [Listener at 127.0.0.1/41923] INFO  server.GrpcService (ConfUtils.java:logGet(44)) - raft.grpc.message.size.max = 32MB (=33554432) (custom)
2021-07-01 01:15:25,997 [Listener at 127.0.0.1/41923] INFO  server.RaftServerConfigKeys (ConfUtils.java:logGet(44)) - raft.server.log.appender.buffer.byte-limit = 33554432 (custom)
2021-07-01 01:15:25,997 [Listener at 127.0.0.1/41923] INFO  server.GrpcService (ConfUtils.java:logGet(44)) - raft.grpc.flow.control.window = 5MB (=5242880) (custom)
2021-07-01 01:15:25,997 [Listener at 127.0.0.1/41923] INFO  server.RaftServerConfigKeys (ConfUtils.java:logGet(44)) - raft.server.rpc.request.timeout = 3000ms (default)
2021-07-01 01:15:25,998 [Listener at 127.0.0.1/41923] INFO  impl.DataStreamServerImpl (ConfUtils.java:logGet(44)) - raft.datastream.type = DISABLED (default)
2021-07-01 01:15:25,998 [Listener at 127.0.0.1/41923] INFO  server.RaftServerConfigKeys (ConfUtils.java:logGet(44)) - raft.server.rpc.slowness.timeout = 300000ms (custom)
2021-07-01 01:15:25,999 [Listener at 127.0.0.1/41923] INFO  server.RaftServerConfigKeys (ConfUtils.java:logGet(44)) - raft.server.leaderelection.leader.step-down.wait-time = 10s (default)
2021-07-01 01:15:25,999 [Listener at 127.0.0.1/41923] INFO  server.RaftServerConfigKeys (ConfUtils.java:logGet(44)) - raft.server.storage.dir = [/home/runner/work/ozone/ozone/mnt/ozone/hadoop-ozone/integration-test/target/test-dir/MiniOzoneClusterImpl-603eb75f-c0c9-4b57-9906-10dc47a08d14/datanode-6/data/ratis] (custom)
2021-07-01 01:15:26,004 [Listener at 127.0.0.1/41923] INFO  http.BaseHttpServer (BaseHttpServer.java:newHttpServer2BuilderForOzone(209)) - Starting Web-server for hddsDatanode at: http://0.0.0.0:0
2021-07-01 01:15:26,004 [Listener at 127.0.0.1/41923] INFO  http.BaseHttpServer (BaseHttpServer.java:<init>(107)) - Hadoop Security Enabled: false Ozone Security Enabled: false Ozone HTTP Security Enabled: false 
2021-07-01 01:15:26,005 [Listener at 127.0.0.1/41923] INFO  server.AuthenticationFilter (AuthenticationFilter.java:constructSecretProvider(240)) - Unable to initialize FileSignerSecretProvider, falling back to use random secrets.
2021-07-01 01:15:26,005 [Listener at 127.0.0.1/41923] WARN  http.HttpRequestLog (HttpRequestLog.java:getRequestLog(103)) - Jetty request log can only be enabled using Log4j
2021-07-01 01:15:26,008 [Listener at 127.0.0.1/41923] INFO  http.HttpServer2 (HttpServer2.java:addGlobalFilter(1020)) - Added global filter 'safety' (class=org.apache.hadoop.hdds.server.http.HttpServer2$QuotingInputFilter)
2021-07-01 01:15:26,009 [Listener at 127.0.0.1/41923] INFO  http.HttpServer2 (HttpServer2.java:addFilter(996)) - Added filter static_user_filter (class=org.apache.hadoop.http.lib.StaticUserWebFilter$StaticUserFilter) to context hddsDatanode
2021-07-01 01:15:26,009 [Listener at 127.0.0.1/41923] INFO  http.HttpServer2 (HttpServer2.java:addFilter(1004)) - Added filter static_user_filter (class=org.apache.hadoop.http.lib.StaticUserWebFilter$StaticUserFilter) to context static
2021-07-01 01:15:26,009 [Listener at 127.0.0.1/41923] INFO  http.HttpServer2 (HttpServer2.java:addFilter(1004)) - Added filter static_user_filter (class=org.apache.hadoop.http.lib.StaticUserWebFilter$StaticUserFilter) to context logs
2021-07-01 01:15:26,010 [Listener at 127.0.0.1/41923] INFO  http.HttpServer2 (HttpServer2.java:bindListener(1238)) - Jetty bound to port 40457
2021-07-01 01:15:26,010 [Listener at 127.0.0.1/41923] INFO  server.Server (Server.java:doStart(375)) - jetty-9.4.35.v20201120; built: 2020-11-20T21:17:03.964Z; git: bdc54f03a5e0a7e280fab27f55c3c75ee8da89fb; jvm 1.8.0_292-b10
2021-07-01 01:15:26,011 [Listener at 127.0.0.1/41923] INFO  server.session (DefaultSessionIdManager.java:doStart(334)) - DefaultSessionIdManager workerName=node0
2021-07-01 01:15:26,011 [Listener at 127.0.0.1/41923] INFO  server.session (DefaultSessionIdManager.java:doStart(339)) - No SessionScavenger set, using defaults
2021-07-01 01:15:26,011 [Listener at 127.0.0.1/41923] INFO  server.session (HouseKeeper.java:startScavenging(132)) - node0 Scavenging every 600000ms
2021-07-01 01:15:26,012 [Listener at 127.0.0.1/41923] INFO  handler.ContextHandler (ContextHandler.java:doStart(916)) - Started o.e.j.s.ServletContextHandler@1bf22938{logs,/logs,file:///home/runner/work/ozone/ozone/mnt/ozone/hadoop-ozone/integration-test/target/log,AVAILABLE}
2021-07-01 01:15:26,012 [Listener at 127.0.0.1/41923] INFO  handler.ContextHandler (ContextHandler.java:doStart(916)) - Started o.e.j.s.ServletContextHandler@42b35632{static,/static,jar:file:/home/runner/.m2/repository/org/apache/ozone/hdds-container-service/1.2.0-SNAPSHOT/hdds-container-service-1.2.0-SNAPSHOT.jar!/webapps/static,AVAILABLE}
2021-07-01 01:15:26,059 [Listener at 127.0.0.1/41923] INFO  handler.ContextHandler (ContextHandler.java:doStart(916)) - Started o.e.j.w.WebAppContext@34648b8d{hddsDatanode,/,file:///tmp/jetty-0_0_0_0-40457-hdds-container-service-1_2_0-SNAPSHOT_jar-_-any-9000844694930861585/webapp/,AVAILABLE}{jar:file:/home/runner/.m2/repository/org/apache/ozone/hdds-container-service/1.2.0-SNAPSHOT/hdds-container-service-1.2.0-SNAPSHOT.jar!/webapps/hddsDatanode}
2021-07-01 01:15:26,061 [Listener at 127.0.0.1/41923] INFO  server.AbstractConnector (AbstractConnector.java:doStart(331)) - Started ServerConnector@378c41e5{HTTP/1.1, (http/1.1)}{0.0.0.0:40457}
2021-07-01 01:15:26,061 [Listener at 127.0.0.1/41923] INFO  server.Server (Server.java:doStart(415)) - Started @63239ms
2021-07-01 01:15:26,061 [Listener at 127.0.0.1/41923] WARN  impl.MetricsSystemImpl (MetricsSystemImpl.java:register(279)) - Sink prometheus already exists!
2021-07-01 01:15:26,062 [Listener at 127.0.0.1/41923] INFO  http.BaseHttpServer (BaseHttpServer.java:updateConnectorAddress(329)) - HTTP server of hddsDatanode listening at http://0.0.0.0:40457
2021-07-01 01:15:26,062 [Listener at 127.0.0.1/41923] INFO  impl.MetricsSystemImpl (MetricsSystemImpl.java:init(158)) - HddsDatanode metrics system started (again)
2021-07-01 01:15:26,069 [Listener at 127.0.0.1/41923] INFO  ozone.HddsDatanodeService (HddsDatanodeService.java:start(221)) - HddsDatanodeService host:fv-az195-275.u3nnjwd0vyge1bu22idnsdeq2e.cx.internal.cloudapp.net ip:10.1.0.5
2021-07-01 01:15:26,075 [org.apache.hadoop.util.JvmPauseMonitor$Monitor@eb2f741] INFO  util.JvmPauseMonitor (JvmPauseMonitor.java:run(188)) - Starting JVM pause monitor
2021-07-01 01:15:26,078 [Datanode State Machine Task Thread - 0] INFO  datanode.InitDatanodeState (InitDatanodeState.java:persistContainerDatanodeDetails(145)) - DatanodeDetails is persisted to /home/runner/work/ozone/ozone/mnt/ozone/hadoop-ozone/integration-test/target/test-dir/MiniOzoneClusterImpl-603eb75f-c0c9-4b57-9906-10dc47a08d14/datanode-6/meta/datanode.id
2021-07-01 01:15:26,091 [Listener at 127.0.0.1/41923] INFO  volume.HddsVolume (HddsVolume.java:<init>(119)) - Creating HddsVolume: /home/runner/work/ozone/ozone/mnt/ozone/hadoop-ozone/integration-test/target/test-dir/MiniOzoneClusterImpl-603eb75f-c0c9-4b57-9906-10dc47a08d14/datanode-7/data-0/containers/hdds of storage type : DISK capacity : 9223372036854775807
2021-07-01 01:15:26,091 [Listener at 127.0.0.1/41923] INFO  volume.MutableVolumeSet (MutableVolumeSet.java:initializeVolumeSet(181)) - Added Volume : /home/runner/work/ozone/ozone/mnt/ozone/hadoop-ozone/integration-test/target/test-dir/MiniOzoneClusterImpl-603eb75f-c0c9-4b57-9906-10dc47a08d14/datanode-7/data-0/containers/hdds to VolumeSet
2021-07-01 01:15:26,091 [Listener at 127.0.0.1/41923] INFO  volume.ThrottledAsyncChecker (ThrottledAsyncChecker.java:schedule(141)) - Scheduling a check for /home/runner/work/ozone/ozone/mnt/ozone/hadoop-ozone/integration-test/target/test-dir/MiniOzoneClusterImpl-603eb75f-c0c9-4b57-9906-10dc47a08d14/datanode-7/data-0/containers/hdds
2021-07-01 01:15:26,092 [Listener at 127.0.0.1/41923] INFO  volume.StorageVolumeChecker (StorageVolumeChecker.java:checkAllVolumes(201)) - Scheduled health check for volume /home/runner/work/ozone/ozone/mnt/ozone/hadoop-ozone/integration-test/target/test-dir/MiniOzoneClusterImpl-603eb75f-c0c9-4b57-9906-10dc47a08d14/datanode-7/data-0/containers/hdds
2021-07-01 01:15:26,105 [Listener at 127.0.0.1/41923] INFO  volume.MutableVolumeSet (MutableVolumeSet.java:initializeVolumeSet(181)) - Added Volume : /home/runner/work/ozone/ozone/mnt/ozone/hadoop-ozone/integration-test/target/test-dir/MiniOzoneClusterImpl-603eb75f-c0c9-4b57-9906-10dc47a08d14/datanode-7/data/ratis to VolumeSet
2021-07-01 01:15:26,118 [Listener at 127.0.0.1/41923] INFO  ozoneimpl.ContainerReader (ContainerReader.java:<init>(98)) - Running in upgrade mode:true
2021-07-01 01:15:26,119 [Thread-747] INFO  ozoneimpl.ContainerReader (ContainerReader.java:readVolume(142)) - Start to verify containers on volume /home/runner/work/ozone/ozone/mnt/ozone/hadoop-ozone/integration-test/target/test-dir/MiniOzoneClusterImpl-603eb75f-c0c9-4b57-9906-10dc47a08d14/datanode-7/data-0/containers/hdds
2021-07-01 01:15:26,119 [Thread-747] INFO  ozoneimpl.ContainerReader (ContainerReader.java:readVolume(174)) - Finish verifying containers on volume /home/runner/work/ozone/ozone/mnt/ozone/hadoop-ozone/integration-test/target/test-dir/MiniOzoneClusterImpl-603eb75f-c0c9-4b57-9906-10dc47a08d14/datanode-7/data-0/containers/hdds
2021-07-01 01:15:26,120 [Listener at 127.0.0.1/41923] INFO  ozoneimpl.OzoneContainer (OzoneContainer.java:buildContainerSet(237)) - Build ContainerSet costs 0s
2021-07-01 01:15:26,128 [Listener at 127.0.0.1/41923] INFO  server.RaftServer (ConfUtils.java:logGet(44)) - raft.rpc.type = GRPC (default)
2021-07-01 01:15:26,128 [Listener at 127.0.0.1/41923] INFO  grpc.GrpcFactory (GrpcFactory.java:checkPooledByteBufAllocatorUseCacheForAllThreads(48)) - PERFORMANCE WARNING: useCacheForAllThreads is true that may cause Netty to create a lot garbage objects and, as a result, trigger GC.
	It is recommended to disable useCacheForAllThreads by setting -Dorg.apache.ratis.thirdparty.io.netty.allocator.useCacheForAllThreads=false in command line.
2021-07-01 01:15:26,128 [Listener at 127.0.0.1/41923] INFO  grpc.GrpcConfigKeys (ConfUtils.java:logGet(44)) - raft.grpc.admin.port = 0 (custom)
2021-07-01 01:15:26,129 [Listener at 127.0.0.1/41923] INFO  grpc.GrpcConfigKeys (ConfUtils.java:logGet(44)) - raft.grpc.client.port = 0 (custom)
2021-07-01 01:15:26,129 [Listener at 127.0.0.1/41923] INFO  grpc.GrpcConfigKeys (ConfUtils.java:logGet(44)) - raft.grpc.server.port = 0 (default)
2021-07-01 01:15:26,129 [Listener at 127.0.0.1/41923] INFO  server.GrpcService (ConfUtils.java:logGet(44)) - raft.grpc.message.size.max = 32MB (=33554432) (custom)
2021-07-01 01:15:26,129 [Listener at 127.0.0.1/41923] INFO  server.RaftServerConfigKeys (ConfUtils.java:logGet(44)) - raft.server.log.appender.buffer.byte-limit = 33554432 (custom)
2021-07-01 01:15:26,129 [Listener at 127.0.0.1/41923] INFO  server.GrpcService (ConfUtils.java:logGet(44)) - raft.grpc.flow.control.window = 5MB (=5242880) (custom)
2021-07-01 01:15:26,129 [Listener at 127.0.0.1/41923] INFO  server.RaftServerConfigKeys (ConfUtils.java:logGet(44)) - raft.server.rpc.request.timeout = 3000ms (default)
2021-07-01 01:15:26,130 [Listener at 127.0.0.1/41923] INFO  impl.DataStreamServerImpl (ConfUtils.java:logGet(44)) - raft.datastream.type = DISABLED (default)
2021-07-01 01:15:26,131 [Listener at 127.0.0.1/41923] INFO  server.RaftServerConfigKeys (ConfUtils.java:logGet(44)) - raft.server.rpc.slowness.timeout = 300000ms (custom)
2021-07-01 01:15:26,131 [Listener at 127.0.0.1/41923] INFO  server.RaftServerConfigKeys (ConfUtils.java:logGet(44)) - raft.server.leaderelection.leader.step-down.wait-time = 10s (default)
2021-07-01 01:15:26,131 [Listener at 127.0.0.1/41923] INFO  server.RaftServerConfigKeys (ConfUtils.java:logGet(44)) - raft.server.storage.dir = [/home/runner/work/ozone/ozone/mnt/ozone/hadoop-ozone/integration-test/target/test-dir/MiniOzoneClusterImpl-603eb75f-c0c9-4b57-9906-10dc47a08d14/datanode-7/data/ratis] (custom)
2021-07-01 01:15:26,134 [Listener at 127.0.0.1/41923] INFO  http.BaseHttpServer (BaseHttpServer.java:newHttpServer2BuilderForOzone(209)) - Starting Web-server for hddsDatanode at: http://0.0.0.0:0
2021-07-01 01:15:26,134 [Listener at 127.0.0.1/41923] INFO  http.BaseHttpServer (BaseHttpServer.java:<init>(107)) - Hadoop Security Enabled: false Ozone Security Enabled: false Ozone HTTP Security Enabled: false 
2021-07-01 01:15:26,138 [Listener at 127.0.0.1/41923] INFO  server.AuthenticationFilter (AuthenticationFilter.java:constructSecretProvider(240)) - Unable to initialize FileSignerSecretProvider, falling back to use random secrets.
2021-07-01 01:15:26,138 [Listener at 127.0.0.1/41923] WARN  http.HttpRequestLog (HttpRequestLog.java:getRequestLog(103)) - Jetty request log can only be enabled using Log4j
2021-07-01 01:15:26,139 [Listener at 127.0.0.1/41923] INFO  http.HttpServer2 (HttpServer2.java:addGlobalFilter(1020)) - Added global filter 'safety' (class=org.apache.hadoop.hdds.server.http.HttpServer2$QuotingInputFilter)
2021-07-01 01:15:26,140 [Listener at 127.0.0.1/41923] INFO  http.HttpServer2 (HttpServer2.java:addFilter(996)) - Added filter static_user_filter (class=org.apache.hadoop.http.lib.StaticUserWebFilter$StaticUserFilter) to context hddsDatanode
2021-07-01 01:15:26,140 [Listener at 127.0.0.1/41923] INFO  http.HttpServer2 (HttpServer2.java:addFilter(1004)) - Added filter static_user_filter (class=org.apache.hadoop.http.lib.StaticUserWebFilter$StaticUserFilter) to context logs
2021-07-01 01:15:26,140 [Listener at 127.0.0.1/41923] INFO  http.HttpServer2 (HttpServer2.java:addFilter(1004)) - Added filter static_user_filter (class=org.apache.hadoop.http.lib.StaticUserWebFilter$StaticUserFilter) to context static
2021-07-01 01:15:26,140 [Listener at 127.0.0.1/41923] INFO  http.HttpServer2 (HttpServer2.java:bindListener(1238)) - Jetty bound to port 43145
2021-07-01 01:15:26,141 [Listener at 127.0.0.1/41923] INFO  server.Server (Server.java:doStart(375)) - jetty-9.4.35.v20201120; built: 2020-11-20T21:17:03.964Z; git: bdc54f03a5e0a7e280fab27f55c3c75ee8da89fb; jvm 1.8.0_292-b10
2021-07-01 01:15:26,146 [Listener at 127.0.0.1/41923] INFO  server.session (DefaultSessionIdManager.java:doStart(334)) - DefaultSessionIdManager workerName=node0
2021-07-01 01:15:26,146 [Listener at 127.0.0.1/41923] INFO  server.session (DefaultSessionIdManager.java:doStart(339)) - No SessionScavenger set, using defaults
2021-07-01 01:15:26,153 [Listener at 127.0.0.1/41923] INFO  server.session (HouseKeeper.java:startScavenging(132)) - node0 Scavenging every 660000ms
2021-07-01 01:15:26,154 [Listener at 127.0.0.1/41923] INFO  handler.ContextHandler (ContextHandler.java:doStart(916)) - Started o.e.j.s.ServletContextHandler@9caecf7{logs,/logs,file:///home/runner/work/ozone/ozone/mnt/ozone/hadoop-ozone/integration-test/target/log,AVAILABLE}
2021-07-01 01:15:26,154 [Listener at 127.0.0.1/41923] INFO  handler.ContextHandler (ContextHandler.java:doStart(916)) - Started o.e.j.s.ServletContextHandler@5175b1c8{static,/static,jar:file:/home/runner/.m2/repository/org/apache/ozone/hdds-container-service/1.2.0-SNAPSHOT/hdds-container-service-1.2.0-SNAPSHOT.jar!/webapps/static,AVAILABLE}
2021-07-01 01:15:26,199 [Listener at 127.0.0.1/41923] INFO  handler.ContextHandler (ContextHandler.java:doStart(916)) - Started o.e.j.w.WebAppContext@1ba0df4b{hddsDatanode,/,file:///tmp/jetty-0_0_0_0-43145-hdds-container-service-1_2_0-SNAPSHOT_jar-_-any-1973008029375501757/webapp/,AVAILABLE}{jar:file:/home/runner/.m2/repository/org/apache/ozone/hdds-container-service/1.2.0-SNAPSHOT/hdds-container-service-1.2.0-SNAPSHOT.jar!/webapps/hddsDatanode}
2021-07-01 01:15:26,203 [Listener at 127.0.0.1/41923] INFO  server.AbstractConnector (AbstractConnector.java:doStart(331)) - Started ServerConnector@6943b622{HTTP/1.1, (http/1.1)}{0.0.0.0:43145}
2021-07-01 01:15:26,203 [Listener at 127.0.0.1/41923] INFO  server.Server (Server.java:doStart(415)) - Started @63381ms
2021-07-01 01:15:26,203 [Listener at 127.0.0.1/41923] WARN  impl.MetricsSystemImpl (MetricsSystemImpl.java:register(279)) - Sink prometheus already exists!
2021-07-01 01:15:26,204 [Listener at 127.0.0.1/41923] INFO  http.BaseHttpServer (BaseHttpServer.java:updateConnectorAddress(329)) - HTTP server of hddsDatanode listening at http://0.0.0.0:43145
2021-07-01 01:15:26,206 [Listener at 127.0.0.1/41923] INFO  impl.MetricsSystemImpl (MetricsSystemImpl.java:init(158)) - HddsDatanode metrics system started (again)
2021-07-01 01:15:26,219 [org.apache.hadoop.util.JvmPauseMonitor$Monitor@7f5d3c3e] INFO  util.JvmPauseMonitor (JvmPauseMonitor.java:run(188)) - Starting JVM pause monitor
2021-07-01 01:15:26,230 [Listener at 127.0.0.1/41923] INFO  ozone.HddsDatanodeService (HddsDatanodeService.java:start(221)) - HddsDatanodeService host:fv-az195-275.u3nnjwd0vyge1bu22idnsdeq2e.cx.internal.cloudapp.net ip:10.1.0.5
2021-07-01 01:15:26,233 [Datanode State Machine Task Thread - 0] INFO  datanode.InitDatanodeState (InitDatanodeState.java:persistContainerDatanodeDetails(145)) - DatanodeDetails is persisted to /home/runner/work/ozone/ozone/mnt/ozone/hadoop-ozone/integration-test/target/test-dir/MiniOzoneClusterImpl-603eb75f-c0c9-4b57-9906-10dc47a08d14/datanode-7/meta/datanode.id
2021-07-01 01:15:26,259 [Listener at 127.0.0.1/41923] INFO  volume.HddsVolume (HddsVolume.java:<init>(119)) - Creating HddsVolume: /home/runner/work/ozone/ozone/mnt/ozone/hadoop-ozone/integration-test/target/test-dir/MiniOzoneClusterImpl-603eb75f-c0c9-4b57-9906-10dc47a08d14/datanode-8/data-0/containers/hdds of storage type : DISK capacity : 9223372036854775807
2021-07-01 01:15:26,260 [Listener at 127.0.0.1/41923] INFO  volume.MutableVolumeSet (MutableVolumeSet.java:initializeVolumeSet(181)) - Added Volume : /home/runner/work/ozone/ozone/mnt/ozone/hadoop-ozone/integration-test/target/test-dir/MiniOzoneClusterImpl-603eb75f-c0c9-4b57-9906-10dc47a08d14/datanode-8/data-0/containers/hdds to VolumeSet
2021-07-01 01:15:26,260 [Listener at 127.0.0.1/41923] INFO  volume.ThrottledAsyncChecker (ThrottledAsyncChecker.java:schedule(141)) - Scheduling a check for /home/runner/work/ozone/ozone/mnt/ozone/hadoop-ozone/integration-test/target/test-dir/MiniOzoneClusterImpl-603eb75f-c0c9-4b57-9906-10dc47a08d14/datanode-8/data-0/containers/hdds
2021-07-01 01:15:26,261 [Listener at 127.0.0.1/41923] INFO  volume.StorageVolumeChecker (StorageVolumeChecker.java:checkAllVolumes(201)) - Scheduled health check for volume /home/runner/work/ozone/ozone/mnt/ozone/hadoop-ozone/integration-test/target/test-dir/MiniOzoneClusterImpl-603eb75f-c0c9-4b57-9906-10dc47a08d14/datanode-8/data-0/containers/hdds
2021-07-01 01:15:26,276 [Listener at 127.0.0.1/41923] INFO  volume.MutableVolumeSet (MutableVolumeSet.java:initializeVolumeSet(181)) - Added Volume : /home/runner/work/ozone/ozone/mnt/ozone/hadoop-ozone/integration-test/target/test-dir/MiniOzoneClusterImpl-603eb75f-c0c9-4b57-9906-10dc47a08d14/datanode-8/data/ratis to VolumeSet
2021-07-01 01:15:26,288 [Listener at 127.0.0.1/41923] INFO  ozoneimpl.ContainerReader (ContainerReader.java:<init>(98)) - Running in upgrade mode:true
2021-07-01 01:15:26,289 [Thread-758] INFO  ozoneimpl.ContainerReader (ContainerReader.java:readVolume(142)) - Start to verify containers on volume /home/runner/work/ozone/ozone/mnt/ozone/hadoop-ozone/integration-test/target/test-dir/MiniOzoneClusterImpl-603eb75f-c0c9-4b57-9906-10dc47a08d14/datanode-8/data-0/containers/hdds
2021-07-01 01:15:26,289 [Thread-758] INFO  ozoneimpl.ContainerReader (ContainerReader.java:readVolume(174)) - Finish verifying containers on volume /home/runner/work/ozone/ozone/mnt/ozone/hadoop-ozone/integration-test/target/test-dir/MiniOzoneClusterImpl-603eb75f-c0c9-4b57-9906-10dc47a08d14/datanode-8/data-0/containers/hdds
2021-07-01 01:15:26,289 [Listener at 127.0.0.1/41923] INFO  ozoneimpl.OzoneContainer (OzoneContainer.java:buildContainerSet(237)) - Build ContainerSet costs 0s
2021-07-01 01:15:26,291 [Listener at 127.0.0.1/41923] INFO  server.RaftServer (ConfUtils.java:logGet(44)) - raft.rpc.type = GRPC (default)
2021-07-01 01:15:26,291 [Listener at 127.0.0.1/41923] INFO  grpc.GrpcFactory (GrpcFactory.java:checkPooledByteBufAllocatorUseCacheForAllThreads(48)) - PERFORMANCE WARNING: useCacheForAllThreads is true that may cause Netty to create a lot garbage objects and, as a result, trigger GC.
	It is recommended to disable useCacheForAllThreads by setting -Dorg.apache.ratis.thirdparty.io.netty.allocator.useCacheForAllThreads=false in command line.
2021-07-01 01:15:26,293 [Listener at 127.0.0.1/41923] INFO  grpc.GrpcConfigKeys (ConfUtils.java:logGet(44)) - raft.grpc.admin.port = 0 (custom)
2021-07-01 01:15:26,293 [Listener at 127.0.0.1/41923] INFO  grpc.GrpcConfigKeys (ConfUtils.java:logGet(44)) - raft.grpc.client.port = 0 (custom)
2021-07-01 01:15:26,293 [Listener at 127.0.0.1/41923] INFO  grpc.GrpcConfigKeys (ConfUtils.java:logGet(44)) - raft.grpc.server.port = 0 (default)
2021-07-01 01:15:26,293 [Listener at 127.0.0.1/41923] INFO  server.GrpcService (ConfUtils.java:logGet(44)) - raft.grpc.message.size.max = 32MB (=33554432) (custom)
2021-07-01 01:15:26,293 [Listener at 127.0.0.1/41923] INFO  server.RaftServerConfigKeys (ConfUtils.java:logGet(44)) - raft.server.log.appender.buffer.byte-limit = 33554432 (custom)
2021-07-01 01:15:26,293 [Listener at 127.0.0.1/41923] INFO  server.GrpcService (ConfUtils.java:logGet(44)) - raft.grpc.flow.control.window = 5MB (=5242880) (custom)
2021-07-01 01:15:26,294 [Listener at 127.0.0.1/41923] INFO  server.RaftServerConfigKeys (ConfUtils.java:logGet(44)) - raft.server.rpc.request.timeout = 3000ms (default)
2021-07-01 01:15:26,295 [Listener at 127.0.0.1/41923] INFO  impl.DataStreamServerImpl (ConfUtils.java:logGet(44)) - raft.datastream.type = DISABLED (default)
2021-07-01 01:15:26,295 [Listener at 127.0.0.1/41923] INFO  server.RaftServerConfigKeys (ConfUtils.java:logGet(44)) - raft.server.rpc.slowness.timeout = 300000ms (custom)
2021-07-01 01:15:26,295 [Listener at 127.0.0.1/41923] INFO  server.RaftServerConfigKeys (ConfUtils.java:logGet(44)) - raft.server.leaderelection.leader.step-down.wait-time = 10s (default)
2021-07-01 01:15:26,295 [Listener at 127.0.0.1/41923] INFO  server.RaftServerConfigKeys (ConfUtils.java:logGet(44)) - raft.server.storage.dir = [/home/runner/work/ozone/ozone/mnt/ozone/hadoop-ozone/integration-test/target/test-dir/MiniOzoneClusterImpl-603eb75f-c0c9-4b57-9906-10dc47a08d14/datanode-8/data/ratis] (custom)
2021-07-01 01:15:26,301 [Listener at 127.0.0.1/41923] INFO  http.BaseHttpServer (BaseHttpServer.java:newHttpServer2BuilderForOzone(209)) - Starting Web-server for hddsDatanode at: http://0.0.0.0:0
2021-07-01 01:15:26,301 [Listener at 127.0.0.1/41923] INFO  http.BaseHttpServer (BaseHttpServer.java:<init>(107)) - Hadoop Security Enabled: false Ozone Security Enabled: false Ozone HTTP Security Enabled: false 
2021-07-01 01:15:26,302 [Listener at 127.0.0.1/41923] INFO  server.AuthenticationFilter (AuthenticationFilter.java:constructSecretProvider(240)) - Unable to initialize FileSignerSecretProvider, falling back to use random secrets.
2021-07-01 01:15:26,303 [Listener at 127.0.0.1/41923] WARN  http.HttpRequestLog (HttpRequestLog.java:getRequestLog(103)) - Jetty request log can only be enabled using Log4j
2021-07-01 01:15:26,304 [Listener at 127.0.0.1/41923] INFO  http.HttpServer2 (HttpServer2.java:addGlobalFilter(1020)) - Added global filter 'safety' (class=org.apache.hadoop.hdds.server.http.HttpServer2$QuotingInputFilter)
2021-07-01 01:15:26,305 [Listener at 127.0.0.1/41923] INFO  http.HttpServer2 (HttpServer2.java:addFilter(996)) - Added filter static_user_filter (class=org.apache.hadoop.http.lib.StaticUserWebFilter$StaticUserFilter) to context hddsDatanode
2021-07-01 01:15:26,305 [Listener at 127.0.0.1/41923] INFO  http.HttpServer2 (HttpServer2.java:addFilter(1004)) - Added filter static_user_filter (class=org.apache.hadoop.http.lib.StaticUserWebFilter$StaticUserFilter) to context static
2021-07-01 01:15:26,305 [Listener at 127.0.0.1/41923] INFO  http.HttpServer2 (HttpServer2.java:addFilter(1004)) - Added filter static_user_filter (class=org.apache.hadoop.http.lib.StaticUserWebFilter$StaticUserFilter) to context logs
2021-07-01 01:15:26,306 [Listener at 127.0.0.1/41923] INFO  http.HttpServer2 (HttpServer2.java:bindListener(1238)) - Jetty bound to port 34447
2021-07-01 01:15:26,306 [Listener at 127.0.0.1/41923] INFO  server.Server (Server.java:doStart(375)) - jetty-9.4.35.v20201120; built: 2020-11-20T21:17:03.964Z; git: bdc54f03a5e0a7e280fab27f55c3c75ee8da89fb; jvm 1.8.0_292-b10
2021-07-01 01:15:26,307 [Listener at 127.0.0.1/41923] INFO  server.session (DefaultSessionIdManager.java:doStart(334)) - DefaultSessionIdManager workerName=node0
2021-07-01 01:15:26,308 [Listener at 127.0.0.1/41923] INFO  server.session (DefaultSessionIdManager.java:doStart(339)) - No SessionScavenger set, using defaults
2021-07-01 01:15:26,308 [Listener at 127.0.0.1/41923] INFO  server.session (HouseKeeper.java:startScavenging(132)) - node0 Scavenging every 660000ms
2021-07-01 01:15:26,309 [Listener at 127.0.0.1/41923] INFO  handler.ContextHandler (ContextHandler.java:doStart(916)) - Started o.e.j.s.ServletContextHandler@1c140c7c{logs,/logs,file:///home/runner/work/ozone/ozone/mnt/ozone/hadoop-ozone/integration-test/target/log,AVAILABLE}
2021-07-01 01:15:26,309 [Listener at 127.0.0.1/41923] INFO  handler.ContextHandler (ContextHandler.java:doStart(916)) - Started o.e.j.s.ServletContextHandler@5f6e202{static,/static,jar:file:/home/runner/.m2/repository/org/apache/ozone/hdds-container-service/1.2.0-SNAPSHOT/hdds-container-service-1.2.0-SNAPSHOT.jar!/webapps/static,AVAILABLE}
2021-07-01 01:15:26,357 [Listener at 127.0.0.1/41923] INFO  handler.ContextHandler (ContextHandler.java:doStart(916)) - Started o.e.j.w.WebAppContext@4be980{hddsDatanode,/,file:///tmp/jetty-0_0_0_0-34447-hdds-container-service-1_2_0-SNAPSHOT_jar-_-any-2830528138473414420/webapp/,AVAILABLE}{jar:file:/home/runner/.m2/repository/org/apache/ozone/hdds-container-service/1.2.0-SNAPSHOT/hdds-container-service-1.2.0-SNAPSHOT.jar!/webapps/hddsDatanode}
2021-07-01 01:15:26,358 [Listener at 127.0.0.1/41923] INFO  server.AbstractConnector (AbstractConnector.java:doStart(331)) - Started ServerConnector@195f4a3e{HTTP/1.1, (http/1.1)}{0.0.0.0:34447}
2021-07-01 01:15:26,359 [Listener at 127.0.0.1/41923] INFO  server.Server (Server.java:doStart(415)) - Started @63536ms
2021-07-01 01:15:26,359 [Listener at 127.0.0.1/41923] WARN  impl.MetricsSystemImpl (MetricsSystemImpl.java:register(279)) - Sink prometheus already exists!
2021-07-01 01:15:26,359 [Listener at 127.0.0.1/41923] INFO  http.BaseHttpServer (BaseHttpServer.java:updateConnectorAddress(329)) - HTTP server of hddsDatanode listening at http://0.0.0.0:34447
2021-07-01 01:15:26,364 [Listener at 127.0.0.1/41923] INFO  ozone.MiniOzoneClusterImpl (MiniOzoneClusterImpl.java:lambda$waitForClusterToBeReady$0(227)) - Waiting for nodes to be ready. Got 0 of 9 DN Heartbeats.
2021-07-01 01:15:26,364 [Listener at 127.0.0.1/41923] INFO  ozone.MiniOzoneClusterImpl (MiniOzoneClusterImpl.java:lambda$waitForClusterToBeReady$0(230)) - Waiting for cluster to exit safe mode
2021-07-01 01:15:26,364 [Listener at 127.0.0.1/41923] INFO  ozone.MiniOzoneClusterImpl (MiniOzoneClusterImpl.java:lambda$waitForClusterToBeReady$0(232)) - SCM became leader
2021-07-01 01:15:26,367 [org.apache.hadoop.util.JvmPauseMonitor$Monitor@1f7c6ad8] INFO  util.JvmPauseMonitor (JvmPauseMonitor.java:run(188)) - Starting JVM pause monitor
2021-07-01 01:15:26,368 [Datanode State Machine Task Thread - 0] INFO  datanode.InitDatanodeState (InitDatanodeState.java:persistContainerDatanodeDetails(145)) - DatanodeDetails is persisted to /home/runner/work/ozone/ozone/mnt/ozone/hadoop-ozone/integration-test/target/test-dir/MiniOzoneClusterImpl-603eb75f-c0c9-4b57-9906-10dc47a08d14/datanode-8/meta/datanode.id
2021-07-01 01:15:26,379 [om1@group-C5BA1605619E-FollowerState] INFO  impl.FollowerState (FollowerState.java:run(134)) - om1@group-C5BA1605619E-FollowerState: change to CANDIDATE, lastRpcElapsedTime:1221880759ns, electionTimeout:1197ms
2021-07-01 01:15:26,379 [om1@group-C5BA1605619E-FollowerState] INFO  impl.RoleInfo (RoleInfo.java:shutdownFollowerState(108)) - om1: shutdown om1@group-C5BA1605619E-FollowerState
2021-07-01 01:15:26,379 [om1@group-C5BA1605619E-FollowerState] INFO  server.RaftServer$Division (RaftServerImpl.java:setRole(284)) - om1@group-C5BA1605619E: changes role from  FOLLOWER to CANDIDATE at term 0 for changeToCandidate
2021-07-01 01:15:26,379 [om1@group-C5BA1605619E-FollowerState] INFO  server.RaftServerConfigKeys (ConfUtils.java:logGet(44)) - raft.server.leaderelection.pre-vote = false (custom)
2021-07-01 01:15:26,379 [om1@group-C5BA1605619E-FollowerState] INFO  impl.RoleInfo (RoleInfo.java:updateAndGet(130)) - om1: start om1@group-C5BA1605619E-LeaderElection18
2021-07-01 01:15:26,383 [om1@group-C5BA1605619E-LeaderElection18] INFO  impl.LeaderElection (LeaderElection.java:askForVotes(306)) - om1@group-C5BA1605619E-LeaderElection18 ELECTION round 0: submit vote requests at term 1 for -1: [om1|rpc:localhost:9872|priority:0], old=null
2021-07-01 01:15:26,383 [om1@group-C5BA1605619E-LeaderElection18] INFO  impl.LeaderElection (LeaderElection.java:askForVotes(308)) - om1@group-C5BA1605619E-LeaderElection18 ELECTION round 0: result PASSED (term=1)
2021-07-01 01:15:26,383 [om1@group-C5BA1605619E-LeaderElection18] INFO  impl.RoleInfo (RoleInfo.java:shutdownLeaderElection(121)) - om1: shutdown om1@group-C5BA1605619E-LeaderElection18
2021-07-01 01:15:26,383 [om1@group-C5BA1605619E-LeaderElection18] INFO  server.RaftServer$Division (RaftServerImpl.java:setRole(284)) - om1@group-C5BA1605619E: changes role from CANDIDATE to LEADER at term 1 for changeToLeader
2021-07-01 01:15:26,383 [om1@group-C5BA1605619E-LeaderElection18] INFO  server.RaftServer$Division (ServerState.java:setLeader(271)) - om1@group-C5BA1605619E: change Leader from null to om1 at term 1 for becomeLeader, leader elected after 1239ms
2021-07-01 01:15:26,384 [om1@group-C5BA1605619E-LeaderElection18] INFO  server.RaftServerConfigKeys (ConfUtils.java:logGet(44)) - raft.server.staging.catchup.gap = 1000 (default)
2021-07-01 01:15:26,384 [om1@group-C5BA1605619E-LeaderElection18] INFO  metrics.RatisMetrics (RatisMetrics.java:lambda$create$0(36)) - Creating Metrics Registry : ratis.log_appender.om1@group-C5BA1605619E
2021-07-01 01:15:26,384 [om1@group-C5BA1605619E-LeaderElection18] INFO  server.RaftServerConfigKeys (ConfUtils.java:logGet(44)) - raft.server.write.element-limit = 4096 (default)
2021-07-01 01:15:26,384 [om1@group-C5BA1605619E-LeaderElection18] INFO  server.RaftServerConfigKeys (ConfUtils.java:logGet(44)) - raft.server.write.byte-limit = 64MB (=67108864) (default)
2021-07-01 01:15:26,384 [om1@group-C5BA1605619E-LeaderElection18] INFO  server.RaftServerConfigKeys (ConfUtils.java:logGet(44)) - raft.server.watch.timeout = 10s (default)
2021-07-01 01:15:26,384 [om1@group-C5BA1605619E-LeaderElection18] INFO  server.RaftServerConfigKeys (ConfUtils.java:logGet(44)) - raft.server.watch.timeout.denomination = 1s (default)
2021-07-01 01:15:26,384 [om1@group-C5BA1605619E-LeaderElection18] INFO  server.RaftServerConfigKeys (ConfUtils.java:logGet(44)) - raft.server.watch.element-limit = 65536 (default)
2021-07-01 01:15:26,384 [om1@group-C5BA1605619E-LeaderElection18] INFO  impl.RoleInfo (RoleInfo.java:updateAndGet(130)) - om1: start om1@group-C5BA1605619E-LeaderStateImpl
2021-07-01 01:15:26,385 [om1@group-C5BA1605619E-LeaderElection18] INFO  segmented.SegmentedRaftLogWorker (SegmentedRaftLogWorker.java:startLogSegment(394)) - om1@group-C5BA1605619E-SegmentedRaftLogWorker: Starting segment from index:0
2021-07-01 01:15:26,393 [om1@group-C5BA1605619E-LeaderElection18] INFO  server.RaftServer$Division (ServerState.java:setRaftConf(373)) - om1@group-C5BA1605619E: set configuration 0: [om1|rpc:localhost:9872|admin:|client:|dataStream:|priority:0], old=null
2021-07-01 01:15:26,396 [om1@group-C5BA1605619E-SegmentedRaftLogWorker] INFO  segmented.SegmentedRaftLogWorker (SegmentedRaftLogWorker.java:execute(601)) - om1@group-C5BA1605619E-SegmentedRaftLogWorker: created new log segment /home/runner/work/ozone/ozone/mnt/ozone/hadoop-ozone/integration-test/target/test-dir/MiniOzoneClusterImpl-603eb75f-c0c9-4b57-9906-10dc47a08d14/ozone-meta/ratis/bf265839-605b-3f16-9796-c5ba1605619e/current/log_inprogress_0
2021-07-01 01:15:27,361 [EndpointStateMachine task thread for /0.0.0.0:42377 - 0 ] INFO  ozoneimpl.OzoneContainer (OzoneContainer.java:start(305)) - Attempting to start container services.
2021-07-01 01:15:27,361 [EndpointStateMachine task thread for /0.0.0.0:42377 - 0 ] INFO  ozoneimpl.OzoneContainer (OzoneContainer.java:startContainerScrub(250)) - Background container scanner has been disabled.
2021-07-01 01:15:27,362 [EndpointStateMachine task thread for /0.0.0.0:42377 - 0 ] INFO  replication.ReplicationServer (ReplicationServer.java:start(106)) - ReplicationServer is started using port 38855
2021-07-01 01:15:27,362 [EndpointStateMachine task thread for /0.0.0.0:42377 - 0 ] INFO  ratis.XceiverServerRatis (XceiverServerRatis.java:start(478)) - Starting XceiverServerRatis a8e60af1-b0b5-4e51-add8-0d393ff38b25
2021-07-01 01:15:27,363 [EndpointStateMachine task thread for /0.0.0.0:42377 - 0 ] INFO  server.RaftServer (RaftServerProxy.java:lambda$start$5(374)) - a8e60af1-b0b5-4e51-add8-0d393ff38b25: start RPC server
2021-07-01 01:15:27,364 [EndpointStateMachine task thread for /0.0.0.0:42377 - 0 ] INFO  server.GrpcService (GrpcService.java:startImpl(253)) - a8e60af1-b0b5-4e51-add8-0d393ff38b25: GrpcService started, listening on 37199
2021-07-01 01:15:27,364 [EndpointStateMachine task thread for /0.0.0.0:42377 - 0 ] INFO  ratis.XceiverServerRatis (XceiverServerRatis.java:getRealPort(499)) - XceiverServerRatis a8e60af1-b0b5-4e51-add8-0d393ff38b25 is started using port 37199 for RATIS
2021-07-01 01:15:27,364 [EndpointStateMachine task thread for /0.0.0.0:42377 - 0 ] INFO  ratis.XceiverServerRatis (XceiverServerRatis.java:getRealPort(499)) - XceiverServerRatis a8e60af1-b0b5-4e51-add8-0d393ff38b25 is started using port 37199 for RATIS_ADMIN
2021-07-01 01:15:27,364 [org.apache.ratis.util.JvmPauseMonitor$$Lambda$514/857811686@343398e5] INFO  util.JvmPauseMonitor (JvmPauseMonitor.java:run(103)) - JvmPauseMonitor-a8e60af1-b0b5-4e51-add8-0d393ff38b25: Started
2021-07-01 01:15:27,365 [EndpointStateMachine task thread for /0.0.0.0:42377 - 0 ] INFO  ratis.XceiverServerRatis (XceiverServerRatis.java:getRealPort(499)) - XceiverServerRatis a8e60af1-b0b5-4e51-add8-0d393ff38b25 is started using port 37199 for RATIS_SERVER
2021-07-01 01:15:27,365 [Listener at 127.0.0.1/41923] INFO  ozone.MiniOzoneClusterImpl (MiniOzoneClusterImpl.java:lambda$waitForClusterToBeReady$0(227)) - Waiting for nodes to be ready. Got 0 of 9 DN Heartbeats.
2021-07-01 01:15:27,365 [Listener at 127.0.0.1/41923] INFO  ozone.MiniOzoneClusterImpl (MiniOzoneClusterImpl.java:lambda$waitForClusterToBeReady$0(230)) - Waiting for cluster to exit safe mode
2021-07-01 01:15:27,365 [Listener at 127.0.0.1/41923] INFO  ozone.MiniOzoneClusterImpl (MiniOzoneClusterImpl.java:lambda$waitForClusterToBeReady$0(232)) - SCM became leader
2021-07-01 01:15:27,365 [EndpointStateMachine task thread for /0.0.0.0:42377 - 0 ] INFO  server.XceiverServerGrpc (XceiverServerGrpc.java:start(135)) - XceiverServerGrpc a8e60af1-b0b5-4e51-add8-0d393ff38b25 is started using port 42759
2021-07-01 01:15:27,478 [EndpointStateMachine task thread for /0.0.0.0:42377 - 0 ] INFO  ozoneimpl.OzoneContainer (OzoneContainer.java:start(305)) - Attempting to start container services.
2021-07-01 01:15:27,478 [EndpointStateMachine task thread for /0.0.0.0:42377 - 0 ] INFO  ozoneimpl.OzoneContainer (OzoneContainer.java:startContainerScrub(250)) - Background container scanner has been disabled.
2021-07-01 01:15:27,481 [EndpointStateMachine task thread for /0.0.0.0:42377 - 0 ] INFO  replication.ReplicationServer (ReplicationServer.java:start(106)) - ReplicationServer is started using port 45361
2021-07-01 01:15:27,482 [EndpointStateMachine task thread for /0.0.0.0:42377 - 0 ] INFO  ratis.XceiverServerRatis (XceiverServerRatis.java:start(478)) - Starting XceiverServerRatis 12e155f9-24cd-4496-9fcd-b734ad3c03a4
2021-07-01 01:15:27,483 [EndpointStateMachine task thread for /0.0.0.0:42377 - 0 ] INFO  server.RaftServer (RaftServerProxy.java:lambda$start$5(374)) - 12e155f9-24cd-4496-9fcd-b734ad3c03a4: start RPC server
2021-07-01 01:15:27,484 [EndpointStateMachine task thread for /0.0.0.0:42377 - 0 ] INFO  server.GrpcService (GrpcService.java:startImpl(253)) - 12e155f9-24cd-4496-9fcd-b734ad3c03a4: GrpcService started, listening on 37489
2021-07-01 01:15:27,484 [EndpointStateMachine task thread for /0.0.0.0:42377 - 0 ] INFO  ratis.XceiverServerRatis (XceiverServerRatis.java:getRealPort(499)) - XceiverServerRatis 12e155f9-24cd-4496-9fcd-b734ad3c03a4 is started using port 37489 for RATIS
2021-07-01 01:15:27,484 [EndpointStateMachine task thread for /0.0.0.0:42377 - 0 ] INFO  ratis.XceiverServerRatis (XceiverServerRatis.java:getRealPort(499)) - XceiverServerRatis 12e155f9-24cd-4496-9fcd-b734ad3c03a4 is started using port 37489 for RATIS_ADMIN
2021-07-01 01:15:27,484 [org.apache.ratis.util.JvmPauseMonitor$$Lambda$514/857811686@1be07012] INFO  util.JvmPauseMonitor (JvmPauseMonitor.java:run(103)) - JvmPauseMonitor-12e155f9-24cd-4496-9fcd-b734ad3c03a4: Started
2021-07-01 01:15:27,484 [EndpointStateMachine task thread for /0.0.0.0:42377 - 0 ] INFO  ratis.XceiverServerRatis (XceiverServerRatis.java:getRealPort(499)) - XceiverServerRatis 12e155f9-24cd-4496-9fcd-b734ad3c03a4 is started using port 37489 for RATIS_SERVER
2021-07-01 01:15:27,485 [EndpointStateMachine task thread for /0.0.0.0:42377 - 0 ] INFO  server.XceiverServerGrpc (XceiverServerGrpc.java:start(135)) - XceiverServerGrpc 12e155f9-24cd-4496-9fcd-b734ad3c03a4 is started using port 35431
2021-07-01 01:15:27,595 [EndpointStateMachine task thread for /0.0.0.0:42377 - 0 ] INFO  ozoneimpl.OzoneContainer (OzoneContainer.java:start(305)) - Attempting to start container services.
2021-07-01 01:15:27,595 [EndpointStateMachine task thread for /0.0.0.0:42377 - 0 ] INFO  ozoneimpl.OzoneContainer (OzoneContainer.java:startContainerScrub(250)) - Background container scanner has been disabled.
2021-07-01 01:15:27,596 [EndpointStateMachine task thread for /0.0.0.0:42377 - 0 ] INFO  replication.ReplicationServer (ReplicationServer.java:start(106)) - ReplicationServer is started using port 46331
2021-07-01 01:15:27,597 [EndpointStateMachine task thread for /0.0.0.0:42377 - 0 ] INFO  ratis.XceiverServerRatis (XceiverServerRatis.java:start(478)) - Starting XceiverServerRatis 80320f5a-6cd9-4eb7-9dbc-d52eb94c4b51
2021-07-01 01:15:27,598 [EndpointStateMachine task thread for /0.0.0.0:42377 - 0 ] INFO  server.RaftServer (RaftServerProxy.java:lambda$start$5(374)) - 80320f5a-6cd9-4eb7-9dbc-d52eb94c4b51: start RPC server
2021-07-01 01:15:27,598 [EndpointStateMachine task thread for /0.0.0.0:42377 - 0 ] INFO  server.GrpcService (GrpcService.java:startImpl(253)) - 80320f5a-6cd9-4eb7-9dbc-d52eb94c4b51: GrpcService started, listening on 40669
2021-07-01 01:15:27,598 [EndpointStateMachine task thread for /0.0.0.0:42377 - 0 ] INFO  ratis.XceiverServerRatis (XceiverServerRatis.java:getRealPort(499)) - XceiverServerRatis 80320f5a-6cd9-4eb7-9dbc-d52eb94c4b51 is started using port 40669 for RATIS
2021-07-01 01:15:27,598 [EndpointStateMachine task thread for /0.0.0.0:42377 - 0 ] INFO  ratis.XceiverServerRatis (XceiverServerRatis.java:getRealPort(499)) - XceiverServerRatis 80320f5a-6cd9-4eb7-9dbc-d52eb94c4b51 is started using port 40669 for RATIS_ADMIN
2021-07-01 01:15:27,598 [EndpointStateMachine task thread for /0.0.0.0:42377 - 0 ] INFO  ratis.XceiverServerRatis (XceiverServerRatis.java:getRealPort(499)) - XceiverServerRatis 80320f5a-6cd9-4eb7-9dbc-d52eb94c4b51 is started using port 40669 for RATIS_SERVER
2021-07-01 01:15:27,598 [org.apache.ratis.util.JvmPauseMonitor$$Lambda$514/857811686@5442bf3a] INFO  util.JvmPauseMonitor (JvmPauseMonitor.java:run(103)) - JvmPauseMonitor-80320f5a-6cd9-4eb7-9dbc-d52eb94c4b51: Started
2021-07-01 01:15:27,599 [EndpointStateMachine task thread for /0.0.0.0:42377 - 0 ] INFO  server.XceiverServerGrpc (XceiverServerGrpc.java:start(135)) - XceiverServerGrpc 80320f5a-6cd9-4eb7-9dbc-d52eb94c4b51 is started using port 41609
2021-07-01 01:15:27,724 [EndpointStateMachine task thread for /0.0.0.0:42377 - 0 ] INFO  ozoneimpl.OzoneContainer (OzoneContainer.java:start(305)) - Attempting to start container services.
2021-07-01 01:15:27,724 [EndpointStateMachine task thread for /0.0.0.0:42377 - 0 ] INFO  ozoneimpl.OzoneContainer (OzoneContainer.java:startContainerScrub(250)) - Background container scanner has been disabled.
2021-07-01 01:15:27,725 [EndpointStateMachine task thread for /0.0.0.0:42377 - 0 ] INFO  replication.ReplicationServer (ReplicationServer.java:start(106)) - ReplicationServer is started using port 44571
2021-07-01 01:15:27,726 [EndpointStateMachine task thread for /0.0.0.0:42377 - 0 ] INFO  ratis.XceiverServerRatis (XceiverServerRatis.java:start(478)) - Starting XceiverServerRatis 81b856d9-9a36-4380-a413-e28ef77684bb
2021-07-01 01:15:27,726 [EndpointStateMachine task thread for /0.0.0.0:42377 - 0 ] INFO  server.RaftServer (RaftServerProxy.java:lambda$start$5(374)) - 81b856d9-9a36-4380-a413-e28ef77684bb: start RPC server
2021-07-01 01:15:27,727 [EndpointStateMachine task thread for /0.0.0.0:42377 - 0 ] INFO  server.GrpcService (GrpcService.java:startImpl(253)) - 81b856d9-9a36-4380-a413-e28ef77684bb: GrpcService started, listening on 42305
2021-07-01 01:15:27,727 [EndpointStateMachine task thread for /0.0.0.0:42377 - 0 ] INFO  ratis.XceiverServerRatis (XceiverServerRatis.java:getRealPort(499)) - XceiverServerRatis 81b856d9-9a36-4380-a413-e28ef77684bb is started using port 42305 for RATIS
2021-07-01 01:15:27,727 [EndpointStateMachine task thread for /0.0.0.0:42377 - 0 ] INFO  ratis.XceiverServerRatis (XceiverServerRatis.java:getRealPort(499)) - XceiverServerRatis 81b856d9-9a36-4380-a413-e28ef77684bb is started using port 42305 for RATIS_ADMIN
2021-07-01 01:15:27,727 [org.apache.ratis.util.JvmPauseMonitor$$Lambda$514/857811686@7fb91747] INFO  util.JvmPauseMonitor (JvmPauseMonitor.java:run(103)) - JvmPauseMonitor-81b856d9-9a36-4380-a413-e28ef77684bb: Started
2021-07-01 01:15:27,727 [EndpointStateMachine task thread for /0.0.0.0:42377 - 0 ] INFO  ratis.XceiverServerRatis (XceiverServerRatis.java:getRealPort(499)) - XceiverServerRatis 81b856d9-9a36-4380-a413-e28ef77684bb is started using port 42305 for RATIS_SERVER
2021-07-01 01:15:27,729 [EndpointStateMachine task thread for /0.0.0.0:42377 - 0 ] INFO  server.XceiverServerGrpc (XceiverServerGrpc.java:start(135)) - XceiverServerGrpc 81b856d9-9a36-4380-a413-e28ef77684bb is started using port 43213
2021-07-01 01:15:27,849 [EndpointStateMachine task thread for /0.0.0.0:42377 - 0 ] INFO  ozoneimpl.OzoneContainer (OzoneContainer.java:start(305)) - Attempting to start container services.
2021-07-01 01:15:27,849 [EndpointStateMachine task thread for /0.0.0.0:42377 - 0 ] INFO  ozoneimpl.OzoneContainer (OzoneContainer.java:startContainerScrub(250)) - Background container scanner has been disabled.
2021-07-01 01:15:27,849 [EndpointStateMachine task thread for /0.0.0.0:42377 - 0 ] INFO  replication.ReplicationServer (ReplicationServer.java:start(106)) - ReplicationServer is started using port 38465
2021-07-01 01:15:27,851 [EndpointStateMachine task thread for /0.0.0.0:42377 - 0 ] INFO  ratis.XceiverServerRatis (XceiverServerRatis.java:start(478)) - Starting XceiverServerRatis afb2815f-4716-48e6-854f-3875e38e9fce
2021-07-01 01:15:27,852 [EndpointStateMachine task thread for /0.0.0.0:42377 - 0 ] INFO  server.RaftServer (RaftServerProxy.java:lambda$start$5(374)) - afb2815f-4716-48e6-854f-3875e38e9fce: start RPC server
2021-07-01 01:15:27,852 [EndpointStateMachine task thread for /0.0.0.0:42377 - 0 ] INFO  server.GrpcService (GrpcService.java:startImpl(253)) - afb2815f-4716-48e6-854f-3875e38e9fce: GrpcService started, listening on 44723
2021-07-01 01:15:27,853 [EndpointStateMachine task thread for /0.0.0.0:42377 - 0 ] INFO  ratis.XceiverServerRatis (XceiverServerRatis.java:getRealPort(499)) - XceiverServerRatis afb2815f-4716-48e6-854f-3875e38e9fce is started using port 44723 for RATIS
2021-07-01 01:15:27,853 [org.apache.ratis.util.JvmPauseMonitor$$Lambda$514/857811686@3227081] INFO  util.JvmPauseMonitor (JvmPauseMonitor.java:run(103)) - JvmPauseMonitor-afb2815f-4716-48e6-854f-3875e38e9fce: Started
2021-07-01 01:15:27,853 [EndpointStateMachine task thread for /0.0.0.0:42377 - 0 ] INFO  ratis.XceiverServerRatis (XceiverServerRatis.java:getRealPort(499)) - XceiverServerRatis afb2815f-4716-48e6-854f-3875e38e9fce is started using port 44723 for RATIS_ADMIN
2021-07-01 01:15:27,853 [EndpointStateMachine task thread for /0.0.0.0:42377 - 0 ] INFO  ratis.XceiverServerRatis (XceiverServerRatis.java:getRealPort(499)) - XceiverServerRatis afb2815f-4716-48e6-854f-3875e38e9fce is started using port 44723 for RATIS_SERVER
2021-07-01 01:15:27,853 [EndpointStateMachine task thread for /0.0.0.0:42377 - 0 ] INFO  server.XceiverServerGrpc (XceiverServerGrpc.java:start(135)) - XceiverServerGrpc afb2815f-4716-48e6-854f-3875e38e9fce is started using port 32981
2021-07-01 01:15:27,960 [EndpointStateMachine task thread for /0.0.0.0:42377 - 0 ] INFO  ozoneimpl.OzoneContainer (OzoneContainer.java:start(305)) - Attempting to start container services.
2021-07-01 01:15:27,960 [EndpointStateMachine task thread for /0.0.0.0:42377 - 0 ] INFO  ozoneimpl.OzoneContainer (OzoneContainer.java:startContainerScrub(250)) - Background container scanner has been disabled.
2021-07-01 01:15:27,961 [EndpointStateMachine task thread for /0.0.0.0:42377 - 0 ] INFO  replication.ReplicationServer (ReplicationServer.java:start(106)) - ReplicationServer is started using port 37929
2021-07-01 01:15:27,962 [EndpointStateMachine task thread for /0.0.0.0:42377 - 0 ] INFO  ratis.XceiverServerRatis (XceiverServerRatis.java:start(478)) - Starting XceiverServerRatis c748cb90-cadf-4a6f-b345-cd4c71c9d1a6
2021-07-01 01:15:27,970 [EndpointStateMachine task thread for /0.0.0.0:42377 - 0 ] INFO  server.RaftServer (RaftServerProxy.java:lambda$start$5(374)) - c748cb90-cadf-4a6f-b345-cd4c71c9d1a6: start RPC server
2021-07-01 01:15:27,971 [EndpointStateMachine task thread for /0.0.0.0:42377 - 0 ] INFO  server.GrpcService (GrpcService.java:startImpl(253)) - c748cb90-cadf-4a6f-b345-cd4c71c9d1a6: GrpcService started, listening on 37099
2021-07-01 01:15:27,971 [EndpointStateMachine task thread for /0.0.0.0:42377 - 0 ] INFO  ratis.XceiverServerRatis (XceiverServerRatis.java:getRealPort(499)) - XceiverServerRatis c748cb90-cadf-4a6f-b345-cd4c71c9d1a6 is started using port 37099 for RATIS
2021-07-01 01:15:27,972 [EndpointStateMachine task thread for /0.0.0.0:42377 - 0 ] INFO  ratis.XceiverServerRatis (XceiverServerRatis.java:getRealPort(499)) - XceiverServerRatis c748cb90-cadf-4a6f-b345-cd4c71c9d1a6 is started using port 37099 for RATIS_ADMIN
2021-07-01 01:15:27,972 [EndpointStateMachine task thread for /0.0.0.0:42377 - 0 ] INFO  ratis.XceiverServerRatis (XceiverServerRatis.java:getRealPort(499)) - XceiverServerRatis c748cb90-cadf-4a6f-b345-cd4c71c9d1a6 is started using port 37099 for RATIS_SERVER
2021-07-01 01:15:27,971 [org.apache.ratis.util.JvmPauseMonitor$$Lambda$514/857811686@7a7adde3] INFO  util.JvmPauseMonitor (JvmPauseMonitor.java:run(103)) - JvmPauseMonitor-c748cb90-cadf-4a6f-b345-cd4c71c9d1a6: Started
2021-07-01 01:15:27,973 [EndpointStateMachine task thread for /0.0.0.0:42377 - 0 ] INFO  server.XceiverServerGrpc (XceiverServerGrpc.java:start(135)) - XceiverServerGrpc c748cb90-cadf-4a6f-b345-cd4c71c9d1a6 is started using port 40605
2021-07-01 01:15:28,079 [EndpointStateMachine task thread for /0.0.0.0:42377 - 0 ] INFO  ozoneimpl.OzoneContainer (OzoneContainer.java:start(305)) - Attempting to start container services.
2021-07-01 01:15:28,079 [EndpointStateMachine task thread for /0.0.0.0:42377 - 0 ] INFO  ozoneimpl.OzoneContainer (OzoneContainer.java:startContainerScrub(250)) - Background container scanner has been disabled.
2021-07-01 01:15:28,080 [EndpointStateMachine task thread for /0.0.0.0:42377 - 0 ] INFO  replication.ReplicationServer (ReplicationServer.java:start(106)) - ReplicationServer is started using port 34847
2021-07-01 01:15:28,083 [EndpointStateMachine task thread for /0.0.0.0:42377 - 0 ] INFO  ratis.XceiverServerRatis (XceiverServerRatis.java:start(478)) - Starting XceiverServerRatis 74d0c323-91d1-42ce-a7ad-5ac80fac4338
2021-07-01 01:15:28,084 [EndpointStateMachine task thread for /0.0.0.0:42377 - 0 ] INFO  server.RaftServer (RaftServerProxy.java:lambda$start$5(374)) - 74d0c323-91d1-42ce-a7ad-5ac80fac4338: start RPC server
2021-07-01 01:15:28,090 [EndpointStateMachine task thread for /0.0.0.0:42377 - 0 ] INFO  server.GrpcService (GrpcService.java:startImpl(253)) - 74d0c323-91d1-42ce-a7ad-5ac80fac4338: GrpcService started, listening on 46795
2021-07-01 01:15:28,090 [EndpointStateMachine task thread for /0.0.0.0:42377 - 0 ] INFO  ratis.XceiverServerRatis (XceiverServerRatis.java:getRealPort(499)) - XceiverServerRatis 74d0c323-91d1-42ce-a7ad-5ac80fac4338 is started using port 46795 for RATIS
2021-07-01 01:15:28,090 [EndpointStateMachine task thread for /0.0.0.0:42377 - 0 ] INFO  ratis.XceiverServerRatis (XceiverServerRatis.java:getRealPort(499)) - XceiverServerRatis 74d0c323-91d1-42ce-a7ad-5ac80fac4338 is started using port 46795 for RATIS_ADMIN
2021-07-01 01:15:28,090 [org.apache.ratis.util.JvmPauseMonitor$$Lambda$514/857811686@2d7c2260] INFO  util.JvmPauseMonitor (JvmPauseMonitor.java:run(103)) - JvmPauseMonitor-74d0c323-91d1-42ce-a7ad-5ac80fac4338: Started
2021-07-01 01:15:28,090 [EndpointStateMachine task thread for /0.0.0.0:42377 - 0 ] INFO  ratis.XceiverServerRatis (XceiverServerRatis.java:getRealPort(499)) - XceiverServerRatis 74d0c323-91d1-42ce-a7ad-5ac80fac4338 is started using port 46795 for RATIS_SERVER
2021-07-01 01:15:28,091 [EndpointStateMachine task thread for /0.0.0.0:42377 - 0 ] INFO  server.XceiverServerGrpc (XceiverServerGrpc.java:start(135)) - XceiverServerGrpc 74d0c323-91d1-42ce-a7ad-5ac80fac4338 is started using port 39827
2021-07-01 01:15:28,222 [EndpointStateMachine task thread for /0.0.0.0:42377 - 0 ] INFO  ozoneimpl.OzoneContainer (OzoneContainer.java:start(305)) - Attempting to start container services.
2021-07-01 01:15:28,222 [EndpointStateMachine task thread for /0.0.0.0:42377 - 0 ] INFO  ozoneimpl.OzoneContainer (OzoneContainer.java:startContainerScrub(250)) - Background container scanner has been disabled.
2021-07-01 01:15:28,227 [EndpointStateMachine task thread for /0.0.0.0:42377 - 0 ] INFO  replication.ReplicationServer (ReplicationServer.java:start(106)) - ReplicationServer is started using port 41417
2021-07-01 01:15:28,228 [EndpointStateMachine task thread for /0.0.0.0:42377 - 0 ] INFO  ratis.XceiverServerRatis (XceiverServerRatis.java:start(478)) - Starting XceiverServerRatis e5bed959-61e5-441f-8857-6d0fdb7b4033
2021-07-01 01:15:28,229 [EndpointStateMachine task thread for /0.0.0.0:42377 - 0 ] INFO  server.RaftServer (RaftServerProxy.java:lambda$start$5(374)) - e5bed959-61e5-441f-8857-6d0fdb7b4033: start RPC server
2021-07-01 01:15:28,229 [EndpointStateMachine task thread for /0.0.0.0:42377 - 0 ] INFO  server.GrpcService (GrpcService.java:startImpl(253)) - e5bed959-61e5-441f-8857-6d0fdb7b4033: GrpcService started, listening on 45539
2021-07-01 01:15:28,234 [EndpointStateMachine task thread for /0.0.0.0:42377 - 0 ] INFO  ratis.XceiverServerRatis (XceiverServerRatis.java:getRealPort(499)) - XceiverServerRatis e5bed959-61e5-441f-8857-6d0fdb7b4033 is started using port 45539 for RATIS
2021-07-01 01:15:28,234 [org.apache.ratis.util.JvmPauseMonitor$$Lambda$514/857811686@7ef55d1] INFO  util.JvmPauseMonitor (JvmPauseMonitor.java:run(103)) - JvmPauseMonitor-e5bed959-61e5-441f-8857-6d0fdb7b4033: Started
2021-07-01 01:15:28,234 [EndpointStateMachine task thread for /0.0.0.0:42377 - 0 ] INFO  ratis.XceiverServerRatis (XceiverServerRatis.java:getRealPort(499)) - XceiverServerRatis e5bed959-61e5-441f-8857-6d0fdb7b4033 is started using port 45539 for RATIS_ADMIN
2021-07-01 01:15:28,234 [EndpointStateMachine task thread for /0.0.0.0:42377 - 0 ] INFO  ratis.XceiverServerRatis (XceiverServerRatis.java:getRealPort(499)) - XceiverServerRatis e5bed959-61e5-441f-8857-6d0fdb7b4033 is started using port 45539 for RATIS_SERVER
2021-07-01 01:15:28,235 [EndpointStateMachine task thread for /0.0.0.0:42377 - 0 ] INFO  server.XceiverServerGrpc (XceiverServerGrpc.java:start(135)) - XceiverServerGrpc e5bed959-61e5-441f-8857-6d0fdb7b4033 is started using port 41197
2021-07-01 01:15:28,365 [Listener at 127.0.0.1/41923] INFO  ozone.MiniOzoneClusterImpl (MiniOzoneClusterImpl.java:lambda$waitForClusterToBeReady$0(227)) - Waiting for nodes to be ready. Got 0 of 9 DN Heartbeats.
2021-07-01 01:15:28,366 [Listener at 127.0.0.1/41923] INFO  ozone.MiniOzoneClusterImpl (MiniOzoneClusterImpl.java:lambda$waitForClusterToBeReady$0(230)) - Waiting for cluster to exit safe mode
2021-07-01 01:15:28,366 [Listener at 127.0.0.1/41923] INFO  ozone.MiniOzoneClusterImpl (MiniOzoneClusterImpl.java:lambda$waitForClusterToBeReady$0(232)) - SCM became leader
2021-07-01 01:15:28,371 [EndpointStateMachine task thread for /0.0.0.0:42377 - 0 ] INFO  ozoneimpl.OzoneContainer (OzoneContainer.java:start(305)) - Attempting to start container services.
2021-07-01 01:15:28,371 [EndpointStateMachine task thread for /0.0.0.0:42377 - 0 ] INFO  ozoneimpl.OzoneContainer (OzoneContainer.java:startContainerScrub(250)) - Background container scanner has been disabled.
2021-07-01 01:15:28,373 [EndpointStateMachine task thread for /0.0.0.0:42377 - 0 ] INFO  replication.ReplicationServer (ReplicationServer.java:start(106)) - ReplicationServer is started using port 40799
2021-07-01 01:15:28,375 [EndpointStateMachine task thread for /0.0.0.0:42377 - 0 ] INFO  ratis.XceiverServerRatis (XceiverServerRatis.java:start(478)) - Starting XceiverServerRatis 2c5425c6-dd7c-4ec0-8033-4e93d4830dbf
2021-07-01 01:15:28,379 [EndpointStateMachine task thread for /0.0.0.0:42377 - 0 ] INFO  server.RaftServer (RaftServerProxy.java:lambda$start$5(374)) - 2c5425c6-dd7c-4ec0-8033-4e93d4830dbf: start RPC server
2021-07-01 01:15:28,379 [EndpointStateMachine task thread for /0.0.0.0:42377 - 0 ] INFO  server.GrpcService (GrpcService.java:startImpl(253)) - 2c5425c6-dd7c-4ec0-8033-4e93d4830dbf: GrpcService started, listening on 44955
2021-07-01 01:15:28,380 [EndpointStateMachine task thread for /0.0.0.0:42377 - 0 ] INFO  ratis.XceiverServerRatis (XceiverServerRatis.java:getRealPort(499)) - XceiverServerRatis 2c5425c6-dd7c-4ec0-8033-4e93d4830dbf is started using port 44955 for RATIS
2021-07-01 01:15:28,380 [EndpointStateMachine task thread for /0.0.0.0:42377 - 0 ] INFO  ratis.XceiverServerRatis (XceiverServerRatis.java:getRealPort(499)) - XceiverServerRatis 2c5425c6-dd7c-4ec0-8033-4e93d4830dbf is started using port 44955 for RATIS_ADMIN
2021-07-01 01:15:28,380 [EndpointStateMachine task thread for /0.0.0.0:42377 - 0 ] INFO  ratis.XceiverServerRatis (XceiverServerRatis.java:getRealPort(499)) - XceiverServerRatis 2c5425c6-dd7c-4ec0-8033-4e93d4830dbf is started using port 44955 for RATIS_SERVER
2021-07-01 01:15:28,380 [org.apache.ratis.util.JvmPauseMonitor$$Lambda$514/857811686@1379b528] INFO  util.JvmPauseMonitor (JvmPauseMonitor.java:run(103)) - JvmPauseMonitor-2c5425c6-dd7c-4ec0-8033-4e93d4830dbf: Started
2021-07-01 01:15:28,380 [EndpointStateMachine task thread for /0.0.0.0:42377 - 0 ] INFO  server.XceiverServerGrpc (XceiverServerGrpc.java:start(135)) - XceiverServerGrpc 2c5425c6-dd7c-4ec0-8033-4e93d4830dbf is started using port 40545
2021-07-01 01:15:29,356 [IPC Server handler 3 on default port 42377] INFO  net.NetworkTopologyImpl (NetworkTopologyImpl.java:add(112)) - Added a new node: /default-rack/a8e60af1-b0b5-4e51-add8-0d393ff38b25
2021-07-01 01:15:29,357 [IPC Server handler 3 on default port 42377] INFO  node.SCMNodeManager (SCMNodeManager.java:register(348)) - Registered Data node : a8e60af1-b0b5-4e51-add8-0d393ff38b25{ip: 10.1.0.5, host: fv-az195-275.u3nnjwd0vyge1bu22idnsdeq2e.cx.internal.cloudapp.net, ports: [REPLICATION=38855, RATIS=37199, RATIS_ADMIN=37199, RATIS_SERVER=37199, STANDALONE=42759], networkLocation: /default-rack, certSerialId: null, persistedOpState: null, persistedOpStateExpiryEpochSec: 0}
2021-07-01 01:15:29,358 [EventQueue-NewNodeForNewNodeHandler] INFO  pipeline.BackgroundPipelineCreator (BackgroundPipelineCreatorV2.java:notifyEventTriggered(285)) - trigger a one-shot run on RatisPipelineUtilsThread.
2021-07-01 01:15:29,359 [RatisPipelineUtilsThread - 0] INFO  pipeline.RatisPipelineProvider (RatisPipelineProvider.java:lambda$create$0(170)) - Sending CreatePipelineCommand for pipeline:PipelineID=4bcbe9cf-9eeb-453c-9aa9-c472c5e57489 to datanode:a8e60af1-b0b5-4e51-add8-0d393ff38b25
2021-07-01 01:15:29,359 [EventQueue-NodeRegistrationContainerReportForContainerSafeModeRule] INFO  safemode.SCMSafeModeManager (SCMSafeModeManager.java:validateSafeModeExitRules(204)) - ContainerSafeModeRule rule is successfully validated
2021-07-01 01:15:29,360 [EventQueue-NodeRegistrationContainerReportForDataNodeSafeModeRule] INFO  safemode.SCMSafeModeManager (DataNodeSafeModeRule.java:process(71)) - SCM in safe mode. 1 DataNodes registered, 3 required.
2021-07-01 01:15:29,361 [RatisPipelineUtilsThread - 0] INFO  pipeline.PipelineStateManager (PipelineStateManagerV2Impl.java:addPipeline(101)) - Created pipeline Pipeline[ Id: 4bcbe9cf-9eeb-453c-9aa9-c472c5e57489, Nodes: a8e60af1-b0b5-4e51-add8-0d393ff38b25{ip: 10.1.0.5, host: fv-az195-275.u3nnjwd0vyge1bu22idnsdeq2e.cx.internal.cloudapp.net, ports: [REPLICATION=38855, RATIS=37199, RATIS_ADMIN=37199, RATIS_SERVER=37199, STANDALONE=42759], networkLocation: /default-rack, certSerialId: null, persistedOpState: IN_SERVICE, persistedOpStateExpiryEpochSec: 0}, ReplicationConfig: RATIS/ONE, State:ALLOCATED, leaderId:, CreationTimestamp2021-07-01T01:15:29.359Z].
2021-07-01 01:15:29,362 [EventQueue-PipelineReportForOneReplicaPipelineSafeModeRule] INFO  safemode.SCMSafeModeManager (SCMSafeModeManager.java:validateSafeModeExitRules(204)) - AtleastOneDatanodeReportedRule rule is successfully validated
2021-07-01 01:15:29,366 [Listener at 127.0.0.1/41923] INFO  ozone.MiniOzoneClusterImpl (MiniOzoneClusterImpl.java:lambda$waitForClusterToBeReady$0(227)) - Waiting for nodes to be ready. Got 1 of 9 DN Heartbeats.
2021-07-01 01:15:29,366 [Listener at 127.0.0.1/41923] INFO  ozone.MiniOzoneClusterImpl (MiniOzoneClusterImpl.java:lambda$waitForClusterToBeReady$0(230)) - Waiting for cluster to exit safe mode
2021-07-01 01:15:29,367 [Listener at 127.0.0.1/41923] INFO  ozone.MiniOzoneClusterImpl (MiniOzoneClusterImpl.java:lambda$waitForClusterToBeReady$0(232)) - SCM became leader
2021-07-01 01:15:29,476 [IPC Server handler 2 on default port 42377] INFO  net.NetworkTopologyImpl (NetworkTopologyImpl.java:add(112)) - Added a new node: /default-rack/12e155f9-24cd-4496-9fcd-b734ad3c03a4
2021-07-01 01:15:29,476 [IPC Server handler 2 on default port 42377] INFO  node.SCMNodeManager (SCMNodeManager.java:register(348)) - Registered Data node : 12e155f9-24cd-4496-9fcd-b734ad3c03a4{ip: 10.1.0.5, host: fv-az195-275.u3nnjwd0vyge1bu22idnsdeq2e.cx.internal.cloudapp.net, ports: [REPLICATION=45361, RATIS=37489, RATIS_ADMIN=37489, RATIS_SERVER=37489, STANDALONE=35431], networkLocation: /default-rack, certSerialId: null, persistedOpState: null, persistedOpStateExpiryEpochSec: 0}
2021-07-01 01:15:29,476 [EventQueue-NewNodeForNewNodeHandler] INFO  pipeline.BackgroundPipelineCreator (BackgroundPipelineCreatorV2.java:notifyEventTriggered(285)) - trigger a one-shot run on RatisPipelineUtilsThread.
2021-07-01 01:15:29,476 [EventQueue-NodeRegistrationContainerReportForDataNodeSafeModeRule] INFO  safemode.SCMSafeModeManager (DataNodeSafeModeRule.java:process(71)) - SCM in safe mode. 2 DataNodes registered, 3 required.
2021-07-01 01:15:29,477 [RatisPipelineUtilsThread - 0] INFO  pipeline.RatisPipelineProvider (RatisPipelineProvider.java:lambda$create$0(170)) - Sending CreatePipelineCommand for pipeline:PipelineID=ed7120cb-903c-4f71-b28c-690e4381a16b to datanode:12e155f9-24cd-4496-9fcd-b734ad3c03a4
2021-07-01 01:15:29,478 [RatisPipelineUtilsThread - 0] INFO  pipeline.PipelineStateManager (PipelineStateManagerV2Impl.java:addPipeline(101)) - Created pipeline Pipeline[ Id: ed7120cb-903c-4f71-b28c-690e4381a16b, Nodes: 12e155f9-24cd-4496-9fcd-b734ad3c03a4{ip: 10.1.0.5, host: fv-az195-275.u3nnjwd0vyge1bu22idnsdeq2e.cx.internal.cloudapp.net, ports: [REPLICATION=45361, RATIS=37489, RATIS_ADMIN=37489, RATIS_SERVER=37489, STANDALONE=35431], networkLocation: /default-rack, certSerialId: null, persistedOpState: IN_SERVICE, persistedOpStateExpiryEpochSec: 0}, ReplicationConfig: RATIS/ONE, State:ALLOCATED, leaderId:, CreationTimestamp2021-07-01T01:15:29.477Z].
2021-07-01 01:15:29,592 [IPC Server handler 4 on default port 42377] INFO  net.NetworkTopologyImpl (NetworkTopologyImpl.java:add(112)) - Added a new node: /default-rack/80320f5a-6cd9-4eb7-9dbc-d52eb94c4b51
2021-07-01 01:15:29,593 [IPC Server handler 4 on default port 42377] INFO  node.SCMNodeManager (SCMNodeManager.java:register(348)) - Registered Data node : 80320f5a-6cd9-4eb7-9dbc-d52eb94c4b51{ip: 10.1.0.5, host: fv-az195-275.u3nnjwd0vyge1bu22idnsdeq2e.cx.internal.cloudapp.net, ports: [REPLICATION=46331, RATIS=40669, RATIS_ADMIN=40669, RATIS_SERVER=40669, STANDALONE=41609], networkLocation: /default-rack, certSerialId: null, persistedOpState: null, persistedOpStateExpiryEpochSec: 0}
2021-07-01 01:15:29,593 [EventQueue-NewNodeForNewNodeHandler] INFO  pipeline.BackgroundPipelineCreator (BackgroundPipelineCreatorV2.java:notifyEventTriggered(285)) - trigger a one-shot run on RatisPipelineUtilsThread.
2021-07-01 01:15:29,593 [EventQueue-NodeRegistrationContainerReportForDataNodeSafeModeRule] INFO  safemode.SCMSafeModeManager (DataNodeSafeModeRule.java:process(71)) - SCM in safe mode. 3 DataNodes registered, 3 required.
2021-07-01 01:15:29,594 [EventQueue-NodeRegistrationContainerReportForDataNodeSafeModeRule] INFO  safemode.SCMSafeModeManager (SCMSafeModeManager.java:validateSafeModeExitRules(204)) - DataNodeSafeModeRule rule is successfully validated
2021-07-01 01:15:29,594 [EventQueue-NodeRegistrationContainerReportForDataNodeSafeModeRule] INFO  safemode.SCMSafeModeManager (SCMSafeModeManager.java:completePreCheck(233)) - All SCM safe mode pre check rules have passed
2021-07-01 01:15:29,594 [EventQueue-NodeRegistrationContainerReportForDataNodeSafeModeRule] WARN  events.EventQueue (EventQueue.java:fireEvent(194)) - No event handler registered for event TypedEvent{payloadType=SafeModeStatus, name='Safe mode status'}
2021-07-01 01:15:29,594 [EventQueue-NodeRegistrationContainerReportForDataNodeSafeModeRule] INFO  ha.SCMContext (SCMContext.java:updateSafeModeStatus(208)) - Update SafeModeStatus from SafeModeStatus{safeModeStatus=true, preCheckPassed=false} to SafeModeStatus{safeModeStatus=true, preCheckPassed=true}.
2021-07-01 01:15:29,594 [EventQueue-NodeRegistrationContainerReportForDataNodeSafeModeRule] INFO  pipeline.BackgroundPipelineCreator (BackgroundPipelineCreatorV2.java:notifyEventTriggered(285)) - trigger a one-shot run on RatisPipelineUtilsThread.
2021-07-01 01:15:29,594 [RatisPipelineUtilsThread - 0] INFO  pipeline.RatisPipelineProvider (RatisPipelineProvider.java:lambda$create$0(170)) - Sending CreatePipelineCommand for pipeline:PipelineID=3e4132db-772d-430e-9970-69edf6c3be3b to datanode:80320f5a-6cd9-4eb7-9dbc-d52eb94c4b51
2021-07-01 01:15:29,594 [RatisPipelineUtilsThread - 0] INFO  pipeline.PipelineStateManager (PipelineStateManagerV2Impl.java:addPipeline(101)) - Created pipeline Pipeline[ Id: 3e4132db-772d-430e-9970-69edf6c3be3b, Nodes: 80320f5a-6cd9-4eb7-9dbc-d52eb94c4b51{ip: 10.1.0.5, host: fv-az195-275.u3nnjwd0vyge1bu22idnsdeq2e.cx.internal.cloudapp.net, ports: [REPLICATION=46331, RATIS=40669, RATIS_ADMIN=40669, RATIS_SERVER=40669, STANDALONE=41609], networkLocation: /default-rack, certSerialId: null, persistedOpState: IN_SERVICE, persistedOpStateExpiryEpochSec: 0}, ReplicationConfig: RATIS/ONE, State:ALLOCATED, leaderId:, CreationTimestamp2021-07-01T01:15:29.594Z].
2021-07-01 01:15:29,595 [RatisPipelineUtilsThread - 0] INFO  pipeline.RatisPipelineProvider (RatisPipelineProvider.java:lambda$create$0(170)) - Sending CreatePipelineCommand for pipeline:PipelineID=fc1ed8f0-5d30-4d52-90b2-3f477c9b4374 to datanode:12e155f9-24cd-4496-9fcd-b734ad3c03a4
2021-07-01 01:15:29,595 [RatisPipelineUtilsThread - 0] INFO  pipeline.RatisPipelineProvider (RatisPipelineProvider.java:lambda$create$0(170)) - Sending CreatePipelineCommand for pipeline:PipelineID=fc1ed8f0-5d30-4d52-90b2-3f477c9b4374 to datanode:a8e60af1-b0b5-4e51-add8-0d393ff38b25
2021-07-01 01:15:29,595 [RatisPipelineUtilsThread - 0] INFO  pipeline.RatisPipelineProvider (RatisPipelineProvider.java:lambda$create$0(170)) - Sending CreatePipelineCommand for pipeline:PipelineID=fc1ed8f0-5d30-4d52-90b2-3f477c9b4374 to datanode:80320f5a-6cd9-4eb7-9dbc-d52eb94c4b51
2021-07-01 01:15:29,596 [RatisPipelineUtilsThread - 0] INFO  pipeline.PipelineStateManager (PipelineStateManagerV2Impl.java:addPipeline(101)) - Created pipeline Pipeline[ Id: fc1ed8f0-5d30-4d52-90b2-3f477c9b4374, Nodes: 12e155f9-24cd-4496-9fcd-b734ad3c03a4{ip: 10.1.0.5, host: fv-az195-275.u3nnjwd0vyge1bu22idnsdeq2e.cx.internal.cloudapp.net, ports: [REPLICATION=45361, RATIS=37489, RATIS_ADMIN=37489, RATIS_SERVER=37489, STANDALONE=35431], networkLocation: /default-rack, certSerialId: null, persistedOpState: IN_SERVICE, persistedOpStateExpiryEpochSec: 0}a8e60af1-b0b5-4e51-add8-0d393ff38b25{ip: 10.1.0.5, host: fv-az195-275.u3nnjwd0vyge1bu22idnsdeq2e.cx.internal.cloudapp.net, ports: [REPLICATION=38855, RATIS=37199, RATIS_ADMIN=37199, RATIS_SERVER=37199, STANDALONE=42759], networkLocation: /default-rack, certSerialId: null, persistedOpState: IN_SERVICE, persistedOpStateExpiryEpochSec: 0}80320f5a-6cd9-4eb7-9dbc-d52eb94c4b51{ip: 10.1.0.5, host: fv-az195-275.u3nnjwd0vyge1bu22idnsdeq2e.cx.internal.cloudapp.net, ports: [REPLICATION=46331, RATIS=40669, RATIS_ADMIN=40669, RATIS_SERVER=40669, STANDALONE=41609], networkLocation: /default-rack, certSerialId: null, persistedOpState: IN_SERVICE, persistedOpStateExpiryEpochSec: 0}, ReplicationConfig: RATIS/THREE, State:ALLOCATED, leaderId:, CreationTimestamp2021-07-01T01:15:29.595Z].
2021-07-01 01:15:29,722 [IPC Server handler 5 on default port 42377] INFO  net.NetworkTopologyImpl (NetworkTopologyImpl.java:add(112)) - Added a new node: /default-rack/81b856d9-9a36-4380-a413-e28ef77684bb
2021-07-01 01:15:29,722 [IPC Server handler 5 on default port 42377] INFO  node.SCMNodeManager (SCMNodeManager.java:register(348)) - Registered Data node : 81b856d9-9a36-4380-a413-e28ef77684bb{ip: 10.1.0.5, host: fv-az195-275.u3nnjwd0vyge1bu22idnsdeq2e.cx.internal.cloudapp.net, ports: [REPLICATION=44571, RATIS=42305, RATIS_ADMIN=42305, RATIS_SERVER=42305, STANDALONE=43213], networkLocation: /default-rack, certSerialId: null, persistedOpState: null, persistedOpStateExpiryEpochSec: 0}
2021-07-01 01:15:29,723 [EventQueue-NewNodeForNewNodeHandler] INFO  pipeline.BackgroundPipelineCreator (BackgroundPipelineCreatorV2.java:notifyEventTriggered(285)) - trigger a one-shot run on RatisPipelineUtilsThread.
2021-07-01 01:15:29,723 [RatisPipelineUtilsThread - 0] INFO  pipeline.RatisPipelineProvider (RatisPipelineProvider.java:lambda$create$0(170)) - Sending CreatePipelineCommand for pipeline:PipelineID=08f3db3f-2d63-4874-b5c5-64b1a5ed79f8 to datanode:81b856d9-9a36-4380-a413-e28ef77684bb
2021-07-01 01:15:29,724 [RatisPipelineUtilsThread - 0] INFO  pipeline.PipelineStateManager (PipelineStateManagerV2Impl.java:addPipeline(101)) - Created pipeline Pipeline[ Id: 08f3db3f-2d63-4874-b5c5-64b1a5ed79f8, Nodes: 81b856d9-9a36-4380-a413-e28ef77684bb{ip: 10.1.0.5, host: fv-az195-275.u3nnjwd0vyge1bu22idnsdeq2e.cx.internal.cloudapp.net, ports: [REPLICATION=44571, RATIS=42305, RATIS_ADMIN=42305, RATIS_SERVER=42305, STANDALONE=43213], networkLocation: /default-rack, certSerialId: null, persistedOpState: IN_SERVICE, persistedOpStateExpiryEpochSec: 0}, ReplicationConfig: RATIS/ONE, State:ALLOCATED, leaderId:, CreationTimestamp2021-07-01T01:15:29.723Z].
2021-07-01 01:15:29,846 [IPC Server handler 6 on default port 42377] INFO  net.NetworkTopologyImpl (NetworkTopologyImpl.java:add(112)) - Added a new node: /default-rack/afb2815f-4716-48e6-854f-3875e38e9fce
2021-07-01 01:15:29,846 [IPC Server handler 6 on default port 42377] INFO  node.SCMNodeManager (SCMNodeManager.java:register(348)) - Registered Data node : afb2815f-4716-48e6-854f-3875e38e9fce{ip: 10.1.0.5, host: fv-az195-275.u3nnjwd0vyge1bu22idnsdeq2e.cx.internal.cloudapp.net, ports: [REPLICATION=38465, RATIS=44723, RATIS_ADMIN=44723, RATIS_SERVER=44723, STANDALONE=32981], networkLocation: /default-rack, certSerialId: null, persistedOpState: null, persistedOpStateExpiryEpochSec: 0}
2021-07-01 01:15:29,846 [EventQueue-NewNodeForNewNodeHandler] INFO  pipeline.BackgroundPipelineCreator (BackgroundPipelineCreatorV2.java:notifyEventTriggered(285)) - trigger a one-shot run on RatisPipelineUtilsThread.
2021-07-01 01:15:29,847 [RatisPipelineUtilsThread - 0] INFO  pipeline.RatisPipelineProvider (RatisPipelineProvider.java:lambda$create$0(170)) - Sending CreatePipelineCommand for pipeline:PipelineID=956b52b3-79e6-44a4-a983-9ec062e85dc4 to datanode:afb2815f-4716-48e6-854f-3875e38e9fce
2021-07-01 01:15:29,849 [RatisPipelineUtilsThread - 0] INFO  pipeline.PipelineStateManager (PipelineStateManagerV2Impl.java:addPipeline(101)) - Created pipeline Pipeline[ Id: 956b52b3-79e6-44a4-a983-9ec062e85dc4, Nodes: afb2815f-4716-48e6-854f-3875e38e9fce{ip: 10.1.0.5, host: fv-az195-275.u3nnjwd0vyge1bu22idnsdeq2e.cx.internal.cloudapp.net, ports: [REPLICATION=38465, RATIS=44723, RATIS_ADMIN=44723, RATIS_SERVER=44723, STANDALONE=32981], networkLocation: /default-rack, certSerialId: null, persistedOpState: IN_SERVICE, persistedOpStateExpiryEpochSec: 0}, ReplicationConfig: RATIS/ONE, State:ALLOCATED, leaderId:, CreationTimestamp2021-07-01T01:15:29.847Z].
2021-07-01 01:15:29,954 [IPC Server handler 7 on default port 42377] INFO  net.NetworkTopologyImpl (NetworkTopologyImpl.java:add(112)) - Added a new node: /default-rack/c748cb90-cadf-4a6f-b345-cd4c71c9d1a6
2021-07-01 01:15:29,954 [IPC Server handler 7 on default port 42377] INFO  node.SCMNodeManager (SCMNodeManager.java:register(348)) - Registered Data node : c748cb90-cadf-4a6f-b345-cd4c71c9d1a6{ip: 10.1.0.5, host: fv-az195-275.u3nnjwd0vyge1bu22idnsdeq2e.cx.internal.cloudapp.net, ports: [REPLICATION=37929, RATIS=37099, RATIS_ADMIN=37099, RATIS_SERVER=37099, STANDALONE=40605], networkLocation: /default-rack, certSerialId: null, persistedOpState: null, persistedOpStateExpiryEpochSec: 0}
2021-07-01 01:15:29,954 [EventQueue-NewNodeForNewNodeHandler] INFO  pipeline.BackgroundPipelineCreator (BackgroundPipelineCreatorV2.java:notifyEventTriggered(285)) - trigger a one-shot run on RatisPipelineUtilsThread.
2021-07-01 01:15:29,955 [RatisPipelineUtilsThread - 0] INFO  pipeline.RatisPipelineProvider (RatisPipelineProvider.java:lambda$create$0(170)) - Sending CreatePipelineCommand for pipeline:PipelineID=2dbdaaf8-35c9-4f44-bbc0-c31066236865 to datanode:c748cb90-cadf-4a6f-b345-cd4c71c9d1a6
2021-07-01 01:15:29,959 [RatisPipelineUtilsThread - 0] INFO  pipeline.PipelineStateManager (PipelineStateManagerV2Impl.java:addPipeline(101)) - Created pipeline Pipeline[ Id: 2dbdaaf8-35c9-4f44-bbc0-c31066236865, Nodes: c748cb90-cadf-4a6f-b345-cd4c71c9d1a6{ip: 10.1.0.5, host: fv-az195-275.u3nnjwd0vyge1bu22idnsdeq2e.cx.internal.cloudapp.net, ports: [REPLICATION=37929, RATIS=37099, RATIS_ADMIN=37099, RATIS_SERVER=37099, STANDALONE=40605], networkLocation: /default-rack, certSerialId: null, persistedOpState: IN_SERVICE, persistedOpStateExpiryEpochSec: 0}, ReplicationConfig: RATIS/ONE, State:ALLOCATED, leaderId:, CreationTimestamp2021-07-01T01:15:29.955Z].
2021-07-01 01:15:29,960 [RatisPipelineUtilsThread - 0] INFO  pipeline.RatisPipelineProvider (RatisPipelineProvider.java:lambda$create$0(170)) - Sending CreatePipelineCommand for pipeline:PipelineID=ac5b330d-a48d-4cf7-83ac-222541f4572f to datanode:c748cb90-cadf-4a6f-b345-cd4c71c9d1a6
2021-07-01 01:15:29,960 [RatisPipelineUtilsThread - 0] INFO  pipeline.RatisPipelineProvider (RatisPipelineProvider.java:lambda$create$0(170)) - Sending CreatePipelineCommand for pipeline:PipelineID=ac5b330d-a48d-4cf7-83ac-222541f4572f to datanode:afb2815f-4716-48e6-854f-3875e38e9fce
2021-07-01 01:15:29,960 [RatisPipelineUtilsThread - 0] INFO  pipeline.RatisPipelineProvider (RatisPipelineProvider.java:lambda$create$0(170)) - Sending CreatePipelineCommand for pipeline:PipelineID=ac5b330d-a48d-4cf7-83ac-222541f4572f to datanode:81b856d9-9a36-4380-a413-e28ef77684bb
2021-07-01 01:15:29,961 [RatisPipelineUtilsThread - 0] INFO  pipeline.PipelineStateManager (PipelineStateManagerV2Impl.java:addPipeline(101)) - Created pipeline Pipeline[ Id: ac5b330d-a48d-4cf7-83ac-222541f4572f, Nodes: c748cb90-cadf-4a6f-b345-cd4c71c9d1a6{ip: 10.1.0.5, host: fv-az195-275.u3nnjwd0vyge1bu22idnsdeq2e.cx.internal.cloudapp.net, ports: [REPLICATION=37929, RATIS=37099, RATIS_ADMIN=37099, RATIS_SERVER=37099, STANDALONE=40605], networkLocation: /default-rack, certSerialId: null, persistedOpState: IN_SERVICE, persistedOpStateExpiryEpochSec: 0}afb2815f-4716-48e6-854f-3875e38e9fce{ip: 10.1.0.5, host: fv-az195-275.u3nnjwd0vyge1bu22idnsdeq2e.cx.internal.cloudapp.net, ports: [REPLICATION=38465, RATIS=44723, RATIS_ADMIN=44723, RATIS_SERVER=44723, STANDALONE=32981], networkLocation: /default-rack, certSerialId: null, persistedOpState: IN_SERVICE, persistedOpStateExpiryEpochSec: 0}81b856d9-9a36-4380-a413-e28ef77684bb{ip: 10.1.0.5, host: fv-az195-275.u3nnjwd0vyge1bu22idnsdeq2e.cx.internal.cloudapp.net, ports: [REPLICATION=44571, RATIS=42305, RATIS_ADMIN=42305, RATIS_SERVER=42305, STANDALONE=43213], networkLocation: /default-rack, certSerialId: null, persistedOpState: IN_SERVICE, persistedOpStateExpiryEpochSec: 0}, ReplicationConfig: RATIS/THREE, State:ALLOCATED, leaderId:, CreationTimestamp2021-07-01T01:15:29.960Z].
2021-07-01 01:15:30,076 [IPC Server handler 0 on default port 42377] INFO  net.NetworkTopologyImpl (NetworkTopologyImpl.java:add(112)) - Added a new node: /default-rack/74d0c323-91d1-42ce-a7ad-5ac80fac4338
2021-07-01 01:15:30,077 [IPC Server handler 0 on default port 42377] INFO  node.SCMNodeManager (SCMNodeManager.java:register(348)) - Registered Data node : 74d0c323-91d1-42ce-a7ad-5ac80fac4338{ip: 10.1.0.5, host: fv-az195-275.u3nnjwd0vyge1bu22idnsdeq2e.cx.internal.cloudapp.net, ports: [REPLICATION=34847, RATIS=46795, RATIS_ADMIN=46795, RATIS_SERVER=46795, STANDALONE=39827], networkLocation: /default-rack, certSerialId: null, persistedOpState: null, persistedOpStateExpiryEpochSec: 0}
2021-07-01 01:15:30,077 [EventQueue-NewNodeForNewNodeHandler] INFO  pipeline.BackgroundPipelineCreator (BackgroundPipelineCreatorV2.java:notifyEventTriggered(285)) - trigger a one-shot run on RatisPipelineUtilsThread.
2021-07-01 01:15:30,078 [RatisPipelineUtilsThread - 0] INFO  pipeline.RatisPipelineProvider (RatisPipelineProvider.java:lambda$create$0(170)) - Sending CreatePipelineCommand for pipeline:PipelineID=1c4d3486-05d9-4bdd-a615-130faf1149b5 to datanode:74d0c323-91d1-42ce-a7ad-5ac80fac4338
2021-07-01 01:15:30,079 [RatisPipelineUtilsThread - 0] INFO  pipeline.PipelineStateManager (PipelineStateManagerV2Impl.java:addPipeline(101)) - Created pipeline Pipeline[ Id: 1c4d3486-05d9-4bdd-a615-130faf1149b5, Nodes: 74d0c323-91d1-42ce-a7ad-5ac80fac4338{ip: 10.1.0.5, host: fv-az195-275.u3nnjwd0vyge1bu22idnsdeq2e.cx.internal.cloudapp.net, ports: [REPLICATION=34847, RATIS=46795, RATIS_ADMIN=46795, RATIS_SERVER=46795, STANDALONE=39827], networkLocation: /default-rack, certSerialId: null, persistedOpState: IN_SERVICE, persistedOpStateExpiryEpochSec: 0}, ReplicationConfig: RATIS/ONE, State:ALLOCATED, leaderId:, CreationTimestamp2021-07-01T01:15:30.078Z].
2021-07-01 01:15:30,220 [IPC Server handler 1 on default port 42377] INFO  net.NetworkTopologyImpl (NetworkTopologyImpl.java:add(112)) - Added a new node: /default-rack/e5bed959-61e5-441f-8857-6d0fdb7b4033
2021-07-01 01:15:30,220 [IPC Server handler 1 on default port 42377] INFO  node.SCMNodeManager (SCMNodeManager.java:register(348)) - Registered Data node : e5bed959-61e5-441f-8857-6d0fdb7b4033{ip: 10.1.0.5, host: fv-az195-275.u3nnjwd0vyge1bu22idnsdeq2e.cx.internal.cloudapp.net, ports: [REPLICATION=41417, RATIS=45539, RATIS_ADMIN=45539, RATIS_SERVER=45539, STANDALONE=41197], networkLocation: /default-rack, certSerialId: null, persistedOpState: null, persistedOpStateExpiryEpochSec: 0}
2021-07-01 01:15:30,220 [EventQueue-NewNodeForNewNodeHandler] INFO  pipeline.BackgroundPipelineCreator (BackgroundPipelineCreatorV2.java:notifyEventTriggered(285)) - trigger a one-shot run on RatisPipelineUtilsThread.
2021-07-01 01:15:30,221 [RatisPipelineUtilsThread - 0] INFO  pipeline.RatisPipelineProvider (RatisPipelineProvider.java:lambda$create$0(170)) - Sending CreatePipelineCommand for pipeline:PipelineID=8e9d66ce-5266-4a7b-ba41-a8d8bcaa687c to datanode:e5bed959-61e5-441f-8857-6d0fdb7b4033
2021-07-01 01:15:30,221 [RatisPipelineUtilsThread - 0] INFO  pipeline.PipelineStateManager (PipelineStateManagerV2Impl.java:addPipeline(101)) - Created pipeline Pipeline[ Id: 8e9d66ce-5266-4a7b-ba41-a8d8bcaa687c, Nodes: e5bed959-61e5-441f-8857-6d0fdb7b4033{ip: 10.1.0.5, host: fv-az195-275.u3nnjwd0vyge1bu22idnsdeq2e.cx.internal.cloudapp.net, ports: [REPLICATION=41417, RATIS=45539, RATIS_ADMIN=45539, RATIS_SERVER=45539, STANDALONE=41197], networkLocation: /default-rack, certSerialId: null, persistedOpState: IN_SERVICE, persistedOpStateExpiryEpochSec: 0}, ReplicationConfig: RATIS/ONE, State:ALLOCATED, leaderId:, CreationTimestamp2021-07-01T01:15:30.221Z].
2021-07-01 01:15:30,367 [Listener at 127.0.0.1/41923] INFO  ozone.MiniOzoneClusterImpl (MiniOzoneClusterImpl.java:lambda$waitForClusterToBeReady$0(227)) - Waiting for nodes to be ready. Got 8 of 9 DN Heartbeats.
2021-07-01 01:15:30,367 [Listener at 127.0.0.1/41923] INFO  ozone.MiniOzoneClusterImpl (MiniOzoneClusterImpl.java:lambda$waitForClusterToBeReady$0(230)) - Waiting for cluster to exit safe mode
2021-07-01 01:15:30,367 [Listener at 127.0.0.1/41923] INFO  ozone.MiniOzoneClusterImpl (MiniOzoneClusterImpl.java:lambda$waitForClusterToBeReady$0(232)) - SCM became leader
2021-07-01 01:15:30,368 [IPC Server handler 2 on default port 42377] INFO  net.NetworkTopologyImpl (NetworkTopologyImpl.java:add(112)) - Added a new node: /default-rack/2c5425c6-dd7c-4ec0-8033-4e93d4830dbf
2021-07-01 01:15:30,368 [IPC Server handler 2 on default port 42377] INFO  node.SCMNodeManager (SCMNodeManager.java:register(348)) - Registered Data node : 2c5425c6-dd7c-4ec0-8033-4e93d4830dbf{ip: 10.1.0.5, host: fv-az195-275.u3nnjwd0vyge1bu22idnsdeq2e.cx.internal.cloudapp.net, ports: [REPLICATION=40799, RATIS=44955, RATIS_ADMIN=44955, RATIS_SERVER=44955, STANDALONE=40545], networkLocation: /default-rack, certSerialId: null, persistedOpState: null, persistedOpStateExpiryEpochSec: 0}
2021-07-01 01:15:30,369 [EventQueue-NewNodeForNewNodeHandler] INFO  pipeline.BackgroundPipelineCreator (BackgroundPipelineCreatorV2.java:notifyEventTriggered(285)) - trigger a one-shot run on RatisPipelineUtilsThread.
2021-07-01 01:15:30,369 [RatisPipelineUtilsThread - 0] INFO  pipeline.RatisPipelineProvider (RatisPipelineProvider.java:lambda$create$0(170)) - Sending CreatePipelineCommand for pipeline:PipelineID=bb6854db-77ea-4a3f-8f65-30ac3f6d4787 to datanode:2c5425c6-dd7c-4ec0-8033-4e93d4830dbf
2021-07-01 01:15:30,370 [RatisPipelineUtilsThread - 0] INFO  pipeline.PipelineStateManager (PipelineStateManagerV2Impl.java:addPipeline(101)) - Created pipeline Pipeline[ Id: bb6854db-77ea-4a3f-8f65-30ac3f6d4787, Nodes: 2c5425c6-dd7c-4ec0-8033-4e93d4830dbf{ip: 10.1.0.5, host: fv-az195-275.u3nnjwd0vyge1bu22idnsdeq2e.cx.internal.cloudapp.net, ports: [REPLICATION=40799, RATIS=44955, RATIS_ADMIN=44955, RATIS_SERVER=44955, STANDALONE=40545], networkLocation: /default-rack, certSerialId: null, persistedOpState: IN_SERVICE, persistedOpStateExpiryEpochSec: 0}, ReplicationConfig: RATIS/ONE, State:ALLOCATED, leaderId:, CreationTimestamp2021-07-01T01:15:30.369Z].
2021-07-01 01:15:30,370 [RatisPipelineUtilsThread - 0] INFO  pipeline.RatisPipelineProvider (RatisPipelineProvider.java:lambda$create$0(170)) - Sending CreatePipelineCommand for pipeline:PipelineID=8cc6e381-03b9-465e-b840-0bc9f4275829 to datanode:74d0c323-91d1-42ce-a7ad-5ac80fac4338
2021-07-01 01:15:30,370 [RatisPipelineUtilsThread - 0] INFO  pipeline.RatisPipelineProvider (RatisPipelineProvider.java:lambda$create$0(170)) - Sending CreatePipelineCommand for pipeline:PipelineID=8cc6e381-03b9-465e-b840-0bc9f4275829 to datanode:e5bed959-61e5-441f-8857-6d0fdb7b4033
2021-07-01 01:15:30,370 [RatisPipelineUtilsThread - 0] INFO  pipeline.RatisPipelineProvider (RatisPipelineProvider.java:lambda$create$0(170)) - Sending CreatePipelineCommand for pipeline:PipelineID=8cc6e381-03b9-465e-b840-0bc9f4275829 to datanode:2c5425c6-dd7c-4ec0-8033-4e93d4830dbf
2021-07-01 01:15:30,371 [RatisPipelineUtilsThread - 0] INFO  pipeline.PipelineStateManager (PipelineStateManagerV2Impl.java:addPipeline(101)) - Created pipeline Pipeline[ Id: 8cc6e381-03b9-465e-b840-0bc9f4275829, Nodes: 74d0c323-91d1-42ce-a7ad-5ac80fac4338{ip: 10.1.0.5, host: fv-az195-275.u3nnjwd0vyge1bu22idnsdeq2e.cx.internal.cloudapp.net, ports: [REPLICATION=34847, RATIS=46795, RATIS_ADMIN=46795, RATIS_SERVER=46795, STANDALONE=39827], networkLocation: /default-rack, certSerialId: null, persistedOpState: IN_SERVICE, persistedOpStateExpiryEpochSec: 0}e5bed959-61e5-441f-8857-6d0fdb7b4033{ip: 10.1.0.5, host: fv-az195-275.u3nnjwd0vyge1bu22idnsdeq2e.cx.internal.cloudapp.net, ports: [REPLICATION=41417, RATIS=45539, RATIS_ADMIN=45539, RATIS_SERVER=45539, STANDALONE=41197], networkLocation: /default-rack, certSerialId: null, persistedOpState: IN_SERVICE, persistedOpStateExpiryEpochSec: 0}2c5425c6-dd7c-4ec0-8033-4e93d4830dbf{ip: 10.1.0.5, host: fv-az195-275.u3nnjwd0vyge1bu22idnsdeq2e.cx.internal.cloudapp.net, ports: [REPLICATION=40799, RATIS=44955, RATIS_ADMIN=44955, RATIS_SERVER=44955, STANDALONE=40545], networkLocation: /default-rack, certSerialId: null, persistedOpState: IN_SERVICE, persistedOpStateExpiryEpochSec: 0}, ReplicationConfig: RATIS/THREE, State:ALLOCATED, leaderId:, CreationTimestamp2021-07-01T01:15:30.370Z].
2021-07-01 01:15:31,367 [Listener at 127.0.0.1/41923] INFO  ozone.MiniOzoneClusterImpl (MiniOzoneClusterImpl.java:lambda$waitForClusterToBeReady$0(227)) - Nodes are ready. Got 9 of 9 DN Heartbeats.
2021-07-01 01:15:31,368 [Listener at 127.0.0.1/41923] INFO  ozone.MiniOzoneClusterImpl (MiniOzoneClusterImpl.java:lambda$waitForClusterToBeReady$0(230)) - Waiting for cluster to exit safe mode
2021-07-01 01:15:31,368 [Listener at 127.0.0.1/41923] INFO  ozone.MiniOzoneClusterImpl (MiniOzoneClusterImpl.java:lambda$waitForClusterToBeReady$0(232)) - SCM became leader
2021-07-01 01:15:32,357 [Command processor thread] INFO  server.RaftServer (RaftServerProxy.java:addNew(95)) - a8e60af1-b0b5-4e51-add8-0d393ff38b25: addNew group-C472C5E57489:[a8e60af1-b0b5-4e51-add8-0d393ff38b25|rpc:10.1.0.5:37199|priority:1] returns group-C472C5E57489:java.util.concurrent.CompletableFuture@4e9ed28e[Not completed]
2021-07-01 01:15:32,358 [pool-293-thread-1] INFO  server.RaftServer$Division (RaftServerImpl.java:<init>(180)) - a8e60af1-b0b5-4e51-add8-0d393ff38b25: new RaftServerImpl for group-C472C5E57489:[a8e60af1-b0b5-4e51-add8-0d393ff38b25|rpc:10.1.0.5:37199|priority:1] with ContainerStateMachine:uninitialized
2021-07-01 01:15:32,358 [pool-293-thread-1] INFO  server.RaftServerConfigKeys (ConfUtils.java:logGet(44)) - raft.server.rpc.timeout.min = 5s (custom)
2021-07-01 01:15:32,359 [pool-293-thread-1] INFO  server.RaftServerConfigKeys (ConfUtils.java:logGet(44)) - raft.server.rpc.timeout.max = 5200ms (custom)
2021-07-01 01:15:32,359 [pool-293-thread-1] INFO  server.RaftServerConfigKeys (ConfUtils.java:logGet(44)) - raft.server.rpc.sleep.time = 25ms (default)
2021-07-01 01:15:32,359 [pool-293-thread-1] INFO  server.RaftServerConfigKeys (ConfUtils.java:logGet(44)) - raft.server.rpc.slowness.timeout = 300000ms (custom)
2021-07-01 01:15:32,359 [pool-293-thread-1] INFO  server.RaftServerConfigKeys (ConfUtils.java:logGet(44)) - raft.server.leaderelection.leader.step-down.wait-time = 10s (default)
2021-07-01 01:15:32,359 [pool-293-thread-1] INFO  server.RaftServerConfigKeys (ConfUtils.java:logGet(44)) - raft.server.sleep.deviation.threshold = 300ms (default)
2021-07-01 01:15:32,359 [pool-293-thread-1] INFO  server.RaftServerConfigKeys (ConfUtils.java:logGet(44)) - raft.server.log.appender.install.snapshot.enabled = false (custom)
2021-07-01 01:15:32,359 [pool-293-thread-1] INFO  server.RaftServer$Division (ServerState.java:<init>(105)) - a8e60af1-b0b5-4e51-add8-0d393ff38b25@group-C472C5E57489: ConfigurationManager, init=-1: [a8e60af1-b0b5-4e51-add8-0d393ff38b25|rpc:10.1.0.5:37199|priority:1], old=null, confs=<EMPTY_MAP>
2021-07-01 01:15:32,360 [pool-293-thread-1] INFO  server.RaftServerConfigKeys (ConfUtils.java:logGet(44)) - raft.server.storage.dir = [/home/runner/work/ozone/ozone/mnt/ozone/hadoop-ozone/integration-test/target/test-dir/MiniOzoneClusterImpl-603eb75f-c0c9-4b57-9906-10dc47a08d14/datanode-0/data/ratis] (custom)
2021-07-01 01:15:32,360 [pool-293-thread-1] INFO  server.RaftServerConfigKeys (ConfUtils.java:logGet(44)) - raft.server.log.corruption.policy = EXCEPTION (default)
2021-07-01 01:15:32,360 [pool-293-thread-1] INFO  storage.RaftStorageDirectory (RaftStorageDirectoryImpl.java:analyzeStorage(132)) - The storage directory /home/runner/work/ozone/ozone/mnt/ozone/hadoop-ozone/integration-test/target/test-dir/MiniOzoneClusterImpl-603eb75f-c0c9-4b57-9906-10dc47a08d14/datanode-0/data/ratis/4bcbe9cf-9eeb-453c-9aa9-c472c5e57489 does not exist. Creating ...
2021-07-01 01:15:32,365 [pool-293-thread-1] INFO  storage.RaftStorageDirectory (RaftStorageDirectoryImpl.java:tryLock(215)) - Lock on /home/runner/work/ozone/ozone/mnt/ozone/hadoop-ozone/integration-test/target/test-dir/MiniOzoneClusterImpl-603eb75f-c0c9-4b57-9906-10dc47a08d14/datanode-0/data/ratis/4bcbe9cf-9eeb-453c-9aa9-c472c5e57489/in_use.lock acquired by nodename 6261@fv-az195-275
2021-07-01 01:15:32,367 [pool-293-thread-1] INFO  storage.RaftStorage (RaftStorageImpl.java:format(87)) - Storage directory /home/runner/work/ozone/ozone/mnt/ozone/hadoop-ozone/integration-test/target/test-dir/MiniOzoneClusterImpl-603eb75f-c0c9-4b57-9906-10dc47a08d14/datanode-0/data/ratis/4bcbe9cf-9eeb-453c-9aa9-c472c5e57489 has been successfully formatted.
2021-07-01 01:15:32,368 [Listener at 127.0.0.1/41923] INFO  ozone.MiniOzoneClusterImpl (MiniOzoneClusterImpl.java:lambda$waitForClusterToBeReady$0(227)) - Nodes are ready. Got 9 of 9 DN Heartbeats.
2021-07-01 01:15:32,376 [Listener at 127.0.0.1/41923] INFO  ozone.MiniOzoneClusterImpl (MiniOzoneClusterImpl.java:lambda$waitForClusterToBeReady$0(230)) - Waiting for cluster to exit safe mode
2021-07-01 01:15:32,376 [Listener at 127.0.0.1/41923] INFO  ozone.MiniOzoneClusterImpl (MiniOzoneClusterImpl.java:lambda$waitForClusterToBeReady$0(232)) - SCM became leader
2021-07-01 01:15:32,376 [EventQueue-PipelineReportForPipelineReportHandler] INFO  pipeline.PipelineManagerV2Impl (PipelineManagerV2Impl.java:openPipeline(270)) - Pipeline Pipeline[ Id: 4bcbe9cf-9eeb-453c-9aa9-c472c5e57489, Nodes: a8e60af1-b0b5-4e51-add8-0d393ff38b25{ip: 10.1.0.5, host: fv-az195-275.u3nnjwd0vyge1bu22idnsdeq2e.cx.internal.cloudapp.net, ports: [REPLICATION=38855, RATIS=37199, RATIS_ADMIN=37199, RATIS_SERVER=37199, STANDALONE=42759], networkLocation: /default-rack, certSerialId: null, persistedOpState: IN_SERVICE, persistedOpStateExpiryEpochSec: 0}, ReplicationConfig: RATIS/ONE, State:ALLOCATED, leaderId:a8e60af1-b0b5-4e51-add8-0d393ff38b25, CreationTimestamp2021-07-01T01:15:29.359Z] moved to OPEN state
2021-07-01 01:15:32,370 [pool-293-thread-1] INFO  ratis.ContainerStateMachine (ContainerStateMachine.java:loadSnapshot(223)) - group-C472C5E57489: The snapshot info is null. Setting the last applied indexto:(t:0, i:~)
2021-07-01 01:15:32,380 [pool-293-thread-1] INFO  server.RaftServerConfigKeys (ConfUtils.java:logGet(44)) - raft.server.notification.no-leader.timeout = 300000ms (custom)
2021-07-01 01:15:32,380 [pool-293-thread-1] INFO  server.RaftServerConfigKeys (ConfUtils.java:logGet(44)) - raft.server.log.use.memory = false (default)
2021-07-01 01:15:32,381 [pool-293-thread-1] INFO  server.RaftServerConfigKeys (ConfUtils.java:logGet(44)) - raft.server.log.purge.gap = 1000000 (custom)
2021-07-01 01:15:32,381 [pool-293-thread-1] INFO  server.RaftServerConfigKeys (ConfUtils.java:logGet(44)) - raft.server.log.appender.buffer.byte-limit = 33554432 (custom)
2021-07-01 01:15:32,381 [pool-293-thread-1] INFO  metrics.RatisMetrics (RatisMetrics.java:lambda$create$0(36)) - Creating Metrics Registry : ratis.log_worker.a8e60af1-b0b5-4e51-add8-0d393ff38b25@group-C472C5E57489
2021-07-01 01:15:32,381 [pool-293-thread-1] INFO  server.RaftServerConfigKeys (ConfUtils.java:logGet(44)) - raft.server.log.segment.size.max = 1048576 (custom)
2021-07-01 01:15:32,382 [pool-293-thread-1] INFO  server.RaftServerConfigKeys (ConfUtils.java:logGet(44)) - raft.server.log.segment.cache.num.max = 2 (custom)
2021-07-01 01:15:32,382 [pool-293-thread-1] INFO  server.RaftServerConfigKeys (ConfUtils.java:logGet(44)) - raft.server.log.segment.cache.size.max = 200MB (=209715200) (default)
2021-07-01 01:15:32,382 [pool-293-thread-1] INFO  segmented.SegmentedRaftLogWorker (SegmentedRaftLogWorker.java:<init>(182)) - new a8e60af1-b0b5-4e51-add8-0d393ff38b25@group-C472C5E57489-SegmentedRaftLogWorker for RaftStorageImpl:Storage Directory /home/runner/work/ozone/ozone/mnt/ozone/hadoop-ozone/integration-test/target/test-dir/MiniOzoneClusterImpl-603eb75f-c0c9-4b57-9906-10dc47a08d14/datanode-0/data/ratis/4bcbe9cf-9eeb-453c-9aa9-c472c5e57489
2021-07-01 01:15:32,382 [pool-293-thread-1] INFO  server.RaftServerConfigKeys (ConfUtils.java:logGet(44)) - raft.server.log.queue.byte-limit = 2147483647 (custom)
2021-07-01 01:15:32,382 [pool-293-thread-1] INFO  server.RaftServerConfigKeys (ConfUtils.java:logGet(44)) - raft.server.log.queue.element-limit = 1024 (custom)
2021-07-01 01:15:32,382 [pool-293-thread-1] INFO  server.RaftServerConfigKeys (ConfUtils.java:logGet(44)) - raft.server.log.segment.size.max = 1048576 (custom)
2021-07-01 01:15:32,382 [pool-293-thread-1] INFO  server.RaftServerConfigKeys (ConfUtils.java:logGet(44)) - raft.server.log.preallocated.size = 16384 (custom)
2021-07-01 01:15:32,382 [pool-293-thread-1] INFO  server.RaftServerConfigKeys (ConfUtils.java:logGet(44)) - raft.server.log.force.sync.num = 128 (default)
2021-07-01 01:15:32,382 [pool-293-thread-1] INFO  server.RaftServerConfigKeys (ConfUtils.java:logGet(44)) - raft.server.log.statemachine.data.sync = true (default)
2021-07-01 01:15:32,383 [pool-293-thread-1] INFO  server.RaftServerConfigKeys (ConfUtils.java:logGet(44)) - raft.server.log.statemachine.data.sync.timeout = 10s (default)
2021-07-01 01:15:32,383 [pool-293-thread-1] INFO  server.RaftServerConfigKeys (ConfUtils.java:logGet(44)) - raft.server.log.statemachine.data.sync.timeout.retry = -1 (default)
2021-07-01 01:15:32,384 [pool-293-thread-1] INFO  server.RaftServerConfigKeys (ConfUtils.java:logGet(44)) - raft.server.log.write.buffer.size = 1048576 (custom)
2021-07-01 01:15:32,384 [pool-293-thread-1] INFO  server.RaftServerConfigKeys (ConfUtils.java:logGet(44)) - raft.server.log.statemachine.data.caching.enabled = true (custom)
2021-07-01 01:15:32,384 [pool-293-thread-1] INFO  segmented.SegmentedRaftLogWorker (SegmentedRaftLogWorker.java:lambda$new$0(133)) - a8e60af1-b0b5-4e51-add8-0d393ff38b25@group-C472C5E57489-SegmentedRaftLogWorker: flushIndex: setUnconditionally 0 -> -1
2021-07-01 01:15:32,384 [pool-293-thread-1] INFO  segmented.SegmentedRaftLogWorker (SegmentedRaftLogWorker.java:lambda$new$0(133)) - a8e60af1-b0b5-4e51-add8-0d393ff38b25@group-C472C5E57489-SegmentedRaftLogWorker: safeCacheEvictIndex: setUnconditionally 0 -> -1
2021-07-01 01:15:32,384 [pool-293-thread-1] INFO  server.RaftServerConfigKeys (ConfUtils.java:logGet(44)) - raft.server.snapshot.auto.trigger.enabled = true (custom)
2021-07-01 01:15:32,384 [pool-293-thread-1] INFO  server.RaftServerConfigKeys (ConfUtils.java:logGet(44)) - raft.server.snapshot.auto.trigger.threshold = 10000 (custom)
2021-07-01 01:15:32,385 [pool-293-thread-1] INFO  server.RaftServerConfigKeys (ConfUtils.java:logGet(44)) - raft.server.snapshot.retention.file.num = 5 (custom)
2021-07-01 01:15:32,385 [pool-293-thread-1] INFO  server.RaftServerConfigKeys (ConfUtils.java:logGet(44)) - raft.server.log.purge.upto.snapshot.index = false (default)
2021-07-01 01:15:32,385 [pool-293-thread-1] INFO  server.RaftServerConfigKeys (ConfUtils.java:logGet(44)) - raft.server.retrycache.expirytime = 600000ms (custom)
2021-07-01 01:15:32,385 [pool-293-thread-1] INFO  server.RaftServerConfigKeys (ConfUtils.java:logGet(44)) - raft.server.retrycache.statistics.expirytime = 100μs (default)
2021-07-01 01:15:32,385 [pool-293-thread-1] INFO  metrics.RatisMetrics (RatisMetrics.java:lambda$create$0(36)) - Creating Metrics Registry : ratis.leader_election.a8e60af1-b0b5-4e51-add8-0d393ff38b25@group-C472C5E57489
2021-07-01 01:15:32,385 [pool-293-thread-1] INFO  metrics.RatisMetrics (RatisMetrics.java:lambda$create$0(36)) - Creating Metrics Registry : ratis.server.a8e60af1-b0b5-4e51-add8-0d393ff38b25@group-C472C5E57489
2021-07-01 01:15:32,386 [pool-293-thread-1] INFO  server.RaftServer$Division (RaftServerImpl.java:start(295)) - a8e60af1-b0b5-4e51-add8-0d393ff38b25@group-C472C5E57489: start as a follower, conf=-1: [a8e60af1-b0b5-4e51-add8-0d393ff38b25|rpc:10.1.0.5:37199|priority:1], old=null
2021-07-01 01:15:32,386 [pool-293-thread-1] INFO  server.RaftServer$Division (RaftServerImpl.java:setRole(284)) - a8e60af1-b0b5-4e51-add8-0d393ff38b25@group-C472C5E57489: changes role from      null to FOLLOWER at term 0 for startAsFollower
2021-07-01 01:15:32,386 [pool-293-thread-1] INFO  impl.RoleInfo (RoleInfo.java:updateAndGet(130)) - a8e60af1-b0b5-4e51-add8-0d393ff38b25: start a8e60af1-b0b5-4e51-add8-0d393ff38b25@group-C472C5E57489-FollowerState
2021-07-01 01:15:32,387 [EventQueue-OpenPipelineForHealthyPipelineSafeModeRule] INFO  safemode.SCMSafeModeManager (HealthyPipelineSafeModeRule.java:process(124)) - SCM in safe mode. Healthy pipelines reported count is 0, required healthy pipeline reported count is 1
2021-07-01 01:15:32,387 [pool-293-thread-1] INFO  util.JmxRegister (JmxRegister.java:tryRegister(44)) - Successfully registered JMX Bean with object name Ratis:service=RaftServer,group=group-C472C5E57489,id=a8e60af1-b0b5-4e51-add8-0d393ff38b25
2021-07-01 01:15:32,387 [pool-293-thread-1] INFO  metrics.RatisMetrics (RatisMetrics.java:lambda$create$0(36)) - Creating Metrics Registry : ratis.state_machine.a8e60af1-b0b5-4e51-add8-0d393ff38b25@group-C472C5E57489
2021-07-01 01:15:32,388 [Command processor thread] INFO  ratis.XceiverServerRatis (XceiverServerRatis.java:addGroup(759)) - Created group PipelineID=4bcbe9cf-9eeb-453c-9aa9-c472c5e57489
2021-07-01 01:15:32,388 [Command processor thread] INFO  commandhandler.CreatePipelineCommandHandler (CreatePipelineCommandHandler.java:handle(106)) - Created Pipeline RATIS ONE PipelineID=4bcbe9cf-9eeb-453c-9aa9-c472c5e57489.
2021-07-01 01:15:32,388 [Command processor thread] INFO  server.RaftServer (RaftServerProxy.java:addNew(95)) - a8e60af1-b0b5-4e51-add8-0d393ff38b25: addNew group-3F477C9B4374:[80320f5a-6cd9-4eb7-9dbc-d52eb94c4b51|rpc:10.1.0.5:40669|priority:0, 12e155f9-24cd-4496-9fcd-b734ad3c03a4|rpc:10.1.0.5:37489|priority:1, a8e60af1-b0b5-4e51-add8-0d393ff38b25|rpc:10.1.0.5:37199|priority:0] returns group-3F477C9B4374:java.util.concurrent.CompletableFuture@4aa14f85[Not completed]
2021-07-01 01:15:32,389 [pool-293-thread-1] INFO  server.RaftServer$Division (RaftServerImpl.java:<init>(180)) - a8e60af1-b0b5-4e51-add8-0d393ff38b25: new RaftServerImpl for group-3F477C9B4374:[80320f5a-6cd9-4eb7-9dbc-d52eb94c4b51|rpc:10.1.0.5:40669|priority:0, 12e155f9-24cd-4496-9fcd-b734ad3c03a4|rpc:10.1.0.5:37489|priority:1, a8e60af1-b0b5-4e51-add8-0d393ff38b25|rpc:10.1.0.5:37199|priority:0] with ContainerStateMachine:uninitialized
2021-07-01 01:15:32,389 [pool-293-thread-1] INFO  server.RaftServerConfigKeys (ConfUtils.java:logGet(44)) - raft.server.rpc.timeout.min = 5s (custom)
2021-07-01 01:15:32,389 [pool-293-thread-1] INFO  server.RaftServerConfigKeys (ConfUtils.java:logGet(44)) - raft.server.rpc.timeout.max = 5200ms (custom)
2021-07-01 01:15:32,389 [pool-293-thread-1] INFO  server.RaftServerConfigKeys (ConfUtils.java:logGet(44)) - raft.server.rpc.sleep.time = 25ms (default)
2021-07-01 01:15:32,389 [pool-293-thread-1] INFO  server.RaftServerConfigKeys (ConfUtils.java:logGet(44)) - raft.server.rpc.slowness.timeout = 300000ms (custom)
2021-07-01 01:15:32,389 [pool-293-thread-1] INFO  server.RaftServerConfigKeys (ConfUtils.java:logGet(44)) - raft.server.leaderelection.leader.step-down.wait-time = 10s (default)
2021-07-01 01:15:32,389 [pool-293-thread-1] INFO  server.RaftServerConfigKeys (ConfUtils.java:logGet(44)) - raft.server.sleep.deviation.threshold = 300ms (default)
2021-07-01 01:15:32,389 [pool-293-thread-1] INFO  server.RaftServerConfigKeys (ConfUtils.java:logGet(44)) - raft.server.log.appender.install.snapshot.enabled = false (custom)
2021-07-01 01:15:32,389 [pool-293-thread-1] INFO  server.RaftServer$Division (ServerState.java:<init>(105)) - a8e60af1-b0b5-4e51-add8-0d393ff38b25@group-3F477C9B4374: ConfigurationManager, init=-1: [80320f5a-6cd9-4eb7-9dbc-d52eb94c4b51|rpc:10.1.0.5:40669|priority:0, 12e155f9-24cd-4496-9fcd-b734ad3c03a4|rpc:10.1.0.5:37489|priority:1, a8e60af1-b0b5-4e51-add8-0d393ff38b25|rpc:10.1.0.5:37199|priority:0], old=null, confs=<EMPTY_MAP>
2021-07-01 01:15:32,389 [pool-293-thread-1] INFO  server.RaftServerConfigKeys (ConfUtils.java:logGet(44)) - raft.server.storage.dir = [/home/runner/work/ozone/ozone/mnt/ozone/hadoop-ozone/integration-test/target/test-dir/MiniOzoneClusterImpl-603eb75f-c0c9-4b57-9906-10dc47a08d14/datanode-0/data/ratis] (custom)
2021-07-01 01:15:32,389 [pool-293-thread-1] INFO  server.RaftServerConfigKeys (ConfUtils.java:logGet(44)) - raft.server.log.corruption.policy = EXCEPTION (default)
2021-07-01 01:15:32,390 [pool-293-thread-1] INFO  storage.RaftStorageDirectory (RaftStorageDirectoryImpl.java:analyzeStorage(132)) - The storage directory /home/runner/work/ozone/ozone/mnt/ozone/hadoop-ozone/integration-test/target/test-dir/MiniOzoneClusterImpl-603eb75f-c0c9-4b57-9906-10dc47a08d14/datanode-0/data/ratis/fc1ed8f0-5d30-4d52-90b2-3f477c9b4374 does not exist. Creating ...
2021-07-01 01:15:32,391 [pool-293-thread-1] INFO  storage.RaftStorageDirectory (RaftStorageDirectoryImpl.java:tryLock(215)) - Lock on /home/runner/work/ozone/ozone/mnt/ozone/hadoop-ozone/integration-test/target/test-dir/MiniOzoneClusterImpl-603eb75f-c0c9-4b57-9906-10dc47a08d14/datanode-0/data/ratis/fc1ed8f0-5d30-4d52-90b2-3f477c9b4374/in_use.lock acquired by nodename 6261@fv-az195-275
2021-07-01 01:15:32,392 [pool-293-thread-1] INFO  storage.RaftStorage (RaftStorageImpl.java:format(87)) - Storage directory /home/runner/work/ozone/ozone/mnt/ozone/hadoop-ozone/integration-test/target/test-dir/MiniOzoneClusterImpl-603eb75f-c0c9-4b57-9906-10dc47a08d14/datanode-0/data/ratis/fc1ed8f0-5d30-4d52-90b2-3f477c9b4374 has been successfully formatted.
2021-07-01 01:15:32,392 [pool-293-thread-1] INFO  ratis.ContainerStateMachine (ContainerStateMachine.java:loadSnapshot(223)) - group-3F477C9B4374: The snapshot info is null. Setting the last applied indexto:(t:0, i:~)
2021-07-01 01:15:32,392 [pool-293-thread-1] INFO  server.RaftServerConfigKeys (ConfUtils.java:logGet(44)) - raft.server.notification.no-leader.timeout = 300000ms (custom)
2021-07-01 01:15:32,392 [pool-293-thread-1] INFO  server.RaftServerConfigKeys (ConfUtils.java:logGet(44)) - raft.server.log.use.memory = false (default)
2021-07-01 01:15:32,393 [pool-293-thread-1] INFO  server.RaftServerConfigKeys (ConfUtils.java:logGet(44)) - raft.server.log.purge.gap = 1000000 (custom)
2021-07-01 01:15:32,393 [EventQueue-OpenPipelineForHealthyPipelineSafeModeRule] INFO  safemode.SCMSafeModeManager (HealthyPipelineSafeModeRule.java:process(124)) - SCM in safe mode. Healthy pipelines reported count is 0, required healthy pipeline reported count is 1
2021-07-01 01:15:32,394 [pool-293-thread-1] INFO  server.RaftServerConfigKeys (ConfUtils.java:logGet(44)) - raft.server.log.appender.buffer.byte-limit = 33554432 (custom)
2021-07-01 01:15:32,394 [pool-293-thread-1] INFO  metrics.RatisMetrics (RatisMetrics.java:lambda$create$0(36)) - Creating Metrics Registry : ratis.log_worker.a8e60af1-b0b5-4e51-add8-0d393ff38b25@group-3F477C9B4374
2021-07-01 01:15:32,395 [pool-293-thread-1] INFO  server.RaftServerConfigKeys (ConfUtils.java:logGet(44)) - raft.server.log.segment.size.max = 1048576 (custom)
2021-07-01 01:15:32,395 [pool-293-thread-1] INFO  server.RaftServerConfigKeys (ConfUtils.java:logGet(44)) - raft.server.log.segment.cache.num.max = 2 (custom)
2021-07-01 01:15:32,395 [pool-293-thread-1] INFO  server.RaftServerConfigKeys (ConfUtils.java:logGet(44)) - raft.server.log.segment.cache.size.max = 200MB (=209715200) (default)
2021-07-01 01:15:32,395 [pool-293-thread-1] INFO  segmented.SegmentedRaftLogWorker (SegmentedRaftLogWorker.java:<init>(182)) - new a8e60af1-b0b5-4e51-add8-0d393ff38b25@group-3F477C9B4374-SegmentedRaftLogWorker for RaftStorageImpl:Storage Directory /home/runner/work/ozone/ozone/mnt/ozone/hadoop-ozone/integration-test/target/test-dir/MiniOzoneClusterImpl-603eb75f-c0c9-4b57-9906-10dc47a08d14/datanode-0/data/ratis/fc1ed8f0-5d30-4d52-90b2-3f477c9b4374
2021-07-01 01:15:32,395 [pool-293-thread-1] INFO  server.RaftServerConfigKeys (ConfUtils.java:logGet(44)) - raft.server.log.queue.byte-limit = 2147483647 (custom)
2021-07-01 01:15:32,395 [pool-293-thread-1] INFO  server.RaftServerConfigKeys (ConfUtils.java:logGet(44)) - raft.server.log.queue.element-limit = 1024 (custom)
2021-07-01 01:15:32,395 [pool-293-thread-1] INFO  server.RaftServerConfigKeys (ConfUtils.java:logGet(44)) - raft.server.log.segment.size.max = 1048576 (custom)
2021-07-01 01:15:32,395 [pool-293-thread-1] INFO  server.RaftServerConfigKeys (ConfUtils.java:logGet(44)) - raft.server.log.preallocated.size = 16384 (custom)
2021-07-01 01:15:32,395 [pool-293-thread-1] INFO  server.RaftServerConfigKeys (ConfUtils.java:logGet(44)) - raft.server.log.force.sync.num = 128 (default)
2021-07-01 01:15:32,395 [pool-293-thread-1] INFO  server.RaftServerConfigKeys (ConfUtils.java:logGet(44)) - raft.server.log.statemachine.data.sync = true (default)
2021-07-01 01:15:32,396 [pool-293-thread-1] INFO  server.RaftServerConfigKeys (ConfUtils.java:logGet(44)) - raft.server.log.statemachine.data.sync.timeout = 10s (default)
2021-07-01 01:15:32,396 [pool-293-thread-1] INFO  server.RaftServerConfigKeys (ConfUtils.java:logGet(44)) - raft.server.log.statemachine.data.sync.timeout.retry = -1 (default)
2021-07-01 01:15:32,397 [pool-293-thread-1] INFO  server.RaftServerConfigKeys (ConfUtils.java:logGet(44)) - raft.server.log.write.buffer.size = 1048576 (custom)
2021-07-01 01:15:32,397 [pool-293-thread-1] INFO  server.RaftServerConfigKeys (ConfUtils.java:logGet(44)) - raft.server.log.statemachine.data.caching.enabled = true (custom)
2021-07-01 01:15:32,397 [pool-293-thread-1] INFO  segmented.SegmentedRaftLogWorker (SegmentedRaftLogWorker.java:lambda$new$0(133)) - a8e60af1-b0b5-4e51-add8-0d393ff38b25@group-3F477C9B4374-SegmentedRaftLogWorker: flushIndex: setUnconditionally 0 -> -1
2021-07-01 01:15:32,397 [pool-293-thread-1] INFO  segmented.SegmentedRaftLogWorker (SegmentedRaftLogWorker.java:lambda$new$0(133)) - a8e60af1-b0b5-4e51-add8-0d393ff38b25@group-3F477C9B4374-SegmentedRaftLogWorker: safeCacheEvictIndex: setUnconditionally 0 -> -1
2021-07-01 01:15:32,398 [pool-293-thread-1] INFO  server.RaftServerConfigKeys (ConfUtils.java:logGet(44)) - raft.server.snapshot.auto.trigger.enabled = true (custom)
2021-07-01 01:15:32,398 [pool-293-thread-1] INFO  server.RaftServerConfigKeys (ConfUtils.java:logGet(44)) - raft.server.snapshot.auto.trigger.threshold = 10000 (custom)
2021-07-01 01:15:32,398 [pool-293-thread-1] INFO  server.RaftServerConfigKeys (ConfUtils.java:logGet(44)) - raft.server.snapshot.retention.file.num = 5 (custom)
2021-07-01 01:15:32,398 [pool-293-thread-1] INFO  server.RaftServerConfigKeys (ConfUtils.java:logGet(44)) - raft.server.log.purge.upto.snapshot.index = false (default)
2021-07-01 01:15:32,398 [pool-293-thread-1] INFO  server.RaftServerConfigKeys (ConfUtils.java:logGet(44)) - raft.server.retrycache.expirytime = 600000ms (custom)
2021-07-01 01:15:32,398 [pool-293-thread-1] INFO  server.RaftServerConfigKeys (ConfUtils.java:logGet(44)) - raft.server.retrycache.statistics.expirytime = 100μs (default)
2021-07-01 01:15:32,398 [pool-293-thread-1] INFO  metrics.RatisMetrics (RatisMetrics.java:lambda$create$0(36)) - Creating Metrics Registry : ratis.leader_election.a8e60af1-b0b5-4e51-add8-0d393ff38b25@group-3F477C9B4374
2021-07-01 01:15:32,398 [pool-293-thread-1] INFO  metrics.RatisMetrics (RatisMetrics.java:lambda$create$0(36)) - Creating Metrics Registry : ratis.server.a8e60af1-b0b5-4e51-add8-0d393ff38b25@group-3F477C9B4374
2021-07-01 01:15:32,400 [pool-293-thread-1] INFO  server.RaftServer$Division (RaftServerImpl.java:start(295)) - a8e60af1-b0b5-4e51-add8-0d393ff38b25@group-3F477C9B4374: start as a follower, conf=-1: [80320f5a-6cd9-4eb7-9dbc-d52eb94c4b51|rpc:10.1.0.5:40669|priority:0, 12e155f9-24cd-4496-9fcd-b734ad3c03a4|rpc:10.1.0.5:37489|priority:1, a8e60af1-b0b5-4e51-add8-0d393ff38b25|rpc:10.1.0.5:37199|priority:0], old=null
2021-07-01 01:15:32,400 [pool-293-thread-1] INFO  server.RaftServer$Division (RaftServerImpl.java:setRole(284)) - a8e60af1-b0b5-4e51-add8-0d393ff38b25@group-3F477C9B4374: changes role from      null to FOLLOWER at term 0 for startAsFollower
2021-07-01 01:15:32,400 [pool-293-thread-1] INFO  impl.RoleInfo (RoleInfo.java:updateAndGet(130)) - a8e60af1-b0b5-4e51-add8-0d393ff38b25: start a8e60af1-b0b5-4e51-add8-0d393ff38b25@group-3F477C9B4374-FollowerState
2021-07-01 01:15:32,400 [pool-293-thread-1] INFO  util.JmxRegister (JmxRegister.java:tryRegister(44)) - Successfully registered JMX Bean with object name Ratis:service=RaftServer,group=group-3F477C9B4374,id=a8e60af1-b0b5-4e51-add8-0d393ff38b25
2021-07-01 01:15:32,400 [pool-293-thread-1] INFO  metrics.RatisMetrics (RatisMetrics.java:lambda$create$0(36)) - Creating Metrics Registry : ratis.state_machine.a8e60af1-b0b5-4e51-add8-0d393ff38b25@group-3F477C9B4374
2021-07-01 01:15:32,401 [Command processor thread] INFO  ratis.XceiverServerRatis (XceiverServerRatis.java:addGroup(759)) - Created group PipelineID=fc1ed8f0-5d30-4d52-90b2-3f477c9b4374
2021-07-01 01:15:32,402 [Command processor thread] INFO  metrics.RatisMetrics (RatisMetrics.java:lambda$create$0(36)) - Creating Metrics Registry : ratis.client_message_metrics.client-4FE813D98757->12e155f9-24cd-4496-9fcd-b734ad3c03a4
2021-07-01 01:15:32,407 [grpc-default-executor-2] INFO  metrics.RatisMetrics (RatisMetrics.java:lambda$create$0(36)) - Creating Metrics Registry : ratis.server_message_metrics.12e155f9-24cd-4496-9fcd-b734ad3c03a4
2021-07-01 01:15:32,413 [grpc-default-executor-2] INFO  server.RaftServer (RaftServerProxy.java:addNew(95)) - 12e155f9-24cd-4496-9fcd-b734ad3c03a4: addNew group-3F477C9B4374:[80320f5a-6cd9-4eb7-9dbc-d52eb94c4b51|rpc:10.1.0.5:40669|dataStream:|priority:0, 12e155f9-24cd-4496-9fcd-b734ad3c03a4|rpc:10.1.0.5:37489|dataStream:|priority:1, a8e60af1-b0b5-4e51-add8-0d393ff38b25|rpc:10.1.0.5:37199|dataStream:|priority:0] returns group-3F477C9B4374:java.util.concurrent.CompletableFuture@191d91a[Not completed]
2021-07-01 01:15:32,414 [pool-311-thread-1] INFO  server.RaftServer$Division (RaftServerImpl.java:<init>(180)) - 12e155f9-24cd-4496-9fcd-b734ad3c03a4: new RaftServerImpl for group-3F477C9B4374:[80320f5a-6cd9-4eb7-9dbc-d52eb94c4b51|rpc:10.1.0.5:40669|dataStream:|priority:0, 12e155f9-24cd-4496-9fcd-b734ad3c03a4|rpc:10.1.0.5:37489|dataStream:|priority:1, a8e60af1-b0b5-4e51-add8-0d393ff38b25|rpc:10.1.0.5:37199|dataStream:|priority:0] with ContainerStateMachine:uninitialized
2021-07-01 01:15:32,414 [pool-311-thread-1] INFO  server.RaftServerConfigKeys (ConfUtils.java:logGet(44)) - raft.server.rpc.timeout.min = 5s (custom)
2021-07-01 01:15:32,414 [pool-311-thread-1] INFO  server.RaftServerConfigKeys (ConfUtils.java:logGet(44)) - raft.server.rpc.timeout.max = 5200ms (custom)
2021-07-01 01:15:32,414 [pool-311-thread-1] INFO  server.RaftServerConfigKeys (ConfUtils.java:logGet(44)) - raft.server.rpc.sleep.time = 25ms (default)
2021-07-01 01:15:32,414 [pool-311-thread-1] INFO  server.RaftServerConfigKeys (ConfUtils.java:logGet(44)) - raft.server.rpc.slowness.timeout = 300000ms (custom)
2021-07-01 01:15:32,414 [pool-311-thread-1] INFO  server.RaftServerConfigKeys (ConfUtils.java:logGet(44)) - raft.server.leaderelection.leader.step-down.wait-time = 10s (default)
2021-07-01 01:15:32,415 [pool-311-thread-1] INFO  server.RaftServerConfigKeys (ConfUtils.java:logGet(44)) - raft.server.sleep.deviation.threshold = 300ms (default)
2021-07-01 01:15:32,415 [pool-311-thread-1] INFO  server.RaftServerConfigKeys (ConfUtils.java:logGet(44)) - raft.server.log.appender.install.snapshot.enabled = false (custom)
2021-07-01 01:15:32,415 [pool-311-thread-1] INFO  server.RaftServer$Division (ServerState.java:<init>(105)) - 12e155f9-24cd-4496-9fcd-b734ad3c03a4@group-3F477C9B4374: ConfigurationManager, init=-1: [80320f5a-6cd9-4eb7-9dbc-d52eb94c4b51|rpc:10.1.0.5:40669|dataStream:|priority:0, 12e155f9-24cd-4496-9fcd-b734ad3c03a4|rpc:10.1.0.5:37489|dataStream:|priority:1, a8e60af1-b0b5-4e51-add8-0d393ff38b25|rpc:10.1.0.5:37199|dataStream:|priority:0], old=null, confs=<EMPTY_MAP>
2021-07-01 01:15:32,415 [pool-311-thread-1] INFO  server.RaftServerConfigKeys (ConfUtils.java:logGet(44)) - raft.server.storage.dir = [/home/runner/work/ozone/ozone/mnt/ozone/hadoop-ozone/integration-test/target/test-dir/MiniOzoneClusterImpl-603eb75f-c0c9-4b57-9906-10dc47a08d14/datanode-1/data/ratis] (custom)
2021-07-01 01:15:32,415 [pool-311-thread-1] INFO  server.RaftServerConfigKeys (ConfUtils.java:logGet(44)) - raft.server.log.corruption.policy = EXCEPTION (default)
2021-07-01 01:15:32,415 [pool-311-thread-1] INFO  storage.RaftStorageDirectory (RaftStorageDirectoryImpl.java:analyzeStorage(132)) - The storage directory /home/runner/work/ozone/ozone/mnt/ozone/hadoop-ozone/integration-test/target/test-dir/MiniOzoneClusterImpl-603eb75f-c0c9-4b57-9906-10dc47a08d14/datanode-1/data/ratis/fc1ed8f0-5d30-4d52-90b2-3f477c9b4374 does not exist. Creating ...
2021-07-01 01:15:32,416 [pool-311-thread-1] INFO  storage.RaftStorageDirectory (RaftStorageDirectoryImpl.java:tryLock(215)) - Lock on /home/runner/work/ozone/ozone/mnt/ozone/hadoop-ozone/integration-test/target/test-dir/MiniOzoneClusterImpl-603eb75f-c0c9-4b57-9906-10dc47a08d14/datanode-1/data/ratis/fc1ed8f0-5d30-4d52-90b2-3f477c9b4374/in_use.lock acquired by nodename 6261@fv-az195-275
2021-07-01 01:15:32,418 [pool-311-thread-1] INFO  storage.RaftStorage (RaftStorageImpl.java:format(87)) - Storage directory /home/runner/work/ozone/ozone/mnt/ozone/hadoop-ozone/integration-test/target/test-dir/MiniOzoneClusterImpl-603eb75f-c0c9-4b57-9906-10dc47a08d14/datanode-1/data/ratis/fc1ed8f0-5d30-4d52-90b2-3f477c9b4374 has been successfully formatted.
2021-07-01 01:15:32,419 [pool-311-thread-1] INFO  ratis.ContainerStateMachine (ContainerStateMachine.java:loadSnapshot(223)) - group-3F477C9B4374: The snapshot info is null. Setting the last applied indexto:(t:0, i:~)
2021-07-01 01:15:32,420 [pool-311-thread-1] INFO  server.RaftServerConfigKeys (ConfUtils.java:logGet(44)) - raft.server.notification.no-leader.timeout = 300000ms (custom)
2021-07-01 01:15:32,420 [pool-311-thread-1] INFO  server.RaftServerConfigKeys (ConfUtils.java:logGet(44)) - raft.server.log.use.memory = false (default)
2021-07-01 01:15:32,420 [pool-311-thread-1] INFO  server.RaftServerConfigKeys (ConfUtils.java:logGet(44)) - raft.server.log.purge.gap = 1000000 (custom)
2021-07-01 01:15:32,420 [pool-311-thread-1] INFO  server.RaftServerConfigKeys (ConfUtils.java:logGet(44)) - raft.server.log.appender.buffer.byte-limit = 33554432 (custom)
2021-07-01 01:15:32,421 [pool-311-thread-1] INFO  metrics.RatisMetrics (RatisMetrics.java:lambda$create$0(36)) - Creating Metrics Registry : ratis.log_worker.12e155f9-24cd-4496-9fcd-b734ad3c03a4@group-3F477C9B4374
2021-07-01 01:15:32,421 [pool-311-thread-1] INFO  server.RaftServerConfigKeys (ConfUtils.java:logGet(44)) - raft.server.log.segment.size.max = 1048576 (custom)
2021-07-01 01:15:32,421 [pool-311-thread-1] INFO  server.RaftServerConfigKeys (ConfUtils.java:logGet(44)) - raft.server.log.segment.cache.num.max = 2 (custom)
2021-07-01 01:15:32,421 [pool-311-thread-1] INFO  server.RaftServerConfigKeys (ConfUtils.java:logGet(44)) - raft.server.log.segment.cache.size.max = 200MB (=209715200) (default)
2021-07-01 01:15:32,422 [pool-311-thread-1] INFO  segmented.SegmentedRaftLogWorker (SegmentedRaftLogWorker.java:<init>(182)) - new 12e155f9-24cd-4496-9fcd-b734ad3c03a4@group-3F477C9B4374-SegmentedRaftLogWorker for RaftStorageImpl:Storage Directory /home/runner/work/ozone/ozone/mnt/ozone/hadoop-ozone/integration-test/target/test-dir/MiniOzoneClusterImpl-603eb75f-c0c9-4b57-9906-10dc47a08d14/datanode-1/data/ratis/fc1ed8f0-5d30-4d52-90b2-3f477c9b4374
2021-07-01 01:15:32,422 [pool-311-thread-1] INFO  server.RaftServerConfigKeys (ConfUtils.java:logGet(44)) - raft.server.log.queue.byte-limit = 2147483647 (custom)
2021-07-01 01:15:32,422 [pool-311-thread-1] INFO  server.RaftServerConfigKeys (ConfUtils.java:logGet(44)) - raft.server.log.queue.element-limit = 1024 (custom)
2021-07-01 01:15:32,422 [pool-311-thread-1] INFO  server.RaftServerConfigKeys (ConfUtils.java:logGet(44)) - raft.server.log.segment.size.max = 1048576 (custom)
2021-07-01 01:15:32,422 [pool-311-thread-1] INFO  server.RaftServerConfigKeys (ConfUtils.java:logGet(44)) - raft.server.log.preallocated.size = 16384 (custom)
2021-07-01 01:15:32,422 [pool-311-thread-1] INFO  server.RaftServerConfigKeys (ConfUtils.java:logGet(44)) - raft.server.log.force.sync.num = 128 (default)
2021-07-01 01:15:32,422 [pool-311-thread-1] INFO  server.RaftServerConfigKeys (ConfUtils.java:logGet(44)) - raft.server.log.statemachine.data.sync = true (default)
2021-07-01 01:15:32,422 [pool-311-thread-1] INFO  server.RaftServerConfigKeys (ConfUtils.java:logGet(44)) - raft.server.log.statemachine.data.sync.timeout = 10s (default)
2021-07-01 01:15:32,422 [pool-311-thread-1] INFO  server.RaftServerConfigKeys (ConfUtils.java:logGet(44)) - raft.server.log.statemachine.data.sync.timeout.retry = -1 (default)
2021-07-01 01:15:32,424 [pool-311-thread-1] INFO  server.RaftServerConfigKeys (ConfUtils.java:logGet(44)) - raft.server.log.write.buffer.size = 1048576 (custom)
2021-07-01 01:15:32,424 [pool-311-thread-1] INFO  server.RaftServerConfigKeys (ConfUtils.java:logGet(44)) - raft.server.log.statemachine.data.caching.enabled = true (custom)
2021-07-01 01:15:32,424 [pool-311-thread-1] INFO  segmented.SegmentedRaftLogWorker (SegmentedRaftLogWorker.java:lambda$new$0(133)) - 12e155f9-24cd-4496-9fcd-b734ad3c03a4@group-3F477C9B4374-SegmentedRaftLogWorker: flushIndex: setUnconditionally 0 -> -1
2021-07-01 01:15:32,424 [pool-311-thread-1] INFO  segmented.SegmentedRaftLogWorker (SegmentedRaftLogWorker.java:lambda$new$0(133)) - 12e155f9-24cd-4496-9fcd-b734ad3c03a4@group-3F477C9B4374-SegmentedRaftLogWorker: safeCacheEvictIndex: setUnconditionally 0 -> -1
2021-07-01 01:15:32,424 [pool-311-thread-1] INFO  server.RaftServerConfigKeys (ConfUtils.java:logGet(44)) - raft.server.snapshot.auto.trigger.enabled = true (custom)
2021-07-01 01:15:32,424 [pool-311-thread-1] INFO  server.RaftServerConfigKeys (ConfUtils.java:logGet(44)) - raft.server.snapshot.auto.trigger.threshold = 10000 (custom)
2021-07-01 01:15:32,424 [pool-311-thread-1] INFO  server.RaftServerConfigKeys (ConfUtils.java:logGet(44)) - raft.server.snapshot.retention.file.num = 5 (custom)
2021-07-01 01:15:32,424 [pool-311-thread-1] INFO  server.RaftServerConfigKeys (ConfUtils.java:logGet(44)) - raft.server.log.purge.upto.snapshot.index = false (default)
2021-07-01 01:15:32,424 [pool-311-thread-1] INFO  server.RaftServerConfigKeys (ConfUtils.java:logGet(44)) - raft.server.retrycache.expirytime = 600000ms (custom)
2021-07-01 01:15:32,424 [pool-311-thread-1] INFO  server.RaftServerConfigKeys (ConfUtils.java:logGet(44)) - raft.server.retrycache.statistics.expirytime = 100μs (default)
2021-07-01 01:15:32,425 [pool-311-thread-1] INFO  metrics.RatisMetrics (RatisMetrics.java:lambda$create$0(36)) - Creating Metrics Registry : ratis.leader_election.12e155f9-24cd-4496-9fcd-b734ad3c03a4@group-3F477C9B4374
2021-07-01 01:15:32,425 [pool-311-thread-1] INFO  metrics.RatisMetrics (RatisMetrics.java:lambda$create$0(36)) - Creating Metrics Registry : ratis.server.12e155f9-24cd-4496-9fcd-b734ad3c03a4@group-3F477C9B4374
2021-07-01 01:15:32,426 [pool-311-thread-1] INFO  server.RaftServer$Division (RaftServerImpl.java:start(295)) - 12e155f9-24cd-4496-9fcd-b734ad3c03a4@group-3F477C9B4374: start as a follower, conf=-1: [80320f5a-6cd9-4eb7-9dbc-d52eb94c4b51|rpc:10.1.0.5:40669|dataStream:|priority:0, 12e155f9-24cd-4496-9fcd-b734ad3c03a4|rpc:10.1.0.5:37489|dataStream:|priority:1, a8e60af1-b0b5-4e51-add8-0d393ff38b25|rpc:10.1.0.5:37199|dataStream:|priority:0], old=null
2021-07-01 01:15:32,426 [pool-311-thread-1] INFO  server.RaftServer$Division (RaftServerImpl.java:setRole(284)) - 12e155f9-24cd-4496-9fcd-b734ad3c03a4@group-3F477C9B4374: changes role from      null to FOLLOWER at term 0 for startAsFollower
2021-07-01 01:15:32,426 [pool-311-thread-1] INFO  impl.RoleInfo (RoleInfo.java:updateAndGet(130)) - 12e155f9-24cd-4496-9fcd-b734ad3c03a4: start 12e155f9-24cd-4496-9fcd-b734ad3c03a4@group-3F477C9B4374-FollowerState
2021-07-01 01:15:32,427 [pool-311-thread-1] INFO  util.JmxRegister (JmxRegister.java:tryRegister(44)) - Successfully registered JMX Bean with object name Ratis:service=RaftServer,group=group-3F477C9B4374,id=12e155f9-24cd-4496-9fcd-b734ad3c03a4
2021-07-01 01:15:32,427 [pool-311-thread-1] INFO  metrics.RatisMetrics (RatisMetrics.java:lambda$create$0(36)) - Creating Metrics Registry : ratis.state_machine.12e155f9-24cd-4496-9fcd-b734ad3c03a4@group-3F477C9B4374
2021-07-01 01:15:32,449 [Command processor thread] INFO  metrics.RatisMetrics (RatisMetrics.java:lambda$create$0(36)) - Creating Metrics Registry : ratis.client_message_metrics.client-40B3C4E0BE24->80320f5a-6cd9-4eb7-9dbc-d52eb94c4b51
2021-07-01 01:15:32,457 [grpc-default-executor-2] INFO  metrics.RatisMetrics (RatisMetrics.java:lambda$create$0(36)) - Creating Metrics Registry : ratis.server_message_metrics.80320f5a-6cd9-4eb7-9dbc-d52eb94c4b51
2021-07-01 01:15:32,460 [grpc-default-executor-0] INFO  server.RaftServer (RaftServerProxy.java:addNew(95)) - 80320f5a-6cd9-4eb7-9dbc-d52eb94c4b51: addNew group-3F477C9B4374:[80320f5a-6cd9-4eb7-9dbc-d52eb94c4b51|rpc:10.1.0.5:40669|dataStream:|priority:0, 12e155f9-24cd-4496-9fcd-b734ad3c03a4|rpc:10.1.0.5:37489|dataStream:|priority:1, a8e60af1-b0b5-4e51-add8-0d393ff38b25|rpc:10.1.0.5:37199|dataStream:|priority:0] returns group-3F477C9B4374:java.util.concurrent.CompletableFuture@4f03d742[Not completed]
2021-07-01 01:15:32,461 [pool-329-thread-1] INFO  server.RaftServer$Division (RaftServerImpl.java:<init>(180)) - 80320f5a-6cd9-4eb7-9dbc-d52eb94c4b51: new RaftServerImpl for group-3F477C9B4374:[80320f5a-6cd9-4eb7-9dbc-d52eb94c4b51|rpc:10.1.0.5:40669|dataStream:|priority:0, 12e155f9-24cd-4496-9fcd-b734ad3c03a4|rpc:10.1.0.5:37489|dataStream:|priority:1, a8e60af1-b0b5-4e51-add8-0d393ff38b25|rpc:10.1.0.5:37199|dataStream:|priority:0] with ContainerStateMachine:uninitialized
2021-07-01 01:15:32,462 [pool-329-thread-1] INFO  server.RaftServerConfigKeys (ConfUtils.java:logGet(44)) - raft.server.rpc.timeout.min = 5s (custom)
2021-07-01 01:15:32,462 [pool-329-thread-1] INFO  server.RaftServerConfigKeys (ConfUtils.java:logGet(44)) - raft.server.rpc.timeout.max = 5200ms (custom)
2021-07-01 01:15:32,462 [pool-329-thread-1] INFO  server.RaftServerConfigKeys (ConfUtils.java:logGet(44)) - raft.server.rpc.sleep.time = 25ms (default)
2021-07-01 01:15:32,462 [pool-329-thread-1] INFO  server.RaftServerConfigKeys (ConfUtils.java:logGet(44)) - raft.server.rpc.slowness.timeout = 300000ms (custom)
2021-07-01 01:15:32,462 [pool-329-thread-1] INFO  server.RaftServerConfigKeys (ConfUtils.java:logGet(44)) - raft.server.leaderelection.leader.step-down.wait-time = 10s (default)
2021-07-01 01:15:32,462 [pool-329-thread-1] INFO  server.RaftServerConfigKeys (ConfUtils.java:logGet(44)) - raft.server.sleep.deviation.threshold = 300ms (default)
2021-07-01 01:15:32,462 [pool-329-thread-1] INFO  server.RaftServerConfigKeys (ConfUtils.java:logGet(44)) - raft.server.log.appender.install.snapshot.enabled = false (custom)
2021-07-01 01:15:32,462 [pool-329-thread-1] INFO  server.RaftServer$Division (ServerState.java:<init>(105)) - 80320f5a-6cd9-4eb7-9dbc-d52eb94c4b51@group-3F477C9B4374: ConfigurationManager, init=-1: [80320f5a-6cd9-4eb7-9dbc-d52eb94c4b51|rpc:10.1.0.5:40669|dataStream:|priority:0, 12e155f9-24cd-4496-9fcd-b734ad3c03a4|rpc:10.1.0.5:37489|dataStream:|priority:1, a8e60af1-b0b5-4e51-add8-0d393ff38b25|rpc:10.1.0.5:37199|dataStream:|priority:0], old=null, confs=<EMPTY_MAP>
2021-07-01 01:15:32,462 [pool-329-thread-1] INFO  server.RaftServerConfigKeys (ConfUtils.java:logGet(44)) - raft.server.storage.dir = [/home/runner/work/ozone/ozone/mnt/ozone/hadoop-ozone/integration-test/target/test-dir/MiniOzoneClusterImpl-603eb75f-c0c9-4b57-9906-10dc47a08d14/datanode-2/data/ratis] (custom)
2021-07-01 01:15:32,462 [pool-329-thread-1] INFO  server.RaftServerConfigKeys (ConfUtils.java:logGet(44)) - raft.server.log.corruption.policy = EXCEPTION (default)
2021-07-01 01:15:32,462 [pool-329-thread-1] INFO  storage.RaftStorageDirectory (RaftStorageDirectoryImpl.java:analyzeStorage(132)) - The storage directory /home/runner/work/ozone/ozone/mnt/ozone/hadoop-ozone/integration-test/target/test-dir/MiniOzoneClusterImpl-603eb75f-c0c9-4b57-9906-10dc47a08d14/datanode-2/data/ratis/fc1ed8f0-5d30-4d52-90b2-3f477c9b4374 does not exist. Creating ...
2021-07-01 01:15:32,463 [pool-329-thread-1] INFO  storage.RaftStorageDirectory (RaftStorageDirectoryImpl.java:tryLock(215)) - Lock on /home/runner/work/ozone/ozone/mnt/ozone/hadoop-ozone/integration-test/target/test-dir/MiniOzoneClusterImpl-603eb75f-c0c9-4b57-9906-10dc47a08d14/datanode-2/data/ratis/fc1ed8f0-5d30-4d52-90b2-3f477c9b4374/in_use.lock acquired by nodename 6261@fv-az195-275
2021-07-01 01:15:32,464 [pool-329-thread-1] INFO  storage.RaftStorage (RaftStorageImpl.java:format(87)) - Storage directory /home/runner/work/ozone/ozone/mnt/ozone/hadoop-ozone/integration-test/target/test-dir/MiniOzoneClusterImpl-603eb75f-c0c9-4b57-9906-10dc47a08d14/datanode-2/data/ratis/fc1ed8f0-5d30-4d52-90b2-3f477c9b4374 has been successfully formatted.
2021-07-01 01:15:32,466 [pool-329-thread-1] INFO  ratis.ContainerStateMachine (ContainerStateMachine.java:loadSnapshot(223)) - group-3F477C9B4374: The snapshot info is null. Setting the last applied indexto:(t:0, i:~)
2021-07-01 01:15:32,466 [pool-329-thread-1] INFO  server.RaftServerConfigKeys (ConfUtils.java:logGet(44)) - raft.server.notification.no-leader.timeout = 300000ms (custom)
2021-07-01 01:15:32,466 [pool-329-thread-1] INFO  server.RaftServerConfigKeys (ConfUtils.java:logGet(44)) - raft.server.log.use.memory = false (default)
2021-07-01 01:15:32,466 [pool-329-thread-1] INFO  server.RaftServerConfigKeys (ConfUtils.java:logGet(44)) - raft.server.log.purge.gap = 1000000 (custom)
2021-07-01 01:15:32,466 [pool-329-thread-1] INFO  server.RaftServerConfigKeys (ConfUtils.java:logGet(44)) - raft.server.log.appender.buffer.byte-limit = 33554432 (custom)
2021-07-01 01:15:32,466 [pool-329-thread-1] INFO  metrics.RatisMetrics (RatisMetrics.java:lambda$create$0(36)) - Creating Metrics Registry : ratis.log_worker.80320f5a-6cd9-4eb7-9dbc-d52eb94c4b51@group-3F477C9B4374
2021-07-01 01:15:32,466 [pool-329-thread-1] INFO  server.RaftServerConfigKeys (ConfUtils.java:logGet(44)) - raft.server.log.segment.size.max = 1048576 (custom)
2021-07-01 01:15:32,467 [pool-329-thread-1] INFO  server.RaftServerConfigKeys (ConfUtils.java:logGet(44)) - raft.server.log.segment.cache.num.max = 2 (custom)
2021-07-01 01:15:32,467 [pool-329-thread-1] INFO  server.RaftServerConfigKeys (ConfUtils.java:logGet(44)) - raft.server.log.segment.cache.size.max = 200MB (=209715200) (default)
2021-07-01 01:15:32,467 [pool-329-thread-1] INFO  segmented.SegmentedRaftLogWorker (SegmentedRaftLogWorker.java:<init>(182)) - new 80320f5a-6cd9-4eb7-9dbc-d52eb94c4b51@group-3F477C9B4374-SegmentedRaftLogWorker for RaftStorageImpl:Storage Directory /home/runner/work/ozone/ozone/mnt/ozone/hadoop-ozone/integration-test/target/test-dir/MiniOzoneClusterImpl-603eb75f-c0c9-4b57-9906-10dc47a08d14/datanode-2/data/ratis/fc1ed8f0-5d30-4d52-90b2-3f477c9b4374
2021-07-01 01:15:32,467 [pool-329-thread-1] INFO  server.RaftServerConfigKeys (ConfUtils.java:logGet(44)) - raft.server.log.queue.byte-limit = 2147483647 (custom)
2021-07-01 01:15:32,467 [pool-329-thread-1] INFO  server.RaftServerConfigKeys (ConfUtils.java:logGet(44)) - raft.server.log.queue.element-limit = 1024 (custom)
2021-07-01 01:15:32,467 [pool-329-thread-1] INFO  server.RaftServerConfigKeys (ConfUtils.java:logGet(44)) - raft.server.log.segment.size.max = 1048576 (custom)
2021-07-01 01:15:32,468 [pool-329-thread-1] INFO  server.RaftServerConfigKeys (ConfUtils.java:logGet(44)) - raft.server.log.preallocated.size = 16384 (custom)
2021-07-01 01:15:32,468 [pool-329-thread-1] INFO  server.RaftServerConfigKeys (ConfUtils.java:logGet(44)) - raft.server.log.force.sync.num = 128 (default)
2021-07-01 01:15:32,468 [pool-329-thread-1] INFO  server.RaftServerConfigKeys (ConfUtils.java:logGet(44)) - raft.server.log.statemachine.data.sync = true (default)
2021-07-01 01:15:32,468 [pool-329-thread-1] INFO  server.RaftServerConfigKeys (ConfUtils.java:logGet(44)) - raft.server.log.statemachine.data.sync.timeout = 10s (default)
2021-07-01 01:15:32,468 [pool-329-thread-1] INFO  server.RaftServerConfigKeys (ConfUtils.java:logGet(44)) - raft.server.log.statemachine.data.sync.timeout.retry = -1 (default)
2021-07-01 01:15:32,469 [pool-329-thread-1] INFO  server.RaftServerConfigKeys (ConfUtils.java:logGet(44)) - raft.server.log.write.buffer.size = 1048576 (custom)
2021-07-01 01:15:32,470 [pool-329-thread-1] INFO  server.RaftServerConfigKeys (ConfUtils.java:logGet(44)) - raft.server.log.statemachine.data.caching.enabled = true (custom)
2021-07-01 01:15:32,470 [pool-329-thread-1] INFO  segmented.SegmentedRaftLogWorker (SegmentedRaftLogWorker.java:lambda$new$0(133)) - 80320f5a-6cd9-4eb7-9dbc-d52eb94c4b51@group-3F477C9B4374-SegmentedRaftLogWorker: flushIndex: setUnconditionally 0 -> -1
2021-07-01 01:15:32,470 [pool-329-thread-1] INFO  segmented.SegmentedRaftLogWorker (SegmentedRaftLogWorker.java:lambda$new$0(133)) - 80320f5a-6cd9-4eb7-9dbc-d52eb94c4b51@group-3F477C9B4374-SegmentedRaftLogWorker: safeCacheEvictIndex: setUnconditionally 0 -> -1
2021-07-01 01:15:32,470 [pool-329-thread-1] INFO  server.RaftServerConfigKeys (ConfUtils.java:logGet(44)) - raft.server.snapshot.auto.trigger.enabled = true (custom)
2021-07-01 01:15:32,470 [pool-329-thread-1] INFO  server.RaftServerConfigKeys (ConfUtils.java:logGet(44)) - raft.server.snapshot.auto.trigger.threshold = 10000 (custom)
2021-07-01 01:15:32,470 [pool-329-thread-1] INFO  server.RaftServerConfigKeys (ConfUtils.java:logGet(44)) - raft.server.snapshot.retention.file.num = 5 (custom)
2021-07-01 01:15:32,470 [pool-329-thread-1] INFO  server.RaftServerConfigKeys (ConfUtils.java:logGet(44)) - raft.server.log.purge.upto.snapshot.index = false (default)
2021-07-01 01:15:32,470 [pool-329-thread-1] INFO  server.RaftServerConfigKeys (ConfUtils.java:logGet(44)) - raft.server.retrycache.expirytime = 600000ms (custom)
2021-07-01 01:15:32,470 [pool-329-thread-1] INFO  server.RaftServerConfigKeys (ConfUtils.java:logGet(44)) - raft.server.retrycache.statistics.expirytime = 100μs (default)
2021-07-01 01:15:32,470 [pool-329-thread-1] INFO  metrics.RatisMetrics (RatisMetrics.java:lambda$create$0(36)) - Creating Metrics Registry : ratis.leader_election.80320f5a-6cd9-4eb7-9dbc-d52eb94c4b51@group-3F477C9B4374
2021-07-01 01:15:32,471 [pool-329-thread-1] INFO  metrics.RatisMetrics (RatisMetrics.java:lambda$create$0(36)) - Creating Metrics Registry : ratis.server.80320f5a-6cd9-4eb7-9dbc-d52eb94c4b51@group-3F477C9B4374
2021-07-01 01:15:32,472 [pool-329-thread-1] INFO  server.RaftServer$Division (RaftServerImpl.java:start(295)) - 80320f5a-6cd9-4eb7-9dbc-d52eb94c4b51@group-3F477C9B4374: start as a follower, conf=-1: [80320f5a-6cd9-4eb7-9dbc-d52eb94c4b51|rpc:10.1.0.5:40669|dataStream:|priority:0, 12e155f9-24cd-4496-9fcd-b734ad3c03a4|rpc:10.1.0.5:37489|dataStream:|priority:1, a8e60af1-b0b5-4e51-add8-0d393ff38b25|rpc:10.1.0.5:37199|dataStream:|priority:0], old=null
2021-07-01 01:15:32,472 [pool-329-thread-1] INFO  server.RaftServer$Division (RaftServerImpl.java:setRole(284)) - 80320f5a-6cd9-4eb7-9dbc-d52eb94c4b51@group-3F477C9B4374: changes role from      null to FOLLOWER at term 0 for startAsFollower
2021-07-01 01:15:32,472 [pool-329-thread-1] INFO  impl.RoleInfo (RoleInfo.java:updateAndGet(130)) - 80320f5a-6cd9-4eb7-9dbc-d52eb94c4b51: start 80320f5a-6cd9-4eb7-9dbc-d52eb94c4b51@group-3F477C9B4374-FollowerState
2021-07-01 01:15:32,475 [pool-329-thread-1] INFO  util.JmxRegister (JmxRegister.java:tryRegister(44)) - Successfully registered JMX Bean with object name Ratis:service=RaftServer,group=group-3F477C9B4374,id=80320f5a-6cd9-4eb7-9dbc-d52eb94c4b51
2021-07-01 01:15:32,475 [pool-329-thread-1] INFO  metrics.RatisMetrics (RatisMetrics.java:lambda$create$0(36)) - Creating Metrics Registry : ratis.state_machine.80320f5a-6cd9-4eb7-9dbc-d52eb94c4b51@group-3F477C9B4374
2021-07-01 01:15:32,478 [Command processor thread] INFO  server.RaftServer (RaftServerProxy.java:addNew(95)) - 12e155f9-24cd-4496-9fcd-b734ad3c03a4: addNew group-690E4381A16B:[12e155f9-24cd-4496-9fcd-b734ad3c03a4|rpc:10.1.0.5:37489|priority:1] returns group-690E4381A16B:java.util.concurrent.CompletableFuture@439e75df[Not completed]
2021-07-01 01:15:32,479 [pool-311-thread-1] INFO  server.RaftServer$Division (RaftServerImpl.java:<init>(180)) - 12e155f9-24cd-4496-9fcd-b734ad3c03a4: new RaftServerImpl for group-690E4381A16B:[12e155f9-24cd-4496-9fcd-b734ad3c03a4|rpc:10.1.0.5:37489|priority:1] with ContainerStateMachine:uninitialized
2021-07-01 01:15:32,479 [pool-311-thread-1] INFO  server.RaftServerConfigKeys (ConfUtils.java:logGet(44)) - raft.server.rpc.timeout.min = 5s (custom)
2021-07-01 01:15:32,479 [pool-311-thread-1] INFO  server.RaftServerConfigKeys (ConfUtils.java:logGet(44)) - raft.server.rpc.timeout.max = 5200ms (custom)
2021-07-01 01:15:32,479 [pool-311-thread-1] INFO  server.RaftServerConfigKeys (ConfUtils.java:logGet(44)) - raft.server.rpc.sleep.time = 25ms (default)
2021-07-01 01:15:32,479 [pool-311-thread-1] INFO  server.RaftServerConfigKeys (ConfUtils.java:logGet(44)) - raft.server.rpc.slowness.timeout = 300000ms (custom)
2021-07-01 01:15:32,479 [pool-311-thread-1] INFO  server.RaftServerConfigKeys (ConfUtils.java:logGet(44)) - raft.server.leaderelection.leader.step-down.wait-time = 10s (default)
2021-07-01 01:15:32,479 [pool-311-thread-1] INFO  server.RaftServerConfigKeys (ConfUtils.java:logGet(44)) - raft.server.sleep.deviation.threshold = 300ms (default)
2021-07-01 01:15:32,479 [pool-311-thread-1] INFO  server.RaftServerConfigKeys (ConfUtils.java:logGet(44)) - raft.server.log.appender.install.snapshot.enabled = false (custom)
2021-07-01 01:15:32,479 [pool-311-thread-1] INFO  server.RaftServer$Division (ServerState.java:<init>(105)) - 12e155f9-24cd-4496-9fcd-b734ad3c03a4@group-690E4381A16B: ConfigurationManager, init=-1: [12e155f9-24cd-4496-9fcd-b734ad3c03a4|rpc:10.1.0.5:37489|priority:1], old=null, confs=<EMPTY_MAP>
2021-07-01 01:15:32,479 [pool-311-thread-1] INFO  server.RaftServerConfigKeys (ConfUtils.java:logGet(44)) - raft.server.storage.dir = [/home/runner/work/ozone/ozone/mnt/ozone/hadoop-ozone/integration-test/target/test-dir/MiniOzoneClusterImpl-603eb75f-c0c9-4b57-9906-10dc47a08d14/datanode-1/data/ratis] (custom)
2021-07-01 01:15:32,479 [pool-311-thread-1] INFO  server.RaftServerConfigKeys (ConfUtils.java:logGet(44)) - raft.server.log.corruption.policy = EXCEPTION (default)
2021-07-01 01:15:32,479 [pool-311-thread-1] INFO  storage.RaftStorageDirectory (RaftStorageDirectoryImpl.java:analyzeStorage(132)) - The storage directory /home/runner/work/ozone/ozone/mnt/ozone/hadoop-ozone/integration-test/target/test-dir/MiniOzoneClusterImpl-603eb75f-c0c9-4b57-9906-10dc47a08d14/datanode-1/data/ratis/ed7120cb-903c-4f71-b28c-690e4381a16b does not exist. Creating ...
2021-07-01 01:15:32,483 [pool-311-thread-1] INFO  storage.RaftStorageDirectory (RaftStorageDirectoryImpl.java:tryLock(215)) - Lock on /home/runner/work/ozone/ozone/mnt/ozone/hadoop-ozone/integration-test/target/test-dir/MiniOzoneClusterImpl-603eb75f-c0c9-4b57-9906-10dc47a08d14/datanode-1/data/ratis/ed7120cb-903c-4f71-b28c-690e4381a16b/in_use.lock acquired by nodename 6261@fv-az195-275
2021-07-01 01:15:32,484 [pool-311-thread-1] INFO  storage.RaftStorage (RaftStorageImpl.java:format(87)) - Storage directory /home/runner/work/ozone/ozone/mnt/ozone/hadoop-ozone/integration-test/target/test-dir/MiniOzoneClusterImpl-603eb75f-c0c9-4b57-9906-10dc47a08d14/datanode-1/data/ratis/ed7120cb-903c-4f71-b28c-690e4381a16b has been successfully formatted.
2021-07-01 01:15:32,485 [pool-311-thread-1] INFO  ratis.ContainerStateMachine (ContainerStateMachine.java:loadSnapshot(223)) - group-690E4381A16B: The snapshot info is null. Setting the last applied indexto:(t:0, i:~)
2021-07-01 01:15:32,485 [pool-311-thread-1] INFO  server.RaftServerConfigKeys (ConfUtils.java:logGet(44)) - raft.server.notification.no-leader.timeout = 300000ms (custom)
2021-07-01 01:15:32,485 [pool-311-thread-1] INFO  server.RaftServerConfigKeys (ConfUtils.java:logGet(44)) - raft.server.log.use.memory = false (default)
2021-07-01 01:15:32,485 [pool-311-thread-1] INFO  server.RaftServerConfigKeys (ConfUtils.java:logGet(44)) - raft.server.log.purge.gap = 1000000 (custom)
2021-07-01 01:15:32,485 [pool-311-thread-1] INFO  server.RaftServerConfigKeys (ConfUtils.java:logGet(44)) - raft.server.log.appender.buffer.byte-limit = 33554432 (custom)
2021-07-01 01:15:32,485 [pool-311-thread-1] INFO  metrics.RatisMetrics (RatisMetrics.java:lambda$create$0(36)) - Creating Metrics Registry : ratis.log_worker.12e155f9-24cd-4496-9fcd-b734ad3c03a4@group-690E4381A16B
2021-07-01 01:15:32,485 [pool-311-thread-1] INFO  server.RaftServerConfigKeys (ConfUtils.java:logGet(44)) - raft.server.log.segment.size.max = 1048576 (custom)
2021-07-01 01:15:32,486 [pool-311-thread-1] INFO  server.RaftServerConfigKeys (ConfUtils.java:logGet(44)) - raft.server.log.segment.cache.num.max = 2 (custom)
2021-07-01 01:15:32,486 [pool-311-thread-1] INFO  server.RaftServerConfigKeys (ConfUtils.java:logGet(44)) - raft.server.log.segment.cache.size.max = 200MB (=209715200) (default)
2021-07-01 01:15:32,486 [pool-311-thread-1] INFO  segmented.SegmentedRaftLogWorker (SegmentedRaftLogWorker.java:<init>(182)) - new 12e155f9-24cd-4496-9fcd-b734ad3c03a4@group-690E4381A16B-SegmentedRaftLogWorker for RaftStorageImpl:Storage Directory /home/runner/work/ozone/ozone/mnt/ozone/hadoop-ozone/integration-test/target/test-dir/MiniOzoneClusterImpl-603eb75f-c0c9-4b57-9906-10dc47a08d14/datanode-1/data/ratis/ed7120cb-903c-4f71-b28c-690e4381a16b
2021-07-01 01:15:32,487 [EventQueue-PipelineReportForPipelineReportHandler] INFO  pipeline.PipelineManagerV2Impl (PipelineManagerV2Impl.java:openPipeline(270)) - Pipeline Pipeline[ Id: ed7120cb-903c-4f71-b28c-690e4381a16b, Nodes: 12e155f9-24cd-4496-9fcd-b734ad3c03a4{ip: 10.1.0.5, host: fv-az195-275.u3nnjwd0vyge1bu22idnsdeq2e.cx.internal.cloudapp.net, ports: [REPLICATION=45361, RATIS=37489, RATIS_ADMIN=37489, RATIS_SERVER=37489, STANDALONE=35431], networkLocation: /default-rack, certSerialId: null, persistedOpState: IN_SERVICE, persistedOpStateExpiryEpochSec: 0}, ReplicationConfig: RATIS/ONE, State:ALLOCATED, leaderId:12e155f9-24cd-4496-9fcd-b734ad3c03a4, CreationTimestamp2021-07-01T01:15:29.477Z] moved to OPEN state
2021-07-01 01:15:32,487 [EventQueue-OpenPipelineForHealthyPipelineSafeModeRule] INFO  safemode.SCMSafeModeManager (HealthyPipelineSafeModeRule.java:process(124)) - SCM in safe mode. Healthy pipelines reported count is 0, required healthy pipeline reported count is 1
2021-07-01 01:15:32,487 [pool-311-thread-1] INFO  server.RaftServerConfigKeys (ConfUtils.java:logGet(44)) - raft.server.log.queue.byte-limit = 2147483647 (custom)
2021-07-01 01:15:32,488 [pool-311-thread-1] INFO  server.RaftServerConfigKeys (ConfUtils.java:logGet(44)) - raft.server.log.queue.element-limit = 1024 (custom)
2021-07-01 01:15:32,488 [pool-311-thread-1] INFO  server.RaftServerConfigKeys (ConfUtils.java:logGet(44)) - raft.server.log.segment.size.max = 1048576 (custom)
2021-07-01 01:15:32,488 [pool-311-thread-1] INFO  server.RaftServerConfigKeys (ConfUtils.java:logGet(44)) - raft.server.log.preallocated.size = 16384 (custom)
2021-07-01 01:15:32,488 [pool-311-thread-1] INFO  server.RaftServerConfigKeys (ConfUtils.java:logGet(44)) - raft.server.log.force.sync.num = 128 (default)
2021-07-01 01:15:32,488 [pool-311-thread-1] INFO  server.RaftServerConfigKeys (ConfUtils.java:logGet(44)) - raft.server.log.statemachine.data.sync = true (default)
2021-07-01 01:15:32,488 [pool-311-thread-1] INFO  server.RaftServerConfigKeys (ConfUtils.java:logGet(44)) - raft.server.log.statemachine.data.sync.timeout = 10s (default)
2021-07-01 01:15:32,488 [pool-311-thread-1] INFO  server.RaftServerConfigKeys (ConfUtils.java:logGet(44)) - raft.server.log.statemachine.data.sync.timeout.retry = -1 (default)
2021-07-01 01:15:32,489 [pool-311-thread-1] INFO  server.RaftServerConfigKeys (ConfUtils.java:logGet(44)) - raft.server.log.write.buffer.size = 1048576 (custom)
2021-07-01 01:15:32,491 [Command processor thread] INFO  commandhandler.CreatePipelineCommandHandler (CreatePipelineCommandHandler.java:handle(106)) - Created Pipeline RATIS THREE PipelineID=fc1ed8f0-5d30-4d52-90b2-3f477c9b4374.
2021-07-01 01:15:32,492 [pool-311-thread-1] INFO  server.RaftServerConfigKeys (ConfUtils.java:logGet(44)) - raft.server.log.statemachine.data.caching.enabled = true (custom)
2021-07-01 01:15:32,492 [pool-311-thread-1] INFO  segmented.SegmentedRaftLogWorker (SegmentedRaftLogWorker.java:lambda$new$0(133)) - 12e155f9-24cd-4496-9fcd-b734ad3c03a4@group-690E4381A16B-SegmentedRaftLogWorker: flushIndex: setUnconditionally 0 -> -1
2021-07-01 01:15:32,492 [pool-311-thread-1] INFO  segmented.SegmentedRaftLogWorker (SegmentedRaftLogWorker.java:lambda$new$0(133)) - 12e155f9-24cd-4496-9fcd-b734ad3c03a4@group-690E4381A16B-SegmentedRaftLogWorker: safeCacheEvictIndex: setUnconditionally 0 -> -1
2021-07-01 01:15:32,492 [pool-311-thread-1] INFO  server.RaftServerConfigKeys (ConfUtils.java:logGet(44)) - raft.server.snapshot.auto.trigger.enabled = true (custom)
2021-07-01 01:15:32,492 [pool-311-thread-1] INFO  server.RaftServerConfigKeys (ConfUtils.java:logGet(44)) - raft.server.snapshot.auto.trigger.threshold = 10000 (custom)
2021-07-01 01:15:32,492 [pool-311-thread-1] INFO  server.RaftServerConfigKeys (ConfUtils.java:logGet(44)) - raft.server.snapshot.retention.file.num = 5 (custom)
2021-07-01 01:15:32,492 [pool-311-thread-1] INFO  server.RaftServerConfigKeys (ConfUtils.java:logGet(44)) - raft.server.log.purge.upto.snapshot.index = false (default)
2021-07-01 01:15:32,492 [pool-311-thread-1] INFO  server.RaftServerConfigKeys (ConfUtils.java:logGet(44)) - raft.server.retrycache.expirytime = 600000ms (custom)
2021-07-01 01:15:32,492 [pool-311-thread-1] INFO  server.RaftServerConfigKeys (ConfUtils.java:logGet(44)) - raft.server.retrycache.statistics.expirytime = 100μs (default)
2021-07-01 01:15:32,492 [pool-311-thread-1] INFO  metrics.RatisMetrics (RatisMetrics.java:lambda$create$0(36)) - Creating Metrics Registry : ratis.leader_election.12e155f9-24cd-4496-9fcd-b734ad3c03a4@group-690E4381A16B
2021-07-01 01:15:32,493 [pool-311-thread-1] INFO  metrics.RatisMetrics (RatisMetrics.java:lambda$create$0(36)) - Creating Metrics Registry : ratis.server.12e155f9-24cd-4496-9fcd-b734ad3c03a4@group-690E4381A16B
2021-07-01 01:15:32,494 [pool-311-thread-1] INFO  server.RaftServer$Division (RaftServerImpl.java:start(295)) - 12e155f9-24cd-4496-9fcd-b734ad3c03a4@group-690E4381A16B: start as a follower, conf=-1: [12e155f9-24cd-4496-9fcd-b734ad3c03a4|rpc:10.1.0.5:37489|priority:1], old=null
2021-07-01 01:15:32,494 [pool-311-thread-1] INFO  server.RaftServer$Division (RaftServerImpl.java:setRole(284)) - 12e155f9-24cd-4496-9fcd-b734ad3c03a4@group-690E4381A16B: changes role from      null to FOLLOWER at term 0 for startAsFollower
2021-07-01 01:15:32,494 [pool-311-thread-1] INFO  impl.RoleInfo (RoleInfo.java:updateAndGet(130)) - 12e155f9-24cd-4496-9fcd-b734ad3c03a4: start 12e155f9-24cd-4496-9fcd-b734ad3c03a4@group-690E4381A16B-FollowerState
2021-07-01 01:15:32,495 [pool-311-thread-1] INFO  util.JmxRegister (JmxRegister.java:tryRegister(44)) - Successfully registered JMX Bean with object name Ratis:service=RaftServer,group=group-690E4381A16B,id=12e155f9-24cd-4496-9fcd-b734ad3c03a4
2021-07-01 01:15:32,495 [pool-311-thread-1] INFO  metrics.RatisMetrics (RatisMetrics.java:lambda$create$0(36)) - Creating Metrics Registry : ratis.state_machine.12e155f9-24cd-4496-9fcd-b734ad3c03a4@group-690E4381A16B
2021-07-01 01:15:32,496 [Command processor thread] INFO  ratis.XceiverServerRatis (XceiverServerRatis.java:addGroup(759)) - Created group PipelineID=ed7120cb-903c-4f71-b28c-690e4381a16b
2021-07-01 01:15:32,496 [Command processor thread] INFO  commandhandler.CreatePipelineCommandHandler (CreatePipelineCommandHandler.java:handle(106)) - Created Pipeline RATIS ONE PipelineID=ed7120cb-903c-4f71-b28c-690e4381a16b.
2021-07-01 01:15:32,592 [Command processor thread] INFO  server.RaftServer (RaftServerProxy.java:addNew(95)) - 80320f5a-6cd9-4eb7-9dbc-d52eb94c4b51: addNew group-69EDF6C3BE3B:[80320f5a-6cd9-4eb7-9dbc-d52eb94c4b51|rpc:10.1.0.5:40669|priority:1] returns group-69EDF6C3BE3B:java.util.concurrent.CompletableFuture@7f529ebc[Not completed]
2021-07-01 01:15:32,594 [pool-329-thread-1] INFO  server.RaftServer$Division (RaftServerImpl.java:<init>(180)) - 80320f5a-6cd9-4eb7-9dbc-d52eb94c4b51: new RaftServerImpl for group-69EDF6C3BE3B:[80320f5a-6cd9-4eb7-9dbc-d52eb94c4b51|rpc:10.1.0.5:40669|priority:1] with ContainerStateMachine:uninitialized
2021-07-01 01:15:32,594 [pool-329-thread-1] INFO  server.RaftServerConfigKeys (ConfUtils.java:logGet(44)) - raft.server.rpc.timeout.min = 5s (custom)
2021-07-01 01:15:32,594 [pool-329-thread-1] INFO  server.RaftServerConfigKeys (ConfUtils.java:logGet(44)) - raft.server.rpc.timeout.max = 5200ms (custom)
2021-07-01 01:15:32,594 [pool-329-thread-1] INFO  server.RaftServerConfigKeys (ConfUtils.java:logGet(44)) - raft.server.rpc.sleep.time = 25ms (default)
2021-07-01 01:15:32,594 [pool-329-thread-1] INFO  server.RaftServerConfigKeys (ConfUtils.java:logGet(44)) - raft.server.rpc.slowness.timeout = 300000ms (custom)
2021-07-01 01:15:32,594 [pool-329-thread-1] INFO  server.RaftServerConfigKeys (ConfUtils.java:logGet(44)) - raft.server.leaderelection.leader.step-down.wait-time = 10s (default)
2021-07-01 01:15:32,594 [pool-329-thread-1] INFO  server.RaftServerConfigKeys (ConfUtils.java:logGet(44)) - raft.server.sleep.deviation.threshold = 300ms (default)
2021-07-01 01:15:32,594 [pool-329-thread-1] INFO  server.RaftServerConfigKeys (ConfUtils.java:logGet(44)) - raft.server.log.appender.install.snapshot.enabled = false (custom)
2021-07-01 01:15:32,594 [pool-329-thread-1] INFO  server.RaftServer$Division (ServerState.java:<init>(105)) - 80320f5a-6cd9-4eb7-9dbc-d52eb94c4b51@group-69EDF6C3BE3B: ConfigurationManager, init=-1: [80320f5a-6cd9-4eb7-9dbc-d52eb94c4b51|rpc:10.1.0.5:40669|priority:1], old=null, confs=<EMPTY_MAP>
2021-07-01 01:15:32,594 [pool-329-thread-1] INFO  server.RaftServerConfigKeys (ConfUtils.java:logGet(44)) - raft.server.storage.dir = [/home/runner/work/ozone/ozone/mnt/ozone/hadoop-ozone/integration-test/target/test-dir/MiniOzoneClusterImpl-603eb75f-c0c9-4b57-9906-10dc47a08d14/datanode-2/data/ratis] (custom)
2021-07-01 01:15:32,594 [pool-329-thread-1] INFO  server.RaftServerConfigKeys (ConfUtils.java:logGet(44)) - raft.server.log.corruption.policy = EXCEPTION (default)
2021-07-01 01:15:32,594 [pool-329-thread-1] INFO  storage.RaftStorageDirectory (RaftStorageDirectoryImpl.java:analyzeStorage(132)) - The storage directory /home/runner/work/ozone/ozone/mnt/ozone/hadoop-ozone/integration-test/target/test-dir/MiniOzoneClusterImpl-603eb75f-c0c9-4b57-9906-10dc47a08d14/datanode-2/data/ratis/3e4132db-772d-430e-9970-69edf6c3be3b does not exist. Creating ...
2021-07-01 01:15:32,596 [pool-329-thread-1] INFO  storage.RaftStorageDirectory (RaftStorageDirectoryImpl.java:tryLock(215)) - Lock on /home/runner/work/ozone/ozone/mnt/ozone/hadoop-ozone/integration-test/target/test-dir/MiniOzoneClusterImpl-603eb75f-c0c9-4b57-9906-10dc47a08d14/datanode-2/data/ratis/3e4132db-772d-430e-9970-69edf6c3be3b/in_use.lock acquired by nodename 6261@fv-az195-275
2021-07-01 01:15:32,597 [pool-329-thread-1] INFO  storage.RaftStorage (RaftStorageImpl.java:format(87)) - Storage directory /home/runner/work/ozone/ozone/mnt/ozone/hadoop-ozone/integration-test/target/test-dir/MiniOzoneClusterImpl-603eb75f-c0c9-4b57-9906-10dc47a08d14/datanode-2/data/ratis/3e4132db-772d-430e-9970-69edf6c3be3b has been successfully formatted.
2021-07-01 01:15:32,597 [pool-329-thread-1] INFO  ratis.ContainerStateMachine (ContainerStateMachine.java:loadSnapshot(223)) - group-69EDF6C3BE3B: The snapshot info is null. Setting the last applied indexto:(t:0, i:~)
2021-07-01 01:15:32,598 [pool-329-thread-1] INFO  server.RaftServerConfigKeys (ConfUtils.java:logGet(44)) - raft.server.notification.no-leader.timeout = 300000ms (custom)
2021-07-01 01:15:32,598 [pool-329-thread-1] INFO  server.RaftServerConfigKeys (ConfUtils.java:logGet(44)) - raft.server.log.use.memory = false (default)
2021-07-01 01:15:32,598 [EventQueue-PipelineReportForPipelineReportHandler] INFO  pipeline.PipelineManagerV2Impl (PipelineManagerV2Impl.java:openPipeline(270)) - Pipeline Pipeline[ Id: 3e4132db-772d-430e-9970-69edf6c3be3b, Nodes: 80320f5a-6cd9-4eb7-9dbc-d52eb94c4b51{ip: 10.1.0.5, host: fv-az195-275.u3nnjwd0vyge1bu22idnsdeq2e.cx.internal.cloudapp.net, ports: [REPLICATION=46331, RATIS=40669, RATIS_ADMIN=40669, RATIS_SERVER=40669, STANDALONE=41609], networkLocation: /default-rack, certSerialId: null, persistedOpState: IN_SERVICE, persistedOpStateExpiryEpochSec: 0}, ReplicationConfig: RATIS/ONE, State:ALLOCATED, leaderId:80320f5a-6cd9-4eb7-9dbc-d52eb94c4b51, CreationTimestamp2021-07-01T01:15:29.594Z] moved to OPEN state
2021-07-01 01:15:32,599 [EventQueue-OpenPipelineForHealthyPipelineSafeModeRule] INFO  safemode.SCMSafeModeManager (HealthyPipelineSafeModeRule.java:process(124)) - SCM in safe mode. Healthy pipelines reported count is 0, required healthy pipeline reported count is 1
2021-07-01 01:15:32,599 [pool-329-thread-1] INFO  server.RaftServerConfigKeys (ConfUtils.java:logGet(44)) - raft.server.log.purge.gap = 1000000 (custom)
2021-07-01 01:15:32,600 [pool-329-thread-1] INFO  server.RaftServerConfigKeys (ConfUtils.java:logGet(44)) - raft.server.log.appender.buffer.byte-limit = 33554432 (custom)
2021-07-01 01:15:32,600 [pool-329-thread-1] INFO  metrics.RatisMetrics (RatisMetrics.java:lambda$create$0(36)) - Creating Metrics Registry : ratis.log_worker.80320f5a-6cd9-4eb7-9dbc-d52eb94c4b51@group-69EDF6C3BE3B
2021-07-01 01:15:32,600 [pool-329-thread-1] INFO  server.RaftServerConfigKeys (ConfUtils.java:logGet(44)) - raft.server.log.segment.size.max = 1048576 (custom)
2021-07-01 01:15:32,600 [pool-329-thread-1] INFO  server.RaftServerConfigKeys (ConfUtils.java:logGet(44)) - raft.server.log.segment.cache.num.max = 2 (custom)
2021-07-01 01:15:32,600 [pool-329-thread-1] INFO  server.RaftServerConfigKeys (ConfUtils.java:logGet(44)) - raft.server.log.segment.cache.size.max = 200MB (=209715200) (default)
2021-07-01 01:15:32,600 [pool-329-thread-1] INFO  segmented.SegmentedRaftLogWorker (SegmentedRaftLogWorker.java:<init>(182)) - new 80320f5a-6cd9-4eb7-9dbc-d52eb94c4b51@group-69EDF6C3BE3B-SegmentedRaftLogWorker for RaftStorageImpl:Storage Directory /home/runner/work/ozone/ozone/mnt/ozone/hadoop-ozone/integration-test/target/test-dir/MiniOzoneClusterImpl-603eb75f-c0c9-4b57-9906-10dc47a08d14/datanode-2/data/ratis/3e4132db-772d-430e-9970-69edf6c3be3b
2021-07-01 01:15:32,601 [pool-329-thread-1] INFO  server.RaftServerConfigKeys (ConfUtils.java:logGet(44)) - raft.server.log.queue.byte-limit = 2147483647 (custom)
2021-07-01 01:15:32,601 [pool-329-thread-1] INFO  server.RaftServerConfigKeys (ConfUtils.java:logGet(44)) - raft.server.log.queue.element-limit = 1024 (custom)
2021-07-01 01:15:32,601 [pool-329-thread-1] INFO  server.RaftServerConfigKeys (ConfUtils.java:logGet(44)) - raft.server.log.segment.size.max = 1048576 (custom)
2021-07-01 01:15:32,601 [pool-329-thread-1] INFO  server.RaftServerConfigKeys (ConfUtils.java:logGet(44)) - raft.server.log.preallocated.size = 16384 (custom)
2021-07-01 01:15:32,601 [pool-329-thread-1] INFO  server.RaftServerConfigKeys (ConfUtils.java:logGet(44)) - raft.server.log.force.sync.num = 128 (default)
2021-07-01 01:15:32,601 [pool-329-thread-1] INFO  server.RaftServerConfigKeys (ConfUtils.java:logGet(44)) - raft.server.log.statemachine.data.sync = true (default)
2021-07-01 01:15:32,601 [pool-329-thread-1] INFO  server.RaftServerConfigKeys (ConfUtils.java:logGet(44)) - raft.server.log.statemachine.data.sync.timeout = 10s (default)
2021-07-01 01:15:32,601 [pool-329-thread-1] INFO  server.RaftServerConfigKeys (ConfUtils.java:logGet(44)) - raft.server.log.statemachine.data.sync.timeout.retry = -1 (default)
2021-07-01 01:15:32,602 [pool-329-thread-1] INFO  server.RaftServerConfigKeys (ConfUtils.java:logGet(44)) - raft.server.log.write.buffer.size = 1048576 (custom)
2021-07-01 01:15:32,603 [pool-329-thread-1] INFO  server.RaftServerConfigKeys (ConfUtils.java:logGet(44)) - raft.server.log.statemachine.data.caching.enabled = true (custom)
2021-07-01 01:15:32,603 [pool-329-thread-1] INFO  segmented.SegmentedRaftLogWorker (SegmentedRaftLogWorker.java:lambda$new$0(133)) - 80320f5a-6cd9-4eb7-9dbc-d52eb94c4b51@group-69EDF6C3BE3B-SegmentedRaftLogWorker: flushIndex: setUnconditionally 0 -> -1
2021-07-01 01:15:32,603 [pool-329-thread-1] INFO  segmented.SegmentedRaftLogWorker (SegmentedRaftLogWorker.java:lambda$new$0(133)) - 80320f5a-6cd9-4eb7-9dbc-d52eb94c4b51@group-69EDF6C3BE3B-SegmentedRaftLogWorker: safeCacheEvictIndex: setUnconditionally 0 -> -1
2021-07-01 01:15:32,603 [pool-329-thread-1] INFO  server.RaftServerConfigKeys (ConfUtils.java:logGet(44)) - raft.server.snapshot.auto.trigger.enabled = true (custom)
2021-07-01 01:15:32,603 [pool-329-thread-1] INFO  server.RaftServerConfigKeys (ConfUtils.java:logGet(44)) - raft.server.snapshot.auto.trigger.threshold = 10000 (custom)
2021-07-01 01:15:32,603 [pool-329-thread-1] INFO  server.RaftServerConfigKeys (ConfUtils.java:logGet(44)) - raft.server.snapshot.retention.file.num = 5 (custom)
2021-07-01 01:15:32,603 [pool-329-thread-1] INFO  server.RaftServerConfigKeys (ConfUtils.java:logGet(44)) - raft.server.log.purge.upto.snapshot.index = false (default)
2021-07-01 01:15:32,603 [pool-329-thread-1] INFO  server.RaftServerConfigKeys (ConfUtils.java:logGet(44)) - raft.server.retrycache.expirytime = 600000ms (custom)
2021-07-01 01:15:32,603 [pool-329-thread-1] INFO  server.RaftServerConfigKeys (ConfUtils.java:logGet(44)) - raft.server.retrycache.statistics.expirytime = 100μs (default)
2021-07-01 01:15:32,603 [pool-329-thread-1] INFO  metrics.RatisMetrics (RatisMetrics.java:lambda$create$0(36)) - Creating Metrics Registry : ratis.leader_election.80320f5a-6cd9-4eb7-9dbc-d52eb94c4b51@group-69EDF6C3BE3B
2021-07-01 01:15:32,604 [pool-329-thread-1] INFO  metrics.RatisMetrics (RatisMetrics.java:lambda$create$0(36)) - Creating Metrics Registry : ratis.server.80320f5a-6cd9-4eb7-9dbc-d52eb94c4b51@group-69EDF6C3BE3B
2021-07-01 01:15:32,605 [pool-329-thread-1] INFO  server.RaftServer$Division (RaftServerImpl.java:start(295)) - 80320f5a-6cd9-4eb7-9dbc-d52eb94c4b51@group-69EDF6C3BE3B: start as a follower, conf=-1: [80320f5a-6cd9-4eb7-9dbc-d52eb94c4b51|rpc:10.1.0.5:40669|priority:1], old=null
2021-07-01 01:15:32,605 [pool-329-thread-1] INFO  server.RaftServer$Division (RaftServerImpl.java:setRole(284)) - 80320f5a-6cd9-4eb7-9dbc-d52eb94c4b51@group-69EDF6C3BE3B: changes role from      null to FOLLOWER at term 0 for startAsFollower
2021-07-01 01:15:32,605 [pool-329-thread-1] INFO  impl.RoleInfo (RoleInfo.java:updateAndGet(130)) - 80320f5a-6cd9-4eb7-9dbc-d52eb94c4b51: start 80320f5a-6cd9-4eb7-9dbc-d52eb94c4b51@group-69EDF6C3BE3B-FollowerState
2021-07-01 01:15:32,606 [pool-329-thread-1] INFO  util.JmxRegister (JmxRegister.java:tryRegister(44)) - Successfully registered JMX Bean with object name Ratis:service=RaftServer,group=group-69EDF6C3BE3B,id=80320f5a-6cd9-4eb7-9dbc-d52eb94c4b51
2021-07-01 01:15:32,606 [pool-329-thread-1] INFO  metrics.RatisMetrics (RatisMetrics.java:lambda$create$0(36)) - Creating Metrics Registry : ratis.state_machine.80320f5a-6cd9-4eb7-9dbc-d52eb94c4b51@group-69EDF6C3BE3B
2021-07-01 01:15:32,606 [Command processor thread] INFO  ratis.XceiverServerRatis (XceiverServerRatis.java:addGroup(759)) - Created group PipelineID=3e4132db-772d-430e-9970-69edf6c3be3b
2021-07-01 01:15:32,606 [Command processor thread] INFO  commandhandler.CreatePipelineCommandHandler (CreatePipelineCommandHandler.java:handle(106)) - Created Pipeline RATIS ONE PipelineID=3e4132db-772d-430e-9970-69edf6c3be3b.
2021-07-01 01:15:32,722 [Command processor thread] INFO  server.RaftServer (RaftServerProxy.java:addNew(95)) - 81b856d9-9a36-4380-a413-e28ef77684bb: addNew group-64B1A5ED79F8:[81b856d9-9a36-4380-a413-e28ef77684bb|rpc:10.1.0.5:42305|priority:1] returns group-64B1A5ED79F8:java.util.concurrent.CompletableFuture@373c639f[Not completed]
2021-07-01 01:15:32,724 [pool-347-thread-1] INFO  server.RaftServer$Division (RaftServerImpl.java:<init>(180)) - 81b856d9-9a36-4380-a413-e28ef77684bb: new RaftServerImpl for group-64B1A5ED79F8:[81b856d9-9a36-4380-a413-e28ef77684bb|rpc:10.1.0.5:42305|priority:1] with ContainerStateMachine:uninitialized
2021-07-01 01:15:32,724 [pool-347-thread-1] INFO  server.RaftServerConfigKeys (ConfUtils.java:logGet(44)) - raft.server.rpc.timeout.min = 5s (custom)
2021-07-01 01:15:32,724 [pool-347-thread-1] INFO  server.RaftServerConfigKeys (ConfUtils.java:logGet(44)) - raft.server.rpc.timeout.max = 5200ms (custom)
2021-07-01 01:15:32,724 [pool-347-thread-1] INFO  server.RaftServerConfigKeys (ConfUtils.java:logGet(44)) - raft.server.rpc.sleep.time = 25ms (default)
2021-07-01 01:15:32,724 [pool-347-thread-1] INFO  server.RaftServerConfigKeys (ConfUtils.java:logGet(44)) - raft.server.rpc.slowness.timeout = 300000ms (custom)
2021-07-01 01:15:32,724 [pool-347-thread-1] INFO  server.RaftServerConfigKeys (ConfUtils.java:logGet(44)) - raft.server.leaderelection.leader.step-down.wait-time = 10s (default)
2021-07-01 01:15:32,724 [pool-347-thread-1] INFO  server.RaftServerConfigKeys (ConfUtils.java:logGet(44)) - raft.server.sleep.deviation.threshold = 300ms (default)
2021-07-01 01:15:32,725 [pool-347-thread-1] INFO  server.RaftServerConfigKeys (ConfUtils.java:logGet(44)) - raft.server.log.appender.install.snapshot.enabled = false (custom)
2021-07-01 01:15:32,725 [pool-347-thread-1] INFO  server.RaftServer$Division (ServerState.java:<init>(105)) - 81b856d9-9a36-4380-a413-e28ef77684bb@group-64B1A5ED79F8: ConfigurationManager, init=-1: [81b856d9-9a36-4380-a413-e28ef77684bb|rpc:10.1.0.5:42305|priority:1], old=null, confs=<EMPTY_MAP>
2021-07-01 01:15:32,725 [pool-347-thread-1] INFO  server.RaftServerConfigKeys (ConfUtils.java:logGet(44)) - raft.server.storage.dir = [/home/runner/work/ozone/ozone/mnt/ozone/hadoop-ozone/integration-test/target/test-dir/MiniOzoneClusterImpl-603eb75f-c0c9-4b57-9906-10dc47a08d14/datanode-3/data/ratis] (custom)
2021-07-01 01:15:32,725 [pool-347-thread-1] INFO  server.RaftServerConfigKeys (ConfUtils.java:logGet(44)) - raft.server.log.corruption.policy = EXCEPTION (default)
2021-07-01 01:15:32,725 [pool-347-thread-1] INFO  storage.RaftStorageDirectory (RaftStorageDirectoryImpl.java:analyzeStorage(132)) - The storage directory /home/runner/work/ozone/ozone/mnt/ozone/hadoop-ozone/integration-test/target/test-dir/MiniOzoneClusterImpl-603eb75f-c0c9-4b57-9906-10dc47a08d14/datanode-3/data/ratis/08f3db3f-2d63-4874-b5c5-64b1a5ed79f8 does not exist. Creating ...
2021-07-01 01:15:32,726 [pool-347-thread-1] INFO  storage.RaftStorageDirectory (RaftStorageDirectoryImpl.java:tryLock(215)) - Lock on /home/runner/work/ozone/ozone/mnt/ozone/hadoop-ozone/integration-test/target/test-dir/MiniOzoneClusterImpl-603eb75f-c0c9-4b57-9906-10dc47a08d14/datanode-3/data/ratis/08f3db3f-2d63-4874-b5c5-64b1a5ed79f8/in_use.lock acquired by nodename 6261@fv-az195-275
2021-07-01 01:15:32,728 [pool-347-thread-1] INFO  storage.RaftStorage (RaftStorageImpl.java:format(87)) - Storage directory /home/runner/work/ozone/ozone/mnt/ozone/hadoop-ozone/integration-test/target/test-dir/MiniOzoneClusterImpl-603eb75f-c0c9-4b57-9906-10dc47a08d14/datanode-3/data/ratis/08f3db3f-2d63-4874-b5c5-64b1a5ed79f8 has been successfully formatted.
2021-07-01 01:15:32,729 [pool-347-thread-1] INFO  ratis.ContainerStateMachine (ContainerStateMachine.java:loadSnapshot(223)) - group-64B1A5ED79F8: The snapshot info is null. Setting the last applied indexto:(t:0, i:~)
2021-07-01 01:15:32,729 [pool-347-thread-1] INFO  server.RaftServerConfigKeys (ConfUtils.java:logGet(44)) - raft.server.notification.no-leader.timeout = 300000ms (custom)
2021-07-01 01:15:32,730 [pool-347-thread-1] INFO  server.RaftServerConfigKeys (ConfUtils.java:logGet(44)) - raft.server.log.use.memory = false (default)
2021-07-01 01:15:32,730 [EventQueue-PipelineReportForPipelineReportHandler] INFO  pipeline.PipelineManagerV2Impl (PipelineManagerV2Impl.java:openPipeline(270)) - Pipeline Pipeline[ Id: 08f3db3f-2d63-4874-b5c5-64b1a5ed79f8, Nodes: 81b856d9-9a36-4380-a413-e28ef77684bb{ip: 10.1.0.5, host: fv-az195-275.u3nnjwd0vyge1bu22idnsdeq2e.cx.internal.cloudapp.net, ports: [REPLICATION=44571, RATIS=42305, RATIS_ADMIN=42305, RATIS_SERVER=42305, STANDALONE=43213], networkLocation: /default-rack, certSerialId: null, persistedOpState: IN_SERVICE, persistedOpStateExpiryEpochSec: 0}, ReplicationConfig: RATIS/ONE, State:ALLOCATED, leaderId:81b856d9-9a36-4380-a413-e28ef77684bb, CreationTimestamp2021-07-01T01:15:29.723Z] moved to OPEN state
2021-07-01 01:15:32,730 [pool-347-thread-1] INFO  server.RaftServerConfigKeys (ConfUtils.java:logGet(44)) - raft.server.log.purge.gap = 1000000 (custom)
2021-07-01 01:15:32,730 [pool-347-thread-1] INFO  server.RaftServerConfigKeys (ConfUtils.java:logGet(44)) - raft.server.log.appender.buffer.byte-limit = 33554432 (custom)
2021-07-01 01:15:32,730 [pool-347-thread-1] INFO  metrics.RatisMetrics (RatisMetrics.java:lambda$create$0(36)) - Creating Metrics Registry : ratis.log_worker.81b856d9-9a36-4380-a413-e28ef77684bb@group-64B1A5ED79F8
2021-07-01 01:15:32,730 [EventQueue-OpenPipelineForHealthyPipelineSafeModeRule] INFO  safemode.SCMSafeModeManager (HealthyPipelineSafeModeRule.java:process(124)) - SCM in safe mode. Healthy pipelines reported count is 0, required healthy pipeline reported count is 1
2021-07-01 01:15:32,731 [pool-347-thread-1] INFO  server.RaftServerConfigKeys (ConfUtils.java:logGet(44)) - raft.server.log.segment.size.max = 1048576 (custom)
2021-07-01 01:15:32,731 [pool-347-thread-1] INFO  server.RaftServerConfigKeys (ConfUtils.java:logGet(44)) - raft.server.log.segment.cache.num.max = 2 (custom)
2021-07-01 01:15:32,732 [pool-347-thread-1] INFO  server.RaftServerConfigKeys (ConfUtils.java:logGet(44)) - raft.server.log.segment.cache.size.max = 200MB (=209715200) (default)
2021-07-01 01:15:32,732 [pool-347-thread-1] INFO  segmented.SegmentedRaftLogWorker (SegmentedRaftLogWorker.java:<init>(182)) - new 81b856d9-9a36-4380-a413-e28ef77684bb@group-64B1A5ED79F8-SegmentedRaftLogWorker for RaftStorageImpl:Storage Directory /home/runner/work/ozone/ozone/mnt/ozone/hadoop-ozone/integration-test/target/test-dir/MiniOzoneClusterImpl-603eb75f-c0c9-4b57-9906-10dc47a08d14/datanode-3/data/ratis/08f3db3f-2d63-4874-b5c5-64b1a5ed79f8
2021-07-01 01:15:32,732 [pool-347-thread-1] INFO  server.RaftServerConfigKeys (ConfUtils.java:logGet(44)) - raft.server.log.queue.byte-limit = 2147483647 (custom)
2021-07-01 01:15:32,732 [pool-347-thread-1] INFO  server.RaftServerConfigKeys (ConfUtils.java:logGet(44)) - raft.server.log.queue.element-limit = 1024 (custom)
2021-07-01 01:15:32,732 [pool-347-thread-1] INFO  server.RaftServerConfigKeys (ConfUtils.java:logGet(44)) - raft.server.log.segment.size.max = 1048576 (custom)
2021-07-01 01:15:32,732 [pool-347-thread-1] INFO  server.RaftServerConfigKeys (ConfUtils.java:logGet(44)) - raft.server.log.preallocated.size = 16384 (custom)
2021-07-01 01:15:32,732 [pool-347-thread-1] INFO  server.RaftServerConfigKeys (ConfUtils.java:logGet(44)) - raft.server.log.force.sync.num = 128 (default)
2021-07-01 01:15:32,732 [pool-347-thread-1] INFO  server.RaftServerConfigKeys (ConfUtils.java:logGet(44)) - raft.server.log.statemachine.data.sync = true (default)
2021-07-01 01:15:32,732 [pool-347-thread-1] INFO  server.RaftServerConfigKeys (ConfUtils.java:logGet(44)) - raft.server.log.statemachine.data.sync.timeout = 10s (default)
2021-07-01 01:15:32,732 [pool-347-thread-1] INFO  server.RaftServerConfigKeys (ConfUtils.java:logGet(44)) - raft.server.log.statemachine.data.sync.timeout.retry = -1 (default)
2021-07-01 01:15:32,733 [pool-347-thread-1] INFO  server.RaftServerConfigKeys (ConfUtils.java:logGet(44)) - raft.server.log.write.buffer.size = 1048576 (custom)
2021-07-01 01:15:32,734 [pool-347-thread-1] INFO  server.RaftServerConfigKeys (ConfUtils.java:logGet(44)) - raft.server.log.statemachine.data.caching.enabled = true (custom)
2021-07-01 01:15:32,734 [pool-347-thread-1] INFO  segmented.SegmentedRaftLogWorker (SegmentedRaftLogWorker.java:lambda$new$0(133)) - 81b856d9-9a36-4380-a413-e28ef77684bb@group-64B1A5ED79F8-SegmentedRaftLogWorker: flushIndex: setUnconditionally 0 -> -1
2021-07-01 01:15:32,734 [pool-347-thread-1] INFO  segmented.SegmentedRaftLogWorker (SegmentedRaftLogWorker.java:lambda$new$0(133)) - 81b856d9-9a36-4380-a413-e28ef77684bb@group-64B1A5ED79F8-SegmentedRaftLogWorker: safeCacheEvictIndex: setUnconditionally 0 -> -1
2021-07-01 01:15:32,734 [pool-347-thread-1] INFO  server.RaftServerConfigKeys (ConfUtils.java:logGet(44)) - raft.server.snapshot.auto.trigger.enabled = true (custom)
2021-07-01 01:15:32,734 [pool-347-thread-1] INFO  server.RaftServerConfigKeys (ConfUtils.java:logGet(44)) - raft.server.snapshot.auto.trigger.threshold = 10000 (custom)
2021-07-01 01:15:32,734 [pool-347-thread-1] INFO  server.RaftServerConfigKeys (ConfUtils.java:logGet(44)) - raft.server.snapshot.retention.file.num = 5 (custom)
2021-07-01 01:15:32,734 [pool-347-thread-1] INFO  server.RaftServerConfigKeys (ConfUtils.java:logGet(44)) - raft.server.log.purge.upto.snapshot.index = false (default)
2021-07-01 01:15:32,735 [pool-347-thread-1] INFO  server.RaftServerConfigKeys (ConfUtils.java:logGet(44)) - raft.server.retrycache.expirytime = 600000ms (custom)
2021-07-01 01:15:32,735 [pool-347-thread-1] INFO  server.RaftServerConfigKeys (ConfUtils.java:logGet(44)) - raft.server.retrycache.statistics.expirytime = 100μs (default)
2021-07-01 01:15:32,735 [pool-347-thread-1] INFO  metrics.RatisMetrics (RatisMetrics.java:lambda$create$0(36)) - Creating Metrics Registry : ratis.leader_election.81b856d9-9a36-4380-a413-e28ef77684bb@group-64B1A5ED79F8
2021-07-01 01:15:32,735 [pool-347-thread-1] INFO  metrics.RatisMetrics (RatisMetrics.java:lambda$create$0(36)) - Creating Metrics Registry : ratis.server.81b856d9-9a36-4380-a413-e28ef77684bb@group-64B1A5ED79F8
2021-07-01 01:15:32,737 [pool-347-thread-1] INFO  server.RaftServer$Division (RaftServerImpl.java:start(295)) - 81b856d9-9a36-4380-a413-e28ef77684bb@group-64B1A5ED79F8: start as a follower, conf=-1: [81b856d9-9a36-4380-a413-e28ef77684bb|rpc:10.1.0.5:42305|priority:1], old=null
2021-07-01 01:15:32,737 [pool-347-thread-1] INFO  server.RaftServer$Division (RaftServerImpl.java:setRole(284)) - 81b856d9-9a36-4380-a413-e28ef77684bb@group-64B1A5ED79F8: changes role from      null to FOLLOWER at term 0 for startAsFollower
2021-07-01 01:15:32,737 [pool-347-thread-1] INFO  impl.RoleInfo (RoleInfo.java:updateAndGet(130)) - 81b856d9-9a36-4380-a413-e28ef77684bb: start 81b856d9-9a36-4380-a413-e28ef77684bb@group-64B1A5ED79F8-FollowerState
2021-07-01 01:15:32,737 [pool-347-thread-1] INFO  util.JmxRegister (JmxRegister.java:tryRegister(44)) - Successfully registered JMX Bean with object name Ratis:service=RaftServer,group=group-64B1A5ED79F8,id=81b856d9-9a36-4380-a413-e28ef77684bb
2021-07-01 01:15:32,737 [pool-347-thread-1] INFO  metrics.RatisMetrics (RatisMetrics.java:lambda$create$0(36)) - Creating Metrics Registry : ratis.state_machine.81b856d9-9a36-4380-a413-e28ef77684bb@group-64B1A5ED79F8
2021-07-01 01:15:32,738 [Command processor thread] INFO  ratis.XceiverServerRatis (XceiverServerRatis.java:addGroup(759)) - Created group PipelineID=08f3db3f-2d63-4874-b5c5-64b1a5ed79f8
2021-07-01 01:15:32,738 [Command processor thread] INFO  commandhandler.CreatePipelineCommandHandler (CreatePipelineCommandHandler.java:handle(106)) - Created Pipeline RATIS ONE PipelineID=08f3db3f-2d63-4874-b5c5-64b1a5ed79f8.
2021-07-01 01:15:32,738 [Command processor thread] INFO  server.RaftServer (RaftServerProxy.java:addNew(95)) - 81b856d9-9a36-4380-a413-e28ef77684bb: addNew group-222541F4572F:[81b856d9-9a36-4380-a413-e28ef77684bb|rpc:10.1.0.5:42305|priority:0, afb2815f-4716-48e6-854f-3875e38e9fce|rpc:10.1.0.5:44723|priority:1, c748cb90-cadf-4a6f-b345-cd4c71c9d1a6|rpc:10.1.0.5:37099|priority:0] returns group-222541F4572F:java.util.concurrent.CompletableFuture@3303e1a0[Not completed]
2021-07-01 01:15:32,739 [pool-347-thread-1] INFO  server.RaftServer$Division (RaftServerImpl.java:<init>(180)) - 81b856d9-9a36-4380-a413-e28ef77684bb: new RaftServerImpl for group-222541F4572F:[81b856d9-9a36-4380-a413-e28ef77684bb|rpc:10.1.0.5:42305|priority:0, afb2815f-4716-48e6-854f-3875e38e9fce|rpc:10.1.0.5:44723|priority:1, c748cb90-cadf-4a6f-b345-cd4c71c9d1a6|rpc:10.1.0.5:37099|priority:0] with ContainerStateMachine:uninitialized
2021-07-01 01:15:32,739 [pool-347-thread-1] INFO  server.RaftServerConfigKeys (ConfUtils.java:logGet(44)) - raft.server.rpc.timeout.min = 5s (custom)
2021-07-01 01:15:32,740 [pool-347-thread-1] INFO  server.RaftServerConfigKeys (ConfUtils.java:logGet(44)) - raft.server.rpc.timeout.max = 5200ms (custom)
2021-07-01 01:15:32,740 [pool-347-thread-1] INFO  server.RaftServerConfigKeys (ConfUtils.java:logGet(44)) - raft.server.rpc.sleep.time = 25ms (default)
2021-07-01 01:15:32,740 [pool-347-thread-1] INFO  server.RaftServerConfigKeys (ConfUtils.java:logGet(44)) - raft.server.rpc.slowness.timeout = 300000ms (custom)
2021-07-01 01:15:32,740 [pool-347-thread-1] INFO  server.RaftServerConfigKeys (ConfUtils.java:logGet(44)) - raft.server.leaderelection.leader.step-down.wait-time = 10s (default)
2021-07-01 01:15:32,740 [pool-347-thread-1] INFO  server.RaftServerConfigKeys (ConfUtils.java:logGet(44)) - raft.server.sleep.deviation.threshold = 300ms (default)
2021-07-01 01:15:32,740 [pool-347-thread-1] INFO  server.RaftServerConfigKeys (ConfUtils.java:logGet(44)) - raft.server.log.appender.install.snapshot.enabled = false (custom)
2021-07-01 01:15:32,740 [pool-347-thread-1] INFO  server.RaftServer$Division (ServerState.java:<init>(105)) - 81b856d9-9a36-4380-a413-e28ef77684bb@group-222541F4572F: ConfigurationManager, init=-1: [81b856d9-9a36-4380-a413-e28ef77684bb|rpc:10.1.0.5:42305|priority:0, afb2815f-4716-48e6-854f-3875e38e9fce|rpc:10.1.0.5:44723|priority:1, c748cb90-cadf-4a6f-b345-cd4c71c9d1a6|rpc:10.1.0.5:37099|priority:0], old=null, confs=<EMPTY_MAP>
2021-07-01 01:15:32,740 [pool-347-thread-1] INFO  server.RaftServerConfigKeys (ConfUtils.java:logGet(44)) - raft.server.storage.dir = [/home/runner/work/ozone/ozone/mnt/ozone/hadoop-ozone/integration-test/target/test-dir/MiniOzoneClusterImpl-603eb75f-c0c9-4b57-9906-10dc47a08d14/datanode-3/data/ratis] (custom)
2021-07-01 01:15:32,740 [pool-347-thread-1] INFO  server.RaftServerConfigKeys (ConfUtils.java:logGet(44)) - raft.server.log.corruption.policy = EXCEPTION (default)
2021-07-01 01:15:32,740 [pool-347-thread-1] INFO  storage.RaftStorageDirectory (RaftStorageDirectoryImpl.java:analyzeStorage(132)) - The storage directory /home/runner/work/ozone/ozone/mnt/ozone/hadoop-ozone/integration-test/target/test-dir/MiniOzoneClusterImpl-603eb75f-c0c9-4b57-9906-10dc47a08d14/datanode-3/data/ratis/ac5b330d-a48d-4cf7-83ac-222541f4572f does not exist. Creating ...
2021-07-01 01:15:32,741 [pool-347-thread-1] INFO  storage.RaftStorageDirectory (RaftStorageDirectoryImpl.java:tryLock(215)) - Lock on /home/runner/work/ozone/ozone/mnt/ozone/hadoop-ozone/integration-test/target/test-dir/MiniOzoneClusterImpl-603eb75f-c0c9-4b57-9906-10dc47a08d14/datanode-3/data/ratis/ac5b330d-a48d-4cf7-83ac-222541f4572f/in_use.lock acquired by nodename 6261@fv-az195-275
2021-07-01 01:15:32,742 [pool-347-thread-1] INFO  storage.RaftStorage (RaftStorageImpl.java:format(87)) - Storage directory /home/runner/work/ozone/ozone/mnt/ozone/hadoop-ozone/integration-test/target/test-dir/MiniOzoneClusterImpl-603eb75f-c0c9-4b57-9906-10dc47a08d14/datanode-3/data/ratis/ac5b330d-a48d-4cf7-83ac-222541f4572f has been successfully formatted.
2021-07-01 01:15:32,743 [pool-347-thread-1] INFO  ratis.ContainerStateMachine (ContainerStateMachine.java:loadSnapshot(223)) - group-222541F4572F: The snapshot info is null. Setting the last applied indexto:(t:0, i:~)
2021-07-01 01:15:32,743 [pool-347-thread-1] INFO  server.RaftServerConfigKeys (ConfUtils.java:logGet(44)) - raft.server.notification.no-leader.timeout = 300000ms (custom)
2021-07-01 01:15:32,743 [pool-347-thread-1] INFO  server.RaftServerConfigKeys (ConfUtils.java:logGet(44)) - raft.server.log.use.memory = false (default)
2021-07-01 01:15:32,743 [pool-347-thread-1] INFO  server.RaftServerConfigKeys (ConfUtils.java:logGet(44)) - raft.server.log.purge.gap = 1000000 (custom)
2021-07-01 01:15:32,743 [pool-347-thread-1] INFO  server.RaftServerConfigKeys (ConfUtils.java:logGet(44)) - raft.server.log.appender.buffer.byte-limit = 33554432 (custom)
2021-07-01 01:15:32,743 [pool-347-thread-1] INFO  metrics.RatisMetrics (RatisMetrics.java:lambda$create$0(36)) - Creating Metrics Registry : ratis.log_worker.81b856d9-9a36-4380-a413-e28ef77684bb@group-222541F4572F
2021-07-01 01:15:32,743 [pool-347-thread-1] INFO  server.RaftServerConfigKeys (ConfUtils.java:logGet(44)) - raft.server.log.segment.size.max = 1048576 (custom)
2021-07-01 01:15:32,744 [EventQueue-OpenPipelineForHealthyPipelineSafeModeRule] INFO  safemode.SCMSafeModeManager (HealthyPipelineSafeModeRule.java:process(124)) - SCM in safe mode. Healthy pipelines reported count is 0, required healthy pipeline reported count is 1
2021-07-01 01:15:32,744 [pool-347-thread-1] INFO  server.RaftServerConfigKeys (ConfUtils.java:logGet(44)) - raft.server.log.segment.cache.num.max = 2 (custom)
2021-07-01 01:15:32,744 [pool-347-thread-1] INFO  server.RaftServerConfigKeys (ConfUtils.java:logGet(44)) - raft.server.log.segment.cache.size.max = 200MB (=209715200) (default)
2021-07-01 01:15:32,744 [pool-347-thread-1] INFO  segmented.SegmentedRaftLogWorker (SegmentedRaftLogWorker.java:<init>(182)) - new 81b856d9-9a36-4380-a413-e28ef77684bb@group-222541F4572F-SegmentedRaftLogWorker for RaftStorageImpl:Storage Directory /home/runner/work/ozone/ozone/mnt/ozone/hadoop-ozone/integration-test/target/test-dir/MiniOzoneClusterImpl-603eb75f-c0c9-4b57-9906-10dc47a08d14/datanode-3/data/ratis/ac5b330d-a48d-4cf7-83ac-222541f4572f
2021-07-01 01:15:32,744 [pool-347-thread-1] INFO  server.RaftServerConfigKeys (ConfUtils.java:logGet(44)) - raft.server.log.queue.byte-limit = 2147483647 (custom)
2021-07-01 01:15:32,744 [pool-347-thread-1] INFO  server.RaftServerConfigKeys (ConfUtils.java:logGet(44)) - raft.server.log.queue.element-limit = 1024 (custom)
2021-07-01 01:15:32,744 [pool-347-thread-1] INFO  server.RaftServerConfigKeys (ConfUtils.java:logGet(44)) - raft.server.log.segment.size.max = 1048576 (custom)
2021-07-01 01:15:32,744 [pool-347-thread-1] INFO  server.RaftServerConfigKeys (ConfUtils.java:logGet(44)) - raft.server.log.preallocated.size = 16384 (custom)
2021-07-01 01:15:32,744 [pool-347-thread-1] INFO  server.RaftServerConfigKeys (ConfUtils.java:logGet(44)) - raft.server.log.force.sync.num = 128 (default)
2021-07-01 01:15:32,744 [pool-347-thread-1] INFO  server.RaftServerConfigKeys (ConfUtils.java:logGet(44)) - raft.server.log.statemachine.data.sync = true (default)
2021-07-01 01:15:32,745 [pool-347-thread-1] INFO  server.RaftServerConfigKeys (ConfUtils.java:logGet(44)) - raft.server.log.statemachine.data.sync.timeout = 10s (default)
2021-07-01 01:15:32,745 [pool-347-thread-1] INFO  server.RaftServerConfigKeys (ConfUtils.java:logGet(44)) - raft.server.log.statemachine.data.sync.timeout.retry = -1 (default)
2021-07-01 01:15:32,746 [pool-347-thread-1] INFO  server.RaftServerConfigKeys (ConfUtils.java:logGet(44)) - raft.server.log.write.buffer.size = 1048576 (custom)
2021-07-01 01:15:32,747 [pool-347-thread-1] INFO  server.RaftServerConfigKeys (ConfUtils.java:logGet(44)) - raft.server.log.statemachine.data.caching.enabled = true (custom)
2021-07-01 01:15:32,747 [pool-347-thread-1] INFO  segmented.SegmentedRaftLogWorker (SegmentedRaftLogWorker.java:lambda$new$0(133)) - 81b856d9-9a36-4380-a413-e28ef77684bb@group-222541F4572F-SegmentedRaftLogWorker: flushIndex: setUnconditionally 0 -> -1
2021-07-01 01:15:32,747 [pool-347-thread-1] INFO  segmented.SegmentedRaftLogWorker (SegmentedRaftLogWorker.java:lambda$new$0(133)) - 81b856d9-9a36-4380-a413-e28ef77684bb@group-222541F4572F-SegmentedRaftLogWorker: safeCacheEvictIndex: setUnconditionally 0 -> -1
2021-07-01 01:15:32,751 [pool-347-thread-1] INFO  server.RaftServerConfigKeys (ConfUtils.java:logGet(44)) - raft.server.snapshot.auto.trigger.enabled = true (custom)
2021-07-01 01:15:32,751 [pool-347-thread-1] INFO  server.RaftServerConfigKeys (ConfUtils.java:logGet(44)) - raft.server.snapshot.auto.trigger.threshold = 10000 (custom)
2021-07-01 01:15:32,751 [pool-347-thread-1] INFO  server.RaftServerConfigKeys (ConfUtils.java:logGet(44)) - raft.server.snapshot.retention.file.num = 5 (custom)
2021-07-01 01:15:32,751 [pool-347-thread-1] INFO  server.RaftServerConfigKeys (ConfUtils.java:logGet(44)) - raft.server.log.purge.upto.snapshot.index = false (default)
2021-07-01 01:15:32,751 [pool-347-thread-1] INFO  server.RaftServerConfigKeys (ConfUtils.java:logGet(44)) - raft.server.retrycache.expirytime = 600000ms (custom)
2021-07-01 01:15:32,751 [pool-347-thread-1] INFO  server.RaftServerConfigKeys (ConfUtils.java:logGet(44)) - raft.server.retrycache.statistics.expirytime = 100μs (default)
2021-07-01 01:15:32,751 [pool-347-thread-1] INFO  metrics.RatisMetrics (RatisMetrics.java:lambda$create$0(36)) - Creating Metrics Registry : ratis.leader_election.81b856d9-9a36-4380-a413-e28ef77684bb@group-222541F4572F
2021-07-01 01:15:32,752 [pool-347-thread-1] INFO  metrics.RatisMetrics (RatisMetrics.java:lambda$create$0(36)) - Creating Metrics Registry : ratis.server.81b856d9-9a36-4380-a413-e28ef77684bb@group-222541F4572F
2021-07-01 01:15:32,753 [pool-347-thread-1] INFO  server.RaftServer$Division (RaftServerImpl.java:start(295)) - 81b856d9-9a36-4380-a413-e28ef77684bb@group-222541F4572F: start as a follower, conf=-1: [81b856d9-9a36-4380-a413-e28ef77684bb|rpc:10.1.0.5:42305|priority:0, afb2815f-4716-48e6-854f-3875e38e9fce|rpc:10.1.0.5:44723|priority:1, c748cb90-cadf-4a6f-b345-cd4c71c9d1a6|rpc:10.1.0.5:37099|priority:0], old=null
2021-07-01 01:15:32,753 [pool-347-thread-1] INFO  server.RaftServer$Division (RaftServerImpl.java:setRole(284)) - 81b856d9-9a36-4380-a413-e28ef77684bb@group-222541F4572F: changes role from      null to FOLLOWER at term 0 for startAsFollower
2021-07-01 01:15:32,753 [pool-347-thread-1] INFO  impl.RoleInfo (RoleInfo.java:updateAndGet(130)) - 81b856d9-9a36-4380-a413-e28ef77684bb: start 81b856d9-9a36-4380-a413-e28ef77684bb@group-222541F4572F-FollowerState
2021-07-01 01:15:32,753 [pool-347-thread-1] INFO  util.JmxRegister (JmxRegister.java:tryRegister(44)) - Successfully registered JMX Bean with object name Ratis:service=RaftServer,group=group-222541F4572F,id=81b856d9-9a36-4380-a413-e28ef77684bb
2021-07-01 01:15:32,754 [pool-347-thread-1] INFO  metrics.RatisMetrics (RatisMetrics.java:lambda$create$0(36)) - Creating Metrics Registry : ratis.state_machine.81b856d9-9a36-4380-a413-e28ef77684bb@group-222541F4572F
2021-07-01 01:15:32,754 [Command processor thread] INFO  ratis.XceiverServerRatis (XceiverServerRatis.java:addGroup(759)) - Created group PipelineID=ac5b330d-a48d-4cf7-83ac-222541f4572f
2021-07-01 01:15:32,755 [Command processor thread] INFO  metrics.RatisMetrics (RatisMetrics.java:lambda$create$0(36)) - Creating Metrics Registry : ratis.client_message_metrics.client-46D906E275D4->c748cb90-cadf-4a6f-b345-cd4c71c9d1a6
2021-07-01 01:15:32,762 [grpc-default-executor-0] INFO  metrics.RatisMetrics (RatisMetrics.java:lambda$create$0(36)) - Creating Metrics Registry : ratis.server_message_metrics.c748cb90-cadf-4a6f-b345-cd4c71c9d1a6
2021-07-01 01:15:32,766 [grpc-default-executor-0] INFO  server.RaftServer (RaftServerProxy.java:addNew(95)) - c748cb90-cadf-4a6f-b345-cd4c71c9d1a6: addNew group-222541F4572F:[81b856d9-9a36-4380-a413-e28ef77684bb|rpc:10.1.0.5:42305|dataStream:|priority:0, afb2815f-4716-48e6-854f-3875e38e9fce|rpc:10.1.0.5:44723|dataStream:|priority:1, c748cb90-cadf-4a6f-b345-cd4c71c9d1a6|rpc:10.1.0.5:37099|dataStream:|priority:0] returns group-222541F4572F:java.util.concurrent.CompletableFuture@6b9b2820[Not completed]
2021-07-01 01:15:32,767 [pool-383-thread-1] INFO  server.RaftServer$Division (RaftServerImpl.java:<init>(180)) - c748cb90-cadf-4a6f-b345-cd4c71c9d1a6: new RaftServerImpl for group-222541F4572F:[81b856d9-9a36-4380-a413-e28ef77684bb|rpc:10.1.0.5:42305|dataStream:|priority:0, afb2815f-4716-48e6-854f-3875e38e9fce|rpc:10.1.0.5:44723|dataStream:|priority:1, c748cb90-cadf-4a6f-b345-cd4c71c9d1a6|rpc:10.1.0.5:37099|dataStream:|priority:0] with ContainerStateMachine:uninitialized
2021-07-01 01:15:32,767 [pool-383-thread-1] INFO  server.RaftServerConfigKeys (ConfUtils.java:logGet(44)) - raft.server.rpc.timeout.min = 5s (custom)
2021-07-01 01:15:32,767 [pool-383-thread-1] INFO  server.RaftServerConfigKeys (ConfUtils.java:logGet(44)) - raft.server.rpc.timeout.max = 5200ms (custom)
2021-07-01 01:15:32,767 [pool-383-thread-1] INFO  server.RaftServerConfigKeys (ConfUtils.java:logGet(44)) - raft.server.rpc.sleep.time = 25ms (default)
2021-07-01 01:15:32,767 [pool-383-thread-1] INFO  server.RaftServerConfigKeys (ConfUtils.java:logGet(44)) - raft.server.rpc.slowness.timeout = 300000ms (custom)
2021-07-01 01:15:32,767 [pool-383-thread-1] INFO  server.RaftServerConfigKeys (ConfUtils.java:logGet(44)) - raft.server.leaderelection.leader.step-down.wait-time = 10s (default)
2021-07-01 01:15:32,767 [pool-383-thread-1] INFO  server.RaftServerConfigKeys (ConfUtils.java:logGet(44)) - raft.server.sleep.deviation.threshold = 300ms (default)
2021-07-01 01:15:32,767 [pool-383-thread-1] INFO  server.RaftServerConfigKeys (ConfUtils.java:logGet(44)) - raft.server.log.appender.install.snapshot.enabled = false (custom)
2021-07-01 01:15:32,767 [pool-383-thread-1] INFO  server.RaftServer$Division (ServerState.java:<init>(105)) - c748cb90-cadf-4a6f-b345-cd4c71c9d1a6@group-222541F4572F: ConfigurationManager, init=-1: [81b856d9-9a36-4380-a413-e28ef77684bb|rpc:10.1.0.5:42305|dataStream:|priority:0, afb2815f-4716-48e6-854f-3875e38e9fce|rpc:10.1.0.5:44723|dataStream:|priority:1, c748cb90-cadf-4a6f-b345-cd4c71c9d1a6|rpc:10.1.0.5:37099|dataStream:|priority:0], old=null, confs=<EMPTY_MAP>
2021-07-01 01:15:32,767 [pool-383-thread-1] INFO  server.RaftServerConfigKeys (ConfUtils.java:logGet(44)) - raft.server.storage.dir = [/home/runner/work/ozone/ozone/mnt/ozone/hadoop-ozone/integration-test/target/test-dir/MiniOzoneClusterImpl-603eb75f-c0c9-4b57-9906-10dc47a08d14/datanode-5/data/ratis] (custom)
2021-07-01 01:15:32,768 [pool-383-thread-1] INFO  server.RaftServerConfigKeys (ConfUtils.java:logGet(44)) - raft.server.log.corruption.policy = EXCEPTION (default)
2021-07-01 01:15:32,768 [pool-383-thread-1] INFO  storage.RaftStorageDirectory (RaftStorageDirectoryImpl.java:analyzeStorage(132)) - The storage directory /home/runner/work/ozone/ozone/mnt/ozone/hadoop-ozone/integration-test/target/test-dir/MiniOzoneClusterImpl-603eb75f-c0c9-4b57-9906-10dc47a08d14/datanode-5/data/ratis/ac5b330d-a48d-4cf7-83ac-222541f4572f does not exist. Creating ...
2021-07-01 01:15:32,769 [pool-383-thread-1] INFO  storage.RaftStorageDirectory (RaftStorageDirectoryImpl.java:tryLock(215)) - Lock on /home/runner/work/ozone/ozone/mnt/ozone/hadoop-ozone/integration-test/target/test-dir/MiniOzoneClusterImpl-603eb75f-c0c9-4b57-9906-10dc47a08d14/datanode-5/data/ratis/ac5b330d-a48d-4cf7-83ac-222541f4572f/in_use.lock acquired by nodename 6261@fv-az195-275
2021-07-01 01:15:32,770 [pool-383-thread-1] INFO  storage.RaftStorage (RaftStorageImpl.java:format(87)) - Storage directory /home/runner/work/ozone/ozone/mnt/ozone/hadoop-ozone/integration-test/target/test-dir/MiniOzoneClusterImpl-603eb75f-c0c9-4b57-9906-10dc47a08d14/datanode-5/data/ratis/ac5b330d-a48d-4cf7-83ac-222541f4572f has been successfully formatted.
2021-07-01 01:15:32,771 [pool-383-thread-1] INFO  ratis.ContainerStateMachine (ContainerStateMachine.java:loadSnapshot(223)) - group-222541F4572F: The snapshot info is null. Setting the last applied indexto:(t:0, i:~)
2021-07-01 01:15:32,771 [pool-383-thread-1] INFO  server.RaftServerConfigKeys (ConfUtils.java:logGet(44)) - raft.server.notification.no-leader.timeout = 300000ms (custom)
2021-07-01 01:15:32,771 [pool-383-thread-1] INFO  server.RaftServerConfigKeys (ConfUtils.java:logGet(44)) - raft.server.log.use.memory = false (default)
2021-07-01 01:15:32,771 [pool-383-thread-1] INFO  server.RaftServerConfigKeys (ConfUtils.java:logGet(44)) - raft.server.log.purge.gap = 1000000 (custom)
2021-07-01 01:15:32,772 [pool-383-thread-1] INFO  server.RaftServerConfigKeys (ConfUtils.java:logGet(44)) - raft.server.log.appender.buffer.byte-limit = 33554432 (custom)
2021-07-01 01:15:32,772 [pool-383-thread-1] INFO  metrics.RatisMetrics (RatisMetrics.java:lambda$create$0(36)) - Creating Metrics Registry : ratis.log_worker.c748cb90-cadf-4a6f-b345-cd4c71c9d1a6@group-222541F4572F
2021-07-01 01:15:32,773 [pool-383-thread-1] INFO  server.RaftServerConfigKeys (ConfUtils.java:logGet(44)) - raft.server.log.segment.size.max = 1048576 (custom)
2021-07-01 01:15:32,773 [pool-383-thread-1] INFO  server.RaftServerConfigKeys (ConfUtils.java:logGet(44)) - raft.server.log.segment.cache.num.max = 2 (custom)
2021-07-01 01:15:32,773 [pool-383-thread-1] INFO  server.RaftServerConfigKeys (ConfUtils.java:logGet(44)) - raft.server.log.segment.cache.size.max = 200MB (=209715200) (default)
2021-07-01 01:15:32,773 [pool-383-thread-1] INFO  segmented.SegmentedRaftLogWorker (SegmentedRaftLogWorker.java:<init>(182)) - new c748cb90-cadf-4a6f-b345-cd4c71c9d1a6@group-222541F4572F-SegmentedRaftLogWorker for RaftStorageImpl:Storage Directory /home/runner/work/ozone/ozone/mnt/ozone/hadoop-ozone/integration-test/target/test-dir/MiniOzoneClusterImpl-603eb75f-c0c9-4b57-9906-10dc47a08d14/datanode-5/data/ratis/ac5b330d-a48d-4cf7-83ac-222541f4572f
2021-07-01 01:15:32,773 [pool-383-thread-1] INFO  server.RaftServerConfigKeys (ConfUtils.java:logGet(44)) - raft.server.log.queue.byte-limit = 2147483647 (custom)
2021-07-01 01:15:32,773 [pool-383-thread-1] INFO  server.RaftServerConfigKeys (ConfUtils.java:logGet(44)) - raft.server.log.queue.element-limit = 1024 (custom)
2021-07-01 01:15:32,773 [pool-383-thread-1] INFO  server.RaftServerConfigKeys (ConfUtils.java:logGet(44)) - raft.server.log.segment.size.max = 1048576 (custom)
2021-07-01 01:15:32,773 [pool-383-thread-1] INFO  server.RaftServerConfigKeys (ConfUtils.java:logGet(44)) - raft.server.log.preallocated.size = 16384 (custom)
2021-07-01 01:15:32,773 [pool-383-thread-1] INFO  server.RaftServerConfigKeys (ConfUtils.java:logGet(44)) - raft.server.log.force.sync.num = 128 (default)
2021-07-01 01:15:32,774 [pool-383-thread-1] INFO  server.RaftServerConfigKeys (ConfUtils.java:logGet(44)) - raft.server.log.statemachine.data.sync = true (default)
2021-07-01 01:15:32,775 [pool-383-thread-1] INFO  server.RaftServerConfigKeys (ConfUtils.java:logGet(44)) - raft.server.log.statemachine.data.sync.timeout = 10s (default)
2021-07-01 01:15:32,775 [pool-383-thread-1] INFO  server.RaftServerConfigKeys (ConfUtils.java:logGet(44)) - raft.server.log.statemachine.data.sync.timeout.retry = -1 (default)
2021-07-01 01:15:32,777 [pool-383-thread-1] INFO  server.RaftServerConfigKeys (ConfUtils.java:logGet(44)) - raft.server.log.write.buffer.size = 1048576 (custom)
2021-07-01 01:15:32,777 [pool-383-thread-1] INFO  server.RaftServerConfigKeys (ConfUtils.java:logGet(44)) - raft.server.log.statemachine.data.caching.enabled = true (custom)
2021-07-01 01:15:32,777 [pool-383-thread-1] INFO  segmented.SegmentedRaftLogWorker (SegmentedRaftLogWorker.java:lambda$new$0(133)) - c748cb90-cadf-4a6f-b345-cd4c71c9d1a6@group-222541F4572F-SegmentedRaftLogWorker: flushIndex: setUnconditionally 0 -> -1
2021-07-01 01:15:32,777 [pool-383-thread-1] INFO  segmented.SegmentedRaftLogWorker (SegmentedRaftLogWorker.java:lambda$new$0(133)) - c748cb90-cadf-4a6f-b345-cd4c71c9d1a6@group-222541F4572F-SegmentedRaftLogWorker: safeCacheEvictIndex: setUnconditionally 0 -> -1
2021-07-01 01:15:32,778 [pool-383-thread-1] INFO  server.RaftServerConfigKeys (ConfUtils.java:logGet(44)) - raft.server.snapshot.auto.trigger.enabled = true (custom)
2021-07-01 01:15:32,778 [pool-383-thread-1] INFO  server.RaftServerConfigKeys (ConfUtils.java:logGet(44)) - raft.server.snapshot.auto.trigger.threshold = 10000 (custom)
2021-07-01 01:15:32,778 [pool-383-thread-1] INFO  server.RaftServerConfigKeys (ConfUtils.java:logGet(44)) - raft.server.snapshot.retention.file.num = 5 (custom)
2021-07-01 01:15:32,778 [pool-383-thread-1] INFO  server.RaftServerConfigKeys (ConfUtils.java:logGet(44)) - raft.server.log.purge.upto.snapshot.index = false (default)
2021-07-01 01:15:32,778 [pool-383-thread-1] INFO  server.RaftServerConfigKeys (ConfUtils.java:logGet(44)) - raft.server.retrycache.expirytime = 600000ms (custom)
2021-07-01 01:15:32,778 [pool-383-thread-1] INFO  server.RaftServerConfigKeys (ConfUtils.java:logGet(44)) - raft.server.retrycache.statistics.expirytime = 100μs (default)
2021-07-01 01:15:32,778 [pool-383-thread-1] INFO  metrics.RatisMetrics (RatisMetrics.java:lambda$create$0(36)) - Creating Metrics Registry : ratis.leader_election.c748cb90-cadf-4a6f-b345-cd4c71c9d1a6@group-222541F4572F
2021-07-01 01:15:32,778 [pool-383-thread-1] INFO  metrics.RatisMetrics (RatisMetrics.java:lambda$create$0(36)) - Creating Metrics Registry : ratis.server.c748cb90-cadf-4a6f-b345-cd4c71c9d1a6@group-222541F4572F
2021-07-01 01:15:32,779 [pool-383-thread-1] INFO  server.RaftServer$Division (RaftServerImpl.java:start(295)) - c748cb90-cadf-4a6f-b345-cd4c71c9d1a6@group-222541F4572F: start as a follower, conf=-1: [81b856d9-9a36-4380-a413-e28ef77684bb|rpc:10.1.0.5:42305|dataStream:|priority:0, afb2815f-4716-48e6-854f-3875e38e9fce|rpc:10.1.0.5:44723|dataStream:|priority:1, c748cb90-cadf-4a6f-b345-cd4c71c9d1a6|rpc:10.1.0.5:37099|dataStream:|priority:0], old=null
2021-07-01 01:15:32,779 [pool-383-thread-1] INFO  server.RaftServer$Division (RaftServerImpl.java:setRole(284)) - c748cb90-cadf-4a6f-b345-cd4c71c9d1a6@group-222541F4572F: changes role from      null to FOLLOWER at term 0 for startAsFollower
2021-07-01 01:15:32,779 [pool-383-thread-1] INFO  impl.RoleInfo (RoleInfo.java:updateAndGet(130)) - c748cb90-cadf-4a6f-b345-cd4c71c9d1a6: start c748cb90-cadf-4a6f-b345-cd4c71c9d1a6@group-222541F4572F-FollowerState
2021-07-01 01:15:32,780 [pool-383-thread-1] INFO  util.JmxRegister (JmxRegister.java:tryRegister(44)) - Successfully registered JMX Bean with object name Ratis:service=RaftServer,group=group-222541F4572F,id=c748cb90-cadf-4a6f-b345-cd4c71c9d1a6
2021-07-01 01:15:32,780 [pool-383-thread-1] INFO  metrics.RatisMetrics (RatisMetrics.java:lambda$create$0(36)) - Creating Metrics Registry : ratis.state_machine.c748cb90-cadf-4a6f-b345-cd4c71c9d1a6@group-222541F4572F
2021-07-01 01:15:32,789 [Command processor thread] INFO  metrics.RatisMetrics (RatisMetrics.java:lambda$create$0(36)) - Creating Metrics Registry : ratis.client_message_metrics.client-D3FB3C1630F0->afb2815f-4716-48e6-854f-3875e38e9fce
2021-07-01 01:15:32,794 [grpc-default-executor-0] INFO  metrics.RatisMetrics (RatisMetrics.java:lambda$create$0(36)) - Creating Metrics Registry : ratis.server_message_metrics.afb2815f-4716-48e6-854f-3875e38e9fce
2021-07-01 01:15:32,796 [grpc-default-executor-0] INFO  server.RaftServer (RaftServerProxy.java:addNew(95)) - afb2815f-4716-48e6-854f-3875e38e9fce: addNew group-222541F4572F:[81b856d9-9a36-4380-a413-e28ef77684bb|rpc:10.1.0.5:42305|dataStream:|priority:0, afb2815f-4716-48e6-854f-3875e38e9fce|rpc:10.1.0.5:44723|dataStream:|priority:1, c748cb90-cadf-4a6f-b345-cd4c71c9d1a6|rpc:10.1.0.5:37099|dataStream:|priority:0] returns group-222541F4572F:java.util.concurrent.CompletableFuture@332d6f91[Not completed]
2021-07-01 01:15:32,797 [pool-365-thread-1] INFO  server.RaftServer$Division (RaftServerImpl.java:<init>(180)) - afb2815f-4716-48e6-854f-3875e38e9fce: new RaftServerImpl for group-222541F4572F:[81b856d9-9a36-4380-a413-e28ef77684bb|rpc:10.1.0.5:42305|dataStream:|priority:0, afb2815f-4716-48e6-854f-3875e38e9fce|rpc:10.1.0.5:44723|dataStream:|priority:1, c748cb90-cadf-4a6f-b345-cd4c71c9d1a6|rpc:10.1.0.5:37099|dataStream:|priority:0] with ContainerStateMachine:uninitialized
2021-07-01 01:15:32,797 [pool-365-thread-1] INFO  server.RaftServerConfigKeys (ConfUtils.java:logGet(44)) - raft.server.rpc.timeout.min = 5s (custom)
2021-07-01 01:15:32,797 [pool-365-thread-1] INFO  server.RaftServerConfigKeys (ConfUtils.java:logGet(44)) - raft.server.rpc.timeout.max = 5200ms (custom)
2021-07-01 01:15:32,797 [pool-365-thread-1] INFO  server.RaftServerConfigKeys (ConfUtils.java:logGet(44)) - raft.server.rpc.sleep.time = 25ms (default)
2021-07-01 01:15:32,797 [pool-365-thread-1] INFO  server.RaftServerConfigKeys (ConfUtils.java:logGet(44)) - raft.server.rpc.slowness.timeout = 300000ms (custom)
2021-07-01 01:15:32,797 [pool-365-thread-1] INFO  server.RaftServerConfigKeys (ConfUtils.java:logGet(44)) - raft.server.leaderelection.leader.step-down.wait-time = 10s (default)
2021-07-01 01:15:32,797 [pool-365-thread-1] INFO  server.RaftServerConfigKeys (ConfUtils.java:logGet(44)) - raft.server.sleep.deviation.threshold = 300ms (default)
2021-07-01 01:15:32,797 [pool-365-thread-1] INFO  server.RaftServerConfigKeys (ConfUtils.java:logGet(44)) - raft.server.log.appender.install.snapshot.enabled = false (custom)
2021-07-01 01:15:32,797 [pool-365-thread-1] INFO  server.RaftServer$Division (ServerState.java:<init>(105)) - afb2815f-4716-48e6-854f-3875e38e9fce@group-222541F4572F: ConfigurationManager, init=-1: [81b856d9-9a36-4380-a413-e28ef77684bb|rpc:10.1.0.5:42305|dataStream:|priority:0, afb2815f-4716-48e6-854f-3875e38e9fce|rpc:10.1.0.5:44723|dataStream:|priority:1, c748cb90-cadf-4a6f-b345-cd4c71c9d1a6|rpc:10.1.0.5:37099|dataStream:|priority:0], old=null, confs=<EMPTY_MAP>
2021-07-01 01:15:32,797 [pool-365-thread-1] INFO  server.RaftServerConfigKeys (ConfUtils.java:logGet(44)) - raft.server.storage.dir = [/home/runner/work/ozone/ozone/mnt/ozone/hadoop-ozone/integration-test/target/test-dir/MiniOzoneClusterImpl-603eb75f-c0c9-4b57-9906-10dc47a08d14/datanode-4/data/ratis] (custom)
2021-07-01 01:15:32,797 [pool-365-thread-1] INFO  server.RaftServerConfigKeys (ConfUtils.java:logGet(44)) - raft.server.log.corruption.policy = EXCEPTION (default)
2021-07-01 01:15:32,797 [pool-365-thread-1] INFO  storage.RaftStorageDirectory (RaftStorageDirectoryImpl.java:analyzeStorage(132)) - The storage directory /home/runner/work/ozone/ozone/mnt/ozone/hadoop-ozone/integration-test/target/test-dir/MiniOzoneClusterImpl-603eb75f-c0c9-4b57-9906-10dc47a08d14/datanode-4/data/ratis/ac5b330d-a48d-4cf7-83ac-222541f4572f does not exist. Creating ...
2021-07-01 01:15:32,799 [pool-365-thread-1] INFO  storage.RaftStorageDirectory (RaftStorageDirectoryImpl.java:tryLock(215)) - Lock on /home/runner/work/ozone/ozone/mnt/ozone/hadoop-ozone/integration-test/target/test-dir/MiniOzoneClusterImpl-603eb75f-c0c9-4b57-9906-10dc47a08d14/datanode-4/data/ratis/ac5b330d-a48d-4cf7-83ac-222541f4572f/in_use.lock acquired by nodename 6261@fv-az195-275
2021-07-01 01:15:32,800 [pool-365-thread-1] INFO  storage.RaftStorage (RaftStorageImpl.java:format(87)) - Storage directory /home/runner/work/ozone/ozone/mnt/ozone/hadoop-ozone/integration-test/target/test-dir/MiniOzoneClusterImpl-603eb75f-c0c9-4b57-9906-10dc47a08d14/datanode-4/data/ratis/ac5b330d-a48d-4cf7-83ac-222541f4572f has been successfully formatted.
2021-07-01 01:15:32,801 [pool-365-thread-1] INFO  ratis.ContainerStateMachine (ContainerStateMachine.java:loadSnapshot(223)) - group-222541F4572F: The snapshot info is null. Setting the last applied indexto:(t:0, i:~)
2021-07-01 01:15:32,801 [pool-365-thread-1] INFO  server.RaftServerConfigKeys (ConfUtils.java:logGet(44)) - raft.server.notification.no-leader.timeout = 300000ms (custom)
2021-07-01 01:15:32,801 [pool-365-thread-1] INFO  server.RaftServerConfigKeys (ConfUtils.java:logGet(44)) - raft.server.log.use.memory = false (default)
2021-07-01 01:15:32,801 [pool-365-thread-1] INFO  server.RaftServerConfigKeys (ConfUtils.java:logGet(44)) - raft.server.log.purge.gap = 1000000 (custom)
2021-07-01 01:15:32,801 [pool-365-thread-1] INFO  server.RaftServerConfigKeys (ConfUtils.java:logGet(44)) - raft.server.log.appender.buffer.byte-limit = 33554432 (custom)
2021-07-01 01:15:32,801 [pool-365-thread-1] INFO  metrics.RatisMetrics (RatisMetrics.java:lambda$create$0(36)) - Creating Metrics Registry : ratis.log_worker.afb2815f-4716-48e6-854f-3875e38e9fce@group-222541F4572F
2021-07-01 01:15:32,802 [pool-365-thread-1] INFO  server.RaftServerConfigKeys (ConfUtils.java:logGet(44)) - raft.server.log.segment.size.max = 1048576 (custom)
2021-07-01 01:15:32,802 [pool-365-thread-1] INFO  server.RaftServerConfigKeys (ConfUtils.java:logGet(44)) - raft.server.log.segment.cache.num.max = 2 (custom)
2021-07-01 01:15:32,802 [pool-365-thread-1] INFO  server.RaftServerConfigKeys (ConfUtils.java:logGet(44)) - raft.server.log.segment.cache.size.max = 200MB (=209715200) (default)
2021-07-01 01:15:32,802 [pool-365-thread-1] INFO  segmented.SegmentedRaftLogWorker (SegmentedRaftLogWorker.java:<init>(182)) - new afb2815f-4716-48e6-854f-3875e38e9fce@group-222541F4572F-SegmentedRaftLogWorker for RaftStorageImpl:Storage Directory /home/runner/work/ozone/ozone/mnt/ozone/hadoop-ozone/integration-test/target/test-dir/MiniOzoneClusterImpl-603eb75f-c0c9-4b57-9906-10dc47a08d14/datanode-4/data/ratis/ac5b330d-a48d-4cf7-83ac-222541f4572f
2021-07-01 01:15:32,802 [pool-365-thread-1] INFO  server.RaftServerConfigKeys (ConfUtils.java:logGet(44)) - raft.server.log.queue.byte-limit = 2147483647 (custom)
2021-07-01 01:15:32,802 [pool-365-thread-1] INFO  server.RaftServerConfigKeys (ConfUtils.java:logGet(44)) - raft.server.log.queue.element-limit = 1024 (custom)
2021-07-01 01:15:32,802 [pool-365-thread-1] INFO  server.RaftServerConfigKeys (ConfUtils.java:logGet(44)) - raft.server.log.segment.size.max = 1048576 (custom)
2021-07-01 01:15:32,802 [pool-365-thread-1] INFO  server.RaftServerConfigKeys (ConfUtils.java:logGet(44)) - raft.server.log.preallocated.size = 16384 (custom)
2021-07-01 01:15:32,803 [pool-365-thread-1] INFO  server.RaftServerConfigKeys (ConfUtils.java:logGet(44)) - raft.server.log.force.sync.num = 128 (default)
2021-07-01 01:15:32,803 [pool-365-thread-1] INFO  server.RaftServerConfigKeys (ConfUtils.java:logGet(44)) - raft.server.log.statemachine.data.sync = true (default)
2021-07-01 01:15:32,803 [pool-365-thread-1] INFO  server.RaftServerConfigKeys (ConfUtils.java:logGet(44)) - raft.server.log.statemachine.data.sync.timeout = 10s (default)
2021-07-01 01:15:32,803 [pool-365-thread-1] INFO  server.RaftServerConfigKeys (ConfUtils.java:logGet(44)) - raft.server.log.statemachine.data.sync.timeout.retry = -1 (default)
2021-07-01 01:15:32,804 [pool-365-thread-1] INFO  server.RaftServerConfigKeys (ConfUtils.java:logGet(44)) - raft.server.log.write.buffer.size = 1048576 (custom)
2021-07-01 01:15:32,804 [pool-365-thread-1] INFO  server.RaftServerConfigKeys (ConfUtils.java:logGet(44)) - raft.server.log.statemachine.data.caching.enabled = true (custom)
2021-07-01 01:15:32,805 [pool-365-thread-1] INFO  segmented.SegmentedRaftLogWorker (SegmentedRaftLogWorker.java:lambda$new$0(133)) - afb2815f-4716-48e6-854f-3875e38e9fce@group-222541F4572F-SegmentedRaftLogWorker: flushIndex: setUnconditionally 0 -> -1
2021-07-01 01:15:32,805 [pool-365-thread-1] INFO  segmented.SegmentedRaftLogWorker (SegmentedRaftLogWorker.java:lambda$new$0(133)) - afb2815f-4716-48e6-854f-3875e38e9fce@group-222541F4572F-SegmentedRaftLogWorker: safeCacheEvictIndex: setUnconditionally 0 -> -1
2021-07-01 01:15:32,806 [pool-365-thread-1] INFO  server.RaftServerConfigKeys (ConfUtils.java:logGet(44)) - raft.server.snapshot.auto.trigger.enabled = true (custom)
2021-07-01 01:15:32,806 [pool-365-thread-1] INFO  server.RaftServerConfigKeys (ConfUtils.java:logGet(44)) - raft.server.snapshot.auto.trigger.threshold = 10000 (custom)
2021-07-01 01:15:32,806 [pool-365-thread-1] INFO  server.RaftServerConfigKeys (ConfUtils.java:logGet(44)) - raft.server.snapshot.retention.file.num = 5 (custom)
2021-07-01 01:15:32,806 [pool-365-thread-1] INFO  server.RaftServerConfigKeys (ConfUtils.java:logGet(44)) - raft.server.log.purge.upto.snapshot.index = false (default)
2021-07-01 01:15:32,806 [pool-365-thread-1] INFO  server.RaftServerConfigKeys (ConfUtils.java:logGet(44)) - raft.server.retrycache.expirytime = 600000ms (custom)
2021-07-01 01:15:32,806 [pool-365-thread-1] INFO  server.RaftServerConfigKeys (ConfUtils.java:logGet(44)) - raft.server.retrycache.statistics.expirytime = 100μs (default)
2021-07-01 01:15:32,806 [pool-365-thread-1] INFO  metrics.RatisMetrics (RatisMetrics.java:lambda$create$0(36)) - Creating Metrics Registry : ratis.leader_election.afb2815f-4716-48e6-854f-3875e38e9fce@group-222541F4572F
2021-07-01 01:15:32,807 [pool-365-thread-1] INFO  metrics.RatisMetrics (RatisMetrics.java:lambda$create$0(36)) - Creating Metrics Registry : ratis.server.afb2815f-4716-48e6-854f-3875e38e9fce@group-222541F4572F
2021-07-01 01:15:32,808 [pool-365-thread-1] INFO  server.RaftServer$Division (RaftServerImpl.java:start(295)) - afb2815f-4716-48e6-854f-3875e38e9fce@group-222541F4572F: start as a follower, conf=-1: [81b856d9-9a36-4380-a413-e28ef77684bb|rpc:10.1.0.5:42305|dataStream:|priority:0, afb2815f-4716-48e6-854f-3875e38e9fce|rpc:10.1.0.5:44723|dataStream:|priority:1, c748cb90-cadf-4a6f-b345-cd4c71c9d1a6|rpc:10.1.0.5:37099|dataStream:|priority:0], old=null
2021-07-01 01:15:32,808 [pool-365-thread-1] INFO  server.RaftServer$Division (RaftServerImpl.java:setRole(284)) - afb2815f-4716-48e6-854f-3875e38e9fce@group-222541F4572F: changes role from      null to FOLLOWER at term 0 for startAsFollower
2021-07-01 01:15:32,808 [pool-365-thread-1] INFO  impl.RoleInfo (RoleInfo.java:updateAndGet(130)) - afb2815f-4716-48e6-854f-3875e38e9fce: start afb2815f-4716-48e6-854f-3875e38e9fce@group-222541F4572F-FollowerState
2021-07-01 01:15:32,808 [pool-365-thread-1] INFO  util.JmxRegister (JmxRegister.java:tryRegister(44)) - Successfully registered JMX Bean with object name Ratis:service=RaftServer,group=group-222541F4572F,id=afb2815f-4716-48e6-854f-3875e38e9fce
2021-07-01 01:15:32,808 [pool-365-thread-1] INFO  metrics.RatisMetrics (RatisMetrics.java:lambda$create$0(36)) - Creating Metrics Registry : ratis.state_machine.afb2815f-4716-48e6-854f-3875e38e9fce@group-222541F4572F
2021-07-01 01:15:32,813 [Command processor thread] INFO  commandhandler.CreatePipelineCommandHandler (CreatePipelineCommandHandler.java:handle(106)) - Created Pipeline RATIS THREE PipelineID=ac5b330d-a48d-4cf7-83ac-222541f4572f.
2021-07-01 01:15:32,845 [Command processor thread] INFO  server.RaftServer (RaftServerProxy.java:addNew(95)) - afb2815f-4716-48e6-854f-3875e38e9fce: addNew group-9EC062E85DC4:[afb2815f-4716-48e6-854f-3875e38e9fce|rpc:10.1.0.5:44723|priority:1] returns group-9EC062E85DC4:java.util.concurrent.CompletableFuture@39ccbc38[Not completed]
2021-07-01 01:15:32,846 [pool-365-thread-1] INFO  server.RaftServer$Division (RaftServerImpl.java:<init>(180)) - afb2815f-4716-48e6-854f-3875e38e9fce: new RaftServerImpl for group-9EC062E85DC4:[afb2815f-4716-48e6-854f-3875e38e9fce|rpc:10.1.0.5:44723|priority:1] with ContainerStateMachine:uninitialized
2021-07-01 01:15:32,846 [pool-365-thread-1] INFO  server.RaftServerConfigKeys (ConfUtils.java:logGet(44)) - raft.server.rpc.timeout.min = 5s (custom)
2021-07-01 01:15:32,846 [pool-365-thread-1] INFO  server.RaftServerConfigKeys (ConfUtils.java:logGet(44)) - raft.server.rpc.timeout.max = 5200ms (custom)
2021-07-01 01:15:32,846 [pool-365-thread-1] INFO  server.RaftServerConfigKeys (ConfUtils.java:logGet(44)) - raft.server.rpc.sleep.time = 25ms (default)
2021-07-01 01:15:32,846 [pool-365-thread-1] INFO  server.RaftServerConfigKeys (ConfUtils.java:logGet(44)) - raft.server.rpc.slowness.timeout = 300000ms (custom)
2021-07-01 01:15:32,846 [pool-365-thread-1] INFO  server.RaftServerConfigKeys (ConfUtils.java:logGet(44)) - raft.server.leaderelection.leader.step-down.wait-time = 10s (default)
2021-07-01 01:15:32,846 [pool-365-thread-1] INFO  server.RaftServerConfigKeys (ConfUtils.java:logGet(44)) - raft.server.sleep.deviation.threshold = 300ms (default)
2021-07-01 01:15:32,847 [pool-365-thread-1] INFO  server.RaftServerConfigKeys (ConfUtils.java:logGet(44)) - raft.server.log.appender.install.snapshot.enabled = false (custom)
2021-07-01 01:15:32,847 [pool-365-thread-1] INFO  server.RaftServer$Division (ServerState.java:<init>(105)) - afb2815f-4716-48e6-854f-3875e38e9fce@group-9EC062E85DC4: ConfigurationManager, init=-1: [afb2815f-4716-48e6-854f-3875e38e9fce|rpc:10.1.0.5:44723|priority:1], old=null, confs=<EMPTY_MAP>
2021-07-01 01:15:32,847 [pool-365-thread-1] INFO  server.RaftServerConfigKeys (ConfUtils.java:logGet(44)) - raft.server.storage.dir = [/home/runner/work/ozone/ozone/mnt/ozone/hadoop-ozone/integration-test/target/test-dir/MiniOzoneClusterImpl-603eb75f-c0c9-4b57-9906-10dc47a08d14/datanode-4/data/ratis] (custom)
2021-07-01 01:15:32,847 [pool-365-thread-1] INFO  server.RaftServerConfigKeys (ConfUtils.java:logGet(44)) - raft.server.log.corruption.policy = EXCEPTION (default)
2021-07-01 01:15:32,847 [pool-365-thread-1] INFO  storage.RaftStorageDirectory (RaftStorageDirectoryImpl.java:analyzeStorage(132)) - The storage directory /home/runner/work/ozone/ozone/mnt/ozone/hadoop-ozone/integration-test/target/test-dir/MiniOzoneClusterImpl-603eb75f-c0c9-4b57-9906-10dc47a08d14/datanode-4/data/ratis/956b52b3-79e6-44a4-a983-9ec062e85dc4 does not exist. Creating ...
2021-07-01 01:15:32,848 [pool-365-thread-1] INFO  storage.RaftStorageDirectory (RaftStorageDirectoryImpl.java:tryLock(215)) - Lock on /home/runner/work/ozone/ozone/mnt/ozone/hadoop-ozone/integration-test/target/test-dir/MiniOzoneClusterImpl-603eb75f-c0c9-4b57-9906-10dc47a08d14/datanode-4/data/ratis/956b52b3-79e6-44a4-a983-9ec062e85dc4/in_use.lock acquired by nodename 6261@fv-az195-275
2021-07-01 01:15:32,850 [pool-365-thread-1] INFO  storage.RaftStorage (RaftStorageImpl.java:format(87)) - Storage directory /home/runner/work/ozone/ozone/mnt/ozone/hadoop-ozone/integration-test/target/test-dir/MiniOzoneClusterImpl-603eb75f-c0c9-4b57-9906-10dc47a08d14/datanode-4/data/ratis/956b52b3-79e6-44a4-a983-9ec062e85dc4 has been successfully formatted.
2021-07-01 01:15:32,851 [pool-365-thread-1] INFO  ratis.ContainerStateMachine (ContainerStateMachine.java:loadSnapshot(223)) - group-9EC062E85DC4: The snapshot info is null. Setting the last applied indexto:(t:0, i:~)
2021-07-01 01:15:32,852 [EventQueue-PipelineReportForPipelineReportHandler] INFO  pipeline.PipelineManagerV2Impl (PipelineManagerV2Impl.java:openPipeline(270)) - Pipeline Pipeline[ Id: 956b52b3-79e6-44a4-a983-9ec062e85dc4, Nodes: afb2815f-4716-48e6-854f-3875e38e9fce{ip: 10.1.0.5, host: fv-az195-275.u3nnjwd0vyge1bu22idnsdeq2e.cx.internal.cloudapp.net, ports: [REPLICATION=38465, RATIS=44723, RATIS_ADMIN=44723, RATIS_SERVER=44723, STANDALONE=32981], networkLocation: /default-rack, certSerialId: null, persistedOpState: IN_SERVICE, persistedOpStateExpiryEpochSec: 0}, ReplicationConfig: RATIS/ONE, State:ALLOCATED, leaderId:afb2815f-4716-48e6-854f-3875e38e9fce, CreationTimestamp2021-07-01T01:15:29.847Z] moved to OPEN state
2021-07-01 01:15:32,853 [EventQueue-OpenPipelineForHealthyPipelineSafeModeRule] INFO  safemode.SCMSafeModeManager (HealthyPipelineSafeModeRule.java:process(124)) - SCM in safe mode. Healthy pipelines reported count is 0, required healthy pipeline reported count is 1
2021-07-01 01:15:32,854 [pool-365-thread-1] INFO  server.RaftServerConfigKeys (ConfUtils.java:logGet(44)) - raft.server.notification.no-leader.timeout = 300000ms (custom)
2021-07-01 01:15:32,854 [pool-365-thread-1] INFO  server.RaftServerConfigKeys (ConfUtils.java:logGet(44)) - raft.server.log.use.memory = false (default)
2021-07-01 01:15:32,854 [pool-365-thread-1] INFO  server.RaftServerConfigKeys (ConfUtils.java:logGet(44)) - raft.server.log.purge.gap = 1000000 (custom)
2021-07-01 01:15:32,855 [pool-365-thread-1] INFO  server.RaftServerConfigKeys (ConfUtils.java:logGet(44)) - raft.server.log.appender.buffer.byte-limit = 33554432 (custom)
2021-07-01 01:15:32,855 [pool-365-thread-1] INFO  metrics.RatisMetrics (RatisMetrics.java:lambda$create$0(36)) - Creating Metrics Registry : ratis.log_worker.afb2815f-4716-48e6-854f-3875e38e9fce@group-9EC062E85DC4
2021-07-01 01:15:32,856 [pool-365-thread-1] INFO  server.RaftServerConfigKeys (ConfUtils.java:logGet(44)) - raft.server.log.segment.size.max = 1048576 (custom)
2021-07-01 01:15:32,857 [pool-365-thread-1] INFO  server.RaftServerConfigKeys (ConfUtils.java:logGet(44)) - raft.server.log.segment.cache.num.max = 2 (custom)
2021-07-01 01:15:32,857 [pool-365-thread-1] INFO  server.RaftServerConfigKeys (ConfUtils.java:logGet(44)) - raft.server.log.segment.cache.size.max = 200MB (=209715200) (default)
2021-07-01 01:15:32,858 [pool-365-thread-1] INFO  segmented.SegmentedRaftLogWorker (SegmentedRaftLogWorker.java:<init>(182)) - new afb2815f-4716-48e6-854f-3875e38e9fce@group-9EC062E85DC4-SegmentedRaftLogWorker for RaftStorageImpl:Storage Directory /home/runner/work/ozone/ozone/mnt/ozone/hadoop-ozone/integration-test/target/test-dir/MiniOzoneClusterImpl-603eb75f-c0c9-4b57-9906-10dc47a08d14/datanode-4/data/ratis/956b52b3-79e6-44a4-a983-9ec062e85dc4
2021-07-01 01:15:32,858 [pool-365-thread-1] INFO  server.RaftServerConfigKeys (ConfUtils.java:logGet(44)) - raft.server.log.queue.byte-limit = 2147483647 (custom)
2021-07-01 01:15:32,858 [pool-365-thread-1] INFO  server.RaftServerConfigKeys (ConfUtils.java:logGet(44)) - raft.server.log.queue.element-limit = 1024 (custom)
2021-07-01 01:15:32,858 [pool-365-thread-1] INFO  server.RaftServerConfigKeys (ConfUtils.java:logGet(44)) - raft.server.log.segment.size.max = 1048576 (custom)
2021-07-01 01:15:32,858 [pool-365-thread-1] INFO  server.RaftServerConfigKeys (ConfUtils.java:logGet(44)) - raft.server.log.preallocated.size = 16384 (custom)
2021-07-01 01:15:32,858 [pool-365-thread-1] INFO  server.RaftServerConfigKeys (ConfUtils.java:logGet(44)) - raft.server.log.force.sync.num = 128 (default)
2021-07-01 01:15:32,858 [pool-365-thread-1] INFO  server.RaftServerConfigKeys (ConfUtils.java:logGet(44)) - raft.server.log.statemachine.data.sync = true (default)
2021-07-01 01:15:32,858 [pool-365-thread-1] INFO  server.RaftServerConfigKeys (ConfUtils.java:logGet(44)) - raft.server.log.statemachine.data.sync.timeout = 10s (default)
2021-07-01 01:15:32,858 [pool-365-thread-1] INFO  server.RaftServerConfigKeys (ConfUtils.java:logGet(44)) - raft.server.log.statemachine.data.sync.timeout.retry = -1 (default)
2021-07-01 01:15:32,859 [pool-365-thread-1] INFO  server.RaftServerConfigKeys (ConfUtils.java:logGet(44)) - raft.server.log.write.buffer.size = 1048576 (custom)
2021-07-01 01:15:32,860 [pool-365-thread-1] INFO  server.RaftServerConfigKeys (ConfUtils.java:logGet(44)) - raft.server.log.statemachine.data.caching.enabled = true (custom)
2021-07-01 01:15:32,860 [pool-365-thread-1] INFO  segmented.SegmentedRaftLogWorker (SegmentedRaftLogWorker.java:lambda$new$0(133)) - afb2815f-4716-48e6-854f-3875e38e9fce@group-9EC062E85DC4-SegmentedRaftLogWorker: flushIndex: setUnconditionally 0 -> -1
2021-07-01 01:15:32,860 [pool-365-thread-1] INFO  segmented.SegmentedRaftLogWorker (SegmentedRaftLogWorker.java:lambda$new$0(133)) - afb2815f-4716-48e6-854f-3875e38e9fce@group-9EC062E85DC4-SegmentedRaftLogWorker: safeCacheEvictIndex: setUnconditionally 0 -> -1
2021-07-01 01:15:32,861 [pool-365-thread-1] INFO  server.RaftServerConfigKeys (ConfUtils.java:logGet(44)) - raft.server.snapshot.auto.trigger.enabled = true (custom)
2021-07-01 01:15:32,862 [pool-365-thread-1] INFO  server.RaftServerConfigKeys (ConfUtils.java:logGet(44)) - raft.server.snapshot.auto.trigger.threshold = 10000 (custom)
2021-07-01 01:15:32,862 [pool-365-thread-1] INFO  server.RaftServerConfigKeys (ConfUtils.java:logGet(44)) - raft.server.snapshot.retention.file.num = 5 (custom)
2021-07-01 01:15:32,862 [pool-365-thread-1] INFO  server.RaftServerConfigKeys (ConfUtils.java:logGet(44)) - raft.server.log.purge.upto.snapshot.index = false (default)
2021-07-01 01:15:32,862 [pool-365-thread-1] INFO  server.RaftServerConfigKeys (ConfUtils.java:logGet(44)) - raft.server.retrycache.expirytime = 600000ms (custom)
2021-07-01 01:15:32,862 [pool-365-thread-1] INFO  server.RaftServerConfigKeys (ConfUtils.java:logGet(44)) - raft.server.retrycache.statistics.expirytime = 100μs (default)
2021-07-01 01:15:32,862 [pool-365-thread-1] INFO  metrics.RatisMetrics (RatisMetrics.java:lambda$create$0(36)) - Creating Metrics Registry : ratis.leader_election.afb2815f-4716-48e6-854f-3875e38e9fce@group-9EC062E85DC4
2021-07-01 01:15:32,862 [pool-365-thread-1] INFO  metrics.RatisMetrics (RatisMetrics.java:lambda$create$0(36)) - Creating Metrics Registry : ratis.server.afb2815f-4716-48e6-854f-3875e38e9fce@group-9EC062E85DC4
2021-07-01 01:15:32,863 [pool-365-thread-1] INFO  server.RaftServer$Division (RaftServerImpl.java:start(295)) - afb2815f-4716-48e6-854f-3875e38e9fce@group-9EC062E85DC4: start as a follower, conf=-1: [afb2815f-4716-48e6-854f-3875e38e9fce|rpc:10.1.0.5:44723|priority:1], old=null
2021-07-01 01:15:32,863 [pool-365-thread-1] INFO  server.RaftServer$Division (RaftServerImpl.java:setRole(284)) - afb2815f-4716-48e6-854f-3875e38e9fce@group-9EC062E85DC4: changes role from      null to FOLLOWER at term 0 for startAsFollower
2021-07-01 01:15:32,863 [pool-365-thread-1] INFO  impl.RoleInfo (RoleInfo.java:updateAndGet(130)) - afb2815f-4716-48e6-854f-3875e38e9fce: start afb2815f-4716-48e6-854f-3875e38e9fce@group-9EC062E85DC4-FollowerState
2021-07-01 01:15:32,868 [pool-365-thread-1] INFO  util.JmxRegister (JmxRegister.java:tryRegister(44)) - Successfully registered JMX Bean with object name Ratis:service=RaftServer,group=group-9EC062E85DC4,id=afb2815f-4716-48e6-854f-3875e38e9fce
2021-07-01 01:15:32,868 [pool-365-thread-1] INFO  metrics.RatisMetrics (RatisMetrics.java:lambda$create$0(36)) - Creating Metrics Registry : ratis.state_machine.afb2815f-4716-48e6-854f-3875e38e9fce@group-9EC062E85DC4
2021-07-01 01:15:32,869 [Command processor thread] INFO  ratis.XceiverServerRatis (XceiverServerRatis.java:addGroup(759)) - Created group PipelineID=956b52b3-79e6-44a4-a983-9ec062e85dc4
2021-07-01 01:15:32,870 [Command processor thread] INFO  commandhandler.CreatePipelineCommandHandler (CreatePipelineCommandHandler.java:handle(106)) - Created Pipeline RATIS ONE PipelineID=956b52b3-79e6-44a4-a983-9ec062e85dc4.
2021-07-01 01:15:32,954 [Command processor thread] INFO  server.RaftServer (RaftServerProxy.java:addNew(95)) - c748cb90-cadf-4a6f-b345-cd4c71c9d1a6: addNew group-C31066236865:[c748cb90-cadf-4a6f-b345-cd4c71c9d1a6|rpc:10.1.0.5:37099|priority:1] returns group-C31066236865:java.util.concurrent.CompletableFuture@4e14b1a6[Not completed]
2021-07-01 01:15:32,954 [pool-383-thread-1] INFO  server.RaftServer$Division (RaftServerImpl.java:<init>(180)) - c748cb90-cadf-4a6f-b345-cd4c71c9d1a6: new RaftServerImpl for group-C31066236865:[c748cb90-cadf-4a6f-b345-cd4c71c9d1a6|rpc:10.1.0.5:37099|priority:1] with ContainerStateMachine:uninitialized
2021-07-01 01:15:32,954 [pool-383-thread-1] INFO  server.RaftServerConfigKeys (ConfUtils.java:logGet(44)) - raft.server.rpc.timeout.min = 5s (custom)
2021-07-01 01:15:32,954 [pool-383-thread-1] INFO  server.RaftServerConfigKeys (ConfUtils.java:logGet(44)) - raft.server.rpc.timeout.max = 5200ms (custom)
2021-07-01 01:15:32,955 [pool-383-thread-1] INFO  server.RaftServerConfigKeys (ConfUtils.java:logGet(44)) - raft.server.rpc.sleep.time = 25ms (default)
2021-07-01 01:15:32,955 [pool-383-thread-1] INFO  server.RaftServerConfigKeys (ConfUtils.java:logGet(44)) - raft.server.rpc.slowness.timeout = 300000ms (custom)
2021-07-01 01:15:32,955 [pool-383-thread-1] INFO  server.RaftServerConfigKeys (ConfUtils.java:logGet(44)) - raft.server.leaderelection.leader.step-down.wait-time = 10s (default)
2021-07-01 01:15:32,955 [pool-383-thread-1] INFO  server.RaftServerConfigKeys (ConfUtils.java:logGet(44)) - raft.server.sleep.deviation.threshold = 300ms (default)
2021-07-01 01:15:32,955 [pool-383-thread-1] INFO  server.RaftServerConfigKeys (ConfUtils.java:logGet(44)) - raft.server.log.appender.install.snapshot.enabled = false (custom)
2021-07-01 01:15:32,955 [pool-383-thread-1] INFO  server.RaftServer$Division (ServerState.java:<init>(105)) - c748cb90-cadf-4a6f-b345-cd4c71c9d1a6@group-C31066236865: ConfigurationManager, init=-1: [c748cb90-cadf-4a6f-b345-cd4c71c9d1a6|rpc:10.1.0.5:37099|priority:1], old=null, confs=<EMPTY_MAP>
2021-07-01 01:15:32,955 [pool-383-thread-1] INFO  server.RaftServerConfigKeys (ConfUtils.java:logGet(44)) - raft.server.storage.dir = [/home/runner/work/ozone/ozone/mnt/ozone/hadoop-ozone/integration-test/target/test-dir/MiniOzoneClusterImpl-603eb75f-c0c9-4b57-9906-10dc47a08d14/datanode-5/data/ratis] (custom)
2021-07-01 01:15:32,955 [pool-383-thread-1] INFO  server.RaftServerConfigKeys (ConfUtils.java:logGet(44)) - raft.server.log.corruption.policy = EXCEPTION (default)
2021-07-01 01:15:32,955 [pool-383-thread-1] INFO  storage.RaftStorageDirectory (RaftStorageDirectoryImpl.java:analyzeStorage(132)) - The storage directory /home/runner/work/ozone/ozone/mnt/ozone/hadoop-ozone/integration-test/target/test-dir/MiniOzoneClusterImpl-603eb75f-c0c9-4b57-9906-10dc47a08d14/datanode-5/data/ratis/2dbdaaf8-35c9-4f44-bbc0-c31066236865 does not exist. Creating ...
2021-07-01 01:15:32,956 [pool-383-thread-1] INFO  storage.RaftStorageDirectory (RaftStorageDirectoryImpl.java:tryLock(215)) - Lock on /home/runner/work/ozone/ozone/mnt/ozone/hadoop-ozone/integration-test/target/test-dir/MiniOzoneClusterImpl-603eb75f-c0c9-4b57-9906-10dc47a08d14/datanode-5/data/ratis/2dbdaaf8-35c9-4f44-bbc0-c31066236865/in_use.lock acquired by nodename 6261@fv-az195-275
2021-07-01 01:15:32,957 [pool-383-thread-1] INFO  storage.RaftStorage (RaftStorageImpl.java:format(87)) - Storage directory /home/runner/work/ozone/ozone/mnt/ozone/hadoop-ozone/integration-test/target/test-dir/MiniOzoneClusterImpl-603eb75f-c0c9-4b57-9906-10dc47a08d14/datanode-5/data/ratis/2dbdaaf8-35c9-4f44-bbc0-c31066236865 has been successfully formatted.
2021-07-01 01:15:32,959 [EventQueue-PipelineReportForPipelineReportHandler] INFO  pipeline.PipelineManagerV2Impl (PipelineManagerV2Impl.java:openPipeline(270)) - Pipeline Pipeline[ Id: 2dbdaaf8-35c9-4f44-bbc0-c31066236865, Nodes: c748cb90-cadf-4a6f-b345-cd4c71c9d1a6{ip: 10.1.0.5, host: fv-az195-275.u3nnjwd0vyge1bu22idnsdeq2e.cx.internal.cloudapp.net, ports: [REPLICATION=37929, RATIS=37099, RATIS_ADMIN=37099, RATIS_SERVER=37099, STANDALONE=40605], networkLocation: /default-rack, certSerialId: null, persistedOpState: IN_SERVICE, persistedOpStateExpiryEpochSec: 0}, ReplicationConfig: RATIS/ONE, State:ALLOCATED, leaderId:c748cb90-cadf-4a6f-b345-cd4c71c9d1a6, CreationTimestamp2021-07-01T01:15:29.955Z] moved to OPEN state
2021-07-01 01:15:32,959 [EventQueue-OpenPipelineForHealthyPipelineSafeModeRule] INFO  safemode.SCMSafeModeManager (HealthyPipelineSafeModeRule.java:process(124)) - SCM in safe mode. Healthy pipelines reported count is 0, required healthy pipeline reported count is 1
2021-07-01 01:15:32,960 [pool-383-thread-1] INFO  ratis.ContainerStateMachine (ContainerStateMachine.java:loadSnapshot(223)) - group-C31066236865: The snapshot info is null. Setting the last applied indexto:(t:0, i:~)
2021-07-01 01:15:32,961 [pool-383-thread-1] INFO  server.RaftServerConfigKeys (ConfUtils.java:logGet(44)) - raft.server.notification.no-leader.timeout = 300000ms (custom)
2021-07-01 01:15:32,961 [pool-383-thread-1] INFO  server.RaftServerConfigKeys (ConfUtils.java:logGet(44)) - raft.server.log.use.memory = false (default)
2021-07-01 01:15:32,961 [pool-383-thread-1] INFO  server.RaftServerConfigKeys (ConfUtils.java:logGet(44)) - raft.server.log.purge.gap = 1000000 (custom)
2021-07-01 01:15:32,961 [pool-383-thread-1] INFO  server.RaftServerConfigKeys (ConfUtils.java:logGet(44)) - raft.server.log.appender.buffer.byte-limit = 33554432 (custom)
2021-07-01 01:15:32,962 [pool-383-thread-1] INFO  metrics.RatisMetrics (RatisMetrics.java:lambda$create$0(36)) - Creating Metrics Registry : ratis.log_worker.c748cb90-cadf-4a6f-b345-cd4c71c9d1a6@group-C31066236865
2021-07-01 01:15:32,962 [pool-383-thread-1] INFO  server.RaftServerConfigKeys (ConfUtils.java:logGet(44)) - raft.server.log.segment.size.max = 1048576 (custom)
2021-07-01 01:15:32,962 [pool-383-thread-1] INFO  server.RaftServerConfigKeys (ConfUtils.java:logGet(44)) - raft.server.log.segment.cache.num.max = 2 (custom)
2021-07-01 01:15:32,963 [pool-383-thread-1] INFO  server.RaftServerConfigKeys (ConfUtils.java:logGet(44)) - raft.server.log.segment.cache.size.max = 200MB (=209715200) (default)
2021-07-01 01:15:32,963 [pool-383-thread-1] INFO  segmented.SegmentedRaftLogWorker (SegmentedRaftLogWorker.java:<init>(182)) - new c748cb90-cadf-4a6f-b345-cd4c71c9d1a6@group-C31066236865-SegmentedRaftLogWorker for RaftStorageImpl:Storage Directory /home/runner/work/ozone/ozone/mnt/ozone/hadoop-ozone/integration-test/target/test-dir/MiniOzoneClusterImpl-603eb75f-c0c9-4b57-9906-10dc47a08d14/datanode-5/data/ratis/2dbdaaf8-35c9-4f44-bbc0-c31066236865
2021-07-01 01:15:32,963 [pool-383-thread-1] INFO  server.RaftServerConfigKeys (ConfUtils.java:logGet(44)) - raft.server.log.queue.byte-limit = 2147483647 (custom)
2021-07-01 01:15:32,963 [pool-383-thread-1] INFO  server.RaftServerConfigKeys (ConfUtils.java:logGet(44)) - raft.server.log.queue.element-limit = 1024 (custom)
2021-07-01 01:15:32,963 [pool-383-thread-1] INFO  server.RaftServerConfigKeys (ConfUtils.java:logGet(44)) - raft.server.log.segment.size.max = 1048576 (custom)
2021-07-01 01:15:32,963 [pool-383-thread-1] INFO  server.RaftServerConfigKeys (ConfUtils.java:logGet(44)) - raft.server.log.preallocated.size = 16384 (custom)
2021-07-01 01:15:32,963 [pool-383-thread-1] INFO  server.RaftServerConfigKeys (ConfUtils.java:logGet(44)) - raft.server.log.force.sync.num = 128 (default)
2021-07-01 01:15:32,963 [pool-383-thread-1] INFO  server.RaftServerConfigKeys (ConfUtils.java:logGet(44)) - raft.server.log.statemachine.data.sync = true (default)
2021-07-01 01:15:32,963 [pool-383-thread-1] INFO  server.RaftServerConfigKeys (ConfUtils.java:logGet(44)) - raft.server.log.statemachine.data.sync.timeout = 10s (default)
2021-07-01 01:15:32,963 [pool-383-thread-1] INFO  server.RaftServerConfigKeys (ConfUtils.java:logGet(44)) - raft.server.log.statemachine.data.sync.timeout.retry = -1 (default)
2021-07-01 01:15:32,964 [pool-383-thread-1] INFO  server.RaftServerConfigKeys (ConfUtils.java:logGet(44)) - raft.server.log.write.buffer.size = 1048576 (custom)
2021-07-01 01:15:32,966 [pool-383-thread-1] INFO  server.RaftServerConfigKeys (ConfUtils.java:logGet(44)) - raft.server.log.statemachine.data.caching.enabled = true (custom)
2021-07-01 01:15:32,966 [pool-383-thread-1] INFO  segmented.SegmentedRaftLogWorker (SegmentedRaftLogWorker.java:lambda$new$0(133)) - c748cb90-cadf-4a6f-b345-cd4c71c9d1a6@group-C31066236865-SegmentedRaftLogWorker: flushIndex: setUnconditionally 0 -> -1
2021-07-01 01:15:32,966 [pool-383-thread-1] INFO  segmented.SegmentedRaftLogWorker (SegmentedRaftLogWorker.java:lambda$new$0(133)) - c748cb90-cadf-4a6f-b345-cd4c71c9d1a6@group-C31066236865-SegmentedRaftLogWorker: safeCacheEvictIndex: setUnconditionally 0 -> -1
2021-07-01 01:15:32,966 [pool-383-thread-1] INFO  server.RaftServerConfigKeys (ConfUtils.java:logGet(44)) - raft.server.snapshot.auto.trigger.enabled = true (custom)
2021-07-01 01:15:32,966 [pool-383-thread-1] INFO  server.RaftServerConfigKeys (ConfUtils.java:logGet(44)) - raft.server.snapshot.auto.trigger.threshold = 10000 (custom)
2021-07-01 01:15:32,966 [pool-383-thread-1] INFO  server.RaftServerConfigKeys (ConfUtils.java:logGet(44)) - raft.server.snapshot.retention.file.num = 5 (custom)
2021-07-01 01:15:32,966 [pool-383-thread-1] INFO  server.RaftServerConfigKeys (ConfUtils.java:logGet(44)) - raft.server.log.purge.upto.snapshot.index = false (default)
2021-07-01 01:15:32,966 [pool-383-thread-1] INFO  server.RaftServerConfigKeys (ConfUtils.java:logGet(44)) - raft.server.retrycache.expirytime = 600000ms (custom)
2021-07-01 01:15:32,966 [pool-383-thread-1] INFO  server.RaftServerConfigKeys (ConfUtils.java:logGet(44)) - raft.server.retrycache.statistics.expirytime = 100μs (default)
2021-07-01 01:15:32,967 [pool-383-thread-1] INFO  metrics.RatisMetrics (RatisMetrics.java:lambda$create$0(36)) - Creating Metrics Registry : ratis.leader_election.c748cb90-cadf-4a6f-b345-cd4c71c9d1a6@group-C31066236865
2021-07-01 01:15:32,967 [pool-383-thread-1] INFO  metrics.RatisMetrics (RatisMetrics.java:lambda$create$0(36)) - Creating Metrics Registry : ratis.server.c748cb90-cadf-4a6f-b345-cd4c71c9d1a6@group-C31066236865
2021-07-01 01:15:32,968 [pool-383-thread-1] INFO  server.RaftServer$Division (RaftServerImpl.java:start(295)) - c748cb90-cadf-4a6f-b345-cd4c71c9d1a6@group-C31066236865: start as a follower, conf=-1: [c748cb90-cadf-4a6f-b345-cd4c71c9d1a6|rpc:10.1.0.5:37099|priority:1], old=null
2021-07-01 01:15:32,968 [pool-383-thread-1] INFO  server.RaftServer$Division (RaftServerImpl.java:setRole(284)) - c748cb90-cadf-4a6f-b345-cd4c71c9d1a6@group-C31066236865: changes role from      null to FOLLOWER at term 0 for startAsFollower
2021-07-01 01:15:32,968 [pool-383-thread-1] INFO  impl.RoleInfo (RoleInfo.java:updateAndGet(130)) - c748cb90-cadf-4a6f-b345-cd4c71c9d1a6: start c748cb90-cadf-4a6f-b345-cd4c71c9d1a6@group-C31066236865-FollowerState
2021-07-01 01:15:32,971 [pool-383-thread-1] INFO  util.JmxRegister (JmxRegister.java:tryRegister(44)) - Successfully registered JMX Bean with object name Ratis:service=RaftServer,group=group-C31066236865,id=c748cb90-cadf-4a6f-b345-cd4c71c9d1a6
2021-07-01 01:15:32,971 [pool-383-thread-1] INFO  metrics.RatisMetrics (RatisMetrics.java:lambda$create$0(36)) - Creating Metrics Registry : ratis.state_machine.c748cb90-cadf-4a6f-b345-cd4c71c9d1a6@group-C31066236865
2021-07-01 01:15:32,972 [Command processor thread] INFO  ratis.XceiverServerRatis (XceiverServerRatis.java:addGroup(759)) - Created group PipelineID=2dbdaaf8-35c9-4f44-bbc0-c31066236865
2021-07-01 01:15:32,972 [Command processor thread] INFO  commandhandler.CreatePipelineCommandHandler (CreatePipelineCommandHandler.java:handle(106)) - Created Pipeline RATIS ONE PipelineID=2dbdaaf8-35c9-4f44-bbc0-c31066236865.
2021-07-01 01:15:33,076 [Command processor thread] INFO  server.RaftServer (RaftServerProxy.java:addNew(95)) - 74d0c323-91d1-42ce-a7ad-5ac80fac4338: addNew group-130FAF1149B5:[74d0c323-91d1-42ce-a7ad-5ac80fac4338|rpc:10.1.0.5:46795|priority:1] returns group-130FAF1149B5:java.util.concurrent.CompletableFuture@4ef22ab2[Not completed]
2021-07-01 01:15:33,079 [pool-401-thread-1] INFO  server.RaftServer$Division (RaftServerImpl.java:<init>(180)) - 74d0c323-91d1-42ce-a7ad-5ac80fac4338: new RaftServerImpl for group-130FAF1149B5:[74d0c323-91d1-42ce-a7ad-5ac80fac4338|rpc:10.1.0.5:46795|priority:1] with ContainerStateMachine:uninitialized
2021-07-01 01:15:33,079 [pool-401-thread-1] INFO  server.RaftServerConfigKeys (ConfUtils.java:logGet(44)) - raft.server.rpc.timeout.min = 5s (custom)
2021-07-01 01:15:33,079 [pool-401-thread-1] INFO  server.RaftServerConfigKeys (ConfUtils.java:logGet(44)) - raft.server.rpc.timeout.max = 5200ms (custom)
2021-07-01 01:15:33,079 [pool-401-thread-1] INFO  server.RaftServerConfigKeys (ConfUtils.java:logGet(44)) - raft.server.rpc.sleep.time = 25ms (default)
2021-07-01 01:15:33,079 [pool-401-thread-1] INFO  server.RaftServerConfigKeys (ConfUtils.java:logGet(44)) - raft.server.rpc.slowness.timeout = 300000ms (custom)
2021-07-01 01:15:33,079 [pool-401-thread-1] INFO  server.RaftServerConfigKeys (ConfUtils.java:logGet(44)) - raft.server.leaderelection.leader.step-down.wait-time = 10s (default)
2021-07-01 01:15:33,079 [pool-401-thread-1] INFO  server.RaftServerConfigKeys (ConfUtils.java:logGet(44)) - raft.server.sleep.deviation.threshold = 300ms (default)
2021-07-01 01:15:33,079 [pool-401-thread-1] INFO  server.RaftServerConfigKeys (ConfUtils.java:logGet(44)) - raft.server.log.appender.install.snapshot.enabled = false (custom)
2021-07-01 01:15:33,079 [pool-401-thread-1] INFO  server.RaftServer$Division (ServerState.java:<init>(105)) - 74d0c323-91d1-42ce-a7ad-5ac80fac4338@group-130FAF1149B5: ConfigurationManager, init=-1: [74d0c323-91d1-42ce-a7ad-5ac80fac4338|rpc:10.1.0.5:46795|priority:1], old=null, confs=<EMPTY_MAP>
2021-07-01 01:15:33,079 [pool-401-thread-1] INFO  server.RaftServerConfigKeys (ConfUtils.java:logGet(44)) - raft.server.storage.dir = [/home/runner/work/ozone/ozone/mnt/ozone/hadoop-ozone/integration-test/target/test-dir/MiniOzoneClusterImpl-603eb75f-c0c9-4b57-9906-10dc47a08d14/datanode-6/data/ratis] (custom)
2021-07-01 01:15:33,080 [pool-401-thread-1] INFO  server.RaftServerConfigKeys (ConfUtils.java:logGet(44)) - raft.server.log.corruption.policy = EXCEPTION (default)
2021-07-01 01:15:33,080 [pool-401-thread-1] INFO  storage.RaftStorageDirectory (RaftStorageDirectoryImpl.java:analyzeStorage(132)) - The storage directory /home/runner/work/ozone/ozone/mnt/ozone/hadoop-ozone/integration-test/target/test-dir/MiniOzoneClusterImpl-603eb75f-c0c9-4b57-9906-10dc47a08d14/datanode-6/data/ratis/1c4d3486-05d9-4bdd-a615-130faf1149b5 does not exist. Creating ...
2021-07-01 01:15:33,081 [pool-401-thread-1] INFO  storage.RaftStorageDirectory (RaftStorageDirectoryImpl.java:tryLock(215)) - Lock on /home/runner/work/ozone/ozone/mnt/ozone/hadoop-ozone/integration-test/target/test-dir/MiniOzoneClusterImpl-603eb75f-c0c9-4b57-9906-10dc47a08d14/datanode-6/data/ratis/1c4d3486-05d9-4bdd-a615-130faf1149b5/in_use.lock acquired by nodename 6261@fv-az195-275
2021-07-01 01:15:33,084 [pool-401-thread-1] INFO  storage.RaftStorage (RaftStorageImpl.java:format(87)) - Storage directory /home/runner/work/ozone/ozone/mnt/ozone/hadoop-ozone/integration-test/target/test-dir/MiniOzoneClusterImpl-603eb75f-c0c9-4b57-9906-10dc47a08d14/datanode-6/data/ratis/1c4d3486-05d9-4bdd-a615-130faf1149b5 has been successfully formatted.
2021-07-01 01:15:33,086 [pool-401-thread-1] INFO  ratis.ContainerStateMachine (ContainerStateMachine.java:loadSnapshot(223)) - group-130FAF1149B5: The snapshot info is null. Setting the last applied indexto:(t:0, i:~)
2021-07-01 01:15:33,086 [pool-401-thread-1] INFO  server.RaftServerConfigKeys (ConfUtils.java:logGet(44)) - raft.server.notification.no-leader.timeout = 300000ms (custom)
2021-07-01 01:15:33,086 [pool-401-thread-1] INFO  server.RaftServerConfigKeys (ConfUtils.java:logGet(44)) - raft.server.log.use.memory = false (default)
2021-07-01 01:15:33,087 [pool-401-thread-1] INFO  server.RaftServerConfigKeys (ConfUtils.java:logGet(44)) - raft.server.log.purge.gap = 1000000 (custom)
2021-07-01 01:15:33,087 [pool-401-thread-1] INFO  server.RaftServerConfigKeys (ConfUtils.java:logGet(44)) - raft.server.log.appender.buffer.byte-limit = 33554432 (custom)
2021-07-01 01:15:33,087 [pool-401-thread-1] INFO  metrics.RatisMetrics (RatisMetrics.java:lambda$create$0(36)) - Creating Metrics Registry : ratis.log_worker.74d0c323-91d1-42ce-a7ad-5ac80fac4338@group-130FAF1149B5
2021-07-01 01:15:33,087 [pool-401-thread-1] INFO  server.RaftServerConfigKeys (ConfUtils.java:logGet(44)) - raft.server.log.segment.size.max = 1048576 (custom)
2021-07-01 01:15:33,087 [EventQueue-PipelineReportForPipelineReportHandler] INFO  pipeline.PipelineManagerV2Impl (PipelineManagerV2Impl.java:openPipeline(270)) - Pipeline Pipeline[ Id: 1c4d3486-05d9-4bdd-a615-130faf1149b5, Nodes: 74d0c323-91d1-42ce-a7ad-5ac80fac4338{ip: 10.1.0.5, host: fv-az195-275.u3nnjwd0vyge1bu22idnsdeq2e.cx.internal.cloudapp.net, ports: [REPLICATION=34847, RATIS=46795, RATIS_ADMIN=46795, RATIS_SERVER=46795, STANDALONE=39827], networkLocation: /default-rack, certSerialId: null, persistedOpState: IN_SERVICE, persistedOpStateExpiryEpochSec: 0}, ReplicationConfig: RATIS/ONE, State:ALLOCATED, leaderId:74d0c323-91d1-42ce-a7ad-5ac80fac4338, CreationTimestamp2021-07-01T01:15:30.078Z] moved to OPEN state
2021-07-01 01:15:33,087 [pool-401-thread-1] INFO  server.RaftServerConfigKeys (ConfUtils.java:logGet(44)) - raft.server.log.segment.cache.num.max = 2 (custom)
2021-07-01 01:15:33,088 [EventQueue-OpenPipelineForHealthyPipelineSafeModeRule] INFO  safemode.SCMSafeModeManager (HealthyPipelineSafeModeRule.java:process(124)) - SCM in safe mode. Healthy pipelines reported count is 0, required healthy pipeline reported count is 1
2021-07-01 01:15:33,088 [pool-401-thread-1] INFO  server.RaftServerConfigKeys (ConfUtils.java:logGet(44)) - raft.server.log.segment.cache.size.max = 200MB (=209715200) (default)
2021-07-01 01:15:33,090 [pool-401-thread-1] INFO  segmented.SegmentedRaftLogWorker (SegmentedRaftLogWorker.java:<init>(182)) - new 74d0c323-91d1-42ce-a7ad-5ac80fac4338@group-130FAF1149B5-SegmentedRaftLogWorker for RaftStorageImpl:Storage Directory /home/runner/work/ozone/ozone/mnt/ozone/hadoop-ozone/integration-test/target/test-dir/MiniOzoneClusterImpl-603eb75f-c0c9-4b57-9906-10dc47a08d14/datanode-6/data/ratis/1c4d3486-05d9-4bdd-a615-130faf1149b5
2021-07-01 01:15:33,090 [pool-401-thread-1] INFO  server.RaftServerConfigKeys (ConfUtils.java:logGet(44)) - raft.server.log.queue.byte-limit = 2147483647 (custom)
2021-07-01 01:15:33,090 [pool-401-thread-1] INFO  server.RaftServerConfigKeys (ConfUtils.java:logGet(44)) - raft.server.log.queue.element-limit = 1024 (custom)
2021-07-01 01:15:33,090 [pool-401-thread-1] INFO  server.RaftServerConfigKeys (ConfUtils.java:logGet(44)) - raft.server.log.segment.size.max = 1048576 (custom)
2021-07-01 01:15:33,090 [pool-401-thread-1] INFO  server.RaftServerConfigKeys (ConfUtils.java:logGet(44)) - raft.server.log.preallocated.size = 16384 (custom)
2021-07-01 01:15:33,091 [pool-401-thread-1] INFO  server.RaftServerConfigKeys (ConfUtils.java:logGet(44)) - raft.server.log.force.sync.num = 128 (default)
2021-07-01 01:15:33,091 [pool-401-thread-1] INFO  server.RaftServerConfigKeys (ConfUtils.java:logGet(44)) - raft.server.log.statemachine.data.sync = true (default)
2021-07-01 01:15:33,091 [pool-401-thread-1] INFO  server.RaftServerConfigKeys (ConfUtils.java:logGet(44)) - raft.server.log.statemachine.data.sync.timeout = 10s (default)
2021-07-01 01:15:33,091 [pool-401-thread-1] INFO  server.RaftServerConfigKeys (ConfUtils.java:logGet(44)) - raft.server.log.statemachine.data.sync.timeout.retry = -1 (default)
2021-07-01 01:15:33,093 [pool-401-thread-1] INFO  server.RaftServerConfigKeys (ConfUtils.java:logGet(44)) - raft.server.log.write.buffer.size = 1048576 (custom)
2021-07-01 01:15:33,093 [pool-401-thread-1] INFO  server.RaftServerConfigKeys (ConfUtils.java:logGet(44)) - raft.server.log.statemachine.data.caching.enabled = true (custom)
2021-07-01 01:15:33,093 [pool-401-thread-1] INFO  segmented.SegmentedRaftLogWorker (SegmentedRaftLogWorker.java:lambda$new$0(133)) - 74d0c323-91d1-42ce-a7ad-5ac80fac4338@group-130FAF1149B5-SegmentedRaftLogWorker: flushIndex: setUnconditionally 0 -> -1
2021-07-01 01:15:33,093 [pool-401-thread-1] INFO  segmented.SegmentedRaftLogWorker (SegmentedRaftLogWorker.java:lambda$new$0(133)) - 74d0c323-91d1-42ce-a7ad-5ac80fac4338@group-130FAF1149B5-SegmentedRaftLogWorker: safeCacheEvictIndex: setUnconditionally 0 -> -1
2021-07-01 01:15:33,094 [pool-401-thread-1] INFO  server.RaftServerConfigKeys (ConfUtils.java:logGet(44)) - raft.server.snapshot.auto.trigger.enabled = true (custom)
2021-07-01 01:15:33,094 [pool-401-thread-1] INFO  server.RaftServerConfigKeys (ConfUtils.java:logGet(44)) - raft.server.snapshot.auto.trigger.threshold = 10000 (custom)
2021-07-01 01:15:33,094 [pool-401-thread-1] INFO  server.RaftServerConfigKeys (ConfUtils.java:logGet(44)) - raft.server.snapshot.retention.file.num = 5 (custom)
2021-07-01 01:15:33,094 [pool-401-thread-1] INFO  server.RaftServerConfigKeys (ConfUtils.java:logGet(44)) - raft.server.log.purge.upto.snapshot.index = false (default)
2021-07-01 01:15:33,094 [pool-401-thread-1] INFO  server.RaftServerConfigKeys (ConfUtils.java:logGet(44)) - raft.server.retrycache.expirytime = 600000ms (custom)
2021-07-01 01:15:33,094 [pool-401-thread-1] INFO  server.RaftServerConfigKeys (ConfUtils.java:logGet(44)) - raft.server.retrycache.statistics.expirytime = 100μs (default)
2021-07-01 01:15:33,094 [pool-401-thread-1] INFO  metrics.RatisMetrics (RatisMetrics.java:lambda$create$0(36)) - Creating Metrics Registry : ratis.leader_election.74d0c323-91d1-42ce-a7ad-5ac80fac4338@group-130FAF1149B5
2021-07-01 01:15:33,094 [pool-401-thread-1] INFO  metrics.RatisMetrics (RatisMetrics.java:lambda$create$0(36)) - Creating Metrics Registry : ratis.server.74d0c323-91d1-42ce-a7ad-5ac80fac4338@group-130FAF1149B5
2021-07-01 01:15:33,095 [pool-401-thread-1] INFO  server.RaftServer$Division (RaftServerImpl.java:start(295)) - 74d0c323-91d1-42ce-a7ad-5ac80fac4338@group-130FAF1149B5: start as a follower, conf=-1: [74d0c323-91d1-42ce-a7ad-5ac80fac4338|rpc:10.1.0.5:46795|priority:1], old=null
2021-07-01 01:15:33,095 [pool-401-thread-1] INFO  server.RaftServer$Division (RaftServerImpl.java:setRole(284)) - 74d0c323-91d1-42ce-a7ad-5ac80fac4338@group-130FAF1149B5: changes role from      null to FOLLOWER at term 0 for startAsFollower
2021-07-01 01:15:33,095 [pool-401-thread-1] INFO  impl.RoleInfo (RoleInfo.java:updateAndGet(130)) - 74d0c323-91d1-42ce-a7ad-5ac80fac4338: start 74d0c323-91d1-42ce-a7ad-5ac80fac4338@group-130FAF1149B5-FollowerState
2021-07-01 01:15:33,096 [pool-401-thread-1] INFO  util.JmxRegister (JmxRegister.java:tryRegister(44)) - Successfully registered JMX Bean with object name Ratis:service=RaftServer,group=group-130FAF1149B5,id=74d0c323-91d1-42ce-a7ad-5ac80fac4338
2021-07-01 01:15:33,096 [pool-401-thread-1] INFO  metrics.RatisMetrics (RatisMetrics.java:lambda$create$0(36)) - Creating Metrics Registry : ratis.state_machine.74d0c323-91d1-42ce-a7ad-5ac80fac4338@group-130FAF1149B5
2021-07-01 01:15:33,096 [Command processor thread] INFO  ratis.XceiverServerRatis (XceiverServerRatis.java:addGroup(759)) - Created group PipelineID=1c4d3486-05d9-4bdd-a615-130faf1149b5
2021-07-01 01:15:33,097 [Command processor thread] INFO  commandhandler.CreatePipelineCommandHandler (CreatePipelineCommandHandler.java:handle(106)) - Created Pipeline RATIS ONE PipelineID=1c4d3486-05d9-4bdd-a615-130faf1149b5.
2021-07-01 01:15:33,097 [Command processor thread] INFO  server.RaftServer (RaftServerProxy.java:addNew(95)) - 74d0c323-91d1-42ce-a7ad-5ac80fac4338: addNew group-0BC9F4275829:[74d0c323-91d1-42ce-a7ad-5ac80fac4338|rpc:10.1.0.5:46795|priority:0, 2c5425c6-dd7c-4ec0-8033-4e93d4830dbf|rpc:10.1.0.5:44955|priority:1, e5bed959-61e5-441f-8857-6d0fdb7b4033|rpc:10.1.0.5:45539|priority:0] returns group-0BC9F4275829:java.util.concurrent.CompletableFuture@4acdb7b4[Not completed]
2021-07-01 01:15:33,097 [pool-401-thread-1] INFO  server.RaftServer$Division (RaftServerImpl.java:<init>(180)) - 74d0c323-91d1-42ce-a7ad-5ac80fac4338: new RaftServerImpl for group-0BC9F4275829:[74d0c323-91d1-42ce-a7ad-5ac80fac4338|rpc:10.1.0.5:46795|priority:0, 2c5425c6-dd7c-4ec0-8033-4e93d4830dbf|rpc:10.1.0.5:44955|priority:1, e5bed959-61e5-441f-8857-6d0fdb7b4033|rpc:10.1.0.5:45539|priority:0] with ContainerStateMachine:uninitialized
2021-07-01 01:15:33,097 [pool-401-thread-1] INFO  server.RaftServerConfigKeys (ConfUtils.java:logGet(44)) - raft.server.rpc.timeout.min = 5s (custom)
2021-07-01 01:15:33,098 [pool-401-thread-1] INFO  server.RaftServerConfigKeys (ConfUtils.java:logGet(44)) - raft.server.rpc.timeout.max = 5200ms (custom)
2021-07-01 01:15:33,098 [pool-401-thread-1] INFO  server.RaftServerConfigKeys (ConfUtils.java:logGet(44)) - raft.server.rpc.sleep.time = 25ms (default)
2021-07-01 01:15:33,098 [pool-401-thread-1] INFO  server.RaftServerConfigKeys (ConfUtils.java:logGet(44)) - raft.server.rpc.slowness.timeout = 300000ms (custom)
2021-07-01 01:15:33,098 [pool-401-thread-1] INFO  server.RaftServerConfigKeys (ConfUtils.java:logGet(44)) - raft.server.leaderelection.leader.step-down.wait-time = 10s (default)
2021-07-01 01:15:33,098 [pool-401-thread-1] INFO  server.RaftServerConfigKeys (ConfUtils.java:logGet(44)) - raft.server.sleep.deviation.threshold = 300ms (default)
2021-07-01 01:15:33,098 [pool-401-thread-1] INFO  server.RaftServerConfigKeys (ConfUtils.java:logGet(44)) - raft.server.log.appender.install.snapshot.enabled = false (custom)
2021-07-01 01:15:33,098 [pool-401-thread-1] INFO  server.RaftServer$Division (ServerState.java:<init>(105)) - 74d0c323-91d1-42ce-a7ad-5ac80fac4338@group-0BC9F4275829: ConfigurationManager, init=-1: [74d0c323-91d1-42ce-a7ad-5ac80fac4338|rpc:10.1.0.5:46795|priority:0, 2c5425c6-dd7c-4ec0-8033-4e93d4830dbf|rpc:10.1.0.5:44955|priority:1, e5bed959-61e5-441f-8857-6d0fdb7b4033|rpc:10.1.0.5:45539|priority:0], old=null, confs=<EMPTY_MAP>
2021-07-01 01:15:33,098 [pool-401-thread-1] INFO  server.RaftServerConfigKeys (ConfUtils.java:logGet(44)) - raft.server.storage.dir = [/home/runner/work/ozone/ozone/mnt/ozone/hadoop-ozone/integration-test/target/test-dir/MiniOzoneClusterImpl-603eb75f-c0c9-4b57-9906-10dc47a08d14/datanode-6/data/ratis] (custom)
2021-07-01 01:15:33,098 [pool-401-thread-1] INFO  server.RaftServerConfigKeys (ConfUtils.java:logGet(44)) - raft.server.log.corruption.policy = EXCEPTION (default)
2021-07-01 01:15:33,098 [pool-401-thread-1] INFO  storage.RaftStorageDirectory (RaftStorageDirectoryImpl.java:analyzeStorage(132)) - The storage directory /home/runner/work/ozone/ozone/mnt/ozone/hadoop-ozone/integration-test/target/test-dir/MiniOzoneClusterImpl-603eb75f-c0c9-4b57-9906-10dc47a08d14/datanode-6/data/ratis/8cc6e381-03b9-465e-b840-0bc9f4275829 does not exist. Creating ...
2021-07-01 01:15:33,099 [pool-401-thread-1] INFO  storage.RaftStorageDirectory (RaftStorageDirectoryImpl.java:tryLock(215)) - Lock on /home/runner/work/ozone/ozone/mnt/ozone/hadoop-ozone/integration-test/target/test-dir/MiniOzoneClusterImpl-603eb75f-c0c9-4b57-9906-10dc47a08d14/datanode-6/data/ratis/8cc6e381-03b9-465e-b840-0bc9f4275829/in_use.lock acquired by nodename 6261@fv-az195-275
2021-07-01 01:15:33,100 [pool-401-thread-1] INFO  storage.RaftStorage (RaftStorageImpl.java:format(87)) - Storage directory /home/runner/work/ozone/ozone/mnt/ozone/hadoop-ozone/integration-test/target/test-dir/MiniOzoneClusterImpl-603eb75f-c0c9-4b57-9906-10dc47a08d14/datanode-6/data/ratis/8cc6e381-03b9-465e-b840-0bc9f4275829 has been successfully formatted.
2021-07-01 01:15:33,102 [EventQueue-OpenPipelineForHealthyPipelineSafeModeRule] INFO  safemode.SCMSafeModeManager (HealthyPipelineSafeModeRule.java:process(124)) - SCM in safe mode. Healthy pipelines reported count is 0, required healthy pipeline reported count is 1
2021-07-01 01:15:33,102 [pool-401-thread-1] INFO  ratis.ContainerStateMachine (ContainerStateMachine.java:loadSnapshot(223)) - group-0BC9F4275829: The snapshot info is null. Setting the last applied indexto:(t:0, i:~)
2021-07-01 01:15:33,103 [pool-401-thread-1] INFO  server.RaftServerConfigKeys (ConfUtils.java:logGet(44)) - raft.server.notification.no-leader.timeout = 300000ms (custom)
2021-07-01 01:15:33,103 [pool-401-thread-1] INFO  server.RaftServerConfigKeys (ConfUtils.java:logGet(44)) - raft.server.log.use.memory = false (default)
2021-07-01 01:15:33,103 [pool-401-thread-1] INFO  server.RaftServerConfigKeys (ConfUtils.java:logGet(44)) - raft.server.log.purge.gap = 1000000 (custom)
2021-07-01 01:15:33,103 [pool-401-thread-1] INFO  server.RaftServerConfigKeys (ConfUtils.java:logGet(44)) - raft.server.log.appender.buffer.byte-limit = 33554432 (custom)
2021-07-01 01:15:33,103 [pool-401-thread-1] INFO  metrics.RatisMetrics (RatisMetrics.java:lambda$create$0(36)) - Creating Metrics Registry : ratis.log_worker.74d0c323-91d1-42ce-a7ad-5ac80fac4338@group-0BC9F4275829
2021-07-01 01:15:33,103 [pool-401-thread-1] INFO  server.RaftServerConfigKeys (ConfUtils.java:logGet(44)) - raft.server.log.segment.size.max = 1048576 (custom)
2021-07-01 01:15:33,103 [pool-401-thread-1] INFO  server.RaftServerConfigKeys (ConfUtils.java:logGet(44)) - raft.server.log.segment.cache.num.max = 2 (custom)
2021-07-01 01:15:33,104 [pool-401-thread-1] INFO  server.RaftServerConfigKeys (ConfUtils.java:logGet(44)) - raft.server.log.segment.cache.size.max = 200MB (=209715200) (default)
2021-07-01 01:15:33,104 [pool-401-thread-1] INFO  segmented.SegmentedRaftLogWorker (SegmentedRaftLogWorker.java:<init>(182)) - new 74d0c323-91d1-42ce-a7ad-5ac80fac4338@group-0BC9F4275829-SegmentedRaftLogWorker for RaftStorageImpl:Storage Directory /home/runner/work/ozone/ozone/mnt/ozone/hadoop-ozone/integration-test/target/test-dir/MiniOzoneClusterImpl-603eb75f-c0c9-4b57-9906-10dc47a08d14/datanode-6/data/ratis/8cc6e381-03b9-465e-b840-0bc9f4275829
2021-07-01 01:15:33,104 [pool-401-thread-1] INFO  server.RaftServerConfigKeys (ConfUtils.java:logGet(44)) - raft.server.log.queue.byte-limit = 2147483647 (custom)
2021-07-01 01:15:33,104 [pool-401-thread-1] INFO  server.RaftServerConfigKeys (ConfUtils.java:logGet(44)) - raft.server.log.queue.element-limit = 1024 (custom)
2021-07-01 01:15:33,104 [pool-401-thread-1] INFO  server.RaftServerConfigKeys (ConfUtils.java:logGet(44)) - raft.server.log.segment.size.max = 1048576 (custom)
2021-07-01 01:15:33,104 [pool-401-thread-1] INFO  server.RaftServerConfigKeys (ConfUtils.java:logGet(44)) - raft.server.log.preallocated.size = 16384 (custom)
2021-07-01 01:15:33,104 [pool-401-thread-1] INFO  server.RaftServerConfigKeys (ConfUtils.java:logGet(44)) - raft.server.log.force.sync.num = 128 (default)
2021-07-01 01:15:33,104 [pool-401-thread-1] INFO  server.RaftServerConfigKeys (ConfUtils.java:logGet(44)) - raft.server.log.statemachine.data.sync = true (default)
2021-07-01 01:15:33,104 [pool-401-thread-1] INFO  server.RaftServerConfigKeys (ConfUtils.java:logGet(44)) - raft.server.log.statemachine.data.sync.timeout = 10s (default)
2021-07-01 01:15:33,104 [pool-401-thread-1] INFO  server.RaftServerConfigKeys (ConfUtils.java:logGet(44)) - raft.server.log.statemachine.data.sync.timeout.retry = -1 (default)
2021-07-01 01:15:33,105 [pool-401-thread-1] INFO  server.RaftServerConfigKeys (ConfUtils.java:logGet(44)) - raft.server.log.write.buffer.size = 1048576 (custom)
2021-07-01 01:15:33,105 [pool-401-thread-1] INFO  server.RaftServerConfigKeys (ConfUtils.java:logGet(44)) - raft.server.log.statemachine.data.caching.enabled = true (custom)
2021-07-01 01:15:33,105 [pool-401-thread-1] INFO  segmented.SegmentedRaftLogWorker (SegmentedRaftLogWorker.java:lambda$new$0(133)) - 74d0c323-91d1-42ce-a7ad-5ac80fac4338@group-0BC9F4275829-SegmentedRaftLogWorker: flushIndex: setUnconditionally 0 -> -1
2021-07-01 01:15:33,105 [pool-401-thread-1] INFO  segmented.SegmentedRaftLogWorker (SegmentedRaftLogWorker.java:lambda$new$0(133)) - 74d0c323-91d1-42ce-a7ad-5ac80fac4338@group-0BC9F4275829-SegmentedRaftLogWorker: safeCacheEvictIndex: setUnconditionally 0 -> -1
2021-07-01 01:15:33,107 [pool-401-thread-1] INFO  server.RaftServerConfigKeys (ConfUtils.java:logGet(44)) - raft.server.snapshot.auto.trigger.enabled = true (custom)
2021-07-01 01:15:33,107 [pool-401-thread-1] INFO  server.RaftServerConfigKeys (ConfUtils.java:logGet(44)) - raft.server.snapshot.auto.trigger.threshold = 10000 (custom)
2021-07-01 01:15:33,107 [pool-401-thread-1] INFO  server.RaftServerConfigKeys (ConfUtils.java:logGet(44)) - raft.server.snapshot.retention.file.num = 5 (custom)
2021-07-01 01:15:33,107 [pool-401-thread-1] INFO  server.RaftServerConfigKeys (ConfUtils.java:logGet(44)) - raft.server.log.purge.upto.snapshot.index = false (default)
2021-07-01 01:15:33,107 [pool-401-thread-1] INFO  server.RaftServerConfigKeys (ConfUtils.java:logGet(44)) - raft.server.retrycache.expirytime = 600000ms (custom)
2021-07-01 01:15:33,107 [pool-401-thread-1] INFO  server.RaftServerConfigKeys (ConfUtils.java:logGet(44)) - raft.server.retrycache.statistics.expirytime = 100μs (default)
2021-07-01 01:15:33,107 [pool-401-thread-1] INFO  metrics.RatisMetrics (RatisMetrics.java:lambda$create$0(36)) - Creating Metrics Registry : ratis.leader_election.74d0c323-91d1-42ce-a7ad-5ac80fac4338@group-0BC9F4275829
2021-07-01 01:15:33,108 [pool-401-thread-1] INFO  metrics.RatisMetrics (RatisMetrics.java:lambda$create$0(36)) - Creating Metrics Registry : ratis.server.74d0c323-91d1-42ce-a7ad-5ac80fac4338@group-0BC9F4275829
2021-07-01 01:15:33,109 [pool-401-thread-1] INFO  server.RaftServer$Division (RaftServerImpl.java:start(295)) - 74d0c323-91d1-42ce-a7ad-5ac80fac4338@group-0BC9F4275829: start as a follower, conf=-1: [74d0c323-91d1-42ce-a7ad-5ac80fac4338|rpc:10.1.0.5:46795|priority:0, 2c5425c6-dd7c-4ec0-8033-4e93d4830dbf|rpc:10.1.0.5:44955|priority:1, e5bed959-61e5-441f-8857-6d0fdb7b4033|rpc:10.1.0.5:45539|priority:0], old=null
2021-07-01 01:15:33,109 [pool-401-thread-1] INFO  server.RaftServer$Division (RaftServerImpl.java:setRole(284)) - 74d0c323-91d1-42ce-a7ad-5ac80fac4338@group-0BC9F4275829: changes role from      null to FOLLOWER at term 0 for startAsFollower
2021-07-01 01:15:33,109 [pool-401-thread-1] INFO  impl.RoleInfo (RoleInfo.java:updateAndGet(130)) - 74d0c323-91d1-42ce-a7ad-5ac80fac4338: start 74d0c323-91d1-42ce-a7ad-5ac80fac4338@group-0BC9F4275829-FollowerState
2021-07-01 01:15:33,109 [pool-401-thread-1] INFO  util.JmxRegister (JmxRegister.java:tryRegister(44)) - Successfully registered JMX Bean with object name Ratis:service=RaftServer,group=group-0BC9F4275829,id=74d0c323-91d1-42ce-a7ad-5ac80fac4338
2021-07-01 01:15:33,110 [pool-401-thread-1] INFO  metrics.RatisMetrics (RatisMetrics.java:lambda$create$0(36)) - Creating Metrics Registry : ratis.state_machine.74d0c323-91d1-42ce-a7ad-5ac80fac4338@group-0BC9F4275829
2021-07-01 01:15:33,110 [Command processor thread] INFO  ratis.XceiverServerRatis (XceiverServerRatis.java:addGroup(759)) - Created group PipelineID=8cc6e381-03b9-465e-b840-0bc9f4275829
2021-07-01 01:15:33,111 [Command processor thread] INFO  metrics.RatisMetrics (RatisMetrics.java:lambda$create$0(36)) - Creating Metrics Registry : ratis.client_message_metrics.client-788BE4058407->e5bed959-61e5-441f-8857-6d0fdb7b4033
2021-07-01 01:15:33,116 [grpc-default-executor-0] INFO  metrics.RatisMetrics (RatisMetrics.java:lambda$create$0(36)) - Creating Metrics Registry : ratis.server_message_metrics.e5bed959-61e5-441f-8857-6d0fdb7b4033
2021-07-01 01:15:33,121 [grpc-default-executor-0] INFO  server.RaftServer (RaftServerProxy.java:addNew(95)) - e5bed959-61e5-441f-8857-6d0fdb7b4033: addNew group-0BC9F4275829:[74d0c323-91d1-42ce-a7ad-5ac80fac4338|rpc:10.1.0.5:46795|dataStream:|priority:0, 2c5425c6-dd7c-4ec0-8033-4e93d4830dbf|rpc:10.1.0.5:44955|dataStream:|priority:1, e5bed959-61e5-441f-8857-6d0fdb7b4033|rpc:10.1.0.5:45539|dataStream:|priority:0] returns group-0BC9F4275829:java.util.concurrent.CompletableFuture@6e6078b8[Not completed]
2021-07-01 01:15:33,122 [pool-419-thread-1] INFO  server.RaftServer$Division (RaftServerImpl.java:<init>(180)) - e5bed959-61e5-441f-8857-6d0fdb7b4033: new RaftServerImpl for group-0BC9F4275829:[74d0c323-91d1-42ce-a7ad-5ac80fac4338|rpc:10.1.0.5:46795|dataStream:|priority:0, 2c5425c6-dd7c-4ec0-8033-4e93d4830dbf|rpc:10.1.0.5:44955|dataStream:|priority:1, e5bed959-61e5-441f-8857-6d0fdb7b4033|rpc:10.1.0.5:45539|dataStream:|priority:0] with ContainerStateMachine:uninitialized
2021-07-01 01:15:33,122 [pool-419-thread-1] INFO  server.RaftServerConfigKeys (ConfUtils.java:logGet(44)) - raft.server.rpc.timeout.min = 5s (custom)
2021-07-01 01:15:33,122 [pool-419-thread-1] INFO  server.RaftServerConfigKeys (ConfUtils.java:logGet(44)) - raft.server.rpc.timeout.max = 5200ms (custom)
2021-07-01 01:15:33,122 [pool-419-thread-1] INFO  server.RaftServerConfigKeys (ConfUtils.java:logGet(44)) - raft.server.rpc.sleep.time = 25ms (default)
2021-07-01 01:15:33,122 [pool-419-thread-1] INFO  server.RaftServerConfigKeys (ConfUtils.java:logGet(44)) - raft.server.rpc.slowness.timeout = 300000ms (custom)
2021-07-01 01:15:33,122 [pool-419-thread-1] INFO  server.RaftServerConfigKeys (ConfUtils.java:logGet(44)) - raft.server.leaderelection.leader.step-down.wait-time = 10s (default)
2021-07-01 01:15:33,122 [pool-419-thread-1] INFO  server.RaftServerConfigKeys (ConfUtils.java:logGet(44)) - raft.server.sleep.deviation.threshold = 300ms (default)
2021-07-01 01:15:33,122 [pool-419-thread-1] INFO  server.RaftServerConfigKeys (ConfUtils.java:logGet(44)) - raft.server.log.appender.install.snapshot.enabled = false (custom)
2021-07-01 01:15:33,122 [pool-419-thread-1] INFO  server.RaftServer$Division (ServerState.java:<init>(105)) - e5bed959-61e5-441f-8857-6d0fdb7b4033@group-0BC9F4275829: ConfigurationManager, init=-1: [74d0c323-91d1-42ce-a7ad-5ac80fac4338|rpc:10.1.0.5:46795|dataStream:|priority:0, 2c5425c6-dd7c-4ec0-8033-4e93d4830dbf|rpc:10.1.0.5:44955|dataStream:|priority:1, e5bed959-61e5-441f-8857-6d0fdb7b4033|rpc:10.1.0.5:45539|dataStream:|priority:0], old=null, confs=<EMPTY_MAP>
2021-07-01 01:15:33,122 [pool-419-thread-1] INFO  server.RaftServerConfigKeys (ConfUtils.java:logGet(44)) - raft.server.storage.dir = [/home/runner/work/ozone/ozone/mnt/ozone/hadoop-ozone/integration-test/target/test-dir/MiniOzoneClusterImpl-603eb75f-c0c9-4b57-9906-10dc47a08d14/datanode-7/data/ratis] (custom)
2021-07-01 01:15:33,123 [pool-419-thread-1] INFO  server.RaftServerConfigKeys (ConfUtils.java:logGet(44)) - raft.server.log.corruption.policy = EXCEPTION (default)
2021-07-01 01:15:33,123 [pool-419-thread-1] INFO  storage.RaftStorageDirectory (RaftStorageDirectoryImpl.java:analyzeStorage(132)) - The storage directory /home/runner/work/ozone/ozone/mnt/ozone/hadoop-ozone/integration-test/target/test-dir/MiniOzoneClusterImpl-603eb75f-c0c9-4b57-9906-10dc47a08d14/datanode-7/data/ratis/8cc6e381-03b9-465e-b840-0bc9f4275829 does not exist. Creating ...
2021-07-01 01:15:33,124 [pool-419-thread-1] INFO  storage.RaftStorageDirectory (RaftStorageDirectoryImpl.java:tryLock(215)) - Lock on /home/runner/work/ozone/ozone/mnt/ozone/hadoop-ozone/integration-test/target/test-dir/MiniOzoneClusterImpl-603eb75f-c0c9-4b57-9906-10dc47a08d14/datanode-7/data/ratis/8cc6e381-03b9-465e-b840-0bc9f4275829/in_use.lock acquired by nodename 6261@fv-az195-275
2021-07-01 01:15:33,125 [pool-419-thread-1] INFO  storage.RaftStorage (RaftStorageImpl.java:format(87)) - Storage directory /home/runner/work/ozone/ozone/mnt/ozone/hadoop-ozone/integration-test/target/test-dir/MiniOzoneClusterImpl-603eb75f-c0c9-4b57-9906-10dc47a08d14/datanode-7/data/ratis/8cc6e381-03b9-465e-b840-0bc9f4275829 has been successfully formatted.
2021-07-01 01:15:33,126 [pool-419-thread-1] INFO  ratis.ContainerStateMachine (ContainerStateMachine.java:loadSnapshot(223)) - group-0BC9F4275829: The snapshot info is null. Setting the last applied indexto:(t:0, i:~)
2021-07-01 01:15:33,126 [pool-419-thread-1] INFO  server.RaftServerConfigKeys (ConfUtils.java:logGet(44)) - raft.server.notification.no-leader.timeout = 300000ms (custom)
2021-07-01 01:15:33,126 [pool-419-thread-1] INFO  server.RaftServerConfigKeys (ConfUtils.java:logGet(44)) - raft.server.log.use.memory = false (default)
2021-07-01 01:15:33,126 [pool-419-thread-1] INFO  server.RaftServerConfigKeys (ConfUtils.java:logGet(44)) - raft.server.log.purge.gap = 1000000 (custom)
2021-07-01 01:15:33,126 [pool-419-thread-1] INFO  server.RaftServerConfigKeys (ConfUtils.java:logGet(44)) - raft.server.log.appender.buffer.byte-limit = 33554432 (custom)
2021-07-01 01:15:33,126 [pool-419-thread-1] INFO  metrics.RatisMetrics (RatisMetrics.java:lambda$create$0(36)) - Creating Metrics Registry : ratis.log_worker.e5bed959-61e5-441f-8857-6d0fdb7b4033@group-0BC9F4275829
2021-07-01 01:15:33,126 [pool-419-thread-1] INFO  server.RaftServerConfigKeys (ConfUtils.java:logGet(44)) - raft.server.log.segment.size.max = 1048576 (custom)
2021-07-01 01:15:33,127 [pool-419-thread-1] INFO  server.RaftServerConfigKeys (ConfUtils.java:logGet(44)) - raft.server.log.segment.cache.num.max = 2 (custom)
2021-07-01 01:15:33,127 [pool-419-thread-1] INFO  server.RaftServerConfigKeys (ConfUtils.java:logGet(44)) - raft.server.log.segment.cache.size.max = 200MB (=209715200) (default)
2021-07-01 01:15:33,127 [pool-419-thread-1] INFO  segmented.SegmentedRaftLogWorker (SegmentedRaftLogWorker.java:<init>(182)) - new e5bed959-61e5-441f-8857-6d0fdb7b4033@group-0BC9F4275829-SegmentedRaftLogWorker for RaftStorageImpl:Storage Directory /home/runner/work/ozone/ozone/mnt/ozone/hadoop-ozone/integration-test/target/test-dir/MiniOzoneClusterImpl-603eb75f-c0c9-4b57-9906-10dc47a08d14/datanode-7/data/ratis/8cc6e381-03b9-465e-b840-0bc9f4275829
2021-07-01 01:15:33,127 [pool-419-thread-1] INFO  server.RaftServerConfigKeys (ConfUtils.java:logGet(44)) - raft.server.log.queue.byte-limit = 2147483647 (custom)
2021-07-01 01:15:33,127 [pool-419-thread-1] INFO  server.RaftServerConfigKeys (ConfUtils.java:logGet(44)) - raft.server.log.queue.element-limit = 1024 (custom)
2021-07-01 01:15:33,127 [pool-419-thread-1] INFO  server.RaftServerConfigKeys (ConfUtils.java:logGet(44)) - raft.server.log.segment.size.max = 1048576 (custom)
2021-07-01 01:15:33,127 [pool-419-thread-1] INFO  server.RaftServerConfigKeys (ConfUtils.java:logGet(44)) - raft.server.log.preallocated.size = 16384 (custom)
2021-07-01 01:15:33,127 [pool-419-thread-1] INFO  server.RaftServerConfigKeys (ConfUtils.java:logGet(44)) - raft.server.log.force.sync.num = 128 (default)
2021-07-01 01:15:33,127 [pool-419-thread-1] INFO  server.RaftServerConfigKeys (ConfUtils.java:logGet(44)) - raft.server.log.statemachine.data.sync = true (default)
2021-07-01 01:15:33,127 [pool-419-thread-1] INFO  server.RaftServerConfigKeys (ConfUtils.java:logGet(44)) - raft.server.log.statemachine.data.sync.timeout = 10s (default)
2021-07-01 01:15:33,127 [pool-419-thread-1] INFO  server.RaftServerConfigKeys (ConfUtils.java:logGet(44)) - raft.server.log.statemachine.data.sync.timeout.retry = -1 (default)
2021-07-01 01:15:33,128 [pool-419-thread-1] INFO  server.RaftServerConfigKeys (ConfUtils.java:logGet(44)) - raft.server.log.write.buffer.size = 1048576 (custom)
2021-07-01 01:15:33,129 [pool-419-thread-1] INFO  server.RaftServerConfigKeys (ConfUtils.java:logGet(44)) - raft.server.log.statemachine.data.caching.enabled = true (custom)
2021-07-01 01:15:33,129 [pool-419-thread-1] INFO  segmented.SegmentedRaftLogWorker (SegmentedRaftLogWorker.java:lambda$new$0(133)) - e5bed959-61e5-441f-8857-6d0fdb7b4033@group-0BC9F4275829-SegmentedRaftLogWorker: flushIndex: setUnconditionally 0 -> -1
2021-07-01 01:15:33,129 [pool-419-thread-1] INFO  segmented.SegmentedRaftLogWorker (SegmentedRaftLogWorker.java:lambda$new$0(133)) - e5bed959-61e5-441f-8857-6d0fdb7b4033@group-0BC9F4275829-SegmentedRaftLogWorker: safeCacheEvictIndex: setUnconditionally 0 -> -1
2021-07-01 01:15:33,129 [pool-419-thread-1] INFO  server.RaftServerConfigKeys (ConfUtils.java:logGet(44)) - raft.server.snapshot.auto.trigger.enabled = true (custom)
2021-07-01 01:15:33,129 [pool-419-thread-1] INFO  server.RaftServerConfigKeys (ConfUtils.java:logGet(44)) - raft.server.snapshot.auto.trigger.threshold = 10000 (custom)
2021-07-01 01:15:33,129 [pool-419-thread-1] INFO  server.RaftServerConfigKeys (ConfUtils.java:logGet(44)) - raft.server.snapshot.retention.file.num = 5 (custom)
2021-07-01 01:15:33,129 [pool-419-thread-1] INFO  server.RaftServerConfigKeys (ConfUtils.java:logGet(44)) - raft.server.log.purge.upto.snapshot.index = false (default)
2021-07-01 01:15:33,130 [pool-419-thread-1] INFO  server.RaftServerConfigKeys (ConfUtils.java:logGet(44)) - raft.server.retrycache.expirytime = 600000ms (custom)
2021-07-01 01:15:33,130 [pool-419-thread-1] INFO  server.RaftServerConfigKeys (ConfUtils.java:logGet(44)) - raft.server.retrycache.statistics.expirytime = 100μs (default)
2021-07-01 01:15:33,130 [pool-419-thread-1] INFO  metrics.RatisMetrics (RatisMetrics.java:lambda$create$0(36)) - Creating Metrics Registry : ratis.leader_election.e5bed959-61e5-441f-8857-6d0fdb7b4033@group-0BC9F4275829
2021-07-01 01:15:33,130 [pool-419-thread-1] INFO  metrics.RatisMetrics (RatisMetrics.java:lambda$create$0(36)) - Creating Metrics Registry : ratis.server.e5bed959-61e5-441f-8857-6d0fdb7b4033@group-0BC9F4275829
2021-07-01 01:15:33,131 [pool-419-thread-1] INFO  server.RaftServer$Division (RaftServerImpl.java:start(295)) - e5bed959-61e5-441f-8857-6d0fdb7b4033@group-0BC9F4275829: start as a follower, conf=-1: [74d0c323-91d1-42ce-a7ad-5ac80fac4338|rpc:10.1.0.5:46795|dataStream:|priority:0, 2c5425c6-dd7c-4ec0-8033-4e93d4830dbf|rpc:10.1.0.5:44955|dataStream:|priority:1, e5bed959-61e5-441f-8857-6d0fdb7b4033|rpc:10.1.0.5:45539|dataStream:|priority:0], old=null
2021-07-01 01:15:33,131 [pool-419-thread-1] INFO  server.RaftServer$Division (RaftServerImpl.java:setRole(284)) - e5bed959-61e5-441f-8857-6d0fdb7b4033@group-0BC9F4275829: changes role from      null to FOLLOWER at term 0 for startAsFollower
2021-07-01 01:15:33,131 [pool-419-thread-1] INFO  impl.RoleInfo (RoleInfo.java:updateAndGet(130)) - e5bed959-61e5-441f-8857-6d0fdb7b4033: start e5bed959-61e5-441f-8857-6d0fdb7b4033@group-0BC9F4275829-FollowerState
2021-07-01 01:15:33,131 [pool-419-thread-1] INFO  util.JmxRegister (JmxRegister.java:tryRegister(44)) - Successfully registered JMX Bean with object name Ratis:service=RaftServer,group=group-0BC9F4275829,id=e5bed959-61e5-441f-8857-6d0fdb7b4033
2021-07-01 01:15:33,131 [pool-419-thread-1] INFO  metrics.RatisMetrics (RatisMetrics.java:lambda$create$0(36)) - Creating Metrics Registry : ratis.state_machine.e5bed959-61e5-441f-8857-6d0fdb7b4033@group-0BC9F4275829
2021-07-01 01:15:33,137 [Command processor thread] INFO  metrics.RatisMetrics (RatisMetrics.java:lambda$create$0(36)) - Creating Metrics Registry : ratis.client_message_metrics.client-068C4E336774->2c5425c6-dd7c-4ec0-8033-4e93d4830dbf
2021-07-01 01:15:33,142 [grpc-default-executor-0] INFO  metrics.RatisMetrics (RatisMetrics.java:lambda$create$0(36)) - Creating Metrics Registry : ratis.server_message_metrics.2c5425c6-dd7c-4ec0-8033-4e93d4830dbf
2021-07-01 01:15:33,145 [grpc-default-executor-0] INFO  server.RaftServer (RaftServerProxy.java:addNew(95)) - 2c5425c6-dd7c-4ec0-8033-4e93d4830dbf: addNew group-0BC9F4275829:[74d0c323-91d1-42ce-a7ad-5ac80fac4338|rpc:10.1.0.5:46795|dataStream:|priority:0, 2c5425c6-dd7c-4ec0-8033-4e93d4830dbf|rpc:10.1.0.5:44955|dataStream:|priority:1, e5bed959-61e5-441f-8857-6d0fdb7b4033|rpc:10.1.0.5:45539|dataStream:|priority:0] returns group-0BC9F4275829:java.util.concurrent.CompletableFuture@23e81ec6[Not completed]
2021-07-01 01:15:33,149 [pool-437-thread-1] INFO  server.RaftServer$Division (RaftServerImpl.java:<init>(180)) - 2c5425c6-dd7c-4ec0-8033-4e93d4830dbf: new RaftServerImpl for group-0BC9F4275829:[74d0c323-91d1-42ce-a7ad-5ac80fac4338|rpc:10.1.0.5:46795|dataStream:|priority:0, 2c5425c6-dd7c-4ec0-8033-4e93d4830dbf|rpc:10.1.0.5:44955|dataStream:|priority:1, e5bed959-61e5-441f-8857-6d0fdb7b4033|rpc:10.1.0.5:45539|dataStream:|priority:0] with ContainerStateMachine:uninitialized
2021-07-01 01:15:33,150 [pool-437-thread-1] INFO  server.RaftServerConfigKeys (ConfUtils.java:logGet(44)) - raft.server.rpc.timeout.min = 5s (custom)
2021-07-01 01:15:33,150 [pool-437-thread-1] INFO  server.RaftServerConfigKeys (ConfUtils.java:logGet(44)) - raft.server.rpc.timeout.max = 5200ms (custom)
2021-07-01 01:15:33,150 [pool-437-thread-1] INFO  server.RaftServerConfigKeys (ConfUtils.java:logGet(44)) - raft.server.rpc.sleep.time = 25ms (default)
2021-07-01 01:15:33,150 [pool-437-thread-1] INFO  server.RaftServerConfigKeys (ConfUtils.java:logGet(44)) - raft.server.rpc.slowness.timeout = 300000ms (custom)
2021-07-01 01:15:33,150 [pool-437-thread-1] INFO  server.RaftServerConfigKeys (ConfUtils.java:logGet(44)) - raft.server.leaderelection.leader.step-down.wait-time = 10s (default)
2021-07-01 01:15:33,150 [pool-437-thread-1] INFO  server.RaftServerConfigKeys (ConfUtils.java:logGet(44)) - raft.server.sleep.deviation.threshold = 300ms (default)
2021-07-01 01:15:33,150 [pool-437-thread-1] INFO  server.RaftServerConfigKeys (ConfUtils.java:logGet(44)) - raft.server.log.appender.install.snapshot.enabled = false (custom)
2021-07-01 01:15:33,151 [pool-437-thread-1] INFO  server.RaftServer$Division (ServerState.java:<init>(105)) - 2c5425c6-dd7c-4ec0-8033-4e93d4830dbf@group-0BC9F4275829: ConfigurationManager, init=-1: [74d0c323-91d1-42ce-a7ad-5ac80fac4338|rpc:10.1.0.5:46795|dataStream:|priority:0, 2c5425c6-dd7c-4ec0-8033-4e93d4830dbf|rpc:10.1.0.5:44955|dataStream:|priority:1, e5bed959-61e5-441f-8857-6d0fdb7b4033|rpc:10.1.0.5:45539|dataStream:|priority:0], old=null, confs=<EMPTY_MAP>
2021-07-01 01:15:33,151 [pool-437-thread-1] INFO  server.RaftServerConfigKeys (ConfUtils.java:logGet(44)) - raft.server.storage.dir = [/home/runner/work/ozone/ozone/mnt/ozone/hadoop-ozone/integration-test/target/test-dir/MiniOzoneClusterImpl-603eb75f-c0c9-4b57-9906-10dc47a08d14/datanode-8/data/ratis] (custom)
2021-07-01 01:15:33,151 [pool-437-thread-1] INFO  server.RaftServerConfigKeys (ConfUtils.java:logGet(44)) - raft.server.log.corruption.policy = EXCEPTION (default)
2021-07-01 01:15:33,151 [pool-437-thread-1] INFO  storage.RaftStorageDirectory (RaftStorageDirectoryImpl.java:analyzeStorage(132)) - The storage directory /home/runner/work/ozone/ozone/mnt/ozone/hadoop-ozone/integration-test/target/test-dir/MiniOzoneClusterImpl-603eb75f-c0c9-4b57-9906-10dc47a08d14/datanode-8/data/ratis/8cc6e381-03b9-465e-b840-0bc9f4275829 does not exist. Creating ...
2021-07-01 01:15:33,159 [pool-437-thread-1] INFO  storage.RaftStorageDirectory (RaftStorageDirectoryImpl.java:tryLock(215)) - Lock on /home/runner/work/ozone/ozone/mnt/ozone/hadoop-ozone/integration-test/target/test-dir/MiniOzoneClusterImpl-603eb75f-c0c9-4b57-9906-10dc47a08d14/datanode-8/data/ratis/8cc6e381-03b9-465e-b840-0bc9f4275829/in_use.lock acquired by nodename 6261@fv-az195-275
2021-07-01 01:15:33,160 [pool-437-thread-1] INFO  storage.RaftStorage (RaftStorageImpl.java:format(87)) - Storage directory /home/runner/work/ozone/ozone/mnt/ozone/hadoop-ozone/integration-test/target/test-dir/MiniOzoneClusterImpl-603eb75f-c0c9-4b57-9906-10dc47a08d14/datanode-8/data/ratis/8cc6e381-03b9-465e-b840-0bc9f4275829 has been successfully formatted.
2021-07-01 01:15:33,161 [pool-437-thread-1] INFO  ratis.ContainerStateMachine (ContainerStateMachine.java:loadSnapshot(223)) - group-0BC9F4275829: The snapshot info is null. Setting the last applied indexto:(t:0, i:~)
2021-07-01 01:15:33,162 [pool-437-thread-1] INFO  server.RaftServerConfigKeys (ConfUtils.java:logGet(44)) - raft.server.notification.no-leader.timeout = 300000ms (custom)
2021-07-01 01:15:33,163 [pool-437-thread-1] INFO  server.RaftServerConfigKeys (ConfUtils.java:logGet(44)) - raft.server.log.use.memory = false (default)
2021-07-01 01:15:33,163 [pool-437-thread-1] INFO  server.RaftServerConfigKeys (ConfUtils.java:logGet(44)) - raft.server.log.purge.gap = 1000000 (custom)
2021-07-01 01:15:33,163 [pool-437-thread-1] INFO  server.RaftServerConfigKeys (ConfUtils.java:logGet(44)) - raft.server.log.appender.buffer.byte-limit = 33554432 (custom)
2021-07-01 01:15:33,163 [pool-437-thread-1] INFO  metrics.RatisMetrics (RatisMetrics.java:lambda$create$0(36)) - Creating Metrics Registry : ratis.log_worker.2c5425c6-dd7c-4ec0-8033-4e93d4830dbf@group-0BC9F4275829
2021-07-01 01:15:33,163 [pool-437-thread-1] INFO  server.RaftServerConfigKeys (ConfUtils.java:logGet(44)) - raft.server.log.segment.size.max = 1048576 (custom)
2021-07-01 01:15:33,163 [pool-437-thread-1] INFO  server.RaftServerConfigKeys (ConfUtils.java:logGet(44)) - raft.server.log.segment.cache.num.max = 2 (custom)
2021-07-01 01:15:33,163 [pool-437-thread-1] INFO  server.RaftServerConfigKeys (ConfUtils.java:logGet(44)) - raft.server.log.segment.cache.size.max = 200MB (=209715200) (default)
2021-07-01 01:15:33,163 [pool-437-thread-1] INFO  segmented.SegmentedRaftLogWorker (SegmentedRaftLogWorker.java:<init>(182)) - new 2c5425c6-dd7c-4ec0-8033-4e93d4830dbf@group-0BC9F4275829-SegmentedRaftLogWorker for RaftStorageImpl:Storage Directory /home/runner/work/ozone/ozone/mnt/ozone/hadoop-ozone/integration-test/target/test-dir/MiniOzoneClusterImpl-603eb75f-c0c9-4b57-9906-10dc47a08d14/datanode-8/data/ratis/8cc6e381-03b9-465e-b840-0bc9f4275829
2021-07-01 01:15:33,164 [pool-437-thread-1] INFO  server.RaftServerConfigKeys (ConfUtils.java:logGet(44)) - raft.server.log.queue.byte-limit = 2147483647 (custom)
2021-07-01 01:15:33,164 [pool-437-thread-1] INFO  server.RaftServerConfigKeys (ConfUtils.java:logGet(44)) - raft.server.log.queue.element-limit = 1024 (custom)
2021-07-01 01:15:33,164 [pool-437-thread-1] INFO  server.RaftServerConfigKeys (ConfUtils.java:logGet(44)) - raft.server.log.segment.size.max = 1048576 (custom)
2021-07-01 01:15:33,164 [pool-437-thread-1] INFO  server.RaftServerConfigKeys (ConfUtils.java:logGet(44)) - raft.server.log.preallocated.size = 16384 (custom)
2021-07-01 01:15:33,165 [pool-437-thread-1] INFO  server.RaftServerConfigKeys (ConfUtils.java:logGet(44)) - raft.server.log.force.sync.num = 128 (default)
2021-07-01 01:15:33,165 [pool-437-thread-1] INFO  server.RaftServerConfigKeys (ConfUtils.java:logGet(44)) - raft.server.log.statemachine.data.sync = true (default)
2021-07-01 01:15:33,165 [pool-437-thread-1] INFO  server.RaftServerConfigKeys (ConfUtils.java:logGet(44)) - raft.server.log.statemachine.data.sync.timeout = 10s (default)
2021-07-01 01:15:33,165 [pool-437-thread-1] INFO  server.RaftServerConfigKeys (ConfUtils.java:logGet(44)) - raft.server.log.statemachine.data.sync.timeout.retry = -1 (default)
2021-07-01 01:15:33,166 [pool-437-thread-1] INFO  server.RaftServerConfigKeys (ConfUtils.java:logGet(44)) - raft.server.log.write.buffer.size = 1048576 (custom)
2021-07-01 01:15:33,166 [pool-437-thread-1] INFO  server.RaftServerConfigKeys (ConfUtils.java:logGet(44)) - raft.server.log.statemachine.data.caching.enabled = true (custom)
2021-07-01 01:15:33,166 [pool-437-thread-1] INFO  segmented.SegmentedRaftLogWorker (SegmentedRaftLogWorker.java:lambda$new$0(133)) - 2c5425c6-dd7c-4ec0-8033-4e93d4830dbf@group-0BC9F4275829-SegmentedRaftLogWorker: flushIndex: setUnconditionally 0 -> -1
2021-07-01 01:15:33,166 [pool-437-thread-1] INFO  segmented.SegmentedRaftLogWorker (SegmentedRaftLogWorker.java:lambda$new$0(133)) - 2c5425c6-dd7c-4ec0-8033-4e93d4830dbf@group-0BC9F4275829-SegmentedRaftLogWorker: safeCacheEvictIndex: setUnconditionally 0 -> -1
2021-07-01 01:15:33,167 [pool-437-thread-1] INFO  server.RaftServerConfigKeys (ConfUtils.java:logGet(44)) - raft.server.snapshot.auto.trigger.enabled = true (custom)
2021-07-01 01:15:33,167 [pool-437-thread-1] INFO  server.RaftServerConfigKeys (ConfUtils.java:logGet(44)) - raft.server.snapshot.auto.trigger.threshold = 10000 (custom)
2021-07-01 01:15:33,167 [pool-437-thread-1] INFO  server.RaftServerConfigKeys (ConfUtils.java:logGet(44)) - raft.server.snapshot.retention.file.num = 5 (custom)
2021-07-01 01:15:33,167 [pool-437-thread-1] INFO  server.RaftServerConfigKeys (ConfUtils.java:logGet(44)) - raft.server.log.purge.upto.snapshot.index = false (default)
2021-07-01 01:15:33,167 [pool-437-thread-1] INFO  server.RaftServerConfigKeys (ConfUtils.java:logGet(44)) - raft.server.retrycache.expirytime = 600000ms (custom)
2021-07-01 01:15:33,167 [pool-437-thread-1] INFO  server.RaftServerConfigKeys (ConfUtils.java:logGet(44)) - raft.server.retrycache.statistics.expirytime = 100μs (default)
2021-07-01 01:15:33,167 [pool-437-thread-1] INFO  metrics.RatisMetrics (RatisMetrics.java:lambda$create$0(36)) - Creating Metrics Registry : ratis.leader_election.2c5425c6-dd7c-4ec0-8033-4e93d4830dbf@group-0BC9F4275829
2021-07-01 01:15:33,167 [pool-437-thread-1] INFO  metrics.RatisMetrics (RatisMetrics.java:lambda$create$0(36)) - Creating Metrics Registry : ratis.server.2c5425c6-dd7c-4ec0-8033-4e93d4830dbf@group-0BC9F4275829
2021-07-01 01:15:33,168 [pool-437-thread-1] INFO  server.RaftServer$Division (RaftServerImpl.java:start(295)) - 2c5425c6-dd7c-4ec0-8033-4e93d4830dbf@group-0BC9F4275829: start as a follower, conf=-1: [74d0c323-91d1-42ce-a7ad-5ac80fac4338|rpc:10.1.0.5:46795|dataStream:|priority:0, 2c5425c6-dd7c-4ec0-8033-4e93d4830dbf|rpc:10.1.0.5:44955|dataStream:|priority:1, e5bed959-61e5-441f-8857-6d0fdb7b4033|rpc:10.1.0.5:45539|dataStream:|priority:0], old=null
2021-07-01 01:15:33,168 [pool-437-thread-1] INFO  server.RaftServer$Division (RaftServerImpl.java:setRole(284)) - 2c5425c6-dd7c-4ec0-8033-4e93d4830dbf@group-0BC9F4275829: changes role from      null to FOLLOWER at term 0 for startAsFollower
2021-07-01 01:15:33,168 [pool-437-thread-1] INFO  impl.RoleInfo (RoleInfo.java:updateAndGet(130)) - 2c5425c6-dd7c-4ec0-8033-4e93d4830dbf: start 2c5425c6-dd7c-4ec0-8033-4e93d4830dbf@group-0BC9F4275829-FollowerState
2021-07-01 01:15:33,169 [pool-437-thread-1] INFO  util.JmxRegister (JmxRegister.java:tryRegister(44)) - Successfully registered JMX Bean with object name Ratis:service=RaftServer,group=group-0BC9F4275829,id=2c5425c6-dd7c-4ec0-8033-4e93d4830dbf
2021-07-01 01:15:33,169 [pool-437-thread-1] INFO  metrics.RatisMetrics (RatisMetrics.java:lambda$create$0(36)) - Creating Metrics Registry : ratis.state_machine.2c5425c6-dd7c-4ec0-8033-4e93d4830dbf@group-0BC9F4275829
2021-07-01 01:15:33,174 [Command processor thread] INFO  commandhandler.CreatePipelineCommandHandler (CreatePipelineCommandHandler.java:handle(106)) - Created Pipeline RATIS THREE PipelineID=8cc6e381-03b9-465e-b840-0bc9f4275829.
2021-07-01 01:15:33,219 [Command processor thread] INFO  server.RaftServer (RaftServerProxy.java:addNew(95)) - e5bed959-61e5-441f-8857-6d0fdb7b4033: addNew group-A8D8BCAA687C:[e5bed959-61e5-441f-8857-6d0fdb7b4033|rpc:10.1.0.5:45539|priority:1] returns group-A8D8BCAA687C:java.util.concurrent.CompletableFuture@366caed8[Not completed]
2021-07-01 01:15:33,220 [pool-419-thread-1] INFO  server.RaftServer$Division (RaftServerImpl.java:<init>(180)) - e5bed959-61e5-441f-8857-6d0fdb7b4033: new RaftServerImpl for group-A8D8BCAA687C:[e5bed959-61e5-441f-8857-6d0fdb7b4033|rpc:10.1.0.5:45539|priority:1] with ContainerStateMachine:uninitialized
2021-07-01 01:15:33,220 [pool-419-thread-1] INFO  server.RaftServerConfigKeys (ConfUtils.java:logGet(44)) - raft.server.rpc.timeout.min = 5s (custom)
2021-07-01 01:15:33,220 [pool-419-thread-1] INFO  server.RaftServerConfigKeys (ConfUtils.java:logGet(44)) - raft.server.rpc.timeout.max = 5200ms (custom)
2021-07-01 01:15:33,221 [pool-419-thread-1] INFO  server.RaftServerConfigKeys (ConfUtils.java:logGet(44)) - raft.server.rpc.sleep.time = 25ms (default)
2021-07-01 01:15:33,221 [pool-419-thread-1] INFO  server.RaftServerConfigKeys (ConfUtils.java:logGet(44)) - raft.server.rpc.slowness.timeout = 300000ms (custom)
2021-07-01 01:15:33,221 [pool-419-thread-1] INFO  server.RaftServerConfigKeys (ConfUtils.java:logGet(44)) - raft.server.leaderelection.leader.step-down.wait-time = 10s (default)
2021-07-01 01:15:33,221 [pool-419-thread-1] INFO  server.RaftServerConfigKeys (ConfUtils.java:logGet(44)) - raft.server.sleep.deviation.threshold = 300ms (default)
2021-07-01 01:15:33,221 [pool-419-thread-1] INFO  server.RaftServerConfigKeys (ConfUtils.java:logGet(44)) - raft.server.log.appender.install.snapshot.enabled = false (custom)
2021-07-01 01:15:33,221 [pool-419-thread-1] INFO  server.RaftServer$Division (ServerState.java:<init>(105)) - e5bed959-61e5-441f-8857-6d0fdb7b4033@group-A8D8BCAA687C: ConfigurationManager, init=-1: [e5bed959-61e5-441f-8857-6d0fdb7b4033|rpc:10.1.0.5:45539|priority:1], old=null, confs=<EMPTY_MAP>
2021-07-01 01:15:33,221 [pool-419-thread-1] INFO  server.RaftServerConfigKeys (ConfUtils.java:logGet(44)) - raft.server.storage.dir = [/home/runner/work/ozone/ozone/mnt/ozone/hadoop-ozone/integration-test/target/test-dir/MiniOzoneClusterImpl-603eb75f-c0c9-4b57-9906-10dc47a08d14/datanode-7/data/ratis] (custom)
2021-07-01 01:15:33,221 [pool-419-thread-1] INFO  server.RaftServerConfigKeys (ConfUtils.java:logGet(44)) - raft.server.log.corruption.policy = EXCEPTION (default)
2021-07-01 01:15:33,222 [pool-419-thread-1] INFO  storage.RaftStorageDirectory (RaftStorageDirectoryImpl.java:analyzeStorage(132)) - The storage directory /home/runner/work/ozone/ozone/mnt/ozone/hadoop-ozone/integration-test/target/test-dir/MiniOzoneClusterImpl-603eb75f-c0c9-4b57-9906-10dc47a08d14/datanode-7/data/ratis/8e9d66ce-5266-4a7b-ba41-a8d8bcaa687c does not exist. Creating ...
2021-07-01 01:15:33,223 [pool-419-thread-1] INFO  storage.RaftStorageDirectory (RaftStorageDirectoryImpl.java:tryLock(215)) - Lock on /home/runner/work/ozone/ozone/mnt/ozone/hadoop-ozone/integration-test/target/test-dir/MiniOzoneClusterImpl-603eb75f-c0c9-4b57-9906-10dc47a08d14/datanode-7/data/ratis/8e9d66ce-5266-4a7b-ba41-a8d8bcaa687c/in_use.lock acquired by nodename 6261@fv-az195-275
2021-07-01 01:15:33,224 [pool-419-thread-1] INFO  storage.RaftStorage (RaftStorageImpl.java:format(87)) - Storage directory /home/runner/work/ozone/ozone/mnt/ozone/hadoop-ozone/integration-test/target/test-dir/MiniOzoneClusterImpl-603eb75f-c0c9-4b57-9906-10dc47a08d14/datanode-7/data/ratis/8e9d66ce-5266-4a7b-ba41-a8d8bcaa687c has been successfully formatted.
2021-07-01 01:15:33,225 [pool-419-thread-1] INFO  ratis.ContainerStateMachine (ContainerStateMachine.java:loadSnapshot(223)) - group-A8D8BCAA687C: The snapshot info is null. Setting the last applied indexto:(t:0, i:~)
2021-07-01 01:15:33,226 [EventQueue-PipelineReportForPipelineReportHandler] INFO  pipeline.PipelineManagerV2Impl (PipelineManagerV2Impl.java:openPipeline(270)) - Pipeline Pipeline[ Id: 8e9d66ce-5266-4a7b-ba41-a8d8bcaa687c, Nodes: e5bed959-61e5-441f-8857-6d0fdb7b4033{ip: 10.1.0.5, host: fv-az195-275.u3nnjwd0vyge1bu22idnsdeq2e.cx.internal.cloudapp.net, ports: [REPLICATION=41417, RATIS=45539, RATIS_ADMIN=45539, RATIS_SERVER=45539, STANDALONE=41197], networkLocation: /default-rack, certSerialId: null, persistedOpState: IN_SERVICE, persistedOpStateExpiryEpochSec: 0}, ReplicationConfig: RATIS/ONE, State:ALLOCATED, leaderId:e5bed959-61e5-441f-8857-6d0fdb7b4033, CreationTimestamp2021-07-01T01:15:30.221Z] moved to OPEN state
2021-07-01 01:15:33,227 [EventQueue-OpenPipelineForHealthyPipelineSafeModeRule] INFO  safemode.SCMSafeModeManager (HealthyPipelineSafeModeRule.java:process(124)) - SCM in safe mode. Healthy pipelines reported count is 0, required healthy pipeline reported count is 1
2021-07-01 01:15:33,229 [pool-419-thread-1] INFO  server.RaftServerConfigKeys (ConfUtils.java:logGet(44)) - raft.server.notification.no-leader.timeout = 300000ms (custom)
2021-07-01 01:15:33,229 [pool-419-thread-1] INFO  server.RaftServerConfigKeys (ConfUtils.java:logGet(44)) - raft.server.log.use.memory = false (default)
2021-07-01 01:15:33,229 [pool-419-thread-1] INFO  server.RaftServerConfigKeys (ConfUtils.java:logGet(44)) - raft.server.log.purge.gap = 1000000 (custom)
2021-07-01 01:15:33,229 [pool-419-thread-1] INFO  server.RaftServerConfigKeys (ConfUtils.java:logGet(44)) - raft.server.log.appender.buffer.byte-limit = 33554432 (custom)
2021-07-01 01:15:33,229 [pool-419-thread-1] INFO  metrics.RatisMetrics (RatisMetrics.java:lambda$create$0(36)) - Creating Metrics Registry : ratis.log_worker.e5bed959-61e5-441f-8857-6d0fdb7b4033@group-A8D8BCAA687C
2021-07-01 01:15:33,229 [pool-419-thread-1] INFO  server.RaftServerConfigKeys (ConfUtils.java:logGet(44)) - raft.server.log.segment.size.max = 1048576 (custom)
2021-07-01 01:15:33,229 [pool-419-thread-1] INFO  server.RaftServerConfigKeys (ConfUtils.java:logGet(44)) - raft.server.log.segment.cache.num.max = 2 (custom)
2021-07-01 01:15:33,229 [pool-419-thread-1] INFO  server.RaftServerConfigKeys (ConfUtils.java:logGet(44)) - raft.server.log.segment.cache.size.max = 200MB (=209715200) (default)
2021-07-01 01:15:33,230 [pool-419-thread-1] INFO  segmented.SegmentedRaftLogWorker (SegmentedRaftLogWorker.java:<init>(182)) - new e5bed959-61e5-441f-8857-6d0fdb7b4033@group-A8D8BCAA687C-SegmentedRaftLogWorker for RaftStorageImpl:Storage Directory /home/runner/work/ozone/ozone/mnt/ozone/hadoop-ozone/integration-test/target/test-dir/MiniOzoneClusterImpl-603eb75f-c0c9-4b57-9906-10dc47a08d14/datanode-7/data/ratis/8e9d66ce-5266-4a7b-ba41-a8d8bcaa687c
2021-07-01 01:15:33,230 [pool-419-thread-1] INFO  server.RaftServerConfigKeys (ConfUtils.java:logGet(44)) - raft.server.log.queue.byte-limit = 2147483647 (custom)
2021-07-01 01:15:33,230 [pool-419-thread-1] INFO  server.RaftServerConfigKeys (ConfUtils.java:logGet(44)) - raft.server.log.queue.element-limit = 1024 (custom)
2021-07-01 01:15:33,230 [pool-419-thread-1] INFO  server.RaftServerConfigKeys (ConfUtils.java:logGet(44)) - raft.server.log.segment.size.max = 1048576 (custom)
2021-07-01 01:15:33,230 [pool-419-thread-1] INFO  server.RaftServerConfigKeys (ConfUtils.java:logGet(44)) - raft.server.log.preallocated.size = 16384 (custom)
2021-07-01 01:15:33,230 [pool-419-thread-1] INFO  server.RaftServerConfigKeys (ConfUtils.java:logGet(44)) - raft.server.log.force.sync.num = 128 (default)
2021-07-01 01:15:33,230 [pool-419-thread-1] INFO  server.RaftServerConfigKeys (ConfUtils.java:logGet(44)) - raft.server.log.statemachine.data.sync = true (default)
2021-07-01 01:15:33,230 [pool-419-thread-1] INFO  server.RaftServerConfigKeys (ConfUtils.java:logGet(44)) - raft.server.log.statemachine.data.sync.timeout = 10s (default)
2021-07-01 01:15:33,230 [pool-419-thread-1] INFO  server.RaftServerConfigKeys (ConfUtils.java:logGet(44)) - raft.server.log.statemachine.data.sync.timeout.retry = -1 (default)
2021-07-01 01:15:33,231 [pool-419-thread-1] INFO  server.RaftServerConfigKeys (ConfUtils.java:logGet(44)) - raft.server.log.write.buffer.size = 1048576 (custom)
2021-07-01 01:15:33,232 [pool-419-thread-1] INFO  server.RaftServerConfigKeys (ConfUtils.java:logGet(44)) - raft.server.log.statemachine.data.caching.enabled = true (custom)
2021-07-01 01:15:33,232 [pool-419-thread-1] INFO  segmented.SegmentedRaftLogWorker (SegmentedRaftLogWorker.java:lambda$new$0(133)) - e5bed959-61e5-441f-8857-6d0fdb7b4033@group-A8D8BCAA687C-SegmentedRaftLogWorker: flushIndex: setUnconditionally 0 -> -1
2021-07-01 01:15:33,232 [pool-419-thread-1] INFO  segmented.SegmentedRaftLogWorker (SegmentedRaftLogWorker.java:lambda$new$0(133)) - e5bed959-61e5-441f-8857-6d0fdb7b4033@group-A8D8BCAA687C-SegmentedRaftLogWorker: safeCacheEvictIndex: setUnconditionally 0 -> -1
2021-07-01 01:15:33,232 [pool-419-thread-1] INFO  server.RaftServerConfigKeys (ConfUtils.java:logGet(44)) - raft.server.snapshot.auto.trigger.enabled = true (custom)
2021-07-01 01:15:33,232 [pool-419-thread-1] INFO  server.RaftServerConfigKeys (ConfUtils.java:logGet(44)) - raft.server.snapshot.auto.trigger.threshold = 10000 (custom)
2021-07-01 01:15:33,232 [pool-419-thread-1] INFO  server.RaftServerConfigKeys (ConfUtils.java:logGet(44)) - raft.server.snapshot.retention.file.num = 5 (custom)
2021-07-01 01:15:33,232 [pool-419-thread-1] INFO  server.RaftServerConfigKeys (ConfUtils.java:logGet(44)) - raft.server.log.purge.upto.snapshot.index = false (default)
2021-07-01 01:15:33,232 [pool-419-thread-1] INFO  server.RaftServerConfigKeys (ConfUtils.java:logGet(44)) - raft.server.retrycache.expirytime = 600000ms (custom)
2021-07-01 01:15:33,233 [pool-419-thread-1] INFO  server.RaftServerConfigKeys (ConfUtils.java:logGet(44)) - raft.server.retrycache.statistics.expirytime = 100μs (default)
2021-07-01 01:15:33,233 [pool-419-thread-1] INFO  metrics.RatisMetrics (RatisMetrics.java:lambda$create$0(36)) - Creating Metrics Registry : ratis.leader_election.e5bed959-61e5-441f-8857-6d0fdb7b4033@group-A8D8BCAA687C
2021-07-01 01:15:33,233 [pool-419-thread-1] INFO  metrics.RatisMetrics (RatisMetrics.java:lambda$create$0(36)) - Creating Metrics Registry : ratis.server.e5bed959-61e5-441f-8857-6d0fdb7b4033@group-A8D8BCAA687C
2021-07-01 01:15:33,234 [pool-419-thread-1] INFO  server.RaftServer$Division (RaftServerImpl.java:start(295)) - e5bed959-61e5-441f-8857-6d0fdb7b4033@group-A8D8BCAA687C: start as a follower, conf=-1: [e5bed959-61e5-441f-8857-6d0fdb7b4033|rpc:10.1.0.5:45539|priority:1], old=null
2021-07-01 01:15:33,234 [pool-419-thread-1] INFO  server.RaftServer$Division (RaftServerImpl.java:setRole(284)) - e5bed959-61e5-441f-8857-6d0fdb7b4033@group-A8D8BCAA687C: changes role from      null to FOLLOWER at term 0 for startAsFollower
2021-07-01 01:15:33,234 [pool-419-thread-1] INFO  impl.RoleInfo (RoleInfo.java:updateAndGet(130)) - e5bed959-61e5-441f-8857-6d0fdb7b4033: start e5bed959-61e5-441f-8857-6d0fdb7b4033@group-A8D8BCAA687C-FollowerState
2021-07-01 01:15:33,234 [pool-419-thread-1] INFO  util.JmxRegister (JmxRegister.java:tryRegister(44)) - Successfully registered JMX Bean with object name Ratis:service=RaftServer,group=group-A8D8BCAA687C,id=e5bed959-61e5-441f-8857-6d0fdb7b4033
2021-07-01 01:15:33,234 [pool-419-thread-1] INFO  metrics.RatisMetrics (RatisMetrics.java:lambda$create$0(36)) - Creating Metrics Registry : ratis.state_machine.e5bed959-61e5-441f-8857-6d0fdb7b4033@group-A8D8BCAA687C
2021-07-01 01:15:33,235 [Command processor thread] INFO  ratis.XceiverServerRatis (XceiverServerRatis.java:addGroup(759)) - Created group PipelineID=8e9d66ce-5266-4a7b-ba41-a8d8bcaa687c
2021-07-01 01:15:33,235 [Command processor thread] INFO  commandhandler.CreatePipelineCommandHandler (CreatePipelineCommandHandler.java:handle(106)) - Created Pipeline RATIS ONE PipelineID=8e9d66ce-5266-4a7b-ba41-a8d8bcaa687c.
2021-07-01 01:15:33,367 [Command processor thread] INFO  server.RaftServer (RaftServerProxy.java:addNew(95)) - 2c5425c6-dd7c-4ec0-8033-4e93d4830dbf: addNew group-30AC3F6D4787:[2c5425c6-dd7c-4ec0-8033-4e93d4830dbf|rpc:10.1.0.5:44955|priority:1] returns group-30AC3F6D4787:java.util.concurrent.CompletableFuture@7b572fd7[Not completed]
2021-07-01 01:15:33,368 [pool-437-thread-1] INFO  server.RaftServer$Division (RaftServerImpl.java:<init>(180)) - 2c5425c6-dd7c-4ec0-8033-4e93d4830dbf: new RaftServerImpl for group-30AC3F6D4787:[2c5425c6-dd7c-4ec0-8033-4e93d4830dbf|rpc:10.1.0.5:44955|priority:1] with ContainerStateMachine:uninitialized
2021-07-01 01:15:33,368 [pool-437-thread-1] INFO  server.RaftServerConfigKeys (ConfUtils.java:logGet(44)) - raft.server.rpc.timeout.min = 5s (custom)
2021-07-01 01:15:33,368 [pool-437-thread-1] INFO  server.RaftServerConfigKeys (ConfUtils.java:logGet(44)) - raft.server.rpc.timeout.max = 5200ms (custom)
2021-07-01 01:15:33,369 [pool-437-thread-1] INFO  server.RaftServerConfigKeys (ConfUtils.java:logGet(44)) - raft.server.rpc.sleep.time = 25ms (default)
2021-07-01 01:15:33,369 [pool-437-thread-1] INFO  server.RaftServerConfigKeys (ConfUtils.java:logGet(44)) - raft.server.rpc.slowness.timeout = 300000ms (custom)
2021-07-01 01:15:33,369 [pool-437-thread-1] INFO  server.RaftServerConfigKeys (ConfUtils.java:logGet(44)) - raft.server.leaderelection.leader.step-down.wait-time = 10s (default)
2021-07-01 01:15:33,369 [pool-437-thread-1] INFO  server.RaftServerConfigKeys (ConfUtils.java:logGet(44)) - raft.server.sleep.deviation.threshold = 300ms (default)
2021-07-01 01:15:33,369 [pool-437-thread-1] INFO  server.RaftServerConfigKeys (ConfUtils.java:logGet(44)) - raft.server.log.appender.install.snapshot.enabled = false (custom)
2021-07-01 01:15:33,369 [pool-437-thread-1] INFO  server.RaftServer$Division (ServerState.java:<init>(105)) - 2c5425c6-dd7c-4ec0-8033-4e93d4830dbf@group-30AC3F6D4787: ConfigurationManager, init=-1: [2c5425c6-dd7c-4ec0-8033-4e93d4830dbf|rpc:10.1.0.5:44955|priority:1], old=null, confs=<EMPTY_MAP>
2021-07-01 01:15:33,369 [pool-437-thread-1] INFO  server.RaftServerConfigKeys (ConfUtils.java:logGet(44)) - raft.server.storage.dir = [/home/runner/work/ozone/ozone/mnt/ozone/hadoop-ozone/integration-test/target/test-dir/MiniOzoneClusterImpl-603eb75f-c0c9-4b57-9906-10dc47a08d14/datanode-8/data/ratis] (custom)
2021-07-01 01:15:33,369 [pool-437-thread-1] INFO  server.RaftServerConfigKeys (ConfUtils.java:logGet(44)) - raft.server.log.corruption.policy = EXCEPTION (default)
2021-07-01 01:15:33,369 [pool-437-thread-1] INFO  storage.RaftStorageDirectory (RaftStorageDirectoryImpl.java:analyzeStorage(132)) - The storage directory /home/runner/work/ozone/ozone/mnt/ozone/hadoop-ozone/integration-test/target/test-dir/MiniOzoneClusterImpl-603eb75f-c0c9-4b57-9906-10dc47a08d14/datanode-8/data/ratis/bb6854db-77ea-4a3f-8f65-30ac3f6d4787 does not exist. Creating ...
2021-07-01 01:15:33,370 [pool-437-thread-1] INFO  storage.RaftStorageDirectory (RaftStorageDirectoryImpl.java:tryLock(215)) - Lock on /home/runner/work/ozone/ozone/mnt/ozone/hadoop-ozone/integration-test/target/test-dir/MiniOzoneClusterImpl-603eb75f-c0c9-4b57-9906-10dc47a08d14/datanode-8/data/ratis/bb6854db-77ea-4a3f-8f65-30ac3f6d4787/in_use.lock acquired by nodename 6261@fv-az195-275
2021-07-01 01:15:33,371 [pool-437-thread-1] INFO  storage.RaftStorage (RaftStorageImpl.java:format(87)) - Storage directory /home/runner/work/ozone/ozone/mnt/ozone/hadoop-ozone/integration-test/target/test-dir/MiniOzoneClusterImpl-603eb75f-c0c9-4b57-9906-10dc47a08d14/datanode-8/data/ratis/bb6854db-77ea-4a3f-8f65-30ac3f6d4787 has been successfully formatted.
2021-07-01 01:15:33,372 [pool-437-thread-1] INFO  ratis.ContainerStateMachine (ContainerStateMachine.java:loadSnapshot(223)) - group-30AC3F6D4787: The snapshot info is null. Setting the last applied indexto:(t:0, i:~)
2021-07-01 01:15:33,372 [pool-437-thread-1] INFO  server.RaftServerConfigKeys (ConfUtils.java:logGet(44)) - raft.server.notification.no-leader.timeout = 300000ms (custom)
2021-07-01 01:15:33,372 [pool-437-thread-1] INFO  server.RaftServerConfigKeys (ConfUtils.java:logGet(44)) - raft.server.log.use.memory = false (default)
2021-07-01 01:15:33,372 [pool-437-thread-1] INFO  server.RaftServerConfigKeys (ConfUtils.java:logGet(44)) - raft.server.log.purge.gap = 1000000 (custom)
2021-07-01 01:15:33,372 [pool-437-thread-1] INFO  server.RaftServerConfigKeys (ConfUtils.java:logGet(44)) - raft.server.log.appender.buffer.byte-limit = 33554432 (custom)
2021-07-01 01:15:33,372 [pool-437-thread-1] INFO  metrics.RatisMetrics (RatisMetrics.java:lambda$create$0(36)) - Creating Metrics Registry : ratis.log_worker.2c5425c6-dd7c-4ec0-8033-4e93d4830dbf@group-30AC3F6D4787
2021-07-01 01:15:33,373 [EventQueue-PipelineReportForPipelineReportHandler] INFO  pipeline.PipelineManagerV2Impl (PipelineManagerV2Impl.java:openPipeline(270)) - Pipeline Pipeline[ Id: bb6854db-77ea-4a3f-8f65-30ac3f6d4787, Nodes: 2c5425c6-dd7c-4ec0-8033-4e93d4830dbf{ip: 10.1.0.5, host: fv-az195-275.u3nnjwd0vyge1bu22idnsdeq2e.cx.internal.cloudapp.net, ports: [REPLICATION=40799, RATIS=44955, RATIS_ADMIN=44955, RATIS_SERVER=44955, STANDALONE=40545], networkLocation: /default-rack, certSerialId: null, persistedOpState: IN_SERVICE, persistedOpStateExpiryEpochSec: 0}, ReplicationConfig: RATIS/ONE, State:ALLOCATED, leaderId:2c5425c6-dd7c-4ec0-8033-4e93d4830dbf, CreationTimestamp2021-07-01T01:15:30.369Z] moved to OPEN state
2021-07-01 01:15:33,373 [EventQueue-OpenPipelineForHealthyPipelineSafeModeRule] INFO  safemode.SCMSafeModeManager (HealthyPipelineSafeModeRule.java:process(124)) - SCM in safe mode. Healthy pipelines reported count is 0, required healthy pipeline reported count is 1
2021-07-01 01:15:33,373 [pool-437-thread-1] INFO  server.RaftServerConfigKeys (ConfUtils.java:logGet(44)) - raft.server.log.segment.size.max = 1048576 (custom)
2021-07-01 01:15:33,374 [pool-437-thread-1] INFO  server.RaftServerConfigKeys (ConfUtils.java:logGet(44)) - raft.server.log.segment.cache.num.max = 2 (custom)
2021-07-01 01:15:33,374 [pool-437-thread-1] INFO  server.RaftServerConfigKeys (ConfUtils.java:logGet(44)) - raft.server.log.segment.cache.size.max = 200MB (=209715200) (default)
2021-07-01 01:15:33,374 [pool-437-thread-1] INFO  segmented.SegmentedRaftLogWorker (SegmentedRaftLogWorker.java:<init>(182)) - new 2c5425c6-dd7c-4ec0-8033-4e93d4830dbf@group-30AC3F6D4787-SegmentedRaftLogWorker for RaftStorageImpl:Storage Directory /home/runner/work/ozone/ozone/mnt/ozone/hadoop-ozone/integration-test/target/test-dir/MiniOzoneClusterImpl-603eb75f-c0c9-4b57-9906-10dc47a08d14/datanode-8/data/ratis/bb6854db-77ea-4a3f-8f65-30ac3f6d4787
2021-07-01 01:15:33,374 [pool-437-thread-1] INFO  server.RaftServerConfigKeys (ConfUtils.java:logGet(44)) - raft.server.log.queue.byte-limit = 2147483647 (custom)
2021-07-01 01:15:33,374 [pool-437-thread-1] INFO  server.RaftServerConfigKeys (ConfUtils.java:logGet(44)) - raft.server.log.queue.element-limit = 1024 (custom)
2021-07-01 01:15:33,374 [pool-437-thread-1] INFO  server.RaftServerConfigKeys (ConfUtils.java:logGet(44)) - raft.server.log.segment.size.max = 1048576 (custom)
2021-07-01 01:15:33,374 [pool-437-thread-1] INFO  server.RaftServerConfigKeys (ConfUtils.java:logGet(44)) - raft.server.log.preallocated.size = 16384 (custom)
2021-07-01 01:15:33,375 [pool-437-thread-1] INFO  server.RaftServerConfigKeys (ConfUtils.java:logGet(44)) - raft.server.log.force.sync.num = 128 (default)
2021-07-01 01:15:33,375 [pool-437-thread-1] INFO  server.RaftServerConfigKeys (ConfUtils.java:logGet(44)) - raft.server.log.statemachine.data.sync = true (default)
2021-07-01 01:15:33,375 [pool-437-thread-1] INFO  server.RaftServerConfigKeys (ConfUtils.java:logGet(44)) - raft.server.log.statemachine.data.sync.timeout = 10s (default)
2021-07-01 01:15:33,375 [pool-437-thread-1] INFO  server.RaftServerConfigKeys (ConfUtils.java:logGet(44)) - raft.server.log.statemachine.data.sync.timeout.retry = -1 (default)
2021-07-01 01:15:33,377 [Listener at 127.0.0.1/41923] INFO  ozone.MiniOzoneClusterImpl (MiniOzoneClusterImpl.java:lambda$waitForClusterToBeReady$0(227)) - Nodes are ready. Got 9 of 9 DN Heartbeats.
2021-07-01 01:15:33,377 [Listener at 127.0.0.1/41923] INFO  ozone.MiniOzoneClusterImpl (MiniOzoneClusterImpl.java:lambda$waitForClusterToBeReady$0(230)) - Waiting for cluster to exit safe mode
2021-07-01 01:15:33,377 [Listener at 127.0.0.1/41923] INFO  ozone.MiniOzoneClusterImpl (MiniOzoneClusterImpl.java:lambda$waitForClusterToBeReady$0(232)) - SCM became leader
2021-07-01 01:15:33,380 [pool-437-thread-1] INFO  server.RaftServerConfigKeys (ConfUtils.java:logGet(44)) - raft.server.log.write.buffer.size = 1048576 (custom)
2021-07-01 01:15:33,380 [pool-437-thread-1] INFO  server.RaftServerConfigKeys (ConfUtils.java:logGet(44)) - raft.server.log.statemachine.data.caching.enabled = true (custom)
2021-07-01 01:15:33,380 [pool-437-thread-1] INFO  segmented.SegmentedRaftLogWorker (SegmentedRaftLogWorker.java:lambda$new$0(133)) - 2c5425c6-dd7c-4ec0-8033-4e93d4830dbf@group-30AC3F6D4787-SegmentedRaftLogWorker: flushIndex: setUnconditionally 0 -> -1
2021-07-01 01:15:33,381 [pool-437-thread-1] INFO  segmented.SegmentedRaftLogWorker (SegmentedRaftLogWorker.java:lambda$new$0(133)) - 2c5425c6-dd7c-4ec0-8033-4e93d4830dbf@group-30AC3F6D4787-SegmentedRaftLogWorker: safeCacheEvictIndex: setUnconditionally 0 -> -1
2021-07-01 01:15:33,381 [pool-437-thread-1] INFO  server.RaftServerConfigKeys (ConfUtils.java:logGet(44)) - raft.server.snapshot.auto.trigger.enabled = true (custom)
2021-07-01 01:15:33,381 [pool-437-thread-1] INFO  server.RaftServerConfigKeys (ConfUtils.java:logGet(44)) - raft.server.snapshot.auto.trigger.threshold = 10000 (custom)
2021-07-01 01:15:33,381 [pool-437-thread-1] INFO  server.RaftServerConfigKeys (ConfUtils.java:logGet(44)) - raft.server.snapshot.retention.file.num = 5 (custom)
2021-07-01 01:15:33,381 [pool-437-thread-1] INFO  server.RaftServerConfigKeys (ConfUtils.java:logGet(44)) - raft.server.log.purge.upto.snapshot.index = false (default)
2021-07-01 01:15:33,381 [pool-437-thread-1] INFO  server.RaftServerConfigKeys (ConfUtils.java:logGet(44)) - raft.server.retrycache.expirytime = 600000ms (custom)
2021-07-01 01:15:33,381 [pool-437-thread-1] INFO  server.RaftServerConfigKeys (ConfUtils.java:logGet(44)) - raft.server.retrycache.statistics.expirytime = 100μs (default)
2021-07-01 01:15:33,381 [pool-437-thread-1] INFO  metrics.RatisMetrics (RatisMetrics.java:lambda$create$0(36)) - Creating Metrics Registry : ratis.leader_election.2c5425c6-dd7c-4ec0-8033-4e93d4830dbf@group-30AC3F6D4787
2021-07-01 01:15:33,381 [pool-437-thread-1] INFO  metrics.RatisMetrics (RatisMetrics.java:lambda$create$0(36)) - Creating Metrics Registry : ratis.server.2c5425c6-dd7c-4ec0-8033-4e93d4830dbf@group-30AC3F6D4787
2021-07-01 01:15:33,382 [pool-437-thread-1] INFO  server.RaftServer$Division (RaftServerImpl.java:start(295)) - 2c5425c6-dd7c-4ec0-8033-4e93d4830dbf@group-30AC3F6D4787: start as a follower, conf=-1: [2c5425c6-dd7c-4ec0-8033-4e93d4830dbf|rpc:10.1.0.5:44955|priority:1], old=null
2021-07-01 01:15:33,382 [pool-437-thread-1] INFO  server.RaftServer$Division (RaftServerImpl.java:setRole(284)) - 2c5425c6-dd7c-4ec0-8033-4e93d4830dbf@group-30AC3F6D4787: changes role from      null to FOLLOWER at term 0 for startAsFollower
2021-07-01 01:15:33,382 [pool-437-thread-1] INFO  impl.RoleInfo (RoleInfo.java:updateAndGet(130)) - 2c5425c6-dd7c-4ec0-8033-4e93d4830dbf: start 2c5425c6-dd7c-4ec0-8033-4e93d4830dbf@group-30AC3F6D4787-FollowerState
2021-07-01 01:15:33,383 [pool-437-thread-1] INFO  util.JmxRegister (JmxRegister.java:tryRegister(44)) - Successfully registered JMX Bean with object name Ratis:service=RaftServer,group=group-30AC3F6D4787,id=2c5425c6-dd7c-4ec0-8033-4e93d4830dbf
2021-07-01 01:15:33,383 [pool-437-thread-1] INFO  metrics.RatisMetrics (RatisMetrics.java:lambda$create$0(36)) - Creating Metrics Registry : ratis.state_machine.2c5425c6-dd7c-4ec0-8033-4e93d4830dbf@group-30AC3F6D4787
2021-07-01 01:15:33,384 [Command processor thread] INFO  ratis.XceiverServerRatis (XceiverServerRatis.java:addGroup(759)) - Created group PipelineID=bb6854db-77ea-4a3f-8f65-30ac3f6d4787
2021-07-01 01:15:33,384 [Command processor thread] INFO  commandhandler.CreatePipelineCommandHandler (CreatePipelineCommandHandler.java:handle(106)) - Created Pipeline RATIS ONE PipelineID=bb6854db-77ea-4a3f-8f65-30ac3f6d4787.
2021-07-01 01:15:34,379 [Listener at 127.0.0.1/41923] INFO  ozone.MiniOzoneClusterImpl (MiniOzoneClusterImpl.java:lambda$waitForClusterToBeReady$0(227)) - Nodes are ready. Got 9 of 9 DN Heartbeats.
2021-07-01 01:15:34,379 [Listener at 127.0.0.1/41923] INFO  ozone.MiniOzoneClusterImpl (MiniOzoneClusterImpl.java:lambda$waitForClusterToBeReady$0(230)) - Waiting for cluster to exit safe mode
2021-07-01 01:15:34,379 [Listener at 127.0.0.1/41923] INFO  ozone.MiniOzoneClusterImpl (MiniOzoneClusterImpl.java:lambda$waitForClusterToBeReady$0(232)) - SCM became leader
2021-07-01 01:15:35,380 [Listener at 127.0.0.1/41923] INFO  ozone.MiniOzoneClusterImpl (MiniOzoneClusterImpl.java:lambda$waitForClusterToBeReady$0(227)) - Nodes are ready. Got 9 of 9 DN Heartbeats.
2021-07-01 01:15:35,380 [Listener at 127.0.0.1/41923] INFO  ozone.MiniOzoneClusterImpl (MiniOzoneClusterImpl.java:lambda$waitForClusterToBeReady$0(230)) - Waiting for cluster to exit safe mode
2021-07-01 01:15:35,380 [Listener at 127.0.0.1/41923] INFO  ozone.MiniOzoneClusterImpl (MiniOzoneClusterImpl.java:lambda$waitForClusterToBeReady$0(232)) - SCM became leader
2021-07-01 01:15:36,380 [Listener at 127.0.0.1/41923] INFO  ozone.MiniOzoneClusterImpl (MiniOzoneClusterImpl.java:lambda$waitForClusterToBeReady$0(227)) - Nodes are ready. Got 9 of 9 DN Heartbeats.
2021-07-01 01:15:36,381 [Listener at 127.0.0.1/41923] INFO  ozone.MiniOzoneClusterImpl (MiniOzoneClusterImpl.java:lambda$waitForClusterToBeReady$0(230)) - Waiting for cluster to exit safe mode
2021-07-01 01:15:36,381 [Listener at 127.0.0.1/41923] INFO  ozone.MiniOzoneClusterImpl (MiniOzoneClusterImpl.java:lambda$waitForClusterToBeReady$0(232)) - SCM became leader
2021-07-01 01:15:37,381 [Listener at 127.0.0.1/41923] INFO  ozone.MiniOzoneClusterImpl (MiniOzoneClusterImpl.java:lambda$waitForClusterToBeReady$0(227)) - Nodes are ready. Got 9 of 9 DN Heartbeats.
2021-07-01 01:15:37,381 [Listener at 127.0.0.1/41923] INFO  ozone.MiniOzoneClusterImpl (MiniOzoneClusterImpl.java:lambda$waitForClusterToBeReady$0(230)) - Waiting for cluster to exit safe mode
2021-07-01 01:15:37,381 [Listener at 127.0.0.1/41923] INFO  ozone.MiniOzoneClusterImpl (MiniOzoneClusterImpl.java:lambda$waitForClusterToBeReady$0(232)) - SCM became leader
2021-07-01 01:15:37,486 [a8e60af1-b0b5-4e51-add8-0d393ff38b25@group-C472C5E57489-FollowerState] INFO  impl.FollowerState (FollowerState.java:run(134)) - a8e60af1-b0b5-4e51-add8-0d393ff38b25@group-C472C5E57489-FollowerState: change to CANDIDATE, lastRpcElapsedTime:5099790390ns, electionTimeout:5099ms
2021-07-01 01:15:37,486 [a8e60af1-b0b5-4e51-add8-0d393ff38b25@group-C472C5E57489-FollowerState] INFO  impl.RoleInfo (RoleInfo.java:shutdownFollowerState(108)) - a8e60af1-b0b5-4e51-add8-0d393ff38b25: shutdown a8e60af1-b0b5-4e51-add8-0d393ff38b25@group-C472C5E57489-FollowerState
2021-07-01 01:15:37,487 [a8e60af1-b0b5-4e51-add8-0d393ff38b25@group-C472C5E57489-FollowerState] INFO  server.RaftServer$Division (RaftServerImpl.java:setRole(284)) - a8e60af1-b0b5-4e51-add8-0d393ff38b25@group-C472C5E57489: changes role from  FOLLOWER to CANDIDATE at term 0 for changeToCandidate
2021-07-01 01:15:37,488 [a8e60af1-b0b5-4e51-add8-0d393ff38b25@group-C472C5E57489-FollowerState] INFO  server.RaftServerConfigKeys (ConfUtils.java:logGet(44)) - raft.server.leaderelection.pre-vote = false (custom)
2021-07-01 01:15:37,488 [a8e60af1-b0b5-4e51-add8-0d393ff38b25@group-C472C5E57489-FollowerState] INFO  impl.RoleInfo (RoleInfo.java:updateAndGet(130)) - a8e60af1-b0b5-4e51-add8-0d393ff38b25: start a8e60af1-b0b5-4e51-add8-0d393ff38b25@group-C472C5E57489-LeaderElection19
2021-07-01 01:15:37,496 [12e155f9-24cd-4496-9fcd-b734ad3c03a4@group-690E4381A16B-FollowerState] INFO  impl.FollowerState (FollowerState.java:run(134)) - 12e155f9-24cd-4496-9fcd-b734ad3c03a4@group-690E4381A16B-FollowerState: change to CANDIDATE, lastRpcElapsedTime:5002016667ns, electionTimeout:5000ms
2021-07-01 01:15:37,497 [12e155f9-24cd-4496-9fcd-b734ad3c03a4@group-690E4381A16B-FollowerState] INFO  impl.RoleInfo (RoleInfo.java:shutdownFollowerState(108)) - 12e155f9-24cd-4496-9fcd-b734ad3c03a4: shutdown 12e155f9-24cd-4496-9fcd-b734ad3c03a4@group-690E4381A16B-FollowerState
2021-07-01 01:15:37,498 [12e155f9-24cd-4496-9fcd-b734ad3c03a4@group-690E4381A16B-FollowerState] INFO  server.RaftServer$Division (RaftServerImpl.java:setRole(284)) - 12e155f9-24cd-4496-9fcd-b734ad3c03a4@group-690E4381A16B: changes role from  FOLLOWER to CANDIDATE at term 0 for changeToCandidate
2021-07-01 01:15:37,499 [12e155f9-24cd-4496-9fcd-b734ad3c03a4@group-690E4381A16B-FollowerState] INFO  server.RaftServerConfigKeys (ConfUtils.java:logGet(44)) - raft.server.leaderelection.pre-vote = false (custom)
2021-07-01 01:15:37,499 [a8e60af1-b0b5-4e51-add8-0d393ff38b25@group-C472C5E57489-LeaderElection19] INFO  impl.LeaderElection (LeaderElection.java:askForVotes(306)) - a8e60af1-b0b5-4e51-add8-0d393ff38b25@group-C472C5E57489-LeaderElection19 ELECTION round 0: submit vote requests at term 1 for -1: [a8e60af1-b0b5-4e51-add8-0d393ff38b25|rpc:10.1.0.5:37199|priority:1], old=null
2021-07-01 01:15:37,500 [a8e60af1-b0b5-4e51-add8-0d393ff38b25@group-C472C5E57489-LeaderElection19] INFO  impl.LeaderElection (LeaderElection.java:askForVotes(308)) - a8e60af1-b0b5-4e51-add8-0d393ff38b25@group-C472C5E57489-LeaderElection19 ELECTION round 0: result PASSED (term=1)
2021-07-01 01:15:37,500 [a8e60af1-b0b5-4e51-add8-0d393ff38b25@group-C472C5E57489-LeaderElection19] INFO  impl.RoleInfo (RoleInfo.java:shutdownLeaderElection(121)) - a8e60af1-b0b5-4e51-add8-0d393ff38b25: shutdown a8e60af1-b0b5-4e51-add8-0d393ff38b25@group-C472C5E57489-LeaderElection19
2021-07-01 01:15:37,499 [12e155f9-24cd-4496-9fcd-b734ad3c03a4@group-690E4381A16B-FollowerState] INFO  impl.RoleInfo (RoleInfo.java:updateAndGet(130)) - 12e155f9-24cd-4496-9fcd-b734ad3c03a4: start 12e155f9-24cd-4496-9fcd-b734ad3c03a4@group-690E4381A16B-LeaderElection20
2021-07-01 01:15:37,500 [a8e60af1-b0b5-4e51-add8-0d393ff38b25@group-C472C5E57489-LeaderElection19] INFO  server.RaftServer$Division (RaftServerImpl.java:setRole(284)) - a8e60af1-b0b5-4e51-add8-0d393ff38b25@group-C472C5E57489: changes role from CANDIDATE to LEADER at term 1 for changeToLeader
2021-07-01 01:15:37,504 [a8e60af1-b0b5-4e51-add8-0d393ff38b25@group-C472C5E57489-LeaderElection19] INFO  ratis.XceiverServerRatis (XceiverServerRatis.java:handleLeaderChangedNotification(857)) - Leader change notification received for group: group-C472C5E57489 with new leaderId: a8e60af1-b0b5-4e51-add8-0d393ff38b25
2021-07-01 01:15:37,505 [a8e60af1-b0b5-4e51-add8-0d393ff38b25@group-C472C5E57489-LeaderElection19] INFO  server.RaftServer$Division (ServerState.java:setLeader(271)) - a8e60af1-b0b5-4e51-add8-0d393ff38b25@group-C472C5E57489: change Leader from null to a8e60af1-b0b5-4e51-add8-0d393ff38b25 at term 1 for becomeLeader, leader elected after 5124ms
2021-07-01 01:15:37,505 [a8e60af1-b0b5-4e51-add8-0d393ff38b25@group-C472C5E57489-LeaderElection19] INFO  server.RaftServerConfigKeys (ConfUtils.java:logGet(44)) - raft.server.staging.catchup.gap = 1000 (default)
2021-07-01 01:15:37,505 [a8e60af1-b0b5-4e51-add8-0d393ff38b25@group-C472C5E57489-LeaderElection19] INFO  metrics.RatisMetrics (RatisMetrics.java:lambda$create$0(36)) - Creating Metrics Registry : ratis.log_appender.a8e60af1-b0b5-4e51-add8-0d393ff38b25@group-C472C5E57489
2021-07-01 01:15:37,505 [a8e60af1-b0b5-4e51-add8-0d393ff38b25@group-C472C5E57489-LeaderElection19] INFO  server.RaftServerConfigKeys (ConfUtils.java:logGet(44)) - raft.server.write.element-limit = 1024 (custom)
2021-07-01 01:15:37,505 [a8e60af1-b0b5-4e51-add8-0d393ff38b25@group-C472C5E57489-LeaderElection19] INFO  server.RaftServerConfigKeys (ConfUtils.java:logGet(44)) - raft.server.write.byte-limit = 1073741824 (custom)
2021-07-01 01:15:37,506 [a8e60af1-b0b5-4e51-add8-0d393ff38b25@group-C472C5E57489-LeaderElection19] INFO  server.RaftServerConfigKeys (ConfUtils.java:logGet(44)) - raft.server.watch.timeout = 3000ms (custom)
2021-07-01 01:15:37,506 [a8e60af1-b0b5-4e51-add8-0d393ff38b25@group-C472C5E57489-LeaderElection19] INFO  server.RaftServerConfigKeys (ConfUtils.java:logGet(44)) - raft.server.watch.timeout.denomination = 1s (default)
2021-07-01 01:15:37,506 [a8e60af1-b0b5-4e51-add8-0d393ff38b25@group-C472C5E57489-LeaderElection19] INFO  server.RaftServerConfigKeys (ConfUtils.java:logGet(44)) - raft.server.watch.element-limit = 65536 (default)
2021-07-01 01:15:37,506 [a8e60af1-b0b5-4e51-add8-0d393ff38b25@group-C472C5E57489-LeaderElection19] INFO  impl.RoleInfo (RoleInfo.java:updateAndGet(130)) - a8e60af1-b0b5-4e51-add8-0d393ff38b25: start a8e60af1-b0b5-4e51-add8-0d393ff38b25@group-C472C5E57489-LeaderStateImpl
2021-07-01 01:15:37,506 [a8e60af1-b0b5-4e51-add8-0d393ff38b25@group-C472C5E57489-LeaderElection19] INFO  segmented.SegmentedRaftLogWorker (SegmentedRaftLogWorker.java:startLogSegment(394)) - a8e60af1-b0b5-4e51-add8-0d393ff38b25@group-C472C5E57489-SegmentedRaftLogWorker: Starting segment from index:0
2021-07-01 01:15:37,506 [EventQueue-OpenPipelineForHealthyPipelineSafeModeRule] INFO  safemode.SCMSafeModeManager (HealthyPipelineSafeModeRule.java:process(124)) - SCM in safe mode. Healthy pipelines reported count is 0, required healthy pipeline reported count is 1
2021-07-01 01:15:37,508 [a8e60af1-b0b5-4e51-add8-0d393ff38b25@group-C472C5E57489-SegmentedRaftLogWorker] INFO  segmented.SegmentedRaftLogWorker (SegmentedRaftLogWorker.java:execute(601)) - a8e60af1-b0b5-4e51-add8-0d393ff38b25@group-C472C5E57489-SegmentedRaftLogWorker: created new log segment /home/runner/work/ozone/ozone/mnt/ozone/hadoop-ozone/integration-test/target/test-dir/MiniOzoneClusterImpl-603eb75f-c0c9-4b57-9906-10dc47a08d14/datanode-0/data/ratis/4bcbe9cf-9eeb-453c-9aa9-c472c5e57489/current/log_inprogress_0
2021-07-01 01:15:37,508 [12e155f9-24cd-4496-9fcd-b734ad3c03a4@group-690E4381A16B-LeaderElection20] INFO  impl.LeaderElection (LeaderElection.java:askForVotes(306)) - 12e155f9-24cd-4496-9fcd-b734ad3c03a4@group-690E4381A16B-LeaderElection20 ELECTION round 0: submit vote requests at term 1 for -1: [12e155f9-24cd-4496-9fcd-b734ad3c03a4|rpc:10.1.0.5:37489|priority:1], old=null
2021-07-01 01:15:37,508 [12e155f9-24cd-4496-9fcd-b734ad3c03a4@group-690E4381A16B-LeaderElection20] INFO  impl.LeaderElection (LeaderElection.java:askForVotes(308)) - 12e155f9-24cd-4496-9fcd-b734ad3c03a4@group-690E4381A16B-LeaderElection20 ELECTION round 0: result PASSED (term=1)
2021-07-01 01:15:37,509 [12e155f9-24cd-4496-9fcd-b734ad3c03a4@group-690E4381A16B-LeaderElection20] INFO  impl.RoleInfo (RoleInfo.java:shutdownLeaderElection(121)) - 12e155f9-24cd-4496-9fcd-b734ad3c03a4: shutdown 12e155f9-24cd-4496-9fcd-b734ad3c03a4@group-690E4381A16B-LeaderElection20
2021-07-01 01:15:37,509 [12e155f9-24cd-4496-9fcd-b734ad3c03a4@group-690E4381A16B-LeaderElection20] INFO  server.RaftServer$Division (RaftServerImpl.java:setRole(284)) - 12e155f9-24cd-4496-9fcd-b734ad3c03a4@group-690E4381A16B: changes role from CANDIDATE to LEADER at term 1 for changeToLeader
2021-07-01 01:15:37,509 [12e155f9-24cd-4496-9fcd-b734ad3c03a4@group-690E4381A16B-LeaderElection20] INFO  ratis.XceiverServerRatis (XceiverServerRatis.java:handleLeaderChangedNotification(857)) - Leader change notification received for group: group-690E4381A16B with new leaderId: 12e155f9-24cd-4496-9fcd-b734ad3c03a4
2021-07-01 01:15:37,516 [12e155f9-24cd-4496-9fcd-b734ad3c03a4@group-690E4381A16B-LeaderElection20] INFO  server.RaftServer$Division (ServerState.java:setLeader(271)) - 12e155f9-24cd-4496-9fcd-b734ad3c03a4@group-690E4381A16B: change Leader from null to 12e155f9-24cd-4496-9fcd-b734ad3c03a4 at term 1 for becomeLeader, leader elected after 5023ms
2021-07-01 01:15:37,516 [a8e60af1-b0b5-4e51-add8-0d393ff38b25@group-C472C5E57489-LeaderElection19] INFO  server.RaftServer$Division (ServerState.java:setRaftConf(373)) - a8e60af1-b0b5-4e51-add8-0d393ff38b25@group-C472C5E57489: set configuration 0: [a8e60af1-b0b5-4e51-add8-0d393ff38b25|rpc:10.1.0.5:37199|dataStream:|priority:1], old=null
2021-07-01 01:15:37,517 [12e155f9-24cd-4496-9fcd-b734ad3c03a4@group-690E4381A16B-LeaderElection20] INFO  server.RaftServerConfigKeys (ConfUtils.java:logGet(44)) - raft.server.staging.catchup.gap = 1000 (default)
2021-07-01 01:15:37,517 [12e155f9-24cd-4496-9fcd-b734ad3c03a4@group-690E4381A16B-LeaderElection20] INFO  metrics.RatisMetrics (RatisMetrics.java:lambda$create$0(36)) - Creating Metrics Registry : ratis.log_appender.12e155f9-24cd-4496-9fcd-b734ad3c03a4@group-690E4381A16B
2021-07-01 01:15:37,517 [12e155f9-24cd-4496-9fcd-b734ad3c03a4@group-690E4381A16B-LeaderElection20] INFO  server.RaftServerConfigKeys (ConfUtils.java:logGet(44)) - raft.server.write.element-limit = 1024 (custom)
2021-07-01 01:15:37,517 [12e155f9-24cd-4496-9fcd-b734ad3c03a4@group-690E4381A16B-LeaderElection20] INFO  server.RaftServerConfigKeys (ConfUtils.java:logGet(44)) - raft.server.write.byte-limit = 1073741824 (custom)
2021-07-01 01:15:37,517 [12e155f9-24cd-4496-9fcd-b734ad3c03a4@group-690E4381A16B-LeaderElection20] INFO  server.RaftServerConfigKeys (ConfUtils.java:logGet(44)) - raft.server.watch.timeout = 3000ms (custom)
2021-07-01 01:15:37,517 [12e155f9-24cd-4496-9fcd-b734ad3c03a4@group-690E4381A16B-LeaderElection20] INFO  server.RaftServerConfigKeys (ConfUtils.java:logGet(44)) - raft.server.watch.timeout.denomination = 1s (default)
2021-07-01 01:15:37,518 [12e155f9-24cd-4496-9fcd-b734ad3c03a4@group-690E4381A16B-LeaderElection20] INFO  server.RaftServerConfigKeys (ConfUtils.java:logGet(44)) - raft.server.watch.element-limit = 65536 (default)
2021-07-01 01:15:37,518 [12e155f9-24cd-4496-9fcd-b734ad3c03a4@group-690E4381A16B-LeaderElection20] INFO  impl.RoleInfo (RoleInfo.java:updateAndGet(130)) - 12e155f9-24cd-4496-9fcd-b734ad3c03a4: start 12e155f9-24cd-4496-9fcd-b734ad3c03a4@group-690E4381A16B-LeaderStateImpl
2021-07-01 01:15:37,518 [EventQueue-OpenPipelineForHealthyPipelineSafeModeRule] INFO  safemode.SCMSafeModeManager (HealthyPipelineSafeModeRule.java:process(124)) - SCM in safe mode. Healthy pipelines reported count is 0, required healthy pipeline reported count is 1
2021-07-01 01:15:37,518 [12e155f9-24cd-4496-9fcd-b734ad3c03a4@group-690E4381A16B-LeaderElection20] INFO  segmented.SegmentedRaftLogWorker (SegmentedRaftLogWorker.java:startLogSegment(394)) - 12e155f9-24cd-4496-9fcd-b734ad3c03a4@group-690E4381A16B-SegmentedRaftLogWorker: Starting segment from index:0
2021-07-01 01:15:37,521 [12e155f9-24cd-4496-9fcd-b734ad3c03a4@group-690E4381A16B-SegmentedRaftLogWorker] INFO  segmented.SegmentedRaftLogWorker (SegmentedRaftLogWorker.java:execute(601)) - 12e155f9-24cd-4496-9fcd-b734ad3c03a4@group-690E4381A16B-SegmentedRaftLogWorker: created new log segment /home/runner/work/ozone/ozone/mnt/ozone/hadoop-ozone/integration-test/target/test-dir/MiniOzoneClusterImpl-603eb75f-c0c9-4b57-9906-10dc47a08d14/datanode-1/data/ratis/ed7120cb-903c-4f71-b28c-690e4381a16b/current/log_inprogress_0
2021-07-01 01:15:37,522 [12e155f9-24cd-4496-9fcd-b734ad3c03a4@group-690E4381A16B-LeaderElection20] INFO  server.RaftServer$Division (ServerState.java:setRaftConf(373)) - 12e155f9-24cd-4496-9fcd-b734ad3c03a4@group-690E4381A16B: set configuration 0: [12e155f9-24cd-4496-9fcd-b734ad3c03a4|rpc:10.1.0.5:37489|dataStream:|priority:1], old=null
2021-07-01 01:15:37,531 [a8e60af1-b0b5-4e51-add8-0d393ff38b25@group-3F477C9B4374-FollowerState] INFO  impl.FollowerState (FollowerState.java:run(134)) - a8e60af1-b0b5-4e51-add8-0d393ff38b25@group-3F477C9B4374-FollowerState: change to CANDIDATE, lastRpcElapsedTime:5130948319ns, electionTimeout:5130ms
2021-07-01 01:15:37,531 [a8e60af1-b0b5-4e51-add8-0d393ff38b25@group-3F477C9B4374-FollowerState] INFO  impl.RoleInfo (RoleInfo.java:shutdownFollowerState(108)) - a8e60af1-b0b5-4e51-add8-0d393ff38b25: shutdown a8e60af1-b0b5-4e51-add8-0d393ff38b25@group-3F477C9B4374-FollowerState
2021-07-01 01:15:37,531 [a8e60af1-b0b5-4e51-add8-0d393ff38b25@group-3F477C9B4374-FollowerState] INFO  server.RaftServer$Division (RaftServerImpl.java:setRole(284)) - a8e60af1-b0b5-4e51-add8-0d393ff38b25@group-3F477C9B4374: changes role from  FOLLOWER to CANDIDATE at term 0 for changeToCandidate
2021-07-01 01:15:37,531 [a8e60af1-b0b5-4e51-add8-0d393ff38b25@group-3F477C9B4374-FollowerState] INFO  server.RaftServerConfigKeys (ConfUtils.java:logGet(44)) - raft.server.leaderelection.pre-vote = false (custom)
2021-07-01 01:15:37,531 [a8e60af1-b0b5-4e51-add8-0d393ff38b25@group-3F477C9B4374-FollowerState] INFO  impl.RoleInfo (RoleInfo.java:updateAndGet(130)) - a8e60af1-b0b5-4e51-add8-0d393ff38b25: start a8e60af1-b0b5-4e51-add8-0d393ff38b25@group-3F477C9B4374-LeaderElection21
2021-07-01 01:15:37,540 [a8e60af1-b0b5-4e51-add8-0d393ff38b25@group-3F477C9B4374-LeaderElection21] INFO  impl.LeaderElection (LeaderElection.java:askForVotes(306)) - a8e60af1-b0b5-4e51-add8-0d393ff38b25@group-3F477C9B4374-LeaderElection21 ELECTION round 0: submit vote requests at term 1 for -1: [80320f5a-6cd9-4eb7-9dbc-d52eb94c4b51|rpc:10.1.0.5:40669|priority:0, 12e155f9-24cd-4496-9fcd-b734ad3c03a4|rpc:10.1.0.5:37489|priority:1, a8e60af1-b0b5-4e51-add8-0d393ff38b25|rpc:10.1.0.5:37199|priority:0], old=null
2021-07-01 01:15:37,547 [grpc-default-executor-0] INFO  server.RaftServer$Division (RaftServerImpl.java:requestVote(1042)) - 80320f5a-6cd9-4eb7-9dbc-d52eb94c4b51@group-3F477C9B4374: receive requestVote(ELECTION, a8e60af1-b0b5-4e51-add8-0d393ff38b25, group-3F477C9B4374, 1, (t:0, i:0))
2021-07-01 01:15:37,547 [grpc-default-executor-0] INFO  impl.VoteContext (VoteContext.java:log(48)) - 80320f5a-6cd9-4eb7-9dbc-d52eb94c4b51@group-3F477C9B4374-FOLLOWER: accept ELECTION from a8e60af1-b0b5-4e51-add8-0d393ff38b25: our priority 0 <= candidate's priority 0
2021-07-01 01:15:37,547 [grpc-default-executor-0] INFO  server.RaftServer$Division (RaftServerImpl.java:setRole(284)) - 80320f5a-6cd9-4eb7-9dbc-d52eb94c4b51@group-3F477C9B4374: changes role from  FOLLOWER to FOLLOWER at term 1 for candidate:a8e60af1-b0b5-4e51-add8-0d393ff38b25
2021-07-01 01:15:37,547 [grpc-default-executor-0] INFO  impl.RoleInfo (RoleInfo.java:shutdownFollowerState(108)) - 80320f5a-6cd9-4eb7-9dbc-d52eb94c4b51: shutdown 80320f5a-6cd9-4eb7-9dbc-d52eb94c4b51@group-3F477C9B4374-FollowerState
2021-07-01 01:15:37,548 [grpc-default-executor-0] INFO  impl.RoleInfo (RoleInfo.java:updateAndGet(130)) - 80320f5a-6cd9-4eb7-9dbc-d52eb94c4b51: start 80320f5a-6cd9-4eb7-9dbc-d52eb94c4b51@group-3F477C9B4374-FollowerState
2021-07-01 01:15:37,548 [80320f5a-6cd9-4eb7-9dbc-d52eb94c4b51@group-3F477C9B4374-FollowerState] INFO  impl.FollowerState (FollowerState.java:run(143)) - 80320f5a-6cd9-4eb7-9dbc-d52eb94c4b51@group-3F477C9B4374-FollowerState was interrupted: {}
java.lang.InterruptedException: sleep interrupted
	at java.lang.Thread.sleep(Native Method)
	at java.lang.Thread.sleep(Thread.java:340)
	at java.util.concurrent.TimeUnit.sleep(TimeUnit.java:386)
	at org.apache.ratis.util.TimeDuration.sleep(TimeDuration.java:324)
	at org.apache.ratis.util.TimeDuration.sleep(TimeDuration.java:309)
	at org.apache.ratis.server.impl.FollowerState.run(FollowerState.java:118)
2021-07-01 01:15:37,553 [grpc-default-executor-0] INFO  server.RaftServer$Division (RaftServerImpl.java:requestVote(1074)) - 80320f5a-6cd9-4eb7-9dbc-d52eb94c4b51@group-3F477C9B4374 replies to ELECTION vote request: a8e60af1-b0b5-4e51-add8-0d393ff38b25<-80320f5a-6cd9-4eb7-9dbc-d52eb94c4b51#0:OK-t1. Peer's state: 80320f5a-6cd9-4eb7-9dbc-d52eb94c4b51@group-3F477C9B4374:t1, leader=null, voted=a8e60af1-b0b5-4e51-add8-0d393ff38b25, raftlog=80320f5a-6cd9-4eb7-9dbc-d52eb94c4b51@group-3F477C9B4374-SegmentedRaftLog:OPENED:c-1,f-1,i0, conf=-1: [80320f5a-6cd9-4eb7-9dbc-d52eb94c4b51|rpc:10.1.0.5:40669|dataStream:|priority:0, 12e155f9-24cd-4496-9fcd-b734ad3c03a4|rpc:10.1.0.5:37489|dataStream:|priority:1, a8e60af1-b0b5-4e51-add8-0d393ff38b25|rpc:10.1.0.5:37199|dataStream:|priority:0], old=null
2021-07-01 01:15:37,556 [grpc-default-executor-2] INFO  server.RaftServer$Division (RaftServerImpl.java:requestVote(1042)) - 12e155f9-24cd-4496-9fcd-b734ad3c03a4@group-3F477C9B4374: receive requestVote(ELECTION, a8e60af1-b0b5-4e51-add8-0d393ff38b25, group-3F477C9B4374, 1, (t:0, i:0))
2021-07-01 01:15:37,556 [grpc-default-executor-2] INFO  impl.VoteContext (VoteContext.java:log(48)) - 12e155f9-24cd-4496-9fcd-b734ad3c03a4@group-3F477C9B4374-FOLLOWER: reject ELECTION from a8e60af1-b0b5-4e51-add8-0d393ff38b25: our priority 1 > candidate's priority 0
2021-07-01 01:15:37,556 [grpc-default-executor-2] INFO  server.RaftServer$Division (RaftServerImpl.java:setRole(284)) - 12e155f9-24cd-4496-9fcd-b734ad3c03a4@group-3F477C9B4374: changes role from  FOLLOWER to FOLLOWER at term 1 for candidate:a8e60af1-b0b5-4e51-add8-0d393ff38b25
2021-07-01 01:15:37,556 [grpc-default-executor-2] INFO  impl.RoleInfo (RoleInfo.java:shutdownFollowerState(108)) - 12e155f9-24cd-4496-9fcd-b734ad3c03a4: shutdown 12e155f9-24cd-4496-9fcd-b734ad3c03a4@group-3F477C9B4374-FollowerState
2021-07-01 01:15:37,556 [grpc-default-executor-2] INFO  impl.RoleInfo (RoleInfo.java:updateAndGet(130)) - 12e155f9-24cd-4496-9fcd-b734ad3c03a4: start 12e155f9-24cd-4496-9fcd-b734ad3c03a4@group-3F477C9B4374-FollowerState
2021-07-01 01:15:37,556 [12e155f9-24cd-4496-9fcd-b734ad3c03a4@group-3F477C9B4374-FollowerState] INFO  impl.FollowerState (FollowerState.java:run(143)) - 12e155f9-24cd-4496-9fcd-b734ad3c03a4@group-3F477C9B4374-FollowerState was interrupted: {}
java.lang.InterruptedException: sleep interrupted
	at java.lang.Thread.sleep(Native Method)
	at java.lang.Thread.sleep(Thread.java:340)
	at java.util.concurrent.TimeUnit.sleep(TimeUnit.java:386)
	at org.apache.ratis.util.TimeDuration.sleep(TimeDuration.java:324)
	at org.apache.ratis.util.TimeDuration.sleep(TimeDuration.java:309)
	at org.apache.ratis.server.impl.FollowerState.run(FollowerState.java:118)
2021-07-01 01:15:37,558 [grpc-default-executor-2] INFO  server.RaftServer$Division (RaftServerImpl.java:requestVote(1074)) - 12e155f9-24cd-4496-9fcd-b734ad3c03a4@group-3F477C9B4374 replies to ELECTION vote request: a8e60af1-b0b5-4e51-add8-0d393ff38b25<-12e155f9-24cd-4496-9fcd-b734ad3c03a4#0:FAIL-t1. Peer's state: 12e155f9-24cd-4496-9fcd-b734ad3c03a4@group-3F477C9B4374:t1, leader=null, voted=null, raftlog=12e155f9-24cd-4496-9fcd-b734ad3c03a4@group-3F477C9B4374-SegmentedRaftLog:OPENED:c-1,f-1,i0, conf=-1: [80320f5a-6cd9-4eb7-9dbc-d52eb94c4b51|rpc:10.1.0.5:40669|dataStream:|priority:0, 12e155f9-24cd-4496-9fcd-b734ad3c03a4|rpc:10.1.0.5:37489|dataStream:|priority:1, a8e60af1-b0b5-4e51-add8-0d393ff38b25|rpc:10.1.0.5:37199|dataStream:|priority:0], old=null
2021-07-01 01:15:37,562 [a8e60af1-b0b5-4e51-add8-0d393ff38b25@group-3F477C9B4374-LeaderElection21] INFO  impl.LeaderElection (LeaderElection.java:logAndReturn(89)) - a8e60af1-b0b5-4e51-add8-0d393ff38b25@group-3F477C9B4374-LeaderElection21: ELECTION REJECTED received 2 response(s) and 0 exception(s):
2021-07-01 01:15:37,562 [a8e60af1-b0b5-4e51-add8-0d393ff38b25@group-3F477C9B4374-LeaderElection21] INFO  impl.LeaderElection (LeaderElection.java:logAndReturn(93)) -   Response 0: a8e60af1-b0b5-4e51-add8-0d393ff38b25<-80320f5a-6cd9-4eb7-9dbc-d52eb94c4b51#0:OK-t1
2021-07-01 01:15:37,562 [a8e60af1-b0b5-4e51-add8-0d393ff38b25@group-3F477C9B4374-LeaderElection21] INFO  impl.LeaderElection (LeaderElection.java:logAndReturn(93)) -   Response 1: a8e60af1-b0b5-4e51-add8-0d393ff38b25<-12e155f9-24cd-4496-9fcd-b734ad3c03a4#0:FAIL-t1
2021-07-01 01:15:37,562 [a8e60af1-b0b5-4e51-add8-0d393ff38b25@group-3F477C9B4374-LeaderElection21] INFO  impl.LeaderElection (LeaderElection.java:askForVotes(308)) - a8e60af1-b0b5-4e51-add8-0d393ff38b25@group-3F477C9B4374-LeaderElection21 ELECTION round 0: result REJECTED
2021-07-01 01:15:37,562 [a8e60af1-b0b5-4e51-add8-0d393ff38b25@group-3F477C9B4374-LeaderElection21] INFO  server.RaftServer$Division (RaftServerImpl.java:setRole(284)) - a8e60af1-b0b5-4e51-add8-0d393ff38b25@group-3F477C9B4374: changes role from CANDIDATE to FOLLOWER at term 1 for REJECTED
2021-07-01 01:15:37,562 [a8e60af1-b0b5-4e51-add8-0d393ff38b25@group-3F477C9B4374-LeaderElection21] INFO  impl.RoleInfo (RoleInfo.java:shutdownLeaderElection(121)) - a8e60af1-b0b5-4e51-add8-0d393ff38b25: shutdown a8e60af1-b0b5-4e51-add8-0d393ff38b25@group-3F477C9B4374-LeaderElection21
2021-07-01 01:15:37,562 [a8e60af1-b0b5-4e51-add8-0d393ff38b25@group-3F477C9B4374-LeaderElection21] INFO  impl.RoleInfo (RoleInfo.java:updateAndGet(130)) - a8e60af1-b0b5-4e51-add8-0d393ff38b25: start a8e60af1-b0b5-4e51-add8-0d393ff38b25@group-3F477C9B4374-FollowerState
2021-07-01 01:15:37,626 [80320f5a-6cd9-4eb7-9dbc-d52eb94c4b51@group-69EDF6C3BE3B-FollowerState] INFO  impl.FollowerState (FollowerState.java:run(134)) - 80320f5a-6cd9-4eb7-9dbc-d52eb94c4b51@group-69EDF6C3BE3B-FollowerState: change to CANDIDATE, lastRpcElapsedTime:5021339408ns, electionTimeout:5020ms
2021-07-01 01:15:37,627 [80320f5a-6cd9-4eb7-9dbc-d52eb94c4b51@group-69EDF6C3BE3B-FollowerState] INFO  impl.RoleInfo (RoleInfo.java:shutdownFollowerState(108)) - 80320f5a-6cd9-4eb7-9dbc-d52eb94c4b51: shutdown 80320f5a-6cd9-4eb7-9dbc-d52eb94c4b51@group-69EDF6C3BE3B-FollowerState
2021-07-01 01:15:37,627 [80320f5a-6cd9-4eb7-9dbc-d52eb94c4b51@group-69EDF6C3BE3B-FollowerState] INFO  server.RaftServer$Division (RaftServerImpl.java:setRole(284)) - 80320f5a-6cd9-4eb7-9dbc-d52eb94c4b51@group-69EDF6C3BE3B: changes role from  FOLLOWER to CANDIDATE at term 0 for changeToCandidate
2021-07-01 01:15:37,628 [80320f5a-6cd9-4eb7-9dbc-d52eb94c4b51@group-69EDF6C3BE3B-FollowerState] INFO  server.RaftServerConfigKeys (ConfUtils.java:logGet(44)) - raft.server.leaderelection.pre-vote = false (custom)
2021-07-01 01:15:37,628 [80320f5a-6cd9-4eb7-9dbc-d52eb94c4b51@group-69EDF6C3BE3B-FollowerState] INFO  impl.RoleInfo (RoleInfo.java:updateAndGet(130)) - 80320f5a-6cd9-4eb7-9dbc-d52eb94c4b51: start 80320f5a-6cd9-4eb7-9dbc-d52eb94c4b51@group-69EDF6C3BE3B-LeaderElection22
2021-07-01 01:15:37,638 [80320f5a-6cd9-4eb7-9dbc-d52eb94c4b51@group-69EDF6C3BE3B-LeaderElection22] INFO  impl.LeaderElection (LeaderElection.java:askForVotes(306)) - 80320f5a-6cd9-4eb7-9dbc-d52eb94c4b51@group-69EDF6C3BE3B-LeaderElection22 ELECTION round 0: submit vote requests at term 1 for -1: [80320f5a-6cd9-4eb7-9dbc-d52eb94c4b51|rpc:10.1.0.5:40669|priority:1], old=null
2021-07-01 01:15:37,638 [80320f5a-6cd9-4eb7-9dbc-d52eb94c4b51@group-69EDF6C3BE3B-LeaderElection22] INFO  impl.LeaderElection (LeaderElection.java:askForVotes(308)) - 80320f5a-6cd9-4eb7-9dbc-d52eb94c4b51@group-69EDF6C3BE3B-LeaderElection22 ELECTION round 0: result PASSED (term=1)
2021-07-01 01:15:37,638 [80320f5a-6cd9-4eb7-9dbc-d52eb94c4b51@group-69EDF6C3BE3B-LeaderElection22] INFO  impl.RoleInfo (RoleInfo.java:shutdownLeaderElection(121)) - 80320f5a-6cd9-4eb7-9dbc-d52eb94c4b51: shutdown 80320f5a-6cd9-4eb7-9dbc-d52eb94c4b51@group-69EDF6C3BE3B-LeaderElection22
2021-07-01 01:15:37,638 [80320f5a-6cd9-4eb7-9dbc-d52eb94c4b51@group-69EDF6C3BE3B-LeaderElection22] INFO  server.RaftServer$Division (RaftServerImpl.java:setRole(284)) - 80320f5a-6cd9-4eb7-9dbc-d52eb94c4b51@group-69EDF6C3BE3B: changes role from CANDIDATE to LEADER at term 1 for changeToLeader
2021-07-01 01:15:37,638 [80320f5a-6cd9-4eb7-9dbc-d52eb94c4b51@group-69EDF6C3BE3B-LeaderElection22] INFO  ratis.XceiverServerRatis (XceiverServerRatis.java:handleLeaderChangedNotification(857)) - Leader change notification received for group: group-69EDF6C3BE3B with new leaderId: 80320f5a-6cd9-4eb7-9dbc-d52eb94c4b51
2021-07-01 01:15:37,638 [80320f5a-6cd9-4eb7-9dbc-d52eb94c4b51@group-69EDF6C3BE3B-LeaderElection22] INFO  server.RaftServer$Division (ServerState.java:setLeader(271)) - 80320f5a-6cd9-4eb7-9dbc-d52eb94c4b51@group-69EDF6C3BE3B: change Leader from null to 80320f5a-6cd9-4eb7-9dbc-d52eb94c4b51 at term 1 for becomeLeader, leader elected after 5040ms
2021-07-01 01:15:37,639 [80320f5a-6cd9-4eb7-9dbc-d52eb94c4b51@group-69EDF6C3BE3B-LeaderElection22] INFO  server.RaftServerConfigKeys (ConfUtils.java:logGet(44)) - raft.server.staging.catchup.gap = 1000 (default)
2021-07-01 01:15:37,640 [80320f5a-6cd9-4eb7-9dbc-d52eb94c4b51@group-69EDF6C3BE3B-LeaderElection22] INFO  metrics.RatisMetrics (RatisMetrics.java:lambda$create$0(36)) - Creating Metrics Registry : ratis.log_appender.80320f5a-6cd9-4eb7-9dbc-d52eb94c4b51@group-69EDF6C3BE3B
2021-07-01 01:15:37,640 [80320f5a-6cd9-4eb7-9dbc-d52eb94c4b51@group-69EDF6C3BE3B-LeaderElection22] INFO  server.RaftServerConfigKeys (ConfUtils.java:logGet(44)) - raft.server.write.element-limit = 1024 (custom)
2021-07-01 01:15:37,640 [80320f5a-6cd9-4eb7-9dbc-d52eb94c4b51@group-69EDF6C3BE3B-LeaderElection22] INFO  server.RaftServerConfigKeys (ConfUtils.java:logGet(44)) - raft.server.write.byte-limit = 1073741824 (custom)
2021-07-01 01:15:37,640 [EventQueue-OpenPipelineForHealthyPipelineSafeModeRule] INFO  safemode.SCMSafeModeManager (HealthyPipelineSafeModeRule.java:process(124)) - SCM in safe mode. Healthy pipelines reported count is 0, required healthy pipeline reported count is 1
2021-07-01 01:15:37,640 [80320f5a-6cd9-4eb7-9dbc-d52eb94c4b51@group-69EDF6C3BE3B-LeaderElection22] INFO  server.RaftServerConfigKeys (ConfUtils.java:logGet(44)) - raft.server.watch.timeout = 3000ms (custom)
2021-07-01 01:15:37,641 [80320f5a-6cd9-4eb7-9dbc-d52eb94c4b51@group-69EDF6C3BE3B-LeaderElection22] INFO  server.RaftServerConfigKeys (ConfUtils.java:logGet(44)) - raft.server.watch.timeout.denomination = 1s (default)
2021-07-01 01:15:37,641 [80320f5a-6cd9-4eb7-9dbc-d52eb94c4b51@group-69EDF6C3BE3B-LeaderElection22] INFO  server.RaftServerConfigKeys (ConfUtils.java:logGet(44)) - raft.server.watch.element-limit = 65536 (default)
2021-07-01 01:15:37,641 [80320f5a-6cd9-4eb7-9dbc-d52eb94c4b51@group-69EDF6C3BE3B-LeaderElection22] INFO  impl.RoleInfo (RoleInfo.java:updateAndGet(130)) - 80320f5a-6cd9-4eb7-9dbc-d52eb94c4b51: start 80320f5a-6cd9-4eb7-9dbc-d52eb94c4b51@group-69EDF6C3BE3B-LeaderStateImpl
2021-07-01 01:15:37,641 [80320f5a-6cd9-4eb7-9dbc-d52eb94c4b51@group-69EDF6C3BE3B-LeaderElection22] INFO  segmented.SegmentedRaftLogWorker (SegmentedRaftLogWorker.java:startLogSegment(394)) - 80320f5a-6cd9-4eb7-9dbc-d52eb94c4b51@group-69EDF6C3BE3B-SegmentedRaftLogWorker: Starting segment from index:0
2021-07-01 01:15:37,648 [80320f5a-6cd9-4eb7-9dbc-d52eb94c4b51@group-69EDF6C3BE3B-LeaderElection22] INFO  server.RaftServer$Division (ServerState.java:setRaftConf(373)) - 80320f5a-6cd9-4eb7-9dbc-d52eb94c4b51@group-69EDF6C3BE3B: set configuration 0: [80320f5a-6cd9-4eb7-9dbc-d52eb94c4b51|rpc:10.1.0.5:40669|dataStream:|priority:1], old=null
2021-07-01 01:15:37,664 [80320f5a-6cd9-4eb7-9dbc-d52eb94c4b51@group-69EDF6C3BE3B-SegmentedRaftLogWorker] INFO  segmented.SegmentedRaftLogWorker (SegmentedRaftLogWorker.java:execute(601)) - 80320f5a-6cd9-4eb7-9dbc-d52eb94c4b51@group-69EDF6C3BE3B-SegmentedRaftLogWorker: created new log segment /home/runner/work/ozone/ozone/mnt/ozone/hadoop-ozone/integration-test/target/test-dir/MiniOzoneClusterImpl-603eb75f-c0c9-4b57-9906-10dc47a08d14/datanode-2/data/ratis/3e4132db-772d-430e-9970-69edf6c3be3b/current/log_inprogress_0
2021-07-01 01:15:37,785 [c748cb90-cadf-4a6f-b345-cd4c71c9d1a6@group-222541F4572F-FollowerState] INFO  impl.FollowerState (FollowerState.java:run(134)) - c748cb90-cadf-4a6f-b345-cd4c71c9d1a6@group-222541F4572F-FollowerState: change to CANDIDATE, lastRpcElapsedTime:5005371388ns, electionTimeout:5004ms
2021-07-01 01:15:37,785 [c748cb90-cadf-4a6f-b345-cd4c71c9d1a6@group-222541F4572F-FollowerState] INFO  impl.RoleInfo (RoleInfo.java:shutdownFollowerState(108)) - c748cb90-cadf-4a6f-b345-cd4c71c9d1a6: shutdown c748cb90-cadf-4a6f-b345-cd4c71c9d1a6@group-222541F4572F-FollowerState
2021-07-01 01:15:37,785 [c748cb90-cadf-4a6f-b345-cd4c71c9d1a6@group-222541F4572F-FollowerState] INFO  server.RaftServer$Division (RaftServerImpl.java:setRole(284)) - c748cb90-cadf-4a6f-b345-cd4c71c9d1a6@group-222541F4572F: changes role from  FOLLOWER to CANDIDATE at term 0 for changeToCandidate
2021-07-01 01:15:37,786 [c748cb90-cadf-4a6f-b345-cd4c71c9d1a6@group-222541F4572F-FollowerState] INFO  server.RaftServerConfigKeys (ConfUtils.java:logGet(44)) - raft.server.leaderelection.pre-vote = false (custom)
2021-07-01 01:15:37,786 [c748cb90-cadf-4a6f-b345-cd4c71c9d1a6@group-222541F4572F-FollowerState] INFO  impl.RoleInfo (RoleInfo.java:updateAndGet(130)) - c748cb90-cadf-4a6f-b345-cd4c71c9d1a6: start c748cb90-cadf-4a6f-b345-cd4c71c9d1a6@group-222541F4572F-LeaderElection23
2021-07-01 01:15:37,790 [c748cb90-cadf-4a6f-b345-cd4c71c9d1a6@group-222541F4572F-LeaderElection23] INFO  impl.LeaderElection (LeaderElection.java:askForVotes(306)) - c748cb90-cadf-4a6f-b345-cd4c71c9d1a6@group-222541F4572F-LeaderElection23 ELECTION round 0: submit vote requests at term 1 for -1: [81b856d9-9a36-4380-a413-e28ef77684bb|rpc:10.1.0.5:42305|dataStream:|priority:0, afb2815f-4716-48e6-854f-3875e38e9fce|rpc:10.1.0.5:44723|dataStream:|priority:1, c748cb90-cadf-4a6f-b345-cd4c71c9d1a6|rpc:10.1.0.5:37099|dataStream:|priority:0], old=null
2021-07-01 01:15:37,800 [grpc-default-executor-2] INFO  metrics.RatisMetrics (RatisMetrics.java:lambda$create$0(36)) - Creating Metrics Registry : ratis.server_message_metrics.81b856d9-9a36-4380-a413-e28ef77684bb
2021-07-01 01:15:37,801 [grpc-default-executor-2] INFO  server.RaftServer$Division (RaftServerImpl.java:requestVote(1042)) - 81b856d9-9a36-4380-a413-e28ef77684bb@group-222541F4572F: receive requestVote(ELECTION, c748cb90-cadf-4a6f-b345-cd4c71c9d1a6, group-222541F4572F, 1, (t:0, i:0))
2021-07-01 01:15:37,801 [grpc-default-executor-2] INFO  impl.VoteContext (VoteContext.java:log(48)) - 81b856d9-9a36-4380-a413-e28ef77684bb@group-222541F4572F-FOLLOWER: accept ELECTION from c748cb90-cadf-4a6f-b345-cd4c71c9d1a6: our priority 0 <= candidate's priority 0
2021-07-01 01:15:37,801 [grpc-default-executor-2] INFO  server.RaftServer$Division (RaftServerImpl.java:setRole(284)) - 81b856d9-9a36-4380-a413-e28ef77684bb@group-222541F4572F: changes role from  FOLLOWER to FOLLOWER at term 1 for candidate:c748cb90-cadf-4a6f-b345-cd4c71c9d1a6
2021-07-01 01:15:37,801 [grpc-default-executor-2] INFO  impl.RoleInfo (RoleInfo.java:shutdownFollowerState(108)) - 81b856d9-9a36-4380-a413-e28ef77684bb: shutdown 81b856d9-9a36-4380-a413-e28ef77684bb@group-222541F4572F-FollowerState
2021-07-01 01:15:37,801 [grpc-default-executor-2] INFO  impl.RoleInfo (RoleInfo.java:updateAndGet(130)) - 81b856d9-9a36-4380-a413-e28ef77684bb: start 81b856d9-9a36-4380-a413-e28ef77684bb@group-222541F4572F-FollowerState
2021-07-01 01:15:37,801 [81b856d9-9a36-4380-a413-e28ef77684bb@group-222541F4572F-FollowerState] INFO  impl.FollowerState (FollowerState.java:run(143)) - 81b856d9-9a36-4380-a413-e28ef77684bb@group-222541F4572F-FollowerState was interrupted: {}
java.lang.InterruptedException: sleep interrupted
	at java.lang.Thread.sleep(Native Method)
	at java.lang.Thread.sleep(Thread.java:340)
	at java.util.concurrent.TimeUnit.sleep(TimeUnit.java:386)
	at org.apache.ratis.util.TimeDuration.sleep(TimeDuration.java:324)
	at org.apache.ratis.util.TimeDuration.sleep(TimeDuration.java:309)
	at org.apache.ratis.server.impl.FollowerState.run(FollowerState.java:118)
2021-07-01 01:15:37,805 [grpc-default-executor-2] INFO  server.RaftServer$Division (RaftServerImpl.java:requestVote(1074)) - 81b856d9-9a36-4380-a413-e28ef77684bb@group-222541F4572F replies to ELECTION vote request: c748cb90-cadf-4a6f-b345-cd4c71c9d1a6<-81b856d9-9a36-4380-a413-e28ef77684bb#0:OK-t1. Peer's state: 81b856d9-9a36-4380-a413-e28ef77684bb@group-222541F4572F:t1, leader=null, voted=c748cb90-cadf-4a6f-b345-cd4c71c9d1a6, raftlog=81b856d9-9a36-4380-a413-e28ef77684bb@group-222541F4572F-SegmentedRaftLog:OPENED:c-1,f-1,i0, conf=-1: [81b856d9-9a36-4380-a413-e28ef77684bb|rpc:10.1.0.5:42305|priority:0, afb2815f-4716-48e6-854f-3875e38e9fce|rpc:10.1.0.5:44723|priority:1, c748cb90-cadf-4a6f-b345-cd4c71c9d1a6|rpc:10.1.0.5:37099|priority:0], old=null
2021-07-01 01:15:37,806 [grpc-default-executor-0] INFO  server.RaftServer$Division (RaftServerImpl.java:requestVote(1042)) - afb2815f-4716-48e6-854f-3875e38e9fce@group-222541F4572F: receive requestVote(ELECTION, c748cb90-cadf-4a6f-b345-cd4c71c9d1a6, group-222541F4572F, 1, (t:0, i:0))
2021-07-01 01:15:37,806 [grpc-default-executor-0] INFO  impl.VoteContext (VoteContext.java:log(48)) - afb2815f-4716-48e6-854f-3875e38e9fce@group-222541F4572F-FOLLOWER: reject ELECTION from c748cb90-cadf-4a6f-b345-cd4c71c9d1a6: our priority 1 > candidate's priority 0
2021-07-01 01:15:37,807 [grpc-default-executor-0] INFO  server.RaftServer$Division (RaftServerImpl.java:setRole(284)) - afb2815f-4716-48e6-854f-3875e38e9fce@group-222541F4572F: changes role from  FOLLOWER to FOLLOWER at term 1 for candidate:c748cb90-cadf-4a6f-b345-cd4c71c9d1a6
2021-07-01 01:15:37,807 [grpc-default-executor-0] INFO  impl.RoleInfo (RoleInfo.java:shutdownFollowerState(108)) - afb2815f-4716-48e6-854f-3875e38e9fce: shutdown afb2815f-4716-48e6-854f-3875e38e9fce@group-222541F4572F-FollowerState
2021-07-01 01:15:37,807 [grpc-default-executor-0] INFO  impl.RoleInfo (RoleInfo.java:updateAndGet(130)) - afb2815f-4716-48e6-854f-3875e38e9fce: start afb2815f-4716-48e6-854f-3875e38e9fce@group-222541F4572F-FollowerState
2021-07-01 01:15:37,807 [afb2815f-4716-48e6-854f-3875e38e9fce@group-222541F4572F-FollowerState] INFO  impl.FollowerState (FollowerState.java:run(143)) - afb2815f-4716-48e6-854f-3875e38e9fce@group-222541F4572F-FollowerState was interrupted: {}
java.lang.InterruptedException: sleep interrupted
	at java.lang.Thread.sleep(Native Method)
	at java.lang.Thread.sleep(Thread.java:340)
	at java.util.concurrent.TimeUnit.sleep(TimeUnit.java:386)
	at org.apache.ratis.util.TimeDuration.sleep(TimeDuration.java:324)
	at org.apache.ratis.util.TimeDuration.sleep(TimeDuration.java:309)
	at org.apache.ratis.server.impl.FollowerState.run(FollowerState.java:118)
2021-07-01 01:15:37,813 [grpc-default-executor-0] INFO  server.RaftServer$Division (RaftServerImpl.java:requestVote(1074)) - afb2815f-4716-48e6-854f-3875e38e9fce@group-222541F4572F replies to ELECTION vote request: c748cb90-cadf-4a6f-b345-cd4c71c9d1a6<-afb2815f-4716-48e6-854f-3875e38e9fce#0:FAIL-t1. Peer's state: afb2815f-4716-48e6-854f-3875e38e9fce@group-222541F4572F:t1, leader=null, voted=null, raftlog=afb2815f-4716-48e6-854f-3875e38e9fce@group-222541F4572F-SegmentedRaftLog:OPENED:c-1,f-1,i0, conf=-1: [81b856d9-9a36-4380-a413-e28ef77684bb|rpc:10.1.0.5:42305|dataStream:|priority:0, afb2815f-4716-48e6-854f-3875e38e9fce|rpc:10.1.0.5:44723|dataStream:|priority:1, c748cb90-cadf-4a6f-b345-cd4c71c9d1a6|rpc:10.1.0.5:37099|dataStream:|priority:0], old=null
2021-07-01 01:15:37,813 [c748cb90-cadf-4a6f-b345-cd4c71c9d1a6@group-222541F4572F-LeaderElection23] INFO  impl.LeaderElection (LeaderElection.java:logAndReturn(89)) - c748cb90-cadf-4a6f-b345-cd4c71c9d1a6@group-222541F4572F-LeaderElection23: ELECTION REJECTED received 2 response(s) and 0 exception(s):
2021-07-01 01:15:37,814 [c748cb90-cadf-4a6f-b345-cd4c71c9d1a6@group-222541F4572F-LeaderElection23] INFO  impl.LeaderElection (LeaderElection.java:logAndReturn(93)) -   Response 0: c748cb90-cadf-4a6f-b345-cd4c71c9d1a6<-81b856d9-9a36-4380-a413-e28ef77684bb#0:OK-t1
2021-07-01 01:15:37,814 [c748cb90-cadf-4a6f-b345-cd4c71c9d1a6@group-222541F4572F-LeaderElection23] INFO  impl.LeaderElection (LeaderElection.java:logAndReturn(93)) -   Response 1: c748cb90-cadf-4a6f-b345-cd4c71c9d1a6<-afb2815f-4716-48e6-854f-3875e38e9fce#0:FAIL-t1
2021-07-01 01:15:37,814 [c748cb90-cadf-4a6f-b345-cd4c71c9d1a6@group-222541F4572F-LeaderElection23] INFO  impl.LeaderElection (LeaderElection.java:askForVotes(308)) - c748cb90-cadf-4a6f-b345-cd4c71c9d1a6@group-222541F4572F-LeaderElection23 ELECTION round 0: result REJECTED
2021-07-01 01:15:37,814 [c748cb90-cadf-4a6f-b345-cd4c71c9d1a6@group-222541F4572F-LeaderElection23] INFO  server.RaftServer$Division (RaftServerImpl.java:setRole(284)) - c748cb90-cadf-4a6f-b345-cd4c71c9d1a6@group-222541F4572F: changes role from CANDIDATE to FOLLOWER at term 1 for REJECTED
2021-07-01 01:15:37,814 [c748cb90-cadf-4a6f-b345-cd4c71c9d1a6@group-222541F4572F-LeaderElection23] INFO  impl.RoleInfo (RoleInfo.java:shutdownLeaderElection(121)) - c748cb90-cadf-4a6f-b345-cd4c71c9d1a6: shutdown c748cb90-cadf-4a6f-b345-cd4c71c9d1a6@group-222541F4572F-LeaderElection23
2021-07-01 01:15:37,814 [c748cb90-cadf-4a6f-b345-cd4c71c9d1a6@group-222541F4572F-LeaderElection23] INFO  impl.RoleInfo (RoleInfo.java:updateAndGet(130)) - c748cb90-cadf-4a6f-b345-cd4c71c9d1a6: start c748cb90-cadf-4a6f-b345-cd4c71c9d1a6@group-222541F4572F-FollowerState
2021-07-01 01:15:37,921 [81b856d9-9a36-4380-a413-e28ef77684bb@group-64B1A5ED79F8-FollowerState] INFO  impl.FollowerState (FollowerState.java:run(134)) - 81b856d9-9a36-4380-a413-e28ef77684bb@group-64B1A5ED79F8-FollowerState: change to CANDIDATE, lastRpcElapsedTime:5184373210ns, electionTimeout:5183ms
2021-07-01 01:15:37,921 [81b856d9-9a36-4380-a413-e28ef77684bb@group-64B1A5ED79F8-FollowerState] INFO  impl.RoleInfo (RoleInfo.java:shutdownFollowerState(108)) - 81b856d9-9a36-4380-a413-e28ef77684bb: shutdown 81b856d9-9a36-4380-a413-e28ef77684bb@group-64B1A5ED79F8-FollowerState
2021-07-01 01:15:37,921 [81b856d9-9a36-4380-a413-e28ef77684bb@group-64B1A5ED79F8-FollowerState] INFO  server.RaftServer$Division (RaftServerImpl.java:setRole(284)) - 81b856d9-9a36-4380-a413-e28ef77684bb@group-64B1A5ED79F8: changes role from  FOLLOWER to CANDIDATE at term 0 for changeToCandidate
2021-07-01 01:15:37,923 [81b856d9-9a36-4380-a413-e28ef77684bb@group-64B1A5ED79F8-FollowerState] INFO  server.RaftServerConfigKeys (ConfUtils.java:logGet(44)) - raft.server.leaderelection.pre-vote = false (custom)
2021-07-01 01:15:37,923 [81b856d9-9a36-4380-a413-e28ef77684bb@group-64B1A5ED79F8-FollowerState] INFO  impl.RoleInfo (RoleInfo.java:updateAndGet(130)) - 81b856d9-9a36-4380-a413-e28ef77684bb: start 81b856d9-9a36-4380-a413-e28ef77684bb@group-64B1A5ED79F8-LeaderElection24
2021-07-01 01:15:37,927 [81b856d9-9a36-4380-a413-e28ef77684bb@group-64B1A5ED79F8-LeaderElection24] INFO  impl.LeaderElection (LeaderElection.java:askForVotes(306)) - 81b856d9-9a36-4380-a413-e28ef77684bb@group-64B1A5ED79F8-LeaderElection24 ELECTION round 0: submit vote requests at term 1 for -1: [81b856d9-9a36-4380-a413-e28ef77684bb|rpc:10.1.0.5:42305|priority:1], old=null
2021-07-01 01:15:37,927 [81b856d9-9a36-4380-a413-e28ef77684bb@group-64B1A5ED79F8-LeaderElection24] INFO  impl.LeaderElection (LeaderElection.java:askForVotes(308)) - 81b856d9-9a36-4380-a413-e28ef77684bb@group-64B1A5ED79F8-LeaderElection24 ELECTION round 0: result PASSED (term=1)
2021-07-01 01:15:37,927 [81b856d9-9a36-4380-a413-e28ef77684bb@group-64B1A5ED79F8-LeaderElection24] INFO  impl.RoleInfo (RoleInfo.java:shutdownLeaderElection(121)) - 81b856d9-9a36-4380-a413-e28ef77684bb: shutdown 81b856d9-9a36-4380-a413-e28ef77684bb@group-64B1A5ED79F8-LeaderElection24
2021-07-01 01:15:37,927 [81b856d9-9a36-4380-a413-e28ef77684bb@group-64B1A5ED79F8-LeaderElection24] INFO  server.RaftServer$Division (RaftServerImpl.java:setRole(284)) - 81b856d9-9a36-4380-a413-e28ef77684bb@group-64B1A5ED79F8: changes role from CANDIDATE to LEADER at term 1 for changeToLeader
2021-07-01 01:15:37,927 [81b856d9-9a36-4380-a413-e28ef77684bb@group-64B1A5ED79F8-LeaderElection24] INFO  ratis.XceiverServerRatis (XceiverServerRatis.java:handleLeaderChangedNotification(857)) - Leader change notification received for group: group-64B1A5ED79F8 with new leaderId: 81b856d9-9a36-4380-a413-e28ef77684bb
2021-07-01 01:15:37,927 [81b856d9-9a36-4380-a413-e28ef77684bb@group-64B1A5ED79F8-LeaderElection24] INFO  server.RaftServer$Division (ServerState.java:setLeader(271)) - 81b856d9-9a36-4380-a413-e28ef77684bb@group-64B1A5ED79F8: change Leader from null to 81b856d9-9a36-4380-a413-e28ef77684bb at term 1 for becomeLeader, leader elected after 5198ms
2021-07-01 01:15:37,927 [81b856d9-9a36-4380-a413-e28ef77684bb@group-64B1A5ED79F8-LeaderElection24] INFO  server.RaftServerConfigKeys (ConfUtils.java:logGet(44)) - raft.server.staging.catchup.gap = 1000 (default)
2021-07-01 01:15:37,928 [81b856d9-9a36-4380-a413-e28ef77684bb@group-64B1A5ED79F8-LeaderElection24] INFO  metrics.RatisMetrics (RatisMetrics.java:lambda$create$0(36)) - Creating Metrics Registry : ratis.log_appender.81b856d9-9a36-4380-a413-e28ef77684bb@group-64B1A5ED79F8
2021-07-01 01:15:37,928 [81b856d9-9a36-4380-a413-e28ef77684bb@group-64B1A5ED79F8-LeaderElection24] INFO  server.RaftServerConfigKeys (ConfUtils.java:logGet(44)) - raft.server.write.element-limit = 1024 (custom)
2021-07-01 01:15:37,928 [EventQueue-OpenPipelineForHealthyPipelineSafeModeRule] INFO  safemode.SCMSafeModeManager (HealthyPipelineSafeModeRule.java:process(124)) - SCM in safe mode. Healthy pipelines reported count is 0, required healthy pipeline reported count is 1
2021-07-01 01:15:37,929 [81b856d9-9a36-4380-a413-e28ef77684bb@group-64B1A5ED79F8-LeaderElection24] INFO  server.RaftServerConfigKeys (ConfUtils.java:logGet(44)) - raft.server.write.byte-limit = 1073741824 (custom)
2021-07-01 01:15:37,929 [81b856d9-9a36-4380-a413-e28ef77684bb@group-64B1A5ED79F8-LeaderElection24] INFO  server.RaftServerConfigKeys (ConfUtils.java:logGet(44)) - raft.server.watch.timeout = 3000ms (custom)
2021-07-01 01:15:37,929 [81b856d9-9a36-4380-a413-e28ef77684bb@group-64B1A5ED79F8-LeaderElection24] INFO  server.RaftServerConfigKeys (ConfUtils.java:logGet(44)) - raft.server.watch.timeout.denomination = 1s (default)
2021-07-01 01:15:37,929 [81b856d9-9a36-4380-a413-e28ef77684bb@group-64B1A5ED79F8-LeaderElection24] INFO  server.RaftServerConfigKeys (ConfUtils.java:logGet(44)) - raft.server.watch.element-limit = 65536 (default)
2021-07-01 01:15:37,929 [81b856d9-9a36-4380-a413-e28ef77684bb@group-64B1A5ED79F8-LeaderElection24] INFO  impl.RoleInfo (RoleInfo.java:updateAndGet(130)) - 81b856d9-9a36-4380-a413-e28ef77684bb: start 81b856d9-9a36-4380-a413-e28ef77684bb@group-64B1A5ED79F8-LeaderStateImpl
2021-07-01 01:15:37,930 [81b856d9-9a36-4380-a413-e28ef77684bb@group-64B1A5ED79F8-LeaderElection24] INFO  segmented.SegmentedRaftLogWorker (SegmentedRaftLogWorker.java:startLogSegment(394)) - 81b856d9-9a36-4380-a413-e28ef77684bb@group-64B1A5ED79F8-SegmentedRaftLogWorker: Starting segment from index:0
2021-07-01 01:15:37,931 [81b856d9-9a36-4380-a413-e28ef77684bb@group-64B1A5ED79F8-SegmentedRaftLogWorker] INFO  segmented.SegmentedRaftLogWorker (SegmentedRaftLogWorker.java:execute(601)) - 81b856d9-9a36-4380-a413-e28ef77684bb@group-64B1A5ED79F8-SegmentedRaftLogWorker: created new log segment /home/runner/work/ozone/ozone/mnt/ozone/hadoop-ozone/integration-test/target/test-dir/MiniOzoneClusterImpl-603eb75f-c0c9-4b57-9906-10dc47a08d14/datanode-3/data/ratis/08f3db3f-2d63-4874-b5c5-64b1a5ed79f8/current/log_inprogress_0
2021-07-01 01:15:37,936 [81b856d9-9a36-4380-a413-e28ef77684bb@group-64B1A5ED79F8-LeaderElection24] INFO  server.RaftServer$Division (ServerState.java:setRaftConf(373)) - 81b856d9-9a36-4380-a413-e28ef77684bb@group-64B1A5ED79F8: set configuration 0: [81b856d9-9a36-4380-a413-e28ef77684bb|rpc:10.1.0.5:42305|dataStream:|priority:1], old=null
2021-07-01 01:15:37,978 [afb2815f-4716-48e6-854f-3875e38e9fce@group-9EC062E85DC4-FollowerState] INFO  impl.FollowerState (FollowerState.java:run(134)) - afb2815f-4716-48e6-854f-3875e38e9fce@group-9EC062E85DC4-FollowerState: change to CANDIDATE, lastRpcElapsedTime:5114659693ns, electionTimeout:5109ms
2021-07-01 01:15:37,978 [afb2815f-4716-48e6-854f-3875e38e9fce@group-9EC062E85DC4-FollowerState] INFO  impl.RoleInfo (RoleInfo.java:shutdownFollowerState(108)) - afb2815f-4716-48e6-854f-3875e38e9fce: shutdown afb2815f-4716-48e6-854f-3875e38e9fce@group-9EC062E85DC4-FollowerState
2021-07-01 01:15:37,978 [afb2815f-4716-48e6-854f-3875e38e9fce@group-9EC062E85DC4-FollowerState] INFO  server.RaftServer$Division (RaftServerImpl.java:setRole(284)) - afb2815f-4716-48e6-854f-3875e38e9fce@group-9EC062E85DC4: changes role from  FOLLOWER to CANDIDATE at term 0 for changeToCandidate
2021-07-01 01:15:37,979 [afb2815f-4716-48e6-854f-3875e38e9fce@group-9EC062E85DC4-FollowerState] INFO  server.RaftServerConfigKeys (ConfUtils.java:logGet(44)) - raft.server.leaderelection.pre-vote = false (custom)
2021-07-01 01:15:37,980 [afb2815f-4716-48e6-854f-3875e38e9fce@group-9EC062E85DC4-FollowerState] INFO  impl.RoleInfo (RoleInfo.java:updateAndGet(130)) - afb2815f-4716-48e6-854f-3875e38e9fce: start afb2815f-4716-48e6-854f-3875e38e9fce@group-9EC062E85DC4-LeaderElection25
2021-07-01 01:15:37,993 [afb2815f-4716-48e6-854f-3875e38e9fce@group-9EC062E85DC4-LeaderElection25] INFO  impl.LeaderElection (LeaderElection.java:askForVotes(306)) - afb2815f-4716-48e6-854f-3875e38e9fce@group-9EC062E85DC4-LeaderElection25 ELECTION round 0: submit vote requests at term 1 for -1: [afb2815f-4716-48e6-854f-3875e38e9fce|rpc:10.1.0.5:44723|priority:1], old=null
2021-07-01 01:15:37,993 [afb2815f-4716-48e6-854f-3875e38e9fce@group-9EC062E85DC4-LeaderElection25] INFO  impl.LeaderElection (LeaderElection.java:askForVotes(308)) - afb2815f-4716-48e6-854f-3875e38e9fce@group-9EC062E85DC4-LeaderElection25 ELECTION round 0: result PASSED (term=1)
2021-07-01 01:15:37,993 [afb2815f-4716-48e6-854f-3875e38e9fce@group-9EC062E85DC4-LeaderElection25] INFO  impl.RoleInfo (RoleInfo.java:shutdownLeaderElection(121)) - afb2815f-4716-48e6-854f-3875e38e9fce: shutdown afb2815f-4716-48e6-854f-3875e38e9fce@group-9EC062E85DC4-LeaderElection25
2021-07-01 01:15:37,993 [afb2815f-4716-48e6-854f-3875e38e9fce@group-9EC062E85DC4-LeaderElection25] INFO  server.RaftServer$Division (RaftServerImpl.java:setRole(284)) - afb2815f-4716-48e6-854f-3875e38e9fce@group-9EC062E85DC4: changes role from CANDIDATE to LEADER at term 1 for changeToLeader
2021-07-01 01:15:37,993 [afb2815f-4716-48e6-854f-3875e38e9fce@group-9EC062E85DC4-LeaderElection25] INFO  ratis.XceiverServerRatis (XceiverServerRatis.java:handleLeaderChangedNotification(857)) - Leader change notification received for group: group-9EC062E85DC4 with new leaderId: afb2815f-4716-48e6-854f-3875e38e9fce
2021-07-01 01:15:37,993 [afb2815f-4716-48e6-854f-3875e38e9fce@group-9EC062E85DC4-LeaderElection25] INFO  server.RaftServer$Division (ServerState.java:setLeader(271)) - afb2815f-4716-48e6-854f-3875e38e9fce@group-9EC062E85DC4: change Leader from null to afb2815f-4716-48e6-854f-3875e38e9fce at term 1 for becomeLeader, leader elected after 5138ms
2021-07-01 01:15:37,993 [afb2815f-4716-48e6-854f-3875e38e9fce@group-9EC062E85DC4-LeaderElection25] INFO  server.RaftServerConfigKeys (ConfUtils.java:logGet(44)) - raft.server.staging.catchup.gap = 1000 (default)
2021-07-01 01:15:37,994 [afb2815f-4716-48e6-854f-3875e38e9fce@group-9EC062E85DC4-LeaderElection25] INFO  metrics.RatisMetrics (RatisMetrics.java:lambda$create$0(36)) - Creating Metrics Registry : ratis.log_appender.afb2815f-4716-48e6-854f-3875e38e9fce@group-9EC062E85DC4
2021-07-01 01:15:37,994 [afb2815f-4716-48e6-854f-3875e38e9fce@group-9EC062E85DC4-LeaderElection25] INFO  server.RaftServerConfigKeys (ConfUtils.java:logGet(44)) - raft.server.write.element-limit = 1024 (custom)
2021-07-01 01:15:37,994 [afb2815f-4716-48e6-854f-3875e38e9fce@group-9EC062E85DC4-LeaderElection25] INFO  server.RaftServerConfigKeys (ConfUtils.java:logGet(44)) - raft.server.write.byte-limit = 1073741824 (custom)
2021-07-01 01:15:37,994 [afb2815f-4716-48e6-854f-3875e38e9fce@group-9EC062E85DC4-LeaderElection25] INFO  server.RaftServerConfigKeys (ConfUtils.java:logGet(44)) - raft.server.watch.timeout = 3000ms (custom)
2021-07-01 01:15:37,994 [afb2815f-4716-48e6-854f-3875e38e9fce@group-9EC062E85DC4-LeaderElection25] INFO  server.RaftServerConfigKeys (ConfUtils.java:logGet(44)) - raft.server.watch.timeout.denomination = 1s (default)
2021-07-01 01:15:37,994 [afb2815f-4716-48e6-854f-3875e38e9fce@group-9EC062E85DC4-LeaderElection25] INFO  server.RaftServerConfigKeys (ConfUtils.java:logGet(44)) - raft.server.watch.element-limit = 65536 (default)
2021-07-01 01:15:37,994 [afb2815f-4716-48e6-854f-3875e38e9fce@group-9EC062E85DC4-LeaderElection25] INFO  impl.RoleInfo (RoleInfo.java:updateAndGet(130)) - afb2815f-4716-48e6-854f-3875e38e9fce: start afb2815f-4716-48e6-854f-3875e38e9fce@group-9EC062E85DC4-LeaderStateImpl
2021-07-01 01:15:37,996 [afb2815f-4716-48e6-854f-3875e38e9fce@group-9EC062E85DC4-LeaderElection25] INFO  segmented.SegmentedRaftLogWorker (SegmentedRaftLogWorker.java:startLogSegment(394)) - afb2815f-4716-48e6-854f-3875e38e9fce@group-9EC062E85DC4-SegmentedRaftLogWorker: Starting segment from index:0
2021-07-01 01:15:37,997 [EventQueue-OpenPipelineForHealthyPipelineSafeModeRule] INFO  safemode.SCMSafeModeManager (HealthyPipelineSafeModeRule.java:process(124)) - SCM in safe mode. Healthy pipelines reported count is 0, required healthy pipeline reported count is 1
2021-07-01 01:15:38,008 [afb2815f-4716-48e6-854f-3875e38e9fce@group-9EC062E85DC4-LeaderElection25] INFO  server.RaftServer$Division (ServerState.java:setRaftConf(373)) - afb2815f-4716-48e6-854f-3875e38e9fce@group-9EC062E85DC4: set configuration 0: [afb2815f-4716-48e6-854f-3875e38e9fce|rpc:10.1.0.5:44723|dataStream:|priority:1], old=null
2021-07-01 01:15:38,008 [afb2815f-4716-48e6-854f-3875e38e9fce@group-9EC062E85DC4-SegmentedRaftLogWorker] INFO  segmented.SegmentedRaftLogWorker (SegmentedRaftLogWorker.java:execute(601)) - afb2815f-4716-48e6-854f-3875e38e9fce@group-9EC062E85DC4-SegmentedRaftLogWorker: created new log segment /home/runner/work/ozone/ozone/mnt/ozone/hadoop-ozone/integration-test/target/test-dir/MiniOzoneClusterImpl-603eb75f-c0c9-4b57-9906-10dc47a08d14/datanode-4/data/ratis/956b52b3-79e6-44a4-a983-9ec062e85dc4/current/log_inprogress_0
2021-07-01 01:15:38,055 [c748cb90-cadf-4a6f-b345-cd4c71c9d1a6@group-C31066236865-FollowerState] INFO  impl.FollowerState (FollowerState.java:run(134)) - c748cb90-cadf-4a6f-b345-cd4c71c9d1a6@group-C31066236865-FollowerState: change to CANDIDATE, lastRpcElapsedTime:5086529384ns, electionTimeout:5083ms
2021-07-01 01:15:38,055 [c748cb90-cadf-4a6f-b345-cd4c71c9d1a6@group-C31066236865-FollowerState] INFO  impl.RoleInfo (RoleInfo.java:shutdownFollowerState(108)) - c748cb90-cadf-4a6f-b345-cd4c71c9d1a6: shutdown c748cb90-cadf-4a6f-b345-cd4c71c9d1a6@group-C31066236865-FollowerState
2021-07-01 01:15:38,055 [c748cb90-cadf-4a6f-b345-cd4c71c9d1a6@group-C31066236865-FollowerState] INFO  server.RaftServer$Division (RaftServerImpl.java:setRole(284)) - c748cb90-cadf-4a6f-b345-cd4c71c9d1a6@group-C31066236865: changes role from  FOLLOWER to CANDIDATE at term 0 for changeToCandidate
2021-07-01 01:15:38,055 [c748cb90-cadf-4a6f-b345-cd4c71c9d1a6@group-C31066236865-FollowerState] INFO  server.RaftServerConfigKeys (ConfUtils.java:logGet(44)) - raft.server.leaderelection.pre-vote = false (custom)
2021-07-01 01:15:38,055 [c748cb90-cadf-4a6f-b345-cd4c71c9d1a6@group-C31066236865-FollowerState] INFO  impl.RoleInfo (RoleInfo.java:updateAndGet(130)) - c748cb90-cadf-4a6f-b345-cd4c71c9d1a6: start c748cb90-cadf-4a6f-b345-cd4c71c9d1a6@group-C31066236865-LeaderElection26
2021-07-01 01:15:38,063 [c748cb90-cadf-4a6f-b345-cd4c71c9d1a6@group-C31066236865-LeaderElection26] INFO  impl.LeaderElection (LeaderElection.java:askForVotes(306)) - c748cb90-cadf-4a6f-b345-cd4c71c9d1a6@group-C31066236865-LeaderElection26 ELECTION round 0: submit vote requests at term 1 for -1: [c748cb90-cadf-4a6f-b345-cd4c71c9d1a6|rpc:10.1.0.5:37099|priority:1], old=null
2021-07-01 01:15:38,063 [c748cb90-cadf-4a6f-b345-cd4c71c9d1a6@group-C31066236865-LeaderElection26] INFO  impl.LeaderElection (LeaderElection.java:askForVotes(308)) - c748cb90-cadf-4a6f-b345-cd4c71c9d1a6@group-C31066236865-LeaderElection26 ELECTION round 0: result PASSED (term=1)
2021-07-01 01:15:38,063 [c748cb90-cadf-4a6f-b345-cd4c71c9d1a6@group-C31066236865-LeaderElection26] INFO  impl.RoleInfo (RoleInfo.java:shutdownLeaderElection(121)) - c748cb90-cadf-4a6f-b345-cd4c71c9d1a6: shutdown c748cb90-cadf-4a6f-b345-cd4c71c9d1a6@group-C31066236865-LeaderElection26
2021-07-01 01:15:38,063 [c748cb90-cadf-4a6f-b345-cd4c71c9d1a6@group-C31066236865-LeaderElection26] INFO  server.RaftServer$Division (RaftServerImpl.java:setRole(284)) - c748cb90-cadf-4a6f-b345-cd4c71c9d1a6@group-C31066236865: changes role from CANDIDATE to LEADER at term 1 for changeToLeader
2021-07-01 01:15:38,063 [c748cb90-cadf-4a6f-b345-cd4c71c9d1a6@group-C31066236865-LeaderElection26] INFO  ratis.XceiverServerRatis (XceiverServerRatis.java:handleLeaderChangedNotification(857)) - Leader change notification received for group: group-C31066236865 with new leaderId: c748cb90-cadf-4a6f-b345-cd4c71c9d1a6
2021-07-01 01:15:38,063 [c748cb90-cadf-4a6f-b345-cd4c71c9d1a6@group-C31066236865-LeaderElection26] INFO  server.RaftServer$Division (ServerState.java:setLeader(271)) - c748cb90-cadf-4a6f-b345-cd4c71c9d1a6@group-C31066236865: change Leader from null to c748cb90-cadf-4a6f-b345-cd4c71c9d1a6 at term 1 for becomeLeader, leader elected after 5102ms
2021-07-01 01:15:38,064 [EventQueue-OpenPipelineForHealthyPipelineSafeModeRule] INFO  safemode.SCMSafeModeManager (HealthyPipelineSafeModeRule.java:process(124)) - SCM in safe mode. Healthy pipelines reported count is 0, required healthy pipeline reported count is 1
2021-07-01 01:15:38,067 [c748cb90-cadf-4a6f-b345-cd4c71c9d1a6@group-C31066236865-LeaderElection26] INFO  server.RaftServerConfigKeys (ConfUtils.java:logGet(44)) - raft.server.staging.catchup.gap = 1000 (default)
2021-07-01 01:15:38,067 [c748cb90-cadf-4a6f-b345-cd4c71c9d1a6@group-C31066236865-LeaderElection26] INFO  metrics.RatisMetrics (RatisMetrics.java:lambda$create$0(36)) - Creating Metrics Registry : ratis.log_appender.c748cb90-cadf-4a6f-b345-cd4c71c9d1a6@group-C31066236865
2021-07-01 01:15:38,067 [c748cb90-cadf-4a6f-b345-cd4c71c9d1a6@group-C31066236865-LeaderElection26] INFO  server.RaftServerConfigKeys (ConfUtils.java:logGet(44)) - raft.server.write.element-limit = 1024 (custom)
2021-07-01 01:15:38,067 [c748cb90-cadf-4a6f-b345-cd4c71c9d1a6@group-C31066236865-LeaderElection26] INFO  server.RaftServerConfigKeys (ConfUtils.java:logGet(44)) - raft.server.write.byte-limit = 1073741824 (custom)
2021-07-01 01:15:38,067 [c748cb90-cadf-4a6f-b345-cd4c71c9d1a6@group-C31066236865-LeaderElection26] INFO  server.RaftServerConfigKeys (ConfUtils.java:logGet(44)) - raft.server.watch.timeout = 3000ms (custom)
2021-07-01 01:15:38,068 [c748cb90-cadf-4a6f-b345-cd4c71c9d1a6@group-C31066236865-LeaderElection26] INFO  server.RaftServerConfigKeys (ConfUtils.java:logGet(44)) - raft.server.watch.timeout.denomination = 1s (default)
2021-07-01 01:15:38,068 [c748cb90-cadf-4a6f-b345-cd4c71c9d1a6@group-C31066236865-LeaderElection26] INFO  server.RaftServerConfigKeys (ConfUtils.java:logGet(44)) - raft.server.watch.element-limit = 65536 (default)
2021-07-01 01:15:38,069 [c748cb90-cadf-4a6f-b345-cd4c71c9d1a6@group-C31066236865-LeaderElection26] INFO  impl.RoleInfo (RoleInfo.java:updateAndGet(130)) - c748cb90-cadf-4a6f-b345-cd4c71c9d1a6: start c748cb90-cadf-4a6f-b345-cd4c71c9d1a6@group-C31066236865-LeaderStateImpl
2021-07-01 01:15:38,069 [c748cb90-cadf-4a6f-b345-cd4c71c9d1a6@group-C31066236865-LeaderElection26] INFO  segmented.SegmentedRaftLogWorker (SegmentedRaftLogWorker.java:startLogSegment(394)) - c748cb90-cadf-4a6f-b345-cd4c71c9d1a6@group-C31066236865-SegmentedRaftLogWorker: Starting segment from index:0
2021-07-01 01:15:38,071 [c748cb90-cadf-4a6f-b345-cd4c71c9d1a6@group-C31066236865-SegmentedRaftLogWorker] INFO  segmented.SegmentedRaftLogWorker (SegmentedRaftLogWorker.java:execute(601)) - c748cb90-cadf-4a6f-b345-cd4c71c9d1a6@group-C31066236865-SegmentedRaftLogWorker: created new log segment /home/runner/work/ozone/ozone/mnt/ozone/hadoop-ozone/integration-test/target/test-dir/MiniOzoneClusterImpl-603eb75f-c0c9-4b57-9906-10dc47a08d14/datanode-5/data/ratis/2dbdaaf8-35c9-4f44-bbc0-c31066236865/current/log_inprogress_0
2021-07-01 01:15:38,072 [c748cb90-cadf-4a6f-b345-cd4c71c9d1a6@group-C31066236865-LeaderElection26] INFO  server.RaftServer$Division (ServerState.java:setRaftConf(373)) - c748cb90-cadf-4a6f-b345-cd4c71c9d1a6@group-C31066236865: set configuration 0: [c748cb90-cadf-4a6f-b345-cd4c71c9d1a6|rpc:10.1.0.5:37099|dataStream:|priority:1], old=null
2021-07-01 01:15:38,159 [74d0c323-91d1-42ce-a7ad-5ac80fac4338@group-130FAF1149B5-FollowerState] INFO  impl.FollowerState (FollowerState.java:run(134)) - 74d0c323-91d1-42ce-a7ad-5ac80fac4338@group-130FAF1149B5-FollowerState: change to CANDIDATE, lastRpcElapsedTime:5063113010ns, electionTimeout:5062ms
2021-07-01 01:15:38,159 [74d0c323-91d1-42ce-a7ad-5ac80fac4338@group-130FAF1149B5-FollowerState] INFO  impl.RoleInfo (RoleInfo.java:shutdownFollowerState(108)) - 74d0c323-91d1-42ce-a7ad-5ac80fac4338: shutdown 74d0c323-91d1-42ce-a7ad-5ac80fac4338@group-130FAF1149B5-FollowerState
2021-07-01 01:15:38,159 [74d0c323-91d1-42ce-a7ad-5ac80fac4338@group-130FAF1149B5-FollowerState] INFO  server.RaftServer$Division (RaftServerImpl.java:setRole(284)) - 74d0c323-91d1-42ce-a7ad-5ac80fac4338@group-130FAF1149B5: changes role from  FOLLOWER to CANDIDATE at term 0 for changeToCandidate
2021-07-01 01:15:38,160 [74d0c323-91d1-42ce-a7ad-5ac80fac4338@group-130FAF1149B5-FollowerState] INFO  server.RaftServerConfigKeys (ConfUtils.java:logGet(44)) - raft.server.leaderelection.pre-vote = false (custom)
2021-07-01 01:15:38,161 [74d0c323-91d1-42ce-a7ad-5ac80fac4338@group-130FAF1149B5-FollowerState] INFO  impl.RoleInfo (RoleInfo.java:updateAndGet(130)) - 74d0c323-91d1-42ce-a7ad-5ac80fac4338: start 74d0c323-91d1-42ce-a7ad-5ac80fac4338@group-130FAF1149B5-LeaderElection27
2021-07-01 01:15:38,164 [74d0c323-91d1-42ce-a7ad-5ac80fac4338@group-130FAF1149B5-LeaderElection27] INFO  impl.LeaderElection (LeaderElection.java:askForVotes(306)) - 74d0c323-91d1-42ce-a7ad-5ac80fac4338@group-130FAF1149B5-LeaderElection27 ELECTION round 0: submit vote requests at term 1 for -1: [74d0c323-91d1-42ce-a7ad-5ac80fac4338|rpc:10.1.0.5:46795|priority:1], old=null
2021-07-01 01:15:38,164 [74d0c323-91d1-42ce-a7ad-5ac80fac4338@group-130FAF1149B5-LeaderElection27] INFO  impl.LeaderElection (LeaderElection.java:askForVotes(308)) - 74d0c323-91d1-42ce-a7ad-5ac80fac4338@group-130FAF1149B5-LeaderElection27 ELECTION round 0: result PASSED (term=1)
2021-07-01 01:15:38,164 [74d0c323-91d1-42ce-a7ad-5ac80fac4338@group-130FAF1149B5-LeaderElection27] INFO  impl.RoleInfo (RoleInfo.java:shutdownLeaderElection(121)) - 74d0c323-91d1-42ce-a7ad-5ac80fac4338: shutdown 74d0c323-91d1-42ce-a7ad-5ac80fac4338@group-130FAF1149B5-LeaderElection27
2021-07-01 01:15:38,164 [74d0c323-91d1-42ce-a7ad-5ac80fac4338@group-130FAF1149B5-LeaderElection27] INFO  server.RaftServer$Division (RaftServerImpl.java:setRole(284)) - 74d0c323-91d1-42ce-a7ad-5ac80fac4338@group-130FAF1149B5: changes role from CANDIDATE to LEADER at term 1 for changeToLeader
2021-07-01 01:15:38,164 [74d0c323-91d1-42ce-a7ad-5ac80fac4338@group-130FAF1149B5-LeaderElection27] INFO  ratis.XceiverServerRatis (XceiverServerRatis.java:handleLeaderChangedNotification(857)) - Leader change notification received for group: group-130FAF1149B5 with new leaderId: 74d0c323-91d1-42ce-a7ad-5ac80fac4338
2021-07-01 01:15:38,164 [74d0c323-91d1-42ce-a7ad-5ac80fac4338@group-130FAF1149B5-LeaderElection27] INFO  server.RaftServer$Division (ServerState.java:setLeader(271)) - 74d0c323-91d1-42ce-a7ad-5ac80fac4338@group-130FAF1149B5: change Leader from null to 74d0c323-91d1-42ce-a7ad-5ac80fac4338 at term 1 for becomeLeader, leader elected after 5078ms
2021-07-01 01:15:38,165 [74d0c323-91d1-42ce-a7ad-5ac80fac4338@group-130FAF1149B5-LeaderElection27] INFO  server.RaftServerConfigKeys (ConfUtils.java:logGet(44)) - raft.server.staging.catchup.gap = 1000 (default)
2021-07-01 01:15:38,166 [74d0c323-91d1-42ce-a7ad-5ac80fac4338@group-130FAF1149B5-LeaderElection27] INFO  metrics.RatisMetrics (RatisMetrics.java:lambda$create$0(36)) - Creating Metrics Registry : ratis.log_appender.74d0c323-91d1-42ce-a7ad-5ac80fac4338@group-130FAF1149B5
2021-07-01 01:15:38,166 [74d0c323-91d1-42ce-a7ad-5ac80fac4338@group-130FAF1149B5-LeaderElection27] INFO  server.RaftServerConfigKeys (ConfUtils.java:logGet(44)) - raft.server.write.element-limit = 1024 (custom)
2021-07-01 01:15:38,166 [74d0c323-91d1-42ce-a7ad-5ac80fac4338@group-130FAF1149B5-LeaderElection27] INFO  server.RaftServerConfigKeys (ConfUtils.java:logGet(44)) - raft.server.write.byte-limit = 1073741824 (custom)
2021-07-01 01:15:38,166 [EventQueue-OpenPipelineForHealthyPipelineSafeModeRule] INFO  safemode.SCMSafeModeManager (HealthyPipelineSafeModeRule.java:process(124)) - SCM in safe mode. Healthy pipelines reported count is 0, required healthy pipeline reported count is 1
2021-07-01 01:15:38,166 [74d0c323-91d1-42ce-a7ad-5ac80fac4338@group-130FAF1149B5-LeaderElection27] INFO  server.RaftServerConfigKeys (ConfUtils.java:logGet(44)) - raft.server.watch.timeout = 3000ms (custom)
2021-07-01 01:15:38,168 [74d0c323-91d1-42ce-a7ad-5ac80fac4338@group-130FAF1149B5-LeaderElection27] INFO  server.RaftServerConfigKeys (ConfUtils.java:logGet(44)) - raft.server.watch.timeout.denomination = 1s (default)
2021-07-01 01:15:38,168 [74d0c323-91d1-42ce-a7ad-5ac80fac4338@group-130FAF1149B5-LeaderElection27] INFO  server.RaftServerConfigKeys (ConfUtils.java:logGet(44)) - raft.server.watch.element-limit = 65536 (default)
2021-07-01 01:15:38,168 [74d0c323-91d1-42ce-a7ad-5ac80fac4338@group-130FAF1149B5-LeaderElection27] INFO  impl.RoleInfo (RoleInfo.java:updateAndGet(130)) - 74d0c323-91d1-42ce-a7ad-5ac80fac4338: start 74d0c323-91d1-42ce-a7ad-5ac80fac4338@group-130FAF1149B5-LeaderStateImpl
2021-07-01 01:15:38,169 [74d0c323-91d1-42ce-a7ad-5ac80fac4338@group-130FAF1149B5-LeaderElection27] INFO  segmented.SegmentedRaftLogWorker (SegmentedRaftLogWorker.java:startLogSegment(394)) - 74d0c323-91d1-42ce-a7ad-5ac80fac4338@group-130FAF1149B5-SegmentedRaftLogWorker: Starting segment from index:0
2021-07-01 01:15:38,170 [74d0c323-91d1-42ce-a7ad-5ac80fac4338@group-130FAF1149B5-LeaderElection27] INFO  server.RaftServer$Division (ServerState.java:setRaftConf(373)) - 74d0c323-91d1-42ce-a7ad-5ac80fac4338@group-130FAF1149B5: set configuration 0: [74d0c323-91d1-42ce-a7ad-5ac80fac4338|rpc:10.1.0.5:46795|dataStream:|priority:1], old=null
2021-07-01 01:15:38,171 [74d0c323-91d1-42ce-a7ad-5ac80fac4338@group-130FAF1149B5-SegmentedRaftLogWorker] INFO  segmented.SegmentedRaftLogWorker (SegmentedRaftLogWorker.java:execute(601)) - 74d0c323-91d1-42ce-a7ad-5ac80fac4338@group-130FAF1149B5-SegmentedRaftLogWorker: created new log segment /home/runner/work/ozone/ozone/mnt/ozone/hadoop-ozone/integration-test/target/test-dir/MiniOzoneClusterImpl-603eb75f-c0c9-4b57-9906-10dc47a08d14/datanode-6/data/ratis/1c4d3486-05d9-4bdd-a615-130faf1149b5/current/log_inprogress_0
2021-07-01 01:15:38,224 [74d0c323-91d1-42ce-a7ad-5ac80fac4338@group-0BC9F4275829-FollowerState] INFO  impl.FollowerState (FollowerState.java:run(134)) - 74d0c323-91d1-42ce-a7ad-5ac80fac4338@group-0BC9F4275829-FollowerState: change to CANDIDATE, lastRpcElapsedTime:5114900292ns, electionTimeout:5114ms
2021-07-01 01:15:38,224 [74d0c323-91d1-42ce-a7ad-5ac80fac4338@group-0BC9F4275829-FollowerState] INFO  impl.RoleInfo (RoleInfo.java:shutdownFollowerState(108)) - 74d0c323-91d1-42ce-a7ad-5ac80fac4338: shutdown 74d0c323-91d1-42ce-a7ad-5ac80fac4338@group-0BC9F4275829-FollowerState
2021-07-01 01:15:38,224 [74d0c323-91d1-42ce-a7ad-5ac80fac4338@group-0BC9F4275829-FollowerState] INFO  server.RaftServer$Division (RaftServerImpl.java:setRole(284)) - 74d0c323-91d1-42ce-a7ad-5ac80fac4338@group-0BC9F4275829: changes role from  FOLLOWER to CANDIDATE at term 0 for changeToCandidate
2021-07-01 01:15:38,224 [74d0c323-91d1-42ce-a7ad-5ac80fac4338@group-0BC9F4275829-FollowerState] INFO  server.RaftServerConfigKeys (ConfUtils.java:logGet(44)) - raft.server.leaderelection.pre-vote = false (custom)
2021-07-01 01:15:38,224 [74d0c323-91d1-42ce-a7ad-5ac80fac4338@group-0BC9F4275829-FollowerState] INFO  impl.RoleInfo (RoleInfo.java:updateAndGet(130)) - 74d0c323-91d1-42ce-a7ad-5ac80fac4338: start 74d0c323-91d1-42ce-a7ad-5ac80fac4338@group-0BC9F4275829-LeaderElection28
2021-07-01 01:15:38,228 [74d0c323-91d1-42ce-a7ad-5ac80fac4338@group-0BC9F4275829-LeaderElection28] INFO  impl.LeaderElection (LeaderElection.java:askForVotes(306)) - 74d0c323-91d1-42ce-a7ad-5ac80fac4338@group-0BC9F4275829-LeaderElection28 ELECTION round 0: submit vote requests at term 1 for -1: [74d0c323-91d1-42ce-a7ad-5ac80fac4338|rpc:10.1.0.5:46795|priority:0, 2c5425c6-dd7c-4ec0-8033-4e93d4830dbf|rpc:10.1.0.5:44955|priority:1, e5bed959-61e5-441f-8857-6d0fdb7b4033|rpc:10.1.0.5:45539|priority:0], old=null
2021-07-01 01:15:38,237 [grpc-default-executor-0] INFO  server.RaftServer$Division (RaftServerImpl.java:requestVote(1042)) - e5bed959-61e5-441f-8857-6d0fdb7b4033@group-0BC9F4275829: receive requestVote(ELECTION, 74d0c323-91d1-42ce-a7ad-5ac80fac4338, group-0BC9F4275829, 1, (t:0, i:0))
2021-07-01 01:15:38,237 [grpc-default-executor-0] INFO  impl.VoteContext (VoteContext.java:log(48)) - e5bed959-61e5-441f-8857-6d0fdb7b4033@group-0BC9F4275829-FOLLOWER: accept ELECTION from 74d0c323-91d1-42ce-a7ad-5ac80fac4338: our priority 0 <= candidate's priority 0
2021-07-01 01:15:38,237 [grpc-default-executor-0] INFO  server.RaftServer$Division (RaftServerImpl.java:setRole(284)) - e5bed959-61e5-441f-8857-6d0fdb7b4033@group-0BC9F4275829: changes role from  FOLLOWER to FOLLOWER at term 1 for candidate:74d0c323-91d1-42ce-a7ad-5ac80fac4338
2021-07-01 01:15:38,237 [grpc-default-executor-0] INFO  impl.RoleInfo (RoleInfo.java:shutdownFollowerState(108)) - e5bed959-61e5-441f-8857-6d0fdb7b4033: shutdown e5bed959-61e5-441f-8857-6d0fdb7b4033@group-0BC9F4275829-FollowerState
2021-07-01 01:15:38,237 [grpc-default-executor-0] INFO  impl.RoleInfo (RoleInfo.java:updateAndGet(130)) - e5bed959-61e5-441f-8857-6d0fdb7b4033: start e5bed959-61e5-441f-8857-6d0fdb7b4033@group-0BC9F4275829-FollowerState
2021-07-01 01:15:38,237 [e5bed959-61e5-441f-8857-6d0fdb7b4033@group-0BC9F4275829-FollowerState] INFO  impl.FollowerState (FollowerState.java:run(143)) - e5bed959-61e5-441f-8857-6d0fdb7b4033@group-0BC9F4275829-FollowerState was interrupted: {}
java.lang.InterruptedException: sleep interrupted
	at java.lang.Thread.sleep(Native Method)
	at java.lang.Thread.sleep(Thread.java:340)
	at java.util.concurrent.TimeUnit.sleep(TimeUnit.java:386)
	at org.apache.ratis.util.TimeDuration.sleep(TimeDuration.java:324)
	at org.apache.ratis.util.TimeDuration.sleep(TimeDuration.java:309)
	at org.apache.ratis.server.impl.FollowerState.run(FollowerState.java:118)
2021-07-01 01:15:38,237 [grpc-default-executor-2] INFO  server.RaftServer$Division (RaftServerImpl.java:requestVote(1042)) - 2c5425c6-dd7c-4ec0-8033-4e93d4830dbf@group-0BC9F4275829: receive requestVote(ELECTION, 74d0c323-91d1-42ce-a7ad-5ac80fac4338, group-0BC9F4275829, 1, (t:0, i:0))
2021-07-01 01:15:38,237 [grpc-default-executor-2] INFO  impl.VoteContext (VoteContext.java:log(48)) - 2c5425c6-dd7c-4ec0-8033-4e93d4830dbf@group-0BC9F4275829-FOLLOWER: reject ELECTION from 74d0c323-91d1-42ce-a7ad-5ac80fac4338: our priority 1 > candidate's priority 0
2021-07-01 01:15:38,237 [grpc-default-executor-2] INFO  server.RaftServer$Division (RaftServerImpl.java:setRole(284)) - 2c5425c6-dd7c-4ec0-8033-4e93d4830dbf@group-0BC9F4275829: changes role from  FOLLOWER to FOLLOWER at term 1 for candidate:74d0c323-91d1-42ce-a7ad-5ac80fac4338
2021-07-01 01:15:38,238 [grpc-default-executor-2] INFO  impl.RoleInfo (RoleInfo.java:shutdownFollowerState(108)) - 2c5425c6-dd7c-4ec0-8033-4e93d4830dbf: shutdown 2c5425c6-dd7c-4ec0-8033-4e93d4830dbf@group-0BC9F4275829-FollowerState
2021-07-01 01:15:38,238 [grpc-default-executor-2] INFO  impl.RoleInfo (RoleInfo.java:updateAndGet(130)) - 2c5425c6-dd7c-4ec0-8033-4e93d4830dbf: start 2c5425c6-dd7c-4ec0-8033-4e93d4830dbf@group-0BC9F4275829-FollowerState
2021-07-01 01:15:38,238 [2c5425c6-dd7c-4ec0-8033-4e93d4830dbf@group-0BC9F4275829-FollowerState] INFO  impl.FollowerState (FollowerState.java:run(143)) - 2c5425c6-dd7c-4ec0-8033-4e93d4830dbf@group-0BC9F4275829-FollowerState was interrupted: {}
java.lang.InterruptedException: sleep interrupted
	at java.lang.Thread.sleep(Native Method)
	at java.lang.Thread.sleep(Thread.java:340)
	at java.util.concurrent.TimeUnit.sleep(TimeUnit.java:386)
	at org.apache.ratis.util.TimeDuration.sleep(TimeDuration.java:324)
	at org.apache.ratis.util.TimeDuration.sleep(TimeDuration.java:309)
	at org.apache.ratis.server.impl.FollowerState.run(FollowerState.java:118)
2021-07-01 01:15:38,240 [grpc-default-executor-0] INFO  server.RaftServer$Division (RaftServerImpl.java:requestVote(1074)) - e5bed959-61e5-441f-8857-6d0fdb7b4033@group-0BC9F4275829 replies to ELECTION vote request: 74d0c323-91d1-42ce-a7ad-5ac80fac4338<-e5bed959-61e5-441f-8857-6d0fdb7b4033#0:OK-t1. Peer's state: e5bed959-61e5-441f-8857-6d0fdb7b4033@group-0BC9F4275829:t1, leader=null, voted=74d0c323-91d1-42ce-a7ad-5ac80fac4338, raftlog=e5bed959-61e5-441f-8857-6d0fdb7b4033@group-0BC9F4275829-SegmentedRaftLog:OPENED:c-1,f-1,i0, conf=-1: [74d0c323-91d1-42ce-a7ad-5ac80fac4338|rpc:10.1.0.5:46795|dataStream:|priority:0, 2c5425c6-dd7c-4ec0-8033-4e93d4830dbf|rpc:10.1.0.5:44955|dataStream:|priority:1, e5bed959-61e5-441f-8857-6d0fdb7b4033|rpc:10.1.0.5:45539|dataStream:|priority:0], old=null
2021-07-01 01:15:38,241 [grpc-default-executor-2] INFO  server.RaftServer$Division (RaftServerImpl.java:requestVote(1074)) - 2c5425c6-dd7c-4ec0-8033-4e93d4830dbf@group-0BC9F4275829 replies to ELECTION vote request: 74d0c323-91d1-42ce-a7ad-5ac80fac4338<-2c5425c6-dd7c-4ec0-8033-4e93d4830dbf#0:FAIL-t1. Peer's state: 2c5425c6-dd7c-4ec0-8033-4e93d4830dbf@group-0BC9F4275829:t1, leader=null, voted=null, raftlog=2c5425c6-dd7c-4ec0-8033-4e93d4830dbf@group-0BC9F4275829-SegmentedRaftLog:OPENED:c-1,f-1,i0, conf=-1: [74d0c323-91d1-42ce-a7ad-5ac80fac4338|rpc:10.1.0.5:46795|dataStream:|priority:0, 2c5425c6-dd7c-4ec0-8033-4e93d4830dbf|rpc:10.1.0.5:44955|dataStream:|priority:1, e5bed959-61e5-441f-8857-6d0fdb7b4033|rpc:10.1.0.5:45539|dataStream:|priority:0], old=null
2021-07-01 01:15:38,249 [74d0c323-91d1-42ce-a7ad-5ac80fac4338@group-0BC9F4275829-LeaderElection28] INFO  impl.LeaderElection (LeaderElection.java:logAndReturn(89)) - 74d0c323-91d1-42ce-a7ad-5ac80fac4338@group-0BC9F4275829-LeaderElection28: ELECTION REJECTED received 2 response(s) and 0 exception(s):
2021-07-01 01:15:38,249 [74d0c323-91d1-42ce-a7ad-5ac80fac4338@group-0BC9F4275829-LeaderElection28] INFO  impl.LeaderElection (LeaderElection.java:logAndReturn(93)) -   Response 0: 74d0c323-91d1-42ce-a7ad-5ac80fac4338<-2c5425c6-dd7c-4ec0-8033-4e93d4830dbf#0:FAIL-t1
2021-07-01 01:15:38,249 [74d0c323-91d1-42ce-a7ad-5ac80fac4338@group-0BC9F4275829-LeaderElection28] INFO  impl.LeaderElection (LeaderElection.java:logAndReturn(93)) -   Response 1: 74d0c323-91d1-42ce-a7ad-5ac80fac4338<-e5bed959-61e5-441f-8857-6d0fdb7b4033#0:OK-t1
2021-07-01 01:15:38,249 [74d0c323-91d1-42ce-a7ad-5ac80fac4338@group-0BC9F4275829-LeaderElection28] INFO  impl.LeaderElection (LeaderElection.java:askForVotes(308)) - 74d0c323-91d1-42ce-a7ad-5ac80fac4338@group-0BC9F4275829-LeaderElection28 ELECTION round 0: result REJECTED
2021-07-01 01:15:38,249 [74d0c323-91d1-42ce-a7ad-5ac80fac4338@group-0BC9F4275829-LeaderElection28] INFO  server.RaftServer$Division (RaftServerImpl.java:setRole(284)) - 74d0c323-91d1-42ce-a7ad-5ac80fac4338@group-0BC9F4275829: changes role from CANDIDATE to FOLLOWER at term 1 for REJECTED
2021-07-01 01:15:38,249 [74d0c323-91d1-42ce-a7ad-5ac80fac4338@group-0BC9F4275829-LeaderElection28] INFO  impl.RoleInfo (RoleInfo.java:shutdownLeaderElection(121)) - 74d0c323-91d1-42ce-a7ad-5ac80fac4338: shutdown 74d0c323-91d1-42ce-a7ad-5ac80fac4338@group-0BC9F4275829-LeaderElection28
2021-07-01 01:15:38,250 [74d0c323-91d1-42ce-a7ad-5ac80fac4338@group-0BC9F4275829-LeaderElection28] INFO  impl.RoleInfo (RoleInfo.java:updateAndGet(130)) - 74d0c323-91d1-42ce-a7ad-5ac80fac4338: start 74d0c323-91d1-42ce-a7ad-5ac80fac4338@group-0BC9F4275829-FollowerState
2021-07-01 01:15:38,382 [Listener at 127.0.0.1/41923] INFO  ozone.MiniOzoneClusterImpl (MiniOzoneClusterImpl.java:lambda$waitForClusterToBeReady$0(227)) - Nodes are ready. Got 9 of 9 DN Heartbeats.
2021-07-01 01:15:38,382 [Listener at 127.0.0.1/41923] INFO  ozone.MiniOzoneClusterImpl (MiniOzoneClusterImpl.java:lambda$waitForClusterToBeReady$0(230)) - Waiting for cluster to exit safe mode
2021-07-01 01:15:38,382 [Listener at 127.0.0.1/41923] INFO  ozone.MiniOzoneClusterImpl (MiniOzoneClusterImpl.java:lambda$waitForClusterToBeReady$0(232)) - SCM became leader
2021-07-01 01:15:38,384 [e5bed959-61e5-441f-8857-6d0fdb7b4033@group-A8D8BCAA687C-FollowerState] INFO  impl.FollowerState (FollowerState.java:run(134)) - e5bed959-61e5-441f-8857-6d0fdb7b4033@group-A8D8BCAA687C-FollowerState: change to CANDIDATE, lastRpcElapsedTime:5150364952ns, electionTimeout:5150ms
2021-07-01 01:15:38,385 [e5bed959-61e5-441f-8857-6d0fdb7b4033@group-A8D8BCAA687C-FollowerState] INFO  impl.RoleInfo (RoleInfo.java:shutdownFollowerState(108)) - e5bed959-61e5-441f-8857-6d0fdb7b4033: shutdown e5bed959-61e5-441f-8857-6d0fdb7b4033@group-A8D8BCAA687C-FollowerState
2021-07-01 01:15:38,385 [e5bed959-61e5-441f-8857-6d0fdb7b4033@group-A8D8BCAA687C-FollowerState] INFO  server.RaftServer$Division (RaftServerImpl.java:setRole(284)) - e5bed959-61e5-441f-8857-6d0fdb7b4033@group-A8D8BCAA687C: changes role from  FOLLOWER to CANDIDATE at term 0 for changeToCandidate
2021-07-01 01:15:38,386 [e5bed959-61e5-441f-8857-6d0fdb7b4033@group-A8D8BCAA687C-FollowerState] INFO  server.RaftServerConfigKeys (ConfUtils.java:logGet(44)) - raft.server.leaderelection.pre-vote = false (custom)
2021-07-01 01:15:38,386 [e5bed959-61e5-441f-8857-6d0fdb7b4033@group-A8D8BCAA687C-FollowerState] INFO  impl.RoleInfo (RoleInfo.java:updateAndGet(130)) - e5bed959-61e5-441f-8857-6d0fdb7b4033: start e5bed959-61e5-441f-8857-6d0fdb7b4033@group-A8D8BCAA687C-LeaderElection29
2021-07-01 01:15:38,394 [e5bed959-61e5-441f-8857-6d0fdb7b4033@group-A8D8BCAA687C-LeaderElection29] INFO  impl.LeaderElection (LeaderElection.java:askForVotes(306)) - e5bed959-61e5-441f-8857-6d0fdb7b4033@group-A8D8BCAA687C-LeaderElection29 ELECTION round 0: submit vote requests at term 1 for -1: [e5bed959-61e5-441f-8857-6d0fdb7b4033|rpc:10.1.0.5:45539|priority:1], old=null
2021-07-01 01:15:38,394 [e5bed959-61e5-441f-8857-6d0fdb7b4033@group-A8D8BCAA687C-LeaderElection29] INFO  impl.LeaderElection (LeaderElection.java:askForVotes(308)) - e5bed959-61e5-441f-8857-6d0fdb7b4033@group-A8D8BCAA687C-LeaderElection29 ELECTION round 0: result PASSED (term=1)
2021-07-01 01:15:38,394 [e5bed959-61e5-441f-8857-6d0fdb7b4033@group-A8D8BCAA687C-LeaderElection29] INFO  impl.RoleInfo (RoleInfo.java:shutdownLeaderElection(121)) - e5bed959-61e5-441f-8857-6d0fdb7b4033: shutdown e5bed959-61e5-441f-8857-6d0fdb7b4033@group-A8D8BCAA687C-LeaderElection29
2021-07-01 01:15:38,394 [e5bed959-61e5-441f-8857-6d0fdb7b4033@group-A8D8BCAA687C-LeaderElection29] INFO  server.RaftServer$Division (RaftServerImpl.java:setRole(284)) - e5bed959-61e5-441f-8857-6d0fdb7b4033@group-A8D8BCAA687C: changes role from CANDIDATE to LEADER at term 1 for changeToLeader
2021-07-01 01:15:38,394 [e5bed959-61e5-441f-8857-6d0fdb7b4033@group-A8D8BCAA687C-LeaderElection29] INFO  ratis.XceiverServerRatis (XceiverServerRatis.java:handleLeaderChangedNotification(857)) - Leader change notification received for group: group-A8D8BCAA687C with new leaderId: e5bed959-61e5-441f-8857-6d0fdb7b4033
2021-07-01 01:15:38,394 [e5bed959-61e5-441f-8857-6d0fdb7b4033@group-A8D8BCAA687C-LeaderElection29] INFO  server.RaftServer$Division (ServerState.java:setLeader(271)) - e5bed959-61e5-441f-8857-6d0fdb7b4033@group-A8D8BCAA687C: change Leader from null to e5bed959-61e5-441f-8857-6d0fdb7b4033 at term 1 for becomeLeader, leader elected after 5165ms
2021-07-01 01:15:38,394 [e5bed959-61e5-441f-8857-6d0fdb7b4033@group-A8D8BCAA687C-LeaderElection29] INFO  server.RaftServerConfigKeys (ConfUtils.java:logGet(44)) - raft.server.staging.catchup.gap = 1000 (default)
2021-07-01 01:15:38,394 [e5bed959-61e5-441f-8857-6d0fdb7b4033@group-A8D8BCAA687C-LeaderElection29] INFO  metrics.RatisMetrics (RatisMetrics.java:lambda$create$0(36)) - Creating Metrics Registry : ratis.log_appender.e5bed959-61e5-441f-8857-6d0fdb7b4033@group-A8D8BCAA687C
2021-07-01 01:15:38,395 [e5bed959-61e5-441f-8857-6d0fdb7b4033@group-A8D8BCAA687C-LeaderElection29] INFO  server.RaftServerConfigKeys (ConfUtils.java:logGet(44)) - raft.server.write.element-limit = 1024 (custom)
2021-07-01 01:15:38,395 [e5bed959-61e5-441f-8857-6d0fdb7b4033@group-A8D8BCAA687C-LeaderElection29] INFO  server.RaftServerConfigKeys (ConfUtils.java:logGet(44)) - raft.server.write.byte-limit = 1073741824 (custom)
2021-07-01 01:15:38,395 [e5bed959-61e5-441f-8857-6d0fdb7b4033@group-A8D8BCAA687C-LeaderElection29] INFO  server.RaftServerConfigKeys (ConfUtils.java:logGet(44)) - raft.server.watch.timeout = 3000ms (custom)
2021-07-01 01:15:38,395 [e5bed959-61e5-441f-8857-6d0fdb7b4033@group-A8D8BCAA687C-LeaderElection29] INFO  server.RaftServerConfigKeys (ConfUtils.java:logGet(44)) - raft.server.watch.timeout.denomination = 1s (default)
2021-07-01 01:15:38,395 [EventQueue-OpenPipelineForHealthyPipelineSafeModeRule] INFO  safemode.SCMSafeModeManager (HealthyPipelineSafeModeRule.java:process(124)) - SCM in safe mode. Healthy pipelines reported count is 0, required healthy pipeline reported count is 1
2021-07-01 01:15:38,395 [e5bed959-61e5-441f-8857-6d0fdb7b4033@group-A8D8BCAA687C-LeaderElection29] INFO  server.RaftServerConfigKeys (ConfUtils.java:logGet(44)) - raft.server.watch.element-limit = 65536 (default)
2021-07-01 01:15:38,396 [e5bed959-61e5-441f-8857-6d0fdb7b4033@group-A8D8BCAA687C-LeaderElection29] INFO  impl.RoleInfo (RoleInfo.java:updateAndGet(130)) - e5bed959-61e5-441f-8857-6d0fdb7b4033: start e5bed959-61e5-441f-8857-6d0fdb7b4033@group-A8D8BCAA687C-LeaderStateImpl
2021-07-01 01:15:38,396 [e5bed959-61e5-441f-8857-6d0fdb7b4033@group-A8D8BCAA687C-LeaderElection29] INFO  segmented.SegmentedRaftLogWorker (SegmentedRaftLogWorker.java:startLogSegment(394)) - e5bed959-61e5-441f-8857-6d0fdb7b4033@group-A8D8BCAA687C-SegmentedRaftLogWorker: Starting segment from index:0
2021-07-01 01:15:38,400 [e5bed959-61e5-441f-8857-6d0fdb7b4033@group-A8D8BCAA687C-SegmentedRaftLogWorker] INFO  segmented.SegmentedRaftLogWorker (SegmentedRaftLogWorker.java:execute(601)) - e5bed959-61e5-441f-8857-6d0fdb7b4033@group-A8D8BCAA687C-SegmentedRaftLogWorker: created new log segment /home/runner/work/ozone/ozone/mnt/ozone/hadoop-ozone/integration-test/target/test-dir/MiniOzoneClusterImpl-603eb75f-c0c9-4b57-9906-10dc47a08d14/datanode-7/data/ratis/8e9d66ce-5266-4a7b-ba41-a8d8bcaa687c/current/log_inprogress_0
2021-07-01 01:15:38,406 [e5bed959-61e5-441f-8857-6d0fdb7b4033@group-A8D8BCAA687C-LeaderElection29] INFO  server.RaftServer$Division (ServerState.java:setRaftConf(373)) - e5bed959-61e5-441f-8857-6d0fdb7b4033@group-A8D8BCAA687C: set configuration 0: [e5bed959-61e5-441f-8857-6d0fdb7b4033|rpc:10.1.0.5:45539|dataStream:|priority:1], old=null
2021-07-01 01:15:38,475 [2c5425c6-dd7c-4ec0-8033-4e93d4830dbf@group-30AC3F6D4787-FollowerState] INFO  impl.FollowerState (FollowerState.java:run(134)) - 2c5425c6-dd7c-4ec0-8033-4e93d4830dbf@group-30AC3F6D4787-FollowerState: change to CANDIDATE, lastRpcElapsedTime:5092594224ns, electionTimeout:5091ms
2021-07-01 01:15:38,475 [2c5425c6-dd7c-4ec0-8033-4e93d4830dbf@group-30AC3F6D4787-FollowerState] INFO  impl.RoleInfo (RoleInfo.java:shutdownFollowerState(108)) - 2c5425c6-dd7c-4ec0-8033-4e93d4830dbf: shutdown 2c5425c6-dd7c-4ec0-8033-4e93d4830dbf@group-30AC3F6D4787-FollowerState
2021-07-01 01:15:38,475 [2c5425c6-dd7c-4ec0-8033-4e93d4830dbf@group-30AC3F6D4787-FollowerState] INFO  server.RaftServer$Division (RaftServerImpl.java:setRole(284)) - 2c5425c6-dd7c-4ec0-8033-4e93d4830dbf@group-30AC3F6D4787: changes role from  FOLLOWER to CANDIDATE at term 0 for changeToCandidate
2021-07-01 01:15:38,476 [2c5425c6-dd7c-4ec0-8033-4e93d4830dbf@group-30AC3F6D4787-FollowerState] INFO  server.RaftServerConfigKeys (ConfUtils.java:logGet(44)) - raft.server.leaderelection.pre-vote = false (custom)
2021-07-01 01:15:38,476 [2c5425c6-dd7c-4ec0-8033-4e93d4830dbf@group-30AC3F6D4787-FollowerState] INFO  impl.RoleInfo (RoleInfo.java:updateAndGet(130)) - 2c5425c6-dd7c-4ec0-8033-4e93d4830dbf: start 2c5425c6-dd7c-4ec0-8033-4e93d4830dbf@group-30AC3F6D4787-LeaderElection30
2021-07-01 01:15:38,482 [2c5425c6-dd7c-4ec0-8033-4e93d4830dbf@group-30AC3F6D4787-LeaderElection30] INFO  impl.LeaderElection (LeaderElection.java:askForVotes(306)) - 2c5425c6-dd7c-4ec0-8033-4e93d4830dbf@group-30AC3F6D4787-LeaderElection30 ELECTION round 0: submit vote requests at term 1 for -1: [2c5425c6-dd7c-4ec0-8033-4e93d4830dbf|rpc:10.1.0.5:44955|priority:1], old=null
2021-07-01 01:15:38,483 [2c5425c6-dd7c-4ec0-8033-4e93d4830dbf@group-30AC3F6D4787-LeaderElection30] INFO  impl.LeaderElection (LeaderElection.java:askForVotes(308)) - 2c5425c6-dd7c-4ec0-8033-4e93d4830dbf@group-30AC3F6D4787-LeaderElection30 ELECTION round 0: result PASSED (term=1)
2021-07-01 01:15:38,483 [2c5425c6-dd7c-4ec0-8033-4e93d4830dbf@group-30AC3F6D4787-LeaderElection30] INFO  impl.RoleInfo (RoleInfo.java:shutdownLeaderElection(121)) - 2c5425c6-dd7c-4ec0-8033-4e93d4830dbf: shutdown 2c5425c6-dd7c-4ec0-8033-4e93d4830dbf@group-30AC3F6D4787-LeaderElection30
2021-07-01 01:15:38,483 [2c5425c6-dd7c-4ec0-8033-4e93d4830dbf@group-30AC3F6D4787-LeaderElection30] INFO  server.RaftServer$Division (RaftServerImpl.java:setRole(284)) - 2c5425c6-dd7c-4ec0-8033-4e93d4830dbf@group-30AC3F6D4787: changes role from CANDIDATE to LEADER at term 1 for changeToLeader
2021-07-01 01:15:38,483 [2c5425c6-dd7c-4ec0-8033-4e93d4830dbf@group-30AC3F6D4787-LeaderElection30] INFO  ratis.XceiverServerRatis (XceiverServerRatis.java:handleLeaderChangedNotification(857)) - Leader change notification received for group: group-30AC3F6D4787 with new leaderId: 2c5425c6-dd7c-4ec0-8033-4e93d4830dbf
2021-07-01 01:15:38,483 [2c5425c6-dd7c-4ec0-8033-4e93d4830dbf@group-30AC3F6D4787-LeaderElection30] INFO  server.RaftServer$Division (ServerState.java:setLeader(271)) - 2c5425c6-dd7c-4ec0-8033-4e93d4830dbf@group-30AC3F6D4787: change Leader from null to 2c5425c6-dd7c-4ec0-8033-4e93d4830dbf at term 1 for becomeLeader, leader elected after 5110ms
2021-07-01 01:15:38,483 [2c5425c6-dd7c-4ec0-8033-4e93d4830dbf@group-30AC3F6D4787-LeaderElection30] INFO  server.RaftServerConfigKeys (ConfUtils.java:logGet(44)) - raft.server.staging.catchup.gap = 1000 (default)
2021-07-01 01:15:38,483 [2c5425c6-dd7c-4ec0-8033-4e93d4830dbf@group-30AC3F6D4787-LeaderElection30] INFO  metrics.RatisMetrics (RatisMetrics.java:lambda$create$0(36)) - Creating Metrics Registry : ratis.log_appender.2c5425c6-dd7c-4ec0-8033-4e93d4830dbf@group-30AC3F6D4787
2021-07-01 01:15:38,484 [2c5425c6-dd7c-4ec0-8033-4e93d4830dbf@group-30AC3F6D4787-LeaderElection30] INFO  server.RaftServerConfigKeys (ConfUtils.java:logGet(44)) - raft.server.write.element-limit = 1024 (custom)
2021-07-01 01:15:38,484 [2c5425c6-dd7c-4ec0-8033-4e93d4830dbf@group-30AC3F6D4787-LeaderElection30] INFO  server.RaftServerConfigKeys (ConfUtils.java:logGet(44)) - raft.server.write.byte-limit = 1073741824 (custom)
2021-07-01 01:15:38,484 [EventQueue-OpenPipelineForHealthyPipelineSafeModeRule] INFO  safemode.SCMSafeModeManager (HealthyPipelineSafeModeRule.java:process(124)) - SCM in safe mode. Healthy pipelines reported count is 0, required healthy pipeline reported count is 1
2021-07-01 01:15:38,485 [2c5425c6-dd7c-4ec0-8033-4e93d4830dbf@group-30AC3F6D4787-LeaderElection30] INFO  server.RaftServerConfigKeys (ConfUtils.java:logGet(44)) - raft.server.watch.timeout = 3000ms (custom)
2021-07-01 01:15:38,485 [2c5425c6-dd7c-4ec0-8033-4e93d4830dbf@group-30AC3F6D4787-LeaderElection30] INFO  server.RaftServerConfigKeys (ConfUtils.java:logGet(44)) - raft.server.watch.timeout.denomination = 1s (default)
2021-07-01 01:15:38,485 [2c5425c6-dd7c-4ec0-8033-4e93d4830dbf@group-30AC3F6D4787-LeaderElection30] INFO  server.RaftServerConfigKeys (ConfUtils.java:logGet(44)) - raft.server.watch.element-limit = 65536 (default)
2021-07-01 01:15:38,485 [2c5425c6-dd7c-4ec0-8033-4e93d4830dbf@group-30AC3F6D4787-LeaderElection30] INFO  impl.RoleInfo (RoleInfo.java:updateAndGet(130)) - 2c5425c6-dd7c-4ec0-8033-4e93d4830dbf: start 2c5425c6-dd7c-4ec0-8033-4e93d4830dbf@group-30AC3F6D4787-LeaderStateImpl
2021-07-01 01:15:38,485 [2c5425c6-dd7c-4ec0-8033-4e93d4830dbf@group-30AC3F6D4787-LeaderElection30] INFO  segmented.SegmentedRaftLogWorker (SegmentedRaftLogWorker.java:startLogSegment(394)) - 2c5425c6-dd7c-4ec0-8033-4e93d4830dbf@group-30AC3F6D4787-SegmentedRaftLogWorker: Starting segment from index:0
2021-07-01 01:15:38,486 [2c5425c6-dd7c-4ec0-8033-4e93d4830dbf@group-30AC3F6D4787-SegmentedRaftLogWorker] INFO  segmented.SegmentedRaftLogWorker (SegmentedRaftLogWorker.java:execute(601)) - 2c5425c6-dd7c-4ec0-8033-4e93d4830dbf@group-30AC3F6D4787-SegmentedRaftLogWorker: created new log segment /home/runner/work/ozone/ozone/mnt/ozone/hadoop-ozone/integration-test/target/test-dir/MiniOzoneClusterImpl-603eb75f-c0c9-4b57-9906-10dc47a08d14/datanode-8/data/ratis/bb6854db-77ea-4a3f-8f65-30ac3f6d4787/current/log_inprogress_0
2021-07-01 01:15:38,488 [2c5425c6-dd7c-4ec0-8033-4e93d4830dbf@group-30AC3F6D4787-LeaderElection30] INFO  server.RaftServer$Division (ServerState.java:setRaftConf(373)) - 2c5425c6-dd7c-4ec0-8033-4e93d4830dbf@group-30AC3F6D4787: set configuration 0: [2c5425c6-dd7c-4ec0-8033-4e93d4830dbf|rpc:10.1.0.5:44955|dataStream:|priority:1], old=null
2021-07-01 01:15:39,382 [Listener at 127.0.0.1/41923] INFO  ozone.MiniOzoneClusterImpl (MiniOzoneClusterImpl.java:lambda$waitForClusterToBeReady$0(227)) - Nodes are ready. Got 9 of 9 DN Heartbeats.
2021-07-01 01:15:39,382 [Listener at 127.0.0.1/41923] INFO  ozone.MiniOzoneClusterImpl (MiniOzoneClusterImpl.java:lambda$waitForClusterToBeReady$0(230)) - Waiting for cluster to exit safe mode
2021-07-01 01:15:39,383 [Listener at 127.0.0.1/41923] INFO  ozone.MiniOzoneClusterImpl (MiniOzoneClusterImpl.java:lambda$waitForClusterToBeReady$0(232)) - SCM became leader
2021-07-01 01:15:40,383 [Listener at 127.0.0.1/41923] INFO  ozone.MiniOzoneClusterImpl (MiniOzoneClusterImpl.java:lambda$waitForClusterToBeReady$0(227)) - Nodes are ready. Got 9 of 9 DN Heartbeats.
2021-07-01 01:15:40,383 [Listener at 127.0.0.1/41923] INFO  ozone.MiniOzoneClusterImpl (MiniOzoneClusterImpl.java:lambda$waitForClusterToBeReady$0(230)) - Waiting for cluster to exit safe mode
2021-07-01 01:15:40,383 [Listener at 127.0.0.1/41923] INFO  ozone.MiniOzoneClusterImpl (MiniOzoneClusterImpl.java:lambda$waitForClusterToBeReady$0(232)) - SCM became leader
2021-07-01 01:15:41,384 [Listener at 127.0.0.1/41923] INFO  ozone.MiniOzoneClusterImpl (MiniOzoneClusterImpl.java:lambda$waitForClusterToBeReady$0(227)) - Nodes are ready. Got 9 of 9 DN Heartbeats.
2021-07-01 01:15:41,384 [Listener at 127.0.0.1/41923] INFO  ozone.MiniOzoneClusterImpl (MiniOzoneClusterImpl.java:lambda$waitForClusterToBeReady$0(230)) - Waiting for cluster to exit safe mode
2021-07-01 01:15:41,384 [Listener at 127.0.0.1/41923] INFO  ozone.MiniOzoneClusterImpl (MiniOzoneClusterImpl.java:lambda$waitForClusterToBeReady$0(232)) - SCM became leader
2021-07-01 01:15:42,385 [Listener at 127.0.0.1/41923] INFO  ozone.MiniOzoneClusterImpl (MiniOzoneClusterImpl.java:lambda$waitForClusterToBeReady$0(227)) - Nodes are ready. Got 9 of 9 DN Heartbeats.
2021-07-01 01:15:42,385 [Listener at 127.0.0.1/41923] INFO  ozone.MiniOzoneClusterImpl (MiniOzoneClusterImpl.java:lambda$waitForClusterToBeReady$0(230)) - Waiting for cluster to exit safe mode
2021-07-01 01:15:42,385 [Listener at 127.0.0.1/41923] INFO  ozone.MiniOzoneClusterImpl (MiniOzoneClusterImpl.java:lambda$waitForClusterToBeReady$0(232)) - SCM became leader
2021-07-01 01:15:42,586 [12e155f9-24cd-4496-9fcd-b734ad3c03a4@group-3F477C9B4374-FollowerState] INFO  impl.FollowerState (FollowerState.java:run(134)) - 12e155f9-24cd-4496-9fcd-b734ad3c03a4@group-3F477C9B4374-FollowerState: change to CANDIDATE, lastRpcElapsedTime:5029690908ns, electionTimeout:5022ms
2021-07-01 01:15:42,586 [12e155f9-24cd-4496-9fcd-b734ad3c03a4@group-3F477C9B4374-FollowerState] INFO  impl.RoleInfo (RoleInfo.java:shutdownFollowerState(108)) - 12e155f9-24cd-4496-9fcd-b734ad3c03a4: shutdown 12e155f9-24cd-4496-9fcd-b734ad3c03a4@group-3F477C9B4374-FollowerState
2021-07-01 01:15:42,586 [12e155f9-24cd-4496-9fcd-b734ad3c03a4@group-3F477C9B4374-FollowerState] INFO  server.RaftServer$Division (RaftServerImpl.java:setRole(284)) - 12e155f9-24cd-4496-9fcd-b734ad3c03a4@group-3F477C9B4374: changes role from  FOLLOWER to CANDIDATE at term 1 for changeToCandidate
2021-07-01 01:15:42,587 [12e155f9-24cd-4496-9fcd-b734ad3c03a4@group-3F477C9B4374-FollowerState] INFO  server.RaftServerConfigKeys (ConfUtils.java:logGet(44)) - raft.server.leaderelection.pre-vote = false (custom)
2021-07-01 01:15:42,587 [12e155f9-24cd-4496-9fcd-b734ad3c03a4@group-3F477C9B4374-FollowerState] INFO  impl.RoleInfo (RoleInfo.java:updateAndGet(130)) - 12e155f9-24cd-4496-9fcd-b734ad3c03a4: start 12e155f9-24cd-4496-9fcd-b734ad3c03a4@group-3F477C9B4374-LeaderElection31
2021-07-01 01:15:42,589 [12e155f9-24cd-4496-9fcd-b734ad3c03a4@group-3F477C9B4374-LeaderElection31] INFO  impl.LeaderElection (LeaderElection.java:askForVotes(306)) - 12e155f9-24cd-4496-9fcd-b734ad3c03a4@group-3F477C9B4374-LeaderElection31 ELECTION round 0: submit vote requests at term 2 for -1: [80320f5a-6cd9-4eb7-9dbc-d52eb94c4b51|rpc:10.1.0.5:40669|dataStream:|priority:0, 12e155f9-24cd-4496-9fcd-b734ad3c03a4|rpc:10.1.0.5:37489|dataStream:|priority:1, a8e60af1-b0b5-4e51-add8-0d393ff38b25|rpc:10.1.0.5:37199|dataStream:|priority:0], old=null
2021-07-01 01:15:42,601 [grpc-default-executor-2] INFO  metrics.RatisMetrics (RatisMetrics.java:lambda$create$0(36)) - Creating Metrics Registry : ratis.server_message_metrics.a8e60af1-b0b5-4e51-add8-0d393ff38b25
2021-07-01 01:15:42,603 [grpc-default-executor-0] INFO  server.RaftServer$Division (RaftServerImpl.java:requestVote(1042)) - 80320f5a-6cd9-4eb7-9dbc-d52eb94c4b51@group-3F477C9B4374: receive requestVote(ELECTION, 12e155f9-24cd-4496-9fcd-b734ad3c03a4, group-3F477C9B4374, 2, (t:0, i:0))
2021-07-01 01:15:42,603 [grpc-default-executor-0] INFO  impl.VoteContext (VoteContext.java:log(48)) - 80320f5a-6cd9-4eb7-9dbc-d52eb94c4b51@group-3F477C9B4374-FOLLOWER: accept ELECTION from 12e155f9-24cd-4496-9fcd-b734ad3c03a4: our priority 0 <= candidate's priority 1
2021-07-01 01:15:42,603 [grpc-default-executor-0] INFO  server.RaftServer$Division (RaftServerImpl.java:setRole(284)) - 80320f5a-6cd9-4eb7-9dbc-d52eb94c4b51@group-3F477C9B4374: changes role from  FOLLOWER to FOLLOWER at term 2 for candidate:12e155f9-24cd-4496-9fcd-b734ad3c03a4
2021-07-01 01:15:42,603 [grpc-default-executor-0] INFO  impl.RoleInfo (RoleInfo.java:shutdownFollowerState(108)) - 80320f5a-6cd9-4eb7-9dbc-d52eb94c4b51: shutdown 80320f5a-6cd9-4eb7-9dbc-d52eb94c4b51@group-3F477C9B4374-FollowerState
2021-07-01 01:15:42,603 [grpc-default-executor-0] INFO  impl.RoleInfo (RoleInfo.java:updateAndGet(130)) - 80320f5a-6cd9-4eb7-9dbc-d52eb94c4b51: start 80320f5a-6cd9-4eb7-9dbc-d52eb94c4b51@group-3F477C9B4374-FollowerState
2021-07-01 01:15:42,603 [grpc-default-executor-2] INFO  server.RaftServer$Division (RaftServerImpl.java:requestVote(1042)) - a8e60af1-b0b5-4e51-add8-0d393ff38b25@group-3F477C9B4374: receive requestVote(ELECTION, 12e155f9-24cd-4496-9fcd-b734ad3c03a4, group-3F477C9B4374, 2, (t:0, i:0))
2021-07-01 01:15:42,604 [grpc-default-executor-2] INFO  impl.VoteContext (VoteContext.java:log(48)) - a8e60af1-b0b5-4e51-add8-0d393ff38b25@group-3F477C9B4374-FOLLOWER: accept ELECTION from 12e155f9-24cd-4496-9fcd-b734ad3c03a4: our priority 0 <= candidate's priority 1
2021-07-01 01:15:42,604 [grpc-default-executor-2] INFO  server.RaftServer$Division (RaftServerImpl.java:setRole(284)) - a8e60af1-b0b5-4e51-add8-0d393ff38b25@group-3F477C9B4374: changes role from  FOLLOWER to FOLLOWER at term 2 for candidate:12e155f9-24cd-4496-9fcd-b734ad3c03a4
2021-07-01 01:15:42,604 [grpc-default-executor-2] INFO  impl.RoleInfo (RoleInfo.java:shutdownFollowerState(108)) - a8e60af1-b0b5-4e51-add8-0d393ff38b25: shutdown a8e60af1-b0b5-4e51-add8-0d393ff38b25@group-3F477C9B4374-FollowerState
2021-07-01 01:15:42,605 [grpc-default-executor-2] INFO  impl.RoleInfo (RoleInfo.java:updateAndGet(130)) - a8e60af1-b0b5-4e51-add8-0d393ff38b25: start a8e60af1-b0b5-4e51-add8-0d393ff38b25@group-3F477C9B4374-FollowerState
2021-07-01 01:15:42,605 [a8e60af1-b0b5-4e51-add8-0d393ff38b25@group-3F477C9B4374-FollowerState] INFO  impl.FollowerState (FollowerState.java:run(143)) - a8e60af1-b0b5-4e51-add8-0d393ff38b25@group-3F477C9B4374-FollowerState was interrupted: {}
java.lang.InterruptedException: sleep interrupted
	at java.lang.Thread.sleep(Native Method)
	at java.lang.Thread.sleep(Thread.java:340)
	at java.util.concurrent.TimeUnit.sleep(TimeUnit.java:386)
	at org.apache.ratis.util.TimeDuration.sleep(TimeDuration.java:324)
	at org.apache.ratis.util.TimeDuration.sleep(TimeDuration.java:309)
	at org.apache.ratis.server.impl.FollowerState.run(FollowerState.java:118)
2021-07-01 01:15:42,606 [grpc-default-executor-2] INFO  server.RaftServer$Division (RaftServerImpl.java:requestVote(1074)) - a8e60af1-b0b5-4e51-add8-0d393ff38b25@group-3F477C9B4374 replies to ELECTION vote request: 12e155f9-24cd-4496-9fcd-b734ad3c03a4<-a8e60af1-b0b5-4e51-add8-0d393ff38b25#0:OK-t2. Peer's state: a8e60af1-b0b5-4e51-add8-0d393ff38b25@group-3F477C9B4374:t2, leader=null, voted=12e155f9-24cd-4496-9fcd-b734ad3c03a4, raftlog=a8e60af1-b0b5-4e51-add8-0d393ff38b25@group-3F477C9B4374-SegmentedRaftLog:OPENED:c-1,f-1,i0, conf=-1: [80320f5a-6cd9-4eb7-9dbc-d52eb94c4b51|rpc:10.1.0.5:40669|priority:0, 12e155f9-24cd-4496-9fcd-b734ad3c03a4|rpc:10.1.0.5:37489|priority:1, a8e60af1-b0b5-4e51-add8-0d393ff38b25|rpc:10.1.0.5:37199|priority:0], old=null
2021-07-01 01:15:42,606 [grpc-default-executor-0] INFO  server.RaftServer$Division (RaftServerImpl.java:requestVote(1074)) - 80320f5a-6cd9-4eb7-9dbc-d52eb94c4b51@group-3F477C9B4374 replies to ELECTION vote request: 12e155f9-24cd-4496-9fcd-b734ad3c03a4<-80320f5a-6cd9-4eb7-9dbc-d52eb94c4b51#0:OK-t2. Peer's state: 80320f5a-6cd9-4eb7-9dbc-d52eb94c4b51@group-3F477C9B4374:t2, leader=null, voted=12e155f9-24cd-4496-9fcd-b734ad3c03a4, raftlog=80320f5a-6cd9-4eb7-9dbc-d52eb94c4b51@group-3F477C9B4374-SegmentedRaftLog:OPENED:c-1,f-1,i0, conf=-1: [80320f5a-6cd9-4eb7-9dbc-d52eb94c4b51|rpc:10.1.0.5:40669|dataStream:|priority:0, 12e155f9-24cd-4496-9fcd-b734ad3c03a4|rpc:10.1.0.5:37489|dataStream:|priority:1, a8e60af1-b0b5-4e51-add8-0d393ff38b25|rpc:10.1.0.5:37199|dataStream:|priority:0], old=null
2021-07-01 01:15:42,607 [80320f5a-6cd9-4eb7-9dbc-d52eb94c4b51@group-3F477C9B4374-FollowerState] INFO  impl.FollowerState (FollowerState.java:run(134)) - 80320f5a-6cd9-4eb7-9dbc-d52eb94c4b51@group-3F477C9B4374-FollowerState: change to CANDIDATE, lastRpcElapsedTime:5053907186ns, electionTimeout:5046ms
2021-07-01 01:15:42,607 [80320f5a-6cd9-4eb7-9dbc-d52eb94c4b51@group-3F477C9B4374-FollowerState] INFO  impl.RoleInfo (RoleInfo.java:shutdownFollowerState(108)) - 80320f5a-6cd9-4eb7-9dbc-d52eb94c4b51: shutdown 80320f5a-6cd9-4eb7-9dbc-d52eb94c4b51@group-3F477C9B4374-FollowerState
2021-07-01 01:15:42,607 [80320f5a-6cd9-4eb7-9dbc-d52eb94c4b51@group-3F477C9B4374-FollowerState] INFO  server.RaftServer$Division (RaftServerImpl.java:setRole(284)) - 80320f5a-6cd9-4eb7-9dbc-d52eb94c4b51@group-3F477C9B4374: changes role from  FOLLOWER to CANDIDATE at term 2 for changeToCandidate
2021-07-01 01:15:42,607 [80320f5a-6cd9-4eb7-9dbc-d52eb94c4b51@group-3F477C9B4374-FollowerState] INFO  impl.FollowerState (FollowerState.java:run(143)) - 80320f5a-6cd9-4eb7-9dbc-d52eb94c4b51@group-3F477C9B4374-FollowerState was interrupted: {}
java.lang.InterruptedException: sleep interrupted
	at java.lang.Thread.sleep(Native Method)
	at java.lang.Thread.sleep(Thread.java:340)
	at java.util.concurrent.TimeUnit.sleep(TimeUnit.java:386)
	at org.apache.ratis.util.TimeDuration.sleep(TimeDuration.java:324)
	at org.apache.ratis.util.TimeDuration.sleep(TimeDuration.java:309)
	at org.apache.ratis.server.impl.FollowerState.run(FollowerState.java:118)
2021-07-01 01:15:42,607 [80320f5a-6cd9-4eb7-9dbc-d52eb94c4b51@group-3F477C9B4374-FollowerState] INFO  server.RaftServerConfigKeys (ConfUtils.java:logGet(44)) - raft.server.leaderelection.pre-vote = false (custom)
2021-07-01 01:15:42,608 [80320f5a-6cd9-4eb7-9dbc-d52eb94c4b51@group-3F477C9B4374-FollowerState] INFO  impl.RoleInfo (RoleInfo.java:updateAndGet(130)) - 80320f5a-6cd9-4eb7-9dbc-d52eb94c4b51: start 80320f5a-6cd9-4eb7-9dbc-d52eb94c4b51@group-3F477C9B4374-LeaderElection32
2021-07-01 01:15:42,610 [12e155f9-24cd-4496-9fcd-b734ad3c03a4@group-3F477C9B4374-LeaderElection31] INFO  impl.LeaderElection (LeaderElection.java:logAndReturn(89)) - 12e155f9-24cd-4496-9fcd-b734ad3c03a4@group-3F477C9B4374-LeaderElection31: ELECTION PASSED received 1 response(s) and 0 exception(s):
2021-07-01 01:15:42,611 [12e155f9-24cd-4496-9fcd-b734ad3c03a4@group-3F477C9B4374-LeaderElection31] INFO  impl.LeaderElection (LeaderElection.java:logAndReturn(93)) -   Response 0: 12e155f9-24cd-4496-9fcd-b734ad3c03a4<-80320f5a-6cd9-4eb7-9dbc-d52eb94c4b51#0:OK-t2
2021-07-01 01:15:42,611 [12e155f9-24cd-4496-9fcd-b734ad3c03a4@group-3F477C9B4374-LeaderElection31] INFO  impl.LeaderElection (LeaderElection.java:askForVotes(308)) - 12e155f9-24cd-4496-9fcd-b734ad3c03a4@group-3F477C9B4374-LeaderElection31 ELECTION round 0: result PASSED
2021-07-01 01:15:42,611 [12e155f9-24cd-4496-9fcd-b734ad3c03a4@group-3F477C9B4374-LeaderElection31] INFO  impl.RoleInfo (RoleInfo.java:shutdownLeaderElection(121)) - 12e155f9-24cd-4496-9fcd-b734ad3c03a4: shutdown 12e155f9-24cd-4496-9fcd-b734ad3c03a4@group-3F477C9B4374-LeaderElection31
2021-07-01 01:15:42,611 [12e155f9-24cd-4496-9fcd-b734ad3c03a4@group-3F477C9B4374-LeaderElection31] INFO  server.RaftServer$Division (RaftServerImpl.java:setRole(284)) - 12e155f9-24cd-4496-9fcd-b734ad3c03a4@group-3F477C9B4374: changes role from CANDIDATE to LEADER at term 2 for changeToLeader
2021-07-01 01:15:42,611 [12e155f9-24cd-4496-9fcd-b734ad3c03a4@group-3F477C9B4374-LeaderElection31] INFO  ratis.XceiverServerRatis (XceiverServerRatis.java:handleLeaderChangedNotification(857)) - Leader change notification received for group: group-3F477C9B4374 with new leaderId: 12e155f9-24cd-4496-9fcd-b734ad3c03a4
2021-07-01 01:15:42,611 [12e155f9-24cd-4496-9fcd-b734ad3c03a4@group-3F477C9B4374-LeaderElection31] INFO  server.RaftServer$Division (ServerState.java:setLeader(271)) - 12e155f9-24cd-4496-9fcd-b734ad3c03a4@group-3F477C9B4374: change Leader from null to 12e155f9-24cd-4496-9fcd-b734ad3c03a4 at term 2 for becomeLeader, leader elected after 10191ms
2021-07-01 01:15:42,611 [12e155f9-24cd-4496-9fcd-b734ad3c03a4@group-3F477C9B4374-LeaderElection31] INFO  server.RaftServerConfigKeys (ConfUtils.java:logGet(44)) - raft.server.staging.catchup.gap = 1000 (default)
2021-07-01 01:15:42,611 [12e155f9-24cd-4496-9fcd-b734ad3c03a4@group-3F477C9B4374-LeaderElection31] INFO  metrics.RatisMetrics (RatisMetrics.java:lambda$create$0(36)) - Creating Metrics Registry : ratis.log_appender.12e155f9-24cd-4496-9fcd-b734ad3c03a4@group-3F477C9B4374
2021-07-01 01:15:42,611 [12e155f9-24cd-4496-9fcd-b734ad3c03a4@group-3F477C9B4374-LeaderElection31] INFO  server.RaftServerConfigKeys (ConfUtils.java:logGet(44)) - raft.server.write.element-limit = 1024 (custom)
2021-07-01 01:15:42,611 [12e155f9-24cd-4496-9fcd-b734ad3c03a4@group-3F477C9B4374-LeaderElection31] INFO  server.RaftServerConfigKeys (ConfUtils.java:logGet(44)) - raft.server.write.byte-limit = 1073741824 (custom)
2021-07-01 01:15:42,611 [12e155f9-24cd-4496-9fcd-b734ad3c03a4@group-3F477C9B4374-LeaderElection31] INFO  server.RaftServerConfigKeys (ConfUtils.java:logGet(44)) - raft.server.watch.timeout = 3000ms (custom)
2021-07-01 01:15:42,611 [12e155f9-24cd-4496-9fcd-b734ad3c03a4@group-3F477C9B4374-LeaderElection31] INFO  server.RaftServerConfigKeys (ConfUtils.java:logGet(44)) - raft.server.watch.timeout.denomination = 1s (default)
2021-07-01 01:15:42,612 [12e155f9-24cd-4496-9fcd-b734ad3c03a4@group-3F477C9B4374-LeaderElection31] INFO  server.RaftServerConfigKeys (ConfUtils.java:logGet(44)) - raft.server.watch.element-limit = 65536 (default)
2021-07-01 01:15:42,612 [12e155f9-24cd-4496-9fcd-b734ad3c03a4@group-3F477C9B4374-LeaderElection31] INFO  server.RaftServerConfigKeys (ConfUtils.java:logGet(44)) - raft.server.log.appender.snapshot.chunk.size.max = 16MB (=16777216) (default)
2021-07-01 01:15:42,612 [12e155f9-24cd-4496-9fcd-b734ad3c03a4@group-3F477C9B4374-LeaderElection31] INFO  server.RaftServerConfigKeys (ConfUtils.java:logGet(44)) - raft.server.log.appender.buffer.byte-limit = 33554432 (custom)
2021-07-01 01:15:42,612 [12e155f9-24cd-4496-9fcd-b734ad3c03a4@group-3F477C9B4374-LeaderElection31] INFO  server.RaftServerConfigKeys (ConfUtils.java:logGet(44)) - raft.server.log.appender.buffer.element-limit = 1 (custom)
2021-07-01 01:15:42,612 [12e155f9-24cd-4496-9fcd-b734ad3c03a4@group-3F477C9B4374-LeaderElection31] INFO  grpc.GrpcConfigKeys (ConfUtils.java:logGet(44)) - raft.grpc.server.leader.outstanding.appends.max = 128 (default)
2021-07-01 01:15:42,612 [12e155f9-24cd-4496-9fcd-b734ad3c03a4@group-3F477C9B4374-LeaderElection31] INFO  server.RaftServerConfigKeys (ConfUtils.java:logGet(44)) - raft.server.rpc.request.timeout = 3000ms (default)
2021-07-01 01:15:42,612 [12e155f9-24cd-4496-9fcd-b734ad3c03a4@group-3F477C9B4374-LeaderElection31] INFO  server.RaftServerConfigKeys (ConfUtils.java:logGet(44)) - raft.server.log.appender.install.snapshot.enabled = false (custom)
2021-07-01 01:15:42,612 [12e155f9-24cd-4496-9fcd-b734ad3c03a4@group-3F477C9B4374-LeaderElection31] INFO  metrics.RatisMetrics (RatisMetrics.java:lambda$create$0(36)) - Creating Metrics Registry : ratis_grpc.log_appender.12e155f9-24cd-4496-9fcd-b734ad3c03a4@group-3F477C9B4374
2021-07-01 01:15:42,613 [12e155f9-24cd-4496-9fcd-b734ad3c03a4@group-3F477C9B4374-LeaderElection31] INFO  server.RaftServerConfigKeys (ConfUtils.java:logGet(44)) - raft.server.log.appender.snapshot.chunk.size.max = 16MB (=16777216) (default)
2021-07-01 01:15:42,613 [12e155f9-24cd-4496-9fcd-b734ad3c03a4@group-3F477C9B4374-LeaderElection31] INFO  server.RaftServerConfigKeys (ConfUtils.java:logGet(44)) - raft.server.log.appender.buffer.byte-limit = 33554432 (custom)
2021-07-01 01:15:42,613 [12e155f9-24cd-4496-9fcd-b734ad3c03a4@group-3F477C9B4374-LeaderElection31] INFO  server.RaftServerConfigKeys (ConfUtils.java:logGet(44)) - raft.server.log.appender.buffer.element-limit = 1 (custom)
2021-07-01 01:15:42,613 [12e155f9-24cd-4496-9fcd-b734ad3c03a4@group-3F477C9B4374-LeaderElection31] INFO  grpc.GrpcConfigKeys (ConfUtils.java:logGet(44)) - raft.grpc.server.leader.outstanding.appends.max = 128 (default)
2021-07-01 01:15:42,613 [12e155f9-24cd-4496-9fcd-b734ad3c03a4@group-3F477C9B4374-LeaderElection31] INFO  server.RaftServerConfigKeys (ConfUtils.java:logGet(44)) - raft.server.rpc.request.timeout = 3000ms (default)
2021-07-01 01:15:42,613 [12e155f9-24cd-4496-9fcd-b734ad3c03a4@group-3F477C9B4374-LeaderElection31] INFO  server.RaftServerConfigKeys (ConfUtils.java:logGet(44)) - raft.server.log.appender.install.snapshot.enabled = false (custom)
2021-07-01 01:15:42,614 [12e155f9-24cd-4496-9fcd-b734ad3c03a4@group-3F477C9B4374-LeaderElection31] INFO  impl.RoleInfo (RoleInfo.java:updateAndGet(130)) - 12e155f9-24cd-4496-9fcd-b734ad3c03a4: start 12e155f9-24cd-4496-9fcd-b734ad3c03a4@group-3F477C9B4374-LeaderStateImpl
2021-07-01 01:15:42,614 [12e155f9-24cd-4496-9fcd-b734ad3c03a4@group-3F477C9B4374-LeaderElection31] INFO  segmented.SegmentedRaftLogWorker (SegmentedRaftLogWorker.java:startLogSegment(394)) - 12e155f9-24cd-4496-9fcd-b734ad3c03a4@group-3F477C9B4374-SegmentedRaftLogWorker: Starting segment from index:0
2021-07-01 01:15:42,614 [80320f5a-6cd9-4eb7-9dbc-d52eb94c4b51@group-3F477C9B4374-LeaderElection32] INFO  impl.LeaderElection (LeaderElection.java:askForVotes(306)) - 80320f5a-6cd9-4eb7-9dbc-d52eb94c4b51@group-3F477C9B4374-LeaderElection32 ELECTION round 0: submit vote requests at term 3 for -1: [80320f5a-6cd9-4eb7-9dbc-d52eb94c4b51|rpc:10.1.0.5:40669|dataStream:|priority:0, 12e155f9-24cd-4496-9fcd-b734ad3c03a4|rpc:10.1.0.5:37489|dataStream:|priority:1, a8e60af1-b0b5-4e51-add8-0d393ff38b25|rpc:10.1.0.5:37199|dataStream:|priority:0], old=null
2021-07-01 01:15:42,615 [EventQueue-PipelineReportForPipelineReportHandler] INFO  pipeline.PipelineManagerV2Impl (PipelineManagerV2Impl.java:openPipeline(270)) - Pipeline Pipeline[ Id: fc1ed8f0-5d30-4d52-90b2-3f477c9b4374, Nodes: 12e155f9-24cd-4496-9fcd-b734ad3c03a4{ip: 10.1.0.5, host: fv-az195-275.u3nnjwd0vyge1bu22idnsdeq2e.cx.internal.cloudapp.net, ports: [REPLICATION=45361, RATIS=37489, RATIS_ADMIN=37489, RATIS_SERVER=37489, STANDALONE=35431], networkLocation: /default-rack, certSerialId: null, persistedOpState: IN_SERVICE, persistedOpStateExpiryEpochSec: 0}a8e60af1-b0b5-4e51-add8-0d393ff38b25{ip: 10.1.0.5, host: fv-az195-275.u3nnjwd0vyge1bu22idnsdeq2e.cx.internal.cloudapp.net, ports: [REPLICATION=38855, RATIS=37199, RATIS_ADMIN=37199, RATIS_SERVER=37199, STANDALONE=42759], networkLocation: /default-rack, certSerialId: null, persistedOpState: IN_SERVICE, persistedOpStateExpiryEpochSec: 0}80320f5a-6cd9-4eb7-9dbc-d52eb94c4b51{ip: 10.1.0.5, host: fv-az195-275.u3nnjwd0vyge1bu22idnsdeq2e.cx.internal.cloudapp.net, ports: [REPLICATION=46331, RATIS=40669, RATIS_ADMIN=40669, RATIS_SERVER=40669, STANDALONE=41609], networkLocation: /default-rack, certSerialId: null, persistedOpState: IN_SERVICE, persistedOpStateExpiryEpochSec: 0}, ReplicationConfig: RATIS/THREE, State:ALLOCATED, leaderId:12e155f9-24cd-4496-9fcd-b734ad3c03a4, CreationTimestamp2021-07-01T01:15:29.595Z] moved to OPEN state
2021-07-01 01:15:42,615 [EventQueue-OpenPipelineForHealthyPipelineSafeModeRule] INFO  safemode.SCMSafeModeManager (HealthyPipelineSafeModeRule.java:process(124)) - SCM in safe mode. Healthy pipelines reported count is 1, required healthy pipeline reported count is 1
2021-07-01 01:15:42,615 [EventQueue-OpenPipelineForHealthyPipelineSafeModeRule] INFO  safemode.SCMSafeModeManager (SCMSafeModeManager.java:validateSafeModeExitRules(204)) - HealthyPipelineSafeModeRule rule is successfully validated
2021-07-01 01:15:42,615 [EventQueue-OpenPipelineForHealthyPipelineSafeModeRule] INFO  safemode.SCMSafeModeManager (SCMSafeModeManager.java:validateSafeModeExitRules(219)) - ScmSafeModeManager, all rules are successfully validated
2021-07-01 01:15:42,615 [EventQueue-OpenPipelineForHealthyPipelineSafeModeRule] INFO  safemode.SCMSafeModeManager (SCMSafeModeManager.java:exitSafeMode(248)) - SCM exiting safe mode.
2021-07-01 01:15:42,616 [EventQueue-OpenPipelineForHealthyPipelineSafeModeRule] WARN  events.EventQueue (EventQueue.java:fireEvent(194)) - No event handler registered for event TypedEvent{payloadType=SafeModeStatus, name='Safe mode status'}
2021-07-01 01:15:42,616 [EventQueue-OpenPipelineForHealthyPipelineSafeModeRule] INFO  ha.SCMContext (SCMContext.java:updateSafeModeStatus(208)) - Update SafeModeStatus from SafeModeStatus{safeModeStatus=true, preCheckPassed=true} to SafeModeStatus{safeModeStatus=false, preCheckPassed=true}.
2021-07-01 01:15:42,616 [EventQueue-OpenPipelineForHealthyPipelineSafeModeRule] INFO  pipeline.BackgroundPipelineCreator (BackgroundPipelineCreatorV2.java:notifyStatusChanged(264)) - Service BackgroundPipelineCreator transitions to RUNNING.
2021-07-01 01:15:42,616 [EventQueue-OpenPipelineForHealthyPipelineSafeModeRule] INFO  container.ReplicationManager (ReplicationManager.java:notifyStatusChanged(1279)) - Service ReplicationManager transitions to RUNNING.
2021-07-01 01:15:42,620 [12e155f9-24cd-4496-9fcd-b734ad3c03a4@group-3F477C9B4374-SegmentedRaftLogWorker] INFO  segmented.SegmentedRaftLogWorker (SegmentedRaftLogWorker.java:execute(601)) - 12e155f9-24cd-4496-9fcd-b734ad3c03a4@group-3F477C9B4374-SegmentedRaftLogWorker: created new log segment /home/runner/work/ozone/ozone/mnt/ozone/hadoop-ozone/integration-test/target/test-dir/MiniOzoneClusterImpl-603eb75f-c0c9-4b57-9906-10dc47a08d14/datanode-1/data/ratis/fc1ed8f0-5d30-4d52-90b2-3f477c9b4374/current/log_inprogress_0
2021-07-01 01:15:42,629 [12e155f9-24cd-4496-9fcd-b734ad3c03a4@group-3F477C9B4374-LeaderElection31] INFO  server.RaftServer$Division (ServerState.java:setRaftConf(373)) - 12e155f9-24cd-4496-9fcd-b734ad3c03a4@group-3F477C9B4374: set configuration 0: [80320f5a-6cd9-4eb7-9dbc-d52eb94c4b51|rpc:10.1.0.5:40669|dataStream:|priority:0, 12e155f9-24cd-4496-9fcd-b734ad3c03a4|rpc:10.1.0.5:37489|dataStream:|priority:1, a8e60af1-b0b5-4e51-add8-0d393ff38b25|rpc:10.1.0.5:37199|dataStream:|priority:0], old=null
2021-07-01 01:15:42,636 [grpc-default-executor-0] INFO  server.RaftServer$Division (RaftServerImpl.java:requestVote(1042)) - 12e155f9-24cd-4496-9fcd-b734ad3c03a4@group-3F477C9B4374: receive requestVote(ELECTION, 80320f5a-6cd9-4eb7-9dbc-d52eb94c4b51, group-3F477C9B4374, 3, (t:0, i:0))
2021-07-01 01:15:42,644 [grpc-default-executor-1] INFO  server.RaftServer$Division (RaftServerImpl.java:requestVote(1042)) - a8e60af1-b0b5-4e51-add8-0d393ff38b25@group-3F477C9B4374: receive requestVote(ELECTION, 80320f5a-6cd9-4eb7-9dbc-d52eb94c4b51, group-3F477C9B4374, 3, (t:0, i:0))
2021-07-01 01:15:42,644 [grpc-default-executor-1] INFO  impl.VoteContext (VoteContext.java:log(48)) - a8e60af1-b0b5-4e51-add8-0d393ff38b25@group-3F477C9B4374-FOLLOWER: accept ELECTION from 80320f5a-6cd9-4eb7-9dbc-d52eb94c4b51: our priority 0 <= candidate's priority 0
2021-07-01 01:15:42,644 [grpc-default-executor-1] INFO  server.RaftServer$Division (RaftServerImpl.java:setRole(284)) - a8e60af1-b0b5-4e51-add8-0d393ff38b25@group-3F477C9B4374: changes role from  FOLLOWER to FOLLOWER at term 3 for candidate:80320f5a-6cd9-4eb7-9dbc-d52eb94c4b51
2021-07-01 01:15:42,644 [grpc-default-executor-1] INFO  impl.RoleInfo (RoleInfo.java:shutdownFollowerState(108)) - a8e60af1-b0b5-4e51-add8-0d393ff38b25: shutdown a8e60af1-b0b5-4e51-add8-0d393ff38b25@group-3F477C9B4374-FollowerState
2021-07-01 01:15:42,644 [grpc-default-executor-1] INFO  impl.RoleInfo (RoleInfo.java:updateAndGet(130)) - a8e60af1-b0b5-4e51-add8-0d393ff38b25: start a8e60af1-b0b5-4e51-add8-0d393ff38b25@group-3F477C9B4374-FollowerState
2021-07-01 01:15:42,645 [a8e60af1-b0b5-4e51-add8-0d393ff38b25@group-3F477C9B4374-FollowerState] INFO  impl.FollowerState (FollowerState.java:run(143)) - a8e60af1-b0b5-4e51-add8-0d393ff38b25@group-3F477C9B4374-FollowerState was interrupted: {}
java.lang.InterruptedException: sleep interrupted
	at java.lang.Thread.sleep(Native Method)
	at java.lang.Thread.sleep(Thread.java:340)
	at java.util.concurrent.TimeUnit.sleep(TimeUnit.java:386)
	at org.apache.ratis.util.TimeDuration.sleep(TimeDuration.java:324)
	at org.apache.ratis.util.TimeDuration.sleep(TimeDuration.java:309)
	at org.apache.ratis.server.impl.FollowerState.run(FollowerState.java:118)
2021-07-01 01:15:42,650 [grpc-default-executor-1] INFO  server.RaftServer$Division (RaftServerImpl.java:requestVote(1074)) - a8e60af1-b0b5-4e51-add8-0d393ff38b25@group-3F477C9B4374 replies to ELECTION vote request: 80320f5a-6cd9-4eb7-9dbc-d52eb94c4b51<-a8e60af1-b0b5-4e51-add8-0d393ff38b25#0:OK-t3. Peer's state: a8e60af1-b0b5-4e51-add8-0d393ff38b25@group-3F477C9B4374:t3, leader=null, voted=80320f5a-6cd9-4eb7-9dbc-d52eb94c4b51, raftlog=a8e60af1-b0b5-4e51-add8-0d393ff38b25@group-3F477C9B4374-SegmentedRaftLog:OPENED:c-1,f-1,i0, conf=-1: [80320f5a-6cd9-4eb7-9dbc-d52eb94c4b51|rpc:10.1.0.5:40669|priority:0, 12e155f9-24cd-4496-9fcd-b734ad3c03a4|rpc:10.1.0.5:37489|priority:1, a8e60af1-b0b5-4e51-add8-0d393ff38b25|rpc:10.1.0.5:37199|priority:0], old=null
2021-07-01 01:15:42,652 [grpc-default-executor-0] INFO  impl.VoteContext (VoteContext.java:log(48)) - 12e155f9-24cd-4496-9fcd-b734ad3c03a4@group-3F477C9B4374-LEADER: reject ELECTION from 80320f5a-6cd9-4eb7-9dbc-d52eb94c4b51: our last entry (t:2, i:0) > candidate's last entry (t:0, i:0)
2021-07-01 01:15:42,652 [grpc-default-executor-0] INFO  server.RaftServer$Division (ServerState.java:setLeader(271)) - 12e155f9-24cd-4496-9fcd-b734ad3c03a4@group-3F477C9B4374: change Leader from 12e155f9-24cd-4496-9fcd-b734ad3c03a4 to null at term 3 for updateCurrentTerm
2021-07-01 01:15:42,652 [grpc-default-executor-0] INFO  server.RaftServer$Division (RaftServerImpl.java:setRole(284)) - 12e155f9-24cd-4496-9fcd-b734ad3c03a4@group-3F477C9B4374: changes role from    LEADER to FOLLOWER at term 3 for candidate:80320f5a-6cd9-4eb7-9dbc-d52eb94c4b51
2021-07-01 01:15:42,652 [grpc-default-executor-0] INFO  impl.RoleInfo (RoleInfo.java:shutdownLeaderState(91)) - 12e155f9-24cd-4496-9fcd-b734ad3c03a4: shutdown 12e155f9-24cd-4496-9fcd-b734ad3c03a4@group-3F477C9B4374-LeaderStateImpl
2021-07-01 01:15:42,652 [grpc-default-executor-0] INFO  metrics.RatisMetrics (RatisMetrics.java:unregister(43)) - Unregistering Metrics Registry : ratis_grpc.log_appender.12e155f9-24cd-4496-9fcd-b734ad3c03a4@group-3F477C9B4374
2021-07-01 01:15:42,652 [grpc-default-executor-0] INFO  metrics.RatisMetrics (RatisMetrics.java:unregister(43)) - Unregistering Metrics Registry : ratis_grpc.log_appender.12e155f9-24cd-4496-9fcd-b734ad3c03a4@group-3F477C9B4374
2021-07-01 01:15:42,656 [grpc-default-executor-0] INFO  impl.PendingRequests (PendingRequests.java:sendNotLeaderResponses(249)) - 12e155f9-24cd-4496-9fcd-b734ad3c03a4@group-3F477C9B4374-PendingRequests: sendNotLeaderResponses
2021-07-01 01:15:42,656 [grpc-default-executor-0] INFO  metrics.RatisMetrics (RatisMetrics.java:unregister(43)) - Unregistering Metrics Registry : ratis.log_appender.12e155f9-24cd-4496-9fcd-b734ad3c03a4@group-3F477C9B4374
2021-07-01 01:15:42,656 [grpc-default-executor-0] INFO  metrics.RatisMetrics (RatisMetrics.java:unregister(43)) - Unregistering Metrics Registry : ratis.server.12e155f9-24cd-4496-9fcd-b734ad3c03a4@group-3F477C9B4374
2021-07-01 01:15:42,657 [grpc-default-executor-0] INFO  impl.RoleInfo (RoleInfo.java:updateAndGet(130)) - 12e155f9-24cd-4496-9fcd-b734ad3c03a4: start 12e155f9-24cd-4496-9fcd-b734ad3c03a4@group-3F477C9B4374-FollowerState
2021-07-01 01:15:42,664 [grpc-default-executor-0] INFO  server.RaftServer$Division (RaftServerImpl.java:requestVote(1074)) - 12e155f9-24cd-4496-9fcd-b734ad3c03a4@group-3F477C9B4374 replies to ELECTION vote request: 80320f5a-6cd9-4eb7-9dbc-d52eb94c4b51<-12e155f9-24cd-4496-9fcd-b734ad3c03a4#0:FAIL-t3. Peer's state: 12e155f9-24cd-4496-9fcd-b734ad3c03a4@group-3F477C9B4374:t3, leader=null, voted=null, raftlog=12e155f9-24cd-4496-9fcd-b734ad3c03a4@group-3F477C9B4374-SegmentedRaftLog:OPENED:c0,f0,i0, conf=0: [80320f5a-6cd9-4eb7-9dbc-d52eb94c4b51|rpc:10.1.0.5:40669|dataStream:|priority:0, 12e155f9-24cd-4496-9fcd-b734ad3c03a4|rpc:10.1.0.5:37489|dataStream:|priority:1, a8e60af1-b0b5-4e51-add8-0d393ff38b25|rpc:10.1.0.5:37199|dataStream:|priority:0], old=null
2021-07-01 01:15:42,664 [12e155f9-24cd-4496-9fcd-b734ad3c03a4@group-3F477C9B4374->80320f5a-6cd9-4eb7-9dbc-d52eb94c4b51-GrpcLogAppender-LogAppenderDaemon] WARN  server.GrpcLogAppender (GrpcLogAppender.java:mayWait(175)) - 12e155f9-24cd-4496-9fcd-b734ad3c03a4@group-3F477C9B4374->80320f5a-6cd9-4eb7-9dbc-d52eb94c4b51-GrpcLogAppender: Wait interrupted by java.lang.InterruptedException
2021-07-01 01:15:42,665 [grpc-default-executor-3] INFO  server.GrpcServerProtocolService (GrpcServerProtocolService.java:onCompleted(140)) - 80320f5a-6cd9-4eb7-9dbc-d52eb94c4b51: Completed APPEND_ENTRIES, lastRequest: null
2021-07-01 01:15:42,665 [grpc-default-executor-0] INFO  server.GrpcServerProtocolService (GrpcServerProtocolService.java:onCompleted(140)) - a8e60af1-b0b5-4e51-add8-0d393ff38b25: Completed APPEND_ENTRIES, lastRequest: 12e155f9-24cd-4496-9fcd-b734ad3c03a4->a8e60af1-b0b5-4e51-add8-0d393ff38b25#1-t2,previous=(t:0, i:0),leaderCommit=0,initializing? true,entries: size=1, first=(t:2, i:0), CONFIGURATIONENTRY
2021-07-01 01:15:42,667 [80320f5a-6cd9-4eb7-9dbc-d52eb94c4b51@group-3F477C9B4374-LeaderElection32] INFO  impl.LeaderElection (LeaderElection.java:logAndReturn(89)) - 80320f5a-6cd9-4eb7-9dbc-d52eb94c4b51@group-3F477C9B4374-LeaderElection32: ELECTION REJECTED received 2 response(s) and 0 exception(s):
2021-07-01 01:15:42,667 [80320f5a-6cd9-4eb7-9dbc-d52eb94c4b51@group-3F477C9B4374-LeaderElection32] INFO  impl.LeaderElection (LeaderElection.java:logAndReturn(93)) -   Response 0: 80320f5a-6cd9-4eb7-9dbc-d52eb94c4b51<-12e155f9-24cd-4496-9fcd-b734ad3c03a4#0:FAIL-t3
2021-07-01 01:15:42,667 [80320f5a-6cd9-4eb7-9dbc-d52eb94c4b51@group-3F477C9B4374-LeaderElection32] INFO  impl.LeaderElection (LeaderElection.java:logAndReturn(93)) -   Response 1: 80320f5a-6cd9-4eb7-9dbc-d52eb94c4b51<-a8e60af1-b0b5-4e51-add8-0d393ff38b25#0:OK-t3
2021-07-01 01:15:42,667 [80320f5a-6cd9-4eb7-9dbc-d52eb94c4b51@group-3F477C9B4374-LeaderElection32] INFO  impl.LeaderElection (LeaderElection.java:askForVotes(308)) - 80320f5a-6cd9-4eb7-9dbc-d52eb94c4b51@group-3F477C9B4374-LeaderElection32 ELECTION round 0: result REJECTED
2021-07-01 01:15:42,667 [80320f5a-6cd9-4eb7-9dbc-d52eb94c4b51@group-3F477C9B4374-LeaderElection32] INFO  server.RaftServer$Division (RaftServerImpl.java:setRole(284)) - 80320f5a-6cd9-4eb7-9dbc-d52eb94c4b51@group-3F477C9B4374: changes role from CANDIDATE to FOLLOWER at term 3 for REJECTED
2021-07-01 01:15:42,667 [grpc-default-executor-3] INFO  server.GrpcLogAppender (GrpcLogAppender.java:onCompleted(344)) - 12e155f9-24cd-4496-9fcd-b734ad3c03a4@group-3F477C9B4374->a8e60af1-b0b5-4e51-add8-0d393ff38b25-AppendLogResponseHandler: follower responses appendEntries COMPLETED
2021-07-01 01:15:42,667 [80320f5a-6cd9-4eb7-9dbc-d52eb94c4b51@group-3F477C9B4374-LeaderElection32] INFO  impl.RoleInfo (RoleInfo.java:shutdownLeaderElection(121)) - 80320f5a-6cd9-4eb7-9dbc-d52eb94c4b51: shutdown 80320f5a-6cd9-4eb7-9dbc-d52eb94c4b51@group-3F477C9B4374-LeaderElection32
2021-07-01 01:15:42,667 [grpc-default-executor-3] INFO  leader.FollowerInfo (FollowerInfoImpl.java:lambda$new$0(46)) - 12e155f9-24cd-4496-9fcd-b734ad3c03a4@group-3F477C9B4374->a8e60af1-b0b5-4e51-add8-0d393ff38b25: nextIndex: updateUnconditionally 1 -> 0
2021-07-01 01:15:42,667 [80320f5a-6cd9-4eb7-9dbc-d52eb94c4b51@group-3F477C9B4374-LeaderElection32] INFO  impl.RoleInfo (RoleInfo.java:updateAndGet(130)) - 80320f5a-6cd9-4eb7-9dbc-d52eb94c4b51: start 80320f5a-6cd9-4eb7-9dbc-d52eb94c4b51@group-3F477C9B4374-FollowerState
2021-07-01 01:15:42,672 [grpc-default-executor-4] INFO  server.GrpcLogAppender (GrpcLogAppender.java:onCompleted(344)) - 12e155f9-24cd-4496-9fcd-b734ad3c03a4@group-3F477C9B4374->80320f5a-6cd9-4eb7-9dbc-d52eb94c4b51-AppendLogResponseHandler: follower responses appendEntries COMPLETED
2021-07-01 01:15:42,673 [grpc-default-executor-4] INFO  leader.FollowerInfo (FollowerInfoImpl.java:lambda$new$0(46)) - 12e155f9-24cd-4496-9fcd-b734ad3c03a4@group-3F477C9B4374->80320f5a-6cd9-4eb7-9dbc-d52eb94c4b51: nextIndex: updateUnconditionally 1 -> 0
2021-07-01 01:15:42,821 [c748cb90-cadf-4a6f-b345-cd4c71c9d1a6@group-222541F4572F-FollowerState] INFO  impl.FollowerState (FollowerState.java:run(134)) - c748cb90-cadf-4a6f-b345-cd4c71c9d1a6@group-222541F4572F-FollowerState: change to CANDIDATE, lastRpcElapsedTime:5007607542ns, electionTimeout:5007ms
2021-07-01 01:15:42,822 [c748cb90-cadf-4a6f-b345-cd4c71c9d1a6@group-222541F4572F-FollowerState] INFO  impl.RoleInfo (RoleInfo.java:shutdownFollowerState(108)) - c748cb90-cadf-4a6f-b345-cd4c71c9d1a6: shutdown c748cb90-cadf-4a6f-b345-cd4c71c9d1a6@group-222541F4572F-FollowerState
2021-07-01 01:15:42,822 [c748cb90-cadf-4a6f-b345-cd4c71c9d1a6@group-222541F4572F-FollowerState] INFO  server.RaftServer$Division (RaftServerImpl.java:setRole(284)) - c748cb90-cadf-4a6f-b345-cd4c71c9d1a6@group-222541F4572F: changes role from  FOLLOWER to CANDIDATE at term 1 for changeToCandidate
2021-07-01 01:15:42,822 [c748cb90-cadf-4a6f-b345-cd4c71c9d1a6@group-222541F4572F-FollowerState] INFO  server.RaftServerConfigKeys (ConfUtils.java:logGet(44)) - raft.server.leaderelection.pre-vote = false (custom)
2021-07-01 01:15:42,822 [c748cb90-cadf-4a6f-b345-cd4c71c9d1a6@group-222541F4572F-FollowerState] INFO  impl.RoleInfo (RoleInfo.java:updateAndGet(130)) - c748cb90-cadf-4a6f-b345-cd4c71c9d1a6: start c748cb90-cadf-4a6f-b345-cd4c71c9d1a6@group-222541F4572F-LeaderElection33
2021-07-01 01:15:42,823 [c748cb90-cadf-4a6f-b345-cd4c71c9d1a6@group-222541F4572F-LeaderElection33] INFO  impl.LeaderElection (LeaderElection.java:askForVotes(306)) - c748cb90-cadf-4a6f-b345-cd4c71c9d1a6@group-222541F4572F-LeaderElection33 ELECTION round 0: submit vote requests at term 2 for -1: [81b856d9-9a36-4380-a413-e28ef77684bb|rpc:10.1.0.5:42305|dataStream:|priority:0, afb2815f-4716-48e6-854f-3875e38e9fce|rpc:10.1.0.5:44723|dataStream:|priority:1, c748cb90-cadf-4a6f-b345-cd4c71c9d1a6|rpc:10.1.0.5:37099|dataStream:|priority:0], old=null
2021-07-01 01:15:42,826 [grpc-default-executor-4] INFO  server.RaftServer$Division (RaftServerImpl.java:requestVote(1042)) - 81b856d9-9a36-4380-a413-e28ef77684bb@group-222541F4572F: receive requestVote(ELECTION, c748cb90-cadf-4a6f-b345-cd4c71c9d1a6, group-222541F4572F, 2, (t:0, i:0))
2021-07-01 01:15:42,828 [grpc-default-executor-4] INFO  impl.VoteContext (VoteContext.java:log(48)) - 81b856d9-9a36-4380-a413-e28ef77684bb@group-222541F4572F-FOLLOWER: accept ELECTION from c748cb90-cadf-4a6f-b345-cd4c71c9d1a6: our priority 0 <= candidate's priority 0
2021-07-01 01:15:42,828 [grpc-default-executor-4] INFO  server.RaftServer$Division (RaftServerImpl.java:setRole(284)) - 81b856d9-9a36-4380-a413-e28ef77684bb@group-222541F4572F: changes role from  FOLLOWER to FOLLOWER at term 2 for candidate:c748cb90-cadf-4a6f-b345-cd4c71c9d1a6
2021-07-01 01:15:42,828 [grpc-default-executor-4] INFO  impl.RoleInfo (RoleInfo.java:shutdownFollowerState(108)) - 81b856d9-9a36-4380-a413-e28ef77684bb: shutdown 81b856d9-9a36-4380-a413-e28ef77684bb@group-222541F4572F-FollowerState
2021-07-01 01:15:42,828 [grpc-default-executor-4] INFO  impl.RoleInfo (RoleInfo.java:updateAndGet(130)) - 81b856d9-9a36-4380-a413-e28ef77684bb: start 81b856d9-9a36-4380-a413-e28ef77684bb@group-222541F4572F-FollowerState
2021-07-01 01:15:42,828 [grpc-default-executor-3] INFO  server.RaftServer$Division (RaftServerImpl.java:requestVote(1042)) - afb2815f-4716-48e6-854f-3875e38e9fce@group-222541F4572F: receive requestVote(ELECTION, c748cb90-cadf-4a6f-b345-cd4c71c9d1a6, group-222541F4572F, 2, (t:0, i:0))
2021-07-01 01:15:42,828 [81b856d9-9a36-4380-a413-e28ef77684bb@group-222541F4572F-FollowerState] INFO  impl.FollowerState (FollowerState.java:run(143)) - 81b856d9-9a36-4380-a413-e28ef77684bb@group-222541F4572F-FollowerState was interrupted: {}
java.lang.InterruptedException: sleep interrupted
	at java.lang.Thread.sleep(Native Method)
	at java.lang.Thread.sleep(Thread.java:340)
	at java.util.concurrent.TimeUnit.sleep(TimeUnit.java:386)
	at org.apache.ratis.util.TimeDuration.sleep(TimeDuration.java:324)
	at org.apache.ratis.util.TimeDuration.sleep(TimeDuration.java:309)
	at org.apache.ratis.server.impl.FollowerState.run(FollowerState.java:118)
2021-07-01 01:15:42,829 [grpc-default-executor-3] INFO  impl.VoteContext (VoteContext.java:log(48)) - afb2815f-4716-48e6-854f-3875e38e9fce@group-222541F4572F-FOLLOWER: reject ELECTION from c748cb90-cadf-4a6f-b345-cd4c71c9d1a6: our priority 1 > candidate's priority 0
2021-07-01 01:15:42,830 [grpc-default-executor-3] INFO  server.RaftServer$Division (RaftServerImpl.java:setRole(284)) - afb2815f-4716-48e6-854f-3875e38e9fce@group-222541F4572F: changes role from  FOLLOWER to FOLLOWER at term 2 for candidate:c748cb90-cadf-4a6f-b345-cd4c71c9d1a6
2021-07-01 01:15:42,830 [grpc-default-executor-3] INFO  impl.RoleInfo (RoleInfo.java:shutdownFollowerState(108)) - afb2815f-4716-48e6-854f-3875e38e9fce: shutdown afb2815f-4716-48e6-854f-3875e38e9fce@group-222541F4572F-FollowerState
2021-07-01 01:15:42,830 [grpc-default-executor-3] INFO  impl.RoleInfo (RoleInfo.java:updateAndGet(130)) - afb2815f-4716-48e6-854f-3875e38e9fce: start afb2815f-4716-48e6-854f-3875e38e9fce@group-222541F4572F-FollowerState
2021-07-01 01:15:42,830 [afb2815f-4716-48e6-854f-3875e38e9fce@group-222541F4572F-FollowerState] INFO  impl.FollowerState (FollowerState.java:run(143)) - afb2815f-4716-48e6-854f-3875e38e9fce@group-222541F4572F-FollowerState was interrupted: {}
java.lang.InterruptedException: sleep interrupted
	at java.lang.Thread.sleep(Native Method)
	at java.lang.Thread.sleep(Thread.java:340)
	at java.util.concurrent.TimeUnit.sleep(TimeUnit.java:386)
	at org.apache.ratis.util.TimeDuration.sleep(TimeDuration.java:324)
	at org.apache.ratis.util.TimeDuration.sleep(TimeDuration.java:309)
	at org.apache.ratis.server.impl.FollowerState.run(FollowerState.java:118)
2021-07-01 01:15:42,830 [grpc-default-executor-4] INFO  server.RaftServer$Division (RaftServerImpl.java:requestVote(1074)) - 81b856d9-9a36-4380-a413-e28ef77684bb@group-222541F4572F replies to ELECTION vote request: c748cb90-cadf-4a6f-b345-cd4c71c9d1a6<-81b856d9-9a36-4380-a413-e28ef77684bb#0:OK-t2. Peer's state: 81b856d9-9a36-4380-a413-e28ef77684bb@group-222541F4572F:t2, leader=null, voted=c748cb90-cadf-4a6f-b345-cd4c71c9d1a6, raftlog=81b856d9-9a36-4380-a413-e28ef77684bb@group-222541F4572F-SegmentedRaftLog:OPENED:c-1,f-1,i0, conf=-1: [81b856d9-9a36-4380-a413-e28ef77684bb|rpc:10.1.0.5:42305|priority:0, afb2815f-4716-48e6-854f-3875e38e9fce|rpc:10.1.0.5:44723|priority:1, c748cb90-cadf-4a6f-b345-cd4c71c9d1a6|rpc:10.1.0.5:37099|priority:0], old=null
2021-07-01 01:15:42,831 [grpc-default-executor-3] INFO  server.RaftServer$Division (RaftServerImpl.java:requestVote(1074)) - afb2815f-4716-48e6-854f-3875e38e9fce@group-222541F4572F replies to ELECTION vote request: c748cb90-cadf-4a6f-b345-cd4c71c9d1a6<-afb2815f-4716-48e6-854f-3875e38e9fce#0:FAIL-t2. Peer's state: afb2815f-4716-48e6-854f-3875e38e9fce@group-222541F4572F:t2, leader=null, voted=null, raftlog=afb2815f-4716-48e6-854f-3875e38e9fce@group-222541F4572F-SegmentedRaftLog:OPENED:c-1,f-1,i0, conf=-1: [81b856d9-9a36-4380-a413-e28ef77684bb|rpc:10.1.0.5:42305|dataStream:|priority:0, afb2815f-4716-48e6-854f-3875e38e9fce|rpc:10.1.0.5:44723|dataStream:|priority:1, c748cb90-cadf-4a6f-b345-cd4c71c9d1a6|rpc:10.1.0.5:37099|dataStream:|priority:0], old=null
2021-07-01 01:15:42,832 [c748cb90-cadf-4a6f-b345-cd4c71c9d1a6@group-222541F4572F-LeaderElection33] INFO  impl.LeaderElection (LeaderElection.java:logAndReturn(89)) - c748cb90-cadf-4a6f-b345-cd4c71c9d1a6@group-222541F4572F-LeaderElection33: ELECTION REJECTED received 2 response(s) and 0 exception(s):
2021-07-01 01:15:42,832 [c748cb90-cadf-4a6f-b345-cd4c71c9d1a6@group-222541F4572F-LeaderElection33] INFO  impl.LeaderElection (LeaderElection.java:logAndReturn(93)) -   Response 0: c748cb90-cadf-4a6f-b345-cd4c71c9d1a6<-81b856d9-9a36-4380-a413-e28ef77684bb#0:OK-t2
2021-07-01 01:15:42,832 [c748cb90-cadf-4a6f-b345-cd4c71c9d1a6@group-222541F4572F-LeaderElection33] INFO  impl.LeaderElection (LeaderElection.java:logAndReturn(93)) -   Response 1: c748cb90-cadf-4a6f-b345-cd4c71c9d1a6<-afb2815f-4716-48e6-854f-3875e38e9fce#0:FAIL-t2
2021-07-01 01:15:42,832 [c748cb90-cadf-4a6f-b345-cd4c71c9d1a6@group-222541F4572F-LeaderElection33] INFO  impl.LeaderElection (LeaderElection.java:askForVotes(308)) - c748cb90-cadf-4a6f-b345-cd4c71c9d1a6@group-222541F4572F-LeaderElection33 ELECTION round 0: result REJECTED
2021-07-01 01:15:42,832 [c748cb90-cadf-4a6f-b345-cd4c71c9d1a6@group-222541F4572F-LeaderElection33] INFO  server.RaftServer$Division (RaftServerImpl.java:setRole(284)) - c748cb90-cadf-4a6f-b345-cd4c71c9d1a6@group-222541F4572F: changes role from CANDIDATE to FOLLOWER at term 2 for REJECTED
2021-07-01 01:15:42,832 [c748cb90-cadf-4a6f-b345-cd4c71c9d1a6@group-222541F4572F-LeaderElection33] INFO  impl.RoleInfo (RoleInfo.java:shutdownLeaderElection(121)) - c748cb90-cadf-4a6f-b345-cd4c71c9d1a6: shutdown c748cb90-cadf-4a6f-b345-cd4c71c9d1a6@group-222541F4572F-LeaderElection33
2021-07-01 01:15:42,832 [c748cb90-cadf-4a6f-b345-cd4c71c9d1a6@group-222541F4572F-LeaderElection33] INFO  impl.RoleInfo (RoleInfo.java:updateAndGet(130)) - c748cb90-cadf-4a6f-b345-cd4c71c9d1a6: start c748cb90-cadf-4a6f-b345-cd4c71c9d1a6@group-222541F4572F-FollowerState
2021-07-01 01:15:43,385 [Listener at 127.0.0.1/41923] INFO  ozone.MiniOzoneClusterImpl (MiniOzoneClusterImpl.java:lambda$waitForClusterToBeReady$0(227)) - Nodes are ready. Got 9 of 9 DN Heartbeats.
2021-07-01 01:15:43,386 [Listener at 127.0.0.1/41923] INFO  ozone.MiniOzoneClusterImpl (MiniOzoneClusterImpl.java:lambda$waitForClusterToBeReady$0(230)) - Cluster exits safe mode
2021-07-01 01:15:43,386 [Listener at 127.0.0.1/41923] INFO  ozone.MiniOzoneClusterImpl (MiniOzoneClusterImpl.java:lambda$waitForClusterToBeReady$0(232)) - SCM became leader
2021-07-01 01:15:43,400 [74d0c323-91d1-42ce-a7ad-5ac80fac4338@group-0BC9F4275829-FollowerState] INFO  impl.FollowerState (FollowerState.java:run(134)) - 74d0c323-91d1-42ce-a7ad-5ac80fac4338@group-0BC9F4275829-FollowerState: change to CANDIDATE, lastRpcElapsedTime:5150246788ns, electionTimeout:5142ms
2021-07-01 01:15:43,400 [74d0c323-91d1-42ce-a7ad-5ac80fac4338@group-0BC9F4275829-FollowerState] INFO  impl.RoleInfo (RoleInfo.java:shutdownFollowerState(108)) - 74d0c323-91d1-42ce-a7ad-5ac80fac4338: shutdown 74d0c323-91d1-42ce-a7ad-5ac80fac4338@group-0BC9F4275829-FollowerState
2021-07-01 01:15:43,400 [74d0c323-91d1-42ce-a7ad-5ac80fac4338@group-0BC9F4275829-FollowerState] INFO  server.RaftServer$Division (RaftServerImpl.java:setRole(284)) - 74d0c323-91d1-42ce-a7ad-5ac80fac4338@group-0BC9F4275829: changes role from  FOLLOWER to CANDIDATE at term 1 for changeToCandidate
2021-07-01 01:15:43,400 [74d0c323-91d1-42ce-a7ad-5ac80fac4338@group-0BC9F4275829-FollowerState] INFO  server.RaftServerConfigKeys (ConfUtils.java:logGet(44)) - raft.server.leaderelection.pre-vote = false (custom)
2021-07-01 01:15:43,400 [74d0c323-91d1-42ce-a7ad-5ac80fac4338@group-0BC9F4275829-FollowerState] INFO  impl.RoleInfo (RoleInfo.java:updateAndGet(130)) - 74d0c323-91d1-42ce-a7ad-5ac80fac4338: start 74d0c323-91d1-42ce-a7ad-5ac80fac4338@group-0BC9F4275829-LeaderElection34
2021-07-01 01:15:43,402 [74d0c323-91d1-42ce-a7ad-5ac80fac4338@group-0BC9F4275829-LeaderElection34] INFO  impl.LeaderElection (LeaderElection.java:askForVotes(306)) - 74d0c323-91d1-42ce-a7ad-5ac80fac4338@group-0BC9F4275829-LeaderElection34 ELECTION round 0: submit vote requests at term 2 for -1: [74d0c323-91d1-42ce-a7ad-5ac80fac4338|rpc:10.1.0.5:46795|priority:0, 2c5425c6-dd7c-4ec0-8033-4e93d4830dbf|rpc:10.1.0.5:44955|priority:1, e5bed959-61e5-441f-8857-6d0fdb7b4033|rpc:10.1.0.5:45539|priority:0], old=null
2021-07-01 01:15:43,403 [Listener at 127.0.0.1/41923] INFO  rpc.RpcClient (RpcClient.java:createVolume(341)) - Creating Volume: watchforcommithandlingtest, with runner as owner and space quota set to -1 bytes, counts quota set to -1
2021-07-01 01:15:43,408 [grpc-default-executor-3] INFO  server.RaftServer$Division (RaftServerImpl.java:requestVote(1042)) - 2c5425c6-dd7c-4ec0-8033-4e93d4830dbf@group-0BC9F4275829: receive requestVote(ELECTION, 74d0c323-91d1-42ce-a7ad-5ac80fac4338, group-0BC9F4275829, 2, (t:0, i:0))
2021-07-01 01:15:43,409 [grpc-default-executor-3] INFO  impl.VoteContext (VoteContext.java:log(48)) - 2c5425c6-dd7c-4ec0-8033-4e93d4830dbf@group-0BC9F4275829-FOLLOWER: reject ELECTION from 74d0c323-91d1-42ce-a7ad-5ac80fac4338: our priority 1 > candidate's priority 0
2021-07-01 01:15:43,409 [grpc-default-executor-3] INFO  server.RaftServer$Division (RaftServerImpl.java:setRole(284)) - 2c5425c6-dd7c-4ec0-8033-4e93d4830dbf@group-0BC9F4275829: changes role from  FOLLOWER to FOLLOWER at term 2 for candidate:74d0c323-91d1-42ce-a7ad-5ac80fac4338
2021-07-01 01:15:43,409 [grpc-default-executor-3] INFO  impl.RoleInfo (RoleInfo.java:shutdownFollowerState(108)) - 2c5425c6-dd7c-4ec0-8033-4e93d4830dbf: shutdown 2c5425c6-dd7c-4ec0-8033-4e93d4830dbf@group-0BC9F4275829-FollowerState
2021-07-01 01:15:43,409 [grpc-default-executor-3] INFO  impl.RoleInfo (RoleInfo.java:updateAndGet(130)) - 2c5425c6-dd7c-4ec0-8033-4e93d4830dbf: start 2c5425c6-dd7c-4ec0-8033-4e93d4830dbf@group-0BC9F4275829-FollowerState
2021-07-01 01:15:43,411 [grpc-default-executor-4] INFO  server.RaftServer$Division (RaftServerImpl.java:requestVote(1042)) - e5bed959-61e5-441f-8857-6d0fdb7b4033@group-0BC9F4275829: receive requestVote(ELECTION, 74d0c323-91d1-42ce-a7ad-5ac80fac4338, group-0BC9F4275829, 2, (t:0, i:0))
2021-07-01 01:15:43,412 [2c5425c6-dd7c-4ec0-8033-4e93d4830dbf@group-0BC9F4275829-FollowerState] INFO  impl.FollowerState (FollowerState.java:run(143)) - 2c5425c6-dd7c-4ec0-8033-4e93d4830dbf@group-0BC9F4275829-FollowerState was interrupted: {}
java.lang.InterruptedException: sleep interrupted
	at java.lang.Thread.sleep(Native Method)
	at java.lang.Thread.sleep(Thread.java:340)
	at java.util.concurrent.TimeUnit.sleep(TimeUnit.java:386)
	at org.apache.ratis.util.TimeDuration.sleep(TimeDuration.java:324)
	at org.apache.ratis.util.TimeDuration.sleep(TimeDuration.java:309)
	at org.apache.ratis.server.impl.FollowerState.run(FollowerState.java:118)
2021-07-01 01:15:43,413 [grpc-default-executor-3] INFO  server.RaftServer$Division (RaftServerImpl.java:requestVote(1074)) - 2c5425c6-dd7c-4ec0-8033-4e93d4830dbf@group-0BC9F4275829 replies to ELECTION vote request: 74d0c323-91d1-42ce-a7ad-5ac80fac4338<-2c5425c6-dd7c-4ec0-8033-4e93d4830dbf#0:FAIL-t2. Peer's state: 2c5425c6-dd7c-4ec0-8033-4e93d4830dbf@group-0BC9F4275829:t2, leader=null, voted=null, raftlog=2c5425c6-dd7c-4ec0-8033-4e93d4830dbf@group-0BC9F4275829-SegmentedRaftLog:OPENED:c-1,f-1,i0, conf=-1: [74d0c323-91d1-42ce-a7ad-5ac80fac4338|rpc:10.1.0.5:46795|dataStream:|priority:0, 2c5425c6-dd7c-4ec0-8033-4e93d4830dbf|rpc:10.1.0.5:44955|dataStream:|priority:1, e5bed959-61e5-441f-8857-6d0fdb7b4033|rpc:10.1.0.5:45539|dataStream:|priority:0], old=null
2021-07-01 01:15:43,414 [grpc-default-executor-4] INFO  impl.VoteContext (VoteContext.java:log(48)) - e5bed959-61e5-441f-8857-6d0fdb7b4033@group-0BC9F4275829-FOLLOWER: accept ELECTION from 74d0c323-91d1-42ce-a7ad-5ac80fac4338: our priority 0 <= candidate's priority 0
2021-07-01 01:15:43,414 [grpc-default-executor-4] INFO  server.RaftServer$Division (RaftServerImpl.java:setRole(284)) - e5bed959-61e5-441f-8857-6d0fdb7b4033@group-0BC9F4275829: changes role from  FOLLOWER to FOLLOWER at term 2 for candidate:74d0c323-91d1-42ce-a7ad-5ac80fac4338
2021-07-01 01:15:43,414 [grpc-default-executor-4] INFO  impl.RoleInfo (RoleInfo.java:shutdownFollowerState(108)) - e5bed959-61e5-441f-8857-6d0fdb7b4033: shutdown e5bed959-61e5-441f-8857-6d0fdb7b4033@group-0BC9F4275829-FollowerState
2021-07-01 01:15:43,414 [grpc-default-executor-4] INFO  impl.RoleInfo (RoleInfo.java:updateAndGet(130)) - e5bed959-61e5-441f-8857-6d0fdb7b4033: start e5bed959-61e5-441f-8857-6d0fdb7b4033@group-0BC9F4275829-FollowerState
2021-07-01 01:15:43,414 [e5bed959-61e5-441f-8857-6d0fdb7b4033@group-0BC9F4275829-FollowerState] INFO  impl.FollowerState (FollowerState.java:run(143)) - e5bed959-61e5-441f-8857-6d0fdb7b4033@group-0BC9F4275829-FollowerState was interrupted: {}
java.lang.InterruptedException: sleep interrupted
	at java.lang.Thread.sleep(Native Method)
	at java.lang.Thread.sleep(Thread.java:340)
	at java.util.concurrent.TimeUnit.sleep(TimeUnit.java:386)
	at org.apache.ratis.util.TimeDuration.sleep(TimeDuration.java:324)
	at org.apache.ratis.util.TimeDuration.sleep(TimeDuration.java:309)
	at org.apache.ratis.server.impl.FollowerState.run(FollowerState.java:118)
2021-07-01 01:15:43,415 [74d0c323-91d1-42ce-a7ad-5ac80fac4338@group-0BC9F4275829-LeaderElection34] INFO  impl.LeaderElection (LeaderElection.java:logAndReturn(89)) - 74d0c323-91d1-42ce-a7ad-5ac80fac4338@group-0BC9F4275829-LeaderElection34: ELECTION REJECTED received 1 response(s) and 0 exception(s):
2021-07-01 01:15:43,416 [grpc-default-executor-4] INFO  server.RaftServer$Division (RaftServerImpl.java:requestVote(1074)) - e5bed959-61e5-441f-8857-6d0fdb7b4033@group-0BC9F4275829 replies to ELECTION vote request: 74d0c323-91d1-42ce-a7ad-5ac80fac4338<-e5bed959-61e5-441f-8857-6d0fdb7b4033#0:OK-t2. Peer's state: e5bed959-61e5-441f-8857-6d0fdb7b4033@group-0BC9F4275829:t2, leader=null, voted=74d0c323-91d1-42ce-a7ad-5ac80fac4338, raftlog=e5bed959-61e5-441f-8857-6d0fdb7b4033@group-0BC9F4275829-SegmentedRaftLog:OPENED:c-1,f-1,i0, conf=-1: [74d0c323-91d1-42ce-a7ad-5ac80fac4338|rpc:10.1.0.5:46795|dataStream:|priority:0, 2c5425c6-dd7c-4ec0-8033-4e93d4830dbf|rpc:10.1.0.5:44955|dataStream:|priority:1, e5bed959-61e5-441f-8857-6d0fdb7b4033|rpc:10.1.0.5:45539|dataStream:|priority:0], old=null
2021-07-01 01:15:43,416 [74d0c323-91d1-42ce-a7ad-5ac80fac4338@group-0BC9F4275829-LeaderElection34] INFO  impl.LeaderElection (LeaderElection.java:logAndReturn(93)) -   Response 0: 74d0c323-91d1-42ce-a7ad-5ac80fac4338<-2c5425c6-dd7c-4ec0-8033-4e93d4830dbf#0:FAIL-t2
2021-07-01 01:15:43,416 [74d0c323-91d1-42ce-a7ad-5ac80fac4338@group-0BC9F4275829-LeaderElection34] INFO  impl.LeaderElection (LeaderElection.java:askForVotes(308)) - 74d0c323-91d1-42ce-a7ad-5ac80fac4338@group-0BC9F4275829-LeaderElection34 ELECTION round 0: result REJECTED
2021-07-01 01:15:43,416 [74d0c323-91d1-42ce-a7ad-5ac80fac4338@group-0BC9F4275829-LeaderElection34] INFO  server.RaftServer$Division (RaftServerImpl.java:setRole(284)) - 74d0c323-91d1-42ce-a7ad-5ac80fac4338@group-0BC9F4275829: changes role from CANDIDATE to FOLLOWER at term 2 for REJECTED
2021-07-01 01:15:43,416 [74d0c323-91d1-42ce-a7ad-5ac80fac4338@group-0BC9F4275829-LeaderElection34] INFO  impl.RoleInfo (RoleInfo.java:shutdownLeaderElection(121)) - 74d0c323-91d1-42ce-a7ad-5ac80fac4338: shutdown 74d0c323-91d1-42ce-a7ad-5ac80fac4338@group-0BC9F4275829-LeaderElection34
2021-07-01 01:15:43,416 [74d0c323-91d1-42ce-a7ad-5ac80fac4338@group-0BC9F4275829-LeaderElection34] INFO  impl.RoleInfo (RoleInfo.java:updateAndGet(130)) - 74d0c323-91d1-42ce-a7ad-5ac80fac4338: start 74d0c323-91d1-42ce-a7ad-5ac80fac4338@group-0BC9F4275829-FollowerState
2021-07-01 01:15:43,417 [OM StateMachine ApplyTransaction Thread - 0] INFO  volume.OMVolumeCreateRequest (OMVolumeCreateRequest.java:validateAndUpdateCache(195)) - created volume:watchforcommithandlingtest for user:runner
2021-07-01 01:15:43,429 [Listener at 127.0.0.1/41923] INFO  rpc.RpcClient (RpcClient.java:createBucket(500)) - Creating Bucket: watchforcommithandlingtest/watchforcommithandlingtest, with Versioning false and Storage Type set to DISK and Encryption set to false 
2021-07-01 01:15:43,437 [Listener at 127.0.0.1/41923] INFO  ozone.MiniOzoneClusterImpl (MiniOzoneClusterImpl.java:getStorageContainerLocationClient(338)) - Creating StorageContainerLocationProtocol RPC client with address /0.0.0.0:36453
2021-07-01 01:15:43,445 [IPC Server handler 2 on default port 36453] INFO  ha.SequenceIdGenerator (SequenceIdGenerator.java:getNextId(127)) - Allocate a batch for containerId, change lastId from 0 to 1000.
2021-07-01 01:15:43,451 [Listener at 127.0.0.1/41923] INFO  metrics.RatisMetrics (RatisMetrics.java:lambda$create$0(36)) - Creating Metrics Registry : ratis.client_message_metrics.client-131A124F4694->12e155f9-24cd-4496-9fcd-b734ad3c03a4
2021-07-01 01:15:46,277 [java.util.concurrent.ThreadPoolExecutor$Worker@40177cf6[State = -1, empty queue]] INFO  metrics.RatisMetrics (RatisMetrics.java:lambda$create$0(36)) - Creating Metrics Registry : ratis.client_message_metrics.client-131A124F4694->a8e60af1-b0b5-4e51-add8-0d393ff38b25
2021-07-01 01:15:47,669 [a8e60af1-b0b5-4e51-add8-0d393ff38b25@group-3F477C9B4374-FollowerState] INFO  impl.FollowerState (FollowerState.java:run(134)) - a8e60af1-b0b5-4e51-add8-0d393ff38b25@group-3F477C9B4374-FollowerState: change to CANDIDATE, lastRpcElapsedTime:5018510963ns, electionTimeout:5018ms
2021-07-01 01:15:47,669 [a8e60af1-b0b5-4e51-add8-0d393ff38b25@group-3F477C9B4374-FollowerState] INFO  impl.RoleInfo (RoleInfo.java:shutdownFollowerState(108)) - a8e60af1-b0b5-4e51-add8-0d393ff38b25: shutdown a8e60af1-b0b5-4e51-add8-0d393ff38b25@group-3F477C9B4374-FollowerState
2021-07-01 01:15:47,669 [a8e60af1-b0b5-4e51-add8-0d393ff38b25@group-3F477C9B4374-FollowerState] INFO  server.RaftServer$Division (RaftServerImpl.java:setRole(284)) - a8e60af1-b0b5-4e51-add8-0d393ff38b25@group-3F477C9B4374: changes role from  FOLLOWER to CANDIDATE at term 3 for changeToCandidate
2021-07-01 01:15:47,669 [a8e60af1-b0b5-4e51-add8-0d393ff38b25@group-3F477C9B4374-FollowerState] INFO  server.RaftServerConfigKeys (ConfUtils.java:logGet(44)) - raft.server.leaderelection.pre-vote = false (custom)
2021-07-01 01:15:47,669 [a8e60af1-b0b5-4e51-add8-0d393ff38b25@group-3F477C9B4374-FollowerState] INFO  impl.RoleInfo (RoleInfo.java:updateAndGet(130)) - a8e60af1-b0b5-4e51-add8-0d393ff38b25: start a8e60af1-b0b5-4e51-add8-0d393ff38b25@group-3F477C9B4374-LeaderElection35
2021-07-01 01:15:47,673 [a8e60af1-b0b5-4e51-add8-0d393ff38b25@group-3F477C9B4374-LeaderElection35] INFO  impl.LeaderElection (LeaderElection.java:askForVotes(306)) - a8e60af1-b0b5-4e51-add8-0d393ff38b25@group-3F477C9B4374-LeaderElection35 ELECTION round 0: submit vote requests at term 4 for -1: [80320f5a-6cd9-4eb7-9dbc-d52eb94c4b51|rpc:10.1.0.5:40669|priority:0, 12e155f9-24cd-4496-9fcd-b734ad3c03a4|rpc:10.1.0.5:37489|priority:1, a8e60af1-b0b5-4e51-add8-0d393ff38b25|rpc:10.1.0.5:37199|priority:0], old=null
2021-07-01 01:15:47,677 [grpc-default-executor-0] INFO  server.RaftServer$Division (RaftServerImpl.java:requestVote(1042)) - 80320f5a-6cd9-4eb7-9dbc-d52eb94c4b51@group-3F477C9B4374: receive requestVote(ELECTION, a8e60af1-b0b5-4e51-add8-0d393ff38b25, group-3F477C9B4374, 4, (t:0, i:0))
2021-07-01 01:15:47,677 [grpc-default-executor-0] INFO  impl.VoteContext (VoteContext.java:log(48)) - 80320f5a-6cd9-4eb7-9dbc-d52eb94c4b51@group-3F477C9B4374-FOLLOWER: accept ELECTION from a8e60af1-b0b5-4e51-add8-0d393ff38b25: our priority 0 <= candidate's priority 0
2021-07-01 01:15:47,677 [grpc-default-executor-0] INFO  server.RaftServer$Division (RaftServerImpl.java:setRole(284)) - 80320f5a-6cd9-4eb7-9dbc-d52eb94c4b51@group-3F477C9B4374: changes role from  FOLLOWER to FOLLOWER at term 4 for candidate:a8e60af1-b0b5-4e51-add8-0d393ff38b25
2021-07-01 01:15:47,677 [grpc-default-executor-0] INFO  impl.RoleInfo (RoleInfo.java:shutdownFollowerState(108)) - 80320f5a-6cd9-4eb7-9dbc-d52eb94c4b51: shutdown 80320f5a-6cd9-4eb7-9dbc-d52eb94c4b51@group-3F477C9B4374-FollowerState
2021-07-01 01:15:47,677 [grpc-default-executor-0] INFO  impl.RoleInfo (RoleInfo.java:updateAndGet(130)) - 80320f5a-6cd9-4eb7-9dbc-d52eb94c4b51: start 80320f5a-6cd9-4eb7-9dbc-d52eb94c4b51@group-3F477C9B4374-FollowerState
2021-07-01 01:15:47,678 [80320f5a-6cd9-4eb7-9dbc-d52eb94c4b51@group-3F477C9B4374-FollowerState] INFO  impl.FollowerState (FollowerState.java:run(143)) - 80320f5a-6cd9-4eb7-9dbc-d52eb94c4b51@group-3F477C9B4374-FollowerState was interrupted: {}
java.lang.InterruptedException: sleep interrupted
	at java.lang.Thread.sleep(Native Method)
	at java.lang.Thread.sleep(Thread.java:340)
	at java.util.concurrent.TimeUnit.sleep(TimeUnit.java:386)
	at org.apache.ratis.util.TimeDuration.sleep(TimeDuration.java:324)
	at org.apache.ratis.util.TimeDuration.sleep(TimeDuration.java:309)
	at org.apache.ratis.server.impl.FollowerState.run(FollowerState.java:118)
2021-07-01 01:15:47,688 [grpc-default-executor-4] INFO  server.RaftServer$Division (RaftServerImpl.java:requestVote(1042)) - 12e155f9-24cd-4496-9fcd-b734ad3c03a4@group-3F477C9B4374: receive requestVote(ELECTION, a8e60af1-b0b5-4e51-add8-0d393ff38b25, group-3F477C9B4374, 4, (t:0, i:0))
2021-07-01 01:15:47,688 [grpc-default-executor-4] INFO  impl.VoteContext (VoteContext.java:log(48)) - 12e155f9-24cd-4496-9fcd-b734ad3c03a4@group-3F477C9B4374-FOLLOWER: reject ELECTION from a8e60af1-b0b5-4e51-add8-0d393ff38b25: our last entry (t:2, i:0) > candidate's last entry (t:0, i:0)
2021-07-01 01:15:47,688 [grpc-default-executor-4] INFO  server.RaftServer$Division (RaftServerImpl.java:setRole(284)) - 12e155f9-24cd-4496-9fcd-b734ad3c03a4@group-3F477C9B4374: changes role from  FOLLOWER to FOLLOWER at term 4 for candidate:a8e60af1-b0b5-4e51-add8-0d393ff38b25
2021-07-01 01:15:47,688 [grpc-default-executor-4] INFO  impl.RoleInfo (RoleInfo.java:shutdownFollowerState(108)) - 12e155f9-24cd-4496-9fcd-b734ad3c03a4: shutdown 12e155f9-24cd-4496-9fcd-b734ad3c03a4@group-3F477C9B4374-FollowerState
2021-07-01 01:15:47,688 [grpc-default-executor-4] INFO  impl.RoleInfo (RoleInfo.java:updateAndGet(130)) - 12e155f9-24cd-4496-9fcd-b734ad3c03a4: start 12e155f9-24cd-4496-9fcd-b734ad3c03a4@group-3F477C9B4374-FollowerState
2021-07-01 01:15:47,688 [12e155f9-24cd-4496-9fcd-b734ad3c03a4@group-3F477C9B4374-FollowerState] INFO  impl.FollowerState (FollowerState.java:run(143)) - 12e155f9-24cd-4496-9fcd-b734ad3c03a4@group-3F477C9B4374-FollowerState was interrupted: {}
java.lang.InterruptedException: sleep interrupted
	at java.lang.Thread.sleep(Native Method)
	at java.lang.Thread.sleep(Thread.java:340)
	at java.util.concurrent.TimeUnit.sleep(TimeUnit.java:386)
	at org.apache.ratis.util.TimeDuration.sleep(TimeDuration.java:324)
	at org.apache.ratis.util.TimeDuration.sleep(TimeDuration.java:309)
	at org.apache.ratis.server.impl.FollowerState.run(FollowerState.java:118)
2021-07-01 01:15:47,693 [grpc-default-executor-0] INFO  server.RaftServer$Division (RaftServerImpl.java:requestVote(1074)) - 80320f5a-6cd9-4eb7-9dbc-d52eb94c4b51@group-3F477C9B4374 replies to ELECTION vote request: a8e60af1-b0b5-4e51-add8-0d393ff38b25<-80320f5a-6cd9-4eb7-9dbc-d52eb94c4b51#0:OK-t4. Peer's state: 80320f5a-6cd9-4eb7-9dbc-d52eb94c4b51@group-3F477C9B4374:t4, leader=null, voted=a8e60af1-b0b5-4e51-add8-0d393ff38b25, raftlog=80320f5a-6cd9-4eb7-9dbc-d52eb94c4b51@group-3F477C9B4374-SegmentedRaftLog:OPENED:c-1,f-1,i0, conf=-1: [80320f5a-6cd9-4eb7-9dbc-d52eb94c4b51|rpc:10.1.0.5:40669|dataStream:|priority:0, 12e155f9-24cd-4496-9fcd-b734ad3c03a4|rpc:10.1.0.5:37489|dataStream:|priority:1, a8e60af1-b0b5-4e51-add8-0d393ff38b25|rpc:10.1.0.5:37199|dataStream:|priority:0], old=null
2021-07-01 01:15:47,694 [grpc-default-executor-4] INFO  server.RaftServer$Division (RaftServerImpl.java:requestVote(1074)) - 12e155f9-24cd-4496-9fcd-b734ad3c03a4@group-3F477C9B4374 replies to ELECTION vote request: a8e60af1-b0b5-4e51-add8-0d393ff38b25<-12e155f9-24cd-4496-9fcd-b734ad3c03a4#0:FAIL-t4. Peer's state: 12e155f9-24cd-4496-9fcd-b734ad3c03a4@group-3F477C9B4374:t4, leader=null, voted=null, raftlog=12e155f9-24cd-4496-9fcd-b734ad3c03a4@group-3F477C9B4374-SegmentedRaftLog:OPENED:c0,f0,i0, conf=0: [80320f5a-6cd9-4eb7-9dbc-d52eb94c4b51|rpc:10.1.0.5:40669|dataStream:|priority:0, 12e155f9-24cd-4496-9fcd-b734ad3c03a4|rpc:10.1.0.5:37489|dataStream:|priority:1, a8e60af1-b0b5-4e51-add8-0d393ff38b25|rpc:10.1.0.5:37199|dataStream:|priority:0], old=null
2021-07-01 01:15:47,695 [a8e60af1-b0b5-4e51-add8-0d393ff38b25@group-3F477C9B4374-LeaderElection35] INFO  impl.LeaderElection (LeaderElection.java:logAndReturn(89)) - a8e60af1-b0b5-4e51-add8-0d393ff38b25@group-3F477C9B4374-LeaderElection35: ELECTION REJECTED received 2 response(s) and 0 exception(s):
2021-07-01 01:15:47,695 [a8e60af1-b0b5-4e51-add8-0d393ff38b25@group-3F477C9B4374-LeaderElection35] INFO  impl.LeaderElection (LeaderElection.java:logAndReturn(93)) -   Response 0: a8e60af1-b0b5-4e51-add8-0d393ff38b25<-80320f5a-6cd9-4eb7-9dbc-d52eb94c4b51#0:OK-t4
2021-07-01 01:15:47,695 [a8e60af1-b0b5-4e51-add8-0d393ff38b25@group-3F477C9B4374-LeaderElection35] INFO  impl.LeaderElection (LeaderElection.java:logAndReturn(93)) -   Response 1: a8e60af1-b0b5-4e51-add8-0d393ff38b25<-12e155f9-24cd-4496-9fcd-b734ad3c03a4#0:FAIL-t4
2021-07-01 01:15:47,695 [a8e60af1-b0b5-4e51-add8-0d393ff38b25@group-3F477C9B4374-LeaderElection35] INFO  impl.LeaderElection (LeaderElection.java:askForVotes(308)) - a8e60af1-b0b5-4e51-add8-0d393ff38b25@group-3F477C9B4374-LeaderElection35 ELECTION round 0: result REJECTED
2021-07-01 01:15:47,695 [a8e60af1-b0b5-4e51-add8-0d393ff38b25@group-3F477C9B4374-LeaderElection35] INFO  server.RaftServer$Division (RaftServerImpl.java:setRole(284)) - a8e60af1-b0b5-4e51-add8-0d393ff38b25@group-3F477C9B4374: changes role from CANDIDATE to FOLLOWER at term 4 for REJECTED
2021-07-01 01:15:47,695 [a8e60af1-b0b5-4e51-add8-0d393ff38b25@group-3F477C9B4374-LeaderElection35] INFO  impl.RoleInfo (RoleInfo.java:shutdownLeaderElection(121)) - a8e60af1-b0b5-4e51-add8-0d393ff38b25: shutdown a8e60af1-b0b5-4e51-add8-0d393ff38b25@group-3F477C9B4374-LeaderElection35
2021-07-01 01:15:47,695 [a8e60af1-b0b5-4e51-add8-0d393ff38b25@group-3F477C9B4374-LeaderElection35] INFO  impl.RoleInfo (RoleInfo.java:updateAndGet(130)) - a8e60af1-b0b5-4e51-add8-0d393ff38b25: start a8e60af1-b0b5-4e51-add8-0d393ff38b25@group-3F477C9B4374-FollowerState
2021-07-01 01:15:47,950 [81b856d9-9a36-4380-a413-e28ef77684bb@group-222541F4572F-FollowerState] INFO  impl.FollowerState (FollowerState.java:run(134)) - 81b856d9-9a36-4380-a413-e28ef77684bb@group-222541F4572F-FollowerState: change to CANDIDATE, lastRpcElapsedTime:5119884408ns, electionTimeout:5113ms
2021-07-01 01:15:47,950 [81b856d9-9a36-4380-a413-e28ef77684bb@group-222541F4572F-FollowerState] INFO  impl.RoleInfo (RoleInfo.java:shutdownFollowerState(108)) - 81b856d9-9a36-4380-a413-e28ef77684bb: shutdown 81b856d9-9a36-4380-a413-e28ef77684bb@group-222541F4572F-FollowerState
2021-07-01 01:15:47,950 [81b856d9-9a36-4380-a413-e28ef77684bb@group-222541F4572F-FollowerState] INFO  server.RaftServer$Division (RaftServerImpl.java:setRole(284)) - 81b856d9-9a36-4380-a413-e28ef77684bb@group-222541F4572F: changes role from  FOLLOWER to CANDIDATE at term 2 for changeToCandidate
2021-07-01 01:15:47,950 [81b856d9-9a36-4380-a413-e28ef77684bb@group-222541F4572F-FollowerState] INFO  server.RaftServerConfigKeys (ConfUtils.java:logGet(44)) - raft.server.leaderelection.pre-vote = false (custom)
2021-07-01 01:15:47,950 [81b856d9-9a36-4380-a413-e28ef77684bb@group-222541F4572F-FollowerState] INFO  impl.RoleInfo (RoleInfo.java:updateAndGet(130)) - 81b856d9-9a36-4380-a413-e28ef77684bb: start 81b856d9-9a36-4380-a413-e28ef77684bb@group-222541F4572F-LeaderElection36
2021-07-01 01:15:47,954 [81b856d9-9a36-4380-a413-e28ef77684bb@group-222541F4572F-LeaderElection36] INFO  impl.LeaderElection (LeaderElection.java:askForVotes(306)) - 81b856d9-9a36-4380-a413-e28ef77684bb@group-222541F4572F-LeaderElection36 ELECTION round 0: submit vote requests at term 3 for -1: [81b856d9-9a36-4380-a413-e28ef77684bb|rpc:10.1.0.5:42305|priority:0, afb2815f-4716-48e6-854f-3875e38e9fce|rpc:10.1.0.5:44723|priority:1, c748cb90-cadf-4a6f-b345-cd4c71c9d1a6|rpc:10.1.0.5:37099|priority:0], old=null
2021-07-01 01:15:47,964 [grpc-default-executor-4] INFO  server.RaftServer$Division (RaftServerImpl.java:requestVote(1042)) - afb2815f-4716-48e6-854f-3875e38e9fce@group-222541F4572F: receive requestVote(ELECTION, 81b856d9-9a36-4380-a413-e28ef77684bb, group-222541F4572F, 3, (t:0, i:0))
2021-07-01 01:15:47,964 [grpc-default-executor-4] INFO  impl.VoteContext (VoteContext.java:log(48)) - afb2815f-4716-48e6-854f-3875e38e9fce@group-222541F4572F-FOLLOWER: reject ELECTION from 81b856d9-9a36-4380-a413-e28ef77684bb: our priority 1 > candidate's priority 0
2021-07-01 01:15:47,964 [grpc-default-executor-4] INFO  server.RaftServer$Division (RaftServerImpl.java:setRole(284)) - afb2815f-4716-48e6-854f-3875e38e9fce@group-222541F4572F: changes role from  FOLLOWER to FOLLOWER at term 3 for candidate:81b856d9-9a36-4380-a413-e28ef77684bb
2021-07-01 01:15:47,964 [grpc-default-executor-4] INFO  impl.RoleInfo (RoleInfo.java:shutdownFollowerState(108)) - afb2815f-4716-48e6-854f-3875e38e9fce: shutdown afb2815f-4716-48e6-854f-3875e38e9fce@group-222541F4572F-FollowerState
2021-07-01 01:15:47,964 [grpc-default-executor-4] INFO  impl.RoleInfo (RoleInfo.java:updateAndGet(130)) - afb2815f-4716-48e6-854f-3875e38e9fce: start afb2815f-4716-48e6-854f-3875e38e9fce@group-222541F4572F-FollowerState
2021-07-01 01:15:47,964 [afb2815f-4716-48e6-854f-3875e38e9fce@group-222541F4572F-FollowerState] INFO  impl.FollowerState (FollowerState.java:run(143)) - afb2815f-4716-48e6-854f-3875e38e9fce@group-222541F4572F-FollowerState was interrupted: {}
java.lang.InterruptedException: sleep interrupted
	at java.lang.Thread.sleep(Native Method)
	at java.lang.Thread.sleep(Thread.java:340)
	at java.util.concurrent.TimeUnit.sleep(TimeUnit.java:386)
	at org.apache.ratis.util.TimeDuration.sleep(TimeDuration.java:324)
	at org.apache.ratis.util.TimeDuration.sleep(TimeDuration.java:309)
	at org.apache.ratis.server.impl.FollowerState.run(FollowerState.java:118)
2021-07-01 01:15:47,967 [grpc-default-executor-4] INFO  server.RaftServer$Division (RaftServerImpl.java:requestVote(1074)) - afb2815f-4716-48e6-854f-3875e38e9fce@group-222541F4572F replies to ELECTION vote request: 81b856d9-9a36-4380-a413-e28ef77684bb<-afb2815f-4716-48e6-854f-3875e38e9fce#0:FAIL-t3. Peer's state: afb2815f-4716-48e6-854f-3875e38e9fce@group-222541F4572F:t3, leader=null, voted=null, raftlog=afb2815f-4716-48e6-854f-3875e38e9fce@group-222541F4572F-SegmentedRaftLog:OPENED:c-1,f-1,i0, conf=-1: [81b856d9-9a36-4380-a413-e28ef77684bb|rpc:10.1.0.5:42305|dataStream:|priority:0, afb2815f-4716-48e6-854f-3875e38e9fce|rpc:10.1.0.5:44723|dataStream:|priority:1, c748cb90-cadf-4a6f-b345-cd4c71c9d1a6|rpc:10.1.0.5:37099|dataStream:|priority:0], old=null
2021-07-01 01:15:47,967 [grpc-default-executor-0] INFO  server.RaftServer$Division (RaftServerImpl.java:requestVote(1042)) - c748cb90-cadf-4a6f-b345-cd4c71c9d1a6@group-222541F4572F: receive requestVote(ELECTION, 81b856d9-9a36-4380-a413-e28ef77684bb, group-222541F4572F, 3, (t:0, i:0))
2021-07-01 01:15:47,967 [grpc-default-executor-0] INFO  impl.VoteContext (VoteContext.java:log(48)) - c748cb90-cadf-4a6f-b345-cd4c71c9d1a6@group-222541F4572F-FOLLOWER: accept ELECTION from 81b856d9-9a36-4380-a413-e28ef77684bb: our priority 0 <= candidate's priority 0
2021-07-01 01:15:47,967 [grpc-default-executor-0] INFO  server.RaftServer$Division (RaftServerImpl.java:setRole(284)) - c748cb90-cadf-4a6f-b345-cd4c71c9d1a6@group-222541F4572F: changes role from  FOLLOWER to FOLLOWER at term 3 for candidate:81b856d9-9a36-4380-a413-e28ef77684bb
2021-07-01 01:15:47,967 [grpc-default-executor-0] INFO  impl.RoleInfo (RoleInfo.java:shutdownFollowerState(108)) - c748cb90-cadf-4a6f-b345-cd4c71c9d1a6: shutdown c748cb90-cadf-4a6f-b345-cd4c71c9d1a6@group-222541F4572F-FollowerState
2021-07-01 01:15:47,967 [grpc-default-executor-0] INFO  impl.RoleInfo (RoleInfo.java:updateAndGet(130)) - c748cb90-cadf-4a6f-b345-cd4c71c9d1a6: start c748cb90-cadf-4a6f-b345-cd4c71c9d1a6@group-222541F4572F-FollowerState
2021-07-01 01:15:47,968 [c748cb90-cadf-4a6f-b345-cd4c71c9d1a6@group-222541F4572F-FollowerState] INFO  impl.FollowerState (FollowerState.java:run(143)) - c748cb90-cadf-4a6f-b345-cd4c71c9d1a6@group-222541F4572F-FollowerState was interrupted: {}
java.lang.InterruptedException: sleep interrupted
	at java.lang.Thread.sleep(Native Method)
	at java.lang.Thread.sleep(Thread.java:340)
	at java.util.concurrent.TimeUnit.sleep(TimeUnit.java:386)
	at org.apache.ratis.util.TimeDuration.sleep(TimeDuration.java:324)
	at org.apache.ratis.util.TimeDuration.sleep(TimeDuration.java:309)
	at org.apache.ratis.server.impl.FollowerState.run(FollowerState.java:118)
2021-07-01 01:15:47,979 [81b856d9-9a36-4380-a413-e28ef77684bb@group-222541F4572F-LeaderElection36] INFO  impl.LeaderElection (LeaderElection.java:logAndReturn(89)) - 81b856d9-9a36-4380-a413-e28ef77684bb@group-222541F4572F-LeaderElection36: ELECTION REJECTED received 1 response(s) and 0 exception(s):
2021-07-01 01:15:47,979 [81b856d9-9a36-4380-a413-e28ef77684bb@group-222541F4572F-LeaderElection36] INFO  impl.LeaderElection (LeaderElection.java:logAndReturn(93)) -   Response 0: 81b856d9-9a36-4380-a413-e28ef77684bb<-afb2815f-4716-48e6-854f-3875e38e9fce#0:FAIL-t3
2021-07-01 01:15:47,979 [81b856d9-9a36-4380-a413-e28ef77684bb@group-222541F4572F-LeaderElection36] INFO  impl.LeaderElection (LeaderElection.java:askForVotes(308)) - 81b856d9-9a36-4380-a413-e28ef77684bb@group-222541F4572F-LeaderElection36 ELECTION round 0: result REJECTED
2021-07-01 01:15:47,979 [81b856d9-9a36-4380-a413-e28ef77684bb@group-222541F4572F-LeaderElection36] INFO  server.RaftServer$Division (RaftServerImpl.java:setRole(284)) - 81b856d9-9a36-4380-a413-e28ef77684bb@group-222541F4572F: changes role from CANDIDATE to FOLLOWER at term 3 for REJECTED
2021-07-01 01:15:47,979 [81b856d9-9a36-4380-a413-e28ef77684bb@group-222541F4572F-LeaderElection36] INFO  impl.RoleInfo (RoleInfo.java:shutdownLeaderElection(121)) - 81b856d9-9a36-4380-a413-e28ef77684bb: shutdown 81b856d9-9a36-4380-a413-e28ef77684bb@group-222541F4572F-LeaderElection36
2021-07-01 01:15:47,979 [81b856d9-9a36-4380-a413-e28ef77684bb@group-222541F4572F-LeaderElection36] INFO  impl.RoleInfo (RoleInfo.java:updateAndGet(130)) - 81b856d9-9a36-4380-a413-e28ef77684bb: start 81b856d9-9a36-4380-a413-e28ef77684bb@group-222541F4572F-FollowerState
2021-07-01 01:15:47,979 [grpc-default-executor-0] INFO  server.RaftServer$Division (RaftServerImpl.java:requestVote(1074)) - c748cb90-cadf-4a6f-b345-cd4c71c9d1a6@group-222541F4572F replies to ELECTION vote request: 81b856d9-9a36-4380-a413-e28ef77684bb<-c748cb90-cadf-4a6f-b345-cd4c71c9d1a6#0:OK-t3. Peer's state: c748cb90-cadf-4a6f-b345-cd4c71c9d1a6@group-222541F4572F:t3, leader=null, voted=81b856d9-9a36-4380-a413-e28ef77684bb, raftlog=c748cb90-cadf-4a6f-b345-cd4c71c9d1a6@group-222541F4572F-SegmentedRaftLog:OPENED:c-1,f-1,i0, conf=-1: [81b856d9-9a36-4380-a413-e28ef77684bb|rpc:10.1.0.5:42305|dataStream:|priority:0, afb2815f-4716-48e6-854f-3875e38e9fce|rpc:10.1.0.5:44723|dataStream:|priority:1, c748cb90-cadf-4a6f-b345-cd4c71c9d1a6|rpc:10.1.0.5:37099|dataStream:|priority:0], old=null
2021-07-01 01:15:48,517 [74d0c323-91d1-42ce-a7ad-5ac80fac4338@group-0BC9F4275829-FollowerState] INFO  impl.FollowerState (FollowerState.java:run(134)) - 74d0c323-91d1-42ce-a7ad-5ac80fac4338@group-0BC9F4275829-FollowerState: change to CANDIDATE, lastRpcElapsedTime:5100694059ns, electionTimeout:5094ms
2021-07-01 01:15:48,517 [74d0c323-91d1-42ce-a7ad-5ac80fac4338@group-0BC9F4275829-FollowerState] INFO  impl.RoleInfo (RoleInfo.java:shutdownFollowerState(108)) - 74d0c323-91d1-42ce-a7ad-5ac80fac4338: shutdown 74d0c323-91d1-42ce-a7ad-5ac80fac4338@group-0BC9F4275829-FollowerState
2021-07-01 01:15:48,517 [74d0c323-91d1-42ce-a7ad-5ac80fac4338@group-0BC9F4275829-FollowerState] INFO  server.RaftServer$Division (RaftServerImpl.java:setRole(284)) - 74d0c323-91d1-42ce-a7ad-5ac80fac4338@group-0BC9F4275829: changes role from  FOLLOWER to CANDIDATE at term 2 for changeToCandidate
2021-07-01 01:15:48,517 [74d0c323-91d1-42ce-a7ad-5ac80fac4338@group-0BC9F4275829-FollowerState] INFO  server.RaftServerConfigKeys (ConfUtils.java:logGet(44)) - raft.server.leaderelection.pre-vote = false (custom)
2021-07-01 01:15:48,517 [74d0c323-91d1-42ce-a7ad-5ac80fac4338@group-0BC9F4275829-FollowerState] INFO  impl.RoleInfo (RoleInfo.java:updateAndGet(130)) - 74d0c323-91d1-42ce-a7ad-5ac80fac4338: start 74d0c323-91d1-42ce-a7ad-5ac80fac4338@group-0BC9F4275829-LeaderElection37
2021-07-01 01:15:48,520 [74d0c323-91d1-42ce-a7ad-5ac80fac4338@group-0BC9F4275829-LeaderElection37] INFO  impl.LeaderElection (LeaderElection.java:askForVotes(306)) - 74d0c323-91d1-42ce-a7ad-5ac80fac4338@group-0BC9F4275829-LeaderElection37 ELECTION round 0: submit vote requests at term 3 for -1: [74d0c323-91d1-42ce-a7ad-5ac80fac4338|rpc:10.1.0.5:46795|priority:0, 2c5425c6-dd7c-4ec0-8033-4e93d4830dbf|rpc:10.1.0.5:44955|priority:1, e5bed959-61e5-441f-8857-6d0fdb7b4033|rpc:10.1.0.5:45539|priority:0], old=null
2021-07-01 01:15:48,523 [grpc-default-executor-0] INFO  server.RaftServer$Division (RaftServerImpl.java:requestVote(1042)) - e5bed959-61e5-441f-8857-6d0fdb7b4033@group-0BC9F4275829: receive requestVote(ELECTION, 74d0c323-91d1-42ce-a7ad-5ac80fac4338, group-0BC9F4275829, 3, (t:0, i:0))
2021-07-01 01:15:48,523 [grpc-default-executor-0] INFO  impl.VoteContext (VoteContext.java:log(48)) - e5bed959-61e5-441f-8857-6d0fdb7b4033@group-0BC9F4275829-FOLLOWER: accept ELECTION from 74d0c323-91d1-42ce-a7ad-5ac80fac4338: our priority 0 <= candidate's priority 0
2021-07-01 01:15:48,523 [grpc-default-executor-0] INFO  server.RaftServer$Division (RaftServerImpl.java:setRole(284)) - e5bed959-61e5-441f-8857-6d0fdb7b4033@group-0BC9F4275829: changes role from  FOLLOWER to FOLLOWER at term 3 for candidate:74d0c323-91d1-42ce-a7ad-5ac80fac4338
2021-07-01 01:15:48,523 [grpc-default-executor-0] INFO  impl.RoleInfo (RoleInfo.java:shutdownFollowerState(108)) - e5bed959-61e5-441f-8857-6d0fdb7b4033: shutdown e5bed959-61e5-441f-8857-6d0fdb7b4033@group-0BC9F4275829-FollowerState
2021-07-01 01:15:48,523 [grpc-default-executor-0] INFO  impl.RoleInfo (RoleInfo.java:updateAndGet(130)) - e5bed959-61e5-441f-8857-6d0fdb7b4033: start e5bed959-61e5-441f-8857-6d0fdb7b4033@group-0BC9F4275829-FollowerState
2021-07-01 01:15:48,523 [e5bed959-61e5-441f-8857-6d0fdb7b4033@group-0BC9F4275829-FollowerState] INFO  impl.FollowerState (FollowerState.java:run(143)) - e5bed959-61e5-441f-8857-6d0fdb7b4033@group-0BC9F4275829-FollowerState was interrupted: {}
java.lang.InterruptedException: sleep interrupted
	at java.lang.Thread.sleep(Native Method)
	at java.lang.Thread.sleep(Thread.java:340)
	at java.util.concurrent.TimeUnit.sleep(TimeUnit.java:386)
	at org.apache.ratis.util.TimeDuration.sleep(TimeDuration.java:324)
	at org.apache.ratis.util.TimeDuration.sleep(TimeDuration.java:309)
	at org.apache.ratis.server.impl.FollowerState.run(FollowerState.java:118)
2021-07-01 01:15:48,528 [grpc-default-executor-0] INFO  server.RaftServer$Division (RaftServerImpl.java:requestVote(1074)) - e5bed959-61e5-441f-8857-6d0fdb7b4033@group-0BC9F4275829 replies to ELECTION vote request: 74d0c323-91d1-42ce-a7ad-5ac80fac4338<-e5bed959-61e5-441f-8857-6d0fdb7b4033#0:OK-t3. Peer's state: e5bed959-61e5-441f-8857-6d0fdb7b4033@group-0BC9F4275829:t3, leader=null, voted=74d0c323-91d1-42ce-a7ad-5ac80fac4338, raftlog=e5bed959-61e5-441f-8857-6d0fdb7b4033@group-0BC9F4275829-SegmentedRaftLog:OPENED:c-1,f-1,i0, conf=-1: [74d0c323-91d1-42ce-a7ad-5ac80fac4338|rpc:10.1.0.5:46795|dataStream:|priority:0, 2c5425c6-dd7c-4ec0-8033-4e93d4830dbf|rpc:10.1.0.5:44955|dataStream:|priority:1, e5bed959-61e5-441f-8857-6d0fdb7b4033|rpc:10.1.0.5:45539|dataStream:|priority:0], old=null
2021-07-01 01:15:48,529 [grpc-default-executor-4] INFO  server.RaftServer$Division (RaftServerImpl.java:requestVote(1042)) - 2c5425c6-dd7c-4ec0-8033-4e93d4830dbf@group-0BC9F4275829: receive requestVote(ELECTION, 74d0c323-91d1-42ce-a7ad-5ac80fac4338, group-0BC9F4275829, 3, (t:0, i:0))
2021-07-01 01:15:48,529 [grpc-default-executor-4] INFO  impl.VoteContext (VoteContext.java:log(48)) - 2c5425c6-dd7c-4ec0-8033-4e93d4830dbf@group-0BC9F4275829-FOLLOWER: reject ELECTION from 74d0c323-91d1-42ce-a7ad-5ac80fac4338: our priority 1 > candidate's priority 0
2021-07-01 01:15:48,529 [grpc-default-executor-4] INFO  server.RaftServer$Division (RaftServerImpl.java:setRole(284)) - 2c5425c6-dd7c-4ec0-8033-4e93d4830dbf@group-0BC9F4275829: changes role from  FOLLOWER to FOLLOWER at term 3 for candidate:74d0c323-91d1-42ce-a7ad-5ac80fac4338
2021-07-01 01:15:48,529 [grpc-default-executor-4] INFO  impl.RoleInfo (RoleInfo.java:shutdownFollowerState(108)) - 2c5425c6-dd7c-4ec0-8033-4e93d4830dbf: shutdown 2c5425c6-dd7c-4ec0-8033-4e93d4830dbf@group-0BC9F4275829-FollowerState
2021-07-01 01:15:48,529 [grpc-default-executor-4] INFO  impl.RoleInfo (RoleInfo.java:updateAndGet(130)) - 2c5425c6-dd7c-4ec0-8033-4e93d4830dbf: start 2c5425c6-dd7c-4ec0-8033-4e93d4830dbf@group-0BC9F4275829-FollowerState
2021-07-01 01:15:48,529 [2c5425c6-dd7c-4ec0-8033-4e93d4830dbf@group-0BC9F4275829-FollowerState] INFO  impl.FollowerState (FollowerState.java:run(143)) - 2c5425c6-dd7c-4ec0-8033-4e93d4830dbf@group-0BC9F4275829-FollowerState was interrupted: {}
java.lang.InterruptedException: sleep interrupted
	at java.lang.Thread.sleep(Native Method)
	at java.lang.Thread.sleep(Thread.java:340)
	at java.util.concurrent.TimeUnit.sleep(TimeUnit.java:386)
	at org.apache.ratis.util.TimeDuration.sleep(TimeDuration.java:324)
	at org.apache.ratis.util.TimeDuration.sleep(TimeDuration.java:309)
	at org.apache.ratis.server.impl.FollowerState.run(FollowerState.java:118)
2021-07-01 01:15:48,531 [grpc-default-executor-4] INFO  server.RaftServer$Division (RaftServerImpl.java:requestVote(1074)) - 2c5425c6-dd7c-4ec0-8033-4e93d4830dbf@group-0BC9F4275829 replies to ELECTION vote request: 74d0c323-91d1-42ce-a7ad-5ac80fac4338<-2c5425c6-dd7c-4ec0-8033-4e93d4830dbf#0:FAIL-t3. Peer's state: 2c5425c6-dd7c-4ec0-8033-4e93d4830dbf@group-0BC9F4275829:t3, leader=null, voted=null, raftlog=2c5425c6-dd7c-4ec0-8033-4e93d4830dbf@group-0BC9F4275829-SegmentedRaftLog:OPENED:c-1,f-1,i0, conf=-1: [74d0c323-91d1-42ce-a7ad-5ac80fac4338|rpc:10.1.0.5:46795|dataStream:|priority:0, 2c5425c6-dd7c-4ec0-8033-4e93d4830dbf|rpc:10.1.0.5:44955|dataStream:|priority:1, e5bed959-61e5-441f-8857-6d0fdb7b4033|rpc:10.1.0.5:45539|dataStream:|priority:0], old=null
2021-07-01 01:15:48,533 [74d0c323-91d1-42ce-a7ad-5ac80fac4338@group-0BC9F4275829-LeaderElection37] INFO  impl.LeaderElection (LeaderElection.java:logAndReturn(89)) - 74d0c323-91d1-42ce-a7ad-5ac80fac4338@group-0BC9F4275829-LeaderElection37: ELECTION REJECTED received 2 response(s) and 0 exception(s):
2021-07-01 01:15:48,533 [74d0c323-91d1-42ce-a7ad-5ac80fac4338@group-0BC9F4275829-LeaderElection37] INFO  impl.LeaderElection (LeaderElection.java:logAndReturn(93)) -   Response 0: 74d0c323-91d1-42ce-a7ad-5ac80fac4338<-2c5425c6-dd7c-4ec0-8033-4e93d4830dbf#0:FAIL-t3
2021-07-01 01:15:48,533 [74d0c323-91d1-42ce-a7ad-5ac80fac4338@group-0BC9F4275829-LeaderElection37] INFO  impl.LeaderElection (LeaderElection.java:logAndReturn(93)) -   Response 1: 74d0c323-91d1-42ce-a7ad-5ac80fac4338<-e5bed959-61e5-441f-8857-6d0fdb7b4033#0:OK-t3
2021-07-01 01:15:48,533 [74d0c323-91d1-42ce-a7ad-5ac80fac4338@group-0BC9F4275829-LeaderElection37] INFO  impl.LeaderElection (LeaderElection.java:askForVotes(308)) - 74d0c323-91d1-42ce-a7ad-5ac80fac4338@group-0BC9F4275829-LeaderElection37 ELECTION round 0: result REJECTED
2021-07-01 01:15:48,533 [74d0c323-91d1-42ce-a7ad-5ac80fac4338@group-0BC9F4275829-LeaderElection37] INFO  server.RaftServer$Division (RaftServerImpl.java:setRole(284)) - 74d0c323-91d1-42ce-a7ad-5ac80fac4338@group-0BC9F4275829: changes role from CANDIDATE to FOLLOWER at term 3 for REJECTED
2021-07-01 01:15:48,533 [74d0c323-91d1-42ce-a7ad-5ac80fac4338@group-0BC9F4275829-LeaderElection37] INFO  impl.RoleInfo (RoleInfo.java:shutdownLeaderElection(121)) - 74d0c323-91d1-42ce-a7ad-5ac80fac4338: shutdown 74d0c323-91d1-42ce-a7ad-5ac80fac4338@group-0BC9F4275829-LeaderElection37
2021-07-01 01:15:48,533 [74d0c323-91d1-42ce-a7ad-5ac80fac4338@group-0BC9F4275829-LeaderElection37] INFO  impl.RoleInfo (RoleInfo.java:updateAndGet(130)) - 74d0c323-91d1-42ce-a7ad-5ac80fac4338: start 74d0c323-91d1-42ce-a7ad-5ac80fac4338@group-0BC9F4275829-FollowerState
2021-07-01 01:15:52,747 [a8e60af1-b0b5-4e51-add8-0d393ff38b25@group-3F477C9B4374-FollowerState] INFO  impl.FollowerState (FollowerState.java:run(134)) - a8e60af1-b0b5-4e51-add8-0d393ff38b25@group-3F477C9B4374-FollowerState: change to CANDIDATE, lastRpcElapsedTime:5051396745ns, electionTimeout:5051ms
2021-07-01 01:15:52,747 [a8e60af1-b0b5-4e51-add8-0d393ff38b25@group-3F477C9B4374-FollowerState] INFO  impl.RoleInfo (RoleInfo.java:shutdownFollowerState(108)) - a8e60af1-b0b5-4e51-add8-0d393ff38b25: shutdown a8e60af1-b0b5-4e51-add8-0d393ff38b25@group-3F477C9B4374-FollowerState
2021-07-01 01:15:52,747 [a8e60af1-b0b5-4e51-add8-0d393ff38b25@group-3F477C9B4374-FollowerState] INFO  server.RaftServer$Division (RaftServerImpl.java:setRole(284)) - a8e60af1-b0b5-4e51-add8-0d393ff38b25@group-3F477C9B4374: changes role from  FOLLOWER to CANDIDATE at term 4 for changeToCandidate
2021-07-01 01:15:52,747 [a8e60af1-b0b5-4e51-add8-0d393ff38b25@group-3F477C9B4374-FollowerState] INFO  server.RaftServerConfigKeys (ConfUtils.java:logGet(44)) - raft.server.leaderelection.pre-vote = false (custom)
2021-07-01 01:15:52,747 [a8e60af1-b0b5-4e51-add8-0d393ff38b25@group-3F477C9B4374-FollowerState] INFO  impl.RoleInfo (RoleInfo.java:updateAndGet(130)) - a8e60af1-b0b5-4e51-add8-0d393ff38b25: start a8e60af1-b0b5-4e51-add8-0d393ff38b25@group-3F477C9B4374-LeaderElection38
2021-07-01 01:15:52,750 [a8e60af1-b0b5-4e51-add8-0d393ff38b25@group-3F477C9B4374-LeaderElection38] INFO  impl.LeaderElection (LeaderElection.java:askForVotes(306)) - a8e60af1-b0b5-4e51-add8-0d393ff38b25@group-3F477C9B4374-LeaderElection38 ELECTION round 0: submit vote requests at term 5 for -1: [80320f5a-6cd9-4eb7-9dbc-d52eb94c4b51|rpc:10.1.0.5:40669|priority:0, 12e155f9-24cd-4496-9fcd-b734ad3c03a4|rpc:10.1.0.5:37489|priority:1, a8e60af1-b0b5-4e51-add8-0d393ff38b25|rpc:10.1.0.5:37199|priority:0], old=null
2021-07-01 01:15:52,754 [grpc-default-executor-4] INFO  server.RaftServer$Division (RaftServerImpl.java:requestVote(1042)) - 80320f5a-6cd9-4eb7-9dbc-d52eb94c4b51@group-3F477C9B4374: receive requestVote(ELECTION, a8e60af1-b0b5-4e51-add8-0d393ff38b25, group-3F477C9B4374, 5, (t:0, i:0))
2021-07-01 01:15:52,754 [grpc-default-executor-0] INFO  server.RaftServer$Division (RaftServerImpl.java:requestVote(1042)) - 12e155f9-24cd-4496-9fcd-b734ad3c03a4@group-3F477C9B4374: receive requestVote(ELECTION, a8e60af1-b0b5-4e51-add8-0d393ff38b25, group-3F477C9B4374, 5, (t:0, i:0))
2021-07-01 01:15:52,754 [grpc-default-executor-0] INFO  impl.VoteContext (VoteContext.java:log(48)) - 12e155f9-24cd-4496-9fcd-b734ad3c03a4@group-3F477C9B4374-FOLLOWER: reject ELECTION from a8e60af1-b0b5-4e51-add8-0d393ff38b25: our last entry (t:2, i:0) > candidate's last entry (t:0, i:0)
2021-07-01 01:15:52,754 [grpc-default-executor-0] INFO  server.RaftServer$Division (RaftServerImpl.java:setRole(284)) - 12e155f9-24cd-4496-9fcd-b734ad3c03a4@group-3F477C9B4374: changes role from  FOLLOWER to FOLLOWER at term 5 for candidate:a8e60af1-b0b5-4e51-add8-0d393ff38b25
2021-07-01 01:15:52,754 [grpc-default-executor-0] INFO  impl.RoleInfo (RoleInfo.java:shutdownFollowerState(108)) - 12e155f9-24cd-4496-9fcd-b734ad3c03a4: shutdown 12e155f9-24cd-4496-9fcd-b734ad3c03a4@group-3F477C9B4374-FollowerState
2021-07-01 01:15:52,754 [grpc-default-executor-0] INFO  impl.RoleInfo (RoleInfo.java:updateAndGet(130)) - 12e155f9-24cd-4496-9fcd-b734ad3c03a4: start 12e155f9-24cd-4496-9fcd-b734ad3c03a4@group-3F477C9B4374-FollowerState
2021-07-01 01:15:52,754 [12e155f9-24cd-4496-9fcd-b734ad3c03a4@group-3F477C9B4374-FollowerState] INFO  impl.FollowerState (FollowerState.java:run(143)) - 12e155f9-24cd-4496-9fcd-b734ad3c03a4@group-3F477C9B4374-FollowerState was interrupted: {}
java.lang.InterruptedException: sleep interrupted
	at java.lang.Thread.sleep(Native Method)
	at java.lang.Thread.sleep(Thread.java:340)
	at java.util.concurrent.TimeUnit.sleep(TimeUnit.java:386)
	at org.apache.ratis.util.TimeDuration.sleep(TimeDuration.java:324)
	at org.apache.ratis.util.TimeDuration.sleep(TimeDuration.java:309)
	at org.apache.ratis.server.impl.FollowerState.run(FollowerState.java:118)
2021-07-01 01:15:52,754 [grpc-default-executor-4] INFO  impl.VoteContext (VoteContext.java:log(48)) - 80320f5a-6cd9-4eb7-9dbc-d52eb94c4b51@group-3F477C9B4374-FOLLOWER: accept ELECTION from a8e60af1-b0b5-4e51-add8-0d393ff38b25: our priority 0 <= candidate's priority 0
2021-07-01 01:15:52,754 [grpc-default-executor-4] INFO  server.RaftServer$Division (RaftServerImpl.java:setRole(284)) - 80320f5a-6cd9-4eb7-9dbc-d52eb94c4b51@group-3F477C9B4374: changes role from  FOLLOWER to FOLLOWER at term 5 for candidate:a8e60af1-b0b5-4e51-add8-0d393ff38b25
2021-07-01 01:15:52,754 [grpc-default-executor-4] INFO  impl.RoleInfo (RoleInfo.java:shutdownFollowerState(108)) - 80320f5a-6cd9-4eb7-9dbc-d52eb94c4b51: shutdown 80320f5a-6cd9-4eb7-9dbc-d52eb94c4b51@group-3F477C9B4374-FollowerState
2021-07-01 01:15:52,760 [grpc-default-executor-4] INFO  impl.RoleInfo (RoleInfo.java:updateAndGet(130)) - 80320f5a-6cd9-4eb7-9dbc-d52eb94c4b51: start 80320f5a-6cd9-4eb7-9dbc-d52eb94c4b51@group-3F477C9B4374-FollowerState
2021-07-01 01:15:52,760 [80320f5a-6cd9-4eb7-9dbc-d52eb94c4b51@group-3F477C9B4374-FollowerState] INFO  impl.FollowerState (FollowerState.java:run(143)) - 80320f5a-6cd9-4eb7-9dbc-d52eb94c4b51@group-3F477C9B4374-FollowerState was interrupted: {}
java.lang.InterruptedException: sleep interrupted
	at java.lang.Thread.sleep(Native Method)
	at java.lang.Thread.sleep(Thread.java:340)
	at java.util.concurrent.TimeUnit.sleep(TimeUnit.java:386)
	at org.apache.ratis.util.TimeDuration.sleep(TimeDuration.java:324)
	at org.apache.ratis.util.TimeDuration.sleep(TimeDuration.java:309)
	at org.apache.ratis.server.impl.FollowerState.run(FollowerState.java:118)
2021-07-01 01:15:52,762 [grpc-default-executor-0] INFO  server.RaftServer$Division (RaftServerImpl.java:requestVote(1074)) - 12e155f9-24cd-4496-9fcd-b734ad3c03a4@group-3F477C9B4374 replies to ELECTION vote request: a8e60af1-b0b5-4e51-add8-0d393ff38b25<-12e155f9-24cd-4496-9fcd-b734ad3c03a4#0:FAIL-t5. Peer's state: 12e155f9-24cd-4496-9fcd-b734ad3c03a4@group-3F477C9B4374:t5, leader=null, voted=null, raftlog=12e155f9-24cd-4496-9fcd-b734ad3c03a4@group-3F477C9B4374-SegmentedRaftLog:OPENED:c0,f0,i0, conf=0: [80320f5a-6cd9-4eb7-9dbc-d52eb94c4b51|rpc:10.1.0.5:40669|dataStream:|priority:0, 12e155f9-24cd-4496-9fcd-b734ad3c03a4|rpc:10.1.0.5:37489|dataStream:|priority:1, a8e60af1-b0b5-4e51-add8-0d393ff38b25|rpc:10.1.0.5:37199|dataStream:|priority:0], old=null
2021-07-01 01:15:52,763 [grpc-default-executor-4] INFO  server.RaftServer$Division (RaftServerImpl.java:requestVote(1074)) - 80320f5a-6cd9-4eb7-9dbc-d52eb94c4b51@group-3F477C9B4374 replies to ELECTION vote request: a8e60af1-b0b5-4e51-add8-0d393ff38b25<-80320f5a-6cd9-4eb7-9dbc-d52eb94c4b51#0:OK-t5. Peer's state: 80320f5a-6cd9-4eb7-9dbc-d52eb94c4b51@group-3F477C9B4374:t5, leader=null, voted=a8e60af1-b0b5-4e51-add8-0d393ff38b25, raftlog=80320f5a-6cd9-4eb7-9dbc-d52eb94c4b51@group-3F477C9B4374-SegmentedRaftLog:OPENED:c-1,f-1,i0, conf=-1: [80320f5a-6cd9-4eb7-9dbc-d52eb94c4b51|rpc:10.1.0.5:40669|dataStream:|priority:0, 12e155f9-24cd-4496-9fcd-b734ad3c03a4|rpc:10.1.0.5:37489|dataStream:|priority:1, a8e60af1-b0b5-4e51-add8-0d393ff38b25|rpc:10.1.0.5:37199|dataStream:|priority:0], old=null
2021-07-01 01:15:52,765 [a8e60af1-b0b5-4e51-add8-0d393ff38b25@group-3F477C9B4374-LeaderElection38] INFO  impl.LeaderElection (LeaderElection.java:logAndReturn(89)) - a8e60af1-b0b5-4e51-add8-0d393ff38b25@group-3F477C9B4374-LeaderElection38: ELECTION REJECTED received 1 response(s) and 0 exception(s):
2021-07-01 01:15:52,765 [a8e60af1-b0b5-4e51-add8-0d393ff38b25@group-3F477C9B4374-LeaderElection38] INFO  impl.LeaderElection (LeaderElection.java:logAndReturn(93)) -   Response 0: a8e60af1-b0b5-4e51-add8-0d393ff38b25<-12e155f9-24cd-4496-9fcd-b734ad3c03a4#0:FAIL-t5
2021-07-01 01:15:52,765 [a8e60af1-b0b5-4e51-add8-0d393ff38b25@group-3F477C9B4374-LeaderElection38] INFO  impl.LeaderElection (LeaderElection.java:askForVotes(308)) - a8e60af1-b0b5-4e51-add8-0d393ff38b25@group-3F477C9B4374-LeaderElection38 ELECTION round 0: result REJECTED
2021-07-01 01:15:52,765 [a8e60af1-b0b5-4e51-add8-0d393ff38b25@group-3F477C9B4374-LeaderElection38] INFO  server.RaftServer$Division (RaftServerImpl.java:setRole(284)) - a8e60af1-b0b5-4e51-add8-0d393ff38b25@group-3F477C9B4374: changes role from CANDIDATE to FOLLOWER at term 5 for REJECTED
2021-07-01 01:15:52,765 [a8e60af1-b0b5-4e51-add8-0d393ff38b25@group-3F477C9B4374-LeaderElection38] INFO  impl.RoleInfo (RoleInfo.java:shutdownLeaderElection(121)) - a8e60af1-b0b5-4e51-add8-0d393ff38b25: shutdown a8e60af1-b0b5-4e51-add8-0d393ff38b25@group-3F477C9B4374-LeaderElection38
2021-07-01 01:15:52,765 [a8e60af1-b0b5-4e51-add8-0d393ff38b25@group-3F477C9B4374-LeaderElection38] INFO  impl.RoleInfo (RoleInfo.java:updateAndGet(130)) - a8e60af1-b0b5-4e51-add8-0d393ff38b25: start a8e60af1-b0b5-4e51-add8-0d393ff38b25@group-3F477C9B4374-FollowerState
2021-07-01 01:15:53,059 [c748cb90-cadf-4a6f-b345-cd4c71c9d1a6@group-222541F4572F-FollowerState] INFO  impl.FollowerState (FollowerState.java:run(134)) - c748cb90-cadf-4a6f-b345-cd4c71c9d1a6@group-222541F4572F-FollowerState: change to CANDIDATE, lastRpcElapsedTime:5080128853ns, electionTimeout:5079ms
2021-07-01 01:15:53,060 [c748cb90-cadf-4a6f-b345-cd4c71c9d1a6@group-222541F4572F-FollowerState] INFO  impl.RoleInfo (RoleInfo.java:shutdownFollowerState(108)) - c748cb90-cadf-4a6f-b345-cd4c71c9d1a6: shutdown c748cb90-cadf-4a6f-b345-cd4c71c9d1a6@group-222541F4572F-FollowerState
2021-07-01 01:15:53,060 [c748cb90-cadf-4a6f-b345-cd4c71c9d1a6@group-222541F4572F-FollowerState] INFO  server.RaftServer$Division (RaftServerImpl.java:setRole(284)) - c748cb90-cadf-4a6f-b345-cd4c71c9d1a6@group-222541F4572F: changes role from  FOLLOWER to CANDIDATE at term 3 for changeToCandidate
2021-07-01 01:15:53,060 [c748cb90-cadf-4a6f-b345-cd4c71c9d1a6@group-222541F4572F-FollowerState] INFO  server.RaftServerConfigKeys (ConfUtils.java:logGet(44)) - raft.server.leaderelection.pre-vote = false (custom)
2021-07-01 01:15:53,060 [c748cb90-cadf-4a6f-b345-cd4c71c9d1a6@group-222541F4572F-FollowerState] INFO  impl.RoleInfo (RoleInfo.java:updateAndGet(130)) - c748cb90-cadf-4a6f-b345-cd4c71c9d1a6: start c748cb90-cadf-4a6f-b345-cd4c71c9d1a6@group-222541F4572F-LeaderElection39
2021-07-01 01:15:53,063 [c748cb90-cadf-4a6f-b345-cd4c71c9d1a6@group-222541F4572F-LeaderElection39] INFO  impl.LeaderElection (LeaderElection.java:askForVotes(306)) - c748cb90-cadf-4a6f-b345-cd4c71c9d1a6@group-222541F4572F-LeaderElection39 ELECTION round 0: submit vote requests at term 4 for -1: [81b856d9-9a36-4380-a413-e28ef77684bb|rpc:10.1.0.5:42305|dataStream:|priority:0, afb2815f-4716-48e6-854f-3875e38e9fce|rpc:10.1.0.5:44723|dataStream:|priority:1, c748cb90-cadf-4a6f-b345-cd4c71c9d1a6|rpc:10.1.0.5:37099|dataStream:|priority:0], old=null
2021-07-01 01:15:53,069 [grpc-default-executor-0] INFO  server.RaftServer$Division (RaftServerImpl.java:requestVote(1042)) - afb2815f-4716-48e6-854f-3875e38e9fce@group-222541F4572F: receive requestVote(ELECTION, c748cb90-cadf-4a6f-b345-cd4c71c9d1a6, group-222541F4572F, 4, (t:0, i:0))
2021-07-01 01:15:53,069 [grpc-default-executor-0] INFO  impl.VoteContext (VoteContext.java:log(48)) - afb2815f-4716-48e6-854f-3875e38e9fce@group-222541F4572F-FOLLOWER: reject ELECTION from c748cb90-cadf-4a6f-b345-cd4c71c9d1a6: our priority 1 > candidate's priority 0
2021-07-01 01:15:53,069 [grpc-default-executor-0] INFO  server.RaftServer$Division (RaftServerImpl.java:setRole(284)) - afb2815f-4716-48e6-854f-3875e38e9fce@group-222541F4572F: changes role from  FOLLOWER to FOLLOWER at term 4 for candidate:c748cb90-cadf-4a6f-b345-cd4c71c9d1a6
2021-07-01 01:15:53,069 [grpc-default-executor-0] INFO  impl.RoleInfo (RoleInfo.java:shutdownFollowerState(108)) - afb2815f-4716-48e6-854f-3875e38e9fce: shutdown afb2815f-4716-48e6-854f-3875e38e9fce@group-222541F4572F-FollowerState
2021-07-01 01:15:53,069 [grpc-default-executor-0] INFO  impl.RoleInfo (RoleInfo.java:updateAndGet(130)) - afb2815f-4716-48e6-854f-3875e38e9fce: start afb2815f-4716-48e6-854f-3875e38e9fce@group-222541F4572F-FollowerState
2021-07-01 01:15:53,069 [afb2815f-4716-48e6-854f-3875e38e9fce@group-222541F4572F-FollowerState] INFO  impl.FollowerState (FollowerState.java:run(143)) - afb2815f-4716-48e6-854f-3875e38e9fce@group-222541F4572F-FollowerState was interrupted: {}
java.lang.InterruptedException: sleep interrupted
	at java.lang.Thread.sleep(Native Method)
	at java.lang.Thread.sleep(Thread.java:340)
	at java.util.concurrent.TimeUnit.sleep(TimeUnit.java:386)
	at org.apache.ratis.util.TimeDuration.sleep(TimeDuration.java:324)
	at org.apache.ratis.util.TimeDuration.sleep(TimeDuration.java:309)
	at org.apache.ratis.server.impl.FollowerState.run(FollowerState.java:118)
2021-07-01 01:15:53,072 [grpc-default-executor-0] INFO  server.RaftServer$Division (RaftServerImpl.java:requestVote(1074)) - afb2815f-4716-48e6-854f-3875e38e9fce@group-222541F4572F replies to ELECTION vote request: c748cb90-cadf-4a6f-b345-cd4c71c9d1a6<-afb2815f-4716-48e6-854f-3875e38e9fce#0:FAIL-t4. Peer's state: afb2815f-4716-48e6-854f-3875e38e9fce@group-222541F4572F:t4, leader=null, voted=null, raftlog=afb2815f-4716-48e6-854f-3875e38e9fce@group-222541F4572F-SegmentedRaftLog:OPENED:c-1,f-1,i0, conf=-1: [81b856d9-9a36-4380-a413-e28ef77684bb|rpc:10.1.0.5:42305|dataStream:|priority:0, afb2815f-4716-48e6-854f-3875e38e9fce|rpc:10.1.0.5:44723|dataStream:|priority:1, c748cb90-cadf-4a6f-b345-cd4c71c9d1a6|rpc:10.1.0.5:37099|dataStream:|priority:0], old=null
2021-07-01 01:15:53,072 [grpc-default-executor-4] INFO  server.RaftServer$Division (RaftServerImpl.java:requestVote(1042)) - 81b856d9-9a36-4380-a413-e28ef77684bb@group-222541F4572F: receive requestVote(ELECTION, c748cb90-cadf-4a6f-b345-cd4c71c9d1a6, group-222541F4572F, 4, (t:0, i:0))
2021-07-01 01:15:53,072 [grpc-default-executor-4] INFO  impl.VoteContext (VoteContext.java:log(48)) - 81b856d9-9a36-4380-a413-e28ef77684bb@group-222541F4572F-FOLLOWER: accept ELECTION from c748cb90-cadf-4a6f-b345-cd4c71c9d1a6: our priority 0 <= candidate's priority 0
2021-07-01 01:15:53,072 [grpc-default-executor-4] INFO  server.RaftServer$Division (RaftServerImpl.java:setRole(284)) - 81b856d9-9a36-4380-a413-e28ef77684bb@group-222541F4572F: changes role from  FOLLOWER to FOLLOWER at term 4 for candidate:c748cb90-cadf-4a6f-b345-cd4c71c9d1a6
2021-07-01 01:15:53,072 [grpc-default-executor-4] INFO  impl.RoleInfo (RoleInfo.java:shutdownFollowerState(108)) - 81b856d9-9a36-4380-a413-e28ef77684bb: shutdown 81b856d9-9a36-4380-a413-e28ef77684bb@group-222541F4572F-FollowerState
2021-07-01 01:15:53,072 [grpc-default-executor-4] INFO  impl.RoleInfo (RoleInfo.java:updateAndGet(130)) - 81b856d9-9a36-4380-a413-e28ef77684bb: start 81b856d9-9a36-4380-a413-e28ef77684bb@group-222541F4572F-FollowerState
2021-07-01 01:15:53,073 [81b856d9-9a36-4380-a413-e28ef77684bb@group-222541F4572F-FollowerState] INFO  impl.FollowerState (FollowerState.java:run(143)) - 81b856d9-9a36-4380-a413-e28ef77684bb@group-222541F4572F-FollowerState was interrupted: {}
java.lang.InterruptedException: sleep interrupted
	at java.lang.Thread.sleep(Native Method)
	at java.lang.Thread.sleep(Thread.java:340)
	at java.util.concurrent.TimeUnit.sleep(TimeUnit.java:386)
	at org.apache.ratis.util.TimeDuration.sleep(TimeDuration.java:324)
	at org.apache.ratis.util.TimeDuration.sleep(TimeDuration.java:309)
	at org.apache.ratis.server.impl.FollowerState.run(FollowerState.java:118)
2021-07-01 01:15:53,074 [c748cb90-cadf-4a6f-b345-cd4c71c9d1a6@group-222541F4572F-LeaderElection39] INFO  impl.LeaderElection (LeaderElection.java:logAndReturn(89)) - c748cb90-cadf-4a6f-b345-cd4c71c9d1a6@group-222541F4572F-LeaderElection39: ELECTION REJECTED received 1 response(s) and 0 exception(s):
2021-07-01 01:15:53,074 [c748cb90-cadf-4a6f-b345-cd4c71c9d1a6@group-222541F4572F-LeaderElection39] INFO  impl.LeaderElection (LeaderElection.java:logAndReturn(93)) -   Response 0: c748cb90-cadf-4a6f-b345-cd4c71c9d1a6<-afb2815f-4716-48e6-854f-3875e38e9fce#0:FAIL-t4
2021-07-01 01:15:53,074 [c748cb90-cadf-4a6f-b345-cd4c71c9d1a6@group-222541F4572F-LeaderElection39] INFO  impl.LeaderElection (LeaderElection.java:askForVotes(308)) - c748cb90-cadf-4a6f-b345-cd4c71c9d1a6@group-222541F4572F-LeaderElection39 ELECTION round 0: result REJECTED
2021-07-01 01:15:53,074 [c748cb90-cadf-4a6f-b345-cd4c71c9d1a6@group-222541F4572F-LeaderElection39] INFO  server.RaftServer$Division (RaftServerImpl.java:setRole(284)) - c748cb90-cadf-4a6f-b345-cd4c71c9d1a6@group-222541F4572F: changes role from CANDIDATE to FOLLOWER at term 4 for REJECTED
2021-07-01 01:15:53,074 [c748cb90-cadf-4a6f-b345-cd4c71c9d1a6@group-222541F4572F-LeaderElection39] INFO  impl.RoleInfo (RoleInfo.java:shutdownLeaderElection(121)) - c748cb90-cadf-4a6f-b345-cd4c71c9d1a6: shutdown c748cb90-cadf-4a6f-b345-cd4c71c9d1a6@group-222541F4572F-LeaderElection39
2021-07-01 01:15:53,074 [c748cb90-cadf-4a6f-b345-cd4c71c9d1a6@group-222541F4572F-LeaderElection39] INFO  impl.RoleInfo (RoleInfo.java:updateAndGet(130)) - c748cb90-cadf-4a6f-b345-cd4c71c9d1a6: start c748cb90-cadf-4a6f-b345-cd4c71c9d1a6@group-222541F4572F-FollowerState
2021-07-01 01:15:53,080 [grpc-default-executor-4] INFO  server.RaftServer$Division (RaftServerImpl.java:requestVote(1074)) - 81b856d9-9a36-4380-a413-e28ef77684bb@group-222541F4572F replies to ELECTION vote request: c748cb90-cadf-4a6f-b345-cd4c71c9d1a6<-81b856d9-9a36-4380-a413-e28ef77684bb#0:OK-t4. Peer's state: 81b856d9-9a36-4380-a413-e28ef77684bb@group-222541F4572F:t4, leader=null, voted=c748cb90-cadf-4a6f-b345-cd4c71c9d1a6, raftlog=81b856d9-9a36-4380-a413-e28ef77684bb@group-222541F4572F-SegmentedRaftLog:OPENED:c-1,f-1,i0, conf=-1: [81b856d9-9a36-4380-a413-e28ef77684bb|rpc:10.1.0.5:42305|priority:0, afb2815f-4716-48e6-854f-3875e38e9fce|rpc:10.1.0.5:44723|priority:1, c748cb90-cadf-4a6f-b345-cd4c71c9d1a6|rpc:10.1.0.5:37099|priority:0], old=null
2021-07-01 01:15:53,565 [74d0c323-91d1-42ce-a7ad-5ac80fac4338@group-0BC9F4275829-FollowerState] INFO  impl.FollowerState (FollowerState.java:run(134)) - 74d0c323-91d1-42ce-a7ad-5ac80fac4338@group-0BC9F4275829-FollowerState: change to CANDIDATE, lastRpcElapsedTime:5031385688ns, electionTimeout:5031ms
2021-07-01 01:15:53,565 [74d0c323-91d1-42ce-a7ad-5ac80fac4338@group-0BC9F4275829-FollowerState] INFO  impl.RoleInfo (RoleInfo.java:shutdownFollowerState(108)) - 74d0c323-91d1-42ce-a7ad-5ac80fac4338: shutdown 74d0c323-91d1-42ce-a7ad-5ac80fac4338@group-0BC9F4275829-FollowerState
2021-07-01 01:15:53,565 [74d0c323-91d1-42ce-a7ad-5ac80fac4338@group-0BC9F4275829-FollowerState] INFO  server.RaftServer$Division (RaftServerImpl.java:setRole(284)) - 74d0c323-91d1-42ce-a7ad-5ac80fac4338@group-0BC9F4275829: changes role from  FOLLOWER to CANDIDATE at term 3 for changeToCandidate
2021-07-01 01:15:53,565 [74d0c323-91d1-42ce-a7ad-5ac80fac4338@group-0BC9F4275829-FollowerState] INFO  server.RaftServerConfigKeys (ConfUtils.java:logGet(44)) - raft.server.leaderelection.pre-vote = false (custom)
2021-07-01 01:15:53,565 [74d0c323-91d1-42ce-a7ad-5ac80fac4338@group-0BC9F4275829-FollowerState] INFO  impl.RoleInfo (RoleInfo.java:updateAndGet(130)) - 74d0c323-91d1-42ce-a7ad-5ac80fac4338: start 74d0c323-91d1-42ce-a7ad-5ac80fac4338@group-0BC9F4275829-LeaderElection40
2021-07-01 01:15:53,568 [74d0c323-91d1-42ce-a7ad-5ac80fac4338@group-0BC9F4275829-LeaderElection40] INFO  impl.LeaderElection (LeaderElection.java:askForVotes(306)) - 74d0c323-91d1-42ce-a7ad-5ac80fac4338@group-0BC9F4275829-LeaderElection40 ELECTION round 0: submit vote requests at term 4 for -1: [74d0c323-91d1-42ce-a7ad-5ac80fac4338|rpc:10.1.0.5:46795|priority:0, 2c5425c6-dd7c-4ec0-8033-4e93d4830dbf|rpc:10.1.0.5:44955|priority:1, e5bed959-61e5-441f-8857-6d0fdb7b4033|rpc:10.1.0.5:45539|priority:0], old=null
2021-07-01 01:15:53,578 [grpc-default-executor-4] INFO  server.RaftServer$Division (RaftServerImpl.java:requestVote(1042)) - 2c5425c6-dd7c-4ec0-8033-4e93d4830dbf@group-0BC9F4275829: receive requestVote(ELECTION, 74d0c323-91d1-42ce-a7ad-5ac80fac4338, group-0BC9F4275829, 4, (t:0, i:0))
2021-07-01 01:15:53,578 [grpc-default-executor-0] INFO  server.RaftServer$Division (RaftServerImpl.java:requestVote(1042)) - e5bed959-61e5-441f-8857-6d0fdb7b4033@group-0BC9F4275829: receive requestVote(ELECTION, 74d0c323-91d1-42ce-a7ad-5ac80fac4338, group-0BC9F4275829, 4, (t:0, i:0))
2021-07-01 01:15:53,578 [grpc-default-executor-4] INFO  impl.VoteContext (VoteContext.java:log(48)) - 2c5425c6-dd7c-4ec0-8033-4e93d4830dbf@group-0BC9F4275829-FOLLOWER: reject ELECTION from 74d0c323-91d1-42ce-a7ad-5ac80fac4338: our priority 1 > candidate's priority 0
2021-07-01 01:15:53,578 [grpc-default-executor-0] INFO  impl.VoteContext (VoteContext.java:log(48)) - e5bed959-61e5-441f-8857-6d0fdb7b4033@group-0BC9F4275829-FOLLOWER: accept ELECTION from 74d0c323-91d1-42ce-a7ad-5ac80fac4338: our priority 0 <= candidate's priority 0
2021-07-01 01:15:53,578 [grpc-default-executor-4] INFO  server.RaftServer$Division (RaftServerImpl.java:setRole(284)) - 2c5425c6-dd7c-4ec0-8033-4e93d4830dbf@group-0BC9F4275829: changes role from  FOLLOWER to FOLLOWER at term 4 for candidate:74d0c323-91d1-42ce-a7ad-5ac80fac4338
2021-07-01 01:15:53,578 [grpc-default-executor-0] INFO  server.RaftServer$Division (RaftServerImpl.java:setRole(284)) - e5bed959-61e5-441f-8857-6d0fdb7b4033@group-0BC9F4275829: changes role from  FOLLOWER to FOLLOWER at term 4 for candidate:74d0c323-91d1-42ce-a7ad-5ac80fac4338
2021-07-01 01:15:53,578 [grpc-default-executor-0] INFO  impl.RoleInfo (RoleInfo.java:shutdownFollowerState(108)) - e5bed959-61e5-441f-8857-6d0fdb7b4033: shutdown e5bed959-61e5-441f-8857-6d0fdb7b4033@group-0BC9F4275829-FollowerState
2021-07-01 01:15:53,578 [grpc-default-executor-0] INFO  impl.RoleInfo (RoleInfo.java:updateAndGet(130)) - e5bed959-61e5-441f-8857-6d0fdb7b4033: start e5bed959-61e5-441f-8857-6d0fdb7b4033@group-0BC9F4275829-FollowerState
2021-07-01 01:15:53,578 [grpc-default-executor-4] INFO  impl.RoleInfo (RoleInfo.java:shutdownFollowerState(108)) - 2c5425c6-dd7c-4ec0-8033-4e93d4830dbf: shutdown 2c5425c6-dd7c-4ec0-8033-4e93d4830dbf@group-0BC9F4275829-FollowerState
2021-07-01 01:15:53,578 [e5bed959-61e5-441f-8857-6d0fdb7b4033@group-0BC9F4275829-FollowerState] INFO  impl.FollowerState (FollowerState.java:run(143)) - e5bed959-61e5-441f-8857-6d0fdb7b4033@group-0BC9F4275829-FollowerState was interrupted: {}
java.lang.InterruptedException: sleep interrupted
	at java.lang.Thread.sleep(Native Method)
	at java.lang.Thread.sleep(Thread.java:340)
	at java.util.concurrent.TimeUnit.sleep(TimeUnit.java:386)
	at org.apache.ratis.util.TimeDuration.sleep(TimeDuration.java:324)
	at org.apache.ratis.util.TimeDuration.sleep(TimeDuration.java:309)
	at org.apache.ratis.server.impl.FollowerState.run(FollowerState.java:118)
2021-07-01 01:15:53,579 [grpc-default-executor-4] INFO  impl.RoleInfo (RoleInfo.java:updateAndGet(130)) - 2c5425c6-dd7c-4ec0-8033-4e93d4830dbf: start 2c5425c6-dd7c-4ec0-8033-4e93d4830dbf@group-0BC9F4275829-FollowerState
2021-07-01 01:15:53,579 [2c5425c6-dd7c-4ec0-8033-4e93d4830dbf@group-0BC9F4275829-FollowerState] INFO  impl.FollowerState (FollowerState.java:run(143)) - 2c5425c6-dd7c-4ec0-8033-4e93d4830dbf@group-0BC9F4275829-FollowerState was interrupted: {}
java.lang.InterruptedException: sleep interrupted
	at java.lang.Thread.sleep(Native Method)
	at java.lang.Thread.sleep(Thread.java:340)
	at java.util.concurrent.TimeUnit.sleep(TimeUnit.java:386)
	at org.apache.ratis.util.TimeDuration.sleep(TimeDuration.java:324)
	at org.apache.ratis.util.TimeDuration.sleep(TimeDuration.java:309)
	at org.apache.ratis.server.impl.FollowerState.run(FollowerState.java:118)
2021-07-01 01:15:53,582 [grpc-default-executor-4] INFO  server.RaftServer$Division (RaftServerImpl.java:requestVote(1074)) - 2c5425c6-dd7c-4ec0-8033-4e93d4830dbf@group-0BC9F4275829 replies to ELECTION vote request: 74d0c323-91d1-42ce-a7ad-5ac80fac4338<-2c5425c6-dd7c-4ec0-8033-4e93d4830dbf#0:FAIL-t4. Peer's state: 2c5425c6-dd7c-4ec0-8033-4e93d4830dbf@group-0BC9F4275829:t4, leader=null, voted=null, raftlog=2c5425c6-dd7c-4ec0-8033-4e93d4830dbf@group-0BC9F4275829-SegmentedRaftLog:OPENED:c-1,f-1,i0, conf=-1: [74d0c323-91d1-42ce-a7ad-5ac80fac4338|rpc:10.1.0.5:46795|dataStream:|priority:0, 2c5425c6-dd7c-4ec0-8033-4e93d4830dbf|rpc:10.1.0.5:44955|dataStream:|priority:1, e5bed959-61e5-441f-8857-6d0fdb7b4033|rpc:10.1.0.5:45539|dataStream:|priority:0], old=null
2021-07-01 01:15:53,582 [grpc-default-executor-0] INFO  server.RaftServer$Division (RaftServerImpl.java:requestVote(1074)) - e5bed959-61e5-441f-8857-6d0fdb7b4033@group-0BC9F4275829 replies to ELECTION vote request: 74d0c323-91d1-42ce-a7ad-5ac80fac4338<-e5bed959-61e5-441f-8857-6d0fdb7b4033#0:OK-t4. Peer's state: e5bed959-61e5-441f-8857-6d0fdb7b4033@group-0BC9F4275829:t4, leader=null, voted=74d0c323-91d1-42ce-a7ad-5ac80fac4338, raftlog=e5bed959-61e5-441f-8857-6d0fdb7b4033@group-0BC9F4275829-SegmentedRaftLog:OPENED:c-1,f-1,i0, conf=-1: [74d0c323-91d1-42ce-a7ad-5ac80fac4338|rpc:10.1.0.5:46795|dataStream:|priority:0, 2c5425c6-dd7c-4ec0-8033-4e93d4830dbf|rpc:10.1.0.5:44955|dataStream:|priority:1, e5bed959-61e5-441f-8857-6d0fdb7b4033|rpc:10.1.0.5:45539|dataStream:|priority:0], old=null
2021-07-01 01:15:53,584 [74d0c323-91d1-42ce-a7ad-5ac80fac4338@group-0BC9F4275829-LeaderElection40] INFO  impl.LeaderElection (LeaderElection.java:logAndReturn(89)) - 74d0c323-91d1-42ce-a7ad-5ac80fac4338@group-0BC9F4275829-LeaderElection40: ELECTION REJECTED received 1 response(s) and 0 exception(s):
2021-07-01 01:15:53,585 [74d0c323-91d1-42ce-a7ad-5ac80fac4338@group-0BC9F4275829-LeaderElection40] INFO  impl.LeaderElection (LeaderElection.java:logAndReturn(93)) -   Response 0: 74d0c323-91d1-42ce-a7ad-5ac80fac4338<-2c5425c6-dd7c-4ec0-8033-4e93d4830dbf#0:FAIL-t4
2021-07-01 01:15:53,585 [74d0c323-91d1-42ce-a7ad-5ac80fac4338@group-0BC9F4275829-LeaderElection40] INFO  impl.LeaderElection (LeaderElection.java:askForVotes(308)) - 74d0c323-91d1-42ce-a7ad-5ac80fac4338@group-0BC9F4275829-LeaderElection40 ELECTION round 0: result REJECTED
2021-07-01 01:15:53,585 [74d0c323-91d1-42ce-a7ad-5ac80fac4338@group-0BC9F4275829-LeaderElection40] INFO  server.RaftServer$Division (RaftServerImpl.java:setRole(284)) - 74d0c323-91d1-42ce-a7ad-5ac80fac4338@group-0BC9F4275829: changes role from CANDIDATE to FOLLOWER at term 4 for REJECTED
2021-07-01 01:15:53,585 [74d0c323-91d1-42ce-a7ad-5ac80fac4338@group-0BC9F4275829-LeaderElection40] INFO  impl.RoleInfo (RoleInfo.java:shutdownLeaderElection(121)) - 74d0c323-91d1-42ce-a7ad-5ac80fac4338: shutdown 74d0c323-91d1-42ce-a7ad-5ac80fac4338@group-0BC9F4275829-LeaderElection40
2021-07-01 01:15:53,585 [74d0c323-91d1-42ce-a7ad-5ac80fac4338@group-0BC9F4275829-LeaderElection40] INFO  impl.RoleInfo (RoleInfo.java:updateAndGet(130)) - 74d0c323-91d1-42ce-a7ad-5ac80fac4338: start 74d0c323-91d1-42ce-a7ad-5ac80fac4338@group-0BC9F4275829-FollowerState
2021-07-01 01:15:53,721 [java.util.concurrent.ThreadPoolExecutor$Worker@7f888b46[State = -1, empty queue]] INFO  metrics.RatisMetrics (RatisMetrics.java:lambda$create$0(36)) - Creating Metrics Registry : ratis.client_message_metrics.client-131A124F4694->80320f5a-6cd9-4eb7-9dbc-d52eb94c4b51
2021-07-01 01:15:53,731 [Listener at 127.0.0.1/41923] INFO  ozone.MiniOzoneClusterImpl (MiniOzoneClusterImpl.java:shutdown(445)) - Shutting down the Mini Ozone Cluster
2021-07-01 01:15:53,732 [Listener at 127.0.0.1/41923] INFO  ozone.MiniOzoneClusterImpl (MiniOzoneClusterImpl.java:stop(460)) - Stopping the Mini Ozone Cluster
2021-07-01 01:15:53,732 [Listener at 127.0.0.1/41923] INFO  ozone.MiniOzoneClusterImpl (MiniOzoneClusterImpl.java:stopOM(542)) - Stopping the OzoneManager
2021-07-01 01:15:53,732 [Listener at 127.0.0.1/41923] INFO  ipc.Server (Server.java:stop(3403)) - Stopping server on 41923
2021-07-01 01:15:53,734 [IPC Server listener on 0] INFO  ipc.Server (Server.java:run(1366)) - Stopping IPC Server listener on 0
2021-07-01 01:15:53,734 [IPC Server Responder] INFO  ipc.Server (Server.java:run(1502)) - Stopping IPC Server Responder
2021-07-01 01:15:53,737 [Listener at 127.0.0.1/41923] INFO  server.RaftServer (RaftServerProxy.java:lambda$close$6(391)) - om1: close
2021-07-01 01:15:53,737 [Listener at 127.0.0.1/41923] INFO  server.RaftServer$Division (RaftServerImpl.java:lambda$close$4(406)) - om1@group-C5BA1605619E: shutdown
2021-07-01 01:15:53,738 [Listener at 127.0.0.1/41923] INFO  util.JmxRegister (JmxRegister.java:unregister(73)) - Successfully un-registered JMX Bean with object name Ratis:service=RaftServer,group=group-C5BA1605619E,id=om1
2021-07-01 01:15:53,738 [Listener at 127.0.0.1/41923] INFO  impl.RoleInfo (RoleInfo.java:shutdownLeaderState(91)) - om1: shutdown om1@group-C5BA1605619E-LeaderStateImpl
2021-07-01 01:15:53,738 [Listener at 127.0.0.1/41923] INFO  impl.PendingRequests (PendingRequests.java:sendNotLeaderResponses(249)) - om1@group-C5BA1605619E-PendingRequests: sendNotLeaderResponses
2021-07-01 01:15:53,743 [Listener at 127.0.0.1/41923] INFO  metrics.RatisMetrics (RatisMetrics.java:unregister(43)) - Unregistering Metrics Registry : ratis.log_appender.om1@group-C5BA1605619E
2021-07-01 01:15:53,743 [Listener at 127.0.0.1/41923] INFO  metrics.RatisMetrics (RatisMetrics.java:unregister(43)) - Unregistering Metrics Registry : ratis.server.om1@group-C5BA1605619E
2021-07-01 01:15:53,744 [Listener at 127.0.0.1/41923] INFO  impl.StateMachineUpdater (StateMachineUpdater.java:stopAndJoin(149)) - om1@group-C5BA1605619E-StateMachineUpdater: set stopIndex = 4
2021-07-01 01:15:53,744 [om1@group-C5BA1605619E-StateMachineUpdater] INFO  ratis.OzoneManagerStateMachine (OzoneManagerStateMachine.java:takeSnapshot(347)) - Current Snapshot Index (t:1, i:4)
2021-07-01 01:15:53,744 [om1@group-C5BA1605619E-StateMachineUpdater] INFO  impl.StateMachineUpdater (StateMachineUpdater.java:takeSnapshot(281)) - om1@group-C5BA1605619E-StateMachineUpdater: Took a snapshot at index 4
2021-07-01 01:15:53,744 [om1@group-C5BA1605619E-StateMachineUpdater] INFO  impl.StateMachineUpdater (StateMachineUpdater.java:lambda$new$0(89)) - om1@group-C5BA1605619E-StateMachineUpdater: snapshotIndex: updateIncreasingly -1 -> 4
2021-07-01 01:15:53,744 [om1@group-C5BA1605619E-StateMachineUpdater] INFO  metrics.RatisMetrics (RatisMetrics.java:unregister(43)) - Unregistering Metrics Registry : ratis.state_machine.om1@group-C5BA1605619E
2021-07-01 01:15:53,744 [Listener at 127.0.0.1/41923] INFO  server.RaftServer$Division (ServerState.java:close(405)) - om1@group-C5BA1605619E: closes. applyIndex: 4
2021-07-01 01:15:53,744 [om1@group-C5BA1605619E-SegmentedRaftLogWorker] INFO  segmented.SegmentedRaftLogWorker (SegmentedRaftLogWorker.java:run(327)) - om1@group-C5BA1605619E-SegmentedRaftLogWorker was interrupted, exiting. There are 0 tasks remaining in the queue.
2021-07-01 01:15:53,748 [Listener at 127.0.0.1/41923] INFO  segmented.SegmentedRaftLogWorker (SegmentedRaftLogWorker.java:close(237)) - om1@group-C5BA1605619E-SegmentedRaftLogWorker close()
2021-07-01 01:15:53,751 [Listener at 127.0.0.1/41923] INFO  metrics.RatisMetrics (RatisMetrics.java:unregister(43)) - Unregistering Metrics Registry : ratis.log_worker.om1@group-C5BA1605619E
2021-07-01 01:15:53,751 [Listener at 127.0.0.1/41923] INFO  metrics.RatisMetrics (RatisMetrics.java:unregister(43)) - Unregistering Metrics Registry : ratis.leader_election.om1@group-C5BA1605619E
2021-07-01 01:15:53,751 [Listener at 127.0.0.1/41923] INFO  metrics.RatisMetrics (RatisMetrics.java:unregister(43)) - Unregistering Metrics Registry : ratis.server.om1@group-C5BA1605619E
2021-07-01 01:15:53,752 [Listener at 127.0.0.1/41923] INFO  server.GrpcService (GrpcService.java:closeImpl(262)) - om1: shutdown server with port 9872 now
2021-07-01 01:15:53,754 [Listener at 127.0.0.1/41923] INFO  server.GrpcService (GrpcService.java:closeImpl(271)) - om1: shutdown server with port 9872 successfully
2021-07-01 01:15:53,754 [org.apache.ratis.util.JvmPauseMonitor$$Lambda$514/857811686@583739e2] INFO  util.JvmPauseMonitor (JvmPauseMonitor.java:run(109)) - JvmPauseMonitor-om1: Stopped
2021-07-01 01:15:53,755 [Listener at 127.0.0.1/41923] INFO  ratis.OzoneManagerDoubleBuffer (OzoneManagerDoubleBuffer.java:stop(426)) - Stopping OMDoubleBuffer flush thread
2021-07-01 01:15:53,755 [OMDoubleBufferFlushThread] INFO  ratis.OzoneManagerDoubleBuffer (OzoneManagerDoubleBuffer.java:flushTransactions(353)) - OMDoubleBuffer flush thread OMDoubleBufferFlushThread is interrupted and will exit. OMDoubleBufferFlushThread
2021-07-01 01:15:53,755 [Listener at 127.0.0.1/41923] INFO  ratis.OzoneManagerStateMachine (HadoopExecutors.java:shutdown(118)) - Gracefully shutting down executor service. Waiting max 5 SECONDS
2021-07-01 01:15:53,757 [Listener at 127.0.0.1/41923] INFO  ratis.OzoneManagerStateMachine (HadoopExecutors.java:shutdown(129)) - Succesfully shutdown executor service
2021-07-01 01:15:53,757 [Listener at 127.0.0.1/41923] INFO  ratis.OzoneManagerStateMachine (HadoopExecutors.java:shutdown(118)) - Gracefully shutting down executor service. Waiting max 5 SECONDS
2021-07-01 01:15:53,757 [Listener at 127.0.0.1/41923] INFO  ratis.OzoneManagerStateMachine (HadoopExecutors.java:shutdown(129)) - Succesfully shutdown executor service
2021-07-01 01:15:53,757 [Listener at 127.0.0.1/41923] INFO  utils.BackgroundService (BackgroundService.java:shutdown(132)) - Shutting down service KeyDeletingService
2021-07-01 01:15:53,760 [Listener at 127.0.0.1/41923] INFO  handler.ContextHandler (ContextHandler.java:doStop(1154)) - Stopped o.e.j.w.WebAppContext@325a4ac6{ozoneManager,/,null,STOPPED}{file:/home/runner/work/ozone/ozone/mnt/ozone/hadoop-ozone/integration-test/target/test-classes/webapps/ozoneManager}
2021-07-01 01:15:53,760 [Listener at 127.0.0.1/41923] INFO  server.AbstractConnector (AbstractConnector.java:doStop(381)) - Stopped ServerConnector@56be1b09{HTTP/1.1, (http/1.1)}{0.0.0.0:0}
2021-07-01 01:15:53,761 [Listener at 127.0.0.1/41923] INFO  server.session (HouseKeeper.java:stopScavenging(149)) - node0 Stopped scavenging
2021-07-01 01:15:53,761 [Listener at 127.0.0.1/41923] INFO  handler.ContextHandler (ContextHandler.java:doStop(1154)) - Stopped o.e.j.s.ServletContextHandler@f709952{static,/static,file:///home/runner/work/ozone/ozone/mnt/ozone/hadoop-ozone/integration-test/target/test-classes/webapps/static,STOPPED}
2021-07-01 01:15:53,761 [Listener at 127.0.0.1/41923] INFO  handler.ContextHandler (ContextHandler.java:doStop(1154)) - Stopped o.e.j.s.ServletContextHandler@20d7df93{logs,/logs,file:///home/runner/work/ozone/ozone/mnt/ozone/hadoop-ozone/integration-test/target/log,STOPPED}
2021-07-01 01:15:53,764 [Listener at 127.0.0.1/41923] INFO  ozone.MiniOzoneClusterImpl (MiniOzoneClusterImpl.java:stopDatanodes(519)) - Stopping the HddsDatanodes
2021-07-01 01:15:53,995 [Datanode State Machine Thread - 0] INFO  statemachine.DatanodeStateMachine (DatanodeStateMachine.java:lambda$startDaemon$0(430)) - Ozone container server started.
2021-07-01 01:15:54,649 [Datanode State Machine Thread - 0] INFO  statemachine.DatanodeStateMachine (DatanodeStateMachine.java:lambda$startDaemon$0(430)) - Ozone container server started.
2021-07-01 01:15:57,804 [12e155f9-24cd-4496-9fcd-b734ad3c03a4@group-3F477C9B4374-FollowerState] INFO  impl.FollowerState (FollowerState.java:run(134)) - 12e155f9-24cd-4496-9fcd-b734ad3c03a4@group-3F477C9B4374-FollowerState: change to CANDIDATE, lastRpcElapsedTime:5049801274ns, electionTimeout:5040ms
2021-07-01 01:15:57,804 [12e155f9-24cd-4496-9fcd-b734ad3c03a4@group-3F477C9B4374-FollowerState] INFO  impl.RoleInfo (RoleInfo.java:shutdownFollowerState(108)) - 12e155f9-24cd-4496-9fcd-b734ad3c03a4: shutdown 12e155f9-24cd-4496-9fcd-b734ad3c03a4@group-3F477C9B4374-FollowerState
2021-07-01 01:15:57,804 [12e155f9-24cd-4496-9fcd-b734ad3c03a4@group-3F477C9B4374-FollowerState] INFO  server.RaftServer$Division (RaftServerImpl.java:setRole(284)) - 12e155f9-24cd-4496-9fcd-b734ad3c03a4@group-3F477C9B4374: changes role from  FOLLOWER to CANDIDATE at term 5 for changeToCandidate
2021-07-01 01:15:57,804 [12e155f9-24cd-4496-9fcd-b734ad3c03a4@group-3F477C9B4374-FollowerState] INFO  server.RaftServerConfigKeys (ConfUtils.java:logGet(44)) - raft.server.leaderelection.pre-vote = false (custom)
2021-07-01 01:15:57,804 [12e155f9-24cd-4496-9fcd-b734ad3c03a4@group-3F477C9B4374-FollowerState] INFO  impl.RoleInfo (RoleInfo.java:updateAndGet(130)) - 12e155f9-24cd-4496-9fcd-b734ad3c03a4: start 12e155f9-24cd-4496-9fcd-b734ad3c03a4@group-3F477C9B4374-LeaderElection41
2021-07-01 01:15:57,806 [12e155f9-24cd-4496-9fcd-b734ad3c03a4@group-3F477C9B4374-LeaderElection41] INFO  impl.LeaderElection (LeaderElection.java:askForVotes(306)) - 12e155f9-24cd-4496-9fcd-b734ad3c03a4@group-3F477C9B4374-LeaderElection41 ELECTION round 0: submit vote requests at term 6 for 0: [80320f5a-6cd9-4eb7-9dbc-d52eb94c4b51|rpc:10.1.0.5:40669|dataStream:|priority:0, 12e155f9-24cd-4496-9fcd-b734ad3c03a4|rpc:10.1.0.5:37489|dataStream:|priority:1, a8e60af1-b0b5-4e51-add8-0d393ff38b25|rpc:10.1.0.5:37199|dataStream:|priority:0], old=null
2021-07-01 01:15:57,808 [grpc-default-executor-0] INFO  server.RaftServer$Division (RaftServerImpl.java:requestVote(1042)) - 80320f5a-6cd9-4eb7-9dbc-d52eb94c4b51@group-3F477C9B4374: receive requestVote(ELECTION, 12e155f9-24cd-4496-9fcd-b734ad3c03a4, group-3F477C9B4374, 6, (t:2, i:0))
2021-07-01 01:15:57,808 [grpc-default-executor-0] INFO  impl.VoteContext (VoteContext.java:log(48)) - 80320f5a-6cd9-4eb7-9dbc-d52eb94c4b51@group-3F477C9B4374-FOLLOWER: accept ELECTION from 12e155f9-24cd-4496-9fcd-b734ad3c03a4: our last entry null < candidate's last entry (t:2, i:0)
2021-07-01 01:15:57,808 [grpc-default-executor-0] INFO  server.RaftServer$Division (RaftServerImpl.java:setRole(284)) - 80320f5a-6cd9-4eb7-9dbc-d52eb94c4b51@group-3F477C9B4374: changes role from  FOLLOWER to FOLLOWER at term 6 for candidate:12e155f9-24cd-4496-9fcd-b734ad3c03a4
2021-07-01 01:15:57,808 [grpc-default-executor-0] INFO  impl.RoleInfo (RoleInfo.java:shutdownFollowerState(108)) - 80320f5a-6cd9-4eb7-9dbc-d52eb94c4b51: shutdown 80320f5a-6cd9-4eb7-9dbc-d52eb94c4b51@group-3F477C9B4374-FollowerState
2021-07-01 01:15:57,809 [grpc-default-executor-0] INFO  impl.RoleInfo (RoleInfo.java:updateAndGet(130)) - 80320f5a-6cd9-4eb7-9dbc-d52eb94c4b51: start 80320f5a-6cd9-4eb7-9dbc-d52eb94c4b51@group-3F477C9B4374-FollowerState
2021-07-01 01:15:57,809 [80320f5a-6cd9-4eb7-9dbc-d52eb94c4b51@group-3F477C9B4374-FollowerState] INFO  impl.FollowerState (FollowerState.java:run(143)) - 80320f5a-6cd9-4eb7-9dbc-d52eb94c4b51@group-3F477C9B4374-FollowerState was interrupted: {}
java.lang.InterruptedException: sleep interrupted
	at java.lang.Thread.sleep(Native Method)
	at java.lang.Thread.sleep(Thread.java:340)
	at java.util.concurrent.TimeUnit.sleep(TimeUnit.java:386)
	at org.apache.ratis.util.TimeDuration.sleep(TimeDuration.java:324)
	at org.apache.ratis.util.TimeDuration.sleep(TimeDuration.java:309)
	at org.apache.ratis.server.impl.FollowerState.run(FollowerState.java:118)
2021-07-01 01:15:57,809 [grpc-default-executor-3] INFO  server.RaftServer$Division (RaftServerImpl.java:requestVote(1042)) - a8e60af1-b0b5-4e51-add8-0d393ff38b25@group-3F477C9B4374: receive requestVote(ELECTION, 12e155f9-24cd-4496-9fcd-b734ad3c03a4, group-3F477C9B4374, 6, (t:2, i:0))
2021-07-01 01:15:57,809 [grpc-default-executor-3] INFO  impl.VoteContext (VoteContext.java:log(48)) - a8e60af1-b0b5-4e51-add8-0d393ff38b25@group-3F477C9B4374-FOLLOWER: accept ELECTION from 12e155f9-24cd-4496-9fcd-b734ad3c03a4: our last entry null < candidate's last entry (t:2, i:0)
2021-07-01 01:15:57,809 [grpc-default-executor-3] INFO  server.RaftServer$Division (RaftServerImpl.java:setRole(284)) - a8e60af1-b0b5-4e51-add8-0d393ff38b25@group-3F477C9B4374: changes role from  FOLLOWER to FOLLOWER at term 6 for candidate:12e155f9-24cd-4496-9fcd-b734ad3c03a4
2021-07-01 01:15:57,809 [grpc-default-executor-3] INFO  impl.RoleInfo (RoleInfo.java:shutdownFollowerState(108)) - a8e60af1-b0b5-4e51-add8-0d393ff38b25: shutdown a8e60af1-b0b5-4e51-add8-0d393ff38b25@group-3F477C9B4374-FollowerState
2021-07-01 01:15:57,810 [grpc-default-executor-3] INFO  impl.RoleInfo (RoleInfo.java:updateAndGet(130)) - a8e60af1-b0b5-4e51-add8-0d393ff38b25: start a8e60af1-b0b5-4e51-add8-0d393ff38b25@group-3F477C9B4374-FollowerState
2021-07-01 01:15:57,810 [a8e60af1-b0b5-4e51-add8-0d393ff38b25@group-3F477C9B4374-FollowerState] INFO  impl.FollowerState (FollowerState.java:run(143)) - a8e60af1-b0b5-4e51-add8-0d393ff38b25@group-3F477C9B4374-FollowerState was interrupted: {}
java.lang.InterruptedException: sleep interrupted
	at java.lang.Thread.sleep(Native Method)
	at java.lang.Thread.sleep(Thread.java:340)
	at java.util.concurrent.TimeUnit.sleep(TimeUnit.java:386)
	at org.apache.ratis.util.TimeDuration.sleep(TimeDuration.java:324)
	at org.apache.ratis.util.TimeDuration.sleep(TimeDuration.java:309)
	at org.apache.ratis.server.impl.FollowerState.run(FollowerState.java:118)
2021-07-01 01:15:57,811 [grpc-default-executor-3] INFO  server.RaftServer$Division (RaftServerImpl.java:requestVote(1074)) - a8e60af1-b0b5-4e51-add8-0d393ff38b25@group-3F477C9B4374 replies to ELECTION vote request: 12e155f9-24cd-4496-9fcd-b734ad3c03a4<-a8e60af1-b0b5-4e51-add8-0d393ff38b25#0:OK-t6. Peer's state: a8e60af1-b0b5-4e51-add8-0d393ff38b25@group-3F477C9B4374:t6, leader=null, voted=12e155f9-24cd-4496-9fcd-b734ad3c03a4, raftlog=a8e60af1-b0b5-4e51-add8-0d393ff38b25@group-3F477C9B4374-SegmentedRaftLog:OPENED:c-1,f-1,i0, conf=-1: [80320f5a-6cd9-4eb7-9dbc-d52eb94c4b51|rpc:10.1.0.5:40669|priority:0, 12e155f9-24cd-4496-9fcd-b734ad3c03a4|rpc:10.1.0.5:37489|priority:1, a8e60af1-b0b5-4e51-add8-0d393ff38b25|rpc:10.1.0.5:37199|priority:0], old=null
2021-07-01 01:15:57,812 [grpc-default-executor-0] INFO  server.RaftServer$Division (RaftServerImpl.java:requestVote(1074)) - 80320f5a-6cd9-4eb7-9dbc-d52eb94c4b51@group-3F477C9B4374 replies to ELECTION vote request: 12e155f9-24cd-4496-9fcd-b734ad3c03a4<-80320f5a-6cd9-4eb7-9dbc-d52eb94c4b51#0:OK-t6. Peer's state: 80320f5a-6cd9-4eb7-9dbc-d52eb94c4b51@group-3F477C9B4374:t6, leader=null, voted=12e155f9-24cd-4496-9fcd-b734ad3c03a4, raftlog=80320f5a-6cd9-4eb7-9dbc-d52eb94c4b51@group-3F477C9B4374-SegmentedRaftLog:OPENED:c-1,f-1,i0, conf=-1: [80320f5a-6cd9-4eb7-9dbc-d52eb94c4b51|rpc:10.1.0.5:40669|dataStream:|priority:0, 12e155f9-24cd-4496-9fcd-b734ad3c03a4|rpc:10.1.0.5:37489|dataStream:|priority:1, a8e60af1-b0b5-4e51-add8-0d393ff38b25|rpc:10.1.0.5:37199|dataStream:|priority:0], old=null
2021-07-01 01:15:57,815 [12e155f9-24cd-4496-9fcd-b734ad3c03a4@group-3F477C9B4374-LeaderElection41] INFO  impl.LeaderElection (LeaderElection.java:logAndReturn(89)) - 12e155f9-24cd-4496-9fcd-b734ad3c03a4@group-3F477C9B4374-LeaderElection41: ELECTION PASSED received 1 response(s) and 0 exception(s):
2021-07-01 01:15:57,815 [12e155f9-24cd-4496-9fcd-b734ad3c03a4@group-3F477C9B4374-LeaderElection41] INFO  impl.LeaderElection (LeaderElection.java:logAndReturn(93)) -   Response 0: 12e155f9-24cd-4496-9fcd-b734ad3c03a4<-a8e60af1-b0b5-4e51-add8-0d393ff38b25#0:OK-t6
2021-07-01 01:15:57,815 [12e155f9-24cd-4496-9fcd-b734ad3c03a4@group-3F477C9B4374-LeaderElection41] INFO  impl.LeaderElection (LeaderElection.java:askForVotes(308)) - 12e155f9-24cd-4496-9fcd-b734ad3c03a4@group-3F477C9B4374-LeaderElection41 ELECTION round 0: result PASSED
2021-07-01 01:15:57,815 [12e155f9-24cd-4496-9fcd-b734ad3c03a4@group-3F477C9B4374-LeaderElection41] INFO  impl.RoleInfo (RoleInfo.java:shutdownLeaderElection(121)) - 12e155f9-24cd-4496-9fcd-b734ad3c03a4: shutdown 12e155f9-24cd-4496-9fcd-b734ad3c03a4@group-3F477C9B4374-LeaderElection41
2021-07-01 01:15:57,815 [12e155f9-24cd-4496-9fcd-b734ad3c03a4@group-3F477C9B4374-LeaderElection41] INFO  server.RaftServer$Division (RaftServerImpl.java:setRole(284)) - 12e155f9-24cd-4496-9fcd-b734ad3c03a4@group-3F477C9B4374: changes role from CANDIDATE to LEADER at term 6 for changeToLeader
2021-07-01 01:15:57,815 [12e155f9-24cd-4496-9fcd-b734ad3c03a4@group-3F477C9B4374-LeaderElection41] INFO  ratis.XceiverServerRatis (XceiverServerRatis.java:handleLeaderChangedNotification(857)) - Leader change notification received for group: group-3F477C9B4374 with new leaderId: 12e155f9-24cd-4496-9fcd-b734ad3c03a4
2021-07-01 01:15:57,815 [12e155f9-24cd-4496-9fcd-b734ad3c03a4@group-3F477C9B4374-LeaderElection41] INFO  server.RaftServer$Division (ServerState.java:setLeader(271)) - 12e155f9-24cd-4496-9fcd-b734ad3c03a4@group-3F477C9B4374: change Leader from null to 12e155f9-24cd-4496-9fcd-b734ad3c03a4 at term 6 for becomeLeader, leader elected after 15163ms
2021-07-01 01:15:57,817 [12e155f9-24cd-4496-9fcd-b734ad3c03a4@group-3F477C9B4374-LeaderElection41] INFO  server.RaftServerConfigKeys (ConfUtils.java:logGet(44)) - raft.server.staging.catchup.gap = 1000 (default)
2021-07-01 01:15:57,817 [12e155f9-24cd-4496-9fcd-b734ad3c03a4@group-3F477C9B4374-LeaderElection41] INFO  metrics.RatisMetrics (RatisMetrics.java:lambda$create$0(36)) - Creating Metrics Registry : ratis.log_appender.12e155f9-24cd-4496-9fcd-b734ad3c03a4@group-3F477C9B4374
2021-07-01 01:15:57,817 [12e155f9-24cd-4496-9fcd-b734ad3c03a4@group-3F477C9B4374-LeaderElection41] INFO  server.RaftServerConfigKeys (ConfUtils.java:logGet(44)) - raft.server.write.element-limit = 1024 (custom)
2021-07-01 01:15:57,817 [12e155f9-24cd-4496-9fcd-b734ad3c03a4@group-3F477C9B4374-LeaderElection41] INFO  server.RaftServerConfigKeys (ConfUtils.java:logGet(44)) - raft.server.write.byte-limit = 1073741824 (custom)
2021-07-01 01:15:57,817 [12e155f9-24cd-4496-9fcd-b734ad3c03a4@group-3F477C9B4374-LeaderElection41] INFO  server.RaftServerConfigKeys (ConfUtils.java:logGet(44)) - raft.server.watch.timeout = 3000ms (custom)
2021-07-01 01:15:57,817 [12e155f9-24cd-4496-9fcd-b734ad3c03a4@group-3F477C9B4374-LeaderElection41] INFO  server.RaftServerConfigKeys (ConfUtils.java:logGet(44)) - raft.server.watch.timeout.denomination = 1s (default)
2021-07-01 01:15:57,817 [12e155f9-24cd-4496-9fcd-b734ad3c03a4@group-3F477C9B4374-LeaderElection41] INFO  server.RaftServerConfigKeys (ConfUtils.java:logGet(44)) - raft.server.watch.element-limit = 65536 (default)
2021-07-01 01:15:57,818 [12e155f9-24cd-4496-9fcd-b734ad3c03a4@group-3F477C9B4374-LeaderElection41] INFO  server.RaftServerConfigKeys (ConfUtils.java:logGet(44)) - raft.server.log.appender.snapshot.chunk.size.max = 16MB (=16777216) (default)
2021-07-01 01:15:57,818 [12e155f9-24cd-4496-9fcd-b734ad3c03a4@group-3F477C9B4374-LeaderElection41] INFO  server.RaftServerConfigKeys (ConfUtils.java:logGet(44)) - raft.server.log.appender.buffer.byte-limit = 33554432 (custom)
2021-07-01 01:15:57,818 [12e155f9-24cd-4496-9fcd-b734ad3c03a4@group-3F477C9B4374-LeaderElection41] INFO  server.RaftServerConfigKeys (ConfUtils.java:logGet(44)) - raft.server.log.appender.buffer.element-limit = 1 (custom)
2021-07-01 01:15:57,818 [12e155f9-24cd-4496-9fcd-b734ad3c03a4@group-3F477C9B4374-LeaderElection41] INFO  grpc.GrpcConfigKeys (ConfUtils.java:logGet(44)) - raft.grpc.server.leader.outstanding.appends.max = 128 (default)
2021-07-01 01:15:57,818 [12e155f9-24cd-4496-9fcd-b734ad3c03a4@group-3F477C9B4374-LeaderElection41] INFO  server.RaftServerConfigKeys (ConfUtils.java:logGet(44)) - raft.server.rpc.request.timeout = 3000ms (default)
2021-07-01 01:15:57,818 [12e155f9-24cd-4496-9fcd-b734ad3c03a4@group-3F477C9B4374-LeaderElection41] INFO  server.RaftServerConfigKeys (ConfUtils.java:logGet(44)) - raft.server.log.appender.install.snapshot.enabled = false (custom)
2021-07-01 01:15:57,818 [12e155f9-24cd-4496-9fcd-b734ad3c03a4@group-3F477C9B4374-LeaderElection41] INFO  metrics.RatisMetrics (RatisMetrics.java:lambda$create$0(36)) - Creating Metrics Registry : ratis_grpc.log_appender.12e155f9-24cd-4496-9fcd-b734ad3c03a4@group-3F477C9B4374
2021-07-01 01:15:57,819 [12e155f9-24cd-4496-9fcd-b734ad3c03a4@group-3F477C9B4374-LeaderElection41] INFO  server.RaftServerConfigKeys (ConfUtils.java:logGet(44)) - raft.server.log.appender.snapshot.chunk.size.max = 16MB (=16777216) (default)
2021-07-01 01:15:57,819 [12e155f9-24cd-4496-9fcd-b734ad3c03a4@group-3F477C9B4374-LeaderElection41] INFO  server.RaftServerConfigKeys (ConfUtils.java:logGet(44)) - raft.server.log.appender.buffer.byte-limit = 33554432 (custom)
2021-07-01 01:15:57,819 [12e155f9-24cd-4496-9fcd-b734ad3c03a4@group-3F477C9B4374-LeaderElection41] INFO  server.RaftServerConfigKeys (ConfUtils.java:logGet(44)) - raft.server.log.appender.buffer.element-limit = 1 (custom)
2021-07-01 01:15:57,819 [12e155f9-24cd-4496-9fcd-b734ad3c03a4@group-3F477C9B4374-LeaderElection41] INFO  grpc.GrpcConfigKeys (ConfUtils.java:logGet(44)) - raft.grpc.server.leader.outstanding.appends.max = 128 (default)
2021-07-01 01:15:57,819 [12e155f9-24cd-4496-9fcd-b734ad3c03a4@group-3F477C9B4374-LeaderElection41] INFO  server.RaftServerConfigKeys (ConfUtils.java:logGet(44)) - raft.server.rpc.request.timeout = 3000ms (default)
2021-07-01 01:15:57,819 [12e155f9-24cd-4496-9fcd-b734ad3c03a4@group-3F477C9B4374-LeaderElection41] INFO  server.RaftServerConfigKeys (ConfUtils.java:logGet(44)) - raft.server.log.appender.install.snapshot.enabled = false (custom)
2021-07-01 01:15:57,820 [12e155f9-24cd-4496-9fcd-b734ad3c03a4@group-3F477C9B4374-LeaderElection41] INFO  impl.RoleInfo (RoleInfo.java:updateAndGet(130)) - 12e155f9-24cd-4496-9fcd-b734ad3c03a4: start 12e155f9-24cd-4496-9fcd-b734ad3c03a4@group-3F477C9B4374-LeaderStateImpl
2021-07-01 01:15:57,820 [12e155f9-24cd-4496-9fcd-b734ad3c03a4@group-3F477C9B4374-LeaderElection41] INFO  segmented.SegmentedRaftLogWorker (SegmentedRaftLogWorker.java:rollLogSegment(399)) - 12e155f9-24cd-4496-9fcd-b734ad3c03a4@group-3F477C9B4374-SegmentedRaftLogWorker: Rolling segment log-0_0 to index:0
2021-07-01 01:15:57,821 [12e155f9-24cd-4496-9fcd-b734ad3c03a4@group-3F477C9B4374-SegmentedRaftLogWorker] INFO  segmented.SegmentedRaftLogWorker (SegmentedRaftLogWorker.java:execute(558)) - 12e155f9-24cd-4496-9fcd-b734ad3c03a4@group-3F477C9B4374-SegmentedRaftLogWorker: Rolled log segment from /home/runner/work/ozone/ozone/mnt/ozone/hadoop-ozone/integration-test/target/test-dir/MiniOzoneClusterImpl-603eb75f-c0c9-4b57-9906-10dc47a08d14/datanode-1/data/ratis/fc1ed8f0-5d30-4d52-90b2-3f477c9b4374/current/log_inprogress_0 to /home/runner/work/ozone/ozone/mnt/ozone/hadoop-ozone/integration-test/target/test-dir/MiniOzoneClusterImpl-603eb75f-c0c9-4b57-9906-10dc47a08d14/datanode-1/data/ratis/fc1ed8f0-5d30-4d52-90b2-3f477c9b4374/current/log_0-0
2021-07-01 01:15:57,823 [12e155f9-24cd-4496-9fcd-b734ad3c03a4@group-3F477C9B4374-SegmentedRaftLogWorker] INFO  segmented.SegmentedRaftLogWorker (SegmentedRaftLogWorker.java:execute(601)) - 12e155f9-24cd-4496-9fcd-b734ad3c03a4@group-3F477C9B4374-SegmentedRaftLogWorker: created new log segment /home/runner/work/ozone/ozone/mnt/ozone/hadoop-ozone/integration-test/target/test-dir/MiniOzoneClusterImpl-603eb75f-c0c9-4b57-9906-10dc47a08d14/datanode-1/data/ratis/fc1ed8f0-5d30-4d52-90b2-3f477c9b4374/current/log_inprogress_1
2021-07-01 01:15:57,826 [grpc-default-executor-3] INFO  ratis.XceiverServerRatis (XceiverServerRatis.java:handleLeaderChangedNotification(857)) - Leader change notification received for group: group-3F477C9B4374 with new leaderId: 12e155f9-24cd-4496-9fcd-b734ad3c03a4
2021-07-01 01:15:57,826 [grpc-default-executor-3] INFO  server.RaftServer$Division (ServerState.java:setLeader(271)) - 80320f5a-6cd9-4eb7-9dbc-d52eb94c4b51@group-3F477C9B4374: change Leader from null to 12e155f9-24cd-4496-9fcd-b734ad3c03a4 at term 6 for appendEntries, leader elected after 25359ms
2021-07-01 01:15:57,826 [grpc-default-executor-3] INFO  server.RaftServer$Division (RaftServerImpl.java:checkInconsistentAppendEntries(1318)) - 80320f5a-6cd9-4eb7-9dbc-d52eb94c4b51@group-3F477C9B4374: Failed appendEntries as previous log entry ((t:2, i:0)) is not found
2021-07-01 01:15:57,826 [grpc-default-executor-3] INFO  server.RaftServer$Division (RaftServerImpl.java:checkInconsistentAppendEntries(1284)) - 80320f5a-6cd9-4eb7-9dbc-d52eb94c4b51@group-3F477C9B4374: inconsistency entries. Reply:12e155f9-24cd-4496-9fcd-b734ad3c03a4<-80320f5a-6cd9-4eb7-9dbc-d52eb94c4b51#0:FAIL-t6,INCONSISTENCY,nextIndex=0,followerCommit=-1
2021-07-01 01:15:57,827 [12e155f9-24cd-4496-9fcd-b734ad3c03a4@group-3F477C9B4374-LeaderElection41] INFO  server.RaftServer$Division (ServerState.java:setRaftConf(373)) - 12e155f9-24cd-4496-9fcd-b734ad3c03a4@group-3F477C9B4374: set configuration 1: [80320f5a-6cd9-4eb7-9dbc-d52eb94c4b51|rpc:10.1.0.5:40669|dataStream:|priority:0, 12e155f9-24cd-4496-9fcd-b734ad3c03a4|rpc:10.1.0.5:37489|dataStream:|priority:1, a8e60af1-b0b5-4e51-add8-0d393ff38b25|rpc:10.1.0.5:37199|dataStream:|priority:0], old=null
2021-07-01 01:15:57,829 [grpc-default-executor-0] INFO  leader.FollowerInfo (FollowerInfoImpl.java:lambda$new$0(46)) - 12e155f9-24cd-4496-9fcd-b734ad3c03a4@group-3F477C9B4374->80320f5a-6cd9-4eb7-9dbc-d52eb94c4b51: nextIndex: updateUnconditionally 2 -> 0
2021-07-01 01:15:57,830 [grpc-default-executor-3] INFO  server.RaftServer$Division (RaftServerImpl.java:checkInconsistentAppendEntries(1318)) - 80320f5a-6cd9-4eb7-9dbc-d52eb94c4b51@group-3F477C9B4374: Failed appendEntries as previous log entry ((t:2, i:0)) is not found
2021-07-01 01:15:57,830 [grpc-default-executor-3] INFO  server.RaftServer$Division (RaftServerImpl.java:checkInconsistentAppendEntries(1284)) - 80320f5a-6cd9-4eb7-9dbc-d52eb94c4b51@group-3F477C9B4374: inconsistency entries. Reply:12e155f9-24cd-4496-9fcd-b734ad3c03a4<-80320f5a-6cd9-4eb7-9dbc-d52eb94c4b51#1:FAIL-t6,INCONSISTENCY,nextIndex=0,followerCommit=-1
2021-07-01 01:15:57,831 [grpc-default-executor-4] INFO  leader.FollowerInfo (FollowerInfoImpl.java:lambda$new$0(46)) - 12e155f9-24cd-4496-9fcd-b734ad3c03a4@group-3F477C9B4374->80320f5a-6cd9-4eb7-9dbc-d52eb94c4b51: nextIndex: updateUnconditionally 2 -> 0
2021-07-01 01:15:57,833 [grpc-default-executor-4] INFO  ratis.XceiverServerRatis (XceiverServerRatis.java:handleLeaderChangedNotification(857)) - Leader change notification received for group: group-3F477C9B4374 with new leaderId: 12e155f9-24cd-4496-9fcd-b734ad3c03a4
2021-07-01 01:15:57,833 [grpc-default-executor-4] INFO  server.RaftServer$Division (ServerState.java:setLeader(271)) - a8e60af1-b0b5-4e51-add8-0d393ff38b25@group-3F477C9B4374: change Leader from null to 12e155f9-24cd-4496-9fcd-b734ad3c03a4 at term 6 for appendEntries, leader elected after 25440ms
2021-07-01 01:15:57,833 [grpc-default-executor-4] INFO  server.RaftServer$Division (RaftServerImpl.java:checkInconsistentAppendEntries(1318)) - a8e60af1-b0b5-4e51-add8-0d393ff38b25@group-3F477C9B4374: Failed appendEntries as previous log entry ((t:2, i:0)) is not found
2021-07-01 01:15:57,833 [grpc-default-executor-4] INFO  server.RaftServer$Division (RaftServerImpl.java:checkInconsistentAppendEntries(1284)) - a8e60af1-b0b5-4e51-add8-0d393ff38b25@group-3F477C9B4374: inconsistency entries. Reply:12e155f9-24cd-4496-9fcd-b734ad3c03a4<-a8e60af1-b0b5-4e51-add8-0d393ff38b25#0:FAIL-t6,INCONSISTENCY,nextIndex=0,followerCommit=-1
2021-07-01 01:15:57,835 [grpc-default-executor-3] INFO  server.RaftServer$Division (ServerState.java:setRaftConf(373)) - 80320f5a-6cd9-4eb7-9dbc-d52eb94c4b51@group-3F477C9B4374: set configuration 0: [80320f5a-6cd9-4eb7-9dbc-d52eb94c4b51|rpc:10.1.0.5:40669|dataStream:|priority:0, 12e155f9-24cd-4496-9fcd-b734ad3c03a4|rpc:10.1.0.5:37489|dataStream:|priority:1, a8e60af1-b0b5-4e51-add8-0d393ff38b25|rpc:10.1.0.5:37199|dataStream:|priority:0], old=null
2021-07-01 01:15:57,836 [grpc-default-executor-3] INFO  segmented.SegmentedRaftLogWorker (SegmentedRaftLogWorker.java:startLogSegment(394)) - 80320f5a-6cd9-4eb7-9dbc-d52eb94c4b51@group-3F477C9B4374-SegmentedRaftLogWorker: Starting segment from index:0
2021-07-01 01:15:57,836 [grpc-default-executor-4] INFO  leader.FollowerInfo (FollowerInfoImpl.java:lambda$new$0(46)) - 12e155f9-24cd-4496-9fcd-b734ad3c03a4@group-3F477C9B4374->a8e60af1-b0b5-4e51-add8-0d393ff38b25: nextIndex: updateUnconditionally 1 -> 0
2021-07-01 01:15:57,837 [80320f5a-6cd9-4eb7-9dbc-d52eb94c4b51@group-3F477C9B4374-SegmentedRaftLogWorker] INFO  segmented.SegmentedRaftLogWorker (SegmentedRaftLogWorker.java:execute(601)) - 80320f5a-6cd9-4eb7-9dbc-d52eb94c4b51@group-3F477C9B4374-SegmentedRaftLogWorker: created new log segment /home/runner/work/ozone/ozone/mnt/ozone/hadoop-ozone/integration-test/target/test-dir/MiniOzoneClusterImpl-603eb75f-c0c9-4b57-9906-10dc47a08d14/datanode-2/data/ratis/fc1ed8f0-5d30-4d52-90b2-3f477c9b4374/current/log_inprogress_0
2021-07-01 01:15:57,844 [grpc-default-executor-4] INFO  server.RaftServer$Division (ServerState.java:setRaftConf(373)) - a8e60af1-b0b5-4e51-add8-0d393ff38b25@group-3F477C9B4374: set configuration 0: [80320f5a-6cd9-4eb7-9dbc-d52eb94c4b51|rpc:10.1.0.5:40669|dataStream:|priority:0, 12e155f9-24cd-4496-9fcd-b734ad3c03a4|rpc:10.1.0.5:37489|dataStream:|priority:1, a8e60af1-b0b5-4e51-add8-0d393ff38b25|rpc:10.1.0.5:37199|dataStream:|priority:0], old=null
2021-07-01 01:15:57,844 [grpc-default-executor-4] INFO  segmented.SegmentedRaftLogWorker (SegmentedRaftLogWorker.java:startLogSegment(394)) - a8e60af1-b0b5-4e51-add8-0d393ff38b25@group-3F477C9B4374-SegmentedRaftLogWorker: Starting segment from index:0
2021-07-01 01:15:57,849 [grpc-default-executor-4] INFO  server.RaftServer$Division (ServerState.java:setRaftConf(373)) - a8e60af1-b0b5-4e51-add8-0d393ff38b25@group-3F477C9B4374: set configuration 1: [80320f5a-6cd9-4eb7-9dbc-d52eb94c4b51|rpc:10.1.0.5:40669|dataStream:|priority:0, 12e155f9-24cd-4496-9fcd-b734ad3c03a4|rpc:10.1.0.5:37489|dataStream:|priority:1, a8e60af1-b0b5-4e51-add8-0d393ff38b25|rpc:10.1.0.5:37199|dataStream:|priority:0], old=null
2021-07-01 01:15:57,849 [a8e60af1-b0b5-4e51-add8-0d393ff38b25@group-3F477C9B4374-SegmentedRaftLogWorker] INFO  segmented.SegmentedRaftLogWorker (SegmentedRaftLogWorker.java:execute(601)) - a8e60af1-b0b5-4e51-add8-0d393ff38b25@group-3F477C9B4374-SegmentedRaftLogWorker: created new log segment /home/runner/work/ozone/ozone/mnt/ozone/hadoop-ozone/integration-test/target/test-dir/MiniOzoneClusterImpl-603eb75f-c0c9-4b57-9906-10dc47a08d14/datanode-0/data/ratis/fc1ed8f0-5d30-4d52-90b2-3f477c9b4374/current/log_inprogress_0
2021-07-01 01:15:57,850 [grpc-default-executor-4] INFO  segmented.SegmentedRaftLogWorker (SegmentedRaftLogWorker.java:rollLogSegment(399)) - a8e60af1-b0b5-4e51-add8-0d393ff38b25@group-3F477C9B4374-SegmentedRaftLogWorker: Rolling segment log-0_0 to index:0
2021-07-01 01:15:57,851 [grpc-default-executor-3] INFO  server.RaftServer$Division (ServerState.java:setRaftConf(373)) - 80320f5a-6cd9-4eb7-9dbc-d52eb94c4b51@group-3F477C9B4374: set configuration 1: [80320f5a-6cd9-4eb7-9dbc-d52eb94c4b51|rpc:10.1.0.5:40669|dataStream:|priority:0, 12e155f9-24cd-4496-9fcd-b734ad3c03a4|rpc:10.1.0.5:37489|dataStream:|priority:1, a8e60af1-b0b5-4e51-add8-0d393ff38b25|rpc:10.1.0.5:37199|dataStream:|priority:0], old=null
2021-07-01 01:15:57,852 [grpc-default-executor-3] INFO  segmented.SegmentedRaftLogWorker (SegmentedRaftLogWorker.java:rollLogSegment(399)) - 80320f5a-6cd9-4eb7-9dbc-d52eb94c4b51@group-3F477C9B4374-SegmentedRaftLogWorker: Rolling segment log-0_0 to index:0
2021-07-01 01:15:57,852 [80320f5a-6cd9-4eb7-9dbc-d52eb94c4b51@group-3F477C9B4374-SegmentedRaftLogWorker] INFO  segmented.SegmentedRaftLogWorker (SegmentedRaftLogWorker.java:execute(558)) - 80320f5a-6cd9-4eb7-9dbc-d52eb94c4b51@group-3F477C9B4374-SegmentedRaftLogWorker: Rolled log segment from /home/runner/work/ozone/ozone/mnt/ozone/hadoop-ozone/integration-test/target/test-dir/MiniOzoneClusterImpl-603eb75f-c0c9-4b57-9906-10dc47a08d14/datanode-2/data/ratis/fc1ed8f0-5d30-4d52-90b2-3f477c9b4374/current/log_inprogress_0 to /home/runner/work/ozone/ozone/mnt/ozone/hadoop-ozone/integration-test/target/test-dir/MiniOzoneClusterImpl-603eb75f-c0c9-4b57-9906-10dc47a08d14/datanode-2/data/ratis/fc1ed8f0-5d30-4d52-90b2-3f477c9b4374/current/log_0-0
2021-07-01 01:15:57,853 [grpc-default-executor-3] INFO  server.RaftServer$Division (ServerState.java:setRaftConf(373)) - 80320f5a-6cd9-4eb7-9dbc-d52eb94c4b51@group-3F477C9B4374: set configuration 0: [80320f5a-6cd9-4eb7-9dbc-d52eb94c4b51|rpc:10.1.0.5:40669|dataStream:|priority:0, 12e155f9-24cd-4496-9fcd-b734ad3c03a4|rpc:10.1.0.5:37489|dataStream:|priority:1, a8e60af1-b0b5-4e51-add8-0d393ff38b25|rpc:10.1.0.5:37199|dataStream:|priority:0], old=null
2021-07-01 01:15:57,853 [80320f5a-6cd9-4eb7-9dbc-d52eb94c4b51@group-3F477C9B4374-SegmentedRaftLogWorker] INFO  segmented.SegmentedRaftLogWorker (SegmentedRaftLogWorker.java:execute(601)) - 80320f5a-6cd9-4eb7-9dbc-d52eb94c4b51@group-3F477C9B4374-SegmentedRaftLogWorker: created new log segment /home/runner/work/ozone/ozone/mnt/ozone/hadoop-ozone/integration-test/target/test-dir/MiniOzoneClusterImpl-603eb75f-c0c9-4b57-9906-10dc47a08d14/datanode-2/data/ratis/fc1ed8f0-5d30-4d52-90b2-3f477c9b4374/current/log_inprogress_1
2021-07-01 01:15:57,854 [a8e60af1-b0b5-4e51-add8-0d393ff38b25@group-3F477C9B4374-SegmentedRaftLogWorker] INFO  segmented.SegmentedRaftLogWorker (SegmentedRaftLogWorker.java:execute(558)) - a8e60af1-b0b5-4e51-add8-0d393ff38b25@group-3F477C9B4374-SegmentedRaftLogWorker: Rolled log segment from /home/runner/work/ozone/ozone/mnt/ozone/hadoop-ozone/integration-test/target/test-dir/MiniOzoneClusterImpl-603eb75f-c0c9-4b57-9906-10dc47a08d14/datanode-0/data/ratis/fc1ed8f0-5d30-4d52-90b2-3f477c9b4374/current/log_inprogress_0 to /home/runner/work/ozone/ozone/mnt/ozone/hadoop-ozone/integration-test/target/test-dir/MiniOzoneClusterImpl-603eb75f-c0c9-4b57-9906-10dc47a08d14/datanode-0/data/ratis/fc1ed8f0-5d30-4d52-90b2-3f477c9b4374/current/log_0-0
2021-07-01 01:15:57,855 [a8e60af1-b0b5-4e51-add8-0d393ff38b25@group-3F477C9B4374-SegmentedRaftLogWorker] INFO  segmented.SegmentedRaftLogWorker (SegmentedRaftLogWorker.java:execute(601)) - a8e60af1-b0b5-4e51-add8-0d393ff38b25@group-3F477C9B4374-SegmentedRaftLogWorker: created new log segment /home/runner/work/ozone/ozone/mnt/ozone/hadoop-ozone/integration-test/target/test-dir/MiniOzoneClusterImpl-603eb75f-c0c9-4b57-9906-10dc47a08d14/datanode-0/data/ratis/fc1ed8f0-5d30-4d52-90b2-3f477c9b4374/current/log_inprogress_1
2021-07-01 01:15:57,859 [grpc-default-executor-3] INFO  server.RaftServer$Division (ServerState.java:setRaftConf(373)) - 80320f5a-6cd9-4eb7-9dbc-d52eb94c4b51@group-3F477C9B4374: set configuration 1: [80320f5a-6cd9-4eb7-9dbc-d52eb94c4b51|rpc:10.1.0.5:40669|dataStream:|priority:0, 12e155f9-24cd-4496-9fcd-b734ad3c03a4|rpc:10.1.0.5:37489|dataStream:|priority:1, a8e60af1-b0b5-4e51-add8-0d393ff38b25|rpc:10.1.0.5:37199|dataStream:|priority:0], old=null
2021-07-01 01:15:58,159 [afb2815f-4716-48e6-854f-3875e38e9fce@group-222541F4572F-FollowerState] INFO  impl.FollowerState (FollowerState.java:run(134)) - afb2815f-4716-48e6-854f-3875e38e9fce@group-222541F4572F-FollowerState: change to CANDIDATE, lastRpcElapsedTime:5089558962ns, electionTimeout:5088ms
2021-07-01 01:15:58,159 [afb2815f-4716-48e6-854f-3875e38e9fce@group-222541F4572F-FollowerState] INFO  impl.RoleInfo (RoleInfo.java:shutdownFollowerState(108)) - afb2815f-4716-48e6-854f-3875e38e9fce: shutdown afb2815f-4716-48e6-854f-3875e38e9fce@group-222541F4572F-FollowerState
2021-07-01 01:15:58,159 [afb2815f-4716-48e6-854f-3875e38e9fce@group-222541F4572F-FollowerState] INFO  server.RaftServer$Division (RaftServerImpl.java:setRole(284)) - afb2815f-4716-48e6-854f-3875e38e9fce@group-222541F4572F: changes role from  FOLLOWER to CANDIDATE at term 4 for changeToCandidate
2021-07-01 01:15:58,159 [afb2815f-4716-48e6-854f-3875e38e9fce@group-222541F4572F-FollowerState] INFO  server.RaftServerConfigKeys (ConfUtils.java:logGet(44)) - raft.server.leaderelection.pre-vote = false (custom)
2021-07-01 01:15:58,159 [afb2815f-4716-48e6-854f-3875e38e9fce@group-222541F4572F-FollowerState] INFO  impl.RoleInfo (RoleInfo.java:updateAndGet(130)) - afb2815f-4716-48e6-854f-3875e38e9fce: start afb2815f-4716-48e6-854f-3875e38e9fce@group-222541F4572F-LeaderElection42
2021-07-01 01:15:58,161 [afb2815f-4716-48e6-854f-3875e38e9fce@group-222541F4572F-LeaderElection42] INFO  impl.LeaderElection (LeaderElection.java:askForVotes(306)) - afb2815f-4716-48e6-854f-3875e38e9fce@group-222541F4572F-LeaderElection42 ELECTION round 0: submit vote requests at term 5 for -1: [81b856d9-9a36-4380-a413-e28ef77684bb|rpc:10.1.0.5:42305|dataStream:|priority:0, afb2815f-4716-48e6-854f-3875e38e9fce|rpc:10.1.0.5:44723|dataStream:|priority:1, c748cb90-cadf-4a6f-b345-cd4c71c9d1a6|rpc:10.1.0.5:37099|dataStream:|priority:0], old=null
2021-07-01 01:15:58,171 [grpc-default-executor-3] INFO  server.RaftServer$Division (RaftServerImpl.java:requestVote(1042)) - c748cb90-cadf-4a6f-b345-cd4c71c9d1a6@group-222541F4572F: receive requestVote(ELECTION, afb2815f-4716-48e6-854f-3875e38e9fce, group-222541F4572F, 5, (t:0, i:0))
2021-07-01 01:15:58,171 [grpc-default-executor-3] INFO  impl.VoteContext (VoteContext.java:log(48)) - c748cb90-cadf-4a6f-b345-cd4c71c9d1a6@group-222541F4572F-FOLLOWER: accept ELECTION from afb2815f-4716-48e6-854f-3875e38e9fce: our priority 0 <= candidate's priority 1
2021-07-01 01:15:58,171 [grpc-default-executor-3] INFO  server.RaftServer$Division (RaftServerImpl.java:setRole(284)) - c748cb90-cadf-4a6f-b345-cd4c71c9d1a6@group-222541F4572F: changes role from  FOLLOWER to FOLLOWER at term 5 for candidate:afb2815f-4716-48e6-854f-3875e38e9fce
2021-07-01 01:15:58,171 [grpc-default-executor-3] INFO  impl.RoleInfo (RoleInfo.java:shutdownFollowerState(108)) - c748cb90-cadf-4a6f-b345-cd4c71c9d1a6: shutdown c748cb90-cadf-4a6f-b345-cd4c71c9d1a6@group-222541F4572F-FollowerState
2021-07-01 01:15:58,171 [grpc-default-executor-3] INFO  impl.RoleInfo (RoleInfo.java:updateAndGet(130)) - c748cb90-cadf-4a6f-b345-cd4c71c9d1a6: start c748cb90-cadf-4a6f-b345-cd4c71c9d1a6@group-222541F4572F-FollowerState
2021-07-01 01:15:58,171 [c748cb90-cadf-4a6f-b345-cd4c71c9d1a6@group-222541F4572F-FollowerState] INFO  impl.FollowerState (FollowerState.java:run(143)) - c748cb90-cadf-4a6f-b345-cd4c71c9d1a6@group-222541F4572F-FollowerState was interrupted: {}
java.lang.InterruptedException: sleep interrupted
	at java.lang.Thread.sleep(Native Method)
	at java.lang.Thread.sleep(Thread.java:340)
	at java.util.concurrent.TimeUnit.sleep(TimeUnit.java:386)
	at org.apache.ratis.util.TimeDuration.sleep(TimeDuration.java:324)
	at org.apache.ratis.util.TimeDuration.sleep(TimeDuration.java:309)
	at org.apache.ratis.server.impl.FollowerState.run(FollowerState.java:118)
2021-07-01 01:15:58,172 [grpc-default-executor-4] INFO  server.RaftServer$Division (RaftServerImpl.java:requestVote(1042)) - 81b856d9-9a36-4380-a413-e28ef77684bb@group-222541F4572F: receive requestVote(ELECTION, afb2815f-4716-48e6-854f-3875e38e9fce, group-222541F4572F, 5, (t:0, i:0))
2021-07-01 01:15:58,172 [grpc-default-executor-4] INFO  impl.VoteContext (VoteContext.java:log(48)) - 81b856d9-9a36-4380-a413-e28ef77684bb@group-222541F4572F-FOLLOWER: accept ELECTION from afb2815f-4716-48e6-854f-3875e38e9fce: our priority 0 <= candidate's priority 1
2021-07-01 01:15:58,172 [grpc-default-executor-4] INFO  server.RaftServer$Division (RaftServerImpl.java:setRole(284)) - 81b856d9-9a36-4380-a413-e28ef77684bb@group-222541F4572F: changes role from  FOLLOWER to FOLLOWER at term 5 for candidate:afb2815f-4716-48e6-854f-3875e38e9fce
2021-07-01 01:15:58,172 [grpc-default-executor-4] INFO  impl.RoleInfo (RoleInfo.java:shutdownFollowerState(108)) - 81b856d9-9a36-4380-a413-e28ef77684bb: shutdown 81b856d9-9a36-4380-a413-e28ef77684bb@group-222541F4572F-FollowerState
2021-07-01 01:15:58,172 [grpc-default-executor-4] INFO  impl.RoleInfo (RoleInfo.java:updateAndGet(130)) - 81b856d9-9a36-4380-a413-e28ef77684bb: start 81b856d9-9a36-4380-a413-e28ef77684bb@group-222541F4572F-FollowerState
2021-07-01 01:15:58,172 [grpc-default-executor-3] INFO  server.RaftServer$Division (RaftServerImpl.java:requestVote(1074)) - c748cb90-cadf-4a6f-b345-cd4c71c9d1a6@group-222541F4572F replies to ELECTION vote request: afb2815f-4716-48e6-854f-3875e38e9fce<-c748cb90-cadf-4a6f-b345-cd4c71c9d1a6#0:OK-t5. Peer's state: c748cb90-cadf-4a6f-b345-cd4c71c9d1a6@group-222541F4572F:t5, leader=null, voted=afb2815f-4716-48e6-854f-3875e38e9fce, raftlog=c748cb90-cadf-4a6f-b345-cd4c71c9d1a6@group-222541F4572F-SegmentedRaftLog:OPENED:c-1,f-1,i0, conf=-1: [81b856d9-9a36-4380-a413-e28ef77684bb|rpc:10.1.0.5:42305|dataStream:|priority:0, afb2815f-4716-48e6-854f-3875e38e9fce|rpc:10.1.0.5:44723|dataStream:|priority:1, c748cb90-cadf-4a6f-b345-cd4c71c9d1a6|rpc:10.1.0.5:37099|dataStream:|priority:0], old=null
2021-07-01 01:15:58,172 [81b856d9-9a36-4380-a413-e28ef77684bb@group-222541F4572F-FollowerState] INFO  impl.FollowerState (FollowerState.java:run(143)) - 81b856d9-9a36-4380-a413-e28ef77684bb@group-222541F4572F-FollowerState was interrupted: {}
java.lang.InterruptedException: sleep interrupted
	at java.lang.Thread.sleep(Native Method)
	at java.lang.Thread.sleep(Thread.java:340)
	at java.util.concurrent.TimeUnit.sleep(TimeUnit.java:386)
	at org.apache.ratis.util.TimeDuration.sleep(TimeDuration.java:324)
	at org.apache.ratis.util.TimeDuration.sleep(TimeDuration.java:309)
	at org.apache.ratis.server.impl.FollowerState.run(FollowerState.java:118)
2021-07-01 01:15:58,178 [afb2815f-4716-48e6-854f-3875e38e9fce@group-222541F4572F-LeaderElection42] INFO  impl.LeaderElection (LeaderElection.java:logAndReturn(89)) - afb2815f-4716-48e6-854f-3875e38e9fce@group-222541F4572F-LeaderElection42: ELECTION PASSED received 1 response(s) and 0 exception(s):
2021-07-01 01:15:58,179 [afb2815f-4716-48e6-854f-3875e38e9fce@group-222541F4572F-LeaderElection42] INFO  impl.LeaderElection (LeaderElection.java:logAndReturn(93)) -   Response 0: afb2815f-4716-48e6-854f-3875e38e9fce<-c748cb90-cadf-4a6f-b345-cd4c71c9d1a6#0:OK-t5
2021-07-01 01:15:58,179 [afb2815f-4716-48e6-854f-3875e38e9fce@group-222541F4572F-LeaderElection42] INFO  impl.LeaderElection (LeaderElection.java:askForVotes(308)) - afb2815f-4716-48e6-854f-3875e38e9fce@group-222541F4572F-LeaderElection42 ELECTION round 0: result PASSED
2021-07-01 01:15:58,179 [afb2815f-4716-48e6-854f-3875e38e9fce@group-222541F4572F-LeaderElection42] INFO  impl.RoleInfo (RoleInfo.java:shutdownLeaderElection(121)) - afb2815f-4716-48e6-854f-3875e38e9fce: shutdown afb2815f-4716-48e6-854f-3875e38e9fce@group-222541F4572F-LeaderElection42
2021-07-01 01:15:58,180 [grpc-default-executor-4] INFO  server.RaftServer$Division (RaftServerImpl.java:requestVote(1074)) - 81b856d9-9a36-4380-a413-e28ef77684bb@group-222541F4572F replies to ELECTION vote request: afb2815f-4716-48e6-854f-3875e38e9fce<-81b856d9-9a36-4380-a413-e28ef77684bb#0:OK-t5. Peer's state: 81b856d9-9a36-4380-a413-e28ef77684bb@group-222541F4572F:t5, leader=null, voted=afb2815f-4716-48e6-854f-3875e38e9fce, raftlog=81b856d9-9a36-4380-a413-e28ef77684bb@group-222541F4572F-SegmentedRaftLog:OPENED:c-1,f-1,i0, conf=-1: [81b856d9-9a36-4380-a413-e28ef77684bb|rpc:10.1.0.5:42305|priority:0, afb2815f-4716-48e6-854f-3875e38e9fce|rpc:10.1.0.5:44723|priority:1, c748cb90-cadf-4a6f-b345-cd4c71c9d1a6|rpc:10.1.0.5:37099|priority:0], old=null
2021-07-01 01:15:58,180 [afb2815f-4716-48e6-854f-3875e38e9fce@group-222541F4572F-LeaderElection42] INFO  server.RaftServer$Division (RaftServerImpl.java:setRole(284)) - afb2815f-4716-48e6-854f-3875e38e9fce@group-222541F4572F: changes role from CANDIDATE to LEADER at term 5 for changeToLeader
2021-07-01 01:15:58,180 [afb2815f-4716-48e6-854f-3875e38e9fce@group-222541F4572F-LeaderElection42] INFO  ratis.XceiverServerRatis (XceiverServerRatis.java:handleLeaderChangedNotification(857)) - Leader change notification received for group: group-222541F4572F with new leaderId: afb2815f-4716-48e6-854f-3875e38e9fce
2021-07-01 01:15:58,180 [afb2815f-4716-48e6-854f-3875e38e9fce@group-222541F4572F-LeaderElection42] INFO  server.RaftServer$Division (ServerState.java:setLeader(271)) - afb2815f-4716-48e6-854f-3875e38e9fce@group-222541F4572F: change Leader from null to afb2815f-4716-48e6-854f-3875e38e9fce at term 5 for becomeLeader, leader elected after 25378ms
2021-07-01 01:15:58,180 [afb2815f-4716-48e6-854f-3875e38e9fce@group-222541F4572F-LeaderElection42] INFO  server.RaftServerConfigKeys (ConfUtils.java:logGet(44)) - raft.server.staging.catchup.gap = 1000 (default)
2021-07-01 01:15:58,180 [afb2815f-4716-48e6-854f-3875e38e9fce@group-222541F4572F-LeaderElection42] INFO  metrics.RatisMetrics (RatisMetrics.java:lambda$create$0(36)) - Creating Metrics Registry : ratis.log_appender.afb2815f-4716-48e6-854f-3875e38e9fce@group-222541F4572F
2021-07-01 01:15:58,180 [afb2815f-4716-48e6-854f-3875e38e9fce@group-222541F4572F-LeaderElection42] INFO  server.RaftServerConfigKeys (ConfUtils.java:logGet(44)) - raft.server.write.element-limit = 1024 (custom)
2021-07-01 01:15:58,180 [afb2815f-4716-48e6-854f-3875e38e9fce@group-222541F4572F-LeaderElection42] INFO  server.RaftServerConfigKeys (ConfUtils.java:logGet(44)) - raft.server.write.byte-limit = 1073741824 (custom)
2021-07-01 01:15:58,181 [afb2815f-4716-48e6-854f-3875e38e9fce@group-222541F4572F-LeaderElection42] INFO  server.RaftServerConfigKeys (ConfUtils.java:logGet(44)) - raft.server.watch.timeout = 3000ms (custom)
2021-07-01 01:15:58,181 [afb2815f-4716-48e6-854f-3875e38e9fce@group-222541F4572F-LeaderElection42] INFO  server.RaftServerConfigKeys (ConfUtils.java:logGet(44)) - raft.server.watch.timeout.denomination = 1s (default)
2021-07-01 01:15:58,181 [afb2815f-4716-48e6-854f-3875e38e9fce@group-222541F4572F-LeaderElection42] INFO  server.RaftServerConfigKeys (ConfUtils.java:logGet(44)) - raft.server.watch.element-limit = 65536 (default)
2021-07-01 01:15:58,181 [afb2815f-4716-48e6-854f-3875e38e9fce@group-222541F4572F-LeaderElection42] INFO  server.RaftServerConfigKeys (ConfUtils.java:logGet(44)) - raft.server.log.appender.snapshot.chunk.size.max = 16MB (=16777216) (default)
2021-07-01 01:15:58,181 [afb2815f-4716-48e6-854f-3875e38e9fce@group-222541F4572F-LeaderElection42] INFO  server.RaftServerConfigKeys (ConfUtils.java:logGet(44)) - raft.server.log.appender.buffer.byte-limit = 33554432 (custom)
2021-07-01 01:15:58,181 [afb2815f-4716-48e6-854f-3875e38e9fce@group-222541F4572F-LeaderElection42] INFO  server.RaftServerConfigKeys (ConfUtils.java:logGet(44)) - raft.server.log.appender.buffer.element-limit = 1 (custom)
2021-07-01 01:15:58,181 [afb2815f-4716-48e6-854f-3875e38e9fce@group-222541F4572F-LeaderElection42] INFO  grpc.GrpcConfigKeys (ConfUtils.java:logGet(44)) - raft.grpc.server.leader.outstanding.appends.max = 128 (default)
2021-07-01 01:15:58,181 [afb2815f-4716-48e6-854f-3875e38e9fce@group-222541F4572F-LeaderElection42] INFO  server.RaftServerConfigKeys (ConfUtils.java:logGet(44)) - raft.server.rpc.request.timeout = 3000ms (default)
2021-07-01 01:15:58,181 [afb2815f-4716-48e6-854f-3875e38e9fce@group-222541F4572F-LeaderElection42] INFO  server.RaftServerConfigKeys (ConfUtils.java:logGet(44)) - raft.server.log.appender.install.snapshot.enabled = false (custom)
2021-07-01 01:15:58,181 [afb2815f-4716-48e6-854f-3875e38e9fce@group-222541F4572F-LeaderElection42] INFO  metrics.RatisMetrics (RatisMetrics.java:lambda$create$0(36)) - Creating Metrics Registry : ratis_grpc.log_appender.afb2815f-4716-48e6-854f-3875e38e9fce@group-222541F4572F
2021-07-01 01:15:58,182 [afb2815f-4716-48e6-854f-3875e38e9fce@group-222541F4572F-LeaderElection42] INFO  server.RaftServerConfigKeys (ConfUtils.java:logGet(44)) - raft.server.log.appender.snapshot.chunk.size.max = 16MB (=16777216) (default)
2021-07-01 01:15:58,182 [afb2815f-4716-48e6-854f-3875e38e9fce@group-222541F4572F-LeaderElection42] INFO  server.RaftServerConfigKeys (ConfUtils.java:logGet(44)) - raft.server.log.appender.buffer.byte-limit = 33554432 (custom)
2021-07-01 01:15:58,182 [afb2815f-4716-48e6-854f-3875e38e9fce@group-222541F4572F-LeaderElection42] INFO  server.RaftServerConfigKeys (ConfUtils.java:logGet(44)) - raft.server.log.appender.buffer.element-limit = 1 (custom)
2021-07-01 01:15:58,182 [afb2815f-4716-48e6-854f-3875e38e9fce@group-222541F4572F-LeaderElection42] INFO  grpc.GrpcConfigKeys (ConfUtils.java:logGet(44)) - raft.grpc.server.leader.outstanding.appends.max = 128 (default)
2021-07-01 01:15:58,182 [afb2815f-4716-48e6-854f-3875e38e9fce@group-222541F4572F-LeaderElection42] INFO  server.RaftServerConfigKeys (ConfUtils.java:logGet(44)) - raft.server.rpc.request.timeout = 3000ms (default)
2021-07-01 01:15:58,182 [afb2815f-4716-48e6-854f-3875e38e9fce@group-222541F4572F-LeaderElection42] INFO  server.RaftServerConfigKeys (ConfUtils.java:logGet(44)) - raft.server.log.appender.install.snapshot.enabled = false (custom)
2021-07-01 01:15:58,183 [afb2815f-4716-48e6-854f-3875e38e9fce@group-222541F4572F-LeaderElection42] INFO  impl.RoleInfo (RoleInfo.java:updateAndGet(130)) - afb2815f-4716-48e6-854f-3875e38e9fce: start afb2815f-4716-48e6-854f-3875e38e9fce@group-222541F4572F-LeaderStateImpl
2021-07-01 01:15:58,185 [afb2815f-4716-48e6-854f-3875e38e9fce@group-222541F4572F-LeaderElection42] INFO  segmented.SegmentedRaftLogWorker (SegmentedRaftLogWorker.java:startLogSegment(394)) - afb2815f-4716-48e6-854f-3875e38e9fce@group-222541F4572F-SegmentedRaftLogWorker: Starting segment from index:0
2021-07-01 01:15:58,187 [afb2815f-4716-48e6-854f-3875e38e9fce@group-222541F4572F-SegmentedRaftLogWorker] INFO  segmented.SegmentedRaftLogWorker (SegmentedRaftLogWorker.java:execute(601)) - afb2815f-4716-48e6-854f-3875e38e9fce@group-222541F4572F-SegmentedRaftLogWorker: created new log segment /home/runner/work/ozone/ozone/mnt/ozone/hadoop-ozone/integration-test/target/test-dir/MiniOzoneClusterImpl-603eb75f-c0c9-4b57-9906-10dc47a08d14/datanode-4/data/ratis/ac5b330d-a48d-4cf7-83ac-222541f4572f/current/log_inprogress_0
2021-07-01 01:15:58,194 [afb2815f-4716-48e6-854f-3875e38e9fce@group-222541F4572F-LeaderElection42] INFO  server.RaftServer$Division (ServerState.java:setRaftConf(373)) - afb2815f-4716-48e6-854f-3875e38e9fce@group-222541F4572F: set configuration 0: [81b856d9-9a36-4380-a413-e28ef77684bb|rpc:10.1.0.5:42305|dataStream:|priority:0, afb2815f-4716-48e6-854f-3875e38e9fce|rpc:10.1.0.5:44723|dataStream:|priority:1, c748cb90-cadf-4a6f-b345-cd4c71c9d1a6|rpc:10.1.0.5:37099|dataStream:|priority:0], old=null
2021-07-01 01:15:58,198 [grpc-default-executor-3] INFO  ratis.XceiverServerRatis (XceiverServerRatis.java:handleLeaderChangedNotification(857)) - Leader change notification received for group: group-222541F4572F with new leaderId: afb2815f-4716-48e6-854f-3875e38e9fce
2021-07-01 01:15:58,198 [grpc-default-executor-3] INFO  server.RaftServer$Division (ServerState.java:setLeader(271)) - 81b856d9-9a36-4380-a413-e28ef77684bb@group-222541F4572F: change Leader from null to afb2815f-4716-48e6-854f-3875e38e9fce at term 5 for appendEntries, leader elected after 25455ms
2021-07-01 01:15:58,201 [grpc-default-executor-4] INFO  ratis.XceiverServerRatis (XceiverServerRatis.java:handleLeaderChangedNotification(857)) - Leader change notification received for group: group-222541F4572F with new leaderId: afb2815f-4716-48e6-854f-3875e38e9fce
2021-07-01 01:15:58,201 [grpc-default-executor-4] INFO  server.RaftServer$Division (ServerState.java:setLeader(271)) - c748cb90-cadf-4a6f-b345-cd4c71c9d1a6@group-222541F4572F: change Leader from null to afb2815f-4716-48e6-854f-3875e38e9fce at term 5 for appendEntries, leader elected after 25429ms
2021-07-01 01:15:58,203 [grpc-default-executor-4] INFO  server.RaftServer$Division (ServerState.java:setRaftConf(373)) - c748cb90-cadf-4a6f-b345-cd4c71c9d1a6@group-222541F4572F: set configuration 0: [81b856d9-9a36-4380-a413-e28ef77684bb|rpc:10.1.0.5:42305|dataStream:|priority:0, afb2815f-4716-48e6-854f-3875e38e9fce|rpc:10.1.0.5:44723|dataStream:|priority:1, c748cb90-cadf-4a6f-b345-cd4c71c9d1a6|rpc:10.1.0.5:37099|dataStream:|priority:0], old=null
2021-07-01 01:15:58,204 [grpc-default-executor-4] INFO  segmented.SegmentedRaftLogWorker (SegmentedRaftLogWorker.java:startLogSegment(394)) - c748cb90-cadf-4a6f-b345-cd4c71c9d1a6@group-222541F4572F-SegmentedRaftLogWorker: Starting segment from index:0
2021-07-01 01:15:58,203 [grpc-default-executor-3] INFO  server.RaftServer$Division (ServerState.java:setRaftConf(373)) - 81b856d9-9a36-4380-a413-e28ef77684bb@group-222541F4572F: set configuration 0: [81b856d9-9a36-4380-a413-e28ef77684bb|rpc:10.1.0.5:42305|dataStream:|priority:0, afb2815f-4716-48e6-854f-3875e38e9fce|rpc:10.1.0.5:44723|dataStream:|priority:1, c748cb90-cadf-4a6f-b345-cd4c71c9d1a6|rpc:10.1.0.5:37099|dataStream:|priority:0], old=null
2021-07-01 01:15:58,204 [grpc-default-executor-3] INFO  segmented.SegmentedRaftLogWorker (SegmentedRaftLogWorker.java:startLogSegment(394)) - 81b856d9-9a36-4380-a413-e28ef77684bb@group-222541F4572F-SegmentedRaftLogWorker: Starting segment from index:0
2021-07-01 01:15:58,205 [c748cb90-cadf-4a6f-b345-cd4c71c9d1a6@group-222541F4572F-SegmentedRaftLogWorker] INFO  segmented.SegmentedRaftLogWorker (SegmentedRaftLogWorker.java:execute(601)) - c748cb90-cadf-4a6f-b345-cd4c71c9d1a6@group-222541F4572F-SegmentedRaftLogWorker: created new log segment /home/runner/work/ozone/ozone/mnt/ozone/hadoop-ozone/integration-test/target/test-dir/MiniOzoneClusterImpl-603eb75f-c0c9-4b57-9906-10dc47a08d14/datanode-5/data/ratis/ac5b330d-a48d-4cf7-83ac-222541f4572f/current/log_inprogress_0
2021-07-01 01:15:58,206 [81b856d9-9a36-4380-a413-e28ef77684bb@group-222541F4572F-SegmentedRaftLogWorker] INFO  segmented.SegmentedRaftLogWorker (SegmentedRaftLogWorker.java:execute(601)) - 81b856d9-9a36-4380-a413-e28ef77684bb@group-222541F4572F-SegmentedRaftLogWorker: created new log segment /home/runner/work/ozone/ozone/mnt/ozone/hadoop-ozone/integration-test/target/test-dir/MiniOzoneClusterImpl-603eb75f-c0c9-4b57-9906-10dc47a08d14/datanode-3/data/ratis/ac5b330d-a48d-4cf7-83ac-222541f4572f/current/log_inprogress_0
2021-07-01 01:15:58,592 [74d0c323-91d1-42ce-a7ad-5ac80fac4338@group-0BC9F4275829-FollowerState] INFO  impl.FollowerState (FollowerState.java:run(134)) - 74d0c323-91d1-42ce-a7ad-5ac80fac4338@group-0BC9F4275829-FollowerState: change to CANDIDATE, lastRpcElapsedTime:5006385046ns, electionTimeout:5006ms
2021-07-01 01:15:58,592 [74d0c323-91d1-42ce-a7ad-5ac80fac4338@group-0BC9F4275829-FollowerState] INFO  impl.RoleInfo (RoleInfo.java:shutdownFollowerState(108)) - 74d0c323-91d1-42ce-a7ad-5ac80fac4338: shutdown 74d0c323-91d1-42ce-a7ad-5ac80fac4338@group-0BC9F4275829-FollowerState
2021-07-01 01:15:58,592 [74d0c323-91d1-42ce-a7ad-5ac80fac4338@group-0BC9F4275829-FollowerState] INFO  server.RaftServer$Division (RaftServerImpl.java:setRole(284)) - 74d0c323-91d1-42ce-a7ad-5ac80fac4338@group-0BC9F4275829: changes role from  FOLLOWER to CANDIDATE at term 4 for changeToCandidate
2021-07-01 01:15:58,592 [74d0c323-91d1-42ce-a7ad-5ac80fac4338@group-0BC9F4275829-FollowerState] INFO  server.RaftServerConfigKeys (ConfUtils.java:logGet(44)) - raft.server.leaderelection.pre-vote = false (custom)
2021-07-01 01:15:58,592 [74d0c323-91d1-42ce-a7ad-5ac80fac4338@group-0BC9F4275829-FollowerState] INFO  impl.RoleInfo (RoleInfo.java:updateAndGet(130)) - 74d0c323-91d1-42ce-a7ad-5ac80fac4338: start 74d0c323-91d1-42ce-a7ad-5ac80fac4338@group-0BC9F4275829-LeaderElection43
2021-07-01 01:15:58,594 [74d0c323-91d1-42ce-a7ad-5ac80fac4338@group-0BC9F4275829-LeaderElection43] INFO  impl.LeaderElection (LeaderElection.java:askForVotes(306)) - 74d0c323-91d1-42ce-a7ad-5ac80fac4338@group-0BC9F4275829-LeaderElection43 ELECTION round 0: submit vote requests at term 5 for -1: [74d0c323-91d1-42ce-a7ad-5ac80fac4338|rpc:10.1.0.5:46795|priority:0, 2c5425c6-dd7c-4ec0-8033-4e93d4830dbf|rpc:10.1.0.5:44955|priority:1, e5bed959-61e5-441f-8857-6d0fdb7b4033|rpc:10.1.0.5:45539|priority:0], old=null
2021-07-01 01:15:58,599 [grpc-default-executor-3] INFO  server.RaftServer$Division (RaftServerImpl.java:requestVote(1042)) - 2c5425c6-dd7c-4ec0-8033-4e93d4830dbf@group-0BC9F4275829: receive requestVote(ELECTION, 74d0c323-91d1-42ce-a7ad-5ac80fac4338, group-0BC9F4275829, 5, (t:0, i:0))
2021-07-01 01:15:58,599 [grpc-default-executor-3] INFO  impl.VoteContext (VoteContext.java:log(48)) - 2c5425c6-dd7c-4ec0-8033-4e93d4830dbf@group-0BC9F4275829-FOLLOWER: reject ELECTION from 74d0c323-91d1-42ce-a7ad-5ac80fac4338: our priority 1 > candidate's priority 0
2021-07-01 01:15:58,599 [grpc-default-executor-4] INFO  server.RaftServer$Division (RaftServerImpl.java:requestVote(1042)) - e5bed959-61e5-441f-8857-6d0fdb7b4033@group-0BC9F4275829: receive requestVote(ELECTION, 74d0c323-91d1-42ce-a7ad-5ac80fac4338, group-0BC9F4275829, 5, (t:0, i:0))
2021-07-01 01:15:58,599 [grpc-default-executor-4] INFO  impl.VoteContext (VoteContext.java:log(48)) - e5bed959-61e5-441f-8857-6d0fdb7b4033@group-0BC9F4275829-FOLLOWER: accept ELECTION from 74d0c323-91d1-42ce-a7ad-5ac80fac4338: our priority 0 <= candidate's priority 0
2021-07-01 01:15:58,599 [grpc-default-executor-4] INFO  server.RaftServer$Division (RaftServerImpl.java:setRole(284)) - e5bed959-61e5-441f-8857-6d0fdb7b4033@group-0BC9F4275829: changes role from  FOLLOWER to FOLLOWER at term 5 for candidate:74d0c323-91d1-42ce-a7ad-5ac80fac4338
2021-07-01 01:15:58,599 [grpc-default-executor-4] INFO  impl.RoleInfo (RoleInfo.java:shutdownFollowerState(108)) - e5bed959-61e5-441f-8857-6d0fdb7b4033: shutdown e5bed959-61e5-441f-8857-6d0fdb7b4033@group-0BC9F4275829-FollowerState
2021-07-01 01:15:58,599 [grpc-default-executor-4] INFO  impl.RoleInfo (RoleInfo.java:updateAndGet(130)) - e5bed959-61e5-441f-8857-6d0fdb7b4033: start e5bed959-61e5-441f-8857-6d0fdb7b4033@group-0BC9F4275829-FollowerState
2021-07-01 01:15:58,600 [e5bed959-61e5-441f-8857-6d0fdb7b4033@group-0BC9F4275829-FollowerState] INFO  impl.FollowerState (FollowerState.java:run(143)) - e5bed959-61e5-441f-8857-6d0fdb7b4033@group-0BC9F4275829-FollowerState was interrupted: {}
java.lang.InterruptedException: sleep interrupted
	at java.lang.Thread.sleep(Native Method)
	at java.lang.Thread.sleep(Thread.java:340)
	at java.util.concurrent.TimeUnit.sleep(TimeUnit.java:386)
	at org.apache.ratis.util.TimeDuration.sleep(TimeDuration.java:324)
	at org.apache.ratis.util.TimeDuration.sleep(TimeDuration.java:309)
	at org.apache.ratis.server.impl.FollowerState.run(FollowerState.java:118)
2021-07-01 01:15:58,599 [grpc-default-executor-3] INFO  server.RaftServer$Division (RaftServerImpl.java:setRole(284)) - 2c5425c6-dd7c-4ec0-8033-4e93d4830dbf@group-0BC9F4275829: changes role from  FOLLOWER to FOLLOWER at term 5 for candidate:74d0c323-91d1-42ce-a7ad-5ac80fac4338
2021-07-01 01:15:58,600 [grpc-default-executor-3] INFO  impl.RoleInfo (RoleInfo.java:shutdownFollowerState(108)) - 2c5425c6-dd7c-4ec0-8033-4e93d4830dbf: shutdown 2c5425c6-dd7c-4ec0-8033-4e93d4830dbf@group-0BC9F4275829-FollowerState
2021-07-01 01:15:58,601 [grpc-default-executor-3] INFO  impl.RoleInfo (RoleInfo.java:updateAndGet(130)) - 2c5425c6-dd7c-4ec0-8033-4e93d4830dbf: start 2c5425c6-dd7c-4ec0-8033-4e93d4830dbf@group-0BC9F4275829-FollowerState
2021-07-01 01:15:58,601 [2c5425c6-dd7c-4ec0-8033-4e93d4830dbf@group-0BC9F4275829-FollowerState] INFO  impl.FollowerState (FollowerState.java:run(143)) - 2c5425c6-dd7c-4ec0-8033-4e93d4830dbf@group-0BC9F4275829-FollowerState was interrupted: {}
java.lang.InterruptedException: sleep interrupted
	at java.lang.Thread.sleep(Native Method)
	at java.lang.Thread.sleep(Thread.java:340)
	at java.util.concurrent.TimeUnit.sleep(TimeUnit.java:386)
	at org.apache.ratis.util.TimeDuration.sleep(TimeDuration.java:324)
	at org.apache.ratis.util.TimeDuration.sleep(TimeDuration.java:309)
	at org.apache.ratis.server.impl.FollowerState.run(FollowerState.java:118)
2021-07-01 01:15:58,601 [grpc-default-executor-4] INFO  server.RaftServer$Division (RaftServerImpl.java:requestVote(1074)) - e5bed959-61e5-441f-8857-6d0fdb7b4033@group-0BC9F4275829 replies to ELECTION vote request: 74d0c323-91d1-42ce-a7ad-5ac80fac4338<-e5bed959-61e5-441f-8857-6d0fdb7b4033#0:OK-t5. Peer's state: e5bed959-61e5-441f-8857-6d0fdb7b4033@group-0BC9F4275829:t5, leader=null, voted=74d0c323-91d1-42ce-a7ad-5ac80fac4338, raftlog=e5bed959-61e5-441f-8857-6d0fdb7b4033@group-0BC9F4275829-SegmentedRaftLog:OPENED:c-1,f-1,i0, conf=-1: [74d0c323-91d1-42ce-a7ad-5ac80fac4338|rpc:10.1.0.5:46795|dataStream:|priority:0, 2c5425c6-dd7c-4ec0-8033-4e93d4830dbf|rpc:10.1.0.5:44955|dataStream:|priority:1, e5bed959-61e5-441f-8857-6d0fdb7b4033|rpc:10.1.0.5:45539|dataStream:|priority:0], old=null
2021-07-01 01:15:58,602 [grpc-default-executor-3] INFO  server.RaftServer$Division (RaftServerImpl.java:requestVote(1074)) - 2c5425c6-dd7c-4ec0-8033-4e93d4830dbf@group-0BC9F4275829 replies to ELECTION vote request: 74d0c323-91d1-42ce-a7ad-5ac80fac4338<-2c5425c6-dd7c-4ec0-8033-4e93d4830dbf#0:FAIL-t5. Peer's state: 2c5425c6-dd7c-4ec0-8033-4e93d4830dbf@group-0BC9F4275829:t5, leader=null, voted=null, raftlog=2c5425c6-dd7c-4ec0-8033-4e93d4830dbf@group-0BC9F4275829-SegmentedRaftLog:OPENED:c-1,f-1,i0, conf=-1: [74d0c323-91d1-42ce-a7ad-5ac80fac4338|rpc:10.1.0.5:46795|dataStream:|priority:0, 2c5425c6-dd7c-4ec0-8033-4e93d4830dbf|rpc:10.1.0.5:44955|dataStream:|priority:1, e5bed959-61e5-441f-8857-6d0fdb7b4033|rpc:10.1.0.5:45539|dataStream:|priority:0], old=null
2021-07-01 01:15:58,603 [74d0c323-91d1-42ce-a7ad-5ac80fac4338@group-0BC9F4275829-LeaderElection43] INFO  impl.LeaderElection (LeaderElection.java:logAndReturn(89)) - 74d0c323-91d1-42ce-a7ad-5ac80fac4338@group-0BC9F4275829-LeaderElection43: ELECTION REJECTED received 2 response(s) and 0 exception(s):
2021-07-01 01:15:58,603 [74d0c323-91d1-42ce-a7ad-5ac80fac4338@group-0BC9F4275829-LeaderElection43] INFO  impl.LeaderElection (LeaderElection.java:logAndReturn(93)) -   Response 0: 74d0c323-91d1-42ce-a7ad-5ac80fac4338<-2c5425c6-dd7c-4ec0-8033-4e93d4830dbf#0:FAIL-t5
2021-07-01 01:15:58,603 [74d0c323-91d1-42ce-a7ad-5ac80fac4338@group-0BC9F4275829-LeaderElection43] INFO  impl.LeaderElection (LeaderElection.java:logAndReturn(93)) -   Response 1: 74d0c323-91d1-42ce-a7ad-5ac80fac4338<-e5bed959-61e5-441f-8857-6d0fdb7b4033#0:OK-t5
2021-07-01 01:15:58,603 [74d0c323-91d1-42ce-a7ad-5ac80fac4338@group-0BC9F4275829-LeaderElection43] INFO  impl.LeaderElection (LeaderElection.java:askForVotes(308)) - 74d0c323-91d1-42ce-a7ad-5ac80fac4338@group-0BC9F4275829-LeaderElection43 ELECTION round 0: result REJECTED
2021-07-01 01:15:58,603 [74d0c323-91d1-42ce-a7ad-5ac80fac4338@group-0BC9F4275829-LeaderElection43] INFO  server.RaftServer$Division (RaftServerImpl.java:setRole(284)) - 74d0c323-91d1-42ce-a7ad-5ac80fac4338@group-0BC9F4275829: changes role from CANDIDATE to FOLLOWER at term 5 for REJECTED
2021-07-01 01:15:58,603 [74d0c323-91d1-42ce-a7ad-5ac80fac4338@group-0BC9F4275829-LeaderElection43] INFO  impl.RoleInfo (RoleInfo.java:shutdownLeaderElection(121)) - 74d0c323-91d1-42ce-a7ad-5ac80fac4338: shutdown 74d0c323-91d1-42ce-a7ad-5ac80fac4338@group-0BC9F4275829-LeaderElection43
2021-07-01 01:15:58,603 [74d0c323-91d1-42ce-a7ad-5ac80fac4338@group-0BC9F4275829-LeaderElection43] INFO  impl.RoleInfo (RoleInfo.java:updateAndGet(130)) - 74d0c323-91d1-42ce-a7ad-5ac80fac4338: start 74d0c323-91d1-42ce-a7ad-5ac80fac4338@group-0BC9F4275829-FollowerState
2021-07-01 01:15:58,765 [Listener at 127.0.0.1/41923] INFO  ozoneimpl.OzoneContainer (OzoneContainer.java:stop(326)) - Attempting to stop container services.
2021-07-01 01:15:58,766 [ForkJoinPool.commonPool-worker-1] INFO  ozoneimpl.OzoneContainer (OzoneContainer.java:stop(326)) - Attempting to stop container services.
2021-07-01 01:15:58,766 [Listener at 127.0.0.1/41923] INFO  server.RaftServer (RaftServerProxy.java:lambda$close$6(391)) - afb2815f-4716-48e6-854f-3875e38e9fce: close
2021-07-01 01:15:58,766 [ForkJoinPool.commonPool-worker-1] INFO  server.RaftServer (RaftServerProxy.java:lambda$close$6(391)) - 80320f5a-6cd9-4eb7-9dbc-d52eb94c4b51: close
2021-07-01 01:15:58,767 [ForkJoinPool.commonPool-worker-1] INFO  server.RaftServer$Division (RaftServerImpl.java:lambda$close$4(406)) - 80320f5a-6cd9-4eb7-9dbc-d52eb94c4b51@group-3F477C9B4374: shutdown
2021-07-01 01:15:58,767 [ForkJoinPool.commonPool-worker-1] INFO  util.JmxRegister (JmxRegister.java:unregister(73)) - Successfully un-registered JMX Bean with object name Ratis:service=RaftServer,group=group-3F477C9B4374,id=80320f5a-6cd9-4eb7-9dbc-d52eb94c4b51
2021-07-01 01:15:58,767 [ForkJoinPool.commonPool-worker-1] INFO  impl.RoleInfo (RoleInfo.java:shutdownFollowerState(108)) - 80320f5a-6cd9-4eb7-9dbc-d52eb94c4b51: shutdown 80320f5a-6cd9-4eb7-9dbc-d52eb94c4b51@group-3F477C9B4374-FollowerState
2021-07-01 01:15:58,767 [ForkJoinPool.commonPool-worker-1] INFO  impl.StateMachineUpdater (StateMachineUpdater.java:stopAndJoin(149)) - 80320f5a-6cd9-4eb7-9dbc-d52eb94c4b51@group-3F477C9B4374-StateMachineUpdater: set stopIndex = 1
2021-07-01 01:15:58,767 [Listener at 127.0.0.1/41923] INFO  server.RaftServer$Division (RaftServerImpl.java:lambda$close$4(406)) - afb2815f-4716-48e6-854f-3875e38e9fce@group-9EC062E85DC4: shutdown
2021-07-01 01:15:58,767 [80320f5a-6cd9-4eb7-9dbc-d52eb94c4b51@group-3F477C9B4374-StateMachineUpdater] INFO  ratis.ContainerStateMachine (ContainerStateMachine.java:takeSnapshot(291)) - group-3F477C9B4374: Taking a snapshot at:(t:6, i:1) file /home/runner/work/ozone/ozone/mnt/ozone/hadoop-ozone/integration-test/target/test-dir/MiniOzoneClusterImpl-603eb75f-c0c9-4b57-9906-10dc47a08d14/datanode-2/data/ratis/fc1ed8f0-5d30-4d52-90b2-3f477c9b4374/sm/snapshot.6_1
2021-07-01 01:15:58,767 [80320f5a-6cd9-4eb7-9dbc-d52eb94c4b51@group-3F477C9B4374-FollowerState] INFO  impl.FollowerState (FollowerState.java:run(143)) - 80320f5a-6cd9-4eb7-9dbc-d52eb94c4b51@group-3F477C9B4374-FollowerState was interrupted: {}
java.lang.InterruptedException: sleep interrupted
	at java.lang.Thread.sleep(Native Method)
	at java.lang.Thread.sleep(Thread.java:340)
	at java.util.concurrent.TimeUnit.sleep(TimeUnit.java:386)
	at org.apache.ratis.util.TimeDuration.sleep(TimeDuration.java:324)
	at org.apache.ratis.util.TimeDuration.sleep(TimeDuration.java:309)
	at org.apache.ratis.server.impl.FollowerState.run(FollowerState.java:118)
2021-07-01 01:15:58,767 [Listener at 127.0.0.1/41923] INFO  util.JmxRegister (JmxRegister.java:unregister(73)) - Successfully un-registered JMX Bean with object name Ratis:service=RaftServer,group=group-9EC062E85DC4,id=afb2815f-4716-48e6-854f-3875e38e9fce
2021-07-01 01:15:58,768 [Listener at 127.0.0.1/41923] INFO  impl.RoleInfo (RoleInfo.java:shutdownLeaderState(91)) - afb2815f-4716-48e6-854f-3875e38e9fce: shutdown afb2815f-4716-48e6-854f-3875e38e9fce@group-9EC062E85DC4-LeaderStateImpl
2021-07-01 01:15:58,768 [80320f5a-6cd9-4eb7-9dbc-d52eb94c4b51@group-3F477C9B4374-StateMachineUpdater] INFO  ratis.ContainerStateMachine (ContainerStateMachine.java:takeSnapshot(302)) - group-3F477C9B4374: Finished taking a snapshot at:(t:6, i:1) file:/home/runner/work/ozone/ozone/mnt/ozone/hadoop-ozone/integration-test/target/test-dir/MiniOzoneClusterImpl-603eb75f-c0c9-4b57-9906-10dc47a08d14/datanode-2/data/ratis/fc1ed8f0-5d30-4d52-90b2-3f477c9b4374/sm/snapshot.6_1 took: 2 ms
2021-07-01 01:15:58,768 [Listener at 127.0.0.1/41923] INFO  impl.PendingRequests (PendingRequests.java:sendNotLeaderResponses(249)) - afb2815f-4716-48e6-854f-3875e38e9fce@group-9EC062E85DC4-PendingRequests: sendNotLeaderResponses
2021-07-01 01:15:58,769 [80320f5a-6cd9-4eb7-9dbc-d52eb94c4b51@group-3F477C9B4374-StateMachineUpdater] INFO  impl.StateMachineUpdater (StateMachineUpdater.java:takeSnapshot(281)) - 80320f5a-6cd9-4eb7-9dbc-d52eb94c4b51@group-3F477C9B4374-StateMachineUpdater: Took a snapshot at index 1
2021-07-01 01:15:58,769 [Listener at 127.0.0.1/41923] INFO  metrics.RatisMetrics (RatisMetrics.java:unregister(43)) - Unregistering Metrics Registry : ratis.log_appender.afb2815f-4716-48e6-854f-3875e38e9fce@group-9EC062E85DC4
2021-07-01 01:15:58,769 [80320f5a-6cd9-4eb7-9dbc-d52eb94c4b51@group-3F477C9B4374-StateMachineUpdater] INFO  impl.StateMachineUpdater (StateMachineUpdater.java:lambda$new$0(89)) - 80320f5a-6cd9-4eb7-9dbc-d52eb94c4b51@group-3F477C9B4374-StateMachineUpdater: snapshotIndex: updateIncreasingly -1 -> 1
2021-07-01 01:15:58,769 [Listener at 127.0.0.1/41923] INFO  metrics.RatisMetrics (RatisMetrics.java:unregister(43)) - Unregistering Metrics Registry : ratis.server.afb2815f-4716-48e6-854f-3875e38e9fce@group-9EC062E85DC4
2021-07-01 01:15:58,769 [80320f5a-6cd9-4eb7-9dbc-d52eb94c4b51@group-3F477C9B4374-StateMachineUpdater] INFO  metrics.RatisMetrics (RatisMetrics.java:unregister(43)) - Unregistering Metrics Registry : ratis.state_machine.80320f5a-6cd9-4eb7-9dbc-d52eb94c4b51@group-3F477C9B4374
2021-07-01 01:15:58,770 [ForkJoinPool.commonPool-worker-1] INFO  server.RaftServer$Division (ServerState.java:close(405)) - 80320f5a-6cd9-4eb7-9dbc-d52eb94c4b51@group-3F477C9B4374: closes. applyIndex: 1
2021-07-01 01:15:58,770 [80320f5a-6cd9-4eb7-9dbc-d52eb94c4b51@group-3F477C9B4374-SegmentedRaftLogWorker] INFO  segmented.SegmentedRaftLogWorker (SegmentedRaftLogWorker.java:run(327)) - 80320f5a-6cd9-4eb7-9dbc-d52eb94c4b51@group-3F477C9B4374-SegmentedRaftLogWorker was interrupted, exiting. There are 0 tasks remaining in the queue.
2021-07-01 01:15:58,771 [ForkJoinPool.commonPool-worker-1] INFO  segmented.SegmentedRaftLogWorker (SegmentedRaftLogWorker.java:close(237)) - 80320f5a-6cd9-4eb7-9dbc-d52eb94c4b51@group-3F477C9B4374-SegmentedRaftLogWorker close()
2021-07-01 01:15:58,772 [ForkJoinPool.commonPool-worker-1] INFO  metrics.RatisMetrics (RatisMetrics.java:unregister(43)) - Unregistering Metrics Registry : ratis.log_worker.80320f5a-6cd9-4eb7-9dbc-d52eb94c4b51@group-3F477C9B4374
2021-07-01 01:15:58,772 [ForkJoinPool.commonPool-worker-1] INFO  metrics.RatisMetrics (RatisMetrics.java:unregister(43)) - Unregistering Metrics Registry : ratis.leader_election.80320f5a-6cd9-4eb7-9dbc-d52eb94c4b51@group-3F477C9B4374
2021-07-01 01:15:58,772 [Listener at 127.0.0.1/41923] INFO  impl.StateMachineUpdater (StateMachineUpdater.java:stopAndJoin(149)) - afb2815f-4716-48e6-854f-3875e38e9fce@group-9EC062E85DC4-StateMachineUpdater: set stopIndex = 0
2021-07-01 01:15:58,773 [ForkJoinPool.commonPool-worker-1] INFO  metrics.RatisMetrics (RatisMetrics.java:unregister(43)) - Unregistering Metrics Registry : ratis.server.80320f5a-6cd9-4eb7-9dbc-d52eb94c4b51@group-3F477C9B4374
2021-07-01 01:15:58,773 [ForkJoinPool.commonPool-worker-1] INFO  server.RaftServer$Division (RaftServerImpl.java:lambda$close$4(406)) - 80320f5a-6cd9-4eb7-9dbc-d52eb94c4b51@group-69EDF6C3BE3B: shutdown
2021-07-01 01:15:58,773 [ForkJoinPool.commonPool-worker-1] INFO  util.JmxRegister (JmxRegister.java:unregister(73)) - Successfully un-registered JMX Bean with object name Ratis:service=RaftServer,group=group-69EDF6C3BE3B,id=80320f5a-6cd9-4eb7-9dbc-d52eb94c4b51
2021-07-01 01:15:58,773 [ForkJoinPool.commonPool-worker-1] INFO  impl.RoleInfo (RoleInfo.java:shutdownLeaderState(91)) - 80320f5a-6cd9-4eb7-9dbc-d52eb94c4b51: shutdown 80320f5a-6cd9-4eb7-9dbc-d52eb94c4b51@group-69EDF6C3BE3B-LeaderStateImpl
2021-07-01 01:15:58,773 [ForkJoinPool.commonPool-worker-1] INFO  impl.PendingRequests (PendingRequests.java:sendNotLeaderResponses(249)) - 80320f5a-6cd9-4eb7-9dbc-d52eb94c4b51@group-69EDF6C3BE3B-PendingRequests: sendNotLeaderResponses
2021-07-01 01:15:58,773 [ForkJoinPool.commonPool-worker-1] INFO  metrics.RatisMetrics (RatisMetrics.java:unregister(43)) - Unregistering Metrics Registry : ratis.log_appender.80320f5a-6cd9-4eb7-9dbc-d52eb94c4b51@group-69EDF6C3BE3B
2021-07-01 01:15:58,774 [ForkJoinPool.commonPool-worker-1] INFO  metrics.RatisMetrics (RatisMetrics.java:unregister(43)) - Unregistering Metrics Registry : ratis.server.80320f5a-6cd9-4eb7-9dbc-d52eb94c4b51@group-69EDF6C3BE3B
2021-07-01 01:15:58,774 [afb2815f-4716-48e6-854f-3875e38e9fce@group-9EC062E85DC4-StateMachineUpdater] INFO  ratis.ContainerStateMachine (ContainerStateMachine.java:takeSnapshot(291)) - group-9EC062E85DC4: Taking a snapshot at:(t:1, i:0) file /home/runner/work/ozone/ozone/mnt/ozone/hadoop-ozone/integration-test/target/test-dir/MiniOzoneClusterImpl-603eb75f-c0c9-4b57-9906-10dc47a08d14/datanode-4/data/ratis/956b52b3-79e6-44a4-a983-9ec062e85dc4/sm/snapshot.1_0
2021-07-01 01:15:58,776 [afb2815f-4716-48e6-854f-3875e38e9fce@group-9EC062E85DC4-StateMachineUpdater] INFO  ratis.ContainerStateMachine (ContainerStateMachine.java:takeSnapshot(302)) - group-9EC062E85DC4: Finished taking a snapshot at:(t:1, i:0) file:/home/runner/work/ozone/ozone/mnt/ozone/hadoop-ozone/integration-test/target/test-dir/MiniOzoneClusterImpl-603eb75f-c0c9-4b57-9906-10dc47a08d14/datanode-4/data/ratis/956b52b3-79e6-44a4-a983-9ec062e85dc4/sm/snapshot.1_0 took: 2 ms
2021-07-01 01:15:58,776 [afb2815f-4716-48e6-854f-3875e38e9fce@group-9EC062E85DC4-StateMachineUpdater] INFO  impl.StateMachineUpdater (StateMachineUpdater.java:takeSnapshot(281)) - afb2815f-4716-48e6-854f-3875e38e9fce@group-9EC062E85DC4-StateMachineUpdater: Took a snapshot at index 0
2021-07-01 01:15:58,776 [afb2815f-4716-48e6-854f-3875e38e9fce@group-9EC062E85DC4-StateMachineUpdater] INFO  impl.StateMachineUpdater (StateMachineUpdater.java:lambda$new$0(89)) - afb2815f-4716-48e6-854f-3875e38e9fce@group-9EC062E85DC4-StateMachineUpdater: snapshotIndex: updateIncreasingly -1 -> 0
2021-07-01 01:15:58,776 [afb2815f-4716-48e6-854f-3875e38e9fce@group-9EC062E85DC4-StateMachineUpdater] INFO  metrics.RatisMetrics (RatisMetrics.java:unregister(43)) - Unregistering Metrics Registry : ratis.state_machine.afb2815f-4716-48e6-854f-3875e38e9fce@group-9EC062E85DC4
2021-07-01 01:15:58,777 [Listener at 127.0.0.1/41923] INFO  server.RaftServer$Division (ServerState.java:close(405)) - afb2815f-4716-48e6-854f-3875e38e9fce@group-9EC062E85DC4: closes. applyIndex: 0
2021-07-01 01:15:58,777 [afb2815f-4716-48e6-854f-3875e38e9fce@group-9EC062E85DC4-SegmentedRaftLogWorker] INFO  segmented.SegmentedRaftLogWorker (SegmentedRaftLogWorker.java:run(327)) - afb2815f-4716-48e6-854f-3875e38e9fce@group-9EC062E85DC4-SegmentedRaftLogWorker was interrupted, exiting. There are 0 tasks remaining in the queue.
2021-07-01 01:15:58,778 [Listener at 127.0.0.1/41923] INFO  segmented.SegmentedRaftLogWorker (SegmentedRaftLogWorker.java:close(237)) - afb2815f-4716-48e6-854f-3875e38e9fce@group-9EC062E85DC4-SegmentedRaftLogWorker close()
2021-07-01 01:15:58,779 [ForkJoinPool.commonPool-worker-1] INFO  impl.StateMachineUpdater (StateMachineUpdater.java:stopAndJoin(149)) - 80320f5a-6cd9-4eb7-9dbc-d52eb94c4b51@group-69EDF6C3BE3B-StateMachineUpdater: set stopIndex = 0
2021-07-01 01:15:58,780 [80320f5a-6cd9-4eb7-9dbc-d52eb94c4b51@group-69EDF6C3BE3B-StateMachineUpdater] INFO  ratis.ContainerStateMachine (ContainerStateMachine.java:takeSnapshot(291)) - group-69EDF6C3BE3B: Taking a snapshot at:(t:1, i:0) file /home/runner/work/ozone/ozone/mnt/ozone/hadoop-ozone/integration-test/target/test-dir/MiniOzoneClusterImpl-603eb75f-c0c9-4b57-9906-10dc47a08d14/datanode-2/data/ratis/3e4132db-772d-430e-9970-69edf6c3be3b/sm/snapshot.1_0
2021-07-01 01:15:58,780 [Listener at 127.0.0.1/41923] INFO  metrics.RatisMetrics (RatisMetrics.java:unregister(43)) - Unregistering Metrics Registry : ratis.log_worker.afb2815f-4716-48e6-854f-3875e38e9fce@group-9EC062E85DC4
2021-07-01 01:15:58,780 [80320f5a-6cd9-4eb7-9dbc-d52eb94c4b51@group-69EDF6C3BE3B-StateMachineUpdater] INFO  ratis.ContainerStateMachine (ContainerStateMachine.java:takeSnapshot(302)) - group-69EDF6C3BE3B: Finished taking a snapshot at:(t:1, i:0) file:/home/runner/work/ozone/ozone/mnt/ozone/hadoop-ozone/integration-test/target/test-dir/MiniOzoneClusterImpl-603eb75f-c0c9-4b57-9906-10dc47a08d14/datanode-2/data/ratis/3e4132db-772d-430e-9970-69edf6c3be3b/sm/snapshot.1_0 took: 0 ms
2021-07-01 01:15:58,780 [Listener at 127.0.0.1/41923] INFO  metrics.RatisMetrics (RatisMetrics.java:unregister(43)) - Unregistering Metrics Registry : ratis.leader_election.afb2815f-4716-48e6-854f-3875e38e9fce@group-9EC062E85DC4
2021-07-01 01:15:58,781 [Listener at 127.0.0.1/41923] INFO  metrics.RatisMetrics (RatisMetrics.java:unregister(43)) - Unregistering Metrics Registry : ratis.server.afb2815f-4716-48e6-854f-3875e38e9fce@group-9EC062E85DC4
2021-07-01 01:15:58,781 [80320f5a-6cd9-4eb7-9dbc-d52eb94c4b51@group-69EDF6C3BE3B-StateMachineUpdater] INFO  impl.StateMachineUpdater (StateMachineUpdater.java:takeSnapshot(281)) - 80320f5a-6cd9-4eb7-9dbc-d52eb94c4b51@group-69EDF6C3BE3B-StateMachineUpdater: Took a snapshot at index 0
2021-07-01 01:15:58,781 [80320f5a-6cd9-4eb7-9dbc-d52eb94c4b51@group-69EDF6C3BE3B-StateMachineUpdater] INFO  impl.StateMachineUpdater (StateMachineUpdater.java:lambda$new$0(89)) - 80320f5a-6cd9-4eb7-9dbc-d52eb94c4b51@group-69EDF6C3BE3B-StateMachineUpdater: snapshotIndex: updateIncreasingly -1 -> 0
2021-07-01 01:15:58,781 [Listener at 127.0.0.1/41923] INFO  server.RaftServer$Division (RaftServerImpl.java:lambda$close$4(406)) - afb2815f-4716-48e6-854f-3875e38e9fce@group-222541F4572F: shutdown
2021-07-01 01:15:58,781 [80320f5a-6cd9-4eb7-9dbc-d52eb94c4b51@group-69EDF6C3BE3B-StateMachineUpdater] INFO  metrics.RatisMetrics (RatisMetrics.java:unregister(43)) - Unregistering Metrics Registry : ratis.state_machine.80320f5a-6cd9-4eb7-9dbc-d52eb94c4b51@group-69EDF6C3BE3B
2021-07-01 01:15:58,781 [Listener at 127.0.0.1/41923] INFO  util.JmxRegister (JmxRegister.java:unregister(73)) - Successfully un-registered JMX Bean with object name Ratis:service=RaftServer,group=group-222541F4572F,id=afb2815f-4716-48e6-854f-3875e38e9fce
2021-07-01 01:15:58,781 [ForkJoinPool.commonPool-worker-1] INFO  server.RaftServer$Division (ServerState.java:close(405)) - 80320f5a-6cd9-4eb7-9dbc-d52eb94c4b51@group-69EDF6C3BE3B: closes. applyIndex: 0
2021-07-01 01:15:58,782 [80320f5a-6cd9-4eb7-9dbc-d52eb94c4b51@group-69EDF6C3BE3B-SegmentedRaftLogWorker] INFO  segmented.SegmentedRaftLogWorker (SegmentedRaftLogWorker.java:run(327)) - 80320f5a-6cd9-4eb7-9dbc-d52eb94c4b51@group-69EDF6C3BE3B-SegmentedRaftLogWorker was interrupted, exiting. There are 0 tasks remaining in the queue.
2021-07-01 01:15:58,782 [Listener at 127.0.0.1/41923] INFO  impl.RoleInfo (RoleInfo.java:shutdownLeaderState(91)) - afb2815f-4716-48e6-854f-3875e38e9fce: shutdown afb2815f-4716-48e6-854f-3875e38e9fce@group-222541F4572F-LeaderStateImpl
2021-07-01 01:15:58,783 [ForkJoinPool.commonPool-worker-1] INFO  segmented.SegmentedRaftLogWorker (SegmentedRaftLogWorker.java:close(237)) - 80320f5a-6cd9-4eb7-9dbc-d52eb94c4b51@group-69EDF6C3BE3B-SegmentedRaftLogWorker close()
2021-07-01 01:15:58,783 [Listener at 127.0.0.1/41923] INFO  metrics.RatisMetrics (RatisMetrics.java:unregister(43)) - Unregistering Metrics Registry : ratis_grpc.log_appender.afb2815f-4716-48e6-854f-3875e38e9fce@group-222541F4572F
2021-07-01 01:15:58,784 [ForkJoinPool.commonPool-worker-1] INFO  metrics.RatisMetrics (RatisMetrics.java:unregister(43)) - Unregistering Metrics Registry : ratis.log_worker.80320f5a-6cd9-4eb7-9dbc-d52eb94c4b51@group-69EDF6C3BE3B
2021-07-01 01:15:58,784 [ForkJoinPool.commonPool-worker-1] INFO  metrics.RatisMetrics (RatisMetrics.java:unregister(43)) - Unregistering Metrics Registry : ratis.leader_election.80320f5a-6cd9-4eb7-9dbc-d52eb94c4b51@group-69EDF6C3BE3B
2021-07-01 01:15:58,784 [ForkJoinPool.commonPool-worker-1] INFO  metrics.RatisMetrics (RatisMetrics.java:unregister(43)) - Unregistering Metrics Registry : ratis.server.80320f5a-6cd9-4eb7-9dbc-d52eb94c4b51@group-69EDF6C3BE3B
2021-07-01 01:15:58,784 [ForkJoinPool.commonPool-worker-1] INFO  server.GrpcService (GrpcService.java:closeImpl(262)) - 80320f5a-6cd9-4eb7-9dbc-d52eb94c4b51: shutdown server with port 40669 now
2021-07-01 01:15:58,784 [afb2815f-4716-48e6-854f-3875e38e9fce@group-222541F4572F->81b856d9-9a36-4380-a413-e28ef77684bb-GrpcLogAppender-LogAppenderDaemon] WARN  server.GrpcLogAppender (GrpcLogAppender.java:mayWait(175)) - afb2815f-4716-48e6-854f-3875e38e9fce@group-222541F4572F->81b856d9-9a36-4380-a413-e28ef77684bb-GrpcLogAppender: Wait interrupted by java.lang.InterruptedException
2021-07-01 01:15:58,785 [Listener at 127.0.0.1/41923] INFO  metrics.RatisMetrics (RatisMetrics.java:unregister(43)) - Unregistering Metrics Registry : ratis_grpc.log_appender.afb2815f-4716-48e6-854f-3875e38e9fce@group-222541F4572F
2021-07-01 01:15:58,785 [afb2815f-4716-48e6-854f-3875e38e9fce@group-222541F4572F->c748cb90-cadf-4a6f-b345-cd4c71c9d1a6-GrpcLogAppender-LogAppenderDaemon] WARN  server.GrpcLogAppender (GrpcLogAppender.java:mayWait(175)) - afb2815f-4716-48e6-854f-3875e38e9fce@group-222541F4572F->c748cb90-cadf-4a6f-b345-cd4c71c9d1a6-GrpcLogAppender: Wait interrupted by java.lang.InterruptedException
2021-07-01 01:15:58,785 [Listener at 127.0.0.1/41923] INFO  impl.PendingRequests (PendingRequests.java:sendNotLeaderResponses(249)) - afb2815f-4716-48e6-854f-3875e38e9fce@group-222541F4572F-PendingRequests: sendNotLeaderResponses
2021-07-01 01:15:58,785 [Listener at 127.0.0.1/41923] INFO  metrics.RatisMetrics (RatisMetrics.java:unregister(43)) - Unregistering Metrics Registry : ratis.log_appender.afb2815f-4716-48e6-854f-3875e38e9fce@group-222541F4572F
2021-07-01 01:15:58,785 [Listener at 127.0.0.1/41923] INFO  metrics.RatisMetrics (RatisMetrics.java:unregister(43)) - Unregistering Metrics Registry : ratis.server.afb2815f-4716-48e6-854f-3875e38e9fce@group-222541F4572F
2021-07-01 01:15:58,787 [grpc-default-executor-4] WARN  server.GrpcServerProtocolService (LogUtils.java:warn(122)) - 80320f5a-6cd9-4eb7-9dbc-d52eb94c4b51: installSnapshot onError, lastRequest: 12e155f9-24cd-4496-9fcd-b734ad3c03a4->80320f5a-6cd9-4eb7-9dbc-d52eb94c4b51#7-t6,previous=(t:6, i:1),leaderCommit=1,initializing? true,entries: size=1, first=(t:6, i:2), METADATAENTRY(c:1): org.apache.ratis.thirdparty.io.grpc.StatusRuntimeException: CANCELLED: client cancelled
2021-07-01 01:15:58,787 [grpc-default-executor-2] WARN  client.GrpcClientProtocolService (LogUtils.java:warn(122)) - 0-OrderedRequestStreamObserver0: onError: org.apache.ratis.thirdparty.io.grpc.StatusRuntimeException: CANCELLED: client cancelled
2021-07-01 01:15:58,788 [grpc-default-executor-2] INFO  server.GrpcServerProtocolService (GrpcServerProtocolService.java:onCompleted(140)) - c748cb90-cadf-4a6f-b345-cd4c71c9d1a6: Completed APPEND_ENTRIES, lastRequest: afb2815f-4716-48e6-854f-3875e38e9fce->c748cb90-cadf-4a6f-b345-cd4c71c9d1a6#1-t5,previous=(t:0, i:0),leaderCommit=0,initializing? true,entries: size=1, first=(t:5, i:0), CONFIGURATIONENTRY
2021-07-01 01:15:58,788 [grpc-default-executor-2] WARN  server.GrpcLogAppender (LogUtils.java:warn(122)) - 12e155f9-24cd-4496-9fcd-b734ad3c03a4@group-3F477C9B4374->80320f5a-6cd9-4eb7-9dbc-d52eb94c4b51-AppendLogResponseHandler: Failed appendEntries: org.apache.ratis.thirdparty.io.grpc.StatusRuntimeException: CANCELLED: HTTP/2 error code: CANCEL
Received Rst Stream
2021-07-01 01:15:58,788 [grpc-default-executor-2] INFO  leader.FollowerInfo (FollowerInfoImpl.java:lambda$new$0(46)) - 12e155f9-24cd-4496-9fcd-b734ad3c03a4@group-3F477C9B4374->80320f5a-6cd9-4eb7-9dbc-d52eb94c4b51: nextIndex: updateUnconditionally 3 -> 2
2021-07-01 01:15:58,789 [afb2815f-4716-48e6-854f-3875e38e9fce@group-222541F4572F-StateMachineUpdater] INFO  ratis.ContainerStateMachine (ContainerStateMachine.java:takeSnapshot(291)) - group-222541F4572F: Taking a snapshot at:(t:5, i:0) file /home/runner/work/ozone/ozone/mnt/ozone/hadoop-ozone/integration-test/target/test-dir/MiniOzoneClusterImpl-603eb75f-c0c9-4b57-9906-10dc47a08d14/datanode-4/data/ratis/ac5b330d-a48d-4cf7-83ac-222541f4572f/sm/snapshot.5_0
2021-07-01 01:15:58,789 [Listener at 127.0.0.1/41923] INFO  impl.StateMachineUpdater (StateMachineUpdater.java:stopAndJoin(149)) - afb2815f-4716-48e6-854f-3875e38e9fce@group-222541F4572F-StateMachineUpdater: set stopIndex = 0
2021-07-01 01:15:58,790 [afb2815f-4716-48e6-854f-3875e38e9fce@group-222541F4572F-StateMachineUpdater] INFO  ratis.ContainerStateMachine (ContainerStateMachine.java:takeSnapshot(302)) - group-222541F4572F: Finished taking a snapshot at:(t:5, i:0) file:/home/runner/work/ozone/ozone/mnt/ozone/hadoop-ozone/integration-test/target/test-dir/MiniOzoneClusterImpl-603eb75f-c0c9-4b57-9906-10dc47a08d14/datanode-4/data/ratis/ac5b330d-a48d-4cf7-83ac-222541f4572f/sm/snapshot.5_0 took: 1 ms
2021-07-01 01:15:58,790 [grpc-default-executor-3] INFO  server.GrpcLogAppender (GrpcLogAppender.java:onCompleted(344)) - afb2815f-4716-48e6-854f-3875e38e9fce@group-222541F4572F->c748cb90-cadf-4a6f-b345-cd4c71c9d1a6-AppendLogResponseHandler: follower responses appendEntries COMPLETED
2021-07-01 01:15:58,790 [grpc-default-executor-3] INFO  leader.FollowerInfo (FollowerInfoImpl.java:lambda$new$0(46)) - afb2815f-4716-48e6-854f-3875e38e9fce@group-222541F4572F->c748cb90-cadf-4a6f-b345-cd4c71c9d1a6: nextIndex: updateUnconditionally 1 -> 0
2021-07-01 01:15:58,790 [afb2815f-4716-48e6-854f-3875e38e9fce@group-222541F4572F-StateMachineUpdater] INFO  impl.StateMachineUpdater (StateMachineUpdater.java:takeSnapshot(281)) - afb2815f-4716-48e6-854f-3875e38e9fce@group-222541F4572F-StateMachineUpdater: Took a snapshot at index 0
2021-07-01 01:15:58,790 [afb2815f-4716-48e6-854f-3875e38e9fce@group-222541F4572F-StateMachineUpdater] INFO  impl.StateMachineUpdater (StateMachineUpdater.java:lambda$new$0(89)) - afb2815f-4716-48e6-854f-3875e38e9fce@group-222541F4572F-StateMachineUpdater: snapshotIndex: updateIncreasingly -1 -> 0
2021-07-01 01:15:58,790 [afb2815f-4716-48e6-854f-3875e38e9fce@group-222541F4572F-StateMachineUpdater] INFO  metrics.RatisMetrics (RatisMetrics.java:unregister(43)) - Unregistering Metrics Registry : ratis.state_machine.afb2815f-4716-48e6-854f-3875e38e9fce@group-222541F4572F
2021-07-01 01:15:58,790 [Listener at 127.0.0.1/41923] INFO  server.RaftServer$Division (ServerState.java:close(405)) - afb2815f-4716-48e6-854f-3875e38e9fce@group-222541F4572F: closes. applyIndex: 0
2021-07-01 01:15:58,792 [afb2815f-4716-48e6-854f-3875e38e9fce@group-222541F4572F-SegmentedRaftLogWorker] INFO  segmented.SegmentedRaftLogWorker (SegmentedRaftLogWorker.java:run(327)) - afb2815f-4716-48e6-854f-3875e38e9fce@group-222541F4572F-SegmentedRaftLogWorker was interrupted, exiting. There are 0 tasks remaining in the queue.
2021-07-01 01:15:58,792 [grpc-default-executor-0] INFO  server.GrpcServerProtocolService (GrpcServerProtocolService.java:onCompleted(140)) - 81b856d9-9a36-4380-a413-e28ef77684bb: Completed APPEND_ENTRIES, lastRequest: afb2815f-4716-48e6-854f-3875e38e9fce->81b856d9-9a36-4380-a413-e28ef77684bb#1-t5,previous=(t:0, i:0),leaderCommit=-1,initializing? true,entries: size=1, first=(t:5, i:0), CONFIGURATIONENTRY
2021-07-01 01:15:58,793 [grpc-default-executor-3] INFO  server.GrpcLogAppender (GrpcLogAppender.java:onCompleted(344)) - afb2815f-4716-48e6-854f-3875e38e9fce@group-222541F4572F->81b856d9-9a36-4380-a413-e28ef77684bb-AppendLogResponseHandler: follower responses appendEntries COMPLETED
2021-07-01 01:15:58,793 [grpc-default-executor-3] INFO  leader.FollowerInfo (FollowerInfoImpl.java:lambda$new$0(46)) - afb2815f-4716-48e6-854f-3875e38e9fce@group-222541F4572F->81b856d9-9a36-4380-a413-e28ef77684bb: nextIndex: updateUnconditionally 1 -> 0
2021-07-01 01:15:58,793 [grpc-default-executor-4] WARN  server.GrpcLogAppender (LogUtils.java:warn(122)) - 12e155f9-24cd-4496-9fcd-b734ad3c03a4@group-3F477C9B4374->80320f5a-6cd9-4eb7-9dbc-d52eb94c4b51-AppendLogResponseHandler: Failed appendEntries: org.apache.ratis.thirdparty.io.grpc.StatusRuntimeException: UNAVAILABLE: io exception
2021-07-01 01:15:58,794 [grpc-default-executor-4] INFO  leader.FollowerInfo (FollowerInfoImpl.java:lambda$new$0(46)) - 12e155f9-24cd-4496-9fcd-b734ad3c03a4@group-3F477C9B4374->80320f5a-6cd9-4eb7-9dbc-d52eb94c4b51: nextIndex: updateUnconditionally 3 -> 2
2021-07-01 01:15:58,803 [Listener at 127.0.0.1/41923] INFO  segmented.SegmentedRaftLogWorker (SegmentedRaftLogWorker.java:close(237)) - afb2815f-4716-48e6-854f-3875e38e9fce@group-222541F4572F-SegmentedRaftLogWorker close()
2021-07-01 01:15:58,804 [Listener at 127.0.0.1/41923] INFO  metrics.RatisMetrics (RatisMetrics.java:unregister(43)) - Unregistering Metrics Registry : ratis.log_worker.afb2815f-4716-48e6-854f-3875e38e9fce@group-222541F4572F
2021-07-01 01:15:58,805 [Listener at 127.0.0.1/41923] INFO  metrics.RatisMetrics (RatisMetrics.java:unregister(43)) - Unregistering Metrics Registry : ratis.leader_election.afb2815f-4716-48e6-854f-3875e38e9fce@group-222541F4572F
2021-07-01 01:15:58,805 [Listener at 127.0.0.1/41923] INFO  metrics.RatisMetrics (RatisMetrics.java:unregister(43)) - Unregistering Metrics Registry : ratis.server.afb2815f-4716-48e6-854f-3875e38e9fce@group-222541F4572F
2021-07-01 01:15:58,805 [Listener at 127.0.0.1/41923] INFO  server.GrpcService (GrpcService.java:closeImpl(262)) - afb2815f-4716-48e6-854f-3875e38e9fce: shutdown server with port 44723 now
2021-07-01 01:15:58,810 [ForkJoinPool.commonPool-worker-1] INFO  server.GrpcService (GrpcService.java:closeImpl(271)) - 80320f5a-6cd9-4eb7-9dbc-d52eb94c4b51: shutdown server with port 40669 successfully
2021-07-01 01:15:58,810 [org.apache.ratis.util.JvmPauseMonitor$$Lambda$514/857811686@5442bf3a] INFO  util.JvmPauseMonitor (JvmPauseMonitor.java:run(109)) - JvmPauseMonitor-80320f5a-6cd9-4eb7-9dbc-d52eb94c4b51: Stopped
2021-07-01 01:15:58,814 [Listener at 127.0.0.1/41923] INFO  server.GrpcService (GrpcService.java:closeImpl(271)) - afb2815f-4716-48e6-854f-3875e38e9fce: shutdown server with port 44723 successfully
2021-07-01 01:15:58,815 [org.apache.ratis.util.JvmPauseMonitor$$Lambda$514/857811686@3227081] INFO  util.JvmPauseMonitor (JvmPauseMonitor.java:run(109)) - JvmPauseMonitor-afb2815f-4716-48e6-854f-3875e38e9fce: Stopped
2021-07-01 01:15:58,815 [ForkJoinPool.commonPool-worker-1] INFO  utils.BackgroundService (BackgroundService.java:shutdown(132)) - Shutting down service BlockDeletingService
2021-07-01 01:15:58,821 [Listener at 127.0.0.1/41923] INFO  utils.BackgroundService (BackgroundService.java:shutdown(132)) - Shutting down service BlockDeletingService
2021-07-01 01:15:58,825 [ForkJoinPool.commonPool-worker-1] INFO  statemachine.DatanodeStateMachine (DatanodeStateMachine.java:stopDaemon(488)) - Ozone container server stopped.
2021-07-01 01:15:58,827 [ForkJoinPool.commonPool-worker-1] INFO  handler.ContextHandler (ContextHandler.java:doStop(1154)) - Stopped o.e.j.w.WebAppContext@3bd35bd0{hddsDatanode,/,null,STOPPED}{jar:file:/home/runner/.m2/repository/org/apache/ozone/hdds-container-service/1.2.0-SNAPSHOT/hdds-container-service-1.2.0-SNAPSHOT.jar!/webapps/hddsDatanode}
2021-07-01 01:15:58,828 [ForkJoinPool.commonPool-worker-1] INFO  server.AbstractConnector (AbstractConnector.java:doStop(381)) - Stopped ServerConnector@402e4e9b{HTTP/1.1, (http/1.1)}{0.0.0.0:0}
2021-07-01 01:15:58,828 [ForkJoinPool.commonPool-worker-1] INFO  server.session (HouseKeeper.java:stopScavenging(149)) - node0 Stopped scavenging
2021-07-01 01:15:58,829 [ForkJoinPool.commonPool-worker-1] INFO  handler.ContextHandler (ContextHandler.java:doStop(1154)) - Stopped o.e.j.s.ServletContextHandler@657486c1{static,/static,jar:file:/home/runner/.m2/repository/org/apache/ozone/hdds-container-service/1.2.0-SNAPSHOT/hdds-container-service-1.2.0-SNAPSHOT.jar!/webapps/static,STOPPED}
2021-07-01 01:15:58,830 [ForkJoinPool.commonPool-worker-1] INFO  handler.ContextHandler (ContextHandler.java:doStop(1154)) - Stopped o.e.j.s.ServletContextHandler@2caae5b5{logs,/logs,file:///home/runner/work/ozone/ozone/mnt/ozone/hadoop-ozone/integration-test/target/log,STOPPED}
2021-07-01 01:15:58,830 [Listener at 127.0.0.1/41923] INFO  statemachine.DatanodeStateMachine (DatanodeStateMachine.java:stopDaemon(488)) - Ozone container server stopped.
2021-07-01 01:15:58,831 [Listener at 127.0.0.1/41923] INFO  handler.ContextHandler (ContextHandler.java:doStop(1154)) - Stopped o.e.j.w.WebAppContext@4dae3857{hddsDatanode,/,null,STOPPED}{jar:file:/home/runner/.m2/repository/org/apache/ozone/hdds-container-service/1.2.0-SNAPSHOT/hdds-container-service-1.2.0-SNAPSHOT.jar!/webapps/hddsDatanode}
2021-07-01 01:15:58,831 [Listener at 127.0.0.1/41923] INFO  server.AbstractConnector (AbstractConnector.java:doStop(381)) - Stopped ServerConnector@29f20756{HTTP/1.1, (http/1.1)}{0.0.0.0:0}
2021-07-01 01:15:58,832 [Listener at 127.0.0.1/41923] INFO  server.session (HouseKeeper.java:stopScavenging(149)) - node0 Stopped scavenging
2021-07-01 01:15:58,832 [Listener at 127.0.0.1/41923] INFO  handler.ContextHandler (ContextHandler.java:doStop(1154)) - Stopped o.e.j.s.ServletContextHandler@717d6487{static,/static,jar:file:/home/runner/.m2/repository/org/apache/ozone/hdds-container-service/1.2.0-SNAPSHOT/hdds-container-service-1.2.0-SNAPSHOT.jar!/webapps/static,STOPPED}
2021-07-01 01:15:58,832 [Listener at 127.0.0.1/41923] INFO  handler.ContextHandler (ContextHandler.java:doStop(1154)) - Stopped o.e.j.s.ServletContextHandler@3c83ce02{logs,/logs,file:///home/runner/work/ozone/ozone/mnt/ozone/hadoop-ozone/integration-test/target/log,STOPPED}
2021-07-01 01:15:58,929 [Datanode State Machine Thread - 0] INFO  statemachine.DatanodeStateMachine (DatanodeStateMachine.java:lambda$startDaemon$0(430)) - Ozone container server started.
2021-07-01 01:15:59,067 [Datanode State Machine Thread - 0] INFO  statemachine.DatanodeStateMachine (DatanodeStateMachine.java:lambda$startDaemon$0(430)) - Ozone container server started.
2021-07-01 01:16:00,382 [grpc-default-executor-2] WARN  server.GrpcLogAppender (LogUtils.java:warn(122)) - 12e155f9-24cd-4496-9fcd-b734ad3c03a4@group-3F477C9B4374->80320f5a-6cd9-4eb7-9dbc-d52eb94c4b51-AppendLogResponseHandler: Failed appendEntries: org.apache.ratis.thirdparty.io.grpc.StatusRuntimeException: UNAVAILABLE: io exception
2021-07-01 01:16:00,383 [grpc-default-executor-2] INFO  leader.FollowerInfo (FollowerInfoImpl.java:lambda$new$0(46)) - 12e155f9-24cd-4496-9fcd-b734ad3c03a4@group-3F477C9B4374->80320f5a-6cd9-4eb7-9dbc-d52eb94c4b51: nextIndex: updateUnconditionally 3 -> 2
2021-07-01 01:16:02,883 [grpc-default-executor-2] WARN  server.GrpcLogAppender (LogUtils.java:warn(122)) - 12e155f9-24cd-4496-9fcd-b734ad3c03a4@group-3F477C9B4374->80320f5a-6cd9-4eb7-9dbc-d52eb94c4b51-AppendLogResponseHandler: Failed appendEntries: org.apache.ratis.thirdparty.io.grpc.StatusRuntimeException: UNAVAILABLE: io exception
2021-07-01 01:16:02,884 [grpc-default-executor-2] INFO  leader.FollowerInfo (FollowerInfoImpl.java:lambda$new$0(46)) - 12e155f9-24cd-4496-9fcd-b734ad3c03a4@group-3F477C9B4374->80320f5a-6cd9-4eb7-9dbc-d52eb94c4b51: nextIndex: updateUnconditionally 3 -> 2
2021-07-01 01:16:03,624 [e5bed959-61e5-441f-8857-6d0fdb7b4033@group-0BC9F4275829-FollowerState] INFO  impl.FollowerState (FollowerState.java:run(134)) - e5bed959-61e5-441f-8857-6d0fdb7b4033@group-0BC9F4275829-FollowerState: change to CANDIDATE, lastRpcElapsedTime:5022657709ns, electionTimeout:5022ms
2021-07-01 01:16:03,624 [e5bed959-61e5-441f-8857-6d0fdb7b4033@group-0BC9F4275829-FollowerState] INFO  impl.RoleInfo (RoleInfo.java:shutdownFollowerState(108)) - e5bed959-61e5-441f-8857-6d0fdb7b4033: shutdown e5bed959-61e5-441f-8857-6d0fdb7b4033@group-0BC9F4275829-FollowerState
2021-07-01 01:16:03,624 [e5bed959-61e5-441f-8857-6d0fdb7b4033@group-0BC9F4275829-FollowerState] INFO  server.RaftServer$Division (RaftServerImpl.java:setRole(284)) - e5bed959-61e5-441f-8857-6d0fdb7b4033@group-0BC9F4275829: changes role from  FOLLOWER to CANDIDATE at term 5 for changeToCandidate
2021-07-01 01:16:03,624 [e5bed959-61e5-441f-8857-6d0fdb7b4033@group-0BC9F4275829-FollowerState] INFO  server.RaftServerConfigKeys (ConfUtils.java:logGet(44)) - raft.server.leaderelection.pre-vote = false (custom)
2021-07-01 01:16:03,624 [e5bed959-61e5-441f-8857-6d0fdb7b4033@group-0BC9F4275829-FollowerState] INFO  impl.RoleInfo (RoleInfo.java:updateAndGet(130)) - e5bed959-61e5-441f-8857-6d0fdb7b4033: start e5bed959-61e5-441f-8857-6d0fdb7b4033@group-0BC9F4275829-LeaderElection44
2021-07-01 01:16:03,627 [e5bed959-61e5-441f-8857-6d0fdb7b4033@group-0BC9F4275829-LeaderElection44] INFO  impl.LeaderElection (LeaderElection.java:askForVotes(306)) - e5bed959-61e5-441f-8857-6d0fdb7b4033@group-0BC9F4275829-LeaderElection44 ELECTION round 0: submit vote requests at term 6 for -1: [74d0c323-91d1-42ce-a7ad-5ac80fac4338|rpc:10.1.0.5:46795|dataStream:|priority:0, 2c5425c6-dd7c-4ec0-8033-4e93d4830dbf|rpc:10.1.0.5:44955|dataStream:|priority:1, e5bed959-61e5-441f-8857-6d0fdb7b4033|rpc:10.1.0.5:45539|dataStream:|priority:0], old=null
2021-07-01 01:16:03,634 [grpc-default-executor-0] INFO  server.RaftServer$Division (RaftServerImpl.java:requestVote(1042)) - 2c5425c6-dd7c-4ec0-8033-4e93d4830dbf@group-0BC9F4275829: receive requestVote(ELECTION, e5bed959-61e5-441f-8857-6d0fdb7b4033, group-0BC9F4275829, 6, (t:0, i:0))
2021-07-01 01:16:03,634 [grpc-default-executor-0] INFO  impl.VoteContext (VoteContext.java:log(48)) - 2c5425c6-dd7c-4ec0-8033-4e93d4830dbf@group-0BC9F4275829-FOLLOWER: reject ELECTION from e5bed959-61e5-441f-8857-6d0fdb7b4033: our priority 1 > candidate's priority 0
2021-07-01 01:16:03,635 [grpc-default-executor-0] INFO  server.RaftServer$Division (RaftServerImpl.java:setRole(284)) - 2c5425c6-dd7c-4ec0-8033-4e93d4830dbf@group-0BC9F4275829: changes role from  FOLLOWER to FOLLOWER at term 6 for candidate:e5bed959-61e5-441f-8857-6d0fdb7b4033
2021-07-01 01:16:03,635 [grpc-default-executor-0] INFO  impl.RoleInfo (RoleInfo.java:shutdownFollowerState(108)) - 2c5425c6-dd7c-4ec0-8033-4e93d4830dbf: shutdown 2c5425c6-dd7c-4ec0-8033-4e93d4830dbf@group-0BC9F4275829-FollowerState
2021-07-01 01:16:03,635 [grpc-default-executor-0] INFO  impl.RoleInfo (RoleInfo.java:updateAndGet(130)) - 2c5425c6-dd7c-4ec0-8033-4e93d4830dbf: start 2c5425c6-dd7c-4ec0-8033-4e93d4830dbf@group-0BC9F4275829-FollowerState
2021-07-01 01:16:03,635 [2c5425c6-dd7c-4ec0-8033-4e93d4830dbf@group-0BC9F4275829-FollowerState] INFO  impl.FollowerState (FollowerState.java:run(143)) - 2c5425c6-dd7c-4ec0-8033-4e93d4830dbf@group-0BC9F4275829-FollowerState was interrupted: {}
java.lang.InterruptedException: sleep interrupted
	at java.lang.Thread.sleep(Native Method)
	at java.lang.Thread.sleep(Thread.java:340)
	at java.util.concurrent.TimeUnit.sleep(TimeUnit.java:386)
	at org.apache.ratis.util.TimeDuration.sleep(TimeDuration.java:324)
	at org.apache.ratis.util.TimeDuration.sleep(TimeDuration.java:309)
	at org.apache.ratis.server.impl.FollowerState.run(FollowerState.java:118)
2021-07-01 01:16:03,638 [grpc-default-executor-2] INFO  metrics.RatisMetrics (RatisMetrics.java:lambda$create$0(36)) - Creating Metrics Registry : ratis.server_message_metrics.74d0c323-91d1-42ce-a7ad-5ac80fac4338
2021-07-01 01:16:03,639 [grpc-default-executor-2] INFO  server.RaftServer$Division (RaftServerImpl.java:requestVote(1042)) - 74d0c323-91d1-42ce-a7ad-5ac80fac4338@group-0BC9F4275829: receive requestVote(ELECTION, e5bed959-61e5-441f-8857-6d0fdb7b4033, group-0BC9F4275829, 6, (t:0, i:0))
2021-07-01 01:16:03,639 [grpc-default-executor-2] INFO  impl.VoteContext (VoteContext.java:log(48)) - 74d0c323-91d1-42ce-a7ad-5ac80fac4338@group-0BC9F4275829-FOLLOWER: accept ELECTION from e5bed959-61e5-441f-8857-6d0fdb7b4033: our priority 0 <= candidate's priority 0
2021-07-01 01:16:03,639 [grpc-default-executor-2] INFO  server.RaftServer$Division (RaftServerImpl.java:setRole(284)) - 74d0c323-91d1-42ce-a7ad-5ac80fac4338@group-0BC9F4275829: changes role from  FOLLOWER to FOLLOWER at term 6 for candidate:e5bed959-61e5-441f-8857-6d0fdb7b4033
2021-07-01 01:16:03,639 [grpc-default-executor-2] INFO  impl.RoleInfo (RoleInfo.java:shutdownFollowerState(108)) - 74d0c323-91d1-42ce-a7ad-5ac80fac4338: shutdown 74d0c323-91d1-42ce-a7ad-5ac80fac4338@group-0BC9F4275829-FollowerState
2021-07-01 01:16:03,639 [grpc-default-executor-2] INFO  impl.RoleInfo (RoleInfo.java:updateAndGet(130)) - 74d0c323-91d1-42ce-a7ad-5ac80fac4338: start 74d0c323-91d1-42ce-a7ad-5ac80fac4338@group-0BC9F4275829-FollowerState
2021-07-01 01:16:03,639 [74d0c323-91d1-42ce-a7ad-5ac80fac4338@group-0BC9F4275829-FollowerState] INFO  impl.FollowerState (FollowerState.java:run(143)) - 74d0c323-91d1-42ce-a7ad-5ac80fac4338@group-0BC9F4275829-FollowerState was interrupted: {}
java.lang.InterruptedException: sleep interrupted
	at java.lang.Thread.sleep(Native Method)
	at java.lang.Thread.sleep(Thread.java:340)
	at java.util.concurrent.TimeUnit.sleep(TimeUnit.java:386)
	at org.apache.ratis.util.TimeDuration.sleep(TimeDuration.java:324)
	at org.apache.ratis.util.TimeDuration.sleep(TimeDuration.java:309)
	at org.apache.ratis.server.impl.FollowerState.run(FollowerState.java:118)
2021-07-01 01:16:03,643 [grpc-default-executor-0] INFO  server.RaftServer$Division (RaftServerImpl.java:requestVote(1074)) - 2c5425c6-dd7c-4ec0-8033-4e93d4830dbf@group-0BC9F4275829 replies to ELECTION vote request: e5bed959-61e5-441f-8857-6d0fdb7b4033<-2c5425c6-dd7c-4ec0-8033-4e93d4830dbf#0:FAIL-t6. Peer's state: 2c5425c6-dd7c-4ec0-8033-4e93d4830dbf@group-0BC9F4275829:t6, leader=null, voted=null, raftlog=2c5425c6-dd7c-4ec0-8033-4e93d4830dbf@group-0BC9F4275829-SegmentedRaftLog:OPENED:c-1,f-1,i0, conf=-1: [74d0c323-91d1-42ce-a7ad-5ac80fac4338|rpc:10.1.0.5:46795|dataStream:|priority:0, 2c5425c6-dd7c-4ec0-8033-4e93d4830dbf|rpc:10.1.0.5:44955|dataStream:|priority:1, e5bed959-61e5-441f-8857-6d0fdb7b4033|rpc:10.1.0.5:45539|dataStream:|priority:0], old=null
2021-07-01 01:16:03,647 [e5bed959-61e5-441f-8857-6d0fdb7b4033@group-0BC9F4275829-LeaderElection44] INFO  impl.LeaderElection (LeaderElection.java:logAndReturn(89)) - e5bed959-61e5-441f-8857-6d0fdb7b4033@group-0BC9F4275829-LeaderElection44: ELECTION REJECTED received 1 response(s) and 0 exception(s):
2021-07-01 01:16:03,647 [e5bed959-61e5-441f-8857-6d0fdb7b4033@group-0BC9F4275829-LeaderElection44] INFO  impl.LeaderElection (LeaderElection.java:logAndReturn(93)) -   Response 0: e5bed959-61e5-441f-8857-6d0fdb7b4033<-2c5425c6-dd7c-4ec0-8033-4e93d4830dbf#0:FAIL-t6
2021-07-01 01:16:03,647 [e5bed959-61e5-441f-8857-6d0fdb7b4033@group-0BC9F4275829-LeaderElection44] INFO  impl.LeaderElection (LeaderElection.java:askForVotes(308)) - e5bed959-61e5-441f-8857-6d0fdb7b4033@group-0BC9F4275829-LeaderElection44 ELECTION round 0: result REJECTED
2021-07-01 01:16:03,647 [e5bed959-61e5-441f-8857-6d0fdb7b4033@group-0BC9F4275829-LeaderElection44] INFO  server.RaftServer$Division (RaftServerImpl.java:setRole(284)) - e5bed959-61e5-441f-8857-6d0fdb7b4033@group-0BC9F4275829: changes role from CANDIDATE to FOLLOWER at term 6 for REJECTED
2021-07-01 01:16:03,647 [e5bed959-61e5-441f-8857-6d0fdb7b4033@group-0BC9F4275829-LeaderElection44] INFO  impl.RoleInfo (RoleInfo.java:shutdownLeaderElection(121)) - e5bed959-61e5-441f-8857-6d0fdb7b4033: shutdown e5bed959-61e5-441f-8857-6d0fdb7b4033@group-0BC9F4275829-LeaderElection44
2021-07-01 01:16:03,647 [e5bed959-61e5-441f-8857-6d0fdb7b4033@group-0BC9F4275829-LeaderElection44] INFO  impl.RoleInfo (RoleInfo.java:updateAndGet(130)) - e5bed959-61e5-441f-8857-6d0fdb7b4033: start e5bed959-61e5-441f-8857-6d0fdb7b4033@group-0BC9F4275829-FollowerState
2021-07-01 01:16:03,651 [grpc-default-executor-2] INFO  server.RaftServer$Division (RaftServerImpl.java:requestVote(1074)) - 74d0c323-91d1-42ce-a7ad-5ac80fac4338@group-0BC9F4275829 replies to ELECTION vote request: e5bed959-61e5-441f-8857-6d0fdb7b4033<-74d0c323-91d1-42ce-a7ad-5ac80fac4338#0:OK-t6. Peer's state: 74d0c323-91d1-42ce-a7ad-5ac80fac4338@group-0BC9F4275829:t6, leader=null, voted=e5bed959-61e5-441f-8857-6d0fdb7b4033, raftlog=74d0c323-91d1-42ce-a7ad-5ac80fac4338@group-0BC9F4275829-SegmentedRaftLog:OPENED:c-1,f-1,i0, conf=-1: [74d0c323-91d1-42ce-a7ad-5ac80fac4338|rpc:10.1.0.5:46795|priority:0, 2c5425c6-dd7c-4ec0-8033-4e93d4830dbf|rpc:10.1.0.5:44955|priority:1, e5bed959-61e5-441f-8857-6d0fdb7b4033|rpc:10.1.0.5:45539|priority:0], old=null
2021-07-01 01:16:03,833 [ForkJoinPool.commonPool-worker-1] INFO  ozoneimpl.OzoneContainer (OzoneContainer.java:stop(326)) - Attempting to stop container services.
2021-07-01 01:16:03,833 [ForkJoinPool.commonPool-worker-1] INFO  server.RaftServer (RaftServerProxy.java:lambda$close$6(391)) - 81b856d9-9a36-4380-a413-e28ef77684bb: close
2021-07-01 01:16:03,834 [ForkJoinPool.commonPool-worker-1] INFO  server.RaftServer$Division (RaftServerImpl.java:lambda$close$4(406)) - 81b856d9-9a36-4380-a413-e28ef77684bb@group-64B1A5ED79F8: shutdown
2021-07-01 01:16:03,834 [ForkJoinPool.commonPool-worker-1] INFO  util.JmxRegister (JmxRegister.java:unregister(73)) - Successfully un-registered JMX Bean with object name Ratis:service=RaftServer,group=group-64B1A5ED79F8,id=81b856d9-9a36-4380-a413-e28ef77684bb
2021-07-01 01:16:03,834 [ForkJoinPool.commonPool-worker-1] INFO  impl.RoleInfo (RoleInfo.java:shutdownLeaderState(91)) - 81b856d9-9a36-4380-a413-e28ef77684bb: shutdown 81b856d9-9a36-4380-a413-e28ef77684bb@group-64B1A5ED79F8-LeaderStateImpl
2021-07-01 01:16:03,834 [ForkJoinPool.commonPool-worker-1] INFO  impl.PendingRequests (PendingRequests.java:sendNotLeaderResponses(249)) - 81b856d9-9a36-4380-a413-e28ef77684bb@group-64B1A5ED79F8-PendingRequests: sendNotLeaderResponses
2021-07-01 01:16:03,834 [ForkJoinPool.commonPool-worker-1] INFO  metrics.RatisMetrics (RatisMetrics.java:unregister(43)) - Unregistering Metrics Registry : ratis.log_appender.81b856d9-9a36-4380-a413-e28ef77684bb@group-64B1A5ED79F8
2021-07-01 01:16:03,834 [ForkJoinPool.commonPool-worker-1] INFO  metrics.RatisMetrics (RatisMetrics.java:unregister(43)) - Unregistering Metrics Registry : ratis.server.81b856d9-9a36-4380-a413-e28ef77684bb@group-64B1A5ED79F8
2021-07-01 01:16:03,834 [Listener at 127.0.0.1/41923] INFO  ozoneimpl.OzoneContainer (OzoneContainer.java:stop(326)) - Attempting to stop container services.
2021-07-01 01:16:03,835 [ForkJoinPool.commonPool-worker-1] INFO  impl.StateMachineUpdater (StateMachineUpdater.java:stopAndJoin(149)) - 81b856d9-9a36-4380-a413-e28ef77684bb@group-64B1A5ED79F8-StateMachineUpdater: set stopIndex = 0
2021-07-01 01:16:03,835 [81b856d9-9a36-4380-a413-e28ef77684bb@group-64B1A5ED79F8-StateMachineUpdater] INFO  ratis.ContainerStateMachine (ContainerStateMachine.java:takeSnapshot(291)) - group-64B1A5ED79F8: Taking a snapshot at:(t:1, i:0) file /home/runner/work/ozone/ozone/mnt/ozone/hadoop-ozone/integration-test/target/test-dir/MiniOzoneClusterImpl-603eb75f-c0c9-4b57-9906-10dc47a08d14/datanode-3/data/ratis/08f3db3f-2d63-4874-b5c5-64b1a5ed79f8/sm/snapshot.1_0
2021-07-01 01:16:03,835 [Listener at 127.0.0.1/41923] INFO  server.RaftServer (RaftServerProxy.java:lambda$close$6(391)) - c748cb90-cadf-4a6f-b345-cd4c71c9d1a6: close
2021-07-01 01:16:03,835 [Listener at 127.0.0.1/41923] INFO  server.RaftServer$Division (RaftServerImpl.java:lambda$close$4(406)) - c748cb90-cadf-4a6f-b345-cd4c71c9d1a6@group-222541F4572F: shutdown
2021-07-01 01:16:03,836 [Listener at 127.0.0.1/41923] INFO  util.JmxRegister (JmxRegister.java:unregister(73)) - Successfully un-registered JMX Bean with object name Ratis:service=RaftServer,group=group-222541F4572F,id=c748cb90-cadf-4a6f-b345-cd4c71c9d1a6
2021-07-01 01:16:03,836 [Listener at 127.0.0.1/41923] INFO  impl.RoleInfo (RoleInfo.java:shutdownFollowerState(108)) - c748cb90-cadf-4a6f-b345-cd4c71c9d1a6: shutdown c748cb90-cadf-4a6f-b345-cd4c71c9d1a6@group-222541F4572F-FollowerState
2021-07-01 01:16:03,836 [Listener at 127.0.0.1/41923] INFO  impl.StateMachineUpdater (StateMachineUpdater.java:stopAndJoin(149)) - c748cb90-cadf-4a6f-b345-cd4c71c9d1a6@group-222541F4572F-StateMachineUpdater: set stopIndex = 0
2021-07-01 01:16:03,836 [c748cb90-cadf-4a6f-b345-cd4c71c9d1a6@group-222541F4572F-FollowerState] INFO  impl.FollowerState (FollowerState.java:run(143)) - c748cb90-cadf-4a6f-b345-cd4c71c9d1a6@group-222541F4572F-FollowerState was interrupted: {}
java.lang.InterruptedException: sleep interrupted
	at java.lang.Thread.sleep(Native Method)
	at java.lang.Thread.sleep(Thread.java:340)
	at java.util.concurrent.TimeUnit.sleep(TimeUnit.java:386)
	at org.apache.ratis.util.TimeDuration.sleep(TimeDuration.java:324)
	at org.apache.ratis.util.TimeDuration.sleep(TimeDuration.java:309)
	at org.apache.ratis.server.impl.FollowerState.run(FollowerState.java:118)
2021-07-01 01:16:03,836 [c748cb90-cadf-4a6f-b345-cd4c71c9d1a6@group-222541F4572F-StateMachineUpdater] INFO  ratis.ContainerStateMachine (ContainerStateMachine.java:takeSnapshot(291)) - group-222541F4572F: Taking a snapshot at:(t:5, i:0) file /home/runner/work/ozone/ozone/mnt/ozone/hadoop-ozone/integration-test/target/test-dir/MiniOzoneClusterImpl-603eb75f-c0c9-4b57-9906-10dc47a08d14/datanode-5/data/ratis/ac5b330d-a48d-4cf7-83ac-222541f4572f/sm/snapshot.5_0
2021-07-01 01:16:03,837 [81b856d9-9a36-4380-a413-e28ef77684bb@group-64B1A5ED79F8-StateMachineUpdater] INFO  ratis.ContainerStateMachine (ContainerStateMachine.java:takeSnapshot(302)) - group-64B1A5ED79F8: Finished taking a snapshot at:(t:1, i:0) file:/home/runner/work/ozone/ozone/mnt/ozone/hadoop-ozone/integration-test/target/test-dir/MiniOzoneClusterImpl-603eb75f-c0c9-4b57-9906-10dc47a08d14/datanode-3/data/ratis/08f3db3f-2d63-4874-b5c5-64b1a5ed79f8/sm/snapshot.1_0 took: 2 ms
2021-07-01 01:16:03,837 [81b856d9-9a36-4380-a413-e28ef77684bb@group-64B1A5ED79F8-StateMachineUpdater] INFO  impl.StateMachineUpdater (StateMachineUpdater.java:takeSnapshot(281)) - 81b856d9-9a36-4380-a413-e28ef77684bb@group-64B1A5ED79F8-StateMachineUpdater: Took a snapshot at index 0
2021-07-01 01:16:03,837 [81b856d9-9a36-4380-a413-e28ef77684bb@group-64B1A5ED79F8-StateMachineUpdater] INFO  impl.StateMachineUpdater (StateMachineUpdater.java:lambda$new$0(89)) - 81b856d9-9a36-4380-a413-e28ef77684bb@group-64B1A5ED79F8-StateMachineUpdater: snapshotIndex: updateIncreasingly -1 -> 0
2021-07-01 01:16:03,837 [81b856d9-9a36-4380-a413-e28ef77684bb@group-64B1A5ED79F8-StateMachineUpdater] INFO  metrics.RatisMetrics (RatisMetrics.java:unregister(43)) - Unregistering Metrics Registry : ratis.state_machine.81b856d9-9a36-4380-a413-e28ef77684bb@group-64B1A5ED79F8
2021-07-01 01:16:03,837 [ForkJoinPool.commonPool-worker-1] INFO  server.RaftServer$Division (ServerState.java:close(405)) - 81b856d9-9a36-4380-a413-e28ef77684bb@group-64B1A5ED79F8: closes. applyIndex: 0
2021-07-01 01:16:03,837 [c748cb90-cadf-4a6f-b345-cd4c71c9d1a6@group-222541F4572F-StateMachineUpdater] INFO  ratis.ContainerStateMachine (ContainerStateMachine.java:takeSnapshot(302)) - group-222541F4572F: Finished taking a snapshot at:(t:5, i:0) file:/home/runner/work/ozone/ozone/mnt/ozone/hadoop-ozone/integration-test/target/test-dir/MiniOzoneClusterImpl-603eb75f-c0c9-4b57-9906-10dc47a08d14/datanode-5/data/ratis/ac5b330d-a48d-4cf7-83ac-222541f4572f/sm/snapshot.5_0 took: 0 ms
2021-07-01 01:16:03,837 [c748cb90-cadf-4a6f-b345-cd4c71c9d1a6@group-222541F4572F-StateMachineUpdater] INFO  impl.StateMachineUpdater (StateMachineUpdater.java:takeSnapshot(281)) - c748cb90-cadf-4a6f-b345-cd4c71c9d1a6@group-222541F4572F-StateMachineUpdater: Took a snapshot at index 0
2021-07-01 01:16:03,838 [c748cb90-cadf-4a6f-b345-cd4c71c9d1a6@group-222541F4572F-StateMachineUpdater] INFO  impl.StateMachineUpdater (StateMachineUpdater.java:lambda$new$0(89)) - c748cb90-cadf-4a6f-b345-cd4c71c9d1a6@group-222541F4572F-StateMachineUpdater: snapshotIndex: updateIncreasingly -1 -> 0
2021-07-01 01:16:03,838 [c748cb90-cadf-4a6f-b345-cd4c71c9d1a6@group-222541F4572F-StateMachineUpdater] INFO  metrics.RatisMetrics (RatisMetrics.java:unregister(43)) - Unregistering Metrics Registry : ratis.state_machine.c748cb90-cadf-4a6f-b345-cd4c71c9d1a6@group-222541F4572F
2021-07-01 01:16:03,838 [Listener at 127.0.0.1/41923] INFO  server.RaftServer$Division (ServerState.java:close(405)) - c748cb90-cadf-4a6f-b345-cd4c71c9d1a6@group-222541F4572F: closes. applyIndex: 0
2021-07-01 01:16:03,838 [81b856d9-9a36-4380-a413-e28ef77684bb@group-64B1A5ED79F8-SegmentedRaftLogWorker] INFO  segmented.SegmentedRaftLogWorker (SegmentedRaftLogWorker.java:run(327)) - 81b856d9-9a36-4380-a413-e28ef77684bb@group-64B1A5ED79F8-SegmentedRaftLogWorker was interrupted, exiting. There are 0 tasks remaining in the queue.
2021-07-01 01:16:03,839 [c748cb90-cadf-4a6f-b345-cd4c71c9d1a6@group-222541F4572F-SegmentedRaftLogWorker] INFO  segmented.SegmentedRaftLogWorker (SegmentedRaftLogWorker.java:run(327)) - c748cb90-cadf-4a6f-b345-cd4c71c9d1a6@group-222541F4572F-SegmentedRaftLogWorker was interrupted, exiting. There are 0 tasks remaining in the queue.
2021-07-01 01:16:03,840 [Listener at 127.0.0.1/41923] INFO  segmented.SegmentedRaftLogWorker (SegmentedRaftLogWorker.java:close(237)) - c748cb90-cadf-4a6f-b345-cd4c71c9d1a6@group-222541F4572F-SegmentedRaftLogWorker close()
2021-07-01 01:16:03,840 [ForkJoinPool.commonPool-worker-1] INFO  segmented.SegmentedRaftLogWorker (SegmentedRaftLogWorker.java:close(237)) - 81b856d9-9a36-4380-a413-e28ef77684bb@group-64B1A5ED79F8-SegmentedRaftLogWorker close()
2021-07-01 01:16:03,841 [Listener at 127.0.0.1/41923] INFO  metrics.RatisMetrics (RatisMetrics.java:unregister(43)) - Unregistering Metrics Registry : ratis.log_worker.c748cb90-cadf-4a6f-b345-cd4c71c9d1a6@group-222541F4572F
2021-07-01 01:16:03,842 [Listener at 127.0.0.1/41923] INFO  metrics.RatisMetrics (RatisMetrics.java:unregister(43)) - Unregistering Metrics Registry : ratis.leader_election.c748cb90-cadf-4a6f-b345-cd4c71c9d1a6@group-222541F4572F
2021-07-01 01:16:03,842 [Listener at 127.0.0.1/41923] INFO  metrics.RatisMetrics (RatisMetrics.java:unregister(43)) - Unregistering Metrics Registry : ratis.server.c748cb90-cadf-4a6f-b345-cd4c71c9d1a6@group-222541F4572F
2021-07-01 01:16:03,842 [Listener at 127.0.0.1/41923] INFO  server.RaftServer$Division (RaftServerImpl.java:lambda$close$4(406)) - c748cb90-cadf-4a6f-b345-cd4c71c9d1a6@group-C31066236865: shutdown
2021-07-01 01:16:03,842 [Listener at 127.0.0.1/41923] INFO  util.JmxRegister (JmxRegister.java:unregister(73)) - Successfully un-registered JMX Bean with object name Ratis:service=RaftServer,group=group-C31066236865,id=c748cb90-cadf-4a6f-b345-cd4c71c9d1a6
2021-07-01 01:16:03,842 [Listener at 127.0.0.1/41923] INFO  impl.RoleInfo (RoleInfo.java:shutdownLeaderState(91)) - c748cb90-cadf-4a6f-b345-cd4c71c9d1a6: shutdown c748cb90-cadf-4a6f-b345-cd4c71c9d1a6@group-C31066236865-LeaderStateImpl
2021-07-01 01:16:03,842 [Listener at 127.0.0.1/41923] INFO  impl.PendingRequests (PendingRequests.java:sendNotLeaderResponses(249)) - c748cb90-cadf-4a6f-b345-cd4c71c9d1a6@group-C31066236865-PendingRequests: sendNotLeaderResponses
2021-07-01 01:16:03,843 [Listener at 127.0.0.1/41923] INFO  metrics.RatisMetrics (RatisMetrics.java:unregister(43)) - Unregistering Metrics Registry : ratis.log_appender.c748cb90-cadf-4a6f-b345-cd4c71c9d1a6@group-C31066236865
2021-07-01 01:16:03,843 [Listener at 127.0.0.1/41923] INFO  metrics.RatisMetrics (RatisMetrics.java:unregister(43)) - Unregistering Metrics Registry : ratis.server.c748cb90-cadf-4a6f-b345-cd4c71c9d1a6@group-C31066236865
2021-07-01 01:16:03,846 [ForkJoinPool.commonPool-worker-1] INFO  metrics.RatisMetrics (RatisMetrics.java:unregister(43)) - Unregistering Metrics Registry : ratis.log_worker.81b856d9-9a36-4380-a413-e28ef77684bb@group-64B1A5ED79F8
2021-07-01 01:16:03,846 [ForkJoinPool.commonPool-worker-1] INFO  metrics.RatisMetrics (RatisMetrics.java:unregister(43)) - Unregistering Metrics Registry : ratis.leader_election.81b856d9-9a36-4380-a413-e28ef77684bb@group-64B1A5ED79F8
2021-07-01 01:16:03,846 [ForkJoinPool.commonPool-worker-1] INFO  metrics.RatisMetrics (RatisMetrics.java:unregister(43)) - Unregistering Metrics Registry : ratis.server.81b856d9-9a36-4380-a413-e28ef77684bb@group-64B1A5ED79F8
2021-07-01 01:16:03,846 [ForkJoinPool.commonPool-worker-1] INFO  server.RaftServer$Division (RaftServerImpl.java:lambda$close$4(406)) - 81b856d9-9a36-4380-a413-e28ef77684bb@group-222541F4572F: shutdown
2021-07-01 01:16:03,846 [ForkJoinPool.commonPool-worker-1] INFO  util.JmxRegister (JmxRegister.java:unregister(73)) - Successfully un-registered JMX Bean with object name Ratis:service=RaftServer,group=group-222541F4572F,id=81b856d9-9a36-4380-a413-e28ef77684bb
2021-07-01 01:16:03,846 [ForkJoinPool.commonPool-worker-1] INFO  impl.RoleInfo (RoleInfo.java:shutdownFollowerState(108)) - 81b856d9-9a36-4380-a413-e28ef77684bb: shutdown 81b856d9-9a36-4380-a413-e28ef77684bb@group-222541F4572F-FollowerState
2021-07-01 01:16:03,846 [81b856d9-9a36-4380-a413-e28ef77684bb@group-222541F4572F-FollowerState] INFO  impl.FollowerState (FollowerState.java:run(143)) - 81b856d9-9a36-4380-a413-e28ef77684bb@group-222541F4572F-FollowerState was interrupted: {}
java.lang.InterruptedException: sleep interrupted
	at java.lang.Thread.sleep(Native Method)
	at java.lang.Thread.sleep(Thread.java:340)
	at java.util.concurrent.TimeUnit.sleep(TimeUnit.java:386)
	at org.apache.ratis.util.TimeDuration.sleep(TimeDuration.java:324)
	at org.apache.ratis.util.TimeDuration.sleep(TimeDuration.java:309)
	at org.apache.ratis.server.impl.FollowerState.run(FollowerState.java:118)
2021-07-01 01:16:03,847 [81b856d9-9a36-4380-a413-e28ef77684bb@group-222541F4572F-StateMachineUpdater] INFO  ratis.ContainerStateMachine (ContainerStateMachine.java:takeSnapshot(291)) - group-222541F4572F: Taking a snapshot at:(t:5, i:0) file /home/runner/work/ozone/ozone/mnt/ozone/hadoop-ozone/integration-test/target/test-dir/MiniOzoneClusterImpl-603eb75f-c0c9-4b57-9906-10dc47a08d14/datanode-3/data/ratis/ac5b330d-a48d-4cf7-83ac-222541f4572f/sm/snapshot.5_0
2021-07-01 01:16:03,847 [ForkJoinPool.commonPool-worker-1] INFO  impl.StateMachineUpdater (StateMachineUpdater.java:stopAndJoin(149)) - 81b856d9-9a36-4380-a413-e28ef77684bb@group-222541F4572F-StateMachineUpdater: set stopIndex = 0
2021-07-01 01:16:03,847 [Listener at 127.0.0.1/41923] INFO  impl.StateMachineUpdater (StateMachineUpdater.java:stopAndJoin(149)) - c748cb90-cadf-4a6f-b345-cd4c71c9d1a6@group-C31066236865-StateMachineUpdater: set stopIndex = 0
2021-07-01 01:16:03,848 [c748cb90-cadf-4a6f-b345-cd4c71c9d1a6@group-C31066236865-StateMachineUpdater] INFO  ratis.ContainerStateMachine (ContainerStateMachine.java:takeSnapshot(291)) - group-C31066236865: Taking a snapshot at:(t:1, i:0) file /home/runner/work/ozone/ozone/mnt/ozone/hadoop-ozone/integration-test/target/test-dir/MiniOzoneClusterImpl-603eb75f-c0c9-4b57-9906-10dc47a08d14/datanode-5/data/ratis/2dbdaaf8-35c9-4f44-bbc0-c31066236865/sm/snapshot.1_0
2021-07-01 01:16:03,847 [81b856d9-9a36-4380-a413-e28ef77684bb@group-222541F4572F-StateMachineUpdater] INFO  ratis.ContainerStateMachine (ContainerStateMachine.java:takeSnapshot(302)) - group-222541F4572F: Finished taking a snapshot at:(t:5, i:0) file:/home/runner/work/ozone/ozone/mnt/ozone/hadoop-ozone/integration-test/target/test-dir/MiniOzoneClusterImpl-603eb75f-c0c9-4b57-9906-10dc47a08d14/datanode-3/data/ratis/ac5b330d-a48d-4cf7-83ac-222541f4572f/sm/snapshot.5_0 took: 1 ms
2021-07-01 01:16:03,848 [81b856d9-9a36-4380-a413-e28ef77684bb@group-222541F4572F-StateMachineUpdater] INFO  impl.StateMachineUpdater (StateMachineUpdater.java:takeSnapshot(281)) - 81b856d9-9a36-4380-a413-e28ef77684bb@group-222541F4572F-StateMachineUpdater: Took a snapshot at index 0
2021-07-01 01:16:03,848 [81b856d9-9a36-4380-a413-e28ef77684bb@group-222541F4572F-StateMachineUpdater] INFO  impl.StateMachineUpdater (StateMachineUpdater.java:lambda$new$0(89)) - 81b856d9-9a36-4380-a413-e28ef77684bb@group-222541F4572F-StateMachineUpdater: snapshotIndex: updateIncreasingly -1 -> 0
2021-07-01 01:16:03,848 [81b856d9-9a36-4380-a413-e28ef77684bb@group-222541F4572F-StateMachineUpdater] INFO  metrics.RatisMetrics (RatisMetrics.java:unregister(43)) - Unregistering Metrics Registry : ratis.state_machine.81b856d9-9a36-4380-a413-e28ef77684bb@group-222541F4572F
2021-07-01 01:16:03,848 [c748cb90-cadf-4a6f-b345-cd4c71c9d1a6@group-C31066236865-StateMachineUpdater] INFO  ratis.ContainerStateMachine (ContainerStateMachine.java:takeSnapshot(302)) - group-C31066236865: Finished taking a snapshot at:(t:1, i:0) file:/home/runner/work/ozone/ozone/mnt/ozone/hadoop-ozone/integration-test/target/test-dir/MiniOzoneClusterImpl-603eb75f-c0c9-4b57-9906-10dc47a08d14/datanode-5/data/ratis/2dbdaaf8-35c9-4f44-bbc0-c31066236865/sm/snapshot.1_0 took: 0 ms
2021-07-01 01:16:03,848 [ForkJoinPool.commonPool-worker-1] INFO  server.RaftServer$Division (ServerState.java:close(405)) - 81b856d9-9a36-4380-a413-e28ef77684bb@group-222541F4572F: closes. applyIndex: 0
2021-07-01 01:16:03,848 [c748cb90-cadf-4a6f-b345-cd4c71c9d1a6@group-C31066236865-StateMachineUpdater] INFO  impl.StateMachineUpdater (StateMachineUpdater.java:takeSnapshot(281)) - c748cb90-cadf-4a6f-b345-cd4c71c9d1a6@group-C31066236865-StateMachineUpdater: Took a snapshot at index 0
2021-07-01 01:16:03,848 [c748cb90-cadf-4a6f-b345-cd4c71c9d1a6@group-C31066236865-StateMachineUpdater] INFO  impl.StateMachineUpdater (StateMachineUpdater.java:lambda$new$0(89)) - c748cb90-cadf-4a6f-b345-cd4c71c9d1a6@group-C31066236865-StateMachineUpdater: snapshotIndex: updateIncreasingly -1 -> 0
2021-07-01 01:16:03,848 [81b856d9-9a36-4380-a413-e28ef77684bb@group-222541F4572F-SegmentedRaftLogWorker] INFO  segmented.SegmentedRaftLogWorker (SegmentedRaftLogWorker.java:run(327)) - 81b856d9-9a36-4380-a413-e28ef77684bb@group-222541F4572F-SegmentedRaftLogWorker was interrupted, exiting. There are 0 tasks remaining in the queue.
2021-07-01 01:16:03,849 [c748cb90-cadf-4a6f-b345-cd4c71c9d1a6@group-C31066236865-StateMachineUpdater] INFO  metrics.RatisMetrics (RatisMetrics.java:unregister(43)) - Unregistering Metrics Registry : ratis.state_machine.c748cb90-cadf-4a6f-b345-cd4c71c9d1a6@group-C31066236865
2021-07-01 01:16:03,849 [Listener at 127.0.0.1/41923] INFO  server.RaftServer$Division (ServerState.java:close(405)) - c748cb90-cadf-4a6f-b345-cd4c71c9d1a6@group-C31066236865: closes. applyIndex: 0
2021-07-01 01:16:03,851 [c748cb90-cadf-4a6f-b345-cd4c71c9d1a6@group-C31066236865-SegmentedRaftLogWorker] INFO  segmented.SegmentedRaftLogWorker (SegmentedRaftLogWorker.java:run(327)) - c748cb90-cadf-4a6f-b345-cd4c71c9d1a6@group-C31066236865-SegmentedRaftLogWorker was interrupted, exiting. There are 0 tasks remaining in the queue.
2021-07-01 01:16:03,857 [ForkJoinPool.commonPool-worker-1] INFO  segmented.SegmentedRaftLogWorker (SegmentedRaftLogWorker.java:close(237)) - 81b856d9-9a36-4380-a413-e28ef77684bb@group-222541F4572F-SegmentedRaftLogWorker close()
2021-07-01 01:16:03,857 [Listener at 127.0.0.1/41923] INFO  segmented.SegmentedRaftLogWorker (SegmentedRaftLogWorker.java:close(237)) - c748cb90-cadf-4a6f-b345-cd4c71c9d1a6@group-C31066236865-SegmentedRaftLogWorker close()
2021-07-01 01:16:03,858 [ForkJoinPool.commonPool-worker-1] INFO  metrics.RatisMetrics (RatisMetrics.java:unregister(43)) - Unregistering Metrics Registry : ratis.log_worker.81b856d9-9a36-4380-a413-e28ef77684bb@group-222541F4572F
2021-07-01 01:16:03,858 [ForkJoinPool.commonPool-worker-1] INFO  metrics.RatisMetrics (RatisMetrics.java:unregister(43)) - Unregistering Metrics Registry : ratis.leader_election.81b856d9-9a36-4380-a413-e28ef77684bb@group-222541F4572F
2021-07-01 01:16:03,858 [ForkJoinPool.commonPool-worker-1] INFO  metrics.RatisMetrics (RatisMetrics.java:unregister(43)) - Unregistering Metrics Registry : ratis.server.81b856d9-9a36-4380-a413-e28ef77684bb@group-222541F4572F
2021-07-01 01:16:03,859 [ForkJoinPool.commonPool-worker-1] INFO  server.GrpcService (GrpcService.java:closeImpl(262)) - 81b856d9-9a36-4380-a413-e28ef77684bb: shutdown server with port 42305 now
2021-07-01 01:16:03,859 [Listener at 127.0.0.1/41923] INFO  metrics.RatisMetrics (RatisMetrics.java:unregister(43)) - Unregistering Metrics Registry : ratis.log_worker.c748cb90-cadf-4a6f-b345-cd4c71c9d1a6@group-C31066236865
2021-07-01 01:16:03,860 [Listener at 127.0.0.1/41923] INFO  metrics.RatisMetrics (RatisMetrics.java:unregister(43)) - Unregistering Metrics Registry : ratis.leader_election.c748cb90-cadf-4a6f-b345-cd4c71c9d1a6@group-C31066236865
2021-07-01 01:16:03,860 [Listener at 127.0.0.1/41923] INFO  metrics.RatisMetrics (RatisMetrics.java:unregister(43)) - Unregistering Metrics Registry : ratis.server.c748cb90-cadf-4a6f-b345-cd4c71c9d1a6@group-C31066236865
2021-07-01 01:16:03,863 [Listener at 127.0.0.1/41923] INFO  server.GrpcService (GrpcService.java:closeImpl(262)) - c748cb90-cadf-4a6f-b345-cd4c71c9d1a6: shutdown server with port 37099 now
2021-07-01 01:16:03,864 [ForkJoinPool.commonPool-worker-1] INFO  server.GrpcService (GrpcService.java:closeImpl(271)) - 81b856d9-9a36-4380-a413-e28ef77684bb: shutdown server with port 42305 successfully
2021-07-01 01:16:03,865 [org.apache.ratis.util.JvmPauseMonitor$$Lambda$514/857811686@7fb91747] INFO  util.JvmPauseMonitor (JvmPauseMonitor.java:run(109)) - JvmPauseMonitor-81b856d9-9a36-4380-a413-e28ef77684bb: Stopped
2021-07-01 01:16:03,868 [Listener at 127.0.0.1/41923] INFO  server.GrpcService (GrpcService.java:closeImpl(271)) - c748cb90-cadf-4a6f-b345-cd4c71c9d1a6: shutdown server with port 37099 successfully
2021-07-01 01:16:03,869 [org.apache.ratis.util.JvmPauseMonitor$$Lambda$514/857811686@7a7adde3] INFO  util.JvmPauseMonitor (JvmPauseMonitor.java:run(109)) - JvmPauseMonitor-c748cb90-cadf-4a6f-b345-cd4c71c9d1a6: Stopped
2021-07-01 01:16:03,869 [ForkJoinPool.commonPool-worker-1] INFO  utils.BackgroundService (BackgroundService.java:shutdown(132)) - Shutting down service BlockDeletingService
2021-07-01 01:16:03,872 [ForkJoinPool.commonPool-worker-1] INFO  statemachine.DatanodeStateMachine (DatanodeStateMachine.java:stopDaemon(488)) - Ozone container server stopped.
2021-07-01 01:16:03,872 [Listener at 127.0.0.1/41923] INFO  utils.BackgroundService (BackgroundService.java:shutdown(132)) - Shutting down service BlockDeletingService
2021-07-01 01:16:03,875 [ForkJoinPool.commonPool-worker-1] INFO  handler.ContextHandler (ContextHandler.java:doStop(1154)) - Stopped o.e.j.w.WebAppContext@1ad30f6e{hddsDatanode,/,null,STOPPED}{jar:file:/home/runner/.m2/repository/org/apache/ozone/hdds-container-service/1.2.0-SNAPSHOT/hdds-container-service-1.2.0-SNAPSHOT.jar!/webapps/hddsDatanode}
2021-07-01 01:16:03,876 [Listener at 127.0.0.1/41923] INFO  statemachine.DatanodeStateMachine (DatanodeStateMachine.java:stopDaemon(488)) - Ozone container server stopped.
2021-07-01 01:16:03,876 [ForkJoinPool.commonPool-worker-1] INFO  server.AbstractConnector (AbstractConnector.java:doStop(381)) - Stopped ServerConnector@3aabf6ae{HTTP/1.1, (http/1.1)}{0.0.0.0:0}
2021-07-01 01:16:03,876 [ForkJoinPool.commonPool-worker-1] INFO  server.session (HouseKeeper.java:stopScavenging(149)) - node0 Stopped scavenging
2021-07-01 01:16:03,877 [ForkJoinPool.commonPool-worker-1] INFO  handler.ContextHandler (ContextHandler.java:doStop(1154)) - Stopped o.e.j.s.ServletContextHandler@5175d07d{static,/static,jar:file:/home/runner/.m2/repository/org/apache/ozone/hdds-container-service/1.2.0-SNAPSHOT/hdds-container-service-1.2.0-SNAPSHOT.jar!/webapps/static,STOPPED}
2021-07-01 01:16:03,877 [ForkJoinPool.commonPool-worker-1] INFO  handler.ContextHandler (ContextHandler.java:doStop(1154)) - Stopped o.e.j.s.ServletContextHandler@413d8c78{logs,/logs,file:///home/runner/work/ozone/ozone/mnt/ozone/hadoop-ozone/integration-test/target/log,STOPPED}
2021-07-01 01:16:03,881 [Listener at 127.0.0.1/41923] INFO  handler.ContextHandler (ContextHandler.java:doStop(1154)) - Stopped o.e.j.w.WebAppContext@563e87c3{hddsDatanode,/,null,STOPPED}{jar:file:/home/runner/.m2/repository/org/apache/ozone/hdds-container-service/1.2.0-SNAPSHOT/hdds-container-service-1.2.0-SNAPSHOT.jar!/webapps/hddsDatanode}
2021-07-01 01:16:03,881 [Listener at 127.0.0.1/41923] INFO  server.AbstractConnector (AbstractConnector.java:doStop(381)) - Stopped ServerConnector@6b475c1e{HTTP/1.1, (http/1.1)}{0.0.0.0:0}
2021-07-01 01:16:03,881 [Listener at 127.0.0.1/41923] INFO  server.session (HouseKeeper.java:stopScavenging(149)) - node0 Stopped scavenging
2021-07-01 01:16:03,882 [Listener at 127.0.0.1/41923] INFO  handler.ContextHandler (ContextHandler.java:doStop(1154)) - Stopped o.e.j.s.ServletContextHandler@3bee1bb3{static,/static,jar:file:/home/runner/.m2/repository/org/apache/ozone/hdds-container-service/1.2.0-SNAPSHOT/hdds-container-service-1.2.0-SNAPSHOT.jar!/webapps/static,STOPPED}
2021-07-01 01:16:03,882 [Listener at 127.0.0.1/41923] INFO  handler.ContextHandler (ContextHandler.java:doStop(1154)) - Stopped o.e.j.s.ServletContextHandler@7fca1531{logs,/logs,file:///home/runner/work/ozone/ozone/mnt/ozone/hadoop-ozone/integration-test/target/log,STOPPED}
2021-07-01 01:16:04,398 [Datanode State Machine Thread - 0] INFO  statemachine.DatanodeStateMachine (DatanodeStateMachine.java:lambda$startDaemon$0(430)) - Ozone container server started.
2021-07-01 01:16:04,507 [Datanode State Machine Thread - 0] INFO  statemachine.DatanodeStateMachine (DatanodeStateMachine.java:lambda$startDaemon$0(430)) - Ozone container server started.
2021-07-01 01:16:05,385 [grpc-default-executor-2] WARN  server.GrpcLogAppender (LogUtils.java:warn(122)) - 12e155f9-24cd-4496-9fcd-b734ad3c03a4@group-3F477C9B4374->80320f5a-6cd9-4eb7-9dbc-d52eb94c4b51-AppendLogResponseHandler: Failed appendEntries: org.apache.ratis.thirdparty.io.grpc.StatusRuntimeException: UNAVAILABLE: io exception
2021-07-01 01:16:05,386 [grpc-default-executor-2] INFO  leader.FollowerInfo (FollowerInfoImpl.java:lambda$new$0(46)) - 12e155f9-24cd-4496-9fcd-b734ad3c03a4@group-3F477C9B4374->80320f5a-6cd9-4eb7-9dbc-d52eb94c4b51: nextIndex: updateUnconditionally 3 -> 2
2021-07-01 01:16:07,886 [grpc-default-executor-0] WARN  server.GrpcLogAppender (LogUtils.java:warn(122)) - 12e155f9-24cd-4496-9fcd-b734ad3c03a4@group-3F477C9B4374->80320f5a-6cd9-4eb7-9dbc-d52eb94c4b51-AppendLogResponseHandler: Failed appendEntries: org.apache.ratis.thirdparty.io.grpc.StatusRuntimeException: UNAVAILABLE: io exception
2021-07-01 01:16:07,886 [grpc-default-executor-0] INFO  leader.FollowerInfo (FollowerInfoImpl.java:lambda$new$0(46)) - 12e155f9-24cd-4496-9fcd-b734ad3c03a4@group-3F477C9B4374->80320f5a-6cd9-4eb7-9dbc-d52eb94c4b51: nextIndex: updateUnconditionally 3 -> 2
2021-07-01 01:16:08,659 [e5bed959-61e5-441f-8857-6d0fdb7b4033@group-0BC9F4275829-FollowerState] INFO  impl.FollowerState (FollowerState.java:run(134)) - e5bed959-61e5-441f-8857-6d0fdb7b4033@group-0BC9F4275829-FollowerState: change to CANDIDATE, lastRpcElapsedTime:5011458870ns, electionTimeout:5006ms
2021-07-01 01:16:08,659 [e5bed959-61e5-441f-8857-6d0fdb7b4033@group-0BC9F4275829-FollowerState] INFO  impl.RoleInfo (RoleInfo.java:shutdownFollowerState(108)) - e5bed959-61e5-441f-8857-6d0fdb7b4033: shutdown e5bed959-61e5-441f-8857-6d0fdb7b4033@group-0BC9F4275829-FollowerState
2021-07-01 01:16:08,659 [e5bed959-61e5-441f-8857-6d0fdb7b4033@group-0BC9F4275829-FollowerState] INFO  server.RaftServer$Division (RaftServerImpl.java:setRole(284)) - e5bed959-61e5-441f-8857-6d0fdb7b4033@group-0BC9F4275829: changes role from  FOLLOWER to CANDIDATE at term 6 for changeToCandidate
2021-07-01 01:16:08,659 [e5bed959-61e5-441f-8857-6d0fdb7b4033@group-0BC9F4275829-FollowerState] INFO  server.RaftServerConfigKeys (ConfUtils.java:logGet(44)) - raft.server.leaderelection.pre-vote = false (custom)
2021-07-01 01:16:08,659 [e5bed959-61e5-441f-8857-6d0fdb7b4033@group-0BC9F4275829-FollowerState] INFO  impl.RoleInfo (RoleInfo.java:updateAndGet(130)) - e5bed959-61e5-441f-8857-6d0fdb7b4033: start e5bed959-61e5-441f-8857-6d0fdb7b4033@group-0BC9F4275829-LeaderElection45
2021-07-01 01:16:08,661 [e5bed959-61e5-441f-8857-6d0fdb7b4033@group-0BC9F4275829-LeaderElection45] INFO  impl.LeaderElection (LeaderElection.java:askForVotes(306)) - e5bed959-61e5-441f-8857-6d0fdb7b4033@group-0BC9F4275829-LeaderElection45 ELECTION round 0: submit vote requests at term 7 for -1: [74d0c323-91d1-42ce-a7ad-5ac80fac4338|rpc:10.1.0.5:46795|dataStream:|priority:0, 2c5425c6-dd7c-4ec0-8033-4e93d4830dbf|rpc:10.1.0.5:44955|dataStream:|priority:1, e5bed959-61e5-441f-8857-6d0fdb7b4033|rpc:10.1.0.5:45539|dataStream:|priority:0], old=null
2021-07-01 01:16:08,663 [grpc-default-executor-0] INFO  server.RaftServer$Division (RaftServerImpl.java:requestVote(1042)) - 74d0c323-91d1-42ce-a7ad-5ac80fac4338@group-0BC9F4275829: receive requestVote(ELECTION, e5bed959-61e5-441f-8857-6d0fdb7b4033, group-0BC9F4275829, 7, (t:0, i:0))
2021-07-01 01:16:08,663 [grpc-default-executor-0] INFO  impl.VoteContext (VoteContext.java:log(48)) - 74d0c323-91d1-42ce-a7ad-5ac80fac4338@group-0BC9F4275829-FOLLOWER: accept ELECTION from e5bed959-61e5-441f-8857-6d0fdb7b4033: our priority 0 <= candidate's priority 0
2021-07-01 01:16:08,663 [grpc-default-executor-0] INFO  server.RaftServer$Division (RaftServerImpl.java:setRole(284)) - 74d0c323-91d1-42ce-a7ad-5ac80fac4338@group-0BC9F4275829: changes role from  FOLLOWER to FOLLOWER at term 7 for candidate:e5bed959-61e5-441f-8857-6d0fdb7b4033
2021-07-01 01:16:08,663 [grpc-default-executor-0] INFO  impl.RoleInfo (RoleInfo.java:shutdownFollowerState(108)) - 74d0c323-91d1-42ce-a7ad-5ac80fac4338: shutdown 74d0c323-91d1-42ce-a7ad-5ac80fac4338@group-0BC9F4275829-FollowerState
2021-07-01 01:16:08,663 [grpc-default-executor-0] INFO  impl.RoleInfo (RoleInfo.java:updateAndGet(130)) - 74d0c323-91d1-42ce-a7ad-5ac80fac4338: start 74d0c323-91d1-42ce-a7ad-5ac80fac4338@group-0BC9F4275829-FollowerState
2021-07-01 01:16:08,664 [74d0c323-91d1-42ce-a7ad-5ac80fac4338@group-0BC9F4275829-FollowerState] INFO  impl.FollowerState (FollowerState.java:run(143)) - 74d0c323-91d1-42ce-a7ad-5ac80fac4338@group-0BC9F4275829-FollowerState was interrupted: {}
java.lang.InterruptedException: sleep interrupted
	at java.lang.Thread.sleep(Native Method)
	at java.lang.Thread.sleep(Thread.java:340)
	at java.util.concurrent.TimeUnit.sleep(TimeUnit.java:386)
	at org.apache.ratis.util.TimeDuration.sleep(TimeDuration.java:324)
	at org.apache.ratis.util.TimeDuration.sleep(TimeDuration.java:309)
	at org.apache.ratis.server.impl.FollowerState.run(FollowerState.java:118)
2021-07-01 01:16:08,664 [grpc-default-executor-2] INFO  server.RaftServer$Division (RaftServerImpl.java:requestVote(1042)) - 2c5425c6-dd7c-4ec0-8033-4e93d4830dbf@group-0BC9F4275829: receive requestVote(ELECTION, e5bed959-61e5-441f-8857-6d0fdb7b4033, group-0BC9F4275829, 7, (t:0, i:0))
2021-07-01 01:16:08,664 [grpc-default-executor-2] INFO  impl.VoteContext (VoteContext.java:log(48)) - 2c5425c6-dd7c-4ec0-8033-4e93d4830dbf@group-0BC9F4275829-FOLLOWER: reject ELECTION from e5bed959-61e5-441f-8857-6d0fdb7b4033: our priority 1 > candidate's priority 0
2021-07-01 01:16:08,664 [grpc-default-executor-2] INFO  server.RaftServer$Division (RaftServerImpl.java:setRole(284)) - 2c5425c6-dd7c-4ec0-8033-4e93d4830dbf@group-0BC9F4275829: changes role from  FOLLOWER to FOLLOWER at term 7 for candidate:e5bed959-61e5-441f-8857-6d0fdb7b4033
2021-07-01 01:16:08,664 [grpc-default-executor-2] INFO  impl.RoleInfo (RoleInfo.java:shutdownFollowerState(108)) - 2c5425c6-dd7c-4ec0-8033-4e93d4830dbf: shutdown 2c5425c6-dd7c-4ec0-8033-4e93d4830dbf@group-0BC9F4275829-FollowerState
2021-07-01 01:16:08,664 [grpc-default-executor-2] INFO  impl.RoleInfo (RoleInfo.java:updateAndGet(130)) - 2c5425c6-dd7c-4ec0-8033-4e93d4830dbf: start 2c5425c6-dd7c-4ec0-8033-4e93d4830dbf@group-0BC9F4275829-FollowerState
2021-07-01 01:16:08,665 [2c5425c6-dd7c-4ec0-8033-4e93d4830dbf@group-0BC9F4275829-FollowerState] INFO  impl.FollowerState (FollowerState.java:run(143)) - 2c5425c6-dd7c-4ec0-8033-4e93d4830dbf@group-0BC9F4275829-FollowerState was interrupted: {}
java.lang.InterruptedException: sleep interrupted
	at java.lang.Thread.sleep(Native Method)
	at java.lang.Thread.sleep(Thread.java:340)
	at java.util.concurrent.TimeUnit.sleep(TimeUnit.java:386)
	at org.apache.ratis.util.TimeDuration.sleep(TimeDuration.java:324)
	at org.apache.ratis.util.TimeDuration.sleep(TimeDuration.java:309)
	at org.apache.ratis.server.impl.FollowerState.run(FollowerState.java:118)
2021-07-01 01:16:08,665 [grpc-default-executor-0] INFO  server.RaftServer$Division (RaftServerImpl.java:requestVote(1074)) - 74d0c323-91d1-42ce-a7ad-5ac80fac4338@group-0BC9F4275829 replies to ELECTION vote request: e5bed959-61e5-441f-8857-6d0fdb7b4033<-74d0c323-91d1-42ce-a7ad-5ac80fac4338#0:OK-t7. Peer's state: 74d0c323-91d1-42ce-a7ad-5ac80fac4338@group-0BC9F4275829:t7, leader=null, voted=e5bed959-61e5-441f-8857-6d0fdb7b4033, raftlog=74d0c323-91d1-42ce-a7ad-5ac80fac4338@group-0BC9F4275829-SegmentedRaftLog:OPENED:c-1,f-1,i0, conf=-1: [74d0c323-91d1-42ce-a7ad-5ac80fac4338|rpc:10.1.0.5:46795|priority:0, 2c5425c6-dd7c-4ec0-8033-4e93d4830dbf|rpc:10.1.0.5:44955|priority:1, e5bed959-61e5-441f-8857-6d0fdb7b4033|rpc:10.1.0.5:45539|priority:0], old=null
2021-07-01 01:16:08,666 [grpc-default-executor-2] INFO  server.RaftServer$Division (RaftServerImpl.java:requestVote(1074)) - 2c5425c6-dd7c-4ec0-8033-4e93d4830dbf@group-0BC9F4275829 replies to ELECTION vote request: e5bed959-61e5-441f-8857-6d0fdb7b4033<-2c5425c6-dd7c-4ec0-8033-4e93d4830dbf#0:FAIL-t7. Peer's state: 2c5425c6-dd7c-4ec0-8033-4e93d4830dbf@group-0BC9F4275829:t7, leader=null, voted=null, raftlog=2c5425c6-dd7c-4ec0-8033-4e93d4830dbf@group-0BC9F4275829-SegmentedRaftLog:OPENED:c-1,f-1,i0, conf=-1: [74d0c323-91d1-42ce-a7ad-5ac80fac4338|rpc:10.1.0.5:46795|dataStream:|priority:0, 2c5425c6-dd7c-4ec0-8033-4e93d4830dbf|rpc:10.1.0.5:44955|dataStream:|priority:1, e5bed959-61e5-441f-8857-6d0fdb7b4033|rpc:10.1.0.5:45539|dataStream:|priority:0], old=null
2021-07-01 01:16:08,667 [e5bed959-61e5-441f-8857-6d0fdb7b4033@group-0BC9F4275829-LeaderElection45] INFO  impl.LeaderElection (LeaderElection.java:logAndReturn(89)) - e5bed959-61e5-441f-8857-6d0fdb7b4033@group-0BC9F4275829-LeaderElection45: ELECTION REJECTED received 2 response(s) and 0 exception(s):
2021-07-01 01:16:08,667 [e5bed959-61e5-441f-8857-6d0fdb7b4033@group-0BC9F4275829-LeaderElection45] INFO  impl.LeaderElection (LeaderElection.java:logAndReturn(93)) -   Response 0: e5bed959-61e5-441f-8857-6d0fdb7b4033<-74d0c323-91d1-42ce-a7ad-5ac80fac4338#0:OK-t7
2021-07-01 01:16:08,667 [e5bed959-61e5-441f-8857-6d0fdb7b4033@group-0BC9F4275829-LeaderElection45] INFO  impl.LeaderElection (LeaderElection.java:logAndReturn(93)) -   Response 1: e5bed959-61e5-441f-8857-6d0fdb7b4033<-2c5425c6-dd7c-4ec0-8033-4e93d4830dbf#0:FAIL-t7
2021-07-01 01:16:08,667 [e5bed959-61e5-441f-8857-6d0fdb7b4033@group-0BC9F4275829-LeaderElection45] INFO  impl.LeaderElection (LeaderElection.java:askForVotes(308)) - e5bed959-61e5-441f-8857-6d0fdb7b4033@group-0BC9F4275829-LeaderElection45 ELECTION round 0: result REJECTED
2021-07-01 01:16:08,667 [e5bed959-61e5-441f-8857-6d0fdb7b4033@group-0BC9F4275829-LeaderElection45] INFO  server.RaftServer$Division (RaftServerImpl.java:setRole(284)) - e5bed959-61e5-441f-8857-6d0fdb7b4033@group-0BC9F4275829: changes role from CANDIDATE to FOLLOWER at term 7 for REJECTED
2021-07-01 01:16:08,667 [e5bed959-61e5-441f-8857-6d0fdb7b4033@group-0BC9F4275829-LeaderElection45] INFO  impl.RoleInfo (RoleInfo.java:shutdownLeaderElection(121)) - e5bed959-61e5-441f-8857-6d0fdb7b4033: shutdown e5bed959-61e5-441f-8857-6d0fdb7b4033@group-0BC9F4275829-LeaderElection45
2021-07-01 01:16:08,667 [e5bed959-61e5-441f-8857-6d0fdb7b4033@group-0BC9F4275829-LeaderElection45] INFO  impl.RoleInfo (RoleInfo.java:updateAndGet(130)) - e5bed959-61e5-441f-8857-6d0fdb7b4033: start e5bed959-61e5-441f-8857-6d0fdb7b4033@group-0BC9F4275829-FollowerState
2021-07-01 01:16:08,879 [ForkJoinPool.commonPool-worker-1] INFO  ozoneimpl.OzoneContainer (OzoneContainer.java:stop(326)) - Attempting to stop container services.
2021-07-01 01:16:08,879 [ForkJoinPool.commonPool-worker-1] INFO  server.RaftServer (RaftServerProxy.java:lambda$close$6(391)) - a8e60af1-b0b5-4e51-add8-0d393ff38b25: close
2021-07-01 01:16:08,879 [ForkJoinPool.commonPool-worker-1] INFO  server.RaftServer$Division (RaftServerImpl.java:lambda$close$4(406)) - a8e60af1-b0b5-4e51-add8-0d393ff38b25@group-C472C5E57489: shutdown
2021-07-01 01:16:08,880 [ForkJoinPool.commonPool-worker-1] INFO  util.JmxRegister (JmxRegister.java:unregister(73)) - Successfully un-registered JMX Bean with object name Ratis:service=RaftServer,group=group-C472C5E57489,id=a8e60af1-b0b5-4e51-add8-0d393ff38b25
2021-07-01 01:16:08,880 [ForkJoinPool.commonPool-worker-1] INFO  impl.RoleInfo (RoleInfo.java:shutdownLeaderState(91)) - a8e60af1-b0b5-4e51-add8-0d393ff38b25: shutdown a8e60af1-b0b5-4e51-add8-0d393ff38b25@group-C472C5E57489-LeaderStateImpl
2021-07-01 01:16:08,880 [ForkJoinPool.commonPool-worker-1] INFO  impl.PendingRequests (PendingRequests.java:sendNotLeaderResponses(249)) - a8e60af1-b0b5-4e51-add8-0d393ff38b25@group-C472C5E57489-PendingRequests: sendNotLeaderResponses
2021-07-01 01:16:08,880 [ForkJoinPool.commonPool-worker-1] INFO  metrics.RatisMetrics (RatisMetrics.java:unregister(43)) - Unregistering Metrics Registry : ratis.log_appender.a8e60af1-b0b5-4e51-add8-0d393ff38b25@group-C472C5E57489
2021-07-01 01:16:08,880 [ForkJoinPool.commonPool-worker-1] INFO  metrics.RatisMetrics (RatisMetrics.java:unregister(43)) - Unregistering Metrics Registry : ratis.server.a8e60af1-b0b5-4e51-add8-0d393ff38b25@group-C472C5E57489
2021-07-01 01:16:08,880 [ForkJoinPool.commonPool-worker-1] INFO  impl.StateMachineUpdater (StateMachineUpdater.java:stopAndJoin(149)) - a8e60af1-b0b5-4e51-add8-0d393ff38b25@group-C472C5E57489-StateMachineUpdater: set stopIndex = 0
2021-07-01 01:16:08,881 [a8e60af1-b0b5-4e51-add8-0d393ff38b25@group-C472C5E57489-StateMachineUpdater] INFO  ratis.ContainerStateMachine (ContainerStateMachine.java:takeSnapshot(291)) - group-C472C5E57489: Taking a snapshot at:(t:1, i:0) file /home/runner/work/ozone/ozone/mnt/ozone/hadoop-ozone/integration-test/target/test-dir/MiniOzoneClusterImpl-603eb75f-c0c9-4b57-9906-10dc47a08d14/datanode-0/data/ratis/4bcbe9cf-9eeb-453c-9aa9-c472c5e57489/sm/snapshot.1_0
2021-07-01 01:16:08,882 [a8e60af1-b0b5-4e51-add8-0d393ff38b25@group-C472C5E57489-StateMachineUpdater] INFO  ratis.ContainerStateMachine (ContainerStateMachine.java:takeSnapshot(302)) - group-C472C5E57489: Finished taking a snapshot at:(t:1, i:0) file:/home/runner/work/ozone/ozone/mnt/ozone/hadoop-ozone/integration-test/target/test-dir/MiniOzoneClusterImpl-603eb75f-c0c9-4b57-9906-10dc47a08d14/datanode-0/data/ratis/4bcbe9cf-9eeb-453c-9aa9-c472c5e57489/sm/snapshot.1_0 took: 1 ms
2021-07-01 01:16:08,882 [a8e60af1-b0b5-4e51-add8-0d393ff38b25@group-C472C5E57489-StateMachineUpdater] INFO  impl.StateMachineUpdater (StateMachineUpdater.java:takeSnapshot(281)) - a8e60af1-b0b5-4e51-add8-0d393ff38b25@group-C472C5E57489-StateMachineUpdater: Took a snapshot at index 0
2021-07-01 01:16:08,882 [a8e60af1-b0b5-4e51-add8-0d393ff38b25@group-C472C5E57489-StateMachineUpdater] INFO  impl.StateMachineUpdater (StateMachineUpdater.java:lambda$new$0(89)) - a8e60af1-b0b5-4e51-add8-0d393ff38b25@group-C472C5E57489-StateMachineUpdater: snapshotIndex: updateIncreasingly -1 -> 0
2021-07-01 01:16:08,882 [a8e60af1-b0b5-4e51-add8-0d393ff38b25@group-C472C5E57489-StateMachineUpdater] INFO  metrics.RatisMetrics (RatisMetrics.java:unregister(43)) - Unregistering Metrics Registry : ratis.state_machine.a8e60af1-b0b5-4e51-add8-0d393ff38b25@group-C472C5E57489
2021-07-01 01:16:08,884 [ForkJoinPool.commonPool-worker-1] INFO  server.RaftServer$Division (ServerState.java:close(405)) - a8e60af1-b0b5-4e51-add8-0d393ff38b25@group-C472C5E57489: closes. applyIndex: 0
2021-07-01 01:16:08,884 [a8e60af1-b0b5-4e51-add8-0d393ff38b25@group-C472C5E57489-SegmentedRaftLogWorker] INFO  segmented.SegmentedRaftLogWorker (SegmentedRaftLogWorker.java:run(327)) - a8e60af1-b0b5-4e51-add8-0d393ff38b25@group-C472C5E57489-SegmentedRaftLogWorker was interrupted, exiting. There are 0 tasks remaining in the queue.
2021-07-01 01:16:08,884 [Listener at 127.0.0.1/41923] INFO  ozoneimpl.OzoneContainer (OzoneContainer.java:stop(326)) - Attempting to stop container services.
2021-07-01 01:16:08,886 [ForkJoinPool.commonPool-worker-1] INFO  segmented.SegmentedRaftLogWorker (SegmentedRaftLogWorker.java:close(237)) - a8e60af1-b0b5-4e51-add8-0d393ff38b25@group-C472C5E57489-SegmentedRaftLogWorker close()
2021-07-01 01:16:08,886 [Listener at 127.0.0.1/41923] INFO  server.RaftServer (RaftServerProxy.java:lambda$close$6(391)) - e5bed959-61e5-441f-8857-6d0fdb7b4033: close
2021-07-01 01:16:08,886 [Listener at 127.0.0.1/41923] INFO  server.RaftServer$Division (RaftServerImpl.java:lambda$close$4(406)) - e5bed959-61e5-441f-8857-6d0fdb7b4033@group-A8D8BCAA687C: shutdown
2021-07-01 01:16:08,886 [Listener at 127.0.0.1/41923] INFO  util.JmxRegister (JmxRegister.java:unregister(73)) - Successfully un-registered JMX Bean with object name Ratis:service=RaftServer,group=group-A8D8BCAA687C,id=e5bed959-61e5-441f-8857-6d0fdb7b4033
2021-07-01 01:16:08,886 [Listener at 127.0.0.1/41923] INFO  impl.RoleInfo (RoleInfo.java:shutdownLeaderState(91)) - e5bed959-61e5-441f-8857-6d0fdb7b4033: shutdown e5bed959-61e5-441f-8857-6d0fdb7b4033@group-A8D8BCAA687C-LeaderStateImpl
2021-07-01 01:16:08,886 [Listener at 127.0.0.1/41923] INFO  impl.PendingRequests (PendingRequests.java:sendNotLeaderResponses(249)) - e5bed959-61e5-441f-8857-6d0fdb7b4033@group-A8D8BCAA687C-PendingRequests: sendNotLeaderResponses
2021-07-01 01:16:08,887 [Listener at 127.0.0.1/41923] INFO  metrics.RatisMetrics (RatisMetrics.java:unregister(43)) - Unregistering Metrics Registry : ratis.log_appender.e5bed959-61e5-441f-8857-6d0fdb7b4033@group-A8D8BCAA687C
2021-07-01 01:16:08,887 [Listener at 127.0.0.1/41923] INFO  metrics.RatisMetrics (RatisMetrics.java:unregister(43)) - Unregistering Metrics Registry : ratis.server.e5bed959-61e5-441f-8857-6d0fdb7b4033@group-A8D8BCAA687C
2021-07-01 01:16:08,888 [Listener at 127.0.0.1/41923] INFO  impl.StateMachineUpdater (StateMachineUpdater.java:stopAndJoin(149)) - e5bed959-61e5-441f-8857-6d0fdb7b4033@group-A8D8BCAA687C-StateMachineUpdater: set stopIndex = 0
2021-07-01 01:16:08,888 [e5bed959-61e5-441f-8857-6d0fdb7b4033@group-A8D8BCAA687C-StateMachineUpdater] INFO  ratis.ContainerStateMachine (ContainerStateMachine.java:takeSnapshot(291)) - group-A8D8BCAA687C: Taking a snapshot at:(t:1, i:0) file /home/runner/work/ozone/ozone/mnt/ozone/hadoop-ozone/integration-test/target/test-dir/MiniOzoneClusterImpl-603eb75f-c0c9-4b57-9906-10dc47a08d14/datanode-7/data/ratis/8e9d66ce-5266-4a7b-ba41-a8d8bcaa687c/sm/snapshot.1_0
2021-07-01 01:16:08,890 [ForkJoinPool.commonPool-worker-1] INFO  metrics.RatisMetrics (RatisMetrics.java:unregister(43)) - Unregistering Metrics Registry : ratis.log_worker.a8e60af1-b0b5-4e51-add8-0d393ff38b25@group-C472C5E57489
2021-07-01 01:16:08,890 [ForkJoinPool.commonPool-worker-1] INFO  metrics.RatisMetrics (RatisMetrics.java:unregister(43)) - Unregistering Metrics Registry : ratis.leader_election.a8e60af1-b0b5-4e51-add8-0d393ff38b25@group-C472C5E57489
2021-07-01 01:16:08,890 [ForkJoinPool.commonPool-worker-1] INFO  metrics.RatisMetrics (RatisMetrics.java:unregister(43)) - Unregistering Metrics Registry : ratis.server.a8e60af1-b0b5-4e51-add8-0d393ff38b25@group-C472C5E57489
2021-07-01 01:16:08,891 [ForkJoinPool.commonPool-worker-1] INFO  server.RaftServer$Division (RaftServerImpl.java:lambda$close$4(406)) - a8e60af1-b0b5-4e51-add8-0d393ff38b25@group-3F477C9B4374: shutdown
2021-07-01 01:16:08,891 [ForkJoinPool.commonPool-worker-1] INFO  util.JmxRegister (JmxRegister.java:unregister(73)) - Successfully un-registered JMX Bean with object name Ratis:service=RaftServer,group=group-3F477C9B4374,id=a8e60af1-b0b5-4e51-add8-0d393ff38b25
2021-07-01 01:16:08,891 [ForkJoinPool.commonPool-worker-1] INFO  impl.RoleInfo (RoleInfo.java:shutdownFollowerState(108)) - a8e60af1-b0b5-4e51-add8-0d393ff38b25: shutdown a8e60af1-b0b5-4e51-add8-0d393ff38b25@group-3F477C9B4374-FollowerState
2021-07-01 01:16:08,891 [e5bed959-61e5-441f-8857-6d0fdb7b4033@group-A8D8BCAA687C-StateMachineUpdater] INFO  ratis.ContainerStateMachine (ContainerStateMachine.java:takeSnapshot(302)) - group-A8D8BCAA687C: Finished taking a snapshot at:(t:1, i:0) file:/home/runner/work/ozone/ozone/mnt/ozone/hadoop-ozone/integration-test/target/test-dir/MiniOzoneClusterImpl-603eb75f-c0c9-4b57-9906-10dc47a08d14/datanode-7/data/ratis/8e9d66ce-5266-4a7b-ba41-a8d8bcaa687c/sm/snapshot.1_0 took: 3 ms
2021-07-01 01:16:08,891 [e5bed959-61e5-441f-8857-6d0fdb7b4033@group-A8D8BCAA687C-StateMachineUpdater] INFO  impl.StateMachineUpdater (StateMachineUpdater.java:takeSnapshot(281)) - e5bed959-61e5-441f-8857-6d0fdb7b4033@group-A8D8BCAA687C-StateMachineUpdater: Took a snapshot at index 0
2021-07-01 01:16:08,891 [e5bed959-61e5-441f-8857-6d0fdb7b4033@group-A8D8BCAA687C-StateMachineUpdater] INFO  impl.StateMachineUpdater (StateMachineUpdater.java:lambda$new$0(89)) - e5bed959-61e5-441f-8857-6d0fdb7b4033@group-A8D8BCAA687C-StateMachineUpdater: snapshotIndex: updateIncreasingly -1 -> 0
2021-07-01 01:16:08,891 [e5bed959-61e5-441f-8857-6d0fdb7b4033@group-A8D8BCAA687C-StateMachineUpdater] INFO  metrics.RatisMetrics (RatisMetrics.java:unregister(43)) - Unregistering Metrics Registry : ratis.state_machine.e5bed959-61e5-441f-8857-6d0fdb7b4033@group-A8D8BCAA687C
2021-07-01 01:16:08,891 [Listener at 127.0.0.1/41923] INFO  server.RaftServer$Division (ServerState.java:close(405)) - e5bed959-61e5-441f-8857-6d0fdb7b4033@group-A8D8BCAA687C: closes. applyIndex: 0
2021-07-01 01:16:08,892 [ForkJoinPool.commonPool-worker-1] INFO  impl.StateMachineUpdater (StateMachineUpdater.java:stopAndJoin(149)) - a8e60af1-b0b5-4e51-add8-0d393ff38b25@group-3F477C9B4374-StateMachineUpdater: set stopIndex = 2
2021-07-01 01:16:08,892 [a8e60af1-b0b5-4e51-add8-0d393ff38b25@group-3F477C9B4374-StateMachineUpdater] INFO  ratis.ContainerStateMachine (ContainerStateMachine.java:takeSnapshot(291)) - group-3F477C9B4374: Taking a snapshot at:(t:6, i:2) file /home/runner/work/ozone/ozone/mnt/ozone/hadoop-ozone/integration-test/target/test-dir/MiniOzoneClusterImpl-603eb75f-c0c9-4b57-9906-10dc47a08d14/datanode-0/data/ratis/fc1ed8f0-5d30-4d52-90b2-3f477c9b4374/sm/snapshot.6_2
2021-07-01 01:16:08,892 [a8e60af1-b0b5-4e51-add8-0d393ff38b25@group-3F477C9B4374-FollowerState] INFO  impl.FollowerState (FollowerState.java:run(143)) - a8e60af1-b0b5-4e51-add8-0d393ff38b25@group-3F477C9B4374-FollowerState was interrupted: {}
java.lang.InterruptedException: sleep interrupted
	at java.lang.Thread.sleep(Native Method)
	at java.lang.Thread.sleep(Thread.java:340)
	at java.util.concurrent.TimeUnit.sleep(TimeUnit.java:386)
	at org.apache.ratis.util.TimeDuration.sleep(TimeDuration.java:324)
	at org.apache.ratis.util.TimeDuration.sleep(TimeDuration.java:309)
	at org.apache.ratis.server.impl.FollowerState.run(FollowerState.java:118)
2021-07-01 01:16:08,892 [e5bed959-61e5-441f-8857-6d0fdb7b4033@group-A8D8BCAA687C-SegmentedRaftLogWorker] INFO  segmented.SegmentedRaftLogWorker (SegmentedRaftLogWorker.java:run(327)) - e5bed959-61e5-441f-8857-6d0fdb7b4033@group-A8D8BCAA687C-SegmentedRaftLogWorker was interrupted, exiting. There are 0 tasks remaining in the queue.
2021-07-01 01:16:08,892 [Listener at 127.0.0.1/41923] INFO  segmented.SegmentedRaftLogWorker (SegmentedRaftLogWorker.java:close(237)) - e5bed959-61e5-441f-8857-6d0fdb7b4033@group-A8D8BCAA687C-SegmentedRaftLogWorker close()
2021-07-01 01:16:08,892 [a8e60af1-b0b5-4e51-add8-0d393ff38b25@group-3F477C9B4374-StateMachineUpdater] INFO  ratis.ContainerStateMachine (ContainerStateMachine.java:takeSnapshot(302)) - group-3F477C9B4374: Finished taking a snapshot at:(t:6, i:2) file:/home/runner/work/ozone/ozone/mnt/ozone/hadoop-ozone/integration-test/target/test-dir/MiniOzoneClusterImpl-603eb75f-c0c9-4b57-9906-10dc47a08d14/datanode-0/data/ratis/fc1ed8f0-5d30-4d52-90b2-3f477c9b4374/sm/snapshot.6_2 took: 1 ms
2021-07-01 01:16:08,893 [Listener at 127.0.0.1/41923] INFO  metrics.RatisMetrics (RatisMetrics.java:unregister(43)) - Unregistering Metrics Registry : ratis.log_worker.e5bed959-61e5-441f-8857-6d0fdb7b4033@group-A8D8BCAA687C
2021-07-01 01:16:08,893 [a8e60af1-b0b5-4e51-add8-0d393ff38b25@group-3F477C9B4374-StateMachineUpdater] INFO  impl.StateMachineUpdater (StateMachineUpdater.java:takeSnapshot(281)) - a8e60af1-b0b5-4e51-add8-0d393ff38b25@group-3F477C9B4374-StateMachineUpdater: Took a snapshot at index 2
2021-07-01 01:16:08,893 [Listener at 127.0.0.1/41923] INFO  metrics.RatisMetrics (RatisMetrics.java:unregister(43)) - Unregistering Metrics Registry : ratis.leader_election.e5bed959-61e5-441f-8857-6d0fdb7b4033@group-A8D8BCAA687C
2021-07-01 01:16:08,893 [a8e60af1-b0b5-4e51-add8-0d393ff38b25@group-3F477C9B4374-StateMachineUpdater] INFO  impl.StateMachineUpdater (StateMachineUpdater.java:lambda$new$0(89)) - a8e60af1-b0b5-4e51-add8-0d393ff38b25@group-3F477C9B4374-StateMachineUpdater: snapshotIndex: updateIncreasingly -1 -> 2
2021-07-01 01:16:08,893 [Listener at 127.0.0.1/41923] INFO  metrics.RatisMetrics (RatisMetrics.java:unregister(43)) - Unregistering Metrics Registry : ratis.server.e5bed959-61e5-441f-8857-6d0fdb7b4033@group-A8D8BCAA687C
2021-07-01 01:16:08,893 [a8e60af1-b0b5-4e51-add8-0d393ff38b25@group-3F477C9B4374-StateMachineUpdater] INFO  metrics.RatisMetrics (RatisMetrics.java:unregister(43)) - Unregistering Metrics Registry : ratis.state_machine.a8e60af1-b0b5-4e51-add8-0d393ff38b25@group-3F477C9B4374
2021-07-01 01:16:08,893 [Listener at 127.0.0.1/41923] INFO  server.RaftServer$Division (RaftServerImpl.java:lambda$close$4(406)) - e5bed959-61e5-441f-8857-6d0fdb7b4033@group-0BC9F4275829: shutdown
2021-07-01 01:16:08,893 [Listener at 127.0.0.1/41923] INFO  util.JmxRegister (JmxRegister.java:unregister(73)) - Successfully un-registered JMX Bean with object name Ratis:service=RaftServer,group=group-0BC9F4275829,id=e5bed959-61e5-441f-8857-6d0fdb7b4033
2021-07-01 01:16:08,894 [Listener at 127.0.0.1/41923] INFO  impl.RoleInfo (RoleInfo.java:shutdownFollowerState(108)) - e5bed959-61e5-441f-8857-6d0fdb7b4033: shutdown e5bed959-61e5-441f-8857-6d0fdb7b4033@group-0BC9F4275829-FollowerState
2021-07-01 01:16:08,893 [ForkJoinPool.commonPool-worker-1] INFO  server.RaftServer$Division (ServerState.java:close(405)) - a8e60af1-b0b5-4e51-add8-0d393ff38b25@group-3F477C9B4374: closes. applyIndex: 2
2021-07-01 01:16:08,894 [a8e60af1-b0b5-4e51-add8-0d393ff38b25@group-3F477C9B4374-SegmentedRaftLogWorker] INFO  segmented.SegmentedRaftLogWorker (SegmentedRaftLogWorker.java:run(327)) - a8e60af1-b0b5-4e51-add8-0d393ff38b25@group-3F477C9B4374-SegmentedRaftLogWorker was interrupted, exiting. There are 0 tasks remaining in the queue.
2021-07-01 01:16:08,894 [ForkJoinPool.commonPool-worker-1] INFO  segmented.SegmentedRaftLogWorker (SegmentedRaftLogWorker.java:close(237)) - a8e60af1-b0b5-4e51-add8-0d393ff38b25@group-3F477C9B4374-SegmentedRaftLogWorker close()
2021-07-01 01:16:08,894 [ForkJoinPool.commonPool-worker-1] INFO  metrics.RatisMetrics (RatisMetrics.java:unregister(43)) - Unregistering Metrics Registry : ratis.log_worker.a8e60af1-b0b5-4e51-add8-0d393ff38b25@group-3F477C9B4374
2021-07-01 01:16:08,894 [ForkJoinPool.commonPool-worker-1] INFO  metrics.RatisMetrics (RatisMetrics.java:unregister(43)) - Unregistering Metrics Registry : ratis.leader_election.a8e60af1-b0b5-4e51-add8-0d393ff38b25@group-3F477C9B4374
2021-07-01 01:16:08,894 [ForkJoinPool.commonPool-worker-1] INFO  metrics.RatisMetrics (RatisMetrics.java:unregister(43)) - Unregistering Metrics Registry : ratis.server.a8e60af1-b0b5-4e51-add8-0d393ff38b25@group-3F477C9B4374
2021-07-01 01:16:08,894 [Listener at 127.0.0.1/41923] INFO  impl.StateMachineUpdater (StateMachineUpdater.java:stopAndJoin(149)) - e5bed959-61e5-441f-8857-6d0fdb7b4033@group-0BC9F4275829-StateMachineUpdater: set stopIndex = -1
2021-07-01 01:16:08,894 [e5bed959-61e5-441f-8857-6d0fdb7b4033@group-0BC9F4275829-StateMachineUpdater] INFO  metrics.RatisMetrics (RatisMetrics.java:unregister(43)) - Unregistering Metrics Registry : ratis.state_machine.e5bed959-61e5-441f-8857-6d0fdb7b4033@group-0BC9F4275829
2021-07-01 01:16:08,894 [e5bed959-61e5-441f-8857-6d0fdb7b4033@group-0BC9F4275829-FollowerState] INFO  impl.FollowerState (FollowerState.java:run(143)) - e5bed959-61e5-441f-8857-6d0fdb7b4033@group-0BC9F4275829-FollowerState was interrupted: {}
java.lang.InterruptedException: sleep interrupted
	at java.lang.Thread.sleep(Native Method)
	at java.lang.Thread.sleep(Thread.java:340)
	at java.util.concurrent.TimeUnit.sleep(TimeUnit.java:386)
	at org.apache.ratis.util.TimeDuration.sleep(TimeDuration.java:324)
	at org.apache.ratis.util.TimeDuration.sleep(TimeDuration.java:309)
	at org.apache.ratis.server.impl.FollowerState.run(FollowerState.java:118)
2021-07-01 01:16:08,895 [ForkJoinPool.commonPool-worker-1] INFO  server.GrpcService (GrpcService.java:closeImpl(262)) - a8e60af1-b0b5-4e51-add8-0d393ff38b25: shutdown server with port 37199 now
2021-07-01 01:16:08,895 [Listener at 127.0.0.1/41923] INFO  server.RaftServer$Division (ServerState.java:close(405)) - e5bed959-61e5-441f-8857-6d0fdb7b4033@group-0BC9F4275829: closes. applyIndex: -1
2021-07-01 01:16:08,896 [e5bed959-61e5-441f-8857-6d0fdb7b4033@group-0BC9F4275829-SegmentedRaftLogWorker] INFO  segmented.SegmentedRaftLogWorker (SegmentedRaftLogWorker.java:run(327)) - e5bed959-61e5-441f-8857-6d0fdb7b4033@group-0BC9F4275829-SegmentedRaftLogWorker was interrupted, exiting. There are 0 tasks remaining in the queue.
2021-07-01 01:16:08,896 [grpc-default-executor-0] WARN  server.GrpcServerProtocolService (LogUtils.java:warn(122)) - a8e60af1-b0b5-4e51-add8-0d393ff38b25: installSnapshot onError, lastRequest: 12e155f9-24cd-4496-9fcd-b734ad3c03a4->a8e60af1-b0b5-4e51-add8-0d393ff38b25#5-t6,previous=(t:6, i:1),leaderCommit=1,initializing? true,entries: size=1, first=(t:6, i:2), METADATAENTRY(c:1): org.apache.ratis.thirdparty.io.grpc.StatusRuntimeException: CANCELLED: client cancelled
2021-07-01 01:16:08,896 [Listener at 127.0.0.1/41923] INFO  segmented.SegmentedRaftLogWorker (SegmentedRaftLogWorker.java:close(237)) - e5bed959-61e5-441f-8857-6d0fdb7b4033@group-0BC9F4275829-SegmentedRaftLogWorker close()
2021-07-01 01:16:08,896 [grpc-default-executor-0] WARN  server.GrpcLogAppender (LogUtils.java:warn(122)) - 12e155f9-24cd-4496-9fcd-b734ad3c03a4@group-3F477C9B4374->a8e60af1-b0b5-4e51-add8-0d393ff38b25-AppendLogResponseHandler: Failed appendEntries: org.apache.ratis.thirdparty.io.grpc.StatusRuntimeException: CANCELLED: HTTP/2 error code: CANCEL
Received Rst Stream
2021-07-01 01:16:08,896 [grpc-default-executor-0] INFO  leader.FollowerInfo (FollowerInfoImpl.java:lambda$new$0(46)) - 12e155f9-24cd-4496-9fcd-b734ad3c03a4@group-3F477C9B4374->a8e60af1-b0b5-4e51-add8-0d393ff38b25: nextIndex: updateUnconditionally 3 -> 2
2021-07-01 01:16:08,897 [Listener at 127.0.0.1/41923] INFO  metrics.RatisMetrics (RatisMetrics.java:unregister(43)) - Unregistering Metrics Registry : ratis.log_worker.e5bed959-61e5-441f-8857-6d0fdb7b4033@group-0BC9F4275829
2021-07-01 01:16:08,897 [Listener at 127.0.0.1/41923] INFO  metrics.RatisMetrics (RatisMetrics.java:unregister(43)) - Unregistering Metrics Registry : ratis.leader_election.e5bed959-61e5-441f-8857-6d0fdb7b4033@group-0BC9F4275829
2021-07-01 01:16:08,898 [Listener at 127.0.0.1/41923] INFO  metrics.RatisMetrics (RatisMetrics.java:unregister(43)) - Unregistering Metrics Registry : ratis.server.e5bed959-61e5-441f-8857-6d0fdb7b4033@group-0BC9F4275829
2021-07-01 01:16:08,899 [Listener at 127.0.0.1/41923] INFO  server.GrpcService (GrpcService.java:closeImpl(262)) - e5bed959-61e5-441f-8857-6d0fdb7b4033: shutdown server with port 45539 now
2021-07-01 01:16:08,898 [ForkJoinPool.commonPool-worker-1] INFO  server.GrpcService (GrpcService.java:closeImpl(271)) - a8e60af1-b0b5-4e51-add8-0d393ff38b25: shutdown server with port 37199 successfully
2021-07-01 01:16:08,900 [org.apache.ratis.util.JvmPauseMonitor$$Lambda$514/857811686@343398e5] INFO  util.JvmPauseMonitor (JvmPauseMonitor.java:run(109)) - JvmPauseMonitor-a8e60af1-b0b5-4e51-add8-0d393ff38b25: Stopped
2021-07-01 01:16:08,902 [grpc-default-executor-2] WARN  server.GrpcLogAppender (LogUtils.java:warn(122)) - 12e155f9-24cd-4496-9fcd-b734ad3c03a4@group-3F477C9B4374->a8e60af1-b0b5-4e51-add8-0d393ff38b25-AppendLogResponseHandler: Failed appendEntries: org.apache.ratis.thirdparty.io.grpc.StatusRuntimeException: UNAVAILABLE: io exception
2021-07-01 01:16:08,902 [grpc-default-executor-2] INFO  leader.FollowerInfo (FollowerInfoImpl.java:lambda$new$0(46)) - 12e155f9-24cd-4496-9fcd-b734ad3c03a4@group-3F477C9B4374->a8e60af1-b0b5-4e51-add8-0d393ff38b25: nextIndex: updateUnconditionally 3 -> 2
2021-07-01 01:16:08,904 [ForkJoinPool.commonPool-worker-1] INFO  utils.BackgroundService (BackgroundService.java:shutdown(132)) - Shutting down service BlockDeletingService
2021-07-01 01:16:08,906 [ForkJoinPool.commonPool-worker-1] INFO  statemachine.DatanodeStateMachine (DatanodeStateMachine.java:stopDaemon(488)) - Ozone container server stopped.
2021-07-01 01:16:08,907 [Listener at 127.0.0.1/41923] INFO  server.GrpcService (GrpcService.java:closeImpl(271)) - e5bed959-61e5-441f-8857-6d0fdb7b4033: shutdown server with port 45539 successfully
2021-07-01 01:16:08,908 [ForkJoinPool.commonPool-worker-1] INFO  handler.ContextHandler (ContextHandler.java:doStop(1154)) - Stopped o.e.j.w.WebAppContext@6d425496{hddsDatanode,/,null,STOPPED}{jar:file:/home/runner/.m2/repository/org/apache/ozone/hdds-container-service/1.2.0-SNAPSHOT/hdds-container-service-1.2.0-SNAPSHOT.jar!/webapps/hddsDatanode}
2021-07-01 01:16:08,908 [org.apache.ratis.util.JvmPauseMonitor$$Lambda$514/857811686@7ef55d1] INFO  util.JvmPauseMonitor (JvmPauseMonitor.java:run(109)) - JvmPauseMonitor-e5bed959-61e5-441f-8857-6d0fdb7b4033: Stopped
2021-07-01 01:16:08,909 [Listener at 127.0.0.1/41923] INFO  utils.BackgroundService (BackgroundService.java:shutdown(132)) - Shutting down service BlockDeletingService
2021-07-01 01:16:08,910 [ForkJoinPool.commonPool-worker-1] INFO  server.AbstractConnector (AbstractConnector.java:doStop(381)) - Stopped ServerConnector@60ea4426{HTTP/1.1, (http/1.1)}{0.0.0.0:0}
2021-07-01 01:16:08,910 [ForkJoinPool.commonPool-worker-1] INFO  server.session (HouseKeeper.java:stopScavenging(149)) - node0 Stopped scavenging
2021-07-01 01:16:08,912 [Listener at 127.0.0.1/41923] INFO  statemachine.DatanodeStateMachine (DatanodeStateMachine.java:stopDaemon(488)) - Ozone container server stopped.
2021-07-01 01:16:08,913 [Listener at 127.0.0.1/41923] INFO  handler.ContextHandler (ContextHandler.java:doStop(1154)) - Stopped o.e.j.w.WebAppContext@1ba0df4b{hddsDatanode,/,null,STOPPED}{jar:file:/home/runner/.m2/repository/org/apache/ozone/hdds-container-service/1.2.0-SNAPSHOT/hdds-container-service-1.2.0-SNAPSHOT.jar!/webapps/hddsDatanode}
2021-07-01 01:16:08,912 [ForkJoinPool.commonPool-worker-1] INFO  handler.ContextHandler (ContextHandler.java:doStop(1154)) - Stopped o.e.j.s.ServletContextHandler@1ba9cb25{static,/static,jar:file:/home/runner/.m2/repository/org/apache/ozone/hdds-container-service/1.2.0-SNAPSHOT/hdds-container-service-1.2.0-SNAPSHOT.jar!/webapps/static,STOPPED}
2021-07-01 01:16:08,913 [ForkJoinPool.commonPool-worker-1] INFO  handler.ContextHandler (ContextHandler.java:doStop(1154)) - Stopped o.e.j.s.ServletContextHandler@1d03099a{logs,/logs,file:///home/runner/work/ozone/ozone/mnt/ozone/hadoop-ozone/integration-test/target/log,STOPPED}
2021-07-01 01:16:08,914 [Listener at 127.0.0.1/41923] INFO  server.AbstractConnector (AbstractConnector.java:doStop(381)) - Stopped ServerConnector@6943b622{HTTP/1.1, (http/1.1)}{0.0.0.0:0}
2021-07-01 01:16:08,914 [Listener at 127.0.0.1/41923] INFO  server.session (HouseKeeper.java:stopScavenging(149)) - node0 Stopped scavenging
2021-07-01 01:16:08,915 [Listener at 127.0.0.1/41923] INFO  handler.ContextHandler (ContextHandler.java:doStop(1154)) - Stopped o.e.j.s.ServletContextHandler@5175b1c8{static,/static,jar:file:/home/runner/.m2/repository/org/apache/ozone/hdds-container-service/1.2.0-SNAPSHOT/hdds-container-service-1.2.0-SNAPSHOT.jar!/webapps/static,STOPPED}
2021-07-01 01:16:08,915 [Listener at 127.0.0.1/41923] INFO  handler.ContextHandler (ContextHandler.java:doStop(1154)) - Stopped o.e.j.s.ServletContextHandler@9caecf7{logs,/logs,file:///home/runner/work/ozone/ozone/mnt/ozone/hadoop-ozone/integration-test/target/log,STOPPED}
2021-07-01 01:16:09,484 [Datanode State Machine Thread - 0] INFO  statemachine.DatanodeStateMachine (DatanodeStateMachine.java:lambda$startDaemon$0(430)) - Ozone container server started.
2021-07-01 01:16:09,817 [Datanode State Machine Thread - 0] INFO  statemachine.DatanodeStateMachine (DatanodeStateMachine.java:lambda$startDaemon$0(430)) - Ozone container server started.
2021-07-01 01:16:10,388 [grpc-default-executor-2] WARN  server.GrpcLogAppender (LogUtils.java:warn(122)) - 12e155f9-24cd-4496-9fcd-b734ad3c03a4@group-3F477C9B4374->80320f5a-6cd9-4eb7-9dbc-d52eb94c4b51-AppendLogResponseHandler: Failed appendEntries: org.apache.ratis.thirdparty.io.grpc.StatusRuntimeException: UNAVAILABLE: io exception
2021-07-01 01:16:10,389 [grpc-default-executor-2] INFO  leader.FollowerInfo (FollowerInfoImpl.java:lambda$new$0(46)) - 12e155f9-24cd-4496-9fcd-b734ad3c03a4@group-3F477C9B4374->80320f5a-6cd9-4eb7-9dbc-d52eb94c4b51: nextIndex: updateUnconditionally 3 -> 2
2021-07-01 01:16:11,402 [grpc-default-executor-2] WARN  server.GrpcLogAppender (LogUtils.java:warn(122)) - 12e155f9-24cd-4496-9fcd-b734ad3c03a4@group-3F477C9B4374->a8e60af1-b0b5-4e51-add8-0d393ff38b25-AppendLogResponseHandler: Failed appendEntries: org.apache.ratis.thirdparty.io.grpc.StatusRuntimeException: UNAVAILABLE: io exception
2021-07-01 01:16:11,402 [grpc-default-executor-2] INFO  leader.FollowerInfo (FollowerInfoImpl.java:lambda$new$0(46)) - 12e155f9-24cd-4496-9fcd-b734ad3c03a4@group-3F477C9B4374->a8e60af1-b0b5-4e51-add8-0d393ff38b25: nextIndex: updateUnconditionally 3 -> 2
2021-07-01 01:16:12,888 [grpc-default-executor-2] WARN  server.GrpcLogAppender (LogUtils.java:warn(122)) - 12e155f9-24cd-4496-9fcd-b734ad3c03a4@group-3F477C9B4374->80320f5a-6cd9-4eb7-9dbc-d52eb94c4b51-AppendLogResponseHandler: Failed appendEntries: org.apache.ratis.thirdparty.io.grpc.StatusRuntimeException: UNAVAILABLE: io exception
2021-07-01 01:16:12,889 [grpc-default-executor-2] INFO  leader.FollowerInfo (FollowerInfoImpl.java:lambda$new$0(46)) - 12e155f9-24cd-4496-9fcd-b734ad3c03a4@group-3F477C9B4374->80320f5a-6cd9-4eb7-9dbc-d52eb94c4b51: nextIndex: updateUnconditionally 3 -> 2
2021-07-01 01:16:13,480 [12e155f9-24cd-4496-9fcd-b734ad3c03a4@group-3F477C9B4374-LeaderStateImpl] WARN  server.RaftServer$Division (LeaderStateImpl.java:checkLeadership(944)) - 12e155f9-24cd-4496-9fcd-b734ad3c03a4@group-3F477C9B4374-LeaderStateImpl: Lost leadership on term: 6. Election timeout: 5200ms. In charge for: 15664ms. Conf: 1: [80320f5a-6cd9-4eb7-9dbc-d52eb94c4b51|rpc:10.1.0.5:40669|dataStream:|priority:0, 12e155f9-24cd-4496-9fcd-b734ad3c03a4|rpc:10.1.0.5:37489|dataStream:|priority:1, a8e60af1-b0b5-4e51-add8-0d393ff38b25|rpc:10.1.0.5:37199|dataStream:|priority:0], old=null
2021-07-01 01:16:13,481 [12e155f9-24cd-4496-9fcd-b734ad3c03a4@group-3F477C9B4374-LeaderStateImpl] WARN  server.RaftServer$Division (LeaderStateImpl.java:lambda$checkLeadership$15(948)) - Follower 12e155f9-24cd-4496-9fcd-b734ad3c03a4@group-3F477C9B4374->80320f5a-6cd9-4eb7-9dbc-d52eb94c4b51(c1,m2,n2, attendVote=true, lastRpcSendTime=592, lastRpcResponseTime=15601)
2021-07-01 01:16:13,481 [12e155f9-24cd-4496-9fcd-b734ad3c03a4@group-3F477C9B4374-LeaderStateImpl] WARN  server.RaftServer$Division (LeaderStateImpl.java:lambda$checkLeadership$15(948)) - Follower 12e155f9-24cd-4496-9fcd-b734ad3c03a4@group-3F477C9B4374->a8e60af1-b0b5-4e51-add8-0d393ff38b25(c2,m2,n2, attendVote=true, lastRpcSendTime=2078, lastRpcResponseTime=5590)
2021-07-01 01:16:13,481 [12e155f9-24cd-4496-9fcd-b734ad3c03a4@group-3F477C9B4374-LeaderStateImpl] INFO  server.RaftServer$Division (RaftServerImpl.java:setRole(284)) - 12e155f9-24cd-4496-9fcd-b734ad3c03a4@group-3F477C9B4374: changes role from    LEADER to FOLLOWER at term 6 for StepDownReason:LOST_MAJORITY_HEARTBEATS
2021-07-01 01:16:13,481 [12e155f9-24cd-4496-9fcd-b734ad3c03a4@group-3F477C9B4374-LeaderStateImpl] INFO  impl.RoleInfo (RoleInfo.java:shutdownLeaderState(91)) - 12e155f9-24cd-4496-9fcd-b734ad3c03a4: shutdown 12e155f9-24cd-4496-9fcd-b734ad3c03a4@group-3F477C9B4374-LeaderStateImpl
2021-07-01 01:16:13,481 [12e155f9-24cd-4496-9fcd-b734ad3c03a4@group-3F477C9B4374-LeaderStateImpl] INFO  metrics.RatisMetrics (RatisMetrics.java:unregister(43)) - Unregistering Metrics Registry : ratis_grpc.log_appender.12e155f9-24cd-4496-9fcd-b734ad3c03a4@group-3F477C9B4374
2021-07-01 01:16:13,481 [12e155f9-24cd-4496-9fcd-b734ad3c03a4@group-3F477C9B4374-LeaderStateImpl] INFO  metrics.RatisMetrics (RatisMetrics.java:unregister(43)) - Unregistering Metrics Registry : ratis_grpc.log_appender.12e155f9-24cd-4496-9fcd-b734ad3c03a4@group-3F477C9B4374
2021-07-01 01:16:13,481 [12e155f9-24cd-4496-9fcd-b734ad3c03a4@group-3F477C9B4374->80320f5a-6cd9-4eb7-9dbc-d52eb94c4b51-GrpcLogAppender-LogAppenderDaemon] WARN  server.GrpcLogAppender (GrpcLogAppender.java:mayWait(175)) - 12e155f9-24cd-4496-9fcd-b734ad3c03a4@group-3F477C9B4374->80320f5a-6cd9-4eb7-9dbc-d52eb94c4b51-GrpcLogAppender: Wait interrupted by java.lang.InterruptedException
2021-07-01 01:16:13,481 [12e155f9-24cd-4496-9fcd-b734ad3c03a4@group-3F477C9B4374-LeaderStateImpl] INFO  impl.PendingRequests (PendingRequests.java:sendNotLeaderResponses(249)) - 12e155f9-24cd-4496-9fcd-b734ad3c03a4@group-3F477C9B4374-PendingRequests: sendNotLeaderResponses
2021-07-01 01:16:13,481 [12e155f9-24cd-4496-9fcd-b734ad3c03a4@group-3F477C9B4374->a8e60af1-b0b5-4e51-add8-0d393ff38b25-GrpcLogAppender-LogAppenderDaemon] WARN  server.GrpcLogAppender (GrpcLogAppender.java:mayWait(175)) - 12e155f9-24cd-4496-9fcd-b734ad3c03a4@group-3F477C9B4374->a8e60af1-b0b5-4e51-add8-0d393ff38b25-GrpcLogAppender: Wait interrupted by java.lang.InterruptedException
2021-07-01 01:16:13,482 [12e155f9-24cd-4496-9fcd-b734ad3c03a4@group-3F477C9B4374-LeaderStateImpl] INFO  metrics.RatisMetrics (RatisMetrics.java:unregister(43)) - Unregistering Metrics Registry : ratis.log_appender.12e155f9-24cd-4496-9fcd-b734ad3c03a4@group-3F477C9B4374
2021-07-01 01:16:13,482 [12e155f9-24cd-4496-9fcd-b734ad3c03a4@group-3F477C9B4374-LeaderStateImpl] INFO  metrics.RatisMetrics (RatisMetrics.java:unregister(43)) - Unregistering Metrics Registry : ratis.server.12e155f9-24cd-4496-9fcd-b734ad3c03a4@group-3F477C9B4374
2021-07-01 01:16:13,482 [12e155f9-24cd-4496-9fcd-b734ad3c03a4@group-3F477C9B4374-LeaderStateImpl] INFO  impl.RoleInfo (RoleInfo.java:updateAndGet(130)) - 12e155f9-24cd-4496-9fcd-b734ad3c03a4: start 12e155f9-24cd-4496-9fcd-b734ad3c03a4@group-3F477C9B4374-FollowerState
2021-07-01 01:16:13,782 [2c5425c6-dd7c-4ec0-8033-4e93d4830dbf@group-0BC9F4275829-FollowerState] INFO  impl.FollowerState (FollowerState.java:run(134)) - 2c5425c6-dd7c-4ec0-8033-4e93d4830dbf@group-0BC9F4275829-FollowerState: change to CANDIDATE, lastRpcElapsedTime:5117546389ns, electionTimeout:5116ms
2021-07-01 01:16:13,782 [2c5425c6-dd7c-4ec0-8033-4e93d4830dbf@group-0BC9F4275829-FollowerState] INFO  impl.RoleInfo (RoleInfo.java:shutdownFollowerState(108)) - 2c5425c6-dd7c-4ec0-8033-4e93d4830dbf: shutdown 2c5425c6-dd7c-4ec0-8033-4e93d4830dbf@group-0BC9F4275829-FollowerState
2021-07-01 01:16:13,782 [2c5425c6-dd7c-4ec0-8033-4e93d4830dbf@group-0BC9F4275829-FollowerState] INFO  server.RaftServer$Division (RaftServerImpl.java:setRole(284)) - 2c5425c6-dd7c-4ec0-8033-4e93d4830dbf@group-0BC9F4275829: changes role from  FOLLOWER to CANDIDATE at term 7 for changeToCandidate
2021-07-01 01:16:13,782 [2c5425c6-dd7c-4ec0-8033-4e93d4830dbf@group-0BC9F4275829-FollowerState] INFO  server.RaftServerConfigKeys (ConfUtils.java:logGet(44)) - raft.server.leaderelection.pre-vote = false (custom)
2021-07-01 01:16:13,783 [2c5425c6-dd7c-4ec0-8033-4e93d4830dbf@group-0BC9F4275829-FollowerState] INFO  impl.RoleInfo (RoleInfo.java:updateAndGet(130)) - 2c5425c6-dd7c-4ec0-8033-4e93d4830dbf: start 2c5425c6-dd7c-4ec0-8033-4e93d4830dbf@group-0BC9F4275829-LeaderElection46
2021-07-01 01:16:13,785 [2c5425c6-dd7c-4ec0-8033-4e93d4830dbf@group-0BC9F4275829-LeaderElection46] INFO  impl.LeaderElection (LeaderElection.java:askForVotes(306)) - 2c5425c6-dd7c-4ec0-8033-4e93d4830dbf@group-0BC9F4275829-LeaderElection46 ELECTION round 0: submit vote requests at term 8 for -1: [74d0c323-91d1-42ce-a7ad-5ac80fac4338|rpc:10.1.0.5:46795|dataStream:|priority:0, 2c5425c6-dd7c-4ec0-8033-4e93d4830dbf|rpc:10.1.0.5:44955|dataStream:|priority:1, e5bed959-61e5-441f-8857-6d0fdb7b4033|rpc:10.1.0.5:45539|dataStream:|priority:0], old=null
2021-07-01 01:16:13,791 [grpc-default-executor-2] INFO  server.RaftServer$Division (RaftServerImpl.java:requestVote(1042)) - 74d0c323-91d1-42ce-a7ad-5ac80fac4338@group-0BC9F4275829: receive requestVote(ELECTION, 2c5425c6-dd7c-4ec0-8033-4e93d4830dbf, group-0BC9F4275829, 8, (t:0, i:0))
2021-07-01 01:16:13,791 [grpc-default-executor-2] INFO  impl.VoteContext (VoteContext.java:log(48)) - 74d0c323-91d1-42ce-a7ad-5ac80fac4338@group-0BC9F4275829-FOLLOWER: accept ELECTION from 2c5425c6-dd7c-4ec0-8033-4e93d4830dbf: our priority 0 <= candidate's priority 1
2021-07-01 01:16:13,791 [grpc-default-executor-2] INFO  server.RaftServer$Division (RaftServerImpl.java:setRole(284)) - 74d0c323-91d1-42ce-a7ad-5ac80fac4338@group-0BC9F4275829: changes role from  FOLLOWER to FOLLOWER at term 8 for candidate:2c5425c6-dd7c-4ec0-8033-4e93d4830dbf
2021-07-01 01:16:13,791 [grpc-default-executor-2] INFO  impl.RoleInfo (RoleInfo.java:shutdownFollowerState(108)) - 74d0c323-91d1-42ce-a7ad-5ac80fac4338: shutdown 74d0c323-91d1-42ce-a7ad-5ac80fac4338@group-0BC9F4275829-FollowerState
2021-07-01 01:16:13,791 [grpc-default-executor-2] INFO  impl.RoleInfo (RoleInfo.java:updateAndGet(130)) - 74d0c323-91d1-42ce-a7ad-5ac80fac4338: start 74d0c323-91d1-42ce-a7ad-5ac80fac4338@group-0BC9F4275829-FollowerState
2021-07-01 01:16:13,791 [74d0c323-91d1-42ce-a7ad-5ac80fac4338@group-0BC9F4275829-FollowerState] INFO  impl.FollowerState (FollowerState.java:run(143)) - 74d0c323-91d1-42ce-a7ad-5ac80fac4338@group-0BC9F4275829-FollowerState was interrupted: {}
java.lang.InterruptedException: sleep interrupted
	at java.lang.Thread.sleep(Native Method)
	at java.lang.Thread.sleep(Thread.java:340)
	at java.util.concurrent.TimeUnit.sleep(TimeUnit.java:386)
	at org.apache.ratis.util.TimeDuration.sleep(TimeDuration.java:324)
	at org.apache.ratis.util.TimeDuration.sleep(TimeDuration.java:309)
	at org.apache.ratis.server.impl.FollowerState.run(FollowerState.java:118)
2021-07-01 01:16:13,800 [grpc-default-executor-2] INFO  server.RaftServer$Division (RaftServerImpl.java:requestVote(1074)) - 74d0c323-91d1-42ce-a7ad-5ac80fac4338@group-0BC9F4275829 replies to ELECTION vote request: 2c5425c6-dd7c-4ec0-8033-4e93d4830dbf<-74d0c323-91d1-42ce-a7ad-5ac80fac4338#0:OK-t8. Peer's state: 74d0c323-91d1-42ce-a7ad-5ac80fac4338@group-0BC9F4275829:t8, leader=null, voted=2c5425c6-dd7c-4ec0-8033-4e93d4830dbf, raftlog=74d0c323-91d1-42ce-a7ad-5ac80fac4338@group-0BC9F4275829-SegmentedRaftLog:OPENED:c-1,f-1,i0, conf=-1: [74d0c323-91d1-42ce-a7ad-5ac80fac4338|rpc:10.1.0.5:46795|priority:0, 2c5425c6-dd7c-4ec0-8033-4e93d4830dbf|rpc:10.1.0.5:44955|priority:1, e5bed959-61e5-441f-8857-6d0fdb7b4033|rpc:10.1.0.5:45539|priority:0], old=null
2021-07-01 01:16:13,800 [2c5425c6-dd7c-4ec0-8033-4e93d4830dbf@group-0BC9F4275829-LeaderElection46] INFO  impl.LeaderElection (LogUtils.java:infoOrTrace(137)) - 2c5425c6-dd7c-4ec0-8033-4e93d4830dbf@group-0BC9F4275829-LeaderElection46 got exception when requesting votes: java.util.concurrent.ExecutionException: org.apache.ratis.thirdparty.io.grpc.StatusRuntimeException: UNAVAILABLE: io exception
2021-07-01 01:16:13,802 [2c5425c6-dd7c-4ec0-8033-4e93d4830dbf@group-0BC9F4275829-LeaderElection46] INFO  impl.LeaderElection (LeaderElection.java:logAndReturn(89)) - 2c5425c6-dd7c-4ec0-8033-4e93d4830dbf@group-0BC9F4275829-LeaderElection46: ELECTION PASSED received 1 response(s) and 1 exception(s):
2021-07-01 01:16:13,802 [2c5425c6-dd7c-4ec0-8033-4e93d4830dbf@group-0BC9F4275829-LeaderElection46] INFO  impl.LeaderElection (LeaderElection.java:logAndReturn(93)) -   Response 0: 2c5425c6-dd7c-4ec0-8033-4e93d4830dbf<-74d0c323-91d1-42ce-a7ad-5ac80fac4338#0:OK-t8
2021-07-01 01:16:13,802 [2c5425c6-dd7c-4ec0-8033-4e93d4830dbf@group-0BC9F4275829-LeaderElection46] INFO  impl.LeaderElection (LogUtils.java:infoOrTrace(137)) -   Exception 1: java.util.concurrent.ExecutionException: org.apache.ratis.thirdparty.io.grpc.StatusRuntimeException: UNAVAILABLE: io exception
2021-07-01 01:16:13,802 [2c5425c6-dd7c-4ec0-8033-4e93d4830dbf@group-0BC9F4275829-LeaderElection46] INFO  impl.LeaderElection (LeaderElection.java:askForVotes(308)) - 2c5425c6-dd7c-4ec0-8033-4e93d4830dbf@group-0BC9F4275829-LeaderElection46 ELECTION round 0: result PASSED
2021-07-01 01:16:13,802 [2c5425c6-dd7c-4ec0-8033-4e93d4830dbf@group-0BC9F4275829-LeaderElection46] INFO  impl.RoleInfo (RoleInfo.java:shutdownLeaderElection(121)) - 2c5425c6-dd7c-4ec0-8033-4e93d4830dbf: shutdown 2c5425c6-dd7c-4ec0-8033-4e93d4830dbf@group-0BC9F4275829-LeaderElection46
2021-07-01 01:16:13,802 [2c5425c6-dd7c-4ec0-8033-4e93d4830dbf@group-0BC9F4275829-LeaderElection46] INFO  server.RaftServer$Division (RaftServerImpl.java:setRole(284)) - 2c5425c6-dd7c-4ec0-8033-4e93d4830dbf@group-0BC9F4275829: changes role from CANDIDATE to LEADER at term 8 for changeToLeader
2021-07-01 01:16:13,802 [2c5425c6-dd7c-4ec0-8033-4e93d4830dbf@group-0BC9F4275829-LeaderElection46] INFO  ratis.XceiverServerRatis (XceiverServerRatis.java:handleLeaderChangedNotification(857)) - Leader change notification received for group: group-0BC9F4275829 with new leaderId: 2c5425c6-dd7c-4ec0-8033-4e93d4830dbf
2021-07-01 01:16:13,802 [2c5425c6-dd7c-4ec0-8033-4e93d4830dbf@group-0BC9F4275829-LeaderElection46] INFO  server.RaftServer$Division (ServerState.java:setLeader(271)) - 2c5425c6-dd7c-4ec0-8033-4e93d4830dbf@group-0BC9F4275829: change Leader from null to 2c5425c6-dd7c-4ec0-8033-4e93d4830dbf at term 8 for becomeLeader, leader elected after 40639ms
2021-07-01 01:16:13,802 [2c5425c6-dd7c-4ec0-8033-4e93d4830dbf@group-0BC9F4275829-LeaderElection46] INFO  server.RaftServerConfigKeys (ConfUtils.java:logGet(44)) - raft.server.staging.catchup.gap = 1000 (default)
2021-07-01 01:16:13,802 [2c5425c6-dd7c-4ec0-8033-4e93d4830dbf@group-0BC9F4275829-LeaderElection46] INFO  metrics.RatisMetrics (RatisMetrics.java:lambda$create$0(36)) - Creating Metrics Registry : ratis.log_appender.2c5425c6-dd7c-4ec0-8033-4e93d4830dbf@group-0BC9F4275829
2021-07-01 01:16:13,802 [2c5425c6-dd7c-4ec0-8033-4e93d4830dbf@group-0BC9F4275829-LeaderElection46] INFO  server.RaftServerConfigKeys (ConfUtils.java:logGet(44)) - raft.server.write.element-limit = 1024 (custom)
2021-07-01 01:16:13,802 [2c5425c6-dd7c-4ec0-8033-4e93d4830dbf@group-0BC9F4275829-LeaderElection46] INFO  server.RaftServerConfigKeys (ConfUtils.java:logGet(44)) - raft.server.write.byte-limit = 1073741824 (custom)
2021-07-01 01:16:13,803 [2c5425c6-dd7c-4ec0-8033-4e93d4830dbf@group-0BC9F4275829-LeaderElection46] INFO  server.RaftServerConfigKeys (ConfUtils.java:logGet(44)) - raft.server.watch.timeout = 3000ms (custom)
2021-07-01 01:16:13,803 [2c5425c6-dd7c-4ec0-8033-4e93d4830dbf@group-0BC9F4275829-LeaderElection46] INFO  server.RaftServerConfigKeys (ConfUtils.java:logGet(44)) - raft.server.watch.timeout.denomination = 1s (default)
2021-07-01 01:16:13,803 [2c5425c6-dd7c-4ec0-8033-4e93d4830dbf@group-0BC9F4275829-LeaderElection46] INFO  server.RaftServerConfigKeys (ConfUtils.java:logGet(44)) - raft.server.watch.element-limit = 65536 (default)
2021-07-01 01:16:13,803 [2c5425c6-dd7c-4ec0-8033-4e93d4830dbf@group-0BC9F4275829-LeaderElection46] INFO  server.RaftServerConfigKeys (ConfUtils.java:logGet(44)) - raft.server.log.appender.snapshot.chunk.size.max = 16MB (=16777216) (default)
2021-07-01 01:16:13,803 [2c5425c6-dd7c-4ec0-8033-4e93d4830dbf@group-0BC9F4275829-LeaderElection46] INFO  server.RaftServerConfigKeys (ConfUtils.java:logGet(44)) - raft.server.log.appender.buffer.byte-limit = 33554432 (custom)
2021-07-01 01:16:13,803 [2c5425c6-dd7c-4ec0-8033-4e93d4830dbf@group-0BC9F4275829-LeaderElection46] INFO  server.RaftServerConfigKeys (ConfUtils.java:logGet(44)) - raft.server.log.appender.buffer.element-limit = 1 (custom)
2021-07-01 01:16:13,803 [2c5425c6-dd7c-4ec0-8033-4e93d4830dbf@group-0BC9F4275829-LeaderElection46] INFO  grpc.GrpcConfigKeys (ConfUtils.java:logGet(44)) - raft.grpc.server.leader.outstanding.appends.max = 128 (default)
2021-07-01 01:16:13,803 [2c5425c6-dd7c-4ec0-8033-4e93d4830dbf@group-0BC9F4275829-LeaderElection46] INFO  server.RaftServerConfigKeys (ConfUtils.java:logGet(44)) - raft.server.rpc.request.timeout = 3000ms (default)
2021-07-01 01:16:13,803 [2c5425c6-dd7c-4ec0-8033-4e93d4830dbf@group-0BC9F4275829-LeaderElection46] INFO  server.RaftServerConfigKeys (ConfUtils.java:logGet(44)) - raft.server.log.appender.install.snapshot.enabled = false (custom)
2021-07-01 01:16:13,803 [2c5425c6-dd7c-4ec0-8033-4e93d4830dbf@group-0BC9F4275829-LeaderElection46] INFO  metrics.RatisMetrics (RatisMetrics.java:lambda$create$0(36)) - Creating Metrics Registry : ratis_grpc.log_appender.2c5425c6-dd7c-4ec0-8033-4e93d4830dbf@group-0BC9F4275829
2021-07-01 01:16:13,804 [2c5425c6-dd7c-4ec0-8033-4e93d4830dbf@group-0BC9F4275829-LeaderElection46] INFO  server.RaftServerConfigKeys (ConfUtils.java:logGet(44)) - raft.server.log.appender.snapshot.chunk.size.max = 16MB (=16777216) (default)
2021-07-01 01:16:13,804 [2c5425c6-dd7c-4ec0-8033-4e93d4830dbf@group-0BC9F4275829-LeaderElection46] INFO  server.RaftServerConfigKeys (ConfUtils.java:logGet(44)) - raft.server.log.appender.buffer.byte-limit = 33554432 (custom)
2021-07-01 01:16:13,804 [2c5425c6-dd7c-4ec0-8033-4e93d4830dbf@group-0BC9F4275829-LeaderElection46] INFO  server.RaftServerConfigKeys (ConfUtils.java:logGet(44)) - raft.server.log.appender.buffer.element-limit = 1 (custom)
2021-07-01 01:16:13,804 [2c5425c6-dd7c-4ec0-8033-4e93d4830dbf@group-0BC9F4275829-LeaderElection46] INFO  grpc.GrpcConfigKeys (ConfUtils.java:logGet(44)) - raft.grpc.server.leader.outstanding.appends.max = 128 (default)
2021-07-01 01:16:13,804 [2c5425c6-dd7c-4ec0-8033-4e93d4830dbf@group-0BC9F4275829-LeaderElection46] INFO  server.RaftServerConfigKeys (ConfUtils.java:logGet(44)) - raft.server.rpc.request.timeout = 3000ms (default)
2021-07-01 01:16:13,804 [2c5425c6-dd7c-4ec0-8033-4e93d4830dbf@group-0BC9F4275829-LeaderElection46] INFO  server.RaftServerConfigKeys (ConfUtils.java:logGet(44)) - raft.server.log.appender.install.snapshot.enabled = false (custom)
2021-07-01 01:16:13,805 [2c5425c6-dd7c-4ec0-8033-4e93d4830dbf@group-0BC9F4275829-LeaderElection46] INFO  impl.RoleInfo (RoleInfo.java:updateAndGet(130)) - 2c5425c6-dd7c-4ec0-8033-4e93d4830dbf: start 2c5425c6-dd7c-4ec0-8033-4e93d4830dbf@group-0BC9F4275829-LeaderStateImpl
2021-07-01 01:16:13,805 [2c5425c6-dd7c-4ec0-8033-4e93d4830dbf@group-0BC9F4275829-LeaderElection46] INFO  segmented.SegmentedRaftLogWorker (SegmentedRaftLogWorker.java:startLogSegment(394)) - 2c5425c6-dd7c-4ec0-8033-4e93d4830dbf@group-0BC9F4275829-SegmentedRaftLogWorker: Starting segment from index:0
2021-07-01 01:16:13,807 [2c5425c6-dd7c-4ec0-8033-4e93d4830dbf@group-0BC9F4275829-SegmentedRaftLogWorker] INFO  segmented.SegmentedRaftLogWorker (SegmentedRaftLogWorker.java:execute(601)) - 2c5425c6-dd7c-4ec0-8033-4e93d4830dbf@group-0BC9F4275829-SegmentedRaftLogWorker: created new log segment /home/runner/work/ozone/ozone/mnt/ozone/hadoop-ozone/integration-test/target/test-dir/MiniOzoneClusterImpl-603eb75f-c0c9-4b57-9906-10dc47a08d14/datanode-8/data/ratis/8cc6e381-03b9-465e-b840-0bc9f4275829/current/log_inprogress_0
2021-07-01 01:16:13,821 [grpc-default-executor-2] WARN  server.GrpcLogAppender (LogUtils.java:warn(122)) - 2c5425c6-dd7c-4ec0-8033-4e93d4830dbf@group-0BC9F4275829->e5bed959-61e5-441f-8857-6d0fdb7b4033-AppendLogResponseHandler: Failed appendEntries: org.apache.ratis.thirdparty.io.grpc.StatusRuntimeException: UNAVAILABLE: io exception
2021-07-01 01:16:13,823 [2c5425c6-dd7c-4ec0-8033-4e93d4830dbf@group-0BC9F4275829-LeaderElection46] INFO  server.RaftServer$Division (ServerState.java:setRaftConf(373)) - 2c5425c6-dd7c-4ec0-8033-4e93d4830dbf@group-0BC9F4275829: set configuration 0: [74d0c323-91d1-42ce-a7ad-5ac80fac4338|rpc:10.1.0.5:46795|dataStream:|priority:0, 2c5425c6-dd7c-4ec0-8033-4e93d4830dbf|rpc:10.1.0.5:44955|dataStream:|priority:1, e5bed959-61e5-441f-8857-6d0fdb7b4033|rpc:10.1.0.5:45539|dataStream:|priority:0], old=null
2021-07-01 01:16:13,823 [grpc-default-executor-0] INFO  ratis.XceiverServerRatis (XceiverServerRatis.java:handleLeaderChangedNotification(857)) - Leader change notification received for group: group-0BC9F4275829 with new leaderId: 2c5425c6-dd7c-4ec0-8033-4e93d4830dbf
2021-07-01 01:16:13,824 [grpc-default-executor-0] INFO  server.RaftServer$Division (ServerState.java:setLeader(271)) - 74d0c323-91d1-42ce-a7ad-5ac80fac4338@group-0BC9F4275829: change Leader from null to 2c5425c6-dd7c-4ec0-8033-4e93d4830dbf at term 8 for appendEntries, leader elected after 40720ms
2021-07-01 01:16:13,834 [grpc-default-executor-2] WARN  server.GrpcLogAppender (GrpcLogAppender.java:resetClient(111)) - 2c5425c6-dd7c-4ec0-8033-4e93d4830dbf@group-0BC9F4275829->e5bed959-61e5-441f-8857-6d0fdb7b4033-GrpcLogAppender: Leader has not got in touch with Follower 2c5425c6-dd7c-4ec0-8033-4e93d4830dbf@group-0BC9F4275829->e5bed959-61e5-441f-8857-6d0fdb7b4033(c-1,m0,n1, attendVote=true, lastRpcSendTime=7, lastRpcResponseTime=5231) yet, just keep nextIndex unchanged and retry.
2021-07-01 01:16:13,837 [grpc-default-executor-2] INFO  server.RaftServer$Division (ServerState.java:setRaftConf(373)) - 74d0c323-91d1-42ce-a7ad-5ac80fac4338@group-0BC9F4275829: set configuration 0: [74d0c323-91d1-42ce-a7ad-5ac80fac4338|rpc:10.1.0.5:46795|dataStream:|priority:0, 2c5425c6-dd7c-4ec0-8033-4e93d4830dbf|rpc:10.1.0.5:44955|dataStream:|priority:1, e5bed959-61e5-441f-8857-6d0fdb7b4033|rpc:10.1.0.5:45539|dataStream:|priority:0], old=null
2021-07-01 01:16:13,837 [grpc-default-executor-2] INFO  segmented.SegmentedRaftLogWorker (SegmentedRaftLogWorker.java:startLogSegment(394)) - 74d0c323-91d1-42ce-a7ad-5ac80fac4338@group-0BC9F4275829-SegmentedRaftLogWorker: Starting segment from index:0
2021-07-01 01:16:13,838 [74d0c323-91d1-42ce-a7ad-5ac80fac4338@group-0BC9F4275829-SegmentedRaftLogWorker] INFO  segmented.SegmentedRaftLogWorker (SegmentedRaftLogWorker.java:execute(601)) - 74d0c323-91d1-42ce-a7ad-5ac80fac4338@group-0BC9F4275829-SegmentedRaftLogWorker: created new log segment /home/runner/work/ozone/ozone/mnt/ozone/hadoop-ozone/integration-test/target/test-dir/MiniOzoneClusterImpl-603eb75f-c0c9-4b57-9906-10dc47a08d14/datanode-6/data/ratis/8cc6e381-03b9-465e-b840-0bc9f4275829/current/log_inprogress_0
2021-07-01 01:16:13,916 [ForkJoinPool.commonPool-worker-1] INFO  ozoneimpl.OzoneContainer (OzoneContainer.java:stop(326)) - Attempting to stop container services.
2021-07-01 01:16:13,917 [Listener at 127.0.0.1/41923] INFO  ozoneimpl.OzoneContainer (OzoneContainer.java:stop(326)) - Attempting to stop container services.
2021-07-01 01:16:13,922 [ForkJoinPool.commonPool-worker-1] INFO  server.RaftServer (RaftServerProxy.java:lambda$close$6(391)) - 12e155f9-24cd-4496-9fcd-b734ad3c03a4: close
2021-07-01 01:16:13,922 [ForkJoinPool.commonPool-worker-1] INFO  server.RaftServer$Division (RaftServerImpl.java:lambda$close$4(406)) - 12e155f9-24cd-4496-9fcd-b734ad3c03a4@group-3F477C9B4374: shutdown
2021-07-01 01:16:13,922 [Listener at 127.0.0.1/41923] INFO  server.RaftServer (RaftServerProxy.java:lambda$close$6(391)) - 2c5425c6-dd7c-4ec0-8033-4e93d4830dbf: close
2021-07-01 01:16:13,922 [Listener at 127.0.0.1/41923] INFO  server.RaftServer$Division (RaftServerImpl.java:lambda$close$4(406)) - 2c5425c6-dd7c-4ec0-8033-4e93d4830dbf@group-30AC3F6D4787: shutdown
2021-07-01 01:16:13,922 [Listener at 127.0.0.1/41923] INFO  util.JmxRegister (JmxRegister.java:unregister(73)) - Successfully un-registered JMX Bean with object name Ratis:service=RaftServer,group=group-30AC3F6D4787,id=2c5425c6-dd7c-4ec0-8033-4e93d4830dbf
2021-07-01 01:16:13,922 [Listener at 127.0.0.1/41923] INFO  impl.RoleInfo (RoleInfo.java:shutdownLeaderState(91)) - 2c5425c6-dd7c-4ec0-8033-4e93d4830dbf: shutdown 2c5425c6-dd7c-4ec0-8033-4e93d4830dbf@group-30AC3F6D4787-LeaderStateImpl
2021-07-01 01:16:13,923 [Listener at 127.0.0.1/41923] INFO  impl.PendingRequests (PendingRequests.java:sendNotLeaderResponses(249)) - 2c5425c6-dd7c-4ec0-8033-4e93d4830dbf@group-30AC3F6D4787-PendingRequests: sendNotLeaderResponses
2021-07-01 01:16:13,923 [Listener at 127.0.0.1/41923] INFO  metrics.RatisMetrics (RatisMetrics.java:unregister(43)) - Unregistering Metrics Registry : ratis.log_appender.2c5425c6-dd7c-4ec0-8033-4e93d4830dbf@group-30AC3F6D4787
2021-07-01 01:16:13,923 [Listener at 127.0.0.1/41923] INFO  metrics.RatisMetrics (RatisMetrics.java:unregister(43)) - Unregistering Metrics Registry : ratis.server.2c5425c6-dd7c-4ec0-8033-4e93d4830dbf@group-30AC3F6D4787
2021-07-01 01:16:13,922 [ForkJoinPool.commonPool-worker-1] INFO  util.JmxRegister (JmxRegister.java:unregister(73)) - Successfully un-registered JMX Bean with object name Ratis:service=RaftServer,group=group-3F477C9B4374,id=12e155f9-24cd-4496-9fcd-b734ad3c03a4
2021-07-01 01:16:13,924 [ForkJoinPool.commonPool-worker-1] INFO  impl.RoleInfo (RoleInfo.java:shutdownFollowerState(108)) - 12e155f9-24cd-4496-9fcd-b734ad3c03a4: shutdown 12e155f9-24cd-4496-9fcd-b734ad3c03a4@group-3F477C9B4374-FollowerState
2021-07-01 01:16:13,924 [ForkJoinPool.commonPool-worker-1] INFO  impl.StateMachineUpdater (StateMachineUpdater.java:stopAndJoin(149)) - 12e155f9-24cd-4496-9fcd-b734ad3c03a4@group-3F477C9B4374-StateMachineUpdater: set stopIndex = 2
2021-07-01 01:16:13,924 [12e155f9-24cd-4496-9fcd-b734ad3c03a4@group-3F477C9B4374-FollowerState] INFO  impl.FollowerState (FollowerState.java:run(143)) - 12e155f9-24cd-4496-9fcd-b734ad3c03a4@group-3F477C9B4374-FollowerState was interrupted: {}
java.lang.InterruptedException: sleep interrupted
	at java.lang.Thread.sleep(Native Method)
	at java.lang.Thread.sleep(Thread.java:340)
	at java.util.concurrent.TimeUnit.sleep(TimeUnit.java:386)
	at org.apache.ratis.util.TimeDuration.sleep(TimeDuration.java:324)
	at org.apache.ratis.util.TimeDuration.sleep(TimeDuration.java:309)
	at org.apache.ratis.server.impl.FollowerState.run(FollowerState.java:118)
2021-07-01 01:16:13,925 [Listener at 127.0.0.1/41923] INFO  impl.StateMachineUpdater (StateMachineUpdater.java:stopAndJoin(149)) - 2c5425c6-dd7c-4ec0-8033-4e93d4830dbf@group-30AC3F6D4787-StateMachineUpdater: set stopIndex = 0
2021-07-01 01:16:13,925 [2c5425c6-dd7c-4ec0-8033-4e93d4830dbf@group-30AC3F6D4787-StateMachineUpdater] INFO  ratis.ContainerStateMachine (ContainerStateMachine.java:takeSnapshot(291)) - group-30AC3F6D4787: Taking a snapshot at:(t:1, i:0) file /home/runner/work/ozone/ozone/mnt/ozone/hadoop-ozone/integration-test/target/test-dir/MiniOzoneClusterImpl-603eb75f-c0c9-4b57-9906-10dc47a08d14/datanode-8/data/ratis/bb6854db-77ea-4a3f-8f65-30ac3f6d4787/sm/snapshot.1_0
2021-07-01 01:16:13,925 [12e155f9-24cd-4496-9fcd-b734ad3c03a4@group-3F477C9B4374-StateMachineUpdater] INFO  ratis.ContainerStateMachine (ContainerStateMachine.java:takeSnapshot(291)) - group-3F477C9B4374: Taking a snapshot at:(t:6, i:2) file /home/runner/work/ozone/ozone/mnt/ozone/hadoop-ozone/integration-test/target/test-dir/MiniOzoneClusterImpl-603eb75f-c0c9-4b57-9906-10dc47a08d14/datanode-1/data/ratis/fc1ed8f0-5d30-4d52-90b2-3f477c9b4374/sm/snapshot.6_2
2021-07-01 01:16:13,926 [12e155f9-24cd-4496-9fcd-b734ad3c03a4@group-3F477C9B4374-StateMachineUpdater] INFO  ratis.ContainerStateMachine (ContainerStateMachine.java:takeSnapshot(302)) - group-3F477C9B4374: Finished taking a snapshot at:(t:6, i:2) file:/home/runner/work/ozone/ozone/mnt/ozone/hadoop-ozone/integration-test/target/test-dir/MiniOzoneClusterImpl-603eb75f-c0c9-4b57-9906-10dc47a08d14/datanode-1/data/ratis/fc1ed8f0-5d30-4d52-90b2-3f477c9b4374/sm/snapshot.6_2 took: 1 ms
2021-07-01 01:16:13,926 [2c5425c6-dd7c-4ec0-8033-4e93d4830dbf@group-30AC3F6D4787-StateMachineUpdater] INFO  ratis.ContainerStateMachine (ContainerStateMachine.java:takeSnapshot(302)) - group-30AC3F6D4787: Finished taking a snapshot at:(t:1, i:0) file:/home/runner/work/ozone/ozone/mnt/ozone/hadoop-ozone/integration-test/target/test-dir/MiniOzoneClusterImpl-603eb75f-c0c9-4b57-9906-10dc47a08d14/datanode-8/data/ratis/bb6854db-77ea-4a3f-8f65-30ac3f6d4787/sm/snapshot.1_0 took: 1 ms
2021-07-01 01:16:13,927 [12e155f9-24cd-4496-9fcd-b734ad3c03a4@group-3F477C9B4374-StateMachineUpdater] INFO  impl.StateMachineUpdater (StateMachineUpdater.java:takeSnapshot(281)) - 12e155f9-24cd-4496-9fcd-b734ad3c03a4@group-3F477C9B4374-StateMachineUpdater: Took a snapshot at index 2
2021-07-01 01:16:13,927 [2c5425c6-dd7c-4ec0-8033-4e93d4830dbf@group-30AC3F6D4787-StateMachineUpdater] INFO  impl.StateMachineUpdater (StateMachineUpdater.java:takeSnapshot(281)) - 2c5425c6-dd7c-4ec0-8033-4e93d4830dbf@group-30AC3F6D4787-StateMachineUpdater: Took a snapshot at index 0
2021-07-01 01:16:13,927 [12e155f9-24cd-4496-9fcd-b734ad3c03a4@group-3F477C9B4374-StateMachineUpdater] INFO  impl.StateMachineUpdater (StateMachineUpdater.java:lambda$new$0(89)) - 12e155f9-24cd-4496-9fcd-b734ad3c03a4@group-3F477C9B4374-StateMachineUpdater: snapshotIndex: updateIncreasingly -1 -> 2
2021-07-01 01:16:13,927 [12e155f9-24cd-4496-9fcd-b734ad3c03a4@group-3F477C9B4374-StateMachineUpdater] INFO  metrics.RatisMetrics (RatisMetrics.java:unregister(43)) - Unregistering Metrics Registry : ratis.state_machine.12e155f9-24cd-4496-9fcd-b734ad3c03a4@group-3F477C9B4374
2021-07-01 01:16:13,927 [ForkJoinPool.commonPool-worker-1] INFO  server.RaftServer$Division (ServerState.java:close(405)) - 12e155f9-24cd-4496-9fcd-b734ad3c03a4@group-3F477C9B4374: closes. applyIndex: 2
2021-07-01 01:16:13,928 [12e155f9-24cd-4496-9fcd-b734ad3c03a4@group-3F477C9B4374-SegmentedRaftLogWorker] INFO  segmented.SegmentedRaftLogWorker (SegmentedRaftLogWorker.java:run(327)) - 12e155f9-24cd-4496-9fcd-b734ad3c03a4@group-3F477C9B4374-SegmentedRaftLogWorker was interrupted, exiting. There are 0 tasks remaining in the queue.
2021-07-01 01:16:13,928 [ForkJoinPool.commonPool-worker-1] INFO  segmented.SegmentedRaftLogWorker (SegmentedRaftLogWorker.java:close(237)) - 12e155f9-24cd-4496-9fcd-b734ad3c03a4@group-3F477C9B4374-SegmentedRaftLogWorker close()
2021-07-01 01:16:13,928 [ForkJoinPool.commonPool-worker-1] INFO  metrics.RatisMetrics (RatisMetrics.java:unregister(43)) - Unregistering Metrics Registry : ratis.log_worker.12e155f9-24cd-4496-9fcd-b734ad3c03a4@group-3F477C9B4374
2021-07-01 01:16:13,928 [ForkJoinPool.commonPool-worker-1] INFO  metrics.RatisMetrics (RatisMetrics.java:unregister(43)) - Unregistering Metrics Registry : ratis.leader_election.12e155f9-24cd-4496-9fcd-b734ad3c03a4@group-3F477C9B4374
2021-07-01 01:16:13,928 [ForkJoinPool.commonPool-worker-1] INFO  metrics.RatisMetrics (RatisMetrics.java:unregister(43)) - Unregistering Metrics Registry : ratis.server.12e155f9-24cd-4496-9fcd-b734ad3c03a4@group-3F477C9B4374
2021-07-01 01:16:13,928 [ForkJoinPool.commonPool-worker-1] INFO  server.RaftServer$Division (RaftServerImpl.java:lambda$close$4(406)) - 12e155f9-24cd-4496-9fcd-b734ad3c03a4@group-690E4381A16B: shutdown
2021-07-01 01:16:13,928 [ForkJoinPool.commonPool-worker-1] INFO  util.JmxRegister (JmxRegister.java:unregister(73)) - Successfully un-registered JMX Bean with object name Ratis:service=RaftServer,group=group-690E4381A16B,id=12e155f9-24cd-4496-9fcd-b734ad3c03a4
2021-07-01 01:16:13,928 [ForkJoinPool.commonPool-worker-1] INFO  impl.RoleInfo (RoleInfo.java:shutdownLeaderState(91)) - 12e155f9-24cd-4496-9fcd-b734ad3c03a4: shutdown 12e155f9-24cd-4496-9fcd-b734ad3c03a4@group-690E4381A16B-LeaderStateImpl
2021-07-01 01:16:13,928 [ForkJoinPool.commonPool-worker-1] INFO  impl.PendingRequests (PendingRequests.java:sendNotLeaderResponses(249)) - 12e155f9-24cd-4496-9fcd-b734ad3c03a4@group-690E4381A16B-PendingRequests: sendNotLeaderResponses
2021-07-01 01:16:13,929 [ForkJoinPool.commonPool-worker-1] INFO  metrics.RatisMetrics (RatisMetrics.java:unregister(43)) - Unregistering Metrics Registry : ratis.log_appender.12e155f9-24cd-4496-9fcd-b734ad3c03a4@group-690E4381A16B
2021-07-01 01:16:13,929 [ForkJoinPool.commonPool-worker-1] INFO  metrics.RatisMetrics (RatisMetrics.java:unregister(43)) - Unregistering Metrics Registry : ratis.server.12e155f9-24cd-4496-9fcd-b734ad3c03a4@group-690E4381A16B
2021-07-01 01:16:13,927 [2c5425c6-dd7c-4ec0-8033-4e93d4830dbf@group-30AC3F6D4787-StateMachineUpdater] INFO  impl.StateMachineUpdater (StateMachineUpdater.java:lambda$new$0(89)) - 2c5425c6-dd7c-4ec0-8033-4e93d4830dbf@group-30AC3F6D4787-StateMachineUpdater: snapshotIndex: updateIncreasingly -1 -> 0
2021-07-01 01:16:13,931 [2c5425c6-dd7c-4ec0-8033-4e93d4830dbf@group-30AC3F6D4787-StateMachineUpdater] INFO  metrics.RatisMetrics (RatisMetrics.java:unregister(43)) - Unregistering Metrics Registry : ratis.state_machine.2c5425c6-dd7c-4ec0-8033-4e93d4830dbf@group-30AC3F6D4787
2021-07-01 01:16:13,931 [Listener at 127.0.0.1/41923] INFO  server.RaftServer$Division (ServerState.java:close(405)) - 2c5425c6-dd7c-4ec0-8033-4e93d4830dbf@group-30AC3F6D4787: closes. applyIndex: 0
2021-07-01 01:16:13,932 [ForkJoinPool.commonPool-worker-1] INFO  impl.StateMachineUpdater (StateMachineUpdater.java:stopAndJoin(149)) - 12e155f9-24cd-4496-9fcd-b734ad3c03a4@group-690E4381A16B-StateMachineUpdater: set stopIndex = 0
2021-07-01 01:16:13,932 [12e155f9-24cd-4496-9fcd-b734ad3c03a4@group-690E4381A16B-StateMachineUpdater] INFO  ratis.ContainerStateMachine (ContainerStateMachine.java:takeSnapshot(291)) - group-690E4381A16B: Taking a snapshot at:(t:1, i:0) file /home/runner/work/ozone/ozone/mnt/ozone/hadoop-ozone/integration-test/target/test-dir/MiniOzoneClusterImpl-603eb75f-c0c9-4b57-9906-10dc47a08d14/datanode-1/data/ratis/ed7120cb-903c-4f71-b28c-690e4381a16b/sm/snapshot.1_0
2021-07-01 01:16:13,932 [2c5425c6-dd7c-4ec0-8033-4e93d4830dbf@group-30AC3F6D4787-SegmentedRaftLogWorker] INFO  segmented.SegmentedRaftLogWorker (SegmentedRaftLogWorker.java:run(327)) - 2c5425c6-dd7c-4ec0-8033-4e93d4830dbf@group-30AC3F6D4787-SegmentedRaftLogWorker was interrupted, exiting. There are 0 tasks remaining in the queue.
2021-07-01 01:16:13,933 [12e155f9-24cd-4496-9fcd-b734ad3c03a4@group-690E4381A16B-StateMachineUpdater] INFO  ratis.ContainerStateMachine (ContainerStateMachine.java:takeSnapshot(302)) - group-690E4381A16B: Finished taking a snapshot at:(t:1, i:0) file:/home/runner/work/ozone/ozone/mnt/ozone/hadoop-ozone/integration-test/target/test-dir/MiniOzoneClusterImpl-603eb75f-c0c9-4b57-9906-10dc47a08d14/datanode-1/data/ratis/ed7120cb-903c-4f71-b28c-690e4381a16b/sm/snapshot.1_0 took: 1 ms
2021-07-01 01:16:13,933 [12e155f9-24cd-4496-9fcd-b734ad3c03a4@group-690E4381A16B-StateMachineUpdater] INFO  impl.StateMachineUpdater (StateMachineUpdater.java:takeSnapshot(281)) - 12e155f9-24cd-4496-9fcd-b734ad3c03a4@group-690E4381A16B-StateMachineUpdater: Took a snapshot at index 0
2021-07-01 01:16:13,933 [12e155f9-24cd-4496-9fcd-b734ad3c03a4@group-690E4381A16B-StateMachineUpdater] INFO  impl.StateMachineUpdater (StateMachineUpdater.java:lambda$new$0(89)) - 12e155f9-24cd-4496-9fcd-b734ad3c03a4@group-690E4381A16B-StateMachineUpdater: snapshotIndex: updateIncreasingly -1 -> 0
2021-07-01 01:16:13,933 [12e155f9-24cd-4496-9fcd-b734ad3c03a4@group-690E4381A16B-StateMachineUpdater] INFO  metrics.RatisMetrics (RatisMetrics.java:unregister(43)) - Unregistering Metrics Registry : ratis.state_machine.12e155f9-24cd-4496-9fcd-b734ad3c03a4@group-690E4381A16B
2021-07-01 01:16:13,933 [Listener at 127.0.0.1/41923] INFO  segmented.SegmentedRaftLogWorker (SegmentedRaftLogWorker.java:close(237)) - 2c5425c6-dd7c-4ec0-8033-4e93d4830dbf@group-30AC3F6D4787-SegmentedRaftLogWorker close()
2021-07-01 01:16:13,934 [Listener at 127.0.0.1/41923] INFO  metrics.RatisMetrics (RatisMetrics.java:unregister(43)) - Unregistering Metrics Registry : ratis.log_worker.2c5425c6-dd7c-4ec0-8033-4e93d4830dbf@group-30AC3F6D4787
2021-07-01 01:16:13,934 [Listener at 127.0.0.1/41923] INFO  metrics.RatisMetrics (RatisMetrics.java:unregister(43)) - Unregistering Metrics Registry : ratis.leader_election.2c5425c6-dd7c-4ec0-8033-4e93d4830dbf@group-30AC3F6D4787
2021-07-01 01:16:13,935 [Listener at 127.0.0.1/41923] INFO  metrics.RatisMetrics (RatisMetrics.java:unregister(43)) - Unregistering Metrics Registry : ratis.server.2c5425c6-dd7c-4ec0-8033-4e93d4830dbf@group-30AC3F6D4787
2021-07-01 01:16:13,935 [Listener at 127.0.0.1/41923] INFO  server.RaftServer$Division (RaftServerImpl.java:lambda$close$4(406)) - 2c5425c6-dd7c-4ec0-8033-4e93d4830dbf@group-0BC9F4275829: shutdown
2021-07-01 01:16:13,935 [Listener at 127.0.0.1/41923] INFO  util.JmxRegister (JmxRegister.java:unregister(73)) - Successfully un-registered JMX Bean with object name Ratis:service=RaftServer,group=group-0BC9F4275829,id=2c5425c6-dd7c-4ec0-8033-4e93d4830dbf
2021-07-01 01:16:13,935 [Listener at 127.0.0.1/41923] INFO  impl.RoleInfo (RoleInfo.java:shutdownLeaderState(91)) - 2c5425c6-dd7c-4ec0-8033-4e93d4830dbf: shutdown 2c5425c6-dd7c-4ec0-8033-4e93d4830dbf@group-0BC9F4275829-LeaderStateImpl
2021-07-01 01:16:13,935 [Listener at 127.0.0.1/41923] INFO  metrics.RatisMetrics (RatisMetrics.java:unregister(43)) - Unregistering Metrics Registry : ratis_grpc.log_appender.2c5425c6-dd7c-4ec0-8033-4e93d4830dbf@group-0BC9F4275829
2021-07-01 01:16:13,933 [ForkJoinPool.commonPool-worker-1] INFO  server.RaftServer$Division (ServerState.java:close(405)) - 12e155f9-24cd-4496-9fcd-b734ad3c03a4@group-690E4381A16B: closes. applyIndex: 0
2021-07-01 01:16:13,936 [2c5425c6-dd7c-4ec0-8033-4e93d4830dbf@group-0BC9F4275829->74d0c323-91d1-42ce-a7ad-5ac80fac4338-GrpcLogAppender-LogAppenderDaemon] WARN  server.GrpcLogAppender (GrpcLogAppender.java:mayWait(175)) - 2c5425c6-dd7c-4ec0-8033-4e93d4830dbf@group-0BC9F4275829->74d0c323-91d1-42ce-a7ad-5ac80fac4338-GrpcLogAppender: Wait interrupted by java.lang.InterruptedException
2021-07-01 01:16:13,936 [grpc-default-executor-2] INFO  server.GrpcServerProtocolService (GrpcServerProtocolService.java:onCompleted(140)) - 74d0c323-91d1-42ce-a7ad-5ac80fac4338: Completed APPEND_ENTRIES, lastRequest: 2c5425c6-dd7c-4ec0-8033-4e93d4830dbf->74d0c323-91d1-42ce-a7ad-5ac80fac4338#1-t8,previous=(t:0, i:0),leaderCommit=-1,initializing? true,entries: size=1, first=(t:8, i:0), CONFIGURATIONENTRY
2021-07-01 01:16:13,937 [grpc-default-executor-0] INFO  server.GrpcLogAppender (GrpcLogAppender.java:onCompleted(344)) - 2c5425c6-dd7c-4ec0-8033-4e93d4830dbf@group-0BC9F4275829->74d0c323-91d1-42ce-a7ad-5ac80fac4338-AppendLogResponseHandler: follower responses appendEntries COMPLETED
2021-07-01 01:16:13,937 [grpc-default-executor-0] INFO  leader.FollowerInfo (FollowerInfoImpl.java:lambda$new$0(46)) - 2c5425c6-dd7c-4ec0-8033-4e93d4830dbf@group-0BC9F4275829->74d0c323-91d1-42ce-a7ad-5ac80fac4338: nextIndex: updateUnconditionally 1 -> 0
2021-07-01 01:16:13,937 [Listener at 127.0.0.1/41923] INFO  metrics.RatisMetrics (RatisMetrics.java:unregister(43)) - Unregistering Metrics Registry : ratis_grpc.log_appender.2c5425c6-dd7c-4ec0-8033-4e93d4830dbf@group-0BC9F4275829
2021-07-01 01:16:13,937 [12e155f9-24cd-4496-9fcd-b734ad3c03a4@group-690E4381A16B-SegmentedRaftLogWorker] INFO  segmented.SegmentedRaftLogWorker (SegmentedRaftLogWorker.java:run(327)) - 12e155f9-24cd-4496-9fcd-b734ad3c03a4@group-690E4381A16B-SegmentedRaftLogWorker was interrupted, exiting. There are 0 tasks remaining in the queue.
2021-07-01 01:16:13,938 [ForkJoinPool.commonPool-worker-1] INFO  segmented.SegmentedRaftLogWorker (SegmentedRaftLogWorker.java:close(237)) - 12e155f9-24cd-4496-9fcd-b734ad3c03a4@group-690E4381A16B-SegmentedRaftLogWorker close()
2021-07-01 01:16:13,938 [ForkJoinPool.commonPool-worker-1] INFO  metrics.RatisMetrics (RatisMetrics.java:unregister(43)) - Unregistering Metrics Registry : ratis.log_worker.12e155f9-24cd-4496-9fcd-b734ad3c03a4@group-690E4381A16B
2021-07-01 01:16:13,938 [ForkJoinPool.commonPool-worker-1] INFO  metrics.RatisMetrics (RatisMetrics.java:unregister(43)) - Unregistering Metrics Registry : ratis.leader_election.12e155f9-24cd-4496-9fcd-b734ad3c03a4@group-690E4381A16B
2021-07-01 01:16:13,938 [ForkJoinPool.commonPool-worker-1] INFO  metrics.RatisMetrics (RatisMetrics.java:unregister(43)) - Unregistering Metrics Registry : ratis.server.12e155f9-24cd-4496-9fcd-b734ad3c03a4@group-690E4381A16B
2021-07-01 01:16:13,938 [ForkJoinPool.commonPool-worker-1] INFO  server.GrpcService (GrpcService.java:closeImpl(262)) - 12e155f9-24cd-4496-9fcd-b734ad3c03a4: shutdown server with port 37489 now
2021-07-01 01:16:13,939 [ForkJoinPool.commonPool-worker-1] INFO  server.GrpcService (GrpcService.java:closeImpl(271)) - 12e155f9-24cd-4496-9fcd-b734ad3c03a4: shutdown server with port 37489 successfully
2021-07-01 01:16:13,939 [Listener at 127.0.0.1/41923] INFO  impl.PendingRequests (PendingRequests.java:sendNotLeaderResponses(249)) - 2c5425c6-dd7c-4ec0-8033-4e93d4830dbf@group-0BC9F4275829-PendingRequests: sendNotLeaderResponses
2021-07-01 01:16:13,939 [org.apache.ratis.util.JvmPauseMonitor$$Lambda$514/857811686@1be07012] INFO  util.JvmPauseMonitor (JvmPauseMonitor.java:run(109)) - JvmPauseMonitor-12e155f9-24cd-4496-9fcd-b734ad3c03a4: Stopped
2021-07-01 01:16:13,939 [Listener at 127.0.0.1/41923] INFO  metrics.RatisMetrics (RatisMetrics.java:unregister(43)) - Unregistering Metrics Registry : ratis.log_appender.2c5425c6-dd7c-4ec0-8033-4e93d4830dbf@group-0BC9F4275829
2021-07-01 01:16:13,943 [Listener at 127.0.0.1/41923] INFO  metrics.RatisMetrics (RatisMetrics.java:unregister(43)) - Unregistering Metrics Registry : ratis.server.2c5425c6-dd7c-4ec0-8033-4e93d4830dbf@group-0BC9F4275829
2021-07-01 01:16:13,943 [ForkJoinPool.commonPool-worker-1] INFO  utils.BackgroundService (BackgroundService.java:shutdown(132)) - Shutting down service BlockDeletingService
2021-07-01 01:16:13,946 [Listener at 127.0.0.1/41923] INFO  impl.StateMachineUpdater (StateMachineUpdater.java:stopAndJoin(149)) - 2c5425c6-dd7c-4ec0-8033-4e93d4830dbf@group-0BC9F4275829-StateMachineUpdater: set stopIndex = 0
2021-07-01 01:16:13,946 [2c5425c6-dd7c-4ec0-8033-4e93d4830dbf@group-0BC9F4275829-StateMachineUpdater] INFO  ratis.ContainerStateMachine (ContainerStateMachine.java:takeSnapshot(291)) - group-0BC9F4275829: Taking a snapshot at:(t:8, i:0) file /home/runner/work/ozone/ozone/mnt/ozone/hadoop-ozone/integration-test/target/test-dir/MiniOzoneClusterImpl-603eb75f-c0c9-4b57-9906-10dc47a08d14/datanode-8/data/ratis/8cc6e381-03b9-465e-b840-0bc9f4275829/sm/snapshot.8_0
2021-07-01 01:16:13,946 [ForkJoinPool.commonPool-worker-1] INFO  statemachine.DatanodeStateMachine (DatanodeStateMachine.java:stopDaemon(488)) - Ozone container server stopped.
2021-07-01 01:16:13,947 [2c5425c6-dd7c-4ec0-8033-4e93d4830dbf@group-0BC9F4275829-StateMachineUpdater] INFO  ratis.ContainerStateMachine (ContainerStateMachine.java:takeSnapshot(302)) - group-0BC9F4275829: Finished taking a snapshot at:(t:8, i:0) file:/home/runner/work/ozone/ozone/mnt/ozone/hadoop-ozone/integration-test/target/test-dir/MiniOzoneClusterImpl-603eb75f-c0c9-4b57-9906-10dc47a08d14/datanode-8/data/ratis/8cc6e381-03b9-465e-b840-0bc9f4275829/sm/snapshot.8_0 took: 1 ms
2021-07-01 01:16:13,947 [2c5425c6-dd7c-4ec0-8033-4e93d4830dbf@group-0BC9F4275829-StateMachineUpdater] INFO  impl.StateMachineUpdater (StateMachineUpdater.java:takeSnapshot(281)) - 2c5425c6-dd7c-4ec0-8033-4e93d4830dbf@group-0BC9F4275829-StateMachineUpdater: Took a snapshot at index 0
2021-07-01 01:16:13,947 [2c5425c6-dd7c-4ec0-8033-4e93d4830dbf@group-0BC9F4275829-StateMachineUpdater] INFO  impl.StateMachineUpdater (StateMachineUpdater.java:lambda$new$0(89)) - 2c5425c6-dd7c-4ec0-8033-4e93d4830dbf@group-0BC9F4275829-StateMachineUpdater: snapshotIndex: updateIncreasingly -1 -> 0
2021-07-01 01:16:13,947 [2c5425c6-dd7c-4ec0-8033-4e93d4830dbf@group-0BC9F4275829-StateMachineUpdater] INFO  metrics.RatisMetrics (RatisMetrics.java:unregister(43)) - Unregistering Metrics Registry : ratis.state_machine.2c5425c6-dd7c-4ec0-8033-4e93d4830dbf@group-0BC9F4275829
2021-07-01 01:16:13,947 [Listener at 127.0.0.1/41923] INFO  server.RaftServer$Division (ServerState.java:close(405)) - 2c5425c6-dd7c-4ec0-8033-4e93d4830dbf@group-0BC9F4275829: closes. applyIndex: 0
2021-07-01 01:16:13,948 [2c5425c6-dd7c-4ec0-8033-4e93d4830dbf@group-0BC9F4275829-SegmentedRaftLogWorker] INFO  segmented.SegmentedRaftLogWorker (SegmentedRaftLogWorker.java:run(327)) - 2c5425c6-dd7c-4ec0-8033-4e93d4830dbf@group-0BC9F4275829-SegmentedRaftLogWorker was interrupted, exiting. There are 0 tasks remaining in the queue.
2021-07-01 01:16:13,950 [Listener at 127.0.0.1/41923] INFO  segmented.SegmentedRaftLogWorker (SegmentedRaftLogWorker.java:close(237)) - 2c5425c6-dd7c-4ec0-8033-4e93d4830dbf@group-0BC9F4275829-SegmentedRaftLogWorker close()
2021-07-01 01:16:13,950 [Listener at 127.0.0.1/41923] INFO  metrics.RatisMetrics (RatisMetrics.java:unregister(43)) - Unregistering Metrics Registry : ratis.log_worker.2c5425c6-dd7c-4ec0-8033-4e93d4830dbf@group-0BC9F4275829
2021-07-01 01:16:13,950 [ForkJoinPool.commonPool-worker-1] INFO  handler.ContextHandler (ContextHandler.java:doStop(1154)) - Stopped o.e.j.w.WebAppContext@6a9d7514{hddsDatanode,/,null,STOPPED}{jar:file:/home/runner/.m2/repository/org/apache/ozone/hdds-container-service/1.2.0-SNAPSHOT/hdds-container-service-1.2.0-SNAPSHOT.jar!/webapps/hddsDatanode}
2021-07-01 01:16:13,950 [Listener at 127.0.0.1/41923] INFO  metrics.RatisMetrics (RatisMetrics.java:unregister(43)) - Unregistering Metrics Registry : ratis.leader_election.2c5425c6-dd7c-4ec0-8033-4e93d4830dbf@group-0BC9F4275829
2021-07-01 01:16:13,950 [Listener at 127.0.0.1/41923] INFO  metrics.RatisMetrics (RatisMetrics.java:unregister(43)) - Unregistering Metrics Registry : ratis.server.2c5425c6-dd7c-4ec0-8033-4e93d4830dbf@group-0BC9F4275829
2021-07-01 01:16:13,950 [Listener at 127.0.0.1/41923] INFO  server.GrpcService (GrpcService.java:closeImpl(262)) - 2c5425c6-dd7c-4ec0-8033-4e93d4830dbf: shutdown server with port 44955 now
2021-07-01 01:16:13,953 [ForkJoinPool.commonPool-worker-1] INFO  server.AbstractConnector (AbstractConnector.java:doStop(381)) - Stopped ServerConnector@371ce753{HTTP/1.1, (http/1.1)}{0.0.0.0:0}
2021-07-01 01:16:13,953 [ForkJoinPool.commonPool-worker-1] INFO  server.session (HouseKeeper.java:stopScavenging(149)) - node0 Stopped scavenging
2021-07-01 01:16:13,953 [ForkJoinPool.commonPool-worker-1] INFO  handler.ContextHandler (ContextHandler.java:doStop(1154)) - Stopped o.e.j.s.ServletContextHandler@4d236a2b{static,/static,jar:file:/home/runner/.m2/repository/org/apache/ozone/hdds-container-service/1.2.0-SNAPSHOT/hdds-container-service-1.2.0-SNAPSHOT.jar!/webapps/static,STOPPED}
2021-07-01 01:16:13,953 [ForkJoinPool.commonPool-worker-1] INFO  handler.ContextHandler (ContextHandler.java:doStop(1154)) - Stopped o.e.j.s.ServletContextHandler@44b5652d{logs,/logs,file:///home/runner/work/ozone/ozone/mnt/ozone/hadoop-ozone/integration-test/target/log,STOPPED}
2021-07-01 01:16:13,955 [Listener at 127.0.0.1/41923] INFO  server.GrpcService (GrpcService.java:closeImpl(271)) - 2c5425c6-dd7c-4ec0-8033-4e93d4830dbf: shutdown server with port 44955 successfully
2021-07-01 01:16:13,956 [org.apache.ratis.util.JvmPauseMonitor$$Lambda$514/857811686@1379b528] INFO  util.JvmPauseMonitor (JvmPauseMonitor.java:run(109)) - JvmPauseMonitor-2c5425c6-dd7c-4ec0-8033-4e93d4830dbf: Stopped
2021-07-01 01:16:13,956 [Listener at 127.0.0.1/41923] INFO  utils.BackgroundService (BackgroundService.java:shutdown(132)) - Shutting down service BlockDeletingService
2021-07-01 01:16:13,958 [Listener at 127.0.0.1/41923] INFO  statemachine.DatanodeStateMachine (DatanodeStateMachine.java:stopDaemon(488)) - Ozone container server stopped.
2021-07-01 01:16:13,959 [Listener at 127.0.0.1/41923] INFO  handler.ContextHandler (ContextHandler.java:doStop(1154)) - Stopped o.e.j.w.WebAppContext@4be980{hddsDatanode,/,null,STOPPED}{jar:file:/home/runner/.m2/repository/org/apache/ozone/hdds-container-service/1.2.0-SNAPSHOT/hdds-container-service-1.2.0-SNAPSHOT.jar!/webapps/hddsDatanode}
2021-07-01 01:16:13,959 [Listener at 127.0.0.1/41923] INFO  server.AbstractConnector (AbstractConnector.java:doStop(381)) - Stopped ServerConnector@195f4a3e{HTTP/1.1, (http/1.1)}{0.0.0.0:0}
2021-07-01 01:16:13,959 [Listener at 127.0.0.1/41923] INFO  server.session (HouseKeeper.java:stopScavenging(149)) - node0 Stopped scavenging
2021-07-01 01:16:13,960 [Listener at 127.0.0.1/41923] INFO  handler.ContextHandler (ContextHandler.java:doStop(1154)) - Stopped o.e.j.s.ServletContextHandler@5f6e202{static,/static,jar:file:/home/runner/.m2/repository/org/apache/ozone/hdds-container-service/1.2.0-SNAPSHOT/hdds-container-service-1.2.0-SNAPSHOT.jar!/webapps/static,STOPPED}
2021-07-01 01:16:13,960 [Listener at 127.0.0.1/41923] INFO  handler.ContextHandler (ContextHandler.java:doStop(1154)) - Stopped o.e.j.s.ServletContextHandler@1c140c7c{logs,/logs,file:///home/runner/work/ozone/ozone/mnt/ozone/hadoop-ozone/integration-test/target/log,STOPPED}
2021-07-01 01:16:14,170 [Datanode State Machine Thread - 0] INFO  statemachine.DatanodeStateMachine (DatanodeStateMachine.java:lambda$startDaemon$0(430)) - Ozone container server started.
2021-07-01 01:16:18,958 [ForkJoinPool.commonPool-worker-1] INFO  ozoneimpl.OzoneContainer (OzoneContainer.java:stop(326)) - Attempting to stop container services.
2021-07-01 01:16:18,959 [ForkJoinPool.commonPool-worker-1] INFO  server.RaftServer (RaftServerProxy.java:lambda$close$6(391)) - 74d0c323-91d1-42ce-a7ad-5ac80fac4338: close
2021-07-01 01:16:18,959 [ForkJoinPool.commonPool-worker-1] INFO  server.RaftServer$Division (RaftServerImpl.java:lambda$close$4(406)) - 74d0c323-91d1-42ce-a7ad-5ac80fac4338@group-130FAF1149B5: shutdown
2021-07-01 01:16:18,959 [ForkJoinPool.commonPool-worker-1] INFO  util.JmxRegister (JmxRegister.java:unregister(73)) - Successfully un-registered JMX Bean with object name Ratis:service=RaftServer,group=group-130FAF1149B5,id=74d0c323-91d1-42ce-a7ad-5ac80fac4338
2021-07-01 01:16:18,959 [ForkJoinPool.commonPool-worker-1] INFO  impl.RoleInfo (RoleInfo.java:shutdownLeaderState(91)) - 74d0c323-91d1-42ce-a7ad-5ac80fac4338: shutdown 74d0c323-91d1-42ce-a7ad-5ac80fac4338@group-130FAF1149B5-LeaderStateImpl
2021-07-01 01:16:18,959 [ForkJoinPool.commonPool-worker-1] INFO  impl.PendingRequests (PendingRequests.java:sendNotLeaderResponses(249)) - 74d0c323-91d1-42ce-a7ad-5ac80fac4338@group-130FAF1149B5-PendingRequests: sendNotLeaderResponses
2021-07-01 01:16:18,959 [ForkJoinPool.commonPool-worker-1] INFO  metrics.RatisMetrics (RatisMetrics.java:unregister(43)) - Unregistering Metrics Registry : ratis.log_appender.74d0c323-91d1-42ce-a7ad-5ac80fac4338@group-130FAF1149B5
2021-07-01 01:16:18,959 [ForkJoinPool.commonPool-worker-1] INFO  metrics.RatisMetrics (RatisMetrics.java:unregister(43)) - Unregistering Metrics Registry : ratis.server.74d0c323-91d1-42ce-a7ad-5ac80fac4338@group-130FAF1149B5
2021-07-01 01:16:18,960 [ForkJoinPool.commonPool-worker-1] INFO  impl.StateMachineUpdater (StateMachineUpdater.java:stopAndJoin(149)) - 74d0c323-91d1-42ce-a7ad-5ac80fac4338@group-130FAF1149B5-StateMachineUpdater: set stopIndex = 0
2021-07-01 01:16:18,961 [74d0c323-91d1-42ce-a7ad-5ac80fac4338@group-130FAF1149B5-StateMachineUpdater] INFO  ratis.ContainerStateMachine (ContainerStateMachine.java:takeSnapshot(291)) - group-130FAF1149B5: Taking a snapshot at:(t:1, i:0) file /home/runner/work/ozone/ozone/mnt/ozone/hadoop-ozone/integration-test/target/test-dir/MiniOzoneClusterImpl-603eb75f-c0c9-4b57-9906-10dc47a08d14/datanode-6/data/ratis/1c4d3486-05d9-4bdd-a615-130faf1149b5/sm/snapshot.1_0
2021-07-01 01:16:18,962 [74d0c323-91d1-42ce-a7ad-5ac80fac4338@group-130FAF1149B5-StateMachineUpdater] INFO  ratis.ContainerStateMachine (ContainerStateMachine.java:takeSnapshot(302)) - group-130FAF1149B5: Finished taking a snapshot at:(t:1, i:0) file:/home/runner/work/ozone/ozone/mnt/ozone/hadoop-ozone/integration-test/target/test-dir/MiniOzoneClusterImpl-603eb75f-c0c9-4b57-9906-10dc47a08d14/datanode-6/data/ratis/1c4d3486-05d9-4bdd-a615-130faf1149b5/sm/snapshot.1_0 took: 1 ms
2021-07-01 01:16:18,962 [74d0c323-91d1-42ce-a7ad-5ac80fac4338@group-130FAF1149B5-StateMachineUpdater] INFO  impl.StateMachineUpdater (StateMachineUpdater.java:takeSnapshot(281)) - 74d0c323-91d1-42ce-a7ad-5ac80fac4338@group-130FAF1149B5-StateMachineUpdater: Took a snapshot at index 0
2021-07-01 01:16:18,962 [74d0c323-91d1-42ce-a7ad-5ac80fac4338@group-130FAF1149B5-StateMachineUpdater] INFO  impl.StateMachineUpdater (StateMachineUpdater.java:lambda$new$0(89)) - 74d0c323-91d1-42ce-a7ad-5ac80fac4338@group-130FAF1149B5-StateMachineUpdater: snapshotIndex: updateIncreasingly -1 -> 0
2021-07-01 01:16:18,962 [74d0c323-91d1-42ce-a7ad-5ac80fac4338@group-130FAF1149B5-StateMachineUpdater] INFO  metrics.RatisMetrics (RatisMetrics.java:unregister(43)) - Unregistering Metrics Registry : ratis.state_machine.74d0c323-91d1-42ce-a7ad-5ac80fac4338@group-130FAF1149B5
2021-07-01 01:16:18,967 [ForkJoinPool.commonPool-worker-1] INFO  server.RaftServer$Division (ServerState.java:close(405)) - 74d0c323-91d1-42ce-a7ad-5ac80fac4338@group-130FAF1149B5: closes. applyIndex: 0
2021-07-01 01:16:18,967 [74d0c323-91d1-42ce-a7ad-5ac80fac4338@group-130FAF1149B5-SegmentedRaftLogWorker] INFO  segmented.SegmentedRaftLogWorker (SegmentedRaftLogWorker.java:run(327)) - 74d0c323-91d1-42ce-a7ad-5ac80fac4338@group-130FAF1149B5-SegmentedRaftLogWorker was interrupted, exiting. There are 0 tasks remaining in the queue.
2021-07-01 01:16:18,967 [ForkJoinPool.commonPool-worker-1] INFO  segmented.SegmentedRaftLogWorker (SegmentedRaftLogWorker.java:close(237)) - 74d0c323-91d1-42ce-a7ad-5ac80fac4338@group-130FAF1149B5-SegmentedRaftLogWorker close()
2021-07-01 01:16:18,968 [ForkJoinPool.commonPool-worker-1] INFO  metrics.RatisMetrics (RatisMetrics.java:unregister(43)) - Unregistering Metrics Registry : ratis.log_worker.74d0c323-91d1-42ce-a7ad-5ac80fac4338@group-130FAF1149B5
2021-07-01 01:16:18,968 [ForkJoinPool.commonPool-worker-1] INFO  metrics.RatisMetrics (RatisMetrics.java:unregister(43)) - Unregistering Metrics Registry : ratis.leader_election.74d0c323-91d1-42ce-a7ad-5ac80fac4338@group-130FAF1149B5
2021-07-01 01:16:18,968 [ForkJoinPool.commonPool-worker-1] INFO  metrics.RatisMetrics (RatisMetrics.java:unregister(43)) - Unregistering Metrics Registry : ratis.server.74d0c323-91d1-42ce-a7ad-5ac80fac4338@group-130FAF1149B5
2021-07-01 01:16:18,968 [ForkJoinPool.commonPool-worker-1] INFO  server.RaftServer$Division (RaftServerImpl.java:lambda$close$4(406)) - 74d0c323-91d1-42ce-a7ad-5ac80fac4338@group-0BC9F4275829: shutdown
2021-07-01 01:16:18,968 [ForkJoinPool.commonPool-worker-1] INFO  util.JmxRegister (JmxRegister.java:unregister(73)) - Successfully un-registered JMX Bean with object name Ratis:service=RaftServer,group=group-0BC9F4275829,id=74d0c323-91d1-42ce-a7ad-5ac80fac4338
2021-07-01 01:16:18,968 [ForkJoinPool.commonPool-worker-1] INFO  impl.RoleInfo (RoleInfo.java:shutdownFollowerState(108)) - 74d0c323-91d1-42ce-a7ad-5ac80fac4338: shutdown 74d0c323-91d1-42ce-a7ad-5ac80fac4338@group-0BC9F4275829-FollowerState
2021-07-01 01:16:18,968 [74d0c323-91d1-42ce-a7ad-5ac80fac4338@group-0BC9F4275829-FollowerState] INFO  impl.FollowerState (FollowerState.java:run(143)) - 74d0c323-91d1-42ce-a7ad-5ac80fac4338@group-0BC9F4275829-FollowerState was interrupted: {}
java.lang.InterruptedException: sleep interrupted
	at java.lang.Thread.sleep(Native Method)
	at java.lang.Thread.sleep(Thread.java:340)
	at java.util.concurrent.TimeUnit.sleep(TimeUnit.java:386)
	at org.apache.ratis.util.TimeDuration.sleep(TimeDuration.java:324)
	at org.apache.ratis.util.TimeDuration.sleep(TimeDuration.java:309)
	at org.apache.ratis.server.impl.FollowerState.run(FollowerState.java:118)
2021-07-01 01:16:18,968 [ForkJoinPool.commonPool-worker-1] INFO  impl.StateMachineUpdater (StateMachineUpdater.java:stopAndJoin(149)) - 74d0c323-91d1-42ce-a7ad-5ac80fac4338@group-0BC9F4275829-StateMachineUpdater: set stopIndex = 0
2021-07-01 01:16:18,969 [74d0c323-91d1-42ce-a7ad-5ac80fac4338@group-0BC9F4275829-StateMachineUpdater] INFO  ratis.ContainerStateMachine (ContainerStateMachine.java:takeSnapshot(291)) - group-0BC9F4275829: Taking a snapshot at:(t:8, i:0) file /home/runner/work/ozone/ozone/mnt/ozone/hadoop-ozone/integration-test/target/test-dir/MiniOzoneClusterImpl-603eb75f-c0c9-4b57-9906-10dc47a08d14/datanode-6/data/ratis/8cc6e381-03b9-465e-b840-0bc9f4275829/sm/snapshot.8_0
2021-07-01 01:16:18,969 [74d0c323-91d1-42ce-a7ad-5ac80fac4338@group-0BC9F4275829-StateMachineUpdater] INFO  ratis.ContainerStateMachine (ContainerStateMachine.java:takeSnapshot(302)) - group-0BC9F4275829: Finished taking a snapshot at:(t:8, i:0) file:/home/runner/work/ozone/ozone/mnt/ozone/hadoop-ozone/integration-test/target/test-dir/MiniOzoneClusterImpl-603eb75f-c0c9-4b57-9906-10dc47a08d14/datanode-6/data/ratis/8cc6e381-03b9-465e-b840-0bc9f4275829/sm/snapshot.8_0 took: 1 ms
2021-07-01 01:16:18,970 [74d0c323-91d1-42ce-a7ad-5ac80fac4338@group-0BC9F4275829-StateMachineUpdater] INFO  impl.StateMachineUpdater (StateMachineUpdater.java:takeSnapshot(281)) - 74d0c323-91d1-42ce-a7ad-5ac80fac4338@group-0BC9F4275829-StateMachineUpdater: Took a snapshot at index 0
2021-07-01 01:16:18,970 [74d0c323-91d1-42ce-a7ad-5ac80fac4338@group-0BC9F4275829-StateMachineUpdater] INFO  impl.StateMachineUpdater (StateMachineUpdater.java:lambda$new$0(89)) - 74d0c323-91d1-42ce-a7ad-5ac80fac4338@group-0BC9F4275829-StateMachineUpdater: snapshotIndex: updateIncreasingly -1 -> 0
2021-07-01 01:16:18,970 [74d0c323-91d1-42ce-a7ad-5ac80fac4338@group-0BC9F4275829-StateMachineUpdater] INFO  metrics.RatisMetrics (RatisMetrics.java:unregister(43)) - Unregistering Metrics Registry : ratis.state_machine.74d0c323-91d1-42ce-a7ad-5ac80fac4338@group-0BC9F4275829
2021-07-01 01:16:18,970 [ForkJoinPool.commonPool-worker-1] INFO  server.RaftServer$Division (ServerState.java:close(405)) - 74d0c323-91d1-42ce-a7ad-5ac80fac4338@group-0BC9F4275829: closes. applyIndex: 0
2021-07-01 01:16:18,970 [74d0c323-91d1-42ce-a7ad-5ac80fac4338@group-0BC9F4275829-SegmentedRaftLogWorker] INFO  segmented.SegmentedRaftLogWorker (SegmentedRaftLogWorker.java:run(327)) - 74d0c323-91d1-42ce-a7ad-5ac80fac4338@group-0BC9F4275829-SegmentedRaftLogWorker was interrupted, exiting. There are 0 tasks remaining in the queue.
2021-07-01 01:16:18,971 [ForkJoinPool.commonPool-worker-1] INFO  segmented.SegmentedRaftLogWorker (SegmentedRaftLogWorker.java:close(237)) - 74d0c323-91d1-42ce-a7ad-5ac80fac4338@group-0BC9F4275829-SegmentedRaftLogWorker close()
2021-07-01 01:16:18,971 [ForkJoinPool.commonPool-worker-1] INFO  metrics.RatisMetrics (RatisMetrics.java:unregister(43)) - Unregistering Metrics Registry : ratis.log_worker.74d0c323-91d1-42ce-a7ad-5ac80fac4338@group-0BC9F4275829
2021-07-01 01:16:18,971 [ForkJoinPool.commonPool-worker-1] INFO  metrics.RatisMetrics (RatisMetrics.java:unregister(43)) - Unregistering Metrics Registry : ratis.leader_election.74d0c323-91d1-42ce-a7ad-5ac80fac4338@group-0BC9F4275829
2021-07-01 01:16:18,971 [ForkJoinPool.commonPool-worker-1] INFO  metrics.RatisMetrics (RatisMetrics.java:unregister(43)) - Unregistering Metrics Registry : ratis.server.74d0c323-91d1-42ce-a7ad-5ac80fac4338@group-0BC9F4275829
2021-07-01 01:16:18,972 [ForkJoinPool.commonPool-worker-1] INFO  server.GrpcService (GrpcService.java:closeImpl(262)) - 74d0c323-91d1-42ce-a7ad-5ac80fac4338: shutdown server with port 46795 now
2021-07-01 01:16:18,973 [ForkJoinPool.commonPool-worker-1] INFO  server.GrpcService (GrpcService.java:closeImpl(271)) - 74d0c323-91d1-42ce-a7ad-5ac80fac4338: shutdown server with port 46795 successfully
2021-07-01 01:16:18,974 [org.apache.ratis.util.JvmPauseMonitor$$Lambda$514/857811686@2d7c2260] INFO  util.JvmPauseMonitor (JvmPauseMonitor.java:run(109)) - JvmPauseMonitor-74d0c323-91d1-42ce-a7ad-5ac80fac4338: Stopped
2021-07-01 01:16:18,982 [ForkJoinPool.commonPool-worker-1] INFO  utils.BackgroundService (BackgroundService.java:shutdown(132)) - Shutting down service BlockDeletingService
2021-07-01 01:16:18,984 [ForkJoinPool.commonPool-worker-1] INFO  statemachine.DatanodeStateMachine (DatanodeStateMachine.java:stopDaemon(488)) - Ozone container server stopped.
2021-07-01 01:16:18,985 [ForkJoinPool.commonPool-worker-1] INFO  handler.ContextHandler (ContextHandler.java:doStop(1154)) - Stopped o.e.j.w.WebAppContext@34648b8d{hddsDatanode,/,null,STOPPED}{jar:file:/home/runner/.m2/repository/org/apache/ozone/hdds-container-service/1.2.0-SNAPSHOT/hdds-container-service-1.2.0-SNAPSHOT.jar!/webapps/hddsDatanode}
2021-07-01 01:16:18,986 [ForkJoinPool.commonPool-worker-1] INFO  server.AbstractConnector (AbstractConnector.java:doStop(381)) - Stopped ServerConnector@378c41e5{HTTP/1.1, (http/1.1)}{0.0.0.0:0}
2021-07-01 01:16:18,986 [ForkJoinPool.commonPool-worker-1] INFO  server.session (HouseKeeper.java:stopScavenging(149)) - node0 Stopped scavenging
2021-07-01 01:16:18,986 [ForkJoinPool.commonPool-worker-1] INFO  handler.ContextHandler (ContextHandler.java:doStop(1154)) - Stopped o.e.j.s.ServletContextHandler@42b35632{static,/static,jar:file:/home/runner/.m2/repository/org/apache/ozone/hdds-container-service/1.2.0-SNAPSHOT/hdds-container-service-1.2.0-SNAPSHOT.jar!/webapps/static,STOPPED}
2021-07-01 01:16:18,986 [ForkJoinPool.commonPool-worker-1] INFO  handler.ContextHandler (ContextHandler.java:doStop(1154)) - Stopped o.e.j.s.ServletContextHandler@1bf22938{logs,/logs,file:///home/runner/work/ozone/ozone/mnt/ozone/hadoop-ozone/integration-test/target/log,STOPPED}
2021-07-01 01:16:18,988 [Listener at 127.0.0.1/41923] INFO  ozone.MiniOzoneClusterImpl (MiniOzoneClusterImpl.java:stopSCM(534)) - Stopping the StorageContainerManager
2021-07-01 01:16:18,989 [Listener at 127.0.0.1/41923] INFO  server.StorageContainerManager (StorageContainerManager.java:stop(1306)) - Stopping Replication Manager Service.
2021-07-01 01:16:18,989 [Listener at 127.0.0.1/41923] INFO  container.ReplicationManager (ReplicationManager.java:stop(260)) - Stopping Replication Monitor Thread.
2021-07-01 01:16:18,989 [Listener at 127.0.0.1/41923] INFO  server.StorageContainerManager (StorageContainerManager.java:stop(1313)) - Stopping the Datanode Admin Monitor.
2021-07-01 01:16:18,989 [Listener at 127.0.0.1/41923] INFO  server.StorageContainerManager (StorageContainerManager.java:stop(1320)) - Stopping Lease Manager of the command watchers
2021-07-01 01:16:18,989 [Listener at 127.0.0.1/41923] INFO  server.StorageContainerManager (StorageContainerManager.java:stop(1327)) - Stopping datanode service RPC server
2021-07-01 01:16:18,989 [Listener at 127.0.0.1/41923] INFO  server.SCMDatanodeProtocolServer (SCMDatanodeProtocolServer.java:stop(377)) - Stopping the RPC server for DataNodes
2021-07-01 01:16:18,989 [Listener at 127.0.0.1/41923] INFO  ipc.Server (Server.java:stop(3403)) - Stopping server on 42377
2021-07-01 01:16:18,991 [IPC Server listener on 0] INFO  ipc.Server (Server.java:run(1366)) - Stopping IPC Server listener on 0
2021-07-01 01:16:18,992 [IPC Server Responder] INFO  ipc.Server (Server.java:run(1502)) - Stopping IPC Server Responder
2021-07-01 01:16:19,028 [SCM Heartbeat Processing Thread - 0] WARN  node.NodeStateManager (NodeStateManager.java:scheduleNextHealthCheck(688)) - Current Thread is interrupted, shutting down HB processing thread for Node Manager.
2021-07-01 01:16:19,029 [Listener at 127.0.0.1/41923] INFO  server.StorageContainerManager (StorageContainerManager.java:stop(1335)) - Stopping block service RPC server
2021-07-01 01:16:19,029 [Listener at 127.0.0.1/41923] INFO  server.SCMBlockProtocolServer (SCMBlockProtocolServer.java:stop(160)) - Stopping the RPC server for Block Protocol
2021-07-01 01:16:19,029 [Listener at 127.0.0.1/41923] INFO  ipc.Server (Server.java:stop(3403)) - Stopping server on 40817
2021-07-01 01:16:19,031 [IPC Server listener on 0] INFO  ipc.Server (Server.java:run(1366)) - Stopping IPC Server listener on 0
2021-07-01 01:16:19,031 [Listener at 127.0.0.1/41923] INFO  server.StorageContainerManager (StorageContainerManager.java:stop(1342)) - Stopping the StorageContainerLocationProtocol RPC server
2021-07-01 01:16:19,032 [IPC Server Responder] INFO  ipc.Server (Server.java:run(1502)) - Stopping IPC Server Responder
2021-07-01 01:16:19,032 [Listener at 127.0.0.1/41923] INFO  server.SCMClientProtocolServer (SCMClientProtocolServer.java:stop(172)) - Stopping the RPC server for Client Protocol
2021-07-01 01:16:19,032 [Listener at 127.0.0.1/41923] INFO  ipc.Server (Server.java:stop(3403)) - Stopping server on 36453
2021-07-01 01:16:19,033 [IPC Server listener on 0] INFO  ipc.Server (Server.java:run(1366)) - Stopping IPC Server listener on 0
2021-07-01 01:16:19,037 [IPC Server Responder] INFO  ipc.Server (Server.java:run(1502)) - Stopping IPC Server Responder
2021-07-01 01:16:19,038 [Listener at 127.0.0.1/41923] INFO  server.StorageContainerManager (StorageContainerManager.java:stop(1349)) - Stopping Storage Container Manager HTTP server.
2021-07-01 01:16:19,038 [Listener at 127.0.0.1/41923] INFO  handler.ContextHandler (ContextHandler.java:doStop(1154)) - Stopped o.e.j.w.WebAppContext@399f5a98{scm,/,null,STOPPED}{file:/home/runner/work/ozone/ozone/mnt/ozone/hadoop-ozone/integration-test/target/test-classes/webapps/scm}
2021-07-01 01:16:19,039 [Listener at 127.0.0.1/41923] INFO  server.AbstractConnector (AbstractConnector.java:doStop(381)) - Stopped ServerConnector@3d02feb6{HTTP/1.1, (http/1.1)}{0.0.0.0:0}
2021-07-01 01:16:19,039 [Listener at 127.0.0.1/41923] INFO  server.session (HouseKeeper.java:stopScavenging(149)) - node0 Stopped scavenging
2021-07-01 01:16:19,040 [Listener at 127.0.0.1/41923] INFO  handler.ContextHandler (ContextHandler.java:doStop(1154)) - Stopped o.e.j.s.ServletContextHandler@3989e022{static,/static,file:///home/runner/work/ozone/ozone/mnt/ozone/hadoop-ozone/integration-test/target/test-classes/webapps/static,STOPPED}
2021-07-01 01:16:19,040 [Listener at 127.0.0.1/41923] INFO  handler.ContextHandler (ContextHandler.java:doStop(1154)) - Stopped o.e.j.s.ServletContextHandler@3ce4d4a3{logs,/logs,file:///home/runner/work/ozone/ozone/mnt/ozone/hadoop-ozone/integration-test/target/log,STOPPED}
2021-07-01 01:16:19,040 [Listener at 127.0.0.1/41923] INFO  server.StorageContainerManager (StorageContainerManager.java:stop(1360)) - Stopping Block Manager Service.
2021-07-01 01:16:19,040 [Listener at 127.0.0.1/41923] INFO  utils.BackgroundService (BackgroundService.java:shutdown(132)) - Shutting down service SCMBlockDeletingService
2021-07-01 01:16:19,041 [Listener at 127.0.0.1/41923] INFO  utils.BackgroundService (BackgroundService.java:shutdown(132)) - Shutting down service SCMBlockDeletingService
2021-07-01 01:16:19,041 [Listener at 127.0.0.1/41923] INFO  server.StorageContainerManager (StorageContainerManager.java:stop(1387)) - Stopping SCM Event Queue.
2021-07-01 01:16:19,044 [Listener at 127.0.0.1/41923] INFO  pipeline.BackgroundPipelineCreator (BackgroundPipelineCreatorV2.java:stop(158)) - Stopping RatisPipelineUtilsThread.
2021-07-01 01:16:19,045 [Listener at 127.0.0.1/41923] INFO  impl.MetricsSystemImpl (MetricsSystemImpl.java:stop(210)) - Stopping HddsDatanode metrics system...
2021-07-01 01:16:19,054 [prometheus] INFO  impl.MetricsSinkAdapter (MetricsSinkAdapter.java:publishMetricsFromQueue(141)) - prometheus thread interrupted.
2021-07-01 01:16:19,054 [Listener at 127.0.0.1/41923] INFO  impl.MetricsSystemImpl (MetricsSystemImpl.java:stop(216)) - HddsDatanode metrics system stopped.
]]></system-out>
  </testcase>
  <testcase name="testWatchForCommitForGroupMismatchException" classname="org.apache.hadoop.ozone.client.rpc.TestWatchForCommit" time="41.017"/>
  <testcase name="test2WayCommitForTimeoutException" classname="org.apache.hadoop.ozone.client.rpc.TestWatchForCommit" time="42.958"/>
</testsuite>