<?xml version="1.0" encoding="UTF-8"?>
<testsuite xmlns:xsi="http://www.w3.org/2001/XMLSchema-instance" xsi:noNamespaceSchemaLocation="https://maven.apache.org/surefire/maven-surefire-plugin/xsd/surefire-test-report-3.0.xsd" version="3.0" name="org.apache.hadoop.hdds.scm.TestSCMInstallSnapshot" time="30.619" tests="2" errors="0" skipped="0" failures="1">
  <properties>
    <property name="awt.toolkit" value="sun.awt.X11.XToolkit"/>
    <property name="file.encoding.pkg" value="sun.io"/>
    <property name="java.specification.version" value="1.8"/>
    <property name="sun.cpu.isalist" value=""/>
    <property name="sun.jnu.encoding" value="UTF-8"/>
    <property name="java.class.path" value="/home/runner/work/ozone/ozone/hadoop-ozone/integration-test/target/test-classes:/home/runner/work/ozone/ozone/hadoop-ozone/integration-test/target/classes:/home/runner/.m2/repository/org/apache/ozone/ozone-common/1.4.0-SNAPSHOT/ozone-common-1.4.0-SNAPSHOT.jar:/home/runner/.m2/repository/io/grpc/grpc-netty/1.51.1/grpc-netty-1.51.1.jar:/home/runner/.m2/repository/io/grpc/grpc-core/1.51.1/grpc-core-1.51.1.jar:/home/runner/.m2/repository/com/google/android/annotations/4.1.1.4/annotations-4.1.1.4.jar:/home/runner/.m2/repository/org/codehaus/mojo/animal-sniffer-annotations/1.21/animal-sniffer-annotations-1.21.jar:/home/runner/.m2/repository/com/google/errorprone/error_prone_annotations/2.2.0/error_prone_annotations-2.2.0.jar:/home/runner/.m2/repository/io/perfmark/perfmark-api/0.25.0/perfmark-api-0.25.0.jar:/home/runner/.m2/repository/io/netty/netty-codec-http2/4.1.86.Final/netty-codec-http2-4.1.86.Final.jar:/home/runner/.m2/repository/io/netty/netty-common/4.1.86.Final/netty-common-4.1.86.Final.jar:/home/runner/.m2/repository/io/netty/netty-buffer/4.1.86.Final/netty-buffer-4.1.86.Final.jar:/home/runner/.m2/repository/io/netty/netty-codec-http/4.1.86.Final/netty-codec-http-4.1.86.Final.jar:/home/runner/.m2/repository/io/netty/netty-handler-proxy/4.1.86.Final/netty-handler-proxy-4.1.86.Final.jar:/home/runner/.m2/repository/io/netty/netty-codec-socks/4.1.86.Final/netty-codec-socks-4.1.86.Final.jar:/home/runner/.m2/repository/io/netty/netty-tcnative-boringssl-static/2.0.54.Final/netty-tcnative-boringssl-static-2.0.54.Final.jar:/home/runner/.m2/repository/io/netty/netty-tcnative-classes/2.0.54.Final/netty-tcnative-classes-2.0.54.Final.jar:/home/runner/.m2/repository/io/netty/netty-tcnative-boringssl-static/2.0.54.Final/netty-tcnative-boringssl-static-2.0.54.Final-linux-x86_64.jar:/home/runner/.m2/repository/io/netty/netty-tcnative-boringssl-static/2.0.54.Final/netty-tcnative-boringssl-static-2.0.54.Final-linux-aarch_64.jar:/home/runner/.m2/repository/io/netty/netty-tcnative-boringssl-static/2.0.54.Final/netty-tcnative-boringssl-static-2.0.54.Final-osx-x86_64.jar:/home/runner/.m2/repository/io/netty/netty-tcnative-boringssl-static/2.0.54.Final/netty-tcnative-boringssl-static-2.0.54.Final-osx-aarch_64.jar:/home/runner/.m2/repository/io/netty/netty-tcnative-boringssl-static/2.0.54.Final/netty-tcnative-boringssl-static-2.0.54.Final-windows-x86_64.jar:/home/runner/.m2/repository/org/apache/commons/commons-compress/1.21/commons-compress-1.21.jar:/home/runner/.m2/repository/org/apache/ozone/hdds-common/1.4.0-SNAPSHOT/hdds-common-1.4.0-SNAPSHOT.jar:/home/runner/.m2/repository/org/apache/ozone/hdds-client/1.4.0-SNAPSHOT/hdds-client-1.4.0-SNAPSHOT.jar:/home/runner/.m2/repository/org/apache/ozone/ozone-interface-client/1.4.0-SNAPSHOT/ozone-interface-client-1.4.0-SNAPSHOT.jar:/home/runner/.m2/repository/org/apache/hadoop/hadoop-hdfs-client/3.3.5/hadoop-hdfs-client-3.3.5.jar:/home/runner/.m2/repository/com/squareup/okhttp3/okhttp/4.9.3/okhttp-4.9.3.jar:/home/runner/.m2/repository/com/squareup/okio/okio/2.8.0/okio-2.8.0.jar:/home/runner/.m2/repository/org/jetbrains/kotlin/kotlin-stdlib-common/1.6.21/kotlin-stdlib-common-1.6.21.jar:/home/runner/.m2/repository/org/apache/ozone/hdds-test-utils/1.4.0-SNAPSHOT/hdds-test-utils-1.4.0-SNAPSHOT.jar:/home/runner/.m2/repository/com/google/guava/guava/31.1-jre/guava-31.1-jre.jar:/home/runner/.m2/repository/com/google/guava/failureaccess/1.0.1/failureaccess-1.0.1.jar:/home/runner/.m2/repository/com/google/guava/listenablefuture/9999.0-empty-to-avoid-conflict-with-guava/listenablefuture-9999.0-empty-to-avoid-conflict-with-guava.jar:/home/runner/.m2/repository/com/google/code/findbugs/jsr305/3.0.0/jsr305-3.0.0.jar:/home/runner/.m2/repository/org/checkerframework/checker-qual/3.12.0/checker-qual-3.12.0.jar:/home/runner/.m2/repository/com/google/j2objc/j2objc-annotations/1.3/j2objc-annotations-1.3.jar:/home/runner/.m2/repository/commons-io/commons-io/2.11.0/commons-io-2.11.0.jar:/home/runner/.m2/repository/commons-logging/commons-logging/1.2/commons-logging-1.2.jar:/home/runner/.m2/repository/ch/qos/reload4j/reload4j/1.2.22/reload4j-1.2.22.jar:/home/runner/.m2/repository/org/slf4j/slf4j-api/1.7.36/slf4j-api-1.7.36.jar:/home/runner/.m2/repository/org/apache/ozone/hdds-server-scm/1.4.0-SNAPSHOT/hdds-server-scm-1.4.0-SNAPSHOT.jar:/home/runner/.m2/repository/org/apache/ozone/hdds-container-service/1.4.0-SNAPSHOT/hdds-container-service-1.4.0-SNAPSHOT.jar:/home/runner/.m2/repository/org/apache/ozone/hdds-hadoop-dependency-server/1.4.0-SNAPSHOT/hdds-hadoop-dependency-server-1.4.0-SNAPSHOT.jar:/home/runner/.m2/repository/org/apache/hadoop/hadoop-hdfs/3.3.5/hadoop-hdfs-3.3.5.jar:/home/runner/.m2/repository/commons-daemon/commons-daemon/1.0.13/commons-daemon-1.0.13.jar:/home/runner/.m2/repository/org/apache/ozone/hdds-server-framework/1.4.0-SNAPSHOT/hdds-server-framework-1.4.0-SNAPSHOT.jar:/home/runner/.m2/repository/io/dropwizard/metrics/metrics-core/3.2.4/metrics-core-3.2.4.jar:/home/runner/.m2/repository/org/apache/commons/commons-text/1.4/commons-text-1.4.jar:/home/runner/.m2/repository/org/bouncycastle/bcprov-jdk15on/1.67/bcprov-jdk15on-1.67.jar:/home/runner/.m2/repository/com/google/protobuf/protobuf-java/2.5.0/protobuf-java-2.5.0.jar:/home/runner/.m2/repository/org/apache/ozone/hdds-server-framework/1.4.0-SNAPSHOT/hdds-server-framework-1.4.0-SNAPSHOT-tests.jar:/home/runner/.m2/repository/org/apache/ozone/hdds-interface-server/1.4.0-SNAPSHOT/hdds-interface-server-1.4.0-SNAPSHOT.jar:/home/runner/.m2/repository/org/apache/ozone/hdds-interface-admin/1.4.0-SNAPSHOT/hdds-interface-admin-1.4.0-SNAPSHOT.jar:/home/runner/.m2/repository/org/apache/ozone/hdds-managed-rocksdb/1.4.0-SNAPSHOT/hdds-managed-rocksdb-1.4.0-SNAPSHOT.jar:/home/runner/.m2/repository/org/rocksdb/rocksdbjni/7.7.3/rocksdbjni-7.7.3.jar:/home/runner/.m2/repository/org/slf4j/slf4j-reload4j/1.7.36/slf4j-reload4j-1.7.36.jar:/home/runner/.m2/repository/org/apache/commons/commons-configuration2/2.1.1/commons-configuration2-2.1.1.jar:/home/runner/.m2/repository/org/apache/logging/log4j/log4j-core/2.17.1/log4j-core-2.17.1.jar:/home/runner/.m2/repository/com/lmax/disruptor/3.4.2/disruptor-3.4.2.jar:/home/runner/.m2/repository/org/eclipse/jetty/jetty-util/9.4.51.v20230217/jetty-util-9.4.51.v20230217.jar:/home/runner/.m2/repository/org/eclipse/jetty/jetty-server/9.4.51.v20230217/jetty-server-9.4.51.v20230217.jar:/home/runner/.m2/repository/org/eclipse/jetty/jetty-http/9.4.51.v20230217/jetty-http-9.4.51.v20230217.jar:/home/runner/.m2/repository/org/eclipse/jetty/jetty-io/9.4.51.v20230217/jetty-io-9.4.51.v20230217.jar:/home/runner/.m2/repository/org/eclipse/jetty/jetty-servlet/9.4.51.v20230217/jetty-servlet-9.4.51.v20230217.jar:/home/runner/.m2/repository/org/eclipse/jetty/jetty-security/9.4.51.v20230217/jetty-security-9.4.51.v20230217.jar:/home/runner/.m2/repository/org/eclipse/jetty/jetty-util-ajax/9.4.51.v20230217/jetty-util-ajax-9.4.51.v20230217.jar:/home/runner/.m2/repository/org/eclipse/jetty/jetty-webapp/9.4.51.v20230217/jetty-webapp-9.4.51.v20230217.jar:/home/runner/.m2/repository/org/eclipse/jetty/jetty-xml/9.4.51.v20230217/jetty-xml-9.4.51.v20230217.jar:/home/runner/.m2/repository/org/apache/ratis/ratis-server/2.5.1/ratis-server-2.5.1.jar:/home/runner/.m2/repository/org/apache/ratis/ratis-thirdparty-misc/1.0.4/ratis-thirdparty-misc-1.0.4.jar:/home/runner/.m2/repository/org/apache/ratis/ratis-proto/2.5.1/ratis-proto-2.5.1.jar:/home/runner/.m2/repository/org/apache/ratis/ratis-common/2.5.1/ratis-common-2.5.1.jar:/home/runner/.m2/repository/org/apache/ratis/ratis-client/2.5.1/ratis-client-2.5.1.jar:/home/runner/.m2/repository/org/apache/ratis/ratis-server-api/2.5.1/ratis-server-api-2.5.1.jar:/home/runner/.m2/repository/org/apache/ratis/ratis-metrics/2.5.1/ratis-metrics-2.5.1.jar:/home/runner/.m2/repository/io/prometheus/simpleclient_dropwizard/0.7.0/simpleclient_dropwizard-0.7.0.jar:/home/runner/.m2/repository/io/prometheus/simpleclient/0.7.0/simpleclient-0.7.0.jar:/home/runner/.m2/repository/io/prometheus/simpleclient_common/0.7.0/simpleclient_common-0.7.0.jar:/home/runner/.m2/repository/com/fasterxml/jackson/datatype/jackson-datatype-jsr310/2.13.4/jackson-datatype-jsr310-2.13.4.jar:/home/runner/.m2/repository/com/fasterxml/jackson/core/jackson-core/2.13.4/jackson-core-2.13.4.jar:/home/runner/.m2/repository/com/github/spotbugs/spotbugs-annotations/3.1.12/spotbugs-annotations-3.1.12.jar:/home/runner/.m2/repository/org/apache/ozone/rocksdb-checkpoint-differ/1.4.0-SNAPSHOT/rocksdb-checkpoint-differ-1.4.0-SNAPSHOT.jar:/home/runner/.m2/repository/org/awaitility/awaitility/4.2.0/awaitility-4.2.0.jar:/home/runner/.m2/repository/org/hamcrest/hamcrest/2.1/hamcrest-2.1.jar:/home/runner/.m2/repository/org/apache/ozone/ozone-manager/1.4.0-SNAPSHOT/ozone-manager-1.4.0-SNAPSHOT.jar:/home/runner/.m2/repository/org/aspectj/aspectjrt/1.9.7/aspectjrt-1.9.7.jar:/home/runner/.m2/repository/org/aspectj/aspectjweaver/1.9.7/aspectjweaver-1.9.7.jar:/home/runner/.m2/repository/org/apache/ozone/hdds-interface-client/1.4.0-SNAPSHOT/hdds-interface-client-1.4.0-SNAPSHOT.jar:/home/runner/.m2/repository/org/apache/hadoop/thirdparty/hadoop-shaded-protobuf_3_7/1.1.1/hadoop-shaded-protobuf_3_7-1.1.1.jar:/home/runner/.m2/repository/org/apache/ozone/ozone-interface-storage/1.4.0-SNAPSHOT/ozone-interface-storage-1.4.0-SNAPSHOT.jar:/home/runner/.m2/repository/org/reflections/reflections/0.9.11/reflections-0.9.11.jar:/home/runner/.m2/repository/com/sun/jersey/jersey-client/1.19/jersey-client-1.19.jar:/home/runner/.m2/repository/org/codehaus/jackson/jackson-core-asl/1.9.13/jackson-core-asl-1.9.13.jar:/home/runner/.m2/repository/org/codehaus/jackson/jackson-mapper-asl/1.9.13/jackson-mapper-asl-1.9.13.jar:/home/runner/.m2/repository/org/codehaus/jackson/jackson-jaxrs/1.9.13/jackson-jaxrs-1.9.13.jar:/home/runner/.m2/repository/org/apache/ranger/ranger-intg/2.3.0/ranger-intg-2.3.0.jar:/home/runner/.m2/repository/org/apache/ranger/ranger-plugins-common/2.3.0/ranger-plugins-common-2.3.0.jar:/home/runner/.m2/repository/commons-lang/commons-lang/2.6/commons-lang-2.6.jar:/home/runner/.m2/repository/org/apache/ranger/ranger-plugins-cred/2.3.0/ranger-plugins-cred-2.3.0.jar:/home/runner/.m2/repository/org/apache/ranger/ranger-plugins-audit/2.3.0/ranger-plugins-audit-2.3.0.jar:/home/runner/.m2/repository/org/eclipse/jetty/jetty-client/9.4.51.v20230217/jetty-client-9.4.51.v20230217.jar:/home/runner/.m2/repository/org/apache/httpcomponents/httpmime/4.5.6/httpmime-4.5.6.jar:/home/runner/.m2/repository/org/apache/httpcomponents/httpcore-nio/4.4.13/httpcore-nio-4.4.13.jar:/home/runner/.m2/repository/org/apache/httpcomponents/httpasyncclient/4.1.3/httpasyncclient-4.1.3.jar:/home/runner/.m2/repository/com/carrotsearch/hppc/0.8.0/hppc-0.8.0.jar:/home/runner/.m2/repository/org/apache/orc/orc-core/1.5.8/orc-core-1.5.8.jar:/home/runner/.m2/repository/net/java/dev/jna/jna/5.2.0/jna-5.2.0.jar:/home/runner/.m2/repository/net/java/dev/jna/jna-platform/5.2.0/jna-platform-5.2.0.jar:/home/runner/.m2/repository/com/kstruct/gethostname4j/0.0.2/gethostname4j-0.0.2.jar:/home/runner/.m2/repository/org/apache/ranger/ranger-plugin-classloader/2.3.0/ranger-plugin-classloader-2.3.0.jar:/home/runner/.m2/repository/org/apache/ozone/hdds-rocks-native/1.4.0-SNAPSHOT/hdds-rocks-native-1.4.0-SNAPSHOT.jar:/home/runner/.m2/repository/org/apache/hadoop/hadoop-minikdc/3.3.5/hadoop-minikdc-3.3.5.jar:/home/runner/.m2/repository/org/apache/kerby/kerb-simplekdc/1.0.1/kerb-simplekdc-1.0.1.jar:/home/runner/.m2/repository/org/apache/kerby/kerb-client/1.0.1/kerb-client-1.0.1.jar:/home/runner/.m2/repository/org/apache/kerby/kerby-config/1.0.1/kerby-config-1.0.1.jar:/home/runner/.m2/repository/org/apache/kerby/kerb-common/1.0.1/kerb-common-1.0.1.jar:/home/runner/.m2/repository/org/apache/kerby/kerb-crypto/1.0.1/kerb-crypto-1.0.1.jar:/home/runner/.m2/repository/org/apache/kerby/kerb-util/1.0.1/kerb-util-1.0.1.jar:/home/runner/.m2/repository/org/apache/kerby/token-provider/1.0.1/token-provider-1.0.1.jar:/home/runner/.m2/repository/org/apache/kerby/kerb-admin/1.0.1/kerb-admin-1.0.1.jar:/home/runner/.m2/repository/org/apache/kerby/kerb-server/1.0.1/kerb-server-1.0.1.jar:/home/runner/.m2/repository/org/apache/kerby/kerb-identity/1.0.1/kerb-identity-1.0.1.jar:/home/runner/.m2/repository/org/apache/kerby/kerby-xdr/1.0.1/kerby-xdr-1.0.1.jar:/home/runner/.m2/repository/org/apache/ozone/ozone-s3gateway/1.4.0-SNAPSHOT/ozone-s3gateway-1.4.0-SNAPSHOT.jar:/home/runner/.m2/repository/org/javassist/javassist/3.21.0-GA/javassist-3.21.0-GA.jar:/home/runner/.m2/repository/org/jboss/weld/servlet/weld-servlet-shaded/3.1.9.Final/weld-servlet-shaded-3.1.9.Final.jar:/home/runner/.m2/repository/org/glassfish/jersey/containers/jersey-container-servlet-core/2.34/jersey-container-servlet-core-2.34.jar:/home/runner/.m2/repository/org/glassfish/hk2/external/jakarta.inject/2.6.1/jakarta.inject-2.6.1.jar:/home/runner/.m2/repository/org/glassfish/jersey/core/jersey-common/2.34/jersey-common-2.34.jar:/home/runner/.m2/repository/jakarta/ws/rs/jakarta.ws.rs-api/2.1.6/jakarta.ws.rs-api-2.1.6.jar:/home/runner/.m2/repository/org/glassfish/jersey/ext/cdi/jersey-cdi1x/2.34/jersey-cdi1x-2.34.jar:/home/runner/.m2/repository/org/glassfish/jersey/inject/jersey-hk2/2.34/jersey-hk2-2.34.jar:/home/runner/.m2/repository/org/glassfish/hk2/hk2-locator/2.6.1/hk2-locator-2.6.1.jar:/home/runner/.m2/repository/org/glassfish/jersey/media/jersey-media-jaxb/2.34/jersey-media-jaxb-2.34.jar:/home/runner/.m2/repository/org/glassfish/hk2/osgi-resource-locator/1.0.3/osgi-resource-locator-1.0.3.jar:/home/runner/.m2/repository/org/glassfish/hk2/hk2-api/2.5.0/hk2-api-2.5.0.jar:/home/runner/.m2/repository/org/glassfish/hk2/hk2-utils/2.5.0/hk2-utils-2.5.0.jar:/home/runner/.m2/repository/org/glassfish/hk2/external/aopalliance-repackaged/2.5.0/aopalliance-repackaged-2.5.0.jar:/home/runner/.m2/repository/com/fasterxml/jackson/dataformat/jackson-dataformat-xml/2.13.4/jackson-dataformat-xml-2.13.4.jar:/home/runner/.m2/repository/org/codehaus/woodstox/stax2-api/4.2.1/stax2-api-4.2.1.jar:/home/runner/.m2/repository/com/fasterxml/woodstox/woodstox-core/5.4.0/woodstox-core-5.4.0.jar:/home/runner/.m2/repository/com/fasterxml/jackson/module/jackson-module-jaxb-annotations/2.13.4/jackson-module-jaxb-annotations-2.13.4.jar:/home/runner/.m2/repository/jakarta/xml/bind/jakarta.xml.bind-api/2.3.3/jakarta.xml.bind-api-2.3.3.jar:/home/runner/.m2/repository/jakarta/activation/jakarta.activation-api/1.2.2/jakarta.activation-api-1.2.2.jar:/home/runner/.m2/repository/javax/enterprise/cdi-api/2.0/cdi-api-2.0.jar:/home/runner/.m2/repository/javax/el/javax.el-api/3.0.0/javax.el-api-3.0.0.jar:/home/runner/.m2/repository/javax/interceptor/javax.interceptor-api/1.2/javax.interceptor-api-1.2.jar:/home/runner/.m2/repository/javax/inject/javax.inject/1/javax.inject-1.jar:/home/runner/.m2/repository/javax/xml/bind/jaxb-api/2.3.0/jaxb-api-2.3.0.jar:/home/runner/.m2/repository/org/glassfish/jaxb/jaxb-runtime/2.3.0.1/jaxb-runtime-2.3.0.1.jar:/home/runner/.m2/repository/org/glassfish/jaxb/jaxb-core/2.3.0.1/jaxb-core-2.3.0.1.jar:/home/runner/.m2/repository/org/glassfish/jaxb/txw2/2.3.0.1/txw2-2.3.0.1.jar:/home/runner/.m2/repository/com/sun/istack/istack-commons-runtime/3.0.5/istack-commons-runtime-3.0.5.jar:/home/runner/.m2/repository/org/jvnet/staxex/stax-ex/1.7.8/stax-ex-1.7.8.jar:/home/runner/.m2/repository/com/sun/xml/fastinfoset/FastInfoset/1.2.13/FastInfoset-1.2.13.jar:/home/runner/.m2/repository/javax/activation/activation/1.1.1/activation-1.1.1.jar:/home/runner/.m2/repository/io/grpc/grpc-protobuf/1.51.1/grpc-protobuf-1.51.1.jar:/home/runner/.m2/repository/com/google/api/grpc/proto-google-common-protos/2.9.0/proto-google-common-protos-2.9.0.jar:/home/runner/.m2/repository/io/grpc/grpc-protobuf-lite/1.51.1/grpc-protobuf-lite-1.51.1.jar:/home/runner/.m2/repository/io/grpc/grpc-stub/1.51.1/grpc-stub-1.51.1.jar:/home/runner/.m2/repository/io/netty/netty-transport/4.1.86.Final/netty-transport-4.1.86.Final.jar:/home/runner/.m2/repository/io/netty/netty-resolver/4.1.86.Final/netty-resolver-4.1.86.Final.jar:/home/runner/.m2/repository/org/apache/ozone/ozone-csi/1.4.0-SNAPSHOT/ozone-csi-1.4.0-SNAPSHOT.jar:/home/runner/.m2/repository/com/google/protobuf/protobuf-java-util/3.19.6/protobuf-java-util-3.19.6.jar:/home/runner/.m2/repository/com/google/code/gson/gson/2.9.0/gson-2.9.0.jar:/home/runner/.m2/repository/org/apache/ozone/hdds-config/1.4.0-SNAPSHOT/hdds-config-1.4.0-SNAPSHOT.jar:/home/runner/.m2/repository/io/netty/netty-transport-native-epoll/4.1.86.Final/netty-transport-native-epoll-4.1.86.Final-linux-x86_64.jar:/home/runner/.m2/repository/io/netty/netty-transport-classes-epoll/4.1.86.Final/netty-transport-classes-epoll-4.1.86.Final.jar:/home/runner/.m2/repository/io/netty/netty-transport-native-unix-common/4.1.86.Final/netty-transport-native-unix-common-4.1.86.Final.jar:/home/runner/.m2/repository/org/apache/ozone/ozone-recon/1.4.0-SNAPSHOT/ozone-recon-1.4.0-SNAPSHOT.jar:/home/runner/.m2/repository/org/apache/ozone/ozone-reconcodegen/1.4.0-SNAPSHOT/ozone-reconcodegen-1.4.0-SNAPSHOT.jar:/home/runner/.m2/repository/com/google/inject/guice/5.1.0/guice-5.1.0.jar:/home/runner/.m2/repository/aopalliance/aopalliance/1.0/aopalliance-1.0.jar:/home/runner/.m2/repository/com/google/inject/extensions/guice-assistedinject/5.1.0/guice-assistedinject-5.1.0.jar:/home/runner/.m2/repository/com/google/inject/extensions/guice-servlet/5.1.0/guice-servlet-5.1.0.jar:/home/runner/.m2/repository/org/glassfish/jersey/containers/jersey-container-servlet/2.34/jersey-container-servlet-2.34.jar:/home/runner/.m2/repository/org/glassfish/hk2/guice-bridge/2.5.0/guice-bridge-2.5.0.jar:/home/runner/.m2/repository/org/glassfish/jersey/core/jersey-server/2.34/jersey-server-2.34.jar:/home/runner/.m2/repository/org/glassfish/jersey/core/jersey-client/2.34/jersey-client-2.34.jar:/home/runner/.m2/repository/jakarta/annotation/jakarta.annotation-api/1.3.5/jakarta.annotation-api-1.3.5.jar:/home/runner/.m2/repository/jakarta/validation/jakarta.validation-api/2.0.2/jakarta.validation-api-2.0.2.jar:/home/runner/.m2/repository/org/glassfish/jersey/media/jersey-media-json-jackson/2.34/jersey-media-json-jackson-2.34.jar:/home/runner/.m2/repository/org/glassfish/jersey/ext/jersey-entity-filtering/2.34/jersey-entity-filtering-2.34.jar:/home/runner/.m2/repository/org/jooq/jooq/3.11.10/jooq-3.11.10.jar:/home/runner/.m2/repository/org/jooq/jooq-meta/3.11.10/jooq-meta-3.11.10.jar:/home/runner/.m2/repository/org/jooq/jooq-codegen/3.11.10/jooq-codegen-3.11.10.jar:/home/runner/.m2/repository/com/jolbox/bonecp/0.8.0.RELEASE/bonecp-0.8.0.RELEASE.jar:/home/runner/.m2/repository/org/apache/derby/derby/10.14.2.0/derby-10.14.2.0.jar:/home/runner/.m2/repository/org/xerial/sqlite-jdbc/3.41.2.2/sqlite-jdbc-3.41.2.2.jar:/home/runner/.m2/repository/org/springframework/spring-jdbc/5.3.27/spring-jdbc-5.3.27.jar:/home/runner/.m2/repository/org/springframework/spring-beans/5.3.27/spring-beans-5.3.27.jar:/home/runner/.m2/repository/org/springframework/spring-core/5.3.27/spring-core-5.3.27.jar:/home/runner/.m2/repository/org/springframework/spring-tx/5.3.27/spring-tx-5.3.27.jar:/home/runner/.m2/repository/org/apache/ozone/ozone-client/1.4.0-SNAPSHOT/ozone-client-1.4.0-SNAPSHOT.jar:/home/runner/.m2/repository/org/apache/ozone/hdds-erasurecode/1.4.0-SNAPSHOT/hdds-erasurecode-1.4.0-SNAPSHOT.jar:/home/runner/.m2/repository/org/apache/ozone/ozone-filesystem/1.4.0-SNAPSHOT/ozone-filesystem-1.4.0-SNAPSHOT.jar:/home/runner/.m2/repository/org/apache/ozone/ozone-filesystem-common/1.4.0-SNAPSHOT/ozone-filesystem-common-1.4.0-SNAPSHOT.jar:/home/runner/.m2/repository/org/apache/ozone/ozone-tools/1.4.0-SNAPSHOT/ozone-tools-1.4.0-SNAPSHOT.jar:/home/runner/.m2/repository/com/amazonaws/aws-java-sdk-core/1.12.261/aws-java-sdk-core-1.12.261.jar:/home/runner/.m2/repository/org/apache/httpcomponents/httpclient/4.5.13/httpclient-4.5.13.jar:/home/runner/.m2/repository/org/apache/httpcomponents/httpcore/4.4.13/httpcore-4.4.13.jar:/home/runner/.m2/repository/software/amazon/ion/ion-java/1.0.2/ion-java-1.0.2.jar:/home/runner/.m2/repository/com/fasterxml/jackson/dataformat/jackson-dataformat-cbor/2.13.4/jackson-dataformat-cbor-2.13.4.jar:/home/runner/.m2/repository/joda-time/joda-time/2.10.6/joda-time-2.10.6.jar:/home/runner/.m2/repository/com/amazonaws/aws-java-sdk-s3/1.12.261/aws-java-sdk-s3-1.12.261.jar:/home/runner/.m2/repository/com/amazonaws/aws-java-sdk-kms/1.12.261/aws-java-sdk-kms-1.12.261.jar:/home/runner/.m2/repository/com/amazonaws/jmespath-java/1.12.261/jmespath-java-1.12.261.jar:/home/runner/.m2/repository/org/kohsuke/metainf-services/metainf-services/1.8/metainf-services-1.8.jar:/home/runner/.m2/repository/org/apache/ozone/hdds-tools/1.4.0-SNAPSHOT/hdds-tools-1.4.0-SNAPSHOT.jar:/home/runner/.m2/repository/org/apache/ratis/ratis-tools/2.5.1/ratis-tools-2.5.1.jar:/home/runner/.m2/repository/commons-cli/commons-cli/1.2/commons-cli-1.2.jar:/home/runner/.m2/repository/org/apache/commons/commons-lang3/3.7/commons-lang3-3.7.jar:/home/runner/.m2/repository/org/apache/ozone/ozone-manager/1.4.0-SNAPSHOT/ozone-manager-1.4.0-SNAPSHOT-tests.jar:/home/runner/.m2/repository/org/apache/ozone/hdds-common/1.4.0-SNAPSHOT/hdds-common-1.4.0-SNAPSHOT-tests.jar:/home/runner/.m2/repository/org/apache/ozone/hdds-hadoop-dependency-client/1.4.0-SNAPSHOT/hdds-hadoop-dependency-client-1.4.0-SNAPSHOT.jar:/home/runner/.m2/repository/info/picocli/picocli/4.6.1/picocli-4.6.1.jar:/home/runner/.m2/repository/com/fasterxml/jackson/core/jackson-annotations/2.13.4/jackson-annotations-2.13.4.jar:/home/runner/.m2/repository/org/apache/ozone/hdds-annotation-processing/1.4.0-SNAPSHOT/hdds-annotation-processing-1.4.0-SNAPSHOT.jar:/home/runner/.m2/repository/javax/annotation/javax.annotation-api/1.2/javax.annotation-api-1.2.jar:/home/runner/.m2/repository/org/apache/ratis/ratis-netty/2.5.1/ratis-netty-2.5.1.jar:/home/runner/.m2/repository/org/apache/ratis/ratis-grpc/2.5.1/ratis-grpc-2.5.1.jar:/home/runner/.m2/repository/org/apache/logging/log4j/log4j-api/2.17.1/log4j-api-2.17.1.jar:/home/runner/.m2/repository/org/apache/commons/commons-pool2/2.6.0/commons-pool2-2.6.0.jar:/home/runner/.m2/repository/org/bouncycastle/bcpkix-jdk15on/1.67/bcpkix-jdk15on-1.67.jar:/home/runner/.m2/repository/commons-validator/commons-validator/1.6/commons-validator-1.6.jar:/home/runner/.m2/repository/commons-beanutils/commons-beanutils/1.9.4/commons-beanutils-1.9.4.jar:/home/runner/.m2/repository/commons-digester/commons-digester/1.8.1/commons-digester-1.8.1.jar:/home/runner/.m2/repository/commons-collections/commons-collections/3.2.2/commons-collections-3.2.2.jar:/home/runner/.m2/repository/io/jaegertracing/jaeger-client/1.6.0/jaeger-client-1.6.0.jar:/home/runner/.m2/repository/io/jaegertracing/jaeger-thrift/1.6.0/jaeger-thrift-1.6.0.jar:/home/runner/.m2/repository/org/apache/thrift/libthrift/0.14.1/libthrift-0.14.1.jar:/home/runner/.m2/repository/io/jaegertracing/jaeger-core/1.6.0/jaeger-core-1.6.0.jar:/home/runner/.m2/repository/io/jaegertracing/jaeger-tracerresolver/1.6.0/jaeger-tracerresolver-1.6.0.jar:/home/runner/.m2/repository/io/opentracing/contrib/opentracing-tracerresolver/0.1.8/opentracing-tracerresolver-0.1.8.jar:/home/runner/.m2/repository/org/jetbrains/kotlin/kotlin-stdlib/1.6.21/kotlin-stdlib-1.6.21.jar:/home/runner/.m2/repository/org/jetbrains/annotations/13.0/annotations-13.0.jar:/home/runner/.m2/repository/io/opentracing/opentracing-util/0.33.0/opentracing-util-0.33.0.jar:/home/runner/.m2/repository/io/opentracing/opentracing-api/0.33.0/opentracing-api-0.33.0.jar:/home/runner/.m2/repository/io/opentracing/opentracing-noop/0.33.0/opentracing-noop-0.33.0.jar:/home/runner/.m2/repository/org/yaml/snakeyaml/2.0/snakeyaml-2.0.jar:/home/runner/.m2/repository/io/grpc/grpc-api/1.51.1/grpc-api-1.51.1.jar:/home/runner/.m2/repository/io/grpc/grpc-context/1.51.1/grpc-context-1.51.1.jar:/home/runner/.m2/repository/junit/junit/4.13.1/junit-4.13.1.jar:/home/runner/.m2/repository/org/hamcrest/hamcrest-core/1.3/hamcrest-core-1.3.jar:/home/runner/.m2/repository/org/junit/jupiter/junit-jupiter-api/5.8.2/junit-jupiter-api-5.8.2.jar:/home/runner/.m2/repository/org/opentest4j/opentest4j/1.2.0/opentest4j-1.2.0.jar:/home/runner/.m2/repository/org/junit/platform/junit-platform-commons/1.8.2/junit-platform-commons-1.8.2.jar:/home/runner/.m2/repository/org/apiguardian/apiguardian-api/1.1.2/apiguardian-api-1.1.2.jar:/home/runner/.m2/repository/org/junit/jupiter/junit-jupiter-params/5.8.2/junit-jupiter-params-5.8.2.jar:/home/runner/.m2/repository/org/junit/jupiter/junit-jupiter-migrationsupport/5.8.2/junit-jupiter-migrationsupport-5.8.2.jar:/home/runner/.m2/repository/org/junit/jupiter/junit-jupiter-engine/5.8.2/junit-jupiter-engine-5.8.2.jar:/home/runner/.m2/repository/org/junit/platform/junit-platform-engine/1.8.2/junit-platform-engine-1.8.2.jar:/home/runner/.m2/repository/org/junit/vintage/junit-vintage-engine/5.8.2/junit-vintage-engine-5.8.2.jar:/home/runner/.m2/repository/org/junit/platform/junit-platform-launcher/1.8.2/junit-platform-launcher-1.8.2.jar:/home/runner/.m2/repository/org/mockito/mockito-core/2.28.2/mockito-core-2.28.2.jar:/home/runner/.m2/repository/net/bytebuddy/byte-buddy/1.9.10/byte-buddy-1.9.10.jar:/home/runner/.m2/repository/net/bytebuddy/byte-buddy-agent/1.9.10/byte-buddy-agent-1.9.10.jar:/home/runner/.m2/repository/org/objenesis/objenesis/1.0/objenesis-1.0.jar:/home/runner/.m2/repository/org/apache/hadoop/hadoop-kms/3.3.5/hadoop-kms-3.3.5.jar:/home/runner/.m2/repository/org/apache/hadoop/hadoop-auth/3.3.5/hadoop-auth-3.3.5.jar:/home/runner/.m2/repository/com/nimbusds/nimbus-jose-jwt/9.8.1/nimbus-jose-jwt-9.8.1.jar:/home/runner/.m2/repository/com/github/stephenc/jcip/jcip-annotations/1.0-1/jcip-annotations-1.0-1.jar:/home/runner/.m2/repository/net/minidev/json-smart/2.4.7/json-smart-2.4.7.jar:/home/runner/.m2/repository/net/minidev/accessors-smart/2.4.7/accessors-smart-2.4.7.jar:/home/runner/.m2/repository/org/ow2/asm/asm/5.0.4/asm-5.0.4.jar:/home/runner/.m2/repository/org/apache/zookeeper/zookeeper/3.5.6/zookeeper-3.5.6.jar:/home/runner/.m2/repository/org/apache/zookeeper/zookeeper-jute/3.5.6/zookeeper-jute-3.5.6.jar:/home/runner/.m2/repository/org/apache/yetus/audience-annotations/0.5.0/audience-annotations-0.5.0.jar:/home/runner/.m2/repository/org/apache/curator/curator-framework/4.2.0/curator-framework-4.2.0.jar:/home/runner/.m2/repository/org/apache/hadoop/thirdparty/hadoop-shaded-guava/1.1.1/hadoop-shaded-guava-1.1.1.jar:/home/runner/.m2/repository/com/sun/jersey/jersey-core/1.19/jersey-core-1.19.jar:/home/runner/.m2/repository/javax/ws/rs/jsr311-api/1.1.1/jsr311-api-1.1.1.jar:/home/runner/.m2/repository/com/sun/jersey/jersey-server/1.19/jersey-server-1.19.jar:/home/runner/.m2/repository/javax/servlet/javax.servlet-api/3.1.0/javax.servlet-api-3.1.0.jar:/home/runner/.m2/repository/org/apache/hadoop/hadoop-common/3.3.5/hadoop-common-3.3.5.jar:/home/runner/.m2/repository/org/apache/commons/commons-math3/3.1.1/commons-math3-3.1.1.jar:/home/runner/.m2/repository/commons-net/commons-net/3.9.0/commons-net-3.9.0.jar:/home/runner/.m2/repository/com/sun/jersey/jersey-servlet/1.19/jersey-servlet-1.19.jar:/home/runner/.m2/repository/com/github/pjfanning/jersey-json/1.20/jersey-json-1.20.jar:/home/runner/.m2/repository/org/codehaus/jettison/jettison/1.1/jettison-1.1.jar:/home/runner/.m2/repository/com/sun/xml/bind/jaxb-impl/2.2.3-1/jaxb-impl-2.2.3-1.jar:/home/runner/.m2/repository/com/google/re2j/re2j/1.1/re2j-1.1.jar:/home/runner/.m2/repository/com/jcraft/jsch/0.1.54/jsch-0.1.54.jar:/home/runner/.m2/repository/org/apache/curator/curator-client/4.2.0/curator-client-4.2.0.jar:/home/runner/.m2/repository/org/apache/curator/curator-recipes/4.2.0/curator-recipes-4.2.0.jar:/home/runner/.m2/repository/org/apache/kerby/kerb-core/1.0.1/kerb-core-1.0.1.jar:/home/runner/.m2/repository/org/apache/kerby/kerby-pkix/1.0.1/kerby-pkix-1.0.1.jar:/home/runner/.m2/repository/org/apache/kerby/kerby-asn1/1.0.1/kerby-asn1-1.0.1.jar:/home/runner/.m2/repository/org/apache/kerby/kerby-util/1.0.1/kerby-util-1.0.1.jar:/home/runner/.m2/repository/dnsjava/dnsjava/2.1.7/dnsjava-2.1.7.jar:/home/runner/.m2/repository/org/xerial/snappy/snappy-java/1.1.8.2/snappy-java-1.1.8.2.jar:/home/runner/.m2/repository/com/fasterxml/jackson/core/jackson-databind/2.13.4.2/jackson-databind-2.13.4.2.jar:/home/runner/.m2/repository/org/apache/hadoop/hadoop-kms/3.3.5/hadoop-kms-3.3.5-tests.jar:/home/runner/.m2/repository/org/apache/ozone/hdds-server-scm/1.4.0-SNAPSHOT/hdds-server-scm-1.4.0-SNAPSHOT-tests.jar:/home/runner/.m2/repository/org/apache/ozone/hdds-container-service/1.4.0-SNAPSHOT/hdds-container-service-1.4.0-SNAPSHOT-tests.jar:/home/runner/.m2/repository/com/github/luben/zstd-jni/1.5.2-5/zstd-jni-1.5.2-5.jar:/home/runner/.m2/repository/commons-codec/commons-codec/1.15/commons-codec-1.15.jar:/home/runner/.m2/repository/io/netty/netty-codec/4.1.86.Final/netty-codec-4.1.86.Final.jar:/home/runner/.m2/repository/io/netty/netty-handler/4.1.86.Final/netty-handler-4.1.86.Final.jar:/home/runner/.m2/repository/org/apache/ozone/hdds-hadoop-dependency-test/1.4.0-SNAPSHOT/hdds-hadoop-dependency-test-1.4.0-SNAPSHOT.jar:/home/runner/.m2/repository/org/apache/hadoop/hadoop-common/3.3.5/hadoop-common-3.3.5-tests.jar:/home/runner/.m2/repository/org/apache/hadoop/hadoop-hdfs/3.3.5/hadoop-hdfs-3.3.5-tests.jar:/home/runner/.m2/repository/org/assertj/assertj-core/3.12.2/assertj-core-3.12.2.jar:/home/runner/.m2/repository/org/apache/hadoop/hadoop-distcp/3.3.5/hadoop-distcp-3.3.5.jar:/home/runner/.m2/repository/org/apache/hadoop/hadoop-mapreduce-client-jobclient/3.3.5/hadoop-mapreduce-client-jobclient-3.3.5.jar:/home/runner/.m2/repository/org/apache/hadoop/hadoop-mapreduce-client-common/3.3.5/hadoop-mapreduce-client-common-3.3.5.jar:/home/runner/.m2/repository/org/apache/hadoop/hadoop-yarn-common/3.3.5/hadoop-yarn-common-3.3.5.jar:/home/runner/.m2/repository/org/apache/hadoop/hadoop-yarn-api/3.3.5/hadoop-yarn-api-3.3.5.jar:/home/runner/.m2/repository/com/sun/jersey/contribs/jersey-guice/1.19/jersey-guice-1.19.jar:/home/runner/.m2/repository/com/fasterxml/jackson/jaxrs/jackson-jaxrs-json-provider/2.13.4/jackson-jaxrs-json-provider-2.13.4.jar:/home/runner/.m2/repository/com/fasterxml/jackson/jaxrs/jackson-jaxrs-base/2.13.4/jackson-jaxrs-base-2.13.4.jar:/home/runner/.m2/repository/org/apache/hadoop/hadoop-yarn-client/3.3.5/hadoop-yarn-client-3.3.5.jar:/home/runner/.m2/repository/org/eclipse/jetty/websocket/websocket-client/9.4.48.v20220622/websocket-client-9.4.48.v20220622.jar:/home/runner/.m2/repository/org/eclipse/jetty/websocket/websocket-common/9.4.48.v20220622/websocket-common-9.4.48.v20220622.jar:/home/runner/.m2/repository/org/eclipse/jetty/websocket/websocket-api/9.4.48.v20220622/websocket-api-9.4.48.v20220622.jar:/home/runner/.m2/repository/org/jline/jline/3.9.0/jline-3.9.0.jar:/home/runner/.m2/repository/org/apache/hadoop/hadoop-mapreduce-client-core/3.3.5/hadoop-mapreduce-client-core-3.3.5.jar:/home/runner/.m2/repository/org/apache/avro/avro/1.7.7/avro-1.7.7.jar:/home/runner/.m2/repository/com/thoughtworks/paranamer/paranamer/2.3/paranamer-2.3.jar:/home/runner/.m2/repository/org/apache/hadoop/hadoop-annotations/3.3.5/hadoop-annotations-3.3.5.jar:/usr/lib/jvm/temurin-8-jdk-amd64/jre/../lib/tools.jar:/home/runner/.m2/repository/io/netty/netty/3.10.6.Final/netty-3.10.6.Final.jar:/home/runner/.m2/repository/org/apache/hadoop/hadoop-distcp/3.3.5/hadoop-distcp-3.3.5-tests.jar:/home/runner/.m2/repository/org/slf4j/jul-to-slf4j/1.7.36/jul-to-slf4j-1.7.36.jar:"/>
    <property name="java.vm.vendor" value="Temurin"/>
    <property name="sun.arch.data.model" value="64"/>
    <property name="test.build.dir" value="/home/runner/work/ozone/ozone/hadoop-ozone/integration-test/target/test-dir"/>
    <property name="test.cache.data" value=""/>
    <property name="java.vendor.url" value="https://adoptium.net/"/>
    <property name="user.timezone" value="Etc/UTC"/>
    <property name="java.vm.specification.version" value="1.8"/>
    <property name="os.name" value="Linux"/>
    <property name="test.build.data" value="/home/runner/work/ozone/ozone/hadoop-ozone/integration-test/target/test-dir"/>
    <property name="sun.java.launcher" value="SUN_STANDARD"/>
    <property name="sun.boot.library.path" value="/usr/lib/jvm/temurin-8-jdk-amd64/jre/lib/amd64"/>
    <property name="sun.java.command" value="/home/runner/work/ozone/ozone/hadoop-ozone/integration-test/target/surefire/surefirebooter854016083485916270.jar /home/runner/work/ozone/ozone/hadoop-ozone/integration-test/target/surefire 2023-06-05T07-23-21_532-jvmRun1 surefire5145815074802486910tmp surefire_4522348859254438930tmp"/>
    <property name="surefire.test.class.path" value="/home/runner/work/ozone/ozone/hadoop-ozone/integration-test/target/test-classes:/home/runner/work/ozone/ozone/hadoop-ozone/integration-test/target/classes:/home/runner/.m2/repository/org/apache/ozone/ozone-common/1.4.0-SNAPSHOT/ozone-common-1.4.0-SNAPSHOT.jar:/home/runner/.m2/repository/io/grpc/grpc-netty/1.51.1/grpc-netty-1.51.1.jar:/home/runner/.m2/repository/io/grpc/grpc-core/1.51.1/grpc-core-1.51.1.jar:/home/runner/.m2/repository/com/google/android/annotations/4.1.1.4/annotations-4.1.1.4.jar:/home/runner/.m2/repository/org/codehaus/mojo/animal-sniffer-annotations/1.21/animal-sniffer-annotations-1.21.jar:/home/runner/.m2/repository/com/google/errorprone/error_prone_annotations/2.2.0/error_prone_annotations-2.2.0.jar:/home/runner/.m2/repository/io/perfmark/perfmark-api/0.25.0/perfmark-api-0.25.0.jar:/home/runner/.m2/repository/io/netty/netty-codec-http2/4.1.86.Final/netty-codec-http2-4.1.86.Final.jar:/home/runner/.m2/repository/io/netty/netty-common/4.1.86.Final/netty-common-4.1.86.Final.jar:/home/runner/.m2/repository/io/netty/netty-buffer/4.1.86.Final/netty-buffer-4.1.86.Final.jar:/home/runner/.m2/repository/io/netty/netty-codec-http/4.1.86.Final/netty-codec-http-4.1.86.Final.jar:/home/runner/.m2/repository/io/netty/netty-handler-proxy/4.1.86.Final/netty-handler-proxy-4.1.86.Final.jar:/home/runner/.m2/repository/io/netty/netty-codec-socks/4.1.86.Final/netty-codec-socks-4.1.86.Final.jar:/home/runner/.m2/repository/io/netty/netty-tcnative-boringssl-static/2.0.54.Final/netty-tcnative-boringssl-static-2.0.54.Final.jar:/home/runner/.m2/repository/io/netty/netty-tcnative-classes/2.0.54.Final/netty-tcnative-classes-2.0.54.Final.jar:/home/runner/.m2/repository/io/netty/netty-tcnative-boringssl-static/2.0.54.Final/netty-tcnative-boringssl-static-2.0.54.Final-linux-x86_64.jar:/home/runner/.m2/repository/io/netty/netty-tcnative-boringssl-static/2.0.54.Final/netty-tcnative-boringssl-static-2.0.54.Final-linux-aarch_64.jar:/home/runner/.m2/repository/io/netty/netty-tcnative-boringssl-static/2.0.54.Final/netty-tcnative-boringssl-static-2.0.54.Final-osx-x86_64.jar:/home/runner/.m2/repository/io/netty/netty-tcnative-boringssl-static/2.0.54.Final/netty-tcnative-boringssl-static-2.0.54.Final-osx-aarch_64.jar:/home/runner/.m2/repository/io/netty/netty-tcnative-boringssl-static/2.0.54.Final/netty-tcnative-boringssl-static-2.0.54.Final-windows-x86_64.jar:/home/runner/.m2/repository/org/apache/commons/commons-compress/1.21/commons-compress-1.21.jar:/home/runner/.m2/repository/org/apache/ozone/hdds-common/1.4.0-SNAPSHOT/hdds-common-1.4.0-SNAPSHOT.jar:/home/runner/.m2/repository/org/apache/ozone/hdds-client/1.4.0-SNAPSHOT/hdds-client-1.4.0-SNAPSHOT.jar:/home/runner/.m2/repository/org/apache/ozone/ozone-interface-client/1.4.0-SNAPSHOT/ozone-interface-client-1.4.0-SNAPSHOT.jar:/home/runner/.m2/repository/org/apache/hadoop/hadoop-hdfs-client/3.3.5/hadoop-hdfs-client-3.3.5.jar:/home/runner/.m2/repository/com/squareup/okhttp3/okhttp/4.9.3/okhttp-4.9.3.jar:/home/runner/.m2/repository/com/squareup/okio/okio/2.8.0/okio-2.8.0.jar:/home/runner/.m2/repository/org/jetbrains/kotlin/kotlin-stdlib-common/1.6.21/kotlin-stdlib-common-1.6.21.jar:/home/runner/.m2/repository/org/apache/ozone/hdds-test-utils/1.4.0-SNAPSHOT/hdds-test-utils-1.4.0-SNAPSHOT.jar:/home/runner/.m2/repository/com/google/guava/guava/31.1-jre/guava-31.1-jre.jar:/home/runner/.m2/repository/com/google/guava/failureaccess/1.0.1/failureaccess-1.0.1.jar:/home/runner/.m2/repository/com/google/guava/listenablefuture/9999.0-empty-to-avoid-conflict-with-guava/listenablefuture-9999.0-empty-to-avoid-conflict-with-guava.jar:/home/runner/.m2/repository/com/google/code/findbugs/jsr305/3.0.0/jsr305-3.0.0.jar:/home/runner/.m2/repository/org/checkerframework/checker-qual/3.12.0/checker-qual-3.12.0.jar:/home/runner/.m2/repository/com/google/j2objc/j2objc-annotations/1.3/j2objc-annotations-1.3.jar:/home/runner/.m2/repository/commons-io/commons-io/2.11.0/commons-io-2.11.0.jar:/home/runner/.m2/repository/commons-logging/commons-logging/1.2/commons-logging-1.2.jar:/home/runner/.m2/repository/ch/qos/reload4j/reload4j/1.2.22/reload4j-1.2.22.jar:/home/runner/.m2/repository/org/slf4j/slf4j-api/1.7.36/slf4j-api-1.7.36.jar:/home/runner/.m2/repository/org/apache/ozone/hdds-server-scm/1.4.0-SNAPSHOT/hdds-server-scm-1.4.0-SNAPSHOT.jar:/home/runner/.m2/repository/org/apache/ozone/hdds-container-service/1.4.0-SNAPSHOT/hdds-container-service-1.4.0-SNAPSHOT.jar:/home/runner/.m2/repository/org/apache/ozone/hdds-hadoop-dependency-server/1.4.0-SNAPSHOT/hdds-hadoop-dependency-server-1.4.0-SNAPSHOT.jar:/home/runner/.m2/repository/org/apache/hadoop/hadoop-hdfs/3.3.5/hadoop-hdfs-3.3.5.jar:/home/runner/.m2/repository/commons-daemon/commons-daemon/1.0.13/commons-daemon-1.0.13.jar:/home/runner/.m2/repository/org/apache/ozone/hdds-server-framework/1.4.0-SNAPSHOT/hdds-server-framework-1.4.0-SNAPSHOT.jar:/home/runner/.m2/repository/io/dropwizard/metrics/metrics-core/3.2.4/metrics-core-3.2.4.jar:/home/runner/.m2/repository/org/apache/commons/commons-text/1.4/commons-text-1.4.jar:/home/runner/.m2/repository/org/bouncycastle/bcprov-jdk15on/1.67/bcprov-jdk15on-1.67.jar:/home/runner/.m2/repository/com/google/protobuf/protobuf-java/2.5.0/protobuf-java-2.5.0.jar:/home/runner/.m2/repository/org/apache/ozone/hdds-server-framework/1.4.0-SNAPSHOT/hdds-server-framework-1.4.0-SNAPSHOT-tests.jar:/home/runner/.m2/repository/org/apache/ozone/hdds-interface-server/1.4.0-SNAPSHOT/hdds-interface-server-1.4.0-SNAPSHOT.jar:/home/runner/.m2/repository/org/apache/ozone/hdds-interface-admin/1.4.0-SNAPSHOT/hdds-interface-admin-1.4.0-SNAPSHOT.jar:/home/runner/.m2/repository/org/apache/ozone/hdds-managed-rocksdb/1.4.0-SNAPSHOT/hdds-managed-rocksdb-1.4.0-SNAPSHOT.jar:/home/runner/.m2/repository/org/rocksdb/rocksdbjni/7.7.3/rocksdbjni-7.7.3.jar:/home/runner/.m2/repository/org/slf4j/slf4j-reload4j/1.7.36/slf4j-reload4j-1.7.36.jar:/home/runner/.m2/repository/org/apache/commons/commons-configuration2/2.1.1/commons-configuration2-2.1.1.jar:/home/runner/.m2/repository/org/apache/logging/log4j/log4j-core/2.17.1/log4j-core-2.17.1.jar:/home/runner/.m2/repository/com/lmax/disruptor/3.4.2/disruptor-3.4.2.jar:/home/runner/.m2/repository/org/eclipse/jetty/jetty-util/9.4.51.v20230217/jetty-util-9.4.51.v20230217.jar:/home/runner/.m2/repository/org/eclipse/jetty/jetty-server/9.4.51.v20230217/jetty-server-9.4.51.v20230217.jar:/home/runner/.m2/repository/org/eclipse/jetty/jetty-http/9.4.51.v20230217/jetty-http-9.4.51.v20230217.jar:/home/runner/.m2/repository/org/eclipse/jetty/jetty-io/9.4.51.v20230217/jetty-io-9.4.51.v20230217.jar:/home/runner/.m2/repository/org/eclipse/jetty/jetty-servlet/9.4.51.v20230217/jetty-servlet-9.4.51.v20230217.jar:/home/runner/.m2/repository/org/eclipse/jetty/jetty-security/9.4.51.v20230217/jetty-security-9.4.51.v20230217.jar:/home/runner/.m2/repository/org/eclipse/jetty/jetty-util-ajax/9.4.51.v20230217/jetty-util-ajax-9.4.51.v20230217.jar:/home/runner/.m2/repository/org/eclipse/jetty/jetty-webapp/9.4.51.v20230217/jetty-webapp-9.4.51.v20230217.jar:/home/runner/.m2/repository/org/eclipse/jetty/jetty-xml/9.4.51.v20230217/jetty-xml-9.4.51.v20230217.jar:/home/runner/.m2/repository/org/apache/ratis/ratis-server/2.5.1/ratis-server-2.5.1.jar:/home/runner/.m2/repository/org/apache/ratis/ratis-thirdparty-misc/1.0.4/ratis-thirdparty-misc-1.0.4.jar:/home/runner/.m2/repository/org/apache/ratis/ratis-proto/2.5.1/ratis-proto-2.5.1.jar:/home/runner/.m2/repository/org/apache/ratis/ratis-common/2.5.1/ratis-common-2.5.1.jar:/home/runner/.m2/repository/org/apache/ratis/ratis-client/2.5.1/ratis-client-2.5.1.jar:/home/runner/.m2/repository/org/apache/ratis/ratis-server-api/2.5.1/ratis-server-api-2.5.1.jar:/home/runner/.m2/repository/org/apache/ratis/ratis-metrics/2.5.1/ratis-metrics-2.5.1.jar:/home/runner/.m2/repository/io/prometheus/simpleclient_dropwizard/0.7.0/simpleclient_dropwizard-0.7.0.jar:/home/runner/.m2/repository/io/prometheus/simpleclient/0.7.0/simpleclient-0.7.0.jar:/home/runner/.m2/repository/io/prometheus/simpleclient_common/0.7.0/simpleclient_common-0.7.0.jar:/home/runner/.m2/repository/com/fasterxml/jackson/datatype/jackson-datatype-jsr310/2.13.4/jackson-datatype-jsr310-2.13.4.jar:/home/runner/.m2/repository/com/fasterxml/jackson/core/jackson-core/2.13.4/jackson-core-2.13.4.jar:/home/runner/.m2/repository/com/github/spotbugs/spotbugs-annotations/3.1.12/spotbugs-annotations-3.1.12.jar:/home/runner/.m2/repository/org/apache/ozone/rocksdb-checkpoint-differ/1.4.0-SNAPSHOT/rocksdb-checkpoint-differ-1.4.0-SNAPSHOT.jar:/home/runner/.m2/repository/org/awaitility/awaitility/4.2.0/awaitility-4.2.0.jar:/home/runner/.m2/repository/org/hamcrest/hamcrest/2.1/hamcrest-2.1.jar:/home/runner/.m2/repository/org/apache/ozone/ozone-manager/1.4.0-SNAPSHOT/ozone-manager-1.4.0-SNAPSHOT.jar:/home/runner/.m2/repository/org/aspectj/aspectjrt/1.9.7/aspectjrt-1.9.7.jar:/home/runner/.m2/repository/org/aspectj/aspectjweaver/1.9.7/aspectjweaver-1.9.7.jar:/home/runner/.m2/repository/org/apache/ozone/hdds-interface-client/1.4.0-SNAPSHOT/hdds-interface-client-1.4.0-SNAPSHOT.jar:/home/runner/.m2/repository/org/apache/hadoop/thirdparty/hadoop-shaded-protobuf_3_7/1.1.1/hadoop-shaded-protobuf_3_7-1.1.1.jar:/home/runner/.m2/repository/org/apache/ozone/ozone-interface-storage/1.4.0-SNAPSHOT/ozone-interface-storage-1.4.0-SNAPSHOT.jar:/home/runner/.m2/repository/org/reflections/reflections/0.9.11/reflections-0.9.11.jar:/home/runner/.m2/repository/com/sun/jersey/jersey-client/1.19/jersey-client-1.19.jar:/home/runner/.m2/repository/org/codehaus/jackson/jackson-core-asl/1.9.13/jackson-core-asl-1.9.13.jar:/home/runner/.m2/repository/org/codehaus/jackson/jackson-mapper-asl/1.9.13/jackson-mapper-asl-1.9.13.jar:/home/runner/.m2/repository/org/codehaus/jackson/jackson-jaxrs/1.9.13/jackson-jaxrs-1.9.13.jar:/home/runner/.m2/repository/org/apache/ranger/ranger-intg/2.3.0/ranger-intg-2.3.0.jar:/home/runner/.m2/repository/org/apache/ranger/ranger-plugins-common/2.3.0/ranger-plugins-common-2.3.0.jar:/home/runner/.m2/repository/commons-lang/commons-lang/2.6/commons-lang-2.6.jar:/home/runner/.m2/repository/org/apache/ranger/ranger-plugins-cred/2.3.0/ranger-plugins-cred-2.3.0.jar:/home/runner/.m2/repository/org/apache/ranger/ranger-plugins-audit/2.3.0/ranger-plugins-audit-2.3.0.jar:/home/runner/.m2/repository/org/eclipse/jetty/jetty-client/9.4.51.v20230217/jetty-client-9.4.51.v20230217.jar:/home/runner/.m2/repository/org/apache/httpcomponents/httpmime/4.5.6/httpmime-4.5.6.jar:/home/runner/.m2/repository/org/apache/httpcomponents/httpcore-nio/4.4.13/httpcore-nio-4.4.13.jar:/home/runner/.m2/repository/org/apache/httpcomponents/httpasyncclient/4.1.3/httpasyncclient-4.1.3.jar:/home/runner/.m2/repository/com/carrotsearch/hppc/0.8.0/hppc-0.8.0.jar:/home/runner/.m2/repository/org/apache/orc/orc-core/1.5.8/orc-core-1.5.8.jar:/home/runner/.m2/repository/net/java/dev/jna/jna/5.2.0/jna-5.2.0.jar:/home/runner/.m2/repository/net/java/dev/jna/jna-platform/5.2.0/jna-platform-5.2.0.jar:/home/runner/.m2/repository/com/kstruct/gethostname4j/0.0.2/gethostname4j-0.0.2.jar:/home/runner/.m2/repository/org/apache/ranger/ranger-plugin-classloader/2.3.0/ranger-plugin-classloader-2.3.0.jar:/home/runner/.m2/repository/org/apache/ozone/hdds-rocks-native/1.4.0-SNAPSHOT/hdds-rocks-native-1.4.0-SNAPSHOT.jar:/home/runner/.m2/repository/org/apache/hadoop/hadoop-minikdc/3.3.5/hadoop-minikdc-3.3.5.jar:/home/runner/.m2/repository/org/apache/kerby/kerb-simplekdc/1.0.1/kerb-simplekdc-1.0.1.jar:/home/runner/.m2/repository/org/apache/kerby/kerb-client/1.0.1/kerb-client-1.0.1.jar:/home/runner/.m2/repository/org/apache/kerby/kerby-config/1.0.1/kerby-config-1.0.1.jar:/home/runner/.m2/repository/org/apache/kerby/kerb-common/1.0.1/kerb-common-1.0.1.jar:/home/runner/.m2/repository/org/apache/kerby/kerb-crypto/1.0.1/kerb-crypto-1.0.1.jar:/home/runner/.m2/repository/org/apache/kerby/kerb-util/1.0.1/kerb-util-1.0.1.jar:/home/runner/.m2/repository/org/apache/kerby/token-provider/1.0.1/token-provider-1.0.1.jar:/home/runner/.m2/repository/org/apache/kerby/kerb-admin/1.0.1/kerb-admin-1.0.1.jar:/home/runner/.m2/repository/org/apache/kerby/kerb-server/1.0.1/kerb-server-1.0.1.jar:/home/runner/.m2/repository/org/apache/kerby/kerb-identity/1.0.1/kerb-identity-1.0.1.jar:/home/runner/.m2/repository/org/apache/kerby/kerby-xdr/1.0.1/kerby-xdr-1.0.1.jar:/home/runner/.m2/repository/org/apache/ozone/ozone-s3gateway/1.4.0-SNAPSHOT/ozone-s3gateway-1.4.0-SNAPSHOT.jar:/home/runner/.m2/repository/org/javassist/javassist/3.21.0-GA/javassist-3.21.0-GA.jar:/home/runner/.m2/repository/org/jboss/weld/servlet/weld-servlet-shaded/3.1.9.Final/weld-servlet-shaded-3.1.9.Final.jar:/home/runner/.m2/repository/org/glassfish/jersey/containers/jersey-container-servlet-core/2.34/jersey-container-servlet-core-2.34.jar:/home/runner/.m2/repository/org/glassfish/hk2/external/jakarta.inject/2.6.1/jakarta.inject-2.6.1.jar:/home/runner/.m2/repository/org/glassfish/jersey/core/jersey-common/2.34/jersey-common-2.34.jar:/home/runner/.m2/repository/jakarta/ws/rs/jakarta.ws.rs-api/2.1.6/jakarta.ws.rs-api-2.1.6.jar:/home/runner/.m2/repository/org/glassfish/jersey/ext/cdi/jersey-cdi1x/2.34/jersey-cdi1x-2.34.jar:/home/runner/.m2/repository/org/glassfish/jersey/inject/jersey-hk2/2.34/jersey-hk2-2.34.jar:/home/runner/.m2/repository/org/glassfish/hk2/hk2-locator/2.6.1/hk2-locator-2.6.1.jar:/home/runner/.m2/repository/org/glassfish/jersey/media/jersey-media-jaxb/2.34/jersey-media-jaxb-2.34.jar:/home/runner/.m2/repository/org/glassfish/hk2/osgi-resource-locator/1.0.3/osgi-resource-locator-1.0.3.jar:/home/runner/.m2/repository/org/glassfish/hk2/hk2-api/2.5.0/hk2-api-2.5.0.jar:/home/runner/.m2/repository/org/glassfish/hk2/hk2-utils/2.5.0/hk2-utils-2.5.0.jar:/home/runner/.m2/repository/org/glassfish/hk2/external/aopalliance-repackaged/2.5.0/aopalliance-repackaged-2.5.0.jar:/home/runner/.m2/repository/com/fasterxml/jackson/dataformat/jackson-dataformat-xml/2.13.4/jackson-dataformat-xml-2.13.4.jar:/home/runner/.m2/repository/org/codehaus/woodstox/stax2-api/4.2.1/stax2-api-4.2.1.jar:/home/runner/.m2/repository/com/fasterxml/woodstox/woodstox-core/5.4.0/woodstox-core-5.4.0.jar:/home/runner/.m2/repository/com/fasterxml/jackson/module/jackson-module-jaxb-annotations/2.13.4/jackson-module-jaxb-annotations-2.13.4.jar:/home/runner/.m2/repository/jakarta/xml/bind/jakarta.xml.bind-api/2.3.3/jakarta.xml.bind-api-2.3.3.jar:/home/runner/.m2/repository/jakarta/activation/jakarta.activation-api/1.2.2/jakarta.activation-api-1.2.2.jar:/home/runner/.m2/repository/javax/enterprise/cdi-api/2.0/cdi-api-2.0.jar:/home/runner/.m2/repository/javax/el/javax.el-api/3.0.0/javax.el-api-3.0.0.jar:/home/runner/.m2/repository/javax/interceptor/javax.interceptor-api/1.2/javax.interceptor-api-1.2.jar:/home/runner/.m2/repository/javax/inject/javax.inject/1/javax.inject-1.jar:/home/runner/.m2/repository/javax/xml/bind/jaxb-api/2.3.0/jaxb-api-2.3.0.jar:/home/runner/.m2/repository/org/glassfish/jaxb/jaxb-runtime/2.3.0.1/jaxb-runtime-2.3.0.1.jar:/home/runner/.m2/repository/org/glassfish/jaxb/jaxb-core/2.3.0.1/jaxb-core-2.3.0.1.jar:/home/runner/.m2/repository/org/glassfish/jaxb/txw2/2.3.0.1/txw2-2.3.0.1.jar:/home/runner/.m2/repository/com/sun/istack/istack-commons-runtime/3.0.5/istack-commons-runtime-3.0.5.jar:/home/runner/.m2/repository/org/jvnet/staxex/stax-ex/1.7.8/stax-ex-1.7.8.jar:/home/runner/.m2/repository/com/sun/xml/fastinfoset/FastInfoset/1.2.13/FastInfoset-1.2.13.jar:/home/runner/.m2/repository/javax/activation/activation/1.1.1/activation-1.1.1.jar:/home/runner/.m2/repository/io/grpc/grpc-protobuf/1.51.1/grpc-protobuf-1.51.1.jar:/home/runner/.m2/repository/com/google/api/grpc/proto-google-common-protos/2.9.0/proto-google-common-protos-2.9.0.jar:/home/runner/.m2/repository/io/grpc/grpc-protobuf-lite/1.51.1/grpc-protobuf-lite-1.51.1.jar:/home/runner/.m2/repository/io/grpc/grpc-stub/1.51.1/grpc-stub-1.51.1.jar:/home/runner/.m2/repository/io/netty/netty-transport/4.1.86.Final/netty-transport-4.1.86.Final.jar:/home/runner/.m2/repository/io/netty/netty-resolver/4.1.86.Final/netty-resolver-4.1.86.Final.jar:/home/runner/.m2/repository/org/apache/ozone/ozone-csi/1.4.0-SNAPSHOT/ozone-csi-1.4.0-SNAPSHOT.jar:/home/runner/.m2/repository/com/google/protobuf/protobuf-java-util/3.19.6/protobuf-java-util-3.19.6.jar:/home/runner/.m2/repository/com/google/code/gson/gson/2.9.0/gson-2.9.0.jar:/home/runner/.m2/repository/org/apache/ozone/hdds-config/1.4.0-SNAPSHOT/hdds-config-1.4.0-SNAPSHOT.jar:/home/runner/.m2/repository/io/netty/netty-transport-native-epoll/4.1.86.Final/netty-transport-native-epoll-4.1.86.Final-linux-x86_64.jar:/home/runner/.m2/repository/io/netty/netty-transport-classes-epoll/4.1.86.Final/netty-transport-classes-epoll-4.1.86.Final.jar:/home/runner/.m2/repository/io/netty/netty-transport-native-unix-common/4.1.86.Final/netty-transport-native-unix-common-4.1.86.Final.jar:/home/runner/.m2/repository/org/apache/ozone/ozone-recon/1.4.0-SNAPSHOT/ozone-recon-1.4.0-SNAPSHOT.jar:/home/runner/.m2/repository/org/apache/ozone/ozone-reconcodegen/1.4.0-SNAPSHOT/ozone-reconcodegen-1.4.0-SNAPSHOT.jar:/home/runner/.m2/repository/com/google/inject/guice/5.1.0/guice-5.1.0.jar:/home/runner/.m2/repository/aopalliance/aopalliance/1.0/aopalliance-1.0.jar:/home/runner/.m2/repository/com/google/inject/extensions/guice-assistedinject/5.1.0/guice-assistedinject-5.1.0.jar:/home/runner/.m2/repository/com/google/inject/extensions/guice-servlet/5.1.0/guice-servlet-5.1.0.jar:/home/runner/.m2/repository/org/glassfish/jersey/containers/jersey-container-servlet/2.34/jersey-container-servlet-2.34.jar:/home/runner/.m2/repository/org/glassfish/hk2/guice-bridge/2.5.0/guice-bridge-2.5.0.jar:/home/runner/.m2/repository/org/glassfish/jersey/core/jersey-server/2.34/jersey-server-2.34.jar:/home/runner/.m2/repository/org/glassfish/jersey/core/jersey-client/2.34/jersey-client-2.34.jar:/home/runner/.m2/repository/jakarta/annotation/jakarta.annotation-api/1.3.5/jakarta.annotation-api-1.3.5.jar:/home/runner/.m2/repository/jakarta/validation/jakarta.validation-api/2.0.2/jakarta.validation-api-2.0.2.jar:/home/runner/.m2/repository/org/glassfish/jersey/media/jersey-media-json-jackson/2.34/jersey-media-json-jackson-2.34.jar:/home/runner/.m2/repository/org/glassfish/jersey/ext/jersey-entity-filtering/2.34/jersey-entity-filtering-2.34.jar:/home/runner/.m2/repository/org/jooq/jooq/3.11.10/jooq-3.11.10.jar:/home/runner/.m2/repository/org/jooq/jooq-meta/3.11.10/jooq-meta-3.11.10.jar:/home/runner/.m2/repository/org/jooq/jooq-codegen/3.11.10/jooq-codegen-3.11.10.jar:/home/runner/.m2/repository/com/jolbox/bonecp/0.8.0.RELEASE/bonecp-0.8.0.RELEASE.jar:/home/runner/.m2/repository/org/apache/derby/derby/10.14.2.0/derby-10.14.2.0.jar:/home/runner/.m2/repository/org/xerial/sqlite-jdbc/3.41.2.2/sqlite-jdbc-3.41.2.2.jar:/home/runner/.m2/repository/org/springframework/spring-jdbc/5.3.27/spring-jdbc-5.3.27.jar:/home/runner/.m2/repository/org/springframework/spring-beans/5.3.27/spring-beans-5.3.27.jar:/home/runner/.m2/repository/org/springframework/spring-core/5.3.27/spring-core-5.3.27.jar:/home/runner/.m2/repository/org/springframework/spring-tx/5.3.27/spring-tx-5.3.27.jar:/home/runner/.m2/repository/org/apache/ozone/ozone-client/1.4.0-SNAPSHOT/ozone-client-1.4.0-SNAPSHOT.jar:/home/runner/.m2/repository/org/apache/ozone/hdds-erasurecode/1.4.0-SNAPSHOT/hdds-erasurecode-1.4.0-SNAPSHOT.jar:/home/runner/.m2/repository/org/apache/ozone/ozone-filesystem/1.4.0-SNAPSHOT/ozone-filesystem-1.4.0-SNAPSHOT.jar:/home/runner/.m2/repository/org/apache/ozone/ozone-filesystem-common/1.4.0-SNAPSHOT/ozone-filesystem-common-1.4.0-SNAPSHOT.jar:/home/runner/.m2/repository/org/apache/ozone/ozone-tools/1.4.0-SNAPSHOT/ozone-tools-1.4.0-SNAPSHOT.jar:/home/runner/.m2/repository/com/amazonaws/aws-java-sdk-core/1.12.261/aws-java-sdk-core-1.12.261.jar:/home/runner/.m2/repository/org/apache/httpcomponents/httpclient/4.5.13/httpclient-4.5.13.jar:/home/runner/.m2/repository/org/apache/httpcomponents/httpcore/4.4.13/httpcore-4.4.13.jar:/home/runner/.m2/repository/software/amazon/ion/ion-java/1.0.2/ion-java-1.0.2.jar:/home/runner/.m2/repository/com/fasterxml/jackson/dataformat/jackson-dataformat-cbor/2.13.4/jackson-dataformat-cbor-2.13.4.jar:/home/runner/.m2/repository/joda-time/joda-time/2.10.6/joda-time-2.10.6.jar:/home/runner/.m2/repository/com/amazonaws/aws-java-sdk-s3/1.12.261/aws-java-sdk-s3-1.12.261.jar:/home/runner/.m2/repository/com/amazonaws/aws-java-sdk-kms/1.12.261/aws-java-sdk-kms-1.12.261.jar:/home/runner/.m2/repository/com/amazonaws/jmespath-java/1.12.261/jmespath-java-1.12.261.jar:/home/runner/.m2/repository/org/kohsuke/metainf-services/metainf-services/1.8/metainf-services-1.8.jar:/home/runner/.m2/repository/org/apache/ozone/hdds-tools/1.4.0-SNAPSHOT/hdds-tools-1.4.0-SNAPSHOT.jar:/home/runner/.m2/repository/org/apache/ratis/ratis-tools/2.5.1/ratis-tools-2.5.1.jar:/home/runner/.m2/repository/commons-cli/commons-cli/1.2/commons-cli-1.2.jar:/home/runner/.m2/repository/org/apache/commons/commons-lang3/3.7/commons-lang3-3.7.jar:/home/runner/.m2/repository/org/apache/ozone/ozone-manager/1.4.0-SNAPSHOT/ozone-manager-1.4.0-SNAPSHOT-tests.jar:/home/runner/.m2/repository/org/apache/ozone/hdds-common/1.4.0-SNAPSHOT/hdds-common-1.4.0-SNAPSHOT-tests.jar:/home/runner/.m2/repository/org/apache/ozone/hdds-hadoop-dependency-client/1.4.0-SNAPSHOT/hdds-hadoop-dependency-client-1.4.0-SNAPSHOT.jar:/home/runner/.m2/repository/info/picocli/picocli/4.6.1/picocli-4.6.1.jar:/home/runner/.m2/repository/com/fasterxml/jackson/core/jackson-annotations/2.13.4/jackson-annotations-2.13.4.jar:/home/runner/.m2/repository/org/apache/ozone/hdds-annotation-processing/1.4.0-SNAPSHOT/hdds-annotation-processing-1.4.0-SNAPSHOT.jar:/home/runner/.m2/repository/javax/annotation/javax.annotation-api/1.2/javax.annotation-api-1.2.jar:/home/runner/.m2/repository/org/apache/ratis/ratis-netty/2.5.1/ratis-netty-2.5.1.jar:/home/runner/.m2/repository/org/apache/ratis/ratis-grpc/2.5.1/ratis-grpc-2.5.1.jar:/home/runner/.m2/repository/org/apache/logging/log4j/log4j-api/2.17.1/log4j-api-2.17.1.jar:/home/runner/.m2/repository/org/apache/commons/commons-pool2/2.6.0/commons-pool2-2.6.0.jar:/home/runner/.m2/repository/org/bouncycastle/bcpkix-jdk15on/1.67/bcpkix-jdk15on-1.67.jar:/home/runner/.m2/repository/commons-validator/commons-validator/1.6/commons-validator-1.6.jar:/home/runner/.m2/repository/commons-beanutils/commons-beanutils/1.9.4/commons-beanutils-1.9.4.jar:/home/runner/.m2/repository/commons-digester/commons-digester/1.8.1/commons-digester-1.8.1.jar:/home/runner/.m2/repository/commons-collections/commons-collections/3.2.2/commons-collections-3.2.2.jar:/home/runner/.m2/repository/io/jaegertracing/jaeger-client/1.6.0/jaeger-client-1.6.0.jar:/home/runner/.m2/repository/io/jaegertracing/jaeger-thrift/1.6.0/jaeger-thrift-1.6.0.jar:/home/runner/.m2/repository/org/apache/thrift/libthrift/0.14.1/libthrift-0.14.1.jar:/home/runner/.m2/repository/io/jaegertracing/jaeger-core/1.6.0/jaeger-core-1.6.0.jar:/home/runner/.m2/repository/io/jaegertracing/jaeger-tracerresolver/1.6.0/jaeger-tracerresolver-1.6.0.jar:/home/runner/.m2/repository/io/opentracing/contrib/opentracing-tracerresolver/0.1.8/opentracing-tracerresolver-0.1.8.jar:/home/runner/.m2/repository/org/jetbrains/kotlin/kotlin-stdlib/1.6.21/kotlin-stdlib-1.6.21.jar:/home/runner/.m2/repository/org/jetbrains/annotations/13.0/annotations-13.0.jar:/home/runner/.m2/repository/io/opentracing/opentracing-util/0.33.0/opentracing-util-0.33.0.jar:/home/runner/.m2/repository/io/opentracing/opentracing-api/0.33.0/opentracing-api-0.33.0.jar:/home/runner/.m2/repository/io/opentracing/opentracing-noop/0.33.0/opentracing-noop-0.33.0.jar:/home/runner/.m2/repository/org/yaml/snakeyaml/2.0/snakeyaml-2.0.jar:/home/runner/.m2/repository/io/grpc/grpc-api/1.51.1/grpc-api-1.51.1.jar:/home/runner/.m2/repository/io/grpc/grpc-context/1.51.1/grpc-context-1.51.1.jar:/home/runner/.m2/repository/junit/junit/4.13.1/junit-4.13.1.jar:/home/runner/.m2/repository/org/hamcrest/hamcrest-core/1.3/hamcrest-core-1.3.jar:/home/runner/.m2/repository/org/junit/jupiter/junit-jupiter-api/5.8.2/junit-jupiter-api-5.8.2.jar:/home/runner/.m2/repository/org/opentest4j/opentest4j/1.2.0/opentest4j-1.2.0.jar:/home/runner/.m2/repository/org/junit/platform/junit-platform-commons/1.8.2/junit-platform-commons-1.8.2.jar:/home/runner/.m2/repository/org/apiguardian/apiguardian-api/1.1.2/apiguardian-api-1.1.2.jar:/home/runner/.m2/repository/org/junit/jupiter/junit-jupiter-params/5.8.2/junit-jupiter-params-5.8.2.jar:/home/runner/.m2/repository/org/junit/jupiter/junit-jupiter-migrationsupport/5.8.2/junit-jupiter-migrationsupport-5.8.2.jar:/home/runner/.m2/repository/org/junit/jupiter/junit-jupiter-engine/5.8.2/junit-jupiter-engine-5.8.2.jar:/home/runner/.m2/repository/org/junit/platform/junit-platform-engine/1.8.2/junit-platform-engine-1.8.2.jar:/home/runner/.m2/repository/org/junit/vintage/junit-vintage-engine/5.8.2/junit-vintage-engine-5.8.2.jar:/home/runner/.m2/repository/org/junit/platform/junit-platform-launcher/1.8.2/junit-platform-launcher-1.8.2.jar:/home/runner/.m2/repository/org/mockito/mockito-core/2.28.2/mockito-core-2.28.2.jar:/home/runner/.m2/repository/net/bytebuddy/byte-buddy/1.9.10/byte-buddy-1.9.10.jar:/home/runner/.m2/repository/net/bytebuddy/byte-buddy-agent/1.9.10/byte-buddy-agent-1.9.10.jar:/home/runner/.m2/repository/org/objenesis/objenesis/1.0/objenesis-1.0.jar:/home/runner/.m2/repository/org/apache/hadoop/hadoop-kms/3.3.5/hadoop-kms-3.3.5.jar:/home/runner/.m2/repository/org/apache/hadoop/hadoop-auth/3.3.5/hadoop-auth-3.3.5.jar:/home/runner/.m2/repository/com/nimbusds/nimbus-jose-jwt/9.8.1/nimbus-jose-jwt-9.8.1.jar:/home/runner/.m2/repository/com/github/stephenc/jcip/jcip-annotations/1.0-1/jcip-annotations-1.0-1.jar:/home/runner/.m2/repository/net/minidev/json-smart/2.4.7/json-smart-2.4.7.jar:/home/runner/.m2/repository/net/minidev/accessors-smart/2.4.7/accessors-smart-2.4.7.jar:/home/runner/.m2/repository/org/ow2/asm/asm/5.0.4/asm-5.0.4.jar:/home/runner/.m2/repository/org/apache/zookeeper/zookeeper/3.5.6/zookeeper-3.5.6.jar:/home/runner/.m2/repository/org/apache/zookeeper/zookeeper-jute/3.5.6/zookeeper-jute-3.5.6.jar:/home/runner/.m2/repository/org/apache/yetus/audience-annotations/0.5.0/audience-annotations-0.5.0.jar:/home/runner/.m2/repository/org/apache/curator/curator-framework/4.2.0/curator-framework-4.2.0.jar:/home/runner/.m2/repository/org/apache/hadoop/thirdparty/hadoop-shaded-guava/1.1.1/hadoop-shaded-guava-1.1.1.jar:/home/runner/.m2/repository/com/sun/jersey/jersey-core/1.19/jersey-core-1.19.jar:/home/runner/.m2/repository/javax/ws/rs/jsr311-api/1.1.1/jsr311-api-1.1.1.jar:/home/runner/.m2/repository/com/sun/jersey/jersey-server/1.19/jersey-server-1.19.jar:/home/runner/.m2/repository/javax/servlet/javax.servlet-api/3.1.0/javax.servlet-api-3.1.0.jar:/home/runner/.m2/repository/org/apache/hadoop/hadoop-common/3.3.5/hadoop-common-3.3.5.jar:/home/runner/.m2/repository/org/apache/commons/commons-math3/3.1.1/commons-math3-3.1.1.jar:/home/runner/.m2/repository/commons-net/commons-net/3.9.0/commons-net-3.9.0.jar:/home/runner/.m2/repository/com/sun/jersey/jersey-servlet/1.19/jersey-servlet-1.19.jar:/home/runner/.m2/repository/com/github/pjfanning/jersey-json/1.20/jersey-json-1.20.jar:/home/runner/.m2/repository/org/codehaus/jettison/jettison/1.1/jettison-1.1.jar:/home/runner/.m2/repository/com/sun/xml/bind/jaxb-impl/2.2.3-1/jaxb-impl-2.2.3-1.jar:/home/runner/.m2/repository/com/google/re2j/re2j/1.1/re2j-1.1.jar:/home/runner/.m2/repository/com/jcraft/jsch/0.1.54/jsch-0.1.54.jar:/home/runner/.m2/repository/org/apache/curator/curator-client/4.2.0/curator-client-4.2.0.jar:/home/runner/.m2/repository/org/apache/curator/curator-recipes/4.2.0/curator-recipes-4.2.0.jar:/home/runner/.m2/repository/org/apache/kerby/kerb-core/1.0.1/kerb-core-1.0.1.jar:/home/runner/.m2/repository/org/apache/kerby/kerby-pkix/1.0.1/kerby-pkix-1.0.1.jar:/home/runner/.m2/repository/org/apache/kerby/kerby-asn1/1.0.1/kerby-asn1-1.0.1.jar:/home/runner/.m2/repository/org/apache/kerby/kerby-util/1.0.1/kerby-util-1.0.1.jar:/home/runner/.m2/repository/dnsjava/dnsjava/2.1.7/dnsjava-2.1.7.jar:/home/runner/.m2/repository/org/xerial/snappy/snappy-java/1.1.8.2/snappy-java-1.1.8.2.jar:/home/runner/.m2/repository/com/fasterxml/jackson/core/jackson-databind/2.13.4.2/jackson-databind-2.13.4.2.jar:/home/runner/.m2/repository/org/apache/hadoop/hadoop-kms/3.3.5/hadoop-kms-3.3.5-tests.jar:/home/runner/.m2/repository/org/apache/ozone/hdds-server-scm/1.4.0-SNAPSHOT/hdds-server-scm-1.4.0-SNAPSHOT-tests.jar:/home/runner/.m2/repository/org/apache/ozone/hdds-container-service/1.4.0-SNAPSHOT/hdds-container-service-1.4.0-SNAPSHOT-tests.jar:/home/runner/.m2/repository/com/github/luben/zstd-jni/1.5.2-5/zstd-jni-1.5.2-5.jar:/home/runner/.m2/repository/commons-codec/commons-codec/1.15/commons-codec-1.15.jar:/home/runner/.m2/repository/io/netty/netty-codec/4.1.86.Final/netty-codec-4.1.86.Final.jar:/home/runner/.m2/repository/io/netty/netty-handler/4.1.86.Final/netty-handler-4.1.86.Final.jar:/home/runner/.m2/repository/org/apache/ozone/hdds-hadoop-dependency-test/1.4.0-SNAPSHOT/hdds-hadoop-dependency-test-1.4.0-SNAPSHOT.jar:/home/runner/.m2/repository/org/apache/hadoop/hadoop-common/3.3.5/hadoop-common-3.3.5-tests.jar:/home/runner/.m2/repository/org/apache/hadoop/hadoop-hdfs/3.3.5/hadoop-hdfs-3.3.5-tests.jar:/home/runner/.m2/repository/org/assertj/assertj-core/3.12.2/assertj-core-3.12.2.jar:/home/runner/.m2/repository/org/apache/hadoop/hadoop-distcp/3.3.5/hadoop-distcp-3.3.5.jar:/home/runner/.m2/repository/org/apache/hadoop/hadoop-mapreduce-client-jobclient/3.3.5/hadoop-mapreduce-client-jobclient-3.3.5.jar:/home/runner/.m2/repository/org/apache/hadoop/hadoop-mapreduce-client-common/3.3.5/hadoop-mapreduce-client-common-3.3.5.jar:/home/runner/.m2/repository/org/apache/hadoop/hadoop-yarn-common/3.3.5/hadoop-yarn-common-3.3.5.jar:/home/runner/.m2/repository/org/apache/hadoop/hadoop-yarn-api/3.3.5/hadoop-yarn-api-3.3.5.jar:/home/runner/.m2/repository/com/sun/jersey/contribs/jersey-guice/1.19/jersey-guice-1.19.jar:/home/runner/.m2/repository/com/fasterxml/jackson/jaxrs/jackson-jaxrs-json-provider/2.13.4/jackson-jaxrs-json-provider-2.13.4.jar:/home/runner/.m2/repository/com/fasterxml/jackson/jaxrs/jackson-jaxrs-base/2.13.4/jackson-jaxrs-base-2.13.4.jar:/home/runner/.m2/repository/org/apache/hadoop/hadoop-yarn-client/3.3.5/hadoop-yarn-client-3.3.5.jar:/home/runner/.m2/repository/org/eclipse/jetty/websocket/websocket-client/9.4.48.v20220622/websocket-client-9.4.48.v20220622.jar:/home/runner/.m2/repository/org/eclipse/jetty/websocket/websocket-common/9.4.48.v20220622/websocket-common-9.4.48.v20220622.jar:/home/runner/.m2/repository/org/eclipse/jetty/websocket/websocket-api/9.4.48.v20220622/websocket-api-9.4.48.v20220622.jar:/home/runner/.m2/repository/org/jline/jline/3.9.0/jline-3.9.0.jar:/home/runner/.m2/repository/org/apache/hadoop/hadoop-mapreduce-client-core/3.3.5/hadoop-mapreduce-client-core-3.3.5.jar:/home/runner/.m2/repository/org/apache/avro/avro/1.7.7/avro-1.7.7.jar:/home/runner/.m2/repository/com/thoughtworks/paranamer/paranamer/2.3/paranamer-2.3.jar:/home/runner/.m2/repository/org/apache/hadoop/hadoop-annotations/3.3.5/hadoop-annotations-3.3.5.jar:/usr/lib/jvm/temurin-8-jdk-amd64/jre/../lib/tools.jar:/home/runner/.m2/repository/io/netty/netty/3.10.6.Final/netty-3.10.6.Final.jar:/home/runner/.m2/repository/org/apache/hadoop/hadoop-distcp/3.3.5/hadoop-distcp-3.3.5-tests.jar:/home/runner/.m2/repository/org/slf4j/jul-to-slf4j/1.7.36/jul-to-slf4j-1.7.36.jar:"/>
    <property name="sun.cpu.endian" value="little"/>
    <property name="user.home" value="/home/runner"/>
    <property name="user.language" value="en"/>
    <property name="java.specification.vendor" value="Oracle Corporation"/>
    <property name="java.home" value="/usr/lib/jvm/temurin-8-jdk-amd64/jre"/>
    <property name="java.security.krb5.conf" value="/home/runner/work/ozone/ozone/hadoop-ozone/integration-test/target/test-classes/krb5.conf"/>
    <property name="file.separator" value="/"/>
    <property name="basedir" value="/home/runner/work/ozone/ozone/hadoop-ozone/integration-test"/>
    <property name="line.separator" value="&#10;"/>
    <property name="java.vm.specification.vendor" value="Oracle Corporation"/>
    <property name="java.specification.name" value="Java Platform API Specification"/>
    <property name="skip.installnpx" value="true"/>
    <property name="java.awt.graphicsenv" value="sun.awt.X11GraphicsEnvironment"/>
    <property name="surefire.fork.timeout" value="3600"/>
    <property name="surefire.real.class.path" value="/home/runner/work/ozone/ozone/hadoop-ozone/integration-test/target/surefire/surefirebooter854016083485916270.jar:/home/runner/.m2/repository/org/jacoco/org.jacoco.agent/0.8.5/org.jacoco.agent-0.8.5-runtime.jar"/>
    <property name="sun.boot.class.path" value="/usr/lib/jvm/temurin-8-jdk-amd64/jre/lib/resources.jar:/usr/lib/jvm/temurin-8-jdk-amd64/jre/lib/rt.jar:/usr/lib/jvm/temurin-8-jdk-amd64/jre/lib/sunrsasign.jar:/usr/lib/jvm/temurin-8-jdk-amd64/jre/lib/jsse.jar:/usr/lib/jvm/temurin-8-jdk-amd64/jre/lib/jce.jar:/usr/lib/jvm/temurin-8-jdk-amd64/jre/lib/charsets.jar:/usr/lib/jvm/temurin-8-jdk-amd64/jre/lib/jfr.jar:/usr/lib/jvm/temurin-8-jdk-amd64/jre/classes"/>
    <property name="hadoop.log.dir" value="/home/runner/work/ozone/ozone/hadoop-ozone/integration-test/target/log"/>
    <property name="sun.management.compiler" value="HotSpot 64-Bit Tiered Compilers"/>
    <property name="java.runtime.version" value="1.8.0_372-b07"/>
    <property name="skip.npx" value="true"/>
    <property name="user.name" value="runner"/>
    <property name="java.net.preferIPv4Stack" value="true"/>
    <property name="path.separator" value=":"/>
    <property name="java.security.egd" value="file:///dev/urandom"/>
    <property name="os.version" value="5.15.0-1038-azure"/>
    <property name="java.endorsed.dirs" value="/usr/lib/jvm/temurin-8-jdk-amd64/jre/lib/endorsed"/>
    <property name="java.runtime.name" value="OpenJDK Runtime Environment"/>
    <property name="file.encoding" value="UTF-8"/>
    <property name="java.vm.name" value="OpenJDK 64-Bit Server VM"/>
    <property name="test.build.webapps" value=""/>
    <property name="localRepository" value="/home/runner/.m2/repository"/>
    <property name="jetty.git.hash" value="b45c405e4544384de066f814ed42ae3dceacdd49"/>
    <property name="java.vendor.url.bug" value="https://github.com/adoptium/adoptium-support/issues"/>
    <property name="require.test.libhadoop" value=""/>
    <property name="java.io.tmpdir" value="/tmp"/>
    <property name="java.version" value="1.8.0_372"/>
    <property name="surefire.rerunFailingTestsCount" value="5"/>
    <property name="user.dir" value="/home/runner/work/ozone/ozone/hadoop-ozone/integration-test"/>
    <property name="os.arch" value="amd64"/>
    <property name="test.build.classes" value="/home/runner/work/ozone/ozone/hadoop-ozone/integration-test/target/test-classes"/>
    <property name="java.vm.specification.name" value="Java Virtual Machine Specification"/>
    <property name="java.awt.printerjob" value="sun.print.PSPrinterJob"/>
    <property name="sun.os.patch.level" value="unknown"/>
    <property name="org.apache.ratis.thirdparty.io.netty.allocator.useCacheForAllThreads" value="false"/>
    <property name="hadoop.tmp.dir" value="/home/runner/work/ozone/ozone/hadoop-ozone/integration-test/target/tmp"/>
    <property name="java.library.path" value="/usr/java/packages/lib/amd64:/usr/lib64:/lib64:/lib:/usr/lib"/>
    <property name="java.vendor" value="Temurin"/>
    <property name="java.vm.info" value="mixed mode"/>
    <property name="java.vm.version" value="25.372-b07"/>
    <property name="java.specification.maintenance.version" value="4"/>
    <property name="sun.io.unicode.encoding" value="UnicodeLittle"/>
    <property name="java.ext.dirs" value="/usr/lib/jvm/temurin-8-jdk-amd64/jre/lib/ext:/usr/java/packages/lib/ext"/>
    <property name="java.class.version" value="52.0"/>
  </properties>
  <testcase name="testInstallCheckPoint" classname="org.apache.hadoop.hdds.scm.TestSCMInstallSnapshot" time="0.511"/>
  <testcase name="testInstallCheckPoint" classname="org.apache.hadoop.hdds.scm.TestSCMInstallSnapshot" time="0.344"/>
  <testcase name="testInstallCheckPoint" classname="org.apache.hadoop.hdds.scm.TestSCMInstallSnapshot" time="0.172"/>
  <testcase name="testInstallCheckPoint" classname="org.apache.hadoop.hdds.scm.TestSCMInstallSnapshot" time="0.188"/>
  <testcase name="testInstallCheckPoint" classname="org.apache.hadoop.hdds.scm.TestSCMInstallSnapshot" time="0.25"/>
  <testcase name="testInstallCheckPoint" classname="org.apache.hadoop.hdds.scm.TestSCMInstallSnapshot" time="0.287"/>
  <testcase name="" classname="org.apache.hadoop.hdds.scm.TestSCMInstallSnapshot" time="36.039">
    <failure type="java.lang.AssertionError"><![CDATA[java.lang.AssertionError: Found 4 leaked objects, check logs
	at org.apache.hadoop.hdds.utils.db.CodecBuffer.assertNoLeaks(CodecBuffer.java:101)
	at org.apache.hadoop.ozone.MiniOzoneClusterImpl.shutdown(MiniOzoneClusterImpl.java:451)
	at org.apache.hadoop.hdds.scm.TestSCMInstallSnapshot.shutdown(TestSCMInstallSnapshot.java:80)
	at sun.reflect.NativeMethodAccessorImpl.invoke0(Native Method)
	at sun.reflect.NativeMethodAccessorImpl.invoke(NativeMethodAccessorImpl.java:62)
	at sun.reflect.DelegatingMethodAccessorImpl.invoke(DelegatingMethodAccessorImpl.java:43)
	at java.lang.reflect.Method.invoke(Method.java:498)
	at org.junit.platform.commons.util.ReflectionUtils.invokeMethod(ReflectionUtils.java:725)
	at org.junit.jupiter.engine.execution.MethodInvocation.proceed(MethodInvocation.java:60)
	at org.junit.jupiter.engine.execution.InvocationInterceptorChain$ValidatingInvocation.proceed(InvocationInterceptorChain.java:131)
	at org.junit.jupiter.engine.extension.TimeoutExtension.intercept(TimeoutExtension.java:149)
	at org.junit.jupiter.engine.extension.TimeoutExtension.interceptLifecycleMethod(TimeoutExtension.java:126)
	at org.junit.jupiter.engine.extension.TimeoutExtension.interceptAfterAllMethod(TimeoutExtension.java:116)
	at org.junit.jupiter.engine.execution.ExecutableInvoker$ReflectiveInterceptorCall.lambda$ofVoidMethod$0(ExecutableInvoker.java:115)
	at org.junit.jupiter.engine.execution.ExecutableInvoker.lambda$invoke$0(ExecutableInvoker.java:105)
	at org.junit.jupiter.engine.execution.InvocationInterceptorChain$InterceptedInvocation.proceed(InvocationInterceptorChain.java:106)
	at org.junit.jupiter.engine.execution.InvocationInterceptorChain.proceed(InvocationInterceptorChain.java:64)
	at org.junit.jupiter.engine.execution.InvocationInterceptorChain.chainAndInvoke(InvocationInterceptorChain.java:45)
	at org.junit.jupiter.engine.execution.InvocationInterceptorChain.invoke(InvocationInterceptorChain.java:37)
	at org.junit.jupiter.engine.execution.ExecutableInvoker.invoke(ExecutableInvoker.java:104)
	at org.junit.jupiter.engine.execution.ExecutableInvoker.invoke(ExecutableInvoker.java:98)
	at org.junit.jupiter.engine.descriptor.ClassBasedTestDescriptor.lambda$invokeAfterAllMethods$13(ClassBasedTestDescriptor.java:425)
	at org.junit.platform.engine.support.hierarchical.ThrowableCollector.execute(ThrowableCollector.java:73)
	at org.junit.jupiter.engine.descriptor.ClassBasedTestDescriptor.lambda$invokeAfterAllMethods$14(ClassBasedTestDescriptor.java:423)
	at java.util.ArrayList.forEach(ArrayList.java:1259)
	at java.util.Collections$UnmodifiableCollection.forEach(Collections.java:1082)
	at org.junit.jupiter.engine.descriptor.ClassBasedTestDescriptor.invokeAfterAllMethods(ClassBasedTestDescriptor.java:423)
	at org.junit.jupiter.engine.descriptor.ClassBasedTestDescriptor.after(ClassBasedTestDescriptor.java:225)
	at org.junit.jupiter.engine.descriptor.ClassBasedTestDescriptor.after(ClassBasedTestDescriptor.java:80)
	at org.junit.platform.engine.support.hierarchical.NodeTestTask.lambda$executeRecursively$7(NodeTestTask.java:161)
	at org.junit.platform.engine.support.hierarchical.ThrowableCollector.execute(ThrowableCollector.java:73)
	at org.junit.platform.engine.support.hierarchical.NodeTestTask.lambda$executeRecursively$8(NodeTestTask.java:161)
	at org.junit.platform.engine.support.hierarchical.Node.around(Node.java:137)
	at org.junit.platform.engine.support.hierarchical.NodeTestTask.lambda$executeRecursively$9(NodeTestTask.java:139)
	at org.junit.platform.engine.support.hierarchical.ThrowableCollector.execute(ThrowableCollector.java:73)
	at org.junit.platform.engine.support.hierarchical.NodeTestTask.executeRecursively(NodeTestTask.java:138)
	at org.junit.platform.engine.support.hierarchical.NodeTestTask.execute(NodeTestTask.java:95)
	at java.util.ArrayList.forEach(ArrayList.java:1259)
	at org.junit.platform.engine.support.hierarchical.SameThreadHierarchicalTestExecutorService.invokeAll(SameThreadHierarchicalTestExecutorService.java:41)
	at org.junit.platform.engine.support.hierarchical.NodeTestTask.lambda$executeRecursively$6(NodeTestTask.java:155)
	at org.junit.platform.engine.support.hierarchical.ThrowableCollector.execute(ThrowableCollector.java:73)
	at org.junit.platform.engine.support.hierarchical.NodeTestTask.lambda$executeRecursively$8(NodeTestTask.java:141)
	at org.junit.platform.engine.support.hierarchical.Node.around(Node.java:137)
	at org.junit.platform.engine.support.hierarchical.NodeTestTask.lambda$executeRecursively$9(NodeTestTask.java:139)
	at org.junit.platform.engine.support.hierarchical.ThrowableCollector.execute(ThrowableCollector.java:73)
	at org.junit.platform.engine.support.hierarchical.NodeTestTask.executeRecursively(NodeTestTask.java:138)
	at org.junit.platform.engine.support.hierarchical.NodeTestTask.execute(NodeTestTask.java:95)
	at org.junit.platform.engine.support.hierarchical.SameThreadHierarchicalTestExecutorService.submit(SameThreadHierarchicalTestExecutorService.java:35)
	at org.junit.platform.engine.support.hierarchical.HierarchicalTestExecutor.execute(HierarchicalTestExecutor.java:57)
	at org.junit.platform.engine.support.hierarchical.HierarchicalTestEngine.execute(HierarchicalTestEngine.java:54)
	at org.junit.platform.launcher.core.EngineExecutionOrchestrator.execute(EngineExecutionOrchestrator.java:107)
	at org.junit.platform.launcher.core.EngineExecutionOrchestrator.execute(EngineExecutionOrchestrator.java:88)
	at org.junit.platform.launcher.core.EngineExecutionOrchestrator.lambda$execute$0(EngineExecutionOrchestrator.java:54)
	at org.junit.platform.launcher.core.EngineExecutionOrchestrator.withInterceptedStreams(EngineExecutionOrchestrator.java:67)
	at org.junit.platform.launcher.core.EngineExecutionOrchestrator.execute(EngineExecutionOrchestrator.java:52)
	at org.junit.platform.launcher.core.DefaultLauncher.execute(DefaultLauncher.java:114)
	at org.junit.platform.launcher.core.DefaultLauncher.execute(DefaultLauncher.java:86)
	at org.junit.platform.launcher.core.DefaultLauncherSession$DelegatingLauncher.execute(DefaultLauncherSession.java:86)
	at org.junit.platform.launcher.core.SessionPerRequestLauncher.execute(SessionPerRequestLauncher.java:53)
	at org.apache.maven.surefire.junitplatform.JUnitPlatformProvider.execute(JUnitPlatformProvider.java:188)
	at org.apache.maven.surefire.junitplatform.JUnitPlatformProvider.invokeAllTests(JUnitPlatformProvider.java:154)
	at org.apache.maven.surefire.junitplatform.JUnitPlatformProvider.invoke(JUnitPlatformProvider.java:124)
	at org.apache.maven.surefire.booter.ForkedBooter.runSuitesInProcess(ForkedBooter.java:428)
	at org.apache.maven.surefire.booter.ForkedBooter.execute(ForkedBooter.java:162)
	at org.apache.maven.surefire.booter.ForkedBooter.run(ForkedBooter.java:562)
	at org.apache.maven.surefire.booter.ForkedBooter.main(ForkedBooter.java:548)
]]></failure>
    <system-out><![CDATA[2023-06-05 07:26:19,982 [main] INFO  ozone.MiniOzoneClusterImpl (MiniOzoneClusterImpl.java:shutdown(442)) - Shutting down the Mini Ozone Cluster
2023-06-05 07:26:19,983 [main] INFO  ozone.MiniOzoneClusterImpl (MiniOzoneClusterImpl.java:stop(459)) - Stopping the Mini Ozone Cluster
2023-06-05 07:26:19,983 [main] INFO  ozone.MiniOzoneClusterImpl (MiniOzoneClusterImpl.java:stopOM(545)) - Stopping the OzoneManager
2023-06-05 07:26:19,983 [main] INFO  om.OzoneManager (OzoneManager.java:stop(2165)) - om1[localhost:15004]: Stopping Ozone Manager
2023-06-05 07:26:19,983 [main] INFO  ipc.Server (Server.java:stop(3501)) - Stopping server on 15004
2023-06-05 07:26:19,986 [IPC Server listener on 15004] INFO  ipc.Server (Server.java:run(1430)) - Stopping IPC Server listener on 15004
2023-06-05 07:26:19,988 [IPC Server Responder] INFO  ipc.Server (Server.java:run(1563)) - Stopping IPC Server Responder
2023-06-05 07:26:19,988 [main] INFO  server.RaftServer (RaftServerProxy.java:lambda$close$6(416)) - om1: close
2023-06-05 07:26:19,988 [main] INFO  server.GrpcService (GrpcService.java:closeImpl(311)) - om1: shutdown server GrpcServerProtocolService now
2023-06-05 07:26:19,988 [om1-impl-thread1] INFO  server.RaftServer$Division (RaftServerImpl.java:lambda$close$4(466)) - om1@group-C5BA1605619E: shutdown
2023-06-05 07:26:19,989 [om1-impl-thread1] INFO  util.JmxRegister (JmxRegister.java:unregister(73)) - Successfully un-registered JMX Bean with object name Ratis:service=RaftServer,group=group-C5BA1605619E,id=om1
2023-06-05 07:26:19,989 [om1-impl-thread1] INFO  impl.RoleInfo (RoleInfo.java:shutdownLeaderState(93)) - om1: shutdown om1@group-C5BA1605619E-LeaderStateImpl
2023-06-05 07:26:19,989 [om1-impl-thread1] INFO  impl.PendingRequests (PendingRequests.java:sendNotLeaderResponses(289)) - om1@group-C5BA1605619E-PendingRequests: sendNotLeaderResponses
2023-06-05 07:26:19,990 [main] INFO  server.GrpcService (GrpcService.java:closeImpl(320)) - om1: shutdown server GrpcServerProtocolService successfully
2023-06-05 07:26:19,990 [om1@group-C5BA1605619E-StateMachineUpdater] INFO  ratis.OzoneManagerStateMachine (OzoneManagerStateMachine.java:takeSnapshot(479)) - Current Snapshot Index (t:1, i:0)
2023-06-05 07:26:19,990 [om1-impl-thread1] INFO  impl.StateMachineUpdater (StateMachineUpdater.java:stopAndJoin(155)) - om1@group-C5BA1605619E-StateMachineUpdater: set stopIndex = 0
2023-06-05 07:26:20,006 [SCM Heartbeat Processing Thread - 0] WARN  node.NodeStateManager (NodeStateManager.java:scheduleNextHealthCheck(870)) - Current Thread is interrupted, shutting down HB processing thread for Node Manager.
2023-06-05 07:26:20,007 [b400aa98-5aac-4b59-bd22-6d1e81dc8f3b@group-BFC305D18FCB-StateMachineUpdater] INFO  server.StorageContainerManager (StorageContainerManager.java:stop(1583)) - Stopping block service RPC server
2023-06-05 07:26:20,008 [b400aa98-5aac-4b59-bd22-6d1e81dc8f3b@group-BFC305D18FCB-StateMachineUpdater] INFO  server.SCMBlockProtocolServer (SCMBlockProtocolServer.java:stop(161)) - Stopping the RPC server for Block Protocol
2023-06-05 07:26:20,008 [b400aa98-5aac-4b59-bd22-6d1e81dc8f3b@group-BFC305D18FCB-StateMachineUpdater] INFO  ipc.Server (Server.java:stop(3501)) - Stopping server on 15001
2023-06-05 07:26:20,011 [IPC Server Responder] INFO  ipc.Server (Server.java:run(1563)) - Stopping IPC Server Responder
2023-06-05 07:26:20,011 [IPC Server listener on 15001] INFO  ipc.Server (Server.java:run(1430)) - Stopping IPC Server listener on 15001
2023-06-05 07:26:20,012 [b400aa98-5aac-4b59-bd22-6d1e81dc8f3b@group-BFC305D18FCB-StateMachineUpdater] INFO  server.StorageContainerManager (StorageContainerManager.java:stop(1590)) - Stopping the StorageContainerLocationProtocol RPC server
2023-06-05 07:26:20,013 [b400aa98-5aac-4b59-bd22-6d1e81dc8f3b@group-BFC305D18FCB-StateMachineUpdater] INFO  server.SCMClientProtocolServer (SCMClientProtocolServer.java:stop(208)) - Stopping the RPC server for Client Protocol
2023-06-05 07:26:20,013 [b400aa98-5aac-4b59-bd22-6d1e81dc8f3b@group-BFC305D18FCB-StateMachineUpdater] INFO  ipc.Server (Server.java:stop(3501)) - Stopping server on 15000
2023-06-05 07:26:20,015 [IPC Server Responder] INFO  ipc.Server (Server.java:run(1563)) - Stopping IPC Server Responder
2023-06-05 07:26:20,015 [IPC Server listener on 15000] INFO  ipc.Server (Server.java:run(1430)) - Stopping IPC Server listener on 15000
2023-06-05 07:26:20,018 [b400aa98-5aac-4b59-bd22-6d1e81dc8f3b@group-BFC305D18FCB-StateMachineUpdater] INFO  server.StorageContainerManager (StorageContainerManager.java:stop(1597)) - Stopping Storage Container Manager HTTP server.
2023-06-05 07:26:20,022 [b400aa98-5aac-4b59-bd22-6d1e81dc8f3b@group-BFC305D18FCB-StateMachineUpdater] INFO  handler.ContextHandler (ContextHandler.java:doStop(1159)) - Stopped o.e.j.w.WebAppContext@6178ac9d{scm,/,null,STOPPED}{file:/home/runner/work/ozone/ozone/hadoop-ozone/integration-test/target/test-classes/webapps/scm}
2023-06-05 07:26:20,027 [b400aa98-5aac-4b59-bd22-6d1e81dc8f3b@group-BFC305D18FCB-StateMachineUpdater] INFO  server.AbstractConnector (AbstractConnector.java:doStop(383)) - Stopped ServerConnector@77e42cbf{HTTP/1.1, (http/1.1)}{0.0.0.0:15003}
2023-06-05 07:26:20,027 [b400aa98-5aac-4b59-bd22-6d1e81dc8f3b@group-BFC305D18FCB-StateMachineUpdater] INFO  server.session (HouseKeeper.java:stopScavenging(149)) - node0 Stopped scavenging
2023-06-05 07:26:20,028 [om1@group-C5BA1605619E-StateMachineUpdater] INFO  impl.StateMachineUpdater (StateMachineUpdater.java:takeSnapshot(291)) - om1@group-C5BA1605619E-StateMachineUpdater: Took a snapshot at index 0
2023-06-05 07:26:20,028 [om1@group-C5BA1605619E-StateMachineUpdater] INFO  impl.StateMachineUpdater (StateMachineUpdater.java:lambda$new$0(97)) - om1@group-C5BA1605619E-StateMachineUpdater: snapshotIndex: updateIncreasingly -1 -> 0
2023-06-05 07:26:20,028 [om1@group-C5BA1605619E-StateMachineUpdater] INFO  ratis.OzoneManagerStateMachine (OzoneManagerStateMachine.java:close(533)) - StateMachine has shutdown. Shutdown OzoneManager if not already shutdown.
2023-06-05 07:26:20,028 [om1@group-C5BA1605619E-StateMachineUpdater] INFO  ratis.OzoneManagerDoubleBuffer (OzoneManagerDoubleBuffer.java:stopDaemon(559)) - Stopping OMDoubleBuffer flush thread
2023-06-05 07:26:20,029 [OMDoubleBufferFlushThread] INFO  ratis.OzoneManagerDoubleBuffer (OzoneManagerDoubleBuffer.java:canFlush(648)) - OMDoubleBuffer flush thread OMDoubleBufferFlushThread is interrupted and will exit.
2023-06-05 07:26:20,030 [om1-impl-thread1] INFO  server.RaftServer$Division (ServerState.java:close(472)) - om1@group-C5BA1605619E: closes. applyIndex: 0
2023-06-05 07:26:20,030 [b400aa98-5aac-4b59-bd22-6d1e81dc8f3b@group-BFC305D18FCB-StateMachineUpdater] INFO  handler.ContextHandler (ContextHandler.java:doStop(1159)) - Stopped o.e.j.s.ServletContextHandler@79e3f444{static,/static,file:///home/runner/work/ozone/ozone/hadoop-ozone/integration-test/target/test-classes/webapps/static,STOPPED}
2023-06-05 07:26:20,032 [b400aa98-5aac-4b59-bd22-6d1e81dc8f3b@group-BFC305D18FCB-StateMachineUpdater] INFO  handler.ContextHandler (ContextHandler.java:doStop(1159)) - Stopped o.e.j.s.ServletContextHandler@693c7741{logs,/logs,file:///home/runner/work/ozone/ozone/hadoop-ozone/integration-test/target/log,STOPPED}
2023-06-05 07:26:20,035 [b400aa98-5aac-4b59-bd22-6d1e81dc8f3b@group-BFC305D18FCB-StateMachineUpdater] INFO  server.StorageContainerManager (StorageContainerManager.java:stop(1605)) - Stopping SCM LayoutVersionManager Service.
2023-06-05 07:26:20,035 [b400aa98-5aac-4b59-bd22-6d1e81dc8f3b@group-BFC305D18FCB-StateMachineUpdater] INFO  server.StorageContainerManager (StorageContainerManager.java:stop(1613)) - Stopping Block Manager Service.
2023-06-05 07:26:20,035 [b400aa98-5aac-4b59-bd22-6d1e81dc8f3b@group-BFC305D18FCB-StateMachineUpdater] INFO  utils.BackgroundService (BackgroundService.java:shutdown(141)) - Shutting down service SCMBlockDeletingService
2023-06-05 07:26:20,035 [b400aa98-5aac-4b59-bd22-6d1e81dc8f3b@group-BFC305D18FCB-StateMachineUpdater] INFO  utils.BackgroundService (BackgroundService.java:shutdown(141)) - Shutting down service SCMBlockDeletingService
2023-06-05 07:26:20,037 [b400aa98-5aac-4b59-bd22-6d1e81dc8f3b@group-BFC305D18FCB-StateMachineUpdater] INFO  server.StorageContainerManager (StorageContainerManager.java:stop(1635)) - Stopping SCM Event Queue.
2023-06-05 07:26:20,040 [b400aa98-5aac-4b59-bd22-6d1e81dc8f3b@group-BFC305D18FCB-StateMachineUpdater] INFO  server.StorageContainerManager (StorageContainerManager.java:stop(1646)) - Stopping SCM HA services.
2023-06-05 07:26:20,041 [b400aa98-5aac-4b59-bd22-6d1e81dc8f3b@group-BFC305D18FCB-StateMachineUpdater] INFO  ha.SCMRatisServerImpl (SCMRatisServerImpl.java:stop(254)) - stopping ratis server 0.0.0.0:9894
2023-06-05 07:26:20,041 [b400aa98-5aac-4b59-bd22-6d1e81dc8f3b@group-BFC305D18FCB-StateMachineUpdater] INFO  server.RaftServer (RaftServerProxy.java:lambda$close$6(416)) - b400aa98-5aac-4b59-bd22-6d1e81dc8f3b: close
2023-06-05 07:26:20,045 [b400aa98-5aac-4b59-bd22-6d1e81dc8f3b@group-BFC305D18FCB-StateMachineUpdater] INFO  server.GrpcService (GrpcService.java:closeImpl(311)) - b400aa98-5aac-4b59-bd22-6d1e81dc8f3b: shutdown server GrpcServerProtocolService now
2023-06-05 07:26:20,046 [b400aa98-5aac-4b59-bd22-6d1e81dc8f3b@group-BFC305D18FCB-StateMachineUpdater] INFO  server.GrpcService (GrpcService.java:closeImpl(320)) - b400aa98-5aac-4b59-bd22-6d1e81dc8f3b: shutdown server GrpcServerProtocolService successfully
2023-06-05 07:26:20,046 [JvmPauseMonitor1] INFO  util.JvmPauseMonitor (JvmPauseMonitor.java:run(109)) - JvmPauseMonitor-b400aa98-5aac-4b59-bd22-6d1e81dc8f3b: Stopped
2023-06-05 07:26:20,048 [b400aa98-5aac-4b59-bd22-6d1e81dc8f3b@group-BFC305D18FCB-StateMachineUpdater] INFO  SCMHATransactionMonitor (BackgroundSCMService.java:stop(131)) - Stopping SCMHATransactionMonitor Service.
2023-06-05 07:26:20,048 [SCMHATransactionMonitorThread] WARN  SCMHATransactionMonitor (BackgroundSCMService.java:run(115)) - SCMHATransactionMonitor is interrupted, exit
2023-06-05 07:26:20,049 [b400aa98-5aac-4b59-bd22-6d1e81dc8f3b@group-BFC305D18FCB-StateMachineUpdater] INFO  pipeline.BackgroundPipelineCreator (BackgroundPipelineCreator.java:stop(149)) - Stopping RatisPipelineUtilsThread.
2023-06-05 07:26:20,049 [RatisPipelineUtilsThread - 0] WARN  pipeline.BackgroundPipelineCreator (BackgroundPipelineCreator.java:run(180)) - RatisPipelineUtilsThread is interrupted.
2023-06-05 07:26:20,049 [b400aa98-5aac-4b59-bd22-6d1e81dc8f3b@group-BFC305D18FCB-StateMachineUpdater] INFO  BackgroundPipelineScrubber (BackgroundSCMService.java:stop(131)) - Stopping BackgroundPipelineScrubber Service.
2023-06-05 07:26:20,049 [BackgroundPipelineScrubberThread] WARN  BackgroundPipelineScrubber (BackgroundSCMService.java:run(115)) - BackgroundPipelineScrubber is interrupted, exit
2023-06-05 07:26:20,050 [b400aa98-5aac-4b59-bd22-6d1e81dc8f3b@group-BFC305D18FCB-StateMachineUpdater] INFO  impl.MetricsSystemImpl (MetricsSystemImpl.java:stop(210)) - Stopping HddsDatanode metrics system...
2023-06-05 07:26:20,052 [prometheus] INFO  impl.MetricsSinkAdapter (MetricsSinkAdapter.java:publishMetricsFromQueue(141)) - prometheus thread interrupted.
2023-06-05 07:26:20,052 [b400aa98-5aac-4b59-bd22-6d1e81dc8f3b@group-BFC305D18FCB-StateMachineUpdater] INFO  impl.MetricsSystemImpl (MetricsSystemImpl.java:stop(216)) - HddsDatanode metrics system stopped.
2023-06-05 07:26:20,053 [b400aa98-5aac-4b59-bd22-6d1e81dc8f3b@group-BFC305D18FCB-StateMachineUpdater] WARN  pipeline.BackgroundPipelineCreator (BackgroundPipelineCreator.java:stop(145)) - RatisPipelineUtilsThread is not running, just ignore.
2023-06-05 07:26:20,053 [b400aa98-5aac-4b59-bd22-6d1e81dc8f3b@group-BFC305D18FCB-StateMachineUpdater] INFO  BackgroundPipelineScrubber (BackgroundSCMService.java:stop(126)) - BackgroundPipelineScrubber Service is not running, skip stop.
2023-06-05 07:26:20,053 [ExpiredContainerReplicaOpScrubberThread] WARN  ExpiredContainerReplicaOpScrubber (BackgroundSCMService.java:run(115)) - ExpiredContainerReplicaOpScrubber is interrupted, exit
2023-06-05 07:26:20,053 [b400aa98-5aac-4b59-bd22-6d1e81dc8f3b@group-BFC305D18FCB-StateMachineUpdater] INFO  ExpiredContainerReplicaOpScrubber (BackgroundSCMService.java:stop(131)) - Stopping ExpiredContainerReplicaOpScrubber Service.
2023-06-05 07:26:20,055 [b400aa98-5aac-4b59-bd22-6d1e81dc8f3b@group-BFC305D18FCB-StateMachineUpdater] INFO  utils.BackgroundService (BackgroundService.java:shutdown(141)) - Shutting down service SCMBlockDeletingService
2023-06-05 07:26:20,055 [b400aa98-5aac-4b59-bd22-6d1e81dc8f3b@group-BFC305D18FCB-StateMachineUpdater] INFO  replication.ReplicationManager (ReplicationManager.java:stop(342)) - Replication Monitor Thread is not running.
2023-06-05 07:26:20,055 [b400aa98-5aac-4b59-bd22-6d1e81dc8f3b@group-BFC305D18FCB-StateMachineUpdater] WARN  balancer.ContainerBalancer (ContainerBalancer.java:stop(328)) - Cannot stop Container Balancer because it's not running or stopping
2023-06-05 07:26:20,057 [b400aa98-5aac-4b59-bd22-6d1e81dc8f3b@group-BFC305D18FCB-StateMachineUpdater] INFO  SCMHATransactionMonitor (BackgroundSCMService.java:stop(126)) - SCMHATransactionMonitor Service is not running, skip stop.
2023-06-05 07:26:20,057 [Lease Manager-LeaseManager#LeaseMonitor] WARN  lease.LeaseManager (LeaseManager.java:run(272)) - Lease manager is interrupted. Shutting down...
java.lang.InterruptedException
	at java.util.concurrent.locks.AbstractQueuedSynchronizer.doAcquireSharedNanos(AbstractQueuedSynchronizer.java:1039)
	at java.util.concurrent.locks.AbstractQueuedSynchronizer.tryAcquireSharedNanos(AbstractQueuedSynchronizer.java:1328)
	at java.util.concurrent.Semaphore.tryAcquire(Semaphore.java:409)
	at org.apache.hadoop.ozone.lease.LeaseManager$LeaseMonitor.run(LeaseManager.java:270)
	at java.lang.Thread.run(Thread.java:750)
2023-06-05 07:26:20,058 [b400aa98-5aac-4b59-bd22-6d1e81dc8f3b@group-BFC305D18FCB-StateMachineUpdater] INFO  server.StorageContainerManager (StorageContainerManager.java:stop(1681)) - Stopping SCM MetadataStore.
2023-06-05 07:26:20,059 [b400aa98-5aac-4b59-bd22-6d1e81dc8f3b@group-BFC305D18FCB-StateMachineUpdater] INFO  server.StorageContainerManager (ExitUtils.java:terminate(131)) - Terminating with exit status 0: scm statemachine is closed by ratis, terminate SCM
2023-06-05 07:26:20,059 [b400aa98-5aac-4b59-bd22-6d1e81dc8f3b@group-BFC305D18FCB-StateMachineUpdater] WARN  impl.StateMachineUpdater (StateMachineUpdater.java:stop(139)) - b400aa98-5aac-4b59-bd22-6d1e81dc8f3b@group-BFC305D18FCB-StateMachineUpdater: Failed to close SCMStateMachine SCMStateMachine:b400aa98-5aac-4b59-bd22-6d1e81dc8f3b:group-BFC305D18FCB
org.apache.ratis.util.ExitUtils$ExitException: scm statemachine is closed by ratis, terminate SCM
	at org.apache.ratis.util.ExitUtils.terminate(ExitUtils.java:141)
	at org.apache.ratis.util.ExitUtils.terminate(ExitUtils.java:151)
	at org.apache.ratis.util.ExitUtils.terminate(ExitUtils.java:155)
	at org.apache.hadoop.hdds.scm.server.StorageContainerManager.shutDown(StorageContainerManager.java:1700)
	at org.apache.hadoop.hdds.scm.ha.SCMStateMachine.close(SCMStateMachine.java:423)
	at org.apache.ratis.server.impl.StateMachineUpdater.stop(StateMachineUpdater.java:134)
	at org.apache.ratis.server.impl.StateMachineUpdater.stopAndJoin(StateMachineUpdater.java:150)
	at org.apache.ratis.server.impl.ServerState.close(ServerState.java:467)
	at org.apache.ratis.server.impl.RaftServerImpl.lambda$close$4(RaftServerImpl.java:488)
	at org.apache.ratis.util.LifeCycle.lambda$checkStateAndClose$4(LifeCycle.java:299)
	at org.apache.ratis.util.LifeCycle.checkStateAndClose(LifeCycle.java:319)
	at org.apache.ratis.util.LifeCycle.checkStateAndClose(LifeCycle.java:297)
	at org.apache.ratis.server.impl.RaftServerImpl.close(RaftServerImpl.java:465)
	at org.apache.ratis.server.impl.StateMachineUpdater.run(StateMachineUpdater.java:197)
	at java.lang.Thread.run(Thread.java:750)
2023-06-05 07:26:20,059 [b400aa98-5aac-4b59-bd22-6d1e81dc8f3b@group-BFC305D18FCB-StateMachineUpdater] INFO  server.RaftServer$Division (ServerState.java:close(472)) - b400aa98-5aac-4b59-bd22-6d1e81dc8f3b@group-BFC305D18FCB: closes. applyIndex: 100
2023-06-05 07:26:20,320 [EndpointStateMachine task thread for /0.0.0.0:15002 - 0 ] WARN  statemachine.EndpointStateMachine (EndpointStateMachine.java:logIfNeeded(242)) - Unable to communicate to SCM server at 0.0.0.0:15002 for past 0 seconds.
java.io.EOFException: End of File Exception between local host is: "fv-az213-677/10.1.0.81"; destination host is: "0.0.0.0":15002; : java.io.EOFException; For more details see:  http://wiki.apache.org/hadoop/EOFException
	at sun.reflect.NativeConstructorAccessorImpl.newInstance0(Native Method)
	at sun.reflect.NativeConstructorAccessorImpl.newInstance(NativeConstructorAccessorImpl.java:62)
	at sun.reflect.DelegatingConstructorAccessorImpl.newInstance(DelegatingConstructorAccessorImpl.java:45)
	at java.lang.reflect.Constructor.newInstance(Constructor.java:423)
	at org.apache.hadoop.net.NetUtils.wrapWithMessage(NetUtils.java:930)
	at org.apache.hadoop.net.NetUtils.wrapException(NetUtils.java:879)
	at org.apache.hadoop.ipc.Client.getRpcResponse(Client.java:1588)
	at org.apache.hadoop.ipc.Client.call(Client.java:1530)
	at org.apache.hadoop.ipc.Client.call(Client.java:1427)
	at org.apache.hadoop.ipc.ProtobufRpcEngine$Invoker.invoke(ProtobufRpcEngine.java:250)
	at org.apache.hadoop.ipc.ProtobufRpcEngine$Invoker.invoke(ProtobufRpcEngine.java:132)
	at com.sun.proxy.$Proxy54.submitRequest(Unknown Source)
	at org.apache.hadoop.ozone.protocolPB.StorageContainerDatanodeProtocolClientSideTranslatorPB.submitRequest(StorageContainerDatanodeProtocolClientSideTranslatorPB.java:117)
	at org.apache.hadoop.ozone.protocolPB.StorageContainerDatanodeProtocolClientSideTranslatorPB.sendHeartbeat(StorageContainerDatanodeProtocolClientSideTranslatorPB.java:149)
	at org.apache.hadoop.ozone.container.common.states.endpoint.HeartbeatEndpointTask.call(HeartbeatEndpointTask.java:185)
	at org.apache.hadoop.ozone.container.common.states.endpoint.HeartbeatEndpointTask.call(HeartbeatEndpointTask.java:87)
	at java.util.concurrent.FutureTask.run(FutureTask.java:266)
	at java.util.concurrent.ThreadPoolExecutor.runWorker(ThreadPoolExecutor.java:1149)
	at java.util.concurrent.ThreadPoolExecutor$Worker.run(ThreadPoolExecutor.java:624)
	at java.lang.Thread.run(Thread.java:750)
Caused by: java.io.EOFException
	at java.io.DataInputStream.readInt(DataInputStream.java:392)
	at org.apache.hadoop.ipc.Client$IpcStreams.readResponse(Client.java:1923)
	at org.apache.hadoop.ipc.Client$Connection.receiveRpcResponse(Client.java:1204)
	at org.apache.hadoop.ipc.Client$Connection.run(Client.java:1095)
2023-06-05 07:26:20,460 [om1-impl-thread1] INFO  segmented.SegmentedRaftLogWorker (SegmentedRaftLogWorker.java:close(252)) - om1@group-C5BA1605619E-SegmentedRaftLogWorker close()
2023-06-05 07:26:20,460 [JvmPauseMonitor2] INFO  util.JvmPauseMonitor (JvmPauseMonitor.java:run(109)) - JvmPauseMonitor-om1: Stopped
2023-06-05 07:26:20,461 [main] INFO  ratis.OzoneManagerStateMachine (OzoneManagerStateMachine.java:close(533)) - StateMachine has shutdown. Shutdown OzoneManager if not already shutdown.
2023-06-05 07:26:20,461 [main] INFO  ratis.OzoneManagerDoubleBuffer (OzoneManagerDoubleBuffer.java:stopDaemon(568)) - OMDoubleBuffer flush thread is not running.
2023-06-05 07:26:20,461 [main] INFO  utils.BackgroundService (BackgroundService.java:shutdown(141)) - Shutting down service KeyDeletingService
2023-06-05 07:26:20,462 [main] INFO  utils.BackgroundService (BackgroundService.java:shutdown(141)) - Shutting down service KeyDeletingService
2023-06-05 07:26:20,462 [main] INFO  utils.BackgroundService (BackgroundService.java:shutdown(141)) - Shutting down service OpenKeyCleanupService
2023-06-05 07:26:20,463 [main] INFO  utils.BackgroundService (BackgroundService.java:shutdown(141)) - Shutting down service SstFilteringService
2023-06-05 07:26:20,463 [main] INFO  utils.BackgroundService (BackgroundService.java:shutdown(141)) - Shutting down service SnapshotDeletingService
2023-06-05 07:26:20,464 [main] INFO  handler.ContextHandler (ContextHandler.java:doStop(1159)) - Stopped o.e.j.w.WebAppContext@53b4aa{ozoneManager,/,null,STOPPED}{file:/home/runner/work/ozone/ozone/hadoop-ozone/integration-test/target/test-classes/webapps/ozoneManager}
2023-06-05 07:26:20,466 [main] INFO  server.AbstractConnector (AbstractConnector.java:doStop(383)) - Stopped ServerConnector@5623e0fd{HTTP/1.1, (http/1.1)}{0.0.0.0:15005}
2023-06-05 07:26:20,466 [main] INFO  server.session (HouseKeeper.java:stopScavenging(149)) - node0 Stopped scavenging
2023-06-05 07:26:20,467 [main] INFO  handler.ContextHandler (ContextHandler.java:doStop(1159)) - Stopped o.e.j.s.ServletContextHandler@6ed91d1d{static,/static,file:///home/runner/work/ozone/ozone/hadoop-ozone/integration-test/target/test-classes/webapps/static,STOPPED}
2023-06-05 07:26:20,467 [main] INFO  handler.ContextHandler (ContextHandler.java:doStop(1159)) - Stopped o.e.j.s.ServletContextHandler@6651dc63{logs,/logs,file:///home/runner/work/ozone/ozone/hadoop-ozone/integration-test/target/log,STOPPED}
2023-06-05 07:26:20,470 [main] INFO  snapshot.SnapshotDiffManager (SnapshotDiffManager.java:closeExecutorService(1278)) - Shutting down executorService: 'SnapDiffExecutor'
2023-06-05 07:26:20,470 [main] INFO  utils.BackgroundService (BackgroundService.java:shutdown(141)) - Shutting down service SnapshotDiffCleanupService
2023-06-05 07:26:20,474 [main] INFO  ozone.MiniOzoneClusterImpl (MiniOzoneClusterImpl.java:stopDatanodes(522)) - Stopping the HddsDatanodes
2023-06-05 07:26:20,477 [main] INFO  ozoneimpl.OzoneContainer (OzoneContainer.java:stop(420)) - Attempting to stop container services.
2023-06-05 07:26:20,478 [main] INFO  server.RaftServer (RaftServerProxy.java:lambda$close$6(416)) - 5bb5d6d2-e2a9-4953-beec-13a0826d9440: close
2023-06-05 07:26:20,478 [5bb5d6d2-e2a9-4953-beec-13a0826d9440-impl-thread1] INFO  server.RaftServer$Division (RaftServerImpl.java:lambda$close$4(466)) - 5bb5d6d2-e2a9-4953-beec-13a0826d9440@group-2D37428C69E0: shutdown
2023-06-05 07:26:20,478 [5bb5d6d2-e2a9-4953-beec-13a0826d9440-impl-thread1] INFO  util.JmxRegister (JmxRegister.java:unregister(73)) - Successfully un-registered JMX Bean with object name Ratis:service=RaftServer,group=group-2D37428C69E0,id=5bb5d6d2-e2a9-4953-beec-13a0826d9440
2023-06-05 07:26:20,478 [5bb5d6d2-e2a9-4953-beec-13a0826d9440-impl-thread1] INFO  impl.RoleInfo (RoleInfo.java:shutdownLeaderState(93)) - 5bb5d6d2-e2a9-4953-beec-13a0826d9440: shutdown 5bb5d6d2-e2a9-4953-beec-13a0826d9440@group-2D37428C69E0-LeaderStateImpl
2023-06-05 07:26:20,479 [5bb5d6d2-e2a9-4953-beec-13a0826d9440-impl-thread1] INFO  impl.PendingRequests (PendingRequests.java:sendNotLeaderResponses(289)) - 5bb5d6d2-e2a9-4953-beec-13a0826d9440@group-2D37428C69E0-PendingRequests: sendNotLeaderResponses
2023-06-05 07:26:20,479 [5bb5d6d2-e2a9-4953-beec-13a0826d9440-impl-thread1] INFO  impl.StateMachineUpdater (StateMachineUpdater.java:stopAndJoin(155)) - 5bb5d6d2-e2a9-4953-beec-13a0826d9440@group-2D37428C69E0-StateMachineUpdater: set stopIndex = 0
2023-06-05 07:26:20,479 [5bb5d6d2-e2a9-4953-beec-13a0826d9440@group-2D37428C69E0-StateMachineUpdater] INFO  ratis.ContainerStateMachine (ContainerStateMachine.java:takeSnapshot(330)) - group-2D37428C69E0: Taking a snapshot at:(t:1, i:0) file /home/runner/work/ozone/ozone/hadoop-ozone/integration-test/target/test-dir/MiniOzoneClusterImpl-235fc6e4-45fd-4a82-9055-bfc305d18fcb/datanode-1/data/ratis/9b19e9dc-919d-4bb4-9c40-2d37428c69e0/sm/snapshot.1_0
2023-06-05 07:26:20,482 [5bb5d6d2-e2a9-4953-beec-13a0826d9440-impl-thread2] INFO  server.RaftServer$Division (RaftServerImpl.java:lambda$close$4(466)) - 5bb5d6d2-e2a9-4953-beec-13a0826d9440@group-543C556812B0: shutdown
2023-06-05 07:26:20,482 [5bb5d6d2-e2a9-4953-beec-13a0826d9440-impl-thread2] INFO  util.JmxRegister (JmxRegister.java:unregister(73)) - Successfully un-registered JMX Bean with object name Ratis:service=RaftServer,group=group-543C556812B0,id=5bb5d6d2-e2a9-4953-beec-13a0826d9440
2023-06-05 07:26:20,482 [5bb5d6d2-e2a9-4953-beec-13a0826d9440-impl-thread2] INFO  impl.RoleInfo (RoleInfo.java:shutdownFollowerState(110)) - 5bb5d6d2-e2a9-4953-beec-13a0826d9440: shutdown 5bb5d6d2-e2a9-4953-beec-13a0826d9440@group-543C556812B0-FollowerState
2023-06-05 07:26:20,482 [main] INFO  server.GrpcService (GrpcService.java:closeImpl(311)) - 5bb5d6d2-e2a9-4953-beec-13a0826d9440: shutdown server org.apache.ratis.grpc.server.GrpcClientProtocolService now
2023-06-05 07:26:20,484 [5bb5d6d2-e2a9-4953-beec-13a0826d9440-impl-thread3] INFO  server.RaftServer$Division (RaftServerImpl.java:lambda$close$4(466)) - 5bb5d6d2-e2a9-4953-beec-13a0826d9440@group-7ED33304D20F: shutdown
2023-06-05 07:26:20,484 [5bb5d6d2-e2a9-4953-beec-13a0826d9440-impl-thread3] INFO  util.JmxRegister (JmxRegister.java:unregister(73)) - Successfully un-registered JMX Bean with object name Ratis:service=RaftServer,group=group-7ED33304D20F,id=5bb5d6d2-e2a9-4953-beec-13a0826d9440
2023-06-05 07:26:20,484 [5bb5d6d2-e2a9-4953-beec-13a0826d9440-impl-thread3] INFO  impl.RoleInfo (RoleInfo.java:shutdownFollowerState(110)) - 5bb5d6d2-e2a9-4953-beec-13a0826d9440: shutdown 5bb5d6d2-e2a9-4953-beec-13a0826d9440@group-7ED33304D20F-FollowerState
2023-06-05 07:26:20,485 [5bb5d6d2-e2a9-4953-beec-13a0826d9440-impl-thread2] INFO  impl.StateMachineUpdater (StateMachineUpdater.java:stopAndJoin(155)) - 5bb5d6d2-e2a9-4953-beec-13a0826d9440@group-543C556812B0-StateMachineUpdater: set stopIndex = -1
2023-06-05 07:26:20,485 [5bb5d6d2-e2a9-4953-beec-13a0826d9440@group-543C556812B0-FollowerState] INFO  impl.FollowerState (FollowerState.java:run(152)) - 5bb5d6d2-e2a9-4953-beec-13a0826d9440@group-543C556812B0-FollowerState was interrupted
2023-06-05 07:26:20,485 [5bb5d6d2-e2a9-4953-beec-13a0826d9440-impl-thread2] INFO  server.RaftServer$Division (ServerState.java:close(472)) - 5bb5d6d2-e2a9-4953-beec-13a0826d9440@group-543C556812B0: closes. applyIndex: -1
2023-06-05 07:26:20,490 [5bb5d6d2-e2a9-4953-beec-13a0826d9440-impl-thread3] INFO  impl.StateMachineUpdater (StateMachineUpdater.java:stopAndJoin(155)) - 5bb5d6d2-e2a9-4953-beec-13a0826d9440@group-7ED33304D20F-StateMachineUpdater: set stopIndex = -1
2023-06-05 07:26:20,490 [5bb5d6d2-e2a9-4953-beec-13a0826d9440@group-7ED33304D20F-FollowerState] INFO  impl.FollowerState (FollowerState.java:run(152)) - 5bb5d6d2-e2a9-4953-beec-13a0826d9440@group-7ED33304D20F-FollowerState was interrupted
2023-06-05 07:26:20,490 [ForkJoinPool.commonPool-worker-0] INFO  ozoneimpl.OzoneContainer (OzoneContainer.java:stop(420)) - Attempting to stop container services.
2023-06-05 07:26:20,491 [5bb5d6d2-e2a9-4953-beec-13a0826d9440-impl-thread3] INFO  server.RaftServer$Division (ServerState.java:close(472)) - 5bb5d6d2-e2a9-4953-beec-13a0826d9440@group-7ED33304D20F: closes. applyIndex: -1
2023-06-05 07:26:20,491 [ForkJoinPool.commonPool-worker-0] INFO  server.RaftServer (RaftServerProxy.java:lambda$close$6(416)) - 1439b363-7471-4720-b7e0-c54cb055d15b: close
2023-06-05 07:26:20,492 [1439b363-7471-4720-b7e0-c54cb055d15b-impl-thread1] INFO  server.RaftServer$Division (RaftServerImpl.java:lambda$close$4(466)) - 1439b363-7471-4720-b7e0-c54cb055d15b@group-07437F925045: shutdown
2023-06-05 07:26:20,493 [1439b363-7471-4720-b7e0-c54cb055d15b-impl-thread1] INFO  util.JmxRegister (JmxRegister.java:unregister(73)) - Successfully un-registered JMX Bean with object name Ratis:service=RaftServer,group=group-07437F925045,id=1439b363-7471-4720-b7e0-c54cb055d15b
2023-06-05 07:26:20,493 [1439b363-7471-4720-b7e0-c54cb055d15b-impl-thread1] INFO  impl.RoleInfo (RoleInfo.java:shutdownLeaderState(93)) - 1439b363-7471-4720-b7e0-c54cb055d15b: shutdown 1439b363-7471-4720-b7e0-c54cb055d15b@group-07437F925045-LeaderStateImpl
2023-06-05 07:26:20,493 [1439b363-7471-4720-b7e0-c54cb055d15b-impl-thread1] INFO  impl.PendingRequests (PendingRequests.java:sendNotLeaderResponses(289)) - 1439b363-7471-4720-b7e0-c54cb055d15b@group-07437F925045-PendingRequests: sendNotLeaderResponses
2023-06-05 07:26:20,493 [1439b363-7471-4720-b7e0-c54cb055d15b-impl-thread1] INFO  impl.StateMachineUpdater (StateMachineUpdater.java:stopAndJoin(155)) - 1439b363-7471-4720-b7e0-c54cb055d15b@group-07437F925045-StateMachineUpdater: set stopIndex = 0
2023-06-05 07:26:20,490 [Thread-387] INFO  server.GrpcServerProtocolClient (GrpcServerProtocolClient.java:close(103)) - 1439b363-7471-4720-b7e0-c54cb055d15b Close channels
2023-06-05 07:26:20,493 [1439b363-7471-4720-b7e0-c54cb055d15b@group-07437F925045-StateMachineUpdater] INFO  ratis.ContainerStateMachine (ContainerStateMachine.java:takeSnapshot(330)) - group-07437F925045: Taking a snapshot at:(t:1, i:0) file /home/runner/work/ozone/ozone/hadoop-ozone/integration-test/target/test-dir/MiniOzoneClusterImpl-235fc6e4-45fd-4a82-9055-bfc305d18fcb/datanode-0/data/ratis/b25d8c0c-e977-4b48-9671-07437f925045/sm/snapshot.1_0
2023-06-05 07:26:20,495 [ForkJoinPool.commonPool-worker-0] INFO  server.GrpcService (GrpcService.java:closeImpl(311)) - 1439b363-7471-4720-b7e0-c54cb055d15b: shutdown server org.apache.ratis.grpc.server.GrpcClientProtocolService now
2023-06-05 07:26:20,499 [Thread-389] INFO  server.GrpcServerProtocolClient (GrpcServerProtocolClient.java:close(103)) - 6153d8d4-7aad-4aad-a548-3f370aa4ef05 Close channels
2023-06-05 07:26:20,502 [1439b363-7471-4720-b7e0-c54cb055d15b-impl-thread3] INFO  server.RaftServer$Division (RaftServerImpl.java:lambda$close$4(466)) - 1439b363-7471-4720-b7e0-c54cb055d15b@group-7ED33304D20F: shutdown
2023-06-05 07:26:20,506 [1439b363-7471-4720-b7e0-c54cb055d15b-impl-thread3] INFO  util.JmxRegister (JmxRegister.java:unregister(73)) - Successfully un-registered JMX Bean with object name Ratis:service=RaftServer,group=group-7ED33304D20F,id=1439b363-7471-4720-b7e0-c54cb055d15b
2023-06-05 07:26:20,506 [1439b363-7471-4720-b7e0-c54cb055d15b-impl-thread3] INFO  impl.RoleInfo (RoleInfo.java:shutdownLeaderState(93)) - 1439b363-7471-4720-b7e0-c54cb055d15b: shutdown 1439b363-7471-4720-b7e0-c54cb055d15b@group-7ED33304D20F-LeaderStateImpl
2023-06-05 07:26:20,506 [1439b363-7471-4720-b7e0-c54cb055d15b-impl-thread3] INFO  impl.PendingRequests (PendingRequests.java:sendNotLeaderResponses(289)) - 1439b363-7471-4720-b7e0-c54cb055d15b@group-7ED33304D20F-PendingRequests: sendNotLeaderResponses
2023-06-05 07:26:20,506 [1439b363-7471-4720-b7e0-c54cb055d15b-impl-thread3] INFO  impl.StateMachineUpdater (StateMachineUpdater.java:stopAndJoin(155)) - 1439b363-7471-4720-b7e0-c54cb055d15b@group-7ED33304D20F-StateMachineUpdater: set stopIndex = 0
2023-06-05 07:26:20,506 [1439b363-7471-4720-b7e0-c54cb055d15b@group-7ED33304D20F->5bb5d6d2-e2a9-4953-beec-13a0826d9440-GrpcLogAppender-LogAppenderDaemon] WARN  server.GrpcLogAppender (GrpcLogAppender.java:mayWait(199)) - 1439b363-7471-4720-b7e0-c54cb055d15b@group-7ED33304D20F->5bb5d6d2-e2a9-4953-beec-13a0826d9440-GrpcLogAppender: Wait interrupted by java.lang.InterruptedException
2023-06-05 07:26:20,508 [1439b363-7471-4720-b7e0-c54cb055d15b@group-7ED33304D20F-StateMachineUpdater] INFO  ratis.ContainerStateMachine (ContainerStateMachine.java:takeSnapshot(330)) - group-7ED33304D20F: Taking a snapshot at:(t:1, i:0) file /home/runner/work/ozone/ozone/hadoop-ozone/integration-test/target/test-dir/MiniOzoneClusterImpl-235fc6e4-45fd-4a82-9055-bfc305d18fcb/datanode-0/data/ratis/36be63a5-d1b4-45f9-b363-7ed33304d20f/sm/snapshot.1_0
2023-06-05 07:26:20,502 [1439b363-7471-4720-b7e0-c54cb055d15b-impl-thread2] INFO  server.RaftServer$Division (RaftServerImpl.java:lambda$close$4(466)) - 1439b363-7471-4720-b7e0-c54cb055d15b@group-543C556812B0: shutdown
2023-06-05 07:26:20,512 [1439b363-7471-4720-b7e0-c54cb055d15b-impl-thread2] INFO  util.JmxRegister (JmxRegister.java:unregister(73)) - Successfully un-registered JMX Bean with object name Ratis:service=RaftServer,group=group-543C556812B0,id=1439b363-7471-4720-b7e0-c54cb055d15b
2023-06-05 07:26:20,512 [1439b363-7471-4720-b7e0-c54cb055d15b-impl-thread2] INFO  impl.RoleInfo (RoleInfo.java:shutdownFollowerState(110)) - 1439b363-7471-4720-b7e0-c54cb055d15b: shutdown 1439b363-7471-4720-b7e0-c54cb055d15b@group-543C556812B0-FollowerState
2023-06-05 07:26:20,512 [1439b363-7471-4720-b7e0-c54cb055d15b-impl-thread2] INFO  impl.StateMachineUpdater (StateMachineUpdater.java:stopAndJoin(155)) - 1439b363-7471-4720-b7e0-c54cb055d15b@group-543C556812B0-StateMachineUpdater: set stopIndex = -1
2023-06-05 07:26:20,512 [1439b363-7471-4720-b7e0-c54cb055d15b@group-543C556812B0-FollowerState] INFO  impl.FollowerState (FollowerState.java:run(152)) - 1439b363-7471-4720-b7e0-c54cb055d15b@group-543C556812B0-FollowerState was interrupted
2023-06-05 07:26:20,513 [1439b363-7471-4720-b7e0-c54cb055d15b-impl-thread2] INFO  server.RaftServer$Division (ServerState.java:close(472)) - 1439b363-7471-4720-b7e0-c54cb055d15b@group-543C556812B0: closes. applyIndex: -1
2023-06-05 07:26:20,504 [Thread-394] INFO  server.GrpcServerProtocolClient (GrpcServerProtocolClient.java:close(103)) - 6153d8d4-7aad-4aad-a548-3f370aa4ef05 Close channels
2023-06-05 07:26:20,504 [Thread-393] INFO  server.GrpcServerProtocolClient (GrpcServerProtocolClient.java:close(103)) - 5bb5d6d2-e2a9-4953-beec-13a0826d9440 Close channels
2023-06-05 07:26:20,508 [1439b363-7471-4720-b7e0-c54cb055d15b@group-7ED33304D20F->6153d8d4-7aad-4aad-a548-3f370aa4ef05-GrpcLogAppender-LogAppenderDaemon] WARN  server.GrpcLogAppender (GrpcLogAppender.java:mayWait(199)) - 1439b363-7471-4720-b7e0-c54cb055d15b@group-7ED33304D20F->6153d8d4-7aad-4aad-a548-3f370aa4ef05-GrpcLogAppender: Wait interrupted by java.lang.InterruptedException
2023-06-05 07:26:20,520 [main] INFO  server.GrpcService (GrpcService.java:closeImpl(320)) - 5bb5d6d2-e2a9-4953-beec-13a0826d9440: shutdown server org.apache.ratis.grpc.server.GrpcClientProtocolService successfully
2023-06-05 07:26:20,523 [main] INFO  server.GrpcService (GrpcService.java:closeImpl(311)) - 5bb5d6d2-e2a9-4953-beec-13a0826d9440: shutdown server GrpcServerProtocolService now
2023-06-05 07:26:20,523 [ForkJoinPool.commonPool-worker-1] INFO  ozoneimpl.OzoneContainer (OzoneContainer.java:stop(420)) - Attempting to stop container services.
2023-06-05 07:26:20,528 [grpc-default-executor-3] WARN  server.GrpcServerProtocolService (LogUtils.java:warn(122)) - 5bb5d6d2-e2a9-4953-beec-13a0826d9440: APPEND_ENTRIES onError, lastRequest: 6153d8d4-7aad-4aad-a548-3f370aa4ef05->5bb5d6d2-e2a9-4953-beec-13a0826d9440#1-t1,previous=(t:0, i:0),leaderCommit=-1,initializing? true,entries: size=1, first=(t:1, i:0), CONFIGURATIONENTRY(current:id: "1439b363-7471-4720-b7e0-c54cb055d15b"
address: "10.1.0.81:15014"
dataStreamAddress: "10.1.0.81:15015"
clientAddress: "10.1.0.81:15012"
adminAddress: "10.1.0.81:15013"
startupRole: FOLLOWER
,id: "5bb5d6d2-e2a9-4953-beec-13a0826d9440"
address: "10.1.0.81:15023"
dataStreamAddress: "10.1.0.81:15024"
clientAddress: "10.1.0.81:15021"
adminAddress: "10.1.0.81:15022"
startupRole: FOLLOWER
,id: "6153d8d4-7aad-4aad-a548-3f370aa4ef05"
address: "10.1.0.81:15032"
priority: 1
dataStreamAddress: "10.1.0.81:15033"
clientAddress: "10.1.0.81:15030"
adminAddress: "10.1.0.81:15031"
startupRole: FOLLOWER
, old:): org.apache.ratis.thirdparty.io.grpc.StatusRuntimeException: CANCELLED: client cancelled
2023-06-05 07:26:20,526 [grpc-default-executor-1] INFO  server.GrpcServerProtocolService (GrpcServerProtocolService.java:onCompleted(155)) - 5bb5d6d2-e2a9-4953-beec-13a0826d9440: Completed APPEND_ENTRIES, lastRequest: 1439b363-7471-4720-b7e0-c54cb055d15b->5bb5d6d2-e2a9-4953-beec-13a0826d9440#1-t1,previous=(t:0, i:0),leaderCommit=-1,initializing? true,entries: size=1, first=(t:1, i:0), CONFIGURATIONENTRY(current:id: "1439b363-7471-4720-b7e0-c54cb055d15b"
address: "10.1.0.81:15014"
priority: 1
dataStreamAddress: "10.1.0.81:15015"
clientAddress: "10.1.0.81:15012"
adminAddress: "10.1.0.81:15013"
startupRole: FOLLOWER
,id: "5bb5d6d2-e2a9-4953-beec-13a0826d9440"
address: "10.1.0.81:15023"
dataStreamAddress: "10.1.0.81:15024"
clientAddress: "10.1.0.81:15021"
adminAddress: "10.1.0.81:15022"
startupRole: FOLLOWER
,id: "6153d8d4-7aad-4aad-a548-3f370aa4ef05"
address: "10.1.0.81:15032"
dataStreamAddress: "10.1.0.81:15033"
clientAddress: "10.1.0.81:15030"
adminAddress: "10.1.0.81:15031"
startupRole: FOLLOWER
, old:)
2023-06-05 07:26:20,531 [grpc-default-executor-1] INFO  server.GrpcServerProtocolService (GrpcServerProtocolService.java:lambda$onCompleted$5(157)) - 5bb5d6d2-e2a9-4953-beec-13a0826d9440: Completed APPEND_ENTRIES, lastReply: null
2023-06-05 07:26:20,526 [grpc-default-executor-0] INFO  server.GrpcServerProtocolService (GrpcServerProtocolService.java:onCompleted(155)) - 5bb5d6d2-e2a9-4953-beec-13a0826d9440: Completed APPEND_ENTRIES, lastRequest: null
2023-06-05 07:26:20,534 [grpc-default-executor-0] INFO  server.GrpcServerProtocolService (GrpcServerProtocolService.java:lambda$onCompleted$5(157)) - 5bb5d6d2-e2a9-4953-beec-13a0826d9440: Completed APPEND_ENTRIES, lastReply: serverReply {
  requestorId: "1439b363-7471-4720-b7e0-c54cb055d15b"
  replyId: "5bb5d6d2-e2a9-4953-beec-13a0826d9440"
  raftGroupId {
    id: "6\276c\245\321\264E\371\263c~\3233\004\322\017"
  }
  success: true
}
term: 1
nextIndex: 1
followerCommit: 18446744073709551615
matchIndex: 18446744073709551615
isHearbeat: true

2023-06-05 07:26:20,542 [grpc-default-executor-0] WARN  server.GrpcServerProtocolService (LogUtils.java:warn(122)) - 5bb5d6d2-e2a9-4953-beec-13a0826d9440: APPEND_ENTRIES onError, lastRequest: null: org.apache.ratis.thirdparty.io.grpc.StatusRuntimeException: CANCELLED: client cancelled
2023-06-05 07:26:20,543 [ForkJoinPool.commonPool-worker-1] INFO  server.RaftServer (RaftServerProxy.java:lambda$close$6(416)) - 6153d8d4-7aad-4aad-a548-3f370aa4ef05: close
2023-06-05 07:26:20,544 [6153d8d4-7aad-4aad-a548-3f370aa4ef05-impl-thread1] INFO  server.RaftServer$Division (RaftServerImpl.java:lambda$close$4(466)) - 6153d8d4-7aad-4aad-a548-3f370aa4ef05@group-543C556812B0: shutdown
2023-06-05 07:26:20,544 [6153d8d4-7aad-4aad-a548-3f370aa4ef05-impl-thread1] INFO  util.JmxRegister (JmxRegister.java:unregister(73)) - Successfully un-registered JMX Bean with object name Ratis:service=RaftServer,group=group-543C556812B0,id=6153d8d4-7aad-4aad-a548-3f370aa4ef05
2023-06-05 07:26:20,544 [6153d8d4-7aad-4aad-a548-3f370aa4ef05-impl-thread1] INFO  impl.RoleInfo (RoleInfo.java:shutdownLeaderState(93)) - 6153d8d4-7aad-4aad-a548-3f370aa4ef05: shutdown 6153d8d4-7aad-4aad-a548-3f370aa4ef05@group-543C556812B0-LeaderStateImpl
2023-06-05 07:26:20,544 [6153d8d4-7aad-4aad-a548-3f370aa4ef05-impl-thread2] INFO  server.RaftServer$Division (RaftServerImpl.java:lambda$close$4(466)) - 6153d8d4-7aad-4aad-a548-3f370aa4ef05@group-7ED33304D20F: shutdown
2023-06-05 07:26:20,544 [6153d8d4-7aad-4aad-a548-3f370aa4ef05-impl-thread2] INFO  util.JmxRegister (JmxRegister.java:unregister(73)) - Successfully un-registered JMX Bean with object name Ratis:service=RaftServer,group=group-7ED33304D20F,id=6153d8d4-7aad-4aad-a548-3f370aa4ef05
2023-06-05 07:26:20,544 [6153d8d4-7aad-4aad-a548-3f370aa4ef05-impl-thread2] INFO  impl.RoleInfo (RoleInfo.java:shutdownFollowerState(110)) - 6153d8d4-7aad-4aad-a548-3f370aa4ef05: shutdown 6153d8d4-7aad-4aad-a548-3f370aa4ef05@group-7ED33304D20F-FollowerState
2023-06-05 07:26:20,544 [ForkJoinPool.commonPool-worker-1] INFO  server.GrpcService (GrpcService.java:closeImpl(311)) - 6153d8d4-7aad-4aad-a548-3f370aa4ef05: shutdown server org.apache.ratis.grpc.server.GrpcClientProtocolService now
2023-06-05 07:26:20,545 [6153d8d4-7aad-4aad-a548-3f370aa4ef05-impl-thread3] INFO  server.RaftServer$Division (RaftServerImpl.java:lambda$close$4(466)) - 6153d8d4-7aad-4aad-a548-3f370aa4ef05@group-7243E2F2B765: shutdown
2023-06-05 07:26:20,545 [6153d8d4-7aad-4aad-a548-3f370aa4ef05-impl-thread3] INFO  util.JmxRegister (JmxRegister.java:unregister(73)) - Successfully un-registered JMX Bean with object name Ratis:service=RaftServer,group=group-7243E2F2B765,id=6153d8d4-7aad-4aad-a548-3f370aa4ef05
2023-06-05 07:26:20,545 [6153d8d4-7aad-4aad-a548-3f370aa4ef05-impl-thread3] INFO  impl.RoleInfo (RoleInfo.java:shutdownLeaderState(93)) - 6153d8d4-7aad-4aad-a548-3f370aa4ef05: shutdown 6153d8d4-7aad-4aad-a548-3f370aa4ef05@group-7243E2F2B765-LeaderStateImpl
2023-06-05 07:26:20,545 [6153d8d4-7aad-4aad-a548-3f370aa4ef05-impl-thread3] INFO  impl.PendingRequests (PendingRequests.java:sendNotLeaderResponses(289)) - 6153d8d4-7aad-4aad-a548-3f370aa4ef05@group-7243E2F2B765-PendingRequests: sendNotLeaderResponses
2023-06-05 07:26:20,545 [6153d8d4-7aad-4aad-a548-3f370aa4ef05@group-7243E2F2B765-StateMachineUpdater] INFO  ratis.ContainerStateMachine (ContainerStateMachine.java:takeSnapshot(330)) - group-7243E2F2B765: Taking a snapshot at:(t:1, i:0) file /home/runner/work/ozone/ozone/hadoop-ozone/integration-test/target/test-dir/MiniOzoneClusterImpl-235fc6e4-45fd-4a82-9055-bfc305d18fcb/datanode-2/data/ratis/e154200e-fbee-4ad0-98de-7243e2f2b765/sm/snapshot.1_0
2023-06-05 07:26:20,546 [6153d8d4-7aad-4aad-a548-3f370aa4ef05-impl-thread3] INFO  impl.StateMachineUpdater (StateMachineUpdater.java:stopAndJoin(155)) - 6153d8d4-7aad-4aad-a548-3f370aa4ef05@group-7243E2F2B765-StateMachineUpdater: set stopIndex = 0
2023-06-05 07:26:20,548 [grpc-default-executor-2] INFO  server.GrpcServerProtocolService (GrpcServerProtocolService.java:onCompleted(155)) - 6153d8d4-7aad-4aad-a548-3f370aa4ef05: Completed APPEND_ENTRIES, lastRequest: null
2023-06-05 07:26:20,549 [grpc-default-executor-2] INFO  server.GrpcServerProtocolService (GrpcServerProtocolService.java:lambda$onCompleted$5(157)) - 6153d8d4-7aad-4aad-a548-3f370aa4ef05: Completed APPEND_ENTRIES, lastReply: serverReply {
  requestorId: "1439b363-7471-4720-b7e0-c54cb055d15b"
  replyId: "6153d8d4-7aad-4aad-a548-3f370aa4ef05"
  raftGroupId {
    id: "6\276c\245\321\264E\371\263c~\3233\004\322\017"
  }
  success: true
}
term: 1
nextIndex: 1
followerCommit: 18446744073709551615
matchIndex: 18446744073709551615
isHearbeat: true

2023-06-05 07:26:20,550 [grpc-default-executor-1] INFO  server.GrpcLogAppender (GrpcLogAppender.java:onError(417)) - 1439b363-7471-4720-b7e0-c54cb055d15b@group-7ED33304D20F->5bb5d6d2-e2a9-4953-beec-13a0826d9440-GrpcLogAppender is already stopped
2023-06-05 07:26:20,551 [grpc-default-executor-1] WARN  server.GrpcLogAppender (LogUtils.java:warn(122)) - 6153d8d4-7aad-4aad-a548-3f370aa4ef05@group-543C556812B0->5bb5d6d2-e2a9-4953-beec-13a0826d9440-AppendLogResponseHandler: Failed appendEntries: org.apache.ratis.thirdparty.io.grpc.StatusRuntimeException: CANCELLED: RST_STREAM closed stream. HTTP/2 error code: CANCEL
2023-06-05 07:26:20,553 [grpc-default-executor-4] INFO  server.GrpcServerProtocolService (GrpcServerProtocolService.java:onCompleted(155)) - 6153d8d4-7aad-4aad-a548-3f370aa4ef05: Completed APPEND_ENTRIES, lastRequest: 1439b363-7471-4720-b7e0-c54cb055d15b->6153d8d4-7aad-4aad-a548-3f370aa4ef05#1-t1,previous=(t:0, i:0),leaderCommit=-1,initializing? true,entries: size=1, first=(t:1, i:0), CONFIGURATIONENTRY(current:id: "1439b363-7471-4720-b7e0-c54cb055d15b"
address: "10.1.0.81:15014"
priority: 1
dataStreamAddress: "10.1.0.81:15015"
clientAddress: "10.1.0.81:15012"
adminAddress: "10.1.0.81:15013"
startupRole: FOLLOWER
,id: "5bb5d6d2-e2a9-4953-beec-13a0826d9440"
address: "10.1.0.81:15023"
dataStreamAddress: "10.1.0.81:15024"
clientAddress: "10.1.0.81:15021"
adminAddress: "10.1.0.81:15022"
startupRole: FOLLOWER
,id: "6153d8d4-7aad-4aad-a548-3f370aa4ef05"
address: "10.1.0.81:15032"
dataStreamAddress: "10.1.0.81:15033"
clientAddress: "10.1.0.81:15030"
adminAddress: "10.1.0.81:15031"
startupRole: FOLLOWER
, old:)
2023-06-05 07:26:20,554 [grpc-default-executor-4] INFO  server.GrpcServerProtocolService (GrpcServerProtocolService.java:lambda$onCompleted$5(157)) - 6153d8d4-7aad-4aad-a548-3f370aa4ef05: Completed APPEND_ENTRIES, lastReply: null
2023-06-05 07:26:20,553 [grpc-default-executor-1] WARN  server.GrpcLogAppender (GrpcLogAppender.java:resetClient(128)) - 6153d8d4-7aad-4aad-a548-3f370aa4ef05@group-543C556812B0->5bb5d6d2-e2a9-4953-beec-13a0826d9440-GrpcLogAppender: Follower failed when matchIndex == 0,  keep nextIndex (1) unchanged and retry.
2023-06-05 07:26:20,555 [grpc-default-executor-1] INFO  server.GrpcLogAppender (GrpcLogAppender.java:onError(417)) - 1439b363-7471-4720-b7e0-c54cb055d15b@group-7ED33304D20F->5bb5d6d2-e2a9-4953-beec-13a0826d9440-GrpcLogAppender is already stopped
2023-06-05 07:26:20,556 [grpc-default-executor-6] WARN  server.GrpcLogAppender (LogUtils.java:warn(122)) - 6153d8d4-7aad-4aad-a548-3f370aa4ef05@group-543C556812B0->5bb5d6d2-e2a9-4953-beec-13a0826d9440-AppendLogResponseHandler: Failed appendEntries: org.apache.ratis.thirdparty.io.grpc.StatusRuntimeException: CANCELLED: RST_STREAM closed stream. HTTP/2 error code: CANCEL
2023-06-05 07:26:20,556 [grpc-default-executor-6] WARN  server.GrpcLogAppender (GrpcLogAppender.java:resetClient(128)) - 6153d8d4-7aad-4aad-a548-3f370aa4ef05@group-543C556812B0->5bb5d6d2-e2a9-4953-beec-13a0826d9440-GrpcLogAppender: Follower failed when matchIndex == 0,  keep nextIndex (1) unchanged and retry.
2023-06-05 07:26:20,566 [Thread-399] INFO  server.GrpcServerProtocolClient (GrpcServerProtocolClient.java:close(103)) - 1439b363-7471-4720-b7e0-c54cb055d15b Close channels
2023-06-05 07:26:20,566 [6153d8d4-7aad-4aad-a548-3f370aa4ef05@group-7ED33304D20F-FollowerState] INFO  impl.FollowerState (FollowerState.java:run(152)) - 6153d8d4-7aad-4aad-a548-3f370aa4ef05@group-7ED33304D20F-FollowerState was interrupted
2023-06-05 07:26:20,567 [Thread-400] INFO  server.GrpcServerProtocolClient (GrpcServerProtocolClient.java:close(103)) - 5bb5d6d2-e2a9-4953-beec-13a0826d9440 Close channels
2023-06-05 07:26:20,567 [6153d8d4-7aad-4aad-a548-3f370aa4ef05-impl-thread1] INFO  impl.PendingRequests (PendingRequests.java:sendNotLeaderResponses(289)) - 6153d8d4-7aad-4aad-a548-3f370aa4ef05@group-543C556812B0-PendingRequests: sendNotLeaderResponses
2023-06-05 07:26:20,567 [6153d8d4-7aad-4aad-a548-3f370aa4ef05@group-543C556812B0->5bb5d6d2-e2a9-4953-beec-13a0826d9440-GrpcLogAppender-LogAppenderDaemon] WARN  server.GrpcLogAppender (GrpcLogAppender.java:mayWait(199)) - 6153d8d4-7aad-4aad-a548-3f370aa4ef05@group-543C556812B0->5bb5d6d2-e2a9-4953-beec-13a0826d9440-GrpcLogAppender: Wait interrupted by java.lang.InterruptedException
2023-06-05 07:26:20,567 [6153d8d4-7aad-4aad-a548-3f370aa4ef05-impl-thread1] INFO  impl.StateMachineUpdater (StateMachineUpdater.java:stopAndJoin(155)) - 6153d8d4-7aad-4aad-a548-3f370aa4ef05@group-543C556812B0-StateMachineUpdater: set stopIndex = 0
2023-06-05 07:26:20,567 [6153d8d4-7aad-4aad-a548-3f370aa4ef05@group-543C556812B0->1439b363-7471-4720-b7e0-c54cb055d15b-GrpcLogAppender-LogAppenderDaemon] WARN  server.GrpcLogAppender (GrpcLogAppender.java:mayWait(199)) - 6153d8d4-7aad-4aad-a548-3f370aa4ef05@group-543C556812B0->1439b363-7471-4720-b7e0-c54cb055d15b-GrpcLogAppender: Wait interrupted by java.lang.InterruptedException
2023-06-05 07:26:20,566 [6153d8d4-7aad-4aad-a548-3f370aa4ef05-impl-thread2] INFO  impl.StateMachineUpdater (StateMachineUpdater.java:stopAndJoin(155)) - 6153d8d4-7aad-4aad-a548-3f370aa4ef05@group-7ED33304D20F-StateMachineUpdater: set stopIndex = -1
2023-06-05 07:26:20,569 [6153d8d4-7aad-4aad-a548-3f370aa4ef05-impl-thread2] INFO  server.RaftServer$Division (ServerState.java:close(472)) - 6153d8d4-7aad-4aad-a548-3f370aa4ef05@group-7ED33304D20F: closes. applyIndex: -1
2023-06-05 07:26:20,568 [6153d8d4-7aad-4aad-a548-3f370aa4ef05@group-543C556812B0-StateMachineUpdater] INFO  ratis.ContainerStateMachine (ContainerStateMachine.java:takeSnapshot(330)) - group-543C556812B0: Taking a snapshot at:(t:1, i:0) file /home/runner/work/ozone/ozone/hadoop-ozone/integration-test/target/test-dir/MiniOzoneClusterImpl-235fc6e4-45fd-4a82-9055-bfc305d18fcb/datanode-2/data/ratis/9db4f5e1-1631-4c0e-95c5-543c556812b0/sm/snapshot.1_0
2023-06-05 07:26:20,572 [grpc-default-executor-0] INFO  server.GrpcServerProtocolService (GrpcServerProtocolService.java:onCompleted(155)) - 1439b363-7471-4720-b7e0-c54cb055d15b: Completed APPEND_ENTRIES, lastRequest: null
2023-06-05 07:26:20,572 [grpc-default-executor-0] INFO  server.GrpcServerProtocolService (GrpcServerProtocolService.java:lambda$onCompleted$5(157)) - 1439b363-7471-4720-b7e0-c54cb055d15b: Completed APPEND_ENTRIES, lastReply: serverReply {
  requestorId: "6153d8d4-7aad-4aad-a548-3f370aa4ef05"
  replyId: "1439b363-7471-4720-b7e0-c54cb055d15b"
  raftGroupId {
    id: "\235\264\365\341\0261L\016\225\305T<Uh\022\260"
  }
  success: true
}
term: 1
nextIndex: 1
followerCommit: 18446744073709551615
matchIndex: 18446744073709551615
isHearbeat: true

2023-06-05 07:26:20,573 [main] INFO  server.GrpcService (GrpcService.java:closeImpl(320)) - 5bb5d6d2-e2a9-4953-beec-13a0826d9440: shutdown server GrpcServerProtocolService successfully
2023-06-05 07:26:20,573 [main] INFO  server.GrpcService (GrpcService.java:closeImpl(311)) - 5bb5d6d2-e2a9-4953-beec-13a0826d9440: shutdown server org.apache.ratis.grpc.server.GrpcAdminProtocolService now
2023-06-05 07:26:20,575 [grpc-default-executor-5] INFO  server.GrpcLogAppender (GrpcLogAppender.java:onCompleted(428)) - 1439b363-7471-4720-b7e0-c54cb055d15b@group-7ED33304D20F->6153d8d4-7aad-4aad-a548-3f370aa4ef05-AppendLogResponseHandler: follower responses appendEntries COMPLETED
2023-06-05 07:26:20,575 [grpc-default-executor-5] WARN  server.GrpcLogAppender (GrpcLogAppender.java:resetClient(137)) - 1439b363-7471-4720-b7e0-c54cb055d15b@group-7ED33304D20F->6153d8d4-7aad-4aad-a548-3f370aa4ef05-GrpcLogAppender: Failed to getClient for 6153d8d4-7aad-4aad-a548-3f370aa4ef05
org.apache.ratis.protocol.exceptions.AlreadyClosedException: 1439b363-7471-4720-b7e0-c54cb055d15b is already CLOSED
	at org.apache.ratis.util.PeerProxyMap$PeerAndProxy.getProxy(PeerProxyMap.java:61)
	at org.apache.ratis.util.PeerProxyMap.getProxy(PeerProxyMap.java:115)
	at org.apache.ratis.grpc.server.GrpcLogAppender.getClient(GrpcLogAppender.java:112)
	at org.apache.ratis.grpc.server.GrpcLogAppender.resetClient(GrpcLogAppender.java:117)
	at org.apache.ratis.grpc.server.GrpcLogAppender.access$500(GrpcLogAppender.java:56)
	at org.apache.ratis.grpc.server.GrpcLogAppender$AppendLogResponseHandler.onCompleted(GrpcLogAppender.java:429)
	at org.apache.ratis.thirdparty.io.grpc.stub.ClientCalls$StreamObserverToCallListenerAdapter.onClose(ClientCalls.java:485)
	at org.apache.ratis.thirdparty.io.grpc.internal.ClientCallImpl.closeObserver(ClientCallImpl.java:563)
	at org.apache.ratis.thirdparty.io.grpc.internal.ClientCallImpl.access$300(ClientCallImpl.java:70)
	at org.apache.ratis.thirdparty.io.grpc.internal.ClientCallImpl$ClientStreamListenerImpl$1StreamClosed.runInternal(ClientCallImpl.java:744)
	at org.apache.ratis.thirdparty.io.grpc.internal.ClientCallImpl$ClientStreamListenerImpl$1StreamClosed.runInContext(ClientCallImpl.java:723)
	at org.apache.ratis.thirdparty.io.grpc.internal.ContextRunnable.run(ContextRunnable.java:37)
	at org.apache.ratis.thirdparty.io.grpc.internal.SerializingExecutor.run(SerializingExecutor.java:133)
	at java.util.concurrent.ThreadPoolExecutor.runWorker(ThreadPoolExecutor.java:1149)
	at java.util.concurrent.ThreadPoolExecutor$Worker.run(ThreadPoolExecutor.java:624)
	at java.lang.Thread.run(Thread.java:750)
2023-06-05 07:26:20,576 [grpc-default-executor-0] INFO  server.GrpcLogAppender (GrpcLogAppender.java:onCompleted(428)) - 1439b363-7471-4720-b7e0-c54cb055d15b@group-7ED33304D20F->6153d8d4-7aad-4aad-a548-3f370aa4ef05-AppendLogResponseHandler: follower responses appendEntries COMPLETED
2023-06-05 07:26:20,576 [grpc-default-executor-0] WARN  server.GrpcLogAppender (GrpcLogAppender.java:resetClient(137)) - 1439b363-7471-4720-b7e0-c54cb055d15b@group-7ED33304D20F->6153d8d4-7aad-4aad-a548-3f370aa4ef05-GrpcLogAppender: Failed to getClient for 6153d8d4-7aad-4aad-a548-3f370aa4ef05
org.apache.ratis.protocol.exceptions.AlreadyClosedException: 1439b363-7471-4720-b7e0-c54cb055d15b is already CLOSED
	at org.apache.ratis.util.PeerProxyMap$PeerAndProxy.getProxy(PeerProxyMap.java:61)
	at org.apache.ratis.util.PeerProxyMap.getProxy(PeerProxyMap.java:115)
	at org.apache.ratis.grpc.server.GrpcLogAppender.getClient(GrpcLogAppender.java:112)
	at org.apache.ratis.grpc.server.GrpcLogAppender.resetClient(GrpcLogAppender.java:117)
	at org.apache.ratis.grpc.server.GrpcLogAppender.access$500(GrpcLogAppender.java:56)
	at org.apache.ratis.grpc.server.GrpcLogAppender$AppendLogResponseHandler.onCompleted(GrpcLogAppender.java:429)
	at org.apache.ratis.thirdparty.io.grpc.stub.ClientCalls$StreamObserverToCallListenerAdapter.onClose(ClientCalls.java:485)
	at org.apache.ratis.thirdparty.io.grpc.internal.ClientCallImpl.closeObserver(ClientCallImpl.java:563)
	at org.apache.ratis.thirdparty.io.grpc.internal.ClientCallImpl.access$300(ClientCallImpl.java:70)
	at org.apache.ratis.thirdparty.io.grpc.internal.ClientCallImpl$ClientStreamListenerImpl$1StreamClosed.runInternal(ClientCallImpl.java:744)
	at org.apache.ratis.thirdparty.io.grpc.internal.ClientCallImpl$ClientStreamListenerImpl$1StreamClosed.runInContext(ClientCallImpl.java:723)
	at org.apache.ratis.thirdparty.io.grpc.internal.ContextRunnable.run(ContextRunnable.java:37)
	at org.apache.ratis.thirdparty.io.grpc.internal.SerializingExecutor.run(SerializingExecutor.java:133)
	at java.util.concurrent.ThreadPoolExecutor.runWorker(ThreadPoolExecutor.java:1149)
	at java.util.concurrent.ThreadPoolExecutor$Worker.run(ThreadPoolExecutor.java:624)
	at java.lang.Thread.run(Thread.java:750)
2023-06-05 07:26:20,576 [6153d8d4-7aad-4aad-a548-3f370aa4ef05@group-7243E2F2B765-StateMachineUpdater] INFO  ratis.ContainerStateMachine (ContainerStateMachine.java:takeSnapshot(341)) - group-7243E2F2B765: Finished taking a snapshot at:(t:1, i:0) file:/home/runner/work/ozone/ozone/hadoop-ozone/integration-test/target/test-dir/MiniOzoneClusterImpl-235fc6e4-45fd-4a82-9055-bfc305d18fcb/datanode-2/data/ratis/e154200e-fbee-4ad0-98de-7243e2f2b765/sm/snapshot.1_0 took: 31 ms
2023-06-05 07:26:20,577 [1439b363-7471-4720-b7e0-c54cb055d15b@group-7ED33304D20F-StateMachineUpdater] INFO  ratis.ContainerStateMachine (ContainerStateMachine.java:takeSnapshot(341)) - group-7ED33304D20F: Finished taking a snapshot at:(t:1, i:0) file:/home/runner/work/ozone/ozone/hadoop-ozone/integration-test/target/test-dir/MiniOzoneClusterImpl-235fc6e4-45fd-4a82-9055-bfc305d18fcb/datanode-0/data/ratis/36be63a5-d1b4-45f9-b363-7ed33304d20f/sm/snapshot.1_0 took: 70 ms
2023-06-05 07:26:20,578 [1439b363-7471-4720-b7e0-c54cb055d15b@group-7ED33304D20F-StateMachineUpdater] INFO  impl.StateMachineUpdater (StateMachineUpdater.java:takeSnapshot(291)) - 1439b363-7471-4720-b7e0-c54cb055d15b@group-7ED33304D20F-StateMachineUpdater: Took a snapshot at index 0
2023-06-05 07:26:20,579 [1439b363-7471-4720-b7e0-c54cb055d15b@group-7ED33304D20F-StateMachineUpdater] INFO  impl.StateMachineUpdater (StateMachineUpdater.java:lambda$new$0(97)) - 1439b363-7471-4720-b7e0-c54cb055d15b@group-7ED33304D20F-StateMachineUpdater: snapshotIndex: updateIncreasingly -1 -> 0
2023-06-05 07:26:20,579 [1439b363-7471-4720-b7e0-c54cb055d15b-impl-thread3] INFO  server.RaftServer$Division (ServerState.java:close(472)) - 1439b363-7471-4720-b7e0-c54cb055d15b@group-7ED33304D20F: closes. applyIndex: 0
2023-06-05 07:26:20,578 [6153d8d4-7aad-4aad-a548-3f370aa4ef05@group-7243E2F2B765-StateMachineUpdater] INFO  impl.StateMachineUpdater (StateMachineUpdater.java:takeSnapshot(291)) - 6153d8d4-7aad-4aad-a548-3f370aa4ef05@group-7243E2F2B765-StateMachineUpdater: Took a snapshot at index 0
2023-06-05 07:26:20,579 [6153d8d4-7aad-4aad-a548-3f370aa4ef05@group-7243E2F2B765-StateMachineUpdater] INFO  impl.StateMachineUpdater (StateMachineUpdater.java:lambda$new$0(97)) - 6153d8d4-7aad-4aad-a548-3f370aa4ef05@group-7243E2F2B765-StateMachineUpdater: snapshotIndex: updateIncreasingly -1 -> 0
2023-06-05 07:26:20,579 [6153d8d4-7aad-4aad-a548-3f370aa4ef05@group-543C556812B0-StateMachineUpdater] INFO  ratis.ContainerStateMachine (ContainerStateMachine.java:takeSnapshot(341)) - group-543C556812B0: Finished taking a snapshot at:(t:1, i:0) file:/home/runner/work/ozone/ozone/hadoop-ozone/integration-test/target/test-dir/MiniOzoneClusterImpl-235fc6e4-45fd-4a82-9055-bfc305d18fcb/datanode-2/data/ratis/9db4f5e1-1631-4c0e-95c5-543c556812b0/sm/snapshot.1_0 took: 11 ms
2023-06-05 07:26:20,578 [5bb5d6d2-e2a9-4953-beec-13a0826d9440@group-2D37428C69E0-StateMachineUpdater] INFO  ratis.ContainerStateMachine (ContainerStateMachine.java:takeSnapshot(341)) - group-2D37428C69E0: Finished taking a snapshot at:(t:1, i:0) file:/home/runner/work/ozone/ozone/hadoop-ozone/integration-test/target/test-dir/MiniOzoneClusterImpl-235fc6e4-45fd-4a82-9055-bfc305d18fcb/datanode-1/data/ratis/9b19e9dc-919d-4bb4-9c40-2d37428c69e0/sm/snapshot.1_0 took: 99 ms
2023-06-05 07:26:20,579 [1439b363-7471-4720-b7e0-c54cb055d15b@group-07437F925045-StateMachineUpdater] INFO  ratis.ContainerStateMachine (ContainerStateMachine.java:takeSnapshot(341)) - group-07437F925045: Finished taking a snapshot at:(t:1, i:0) file:/home/runner/work/ozone/ozone/hadoop-ozone/integration-test/target/test-dir/MiniOzoneClusterImpl-235fc6e4-45fd-4a82-9055-bfc305d18fcb/datanode-0/data/ratis/b25d8c0c-e977-4b48-9671-07437f925045/sm/snapshot.1_0 took: 86 ms
2023-06-05 07:26:20,580 [1439b363-7471-4720-b7e0-c54cb055d15b@group-07437F925045-StateMachineUpdater] INFO  impl.StateMachineUpdater (StateMachineUpdater.java:takeSnapshot(291)) - 1439b363-7471-4720-b7e0-c54cb055d15b@group-07437F925045-StateMachineUpdater: Took a snapshot at index 0
2023-06-05 07:26:20,580 [1439b363-7471-4720-b7e0-c54cb055d15b@group-07437F925045-StateMachineUpdater] INFO  impl.StateMachineUpdater (StateMachineUpdater.java:lambda$new$0(97)) - 1439b363-7471-4720-b7e0-c54cb055d15b@group-07437F925045-StateMachineUpdater: snapshotIndex: updateIncreasingly -1 -> 0
2023-06-05 07:26:20,580 [1439b363-7471-4720-b7e0-c54cb055d15b-impl-thread1] INFO  server.RaftServer$Division (ServerState.java:close(472)) - 1439b363-7471-4720-b7e0-c54cb055d15b@group-07437F925045: closes. applyIndex: 0
2023-06-05 07:26:20,579 [6153d8d4-7aad-4aad-a548-3f370aa4ef05-impl-thread3] INFO  server.RaftServer$Division (ServerState.java:close(472)) - 6153d8d4-7aad-4aad-a548-3f370aa4ef05@group-7243E2F2B765: closes. applyIndex: 0
2023-06-05 07:26:20,580 [6153d8d4-7aad-4aad-a548-3f370aa4ef05@group-543C556812B0-StateMachineUpdater] INFO  impl.StateMachineUpdater (StateMachineUpdater.java:takeSnapshot(291)) - 6153d8d4-7aad-4aad-a548-3f370aa4ef05@group-543C556812B0-StateMachineUpdater: Took a snapshot at index 0
2023-06-05 07:26:20,580 [6153d8d4-7aad-4aad-a548-3f370aa4ef05@group-543C556812B0-StateMachineUpdater] INFO  impl.StateMachineUpdater (StateMachineUpdater.java:lambda$new$0(97)) - 6153d8d4-7aad-4aad-a548-3f370aa4ef05@group-543C556812B0-StateMachineUpdater: snapshotIndex: updateIncreasingly -1 -> 0
2023-06-05 07:26:20,580 [5bb5d6d2-e2a9-4953-beec-13a0826d9440@group-2D37428C69E0-StateMachineUpdater] INFO  impl.StateMachineUpdater (StateMachineUpdater.java:takeSnapshot(291)) - 5bb5d6d2-e2a9-4953-beec-13a0826d9440@group-2D37428C69E0-StateMachineUpdater: Took a snapshot at index 0
2023-06-05 07:26:20,580 [5bb5d6d2-e2a9-4953-beec-13a0826d9440@group-2D37428C69E0-StateMachineUpdater] INFO  impl.StateMachineUpdater (StateMachineUpdater.java:lambda$new$0(97)) - 5bb5d6d2-e2a9-4953-beec-13a0826d9440@group-2D37428C69E0-StateMachineUpdater: snapshotIndex: updateIncreasingly -1 -> 0
2023-06-05 07:26:20,580 [6153d8d4-7aad-4aad-a548-3f370aa4ef05-impl-thread1] INFO  server.RaftServer$Division (ServerState.java:close(472)) - 6153d8d4-7aad-4aad-a548-3f370aa4ef05@group-543C556812B0: closes. applyIndex: 0
2023-06-05 07:26:20,581 [5bb5d6d2-e2a9-4953-beec-13a0826d9440-impl-thread1] INFO  server.RaftServer$Division (ServerState.java:close(472)) - 5bb5d6d2-e2a9-4953-beec-13a0826d9440@group-2D37428C69E0: closes. applyIndex: 0
2023-06-05 07:26:20,582 [main] INFO  server.GrpcService (GrpcService.java:closeImpl(320)) - 5bb5d6d2-e2a9-4953-beec-13a0826d9440: shutdown server org.apache.ratis.grpc.server.GrpcAdminProtocolService successfully
2023-06-05 07:26:20,582 [grpc-default-executor-6] INFO  server.GrpcServerProtocolService (GrpcServerProtocolService.java:onCompleted(155)) - 1439b363-7471-4720-b7e0-c54cb055d15b: Completed APPEND_ENTRIES, lastRequest: 6153d8d4-7aad-4aad-a548-3f370aa4ef05->1439b363-7471-4720-b7e0-c54cb055d15b#1-t1,previous=(t:0, i:0),leaderCommit=-1,initializing? true,entries: size=1, first=(t:1, i:0), CONFIGURATIONENTRY(current:id: "1439b363-7471-4720-b7e0-c54cb055d15b"
address: "10.1.0.81:15014"
dataStreamAddress: "10.1.0.81:15015"
clientAddress: "10.1.0.81:15012"
adminAddress: "10.1.0.81:15013"
startupRole: FOLLOWER
,id: "5bb5d6d2-e2a9-4953-beec-13a0826d9440"
address: "10.1.0.81:15023"
dataStreamAddress: "10.1.0.81:15024"
clientAddress: "10.1.0.81:15021"
adminAddress: "10.1.0.81:15022"
startupRole: FOLLOWER
,id: "6153d8d4-7aad-4aad-a548-3f370aa4ef05"
address: "10.1.0.81:15032"
priority: 1
dataStreamAddress: "10.1.0.81:15033"
clientAddress: "10.1.0.81:15030"
adminAddress: "10.1.0.81:15031"
startupRole: FOLLOWER
, old:)
2023-06-05 07:26:20,583 [grpc-default-executor-6] INFO  server.GrpcServerProtocolService (GrpcServerProtocolService.java:lambda$onCompleted$5(157)) - 1439b363-7471-4720-b7e0-c54cb055d15b: Completed APPEND_ENTRIES, lastReply: null
2023-06-05 07:26:20,583 [5bb5d6d2-e2a9-4953-beec-13a0826d9440-NettyServerStreamRpc-bossGroup--thread1] INFO  logging.LoggingHandler (AbstractInternalLogger.java:log(148)) - [id: 0x3786c22e, L:/0:0:0:0:0:0:0:0:15024] CLOSE
2023-06-05 07:26:20,583 [5bb5d6d2-e2a9-4953-beec-13a0826d9440-NettyServerStreamRpc-bossGroup--thread1] INFO  logging.LoggingHandler (AbstractInternalLogger.java:log(148)) - [id: 0x3786c22e, L:/0:0:0:0:0:0:0:0:15024] INACTIVE
2023-06-05 07:26:20,583 [5bb5d6d2-e2a9-4953-beec-13a0826d9440-NettyServerStreamRpc-bossGroup--thread1] INFO  logging.LoggingHandler (AbstractInternalLogger.java:log(148)) - [id: 0x3786c22e, L:/0:0:0:0:0:0:0:0:15024] UNREGISTERED
2023-06-05 07:26:20,597 [ForkJoinPool.commonPool-worker-0] INFO  server.GrpcService (GrpcService.java:closeImpl(320)) - 1439b363-7471-4720-b7e0-c54cb055d15b: shutdown server org.apache.ratis.grpc.server.GrpcClientProtocolService successfully
2023-06-05 07:26:20,598 [ForkJoinPool.commonPool-worker-0] INFO  server.GrpcService (GrpcService.java:closeImpl(311)) - 1439b363-7471-4720-b7e0-c54cb055d15b: shutdown server GrpcServerProtocolService now
2023-06-05 07:26:20,598 [grpc-default-executor-6] INFO  server.GrpcLogAppender (GrpcLogAppender.java:onCompleted(428)) - 6153d8d4-7aad-4aad-a548-3f370aa4ef05@group-543C556812B0->1439b363-7471-4720-b7e0-c54cb055d15b-AppendLogResponseHandler: follower responses appendEntries COMPLETED
2023-06-05 07:26:20,599 [grpc-default-executor-6] WARN  server.GrpcLogAppender (GrpcLogAppender.java:resetClient(137)) - 6153d8d4-7aad-4aad-a548-3f370aa4ef05@group-543C556812B0->1439b363-7471-4720-b7e0-c54cb055d15b-GrpcLogAppender: Failed to getClient for 1439b363-7471-4720-b7e0-c54cb055d15b
org.apache.ratis.protocol.exceptions.AlreadyClosedException: 6153d8d4-7aad-4aad-a548-3f370aa4ef05 is already CLOSED
	at org.apache.ratis.util.PeerProxyMap$PeerAndProxy.getProxy(PeerProxyMap.java:61)
	at org.apache.ratis.util.PeerProxyMap.getProxy(PeerProxyMap.java:115)
	at org.apache.ratis.grpc.server.GrpcLogAppender.getClient(GrpcLogAppender.java:112)
	at org.apache.ratis.grpc.server.GrpcLogAppender.resetClient(GrpcLogAppender.java:117)
	at org.apache.ratis.grpc.server.GrpcLogAppender.access$500(GrpcLogAppender.java:56)
	at org.apache.ratis.grpc.server.GrpcLogAppender$AppendLogResponseHandler.onCompleted(GrpcLogAppender.java:429)
	at org.apache.ratis.thirdparty.io.grpc.stub.ClientCalls$StreamObserverToCallListenerAdapter.onClose(ClientCalls.java:485)
	at org.apache.ratis.thirdparty.io.grpc.internal.DelayedClientCall$DelayedListener$3.run(DelayedClientCall.java:471)
	at org.apache.ratis.thirdparty.io.grpc.internal.DelayedClientCall$DelayedListener.delayOrExecute(DelayedClientCall.java:435)
	at org.apache.ratis.thirdparty.io.grpc.internal.DelayedClientCall$DelayedListener.onClose(DelayedClientCall.java:468)
	at org.apache.ratis.thirdparty.io.grpc.internal.ClientCallImpl.closeObserver(ClientCallImpl.java:563)
	at org.apache.ratis.thirdparty.io.grpc.internal.ClientCallImpl.access$300(ClientCallImpl.java:70)
	at org.apache.ratis.thirdparty.io.grpc.internal.ClientCallImpl$ClientStreamListenerImpl$1StreamClosed.runInternal(ClientCallImpl.java:744)
	at org.apache.ratis.thirdparty.io.grpc.internal.ClientCallImpl$ClientStreamListenerImpl$1StreamClosed.runInContext(ClientCallImpl.java:723)
	at org.apache.ratis.thirdparty.io.grpc.internal.ContextRunnable.run(ContextRunnable.java:37)
	at org.apache.ratis.thirdparty.io.grpc.internal.SerializingExecutor.run(SerializingExecutor.java:133)
	at java.util.concurrent.ThreadPoolExecutor.runWorker(ThreadPoolExecutor.java:1149)
	at java.util.concurrent.ThreadPoolExecutor$Worker.run(ThreadPoolExecutor.java:624)
	at java.lang.Thread.run(Thread.java:750)
2023-06-05 07:26:20,600 [grpc-default-executor-0] INFO  server.GrpcLogAppender (GrpcLogAppender.java:onCompleted(428)) - 6153d8d4-7aad-4aad-a548-3f370aa4ef05@group-543C556812B0->1439b363-7471-4720-b7e0-c54cb055d15b-AppendLogResponseHandler: follower responses appendEntries COMPLETED
2023-06-05 07:26:20,600 [grpc-default-executor-0] WARN  server.GrpcLogAppender (GrpcLogAppender.java:resetClient(137)) - 6153d8d4-7aad-4aad-a548-3f370aa4ef05@group-543C556812B0->1439b363-7471-4720-b7e0-c54cb055d15b-GrpcLogAppender: Failed to getClient for 1439b363-7471-4720-b7e0-c54cb055d15b
org.apache.ratis.protocol.exceptions.AlreadyClosedException: 6153d8d4-7aad-4aad-a548-3f370aa4ef05 is already CLOSED
	at org.apache.ratis.util.PeerProxyMap$PeerAndProxy.getProxy(PeerProxyMap.java:61)
	at org.apache.ratis.util.PeerProxyMap.getProxy(PeerProxyMap.java:115)
	at org.apache.ratis.grpc.server.GrpcLogAppender.getClient(GrpcLogAppender.java:112)
	at org.apache.ratis.grpc.server.GrpcLogAppender.resetClient(GrpcLogAppender.java:117)
	at org.apache.ratis.grpc.server.GrpcLogAppender.access$500(GrpcLogAppender.java:56)
	at org.apache.ratis.grpc.server.GrpcLogAppender$AppendLogResponseHandler.onCompleted(GrpcLogAppender.java:429)
	at org.apache.ratis.thirdparty.io.grpc.stub.ClientCalls$StreamObserverToCallListenerAdapter.onClose(ClientCalls.java:485)
	at org.apache.ratis.thirdparty.io.grpc.internal.ClientCallImpl.closeObserver(ClientCallImpl.java:563)
	at org.apache.ratis.thirdparty.io.grpc.internal.ClientCallImpl.access$300(ClientCallImpl.java:70)
	at org.apache.ratis.thirdparty.io.grpc.internal.ClientCallImpl$ClientStreamListenerImpl$1StreamClosed.runInternal(ClientCallImpl.java:744)
	at org.apache.ratis.thirdparty.io.grpc.internal.ClientCallImpl$ClientStreamListenerImpl$1StreamClosed.runInContext(ClientCallImpl.java:723)
	at org.apache.ratis.thirdparty.io.grpc.internal.ContextRunnable.run(ContextRunnable.java:37)
	at org.apache.ratis.thirdparty.io.grpc.internal.SerializingExecutor.run(SerializingExecutor.java:133)
	at java.util.concurrent.ThreadPoolExecutor.runWorker(ThreadPoolExecutor.java:1149)
	at java.util.concurrent.ThreadPoolExecutor$Worker.run(ThreadPoolExecutor.java:624)
	at java.lang.Thread.run(Thread.java:750)
2023-06-05 07:26:20,600 [ForkJoinPool.commonPool-worker-0] INFO  server.GrpcService (GrpcService.java:closeImpl(320)) - 1439b363-7471-4720-b7e0-c54cb055d15b: shutdown server GrpcServerProtocolService successfully
2023-06-05 07:26:20,602 [ForkJoinPool.commonPool-worker-0] INFO  server.GrpcService (GrpcService.java:closeImpl(311)) - 1439b363-7471-4720-b7e0-c54cb055d15b: shutdown server org.apache.ratis.grpc.server.GrpcAdminProtocolService now
2023-06-05 07:26:20,603 [ForkJoinPool.commonPool-worker-1] INFO  server.GrpcService (GrpcService.java:closeImpl(320)) - 6153d8d4-7aad-4aad-a548-3f370aa4ef05: shutdown server org.apache.ratis.grpc.server.GrpcClientProtocolService successfully
2023-06-05 07:26:20,603 [ForkJoinPool.commonPool-worker-1] INFO  server.GrpcService (GrpcService.java:closeImpl(311)) - 6153d8d4-7aad-4aad-a548-3f370aa4ef05: shutdown server GrpcServerProtocolService now
2023-06-05 07:26:20,606 [ForkJoinPool.commonPool-worker-0] INFO  server.GrpcService (GrpcService.java:closeImpl(320)) - 1439b363-7471-4720-b7e0-c54cb055d15b: shutdown server org.apache.ratis.grpc.server.GrpcAdminProtocolService successfully
2023-06-05 07:26:20,607 [1439b363-7471-4720-b7e0-c54cb055d15b-NettyServerStreamRpc-bossGroup--thread1] INFO  logging.LoggingHandler (AbstractInternalLogger.java:log(148)) - [id: 0x478acdef, L:/0:0:0:0:0:0:0:0:15015] CLOSE
2023-06-05 07:26:20,607 [1439b363-7471-4720-b7e0-c54cb055d15b-NettyServerStreamRpc-bossGroup--thread1] INFO  logging.LoggingHandler (AbstractInternalLogger.java:log(148)) - [id: 0x478acdef, L:/0:0:0:0:0:0:0:0:15015] INACTIVE
2023-06-05 07:26:20,607 [1439b363-7471-4720-b7e0-c54cb055d15b-NettyServerStreamRpc-bossGroup--thread1] INFO  logging.LoggingHandler (AbstractInternalLogger.java:log(148)) - [id: 0x478acdef, L:/0:0:0:0:0:0:0:0:15015] UNREGISTERED
2023-06-05 07:26:20,614 [ForkJoinPool.commonPool-worker-1] INFO  server.GrpcService (GrpcService.java:closeImpl(320)) - 6153d8d4-7aad-4aad-a548-3f370aa4ef05: shutdown server GrpcServerProtocolService successfully
2023-06-05 07:26:20,614 [ForkJoinPool.commonPool-worker-1] INFO  server.GrpcService (GrpcService.java:closeImpl(311)) - 6153d8d4-7aad-4aad-a548-3f370aa4ef05: shutdown server org.apache.ratis.grpc.server.GrpcAdminProtocolService now
2023-06-05 07:26:20,626 [ForkJoinPool.commonPool-worker-1] INFO  server.GrpcService (GrpcService.java:closeImpl(320)) - 6153d8d4-7aad-4aad-a548-3f370aa4ef05: shutdown server org.apache.ratis.grpc.server.GrpcAdminProtocolService successfully
2023-06-05 07:26:20,627 [6153d8d4-7aad-4aad-a548-3f370aa4ef05-NettyServerStreamRpc-bossGroup--thread1] INFO  logging.LoggingHandler (AbstractInternalLogger.java:log(148)) - [id: 0x851a80ae, L:/0:0:0:0:0:0:0:0:15033] CLOSE
2023-06-05 07:26:20,627 [6153d8d4-7aad-4aad-a548-3f370aa4ef05-NettyServerStreamRpc-bossGroup--thread1] INFO  logging.LoggingHandler (AbstractInternalLogger.java:log(148)) - [id: 0x851a80ae, L:/0:0:0:0:0:0:0:0:15033] INACTIVE
2023-06-05 07:26:20,646 [6153d8d4-7aad-4aad-a548-3f370aa4ef05-NettyServerStreamRpc-bossGroup--thread1] INFO  logging.LoggingHandler (AbstractInternalLogger.java:log(148)) - [id: 0x851a80ae, L:/0:0:0:0:0:0:0:0:15033] UNREGISTERED
2023-06-05 07:26:20,647 [Finalizer] WARN  db.CodecBuffer (CodecBuffer.java:finalize(125)) - LEAK 1: org.apache.hadoop.hdds.utils.db.CodecBuffer@30cb8fbd, refCnt=1, capacity=16
2023-06-05 07:26:20,647 [Finalizer] WARN  db.CodecBuffer (CodecBuffer.java:finalize(125)) - LEAK 2: org.apache.hadoop.hdds.utils.db.CodecBuffer@534c6c46, refCnt=1, capacity=1171
2023-06-05 07:26:20,647 [Finalizer] WARN  db.CodecBuffer (CodecBuffer.java:finalize(125)) - LEAK 3: org.apache.hadoop.hdds.utils.db.CodecBuffer@43b9c899, refCnt=1, capacity=16
2023-06-05 07:26:20,647 [Finalizer] WARN  db.CodecBuffer (CodecBuffer.java:finalize(125)) - LEAK 4: org.apache.hadoop.hdds.utils.db.CodecBuffer@585f191e, refCnt=1, capacity=4
2023-06-05 07:26:20,679 [6153d8d4-7aad-4aad-a548-3f370aa4ef05-impl-thread3] INFO  segmented.SegmentedRaftLogWorker (SegmentedRaftLogWorker.java:close(252)) - 6153d8d4-7aad-4aad-a548-3f370aa4ef05@group-7243E2F2B765-SegmentedRaftLogWorker close()
2023-06-05 07:26:20,779 [1439b363-7471-4720-b7e0-c54cb055d15b-impl-thread1] INFO  segmented.SegmentedRaftLogWorker (SegmentedRaftLogWorker.java:close(252)) - 1439b363-7471-4720-b7e0-c54cb055d15b@group-07437F925045-SegmentedRaftLogWorker close()
2023-06-05 07:26:20,868 [6153d8d4-7aad-4aad-a548-3f370aa4ef05-impl-thread1] INFO  segmented.SegmentedRaftLogWorker (SegmentedRaftLogWorker.java:close(252)) - 6153d8d4-7aad-4aad-a548-3f370aa4ef05@group-543C556812B0-SegmentedRaftLogWorker close()
2023-06-05 07:26:20,885 [b400aa98-5aac-4b59-bd22-6d1e81dc8f3b@group-BFC305D18FCB-StateMachineUpdater] INFO  segmented.SegmentedRaftLogWorker (SegmentedRaftLogWorker.java:close(252)) - b400aa98-5aac-4b59-bd22-6d1e81dc8f3b@group-BFC305D18FCB-SegmentedRaftLogWorker close()
2023-06-05 07:26:20,924 [1439b363-7471-4720-b7e0-c54cb055d15b-impl-thread2] INFO  segmented.SegmentedRaftLogWorker (SegmentedRaftLogWorker.java:close(252)) - 1439b363-7471-4720-b7e0-c54cb055d15b@group-543C556812B0-SegmentedRaftLogWorker close()
2023-06-05 07:26:20,931 [5bb5d6d2-e2a9-4953-beec-13a0826d9440-impl-thread2] INFO  segmented.SegmentedRaftLogWorker (SegmentedRaftLogWorker.java:close(252)) - 5bb5d6d2-e2a9-4953-beec-13a0826d9440@group-543C556812B0-SegmentedRaftLogWorker close()
2023-06-05 07:26:20,982 [1439b363-7471-4720-b7e0-c54cb055d15b-impl-thread3] INFO  segmented.SegmentedRaftLogWorker (SegmentedRaftLogWorker.java:close(252)) - 1439b363-7471-4720-b7e0-c54cb055d15b@group-7ED33304D20F-SegmentedRaftLogWorker close()
2023-06-05 07:26:20,984 [JvmPauseMonitor3] INFO  util.JvmPauseMonitor (JvmPauseMonitor.java:run(109)) - JvmPauseMonitor-1439b363-7471-4720-b7e0-c54cb055d15b: Stopped
2023-06-05 07:26:21,120 [5bb5d6d2-e2a9-4953-beec-13a0826d9440-impl-thread3] INFO  segmented.SegmentedRaftLogWorker (SegmentedRaftLogWorker.java:close(252)) - 5bb5d6d2-e2a9-4953-beec-13a0826d9440@group-7ED33304D20F-SegmentedRaftLogWorker close()
2023-06-05 07:26:21,124 [6153d8d4-7aad-4aad-a548-3f370aa4ef05-impl-thread2] INFO  segmented.SegmentedRaftLogWorker (SegmentedRaftLogWorker.java:close(252)) - 6153d8d4-7aad-4aad-a548-3f370aa4ef05@group-7ED33304D20F-SegmentedRaftLogWorker close()
2023-06-05 07:26:21,125 [JvmPauseMonitor5] INFO  util.JvmPauseMonitor (JvmPauseMonitor.java:run(109)) - JvmPauseMonitor-6153d8d4-7aad-4aad-a548-3f370aa4ef05: Stopped
2023-06-05 07:26:21,326 [5bb5d6d2-e2a9-4953-beec-13a0826d9440-impl-thread1] INFO  segmented.SegmentedRaftLogWorker (SegmentedRaftLogWorker.java:close(252)) - 5bb5d6d2-e2a9-4953-beec-13a0826d9440@group-2D37428C69E0-SegmentedRaftLogWorker close()
2023-06-05 07:26:21,326 [JvmPauseMonitor4] INFO  util.JvmPauseMonitor (JvmPauseMonitor.java:run(109)) - JvmPauseMonitor-5bb5d6d2-e2a9-4953-beec-13a0826d9440: Stopped
2023-06-05 07:26:23,005 [ForkJoinPool.commonPool-worker-0] INFO  utils.DatanodeStoreCache (DatanodeStoreCache.java:shutdownCache(110)) - Skip clearing cache in mini cluster mode. Entries left: [/home/runner/work/ozone/ozone/hadoop-ozone/integration-test/target/test-dir/MiniOzoneClusterImpl-235fc6e4-45fd-4a82-9055-bfc305d18fcb/datanode-0/data-0/containers/hdds/235fc6e4-45fd-4a82-9055-bfc305d18fcb/DS-9cb31d77-cc56-40ab-b415-3360294e23cb/container.db, /home/runner/work/ozone/ozone/hadoop-ozone/integration-test/target/test-dir/MiniOzoneClusterImpl-235fc6e4-45fd-4a82-9055-bfc305d18fcb/datanode-1/data-0/containers/hdds/235fc6e4-45fd-4a82-9055-bfc305d18fcb/DS-7d71509a-e186-441e-89b5-66a14b269130/container.db, /home/runner/work/ozone/ozone/hadoop-ozone/integration-test/target/test-dir/MiniOzoneClusterImpl-235fc6e4-45fd-4a82-9055-bfc305d18fcb/datanode-2/data-0/containers/hdds/235fc6e4-45fd-4a82-9055-bfc305d18fcb/DS-37309f8a-0789-446f-94e5-e0247afd38f3/container.db]
2023-06-05 07:26:23,007 [ForkJoinPool.commonPool-worker-0] INFO  utils.DatanodeStoreCache (DatanodeStoreCache.java:removeDB(104)) - Removed db /home/runner/work/ozone/ozone/hadoop-ozone/integration-test/target/test-dir/MiniOzoneClusterImpl-235fc6e4-45fd-4a82-9055-bfc305d18fcb/datanode-0/data-0/containers/hdds/235fc6e4-45fd-4a82-9055-bfc305d18fcb/DS-9cb31d77-cc56-40ab-b415-3360294e23cb/container.db from cache
2023-06-05 07:26:23,007 [ForkJoinPool.commonPool-worker-0] INFO  volume.HddsVolume (HddsVolume.java:closeDbStore(437)) - SchemaV3 db is stopped at /home/runner/work/ozone/ozone/hadoop-ozone/integration-test/target/test-dir/MiniOzoneClusterImpl-235fc6e4-45fd-4a82-9055-bfc305d18fcb/datanode-0/data-0/containers/hdds/235fc6e4-45fd-4a82-9055-bfc305d18fcb/DS-9cb31d77-cc56-40ab-b415-3360294e23cb/container.db for volume DS-9cb31d77-cc56-40ab-b415-3360294e23cb
2023-06-05 07:26:23,008 [ForkJoinPool.commonPool-worker-0] INFO  utils.BackgroundService (BackgroundService.java:shutdown(141)) - Shutting down service BlockDeletingService
2023-06-05 07:26:23,008 [ForkJoinPool.commonPool-worker-0] INFO  utils.BackgroundService (BackgroundService.java:shutdown(141)) - Shutting down service StaleRecoveringContainerScrubbingService
2023-06-05 07:26:23,009 [ForkJoinPool.commonPool-worker-0] INFO  statemachine.DatanodeStateMachine (DatanodeStateMachine.java:stopDaemon(605)) - Ozone container server stopped.
2023-06-05 07:26:23,020 [ForkJoinPool.commonPool-worker-0] INFO  handler.ContextHandler (ContextHandler.java:doStop(1159)) - Stopped o.e.j.w.WebAppContext@33537e2e{hddsDatanode,/,null,STOPPED}{jar:file:/home/runner/.m2/repository/org/apache/ozone/hdds-container-service/1.4.0-SNAPSHOT/hdds-container-service-1.4.0-SNAPSHOT.jar!/webapps/hddsDatanode}
2023-06-05 07:26:23,021 [ForkJoinPool.commonPool-worker-0] INFO  server.AbstractConnector (AbstractConnector.java:doStop(383)) - Stopped ServerConnector@6c8c59b3{HTTP/1.1, (http/1.1)}{0.0.0.0:15009}
2023-06-05 07:26:23,021 [ForkJoinPool.commonPool-worker-0] INFO  server.session (HouseKeeper.java:stopScavenging(149)) - node0 Stopped scavenging
2023-06-05 07:26:23,022 [ForkJoinPool.commonPool-worker-0] INFO  handler.ContextHandler (ContextHandler.java:doStop(1159)) - Stopped o.e.j.s.ServletContextHandler@776535b0{static,/static,jar:file:/home/runner/.m2/repository/org/apache/ozone/hdds-container-service/1.4.0-SNAPSHOT/hdds-container-service-1.4.0-SNAPSHOT.jar!/webapps/static,STOPPED}
2023-06-05 07:26:23,023 [ForkJoinPool.commonPool-worker-0] INFO  handler.ContextHandler (ContextHandler.java:doStop(1159)) - Stopped o.e.j.s.ServletContextHandler@5c2a52dc{logs,/logs,file:///home/runner/work/ozone/ozone/hadoop-ozone/integration-test/target/log,STOPPED}
2023-06-05 07:26:23,023 [ForkJoinPool.commonPool-worker-0] INFO  ozone.HddsDatanodeClientProtocolServer (HddsDatanodeClientProtocolServer.java:stop(89)) - Stopping the RPC server for Client Protocol
2023-06-05 07:26:23,024 [ForkJoinPool.commonPool-worker-0] INFO  ipc.Server (Server.java:stop(3501)) - Stopping server on 15010
2023-06-05 07:26:23,024 [IPC Server listener on 15010] INFO  ipc.Server (Server.java:run(1430)) - Stopping IPC Server listener on 15010
2023-06-05 07:26:23,024 [IPC Server Responder] INFO  ipc.Server (Server.java:run(1563)) - Stopping IPC Server Responder
2023-06-05 07:26:23,132 [ForkJoinPool.commonPool-worker-1] INFO  utils.DatanodeStoreCache (DatanodeStoreCache.java:shutdownCache(110)) - Skip clearing cache in mini cluster mode. Entries left: [/home/runner/work/ozone/ozone/hadoop-ozone/integration-test/target/test-dir/MiniOzoneClusterImpl-235fc6e4-45fd-4a82-9055-bfc305d18fcb/datanode-1/data-0/containers/hdds/235fc6e4-45fd-4a82-9055-bfc305d18fcb/DS-7d71509a-e186-441e-89b5-66a14b269130/container.db, /home/runner/work/ozone/ozone/hadoop-ozone/integration-test/target/test-dir/MiniOzoneClusterImpl-235fc6e4-45fd-4a82-9055-bfc305d18fcb/datanode-2/data-0/containers/hdds/235fc6e4-45fd-4a82-9055-bfc305d18fcb/DS-37309f8a-0789-446f-94e5-e0247afd38f3/container.db]
2023-06-05 07:26:23,134 [ForkJoinPool.commonPool-worker-1] INFO  utils.DatanodeStoreCache (DatanodeStoreCache.java:removeDB(104)) - Removed db /home/runner/work/ozone/ozone/hadoop-ozone/integration-test/target/test-dir/MiniOzoneClusterImpl-235fc6e4-45fd-4a82-9055-bfc305d18fcb/datanode-2/data-0/containers/hdds/235fc6e4-45fd-4a82-9055-bfc305d18fcb/DS-37309f8a-0789-446f-94e5-e0247afd38f3/container.db from cache
2023-06-05 07:26:23,134 [ForkJoinPool.commonPool-worker-1] INFO  volume.HddsVolume (HddsVolume.java:closeDbStore(437)) - SchemaV3 db is stopped at /home/runner/work/ozone/ozone/hadoop-ozone/integration-test/target/test-dir/MiniOzoneClusterImpl-235fc6e4-45fd-4a82-9055-bfc305d18fcb/datanode-2/data-0/containers/hdds/235fc6e4-45fd-4a82-9055-bfc305d18fcb/DS-37309f8a-0789-446f-94e5-e0247afd38f3/container.db for volume DS-37309f8a-0789-446f-94e5-e0247afd38f3
2023-06-05 07:26:23,134 [ForkJoinPool.commonPool-worker-1] INFO  utils.BackgroundService (BackgroundService.java:shutdown(141)) - Shutting down service BlockDeletingService
2023-06-05 07:26:23,135 [ForkJoinPool.commonPool-worker-1] INFO  utils.BackgroundService (BackgroundService.java:shutdown(141)) - Shutting down service StaleRecoveringContainerScrubbingService
2023-06-05 07:26:23,135 [ForkJoinPool.commonPool-worker-1] INFO  statemachine.DatanodeStateMachine (DatanodeStateMachine.java:stopDaemon(605)) - Ozone container server stopped.
2023-06-05 07:26:23,146 [ForkJoinPool.commonPool-worker-1] INFO  handler.ContextHandler (ContextHandler.java:doStop(1159)) - Stopped o.e.j.w.WebAppContext@2f8a6f35{hddsDatanode,/,null,STOPPED}{jar:file:/home/runner/.m2/repository/org/apache/ozone/hdds-container-service/1.4.0-SNAPSHOT/hdds-container-service-1.4.0-SNAPSHOT.jar!/webapps/hddsDatanode}
2023-06-05 07:26:23,146 [ForkJoinPool.commonPool-worker-1] INFO  server.AbstractConnector (AbstractConnector.java:doStop(383)) - Stopped ServerConnector@45f3daf2{HTTP/1.1, (http/1.1)}{0.0.0.0:15027}
2023-06-05 07:26:23,146 [ForkJoinPool.commonPool-worker-1] INFO  server.session (HouseKeeper.java:stopScavenging(149)) - node0 Stopped scavenging
2023-06-05 07:26:23,147 [ForkJoinPool.commonPool-worker-1] INFO  handler.ContextHandler (ContextHandler.java:doStop(1159)) - Stopped o.e.j.s.ServletContextHandler@4aa86db4{static,/static,jar:file:/home/runner/.m2/repository/org/apache/ozone/hdds-container-service/1.4.0-SNAPSHOT/hdds-container-service-1.4.0-SNAPSHOT.jar!/webapps/static,STOPPED}
2023-06-05 07:26:23,147 [ForkJoinPool.commonPool-worker-1] INFO  handler.ContextHandler (ContextHandler.java:doStop(1159)) - Stopped o.e.j.s.ServletContextHandler@31e4eedd{logs,/logs,file:///home/runner/work/ozone/ozone/hadoop-ozone/integration-test/target/log,STOPPED}
2023-06-05 07:26:23,148 [ForkJoinPool.commonPool-worker-1] INFO  ozone.HddsDatanodeClientProtocolServer (HddsDatanodeClientProtocolServer.java:stop(89)) - Stopping the RPC server for Client Protocol
2023-06-05 07:26:23,149 [ForkJoinPool.commonPool-worker-1] INFO  ipc.Server (Server.java:stop(3501)) - Stopping server on 15028
2023-06-05 07:26:23,150 [IPC Server Responder] INFO  ipc.Server (Server.java:run(1563)) - Stopping IPC Server Responder
2023-06-05 07:26:23,150 [IPC Server listener on 15028] INFO  ipc.Server (Server.java:run(1430)) - Stopping IPC Server listener on 15028
2023-06-05 07:26:23,332 [main] INFO  utils.DatanodeStoreCache (DatanodeStoreCache.java:shutdownCache(110)) - Skip clearing cache in mini cluster mode. Entries left: [/home/runner/work/ozone/ozone/hadoop-ozone/integration-test/target/test-dir/MiniOzoneClusterImpl-235fc6e4-45fd-4a82-9055-bfc305d18fcb/datanode-1/data-0/containers/hdds/235fc6e4-45fd-4a82-9055-bfc305d18fcb/DS-7d71509a-e186-441e-89b5-66a14b269130/container.db]
2023-06-05 07:26:23,333 [main] INFO  utils.DatanodeStoreCache (DatanodeStoreCache.java:removeDB(104)) - Removed db /home/runner/work/ozone/ozone/hadoop-ozone/integration-test/target/test-dir/MiniOzoneClusterImpl-235fc6e4-45fd-4a82-9055-bfc305d18fcb/datanode-1/data-0/containers/hdds/235fc6e4-45fd-4a82-9055-bfc305d18fcb/DS-7d71509a-e186-441e-89b5-66a14b269130/container.db from cache
2023-06-05 07:26:23,334 [main] INFO  volume.HddsVolume (HddsVolume.java:closeDbStore(437)) - SchemaV3 db is stopped at /home/runner/work/ozone/ozone/hadoop-ozone/integration-test/target/test-dir/MiniOzoneClusterImpl-235fc6e4-45fd-4a82-9055-bfc305d18fcb/datanode-1/data-0/containers/hdds/235fc6e4-45fd-4a82-9055-bfc305d18fcb/DS-7d71509a-e186-441e-89b5-66a14b269130/container.db for volume DS-7d71509a-e186-441e-89b5-66a14b269130
2023-06-05 07:26:23,334 [main] INFO  utils.BackgroundService (BackgroundService.java:shutdown(141)) - Shutting down service BlockDeletingService
2023-06-05 07:26:23,335 [main] INFO  utils.BackgroundService (BackgroundService.java:shutdown(141)) - Shutting down service StaleRecoveringContainerScrubbingService
2023-06-05 07:26:23,336 [main] INFO  statemachine.DatanodeStateMachine (DatanodeStateMachine.java:stopDaemon(605)) - Ozone container server stopped.
2023-06-05 07:26:23,346 [main] INFO  handler.ContextHandler (ContextHandler.java:doStop(1159)) - Stopped o.e.j.w.WebAppContext@1d071d30{hddsDatanode,/,null,STOPPED}{jar:file:/home/runner/.m2/repository/org/apache/ozone/hdds-container-service/1.4.0-SNAPSHOT/hdds-container-service-1.4.0-SNAPSHOT.jar!/webapps/hddsDatanode}
2023-06-05 07:26:23,347 [main] INFO  server.AbstractConnector (AbstractConnector.java:doStop(383)) - Stopped ServerConnector@27bb53a1{HTTP/1.1, (http/1.1)}{0.0.0.0:15018}
2023-06-05 07:26:23,347 [main] INFO  server.session (HouseKeeper.java:stopScavenging(149)) - node0 Stopped scavenging
2023-06-05 07:26:23,348 [main] INFO  handler.ContextHandler (ContextHandler.java:doStop(1159)) - Stopped o.e.j.s.ServletContextHandler@4107765b{static,/static,jar:file:/home/runner/.m2/repository/org/apache/ozone/hdds-container-service/1.4.0-SNAPSHOT/hdds-container-service-1.4.0-SNAPSHOT.jar!/webapps/static,STOPPED}
2023-06-05 07:26:23,348 [main] INFO  handler.ContextHandler (ContextHandler.java:doStop(1159)) - Stopped o.e.j.s.ServletContextHandler@34c0d735{logs,/logs,file:///home/runner/work/ozone/ozone/hadoop-ozone/integration-test/target/log,STOPPED}
2023-06-05 07:26:23,349 [main] INFO  ozone.HddsDatanodeClientProtocolServer (HddsDatanodeClientProtocolServer.java:stop(89)) - Stopping the RPC server for Client Protocol
2023-06-05 07:26:23,349 [main] INFO  ipc.Server (Server.java:stop(3501)) - Stopping server on 15019
2023-06-05 07:26:23,351 [IPC Server listener on 15019] INFO  ipc.Server (Server.java:run(1430)) - Stopping IPC Server listener on 15019
2023-06-05 07:26:23,352 [IPC Server Responder] INFO  ipc.Server (Server.java:run(1563)) - Stopping IPC Server Responder
2023-06-05 07:26:23,353 [main] INFO  ozone.MiniOzoneClusterImpl (MiniOzoneClusterImpl.java:stopSCM(537)) - Stopping the StorageContainerManager
2023-06-05 07:26:23,353 [main] INFO  server.StorageContainerManager (StorageContainerManager.java:stop(1548)) - Storage Container Manager is not running.
2023-06-05 07:26:23,353 [main] INFO  server.StorageContainerManager (StorageContainerManager.java:stopReplicationManager(1690)) - Stopping Replication Manager Service.
2023-06-05 07:26:23,355 [main] INFO  replication.ReplicationManager (ReplicationManager.java:stop(342)) - Replication Monitor Thread is not running.
]]></system-out>
    <rerunFailure type="java.lang.AssertionError">
      <stackTrace><![CDATA[java.lang.AssertionError: Found 4 leaked objects, check logs
	at org.apache.hadoop.hdds.utils.db.CodecBuffer.assertNoLeaks(CodecBuffer.java:101)
	at org.apache.hadoop.ozone.MiniOzoneClusterImpl.shutdown(MiniOzoneClusterImpl.java:451)
	at org.apache.hadoop.hdds.scm.TestSCMInstallSnapshot.shutdown(TestSCMInstallSnapshot.java:80)
	at sun.reflect.NativeMethodAccessorImpl.invoke0(Native Method)
	at sun.reflect.NativeMethodAccessorImpl.invoke(NativeMethodAccessorImpl.java:62)
	at sun.reflect.DelegatingMethodAccessorImpl.invoke(DelegatingMethodAccessorImpl.java:43)
	at java.lang.reflect.Method.invoke(Method.java:498)
	at org.junit.platform.commons.util.ReflectionUtils.invokeMethod(ReflectionUtils.java:725)
	at org.junit.jupiter.engine.execution.MethodInvocation.proceed(MethodInvocation.java:60)
	at org.junit.jupiter.engine.execution.InvocationInterceptorChain$ValidatingInvocation.proceed(InvocationInterceptorChain.java:131)
	at org.junit.jupiter.engine.extension.TimeoutExtension.intercept(TimeoutExtension.java:149)
	at org.junit.jupiter.engine.extension.TimeoutExtension.interceptLifecycleMethod(TimeoutExtension.java:126)
	at org.junit.jupiter.engine.extension.TimeoutExtension.interceptAfterAllMethod(TimeoutExtension.java:116)
	at org.junit.jupiter.engine.execution.ExecutableInvoker$ReflectiveInterceptorCall.lambda$ofVoidMethod$0(ExecutableInvoker.java:115)
	at org.junit.jupiter.engine.execution.ExecutableInvoker.lambda$invoke$0(ExecutableInvoker.java:105)
	at org.junit.jupiter.engine.execution.InvocationInterceptorChain$InterceptedInvocation.proceed(InvocationInterceptorChain.java:106)
	at org.junit.jupiter.engine.execution.InvocationInterceptorChain.proceed(InvocationInterceptorChain.java:64)
	at org.junit.jupiter.engine.execution.InvocationInterceptorChain.chainAndInvoke(InvocationInterceptorChain.java:45)
	at org.junit.jupiter.engine.execution.InvocationInterceptorChain.invoke(InvocationInterceptorChain.java:37)
	at org.junit.jupiter.engine.execution.ExecutableInvoker.invoke(ExecutableInvoker.java:104)
	at org.junit.jupiter.engine.execution.ExecutableInvoker.invoke(ExecutableInvoker.java:98)
	at org.junit.jupiter.engine.descriptor.ClassBasedTestDescriptor.lambda$invokeAfterAllMethods$13(ClassBasedTestDescriptor.java:425)
	at org.junit.platform.engine.support.hierarchical.ThrowableCollector.execute(ThrowableCollector.java:73)
	at org.junit.jupiter.engine.descriptor.ClassBasedTestDescriptor.lambda$invokeAfterAllMethods$14(ClassBasedTestDescriptor.java:423)
	at java.util.ArrayList.forEach(ArrayList.java:1259)
	at java.util.Collections$UnmodifiableCollection.forEach(Collections.java:1082)
	at org.junit.jupiter.engine.descriptor.ClassBasedTestDescriptor.invokeAfterAllMethods(ClassBasedTestDescriptor.java:423)
	at org.junit.jupiter.engine.descriptor.ClassBasedTestDescriptor.after(ClassBasedTestDescriptor.java:225)
	at org.junit.jupiter.engine.descriptor.ClassBasedTestDescriptor.after(ClassBasedTestDescriptor.java:80)
	at org.junit.platform.engine.support.hierarchical.NodeTestTask.lambda$executeRecursively$7(NodeTestTask.java:161)
	at org.junit.platform.engine.support.hierarchical.ThrowableCollector.execute(ThrowableCollector.java:73)
	at org.junit.platform.engine.support.hierarchical.NodeTestTask.lambda$executeRecursively$8(NodeTestTask.java:161)
	at org.junit.platform.engine.support.hierarchical.Node.around(Node.java:137)
	at org.junit.platform.engine.support.hierarchical.NodeTestTask.lambda$executeRecursively$9(NodeTestTask.java:139)
	at org.junit.platform.engine.support.hierarchical.ThrowableCollector.execute(ThrowableCollector.java:73)
	at org.junit.platform.engine.support.hierarchical.NodeTestTask.executeRecursively(NodeTestTask.java:138)
	at org.junit.platform.engine.support.hierarchical.NodeTestTask.execute(NodeTestTask.java:95)
	at java.util.ArrayList.forEach(ArrayList.java:1259)
	at org.junit.platform.engine.support.hierarchical.SameThreadHierarchicalTestExecutorService.invokeAll(SameThreadHierarchicalTestExecutorService.java:41)
	at org.junit.platform.engine.support.hierarchical.NodeTestTask.lambda$executeRecursively$6(NodeTestTask.java:155)
	at org.junit.platform.engine.support.hierarchical.ThrowableCollector.execute(ThrowableCollector.java:73)
	at org.junit.platform.engine.support.hierarchical.NodeTestTask.lambda$executeRecursively$8(NodeTestTask.java:141)
	at org.junit.platform.engine.support.hierarchical.Node.around(Node.java:137)
	at org.junit.platform.engine.support.hierarchical.NodeTestTask.lambda$executeRecursively$9(NodeTestTask.java:139)
	at org.junit.platform.engine.support.hierarchical.ThrowableCollector.execute(ThrowableCollector.java:73)
	at org.junit.platform.engine.support.hierarchical.NodeTestTask.executeRecursively(NodeTestTask.java:138)
	at org.junit.platform.engine.support.hierarchical.NodeTestTask.execute(NodeTestTask.java:95)
	at org.junit.platform.engine.support.hierarchical.SameThreadHierarchicalTestExecutorService.submit(SameThreadHierarchicalTestExecutorService.java:35)
	at org.junit.platform.engine.support.hierarchical.HierarchicalTestExecutor.execute(HierarchicalTestExecutor.java:57)
	at org.junit.platform.engine.support.hierarchical.HierarchicalTestEngine.execute(HierarchicalTestEngine.java:54)
	at org.junit.platform.launcher.core.EngineExecutionOrchestrator.execute(EngineExecutionOrchestrator.java:107)
	at org.junit.platform.launcher.core.EngineExecutionOrchestrator.execute(EngineExecutionOrchestrator.java:88)
	at org.junit.platform.launcher.core.EngineExecutionOrchestrator.lambda$execute$0(EngineExecutionOrchestrator.java:54)
	at org.junit.platform.launcher.core.EngineExecutionOrchestrator.withInterceptedStreams(EngineExecutionOrchestrator.java:67)
	at org.junit.platform.launcher.core.EngineExecutionOrchestrator.execute(EngineExecutionOrchestrator.java:52)
	at org.junit.platform.launcher.core.DefaultLauncher.execute(DefaultLauncher.java:114)
	at org.junit.platform.launcher.core.DefaultLauncher.execute(DefaultLauncher.java:86)
	at org.junit.platform.launcher.core.DefaultLauncherSession$DelegatingLauncher.execute(DefaultLauncherSession.java:86)
	at org.junit.platform.launcher.core.SessionPerRequestLauncher.execute(SessionPerRequestLauncher.java:53)
	at org.apache.maven.surefire.junitplatform.JUnitPlatformProvider.invokeAllTests(JUnitPlatformProvider.java:165)
	at org.apache.maven.surefire.junitplatform.JUnitPlatformProvider.invoke(JUnitPlatformProvider.java:124)
	at org.apache.maven.surefire.booter.ForkedBooter.runSuitesInProcess(ForkedBooter.java:428)
	at org.apache.maven.surefire.booter.ForkedBooter.execute(ForkedBooter.java:162)
	at org.apache.maven.surefire.booter.ForkedBooter.run(ForkedBooter.java:562)
	at org.apache.maven.surefire.booter.ForkedBooter.main(ForkedBooter.java:548)
]]></stackTrace>
      <system-out><![CDATA[2023-06-05 07:26:50,438 [main] INFO  ozone.MiniOzoneClusterImpl (MiniOzoneClusterImpl.java:shutdown(442)) - Shutting down the Mini Ozone Cluster
2023-06-05 07:26:50,438 [main] INFO  ozone.MiniOzoneClusterImpl (MiniOzoneClusterImpl.java:stop(459)) - Stopping the Mini Ozone Cluster
2023-06-05 07:26:50,438 [main] INFO  ozone.MiniOzoneClusterImpl (MiniOzoneClusterImpl.java:stopOM(545)) - Stopping the OzoneManager
2023-06-05 07:26:50,438 [main] INFO  om.OzoneManager (OzoneManager.java:stop(2165)) - om1[localhost:15039]: Stopping Ozone Manager
2023-06-05 07:26:50,438 [main] INFO  ipc.Server (Server.java:stop(3501)) - Stopping server on 15039
2023-06-05 07:26:50,441 [IPC Server listener on 15039] INFO  ipc.Server (Server.java:run(1430)) - Stopping IPC Server listener on 15039
2023-06-05 07:26:50,444 [IPC Server Responder] INFO  ipc.Server (Server.java:run(1563)) - Stopping IPC Server Responder
2023-06-05 07:26:50,445 [main] INFO  server.RaftServer (RaftServerProxy.java:lambda$close$6(416)) - om1: close
2023-06-05 07:26:50,445 [om1-impl-thread1] INFO  server.RaftServer$Division (RaftServerImpl.java:lambda$close$4(466)) - om1@group-C5BA1605619E: shutdown
2023-06-05 07:26:50,446 [om1-impl-thread1] INFO  util.JmxRegister (JmxRegister.java:unregister(73)) - Successfully un-registered JMX Bean with object name Ratis:service=RaftServer,group=group-C5BA1605619E,id=om1
2023-06-05 07:26:50,446 [om1-impl-thread1] INFO  impl.RoleInfo (RoleInfo.java:shutdownLeaderState(93)) - om1: shutdown om1@group-C5BA1605619E-LeaderStateImpl
2023-06-05 07:26:50,446 [om1-impl-thread1] INFO  impl.PendingRequests (PendingRequests.java:sendNotLeaderResponses(289)) - om1@group-C5BA1605619E-PendingRequests: sendNotLeaderResponses
2023-06-05 07:26:50,446 [om1-impl-thread1] INFO  impl.StateMachineUpdater (StateMachineUpdater.java:stopAndJoin(155)) - om1@group-C5BA1605619E-StateMachineUpdater: set stopIndex = 0
2023-06-05 07:26:50,446 [main] INFO  server.GrpcService (GrpcService.java:closeImpl(311)) - om1: shutdown server GrpcServerProtocolService now
2023-06-05 07:26:50,446 [om1@group-C5BA1605619E-StateMachineUpdater] INFO  ratis.OzoneManagerStateMachine (OzoneManagerStateMachine.java:takeSnapshot(479)) - Current Snapshot Index (t:1, i:0)
2023-06-05 07:26:50,449 [main] INFO  server.GrpcService (GrpcService.java:closeImpl(320)) - om1: shutdown server GrpcServerProtocolService successfully
2023-06-05 07:26:50,459 [om1@group-C5BA1605619E-StateMachineUpdater] INFO  impl.StateMachineUpdater (StateMachineUpdater.java:takeSnapshot(291)) - om1@group-C5BA1605619E-StateMachineUpdater: Took a snapshot at index 0
2023-06-05 07:26:50,460 [om1@group-C5BA1605619E-StateMachineUpdater] INFO  impl.StateMachineUpdater (StateMachineUpdater.java:lambda$new$0(97)) - om1@group-C5BA1605619E-StateMachineUpdater: snapshotIndex: updateIncreasingly -1 -> 0
2023-06-05 07:26:50,460 [om1@group-C5BA1605619E-StateMachineUpdater] INFO  ratis.OzoneManagerStateMachine (OzoneManagerStateMachine.java:close(533)) - StateMachine has shutdown. Shutdown OzoneManager if not already shutdown.
2023-06-05 07:26:50,460 [om1@group-C5BA1605619E-StateMachineUpdater] INFO  ratis.OzoneManagerDoubleBuffer (OzoneManagerDoubleBuffer.java:stopDaemon(559)) - Stopping OMDoubleBuffer flush thread
2023-06-05 07:26:50,460 [OMDoubleBufferFlushThread] INFO  ratis.OzoneManagerDoubleBuffer (OzoneManagerDoubleBuffer.java:canFlush(648)) - OMDoubleBuffer flush thread OMDoubleBufferFlushThread is interrupted and will exit.
2023-06-05 07:26:50,462 [om1-impl-thread1] INFO  server.RaftServer$Division (ServerState.java:close(472)) - om1@group-C5BA1605619E: closes. applyIndex: 0
2023-06-05 07:26:51,114 [om1-impl-thread1] INFO  segmented.SegmentedRaftLogWorker (SegmentedRaftLogWorker.java:close(252)) - om1@group-C5BA1605619E-SegmentedRaftLogWorker close()
2023-06-05 07:26:51,114 [JvmPauseMonitor8] INFO  util.JvmPauseMonitor (JvmPauseMonitor.java:run(109)) - JvmPauseMonitor-om1: Stopped
2023-06-05 07:26:51,115 [main] INFO  ratis.OzoneManagerStateMachine (OzoneManagerStateMachine.java:close(533)) - StateMachine has shutdown. Shutdown OzoneManager if not already shutdown.
2023-06-05 07:26:51,115 [main] INFO  ratis.OzoneManagerDoubleBuffer (OzoneManagerDoubleBuffer.java:stopDaemon(568)) - OMDoubleBuffer flush thread is not running.
2023-06-05 07:26:51,116 [main] INFO  utils.BackgroundService (BackgroundService.java:shutdown(141)) - Shutting down service KeyDeletingService
2023-06-05 07:26:51,116 [main] INFO  utils.BackgroundService (BackgroundService.java:shutdown(141)) - Shutting down service KeyDeletingService
2023-06-05 07:26:51,116 [main] INFO  utils.BackgroundService (BackgroundService.java:shutdown(141)) - Shutting down service OpenKeyCleanupService
2023-06-05 07:26:51,116 [main] INFO  utils.BackgroundService (BackgroundService.java:shutdown(141)) - Shutting down service SstFilteringService
2023-06-05 07:26:51,116 [main] INFO  utils.BackgroundService (BackgroundService.java:shutdown(141)) - Shutting down service SnapshotDeletingService
2023-06-05 07:26:51,117 [main] INFO  handler.ContextHandler (ContextHandler.java:doStop(1159)) - Stopped o.e.j.w.WebAppContext@4b2f9239{ozoneManager,/,null,STOPPED}{file:/home/runner/work/ozone/ozone/hadoop-ozone/integration-test/target/test-classes/webapps/ozoneManager}
2023-06-05 07:26:51,118 [main] INFO  server.AbstractConnector (AbstractConnector.java:doStop(383)) - Stopped ServerConnector@207f36b3{HTTP/1.1, (http/1.1)}{0.0.0.0:15040}
2023-06-05 07:26:51,119 [main] INFO  server.session (HouseKeeper.java:stopScavenging(149)) - node0 Stopped scavenging
2023-06-05 07:26:51,119 [main] INFO  handler.ContextHandler (ContextHandler.java:doStop(1159)) - Stopped o.e.j.s.ServletContextHandler@6dba4d62{static,/static,file:///home/runner/work/ozone/ozone/hadoop-ozone/integration-test/target/test-classes/webapps/static,STOPPED}
2023-06-05 07:26:51,119 [main] INFO  handler.ContextHandler (ContextHandler.java:doStop(1159)) - Stopped o.e.j.s.ServletContextHandler@17c2d06{logs,/logs,file:///home/runner/work/ozone/ozone/hadoop-ozone/integration-test/target/log,STOPPED}
2023-06-05 07:26:51,122 [main] INFO  snapshot.SnapshotDiffManager (SnapshotDiffManager.java:closeExecutorService(1278)) - Shutting down executorService: 'SnapDiffExecutor'
2023-06-05 07:26:51,122 [main] INFO  utils.BackgroundService (BackgroundService.java:shutdown(141)) - Shutting down service SnapshotDiffCleanupService
2023-06-05 07:26:51,123 [main] INFO  ozone.MiniOzoneClusterImpl (MiniOzoneClusterImpl.java:stopDatanodes(522)) - Stopping the HddsDatanodes
2023-06-05 07:26:51,126 [main] INFO  ozoneimpl.OzoneContainer (OzoneContainer.java:stop(420)) - Attempting to stop container services.
2023-06-05 07:26:51,127 [ForkJoinPool.commonPool-worker-2] INFO  ozoneimpl.OzoneContainer (OzoneContainer.java:stop(420)) - Attempting to stop container services.
2023-06-05 07:26:51,128 [main] INFO  server.RaftServer (RaftServerProxy.java:lambda$close$6(416)) - 3c76d4c2-e094-4872-a593-1b479b27297f: close
2023-06-05 07:26:51,128 [ForkJoinPool.commonPool-worker-2] INFO  server.RaftServer (RaftServerProxy.java:lambda$close$6(416)) - a932c552-a9c8-4b62-a2c8-86474d85ed21: close
2023-06-05 07:26:51,128 [a932c552-a9c8-4b62-a2c8-86474d85ed21-impl-thread1] INFO  server.RaftServer$Division (RaftServerImpl.java:lambda$close$4(466)) - a932c552-a9c8-4b62-a2c8-86474d85ed21@group-B59A2EF7AE33: shutdown
2023-06-05 07:26:51,128 [a932c552-a9c8-4b62-a2c8-86474d85ed21-impl-thread1] INFO  util.JmxRegister (JmxRegister.java:unregister(73)) - Successfully un-registered JMX Bean with object name Ratis:service=RaftServer,group=group-B59A2EF7AE33,id=a932c552-a9c8-4b62-a2c8-86474d85ed21
2023-06-05 07:26:51,128 [a932c552-a9c8-4b62-a2c8-86474d85ed21-impl-thread1] INFO  impl.RoleInfo (RoleInfo.java:shutdownLeaderState(93)) - a932c552-a9c8-4b62-a2c8-86474d85ed21: shutdown a932c552-a9c8-4b62-a2c8-86474d85ed21@group-B59A2EF7AE33-LeaderStateImpl
2023-06-05 07:26:51,128 [a932c552-a9c8-4b62-a2c8-86474d85ed21-impl-thread1] INFO  impl.PendingRequests (PendingRequests.java:sendNotLeaderResponses(289)) - a932c552-a9c8-4b62-a2c8-86474d85ed21@group-B59A2EF7AE33-PendingRequests: sendNotLeaderResponses
2023-06-05 07:26:51,128 [a932c552-a9c8-4b62-a2c8-86474d85ed21-impl-thread1] INFO  impl.StateMachineUpdater (StateMachineUpdater.java:stopAndJoin(155)) - a932c552-a9c8-4b62-a2c8-86474d85ed21@group-B59A2EF7AE33-StateMachineUpdater: set stopIndex = 0
2023-06-05 07:26:51,129 [3c76d4c2-e094-4872-a593-1b479b27297f-impl-thread1] INFO  server.RaftServer$Division (RaftServerImpl.java:lambda$close$4(466)) - 3c76d4c2-e094-4872-a593-1b479b27297f@group-5E0123A5ABBB: shutdown
2023-06-05 07:26:51,129 [a932c552-a9c8-4b62-a2c8-86474d85ed21@group-B59A2EF7AE33-StateMachineUpdater] INFO  ratis.ContainerStateMachine (ContainerStateMachine.java:takeSnapshot(330)) - group-B59A2EF7AE33: Taking a snapshot at:(t:1, i:0) file /home/runner/work/ozone/ozone/hadoop-ozone/integration-test/target/test-dir/MiniOzoneClusterImpl-a85162ac-0a97-43a1-b203-085e82da2c98/datanode-0/data/ratis/ceff8c5a-6964-45a4-b652-b59a2ef7ae33/sm/snapshot.1_0
2023-06-05 07:26:51,129 [3c76d4c2-e094-4872-a593-1b479b27297f-impl-thread1] INFO  util.JmxRegister (JmxRegister.java:unregister(73)) - Successfully un-registered JMX Bean with object name Ratis:service=RaftServer,group=group-5E0123A5ABBB,id=3c76d4c2-e094-4872-a593-1b479b27297f
2023-06-05 07:26:51,129 [3c76d4c2-e094-4872-a593-1b479b27297f-impl-thread1] INFO  impl.RoleInfo (RoleInfo.java:shutdownLeaderState(93)) - 3c76d4c2-e094-4872-a593-1b479b27297f: shutdown 3c76d4c2-e094-4872-a593-1b479b27297f@group-5E0123A5ABBB-LeaderStateImpl
2023-06-05 07:26:51,129 [3c76d4c2-e094-4872-a593-1b479b27297f-impl-thread1] INFO  impl.PendingRequests (PendingRequests.java:sendNotLeaderResponses(289)) - 3c76d4c2-e094-4872-a593-1b479b27297f@group-5E0123A5ABBB-PendingRequests: sendNotLeaderResponses
2023-06-05 07:26:51,129 [3c76d4c2-e094-4872-a593-1b479b27297f-impl-thread1] INFO  impl.StateMachineUpdater (StateMachineUpdater.java:stopAndJoin(155)) - 3c76d4c2-e094-4872-a593-1b479b27297f@group-5E0123A5ABBB-StateMachineUpdater: set stopIndex = 0
2023-06-05 07:26:51,129 [3c76d4c2-e094-4872-a593-1b479b27297f@group-5E0123A5ABBB-StateMachineUpdater] INFO  ratis.ContainerStateMachine (ContainerStateMachine.java:takeSnapshot(330)) - group-5E0123A5ABBB: Taking a snapshot at:(t:1, i:0) file /home/runner/work/ozone/ozone/hadoop-ozone/integration-test/target/test-dir/MiniOzoneClusterImpl-a85162ac-0a97-43a1-b203-085e82da2c98/datanode-1/data/ratis/d3017e8b-729d-44d3-a14f-5e0123a5abbb/sm/snapshot.1_0
2023-06-05 07:26:51,129 [a932c552-a9c8-4b62-a2c8-86474d85ed21-impl-thread2] INFO  server.RaftServer$Division (RaftServerImpl.java:lambda$close$4(466)) - a932c552-a9c8-4b62-a2c8-86474d85ed21@group-86D4B51AEDAC: shutdown
2023-06-05 07:26:51,130 [a932c552-a9c8-4b62-a2c8-86474d85ed21-impl-thread2] INFO  util.JmxRegister (JmxRegister.java:unregister(73)) - Successfully un-registered JMX Bean with object name Ratis:service=RaftServer,group=group-86D4B51AEDAC,id=a932c552-a9c8-4b62-a2c8-86474d85ed21
2023-06-05 07:26:51,130 [a932c552-a9c8-4b62-a2c8-86474d85ed21-impl-thread2] INFO  impl.RoleInfo (RoleInfo.java:shutdownLeaderState(93)) - a932c552-a9c8-4b62-a2c8-86474d85ed21: shutdown a932c552-a9c8-4b62-a2c8-86474d85ed21@group-86D4B51AEDAC-LeaderStateImpl
2023-06-05 07:26:51,130 [ForkJoinPool.commonPool-worker-2] INFO  server.GrpcService (GrpcService.java:closeImpl(311)) - a932c552-a9c8-4b62-a2c8-86474d85ed21: shutdown server org.apache.ratis.grpc.server.GrpcClientProtocolService now
2023-06-05 07:26:51,130 [a932c552-a9c8-4b62-a2c8-86474d85ed21-impl-thread3] INFO  server.RaftServer$Division (RaftServerImpl.java:lambda$close$4(466)) - a932c552-a9c8-4b62-a2c8-86474d85ed21@group-501504E853F3: shutdown
2023-06-05 07:26:51,130 [a932c552-a9c8-4b62-a2c8-86474d85ed21-impl-thread3] INFO  util.JmxRegister (JmxRegister.java:unregister(73)) - Successfully un-registered JMX Bean with object name Ratis:service=RaftServer,group=group-501504E853F3,id=a932c552-a9c8-4b62-a2c8-86474d85ed21
2023-06-05 07:26:51,130 [a932c552-a9c8-4b62-a2c8-86474d85ed21-impl-thread3] INFO  impl.RoleInfo (RoleInfo.java:shutdownFollowerState(110)) - a932c552-a9c8-4b62-a2c8-86474d85ed21: shutdown a932c552-a9c8-4b62-a2c8-86474d85ed21@group-501504E853F3-FollowerState
2023-06-05 07:26:51,130 [a932c552-a9c8-4b62-a2c8-86474d85ed21@group-B59A2EF7AE33-StateMachineUpdater] INFO  ratis.ContainerStateMachine (ContainerStateMachine.java:takeSnapshot(341)) - group-B59A2EF7AE33: Finished taking a snapshot at:(t:1, i:0) file:/home/runner/work/ozone/ozone/hadoop-ozone/integration-test/target/test-dir/MiniOzoneClusterImpl-a85162ac-0a97-43a1-b203-085e82da2c98/datanode-0/data/ratis/ceff8c5a-6964-45a4-b652-b59a2ef7ae33/sm/snapshot.1_0 took: 2 ms
2023-06-05 07:26:51,131 [a932c552-a9c8-4b62-a2c8-86474d85ed21@group-B59A2EF7AE33-StateMachineUpdater] INFO  impl.StateMachineUpdater (StateMachineUpdater.java:takeSnapshot(291)) - a932c552-a9c8-4b62-a2c8-86474d85ed21@group-B59A2EF7AE33-StateMachineUpdater: Took a snapshot at index 0
2023-06-05 07:26:51,131 [a932c552-a9c8-4b62-a2c8-86474d85ed21@group-B59A2EF7AE33-StateMachineUpdater] INFO  impl.StateMachineUpdater (StateMachineUpdater.java:lambda$new$0(97)) - a932c552-a9c8-4b62-a2c8-86474d85ed21@group-B59A2EF7AE33-StateMachineUpdater: snapshotIndex: updateIncreasingly -1 -> 0
2023-06-05 07:26:51,131 [3c76d4c2-e094-4872-a593-1b479b27297f@group-5E0123A5ABBB-StateMachineUpdater] INFO  ratis.ContainerStateMachine (ContainerStateMachine.java:takeSnapshot(341)) - group-5E0123A5ABBB: Finished taking a snapshot at:(t:1, i:0) file:/home/runner/work/ozone/ozone/hadoop-ozone/integration-test/target/test-dir/MiniOzoneClusterImpl-a85162ac-0a97-43a1-b203-085e82da2c98/datanode-1/data/ratis/d3017e8b-729d-44d3-a14f-5e0123a5abbb/sm/snapshot.1_0 took: 1 ms
2023-06-05 07:26:51,131 [3c76d4c2-e094-4872-a593-1b479b27297f@group-5E0123A5ABBB-StateMachineUpdater] INFO  impl.StateMachineUpdater (StateMachineUpdater.java:takeSnapshot(291)) - 3c76d4c2-e094-4872-a593-1b479b27297f@group-5E0123A5ABBB-StateMachineUpdater: Took a snapshot at index 0
2023-06-05 07:26:51,131 [3c76d4c2-e094-4872-a593-1b479b27297f@group-5E0123A5ABBB-StateMachineUpdater] INFO  impl.StateMachineUpdater (StateMachineUpdater.java:lambda$new$0(97)) - 3c76d4c2-e094-4872-a593-1b479b27297f@group-5E0123A5ABBB-StateMachineUpdater: snapshotIndex: updateIncreasingly -1 -> 0
2023-06-05 07:26:51,140 [a932c552-a9c8-4b62-a2c8-86474d85ed21-impl-thread1] INFO  server.RaftServer$Division (ServerState.java:close(472)) - a932c552-a9c8-4b62-a2c8-86474d85ed21@group-B59A2EF7AE33: closes. applyIndex: 0
2023-06-05 07:26:51,140 [3c76d4c2-e094-4872-a593-1b479b27297f-impl-thread1] INFO  server.RaftServer$Division (ServerState.java:close(472)) - 3c76d4c2-e094-4872-a593-1b479b27297f@group-5E0123A5ABBB: closes. applyIndex: 0
2023-06-05 07:26:51,140 [main] INFO  server.GrpcService (GrpcService.java:closeImpl(311)) - 3c76d4c2-e094-4872-a593-1b479b27297f: shutdown server org.apache.ratis.grpc.server.GrpcClientProtocolService now
2023-06-05 07:26:51,140 [3c76d4c2-e094-4872-a593-1b479b27297f-impl-thread2] INFO  server.RaftServer$Division (RaftServerImpl.java:lambda$close$4(466)) - 3c76d4c2-e094-4872-a593-1b479b27297f@group-86D4B51AEDAC: shutdown
2023-06-05 07:26:51,140 [3c76d4c2-e094-4872-a593-1b479b27297f-impl-thread3] INFO  server.RaftServer$Division (RaftServerImpl.java:lambda$close$4(466)) - 3c76d4c2-e094-4872-a593-1b479b27297f@group-501504E853F3: shutdown
2023-06-05 07:26:51,141 [3c76d4c2-e094-4872-a593-1b479b27297f-impl-thread2] INFO  util.JmxRegister (JmxRegister.java:unregister(73)) - Successfully un-registered JMX Bean with object name Ratis:service=RaftServer,group=group-86D4B51AEDAC,id=3c76d4c2-e094-4872-a593-1b479b27297f
2023-06-05 07:26:51,141 [3c76d4c2-e094-4872-a593-1b479b27297f-impl-thread3] INFO  util.JmxRegister (JmxRegister.java:unregister(73)) - Successfully un-registered JMX Bean with object name Ratis:service=RaftServer,group=group-501504E853F3,id=3c76d4c2-e094-4872-a593-1b479b27297f
2023-06-05 07:26:51,141 [3c76d4c2-e094-4872-a593-1b479b27297f-impl-thread3] INFO  impl.RoleInfo (RoleInfo.java:shutdownFollowerState(110)) - 3c76d4c2-e094-4872-a593-1b479b27297f: shutdown 3c76d4c2-e094-4872-a593-1b479b27297f@group-501504E853F3-FollowerState
2023-06-05 07:26:51,141 [3c76d4c2-e094-4872-a593-1b479b27297f-impl-thread2] INFO  impl.RoleInfo (RoleInfo.java:shutdownFollowerState(110)) - 3c76d4c2-e094-4872-a593-1b479b27297f: shutdown 3c76d4c2-e094-4872-a593-1b479b27297f@group-86D4B51AEDAC-FollowerState
2023-06-05 07:26:51,141 [a932c552-a9c8-4b62-a2c8-86474d85ed21@group-86D4B51AEDAC->3c76d4c2-e094-4872-a593-1b479b27297f-GrpcLogAppender-LogAppenderDaemon] WARN  server.GrpcLogAppender (GrpcLogAppender.java:mayWait(199)) - a932c552-a9c8-4b62-a2c8-86474d85ed21@group-86D4B51AEDAC->3c76d4c2-e094-4872-a593-1b479b27297f-GrpcLogAppender: Wait interrupted by java.lang.InterruptedException
2023-06-05 07:26:51,141 [a932c552-a9c8-4b62-a2c8-86474d85ed21-impl-thread2] INFO  impl.PendingRequests (PendingRequests.java:sendNotLeaderResponses(289)) - a932c552-a9c8-4b62-a2c8-86474d85ed21@group-86D4B51AEDAC-PendingRequests: sendNotLeaderResponses
2023-06-05 07:26:51,142 [a932c552-a9c8-4b62-a2c8-86474d85ed21-impl-thread2] INFO  impl.StateMachineUpdater (StateMachineUpdater.java:stopAndJoin(155)) - a932c552-a9c8-4b62-a2c8-86474d85ed21@group-86D4B51AEDAC-StateMachineUpdater: set stopIndex = 0
2023-06-05 07:26:51,142 [a932c552-a9c8-4b62-a2c8-86474d85ed21@group-86D4B51AEDAC-StateMachineUpdater] INFO  ratis.ContainerStateMachine (ContainerStateMachine.java:takeSnapshot(330)) - group-86D4B51AEDAC: Taking a snapshot at:(t:1, i:0) file /home/runner/work/ozone/ozone/hadoop-ozone/integration-test/target/test-dir/MiniOzoneClusterImpl-a85162ac-0a97-43a1-b203-085e82da2c98/datanode-0/data/ratis/068847d2-7bf7-42b2-9674-86d4b51aedac/sm/snapshot.1_0
2023-06-05 07:26:51,141 [a932c552-a9c8-4b62-a2c8-86474d85ed21@group-86D4B51AEDAC->84b68c3b-2f77-40fe-81b5-687554ab1805-GrpcLogAppender-LogAppenderDaemon] WARN  server.GrpcLogAppender (GrpcLogAppender.java:mayWait(199)) - a932c552-a9c8-4b62-a2c8-86474d85ed21@group-86D4B51AEDAC->84b68c3b-2f77-40fe-81b5-687554ab1805-GrpcLogAppender: Wait interrupted by java.lang.InterruptedException
2023-06-05 07:26:51,143 [a932c552-a9c8-4b62-a2c8-86474d85ed21@group-86D4B51AEDAC-StateMachineUpdater] INFO  ratis.ContainerStateMachine (ContainerStateMachine.java:takeSnapshot(341)) - group-86D4B51AEDAC: Finished taking a snapshot at:(t:1, i:0) file:/home/runner/work/ozone/ozone/hadoop-ozone/integration-test/target/test-dir/MiniOzoneClusterImpl-a85162ac-0a97-43a1-b203-085e82da2c98/datanode-0/data/ratis/068847d2-7bf7-42b2-9674-86d4b51aedac/sm/snapshot.1_0 took: 1 ms
2023-06-05 07:26:51,143 [a932c552-a9c8-4b62-a2c8-86474d85ed21@group-86D4B51AEDAC-StateMachineUpdater] INFO  impl.StateMachineUpdater (StateMachineUpdater.java:takeSnapshot(291)) - a932c552-a9c8-4b62-a2c8-86474d85ed21@group-86D4B51AEDAC-StateMachineUpdater: Took a snapshot at index 0
2023-06-05 07:26:51,143 [a932c552-a9c8-4b62-a2c8-86474d85ed21@group-86D4B51AEDAC-StateMachineUpdater] INFO  impl.StateMachineUpdater (StateMachineUpdater.java:lambda$new$0(97)) - a932c552-a9c8-4b62-a2c8-86474d85ed21@group-86D4B51AEDAC-StateMachineUpdater: snapshotIndex: updateIncreasingly -1 -> 0
2023-06-05 07:26:51,141 [a932c552-a9c8-4b62-a2c8-86474d85ed21@group-501504E853F3-FollowerState] INFO  impl.FollowerState (FollowerState.java:run(152)) - a932c552-a9c8-4b62-a2c8-86474d85ed21@group-501504E853F3-FollowerState was interrupted
2023-06-05 07:26:51,143 [grpc-default-executor-3] INFO  server.GrpcServerProtocolService (GrpcServerProtocolService.java:onCompleted(155)) - 3c76d4c2-e094-4872-a593-1b479b27297f: Completed APPEND_ENTRIES, lastRequest: null
2023-06-05 07:26:51,144 [grpc-default-executor-3] INFO  server.GrpcServerProtocolService (GrpcServerProtocolService.java:lambda$onCompleted$5(157)) - 3c76d4c2-e094-4872-a593-1b479b27297f: Completed APPEND_ENTRIES, lastReply: serverReply {
  requestorId: "a932c552-a9c8-4b62-a2c8-86474d85ed21"
  replyId: "3c76d4c2-e094-4872-a593-1b479b27297f"
  raftGroupId {
    id: "\006\210G\322{\367B\262\226t\206\324\265\032\355\254"
  }
  callId: 2
  success: true
}
term: 1
followerCommit: 18446744073709551615
matchIndex: 18446744073709551615
isHearbeat: true

2023-06-05 07:26:51,144 [grpc-default-executor-4] INFO  server.GrpcServerProtocolService (GrpcServerProtocolService.java:onCompleted(155)) - 84b68c3b-2f77-40fe-81b5-687554ab1805: Completed APPEND_ENTRIES, lastRequest: null
2023-06-05 07:26:51,145 [grpc-default-executor-4] INFO  server.GrpcServerProtocolService (GrpcServerProtocolService.java:lambda$onCompleted$5(157)) - 84b68c3b-2f77-40fe-81b5-687554ab1805: Completed APPEND_ENTRIES, lastReply: serverReply {
  requestorId: "a932c552-a9c8-4b62-a2c8-86474d85ed21"
  replyId: "84b68c3b-2f77-40fe-81b5-687554ab1805"
  raftGroupId {
    id: "\006\210G\322{\367B\262\226t\206\324\265\032\355\254"
  }
  success: true
}
term: 1
nextIndex: 1
followerCommit: 18446744073709551615
matchIndex: 18446744073709551615
isHearbeat: true

2023-06-05 07:26:51,143 [a932c552-a9c8-4b62-a2c8-86474d85ed21-impl-thread2] INFO  server.RaftServer$Division (ServerState.java:close(472)) - a932c552-a9c8-4b62-a2c8-86474d85ed21@group-86D4B51AEDAC: closes. applyIndex: 0
2023-06-05 07:26:51,145 [grpc-default-executor-2] INFO  server.GrpcServerProtocolService (GrpcServerProtocolService.java:onCompleted(155)) - 3c76d4c2-e094-4872-a593-1b479b27297f: Completed APPEND_ENTRIES, lastRequest: a932c552-a9c8-4b62-a2c8-86474d85ed21->3c76d4c2-e094-4872-a593-1b479b27297f#1-t1,previous=(t:0, i:0),leaderCommit=-1,initializing? true,entries: size=1, first=(t:1, i:0), CONFIGURATIONENTRY(current:id: "a932c552-a9c8-4b62-a2c8-86474d85ed21"
address: "10.1.0.81:15049"
priority: 1
dataStreamAddress: "10.1.0.81:15050"
clientAddress: "10.1.0.81:15047"
adminAddress: "10.1.0.81:15048"
startupRole: FOLLOWER
,id: "84b68c3b-2f77-40fe-81b5-687554ab1805"
address: "10.1.0.81:15067"
dataStreamAddress: "10.1.0.81:15068"
clientAddress: "10.1.0.81:15065"
adminAddress: "10.1.0.81:15066"
startupRole: FOLLOWER
,id: "3c76d4c2-e094-4872-a593-1b479b27297f"
address: "10.1.0.81:15058"
dataStreamAddress: "10.1.0.81:15059"
clientAddress: "10.1.0.81:15056"
adminAddress: "10.1.0.81:15057"
startupRole: FOLLOWER
, old:)
2023-06-05 07:26:51,146 [grpc-default-executor-2] INFO  server.GrpcServerProtocolService (GrpcServerProtocolService.java:lambda$onCompleted$5(157)) - 3c76d4c2-e094-4872-a593-1b479b27297f: Completed APPEND_ENTRIES, lastReply: null
2023-06-05 07:26:51,146 [grpc-default-executor-3] INFO  server.GrpcServerProtocolService (GrpcServerProtocolService.java:onCompleted(155)) - 84b68c3b-2f77-40fe-81b5-687554ab1805: Completed APPEND_ENTRIES, lastRequest: a932c552-a9c8-4b62-a2c8-86474d85ed21->84b68c3b-2f77-40fe-81b5-687554ab1805#1-t1,previous=(t:0, i:0),leaderCommit=-1,initializing? true,entries: size=1, first=(t:1, i:0), CONFIGURATIONENTRY(current:id: "a932c552-a9c8-4b62-a2c8-86474d85ed21"
address: "10.1.0.81:15049"
priority: 1
dataStreamAddress: "10.1.0.81:15050"
clientAddress: "10.1.0.81:15047"
adminAddress: "10.1.0.81:15048"
startupRole: FOLLOWER
,id: "84b68c3b-2f77-40fe-81b5-687554ab1805"
address: "10.1.0.81:15067"
dataStreamAddress: "10.1.0.81:15068"
clientAddress: "10.1.0.81:15065"
adminAddress: "10.1.0.81:15066"
startupRole: FOLLOWER
,id: "3c76d4c2-e094-4872-a593-1b479b27297f"
address: "10.1.0.81:15058"
dataStreamAddress: "10.1.0.81:15059"
clientAddress: "10.1.0.81:15056"
adminAddress: "10.1.0.81:15057"
startupRole: FOLLOWER
, old:)
2023-06-05 07:26:51,146 [grpc-default-executor-3] INFO  server.GrpcServerProtocolService (GrpcServerProtocolService.java:lambda$onCompleted$5(157)) - 84b68c3b-2f77-40fe-81b5-687554ab1805: Completed APPEND_ENTRIES, lastReply: null
2023-06-05 07:26:51,150 [3c76d4c2-e094-4872-a593-1b479b27297f-impl-thread3] INFO  impl.StateMachineUpdater (StateMachineUpdater.java:stopAndJoin(155)) - 3c76d4c2-e094-4872-a593-1b479b27297f@group-501504E853F3-StateMachineUpdater: set stopIndex = -1
2023-06-05 07:26:51,150 [3c76d4c2-e094-4872-a593-1b479b27297f@group-501504E853F3-FollowerState] INFO  impl.FollowerState (FollowerState.java:run(152)) - 3c76d4c2-e094-4872-a593-1b479b27297f@group-501504E853F3-FollowerState was interrupted
2023-06-05 07:26:51,150 [3c76d4c2-e094-4872-a593-1b479b27297f-impl-thread3] INFO  server.RaftServer$Division (ServerState.java:close(472)) - 3c76d4c2-e094-4872-a593-1b479b27297f@group-501504E853F3: closes. applyIndex: -1
2023-06-05 07:26:51,151 [grpc-default-executor-0] INFO  server.GrpcLogAppender (GrpcLogAppender.java:onCompleted(428)) - a932c552-a9c8-4b62-a2c8-86474d85ed21@group-86D4B51AEDAC->84b68c3b-2f77-40fe-81b5-687554ab1805-AppendLogResponseHandler: follower responses appendEntries COMPLETED
2023-06-05 07:26:51,152 [grpc-default-executor-0] INFO  leader.FollowerInfo (FollowerInfoImpl.java:lambda$new$0(52)) - a932c552-a9c8-4b62-a2c8-86474d85ed21@group-86D4B51AEDAC->84b68c3b-2f77-40fe-81b5-687554ab1805: decreaseNextIndex nextIndex: updateUnconditionally 1 -> 0
2023-06-05 07:26:51,152 [grpc-default-executor-1] INFO  server.GrpcLogAppender (GrpcLogAppender.java:onCompleted(428)) - a932c552-a9c8-4b62-a2c8-86474d85ed21@group-86D4B51AEDAC->3c76d4c2-e094-4872-a593-1b479b27297f-AppendLogResponseHandler: follower responses appendEntries COMPLETED
2023-06-05 07:26:51,152 [grpc-default-executor-1] INFO  leader.FollowerInfo (FollowerInfoImpl.java:lambda$new$0(52)) - a932c552-a9c8-4b62-a2c8-86474d85ed21@group-86D4B51AEDAC->3c76d4c2-e094-4872-a593-1b479b27297f: decreaseNextIndex nextIndex: updateUnconditionally 1 -> 0
2023-06-05 07:26:51,153 [main] INFO  server.GrpcService (GrpcService.java:closeImpl(320)) - 3c76d4c2-e094-4872-a593-1b479b27297f: shutdown server org.apache.ratis.grpc.server.GrpcClientProtocolService successfully
2023-06-05 07:26:51,153 [main] INFO  server.GrpcService (GrpcService.java:closeImpl(311)) - 3c76d4c2-e094-4872-a593-1b479b27297f: shutdown server GrpcServerProtocolService now
2023-06-05 07:26:51,157 [grpc-default-executor-5] INFO  server.GrpcLogAppender (GrpcLogAppender.java:onCompleted(428)) - a932c552-a9c8-4b62-a2c8-86474d85ed21@group-86D4B51AEDAC->84b68c3b-2f77-40fe-81b5-687554ab1805-AppendLogResponseHandler: follower responses appendEntries COMPLETED
2023-06-05 07:26:51,158 [3c76d4c2-e094-4872-a593-1b479b27297f-impl-thread2] INFO  impl.StateMachineUpdater (StateMachineUpdater.java:stopAndJoin(155)) - 3c76d4c2-e094-4872-a593-1b479b27297f@group-86D4B51AEDAC-StateMachineUpdater: set stopIndex = -1
2023-06-05 07:26:51,158 [3c76d4c2-e094-4872-a593-1b479b27297f-impl-thread2] INFO  server.RaftServer$Division (ServerState.java:close(472)) - 3c76d4c2-e094-4872-a593-1b479b27297f@group-86D4B51AEDAC: closes. applyIndex: -1
2023-06-05 07:26:51,158 [3c76d4c2-e094-4872-a593-1b479b27297f@group-86D4B51AEDAC-FollowerState] INFO  impl.FollowerState (FollowerState.java:run(152)) - 3c76d4c2-e094-4872-a593-1b479b27297f@group-86D4B51AEDAC-FollowerState was interrupted
2023-06-05 07:26:51,163 [Thread-867] INFO  server.GrpcServerProtocolClient (GrpcServerProtocolClient.java:close(103)) - 3c76d4c2-e094-4872-a593-1b479b27297f Close channels
2023-06-05 07:26:51,163 [Thread-866] INFO  server.GrpcServerProtocolClient (GrpcServerProtocolClient.java:close(103)) - 84b68c3b-2f77-40fe-81b5-687554ab1805 Close channels
2023-06-05 07:26:51,164 [grpc-default-executor-1] INFO  server.GrpcLogAppender (GrpcLogAppender.java:onCompleted(428)) - a932c552-a9c8-4b62-a2c8-86474d85ed21@group-86D4B51AEDAC->3c76d4c2-e094-4872-a593-1b479b27297f-AppendLogResponseHandler: follower responses appendEntries COMPLETED
2023-06-05 07:26:51,164 [grpc-default-executor-1] WARN  server.GrpcLogAppender (GrpcLogAppender.java:resetClient(137)) - a932c552-a9c8-4b62-a2c8-86474d85ed21@group-86D4B51AEDAC->3c76d4c2-e094-4872-a593-1b479b27297f-GrpcLogAppender: Failed to getClient for 3c76d4c2-e094-4872-a593-1b479b27297f
org.apache.ratis.protocol.exceptions.AlreadyClosedException: a932c552-a9c8-4b62-a2c8-86474d85ed21 is already CLOSED
	at org.apache.ratis.util.PeerProxyMap$PeerAndProxy.getProxy(PeerProxyMap.java:61)
	at org.apache.ratis.util.PeerProxyMap.getProxy(PeerProxyMap.java:115)
	at org.apache.ratis.grpc.server.GrpcLogAppender.getClient(GrpcLogAppender.java:112)
	at org.apache.ratis.grpc.server.GrpcLogAppender.resetClient(GrpcLogAppender.java:117)
	at org.apache.ratis.grpc.server.GrpcLogAppender.access$500(GrpcLogAppender.java:56)
	at org.apache.ratis.grpc.server.GrpcLogAppender$AppendLogResponseHandler.onCompleted(GrpcLogAppender.java:429)
	at org.apache.ratis.thirdparty.io.grpc.stub.ClientCalls$StreamObserverToCallListenerAdapter.onClose(ClientCalls.java:485)
	at org.apache.ratis.thirdparty.io.grpc.internal.DelayedClientCall$DelayedListener$3.run(DelayedClientCall.java:471)
	at org.apache.ratis.thirdparty.io.grpc.internal.DelayedClientCall$DelayedListener.delayOrExecute(DelayedClientCall.java:435)
	at org.apache.ratis.thirdparty.io.grpc.internal.DelayedClientCall$DelayedListener.onClose(DelayedClientCall.java:468)
	at org.apache.ratis.thirdparty.io.grpc.internal.ClientCallImpl.closeObserver(ClientCallImpl.java:563)
	at org.apache.ratis.thirdparty.io.grpc.internal.ClientCallImpl.access$300(ClientCallImpl.java:70)
	at org.apache.ratis.thirdparty.io.grpc.internal.ClientCallImpl$ClientStreamListenerImpl$1StreamClosed.runInternal(ClientCallImpl.java:744)
	at org.apache.ratis.thirdparty.io.grpc.internal.ClientCallImpl$ClientStreamListenerImpl$1StreamClosed.runInContext(ClientCallImpl.java:723)
	at org.apache.ratis.thirdparty.io.grpc.internal.ContextRunnable.run(ContextRunnable.java:37)
	at org.apache.ratis.thirdparty.io.grpc.internal.SerializingExecutor.run(SerializingExecutor.java:133)
	at java.util.concurrent.ThreadPoolExecutor.runWorker(ThreadPoolExecutor.java:1149)
	at java.util.concurrent.ThreadPoolExecutor$Worker.run(ThreadPoolExecutor.java:624)
	at java.lang.Thread.run(Thread.java:750)
2023-06-05 07:26:51,163 [a932c552-a9c8-4b62-a2c8-86474d85ed21-impl-thread3] INFO  impl.StateMachineUpdater (StateMachineUpdater.java:stopAndJoin(155)) - a932c552-a9c8-4b62-a2c8-86474d85ed21@group-501504E853F3-StateMachineUpdater: set stopIndex = -1
2023-06-05 07:26:51,165 [a932c552-a9c8-4b62-a2c8-86474d85ed21-impl-thread3] INFO  server.RaftServer$Division (ServerState.java:close(472)) - a932c552-a9c8-4b62-a2c8-86474d85ed21@group-501504E853F3: closes. applyIndex: -1
2023-06-05 07:26:51,167 [grpc-default-executor-6] WARN  server.GrpcServerProtocolService (LogUtils.java:warn(122)) - 3c76d4c2-e094-4872-a593-1b479b27297f: APPEND_ENTRIES onError, lastRequest: null: org.apache.ratis.thirdparty.io.grpc.StatusRuntimeException: CANCELLED: client cancelled
2023-06-05 07:26:51,169 [ForkJoinPool.commonPool-worker-3] INFO  ozoneimpl.OzoneContainer (OzoneContainer.java:stop(420)) - Attempting to stop container services.
2023-06-05 07:26:51,170 [grpc-default-executor-3] WARN  server.GrpcServerProtocolService (LogUtils.java:warn(122)) - 3c76d4c2-e094-4872-a593-1b479b27297f: APPEND_ENTRIES onError, lastRequest: 84b68c3b-2f77-40fe-81b5-687554ab1805->3c76d4c2-e094-4872-a593-1b479b27297f#1-t1,previous=(t:0, i:0),leaderCommit=-1,initializing? true,entries: size=1, first=(t:1, i:0), CONFIGURATIONENTRY(current:id: "a932c552-a9c8-4b62-a2c8-86474d85ed21"
address: "10.1.0.81:15049"
dataStreamAddress: "10.1.0.81:15050"
clientAddress: "10.1.0.81:15047"
adminAddress: "10.1.0.81:15048"
startupRole: FOLLOWER
,id: "84b68c3b-2f77-40fe-81b5-687554ab1805"
address: "10.1.0.81:15067"
priority: 1
dataStreamAddress: "10.1.0.81:15068"
clientAddress: "10.1.0.81:15065"
adminAddress: "10.1.0.81:15066"
startupRole: FOLLOWER
,id: "3c76d4c2-e094-4872-a593-1b479b27297f"
address: "10.1.0.81:15058"
dataStreamAddress: "10.1.0.81:15059"
clientAddress: "10.1.0.81:15056"
adminAddress: "10.1.0.81:15057"
startupRole: FOLLOWER
, old:): org.apache.ratis.thirdparty.io.grpc.StatusRuntimeException: CANCELLED: client cancelled
2023-06-05 07:26:51,171 [grpc-default-executor-2] WARN  server.GrpcLogAppender (LogUtils.java:warn(122)) - 84b68c3b-2f77-40fe-81b5-687554ab1805@group-501504E853F3->3c76d4c2-e094-4872-a593-1b479b27297f-AppendLogResponseHandler: Failed appendEntries: org.apache.ratis.thirdparty.io.grpc.StatusRuntimeException: CANCELLED: RST_STREAM closed stream. HTTP/2 error code: CANCEL
2023-06-05 07:26:51,171 [grpc-default-executor-2] WARN  server.GrpcLogAppender (GrpcLogAppender.java:resetClient(128)) - 84b68c3b-2f77-40fe-81b5-687554ab1805@group-501504E853F3->3c76d4c2-e094-4872-a593-1b479b27297f-GrpcLogAppender: Follower failed when matchIndex == 0,  keep nextIndex (1) unchanged and retry.
2023-06-05 07:26:51,171 [grpc-default-executor-4] WARN  server.GrpcLogAppender (LogUtils.java:warn(122)) - 84b68c3b-2f77-40fe-81b5-687554ab1805@group-501504E853F3->3c76d4c2-e094-4872-a593-1b479b27297f-AppendLogResponseHandler: Failed appendEntries: org.apache.ratis.thirdparty.io.grpc.StatusRuntimeException: CANCELLED: RST_STREAM closed stream. HTTP/2 error code: CANCEL
2023-06-05 07:26:51,171 [grpc-default-executor-4] WARN  server.GrpcLogAppender (GrpcLogAppender.java:resetClient(128)) - 84b68c3b-2f77-40fe-81b5-687554ab1805@group-501504E853F3->3c76d4c2-e094-4872-a593-1b479b27297f-GrpcLogAppender: Follower failed when matchIndex == 0,  keep nextIndex (1) unchanged and retry.
2023-06-05 07:26:51,172 [ForkJoinPool.commonPool-worker-3] INFO  server.RaftServer (RaftServerProxy.java:lambda$close$6(416)) - 84b68c3b-2f77-40fe-81b5-687554ab1805: close
2023-06-05 07:26:51,172 [84b68c3b-2f77-40fe-81b5-687554ab1805-impl-thread1] INFO  server.RaftServer$Division (RaftServerImpl.java:lambda$close$4(466)) - 84b68c3b-2f77-40fe-81b5-687554ab1805@group-86D4B51AEDAC: shutdown
2023-06-05 07:26:51,172 [84b68c3b-2f77-40fe-81b5-687554ab1805-impl-thread1] INFO  util.JmxRegister (JmxRegister.java:unregister(73)) - Successfully un-registered JMX Bean with object name Ratis:service=RaftServer,group=group-86D4B51AEDAC,id=84b68c3b-2f77-40fe-81b5-687554ab1805
2023-06-05 07:26:51,172 [84b68c3b-2f77-40fe-81b5-687554ab1805-impl-thread1] INFO  impl.RoleInfo (RoleInfo.java:shutdownFollowerState(110)) - 84b68c3b-2f77-40fe-81b5-687554ab1805: shutdown 84b68c3b-2f77-40fe-81b5-687554ab1805@group-86D4B51AEDAC-FollowerState
2023-06-05 07:26:51,172 [84b68c3b-2f77-40fe-81b5-687554ab1805-impl-thread1] INFO  impl.StateMachineUpdater (StateMachineUpdater.java:stopAndJoin(155)) - 84b68c3b-2f77-40fe-81b5-687554ab1805@group-86D4B51AEDAC-StateMachineUpdater: set stopIndex = -1
2023-06-05 07:26:51,172 [84b68c3b-2f77-40fe-81b5-687554ab1805@group-86D4B51AEDAC-FollowerState] INFO  impl.FollowerState (FollowerState.java:run(152)) - 84b68c3b-2f77-40fe-81b5-687554ab1805@group-86D4B51AEDAC-FollowerState was interrupted
2023-06-05 07:26:51,172 [84b68c3b-2f77-40fe-81b5-687554ab1805-impl-thread1] INFO  server.RaftServer$Division (ServerState.java:close(472)) - 84b68c3b-2f77-40fe-81b5-687554ab1805@group-86D4B51AEDAC: closes. applyIndex: -1
2023-06-05 07:26:51,174 [84b68c3b-2f77-40fe-81b5-687554ab1805-impl-thread2] INFO  server.RaftServer$Division (RaftServerImpl.java:lambda$close$4(466)) - 84b68c3b-2f77-40fe-81b5-687554ab1805@group-926E028D425B: shutdown
2023-06-05 07:26:51,174 [84b68c3b-2f77-40fe-81b5-687554ab1805-impl-thread2] INFO  util.JmxRegister (JmxRegister.java:unregister(73)) - Successfully un-registered JMX Bean with object name Ratis:service=RaftServer,group=group-926E028D425B,id=84b68c3b-2f77-40fe-81b5-687554ab1805
2023-06-05 07:26:51,174 [84b68c3b-2f77-40fe-81b5-687554ab1805-impl-thread2] INFO  impl.RoleInfo (RoleInfo.java:shutdownLeaderState(93)) - 84b68c3b-2f77-40fe-81b5-687554ab1805: shutdown 84b68c3b-2f77-40fe-81b5-687554ab1805@group-926E028D425B-LeaderStateImpl
2023-06-05 07:26:51,174 [84b68c3b-2f77-40fe-81b5-687554ab1805-impl-thread2] INFO  impl.PendingRequests (PendingRequests.java:sendNotLeaderResponses(289)) - 84b68c3b-2f77-40fe-81b5-687554ab1805@group-926E028D425B-PendingRequests: sendNotLeaderResponses
2023-06-05 07:26:51,174 [84b68c3b-2f77-40fe-81b5-687554ab1805-impl-thread2] INFO  impl.StateMachineUpdater (StateMachineUpdater.java:stopAndJoin(155)) - 84b68c3b-2f77-40fe-81b5-687554ab1805@group-926E028D425B-StateMachineUpdater: set stopIndex = 0
2023-06-05 07:26:51,175 [ForkJoinPool.commonPool-worker-3] INFO  server.GrpcService (GrpcService.java:closeImpl(311)) - 84b68c3b-2f77-40fe-81b5-687554ab1805: shutdown server org.apache.ratis.grpc.server.GrpcClientProtocolService now
2023-06-05 07:26:51,175 [84b68c3b-2f77-40fe-81b5-687554ab1805@group-926E028D425B-StateMachineUpdater] INFO  ratis.ContainerStateMachine (ContainerStateMachine.java:takeSnapshot(330)) - group-926E028D425B: Taking a snapshot at:(t:1, i:0) file /home/runner/work/ozone/ozone/hadoop-ozone/integration-test/target/test-dir/MiniOzoneClusterImpl-a85162ac-0a97-43a1-b203-085e82da2c98/datanode-2/data/ratis/f01f2d43-0189-4d68-b34f-926e028d425b/sm/snapshot.1_0
2023-06-05 07:26:51,175 [84b68c3b-2f77-40fe-81b5-687554ab1805-impl-thread3] INFO  server.RaftServer$Division (RaftServerImpl.java:lambda$close$4(466)) - 84b68c3b-2f77-40fe-81b5-687554ab1805@group-501504E853F3: shutdown
2023-06-05 07:26:51,175 [84b68c3b-2f77-40fe-81b5-687554ab1805-impl-thread3] INFO  util.JmxRegister (JmxRegister.java:unregister(73)) - Successfully un-registered JMX Bean with object name Ratis:service=RaftServer,group=group-501504E853F3,id=84b68c3b-2f77-40fe-81b5-687554ab1805
2023-06-05 07:26:51,175 [84b68c3b-2f77-40fe-81b5-687554ab1805-impl-thread3] INFO  impl.RoleInfo (RoleInfo.java:shutdownLeaderState(93)) - 84b68c3b-2f77-40fe-81b5-687554ab1805: shutdown 84b68c3b-2f77-40fe-81b5-687554ab1805@group-501504E853F3-LeaderStateImpl
2023-06-05 07:26:51,175 [84b68c3b-2f77-40fe-81b5-687554ab1805@group-501504E853F3->a932c552-a9c8-4b62-a2c8-86474d85ed21-GrpcLogAppender-LogAppenderDaemon] WARN  server.GrpcLogAppender (GrpcLogAppender.java:mayWait(199)) - 84b68c3b-2f77-40fe-81b5-687554ab1805@group-501504E853F3->a932c552-a9c8-4b62-a2c8-86474d85ed21-GrpcLogAppender: Wait interrupted by java.lang.InterruptedException
2023-06-05 07:26:51,175 [84b68c3b-2f77-40fe-81b5-687554ab1805-impl-thread3] INFO  impl.PendingRequests (PendingRequests.java:sendNotLeaderResponses(289)) - 84b68c3b-2f77-40fe-81b5-687554ab1805@group-501504E853F3-PendingRequests: sendNotLeaderResponses
2023-06-05 07:26:51,175 [84b68c3b-2f77-40fe-81b5-687554ab1805@group-501504E853F3->3c76d4c2-e094-4872-a593-1b479b27297f-GrpcLogAppender-LogAppenderDaemon] WARN  server.GrpcLogAppender (GrpcLogAppender.java:mayWait(199)) - 84b68c3b-2f77-40fe-81b5-687554ab1805@group-501504E853F3->3c76d4c2-e094-4872-a593-1b479b27297f-GrpcLogAppender: Wait interrupted by java.lang.InterruptedException
2023-06-05 07:26:51,175 [84b68c3b-2f77-40fe-81b5-687554ab1805-impl-thread3] INFO  impl.StateMachineUpdater (StateMachineUpdater.java:stopAndJoin(155)) - 84b68c3b-2f77-40fe-81b5-687554ab1805@group-501504E853F3-StateMachineUpdater: set stopIndex = 0
2023-06-05 07:26:51,176 [84b68c3b-2f77-40fe-81b5-687554ab1805@group-501504E853F3-StateMachineUpdater] INFO  ratis.ContainerStateMachine (ContainerStateMachine.java:takeSnapshot(330)) - group-501504E853F3: Taking a snapshot at:(t:1, i:0) file /home/runner/work/ozone/ozone/hadoop-ozone/integration-test/target/test-dir/MiniOzoneClusterImpl-a85162ac-0a97-43a1-b203-085e82da2c98/datanode-2/data/ratis/55cdae1d-b0f5-4875-9be0-501504e853f3/sm/snapshot.1_0
2023-06-05 07:26:51,176 [84b68c3b-2f77-40fe-81b5-687554ab1805@group-926E028D425B-StateMachineUpdater] INFO  ratis.ContainerStateMachine (ContainerStateMachine.java:takeSnapshot(341)) - group-926E028D425B: Finished taking a snapshot at:(t:1, i:0) file:/home/runner/work/ozone/ozone/hadoop-ozone/integration-test/target/test-dir/MiniOzoneClusterImpl-a85162ac-0a97-43a1-b203-085e82da2c98/datanode-2/data/ratis/f01f2d43-0189-4d68-b34f-926e028d425b/sm/snapshot.1_0 took: 2 ms
2023-06-05 07:26:51,176 [84b68c3b-2f77-40fe-81b5-687554ab1805@group-926E028D425B-StateMachineUpdater] INFO  impl.StateMachineUpdater (StateMachineUpdater.java:takeSnapshot(291)) - 84b68c3b-2f77-40fe-81b5-687554ab1805@group-926E028D425B-StateMachineUpdater: Took a snapshot at index 0
2023-06-05 07:26:51,176 [84b68c3b-2f77-40fe-81b5-687554ab1805@group-926E028D425B-StateMachineUpdater] INFO  impl.StateMachineUpdater (StateMachineUpdater.java:lambda$new$0(97)) - 84b68c3b-2f77-40fe-81b5-687554ab1805@group-926E028D425B-StateMachineUpdater: snapshotIndex: updateIncreasingly -1 -> 0
2023-06-05 07:26:51,177 [84b68c3b-2f77-40fe-81b5-687554ab1805-impl-thread2] INFO  server.RaftServer$Division (ServerState.java:close(472)) - 84b68c3b-2f77-40fe-81b5-687554ab1805@group-926E028D425B: closes. applyIndex: 0
2023-06-05 07:26:51,176 [84b68c3b-2f77-40fe-81b5-687554ab1805@group-501504E853F3-StateMachineUpdater] INFO  ratis.ContainerStateMachine (ContainerStateMachine.java:takeSnapshot(341)) - group-501504E853F3: Finished taking a snapshot at:(t:1, i:0) file:/home/runner/work/ozone/ozone/hadoop-ozone/integration-test/target/test-dir/MiniOzoneClusterImpl-a85162ac-0a97-43a1-b203-085e82da2c98/datanode-2/data/ratis/55cdae1d-b0f5-4875-9be0-501504e853f3/sm/snapshot.1_0 took: 1 ms
2023-06-05 07:26:51,177 [84b68c3b-2f77-40fe-81b5-687554ab1805@group-501504E853F3-StateMachineUpdater] INFO  impl.StateMachineUpdater (StateMachineUpdater.java:takeSnapshot(291)) - 84b68c3b-2f77-40fe-81b5-687554ab1805@group-501504E853F3-StateMachineUpdater: Took a snapshot at index 0
2023-06-05 07:26:51,177 [84b68c3b-2f77-40fe-81b5-687554ab1805@group-501504E853F3-StateMachineUpdater] INFO  impl.StateMachineUpdater (StateMachineUpdater.java:lambda$new$0(97)) - 84b68c3b-2f77-40fe-81b5-687554ab1805@group-501504E853F3-StateMachineUpdater: snapshotIndex: updateIncreasingly -1 -> 0
2023-06-05 07:26:51,177 [84b68c3b-2f77-40fe-81b5-687554ab1805-impl-thread3] INFO  server.RaftServer$Division (ServerState.java:close(472)) - 84b68c3b-2f77-40fe-81b5-687554ab1805@group-501504E853F3: closes. applyIndex: 0
2023-06-05 07:26:51,178 [main] INFO  server.GrpcService (GrpcService.java:closeImpl(320)) - 3c76d4c2-e094-4872-a593-1b479b27297f: shutdown server GrpcServerProtocolService successfully
2023-06-05 07:26:51,178 [main] INFO  server.GrpcService (GrpcService.java:closeImpl(311)) - 3c76d4c2-e094-4872-a593-1b479b27297f: shutdown server org.apache.ratis.grpc.server.GrpcAdminProtocolService now
2023-06-05 07:26:51,179 [grpc-default-executor-3] INFO  server.GrpcServerProtocolService (GrpcServerProtocolService.java:onCompleted(155)) - a932c552-a9c8-4b62-a2c8-86474d85ed21: Completed APPEND_ENTRIES, lastRequest: 84b68c3b-2f77-40fe-81b5-687554ab1805->a932c552-a9c8-4b62-a2c8-86474d85ed21#1-t1,previous=(t:0, i:0),leaderCommit=-1,initializing? true,entries: size=1, first=(t:1, i:0), CONFIGURATIONENTRY(current:id: "a932c552-a9c8-4b62-a2c8-86474d85ed21"
address: "10.1.0.81:15049"
dataStreamAddress: "10.1.0.81:15050"
clientAddress: "10.1.0.81:15047"
adminAddress: "10.1.0.81:15048"
startupRole: FOLLOWER
,id: "84b68c3b-2f77-40fe-81b5-687554ab1805"
address: "10.1.0.81:15067"
priority: 1
dataStreamAddress: "10.1.0.81:15068"
clientAddress: "10.1.0.81:15065"
adminAddress: "10.1.0.81:15066"
startupRole: FOLLOWER
,id: "3c76d4c2-e094-4872-a593-1b479b27297f"
address: "10.1.0.81:15058"
dataStreamAddress: "10.1.0.81:15059"
clientAddress: "10.1.0.81:15056"
adminAddress: "10.1.0.81:15057"
startupRole: FOLLOWER
, old:)
2023-06-05 07:26:51,180 [grpc-default-executor-3] INFO  server.GrpcServerProtocolService (GrpcServerProtocolService.java:lambda$onCompleted$5(157)) - a932c552-a9c8-4b62-a2c8-86474d85ed21: Completed APPEND_ENTRIES, lastReply: null
2023-06-05 07:26:51,180 [grpc-default-executor-1] INFO  server.GrpcServerProtocolService (GrpcServerProtocolService.java:onCompleted(155)) - a932c552-a9c8-4b62-a2c8-86474d85ed21: Completed APPEND_ENTRIES, lastRequest: null
2023-06-05 07:26:51,180 [grpc-default-executor-1] INFO  server.GrpcServerProtocolService (GrpcServerProtocolService.java:lambda$onCompleted$5(157)) - a932c552-a9c8-4b62-a2c8-86474d85ed21: Completed APPEND_ENTRIES, lastReply: serverReply {
  requestorId: "84b68c3b-2f77-40fe-81b5-687554ab1805"
  replyId: "a932c552-a9c8-4b62-a2c8-86474d85ed21"
  raftGroupId {
    id: "U\315\256\035\260\365Hu\233\340P\025\004\350S\363"
  }
  success: true
}
term: 1
nextIndex: 1
followerCommit: 18446744073709551615
matchIndex: 18446744073709551615
isHearbeat: true

2023-06-05 07:26:51,183 [Thread-875] INFO  server.GrpcServerProtocolClient (GrpcServerProtocolClient.java:close(103)) - a932c552-a9c8-4b62-a2c8-86474d85ed21 Close channels
2023-06-05 07:26:51,183 [Thread-877] INFO  server.GrpcServerProtocolClient (GrpcServerProtocolClient.java:close(103)) - 3c76d4c2-e094-4872-a593-1b479b27297f Close channels
2023-06-05 07:26:51,184 [main] INFO  server.GrpcService (GrpcService.java:closeImpl(320)) - 3c76d4c2-e094-4872-a593-1b479b27297f: shutdown server org.apache.ratis.grpc.server.GrpcAdminProtocolService successfully
2023-06-05 07:26:51,185 [3c76d4c2-e094-4872-a593-1b479b27297f-NettyServerStreamRpc-bossGroup--thread1] INFO  logging.LoggingHandler (AbstractInternalLogger.java:log(148)) - [id: 0x1c86e7bc, L:/0:0:0:0:0:0:0:0:15059] CLOSE
2023-06-05 07:26:51,185 [ForkJoinPool.commonPool-worker-2] INFO  server.GrpcService (GrpcService.java:closeImpl(320)) - a932c552-a9c8-4b62-a2c8-86474d85ed21: shutdown server org.apache.ratis.grpc.server.GrpcClientProtocolService successfully
2023-06-05 07:26:51,186 [ForkJoinPool.commonPool-worker-2] INFO  server.GrpcService (GrpcService.java:closeImpl(311)) - a932c552-a9c8-4b62-a2c8-86474d85ed21: shutdown server GrpcServerProtocolService now
2023-06-05 07:26:51,185 [grpc-default-executor-1] INFO  server.GrpcLogAppender (GrpcLogAppender.java:onCompleted(428)) - 84b68c3b-2f77-40fe-81b5-687554ab1805@group-501504E853F3->a932c552-a9c8-4b62-a2c8-86474d85ed21-AppendLogResponseHandler: follower responses appendEntries COMPLETED
2023-06-05 07:26:51,186 [grpc-default-executor-1] WARN  server.GrpcLogAppender (GrpcLogAppender.java:resetClient(137)) - 84b68c3b-2f77-40fe-81b5-687554ab1805@group-501504E853F3->a932c552-a9c8-4b62-a2c8-86474d85ed21-GrpcLogAppender: Failed to getClient for a932c552-a9c8-4b62-a2c8-86474d85ed21
org.apache.ratis.protocol.exceptions.AlreadyClosedException: 84b68c3b-2f77-40fe-81b5-687554ab1805 is already CLOSED
	at org.apache.ratis.util.PeerProxyMap$PeerAndProxy.getProxy(PeerProxyMap.java:61)
	at org.apache.ratis.util.PeerProxyMap.getProxy(PeerProxyMap.java:115)
	at org.apache.ratis.grpc.server.GrpcLogAppender.getClient(GrpcLogAppender.java:112)
	at org.apache.ratis.grpc.server.GrpcLogAppender.resetClient(GrpcLogAppender.java:117)
	at org.apache.ratis.grpc.server.GrpcLogAppender.access$500(GrpcLogAppender.java:56)
	at org.apache.ratis.grpc.server.GrpcLogAppender$AppendLogResponseHandler.onCompleted(GrpcLogAppender.java:429)
	at org.apache.ratis.thirdparty.io.grpc.stub.ClientCalls$StreamObserverToCallListenerAdapter.onClose(ClientCalls.java:485)
	at org.apache.ratis.thirdparty.io.grpc.internal.DelayedClientCall$DelayedListener$3.run(DelayedClientCall.java:471)
	at org.apache.ratis.thirdparty.io.grpc.internal.DelayedClientCall$DelayedListener.delayOrExecute(DelayedClientCall.java:435)
	at org.apache.ratis.thirdparty.io.grpc.internal.DelayedClientCall$DelayedListener.onClose(DelayedClientCall.java:468)
	at org.apache.ratis.thirdparty.io.grpc.internal.ClientCallImpl.closeObserver(ClientCallImpl.java:563)
	at org.apache.ratis.thirdparty.io.grpc.internal.ClientCallImpl.access$300(ClientCallImpl.java:70)
	at org.apache.ratis.thirdparty.io.grpc.internal.ClientCallImpl$ClientStreamListenerImpl$1StreamClosed.runInternal(ClientCallImpl.java:744)
	at org.apache.ratis.thirdparty.io.grpc.internal.ClientCallImpl$ClientStreamListenerImpl$1StreamClosed.runInContext(ClientCallImpl.java:723)
	at org.apache.ratis.thirdparty.io.grpc.internal.ContextRunnable.run(ContextRunnable.java:37)
	at org.apache.ratis.thirdparty.io.grpc.internal.SerializingExecutor.run(SerializingExecutor.java:133)
	at java.util.concurrent.ThreadPoolExecutor.runWorker(ThreadPoolExecutor.java:1149)
	at java.util.concurrent.ThreadPoolExecutor$Worker.run(ThreadPoolExecutor.java:624)
	at java.lang.Thread.run(Thread.java:750)
2023-06-05 07:26:51,185 [grpc-default-executor-3] INFO  server.GrpcLogAppender (GrpcLogAppender.java:onCompleted(428)) - 84b68c3b-2f77-40fe-81b5-687554ab1805@group-501504E853F3->a932c552-a9c8-4b62-a2c8-86474d85ed21-AppendLogResponseHandler: follower responses appendEntries COMPLETED
2023-06-05 07:26:51,186 [grpc-default-executor-3] WARN  server.GrpcLogAppender (GrpcLogAppender.java:resetClient(137)) - 84b68c3b-2f77-40fe-81b5-687554ab1805@group-501504E853F3->a932c552-a9c8-4b62-a2c8-86474d85ed21-GrpcLogAppender: Failed to getClient for a932c552-a9c8-4b62-a2c8-86474d85ed21
org.apache.ratis.protocol.exceptions.AlreadyClosedException: 84b68c3b-2f77-40fe-81b5-687554ab1805 is already CLOSED
	at org.apache.ratis.util.PeerProxyMap$PeerAndProxy.getProxy(PeerProxyMap.java:61)
	at org.apache.ratis.util.PeerProxyMap.getProxy(PeerProxyMap.java:115)
	at org.apache.ratis.grpc.server.GrpcLogAppender.getClient(GrpcLogAppender.java:112)
	at org.apache.ratis.grpc.server.GrpcLogAppender.resetClient(GrpcLogAppender.java:117)
	at org.apache.ratis.grpc.server.GrpcLogAppender.access$500(GrpcLogAppender.java:56)
	at org.apache.ratis.grpc.server.GrpcLogAppender$AppendLogResponseHandler.onCompleted(GrpcLogAppender.java:429)
	at org.apache.ratis.thirdparty.io.grpc.stub.ClientCalls$StreamObserverToCallListenerAdapter.onClose(ClientCalls.java:485)
	at org.apache.ratis.thirdparty.io.grpc.internal.ClientCallImpl.closeObserver(ClientCallImpl.java:563)
	at org.apache.ratis.thirdparty.io.grpc.internal.ClientCallImpl.access$300(ClientCallImpl.java:70)
	at org.apache.ratis.thirdparty.io.grpc.internal.ClientCallImpl$ClientStreamListenerImpl$1StreamClosed.runInternal(ClientCallImpl.java:744)
	at org.apache.ratis.thirdparty.io.grpc.internal.ClientCallImpl$ClientStreamListenerImpl$1StreamClosed.runInContext(ClientCallImpl.java:723)
	at org.apache.ratis.thirdparty.io.grpc.internal.ContextRunnable.run(ContextRunnable.java:37)
	at org.apache.ratis.thirdparty.io.grpc.internal.SerializingExecutor.run(SerializingExecutor.java:133)
	at java.util.concurrent.ThreadPoolExecutor.runWorker(ThreadPoolExecutor.java:1149)
	at java.util.concurrent.ThreadPoolExecutor$Worker.run(ThreadPoolExecutor.java:624)
	at java.lang.Thread.run(Thread.java:750)
2023-06-05 07:26:51,186 [3c76d4c2-e094-4872-a593-1b479b27297f-NettyServerStreamRpc-bossGroup--thread1] INFO  logging.LoggingHandler (AbstractInternalLogger.java:log(148)) - [id: 0x1c86e7bc, L:/0:0:0:0:0:0:0:0:15059] INACTIVE
2023-06-05 07:26:51,187 [3c76d4c2-e094-4872-a593-1b479b27297f-NettyServerStreamRpc-bossGroup--thread1] INFO  logging.LoggingHandler (AbstractInternalLogger.java:log(148)) - [id: 0x1c86e7bc, L:/0:0:0:0:0:0:0:0:15059] UNREGISTERED
2023-06-05 07:26:51,198 [ForkJoinPool.commonPool-worker-2] INFO  server.GrpcService (GrpcService.java:closeImpl(320)) - a932c552-a9c8-4b62-a2c8-86474d85ed21: shutdown server GrpcServerProtocolService successfully
2023-06-05 07:26:51,198 [ForkJoinPool.commonPool-worker-2] INFO  server.GrpcService (GrpcService.java:closeImpl(311)) - a932c552-a9c8-4b62-a2c8-86474d85ed21: shutdown server org.apache.ratis.grpc.server.GrpcAdminProtocolService now
2023-06-05 07:26:51,206 [ForkJoinPool.commonPool-worker-3] INFO  server.GrpcService (GrpcService.java:closeImpl(320)) - 84b68c3b-2f77-40fe-81b5-687554ab1805: shutdown server org.apache.ratis.grpc.server.GrpcClientProtocolService successfully
2023-06-05 07:26:51,206 [ForkJoinPool.commonPool-worker-3] INFO  server.GrpcService (GrpcService.java:closeImpl(311)) - 84b68c3b-2f77-40fe-81b5-687554ab1805: shutdown server GrpcServerProtocolService now
2023-06-05 07:26:51,210 [ForkJoinPool.commonPool-worker-2] INFO  server.GrpcService (GrpcService.java:closeImpl(320)) - a932c552-a9c8-4b62-a2c8-86474d85ed21: shutdown server org.apache.ratis.grpc.server.GrpcAdminProtocolService successfully
2023-06-05 07:26:51,211 [a932c552-a9c8-4b62-a2c8-86474d85ed21-NettyServerStreamRpc-bossGroup--thread1] INFO  logging.LoggingHandler (AbstractInternalLogger.java:log(148)) - [id: 0x5b2963fe, L:/0:0:0:0:0:0:0:0:15050] CLOSE
2023-06-05 07:26:51,211 [a932c552-a9c8-4b62-a2c8-86474d85ed21-NettyServerStreamRpc-bossGroup--thread1] INFO  logging.LoggingHandler (AbstractInternalLogger.java:log(148)) - [id: 0x5b2963fe, L:/0:0:0:0:0:0:0:0:15050] INACTIVE
2023-06-05 07:26:51,211 [a932c552-a9c8-4b62-a2c8-86474d85ed21-NettyServerStreamRpc-bossGroup--thread1] INFO  logging.LoggingHandler (AbstractInternalLogger.java:log(148)) - [id: 0x5b2963fe, L:/0:0:0:0:0:0:0:0:15050] UNREGISTERED
2023-06-05 07:26:51,215 [ForkJoinPool.commonPool-worker-3] INFO  server.GrpcService (GrpcService.java:closeImpl(320)) - 84b68c3b-2f77-40fe-81b5-687554ab1805: shutdown server GrpcServerProtocolService successfully
2023-06-05 07:26:51,215 [ForkJoinPool.commonPool-worker-3] INFO  server.GrpcService (GrpcService.java:closeImpl(311)) - 84b68c3b-2f77-40fe-81b5-687554ab1805: shutdown server org.apache.ratis.grpc.server.GrpcAdminProtocolService now
2023-06-05 07:26:51,222 [ForkJoinPool.commonPool-worker-3] INFO  server.GrpcService (GrpcService.java:closeImpl(320)) - 84b68c3b-2f77-40fe-81b5-687554ab1805: shutdown server org.apache.ratis.grpc.server.GrpcAdminProtocolService successfully
2023-06-05 07:26:51,222 [84b68c3b-2f77-40fe-81b5-687554ab1805-NettyServerStreamRpc-bossGroup--thread1] INFO  logging.LoggingHandler (AbstractInternalLogger.java:log(148)) - [id: 0xed2c7168, L:/0:0:0:0:0:0:0:0:15068] CLOSE
2023-06-05 07:26:51,222 [84b68c3b-2f77-40fe-81b5-687554ab1805-NettyServerStreamRpc-bossGroup--thread1] INFO  logging.LoggingHandler (AbstractInternalLogger.java:log(148)) - [id: 0xed2c7168, L:/0:0:0:0:0:0:0:0:15068] INACTIVE
2023-06-05 07:26:51,222 [84b68c3b-2f77-40fe-81b5-687554ab1805-NettyServerStreamRpc-bossGroup--thread1] INFO  logging.LoggingHandler (AbstractInternalLogger.java:log(148)) - [id: 0xed2c7168, L:/0:0:0:0:0:0:0:0:15068] UNREGISTERED
2023-06-05 07:26:51,243 [a932c552-a9c8-4b62-a2c8-86474d85ed21-impl-thread3] INFO  segmented.SegmentedRaftLogWorker (SegmentedRaftLogWorker.java:close(252)) - a932c552-a9c8-4b62-a2c8-86474d85ed21@group-501504E853F3-SegmentedRaftLogWorker close()
2023-06-05 07:26:51,244 [3c76d4c2-e094-4872-a593-1b479b27297f-impl-thread3] INFO  segmented.SegmentedRaftLogWorker (SegmentedRaftLogWorker.java:close(252)) - 3c76d4c2-e094-4872-a593-1b479b27297f@group-501504E853F3-SegmentedRaftLogWorker close()
2023-06-05 07:26:51,333 [84b68c3b-2f77-40fe-81b5-687554ab1805-impl-thread2] INFO  segmented.SegmentedRaftLogWorker (SegmentedRaftLogWorker.java:close(252)) - 84b68c3b-2f77-40fe-81b5-687554ab1805@group-926E028D425B-SegmentedRaftLogWorker close()
2023-06-05 07:26:51,573 [a932c552-a9c8-4b62-a2c8-86474d85ed21-impl-thread1] INFO  segmented.SegmentedRaftLogWorker (SegmentedRaftLogWorker.java:close(252)) - a932c552-a9c8-4b62-a2c8-86474d85ed21@group-B59A2EF7AE33-SegmentedRaftLogWorker close()
2023-06-05 07:26:51,648 [a932c552-a9c8-4b62-a2c8-86474d85ed21-impl-thread2] INFO  segmented.SegmentedRaftLogWorker (SegmentedRaftLogWorker.java:close(252)) - a932c552-a9c8-4b62-a2c8-86474d85ed21@group-86D4B51AEDAC-SegmentedRaftLogWorker close()
2023-06-05 07:26:51,650 [JvmPauseMonitor9] INFO  util.JvmPauseMonitor (JvmPauseMonitor.java:run(109)) - JvmPauseMonitor-a932c552-a9c8-4b62-a2c8-86474d85ed21: Stopped
2023-06-05 07:26:51,675 [84b68c3b-2f77-40fe-81b5-687554ab1805-impl-thread1] INFO  segmented.SegmentedRaftLogWorker (SegmentedRaftLogWorker.java:close(252)) - 84b68c3b-2f77-40fe-81b5-687554ab1805@group-86D4B51AEDAC-SegmentedRaftLogWorker close()
2023-06-05 07:26:51,698 [3c76d4c2-e094-4872-a593-1b479b27297f-impl-thread2] INFO  segmented.SegmentedRaftLogWorker (SegmentedRaftLogWorker.java:close(252)) - 3c76d4c2-e094-4872-a593-1b479b27297f@group-86D4B51AEDAC-SegmentedRaftLogWorker close()
2023-06-05 07:26:52,044 [3c76d4c2-e094-4872-a593-1b479b27297f-impl-thread1] INFO  segmented.SegmentedRaftLogWorker (SegmentedRaftLogWorker.java:close(252)) - 3c76d4c2-e094-4872-a593-1b479b27297f@group-5E0123A5ABBB-SegmentedRaftLogWorker close()
2023-06-05 07:26:52,046 [JvmPauseMonitor10] INFO  util.JvmPauseMonitor (JvmPauseMonitor.java:run(109)) - JvmPauseMonitor-3c76d4c2-e094-4872-a593-1b479b27297f: Stopped
2023-06-05 07:26:52,097 [RatisPipelineUtilsThread - 0] WARN  pipeline.PipelinePlacementPolicy (PipelinePlacementPolicy.java:filterViableNodes(160)) - Pipeline creation failed due to no sufficient healthy datanodes. Required 3. Found 0. Excluded 3.
2023-06-05 07:26:52,165 [84b68c3b-2f77-40fe-81b5-687554ab1805-impl-thread3] INFO  segmented.SegmentedRaftLogWorker (SegmentedRaftLogWorker.java:close(252)) - 84b68c3b-2f77-40fe-81b5-687554ab1805@group-501504E853F3-SegmentedRaftLogWorker close()
2023-06-05 07:26:52,166 [JvmPauseMonitor11] INFO  util.JvmPauseMonitor (JvmPauseMonitor.java:run(109)) - JvmPauseMonitor-84b68c3b-2f77-40fe-81b5-687554ab1805: Stopped
2023-06-05 07:26:53,655 [ForkJoinPool.commonPool-worker-2] INFO  utils.DatanodeStoreCache (DatanodeStoreCache.java:shutdownCache(110)) - Skip clearing cache in mini cluster mode. Entries left: [/home/runner/work/ozone/ozone/hadoop-ozone/integration-test/target/test-dir/MiniOzoneClusterImpl-a85162ac-0a97-43a1-b203-085e82da2c98/datanode-0/data-0/containers/hdds/a85162ac-0a97-43a1-b203-085e82da2c98/DS-d840be38-b68e-4e1b-89c0-22a356d6faf7/container.db, /home/runner/work/ozone/ozone/hadoop-ozone/integration-test/target/test-dir/MiniOzoneClusterImpl-a85162ac-0a97-43a1-b203-085e82da2c98/datanode-1/data-0/containers/hdds/a85162ac-0a97-43a1-b203-085e82da2c98/DS-983e7e9f-45db-4a93-8a56-47c9498a2162/container.db, /home/runner/work/ozone/ozone/hadoop-ozone/integration-test/target/test-dir/MiniOzoneClusterImpl-a85162ac-0a97-43a1-b203-085e82da2c98/datanode-2/data-0/containers/hdds/a85162ac-0a97-43a1-b203-085e82da2c98/DS-d286185b-a9e0-4f1a-8d64-ae093a4d5d8d/container.db]
2023-06-05 07:26:53,658 [ForkJoinPool.commonPool-worker-2] INFO  utils.DatanodeStoreCache (DatanodeStoreCache.java:removeDB(104)) - Removed db /home/runner/work/ozone/ozone/hadoop-ozone/integration-test/target/test-dir/MiniOzoneClusterImpl-a85162ac-0a97-43a1-b203-085e82da2c98/datanode-0/data-0/containers/hdds/a85162ac-0a97-43a1-b203-085e82da2c98/DS-d840be38-b68e-4e1b-89c0-22a356d6faf7/container.db from cache
2023-06-05 07:26:53,658 [ForkJoinPool.commonPool-worker-2] INFO  volume.HddsVolume (HddsVolume.java:closeDbStore(437)) - SchemaV3 db is stopped at /home/runner/work/ozone/ozone/hadoop-ozone/integration-test/target/test-dir/MiniOzoneClusterImpl-a85162ac-0a97-43a1-b203-085e82da2c98/datanode-0/data-0/containers/hdds/a85162ac-0a97-43a1-b203-085e82da2c98/DS-d840be38-b68e-4e1b-89c0-22a356d6faf7/container.db for volume DS-d840be38-b68e-4e1b-89c0-22a356d6faf7
2023-06-05 07:26:53,658 [ForkJoinPool.commonPool-worker-2] INFO  utils.BackgroundService (BackgroundService.java:shutdown(141)) - Shutting down service BlockDeletingService
2023-06-05 07:26:53,658 [ForkJoinPool.commonPool-worker-2] INFO  utils.BackgroundService (BackgroundService.java:shutdown(141)) - Shutting down service StaleRecoveringContainerScrubbingService
2023-06-05 07:26:53,660 [ForkJoinPool.commonPool-worker-2] INFO  statemachine.DatanodeStateMachine (DatanodeStateMachine.java:stopDaemon(605)) - Ozone container server stopped.
2023-06-05 07:26:53,671 [ForkJoinPool.commonPool-worker-2] INFO  handler.ContextHandler (ContextHandler.java:doStop(1159)) - Stopped o.e.j.w.WebAppContext@54118bbf{hddsDatanode,/,null,STOPPED}{jar:file:/home/runner/.m2/repository/org/apache/ozone/hdds-container-service/1.4.0-SNAPSHOT/hdds-container-service-1.4.0-SNAPSHOT.jar!/webapps/hddsDatanode}
2023-06-05 07:26:53,671 [ForkJoinPool.commonPool-worker-2] INFO  server.AbstractConnector (AbstractConnector.java:doStop(383)) - Stopped ServerConnector@4575df15{HTTP/1.1, (http/1.1)}{0.0.0.0:15044}
2023-06-05 07:26:53,671 [ForkJoinPool.commonPool-worker-2] INFO  server.session (HouseKeeper.java:stopScavenging(149)) - node0 Stopped scavenging
2023-06-05 07:26:53,672 [ForkJoinPool.commonPool-worker-2] INFO  handler.ContextHandler (ContextHandler.java:doStop(1159)) - Stopped o.e.j.s.ServletContextHandler@6e9eaa96{static,/static,jar:file:/home/runner/.m2/repository/org/apache/ozone/hdds-container-service/1.4.0-SNAPSHOT/hdds-container-service-1.4.0-SNAPSHOT.jar!/webapps/static,STOPPED}
2023-06-05 07:26:53,673 [ForkJoinPool.commonPool-worker-2] INFO  handler.ContextHandler (ContextHandler.java:doStop(1159)) - Stopped o.e.j.s.ServletContextHandler@43a99ef2{logs,/logs,file:///home/runner/work/ozone/ozone/hadoop-ozone/integration-test/target/log,STOPPED}
2023-06-05 07:26:53,673 [ForkJoinPool.commonPool-worker-2] INFO  ozone.HddsDatanodeClientProtocolServer (HddsDatanodeClientProtocolServer.java:stop(89)) - Stopping the RPC server for Client Protocol
2023-06-05 07:26:53,674 [ForkJoinPool.commonPool-worker-2] INFO  ipc.Server (Server.java:stop(3501)) - Stopping server on 15045
2023-06-05 07:26:53,674 [IPC Server listener on 15045] INFO  ipc.Server (Server.java:run(1430)) - Stopping IPC Server listener on 15045
2023-06-05 07:26:53,678 [IPC Server Responder] INFO  ipc.Server (Server.java:run(1563)) - Stopping IPC Server Responder
2023-06-05 07:26:54,050 [main] INFO  utils.DatanodeStoreCache (DatanodeStoreCache.java:shutdownCache(110)) - Skip clearing cache in mini cluster mode. Entries left: [/home/runner/work/ozone/ozone/hadoop-ozone/integration-test/target/test-dir/MiniOzoneClusterImpl-a85162ac-0a97-43a1-b203-085e82da2c98/datanode-1/data-0/containers/hdds/a85162ac-0a97-43a1-b203-085e82da2c98/DS-983e7e9f-45db-4a93-8a56-47c9498a2162/container.db, /home/runner/work/ozone/ozone/hadoop-ozone/integration-test/target/test-dir/MiniOzoneClusterImpl-a85162ac-0a97-43a1-b203-085e82da2c98/datanode-2/data-0/containers/hdds/a85162ac-0a97-43a1-b203-085e82da2c98/DS-d286185b-a9e0-4f1a-8d64-ae093a4d5d8d/container.db]
2023-06-05 07:26:54,052 [main] INFO  utils.DatanodeStoreCache (DatanodeStoreCache.java:removeDB(104)) - Removed db /home/runner/work/ozone/ozone/hadoop-ozone/integration-test/target/test-dir/MiniOzoneClusterImpl-a85162ac-0a97-43a1-b203-085e82da2c98/datanode-1/data-0/containers/hdds/a85162ac-0a97-43a1-b203-085e82da2c98/DS-983e7e9f-45db-4a93-8a56-47c9498a2162/container.db from cache
2023-06-05 07:26:54,052 [main] INFO  volume.HddsVolume (HddsVolume.java:closeDbStore(437)) - SchemaV3 db is stopped at /home/runner/work/ozone/ozone/hadoop-ozone/integration-test/target/test-dir/MiniOzoneClusterImpl-a85162ac-0a97-43a1-b203-085e82da2c98/datanode-1/data-0/containers/hdds/a85162ac-0a97-43a1-b203-085e82da2c98/DS-983e7e9f-45db-4a93-8a56-47c9498a2162/container.db for volume DS-983e7e9f-45db-4a93-8a56-47c9498a2162
2023-06-05 07:26:54,052 [main] INFO  utils.BackgroundService (BackgroundService.java:shutdown(141)) - Shutting down service BlockDeletingService
2023-06-05 07:26:54,052 [main] INFO  utils.BackgroundService (BackgroundService.java:shutdown(141)) - Shutting down service StaleRecoveringContainerScrubbingService
2023-06-05 07:26:54,053 [main] INFO  statemachine.DatanodeStateMachine (DatanodeStateMachine.java:stopDaemon(605)) - Ozone container server stopped.
2023-06-05 07:26:54,063 [main] INFO  handler.ContextHandler (ContextHandler.java:doStop(1159)) - Stopped o.e.j.w.WebAppContext@124c77bd{hddsDatanode,/,null,STOPPED}{jar:file:/home/runner/.m2/repository/org/apache/ozone/hdds-container-service/1.4.0-SNAPSHOT/hdds-container-service-1.4.0-SNAPSHOT.jar!/webapps/hddsDatanode}
2023-06-05 07:26:54,064 [main] INFO  server.AbstractConnector (AbstractConnector.java:doStop(383)) - Stopped ServerConnector@1641ee27{HTTP/1.1, (http/1.1)}{0.0.0.0:15053}
2023-06-05 07:26:54,064 [main] INFO  server.session (HouseKeeper.java:stopScavenging(149)) - node0 Stopped scavenging
2023-06-05 07:26:54,065 [main] INFO  handler.ContextHandler (ContextHandler.java:doStop(1159)) - Stopped o.e.j.s.ServletContextHandler@61606235{static,/static,jar:file:/home/runner/.m2/repository/org/apache/ozone/hdds-container-service/1.4.0-SNAPSHOT/hdds-container-service-1.4.0-SNAPSHOT.jar!/webapps/static,STOPPED}
2023-06-05 07:26:54,065 [main] INFO  handler.ContextHandler (ContextHandler.java:doStop(1159)) - Stopped o.e.j.s.ServletContextHandler@4db6edb3{logs,/logs,file:///home/runner/work/ozone/ozone/hadoop-ozone/integration-test/target/log,STOPPED}
2023-06-05 07:26:54,066 [main] INFO  ozone.HddsDatanodeClientProtocolServer (HddsDatanodeClientProtocolServer.java:stop(89)) - Stopping the RPC server for Client Protocol
2023-06-05 07:26:54,066 [main] INFO  ipc.Server (Server.java:stop(3501)) - Stopping server on 15054
2023-06-05 07:26:54,066 [IPC Server listener on 15054] INFO  ipc.Server (Server.java:run(1430)) - Stopping IPC Server listener on 15054
2023-06-05 07:26:54,071 [IPC Server Responder] INFO  ipc.Server (Server.java:run(1563)) - Stopping IPC Server Responder
2023-06-05 07:26:54,172 [ForkJoinPool.commonPool-worker-3] INFO  utils.DatanodeStoreCache (DatanodeStoreCache.java:shutdownCache(110)) - Skip clearing cache in mini cluster mode. Entries left: [/home/runner/work/ozone/ozone/hadoop-ozone/integration-test/target/test-dir/MiniOzoneClusterImpl-a85162ac-0a97-43a1-b203-085e82da2c98/datanode-2/data-0/containers/hdds/a85162ac-0a97-43a1-b203-085e82da2c98/DS-d286185b-a9e0-4f1a-8d64-ae093a4d5d8d/container.db]
2023-06-05 07:26:54,175 [ForkJoinPool.commonPool-worker-3] INFO  utils.DatanodeStoreCache (DatanodeStoreCache.java:removeDB(104)) - Removed db /home/runner/work/ozone/ozone/hadoop-ozone/integration-test/target/test-dir/MiniOzoneClusterImpl-a85162ac-0a97-43a1-b203-085e82da2c98/datanode-2/data-0/containers/hdds/a85162ac-0a97-43a1-b203-085e82da2c98/DS-d286185b-a9e0-4f1a-8d64-ae093a4d5d8d/container.db from cache
2023-06-05 07:26:54,175 [ForkJoinPool.commonPool-worker-3] INFO  volume.HddsVolume (HddsVolume.java:closeDbStore(437)) - SchemaV3 db is stopped at /home/runner/work/ozone/ozone/hadoop-ozone/integration-test/target/test-dir/MiniOzoneClusterImpl-a85162ac-0a97-43a1-b203-085e82da2c98/datanode-2/data-0/containers/hdds/a85162ac-0a97-43a1-b203-085e82da2c98/DS-d286185b-a9e0-4f1a-8d64-ae093a4d5d8d/container.db for volume DS-d286185b-a9e0-4f1a-8d64-ae093a4d5d8d
2023-06-05 07:26:54,175 [ForkJoinPool.commonPool-worker-3] INFO  utils.BackgroundService (BackgroundService.java:shutdown(141)) - Shutting down service BlockDeletingService
2023-06-05 07:26:54,176 [ForkJoinPool.commonPool-worker-3] INFO  utils.BackgroundService (BackgroundService.java:shutdown(141)) - Shutting down service StaleRecoveringContainerScrubbingService
2023-06-05 07:26:54,176 [ForkJoinPool.commonPool-worker-3] INFO  statemachine.DatanodeStateMachine (DatanodeStateMachine.java:stopDaemon(605)) - Ozone container server stopped.
2023-06-05 07:26:54,189 [ForkJoinPool.commonPool-worker-3] INFO  handler.ContextHandler (ContextHandler.java:doStop(1159)) - Stopped o.e.j.w.WebAppContext@2abe448b{hddsDatanode,/,null,STOPPED}{jar:file:/home/runner/.m2/repository/org/apache/ozone/hdds-container-service/1.4.0-SNAPSHOT/hdds-container-service-1.4.0-SNAPSHOT.jar!/webapps/hddsDatanode}
2023-06-05 07:26:54,190 [ForkJoinPool.commonPool-worker-3] INFO  server.AbstractConnector (AbstractConnector.java:doStop(383)) - Stopped ServerConnector@f2c6d70{HTTP/1.1, (http/1.1)}{0.0.0.0:15062}
2023-06-05 07:26:54,190 [ForkJoinPool.commonPool-worker-3] INFO  server.session (HouseKeeper.java:stopScavenging(149)) - node0 Stopped scavenging
2023-06-05 07:26:54,194 [ForkJoinPool.commonPool-worker-3] INFO  handler.ContextHandler (ContextHandler.java:doStop(1159)) - Stopped o.e.j.s.ServletContextHandler@765c5a23{static,/static,jar:file:/home/runner/.m2/repository/org/apache/ozone/hdds-container-service/1.4.0-SNAPSHOT/hdds-container-service-1.4.0-SNAPSHOT.jar!/webapps/static,STOPPED}
2023-06-05 07:26:54,195 [ForkJoinPool.commonPool-worker-3] INFO  handler.ContextHandler (ContextHandler.java:doStop(1159)) - Stopped o.e.j.s.ServletContextHandler@30020ae3{logs,/logs,file:///home/runner/work/ozone/ozone/hadoop-ozone/integration-test/target/log,STOPPED}
2023-06-05 07:26:54,196 [ForkJoinPool.commonPool-worker-3] INFO  ozone.HddsDatanodeClientProtocolServer (HddsDatanodeClientProtocolServer.java:stop(89)) - Stopping the RPC server for Client Protocol
2023-06-05 07:26:54,197 [ForkJoinPool.commonPool-worker-3] INFO  ipc.Server (Server.java:stop(3501)) - Stopping server on 15063
2023-06-05 07:26:54,197 [IPC Server listener on 15063] INFO  ipc.Server (Server.java:run(1430)) - Stopping IPC Server listener on 15063
2023-06-05 07:26:54,198 [IPC Server Responder] INFO  ipc.Server (Server.java:run(1563)) - Stopping IPC Server Responder
2023-06-05 07:26:54,199 [main] INFO  ozone.MiniOzoneClusterImpl (MiniOzoneClusterImpl.java:stopSCM(537)) - Stopping the StorageContainerManager
2023-06-05 07:26:54,199 [main] INFO  server.StorageContainerManager (StorageContainerManager.java:stop(1559)) - Container Balancer is not running.
2023-06-05 07:26:54,199 [main] INFO  server.StorageContainerManager (StorageContainerManager.java:stopReplicationManager(1690)) - Stopping Replication Manager Service.
2023-06-05 07:26:54,200 [main] INFO  replication.ReplicationManager (ReplicationManager.java:stop(332)) - Stopping Replication Monitor Thread.
2023-06-05 07:26:54,200 [main] INFO  server.StorageContainerManager (StorageContainerManager.java:stop(1568)) - Stopping the Datanode Admin Monitor.
2023-06-05 07:26:54,200 [main] INFO  server.StorageContainerManager (StorageContainerManager.java:stop(1575)) - Stopping datanode service RPC server
2023-06-05 07:26:54,200 [main] INFO  server.SCMDatanodeProtocolServer (SCMDatanodeProtocolServer.java:stop(424)) - Stopping the RPC server for DataNodes
2023-06-05 07:26:54,200 [main] INFO  ipc.Server (Server.java:stop(3501)) - Stopping server on 15037
2023-06-05 07:26:54,201 [Under Replicated Processor] WARN  replication.UnhealthyReplicationProcessor (UnhealthyReplicationProcessor.java:run(167)) - Under Replicated Processor interrupted. Exiting...
2023-06-05 07:26:54,201 [Over Replicated Processor] WARN  replication.UnhealthyReplicationProcessor (UnhealthyReplicationProcessor.java:run(167)) - Over Replicated Processor interrupted. Exiting...
2023-06-05 07:26:54,201 [ReplicationMonitor] INFO  replication.ReplicationManager (ReplicationManager.java:run(938)) - Replication Monitor Thread is stopped
2023-06-05 07:26:54,202 [IPC Server Responder] INFO  ipc.Server (Server.java:run(1563)) - Stopping IPC Server Responder
2023-06-05 07:26:54,203 [IPC Server listener on 15037] INFO  ipc.Server (Server.java:run(1430)) - Stopping IPC Server listener on 15037
2023-06-05 07:26:54,299 [SCM Heartbeat Processing Thread - 0] WARN  node.NodeStateManager (NodeStateManager.java:scheduleNextHealthCheck(870)) - Current Thread is interrupted, shutting down HB processing thread for Node Manager.
2023-06-05 07:26:54,302 [main] INFO  server.StorageContainerManager (StorageContainerManager.java:stop(1583)) - Stopping block service RPC server
2023-06-05 07:26:54,302 [main] INFO  server.SCMBlockProtocolServer (SCMBlockProtocolServer.java:stop(161)) - Stopping the RPC server for Block Protocol
2023-06-05 07:26:54,302 [main] INFO  ipc.Server (Server.java:stop(3501)) - Stopping server on 15036
2023-06-05 07:26:54,303 [IPC Server listener on 15036] INFO  ipc.Server (Server.java:run(1430)) - Stopping IPC Server listener on 15036
2023-06-05 07:26:54,304 [IPC Server Responder] INFO  ipc.Server (Server.java:run(1563)) - Stopping IPC Server Responder
2023-06-05 07:26:54,305 [main] INFO  server.StorageContainerManager (StorageContainerManager.java:stop(1590)) - Stopping the StorageContainerLocationProtocol RPC server
2023-06-05 07:26:54,305 [main] INFO  server.SCMClientProtocolServer (SCMClientProtocolServer.java:stop(208)) - Stopping the RPC server for Client Protocol
2023-06-05 07:26:54,305 [main] INFO  ipc.Server (Server.java:stop(3501)) - Stopping server on 15035
2023-06-05 07:26:54,307 [IPC Server listener on 15035] INFO  ipc.Server (Server.java:run(1430)) - Stopping IPC Server listener on 15035
2023-06-05 07:26:54,308 [IPC Server Responder] INFO  ipc.Server (Server.java:run(1563)) - Stopping IPC Server Responder
2023-06-05 07:26:54,308 [main] INFO  server.StorageContainerManager (StorageContainerManager.java:stop(1597)) - Stopping Storage Container Manager HTTP server.
2023-06-05 07:26:54,309 [main] INFO  handler.ContextHandler (ContextHandler.java:doStop(1159)) - Stopped o.e.j.w.WebAppContext@a3ca0b4{scm,/,null,STOPPED}{file:/home/runner/work/ozone/ozone/hadoop-ozone/integration-test/target/test-classes/webapps/scm}
2023-06-05 07:26:54,310 [main] INFO  server.AbstractConnector (AbstractConnector.java:doStop(383)) - Stopped ServerConnector@31525ed3{HTTP/1.1, (http/1.1)}{0.0.0.0:15038}
2023-06-05 07:26:54,311 [main] INFO  server.session (HouseKeeper.java:stopScavenging(149)) - node0 Stopped scavenging
2023-06-05 07:26:54,312 [main] INFO  handler.ContextHandler (ContextHandler.java:doStop(1159)) - Stopped o.e.j.s.ServletContextHandler@70b1f14{static,/static,file:///home/runner/work/ozone/ozone/hadoop-ozone/integration-test/target/test-classes/webapps/static,STOPPED}
2023-06-05 07:26:54,312 [main] INFO  handler.ContextHandler (ContextHandler.java:doStop(1159)) - Stopped o.e.j.s.ServletContextHandler@2baa48e3{logs,/logs,file:///home/runner/work/ozone/ozone/hadoop-ozone/integration-test/target/log,STOPPED}
2023-06-05 07:26:54,313 [main] INFO  server.StorageContainerManager (StorageContainerManager.java:stop(1605)) - Stopping SCM LayoutVersionManager Service.
2023-06-05 07:26:54,313 [main] INFO  server.StorageContainerManager (StorageContainerManager.java:stop(1613)) - Stopping Block Manager Service.
2023-06-05 07:26:54,313 [main] INFO  utils.BackgroundService (BackgroundService.java:shutdown(141)) - Shutting down service SCMBlockDeletingService
2023-06-05 07:26:54,313 [main] INFO  utils.BackgroundService (BackgroundService.java:shutdown(141)) - Shutting down service SCMBlockDeletingService
2023-06-05 07:26:54,313 [main] INFO  server.StorageContainerManager (StorageContainerManager.java:stop(1635)) - Stopping SCM Event Queue.
2023-06-05 07:26:54,314 [main] INFO  server.StorageContainerManager (StorageContainerManager.java:stop(1646)) - Stopping SCM HA services.
2023-06-05 07:26:54,315 [main] INFO  ha.SCMRatisServerImpl (SCMRatisServerImpl.java:stop(254)) - stopping ratis server 0.0.0.0:9894
2023-06-05 07:26:54,315 [main] INFO  server.RaftServer (RaftServerProxy.java:lambda$close$6(416)) - 11e80b92-1917-46c2-ac01-0948ebfd522a: close
2023-06-05 07:26:54,316 [main] INFO  server.GrpcService (GrpcService.java:closeImpl(311)) - 11e80b92-1917-46c2-ac01-0948ebfd522a: shutdown server GrpcServerProtocolService now
2023-06-05 07:26:54,316 [11e80b92-1917-46c2-ac01-0948ebfd522a-impl-thread1] INFO  server.RaftServer$Division (RaftServerImpl.java:lambda$close$4(466)) - 11e80b92-1917-46c2-ac01-0948ebfd522a@group-085E82DA2C98: shutdown
2023-06-05 07:26:54,316 [11e80b92-1917-46c2-ac01-0948ebfd522a-impl-thread1] INFO  util.JmxRegister (JmxRegister.java:unregister(73)) - Successfully un-registered JMX Bean with object name Ratis:service=RaftServer,group=group-085E82DA2C98,id=11e80b92-1917-46c2-ac01-0948ebfd522a
2023-06-05 07:26:54,316 [11e80b92-1917-46c2-ac01-0948ebfd522a-impl-thread1] INFO  impl.RoleInfo (RoleInfo.java:shutdownLeaderState(93)) - 11e80b92-1917-46c2-ac01-0948ebfd522a: shutdown 11e80b92-1917-46c2-ac01-0948ebfd522a@group-085E82DA2C98-LeaderStateImpl
2023-06-05 07:26:54,317 [11e80b92-1917-46c2-ac01-0948ebfd522a-impl-thread1] INFO  impl.PendingRequests (PendingRequests.java:sendNotLeaderResponses(289)) - 11e80b92-1917-46c2-ac01-0948ebfd522a@group-085E82DA2C98-PendingRequests: sendNotLeaderResponses
2023-06-05 07:26:54,317 [11e80b92-1917-46c2-ac01-0948ebfd522a-impl-thread1] INFO  ha.SCMStateMachine (SCMStateMachine.java:notifyNotLeader(205)) - current leader SCM steps down.
2023-06-05 07:26:54,317 [11e80b92-1917-46c2-ac01-0948ebfd522a-impl-thread1] INFO  ha.SCMContext (SCMContext.java:updateLeaderAndTerm(99)) - update <isLeader,term> from <true,2> to <false,0>
2023-06-05 07:26:54,317 [11e80b92-1917-46c2-ac01-0948ebfd522a-impl-thread1] INFO  ha.SCMContext (SCMContext.java:updateLeaderAndTerm(106)) - update <isLeaderReady> from <false> to <false>
2023-06-05 07:26:54,318 [11e80b92-1917-46c2-ac01-0948ebfd522a-impl-thread1] INFO  BackgroundPipelineScrubber (BackgroundSCMService.java:notifyStatusChanged(88)) - Service BackgroundPipelineScrubber transitions to PAUSING.
2023-06-05 07:26:54,318 [main] INFO  server.GrpcService (GrpcService.java:closeImpl(320)) - 11e80b92-1917-46c2-ac01-0948ebfd522a: shutdown server GrpcServerProtocolService successfully
2023-06-05 07:26:54,318 [11e80b92-1917-46c2-ac01-0948ebfd522a-impl-thread1] INFO  ExpiredContainerReplicaOpScrubber (BackgroundSCMService.java:notifyStatusChanged(88)) - Service ExpiredContainerReplicaOpScrubber transitions to PAUSING.
2023-06-05 07:26:54,318 [11e80b92-1917-46c2-ac01-0948ebfd522a-impl-thread1] INFO  SCMHATransactionMonitor (BackgroundSCMService.java:notifyStatusChanged(88)) - Service SCMHATransactionMonitor transitions to PAUSING.
2023-06-05 07:26:54,319 [11e80b92-1917-46c2-ac01-0948ebfd522a-impl-thread1] INFO  impl.StateMachineUpdater (StateMachineUpdater.java:stopAndJoin(155)) - 11e80b92-1917-46c2-ac01-0948ebfd522a@group-085E82DA2C98-StateMachineUpdater: set stopIndex = 30
2023-06-05 07:26:54,319 [11e80b92-1917-46c2-ac01-0948ebfd522a@group-085E82DA2C98-StateMachineUpdater] INFO  server.StorageContainerManager (StorageContainerManager.java:stop(1548)) - Storage Container Manager is not running.
2023-06-05 07:26:54,319 [11e80b92-1917-46c2-ac01-0948ebfd522a@group-085E82DA2C98-StateMachineUpdater] INFO  server.StorageContainerManager (StorageContainerManager.java:stopReplicationManager(1690)) - Stopping Replication Manager Service.
2023-06-05 07:26:54,319 [11e80b92-1917-46c2-ac01-0948ebfd522a@group-085E82DA2C98-StateMachineUpdater] INFO  replication.ReplicationManager (ReplicationManager.java:stop(342)) - Replication Monitor Thread is not running.
2023-06-05 07:26:54,319 [11e80b92-1917-46c2-ac01-0948ebfd522a@group-085E82DA2C98-StateMachineUpdater] INFO  server.StorageContainerManager (ExitUtils.java:terminate(131)) - Terminating with exit status 0: scm statemachine is closed by ratis, terminate SCM
2023-06-05 07:26:54,319 [11e80b92-1917-46c2-ac01-0948ebfd522a@group-085E82DA2C98-StateMachineUpdater] WARN  impl.StateMachineUpdater (StateMachineUpdater.java:stop(139)) - 11e80b92-1917-46c2-ac01-0948ebfd522a@group-085E82DA2C98-StateMachineUpdater: Failed to close SCMStateMachine SCMStateMachine:11e80b92-1917-46c2-ac01-0948ebfd522a:group-085E82DA2C98
org.apache.ratis.util.ExitUtils$ExitException: scm statemachine is closed by ratis, terminate SCM
	at org.apache.ratis.util.ExitUtils.terminate(ExitUtils.java:141)
	at org.apache.ratis.util.ExitUtils.terminate(ExitUtils.java:151)
	at org.apache.ratis.util.ExitUtils.terminate(ExitUtils.java:155)
	at org.apache.hadoop.hdds.scm.server.StorageContainerManager.shutDown(StorageContainerManager.java:1700)
	at org.apache.hadoop.hdds.scm.ha.SCMStateMachine.close(SCMStateMachine.java:423)
	at org.apache.ratis.server.impl.StateMachineUpdater.stop(StateMachineUpdater.java:134)
	at org.apache.ratis.server.impl.StateMachineUpdater.run(StateMachineUpdater.java:189)
	at java.lang.Thread.run(Thread.java:750)
2023-06-05 07:26:54,322 [11e80b92-1917-46c2-ac01-0948ebfd522a-impl-thread1] INFO  server.RaftServer$Division (ServerState.java:close(472)) - 11e80b92-1917-46c2-ac01-0948ebfd522a@group-085E82DA2C98: closes. applyIndex: 100
2023-06-05 07:26:55,312 [11e80b92-1917-46c2-ac01-0948ebfd522a-impl-thread1] INFO  segmented.SegmentedRaftLogWorker (SegmentedRaftLogWorker.java:close(252)) - 11e80b92-1917-46c2-ac01-0948ebfd522a@group-085E82DA2C98-SegmentedRaftLogWorker close()
2023-06-05 07:26:55,313 [JvmPauseMonitor7] INFO  util.JvmPauseMonitor (JvmPauseMonitor.java:run(109)) - JvmPauseMonitor-11e80b92-1917-46c2-ac01-0948ebfd522a: Stopped
2023-06-05 07:26:55,314 [main] INFO  SCMHATransactionMonitor (BackgroundSCMService.java:stop(131)) - Stopping SCMHATransactionMonitor Service.
2023-06-05 07:26:55,314 [SCMHATransactionMonitorThread] WARN  SCMHATransactionMonitor (BackgroundSCMService.java:run(115)) - SCMHATransactionMonitor is interrupted, exit
2023-06-05 07:26:55,315 [main] INFO  pipeline.BackgroundPipelineCreator (BackgroundPipelineCreator.java:stop(149)) - Stopping RatisPipelineUtilsThread.
2023-06-05 07:26:55,315 [RatisPipelineUtilsThread - 0] WARN  pipeline.BackgroundPipelineCreator (BackgroundPipelineCreator.java:run(180)) - RatisPipelineUtilsThread is interrupted.
2023-06-05 07:26:55,315 [main] INFO  BackgroundPipelineScrubber (BackgroundSCMService.java:stop(131)) - Stopping BackgroundPipelineScrubber Service.
2023-06-05 07:26:55,315 [BackgroundPipelineScrubberThread] WARN  BackgroundPipelineScrubber (BackgroundSCMService.java:run(115)) - BackgroundPipelineScrubber is interrupted, exit
2023-06-05 07:26:55,315 [main] INFO  impl.MetricsSystemImpl (MetricsSystemImpl.java:stop(210)) - Stopping HddsDatanode metrics system...
2023-06-05 07:26:55,319 [prometheus] INFO  impl.MetricsSinkAdapter (MetricsSinkAdapter.java:publishMetricsFromQueue(141)) - prometheus thread interrupted.
2023-06-05 07:26:55,320 [main] INFO  impl.MetricsSystemImpl (MetricsSystemImpl.java:stop(216)) - HddsDatanode metrics system stopped.
2023-06-05 07:26:55,320 [main] WARN  pipeline.BackgroundPipelineCreator (BackgroundPipelineCreator.java:stop(145)) - RatisPipelineUtilsThread is not running, just ignore.
2023-06-05 07:26:55,320 [main] INFO  BackgroundPipelineScrubber (BackgroundSCMService.java:stop(126)) - BackgroundPipelineScrubber Service is not running, skip stop.
2023-06-05 07:26:55,320 [main] INFO  ExpiredContainerReplicaOpScrubber (BackgroundSCMService.java:stop(131)) - Stopping ExpiredContainerReplicaOpScrubber Service.
2023-06-05 07:26:55,320 [ExpiredContainerReplicaOpScrubberThread] WARN  ExpiredContainerReplicaOpScrubber (BackgroundSCMService.java:run(115)) - ExpiredContainerReplicaOpScrubber is interrupted, exit
2023-06-05 07:26:55,321 [main] INFO  utils.BackgroundService (BackgroundService.java:shutdown(141)) - Shutting down service SCMBlockDeletingService
2023-06-05 07:26:55,321 [main] INFO  replication.ReplicationManager (ReplicationManager.java:stop(342)) - Replication Monitor Thread is not running.
2023-06-05 07:26:55,321 [main] WARN  balancer.ContainerBalancer (ContainerBalancer.java:stop(328)) - Cannot stop Container Balancer because it's not running or stopping
2023-06-05 07:26:55,321 [main] INFO  SCMHATransactionMonitor (BackgroundSCMService.java:stop(126)) - SCMHATransactionMonitor Service is not running, skip stop.
2023-06-05 07:26:55,321 [Lease Manager-LeaseManager#LeaseMonitor] WARN  lease.LeaseManager (LeaseManager.java:run(272)) - Lease manager is interrupted. Shutting down...
java.lang.InterruptedException
	at java.util.concurrent.locks.AbstractQueuedSynchronizer.doAcquireSharedNanos(AbstractQueuedSynchronizer.java:1039)
	at java.util.concurrent.locks.AbstractQueuedSynchronizer.tryAcquireSharedNanos(AbstractQueuedSynchronizer.java:1328)
	at java.util.concurrent.Semaphore.tryAcquire(Semaphore.java:409)
	at org.apache.hadoop.ozone.lease.LeaseManager$LeaseMonitor.run(LeaseManager.java:270)
	at java.lang.Thread.run(Thread.java:750)
2023-06-05 07:26:55,321 [main] INFO  server.StorageContainerManager (StorageContainerManager.java:stop(1681)) - Stopping SCM MetadataStore.
]]></system-out>
    </rerunFailure>
    <rerunFailure type="java.lang.AssertionError">
      <stackTrace><![CDATA[java.lang.AssertionError: Found 4 leaked objects, check logs
	at org.apache.hadoop.hdds.utils.db.CodecBuffer.assertNoLeaks(CodecBuffer.java:101)
	at org.apache.hadoop.ozone.MiniOzoneClusterImpl.shutdown(MiniOzoneClusterImpl.java:451)
	at org.apache.hadoop.hdds.scm.TestSCMInstallSnapshot.shutdown(TestSCMInstallSnapshot.java:80)
	at sun.reflect.NativeMethodAccessorImpl.invoke0(Native Method)
	at sun.reflect.NativeMethodAccessorImpl.invoke(NativeMethodAccessorImpl.java:62)
	at sun.reflect.DelegatingMethodAccessorImpl.invoke(DelegatingMethodAccessorImpl.java:43)
	at java.lang.reflect.Method.invoke(Method.java:498)
	at org.junit.platform.commons.util.ReflectionUtils.invokeMethod(ReflectionUtils.java:725)
	at org.junit.jupiter.engine.execution.MethodInvocation.proceed(MethodInvocation.java:60)
	at org.junit.jupiter.engine.execution.InvocationInterceptorChain$ValidatingInvocation.proceed(InvocationInterceptorChain.java:131)
	at org.junit.jupiter.engine.extension.TimeoutExtension.intercept(TimeoutExtension.java:149)
	at org.junit.jupiter.engine.extension.TimeoutExtension.interceptLifecycleMethod(TimeoutExtension.java:126)
	at org.junit.jupiter.engine.extension.TimeoutExtension.interceptAfterAllMethod(TimeoutExtension.java:116)
	at org.junit.jupiter.engine.execution.ExecutableInvoker$ReflectiveInterceptorCall.lambda$ofVoidMethod$0(ExecutableInvoker.java:115)
	at org.junit.jupiter.engine.execution.ExecutableInvoker.lambda$invoke$0(ExecutableInvoker.java:105)
	at org.junit.jupiter.engine.execution.InvocationInterceptorChain$InterceptedInvocation.proceed(InvocationInterceptorChain.java:106)
	at org.junit.jupiter.engine.execution.InvocationInterceptorChain.proceed(InvocationInterceptorChain.java:64)
	at org.junit.jupiter.engine.execution.InvocationInterceptorChain.chainAndInvoke(InvocationInterceptorChain.java:45)
	at org.junit.jupiter.engine.execution.InvocationInterceptorChain.invoke(InvocationInterceptorChain.java:37)
	at org.junit.jupiter.engine.execution.ExecutableInvoker.invoke(ExecutableInvoker.java:104)
	at org.junit.jupiter.engine.execution.ExecutableInvoker.invoke(ExecutableInvoker.java:98)
	at org.junit.jupiter.engine.descriptor.ClassBasedTestDescriptor.lambda$invokeAfterAllMethods$13(ClassBasedTestDescriptor.java:425)
	at org.junit.platform.engine.support.hierarchical.ThrowableCollector.execute(ThrowableCollector.java:73)
	at org.junit.jupiter.engine.descriptor.ClassBasedTestDescriptor.lambda$invokeAfterAllMethods$14(ClassBasedTestDescriptor.java:423)
	at java.util.ArrayList.forEach(ArrayList.java:1259)
	at java.util.Collections$UnmodifiableCollection.forEach(Collections.java:1082)
	at org.junit.jupiter.engine.descriptor.ClassBasedTestDescriptor.invokeAfterAllMethods(ClassBasedTestDescriptor.java:423)
	at org.junit.jupiter.engine.descriptor.ClassBasedTestDescriptor.after(ClassBasedTestDescriptor.java:225)
	at org.junit.jupiter.engine.descriptor.ClassBasedTestDescriptor.after(ClassBasedTestDescriptor.java:80)
	at org.junit.platform.engine.support.hierarchical.NodeTestTask.lambda$executeRecursively$7(NodeTestTask.java:161)
	at org.junit.platform.engine.support.hierarchical.ThrowableCollector.execute(ThrowableCollector.java:73)
	at org.junit.platform.engine.support.hierarchical.NodeTestTask.lambda$executeRecursively$8(NodeTestTask.java:161)
	at org.junit.platform.engine.support.hierarchical.Node.around(Node.java:137)
	at org.junit.platform.engine.support.hierarchical.NodeTestTask.lambda$executeRecursively$9(NodeTestTask.java:139)
	at org.junit.platform.engine.support.hierarchical.ThrowableCollector.execute(ThrowableCollector.java:73)
	at org.junit.platform.engine.support.hierarchical.NodeTestTask.executeRecursively(NodeTestTask.java:138)
	at org.junit.platform.engine.support.hierarchical.NodeTestTask.execute(NodeTestTask.java:95)
	at java.util.ArrayList.forEach(ArrayList.java:1259)
	at org.junit.platform.engine.support.hierarchical.SameThreadHierarchicalTestExecutorService.invokeAll(SameThreadHierarchicalTestExecutorService.java:41)
	at org.junit.platform.engine.support.hierarchical.NodeTestTask.lambda$executeRecursively$6(NodeTestTask.java:155)
	at org.junit.platform.engine.support.hierarchical.ThrowableCollector.execute(ThrowableCollector.java:73)
	at org.junit.platform.engine.support.hierarchical.NodeTestTask.lambda$executeRecursively$8(NodeTestTask.java:141)
	at org.junit.platform.engine.support.hierarchical.Node.around(Node.java:137)
	at org.junit.platform.engine.support.hierarchical.NodeTestTask.lambda$executeRecursively$9(NodeTestTask.java:139)
	at org.junit.platform.engine.support.hierarchical.ThrowableCollector.execute(ThrowableCollector.java:73)
	at org.junit.platform.engine.support.hierarchical.NodeTestTask.executeRecursively(NodeTestTask.java:138)
	at org.junit.platform.engine.support.hierarchical.NodeTestTask.execute(NodeTestTask.java:95)
	at org.junit.platform.engine.support.hierarchical.SameThreadHierarchicalTestExecutorService.submit(SameThreadHierarchicalTestExecutorService.java:35)
	at org.junit.platform.engine.support.hierarchical.HierarchicalTestExecutor.execute(HierarchicalTestExecutor.java:57)
	at org.junit.platform.engine.support.hierarchical.HierarchicalTestEngine.execute(HierarchicalTestEngine.java:54)
	at org.junit.platform.launcher.core.EngineExecutionOrchestrator.execute(EngineExecutionOrchestrator.java:107)
	at org.junit.platform.launcher.core.EngineExecutionOrchestrator.execute(EngineExecutionOrchestrator.java:88)
	at org.junit.platform.launcher.core.EngineExecutionOrchestrator.lambda$execute$0(EngineExecutionOrchestrator.java:54)
	at org.junit.platform.launcher.core.EngineExecutionOrchestrator.withInterceptedStreams(EngineExecutionOrchestrator.java:67)
	at org.junit.platform.launcher.core.EngineExecutionOrchestrator.execute(EngineExecutionOrchestrator.java:52)
	at org.junit.platform.launcher.core.DefaultLauncher.execute(DefaultLauncher.java:114)
	at org.junit.platform.launcher.core.DefaultLauncher.execute(DefaultLauncher.java:86)
	at org.junit.platform.launcher.core.DefaultLauncherSession$DelegatingLauncher.execute(DefaultLauncherSession.java:86)
	at org.junit.platform.launcher.core.SessionPerRequestLauncher.execute(SessionPerRequestLauncher.java:53)
	at org.apache.maven.surefire.junitplatform.JUnitPlatformProvider.invokeAllTests(JUnitPlatformProvider.java:165)
	at org.apache.maven.surefire.junitplatform.JUnitPlatformProvider.invoke(JUnitPlatformProvider.java:124)
	at org.apache.maven.surefire.booter.ForkedBooter.runSuitesInProcess(ForkedBooter.java:428)
	at org.apache.maven.surefire.booter.ForkedBooter.execute(ForkedBooter.java:162)
	at org.apache.maven.surefire.booter.ForkedBooter.run(ForkedBooter.java:562)
	at org.apache.maven.surefire.booter.ForkedBooter.main(ForkedBooter.java:548)
]]></stackTrace>
      <system-out><![CDATA[2023-06-05 07:27:22,050 [main] INFO  ozone.MiniOzoneClusterImpl (MiniOzoneClusterImpl.java:shutdown(442)) - Shutting down the Mini Ozone Cluster
2023-06-05 07:27:22,051 [main] INFO  ozone.MiniOzoneClusterImpl (MiniOzoneClusterImpl.java:stop(459)) - Stopping the Mini Ozone Cluster
2023-06-05 07:27:22,051 [main] INFO  ozone.MiniOzoneClusterImpl (MiniOzoneClusterImpl.java:stopOM(545)) - Stopping the OzoneManager
2023-06-05 07:27:22,051 [main] INFO  om.OzoneManager (OzoneManager.java:stop(2165)) - om1[localhost:15074]: Stopping Ozone Manager
2023-06-05 07:27:22,051 [main] INFO  ipc.Server (Server.java:stop(3501)) - Stopping server on 15074
2023-06-05 07:27:22,055 [IPC Server Responder] INFO  ipc.Server (Server.java:run(1563)) - Stopping IPC Server Responder
2023-06-05 07:27:22,055 [IPC Server listener on 15074] INFO  ipc.Server (Server.java:run(1430)) - Stopping IPC Server listener on 15074
2023-06-05 07:27:22,059 [main] INFO  server.RaftServer (RaftServerProxy.java:lambda$close$6(416)) - om1: close
2023-06-05 07:27:22,059 [om1-impl-thread1] INFO  server.RaftServer$Division (RaftServerImpl.java:lambda$close$4(466)) - om1@group-C5BA1605619E: shutdown
2023-06-05 07:27:22,059 [om1-impl-thread1] INFO  util.JmxRegister (JmxRegister.java:unregister(73)) - Successfully un-registered JMX Bean with object name Ratis:service=RaftServer,group=group-C5BA1605619E,id=om1
2023-06-05 07:27:22,060 [om1-impl-thread1] INFO  impl.RoleInfo (RoleInfo.java:shutdownLeaderState(93)) - om1: shutdown om1@group-C5BA1605619E-LeaderStateImpl
2023-06-05 07:27:22,060 [om1-impl-thread1] INFO  impl.PendingRequests (PendingRequests.java:sendNotLeaderResponses(289)) - om1@group-C5BA1605619E-PendingRequests: sendNotLeaderResponses
2023-06-05 07:27:22,060 [om1-impl-thread1] INFO  impl.StateMachineUpdater (StateMachineUpdater.java:stopAndJoin(155)) - om1@group-C5BA1605619E-StateMachineUpdater: set stopIndex = 0
2023-06-05 07:27:22,060 [om1@group-C5BA1605619E-StateMachineUpdater] INFO  ratis.OzoneManagerStateMachine (OzoneManagerStateMachine.java:takeSnapshot(479)) - Current Snapshot Index (t:1, i:0)
2023-06-05 07:27:22,061 [main] INFO  server.GrpcService (GrpcService.java:closeImpl(311)) - om1: shutdown server GrpcServerProtocolService now
2023-06-05 07:27:22,064 [main] INFO  server.GrpcService (GrpcService.java:closeImpl(320)) - om1: shutdown server GrpcServerProtocolService successfully
2023-06-05 07:27:22,073 [om1@group-C5BA1605619E-StateMachineUpdater] INFO  impl.StateMachineUpdater (StateMachineUpdater.java:takeSnapshot(291)) - om1@group-C5BA1605619E-StateMachineUpdater: Took a snapshot at index 0
2023-06-05 07:27:22,073 [om1@group-C5BA1605619E-StateMachineUpdater] INFO  impl.StateMachineUpdater (StateMachineUpdater.java:lambda$new$0(97)) - om1@group-C5BA1605619E-StateMachineUpdater: snapshotIndex: updateIncreasingly -1 -> 0
2023-06-05 07:27:22,073 [om1@group-C5BA1605619E-StateMachineUpdater] INFO  ratis.OzoneManagerStateMachine (OzoneManagerStateMachine.java:close(533)) - StateMachine has shutdown. Shutdown OzoneManager if not already shutdown.
2023-06-05 07:27:22,073 [om1@group-C5BA1605619E-StateMachineUpdater] INFO  ratis.OzoneManagerDoubleBuffer (OzoneManagerDoubleBuffer.java:stopDaemon(559)) - Stopping OMDoubleBuffer flush thread
2023-06-05 07:27:22,073 [OMDoubleBufferFlushThread] INFO  ratis.OzoneManagerDoubleBuffer (OzoneManagerDoubleBuffer.java:canFlush(648)) - OMDoubleBuffer flush thread OMDoubleBufferFlushThread is interrupted and will exit.
2023-06-05 07:27:22,074 [om1-impl-thread1] INFO  server.RaftServer$Division (ServerState.java:close(472)) - om1@group-C5BA1605619E: closes. applyIndex: 0
2023-06-05 07:27:22,918 [om1-impl-thread1] INFO  segmented.SegmentedRaftLogWorker (SegmentedRaftLogWorker.java:close(252)) - om1@group-C5BA1605619E-SegmentedRaftLogWorker close()
2023-06-05 07:27:22,919 [JvmPauseMonitor14] INFO  util.JvmPauseMonitor (JvmPauseMonitor.java:run(109)) - JvmPauseMonitor-om1: Stopped
2023-06-05 07:27:22,919 [main] INFO  ratis.OzoneManagerStateMachine (OzoneManagerStateMachine.java:close(533)) - StateMachine has shutdown. Shutdown OzoneManager if not already shutdown.
2023-06-05 07:27:22,920 [main] INFO  ratis.OzoneManagerDoubleBuffer (OzoneManagerDoubleBuffer.java:stopDaemon(568)) - OMDoubleBuffer flush thread is not running.
2023-06-05 07:27:22,922 [main] INFO  utils.BackgroundService (BackgroundService.java:shutdown(141)) - Shutting down service KeyDeletingService
2023-06-05 07:27:22,922 [main] INFO  utils.BackgroundService (BackgroundService.java:shutdown(141)) - Shutting down service KeyDeletingService
2023-06-05 07:27:22,923 [main] INFO  utils.BackgroundService (BackgroundService.java:shutdown(141)) - Shutting down service OpenKeyCleanupService
2023-06-05 07:27:22,923 [main] INFO  utils.BackgroundService (BackgroundService.java:shutdown(141)) - Shutting down service SstFilteringService
2023-06-05 07:27:22,923 [main] INFO  utils.BackgroundService (BackgroundService.java:shutdown(141)) - Shutting down service SnapshotDeletingService
2023-06-05 07:27:22,924 [main] INFO  handler.ContextHandler (ContextHandler.java:doStop(1159)) - Stopped o.e.j.w.WebAppContext@38854d64{ozoneManager,/,null,STOPPED}{file:/home/runner/work/ozone/ozone/hadoop-ozone/integration-test/target/test-classes/webapps/ozoneManager}
2023-06-05 07:27:22,924 [main] INFO  server.AbstractConnector (AbstractConnector.java:doStop(383)) - Stopped ServerConnector@6a3e2ab3{HTTP/1.1, (http/1.1)}{0.0.0.0:15075}
2023-06-05 07:27:22,924 [main] INFO  server.session (HouseKeeper.java:stopScavenging(149)) - node0 Stopped scavenging
2023-06-05 07:27:22,925 [main] INFO  handler.ContextHandler (ContextHandler.java:doStop(1159)) - Stopped o.e.j.s.ServletContextHandler@7f206e59{static,/static,file:///home/runner/work/ozone/ozone/hadoop-ozone/integration-test/target/test-classes/webapps/static,STOPPED}
2023-06-05 07:27:22,925 [main] INFO  handler.ContextHandler (ContextHandler.java:doStop(1159)) - Stopped o.e.j.s.ServletContextHandler@14c84fd6{logs,/logs,file:///home/runner/work/ozone/ozone/hadoop-ozone/integration-test/target/log,STOPPED}
2023-06-05 07:27:22,927 [main] INFO  snapshot.SnapshotDiffManager (SnapshotDiffManager.java:closeExecutorService(1278)) - Shutting down executorService: 'SnapDiffExecutor'
2023-06-05 07:27:22,928 [main] INFO  utils.BackgroundService (BackgroundService.java:shutdown(141)) - Shutting down service SnapshotDiffCleanupService
2023-06-05 07:27:22,928 [main] INFO  ozone.MiniOzoneClusterImpl (MiniOzoneClusterImpl.java:stopDatanodes(522)) - Stopping the HddsDatanodes
2023-06-05 07:27:22,934 [main] INFO  ozoneimpl.OzoneContainer (OzoneContainer.java:stop(420)) - Attempting to stop container services.
2023-06-05 07:27:22,936 [main] INFO  server.RaftServer (RaftServerProxy.java:lambda$close$6(416)) - 6abf044b-dd97-46d3-b4cc-5e398763b903: close
2023-06-05 07:27:22,937 [6abf044b-dd97-46d3-b4cc-5e398763b903-impl-thread2] INFO  server.RaftServer$Division (RaftServerImpl.java:lambda$close$4(466)) - 6abf044b-dd97-46d3-b4cc-5e398763b903@group-6E51D942BDA8: shutdown
2023-06-05 07:27:22,937 [6abf044b-dd97-46d3-b4cc-5e398763b903-impl-thread2] INFO  util.JmxRegister (JmxRegister.java:unregister(73)) - Successfully un-registered JMX Bean with object name Ratis:service=RaftServer,group=group-6E51D942BDA8,id=6abf044b-dd97-46d3-b4cc-5e398763b903
2023-06-05 07:27:22,937 [6abf044b-dd97-46d3-b4cc-5e398763b903-impl-thread2] INFO  impl.RoleInfo (RoleInfo.java:shutdownLeaderState(93)) - 6abf044b-dd97-46d3-b4cc-5e398763b903: shutdown 6abf044b-dd97-46d3-b4cc-5e398763b903@group-6E51D942BDA8-LeaderStateImpl
2023-06-05 07:27:22,937 [main] INFO  server.GrpcService (GrpcService.java:closeImpl(311)) - 6abf044b-dd97-46d3-b4cc-5e398763b903: shutdown server org.apache.ratis.grpc.server.GrpcClientProtocolService now
2023-06-05 07:27:22,937 [6abf044b-dd97-46d3-b4cc-5e398763b903-impl-thread1] INFO  server.RaftServer$Division (RaftServerImpl.java:lambda$close$4(466)) - 6abf044b-dd97-46d3-b4cc-5e398763b903@group-4000F8015CE4: shutdown
2023-06-05 07:27:22,937 [6abf044b-dd97-46d3-b4cc-5e398763b903@group-6E51D942BDA8->af6f22e6-8c02-49ca-b8ef-ebf84cb6ecd3-GrpcLogAppender-LogAppenderDaemon] WARN  server.GrpcLogAppender (GrpcLogAppender.java:mayWait(199)) - 6abf044b-dd97-46d3-b4cc-5e398763b903@group-6E51D942BDA8->af6f22e6-8c02-49ca-b8ef-ebf84cb6ecd3-GrpcLogAppender: Wait interrupted by java.lang.InterruptedException
2023-06-05 07:27:22,937 [6abf044b-dd97-46d3-b4cc-5e398763b903-impl-thread1] INFO  util.JmxRegister (JmxRegister.java:unregister(73)) - Successfully un-registered JMX Bean with object name Ratis:service=RaftServer,group=group-4000F8015CE4,id=6abf044b-dd97-46d3-b4cc-5e398763b903
2023-06-05 07:27:22,937 [6abf044b-dd97-46d3-b4cc-5e398763b903-impl-thread1] INFO  impl.RoleInfo (RoleInfo.java:shutdownLeaderState(93)) - 6abf044b-dd97-46d3-b4cc-5e398763b903: shutdown 6abf044b-dd97-46d3-b4cc-5e398763b903@group-4000F8015CE4-LeaderStateImpl
2023-06-05 07:27:22,938 [6abf044b-dd97-46d3-b4cc-5e398763b903@group-6E51D942BDA8->712a64fd-7418-47a3-ad6e-ca5168c2d6c8-GrpcLogAppender-LogAppenderDaemon] WARN  server.GrpcLogAppender (GrpcLogAppender.java:mayWait(199)) - 6abf044b-dd97-46d3-b4cc-5e398763b903@group-6E51D942BDA8->712a64fd-7418-47a3-ad6e-ca5168c2d6c8-GrpcLogAppender: Wait interrupted by java.lang.InterruptedException
2023-06-05 07:27:22,939 [6abf044b-dd97-46d3-b4cc-5e398763b903-impl-thread2] INFO  impl.PendingRequests (PendingRequests.java:sendNotLeaderResponses(289)) - 6abf044b-dd97-46d3-b4cc-5e398763b903@group-6E51D942BDA8-PendingRequests: sendNotLeaderResponses
2023-06-05 07:27:22,939 [grpc-default-executor-3] INFO  server.GrpcServerProtocolService (GrpcServerProtocolService.java:onCompleted(155)) - 712a64fd-7418-47a3-ad6e-ca5168c2d6c8: Completed APPEND_ENTRIES, lastRequest: null
2023-06-05 07:27:22,939 [grpc-default-executor-3] INFO  server.GrpcServerProtocolService (GrpcServerProtocolService.java:lambda$onCompleted$5(157)) - 712a64fd-7418-47a3-ad6e-ca5168c2d6c8: Completed APPEND_ENTRIES, lastReply: serverReply {
  requestorId: "6abf044b-dd97-46d3-b4cc-5e398763b903"
  replyId: "712a64fd-7418-47a3-ad6e-ca5168c2d6c8"
  raftGroupId {
    id: "\003\341\216\212Q\232H]\234qnQ\331B\275\250"
  }
  success: true
}
term: 1
followerCommit: 18446744073709551615
matchIndex: 18446744073709551615
isHearbeat: true

2023-06-05 07:27:22,940 [grpc-default-executor-4] INFO  server.GrpcLogAppender (GrpcLogAppender.java:onCompleted(428)) - 6abf044b-dd97-46d3-b4cc-5e398763b903@group-6E51D942BDA8->712a64fd-7418-47a3-ad6e-ca5168c2d6c8-AppendLogResponseHandler: follower responses appendEntries COMPLETED
2023-06-05 07:27:22,940 [grpc-default-executor-4] INFO  leader.FollowerInfo (FollowerInfoImpl.java:lambda$new$0(52)) - 6abf044b-dd97-46d3-b4cc-5e398763b903@group-6E51D942BDA8->712a64fd-7418-47a3-ad6e-ca5168c2d6c8: decreaseNextIndex nextIndex: updateUnconditionally 1 -> 0
2023-06-05 07:27:22,941 [6abf044b-dd97-46d3-b4cc-5e398763b903@group-6E51D942BDA8-StateMachineUpdater] INFO  ratis.ContainerStateMachine (ContainerStateMachine.java:takeSnapshot(330)) - group-6E51D942BDA8: Taking a snapshot at:(t:1, i:0) file /home/runner/work/ozone/ozone/hadoop-ozone/integration-test/target/test-dir/MiniOzoneClusterImpl-83a197ea-a40f-4311-b66f-590feb13562f/datanode-1/data/ratis/03e18e8a-519a-485d-9c71-6e51d942bda8/sm/snapshot.1_0
2023-06-05 07:27:22,941 [6abf044b-dd97-46d3-b4cc-5e398763b903-impl-thread2] INFO  impl.StateMachineUpdater (StateMachineUpdater.java:stopAndJoin(155)) - 6abf044b-dd97-46d3-b4cc-5e398763b903@group-6E51D942BDA8-StateMachineUpdater: set stopIndex = 0
2023-06-05 07:27:22,942 [6abf044b-dd97-46d3-b4cc-5e398763b903@group-6E51D942BDA8-StateMachineUpdater] INFO  ratis.ContainerStateMachine (ContainerStateMachine.java:takeSnapshot(341)) - group-6E51D942BDA8: Finished taking a snapshot at:(t:1, i:0) file:/home/runner/work/ozone/ozone/hadoop-ozone/integration-test/target/test-dir/MiniOzoneClusterImpl-83a197ea-a40f-4311-b66f-590feb13562f/datanode-1/data/ratis/03e18e8a-519a-485d-9c71-6e51d942bda8/sm/snapshot.1_0 took: 1 ms
2023-06-05 07:27:22,942 [6abf044b-dd97-46d3-b4cc-5e398763b903@group-6E51D942BDA8-StateMachineUpdater] INFO  impl.StateMachineUpdater (StateMachineUpdater.java:takeSnapshot(291)) - 6abf044b-dd97-46d3-b4cc-5e398763b903@group-6E51D942BDA8-StateMachineUpdater: Took a snapshot at index 0
2023-06-05 07:27:22,942 [6abf044b-dd97-46d3-b4cc-5e398763b903@group-6E51D942BDA8-StateMachineUpdater] INFO  impl.StateMachineUpdater (StateMachineUpdater.java:lambda$new$0(97)) - 6abf044b-dd97-46d3-b4cc-5e398763b903@group-6E51D942BDA8-StateMachineUpdater: snapshotIndex: updateIncreasingly -1 -> 0
2023-06-05 07:27:22,943 [6abf044b-dd97-46d3-b4cc-5e398763b903-impl-thread3] INFO  server.RaftServer$Division (RaftServerImpl.java:lambda$close$4(466)) - 6abf044b-dd97-46d3-b4cc-5e398763b903@group-31F0E240F05C: shutdown
2023-06-05 07:27:22,943 [6abf044b-dd97-46d3-b4cc-5e398763b903-impl-thread3] INFO  util.JmxRegister (JmxRegister.java:unregister(73)) - Successfully un-registered JMX Bean with object name Ratis:service=RaftServer,group=group-31F0E240F05C,id=6abf044b-dd97-46d3-b4cc-5e398763b903
2023-06-05 07:27:22,943 [6abf044b-dd97-46d3-b4cc-5e398763b903-impl-thread3] INFO  impl.RoleInfo (RoleInfo.java:shutdownFollowerState(110)) - 6abf044b-dd97-46d3-b4cc-5e398763b903: shutdown 6abf044b-dd97-46d3-b4cc-5e398763b903@group-31F0E240F05C-FollowerState
2023-06-05 07:27:22,943 [6abf044b-dd97-46d3-b4cc-5e398763b903-impl-thread3] INFO  impl.StateMachineUpdater (StateMachineUpdater.java:stopAndJoin(155)) - 6abf044b-dd97-46d3-b4cc-5e398763b903@group-31F0E240F05C-StateMachineUpdater: set stopIndex = 0
2023-06-05 07:27:22,943 [6abf044b-dd97-46d3-b4cc-5e398763b903@group-31F0E240F05C-FollowerState] INFO  impl.FollowerState (FollowerState.java:run(152)) - 6abf044b-dd97-46d3-b4cc-5e398763b903@group-31F0E240F05C-FollowerState was interrupted
2023-06-05 07:27:22,943 [6abf044b-dd97-46d3-b4cc-5e398763b903@group-31F0E240F05C-StateMachineUpdater] INFO  ratis.ContainerStateMachine (ContainerStateMachine.java:takeSnapshot(330)) - group-31F0E240F05C: Taking a snapshot at:(t:1, i:0) file /home/runner/work/ozone/ozone/hadoop-ozone/integration-test/target/test-dir/MiniOzoneClusterImpl-83a197ea-a40f-4311-b66f-590feb13562f/datanode-1/data/ratis/ef9c3ade-1849-416c-b890-31f0e240f05c/sm/snapshot.1_0
2023-06-05 07:27:22,944 [6abf044b-dd97-46d3-b4cc-5e398763b903@group-31F0E240F05C-StateMachineUpdater] INFO  ratis.ContainerStateMachine (ContainerStateMachine.java:takeSnapshot(341)) - group-31F0E240F05C: Finished taking a snapshot at:(t:1, i:0) file:/home/runner/work/ozone/ozone/hadoop-ozone/integration-test/target/test-dir/MiniOzoneClusterImpl-83a197ea-a40f-4311-b66f-590feb13562f/datanode-1/data/ratis/ef9c3ade-1849-416c-b890-31f0e240f05c/sm/snapshot.1_0 took: 0 ms
2023-06-05 07:27:22,944 [grpc-default-executor-1] INFO  server.GrpcServerProtocolService (GrpcServerProtocolService.java:onCompleted(155)) - af6f22e6-8c02-49ca-b8ef-ebf84cb6ecd3: Completed APPEND_ENTRIES, lastRequest: null
2023-06-05 07:27:22,944 [6abf044b-dd97-46d3-b4cc-5e398763b903@group-31F0E240F05C-StateMachineUpdater] INFO  impl.StateMachineUpdater (StateMachineUpdater.java:takeSnapshot(291)) - 6abf044b-dd97-46d3-b4cc-5e398763b903@group-31F0E240F05C-StateMachineUpdater: Took a snapshot at index 0
2023-06-05 07:27:22,944 [6abf044b-dd97-46d3-b4cc-5e398763b903@group-31F0E240F05C-StateMachineUpdater] INFO  impl.StateMachineUpdater (StateMachineUpdater.java:lambda$new$0(97)) - 6abf044b-dd97-46d3-b4cc-5e398763b903@group-31F0E240F05C-StateMachineUpdater: snapshotIndex: updateIncreasingly -1 -> 0
2023-06-05 07:27:22,944 [grpc-default-executor-4] INFO  server.GrpcServerProtocolService (GrpcServerProtocolService.java:onCompleted(155)) - af6f22e6-8c02-49ca-b8ef-ebf84cb6ecd3: Completed APPEND_ENTRIES, lastRequest: 6abf044b-dd97-46d3-b4cc-5e398763b903->af6f22e6-8c02-49ca-b8ef-ebf84cb6ecd3#1-t1,previous=(t:0, i:0),leaderCommit=-1,initializing? true,entries: size=1, first=(t:1, i:0), CONFIGURATIONENTRY(current:id: "af6f22e6-8c02-49ca-b8ef-ebf84cb6ecd3"
address: "10.1.0.81:15084"
dataStreamAddress: "10.1.0.81:15085"
clientAddress: "10.1.0.81:15082"
adminAddress: "10.1.0.81:15083"
startupRole: FOLLOWER
,id: "712a64fd-7418-47a3-ad6e-ca5168c2d6c8"
address: "10.1.0.81:15102"
dataStreamAddress: "10.1.0.81:15103"
clientAddress: "10.1.0.81:15100"
adminAddress: "10.1.0.81:15101"
startupRole: FOLLOWER
,id: "6abf044b-dd97-46d3-b4cc-5e398763b903"
address: "10.1.0.81:15093"
priority: 1
dataStreamAddress: "10.1.0.81:15094"
clientAddress: "10.1.0.81:15091"
adminAddress: "10.1.0.81:15092"
startupRole: FOLLOWER
, old:)
2023-06-05 07:27:22,945 [grpc-default-executor-4] INFO  server.GrpcServerProtocolService (GrpcServerProtocolService.java:lambda$onCompleted$5(157)) - af6f22e6-8c02-49ca-b8ef-ebf84cb6ecd3: Completed APPEND_ENTRIES, lastReply: null
2023-06-05 07:27:22,945 [grpc-default-executor-2] INFO  server.GrpcServerProtocolService (GrpcServerProtocolService.java:onCompleted(155)) - 712a64fd-7418-47a3-ad6e-ca5168c2d6c8: Completed APPEND_ENTRIES, lastRequest: 6abf044b-dd97-46d3-b4cc-5e398763b903->712a64fd-7418-47a3-ad6e-ca5168c2d6c8#1-t1,previous=(t:0, i:0),leaderCommit=-1,initializing? true,entries: size=1, first=(t:1, i:0), CONFIGURATIONENTRY(current:id: "af6f22e6-8c02-49ca-b8ef-ebf84cb6ecd3"
address: "10.1.0.81:15084"
dataStreamAddress: "10.1.0.81:15085"
clientAddress: "10.1.0.81:15082"
adminAddress: "10.1.0.81:15083"
startupRole: FOLLOWER
,id: "712a64fd-7418-47a3-ad6e-ca5168c2d6c8"
address: "10.1.0.81:15102"
dataStreamAddress: "10.1.0.81:15103"
clientAddress: "10.1.0.81:15100"
adminAddress: "10.1.0.81:15101"
startupRole: FOLLOWER
,id: "6abf044b-dd97-46d3-b4cc-5e398763b903"
address: "10.1.0.81:15093"
priority: 1
dataStreamAddress: "10.1.0.81:15094"
clientAddress: "10.1.0.81:15091"
adminAddress: "10.1.0.81:15092"
startupRole: FOLLOWER
, old:)
2023-06-05 07:27:22,945 [grpc-default-executor-2] INFO  server.GrpcServerProtocolService (GrpcServerProtocolService.java:lambda$onCompleted$5(157)) - 712a64fd-7418-47a3-ad6e-ca5168c2d6c8: Completed APPEND_ENTRIES, lastReply: null
2023-06-05 07:27:22,945 [grpc-default-executor-6] INFO  server.GrpcLogAppender (GrpcLogAppender.java:onCompleted(428)) - 6abf044b-dd97-46d3-b4cc-5e398763b903@group-6E51D942BDA8->af6f22e6-8c02-49ca-b8ef-ebf84cb6ecd3-AppendLogResponseHandler: follower responses appendEntries COMPLETED
2023-06-05 07:27:22,945 [grpc-default-executor-6] INFO  leader.FollowerInfo (FollowerInfoImpl.java:lambda$new$0(52)) - 6abf044b-dd97-46d3-b4cc-5e398763b903@group-6E51D942BDA8->af6f22e6-8c02-49ca-b8ef-ebf84cb6ecd3: decreaseNextIndex nextIndex: updateUnconditionally 1 -> 0
2023-06-05 07:27:22,946 [grpc-default-executor-1] INFO  server.GrpcServerProtocolService (GrpcServerProtocolService.java:lambda$onCompleted$5(157)) - af6f22e6-8c02-49ca-b8ef-ebf84cb6ecd3: Completed APPEND_ENTRIES, lastReply: serverReply {
  requestorId: "6abf044b-dd97-46d3-b4cc-5e398763b903"
  replyId: "af6f22e6-8c02-49ca-b8ef-ebf84cb6ecd3"
  raftGroupId {
    id: "\003\341\216\212Q\232H]\234qnQ\331B\275\250"
  }
  success: true
}
term: 1
followerCommit: 18446744073709551615
matchIndex: 18446744073709551615
isHearbeat: true

2023-06-05 07:27:22,948 [6abf044b-dd97-46d3-b4cc-5e398763b903-impl-thread3] INFO  server.RaftServer$Division (ServerState.java:close(472)) - 6abf044b-dd97-46d3-b4cc-5e398763b903@group-31F0E240F05C: closes. applyIndex: 0
2023-06-05 07:27:22,952 [6abf044b-dd97-46d3-b4cc-5e398763b903-impl-thread1] INFO  impl.PendingRequests (PendingRequests.java:sendNotLeaderResponses(289)) - 6abf044b-dd97-46d3-b4cc-5e398763b903@group-4000F8015CE4-PendingRequests: sendNotLeaderResponses
2023-06-05 07:27:22,953 [6abf044b-dd97-46d3-b4cc-5e398763b903-impl-thread1] INFO  impl.StateMachineUpdater (StateMachineUpdater.java:stopAndJoin(155)) - 6abf044b-dd97-46d3-b4cc-5e398763b903@group-4000F8015CE4-StateMachineUpdater: set stopIndex = 0
2023-06-05 07:27:22,953 [6abf044b-dd97-46d3-b4cc-5e398763b903@group-4000F8015CE4-StateMachineUpdater] INFO  ratis.ContainerStateMachine (ContainerStateMachine.java:takeSnapshot(330)) - group-4000F8015CE4: Taking a snapshot at:(t:1, i:0) file /home/runner/work/ozone/ozone/hadoop-ozone/integration-test/target/test-dir/MiniOzoneClusterImpl-83a197ea-a40f-4311-b66f-590feb13562f/datanode-1/data/ratis/aba578c3-5b72-41fa-beba-4000f8015ce4/sm/snapshot.1_0
2023-06-05 07:27:22,954 [6abf044b-dd97-46d3-b4cc-5e398763b903@group-4000F8015CE4-StateMachineUpdater] INFO  ratis.ContainerStateMachine (ContainerStateMachine.java:takeSnapshot(341)) - group-4000F8015CE4: Finished taking a snapshot at:(t:1, i:0) file:/home/runner/work/ozone/ozone/hadoop-ozone/integration-test/target/test-dir/MiniOzoneClusterImpl-83a197ea-a40f-4311-b66f-590feb13562f/datanode-1/data/ratis/aba578c3-5b72-41fa-beba-4000f8015ce4/sm/snapshot.1_0 took: 0 ms
2023-06-05 07:27:22,954 [6abf044b-dd97-46d3-b4cc-5e398763b903@group-4000F8015CE4-StateMachineUpdater] INFO  impl.StateMachineUpdater (StateMachineUpdater.java:takeSnapshot(291)) - 6abf044b-dd97-46d3-b4cc-5e398763b903@group-4000F8015CE4-StateMachineUpdater: Took a snapshot at index 0
2023-06-05 07:27:22,954 [6abf044b-dd97-46d3-b4cc-5e398763b903@group-4000F8015CE4-StateMachineUpdater] INFO  impl.StateMachineUpdater (StateMachineUpdater.java:lambda$new$0(97)) - 6abf044b-dd97-46d3-b4cc-5e398763b903@group-4000F8015CE4-StateMachineUpdater: snapshotIndex: updateIncreasingly -1 -> 0
2023-06-05 07:27:22,954 [6abf044b-dd97-46d3-b4cc-5e398763b903-impl-thread1] INFO  server.RaftServer$Division (ServerState.java:close(472)) - 6abf044b-dd97-46d3-b4cc-5e398763b903@group-4000F8015CE4: closes. applyIndex: 0
2023-06-05 07:27:22,956 [grpc-default-executor-5] INFO  server.GrpcLogAppender (GrpcLogAppender.java:onCompleted(428)) - 6abf044b-dd97-46d3-b4cc-5e398763b903@group-6E51D942BDA8->712a64fd-7418-47a3-ad6e-ca5168c2d6c8-AppendLogResponseHandler: follower responses appendEntries COMPLETED
2023-06-05 07:27:22,964 [6abf044b-dd97-46d3-b4cc-5e398763b903-impl-thread2] INFO  server.RaftServer$Division (ServerState.java:close(472)) - 6abf044b-dd97-46d3-b4cc-5e398763b903@group-6E51D942BDA8: closes. applyIndex: 0
2023-06-05 07:27:22,964 [Thread-1334] INFO  server.GrpcServerProtocolClient (GrpcServerProtocolClient.java:close(103)) - af6f22e6-8c02-49ca-b8ef-ebf84cb6ecd3 Close channels
2023-06-05 07:27:22,967 [grpc-default-executor-1] INFO  server.GrpcLogAppender (GrpcLogAppender.java:onCompleted(428)) - 6abf044b-dd97-46d3-b4cc-5e398763b903@group-6E51D942BDA8->af6f22e6-8c02-49ca-b8ef-ebf84cb6ecd3-AppendLogResponseHandler: follower responses appendEntries COMPLETED
2023-06-05 07:27:22,967 [grpc-default-executor-1] WARN  server.GrpcLogAppender (GrpcLogAppender.java:resetClient(137)) - 6abf044b-dd97-46d3-b4cc-5e398763b903@group-6E51D942BDA8->af6f22e6-8c02-49ca-b8ef-ebf84cb6ecd3-GrpcLogAppender: Failed to getClient for af6f22e6-8c02-49ca-b8ef-ebf84cb6ecd3
org.apache.ratis.protocol.exceptions.AlreadyClosedException: 6abf044b-dd97-46d3-b4cc-5e398763b903 is already CLOSED
	at org.apache.ratis.util.PeerProxyMap$PeerAndProxy.getProxy(PeerProxyMap.java:61)
	at org.apache.ratis.util.PeerProxyMap.getProxy(PeerProxyMap.java:115)
	at org.apache.ratis.grpc.server.GrpcLogAppender.getClient(GrpcLogAppender.java:112)
	at org.apache.ratis.grpc.server.GrpcLogAppender.resetClient(GrpcLogAppender.java:117)
	at org.apache.ratis.grpc.server.GrpcLogAppender.access$500(GrpcLogAppender.java:56)
	at org.apache.ratis.grpc.server.GrpcLogAppender$AppendLogResponseHandler.onCompleted(GrpcLogAppender.java:429)
	at org.apache.ratis.thirdparty.io.grpc.stub.ClientCalls$StreamObserverToCallListenerAdapter.onClose(ClientCalls.java:485)
	at org.apache.ratis.thirdparty.io.grpc.internal.DelayedClientCall$DelayedListener$3.run(DelayedClientCall.java:471)
	at org.apache.ratis.thirdparty.io.grpc.internal.DelayedClientCall$DelayedListener.delayOrExecute(DelayedClientCall.java:435)
	at org.apache.ratis.thirdparty.io.grpc.internal.DelayedClientCall$DelayedListener.onClose(DelayedClientCall.java:468)
	at org.apache.ratis.thirdparty.io.grpc.internal.ClientCallImpl.closeObserver(ClientCallImpl.java:563)
	at org.apache.ratis.thirdparty.io.grpc.internal.ClientCallImpl.access$300(ClientCallImpl.java:70)
	at org.apache.ratis.thirdparty.io.grpc.internal.ClientCallImpl$ClientStreamListenerImpl$1StreamClosed.runInternal(ClientCallImpl.java:744)
	at org.apache.ratis.thirdparty.io.grpc.internal.ClientCallImpl$ClientStreamListenerImpl$1StreamClosed.runInContext(ClientCallImpl.java:723)
	at org.apache.ratis.thirdparty.io.grpc.internal.ContextRunnable.run(ContextRunnable.java:37)
	at org.apache.ratis.thirdparty.io.grpc.internal.SerializingExecutor.run(SerializingExecutor.java:133)
	at java.util.concurrent.ThreadPoolExecutor.runWorker(ThreadPoolExecutor.java:1149)
	at java.util.concurrent.ThreadPoolExecutor$Worker.run(ThreadPoolExecutor.java:624)
	at java.lang.Thread.run(Thread.java:750)
2023-06-05 07:27:22,967 [Thread-1335] INFO  server.GrpcServerProtocolClient (GrpcServerProtocolClient.java:close(103)) - 712a64fd-7418-47a3-ad6e-ca5168c2d6c8 Close channels
2023-06-05 07:27:22,967 [ForkJoinPool.commonPool-worker-2] INFO  ozoneimpl.OzoneContainer (OzoneContainer.java:stop(420)) - Attempting to stop container services.
2023-06-05 07:27:22,970 [ForkJoinPool.commonPool-worker-2] INFO  server.RaftServer (RaftServerProxy.java:lambda$close$6(416)) - af6f22e6-8c02-49ca-b8ef-ebf84cb6ecd3: close
2023-06-05 07:27:22,970 [af6f22e6-8c02-49ca-b8ef-ebf84cb6ecd3-impl-thread1] INFO  server.RaftServer$Division (RaftServerImpl.java:lambda$close$4(466)) - af6f22e6-8c02-49ca-b8ef-ebf84cb6ecd3@group-6E51D942BDA8: shutdown
2023-06-05 07:27:22,970 [af6f22e6-8c02-49ca-b8ef-ebf84cb6ecd3-impl-thread1] INFO  util.JmxRegister (JmxRegister.java:unregister(73)) - Successfully un-registered JMX Bean with object name Ratis:service=RaftServer,group=group-6E51D942BDA8,id=af6f22e6-8c02-49ca-b8ef-ebf84cb6ecd3
2023-06-05 07:27:22,970 [af6f22e6-8c02-49ca-b8ef-ebf84cb6ecd3-impl-thread1] INFO  impl.RoleInfo (RoleInfo.java:shutdownFollowerState(110)) - af6f22e6-8c02-49ca-b8ef-ebf84cb6ecd3: shutdown af6f22e6-8c02-49ca-b8ef-ebf84cb6ecd3@group-6E51D942BDA8-FollowerState
2023-06-05 07:27:22,971 [af6f22e6-8c02-49ca-b8ef-ebf84cb6ecd3-impl-thread2] INFO  server.RaftServer$Division (RaftServerImpl.java:lambda$close$4(466)) - af6f22e6-8c02-49ca-b8ef-ebf84cb6ecd3@group-31F0E240F05C: shutdown
2023-06-05 07:27:22,971 [af6f22e6-8c02-49ca-b8ef-ebf84cb6ecd3-impl-thread2] INFO  util.JmxRegister (JmxRegister.java:unregister(73)) - Successfully un-registered JMX Bean with object name Ratis:service=RaftServer,group=group-31F0E240F05C,id=af6f22e6-8c02-49ca-b8ef-ebf84cb6ecd3
2023-06-05 07:27:22,971 [af6f22e6-8c02-49ca-b8ef-ebf84cb6ecd3-impl-thread2] INFO  impl.RoleInfo (RoleInfo.java:shutdownLeaderState(93)) - af6f22e6-8c02-49ca-b8ef-ebf84cb6ecd3: shutdown af6f22e6-8c02-49ca-b8ef-ebf84cb6ecd3@group-31F0E240F05C-LeaderStateImpl
2023-06-05 07:27:22,971 [ForkJoinPool.commonPool-worker-2] INFO  server.GrpcService (GrpcService.java:closeImpl(311)) - af6f22e6-8c02-49ca-b8ef-ebf84cb6ecd3: shutdown server org.apache.ratis.grpc.server.GrpcClientProtocolService now
2023-06-05 07:27:22,971 [af6f22e6-8c02-49ca-b8ef-ebf84cb6ecd3-impl-thread3] INFO  server.RaftServer$Division (RaftServerImpl.java:lambda$close$4(466)) - af6f22e6-8c02-49ca-b8ef-ebf84cb6ecd3@group-CD6B32FC4AEF: shutdown
2023-06-05 07:27:22,971 [af6f22e6-8c02-49ca-b8ef-ebf84cb6ecd3-impl-thread3] INFO  util.JmxRegister (JmxRegister.java:unregister(73)) - Successfully un-registered JMX Bean with object name Ratis:service=RaftServer,group=group-CD6B32FC4AEF,id=af6f22e6-8c02-49ca-b8ef-ebf84cb6ecd3
2023-06-05 07:27:22,971 [af6f22e6-8c02-49ca-b8ef-ebf84cb6ecd3-impl-thread3] INFO  impl.RoleInfo (RoleInfo.java:shutdownLeaderState(93)) - af6f22e6-8c02-49ca-b8ef-ebf84cb6ecd3: shutdown af6f22e6-8c02-49ca-b8ef-ebf84cb6ecd3@group-CD6B32FC4AEF-LeaderStateImpl
2023-06-05 07:27:22,971 [af6f22e6-8c02-49ca-b8ef-ebf84cb6ecd3-impl-thread3] INFO  impl.PendingRequests (PendingRequests.java:sendNotLeaderResponses(289)) - af6f22e6-8c02-49ca-b8ef-ebf84cb6ecd3@group-CD6B32FC4AEF-PendingRequests: sendNotLeaderResponses
2023-06-05 07:27:22,972 [af6f22e6-8c02-49ca-b8ef-ebf84cb6ecd3@group-CD6B32FC4AEF-StateMachineUpdater] INFO  ratis.ContainerStateMachine (ContainerStateMachine.java:takeSnapshot(330)) - group-CD6B32FC4AEF: Taking a snapshot at:(t:1, i:0) file /home/runner/work/ozone/ozone/hadoop-ozone/integration-test/target/test-dir/MiniOzoneClusterImpl-83a197ea-a40f-4311-b66f-590feb13562f/datanode-0/data/ratis/b94764df-fd80-47a8-a9e6-cd6b32fc4aef/sm/snapshot.1_0
2023-06-05 07:27:22,972 [af6f22e6-8c02-49ca-b8ef-ebf84cb6ecd3-impl-thread3] INFO  impl.StateMachineUpdater (StateMachineUpdater.java:stopAndJoin(155)) - af6f22e6-8c02-49ca-b8ef-ebf84cb6ecd3@group-CD6B32FC4AEF-StateMachineUpdater: set stopIndex = 0
2023-06-05 07:27:22,972 [af6f22e6-8c02-49ca-b8ef-ebf84cb6ecd3@group-CD6B32FC4AEF-StateMachineUpdater] INFO  ratis.ContainerStateMachine (ContainerStateMachine.java:takeSnapshot(341)) - group-CD6B32FC4AEF: Finished taking a snapshot at:(t:1, i:0) file:/home/runner/work/ozone/ozone/hadoop-ozone/integration-test/target/test-dir/MiniOzoneClusterImpl-83a197ea-a40f-4311-b66f-590feb13562f/datanode-0/data/ratis/b94764df-fd80-47a8-a9e6-cd6b32fc4aef/sm/snapshot.1_0 took: 1 ms
2023-06-05 07:27:22,973 [af6f22e6-8c02-49ca-b8ef-ebf84cb6ecd3@group-CD6B32FC4AEF-StateMachineUpdater] INFO  impl.StateMachineUpdater (StateMachineUpdater.java:takeSnapshot(291)) - af6f22e6-8c02-49ca-b8ef-ebf84cb6ecd3@group-CD6B32FC4AEF-StateMachineUpdater: Took a snapshot at index 0
2023-06-05 07:27:22,973 [af6f22e6-8c02-49ca-b8ef-ebf84cb6ecd3@group-CD6B32FC4AEF-StateMachineUpdater] INFO  impl.StateMachineUpdater (StateMachineUpdater.java:lambda$new$0(97)) - af6f22e6-8c02-49ca-b8ef-ebf84cb6ecd3@group-CD6B32FC4AEF-StateMachineUpdater: snapshotIndex: updateIncreasingly -1 -> 0
2023-06-05 07:27:22,973 [af6f22e6-8c02-49ca-b8ef-ebf84cb6ecd3-impl-thread3] INFO  server.RaftServer$Division (ServerState.java:close(472)) - af6f22e6-8c02-49ca-b8ef-ebf84cb6ecd3@group-CD6B32FC4AEF: closes. applyIndex: 0
2023-06-05 07:27:22,974 [af6f22e6-8c02-49ca-b8ef-ebf84cb6ecd3-impl-thread2] INFO  impl.PendingRequests (PendingRequests.java:sendNotLeaderResponses(289)) - af6f22e6-8c02-49ca-b8ef-ebf84cb6ecd3@group-31F0E240F05C-PendingRequests: sendNotLeaderResponses
2023-06-05 07:27:22,974 [af6f22e6-8c02-49ca-b8ef-ebf84cb6ecd3-impl-thread2] INFO  impl.StateMachineUpdater (StateMachineUpdater.java:stopAndJoin(155)) - af6f22e6-8c02-49ca-b8ef-ebf84cb6ecd3@group-31F0E240F05C-StateMachineUpdater: set stopIndex = 0
2023-06-05 07:27:22,975 [af6f22e6-8c02-49ca-b8ef-ebf84cb6ecd3@group-31F0E240F05C->712a64fd-7418-47a3-ad6e-ca5168c2d6c8-GrpcLogAppender-LogAppenderDaemon] WARN  server.GrpcLogAppender (GrpcLogAppender.java:mayWait(199)) - af6f22e6-8c02-49ca-b8ef-ebf84cb6ecd3@group-31F0E240F05C->712a64fd-7418-47a3-ad6e-ca5168c2d6c8-GrpcLogAppender: Wait interrupted by java.lang.InterruptedException
2023-06-05 07:27:22,975 [af6f22e6-8c02-49ca-b8ef-ebf84cb6ecd3-impl-thread1] INFO  impl.StateMachineUpdater (StateMachineUpdater.java:stopAndJoin(155)) - af6f22e6-8c02-49ca-b8ef-ebf84cb6ecd3@group-6E51D942BDA8-StateMachineUpdater: set stopIndex = -1
2023-06-05 07:27:22,976 [af6f22e6-8c02-49ca-b8ef-ebf84cb6ecd3@group-31F0E240F05C->6abf044b-dd97-46d3-b4cc-5e398763b903-GrpcLogAppender-LogAppenderDaemon] WARN  server.GrpcLogAppender (GrpcLogAppender.java:mayWait(199)) - af6f22e6-8c02-49ca-b8ef-ebf84cb6ecd3@group-31F0E240F05C->6abf044b-dd97-46d3-b4cc-5e398763b903-GrpcLogAppender: Wait interrupted by java.lang.InterruptedException
2023-06-05 07:27:22,976 [af6f22e6-8c02-49ca-b8ef-ebf84cb6ecd3-impl-thread1] INFO  server.RaftServer$Division (ServerState.java:close(472)) - af6f22e6-8c02-49ca-b8ef-ebf84cb6ecd3@group-6E51D942BDA8: closes. applyIndex: -1
2023-06-05 07:27:22,975 [af6f22e6-8c02-49ca-b8ef-ebf84cb6ecd3@group-6E51D942BDA8-FollowerState] INFO  impl.FollowerState (FollowerState.java:run(152)) - af6f22e6-8c02-49ca-b8ef-ebf84cb6ecd3@group-6E51D942BDA8-FollowerState was interrupted
2023-06-05 07:27:22,977 [af6f22e6-8c02-49ca-b8ef-ebf84cb6ecd3@group-31F0E240F05C-StateMachineUpdater] INFO  ratis.ContainerStateMachine (ContainerStateMachine.java:takeSnapshot(330)) - group-31F0E240F05C: Taking a snapshot at:(t:1, i:0) file /home/runner/work/ozone/ozone/hadoop-ozone/integration-test/target/test-dir/MiniOzoneClusterImpl-83a197ea-a40f-4311-b66f-590feb13562f/datanode-0/data/ratis/ef9c3ade-1849-416c-b890-31f0e240f05c/sm/snapshot.1_0
2023-06-05 07:27:22,978 [af6f22e6-8c02-49ca-b8ef-ebf84cb6ecd3@group-31F0E240F05C-StateMachineUpdater] INFO  ratis.ContainerStateMachine (ContainerStateMachine.java:takeSnapshot(341)) - group-31F0E240F05C: Finished taking a snapshot at:(t:1, i:0) file:/home/runner/work/ozone/ozone/hadoop-ozone/integration-test/target/test-dir/MiniOzoneClusterImpl-83a197ea-a40f-4311-b66f-590feb13562f/datanode-0/data/ratis/ef9c3ade-1849-416c-b890-31f0e240f05c/sm/snapshot.1_0 took: 1 ms
2023-06-05 07:27:22,978 [af6f22e6-8c02-49ca-b8ef-ebf84cb6ecd3@group-31F0E240F05C-StateMachineUpdater] INFO  impl.StateMachineUpdater (StateMachineUpdater.java:takeSnapshot(291)) - af6f22e6-8c02-49ca-b8ef-ebf84cb6ecd3@group-31F0E240F05C-StateMachineUpdater: Took a snapshot at index 0
2023-06-05 07:27:22,978 [af6f22e6-8c02-49ca-b8ef-ebf84cb6ecd3@group-31F0E240F05C-StateMachineUpdater] INFO  impl.StateMachineUpdater (StateMachineUpdater.java:lambda$new$0(97)) - af6f22e6-8c02-49ca-b8ef-ebf84cb6ecd3@group-31F0E240F05C-StateMachineUpdater: snapshotIndex: updateIncreasingly -1 -> 0
2023-06-05 07:27:22,978 [main] INFO  server.GrpcService (GrpcService.java:closeImpl(320)) - 6abf044b-dd97-46d3-b4cc-5e398763b903: shutdown server org.apache.ratis.grpc.server.GrpcClientProtocolService successfully
2023-06-05 07:27:22,978 [grpc-default-executor-5] INFO  server.GrpcServerProtocolService (GrpcServerProtocolService.java:onCompleted(155)) - 6abf044b-dd97-46d3-b4cc-5e398763b903: Completed APPEND_ENTRIES, lastRequest: null
2023-06-05 07:27:22,979 [grpc-default-executor-5] INFO  server.GrpcServerProtocolService (GrpcServerProtocolService.java:lambda$onCompleted$5(157)) - 6abf044b-dd97-46d3-b4cc-5e398763b903: Completed APPEND_ENTRIES, lastReply: serverReply {
  requestorId: "af6f22e6-8c02-49ca-b8ef-ebf84cb6ecd3"
  replyId: "6abf044b-dd97-46d3-b4cc-5e398763b903"
  raftGroupId {
    id: "\357\234:\336\030IAl\270\2201\360\342@\360\\"
  }
  callId: 2
  success: true
}
term: 1
nextIndex: 1
matchIndex: 18446744073709551615
isHearbeat: true

2023-06-05 07:27:22,979 [grpc-default-executor-1] INFO  server.GrpcServerProtocolService (GrpcServerProtocolService.java:onCompleted(155)) - 712a64fd-7418-47a3-ad6e-ca5168c2d6c8: Completed APPEND_ENTRIES, lastRequest: af6f22e6-8c02-49ca-b8ef-ebf84cb6ecd3->712a64fd-7418-47a3-ad6e-ca5168c2d6c8#1-t1,previous=(t:0, i:0),leaderCommit=-1,initializing? true,entries: size=1, first=(t:1, i:0), CONFIGURATIONENTRY(current:id: "af6f22e6-8c02-49ca-b8ef-ebf84cb6ecd3"
address: "10.1.0.81:15084"
priority: 1
dataStreamAddress: "10.1.0.81:15085"
clientAddress: "10.1.0.81:15082"
adminAddress: "10.1.0.81:15083"
startupRole: FOLLOWER
,id: "712a64fd-7418-47a3-ad6e-ca5168c2d6c8"
address: "10.1.0.81:15102"
dataStreamAddress: "10.1.0.81:15103"
clientAddress: "10.1.0.81:15100"
adminAddress: "10.1.0.81:15101"
startupRole: FOLLOWER
,id: "6abf044b-dd97-46d3-b4cc-5e398763b903"
address: "10.1.0.81:15093"
dataStreamAddress: "10.1.0.81:15094"
clientAddress: "10.1.0.81:15091"
adminAddress: "10.1.0.81:15092"
startupRole: FOLLOWER
, old:)
2023-06-05 07:27:22,979 [grpc-default-executor-1] INFO  server.GrpcServerProtocolService (GrpcServerProtocolService.java:lambda$onCompleted$5(157)) - 712a64fd-7418-47a3-ad6e-ca5168c2d6c8: Completed APPEND_ENTRIES, lastReply: null
2023-06-05 07:27:22,980 [grpc-default-executor-2] INFO  server.GrpcServerProtocolService (GrpcServerProtocolService.java:onCompleted(155)) - 6abf044b-dd97-46d3-b4cc-5e398763b903: Completed APPEND_ENTRIES, lastRequest: af6f22e6-8c02-49ca-b8ef-ebf84cb6ecd3->6abf044b-dd97-46d3-b4cc-5e398763b903#1-t1,previous=(t:0, i:0),leaderCommit=-1,initializing? true,entries: size=1, first=(t:1, i:0), CONFIGURATIONENTRY(current:id: "af6f22e6-8c02-49ca-b8ef-ebf84cb6ecd3"
address: "10.1.0.81:15084"
priority: 1
dataStreamAddress: "10.1.0.81:15085"
clientAddress: "10.1.0.81:15082"
adminAddress: "10.1.0.81:15083"
startupRole: FOLLOWER
,id: "712a64fd-7418-47a3-ad6e-ca5168c2d6c8"
address: "10.1.0.81:15102"
dataStreamAddress: "10.1.0.81:15103"
clientAddress: "10.1.0.81:15100"
adminAddress: "10.1.0.81:15101"
startupRole: FOLLOWER
,id: "6abf044b-dd97-46d3-b4cc-5e398763b903"
address: "10.1.0.81:15093"
dataStreamAddress: "10.1.0.81:15094"
clientAddress: "10.1.0.81:15091"
adminAddress: "10.1.0.81:15092"
startupRole: FOLLOWER
, old:)
2023-06-05 07:27:22,980 [grpc-default-executor-2] INFO  server.GrpcServerProtocolService (GrpcServerProtocolService.java:lambda$onCompleted$5(157)) - 6abf044b-dd97-46d3-b4cc-5e398763b903: Completed APPEND_ENTRIES, lastReply: null
2023-06-05 07:27:22,978 [main] INFO  server.GrpcService (GrpcService.java:closeImpl(311)) - 6abf044b-dd97-46d3-b4cc-5e398763b903: shutdown server GrpcServerProtocolService now
2023-06-05 07:27:22,981 [af6f22e6-8c02-49ca-b8ef-ebf84cb6ecd3-impl-thread2] INFO  server.RaftServer$Division (ServerState.java:close(472)) - af6f22e6-8c02-49ca-b8ef-ebf84cb6ecd3@group-31F0E240F05C: closes. applyIndex: 0
2023-06-05 07:27:22,982 [grpc-default-executor-3] INFO  server.GrpcLogAppender (GrpcLogAppender.java:onCompleted(428)) - af6f22e6-8c02-49ca-b8ef-ebf84cb6ecd3@group-31F0E240F05C->6abf044b-dd97-46d3-b4cc-5e398763b903-AppendLogResponseHandler: follower responses appendEntries COMPLETED
2023-06-05 07:27:22,982 [grpc-default-executor-3] INFO  leader.FollowerInfo (FollowerInfoImpl.java:lambda$new$0(52)) - af6f22e6-8c02-49ca-b8ef-ebf84cb6ecd3@group-31F0E240F05C->6abf044b-dd97-46d3-b4cc-5e398763b903: decreaseNextIndex nextIndex: updateUnconditionally 1 -> 0
2023-06-05 07:27:22,982 [grpc-default-executor-6] INFO  server.GrpcLogAppender (GrpcLogAppender.java:onCompleted(428)) - af6f22e6-8c02-49ca-b8ef-ebf84cb6ecd3@group-31F0E240F05C->712a64fd-7418-47a3-ad6e-ca5168c2d6c8-AppendLogResponseHandler: follower responses appendEntries COMPLETED
2023-06-05 07:27:22,981 [grpc-default-executor-2] INFO  server.GrpcServerProtocolService (GrpcServerProtocolService.java:onCompleted(155)) - 712a64fd-7418-47a3-ad6e-ca5168c2d6c8: Completed APPEND_ENTRIES, lastRequest: null
2023-06-05 07:27:22,983 [grpc-default-executor-2] INFO  server.GrpcServerProtocolService (GrpcServerProtocolService.java:lambda$onCompleted$5(157)) - 712a64fd-7418-47a3-ad6e-ca5168c2d6c8: Completed APPEND_ENTRIES, lastReply: serverReply {
  requestorId: "af6f22e6-8c02-49ca-b8ef-ebf84cb6ecd3"
  replyId: "712a64fd-7418-47a3-ad6e-ca5168c2d6c8"
  raftGroupId {
    id: "\357\234:\336\030IAl\270\2201\360\342@\360\\"
  }
  success: true
}
term: 1
nextIndex: 1
followerCommit: 18446744073709551615
matchIndex: 18446744073709551615
isHearbeat: true

2023-06-05 07:27:22,982 [grpc-default-executor-4] INFO  server.GrpcLogAppender (GrpcLogAppender.java:onCompleted(428)) - af6f22e6-8c02-49ca-b8ef-ebf84cb6ecd3@group-31F0E240F05C->6abf044b-dd97-46d3-b4cc-5e398763b903-AppendLogResponseHandler: follower responses appendEntries COMPLETED
2023-06-05 07:27:22,982 [grpc-default-executor-6] INFO  leader.FollowerInfo (FollowerInfoImpl.java:lambda$new$0(52)) - af6f22e6-8c02-49ca-b8ef-ebf84cb6ecd3@group-31F0E240F05C->712a64fd-7418-47a3-ad6e-ca5168c2d6c8: decreaseNextIndex nextIndex: updateUnconditionally 1 -> 0
2023-06-05 07:27:22,986 [Thread-1341] INFO  server.GrpcServerProtocolClient (GrpcServerProtocolClient.java:close(103)) - 6abf044b-dd97-46d3-b4cc-5e398763b903 Close channels
2023-06-05 07:27:22,987 [Thread-1340] INFO  server.GrpcServerProtocolClient (GrpcServerProtocolClient.java:close(103)) - 712a64fd-7418-47a3-ad6e-ca5168c2d6c8 Close channels
2023-06-05 07:27:22,990 [grpc-default-executor-6] INFO  server.GrpcLogAppender (GrpcLogAppender.java:onCompleted(428)) - af6f22e6-8c02-49ca-b8ef-ebf84cb6ecd3@group-31F0E240F05C->712a64fd-7418-47a3-ad6e-ca5168c2d6c8-AppendLogResponseHandler: follower responses appendEntries COMPLETED
2023-06-05 07:27:22,991 [grpc-default-executor-6] WARN  server.GrpcLogAppender (GrpcLogAppender.java:resetClient(137)) - af6f22e6-8c02-49ca-b8ef-ebf84cb6ecd3@group-31F0E240F05C->712a64fd-7418-47a3-ad6e-ca5168c2d6c8-GrpcLogAppender: Failed to getClient for 712a64fd-7418-47a3-ad6e-ca5168c2d6c8
org.apache.ratis.protocol.exceptions.AlreadyClosedException: af6f22e6-8c02-49ca-b8ef-ebf84cb6ecd3 is already CLOSED
	at org.apache.ratis.util.PeerProxyMap$PeerAndProxy.getProxy(PeerProxyMap.java:61)
	at org.apache.ratis.util.PeerProxyMap.getProxy(PeerProxyMap.java:115)
	at org.apache.ratis.grpc.server.GrpcLogAppender.getClient(GrpcLogAppender.java:112)
	at org.apache.ratis.grpc.server.GrpcLogAppender.resetClient(GrpcLogAppender.java:117)
	at org.apache.ratis.grpc.server.GrpcLogAppender.access$500(GrpcLogAppender.java:56)
	at org.apache.ratis.grpc.server.GrpcLogAppender$AppendLogResponseHandler.onCompleted(GrpcLogAppender.java:429)
	at org.apache.ratis.thirdparty.io.grpc.stub.ClientCalls$StreamObserverToCallListenerAdapter.onClose(ClientCalls.java:485)
	at org.apache.ratis.thirdparty.io.grpc.internal.DelayedClientCall$DelayedListener$3.run(DelayedClientCall.java:471)
	at org.apache.ratis.thirdparty.io.grpc.internal.DelayedClientCall$DelayedListener.delayOrExecute(DelayedClientCall.java:435)
	at org.apache.ratis.thirdparty.io.grpc.internal.DelayedClientCall$DelayedListener.onClose(DelayedClientCall.java:468)
	at org.apache.ratis.thirdparty.io.grpc.internal.ClientCallImpl.closeObserver(ClientCallImpl.java:563)
	at org.apache.ratis.thirdparty.io.grpc.internal.ClientCallImpl.access$300(ClientCallImpl.java:70)
	at org.apache.ratis.thirdparty.io.grpc.internal.ClientCallImpl$ClientStreamListenerImpl$1StreamClosed.runInternal(ClientCallImpl.java:744)
	at org.apache.ratis.thirdparty.io.grpc.internal.ClientCallImpl$ClientStreamListenerImpl$1StreamClosed.runInContext(ClientCallImpl.java:723)
	at org.apache.ratis.thirdparty.io.grpc.internal.ContextRunnable.run(ContextRunnable.java:37)
	at org.apache.ratis.thirdparty.io.grpc.internal.SerializingExecutor.run(SerializingExecutor.java:133)
	at java.util.concurrent.ThreadPoolExecutor.runWorker(ThreadPoolExecutor.java:1149)
	at java.util.concurrent.ThreadPoolExecutor$Worker.run(ThreadPoolExecutor.java:624)
	at java.lang.Thread.run(Thread.java:750)
2023-06-05 07:27:22,994 [ForkJoinPool.commonPool-worker-3] INFO  ozoneimpl.OzoneContainer (OzoneContainer.java:stop(420)) - Attempting to stop container services.
2023-06-05 07:27:22,999 [ForkJoinPool.commonPool-worker-3] INFO  server.RaftServer (RaftServerProxy.java:lambda$close$6(416)) - 712a64fd-7418-47a3-ad6e-ca5168c2d6c8: close
2023-06-05 07:27:22,999 [712a64fd-7418-47a3-ad6e-ca5168c2d6c8-impl-thread1] INFO  server.RaftServer$Division (RaftServerImpl.java:lambda$close$4(466)) - 712a64fd-7418-47a3-ad6e-ca5168c2d6c8@group-6E51D942BDA8: shutdown
2023-06-05 07:27:22,999 [712a64fd-7418-47a3-ad6e-ca5168c2d6c8-impl-thread1] INFO  util.JmxRegister (JmxRegister.java:unregister(73)) - Successfully un-registered JMX Bean with object name Ratis:service=RaftServer,group=group-6E51D942BDA8,id=712a64fd-7418-47a3-ad6e-ca5168c2d6c8
2023-06-05 07:27:22,999 [712a64fd-7418-47a3-ad6e-ca5168c2d6c8-impl-thread1] INFO  impl.RoleInfo (RoleInfo.java:shutdownFollowerState(110)) - 712a64fd-7418-47a3-ad6e-ca5168c2d6c8: shutdown 712a64fd-7418-47a3-ad6e-ca5168c2d6c8@group-6E51D942BDA8-FollowerState
2023-06-05 07:27:23,001 [ForkJoinPool.commonPool-worker-3] INFO  server.GrpcService (GrpcService.java:closeImpl(311)) - 712a64fd-7418-47a3-ad6e-ca5168c2d6c8: shutdown server org.apache.ratis.grpc.server.GrpcClientProtocolService now
2023-06-05 07:27:23,002 [712a64fd-7418-47a3-ad6e-ca5168c2d6c8-impl-thread3] INFO  server.RaftServer$Division (RaftServerImpl.java:lambda$close$4(466)) - 712a64fd-7418-47a3-ad6e-ca5168c2d6c8@group-31F0E240F05C: shutdown
2023-06-05 07:27:23,002 [712a64fd-7418-47a3-ad6e-ca5168c2d6c8-impl-thread2] INFO  server.RaftServer$Division (RaftServerImpl.java:lambda$close$4(466)) - 712a64fd-7418-47a3-ad6e-ca5168c2d6c8@group-48A4D989478C: shutdown
2023-06-05 07:27:23,002 [712a64fd-7418-47a3-ad6e-ca5168c2d6c8-impl-thread3] INFO  util.JmxRegister (JmxRegister.java:unregister(73)) - Successfully un-registered JMX Bean with object name Ratis:service=RaftServer,group=group-31F0E240F05C,id=712a64fd-7418-47a3-ad6e-ca5168c2d6c8
2023-06-05 07:27:23,002 [712a64fd-7418-47a3-ad6e-ca5168c2d6c8-impl-thread3] INFO  impl.RoleInfo (RoleInfo.java:shutdownFollowerState(110)) - 712a64fd-7418-47a3-ad6e-ca5168c2d6c8: shutdown 712a64fd-7418-47a3-ad6e-ca5168c2d6c8@group-31F0E240F05C-FollowerState
2023-06-05 07:27:23,002 [712a64fd-7418-47a3-ad6e-ca5168c2d6c8-impl-thread2] INFO  util.JmxRegister (JmxRegister.java:unregister(73)) - Successfully un-registered JMX Bean with object name Ratis:service=RaftServer,group=group-48A4D989478C,id=712a64fd-7418-47a3-ad6e-ca5168c2d6c8
2023-06-05 07:27:23,008 [712a64fd-7418-47a3-ad6e-ca5168c2d6c8-impl-thread2] INFO  impl.RoleInfo (RoleInfo.java:shutdownLeaderState(93)) - 712a64fd-7418-47a3-ad6e-ca5168c2d6c8: shutdown 712a64fd-7418-47a3-ad6e-ca5168c2d6c8@group-48A4D989478C-LeaderStateImpl
2023-06-05 07:27:23,007 [Thread-1349] INFO  server.GrpcServerProtocolClient (GrpcServerProtocolClient.java:close(103)) - 6abf044b-dd97-46d3-b4cc-5e398763b903 Close channels
2023-06-05 07:27:23,008 [712a64fd-7418-47a3-ad6e-ca5168c2d6c8-impl-thread2] INFO  impl.PendingRequests (PendingRequests.java:sendNotLeaderResponses(289)) - 712a64fd-7418-47a3-ad6e-ca5168c2d6c8@group-48A4D989478C-PendingRequests: sendNotLeaderResponses
2023-06-05 07:27:23,007 [712a64fd-7418-47a3-ad6e-ca5168c2d6c8@group-31F0E240F05C-FollowerState] INFO  impl.FollowerState (FollowerState.java:run(152)) - 712a64fd-7418-47a3-ad6e-ca5168c2d6c8@group-31F0E240F05C-FollowerState was interrupted
2023-06-05 07:27:23,007 [712a64fd-7418-47a3-ad6e-ca5168c2d6c8-impl-thread3] INFO  impl.StateMachineUpdater (StateMachineUpdater.java:stopAndJoin(155)) - 712a64fd-7418-47a3-ad6e-ca5168c2d6c8@group-31F0E240F05C-StateMachineUpdater: set stopIndex = -1
2023-06-05 07:27:23,007 [ForkJoinPool.commonPool-worker-2] INFO  server.GrpcService (GrpcService.java:closeImpl(320)) - af6f22e6-8c02-49ca-b8ef-ebf84cb6ecd3: shutdown server org.apache.ratis.grpc.server.GrpcClientProtocolService successfully
2023-06-05 07:27:23,009 [ForkJoinPool.commonPool-worker-2] INFO  server.GrpcService (GrpcService.java:closeImpl(311)) - af6f22e6-8c02-49ca-b8ef-ebf84cb6ecd3: shutdown server GrpcServerProtocolService now
2023-06-05 07:27:23,007 [main] INFO  server.GrpcService (GrpcService.java:closeImpl(320)) - 6abf044b-dd97-46d3-b4cc-5e398763b903: shutdown server GrpcServerProtocolService successfully
2023-06-05 07:27:23,009 [712a64fd-7418-47a3-ad6e-ca5168c2d6c8-impl-thread2] INFO  impl.StateMachineUpdater (StateMachineUpdater.java:stopAndJoin(155)) - 712a64fd-7418-47a3-ad6e-ca5168c2d6c8@group-48A4D989478C-StateMachineUpdater: set stopIndex = 0
2023-06-05 07:27:23,006 [Thread-1347] INFO  server.GrpcServerProtocolClient (GrpcServerProtocolClient.java:close(103)) - af6f22e6-8c02-49ca-b8ef-ebf84cb6ecd3 Close channels
2023-06-05 07:27:23,006 [712a64fd-7418-47a3-ad6e-ca5168c2d6c8@group-6E51D942BDA8-FollowerState] INFO  impl.FollowerState (FollowerState.java:run(152)) - 712a64fd-7418-47a3-ad6e-ca5168c2d6c8@group-6E51D942BDA8-FollowerState was interrupted
2023-06-05 07:27:23,010 [712a64fd-7418-47a3-ad6e-ca5168c2d6c8@group-48A4D989478C-StateMachineUpdater] INFO  ratis.ContainerStateMachine (ContainerStateMachine.java:takeSnapshot(330)) - group-48A4D989478C: Taking a snapshot at:(t:1, i:0) file /home/runner/work/ozone/ozone/hadoop-ozone/integration-test/target/test-dir/MiniOzoneClusterImpl-83a197ea-a40f-4311-b66f-590feb13562f/datanode-2/data/ratis/3f730f53-7c61-4a03-8dc5-48a4d989478c/sm/snapshot.1_0
2023-06-05 07:27:23,006 [712a64fd-7418-47a3-ad6e-ca5168c2d6c8-impl-thread1] INFO  impl.StateMachineUpdater (StateMachineUpdater.java:stopAndJoin(155)) - 712a64fd-7418-47a3-ad6e-ca5168c2d6c8@group-6E51D942BDA8-StateMachineUpdater: set stopIndex = -1
2023-06-05 07:27:23,010 [712a64fd-7418-47a3-ad6e-ca5168c2d6c8-impl-thread1] INFO  server.RaftServer$Division (ServerState.java:close(472)) - 712a64fd-7418-47a3-ad6e-ca5168c2d6c8@group-6E51D942BDA8: closes. applyIndex: -1
2023-06-05 07:27:23,009 [main] INFO  server.GrpcService (GrpcService.java:closeImpl(311)) - 6abf044b-dd97-46d3-b4cc-5e398763b903: shutdown server org.apache.ratis.grpc.server.GrpcAdminProtocolService now
2023-06-05 07:27:23,009 [712a64fd-7418-47a3-ad6e-ca5168c2d6c8-impl-thread3] INFO  server.RaftServer$Division (ServerState.java:close(472)) - 712a64fd-7418-47a3-ad6e-ca5168c2d6c8@group-31F0E240F05C: closes. applyIndex: -1
2023-06-05 07:27:23,012 [712a64fd-7418-47a3-ad6e-ca5168c2d6c8@group-48A4D989478C-StateMachineUpdater] INFO  ratis.ContainerStateMachine (ContainerStateMachine.java:takeSnapshot(341)) - group-48A4D989478C: Finished taking a snapshot at:(t:1, i:0) file:/home/runner/work/ozone/ozone/hadoop-ozone/integration-test/target/test-dir/MiniOzoneClusterImpl-83a197ea-a40f-4311-b66f-590feb13562f/datanode-2/data/ratis/3f730f53-7c61-4a03-8dc5-48a4d989478c/sm/snapshot.1_0 took: 1 ms
2023-06-05 07:27:23,012 [712a64fd-7418-47a3-ad6e-ca5168c2d6c8@group-48A4D989478C-StateMachineUpdater] INFO  impl.StateMachineUpdater (StateMachineUpdater.java:takeSnapshot(291)) - 712a64fd-7418-47a3-ad6e-ca5168c2d6c8@group-48A4D989478C-StateMachineUpdater: Took a snapshot at index 0
2023-06-05 07:27:23,012 [712a64fd-7418-47a3-ad6e-ca5168c2d6c8@group-48A4D989478C-StateMachineUpdater] INFO  impl.StateMachineUpdater (StateMachineUpdater.java:lambda$new$0(97)) - 712a64fd-7418-47a3-ad6e-ca5168c2d6c8@group-48A4D989478C-StateMachineUpdater: snapshotIndex: updateIncreasingly -1 -> 0
2023-06-05 07:27:23,012 [712a64fd-7418-47a3-ad6e-ca5168c2d6c8-impl-thread2] INFO  server.RaftServer$Division (ServerState.java:close(472)) - 712a64fd-7418-47a3-ad6e-ca5168c2d6c8@group-48A4D989478C: closes. applyIndex: 0
2023-06-05 07:27:23,014 [ForkJoinPool.commonPool-worker-3] INFO  server.GrpcService (GrpcService.java:closeImpl(320)) - 712a64fd-7418-47a3-ad6e-ca5168c2d6c8: shutdown server org.apache.ratis.grpc.server.GrpcClientProtocolService successfully
2023-06-05 07:27:23,014 [ForkJoinPool.commonPool-worker-3] INFO  server.GrpcService (GrpcService.java:closeImpl(311)) - 712a64fd-7418-47a3-ad6e-ca5168c2d6c8: shutdown server GrpcServerProtocolService now
2023-06-05 07:27:23,014 [ForkJoinPool.commonPool-worker-2] INFO  server.GrpcService (GrpcService.java:closeImpl(320)) - af6f22e6-8c02-49ca-b8ef-ebf84cb6ecd3: shutdown server GrpcServerProtocolService successfully
2023-06-05 07:27:23,014 [ForkJoinPool.commonPool-worker-2] INFO  server.GrpcService (GrpcService.java:closeImpl(311)) - af6f22e6-8c02-49ca-b8ef-ebf84cb6ecd3: shutdown server org.apache.ratis.grpc.server.GrpcAdminProtocolService now
2023-06-05 07:27:23,015 [main] INFO  server.GrpcService (GrpcService.java:closeImpl(320)) - 6abf044b-dd97-46d3-b4cc-5e398763b903: shutdown server org.apache.ratis.grpc.server.GrpcAdminProtocolService successfully
2023-06-05 07:27:23,015 [6abf044b-dd97-46d3-b4cc-5e398763b903-NettyServerStreamRpc-bossGroup--thread1] INFO  logging.LoggingHandler (AbstractInternalLogger.java:log(148)) - [id: 0xc3c75efa, L:/0:0:0:0:0:0:0:0:15094] CLOSE
2023-06-05 07:27:23,015 [6abf044b-dd97-46d3-b4cc-5e398763b903-NettyServerStreamRpc-bossGroup--thread1] INFO  logging.LoggingHandler (AbstractInternalLogger.java:log(148)) - [id: 0xc3c75efa, L:/0:0:0:0:0:0:0:0:15094] INACTIVE
2023-06-05 07:27:23,016 [6abf044b-dd97-46d3-b4cc-5e398763b903-NettyServerStreamRpc-bossGroup--thread1] INFO  logging.LoggingHandler (AbstractInternalLogger.java:log(148)) - [id: 0xc3c75efa, L:/0:0:0:0:0:0:0:0:15094] UNREGISTERED
2023-06-05 07:27:23,019 [ForkJoinPool.commonPool-worker-2] INFO  server.GrpcService (GrpcService.java:closeImpl(320)) - af6f22e6-8c02-49ca-b8ef-ebf84cb6ecd3: shutdown server org.apache.ratis.grpc.server.GrpcAdminProtocolService successfully
2023-06-05 07:27:23,020 [af6f22e6-8c02-49ca-b8ef-ebf84cb6ecd3-NettyServerStreamRpc-bossGroup--thread1] INFO  logging.LoggingHandler (AbstractInternalLogger.java:log(148)) - [id: 0x983f9dc2, L:/0:0:0:0:0:0:0:0:15085] CLOSE
2023-06-05 07:27:23,020 [af6f22e6-8c02-49ca-b8ef-ebf84cb6ecd3-NettyServerStreamRpc-bossGroup--thread1] INFO  logging.LoggingHandler (AbstractInternalLogger.java:log(148)) - [id: 0x983f9dc2, L:/0:0:0:0:0:0:0:0:15085] INACTIVE
2023-06-05 07:27:23,020 [af6f22e6-8c02-49ca-b8ef-ebf84cb6ecd3-NettyServerStreamRpc-bossGroup--thread1] INFO  logging.LoggingHandler (AbstractInternalLogger.java:log(148)) - [id: 0x983f9dc2, L:/0:0:0:0:0:0:0:0:15085] UNREGISTERED
2023-06-05 07:27:23,037 [ForkJoinPool.commonPool-worker-3] INFO  server.GrpcService (GrpcService.java:closeImpl(320)) - 712a64fd-7418-47a3-ad6e-ca5168c2d6c8: shutdown server GrpcServerProtocolService successfully
2023-06-05 07:27:23,037 [ForkJoinPool.commonPool-worker-3] INFO  server.GrpcService (GrpcService.java:closeImpl(311)) - 712a64fd-7418-47a3-ad6e-ca5168c2d6c8: shutdown server org.apache.ratis.grpc.server.GrpcAdminProtocolService now
2023-06-05 07:27:23,056 [ForkJoinPool.commonPool-worker-3] INFO  server.GrpcService (GrpcService.java:closeImpl(320)) - 712a64fd-7418-47a3-ad6e-ca5168c2d6c8: shutdown server org.apache.ratis.grpc.server.GrpcAdminProtocolService successfully
2023-06-05 07:27:23,056 [712a64fd-7418-47a3-ad6e-ca5168c2d6c8-NettyServerStreamRpc-bossGroup--thread1] INFO  logging.LoggingHandler (AbstractInternalLogger.java:log(148)) - [id: 0x214f0104, L:/0:0:0:0:0:0:0:0:15103] CLOSE
2023-06-05 07:27:23,056 [712a64fd-7418-47a3-ad6e-ca5168c2d6c8-NettyServerStreamRpc-bossGroup--thread1] INFO  logging.LoggingHandler (AbstractInternalLogger.java:log(148)) - [id: 0x214f0104, L:/0:0:0:0:0:0:0:0:15103] INACTIVE
2023-06-05 07:27:23,056 [712a64fd-7418-47a3-ad6e-ca5168c2d6c8-NettyServerStreamRpc-bossGroup--thread1] INFO  logging.LoggingHandler (AbstractInternalLogger.java:log(148)) - [id: 0x214f0104, L:/0:0:0:0:0:0:0:0:15103] UNREGISTERED
2023-06-05 07:27:23,290 [af6f22e6-8c02-49ca-b8ef-ebf84cb6ecd3-impl-thread3] INFO  segmented.SegmentedRaftLogWorker (SegmentedRaftLogWorker.java:close(252)) - af6f22e6-8c02-49ca-b8ef-ebf84cb6ecd3@group-CD6B32FC4AEF-SegmentedRaftLogWorker close()
2023-06-05 07:27:23,384 [af6f22e6-8c02-49ca-b8ef-ebf84cb6ecd3-impl-thread2] INFO  segmented.SegmentedRaftLogWorker (SegmentedRaftLogWorker.java:close(252)) - af6f22e6-8c02-49ca-b8ef-ebf84cb6ecd3@group-31F0E240F05C-SegmentedRaftLogWorker close()
2023-06-05 07:27:23,427 [712a64fd-7418-47a3-ad6e-ca5168c2d6c8-impl-thread3] INFO  segmented.SegmentedRaftLogWorker (SegmentedRaftLogWorker.java:close(252)) - 712a64fd-7418-47a3-ad6e-ca5168c2d6c8@group-31F0E240F05C-SegmentedRaftLogWorker close()
2023-06-05 07:27:23,442 [6abf044b-dd97-46d3-b4cc-5e398763b903-impl-thread3] INFO  segmented.SegmentedRaftLogWorker (SegmentedRaftLogWorker.java:close(252)) - 6abf044b-dd97-46d3-b4cc-5e398763b903@group-31F0E240F05C-SegmentedRaftLogWorker close()
2023-06-05 07:27:23,559 [6abf044b-dd97-46d3-b4cc-5e398763b903-impl-thread2] INFO  segmented.SegmentedRaftLogWorker (SegmentedRaftLogWorker.java:close(252)) - 6abf044b-dd97-46d3-b4cc-5e398763b903@group-6E51D942BDA8-SegmentedRaftLogWorker close()
2023-06-05 07:27:23,605 [712a64fd-7418-47a3-ad6e-ca5168c2d6c8-impl-thread1] INFO  segmented.SegmentedRaftLogWorker (SegmentedRaftLogWorker.java:close(252)) - 712a64fd-7418-47a3-ad6e-ca5168c2d6c8@group-6E51D942BDA8-SegmentedRaftLogWorker close()
2023-06-05 07:27:23,607 [6abf044b-dd97-46d3-b4cc-5e398763b903-impl-thread1] INFO  segmented.SegmentedRaftLogWorker (SegmentedRaftLogWorker.java:close(252)) - 6abf044b-dd97-46d3-b4cc-5e398763b903@group-4000F8015CE4-SegmentedRaftLogWorker close()
2023-06-05 07:27:23,608 [JvmPauseMonitor16] INFO  util.JvmPauseMonitor (JvmPauseMonitor.java:run(109)) - JvmPauseMonitor-6abf044b-dd97-46d3-b4cc-5e398763b903: Stopped
2023-06-05 07:27:23,612 [af6f22e6-8c02-49ca-b8ef-ebf84cb6ecd3-impl-thread1] INFO  segmented.SegmentedRaftLogWorker (SegmentedRaftLogWorker.java:close(252)) - af6f22e6-8c02-49ca-b8ef-ebf84cb6ecd3@group-6E51D942BDA8-SegmentedRaftLogWorker close()
2023-06-05 07:27:23,613 [JvmPauseMonitor15] INFO  util.JvmPauseMonitor (JvmPauseMonitor.java:run(109)) - JvmPauseMonitor-af6f22e6-8c02-49ca-b8ef-ebf84cb6ecd3: Stopped
2023-06-05 07:27:23,886 [RatisPipelineUtilsThread - 0] WARN  pipeline.PipelinePlacementPolicy (PipelinePlacementPolicy.java:filterViableNodes(160)) - Pipeline creation failed due to no sufficient healthy datanodes. Required 3. Found 0. Excluded 3.
2023-06-05 07:27:23,935 [712a64fd-7418-47a3-ad6e-ca5168c2d6c8-impl-thread2] INFO  segmented.SegmentedRaftLogWorker (SegmentedRaftLogWorker.java:close(252)) - 712a64fd-7418-47a3-ad6e-ca5168c2d6c8@group-48A4D989478C-SegmentedRaftLogWorker close()
2023-06-05 07:27:23,936 [JvmPauseMonitor17] INFO  util.JvmPauseMonitor (JvmPauseMonitor.java:run(109)) - JvmPauseMonitor-712a64fd-7418-47a3-ad6e-ca5168c2d6c8: Stopped
2023-06-05 07:27:25,613 [main] INFO  utils.DatanodeStoreCache (DatanodeStoreCache.java:shutdownCache(110)) - Skip clearing cache in mini cluster mode. Entries left: [/home/runner/work/ozone/ozone/hadoop-ozone/integration-test/target/test-dir/MiniOzoneClusterImpl-83a197ea-a40f-4311-b66f-590feb13562f/datanode-0/data-0/containers/hdds/83a197ea-a40f-4311-b66f-590feb13562f/DS-2a15f5d8-8374-456b-8d42-9c47a4f4bb60/container.db, /home/runner/work/ozone/ozone/hadoop-ozone/integration-test/target/test-dir/MiniOzoneClusterImpl-83a197ea-a40f-4311-b66f-590feb13562f/datanode-1/data-0/containers/hdds/83a197ea-a40f-4311-b66f-590feb13562f/DS-f2338a02-119d-43df-ac87-c3e7f3ef9623/container.db, /home/runner/work/ozone/ozone/hadoop-ozone/integration-test/target/test-dir/MiniOzoneClusterImpl-83a197ea-a40f-4311-b66f-590feb13562f/datanode-2/data-0/containers/hdds/83a197ea-a40f-4311-b66f-590feb13562f/DS-ec97041d-a1b3-4c73-99b6-25bec6dbd041/container.db]
2023-06-05 07:27:25,616 [main] INFO  utils.DatanodeStoreCache (DatanodeStoreCache.java:removeDB(104)) - Removed db /home/runner/work/ozone/ozone/hadoop-ozone/integration-test/target/test-dir/MiniOzoneClusterImpl-83a197ea-a40f-4311-b66f-590feb13562f/datanode-1/data-0/containers/hdds/83a197ea-a40f-4311-b66f-590feb13562f/DS-f2338a02-119d-43df-ac87-c3e7f3ef9623/container.db from cache
2023-06-05 07:27:25,616 [main] INFO  volume.HddsVolume (HddsVolume.java:closeDbStore(437)) - SchemaV3 db is stopped at /home/runner/work/ozone/ozone/hadoop-ozone/integration-test/target/test-dir/MiniOzoneClusterImpl-83a197ea-a40f-4311-b66f-590feb13562f/datanode-1/data-0/containers/hdds/83a197ea-a40f-4311-b66f-590feb13562f/DS-f2338a02-119d-43df-ac87-c3e7f3ef9623/container.db for volume DS-f2338a02-119d-43df-ac87-c3e7f3ef9623
2023-06-05 07:27:25,616 [main] INFO  utils.BackgroundService (BackgroundService.java:shutdown(141)) - Shutting down service BlockDeletingService
2023-06-05 07:27:25,619 [main] INFO  utils.BackgroundService (BackgroundService.java:shutdown(141)) - Shutting down service StaleRecoveringContainerScrubbingService
2023-06-05 07:27:25,619 [ForkJoinPool.commonPool-worker-2] INFO  utils.DatanodeStoreCache (DatanodeStoreCache.java:shutdownCache(110)) - Skip clearing cache in mini cluster mode. Entries left: [/home/runner/work/ozone/ozone/hadoop-ozone/integration-test/target/test-dir/MiniOzoneClusterImpl-83a197ea-a40f-4311-b66f-590feb13562f/datanode-0/data-0/containers/hdds/83a197ea-a40f-4311-b66f-590feb13562f/DS-2a15f5d8-8374-456b-8d42-9c47a4f4bb60/container.db, /home/runner/work/ozone/ozone/hadoop-ozone/integration-test/target/test-dir/MiniOzoneClusterImpl-83a197ea-a40f-4311-b66f-590feb13562f/datanode-2/data-0/containers/hdds/83a197ea-a40f-4311-b66f-590feb13562f/DS-ec97041d-a1b3-4c73-99b6-25bec6dbd041/container.db]
2023-06-05 07:27:25,623 [main] INFO  statemachine.DatanodeStateMachine (DatanodeStateMachine.java:stopDaemon(605)) - Ozone container server stopped.
2023-06-05 07:27:25,625 [ForkJoinPool.commonPool-worker-2] INFO  utils.DatanodeStoreCache (DatanodeStoreCache.java:removeDB(104)) - Removed db /home/runner/work/ozone/ozone/hadoop-ozone/integration-test/target/test-dir/MiniOzoneClusterImpl-83a197ea-a40f-4311-b66f-590feb13562f/datanode-0/data-0/containers/hdds/83a197ea-a40f-4311-b66f-590feb13562f/DS-2a15f5d8-8374-456b-8d42-9c47a4f4bb60/container.db from cache
2023-06-05 07:27:25,625 [ForkJoinPool.commonPool-worker-2] INFO  volume.HddsVolume (HddsVolume.java:closeDbStore(437)) - SchemaV3 db is stopped at /home/runner/work/ozone/ozone/hadoop-ozone/integration-test/target/test-dir/MiniOzoneClusterImpl-83a197ea-a40f-4311-b66f-590feb13562f/datanode-0/data-0/containers/hdds/83a197ea-a40f-4311-b66f-590feb13562f/DS-2a15f5d8-8374-456b-8d42-9c47a4f4bb60/container.db for volume DS-2a15f5d8-8374-456b-8d42-9c47a4f4bb60
2023-06-05 07:27:25,627 [ForkJoinPool.commonPool-worker-2] INFO  utils.BackgroundService (BackgroundService.java:shutdown(141)) - Shutting down service BlockDeletingService
2023-06-05 07:27:25,627 [ForkJoinPool.commonPool-worker-2] INFO  utils.BackgroundService (BackgroundService.java:shutdown(141)) - Shutting down service StaleRecoveringContainerScrubbingService
2023-06-05 07:27:25,629 [ForkJoinPool.commonPool-worker-2] INFO  statemachine.DatanodeStateMachine (DatanodeStateMachine.java:stopDaemon(605)) - Ozone container server stopped.
2023-06-05 07:27:25,637 [main] INFO  handler.ContextHandler (ContextHandler.java:doStop(1159)) - Stopped o.e.j.w.WebAppContext@65293200{hddsDatanode,/,null,STOPPED}{jar:file:/home/runner/.m2/repository/org/apache/ozone/hdds-container-service/1.4.0-SNAPSHOT/hdds-container-service-1.4.0-SNAPSHOT.jar!/webapps/hddsDatanode}
2023-06-05 07:27:25,638 [main] INFO  server.AbstractConnector (AbstractConnector.java:doStop(383)) - Stopped ServerConnector@323946d9{HTTP/1.1, (http/1.1)}{0.0.0.0:15088}
2023-06-05 07:27:25,639 [main] INFO  server.session (HouseKeeper.java:stopScavenging(149)) - node0 Stopped scavenging
2023-06-05 07:27:25,639 [main] INFO  handler.ContextHandler (ContextHandler.java:doStop(1159)) - Stopped o.e.j.s.ServletContextHandler@5a9f68a3{static,/static,jar:file:/home/runner/.m2/repository/org/apache/ozone/hdds-container-service/1.4.0-SNAPSHOT/hdds-container-service-1.4.0-SNAPSHOT.jar!/webapps/static,STOPPED}
2023-06-05 07:27:25,639 [main] INFO  handler.ContextHandler (ContextHandler.java:doStop(1159)) - Stopped o.e.j.s.ServletContextHandler@5a358e59{logs,/logs,file:///home/runner/work/ozone/ozone/hadoop-ozone/integration-test/target/log,STOPPED}
2023-06-05 07:27:25,640 [main] INFO  ozone.HddsDatanodeClientProtocolServer (HddsDatanodeClientProtocolServer.java:stop(89)) - Stopping the RPC server for Client Protocol
2023-06-05 07:27:25,640 [main] INFO  ipc.Server (Server.java:stop(3501)) - Stopping server on 15089
2023-06-05 07:27:25,641 [IPC Server listener on 15089] INFO  ipc.Server (Server.java:run(1430)) - Stopping IPC Server listener on 15089
2023-06-05 07:27:25,641 [IPC Server Responder] INFO  ipc.Server (Server.java:run(1563)) - Stopping IPC Server Responder
2023-06-05 07:27:25,643 [ForkJoinPool.commonPool-worker-2] INFO  handler.ContextHandler (ContextHandler.java:doStop(1159)) - Stopped o.e.j.w.WebAppContext@1680a499{hddsDatanode,/,null,STOPPED}{jar:file:/home/runner/.m2/repository/org/apache/ozone/hdds-container-service/1.4.0-SNAPSHOT/hdds-container-service-1.4.0-SNAPSHOT.jar!/webapps/hddsDatanode}
2023-06-05 07:27:25,644 [ForkJoinPool.commonPool-worker-2] INFO  server.AbstractConnector (AbstractConnector.java:doStop(383)) - Stopped ServerConnector@7678bf95{HTTP/1.1, (http/1.1)}{0.0.0.0:15079}
2023-06-05 07:27:25,644 [ForkJoinPool.commonPool-worker-2] INFO  server.session (HouseKeeper.java:stopScavenging(149)) - node0 Stopped scavenging
2023-06-05 07:27:25,645 [ForkJoinPool.commonPool-worker-2] INFO  handler.ContextHandler (ContextHandler.java:doStop(1159)) - Stopped o.e.j.s.ServletContextHandler@744200de{static,/static,jar:file:/home/runner/.m2/repository/org/apache/ozone/hdds-container-service/1.4.0-SNAPSHOT/hdds-container-service-1.4.0-SNAPSHOT.jar!/webapps/static,STOPPED}
2023-06-05 07:27:25,645 [ForkJoinPool.commonPool-worker-2] INFO  handler.ContextHandler (ContextHandler.java:doStop(1159)) - Stopped o.e.j.s.ServletContextHandler@5d664d50{logs,/logs,file:///home/runner/work/ozone/ozone/hadoop-ozone/integration-test/target/log,STOPPED}
2023-06-05 07:27:25,646 [ForkJoinPool.commonPool-worker-2] INFO  ozone.HddsDatanodeClientProtocolServer (HddsDatanodeClientProtocolServer.java:stop(89)) - Stopping the RPC server for Client Protocol
2023-06-05 07:27:25,647 [ForkJoinPool.commonPool-worker-2] INFO  ipc.Server (Server.java:stop(3501)) - Stopping server on 15080
2023-06-05 07:27:25,647 [IPC Server listener on 15080] INFO  ipc.Server (Server.java:run(1430)) - Stopping IPC Server listener on 15080
2023-06-05 07:27:25,647 [IPC Server Responder] INFO  ipc.Server (Server.java:run(1563)) - Stopping IPC Server Responder
2023-06-05 07:27:25,940 [ForkJoinPool.commonPool-worker-3] INFO  utils.DatanodeStoreCache (DatanodeStoreCache.java:shutdownCache(110)) - Skip clearing cache in mini cluster mode. Entries left: [/home/runner/work/ozone/ozone/hadoop-ozone/integration-test/target/test-dir/MiniOzoneClusterImpl-83a197ea-a40f-4311-b66f-590feb13562f/datanode-2/data-0/containers/hdds/83a197ea-a40f-4311-b66f-590feb13562f/DS-ec97041d-a1b3-4c73-99b6-25bec6dbd041/container.db]
2023-06-05 07:27:25,943 [ForkJoinPool.commonPool-worker-3] INFO  utils.DatanodeStoreCache (DatanodeStoreCache.java:removeDB(104)) - Removed db /home/runner/work/ozone/ozone/hadoop-ozone/integration-test/target/test-dir/MiniOzoneClusterImpl-83a197ea-a40f-4311-b66f-590feb13562f/datanode-2/data-0/containers/hdds/83a197ea-a40f-4311-b66f-590feb13562f/DS-ec97041d-a1b3-4c73-99b6-25bec6dbd041/container.db from cache
2023-06-05 07:27:25,943 [ForkJoinPool.commonPool-worker-3] INFO  volume.HddsVolume (HddsVolume.java:closeDbStore(437)) - SchemaV3 db is stopped at /home/runner/work/ozone/ozone/hadoop-ozone/integration-test/target/test-dir/MiniOzoneClusterImpl-83a197ea-a40f-4311-b66f-590feb13562f/datanode-2/data-0/containers/hdds/83a197ea-a40f-4311-b66f-590feb13562f/DS-ec97041d-a1b3-4c73-99b6-25bec6dbd041/container.db for volume DS-ec97041d-a1b3-4c73-99b6-25bec6dbd041
2023-06-05 07:27:25,943 [ForkJoinPool.commonPool-worker-3] INFO  utils.BackgroundService (BackgroundService.java:shutdown(141)) - Shutting down service BlockDeletingService
2023-06-05 07:27:25,944 [ForkJoinPool.commonPool-worker-3] INFO  utils.BackgroundService (BackgroundService.java:shutdown(141)) - Shutting down service StaleRecoveringContainerScrubbingService
2023-06-05 07:27:25,944 [ForkJoinPool.commonPool-worker-3] INFO  statemachine.DatanodeStateMachine (DatanodeStateMachine.java:stopDaemon(605)) - Ozone container server stopped.
2023-06-05 07:27:25,960 [ForkJoinPool.commonPool-worker-3] INFO  handler.ContextHandler (ContextHandler.java:doStop(1159)) - Stopped o.e.j.w.WebAppContext@70d4476c{hddsDatanode,/,null,STOPPED}{jar:file:/home/runner/.m2/repository/org/apache/ozone/hdds-container-service/1.4.0-SNAPSHOT/hdds-container-service-1.4.0-SNAPSHOT.jar!/webapps/hddsDatanode}
2023-06-05 07:27:25,962 [ForkJoinPool.commonPool-worker-3] INFO  server.AbstractConnector (AbstractConnector.java:doStop(383)) - Stopped ServerConnector@67ee5b15{HTTP/1.1, (http/1.1)}{0.0.0.0:15097}
2023-06-05 07:27:25,962 [ForkJoinPool.commonPool-worker-3] INFO  server.session (HouseKeeper.java:stopScavenging(149)) - node0 Stopped scavenging
2023-06-05 07:27:25,964 [ForkJoinPool.commonPool-worker-3] INFO  handler.ContextHandler (ContextHandler.java:doStop(1159)) - Stopped o.e.j.s.ServletContextHandler@4156134d{static,/static,jar:file:/home/runner/.m2/repository/org/apache/ozone/hdds-container-service/1.4.0-SNAPSHOT/hdds-container-service-1.4.0-SNAPSHOT.jar!/webapps/static,STOPPED}
2023-06-05 07:27:25,965 [ForkJoinPool.commonPool-worker-3] INFO  handler.ContextHandler (ContextHandler.java:doStop(1159)) - Stopped o.e.j.s.ServletContextHandler@4883c638{logs,/logs,file:///home/runner/work/ozone/ozone/hadoop-ozone/integration-test/target/log,STOPPED}
2023-06-05 07:27:25,965 [ForkJoinPool.commonPool-worker-3] INFO  ozone.HddsDatanodeClientProtocolServer (HddsDatanodeClientProtocolServer.java:stop(89)) - Stopping the RPC server for Client Protocol
2023-06-05 07:27:25,966 [ForkJoinPool.commonPool-worker-3] INFO  ipc.Server (Server.java:stop(3501)) - Stopping server on 15098
2023-06-05 07:27:25,966 [IPC Server listener on 15098] INFO  ipc.Server (Server.java:run(1430)) - Stopping IPC Server listener on 15098
2023-06-05 07:27:25,966 [IPC Server Responder] INFO  ipc.Server (Server.java:run(1563)) - Stopping IPC Server Responder
2023-06-05 07:27:25,969 [main] INFO  ozone.MiniOzoneClusterImpl (MiniOzoneClusterImpl.java:stopSCM(537)) - Stopping the StorageContainerManager
2023-06-05 07:27:25,969 [main] INFO  server.StorageContainerManager (StorageContainerManager.java:stop(1559)) - Container Balancer is not running.
2023-06-05 07:27:25,969 [main] INFO  server.StorageContainerManager (StorageContainerManager.java:stopReplicationManager(1690)) - Stopping Replication Manager Service.
2023-06-05 07:27:25,969 [main] INFO  replication.ReplicationManager (ReplicationManager.java:stop(332)) - Stopping Replication Monitor Thread.
2023-06-05 07:27:25,969 [main] INFO  server.StorageContainerManager (StorageContainerManager.java:stop(1568)) - Stopping the Datanode Admin Monitor.
2023-06-05 07:27:25,970 [Over Replicated Processor] WARN  replication.UnhealthyReplicationProcessor (UnhealthyReplicationProcessor.java:run(167)) - Over Replicated Processor interrupted. Exiting...
2023-06-05 07:27:25,970 [ReplicationMonitor] INFO  replication.ReplicationManager (ReplicationManager.java:run(938)) - Replication Monitor Thread is stopped
2023-06-05 07:27:25,969 [Under Replicated Processor] WARN  replication.UnhealthyReplicationProcessor (UnhealthyReplicationProcessor.java:run(167)) - Under Replicated Processor interrupted. Exiting...
2023-06-05 07:27:25,970 [main] INFO  server.StorageContainerManager (StorageContainerManager.java:stop(1575)) - Stopping datanode service RPC server
2023-06-05 07:27:25,972 [main] INFO  server.SCMDatanodeProtocolServer (SCMDatanodeProtocolServer.java:stop(424)) - Stopping the RPC server for DataNodes
2023-06-05 07:27:25,972 [main] INFO  ipc.Server (Server.java:stop(3501)) - Stopping server on 15072
2023-06-05 07:27:25,974 [IPC Server Responder] INFO  ipc.Server (Server.java:run(1563)) - Stopping IPC Server Responder
2023-06-05 07:27:25,975 [IPC Server listener on 15072] INFO  ipc.Server (Server.java:run(1430)) - Stopping IPC Server listener on 15072
2023-06-05 07:27:26,074 [SCM Heartbeat Processing Thread - 0] WARN  node.NodeStateManager (NodeStateManager.java:scheduleNextHealthCheck(870)) - Current Thread is interrupted, shutting down HB processing thread for Node Manager.
2023-06-05 07:27:26,075 [main] INFO  server.StorageContainerManager (StorageContainerManager.java:stop(1583)) - Stopping block service RPC server
2023-06-05 07:27:26,076 [main] INFO  server.SCMBlockProtocolServer (SCMBlockProtocolServer.java:stop(161)) - Stopping the RPC server for Block Protocol
2023-06-05 07:27:26,076 [main] INFO  ipc.Server (Server.java:stop(3501)) - Stopping server on 15071
2023-06-05 07:27:26,079 [main] INFO  server.StorageContainerManager (StorageContainerManager.java:stop(1590)) - Stopping the StorageContainerLocationProtocol RPC server
2023-06-05 07:27:26,079 [IPC Server listener on 15071] INFO  ipc.Server (Server.java:run(1430)) - Stopping IPC Server listener on 15071
2023-06-05 07:27:26,079 [IPC Server Responder] INFO  ipc.Server (Server.java:run(1563)) - Stopping IPC Server Responder
2023-06-05 07:27:26,079 [main] INFO  server.SCMClientProtocolServer (SCMClientProtocolServer.java:stop(208)) - Stopping the RPC server for Client Protocol
2023-06-05 07:27:26,079 [main] INFO  ipc.Server (Server.java:stop(3501)) - Stopping server on 15070
2023-06-05 07:27:26,080 [IPC Server listener on 15070] INFO  ipc.Server (Server.java:run(1430)) - Stopping IPC Server listener on 15070
2023-06-05 07:27:26,081 [IPC Server Responder] INFO  ipc.Server (Server.java:run(1563)) - Stopping IPC Server Responder
2023-06-05 07:27:26,081 [main] INFO  server.StorageContainerManager (StorageContainerManager.java:stop(1597)) - Stopping Storage Container Manager HTTP server.
2023-06-05 07:27:26,082 [main] INFO  handler.ContextHandler (ContextHandler.java:doStop(1159)) - Stopped o.e.j.w.WebAppContext@12a3b047{scm,/,null,STOPPED}{file:/home/runner/work/ozone/ozone/hadoop-ozone/integration-test/target/test-classes/webapps/scm}
2023-06-05 07:27:26,083 [main] INFO  server.AbstractConnector (AbstractConnector.java:doStop(383)) - Stopped ServerConnector@5b5752a{HTTP/1.1, (http/1.1)}{0.0.0.0:15073}
2023-06-05 07:27:26,083 [main] INFO  server.session (HouseKeeper.java:stopScavenging(149)) - node0 Stopped scavenging
2023-06-05 07:27:26,083 [main] INFO  handler.ContextHandler (ContextHandler.java:doStop(1159)) - Stopped o.e.j.s.ServletContextHandler@2b851fe2{static,/static,file:///home/runner/work/ozone/ozone/hadoop-ozone/integration-test/target/test-classes/webapps/static,STOPPED}
2023-06-05 07:27:26,083 [main] INFO  handler.ContextHandler (ContextHandler.java:doStop(1159)) - Stopped o.e.j.s.ServletContextHandler@72a265ea{logs,/logs,file:///home/runner/work/ozone/ozone/hadoop-ozone/integration-test/target/log,STOPPED}
2023-06-05 07:27:26,084 [main] INFO  server.StorageContainerManager (StorageContainerManager.java:stop(1605)) - Stopping SCM LayoutVersionManager Service.
2023-06-05 07:27:26,084 [main] INFO  server.StorageContainerManager (StorageContainerManager.java:stop(1613)) - Stopping Block Manager Service.
2023-06-05 07:27:26,084 [main] INFO  utils.BackgroundService (BackgroundService.java:shutdown(141)) - Shutting down service SCMBlockDeletingService
2023-06-05 07:27:26,084 [main] INFO  utils.BackgroundService (BackgroundService.java:shutdown(141)) - Shutting down service SCMBlockDeletingService
2023-06-05 07:27:26,085 [main] INFO  server.StorageContainerManager (StorageContainerManager.java:stop(1635)) - Stopping SCM Event Queue.
2023-06-05 07:27:26,085 [main] INFO  server.StorageContainerManager (StorageContainerManager.java:stop(1646)) - Stopping SCM HA services.
2023-06-05 07:27:26,085 [main] INFO  ha.SCMRatisServerImpl (SCMRatisServerImpl.java:stop(254)) - stopping ratis server 0.0.0.0:9894
2023-06-05 07:27:26,085 [main] INFO  server.RaftServer (RaftServerProxy.java:lambda$close$6(416)) - 98b33fd7-6148-442a-8d27-775f5e6fd0ab: close
2023-06-05 07:27:26,086 [main] INFO  server.GrpcService (GrpcService.java:closeImpl(311)) - 98b33fd7-6148-442a-8d27-775f5e6fd0ab: shutdown server GrpcServerProtocolService now
2023-06-05 07:27:26,086 [98b33fd7-6148-442a-8d27-775f5e6fd0ab-impl-thread1] INFO  server.RaftServer$Division (RaftServerImpl.java:lambda$close$4(466)) - 98b33fd7-6148-442a-8d27-775f5e6fd0ab@group-590FEB13562F: shutdown
2023-06-05 07:27:26,086 [98b33fd7-6148-442a-8d27-775f5e6fd0ab-impl-thread1] INFO  util.JmxRegister (JmxRegister.java:unregister(73)) - Successfully un-registered JMX Bean with object name Ratis:service=RaftServer,group=group-590FEB13562F,id=98b33fd7-6148-442a-8d27-775f5e6fd0ab
2023-06-05 07:27:26,086 [98b33fd7-6148-442a-8d27-775f5e6fd0ab-impl-thread1] INFO  impl.RoleInfo (RoleInfo.java:shutdownLeaderState(93)) - 98b33fd7-6148-442a-8d27-775f5e6fd0ab: shutdown 98b33fd7-6148-442a-8d27-775f5e6fd0ab@group-590FEB13562F-LeaderStateImpl
2023-06-05 07:27:26,087 [98b33fd7-6148-442a-8d27-775f5e6fd0ab-impl-thread1] INFO  impl.PendingRequests (PendingRequests.java:sendNotLeaderResponses(289)) - 98b33fd7-6148-442a-8d27-775f5e6fd0ab@group-590FEB13562F-PendingRequests: sendNotLeaderResponses
2023-06-05 07:27:26,087 [98b33fd7-6148-442a-8d27-775f5e6fd0ab-impl-thread1] INFO  ha.SCMStateMachine (SCMStateMachine.java:notifyNotLeader(205)) - current leader SCM steps down.
2023-06-05 07:27:26,087 [98b33fd7-6148-442a-8d27-775f5e6fd0ab-impl-thread1] INFO  ha.SCMContext (SCMContext.java:updateLeaderAndTerm(99)) - update <isLeader,term> from <true,2> to <false,0>
2023-06-05 07:27:26,087 [98b33fd7-6148-442a-8d27-775f5e6fd0ab-impl-thread1] INFO  ha.SCMContext (SCMContext.java:updateLeaderAndTerm(106)) - update <isLeaderReady> from <false> to <false>
2023-06-05 07:27:26,088 [98b33fd7-6148-442a-8d27-775f5e6fd0ab-impl-thread1] INFO  BackgroundPipelineScrubber (BackgroundSCMService.java:notifyStatusChanged(88)) - Service BackgroundPipelineScrubber transitions to PAUSING.
2023-06-05 07:27:26,088 [98b33fd7-6148-442a-8d27-775f5e6fd0ab-impl-thread1] INFO  ExpiredContainerReplicaOpScrubber (BackgroundSCMService.java:notifyStatusChanged(88)) - Service ExpiredContainerReplicaOpScrubber transitions to PAUSING.
2023-06-05 07:27:26,088 [98b33fd7-6148-442a-8d27-775f5e6fd0ab-impl-thread1] INFO  SCMHATransactionMonitor (BackgroundSCMService.java:notifyStatusChanged(88)) - Service SCMHATransactionMonitor transitions to PAUSING.
2023-06-05 07:27:26,089 [98b33fd7-6148-442a-8d27-775f5e6fd0ab-impl-thread1] INFO  impl.StateMachineUpdater (StateMachineUpdater.java:stopAndJoin(155)) - 98b33fd7-6148-442a-8d27-775f5e6fd0ab@group-590FEB13562F-StateMachineUpdater: set stopIndex = 30
2023-06-05 07:27:26,089 [98b33fd7-6148-442a-8d27-775f5e6fd0ab@group-590FEB13562F-StateMachineUpdater] INFO  server.StorageContainerManager (StorageContainerManager.java:stop(1548)) - Storage Container Manager is not running.
2023-06-05 07:27:26,089 [98b33fd7-6148-442a-8d27-775f5e6fd0ab@group-590FEB13562F-StateMachineUpdater] INFO  server.StorageContainerManager (StorageContainerManager.java:stopReplicationManager(1690)) - Stopping Replication Manager Service.
2023-06-05 07:27:26,089 [98b33fd7-6148-442a-8d27-775f5e6fd0ab@group-590FEB13562F-StateMachineUpdater] INFO  replication.ReplicationManager (ReplicationManager.java:stop(342)) - Replication Monitor Thread is not running.
2023-06-05 07:27:26,089 [98b33fd7-6148-442a-8d27-775f5e6fd0ab@group-590FEB13562F-StateMachineUpdater] INFO  server.StorageContainerManager (ExitUtils.java:terminate(131)) - Terminating with exit status 0: scm statemachine is closed by ratis, terminate SCM
2023-06-05 07:27:26,089 [main] INFO  server.GrpcService (GrpcService.java:closeImpl(320)) - 98b33fd7-6148-442a-8d27-775f5e6fd0ab: shutdown server GrpcServerProtocolService successfully
2023-06-05 07:27:26,089 [98b33fd7-6148-442a-8d27-775f5e6fd0ab@group-590FEB13562F-StateMachineUpdater] WARN  impl.StateMachineUpdater (StateMachineUpdater.java:stop(139)) - 98b33fd7-6148-442a-8d27-775f5e6fd0ab@group-590FEB13562F-StateMachineUpdater: Failed to close SCMStateMachine SCMStateMachine:98b33fd7-6148-442a-8d27-775f5e6fd0ab:group-590FEB13562F
org.apache.ratis.util.ExitUtils$ExitException: scm statemachine is closed by ratis, terminate SCM
	at org.apache.ratis.util.ExitUtils.terminate(ExitUtils.java:141)
	at org.apache.ratis.util.ExitUtils.terminate(ExitUtils.java:151)
	at org.apache.ratis.util.ExitUtils.terminate(ExitUtils.java:155)
	at org.apache.hadoop.hdds.scm.server.StorageContainerManager.shutDown(StorageContainerManager.java:1700)
	at org.apache.hadoop.hdds.scm.ha.SCMStateMachine.close(SCMStateMachine.java:423)
	at org.apache.ratis.server.impl.StateMachineUpdater.stop(StateMachineUpdater.java:134)
	at org.apache.ratis.server.impl.StateMachineUpdater.run(StateMachineUpdater.java:189)
	at java.lang.Thread.run(Thread.java:750)
2023-06-05 07:27:26,089 [98b33fd7-6148-442a-8d27-775f5e6fd0ab-impl-thread1] INFO  server.RaftServer$Division (ServerState.java:close(472)) - 98b33fd7-6148-442a-8d27-775f5e6fd0ab@group-590FEB13562F: closes. applyIndex: 100
2023-06-05 07:27:26,982 [98b33fd7-6148-442a-8d27-775f5e6fd0ab-impl-thread1] INFO  segmented.SegmentedRaftLogWorker (SegmentedRaftLogWorker.java:close(252)) - 98b33fd7-6148-442a-8d27-775f5e6fd0ab@group-590FEB13562F-SegmentedRaftLogWorker close()
2023-06-05 07:27:26,982 [JvmPauseMonitor13] INFO  util.JvmPauseMonitor (JvmPauseMonitor.java:run(109)) - JvmPauseMonitor-98b33fd7-6148-442a-8d27-775f5e6fd0ab: Stopped
2023-06-05 07:27:26,983 [main] INFO  SCMHATransactionMonitor (BackgroundSCMService.java:stop(131)) - Stopping SCMHATransactionMonitor Service.
2023-06-05 07:27:26,983 [SCMHATransactionMonitorThread] WARN  SCMHATransactionMonitor (BackgroundSCMService.java:run(115)) - SCMHATransactionMonitor is interrupted, exit
2023-06-05 07:27:26,984 [main] INFO  pipeline.BackgroundPipelineCreator (BackgroundPipelineCreator.java:stop(149)) - Stopping RatisPipelineUtilsThread.
2023-06-05 07:27:26,984 [RatisPipelineUtilsThread - 0] WARN  pipeline.BackgroundPipelineCreator (BackgroundPipelineCreator.java:run(180)) - RatisPipelineUtilsThread is interrupted.
2023-06-05 07:27:26,984 [main] INFO  BackgroundPipelineScrubber (BackgroundSCMService.java:stop(131)) - Stopping BackgroundPipelineScrubber Service.
2023-06-05 07:27:26,984 [BackgroundPipelineScrubberThread] WARN  BackgroundPipelineScrubber (BackgroundSCMService.java:run(115)) - BackgroundPipelineScrubber is interrupted, exit
2023-06-05 07:27:26,986 [main] INFO  impl.MetricsSystemImpl (MetricsSystemImpl.java:stop(210)) - Stopping HddsDatanode metrics system...
2023-06-05 07:27:26,988 [prometheus] INFO  impl.MetricsSinkAdapter (MetricsSinkAdapter.java:publishMetricsFromQueue(141)) - prometheus thread interrupted.
2023-06-05 07:27:26,988 [main] INFO  impl.MetricsSystemImpl (MetricsSystemImpl.java:stop(216)) - HddsDatanode metrics system stopped.
2023-06-05 07:27:26,988 [main] WARN  pipeline.BackgroundPipelineCreator (BackgroundPipelineCreator.java:stop(145)) - RatisPipelineUtilsThread is not running, just ignore.
2023-06-05 07:27:26,988 [main] INFO  BackgroundPipelineScrubber (BackgroundSCMService.java:stop(126)) - BackgroundPipelineScrubber Service is not running, skip stop.
2023-06-05 07:27:26,988 [ExpiredContainerReplicaOpScrubberThread] WARN  ExpiredContainerReplicaOpScrubber (BackgroundSCMService.java:run(115)) - ExpiredContainerReplicaOpScrubber is interrupted, exit
2023-06-05 07:27:26,989 [main] INFO  ExpiredContainerReplicaOpScrubber (BackgroundSCMService.java:stop(131)) - Stopping ExpiredContainerReplicaOpScrubber Service.
2023-06-05 07:27:26,989 [main] INFO  utils.BackgroundService (BackgroundService.java:shutdown(141)) - Shutting down service SCMBlockDeletingService
2023-06-05 07:27:26,989 [main] INFO  replication.ReplicationManager (ReplicationManager.java:stop(342)) - Replication Monitor Thread is not running.
2023-06-05 07:27:26,989 [main] WARN  balancer.ContainerBalancer (ContainerBalancer.java:stop(328)) - Cannot stop Container Balancer because it's not running or stopping
2023-06-05 07:27:26,989 [main] INFO  SCMHATransactionMonitor (BackgroundSCMService.java:stop(126)) - SCMHATransactionMonitor Service is not running, skip stop.
2023-06-05 07:27:26,989 [main] INFO  server.StorageContainerManager (StorageContainerManager.java:stop(1681)) - Stopping SCM MetadataStore.
]]></system-out>
    </rerunFailure>
    <rerunFailure type="java.lang.AssertionError">
      <stackTrace><![CDATA[java.lang.AssertionError: Found 4 leaked objects, check logs
	at org.apache.hadoop.hdds.utils.db.CodecBuffer.assertNoLeaks(CodecBuffer.java:101)
	at org.apache.hadoop.ozone.MiniOzoneClusterImpl.shutdown(MiniOzoneClusterImpl.java:451)
	at org.apache.hadoop.hdds.scm.TestSCMInstallSnapshot.shutdown(TestSCMInstallSnapshot.java:80)
	at sun.reflect.NativeMethodAccessorImpl.invoke0(Native Method)
	at sun.reflect.NativeMethodAccessorImpl.invoke(NativeMethodAccessorImpl.java:62)
	at sun.reflect.DelegatingMethodAccessorImpl.invoke(DelegatingMethodAccessorImpl.java:43)
	at java.lang.reflect.Method.invoke(Method.java:498)
	at org.junit.platform.commons.util.ReflectionUtils.invokeMethod(ReflectionUtils.java:725)
	at org.junit.jupiter.engine.execution.MethodInvocation.proceed(MethodInvocation.java:60)
	at org.junit.jupiter.engine.execution.InvocationInterceptorChain$ValidatingInvocation.proceed(InvocationInterceptorChain.java:131)
	at org.junit.jupiter.engine.extension.TimeoutExtension.intercept(TimeoutExtension.java:149)
	at org.junit.jupiter.engine.extension.TimeoutExtension.interceptLifecycleMethod(TimeoutExtension.java:126)
	at org.junit.jupiter.engine.extension.TimeoutExtension.interceptAfterAllMethod(TimeoutExtension.java:116)
	at org.junit.jupiter.engine.execution.ExecutableInvoker$ReflectiveInterceptorCall.lambda$ofVoidMethod$0(ExecutableInvoker.java:115)
	at org.junit.jupiter.engine.execution.ExecutableInvoker.lambda$invoke$0(ExecutableInvoker.java:105)
	at org.junit.jupiter.engine.execution.InvocationInterceptorChain$InterceptedInvocation.proceed(InvocationInterceptorChain.java:106)
	at org.junit.jupiter.engine.execution.InvocationInterceptorChain.proceed(InvocationInterceptorChain.java:64)
	at org.junit.jupiter.engine.execution.InvocationInterceptorChain.chainAndInvoke(InvocationInterceptorChain.java:45)
	at org.junit.jupiter.engine.execution.InvocationInterceptorChain.invoke(InvocationInterceptorChain.java:37)
	at org.junit.jupiter.engine.execution.ExecutableInvoker.invoke(ExecutableInvoker.java:104)
	at org.junit.jupiter.engine.execution.ExecutableInvoker.invoke(ExecutableInvoker.java:98)
	at org.junit.jupiter.engine.descriptor.ClassBasedTestDescriptor.lambda$invokeAfterAllMethods$13(ClassBasedTestDescriptor.java:425)
	at org.junit.platform.engine.support.hierarchical.ThrowableCollector.execute(ThrowableCollector.java:73)
	at org.junit.jupiter.engine.descriptor.ClassBasedTestDescriptor.lambda$invokeAfterAllMethods$14(ClassBasedTestDescriptor.java:423)
	at java.util.ArrayList.forEach(ArrayList.java:1259)
	at java.util.Collections$UnmodifiableCollection.forEach(Collections.java:1082)
	at org.junit.jupiter.engine.descriptor.ClassBasedTestDescriptor.invokeAfterAllMethods(ClassBasedTestDescriptor.java:423)
	at org.junit.jupiter.engine.descriptor.ClassBasedTestDescriptor.after(ClassBasedTestDescriptor.java:225)
	at org.junit.jupiter.engine.descriptor.ClassBasedTestDescriptor.after(ClassBasedTestDescriptor.java:80)
	at org.junit.platform.engine.support.hierarchical.NodeTestTask.lambda$executeRecursively$7(NodeTestTask.java:161)
	at org.junit.platform.engine.support.hierarchical.ThrowableCollector.execute(ThrowableCollector.java:73)
	at org.junit.platform.engine.support.hierarchical.NodeTestTask.lambda$executeRecursively$8(NodeTestTask.java:161)
	at org.junit.platform.engine.support.hierarchical.Node.around(Node.java:137)
	at org.junit.platform.engine.support.hierarchical.NodeTestTask.lambda$executeRecursively$9(NodeTestTask.java:139)
	at org.junit.platform.engine.support.hierarchical.ThrowableCollector.execute(ThrowableCollector.java:73)
	at org.junit.platform.engine.support.hierarchical.NodeTestTask.executeRecursively(NodeTestTask.java:138)
	at org.junit.platform.engine.support.hierarchical.NodeTestTask.execute(NodeTestTask.java:95)
	at java.util.ArrayList.forEach(ArrayList.java:1259)
	at org.junit.platform.engine.support.hierarchical.SameThreadHierarchicalTestExecutorService.invokeAll(SameThreadHierarchicalTestExecutorService.java:41)
	at org.junit.platform.engine.support.hierarchical.NodeTestTask.lambda$executeRecursively$6(NodeTestTask.java:155)
	at org.junit.platform.engine.support.hierarchical.ThrowableCollector.execute(ThrowableCollector.java:73)
	at org.junit.platform.engine.support.hierarchical.NodeTestTask.lambda$executeRecursively$8(NodeTestTask.java:141)
	at org.junit.platform.engine.support.hierarchical.Node.around(Node.java:137)
	at org.junit.platform.engine.support.hierarchical.NodeTestTask.lambda$executeRecursively$9(NodeTestTask.java:139)
	at org.junit.platform.engine.support.hierarchical.ThrowableCollector.execute(ThrowableCollector.java:73)
	at org.junit.platform.engine.support.hierarchical.NodeTestTask.executeRecursively(NodeTestTask.java:138)
	at org.junit.platform.engine.support.hierarchical.NodeTestTask.execute(NodeTestTask.java:95)
	at org.junit.platform.engine.support.hierarchical.SameThreadHierarchicalTestExecutorService.submit(SameThreadHierarchicalTestExecutorService.java:35)
	at org.junit.platform.engine.support.hierarchical.HierarchicalTestExecutor.execute(HierarchicalTestExecutor.java:57)
	at org.junit.platform.engine.support.hierarchical.HierarchicalTestEngine.execute(HierarchicalTestEngine.java:54)
	at org.junit.platform.launcher.core.EngineExecutionOrchestrator.execute(EngineExecutionOrchestrator.java:107)
	at org.junit.platform.launcher.core.EngineExecutionOrchestrator.execute(EngineExecutionOrchestrator.java:88)
	at org.junit.platform.launcher.core.EngineExecutionOrchestrator.lambda$execute$0(EngineExecutionOrchestrator.java:54)
	at org.junit.platform.launcher.core.EngineExecutionOrchestrator.withInterceptedStreams(EngineExecutionOrchestrator.java:67)
	at org.junit.platform.launcher.core.EngineExecutionOrchestrator.execute(EngineExecutionOrchestrator.java:52)
	at org.junit.platform.launcher.core.DefaultLauncher.execute(DefaultLauncher.java:114)
	at org.junit.platform.launcher.core.DefaultLauncher.execute(DefaultLauncher.java:86)
	at org.junit.platform.launcher.core.DefaultLauncherSession$DelegatingLauncher.execute(DefaultLauncherSession.java:86)
	at org.junit.platform.launcher.core.SessionPerRequestLauncher.execute(SessionPerRequestLauncher.java:53)
	at org.apache.maven.surefire.junitplatform.JUnitPlatformProvider.invokeAllTests(JUnitPlatformProvider.java:165)
	at org.apache.maven.surefire.junitplatform.JUnitPlatformProvider.invoke(JUnitPlatformProvider.java:124)
	at org.apache.maven.surefire.booter.ForkedBooter.runSuitesInProcess(ForkedBooter.java:428)
	at org.apache.maven.surefire.booter.ForkedBooter.execute(ForkedBooter.java:162)
	at org.apache.maven.surefire.booter.ForkedBooter.run(ForkedBooter.java:562)
	at org.apache.maven.surefire.booter.ForkedBooter.main(ForkedBooter.java:548)
]]></stackTrace>
      <system-out><![CDATA[2023-06-05 07:27:53,731 [main] INFO  ozone.MiniOzoneClusterImpl (MiniOzoneClusterImpl.java:shutdown(442)) - Shutting down the Mini Ozone Cluster
2023-06-05 07:27:53,731 [main] INFO  ozone.MiniOzoneClusterImpl (MiniOzoneClusterImpl.java:stop(459)) - Stopping the Mini Ozone Cluster
2023-06-05 07:27:53,732 [main] INFO  ozone.MiniOzoneClusterImpl (MiniOzoneClusterImpl.java:stopOM(545)) - Stopping the OzoneManager
2023-06-05 07:27:53,732 [main] INFO  om.OzoneManager (OzoneManager.java:stop(2165)) - om1[localhost:15109]: Stopping Ozone Manager
2023-06-05 07:27:53,732 [main] INFO  ipc.Server (Server.java:stop(3501)) - Stopping server on 15109
2023-06-05 07:27:53,737 [IPC Server Responder] INFO  ipc.Server (Server.java:run(1563)) - Stopping IPC Server Responder
2023-06-05 07:27:53,738 [IPC Server listener on 15109] INFO  ipc.Server (Server.java:run(1430)) - Stopping IPC Server listener on 15109
2023-06-05 07:27:53,739 [main] INFO  server.RaftServer (RaftServerProxy.java:lambda$close$6(416)) - om1: close
2023-06-05 07:27:53,739 [main] INFO  server.GrpcService (GrpcService.java:closeImpl(311)) - om1: shutdown server GrpcServerProtocolService now
2023-06-05 07:27:53,739 [om1-impl-thread1] INFO  server.RaftServer$Division (RaftServerImpl.java:lambda$close$4(466)) - om1@group-C5BA1605619E: shutdown
2023-06-05 07:27:53,739 [om1-impl-thread1] INFO  util.JmxRegister (JmxRegister.java:unregister(73)) - Successfully un-registered JMX Bean with object name Ratis:service=RaftServer,group=group-C5BA1605619E,id=om1
2023-06-05 07:27:53,739 [om1-impl-thread1] INFO  impl.RoleInfo (RoleInfo.java:shutdownLeaderState(93)) - om1: shutdown om1@group-C5BA1605619E-LeaderStateImpl
2023-06-05 07:27:53,739 [om1-impl-thread1] INFO  impl.PendingRequests (PendingRequests.java:sendNotLeaderResponses(289)) - om1@group-C5BA1605619E-PendingRequests: sendNotLeaderResponses
2023-06-05 07:27:53,740 [om1-impl-thread1] INFO  impl.StateMachineUpdater (StateMachineUpdater.java:stopAndJoin(155)) - om1@group-C5BA1605619E-StateMachineUpdater: set stopIndex = 0
2023-06-05 07:27:53,740 [om1@group-C5BA1605619E-StateMachineUpdater] INFO  ratis.OzoneManagerStateMachine (OzoneManagerStateMachine.java:takeSnapshot(479)) - Current Snapshot Index (t:1, i:0)
2023-06-05 07:27:53,742 [main] INFO  server.GrpcService (GrpcService.java:closeImpl(320)) - om1: shutdown server GrpcServerProtocolService successfully
2023-06-05 07:27:53,756 [om1@group-C5BA1605619E-StateMachineUpdater] INFO  impl.StateMachineUpdater (StateMachineUpdater.java:takeSnapshot(291)) - om1@group-C5BA1605619E-StateMachineUpdater: Took a snapshot at index 0
2023-06-05 07:27:53,756 [om1@group-C5BA1605619E-StateMachineUpdater] INFO  impl.StateMachineUpdater (StateMachineUpdater.java:lambda$new$0(97)) - om1@group-C5BA1605619E-StateMachineUpdater: snapshotIndex: updateIncreasingly -1 -> 0
2023-06-05 07:27:53,756 [om1@group-C5BA1605619E-StateMachineUpdater] INFO  ratis.OzoneManagerStateMachine (OzoneManagerStateMachine.java:close(533)) - StateMachine has shutdown. Shutdown OzoneManager if not already shutdown.
2023-06-05 07:27:53,756 [om1@group-C5BA1605619E-StateMachineUpdater] INFO  ratis.OzoneManagerDoubleBuffer (OzoneManagerDoubleBuffer.java:stopDaemon(559)) - Stopping OMDoubleBuffer flush thread
2023-06-05 07:27:53,756 [OMDoubleBufferFlushThread] INFO  ratis.OzoneManagerDoubleBuffer (OzoneManagerDoubleBuffer.java:canFlush(648)) - OMDoubleBuffer flush thread OMDoubleBufferFlushThread is interrupted and will exit.
2023-06-05 07:27:53,759 [om1-impl-thread1] INFO  server.RaftServer$Division (ServerState.java:close(472)) - om1@group-C5BA1605619E: closes. applyIndex: 0
2023-06-05 07:27:53,873 [om1-impl-thread1] INFO  segmented.SegmentedRaftLogWorker (SegmentedRaftLogWorker.java:close(252)) - om1@group-C5BA1605619E-SegmentedRaftLogWorker close()
2023-06-05 07:27:53,873 [JvmPauseMonitor20] INFO  util.JvmPauseMonitor (JvmPauseMonitor.java:run(109)) - JvmPauseMonitor-om1: Stopped
2023-06-05 07:27:53,873 [main] INFO  ratis.OzoneManagerStateMachine (OzoneManagerStateMachine.java:close(533)) - StateMachine has shutdown. Shutdown OzoneManager if not already shutdown.
2023-06-05 07:27:53,874 [main] INFO  ratis.OzoneManagerDoubleBuffer (OzoneManagerDoubleBuffer.java:stopDaemon(568)) - OMDoubleBuffer flush thread is not running.
2023-06-05 07:27:53,874 [main] INFO  utils.BackgroundService (BackgroundService.java:shutdown(141)) - Shutting down service KeyDeletingService
2023-06-05 07:27:53,874 [main] INFO  utils.BackgroundService (BackgroundService.java:shutdown(141)) - Shutting down service KeyDeletingService
2023-06-05 07:27:53,875 [main] INFO  utils.BackgroundService (BackgroundService.java:shutdown(141)) - Shutting down service OpenKeyCleanupService
2023-06-05 07:27:53,875 [main] INFO  utils.BackgroundService (BackgroundService.java:shutdown(141)) - Shutting down service SstFilteringService
2023-06-05 07:27:53,875 [main] INFO  utils.BackgroundService (BackgroundService.java:shutdown(141)) - Shutting down service SnapshotDeletingService
2023-06-05 07:27:53,876 [main] INFO  handler.ContextHandler (ContextHandler.java:doStop(1159)) - Stopped o.e.j.w.WebAppContext@65c03f1b{ozoneManager,/,null,STOPPED}{file:/home/runner/work/ozone/ozone/hadoop-ozone/integration-test/target/test-classes/webapps/ozoneManager}
2023-06-05 07:27:53,876 [main] INFO  server.AbstractConnector (AbstractConnector.java:doStop(383)) - Stopped ServerConnector@59e9bb43{HTTP/1.1, (http/1.1)}{0.0.0.0:15110}
2023-06-05 07:27:53,876 [main] INFO  server.session (HouseKeeper.java:stopScavenging(149)) - node0 Stopped scavenging
2023-06-05 07:27:53,877 [main] INFO  handler.ContextHandler (ContextHandler.java:doStop(1159)) - Stopped o.e.j.s.ServletContextHandler@7e6f4961{static,/static,file:///home/runner/work/ozone/ozone/hadoop-ozone/integration-test/target/test-classes/webapps/static,STOPPED}
2023-06-05 07:27:53,877 [main] INFO  handler.ContextHandler (ContextHandler.java:doStop(1159)) - Stopped o.e.j.s.ServletContextHandler@4ba64e10{logs,/logs,file:///home/runner/work/ozone/ozone/hadoop-ozone/integration-test/target/log,STOPPED}
2023-06-05 07:27:53,879 [main] INFO  snapshot.SnapshotDiffManager (SnapshotDiffManager.java:closeExecutorService(1278)) - Shutting down executorService: 'SnapDiffExecutor'
2023-06-05 07:27:53,880 [main] INFO  utils.BackgroundService (BackgroundService.java:shutdown(141)) - Shutting down service SnapshotDiffCleanupService
2023-06-05 07:27:53,880 [main] INFO  ozone.MiniOzoneClusterImpl (MiniOzoneClusterImpl.java:stopDatanodes(522)) - Stopping the HddsDatanodes
2023-06-05 07:27:53,882 [main] INFO  ozoneimpl.OzoneContainer (OzoneContainer.java:stop(420)) - Attempting to stop container services.
2023-06-05 07:27:53,883 [ForkJoinPool.commonPool-worker-2] INFO  ozoneimpl.OzoneContainer (OzoneContainer.java:stop(420)) - Attempting to stop container services.
2023-06-05 07:27:53,883 [main] INFO  server.RaftServer (RaftServerProxy.java:lambda$close$6(416)) - 07297d47-5d99-437c-95f4-b1a094aab1e9: close
2023-06-05 07:27:53,884 [07297d47-5d99-437c-95f4-b1a094aab1e9-impl-thread1] INFO  server.RaftServer$Division (RaftServerImpl.java:lambda$close$4(466)) - 07297d47-5d99-437c-95f4-b1a094aab1e9@group-D1A4B40C401B: shutdown
2023-06-05 07:27:53,884 [07297d47-5d99-437c-95f4-b1a094aab1e9-impl-thread1] INFO  util.JmxRegister (JmxRegister.java:unregister(73)) - Successfully un-registered JMX Bean with object name Ratis:service=RaftServer,group=group-D1A4B40C401B,id=07297d47-5d99-437c-95f4-b1a094aab1e9
2023-06-05 07:27:53,884 [07297d47-5d99-437c-95f4-b1a094aab1e9-impl-thread1] INFO  impl.RoleInfo (RoleInfo.java:shutdownLeaderState(93)) - 07297d47-5d99-437c-95f4-b1a094aab1e9: shutdown 07297d47-5d99-437c-95f4-b1a094aab1e9@group-D1A4B40C401B-LeaderStateImpl
2023-06-05 07:27:53,884 [07297d47-5d99-437c-95f4-b1a094aab1e9-impl-thread1] INFO  impl.PendingRequests (PendingRequests.java:sendNotLeaderResponses(289)) - 07297d47-5d99-437c-95f4-b1a094aab1e9@group-D1A4B40C401B-PendingRequests: sendNotLeaderResponses
2023-06-05 07:27:53,884 [07297d47-5d99-437c-95f4-b1a094aab1e9-impl-thread1] INFO  impl.StateMachineUpdater (StateMachineUpdater.java:stopAndJoin(155)) - 07297d47-5d99-437c-95f4-b1a094aab1e9@group-D1A4B40C401B-StateMachineUpdater: set stopIndex = 0
2023-06-05 07:27:53,884 [07297d47-5d99-437c-95f4-b1a094aab1e9-impl-thread2] INFO  server.RaftServer$Division (RaftServerImpl.java:lambda$close$4(466)) - 07297d47-5d99-437c-95f4-b1a094aab1e9@group-D6D7B48876D5: shutdown
2023-06-05 07:27:53,884 [07297d47-5d99-437c-95f4-b1a094aab1e9@group-D1A4B40C401B-StateMachineUpdater] INFO  ratis.ContainerStateMachine (ContainerStateMachine.java:takeSnapshot(330)) - group-D1A4B40C401B: Taking a snapshot at:(t:1, i:0) file /home/runner/work/ozone/ozone/hadoop-ozone/integration-test/target/test-dir/MiniOzoneClusterImpl-cf5c4bc5-3415-416f-adc4-25448342f732/datanode-1/data/ratis/37fd1c9b-b195-455e-b28e-d1a4b40c401b/sm/snapshot.1_0
2023-06-05 07:27:53,885 [main] INFO  server.GrpcService (GrpcService.java:closeImpl(311)) - 07297d47-5d99-437c-95f4-b1a094aab1e9: shutdown server org.apache.ratis.grpc.server.GrpcClientProtocolService now
2023-06-05 07:27:53,884 [07297d47-5d99-437c-95f4-b1a094aab1e9-impl-thread2] INFO  util.JmxRegister (JmxRegister.java:unregister(73)) - Successfully un-registered JMX Bean with object name Ratis:service=RaftServer,group=group-D6D7B48876D5,id=07297d47-5d99-437c-95f4-b1a094aab1e9
2023-06-05 07:27:53,887 [07297d47-5d99-437c-95f4-b1a094aab1e9-impl-thread2] INFO  impl.RoleInfo (RoleInfo.java:shutdownFollowerState(110)) - 07297d47-5d99-437c-95f4-b1a094aab1e9: shutdown 07297d47-5d99-437c-95f4-b1a094aab1e9@group-D6D7B48876D5-FollowerState
2023-06-05 07:27:53,887 [07297d47-5d99-437c-95f4-b1a094aab1e9-impl-thread2] INFO  impl.StateMachineUpdater (StateMachineUpdater.java:stopAndJoin(155)) - 07297d47-5d99-437c-95f4-b1a094aab1e9@group-D6D7B48876D5-StateMachineUpdater: set stopIndex = -1
2023-06-05 07:27:53,887 [07297d47-5d99-437c-95f4-b1a094aab1e9@group-D1A4B40C401B-StateMachineUpdater] INFO  ratis.ContainerStateMachine (ContainerStateMachine.java:takeSnapshot(341)) - group-D1A4B40C401B: Finished taking a snapshot at:(t:1, i:0) file:/home/runner/work/ozone/ozone/hadoop-ozone/integration-test/target/test-dir/MiniOzoneClusterImpl-cf5c4bc5-3415-416f-adc4-25448342f732/datanode-1/data/ratis/37fd1c9b-b195-455e-b28e-d1a4b40c401b/sm/snapshot.1_0 took: 2 ms
2023-06-05 07:27:53,892 [07297d47-5d99-437c-95f4-b1a094aab1e9@group-D1A4B40C401B-StateMachineUpdater] INFO  impl.StateMachineUpdater (StateMachineUpdater.java:takeSnapshot(291)) - 07297d47-5d99-437c-95f4-b1a094aab1e9@group-D1A4B40C401B-StateMachineUpdater: Took a snapshot at index 0
2023-06-05 07:27:53,892 [07297d47-5d99-437c-95f4-b1a094aab1e9@group-D1A4B40C401B-StateMachineUpdater] INFO  impl.StateMachineUpdater (StateMachineUpdater.java:lambda$new$0(97)) - 07297d47-5d99-437c-95f4-b1a094aab1e9@group-D1A4B40C401B-StateMachineUpdater: snapshotIndex: updateIncreasingly -1 -> 0
2023-06-05 07:27:53,893 [main] INFO  server.GrpcService (GrpcService.java:closeImpl(320)) - 07297d47-5d99-437c-95f4-b1a094aab1e9: shutdown server org.apache.ratis.grpc.server.GrpcClientProtocolService successfully
2023-06-05 07:27:53,893 [main] INFO  server.GrpcService (GrpcService.java:closeImpl(311)) - 07297d47-5d99-437c-95f4-b1a094aab1e9: shutdown server GrpcServerProtocolService now
2023-06-05 07:27:53,887 [07297d47-5d99-437c-95f4-b1a094aab1e9-impl-thread3] INFO  server.RaftServer$Division (RaftServerImpl.java:lambda$close$4(466)) - 07297d47-5d99-437c-95f4-b1a094aab1e9@group-0D59BCF506A8: shutdown
2023-06-05 07:27:53,893 [07297d47-5d99-437c-95f4-b1a094aab1e9-impl-thread3] INFO  util.JmxRegister (JmxRegister.java:unregister(73)) - Successfully un-registered JMX Bean with object name Ratis:service=RaftServer,group=group-0D59BCF506A8,id=07297d47-5d99-437c-95f4-b1a094aab1e9
2023-06-05 07:27:53,893 [07297d47-5d99-437c-95f4-b1a094aab1e9-impl-thread3] INFO  impl.RoleInfo (RoleInfo.java:shutdownFollowerState(110)) - 07297d47-5d99-437c-95f4-b1a094aab1e9: shutdown 07297d47-5d99-437c-95f4-b1a094aab1e9@group-0D59BCF506A8-FollowerState
2023-06-05 07:27:53,893 [07297d47-5d99-437c-95f4-b1a094aab1e9-impl-thread3] INFO  impl.StateMachineUpdater (StateMachineUpdater.java:stopAndJoin(155)) - 07297d47-5d99-437c-95f4-b1a094aab1e9@group-0D59BCF506A8-StateMachineUpdater: set stopIndex = -1
2023-06-05 07:27:53,893 [07297d47-5d99-437c-95f4-b1a094aab1e9-impl-thread2] INFO  server.RaftServer$Division (ServerState.java:close(472)) - 07297d47-5d99-437c-95f4-b1a094aab1e9@group-D6D7B48876D5: closes. applyIndex: -1
2023-06-05 07:27:53,893 [07297d47-5d99-437c-95f4-b1a094aab1e9-impl-thread1] INFO  server.RaftServer$Division (ServerState.java:close(472)) - 07297d47-5d99-437c-95f4-b1a094aab1e9@group-D1A4B40C401B: closes. applyIndex: 0
2023-06-05 07:27:53,887 [07297d47-5d99-437c-95f4-b1a094aab1e9@group-D6D7B48876D5-FollowerState] INFO  impl.FollowerState (FollowerState.java:run(152)) - 07297d47-5d99-437c-95f4-b1a094aab1e9@group-D6D7B48876D5-FollowerState was interrupted
2023-06-05 07:27:53,901 [07297d47-5d99-437c-95f4-b1a094aab1e9-impl-thread3] INFO  server.RaftServer$Division (ServerState.java:close(472)) - 07297d47-5d99-437c-95f4-b1a094aab1e9@group-0D59BCF506A8: closes. applyIndex: -1
2023-06-05 07:27:53,897 [ForkJoinPool.commonPool-worker-2] INFO  server.RaftServer (RaftServerProxy.java:lambda$close$6(416)) - 9c912f93-c4a7-4073-af96-ebc78b3dd952: close
2023-06-05 07:27:53,903 [9c912f93-c4a7-4073-af96-ebc78b3dd952-impl-thread1] INFO  server.RaftServer$Division (RaftServerImpl.java:lambda$close$4(466)) - 9c912f93-c4a7-4073-af96-ebc78b3dd952@group-8DC0739949D4: shutdown
2023-06-05 07:27:53,897 [grpc-default-executor-5] WARN  server.GrpcLogAppender (LogUtils.java:warn(122)) - 564b5721-37dd-4cf3-9846-48d84fb8db95@group-D6D7B48876D5->07297d47-5d99-437c-95f4-b1a094aab1e9-AppendLogResponseHandler: Failed appendEntries: org.apache.ratis.thirdparty.io.grpc.StatusRuntimeException: CANCELLED: RST_STREAM closed stream. HTTP/2 error code: CANCEL
2023-06-05 07:27:53,903 [9c912f93-c4a7-4073-af96-ebc78b3dd952-impl-thread2] INFO  server.RaftServer$Division (RaftServerImpl.java:lambda$close$4(466)) - 9c912f93-c4a7-4073-af96-ebc78b3dd952@group-D6D7B48876D5: shutdown
2023-06-05 07:27:53,897 [grpc-default-executor-4] WARN  server.GrpcServerProtocolService (LogUtils.java:warn(122)) - 07297d47-5d99-437c-95f4-b1a094aab1e9: APPEND_ENTRIES onError, lastRequest: 9c912f93-c4a7-4073-af96-ebc78b3dd952->07297d47-5d99-437c-95f4-b1a094aab1e9#1-t1,previous=(t:0, i:0),leaderCommit=-1,initializing? true,entries: size=1, first=(t:1, i:0), CONFIGURATIONENTRY(current:id: "564b5721-37dd-4cf3-9846-48d84fb8db95"
address: "10.1.0.81:15137"
dataStreamAddress: "10.1.0.81:15138"
clientAddress: "10.1.0.81:15135"
adminAddress: "10.1.0.81:15136"
startupRole: FOLLOWER
,id: "9c912f93-c4a7-4073-af96-ebc78b3dd952"
address: "10.1.0.81:15119"
priority: 1
dataStreamAddress: "10.1.0.81:15120"
clientAddress: "10.1.0.81:15117"
adminAddress: "10.1.0.81:15118"
startupRole: FOLLOWER
,id: "07297d47-5d99-437c-95f4-b1a094aab1e9"
address: "10.1.0.81:15128"
dataStreamAddress: "10.1.0.81:15129"
clientAddress: "10.1.0.81:15126"
adminAddress: "10.1.0.81:15127"
startupRole: FOLLOWER
, old:): org.apache.ratis.thirdparty.io.grpc.StatusRuntimeException: CANCELLED: client cancelled
2023-06-05 07:27:53,903 [ForkJoinPool.commonPool-worker-2] INFO  server.GrpcService (GrpcService.java:closeImpl(311)) - 9c912f93-c4a7-4073-af96-ebc78b3dd952: shutdown server org.apache.ratis.grpc.server.GrpcClientProtocolService now
2023-06-05 07:27:53,897 [grpc-default-executor-8] WARN  server.GrpcServerProtocolService (LogUtils.java:warn(122)) - 07297d47-5d99-437c-95f4-b1a094aab1e9: APPEND_ENTRIES onError, lastRequest: null: org.apache.ratis.thirdparty.io.grpc.StatusRuntimeException: CANCELLED: client cancelled
2023-06-05 07:27:53,896 [grpc-default-executor-3] WARN  server.GrpcServerProtocolService (LogUtils.java:warn(122)) - 07297d47-5d99-437c-95f4-b1a094aab1e9: APPEND_ENTRIES onError, lastRequest: 564b5721-37dd-4cf3-9846-48d84fb8db95->07297d47-5d99-437c-95f4-b1a094aab1e9#1-t1,previous=(t:0, i:0),leaderCommit=-1,initializing? true,entries: size=1, first=(t:1, i:0), CONFIGURATIONENTRY(current:id: "564b5721-37dd-4cf3-9846-48d84fb8db95"
address: "10.1.0.81:15137"
priority: 1
dataStreamAddress: "10.1.0.81:15138"
clientAddress: "10.1.0.81:15135"
adminAddress: "10.1.0.81:15136"
startupRole: FOLLOWER
,id: "9c912f93-c4a7-4073-af96-ebc78b3dd952"
address: "10.1.0.81:15119"
dataStreamAddress: "10.1.0.81:15120"
clientAddress: "10.1.0.81:15117"
adminAddress: "10.1.0.81:15118"
startupRole: FOLLOWER
,id: "07297d47-5d99-437c-95f4-b1a094aab1e9"
address: "10.1.0.81:15128"
dataStreamAddress: "10.1.0.81:15129"
clientAddress: "10.1.0.81:15126"
adminAddress: "10.1.0.81:15127"
startupRole: FOLLOWER
, old:): org.apache.ratis.thirdparty.io.grpc.StatusRuntimeException: CANCELLED: client cancelled
2023-06-05 07:27:53,903 [9c912f93-c4a7-4073-af96-ebc78b3dd952-impl-thread2] INFO  util.JmxRegister (JmxRegister.java:unregister(73)) - Successfully un-registered JMX Bean with object name Ratis:service=RaftServer,group=group-D6D7B48876D5,id=9c912f93-c4a7-4073-af96-ebc78b3dd952
2023-06-05 07:27:53,903 [grpc-default-executor-5] WARN  server.GrpcLogAppender (GrpcLogAppender.java:resetClient(128)) - 564b5721-37dd-4cf3-9846-48d84fb8db95@group-D6D7B48876D5->07297d47-5d99-437c-95f4-b1a094aab1e9-GrpcLogAppender: Follower failed when matchIndex == 0,  keep nextIndex (1) unchanged and retry.
2023-06-05 07:27:53,903 [9c912f93-c4a7-4073-af96-ebc78b3dd952-impl-thread1] INFO  util.JmxRegister (JmxRegister.java:unregister(73)) - Successfully un-registered JMX Bean with object name Ratis:service=RaftServer,group=group-8DC0739949D4,id=9c912f93-c4a7-4073-af96-ebc78b3dd952
2023-06-05 07:27:53,906 [9c912f93-c4a7-4073-af96-ebc78b3dd952-impl-thread1] INFO  impl.RoleInfo (RoleInfo.java:shutdownLeaderState(93)) - 9c912f93-c4a7-4073-af96-ebc78b3dd952: shutdown 9c912f93-c4a7-4073-af96-ebc78b3dd952@group-8DC0739949D4-LeaderStateImpl
2023-06-05 07:27:53,902 [07297d47-5d99-437c-95f4-b1a094aab1e9@group-0D59BCF506A8-FollowerState] INFO  impl.FollowerState (FollowerState.java:run(152)) - 07297d47-5d99-437c-95f4-b1a094aab1e9@group-0D59BCF506A8-FollowerState was interrupted
2023-06-05 07:27:53,906 [9c912f93-c4a7-4073-af96-ebc78b3dd952-impl-thread1] INFO  impl.PendingRequests (PendingRequests.java:sendNotLeaderResponses(289)) - 9c912f93-c4a7-4073-af96-ebc78b3dd952@group-8DC0739949D4-PendingRequests: sendNotLeaderResponses
2023-06-05 07:27:53,906 [9c912f93-c4a7-4073-af96-ebc78b3dd952-impl-thread1] INFO  impl.StateMachineUpdater (StateMachineUpdater.java:stopAndJoin(155)) - 9c912f93-c4a7-4073-af96-ebc78b3dd952@group-8DC0739949D4-StateMachineUpdater: set stopIndex = 0
2023-06-05 07:27:53,906 [9c912f93-c4a7-4073-af96-ebc78b3dd952@group-8DC0739949D4-StateMachineUpdater] INFO  ratis.ContainerStateMachine (ContainerStateMachine.java:takeSnapshot(330)) - group-8DC0739949D4: Taking a snapshot at:(t:1, i:0) file /home/runner/work/ozone/ozone/hadoop-ozone/integration-test/target/test-dir/MiniOzoneClusterImpl-cf5c4bc5-3415-416f-adc4-25448342f732/datanode-0/data/ratis/e63106ca-7b05-4dea-b94e-8dc0739949d4/sm/snapshot.1_0
2023-06-05 07:27:53,906 [9c912f93-c4a7-4073-af96-ebc78b3dd952-impl-thread2] INFO  impl.RoleInfo (RoleInfo.java:shutdownFollowerState(110)) - 9c912f93-c4a7-4073-af96-ebc78b3dd952: shutdown 9c912f93-c4a7-4073-af96-ebc78b3dd952@group-D6D7B48876D5-FollowerState
2023-06-05 07:27:53,907 [9c912f93-c4a7-4073-af96-ebc78b3dd952@group-8DC0739949D4-StateMachineUpdater] INFO  ratis.ContainerStateMachine (ContainerStateMachine.java:takeSnapshot(341)) - group-8DC0739949D4: Finished taking a snapshot at:(t:1, i:0) file:/home/runner/work/ozone/ozone/hadoop-ozone/integration-test/target/test-dir/MiniOzoneClusterImpl-cf5c4bc5-3415-416f-adc4-25448342f732/datanode-0/data/ratis/e63106ca-7b05-4dea-b94e-8dc0739949d4/sm/snapshot.1_0 took: 1 ms
2023-06-05 07:27:53,907 [9c912f93-c4a7-4073-af96-ebc78b3dd952@group-8DC0739949D4-StateMachineUpdater] INFO  impl.StateMachineUpdater (StateMachineUpdater.java:takeSnapshot(291)) - 9c912f93-c4a7-4073-af96-ebc78b3dd952@group-8DC0739949D4-StateMachineUpdater: Took a snapshot at index 0
2023-06-05 07:27:53,907 [9c912f93-c4a7-4073-af96-ebc78b3dd952@group-8DC0739949D4-StateMachineUpdater] INFO  impl.StateMachineUpdater (StateMachineUpdater.java:lambda$new$0(97)) - 9c912f93-c4a7-4073-af96-ebc78b3dd952@group-8DC0739949D4-StateMachineUpdater: snapshotIndex: updateIncreasingly -1 -> 0
2023-06-05 07:27:53,907 [9c912f93-c4a7-4073-af96-ebc78b3dd952-impl-thread1] INFO  server.RaftServer$Division (ServerState.java:close(472)) - 9c912f93-c4a7-4073-af96-ebc78b3dd952@group-8DC0739949D4: closes. applyIndex: 0
2023-06-05 07:27:53,908 [9c912f93-c4a7-4073-af96-ebc78b3dd952-impl-thread3] INFO  server.RaftServer$Division (RaftServerImpl.java:lambda$close$4(466)) - 9c912f93-c4a7-4073-af96-ebc78b3dd952@group-0D59BCF506A8: shutdown
2023-06-05 07:27:53,908 [9c912f93-c4a7-4073-af96-ebc78b3dd952-impl-thread3] INFO  util.JmxRegister (JmxRegister.java:unregister(73)) - Successfully un-registered JMX Bean with object name Ratis:service=RaftServer,group=group-0D59BCF506A8,id=9c912f93-c4a7-4073-af96-ebc78b3dd952
2023-06-05 07:27:53,908 [9c912f93-c4a7-4073-af96-ebc78b3dd952-impl-thread3] INFO  impl.RoleInfo (RoleInfo.java:shutdownLeaderState(93)) - 9c912f93-c4a7-4073-af96-ebc78b3dd952: shutdown 9c912f93-c4a7-4073-af96-ebc78b3dd952@group-0D59BCF506A8-LeaderStateImpl
2023-06-05 07:27:53,909 [grpc-default-executor-5] WARN  server.GrpcServerProtocolService (LogUtils.java:warn(122)) - 07297d47-5d99-437c-95f4-b1a094aab1e9: APPEND_ENTRIES onError, lastRequest: null: org.apache.ratis.thirdparty.io.grpc.StatusRuntimeException: CANCELLED: client cancelled
2023-06-05 07:27:53,910 [grpc-default-executor-5] WARN  server.GrpcLogAppender (LogUtils.java:warn(122)) - 9c912f93-c4a7-4073-af96-ebc78b3dd952@group-0D59BCF506A8->07297d47-5d99-437c-95f4-b1a094aab1e9-AppendLogResponseHandler: Failed appendEntries: org.apache.ratis.thirdparty.io.grpc.StatusRuntimeException: CANCELLED: RST_STREAM closed stream. HTTP/2 error code: CANCEL
2023-06-05 07:27:53,910 [grpc-default-executor-5] WARN  server.GrpcLogAppender (GrpcLogAppender.java:resetClient(128)) - 9c912f93-c4a7-4073-af96-ebc78b3dd952@group-0D59BCF506A8->07297d47-5d99-437c-95f4-b1a094aab1e9-GrpcLogAppender: Follower failed when matchIndex == 0,  keep nextIndex (1) unchanged and retry.
2023-06-05 07:27:53,911 [9c912f93-c4a7-4073-af96-ebc78b3dd952-impl-thread3] INFO  impl.PendingRequests (PendingRequests.java:sendNotLeaderResponses(289)) - 9c912f93-c4a7-4073-af96-ebc78b3dd952@group-0D59BCF506A8-PendingRequests: sendNotLeaderResponses
2023-06-05 07:27:53,912 [9c912f93-c4a7-4073-af96-ebc78b3dd952-impl-thread3] INFO  impl.StateMachineUpdater (StateMachineUpdater.java:stopAndJoin(155)) - 9c912f93-c4a7-4073-af96-ebc78b3dd952@group-0D59BCF506A8-StateMachineUpdater: set stopIndex = 0
2023-06-05 07:27:53,912 [9c912f93-c4a7-4073-af96-ebc78b3dd952@group-0D59BCF506A8->564b5721-37dd-4cf3-9846-48d84fb8db95-GrpcLogAppender-LogAppenderDaemon] WARN  server.GrpcLogAppender (GrpcLogAppender.java:mayWait(199)) - 9c912f93-c4a7-4073-af96-ebc78b3dd952@group-0D59BCF506A8->564b5721-37dd-4cf3-9846-48d84fb8db95-GrpcLogAppender: Wait interrupted by java.lang.InterruptedException
2023-06-05 07:27:53,912 [9c912f93-c4a7-4073-af96-ebc78b3dd952@group-0D59BCF506A8->07297d47-5d99-437c-95f4-b1a094aab1e9-GrpcLogAppender-LogAppenderDaemon] WARN  server.GrpcLogAppender (GrpcLogAppender.java:mayWait(199)) - 9c912f93-c4a7-4073-af96-ebc78b3dd952@group-0D59BCF506A8->07297d47-5d99-437c-95f4-b1a094aab1e9-GrpcLogAppender: Wait interrupted by java.lang.InterruptedException
2023-06-05 07:27:53,912 [9c912f93-c4a7-4073-af96-ebc78b3dd952@group-0D59BCF506A8-StateMachineUpdater] INFO  ratis.ContainerStateMachine (ContainerStateMachine.java:takeSnapshot(330)) - group-0D59BCF506A8: Taking a snapshot at:(t:1, i:0) file /home/runner/work/ozone/ozone/hadoop-ozone/integration-test/target/test-dir/MiniOzoneClusterImpl-cf5c4bc5-3415-416f-adc4-25448342f732/datanode-0/data/ratis/eb8e88b3-49bf-43e2-9609-0d59bcf506a8/sm/snapshot.1_0
2023-06-05 07:27:53,913 [9c912f93-c4a7-4073-af96-ebc78b3dd952-impl-thread2] INFO  impl.StateMachineUpdater (StateMachineUpdater.java:stopAndJoin(155)) - 9c912f93-c4a7-4073-af96-ebc78b3dd952@group-D6D7B48876D5-StateMachineUpdater: set stopIndex = 0
2023-06-05 07:27:53,913 [9c912f93-c4a7-4073-af96-ebc78b3dd952@group-D6D7B48876D5-StateMachineUpdater] INFO  ratis.ContainerStateMachine (ContainerStateMachine.java:takeSnapshot(330)) - group-D6D7B48876D5: Taking a snapshot at:(t:1, i:0) file /home/runner/work/ozone/ozone/hadoop-ozone/integration-test/target/test-dir/MiniOzoneClusterImpl-cf5c4bc5-3415-416f-adc4-25448342f732/datanode-0/data/ratis/e212fd7d-6165-46f2-b8e8-d6d7b48876d5/sm/snapshot.1_0
2023-06-05 07:27:53,913 [9c912f93-c4a7-4073-af96-ebc78b3dd952@group-D6D7B48876D5-FollowerState] INFO  impl.FollowerState (FollowerState.java:run(152)) - 9c912f93-c4a7-4073-af96-ebc78b3dd952@group-D6D7B48876D5-FollowerState was interrupted
2023-06-05 07:27:53,920 [9c912f93-c4a7-4073-af96-ebc78b3dd952@group-0D59BCF506A8-StateMachineUpdater] INFO  ratis.ContainerStateMachine (ContainerStateMachine.java:takeSnapshot(341)) - group-0D59BCF506A8: Finished taking a snapshot at:(t:1, i:0) file:/home/runner/work/ozone/ozone/hadoop-ozone/integration-test/target/test-dir/MiniOzoneClusterImpl-cf5c4bc5-3415-416f-adc4-25448342f732/datanode-0/data/ratis/eb8e88b3-49bf-43e2-9609-0d59bcf506a8/sm/snapshot.1_0 took: 8 ms
2023-06-05 07:27:53,921 [grpc-default-executor-3] INFO  server.GrpcServerProtocolService (GrpcServerProtocolService.java:onCompleted(155)) - 564b5721-37dd-4cf3-9846-48d84fb8db95: Completed APPEND_ENTRIES, lastRequest: null
2023-06-05 07:27:53,921 [9c912f93-c4a7-4073-af96-ebc78b3dd952@group-0D59BCF506A8-StateMachineUpdater] INFO  impl.StateMachineUpdater (StateMachineUpdater.java:takeSnapshot(291)) - 9c912f93-c4a7-4073-af96-ebc78b3dd952@group-0D59BCF506A8-StateMachineUpdater: Took a snapshot at index 0
2023-06-05 07:27:53,921 [9c912f93-c4a7-4073-af96-ebc78b3dd952@group-0D59BCF506A8-StateMachineUpdater] INFO  impl.StateMachineUpdater (StateMachineUpdater.java:lambda$new$0(97)) - 9c912f93-c4a7-4073-af96-ebc78b3dd952@group-0D59BCF506A8-StateMachineUpdater: snapshotIndex: updateIncreasingly -1 -> 0
2023-06-05 07:27:53,921 [grpc-default-executor-3] INFO  server.GrpcServerProtocolService (GrpcServerProtocolService.java:lambda$onCompleted$5(157)) - 564b5721-37dd-4cf3-9846-48d84fb8db95: Completed APPEND_ENTRIES, lastReply: serverReply {
  requestorId: "9c912f93-c4a7-4073-af96-ebc78b3dd952"
  replyId: "564b5721-37dd-4cf3-9846-48d84fb8db95"
  raftGroupId {
    id: "\353\216\210\263I\277C\342\226\t\rY\274\365\006\250"
  }
  success: true
}
term: 1
nextIndex: 1
followerCommit: 18446744073709551615
matchIndex: 18446744073709551615
isHearbeat: true

2023-06-05 07:27:53,921 [grpc-default-executor-7] INFO  server.GrpcServerProtocolService (GrpcServerProtocolService.java:onCompleted(155)) - 564b5721-37dd-4cf3-9846-48d84fb8db95: Completed APPEND_ENTRIES, lastRequest: 9c912f93-c4a7-4073-af96-ebc78b3dd952->564b5721-37dd-4cf3-9846-48d84fb8db95#1-t1,previous=(t:0, i:0),leaderCommit=-1,initializing? true,entries: size=1, first=(t:1, i:0), CONFIGURATIONENTRY(current:id: "564b5721-37dd-4cf3-9846-48d84fb8db95"
address: "10.1.0.81:15137"
dataStreamAddress: "10.1.0.81:15138"
clientAddress: "10.1.0.81:15135"
adminAddress: "10.1.0.81:15136"
startupRole: FOLLOWER
,id: "9c912f93-c4a7-4073-af96-ebc78b3dd952"
address: "10.1.0.81:15119"
priority: 1
dataStreamAddress: "10.1.0.81:15120"
clientAddress: "10.1.0.81:15117"
adminAddress: "10.1.0.81:15118"
startupRole: FOLLOWER
,id: "07297d47-5d99-437c-95f4-b1a094aab1e9"
address: "10.1.0.81:15128"
dataStreamAddress: "10.1.0.81:15129"
clientAddress: "10.1.0.81:15126"
adminAddress: "10.1.0.81:15127"
startupRole: FOLLOWER
, old:)
2023-06-05 07:27:53,923 [grpc-default-executor-7] INFO  server.GrpcServerProtocolService (GrpcServerProtocolService.java:lambda$onCompleted$5(157)) - 564b5721-37dd-4cf3-9846-48d84fb8db95: Completed APPEND_ENTRIES, lastReply: null
2023-06-05 07:27:53,923 [9c912f93-c4a7-4073-af96-ebc78b3dd952@group-D6D7B48876D5-StateMachineUpdater] INFO  ratis.ContainerStateMachine (ContainerStateMachine.java:takeSnapshot(341)) - group-D6D7B48876D5: Finished taking a snapshot at:(t:1, i:0) file:/home/runner/work/ozone/ozone/hadoop-ozone/integration-test/target/test-dir/MiniOzoneClusterImpl-cf5c4bc5-3415-416f-adc4-25448342f732/datanode-0/data/ratis/e212fd7d-6165-46f2-b8e8-d6d7b48876d5/sm/snapshot.1_0 took: 10 ms
2023-06-05 07:27:53,924 [9c912f93-c4a7-4073-af96-ebc78b3dd952@group-D6D7B48876D5-StateMachineUpdater] INFO  impl.StateMachineUpdater (StateMachineUpdater.java:takeSnapshot(291)) - 9c912f93-c4a7-4073-af96-ebc78b3dd952@group-D6D7B48876D5-StateMachineUpdater: Took a snapshot at index 0
2023-06-05 07:27:53,924 [9c912f93-c4a7-4073-af96-ebc78b3dd952@group-D6D7B48876D5-StateMachineUpdater] INFO  impl.StateMachineUpdater (StateMachineUpdater.java:lambda$new$0(97)) - 9c912f93-c4a7-4073-af96-ebc78b3dd952@group-D6D7B48876D5-StateMachineUpdater: snapshotIndex: updateIncreasingly -1 -> 0
2023-06-05 07:27:53,924 [9c912f93-c4a7-4073-af96-ebc78b3dd952-impl-thread2] INFO  server.RaftServer$Division (ServerState.java:close(472)) - 9c912f93-c4a7-4073-af96-ebc78b3dd952@group-D6D7B48876D5: closes. applyIndex: 0
2023-06-05 07:27:53,923 [main] INFO  server.GrpcService (GrpcService.java:closeImpl(320)) - 07297d47-5d99-437c-95f4-b1a094aab1e9: shutdown server GrpcServerProtocolService successfully
2023-06-05 07:27:53,924 [main] INFO  server.GrpcService (GrpcService.java:closeImpl(311)) - 07297d47-5d99-437c-95f4-b1a094aab1e9: shutdown server org.apache.ratis.grpc.server.GrpcAdminProtocolService now
2023-06-05 07:27:53,923 [Thread-1808] INFO  server.GrpcServerProtocolClient (GrpcServerProtocolClient.java:close(103)) - 564b5721-37dd-4cf3-9846-48d84fb8db95 Close channels
2023-06-05 07:27:53,925 [Thread-1809] INFO  server.GrpcServerProtocolClient (GrpcServerProtocolClient.java:close(103)) - 07297d47-5d99-437c-95f4-b1a094aab1e9 Close channels
2023-06-05 07:27:53,925 [grpc-default-executor-5] INFO  server.GrpcLogAppender (GrpcLogAppender.java:onError(417)) - 9c912f93-c4a7-4073-af96-ebc78b3dd952@group-0D59BCF506A8->07297d47-5d99-437c-95f4-b1a094aab1e9-GrpcLogAppender is already stopped
2023-06-05 07:27:53,926 [grpc-default-executor-7] INFO  server.GrpcLogAppender (GrpcLogAppender.java:onCompleted(428)) - 9c912f93-c4a7-4073-af96-ebc78b3dd952@group-0D59BCF506A8->564b5721-37dd-4cf3-9846-48d84fb8db95-AppendLogResponseHandler: follower responses appendEntries COMPLETED
2023-06-05 07:27:53,926 [grpc-default-executor-7] WARN  server.GrpcLogAppender (GrpcLogAppender.java:resetClient(137)) - 9c912f93-c4a7-4073-af96-ebc78b3dd952@group-0D59BCF506A8->564b5721-37dd-4cf3-9846-48d84fb8db95-GrpcLogAppender: Failed to getClient for 564b5721-37dd-4cf3-9846-48d84fb8db95
org.apache.ratis.protocol.exceptions.AlreadyClosedException: 9c912f93-c4a7-4073-af96-ebc78b3dd952 is already CLOSED
	at org.apache.ratis.util.PeerProxyMap$PeerAndProxy.getProxy(PeerProxyMap.java:61)
	at org.apache.ratis.util.PeerProxyMap.getProxy(PeerProxyMap.java:115)
	at org.apache.ratis.grpc.server.GrpcLogAppender.getClient(GrpcLogAppender.java:112)
	at org.apache.ratis.grpc.server.GrpcLogAppender.resetClient(GrpcLogAppender.java:117)
	at org.apache.ratis.grpc.server.GrpcLogAppender.access$500(GrpcLogAppender.java:56)
	at org.apache.ratis.grpc.server.GrpcLogAppender$AppendLogResponseHandler.onCompleted(GrpcLogAppender.java:429)
	at org.apache.ratis.thirdparty.io.grpc.stub.ClientCalls$StreamObserverToCallListenerAdapter.onClose(ClientCalls.java:485)
	at org.apache.ratis.thirdparty.io.grpc.internal.ClientCallImpl.closeObserver(ClientCallImpl.java:563)
	at org.apache.ratis.thirdparty.io.grpc.internal.ClientCallImpl.access$300(ClientCallImpl.java:70)
	at org.apache.ratis.thirdparty.io.grpc.internal.ClientCallImpl$ClientStreamListenerImpl$1StreamClosed.runInternal(ClientCallImpl.java:744)
	at org.apache.ratis.thirdparty.io.grpc.internal.ClientCallImpl$ClientStreamListenerImpl$1StreamClosed.runInContext(ClientCallImpl.java:723)
	at org.apache.ratis.thirdparty.io.grpc.internal.ContextRunnable.run(ContextRunnable.java:37)
	at org.apache.ratis.thirdparty.io.grpc.internal.SerializingExecutor.run(SerializingExecutor.java:133)
	at java.util.concurrent.ThreadPoolExecutor.runWorker(ThreadPoolExecutor.java:1149)
	at java.util.concurrent.ThreadPoolExecutor$Worker.run(ThreadPoolExecutor.java:624)
	at java.lang.Thread.run(Thread.java:750)
2023-06-05 07:27:53,922 [9c912f93-c4a7-4073-af96-ebc78b3dd952-impl-thread3] INFO  server.RaftServer$Division (ServerState.java:close(472)) - 9c912f93-c4a7-4073-af96-ebc78b3dd952@group-0D59BCF506A8: closes. applyIndex: 0
2023-06-05 07:27:53,926 [grpc-default-executor-9] WARN  server.GrpcLogAppender (LogUtils.java:warn(122)) - 564b5721-37dd-4cf3-9846-48d84fb8db95@group-D6D7B48876D5->07297d47-5d99-437c-95f4-b1a094aab1e9-AppendLogResponseHandler: Failed appendEntries: org.apache.ratis.thirdparty.io.grpc.StatusRuntimeException: CANCELLED: RST_STREAM closed stream. HTTP/2 error code: CANCEL
2023-06-05 07:27:53,926 [grpc-default-executor-9] WARN  server.GrpcLogAppender (GrpcLogAppender.java:resetClient(128)) - 564b5721-37dd-4cf3-9846-48d84fb8db95@group-D6D7B48876D5->07297d47-5d99-437c-95f4-b1a094aab1e9-GrpcLogAppender: Follower failed when matchIndex == 0,  keep nextIndex (1) unchanged and retry.
2023-06-05 07:27:53,926 [564b5721-37dd-4cf3-9846-48d84fb8db95@group-A2131F39BF29-FollowerState] INFO  impl.FollowerState (FollowerState.java:run(143)) - 564b5721-37dd-4cf3-9846-48d84fb8db95@group-A2131F39BF29-FollowerState: change to CANDIDATE, lastRpcElapsedTime:5339092855ns, electionTimeout:5049ms
2023-06-05 07:27:53,927 [564b5721-37dd-4cf3-9846-48d84fb8db95@group-A2131F39BF29-FollowerState] INFO  impl.RoleInfo (RoleInfo.java:shutdownFollowerState(110)) - 564b5721-37dd-4cf3-9846-48d84fb8db95: shutdown 564b5721-37dd-4cf3-9846-48d84fb8db95@group-A2131F39BF29-FollowerState
2023-06-05 07:27:53,927 [564b5721-37dd-4cf3-9846-48d84fb8db95@group-A2131F39BF29-FollowerState] INFO  server.RaftServer$Division (RaftServerImpl.java:setRole(329)) - 564b5721-37dd-4cf3-9846-48d84fb8db95@group-A2131F39BF29: changes role from  FOLLOWER to CANDIDATE at term 0 for changeToCandidate
2023-06-05 07:27:53,927 [564b5721-37dd-4cf3-9846-48d84fb8db95@group-A2131F39BF29-FollowerState] INFO  server.RaftServerConfigKeys (ConfUtils.java:logGet(46)) - raft.server.leaderelection.pre-vote = true (default)
2023-06-05 07:27:53,927 [564b5721-37dd-4cf3-9846-48d84fb8db95@group-A2131F39BF29-FollowerState] INFO  impl.RoleInfo (RoleInfo.java:updateAndGet(139)) - 564b5721-37dd-4cf3-9846-48d84fb8db95: start 564b5721-37dd-4cf3-9846-48d84fb8db95@group-A2131F39BF29-LeaderElection37
2023-06-05 07:27:53,931 [grpc-default-executor-8] INFO  server.GrpcLogAppender (GrpcLogAppender.java:onCompleted(428)) - 9c912f93-c4a7-4073-af96-ebc78b3dd952@group-0D59BCF506A8->564b5721-37dd-4cf3-9846-48d84fb8db95-AppendLogResponseHandler: follower responses appendEntries COMPLETED
2023-06-05 07:27:53,931 [grpc-default-executor-8] WARN  server.GrpcLogAppender (GrpcLogAppender.java:resetClient(137)) - 9c912f93-c4a7-4073-af96-ebc78b3dd952@group-0D59BCF506A8->564b5721-37dd-4cf3-9846-48d84fb8db95-GrpcLogAppender: Failed to getClient for 564b5721-37dd-4cf3-9846-48d84fb8db95
org.apache.ratis.protocol.exceptions.AlreadyClosedException: 9c912f93-c4a7-4073-af96-ebc78b3dd952 is already CLOSED
	at org.apache.ratis.util.PeerProxyMap$PeerAndProxy.getProxy(PeerProxyMap.java:61)
	at org.apache.ratis.util.PeerProxyMap.getProxy(PeerProxyMap.java:115)
	at org.apache.ratis.grpc.server.GrpcLogAppender.getClient(GrpcLogAppender.java:112)
	at org.apache.ratis.grpc.server.GrpcLogAppender.resetClient(GrpcLogAppender.java:117)
	at org.apache.ratis.grpc.server.GrpcLogAppender.access$500(GrpcLogAppender.java:56)
	at org.apache.ratis.grpc.server.GrpcLogAppender$AppendLogResponseHandler.onCompleted(GrpcLogAppender.java:429)
	at org.apache.ratis.thirdparty.io.grpc.stub.ClientCalls$StreamObserverToCallListenerAdapter.onClose(ClientCalls.java:485)
	at org.apache.ratis.thirdparty.io.grpc.internal.DelayedClientCall$DelayedListener$3.run(DelayedClientCall.java:471)
	at org.apache.ratis.thirdparty.io.grpc.internal.DelayedClientCall$DelayedListener.delayOrExecute(DelayedClientCall.java:435)
	at org.apache.ratis.thirdparty.io.grpc.internal.DelayedClientCall$DelayedListener.onClose(DelayedClientCall.java:468)
	at org.apache.ratis.thirdparty.io.grpc.internal.ClientCallImpl.closeObserver(ClientCallImpl.java:563)
	at org.apache.ratis.thirdparty.io.grpc.internal.ClientCallImpl.access$300(ClientCallImpl.java:70)
	at org.apache.ratis.thirdparty.io.grpc.internal.ClientCallImpl$ClientStreamListenerImpl$1StreamClosed.runInternal(ClientCallImpl.java:744)
	at org.apache.ratis.thirdparty.io.grpc.internal.ClientCallImpl$ClientStreamListenerImpl$1StreamClosed.runInContext(ClientCallImpl.java:723)
	at org.apache.ratis.thirdparty.io.grpc.internal.ContextRunnable.run(ContextRunnable.java:37)
	at org.apache.ratis.thirdparty.io.grpc.internal.SerializingExecutor.run(SerializingExecutor.java:133)
	at java.util.concurrent.ThreadPoolExecutor.runWorker(ThreadPoolExecutor.java:1149)
	at java.util.concurrent.ThreadPoolExecutor$Worker.run(ThreadPoolExecutor.java:624)
	at java.lang.Thread.run(Thread.java:750)
2023-06-05 07:27:53,931 [main] INFO  server.GrpcService (GrpcService.java:closeImpl(320)) - 07297d47-5d99-437c-95f4-b1a094aab1e9: shutdown server org.apache.ratis.grpc.server.GrpcAdminProtocolService successfully
2023-06-05 07:27:53,931 [07297d47-5d99-437c-95f4-b1a094aab1e9-NettyServerStreamRpc-bossGroup--thread1] INFO  logging.LoggingHandler (AbstractInternalLogger.java:log(148)) - [id: 0x00e6e403, L:/0:0:0:0:0:0:0:0:15129] CLOSE
2023-06-05 07:27:53,931 [07297d47-5d99-437c-95f4-b1a094aab1e9-NettyServerStreamRpc-bossGroup--thread1] INFO  logging.LoggingHandler (AbstractInternalLogger.java:log(148)) - [id: 0x00e6e403, L:/0:0:0:0:0:0:0:0:15129] INACTIVE
2023-06-05 07:27:53,931 [07297d47-5d99-437c-95f4-b1a094aab1e9-NettyServerStreamRpc-bossGroup--thread1] INFO  logging.LoggingHandler (AbstractInternalLogger.java:log(148)) - [id: 0x00e6e403, L:/0:0:0:0:0:0:0:0:15129] UNREGISTERED
2023-06-05 07:27:53,947 [564b5721-37dd-4cf3-9846-48d84fb8db95@group-A2131F39BF29-LeaderElection37] INFO  impl.LeaderElection (LeaderElection.java:askForVotes(321)) - 564b5721-37dd-4cf3-9846-48d84fb8db95@group-A2131F39BF29-LeaderElection37 PRE_VOTE round 0: submit vote requests at term 0 for -1: peers:[564b5721-37dd-4cf3-9846-48d84fb8db95|rpc:10.1.0.81:15137|admin:10.1.0.81:15136|client:10.1.0.81:15135|dataStream:10.1.0.81:15138|priority:1|startupRole:FOLLOWER]|listeners:[], old=null
2023-06-05 07:27:53,947 [564b5721-37dd-4cf3-9846-48d84fb8db95@group-A2131F39BF29-LeaderElection37] INFO  impl.LeaderElection (LeaderElection.java:askForVotes(323)) - 564b5721-37dd-4cf3-9846-48d84fb8db95@group-A2131F39BF29-LeaderElection37 PRE_VOTE round 0: result PASSED (term=0)
2023-06-05 07:27:53,950 [564b5721-37dd-4cf3-9846-48d84fb8db95@group-A2131F39BF29-LeaderElection37] INFO  impl.LeaderElection (LeaderElection.java:askForVotes(321)) - 564b5721-37dd-4cf3-9846-48d84fb8db95@group-A2131F39BF29-LeaderElection37 ELECTION round 0: submit vote requests at term 1 for -1: peers:[564b5721-37dd-4cf3-9846-48d84fb8db95|rpc:10.1.0.81:15137|admin:10.1.0.81:15136|client:10.1.0.81:15135|dataStream:10.1.0.81:15138|priority:1|startupRole:FOLLOWER]|listeners:[], old=null
2023-06-05 07:27:53,950 [564b5721-37dd-4cf3-9846-48d84fb8db95@group-A2131F39BF29-LeaderElection37] INFO  impl.LeaderElection (LeaderElection.java:askForVotes(323)) - 564b5721-37dd-4cf3-9846-48d84fb8db95@group-A2131F39BF29-LeaderElection37 ELECTION round 0: result PASSED (term=1)
2023-06-05 07:27:53,950 [564b5721-37dd-4cf3-9846-48d84fb8db95@group-A2131F39BF29-LeaderElection37] INFO  impl.RoleInfo (RoleInfo.java:shutdownLeaderElection(130)) - 564b5721-37dd-4cf3-9846-48d84fb8db95: shutdown 564b5721-37dd-4cf3-9846-48d84fb8db95@group-A2131F39BF29-LeaderElection37
2023-06-05 07:27:53,950 [564b5721-37dd-4cf3-9846-48d84fb8db95@group-A2131F39BF29-LeaderElection37] INFO  server.RaftServer$Division (RaftServerImpl.java:setRole(329)) - 564b5721-37dd-4cf3-9846-48d84fb8db95@group-A2131F39BF29: changes role from CANDIDATE to LEADER at term 1 for changeToLeader
2023-06-05 07:27:53,951 [564b5721-37dd-4cf3-9846-48d84fb8db95@group-A2131F39BF29-LeaderElection37] INFO  ratis.XceiverServerRatis (XceiverServerRatis.java:handleLeaderChangedNotification(902)) - Leader change notification received for group: group-A2131F39BF29 with new leaderId: 564b5721-37dd-4cf3-9846-48d84fb8db95
2023-06-05 07:27:53,951 [564b5721-37dd-4cf3-9846-48d84fb8db95@group-A2131F39BF29-LeaderElection37] INFO  server.RaftServer$Division (ServerState.java:setLeader(317)) - 564b5721-37dd-4cf3-9846-48d84fb8db95@group-A2131F39BF29: change Leader from null to 564b5721-37dd-4cf3-9846-48d84fb8db95 at term 1 for becomeLeader, leader elected after 5399ms
2023-06-05 07:27:53,951 [564b5721-37dd-4cf3-9846-48d84fb8db95@group-A2131F39BF29-LeaderElection37] INFO  server.RaftServerConfigKeys (ConfUtils.java:logGet(46)) - raft.server.staging.catchup.gap = 1000 (default)
2023-06-05 07:27:53,951 [564b5721-37dd-4cf3-9846-48d84fb8db95@group-A2131F39BF29-LeaderElection37] INFO  server.RaftServerConfigKeys (ConfUtils.java:logGet(46)) - raft.server.write.element-limit = 1024 (custom)
2023-06-05 07:27:53,951 [564b5721-37dd-4cf3-9846-48d84fb8db95@group-A2131F39BF29-LeaderElection37] INFO  server.RaftServerConfigKeys (ConfUtils.java:logGet(46)) - raft.server.write.byte-limit = 1024 M (=1073741824) (custom)
2023-06-05 07:27:53,951 [ForkJoinPool.commonPool-worker-2] INFO  server.GrpcService (GrpcService.java:closeImpl(320)) - 9c912f93-c4a7-4073-af96-ebc78b3dd952: shutdown server org.apache.ratis.grpc.server.GrpcClientProtocolService successfully
2023-06-05 07:27:53,951 [ForkJoinPool.commonPool-worker-2] INFO  server.GrpcService (GrpcService.java:closeImpl(311)) - 9c912f93-c4a7-4073-af96-ebc78b3dd952: shutdown server GrpcServerProtocolService now
2023-06-05 07:27:53,952 [564b5721-37dd-4cf3-9846-48d84fb8db95@group-A2131F39BF29-LeaderElection37] INFO  server.RaftServerConfigKeys (ConfUtils.java:logGet(46)) - raft.server.watch.timeout = 180s (custom)
2023-06-05 07:27:53,952 [564b5721-37dd-4cf3-9846-48d84fb8db95@group-A2131F39BF29-LeaderElection37] INFO  server.RaftServerConfigKeys (ConfUtils.java:logGet(46)) - raft.server.watch.timeout.denomination = 1s (default)
2023-06-05 07:27:53,952 [564b5721-37dd-4cf3-9846-48d84fb8db95@group-A2131F39BF29-LeaderElection37] INFO  server.RaftServerConfigKeys (ConfUtils.java:logGet(46)) - raft.server.watch.element-limit = 65536 (default)
2023-06-05 07:27:53,952 [564b5721-37dd-4cf3-9846-48d84fb8db95@group-A2131F39BF29-LeaderElection37] INFO  server.RaftServerConfigKeys (ConfUtils.java:logGet(46)) - raft.server.write.element-limit = 1024 (custom)
2023-06-05 07:27:53,952 [564b5721-37dd-4cf3-9846-48d84fb8db95@group-A2131F39BF29-LeaderElection37] INFO  server.RaftServerConfigKeys (ConfUtils.java:logGet(46)) - raft.server.write.follower.gap.ratio.max = -1.0 (default)
2023-06-05 07:27:53,953 [564b5721-37dd-4cf3-9846-48d84fb8db95@group-A2131F39BF29-LeaderElection37] INFO  impl.RoleInfo (RoleInfo.java:updateAndGet(139)) - 564b5721-37dd-4cf3-9846-48d84fb8db95: start 564b5721-37dd-4cf3-9846-48d84fb8db95@group-A2131F39BF29-LeaderStateImpl
2023-06-05 07:27:53,953 [564b5721-37dd-4cf3-9846-48d84fb8db95@group-A2131F39BF29-LeaderElection37] INFO  segmented.SegmentedRaftLogWorker (SegmentedRaftLogWorker.java:startLogSegment(447)) - 564b5721-37dd-4cf3-9846-48d84fb8db95@group-A2131F39BF29-SegmentedRaftLogWorker: Starting segment from index:0
2023-06-05 07:27:53,955 [ForkJoinPool.commonPool-worker-3] INFO  ozoneimpl.OzoneContainer (OzoneContainer.java:stop(420)) - Attempting to stop container services.
2023-06-05 07:27:53,956 [564b5721-37dd-4cf3-9846-48d84fb8db95@group-A2131F39BF29-LeaderElection37] INFO  server.RaftServer$Division (ServerState.java:setRaftConf(434)) - 564b5721-37dd-4cf3-9846-48d84fb8db95@group-A2131F39BF29: set configuration 0: peers:[564b5721-37dd-4cf3-9846-48d84fb8db95|rpc:10.1.0.81:15137|admin:10.1.0.81:15136|client:10.1.0.81:15135|dataStream:10.1.0.81:15138|priority:1|startupRole:FOLLOWER]|listeners:[], old=null
2023-06-05 07:27:53,962 [564b5721-37dd-4cf3-9846-48d84fb8db95@group-A2131F39BF29-SegmentedRaftLogWorker] INFO  segmented.SegmentedRaftLogWorker (SegmentedRaftLogWorker.java:execute(651)) - 564b5721-37dd-4cf3-9846-48d84fb8db95@group-A2131F39BF29-SegmentedRaftLogWorker: created new log segment /home/runner/work/ozone/ozone/hadoop-ozone/integration-test/target/test-dir/MiniOzoneClusterImpl-cf5c4bc5-3415-416f-adc4-25448342f732/datanode-2/data/ratis/dfeb6fb5-d4b0-448b-8cf8-a2131f39bf29/current/log_inprogress_0
2023-06-05 07:27:53,967 [ForkJoinPool.commonPool-worker-2] INFO  server.GrpcService (GrpcService.java:closeImpl(320)) - 9c912f93-c4a7-4073-af96-ebc78b3dd952: shutdown server GrpcServerProtocolService successfully
2023-06-05 07:27:53,967 [ForkJoinPool.commonPool-worker-2] INFO  server.GrpcService (GrpcService.java:closeImpl(311)) - 9c912f93-c4a7-4073-af96-ebc78b3dd952: shutdown server org.apache.ratis.grpc.server.GrpcAdminProtocolService now
2023-06-05 07:27:53,970 [grpc-default-executor-9] WARN  server.GrpcServerProtocolService (LogUtils.java:warn(122)) - 9c912f93-c4a7-4073-af96-ebc78b3dd952: APPEND_ENTRIES onError, lastRequest: null: org.apache.ratis.thirdparty.io.grpc.StatusRuntimeException: CANCELLED: client cancelled
2023-06-05 07:27:53,971 [grpc-default-executor-3] WARN  server.GrpcServerProtocolService (LogUtils.java:warn(122)) - 9c912f93-c4a7-4073-af96-ebc78b3dd952: APPEND_ENTRIES onError, lastRequest: 564b5721-37dd-4cf3-9846-48d84fb8db95->9c912f93-c4a7-4073-af96-ebc78b3dd952#1-t1,previous=(t:0, i:0),leaderCommit=-1,initializing? true,entries: size=1, first=(t:1, i:0), CONFIGURATIONENTRY(current:id: "564b5721-37dd-4cf3-9846-48d84fb8db95"
address: "10.1.0.81:15137"
priority: 1
dataStreamAddress: "10.1.0.81:15138"
clientAddress: "10.1.0.81:15135"
adminAddress: "10.1.0.81:15136"
startupRole: FOLLOWER
,id: "9c912f93-c4a7-4073-af96-ebc78b3dd952"
address: "10.1.0.81:15119"
dataStreamAddress: "10.1.0.81:15120"
clientAddress: "10.1.0.81:15117"
adminAddress: "10.1.0.81:15118"
startupRole: FOLLOWER
,id: "07297d47-5d99-437c-95f4-b1a094aab1e9"
address: "10.1.0.81:15128"
dataStreamAddress: "10.1.0.81:15129"
clientAddress: "10.1.0.81:15126"
adminAddress: "10.1.0.81:15127"
startupRole: FOLLOWER
, old:): org.apache.ratis.thirdparty.io.grpc.StatusRuntimeException: CANCELLED: client cancelled
2023-06-05 07:27:53,971 [grpc-default-executor-5] WARN  server.GrpcLogAppender (LogUtils.java:warn(122)) - 564b5721-37dd-4cf3-9846-48d84fb8db95@group-D6D7B48876D5->9c912f93-c4a7-4073-af96-ebc78b3dd952-AppendLogResponseHandler: Failed appendEntries: org.apache.ratis.thirdparty.io.grpc.StatusRuntimeException: CANCELLED: RST_STREAM closed stream. HTTP/2 error code: CANCEL
2023-06-05 07:27:53,971 [grpc-default-executor-5] WARN  server.GrpcLogAppender (GrpcLogAppender.java:resetClient(128)) - 564b5721-37dd-4cf3-9846-48d84fb8db95@group-D6D7B48876D5->9c912f93-c4a7-4073-af96-ebc78b3dd952-GrpcLogAppender: Follower failed when matchIndex == 0,  keep nextIndex (1) unchanged and retry.
2023-06-05 07:27:53,971 [grpc-default-executor-4] WARN  server.GrpcLogAppender (LogUtils.java:warn(122)) - 564b5721-37dd-4cf3-9846-48d84fb8db95@group-D6D7B48876D5->9c912f93-c4a7-4073-af96-ebc78b3dd952-AppendLogResponseHandler: Failed appendEntries: org.apache.ratis.thirdparty.io.grpc.StatusRuntimeException: CANCELLED: RST_STREAM closed stream. HTTP/2 error code: CANCEL
2023-06-05 07:27:53,971 [grpc-default-executor-4] WARN  server.GrpcLogAppender (GrpcLogAppender.java:resetClient(128)) - 564b5721-37dd-4cf3-9846-48d84fb8db95@group-D6D7B48876D5->9c912f93-c4a7-4073-af96-ebc78b3dd952-GrpcLogAppender: Follower failed when matchIndex == 0,  keep nextIndex (1) unchanged and retry.
2023-06-05 07:27:53,971 [ForkJoinPool.commonPool-worker-3] INFO  server.RaftServer (RaftServerProxy.java:lambda$close$6(416)) - 564b5721-37dd-4cf3-9846-48d84fb8db95: close
2023-06-05 07:27:53,975 [564b5721-37dd-4cf3-9846-48d84fb8db95-impl-thread1] INFO  server.RaftServer$Division (RaftServerImpl.java:lambda$close$4(466)) - 564b5721-37dd-4cf3-9846-48d84fb8db95@group-D6D7B48876D5: shutdown
2023-06-05 07:27:53,975 [564b5721-37dd-4cf3-9846-48d84fb8db95-impl-thread1] INFO  util.JmxRegister (JmxRegister.java:unregister(73)) - Successfully un-registered JMX Bean with object name Ratis:service=RaftServer,group=group-D6D7B48876D5,id=564b5721-37dd-4cf3-9846-48d84fb8db95
2023-06-05 07:27:53,976 [564b5721-37dd-4cf3-9846-48d84fb8db95-impl-thread1] INFO  impl.RoleInfo (RoleInfo.java:shutdownLeaderState(93)) - 564b5721-37dd-4cf3-9846-48d84fb8db95: shutdown 564b5721-37dd-4cf3-9846-48d84fb8db95@group-D6D7B48876D5-LeaderStateImpl
2023-06-05 07:27:53,977 [564b5721-37dd-4cf3-9846-48d84fb8db95-impl-thread2] INFO  server.RaftServer$Division (RaftServerImpl.java:lambda$close$4(466)) - 564b5721-37dd-4cf3-9846-48d84fb8db95@group-0D59BCF506A8: shutdown
2023-06-05 07:27:53,977 [564b5721-37dd-4cf3-9846-48d84fb8db95-impl-thread2] INFO  util.JmxRegister (JmxRegister.java:unregister(73)) - Successfully un-registered JMX Bean with object name Ratis:service=RaftServer,group=group-0D59BCF506A8,id=564b5721-37dd-4cf3-9846-48d84fb8db95
2023-06-05 07:27:53,977 [564b5721-37dd-4cf3-9846-48d84fb8db95-impl-thread2] INFO  impl.RoleInfo (RoleInfo.java:shutdownFollowerState(110)) - 564b5721-37dd-4cf3-9846-48d84fb8db95: shutdown 564b5721-37dd-4cf3-9846-48d84fb8db95@group-0D59BCF506A8-FollowerState
2023-06-05 07:27:53,977 [ForkJoinPool.commonPool-worker-3] INFO  server.GrpcService (GrpcService.java:closeImpl(311)) - 564b5721-37dd-4cf3-9846-48d84fb8db95: shutdown server org.apache.ratis.grpc.server.GrpcClientProtocolService now
2023-06-05 07:27:53,977 [564b5721-37dd-4cf3-9846-48d84fb8db95-impl-thread3] INFO  server.RaftServer$Division (RaftServerImpl.java:lambda$close$4(466)) - 564b5721-37dd-4cf3-9846-48d84fb8db95@group-A2131F39BF29: shutdown
2023-06-05 07:27:53,977 [564b5721-37dd-4cf3-9846-48d84fb8db95-impl-thread3] INFO  util.JmxRegister (JmxRegister.java:unregister(73)) - Successfully un-registered JMX Bean with object name Ratis:service=RaftServer,group=group-A2131F39BF29,id=564b5721-37dd-4cf3-9846-48d84fb8db95
2023-06-05 07:27:53,977 [564b5721-37dd-4cf3-9846-48d84fb8db95-impl-thread3] INFO  impl.RoleInfo (RoleInfo.java:shutdownLeaderState(93)) - 564b5721-37dd-4cf3-9846-48d84fb8db95: shutdown 564b5721-37dd-4cf3-9846-48d84fb8db95@group-A2131F39BF29-LeaderStateImpl
2023-06-05 07:27:53,977 [Thread-1837] INFO  server.GrpcServerProtocolClient (GrpcServerProtocolClient.java:close(103)) - 9c912f93-c4a7-4073-af96-ebc78b3dd952 Close channels
2023-06-05 07:27:53,977 [564b5721-37dd-4cf3-9846-48d84fb8db95-impl-thread3] INFO  impl.PendingRequests (PendingRequests.java:sendNotLeaderResponses(289)) - 564b5721-37dd-4cf3-9846-48d84fb8db95@group-A2131F39BF29-PendingRequests: sendNotLeaderResponses
2023-06-05 07:27:53,978 [564b5721-37dd-4cf3-9846-48d84fb8db95@group-A2131F39BF29-StateMachineUpdater] INFO  ratis.ContainerStateMachine (ContainerStateMachine.java:takeSnapshot(330)) - group-A2131F39BF29: Taking a snapshot at:(t:1, i:0) file /home/runner/work/ozone/ozone/hadoop-ozone/integration-test/target/test-dir/MiniOzoneClusterImpl-cf5c4bc5-3415-416f-adc4-25448342f732/datanode-2/data/ratis/dfeb6fb5-d4b0-448b-8cf8-a2131f39bf29/sm/snapshot.1_0
2023-06-05 07:27:53,978 [564b5721-37dd-4cf3-9846-48d84fb8db95-impl-thread3] INFO  impl.StateMachineUpdater (StateMachineUpdater.java:stopAndJoin(155)) - 564b5721-37dd-4cf3-9846-48d84fb8db95@group-A2131F39BF29-StateMachineUpdater: set stopIndex = 0
2023-06-05 07:27:53,978 [Thread-1838] INFO  server.GrpcServerProtocolClient (GrpcServerProtocolClient.java:close(103)) - 07297d47-5d99-437c-95f4-b1a094aab1e9 Close channels
2023-06-05 07:27:53,979 [564b5721-37dd-4cf3-9846-48d84fb8db95@group-A2131F39BF29-StateMachineUpdater] INFO  ratis.ContainerStateMachine (ContainerStateMachine.java:takeSnapshot(341)) - group-A2131F39BF29: Finished taking a snapshot at:(t:1, i:0) file:/home/runner/work/ozone/ozone/hadoop-ozone/integration-test/target/test-dir/MiniOzoneClusterImpl-cf5c4bc5-3415-416f-adc4-25448342f732/datanode-2/data/ratis/dfeb6fb5-d4b0-448b-8cf8-a2131f39bf29/sm/snapshot.1_0 took: 0 ms
2023-06-05 07:27:53,979 [564b5721-37dd-4cf3-9846-48d84fb8db95@group-A2131F39BF29-StateMachineUpdater] INFO  impl.StateMachineUpdater (StateMachineUpdater.java:takeSnapshot(291)) - 564b5721-37dd-4cf3-9846-48d84fb8db95@group-A2131F39BF29-StateMachineUpdater: Took a snapshot at index 0
2023-06-05 07:27:53,979 [564b5721-37dd-4cf3-9846-48d84fb8db95@group-A2131F39BF29-StateMachineUpdater] INFO  impl.StateMachineUpdater (StateMachineUpdater.java:lambda$new$0(97)) - 564b5721-37dd-4cf3-9846-48d84fb8db95@group-A2131F39BF29-StateMachineUpdater: snapshotIndex: updateIncreasingly -1 -> 0
2023-06-05 07:27:53,979 [564b5721-37dd-4cf3-9846-48d84fb8db95-impl-thread3] INFO  server.RaftServer$Division (ServerState.java:close(472)) - 564b5721-37dd-4cf3-9846-48d84fb8db95@group-A2131F39BF29: closes. applyIndex: 0
2023-06-05 07:27:53,979 [ForkJoinPool.commonPool-worker-3] INFO  server.GrpcService (GrpcService.java:closeImpl(320)) - 564b5721-37dd-4cf3-9846-48d84fb8db95: shutdown server org.apache.ratis.grpc.server.GrpcClientProtocolService successfully
2023-06-05 07:27:53,979 [ForkJoinPool.commonPool-worker-3] INFO  server.GrpcService (GrpcService.java:closeImpl(311)) - 564b5721-37dd-4cf3-9846-48d84fb8db95: shutdown server GrpcServerProtocolService now
2023-06-05 07:27:53,980 [564b5721-37dd-4cf3-9846-48d84fb8db95-impl-thread2] INFO  impl.StateMachineUpdater (StateMachineUpdater.java:stopAndJoin(155)) - 564b5721-37dd-4cf3-9846-48d84fb8db95@group-0D59BCF506A8-StateMachineUpdater: set stopIndex = -1
2023-06-05 07:27:53,980 [564b5721-37dd-4cf3-9846-48d84fb8db95@group-0D59BCF506A8-FollowerState] INFO  impl.FollowerState (FollowerState.java:run(152)) - 564b5721-37dd-4cf3-9846-48d84fb8db95@group-0D59BCF506A8-FollowerState was interrupted
2023-06-05 07:27:53,982 [564b5721-37dd-4cf3-9846-48d84fb8db95-impl-thread1] INFO  impl.PendingRequests (PendingRequests.java:sendNotLeaderResponses(289)) - 564b5721-37dd-4cf3-9846-48d84fb8db95@group-D6D7B48876D5-PendingRequests: sendNotLeaderResponses
2023-06-05 07:27:53,982 [564b5721-37dd-4cf3-9846-48d84fb8db95@group-D6D7B48876D5->07297d47-5d99-437c-95f4-b1a094aab1e9-GrpcLogAppender-LogAppenderDaemon] WARN  server.GrpcLogAppender (GrpcLogAppender.java:mayWait(199)) - 564b5721-37dd-4cf3-9846-48d84fb8db95@group-D6D7B48876D5->07297d47-5d99-437c-95f4-b1a094aab1e9-GrpcLogAppender: Wait interrupted by java.lang.InterruptedException
2023-06-05 07:27:53,983 [ForkJoinPool.commonPool-worker-2] INFO  server.GrpcService (GrpcService.java:closeImpl(320)) - 9c912f93-c4a7-4073-af96-ebc78b3dd952: shutdown server org.apache.ratis.grpc.server.GrpcAdminProtocolService successfully
2023-06-05 07:27:53,983 [564b5721-37dd-4cf3-9846-48d84fb8db95@group-D6D7B48876D5->9c912f93-c4a7-4073-af96-ebc78b3dd952-GrpcLogAppender-LogAppenderDaemon] WARN  server.GrpcLogAppender (GrpcLogAppender.java:mayWait(199)) - 564b5721-37dd-4cf3-9846-48d84fb8db95@group-D6D7B48876D5->9c912f93-c4a7-4073-af96-ebc78b3dd952-GrpcLogAppender: Wait interrupted by java.lang.InterruptedException
2023-06-05 07:27:53,983 [9c912f93-c4a7-4073-af96-ebc78b3dd952-NettyServerStreamRpc-bossGroup--thread1] INFO  logging.LoggingHandler (AbstractInternalLogger.java:log(148)) - [id: 0xbe6fe280, L:/0:0:0:0:0:0:0:0:15120] CLOSE
2023-06-05 07:27:53,983 [9c912f93-c4a7-4073-af96-ebc78b3dd952-NettyServerStreamRpc-bossGroup--thread1] INFO  logging.LoggingHandler (AbstractInternalLogger.java:log(148)) - [id: 0xbe6fe280, L:/0:0:0:0:0:0:0:0:15120] INACTIVE
2023-06-05 07:27:53,983 [9c912f93-c4a7-4073-af96-ebc78b3dd952-NettyServerStreamRpc-bossGroup--thread1] INFO  logging.LoggingHandler (AbstractInternalLogger.java:log(148)) - [id: 0xbe6fe280, L:/0:0:0:0:0:0:0:0:15120] UNREGISTERED
2023-06-05 07:27:53,983 [564b5721-37dd-4cf3-9846-48d84fb8db95-impl-thread1] INFO  impl.StateMachineUpdater (StateMachineUpdater.java:stopAndJoin(155)) - 564b5721-37dd-4cf3-9846-48d84fb8db95@group-D6D7B48876D5-StateMachineUpdater: set stopIndex = 0
2023-06-05 07:27:53,983 [564b5721-37dd-4cf3-9846-48d84fb8db95@group-D6D7B48876D5-StateMachineUpdater] INFO  ratis.ContainerStateMachine (ContainerStateMachine.java:takeSnapshot(330)) - group-D6D7B48876D5: Taking a snapshot at:(t:1, i:0) file /home/runner/work/ozone/ozone/hadoop-ozone/integration-test/target/test-dir/MiniOzoneClusterImpl-cf5c4bc5-3415-416f-adc4-25448342f732/datanode-2/data/ratis/e212fd7d-6165-46f2-b8e8-d6d7b48876d5/sm/snapshot.1_0
2023-06-05 07:27:53,986 [564b5721-37dd-4cf3-9846-48d84fb8db95@group-D6D7B48876D5-StateMachineUpdater] INFO  ratis.ContainerStateMachine (ContainerStateMachine.java:takeSnapshot(341)) - group-D6D7B48876D5: Finished taking a snapshot at:(t:1, i:0) file:/home/runner/work/ozone/ozone/hadoop-ozone/integration-test/target/test-dir/MiniOzoneClusterImpl-cf5c4bc5-3415-416f-adc4-25448342f732/datanode-2/data/ratis/e212fd7d-6165-46f2-b8e8-d6d7b48876d5/sm/snapshot.1_0 took: 3 ms
2023-06-05 07:27:53,986 [564b5721-37dd-4cf3-9846-48d84fb8db95@group-D6D7B48876D5-StateMachineUpdater] INFO  impl.StateMachineUpdater (StateMachineUpdater.java:takeSnapshot(291)) - 564b5721-37dd-4cf3-9846-48d84fb8db95@group-D6D7B48876D5-StateMachineUpdater: Took a snapshot at index 0
2023-06-05 07:27:53,986 [564b5721-37dd-4cf3-9846-48d84fb8db95@group-D6D7B48876D5-StateMachineUpdater] INFO  impl.StateMachineUpdater (StateMachineUpdater.java:lambda$new$0(97)) - 564b5721-37dd-4cf3-9846-48d84fb8db95@group-D6D7B48876D5-StateMachineUpdater: snapshotIndex: updateIncreasingly -1 -> 0
2023-06-05 07:27:53,986 [564b5721-37dd-4cf3-9846-48d84fb8db95-impl-thread1] INFO  server.RaftServer$Division (ServerState.java:close(472)) - 564b5721-37dd-4cf3-9846-48d84fb8db95@group-D6D7B48876D5: closes. applyIndex: 0
2023-06-05 07:27:53,990 [564b5721-37dd-4cf3-9846-48d84fb8db95-impl-thread2] INFO  server.RaftServer$Division (ServerState.java:close(472)) - 564b5721-37dd-4cf3-9846-48d84fb8db95@group-0D59BCF506A8: closes. applyIndex: -1
2023-06-05 07:27:53,996 [ForkJoinPool.commonPool-worker-3] INFO  server.GrpcService (GrpcService.java:closeImpl(320)) - 564b5721-37dd-4cf3-9846-48d84fb8db95: shutdown server GrpcServerProtocolService successfully
2023-06-05 07:27:53,997 [ForkJoinPool.commonPool-worker-3] INFO  server.GrpcService (GrpcService.java:closeImpl(311)) - 564b5721-37dd-4cf3-9846-48d84fb8db95: shutdown server org.apache.ratis.grpc.server.GrpcAdminProtocolService now
2023-06-05 07:27:54,002 [9c912f93-c4a7-4073-af96-ebc78b3dd952-impl-thread1] INFO  segmented.SegmentedRaftLogWorker (SegmentedRaftLogWorker.java:close(252)) - 9c912f93-c4a7-4073-af96-ebc78b3dd952@group-8DC0739949D4-SegmentedRaftLogWorker close()
2023-06-05 07:27:54,010 [ForkJoinPool.commonPool-worker-3] INFO  server.GrpcService (GrpcService.java:closeImpl(320)) - 564b5721-37dd-4cf3-9846-48d84fb8db95: shutdown server org.apache.ratis.grpc.server.GrpcAdminProtocolService successfully
2023-06-05 07:27:54,010 [564b5721-37dd-4cf3-9846-48d84fb8db95-NettyServerStreamRpc-bossGroup--thread1] INFO  logging.LoggingHandler (AbstractInternalLogger.java:log(148)) - [id: 0x2fd9091b, L:/0:0:0:0:0:0:0:0:15138] CLOSE
2023-06-05 07:27:54,010 [564b5721-37dd-4cf3-9846-48d84fb8db95-NettyServerStreamRpc-bossGroup--thread1] INFO  logging.LoggingHandler (AbstractInternalLogger.java:log(148)) - [id: 0x2fd9091b, L:/0:0:0:0:0:0:0:0:15138] INACTIVE
2023-06-05 07:27:54,010 [564b5721-37dd-4cf3-9846-48d84fb8db95-NettyServerStreamRpc-bossGroup--thread1] INFO  logging.LoggingHandler (AbstractInternalLogger.java:log(148)) - [id: 0x2fd9091b, L:/0:0:0:0:0:0:0:0:15138] UNREGISTERED
2023-06-05 07:27:54,075 [9c912f93-c4a7-4073-af96-ebc78b3dd952-impl-thread3] INFO  segmented.SegmentedRaftLogWorker (SegmentedRaftLogWorker.java:close(252)) - 9c912f93-c4a7-4073-af96-ebc78b3dd952@group-0D59BCF506A8-SegmentedRaftLogWorker close()
2023-06-05 07:27:54,138 [07297d47-5d99-437c-95f4-b1a094aab1e9-impl-thread3] INFO  segmented.SegmentedRaftLogWorker (SegmentedRaftLogWorker.java:close(252)) - 07297d47-5d99-437c-95f4-b1a094aab1e9@group-0D59BCF506A8-SegmentedRaftLogWorker close()
2023-06-05 07:27:54,147 [564b5721-37dd-4cf3-9846-48d84fb8db95-impl-thread2] INFO  segmented.SegmentedRaftLogWorker (SegmentedRaftLogWorker.java:close(252)) - 564b5721-37dd-4cf3-9846-48d84fb8db95@group-0D59BCF506A8-SegmentedRaftLogWorker close()
2023-06-05 07:27:54,157 [564b5721-37dd-4cf3-9846-48d84fb8db95-impl-thread1] INFO  segmented.SegmentedRaftLogWorker (SegmentedRaftLogWorker.java:close(252)) - 564b5721-37dd-4cf3-9846-48d84fb8db95@group-D6D7B48876D5-SegmentedRaftLogWorker close()
2023-06-05 07:27:54,206 [07297d47-5d99-437c-95f4-b1a094aab1e9-impl-thread2] INFO  segmented.SegmentedRaftLogWorker (SegmentedRaftLogWorker.java:close(252)) - 07297d47-5d99-437c-95f4-b1a094aab1e9@group-D6D7B48876D5-SegmentedRaftLogWorker close()
2023-06-05 07:27:54,208 [9c912f93-c4a7-4073-af96-ebc78b3dd952-impl-thread2] INFO  segmented.SegmentedRaftLogWorker (SegmentedRaftLogWorker.java:close(252)) - 9c912f93-c4a7-4073-af96-ebc78b3dd952@group-D6D7B48876D5-SegmentedRaftLogWorker close()
2023-06-05 07:27:54,209 [JvmPauseMonitor21] INFO  util.JvmPauseMonitor (JvmPauseMonitor.java:run(109)) - JvmPauseMonitor-9c912f93-c4a7-4073-af96-ebc78b3dd952: Stopped
2023-06-05 07:27:54,274 [07297d47-5d99-437c-95f4-b1a094aab1e9-impl-thread1] INFO  segmented.SegmentedRaftLogWorker (SegmentedRaftLogWorker.java:close(252)) - 07297d47-5d99-437c-95f4-b1a094aab1e9@group-D1A4B40C401B-SegmentedRaftLogWorker close()
2023-06-05 07:27:54,278 [JvmPauseMonitor22] INFO  util.JvmPauseMonitor (JvmPauseMonitor.java:run(109)) - JvmPauseMonitor-07297d47-5d99-437c-95f4-b1a094aab1e9: Stopped
2023-06-05 07:27:54,968 [564b5721-37dd-4cf3-9846-48d84fb8db95-impl-thread3] INFO  segmented.SegmentedRaftLogWorker (SegmentedRaftLogWorker.java:close(252)) - 564b5721-37dd-4cf3-9846-48d84fb8db95@group-A2131F39BF29-SegmentedRaftLogWorker close()
2023-06-05 07:27:54,970 [JvmPauseMonitor23] INFO  util.JvmPauseMonitor (JvmPauseMonitor.java:run(109)) - JvmPauseMonitor-564b5721-37dd-4cf3-9846-48d84fb8db95: Stopped
2023-06-05 07:27:55,568 [RatisPipelineUtilsThread - 0] WARN  pipeline.PipelinePlacementPolicy (PipelinePlacementPolicy.java:filterViableNodes(160)) - Pipeline creation failed due to no sufficient healthy datanodes. Required 3. Found 0. Excluded 3.
2023-06-05 07:27:56,215 [ForkJoinPool.commonPool-worker-2] INFO  utils.DatanodeStoreCache (DatanodeStoreCache.java:shutdownCache(110)) - Skip clearing cache in mini cluster mode. Entries left: [/home/runner/work/ozone/ozone/hadoop-ozone/integration-test/target/test-dir/MiniOzoneClusterImpl-cf5c4bc5-3415-416f-adc4-25448342f732/datanode-0/data-0/containers/hdds/cf5c4bc5-3415-416f-adc4-25448342f732/DS-58b62acc-2728-4d6a-bc84-3bc71b4867f3/container.db, /home/runner/work/ozone/ozone/hadoop-ozone/integration-test/target/test-dir/MiniOzoneClusterImpl-cf5c4bc5-3415-416f-adc4-25448342f732/datanode-1/data-0/containers/hdds/cf5c4bc5-3415-416f-adc4-25448342f732/DS-1e071358-aeb6-41f9-819e-4a19a805bbea/container.db, /home/runner/work/ozone/ozone/hadoop-ozone/integration-test/target/test-dir/MiniOzoneClusterImpl-cf5c4bc5-3415-416f-adc4-25448342f732/datanode-2/data-0/containers/hdds/cf5c4bc5-3415-416f-adc4-25448342f732/DS-37f002c1-f848-4a8b-baa5-7788e0efcb57/container.db]
2023-06-05 07:27:56,218 [ForkJoinPool.commonPool-worker-2] INFO  utils.DatanodeStoreCache (DatanodeStoreCache.java:removeDB(104)) - Removed db /home/runner/work/ozone/ozone/hadoop-ozone/integration-test/target/test-dir/MiniOzoneClusterImpl-cf5c4bc5-3415-416f-adc4-25448342f732/datanode-0/data-0/containers/hdds/cf5c4bc5-3415-416f-adc4-25448342f732/DS-58b62acc-2728-4d6a-bc84-3bc71b4867f3/container.db from cache
2023-06-05 07:27:56,218 [ForkJoinPool.commonPool-worker-2] INFO  volume.HddsVolume (HddsVolume.java:closeDbStore(437)) - SchemaV3 db is stopped at /home/runner/work/ozone/ozone/hadoop-ozone/integration-test/target/test-dir/MiniOzoneClusterImpl-cf5c4bc5-3415-416f-adc4-25448342f732/datanode-0/data-0/containers/hdds/cf5c4bc5-3415-416f-adc4-25448342f732/DS-58b62acc-2728-4d6a-bc84-3bc71b4867f3/container.db for volume DS-58b62acc-2728-4d6a-bc84-3bc71b4867f3
2023-06-05 07:27:56,219 [ForkJoinPool.commonPool-worker-2] INFO  utils.BackgroundService (BackgroundService.java:shutdown(141)) - Shutting down service BlockDeletingService
2023-06-05 07:27:56,219 [ForkJoinPool.commonPool-worker-2] INFO  utils.BackgroundService (BackgroundService.java:shutdown(141)) - Shutting down service StaleRecoveringContainerScrubbingService
2023-06-05 07:27:56,221 [ForkJoinPool.commonPool-worker-2] INFO  statemachine.DatanodeStateMachine (DatanodeStateMachine.java:stopDaemon(605)) - Ozone container server stopped.
2023-06-05 07:27:56,233 [ForkJoinPool.commonPool-worker-2] INFO  handler.ContextHandler (ContextHandler.java:doStop(1159)) - Stopped o.e.j.w.WebAppContext@18ccf13b{hddsDatanode,/,null,STOPPED}{jar:file:/home/runner/.m2/repository/org/apache/ozone/hdds-container-service/1.4.0-SNAPSHOT/hdds-container-service-1.4.0-SNAPSHOT.jar!/webapps/hddsDatanode}
2023-06-05 07:27:56,234 [ForkJoinPool.commonPool-worker-2] INFO  server.AbstractConnector (AbstractConnector.java:doStop(383)) - Stopped ServerConnector@7db05830{HTTP/1.1, (http/1.1)}{0.0.0.0:15114}
2023-06-05 07:27:56,234 [ForkJoinPool.commonPool-worker-2] INFO  server.session (HouseKeeper.java:stopScavenging(149)) - node0 Stopped scavenging
2023-06-05 07:27:56,234 [ForkJoinPool.commonPool-worker-2] INFO  handler.ContextHandler (ContextHandler.java:doStop(1159)) - Stopped o.e.j.s.ServletContextHandler@3f88de11{static,/static,jar:file:/home/runner/.m2/repository/org/apache/ozone/hdds-container-service/1.4.0-SNAPSHOT/hdds-container-service-1.4.0-SNAPSHOT.jar!/webapps/static,STOPPED}
2023-06-05 07:27:56,235 [ForkJoinPool.commonPool-worker-2] INFO  handler.ContextHandler (ContextHandler.java:doStop(1159)) - Stopped o.e.j.s.ServletContextHandler@fb054f4{logs,/logs,file:///home/runner/work/ozone/ozone/hadoop-ozone/integration-test/target/log,STOPPED}
2023-06-05 07:27:56,236 [ForkJoinPool.commonPool-worker-2] INFO  ozone.HddsDatanodeClientProtocolServer (HddsDatanodeClientProtocolServer.java:stop(89)) - Stopping the RPC server for Client Protocol
2023-06-05 07:27:56,236 [ForkJoinPool.commonPool-worker-2] INFO  ipc.Server (Server.java:stop(3501)) - Stopping server on 15115
2023-06-05 07:27:56,237 [IPC Server Responder] INFO  ipc.Server (Server.java:run(1563)) - Stopping IPC Server Responder
2023-06-05 07:27:56,237 [IPC Server listener on 15115] INFO  ipc.Server (Server.java:run(1430)) - Stopping IPC Server listener on 15115
2023-06-05 07:27:56,282 [main] INFO  utils.DatanodeStoreCache (DatanodeStoreCache.java:shutdownCache(110)) - Skip clearing cache in mini cluster mode. Entries left: [/home/runner/work/ozone/ozone/hadoop-ozone/integration-test/target/test-dir/MiniOzoneClusterImpl-cf5c4bc5-3415-416f-adc4-25448342f732/datanode-1/data-0/containers/hdds/cf5c4bc5-3415-416f-adc4-25448342f732/DS-1e071358-aeb6-41f9-819e-4a19a805bbea/container.db, /home/runner/work/ozone/ozone/hadoop-ozone/integration-test/target/test-dir/MiniOzoneClusterImpl-cf5c4bc5-3415-416f-adc4-25448342f732/datanode-2/data-0/containers/hdds/cf5c4bc5-3415-416f-adc4-25448342f732/DS-37f002c1-f848-4a8b-baa5-7788e0efcb57/container.db]
2023-06-05 07:27:56,284 [main] INFO  utils.DatanodeStoreCache (DatanodeStoreCache.java:removeDB(104)) - Removed db /home/runner/work/ozone/ozone/hadoop-ozone/integration-test/target/test-dir/MiniOzoneClusterImpl-cf5c4bc5-3415-416f-adc4-25448342f732/datanode-1/data-0/containers/hdds/cf5c4bc5-3415-416f-adc4-25448342f732/DS-1e071358-aeb6-41f9-819e-4a19a805bbea/container.db from cache
2023-06-05 07:27:56,284 [main] INFO  volume.HddsVolume (HddsVolume.java:closeDbStore(437)) - SchemaV3 db is stopped at /home/runner/work/ozone/ozone/hadoop-ozone/integration-test/target/test-dir/MiniOzoneClusterImpl-cf5c4bc5-3415-416f-adc4-25448342f732/datanode-1/data-0/containers/hdds/cf5c4bc5-3415-416f-adc4-25448342f732/DS-1e071358-aeb6-41f9-819e-4a19a805bbea/container.db for volume DS-1e071358-aeb6-41f9-819e-4a19a805bbea
2023-06-05 07:27:56,284 [main] INFO  utils.BackgroundService (BackgroundService.java:shutdown(141)) - Shutting down service BlockDeletingService
2023-06-05 07:27:56,285 [main] INFO  utils.BackgroundService (BackgroundService.java:shutdown(141)) - Shutting down service StaleRecoveringContainerScrubbingService
2023-06-05 07:27:56,285 [main] INFO  statemachine.DatanodeStateMachine (DatanodeStateMachine.java:stopDaemon(605)) - Ozone container server stopped.
2023-06-05 07:27:56,295 [main] INFO  handler.ContextHandler (ContextHandler.java:doStop(1159)) - Stopped o.e.j.w.WebAppContext@3b58d2cb{hddsDatanode,/,null,STOPPED}{jar:file:/home/runner/.m2/repository/org/apache/ozone/hdds-container-service/1.4.0-SNAPSHOT/hdds-container-service-1.4.0-SNAPSHOT.jar!/webapps/hddsDatanode}
2023-06-05 07:27:56,296 [main] INFO  server.AbstractConnector (AbstractConnector.java:doStop(383)) - Stopped ServerConnector@107a0444{HTTP/1.1, (http/1.1)}{0.0.0.0:15123}
2023-06-05 07:27:56,296 [main] INFO  server.session (HouseKeeper.java:stopScavenging(149)) - node0 Stopped scavenging
2023-06-05 07:27:56,296 [main] INFO  handler.ContextHandler (ContextHandler.java:doStop(1159)) - Stopped o.e.j.s.ServletContextHandler@30398b4d{static,/static,jar:file:/home/runner/.m2/repository/org/apache/ozone/hdds-container-service/1.4.0-SNAPSHOT/hdds-container-service-1.4.0-SNAPSHOT.jar!/webapps/static,STOPPED}
2023-06-05 07:27:56,296 [main] INFO  handler.ContextHandler (ContextHandler.java:doStop(1159)) - Stopped o.e.j.s.ServletContextHandler@49287c96{logs,/logs,file:///home/runner/work/ozone/ozone/hadoop-ozone/integration-test/target/log,STOPPED}
2023-06-05 07:27:56,297 [main] INFO  ozone.HddsDatanodeClientProtocolServer (HddsDatanodeClientProtocolServer.java:stop(89)) - Stopping the RPC server for Client Protocol
2023-06-05 07:27:56,297 [main] INFO  ipc.Server (Server.java:stop(3501)) - Stopping server on 15124
2023-06-05 07:27:56,298 [IPC Server listener on 15124] INFO  ipc.Server (Server.java:run(1430)) - Stopping IPC Server listener on 15124
2023-06-05 07:27:56,298 [IPC Server Responder] INFO  ipc.Server (Server.java:run(1563)) - Stopping IPC Server Responder
2023-06-05 07:27:56,975 [ForkJoinPool.commonPool-worker-3] INFO  utils.DatanodeStoreCache (DatanodeStoreCache.java:shutdownCache(110)) - Skip clearing cache in mini cluster mode. Entries left: [/home/runner/work/ozone/ozone/hadoop-ozone/integration-test/target/test-dir/MiniOzoneClusterImpl-cf5c4bc5-3415-416f-adc4-25448342f732/datanode-2/data-0/containers/hdds/cf5c4bc5-3415-416f-adc4-25448342f732/DS-37f002c1-f848-4a8b-baa5-7788e0efcb57/container.db]
2023-06-05 07:27:56,980 [ForkJoinPool.commonPool-worker-3] INFO  utils.DatanodeStoreCache (DatanodeStoreCache.java:removeDB(104)) - Removed db /home/runner/work/ozone/ozone/hadoop-ozone/integration-test/target/test-dir/MiniOzoneClusterImpl-cf5c4bc5-3415-416f-adc4-25448342f732/datanode-2/data-0/containers/hdds/cf5c4bc5-3415-416f-adc4-25448342f732/DS-37f002c1-f848-4a8b-baa5-7788e0efcb57/container.db from cache
2023-06-05 07:27:56,980 [ForkJoinPool.commonPool-worker-3] INFO  volume.HddsVolume (HddsVolume.java:closeDbStore(437)) - SchemaV3 db is stopped at /home/runner/work/ozone/ozone/hadoop-ozone/integration-test/target/test-dir/MiniOzoneClusterImpl-cf5c4bc5-3415-416f-adc4-25448342f732/datanode-2/data-0/containers/hdds/cf5c4bc5-3415-416f-adc4-25448342f732/DS-37f002c1-f848-4a8b-baa5-7788e0efcb57/container.db for volume DS-37f002c1-f848-4a8b-baa5-7788e0efcb57
2023-06-05 07:27:56,980 [ForkJoinPool.commonPool-worker-3] INFO  utils.BackgroundService (BackgroundService.java:shutdown(141)) - Shutting down service BlockDeletingService
2023-06-05 07:27:56,980 [ForkJoinPool.commonPool-worker-3] INFO  utils.BackgroundService (BackgroundService.java:shutdown(141)) - Shutting down service StaleRecoveringContainerScrubbingService
2023-06-05 07:27:56,981 [ForkJoinPool.commonPool-worker-3] INFO  statemachine.DatanodeStateMachine (DatanodeStateMachine.java:stopDaemon(605)) - Ozone container server stopped.
2023-06-05 07:27:56,991 [ForkJoinPool.commonPool-worker-3] INFO  handler.ContextHandler (ContextHandler.java:doStop(1159)) - Stopped o.e.j.w.WebAppContext@7d5fb813{hddsDatanode,/,null,STOPPED}{jar:file:/home/runner/.m2/repository/org/apache/ozone/hdds-container-service/1.4.0-SNAPSHOT/hdds-container-service-1.4.0-SNAPSHOT.jar!/webapps/hddsDatanode}
2023-06-05 07:27:56,992 [ForkJoinPool.commonPool-worker-3] INFO  server.AbstractConnector (AbstractConnector.java:doStop(383)) - Stopped ServerConnector@3586461a{HTTP/1.1, (http/1.1)}{0.0.0.0:15132}
2023-06-05 07:27:56,992 [ForkJoinPool.commonPool-worker-3] INFO  server.session (HouseKeeper.java:stopScavenging(149)) - node0 Stopped scavenging
2023-06-05 07:27:56,993 [ForkJoinPool.commonPool-worker-3] INFO  handler.ContextHandler (ContextHandler.java:doStop(1159)) - Stopped o.e.j.s.ServletContextHandler@558e1c99{static,/static,jar:file:/home/runner/.m2/repository/org/apache/ozone/hdds-container-service/1.4.0-SNAPSHOT/hdds-container-service-1.4.0-SNAPSHOT.jar!/webapps/static,STOPPED}
2023-06-05 07:27:56,993 [ForkJoinPool.commonPool-worker-3] INFO  handler.ContextHandler (ContextHandler.java:doStop(1159)) - Stopped o.e.j.s.ServletContextHandler@7701253{logs,/logs,file:///home/runner/work/ozone/ozone/hadoop-ozone/integration-test/target/log,STOPPED}
2023-06-05 07:27:56,994 [ForkJoinPool.commonPool-worker-3] INFO  ozone.HddsDatanodeClientProtocolServer (HddsDatanodeClientProtocolServer.java:stop(89)) - Stopping the RPC server for Client Protocol
2023-06-05 07:27:56,994 [ForkJoinPool.commonPool-worker-3] INFO  ipc.Server (Server.java:stop(3501)) - Stopping server on 15133
2023-06-05 07:27:56,994 [IPC Server listener on 15133] INFO  ipc.Server (Server.java:run(1430)) - Stopping IPC Server listener on 15133
2023-06-05 07:27:56,995 [IPC Server Responder] INFO  ipc.Server (Server.java:run(1563)) - Stopping IPC Server Responder
2023-06-05 07:27:56,997 [main] INFO  ozone.MiniOzoneClusterImpl (MiniOzoneClusterImpl.java:stopSCM(537)) - Stopping the StorageContainerManager
2023-06-05 07:27:56,997 [main] INFO  server.StorageContainerManager (StorageContainerManager.java:stop(1559)) - Container Balancer is not running.
2023-06-05 07:27:56,997 [main] INFO  server.StorageContainerManager (StorageContainerManager.java:stopReplicationManager(1690)) - Stopping Replication Manager Service.
2023-06-05 07:27:56,997 [main] INFO  replication.ReplicationManager (ReplicationManager.java:stop(332)) - Stopping Replication Monitor Thread.
2023-06-05 07:27:56,997 [Over Replicated Processor] WARN  replication.UnhealthyReplicationProcessor (UnhealthyReplicationProcessor.java:run(167)) - Over Replicated Processor interrupted. Exiting...
2023-06-05 07:27:56,997 [Under Replicated Processor] WARN  replication.UnhealthyReplicationProcessor (UnhealthyReplicationProcessor.java:run(167)) - Under Replicated Processor interrupted. Exiting...
2023-06-05 07:27:56,997 [ReplicationMonitor] INFO  replication.ReplicationManager (ReplicationManager.java:run(938)) - Replication Monitor Thread is stopped
2023-06-05 07:27:56,997 [main] INFO  server.StorageContainerManager (StorageContainerManager.java:stop(1568)) - Stopping the Datanode Admin Monitor.
2023-06-05 07:27:57,000 [main] INFO  server.StorageContainerManager (StorageContainerManager.java:stop(1575)) - Stopping datanode service RPC server
2023-06-05 07:27:57,001 [main] INFO  server.SCMDatanodeProtocolServer (SCMDatanodeProtocolServer.java:stop(424)) - Stopping the RPC server for DataNodes
2023-06-05 07:27:57,001 [main] INFO  ipc.Server (Server.java:stop(3501)) - Stopping server on 15107
2023-06-05 07:27:57,003 [IPC Server Responder] INFO  ipc.Server (Server.java:run(1563)) - Stopping IPC Server Responder
2023-06-05 07:27:57,003 [IPC Server listener on 15107] INFO  ipc.Server (Server.java:run(1430)) - Stopping IPC Server listener on 15107
2023-06-05 07:27:57,094 [SCM Heartbeat Processing Thread - 0] WARN  node.NodeStateManager (NodeStateManager.java:scheduleNextHealthCheck(870)) - Current Thread is interrupted, shutting down HB processing thread for Node Manager.
2023-06-05 07:27:57,094 [main] INFO  server.StorageContainerManager (StorageContainerManager.java:stop(1583)) - Stopping block service RPC server
2023-06-05 07:27:57,095 [main] INFO  server.SCMBlockProtocolServer (SCMBlockProtocolServer.java:stop(161)) - Stopping the RPC server for Block Protocol
2023-06-05 07:27:57,095 [main] INFO  ipc.Server (Server.java:stop(3501)) - Stopping server on 15106
2023-06-05 07:27:57,096 [IPC Server listener on 15106] INFO  ipc.Server (Server.java:run(1430)) - Stopping IPC Server listener on 15106
2023-06-05 07:27:57,096 [IPC Server Responder] INFO  ipc.Server (Server.java:run(1563)) - Stopping IPC Server Responder
2023-06-05 07:27:57,097 [main] INFO  server.StorageContainerManager (StorageContainerManager.java:stop(1590)) - Stopping the StorageContainerLocationProtocol RPC server
2023-06-05 07:27:57,097 [main] INFO  server.SCMClientProtocolServer (SCMClientProtocolServer.java:stop(208)) - Stopping the RPC server for Client Protocol
2023-06-05 07:27:57,097 [main] INFO  ipc.Server (Server.java:stop(3501)) - Stopping server on 15105
2023-06-05 07:27:57,099 [IPC Server listener on 15105] INFO  ipc.Server (Server.java:run(1430)) - Stopping IPC Server listener on 15105
2023-06-05 07:27:57,100 [IPC Server Responder] INFO  ipc.Server (Server.java:run(1563)) - Stopping IPC Server Responder
2023-06-05 07:27:57,100 [main] INFO  server.StorageContainerManager (StorageContainerManager.java:stop(1597)) - Stopping Storage Container Manager HTTP server.
2023-06-05 07:27:57,101 [main] INFO  handler.ContextHandler (ContextHandler.java:doStop(1159)) - Stopped o.e.j.w.WebAppContext@5915534a{scm,/,null,STOPPED}{file:/home/runner/work/ozone/ozone/hadoop-ozone/integration-test/target/test-classes/webapps/scm}
2023-06-05 07:27:57,102 [main] INFO  server.AbstractConnector (AbstractConnector.java:doStop(383)) - Stopped ServerConnector@faef38e{HTTP/1.1, (http/1.1)}{0.0.0.0:15108}
2023-06-05 07:27:57,102 [main] INFO  server.session (HouseKeeper.java:stopScavenging(149)) - node0 Stopped scavenging
2023-06-05 07:27:57,102 [main] INFO  handler.ContextHandler (ContextHandler.java:doStop(1159)) - Stopped o.e.j.s.ServletContextHandler@104802af{static,/static,file:///home/runner/work/ozone/ozone/hadoop-ozone/integration-test/target/test-classes/webapps/static,STOPPED}
2023-06-05 07:27:57,103 [main] INFO  handler.ContextHandler (ContextHandler.java:doStop(1159)) - Stopped o.e.j.s.ServletContextHandler@2ddc896a{logs,/logs,file:///home/runner/work/ozone/ozone/hadoop-ozone/integration-test/target/log,STOPPED}
2023-06-05 07:27:57,104 [main] INFO  server.StorageContainerManager (StorageContainerManager.java:stop(1605)) - Stopping SCM LayoutVersionManager Service.
2023-06-05 07:27:57,104 [main] INFO  server.StorageContainerManager (StorageContainerManager.java:stop(1613)) - Stopping Block Manager Service.
2023-06-05 07:27:57,104 [main] INFO  utils.BackgroundService (BackgroundService.java:shutdown(141)) - Shutting down service SCMBlockDeletingService
2023-06-05 07:27:57,104 [main] INFO  utils.BackgroundService (BackgroundService.java:shutdown(141)) - Shutting down service SCMBlockDeletingService
2023-06-05 07:27:57,104 [main] INFO  server.StorageContainerManager (StorageContainerManager.java:stop(1635)) - Stopping SCM Event Queue.
2023-06-05 07:27:57,105 [main] INFO  server.StorageContainerManager (StorageContainerManager.java:stop(1646)) - Stopping SCM HA services.
2023-06-05 07:27:57,105 [main] INFO  ha.SCMRatisServerImpl (SCMRatisServerImpl.java:stop(254)) - stopping ratis server 0.0.0.0:9894
2023-06-05 07:27:57,106 [main] INFO  server.RaftServer (RaftServerProxy.java:lambda$close$6(416)) - 93d22ed0-d31f-4f1b-9755-65cee8c397cb: close
2023-06-05 07:27:57,106 [main] INFO  server.GrpcService (GrpcService.java:closeImpl(311)) - 93d22ed0-d31f-4f1b-9755-65cee8c397cb: shutdown server GrpcServerProtocolService now
2023-06-05 07:27:57,106 [93d22ed0-d31f-4f1b-9755-65cee8c397cb-impl-thread1] INFO  server.RaftServer$Division (RaftServerImpl.java:lambda$close$4(466)) - 93d22ed0-d31f-4f1b-9755-65cee8c397cb@group-25448342F732: shutdown
2023-06-05 07:27:57,106 [93d22ed0-d31f-4f1b-9755-65cee8c397cb-impl-thread1] INFO  util.JmxRegister (JmxRegister.java:unregister(73)) - Successfully un-registered JMX Bean with object name Ratis:service=RaftServer,group=group-25448342F732,id=93d22ed0-d31f-4f1b-9755-65cee8c397cb
2023-06-05 07:27:57,106 [93d22ed0-d31f-4f1b-9755-65cee8c397cb-impl-thread1] INFO  impl.RoleInfo (RoleInfo.java:shutdownLeaderState(93)) - 93d22ed0-d31f-4f1b-9755-65cee8c397cb: shutdown 93d22ed0-d31f-4f1b-9755-65cee8c397cb@group-25448342F732-LeaderStateImpl
2023-06-05 07:27:57,106 [93d22ed0-d31f-4f1b-9755-65cee8c397cb-impl-thread1] INFO  impl.PendingRequests (PendingRequests.java:sendNotLeaderResponses(289)) - 93d22ed0-d31f-4f1b-9755-65cee8c397cb@group-25448342F732-PendingRequests: sendNotLeaderResponses
2023-06-05 07:27:57,107 [93d22ed0-d31f-4f1b-9755-65cee8c397cb-impl-thread1] INFO  ha.SCMStateMachine (SCMStateMachine.java:notifyNotLeader(205)) - current leader SCM steps down.
2023-06-05 07:27:57,107 [93d22ed0-d31f-4f1b-9755-65cee8c397cb-impl-thread1] INFO  ha.SCMContext (SCMContext.java:updateLeaderAndTerm(99)) - update <isLeader,term> from <true,2> to <false,0>
2023-06-05 07:27:57,107 [93d22ed0-d31f-4f1b-9755-65cee8c397cb-impl-thread1] INFO  ha.SCMContext (SCMContext.java:updateLeaderAndTerm(106)) - update <isLeaderReady> from <false> to <false>
2023-06-05 07:27:57,107 [93d22ed0-d31f-4f1b-9755-65cee8c397cb-impl-thread1] INFO  BackgroundPipelineScrubber (BackgroundSCMService.java:notifyStatusChanged(88)) - Service BackgroundPipelineScrubber transitions to PAUSING.
2023-06-05 07:27:57,107 [93d22ed0-d31f-4f1b-9755-65cee8c397cb-impl-thread1] INFO  ExpiredContainerReplicaOpScrubber (BackgroundSCMService.java:notifyStatusChanged(88)) - Service ExpiredContainerReplicaOpScrubber transitions to PAUSING.
2023-06-05 07:27:57,107 [93d22ed0-d31f-4f1b-9755-65cee8c397cb-impl-thread1] INFO  SCMHATransactionMonitor (BackgroundSCMService.java:notifyStatusChanged(88)) - Service SCMHATransactionMonitor transitions to PAUSING.
2023-06-05 07:27:57,108 [93d22ed0-d31f-4f1b-9755-65cee8c397cb-impl-thread1] INFO  impl.StateMachineUpdater (StateMachineUpdater.java:stopAndJoin(155)) - 93d22ed0-d31f-4f1b-9755-65cee8c397cb@group-25448342F732-StateMachineUpdater: set stopIndex = 30
2023-06-05 07:27:57,110 [93d22ed0-d31f-4f1b-9755-65cee8c397cb@group-25448342F732-StateMachineUpdater] INFO  server.StorageContainerManager (StorageContainerManager.java:stop(1548)) - Storage Container Manager is not running.
2023-06-05 07:27:57,110 [93d22ed0-d31f-4f1b-9755-65cee8c397cb@group-25448342F732-StateMachineUpdater] INFO  server.StorageContainerManager (StorageContainerManager.java:stopReplicationManager(1690)) - Stopping Replication Manager Service.
2023-06-05 07:27:57,110 [93d22ed0-d31f-4f1b-9755-65cee8c397cb@group-25448342F732-StateMachineUpdater] INFO  replication.ReplicationManager (ReplicationManager.java:stop(342)) - Replication Monitor Thread is not running.
2023-06-05 07:27:57,110 [93d22ed0-d31f-4f1b-9755-65cee8c397cb@group-25448342F732-StateMachineUpdater] INFO  server.StorageContainerManager (ExitUtils.java:terminate(131)) - Terminating with exit status 0: scm statemachine is closed by ratis, terminate SCM
2023-06-05 07:27:57,110 [93d22ed0-d31f-4f1b-9755-65cee8c397cb@group-25448342F732-StateMachineUpdater] WARN  impl.StateMachineUpdater (StateMachineUpdater.java:stop(139)) - 93d22ed0-d31f-4f1b-9755-65cee8c397cb@group-25448342F732-StateMachineUpdater: Failed to close SCMStateMachine SCMStateMachine:93d22ed0-d31f-4f1b-9755-65cee8c397cb:group-25448342F732
org.apache.ratis.util.ExitUtils$ExitException: scm statemachine is closed by ratis, terminate SCM
	at org.apache.ratis.util.ExitUtils.terminate(ExitUtils.java:141)
	at org.apache.ratis.util.ExitUtils.terminate(ExitUtils.java:151)
	at org.apache.ratis.util.ExitUtils.terminate(ExitUtils.java:155)
	at org.apache.hadoop.hdds.scm.server.StorageContainerManager.shutDown(StorageContainerManager.java:1700)
	at org.apache.hadoop.hdds.scm.ha.SCMStateMachine.close(SCMStateMachine.java:423)
	at org.apache.ratis.server.impl.StateMachineUpdater.stop(StateMachineUpdater.java:134)
	at org.apache.ratis.server.impl.StateMachineUpdater.run(StateMachineUpdater.java:189)
	at java.lang.Thread.run(Thread.java:750)
2023-06-05 07:27:57,112 [main] INFO  server.GrpcService (GrpcService.java:closeImpl(320)) - 93d22ed0-d31f-4f1b-9755-65cee8c397cb: shutdown server GrpcServerProtocolService successfully
2023-06-05 07:27:57,113 [93d22ed0-d31f-4f1b-9755-65cee8c397cb-impl-thread1] INFO  server.RaftServer$Division (ServerState.java:close(472)) - 93d22ed0-d31f-4f1b-9755-65cee8c397cb@group-25448342F732: closes. applyIndex: 100
2023-06-05 07:27:57,661 [93d22ed0-d31f-4f1b-9755-65cee8c397cb-impl-thread1] INFO  segmented.SegmentedRaftLogWorker (SegmentedRaftLogWorker.java:close(252)) - 93d22ed0-d31f-4f1b-9755-65cee8c397cb@group-25448342F732-SegmentedRaftLogWorker close()
2023-06-05 07:27:57,661 [JvmPauseMonitor19] INFO  util.JvmPauseMonitor (JvmPauseMonitor.java:run(109)) - JvmPauseMonitor-93d22ed0-d31f-4f1b-9755-65cee8c397cb: Stopped
2023-06-05 07:27:57,666 [main] INFO  SCMHATransactionMonitor (BackgroundSCMService.java:stop(131)) - Stopping SCMHATransactionMonitor Service.
2023-06-05 07:27:57,666 [SCMHATransactionMonitorThread] WARN  SCMHATransactionMonitor (BackgroundSCMService.java:run(115)) - SCMHATransactionMonitor is interrupted, exit
2023-06-05 07:27:57,667 [main] INFO  pipeline.BackgroundPipelineCreator (BackgroundPipelineCreator.java:stop(149)) - Stopping RatisPipelineUtilsThread.
2023-06-05 07:27:57,667 [RatisPipelineUtilsThread - 0] WARN  pipeline.BackgroundPipelineCreator (BackgroundPipelineCreator.java:run(180)) - RatisPipelineUtilsThread is interrupted.
2023-06-05 07:27:57,667 [BackgroundPipelineScrubberThread] WARN  BackgroundPipelineScrubber (BackgroundSCMService.java:run(115)) - BackgroundPipelineScrubber is interrupted, exit
2023-06-05 07:27:57,667 [main] INFO  BackgroundPipelineScrubber (BackgroundSCMService.java:stop(131)) - Stopping BackgroundPipelineScrubber Service.
2023-06-05 07:27:57,667 [main] INFO  impl.MetricsSystemImpl (MetricsSystemImpl.java:stop(210)) - Stopping HddsDatanode metrics system...
2023-06-05 07:27:57,669 [prometheus] INFO  impl.MetricsSinkAdapter (MetricsSinkAdapter.java:publishMetricsFromQueue(141)) - prometheus thread interrupted.
2023-06-05 07:27:57,669 [main] INFO  impl.MetricsSystemImpl (MetricsSystemImpl.java:stop(216)) - HddsDatanode metrics system stopped.
2023-06-05 07:27:57,669 [main] WARN  pipeline.BackgroundPipelineCreator (BackgroundPipelineCreator.java:stop(145)) - RatisPipelineUtilsThread is not running, just ignore.
2023-06-05 07:27:57,670 [main] INFO  BackgroundPipelineScrubber (BackgroundSCMService.java:stop(126)) - BackgroundPipelineScrubber Service is not running, skip stop.
2023-06-05 07:27:57,670 [main] INFO  ExpiredContainerReplicaOpScrubber (BackgroundSCMService.java:stop(131)) - Stopping ExpiredContainerReplicaOpScrubber Service.
2023-06-05 07:27:57,670 [ExpiredContainerReplicaOpScrubberThread] WARN  ExpiredContainerReplicaOpScrubber (BackgroundSCMService.java:run(115)) - ExpiredContainerReplicaOpScrubber is interrupted, exit
2023-06-05 07:27:57,670 [main] INFO  utils.BackgroundService (BackgroundService.java:shutdown(141)) - Shutting down service SCMBlockDeletingService
2023-06-05 07:27:57,670 [main] INFO  replication.ReplicationManager (ReplicationManager.java:stop(342)) - Replication Monitor Thread is not running.
2023-06-05 07:27:57,670 [main] WARN  balancer.ContainerBalancer (ContainerBalancer.java:stop(328)) - Cannot stop Container Balancer because it's not running or stopping
2023-06-05 07:27:57,670 [main] INFO  SCMHATransactionMonitor (BackgroundSCMService.java:stop(126)) - SCMHATransactionMonitor Service is not running, skip stop.
2023-06-05 07:27:57,670 [Lease Manager-LeaseManager#LeaseMonitor] WARN  lease.LeaseManager (LeaseManager.java:run(272)) - Lease manager is interrupted. Shutting down...
java.lang.InterruptedException
	at java.util.concurrent.locks.AbstractQueuedSynchronizer.doAcquireSharedNanos(AbstractQueuedSynchronizer.java:1039)
	at java.util.concurrent.locks.AbstractQueuedSynchronizer.tryAcquireSharedNanos(AbstractQueuedSynchronizer.java:1328)
	at java.util.concurrent.Semaphore.tryAcquire(Semaphore.java:409)
	at org.apache.hadoop.ozone.lease.LeaseManager$LeaseMonitor.run(LeaseManager.java:270)
	at java.lang.Thread.run(Thread.java:750)
2023-06-05 07:27:57,670 [main] INFO  server.StorageContainerManager (StorageContainerManager.java:stop(1681)) - Stopping SCM MetadataStore.
]]></system-out>
    </rerunFailure>
    <rerunFailure type="java.lang.AssertionError">
      <stackTrace><![CDATA[java.lang.AssertionError: Found 4 leaked objects, check logs
	at org.apache.hadoop.hdds.utils.db.CodecBuffer.assertNoLeaks(CodecBuffer.java:101)
	at org.apache.hadoop.ozone.MiniOzoneClusterImpl.shutdown(MiniOzoneClusterImpl.java:451)
	at org.apache.hadoop.hdds.scm.TestSCMInstallSnapshot.shutdown(TestSCMInstallSnapshot.java:80)
	at sun.reflect.NativeMethodAccessorImpl.invoke0(Native Method)
	at sun.reflect.NativeMethodAccessorImpl.invoke(NativeMethodAccessorImpl.java:62)
	at sun.reflect.DelegatingMethodAccessorImpl.invoke(DelegatingMethodAccessorImpl.java:43)
	at java.lang.reflect.Method.invoke(Method.java:498)
	at org.junit.platform.commons.util.ReflectionUtils.invokeMethod(ReflectionUtils.java:725)
	at org.junit.jupiter.engine.execution.MethodInvocation.proceed(MethodInvocation.java:60)
	at org.junit.jupiter.engine.execution.InvocationInterceptorChain$ValidatingInvocation.proceed(InvocationInterceptorChain.java:131)
	at org.junit.jupiter.engine.extension.TimeoutExtension.intercept(TimeoutExtension.java:149)
	at org.junit.jupiter.engine.extension.TimeoutExtension.interceptLifecycleMethod(TimeoutExtension.java:126)
	at org.junit.jupiter.engine.extension.TimeoutExtension.interceptAfterAllMethod(TimeoutExtension.java:116)
	at org.junit.jupiter.engine.execution.ExecutableInvoker$ReflectiveInterceptorCall.lambda$ofVoidMethod$0(ExecutableInvoker.java:115)
	at org.junit.jupiter.engine.execution.ExecutableInvoker.lambda$invoke$0(ExecutableInvoker.java:105)
	at org.junit.jupiter.engine.execution.InvocationInterceptorChain$InterceptedInvocation.proceed(InvocationInterceptorChain.java:106)
	at org.junit.jupiter.engine.execution.InvocationInterceptorChain.proceed(InvocationInterceptorChain.java:64)
	at org.junit.jupiter.engine.execution.InvocationInterceptorChain.chainAndInvoke(InvocationInterceptorChain.java:45)
	at org.junit.jupiter.engine.execution.InvocationInterceptorChain.invoke(InvocationInterceptorChain.java:37)
	at org.junit.jupiter.engine.execution.ExecutableInvoker.invoke(ExecutableInvoker.java:104)
	at org.junit.jupiter.engine.execution.ExecutableInvoker.invoke(ExecutableInvoker.java:98)
	at org.junit.jupiter.engine.descriptor.ClassBasedTestDescriptor.lambda$invokeAfterAllMethods$13(ClassBasedTestDescriptor.java:425)
	at org.junit.platform.engine.support.hierarchical.ThrowableCollector.execute(ThrowableCollector.java:73)
	at org.junit.jupiter.engine.descriptor.ClassBasedTestDescriptor.lambda$invokeAfterAllMethods$14(ClassBasedTestDescriptor.java:423)
	at java.util.ArrayList.forEach(ArrayList.java:1259)
	at java.util.Collections$UnmodifiableCollection.forEach(Collections.java:1082)
	at org.junit.jupiter.engine.descriptor.ClassBasedTestDescriptor.invokeAfterAllMethods(ClassBasedTestDescriptor.java:423)
	at org.junit.jupiter.engine.descriptor.ClassBasedTestDescriptor.after(ClassBasedTestDescriptor.java:225)
	at org.junit.jupiter.engine.descriptor.ClassBasedTestDescriptor.after(ClassBasedTestDescriptor.java:80)
	at org.junit.platform.engine.support.hierarchical.NodeTestTask.lambda$executeRecursively$7(NodeTestTask.java:161)
	at org.junit.platform.engine.support.hierarchical.ThrowableCollector.execute(ThrowableCollector.java:73)
	at org.junit.platform.engine.support.hierarchical.NodeTestTask.lambda$executeRecursively$8(NodeTestTask.java:161)
	at org.junit.platform.engine.support.hierarchical.Node.around(Node.java:137)
	at org.junit.platform.engine.support.hierarchical.NodeTestTask.lambda$executeRecursively$9(NodeTestTask.java:139)
	at org.junit.platform.engine.support.hierarchical.ThrowableCollector.execute(ThrowableCollector.java:73)
	at org.junit.platform.engine.support.hierarchical.NodeTestTask.executeRecursively(NodeTestTask.java:138)
	at org.junit.platform.engine.support.hierarchical.NodeTestTask.execute(NodeTestTask.java:95)
	at java.util.ArrayList.forEach(ArrayList.java:1259)
	at org.junit.platform.engine.support.hierarchical.SameThreadHierarchicalTestExecutorService.invokeAll(SameThreadHierarchicalTestExecutorService.java:41)
	at org.junit.platform.engine.support.hierarchical.NodeTestTask.lambda$executeRecursively$6(NodeTestTask.java:155)
	at org.junit.platform.engine.support.hierarchical.ThrowableCollector.execute(ThrowableCollector.java:73)
	at org.junit.platform.engine.support.hierarchical.NodeTestTask.lambda$executeRecursively$8(NodeTestTask.java:141)
	at org.junit.platform.engine.support.hierarchical.Node.around(Node.java:137)
	at org.junit.platform.engine.support.hierarchical.NodeTestTask.lambda$executeRecursively$9(NodeTestTask.java:139)
	at org.junit.platform.engine.support.hierarchical.ThrowableCollector.execute(ThrowableCollector.java:73)
	at org.junit.platform.engine.support.hierarchical.NodeTestTask.executeRecursively(NodeTestTask.java:138)
	at org.junit.platform.engine.support.hierarchical.NodeTestTask.execute(NodeTestTask.java:95)
	at org.junit.platform.engine.support.hierarchical.SameThreadHierarchicalTestExecutorService.submit(SameThreadHierarchicalTestExecutorService.java:35)
	at org.junit.platform.engine.support.hierarchical.HierarchicalTestExecutor.execute(HierarchicalTestExecutor.java:57)
	at org.junit.platform.engine.support.hierarchical.HierarchicalTestEngine.execute(HierarchicalTestEngine.java:54)
	at org.junit.platform.launcher.core.EngineExecutionOrchestrator.execute(EngineExecutionOrchestrator.java:107)
	at org.junit.platform.launcher.core.EngineExecutionOrchestrator.execute(EngineExecutionOrchestrator.java:88)
	at org.junit.platform.launcher.core.EngineExecutionOrchestrator.lambda$execute$0(EngineExecutionOrchestrator.java:54)
	at org.junit.platform.launcher.core.EngineExecutionOrchestrator.withInterceptedStreams(EngineExecutionOrchestrator.java:67)
	at org.junit.platform.launcher.core.EngineExecutionOrchestrator.execute(EngineExecutionOrchestrator.java:52)
	at org.junit.platform.launcher.core.DefaultLauncher.execute(DefaultLauncher.java:114)
	at org.junit.platform.launcher.core.DefaultLauncher.execute(DefaultLauncher.java:86)
	at org.junit.platform.launcher.core.DefaultLauncherSession$DelegatingLauncher.execute(DefaultLauncherSession.java:86)
	at org.junit.platform.launcher.core.SessionPerRequestLauncher.execute(SessionPerRequestLauncher.java:53)
	at org.apache.maven.surefire.junitplatform.JUnitPlatformProvider.invokeAllTests(JUnitPlatformProvider.java:165)
	at org.apache.maven.surefire.junitplatform.JUnitPlatformProvider.invoke(JUnitPlatformProvider.java:124)
	at org.apache.maven.surefire.booter.ForkedBooter.runSuitesInProcess(ForkedBooter.java:428)
	at org.apache.maven.surefire.booter.ForkedBooter.execute(ForkedBooter.java:162)
	at org.apache.maven.surefire.booter.ForkedBooter.run(ForkedBooter.java:562)
	at org.apache.maven.surefire.booter.ForkedBooter.main(ForkedBooter.java:548)
]]></stackTrace>
      <system-out><![CDATA[2023-06-05 07:28:24,347 [main] INFO  ozone.MiniOzoneClusterImpl (MiniOzoneClusterImpl.java:shutdown(442)) - Shutting down the Mini Ozone Cluster
2023-06-05 07:28:24,347 [main] INFO  ozone.MiniOzoneClusterImpl (MiniOzoneClusterImpl.java:stop(459)) - Stopping the Mini Ozone Cluster
2023-06-05 07:28:24,347 [main] INFO  ozone.MiniOzoneClusterImpl (MiniOzoneClusterImpl.java:stopOM(545)) - Stopping the OzoneManager
2023-06-05 07:28:24,347 [main] INFO  om.OzoneManager (OzoneManager.java:stop(2165)) - om1[localhost:15144]: Stopping Ozone Manager
2023-06-05 07:28:24,348 [main] INFO  ipc.Server (Server.java:stop(3501)) - Stopping server on 15144
2023-06-05 07:28:24,350 [IPC Server listener on 15144] INFO  ipc.Server (Server.java:run(1430)) - Stopping IPC Server listener on 15144
2023-06-05 07:28:24,358 [IPC Server Responder] INFO  ipc.Server (Server.java:run(1563)) - Stopping IPC Server Responder
2023-06-05 07:28:24,359 [main] INFO  server.RaftServer (RaftServerProxy.java:lambda$close$6(416)) - om1: close
2023-06-05 07:28:24,359 [om1-impl-thread1] INFO  server.RaftServer$Division (RaftServerImpl.java:lambda$close$4(466)) - om1@group-C5BA1605619E: shutdown
2023-06-05 07:28:24,359 [om1-impl-thread1] INFO  util.JmxRegister (JmxRegister.java:unregister(73)) - Successfully un-registered JMX Bean with object name Ratis:service=RaftServer,group=group-C5BA1605619E,id=om1
2023-06-05 07:28:24,359 [om1-impl-thread1] INFO  impl.RoleInfo (RoleInfo.java:shutdownLeaderState(93)) - om1: shutdown om1@group-C5BA1605619E-LeaderStateImpl
2023-06-05 07:28:24,359 [om1-impl-thread1] INFO  impl.PendingRequests (PendingRequests.java:sendNotLeaderResponses(289)) - om1@group-C5BA1605619E-PendingRequests: sendNotLeaderResponses
2023-06-05 07:28:24,359 [main] INFO  server.GrpcService (GrpcService.java:closeImpl(311)) - om1: shutdown server GrpcServerProtocolService now
2023-06-05 07:28:24,360 [om1-impl-thread1] INFO  impl.StateMachineUpdater (StateMachineUpdater.java:stopAndJoin(155)) - om1@group-C5BA1605619E-StateMachineUpdater: set stopIndex = 0
2023-06-05 07:28:24,362 [om1@group-C5BA1605619E-StateMachineUpdater] INFO  ratis.OzoneManagerStateMachine (OzoneManagerStateMachine.java:takeSnapshot(479)) - Current Snapshot Index (t:1, i:0)
2023-06-05 07:28:24,363 [main] INFO  server.GrpcService (GrpcService.java:closeImpl(320)) - om1: shutdown server GrpcServerProtocolService successfully
2023-06-05 07:28:24,770 [JvmPauseMonitor25] WARN  util.JvmPauseMonitor (JvmPauseMonitor.java:detectPause(124)) - JvmPauseMonitor-42128666-2452-445b-986a-5f6e8498da45: Detected pause in JVM or host machine approximately 0.139s with 0.394s GC time.
GC pool 'PS MarkSweep' had collection(s): count=1 time=220ms
GC pool 'PS Scavenge' had collection(s): count=1 time=174ms
2023-06-05 07:28:24,770 [JvmPauseMonitor27] WARN  util.JvmPauseMonitor (JvmPauseMonitor.java:detectPause(124)) - JvmPauseMonitor-73d07809-7906-4bce-abb4-6971fd1c4030: Detected pause in JVM or host machine approximately 0.268s with 0.394s GC time.
GC pool 'PS MarkSweep' had collection(s): count=1 time=220ms
GC pool 'PS Scavenge' had collection(s): count=1 time=174ms
2023-06-05 07:28:24,770 [JvmPauseMonitor26] WARN  util.JvmPauseMonitor (JvmPauseMonitor.java:detectPause(124)) - JvmPauseMonitor-om1: Detected pause in JVM or host machine approximately 0.244s with 0.394s GC time.
GC pool 'PS MarkSweep' had collection(s): count=1 time=220ms
GC pool 'PS Scavenge' had collection(s): count=1 time=174ms
2023-06-05 07:28:24,793 [om1@group-C5BA1605619E-StateMachineUpdater] INFO  impl.StateMachineUpdater (StateMachineUpdater.java:takeSnapshot(291)) - om1@group-C5BA1605619E-StateMachineUpdater: Took a snapshot at index 0
2023-06-05 07:28:24,793 [om1@group-C5BA1605619E-StateMachineUpdater] INFO  impl.StateMachineUpdater (StateMachineUpdater.java:lambda$new$0(97)) - om1@group-C5BA1605619E-StateMachineUpdater: snapshotIndex: updateIncreasingly -1 -> 0
2023-06-05 07:28:24,793 [om1@group-C5BA1605619E-StateMachineUpdater] INFO  ratis.OzoneManagerStateMachine (OzoneManagerStateMachine.java:close(533)) - StateMachine has shutdown. Shutdown OzoneManager if not already shutdown.
2023-06-05 07:28:24,793 [om1@group-C5BA1605619E-StateMachineUpdater] INFO  ratis.OzoneManagerDoubleBuffer (OzoneManagerDoubleBuffer.java:stopDaemon(559)) - Stopping OMDoubleBuffer flush thread
2023-06-05 07:28:24,793 [OMDoubleBufferFlushThread] INFO  ratis.OzoneManagerDoubleBuffer (OzoneManagerDoubleBuffer.java:canFlush(648)) - OMDoubleBuffer flush thread OMDoubleBufferFlushThread is interrupted and will exit.
2023-06-05 07:28:24,795 [om1-impl-thread1] INFO  server.RaftServer$Division (ServerState.java:close(472)) - om1@group-C5BA1605619E: closes. applyIndex: 0
2023-06-05 07:28:25,108 [om1-impl-thread1] INFO  segmented.SegmentedRaftLogWorker (SegmentedRaftLogWorker.java:close(252)) - om1@group-C5BA1605619E-SegmentedRaftLogWorker close()
2023-06-05 07:28:25,109 [JvmPauseMonitor26] INFO  util.JvmPauseMonitor (JvmPauseMonitor.java:run(109)) - JvmPauseMonitor-om1: Stopped
2023-06-05 07:28:25,109 [main] INFO  ratis.OzoneManagerStateMachine (OzoneManagerStateMachine.java:close(533)) - StateMachine has shutdown. Shutdown OzoneManager if not already shutdown.
2023-06-05 07:28:25,109 [main] INFO  ratis.OzoneManagerDoubleBuffer (OzoneManagerDoubleBuffer.java:stopDaemon(568)) - OMDoubleBuffer flush thread is not running.
2023-06-05 07:28:25,110 [main] INFO  utils.BackgroundService (BackgroundService.java:shutdown(141)) - Shutting down service KeyDeletingService
2023-06-05 07:28:25,110 [main] INFO  utils.BackgroundService (BackgroundService.java:shutdown(141)) - Shutting down service KeyDeletingService
2023-06-05 07:28:25,111 [main] INFO  utils.BackgroundService (BackgroundService.java:shutdown(141)) - Shutting down service OpenKeyCleanupService
2023-06-05 07:28:25,111 [main] INFO  utils.BackgroundService (BackgroundService.java:shutdown(141)) - Shutting down service SstFilteringService
2023-06-05 07:28:25,111 [main] INFO  utils.BackgroundService (BackgroundService.java:shutdown(141)) - Shutting down service SnapshotDeletingService
2023-06-05 07:28:25,112 [main] INFO  handler.ContextHandler (ContextHandler.java:doStop(1159)) - Stopped o.e.j.w.WebAppContext@95a7391{ozoneManager,/,null,STOPPED}{file:/home/runner/work/ozone/ozone/hadoop-ozone/integration-test/target/test-classes/webapps/ozoneManager}
2023-06-05 07:28:25,113 [main] INFO  server.AbstractConnector (AbstractConnector.java:doStop(383)) - Stopped ServerConnector@724e8fba{HTTP/1.1, (http/1.1)}{0.0.0.0:15145}
2023-06-05 07:28:25,113 [main] INFO  server.session (HouseKeeper.java:stopScavenging(149)) - node0 Stopped scavenging
2023-06-05 07:28:25,113 [main] INFO  handler.ContextHandler (ContextHandler.java:doStop(1159)) - Stopped o.e.j.s.ServletContextHandler@3d7081f4{static,/static,file:///home/runner/work/ozone/ozone/hadoop-ozone/integration-test/target/test-classes/webapps/static,STOPPED}
2023-06-05 07:28:25,114 [main] INFO  handler.ContextHandler (ContextHandler.java:doStop(1159)) - Stopped o.e.j.s.ServletContextHandler@66452ea7{logs,/logs,file:///home/runner/work/ozone/ozone/hadoop-ozone/integration-test/target/log,STOPPED}
2023-06-05 07:28:25,116 [main] INFO  snapshot.SnapshotDiffManager (SnapshotDiffManager.java:closeExecutorService(1278)) - Shutting down executorService: 'SnapDiffExecutor'
2023-06-05 07:28:25,117 [main] INFO  utils.BackgroundService (BackgroundService.java:shutdown(141)) - Shutting down service SnapshotDiffCleanupService
2023-06-05 07:28:25,117 [main] INFO  ozone.MiniOzoneClusterImpl (MiniOzoneClusterImpl.java:stopDatanodes(522)) - Stopping the HddsDatanodes
2023-06-05 07:28:25,121 [main] INFO  ozoneimpl.OzoneContainer (OzoneContainer.java:stop(420)) - Attempting to stop container services.
2023-06-05 07:28:25,122 [main] INFO  server.RaftServer (RaftServerProxy.java:lambda$close$6(416)) - 20d54da2-4483-44f5-888c-548fcf038ce8: close
2023-06-05 07:28:25,122 [20d54da2-4483-44f5-888c-548fcf038ce8-impl-thread1] INFO  server.RaftServer$Division (RaftServerImpl.java:lambda$close$4(466)) - 20d54da2-4483-44f5-888c-548fcf038ce8@group-E1DF585446A3: shutdown
2023-06-05 07:28:25,123 [20d54da2-4483-44f5-888c-548fcf038ce8-impl-thread1] INFO  util.JmxRegister (JmxRegister.java:unregister(73)) - Successfully un-registered JMX Bean with object name Ratis:service=RaftServer,group=group-E1DF585446A3,id=20d54da2-4483-44f5-888c-548fcf038ce8
2023-06-05 07:28:25,123 [20d54da2-4483-44f5-888c-548fcf038ce8-impl-thread1] INFO  impl.RoleInfo (RoleInfo.java:shutdownFollowerState(110)) - 20d54da2-4483-44f5-888c-548fcf038ce8: shutdown 20d54da2-4483-44f5-888c-548fcf038ce8@group-E1DF585446A3-FollowerState
2023-06-05 07:28:25,123 [20d54da2-4483-44f5-888c-548fcf038ce8-impl-thread2] INFO  server.RaftServer$Division (RaftServerImpl.java:lambda$close$4(466)) - 20d54da2-4483-44f5-888c-548fcf038ce8@group-A22FDDA73B6C: shutdown
2023-06-05 07:28:25,123 [20d54da2-4483-44f5-888c-548fcf038ce8-impl-thread2] INFO  util.JmxRegister (JmxRegister.java:unregister(73)) - Successfully un-registered JMX Bean with object name Ratis:service=RaftServer,group=group-A22FDDA73B6C,id=20d54da2-4483-44f5-888c-548fcf038ce8
2023-06-05 07:28:25,123 [20d54da2-4483-44f5-888c-548fcf038ce8-impl-thread2] INFO  impl.RoleInfo (RoleInfo.java:shutdownFollowerState(110)) - 20d54da2-4483-44f5-888c-548fcf038ce8: shutdown 20d54da2-4483-44f5-888c-548fcf038ce8@group-A22FDDA73B6C-FollowerState
2023-06-05 07:28:25,123 [main] INFO  server.GrpcService (GrpcService.java:closeImpl(311)) - 20d54da2-4483-44f5-888c-548fcf038ce8: shutdown server org.apache.ratis.grpc.server.GrpcClientProtocolService now
2023-06-05 07:28:25,123 [20d54da2-4483-44f5-888c-548fcf038ce8-impl-thread2] INFO  impl.StateMachineUpdater (StateMachineUpdater.java:stopAndJoin(155)) - 20d54da2-4483-44f5-888c-548fcf038ce8@group-A22FDDA73B6C-StateMachineUpdater: set stopIndex = -1
2023-06-05 07:28:25,123 [20d54da2-4483-44f5-888c-548fcf038ce8-impl-thread2] INFO  server.RaftServer$Division (ServerState.java:close(472)) - 20d54da2-4483-44f5-888c-548fcf038ce8@group-A22FDDA73B6C: closes. applyIndex: -1
2023-06-05 07:28:25,124 [ForkJoinPool.commonPool-worker-2] INFO  ozoneimpl.OzoneContainer (OzoneContainer.java:stop(420)) - Attempting to stop container services.
2023-06-05 07:28:25,124 [20d54da2-4483-44f5-888c-548fcf038ce8@group-A22FDDA73B6C-FollowerState] INFO  impl.FollowerState (FollowerState.java:run(152)) - 20d54da2-4483-44f5-888c-548fcf038ce8@group-A22FDDA73B6C-FollowerState was interrupted
2023-06-05 07:28:25,124 [20d54da2-4483-44f5-888c-548fcf038ce8-impl-thread1] INFO  impl.StateMachineUpdater (StateMachineUpdater.java:stopAndJoin(155)) - 20d54da2-4483-44f5-888c-548fcf038ce8@group-E1DF585446A3-StateMachineUpdater: set stopIndex = -1
2023-06-05 07:28:25,124 [20d54da2-4483-44f5-888c-548fcf038ce8@group-E1DF585446A3-FollowerState] INFO  impl.FollowerState (FollowerState.java:run(152)) - 20d54da2-4483-44f5-888c-548fcf038ce8@group-E1DF585446A3-FollowerState was interrupted
2023-06-05 07:28:25,124 [20d54da2-4483-44f5-888c-548fcf038ce8-impl-thread1] INFO  server.RaftServer$Division (ServerState.java:close(472)) - 20d54da2-4483-44f5-888c-548fcf038ce8@group-E1DF585446A3: closes. applyIndex: -1
2023-06-05 07:28:25,124 [20d54da2-4483-44f5-888c-548fcf038ce8-impl-thread3] INFO  server.RaftServer$Division (RaftServerImpl.java:lambda$close$4(466)) - 20d54da2-4483-44f5-888c-548fcf038ce8@group-36A97B7D99D4: shutdown
2023-06-05 07:28:25,124 [20d54da2-4483-44f5-888c-548fcf038ce8-impl-thread3] INFO  util.JmxRegister (JmxRegister.java:unregister(73)) - Successfully un-registered JMX Bean with object name Ratis:service=RaftServer,group=group-36A97B7D99D4,id=20d54da2-4483-44f5-888c-548fcf038ce8
2023-06-05 07:28:25,124 [20d54da2-4483-44f5-888c-548fcf038ce8-impl-thread3] INFO  impl.RoleInfo (RoleInfo.java:shutdownLeaderState(93)) - 20d54da2-4483-44f5-888c-548fcf038ce8: shutdown 20d54da2-4483-44f5-888c-548fcf038ce8@group-36A97B7D99D4-LeaderStateImpl
2023-06-05 07:28:25,125 [20d54da2-4483-44f5-888c-548fcf038ce8-impl-thread3] INFO  impl.PendingRequests (PendingRequests.java:sendNotLeaderResponses(289)) - 20d54da2-4483-44f5-888c-548fcf038ce8@group-36A97B7D99D4-PendingRequests: sendNotLeaderResponses
2023-06-05 07:28:25,125 [20d54da2-4483-44f5-888c-548fcf038ce8-impl-thread3] INFO  impl.StateMachineUpdater (StateMachineUpdater.java:stopAndJoin(155)) - 20d54da2-4483-44f5-888c-548fcf038ce8@group-36A97B7D99D4-StateMachineUpdater: set stopIndex = 0
2023-06-05 07:28:25,125 [20d54da2-4483-44f5-888c-548fcf038ce8@group-36A97B7D99D4-StateMachineUpdater] INFO  ratis.ContainerStateMachine (ContainerStateMachine.java:takeSnapshot(330)) - group-36A97B7D99D4: Taking a snapshot at:(t:1, i:0) file /home/runner/work/ozone/ozone/hadoop-ozone/integration-test/target/test-dir/MiniOzoneClusterImpl-cad817a0-727a-4fc1-9d60-5b0b38d18537/datanode-1/data/ratis/e709879d-31df-4728-8a7f-36a97b7d99d4/sm/snapshot.1_0
2023-06-05 07:28:25,127 [20d54da2-4483-44f5-888c-548fcf038ce8@group-36A97B7D99D4-StateMachineUpdater] INFO  ratis.ContainerStateMachine (ContainerStateMachine.java:takeSnapshot(341)) - group-36A97B7D99D4: Finished taking a snapshot at:(t:1, i:0) file:/home/runner/work/ozone/ozone/hadoop-ozone/integration-test/target/test-dir/MiniOzoneClusterImpl-cad817a0-727a-4fc1-9d60-5b0b38d18537/datanode-1/data/ratis/e709879d-31df-4728-8a7f-36a97b7d99d4/sm/snapshot.1_0 took: 1 ms
2023-06-05 07:28:25,127 [20d54da2-4483-44f5-888c-548fcf038ce8@group-36A97B7D99D4-StateMachineUpdater] INFO  impl.StateMachineUpdater (StateMachineUpdater.java:takeSnapshot(291)) - 20d54da2-4483-44f5-888c-548fcf038ce8@group-36A97B7D99D4-StateMachineUpdater: Took a snapshot at index 0
2023-06-05 07:28:25,127 [20d54da2-4483-44f5-888c-548fcf038ce8@group-36A97B7D99D4-StateMachineUpdater] INFO  impl.StateMachineUpdater (StateMachineUpdater.java:lambda$new$0(97)) - 20d54da2-4483-44f5-888c-548fcf038ce8@group-36A97B7D99D4-StateMachineUpdater: snapshotIndex: updateIncreasingly -1 -> 0
2023-06-05 07:28:25,127 [20d54da2-4483-44f5-888c-548fcf038ce8-impl-thread3] INFO  server.RaftServer$Division (ServerState.java:close(472)) - 20d54da2-4483-44f5-888c-548fcf038ce8@group-36A97B7D99D4: closes. applyIndex: 0
2023-06-05 07:28:25,127 [Thread-2278] INFO  server.GrpcServerProtocolClient (GrpcServerProtocolClient.java:close(103)) - 31d7c592-0aff-4587-bd82-05461cb6bf78 Close channels
2023-06-05 07:28:25,127 [Thread-2279] INFO  server.GrpcServerProtocolClient (GrpcServerProtocolClient.java:close(103)) - 73d07809-7906-4bce-abb4-6971fd1c4030 Close channels
2023-06-05 07:28:25,129 [ForkJoinPool.commonPool-worker-2] INFO  server.RaftServer (RaftServerProxy.java:lambda$close$6(416)) - 73d07809-7906-4bce-abb4-6971fd1c4030: close
2023-06-05 07:28:25,129 [73d07809-7906-4bce-abb4-6971fd1c4030-impl-thread1] INFO  server.RaftServer$Division (RaftServerImpl.java:lambda$close$4(466)) - 73d07809-7906-4bce-abb4-6971fd1c4030@group-E1DF585446A3: shutdown
2023-06-05 07:28:25,129 [73d07809-7906-4bce-abb4-6971fd1c4030-impl-thread1] INFO  util.JmxRegister (JmxRegister.java:unregister(73)) - Successfully un-registered JMX Bean with object name Ratis:service=RaftServer,group=group-E1DF585446A3,id=73d07809-7906-4bce-abb4-6971fd1c4030
2023-06-05 07:28:25,129 [73d07809-7906-4bce-abb4-6971fd1c4030-impl-thread1] INFO  impl.RoleInfo (RoleInfo.java:shutdownFollowerState(110)) - 73d07809-7906-4bce-abb4-6971fd1c4030: shutdown 73d07809-7906-4bce-abb4-6971fd1c4030@group-E1DF585446A3-FollowerState
2023-06-05 07:28:25,130 [73d07809-7906-4bce-abb4-6971fd1c4030-impl-thread2] INFO  server.RaftServer$Division (RaftServerImpl.java:lambda$close$4(466)) - 73d07809-7906-4bce-abb4-6971fd1c4030@group-A22FDDA73B6C: shutdown
2023-06-05 07:28:25,130 [73d07809-7906-4bce-abb4-6971fd1c4030-impl-thread2] INFO  util.JmxRegister (JmxRegister.java:unregister(73)) - Successfully un-registered JMX Bean with object name Ratis:service=RaftServer,group=group-A22FDDA73B6C,id=73d07809-7906-4bce-abb4-6971fd1c4030
2023-06-05 07:28:25,130 [73d07809-7906-4bce-abb4-6971fd1c4030-impl-thread2] INFO  impl.RoleInfo (RoleInfo.java:shutdownLeaderState(93)) - 73d07809-7906-4bce-abb4-6971fd1c4030: shutdown 73d07809-7906-4bce-abb4-6971fd1c4030@group-A22FDDA73B6C-LeaderStateImpl
2023-06-05 07:28:25,132 [ForkJoinPool.commonPool-worker-2] INFO  server.GrpcService (GrpcService.java:closeImpl(311)) - 73d07809-7906-4bce-abb4-6971fd1c4030: shutdown server org.apache.ratis.grpc.server.GrpcClientProtocolService now
2023-06-05 07:28:25,139 [main] INFO  server.GrpcService (GrpcService.java:closeImpl(320)) - 20d54da2-4483-44f5-888c-548fcf038ce8: shutdown server org.apache.ratis.grpc.server.GrpcClientProtocolService successfully
2023-06-05 07:28:25,139 [main] INFO  server.GrpcService (GrpcService.java:closeImpl(311)) - 20d54da2-4483-44f5-888c-548fcf038ce8: shutdown server GrpcServerProtocolService now
2023-06-05 07:28:25,139 [73d07809-7906-4bce-abb4-6971fd1c4030-impl-thread3] INFO  server.RaftServer$Division (RaftServerImpl.java:lambda$close$4(466)) - 73d07809-7906-4bce-abb4-6971fd1c4030@group-36258861E080: shutdown
2023-06-05 07:28:25,142 [73d07809-7906-4bce-abb4-6971fd1c4030-impl-thread3] INFO  util.JmxRegister (JmxRegister.java:unregister(73)) - Successfully un-registered JMX Bean with object name Ratis:service=RaftServer,group=group-36258861E080,id=73d07809-7906-4bce-abb4-6971fd1c4030
2023-06-05 07:28:25,142 [73d07809-7906-4bce-abb4-6971fd1c4030-impl-thread3] INFO  impl.RoleInfo (RoleInfo.java:shutdownLeaderState(93)) - 73d07809-7906-4bce-abb4-6971fd1c4030: shutdown 73d07809-7906-4bce-abb4-6971fd1c4030@group-36258861E080-LeaderStateImpl
2023-06-05 07:28:25,142 [grpc-default-executor-8] WARN  server.GrpcServerProtocolService (LogUtils.java:warn(122)) - 20d54da2-4483-44f5-888c-548fcf038ce8: APPEND_ENTRIES onError, lastRequest: null: org.apache.ratis.thirdparty.io.grpc.StatusRuntimeException: CANCELLED: client cancelled
2023-06-05 07:28:25,142 [grpc-default-executor-7] WARN  server.GrpcServerProtocolService (LogUtils.java:warn(122)) - 20d54da2-4483-44f5-888c-548fcf038ce8: APPEND_ENTRIES onError, lastRequest: 73d07809-7906-4bce-abb4-6971fd1c4030->20d54da2-4483-44f5-888c-548fcf038ce8#1-t1,previous=(t:0, i:0),leaderCommit=-1,initializing? true,entries: size=1, first=(t:1, i:0), CONFIGURATIONENTRY(current:id: "31d7c592-0aff-4587-bd82-05461cb6bf78"
address: "10.1.0.81:15172"
dataStreamAddress: "10.1.0.81:15173"
clientAddress: "10.1.0.81:15170"
adminAddress: "10.1.0.81:15171"
startupRole: FOLLOWER
,id: "73d07809-7906-4bce-abb4-6971fd1c4030"
address: "10.1.0.81:15154"
priority: 1
dataStreamAddress: "10.1.0.81:15155"
clientAddress: "10.1.0.81:15152"
adminAddress: "10.1.0.81:15153"
startupRole: FOLLOWER
,id: "20d54da2-4483-44f5-888c-548fcf038ce8"
address: "10.1.0.81:15163"
dataStreamAddress: "10.1.0.81:15164"
clientAddress: "10.1.0.81:15161"
adminAddress: "10.1.0.81:15162"
startupRole: FOLLOWER
, old:): org.apache.ratis.thirdparty.io.grpc.StatusRuntimeException: CANCELLED: client cancelled
2023-06-05 07:28:25,139 [73d07809-7906-4bce-abb4-6971fd1c4030@group-E1DF585446A3-FollowerState] INFO  impl.FollowerState (FollowerState.java:run(152)) - 73d07809-7906-4bce-abb4-6971fd1c4030@group-E1DF585446A3-FollowerState was interrupted
2023-06-05 07:28:25,139 [73d07809-7906-4bce-abb4-6971fd1c4030-impl-thread1] INFO  impl.StateMachineUpdater (StateMachineUpdater.java:stopAndJoin(155)) - 73d07809-7906-4bce-abb4-6971fd1c4030@group-E1DF585446A3-StateMachineUpdater: set stopIndex = -1
2023-06-05 07:28:25,142 [73d07809-7906-4bce-abb4-6971fd1c4030-impl-thread3] INFO  impl.PendingRequests (PendingRequests.java:sendNotLeaderResponses(289)) - 73d07809-7906-4bce-abb4-6971fd1c4030@group-36258861E080-PendingRequests: sendNotLeaderResponses
2023-06-05 07:28:25,141 [grpc-default-executor-5] WARN  server.GrpcLogAppender (LogUtils.java:warn(122)) - 31d7c592-0aff-4587-bd82-05461cb6bf78@group-E1DF585446A3->20d54da2-4483-44f5-888c-548fcf038ce8-AppendLogResponseHandler: Failed appendEntries: org.apache.ratis.thirdparty.io.grpc.StatusRuntimeException: CANCELLED: RST_STREAM closed stream. HTTP/2 error code: CANCEL
2023-06-05 07:28:25,143 [grpc-default-executor-5] WARN  server.GrpcLogAppender (GrpcLogAppender.java:resetClient(128)) - 31d7c592-0aff-4587-bd82-05461cb6bf78@group-E1DF585446A3->20d54da2-4483-44f5-888c-548fcf038ce8-GrpcLogAppender: Follower failed when matchIndex == 0,  keep nextIndex (1) unchanged and retry.
2023-06-05 07:28:25,141 [grpc-default-executor-3] WARN  server.GrpcServerProtocolService (LogUtils.java:warn(122)) - 20d54da2-4483-44f5-888c-548fcf038ce8: APPEND_ENTRIES onError, lastRequest: 31d7c592-0aff-4587-bd82-05461cb6bf78->20d54da2-4483-44f5-888c-548fcf038ce8#1-t1,previous=(t:0, i:0),leaderCommit=-1,initializing? true,entries: size=1, first=(t:1, i:0), CONFIGURATIONENTRY(current:id: "31d7c592-0aff-4587-bd82-05461cb6bf78"
address: "10.1.0.81:15172"
priority: 1
dataStreamAddress: "10.1.0.81:15173"
clientAddress: "10.1.0.81:15170"
adminAddress: "10.1.0.81:15171"
startupRole: FOLLOWER
,id: "73d07809-7906-4bce-abb4-6971fd1c4030"
address: "10.1.0.81:15154"
dataStreamAddress: "10.1.0.81:15155"
clientAddress: "10.1.0.81:15152"
adminAddress: "10.1.0.81:15153"
startupRole: FOLLOWER
,id: "20d54da2-4483-44f5-888c-548fcf038ce8"
address: "10.1.0.81:15163"
dataStreamAddress: "10.1.0.81:15164"
clientAddress: "10.1.0.81:15161"
adminAddress: "10.1.0.81:15162"
startupRole: FOLLOWER
, old:): org.apache.ratis.thirdparty.io.grpc.StatusRuntimeException: CANCELLED: client cancelled
2023-06-05 07:28:25,143 [73d07809-7906-4bce-abb4-6971fd1c4030@group-A22FDDA73B6C->31d7c592-0aff-4587-bd82-05461cb6bf78-GrpcLogAppender-LogAppenderDaemon] WARN  server.GrpcLogAppender (GrpcLogAppender.java:mayWait(199)) - 73d07809-7906-4bce-abb4-6971fd1c4030@group-A22FDDA73B6C->31d7c592-0aff-4587-bd82-05461cb6bf78-GrpcLogAppender: Wait interrupted by java.lang.InterruptedException
2023-06-05 07:28:25,143 [73d07809-7906-4bce-abb4-6971fd1c4030-impl-thread2] INFO  impl.PendingRequests (PendingRequests.java:sendNotLeaderResponses(289)) - 73d07809-7906-4bce-abb4-6971fd1c4030@group-A22FDDA73B6C-PendingRequests: sendNotLeaderResponses
2023-06-05 07:28:25,143 [73d07809-7906-4bce-abb4-6971fd1c4030@group-A22FDDA73B6C->20d54da2-4483-44f5-888c-548fcf038ce8-GrpcLogAppender-LogAppenderDaemon] WARN  server.GrpcLogAppender (GrpcLogAppender.java:mayWait(199)) - 73d07809-7906-4bce-abb4-6971fd1c4030@group-A22FDDA73B6C->20d54da2-4483-44f5-888c-548fcf038ce8-GrpcLogAppender: Wait interrupted by java.lang.InterruptedException
2023-06-05 07:28:25,141 [grpc-default-executor-9] WARN  server.GrpcServerProtocolService (LogUtils.java:warn(122)) - 20d54da2-4483-44f5-888c-548fcf038ce8: APPEND_ENTRIES onError, lastRequest: null: org.apache.ratis.thirdparty.io.grpc.StatusRuntimeException: CANCELLED: client cancelled
2023-06-05 07:28:25,142 [73d07809-7906-4bce-abb4-6971fd1c4030-impl-thread1] INFO  server.RaftServer$Division (ServerState.java:close(472)) - 73d07809-7906-4bce-abb4-6971fd1c4030@group-E1DF585446A3: closes. applyIndex: -1
2023-06-05 07:28:25,150 [Thread-2283] INFO  server.GrpcServerProtocolClient (GrpcServerProtocolClient.java:close(103)) - 31d7c592-0aff-4587-bd82-05461cb6bf78 Close channels
2023-06-05 07:28:25,150 [Thread-2285] INFO  server.GrpcServerProtocolClient (GrpcServerProtocolClient.java:close(103)) - 20d54da2-4483-44f5-888c-548fcf038ce8 Close channels
2023-06-05 07:28:25,151 [73d07809-7906-4bce-abb4-6971fd1c4030-impl-thread2] INFO  impl.StateMachineUpdater (StateMachineUpdater.java:stopAndJoin(155)) - 73d07809-7906-4bce-abb4-6971fd1c4030@group-A22FDDA73B6C-StateMachineUpdater: set stopIndex = 0
2023-06-05 07:28:25,151 [73d07809-7906-4bce-abb4-6971fd1c4030@group-A22FDDA73B6C-StateMachineUpdater] INFO  ratis.ContainerStateMachine (ContainerStateMachine.java:takeSnapshot(330)) - group-A22FDDA73B6C: Taking a snapshot at:(t:1, i:0) file /home/runner/work/ozone/ozone/hadoop-ozone/integration-test/target/test-dir/MiniOzoneClusterImpl-cad817a0-727a-4fc1-9d60-5b0b38d18537/datanode-0/data/ratis/ae8fdd6c-f832-4cba-b817-a22fdda73b6c/sm/snapshot.1_0
2023-06-05 07:28:25,151 [grpc-default-executor-10] WARN  server.GrpcLogAppender (LogUtils.java:warn(122)) - 31d7c592-0aff-4587-bd82-05461cb6bf78@group-E1DF585446A3->20d54da2-4483-44f5-888c-548fcf038ce8-AppendLogResponseHandler: Failed appendEntries: org.apache.ratis.thirdparty.io.grpc.StatusRuntimeException: CANCELLED: RST_STREAM closed stream. HTTP/2 error code: CANCEL
2023-06-05 07:28:25,152 [grpc-default-executor-10] WARN  server.GrpcLogAppender (GrpcLogAppender.java:resetClient(128)) - 31d7c592-0aff-4587-bd82-05461cb6bf78@group-E1DF585446A3->20d54da2-4483-44f5-888c-548fcf038ce8-GrpcLogAppender: Follower failed when matchIndex == 0,  keep nextIndex (1) unchanged and retry.
2023-06-05 07:28:25,152 [grpc-default-executor-9] INFO  server.GrpcLogAppender (GrpcLogAppender.java:onError(417)) - 73d07809-7906-4bce-abb4-6971fd1c4030@group-A22FDDA73B6C->20d54da2-4483-44f5-888c-548fcf038ce8-GrpcLogAppender is already stopped
2023-06-05 07:28:25,153 [grpc-default-executor-9] INFO  server.GrpcServerProtocolService (GrpcServerProtocolService.java:onCompleted(155)) - 31d7c592-0aff-4587-bd82-05461cb6bf78: Completed APPEND_ENTRIES, lastRequest: 73d07809-7906-4bce-abb4-6971fd1c4030->31d7c592-0aff-4587-bd82-05461cb6bf78#1-t1,previous=(t:0, i:0),leaderCommit=0,initializing? true,entries: size=1, first=(t:1, i:0), CONFIGURATIONENTRY(current:id: "31d7c592-0aff-4587-bd82-05461cb6bf78"
address: "10.1.0.81:15172"
dataStreamAddress: "10.1.0.81:15173"
clientAddress: "10.1.0.81:15170"
adminAddress: "10.1.0.81:15171"
startupRole: FOLLOWER
,id: "73d07809-7906-4bce-abb4-6971fd1c4030"
address: "10.1.0.81:15154"
priority: 1
dataStreamAddress: "10.1.0.81:15155"
clientAddress: "10.1.0.81:15152"
adminAddress: "10.1.0.81:15153"
startupRole: FOLLOWER
,id: "20d54da2-4483-44f5-888c-548fcf038ce8"
address: "10.1.0.81:15163"
dataStreamAddress: "10.1.0.81:15164"
clientAddress: "10.1.0.81:15161"
adminAddress: "10.1.0.81:15162"
startupRole: FOLLOWER
, old:)
2023-06-05 07:28:25,153 [grpc-default-executor-9] INFO  server.GrpcServerProtocolService (GrpcServerProtocolService.java:lambda$onCompleted$5(157)) - 31d7c592-0aff-4587-bd82-05461cb6bf78: Completed APPEND_ENTRIES, lastReply: null
2023-06-05 07:28:25,155 [73d07809-7906-4bce-abb4-6971fd1c4030-impl-thread3] INFO  impl.StateMachineUpdater (StateMachineUpdater.java:stopAndJoin(155)) - 73d07809-7906-4bce-abb4-6971fd1c4030@group-36258861E080-StateMachineUpdater: set stopIndex = 0
2023-06-05 07:28:25,155 [73d07809-7906-4bce-abb4-6971fd1c4030@group-36258861E080-StateMachineUpdater] INFO  ratis.ContainerStateMachine (ContainerStateMachine.java:takeSnapshot(330)) - group-36258861E080: Taking a snapshot at:(t:1, i:0) file /home/runner/work/ozone/ozone/hadoop-ozone/integration-test/target/test-dir/MiniOzoneClusterImpl-cad817a0-727a-4fc1-9d60-5b0b38d18537/datanode-0/data/ratis/fe18a095-7b20-4c66-a431-36258861e080/sm/snapshot.1_0
2023-06-05 07:28:25,155 [grpc-default-executor-9] INFO  server.GrpcLogAppender (GrpcLogAppender.java:onCompleted(428)) - 73d07809-7906-4bce-abb4-6971fd1c4030@group-A22FDDA73B6C->31d7c592-0aff-4587-bd82-05461cb6bf78-AppendLogResponseHandler: follower responses appendEntries COMPLETED
2023-06-05 07:28:25,155 [grpc-default-executor-9] WARN  server.GrpcLogAppender (GrpcLogAppender.java:resetClient(137)) - 73d07809-7906-4bce-abb4-6971fd1c4030@group-A22FDDA73B6C->31d7c592-0aff-4587-bd82-05461cb6bf78-GrpcLogAppender: Failed to getClient for 31d7c592-0aff-4587-bd82-05461cb6bf78
org.apache.ratis.protocol.exceptions.AlreadyClosedException: 73d07809-7906-4bce-abb4-6971fd1c4030 is already CLOSED
	at org.apache.ratis.util.PeerProxyMap$PeerAndProxy.getProxy(PeerProxyMap.java:61)
	at org.apache.ratis.util.PeerProxyMap.getProxy(PeerProxyMap.java:115)
	at org.apache.ratis.grpc.server.GrpcLogAppender.getClient(GrpcLogAppender.java:112)
	at org.apache.ratis.grpc.server.GrpcLogAppender.resetClient(GrpcLogAppender.java:117)
	at org.apache.ratis.grpc.server.GrpcLogAppender.access$500(GrpcLogAppender.java:56)
	at org.apache.ratis.grpc.server.GrpcLogAppender$AppendLogResponseHandler.onCompleted(GrpcLogAppender.java:429)
	at org.apache.ratis.thirdparty.io.grpc.stub.ClientCalls$StreamObserverToCallListenerAdapter.onClose(ClientCalls.java:485)
	at org.apache.ratis.thirdparty.io.grpc.internal.ClientCallImpl.closeObserver(ClientCallImpl.java:563)
	at org.apache.ratis.thirdparty.io.grpc.internal.ClientCallImpl.access$300(ClientCallImpl.java:70)
	at org.apache.ratis.thirdparty.io.grpc.internal.ClientCallImpl$ClientStreamListenerImpl$1StreamClosed.runInternal(ClientCallImpl.java:744)
	at org.apache.ratis.thirdparty.io.grpc.internal.ClientCallImpl$ClientStreamListenerImpl$1StreamClosed.runInContext(ClientCallImpl.java:723)
	at org.apache.ratis.thirdparty.io.grpc.internal.ContextRunnable.run(ContextRunnable.java:37)
	at org.apache.ratis.thirdparty.io.grpc.internal.SerializingExecutor.run(SerializingExecutor.java:133)
	at java.util.concurrent.ThreadPoolExecutor.runWorker(ThreadPoolExecutor.java:1149)
	at java.util.concurrent.ThreadPoolExecutor$Worker.run(ThreadPoolExecutor.java:624)
	at java.lang.Thread.run(Thread.java:750)
2023-06-05 07:28:25,156 [73d07809-7906-4bce-abb4-6971fd1c4030@group-36258861E080-StateMachineUpdater] INFO  ratis.ContainerStateMachine (ContainerStateMachine.java:takeSnapshot(341)) - group-36258861E080: Finished taking a snapshot at:(t:1, i:0) file:/home/runner/work/ozone/ozone/hadoop-ozone/integration-test/target/test-dir/MiniOzoneClusterImpl-cad817a0-727a-4fc1-9d60-5b0b38d18537/datanode-0/data/ratis/fe18a095-7b20-4c66-a431-36258861e080/sm/snapshot.1_0 took: 1 ms
2023-06-05 07:28:25,156 [73d07809-7906-4bce-abb4-6971fd1c4030@group-36258861E080-StateMachineUpdater] INFO  impl.StateMachineUpdater (StateMachineUpdater.java:takeSnapshot(291)) - 73d07809-7906-4bce-abb4-6971fd1c4030@group-36258861E080-StateMachineUpdater: Took a snapshot at index 0
2023-06-05 07:28:25,156 [ForkJoinPool.commonPool-worker-3] INFO  ozoneimpl.OzoneContainer (OzoneContainer.java:stop(420)) - Attempting to stop container services.
2023-06-05 07:28:25,156 [73d07809-7906-4bce-abb4-6971fd1c4030@group-36258861E080-StateMachineUpdater] INFO  impl.StateMachineUpdater (StateMachineUpdater.java:lambda$new$0(97)) - 73d07809-7906-4bce-abb4-6971fd1c4030@group-36258861E080-StateMachineUpdater: snapshotIndex: updateIncreasingly -1 -> 0
2023-06-05 07:28:25,157 [73d07809-7906-4bce-abb4-6971fd1c4030-impl-thread3] INFO  server.RaftServer$Division (ServerState.java:close(472)) - 73d07809-7906-4bce-abb4-6971fd1c4030@group-36258861E080: closes. applyIndex: 0
2023-06-05 07:28:25,160 [grpc-default-executor-10] INFO  server.GrpcServerProtocolService (GrpcServerProtocolService.java:onCompleted(155)) - 31d7c592-0aff-4587-bd82-05461cb6bf78: Completed APPEND_ENTRIES, lastRequest: null
2023-06-05 07:28:25,161 [grpc-default-executor-10] INFO  server.GrpcServerProtocolService (GrpcServerProtocolService.java:lambda$onCompleted$5(157)) - 31d7c592-0aff-4587-bd82-05461cb6bf78: Completed APPEND_ENTRIES, lastReply: serverReply {
  requestorId: "73d07809-7906-4bce-abb4-6971fd1c4030"
  replyId: "31d7c592-0aff-4587-bd82-05461cb6bf78"
  raftGroupId {
    id: "\256\217\335l\3702L\272\270\027\242/\335\247;l"
  }
  success: true
}
term: 1
followerCommit: 18446744073709551615
matchIndex: 18446744073709551615
isHearbeat: true

2023-06-05 07:28:25,161 [grpc-default-executor-9] INFO  server.GrpcLogAppender (GrpcLogAppender.java:onCompleted(428)) - 73d07809-7906-4bce-abb4-6971fd1c4030@group-A22FDDA73B6C->31d7c592-0aff-4587-bd82-05461cb6bf78-AppendLogResponseHandler: follower responses appendEntries COMPLETED
2023-06-05 07:28:25,161 [grpc-default-executor-9] WARN  server.GrpcLogAppender (GrpcLogAppender.java:resetClient(137)) - 73d07809-7906-4bce-abb4-6971fd1c4030@group-A22FDDA73B6C->31d7c592-0aff-4587-bd82-05461cb6bf78-GrpcLogAppender: Failed to getClient for 31d7c592-0aff-4587-bd82-05461cb6bf78
org.apache.ratis.protocol.exceptions.AlreadyClosedException: 73d07809-7906-4bce-abb4-6971fd1c4030 is already CLOSED
	at org.apache.ratis.util.PeerProxyMap$PeerAndProxy.getProxy(PeerProxyMap.java:61)
	at org.apache.ratis.util.PeerProxyMap.getProxy(PeerProxyMap.java:115)
	at org.apache.ratis.grpc.server.GrpcLogAppender.getClient(GrpcLogAppender.java:112)
	at org.apache.ratis.grpc.server.GrpcLogAppender.resetClient(GrpcLogAppender.java:117)
	at org.apache.ratis.grpc.server.GrpcLogAppender.access$500(GrpcLogAppender.java:56)
	at org.apache.ratis.grpc.server.GrpcLogAppender$AppendLogResponseHandler.onCompleted(GrpcLogAppender.java:429)
	at org.apache.ratis.thirdparty.io.grpc.stub.ClientCalls$StreamObserverToCallListenerAdapter.onClose(ClientCalls.java:485)
	at org.apache.ratis.thirdparty.io.grpc.internal.ClientCallImpl.closeObserver(ClientCallImpl.java:563)
	at org.apache.ratis.thirdparty.io.grpc.internal.ClientCallImpl.access$300(ClientCallImpl.java:70)
	at org.apache.ratis.thirdparty.io.grpc.internal.ClientCallImpl$ClientStreamListenerImpl$1StreamClosed.runInternal(ClientCallImpl.java:744)
	at org.apache.ratis.thirdparty.io.grpc.internal.ClientCallImpl$ClientStreamListenerImpl$1StreamClosed.runInContext(ClientCallImpl.java:723)
	at org.apache.ratis.thirdparty.io.grpc.internal.ContextRunnable.run(ContextRunnable.java:37)
	at org.apache.ratis.thirdparty.io.grpc.internal.SerializingExecutor.run(SerializingExecutor.java:133)
	at java.util.concurrent.ThreadPoolExecutor.runWorker(ThreadPoolExecutor.java:1149)
	at java.util.concurrent.ThreadPoolExecutor$Worker.run(ThreadPoolExecutor.java:624)
	at java.lang.Thread.run(Thread.java:750)
2023-06-05 07:28:25,161 [73d07809-7906-4bce-abb4-6971fd1c4030@group-A22FDDA73B6C-StateMachineUpdater] INFO  ratis.ContainerStateMachine (ContainerStateMachine.java:takeSnapshot(341)) - group-A22FDDA73B6C: Finished taking a snapshot at:(t:1, i:0) file:/home/runner/work/ozone/ozone/hadoop-ozone/integration-test/target/test-dir/MiniOzoneClusterImpl-cad817a0-727a-4fc1-9d60-5b0b38d18537/datanode-0/data/ratis/ae8fdd6c-f832-4cba-b817-a22fdda73b6c/sm/snapshot.1_0 took: 9 ms
2023-06-05 07:28:25,162 [73d07809-7906-4bce-abb4-6971fd1c4030@group-A22FDDA73B6C-StateMachineUpdater] INFO  impl.StateMachineUpdater (StateMachineUpdater.java:takeSnapshot(291)) - 73d07809-7906-4bce-abb4-6971fd1c4030@group-A22FDDA73B6C-StateMachineUpdater: Took a snapshot at index 0
2023-06-05 07:28:25,162 [73d07809-7906-4bce-abb4-6971fd1c4030@group-A22FDDA73B6C-StateMachineUpdater] INFO  impl.StateMachineUpdater (StateMachineUpdater.java:lambda$new$0(97)) - 73d07809-7906-4bce-abb4-6971fd1c4030@group-A22FDDA73B6C-StateMachineUpdater: snapshotIndex: updateIncreasingly -1 -> 0
2023-06-05 07:28:25,162 [73d07809-7906-4bce-abb4-6971fd1c4030-impl-thread2] INFO  server.RaftServer$Division (ServerState.java:close(472)) - 73d07809-7906-4bce-abb4-6971fd1c4030@group-A22FDDA73B6C: closes. applyIndex: 0
2023-06-05 07:28:25,163 [ForkJoinPool.commonPool-worker-3] INFO  server.RaftServer (RaftServerProxy.java:lambda$close$6(416)) - 31d7c592-0aff-4587-bd82-05461cb6bf78: close
2023-06-05 07:28:25,163 [31d7c592-0aff-4587-bd82-05461cb6bf78-impl-thread1] INFO  server.RaftServer$Division (RaftServerImpl.java:lambda$close$4(466)) - 31d7c592-0aff-4587-bd82-05461cb6bf78@group-E1DF585446A3: shutdown
2023-06-05 07:28:25,163 [31d7c592-0aff-4587-bd82-05461cb6bf78-impl-thread1] INFO  util.JmxRegister (JmxRegister.java:unregister(73)) - Successfully un-registered JMX Bean with object name Ratis:service=RaftServer,group=group-E1DF585446A3,id=31d7c592-0aff-4587-bd82-05461cb6bf78
2023-06-05 07:28:25,163 [31d7c592-0aff-4587-bd82-05461cb6bf78-impl-thread1] INFO  impl.RoleInfo (RoleInfo.java:shutdownLeaderState(93)) - 31d7c592-0aff-4587-bd82-05461cb6bf78: shutdown 31d7c592-0aff-4587-bd82-05461cb6bf78@group-E1DF585446A3-LeaderStateImpl
2023-06-05 07:28:25,164 [31d7c592-0aff-4587-bd82-05461cb6bf78-impl-thread2] INFO  server.RaftServer$Division (RaftServerImpl.java:lambda$close$4(466)) - 31d7c592-0aff-4587-bd82-05461cb6bf78@group-B60CB048F3E3: shutdown
2023-06-05 07:28:25,164 [31d7c592-0aff-4587-bd82-05461cb6bf78-impl-thread2] INFO  util.JmxRegister (JmxRegister.java:unregister(73)) - Successfully un-registered JMX Bean with object name Ratis:service=RaftServer,group=group-B60CB048F3E3,id=31d7c592-0aff-4587-bd82-05461cb6bf78
2023-06-05 07:28:25,164 [31d7c592-0aff-4587-bd82-05461cb6bf78-impl-thread2] INFO  impl.RoleInfo (RoleInfo.java:shutdownLeaderState(93)) - 31d7c592-0aff-4587-bd82-05461cb6bf78: shutdown 31d7c592-0aff-4587-bd82-05461cb6bf78@group-B60CB048F3E3-LeaderStateImpl
2023-06-05 07:28:25,164 [31d7c592-0aff-4587-bd82-05461cb6bf78-impl-thread2] INFO  impl.PendingRequests (PendingRequests.java:sendNotLeaderResponses(289)) - 31d7c592-0aff-4587-bd82-05461cb6bf78@group-B60CB048F3E3-PendingRequests: sendNotLeaderResponses
2023-06-05 07:28:25,164 [31d7c592-0aff-4587-bd82-05461cb6bf78@group-B60CB048F3E3-StateMachineUpdater] INFO  ratis.ContainerStateMachine (ContainerStateMachine.java:takeSnapshot(330)) - group-B60CB048F3E3: Taking a snapshot at:(t:1, i:0) file /home/runner/work/ozone/ozone/hadoop-ozone/integration-test/target/test-dir/MiniOzoneClusterImpl-cad817a0-727a-4fc1-9d60-5b0b38d18537/datanode-2/data/ratis/0882c454-0a1e-4836-856b-b60cb048f3e3/sm/snapshot.1_0
2023-06-05 07:28:25,164 [31d7c592-0aff-4587-bd82-05461cb6bf78-impl-thread2] INFO  impl.StateMachineUpdater (StateMachineUpdater.java:stopAndJoin(155)) - 31d7c592-0aff-4587-bd82-05461cb6bf78@group-B60CB048F3E3-StateMachineUpdater: set stopIndex = 0
2023-06-05 07:28:25,164 [ForkJoinPool.commonPool-worker-3] INFO  server.GrpcService (GrpcService.java:closeImpl(311)) - 31d7c592-0aff-4587-bd82-05461cb6bf78: shutdown server org.apache.ratis.grpc.server.GrpcClientProtocolService now
2023-06-05 07:28:25,165 [31d7c592-0aff-4587-bd82-05461cb6bf78-impl-thread3] INFO  server.RaftServer$Division (RaftServerImpl.java:lambda$close$4(466)) - 31d7c592-0aff-4587-bd82-05461cb6bf78@group-A22FDDA73B6C: shutdown
2023-06-05 07:28:25,165 [31d7c592-0aff-4587-bd82-05461cb6bf78-impl-thread3] INFO  util.JmxRegister (JmxRegister.java:unregister(73)) - Successfully un-registered JMX Bean with object name Ratis:service=RaftServer,group=group-A22FDDA73B6C,id=31d7c592-0aff-4587-bd82-05461cb6bf78
2023-06-05 07:28:25,165 [31d7c592-0aff-4587-bd82-05461cb6bf78-impl-thread3] INFO  impl.RoleInfo (RoleInfo.java:shutdownFollowerState(110)) - 31d7c592-0aff-4587-bd82-05461cb6bf78: shutdown 31d7c592-0aff-4587-bd82-05461cb6bf78@group-A22FDDA73B6C-FollowerState
2023-06-05 07:28:25,165 [31d7c592-0aff-4587-bd82-05461cb6bf78@group-B60CB048F3E3-StateMachineUpdater] INFO  ratis.ContainerStateMachine (ContainerStateMachine.java:takeSnapshot(341)) - group-B60CB048F3E3: Finished taking a snapshot at:(t:1, i:0) file:/home/runner/work/ozone/ozone/hadoop-ozone/integration-test/target/test-dir/MiniOzoneClusterImpl-cad817a0-727a-4fc1-9d60-5b0b38d18537/datanode-2/data/ratis/0882c454-0a1e-4836-856b-b60cb048f3e3/sm/snapshot.1_0 took: 0 ms
2023-06-05 07:28:25,165 [31d7c592-0aff-4587-bd82-05461cb6bf78@group-B60CB048F3E3-StateMachineUpdater] INFO  impl.StateMachineUpdater (StateMachineUpdater.java:takeSnapshot(291)) - 31d7c592-0aff-4587-bd82-05461cb6bf78@group-B60CB048F3E3-StateMachineUpdater: Took a snapshot at index 0
2023-06-05 07:28:25,165 [31d7c592-0aff-4587-bd82-05461cb6bf78@group-B60CB048F3E3-StateMachineUpdater] INFO  impl.StateMachineUpdater (StateMachineUpdater.java:lambda$new$0(97)) - 31d7c592-0aff-4587-bd82-05461cb6bf78@group-B60CB048F3E3-StateMachineUpdater: snapshotIndex: updateIncreasingly -1 -> 0
2023-06-05 07:28:25,165 [31d7c592-0aff-4587-bd82-05461cb6bf78-impl-thread2] INFO  server.RaftServer$Division (ServerState.java:close(472)) - 31d7c592-0aff-4587-bd82-05461cb6bf78@group-B60CB048F3E3: closes. applyIndex: 0
2023-06-05 07:28:25,166 [grpc-default-executor-11] INFO  server.GrpcLogAppender (GrpcLogAppender.java:onError(417)) - 73d07809-7906-4bce-abb4-6971fd1c4030@group-A22FDDA73B6C->20d54da2-4483-44f5-888c-548fcf038ce8-GrpcLogAppender is already stopped
2023-06-05 07:28:25,166 [31d7c592-0aff-4587-bd82-05461cb6bf78@group-E1DF585446A3->20d54da2-4483-44f5-888c-548fcf038ce8-GrpcLogAppender-LogAppenderDaemon] WARN  server.GrpcLogAppender (GrpcLogAppender.java:mayWait(199)) - 31d7c592-0aff-4587-bd82-05461cb6bf78@group-E1DF585446A3->20d54da2-4483-44f5-888c-548fcf038ce8-GrpcLogAppender: Wait interrupted by java.lang.InterruptedException
2023-06-05 07:28:25,167 [main] INFO  server.GrpcService (GrpcService.java:closeImpl(320)) - 20d54da2-4483-44f5-888c-548fcf038ce8: shutdown server GrpcServerProtocolService successfully
2023-06-05 07:28:25,167 [main] INFO  server.GrpcService (GrpcService.java:closeImpl(311)) - 20d54da2-4483-44f5-888c-548fcf038ce8: shutdown server org.apache.ratis.grpc.server.GrpcAdminProtocolService now
2023-06-05 07:28:25,166 [31d7c592-0aff-4587-bd82-05461cb6bf78@group-E1DF585446A3->73d07809-7906-4bce-abb4-6971fd1c4030-GrpcLogAppender-LogAppenderDaemon] WARN  server.GrpcLogAppender (GrpcLogAppender.java:mayWait(199)) - 31d7c592-0aff-4587-bd82-05461cb6bf78@group-E1DF585446A3->73d07809-7906-4bce-abb4-6971fd1c4030-GrpcLogAppender: Wait interrupted by java.lang.InterruptedException
2023-06-05 07:28:25,166 [31d7c592-0aff-4587-bd82-05461cb6bf78@group-A22FDDA73B6C-StateMachineUpdater] INFO  ratis.ContainerStateMachine (ContainerStateMachine.java:takeSnapshot(330)) - group-A22FDDA73B6C: Taking a snapshot at:(t:1, i:0) file /home/runner/work/ozone/ozone/hadoop-ozone/integration-test/target/test-dir/MiniOzoneClusterImpl-cad817a0-727a-4fc1-9d60-5b0b38d18537/datanode-2/data/ratis/ae8fdd6c-f832-4cba-b817-a22fdda73b6c/sm/snapshot.1_0
2023-06-05 07:28:25,166 [31d7c592-0aff-4587-bd82-05461cb6bf78-impl-thread1] INFO  impl.PendingRequests (PendingRequests.java:sendNotLeaderResponses(289)) - 31d7c592-0aff-4587-bd82-05461cb6bf78@group-E1DF585446A3-PendingRequests: sendNotLeaderResponses
2023-06-05 07:28:25,166 [31d7c592-0aff-4587-bd82-05461cb6bf78@group-A22FDDA73B6C-FollowerState] INFO  impl.FollowerState (FollowerState.java:run(152)) - 31d7c592-0aff-4587-bd82-05461cb6bf78@group-A22FDDA73B6C-FollowerState was interrupted
2023-06-05 07:28:25,166 [31d7c592-0aff-4587-bd82-05461cb6bf78-impl-thread3] INFO  impl.StateMachineUpdater (StateMachineUpdater.java:stopAndJoin(155)) - 31d7c592-0aff-4587-bd82-05461cb6bf78@group-A22FDDA73B6C-StateMachineUpdater: set stopIndex = 0
2023-06-05 07:28:25,175 [31d7c592-0aff-4587-bd82-05461cb6bf78@group-A22FDDA73B6C-StateMachineUpdater] INFO  ratis.ContainerStateMachine (ContainerStateMachine.java:takeSnapshot(341)) - group-A22FDDA73B6C: Finished taking a snapshot at:(t:1, i:0) file:/home/runner/work/ozone/ozone/hadoop-ozone/integration-test/target/test-dir/MiniOzoneClusterImpl-cad817a0-727a-4fc1-9d60-5b0b38d18537/datanode-2/data/ratis/ae8fdd6c-f832-4cba-b817-a22fdda73b6c/sm/snapshot.1_0 took: 9 ms
2023-06-05 07:28:25,175 [31d7c592-0aff-4587-bd82-05461cb6bf78@group-A22FDDA73B6C-StateMachineUpdater] INFO  impl.StateMachineUpdater (StateMachineUpdater.java:takeSnapshot(291)) - 31d7c592-0aff-4587-bd82-05461cb6bf78@group-A22FDDA73B6C-StateMachineUpdater: Took a snapshot at index 0
2023-06-05 07:28:25,175 [31d7c592-0aff-4587-bd82-05461cb6bf78@group-A22FDDA73B6C-StateMachineUpdater] INFO  impl.StateMachineUpdater (StateMachineUpdater.java:lambda$new$0(97)) - 31d7c592-0aff-4587-bd82-05461cb6bf78@group-A22FDDA73B6C-StateMachineUpdater: snapshotIndex: updateIncreasingly -1 -> 0
2023-06-05 07:28:25,176 [31d7c592-0aff-4587-bd82-05461cb6bf78-impl-thread3] INFO  server.RaftServer$Division (ServerState.java:close(472)) - 31d7c592-0aff-4587-bd82-05461cb6bf78@group-A22FDDA73B6C: closes. applyIndex: 0
2023-06-05 07:28:25,176 [Thread-2293] INFO  server.GrpcServerProtocolClient (GrpcServerProtocolClient.java:close(103)) - 20d54da2-4483-44f5-888c-548fcf038ce8 Close channels
2023-06-05 07:28:25,176 [31d7c592-0aff-4587-bd82-05461cb6bf78-impl-thread1] INFO  impl.StateMachineUpdater (StateMachineUpdater.java:stopAndJoin(155)) - 31d7c592-0aff-4587-bd82-05461cb6bf78@group-E1DF585446A3-StateMachineUpdater: set stopIndex = 0
2023-06-05 07:28:25,177 [main] INFO  server.GrpcService (GrpcService.java:closeImpl(320)) - 20d54da2-4483-44f5-888c-548fcf038ce8: shutdown server org.apache.ratis.grpc.server.GrpcAdminProtocolService successfully
2023-06-05 07:28:25,177 [20d54da2-4483-44f5-888c-548fcf038ce8-NettyServerStreamRpc-bossGroup--thread1] INFO  logging.LoggingHandler (AbstractInternalLogger.java:log(148)) - [id: 0xc82574a0, L:/0:0:0:0:0:0:0:0:15164] CLOSE
2023-06-05 07:28:25,177 [20d54da2-4483-44f5-888c-548fcf038ce8-NettyServerStreamRpc-bossGroup--thread1] INFO  logging.LoggingHandler (AbstractInternalLogger.java:log(148)) - [id: 0xc82574a0, L:/0:0:0:0:0:0:0:0:15164] INACTIVE
2023-06-05 07:28:25,177 [20d54da2-4483-44f5-888c-548fcf038ce8-NettyServerStreamRpc-bossGroup--thread1] INFO  logging.LoggingHandler (AbstractInternalLogger.java:log(148)) - [id: 0xc82574a0, L:/0:0:0:0:0:0:0:0:15164] UNREGISTERED
2023-06-05 07:28:25,178 [Thread-2292] INFO  server.GrpcServerProtocolClient (GrpcServerProtocolClient.java:close(103)) - 73d07809-7906-4bce-abb4-6971fd1c4030 Close channels
2023-06-05 07:28:25,178 [31d7c592-0aff-4587-bd82-05461cb6bf78@group-E1DF585446A3-StateMachineUpdater] INFO  ratis.ContainerStateMachine (ContainerStateMachine.java:takeSnapshot(330)) - group-E1DF585446A3: Taking a snapshot at:(t:1, i:0) file /home/runner/work/ozone/ozone/hadoop-ozone/integration-test/target/test-dir/MiniOzoneClusterImpl-cad817a0-727a-4fc1-9d60-5b0b38d18537/datanode-2/data/ratis/2723907b-6ca2-4bf9-aab9-e1df585446a3/sm/snapshot.1_0
2023-06-05 07:28:25,178 [ForkJoinPool.commonPool-worker-2] INFO  server.GrpcService (GrpcService.java:closeImpl(320)) - 73d07809-7906-4bce-abb4-6971fd1c4030: shutdown server org.apache.ratis.grpc.server.GrpcClientProtocolService successfully
2023-06-05 07:28:25,178 [ForkJoinPool.commonPool-worker-2] INFO  server.GrpcService (GrpcService.java:closeImpl(311)) - 73d07809-7906-4bce-abb4-6971fd1c4030: shutdown server GrpcServerProtocolService now
2023-06-05 07:28:25,179 [31d7c592-0aff-4587-bd82-05461cb6bf78@group-E1DF585446A3-StateMachineUpdater] INFO  ratis.ContainerStateMachine (ContainerStateMachine.java:takeSnapshot(341)) - group-E1DF585446A3: Finished taking a snapshot at:(t:1, i:0) file:/home/runner/work/ozone/ozone/hadoop-ozone/integration-test/target/test-dir/MiniOzoneClusterImpl-cad817a0-727a-4fc1-9d60-5b0b38d18537/datanode-2/data/ratis/2723907b-6ca2-4bf9-aab9-e1df585446a3/sm/snapshot.1_0 took: 1 ms
2023-06-05 07:28:25,179 [31d7c592-0aff-4587-bd82-05461cb6bf78@group-E1DF585446A3-StateMachineUpdater] INFO  impl.StateMachineUpdater (StateMachineUpdater.java:takeSnapshot(291)) - 31d7c592-0aff-4587-bd82-05461cb6bf78@group-E1DF585446A3-StateMachineUpdater: Took a snapshot at index 0
2023-06-05 07:28:25,179 [31d7c592-0aff-4587-bd82-05461cb6bf78@group-E1DF585446A3-StateMachineUpdater] INFO  impl.StateMachineUpdater (StateMachineUpdater.java:lambda$new$0(97)) - 31d7c592-0aff-4587-bd82-05461cb6bf78@group-E1DF585446A3-StateMachineUpdater: snapshotIndex: updateIncreasingly -1 -> 0
2023-06-05 07:28:25,179 [31d7c592-0aff-4587-bd82-05461cb6bf78-impl-thread1] INFO  server.RaftServer$Division (ServerState.java:close(472)) - 31d7c592-0aff-4587-bd82-05461cb6bf78@group-E1DF585446A3: closes. applyIndex: 0
2023-06-05 07:28:25,182 [grpc-default-executor-3] WARN  server.GrpcServerProtocolService (LogUtils.java:warn(122)) - 73d07809-7906-4bce-abb4-6971fd1c4030: APPEND_ENTRIES onError, lastRequest: null: org.apache.ratis.thirdparty.io.grpc.StatusRuntimeException: CANCELLED: client cancelled
2023-06-05 07:28:25,182 [grpc-default-executor-5] INFO  server.GrpcLogAppender (GrpcLogAppender.java:onError(417)) - 31d7c592-0aff-4587-bd82-05461cb6bf78@group-E1DF585446A3->73d07809-7906-4bce-abb4-6971fd1c4030-GrpcLogAppender is already stopped
2023-06-05 07:28:25,182 [grpc-default-executor-10] WARN  server.GrpcServerProtocolService (LogUtils.java:warn(122)) - 73d07809-7906-4bce-abb4-6971fd1c4030: APPEND_ENTRIES onError, lastRequest: 31d7c592-0aff-4587-bd82-05461cb6bf78->73d07809-7906-4bce-abb4-6971fd1c4030#1-t1,previous=(t:0, i:0),leaderCommit=-1,initializing? true,entries: size=1, first=(t:1, i:0), CONFIGURATIONENTRY(current:id: "31d7c592-0aff-4587-bd82-05461cb6bf78"
address: "10.1.0.81:15172"
priority: 1
dataStreamAddress: "10.1.0.81:15173"
clientAddress: "10.1.0.81:15170"
adminAddress: "10.1.0.81:15171"
startupRole: FOLLOWER
,id: "73d07809-7906-4bce-abb4-6971fd1c4030"
address: "10.1.0.81:15154"
dataStreamAddress: "10.1.0.81:15155"
clientAddress: "10.1.0.81:15152"
adminAddress: "10.1.0.81:15153"
startupRole: FOLLOWER
,id: "20d54da2-4483-44f5-888c-548fcf038ce8"
address: "10.1.0.81:15163"
dataStreamAddress: "10.1.0.81:15164"
clientAddress: "10.1.0.81:15161"
adminAddress: "10.1.0.81:15162"
startupRole: FOLLOWER
, old:): org.apache.ratis.thirdparty.io.grpc.StatusRuntimeException: CANCELLED: client cancelled
2023-06-05 07:28:25,186 [grpc-default-executor-10] INFO  server.GrpcLogAppender (GrpcLogAppender.java:onError(417)) - 31d7c592-0aff-4587-bd82-05461cb6bf78@group-E1DF585446A3->73d07809-7906-4bce-abb4-6971fd1c4030-GrpcLogAppender is already stopped
2023-06-05 07:28:25,189 [ForkJoinPool.commonPool-worker-2] INFO  server.GrpcService (GrpcService.java:closeImpl(320)) - 73d07809-7906-4bce-abb4-6971fd1c4030: shutdown server GrpcServerProtocolService successfully
2023-06-05 07:28:25,189 [ForkJoinPool.commonPool-worker-2] INFO  server.GrpcService (GrpcService.java:closeImpl(311)) - 73d07809-7906-4bce-abb4-6971fd1c4030: shutdown server org.apache.ratis.grpc.server.GrpcAdminProtocolService now
2023-06-05 07:28:25,191 [ForkJoinPool.commonPool-worker-2] INFO  server.GrpcService (GrpcService.java:closeImpl(320)) - 73d07809-7906-4bce-abb4-6971fd1c4030: shutdown server org.apache.ratis.grpc.server.GrpcAdminProtocolService successfully
2023-06-05 07:28:25,192 [73d07809-7906-4bce-abb4-6971fd1c4030-NettyServerStreamRpc-bossGroup--thread1] INFO  logging.LoggingHandler (AbstractInternalLogger.java:log(148)) - [id: 0x7579df17, L:/0:0:0:0:0:0:0:0:15155] CLOSE
2023-06-05 07:28:25,192 [73d07809-7906-4bce-abb4-6971fd1c4030-NettyServerStreamRpc-bossGroup--thread1] INFO  logging.LoggingHandler (AbstractInternalLogger.java:log(148)) - [id: 0x7579df17, L:/0:0:0:0:0:0:0:0:15155] INACTIVE
2023-06-05 07:28:25,192 [73d07809-7906-4bce-abb4-6971fd1c4030-NettyServerStreamRpc-bossGroup--thread1] INFO  logging.LoggingHandler (AbstractInternalLogger.java:log(148)) - [id: 0x7579df17, L:/0:0:0:0:0:0:0:0:15155] UNREGISTERED
2023-06-05 07:28:25,200 [ForkJoinPool.commonPool-worker-3] INFO  server.GrpcService (GrpcService.java:closeImpl(320)) - 31d7c592-0aff-4587-bd82-05461cb6bf78: shutdown server org.apache.ratis.grpc.server.GrpcClientProtocolService successfully
2023-06-05 07:28:25,200 [ForkJoinPool.commonPool-worker-3] INFO  server.GrpcService (GrpcService.java:closeImpl(311)) - 31d7c592-0aff-4587-bd82-05461cb6bf78: shutdown server GrpcServerProtocolService now
2023-06-05 07:28:25,206 [ForkJoinPool.commonPool-worker-3] INFO  server.GrpcService (GrpcService.java:closeImpl(320)) - 31d7c592-0aff-4587-bd82-05461cb6bf78: shutdown server GrpcServerProtocolService successfully
2023-06-05 07:28:25,206 [ForkJoinPool.commonPool-worker-3] INFO  server.GrpcService (GrpcService.java:closeImpl(311)) - 31d7c592-0aff-4587-bd82-05461cb6bf78: shutdown server org.apache.ratis.grpc.server.GrpcAdminProtocolService now
2023-06-05 07:28:25,207 [ForkJoinPool.commonPool-worker-3] INFO  server.GrpcService (GrpcService.java:closeImpl(320)) - 31d7c592-0aff-4587-bd82-05461cb6bf78: shutdown server org.apache.ratis.grpc.server.GrpcAdminProtocolService successfully
2023-06-05 07:28:25,208 [31d7c592-0aff-4587-bd82-05461cb6bf78-NettyServerStreamRpc-bossGroup--thread1] INFO  logging.LoggingHandler (AbstractInternalLogger.java:log(148)) - [id: 0xa828c590, L:/0:0:0:0:0:0:0:0:15173] CLOSE
2023-06-05 07:28:25,208 [31d7c592-0aff-4587-bd82-05461cb6bf78-NettyServerStreamRpc-bossGroup--thread1] INFO  logging.LoggingHandler (AbstractInternalLogger.java:log(148)) - [id: 0xa828c590, L:/0:0:0:0:0:0:0:0:15173] INACTIVE
2023-06-05 07:28:25,208 [31d7c592-0aff-4587-bd82-05461cb6bf78-NettyServerStreamRpc-bossGroup--thread1] INFO  logging.LoggingHandler (AbstractInternalLogger.java:log(148)) - [id: 0xa828c590, L:/0:0:0:0:0:0:0:0:15173] UNREGISTERED
2023-06-05 07:28:25,301 [31d7c592-0aff-4587-bd82-05461cb6bf78-impl-thread2] INFO  segmented.SegmentedRaftLogWorker (SegmentedRaftLogWorker.java:close(252)) - 31d7c592-0aff-4587-bd82-05461cb6bf78@group-B60CB048F3E3-SegmentedRaftLogWorker close()
2023-06-05 07:28:25,772 [73d07809-7906-4bce-abb4-6971fd1c4030-impl-thread3] INFO  segmented.SegmentedRaftLogWorker (SegmentedRaftLogWorker.java:close(252)) - 73d07809-7906-4bce-abb4-6971fd1c4030@group-36258861E080-SegmentedRaftLogWorker close()
2023-06-05 07:28:25,792 [31d7c592-0aff-4587-bd82-05461cb6bf78-impl-thread1] INFO  segmented.SegmentedRaftLogWorker (SegmentedRaftLogWorker.java:close(252)) - 31d7c592-0aff-4587-bd82-05461cb6bf78@group-E1DF585446A3-SegmentedRaftLogWorker close()
2023-06-05 07:28:25,836 [73d07809-7906-4bce-abb4-6971fd1c4030-impl-thread1] INFO  segmented.SegmentedRaftLogWorker (SegmentedRaftLogWorker.java:close(252)) - 73d07809-7906-4bce-abb4-6971fd1c4030@group-E1DF585446A3-SegmentedRaftLogWorker close()
2023-06-05 07:28:25,838 [73d07809-7906-4bce-abb4-6971fd1c4030-impl-thread2] INFO  segmented.SegmentedRaftLogWorker (SegmentedRaftLogWorker.java:close(252)) - 73d07809-7906-4bce-abb4-6971fd1c4030@group-A22FDDA73B6C-SegmentedRaftLogWorker close()
2023-06-05 07:28:25,839 [JvmPauseMonitor27] INFO  util.JvmPauseMonitor (JvmPauseMonitor.java:run(109)) - JvmPauseMonitor-73d07809-7906-4bce-abb4-6971fd1c4030: Stopped
2023-06-05 07:28:25,853 [20d54da2-4483-44f5-888c-548fcf038ce8-impl-thread1] INFO  segmented.SegmentedRaftLogWorker (SegmentedRaftLogWorker.java:close(252)) - 20d54da2-4483-44f5-888c-548fcf038ce8@group-E1DF585446A3-SegmentedRaftLogWorker close()
2023-06-05 07:28:25,866 [20d54da2-4483-44f5-888c-548fcf038ce8-impl-thread2] INFO  segmented.SegmentedRaftLogWorker (SegmentedRaftLogWorker.java:close(252)) - 20d54da2-4483-44f5-888c-548fcf038ce8@group-A22FDDA73B6C-SegmentedRaftLogWorker close()
2023-06-05 07:28:25,875 [31d7c592-0aff-4587-bd82-05461cb6bf78-impl-thread3] INFO  segmented.SegmentedRaftLogWorker (SegmentedRaftLogWorker.java:close(252)) - 31d7c592-0aff-4587-bd82-05461cb6bf78@group-A22FDDA73B6C-SegmentedRaftLogWorker close()
2023-06-05 07:28:25,876 [JvmPauseMonitor29] INFO  util.JvmPauseMonitor (JvmPauseMonitor.java:run(109)) - JvmPauseMonitor-31d7c592-0aff-4587-bd82-05461cb6bf78: Stopped
2023-06-05 07:28:25,948 [20d54da2-4483-44f5-888c-548fcf038ce8-impl-thread3] INFO  segmented.SegmentedRaftLogWorker (SegmentedRaftLogWorker.java:close(252)) - 20d54da2-4483-44f5-888c-548fcf038ce8@group-36A97B7D99D4-SegmentedRaftLogWorker close()
2023-06-05 07:28:25,949 [JvmPauseMonitor28] INFO  util.JvmPauseMonitor (JvmPauseMonitor.java:run(109)) - JvmPauseMonitor-20d54da2-4483-44f5-888c-548fcf038ce8: Stopped
2023-06-05 07:28:26,106 [RatisPipelineUtilsThread - 0] WARN  pipeline.PipelinePlacementPolicy (PipelinePlacementPolicy.java:filterViableNodes(160)) - Pipeline creation failed due to no sufficient healthy datanodes. Required 3. Found 0. Excluded 3.
2023-06-05 07:28:27,845 [ForkJoinPool.commonPool-worker-2] INFO  utils.DatanodeStoreCache (DatanodeStoreCache.java:shutdownCache(110)) - Skip clearing cache in mini cluster mode. Entries left: [/home/runner/work/ozone/ozone/hadoop-ozone/integration-test/target/test-dir/MiniOzoneClusterImpl-cad817a0-727a-4fc1-9d60-5b0b38d18537/datanode-0/data-0/containers/hdds/cad817a0-727a-4fc1-9d60-5b0b38d18537/DS-506a50e2-4424-4293-83c0-4d6ea2b43ddd/container.db, /home/runner/work/ozone/ozone/hadoop-ozone/integration-test/target/test-dir/MiniOzoneClusterImpl-cad817a0-727a-4fc1-9d60-5b0b38d18537/datanode-1/data-0/containers/hdds/cad817a0-727a-4fc1-9d60-5b0b38d18537/DS-17be27c3-82b0-47a7-b159-853de1d3bfba/container.db, /home/runner/work/ozone/ozone/hadoop-ozone/integration-test/target/test-dir/MiniOzoneClusterImpl-cad817a0-727a-4fc1-9d60-5b0b38d18537/datanode-2/data-0/containers/hdds/cad817a0-727a-4fc1-9d60-5b0b38d18537/DS-2ae2bc2b-7ec8-4f88-9fda-165b3bda0e86/container.db]
2023-06-05 07:28:27,853 [ForkJoinPool.commonPool-worker-2] INFO  utils.DatanodeStoreCache (DatanodeStoreCache.java:removeDB(104)) - Removed db /home/runner/work/ozone/ozone/hadoop-ozone/integration-test/target/test-dir/MiniOzoneClusterImpl-cad817a0-727a-4fc1-9d60-5b0b38d18537/datanode-0/data-0/containers/hdds/cad817a0-727a-4fc1-9d60-5b0b38d18537/DS-506a50e2-4424-4293-83c0-4d6ea2b43ddd/container.db from cache
2023-06-05 07:28:27,853 [ForkJoinPool.commonPool-worker-2] INFO  volume.HddsVolume (HddsVolume.java:closeDbStore(437)) - SchemaV3 db is stopped at /home/runner/work/ozone/ozone/hadoop-ozone/integration-test/target/test-dir/MiniOzoneClusterImpl-cad817a0-727a-4fc1-9d60-5b0b38d18537/datanode-0/data-0/containers/hdds/cad817a0-727a-4fc1-9d60-5b0b38d18537/DS-506a50e2-4424-4293-83c0-4d6ea2b43ddd/container.db for volume DS-506a50e2-4424-4293-83c0-4d6ea2b43ddd
2023-06-05 07:28:27,854 [ForkJoinPool.commonPool-worker-2] INFO  utils.BackgroundService (BackgroundService.java:shutdown(141)) - Shutting down service BlockDeletingService
2023-06-05 07:28:27,854 [ForkJoinPool.commonPool-worker-2] INFO  utils.BackgroundService (BackgroundService.java:shutdown(141)) - Shutting down service StaleRecoveringContainerScrubbingService
2023-06-05 07:28:27,856 [ForkJoinPool.commonPool-worker-2] INFO  statemachine.DatanodeStateMachine (DatanodeStateMachine.java:stopDaemon(605)) - Ozone container server stopped.
2023-06-05 07:28:27,867 [ForkJoinPool.commonPool-worker-2] INFO  handler.ContextHandler (ContextHandler.java:doStop(1159)) - Stopped o.e.j.w.WebAppContext@6ea1a97b{hddsDatanode,/,null,STOPPED}{jar:file:/home/runner/.m2/repository/org/apache/ozone/hdds-container-service/1.4.0-SNAPSHOT/hdds-container-service-1.4.0-SNAPSHOT.jar!/webapps/hddsDatanode}
2023-06-05 07:28:27,868 [ForkJoinPool.commonPool-worker-2] INFO  server.AbstractConnector (AbstractConnector.java:doStop(383)) - Stopped ServerConnector@3ac62ab9{HTTP/1.1, (http/1.1)}{0.0.0.0:15149}
2023-06-05 07:28:27,868 [ForkJoinPool.commonPool-worker-2] INFO  server.session (HouseKeeper.java:stopScavenging(149)) - node0 Stopped scavenging
2023-06-05 07:28:27,870 [ForkJoinPool.commonPool-worker-2] INFO  handler.ContextHandler (ContextHandler.java:doStop(1159)) - Stopped o.e.j.s.ServletContextHandler@22d105f{static,/static,jar:file:/home/runner/.m2/repository/org/apache/ozone/hdds-container-service/1.4.0-SNAPSHOT/hdds-container-service-1.4.0-SNAPSHOT.jar!/webapps/static,STOPPED}
2023-06-05 07:28:27,870 [ForkJoinPool.commonPool-worker-2] INFO  handler.ContextHandler (ContextHandler.java:doStop(1159)) - Stopped o.e.j.s.ServletContextHandler@40147ace{logs,/logs,file:///home/runner/work/ozone/ozone/hadoop-ozone/integration-test/target/log,STOPPED}
2023-06-05 07:28:27,871 [ForkJoinPool.commonPool-worker-2] INFO  ozone.HddsDatanodeClientProtocolServer (HddsDatanodeClientProtocolServer.java:stop(89)) - Stopping the RPC server for Client Protocol
2023-06-05 07:28:27,871 [ForkJoinPool.commonPool-worker-2] INFO  ipc.Server (Server.java:stop(3501)) - Stopping server on 15150
2023-06-05 07:28:27,871 [IPC Server listener on 15150] INFO  ipc.Server (Server.java:run(1430)) - Stopping IPC Server listener on 15150
2023-06-05 07:28:27,873 [IPC Server Responder] INFO  ipc.Server (Server.java:run(1563)) - Stopping IPC Server Responder
2023-06-05 07:28:27,882 [ForkJoinPool.commonPool-worker-3] INFO  utils.DatanodeStoreCache (DatanodeStoreCache.java:shutdownCache(110)) - Skip clearing cache in mini cluster mode. Entries left: [/home/runner/work/ozone/ozone/hadoop-ozone/integration-test/target/test-dir/MiniOzoneClusterImpl-cad817a0-727a-4fc1-9d60-5b0b38d18537/datanode-1/data-0/containers/hdds/cad817a0-727a-4fc1-9d60-5b0b38d18537/DS-17be27c3-82b0-47a7-b159-853de1d3bfba/container.db, /home/runner/work/ozone/ozone/hadoop-ozone/integration-test/target/test-dir/MiniOzoneClusterImpl-cad817a0-727a-4fc1-9d60-5b0b38d18537/datanode-2/data-0/containers/hdds/cad817a0-727a-4fc1-9d60-5b0b38d18537/DS-2ae2bc2b-7ec8-4f88-9fda-165b3bda0e86/container.db]
2023-06-05 07:28:27,884 [ForkJoinPool.commonPool-worker-3] INFO  utils.DatanodeStoreCache (DatanodeStoreCache.java:removeDB(104)) - Removed db /home/runner/work/ozone/ozone/hadoop-ozone/integration-test/target/test-dir/MiniOzoneClusterImpl-cad817a0-727a-4fc1-9d60-5b0b38d18537/datanode-2/data-0/containers/hdds/cad817a0-727a-4fc1-9d60-5b0b38d18537/DS-2ae2bc2b-7ec8-4f88-9fda-165b3bda0e86/container.db from cache
2023-06-05 07:28:27,884 [ForkJoinPool.commonPool-worker-3] INFO  volume.HddsVolume (HddsVolume.java:closeDbStore(437)) - SchemaV3 db is stopped at /home/runner/work/ozone/ozone/hadoop-ozone/integration-test/target/test-dir/MiniOzoneClusterImpl-cad817a0-727a-4fc1-9d60-5b0b38d18537/datanode-2/data-0/containers/hdds/cad817a0-727a-4fc1-9d60-5b0b38d18537/DS-2ae2bc2b-7ec8-4f88-9fda-165b3bda0e86/container.db for volume DS-2ae2bc2b-7ec8-4f88-9fda-165b3bda0e86
2023-06-05 07:28:27,885 [ForkJoinPool.commonPool-worker-3] INFO  utils.BackgroundService (BackgroundService.java:shutdown(141)) - Shutting down service BlockDeletingService
2023-06-05 07:28:27,886 [ForkJoinPool.commonPool-worker-3] INFO  utils.BackgroundService (BackgroundService.java:shutdown(141)) - Shutting down service StaleRecoveringContainerScrubbingService
2023-06-05 07:28:27,887 [ForkJoinPool.commonPool-worker-3] INFO  statemachine.DatanodeStateMachine (DatanodeStateMachine.java:stopDaemon(605)) - Ozone container server stopped.
2023-06-05 07:28:27,897 [ForkJoinPool.commonPool-worker-3] INFO  handler.ContextHandler (ContextHandler.java:doStop(1159)) - Stopped o.e.j.w.WebAppContext@56158d84{hddsDatanode,/,null,STOPPED}{jar:file:/home/runner/.m2/repository/org/apache/ozone/hdds-container-service/1.4.0-SNAPSHOT/hdds-container-service-1.4.0-SNAPSHOT.jar!/webapps/hddsDatanode}
2023-06-05 07:28:27,898 [ForkJoinPool.commonPool-worker-3] INFO  server.AbstractConnector (AbstractConnector.java:doStop(383)) - Stopped ServerConnector@876a3b3{HTTP/1.1, (http/1.1)}{0.0.0.0:15167}
2023-06-05 07:28:27,898 [ForkJoinPool.commonPool-worker-3] INFO  server.session (HouseKeeper.java:stopScavenging(149)) - node0 Stopped scavenging
2023-06-05 07:28:27,899 [ForkJoinPool.commonPool-worker-3] INFO  handler.ContextHandler (ContextHandler.java:doStop(1159)) - Stopped o.e.j.s.ServletContextHandler@741f7b3c{static,/static,jar:file:/home/runner/.m2/repository/org/apache/ozone/hdds-container-service/1.4.0-SNAPSHOT/hdds-container-service-1.4.0-SNAPSHOT.jar!/webapps/static,STOPPED}
2023-06-05 07:28:27,899 [ForkJoinPool.commonPool-worker-3] INFO  handler.ContextHandler (ContextHandler.java:doStop(1159)) - Stopped o.e.j.s.ServletContextHandler@10a416af{logs,/logs,file:///home/runner/work/ozone/ozone/hadoop-ozone/integration-test/target/log,STOPPED}
2023-06-05 07:28:27,900 [ForkJoinPool.commonPool-worker-3] INFO  ozone.HddsDatanodeClientProtocolServer (HddsDatanodeClientProtocolServer.java:stop(89)) - Stopping the RPC server for Client Protocol
2023-06-05 07:28:27,901 [ForkJoinPool.commonPool-worker-3] INFO  ipc.Server (Server.java:stop(3501)) - Stopping server on 15168
2023-06-05 07:28:27,901 [IPC Server listener on 15168] INFO  ipc.Server (Server.java:run(1430)) - Stopping IPC Server listener on 15168
2023-06-05 07:28:27,906 [IPC Server Responder] INFO  ipc.Server (Server.java:run(1563)) - Stopping IPC Server Responder
2023-06-05 07:28:27,953 [main] INFO  utils.DatanodeStoreCache (DatanodeStoreCache.java:shutdownCache(110)) - Skip clearing cache in mini cluster mode. Entries left: [/home/runner/work/ozone/ozone/hadoop-ozone/integration-test/target/test-dir/MiniOzoneClusterImpl-cad817a0-727a-4fc1-9d60-5b0b38d18537/datanode-1/data-0/containers/hdds/cad817a0-727a-4fc1-9d60-5b0b38d18537/DS-17be27c3-82b0-47a7-b159-853de1d3bfba/container.db]
2023-06-05 07:28:27,955 [main] INFO  utils.DatanodeStoreCache (DatanodeStoreCache.java:removeDB(104)) - Removed db /home/runner/work/ozone/ozone/hadoop-ozone/integration-test/target/test-dir/MiniOzoneClusterImpl-cad817a0-727a-4fc1-9d60-5b0b38d18537/datanode-1/data-0/containers/hdds/cad817a0-727a-4fc1-9d60-5b0b38d18537/DS-17be27c3-82b0-47a7-b159-853de1d3bfba/container.db from cache
2023-06-05 07:28:27,955 [main] INFO  volume.HddsVolume (HddsVolume.java:closeDbStore(437)) - SchemaV3 db is stopped at /home/runner/work/ozone/ozone/hadoop-ozone/integration-test/target/test-dir/MiniOzoneClusterImpl-cad817a0-727a-4fc1-9d60-5b0b38d18537/datanode-1/data-0/containers/hdds/cad817a0-727a-4fc1-9d60-5b0b38d18537/DS-17be27c3-82b0-47a7-b159-853de1d3bfba/container.db for volume DS-17be27c3-82b0-47a7-b159-853de1d3bfba
2023-06-05 07:28:27,955 [main] INFO  utils.BackgroundService (BackgroundService.java:shutdown(141)) - Shutting down service BlockDeletingService
2023-06-05 07:28:27,955 [main] INFO  utils.BackgroundService (BackgroundService.java:shutdown(141)) - Shutting down service StaleRecoveringContainerScrubbingService
2023-06-05 07:28:27,956 [main] INFO  statemachine.DatanodeStateMachine (DatanodeStateMachine.java:stopDaemon(605)) - Ozone container server stopped.
2023-06-05 07:28:27,971 [main] INFO  handler.ContextHandler (ContextHandler.java:doStop(1159)) - Stopped o.e.j.w.WebAppContext@6c127107{hddsDatanode,/,null,STOPPED}{jar:file:/home/runner/.m2/repository/org/apache/ozone/hdds-container-service/1.4.0-SNAPSHOT/hdds-container-service-1.4.0-SNAPSHOT.jar!/webapps/hddsDatanode}
2023-06-05 07:28:27,972 [main] INFO  server.AbstractConnector (AbstractConnector.java:doStop(383)) - Stopped ServerConnector@34350895{HTTP/1.1, (http/1.1)}{0.0.0.0:15158}
2023-06-05 07:28:27,972 [main] INFO  server.session (HouseKeeper.java:stopScavenging(149)) - node0 Stopped scavenging
2023-06-05 07:28:27,972 [main] INFO  handler.ContextHandler (ContextHandler.java:doStop(1159)) - Stopped o.e.j.s.ServletContextHandler@3360b17e{static,/static,jar:file:/home/runner/.m2/repository/org/apache/ozone/hdds-container-service/1.4.0-SNAPSHOT/hdds-container-service-1.4.0-SNAPSHOT.jar!/webapps/static,STOPPED}
2023-06-05 07:28:27,972 [main] INFO  handler.ContextHandler (ContextHandler.java:doStop(1159)) - Stopped o.e.j.s.ServletContextHandler@3c591a08{logs,/logs,file:///home/runner/work/ozone/ozone/hadoop-ozone/integration-test/target/log,STOPPED}
2023-06-05 07:28:27,973 [main] INFO  ozone.HddsDatanodeClientProtocolServer (HddsDatanodeClientProtocolServer.java:stop(89)) - Stopping the RPC server for Client Protocol
2023-06-05 07:28:27,973 [main] INFO  ipc.Server (Server.java:stop(3501)) - Stopping server on 15159
2023-06-05 07:28:27,975 [IPC Server listener on 15159] INFO  ipc.Server (Server.java:run(1430)) - Stopping IPC Server listener on 15159
2023-06-05 07:28:27,975 [IPC Server Responder] INFO  ipc.Server (Server.java:run(1563)) - Stopping IPC Server Responder
2023-06-05 07:28:27,976 [main] INFO  ozone.MiniOzoneClusterImpl (MiniOzoneClusterImpl.java:stopSCM(537)) - Stopping the StorageContainerManager
2023-06-05 07:28:27,976 [main] INFO  server.StorageContainerManager (StorageContainerManager.java:stop(1559)) - Container Balancer is not running.
2023-06-05 07:28:27,976 [main] INFO  server.StorageContainerManager (StorageContainerManager.java:stopReplicationManager(1690)) - Stopping Replication Manager Service.
2023-06-05 07:28:27,977 [main] INFO  replication.ReplicationManager (ReplicationManager.java:stop(332)) - Stopping Replication Monitor Thread.
2023-06-05 07:28:27,977 [Under Replicated Processor] WARN  replication.UnhealthyReplicationProcessor (UnhealthyReplicationProcessor.java:run(167)) - Under Replicated Processor interrupted. Exiting...
2023-06-05 07:28:27,977 [Over Replicated Processor] WARN  replication.UnhealthyReplicationProcessor (UnhealthyReplicationProcessor.java:run(167)) - Over Replicated Processor interrupted. Exiting...
2023-06-05 07:28:27,977 [ReplicationMonitor] INFO  replication.ReplicationManager (ReplicationManager.java:run(938)) - Replication Monitor Thread is stopped
2023-06-05 07:28:27,977 [main] INFO  server.StorageContainerManager (StorageContainerManager.java:stop(1568)) - Stopping the Datanode Admin Monitor.
2023-06-05 07:28:27,979 [main] INFO  server.StorageContainerManager (StorageContainerManager.java:stop(1575)) - Stopping datanode service RPC server
2023-06-05 07:28:27,979 [main] INFO  server.SCMDatanodeProtocolServer (SCMDatanodeProtocolServer.java:stop(424)) - Stopping the RPC server for DataNodes
2023-06-05 07:28:27,979 [main] INFO  ipc.Server (Server.java:stop(3501)) - Stopping server on 15142
2023-06-05 07:28:27,981 [IPC Server listener on 15142] INFO  ipc.Server (Server.java:run(1430)) - Stopping IPC Server listener on 15142
2023-06-05 07:28:27,981 [IPC Server Responder] INFO  ipc.Server (Server.java:run(1563)) - Stopping IPC Server Responder
2023-06-05 07:28:28,081 [SCM Heartbeat Processing Thread - 0] WARN  node.NodeStateManager (NodeStateManager.java:scheduleNextHealthCheck(870)) - Current Thread is interrupted, shutting down HB processing thread for Node Manager.
2023-06-05 07:28:28,082 [main] INFO  server.StorageContainerManager (StorageContainerManager.java:stop(1583)) - Stopping block service RPC server
2023-06-05 07:28:28,083 [main] INFO  server.SCMBlockProtocolServer (SCMBlockProtocolServer.java:stop(161)) - Stopping the RPC server for Block Protocol
2023-06-05 07:28:28,083 [main] INFO  ipc.Server (Server.java:stop(3501)) - Stopping server on 15141
2023-06-05 07:28:28,085 [IPC Server listener on 15141] INFO  ipc.Server (Server.java:run(1430)) - Stopping IPC Server listener on 15141
2023-06-05 07:28:28,089 [IPC Server Responder] INFO  ipc.Server (Server.java:run(1563)) - Stopping IPC Server Responder
2023-06-05 07:28:28,089 [main] INFO  server.StorageContainerManager (StorageContainerManager.java:stop(1590)) - Stopping the StorageContainerLocationProtocol RPC server
2023-06-05 07:28:28,090 [main] INFO  server.SCMClientProtocolServer (SCMClientProtocolServer.java:stop(208)) - Stopping the RPC server for Client Protocol
2023-06-05 07:28:28,090 [main] INFO  ipc.Server (Server.java:stop(3501)) - Stopping server on 15140
2023-06-05 07:28:28,092 [IPC Server Responder] INFO  ipc.Server (Server.java:run(1563)) - Stopping IPC Server Responder
2023-06-05 07:28:28,092 [main] INFO  server.StorageContainerManager (StorageContainerManager.java:stop(1597)) - Stopping Storage Container Manager HTTP server.
2023-06-05 07:28:28,092 [IPC Server listener on 15140] INFO  ipc.Server (Server.java:run(1430)) - Stopping IPC Server listener on 15140
2023-06-05 07:28:28,094 [main] INFO  handler.ContextHandler (ContextHandler.java:doStop(1159)) - Stopped o.e.j.w.WebAppContext@330bba7c{scm,/,null,STOPPED}{file:/home/runner/work/ozone/ozone/hadoop-ozone/integration-test/target/test-classes/webapps/scm}
2023-06-05 07:28:28,094 [main] INFO  server.AbstractConnector (AbstractConnector.java:doStop(383)) - Stopped ServerConnector@3c0a2402{HTTP/1.1, (http/1.1)}{0.0.0.0:15143}
2023-06-05 07:28:28,094 [main] INFO  server.session (HouseKeeper.java:stopScavenging(149)) - node0 Stopped scavenging
2023-06-05 07:28:28,095 [main] INFO  handler.ContextHandler (ContextHandler.java:doStop(1159)) - Stopped o.e.j.s.ServletContextHandler@6f060572{static,/static,file:///home/runner/work/ozone/ozone/hadoop-ozone/integration-test/target/test-classes/webapps/static,STOPPED}
2023-06-05 07:28:28,095 [main] INFO  handler.ContextHandler (ContextHandler.java:doStop(1159)) - Stopped o.e.j.s.ServletContextHandler@2f198fda{logs,/logs,file:///home/runner/work/ozone/ozone/hadoop-ozone/integration-test/target/log,STOPPED}
2023-06-05 07:28:28,096 [main] INFO  server.StorageContainerManager (StorageContainerManager.java:stop(1605)) - Stopping SCM LayoutVersionManager Service.
2023-06-05 07:28:28,096 [main] INFO  server.StorageContainerManager (StorageContainerManager.java:stop(1613)) - Stopping Block Manager Service.
2023-06-05 07:28:28,096 [main] INFO  utils.BackgroundService (BackgroundService.java:shutdown(141)) - Shutting down service SCMBlockDeletingService
2023-06-05 07:28:28,096 [main] INFO  utils.BackgroundService (BackgroundService.java:shutdown(141)) - Shutting down service SCMBlockDeletingService
2023-06-05 07:28:28,097 [main] INFO  server.StorageContainerManager (StorageContainerManager.java:stop(1635)) - Stopping SCM Event Queue.
2023-06-05 07:28:28,097 [main] INFO  server.StorageContainerManager (StorageContainerManager.java:stop(1646)) - Stopping SCM HA services.
2023-06-05 07:28:28,098 [main] INFO  ha.SCMRatisServerImpl (SCMRatisServerImpl.java:stop(254)) - stopping ratis server 0.0.0.0:9894
2023-06-05 07:28:28,098 [main] INFO  server.RaftServer (RaftServerProxy.java:lambda$close$6(416)) - 42128666-2452-445b-986a-5f6e8498da45: close
2023-06-05 07:28:28,098 [main] INFO  server.GrpcService (GrpcService.java:closeImpl(311)) - 42128666-2452-445b-986a-5f6e8498da45: shutdown server GrpcServerProtocolService now
2023-06-05 07:28:28,098 [42128666-2452-445b-986a-5f6e8498da45-impl-thread1] INFO  server.RaftServer$Division (RaftServerImpl.java:lambda$close$4(466)) - 42128666-2452-445b-986a-5f6e8498da45@group-5B0B38D18537: shutdown
2023-06-05 07:28:28,098 [42128666-2452-445b-986a-5f6e8498da45-impl-thread1] INFO  util.JmxRegister (JmxRegister.java:unregister(73)) - Successfully un-registered JMX Bean with object name Ratis:service=RaftServer,group=group-5B0B38D18537,id=42128666-2452-445b-986a-5f6e8498da45
2023-06-05 07:28:28,098 [42128666-2452-445b-986a-5f6e8498da45-impl-thread1] INFO  impl.RoleInfo (RoleInfo.java:shutdownLeaderState(93)) - 42128666-2452-445b-986a-5f6e8498da45: shutdown 42128666-2452-445b-986a-5f6e8498da45@group-5B0B38D18537-LeaderStateImpl
2023-06-05 07:28:28,098 [42128666-2452-445b-986a-5f6e8498da45-impl-thread1] INFO  impl.PendingRequests (PendingRequests.java:sendNotLeaderResponses(289)) - 42128666-2452-445b-986a-5f6e8498da45@group-5B0B38D18537-PendingRequests: sendNotLeaderResponses
2023-06-05 07:28:28,099 [42128666-2452-445b-986a-5f6e8498da45-impl-thread1] INFO  ha.SCMStateMachine (SCMStateMachine.java:notifyNotLeader(205)) - current leader SCM steps down.
2023-06-05 07:28:28,099 [42128666-2452-445b-986a-5f6e8498da45-impl-thread1] INFO  ha.SCMContext (SCMContext.java:updateLeaderAndTerm(99)) - update <isLeader,term> from <true,2> to <false,0>
2023-06-05 07:28:28,099 [42128666-2452-445b-986a-5f6e8498da45-impl-thread1] INFO  ha.SCMContext (SCMContext.java:updateLeaderAndTerm(106)) - update <isLeaderReady> from <false> to <false>
2023-06-05 07:28:28,099 [main] INFO  server.GrpcService (GrpcService.java:closeImpl(320)) - 42128666-2452-445b-986a-5f6e8498da45: shutdown server GrpcServerProtocolService successfully
2023-06-05 07:28:28,099 [42128666-2452-445b-986a-5f6e8498da45-impl-thread1] INFO  BackgroundPipelineScrubber (BackgroundSCMService.java:notifyStatusChanged(88)) - Service BackgroundPipelineScrubber transitions to PAUSING.
2023-06-05 07:28:28,099 [42128666-2452-445b-986a-5f6e8498da45-impl-thread1] INFO  ExpiredContainerReplicaOpScrubber (BackgroundSCMService.java:notifyStatusChanged(88)) - Service ExpiredContainerReplicaOpScrubber transitions to PAUSING.
2023-06-05 07:28:28,099 [42128666-2452-445b-986a-5f6e8498da45-impl-thread1] INFO  SCMHATransactionMonitor (BackgroundSCMService.java:notifyStatusChanged(88)) - Service SCMHATransactionMonitor transitions to PAUSING.
2023-06-05 07:28:28,102 [42128666-2452-445b-986a-5f6e8498da45-impl-thread1] INFO  impl.StateMachineUpdater (StateMachineUpdater.java:stopAndJoin(155)) - 42128666-2452-445b-986a-5f6e8498da45@group-5B0B38D18537-StateMachineUpdater: set stopIndex = 30
2023-06-05 07:28:28,102 [42128666-2452-445b-986a-5f6e8498da45@group-5B0B38D18537-StateMachineUpdater] INFO  server.StorageContainerManager (StorageContainerManager.java:stop(1548)) - Storage Container Manager is not running.
2023-06-05 07:28:28,102 [42128666-2452-445b-986a-5f6e8498da45@group-5B0B38D18537-StateMachineUpdater] INFO  server.StorageContainerManager (StorageContainerManager.java:stopReplicationManager(1690)) - Stopping Replication Manager Service.
2023-06-05 07:28:28,102 [42128666-2452-445b-986a-5f6e8498da45@group-5B0B38D18537-StateMachineUpdater] INFO  replication.ReplicationManager (ReplicationManager.java:stop(342)) - Replication Monitor Thread is not running.
2023-06-05 07:28:28,102 [42128666-2452-445b-986a-5f6e8498da45@group-5B0B38D18537-StateMachineUpdater] INFO  server.StorageContainerManager (ExitUtils.java:terminate(131)) - Terminating with exit status 0: scm statemachine is closed by ratis, terminate SCM
2023-06-05 07:28:28,102 [42128666-2452-445b-986a-5f6e8498da45@group-5B0B38D18537-StateMachineUpdater] WARN  impl.StateMachineUpdater (StateMachineUpdater.java:stop(139)) - 42128666-2452-445b-986a-5f6e8498da45@group-5B0B38D18537-StateMachineUpdater: Failed to close SCMStateMachine SCMStateMachine:42128666-2452-445b-986a-5f6e8498da45:group-5B0B38D18537
org.apache.ratis.util.ExitUtils$ExitException: scm statemachine is closed by ratis, terminate SCM
	at org.apache.ratis.util.ExitUtils.terminate(ExitUtils.java:141)
	at org.apache.ratis.util.ExitUtils.terminate(ExitUtils.java:151)
	at org.apache.ratis.util.ExitUtils.terminate(ExitUtils.java:155)
	at org.apache.hadoop.hdds.scm.server.StorageContainerManager.shutDown(StorageContainerManager.java:1700)
	at org.apache.hadoop.hdds.scm.ha.SCMStateMachine.close(SCMStateMachine.java:423)
	at org.apache.ratis.server.impl.StateMachineUpdater.stop(StateMachineUpdater.java:134)
	at org.apache.ratis.server.impl.StateMachineUpdater.run(StateMachineUpdater.java:189)
	at java.lang.Thread.run(Thread.java:750)
2023-06-05 07:28:28,103 [42128666-2452-445b-986a-5f6e8498da45-impl-thread1] INFO  server.RaftServer$Division (ServerState.java:close(472)) - 42128666-2452-445b-986a-5f6e8498da45@group-5B0B38D18537: closes. applyIndex: 100
2023-06-05 07:28:28,261 [42128666-2452-445b-986a-5f6e8498da45-impl-thread1] INFO  segmented.SegmentedRaftLogWorker (SegmentedRaftLogWorker.java:close(252)) - 42128666-2452-445b-986a-5f6e8498da45@group-5B0B38D18537-SegmentedRaftLogWorker close()
2023-06-05 07:28:28,262 [JvmPauseMonitor25] INFO  util.JvmPauseMonitor (JvmPauseMonitor.java:run(109)) - JvmPauseMonitor-42128666-2452-445b-986a-5f6e8498da45: Stopped
2023-06-05 07:28:28,262 [main] INFO  SCMHATransactionMonitor (BackgroundSCMService.java:stop(131)) - Stopping SCMHATransactionMonitor Service.
2023-06-05 07:28:28,262 [SCMHATransactionMonitorThread] WARN  SCMHATransactionMonitor (BackgroundSCMService.java:run(115)) - SCMHATransactionMonitor is interrupted, exit
2023-06-05 07:28:28,263 [main] INFO  pipeline.BackgroundPipelineCreator (BackgroundPipelineCreator.java:stop(149)) - Stopping RatisPipelineUtilsThread.
2023-06-05 07:28:28,263 [RatisPipelineUtilsThread - 0] WARN  pipeline.BackgroundPipelineCreator (BackgroundPipelineCreator.java:run(180)) - RatisPipelineUtilsThread is interrupted.
2023-06-05 07:28:28,263 [main] INFO  BackgroundPipelineScrubber (BackgroundSCMService.java:stop(131)) - Stopping BackgroundPipelineScrubber Service.
2023-06-05 07:28:28,263 [main] INFO  impl.MetricsSystemImpl (MetricsSystemImpl.java:stop(210)) - Stopping HddsDatanode metrics system...
2023-06-05 07:28:28,264 [BackgroundPipelineScrubberThread] WARN  BackgroundPipelineScrubber (BackgroundSCMService.java:run(115)) - BackgroundPipelineScrubber is interrupted, exit
2023-06-05 07:28:28,265 [prometheus] INFO  impl.MetricsSinkAdapter (MetricsSinkAdapter.java:publishMetricsFromQueue(141)) - prometheus thread interrupted.
2023-06-05 07:28:28,265 [main] INFO  impl.MetricsSystemImpl (MetricsSystemImpl.java:stop(216)) - HddsDatanode metrics system stopped.
2023-06-05 07:28:28,266 [main] WARN  pipeline.BackgroundPipelineCreator (BackgroundPipelineCreator.java:stop(145)) - RatisPipelineUtilsThread is not running, just ignore.
2023-06-05 07:28:28,266 [main] INFO  BackgroundPipelineScrubber (BackgroundSCMService.java:stop(126)) - BackgroundPipelineScrubber Service is not running, skip stop.
2023-06-05 07:28:28,266 [ExpiredContainerReplicaOpScrubberThread] WARN  ExpiredContainerReplicaOpScrubber (BackgroundSCMService.java:run(115)) - ExpiredContainerReplicaOpScrubber is interrupted, exit
2023-06-05 07:28:28,266 [main] INFO  ExpiredContainerReplicaOpScrubber (BackgroundSCMService.java:stop(131)) - Stopping ExpiredContainerReplicaOpScrubber Service.
2023-06-05 07:28:28,266 [main] INFO  utils.BackgroundService (BackgroundService.java:shutdown(141)) - Shutting down service SCMBlockDeletingService
2023-06-05 07:28:28,266 [main] INFO  replication.ReplicationManager (ReplicationManager.java:stop(342)) - Replication Monitor Thread is not running.
2023-06-05 07:28:28,266 [main] WARN  balancer.ContainerBalancer (ContainerBalancer.java:stop(328)) - Cannot stop Container Balancer because it's not running or stopping
2023-06-05 07:28:28,266 [main] INFO  SCMHATransactionMonitor (BackgroundSCMService.java:stop(126)) - SCMHATransactionMonitor Service is not running, skip stop.
2023-06-05 07:28:28,267 [Lease Manager-LeaseManager#LeaseMonitor] WARN  lease.LeaseManager (LeaseManager.java:run(272)) - Lease manager is interrupted. Shutting down...
java.lang.InterruptedException
	at java.util.concurrent.locks.AbstractQueuedSynchronizer.doAcquireSharedNanos(AbstractQueuedSynchronizer.java:1039)
	at java.util.concurrent.locks.AbstractQueuedSynchronizer.tryAcquireSharedNanos(AbstractQueuedSynchronizer.java:1328)
	at java.util.concurrent.Semaphore.tryAcquire(Semaphore.java:409)
	at org.apache.hadoop.ozone.lease.LeaseManager$LeaseMonitor.run(LeaseManager.java:270)
	at java.lang.Thread.run(Thread.java:750)
2023-06-05 07:28:28,267 [main] INFO  server.StorageContainerManager (StorageContainerManager.java:stop(1681)) - Stopping SCM MetadataStore.
]]></system-out>
    </rerunFailure>
    <rerunFailure type="java.lang.AssertionError">
      <stackTrace><![CDATA[java.lang.AssertionError: Found 4 leaked objects, check logs
	at org.apache.hadoop.hdds.utils.db.CodecBuffer.assertNoLeaks(CodecBuffer.java:101)
	at org.apache.hadoop.ozone.MiniOzoneClusterImpl.shutdown(MiniOzoneClusterImpl.java:451)
	at org.apache.hadoop.hdds.scm.TestSCMInstallSnapshot.shutdown(TestSCMInstallSnapshot.java:80)
	at sun.reflect.NativeMethodAccessorImpl.invoke0(Native Method)
	at sun.reflect.NativeMethodAccessorImpl.invoke(NativeMethodAccessorImpl.java:62)
	at sun.reflect.DelegatingMethodAccessorImpl.invoke(DelegatingMethodAccessorImpl.java:43)
	at java.lang.reflect.Method.invoke(Method.java:498)
	at org.junit.platform.commons.util.ReflectionUtils.invokeMethod(ReflectionUtils.java:725)
	at org.junit.jupiter.engine.execution.MethodInvocation.proceed(MethodInvocation.java:60)
	at org.junit.jupiter.engine.execution.InvocationInterceptorChain$ValidatingInvocation.proceed(InvocationInterceptorChain.java:131)
	at org.junit.jupiter.engine.extension.TimeoutExtension.intercept(TimeoutExtension.java:149)
	at org.junit.jupiter.engine.extension.TimeoutExtension.interceptLifecycleMethod(TimeoutExtension.java:126)
	at org.junit.jupiter.engine.extension.TimeoutExtension.interceptAfterAllMethod(TimeoutExtension.java:116)
	at org.junit.jupiter.engine.execution.ExecutableInvoker$ReflectiveInterceptorCall.lambda$ofVoidMethod$0(ExecutableInvoker.java:115)
	at org.junit.jupiter.engine.execution.ExecutableInvoker.lambda$invoke$0(ExecutableInvoker.java:105)
	at org.junit.jupiter.engine.execution.InvocationInterceptorChain$InterceptedInvocation.proceed(InvocationInterceptorChain.java:106)
	at org.junit.jupiter.engine.execution.InvocationInterceptorChain.proceed(InvocationInterceptorChain.java:64)
	at org.junit.jupiter.engine.execution.InvocationInterceptorChain.chainAndInvoke(InvocationInterceptorChain.java:45)
	at org.junit.jupiter.engine.execution.InvocationInterceptorChain.invoke(InvocationInterceptorChain.java:37)
	at org.junit.jupiter.engine.execution.ExecutableInvoker.invoke(ExecutableInvoker.java:104)
	at org.junit.jupiter.engine.execution.ExecutableInvoker.invoke(ExecutableInvoker.java:98)
	at org.junit.jupiter.engine.descriptor.ClassBasedTestDescriptor.lambda$invokeAfterAllMethods$13(ClassBasedTestDescriptor.java:425)
	at org.junit.platform.engine.support.hierarchical.ThrowableCollector.execute(ThrowableCollector.java:73)
	at org.junit.jupiter.engine.descriptor.ClassBasedTestDescriptor.lambda$invokeAfterAllMethods$14(ClassBasedTestDescriptor.java:423)
	at java.util.ArrayList.forEach(ArrayList.java:1259)
	at java.util.Collections$UnmodifiableCollection.forEach(Collections.java:1082)
	at org.junit.jupiter.engine.descriptor.ClassBasedTestDescriptor.invokeAfterAllMethods(ClassBasedTestDescriptor.java:423)
	at org.junit.jupiter.engine.descriptor.ClassBasedTestDescriptor.after(ClassBasedTestDescriptor.java:225)
	at org.junit.jupiter.engine.descriptor.ClassBasedTestDescriptor.after(ClassBasedTestDescriptor.java:80)
	at org.junit.platform.engine.support.hierarchical.NodeTestTask.lambda$executeRecursively$7(NodeTestTask.java:161)
	at org.junit.platform.engine.support.hierarchical.ThrowableCollector.execute(ThrowableCollector.java:73)
	at org.junit.platform.engine.support.hierarchical.NodeTestTask.lambda$executeRecursively$8(NodeTestTask.java:161)
	at org.junit.platform.engine.support.hierarchical.Node.around(Node.java:137)
	at org.junit.platform.engine.support.hierarchical.NodeTestTask.lambda$executeRecursively$9(NodeTestTask.java:139)
	at org.junit.platform.engine.support.hierarchical.ThrowableCollector.execute(ThrowableCollector.java:73)
	at org.junit.platform.engine.support.hierarchical.NodeTestTask.executeRecursively(NodeTestTask.java:138)
	at org.junit.platform.engine.support.hierarchical.NodeTestTask.execute(NodeTestTask.java:95)
	at java.util.ArrayList.forEach(ArrayList.java:1259)
	at org.junit.platform.engine.support.hierarchical.SameThreadHierarchicalTestExecutorService.invokeAll(SameThreadHierarchicalTestExecutorService.java:41)
	at org.junit.platform.engine.support.hierarchical.NodeTestTask.lambda$executeRecursively$6(NodeTestTask.java:155)
	at org.junit.platform.engine.support.hierarchical.ThrowableCollector.execute(ThrowableCollector.java:73)
	at org.junit.platform.engine.support.hierarchical.NodeTestTask.lambda$executeRecursively$8(NodeTestTask.java:141)
	at org.junit.platform.engine.support.hierarchical.Node.around(Node.java:137)
	at org.junit.platform.engine.support.hierarchical.NodeTestTask.lambda$executeRecursively$9(NodeTestTask.java:139)
	at org.junit.platform.engine.support.hierarchical.ThrowableCollector.execute(ThrowableCollector.java:73)
	at org.junit.platform.engine.support.hierarchical.NodeTestTask.executeRecursively(NodeTestTask.java:138)
	at org.junit.platform.engine.support.hierarchical.NodeTestTask.execute(NodeTestTask.java:95)
	at org.junit.platform.engine.support.hierarchical.SameThreadHierarchicalTestExecutorService.submit(SameThreadHierarchicalTestExecutorService.java:35)
	at org.junit.platform.engine.support.hierarchical.HierarchicalTestExecutor.execute(HierarchicalTestExecutor.java:57)
	at org.junit.platform.engine.support.hierarchical.HierarchicalTestEngine.execute(HierarchicalTestEngine.java:54)
	at org.junit.platform.launcher.core.EngineExecutionOrchestrator.execute(EngineExecutionOrchestrator.java:107)
	at org.junit.platform.launcher.core.EngineExecutionOrchestrator.execute(EngineExecutionOrchestrator.java:88)
	at org.junit.platform.launcher.core.EngineExecutionOrchestrator.lambda$execute$0(EngineExecutionOrchestrator.java:54)
	at org.junit.platform.launcher.core.EngineExecutionOrchestrator.withInterceptedStreams(EngineExecutionOrchestrator.java:67)
	at org.junit.platform.launcher.core.EngineExecutionOrchestrator.execute(EngineExecutionOrchestrator.java:52)
	at org.junit.platform.launcher.core.DefaultLauncher.execute(DefaultLauncher.java:114)
	at org.junit.platform.launcher.core.DefaultLauncher.execute(DefaultLauncher.java:86)
	at org.junit.platform.launcher.core.DefaultLauncherSession$DelegatingLauncher.execute(DefaultLauncherSession.java:86)
	at org.junit.platform.launcher.core.SessionPerRequestLauncher.execute(SessionPerRequestLauncher.java:53)
	at org.apache.maven.surefire.junitplatform.JUnitPlatformProvider.invokeAllTests(JUnitPlatformProvider.java:165)
	at org.apache.maven.surefire.junitplatform.JUnitPlatformProvider.invoke(JUnitPlatformProvider.java:124)
	at org.apache.maven.surefire.booter.ForkedBooter.runSuitesInProcess(ForkedBooter.java:428)
	at org.apache.maven.surefire.booter.ForkedBooter.execute(ForkedBooter.java:162)
	at org.apache.maven.surefire.booter.ForkedBooter.run(ForkedBooter.java:562)
	at org.apache.maven.surefire.booter.ForkedBooter.main(ForkedBooter.java:548)
]]></stackTrace>
      <system-out><![CDATA[2023-06-05 07:28:54,975 [main] INFO  ozone.MiniOzoneClusterImpl (MiniOzoneClusterImpl.java:shutdown(442)) - Shutting down the Mini Ozone Cluster
2023-06-05 07:28:54,975 [main] INFO  ozone.MiniOzoneClusterImpl (MiniOzoneClusterImpl.java:stop(459)) - Stopping the Mini Ozone Cluster
2023-06-05 07:28:54,975 [main] INFO  ozone.MiniOzoneClusterImpl (MiniOzoneClusterImpl.java:stopOM(545)) - Stopping the OzoneManager
2023-06-05 07:28:54,975 [main] INFO  om.OzoneManager (OzoneManager.java:stop(2165)) - om1[localhost:15179]: Stopping Ozone Manager
2023-06-05 07:28:54,975 [main] INFO  ipc.Server (Server.java:stop(3501)) - Stopping server on 15179
2023-06-05 07:28:54,982 [IPC Server Responder] INFO  ipc.Server (Server.java:run(1563)) - Stopping IPC Server Responder
2023-06-05 07:28:54,982 [IPC Server listener on 15179] INFO  ipc.Server (Server.java:run(1430)) - Stopping IPC Server listener on 15179
2023-06-05 07:28:54,982 [main] INFO  server.RaftServer (RaftServerProxy.java:lambda$close$6(416)) - om1: close
2023-06-05 07:28:54,984 [om1-impl-thread1] INFO  server.RaftServer$Division (RaftServerImpl.java:lambda$close$4(466)) - om1@group-C5BA1605619E: shutdown
2023-06-05 07:28:54,984 [om1-impl-thread1] INFO  util.JmxRegister (JmxRegister.java:unregister(73)) - Successfully un-registered JMX Bean with object name Ratis:service=RaftServer,group=group-C5BA1605619E,id=om1
2023-06-05 07:28:54,984 [om1-impl-thread1] INFO  impl.RoleInfo (RoleInfo.java:shutdownLeaderState(93)) - om1: shutdown om1@group-C5BA1605619E-LeaderStateImpl
2023-06-05 07:28:54,984 [om1-impl-thread1] INFO  impl.PendingRequests (PendingRequests.java:sendNotLeaderResponses(289)) - om1@group-C5BA1605619E-PendingRequests: sendNotLeaderResponses
2023-06-05 07:28:54,985 [om1-impl-thread1] INFO  impl.StateMachineUpdater (StateMachineUpdater.java:stopAndJoin(155)) - om1@group-C5BA1605619E-StateMachineUpdater: set stopIndex = 0
2023-06-05 07:28:54,985 [om1@group-C5BA1605619E-StateMachineUpdater] INFO  ratis.OzoneManagerStateMachine (OzoneManagerStateMachine.java:takeSnapshot(479)) - Current Snapshot Index (t:1, i:0)
2023-06-05 07:28:54,985 [main] INFO  server.GrpcService (GrpcService.java:closeImpl(311)) - om1: shutdown server GrpcServerProtocolService now
2023-06-05 07:28:54,989 [main] INFO  server.GrpcService (GrpcService.java:closeImpl(320)) - om1: shutdown server GrpcServerProtocolService successfully
2023-06-05 07:28:55,001 [om1@group-C5BA1605619E-StateMachineUpdater] INFO  impl.StateMachineUpdater (StateMachineUpdater.java:takeSnapshot(291)) - om1@group-C5BA1605619E-StateMachineUpdater: Took a snapshot at index 0
2023-06-05 07:28:55,001 [om1@group-C5BA1605619E-StateMachineUpdater] INFO  impl.StateMachineUpdater (StateMachineUpdater.java:lambda$new$0(97)) - om1@group-C5BA1605619E-StateMachineUpdater: snapshotIndex: updateIncreasingly -1 -> 0
2023-06-05 07:28:55,001 [om1@group-C5BA1605619E-StateMachineUpdater] INFO  ratis.OzoneManagerStateMachine (OzoneManagerStateMachine.java:close(533)) - StateMachine has shutdown. Shutdown OzoneManager if not already shutdown.
2023-06-05 07:28:55,001 [om1@group-C5BA1605619E-StateMachineUpdater] INFO  ratis.OzoneManagerDoubleBuffer (OzoneManagerDoubleBuffer.java:stopDaemon(559)) - Stopping OMDoubleBuffer flush thread
2023-06-05 07:28:55,001 [OMDoubleBufferFlushThread] INFO  ratis.OzoneManagerDoubleBuffer (OzoneManagerDoubleBuffer.java:canFlush(648)) - OMDoubleBuffer flush thread OMDoubleBufferFlushThread is interrupted and will exit.
2023-06-05 07:28:55,003 [om1-impl-thread1] INFO  server.RaftServer$Division (ServerState.java:close(472)) - om1@group-C5BA1605619E: closes. applyIndex: 0
2023-06-05 07:28:55,711 [om1-impl-thread1] INFO  segmented.SegmentedRaftLogWorker (SegmentedRaftLogWorker.java:close(252)) - om1@group-C5BA1605619E-SegmentedRaftLogWorker close()
2023-06-05 07:28:55,711 [JvmPauseMonitor32] INFO  util.JvmPauseMonitor (JvmPauseMonitor.java:run(109)) - JvmPauseMonitor-om1: Stopped
2023-06-05 07:28:55,711 [main] INFO  ratis.OzoneManagerStateMachine (OzoneManagerStateMachine.java:close(533)) - StateMachine has shutdown. Shutdown OzoneManager if not already shutdown.
2023-06-05 07:28:55,712 [main] INFO  ratis.OzoneManagerDoubleBuffer (OzoneManagerDoubleBuffer.java:stopDaemon(568)) - OMDoubleBuffer flush thread is not running.
2023-06-05 07:28:55,712 [main] INFO  utils.BackgroundService (BackgroundService.java:shutdown(141)) - Shutting down service KeyDeletingService
2023-06-05 07:28:55,713 [main] INFO  utils.BackgroundService (BackgroundService.java:shutdown(141)) - Shutting down service KeyDeletingService
2023-06-05 07:28:55,713 [main] INFO  utils.BackgroundService (BackgroundService.java:shutdown(141)) - Shutting down service OpenKeyCleanupService
2023-06-05 07:28:55,713 [main] INFO  utils.BackgroundService (BackgroundService.java:shutdown(141)) - Shutting down service SstFilteringService
2023-06-05 07:28:55,713 [main] INFO  utils.BackgroundService (BackgroundService.java:shutdown(141)) - Shutting down service SnapshotDeletingService
2023-06-05 07:28:55,714 [main] INFO  handler.ContextHandler (ContextHandler.java:doStop(1159)) - Stopped o.e.j.w.WebAppContext@4e874ae1{ozoneManager,/,null,STOPPED}{file:/home/runner/work/ozone/ozone/hadoop-ozone/integration-test/target/test-classes/webapps/ozoneManager}
2023-06-05 07:28:55,714 [main] INFO  server.AbstractConnector (AbstractConnector.java:doStop(383)) - Stopped ServerConnector@67534eeb{HTTP/1.1, (http/1.1)}{0.0.0.0:15180}
2023-06-05 07:28:55,715 [main] INFO  server.session (HouseKeeper.java:stopScavenging(149)) - node0 Stopped scavenging
2023-06-05 07:28:55,715 [main] INFO  handler.ContextHandler (ContextHandler.java:doStop(1159)) - Stopped o.e.j.s.ServletContextHandler@63d53653{static,/static,file:///home/runner/work/ozone/ozone/hadoop-ozone/integration-test/target/test-classes/webapps/static,STOPPED}
2023-06-05 07:28:55,715 [main] INFO  handler.ContextHandler (ContextHandler.java:doStop(1159)) - Stopped o.e.j.s.ServletContextHandler@570adc04{logs,/logs,file:///home/runner/work/ozone/ozone/hadoop-ozone/integration-test/target/log,STOPPED}
2023-06-05 07:28:55,717 [main] INFO  snapshot.SnapshotDiffManager (SnapshotDiffManager.java:closeExecutorService(1278)) - Shutting down executorService: 'SnapDiffExecutor'
2023-06-05 07:28:55,717 [main] INFO  utils.BackgroundService (BackgroundService.java:shutdown(141)) - Shutting down service SnapshotDiffCleanupService
2023-06-05 07:28:55,718 [main] INFO  ozone.MiniOzoneClusterImpl (MiniOzoneClusterImpl.java:stopDatanodes(522)) - Stopping the HddsDatanodes
2023-06-05 07:28:55,722 [main] INFO  ozoneimpl.OzoneContainer (OzoneContainer.java:stop(420)) - Attempting to stop container services.
2023-06-05 07:28:55,722 [ForkJoinPool.commonPool-worker-2] INFO  ozoneimpl.OzoneContainer (OzoneContainer.java:stop(420)) - Attempting to stop container services.
2023-06-05 07:28:55,724 [ForkJoinPool.commonPool-worker-2] INFO  server.RaftServer (RaftServerProxy.java:lambda$close$6(416)) - 7cdc6568-d6a5-477b-b4bf-6140aab22cd7: close
2023-06-05 07:28:55,724 [7cdc6568-d6a5-477b-b4bf-6140aab22cd7-impl-thread1] INFO  server.RaftServer$Division (RaftServerImpl.java:lambda$close$4(466)) - 7cdc6568-d6a5-477b-b4bf-6140aab22cd7@group-7D242210CACE: shutdown
2023-06-05 07:28:55,724 [7cdc6568-d6a5-477b-b4bf-6140aab22cd7-impl-thread1] INFO  util.JmxRegister (JmxRegister.java:unregister(73)) - Successfully un-registered JMX Bean with object name Ratis:service=RaftServer,group=group-7D242210CACE,id=7cdc6568-d6a5-477b-b4bf-6140aab22cd7
2023-06-05 07:28:55,724 [7cdc6568-d6a5-477b-b4bf-6140aab22cd7-impl-thread1] INFO  impl.RoleInfo (RoleInfo.java:shutdownFollowerState(110)) - 7cdc6568-d6a5-477b-b4bf-6140aab22cd7: shutdown 7cdc6568-d6a5-477b-b4bf-6140aab22cd7@group-7D242210CACE-FollowerState
2023-06-05 07:28:55,724 [7cdc6568-d6a5-477b-b4bf-6140aab22cd7-impl-thread1] INFO  impl.StateMachineUpdater (StateMachineUpdater.java:stopAndJoin(155)) - 7cdc6568-d6a5-477b-b4bf-6140aab22cd7@group-7D242210CACE-StateMachineUpdater: set stopIndex = -1
2023-06-05 07:28:55,725 [7cdc6568-d6a5-477b-b4bf-6140aab22cd7@group-7D242210CACE-FollowerState] INFO  impl.FollowerState (FollowerState.java:run(152)) - 7cdc6568-d6a5-477b-b4bf-6140aab22cd7@group-7D242210CACE-FollowerState was interrupted
2023-06-05 07:28:55,725 [7cdc6568-d6a5-477b-b4bf-6140aab22cd7-impl-thread1] INFO  server.RaftServer$Division (ServerState.java:close(472)) - 7cdc6568-d6a5-477b-b4bf-6140aab22cd7@group-7D242210CACE: closes. applyIndex: -1
2023-06-05 07:28:55,726 [main] INFO  server.RaftServer (RaftServerProxy.java:lambda$close$6(416)) - 39af4e03-a6cc-4396-8fa9-559b7ec5477f: close
2023-06-05 07:28:55,727 [ForkJoinPool.commonPool-worker-2] INFO  server.GrpcService (GrpcService.java:closeImpl(311)) - 7cdc6568-d6a5-477b-b4bf-6140aab22cd7: shutdown server org.apache.ratis.grpc.server.GrpcClientProtocolService now
2023-06-05 07:28:55,727 [39af4e03-a6cc-4396-8fa9-559b7ec5477f-impl-thread1] INFO  server.RaftServer$Division (RaftServerImpl.java:lambda$close$4(466)) - 39af4e03-a6cc-4396-8fa9-559b7ec5477f@group-7D242210CACE: shutdown
2023-06-05 07:28:55,727 [39af4e03-a6cc-4396-8fa9-559b7ec5477f-impl-thread1] INFO  util.JmxRegister (JmxRegister.java:unregister(73)) - Successfully un-registered JMX Bean with object name Ratis:service=RaftServer,group=group-7D242210CACE,id=39af4e03-a6cc-4396-8fa9-559b7ec5477f
2023-06-05 07:28:55,727 [39af4e03-a6cc-4396-8fa9-559b7ec5477f-impl-thread1] INFO  impl.RoleInfo (RoleInfo.java:shutdownFollowerState(110)) - 39af4e03-a6cc-4396-8fa9-559b7ec5477f: shutdown 39af4e03-a6cc-4396-8fa9-559b7ec5477f@group-7D242210CACE-FollowerState
2023-06-05 07:28:55,727 [7cdc6568-d6a5-477b-b4bf-6140aab22cd7-impl-thread3] INFO  server.RaftServer$Division (RaftServerImpl.java:lambda$close$4(466)) - 7cdc6568-d6a5-477b-b4bf-6140aab22cd7@group-BFC8306BD783: shutdown
2023-06-05 07:28:55,727 [7cdc6568-d6a5-477b-b4bf-6140aab22cd7-impl-thread3] INFO  util.JmxRegister (JmxRegister.java:unregister(73)) - Successfully un-registered JMX Bean with object name Ratis:service=RaftServer,group=group-BFC8306BD783,id=7cdc6568-d6a5-477b-b4bf-6140aab22cd7
2023-06-05 07:28:55,727 [7cdc6568-d6a5-477b-b4bf-6140aab22cd7-impl-thread3] INFO  impl.RoleInfo (RoleInfo.java:shutdownLeaderState(93)) - 7cdc6568-d6a5-477b-b4bf-6140aab22cd7: shutdown 7cdc6568-d6a5-477b-b4bf-6140aab22cd7@group-BFC8306BD783-LeaderStateImpl
2023-06-05 07:28:55,726 [7cdc6568-d6a5-477b-b4bf-6140aab22cd7-impl-thread2] INFO  server.RaftServer$Division (RaftServerImpl.java:lambda$close$4(466)) - 7cdc6568-d6a5-477b-b4bf-6140aab22cd7@group-76B4AE8D70B5: shutdown
2023-06-05 07:28:55,728 [7cdc6568-d6a5-477b-b4bf-6140aab22cd7-impl-thread2] INFO  util.JmxRegister (JmxRegister.java:unregister(73)) - Successfully un-registered JMX Bean with object name Ratis:service=RaftServer,group=group-76B4AE8D70B5,id=7cdc6568-d6a5-477b-b4bf-6140aab22cd7
2023-06-05 07:28:55,728 [7cdc6568-d6a5-477b-b4bf-6140aab22cd7-impl-thread2] INFO  impl.RoleInfo (RoleInfo.java:shutdownLeaderState(93)) - 7cdc6568-d6a5-477b-b4bf-6140aab22cd7: shutdown 7cdc6568-d6a5-477b-b4bf-6140aab22cd7@group-76B4AE8D70B5-LeaderStateImpl
2023-06-05 07:28:55,728 [7cdc6568-d6a5-477b-b4bf-6140aab22cd7-impl-thread2] INFO  impl.PendingRequests (PendingRequests.java:sendNotLeaderResponses(289)) - 7cdc6568-d6a5-477b-b4bf-6140aab22cd7@group-76B4AE8D70B5-PendingRequests: sendNotLeaderResponses
2023-06-05 07:28:55,728 [7cdc6568-d6a5-477b-b4bf-6140aab22cd7-impl-thread2] INFO  impl.StateMachineUpdater (StateMachineUpdater.java:stopAndJoin(155)) - 7cdc6568-d6a5-477b-b4bf-6140aab22cd7@group-76B4AE8D70B5-StateMachineUpdater: set stopIndex = 0
2023-06-05 07:28:55,729 [39af4e03-a6cc-4396-8fa9-559b7ec5477f-impl-thread2] INFO  server.RaftServer$Division (RaftServerImpl.java:lambda$close$4(466)) - 39af4e03-a6cc-4396-8fa9-559b7ec5477f@group-395B4B4B161A: shutdown
2023-06-05 07:28:55,729 [39af4e03-a6cc-4396-8fa9-559b7ec5477f-impl-thread2] INFO  util.JmxRegister (JmxRegister.java:unregister(73)) - Successfully un-registered JMX Bean with object name Ratis:service=RaftServer,group=group-395B4B4B161A,id=39af4e03-a6cc-4396-8fa9-559b7ec5477f
2023-06-05 07:28:55,729 [39af4e03-a6cc-4396-8fa9-559b7ec5477f-impl-thread2] INFO  impl.RoleInfo (RoleInfo.java:shutdownLeaderState(93)) - 39af4e03-a6cc-4396-8fa9-559b7ec5477f: shutdown 39af4e03-a6cc-4396-8fa9-559b7ec5477f@group-395B4B4B161A-LeaderStateImpl
2023-06-05 07:28:55,729 [39af4e03-a6cc-4396-8fa9-559b7ec5477f-impl-thread2] INFO  impl.PendingRequests (PendingRequests.java:sendNotLeaderResponses(289)) - 39af4e03-a6cc-4396-8fa9-559b7ec5477f@group-395B4B4B161A-PendingRequests: sendNotLeaderResponses
2023-06-05 07:28:55,729 [39af4e03-a6cc-4396-8fa9-559b7ec5477f@group-395B4B4B161A-StateMachineUpdater] INFO  ratis.ContainerStateMachine (ContainerStateMachine.java:takeSnapshot(330)) - group-395B4B4B161A: Taking a snapshot at:(t:1, i:0) file /home/runner/work/ozone/ozone/hadoop-ozone/integration-test/target/test-dir/MiniOzoneClusterImpl-5306be96-59fc-4757-ace3-2514915f6fe8/datanode-1/data/ratis/46d9bdfb-b932-4d42-92ba-395b4b4b161a/sm/snapshot.1_0
2023-06-05 07:28:55,729 [7cdc6568-d6a5-477b-b4bf-6140aab22cd7@group-76B4AE8D70B5-StateMachineUpdater] INFO  ratis.ContainerStateMachine (ContainerStateMachine.java:takeSnapshot(330)) - group-76B4AE8D70B5: Taking a snapshot at:(t:1, i:0) file /home/runner/work/ozone/ozone/hadoop-ozone/integration-test/target/test-dir/MiniOzoneClusterImpl-5306be96-59fc-4757-ace3-2514915f6fe8/datanode-0/data/ratis/62db9f7d-22a9-496e-8108-76b4ae8d70b5/sm/snapshot.1_0
2023-06-05 07:28:55,729 [39af4e03-a6cc-4396-8fa9-559b7ec5477f-impl-thread2] INFO  impl.StateMachineUpdater (StateMachineUpdater.java:stopAndJoin(155)) - 39af4e03-a6cc-4396-8fa9-559b7ec5477f@group-395B4B4B161A-StateMachineUpdater: set stopIndex = 0
2023-06-05 07:28:55,729 [main] INFO  server.GrpcService (GrpcService.java:closeImpl(311)) - 39af4e03-a6cc-4396-8fa9-559b7ec5477f: shutdown server org.apache.ratis.grpc.server.GrpcClientProtocolService now
2023-06-05 07:28:55,730 [39af4e03-a6cc-4396-8fa9-559b7ec5477f-impl-thread3] INFO  server.RaftServer$Division (RaftServerImpl.java:lambda$close$4(466)) - 39af4e03-a6cc-4396-8fa9-559b7ec5477f@group-BFC8306BD783: shutdown
2023-06-05 07:28:55,730 [39af4e03-a6cc-4396-8fa9-559b7ec5477f-impl-thread3] INFO  util.JmxRegister (JmxRegister.java:unregister(73)) - Successfully un-registered JMX Bean with object name Ratis:service=RaftServer,group=group-BFC8306BD783,id=39af4e03-a6cc-4396-8fa9-559b7ec5477f
2023-06-05 07:28:55,730 [39af4e03-a6cc-4396-8fa9-559b7ec5477f-impl-thread3] INFO  impl.RoleInfo (RoleInfo.java:shutdownFollowerState(110)) - 39af4e03-a6cc-4396-8fa9-559b7ec5477f: shutdown 39af4e03-a6cc-4396-8fa9-559b7ec5477f@group-BFC8306BD783-FollowerState
2023-06-05 07:28:55,730 [7cdc6568-d6a5-477b-b4bf-6140aab22cd7@group-BFC8306BD783->ec3fd841-f69b-4ddd-a2e9-790065d70cf3-GrpcLogAppender-LogAppenderDaemon] WARN  server.GrpcLogAppender (GrpcLogAppender.java:mayWait(199)) - 7cdc6568-d6a5-477b-b4bf-6140aab22cd7@group-BFC8306BD783->ec3fd841-f69b-4ddd-a2e9-790065d70cf3-GrpcLogAppender: Wait interrupted by java.lang.InterruptedException
2023-06-05 07:28:55,731 [7cdc6568-d6a5-477b-b4bf-6140aab22cd7@group-76B4AE8D70B5-StateMachineUpdater] INFO  ratis.ContainerStateMachine (ContainerStateMachine.java:takeSnapshot(341)) - group-76B4AE8D70B5: Finished taking a snapshot at:(t:1, i:0) file:/home/runner/work/ozone/ozone/hadoop-ozone/integration-test/target/test-dir/MiniOzoneClusterImpl-5306be96-59fc-4757-ace3-2514915f6fe8/datanode-0/data/ratis/62db9f7d-22a9-496e-8108-76b4ae8d70b5/sm/snapshot.1_0 took: 1 ms
2023-06-05 07:28:55,731 [7cdc6568-d6a5-477b-b4bf-6140aab22cd7@group-76B4AE8D70B5-StateMachineUpdater] INFO  impl.StateMachineUpdater (StateMachineUpdater.java:takeSnapshot(291)) - 7cdc6568-d6a5-477b-b4bf-6140aab22cd7@group-76B4AE8D70B5-StateMachineUpdater: Took a snapshot at index 0
2023-06-05 07:28:55,731 [7cdc6568-d6a5-477b-b4bf-6140aab22cd7@group-76B4AE8D70B5-StateMachineUpdater] INFO  impl.StateMachineUpdater (StateMachineUpdater.java:lambda$new$0(97)) - 7cdc6568-d6a5-477b-b4bf-6140aab22cd7@group-76B4AE8D70B5-StateMachineUpdater: snapshotIndex: updateIncreasingly -1 -> 0
2023-06-05 07:28:55,731 [grpc-default-executor-9] INFO  server.GrpcServerProtocolService (GrpcServerProtocolService.java:onCompleted(155)) - ec3fd841-f69b-4ddd-a2e9-790065d70cf3: Completed APPEND_ENTRIES, lastRequest: 7cdc6568-d6a5-477b-b4bf-6140aab22cd7->ec3fd841-f69b-4ddd-a2e9-790065d70cf3#1-t1,previous=(t:0, i:0),leaderCommit=0,initializing? true,entries: size=1, first=(t:1, i:0), CONFIGURATIONENTRY(current:id: "ec3fd841-f69b-4ddd-a2e9-790065d70cf3"
address: "10.1.0.81:15207"
dataStreamAddress: "10.1.0.81:15208"
clientAddress: "10.1.0.81:15205"
adminAddress: "10.1.0.81:15206"
startupRole: FOLLOWER
,id: "39af4e03-a6cc-4396-8fa9-559b7ec5477f"
address: "10.1.0.81:15198"
dataStreamAddress: "10.1.0.81:15199"
clientAddress: "10.1.0.81:15196"
adminAddress: "10.1.0.81:15197"
startupRole: FOLLOWER
,id: "7cdc6568-d6a5-477b-b4bf-6140aab22cd7"
address: "10.1.0.81:15189"
priority: 1
dataStreamAddress: "10.1.0.81:15190"
clientAddress: "10.1.0.81:15187"
adminAddress: "10.1.0.81:15188"
startupRole: FOLLOWER
, old:)
2023-06-05 07:28:55,731 [grpc-default-executor-9] INFO  server.GrpcServerProtocolService (GrpcServerProtocolService.java:lambda$onCompleted$5(157)) - ec3fd841-f69b-4ddd-a2e9-790065d70cf3: Completed APPEND_ENTRIES, lastReply: null
2023-06-05 07:28:55,732 [39af4e03-a6cc-4396-8fa9-559b7ec5477f@group-395B4B4B161A-StateMachineUpdater] INFO  ratis.ContainerStateMachine (ContainerStateMachine.java:takeSnapshot(341)) - group-395B4B4B161A: Finished taking a snapshot at:(t:1, i:0) file:/home/runner/work/ozone/ozone/hadoop-ozone/integration-test/target/test-dir/MiniOzoneClusterImpl-5306be96-59fc-4757-ace3-2514915f6fe8/datanode-1/data/ratis/46d9bdfb-b932-4d42-92ba-395b4b4b161a/sm/snapshot.1_0 took: 2 ms
2023-06-05 07:28:55,732 [39af4e03-a6cc-4396-8fa9-559b7ec5477f@group-395B4B4B161A-StateMachineUpdater] INFO  impl.StateMachineUpdater (StateMachineUpdater.java:takeSnapshot(291)) - 39af4e03-a6cc-4396-8fa9-559b7ec5477f@group-395B4B4B161A-StateMachineUpdater: Took a snapshot at index 0
2023-06-05 07:28:55,732 [39af4e03-a6cc-4396-8fa9-559b7ec5477f@group-395B4B4B161A-StateMachineUpdater] INFO  impl.StateMachineUpdater (StateMachineUpdater.java:lambda$new$0(97)) - 39af4e03-a6cc-4396-8fa9-559b7ec5477f@group-395B4B4B161A-StateMachineUpdater: snapshotIndex: updateIncreasingly -1 -> 0
2023-06-05 07:28:55,732 [grpc-default-executor-10] INFO  server.GrpcServerProtocolService (GrpcServerProtocolService.java:onCompleted(155)) - ec3fd841-f69b-4ddd-a2e9-790065d70cf3: Completed APPEND_ENTRIES, lastRequest: null
2023-06-05 07:28:55,732 [7cdc6568-d6a5-477b-b4bf-6140aab22cd7-impl-thread2] INFO  server.RaftServer$Division (ServerState.java:close(472)) - 7cdc6568-d6a5-477b-b4bf-6140aab22cd7@group-76B4AE8D70B5: closes. applyIndex: 0
2023-06-05 07:28:55,732 [39af4e03-a6cc-4396-8fa9-559b7ec5477f-impl-thread2] INFO  server.RaftServer$Division (ServerState.java:close(472)) - 39af4e03-a6cc-4396-8fa9-559b7ec5477f@group-395B4B4B161A: closes. applyIndex: 0
2023-06-05 07:28:55,732 [grpc-default-executor-10] INFO  server.GrpcServerProtocolService (GrpcServerProtocolService.java:lambda$onCompleted$5(157)) - ec3fd841-f69b-4ddd-a2e9-790065d70cf3: Completed APPEND_ENTRIES, lastReply: serverReply {
  requestorId: "7cdc6568-d6a5-477b-b4bf-6140aab22cd7"
  replyId: "ec3fd841-f69b-4ddd-a2e9-790065d70cf3"
  raftGroupId {
    id: "D\307\006V \323K\223\271\212\277\3100k\327\203"
  }
  success: true
}
term: 1
followerCommit: 18446744073709551615
matchIndex: 18446744073709551615
isHearbeat: true

2023-06-05 07:28:55,733 [grpc-default-executor-11] INFO  server.GrpcLogAppender (GrpcLogAppender.java:onCompleted(428)) - 7cdc6568-d6a5-477b-b4bf-6140aab22cd7@group-BFC8306BD783->ec3fd841-f69b-4ddd-a2e9-790065d70cf3-AppendLogResponseHandler: follower responses appendEntries COMPLETED
2023-06-05 07:28:55,733 [grpc-default-executor-11] INFO  leader.FollowerInfo (FollowerInfoImpl.java:lambda$new$0(52)) - 7cdc6568-d6a5-477b-b4bf-6140aab22cd7@group-BFC8306BD783->ec3fd841-f69b-4ddd-a2e9-790065d70cf3: decreaseNextIndex nextIndex: updateUnconditionally 1 -> 0
2023-06-05 07:28:55,733 [grpc-default-executor-11] INFO  server.GrpcLogAppender (GrpcLogAppender.java:onCompleted(428)) - 7cdc6568-d6a5-477b-b4bf-6140aab22cd7@group-BFC8306BD783->ec3fd841-f69b-4ddd-a2e9-790065d70cf3-AppendLogResponseHandler: follower responses appendEntries COMPLETED
2023-06-05 07:28:55,734 [main] INFO  server.GrpcService (GrpcService.java:closeImpl(320)) - 39af4e03-a6cc-4396-8fa9-559b7ec5477f: shutdown server org.apache.ratis.grpc.server.GrpcClientProtocolService successfully
2023-06-05 07:28:55,734 [main] INFO  server.GrpcService (GrpcService.java:closeImpl(311)) - 39af4e03-a6cc-4396-8fa9-559b7ec5477f: shutdown server GrpcServerProtocolService now
2023-06-05 07:28:55,736 [39af4e03-a6cc-4396-8fa9-559b7ec5477f-impl-thread1] INFO  impl.StateMachineUpdater (StateMachineUpdater.java:stopAndJoin(155)) - 39af4e03-a6cc-4396-8fa9-559b7ec5477f@group-7D242210CACE-StateMachineUpdater: set stopIndex = -1
2023-06-05 07:28:55,736 [39af4e03-a6cc-4396-8fa9-559b7ec5477f@group-7D242210CACE-FollowerState] INFO  impl.FollowerState (FollowerState.java:run(152)) - 39af4e03-a6cc-4396-8fa9-559b7ec5477f@group-7D242210CACE-FollowerState was interrupted
2023-06-05 07:28:55,736 [39af4e03-a6cc-4396-8fa9-559b7ec5477f-impl-thread1] INFO  server.RaftServer$Division (ServerState.java:close(472)) - 39af4e03-a6cc-4396-8fa9-559b7ec5477f@group-7D242210CACE: closes. applyIndex: -1
2023-06-05 07:28:55,739 [Thread-2746] INFO  server.GrpcServerProtocolClient (GrpcServerProtocolClient.java:close(103)) - ec3fd841-f69b-4ddd-a2e9-790065d70cf3 Close channels
2023-06-05 07:28:55,739 [7cdc6568-d6a5-477b-b4bf-6140aab22cd7@group-BFC8306BD783->39af4e03-a6cc-4396-8fa9-559b7ec5477f-GrpcLogAppender-LogAppenderDaemon] WARN  server.GrpcLogAppender (GrpcLogAppender.java:mayWait(199)) - 7cdc6568-d6a5-477b-b4bf-6140aab22cd7@group-BFC8306BD783->39af4e03-a6cc-4396-8fa9-559b7ec5477f-GrpcLogAppender: Wait interrupted by java.lang.InterruptedException
2023-06-05 07:28:55,740 [Thread-2751] INFO  server.GrpcServerProtocolClient (GrpcServerProtocolClient.java:close(103)) - 39af4e03-a6cc-4396-8fa9-559b7ec5477f Close channels
2023-06-05 07:28:55,740 [grpc-default-executor-5] WARN  server.GrpcServerProtocolService (LogUtils.java:warn(122)) - 39af4e03-a6cc-4396-8fa9-559b7ec5477f: APPEND_ENTRIES onError, lastRequest: null: org.apache.ratis.thirdparty.io.grpc.StatusRuntimeException: CANCELLED: client cancelled
2023-06-05 07:28:55,741 [grpc-default-executor-5] WARN  server.GrpcServerProtocolService (LogUtils.java:warn(122)) - 39af4e03-a6cc-4396-8fa9-559b7ec5477f: APPEND_ENTRIES onError, lastRequest: null: org.apache.ratis.thirdparty.io.grpc.StatusRuntimeException: CANCELLED: client cancelled
2023-06-05 07:28:55,741 [grpc-default-executor-7] INFO  server.GrpcLogAppender (GrpcLogAppender.java:onError(417)) - 7cdc6568-d6a5-477b-b4bf-6140aab22cd7@group-BFC8306BD783->39af4e03-a6cc-4396-8fa9-559b7ec5477f-GrpcLogAppender is already stopped
2023-06-05 07:28:55,742 [grpc-default-executor-10] WARN  server.GrpcServerProtocolService (LogUtils.java:warn(122)) - 39af4e03-a6cc-4396-8fa9-559b7ec5477f: APPEND_ENTRIES onError, lastRequest: 7cdc6568-d6a5-477b-b4bf-6140aab22cd7->39af4e03-a6cc-4396-8fa9-559b7ec5477f#1-t1,previous=(t:0, i:0),leaderCommit=-1,initializing? true,entries: size=1, first=(t:1, i:0), CONFIGURATIONENTRY(current:id: "ec3fd841-f69b-4ddd-a2e9-790065d70cf3"
address: "10.1.0.81:15207"
dataStreamAddress: "10.1.0.81:15208"
clientAddress: "10.1.0.81:15205"
adminAddress: "10.1.0.81:15206"
startupRole: FOLLOWER
,id: "39af4e03-a6cc-4396-8fa9-559b7ec5477f"
address: "10.1.0.81:15198"
dataStreamAddress: "10.1.0.81:15199"
clientAddress: "10.1.0.81:15196"
adminAddress: "10.1.0.81:15197"
startupRole: FOLLOWER
,id: "7cdc6568-d6a5-477b-b4bf-6140aab22cd7"
address: "10.1.0.81:15189"
priority: 1
dataStreamAddress: "10.1.0.81:15190"
clientAddress: "10.1.0.81:15187"
adminAddress: "10.1.0.81:15188"
startupRole: FOLLOWER
, old:): org.apache.ratis.thirdparty.io.grpc.StatusRuntimeException: CANCELLED: client cancelled
2023-06-05 07:28:55,742 [main] INFO  server.GrpcService (GrpcService.java:closeImpl(320)) - 39af4e03-a6cc-4396-8fa9-559b7ec5477f: shutdown server GrpcServerProtocolService successfully
2023-06-05 07:28:55,742 [main] INFO  server.GrpcService (GrpcService.java:closeImpl(311)) - 39af4e03-a6cc-4396-8fa9-559b7ec5477f: shutdown server org.apache.ratis.grpc.server.GrpcAdminProtocolService now
2023-06-05 07:28:55,743 [grpc-default-executor-5] WARN  server.GrpcServerProtocolService (LogUtils.java:warn(122)) - 39af4e03-a6cc-4396-8fa9-559b7ec5477f: APPEND_ENTRIES onError, lastRequest: ec3fd841-f69b-4ddd-a2e9-790065d70cf3->39af4e03-a6cc-4396-8fa9-559b7ec5477f#1-t1,previous=(t:0, i:0),leaderCommit=-1,initializing? true,entries: size=1, first=(t:1, i:0), CONFIGURATIONENTRY(current:id: "ec3fd841-f69b-4ddd-a2e9-790065d70cf3"
address: "10.1.0.81:15207"
priority: 1
dataStreamAddress: "10.1.0.81:15208"
clientAddress: "10.1.0.81:15205"
adminAddress: "10.1.0.81:15206"
startupRole: FOLLOWER
,id: "39af4e03-a6cc-4396-8fa9-559b7ec5477f"
address: "10.1.0.81:15198"
dataStreamAddress: "10.1.0.81:15199"
clientAddress: "10.1.0.81:15196"
adminAddress: "10.1.0.81:15197"
startupRole: FOLLOWER
,id: "7cdc6568-d6a5-477b-b4bf-6140aab22cd7"
address: "10.1.0.81:15189"
dataStreamAddress: "10.1.0.81:15190"
clientAddress: "10.1.0.81:15187"
adminAddress: "10.1.0.81:15188"
startupRole: FOLLOWER
, old:): org.apache.ratis.thirdparty.io.grpc.StatusRuntimeException: CANCELLED: client cancelled
2023-06-05 07:28:55,739 [7cdc6568-d6a5-477b-b4bf-6140aab22cd7-impl-thread3] INFO  impl.PendingRequests (PendingRequests.java:sendNotLeaderResponses(289)) - 7cdc6568-d6a5-477b-b4bf-6140aab22cd7@group-BFC8306BD783-PendingRequests: sendNotLeaderResponses
2023-06-05 07:28:55,745 [7cdc6568-d6a5-477b-b4bf-6140aab22cd7-impl-thread3] INFO  impl.StateMachineUpdater (StateMachineUpdater.java:stopAndJoin(155)) - 7cdc6568-d6a5-477b-b4bf-6140aab22cd7@group-BFC8306BD783-StateMachineUpdater: set stopIndex = 0
2023-06-05 07:28:55,745 [7cdc6568-d6a5-477b-b4bf-6140aab22cd7@group-BFC8306BD783-StateMachineUpdater] INFO  ratis.ContainerStateMachine (ContainerStateMachine.java:takeSnapshot(330)) - group-BFC8306BD783: Taking a snapshot at:(t:1, i:0) file /home/runner/work/ozone/ozone/hadoop-ozone/integration-test/target/test-dir/MiniOzoneClusterImpl-5306be96-59fc-4757-ace3-2514915f6fe8/datanode-0/data/ratis/44c70656-20d3-4b93-b98a-bfc8306bd783/sm/snapshot.1_0
2023-06-05 07:28:55,746 [7cdc6568-d6a5-477b-b4bf-6140aab22cd7@group-BFC8306BD783-StateMachineUpdater] INFO  ratis.ContainerStateMachine (ContainerStateMachine.java:takeSnapshot(341)) - group-BFC8306BD783: Finished taking a snapshot at:(t:1, i:0) file:/home/runner/work/ozone/ozone/hadoop-ozone/integration-test/target/test-dir/MiniOzoneClusterImpl-5306be96-59fc-4757-ace3-2514915f6fe8/datanode-0/data/ratis/44c70656-20d3-4b93-b98a-bfc8306bd783/sm/snapshot.1_0 took: 1 ms
2023-06-05 07:28:55,746 [grpc-default-executor-3] WARN  server.GrpcLogAppender (LogUtils.java:warn(122)) - ec3fd841-f69b-4ddd-a2e9-790065d70cf3@group-7D242210CACE->39af4e03-a6cc-4396-8fa9-559b7ec5477f-AppendLogResponseHandler: Failed appendEntries: org.apache.ratis.thirdparty.io.grpc.StatusRuntimeException: CANCELLED: RST_STREAM closed stream. HTTP/2 error code: CANCEL
2023-06-05 07:28:55,747 [grpc-default-executor-3] WARN  server.GrpcLogAppender (GrpcLogAppender.java:resetClient(128)) - ec3fd841-f69b-4ddd-a2e9-790065d70cf3@group-7D242210CACE->39af4e03-a6cc-4396-8fa9-559b7ec5477f-GrpcLogAppender: Follower failed when matchIndex == 0,  keep nextIndex (1) unchanged and retry.
2023-06-05 07:28:55,747 [grpc-default-executor-5] INFO  server.GrpcLogAppender (GrpcLogAppender.java:onError(417)) - 7cdc6568-d6a5-477b-b4bf-6140aab22cd7@group-BFC8306BD783->39af4e03-a6cc-4396-8fa9-559b7ec5477f-GrpcLogAppender is already stopped
2023-06-05 07:28:55,744 [grpc-default-executor-9] WARN  server.GrpcLogAppender (LogUtils.java:warn(122)) - ec3fd841-f69b-4ddd-a2e9-790065d70cf3@group-7D242210CACE->39af4e03-a6cc-4396-8fa9-559b7ec5477f-AppendLogResponseHandler: Failed appendEntries: org.apache.ratis.thirdparty.io.grpc.StatusRuntimeException: CANCELLED: RST_STREAM closed stream. HTTP/2 error code: CANCEL
2023-06-05 07:28:55,747 [grpc-default-executor-9] WARN  server.GrpcLogAppender (GrpcLogAppender.java:resetClient(128)) - ec3fd841-f69b-4ddd-a2e9-790065d70cf3@group-7D242210CACE->39af4e03-a6cc-4396-8fa9-559b7ec5477f-GrpcLogAppender: Follower failed when matchIndex == 0,  keep nextIndex (1) unchanged and retry.
2023-06-05 07:28:55,745 [39af4e03-a6cc-4396-8fa9-559b7ec5477f-impl-thread3] INFO  impl.StateMachineUpdater (StateMachineUpdater.java:stopAndJoin(155)) - 39af4e03-a6cc-4396-8fa9-559b7ec5477f@group-BFC8306BD783-StateMachineUpdater: set stopIndex = -1
2023-06-05 07:28:55,744 [39af4e03-a6cc-4396-8fa9-559b7ec5477f@group-BFC8306BD783-FollowerState] INFO  impl.FollowerState (FollowerState.java:run(152)) - 39af4e03-a6cc-4396-8fa9-559b7ec5477f@group-BFC8306BD783-FollowerState was interrupted
2023-06-05 07:28:55,746 [7cdc6568-d6a5-477b-b4bf-6140aab22cd7@group-BFC8306BD783-StateMachineUpdater] INFO  impl.StateMachineUpdater (StateMachineUpdater.java:takeSnapshot(291)) - 7cdc6568-d6a5-477b-b4bf-6140aab22cd7@group-BFC8306BD783-StateMachineUpdater: Took a snapshot at index 0
2023-06-05 07:28:55,747 [39af4e03-a6cc-4396-8fa9-559b7ec5477f-impl-thread3] INFO  server.RaftServer$Division (ServerState.java:close(472)) - 39af4e03-a6cc-4396-8fa9-559b7ec5477f@group-BFC8306BD783: closes. applyIndex: -1
2023-06-05 07:28:55,747 [7cdc6568-d6a5-477b-b4bf-6140aab22cd7@group-BFC8306BD783-StateMachineUpdater] INFO  impl.StateMachineUpdater (StateMachineUpdater.java:lambda$new$0(97)) - 7cdc6568-d6a5-477b-b4bf-6140aab22cd7@group-BFC8306BD783-StateMachineUpdater: snapshotIndex: updateIncreasingly -1 -> 0
2023-06-05 07:28:55,748 [7cdc6568-d6a5-477b-b4bf-6140aab22cd7-impl-thread3] INFO  server.RaftServer$Division (ServerState.java:close(472)) - 7cdc6568-d6a5-477b-b4bf-6140aab22cd7@group-BFC8306BD783: closes. applyIndex: 0
2023-06-05 07:28:55,754 [ForkJoinPool.commonPool-worker-3] INFO  ozoneimpl.OzoneContainer (OzoneContainer.java:stop(420)) - Attempting to stop container services.
2023-06-05 07:28:55,755 [ForkJoinPool.commonPool-worker-2] INFO  server.GrpcService (GrpcService.java:closeImpl(320)) - 7cdc6568-d6a5-477b-b4bf-6140aab22cd7: shutdown server org.apache.ratis.grpc.server.GrpcClientProtocolService successfully
2023-06-05 07:28:55,755 [ForkJoinPool.commonPool-worker-2] INFO  server.GrpcService (GrpcService.java:closeImpl(311)) - 7cdc6568-d6a5-477b-b4bf-6140aab22cd7: shutdown server GrpcServerProtocolService now
2023-06-05 07:28:55,756 [ForkJoinPool.commonPool-worker-3] INFO  server.RaftServer (RaftServerProxy.java:lambda$close$6(416)) - ec3fd841-f69b-4ddd-a2e9-790065d70cf3: close
2023-06-05 07:28:55,756 [main] INFO  server.GrpcService (GrpcService.java:closeImpl(320)) - 39af4e03-a6cc-4396-8fa9-559b7ec5477f: shutdown server org.apache.ratis.grpc.server.GrpcAdminProtocolService successfully
2023-06-05 07:28:55,757 [39af4e03-a6cc-4396-8fa9-559b7ec5477f-NettyServerStreamRpc-bossGroup--thread1] INFO  logging.LoggingHandler (AbstractInternalLogger.java:log(148)) - [id: 0xc2932a95, L:/0:0:0:0:0:0:0:0:15199] CLOSE
2023-06-05 07:28:55,757 [39af4e03-a6cc-4396-8fa9-559b7ec5477f-NettyServerStreamRpc-bossGroup--thread1] INFO  logging.LoggingHandler (AbstractInternalLogger.java:log(148)) - [id: 0xc2932a95, L:/0:0:0:0:0:0:0:0:15199] INACTIVE
2023-06-05 07:28:55,757 [39af4e03-a6cc-4396-8fa9-559b7ec5477f-NettyServerStreamRpc-bossGroup--thread1] INFO  logging.LoggingHandler (AbstractInternalLogger.java:log(148)) - [id: 0xc2932a95, L:/0:0:0:0:0:0:0:0:15199] UNREGISTERED
2023-06-05 07:28:55,763 [ec3fd841-f69b-4ddd-a2e9-790065d70cf3-impl-thread1] INFO  server.RaftServer$Division (RaftServerImpl.java:lambda$close$4(466)) - ec3fd841-f69b-4ddd-a2e9-790065d70cf3@group-5B1B847C1143: shutdown
2023-06-05 07:28:55,763 [ec3fd841-f69b-4ddd-a2e9-790065d70cf3-impl-thread1] INFO  util.JmxRegister (JmxRegister.java:unregister(73)) - Successfully un-registered JMX Bean with object name Ratis:service=RaftServer,group=group-5B1B847C1143,id=ec3fd841-f69b-4ddd-a2e9-790065d70cf3
2023-06-05 07:28:55,763 [ec3fd841-f69b-4ddd-a2e9-790065d70cf3-impl-thread1] INFO  impl.RoleInfo (RoleInfo.java:shutdownLeaderState(93)) - ec3fd841-f69b-4ddd-a2e9-790065d70cf3: shutdown ec3fd841-f69b-4ddd-a2e9-790065d70cf3@group-5B1B847C1143-LeaderStateImpl
2023-06-05 07:28:55,763 [ec3fd841-f69b-4ddd-a2e9-790065d70cf3-impl-thread1] INFO  impl.PendingRequests (PendingRequests.java:sendNotLeaderResponses(289)) - ec3fd841-f69b-4ddd-a2e9-790065d70cf3@group-5B1B847C1143-PendingRequests: sendNotLeaderResponses
2023-06-05 07:28:55,763 [ec3fd841-f69b-4ddd-a2e9-790065d70cf3-impl-thread2] INFO  server.RaftServer$Division (RaftServerImpl.java:lambda$close$4(466)) - ec3fd841-f69b-4ddd-a2e9-790065d70cf3@group-7D242210CACE: shutdown
2023-06-05 07:28:55,763 [ec3fd841-f69b-4ddd-a2e9-790065d70cf3-impl-thread1] INFO  impl.StateMachineUpdater (StateMachineUpdater.java:stopAndJoin(155)) - ec3fd841-f69b-4ddd-a2e9-790065d70cf3@group-5B1B847C1143-StateMachineUpdater: set stopIndex = 0
2023-06-05 07:28:55,763 [ec3fd841-f69b-4ddd-a2e9-790065d70cf3@group-5B1B847C1143-StateMachineUpdater] INFO  ratis.ContainerStateMachine (ContainerStateMachine.java:takeSnapshot(330)) - group-5B1B847C1143: Taking a snapshot at:(t:1, i:0) file /home/runner/work/ozone/ozone/hadoop-ozone/integration-test/target/test-dir/MiniOzoneClusterImpl-5306be96-59fc-4757-ace3-2514915f6fe8/datanode-2/data/ratis/a56fe026-98ef-4379-a0aa-5b1b847c1143/sm/snapshot.1_0
2023-06-05 07:28:55,764 [ForkJoinPool.commonPool-worker-2] INFO  server.GrpcService (GrpcService.java:closeImpl(320)) - 7cdc6568-d6a5-477b-b4bf-6140aab22cd7: shutdown server GrpcServerProtocolService successfully
2023-06-05 07:28:55,764 [ForkJoinPool.commonPool-worker-2] INFO  server.GrpcService (GrpcService.java:closeImpl(311)) - 7cdc6568-d6a5-477b-b4bf-6140aab22cd7: shutdown server org.apache.ratis.grpc.server.GrpcAdminProtocolService now
2023-06-05 07:28:55,764 [ec3fd841-f69b-4ddd-a2e9-790065d70cf3-impl-thread2] INFO  util.JmxRegister (JmxRegister.java:unregister(73)) - Successfully un-registered JMX Bean with object name Ratis:service=RaftServer,group=group-7D242210CACE,id=ec3fd841-f69b-4ddd-a2e9-790065d70cf3
2023-06-05 07:28:55,764 [ec3fd841-f69b-4ddd-a2e9-790065d70cf3-impl-thread2] INFO  impl.RoleInfo (RoleInfo.java:shutdownLeaderState(93)) - ec3fd841-f69b-4ddd-a2e9-790065d70cf3: shutdown ec3fd841-f69b-4ddd-a2e9-790065d70cf3@group-7D242210CACE-LeaderStateImpl
2023-06-05 07:28:55,764 [grpc-default-executor-10] WARN  server.GrpcServerProtocolService (LogUtils.java:warn(122)) - 7cdc6568-d6a5-477b-b4bf-6140aab22cd7: APPEND_ENTRIES onError, lastRequest: null: org.apache.ratis.thirdparty.io.grpc.StatusRuntimeException: CANCELLED: client cancelled
2023-06-05 07:28:55,764 [grpc-default-executor-5] WARN  server.GrpcServerProtocolService (LogUtils.java:warn(122)) - 7cdc6568-d6a5-477b-b4bf-6140aab22cd7: APPEND_ENTRIES onError, lastRequest: ec3fd841-f69b-4ddd-a2e9-790065d70cf3->7cdc6568-d6a5-477b-b4bf-6140aab22cd7#1-t1,previous=(t:0, i:0),leaderCommit=-1,initializing? true,entries: size=1, first=(t:1, i:0), CONFIGURATIONENTRY(current:id: "ec3fd841-f69b-4ddd-a2e9-790065d70cf3"
address: "10.1.0.81:15207"
priority: 1
dataStreamAddress: "10.1.0.81:15208"
clientAddress: "10.1.0.81:15205"
adminAddress: "10.1.0.81:15206"
startupRole: FOLLOWER
,id: "39af4e03-a6cc-4396-8fa9-559b7ec5477f"
address: "10.1.0.81:15198"
dataStreamAddress: "10.1.0.81:15199"
clientAddress: "10.1.0.81:15196"
adminAddress: "10.1.0.81:15197"
startupRole: FOLLOWER
,id: "7cdc6568-d6a5-477b-b4bf-6140aab22cd7"
address: "10.1.0.81:15189"
dataStreamAddress: "10.1.0.81:15190"
clientAddress: "10.1.0.81:15187"
adminAddress: "10.1.0.81:15188"
startupRole: FOLLOWER
, old:): org.apache.ratis.thirdparty.io.grpc.StatusRuntimeException: CANCELLED: client cancelled
2023-06-05 07:28:55,764 [ForkJoinPool.commonPool-worker-3] INFO  server.GrpcService (GrpcService.java:closeImpl(311)) - ec3fd841-f69b-4ddd-a2e9-790065d70cf3: shutdown server org.apache.ratis.grpc.server.GrpcClientProtocolService now
2023-06-05 07:28:55,764 [grpc-default-executor-11] WARN  server.GrpcLogAppender (LogUtils.java:warn(122)) - ec3fd841-f69b-4ddd-a2e9-790065d70cf3@group-7D242210CACE->7cdc6568-d6a5-477b-b4bf-6140aab22cd7-AppendLogResponseHandler: Failed appendEntries: org.apache.ratis.thirdparty.io.grpc.StatusRuntimeException: CANCELLED: RST_STREAM closed stream. HTTP/2 error code: CANCEL
2023-06-05 07:28:55,765 [grpc-default-executor-11] WARN  server.GrpcLogAppender (GrpcLogAppender.java:resetClient(128)) - ec3fd841-f69b-4ddd-a2e9-790065d70cf3@group-7D242210CACE->7cdc6568-d6a5-477b-b4bf-6140aab22cd7-GrpcLogAppender: Follower failed when matchIndex == 0,  keep nextIndex (1) unchanged and retry.
2023-06-05 07:28:55,765 [ec3fd841-f69b-4ddd-a2e9-790065d70cf3-impl-thread3] INFO  server.RaftServer$Division (RaftServerImpl.java:lambda$close$4(466)) - ec3fd841-f69b-4ddd-a2e9-790065d70cf3@group-BFC8306BD783: shutdown
2023-06-05 07:28:55,765 [ec3fd841-f69b-4ddd-a2e9-790065d70cf3-impl-thread3] INFO  util.JmxRegister (JmxRegister.java:unregister(73)) - Successfully un-registered JMX Bean with object name Ratis:service=RaftServer,group=group-BFC8306BD783,id=ec3fd841-f69b-4ddd-a2e9-790065d70cf3
2023-06-05 07:28:55,765 [ec3fd841-f69b-4ddd-a2e9-790065d70cf3-impl-thread3] INFO  impl.RoleInfo (RoleInfo.java:shutdownFollowerState(110)) - ec3fd841-f69b-4ddd-a2e9-790065d70cf3: shutdown ec3fd841-f69b-4ddd-a2e9-790065d70cf3@group-BFC8306BD783-FollowerState
2023-06-05 07:28:55,766 [ec3fd841-f69b-4ddd-a2e9-790065d70cf3@group-5B1B847C1143-StateMachineUpdater] INFO  ratis.ContainerStateMachine (ContainerStateMachine.java:takeSnapshot(341)) - group-5B1B847C1143: Finished taking a snapshot at:(t:1, i:0) file:/home/runner/work/ozone/ozone/hadoop-ozone/integration-test/target/test-dir/MiniOzoneClusterImpl-5306be96-59fc-4757-ace3-2514915f6fe8/datanode-2/data/ratis/a56fe026-98ef-4379-a0aa-5b1b847c1143/sm/snapshot.1_0 took: 2 ms
2023-06-05 07:28:55,766 [ec3fd841-f69b-4ddd-a2e9-790065d70cf3@group-5B1B847C1143-StateMachineUpdater] INFO  impl.StateMachineUpdater (StateMachineUpdater.java:takeSnapshot(291)) - ec3fd841-f69b-4ddd-a2e9-790065d70cf3@group-5B1B847C1143-StateMachineUpdater: Took a snapshot at index 0
2023-06-05 07:28:55,766 [ec3fd841-f69b-4ddd-a2e9-790065d70cf3@group-5B1B847C1143-StateMachineUpdater] INFO  impl.StateMachineUpdater (StateMachineUpdater.java:lambda$new$0(97)) - ec3fd841-f69b-4ddd-a2e9-790065d70cf3@group-5B1B847C1143-StateMachineUpdater: snapshotIndex: updateIncreasingly -1 -> 0
2023-06-05 07:28:55,770 [ec3fd841-f69b-4ddd-a2e9-790065d70cf3-impl-thread3] INFO  impl.StateMachineUpdater (StateMachineUpdater.java:stopAndJoin(155)) - ec3fd841-f69b-4ddd-a2e9-790065d70cf3@group-BFC8306BD783-StateMachineUpdater: set stopIndex = 0
2023-06-05 07:28:55,770 [ec3fd841-f69b-4ddd-a2e9-790065d70cf3@group-BFC8306BD783-FollowerState] INFO  impl.FollowerState (FollowerState.java:run(152)) - ec3fd841-f69b-4ddd-a2e9-790065d70cf3@group-BFC8306BD783-FollowerState was interrupted
2023-06-05 07:28:55,771 [ec3fd841-f69b-4ddd-a2e9-790065d70cf3@group-BFC8306BD783-StateMachineUpdater] INFO  ratis.ContainerStateMachine (ContainerStateMachine.java:takeSnapshot(330)) - group-BFC8306BD783: Taking a snapshot at:(t:1, i:0) file /home/runner/work/ozone/ozone/hadoop-ozone/integration-test/target/test-dir/MiniOzoneClusterImpl-5306be96-59fc-4757-ace3-2514915f6fe8/datanode-2/data/ratis/44c70656-20d3-4b93-b98a-bfc8306bd783/sm/snapshot.1_0
2023-06-05 07:28:55,771 [ec3fd841-f69b-4ddd-a2e9-790065d70cf3-impl-thread2] INFO  impl.PendingRequests (PendingRequests.java:sendNotLeaderResponses(289)) - ec3fd841-f69b-4ddd-a2e9-790065d70cf3@group-7D242210CACE-PendingRequests: sendNotLeaderResponses
2023-06-05 07:28:55,772 [ec3fd841-f69b-4ddd-a2e9-790065d70cf3-impl-thread2] INFO  impl.StateMachineUpdater (StateMachineUpdater.java:stopAndJoin(155)) - ec3fd841-f69b-4ddd-a2e9-790065d70cf3@group-7D242210CACE-StateMachineUpdater: set stopIndex = 0
2023-06-05 07:28:55,772 [ec3fd841-f69b-4ddd-a2e9-790065d70cf3@group-7D242210CACE->39af4e03-a6cc-4396-8fa9-559b7ec5477f-GrpcLogAppender-LogAppenderDaemon] WARN  server.GrpcLogAppender (GrpcLogAppender.java:mayWait(199)) - ec3fd841-f69b-4ddd-a2e9-790065d70cf3@group-7D242210CACE->39af4e03-a6cc-4396-8fa9-559b7ec5477f-GrpcLogAppender: Wait interrupted by java.lang.InterruptedException
2023-06-05 07:28:55,772 [ec3fd841-f69b-4ddd-a2e9-790065d70cf3@group-7D242210CACE->7cdc6568-d6a5-477b-b4bf-6140aab22cd7-GrpcLogAppender-LogAppenderDaemon] WARN  server.GrpcLogAppender (GrpcLogAppender.java:mayWait(199)) - ec3fd841-f69b-4ddd-a2e9-790065d70cf3@group-7D242210CACE->7cdc6568-d6a5-477b-b4bf-6140aab22cd7-GrpcLogAppender: Wait interrupted by java.lang.InterruptedException
2023-06-05 07:28:55,772 [ec3fd841-f69b-4ddd-a2e9-790065d70cf3@group-7D242210CACE-StateMachineUpdater] INFO  ratis.ContainerStateMachine (ContainerStateMachine.java:takeSnapshot(330)) - group-7D242210CACE: Taking a snapshot at:(t:1, i:0) file /home/runner/work/ozone/ozone/hadoop-ozone/integration-test/target/test-dir/MiniOzoneClusterImpl-5306be96-59fc-4757-ace3-2514915f6fe8/datanode-2/data/ratis/fc9cc9c8-a474-47f6-ac5e-7d242210cace/sm/snapshot.1_0
2023-06-05 07:28:55,772 [ForkJoinPool.commonPool-worker-2] INFO  server.GrpcService (GrpcService.java:closeImpl(320)) - 7cdc6568-d6a5-477b-b4bf-6140aab22cd7: shutdown server org.apache.ratis.grpc.server.GrpcAdminProtocolService successfully
2023-06-05 07:28:55,773 [Thread-2777] INFO  server.GrpcServerProtocolClient (GrpcServerProtocolClient.java:close(103)) - 39af4e03-a6cc-4396-8fa9-559b7ec5477f Close channels
2023-06-05 07:28:55,773 [7cdc6568-d6a5-477b-b4bf-6140aab22cd7-NettyServerStreamRpc-bossGroup--thread1] INFO  logging.LoggingHandler (AbstractInternalLogger.java:log(148)) - [id: 0xb8888464, L:/0:0:0:0:0:0:0:0:15190] CLOSE
2023-06-05 07:28:55,773 [7cdc6568-d6a5-477b-b4bf-6140aab22cd7-NettyServerStreamRpc-bossGroup--thread1] INFO  logging.LoggingHandler (AbstractInternalLogger.java:log(148)) - [id: 0xb8888464, L:/0:0:0:0:0:0:0:0:15190] INACTIVE
2023-06-05 07:28:55,773 [7cdc6568-d6a5-477b-b4bf-6140aab22cd7-NettyServerStreamRpc-bossGroup--thread1] INFO  logging.LoggingHandler (AbstractInternalLogger.java:log(148)) - [id: 0xb8888464, L:/0:0:0:0:0:0:0:0:15190] UNREGISTERED
2023-06-05 07:28:55,773 [ec3fd841-f69b-4ddd-a2e9-790065d70cf3@group-BFC8306BD783-StateMachineUpdater] INFO  ratis.ContainerStateMachine (ContainerStateMachine.java:takeSnapshot(341)) - group-BFC8306BD783: Finished taking a snapshot at:(t:1, i:0) file:/home/runner/work/ozone/ozone/hadoop-ozone/integration-test/target/test-dir/MiniOzoneClusterImpl-5306be96-59fc-4757-ace3-2514915f6fe8/datanode-2/data/ratis/44c70656-20d3-4b93-b98a-bfc8306bd783/sm/snapshot.1_0 took: 2 ms
2023-06-05 07:28:55,774 [ec3fd841-f69b-4ddd-a2e9-790065d70cf3@group-BFC8306BD783-StateMachineUpdater] INFO  impl.StateMachineUpdater (StateMachineUpdater.java:takeSnapshot(291)) - ec3fd841-f69b-4ddd-a2e9-790065d70cf3@group-BFC8306BD783-StateMachineUpdater: Took a snapshot at index 0
2023-06-05 07:28:55,774 [ec3fd841-f69b-4ddd-a2e9-790065d70cf3@group-BFC8306BD783-StateMachineUpdater] INFO  impl.StateMachineUpdater (StateMachineUpdater.java:lambda$new$0(97)) - ec3fd841-f69b-4ddd-a2e9-790065d70cf3@group-BFC8306BD783-StateMachineUpdater: snapshotIndex: updateIncreasingly -1 -> 0
2023-06-05 07:28:55,774 [ec3fd841-f69b-4ddd-a2e9-790065d70cf3-impl-thread3] INFO  server.RaftServer$Division (ServerState.java:close(472)) - ec3fd841-f69b-4ddd-a2e9-790065d70cf3@group-BFC8306BD783: closes. applyIndex: 0
2023-06-05 07:28:55,773 [grpc-default-executor-7] INFO  server.GrpcLogAppender (GrpcLogAppender.java:onError(417)) - ec3fd841-f69b-4ddd-a2e9-790065d70cf3@group-7D242210CACE->7cdc6568-d6a5-477b-b4bf-6140aab22cd7-GrpcLogAppender is already stopped
2023-06-05 07:28:55,773 [ec3fd841-f69b-4ddd-a2e9-790065d70cf3@group-7D242210CACE-StateMachineUpdater] INFO  ratis.ContainerStateMachine (ContainerStateMachine.java:takeSnapshot(341)) - group-7D242210CACE: Finished taking a snapshot at:(t:1, i:0) file:/home/runner/work/ozone/ozone/hadoop-ozone/integration-test/target/test-dir/MiniOzoneClusterImpl-5306be96-59fc-4757-ace3-2514915f6fe8/datanode-2/data/ratis/fc9cc9c8-a474-47f6-ac5e-7d242210cace/sm/snapshot.1_0 took: 1 ms
2023-06-05 07:28:55,775 [ec3fd841-f69b-4ddd-a2e9-790065d70cf3@group-7D242210CACE-StateMachineUpdater] INFO  impl.StateMachineUpdater (StateMachineUpdater.java:takeSnapshot(291)) - ec3fd841-f69b-4ddd-a2e9-790065d70cf3@group-7D242210CACE-StateMachineUpdater: Took a snapshot at index 0
2023-06-05 07:28:55,775 [ec3fd841-f69b-4ddd-a2e9-790065d70cf3@group-7D242210CACE-StateMachineUpdater] INFO  impl.StateMachineUpdater (StateMachineUpdater.java:lambda$new$0(97)) - ec3fd841-f69b-4ddd-a2e9-790065d70cf3@group-7D242210CACE-StateMachineUpdater: snapshotIndex: updateIncreasingly -1 -> 0
2023-06-05 07:28:55,773 [Thread-2778] INFO  server.GrpcServerProtocolClient (GrpcServerProtocolClient.java:close(103)) - 7cdc6568-d6a5-477b-b4bf-6140aab22cd7 Close channels
2023-06-05 07:28:55,775 [ec3fd841-f69b-4ddd-a2e9-790065d70cf3-impl-thread2] INFO  server.RaftServer$Division (ServerState.java:close(472)) - ec3fd841-f69b-4ddd-a2e9-790065d70cf3@group-7D242210CACE: closes. applyIndex: 0
2023-06-05 07:28:55,775 [ForkJoinPool.commonPool-worker-3] INFO  server.GrpcService (GrpcService.java:closeImpl(320)) - ec3fd841-f69b-4ddd-a2e9-790065d70cf3: shutdown server org.apache.ratis.grpc.server.GrpcClientProtocolService successfully
2023-06-05 07:28:55,775 [ForkJoinPool.commonPool-worker-3] INFO  server.GrpcService (GrpcService.java:closeImpl(311)) - ec3fd841-f69b-4ddd-a2e9-790065d70cf3: shutdown server GrpcServerProtocolService now
2023-06-05 07:28:55,776 [ec3fd841-f69b-4ddd-a2e9-790065d70cf3-impl-thread1] INFO  server.RaftServer$Division (ServerState.java:close(472)) - ec3fd841-f69b-4ddd-a2e9-790065d70cf3@group-5B1B847C1143: closes. applyIndex: 0
2023-06-05 07:28:55,779 [ForkJoinPool.commonPool-worker-3] INFO  server.GrpcService (GrpcService.java:closeImpl(320)) - ec3fd841-f69b-4ddd-a2e9-790065d70cf3: shutdown server GrpcServerProtocolService successfully
2023-06-05 07:28:55,779 [ForkJoinPool.commonPool-worker-3] INFO  server.GrpcService (GrpcService.java:closeImpl(311)) - ec3fd841-f69b-4ddd-a2e9-790065d70cf3: shutdown server org.apache.ratis.grpc.server.GrpcAdminProtocolService now
2023-06-05 07:28:55,785 [ForkJoinPool.commonPool-worker-3] INFO  server.GrpcService (GrpcService.java:closeImpl(320)) - ec3fd841-f69b-4ddd-a2e9-790065d70cf3: shutdown server org.apache.ratis.grpc.server.GrpcAdminProtocolService successfully
2023-06-05 07:28:55,785 [ec3fd841-f69b-4ddd-a2e9-790065d70cf3-NettyServerStreamRpc-bossGroup--thread1] INFO  logging.LoggingHandler (AbstractInternalLogger.java:log(148)) - [id: 0xd07e8373, L:/0:0:0:0:0:0:0:0:15208] CLOSE
2023-06-05 07:28:55,785 [ec3fd841-f69b-4ddd-a2e9-790065d70cf3-NettyServerStreamRpc-bossGroup--thread1] INFO  logging.LoggingHandler (AbstractInternalLogger.java:log(148)) - [id: 0xd07e8373, L:/0:0:0:0:0:0:0:0:15208] INACTIVE
2023-06-05 07:28:55,785 [ec3fd841-f69b-4ddd-a2e9-790065d70cf3-NettyServerStreamRpc-bossGroup--thread1] INFO  logging.LoggingHandler (AbstractInternalLogger.java:log(148)) - [id: 0xd07e8373, L:/0:0:0:0:0:0:0:0:15208] UNREGISTERED
2023-06-05 07:28:55,840 [ec3fd841-f69b-4ddd-a2e9-790065d70cf3-impl-thread1] INFO  segmented.SegmentedRaftLogWorker (SegmentedRaftLogWorker.java:close(252)) - ec3fd841-f69b-4ddd-a2e9-790065d70cf3@group-5B1B847C1143-SegmentedRaftLogWorker close()
2023-06-05 07:28:55,993 [7cdc6568-d6a5-477b-b4bf-6140aab22cd7-impl-thread2] INFO  segmented.SegmentedRaftLogWorker (SegmentedRaftLogWorker.java:close(252)) - 7cdc6568-d6a5-477b-b4bf-6140aab22cd7@group-76B4AE8D70B5-SegmentedRaftLogWorker close()
2023-06-05 07:28:56,095 [7cdc6568-d6a5-477b-b4bf-6140aab22cd7-impl-thread3] INFO  segmented.SegmentedRaftLogWorker (SegmentedRaftLogWorker.java:close(252)) - 7cdc6568-d6a5-477b-b4bf-6140aab22cd7@group-BFC8306BD783-SegmentedRaftLogWorker close()
2023-06-05 07:28:56,119 [39af4e03-a6cc-4396-8fa9-559b7ec5477f-impl-thread3] INFO  segmented.SegmentedRaftLogWorker (SegmentedRaftLogWorker.java:close(252)) - 39af4e03-a6cc-4396-8fa9-559b7ec5477f@group-BFC8306BD783-SegmentedRaftLogWorker close()
2023-06-05 07:28:56,130 [ec3fd841-f69b-4ddd-a2e9-790065d70cf3-impl-thread3] INFO  segmented.SegmentedRaftLogWorker (SegmentedRaftLogWorker.java:close(252)) - ec3fd841-f69b-4ddd-a2e9-790065d70cf3@group-BFC8306BD783-SegmentedRaftLogWorker close()
2023-06-05 07:28:56,246 [ec3fd841-f69b-4ddd-a2e9-790065d70cf3-impl-thread2] INFO  segmented.SegmentedRaftLogWorker (SegmentedRaftLogWorker.java:close(252)) - ec3fd841-f69b-4ddd-a2e9-790065d70cf3@group-7D242210CACE-SegmentedRaftLogWorker close()
2023-06-05 07:28:56,247 [JvmPauseMonitor35] INFO  util.JvmPauseMonitor (JvmPauseMonitor.java:run(109)) - JvmPauseMonitor-ec3fd841-f69b-4ddd-a2e9-790065d70cf3: Stopped
2023-06-05 07:28:56,281 [7cdc6568-d6a5-477b-b4bf-6140aab22cd7-impl-thread1] INFO  segmented.SegmentedRaftLogWorker (SegmentedRaftLogWorker.java:close(252)) - 7cdc6568-d6a5-477b-b4bf-6140aab22cd7@group-7D242210CACE-SegmentedRaftLogWorker close()
2023-06-05 07:28:56,282 [JvmPauseMonitor33] INFO  util.JvmPauseMonitor (JvmPauseMonitor.java:run(109)) - JvmPauseMonitor-7cdc6568-d6a5-477b-b4bf-6140aab22cd7: Stopped
2023-06-05 07:28:56,287 [39af4e03-a6cc-4396-8fa9-559b7ec5477f-impl-thread1] INFO  segmented.SegmentedRaftLogWorker (SegmentedRaftLogWorker.java:close(252)) - 39af4e03-a6cc-4396-8fa9-559b7ec5477f@group-7D242210CACE-SegmentedRaftLogWorker close()
2023-06-05 07:28:56,478 [39af4e03-a6cc-4396-8fa9-559b7ec5477f-impl-thread2] INFO  segmented.SegmentedRaftLogWorker (SegmentedRaftLogWorker.java:close(252)) - 39af4e03-a6cc-4396-8fa9-559b7ec5477f@group-395B4B4B161A-SegmentedRaftLogWorker close()
2023-06-05 07:28:56,481 [JvmPauseMonitor34] INFO  util.JvmPauseMonitor (JvmPauseMonitor.java:run(109)) - JvmPauseMonitor-39af4e03-a6cc-4396-8fa9-559b7ec5477f: Stopped
2023-06-05 07:28:56,711 [RatisPipelineUtilsThread - 0] WARN  pipeline.PipelinePlacementPolicy (PipelinePlacementPolicy.java:filterViableNodes(160)) - Pipeline creation failed due to no sufficient healthy datanodes. Required 3. Found 0. Excluded 3.
2023-06-05 07:28:58,253 [ForkJoinPool.commonPool-worker-3] INFO  utils.DatanodeStoreCache (DatanodeStoreCache.java:shutdownCache(110)) - Skip clearing cache in mini cluster mode. Entries left: [/home/runner/work/ozone/ozone/hadoop-ozone/integration-test/target/test-dir/MiniOzoneClusterImpl-5306be96-59fc-4757-ace3-2514915f6fe8/datanode-0/data-0/containers/hdds/5306be96-59fc-4757-ace3-2514915f6fe8/DS-13859b5f-638b-490b-b3bd-97f1a8fa0196/container.db, /home/runner/work/ozone/ozone/hadoop-ozone/integration-test/target/test-dir/MiniOzoneClusterImpl-5306be96-59fc-4757-ace3-2514915f6fe8/datanode-1/data-0/containers/hdds/5306be96-59fc-4757-ace3-2514915f6fe8/DS-01758bce-4ebb-4b2d-a76c-4b1bd3af7639/container.db, /home/runner/work/ozone/ozone/hadoop-ozone/integration-test/target/test-dir/MiniOzoneClusterImpl-5306be96-59fc-4757-ace3-2514915f6fe8/datanode-2/data-0/containers/hdds/5306be96-59fc-4757-ace3-2514915f6fe8/DS-b3c0a9cf-6565-4236-b83b-9c8838ffb1cb/container.db]
2023-06-05 07:28:58,256 [ForkJoinPool.commonPool-worker-3] INFO  utils.DatanodeStoreCache (DatanodeStoreCache.java:removeDB(104)) - Removed db /home/runner/work/ozone/ozone/hadoop-ozone/integration-test/target/test-dir/MiniOzoneClusterImpl-5306be96-59fc-4757-ace3-2514915f6fe8/datanode-2/data-0/containers/hdds/5306be96-59fc-4757-ace3-2514915f6fe8/DS-b3c0a9cf-6565-4236-b83b-9c8838ffb1cb/container.db from cache
2023-06-05 07:28:58,256 [ForkJoinPool.commonPool-worker-3] INFO  volume.HddsVolume (HddsVolume.java:closeDbStore(437)) - SchemaV3 db is stopped at /home/runner/work/ozone/ozone/hadoop-ozone/integration-test/target/test-dir/MiniOzoneClusterImpl-5306be96-59fc-4757-ace3-2514915f6fe8/datanode-2/data-0/containers/hdds/5306be96-59fc-4757-ace3-2514915f6fe8/DS-b3c0a9cf-6565-4236-b83b-9c8838ffb1cb/container.db for volume DS-b3c0a9cf-6565-4236-b83b-9c8838ffb1cb
2023-06-05 07:28:58,257 [ForkJoinPool.commonPool-worker-3] INFO  utils.BackgroundService (BackgroundService.java:shutdown(141)) - Shutting down service BlockDeletingService
2023-06-05 07:28:58,257 [ForkJoinPool.commonPool-worker-3] INFO  utils.BackgroundService (BackgroundService.java:shutdown(141)) - Shutting down service StaleRecoveringContainerScrubbingService
2023-06-05 07:28:58,259 [ForkJoinPool.commonPool-worker-3] INFO  statemachine.DatanodeStateMachine (DatanodeStateMachine.java:stopDaemon(605)) - Ozone container server stopped.
2023-06-05 07:28:58,269 [ForkJoinPool.commonPool-worker-3] INFO  handler.ContextHandler (ContextHandler.java:doStop(1159)) - Stopped o.e.j.w.WebAppContext@65ab87e4{hddsDatanode,/,null,STOPPED}{jar:file:/home/runner/.m2/repository/org/apache/ozone/hdds-container-service/1.4.0-SNAPSHOT/hdds-container-service-1.4.0-SNAPSHOT.jar!/webapps/hddsDatanode}
2023-06-05 07:28:58,270 [ForkJoinPool.commonPool-worker-3] INFO  server.AbstractConnector (AbstractConnector.java:doStop(383)) - Stopped ServerConnector@44c262d0{HTTP/1.1, (http/1.1)}{0.0.0.0:15202}
2023-06-05 07:28:58,270 [ForkJoinPool.commonPool-worker-3] INFO  server.session (HouseKeeper.java:stopScavenging(149)) - node0 Stopped scavenging
2023-06-05 07:28:58,270 [ForkJoinPool.commonPool-worker-3] INFO  handler.ContextHandler (ContextHandler.java:doStop(1159)) - Stopped o.e.j.s.ServletContextHandler@7e128b54{static,/static,jar:file:/home/runner/.m2/repository/org/apache/ozone/hdds-container-service/1.4.0-SNAPSHOT/hdds-container-service-1.4.0-SNAPSHOT.jar!/webapps/static,STOPPED}
2023-06-05 07:28:58,271 [ForkJoinPool.commonPool-worker-3] INFO  handler.ContextHandler (ContextHandler.java:doStop(1159)) - Stopped o.e.j.s.ServletContextHandler@65edb1b0{logs,/logs,file:///home/runner/work/ozone/ozone/hadoop-ozone/integration-test/target/log,STOPPED}
2023-06-05 07:28:58,273 [ForkJoinPool.commonPool-worker-3] INFO  ozone.HddsDatanodeClientProtocolServer (HddsDatanodeClientProtocolServer.java:stop(89)) - Stopping the RPC server for Client Protocol
2023-06-05 07:28:58,274 [ForkJoinPool.commonPool-worker-3] INFO  ipc.Server (Server.java:stop(3501)) - Stopping server on 15203
2023-06-05 07:28:58,275 [IPC Server Responder] INFO  ipc.Server (Server.java:run(1563)) - Stopping IPC Server Responder
2023-06-05 07:28:58,275 [IPC Server listener on 15203] INFO  ipc.Server (Server.java:run(1430)) - Stopping IPC Server listener on 15203
2023-06-05 07:28:58,285 [ForkJoinPool.commonPool-worker-2] INFO  utils.DatanodeStoreCache (DatanodeStoreCache.java:shutdownCache(110)) - Skip clearing cache in mini cluster mode. Entries left: [/home/runner/work/ozone/ozone/hadoop-ozone/integration-test/target/test-dir/MiniOzoneClusterImpl-5306be96-59fc-4757-ace3-2514915f6fe8/datanode-0/data-0/containers/hdds/5306be96-59fc-4757-ace3-2514915f6fe8/DS-13859b5f-638b-490b-b3bd-97f1a8fa0196/container.db, /home/runner/work/ozone/ozone/hadoop-ozone/integration-test/target/test-dir/MiniOzoneClusterImpl-5306be96-59fc-4757-ace3-2514915f6fe8/datanode-1/data-0/containers/hdds/5306be96-59fc-4757-ace3-2514915f6fe8/DS-01758bce-4ebb-4b2d-a76c-4b1bd3af7639/container.db]
2023-06-05 07:28:58,288 [ForkJoinPool.commonPool-worker-2] INFO  utils.DatanodeStoreCache (DatanodeStoreCache.java:removeDB(104)) - Removed db /home/runner/work/ozone/ozone/hadoop-ozone/integration-test/target/test-dir/MiniOzoneClusterImpl-5306be96-59fc-4757-ace3-2514915f6fe8/datanode-0/data-0/containers/hdds/5306be96-59fc-4757-ace3-2514915f6fe8/DS-13859b5f-638b-490b-b3bd-97f1a8fa0196/container.db from cache
2023-06-05 07:28:58,288 [ForkJoinPool.commonPool-worker-2] INFO  volume.HddsVolume (HddsVolume.java:closeDbStore(437)) - SchemaV3 db is stopped at /home/runner/work/ozone/ozone/hadoop-ozone/integration-test/target/test-dir/MiniOzoneClusterImpl-5306be96-59fc-4757-ace3-2514915f6fe8/datanode-0/data-0/containers/hdds/5306be96-59fc-4757-ace3-2514915f6fe8/DS-13859b5f-638b-490b-b3bd-97f1a8fa0196/container.db for volume DS-13859b5f-638b-490b-b3bd-97f1a8fa0196
2023-06-05 07:28:58,288 [ForkJoinPool.commonPool-worker-2] INFO  utils.BackgroundService (BackgroundService.java:shutdown(141)) - Shutting down service BlockDeletingService
2023-06-05 07:28:58,289 [ForkJoinPool.commonPool-worker-2] INFO  utils.BackgroundService (BackgroundService.java:shutdown(141)) - Shutting down service StaleRecoveringContainerScrubbingService
2023-06-05 07:28:58,289 [ForkJoinPool.commonPool-worker-2] INFO  statemachine.DatanodeStateMachine (DatanodeStateMachine.java:stopDaemon(605)) - Ozone container server stopped.
2023-06-05 07:28:58,300 [ForkJoinPool.commonPool-worker-2] INFO  handler.ContextHandler (ContextHandler.java:doStop(1159)) - Stopped o.e.j.w.WebAppContext@29299f28{hddsDatanode,/,null,STOPPED}{jar:file:/home/runner/.m2/repository/org/apache/ozone/hdds-container-service/1.4.0-SNAPSHOT/hdds-container-service-1.4.0-SNAPSHOT.jar!/webapps/hddsDatanode}
2023-06-05 07:28:58,301 [ForkJoinPool.commonPool-worker-2] INFO  server.AbstractConnector (AbstractConnector.java:doStop(383)) - Stopped ServerConnector@6324aad8{HTTP/1.1, (http/1.1)}{0.0.0.0:15184}
2023-06-05 07:28:58,301 [ForkJoinPool.commonPool-worker-2] INFO  server.session (HouseKeeper.java:stopScavenging(149)) - node0 Stopped scavenging
2023-06-05 07:28:58,301 [ForkJoinPool.commonPool-worker-2] INFO  handler.ContextHandler (ContextHandler.java:doStop(1159)) - Stopped o.e.j.s.ServletContextHandler@ef88b6d{static,/static,jar:file:/home/runner/.m2/repository/org/apache/ozone/hdds-container-service/1.4.0-SNAPSHOT/hdds-container-service-1.4.0-SNAPSHOT.jar!/webapps/static,STOPPED}
2023-06-05 07:28:58,302 [ForkJoinPool.commonPool-worker-2] INFO  handler.ContextHandler (ContextHandler.java:doStop(1159)) - Stopped o.e.j.s.ServletContextHandler@e9ce3be{logs,/logs,file:///home/runner/work/ozone/ozone/hadoop-ozone/integration-test/target/log,STOPPED}
2023-06-05 07:28:58,303 [ForkJoinPool.commonPool-worker-2] INFO  ozone.HddsDatanodeClientProtocolServer (HddsDatanodeClientProtocolServer.java:stop(89)) - Stopping the RPC server for Client Protocol
2023-06-05 07:28:58,303 [ForkJoinPool.commonPool-worker-2] INFO  ipc.Server (Server.java:stop(3501)) - Stopping server on 15185
2023-06-05 07:28:58,304 [IPC Server listener on 15185] INFO  ipc.Server (Server.java:run(1430)) - Stopping IPC Server listener on 15185
2023-06-05 07:28:58,304 [IPC Server Responder] INFO  ipc.Server (Server.java:run(1563)) - Stopping IPC Server Responder
2023-06-05 07:28:58,486 [main] INFO  utils.DatanodeStoreCache (DatanodeStoreCache.java:shutdownCache(110)) - Skip clearing cache in mini cluster mode. Entries left: [/home/runner/work/ozone/ozone/hadoop-ozone/integration-test/target/test-dir/MiniOzoneClusterImpl-5306be96-59fc-4757-ace3-2514915f6fe8/datanode-1/data-0/containers/hdds/5306be96-59fc-4757-ace3-2514915f6fe8/DS-01758bce-4ebb-4b2d-a76c-4b1bd3af7639/container.db]
2023-06-05 07:28:58,488 [main] INFO  utils.DatanodeStoreCache (DatanodeStoreCache.java:removeDB(104)) - Removed db /home/runner/work/ozone/ozone/hadoop-ozone/integration-test/target/test-dir/MiniOzoneClusterImpl-5306be96-59fc-4757-ace3-2514915f6fe8/datanode-1/data-0/containers/hdds/5306be96-59fc-4757-ace3-2514915f6fe8/DS-01758bce-4ebb-4b2d-a76c-4b1bd3af7639/container.db from cache
2023-06-05 07:28:58,488 [main] INFO  volume.HddsVolume (HddsVolume.java:closeDbStore(437)) - SchemaV3 db is stopped at /home/runner/work/ozone/ozone/hadoop-ozone/integration-test/target/test-dir/MiniOzoneClusterImpl-5306be96-59fc-4757-ace3-2514915f6fe8/datanode-1/data-0/containers/hdds/5306be96-59fc-4757-ace3-2514915f6fe8/DS-01758bce-4ebb-4b2d-a76c-4b1bd3af7639/container.db for volume DS-01758bce-4ebb-4b2d-a76c-4b1bd3af7639
2023-06-05 07:28:58,488 [main] INFO  utils.BackgroundService (BackgroundService.java:shutdown(141)) - Shutting down service BlockDeletingService
2023-06-05 07:28:58,488 [main] INFO  utils.BackgroundService (BackgroundService.java:shutdown(141)) - Shutting down service StaleRecoveringContainerScrubbingService
2023-06-05 07:28:58,489 [main] INFO  statemachine.DatanodeStateMachine (DatanodeStateMachine.java:stopDaemon(605)) - Ozone container server stopped.
2023-06-05 07:28:58,500 [main] INFO  handler.ContextHandler (ContextHandler.java:doStop(1159)) - Stopped o.e.j.w.WebAppContext@40250ddd{hddsDatanode,/,null,STOPPED}{jar:file:/home/runner/.m2/repository/org/apache/ozone/hdds-container-service/1.4.0-SNAPSHOT/hdds-container-service-1.4.0-SNAPSHOT.jar!/webapps/hddsDatanode}
2023-06-05 07:28:58,501 [main] INFO  server.AbstractConnector (AbstractConnector.java:doStop(383)) - Stopped ServerConnector@4c5b133e{HTTP/1.1, (http/1.1)}{0.0.0.0:15193}
2023-06-05 07:28:58,501 [main] INFO  server.session (HouseKeeper.java:stopScavenging(149)) - node0 Stopped scavenging
2023-06-05 07:28:58,501 [main] INFO  handler.ContextHandler (ContextHandler.java:doStop(1159)) - Stopped o.e.j.s.ServletContextHandler@15c44b8{static,/static,jar:file:/home/runner/.m2/repository/org/apache/ozone/hdds-container-service/1.4.0-SNAPSHOT/hdds-container-service-1.4.0-SNAPSHOT.jar!/webapps/static,STOPPED}
2023-06-05 07:28:58,501 [main] INFO  handler.ContextHandler (ContextHandler.java:doStop(1159)) - Stopped o.e.j.s.ServletContextHandler@1585bd5{logs,/logs,file:///home/runner/work/ozone/ozone/hadoop-ozone/integration-test/target/log,STOPPED}
2023-06-05 07:28:58,506 [main] INFO  ozone.HddsDatanodeClientProtocolServer (HddsDatanodeClientProtocolServer.java:stop(89)) - Stopping the RPC server for Client Protocol
2023-06-05 07:28:58,506 [main] INFO  ipc.Server (Server.java:stop(3501)) - Stopping server on 15194
2023-06-05 07:28:58,507 [IPC Server Responder] INFO  ipc.Server (Server.java:run(1563)) - Stopping IPC Server Responder
2023-06-05 07:28:58,507 [IPC Server listener on 15194] INFO  ipc.Server (Server.java:run(1430)) - Stopping IPC Server listener on 15194
2023-06-05 07:28:58,509 [main] INFO  ozone.MiniOzoneClusterImpl (MiniOzoneClusterImpl.java:stopSCM(537)) - Stopping the StorageContainerManager
2023-06-05 07:28:58,510 [main] INFO  server.StorageContainerManager (StorageContainerManager.java:stop(1559)) - Container Balancer is not running.
2023-06-05 07:28:58,510 [main] INFO  server.StorageContainerManager (StorageContainerManager.java:stopReplicationManager(1690)) - Stopping Replication Manager Service.
2023-06-05 07:28:58,510 [main] INFO  replication.ReplicationManager (ReplicationManager.java:stop(332)) - Stopping Replication Monitor Thread.
2023-06-05 07:28:58,510 [Under Replicated Processor] WARN  replication.UnhealthyReplicationProcessor (UnhealthyReplicationProcessor.java:run(167)) - Under Replicated Processor interrupted. Exiting...
2023-06-05 07:28:58,510 [Over Replicated Processor] WARN  replication.UnhealthyReplicationProcessor (UnhealthyReplicationProcessor.java:run(167)) - Over Replicated Processor interrupted. Exiting...
2023-06-05 07:28:58,510 [main] INFO  server.StorageContainerManager (StorageContainerManager.java:stop(1568)) - Stopping the Datanode Admin Monitor.
2023-06-05 07:28:58,511 [ReplicationMonitor] INFO  replication.ReplicationManager (ReplicationManager.java:run(938)) - Replication Monitor Thread is stopped
2023-06-05 07:28:58,511 [main] INFO  server.StorageContainerManager (StorageContainerManager.java:stop(1575)) - Stopping datanode service RPC server
2023-06-05 07:28:58,511 [main] INFO  server.SCMDatanodeProtocolServer (SCMDatanodeProtocolServer.java:stop(424)) - Stopping the RPC server for DataNodes
2023-06-05 07:28:58,511 [main] INFO  ipc.Server (Server.java:stop(3501)) - Stopping server on 15177
2023-06-05 07:28:58,513 [IPC Server listener on 15177] INFO  ipc.Server (Server.java:run(1430)) - Stopping IPC Server listener on 15177
2023-06-05 07:28:58,513 [IPC Server Responder] INFO  ipc.Server (Server.java:run(1563)) - Stopping IPC Server Responder
2023-06-05 07:28:58,555 [SCM Heartbeat Processing Thread - 0] WARN  node.NodeStateManager (NodeStateManager.java:scheduleNextHealthCheck(870)) - Current Thread is interrupted, shutting down HB processing thread for Node Manager.
2023-06-05 07:28:58,556 [main] INFO  server.StorageContainerManager (StorageContainerManager.java:stop(1583)) - Stopping block service RPC server
2023-06-05 07:28:58,556 [main] INFO  server.SCMBlockProtocolServer (SCMBlockProtocolServer.java:stop(161)) - Stopping the RPC server for Block Protocol
2023-06-05 07:28:58,557 [main] INFO  ipc.Server (Server.java:stop(3501)) - Stopping server on 15176
2023-06-05 07:28:58,559 [IPC Server listener on 15176] INFO  ipc.Server (Server.java:run(1430)) - Stopping IPC Server listener on 15176
2023-06-05 07:28:58,559 [IPC Server Responder] INFO  ipc.Server (Server.java:run(1563)) - Stopping IPC Server Responder
2023-06-05 07:28:58,559 [main] INFO  server.StorageContainerManager (StorageContainerManager.java:stop(1590)) - Stopping the StorageContainerLocationProtocol RPC server
2023-06-05 07:28:58,559 [main] INFO  server.SCMClientProtocolServer (SCMClientProtocolServer.java:stop(208)) - Stopping the RPC server for Client Protocol
2023-06-05 07:28:58,560 [main] INFO  ipc.Server (Server.java:stop(3501)) - Stopping server on 15175
2023-06-05 07:28:58,560 [IPC Server listener on 15175] INFO  ipc.Server (Server.java:run(1430)) - Stopping IPC Server listener on 15175
2023-06-05 07:28:58,561 [IPC Server Responder] INFO  ipc.Server (Server.java:run(1563)) - Stopping IPC Server Responder
2023-06-05 07:28:58,562 [main] INFO  server.StorageContainerManager (StorageContainerManager.java:stop(1597)) - Stopping Storage Container Manager HTTP server.
2023-06-05 07:28:58,563 [main] INFO  handler.ContextHandler (ContextHandler.java:doStop(1159)) - Stopped o.e.j.w.WebAppContext@2e681871{scm,/,null,STOPPED}{file:/home/runner/work/ozone/ozone/hadoop-ozone/integration-test/target/test-classes/webapps/scm}
2023-06-05 07:28:58,564 [main] INFO  server.AbstractConnector (AbstractConnector.java:doStop(383)) - Stopped ServerConnector@52b4e063{HTTP/1.1, (http/1.1)}{0.0.0.0:15178}
2023-06-05 07:28:58,564 [main] INFO  server.session (HouseKeeper.java:stopScavenging(149)) - node0 Stopped scavenging
2023-06-05 07:28:58,564 [main] INFO  handler.ContextHandler (ContextHandler.java:doStop(1159)) - Stopped o.e.j.s.ServletContextHandler@3bb4ade3{static,/static,file:///home/runner/work/ozone/ozone/hadoop-ozone/integration-test/target/test-classes/webapps/static,STOPPED}
2023-06-05 07:28:58,564 [main] INFO  handler.ContextHandler (ContextHandler.java:doStop(1159)) - Stopped o.e.j.s.ServletContextHandler@680fd480{logs,/logs,file:///home/runner/work/ozone/ozone/hadoop-ozone/integration-test/target/log,STOPPED}
2023-06-05 07:28:58,565 [main] INFO  server.StorageContainerManager (StorageContainerManager.java:stop(1605)) - Stopping SCM LayoutVersionManager Service.
2023-06-05 07:28:58,565 [main] INFO  server.StorageContainerManager (StorageContainerManager.java:stop(1613)) - Stopping Block Manager Service.
2023-06-05 07:28:58,565 [main] INFO  utils.BackgroundService (BackgroundService.java:shutdown(141)) - Shutting down service SCMBlockDeletingService
2023-06-05 07:28:58,565 [main] INFO  utils.BackgroundService (BackgroundService.java:shutdown(141)) - Shutting down service SCMBlockDeletingService
2023-06-05 07:28:58,566 [main] INFO  server.StorageContainerManager (StorageContainerManager.java:stop(1635)) - Stopping SCM Event Queue.
2023-06-05 07:28:58,566 [main] INFO  server.StorageContainerManager (StorageContainerManager.java:stop(1646)) - Stopping SCM HA services.
2023-06-05 07:28:58,566 [main] INFO  ha.SCMRatisServerImpl (SCMRatisServerImpl.java:stop(254)) - stopping ratis server 0.0.0.0:9894
2023-06-05 07:28:58,566 [main] INFO  server.RaftServer (RaftServerProxy.java:lambda$close$6(416)) - b8f56090-9aa5-41f2-afab-c548d389d37e: close
2023-06-05 07:28:58,567 [main] INFO  server.GrpcService (GrpcService.java:closeImpl(311)) - b8f56090-9aa5-41f2-afab-c548d389d37e: shutdown server GrpcServerProtocolService now
2023-06-05 07:28:58,567 [b8f56090-9aa5-41f2-afab-c548d389d37e-impl-thread1] INFO  server.RaftServer$Division (RaftServerImpl.java:lambda$close$4(466)) - b8f56090-9aa5-41f2-afab-c548d389d37e@group-2514915F6FE8: shutdown
2023-06-05 07:28:58,567 [b8f56090-9aa5-41f2-afab-c548d389d37e-impl-thread1] INFO  util.JmxRegister (JmxRegister.java:unregister(73)) - Successfully un-registered JMX Bean with object name Ratis:service=RaftServer,group=group-2514915F6FE8,id=b8f56090-9aa5-41f2-afab-c548d389d37e
2023-06-05 07:28:58,567 [b8f56090-9aa5-41f2-afab-c548d389d37e-impl-thread1] INFO  impl.RoleInfo (RoleInfo.java:shutdownLeaderState(93)) - b8f56090-9aa5-41f2-afab-c548d389d37e: shutdown b8f56090-9aa5-41f2-afab-c548d389d37e@group-2514915F6FE8-LeaderStateImpl
2023-06-05 07:28:58,567 [b8f56090-9aa5-41f2-afab-c548d389d37e-impl-thread1] INFO  impl.PendingRequests (PendingRequests.java:sendNotLeaderResponses(289)) - b8f56090-9aa5-41f2-afab-c548d389d37e@group-2514915F6FE8-PendingRequests: sendNotLeaderResponses
2023-06-05 07:28:58,568 [b8f56090-9aa5-41f2-afab-c548d389d37e-impl-thread1] INFO  ha.SCMStateMachine (SCMStateMachine.java:notifyNotLeader(205)) - current leader SCM steps down.
2023-06-05 07:28:58,568 [b8f56090-9aa5-41f2-afab-c548d389d37e-impl-thread1] INFO  ha.SCMContext (SCMContext.java:updateLeaderAndTerm(99)) - update <isLeader,term> from <true,2> to <false,0>
2023-06-05 07:28:58,568 [b8f56090-9aa5-41f2-afab-c548d389d37e-impl-thread1] INFO  ha.SCMContext (SCMContext.java:updateLeaderAndTerm(106)) - update <isLeaderReady> from <false> to <false>
2023-06-05 07:28:58,568 [b8f56090-9aa5-41f2-afab-c548d389d37e-impl-thread1] INFO  BackgroundPipelineScrubber (BackgroundSCMService.java:notifyStatusChanged(88)) - Service BackgroundPipelineScrubber transitions to PAUSING.
2023-06-05 07:28:58,568 [b8f56090-9aa5-41f2-afab-c548d389d37e-impl-thread1] INFO  ExpiredContainerReplicaOpScrubber (BackgroundSCMService.java:notifyStatusChanged(88)) - Service ExpiredContainerReplicaOpScrubber transitions to PAUSING.
2023-06-05 07:28:58,568 [b8f56090-9aa5-41f2-afab-c548d389d37e-impl-thread1] INFO  SCMHATransactionMonitor (BackgroundSCMService.java:notifyStatusChanged(88)) - Service SCMHATransactionMonitor transitions to PAUSING.
2023-06-05 07:28:58,568 [main] INFO  server.GrpcService (GrpcService.java:closeImpl(320)) - b8f56090-9aa5-41f2-afab-c548d389d37e: shutdown server GrpcServerProtocolService successfully
2023-06-05 07:28:58,569 [b8f56090-9aa5-41f2-afab-c548d389d37e-impl-thread1] INFO  impl.StateMachineUpdater (StateMachineUpdater.java:stopAndJoin(155)) - b8f56090-9aa5-41f2-afab-c548d389d37e@group-2514915F6FE8-StateMachineUpdater: set stopIndex = 30
2023-06-05 07:28:58,569 [b8f56090-9aa5-41f2-afab-c548d389d37e@group-2514915F6FE8-StateMachineUpdater] INFO  server.StorageContainerManager (StorageContainerManager.java:stop(1548)) - Storage Container Manager is not running.
2023-06-05 07:28:58,569 [b8f56090-9aa5-41f2-afab-c548d389d37e@group-2514915F6FE8-StateMachineUpdater] INFO  server.StorageContainerManager (StorageContainerManager.java:stopReplicationManager(1690)) - Stopping Replication Manager Service.
2023-06-05 07:28:58,569 [b8f56090-9aa5-41f2-afab-c548d389d37e@group-2514915F6FE8-StateMachineUpdater] INFO  replication.ReplicationManager (ReplicationManager.java:stop(342)) - Replication Monitor Thread is not running.
2023-06-05 07:28:58,569 [b8f56090-9aa5-41f2-afab-c548d389d37e@group-2514915F6FE8-StateMachineUpdater] INFO  server.StorageContainerManager (ExitUtils.java:terminate(131)) - Terminating with exit status 0: scm statemachine is closed by ratis, terminate SCM
2023-06-05 07:28:58,569 [b8f56090-9aa5-41f2-afab-c548d389d37e@group-2514915F6FE8-StateMachineUpdater] WARN  impl.StateMachineUpdater (StateMachineUpdater.java:stop(139)) - b8f56090-9aa5-41f2-afab-c548d389d37e@group-2514915F6FE8-StateMachineUpdater: Failed to close SCMStateMachine SCMStateMachine:b8f56090-9aa5-41f2-afab-c548d389d37e:group-2514915F6FE8
org.apache.ratis.util.ExitUtils$ExitException: scm statemachine is closed by ratis, terminate SCM
	at org.apache.ratis.util.ExitUtils.terminate(ExitUtils.java:141)
	at org.apache.ratis.util.ExitUtils.terminate(ExitUtils.java:151)
	at org.apache.ratis.util.ExitUtils.terminate(ExitUtils.java:155)
	at org.apache.hadoop.hdds.scm.server.StorageContainerManager.shutDown(StorageContainerManager.java:1700)
	at org.apache.hadoop.hdds.scm.ha.SCMStateMachine.close(SCMStateMachine.java:423)
	at org.apache.ratis.server.impl.StateMachineUpdater.stop(StateMachineUpdater.java:134)
	at org.apache.ratis.server.impl.StateMachineUpdater.run(StateMachineUpdater.java:189)
	at java.lang.Thread.run(Thread.java:750)
2023-06-05 07:28:58,570 [b8f56090-9aa5-41f2-afab-c548d389d37e-impl-thread1] INFO  server.RaftServer$Division (ServerState.java:close(472)) - b8f56090-9aa5-41f2-afab-c548d389d37e@group-2514915F6FE8: closes. applyIndex: 100
2023-06-05 07:28:58,883 [b8f56090-9aa5-41f2-afab-c548d389d37e-impl-thread1] INFO  segmented.SegmentedRaftLogWorker (SegmentedRaftLogWorker.java:close(252)) - b8f56090-9aa5-41f2-afab-c548d389d37e@group-2514915F6FE8-SegmentedRaftLogWorker close()
2023-06-05 07:28:58,883 [JvmPauseMonitor31] INFO  util.JvmPauseMonitor (JvmPauseMonitor.java:run(109)) - JvmPauseMonitor-b8f56090-9aa5-41f2-afab-c548d389d37e: Stopped
2023-06-05 07:28:58,884 [main] INFO  SCMHATransactionMonitor (BackgroundSCMService.java:stop(131)) - Stopping SCMHATransactionMonitor Service.
2023-06-05 07:28:58,884 [SCMHATransactionMonitorThread] WARN  SCMHATransactionMonitor (BackgroundSCMService.java:run(115)) - SCMHATransactionMonitor is interrupted, exit
2023-06-05 07:28:58,885 [main] INFO  pipeline.BackgroundPipelineCreator (BackgroundPipelineCreator.java:stop(149)) - Stopping RatisPipelineUtilsThread.
2023-06-05 07:28:58,885 [RatisPipelineUtilsThread - 0] WARN  pipeline.BackgroundPipelineCreator (BackgroundPipelineCreator.java:run(180)) - RatisPipelineUtilsThread is interrupted.
2023-06-05 07:28:58,885 [main] INFO  BackgroundPipelineScrubber (BackgroundSCMService.java:stop(131)) - Stopping BackgroundPipelineScrubber Service.
2023-06-05 07:28:58,885 [BackgroundPipelineScrubberThread] WARN  BackgroundPipelineScrubber (BackgroundSCMService.java:run(115)) - BackgroundPipelineScrubber is interrupted, exit
2023-06-05 07:28:58,885 [main] INFO  impl.MetricsSystemImpl (MetricsSystemImpl.java:stop(210)) - Stopping HddsDatanode metrics system...
2023-06-05 07:28:58,886 [prometheus] INFO  impl.MetricsSinkAdapter (MetricsSinkAdapter.java:publishMetricsFromQueue(141)) - prometheus thread interrupted.
2023-06-05 07:28:58,887 [main] INFO  impl.MetricsSystemImpl (MetricsSystemImpl.java:stop(216)) - HddsDatanode metrics system stopped.
2023-06-05 07:28:58,887 [main] WARN  pipeline.BackgroundPipelineCreator (BackgroundPipelineCreator.java:stop(145)) - RatisPipelineUtilsThread is not running, just ignore.
2023-06-05 07:28:58,887 [main] INFO  BackgroundPipelineScrubber (BackgroundSCMService.java:stop(126)) - BackgroundPipelineScrubber Service is not running, skip stop.
2023-06-05 07:28:58,887 [main] INFO  ExpiredContainerReplicaOpScrubber (BackgroundSCMService.java:stop(131)) - Stopping ExpiredContainerReplicaOpScrubber Service.
2023-06-05 07:28:58,887 [main] INFO  utils.BackgroundService (BackgroundService.java:shutdown(141)) - Shutting down service SCMBlockDeletingService
2023-06-05 07:28:58,887 [ExpiredContainerReplicaOpScrubberThread] WARN  ExpiredContainerReplicaOpScrubber (BackgroundSCMService.java:run(115)) - ExpiredContainerReplicaOpScrubber is interrupted, exit
2023-06-05 07:28:58,887 [main] INFO  replication.ReplicationManager (ReplicationManager.java:stop(342)) - Replication Monitor Thread is not running.
2023-06-05 07:28:58,887 [main] WARN  balancer.ContainerBalancer (ContainerBalancer.java:stop(328)) - Cannot stop Container Balancer because it's not running or stopping
2023-06-05 07:28:58,888 [main] INFO  SCMHATransactionMonitor (BackgroundSCMService.java:stop(126)) - SCMHATransactionMonitor Service is not running, skip stop.
2023-06-05 07:28:58,888 [Lease Manager-LeaseManager#LeaseMonitor] WARN  lease.LeaseManager (LeaseManager.java:run(272)) - Lease manager is interrupted. Shutting down...
java.lang.InterruptedException
	at java.util.concurrent.locks.AbstractQueuedSynchronizer.doAcquireSharedNanos(AbstractQueuedSynchronizer.java:1039)
	at java.util.concurrent.locks.AbstractQueuedSynchronizer.tryAcquireSharedNanos(AbstractQueuedSynchronizer.java:1328)
	at java.util.concurrent.Semaphore.tryAcquire(Semaphore.java:409)
	at org.apache.hadoop.ozone.lease.LeaseManager$LeaseMonitor.run(LeaseManager.java:270)
	at java.lang.Thread.run(Thread.java:750)
2023-06-05 07:28:58,888 [main] INFO  server.StorageContainerManager (StorageContainerManager.java:stop(1681)) - Stopping SCM MetadataStore.
]]></system-out>
    </rerunFailure>
  </testcase>
</testsuite>