<?xml version="1.0" encoding="UTF-8"?>
<testsuite xmlns:xsi="http://www.w3.org/2001/XMLSchema-instance" xsi:noNamespaceSchemaLocation="https://maven.apache.org/surefire/maven-surefire-plugin/xsd/surefire-test-report-3.0.xsd" version="3.0" name="org.apache.hadoop.ozone.client.rpc.TestBlockOutputStream" time="31.19" tests="6" errors="0" skipped="0" failures="3">
  <properties>
    <property name="awt.toolkit" value="sun.awt.X11.XToolkit"/>
    <property name="file.encoding.pkg" value="sun.io"/>
    <property name="java.specification.version" value="1.8"/>
    <property name="sun.cpu.isalist" value=""/>
    <property name="sun.jnu.encoding" value="UTF-8"/>
    <property name="java.class.path" value="/home/runner/work/ozone/ozone/hadoop-ozone/integration-test/target/test-classes:/home/runner/work/ozone/ozone/hadoop-ozone/integration-test/target/classes:/home/runner/.m2/repository/org/apache/ozone/ozone-common/1.3.0-SNAPSHOT/ozone-common-1.3.0-SNAPSHOT.jar:/home/runner/.m2/repository/io/grpc/grpc-netty/1.48.1/grpc-netty-1.48.1.jar:/home/runner/.m2/repository/io/grpc/grpc-core/1.48.1/grpc-core-1.48.1.jar:/home/runner/.m2/repository/com/google/android/annotations/4.1.1.4/annotations-4.1.1.4.jar:/home/runner/.m2/repository/org/codehaus/mojo/animal-sniffer-annotations/1.21/animal-sniffer-annotations-1.21.jar:/home/runner/.m2/repository/com/google/errorprone/error_prone_annotations/2.2.0/error_prone_annotations-2.2.0.jar:/home/runner/.m2/repository/io/perfmark/perfmark-api/0.25.0/perfmark-api-0.25.0.jar:/home/runner/.m2/repository/io/netty/netty-codec-http2/4.1.79.Final/netty-codec-http2-4.1.79.Final.jar:/home/runner/.m2/repository/io/netty/netty-common/4.1.79.Final/netty-common-4.1.79.Final.jar:/home/runner/.m2/repository/io/netty/netty-buffer/4.1.79.Final/netty-buffer-4.1.79.Final.jar:/home/runner/.m2/repository/io/netty/netty-codec-http/4.1.79.Final/netty-codec-http-4.1.79.Final.jar:/home/runner/.m2/repository/io/netty/netty-handler-proxy/4.1.79.Final/netty-handler-proxy-4.1.79.Final.jar:/home/runner/.m2/repository/io/netty/netty-codec-socks/4.1.79.Final/netty-codec-socks-4.1.79.Final.jar:/home/runner/.m2/repository/io/netty/netty-tcnative-boringssl-static/2.0.53.Final/netty-tcnative-boringssl-static-2.0.53.Final.jar:/home/runner/.m2/repository/io/netty/netty-tcnative-classes/2.0.53.Final/netty-tcnative-classes-2.0.53.Final.jar:/home/runner/.m2/repository/io/netty/netty-tcnative-boringssl-static/2.0.53.Final/netty-tcnative-boringssl-static-2.0.53.Final-linux-x86_64.jar:/home/runner/.m2/repository/io/netty/netty-tcnative-boringssl-static/2.0.53.Final/netty-tcnative-boringssl-static-2.0.53.Final-linux-aarch_64.jar:/home/runner/.m2/repository/io/netty/netty-tcnative-boringssl-static/2.0.53.Final/netty-tcnative-boringssl-static-2.0.53.Final-osx-x86_64.jar:/home/runner/.m2/repository/io/netty/netty-tcnative-boringssl-static/2.0.53.Final/netty-tcnative-boringssl-static-2.0.53.Final-osx-aarch_64.jar:/home/runner/.m2/repository/io/netty/netty-tcnative-boringssl-static/2.0.53.Final/netty-tcnative-boringssl-static-2.0.53.Final-windows-x86_64.jar:/home/runner/.m2/repository/org/apache/commons/commons-compress/1.21/commons-compress-1.21.jar:/home/runner/.m2/repository/org/apache/ozone/hdds-common/1.3.0-SNAPSHOT/hdds-common-1.3.0-SNAPSHOT.jar:/home/runner/.m2/repository/org/apache/ozone/hdds-client/1.3.0-SNAPSHOT/hdds-client-1.3.0-SNAPSHOT.jar:/home/runner/.m2/repository/org/apache/ozone/ozone-interface-client/1.3.0-SNAPSHOT/ozone-interface-client-1.3.0-SNAPSHOT.jar:/home/runner/.m2/repository/org/apache/ozone/hdds-test-utils/1.3.0-SNAPSHOT/hdds-test-utils-1.3.0-SNAPSHOT.jar:/home/runner/.m2/repository/com/google/guava/guava/31.1-jre/guava-31.1-jre.jar:/home/runner/.m2/repository/com/google/guava/failureaccess/1.0.1/failureaccess-1.0.1.jar:/home/runner/.m2/repository/com/google/guava/listenablefuture/9999.0-empty-to-avoid-conflict-with-guava/listenablefuture-9999.0-empty-to-avoid-conflict-with-guava.jar:/home/runner/.m2/repository/com/google/code/findbugs/jsr305/3.0.0/jsr305-3.0.0.jar:/home/runner/.m2/repository/org/checkerframework/checker-qual/3.12.0/checker-qual-3.12.0.jar:/home/runner/.m2/repository/com/google/j2objc/j2objc-annotations/1.3/j2objc-annotations-1.3.jar:/home/runner/.m2/repository/commons-io/commons-io/2.11.0/commons-io-2.11.0.jar:/home/runner/.m2/repository/commons-logging/commons-logging/1.2/commons-logging-1.2.jar:/home/runner/.m2/repository/ch/qos/reload4j/reload4j/1.2.22/reload4j-1.2.22.jar:/home/runner/.m2/repository/org/slf4j/slf4j-api/1.7.36/slf4j-api-1.7.36.jar:/home/runner/.m2/repository/org/apache/ozone/hdds-server-scm/1.3.0-SNAPSHOT/hdds-server-scm-1.3.0-SNAPSHOT.jar:/home/runner/.m2/repository/org/apache/ozone/hdds-container-service/1.3.0-SNAPSHOT/hdds-container-service-1.3.0-SNAPSHOT.jar:/home/runner/.m2/repository/org/apache/ozone/hdds-hadoop-dependency-server/1.3.0-SNAPSHOT/hdds-hadoop-dependency-server-1.3.0-SNAPSHOT.jar:/home/runner/.m2/repository/org/apache/hadoop/hadoop-hdfs/3.3.4/hadoop-hdfs-3.3.4.jar:/home/runner/.m2/repository/org/eclipse/jetty/jetty-util-ajax/9.4.49.v20220914/jetty-util-ajax-9.4.49.v20220914.jar:/home/runner/.m2/repository/commons-daemon/commons-daemon/1.0.13/commons-daemon-1.0.13.jar:/home/runner/.m2/repository/org/apache/ozone/hdds-server-framework/1.3.0-SNAPSHOT/hdds-server-framework-1.3.0-SNAPSHOT.jar:/home/runner/.m2/repository/org/apache/ozone/hdds-interface-server/1.3.0-SNAPSHOT/hdds-interface-server-1.3.0-SNAPSHOT.jar:/home/runner/.m2/repository/org/apache/commons/commons-configuration2/2.1.1/commons-configuration2-2.1.1.jar:/home/runner/.m2/repository/org/apache/logging/log4j/log4j-core/2.17.1/log4j-core-2.17.1.jar:/home/runner/.m2/repository/com/lmax/disruptor/3.4.2/disruptor-3.4.2.jar:/home/runner/.m2/repository/org/eclipse/jetty/jetty-servlet/9.4.49.v20220914/jetty-servlet-9.4.49.v20220914.jar:/home/runner/.m2/repository/org/eclipse/jetty/jetty-security/9.4.49.v20220914/jetty-security-9.4.49.v20220914.jar:/home/runner/.m2/repository/org/rocksdb/rocksdbjni/7.7.3/rocksdbjni-7.7.3.jar:/home/runner/.m2/repository/io/prometheus/simpleclient_dropwizard/0.7.0/simpleclient_dropwizard-0.7.0.jar:/home/runner/.m2/repository/io/prometheus/simpleclient/0.7.0/simpleclient-0.7.0.jar:/home/runner/.m2/repository/io/prometheus/simpleclient_common/0.7.0/simpleclient_common-0.7.0.jar:/home/runner/.m2/repository/com/github/spotbugs/spotbugs-annotations/3.1.12/spotbugs-annotations-3.1.12.jar:/home/runner/.m2/repository/io/dropwizard/metrics/metrics-core/3.2.4/metrics-core-3.2.4.jar:/home/runner/.m2/repository/org/apache/commons/commons-text/1.4/commons-text-1.4.jar:/home/runner/.m2/repository/org/apache/hadoop/hadoop-hdfs-client/3.3.4/hadoop-hdfs-client-3.3.4.jar:/home/runner/.m2/repository/com/squareup/okhttp3/okhttp/4.9.3/okhttp-4.9.3.jar:/home/runner/.m2/repository/com/squareup/okio/okio/2.8.0/okio-2.8.0.jar:/home/runner/.m2/repository/org/jetbrains/kotlin/kotlin-stdlib-common/1.4.10/kotlin-stdlib-common-1.4.10.jar:/home/runner/.m2/repository/org/bouncycastle/bcprov-jdk15on/1.67/bcprov-jdk15on-1.67.jar:/home/runner/.m2/repository/com/google/protobuf/protobuf-java/2.5.0/protobuf-java-2.5.0.jar:/home/runner/.m2/repository/org/apache/ozone/ozone-manager/1.3.0-SNAPSHOT/ozone-manager-1.3.0-SNAPSHOT.jar:/home/runner/.m2/repository/org/aspectj/aspectjrt/1.9.7/aspectjrt-1.9.7.jar:/home/runner/.m2/repository/org/aspectj/aspectjweaver/1.9.7/aspectjweaver-1.9.7.jar:/home/runner/.m2/repository/org/apache/ozone/hdds-interface-client/1.3.0-SNAPSHOT/hdds-interface-client-1.3.0-SNAPSHOT.jar:/home/runner/.m2/repository/org/apache/hadoop/thirdparty/hadoop-shaded-protobuf_3_7/1.1.1/hadoop-shaded-protobuf_3_7-1.1.1.jar:/home/runner/.m2/repository/org/apache/ozone/ozone-interface-storage/1.3.0-SNAPSHOT/ozone-interface-storage-1.3.0-SNAPSHOT.jar:/home/runner/.m2/repository/org/reflections/reflections/0.9.11/reflections-0.9.11.jar:/home/runner/.m2/repository/com/sun/jersey/jersey-client/1.19/jersey-client-1.19.jar:/home/runner/.m2/repository/org/apache/ranger/ranger-intg/2.3.0/ranger-intg-2.3.0.jar:/home/runner/.m2/repository/org/apache/ranger/ranger-plugins-common/2.3.0/ranger-plugins-common-2.3.0.jar:/home/runner/.m2/repository/commons-lang/commons-lang/2.6/commons-lang-2.6.jar:/home/runner/.m2/repository/org/codehaus/jackson/jackson-jaxrs/1.9.13/jackson-jaxrs-1.9.13.jar:/home/runner/.m2/repository/org/apache/ranger/ranger-plugins-cred/2.3.0/ranger-plugins-cred-2.3.0.jar:/home/runner/.m2/repository/org/apache/ranger/ranger-plugins-audit/2.3.0/ranger-plugins-audit-2.3.0.jar:/home/runner/.m2/repository/org/eclipse/jetty/jetty-client/9.4.31.v20200723/jetty-client-9.4.31.v20200723.jar:/home/runner/.m2/repository/org/apache/httpcomponents/httpmime/4.5.6/httpmime-4.5.6.jar:/home/runner/.m2/repository/org/apache/httpcomponents/httpcore-nio/4.4.6/httpcore-nio-4.4.6.jar:/home/runner/.m2/repository/org/apache/httpcomponents/httpasyncclient/4.1.3/httpasyncclient-4.1.3.jar:/home/runner/.m2/repository/com/carrotsearch/hppc/0.8.0/hppc-0.8.0.jar:/home/runner/.m2/repository/org/apache/orc/orc-core/1.5.8/orc-core-1.5.8.jar:/home/runner/.m2/repository/net/java/dev/jna/jna/5.2.0/jna-5.2.0.jar:/home/runner/.m2/repository/net/java/dev/jna/jna-platform/5.2.0/jna-platform-5.2.0.jar:/home/runner/.m2/repository/com/kstruct/gethostname4j/0.0.2/gethostname4j-0.0.2.jar:/home/runner/.m2/repository/org/apache/ranger/ranger-plugin-classloader/2.3.0/ranger-plugin-classloader-2.3.0.jar:/home/runner/.m2/repository/org/apache/hadoop/hadoop-minikdc/3.3.4/hadoop-minikdc-3.3.4.jar:/home/runner/.m2/repository/org/apache/kerby/kerb-simplekdc/1.0.1/kerb-simplekdc-1.0.1.jar:/home/runner/.m2/repository/org/apache/kerby/kerb-client/1.0.1/kerb-client-1.0.1.jar:/home/runner/.m2/repository/org/apache/kerby/kerby-config/1.0.1/kerby-config-1.0.1.jar:/home/runner/.m2/repository/org/apache/kerby/kerb-common/1.0.1/kerb-common-1.0.1.jar:/home/runner/.m2/repository/org/apache/kerby/kerb-crypto/1.0.1/kerb-crypto-1.0.1.jar:/home/runner/.m2/repository/org/apache/kerby/kerb-util/1.0.1/kerb-util-1.0.1.jar:/home/runner/.m2/repository/org/apache/kerby/token-provider/1.0.1/token-provider-1.0.1.jar:/home/runner/.m2/repository/org/apache/kerby/kerb-admin/1.0.1/kerb-admin-1.0.1.jar:/home/runner/.m2/repository/org/apache/kerby/kerb-server/1.0.1/kerb-server-1.0.1.jar:/home/runner/.m2/repository/org/apache/kerby/kerb-identity/1.0.1/kerb-identity-1.0.1.jar:/home/runner/.m2/repository/org/apache/kerby/kerby-xdr/1.0.1/kerby-xdr-1.0.1.jar:/home/runner/.m2/repository/org/apache/ozone/ozone-s3gateway/1.3.0-SNAPSHOT/ozone-s3gateway-1.3.0-SNAPSHOT.jar:/home/runner/.m2/repository/org/javassist/javassist/3.21.0-GA/javassist-3.21.0-GA.jar:/home/runner/.m2/repository/org/jboss/weld/servlet/weld-servlet/2.4.7.Final/weld-servlet-2.4.7.Final.jar:/home/runner/.m2/repository/org/glassfish/jersey/containers/jersey-container-servlet-core/2.34/jersey-container-servlet-core-2.34.jar:/home/runner/.m2/repository/org/glassfish/hk2/external/jakarta.inject/2.6.1/jakarta.inject-2.6.1.jar:/home/runner/.m2/repository/org/glassfish/jersey/core/jersey-common/2.34/jersey-common-2.34.jar:/home/runner/.m2/repository/jakarta/ws/rs/jakarta.ws.rs-api/2.1.6/jakarta.ws.rs-api-2.1.6.jar:/home/runner/.m2/repository/org/glassfish/jersey/ext/cdi/jersey-cdi1x/2.34/jersey-cdi1x-2.34.jar:/home/runner/.m2/repository/org/glassfish/jersey/inject/jersey-hk2/2.34/jersey-hk2-2.34.jar:/home/runner/.m2/repository/org/glassfish/hk2/hk2-locator/2.6.1/hk2-locator-2.6.1.jar:/home/runner/.m2/repository/org/glassfish/jersey/media/jersey-media-jaxb/2.34/jersey-media-jaxb-2.34.jar:/home/runner/.m2/repository/org/glassfish/hk2/osgi-resource-locator/1.0.3/osgi-resource-locator-1.0.3.jar:/home/runner/.m2/repository/org/glassfish/hk2/hk2-api/2.5.0/hk2-api-2.5.0.jar:/home/runner/.m2/repository/org/glassfish/hk2/hk2-utils/2.5.0/hk2-utils-2.5.0.jar:/home/runner/.m2/repository/org/glassfish/hk2/external/aopalliance-repackaged/2.5.0/aopalliance-repackaged-2.5.0.jar:/home/runner/.m2/repository/com/fasterxml/jackson/dataformat/jackson-dataformat-xml/2.13.4/jackson-dataformat-xml-2.13.4.jar:/home/runner/.m2/repository/com/fasterxml/jackson/core/jackson-core/2.13.4/jackson-core-2.13.4.jar:/home/runner/.m2/repository/org/codehaus/woodstox/stax2-api/4.2.1/stax2-api-4.2.1.jar:/home/runner/.m2/repository/com/fasterxml/woodstox/woodstox-core/5.4.0/woodstox-core-5.4.0.jar:/home/runner/.m2/repository/com/fasterxml/jackson/module/jackson-module-jaxb-annotations/2.13.4/jackson-module-jaxb-annotations-2.13.4.jar:/home/runner/.m2/repository/jakarta/xml/bind/jakarta.xml.bind-api/2.3.3/jakarta.xml.bind-api-2.3.3.jar:/home/runner/.m2/repository/jakarta/activation/jakarta.activation-api/1.2.1/jakarta.activation-api-1.2.1.jar:/home/runner/.m2/repository/javax/enterprise/cdi-api/1.2/cdi-api-1.2.jar:/home/runner/.m2/repository/javax/el/javax.el-api/3.0.0/javax.el-api-3.0.0.jar:/home/runner/.m2/repository/javax/interceptor/javax.interceptor-api/1.2/javax.interceptor-api-1.2.jar:/home/runner/.m2/repository/javax/inject/javax.inject/1/javax.inject-1.jar:/home/runner/.m2/repository/javax/xml/bind/jaxb-api/2.3.0/jaxb-api-2.3.0.jar:/home/runner/.m2/repository/org/glassfish/jaxb/jaxb-runtime/2.3.0.1/jaxb-runtime-2.3.0.1.jar:/home/runner/.m2/repository/org/glassfish/jaxb/jaxb-core/2.3.0.1/jaxb-core-2.3.0.1.jar:/home/runner/.m2/repository/org/glassfish/jaxb/txw2/2.3.0.1/txw2-2.3.0.1.jar:/home/runner/.m2/repository/com/sun/istack/istack-commons-runtime/3.0.5/istack-commons-runtime-3.0.5.jar:/home/runner/.m2/repository/org/jvnet/staxex/stax-ex/1.7.8/stax-ex-1.7.8.jar:/home/runner/.m2/repository/com/sun/xml/fastinfoset/FastInfoset/1.2.13/FastInfoset-1.2.13.jar:/home/runner/.m2/repository/javax/activation/activation/1.1.1/activation-1.1.1.jar:/home/runner/.m2/repository/io/grpc/grpc-protobuf/1.48.1/grpc-protobuf-1.48.1.jar:/home/runner/.m2/repository/io/grpc/grpc-api/1.48.1/grpc-api-1.48.1.jar:/home/runner/.m2/repository/io/grpc/grpc-context/1.48.1/grpc-context-1.48.1.jar:/home/runner/.m2/repository/com/google/api/grpc/proto-google-common-protos/2.9.0/proto-google-common-protos-2.9.0.jar:/home/runner/.m2/repository/io/grpc/grpc-protobuf-lite/1.48.1/grpc-protobuf-lite-1.48.1.jar:/home/runner/.m2/repository/io/grpc/grpc-stub/1.48.1/grpc-stub-1.48.1.jar:/home/runner/.m2/repository/io/netty/netty-transport/4.1.79.Final/netty-transport-4.1.79.Final.jar:/home/runner/.m2/repository/io/netty/netty-resolver/4.1.79.Final/netty-resolver-4.1.79.Final.jar:/home/runner/.m2/repository/org/apache/ozone/ozone-csi/1.3.0-SNAPSHOT/ozone-csi-1.3.0-SNAPSHOT.jar:/home/runner/.m2/repository/com/google/protobuf/protobuf-java-util/3.19.6/protobuf-java-util-3.19.6.jar:/home/runner/.m2/repository/com/google/code/gson/gson/2.9.0/gson-2.9.0.jar:/home/runner/.m2/repository/org/apache/ozone/hdds-config/1.3.0-SNAPSHOT/hdds-config-1.3.0-SNAPSHOT.jar:/home/runner/.m2/repository/io/netty/netty-transport-native-epoll/4.1.79.Final/netty-transport-native-epoll-4.1.79.Final-linux-x86_64.jar:/home/runner/.m2/repository/io/netty/netty-transport-classes-epoll/4.1.79.Final/netty-transport-classes-epoll-4.1.79.Final.jar:/home/runner/.m2/repository/io/netty/netty-transport-native-unix-common/4.1.79.Final/netty-transport-native-unix-common-4.1.79.Final.jar:/home/runner/.m2/repository/org/slf4j/slf4j-reload4j/1.7.36/slf4j-reload4j-1.7.36.jar:/home/runner/.m2/repository/org/apache/ozone/ozone-recon/1.3.0-SNAPSHOT/ozone-recon-1.3.0-SNAPSHOT.jar:/home/runner/.m2/repository/org/apache/ozone/ozone-reconcodegen/1.3.0-SNAPSHOT/ozone-reconcodegen-1.3.0-SNAPSHOT.jar:/home/runner/.m2/repository/com/google/inject/extensions/guice-multibindings/4.0/guice-multibindings-4.0.jar:/home/runner/.m2/repository/com/google/inject/guice/4.0/guice-4.0.jar:/home/runner/.m2/repository/aopalliance/aopalliance/1.0/aopalliance-1.0.jar:/home/runner/.m2/repository/com/google/inject/extensions/guice-assistedinject/4.0/guice-assistedinject-4.0.jar:/home/runner/.m2/repository/com/google/inject/extensions/guice-servlet/4.0/guice-servlet-4.0.jar:/home/runner/.m2/repository/org/glassfish/jersey/containers/jersey-container-servlet/2.34/jersey-container-servlet-2.34.jar:/home/runner/.m2/repository/org/glassfish/hk2/guice-bridge/2.5.0/guice-bridge-2.5.0.jar:/home/runner/.m2/repository/org/glassfish/jersey/core/jersey-server/2.34/jersey-server-2.34.jar:/home/runner/.m2/repository/org/glassfish/jersey/core/jersey-client/2.34/jersey-client-2.34.jar:/home/runner/.m2/repository/jakarta/annotation/jakarta.annotation-api/1.3.5/jakarta.annotation-api-1.3.5.jar:/home/runner/.m2/repository/jakarta/validation/jakarta.validation-api/2.0.2/jakarta.validation-api-2.0.2.jar:/home/runner/.m2/repository/org/glassfish/jersey/media/jersey-media-json-jackson/2.34/jersey-media-json-jackson-2.34.jar:/home/runner/.m2/repository/org/glassfish/jersey/ext/jersey-entity-filtering/2.34/jersey-entity-filtering-2.34.jar:/home/runner/.m2/repository/org/jooq/jooq/3.11.10/jooq-3.11.10.jar:/home/runner/.m2/repository/org/jooq/jooq-meta/3.11.10/jooq-meta-3.11.10.jar:/home/runner/.m2/repository/org/jooq/jooq-codegen/3.11.10/jooq-codegen-3.11.10.jar:/home/runner/.m2/repository/com/jolbox/bonecp/0.8.0.RELEASE/bonecp-0.8.0.RELEASE.jar:/home/runner/.m2/repository/org/apache/derby/derby/10.14.2.0/derby-10.14.2.0.jar:/home/runner/.m2/repository/org/xerial/sqlite-jdbc/3.25.2/sqlite-jdbc-3.25.2.jar:/home/runner/.m2/repository/org/springframework/spring-jdbc/5.3.23/spring-jdbc-5.3.23.jar:/home/runner/.m2/repository/org/springframework/spring-beans/5.3.23/spring-beans-5.3.23.jar:/home/runner/.m2/repository/org/springframework/spring-core/5.3.23/spring-core-5.3.23.jar:/home/runner/.m2/repository/org/springframework/spring-jcl/5.3.23/spring-jcl-5.3.23.jar:/home/runner/.m2/repository/org/springframework/spring-tx/5.3.23/spring-tx-5.3.23.jar:/home/runner/.m2/repository/org/apache/ozone/ozone-client/1.3.0-SNAPSHOT/ozone-client-1.3.0-SNAPSHOT.jar:/home/runner/.m2/repository/org/apache/ozone/hdds-erasurecode/1.3.0-SNAPSHOT/hdds-erasurecode-1.3.0-SNAPSHOT.jar:/home/runner/.m2/repository/org/apache/ozone/ozone-filesystem/1.3.0-SNAPSHOT/ozone-filesystem-1.3.0-SNAPSHOT.jar:/home/runner/.m2/repository/org/apache/ozone/ozone-filesystem-common/1.3.0-SNAPSHOT/ozone-filesystem-common-1.3.0-SNAPSHOT.jar:/home/runner/.m2/repository/org/apache/ozone/ozone-tools/1.3.0-SNAPSHOT/ozone-tools-1.3.0-SNAPSHOT.jar:/home/runner/.m2/repository/org/apache/ratis/ratis-tools/2.4.1/ratis-tools-2.4.1.jar:/home/runner/.m2/repository/com/amazonaws/aws-java-sdk-core/1.12.261/aws-java-sdk-core-1.12.261.jar:/home/runner/.m2/repository/org/apache/httpcomponents/httpclient/4.5.13/httpclient-4.5.13.jar:/home/runner/.m2/repository/org/apache/httpcomponents/httpcore/4.4.13/httpcore-4.4.13.jar:/home/runner/.m2/repository/software/amazon/ion/ion-java/1.0.2/ion-java-1.0.2.jar:/home/runner/.m2/repository/com/fasterxml/jackson/dataformat/jackson-dataformat-cbor/2.13.4/jackson-dataformat-cbor-2.13.4.jar:/home/runner/.m2/repository/joda-time/joda-time/2.8.1/joda-time-2.8.1.jar:/home/runner/.m2/repository/com/amazonaws/aws-java-sdk-s3/1.12.261/aws-java-sdk-s3-1.12.261.jar:/home/runner/.m2/repository/com/amazonaws/aws-java-sdk-kms/1.12.261/aws-java-sdk-kms-1.12.261.jar:/home/runner/.m2/repository/com/amazonaws/jmespath-java/1.12.261/jmespath-java-1.12.261.jar:/home/runner/.m2/repository/org/kohsuke/metainf-services/metainf-services/1.8/metainf-services-1.8.jar:/home/runner/.m2/repository/org/apache/ozone/hdds-tools/1.3.0-SNAPSHOT/hdds-tools-1.3.0-SNAPSHOT.jar:/home/runner/.m2/repository/commons-cli/commons-cli/1.2/commons-cli-1.2.jar:/home/runner/.m2/repository/org/apache/commons/commons-lang3/3.7/commons-lang3-3.7.jar:/home/runner/.m2/repository/org/apache/ozone/ozone-manager/1.3.0-SNAPSHOT/ozone-manager-1.3.0-SNAPSHOT-tests.jar:/home/runner/.m2/repository/org/apache/ozone/hdds-common/1.3.0-SNAPSHOT/hdds-common-1.3.0-SNAPSHOT-tests.jar:/home/runner/.m2/repository/org/apache/ozone/hdds-hadoop-dependency-client/1.3.0-SNAPSHOT/hdds-hadoop-dependency-client-1.3.0-SNAPSHOT.jar:/home/runner/.m2/repository/info/picocli/picocli/4.6.1/picocli-4.6.1.jar:/home/runner/.m2/repository/com/fasterxml/jackson/core/jackson-annotations/2.13.4/jackson-annotations-2.13.4.jar:/home/runner/.m2/repository/com/fasterxml/jackson/datatype/jackson-datatype-jsr310/2.13.4/jackson-datatype-jsr310-2.13.4.jar:/home/runner/.m2/repository/org/apache/ozone/hdds-annotation-processing/1.3.0-SNAPSHOT/hdds-annotation-processing-1.3.0-SNAPSHOT.jar:/home/runner/.m2/repository/javax/annotation/javax.annotation-api/1.2/javax.annotation-api-1.2.jar:/home/runner/.m2/repository/org/apache/ratis/ratis-server/2.4.1/ratis-server-2.4.1.jar:/home/runner/.m2/repository/org/apache/ratis/ratis-client/2.4.1/ratis-client-2.4.1.jar:/home/runner/.m2/repository/org/apache/ratis/ratis-server-api/2.4.1/ratis-server-api-2.4.1.jar:/home/runner/.m2/repository/org/apache/ratis/ratis-metrics/2.4.1/ratis-metrics-2.4.1.jar:/home/runner/.m2/repository/org/apache/ratis/ratis-netty/2.4.1/ratis-netty-2.4.1.jar:/home/runner/.m2/repository/org/apache/ratis/ratis-grpc/2.4.1/ratis-grpc-2.4.1.jar:/home/runner/.m2/repository/org/apache/logging/log4j/log4j-api/2.17.1/log4j-api-2.17.1.jar:/home/runner/.m2/repository/org/apache/commons/commons-pool2/2.6.0/commons-pool2-2.6.0.jar:/home/runner/.m2/repository/org/bouncycastle/bcpkix-jdk15on/1.67/bcpkix-jdk15on-1.67.jar:/home/runner/.m2/repository/commons-validator/commons-validator/1.6/commons-validator-1.6.jar:/home/runner/.m2/repository/commons-beanutils/commons-beanutils/1.9.4/commons-beanutils-1.9.4.jar:/home/runner/.m2/repository/commons-digester/commons-digester/1.8.1/commons-digester-1.8.1.jar:/home/runner/.m2/repository/commons-collections/commons-collections/3.2.2/commons-collections-3.2.2.jar:/home/runner/.m2/repository/io/jaegertracing/jaeger-client/1.6.0/jaeger-client-1.6.0.jar:/home/runner/.m2/repository/io/jaegertracing/jaeger-thrift/1.6.0/jaeger-thrift-1.6.0.jar:/home/runner/.m2/repository/org/apache/thrift/libthrift/0.14.1/libthrift-0.14.1.jar:/home/runner/.m2/repository/io/jaegertracing/jaeger-core/1.6.0/jaeger-core-1.6.0.jar:/home/runner/.m2/repository/io/jaegertracing/jaeger-tracerresolver/1.6.0/jaeger-tracerresolver-1.6.0.jar:/home/runner/.m2/repository/io/opentracing/contrib/opentracing-tracerresolver/0.1.8/opentracing-tracerresolver-0.1.8.jar:/home/runner/.m2/repository/org/jetbrains/kotlin/kotlin-stdlib/1.6.21/kotlin-stdlib-1.6.21.jar:/home/runner/.m2/repository/org/jetbrains/annotations/13.0/annotations-13.0.jar:/home/runner/.m2/repository/io/opentracing/opentracing-util/0.33.0/opentracing-util-0.33.0.jar:/home/runner/.m2/repository/io/opentracing/opentracing-api/0.33.0/opentracing-api-0.33.0.jar:/home/runner/.m2/repository/io/opentracing/opentracing-noop/0.33.0/opentracing-noop-0.33.0.jar:/home/runner/.m2/repository/org/yaml/snakeyaml/1.33/snakeyaml-1.33.jar:/home/runner/.m2/repository/org/apache/ozone/hdds-interface-admin/1.3.0-SNAPSHOT/hdds-interface-admin-1.3.0-SNAPSHOT.jar:/home/runner/.m2/repository/junit/junit/4.13.1/junit-4.13.1.jar:/home/runner/.m2/repository/org/hamcrest/hamcrest-core/1.3/hamcrest-core-1.3.jar:/home/runner/.m2/repository/org/junit/jupiter/junit-jupiter-api/5.8.2/junit-jupiter-api-5.8.2.jar:/home/runner/.m2/repository/org/opentest4j/opentest4j/1.2.0/opentest4j-1.2.0.jar:/home/runner/.m2/repository/org/junit/platform/junit-platform-commons/1.8.2/junit-platform-commons-1.8.2.jar:/home/runner/.m2/repository/org/apiguardian/apiguardian-api/1.1.2/apiguardian-api-1.1.2.jar:/home/runner/.m2/repository/org/junit/jupiter/junit-jupiter-params/5.8.2/junit-jupiter-params-5.8.2.jar:/home/runner/.m2/repository/org/junit/jupiter/junit-jupiter-migrationsupport/5.8.2/junit-jupiter-migrationsupport-5.8.2.jar:/home/runner/.m2/repository/org/junit/jupiter/junit-jupiter-engine/5.8.2/junit-jupiter-engine-5.8.2.jar:/home/runner/.m2/repository/org/junit/platform/junit-platform-engine/1.8.2/junit-platform-engine-1.8.2.jar:/home/runner/.m2/repository/org/junit/vintage/junit-vintage-engine/5.8.2/junit-vintage-engine-5.8.2.jar:/home/runner/.m2/repository/org/junit/platform/junit-platform-launcher/1.8.2/junit-platform-launcher-1.8.2.jar:/home/runner/.m2/repository/org/mockito/mockito-core/2.28.2/mockito-core-2.28.2.jar:/home/runner/.m2/repository/net/bytebuddy/byte-buddy/1.9.10/byte-buddy-1.9.10.jar:/home/runner/.m2/repository/net/bytebuddy/byte-buddy-agent/1.9.10/byte-buddy-agent-1.9.10.jar:/home/runner/.m2/repository/org/objenesis/objenesis/1.0/objenesis-1.0.jar:/home/runner/.m2/repository/org/apache/hadoop/hadoop-kms/3.3.4/hadoop-kms-3.3.4.jar:/home/runner/.m2/repository/org/apache/hadoop/hadoop-auth/3.3.4/hadoop-auth-3.3.4.jar:/home/runner/.m2/repository/com/nimbusds/nimbus-jose-jwt/9.8.1/nimbus-jose-jwt-9.8.1.jar:/home/runner/.m2/repository/com/github/stephenc/jcip/jcip-annotations/1.0-1/jcip-annotations-1.0-1.jar:/home/runner/.m2/repository/net/minidev/json-smart/2.4.7/json-smart-2.4.7.jar:/home/runner/.m2/repository/net/minidev/accessors-smart/2.4.7/accessors-smart-2.4.7.jar:/home/runner/.m2/repository/org/ow2/asm/asm/5.0.4/asm-5.0.4.jar:/home/runner/.m2/repository/org/apache/zookeeper/zookeeper/3.5.6/zookeeper-3.5.6.jar:/home/runner/.m2/repository/org/apache/zookeeper/zookeeper-jute/3.5.6/zookeeper-jute-3.5.6.jar:/home/runner/.m2/repository/org/apache/yetus/audience-annotations/0.5.0/audience-annotations-0.5.0.jar:/home/runner/.m2/repository/org/apache/curator/curator-framework/4.2.0/curator-framework-4.2.0.jar:/home/runner/.m2/repository/org/apache/hadoop/thirdparty/hadoop-shaded-guava/1.1.1/hadoop-shaded-guava-1.1.1.jar:/home/runner/.m2/repository/com/sun/jersey/jersey-core/1.19/jersey-core-1.19.jar:/home/runner/.m2/repository/javax/ws/rs/jsr311-api/1.1.1/jsr311-api-1.1.1.jar:/home/runner/.m2/repository/com/sun/jersey/jersey-server/1.19/jersey-server-1.19.jar:/home/runner/.m2/repository/javax/servlet/javax.servlet-api/3.1.0/javax.servlet-api-3.1.0.jar:/home/runner/.m2/repository/org/eclipse/jetty/jetty-server/9.4.49.v20220914/jetty-server-9.4.49.v20220914.jar:/home/runner/.m2/repository/org/eclipse/jetty/jetty-http/9.4.49.v20220914/jetty-http-9.4.49.v20220914.jar:/home/runner/.m2/repository/org/eclipse/jetty/jetty-io/9.4.49.v20220914/jetty-io-9.4.49.v20220914.jar:/home/runner/.m2/repository/org/eclipse/jetty/jetty-webapp/9.4.49.v20220914/jetty-webapp-9.4.49.v20220914.jar:/home/runner/.m2/repository/org/eclipse/jetty/jetty-xml/9.4.49.v20220914/jetty-xml-9.4.49.v20220914.jar:/home/runner/.m2/repository/org/apache/hadoop/hadoop-common/3.3.4/hadoop-common-3.3.4.jar:/home/runner/.m2/repository/org/apache/commons/commons-math3/3.1.1/commons-math3-3.1.1.jar:/home/runner/.m2/repository/commons-net/commons-net/3.6/commons-net-3.6.jar:/home/runner/.m2/repository/com/sun/jersey/jersey-servlet/1.19/jersey-servlet-1.19.jar:/home/runner/.m2/repository/com/sun/jersey/jersey-json/1.19/jersey-json-1.19.jar:/home/runner/.m2/repository/org/codehaus/jettison/jettison/1.1/jettison-1.1.jar:/home/runner/.m2/repository/com/sun/xml/bind/jaxb-impl/2.2.3-1/jaxb-impl-2.2.3-1.jar:/home/runner/.m2/repository/org/codehaus/jackson/jackson-xc/1.9.2/jackson-xc-1.9.2.jar:/home/runner/.m2/repository/com/google/re2j/re2j/1.1/re2j-1.1.jar:/home/runner/.m2/repository/com/jcraft/jsch/0.1.54/jsch-0.1.54.jar:/home/runner/.m2/repository/org/apache/curator/curator-client/4.2.0/curator-client-4.2.0.jar:/home/runner/.m2/repository/org/apache/curator/curator-recipes/4.2.0/curator-recipes-4.2.0.jar:/home/runner/.m2/repository/org/apache/kerby/kerb-core/1.0.1/kerb-core-1.0.1.jar:/home/runner/.m2/repository/org/apache/kerby/kerby-pkix/1.0.1/kerby-pkix-1.0.1.jar:/home/runner/.m2/repository/org/apache/kerby/kerby-asn1/1.0.1/kerby-asn1-1.0.1.jar:/home/runner/.m2/repository/org/apache/kerby/kerby-util/1.0.1/kerby-util-1.0.1.jar:/home/runner/.m2/repository/dnsjava/dnsjava/2.1.7/dnsjava-2.1.7.jar:/home/runner/.m2/repository/org/xerial/snappy/snappy-java/1.1.8.2/snappy-java-1.1.8.2.jar:/home/runner/.m2/repository/org/eclipse/jetty/jetty-util/9.4.49.v20220914/jetty-util-9.4.49.v20220914.jar:/home/runner/.m2/repository/com/fasterxml/jackson/core/jackson-databind/2.13.4.2/jackson-databind-2.13.4.2.jar:/home/runner/.m2/repository/org/apache/hadoop/hadoop-kms/3.3.4/hadoop-kms-3.3.4-tests.jar:/home/runner/.m2/repository/org/apache/ozone/hdds-server-scm/1.3.0-SNAPSHOT/hdds-server-scm-1.3.0-SNAPSHOT-tests.jar:/home/runner/.m2/repository/org/apache/ozone/hdds-container-service/1.3.0-SNAPSHOT/hdds-container-service-1.3.0-SNAPSHOT-tests.jar:/home/runner/.m2/repository/commons-codec/commons-codec/1.15/commons-codec-1.15.jar:/home/runner/.m2/repository/io/netty/netty-codec/4.1.79.Final/netty-codec-4.1.79.Final.jar:/home/runner/.m2/repository/io/netty/netty-handler/4.1.79.Final/netty-handler-4.1.79.Final.jar:/home/runner/.m2/repository/org/apache/ozone/hdds-hadoop-dependency-test/1.3.0-SNAPSHOT/hdds-hadoop-dependency-test-1.3.0-SNAPSHOT.jar:/home/runner/.m2/repository/org/apache/hadoop/hadoop-common/3.3.4/hadoop-common-3.3.4-tests.jar:/home/runner/.m2/repository/org/apache/hadoop/hadoop-hdfs/3.3.4/hadoop-hdfs-3.3.4-tests.jar:/home/runner/.m2/repository/org/assertj/assertj-core/3.12.2/assertj-core-3.12.2.jar:/home/runner/.m2/repository/org/apache/hadoop/hadoop-distcp/3.3.4/hadoop-distcp-3.3.4.jar:/home/runner/.m2/repository/org/apache/hadoop/hadoop-mapreduce-client-jobclient/3.3.4/hadoop-mapreduce-client-jobclient-3.3.4.jar:/home/runner/.m2/repository/org/apache/hadoop/hadoop-mapreduce-client-common/3.3.4/hadoop-mapreduce-client-common-3.3.4.jar:/home/runner/.m2/repository/org/apache/hadoop/hadoop-yarn-common/3.3.4/hadoop-yarn-common-3.3.4.jar:/home/runner/.m2/repository/org/apache/hadoop/hadoop-yarn-api/3.3.4/hadoop-yarn-api-3.3.4.jar:/home/runner/.m2/repository/com/sun/jersey/contribs/jersey-guice/1.19/jersey-guice-1.19.jar:/home/runner/.m2/repository/com/fasterxml/jackson/jaxrs/jackson-jaxrs-json-provider/2.13.4/jackson-jaxrs-json-provider-2.13.4.jar:/home/runner/.m2/repository/com/fasterxml/jackson/jaxrs/jackson-jaxrs-base/2.13.4/jackson-jaxrs-base-2.13.4.jar:/home/runner/.m2/repository/org/apache/hadoop/hadoop-yarn-client/3.3.4/hadoop-yarn-client-3.3.4.jar:/home/runner/.m2/repository/org/eclipse/jetty/websocket/websocket-client/9.4.43.v20210629/websocket-client-9.4.43.v20210629.jar:/home/runner/.m2/repository/org/eclipse/jetty/websocket/websocket-common/9.4.43.v20210629/websocket-common-9.4.43.v20210629.jar:/home/runner/.m2/repository/org/eclipse/jetty/websocket/websocket-api/9.4.43.v20210629/websocket-api-9.4.43.v20210629.jar:/home/runner/.m2/repository/org/jline/jline/3.9.0/jline-3.9.0.jar:/home/runner/.m2/repository/org/apache/hadoop/hadoop-mapreduce-client-core/3.3.4/hadoop-mapreduce-client-core-3.3.4.jar:/home/runner/.m2/repository/org/apache/avro/avro/1.7.7/avro-1.7.7.jar:/home/runner/.m2/repository/org/codehaus/jackson/jackson-core-asl/1.9.13/jackson-core-asl-1.9.13.jar:/home/runner/.m2/repository/org/codehaus/jackson/jackson-mapper-asl/1.9.13/jackson-mapper-asl-1.9.13.jar:/home/runner/.m2/repository/com/thoughtworks/paranamer/paranamer/2.3/paranamer-2.3.jar:/home/runner/.m2/repository/org/apache/hadoop/hadoop-annotations/3.3.4/hadoop-annotations-3.3.4.jar:/usr/lib/jvm/temurin-8-jdk-amd64/jre/../lib/tools.jar:/home/runner/.m2/repository/io/netty/netty/3.10.6.Final/netty-3.10.6.Final.jar:/home/runner/.m2/repository/org/apache/hadoop/hadoop-distcp/3.3.4/hadoop-distcp-3.3.4-tests.jar:/home/runner/.m2/repository/org/slf4j/jul-to-slf4j/1.7.36/jul-to-slf4j-1.7.36.jar:/home/runner/.m2/repository/org/apache/ratis/ratis-common/2.4.1/ratis-common-2.4.1.jar:/home/runner/.m2/repository/org/apache/ratis/ratis-thirdparty-misc/1.0.3/ratis-thirdparty-misc-1.0.3.jar:/home/runner/.m2/repository/org/apache/ratis/ratis-proto/2.4.1/ratis-proto-2.4.1.jar:"/>
    <property name="java.vm.vendor" value="Temurin"/>
    <property name="sun.arch.data.model" value="64"/>
    <property name="test.build.dir" value="/home/runner/work/ozone/ozone/hadoop-ozone/integration-test/target/test-dir"/>
    <property name="test.cache.data" value=""/>
    <property name="java.vendor.url" value="https://adoptium.net/"/>
    <property name="user.timezone" value="Etc/UTC"/>
    <property name="java.vm.specification.version" value="1.8"/>
    <property name="os.name" value="Linux"/>
    <property name="test.build.data" value="/home/runner/work/ozone/ozone/hadoop-ozone/integration-test/target/test-dir"/>
    <property name="sun.java.launcher" value="SUN_STANDARD"/>
    <property name="sun.boot.library.path" value="/usr/lib/jvm/temurin-8-jdk-amd64/jre/lib/amd64"/>
    <property name="sun.java.command" value="/home/runner/work/ozone/ozone/hadoop-ozone/integration-test/target/surefire/surefirebooter6377130735482930282.jar /home/runner/work/ozone/ozone/hadoop-ozone/integration-test/target/surefire 2022-12-02T13-47-45_065-jvmRun1 surefire7464400481727807736tmp surefire_97053949295626544264tmp"/>
    <property name="surefire.test.class.path" value="/home/runner/work/ozone/ozone/hadoop-ozone/integration-test/target/test-classes:/home/runner/work/ozone/ozone/hadoop-ozone/integration-test/target/classes:/home/runner/.m2/repository/org/apache/ozone/ozone-common/1.3.0-SNAPSHOT/ozone-common-1.3.0-SNAPSHOT.jar:/home/runner/.m2/repository/io/grpc/grpc-netty/1.48.1/grpc-netty-1.48.1.jar:/home/runner/.m2/repository/io/grpc/grpc-core/1.48.1/grpc-core-1.48.1.jar:/home/runner/.m2/repository/com/google/android/annotations/4.1.1.4/annotations-4.1.1.4.jar:/home/runner/.m2/repository/org/codehaus/mojo/animal-sniffer-annotations/1.21/animal-sniffer-annotations-1.21.jar:/home/runner/.m2/repository/com/google/errorprone/error_prone_annotations/2.2.0/error_prone_annotations-2.2.0.jar:/home/runner/.m2/repository/io/perfmark/perfmark-api/0.25.0/perfmark-api-0.25.0.jar:/home/runner/.m2/repository/io/netty/netty-codec-http2/4.1.79.Final/netty-codec-http2-4.1.79.Final.jar:/home/runner/.m2/repository/io/netty/netty-common/4.1.79.Final/netty-common-4.1.79.Final.jar:/home/runner/.m2/repository/io/netty/netty-buffer/4.1.79.Final/netty-buffer-4.1.79.Final.jar:/home/runner/.m2/repository/io/netty/netty-codec-http/4.1.79.Final/netty-codec-http-4.1.79.Final.jar:/home/runner/.m2/repository/io/netty/netty-handler-proxy/4.1.79.Final/netty-handler-proxy-4.1.79.Final.jar:/home/runner/.m2/repository/io/netty/netty-codec-socks/4.1.79.Final/netty-codec-socks-4.1.79.Final.jar:/home/runner/.m2/repository/io/netty/netty-tcnative-boringssl-static/2.0.53.Final/netty-tcnative-boringssl-static-2.0.53.Final.jar:/home/runner/.m2/repository/io/netty/netty-tcnative-classes/2.0.53.Final/netty-tcnative-classes-2.0.53.Final.jar:/home/runner/.m2/repository/io/netty/netty-tcnative-boringssl-static/2.0.53.Final/netty-tcnative-boringssl-static-2.0.53.Final-linux-x86_64.jar:/home/runner/.m2/repository/io/netty/netty-tcnative-boringssl-static/2.0.53.Final/netty-tcnative-boringssl-static-2.0.53.Final-linux-aarch_64.jar:/home/runner/.m2/repository/io/netty/netty-tcnative-boringssl-static/2.0.53.Final/netty-tcnative-boringssl-static-2.0.53.Final-osx-x86_64.jar:/home/runner/.m2/repository/io/netty/netty-tcnative-boringssl-static/2.0.53.Final/netty-tcnative-boringssl-static-2.0.53.Final-osx-aarch_64.jar:/home/runner/.m2/repository/io/netty/netty-tcnative-boringssl-static/2.0.53.Final/netty-tcnative-boringssl-static-2.0.53.Final-windows-x86_64.jar:/home/runner/.m2/repository/org/apache/commons/commons-compress/1.21/commons-compress-1.21.jar:/home/runner/.m2/repository/org/apache/ozone/hdds-common/1.3.0-SNAPSHOT/hdds-common-1.3.0-SNAPSHOT.jar:/home/runner/.m2/repository/org/apache/ozone/hdds-client/1.3.0-SNAPSHOT/hdds-client-1.3.0-SNAPSHOT.jar:/home/runner/.m2/repository/org/apache/ozone/ozone-interface-client/1.3.0-SNAPSHOT/ozone-interface-client-1.3.0-SNAPSHOT.jar:/home/runner/.m2/repository/org/apache/ozone/hdds-test-utils/1.3.0-SNAPSHOT/hdds-test-utils-1.3.0-SNAPSHOT.jar:/home/runner/.m2/repository/com/google/guava/guava/31.1-jre/guava-31.1-jre.jar:/home/runner/.m2/repository/com/google/guava/failureaccess/1.0.1/failureaccess-1.0.1.jar:/home/runner/.m2/repository/com/google/guava/listenablefuture/9999.0-empty-to-avoid-conflict-with-guava/listenablefuture-9999.0-empty-to-avoid-conflict-with-guava.jar:/home/runner/.m2/repository/com/google/code/findbugs/jsr305/3.0.0/jsr305-3.0.0.jar:/home/runner/.m2/repository/org/checkerframework/checker-qual/3.12.0/checker-qual-3.12.0.jar:/home/runner/.m2/repository/com/google/j2objc/j2objc-annotations/1.3/j2objc-annotations-1.3.jar:/home/runner/.m2/repository/commons-io/commons-io/2.11.0/commons-io-2.11.0.jar:/home/runner/.m2/repository/commons-logging/commons-logging/1.2/commons-logging-1.2.jar:/home/runner/.m2/repository/ch/qos/reload4j/reload4j/1.2.22/reload4j-1.2.22.jar:/home/runner/.m2/repository/org/slf4j/slf4j-api/1.7.36/slf4j-api-1.7.36.jar:/home/runner/.m2/repository/org/apache/ozone/hdds-server-scm/1.3.0-SNAPSHOT/hdds-server-scm-1.3.0-SNAPSHOT.jar:/home/runner/.m2/repository/org/apache/ozone/hdds-container-service/1.3.0-SNAPSHOT/hdds-container-service-1.3.0-SNAPSHOT.jar:/home/runner/.m2/repository/org/apache/ozone/hdds-hadoop-dependency-server/1.3.0-SNAPSHOT/hdds-hadoop-dependency-server-1.3.0-SNAPSHOT.jar:/home/runner/.m2/repository/org/apache/hadoop/hadoop-hdfs/3.3.4/hadoop-hdfs-3.3.4.jar:/home/runner/.m2/repository/org/eclipse/jetty/jetty-util-ajax/9.4.49.v20220914/jetty-util-ajax-9.4.49.v20220914.jar:/home/runner/.m2/repository/commons-daemon/commons-daemon/1.0.13/commons-daemon-1.0.13.jar:/home/runner/.m2/repository/org/apache/ozone/hdds-server-framework/1.3.0-SNAPSHOT/hdds-server-framework-1.3.0-SNAPSHOT.jar:/home/runner/.m2/repository/org/apache/ozone/hdds-interface-server/1.3.0-SNAPSHOT/hdds-interface-server-1.3.0-SNAPSHOT.jar:/home/runner/.m2/repository/org/apache/commons/commons-configuration2/2.1.1/commons-configuration2-2.1.1.jar:/home/runner/.m2/repository/org/apache/logging/log4j/log4j-core/2.17.1/log4j-core-2.17.1.jar:/home/runner/.m2/repository/com/lmax/disruptor/3.4.2/disruptor-3.4.2.jar:/home/runner/.m2/repository/org/eclipse/jetty/jetty-servlet/9.4.49.v20220914/jetty-servlet-9.4.49.v20220914.jar:/home/runner/.m2/repository/org/eclipse/jetty/jetty-security/9.4.49.v20220914/jetty-security-9.4.49.v20220914.jar:/home/runner/.m2/repository/org/rocksdb/rocksdbjni/7.7.3/rocksdbjni-7.7.3.jar:/home/runner/.m2/repository/io/prometheus/simpleclient_dropwizard/0.7.0/simpleclient_dropwizard-0.7.0.jar:/home/runner/.m2/repository/io/prometheus/simpleclient/0.7.0/simpleclient-0.7.0.jar:/home/runner/.m2/repository/io/prometheus/simpleclient_common/0.7.0/simpleclient_common-0.7.0.jar:/home/runner/.m2/repository/com/github/spotbugs/spotbugs-annotations/3.1.12/spotbugs-annotations-3.1.12.jar:/home/runner/.m2/repository/io/dropwizard/metrics/metrics-core/3.2.4/metrics-core-3.2.4.jar:/home/runner/.m2/repository/org/apache/commons/commons-text/1.4/commons-text-1.4.jar:/home/runner/.m2/repository/org/apache/hadoop/hadoop-hdfs-client/3.3.4/hadoop-hdfs-client-3.3.4.jar:/home/runner/.m2/repository/com/squareup/okhttp3/okhttp/4.9.3/okhttp-4.9.3.jar:/home/runner/.m2/repository/com/squareup/okio/okio/2.8.0/okio-2.8.0.jar:/home/runner/.m2/repository/org/jetbrains/kotlin/kotlin-stdlib-common/1.4.10/kotlin-stdlib-common-1.4.10.jar:/home/runner/.m2/repository/org/bouncycastle/bcprov-jdk15on/1.67/bcprov-jdk15on-1.67.jar:/home/runner/.m2/repository/com/google/protobuf/protobuf-java/2.5.0/protobuf-java-2.5.0.jar:/home/runner/.m2/repository/org/apache/ozone/ozone-manager/1.3.0-SNAPSHOT/ozone-manager-1.3.0-SNAPSHOT.jar:/home/runner/.m2/repository/org/aspectj/aspectjrt/1.9.7/aspectjrt-1.9.7.jar:/home/runner/.m2/repository/org/aspectj/aspectjweaver/1.9.7/aspectjweaver-1.9.7.jar:/home/runner/.m2/repository/org/apache/ozone/hdds-interface-client/1.3.0-SNAPSHOT/hdds-interface-client-1.3.0-SNAPSHOT.jar:/home/runner/.m2/repository/org/apache/hadoop/thirdparty/hadoop-shaded-protobuf_3_7/1.1.1/hadoop-shaded-protobuf_3_7-1.1.1.jar:/home/runner/.m2/repository/org/apache/ozone/ozone-interface-storage/1.3.0-SNAPSHOT/ozone-interface-storage-1.3.0-SNAPSHOT.jar:/home/runner/.m2/repository/org/reflections/reflections/0.9.11/reflections-0.9.11.jar:/home/runner/.m2/repository/com/sun/jersey/jersey-client/1.19/jersey-client-1.19.jar:/home/runner/.m2/repository/org/apache/ranger/ranger-intg/2.3.0/ranger-intg-2.3.0.jar:/home/runner/.m2/repository/org/apache/ranger/ranger-plugins-common/2.3.0/ranger-plugins-common-2.3.0.jar:/home/runner/.m2/repository/commons-lang/commons-lang/2.6/commons-lang-2.6.jar:/home/runner/.m2/repository/org/codehaus/jackson/jackson-jaxrs/1.9.13/jackson-jaxrs-1.9.13.jar:/home/runner/.m2/repository/org/apache/ranger/ranger-plugins-cred/2.3.0/ranger-plugins-cred-2.3.0.jar:/home/runner/.m2/repository/org/apache/ranger/ranger-plugins-audit/2.3.0/ranger-plugins-audit-2.3.0.jar:/home/runner/.m2/repository/org/eclipse/jetty/jetty-client/9.4.31.v20200723/jetty-client-9.4.31.v20200723.jar:/home/runner/.m2/repository/org/apache/httpcomponents/httpmime/4.5.6/httpmime-4.5.6.jar:/home/runner/.m2/repository/org/apache/httpcomponents/httpcore-nio/4.4.6/httpcore-nio-4.4.6.jar:/home/runner/.m2/repository/org/apache/httpcomponents/httpasyncclient/4.1.3/httpasyncclient-4.1.3.jar:/home/runner/.m2/repository/com/carrotsearch/hppc/0.8.0/hppc-0.8.0.jar:/home/runner/.m2/repository/org/apache/orc/orc-core/1.5.8/orc-core-1.5.8.jar:/home/runner/.m2/repository/net/java/dev/jna/jna/5.2.0/jna-5.2.0.jar:/home/runner/.m2/repository/net/java/dev/jna/jna-platform/5.2.0/jna-platform-5.2.0.jar:/home/runner/.m2/repository/com/kstruct/gethostname4j/0.0.2/gethostname4j-0.0.2.jar:/home/runner/.m2/repository/org/apache/ranger/ranger-plugin-classloader/2.3.0/ranger-plugin-classloader-2.3.0.jar:/home/runner/.m2/repository/org/apache/hadoop/hadoop-minikdc/3.3.4/hadoop-minikdc-3.3.4.jar:/home/runner/.m2/repository/org/apache/kerby/kerb-simplekdc/1.0.1/kerb-simplekdc-1.0.1.jar:/home/runner/.m2/repository/org/apache/kerby/kerb-client/1.0.1/kerb-client-1.0.1.jar:/home/runner/.m2/repository/org/apache/kerby/kerby-config/1.0.1/kerby-config-1.0.1.jar:/home/runner/.m2/repository/org/apache/kerby/kerb-common/1.0.1/kerb-common-1.0.1.jar:/home/runner/.m2/repository/org/apache/kerby/kerb-crypto/1.0.1/kerb-crypto-1.0.1.jar:/home/runner/.m2/repository/org/apache/kerby/kerb-util/1.0.1/kerb-util-1.0.1.jar:/home/runner/.m2/repository/org/apache/kerby/token-provider/1.0.1/token-provider-1.0.1.jar:/home/runner/.m2/repository/org/apache/kerby/kerb-admin/1.0.1/kerb-admin-1.0.1.jar:/home/runner/.m2/repository/org/apache/kerby/kerb-server/1.0.1/kerb-server-1.0.1.jar:/home/runner/.m2/repository/org/apache/kerby/kerb-identity/1.0.1/kerb-identity-1.0.1.jar:/home/runner/.m2/repository/org/apache/kerby/kerby-xdr/1.0.1/kerby-xdr-1.0.1.jar:/home/runner/.m2/repository/org/apache/ozone/ozone-s3gateway/1.3.0-SNAPSHOT/ozone-s3gateway-1.3.0-SNAPSHOT.jar:/home/runner/.m2/repository/org/javassist/javassist/3.21.0-GA/javassist-3.21.0-GA.jar:/home/runner/.m2/repository/org/jboss/weld/servlet/weld-servlet/2.4.7.Final/weld-servlet-2.4.7.Final.jar:/home/runner/.m2/repository/org/glassfish/jersey/containers/jersey-container-servlet-core/2.34/jersey-container-servlet-core-2.34.jar:/home/runner/.m2/repository/org/glassfish/hk2/external/jakarta.inject/2.6.1/jakarta.inject-2.6.1.jar:/home/runner/.m2/repository/org/glassfish/jersey/core/jersey-common/2.34/jersey-common-2.34.jar:/home/runner/.m2/repository/jakarta/ws/rs/jakarta.ws.rs-api/2.1.6/jakarta.ws.rs-api-2.1.6.jar:/home/runner/.m2/repository/org/glassfish/jersey/ext/cdi/jersey-cdi1x/2.34/jersey-cdi1x-2.34.jar:/home/runner/.m2/repository/org/glassfish/jersey/inject/jersey-hk2/2.34/jersey-hk2-2.34.jar:/home/runner/.m2/repository/org/glassfish/hk2/hk2-locator/2.6.1/hk2-locator-2.6.1.jar:/home/runner/.m2/repository/org/glassfish/jersey/media/jersey-media-jaxb/2.34/jersey-media-jaxb-2.34.jar:/home/runner/.m2/repository/org/glassfish/hk2/osgi-resource-locator/1.0.3/osgi-resource-locator-1.0.3.jar:/home/runner/.m2/repository/org/glassfish/hk2/hk2-api/2.5.0/hk2-api-2.5.0.jar:/home/runner/.m2/repository/org/glassfish/hk2/hk2-utils/2.5.0/hk2-utils-2.5.0.jar:/home/runner/.m2/repository/org/glassfish/hk2/external/aopalliance-repackaged/2.5.0/aopalliance-repackaged-2.5.0.jar:/home/runner/.m2/repository/com/fasterxml/jackson/dataformat/jackson-dataformat-xml/2.13.4/jackson-dataformat-xml-2.13.4.jar:/home/runner/.m2/repository/com/fasterxml/jackson/core/jackson-core/2.13.4/jackson-core-2.13.4.jar:/home/runner/.m2/repository/org/codehaus/woodstox/stax2-api/4.2.1/stax2-api-4.2.1.jar:/home/runner/.m2/repository/com/fasterxml/woodstox/woodstox-core/5.4.0/woodstox-core-5.4.0.jar:/home/runner/.m2/repository/com/fasterxml/jackson/module/jackson-module-jaxb-annotations/2.13.4/jackson-module-jaxb-annotations-2.13.4.jar:/home/runner/.m2/repository/jakarta/xml/bind/jakarta.xml.bind-api/2.3.3/jakarta.xml.bind-api-2.3.3.jar:/home/runner/.m2/repository/jakarta/activation/jakarta.activation-api/1.2.1/jakarta.activation-api-1.2.1.jar:/home/runner/.m2/repository/javax/enterprise/cdi-api/1.2/cdi-api-1.2.jar:/home/runner/.m2/repository/javax/el/javax.el-api/3.0.0/javax.el-api-3.0.0.jar:/home/runner/.m2/repository/javax/interceptor/javax.interceptor-api/1.2/javax.interceptor-api-1.2.jar:/home/runner/.m2/repository/javax/inject/javax.inject/1/javax.inject-1.jar:/home/runner/.m2/repository/javax/xml/bind/jaxb-api/2.3.0/jaxb-api-2.3.0.jar:/home/runner/.m2/repository/org/glassfish/jaxb/jaxb-runtime/2.3.0.1/jaxb-runtime-2.3.0.1.jar:/home/runner/.m2/repository/org/glassfish/jaxb/jaxb-core/2.3.0.1/jaxb-core-2.3.0.1.jar:/home/runner/.m2/repository/org/glassfish/jaxb/txw2/2.3.0.1/txw2-2.3.0.1.jar:/home/runner/.m2/repository/com/sun/istack/istack-commons-runtime/3.0.5/istack-commons-runtime-3.0.5.jar:/home/runner/.m2/repository/org/jvnet/staxex/stax-ex/1.7.8/stax-ex-1.7.8.jar:/home/runner/.m2/repository/com/sun/xml/fastinfoset/FastInfoset/1.2.13/FastInfoset-1.2.13.jar:/home/runner/.m2/repository/javax/activation/activation/1.1.1/activation-1.1.1.jar:/home/runner/.m2/repository/io/grpc/grpc-protobuf/1.48.1/grpc-protobuf-1.48.1.jar:/home/runner/.m2/repository/io/grpc/grpc-api/1.48.1/grpc-api-1.48.1.jar:/home/runner/.m2/repository/io/grpc/grpc-context/1.48.1/grpc-context-1.48.1.jar:/home/runner/.m2/repository/com/google/api/grpc/proto-google-common-protos/2.9.0/proto-google-common-protos-2.9.0.jar:/home/runner/.m2/repository/io/grpc/grpc-protobuf-lite/1.48.1/grpc-protobuf-lite-1.48.1.jar:/home/runner/.m2/repository/io/grpc/grpc-stub/1.48.1/grpc-stub-1.48.1.jar:/home/runner/.m2/repository/io/netty/netty-transport/4.1.79.Final/netty-transport-4.1.79.Final.jar:/home/runner/.m2/repository/io/netty/netty-resolver/4.1.79.Final/netty-resolver-4.1.79.Final.jar:/home/runner/.m2/repository/org/apache/ozone/ozone-csi/1.3.0-SNAPSHOT/ozone-csi-1.3.0-SNAPSHOT.jar:/home/runner/.m2/repository/com/google/protobuf/protobuf-java-util/3.19.6/protobuf-java-util-3.19.6.jar:/home/runner/.m2/repository/com/google/code/gson/gson/2.9.0/gson-2.9.0.jar:/home/runner/.m2/repository/org/apache/ozone/hdds-config/1.3.0-SNAPSHOT/hdds-config-1.3.0-SNAPSHOT.jar:/home/runner/.m2/repository/io/netty/netty-transport-native-epoll/4.1.79.Final/netty-transport-native-epoll-4.1.79.Final-linux-x86_64.jar:/home/runner/.m2/repository/io/netty/netty-transport-classes-epoll/4.1.79.Final/netty-transport-classes-epoll-4.1.79.Final.jar:/home/runner/.m2/repository/io/netty/netty-transport-native-unix-common/4.1.79.Final/netty-transport-native-unix-common-4.1.79.Final.jar:/home/runner/.m2/repository/org/slf4j/slf4j-reload4j/1.7.36/slf4j-reload4j-1.7.36.jar:/home/runner/.m2/repository/org/apache/ozone/ozone-recon/1.3.0-SNAPSHOT/ozone-recon-1.3.0-SNAPSHOT.jar:/home/runner/.m2/repository/org/apache/ozone/ozone-reconcodegen/1.3.0-SNAPSHOT/ozone-reconcodegen-1.3.0-SNAPSHOT.jar:/home/runner/.m2/repository/com/google/inject/extensions/guice-multibindings/4.0/guice-multibindings-4.0.jar:/home/runner/.m2/repository/com/google/inject/guice/4.0/guice-4.0.jar:/home/runner/.m2/repository/aopalliance/aopalliance/1.0/aopalliance-1.0.jar:/home/runner/.m2/repository/com/google/inject/extensions/guice-assistedinject/4.0/guice-assistedinject-4.0.jar:/home/runner/.m2/repository/com/google/inject/extensions/guice-servlet/4.0/guice-servlet-4.0.jar:/home/runner/.m2/repository/org/glassfish/jersey/containers/jersey-container-servlet/2.34/jersey-container-servlet-2.34.jar:/home/runner/.m2/repository/org/glassfish/hk2/guice-bridge/2.5.0/guice-bridge-2.5.0.jar:/home/runner/.m2/repository/org/glassfish/jersey/core/jersey-server/2.34/jersey-server-2.34.jar:/home/runner/.m2/repository/org/glassfish/jersey/core/jersey-client/2.34/jersey-client-2.34.jar:/home/runner/.m2/repository/jakarta/annotation/jakarta.annotation-api/1.3.5/jakarta.annotation-api-1.3.5.jar:/home/runner/.m2/repository/jakarta/validation/jakarta.validation-api/2.0.2/jakarta.validation-api-2.0.2.jar:/home/runner/.m2/repository/org/glassfish/jersey/media/jersey-media-json-jackson/2.34/jersey-media-json-jackson-2.34.jar:/home/runner/.m2/repository/org/glassfish/jersey/ext/jersey-entity-filtering/2.34/jersey-entity-filtering-2.34.jar:/home/runner/.m2/repository/org/jooq/jooq/3.11.10/jooq-3.11.10.jar:/home/runner/.m2/repository/org/jooq/jooq-meta/3.11.10/jooq-meta-3.11.10.jar:/home/runner/.m2/repository/org/jooq/jooq-codegen/3.11.10/jooq-codegen-3.11.10.jar:/home/runner/.m2/repository/com/jolbox/bonecp/0.8.0.RELEASE/bonecp-0.8.0.RELEASE.jar:/home/runner/.m2/repository/org/apache/derby/derby/10.14.2.0/derby-10.14.2.0.jar:/home/runner/.m2/repository/org/xerial/sqlite-jdbc/3.25.2/sqlite-jdbc-3.25.2.jar:/home/runner/.m2/repository/org/springframework/spring-jdbc/5.3.23/spring-jdbc-5.3.23.jar:/home/runner/.m2/repository/org/springframework/spring-beans/5.3.23/spring-beans-5.3.23.jar:/home/runner/.m2/repository/org/springframework/spring-core/5.3.23/spring-core-5.3.23.jar:/home/runner/.m2/repository/org/springframework/spring-jcl/5.3.23/spring-jcl-5.3.23.jar:/home/runner/.m2/repository/org/springframework/spring-tx/5.3.23/spring-tx-5.3.23.jar:/home/runner/.m2/repository/org/apache/ozone/ozone-client/1.3.0-SNAPSHOT/ozone-client-1.3.0-SNAPSHOT.jar:/home/runner/.m2/repository/org/apache/ozone/hdds-erasurecode/1.3.0-SNAPSHOT/hdds-erasurecode-1.3.0-SNAPSHOT.jar:/home/runner/.m2/repository/org/apache/ozone/ozone-filesystem/1.3.0-SNAPSHOT/ozone-filesystem-1.3.0-SNAPSHOT.jar:/home/runner/.m2/repository/org/apache/ozone/ozone-filesystem-common/1.3.0-SNAPSHOT/ozone-filesystem-common-1.3.0-SNAPSHOT.jar:/home/runner/.m2/repository/org/apache/ozone/ozone-tools/1.3.0-SNAPSHOT/ozone-tools-1.3.0-SNAPSHOT.jar:/home/runner/.m2/repository/org/apache/ratis/ratis-tools/2.4.1/ratis-tools-2.4.1.jar:/home/runner/.m2/repository/com/amazonaws/aws-java-sdk-core/1.12.261/aws-java-sdk-core-1.12.261.jar:/home/runner/.m2/repository/org/apache/httpcomponents/httpclient/4.5.13/httpclient-4.5.13.jar:/home/runner/.m2/repository/org/apache/httpcomponents/httpcore/4.4.13/httpcore-4.4.13.jar:/home/runner/.m2/repository/software/amazon/ion/ion-java/1.0.2/ion-java-1.0.2.jar:/home/runner/.m2/repository/com/fasterxml/jackson/dataformat/jackson-dataformat-cbor/2.13.4/jackson-dataformat-cbor-2.13.4.jar:/home/runner/.m2/repository/joda-time/joda-time/2.8.1/joda-time-2.8.1.jar:/home/runner/.m2/repository/com/amazonaws/aws-java-sdk-s3/1.12.261/aws-java-sdk-s3-1.12.261.jar:/home/runner/.m2/repository/com/amazonaws/aws-java-sdk-kms/1.12.261/aws-java-sdk-kms-1.12.261.jar:/home/runner/.m2/repository/com/amazonaws/jmespath-java/1.12.261/jmespath-java-1.12.261.jar:/home/runner/.m2/repository/org/kohsuke/metainf-services/metainf-services/1.8/metainf-services-1.8.jar:/home/runner/.m2/repository/org/apache/ozone/hdds-tools/1.3.0-SNAPSHOT/hdds-tools-1.3.0-SNAPSHOT.jar:/home/runner/.m2/repository/commons-cli/commons-cli/1.2/commons-cli-1.2.jar:/home/runner/.m2/repository/org/apache/commons/commons-lang3/3.7/commons-lang3-3.7.jar:/home/runner/.m2/repository/org/apache/ozone/ozone-manager/1.3.0-SNAPSHOT/ozone-manager-1.3.0-SNAPSHOT-tests.jar:/home/runner/.m2/repository/org/apache/ozone/hdds-common/1.3.0-SNAPSHOT/hdds-common-1.3.0-SNAPSHOT-tests.jar:/home/runner/.m2/repository/org/apache/ozone/hdds-hadoop-dependency-client/1.3.0-SNAPSHOT/hdds-hadoop-dependency-client-1.3.0-SNAPSHOT.jar:/home/runner/.m2/repository/info/picocli/picocli/4.6.1/picocli-4.6.1.jar:/home/runner/.m2/repository/com/fasterxml/jackson/core/jackson-annotations/2.13.4/jackson-annotations-2.13.4.jar:/home/runner/.m2/repository/com/fasterxml/jackson/datatype/jackson-datatype-jsr310/2.13.4/jackson-datatype-jsr310-2.13.4.jar:/home/runner/.m2/repository/org/apache/ozone/hdds-annotation-processing/1.3.0-SNAPSHOT/hdds-annotation-processing-1.3.0-SNAPSHOT.jar:/home/runner/.m2/repository/javax/annotation/javax.annotation-api/1.2/javax.annotation-api-1.2.jar:/home/runner/.m2/repository/org/apache/ratis/ratis-server/2.4.1/ratis-server-2.4.1.jar:/home/runner/.m2/repository/org/apache/ratis/ratis-client/2.4.1/ratis-client-2.4.1.jar:/home/runner/.m2/repository/org/apache/ratis/ratis-server-api/2.4.1/ratis-server-api-2.4.1.jar:/home/runner/.m2/repository/org/apache/ratis/ratis-metrics/2.4.1/ratis-metrics-2.4.1.jar:/home/runner/.m2/repository/org/apache/ratis/ratis-netty/2.4.1/ratis-netty-2.4.1.jar:/home/runner/.m2/repository/org/apache/ratis/ratis-grpc/2.4.1/ratis-grpc-2.4.1.jar:/home/runner/.m2/repository/org/apache/logging/log4j/log4j-api/2.17.1/log4j-api-2.17.1.jar:/home/runner/.m2/repository/org/apache/commons/commons-pool2/2.6.0/commons-pool2-2.6.0.jar:/home/runner/.m2/repository/org/bouncycastle/bcpkix-jdk15on/1.67/bcpkix-jdk15on-1.67.jar:/home/runner/.m2/repository/commons-validator/commons-validator/1.6/commons-validator-1.6.jar:/home/runner/.m2/repository/commons-beanutils/commons-beanutils/1.9.4/commons-beanutils-1.9.4.jar:/home/runner/.m2/repository/commons-digester/commons-digester/1.8.1/commons-digester-1.8.1.jar:/home/runner/.m2/repository/commons-collections/commons-collections/3.2.2/commons-collections-3.2.2.jar:/home/runner/.m2/repository/io/jaegertracing/jaeger-client/1.6.0/jaeger-client-1.6.0.jar:/home/runner/.m2/repository/io/jaegertracing/jaeger-thrift/1.6.0/jaeger-thrift-1.6.0.jar:/home/runner/.m2/repository/org/apache/thrift/libthrift/0.14.1/libthrift-0.14.1.jar:/home/runner/.m2/repository/io/jaegertracing/jaeger-core/1.6.0/jaeger-core-1.6.0.jar:/home/runner/.m2/repository/io/jaegertracing/jaeger-tracerresolver/1.6.0/jaeger-tracerresolver-1.6.0.jar:/home/runner/.m2/repository/io/opentracing/contrib/opentracing-tracerresolver/0.1.8/opentracing-tracerresolver-0.1.8.jar:/home/runner/.m2/repository/org/jetbrains/kotlin/kotlin-stdlib/1.6.21/kotlin-stdlib-1.6.21.jar:/home/runner/.m2/repository/org/jetbrains/annotations/13.0/annotations-13.0.jar:/home/runner/.m2/repository/io/opentracing/opentracing-util/0.33.0/opentracing-util-0.33.0.jar:/home/runner/.m2/repository/io/opentracing/opentracing-api/0.33.0/opentracing-api-0.33.0.jar:/home/runner/.m2/repository/io/opentracing/opentracing-noop/0.33.0/opentracing-noop-0.33.0.jar:/home/runner/.m2/repository/org/yaml/snakeyaml/1.33/snakeyaml-1.33.jar:/home/runner/.m2/repository/org/apache/ozone/hdds-interface-admin/1.3.0-SNAPSHOT/hdds-interface-admin-1.3.0-SNAPSHOT.jar:/home/runner/.m2/repository/junit/junit/4.13.1/junit-4.13.1.jar:/home/runner/.m2/repository/org/hamcrest/hamcrest-core/1.3/hamcrest-core-1.3.jar:/home/runner/.m2/repository/org/junit/jupiter/junit-jupiter-api/5.8.2/junit-jupiter-api-5.8.2.jar:/home/runner/.m2/repository/org/opentest4j/opentest4j/1.2.0/opentest4j-1.2.0.jar:/home/runner/.m2/repository/org/junit/platform/junit-platform-commons/1.8.2/junit-platform-commons-1.8.2.jar:/home/runner/.m2/repository/org/apiguardian/apiguardian-api/1.1.2/apiguardian-api-1.1.2.jar:/home/runner/.m2/repository/org/junit/jupiter/junit-jupiter-params/5.8.2/junit-jupiter-params-5.8.2.jar:/home/runner/.m2/repository/org/junit/jupiter/junit-jupiter-migrationsupport/5.8.2/junit-jupiter-migrationsupport-5.8.2.jar:/home/runner/.m2/repository/org/junit/jupiter/junit-jupiter-engine/5.8.2/junit-jupiter-engine-5.8.2.jar:/home/runner/.m2/repository/org/junit/platform/junit-platform-engine/1.8.2/junit-platform-engine-1.8.2.jar:/home/runner/.m2/repository/org/junit/vintage/junit-vintage-engine/5.8.2/junit-vintage-engine-5.8.2.jar:/home/runner/.m2/repository/org/junit/platform/junit-platform-launcher/1.8.2/junit-platform-launcher-1.8.2.jar:/home/runner/.m2/repository/org/mockito/mockito-core/2.28.2/mockito-core-2.28.2.jar:/home/runner/.m2/repository/net/bytebuddy/byte-buddy/1.9.10/byte-buddy-1.9.10.jar:/home/runner/.m2/repository/net/bytebuddy/byte-buddy-agent/1.9.10/byte-buddy-agent-1.9.10.jar:/home/runner/.m2/repository/org/objenesis/objenesis/1.0/objenesis-1.0.jar:/home/runner/.m2/repository/org/apache/hadoop/hadoop-kms/3.3.4/hadoop-kms-3.3.4.jar:/home/runner/.m2/repository/org/apache/hadoop/hadoop-auth/3.3.4/hadoop-auth-3.3.4.jar:/home/runner/.m2/repository/com/nimbusds/nimbus-jose-jwt/9.8.1/nimbus-jose-jwt-9.8.1.jar:/home/runner/.m2/repository/com/github/stephenc/jcip/jcip-annotations/1.0-1/jcip-annotations-1.0-1.jar:/home/runner/.m2/repository/net/minidev/json-smart/2.4.7/json-smart-2.4.7.jar:/home/runner/.m2/repository/net/minidev/accessors-smart/2.4.7/accessors-smart-2.4.7.jar:/home/runner/.m2/repository/org/ow2/asm/asm/5.0.4/asm-5.0.4.jar:/home/runner/.m2/repository/org/apache/zookeeper/zookeeper/3.5.6/zookeeper-3.5.6.jar:/home/runner/.m2/repository/org/apache/zookeeper/zookeeper-jute/3.5.6/zookeeper-jute-3.5.6.jar:/home/runner/.m2/repository/org/apache/yetus/audience-annotations/0.5.0/audience-annotations-0.5.0.jar:/home/runner/.m2/repository/org/apache/curator/curator-framework/4.2.0/curator-framework-4.2.0.jar:/home/runner/.m2/repository/org/apache/hadoop/thirdparty/hadoop-shaded-guava/1.1.1/hadoop-shaded-guava-1.1.1.jar:/home/runner/.m2/repository/com/sun/jersey/jersey-core/1.19/jersey-core-1.19.jar:/home/runner/.m2/repository/javax/ws/rs/jsr311-api/1.1.1/jsr311-api-1.1.1.jar:/home/runner/.m2/repository/com/sun/jersey/jersey-server/1.19/jersey-server-1.19.jar:/home/runner/.m2/repository/javax/servlet/javax.servlet-api/3.1.0/javax.servlet-api-3.1.0.jar:/home/runner/.m2/repository/org/eclipse/jetty/jetty-server/9.4.49.v20220914/jetty-server-9.4.49.v20220914.jar:/home/runner/.m2/repository/org/eclipse/jetty/jetty-http/9.4.49.v20220914/jetty-http-9.4.49.v20220914.jar:/home/runner/.m2/repository/org/eclipse/jetty/jetty-io/9.4.49.v20220914/jetty-io-9.4.49.v20220914.jar:/home/runner/.m2/repository/org/eclipse/jetty/jetty-webapp/9.4.49.v20220914/jetty-webapp-9.4.49.v20220914.jar:/home/runner/.m2/repository/org/eclipse/jetty/jetty-xml/9.4.49.v20220914/jetty-xml-9.4.49.v20220914.jar:/home/runner/.m2/repository/org/apache/hadoop/hadoop-common/3.3.4/hadoop-common-3.3.4.jar:/home/runner/.m2/repository/org/apache/commons/commons-math3/3.1.1/commons-math3-3.1.1.jar:/home/runner/.m2/repository/commons-net/commons-net/3.6/commons-net-3.6.jar:/home/runner/.m2/repository/com/sun/jersey/jersey-servlet/1.19/jersey-servlet-1.19.jar:/home/runner/.m2/repository/com/sun/jersey/jersey-json/1.19/jersey-json-1.19.jar:/home/runner/.m2/repository/org/codehaus/jettison/jettison/1.1/jettison-1.1.jar:/home/runner/.m2/repository/com/sun/xml/bind/jaxb-impl/2.2.3-1/jaxb-impl-2.2.3-1.jar:/home/runner/.m2/repository/org/codehaus/jackson/jackson-xc/1.9.2/jackson-xc-1.9.2.jar:/home/runner/.m2/repository/com/google/re2j/re2j/1.1/re2j-1.1.jar:/home/runner/.m2/repository/com/jcraft/jsch/0.1.54/jsch-0.1.54.jar:/home/runner/.m2/repository/org/apache/curator/curator-client/4.2.0/curator-client-4.2.0.jar:/home/runner/.m2/repository/org/apache/curator/curator-recipes/4.2.0/curator-recipes-4.2.0.jar:/home/runner/.m2/repository/org/apache/kerby/kerb-core/1.0.1/kerb-core-1.0.1.jar:/home/runner/.m2/repository/org/apache/kerby/kerby-pkix/1.0.1/kerby-pkix-1.0.1.jar:/home/runner/.m2/repository/org/apache/kerby/kerby-asn1/1.0.1/kerby-asn1-1.0.1.jar:/home/runner/.m2/repository/org/apache/kerby/kerby-util/1.0.1/kerby-util-1.0.1.jar:/home/runner/.m2/repository/dnsjava/dnsjava/2.1.7/dnsjava-2.1.7.jar:/home/runner/.m2/repository/org/xerial/snappy/snappy-java/1.1.8.2/snappy-java-1.1.8.2.jar:/home/runner/.m2/repository/org/eclipse/jetty/jetty-util/9.4.49.v20220914/jetty-util-9.4.49.v20220914.jar:/home/runner/.m2/repository/com/fasterxml/jackson/core/jackson-databind/2.13.4.2/jackson-databind-2.13.4.2.jar:/home/runner/.m2/repository/org/apache/hadoop/hadoop-kms/3.3.4/hadoop-kms-3.3.4-tests.jar:/home/runner/.m2/repository/org/apache/ozone/hdds-server-scm/1.3.0-SNAPSHOT/hdds-server-scm-1.3.0-SNAPSHOT-tests.jar:/home/runner/.m2/repository/org/apache/ozone/hdds-container-service/1.3.0-SNAPSHOT/hdds-container-service-1.3.0-SNAPSHOT-tests.jar:/home/runner/.m2/repository/commons-codec/commons-codec/1.15/commons-codec-1.15.jar:/home/runner/.m2/repository/io/netty/netty-codec/4.1.79.Final/netty-codec-4.1.79.Final.jar:/home/runner/.m2/repository/io/netty/netty-handler/4.1.79.Final/netty-handler-4.1.79.Final.jar:/home/runner/.m2/repository/org/apache/ozone/hdds-hadoop-dependency-test/1.3.0-SNAPSHOT/hdds-hadoop-dependency-test-1.3.0-SNAPSHOT.jar:/home/runner/.m2/repository/org/apache/hadoop/hadoop-common/3.3.4/hadoop-common-3.3.4-tests.jar:/home/runner/.m2/repository/org/apache/hadoop/hadoop-hdfs/3.3.4/hadoop-hdfs-3.3.4-tests.jar:/home/runner/.m2/repository/org/assertj/assertj-core/3.12.2/assertj-core-3.12.2.jar:/home/runner/.m2/repository/org/apache/hadoop/hadoop-distcp/3.3.4/hadoop-distcp-3.3.4.jar:/home/runner/.m2/repository/org/apache/hadoop/hadoop-mapreduce-client-jobclient/3.3.4/hadoop-mapreduce-client-jobclient-3.3.4.jar:/home/runner/.m2/repository/org/apache/hadoop/hadoop-mapreduce-client-common/3.3.4/hadoop-mapreduce-client-common-3.3.4.jar:/home/runner/.m2/repository/org/apache/hadoop/hadoop-yarn-common/3.3.4/hadoop-yarn-common-3.3.4.jar:/home/runner/.m2/repository/org/apache/hadoop/hadoop-yarn-api/3.3.4/hadoop-yarn-api-3.3.4.jar:/home/runner/.m2/repository/com/sun/jersey/contribs/jersey-guice/1.19/jersey-guice-1.19.jar:/home/runner/.m2/repository/com/fasterxml/jackson/jaxrs/jackson-jaxrs-json-provider/2.13.4/jackson-jaxrs-json-provider-2.13.4.jar:/home/runner/.m2/repository/com/fasterxml/jackson/jaxrs/jackson-jaxrs-base/2.13.4/jackson-jaxrs-base-2.13.4.jar:/home/runner/.m2/repository/org/apache/hadoop/hadoop-yarn-client/3.3.4/hadoop-yarn-client-3.3.4.jar:/home/runner/.m2/repository/org/eclipse/jetty/websocket/websocket-client/9.4.43.v20210629/websocket-client-9.4.43.v20210629.jar:/home/runner/.m2/repository/org/eclipse/jetty/websocket/websocket-common/9.4.43.v20210629/websocket-common-9.4.43.v20210629.jar:/home/runner/.m2/repository/org/eclipse/jetty/websocket/websocket-api/9.4.43.v20210629/websocket-api-9.4.43.v20210629.jar:/home/runner/.m2/repository/org/jline/jline/3.9.0/jline-3.9.0.jar:/home/runner/.m2/repository/org/apache/hadoop/hadoop-mapreduce-client-core/3.3.4/hadoop-mapreduce-client-core-3.3.4.jar:/home/runner/.m2/repository/org/apache/avro/avro/1.7.7/avro-1.7.7.jar:/home/runner/.m2/repository/org/codehaus/jackson/jackson-core-asl/1.9.13/jackson-core-asl-1.9.13.jar:/home/runner/.m2/repository/org/codehaus/jackson/jackson-mapper-asl/1.9.13/jackson-mapper-asl-1.9.13.jar:/home/runner/.m2/repository/com/thoughtworks/paranamer/paranamer/2.3/paranamer-2.3.jar:/home/runner/.m2/repository/org/apache/hadoop/hadoop-annotations/3.3.4/hadoop-annotations-3.3.4.jar:/usr/lib/jvm/temurin-8-jdk-amd64/jre/../lib/tools.jar:/home/runner/.m2/repository/io/netty/netty/3.10.6.Final/netty-3.10.6.Final.jar:/home/runner/.m2/repository/org/apache/hadoop/hadoop-distcp/3.3.4/hadoop-distcp-3.3.4-tests.jar:/home/runner/.m2/repository/org/slf4j/jul-to-slf4j/1.7.36/jul-to-slf4j-1.7.36.jar:/home/runner/.m2/repository/org/apache/ratis/ratis-common/2.4.1/ratis-common-2.4.1.jar:/home/runner/.m2/repository/org/apache/ratis/ratis-thirdparty-misc/1.0.3/ratis-thirdparty-misc-1.0.3.jar:/home/runner/.m2/repository/org/apache/ratis/ratis-proto/2.4.1/ratis-proto-2.4.1.jar:"/>
    <property name="sun.cpu.endian" value="little"/>
    <property name="user.home" value="/home/runner"/>
    <property name="user.language" value="en"/>
    <property name="java.specification.vendor" value="Oracle Corporation"/>
    <property name="java.home" value="/usr/lib/jvm/temurin-8-jdk-amd64/jre"/>
    <property name="java.security.krb5.conf" value="/home/runner/work/ozone/ozone/hadoop-ozone/integration-test/target/test-classes/krb5.conf"/>
    <property name="basedir" value="/home/runner/work/ozone/ozone/hadoop-ozone/integration-test"/>
    <property name="file.separator" value="/"/>
    <property name="line.separator" value="&#10;"/>
    <property name="java.vm.specification.vendor" value="Oracle Corporation"/>
    <property name="java.specification.name" value="Java Platform API Specification"/>
    <property name="java.awt.graphicsenv" value="sun.awt.X11GraphicsEnvironment"/>
    <property name="skip.installnpx" value="true"/>
    <property name="surefire.real.class.path" value="/home/runner/work/ozone/ozone/hadoop-ozone/integration-test/target/surefire/surefirebooter6377130735482930282.jar:/home/runner/.m2/repository/org/jacoco/org.jacoco.agent/0.8.5/org.jacoco.agent-0.8.5-runtime.jar"/>
    <property name="hadoop.log.dir" value="/home/runner/work/ozone/ozone/hadoop-ozone/integration-test/target/log"/>
    <property name="sun.boot.class.path" value="/usr/lib/jvm/temurin-8-jdk-amd64/jre/lib/resources.jar:/usr/lib/jvm/temurin-8-jdk-amd64/jre/lib/rt.jar:/usr/lib/jvm/temurin-8-jdk-amd64/jre/lib/sunrsasign.jar:/usr/lib/jvm/temurin-8-jdk-amd64/jre/lib/jsse.jar:/usr/lib/jvm/temurin-8-jdk-amd64/jre/lib/jce.jar:/usr/lib/jvm/temurin-8-jdk-amd64/jre/lib/charsets.jar:/usr/lib/jvm/temurin-8-jdk-amd64/jre/lib/jfr.jar:/usr/lib/jvm/temurin-8-jdk-amd64/jre/classes"/>
    <property name="sun.management.compiler" value="HotSpot 64-Bit Tiered Compilers"/>
    <property name="skip.npx" value="true"/>
    <property name="java.runtime.version" value="1.8.0_352-b08"/>
    <property name="java.net.preferIPv4Stack" value="true"/>
    <property name="user.name" value="runner"/>
    <property name="path.separator" value=":"/>
    <property name="java.security.egd" value="file:///dev/urandom"/>
    <property name="os.version" value="5.15.0-1023-azure"/>
    <property name="java.endorsed.dirs" value="/usr/lib/jvm/temurin-8-jdk-amd64/jre/lib/endorsed"/>
    <property name="java.runtime.name" value="OpenJDK Runtime Environment"/>
    <property name="file.encoding" value="UTF-8"/>
    <property name="java.vm.name" value="OpenJDK 64-Bit Server VM"/>
    <property name="test.build.webapps" value=""/>
    <property name="localRepository" value="/home/runner/.m2/repository"/>
    <property name="jetty.git.hash" value="4231a3b2e4cb8548a412a789936d640a97b1aa0a"/>
    <property name="java.vendor.url.bug" value="https://github.com/adoptium/adoptium-support/issues"/>
    <property name="java.io.tmpdir" value="/tmp"/>
    <property name="require.test.libhadoop" value=""/>
    <property name="java.version" value="1.8.0_352"/>
    <property name="user.dir" value="/home/runner/work/ozone/ozone/hadoop-ozone/integration-test"/>
    <property name="os.arch" value="amd64"/>
    <property name="java.vm.specification.name" value="Java Virtual Machine Specification"/>
    <property name="test.build.classes" value="/home/runner/work/ozone/ozone/hadoop-ozone/integration-test/target/test-classes"/>
    <property name="java.awt.printerjob" value="sun.print.PSPrinterJob"/>
    <property name="sun.os.patch.level" value="unknown"/>
    <property name="org.apache.ratis.thirdparty.io.netty.allocator.useCacheForAllThreads" value="false"/>
    <property name="hadoop.tmp.dir" value="/home/runner/work/ozone/ozone/hadoop-ozone/integration-test/target/tmp"/>
    <property name="java.library.path" value="/usr/java/packages/lib/amd64:/usr/lib64:/lib64:/lib:/usr/lib"/>
    <property name="java.vm.info" value="mixed mode"/>
    <property name="java.vendor" value="Temurin"/>
    <property name="java.vm.version" value="25.352-b08"/>
    <property name="java.specification.maintenance.version" value="4"/>
    <property name="java.ext.dirs" value="/usr/lib/jvm/temurin-8-jdk-amd64/jre/lib/ext:/usr/java/packages/lib/ext"/>
    <property name="sun.io.unicode.encoding" value="UnicodeLittle"/>
    <property name="java.class.version" value="52.0"/>
  </properties>
  <testcase name="testFlushChunk" classname="org.apache.hadoop.ozone.client.rpc.TestBlockOutputStream" time="0.806">
    <system-out><![CDATA[2022-12-02 13:56:05,674 [main] WARN  server.ServerUtils (ServerUtils.java:getScmDbDir(148)) - ozone.scm.db.dirs is not configured. We recommend adding this setting. Falling back to ozone.metadata.dirs instead.
2022-12-02 13:56:05,754 [main] WARN  server.ServerUtils (ServerUtils.java:getScmDbDir(148)) - ozone.scm.db.dirs is not configured. We recommend adding this setting. Falling back to ozone.metadata.dirs instead.
2022-12-02 13:56:05,757 [main] INFO  ha.SCMHANodeDetails (SCMHANodeDetails.java:loadSCMHAConfig(209)) - ServiceID for StorageContainerManager is null
2022-12-02 13:56:05,767 [main] WARN  ha.SCMHANodeDetails (SCMHANodeDetails.java:validateSCMHAConfig(182)) - Invalid config ozone.scm.ratis.enable. The config was not specified, but the default value true conflicts with the expected config value false. Falling back to the expected value. Current State of SCM: SCM is running in Non-HA without Ratis Ratis SCM -> Non Ratis SCM or Non HA SCM -> HA SCM is not supported
2022-12-02 13:56:05,767 [main] INFO  ha.SCMHANodeDetails (SCMHANodeDetails.java:loadSCMHAConfig(214)) - ozone.scm.default.service.id is not defined, falling back to ozone.scm.service.ids to find serviceID for StorageContainerManager if it is HA enabled cluster
2022-12-02 13:56:06,177 [main] WARN  utils.HAUtils (HAUtils.java:getMetaDir(342)) - ozone.scm.db.dirs is not configured. We recommend adding this setting. Falling back to ozone.metadata.dirs instead.
2022-12-02 13:56:06,306 [main] WARN  db.DBStoreBuilder (DBStoreBuilder.java:applyDBDefinition(144)) - ozone.scm.db.dirs is not configured. We recommend adding this setting. Falling back to ozone.metadata.dirs instead.
2022-12-02 13:56:06,610 [main] INFO  net.NodeSchemaLoader (NodeSchemaLoader.java:loadSchemaFromFile(129)) - Loading schema from [jar:file:/home/runner/.m2/repository/org/apache/ozone/hdds-common/1.3.0-SNAPSHOT/hdds-common-1.3.0-SNAPSHOT.jar!/network-topology-default.xml]
2022-12-02 13:56:06,612 [main] INFO  net.NodeSchemaLoader (NodeSchemaLoader.java:loadSchema(176)) - Loading network topology layer schema file
2022-12-02 13:56:06,651 [main] INFO  metrics.MetricRegistries (MetricRegistriesLoader.java:load(64)) - Loaded MetricRegistries class org.apache.ratis.metrics.impl.MetricRegistriesImpl
2022-12-02 13:56:06,657 [main] INFO  upgrade.AbstractLayoutVersionManager (AbstractLayoutVersionManager.java:init(83)) - Initializing Layout version manager with metadata layout = DATANODE_SCHEMA_V3 (version = 4), software layout = DATANODE_SCHEMA_V3 (version = 4)
2022-12-02 13:56:06,881 [main] INFO  reflections.Reflections (Reflections.java:scan(232)) - Reflections took 138 ms to scan 7 urls, producing 140 keys and 342 values 
2022-12-02 13:56:06,983 [main] INFO  ha.SequenceIdGenerator (SequenceIdGenerator.java:upgradeToSequenceId(349)) - upgrade localId to 109611004723200000
2022-12-02 13:56:06,984 [main] INFO  ha.SequenceIdGenerator (SequenceIdGenerator.java:upgradeToSequenceId(359)) - upgrade delTxnId to 0
2022-12-02 13:56:06,992 [main] INFO  ha.SequenceIdGenerator (SequenceIdGenerator.java:upgradeToSequenceId(376)) - upgrade containerId to 0
2022-12-02 13:56:06,994 [main] INFO  ha.SequenceIdGenerator (SequenceIdGenerator.java:<init>(220)) - Init the HA SequenceIdGenerator.
2022-12-02 13:56:07,049 [main] INFO  node.SCMNodeManager (SCMNodeManager.java:<init>(149)) - Entering startup safe mode.
2022-12-02 13:56:07,116 [main] INFO  algorithms.ContainerPlacementPolicyFactory (ContainerPlacementPolicyFactory.java:getPolicyInternal(86)) - Create container placement policy of type org.apache.hadoop.hdds.scm.container.placement.algorithms.SCMContainerPlacementRandom
2022-12-02 13:56:07,118 [main] INFO  algorithms.ContainerPlacementPolicyFactory (ContainerPlacementPolicyFactory.java:getPolicyInternal(86)) - Create container placement policy of type org.apache.hadoop.hdds.scm.container.placement.algorithms.SCMContainerPlacementRackScatter
2022-12-02 13:56:07,130 [main] INFO  pipeline.PipelineStateManagerImpl (PipelineStateManagerImpl.java:initialize(78)) - No pipeline exists in current db
2022-12-02 13:56:07,173 [main] INFO  algorithms.LeaderChoosePolicyFactory (LeaderChoosePolicyFactory.java:getPolicy(57)) - Create leader choose policy of type org.apache.hadoop.hdds.scm.pipeline.leader.choose.algorithms.MinLeaderCountChoosePolicy
2022-12-02 13:56:07,173 [main] INFO  algorithms.ContainerPlacementPolicyFactory (ContainerPlacementPolicyFactory.java:getPolicyInternal(86)) - Create container placement policy of type org.apache.hadoop.hdds.scm.container.placement.algorithms.SCMContainerPlacementRackScatter
2022-12-02 13:56:07,180 [main] INFO  ha.SCMServiceManager (SCMServiceManager.java:register(42)) - Registering service BackgroundPipelineCreator.
2022-12-02 13:56:07,180 [main] INFO  pipeline.BackgroundPipelineCreator (BackgroundPipelineCreator.java:start(124)) - Starting RatisPipelineUtilsThread.
2022-12-02 13:56:07,184 [main] INFO  BackgroundPipelineScrubber (BackgroundSCMService.java:start(68)) - Starting BackgroundPipelineScrubber Service.
2022-12-02 13:56:07,185 [main] INFO  ha.SCMServiceManager (SCMServiceManager.java:register(42)) - Registering service BackgroundPipelineScrubber.
2022-12-02 13:56:07,194 [main] INFO  ExpiredContainerReplicaOpScrubber (BackgroundSCMService.java:start(68)) - Starting ExpiredContainerReplicaOpScrubber Service.
2022-12-02 13:56:07,195 [main] INFO  ha.SCMServiceManager (SCMServiceManager.java:register(42)) - Registering service ExpiredContainerReplicaOpScrubber.
2022-12-02 13:56:07,238 [main] INFO  algorithms.PipelineChoosePolicyFactory (PipelineChoosePolicyFactory.java:createPipelineChoosePolicyFromClass(73)) - Create pipeline choose policy of type org.apache.hadoop.hdds.scm.pipeline.choose.algorithms.RandomPipelineChoosePolicy
2022-12-02 13:56:07,257 [main] INFO  ha.SCMServiceManager (SCMServiceManager.java:register(42)) - Registering service SCMBlockDeletingService.
2022-12-02 13:56:07,310 [main] INFO  replication.ReplicationManager (ReplicationManager.java:start(254)) - Starting Replication Monitor Thread.
2022-12-02 13:56:07,319 [main] INFO  ha.SCMServiceManager (SCMServiceManager.java:register(42)) - Registering service ReplicationManager.
2022-12-02 13:56:07,322 [ReplicationMonitor] INFO  replication.ReplicationManager (ReplicationManager.java:processAll(323)) - Replication Manager is not ready to run until 3000ms after safemode exit
2022-12-02 13:56:07,328 [main] INFO  safemode.ContainerSafeModeRule (ContainerSafeModeRule.java:<init>(89)) - containers with one replica threshold count 0
2022-12-02 13:56:07,333 [main] INFO  safemode.HealthyPipelineSafeModeRule (HealthyPipelineSafeModeRule.java:initializeRule(169)) - Total pipeline count is 0, healthy pipeline threshold count is 1
2022-12-02 13:56:07,336 [main] INFO  safemode.OneReplicaPipelineSafeModeRule (OneReplicaPipelineSafeModeRule.java:initializeRule(180)) - Total pipeline count is 0, pipeline's with at least one datanode reported threshold count is 0
2022-12-02 13:56:07,631 [main] INFO  audit.AuditLogger (AuditLogger.java:refreshDebugCmdSet(126)) - Refresh DebugCmdSet for SCMAudit to [].
2022-12-02 13:56:07,663 [main] INFO  ipc.CallQueueManager (CallQueueManager.java:<init>(90)) - Using callQueue: class java.util.concurrent.LinkedBlockingQueue, queueCapacity: 2000, scheduler: class org.apache.hadoop.ipc.DefaultRpcScheduler, ipcBackoff: false.
2022-12-02 13:56:07,698 [Socket Reader #1 for port 0] INFO  ipc.Server (Server.java:run(1273)) - Starting Socket Reader #1 for port 0
2022-12-02 13:56:07,759 [Listener at 0.0.0.0/37869] INFO  audit.AuditLogger (AuditLogger.java:refreshDebugCmdSet(126)) - Refresh DebugCmdSet for SCMAudit to [].
2022-12-02 13:56:07,769 [Listener at 0.0.0.0/37869] INFO  ipc.CallQueueManager (CallQueueManager.java:<init>(90)) - Using callQueue: class java.util.concurrent.LinkedBlockingQueue, queueCapacity: 2000, scheduler: class org.apache.hadoop.ipc.DefaultRpcScheduler, ipcBackoff: false.
2022-12-02 13:56:07,770 [Socket Reader #1 for port 0] INFO  ipc.Server (Server.java:run(1273)) - Starting Socket Reader #1 for port 0
2022-12-02 13:56:07,800 [Listener at 0.0.0.0/43145] INFO  audit.AuditLogger (AuditLogger.java:refreshDebugCmdSet(126)) - Refresh DebugCmdSet for SCMAudit to [].
2022-12-02 13:56:07,812 [Listener at 0.0.0.0/43145] INFO  ipc.CallQueueManager (CallQueueManager.java:<init>(90)) - Using callQueue: class java.util.concurrent.LinkedBlockingQueue, queueCapacity: 2000, scheduler: class org.apache.hadoop.ipc.DefaultRpcScheduler, ipcBackoff: false.
2022-12-02 13:56:07,813 [Socket Reader #1 for port 0] INFO  ipc.Server (Server.java:run(1273)) - Starting Socket Reader #1 for port 0
2022-12-02 13:56:07,856 [Listener at 0.0.0.0/35265] INFO  ha.SCMServiceManager (SCMServiceManager.java:register(42)) - Registering service ContainerBalancer.
2022-12-02 13:56:07,858 [Listener at 0.0.0.0/35265] INFO  server.StorageContainerManager (StorageContainerManager.java:<init>(397)) - 
Container Balancer status:
Key                            Value
Running                        true
Container Balancer Configuration values:
Key                                                Value
Threshold                                          10
Max Datanodes to Involve per Iteration(percent)    20
Max Size to Move per Iteration                     500GB
Max Size Entering Target per Iteration             26GB
Max Size Leaving Source per Iteration              26GB

2022-12-02 13:56:07,858 [Listener at 0.0.0.0/35265] INFO  ha.SCMContext (SCMContext.java:updateSafeModeStatus(228)) - Update SafeModeStatus from SafeModeStatus{safeModeStatus=true, preCheckPassed=false} to SafeModeStatus{safeModeStatus=true, preCheckPassed=false}.
2022-12-02 13:56:07,863 [Listener at 0.0.0.0/35265] INFO  server.StorageContainerManager (StorageContainerManager.java:start(1419)) - StorageContainerLocationProtocol RPC server is listening at /0.0.0.0:35265
2022-12-02 13:56:07,942 [Listener at 0.0.0.0/35265] WARN  impl.MetricsConfig (MetricsConfig.java:loadFirst(136)) - Cannot locate configuration: tried hadoop-metrics2-storagecontainermanager.properties,hadoop-metrics2.properties
2022-12-02 13:56:07,955 [Listener at 0.0.0.0/35265] INFO  impl.MetricsSystemImpl (MetricsSystemImpl.java:startTimer(378)) - Scheduled Metric snapshot period at 10 second(s).
2022-12-02 13:56:07,955 [Listener at 0.0.0.0/35265] INFO  impl.MetricsSystemImpl (MetricsSystemImpl.java:start(191)) - StorageContainerManager metrics system started
2022-12-02 13:56:08,273 [Listener at 0.0.0.0/35265] INFO  server.SCMClientProtocolServer (SCMClientProtocolServer.java:start(170)) - RPC server for Client  is listening at /0.0.0.0:35265
2022-12-02 13:56:08,273 [IPC Server Responder] INFO  ipc.Server (Server.java:run(1512)) - IPC Server Responder: starting
2022-12-02 13:56:08,275 [IPC Server listener on 0] INFO  ipc.Server (Server.java:run(1352)) - IPC Server listener on 0: starting
2022-12-02 13:56:08,280 [Listener at 0.0.0.0/35265] INFO  server.StorageContainerManager (StorageContainerManager.java:start(1433)) - ScmBlockLocationProtocol RPC server is listening at /0.0.0.0:43145
2022-12-02 13:56:08,280 [Listener at 0.0.0.0/35265] INFO  server.SCMBlockProtocolServer (SCMBlockProtocolServer.java:start(152)) - RPC server for Block Protocol is listening at /0.0.0.0:43145
2022-12-02 13:56:08,281 [IPC Server Responder] INFO  ipc.Server (Server.java:run(1512)) - IPC Server Responder: starting
2022-12-02 13:56:08,281 [IPC Server listener on 0] INFO  ipc.Server (Server.java:run(1352)) - IPC Server listener on 0: starting
2022-12-02 13:56:08,284 [Listener at 0.0.0.0/35265] INFO  server.SCMDatanodeProtocolServer (SCMDatanodeProtocolServer.java:start(186)) - ScmDatanodeProtocol RPC server for DataNodes is listening at /0.0.0.0:37869
2022-12-02 13:56:08,285 [IPC Server Responder] INFO  ipc.Server (Server.java:run(1512)) - IPC Server Responder: starting
2022-12-02 13:56:08,286 [IPC Server listener on 0] INFO  ipc.Server (Server.java:run(1352)) - IPC Server listener on 0: starting
2022-12-02 13:56:08,304 [org.apache.hadoop.util.JvmPauseMonitor$Monitor@7ac1161f] INFO  util.JvmPauseMonitor (JvmPauseMonitor.java:run(188)) - Starting JVM pause monitor
2022-12-02 13:56:08,318 [Listener at 0.0.0.0/35265] INFO  http.BaseHttpServer (BaseHttpServer.java:newHttpServer2BuilderForOzone(213)) - Starting Web-server for scm at: http://0.0.0.0:0
2022-12-02 13:56:08,318 [Listener at 0.0.0.0/35265] INFO  http.BaseHttpServer (BaseHttpServer.java:<init>(108)) - Hadoop Security Enabled: false Ozone Security Enabled: false Ozone HTTP Security Enabled: false 
2022-12-02 13:56:08,343 [Listener at 0.0.0.0/35265] INFO  util.log (Log.java:initialized(170)) - Logging initialized @3915ms to org.eclipse.jetty.util.log.Slf4jLog
2022-12-02 13:56:08,451 [Listener at 0.0.0.0/35265] WARN  server.AuthenticationFilter (AuthenticationFilter.java:constructSecretProvider(240)) - Unable to initialize FileSignerSecretProvider, falling back to use random secrets. Reason: Could not read signature secret file: /home/runner/hadoop-http-auth-signature-secret
2022-12-02 13:56:08,458 [Listener at 0.0.0.0/35265] WARN  http.HttpRequestLog (HttpRequestLog.java:getRequestLog(103)) - Jetty request log can only be enabled using Log4j
2022-12-02 13:56:08,466 [Listener at 0.0.0.0/35265] INFO  http.HttpServer2 (HttpServer2.java:addGlobalFilter(1031)) - Added global filter 'safety' (class=org.apache.hadoop.hdds.server.http.HttpServer2$QuotingInputFilter)
2022-12-02 13:56:08,470 [Listener at 0.0.0.0/35265] INFO  http.HttpServer2 (HttpServer2.java:addFilter(1007)) - Added filter static_user_filter (class=org.apache.hadoop.http.lib.StaticUserWebFilter$StaticUserFilter) to context scm
2022-12-02 13:56:08,470 [Listener at 0.0.0.0/35265] INFO  http.HttpServer2 (HttpServer2.java:addFilter(1015)) - Added filter static_user_filter (class=org.apache.hadoop.http.lib.StaticUserWebFilter$StaticUserFilter) to context logs
2022-12-02 13:56:08,470 [Listener at 0.0.0.0/35265] INFO  http.HttpServer2 (HttpServer2.java:addFilter(1015)) - Added filter static_user_filter (class=org.apache.hadoop.http.lib.StaticUserWebFilter$StaticUserFilter) to context static
2022-12-02 13:56:08,511 [Listener at 0.0.0.0/35265] INFO  http.HttpServer2 (HttpServer2.java:bindListener(1250)) - Jetty bound to port 37501
2022-12-02 13:56:08,513 [Listener at 0.0.0.0/35265] INFO  server.Server (Server.java:doStart(375)) - jetty-9.4.49.v20220914; built: 2022-09-14T01:07:36.601Z; git: 4231a3b2e4cb8548a412a789936d640a97b1aa0a; jvm 1.8.0_352-b08
2022-12-02 13:56:08,543 [Listener at 0.0.0.0/35265] INFO  server.session (DefaultSessionIdManager.java:doStart(334)) - DefaultSessionIdManager workerName=node0
2022-12-02 13:56:08,544 [Listener at 0.0.0.0/35265] INFO  server.session (DefaultSessionIdManager.java:doStart(339)) - No SessionScavenger set, using defaults
2022-12-02 13:56:08,545 [Listener at 0.0.0.0/35265] INFO  server.session (HouseKeeper.java:startScavenging(132)) - node0 Scavenging every 660000ms
2022-12-02 13:56:08,559 [Listener at 0.0.0.0/35265] INFO  handler.ContextHandler (ContextHandler.java:doStart(921)) - Started o.e.j.s.ServletContextHandler@3fe11091{logs,/logs,file:///home/runner/work/ozone/ozone/hadoop-ozone/integration-test/target/log,AVAILABLE}
2022-12-02 13:56:08,560 [Listener at 0.0.0.0/35265] INFO  handler.ContextHandler (ContextHandler.java:doStart(921)) - Started o.e.j.s.ServletContextHandler@564fc235{static,/static,file:///home/runner/work/ozone/ozone/hadoop-ozone/integration-test/target/test-classes/webapps/static,AVAILABLE}
2022-12-02 13:56:08,610 [Listener at 0.0.0.0/35265] INFO  handler.ContextHandler (ContextHandler.java:doStart(921)) - Started o.e.j.w.WebAppContext@fd5c7f6{scm,/,file:///home/runner/work/ozone/ozone/hadoop-ozone/integration-test/target/test-classes/webapps/scm/,AVAILABLE}{file:/home/runner/work/ozone/ozone/hadoop-ozone/integration-test/target/test-classes/webapps/scm}
2022-12-02 13:56:08,621 [Listener at 0.0.0.0/35265] INFO  server.AbstractConnector (AbstractConnector.java:doStart(333)) - Started ServerConnector@5b8b9b2d{HTTP/1.1, (http/1.1)}{0.0.0.0:37501}
2022-12-02 13:56:08,621 [Listener at 0.0.0.0/35265] INFO  server.Server (Server.java:doStart(415)) - Started @4194ms
2022-12-02 13:56:08,625 [Listener at 0.0.0.0/35265] INFO  impl.MetricsSinkAdapter (MetricsSinkAdapter.java:start(204)) - Sink prometheus started
2022-12-02 13:56:08,625 [Listener at 0.0.0.0/35265] INFO  impl.MetricsSystemImpl (MetricsSystemImpl.java:registerSink(305)) - Registered sink prometheus
2022-12-02 13:56:08,626 [Listener at 0.0.0.0/35265] INFO  http.BaseHttpServer (BaseHttpServer.java:updateConnectorAddress(333)) - HTTP server of scm listening at http://0.0.0.0:37501
2022-12-02 13:56:08,632 [Listener at 0.0.0.0/35265] WARN  server.ServerUtils (ServerUtils.java:getDBPath(225)) - ozone.om.db.dirs is not configured. We recommend adding this setting. Falling back to ozone.metadata.dirs instead.
2022-12-02 13:56:08,699 [Listener at 0.0.0.0/35265] INFO  audit.AuditLogger (AuditLogger.java:refreshDebugCmdSet(126)) - Refresh DebugCmdSet for OMAudit to [].
2022-12-02 13:56:08,780 [Listener at 0.0.0.0/35265] INFO  ha.OMHANodeDetails (OMHANodeDetails.java:loadOMHAConfig(115)) - ozone.om.internal.service.id is not defined, falling back to ozone.om.service.ids to find serviceID for OzoneManager if it is HA enabled cluster
2022-12-02 13:56:08,783 [Listener at 0.0.0.0/35265] INFO  ha.OMHANodeDetails (OMHANodeDetails.java:loadOMHAConfig(226)) - Configuration does not have ozone.om.address set. Falling back to the default OM address /127.0.0.1:0
2022-12-02 13:56:08,783 [Listener at 0.0.0.0/35265] INFO  ha.OMHANodeDetails (OMHANodeDetails.java:getOMNodeDetailsForNonHA(254)) - OM Service ID is not set. Setting it to the default ID: omServiceIdDefault
2022-12-02 13:56:08,783 [Listener at 0.0.0.0/35265] INFO  ha.OMHANodeDetails (OMHANodeDetails.java:getOMNodeDetailsForNonHA(261)) - OM Node ID is not set. Setting it to the default ID: om1
2022-12-02 13:56:08,787 [Listener at 0.0.0.0/35265] WARN  server.ServerUtils (ServerUtils.java:getDBPath(225)) - ozone.om.db.dirs is not configured. We recommend adding this setting. Falling back to ozone.metadata.dirs instead.
2022-12-02 13:56:08,789 [Listener at 0.0.0.0/35265] INFO  upgrade.AbstractLayoutVersionManager (AbstractLayoutVersionManager.java:init(83)) - Initializing Layout version manager with metadata layout = MULTITENANCY_SCHEMA (version = 3), software layout = MULTITENANCY_SCHEMA (version = 3)
2022-12-02 13:56:08,880 [Listener at 0.0.0.0/35265] INFO  reflections.Reflections (Reflections.java:scan(232)) - Reflections took 87 ms to scan 2 urls, producing 154 keys and 429 values [using 2 cores]
2022-12-02 13:56:08,885 [Listener at 0.0.0.0/35265] INFO  upgrade.OMLayoutVersionManager (OMLayoutVersionManager.java:lambda$0(115)) - Skipping Upgrade Action MockOmUpgradeAction since it has been finalized.
2022-12-02 13:56:08,886 [Listener at 0.0.0.0/35265] WARN  server.ServerUtils (ServerUtils.java:getDBPath(225)) - ozone.om.db.dirs is not configured. We recommend adding this setting. Falling back to ozone.metadata.dirs instead.
2022-12-02 13:56:09,033 [Listener at 0.0.0.0/35265] INFO  proxy.SCMBlockLocationFailoverProxyProvider (SCMBlockLocationFailoverProxyProvider.java:<init>(114)) - Created block location fail-over proxy with 1 nodes: [nodeId=scmNodeId,nodeAddress=/0.0.0.0:43145]
2022-12-02 13:56:09,062 [Listener at 0.0.0.0/35265] INFO  proxy.SCMBlockLocationFailoverProxyProvider (SCMBlockLocationFailoverProxyProvider.java:<init>(114)) - Created block location fail-over proxy with 1 nodes: [nodeId=scmNodeId,nodeAddress=/0.0.0.0:43145]
2022-12-02 13:56:09,247 [Listener at 0.0.0.0/35265] WARN  server.ServerUtils (ServerUtils.java:getDBPath(225)) - ozone.om.db.dirs is not configured. We recommend adding this setting. Falling back to ozone.metadata.dirs instead.
2022-12-02 13:56:09,253 [Listener at 0.0.0.0/35265] INFO  codec.OmKeyInfoCodec (OmKeyInfoCodec.java:<init>(49)) - OmKeyInfoCodec ignorePipeline = true
2022-12-02 13:56:09,255 [Listener at 0.0.0.0/35265] INFO  codec.RepeatedOmKeyInfoCodec (RepeatedOmKeyInfoCodec.java:<init>(41)) - RepeatedOmKeyInfoCodec ignorePipeline = true
2022-12-02 13:56:09,426 [Listener at 0.0.0.0/35265] INFO  om.OzoneManager (OzoneManager.java:instantiateServices(715)) - S3 Multi-Tenancy is disabled
2022-12-02 13:56:09,498 [Listener at 0.0.0.0/35265] INFO  om.OzoneManager (OzoneManager.java:addS3GVolumeToDB(4400)) - Created Volume s3v With Owner runner required for S3Gateway operations.
2022-12-02 13:56:09,548 [Listener at 0.0.0.0/35265] WARN  server.ServerUtils (ServerUtils.java:getDefaultRatisDirectory(237)) - Storage directory for Ratis is not configured. It is a good idea to map this to an SSD disk. Falling back to ozone.metadata.dirs
2022-12-02 13:56:09,549 [Listener at 0.0.0.0/35265] WARN  utils.OzoneManagerRatisUtils (OzoneManagerRatisUtils.java:getOMRatisSnapshotDirectory(434)) - ozone.om.ratis.snapshot.dir is not configured. Falling back to ozone.metadata.dirs config
2022-12-02 13:56:09,570 [Listener at 0.0.0.0/35265] WARN  server.ServerUtils (ServerUtils.java:getDefaultRatisDirectory(237)) - Storage directory for Ratis is not configured. It is a good idea to map this to an SSD disk. Falling back to ozone.metadata.dirs
2022-12-02 13:56:09,598 [Listener at 0.0.0.0/35265] INFO  ratis.OzoneManagerRatisServer (OzoneManagerRatisServer.java:<init>(160)) - Instantiating OM Ratis server with groupID: omServiceIdDefault and peers: localhost:9872
2022-12-02 13:56:09,606 [Listener at 0.0.0.0/35265] INFO  ratis.OzoneManagerStateMachine (OzoneManagerStateMachine.java:loadSnapshotInfoFromDB(636)) - LastAppliedIndex is set from TransactionInfo from OM DB as (t:0, i:~)
2022-12-02 13:56:09,681 [Listener at 0.0.0.0/35265] INFO  server.RaftServer (ConfUtils.java:logGet(46)) - raft.rpc.type = GRPC (default)
2022-12-02 13:56:09,774 [Listener at 0.0.0.0/35265] INFO  grpc.GrpcConfigKeys (ConfUtils.java:logFallback(53)) - raft.grpc.admin.host = null (fallback to raft.grpc.server.host)
2022-12-02 13:56:09,775 [Listener at 0.0.0.0/35265] INFO  grpc.GrpcConfigKeys (ConfUtils.java:logFallback(53)) - raft.grpc.admin.port = 9872 (fallback to raft.grpc.server.port)
2022-12-02 13:56:09,775 [Listener at 0.0.0.0/35265] INFO  grpc.GrpcConfigKeys (ConfUtils.java:logFallback(53)) - raft.grpc.client.host = null (fallback to raft.grpc.server.host)
2022-12-02 13:56:09,776 [Listener at 0.0.0.0/35265] INFO  grpc.GrpcConfigKeys (ConfUtils.java:logFallback(53)) - raft.grpc.client.port = 9872 (fallback to raft.grpc.server.port)
2022-12-02 13:56:09,776 [Listener at 0.0.0.0/35265] INFO  grpc.GrpcConfigKeys (ConfUtils.java:logGet(46)) - raft.grpc.server.host = null (default)
2022-12-02 13:56:09,776 [Listener at 0.0.0.0/35265] INFO  grpc.GrpcConfigKeys (ConfUtils.java:logGet(46)) - raft.grpc.server.port = 9872 (custom)
2022-12-02 13:56:09,777 [Listener at 0.0.0.0/35265] INFO  server.GrpcService (ConfUtils.java:logGet(46)) - raft.grpc.message.size.max = 33554432 (custom)
2022-12-02 13:56:09,778 [Listener at 0.0.0.0/35265] INFO  server.RaftServerConfigKeys (ConfUtils.java:logGet(46)) - raft.server.log.appender.buffer.byte-limit = 33554432 (custom)
2022-12-02 13:56:09,779 [Listener at 0.0.0.0/35265] INFO  server.GrpcService (ConfUtils.java:logGet(46)) - raft.grpc.flow.control.window = 1MB (=1048576) (default)
2022-12-02 13:56:09,779 [Listener at 0.0.0.0/35265] INFO  server.RaftServerConfigKeys (ConfUtils.java:logGet(46)) - raft.server.rpc.request.timeout = 3000ms (default)
2022-12-02 13:56:09,794 [Listener at 0.0.0.0/35265] INFO  grpc.GrpcConfigKeys (ConfUtils.java:logGet(46)) - raft.grpc.server.heartbeat.channel = true (default)
2022-12-02 13:56:09,797 [Listener at 0.0.0.0/35265] INFO  grpc.GrpcConfigKeys (ConfUtils.java:logGet(46)) - raft.grpc.server.async.request.thread.pool.cached = true (default)
2022-12-02 13:56:09,797 [Listener at 0.0.0.0/35265] INFO  grpc.GrpcConfigKeys (ConfUtils.java:logGet(46)) - raft.grpc.server.async.request.thread.pool.size = 32 (default)
2022-12-02 13:56:10,093 [Listener at 0.0.0.0/35265] INFO  impl.DataStreamServerImpl (ConfUtils.java:logGet(46)) - raft.datastream.type = DISABLED (default)
2022-12-02 13:56:10,096 [Listener at 0.0.0.0/35265] INFO  server.RaftServerConfigKeys (ConfUtils.java:logGet(46)) - raft.server.threadpool.proxy.cached = true (default)
2022-12-02 13:56:10,097 [Listener at 0.0.0.0/35265] INFO  server.RaftServerConfigKeys (ConfUtils.java:logGet(46)) - raft.server.threadpool.proxy.size = 0 (default)
2022-12-02 13:56:10,097 [Listener at 0.0.0.0/35265] INFO  server.RaftServerConfigKeys (ConfUtils.java:logGet(46)) - raft.server.rpc.slowness.timeout = 120s (custom)
2022-12-02 13:56:10,097 [Listener at 0.0.0.0/35265] INFO  server.RaftServerConfigKeys (ConfUtils.java:logGet(46)) - raft.server.leaderelection.leader.step-down.wait-time = 10s (default)
2022-12-02 13:56:10,101 [Listener at 0.0.0.0/35265] INFO  server.RaftServerConfigKeys (ConfUtils.java:logGet(46)) - raft.server.storage.dir = [/home/runner/work/ozone/ozone/hadoop-ozone/integration-test/target/test-dir/MiniOzoneClusterImpl-54b774fa-8058-4f65-8e1c-0ac417d0d4c9/ozone-meta/ratis] (custom)
2022-12-02 13:56:10,111 [Listener at 0.0.0.0/35265] INFO  server.RaftServer (RaftServerProxy.java:addNew(96)) - om1: addNew group-C5BA1605619E:[om1|rpc:localhost:9872|priority:0|startupRole:FOLLOWER] returns group-C5BA1605619E:java.util.concurrent.CompletableFuture@619bb99d[Not completed]
2022-12-02 13:56:10,111 [Listener at 0.0.0.0/35265] INFO  om.OzoneManager (OzoneManager.java:initializeRatisServer(1977)) - OzoneManager Ratis server initialized at port 9872
2022-12-02 13:56:10,123 [Listener at 0.0.0.0/35265] INFO  om.OzoneManager (OzoneManager.java:getRpcServer(1104)) - Creating RPC Server
2022-12-02 13:56:10,142 [pool-54-thread-1] INFO  server.RaftServer$Division (RaftServerImpl.java:<init>(195)) - om1: new RaftServerImpl for group-C5BA1605619E:[om1|rpc:localhost:9872|priority:0|startupRole:FOLLOWER] with OzoneManagerStateMachine:uninitialized
2022-12-02 13:56:10,147 [pool-54-thread-1] INFO  server.RaftServerConfigKeys (ConfUtils.java:logGet(46)) - raft.server.rpc.timeout.min = 1s (custom)
2022-12-02 13:56:10,148 [pool-54-thread-1] INFO  server.RaftServerConfigKeys (ConfUtils.java:logGet(46)) - raft.server.rpc.timeout.max = 1200ms (custom)
2022-12-02 13:56:10,148 [pool-54-thread-1] INFO  server.RaftServerConfigKeys (ConfUtils.java:logGet(46)) - raft.server.rpc.sleep.time = 25ms (default)
2022-12-02 13:56:10,148 [pool-54-thread-1] INFO  server.RaftServerConfigKeys (ConfUtils.java:logGet(46)) - raft.server.rpc.slowness.timeout = 120s (custom)
2022-12-02 13:56:10,148 [pool-54-thread-1] INFO  server.RaftServerConfigKeys (ConfUtils.java:logGet(46)) - raft.server.leaderelection.leader.step-down.wait-time = 10s (default)
2022-12-02 13:56:10,148 [pool-54-thread-1] INFO  server.RaftServerConfigKeys (ConfUtils.java:logGet(46)) - raft.server.sleep.deviation.threshold = 300ms (default)
2022-12-02 13:56:10,164 [pool-54-thread-1] INFO  server.RaftServer$Division (ServerState.java:<init>(118)) - om1@group-C5BA1605619E: ConfigurationManager, init=-1: peers:[om1|rpc:localhost:9872|priority:0|startupRole:FOLLOWER]|listeners:[], old=null, confs=<EMPTY_MAP>
2022-12-02 13:56:10,164 [pool-54-thread-1] INFO  server.RaftServerConfigKeys (ConfUtils.java:logGet(46)) - raft.server.storage.dir = [/home/runner/work/ozone/ozone/hadoop-ozone/integration-test/target/test-dir/MiniOzoneClusterImpl-54b774fa-8058-4f65-8e1c-0ac417d0d4c9/ozone-meta/ratis] (custom)
2022-12-02 13:56:10,188 [pool-54-thread-1] INFO  server.RaftServerConfigKeys (ConfUtils.java:logGet(46)) - raft.server.log.corruption.policy = EXCEPTION (default)
2022-12-02 13:56:10,188 [pool-54-thread-1] INFO  server.RaftServerConfigKeys (ConfUtils.java:logGet(46)) - raft.server.storage.free-space.min = 0MB (=0) (default)
2022-12-02 13:56:10,214 [pool-54-thread-1] INFO  server.RaftServerConfigKeys (ConfUtils.java:logGet(46)) - raft.server.notification.no-leader.timeout = 120s (custom)
2022-12-02 13:56:10,219 [pool-54-thread-1] INFO  server.RaftServerConfigKeys (ConfUtils.java:logGet(46)) - raft.server.retrycache.expirytime = 300s (custom)
2022-12-02 13:56:10,219 [pool-54-thread-1] INFO  server.RaftServerConfigKeys (ConfUtils.java:logGet(46)) - raft.server.retrycache.statistics.expirytime = 100μs (default)
2022-12-02 13:56:10,423 [pool-54-thread-1] INFO  server.RaftServerConfigKeys (ConfUtils.java:logGet(46)) - raft.server.log.appender.install.snapshot.enabled = false (custom)
2022-12-02 13:56:10,423 [pool-54-thread-1] INFO  server.RaftServerConfigKeys (ConfUtils.java:logGet(46)) - raft.server.threadpool.server.cached = true (default)
2022-12-02 13:56:10,423 [pool-54-thread-1] INFO  server.RaftServerConfigKeys (ConfUtils.java:logGet(46)) - raft.server.threadpool.server.size = 0 (default)
2022-12-02 13:56:10,424 [pool-54-thread-1] INFO  server.RaftServerConfigKeys (ConfUtils.java:logGet(46)) - raft.server.threadpool.client.cached = true (default)
2022-12-02 13:56:10,425 [pool-54-thread-1] INFO  server.RaftServerConfigKeys (ConfUtils.java:logGet(46)) - raft.server.threadpool.client.size = 0 (default)
2022-12-02 13:56:10,789 [Listener at 0.0.0.0/35265] INFO  reflections.Reflections (Reflections.java:scan(232)) - Reflections took 628 ms to scan 19 urls, producing 67 keys and 4396 values [using 2 cores]
2022-12-02 13:56:11,006 [Listener at 0.0.0.0/35265] INFO  ipc.CallQueueManager (CallQueueManager.java:<init>(90)) - Using callQueue: class java.util.concurrent.LinkedBlockingQueue, queueCapacity: 2000, scheduler: class org.apache.hadoop.ipc.DefaultRpcScheduler, ipcBackoff: false.
2022-12-02 13:56:11,007 [Socket Reader #1 for port 0] INFO  ipc.Server (Server.java:run(1273)) - Starting Socket Reader #1 for port 0
2022-12-02 13:56:11,042 [Listener at 127.0.0.1/44033] INFO  impl.MetricsSystemImpl (MetricsSystemImpl.java:init(158)) - OzoneManager metrics system started (again)
2022-12-02 13:56:11,056 [Listener at 127.0.0.1/44033] INFO  om.OzoneManager (OzoneManager.java:start(1484)) - OzoneManager RPC server is listening at localhost/127.0.0.1:44033
2022-12-02 13:56:11,056 [Listener at 127.0.0.1/44033] INFO  ratis.OzoneManagerRatisServer (OzoneManagerRatisServer.java:start(555)) - Starting OzoneManagerRatisServer om1 at port 9872
2022-12-02 13:56:11,060 [om1-impl-thread1] INFO  storage.RaftStorageDirectory (RaftStorageDirectoryImpl.java:analyzeStorage(137)) - The storage directory /home/runner/work/ozone/ozone/hadoop-ozone/integration-test/target/test-dir/MiniOzoneClusterImpl-54b774fa-8058-4f65-8e1c-0ac417d0d4c9/ozone-meta/ratis/bf265839-605b-3f16-9796-c5ba1605619e does not exist. Creating ...
2022-12-02 13:56:11,064 [om1-impl-thread1] INFO  storage.RaftStorageDirectory (RaftStorageDirectoryImpl.java:tryLock(231)) - Lock on /home/runner/work/ozone/ozone/hadoop-ozone/integration-test/target/test-dir/MiniOzoneClusterImpl-54b774fa-8058-4f65-8e1c-0ac417d0d4c9/ozone-meta/ratis/bf265839-605b-3f16-9796-c5ba1605619e/in_use.lock acquired by nodename 13980@fv-az246-718
2022-12-02 13:56:11,070 [om1-impl-thread1] INFO  storage.RaftStorage (RaftStorageImpl.java:format(96)) - Storage directory /home/runner/work/ozone/ozone/hadoop-ozone/integration-test/target/test-dir/MiniOzoneClusterImpl-54b774fa-8058-4f65-8e1c-0ac417d0d4c9/ozone-meta/ratis/bf265839-605b-3f16-9796-c5ba1605619e has been successfully formatted.
2022-12-02 13:56:11,072 [om1-impl-thread1] INFO  server.RaftServerConfigKeys (ConfUtils.java:logGet(46)) - raft.server.log.use.memory = false (default)
2022-12-02 13:56:11,080 [om1-impl-thread1] INFO  server.RaftServerConfigKeys (ConfUtils.java:logGet(46)) - raft.server.log.purge.gap = 1000000 (custom)
2022-12-02 13:56:11,080 [om1-impl-thread1] INFO  server.RaftServerConfigKeys (ConfUtils.java:logGet(46)) - raft.server.log.appender.buffer.byte-limit = 33554432 (custom)
2022-12-02 13:56:11,082 [om1-impl-thread1] INFO  server.RaftServerConfigKeys (ConfUtils.java:logGet(46)) - raft.server.log.statemachine.data.read.timeout = 1000ms (default)
2022-12-02 13:56:11,083 [om1-impl-thread1] INFO  server.RaftServerConfigKeys (ConfUtils.java:logGet(46)) - raft.server.log.purge.preservation.log.num = 0 (default)
2022-12-02 13:56:11,085 [om1-impl-thread1] INFO  server.RaftServerConfigKeys (ConfUtils.java:logGet(46)) - raft.server.log.segment.size.max = 4194304 (custom)
2022-12-02 13:56:11,091 [om1-impl-thread1] INFO  server.RaftServerConfigKeys (ConfUtils.java:logGet(46)) - raft.server.log.segment.cache.num.max = 2 (custom)
2022-12-02 13:56:11,092 [om1-impl-thread1] INFO  server.RaftServerConfigKeys (ConfUtils.java:logGet(46)) - raft.server.log.segment.cache.size.max = 200MB (=209715200) (default)
2022-12-02 13:56:11,098 [om1-impl-thread1] INFO  segmented.SegmentedRaftLogWorker (SegmentedRaftLogWorker.java:<init>(189)) - new om1@group-C5BA1605619E-SegmentedRaftLogWorker for RaftStorageImpl:Storage Directory /home/runner/work/ozone/ozone/hadoop-ozone/integration-test/target/test-dir/MiniOzoneClusterImpl-54b774fa-8058-4f65-8e1c-0ac417d0d4c9/ozone-meta/ratis/bf265839-605b-3f16-9796-c5ba1605619e
2022-12-02 13:56:11,099 [om1-impl-thread1] INFO  server.RaftServerConfigKeys (ConfUtils.java:logGet(46)) - raft.server.log.queue.byte-limit = 64MB (=67108864) (default)
2022-12-02 13:56:11,099 [om1-impl-thread1] INFO  server.RaftServerConfigKeys (ConfUtils.java:logGet(46)) - raft.server.log.queue.element-limit = 4096 (default)
2022-12-02 13:56:11,100 [om1-impl-thread1] INFO  server.RaftServerConfigKeys (ConfUtils.java:logGet(46)) - raft.server.log.segment.size.max = 4194304 (custom)
2022-12-02 13:56:11,100 [om1-impl-thread1] INFO  server.RaftServerConfigKeys (ConfUtils.java:logGet(46)) - raft.server.log.preallocated.size = 4194304 (custom)
2022-12-02 13:56:11,247 [om1-impl-thread1] INFO  server.RaftServerConfigKeys (ConfUtils.java:logGet(46)) - raft.server.log.force.sync.num = 128 (default)
2022-12-02 13:56:11,249 [om1-impl-thread1] INFO  server.RaftServerConfigKeys (ConfUtils.java:logGet(46)) - raft.server.log.statemachine.data.sync = true (default)
2022-12-02 13:56:11,249 [om1-impl-thread1] INFO  server.RaftServerConfigKeys (ConfUtils.java:logGet(46)) - raft.server.log.statemachine.data.sync.timeout = 10s (default)
2022-12-02 13:56:11,249 [om1-impl-thread1] INFO  server.RaftServerConfigKeys (ConfUtils.java:logGet(46)) - raft.server.log.statemachine.data.sync.timeout.retry = -1 (default)
2022-12-02 13:56:11,258 [om1-impl-thread1] INFO  server.RaftServerConfigKeys (ConfUtils.java:logGet(46)) - raft.server.log.write.buffer.size = 64KB (=65536) (default)
2022-12-02 13:56:11,258 [om1-impl-thread1] INFO  server.RaftServerConfigKeys (ConfUtils.java:logGet(46)) - raft.server.log.appender.buffer.byte-limit = 33554432 (custom)
2022-12-02 13:56:11,263 [om1-impl-thread1] INFO  server.RaftServerConfigKeys (ConfUtils.java:logGet(46)) - raft.server.log.unsafe-flush.enabled = false (default)
2022-12-02 13:56:11,264 [om1-impl-thread1] INFO  server.RaftServerConfigKeys (ConfUtils.java:logGet(46)) - raft.server.log.async-flush.enabled = false (default)
2022-12-02 13:56:11,264 [om1-impl-thread1] INFO  server.RaftServerConfigKeys (ConfUtils.java:logGet(46)) - raft.server.log.statemachine.data.caching.enabled = false (default)
2022-12-02 13:56:11,271 [om1-impl-thread1] INFO  segmented.SegmentedRaftLogWorker (SegmentedRaftLogWorker.java:lambda$new$0(135)) - om1@group-C5BA1605619E-SegmentedRaftLogWorker: flushIndex: setUnconditionally 0 -> -1
2022-12-02 13:56:11,271 [om1-impl-thread1] INFO  segmented.SegmentedRaftLogWorker (SegmentedRaftLogWorker.java:lambda$new$0(135)) - om1@group-C5BA1605619E-SegmentedRaftLogWorker: safeCacheEvictIndex: setUnconditionally 0 -> -1
2022-12-02 13:56:11,275 [om1-impl-thread1] INFO  server.RaftServer$Division (RaftServerImpl.java:start(334)) - om1@group-C5BA1605619E: start as a follower, conf=-1: peers:[om1|rpc:localhost:9872|priority:0|startupRole:FOLLOWER]|listeners:[], old=null
2022-12-02 13:56:11,276 [om1-impl-thread1] INFO  server.RaftServer$Division (RaftServerImpl.java:setRole(321)) - om1@group-C5BA1605619E: changes role from      null to FOLLOWER at term 0 for startAsFollower
2022-12-02 13:56:11,278 [om1-impl-thread1] INFO  impl.RoleInfo (RoleInfo.java:updateAndGet(139)) - om1: start om1@group-C5BA1605619E-FollowerState
2022-12-02 13:56:11,279 [om1-impl-thread1] INFO  util.JmxRegister (JmxRegister.java:tryRegister(44)) - Successfully registered JMX Bean with object name Ratis:service=RaftServer,group=group-C5BA1605619E,id=om1
2022-12-02 13:56:11,281 [om1-impl-thread1] INFO  server.RaftServerConfigKeys (ConfUtils.java:logGet(46)) - raft.server.snapshot.auto.trigger.enabled = true (custom)
2022-12-02 13:56:11,281 [om1-impl-thread1] INFO  server.RaftServerConfigKeys (ConfUtils.java:logGet(46)) - raft.server.snapshot.auto.trigger.threshold = 400000 (default)
2022-12-02 13:56:11,282 [om1-impl-thread1] INFO  server.RaftServerConfigKeys (ConfUtils.java:logGet(46)) - raft.server.snapshot.retention.file.num = -1 (default)
2022-12-02 13:56:11,283 [om1-impl-thread1] INFO  server.RaftServerConfigKeys (ConfUtils.java:logGet(46)) - raft.server.log.purge.upto.snapshot.index = true (custom)
2022-12-02 13:56:11,285 [om1@group-C5BA1605619E-FollowerState] INFO  server.RaftServerConfigKeys (ConfUtils.java:logFallback(53)) - raft.server.rpc.first-election.timeout.min = 1s (fallback to raft.server.rpc.timeout.min)
2022-12-02 13:56:11,285 [om1@group-C5BA1605619E-FollowerState] INFO  server.RaftServerConfigKeys (ConfUtils.java:logFallback(53)) - raft.server.rpc.first-election.timeout.max = 1200ms (fallback to raft.server.rpc.timeout.max)
2022-12-02 13:56:11,287 [Listener at 127.0.0.1/44033] INFO  server.RaftServer (RaftServerProxy.java:startImpl(393)) - om1: start RPC server
2022-12-02 13:56:11,349 [Listener at 127.0.0.1/44033] INFO  server.GrpcService (GrpcService.java:startImpl(270)) - om1: GrpcService started, listening on 9872
2022-12-02 13:56:11,353 [Listener at 127.0.0.1/44033] INFO  om.OzoneManager (OzoneManager.java:start(1500)) - Version File has different layout version (3) than OM DB (null). That is expected if this OM has never been finalized to a newer layout version.
2022-12-02 13:56:11,356 [JvmPauseMonitor0] INFO  util.JvmPauseMonitor (JvmPauseMonitor.java:run(105)) - JvmPauseMonitor-om1: Started
2022-12-02 13:56:11,370 [Listener at 127.0.0.1/44033] INFO  http.BaseHttpServer (BaseHttpServer.java:newHttpServer2BuilderForOzone(213)) - Starting Web-server for ozoneManager at: http://0.0.0.0:0
2022-12-02 13:56:11,370 [Listener at 127.0.0.1/44033] INFO  http.BaseHttpServer (BaseHttpServer.java:<init>(108)) - Hadoop Security Enabled: false Ozone Security Enabled: false Ozone HTTP Security Enabled: false 
2022-12-02 13:56:11,373 [Listener at 127.0.0.1/44033] WARN  server.AuthenticationFilter (AuthenticationFilter.java:constructSecretProvider(240)) - Unable to initialize FileSignerSecretProvider, falling back to use random secrets. Reason: Could not read signature secret file: /home/runner/hadoop-http-auth-signature-secret
2022-12-02 13:56:11,375 [Listener at 127.0.0.1/44033] WARN  http.HttpRequestLog (HttpRequestLog.java:getRequestLog(103)) - Jetty request log can only be enabled using Log4j
2022-12-02 13:56:11,377 [Listener at 127.0.0.1/44033] INFO  http.HttpServer2 (HttpServer2.java:addGlobalFilter(1031)) - Added global filter 'safety' (class=org.apache.hadoop.hdds.server.http.HttpServer2$QuotingInputFilter)
2022-12-02 13:56:11,378 [Listener at 127.0.0.1/44033] INFO  http.HttpServer2 (HttpServer2.java:addFilter(1007)) - Added filter static_user_filter (class=org.apache.hadoop.http.lib.StaticUserWebFilter$StaticUserFilter) to context ozoneManager
2022-12-02 13:56:11,378 [Listener at 127.0.0.1/44033] INFO  http.HttpServer2 (HttpServer2.java:addFilter(1015)) - Added filter static_user_filter (class=org.apache.hadoop.http.lib.StaticUserWebFilter$StaticUserFilter) to context logs
2022-12-02 13:56:11,378 [Listener at 127.0.0.1/44033] INFO  http.HttpServer2 (HttpServer2.java:addFilter(1015)) - Added filter static_user_filter (class=org.apache.hadoop.http.lib.StaticUserWebFilter$StaticUserFilter) to context static
2022-12-02 13:56:11,380 [Listener at 127.0.0.1/44033] INFO  http.HttpServer2 (HttpServer2.java:bindListener(1250)) - Jetty bound to port 36633
2022-12-02 13:56:11,380 [Listener at 127.0.0.1/44033] INFO  server.Server (Server.java:doStart(375)) - jetty-9.4.49.v20220914; built: 2022-09-14T01:07:36.601Z; git: 4231a3b2e4cb8548a412a789936d640a97b1aa0a; jvm 1.8.0_352-b08
2022-12-02 13:56:11,387 [Listener at 127.0.0.1/44033] INFO  server.session (DefaultSessionIdManager.java:doStart(334)) - DefaultSessionIdManager workerName=node0
2022-12-02 13:56:11,387 [Listener at 127.0.0.1/44033] INFO  server.session (DefaultSessionIdManager.java:doStart(339)) - No SessionScavenger set, using defaults
2022-12-02 13:56:11,387 [Listener at 127.0.0.1/44033] INFO  server.session (HouseKeeper.java:startScavenging(132)) - node0 Scavenging every 600000ms
2022-12-02 13:56:11,388 [Listener at 127.0.0.1/44033] INFO  handler.ContextHandler (ContextHandler.java:doStart(921)) - Started o.e.j.s.ServletContextHandler@645f3895{logs,/logs,file:///home/runner/work/ozone/ozone/hadoop-ozone/integration-test/target/log,AVAILABLE}
2022-12-02 13:56:11,389 [Listener at 127.0.0.1/44033] INFO  handler.ContextHandler (ContextHandler.java:doStart(921)) - Started o.e.j.s.ServletContextHandler@2e554aeb{static,/static,file:///home/runner/work/ozone/ozone/hadoop-ozone/integration-test/target/test-classes/webapps/static,AVAILABLE}
2022-12-02 13:56:11,393 [Listener at 127.0.0.1/44033] INFO  handler.ContextHandler (ContextHandler.java:doStart(921)) - Started o.e.j.w.WebAppContext@22aaca32{ozoneManager,/,file:///home/runner/work/ozone/ozone/hadoop-ozone/integration-test/target/test-classes/webapps/ozoneManager/,AVAILABLE}{file:/home/runner/work/ozone/ozone/hadoop-ozone/integration-test/target/test-classes/webapps/ozoneManager}
2022-12-02 13:56:11,397 [Listener at 127.0.0.1/44033] INFO  server.AbstractConnector (AbstractConnector.java:doStart(333)) - Started ServerConnector@70ebe93e{HTTP/1.1, (http/1.1)}{0.0.0.0:36633}
2022-12-02 13:56:11,398 [Listener at 127.0.0.1/44033] INFO  server.Server (Server.java:doStart(415)) - Started @6970ms
2022-12-02 13:56:11,398 [Listener at 127.0.0.1/44033] WARN  impl.MetricsSystemImpl (MetricsSystemImpl.java:register(279)) - Sink prometheus already exists!
2022-12-02 13:56:11,400 [Listener at 127.0.0.1/44033] INFO  http.BaseHttpServer (BaseHttpServer.java:updateConnectorAddress(333)) - HTTP server of ozoneManager listening at http://0.0.0.0:36633
2022-12-02 13:56:11,402 [IPC Server Responder] INFO  ipc.Server (Server.java:run(1512)) - IPC Server Responder: starting
2022-12-02 13:56:11,402 [IPC Server listener on 0] INFO  ipc.Server (Server.java:run(1352)) - IPC Server listener on 0: starting
2022-12-02 13:56:11,411 [Listener at 127.0.0.1/44033] INFO  om.OzoneManager (OzoneManager.java:startTrashEmptier(1921)) - Trash Interval set to 0. Files deleted won't move to trash
2022-12-02 13:56:11,418 [org.apache.hadoop.util.JvmPauseMonitor$Monitor@3f806c54] INFO  util.JvmPauseMonitor (JvmPauseMonitor.java:run(188)) - Starting JVM pause monitor
2022-12-02 13:56:11,571 [Listener at 127.0.0.1/44033] WARN  impl.MetricRegistriesImpl (MetricRegistriesImpl.java:addReporterRegistration(111)) - New reporters are added after registries were created. Some metrics will be missing from the reporter. Please add reporter before adding any new registry.
2022-12-02 13:56:11,571 [Listener at 127.0.0.1/44033] WARN  impl.MetricRegistriesImpl (MetricRegistriesImpl.java:addReporterRegistration(111)) - New reporters are added after registries were created. Some metrics will be missing from the reporter. Please add reporter before adding any new registry.
2022-12-02 13:56:11,572 [Listener at 127.0.0.1/44033] INFO  impl.MetricsSystemImpl (MetricsSystemImpl.java:init(158)) - HddsDatanode metrics system started (again)
2022-12-02 13:56:11,589 [Listener at 127.0.0.1/44033] INFO  ozone.HddsDatanodeService (HddsDatanodeService.java:start(236)) - HddsDatanodeService host:fv-az246-718.py5defvocjqundwqxk0lumnltg.cx.internal.cloudapp.net ip:10.1.0.163
2022-12-02 13:56:11,622 [Listener at 127.0.0.1/44033] INFO  upgrade.AbstractLayoutVersionManager (AbstractLayoutVersionManager.java:init(83)) - Initializing Layout version manager with metadata layout = DATANODE_SCHEMA_V3 (version = 4), software layout = DATANODE_SCHEMA_V3 (version = 4)
2022-12-02 13:56:11,670 [Listener at 127.0.0.1/44033] INFO  reflections.Reflections (Reflections.java:scan(232)) - Reflections took 47 ms to scan 7 urls, producing 140 keys and 342 values 
2022-12-02 13:56:11,674 [Listener at 127.0.0.1/44033] INFO  statemachine.DatanodeStateMachine (DatanodeStateMachine.java:getEndPointTaskThreadPoolSize(245)) - Datanode State Machine Task Thread Pool size 2
2022-12-02 13:56:11,735 [Listener at 127.0.0.1/44033] INFO  volume.HddsVolume (HddsVolume.java:<init>(117)) - Creating HddsVolume: /home/runner/work/ozone/ozone/hadoop-ozone/integration-test/target/test-dir/MiniOzoneClusterImpl-54b774fa-8058-4f65-8e1c-0ac417d0d4c9/datanode-0/data-0/containers/hdds of storage type : DISK capacity : 9223372036854775807
2022-12-02 13:56:11,737 [Listener at 127.0.0.1/44033] INFO  volume.MutableVolumeSet (MutableVolumeSet.java:initializeVolumeSet(174)) - Added Volume : /home/runner/work/ozone/ozone/hadoop-ozone/integration-test/target/test-dir/MiniOzoneClusterImpl-54b774fa-8058-4f65-8e1c-0ac417d0d4c9/datanode-0/data-0/containers/hdds to VolumeSet
2022-12-02 13:56:11,739 [Listener at 127.0.0.1/44033] INFO  volume.ThrottledAsyncChecker (ThrottledAsyncChecker.java:schedule(141)) - Scheduling a check for /home/runner/work/ozone/ozone/hadoop-ozone/integration-test/target/test-dir/MiniOzoneClusterImpl-54b774fa-8058-4f65-8e1c-0ac417d0d4c9/datanode-0/data-0/containers/hdds
2022-12-02 13:56:11,752 [Listener at 127.0.0.1/44033] INFO  volume.StorageVolumeChecker (StorageVolumeChecker.java:checkAllVolumes(202)) - Scheduled health check for volume /home/runner/work/ozone/ozone/hadoop-ozone/integration-test/target/test-dir/MiniOzoneClusterImpl-54b774fa-8058-4f65-8e1c-0ac417d0d4c9/datanode-0/data-0/containers/hdds
2022-12-02 13:56:11,772 [Listener at 127.0.0.1/44033] INFO  volume.MutableVolumeSet (MutableVolumeSet.java:initializeVolumeSet(174)) - Added Volume : /home/runner/work/ozone/ozone/hadoop-ozone/integration-test/target/test-dir/MiniOzoneClusterImpl-54b774fa-8058-4f65-8e1c-0ac417d0d4c9/datanode-0/data/ratis to VolumeSet
2022-12-02 13:56:11,773 [Listener at 127.0.0.1/44033] INFO  volume.ThrottledAsyncChecker (ThrottledAsyncChecker.java:schedule(141)) - Scheduling a check for /home/runner/work/ozone/ozone/hadoop-ozone/integration-test/target/test-dir/MiniOzoneClusterImpl-54b774fa-8058-4f65-8e1c-0ac417d0d4c9/datanode-0/data/ratis
2022-12-02 13:56:11,773 [Listener at 127.0.0.1/44033] INFO  volume.StorageVolumeChecker (StorageVolumeChecker.java:checkAllVolumes(202)) - Scheduled health check for volume /home/runner/work/ozone/ozone/hadoop-ozone/integration-test/target/test-dir/MiniOzoneClusterImpl-54b774fa-8058-4f65-8e1c-0ac417d0d4c9/datanode-0/data/ratis
2022-12-02 13:56:11,796 [Thread-135] INFO  ozoneimpl.ContainerReader (ContainerReader.java:readVolume(175)) - Finish verifying containers on volume /home/runner/work/ozone/ozone/hadoop-ozone/integration-test/target/test-dir/MiniOzoneClusterImpl-54b774fa-8058-4f65-8e1c-0ac417d0d4c9/datanode-0/data-0/containers/hdds
2022-12-02 13:56:11,797 [Listener at 127.0.0.1/44033] INFO  ozoneimpl.OzoneContainer (OzoneContainer.java:buildContainerSet(301)) - Build ContainerSet costs 0s
2022-12-02 13:56:11,843 [Listener at 127.0.0.1/44033] INFO  audit.AuditLogger (AuditLogger.java:refreshDebugCmdSet(126)) - Refresh DebugCmdSet for DNAudit to [].
2022-12-02 13:56:11,870 [Listener at 127.0.0.1/44033] INFO  server.RaftServer (ConfUtils.java:logGet(46)) - raft.rpc.type = GRPC (default)
2022-12-02 13:56:11,870 [Listener at 127.0.0.1/44033] INFO  grpc.GrpcConfigKeys (ConfUtils.java:logFallback(53)) - raft.grpc.admin.host = null (fallback to raft.grpc.server.host)
2022-12-02 13:56:11,870 [Listener at 127.0.0.1/44033] INFO  grpc.GrpcConfigKeys (ConfUtils.java:logGet(46)) - raft.grpc.admin.port = 0 (custom)
2022-12-02 13:56:11,871 [Listener at 127.0.0.1/44033] INFO  grpc.GrpcConfigKeys (ConfUtils.java:logFallback(53)) - raft.grpc.client.host = null (fallback to raft.grpc.server.host)
2022-12-02 13:56:11,871 [Listener at 127.0.0.1/44033] INFO  grpc.GrpcConfigKeys (ConfUtils.java:logGet(46)) - raft.grpc.client.port = 0 (custom)
2022-12-02 13:56:11,871 [Listener at 127.0.0.1/44033] INFO  grpc.GrpcConfigKeys (ConfUtils.java:logGet(46)) - raft.grpc.server.host = null (default)
2022-12-02 13:56:11,871 [Listener at 127.0.0.1/44033] INFO  grpc.GrpcConfigKeys (ConfUtils.java:logGet(46)) - raft.grpc.server.port = 0 (default)
2022-12-02 13:56:11,871 [Listener at 127.0.0.1/44033] INFO  server.GrpcService (ConfUtils.java:logGet(46)) - raft.grpc.message.size.max = 32MB (=33554432) (custom)
2022-12-02 13:56:11,871 [Listener at 127.0.0.1/44033] INFO  server.RaftServerConfigKeys (ConfUtils.java:logGet(46)) - raft.server.log.appender.buffer.byte-limit = 33554432 (custom)
2022-12-02 13:56:11,871 [Listener at 127.0.0.1/44033] INFO  server.GrpcService (ConfUtils.java:logGet(46)) - raft.grpc.flow.control.window = 5MB (=5242880) (custom)
2022-12-02 13:56:11,872 [Listener at 127.0.0.1/44033] INFO  server.RaftServerConfigKeys (ConfUtils.java:logGet(46)) - raft.server.rpc.request.timeout = 60s (custom)
2022-12-02 13:56:11,872 [Listener at 127.0.0.1/44033] INFO  grpc.GrpcConfigKeys (ConfUtils.java:logGet(46)) - raft.grpc.server.heartbeat.channel = true (default)
2022-12-02 13:56:11,872 [Listener at 127.0.0.1/44033] INFO  grpc.GrpcConfigKeys (ConfUtils.java:logGet(46)) - raft.grpc.server.async.request.thread.pool.cached = true (default)
2022-12-02 13:56:11,872 [Listener at 127.0.0.1/44033] INFO  grpc.GrpcConfigKeys (ConfUtils.java:logGet(46)) - raft.grpc.server.async.request.thread.pool.size = 32 (default)
2022-12-02 13:56:11,873 [Listener at 127.0.0.1/44033] INFO  impl.DataStreamServerImpl (ConfUtils.java:logGet(46)) - raft.datastream.type = DISABLED (default)
2022-12-02 13:56:11,873 [Listener at 127.0.0.1/44033] INFO  server.RaftServerConfigKeys (ConfUtils.java:logGet(46)) - raft.server.threadpool.proxy.cached = true (default)
2022-12-02 13:56:11,874 [Listener at 127.0.0.1/44033] INFO  server.RaftServerConfigKeys (ConfUtils.java:logGet(46)) - raft.server.threadpool.proxy.size = 0 (default)
2022-12-02 13:56:11,874 [Listener at 127.0.0.1/44033] INFO  server.RaftServerConfigKeys (ConfUtils.java:logGet(46)) - raft.server.rpc.slowness.timeout = 300s (custom)
2022-12-02 13:56:11,874 [Listener at 127.0.0.1/44033] INFO  server.RaftServerConfigKeys (ConfUtils.java:logGet(46)) - raft.server.leaderelection.leader.step-down.wait-time = 10s (default)
2022-12-02 13:56:11,874 [Listener at 127.0.0.1/44033] INFO  server.RaftServerConfigKeys (ConfUtils.java:logGet(46)) - raft.server.storage.dir = [/home/runner/work/ozone/ozone/hadoop-ozone/integration-test/target/test-dir/MiniOzoneClusterImpl-54b774fa-8058-4f65-8e1c-0ac417d0d4c9/datanode-0/data/ratis] (custom)
2022-12-02 13:56:11,892 [Listener at 127.0.0.1/44033] INFO  server.XceiverServerGrpc (XceiverServerGrpc.java:<init>(132)) - GrpcServer channel type EpollServerSocketChannel
2022-12-02 13:56:11,959 [Listener at 127.0.0.1/44033] INFO  http.BaseHttpServer (BaseHttpServer.java:newHttpServer2BuilderForOzone(213)) - Starting Web-server for hddsDatanode at: http://0.0.0.0:0
2022-12-02 13:56:11,959 [Listener at 127.0.0.1/44033] INFO  http.BaseHttpServer (BaseHttpServer.java:<init>(108)) - Hadoop Security Enabled: false Ozone Security Enabled: false Ozone HTTP Security Enabled: false 
2022-12-02 13:56:11,960 [Listener at 127.0.0.1/44033] WARN  server.AuthenticationFilter (AuthenticationFilter.java:constructSecretProvider(240)) - Unable to initialize FileSignerSecretProvider, falling back to use random secrets. Reason: Could not read signature secret file: /home/runner/hadoop-http-auth-signature-secret
2022-12-02 13:56:11,961 [Listener at 127.0.0.1/44033] WARN  http.HttpRequestLog (HttpRequestLog.java:getRequestLog(103)) - Jetty request log can only be enabled using Log4j
2022-12-02 13:56:11,963 [Listener at 127.0.0.1/44033] INFO  http.HttpServer2 (HttpServer2.java:addGlobalFilter(1031)) - Added global filter 'safety' (class=org.apache.hadoop.hdds.server.http.HttpServer2$QuotingInputFilter)
2022-12-02 13:56:11,964 [Listener at 127.0.0.1/44033] INFO  http.HttpServer2 (HttpServer2.java:addFilter(1007)) - Added filter static_user_filter (class=org.apache.hadoop.http.lib.StaticUserWebFilter$StaticUserFilter) to context hddsDatanode
2022-12-02 13:56:11,964 [Listener at 127.0.0.1/44033] INFO  http.HttpServer2 (HttpServer2.java:addFilter(1015)) - Added filter static_user_filter (class=org.apache.hadoop.http.lib.StaticUserWebFilter$StaticUserFilter) to context static
2022-12-02 13:56:11,964 [Listener at 127.0.0.1/44033] INFO  http.HttpServer2 (HttpServer2.java:addFilter(1015)) - Added filter static_user_filter (class=org.apache.hadoop.http.lib.StaticUserWebFilter$StaticUserFilter) to context logs
2022-12-02 13:56:11,965 [Listener at 127.0.0.1/44033] INFO  http.HttpServer2 (HttpServer2.java:bindListener(1250)) - Jetty bound to port 36647
2022-12-02 13:56:11,965 [Listener at 127.0.0.1/44033] INFO  server.Server (Server.java:doStart(375)) - jetty-9.4.49.v20220914; built: 2022-09-14T01:07:36.601Z; git: 4231a3b2e4cb8548a412a789936d640a97b1aa0a; jvm 1.8.0_352-b08
2022-12-02 13:56:11,969 [Listener at 127.0.0.1/44033] INFO  server.session (DefaultSessionIdManager.java:doStart(334)) - DefaultSessionIdManager workerName=node0
2022-12-02 13:56:11,969 [Listener at 127.0.0.1/44033] INFO  server.session (DefaultSessionIdManager.java:doStart(339)) - No SessionScavenger set, using defaults
2022-12-02 13:56:11,969 [Listener at 127.0.0.1/44033] INFO  server.session (HouseKeeper.java:startScavenging(132)) - node0 Scavenging every 600000ms
2022-12-02 13:56:11,970 [Listener at 127.0.0.1/44033] INFO  handler.ContextHandler (ContextHandler.java:doStart(921)) - Started o.e.j.s.ServletContextHandler@30b55cae{logs,/logs,file:///home/runner/work/ozone/ozone/hadoop-ozone/integration-test/target/log,AVAILABLE}
2022-12-02 13:56:11,970 [Listener at 127.0.0.1/44033] INFO  handler.ContextHandler (ContextHandler.java:doStart(921)) - Started o.e.j.s.ServletContextHandler@235e2dec{static,/static,jar:file:/home/runner/.m2/repository/org/apache/ozone/hdds-container-service/1.3.0-SNAPSHOT/hdds-container-service-1.3.0-SNAPSHOT.jar!/webapps/static,AVAILABLE}
2022-12-02 13:56:12,153 [Listener at 127.0.0.1/44033] INFO  handler.ContextHandler (ContextHandler.java:doStart(921)) - Started o.e.j.w.WebAppContext@5abac3d5{hddsDatanode,/,file:///tmp/jetty-0_0_0_0-36647-hdds-container-service-1_3_0-SNAPSHOT_jar-_-any-8206431688651039367/webapp/,AVAILABLE}{jar:file:/home/runner/.m2/repository/org/apache/ozone/hdds-container-service/1.3.0-SNAPSHOT/hdds-container-service-1.3.0-SNAPSHOT.jar!/webapps/hddsDatanode}
2022-12-02 13:56:12,154 [Listener at 127.0.0.1/44033] INFO  server.AbstractConnector (AbstractConnector.java:doStart(333)) - Started ServerConnector@761e1290{HTTP/1.1, (http/1.1)}{0.0.0.0:36647}
2022-12-02 13:56:12,154 [Listener at 127.0.0.1/44033] INFO  server.Server (Server.java:doStart(415)) - Started @7726ms
2022-12-02 13:56:12,154 [Listener at 127.0.0.1/44033] WARN  impl.MetricsSystemImpl (MetricsSystemImpl.java:register(279)) - Sink prometheus already exists!
2022-12-02 13:56:12,155 [Listener at 127.0.0.1/44033] INFO  http.BaseHttpServer (BaseHttpServer.java:updateConnectorAddress(333)) - HTTP server of hddsDatanode listening at http://0.0.0.0:36647
2022-12-02 13:56:12,157 [Listener at 127.0.0.1/44033] WARN  impl.MetricRegistriesImpl (MetricRegistriesImpl.java:addReporterRegistration(111)) - New reporters are added after registries were created. Some metrics will be missing from the reporter. Please add reporter before adding any new registry.
2022-12-02 13:56:12,157 [Listener at 127.0.0.1/44033] WARN  impl.MetricRegistriesImpl (MetricRegistriesImpl.java:addReporterRegistration(111)) - New reporters are added after registries were created. Some metrics will be missing from the reporter. Please add reporter before adding any new registry.
2022-12-02 13:56:12,157 [Listener at 127.0.0.1/44033] INFO  impl.MetricsSystemImpl (MetricsSystemImpl.java:init(158)) - HddsDatanode metrics system started (again)
2022-12-02 13:56:12,158 [Datanode State Machine Daemon Thread] INFO  statemachine.DatanodeStateMachine (DatanodeStateMachine.java:lambda$startDaemon$0(505)) - Ozone container server started.
2022-12-02 13:56:12,169 [org.apache.hadoop.util.JvmPauseMonitor$Monitor@14ff72cc] INFO  util.JvmPauseMonitor (JvmPauseMonitor.java:run(188)) - Starting JVM pause monitor
2022-12-02 13:56:12,190 [Listener at 127.0.0.1/44033] INFO  ozone.HddsDatanodeService (HddsDatanodeService.java:start(236)) - HddsDatanodeService host:fv-az246-718.py5defvocjqundwqxk0lumnltg.cx.internal.cloudapp.net ip:10.1.0.163
2022-12-02 13:56:12,222 [Listener at 127.0.0.1/44033] INFO  upgrade.AbstractLayoutVersionManager (AbstractLayoutVersionManager.java:init(83)) - Initializing Layout version manager with metadata layout = DATANODE_SCHEMA_V3 (version = 4), software layout = DATANODE_SCHEMA_V3 (version = 4)
2022-12-02 13:56:12,259 [Datanode State Machine Task Thread - 0] INFO  datanode.InitDatanodeState (InitDatanodeState.java:persistContainerDatanodeDetails(138)) - DatanodeDetails is persisted to /home/runner/work/ozone/ozone/hadoop-ozone/integration-test/target/test-dir/MiniOzoneClusterImpl-54b774fa-8058-4f65-8e1c-0ac417d0d4c9/datanode-0/meta/datanode.id
2022-12-02 13:56:12,291 [Listener at 127.0.0.1/44033] INFO  reflections.Reflections (Reflections.java:scan(232)) - Reflections took 66 ms to scan 7 urls, producing 140 keys and 342 values 
2022-12-02 13:56:12,295 [Listener at 127.0.0.1/44033] INFO  statemachine.DatanodeStateMachine (DatanodeStateMachine.java:getEndPointTaskThreadPoolSize(245)) - Datanode State Machine Task Thread Pool size 2
2022-12-02 13:56:12,297 [Listener at 127.0.0.1/44033] INFO  volume.HddsVolume (HddsVolume.java:<init>(117)) - Creating HddsVolume: /home/runner/work/ozone/ozone/hadoop-ozone/integration-test/target/test-dir/MiniOzoneClusterImpl-54b774fa-8058-4f65-8e1c-0ac417d0d4c9/datanode-1/data-0/containers/hdds of storage type : DISK capacity : 9223372036854775807
2022-12-02 13:56:12,298 [Listener at 127.0.0.1/44033] INFO  volume.MutableVolumeSet (MutableVolumeSet.java:initializeVolumeSet(174)) - Added Volume : /home/runner/work/ozone/ozone/hadoop-ozone/integration-test/target/test-dir/MiniOzoneClusterImpl-54b774fa-8058-4f65-8e1c-0ac417d0d4c9/datanode-1/data-0/containers/hdds to VolumeSet
2022-12-02 13:56:12,298 [Listener at 127.0.0.1/44033] INFO  volume.ThrottledAsyncChecker (ThrottledAsyncChecker.java:schedule(141)) - Scheduling a check for /home/runner/work/ozone/ozone/hadoop-ozone/integration-test/target/test-dir/MiniOzoneClusterImpl-54b774fa-8058-4f65-8e1c-0ac417d0d4c9/datanode-1/data-0/containers/hdds
2022-12-02 13:56:12,300 [Listener at 127.0.0.1/44033] INFO  volume.StorageVolumeChecker (StorageVolumeChecker.java:checkAllVolumes(202)) - Scheduled health check for volume /home/runner/work/ozone/ozone/hadoop-ozone/integration-test/target/test-dir/MiniOzoneClusterImpl-54b774fa-8058-4f65-8e1c-0ac417d0d4c9/datanode-1/data-0/containers/hdds
2022-12-02 13:56:12,315 [Listener at 127.0.0.1/44033] INFO  volume.MutableVolumeSet (MutableVolumeSet.java:initializeVolumeSet(174)) - Added Volume : /home/runner/work/ozone/ozone/hadoop-ozone/integration-test/target/test-dir/MiniOzoneClusterImpl-54b774fa-8058-4f65-8e1c-0ac417d0d4c9/datanode-1/data/ratis to VolumeSet
2022-12-02 13:56:12,315 [Listener at 127.0.0.1/44033] INFO  volume.ThrottledAsyncChecker (ThrottledAsyncChecker.java:schedule(141)) - Scheduling a check for /home/runner/work/ozone/ozone/hadoop-ozone/integration-test/target/test-dir/MiniOzoneClusterImpl-54b774fa-8058-4f65-8e1c-0ac417d0d4c9/datanode-1/data/ratis
2022-12-02 13:56:12,315 [Listener at 127.0.0.1/44033] INFO  volume.StorageVolumeChecker (StorageVolumeChecker.java:checkAllVolumes(202)) - Scheduled health check for volume /home/runner/work/ozone/ozone/hadoop-ozone/integration-test/target/test-dir/MiniOzoneClusterImpl-54b774fa-8058-4f65-8e1c-0ac417d0d4c9/datanode-1/data/ratis
2022-12-02 13:56:12,326 [Thread-148] INFO  ozoneimpl.ContainerReader (ContainerReader.java:readVolume(175)) - Finish verifying containers on volume /home/runner/work/ozone/ozone/hadoop-ozone/integration-test/target/test-dir/MiniOzoneClusterImpl-54b774fa-8058-4f65-8e1c-0ac417d0d4c9/datanode-1/data-0/containers/hdds
2022-12-02 13:56:12,327 [Listener at 127.0.0.1/44033] INFO  ozoneimpl.OzoneContainer (OzoneContainer.java:buildContainerSet(301)) - Build ContainerSet costs 0s
2022-12-02 13:56:12,332 [Listener at 127.0.0.1/44033] INFO  server.RaftServer (ConfUtils.java:logGet(46)) - raft.rpc.type = GRPC (default)
2022-12-02 13:56:12,332 [Listener at 127.0.0.1/44033] INFO  grpc.GrpcConfigKeys (ConfUtils.java:logFallback(53)) - raft.grpc.admin.host = null (fallback to raft.grpc.server.host)
2022-12-02 13:56:12,333 [Listener at 127.0.0.1/44033] INFO  grpc.GrpcConfigKeys (ConfUtils.java:logGet(46)) - raft.grpc.admin.port = 0 (custom)
2022-12-02 13:56:12,333 [Listener at 127.0.0.1/44033] INFO  grpc.GrpcConfigKeys (ConfUtils.java:logFallback(53)) - raft.grpc.client.host = null (fallback to raft.grpc.server.host)
2022-12-02 13:56:12,333 [Listener at 127.0.0.1/44033] INFO  grpc.GrpcConfigKeys (ConfUtils.java:logGet(46)) - raft.grpc.client.port = 0 (custom)
2022-12-02 13:56:12,333 [Listener at 127.0.0.1/44033] INFO  grpc.GrpcConfigKeys (ConfUtils.java:logGet(46)) - raft.grpc.server.host = null (default)
2022-12-02 13:56:12,333 [Listener at 127.0.0.1/44033] INFO  grpc.GrpcConfigKeys (ConfUtils.java:logGet(46)) - raft.grpc.server.port = 0 (default)
2022-12-02 13:56:12,333 [Listener at 127.0.0.1/44033] INFO  server.GrpcService (ConfUtils.java:logGet(46)) - raft.grpc.message.size.max = 32MB (=33554432) (custom)
2022-12-02 13:56:12,333 [Listener at 127.0.0.1/44033] INFO  server.RaftServerConfigKeys (ConfUtils.java:logGet(46)) - raft.server.log.appender.buffer.byte-limit = 33554432 (custom)
2022-12-02 13:56:12,334 [Listener at 127.0.0.1/44033] INFO  server.GrpcService (ConfUtils.java:logGet(46)) - raft.grpc.flow.control.window = 5MB (=5242880) (custom)
2022-12-02 13:56:12,335 [Listener at 127.0.0.1/44033] INFO  server.RaftServerConfigKeys (ConfUtils.java:logGet(46)) - raft.server.rpc.request.timeout = 60s (custom)
2022-12-02 13:56:12,335 [Listener at 127.0.0.1/44033] INFO  grpc.GrpcConfigKeys (ConfUtils.java:logGet(46)) - raft.grpc.server.heartbeat.channel = true (default)
2022-12-02 13:56:12,335 [Listener at 127.0.0.1/44033] INFO  grpc.GrpcConfigKeys (ConfUtils.java:logGet(46)) - raft.grpc.server.async.request.thread.pool.cached = true (default)
2022-12-02 13:56:12,335 [Listener at 127.0.0.1/44033] INFO  grpc.GrpcConfigKeys (ConfUtils.java:logGet(46)) - raft.grpc.server.async.request.thread.pool.size = 32 (default)
2022-12-02 13:56:12,336 [Listener at 127.0.0.1/44033] INFO  impl.DataStreamServerImpl (ConfUtils.java:logGet(46)) - raft.datastream.type = DISABLED (default)
2022-12-02 13:56:12,337 [Listener at 127.0.0.1/44033] INFO  server.RaftServerConfigKeys (ConfUtils.java:logGet(46)) - raft.server.threadpool.proxy.cached = true (default)
2022-12-02 13:56:12,337 [Listener at 127.0.0.1/44033] INFO  server.RaftServerConfigKeys (ConfUtils.java:logGet(46)) - raft.server.threadpool.proxy.size = 0 (default)
2022-12-02 13:56:12,337 [Listener at 127.0.0.1/44033] INFO  server.RaftServerConfigKeys (ConfUtils.java:logGet(46)) - raft.server.rpc.slowness.timeout = 300s (custom)
2022-12-02 13:56:12,337 [Listener at 127.0.0.1/44033] INFO  server.RaftServerConfigKeys (ConfUtils.java:logGet(46)) - raft.server.leaderelection.leader.step-down.wait-time = 10s (default)
2022-12-02 13:56:12,337 [Listener at 127.0.0.1/44033] INFO  server.RaftServerConfigKeys (ConfUtils.java:logGet(46)) - raft.server.storage.dir = [/home/runner/work/ozone/ozone/hadoop-ozone/integration-test/target/test-dir/MiniOzoneClusterImpl-54b774fa-8058-4f65-8e1c-0ac417d0d4c9/datanode-1/data/ratis] (custom)
2022-12-02 13:56:12,339 [Listener at 127.0.0.1/44033] INFO  server.XceiverServerGrpc (XceiverServerGrpc.java:<init>(132)) - GrpcServer channel type EpollServerSocketChannel
2022-12-02 13:56:12,346 [Listener at 127.0.0.1/44033] INFO  http.BaseHttpServer (BaseHttpServer.java:newHttpServer2BuilderForOzone(213)) - Starting Web-server for hddsDatanode at: http://0.0.0.0:0
2022-12-02 13:56:12,347 [Listener at 127.0.0.1/44033] INFO  http.BaseHttpServer (BaseHttpServer.java:<init>(108)) - Hadoop Security Enabled: false Ozone Security Enabled: false Ozone HTTP Security Enabled: false 
2022-12-02 13:56:12,348 [Listener at 127.0.0.1/44033] WARN  server.AuthenticationFilter (AuthenticationFilter.java:constructSecretProvider(240)) - Unable to initialize FileSignerSecretProvider, falling back to use random secrets. Reason: Could not read signature secret file: /home/runner/hadoop-http-auth-signature-secret
2022-12-02 13:56:12,349 [Listener at 127.0.0.1/44033] WARN  http.HttpRequestLog (HttpRequestLog.java:getRequestLog(103)) - Jetty request log can only be enabled using Log4j
2022-12-02 13:56:12,350 [Listener at 127.0.0.1/44033] INFO  http.HttpServer2 (HttpServer2.java:addGlobalFilter(1031)) - Added global filter 'safety' (class=org.apache.hadoop.hdds.server.http.HttpServer2$QuotingInputFilter)
2022-12-02 13:56:12,351 [Listener at 127.0.0.1/44033] INFO  http.HttpServer2 (HttpServer2.java:addFilter(1007)) - Added filter static_user_filter (class=org.apache.hadoop.http.lib.StaticUserWebFilter$StaticUserFilter) to context hddsDatanode
2022-12-02 13:56:12,351 [Listener at 127.0.0.1/44033] INFO  http.HttpServer2 (HttpServer2.java:addFilter(1015)) - Added filter static_user_filter (class=org.apache.hadoop.http.lib.StaticUserWebFilter$StaticUserFilter) to context static
2022-12-02 13:56:12,351 [Listener at 127.0.0.1/44033] INFO  http.HttpServer2 (HttpServer2.java:addFilter(1015)) - Added filter static_user_filter (class=org.apache.hadoop.http.lib.StaticUserWebFilter$StaticUserFilter) to context logs
2022-12-02 13:56:12,351 [Listener at 127.0.0.1/44033] INFO  http.HttpServer2 (HttpServer2.java:bindListener(1250)) - Jetty bound to port 43129
2022-12-02 13:56:12,352 [Listener at 127.0.0.1/44033] INFO  server.Server (Server.java:doStart(375)) - jetty-9.4.49.v20220914; built: 2022-09-14T01:07:36.601Z; git: 4231a3b2e4cb8548a412a789936d640a97b1aa0a; jvm 1.8.0_352-b08
2022-12-02 13:56:12,354 [Listener at 127.0.0.1/44033] INFO  server.session (DefaultSessionIdManager.java:doStart(334)) - DefaultSessionIdManager workerName=node0
2022-12-02 13:56:12,354 [Listener at 127.0.0.1/44033] INFO  server.session (DefaultSessionIdManager.java:doStart(339)) - No SessionScavenger set, using defaults
2022-12-02 13:56:12,354 [Listener at 127.0.0.1/44033] INFO  server.session (HouseKeeper.java:startScavenging(132)) - node0 Scavenging every 660000ms
2022-12-02 13:56:12,355 [Listener at 127.0.0.1/44033] INFO  handler.ContextHandler (ContextHandler.java:doStart(921)) - Started o.e.j.s.ServletContextHandler@4669e93a{logs,/logs,file:///home/runner/work/ozone/ozone/hadoop-ozone/integration-test/target/log,AVAILABLE}
2022-12-02 13:56:12,356 [Listener at 127.0.0.1/44033] INFO  handler.ContextHandler (ContextHandler.java:doStart(921)) - Started o.e.j.s.ServletContextHandler@187175b3{static,/static,jar:file:/home/runner/.m2/repository/org/apache/ozone/hdds-container-service/1.3.0-SNAPSHOT/hdds-container-service-1.3.0-SNAPSHOT.jar!/webapps/static,AVAILABLE}
2022-12-02 13:56:12,365 [om1@group-C5BA1605619E-FollowerState] INFO  impl.FollowerState (FollowerState.java:run(143)) - om1@group-C5BA1605619E-FollowerState: change to CANDIDATE, lastRpcElapsedTime:1087891345ns, electionTimeout:1079ms
2022-12-02 13:56:12,366 [om1@group-C5BA1605619E-FollowerState] INFO  impl.RoleInfo (RoleInfo.java:shutdownFollowerState(110)) - om1: shutdown om1@group-C5BA1605619E-FollowerState
2022-12-02 13:56:12,367 [om1@group-C5BA1605619E-FollowerState] INFO  server.RaftServer$Division (RaftServerImpl.java:setRole(321)) - om1@group-C5BA1605619E: changes role from  FOLLOWER to CANDIDATE at term 0 for changeToCandidate
2022-12-02 13:56:12,371 [om1@group-C5BA1605619E-FollowerState] INFO  server.RaftServerConfigKeys (ConfUtils.java:logGet(46)) - raft.server.leaderelection.pre-vote = false (custom)
2022-12-02 13:56:12,371 [om1@group-C5BA1605619E-FollowerState] INFO  impl.RoleInfo (RoleInfo.java:updateAndGet(139)) - om1: start om1@group-C5BA1605619E-LeaderElection1
2022-12-02 13:56:12,382 [om1@group-C5BA1605619E-LeaderElection1] INFO  impl.LeaderElection (LeaderElection.java:askForVotes(312)) - om1@group-C5BA1605619E-LeaderElection1 ELECTION round 0: submit vote requests at term 1 for -1: peers:[om1|rpc:localhost:9872|priority:0|startupRole:FOLLOWER]|listeners:[], old=null
2022-12-02 13:56:12,383 [om1@group-C5BA1605619E-LeaderElection1] INFO  impl.LeaderElection (LeaderElection.java:askForVotes(314)) - om1@group-C5BA1605619E-LeaderElection1 ELECTION round 0: result PASSED (term=1)
2022-12-02 13:56:12,383 [om1@group-C5BA1605619E-LeaderElection1] INFO  impl.RoleInfo (RoleInfo.java:shutdownLeaderElection(130)) - om1: shutdown om1@group-C5BA1605619E-LeaderElection1
2022-12-02 13:56:12,384 [om1@group-C5BA1605619E-LeaderElection1] INFO  server.RaftServer$Division (RaftServerImpl.java:setRole(321)) - om1@group-C5BA1605619E: changes role from CANDIDATE to LEADER at term 1 for changeToLeader
2022-12-02 13:56:12,384 [om1@group-C5BA1605619E-LeaderElection1] INFO  server.RaftServer$Division (ServerState.java:setLeader(313)) - om1@group-C5BA1605619E: change Leader from null to om1 at term 1 for becomeLeader, leader elected after 2171ms
2022-12-02 13:56:12,389 [om1@group-C5BA1605619E-LeaderElection1] INFO  server.RaftServerConfigKeys (ConfUtils.java:logGet(46)) - raft.server.staging.catchup.gap = 1000 (default)
2022-12-02 13:56:12,395 [om1@group-C5BA1605619E-LeaderElection1] INFO  server.RaftServerConfigKeys (ConfUtils.java:logGet(46)) - raft.server.write.element-limit = 4096 (default)
2022-12-02 13:56:12,395 [om1@group-C5BA1605619E-LeaderElection1] INFO  server.RaftServerConfigKeys (ConfUtils.java:logGet(46)) - raft.server.write.byte-limit = 64MB (=67108864) (default)
2022-12-02 13:56:12,401 [om1@group-C5BA1605619E-LeaderElection1] INFO  server.RaftServerConfigKeys (ConfUtils.java:logGet(46)) - raft.server.watch.timeout = 10s (default)
2022-12-02 13:56:12,401 [om1@group-C5BA1605619E-LeaderElection1] INFO  server.RaftServerConfigKeys (ConfUtils.java:logGet(46)) - raft.server.watch.timeout.denomination = 1s (default)
2022-12-02 13:56:12,402 [om1@group-C5BA1605619E-LeaderElection1] INFO  server.RaftServerConfigKeys (ConfUtils.java:logGet(46)) - raft.server.watch.element-limit = 65536 (default)
2022-12-02 13:56:12,406 [om1@group-C5BA1605619E-LeaderElection1] INFO  server.RaftServerConfigKeys (ConfUtils.java:logGet(46)) - raft.server.write.element-limit = 4096 (default)
2022-12-02 13:56:12,410 [om1@group-C5BA1605619E-LeaderElection1] INFO  server.RaftServerConfigKeys (ConfUtils.java:logGet(46)) - raft.server.write.follower.gap.ratio.max = -1.0 (default)
2022-12-02 13:56:12,414 [om1@group-C5BA1605619E-LeaderElection1] INFO  impl.RoleInfo (RoleInfo.java:updateAndGet(139)) - om1: start om1@group-C5BA1605619E-LeaderStateImpl
2022-12-02 13:56:12,448 [om1@group-C5BA1605619E-LeaderElection1] INFO  segmented.SegmentedRaftLogWorker (SegmentedRaftLogWorker.java:startLogSegment(452)) - om1@group-C5BA1605619E-SegmentedRaftLogWorker: Starting segment from index:0
2022-12-02 13:56:12,517 [om1@group-C5BA1605619E-LeaderElection1] INFO  server.RaftServer$Division (ServerState.java:setRaftConf(430)) - om1@group-C5BA1605619E: set configuration 0: peers:[om1|rpc:localhost:9872|admin:|client:|dataStream:|priority:0|startupRole:FOLLOWER]|listeners:[], old=null
2022-12-02 13:56:12,577 [om1@group-C5BA1605619E-SegmentedRaftLogWorker] INFO  segmented.SegmentedRaftLogWorker (SegmentedRaftLogWorker.java:execute(656)) - om1@group-C5BA1605619E-SegmentedRaftLogWorker: created new log segment /home/runner/work/ozone/ozone/hadoop-ozone/integration-test/target/test-dir/MiniOzoneClusterImpl-54b774fa-8058-4f65-8e1c-0ac417d0d4c9/ozone-meta/ratis/bf265839-605b-3f16-9796-c5ba1605619e/current/log_inprogress_0
2022-12-02 13:56:12,593 [Listener at 127.0.0.1/44033] INFO  handler.ContextHandler (ContextHandler.java:doStart(921)) - Started o.e.j.w.WebAppContext@35f68fff{hddsDatanode,/,file:///tmp/jetty-0_0_0_0-43129-hdds-container-service-1_3_0-SNAPSHOT_jar-_-any-613127096628400291/webapp/,AVAILABLE}{jar:file:/home/runner/.m2/repository/org/apache/ozone/hdds-container-service/1.3.0-SNAPSHOT/hdds-container-service-1.3.0-SNAPSHOT.jar!/webapps/hddsDatanode}
2022-12-02 13:56:12,596 [Listener at 127.0.0.1/44033] INFO  server.AbstractConnector (AbstractConnector.java:doStart(333)) - Started ServerConnector@7fa36d64{HTTP/1.1, (http/1.1)}{0.0.0.0:43129}
2022-12-02 13:56:12,596 [Listener at 127.0.0.1/44033] INFO  server.Server (Server.java:doStart(415)) - Started @8168ms
2022-12-02 13:56:12,596 [Listener at 127.0.0.1/44033] WARN  impl.MetricsSystemImpl (MetricsSystemImpl.java:register(279)) - Sink prometheus already exists!
2022-12-02 13:56:12,598 [Listener at 127.0.0.1/44033] INFO  http.BaseHttpServer (BaseHttpServer.java:updateConnectorAddress(333)) - HTTP server of hddsDatanode listening at http://0.0.0.0:43129
2022-12-02 13:56:12,604 [Listener at 127.0.0.1/44033] WARN  impl.MetricRegistriesImpl (MetricRegistriesImpl.java:addReporterRegistration(111)) - New reporters are added after registries were created. Some metrics will be missing from the reporter. Please add reporter before adding any new registry.
2022-12-02 13:56:12,604 [Listener at 127.0.0.1/44033] WARN  impl.MetricRegistriesImpl (MetricRegistriesImpl.java:addReporterRegistration(111)) - New reporters are added after registries were created. Some metrics will be missing from the reporter. Please add reporter before adding any new registry.
2022-12-02 13:56:12,604 [Listener at 127.0.0.1/44033] INFO  impl.MetricsSystemImpl (MetricsSystemImpl.java:init(158)) - HddsDatanode metrics system started (again)
2022-12-02 13:56:12,612 [Datanode State Machine Daemon Thread] INFO  statemachine.DatanodeStateMachine (DatanodeStateMachine.java:lambda$startDaemon$0(505)) - Ozone container server started.
2022-12-02 13:56:12,617 [Listener at 127.0.0.1/44033] INFO  ozone.HddsDatanodeService (HddsDatanodeService.java:start(236)) - HddsDatanodeService host:fv-az246-718.py5defvocjqundwqxk0lumnltg.cx.internal.cloudapp.net ip:10.1.0.163
2022-12-02 13:56:12,663 [Listener at 127.0.0.1/44033] INFO  upgrade.AbstractLayoutVersionManager (AbstractLayoutVersionManager.java:init(83)) - Initializing Layout version manager with metadata layout = DATANODE_SCHEMA_V3 (version = 4), software layout = DATANODE_SCHEMA_V3 (version = 4)
2022-12-02 13:56:12,693 [org.apache.hadoop.util.JvmPauseMonitor$Monitor@48c8b777] INFO  util.JvmPauseMonitor (JvmPauseMonitor.java:run(188)) - Starting JVM pause monitor
2022-12-02 13:56:12,716 [Datanode State Machine Task Thread - 0] INFO  datanode.InitDatanodeState (InitDatanodeState.java:persistContainerDatanodeDetails(138)) - DatanodeDetails is persisted to /home/runner/work/ozone/ozone/hadoop-ozone/integration-test/target/test-dir/MiniOzoneClusterImpl-54b774fa-8058-4f65-8e1c-0ac417d0d4c9/datanode-1/meta/datanode.id
2022-12-02 13:56:12,741 [Listener at 127.0.0.1/44033] INFO  reflections.Reflections (Reflections.java:scan(232)) - Reflections took 77 ms to scan 7 urls, producing 140 keys and 342 values 
2022-12-02 13:56:12,744 [Listener at 127.0.0.1/44033] INFO  statemachine.DatanodeStateMachine (DatanodeStateMachine.java:getEndPointTaskThreadPoolSize(245)) - Datanode State Machine Task Thread Pool size 2
2022-12-02 13:56:12,753 [Listener at 127.0.0.1/44033] INFO  volume.HddsVolume (HddsVolume.java:<init>(117)) - Creating HddsVolume: /home/runner/work/ozone/ozone/hadoop-ozone/integration-test/target/test-dir/MiniOzoneClusterImpl-54b774fa-8058-4f65-8e1c-0ac417d0d4c9/datanode-2/data-0/containers/hdds of storage type : DISK capacity : 9223372036854775807
2022-12-02 13:56:12,753 [Listener at 127.0.0.1/44033] INFO  volume.MutableVolumeSet (MutableVolumeSet.java:initializeVolumeSet(174)) - Added Volume : /home/runner/work/ozone/ozone/hadoop-ozone/integration-test/target/test-dir/MiniOzoneClusterImpl-54b774fa-8058-4f65-8e1c-0ac417d0d4c9/datanode-2/data-0/containers/hdds to VolumeSet
2022-12-02 13:56:12,753 [Listener at 127.0.0.1/44033] INFO  volume.ThrottledAsyncChecker (ThrottledAsyncChecker.java:schedule(141)) - Scheduling a check for /home/runner/work/ozone/ozone/hadoop-ozone/integration-test/target/test-dir/MiniOzoneClusterImpl-54b774fa-8058-4f65-8e1c-0ac417d0d4c9/datanode-2/data-0/containers/hdds
2022-12-02 13:56:12,759 [Listener at 127.0.0.1/44033] INFO  volume.StorageVolumeChecker (StorageVolumeChecker.java:checkAllVolumes(202)) - Scheduled health check for volume /home/runner/work/ozone/ozone/hadoop-ozone/integration-test/target/test-dir/MiniOzoneClusterImpl-54b774fa-8058-4f65-8e1c-0ac417d0d4c9/datanode-2/data-0/containers/hdds
2022-12-02 13:56:12,770 [Listener at 127.0.0.1/44033] INFO  volume.MutableVolumeSet (MutableVolumeSet.java:initializeVolumeSet(174)) - Added Volume : /home/runner/work/ozone/ozone/hadoop-ozone/integration-test/target/test-dir/MiniOzoneClusterImpl-54b774fa-8058-4f65-8e1c-0ac417d0d4c9/datanode-2/data/ratis to VolumeSet
2022-12-02 13:56:12,770 [Listener at 127.0.0.1/44033] INFO  volume.ThrottledAsyncChecker (ThrottledAsyncChecker.java:schedule(141)) - Scheduling a check for /home/runner/work/ozone/ozone/hadoop-ozone/integration-test/target/test-dir/MiniOzoneClusterImpl-54b774fa-8058-4f65-8e1c-0ac417d0d4c9/datanode-2/data/ratis
2022-12-02 13:56:12,770 [Listener at 127.0.0.1/44033] INFO  volume.StorageVolumeChecker (StorageVolumeChecker.java:checkAllVolumes(202)) - Scheduled health check for volume /home/runner/work/ozone/ozone/hadoop-ozone/integration-test/target/test-dir/MiniOzoneClusterImpl-54b774fa-8058-4f65-8e1c-0ac417d0d4c9/datanode-2/data/ratis
2022-12-02 13:56:12,795 [Thread-163] INFO  ozoneimpl.ContainerReader (ContainerReader.java:readVolume(175)) - Finish verifying containers on volume /home/runner/work/ozone/ozone/hadoop-ozone/integration-test/target/test-dir/MiniOzoneClusterImpl-54b774fa-8058-4f65-8e1c-0ac417d0d4c9/datanode-2/data-0/containers/hdds
2022-12-02 13:56:12,795 [Listener at 127.0.0.1/44033] INFO  ozoneimpl.OzoneContainer (OzoneContainer.java:buildContainerSet(301)) - Build ContainerSet costs 0s
2022-12-02 13:56:12,801 [Listener at 127.0.0.1/44033] INFO  server.RaftServer (ConfUtils.java:logGet(46)) - raft.rpc.type = GRPC (default)
2022-12-02 13:56:12,802 [Listener at 127.0.0.1/44033] INFO  grpc.GrpcConfigKeys (ConfUtils.java:logFallback(53)) - raft.grpc.admin.host = null (fallback to raft.grpc.server.host)
2022-12-02 13:56:12,802 [Listener at 127.0.0.1/44033] INFO  grpc.GrpcConfigKeys (ConfUtils.java:logGet(46)) - raft.grpc.admin.port = 0 (custom)
2022-12-02 13:56:12,802 [Listener at 127.0.0.1/44033] INFO  grpc.GrpcConfigKeys (ConfUtils.java:logFallback(53)) - raft.grpc.client.host = null (fallback to raft.grpc.server.host)
2022-12-02 13:56:12,802 [Listener at 127.0.0.1/44033] INFO  grpc.GrpcConfigKeys (ConfUtils.java:logGet(46)) - raft.grpc.client.port = 0 (custom)
2022-12-02 13:56:12,802 [Listener at 127.0.0.1/44033] INFO  grpc.GrpcConfigKeys (ConfUtils.java:logGet(46)) - raft.grpc.server.host = null (default)
2022-12-02 13:56:12,802 [Listener at 127.0.0.1/44033] INFO  grpc.GrpcConfigKeys (ConfUtils.java:logGet(46)) - raft.grpc.server.port = 0 (default)
2022-12-02 13:56:12,802 [Listener at 127.0.0.1/44033] INFO  server.GrpcService (ConfUtils.java:logGet(46)) - raft.grpc.message.size.max = 32MB (=33554432) (custom)
2022-12-02 13:56:12,804 [Listener at 127.0.0.1/44033] INFO  server.RaftServerConfigKeys (ConfUtils.java:logGet(46)) - raft.server.log.appender.buffer.byte-limit = 33554432 (custom)
2022-12-02 13:56:12,804 [Listener at 127.0.0.1/44033] INFO  server.GrpcService (ConfUtils.java:logGet(46)) - raft.grpc.flow.control.window = 5MB (=5242880) (custom)
2022-12-02 13:56:12,804 [Listener at 127.0.0.1/44033] INFO  server.RaftServerConfigKeys (ConfUtils.java:logGet(46)) - raft.server.rpc.request.timeout = 60s (custom)
2022-12-02 13:56:12,804 [Listener at 127.0.0.1/44033] INFO  grpc.GrpcConfigKeys (ConfUtils.java:logGet(46)) - raft.grpc.server.heartbeat.channel = true (default)
2022-12-02 13:56:12,804 [Listener at 127.0.0.1/44033] INFO  grpc.GrpcConfigKeys (ConfUtils.java:logGet(46)) - raft.grpc.server.async.request.thread.pool.cached = true (default)
2022-12-02 13:56:12,804 [Listener at 127.0.0.1/44033] INFO  grpc.GrpcConfigKeys (ConfUtils.java:logGet(46)) - raft.grpc.server.async.request.thread.pool.size = 32 (default)
2022-12-02 13:56:12,809 [Listener at 127.0.0.1/44033] INFO  impl.DataStreamServerImpl (ConfUtils.java:logGet(46)) - raft.datastream.type = DISABLED (default)
2022-12-02 13:56:12,810 [Listener at 127.0.0.1/44033] INFO  server.RaftServerConfigKeys (ConfUtils.java:logGet(46)) - raft.server.threadpool.proxy.cached = true (default)
2022-12-02 13:56:12,810 [Listener at 127.0.0.1/44033] INFO  server.RaftServerConfigKeys (ConfUtils.java:logGet(46)) - raft.server.threadpool.proxy.size = 0 (default)
2022-12-02 13:56:12,810 [Listener at 127.0.0.1/44033] INFO  server.RaftServerConfigKeys (ConfUtils.java:logGet(46)) - raft.server.rpc.slowness.timeout = 300s (custom)
2022-12-02 13:56:12,810 [Listener at 127.0.0.1/44033] INFO  server.RaftServerConfigKeys (ConfUtils.java:logGet(46)) - raft.server.leaderelection.leader.step-down.wait-time = 10s (default)
2022-12-02 13:56:12,810 [Listener at 127.0.0.1/44033] INFO  server.RaftServerConfigKeys (ConfUtils.java:logGet(46)) - raft.server.storage.dir = [/home/runner/work/ozone/ozone/hadoop-ozone/integration-test/target/test-dir/MiniOzoneClusterImpl-54b774fa-8058-4f65-8e1c-0ac417d0d4c9/datanode-2/data/ratis] (custom)
2022-12-02 13:56:12,812 [Listener at 127.0.0.1/44033] INFO  server.XceiverServerGrpc (XceiverServerGrpc.java:<init>(132)) - GrpcServer channel type EpollServerSocketChannel
2022-12-02 13:56:12,815 [om1@group-C5BA1605619E-StateMachineUpdater] INFO  ratis.OzoneManagerStateMachine (OzoneManagerStateMachine.java:notifyConfigurationChanged(192)) - Received Configuration change notification from Ratis. New Peer list:
[id: "om1"
address: "localhost:9872"
startupRole: FOLLOWER
]
2022-12-02 13:56:12,823 [Listener at 127.0.0.1/44033] INFO  http.BaseHttpServer (BaseHttpServer.java:newHttpServer2BuilderForOzone(213)) - Starting Web-server for hddsDatanode at: http://0.0.0.0:0
2022-12-02 13:56:12,823 [Listener at 127.0.0.1/44033] INFO  http.BaseHttpServer (BaseHttpServer.java:<init>(108)) - Hadoop Security Enabled: false Ozone Security Enabled: false Ozone HTTP Security Enabled: false 
2022-12-02 13:56:12,824 [Listener at 127.0.0.1/44033] WARN  server.AuthenticationFilter (AuthenticationFilter.java:constructSecretProvider(240)) - Unable to initialize FileSignerSecretProvider, falling back to use random secrets. Reason: Could not read signature secret file: /home/runner/hadoop-http-auth-signature-secret
2022-12-02 13:56:12,826 [Listener at 127.0.0.1/44033] WARN  http.HttpRequestLog (HttpRequestLog.java:getRequestLog(103)) - Jetty request log can only be enabled using Log4j
2022-12-02 13:56:12,830 [Listener at 127.0.0.1/44033] INFO  http.HttpServer2 (HttpServer2.java:addGlobalFilter(1031)) - Added global filter 'safety' (class=org.apache.hadoop.hdds.server.http.HttpServer2$QuotingInputFilter)
2022-12-02 13:56:12,831 [Listener at 127.0.0.1/44033] INFO  http.HttpServer2 (HttpServer2.java:addFilter(1007)) - Added filter static_user_filter (class=org.apache.hadoop.http.lib.StaticUserWebFilter$StaticUserFilter) to context hddsDatanode
2022-12-02 13:56:12,831 [Listener at 127.0.0.1/44033] INFO  http.HttpServer2 (HttpServer2.java:addFilter(1015)) - Added filter static_user_filter (class=org.apache.hadoop.http.lib.StaticUserWebFilter$StaticUserFilter) to context logs
2022-12-02 13:56:12,831 [Listener at 127.0.0.1/44033] INFO  http.HttpServer2 (HttpServer2.java:addFilter(1015)) - Added filter static_user_filter (class=org.apache.hadoop.http.lib.StaticUserWebFilter$StaticUserFilter) to context static
2022-12-02 13:56:12,832 [Listener at 127.0.0.1/44033] INFO  http.HttpServer2 (HttpServer2.java:bindListener(1250)) - Jetty bound to port 37525
2022-12-02 13:56:12,832 [Listener at 127.0.0.1/44033] INFO  server.Server (Server.java:doStart(375)) - jetty-9.4.49.v20220914; built: 2022-09-14T01:07:36.601Z; git: 4231a3b2e4cb8548a412a789936d640a97b1aa0a; jvm 1.8.0_352-b08
2022-12-02 13:56:12,838 [Listener at 127.0.0.1/44033] INFO  server.session (DefaultSessionIdManager.java:doStart(334)) - DefaultSessionIdManager workerName=node0
2022-12-02 13:56:12,838 [Listener at 127.0.0.1/44033] INFO  server.session (DefaultSessionIdManager.java:doStart(339)) - No SessionScavenger set, using defaults
2022-12-02 13:56:12,838 [Listener at 127.0.0.1/44033] INFO  server.session (HouseKeeper.java:startScavenging(132)) - node0 Scavenging every 660000ms
2022-12-02 13:56:12,839 [Listener at 127.0.0.1/44033] INFO  handler.ContextHandler (ContextHandler.java:doStart(921)) - Started o.e.j.s.ServletContextHandler@63aabbda{logs,/logs,file:///home/runner/work/ozone/ozone/hadoop-ozone/integration-test/target/log,AVAILABLE}
2022-12-02 13:56:12,840 [Listener at 127.0.0.1/44033] INFO  handler.ContextHandler (ContextHandler.java:doStart(921)) - Started o.e.j.s.ServletContextHandler@3885d938{static,/static,jar:file:/home/runner/.m2/repository/org/apache/ozone/hdds-container-service/1.3.0-SNAPSHOT/hdds-container-service-1.3.0-SNAPSHOT.jar!/webapps/static,AVAILABLE}
2022-12-02 13:56:12,992 [Listener at 127.0.0.1/44033] INFO  handler.ContextHandler (ContextHandler.java:doStart(921)) - Started o.e.j.w.WebAppContext@5aa01259{hddsDatanode,/,file:///tmp/jetty-0_0_0_0-37525-hdds-container-service-1_3_0-SNAPSHOT_jar-_-any-9174269635011299768/webapp/,AVAILABLE}{jar:file:/home/runner/.m2/repository/org/apache/ozone/hdds-container-service/1.3.0-SNAPSHOT/hdds-container-service-1.3.0-SNAPSHOT.jar!/webapps/hddsDatanode}
2022-12-02 13:56:12,994 [Listener at 127.0.0.1/44033] INFO  server.AbstractConnector (AbstractConnector.java:doStart(333)) - Started ServerConnector@6d0d8da1{HTTP/1.1, (http/1.1)}{0.0.0.0:37525}
2022-12-02 13:56:12,994 [Listener at 127.0.0.1/44033] INFO  server.Server (Server.java:doStart(415)) - Started @8566ms
2022-12-02 13:56:12,994 [Listener at 127.0.0.1/44033] WARN  impl.MetricsSystemImpl (MetricsSystemImpl.java:register(279)) - Sink prometheus already exists!
2022-12-02 13:56:12,994 [Listener at 127.0.0.1/44033] INFO  http.BaseHttpServer (BaseHttpServer.java:updateConnectorAddress(333)) - HTTP server of hddsDatanode listening at http://0.0.0.0:37525
2022-12-02 13:56:12,995 [Datanode State Machine Daemon Thread] INFO  statemachine.DatanodeStateMachine (DatanodeStateMachine.java:lambda$startDaemon$0(505)) - Ozone container server started.
2022-12-02 13:56:12,996 [Listener at 127.0.0.1/44033] WARN  impl.MetricRegistriesImpl (MetricRegistriesImpl.java:addReporterRegistration(111)) - New reporters are added after registries were created. Some metrics will be missing from the reporter. Please add reporter before adding any new registry.
2022-12-02 13:56:12,996 [Listener at 127.0.0.1/44033] WARN  impl.MetricRegistriesImpl (MetricRegistriesImpl.java:addReporterRegistration(111)) - New reporters are added after registries were created. Some metrics will be missing from the reporter. Please add reporter before adding any new registry.
2022-12-02 13:56:12,996 [Listener at 127.0.0.1/44033] INFO  impl.MetricsSystemImpl (MetricsSystemImpl.java:init(158)) - HddsDatanode metrics system started (again)
2022-12-02 13:56:13,005 [org.apache.hadoop.util.JvmPauseMonitor$Monitor@6a68d852] INFO  util.JvmPauseMonitor (JvmPauseMonitor.java:run(188)) - Starting JVM pause monitor
2022-12-02 13:56:13,007 [Listener at 127.0.0.1/44033] INFO  ozone.HddsDatanodeService (HddsDatanodeService.java:start(236)) - HddsDatanodeService host:fv-az246-718.py5defvocjqundwqxk0lumnltg.cx.internal.cloudapp.net ip:10.1.0.163
2022-12-02 13:56:13,009 [Datanode State Machine Task Thread - 0] INFO  datanode.InitDatanodeState (InitDatanodeState.java:persistContainerDatanodeDetails(138)) - DatanodeDetails is persisted to /home/runner/work/ozone/ozone/hadoop-ozone/integration-test/target/test-dir/MiniOzoneClusterImpl-54b774fa-8058-4f65-8e1c-0ac417d0d4c9/datanode-2/meta/datanode.id
2022-12-02 13:56:13,042 [Listener at 127.0.0.1/44033] INFO  upgrade.AbstractLayoutVersionManager (AbstractLayoutVersionManager.java:init(83)) - Initializing Layout version manager with metadata layout = DATANODE_SCHEMA_V3 (version = 4), software layout = DATANODE_SCHEMA_V3 (version = 4)
2022-12-02 13:56:13,088 [Listener at 127.0.0.1/44033] INFO  reflections.Reflections (Reflections.java:scan(232)) - Reflections took 43 ms to scan 7 urls, producing 140 keys and 342 values 
2022-12-02 13:56:13,091 [Listener at 127.0.0.1/44033] INFO  statemachine.DatanodeStateMachine (DatanodeStateMachine.java:getEndPointTaskThreadPoolSize(245)) - Datanode State Machine Task Thread Pool size 2
2022-12-02 13:56:13,094 [Listener at 127.0.0.1/44033] INFO  volume.HddsVolume (HddsVolume.java:<init>(117)) - Creating HddsVolume: /home/runner/work/ozone/ozone/hadoop-ozone/integration-test/target/test-dir/MiniOzoneClusterImpl-54b774fa-8058-4f65-8e1c-0ac417d0d4c9/datanode-3/data-0/containers/hdds of storage type : DISK capacity : 9223372036854775807
2022-12-02 13:56:13,094 [Listener at 127.0.0.1/44033] INFO  volume.MutableVolumeSet (MutableVolumeSet.java:initializeVolumeSet(174)) - Added Volume : /home/runner/work/ozone/ozone/hadoop-ozone/integration-test/target/test-dir/MiniOzoneClusterImpl-54b774fa-8058-4f65-8e1c-0ac417d0d4c9/datanode-3/data-0/containers/hdds to VolumeSet
2022-12-02 13:56:13,094 [Listener at 127.0.0.1/44033] INFO  volume.ThrottledAsyncChecker (ThrottledAsyncChecker.java:schedule(141)) - Scheduling a check for /home/runner/work/ozone/ozone/hadoop-ozone/integration-test/target/test-dir/MiniOzoneClusterImpl-54b774fa-8058-4f65-8e1c-0ac417d0d4c9/datanode-3/data-0/containers/hdds
2022-12-02 13:56:13,096 [Listener at 127.0.0.1/44033] INFO  volume.StorageVolumeChecker (StorageVolumeChecker.java:checkAllVolumes(202)) - Scheduled health check for volume /home/runner/work/ozone/ozone/hadoop-ozone/integration-test/target/test-dir/MiniOzoneClusterImpl-54b774fa-8058-4f65-8e1c-0ac417d0d4c9/datanode-3/data-0/containers/hdds
2022-12-02 13:56:13,112 [Listener at 127.0.0.1/44033] INFO  volume.MutableVolumeSet (MutableVolumeSet.java:initializeVolumeSet(174)) - Added Volume : /home/runner/work/ozone/ozone/hadoop-ozone/integration-test/target/test-dir/MiniOzoneClusterImpl-54b774fa-8058-4f65-8e1c-0ac417d0d4c9/datanode-3/data/ratis to VolumeSet
2022-12-02 13:56:13,113 [Listener at 127.0.0.1/44033] INFO  volume.ThrottledAsyncChecker (ThrottledAsyncChecker.java:schedule(141)) - Scheduling a check for /home/runner/work/ozone/ozone/hadoop-ozone/integration-test/target/test-dir/MiniOzoneClusterImpl-54b774fa-8058-4f65-8e1c-0ac417d0d4c9/datanode-3/data/ratis
2022-12-02 13:56:13,113 [Listener at 127.0.0.1/44033] INFO  volume.StorageVolumeChecker (StorageVolumeChecker.java:checkAllVolumes(202)) - Scheduled health check for volume /home/runner/work/ozone/ozone/hadoop-ozone/integration-test/target/test-dir/MiniOzoneClusterImpl-54b774fa-8058-4f65-8e1c-0ac417d0d4c9/datanode-3/data/ratis
2022-12-02 13:56:13,124 [Thread-176] INFO  ozoneimpl.ContainerReader (ContainerReader.java:readVolume(175)) - Finish verifying containers on volume /home/runner/work/ozone/ozone/hadoop-ozone/integration-test/target/test-dir/MiniOzoneClusterImpl-54b774fa-8058-4f65-8e1c-0ac417d0d4c9/datanode-3/data-0/containers/hdds
2022-12-02 13:56:13,124 [Listener at 127.0.0.1/44033] INFO  ozoneimpl.OzoneContainer (OzoneContainer.java:buildContainerSet(301)) - Build ContainerSet costs 0s
2022-12-02 13:56:13,128 [Listener at 127.0.0.1/44033] INFO  server.RaftServer (ConfUtils.java:logGet(46)) - raft.rpc.type = GRPC (default)
2022-12-02 13:56:13,128 [Listener at 127.0.0.1/44033] INFO  grpc.GrpcConfigKeys (ConfUtils.java:logFallback(53)) - raft.grpc.admin.host = null (fallback to raft.grpc.server.host)
2022-12-02 13:56:13,129 [Listener at 127.0.0.1/44033] INFO  grpc.GrpcConfigKeys (ConfUtils.java:logGet(46)) - raft.grpc.admin.port = 0 (custom)
2022-12-02 13:56:13,129 [Listener at 127.0.0.1/44033] INFO  grpc.GrpcConfigKeys (ConfUtils.java:logFallback(53)) - raft.grpc.client.host = null (fallback to raft.grpc.server.host)
2022-12-02 13:56:13,129 [Listener at 127.0.0.1/44033] INFO  grpc.GrpcConfigKeys (ConfUtils.java:logGet(46)) - raft.grpc.client.port = 0 (custom)
2022-12-02 13:56:13,129 [Listener at 127.0.0.1/44033] INFO  grpc.GrpcConfigKeys (ConfUtils.java:logGet(46)) - raft.grpc.server.host = null (default)
2022-12-02 13:56:13,129 [Listener at 127.0.0.1/44033] INFO  grpc.GrpcConfigKeys (ConfUtils.java:logGet(46)) - raft.grpc.server.port = 0 (default)
2022-12-02 13:56:13,129 [Listener at 127.0.0.1/44033] INFO  server.GrpcService (ConfUtils.java:logGet(46)) - raft.grpc.message.size.max = 32MB (=33554432) (custom)
2022-12-02 13:56:13,129 [Listener at 127.0.0.1/44033] INFO  server.RaftServerConfigKeys (ConfUtils.java:logGet(46)) - raft.server.log.appender.buffer.byte-limit = 33554432 (custom)
2022-12-02 13:56:13,129 [Listener at 127.0.0.1/44033] INFO  server.GrpcService (ConfUtils.java:logGet(46)) - raft.grpc.flow.control.window = 5MB (=5242880) (custom)
2022-12-02 13:56:13,129 [Listener at 127.0.0.1/44033] INFO  server.RaftServerConfigKeys (ConfUtils.java:logGet(46)) - raft.server.rpc.request.timeout = 60s (custom)
2022-12-02 13:56:13,129 [Listener at 127.0.0.1/44033] INFO  grpc.GrpcConfigKeys (ConfUtils.java:logGet(46)) - raft.grpc.server.heartbeat.channel = true (default)
2022-12-02 13:56:13,130 [Listener at 127.0.0.1/44033] INFO  grpc.GrpcConfigKeys (ConfUtils.java:logGet(46)) - raft.grpc.server.async.request.thread.pool.cached = true (default)
2022-12-02 13:56:13,130 [Listener at 127.0.0.1/44033] INFO  grpc.GrpcConfigKeys (ConfUtils.java:logGet(46)) - raft.grpc.server.async.request.thread.pool.size = 32 (default)
2022-12-02 13:56:13,131 [Listener at 127.0.0.1/44033] INFO  impl.DataStreamServerImpl (ConfUtils.java:logGet(46)) - raft.datastream.type = DISABLED (default)
2022-12-02 13:56:13,131 [Listener at 127.0.0.1/44033] INFO  server.RaftServerConfigKeys (ConfUtils.java:logGet(46)) - raft.server.threadpool.proxy.cached = true (default)
2022-12-02 13:56:13,131 [Listener at 127.0.0.1/44033] INFO  server.RaftServerConfigKeys (ConfUtils.java:logGet(46)) - raft.server.threadpool.proxy.size = 0 (default)
2022-12-02 13:56:13,131 [Listener at 127.0.0.1/44033] INFO  server.RaftServerConfigKeys (ConfUtils.java:logGet(46)) - raft.server.rpc.slowness.timeout = 300s (custom)
2022-12-02 13:56:13,131 [Listener at 127.0.0.1/44033] INFO  server.RaftServerConfigKeys (ConfUtils.java:logGet(46)) - raft.server.leaderelection.leader.step-down.wait-time = 10s (default)
2022-12-02 13:56:13,132 [Listener at 127.0.0.1/44033] INFO  server.RaftServerConfigKeys (ConfUtils.java:logGet(46)) - raft.server.storage.dir = [/home/runner/work/ozone/ozone/hadoop-ozone/integration-test/target/test-dir/MiniOzoneClusterImpl-54b774fa-8058-4f65-8e1c-0ac417d0d4c9/datanode-3/data/ratis] (custom)
2022-12-02 13:56:13,134 [Listener at 127.0.0.1/44033] INFO  server.XceiverServerGrpc (XceiverServerGrpc.java:<init>(132)) - GrpcServer channel type EpollServerSocketChannel
2022-12-02 13:56:13,139 [Listener at 127.0.0.1/44033] INFO  http.BaseHttpServer (BaseHttpServer.java:newHttpServer2BuilderForOzone(213)) - Starting Web-server for hddsDatanode at: http://0.0.0.0:0
2022-12-02 13:56:13,139 [Listener at 127.0.0.1/44033] INFO  http.BaseHttpServer (BaseHttpServer.java:<init>(108)) - Hadoop Security Enabled: false Ozone Security Enabled: false Ozone HTTP Security Enabled: false 
2022-12-02 13:56:13,141 [Listener at 127.0.0.1/44033] WARN  server.AuthenticationFilter (AuthenticationFilter.java:constructSecretProvider(240)) - Unable to initialize FileSignerSecretProvider, falling back to use random secrets. Reason: Could not read signature secret file: /home/runner/hadoop-http-auth-signature-secret
2022-12-02 13:56:13,142 [Listener at 127.0.0.1/44033] WARN  http.HttpRequestLog (HttpRequestLog.java:getRequestLog(103)) - Jetty request log can only be enabled using Log4j
2022-12-02 13:56:13,143 [Listener at 127.0.0.1/44033] INFO  http.HttpServer2 (HttpServer2.java:addGlobalFilter(1031)) - Added global filter 'safety' (class=org.apache.hadoop.hdds.server.http.HttpServer2$QuotingInputFilter)
2022-12-02 13:56:13,144 [Listener at 127.0.0.1/44033] INFO  http.HttpServer2 (HttpServer2.java:addFilter(1007)) - Added filter static_user_filter (class=org.apache.hadoop.http.lib.StaticUserWebFilter$StaticUserFilter) to context hddsDatanode
2022-12-02 13:56:13,144 [Listener at 127.0.0.1/44033] INFO  http.HttpServer2 (HttpServer2.java:addFilter(1015)) - Added filter static_user_filter (class=org.apache.hadoop.http.lib.StaticUserWebFilter$StaticUserFilter) to context static
2022-12-02 13:56:13,144 [Listener at 127.0.0.1/44033] INFO  http.HttpServer2 (HttpServer2.java:addFilter(1015)) - Added filter static_user_filter (class=org.apache.hadoop.http.lib.StaticUserWebFilter$StaticUserFilter) to context logs
2022-12-02 13:56:13,144 [Listener at 127.0.0.1/44033] INFO  http.HttpServer2 (HttpServer2.java:bindListener(1250)) - Jetty bound to port 46245
2022-12-02 13:56:13,144 [Listener at 127.0.0.1/44033] INFO  server.Server (Server.java:doStart(375)) - jetty-9.4.49.v20220914; built: 2022-09-14T01:07:36.601Z; git: 4231a3b2e4cb8548a412a789936d640a97b1aa0a; jvm 1.8.0_352-b08
2022-12-02 13:56:13,149 [Listener at 127.0.0.1/44033] INFO  server.session (DefaultSessionIdManager.java:doStart(334)) - DefaultSessionIdManager workerName=node0
2022-12-02 13:56:13,149 [Listener at 127.0.0.1/44033] INFO  server.session (DefaultSessionIdManager.java:doStart(339)) - No SessionScavenger set, using defaults
2022-12-02 13:56:13,149 [Listener at 127.0.0.1/44033] INFO  server.session (HouseKeeper.java:startScavenging(132)) - node0 Scavenging every 600000ms
2022-12-02 13:56:13,150 [Listener at 127.0.0.1/44033] INFO  handler.ContextHandler (ContextHandler.java:doStart(921)) - Started o.e.j.s.ServletContextHandler@178a0b1{logs,/logs,file:///home/runner/work/ozone/ozone/hadoop-ozone/integration-test/target/log,AVAILABLE}
2022-12-02 13:56:13,150 [Listener at 127.0.0.1/44033] INFO  handler.ContextHandler (ContextHandler.java:doStart(921)) - Started o.e.j.s.ServletContextHandler@499a93a9{static,/static,jar:file:/home/runner/.m2/repository/org/apache/ozone/hdds-container-service/1.3.0-SNAPSHOT/hdds-container-service-1.3.0-SNAPSHOT.jar!/webapps/static,AVAILABLE}
2022-12-02 13:56:13,303 [Listener at 127.0.0.1/44033] INFO  handler.ContextHandler (ContextHandler.java:doStart(921)) - Started o.e.j.w.WebAppContext@58d4ee83{hddsDatanode,/,file:///tmp/jetty-0_0_0_0-46245-hdds-container-service-1_3_0-SNAPSHOT_jar-_-any-1665343673423206617/webapp/,AVAILABLE}{jar:file:/home/runner/.m2/repository/org/apache/ozone/hdds-container-service/1.3.0-SNAPSHOT/hdds-container-service-1.3.0-SNAPSHOT.jar!/webapps/hddsDatanode}
2022-12-02 13:56:13,305 [Listener at 127.0.0.1/44033] INFO  server.AbstractConnector (AbstractConnector.java:doStart(333)) - Started ServerConnector@6cfbdf32{HTTP/1.1, (http/1.1)}{0.0.0.0:46245}
2022-12-02 13:56:13,305 [Listener at 127.0.0.1/44033] INFO  server.Server (Server.java:doStart(415)) - Started @8877ms
2022-12-02 13:56:13,305 [Listener at 127.0.0.1/44033] WARN  impl.MetricsSystemImpl (MetricsSystemImpl.java:register(279)) - Sink prometheus already exists!
2022-12-02 13:56:13,306 [Listener at 127.0.0.1/44033] INFO  http.BaseHttpServer (BaseHttpServer.java:updateConnectorAddress(333)) - HTTP server of hddsDatanode listening at http://0.0.0.0:46245
2022-12-02 13:56:13,306 [Datanode State Machine Daemon Thread] INFO  statemachine.DatanodeStateMachine (DatanodeStateMachine.java:lambda$startDaemon$0(505)) - Ozone container server started.
2022-12-02 13:56:13,312 [Listener at 127.0.0.1/44033] WARN  impl.MetricRegistriesImpl (MetricRegistriesImpl.java:addReporterRegistration(111)) - New reporters are added after registries were created. Some metrics will be missing from the reporter. Please add reporter before adding any new registry.
2022-12-02 13:56:13,312 [org.apache.hadoop.util.JvmPauseMonitor$Monitor@1b083eac] INFO  util.JvmPauseMonitor (JvmPauseMonitor.java:run(188)) - Starting JVM pause monitor
2022-12-02 13:56:13,312 [Listener at 127.0.0.1/44033] WARN  impl.MetricRegistriesImpl (MetricRegistriesImpl.java:addReporterRegistration(111)) - New reporters are added after registries were created. Some metrics will be missing from the reporter. Please add reporter before adding any new registry.
2022-12-02 13:56:13,312 [Listener at 127.0.0.1/44033] INFO  impl.MetricsSystemImpl (MetricsSystemImpl.java:init(158)) - HddsDatanode metrics system started (again)
2022-12-02 13:56:13,314 [Datanode State Machine Task Thread - 0] INFO  datanode.InitDatanodeState (InitDatanodeState.java:persistContainerDatanodeDetails(138)) - DatanodeDetails is persisted to /home/runner/work/ozone/ozone/hadoop-ozone/integration-test/target/test-dir/MiniOzoneClusterImpl-54b774fa-8058-4f65-8e1c-0ac417d0d4c9/datanode-3/meta/datanode.id
2022-12-02 13:56:13,323 [Listener at 127.0.0.1/44033] INFO  ozone.HddsDatanodeService (HddsDatanodeService.java:start(236)) - HddsDatanodeService host:fv-az246-718.py5defvocjqundwqxk0lumnltg.cx.internal.cloudapp.net ip:10.1.0.163
2022-12-02 13:56:13,341 [Listener at 127.0.0.1/44033] INFO  upgrade.AbstractLayoutVersionManager (AbstractLayoutVersionManager.java:init(83)) - Initializing Layout version manager with metadata layout = DATANODE_SCHEMA_V3 (version = 4), software layout = DATANODE_SCHEMA_V3 (version = 4)
2022-12-02 13:56:13,385 [Listener at 127.0.0.1/44033] INFO  reflections.Reflections (Reflections.java:scan(232)) - Reflections took 42 ms to scan 7 urls, producing 140 keys and 342 values 
2022-12-02 13:56:13,388 [Listener at 127.0.0.1/44033] INFO  statemachine.DatanodeStateMachine (DatanodeStateMachine.java:getEndPointTaskThreadPoolSize(245)) - Datanode State Machine Task Thread Pool size 2
2022-12-02 13:56:13,393 [Listener at 127.0.0.1/44033] INFO  volume.HddsVolume (HddsVolume.java:<init>(117)) - Creating HddsVolume: /home/runner/work/ozone/ozone/hadoop-ozone/integration-test/target/test-dir/MiniOzoneClusterImpl-54b774fa-8058-4f65-8e1c-0ac417d0d4c9/datanode-4/data-0/containers/hdds of storage type : DISK capacity : 9223372036854775807
2022-12-02 13:56:13,394 [Listener at 127.0.0.1/44033] INFO  volume.MutableVolumeSet (MutableVolumeSet.java:initializeVolumeSet(174)) - Added Volume : /home/runner/work/ozone/ozone/hadoop-ozone/integration-test/target/test-dir/MiniOzoneClusterImpl-54b774fa-8058-4f65-8e1c-0ac417d0d4c9/datanode-4/data-0/containers/hdds to VolumeSet
2022-12-02 13:56:13,394 [Listener at 127.0.0.1/44033] INFO  volume.ThrottledAsyncChecker (ThrottledAsyncChecker.java:schedule(141)) - Scheduling a check for /home/runner/work/ozone/ozone/hadoop-ozone/integration-test/target/test-dir/MiniOzoneClusterImpl-54b774fa-8058-4f65-8e1c-0ac417d0d4c9/datanode-4/data-0/containers/hdds
2022-12-02 13:56:13,396 [Listener at 127.0.0.1/44033] INFO  volume.StorageVolumeChecker (StorageVolumeChecker.java:checkAllVolumes(202)) - Scheduled health check for volume /home/runner/work/ozone/ozone/hadoop-ozone/integration-test/target/test-dir/MiniOzoneClusterImpl-54b774fa-8058-4f65-8e1c-0ac417d0d4c9/datanode-4/data-0/containers/hdds
2022-12-02 13:56:13,407 [Listener at 127.0.0.1/44033] INFO  volume.MutableVolumeSet (MutableVolumeSet.java:initializeVolumeSet(174)) - Added Volume : /home/runner/work/ozone/ozone/hadoop-ozone/integration-test/target/test-dir/MiniOzoneClusterImpl-54b774fa-8058-4f65-8e1c-0ac417d0d4c9/datanode-4/data/ratis to VolumeSet
2022-12-02 13:56:13,407 [Listener at 127.0.0.1/44033] INFO  volume.ThrottledAsyncChecker (ThrottledAsyncChecker.java:schedule(141)) - Scheduling a check for /home/runner/work/ozone/ozone/hadoop-ozone/integration-test/target/test-dir/MiniOzoneClusterImpl-54b774fa-8058-4f65-8e1c-0ac417d0d4c9/datanode-4/data/ratis
2022-12-02 13:56:13,408 [Listener at 127.0.0.1/44033] INFO  volume.StorageVolumeChecker (StorageVolumeChecker.java:checkAllVolumes(202)) - Scheduled health check for volume /home/runner/work/ozone/ozone/hadoop-ozone/integration-test/target/test-dir/MiniOzoneClusterImpl-54b774fa-8058-4f65-8e1c-0ac417d0d4c9/datanode-4/data/ratis
2022-12-02 13:56:13,418 [Thread-189] INFO  ozoneimpl.ContainerReader (ContainerReader.java:readVolume(175)) - Finish verifying containers on volume /home/runner/work/ozone/ozone/hadoop-ozone/integration-test/target/test-dir/MiniOzoneClusterImpl-54b774fa-8058-4f65-8e1c-0ac417d0d4c9/datanode-4/data-0/containers/hdds
2022-12-02 13:56:13,418 [Listener at 127.0.0.1/44033] INFO  ozoneimpl.OzoneContainer (OzoneContainer.java:buildContainerSet(301)) - Build ContainerSet costs 0s
2022-12-02 13:56:13,421 [Listener at 127.0.0.1/44033] INFO  server.RaftServer (ConfUtils.java:logGet(46)) - raft.rpc.type = GRPC (default)
2022-12-02 13:56:13,421 [Listener at 127.0.0.1/44033] INFO  grpc.GrpcConfigKeys (ConfUtils.java:logFallback(53)) - raft.grpc.admin.host = null (fallback to raft.grpc.server.host)
2022-12-02 13:56:13,421 [Listener at 127.0.0.1/44033] INFO  grpc.GrpcConfigKeys (ConfUtils.java:logGet(46)) - raft.grpc.admin.port = 0 (custom)
2022-12-02 13:56:13,421 [Listener at 127.0.0.1/44033] INFO  grpc.GrpcConfigKeys (ConfUtils.java:logFallback(53)) - raft.grpc.client.host = null (fallback to raft.grpc.server.host)
2022-12-02 13:56:13,421 [Listener at 127.0.0.1/44033] INFO  grpc.GrpcConfigKeys (ConfUtils.java:logGet(46)) - raft.grpc.client.port = 0 (custom)
2022-12-02 13:56:13,421 [Listener at 127.0.0.1/44033] INFO  grpc.GrpcConfigKeys (ConfUtils.java:logGet(46)) - raft.grpc.server.host = null (default)
2022-12-02 13:56:13,421 [Listener at 127.0.0.1/44033] INFO  grpc.GrpcConfigKeys (ConfUtils.java:logGet(46)) - raft.grpc.server.port = 0 (default)
2022-12-02 13:56:13,421 [Listener at 127.0.0.1/44033] INFO  server.GrpcService (ConfUtils.java:logGet(46)) - raft.grpc.message.size.max = 32MB (=33554432) (custom)
2022-12-02 13:56:13,421 [Listener at 127.0.0.1/44033] INFO  server.RaftServerConfigKeys (ConfUtils.java:logGet(46)) - raft.server.log.appender.buffer.byte-limit = 33554432 (custom)
2022-12-02 13:56:13,422 [Listener at 127.0.0.1/44033] INFO  server.GrpcService (ConfUtils.java:logGet(46)) - raft.grpc.flow.control.window = 5MB (=5242880) (custom)
2022-12-02 13:56:13,422 [Listener at 127.0.0.1/44033] INFO  server.RaftServerConfigKeys (ConfUtils.java:logGet(46)) - raft.server.rpc.request.timeout = 60s (custom)
2022-12-02 13:56:13,422 [Listener at 127.0.0.1/44033] INFO  grpc.GrpcConfigKeys (ConfUtils.java:logGet(46)) - raft.grpc.server.heartbeat.channel = true (default)
2022-12-02 13:56:13,422 [Listener at 127.0.0.1/44033] INFO  grpc.GrpcConfigKeys (ConfUtils.java:logGet(46)) - raft.grpc.server.async.request.thread.pool.cached = true (default)
2022-12-02 13:56:13,422 [Listener at 127.0.0.1/44033] INFO  grpc.GrpcConfigKeys (ConfUtils.java:logGet(46)) - raft.grpc.server.async.request.thread.pool.size = 32 (default)
2022-12-02 13:56:13,423 [Listener at 127.0.0.1/44033] INFO  impl.DataStreamServerImpl (ConfUtils.java:logGet(46)) - raft.datastream.type = DISABLED (default)
2022-12-02 13:56:13,423 [Listener at 127.0.0.1/44033] INFO  server.RaftServerConfigKeys (ConfUtils.java:logGet(46)) - raft.server.threadpool.proxy.cached = true (default)
2022-12-02 13:56:13,423 [Listener at 127.0.0.1/44033] INFO  server.RaftServerConfigKeys (ConfUtils.java:logGet(46)) - raft.server.threadpool.proxy.size = 0 (default)
2022-12-02 13:56:13,424 [Listener at 127.0.0.1/44033] INFO  server.RaftServerConfigKeys (ConfUtils.java:logGet(46)) - raft.server.rpc.slowness.timeout = 300s (custom)
2022-12-02 13:56:13,424 [Listener at 127.0.0.1/44033] INFO  server.RaftServerConfigKeys (ConfUtils.java:logGet(46)) - raft.server.leaderelection.leader.step-down.wait-time = 10s (default)
2022-12-02 13:56:13,424 [Listener at 127.0.0.1/44033] INFO  server.RaftServerConfigKeys (ConfUtils.java:logGet(46)) - raft.server.storage.dir = [/home/runner/work/ozone/ozone/hadoop-ozone/integration-test/target/test-dir/MiniOzoneClusterImpl-54b774fa-8058-4f65-8e1c-0ac417d0d4c9/datanode-4/data/ratis] (custom)
2022-12-02 13:56:13,425 [Listener at 127.0.0.1/44033] INFO  server.XceiverServerGrpc (XceiverServerGrpc.java:<init>(132)) - GrpcServer channel type EpollServerSocketChannel
2022-12-02 13:56:13,431 [Listener at 127.0.0.1/44033] INFO  http.BaseHttpServer (BaseHttpServer.java:newHttpServer2BuilderForOzone(213)) - Starting Web-server for hddsDatanode at: http://0.0.0.0:0
2022-12-02 13:56:13,432 [Listener at 127.0.0.1/44033] INFO  http.BaseHttpServer (BaseHttpServer.java:<init>(108)) - Hadoop Security Enabled: false Ozone Security Enabled: false Ozone HTTP Security Enabled: false 
2022-12-02 13:56:13,433 [Listener at 127.0.0.1/44033] WARN  server.AuthenticationFilter (AuthenticationFilter.java:constructSecretProvider(240)) - Unable to initialize FileSignerSecretProvider, falling back to use random secrets. Reason: Could not read signature secret file: /home/runner/hadoop-http-auth-signature-secret
2022-12-02 13:56:13,433 [Listener at 127.0.0.1/44033] WARN  http.HttpRequestLog (HttpRequestLog.java:getRequestLog(103)) - Jetty request log can only be enabled using Log4j
2022-12-02 13:56:13,435 [Listener at 127.0.0.1/44033] INFO  http.HttpServer2 (HttpServer2.java:addGlobalFilter(1031)) - Added global filter 'safety' (class=org.apache.hadoop.hdds.server.http.HttpServer2$QuotingInputFilter)
2022-12-02 13:56:13,436 [Listener at 127.0.0.1/44033] INFO  http.HttpServer2 (HttpServer2.java:addFilter(1007)) - Added filter static_user_filter (class=org.apache.hadoop.http.lib.StaticUserWebFilter$StaticUserFilter) to context hddsDatanode
2022-12-02 13:56:13,436 [Listener at 127.0.0.1/44033] INFO  http.HttpServer2 (HttpServer2.java:addFilter(1015)) - Added filter static_user_filter (class=org.apache.hadoop.http.lib.StaticUserWebFilter$StaticUserFilter) to context logs
2022-12-02 13:56:13,436 [Listener at 127.0.0.1/44033] INFO  http.HttpServer2 (HttpServer2.java:addFilter(1015)) - Added filter static_user_filter (class=org.apache.hadoop.http.lib.StaticUserWebFilter$StaticUserFilter) to context static
2022-12-02 13:56:13,437 [Listener at 127.0.0.1/44033] INFO  http.HttpServer2 (HttpServer2.java:bindListener(1250)) - Jetty bound to port 34115
2022-12-02 13:56:13,437 [Listener at 127.0.0.1/44033] INFO  server.Server (Server.java:doStart(375)) - jetty-9.4.49.v20220914; built: 2022-09-14T01:07:36.601Z; git: 4231a3b2e4cb8548a412a789936d640a97b1aa0a; jvm 1.8.0_352-b08
2022-12-02 13:56:13,440 [Listener at 127.0.0.1/44033] INFO  server.session (DefaultSessionIdManager.java:doStart(334)) - DefaultSessionIdManager workerName=node0
2022-12-02 13:56:13,440 [Listener at 127.0.0.1/44033] INFO  server.session (DefaultSessionIdManager.java:doStart(339)) - No SessionScavenger set, using defaults
2022-12-02 13:56:13,440 [Listener at 127.0.0.1/44033] INFO  server.session (HouseKeeper.java:startScavenging(132)) - node0 Scavenging every 660000ms
2022-12-02 13:56:13,441 [Listener at 127.0.0.1/44033] INFO  handler.ContextHandler (ContextHandler.java:doStart(921)) - Started o.e.j.s.ServletContextHandler@76cc7e87{logs,/logs,file:///home/runner/work/ozone/ozone/hadoop-ozone/integration-test/target/log,AVAILABLE}
2022-12-02 13:56:13,442 [Listener at 127.0.0.1/44033] INFO  handler.ContextHandler (ContextHandler.java:doStart(921)) - Started o.e.j.s.ServletContextHandler@7f8a2f71{static,/static,jar:file:/home/runner/.m2/repository/org/apache/ozone/hdds-container-service/1.3.0-SNAPSHOT/hdds-container-service-1.3.0-SNAPSHOT.jar!/webapps/static,AVAILABLE}
2022-12-02 13:56:13,589 [Listener at 127.0.0.1/44033] INFO  handler.ContextHandler (ContextHandler.java:doStart(921)) - Started o.e.j.w.WebAppContext@567422e6{hddsDatanode,/,file:///tmp/jetty-0_0_0_0-34115-hdds-container-service-1_3_0-SNAPSHOT_jar-_-any-2597811954460164790/webapp/,AVAILABLE}{jar:file:/home/runner/.m2/repository/org/apache/ozone/hdds-container-service/1.3.0-SNAPSHOT/hdds-container-service-1.3.0-SNAPSHOT.jar!/webapps/hddsDatanode}
2022-12-02 13:56:13,591 [Listener at 127.0.0.1/44033] INFO  server.AbstractConnector (AbstractConnector.java:doStart(333)) - Started ServerConnector@1d49cb96{HTTP/1.1, (http/1.1)}{0.0.0.0:34115}
2022-12-02 13:56:13,591 [Listener at 127.0.0.1/44033] INFO  server.Server (Server.java:doStart(415)) - Started @9163ms
2022-12-02 13:56:13,591 [Listener at 127.0.0.1/44033] WARN  impl.MetricsSystemImpl (MetricsSystemImpl.java:register(279)) - Sink prometheus already exists!
2022-12-02 13:56:13,592 [Listener at 127.0.0.1/44033] INFO  http.BaseHttpServer (BaseHttpServer.java:updateConnectorAddress(333)) - HTTP server of hddsDatanode listening at http://0.0.0.0:34115
2022-12-02 13:56:13,592 [Datanode State Machine Daemon Thread] INFO  statemachine.DatanodeStateMachine (DatanodeStateMachine.java:lambda$startDaemon$0(505)) - Ozone container server started.
2022-12-02 13:56:13,597 [Listener at 127.0.0.1/44033] WARN  impl.MetricRegistriesImpl (MetricRegistriesImpl.java:addReporterRegistration(111)) - New reporters are added after registries were created. Some metrics will be missing from the reporter. Please add reporter before adding any new registry.
2022-12-02 13:56:13,598 [Listener at 127.0.0.1/44033] WARN  impl.MetricRegistriesImpl (MetricRegistriesImpl.java:addReporterRegistration(111)) - New reporters are added after registries were created. Some metrics will be missing from the reporter. Please add reporter before adding any new registry.
2022-12-02 13:56:13,598 [Listener at 127.0.0.1/44033] INFO  impl.MetricsSystemImpl (MetricsSystemImpl.java:init(158)) - HddsDatanode metrics system started (again)
2022-12-02 13:56:13,619 [org.apache.hadoop.util.JvmPauseMonitor$Monitor@1463f0c] INFO  util.JvmPauseMonitor (JvmPauseMonitor.java:run(188)) - Starting JVM pause monitor
2022-12-02 13:56:13,620 [Datanode State Machine Task Thread - 0] INFO  datanode.InitDatanodeState (InitDatanodeState.java:persistContainerDatanodeDetails(138)) - DatanodeDetails is persisted to /home/runner/work/ozone/ozone/hadoop-ozone/integration-test/target/test-dir/MiniOzoneClusterImpl-54b774fa-8058-4f65-8e1c-0ac417d0d4c9/datanode-4/meta/datanode.id
2022-12-02 13:56:13,630 [Listener at 127.0.0.1/44033] INFO  ozone.HddsDatanodeService (HddsDatanodeService.java:start(236)) - HddsDatanodeService host:fv-az246-718.py5defvocjqundwqxk0lumnltg.cx.internal.cloudapp.net ip:10.1.0.163
2022-12-02 13:56:13,650 [Listener at 127.0.0.1/44033] INFO  upgrade.AbstractLayoutVersionManager (AbstractLayoutVersionManager.java:init(83)) - Initializing Layout version manager with metadata layout = DATANODE_SCHEMA_V3 (version = 4), software layout = DATANODE_SCHEMA_V3 (version = 4)
2022-12-02 13:56:13,690 [Listener at 127.0.0.1/44033] INFO  reflections.Reflections (Reflections.java:scan(232)) - Reflections took 39 ms to scan 7 urls, producing 140 keys and 342 values 
2022-12-02 13:56:13,691 [Listener at 127.0.0.1/44033] INFO  statemachine.DatanodeStateMachine (DatanodeStateMachine.java:getEndPointTaskThreadPoolSize(245)) - Datanode State Machine Task Thread Pool size 2
2022-12-02 13:56:13,693 [Listener at 127.0.0.1/44033] INFO  volume.HddsVolume (HddsVolume.java:<init>(117)) - Creating HddsVolume: /home/runner/work/ozone/ozone/hadoop-ozone/integration-test/target/test-dir/MiniOzoneClusterImpl-54b774fa-8058-4f65-8e1c-0ac417d0d4c9/datanode-5/data-0/containers/hdds of storage type : DISK capacity : 9223372036854775807
2022-12-02 13:56:13,694 [Listener at 127.0.0.1/44033] INFO  volume.MutableVolumeSet (MutableVolumeSet.java:initializeVolumeSet(174)) - Added Volume : /home/runner/work/ozone/ozone/hadoop-ozone/integration-test/target/test-dir/MiniOzoneClusterImpl-54b774fa-8058-4f65-8e1c-0ac417d0d4c9/datanode-5/data-0/containers/hdds to VolumeSet
2022-12-02 13:56:13,694 [Listener at 127.0.0.1/44033] INFO  volume.ThrottledAsyncChecker (ThrottledAsyncChecker.java:schedule(141)) - Scheduling a check for /home/runner/work/ozone/ozone/hadoop-ozone/integration-test/target/test-dir/MiniOzoneClusterImpl-54b774fa-8058-4f65-8e1c-0ac417d0d4c9/datanode-5/data-0/containers/hdds
2022-12-02 13:56:13,696 [Listener at 127.0.0.1/44033] INFO  volume.StorageVolumeChecker (StorageVolumeChecker.java:checkAllVolumes(202)) - Scheduled health check for volume /home/runner/work/ozone/ozone/hadoop-ozone/integration-test/target/test-dir/MiniOzoneClusterImpl-54b774fa-8058-4f65-8e1c-0ac417d0d4c9/datanode-5/data-0/containers/hdds
2022-12-02 13:56:13,707 [Listener at 127.0.0.1/44033] INFO  volume.MutableVolumeSet (MutableVolumeSet.java:initializeVolumeSet(174)) - Added Volume : /home/runner/work/ozone/ozone/hadoop-ozone/integration-test/target/test-dir/MiniOzoneClusterImpl-54b774fa-8058-4f65-8e1c-0ac417d0d4c9/datanode-5/data/ratis to VolumeSet
2022-12-02 13:56:13,707 [Listener at 127.0.0.1/44033] INFO  volume.ThrottledAsyncChecker (ThrottledAsyncChecker.java:schedule(141)) - Scheduling a check for /home/runner/work/ozone/ozone/hadoop-ozone/integration-test/target/test-dir/MiniOzoneClusterImpl-54b774fa-8058-4f65-8e1c-0ac417d0d4c9/datanode-5/data/ratis
2022-12-02 13:56:13,707 [Listener at 127.0.0.1/44033] INFO  volume.StorageVolumeChecker (StorageVolumeChecker.java:checkAllVolumes(202)) - Scheduled health check for volume /home/runner/work/ozone/ozone/hadoop-ozone/integration-test/target/test-dir/MiniOzoneClusterImpl-54b774fa-8058-4f65-8e1c-0ac417d0d4c9/datanode-5/data/ratis
2022-12-02 13:56:13,717 [Thread-202] INFO  ozoneimpl.ContainerReader (ContainerReader.java:readVolume(175)) - Finish verifying containers on volume /home/runner/work/ozone/ozone/hadoop-ozone/integration-test/target/test-dir/MiniOzoneClusterImpl-54b774fa-8058-4f65-8e1c-0ac417d0d4c9/datanode-5/data-0/containers/hdds
2022-12-02 13:56:13,717 [Listener at 127.0.0.1/44033] INFO  ozoneimpl.OzoneContainer (OzoneContainer.java:buildContainerSet(301)) - Build ContainerSet costs 0s
2022-12-02 13:56:13,720 [Listener at 127.0.0.1/44033] INFO  server.RaftServer (ConfUtils.java:logGet(46)) - raft.rpc.type = GRPC (default)
2022-12-02 13:56:13,720 [Listener at 127.0.0.1/44033] INFO  grpc.GrpcConfigKeys (ConfUtils.java:logFallback(53)) - raft.grpc.admin.host = null (fallback to raft.grpc.server.host)
2022-12-02 13:56:13,720 [Listener at 127.0.0.1/44033] INFO  grpc.GrpcConfigKeys (ConfUtils.java:logGet(46)) - raft.grpc.admin.port = 0 (custom)
2022-12-02 13:56:13,720 [Listener at 127.0.0.1/44033] INFO  grpc.GrpcConfigKeys (ConfUtils.java:logFallback(53)) - raft.grpc.client.host = null (fallback to raft.grpc.server.host)
2022-12-02 13:56:13,720 [Listener at 127.0.0.1/44033] INFO  grpc.GrpcConfigKeys (ConfUtils.java:logGet(46)) - raft.grpc.client.port = 0 (custom)
2022-12-02 13:56:13,720 [Listener at 127.0.0.1/44033] INFO  grpc.GrpcConfigKeys (ConfUtils.java:logGet(46)) - raft.grpc.server.host = null (default)
2022-12-02 13:56:13,720 [Listener at 127.0.0.1/44033] INFO  grpc.GrpcConfigKeys (ConfUtils.java:logGet(46)) - raft.grpc.server.port = 0 (default)
2022-12-02 13:56:13,720 [Listener at 127.0.0.1/44033] INFO  server.GrpcService (ConfUtils.java:logGet(46)) - raft.grpc.message.size.max = 32MB (=33554432) (custom)
2022-12-02 13:56:13,721 [Listener at 127.0.0.1/44033] INFO  server.RaftServerConfigKeys (ConfUtils.java:logGet(46)) - raft.server.log.appender.buffer.byte-limit = 33554432 (custom)
2022-12-02 13:56:13,721 [Listener at 127.0.0.1/44033] INFO  server.GrpcService (ConfUtils.java:logGet(46)) - raft.grpc.flow.control.window = 5MB (=5242880) (custom)
2022-12-02 13:56:13,721 [Listener at 127.0.0.1/44033] INFO  server.RaftServerConfigKeys (ConfUtils.java:logGet(46)) - raft.server.rpc.request.timeout = 60s (custom)
2022-12-02 13:56:13,721 [Listener at 127.0.0.1/44033] INFO  grpc.GrpcConfigKeys (ConfUtils.java:logGet(46)) - raft.grpc.server.heartbeat.channel = true (default)
2022-12-02 13:56:13,721 [Listener at 127.0.0.1/44033] INFO  grpc.GrpcConfigKeys (ConfUtils.java:logGet(46)) - raft.grpc.server.async.request.thread.pool.cached = true (default)
2022-12-02 13:56:13,721 [Listener at 127.0.0.1/44033] INFO  grpc.GrpcConfigKeys (ConfUtils.java:logGet(46)) - raft.grpc.server.async.request.thread.pool.size = 32 (default)
2022-12-02 13:56:13,722 [Listener at 127.0.0.1/44033] INFO  impl.DataStreamServerImpl (ConfUtils.java:logGet(46)) - raft.datastream.type = DISABLED (default)
2022-12-02 13:56:13,722 [Listener at 127.0.0.1/44033] INFO  server.RaftServerConfigKeys (ConfUtils.java:logGet(46)) - raft.server.threadpool.proxy.cached = true (default)
2022-12-02 13:56:13,722 [Listener at 127.0.0.1/44033] INFO  server.RaftServerConfigKeys (ConfUtils.java:logGet(46)) - raft.server.threadpool.proxy.size = 0 (default)
2022-12-02 13:56:13,722 [Listener at 127.0.0.1/44033] INFO  server.RaftServerConfigKeys (ConfUtils.java:logGet(46)) - raft.server.rpc.slowness.timeout = 300s (custom)
2022-12-02 13:56:13,722 [Listener at 127.0.0.1/44033] INFO  server.RaftServerConfigKeys (ConfUtils.java:logGet(46)) - raft.server.leaderelection.leader.step-down.wait-time = 10s (default)
2022-12-02 13:56:13,723 [Listener at 127.0.0.1/44033] INFO  server.RaftServerConfigKeys (ConfUtils.java:logGet(46)) - raft.server.storage.dir = [/home/runner/work/ozone/ozone/hadoop-ozone/integration-test/target/test-dir/MiniOzoneClusterImpl-54b774fa-8058-4f65-8e1c-0ac417d0d4c9/datanode-5/data/ratis] (custom)
2022-12-02 13:56:13,727 [Listener at 127.0.0.1/44033] INFO  server.XceiverServerGrpc (XceiverServerGrpc.java:<init>(132)) - GrpcServer channel type EpollServerSocketChannel
2022-12-02 13:56:13,730 [Listener at 127.0.0.1/44033] INFO  http.BaseHttpServer (BaseHttpServer.java:newHttpServer2BuilderForOzone(213)) - Starting Web-server for hddsDatanode at: http://0.0.0.0:0
2022-12-02 13:56:13,730 [Listener at 127.0.0.1/44033] INFO  http.BaseHttpServer (BaseHttpServer.java:<init>(108)) - Hadoop Security Enabled: false Ozone Security Enabled: false Ozone HTTP Security Enabled: false 
2022-12-02 13:56:13,731 [Listener at 127.0.0.1/44033] WARN  server.AuthenticationFilter (AuthenticationFilter.java:constructSecretProvider(240)) - Unable to initialize FileSignerSecretProvider, falling back to use random secrets. Reason: Could not read signature secret file: /home/runner/hadoop-http-auth-signature-secret
2022-12-02 13:56:13,733 [Listener at 127.0.0.1/44033] WARN  http.HttpRequestLog (HttpRequestLog.java:getRequestLog(103)) - Jetty request log can only be enabled using Log4j
2022-12-02 13:56:13,735 [Listener at 127.0.0.1/44033] INFO  http.HttpServer2 (HttpServer2.java:addGlobalFilter(1031)) - Added global filter 'safety' (class=org.apache.hadoop.hdds.server.http.HttpServer2$QuotingInputFilter)
2022-12-02 13:56:13,736 [Listener at 127.0.0.1/44033] INFO  http.HttpServer2 (HttpServer2.java:addFilter(1007)) - Added filter static_user_filter (class=org.apache.hadoop.http.lib.StaticUserWebFilter$StaticUserFilter) to context hddsDatanode
2022-12-02 13:56:13,736 [Listener at 127.0.0.1/44033] INFO  http.HttpServer2 (HttpServer2.java:addFilter(1015)) - Added filter static_user_filter (class=org.apache.hadoop.http.lib.StaticUserWebFilter$StaticUserFilter) to context logs
2022-12-02 13:56:13,736 [Listener at 127.0.0.1/44033] INFO  http.HttpServer2 (HttpServer2.java:addFilter(1015)) - Added filter static_user_filter (class=org.apache.hadoop.http.lib.StaticUserWebFilter$StaticUserFilter) to context static
2022-12-02 13:56:13,737 [Listener at 127.0.0.1/44033] INFO  http.HttpServer2 (HttpServer2.java:bindListener(1250)) - Jetty bound to port 44585
2022-12-02 13:56:13,737 [Listener at 127.0.0.1/44033] INFO  server.Server (Server.java:doStart(375)) - jetty-9.4.49.v20220914; built: 2022-09-14T01:07:36.601Z; git: 4231a3b2e4cb8548a412a789936d640a97b1aa0a; jvm 1.8.0_352-b08
2022-12-02 13:56:13,741 [Listener at 127.0.0.1/44033] INFO  server.session (DefaultSessionIdManager.java:doStart(334)) - DefaultSessionIdManager workerName=node0
2022-12-02 13:56:13,741 [Listener at 127.0.0.1/44033] INFO  server.session (DefaultSessionIdManager.java:doStart(339)) - No SessionScavenger set, using defaults
2022-12-02 13:56:13,741 [Listener at 127.0.0.1/44033] INFO  server.session (HouseKeeper.java:startScavenging(132)) - node0 Scavenging every 600000ms
2022-12-02 13:56:13,742 [Listener at 127.0.0.1/44033] INFO  handler.ContextHandler (ContextHandler.java:doStart(921)) - Started o.e.j.s.ServletContextHandler@1f15cb5a{logs,/logs,file:///home/runner/work/ozone/ozone/hadoop-ozone/integration-test/target/log,AVAILABLE}
2022-12-02 13:56:13,742 [Listener at 127.0.0.1/44033] INFO  handler.ContextHandler (ContextHandler.java:doStart(921)) - Started o.e.j.s.ServletContextHandler@6ee7da38{static,/static,jar:file:/home/runner/.m2/repository/org/apache/ozone/hdds-container-service/1.3.0-SNAPSHOT/hdds-container-service-1.3.0-SNAPSHOT.jar!/webapps/static,AVAILABLE}
2022-12-02 13:56:13,915 [Listener at 127.0.0.1/44033] INFO  handler.ContextHandler (ContextHandler.java:doStart(921)) - Started o.e.j.w.WebAppContext@7fe1202c{hddsDatanode,/,file:///tmp/jetty-0_0_0_0-44585-hdds-container-service-1_3_0-SNAPSHOT_jar-_-any-6951499698182931539/webapp/,AVAILABLE}{jar:file:/home/runner/.m2/repository/org/apache/ozone/hdds-container-service/1.3.0-SNAPSHOT/hdds-container-service-1.3.0-SNAPSHOT.jar!/webapps/hddsDatanode}
2022-12-02 13:56:13,916 [Listener at 127.0.0.1/44033] INFO  server.AbstractConnector (AbstractConnector.java:doStart(333)) - Started ServerConnector@3c6d4c15{HTTP/1.1, (http/1.1)}{0.0.0.0:44585}
2022-12-02 13:56:13,916 [Listener at 127.0.0.1/44033] INFO  server.Server (Server.java:doStart(415)) - Started @9489ms
2022-12-02 13:56:13,916 [Listener at 127.0.0.1/44033] WARN  impl.MetricsSystemImpl (MetricsSystemImpl.java:register(279)) - Sink prometheus already exists!
2022-12-02 13:56:13,917 [Listener at 127.0.0.1/44033] INFO  http.BaseHttpServer (BaseHttpServer.java:updateConnectorAddress(333)) - HTTP server of hddsDatanode listening at http://0.0.0.0:44585
2022-12-02 13:56:13,917 [Datanode State Machine Daemon Thread] INFO  statemachine.DatanodeStateMachine (DatanodeStateMachine.java:lambda$startDaemon$0(505)) - Ozone container server started.
2022-12-02 13:56:13,922 [Listener at 127.0.0.1/44033] WARN  impl.MetricRegistriesImpl (MetricRegistriesImpl.java:addReporterRegistration(111)) - New reporters are added after registries were created. Some metrics will be missing from the reporter. Please add reporter before adding any new registry.
2022-12-02 13:56:13,926 [Listener at 127.0.0.1/44033] WARN  impl.MetricRegistriesImpl (MetricRegistriesImpl.java:addReporterRegistration(111)) - New reporters are added after registries were created. Some metrics will be missing from the reporter. Please add reporter before adding any new registry.
2022-12-02 13:56:13,926 [Listener at 127.0.0.1/44033] INFO  impl.MetricsSystemImpl (MetricsSystemImpl.java:init(158)) - HddsDatanode metrics system started (again)
2022-12-02 13:56:13,926 [org.apache.hadoop.util.JvmPauseMonitor$Monitor@2fbcfda7] INFO  util.JvmPauseMonitor (JvmPauseMonitor.java:run(188)) - Starting JVM pause monitor
2022-12-02 13:56:13,928 [Datanode State Machine Task Thread - 0] INFO  datanode.InitDatanodeState (InitDatanodeState.java:persistContainerDatanodeDetails(138)) - DatanodeDetails is persisted to /home/runner/work/ozone/ozone/hadoop-ozone/integration-test/target/test-dir/MiniOzoneClusterImpl-54b774fa-8058-4f65-8e1c-0ac417d0d4c9/datanode-5/meta/datanode.id
2022-12-02 13:56:13,941 [Listener at 127.0.0.1/44033] INFO  ozone.HddsDatanodeService (HddsDatanodeService.java:start(236)) - HddsDatanodeService host:fv-az246-718.py5defvocjqundwqxk0lumnltg.cx.internal.cloudapp.net ip:10.1.0.163
2022-12-02 13:56:13,966 [Listener at 127.0.0.1/44033] INFO  upgrade.AbstractLayoutVersionManager (AbstractLayoutVersionManager.java:init(83)) - Initializing Layout version manager with metadata layout = DATANODE_SCHEMA_V3 (version = 4), software layout = DATANODE_SCHEMA_V3 (version = 4)
2022-12-02 13:56:14,025 [Listener at 127.0.0.1/44033] INFO  reflections.Reflections (Reflections.java:scan(232)) - Reflections took 54 ms to scan 7 urls, producing 140 keys and 342 values 
2022-12-02 13:56:14,026 [Listener at 127.0.0.1/44033] INFO  statemachine.DatanodeStateMachine (DatanodeStateMachine.java:getEndPointTaskThreadPoolSize(245)) - Datanode State Machine Task Thread Pool size 2
2022-12-02 13:56:14,029 [Listener at 127.0.0.1/44033] INFO  volume.HddsVolume (HddsVolume.java:<init>(117)) - Creating HddsVolume: /home/runner/work/ozone/ozone/hadoop-ozone/integration-test/target/test-dir/MiniOzoneClusterImpl-54b774fa-8058-4f65-8e1c-0ac417d0d4c9/datanode-6/data-0/containers/hdds of storage type : DISK capacity : 9223372036854775807
2022-12-02 13:56:14,029 [Listener at 127.0.0.1/44033] INFO  volume.MutableVolumeSet (MutableVolumeSet.java:initializeVolumeSet(174)) - Added Volume : /home/runner/work/ozone/ozone/hadoop-ozone/integration-test/target/test-dir/MiniOzoneClusterImpl-54b774fa-8058-4f65-8e1c-0ac417d0d4c9/datanode-6/data-0/containers/hdds to VolumeSet
2022-12-02 13:56:14,030 [Listener at 127.0.0.1/44033] INFO  volume.ThrottledAsyncChecker (ThrottledAsyncChecker.java:schedule(141)) - Scheduling a check for /home/runner/work/ozone/ozone/hadoop-ozone/integration-test/target/test-dir/MiniOzoneClusterImpl-54b774fa-8058-4f65-8e1c-0ac417d0d4c9/datanode-6/data-0/containers/hdds
2022-12-02 13:56:14,033 [Listener at 127.0.0.1/44033] INFO  volume.StorageVolumeChecker (StorageVolumeChecker.java:checkAllVolumes(202)) - Scheduled health check for volume /home/runner/work/ozone/ozone/hadoop-ozone/integration-test/target/test-dir/MiniOzoneClusterImpl-54b774fa-8058-4f65-8e1c-0ac417d0d4c9/datanode-6/data-0/containers/hdds
2022-12-02 13:56:14,044 [Listener at 127.0.0.1/44033] INFO  volume.MutableVolumeSet (MutableVolumeSet.java:initializeVolumeSet(174)) - Added Volume : /home/runner/work/ozone/ozone/hadoop-ozone/integration-test/target/test-dir/MiniOzoneClusterImpl-54b774fa-8058-4f65-8e1c-0ac417d0d4c9/datanode-6/data/ratis to VolumeSet
2022-12-02 13:56:14,044 [Listener at 127.0.0.1/44033] INFO  volume.ThrottledAsyncChecker (ThrottledAsyncChecker.java:schedule(141)) - Scheduling a check for /home/runner/work/ozone/ozone/hadoop-ozone/integration-test/target/test-dir/MiniOzoneClusterImpl-54b774fa-8058-4f65-8e1c-0ac417d0d4c9/datanode-6/data/ratis
2022-12-02 13:56:14,044 [Listener at 127.0.0.1/44033] INFO  volume.StorageVolumeChecker (StorageVolumeChecker.java:checkAllVolumes(202)) - Scheduled health check for volume /home/runner/work/ozone/ozone/hadoop-ozone/integration-test/target/test-dir/MiniOzoneClusterImpl-54b774fa-8058-4f65-8e1c-0ac417d0d4c9/datanode-6/data/ratis
2022-12-02 13:56:14,054 [Thread-215] INFO  ozoneimpl.ContainerReader (ContainerReader.java:readVolume(175)) - Finish verifying containers on volume /home/runner/work/ozone/ozone/hadoop-ozone/integration-test/target/test-dir/MiniOzoneClusterImpl-54b774fa-8058-4f65-8e1c-0ac417d0d4c9/datanode-6/data-0/containers/hdds
2022-12-02 13:56:14,054 [Listener at 127.0.0.1/44033] INFO  ozoneimpl.OzoneContainer (OzoneContainer.java:buildContainerSet(301)) - Build ContainerSet costs 0s
2022-12-02 13:56:14,056 [Listener at 127.0.0.1/44033] INFO  server.RaftServer (ConfUtils.java:logGet(46)) - raft.rpc.type = GRPC (default)
2022-12-02 13:56:14,056 [Listener at 127.0.0.1/44033] INFO  grpc.GrpcConfigKeys (ConfUtils.java:logFallback(53)) - raft.grpc.admin.host = null (fallback to raft.grpc.server.host)
2022-12-02 13:56:14,057 [Listener at 127.0.0.1/44033] INFO  grpc.GrpcConfigKeys (ConfUtils.java:logGet(46)) - raft.grpc.admin.port = 0 (custom)
2022-12-02 13:56:14,057 [Listener at 127.0.0.1/44033] INFO  grpc.GrpcConfigKeys (ConfUtils.java:logFallback(53)) - raft.grpc.client.host = null (fallback to raft.grpc.server.host)
2022-12-02 13:56:14,057 [Listener at 127.0.0.1/44033] INFO  grpc.GrpcConfigKeys (ConfUtils.java:logGet(46)) - raft.grpc.client.port = 0 (custom)
2022-12-02 13:56:14,057 [Listener at 127.0.0.1/44033] INFO  grpc.GrpcConfigKeys (ConfUtils.java:logGet(46)) - raft.grpc.server.host = null (default)
2022-12-02 13:56:14,057 [Listener at 127.0.0.1/44033] INFO  grpc.GrpcConfigKeys (ConfUtils.java:logGet(46)) - raft.grpc.server.port = 0 (default)
2022-12-02 13:56:14,057 [Listener at 127.0.0.1/44033] INFO  server.GrpcService (ConfUtils.java:logGet(46)) - raft.grpc.message.size.max = 32MB (=33554432) (custom)
2022-12-02 13:56:14,057 [Listener at 127.0.0.1/44033] INFO  server.RaftServerConfigKeys (ConfUtils.java:logGet(46)) - raft.server.log.appender.buffer.byte-limit = 33554432 (custom)
2022-12-02 13:56:14,057 [Listener at 127.0.0.1/44033] INFO  server.GrpcService (ConfUtils.java:logGet(46)) - raft.grpc.flow.control.window = 5MB (=5242880) (custom)
2022-12-02 13:56:14,057 [Listener at 127.0.0.1/44033] INFO  server.RaftServerConfigKeys (ConfUtils.java:logGet(46)) - raft.server.rpc.request.timeout = 60s (custom)
2022-12-02 13:56:14,057 [Listener at 127.0.0.1/44033] INFO  grpc.GrpcConfigKeys (ConfUtils.java:logGet(46)) - raft.grpc.server.heartbeat.channel = true (default)
2022-12-02 13:56:14,058 [Listener at 127.0.0.1/44033] INFO  grpc.GrpcConfigKeys (ConfUtils.java:logGet(46)) - raft.grpc.server.async.request.thread.pool.cached = true (default)
2022-12-02 13:56:14,058 [Listener at 127.0.0.1/44033] INFO  grpc.GrpcConfigKeys (ConfUtils.java:logGet(46)) - raft.grpc.server.async.request.thread.pool.size = 32 (default)
2022-12-02 13:56:14,059 [Listener at 127.0.0.1/44033] INFO  impl.DataStreamServerImpl (ConfUtils.java:logGet(46)) - raft.datastream.type = DISABLED (default)
2022-12-02 13:56:14,059 [Listener at 127.0.0.1/44033] INFO  server.RaftServerConfigKeys (ConfUtils.java:logGet(46)) - raft.server.threadpool.proxy.cached = true (default)
2022-12-02 13:56:14,059 [Listener at 127.0.0.1/44033] INFO  server.RaftServerConfigKeys (ConfUtils.java:logGet(46)) - raft.server.threadpool.proxy.size = 0 (default)
2022-12-02 13:56:14,059 [Listener at 127.0.0.1/44033] INFO  server.RaftServerConfigKeys (ConfUtils.java:logGet(46)) - raft.server.rpc.slowness.timeout = 300s (custom)
2022-12-02 13:56:14,059 [Listener at 127.0.0.1/44033] INFO  server.RaftServerConfigKeys (ConfUtils.java:logGet(46)) - raft.server.leaderelection.leader.step-down.wait-time = 10s (default)
2022-12-02 13:56:14,059 [Listener at 127.0.0.1/44033] INFO  server.RaftServerConfigKeys (ConfUtils.java:logGet(46)) - raft.server.storage.dir = [/home/runner/work/ozone/ozone/hadoop-ozone/integration-test/target/test-dir/MiniOzoneClusterImpl-54b774fa-8058-4f65-8e1c-0ac417d0d4c9/datanode-6/data/ratis] (custom)
2022-12-02 13:56:14,061 [Listener at 127.0.0.1/44033] INFO  server.XceiverServerGrpc (XceiverServerGrpc.java:<init>(132)) - GrpcServer channel type EpollServerSocketChannel
2022-12-02 13:56:14,064 [Listener at 127.0.0.1/44033] INFO  http.BaseHttpServer (BaseHttpServer.java:newHttpServer2BuilderForOzone(213)) - Starting Web-server for hddsDatanode at: http://0.0.0.0:0
2022-12-02 13:56:14,064 [Listener at 127.0.0.1/44033] INFO  http.BaseHttpServer (BaseHttpServer.java:<init>(108)) - Hadoop Security Enabled: false Ozone Security Enabled: false Ozone HTTP Security Enabled: false 
2022-12-02 13:56:14,065 [Listener at 127.0.0.1/44033] WARN  server.AuthenticationFilter (AuthenticationFilter.java:constructSecretProvider(240)) - Unable to initialize FileSignerSecretProvider, falling back to use random secrets. Reason: Could not read signature secret file: /home/runner/hadoop-http-auth-signature-secret
2022-12-02 13:56:14,066 [Listener at 127.0.0.1/44033] WARN  http.HttpRequestLog (HttpRequestLog.java:getRequestLog(103)) - Jetty request log can only be enabled using Log4j
2022-12-02 13:56:14,067 [Listener at 127.0.0.1/44033] INFO  http.HttpServer2 (HttpServer2.java:addGlobalFilter(1031)) - Added global filter 'safety' (class=org.apache.hadoop.hdds.server.http.HttpServer2$QuotingInputFilter)
2022-12-02 13:56:14,068 [Listener at 127.0.0.1/44033] INFO  http.HttpServer2 (HttpServer2.java:addFilter(1007)) - Added filter static_user_filter (class=org.apache.hadoop.http.lib.StaticUserWebFilter$StaticUserFilter) to context hddsDatanode
2022-12-02 13:56:14,068 [Listener at 127.0.0.1/44033] INFO  http.HttpServer2 (HttpServer2.java:addFilter(1015)) - Added filter static_user_filter (class=org.apache.hadoop.http.lib.StaticUserWebFilter$StaticUserFilter) to context logs
2022-12-02 13:56:14,068 [Listener at 127.0.0.1/44033] INFO  http.HttpServer2 (HttpServer2.java:addFilter(1015)) - Added filter static_user_filter (class=org.apache.hadoop.http.lib.StaticUserWebFilter$StaticUserFilter) to context static
2022-12-02 13:56:14,069 [Listener at 127.0.0.1/44033] INFO  http.HttpServer2 (HttpServer2.java:bindListener(1250)) - Jetty bound to port 44683
2022-12-02 13:56:14,069 [Listener at 127.0.0.1/44033] INFO  server.Server (Server.java:doStart(375)) - jetty-9.4.49.v20220914; built: 2022-09-14T01:07:36.601Z; git: 4231a3b2e4cb8548a412a789936d640a97b1aa0a; jvm 1.8.0_352-b08
2022-12-02 13:56:14,072 [Listener at 127.0.0.1/44033] INFO  server.session (DefaultSessionIdManager.java:doStart(334)) - DefaultSessionIdManager workerName=node0
2022-12-02 13:56:14,072 [Listener at 127.0.0.1/44033] INFO  server.session (DefaultSessionIdManager.java:doStart(339)) - No SessionScavenger set, using defaults
2022-12-02 13:56:14,072 [Listener at 127.0.0.1/44033] INFO  server.session (HouseKeeper.java:startScavenging(132)) - node0 Scavenging every 660000ms
2022-12-02 13:56:14,073 [Listener at 127.0.0.1/44033] INFO  handler.ContextHandler (ContextHandler.java:doStart(921)) - Started o.e.j.s.ServletContextHandler@1443e114{logs,/logs,file:///home/runner/work/ozone/ozone/hadoop-ozone/integration-test/target/log,AVAILABLE}
2022-12-02 13:56:14,073 [Listener at 127.0.0.1/44033] INFO  handler.ContextHandler (ContextHandler.java:doStart(921)) - Started o.e.j.s.ServletContextHandler@6d3c1f07{static,/static,jar:file:/home/runner/.m2/repository/org/apache/ozone/hdds-container-service/1.3.0-SNAPSHOT/hdds-container-service-1.3.0-SNAPSHOT.jar!/webapps/static,AVAILABLE}
2022-12-02 13:56:14,248 [Listener at 127.0.0.1/44033] INFO  handler.ContextHandler (ContextHandler.java:doStart(921)) - Started o.e.j.w.WebAppContext@55689cd1{hddsDatanode,/,file:///tmp/jetty-0_0_0_0-44683-hdds-container-service-1_3_0-SNAPSHOT_jar-_-any-8557197991781869111/webapp/,AVAILABLE}{jar:file:/home/runner/.m2/repository/org/apache/ozone/hdds-container-service/1.3.0-SNAPSHOT/hdds-container-service-1.3.0-SNAPSHOT.jar!/webapps/hddsDatanode}
2022-12-02 13:56:14,252 [Listener at 127.0.0.1/44033] INFO  server.AbstractConnector (AbstractConnector.java:doStart(333)) - Started ServerConnector@eb6646e{HTTP/1.1, (http/1.1)}{0.0.0.0:44683}
2022-12-02 13:56:14,252 [Listener at 127.0.0.1/44033] INFO  server.Server (Server.java:doStart(415)) - Started @9824ms
2022-12-02 13:56:14,252 [Listener at 127.0.0.1/44033] WARN  impl.MetricsSystemImpl (MetricsSystemImpl.java:register(279)) - Sink prometheus already exists!
2022-12-02 13:56:14,256 [Listener at 127.0.0.1/44033] INFO  http.BaseHttpServer (BaseHttpServer.java:updateConnectorAddress(333)) - HTTP server of hddsDatanode listening at http://0.0.0.0:44683
2022-12-02 13:56:14,257 [Listener at 127.0.0.1/44033] INFO  ozone.MiniOzoneClusterImpl (MiniOzoneClusterImpl.java:lambda$waitForClusterToBeReady$0(216)) - Waiting for nodes to be ready. Got 0 of 7 DN Heartbeats.
2022-12-02 13:56:14,258 [Listener at 127.0.0.1/44033] INFO  ozone.MiniOzoneClusterImpl (MiniOzoneClusterImpl.java:lambda$waitForClusterToBeReady$0(219)) - Waiting for cluster to exit safe mode
2022-12-02 13:56:14,258 [Listener at 127.0.0.1/44033] INFO  ozone.MiniOzoneClusterImpl (MiniOzoneClusterImpl.java:lambda$waitForClusterToBeReady$0(221)) - SCM became leader
2022-12-02 13:56:14,258 [Datanode State Machine Daemon Thread] INFO  statemachine.DatanodeStateMachine (DatanodeStateMachine.java:lambda$startDaemon$0(505)) - Ozone container server started.
2022-12-02 13:56:14,277 [org.apache.hadoop.util.JvmPauseMonitor$Monitor@21d78e8a] INFO  util.JvmPauseMonitor (JvmPauseMonitor.java:run(188)) - Starting JVM pause monitor
2022-12-02 13:56:14,282 [Datanode State Machine Task Thread - 0] INFO  datanode.InitDatanodeState (InitDatanodeState.java:persistContainerDatanodeDetails(138)) - DatanodeDetails is persisted to /home/runner/work/ozone/ozone/hadoop-ozone/integration-test/target/test-dir/MiniOzoneClusterImpl-54b774fa-8058-4f65-8e1c-0ac417d0d4c9/datanode-6/meta/datanode.id
2022-12-02 13:56:14,318 [EndpointStateMachine task thread for /0.0.0.0:37869 - 0 ] INFO  utils.DatanodeStoreCache (DatanodeStoreCache.java:addDB(58)) - Added db /home/runner/work/ozone/ozone/hadoop-ozone/integration-test/target/test-dir/MiniOzoneClusterImpl-54b774fa-8058-4f65-8e1c-0ac417d0d4c9/datanode-0/data-0/containers/hdds/54b774fa-8058-4f65-8e1c-0ac417d0d4c9/DS-baec5915-1d5d-45e3-806a-78c176dbf6be/container.db to cache
2022-12-02 13:56:14,318 [EndpointStateMachine task thread for /0.0.0.0:37869 - 0 ] INFO  volume.HddsVolume (HddsVolume.java:createDbStore(307)) - SchemaV3 db is created and loaded at /home/runner/work/ozone/ozone/hadoop-ozone/integration-test/target/test-dir/MiniOzoneClusterImpl-54b774fa-8058-4f65-8e1c-0ac417d0d4c9/datanode-0/data-0/containers/hdds/54b774fa-8058-4f65-8e1c-0ac417d0d4c9/DS-baec5915-1d5d-45e3-806a-78c176dbf6be/container.db for volume DS-baec5915-1d5d-45e3-806a-78c176dbf6be
2022-12-02 13:56:14,319 [EndpointStateMachine task thread for /0.0.0.0:37869 - 0 ] INFO  ozoneimpl.OzoneContainer (OzoneContainer.java:start(395)) - Attempting to start container services.
2022-12-02 13:56:14,322 [EndpointStateMachine task thread for /0.0.0.0:37869 - 0 ] INFO  ozoneimpl.OzoneContainer (OzoneContainer.java:startContainerScrub(312)) - Scheduled background container scanners and the on-demand container scanner have been disabled.
2022-12-02 13:56:14,324 [EndpointStateMachine task thread for /0.0.0.0:37869 - 0 ] INFO  replication.ReplicationServer (ReplicationServer.java:start(111)) - ReplicationServer is started using port 36545
2022-12-02 13:56:14,326 [EndpointStateMachine task thread for /0.0.0.0:37869 - 0 ] INFO  ratis.XceiverServerRatis (XceiverServerRatis.java:start(481)) - Starting XceiverServerRatis 17c617e6-bef8-4aa5-a634-0bfba4eec40d
2022-12-02 13:56:14,327 [EndpointStateMachine task thread for /0.0.0.0:37869 - 0 ] INFO  server.RaftServer (RaftServerProxy.java:startImpl(393)) - 17c617e6-bef8-4aa5-a634-0bfba4eec40d: start RPC server
2022-12-02 13:56:14,334 [EndpointStateMachine task thread for /0.0.0.0:37869 - 0 ] INFO  server.GrpcService (GrpcService.java:startImpl(270)) - 17c617e6-bef8-4aa5-a634-0bfba4eec40d: GrpcService started, listening on 34401
2022-12-02 13:56:14,335 [EndpointStateMachine task thread for /0.0.0.0:37869 - 0 ] INFO  ratis.XceiverServerRatis (XceiverServerRatis.java:getRealPort(502)) - XceiverServerRatis 17c617e6-bef8-4aa5-a634-0bfba4eec40d is started using port 34401 for RATIS
2022-12-02 13:56:14,335 [EndpointStateMachine task thread for /0.0.0.0:37869 - 0 ] INFO  ratis.XceiverServerRatis (XceiverServerRatis.java:getRealPort(502)) - XceiverServerRatis 17c617e6-bef8-4aa5-a634-0bfba4eec40d is started using port 34401 for RATIS_ADMIN
2022-12-02 13:56:14,335 [EndpointStateMachine task thread for /0.0.0.0:37869 - 0 ] INFO  ratis.XceiverServerRatis (XceiverServerRatis.java:getRealPort(502)) - XceiverServerRatis 17c617e6-bef8-4aa5-a634-0bfba4eec40d is started using port 34401 for RATIS_SERVER
2022-12-02 13:56:14,335 [JvmPauseMonitor1] INFO  util.JvmPauseMonitor (JvmPauseMonitor.java:run(105)) - JvmPauseMonitor-17c617e6-bef8-4aa5-a634-0bfba4eec40d: Started
2022-12-02 13:56:14,341 [EndpointStateMachine task thread for /0.0.0.0:37869 - 0 ] INFO  server.XceiverServerGrpc (XceiverServerGrpc.java:start(180)) - XceiverServerGrpc 17c617e6-bef8-4aa5-a634-0bfba4eec40d is started using port 32865
2022-12-02 13:56:14,723 [EndpointStateMachine task thread for /0.0.0.0:37869 - 0 ] INFO  utils.DatanodeStoreCache (DatanodeStoreCache.java:addDB(58)) - Added db /home/runner/work/ozone/ozone/hadoop-ozone/integration-test/target/test-dir/MiniOzoneClusterImpl-54b774fa-8058-4f65-8e1c-0ac417d0d4c9/datanode-1/data-0/containers/hdds/54b774fa-8058-4f65-8e1c-0ac417d0d4c9/DS-9754c76b-f055-401f-8d1e-0bf68c4b9880/container.db to cache
2022-12-02 13:56:14,723 [EndpointStateMachine task thread for /0.0.0.0:37869 - 0 ] INFO  volume.HddsVolume (HddsVolume.java:createDbStore(307)) - SchemaV3 db is created and loaded at /home/runner/work/ozone/ozone/hadoop-ozone/integration-test/target/test-dir/MiniOzoneClusterImpl-54b774fa-8058-4f65-8e1c-0ac417d0d4c9/datanode-1/data-0/containers/hdds/54b774fa-8058-4f65-8e1c-0ac417d0d4c9/DS-9754c76b-f055-401f-8d1e-0bf68c4b9880/container.db for volume DS-9754c76b-f055-401f-8d1e-0bf68c4b9880
2022-12-02 13:56:14,723 [EndpointStateMachine task thread for /0.0.0.0:37869 - 0 ] INFO  ozoneimpl.OzoneContainer (OzoneContainer.java:start(395)) - Attempting to start container services.
2022-12-02 13:56:14,724 [EndpointStateMachine task thread for /0.0.0.0:37869 - 0 ] INFO  ozoneimpl.OzoneContainer (OzoneContainer.java:startContainerScrub(312)) - Scheduled background container scanners and the on-demand container scanner have been disabled.
2022-12-02 13:56:14,725 [EndpointStateMachine task thread for /0.0.0.0:37869 - 0 ] INFO  replication.ReplicationServer (ReplicationServer.java:start(111)) - ReplicationServer is started using port 44413
2022-12-02 13:56:14,726 [EndpointStateMachine task thread for /0.0.0.0:37869 - 0 ] INFO  ratis.XceiverServerRatis (XceiverServerRatis.java:start(481)) - Starting XceiverServerRatis 8e7f0208-8622-43f9-a3a0-bde69c0a79ed
2022-12-02 13:56:14,727 [EndpointStateMachine task thread for /0.0.0.0:37869 - 0 ] INFO  server.RaftServer (RaftServerProxy.java:startImpl(393)) - 8e7f0208-8622-43f9-a3a0-bde69c0a79ed: start RPC server
2022-12-02 13:56:14,728 [EndpointStateMachine task thread for /0.0.0.0:37869 - 0 ] INFO  server.GrpcService (GrpcService.java:startImpl(270)) - 8e7f0208-8622-43f9-a3a0-bde69c0a79ed: GrpcService started, listening on 35087
2022-12-02 13:56:14,728 [EndpointStateMachine task thread for /0.0.0.0:37869 - 0 ] INFO  ratis.XceiverServerRatis (XceiverServerRatis.java:getRealPort(502)) - XceiverServerRatis 8e7f0208-8622-43f9-a3a0-bde69c0a79ed is started using port 35087 for RATIS
2022-12-02 13:56:14,728 [EndpointStateMachine task thread for /0.0.0.0:37869 - 0 ] INFO  ratis.XceiverServerRatis (XceiverServerRatis.java:getRealPort(502)) - XceiverServerRatis 8e7f0208-8622-43f9-a3a0-bde69c0a79ed is started using port 35087 for RATIS_ADMIN
2022-12-02 13:56:14,728 [EndpointStateMachine task thread for /0.0.0.0:37869 - 0 ] INFO  ratis.XceiverServerRatis (XceiverServerRatis.java:getRealPort(502)) - XceiverServerRatis 8e7f0208-8622-43f9-a3a0-bde69c0a79ed is started using port 35087 for RATIS_SERVER
2022-12-02 13:56:14,728 [JvmPauseMonitor2] INFO  util.JvmPauseMonitor (JvmPauseMonitor.java:run(105)) - JvmPauseMonitor-8e7f0208-8622-43f9-a3a0-bde69c0a79ed: Started
2022-12-02 13:56:14,730 [EndpointStateMachine task thread for /0.0.0.0:37869 - 0 ] INFO  server.XceiverServerGrpc (XceiverServerGrpc.java:start(180)) - XceiverServerGrpc 8e7f0208-8622-43f9-a3a0-bde69c0a79ed is started using port 37909
2022-12-02 13:56:15,057 [EndpointStateMachine task thread for /0.0.0.0:37869 - 0 ] INFO  utils.DatanodeStoreCache (DatanodeStoreCache.java:addDB(58)) - Added db /home/runner/work/ozone/ozone/hadoop-ozone/integration-test/target/test-dir/MiniOzoneClusterImpl-54b774fa-8058-4f65-8e1c-0ac417d0d4c9/datanode-2/data-0/containers/hdds/54b774fa-8058-4f65-8e1c-0ac417d0d4c9/DS-0724d252-e6a0-4fc4-a46d-3e47285819e0/container.db to cache
2022-12-02 13:56:15,058 [EndpointStateMachine task thread for /0.0.0.0:37869 - 0 ] INFO  volume.HddsVolume (HddsVolume.java:createDbStore(307)) - SchemaV3 db is created and loaded at /home/runner/work/ozone/ozone/hadoop-ozone/integration-test/target/test-dir/MiniOzoneClusterImpl-54b774fa-8058-4f65-8e1c-0ac417d0d4c9/datanode-2/data-0/containers/hdds/54b774fa-8058-4f65-8e1c-0ac417d0d4c9/DS-0724d252-e6a0-4fc4-a46d-3e47285819e0/container.db for volume DS-0724d252-e6a0-4fc4-a46d-3e47285819e0
2022-12-02 13:56:15,058 [EndpointStateMachine task thread for /0.0.0.0:37869 - 0 ] INFO  ozoneimpl.OzoneContainer (OzoneContainer.java:start(395)) - Attempting to start container services.
2022-12-02 13:56:15,058 [EndpointStateMachine task thread for /0.0.0.0:37869 - 0 ] INFO  ozoneimpl.OzoneContainer (OzoneContainer.java:startContainerScrub(312)) - Scheduled background container scanners and the on-demand container scanner have been disabled.
2022-12-02 13:56:15,061 [EndpointStateMachine task thread for /0.0.0.0:37869 - 0 ] INFO  replication.ReplicationServer (ReplicationServer.java:start(111)) - ReplicationServer is started using port 37755
2022-12-02 13:56:15,061 [EndpointStateMachine task thread for /0.0.0.0:37869 - 0 ] INFO  ratis.XceiverServerRatis (XceiverServerRatis.java:start(481)) - Starting XceiverServerRatis b27e6838-cee8-48c3-93ac-b45d2206de0f
2022-12-02 13:56:15,062 [EndpointStateMachine task thread for /0.0.0.0:37869 - 0 ] INFO  server.RaftServer (RaftServerProxy.java:startImpl(393)) - b27e6838-cee8-48c3-93ac-b45d2206de0f: start RPC server
2022-12-02 13:56:15,064 [EndpointStateMachine task thread for /0.0.0.0:37869 - 0 ] INFO  server.GrpcService (GrpcService.java:startImpl(270)) - b27e6838-cee8-48c3-93ac-b45d2206de0f: GrpcService started, listening on 37205
2022-12-02 13:56:15,064 [EndpointStateMachine task thread for /0.0.0.0:37869 - 0 ] INFO  ratis.XceiverServerRatis (XceiverServerRatis.java:getRealPort(502)) - XceiverServerRatis b27e6838-cee8-48c3-93ac-b45d2206de0f is started using port 37205 for RATIS
2022-12-02 13:56:15,064 [EndpointStateMachine task thread for /0.0.0.0:37869 - 0 ] INFO  ratis.XceiverServerRatis (XceiverServerRatis.java:getRealPort(502)) - XceiverServerRatis b27e6838-cee8-48c3-93ac-b45d2206de0f is started using port 37205 for RATIS_ADMIN
2022-12-02 13:56:15,064 [EndpointStateMachine task thread for /0.0.0.0:37869 - 0 ] INFO  ratis.XceiverServerRatis (XceiverServerRatis.java:getRealPort(502)) - XceiverServerRatis b27e6838-cee8-48c3-93ac-b45d2206de0f is started using port 37205 for RATIS_SERVER
2022-12-02 13:56:15,065 [JvmPauseMonitor3] INFO  util.JvmPauseMonitor (JvmPauseMonitor.java:run(105)) - JvmPauseMonitor-b27e6838-cee8-48c3-93ac-b45d2206de0f: Started
2022-12-02 13:56:15,069 [EndpointStateMachine task thread for /0.0.0.0:37869 - 0 ] INFO  server.XceiverServerGrpc (XceiverServerGrpc.java:start(180)) - XceiverServerGrpc b27e6838-cee8-48c3-93ac-b45d2206de0f is started using port 41767
2022-12-02 13:56:15,258 [Listener at 127.0.0.1/44033] INFO  ozone.MiniOzoneClusterImpl (MiniOzoneClusterImpl.java:lambda$waitForClusterToBeReady$0(216)) - Waiting for nodes to be ready. Got 0 of 7 DN Heartbeats.
2022-12-02 13:56:15,258 [Listener at 127.0.0.1/44033] INFO  ozone.MiniOzoneClusterImpl (MiniOzoneClusterImpl.java:lambda$waitForClusterToBeReady$0(219)) - Waiting for cluster to exit safe mode
2022-12-02 13:56:15,258 [Listener at 127.0.0.1/44033] INFO  ozone.MiniOzoneClusterImpl (MiniOzoneClusterImpl.java:lambda$waitForClusterToBeReady$0(221)) - SCM became leader
2022-12-02 13:56:15,359 [EndpointStateMachine task thread for /0.0.0.0:37869 - 0 ] INFO  utils.DatanodeStoreCache (DatanodeStoreCache.java:addDB(58)) - Added db /home/runner/work/ozone/ozone/hadoop-ozone/integration-test/target/test-dir/MiniOzoneClusterImpl-54b774fa-8058-4f65-8e1c-0ac417d0d4c9/datanode-3/data-0/containers/hdds/54b774fa-8058-4f65-8e1c-0ac417d0d4c9/DS-18b66ac3-84e2-41ea-9a94-1960395339f4/container.db to cache
2022-12-02 13:56:15,359 [EndpointStateMachine task thread for /0.0.0.0:37869 - 0 ] INFO  volume.HddsVolume (HddsVolume.java:createDbStore(307)) - SchemaV3 db is created and loaded at /home/runner/work/ozone/ozone/hadoop-ozone/integration-test/target/test-dir/MiniOzoneClusterImpl-54b774fa-8058-4f65-8e1c-0ac417d0d4c9/datanode-3/data-0/containers/hdds/54b774fa-8058-4f65-8e1c-0ac417d0d4c9/DS-18b66ac3-84e2-41ea-9a94-1960395339f4/container.db for volume DS-18b66ac3-84e2-41ea-9a94-1960395339f4
2022-12-02 13:56:15,360 [EndpointStateMachine task thread for /0.0.0.0:37869 - 0 ] INFO  ozoneimpl.OzoneContainer (OzoneContainer.java:start(395)) - Attempting to start container services.
2022-12-02 13:56:15,360 [EndpointStateMachine task thread for /0.0.0.0:37869 - 0 ] INFO  ozoneimpl.OzoneContainer (OzoneContainer.java:startContainerScrub(312)) - Scheduled background container scanners and the on-demand container scanner have been disabled.
2022-12-02 13:56:15,362 [EndpointStateMachine task thread for /0.0.0.0:37869 - 0 ] INFO  replication.ReplicationServer (ReplicationServer.java:start(111)) - ReplicationServer is started using port 33113
2022-12-02 13:56:15,363 [EndpointStateMachine task thread for /0.0.0.0:37869 - 0 ] INFO  ratis.XceiverServerRatis (XceiverServerRatis.java:start(481)) - Starting XceiverServerRatis 925e8f4f-fc98-43cb-bc65-0e4c101f5ebe
2022-12-02 13:56:15,363 [EndpointStateMachine task thread for /0.0.0.0:37869 - 0 ] INFO  server.RaftServer (RaftServerProxy.java:startImpl(393)) - 925e8f4f-fc98-43cb-bc65-0e4c101f5ebe: start RPC server
2022-12-02 13:56:15,365 [EndpointStateMachine task thread for /0.0.0.0:37869 - 0 ] INFO  server.GrpcService (GrpcService.java:startImpl(270)) - 925e8f4f-fc98-43cb-bc65-0e4c101f5ebe: GrpcService started, listening on 44405
2022-12-02 13:56:15,366 [EndpointStateMachine task thread for /0.0.0.0:37869 - 0 ] INFO  ratis.XceiverServerRatis (XceiverServerRatis.java:getRealPort(502)) - XceiverServerRatis 925e8f4f-fc98-43cb-bc65-0e4c101f5ebe is started using port 44405 for RATIS
2022-12-02 13:56:15,366 [EndpointStateMachine task thread for /0.0.0.0:37869 - 0 ] INFO  ratis.XceiverServerRatis (XceiverServerRatis.java:getRealPort(502)) - XceiverServerRatis 925e8f4f-fc98-43cb-bc65-0e4c101f5ebe is started using port 44405 for RATIS_ADMIN
2022-12-02 13:56:15,366 [JvmPauseMonitor4] INFO  util.JvmPauseMonitor (JvmPauseMonitor.java:run(105)) - JvmPauseMonitor-925e8f4f-fc98-43cb-bc65-0e4c101f5ebe: Started
2022-12-02 13:56:15,366 [EndpointStateMachine task thread for /0.0.0.0:37869 - 0 ] INFO  ratis.XceiverServerRatis (XceiverServerRatis.java:getRealPort(502)) - XceiverServerRatis 925e8f4f-fc98-43cb-bc65-0e4c101f5ebe is started using port 44405 for RATIS_SERVER
2022-12-02 13:56:15,369 [EndpointStateMachine task thread for /0.0.0.0:37869 - 0 ] INFO  server.XceiverServerGrpc (XceiverServerGrpc.java:start(180)) - XceiverServerGrpc 925e8f4f-fc98-43cb-bc65-0e4c101f5ebe is started using port 42317
2022-12-02 13:56:15,651 [EndpointStateMachine task thread for /0.0.0.0:37869 - 0 ] INFO  utils.DatanodeStoreCache (DatanodeStoreCache.java:addDB(58)) - Added db /home/runner/work/ozone/ozone/hadoop-ozone/integration-test/target/test-dir/MiniOzoneClusterImpl-54b774fa-8058-4f65-8e1c-0ac417d0d4c9/datanode-4/data-0/containers/hdds/54b774fa-8058-4f65-8e1c-0ac417d0d4c9/DS-116ceb9a-aea8-4c06-a5cf-47ccfeb3b0f2/container.db to cache
2022-12-02 13:56:15,651 [EndpointStateMachine task thread for /0.0.0.0:37869 - 0 ] INFO  volume.HddsVolume (HddsVolume.java:createDbStore(307)) - SchemaV3 db is created and loaded at /home/runner/work/ozone/ozone/hadoop-ozone/integration-test/target/test-dir/MiniOzoneClusterImpl-54b774fa-8058-4f65-8e1c-0ac417d0d4c9/datanode-4/data-0/containers/hdds/54b774fa-8058-4f65-8e1c-0ac417d0d4c9/DS-116ceb9a-aea8-4c06-a5cf-47ccfeb3b0f2/container.db for volume DS-116ceb9a-aea8-4c06-a5cf-47ccfeb3b0f2
2022-12-02 13:56:15,651 [EndpointStateMachine task thread for /0.0.0.0:37869 - 0 ] INFO  ozoneimpl.OzoneContainer (OzoneContainer.java:start(395)) - Attempting to start container services.
2022-12-02 13:56:15,651 [EndpointStateMachine task thread for /0.0.0.0:37869 - 0 ] INFO  ozoneimpl.OzoneContainer (OzoneContainer.java:startContainerScrub(312)) - Scheduled background container scanners and the on-demand container scanner have been disabled.
2022-12-02 13:56:15,653 [EndpointStateMachine task thread for /0.0.0.0:37869 - 0 ] INFO  replication.ReplicationServer (ReplicationServer.java:start(111)) - ReplicationServer is started using port 39719
2022-12-02 13:56:15,654 [EndpointStateMachine task thread for /0.0.0.0:37869 - 0 ] INFO  ratis.XceiverServerRatis (XceiverServerRatis.java:start(481)) - Starting XceiverServerRatis 4d9c5b7e-d393-45ed-b870-ebf9f6356405
2022-12-02 13:56:15,655 [EndpointStateMachine task thread for /0.0.0.0:37869 - 0 ] INFO  server.RaftServer (RaftServerProxy.java:startImpl(393)) - 4d9c5b7e-d393-45ed-b870-ebf9f6356405: start RPC server
2022-12-02 13:56:15,659 [EndpointStateMachine task thread for /0.0.0.0:37869 - 0 ] INFO  server.GrpcService (GrpcService.java:startImpl(270)) - 4d9c5b7e-d393-45ed-b870-ebf9f6356405: GrpcService started, listening on 36463
2022-12-02 13:56:15,660 [EndpointStateMachine task thread for /0.0.0.0:37869 - 0 ] INFO  ratis.XceiverServerRatis (XceiverServerRatis.java:getRealPort(502)) - XceiverServerRatis 4d9c5b7e-d393-45ed-b870-ebf9f6356405 is started using port 36463 for RATIS
2022-12-02 13:56:15,660 [JvmPauseMonitor5] INFO  util.JvmPauseMonitor (JvmPauseMonitor.java:run(105)) - JvmPauseMonitor-4d9c5b7e-d393-45ed-b870-ebf9f6356405: Started
2022-12-02 13:56:15,661 [EndpointStateMachine task thread for /0.0.0.0:37869 - 0 ] INFO  ratis.XceiverServerRatis (XceiverServerRatis.java:getRealPort(502)) - XceiverServerRatis 4d9c5b7e-d393-45ed-b870-ebf9f6356405 is started using port 36463 for RATIS_ADMIN
2022-12-02 13:56:15,663 [EndpointStateMachine task thread for /0.0.0.0:37869 - 0 ] INFO  ratis.XceiverServerRatis (XceiverServerRatis.java:getRealPort(502)) - XceiverServerRatis 4d9c5b7e-d393-45ed-b870-ebf9f6356405 is started using port 36463 for RATIS_SERVER
2022-12-02 13:56:15,669 [EndpointStateMachine task thread for /0.0.0.0:37869 - 0 ] INFO  server.XceiverServerGrpc (XceiverServerGrpc.java:start(180)) - XceiverServerGrpc 4d9c5b7e-d393-45ed-b870-ebf9f6356405 is started using port 44945
2022-12-02 13:56:15,960 [EndpointStateMachine task thread for /0.0.0.0:37869 - 0 ] INFO  utils.DatanodeStoreCache (DatanodeStoreCache.java:addDB(58)) - Added db /home/runner/work/ozone/ozone/hadoop-ozone/integration-test/target/test-dir/MiniOzoneClusterImpl-54b774fa-8058-4f65-8e1c-0ac417d0d4c9/datanode-5/data-0/containers/hdds/54b774fa-8058-4f65-8e1c-0ac417d0d4c9/DS-e472d0ce-bfab-4385-8a93-bb0f2bb12921/container.db to cache
2022-12-02 13:56:15,960 [EndpointStateMachine task thread for /0.0.0.0:37869 - 0 ] INFO  volume.HddsVolume (HddsVolume.java:createDbStore(307)) - SchemaV3 db is created and loaded at /home/runner/work/ozone/ozone/hadoop-ozone/integration-test/target/test-dir/MiniOzoneClusterImpl-54b774fa-8058-4f65-8e1c-0ac417d0d4c9/datanode-5/data-0/containers/hdds/54b774fa-8058-4f65-8e1c-0ac417d0d4c9/DS-e472d0ce-bfab-4385-8a93-bb0f2bb12921/container.db for volume DS-e472d0ce-bfab-4385-8a93-bb0f2bb12921
2022-12-02 13:56:15,960 [EndpointStateMachine task thread for /0.0.0.0:37869 - 0 ] INFO  ozoneimpl.OzoneContainer (OzoneContainer.java:start(395)) - Attempting to start container services.
2022-12-02 13:56:15,960 [EndpointStateMachine task thread for /0.0.0.0:37869 - 0 ] INFO  ozoneimpl.OzoneContainer (OzoneContainer.java:startContainerScrub(312)) - Scheduled background container scanners and the on-demand container scanner have been disabled.
2022-12-02 13:56:15,963 [EndpointStateMachine task thread for /0.0.0.0:37869 - 0 ] INFO  replication.ReplicationServer (ReplicationServer.java:start(111)) - ReplicationServer is started using port 33495
2022-12-02 13:56:15,963 [EndpointStateMachine task thread for /0.0.0.0:37869 - 0 ] INFO  ratis.XceiverServerRatis (XceiverServerRatis.java:start(481)) - Starting XceiverServerRatis e9939b6b-a755-45ab-a1e0-5fd09d343461
2022-12-02 13:56:15,964 [EndpointStateMachine task thread for /0.0.0.0:37869 - 0 ] INFO  server.RaftServer (RaftServerProxy.java:startImpl(393)) - e9939b6b-a755-45ab-a1e0-5fd09d343461: start RPC server
2022-12-02 13:56:15,966 [EndpointStateMachine task thread for /0.0.0.0:37869 - 0 ] INFO  server.GrpcService (GrpcService.java:startImpl(270)) - e9939b6b-a755-45ab-a1e0-5fd09d343461: GrpcService started, listening on 38091
2022-12-02 13:56:15,966 [EndpointStateMachine task thread for /0.0.0.0:37869 - 0 ] INFO  ratis.XceiverServerRatis (XceiverServerRatis.java:getRealPort(502)) - XceiverServerRatis e9939b6b-a755-45ab-a1e0-5fd09d343461 is started using port 38091 for RATIS
2022-12-02 13:56:15,966 [JvmPauseMonitor6] INFO  util.JvmPauseMonitor (JvmPauseMonitor.java:run(105)) - JvmPauseMonitor-e9939b6b-a755-45ab-a1e0-5fd09d343461: Started
2022-12-02 13:56:15,966 [EndpointStateMachine task thread for /0.0.0.0:37869 - 0 ] INFO  ratis.XceiverServerRatis (XceiverServerRatis.java:getRealPort(502)) - XceiverServerRatis e9939b6b-a755-45ab-a1e0-5fd09d343461 is started using port 38091 for RATIS_ADMIN
2022-12-02 13:56:15,967 [EndpointStateMachine task thread for /0.0.0.0:37869 - 0 ] INFO  ratis.XceiverServerRatis (XceiverServerRatis.java:getRealPort(502)) - XceiverServerRatis e9939b6b-a755-45ab-a1e0-5fd09d343461 is started using port 38091 for RATIS_SERVER
2022-12-02 13:56:15,969 [EndpointStateMachine task thread for /0.0.0.0:37869 - 0 ] INFO  server.XceiverServerGrpc (XceiverServerGrpc.java:start(180)) - XceiverServerGrpc e9939b6b-a755-45ab-a1e0-5fd09d343461 is started using port 36077
2022-12-02 13:56:16,208 [IPC Server handler 3 on default port 37869] INFO  net.NetworkTopologyImpl (NetworkTopologyImpl.java:add(112)) - Added a new node: /default-rack/17c617e6-bef8-4aa5-a634-0bfba4eec40d
2022-12-02 13:56:16,210 [IPC Server handler 3 on default port 37869] INFO  node.SCMNodeManager (SCMNodeManager.java:register(397)) - Registered Data node : 17c617e6-bef8-4aa5-a634-0bfba4eec40d{ip: 10.1.0.163, host: fv-az246-718.py5defvocjqundwqxk0lumnltg.cx.internal.cloudapp.net, ports: [REPLICATION=36545, RATIS=34401, RATIS_ADMIN=34401, RATIS_SERVER=34401, STANDALONE=32865], networkLocation: /default-rack, certSerialId: null, persistedOpState: null, persistedOpStateExpiryEpochSec: 0}
2022-12-02 13:56:16,215 [EventQueue-NewNodeForNewNodeHandler] INFO  pipeline.BackgroundPipelineCreator (BackgroundPipelineCreator.java:notifyEventTriggered(276)) - trigger a one-shot run on RatisPipelineUtilsThread.
2022-12-02 13:56:16,221 [EventQueue-NodeRegistrationContainerReportForContainerSafeModeRule] INFO  safemode.SCMSafeModeManager (SCMSafeModeManager.java:validateSafeModeExitRules(200)) - ContainerSafeModeRule rule is successfully validated
2022-12-02 13:56:16,223 [RatisPipelineUtilsThread - 0] INFO  pipeline.RatisPipelineProvider (RatisPipelineProvider.java:lambda$create$0(195)) - Sending CreatePipelineCommand for pipeline:PipelineID=8d4e1eeb-4842-4ce6-8fa2-3bddc2984768 to datanode:17c617e6-bef8-4aa5-a634-0bfba4eec40d
2022-12-02 13:56:16,225 [EventQueue-NodeRegistrationContainerReportForDataNodeSafeModeRule] INFO  safemode.SCMSafeModeManager (DataNodeSafeModeRule.java:process(71)) - SCM in safe mode. 1 DataNodes registered, 3 required.
2022-12-02 13:56:16,229 [EventQueue-PipelineReportForOneReplicaPipelineSafeModeRule] INFO  safemode.SCMSafeModeManager (SCMSafeModeManager.java:validateSafeModeExitRules(200)) - AtleastOneDatanodeReportedRule rule is successfully validated
2022-12-02 13:56:16,238 [RatisPipelineUtilsThread - 0] INFO  pipeline.PipelineStateManagerImpl (PipelineStateManagerImpl.java:addPipeline(103)) - Created pipeline Pipeline[ Id: 8d4e1eeb-4842-4ce6-8fa2-3bddc2984768, Nodes: 17c617e6-bef8-4aa5-a634-0bfba4eec40d{ip: 10.1.0.163, host: fv-az246-718.py5defvocjqundwqxk0lumnltg.cx.internal.cloudapp.net, ports: [REPLICATION=36545, RATIS=34401, RATIS_ADMIN=34401, RATIS_SERVER=34401, STANDALONE=32865], networkLocation: /default-rack, certSerialId: null, persistedOpState: IN_SERVICE, persistedOpStateExpiryEpochSec: 0}, ReplicationConfig: RATIS/ONE, State:ALLOCATED, leaderId:, CreationTimestamp2022-12-02T13:56:16.222Z[Etc/UTC]].
2022-12-02 13:56:16,258 [Listener at 127.0.0.1/44033] INFO  ozone.MiniOzoneClusterImpl (MiniOzoneClusterImpl.java:lambda$waitForClusterToBeReady$0(216)) - Waiting for nodes to be ready. Got 1 of 7 DN Heartbeats.
2022-12-02 13:56:16,259 [Listener at 127.0.0.1/44033] INFO  ozone.MiniOzoneClusterImpl (MiniOzoneClusterImpl.java:lambda$waitForClusterToBeReady$0(219)) - Waiting for cluster to exit safe mode
2022-12-02 13:56:16,259 [Listener at 127.0.0.1/44033] INFO  ozone.MiniOzoneClusterImpl (MiniOzoneClusterImpl.java:lambda$waitForClusterToBeReady$0(221)) - SCM became leader
2022-12-02 13:56:16,319 [EndpointStateMachine task thread for /0.0.0.0:37869 - 0 ] INFO  utils.DatanodeStoreCache (DatanodeStoreCache.java:addDB(58)) - Added db /home/runner/work/ozone/ozone/hadoop-ozone/integration-test/target/test-dir/MiniOzoneClusterImpl-54b774fa-8058-4f65-8e1c-0ac417d0d4c9/datanode-6/data-0/containers/hdds/54b774fa-8058-4f65-8e1c-0ac417d0d4c9/DS-f400a05b-d2d0-4a10-a962-b344db2a8b4e/container.db to cache
2022-12-02 13:56:16,321 [EndpointStateMachine task thread for /0.0.0.0:37869 - 0 ] INFO  volume.HddsVolume (HddsVolume.java:createDbStore(307)) - SchemaV3 db is created and loaded at /home/runner/work/ozone/ozone/hadoop-ozone/integration-test/target/test-dir/MiniOzoneClusterImpl-54b774fa-8058-4f65-8e1c-0ac417d0d4c9/datanode-6/data-0/containers/hdds/54b774fa-8058-4f65-8e1c-0ac417d0d4c9/DS-f400a05b-d2d0-4a10-a962-b344db2a8b4e/container.db for volume DS-f400a05b-d2d0-4a10-a962-b344db2a8b4e
2022-12-02 13:56:16,321 [EndpointStateMachine task thread for /0.0.0.0:37869 - 0 ] INFO  ozoneimpl.OzoneContainer (OzoneContainer.java:start(395)) - Attempting to start container services.
2022-12-02 13:56:16,321 [EndpointStateMachine task thread for /0.0.0.0:37869 - 0 ] INFO  ozoneimpl.OzoneContainer (OzoneContainer.java:startContainerScrub(312)) - Scheduled background container scanners and the on-demand container scanner have been disabled.
2022-12-02 13:56:16,326 [EndpointStateMachine task thread for /0.0.0.0:37869 - 0 ] INFO  replication.ReplicationServer (ReplicationServer.java:start(111)) - ReplicationServer is started using port 34673
2022-12-02 13:56:16,327 [EndpointStateMachine task thread for /0.0.0.0:37869 - 0 ] INFO  ratis.XceiverServerRatis (XceiverServerRatis.java:start(481)) - Starting XceiverServerRatis c2dd9a81-cece-4eb7-9c72-ec1f6b488133
2022-12-02 13:56:16,327 [EndpointStateMachine task thread for /0.0.0.0:37869 - 0 ] INFO  server.RaftServer (RaftServerProxy.java:startImpl(393)) - c2dd9a81-cece-4eb7-9c72-ec1f6b488133: start RPC server
2022-12-02 13:56:16,328 [EndpointStateMachine task thread for /0.0.0.0:37869 - 0 ] INFO  server.GrpcService (GrpcService.java:startImpl(270)) - c2dd9a81-cece-4eb7-9c72-ec1f6b488133: GrpcService started, listening on 35989
2022-12-02 13:56:16,328 [EndpointStateMachine task thread for /0.0.0.0:37869 - 0 ] INFO  ratis.XceiverServerRatis (XceiverServerRatis.java:getRealPort(502)) - XceiverServerRatis c2dd9a81-cece-4eb7-9c72-ec1f6b488133 is started using port 35989 for RATIS
2022-12-02 13:56:16,328 [JvmPauseMonitor7] INFO  util.JvmPauseMonitor (JvmPauseMonitor.java:run(105)) - JvmPauseMonitor-c2dd9a81-cece-4eb7-9c72-ec1f6b488133: Started
2022-12-02 13:56:16,328 [EndpointStateMachine task thread for /0.0.0.0:37869 - 0 ] INFO  ratis.XceiverServerRatis (XceiverServerRatis.java:getRealPort(502)) - XceiverServerRatis c2dd9a81-cece-4eb7-9c72-ec1f6b488133 is started using port 35989 for RATIS_ADMIN
2022-12-02 13:56:16,330 [EndpointStateMachine task thread for /0.0.0.0:37869 - 0 ] INFO  ratis.XceiverServerRatis (XceiverServerRatis.java:getRealPort(502)) - XceiverServerRatis c2dd9a81-cece-4eb7-9c72-ec1f6b488133 is started using port 35989 for RATIS_SERVER
2022-12-02 13:56:16,339 [EndpointStateMachine task thread for /0.0.0.0:37869 - 0 ] INFO  server.XceiverServerGrpc (XceiverServerGrpc.java:start(180)) - XceiverServerGrpc c2dd9a81-cece-4eb7-9c72-ec1f6b488133 is started using port 45989
2022-12-02 13:56:16,694 [IPC Server handler 2 on default port 37869] INFO  net.NetworkTopologyImpl (NetworkTopologyImpl.java:add(112)) - Added a new node: /default-rack/8e7f0208-8622-43f9-a3a0-bde69c0a79ed
2022-12-02 13:56:16,695 [IPC Server handler 2 on default port 37869] INFO  node.SCMNodeManager (SCMNodeManager.java:register(397)) - Registered Data node : 8e7f0208-8622-43f9-a3a0-bde69c0a79ed{ip: 10.1.0.163, host: fv-az246-718.py5defvocjqundwqxk0lumnltg.cx.internal.cloudapp.net, ports: [REPLICATION=44413, RATIS=35087, RATIS_ADMIN=35087, RATIS_SERVER=35087, STANDALONE=37909], networkLocation: /default-rack, certSerialId: null, persistedOpState: null, persistedOpStateExpiryEpochSec: 0}
2022-12-02 13:56:16,696 [EventQueue-NewNodeForNewNodeHandler] INFO  pipeline.BackgroundPipelineCreator (BackgroundPipelineCreator.java:notifyEventTriggered(276)) - trigger a one-shot run on RatisPipelineUtilsThread.
2022-12-02 13:56:16,696 [EventQueue-NodeRegistrationContainerReportForDataNodeSafeModeRule] INFO  safemode.SCMSafeModeManager (DataNodeSafeModeRule.java:process(71)) - SCM in safe mode. 2 DataNodes registered, 3 required.
2022-12-02 13:56:16,697 [RatisPipelineUtilsThread - 0] INFO  pipeline.RatisPipelineProvider (RatisPipelineProvider.java:lambda$create$0(195)) - Sending CreatePipelineCommand for pipeline:PipelineID=b49525c1-d3f8-4f1f-8915-ec4be6d8dc20 to datanode:8e7f0208-8622-43f9-a3a0-bde69c0a79ed
2022-12-02 13:56:16,698 [RatisPipelineUtilsThread - 0] INFO  pipeline.PipelineStateManagerImpl (PipelineStateManagerImpl.java:addPipeline(103)) - Created pipeline Pipeline[ Id: b49525c1-d3f8-4f1f-8915-ec4be6d8dc20, Nodes: 8e7f0208-8622-43f9-a3a0-bde69c0a79ed{ip: 10.1.0.163, host: fv-az246-718.py5defvocjqundwqxk0lumnltg.cx.internal.cloudapp.net, ports: [REPLICATION=44413, RATIS=35087, RATIS_ADMIN=35087, RATIS_SERVER=35087, STANDALONE=37909], networkLocation: /default-rack, certSerialId: null, persistedOpState: IN_SERVICE, persistedOpStateExpiryEpochSec: 0}, ReplicationConfig: RATIS/ONE, State:ALLOCATED, leaderId:, CreationTimestamp2022-12-02T13:56:16.697Z[Etc/UTC]].
2022-12-02 13:56:17,010 [IPC Server handler 3 on default port 37869] INFO  net.NetworkTopologyImpl (NetworkTopologyImpl.java:add(112)) - Added a new node: /default-rack/b27e6838-cee8-48c3-93ac-b45d2206de0f
2022-12-02 13:56:17,011 [IPC Server handler 3 on default port 37869] INFO  node.SCMNodeManager (SCMNodeManager.java:register(397)) - Registered Data node : b27e6838-cee8-48c3-93ac-b45d2206de0f{ip: 10.1.0.163, host: fv-az246-718.py5defvocjqundwqxk0lumnltg.cx.internal.cloudapp.net, ports: [REPLICATION=37755, RATIS=37205, RATIS_ADMIN=37205, RATIS_SERVER=37205, STANDALONE=41767], networkLocation: /default-rack, certSerialId: null, persistedOpState: null, persistedOpStateExpiryEpochSec: 0}
2022-12-02 13:56:17,011 [EventQueue-NewNodeForNewNodeHandler] INFO  pipeline.BackgroundPipelineCreator (BackgroundPipelineCreator.java:notifyEventTriggered(276)) - trigger a one-shot run on RatisPipelineUtilsThread.
2022-12-02 13:56:17,011 [EventQueue-NodeRegistrationContainerReportForDataNodeSafeModeRule] INFO  safemode.SCMSafeModeManager (DataNodeSafeModeRule.java:process(71)) - SCM in safe mode. 3 DataNodes registered, 3 required.
2022-12-02 13:56:17,012 [EventQueue-NodeRegistrationContainerReportForDataNodeSafeModeRule] INFO  safemode.SCMSafeModeManager (SCMSafeModeManager.java:validateSafeModeExitRules(200)) - DataNodeSafeModeRule rule is successfully validated
2022-12-02 13:56:17,012 [EventQueue-NodeRegistrationContainerReportForDataNodeSafeModeRule] INFO  safemode.SCMSafeModeManager (SCMSafeModeManager.java:completePreCheck(229)) - All SCM safe mode pre check rules have passed
2022-12-02 13:56:17,012 [EventQueue-NodeRegistrationContainerReportForDataNodeSafeModeRule] INFO  ha.SCMContext (SCMContext.java:updateSafeModeStatus(228)) - Update SafeModeStatus from SafeModeStatus{safeModeStatus=true, preCheckPassed=false} to SafeModeStatus{safeModeStatus=true, preCheckPassed=true}.
2022-12-02 13:56:17,012 [EventQueue-NodeRegistrationContainerReportForDataNodeSafeModeRule] INFO  pipeline.BackgroundPipelineCreator (BackgroundPipelineCreator.java:notifyEventTriggered(276)) - trigger a one-shot run on RatisPipelineUtilsThread.
2022-12-02 13:56:17,012 [RatisPipelineUtilsThread - 0] INFO  pipeline.RatisPipelineProvider (RatisPipelineProvider.java:lambda$create$0(195)) - Sending CreatePipelineCommand for pipeline:PipelineID=a8572d07-0735-43e5-bd5e-d68b27098a21 to datanode:b27e6838-cee8-48c3-93ac-b45d2206de0f
2022-12-02 13:56:17,013 [RatisPipelineUtilsThread - 0] INFO  pipeline.PipelineStateManagerImpl (PipelineStateManagerImpl.java:addPipeline(103)) - Created pipeline Pipeline[ Id: a8572d07-0735-43e5-bd5e-d68b27098a21, Nodes: b27e6838-cee8-48c3-93ac-b45d2206de0f{ip: 10.1.0.163, host: fv-az246-718.py5defvocjqundwqxk0lumnltg.cx.internal.cloudapp.net, ports: [REPLICATION=37755, RATIS=37205, RATIS_ADMIN=37205, RATIS_SERVER=37205, STANDALONE=41767], networkLocation: /default-rack, certSerialId: null, persistedOpState: IN_SERVICE, persistedOpStateExpiryEpochSec: 0}, ReplicationConfig: RATIS/ONE, State:ALLOCATED, leaderId:, CreationTimestamp2022-12-02T13:56:17.012Z[Etc/UTC]].
2022-12-02 13:56:17,016 [RatisPipelineUtilsThread - 0] INFO  pipeline.RatisPipelineProvider (RatisPipelineProvider.java:lambda$create$0(195)) - Sending CreatePipelineCommand for pipeline:PipelineID=70dd059f-ff75-476d-b77e-314abe34ccfc to datanode:17c617e6-bef8-4aa5-a634-0bfba4eec40d
2022-12-02 13:56:17,016 [RatisPipelineUtilsThread - 0] INFO  pipeline.RatisPipelineProvider (RatisPipelineProvider.java:lambda$create$0(195)) - Sending CreatePipelineCommand for pipeline:PipelineID=70dd059f-ff75-476d-b77e-314abe34ccfc to datanode:b27e6838-cee8-48c3-93ac-b45d2206de0f
2022-12-02 13:56:17,016 [RatisPipelineUtilsThread - 0] INFO  pipeline.RatisPipelineProvider (RatisPipelineProvider.java:lambda$create$0(195)) - Sending CreatePipelineCommand for pipeline:PipelineID=70dd059f-ff75-476d-b77e-314abe34ccfc to datanode:8e7f0208-8622-43f9-a3a0-bde69c0a79ed
2022-12-02 13:56:17,018 [RatisPipelineUtilsThread - 0] INFO  pipeline.PipelineStateManagerImpl (PipelineStateManagerImpl.java:addPipeline(103)) - Created pipeline Pipeline[ Id: 70dd059f-ff75-476d-b77e-314abe34ccfc, Nodes: 17c617e6-bef8-4aa5-a634-0bfba4eec40d{ip: 10.1.0.163, host: fv-az246-718.py5defvocjqundwqxk0lumnltg.cx.internal.cloudapp.net, ports: [REPLICATION=36545, RATIS=34401, RATIS_ADMIN=34401, RATIS_SERVER=34401, STANDALONE=32865], networkLocation: /default-rack, certSerialId: null, persistedOpState: IN_SERVICE, persistedOpStateExpiryEpochSec: 0}b27e6838-cee8-48c3-93ac-b45d2206de0f{ip: 10.1.0.163, host: fv-az246-718.py5defvocjqundwqxk0lumnltg.cx.internal.cloudapp.net, ports: [REPLICATION=37755, RATIS=37205, RATIS_ADMIN=37205, RATIS_SERVER=37205, STANDALONE=41767], networkLocation: /default-rack, certSerialId: null, persistedOpState: IN_SERVICE, persistedOpStateExpiryEpochSec: 0}8e7f0208-8622-43f9-a3a0-bde69c0a79ed{ip: 10.1.0.163, host: fv-az246-718.py5defvocjqundwqxk0lumnltg.cx.internal.cloudapp.net, ports: [REPLICATION=44413, RATIS=35087, RATIS_ADMIN=35087, RATIS_SERVER=35087, STANDALONE=37909], networkLocation: /default-rack, certSerialId: null, persistedOpState: IN_SERVICE, persistedOpStateExpiryEpochSec: 0}, ReplicationConfig: RATIS/THREE, State:ALLOCATED, leaderId:, CreationTimestamp2022-12-02T13:56:17.016Z[Etc/UTC]].
2022-12-02 13:56:17,019 [RatisPipelineUtilsThread - 0] INFO  pipeline.RatisPipelineProvider (RatisPipelineProvider.java:lambda$create$0(195)) - Sending CreatePipelineCommand for pipeline:PipelineID=6319aeed-fd30-406a-89e5-b690bfc75a3b to datanode:8e7f0208-8622-43f9-a3a0-bde69c0a79ed
2022-12-02 13:56:17,019 [RatisPipelineUtilsThread - 0] INFO  pipeline.RatisPipelineProvider (RatisPipelineProvider.java:lambda$create$0(195)) - Sending CreatePipelineCommand for pipeline:PipelineID=6319aeed-fd30-406a-89e5-b690bfc75a3b to datanode:17c617e6-bef8-4aa5-a634-0bfba4eec40d
2022-12-02 13:56:17,019 [RatisPipelineUtilsThread - 0] INFO  pipeline.RatisPipelineProvider (RatisPipelineProvider.java:lambda$create$0(195)) - Sending CreatePipelineCommand for pipeline:PipelineID=6319aeed-fd30-406a-89e5-b690bfc75a3b to datanode:b27e6838-cee8-48c3-93ac-b45d2206de0f
2022-12-02 13:56:17,020 [RatisPipelineUtilsThread - 0] INFO  pipeline.PipelineStateManagerImpl (PipelineStateManagerImpl.java:addPipeline(103)) - Created pipeline Pipeline[ Id: 6319aeed-fd30-406a-89e5-b690bfc75a3b, Nodes: 8e7f0208-8622-43f9-a3a0-bde69c0a79ed{ip: 10.1.0.163, host: fv-az246-718.py5defvocjqundwqxk0lumnltg.cx.internal.cloudapp.net, ports: [REPLICATION=44413, RATIS=35087, RATIS_ADMIN=35087, RATIS_SERVER=35087, STANDALONE=37909], networkLocation: /default-rack, certSerialId: null, persistedOpState: IN_SERVICE, persistedOpStateExpiryEpochSec: 0}17c617e6-bef8-4aa5-a634-0bfba4eec40d{ip: 10.1.0.163, host: fv-az246-718.py5defvocjqundwqxk0lumnltg.cx.internal.cloudapp.net, ports: [REPLICATION=36545, RATIS=34401, RATIS_ADMIN=34401, RATIS_SERVER=34401, STANDALONE=32865], networkLocation: /default-rack, certSerialId: null, persistedOpState: IN_SERVICE, persistedOpStateExpiryEpochSec: 0}b27e6838-cee8-48c3-93ac-b45d2206de0f{ip: 10.1.0.163, host: fv-az246-718.py5defvocjqundwqxk0lumnltg.cx.internal.cloudapp.net, ports: [REPLICATION=37755, RATIS=37205, RATIS_ADMIN=37205, RATIS_SERVER=37205, STANDALONE=41767], networkLocation: /default-rack, certSerialId: null, persistedOpState: IN_SERVICE, persistedOpStateExpiryEpochSec: 0}, ReplicationConfig: RATIS/THREE, State:ALLOCATED, leaderId:, CreationTimestamp2022-12-02T13:56:17.019Z[Etc/UTC]].
2022-12-02 13:56:17,020 [RatisPipelineUtilsThread - 0] INFO  pipeline.PipelineManagerImpl (PipelineManagerImpl.java:recordMetricsForPipeline(826)) - Pipeline: PipelineID=6319aeed-fd30-406a-89e5-b690bfc75a3b contains same datanodes as previous pipelines: PipelineID=70dd059f-ff75-476d-b77e-314abe34ccfc nodeIds: 8e7f0208-8622-43f9-a3a0-bde69c0a79ed, 17c617e6-bef8-4aa5-a634-0bfba4eec40d, b27e6838-cee8-48c3-93ac-b45d2206de0f
2022-12-02 13:56:17,259 [Listener at 127.0.0.1/44033] INFO  ozone.MiniOzoneClusterImpl (MiniOzoneClusterImpl.java:lambda$waitForClusterToBeReady$0(216)) - Waiting for nodes to be ready. Got 3 of 7 DN Heartbeats.
2022-12-02 13:56:17,260 [Listener at 127.0.0.1/44033] INFO  ozone.MiniOzoneClusterImpl (MiniOzoneClusterImpl.java:lambda$waitForClusterToBeReady$0(219)) - Waiting for cluster to exit safe mode
2022-12-02 13:56:17,260 [Listener at 127.0.0.1/44033] INFO  ozone.MiniOzoneClusterImpl (MiniOzoneClusterImpl.java:lambda$waitForClusterToBeReady$0(221)) - SCM became leader
2022-12-02 13:56:17,315 [IPC Server handler 0 on default port 37869] INFO  net.NetworkTopologyImpl (NetworkTopologyImpl.java:add(112)) - Added a new node: /default-rack/925e8f4f-fc98-43cb-bc65-0e4c101f5ebe
2022-12-02 13:56:17,315 [IPC Server handler 0 on default port 37869] INFO  node.SCMNodeManager (SCMNodeManager.java:register(397)) - Registered Data node : 925e8f4f-fc98-43cb-bc65-0e4c101f5ebe{ip: 10.1.0.163, host: fv-az246-718.py5defvocjqundwqxk0lumnltg.cx.internal.cloudapp.net, ports: [REPLICATION=33113, RATIS=44405, RATIS_ADMIN=44405, RATIS_SERVER=44405, STANDALONE=42317], networkLocation: /default-rack, certSerialId: null, persistedOpState: null, persistedOpStateExpiryEpochSec: 0}
2022-12-02 13:56:17,316 [EventQueue-NewNodeForNewNodeHandler] INFO  pipeline.BackgroundPipelineCreator (BackgroundPipelineCreator.java:notifyEventTriggered(276)) - trigger a one-shot run on RatisPipelineUtilsThread.
2022-12-02 13:56:17,317 [RatisPipelineUtilsThread - 0] INFO  pipeline.RatisPipelineProvider (RatisPipelineProvider.java:lambda$create$0(195)) - Sending CreatePipelineCommand for pipeline:PipelineID=e2cba826-600a-4a54-887c-4051b2db8663 to datanode:925e8f4f-fc98-43cb-bc65-0e4c101f5ebe
2022-12-02 13:56:17,318 [RatisPipelineUtilsThread - 0] INFO  pipeline.PipelineStateManagerImpl (PipelineStateManagerImpl.java:addPipeline(103)) - Created pipeline Pipeline[ Id: e2cba826-600a-4a54-887c-4051b2db8663, Nodes: 925e8f4f-fc98-43cb-bc65-0e4c101f5ebe{ip: 10.1.0.163, host: fv-az246-718.py5defvocjqundwqxk0lumnltg.cx.internal.cloudapp.net, ports: [REPLICATION=33113, RATIS=44405, RATIS_ADMIN=44405, RATIS_SERVER=44405, STANDALONE=42317], networkLocation: /default-rack, certSerialId: null, persistedOpState: IN_SERVICE, persistedOpStateExpiryEpochSec: 0}, ReplicationConfig: RATIS/ONE, State:ALLOCATED, leaderId:, CreationTimestamp2022-12-02T13:56:17.317Z[Etc/UTC]].
2022-12-02 13:56:17,621 [IPC Server handler 1 on default port 37869] INFO  net.NetworkTopologyImpl (NetworkTopologyImpl.java:add(112)) - Added a new node: /default-rack/4d9c5b7e-d393-45ed-b870-ebf9f6356405
2022-12-02 13:56:17,622 [IPC Server handler 1 on default port 37869] INFO  node.SCMNodeManager (SCMNodeManager.java:register(397)) - Registered Data node : 4d9c5b7e-d393-45ed-b870-ebf9f6356405{ip: 10.1.0.163, host: fv-az246-718.py5defvocjqundwqxk0lumnltg.cx.internal.cloudapp.net, ports: [REPLICATION=39719, RATIS=36463, RATIS_ADMIN=36463, RATIS_SERVER=36463, STANDALONE=44945], networkLocation: /default-rack, certSerialId: null, persistedOpState: null, persistedOpStateExpiryEpochSec: 0}
2022-12-02 13:56:17,622 [EventQueue-NewNodeForNewNodeHandler] INFO  pipeline.BackgroundPipelineCreator (BackgroundPipelineCreator.java:notifyEventTriggered(276)) - trigger a one-shot run on RatisPipelineUtilsThread.
2022-12-02 13:56:17,624 [RatisPipelineUtilsThread - 0] INFO  pipeline.RatisPipelineProvider (RatisPipelineProvider.java:lambda$create$0(195)) - Sending CreatePipelineCommand for pipeline:PipelineID=fd61c171-cae5-4da4-bb48-51c550399dfe to datanode:4d9c5b7e-d393-45ed-b870-ebf9f6356405
2022-12-02 13:56:17,624 [RatisPipelineUtilsThread - 0] INFO  pipeline.PipelineStateManagerImpl (PipelineStateManagerImpl.java:addPipeline(103)) - Created pipeline Pipeline[ Id: fd61c171-cae5-4da4-bb48-51c550399dfe, Nodes: 4d9c5b7e-d393-45ed-b870-ebf9f6356405{ip: 10.1.0.163, host: fv-az246-718.py5defvocjqundwqxk0lumnltg.cx.internal.cloudapp.net, ports: [REPLICATION=39719, RATIS=36463, RATIS_ADMIN=36463, RATIS_SERVER=36463, STANDALONE=44945], networkLocation: /default-rack, certSerialId: null, persistedOpState: IN_SERVICE, persistedOpStateExpiryEpochSec: 0}, ReplicationConfig: RATIS/ONE, State:ALLOCATED, leaderId:, CreationTimestamp2022-12-02T13:56:17.624Z[Etc/UTC]].
2022-12-02 13:56:17,929 [IPC Server handler 3 on default port 37869] INFO  net.NetworkTopologyImpl (NetworkTopologyImpl.java:add(112)) - Added a new node: /default-rack/e9939b6b-a755-45ab-a1e0-5fd09d343461
2022-12-02 13:56:17,929 [IPC Server handler 3 on default port 37869] INFO  node.SCMNodeManager (SCMNodeManager.java:register(397)) - Registered Data node : e9939b6b-a755-45ab-a1e0-5fd09d343461{ip: 10.1.0.163, host: fv-az246-718.py5defvocjqundwqxk0lumnltg.cx.internal.cloudapp.net, ports: [REPLICATION=33495, RATIS=38091, RATIS_ADMIN=38091, RATIS_SERVER=38091, STANDALONE=36077], networkLocation: /default-rack, certSerialId: null, persistedOpState: null, persistedOpStateExpiryEpochSec: 0}
2022-12-02 13:56:17,930 [EventQueue-NewNodeForNewNodeHandler] INFO  pipeline.BackgroundPipelineCreator (BackgroundPipelineCreator.java:notifyEventTriggered(276)) - trigger a one-shot run on RatisPipelineUtilsThread.
2022-12-02 13:56:17,931 [RatisPipelineUtilsThread - 0] INFO  pipeline.RatisPipelineProvider (RatisPipelineProvider.java:lambda$create$0(195)) - Sending CreatePipelineCommand for pipeline:PipelineID=a57d9251-1952-46b1-96bb-ba2bfb068b4b to datanode:e9939b6b-a755-45ab-a1e0-5fd09d343461
2022-12-02 13:56:17,932 [RatisPipelineUtilsThread - 0] INFO  pipeline.PipelineStateManagerImpl (PipelineStateManagerImpl.java:addPipeline(103)) - Created pipeline Pipeline[ Id: a57d9251-1952-46b1-96bb-ba2bfb068b4b, Nodes: e9939b6b-a755-45ab-a1e0-5fd09d343461{ip: 10.1.0.163, host: fv-az246-718.py5defvocjqundwqxk0lumnltg.cx.internal.cloudapp.net, ports: [REPLICATION=33495, RATIS=38091, RATIS_ADMIN=38091, RATIS_SERVER=38091, STANDALONE=36077], networkLocation: /default-rack, certSerialId: null, persistedOpState: IN_SERVICE, persistedOpStateExpiryEpochSec: 0}, ReplicationConfig: RATIS/ONE, State:ALLOCATED, leaderId:, CreationTimestamp2022-12-02T13:56:17.931Z[Etc/UTC]].
2022-12-02 13:56:17,933 [RatisPipelineUtilsThread - 0] INFO  pipeline.RatisPipelineProvider (RatisPipelineProvider.java:lambda$create$0(195)) - Sending CreatePipelineCommand for pipeline:PipelineID=4c720a67-a6e6-4faf-8477-e7ef25d8afe4 to datanode:925e8f4f-fc98-43cb-bc65-0e4c101f5ebe
2022-12-02 13:56:17,933 [RatisPipelineUtilsThread - 0] INFO  pipeline.RatisPipelineProvider (RatisPipelineProvider.java:lambda$create$0(195)) - Sending CreatePipelineCommand for pipeline:PipelineID=4c720a67-a6e6-4faf-8477-e7ef25d8afe4 to datanode:4d9c5b7e-d393-45ed-b870-ebf9f6356405
2022-12-02 13:56:17,933 [RatisPipelineUtilsThread - 0] INFO  pipeline.RatisPipelineProvider (RatisPipelineProvider.java:lambda$create$0(195)) - Sending CreatePipelineCommand for pipeline:PipelineID=4c720a67-a6e6-4faf-8477-e7ef25d8afe4 to datanode:e9939b6b-a755-45ab-a1e0-5fd09d343461
2022-12-02 13:56:17,933 [RatisPipelineUtilsThread - 0] INFO  pipeline.PipelineStateManagerImpl (PipelineStateManagerImpl.java:addPipeline(103)) - Created pipeline Pipeline[ Id: 4c720a67-a6e6-4faf-8477-e7ef25d8afe4, Nodes: 925e8f4f-fc98-43cb-bc65-0e4c101f5ebe{ip: 10.1.0.163, host: fv-az246-718.py5defvocjqundwqxk0lumnltg.cx.internal.cloudapp.net, ports: [REPLICATION=33113, RATIS=44405, RATIS_ADMIN=44405, RATIS_SERVER=44405, STANDALONE=42317], networkLocation: /default-rack, certSerialId: null, persistedOpState: IN_SERVICE, persistedOpStateExpiryEpochSec: 0}4d9c5b7e-d393-45ed-b870-ebf9f6356405{ip: 10.1.0.163, host: fv-az246-718.py5defvocjqundwqxk0lumnltg.cx.internal.cloudapp.net, ports: [REPLICATION=39719, RATIS=36463, RATIS_ADMIN=36463, RATIS_SERVER=36463, STANDALONE=44945], networkLocation: /default-rack, certSerialId: null, persistedOpState: IN_SERVICE, persistedOpStateExpiryEpochSec: 0}e9939b6b-a755-45ab-a1e0-5fd09d343461{ip: 10.1.0.163, host: fv-az246-718.py5defvocjqundwqxk0lumnltg.cx.internal.cloudapp.net, ports: [REPLICATION=33495, RATIS=38091, RATIS_ADMIN=38091, RATIS_SERVER=38091, STANDALONE=36077], networkLocation: /default-rack, certSerialId: null, persistedOpState: IN_SERVICE, persistedOpStateExpiryEpochSec: 0}, ReplicationConfig: RATIS/THREE, State:ALLOCATED, leaderId:, CreationTimestamp2022-12-02T13:56:17.933Z[Etc/UTC]].
2022-12-02 13:56:17,934 [RatisPipelineUtilsThread - 0] INFO  pipeline.RatisPipelineProvider (RatisPipelineProvider.java:lambda$create$0(195)) - Sending CreatePipelineCommand for pipeline:PipelineID=ed9ace67-4645-4a3b-9689-1fec9beda86d to datanode:4d9c5b7e-d393-45ed-b870-ebf9f6356405
2022-12-02 13:56:17,934 [RatisPipelineUtilsThread - 0] INFO  pipeline.RatisPipelineProvider (RatisPipelineProvider.java:lambda$create$0(195)) - Sending CreatePipelineCommand for pipeline:PipelineID=ed9ace67-4645-4a3b-9689-1fec9beda86d to datanode:925e8f4f-fc98-43cb-bc65-0e4c101f5ebe
2022-12-02 13:56:17,934 [RatisPipelineUtilsThread - 0] INFO  pipeline.RatisPipelineProvider (RatisPipelineProvider.java:lambda$create$0(195)) - Sending CreatePipelineCommand for pipeline:PipelineID=ed9ace67-4645-4a3b-9689-1fec9beda86d to datanode:e9939b6b-a755-45ab-a1e0-5fd09d343461
2022-12-02 13:56:17,935 [RatisPipelineUtilsThread - 0] INFO  pipeline.PipelineStateManagerImpl (PipelineStateManagerImpl.java:addPipeline(103)) - Created pipeline Pipeline[ Id: ed9ace67-4645-4a3b-9689-1fec9beda86d, Nodes: 4d9c5b7e-d393-45ed-b870-ebf9f6356405{ip: 10.1.0.163, host: fv-az246-718.py5defvocjqundwqxk0lumnltg.cx.internal.cloudapp.net, ports: [REPLICATION=39719, RATIS=36463, RATIS_ADMIN=36463, RATIS_SERVER=36463, STANDALONE=44945], networkLocation: /default-rack, certSerialId: null, persistedOpState: IN_SERVICE, persistedOpStateExpiryEpochSec: 0}925e8f4f-fc98-43cb-bc65-0e4c101f5ebe{ip: 10.1.0.163, host: fv-az246-718.py5defvocjqundwqxk0lumnltg.cx.internal.cloudapp.net, ports: [REPLICATION=33113, RATIS=44405, RATIS_ADMIN=44405, RATIS_SERVER=44405, STANDALONE=42317], networkLocation: /default-rack, certSerialId: null, persistedOpState: IN_SERVICE, persistedOpStateExpiryEpochSec: 0}e9939b6b-a755-45ab-a1e0-5fd09d343461{ip: 10.1.0.163, host: fv-az246-718.py5defvocjqundwqxk0lumnltg.cx.internal.cloudapp.net, ports: [REPLICATION=33495, RATIS=38091, RATIS_ADMIN=38091, RATIS_SERVER=38091, STANDALONE=36077], networkLocation: /default-rack, certSerialId: null, persistedOpState: IN_SERVICE, persistedOpStateExpiryEpochSec: 0}, ReplicationConfig: RATIS/THREE, State:ALLOCATED, leaderId:, CreationTimestamp2022-12-02T13:56:17.934Z[Etc/UTC]].
2022-12-02 13:56:17,935 [RatisPipelineUtilsThread - 0] INFO  pipeline.PipelineManagerImpl (PipelineManagerImpl.java:recordMetricsForPipeline(826)) - Pipeline: PipelineID=ed9ace67-4645-4a3b-9689-1fec9beda86d contains same datanodes as previous pipelines: PipelineID=4c720a67-a6e6-4faf-8477-e7ef25d8afe4 nodeIds: 4d9c5b7e-d393-45ed-b870-ebf9f6356405, 925e8f4f-fc98-43cb-bc65-0e4c101f5ebe, e9939b6b-a755-45ab-a1e0-5fd09d343461
2022-12-02 13:56:18,196 [EventQueue-CommandQueueReportForCommandQueueReportHandler] WARN  events.EventQueue (EventQueue.java:fireEvent(216)) - No event handler registered for event TypedEvent{payloadType=DatanodeDetails, name='Datanode_Command_Queue_Updated'}
2022-12-02 13:56:18,260 [Listener at 127.0.0.1/44033] INFO  ozone.MiniOzoneClusterImpl (MiniOzoneClusterImpl.java:lambda$waitForClusterToBeReady$0(216)) - Waiting for nodes to be ready. Got 6 of 7 DN Heartbeats.
2022-12-02 13:56:18,261 [Listener at 127.0.0.1/44033] INFO  ozone.MiniOzoneClusterImpl (MiniOzoneClusterImpl.java:lambda$waitForClusterToBeReady$0(219)) - Waiting for cluster to exit safe mode
2022-12-02 13:56:18,261 [Listener at 127.0.0.1/44033] INFO  ozone.MiniOzoneClusterImpl (MiniOzoneClusterImpl.java:lambda$waitForClusterToBeReady$0(221)) - SCM became leader
2022-12-02 13:56:18,280 [IPC Server handler 5 on default port 37869] INFO  net.NetworkTopologyImpl (NetworkTopologyImpl.java:add(112)) - Added a new node: /default-rack/c2dd9a81-cece-4eb7-9c72-ec1f6b488133
2022-12-02 13:56:18,281 [IPC Server handler 5 on default port 37869] INFO  node.SCMNodeManager (SCMNodeManager.java:register(397)) - Registered Data node : c2dd9a81-cece-4eb7-9c72-ec1f6b488133{ip: 10.1.0.163, host: fv-az246-718.py5defvocjqundwqxk0lumnltg.cx.internal.cloudapp.net, ports: [REPLICATION=34673, RATIS=35989, RATIS_ADMIN=35989, RATIS_SERVER=35989, STANDALONE=45989], networkLocation: /default-rack, certSerialId: null, persistedOpState: null, persistedOpStateExpiryEpochSec: 0}
2022-12-02 13:56:18,282 [EventQueue-NewNodeForNewNodeHandler] INFO  pipeline.BackgroundPipelineCreator (BackgroundPipelineCreator.java:notifyEventTriggered(276)) - trigger a one-shot run on RatisPipelineUtilsThread.
2022-12-02 13:56:18,284 [RatisPipelineUtilsThread - 0] INFO  pipeline.RatisPipelineProvider (RatisPipelineProvider.java:lambda$create$0(195)) - Sending CreatePipelineCommand for pipeline:PipelineID=d30e23a2-fa5d-4654-939a-984fb5b10e6c to datanode:c2dd9a81-cece-4eb7-9c72-ec1f6b488133
2022-12-02 13:56:18,285 [RatisPipelineUtilsThread - 0] INFO  pipeline.PipelineStateManagerImpl (PipelineStateManagerImpl.java:addPipeline(103)) - Created pipeline Pipeline[ Id: d30e23a2-fa5d-4654-939a-984fb5b10e6c, Nodes: c2dd9a81-cece-4eb7-9c72-ec1f6b488133{ip: 10.1.0.163, host: fv-az246-718.py5defvocjqundwqxk0lumnltg.cx.internal.cloudapp.net, ports: [REPLICATION=34673, RATIS=35989, RATIS_ADMIN=35989, RATIS_SERVER=35989, STANDALONE=45989], networkLocation: /default-rack, certSerialId: null, persistedOpState: IN_SERVICE, persistedOpStateExpiryEpochSec: 0}, ReplicationConfig: RATIS/ONE, State:ALLOCATED, leaderId:, CreationTimestamp2022-12-02T13:56:18.284Z[Etc/UTC]].
2022-12-02 13:56:18,698 [EventQueue-CommandQueueReportForCommandQueueReportHandler] WARN  events.EventQueue (EventQueue.java:fireEvent(216)) - No event handler registered for event TypedEvent{payloadType=DatanodeDetails, name='Datanode_Command_Queue_Updated'}
2022-12-02 13:56:19,009 [EventQueue-CommandQueueReportForCommandQueueReportHandler] WARN  events.EventQueue (EventQueue.java:fireEvent(216)) - No event handler registered for event TypedEvent{payloadType=DatanodeDetails, name='Datanode_Command_Queue_Updated'}
2022-12-02 13:56:19,175 [EventQueue-CommandQueueReportForCommandQueueReportHandler] WARN  events.EventQueue (EventQueue.java:fireEvent(216)) - No event handler registered for event TypedEvent{payloadType=DatanodeDetails, name='Datanode_Command_Queue_Updated'}
2022-12-02 13:56:19,205 [Command processor thread] INFO  server.RaftServer (RaftServerProxy.java:addNew(96)) - 17c617e6-bef8-4aa5-a634-0bfba4eec40d: addNew group-3BDDC2984768:[17c617e6-bef8-4aa5-a634-0bfba4eec40d|rpc:10.1.0.163:34401|priority:1|startupRole:FOLLOWER] returns group-3BDDC2984768:java.util.concurrent.CompletableFuture@5496e822[Not completed]
2022-12-02 13:56:19,221 [pool-71-thread-1] INFO  server.RaftServer$Division (RaftServerImpl.java:<init>(195)) - 17c617e6-bef8-4aa5-a634-0bfba4eec40d: new RaftServerImpl for group-3BDDC2984768:[17c617e6-bef8-4aa5-a634-0bfba4eec40d|rpc:10.1.0.163:34401|priority:1|startupRole:FOLLOWER] with ContainerStateMachine:uninitialized
2022-12-02 13:56:19,221 [pool-71-thread-1] INFO  server.RaftServerConfigKeys (ConfUtils.java:logGet(46)) - raft.server.rpc.timeout.min = 5s (custom)
2022-12-02 13:56:19,222 [pool-71-thread-1] INFO  server.RaftServerConfigKeys (ConfUtils.java:logGet(46)) - raft.server.rpc.timeout.max = 5200ms (custom)
2022-12-02 13:56:19,222 [pool-71-thread-1] INFO  server.RaftServerConfigKeys (ConfUtils.java:logGet(46)) - raft.server.rpc.sleep.time = 25ms (default)
2022-12-02 13:56:19,222 [pool-71-thread-1] INFO  server.RaftServerConfigKeys (ConfUtils.java:logGet(46)) - raft.server.rpc.slowness.timeout = 300s (custom)
2022-12-02 13:56:19,222 [pool-71-thread-1] INFO  server.RaftServerConfigKeys (ConfUtils.java:logGet(46)) - raft.server.leaderelection.leader.step-down.wait-time = 10s (default)
2022-12-02 13:56:19,222 [pool-71-thread-1] INFO  server.RaftServerConfigKeys (ConfUtils.java:logGet(46)) - raft.server.sleep.deviation.threshold = 300ms (default)
2022-12-02 13:56:19,222 [pool-71-thread-1] INFO  server.RaftServer$Division (ServerState.java:<init>(118)) - 17c617e6-bef8-4aa5-a634-0bfba4eec40d@group-3BDDC2984768: ConfigurationManager, init=-1: peers:[17c617e6-bef8-4aa5-a634-0bfba4eec40d|rpc:10.1.0.163:34401|priority:1|startupRole:FOLLOWER]|listeners:[], old=null, confs=<EMPTY_MAP>
2022-12-02 13:56:19,222 [pool-71-thread-1] INFO  server.RaftServerConfigKeys (ConfUtils.java:logGet(46)) - raft.server.storage.dir = [/home/runner/work/ozone/ozone/hadoop-ozone/integration-test/target/test-dir/MiniOzoneClusterImpl-54b774fa-8058-4f65-8e1c-0ac417d0d4c9/datanode-0/data/ratis] (custom)
2022-12-02 13:56:19,222 [pool-71-thread-1] INFO  server.RaftServerConfigKeys (ConfUtils.java:logGet(46)) - raft.server.log.corruption.policy = EXCEPTION (default)
2022-12-02 13:56:19,226 [pool-71-thread-1] INFO  server.RaftServerConfigKeys (ConfUtils.java:logGet(46)) - raft.server.storage.free-space.min = 0MB (=0) (default)
2022-12-02 13:56:19,226 [pool-71-thread-1] INFO  server.RaftServerConfigKeys (ConfUtils.java:logGet(46)) - raft.server.notification.no-leader.timeout = 300s (custom)
2022-12-02 13:56:19,226 [pool-71-thread-1] INFO  server.RaftServerConfigKeys (ConfUtils.java:logGet(46)) - raft.server.retrycache.expirytime = 600000ms (custom)
2022-12-02 13:56:19,226 [pool-71-thread-1] INFO  server.RaftServerConfigKeys (ConfUtils.java:logGet(46)) - raft.server.retrycache.statistics.expirytime = 100μs (default)
2022-12-02 13:56:19,235 [pool-71-thread-1] INFO  server.RaftServerConfigKeys (ConfUtils.java:logGet(46)) - raft.server.log.appender.install.snapshot.enabled = false (custom)
2022-12-02 13:56:19,235 [pool-71-thread-1] INFO  server.RaftServerConfigKeys (ConfUtils.java:logGet(46)) - raft.server.threadpool.server.cached = true (default)
2022-12-02 13:56:19,235 [pool-71-thread-1] INFO  server.RaftServerConfigKeys (ConfUtils.java:logGet(46)) - raft.server.threadpool.server.size = 0 (default)
2022-12-02 13:56:19,235 [pool-71-thread-1] INFO  server.RaftServerConfigKeys (ConfUtils.java:logGet(46)) - raft.server.threadpool.client.cached = true (default)
2022-12-02 13:56:19,235 [pool-71-thread-1] INFO  server.RaftServerConfigKeys (ConfUtils.java:logGet(46)) - raft.server.threadpool.client.size = 0 (default)
2022-12-02 13:56:19,236 [pool-71-thread-1] INFO  storage.RaftStorageDirectory (RaftStorageDirectoryImpl.java:analyzeStorage(137)) - The storage directory /home/runner/work/ozone/ozone/hadoop-ozone/integration-test/target/test-dir/MiniOzoneClusterImpl-54b774fa-8058-4f65-8e1c-0ac417d0d4c9/datanode-0/data/ratis/8d4e1eeb-4842-4ce6-8fa2-3bddc2984768 does not exist. Creating ...
2022-12-02 13:56:19,239 [pool-71-thread-1] INFO  storage.RaftStorageDirectory (RaftStorageDirectoryImpl.java:tryLock(231)) - Lock on /home/runner/work/ozone/ozone/hadoop-ozone/integration-test/target/test-dir/MiniOzoneClusterImpl-54b774fa-8058-4f65-8e1c-0ac417d0d4c9/datanode-0/data/ratis/8d4e1eeb-4842-4ce6-8fa2-3bddc2984768/in_use.lock acquired by nodename 13980@fv-az246-718
2022-12-02 13:56:19,241 [pool-71-thread-1] INFO  storage.RaftStorage (RaftStorageImpl.java:format(96)) - Storage directory /home/runner/work/ozone/ozone/hadoop-ozone/integration-test/target/test-dir/MiniOzoneClusterImpl-54b774fa-8058-4f65-8e1c-0ac417d0d4c9/datanode-0/data/ratis/8d4e1eeb-4842-4ce6-8fa2-3bddc2984768 has been successfully formatted.
2022-12-02 13:56:19,246 [pool-71-thread-1] INFO  ratis.ContainerStateMachine (ContainerStateMachine.java:loadSnapshot(236)) - group-3BDDC2984768: The snapshot info is null. Setting the last applied indexto:(t:0, i:~)
2022-12-02 13:56:19,246 [pool-71-thread-1] INFO  server.RaftServerConfigKeys (ConfUtils.java:logGet(46)) - raft.server.log.use.memory = false (default)
2022-12-02 13:56:19,246 [pool-71-thread-1] INFO  server.RaftServerConfigKeys (ConfUtils.java:logGet(46)) - raft.server.log.purge.gap = 1000000 (custom)
2022-12-02 13:56:19,247 [pool-71-thread-1] INFO  server.RaftServerConfigKeys (ConfUtils.java:logGet(46)) - raft.server.log.appender.buffer.byte-limit = 33554432 (custom)
2022-12-02 13:56:19,247 [pool-71-thread-1] INFO  server.RaftServerConfigKeys (ConfUtils.java:logGet(46)) - raft.server.log.statemachine.data.read.timeout = 1000ms (default)
2022-12-02 13:56:19,247 [pool-71-thread-1] INFO  server.RaftServerConfigKeys (ConfUtils.java:logGet(46)) - raft.server.log.purge.preservation.log.num = 0 (default)
2022-12-02 13:56:19,248 [pool-71-thread-1] INFO  server.RaftServerConfigKeys (ConfUtils.java:logGet(46)) - raft.server.log.segment.size.max = 1048576 (custom)
2022-12-02 13:56:19,251 [pool-71-thread-1] INFO  server.RaftServerConfigKeys (ConfUtils.java:logGet(46)) - raft.server.log.segment.cache.num.max = 2 (custom)
2022-12-02 13:56:19,251 [pool-71-thread-1] INFO  server.RaftServerConfigKeys (ConfUtils.java:logGet(46)) - raft.server.log.segment.cache.size.max = 200MB (=209715200) (default)
2022-12-02 13:56:19,251 [pool-71-thread-1] INFO  segmented.SegmentedRaftLogWorker (SegmentedRaftLogWorker.java:<init>(189)) - new 17c617e6-bef8-4aa5-a634-0bfba4eec40d@group-3BDDC2984768-SegmentedRaftLogWorker for RaftStorageImpl:Storage Directory /home/runner/work/ozone/ozone/hadoop-ozone/integration-test/target/test-dir/MiniOzoneClusterImpl-54b774fa-8058-4f65-8e1c-0ac417d0d4c9/datanode-0/data/ratis/8d4e1eeb-4842-4ce6-8fa2-3bddc2984768
2022-12-02 13:56:19,251 [pool-71-thread-1] INFO  server.RaftServerConfigKeys (ConfUtils.java:logGet(46)) - raft.server.log.queue.byte-limit = 4294967296 (custom)
2022-12-02 13:56:19,251 [pool-71-thread-1] INFO  server.RaftServerConfigKeys (ConfUtils.java:logGet(46)) - raft.server.log.queue.element-limit = 1024 (custom)
2022-12-02 13:56:19,251 [pool-71-thread-1] INFO  server.RaftServerConfigKeys (ConfUtils.java:logGet(46)) - raft.server.log.segment.size.max = 1048576 (custom)
2022-12-02 13:56:19,251 [pool-71-thread-1] INFO  server.RaftServerConfigKeys (ConfUtils.java:logGet(46)) - raft.server.log.preallocated.size = 16384 (custom)
2022-12-02 13:56:19,251 [pool-71-thread-1] INFO  server.RaftServerConfigKeys (ConfUtils.java:logGet(46)) - raft.server.log.force.sync.num = 128 (default)
2022-12-02 13:56:19,252 [pool-71-thread-1] INFO  server.RaftServerConfigKeys (ConfUtils.java:logGet(46)) - raft.server.log.statemachine.data.sync = true (default)
2022-12-02 13:56:19,252 [pool-71-thread-1] INFO  server.RaftServerConfigKeys (ConfUtils.java:logGet(46)) - raft.server.log.statemachine.data.sync.timeout = 10s (default)
2022-12-02 13:56:19,252 [pool-71-thread-1] INFO  server.RaftServerConfigKeys (ConfUtils.java:logGet(46)) - raft.server.log.statemachine.data.sync.timeout.retry = -1 (default)
2022-12-02 13:56:19,259 [pool-71-thread-1] INFO  server.RaftServerConfigKeys (ConfUtils.java:logGet(46)) - raft.server.log.write.buffer.size = 1048576 (custom)
2022-12-02 13:56:19,259 [pool-71-thread-1] INFO  server.RaftServerConfigKeys (ConfUtils.java:logGet(46)) - raft.server.log.appender.buffer.byte-limit = 33554432 (custom)
2022-12-02 13:56:19,302 [Listener at 127.0.0.1/44033] INFO  ozone.MiniOzoneClusterImpl (MiniOzoneClusterImpl.java:lambda$waitForClusterToBeReady$0(216)) - Nodes are ready. Got 7 of 7 DN Heartbeats.
2022-12-02 13:56:19,302 [Listener at 127.0.0.1/44033] INFO  ozone.MiniOzoneClusterImpl (MiniOzoneClusterImpl.java:lambda$waitForClusterToBeReady$0(219)) - Waiting for cluster to exit safe mode
2022-12-02 13:56:19,302 [Listener at 127.0.0.1/44033] INFO  ozone.MiniOzoneClusterImpl (MiniOzoneClusterImpl.java:lambda$waitForClusterToBeReady$0(221)) - SCM became leader
2022-12-02 13:56:19,304 [EventQueue-CommandQueueReportForCommandQueueReportHandler] WARN  events.EventQueue (EventQueue.java:fireEvent(216)) - No event handler registered for event TypedEvent{payloadType=DatanodeDetails, name='Datanode_Command_Queue_Updated'}
2022-12-02 13:56:19,305 [EventQueue-PipelineReportForPipelineReportHandler] INFO  pipeline.PipelineManagerImpl (PipelineManagerImpl.java:openPipeline(367)) - Pipeline Pipeline[ Id: 8d4e1eeb-4842-4ce6-8fa2-3bddc2984768, Nodes: 17c617e6-bef8-4aa5-a634-0bfba4eec40d{ip: 10.1.0.163, host: fv-az246-718.py5defvocjqundwqxk0lumnltg.cx.internal.cloudapp.net, ports: [REPLICATION=36545, RATIS=34401, RATIS_ADMIN=34401, RATIS_SERVER=34401, STANDALONE=32865], networkLocation: /default-rack, certSerialId: null, persistedOpState: IN_SERVICE, persistedOpStateExpiryEpochSec: 0}, ReplicationConfig: RATIS/ONE, State:ALLOCATED, leaderId:17c617e6-bef8-4aa5-a634-0bfba4eec40d, CreationTimestamp2022-12-02T13:56:16.222Z[Etc/UTC]] moved to OPEN state
2022-12-02 13:56:19,312 [pool-71-thread-1] INFO  server.RaftServerConfigKeys (ConfUtils.java:logGet(46)) - raft.server.log.unsafe-flush.enabled = false (default)
2022-12-02 13:56:19,313 [pool-71-thread-1] INFO  server.RaftServerConfigKeys (ConfUtils.java:logGet(46)) - raft.server.log.async-flush.enabled = false (default)
2022-12-02 13:56:19,313 [pool-71-thread-1] INFO  server.RaftServerConfigKeys (ConfUtils.java:logGet(46)) - raft.server.log.statemachine.data.caching.enabled = true (custom)
2022-12-02 13:56:19,313 [pool-71-thread-1] INFO  segmented.SegmentedRaftLogWorker (SegmentedRaftLogWorker.java:lambda$new$0(135)) - 17c617e6-bef8-4aa5-a634-0bfba4eec40d@group-3BDDC2984768-SegmentedRaftLogWorker: flushIndex: setUnconditionally 0 -> -1
2022-12-02 13:56:19,313 [pool-71-thread-1] INFO  segmented.SegmentedRaftLogWorker (SegmentedRaftLogWorker.java:lambda$new$0(135)) - 17c617e6-bef8-4aa5-a634-0bfba4eec40d@group-3BDDC2984768-SegmentedRaftLogWorker: safeCacheEvictIndex: setUnconditionally 0 -> -1
2022-12-02 13:56:19,313 [EventQueue-OpenPipelineForHealthyPipelineSafeModeRule] INFO  safemode.SCMSafeModeManager (HealthyPipelineSafeModeRule.java:process(137)) - SCM in safe mode. Healthy pipelines reported count is 0, required healthy pipeline reported count is 1
2022-12-02 13:56:19,314 [pool-71-thread-1] INFO  server.RaftServer$Division (RaftServerImpl.java:start(334)) - 17c617e6-bef8-4aa5-a634-0bfba4eec40d@group-3BDDC2984768: start as a follower, conf=-1: peers:[17c617e6-bef8-4aa5-a634-0bfba4eec40d|rpc:10.1.0.163:34401|priority:1|startupRole:FOLLOWER]|listeners:[], old=null
2022-12-02 13:56:19,319 [pool-71-thread-1] INFO  server.RaftServer$Division (RaftServerImpl.java:setRole(321)) - 17c617e6-bef8-4aa5-a634-0bfba4eec40d@group-3BDDC2984768: changes role from      null to FOLLOWER at term 0 for startAsFollower
2022-12-02 13:56:19,319 [pool-71-thread-1] INFO  impl.RoleInfo (RoleInfo.java:updateAndGet(139)) - 17c617e6-bef8-4aa5-a634-0bfba4eec40d: start 17c617e6-bef8-4aa5-a634-0bfba4eec40d@group-3BDDC2984768-FollowerState
2022-12-02 13:56:19,319 [EventQueue-CommandQueueReportForCommandQueueReportHandler] WARN  events.EventQueue (EventQueue.java:fireEvent(216)) - No event handler registered for event TypedEvent{payloadType=DatanodeDetails, name='Datanode_Command_Queue_Updated'}
2022-12-02 13:56:19,319 [17c617e6-bef8-4aa5-a634-0bfba4eec40d@group-3BDDC2984768-FollowerState] INFO  server.RaftServerConfigKeys (ConfUtils.java:logFallback(53)) - raft.server.rpc.first-election.timeout.min = 5s (fallback to raft.server.rpc.timeout.min)
2022-12-02 13:56:19,320 [17c617e6-bef8-4aa5-a634-0bfba4eec40d@group-3BDDC2984768-FollowerState] INFO  server.RaftServerConfigKeys (ConfUtils.java:logFallback(53)) - raft.server.rpc.first-election.timeout.max = 5200ms (fallback to raft.server.rpc.timeout.max)
2022-12-02 13:56:19,319 [pool-71-thread-1] INFO  util.JmxRegister (JmxRegister.java:tryRegister(44)) - Successfully registered JMX Bean with object name Ratis:service=RaftServer,group=group-3BDDC2984768,id=17c617e6-bef8-4aa5-a634-0bfba4eec40d
2022-12-02 13:56:19,325 [pool-71-thread-1] INFO  server.RaftServerConfigKeys (ConfUtils.java:logGet(46)) - raft.server.snapshot.auto.trigger.enabled = true (custom)
2022-12-02 13:56:19,325 [pool-71-thread-1] INFO  server.RaftServerConfigKeys (ConfUtils.java:logGet(46)) - raft.server.snapshot.auto.trigger.threshold = 10000 (custom)
2022-12-02 13:56:19,325 [pool-71-thread-1] INFO  server.RaftServerConfigKeys (ConfUtils.java:logGet(46)) - raft.server.snapshot.retention.file.num = 5 (custom)
2022-12-02 13:56:19,326 [pool-71-thread-1] INFO  server.RaftServerConfigKeys (ConfUtils.java:logGet(46)) - raft.server.log.purge.upto.snapshot.index = false (default)
2022-12-02 13:56:19,336 [Command processor thread] INFO  ratis.XceiverServerRatis (XceiverServerRatis.java:addGroup(765)) - Created group PipelineID=8d4e1eeb-4842-4ce6-8fa2-3bddc2984768
2022-12-02 13:56:19,336 [Command processor thread] INFO  commandhandler.CreatePipelineCommandHandler (CreatePipelineCommandHandler.java:handle(113)) - Created Pipeline RATIS ONE PipelineID=8d4e1eeb-4842-4ce6-8fa2-3bddc2984768.
2022-12-02 13:56:19,337 [Command processor thread] INFO  server.RaftServer (RaftServerProxy.java:addNew(96)) - 17c617e6-bef8-4aa5-a634-0bfba4eec40d: addNew group-314ABE34CCFC:[8e7f0208-8622-43f9-a3a0-bde69c0a79ed|rpc:10.1.0.163:35087|priority:0|startupRole:FOLLOWER, 17c617e6-bef8-4aa5-a634-0bfba4eec40d|rpc:10.1.0.163:34401|priority:1|startupRole:FOLLOWER, b27e6838-cee8-48c3-93ac-b45d2206de0f|rpc:10.1.0.163:37205|priority:0|startupRole:FOLLOWER] returns group-314ABE34CCFC:java.util.concurrent.CompletableFuture@1f3cffd[Not completed]
2022-12-02 13:56:19,338 [pool-71-thread-1] INFO  server.RaftServer$Division (RaftServerImpl.java:<init>(195)) - 17c617e6-bef8-4aa5-a634-0bfba4eec40d: new RaftServerImpl for group-314ABE34CCFC:[8e7f0208-8622-43f9-a3a0-bde69c0a79ed|rpc:10.1.0.163:35087|priority:0|startupRole:FOLLOWER, 17c617e6-bef8-4aa5-a634-0bfba4eec40d|rpc:10.1.0.163:34401|priority:1|startupRole:FOLLOWER, b27e6838-cee8-48c3-93ac-b45d2206de0f|rpc:10.1.0.163:37205|priority:0|startupRole:FOLLOWER] with ContainerStateMachine:uninitialized
2022-12-02 13:56:19,338 [pool-71-thread-1] INFO  server.RaftServerConfigKeys (ConfUtils.java:logGet(46)) - raft.server.rpc.timeout.min = 5s (custom)
2022-12-02 13:56:19,338 [pool-71-thread-1] INFO  server.RaftServerConfigKeys (ConfUtils.java:logGet(46)) - raft.server.rpc.timeout.max = 5200ms (custom)
2022-12-02 13:56:19,338 [pool-71-thread-1] INFO  server.RaftServerConfigKeys (ConfUtils.java:logGet(46)) - raft.server.rpc.sleep.time = 25ms (default)
2022-12-02 13:56:19,338 [pool-71-thread-1] INFO  server.RaftServerConfigKeys (ConfUtils.java:logGet(46)) - raft.server.rpc.slowness.timeout = 300s (custom)
2022-12-02 13:56:19,338 [pool-71-thread-1] INFO  server.RaftServerConfigKeys (ConfUtils.java:logGet(46)) - raft.server.leaderelection.leader.step-down.wait-time = 10s (default)
2022-12-02 13:56:19,338 [pool-71-thread-1] INFO  server.RaftServerConfigKeys (ConfUtils.java:logGet(46)) - raft.server.sleep.deviation.threshold = 300ms (default)
2022-12-02 13:56:19,338 [pool-71-thread-1] INFO  server.RaftServer$Division (ServerState.java:<init>(118)) - 17c617e6-bef8-4aa5-a634-0bfba4eec40d@group-314ABE34CCFC: ConfigurationManager, init=-1: peers:[8e7f0208-8622-43f9-a3a0-bde69c0a79ed|rpc:10.1.0.163:35087|priority:0|startupRole:FOLLOWER, 17c617e6-bef8-4aa5-a634-0bfba4eec40d|rpc:10.1.0.163:34401|priority:1|startupRole:FOLLOWER, b27e6838-cee8-48c3-93ac-b45d2206de0f|rpc:10.1.0.163:37205|priority:0|startupRole:FOLLOWER]|listeners:[], old=null, confs=<EMPTY_MAP>
2022-12-02 13:56:19,338 [pool-71-thread-1] INFO  server.RaftServerConfigKeys (ConfUtils.java:logGet(46)) - raft.server.storage.dir = [/home/runner/work/ozone/ozone/hadoop-ozone/integration-test/target/test-dir/MiniOzoneClusterImpl-54b774fa-8058-4f65-8e1c-0ac417d0d4c9/datanode-0/data/ratis] (custom)
2022-12-02 13:56:19,338 [pool-71-thread-1] INFO  server.RaftServerConfigKeys (ConfUtils.java:logGet(46)) - raft.server.log.corruption.policy = EXCEPTION (default)
2022-12-02 13:56:19,338 [pool-71-thread-1] INFO  server.RaftServerConfigKeys (ConfUtils.java:logGet(46)) - raft.server.storage.free-space.min = 0MB (=0) (default)
2022-12-02 13:56:19,339 [pool-71-thread-1] INFO  server.RaftServerConfigKeys (ConfUtils.java:logGet(46)) - raft.server.notification.no-leader.timeout = 300s (custom)
2022-12-02 13:56:19,339 [pool-71-thread-1] INFO  server.RaftServerConfigKeys (ConfUtils.java:logGet(46)) - raft.server.retrycache.expirytime = 600000ms (custom)
2022-12-02 13:56:19,339 [pool-71-thread-1] INFO  server.RaftServerConfigKeys (ConfUtils.java:logGet(46)) - raft.server.retrycache.statistics.expirytime = 100μs (default)
2022-12-02 13:56:19,340 [pool-71-thread-1] INFO  server.RaftServerConfigKeys (ConfUtils.java:logGet(46)) - raft.server.log.appender.install.snapshot.enabled = false (custom)
2022-12-02 13:56:19,340 [pool-71-thread-1] INFO  server.RaftServerConfigKeys (ConfUtils.java:logGet(46)) - raft.server.threadpool.server.cached = true (default)
2022-12-02 13:56:19,340 [pool-71-thread-1] INFO  server.RaftServerConfigKeys (ConfUtils.java:logGet(46)) - raft.server.threadpool.server.size = 0 (default)
2022-12-02 13:56:19,340 [pool-71-thread-1] INFO  server.RaftServerConfigKeys (ConfUtils.java:logGet(46)) - raft.server.threadpool.client.cached = true (default)
2022-12-02 13:56:19,340 [pool-71-thread-1] INFO  server.RaftServerConfigKeys (ConfUtils.java:logGet(46)) - raft.server.threadpool.client.size = 0 (default)
2022-12-02 13:56:19,341 [pool-71-thread-1] INFO  storage.RaftStorageDirectory (RaftStorageDirectoryImpl.java:analyzeStorage(137)) - The storage directory /home/runner/work/ozone/ozone/hadoop-ozone/integration-test/target/test-dir/MiniOzoneClusterImpl-54b774fa-8058-4f65-8e1c-0ac417d0d4c9/datanode-0/data/ratis/70dd059f-ff75-476d-b77e-314abe34ccfc does not exist. Creating ...
2022-12-02 13:56:19,342 [pool-71-thread-1] INFO  storage.RaftStorageDirectory (RaftStorageDirectoryImpl.java:tryLock(231)) - Lock on /home/runner/work/ozone/ozone/hadoop-ozone/integration-test/target/test-dir/MiniOzoneClusterImpl-54b774fa-8058-4f65-8e1c-0ac417d0d4c9/datanode-0/data/ratis/70dd059f-ff75-476d-b77e-314abe34ccfc/in_use.lock acquired by nodename 13980@fv-az246-718
2022-12-02 13:56:19,343 [pool-71-thread-1] INFO  storage.RaftStorage (RaftStorageImpl.java:format(96)) - Storage directory /home/runner/work/ozone/ozone/hadoop-ozone/integration-test/target/test-dir/MiniOzoneClusterImpl-54b774fa-8058-4f65-8e1c-0ac417d0d4c9/datanode-0/data/ratis/70dd059f-ff75-476d-b77e-314abe34ccfc has been successfully formatted.
2022-12-02 13:56:19,344 [pool-71-thread-1] INFO  ratis.ContainerStateMachine (ContainerStateMachine.java:loadSnapshot(236)) - group-314ABE34CCFC: The snapshot info is null. Setting the last applied indexto:(t:0, i:~)
2022-12-02 13:56:19,344 [pool-71-thread-1] INFO  server.RaftServerConfigKeys (ConfUtils.java:logGet(46)) - raft.server.log.use.memory = false (default)
2022-12-02 13:56:19,344 [pool-71-thread-1] INFO  server.RaftServerConfigKeys (ConfUtils.java:logGet(46)) - raft.server.log.purge.gap = 1000000 (custom)
2022-12-02 13:56:19,344 [pool-71-thread-1] INFO  server.RaftServerConfigKeys (ConfUtils.java:logGet(46)) - raft.server.log.appender.buffer.byte-limit = 33554432 (custom)
2022-12-02 13:56:19,347 [EventQueue-OpenPipelineForHealthyPipelineSafeModeRule] INFO  safemode.SCMSafeModeManager (HealthyPipelineSafeModeRule.java:process(137)) - SCM in safe mode. Healthy pipelines reported count is 0, required healthy pipeline reported count is 1
2022-12-02 13:56:19,348 [pool-71-thread-1] INFO  server.RaftServerConfigKeys (ConfUtils.java:logGet(46)) - raft.server.log.statemachine.data.read.timeout = 1000ms (default)
2022-12-02 13:56:19,348 [pool-71-thread-1] INFO  server.RaftServerConfigKeys (ConfUtils.java:logGet(46)) - raft.server.log.purge.preservation.log.num = 0 (default)
2022-12-02 13:56:19,348 [EventQueue-CommandQueueReportForCommandQueueReportHandler] WARN  events.EventQueue (EventQueue.java:fireEvent(216)) - No event handler registered for event TypedEvent{payloadType=DatanodeDetails, name='Datanode_Command_Queue_Updated'}
2022-12-02 13:56:19,348 [pool-71-thread-1] INFO  server.RaftServerConfigKeys (ConfUtils.java:logGet(46)) - raft.server.log.segment.size.max = 1048576 (custom)
2022-12-02 13:56:19,349 [pool-71-thread-1] INFO  server.RaftServerConfigKeys (ConfUtils.java:logGet(46)) - raft.server.log.segment.cache.num.max = 2 (custom)
2022-12-02 13:56:19,349 [pool-71-thread-1] INFO  server.RaftServerConfigKeys (ConfUtils.java:logGet(46)) - raft.server.log.segment.cache.size.max = 200MB (=209715200) (default)
2022-12-02 13:56:19,349 [pool-71-thread-1] INFO  segmented.SegmentedRaftLogWorker (SegmentedRaftLogWorker.java:<init>(189)) - new 17c617e6-bef8-4aa5-a634-0bfba4eec40d@group-314ABE34CCFC-SegmentedRaftLogWorker for RaftStorageImpl:Storage Directory /home/runner/work/ozone/ozone/hadoop-ozone/integration-test/target/test-dir/MiniOzoneClusterImpl-54b774fa-8058-4f65-8e1c-0ac417d0d4c9/datanode-0/data/ratis/70dd059f-ff75-476d-b77e-314abe34ccfc
2022-12-02 13:56:19,349 [pool-71-thread-1] INFO  server.RaftServerConfigKeys (ConfUtils.java:logGet(46)) - raft.server.log.queue.byte-limit = 4294967296 (custom)
2022-12-02 13:56:19,349 [pool-71-thread-1] INFO  server.RaftServerConfigKeys (ConfUtils.java:logGet(46)) - raft.server.log.queue.element-limit = 1024 (custom)
2022-12-02 13:56:19,349 [pool-71-thread-1] INFO  server.RaftServerConfigKeys (ConfUtils.java:logGet(46)) - raft.server.log.segment.size.max = 1048576 (custom)
2022-12-02 13:56:19,349 [pool-71-thread-1] INFO  server.RaftServerConfigKeys (ConfUtils.java:logGet(46)) - raft.server.log.preallocated.size = 16384 (custom)
2022-12-02 13:56:19,349 [pool-71-thread-1] INFO  server.RaftServerConfigKeys (ConfUtils.java:logGet(46)) - raft.server.log.force.sync.num = 128 (default)
2022-12-02 13:56:19,349 [pool-71-thread-1] INFO  server.RaftServerConfigKeys (ConfUtils.java:logGet(46)) - raft.server.log.statemachine.data.sync = true (default)
2022-12-02 13:56:19,349 [pool-71-thread-1] INFO  server.RaftServerConfigKeys (ConfUtils.java:logGet(46)) - raft.server.log.statemachine.data.sync.timeout = 10s (default)
2022-12-02 13:56:19,349 [pool-71-thread-1] INFO  server.RaftServerConfigKeys (ConfUtils.java:logGet(46)) - raft.server.log.statemachine.data.sync.timeout.retry = -1 (default)
2022-12-02 13:56:19,352 [pool-71-thread-1] INFO  server.RaftServerConfigKeys (ConfUtils.java:logGet(46)) - raft.server.log.write.buffer.size = 1048576 (custom)
2022-12-02 13:56:19,353 [pool-71-thread-1] INFO  server.RaftServerConfigKeys (ConfUtils.java:logGet(46)) - raft.server.log.appender.buffer.byte-limit = 33554432 (custom)
2022-12-02 13:56:19,358 [pool-71-thread-1] INFO  server.RaftServerConfigKeys (ConfUtils.java:logGet(46)) - raft.server.log.unsafe-flush.enabled = false (default)
2022-12-02 13:56:19,358 [pool-71-thread-1] INFO  server.RaftServerConfigKeys (ConfUtils.java:logGet(46)) - raft.server.log.async-flush.enabled = false (default)
2022-12-02 13:56:19,358 [pool-71-thread-1] INFO  server.RaftServerConfigKeys (ConfUtils.java:logGet(46)) - raft.server.log.statemachine.data.caching.enabled = true (custom)
2022-12-02 13:56:19,358 [pool-71-thread-1] INFO  segmented.SegmentedRaftLogWorker (SegmentedRaftLogWorker.java:lambda$new$0(135)) - 17c617e6-bef8-4aa5-a634-0bfba4eec40d@group-314ABE34CCFC-SegmentedRaftLogWorker: flushIndex: setUnconditionally 0 -> -1
2022-12-02 13:56:19,358 [pool-71-thread-1] INFO  segmented.SegmentedRaftLogWorker (SegmentedRaftLogWorker.java:lambda$new$0(135)) - 17c617e6-bef8-4aa5-a634-0bfba4eec40d@group-314ABE34CCFC-SegmentedRaftLogWorker: safeCacheEvictIndex: setUnconditionally 0 -> -1
2022-12-02 13:56:19,359 [pool-71-thread-1] INFO  server.RaftServer$Division (RaftServerImpl.java:start(334)) - 17c617e6-bef8-4aa5-a634-0bfba4eec40d@group-314ABE34CCFC: start as a follower, conf=-1: peers:[8e7f0208-8622-43f9-a3a0-bde69c0a79ed|rpc:10.1.0.163:35087|priority:0|startupRole:FOLLOWER, 17c617e6-bef8-4aa5-a634-0bfba4eec40d|rpc:10.1.0.163:34401|priority:1|startupRole:FOLLOWER, b27e6838-cee8-48c3-93ac-b45d2206de0f|rpc:10.1.0.163:37205|priority:0|startupRole:FOLLOWER]|listeners:[], old=null
2022-12-02 13:56:19,359 [pool-71-thread-1] INFO  server.RaftServer$Division (RaftServerImpl.java:setRole(321)) - 17c617e6-bef8-4aa5-a634-0bfba4eec40d@group-314ABE34CCFC: changes role from      null to FOLLOWER at term 0 for startAsFollower
2022-12-02 13:56:19,359 [pool-71-thread-1] INFO  impl.RoleInfo (RoleInfo.java:updateAndGet(139)) - 17c617e6-bef8-4aa5-a634-0bfba4eec40d: start 17c617e6-bef8-4aa5-a634-0bfba4eec40d@group-314ABE34CCFC-FollowerState
2022-12-02 13:56:19,360 [17c617e6-bef8-4aa5-a634-0bfba4eec40d@group-314ABE34CCFC-FollowerState] INFO  server.RaftServerConfigKeys (ConfUtils.java:logFallback(53)) - raft.server.rpc.first-election.timeout.min = 5s (fallback to raft.server.rpc.timeout.min)
2022-12-02 13:56:19,360 [pool-71-thread-1] INFO  util.JmxRegister (JmxRegister.java:tryRegister(44)) - Successfully registered JMX Bean with object name Ratis:service=RaftServer,group=group-314ABE34CCFC,id=17c617e6-bef8-4aa5-a634-0bfba4eec40d
2022-12-02 13:56:19,360 [17c617e6-bef8-4aa5-a634-0bfba4eec40d@group-314ABE34CCFC-FollowerState] INFO  server.RaftServerConfigKeys (ConfUtils.java:logFallback(53)) - raft.server.rpc.first-election.timeout.max = 5200ms (fallback to raft.server.rpc.timeout.max)
2022-12-02 13:56:19,360 [pool-71-thread-1] INFO  server.RaftServerConfigKeys (ConfUtils.java:logGet(46)) - raft.server.snapshot.auto.trigger.enabled = true (custom)
2022-12-02 13:56:19,360 [pool-71-thread-1] INFO  server.RaftServerConfigKeys (ConfUtils.java:logGet(46)) - raft.server.snapshot.auto.trigger.threshold = 10000 (custom)
2022-12-02 13:56:19,360 [pool-71-thread-1] INFO  server.RaftServerConfigKeys (ConfUtils.java:logGet(46)) - raft.server.snapshot.retention.file.num = 5 (custom)
2022-12-02 13:56:19,360 [pool-71-thread-1] INFO  server.RaftServerConfigKeys (ConfUtils.java:logGet(46)) - raft.server.log.purge.upto.snapshot.index = false (default)
2022-12-02 13:56:19,361 [Command processor thread] INFO  ratis.XceiverServerRatis (XceiverServerRatis.java:addGroup(765)) - Created group PipelineID=70dd059f-ff75-476d-b77e-314abe34ccfc
2022-12-02 13:56:19,624 [EventQueue-CommandQueueReportForCommandQueueReportHandler] WARN  events.EventQueue (EventQueue.java:fireEvent(216)) - No event handler registered for event TypedEvent{payloadType=DatanodeDetails, name='Datanode_Command_Queue_Updated'}
2022-12-02 13:56:19,695 [Command processor thread] INFO  server.RaftServer (RaftServerProxy.java:addNew(96)) - 8e7f0208-8622-43f9-a3a0-bde69c0a79ed: addNew group-EC4BE6D8DC20:[8e7f0208-8622-43f9-a3a0-bde69c0a79ed|rpc:10.1.0.163:35087|priority:1|startupRole:FOLLOWER] returns group-EC4BE6D8DC20:java.util.concurrent.CompletableFuture@143733db[Not completed]
2022-12-02 13:56:19,700 [EventQueue-CommandQueueReportForCommandQueueReportHandler] WARN  events.EventQueue (EventQueue.java:fireEvent(216)) - No event handler registered for event TypedEvent{payloadType=DatanodeDetails, name='Datanode_Command_Queue_Updated'}
2022-12-02 13:56:19,703 [pool-94-thread-1] INFO  server.RaftServer$Division (RaftServerImpl.java:<init>(195)) - 8e7f0208-8622-43f9-a3a0-bde69c0a79ed: new RaftServerImpl for group-EC4BE6D8DC20:[8e7f0208-8622-43f9-a3a0-bde69c0a79ed|rpc:10.1.0.163:35087|priority:1|startupRole:FOLLOWER] with ContainerStateMachine:uninitialized
2022-12-02 13:56:19,703 [pool-94-thread-1] INFO  server.RaftServerConfigKeys (ConfUtils.java:logGet(46)) - raft.server.rpc.timeout.min = 5s (custom)
2022-12-02 13:56:19,703 [pool-94-thread-1] INFO  server.RaftServerConfigKeys (ConfUtils.java:logGet(46)) - raft.server.rpc.timeout.max = 5200ms (custom)
2022-12-02 13:56:19,708 [pool-94-thread-1] INFO  server.RaftServerConfigKeys (ConfUtils.java:logGet(46)) - raft.server.rpc.sleep.time = 25ms (default)
2022-12-02 13:56:19,709 [pool-94-thread-1] INFO  server.RaftServerConfigKeys (ConfUtils.java:logGet(46)) - raft.server.rpc.slowness.timeout = 300s (custom)
2022-12-02 13:56:19,710 [pool-94-thread-1] INFO  server.RaftServerConfigKeys (ConfUtils.java:logGet(46)) - raft.server.leaderelection.leader.step-down.wait-time = 10s (default)
2022-12-02 13:56:19,710 [pool-94-thread-1] INFO  server.RaftServerConfigKeys (ConfUtils.java:logGet(46)) - raft.server.sleep.deviation.threshold = 300ms (default)
2022-12-02 13:56:19,710 [pool-94-thread-1] INFO  server.RaftServer$Division (ServerState.java:<init>(118)) - 8e7f0208-8622-43f9-a3a0-bde69c0a79ed@group-EC4BE6D8DC20: ConfigurationManager, init=-1: peers:[8e7f0208-8622-43f9-a3a0-bde69c0a79ed|rpc:10.1.0.163:35087|priority:1|startupRole:FOLLOWER]|listeners:[], old=null, confs=<EMPTY_MAP>
2022-12-02 13:56:19,710 [pool-94-thread-1] INFO  server.RaftServerConfigKeys (ConfUtils.java:logGet(46)) - raft.server.storage.dir = [/home/runner/work/ozone/ozone/hadoop-ozone/integration-test/target/test-dir/MiniOzoneClusterImpl-54b774fa-8058-4f65-8e1c-0ac417d0d4c9/datanode-1/data/ratis] (custom)
2022-12-02 13:56:19,711 [pool-94-thread-1] INFO  server.RaftServerConfigKeys (ConfUtils.java:logGet(46)) - raft.server.log.corruption.policy = EXCEPTION (default)
2022-12-02 13:56:19,711 [pool-94-thread-1] INFO  server.RaftServerConfigKeys (ConfUtils.java:logGet(46)) - raft.server.storage.free-space.min = 0MB (=0) (default)
2022-12-02 13:56:19,711 [pool-94-thread-1] INFO  server.RaftServerConfigKeys (ConfUtils.java:logGet(46)) - raft.server.notification.no-leader.timeout = 300s (custom)
2022-12-02 13:56:19,711 [pool-94-thread-1] INFO  server.RaftServerConfigKeys (ConfUtils.java:logGet(46)) - raft.server.retrycache.expirytime = 600000ms (custom)
2022-12-02 13:56:19,711 [pool-94-thread-1] INFO  server.RaftServerConfigKeys (ConfUtils.java:logGet(46)) - raft.server.retrycache.statistics.expirytime = 100μs (default)
2022-12-02 13:56:19,719 [pool-94-thread-1] INFO  server.RaftServerConfigKeys (ConfUtils.java:logGet(46)) - raft.server.log.appender.install.snapshot.enabled = false (custom)
2022-12-02 13:56:19,719 [pool-94-thread-1] INFO  server.RaftServerConfigKeys (ConfUtils.java:logGet(46)) - raft.server.threadpool.server.cached = true (default)
2022-12-02 13:56:19,719 [pool-94-thread-1] INFO  server.RaftServerConfigKeys (ConfUtils.java:logGet(46)) - raft.server.threadpool.server.size = 0 (default)
2022-12-02 13:56:19,719 [pool-94-thread-1] INFO  server.RaftServerConfigKeys (ConfUtils.java:logGet(46)) - raft.server.threadpool.client.cached = true (default)
2022-12-02 13:56:19,719 [pool-94-thread-1] INFO  server.RaftServerConfigKeys (ConfUtils.java:logGet(46)) - raft.server.threadpool.client.size = 0 (default)
2022-12-02 13:56:19,720 [pool-94-thread-1] INFO  storage.RaftStorageDirectory (RaftStorageDirectoryImpl.java:analyzeStorage(137)) - The storage directory /home/runner/work/ozone/ozone/hadoop-ozone/integration-test/target/test-dir/MiniOzoneClusterImpl-54b774fa-8058-4f65-8e1c-0ac417d0d4c9/datanode-1/data/ratis/b49525c1-d3f8-4f1f-8915-ec4be6d8dc20 does not exist. Creating ...
2022-12-02 13:56:19,721 [pool-94-thread-1] INFO  storage.RaftStorageDirectory (RaftStorageDirectoryImpl.java:tryLock(231)) - Lock on /home/runner/work/ozone/ozone/hadoop-ozone/integration-test/target/test-dir/MiniOzoneClusterImpl-54b774fa-8058-4f65-8e1c-0ac417d0d4c9/datanode-1/data/ratis/b49525c1-d3f8-4f1f-8915-ec4be6d8dc20/in_use.lock acquired by nodename 13980@fv-az246-718
2022-12-02 13:56:19,723 [pool-94-thread-1] INFO  storage.RaftStorage (RaftStorageImpl.java:format(96)) - Storage directory /home/runner/work/ozone/ozone/hadoop-ozone/integration-test/target/test-dir/MiniOzoneClusterImpl-54b774fa-8058-4f65-8e1c-0ac417d0d4c9/datanode-1/data/ratis/b49525c1-d3f8-4f1f-8915-ec4be6d8dc20 has been successfully formatted.
2022-12-02 13:56:19,724 [pool-94-thread-1] INFO  ratis.ContainerStateMachine (ContainerStateMachine.java:loadSnapshot(236)) - group-EC4BE6D8DC20: The snapshot info is null. Setting the last applied indexto:(t:0, i:~)
2022-12-02 13:56:19,735 [pool-94-thread-1] INFO  server.RaftServerConfigKeys (ConfUtils.java:logGet(46)) - raft.server.log.use.memory = false (default)
2022-12-02 13:56:19,736 [pool-94-thread-1] INFO  server.RaftServerConfigKeys (ConfUtils.java:logGet(46)) - raft.server.log.purge.gap = 1000000 (custom)
2022-12-02 13:56:19,736 [pool-94-thread-1] INFO  server.RaftServerConfigKeys (ConfUtils.java:logGet(46)) - raft.server.log.appender.buffer.byte-limit = 33554432 (custom)
2022-12-02 13:56:19,736 [pool-94-thread-1] INFO  server.RaftServerConfigKeys (ConfUtils.java:logGet(46)) - raft.server.log.statemachine.data.read.timeout = 1000ms (default)
2022-12-02 13:56:19,736 [pool-94-thread-1] INFO  server.RaftServerConfigKeys (ConfUtils.java:logGet(46)) - raft.server.log.purge.preservation.log.num = 0 (default)
2022-12-02 13:56:19,736 [pool-94-thread-1] INFO  server.RaftServerConfigKeys (ConfUtils.java:logGet(46)) - raft.server.log.segment.size.max = 1048576 (custom)
2022-12-02 13:56:19,738 [pool-94-thread-1] INFO  server.RaftServerConfigKeys (ConfUtils.java:logGet(46)) - raft.server.log.segment.cache.num.max = 2 (custom)
2022-12-02 13:56:19,738 [pool-94-thread-1] INFO  server.RaftServerConfigKeys (ConfUtils.java:logGet(46)) - raft.server.log.segment.cache.size.max = 200MB (=209715200) (default)
2022-12-02 13:56:19,738 [pool-94-thread-1] INFO  segmented.SegmentedRaftLogWorker (SegmentedRaftLogWorker.java:<init>(189)) - new 8e7f0208-8622-43f9-a3a0-bde69c0a79ed@group-EC4BE6D8DC20-SegmentedRaftLogWorker for RaftStorageImpl:Storage Directory /home/runner/work/ozone/ozone/hadoop-ozone/integration-test/target/test-dir/MiniOzoneClusterImpl-54b774fa-8058-4f65-8e1c-0ac417d0d4c9/datanode-1/data/ratis/b49525c1-d3f8-4f1f-8915-ec4be6d8dc20
2022-12-02 13:56:19,738 [pool-94-thread-1] INFO  server.RaftServerConfigKeys (ConfUtils.java:logGet(46)) - raft.server.log.queue.byte-limit = 4294967296 (custom)
2022-12-02 13:56:19,738 [pool-94-thread-1] INFO  server.RaftServerConfigKeys (ConfUtils.java:logGet(46)) - raft.server.log.queue.element-limit = 1024 (custom)
2022-12-02 13:56:19,738 [pool-94-thread-1] INFO  server.RaftServerConfigKeys (ConfUtils.java:logGet(46)) - raft.server.log.segment.size.max = 1048576 (custom)
2022-12-02 13:56:19,738 [pool-94-thread-1] INFO  server.RaftServerConfigKeys (ConfUtils.java:logGet(46)) - raft.server.log.preallocated.size = 16384 (custom)
2022-12-02 13:56:19,738 [pool-94-thread-1] INFO  server.RaftServerConfigKeys (ConfUtils.java:logGet(46)) - raft.server.log.force.sync.num = 128 (default)
2022-12-02 13:56:19,738 [pool-94-thread-1] INFO  server.RaftServerConfigKeys (ConfUtils.java:logGet(46)) - raft.server.log.statemachine.data.sync = true (default)
2022-12-02 13:56:19,738 [pool-94-thread-1] INFO  server.RaftServerConfigKeys (ConfUtils.java:logGet(46)) - raft.server.log.statemachine.data.sync.timeout = 10s (default)
2022-12-02 13:56:19,738 [pool-94-thread-1] INFO  server.RaftServerConfigKeys (ConfUtils.java:logGet(46)) - raft.server.log.statemachine.data.sync.timeout.retry = -1 (default)
2022-12-02 13:56:19,740 [pool-94-thread-1] INFO  server.RaftServerConfigKeys (ConfUtils.java:logGet(46)) - raft.server.log.write.buffer.size = 1048576 (custom)
2022-12-02 13:56:19,741 [pool-94-thread-1] INFO  server.RaftServerConfigKeys (ConfUtils.java:logGet(46)) - raft.server.log.appender.buffer.byte-limit = 33554432 (custom)
2022-12-02 13:56:19,743 [EventQueue-CommandQueueReportForCommandQueueReportHandler] WARN  events.EventQueue (EventQueue.java:fireEvent(216)) - No event handler registered for event TypedEvent{payloadType=DatanodeDetails, name='Datanode_Command_Queue_Updated'}
2022-12-02 13:56:19,743 [EventQueue-PipelineReportForPipelineReportHandler] INFO  pipeline.PipelineManagerImpl (PipelineManagerImpl.java:openPipeline(367)) - Pipeline Pipeline[ Id: b49525c1-d3f8-4f1f-8915-ec4be6d8dc20, Nodes: 8e7f0208-8622-43f9-a3a0-bde69c0a79ed{ip: 10.1.0.163, host: fv-az246-718.py5defvocjqundwqxk0lumnltg.cx.internal.cloudapp.net, ports: [REPLICATION=44413, RATIS=35087, RATIS_ADMIN=35087, RATIS_SERVER=35087, STANDALONE=37909], networkLocation: /default-rack, certSerialId: null, persistedOpState: IN_SERVICE, persistedOpStateExpiryEpochSec: 0}, ReplicationConfig: RATIS/ONE, State:ALLOCATED, leaderId:8e7f0208-8622-43f9-a3a0-bde69c0a79ed, CreationTimestamp2022-12-02T13:56:16.697Z[Etc/UTC]] moved to OPEN state
2022-12-02 13:56:19,744 [EventQueue-OpenPipelineForHealthyPipelineSafeModeRule] INFO  safemode.SCMSafeModeManager (HealthyPipelineSafeModeRule.java:process(137)) - SCM in safe mode. Healthy pipelines reported count is 0, required healthy pipeline reported count is 1
2022-12-02 13:56:19,746 [pool-94-thread-1] INFO  server.RaftServerConfigKeys (ConfUtils.java:logGet(46)) - raft.server.log.unsafe-flush.enabled = false (default)
2022-12-02 13:56:19,747 [pool-94-thread-1] INFO  server.RaftServerConfigKeys (ConfUtils.java:logGet(46)) - raft.server.log.async-flush.enabled = false (default)
2022-12-02 13:56:19,747 [pool-94-thread-1] INFO  server.RaftServerConfigKeys (ConfUtils.java:logGet(46)) - raft.server.log.statemachine.data.caching.enabled = true (custom)
2022-12-02 13:56:19,748 [pool-94-thread-1] INFO  segmented.SegmentedRaftLogWorker (SegmentedRaftLogWorker.java:lambda$new$0(135)) - 8e7f0208-8622-43f9-a3a0-bde69c0a79ed@group-EC4BE6D8DC20-SegmentedRaftLogWorker: flushIndex: setUnconditionally 0 -> -1
2022-12-02 13:56:19,748 [pool-94-thread-1] INFO  segmented.SegmentedRaftLogWorker (SegmentedRaftLogWorker.java:lambda$new$0(135)) - 8e7f0208-8622-43f9-a3a0-bde69c0a79ed@group-EC4BE6D8DC20-SegmentedRaftLogWorker: safeCacheEvictIndex: setUnconditionally 0 -> -1
2022-12-02 13:56:19,748 [pool-94-thread-1] INFO  server.RaftServer$Division (RaftServerImpl.java:start(334)) - 8e7f0208-8622-43f9-a3a0-bde69c0a79ed@group-EC4BE6D8DC20: start as a follower, conf=-1: peers:[8e7f0208-8622-43f9-a3a0-bde69c0a79ed|rpc:10.1.0.163:35087|priority:1|startupRole:FOLLOWER]|listeners:[], old=null
2022-12-02 13:56:19,748 [pool-94-thread-1] INFO  server.RaftServer$Division (RaftServerImpl.java:setRole(321)) - 8e7f0208-8622-43f9-a3a0-bde69c0a79ed@group-EC4BE6D8DC20: changes role from      null to FOLLOWER at term 0 for startAsFollower
2022-12-02 13:56:19,748 [pool-94-thread-1] INFO  impl.RoleInfo (RoleInfo.java:updateAndGet(139)) - 8e7f0208-8622-43f9-a3a0-bde69c0a79ed: start 8e7f0208-8622-43f9-a3a0-bde69c0a79ed@group-EC4BE6D8DC20-FollowerState
2022-12-02 13:56:19,748 [pool-94-thread-1] INFO  util.JmxRegister (JmxRegister.java:tryRegister(44)) - Successfully registered JMX Bean with object name Ratis:service=RaftServer,group=group-EC4BE6D8DC20,id=8e7f0208-8622-43f9-a3a0-bde69c0a79ed
2022-12-02 13:56:19,750 [pool-94-thread-1] INFO  server.RaftServerConfigKeys (ConfUtils.java:logGet(46)) - raft.server.snapshot.auto.trigger.enabled = true (custom)
2022-12-02 13:56:19,751 [pool-94-thread-1] INFO  server.RaftServerConfigKeys (ConfUtils.java:logGet(46)) - raft.server.snapshot.auto.trigger.threshold = 10000 (custom)
2022-12-02 13:56:19,751 [pool-94-thread-1] INFO  server.RaftServerConfigKeys (ConfUtils.java:logGet(46)) - raft.server.snapshot.retention.file.num = 5 (custom)
2022-12-02 13:56:19,751 [pool-94-thread-1] INFO  server.RaftServerConfigKeys (ConfUtils.java:logGet(46)) - raft.server.log.purge.upto.snapshot.index = false (default)
2022-12-02 13:56:19,752 [Command processor thread] INFO  ratis.XceiverServerRatis (XceiverServerRatis.java:addGroup(765)) - Created group PipelineID=b49525c1-d3f8-4f1f-8915-ec4be6d8dc20
2022-12-02 13:56:19,752 [Command processor thread] INFO  commandhandler.CreatePipelineCommandHandler (CreatePipelineCommandHandler.java:handle(113)) - Created Pipeline RATIS ONE PipelineID=b49525c1-d3f8-4f1f-8915-ec4be6d8dc20.
2022-12-02 13:56:19,758 [8e7f0208-8622-43f9-a3a0-bde69c0a79ed@group-EC4BE6D8DC20-FollowerState] INFO  server.RaftServerConfigKeys (ConfUtils.java:logFallback(53)) - raft.server.rpc.first-election.timeout.min = 5s (fallback to raft.server.rpc.timeout.min)
2022-12-02 13:56:19,758 [8e7f0208-8622-43f9-a3a0-bde69c0a79ed@group-EC4BE6D8DC20-FollowerState] INFO  server.RaftServerConfigKeys (ConfUtils.java:logFallback(53)) - raft.server.rpc.first-election.timeout.max = 5200ms (fallback to raft.server.rpc.timeout.max)
2022-12-02 13:56:19,759 [Command processor thread] INFO  server.RaftServer (RaftServerProxy.java:addNew(96)) - 8e7f0208-8622-43f9-a3a0-bde69c0a79ed: addNew group-314ABE34CCFC:[8e7f0208-8622-43f9-a3a0-bde69c0a79ed|rpc:10.1.0.163:35087|priority:0|startupRole:FOLLOWER, 17c617e6-bef8-4aa5-a634-0bfba4eec40d|rpc:10.1.0.163:34401|priority:1|startupRole:FOLLOWER, b27e6838-cee8-48c3-93ac-b45d2206de0f|rpc:10.1.0.163:37205|priority:0|startupRole:FOLLOWER] returns group-314ABE34CCFC:java.util.concurrent.CompletableFuture@1008b585[Not completed]
2022-12-02 13:56:19,766 [pool-94-thread-1] INFO  server.RaftServer$Division (RaftServerImpl.java:<init>(195)) - 8e7f0208-8622-43f9-a3a0-bde69c0a79ed: new RaftServerImpl for group-314ABE34CCFC:[8e7f0208-8622-43f9-a3a0-bde69c0a79ed|rpc:10.1.0.163:35087|priority:0|startupRole:FOLLOWER, 17c617e6-bef8-4aa5-a634-0bfba4eec40d|rpc:10.1.0.163:34401|priority:1|startupRole:FOLLOWER, b27e6838-cee8-48c3-93ac-b45d2206de0f|rpc:10.1.0.163:37205|priority:0|startupRole:FOLLOWER] with ContainerStateMachine:uninitialized
2022-12-02 13:56:19,766 [pool-94-thread-1] INFO  server.RaftServerConfigKeys (ConfUtils.java:logGet(46)) - raft.server.rpc.timeout.min = 5s (custom)
2022-12-02 13:56:19,766 [pool-94-thread-1] INFO  server.RaftServerConfigKeys (ConfUtils.java:logGet(46)) - raft.server.rpc.timeout.max = 5200ms (custom)
2022-12-02 13:56:19,766 [pool-94-thread-1] INFO  server.RaftServerConfigKeys (ConfUtils.java:logGet(46)) - raft.server.rpc.sleep.time = 25ms (default)
2022-12-02 13:56:19,766 [pool-94-thread-1] INFO  server.RaftServerConfigKeys (ConfUtils.java:logGet(46)) - raft.server.rpc.slowness.timeout = 300s (custom)
2022-12-02 13:56:19,766 [pool-94-thread-1] INFO  server.RaftServerConfigKeys (ConfUtils.java:logGet(46)) - raft.server.leaderelection.leader.step-down.wait-time = 10s (default)
2022-12-02 13:56:19,766 [pool-94-thread-1] INFO  server.RaftServerConfigKeys (ConfUtils.java:logGet(46)) - raft.server.sleep.deviation.threshold = 300ms (default)
2022-12-02 13:56:19,766 [pool-94-thread-1] INFO  server.RaftServer$Division (ServerState.java:<init>(118)) - 8e7f0208-8622-43f9-a3a0-bde69c0a79ed@group-314ABE34CCFC: ConfigurationManager, init=-1: peers:[8e7f0208-8622-43f9-a3a0-bde69c0a79ed|rpc:10.1.0.163:35087|priority:0|startupRole:FOLLOWER, 17c617e6-bef8-4aa5-a634-0bfba4eec40d|rpc:10.1.0.163:34401|priority:1|startupRole:FOLLOWER, b27e6838-cee8-48c3-93ac-b45d2206de0f|rpc:10.1.0.163:37205|priority:0|startupRole:FOLLOWER]|listeners:[], old=null, confs=<EMPTY_MAP>
2022-12-02 13:56:19,767 [pool-94-thread-1] INFO  server.RaftServerConfigKeys (ConfUtils.java:logGet(46)) - raft.server.storage.dir = [/home/runner/work/ozone/ozone/hadoop-ozone/integration-test/target/test-dir/MiniOzoneClusterImpl-54b774fa-8058-4f65-8e1c-0ac417d0d4c9/datanode-1/data/ratis] (custom)
2022-12-02 13:56:19,767 [pool-94-thread-1] INFO  server.RaftServerConfigKeys (ConfUtils.java:logGet(46)) - raft.server.log.corruption.policy = EXCEPTION (default)
2022-12-02 13:56:19,767 [pool-94-thread-1] INFO  server.RaftServerConfigKeys (ConfUtils.java:logGet(46)) - raft.server.storage.free-space.min = 0MB (=0) (default)
2022-12-02 13:56:19,767 [pool-94-thread-1] INFO  server.RaftServerConfigKeys (ConfUtils.java:logGet(46)) - raft.server.notification.no-leader.timeout = 300s (custom)
2022-12-02 13:56:19,767 [pool-94-thread-1] INFO  server.RaftServerConfigKeys (ConfUtils.java:logGet(46)) - raft.server.retrycache.expirytime = 600000ms (custom)
2022-12-02 13:56:19,767 [pool-94-thread-1] INFO  server.RaftServerConfigKeys (ConfUtils.java:logGet(46)) - raft.server.retrycache.statistics.expirytime = 100μs (default)
2022-12-02 13:56:19,769 [pool-94-thread-1] INFO  server.RaftServerConfigKeys (ConfUtils.java:logGet(46)) - raft.server.log.appender.install.snapshot.enabled = false (custom)
2022-12-02 13:56:19,769 [pool-94-thread-1] INFO  server.RaftServerConfigKeys (ConfUtils.java:logGet(46)) - raft.server.threadpool.server.cached = true (default)
2022-12-02 13:56:19,769 [pool-94-thread-1] INFO  server.RaftServerConfigKeys (ConfUtils.java:logGet(46)) - raft.server.threadpool.server.size = 0 (default)
2022-12-02 13:56:19,769 [pool-94-thread-1] INFO  server.RaftServerConfigKeys (ConfUtils.java:logGet(46)) - raft.server.threadpool.client.cached = true (default)
2022-12-02 13:56:19,769 [pool-94-thread-1] INFO  server.RaftServerConfigKeys (ConfUtils.java:logGet(46)) - raft.server.threadpool.client.size = 0 (default)
2022-12-02 13:56:19,769 [pool-94-thread-1] INFO  storage.RaftStorageDirectory (RaftStorageDirectoryImpl.java:analyzeStorage(137)) - The storage directory /home/runner/work/ozone/ozone/hadoop-ozone/integration-test/target/test-dir/MiniOzoneClusterImpl-54b774fa-8058-4f65-8e1c-0ac417d0d4c9/datanode-1/data/ratis/70dd059f-ff75-476d-b77e-314abe34ccfc does not exist. Creating ...
2022-12-02 13:56:19,771 [pool-94-thread-1] INFO  storage.RaftStorageDirectory (RaftStorageDirectoryImpl.java:tryLock(231)) - Lock on /home/runner/work/ozone/ozone/hadoop-ozone/integration-test/target/test-dir/MiniOzoneClusterImpl-54b774fa-8058-4f65-8e1c-0ac417d0d4c9/datanode-1/data/ratis/70dd059f-ff75-476d-b77e-314abe34ccfc/in_use.lock acquired by nodename 13980@fv-az246-718
2022-12-02 13:56:19,772 [pool-94-thread-1] INFO  storage.RaftStorage (RaftStorageImpl.java:format(96)) - Storage directory /home/runner/work/ozone/ozone/hadoop-ozone/integration-test/target/test-dir/MiniOzoneClusterImpl-54b774fa-8058-4f65-8e1c-0ac417d0d4c9/datanode-1/data/ratis/70dd059f-ff75-476d-b77e-314abe34ccfc has been successfully formatted.
2022-12-02 13:56:19,772 [pool-94-thread-1] INFO  ratis.ContainerStateMachine (ContainerStateMachine.java:loadSnapshot(236)) - group-314ABE34CCFC: The snapshot info is null. Setting the last applied indexto:(t:0, i:~)
2022-12-02 13:56:19,772 [pool-94-thread-1] INFO  server.RaftServerConfigKeys (ConfUtils.java:logGet(46)) - raft.server.log.use.memory = false (default)
2022-12-02 13:56:19,773 [pool-94-thread-1] INFO  server.RaftServerConfigKeys (ConfUtils.java:logGet(46)) - raft.server.log.purge.gap = 1000000 (custom)
2022-12-02 13:56:19,773 [pool-94-thread-1] INFO  server.RaftServerConfigKeys (ConfUtils.java:logGet(46)) - raft.server.log.appender.buffer.byte-limit = 33554432 (custom)
2022-12-02 13:56:19,773 [pool-94-thread-1] INFO  server.RaftServerConfigKeys (ConfUtils.java:logGet(46)) - raft.server.log.statemachine.data.read.timeout = 1000ms (default)
2022-12-02 13:56:19,773 [pool-94-thread-1] INFO  server.RaftServerConfigKeys (ConfUtils.java:logGet(46)) - raft.server.log.purge.preservation.log.num = 0 (default)
2022-12-02 13:56:19,775 [EventQueue-CommandQueueReportForCommandQueueReportHandler] WARN  events.EventQueue (EventQueue.java:fireEvent(216)) - No event handler registered for event TypedEvent{payloadType=DatanodeDetails, name='Datanode_Command_Queue_Updated'}
2022-12-02 13:56:19,776 [pool-94-thread-1] INFO  server.RaftServerConfigKeys (ConfUtils.java:logGet(46)) - raft.server.log.segment.size.max = 1048576 (custom)
2022-12-02 13:56:19,775 [EventQueue-OpenPipelineForHealthyPipelineSafeModeRule] INFO  safemode.SCMSafeModeManager (HealthyPipelineSafeModeRule.java:process(137)) - SCM in safe mode. Healthy pipelines reported count is 0, required healthy pipeline reported count is 1
2022-12-02 13:56:19,779 [pool-94-thread-1] INFO  server.RaftServerConfigKeys (ConfUtils.java:logGet(46)) - raft.server.log.segment.cache.num.max = 2 (custom)
2022-12-02 13:56:19,779 [pool-94-thread-1] INFO  server.RaftServerConfigKeys (ConfUtils.java:logGet(46)) - raft.server.log.segment.cache.size.max = 200MB (=209715200) (default)
2022-12-02 13:56:19,779 [pool-94-thread-1] INFO  segmented.SegmentedRaftLogWorker (SegmentedRaftLogWorker.java:<init>(189)) - new 8e7f0208-8622-43f9-a3a0-bde69c0a79ed@group-314ABE34CCFC-SegmentedRaftLogWorker for RaftStorageImpl:Storage Directory /home/runner/work/ozone/ozone/hadoop-ozone/integration-test/target/test-dir/MiniOzoneClusterImpl-54b774fa-8058-4f65-8e1c-0ac417d0d4c9/datanode-1/data/ratis/70dd059f-ff75-476d-b77e-314abe34ccfc
2022-12-02 13:56:19,779 [pool-94-thread-1] INFO  server.RaftServerConfigKeys (ConfUtils.java:logGet(46)) - raft.server.log.queue.byte-limit = 4294967296 (custom)
2022-12-02 13:56:19,779 [pool-94-thread-1] INFO  server.RaftServerConfigKeys (ConfUtils.java:logGet(46)) - raft.server.log.queue.element-limit = 1024 (custom)
2022-12-02 13:56:19,779 [pool-94-thread-1] INFO  server.RaftServerConfigKeys (ConfUtils.java:logGet(46)) - raft.server.log.segment.size.max = 1048576 (custom)
2022-12-02 13:56:19,779 [pool-94-thread-1] INFO  server.RaftServerConfigKeys (ConfUtils.java:logGet(46)) - raft.server.log.preallocated.size = 16384 (custom)
2022-12-02 13:56:19,779 [pool-94-thread-1] INFO  server.RaftServerConfigKeys (ConfUtils.java:logGet(46)) - raft.server.log.force.sync.num = 128 (default)
2022-12-02 13:56:19,779 [pool-94-thread-1] INFO  server.RaftServerConfigKeys (ConfUtils.java:logGet(46)) - raft.server.log.statemachine.data.sync = true (default)
2022-12-02 13:56:19,779 [pool-94-thread-1] INFO  server.RaftServerConfigKeys (ConfUtils.java:logGet(46)) - raft.server.log.statemachine.data.sync.timeout = 10s (default)
2022-12-02 13:56:19,780 [pool-94-thread-1] INFO  server.RaftServerConfigKeys (ConfUtils.java:logGet(46)) - raft.server.log.statemachine.data.sync.timeout.retry = -1 (default)
2022-12-02 13:56:19,780 [pool-94-thread-1] INFO  server.RaftServerConfigKeys (ConfUtils.java:logGet(46)) - raft.server.log.write.buffer.size = 1048576 (custom)
2022-12-02 13:56:19,783 [pool-94-thread-1] INFO  server.RaftServerConfigKeys (ConfUtils.java:logGet(46)) - raft.server.log.appender.buffer.byte-limit = 33554432 (custom)
2022-12-02 13:56:19,796 [pool-94-thread-1] INFO  server.RaftServerConfigKeys (ConfUtils.java:logGet(46)) - raft.server.log.unsafe-flush.enabled = false (default)
2022-12-02 13:56:19,796 [pool-94-thread-1] INFO  server.RaftServerConfigKeys (ConfUtils.java:logGet(46)) - raft.server.log.async-flush.enabled = false (default)
2022-12-02 13:56:19,796 [pool-94-thread-1] INFO  server.RaftServerConfigKeys (ConfUtils.java:logGet(46)) - raft.server.log.statemachine.data.caching.enabled = true (custom)
2022-12-02 13:56:19,797 [pool-94-thread-1] INFO  segmented.SegmentedRaftLogWorker (SegmentedRaftLogWorker.java:lambda$new$0(135)) - 8e7f0208-8622-43f9-a3a0-bde69c0a79ed@group-314ABE34CCFC-SegmentedRaftLogWorker: flushIndex: setUnconditionally 0 -> -1
2022-12-02 13:56:19,797 [pool-94-thread-1] INFO  segmented.SegmentedRaftLogWorker (SegmentedRaftLogWorker.java:lambda$new$0(135)) - 8e7f0208-8622-43f9-a3a0-bde69c0a79ed@group-314ABE34CCFC-SegmentedRaftLogWorker: safeCacheEvictIndex: setUnconditionally 0 -> -1
2022-12-02 13:56:19,797 [pool-94-thread-1] INFO  server.RaftServer$Division (RaftServerImpl.java:start(334)) - 8e7f0208-8622-43f9-a3a0-bde69c0a79ed@group-314ABE34CCFC: start as a follower, conf=-1: peers:[8e7f0208-8622-43f9-a3a0-bde69c0a79ed|rpc:10.1.0.163:35087|priority:0|startupRole:FOLLOWER, 17c617e6-bef8-4aa5-a634-0bfba4eec40d|rpc:10.1.0.163:34401|priority:1|startupRole:FOLLOWER, b27e6838-cee8-48c3-93ac-b45d2206de0f|rpc:10.1.0.163:37205|priority:0|startupRole:FOLLOWER]|listeners:[], old=null
2022-12-02 13:56:19,797 [pool-94-thread-1] INFO  server.RaftServer$Division (RaftServerImpl.java:setRole(321)) - 8e7f0208-8622-43f9-a3a0-bde69c0a79ed@group-314ABE34CCFC: changes role from      null to FOLLOWER at term 0 for startAsFollower
2022-12-02 13:56:19,797 [pool-94-thread-1] INFO  impl.RoleInfo (RoleInfo.java:updateAndGet(139)) - 8e7f0208-8622-43f9-a3a0-bde69c0a79ed: start 8e7f0208-8622-43f9-a3a0-bde69c0a79ed@group-314ABE34CCFC-FollowerState
2022-12-02 13:56:19,798 [pool-94-thread-1] INFO  util.JmxRegister (JmxRegister.java:tryRegister(44)) - Successfully registered JMX Bean with object name Ratis:service=RaftServer,group=group-314ABE34CCFC,id=8e7f0208-8622-43f9-a3a0-bde69c0a79ed
2022-12-02 13:56:19,798 [pool-94-thread-1] INFO  server.RaftServerConfigKeys (ConfUtils.java:logGet(46)) - raft.server.snapshot.auto.trigger.enabled = true (custom)
2022-12-02 13:56:19,798 [pool-94-thread-1] INFO  server.RaftServerConfigKeys (ConfUtils.java:logGet(46)) - raft.server.snapshot.auto.trigger.threshold = 10000 (custom)
2022-12-02 13:56:19,798 [pool-94-thread-1] INFO  server.RaftServerConfigKeys (ConfUtils.java:logGet(46)) - raft.server.snapshot.retention.file.num = 5 (custom)
2022-12-02 13:56:19,798 [pool-94-thread-1] INFO  server.RaftServerConfigKeys (ConfUtils.java:logGet(46)) - raft.server.log.purge.upto.snapshot.index = false (default)
2022-12-02 13:56:19,800 [8e7f0208-8622-43f9-a3a0-bde69c0a79ed@group-314ABE34CCFC-FollowerState] INFO  server.RaftServerConfigKeys (ConfUtils.java:logFallback(53)) - raft.server.rpc.first-election.timeout.min = 5s (fallback to raft.server.rpc.timeout.min)
2022-12-02 13:56:19,800 [8e7f0208-8622-43f9-a3a0-bde69c0a79ed@group-314ABE34CCFC-FollowerState] INFO  server.RaftServerConfigKeys (ConfUtils.java:logFallback(53)) - raft.server.rpc.first-election.timeout.max = 5200ms (fallback to raft.server.rpc.timeout.max)
2022-12-02 13:56:19,800 [Command processor thread] INFO  ratis.XceiverServerRatis (XceiverServerRatis.java:addGroup(765)) - Created group PipelineID=70dd059f-ff75-476d-b77e-314abe34ccfc
2022-12-02 13:56:19,942 [EventQueue-CommandQueueReportForCommandQueueReportHandler] WARN  events.EventQueue (EventQueue.java:fireEvent(216)) - No event handler registered for event TypedEvent{payloadType=DatanodeDetails, name='Datanode_Command_Queue_Updated'}
2022-12-02 13:56:19,946 [grpc-default-executor-0] INFO  server.RaftServer (RaftServerProxy.java:addNew(96)) - b27e6838-cee8-48c3-93ac-b45d2206de0f: addNew group-314ABE34CCFC:[8e7f0208-8622-43f9-a3a0-bde69c0a79ed|rpc:10.1.0.163:35087|dataStream:|priority:0|startupRole:FOLLOWER, 17c617e6-bef8-4aa5-a634-0bfba4eec40d|rpc:10.1.0.163:34401|dataStream:|priority:1|startupRole:FOLLOWER, b27e6838-cee8-48c3-93ac-b45d2206de0f|rpc:10.1.0.163:37205|dataStream:|priority:0|startupRole:FOLLOWER] returns group-314ABE34CCFC:java.util.concurrent.CompletableFuture@466fb01a[Not completed]
2022-12-02 13:56:19,957 [pool-117-thread-1] INFO  server.RaftServer$Division (RaftServerImpl.java:<init>(195)) - b27e6838-cee8-48c3-93ac-b45d2206de0f: new RaftServerImpl for group-314ABE34CCFC:[8e7f0208-8622-43f9-a3a0-bde69c0a79ed|rpc:10.1.0.163:35087|dataStream:|priority:0|startupRole:FOLLOWER, 17c617e6-bef8-4aa5-a634-0bfba4eec40d|rpc:10.1.0.163:34401|dataStream:|priority:1|startupRole:FOLLOWER, b27e6838-cee8-48c3-93ac-b45d2206de0f|rpc:10.1.0.163:37205|dataStream:|priority:0|startupRole:FOLLOWER] with ContainerStateMachine:uninitialized
2022-12-02 13:56:19,958 [pool-117-thread-1] INFO  server.RaftServerConfigKeys (ConfUtils.java:logGet(46)) - raft.server.rpc.timeout.min = 5s (custom)
2022-12-02 13:56:19,958 [pool-117-thread-1] INFO  server.RaftServerConfigKeys (ConfUtils.java:logGet(46)) - raft.server.rpc.timeout.max = 5200ms (custom)
2022-12-02 13:56:19,958 [pool-117-thread-1] INFO  server.RaftServerConfigKeys (ConfUtils.java:logGet(46)) - raft.server.rpc.sleep.time = 25ms (default)
2022-12-02 13:56:19,958 [pool-117-thread-1] INFO  server.RaftServerConfigKeys (ConfUtils.java:logGet(46)) - raft.server.rpc.slowness.timeout = 300s (custom)
2022-12-02 13:56:19,958 [pool-117-thread-1] INFO  server.RaftServerConfigKeys (ConfUtils.java:logGet(46)) - raft.server.leaderelection.leader.step-down.wait-time = 10s (default)
2022-12-02 13:56:19,958 [pool-117-thread-1] INFO  server.RaftServerConfigKeys (ConfUtils.java:logGet(46)) - raft.server.sleep.deviation.threshold = 300ms (default)
2022-12-02 13:56:19,958 [pool-117-thread-1] INFO  server.RaftServer$Division (ServerState.java:<init>(118)) - b27e6838-cee8-48c3-93ac-b45d2206de0f@group-314ABE34CCFC: ConfigurationManager, init=-1: peers:[8e7f0208-8622-43f9-a3a0-bde69c0a79ed|rpc:10.1.0.163:35087|dataStream:|priority:0|startupRole:FOLLOWER, 17c617e6-bef8-4aa5-a634-0bfba4eec40d|rpc:10.1.0.163:34401|dataStream:|priority:1|startupRole:FOLLOWER, b27e6838-cee8-48c3-93ac-b45d2206de0f|rpc:10.1.0.163:37205|dataStream:|priority:0|startupRole:FOLLOWER]|listeners:[], old=null, confs=<EMPTY_MAP>
2022-12-02 13:56:19,958 [pool-117-thread-1] INFO  server.RaftServerConfigKeys (ConfUtils.java:logGet(46)) - raft.server.storage.dir = [/home/runner/work/ozone/ozone/hadoop-ozone/integration-test/target/test-dir/MiniOzoneClusterImpl-54b774fa-8058-4f65-8e1c-0ac417d0d4c9/datanode-2/data/ratis] (custom)
2022-12-02 13:56:19,958 [pool-117-thread-1] INFO  server.RaftServerConfigKeys (ConfUtils.java:logGet(46)) - raft.server.log.corruption.policy = EXCEPTION (default)
2022-12-02 13:56:19,958 [pool-117-thread-1] INFO  server.RaftServerConfigKeys (ConfUtils.java:logGet(46)) - raft.server.storage.free-space.min = 0MB (=0) (default)
2022-12-02 13:56:19,958 [pool-117-thread-1] INFO  server.RaftServerConfigKeys (ConfUtils.java:logGet(46)) - raft.server.notification.no-leader.timeout = 300s (custom)
2022-12-02 13:56:19,959 [pool-117-thread-1] INFO  server.RaftServerConfigKeys (ConfUtils.java:logGet(46)) - raft.server.retrycache.expirytime = 600000ms (custom)
2022-12-02 13:56:19,959 [pool-117-thread-1] INFO  server.RaftServerConfigKeys (ConfUtils.java:logGet(46)) - raft.server.retrycache.statistics.expirytime = 100μs (default)
2022-12-02 13:56:19,974 [pool-117-thread-1] INFO  server.RaftServerConfigKeys (ConfUtils.java:logGet(46)) - raft.server.log.appender.install.snapshot.enabled = false (custom)
2022-12-02 13:56:19,974 [pool-117-thread-1] INFO  server.RaftServerConfigKeys (ConfUtils.java:logGet(46)) - raft.server.threadpool.server.cached = true (default)
2022-12-02 13:56:19,974 [pool-117-thread-1] INFO  server.RaftServerConfigKeys (ConfUtils.java:logGet(46)) - raft.server.threadpool.server.size = 0 (default)
2022-12-02 13:56:19,974 [pool-117-thread-1] INFO  server.RaftServerConfigKeys (ConfUtils.java:logGet(46)) - raft.server.threadpool.client.cached = true (default)
2022-12-02 13:56:19,974 [pool-117-thread-1] INFO  server.RaftServerConfigKeys (ConfUtils.java:logGet(46)) - raft.server.threadpool.client.size = 0 (default)
2022-12-02 13:56:19,977 [pool-117-thread-1] INFO  storage.RaftStorageDirectory (RaftStorageDirectoryImpl.java:analyzeStorage(137)) - The storage directory /home/runner/work/ozone/ozone/hadoop-ozone/integration-test/target/test-dir/MiniOzoneClusterImpl-54b774fa-8058-4f65-8e1c-0ac417d0d4c9/datanode-2/data/ratis/70dd059f-ff75-476d-b77e-314abe34ccfc does not exist. Creating ...
2022-12-02 13:56:19,978 [pool-117-thread-1] INFO  storage.RaftStorageDirectory (RaftStorageDirectoryImpl.java:tryLock(231)) - Lock on /home/runner/work/ozone/ozone/hadoop-ozone/integration-test/target/test-dir/MiniOzoneClusterImpl-54b774fa-8058-4f65-8e1c-0ac417d0d4c9/datanode-2/data/ratis/70dd059f-ff75-476d-b77e-314abe34ccfc/in_use.lock acquired by nodename 13980@fv-az246-718
2022-12-02 13:56:19,979 [pool-117-thread-1] INFO  storage.RaftStorage (RaftStorageImpl.java:format(96)) - Storage directory /home/runner/work/ozone/ozone/hadoop-ozone/integration-test/target/test-dir/MiniOzoneClusterImpl-54b774fa-8058-4f65-8e1c-0ac417d0d4c9/datanode-2/data/ratis/70dd059f-ff75-476d-b77e-314abe34ccfc has been successfully formatted.
2022-12-02 13:56:19,984 [pool-117-thread-1] INFO  ratis.ContainerStateMachine (ContainerStateMachine.java:loadSnapshot(236)) - group-314ABE34CCFC: The snapshot info is null. Setting the last applied indexto:(t:0, i:~)
2022-12-02 13:56:19,984 [pool-117-thread-1] INFO  server.RaftServerConfigKeys (ConfUtils.java:logGet(46)) - raft.server.log.use.memory = false (default)
2022-12-02 13:56:19,984 [pool-117-thread-1] INFO  server.RaftServerConfigKeys (ConfUtils.java:logGet(46)) - raft.server.log.purge.gap = 1000000 (custom)
2022-12-02 13:56:19,984 [pool-117-thread-1] INFO  server.RaftServerConfigKeys (ConfUtils.java:logGet(46)) - raft.server.log.appender.buffer.byte-limit = 33554432 (custom)
2022-12-02 13:56:19,984 [pool-117-thread-1] INFO  server.RaftServerConfigKeys (ConfUtils.java:logGet(46)) - raft.server.log.statemachine.data.read.timeout = 1000ms (default)
2022-12-02 13:56:19,984 [pool-117-thread-1] INFO  server.RaftServerConfigKeys (ConfUtils.java:logGet(46)) - raft.server.log.purge.preservation.log.num = 0 (default)
2022-12-02 13:56:19,985 [pool-117-thread-1] INFO  server.RaftServerConfigKeys (ConfUtils.java:logGet(46)) - raft.server.log.segment.size.max = 1048576 (custom)
2022-12-02 13:56:19,985 [EventQueue-CommandQueueReportForCommandQueueReportHandler] WARN  events.EventQueue (EventQueue.java:fireEvent(216)) - No event handler registered for event TypedEvent{payloadType=DatanodeDetails, name='Datanode_Command_Queue_Updated'}
2022-12-02 13:56:19,987 [pool-117-thread-1] INFO  server.RaftServerConfigKeys (ConfUtils.java:logGet(46)) - raft.server.log.segment.cache.num.max = 2 (custom)
2022-12-02 13:56:19,987 [pool-117-thread-1] INFO  server.RaftServerConfigKeys (ConfUtils.java:logGet(46)) - raft.server.log.segment.cache.size.max = 200MB (=209715200) (default)
2022-12-02 13:56:19,987 [pool-117-thread-1] INFO  segmented.SegmentedRaftLogWorker (SegmentedRaftLogWorker.java:<init>(189)) - new b27e6838-cee8-48c3-93ac-b45d2206de0f@group-314ABE34CCFC-SegmentedRaftLogWorker for RaftStorageImpl:Storage Directory /home/runner/work/ozone/ozone/hadoop-ozone/integration-test/target/test-dir/MiniOzoneClusterImpl-54b774fa-8058-4f65-8e1c-0ac417d0d4c9/datanode-2/data/ratis/70dd059f-ff75-476d-b77e-314abe34ccfc
2022-12-02 13:56:19,987 [pool-117-thread-1] INFO  server.RaftServerConfigKeys (ConfUtils.java:logGet(46)) - raft.server.log.queue.byte-limit = 4294967296 (custom)
2022-12-02 13:56:19,987 [pool-117-thread-1] INFO  server.RaftServerConfigKeys (ConfUtils.java:logGet(46)) - raft.server.log.queue.element-limit = 1024 (custom)
2022-12-02 13:56:19,987 [pool-117-thread-1] INFO  server.RaftServerConfigKeys (ConfUtils.java:logGet(46)) - raft.server.log.segment.size.max = 1048576 (custom)
2022-12-02 13:56:19,987 [pool-117-thread-1] INFO  server.RaftServerConfigKeys (ConfUtils.java:logGet(46)) - raft.server.log.preallocated.size = 16384 (custom)
2022-12-02 13:56:19,987 [pool-117-thread-1] INFO  server.RaftServerConfigKeys (ConfUtils.java:logGet(46)) - raft.server.log.force.sync.num = 128 (default)
2022-12-02 13:56:19,987 [pool-117-thread-1] INFO  server.RaftServerConfigKeys (ConfUtils.java:logGet(46)) - raft.server.log.statemachine.data.sync = true (default)
2022-12-02 13:56:19,987 [pool-117-thread-1] INFO  server.RaftServerConfigKeys (ConfUtils.java:logGet(46)) - raft.server.log.statemachine.data.sync.timeout = 10s (default)
2022-12-02 13:56:19,987 [pool-117-thread-1] INFO  server.RaftServerConfigKeys (ConfUtils.java:logGet(46)) - raft.server.log.statemachine.data.sync.timeout.retry = -1 (default)
2022-12-02 13:56:19,990 [pool-117-thread-1] INFO  server.RaftServerConfigKeys (ConfUtils.java:logGet(46)) - raft.server.log.write.buffer.size = 1048576 (custom)
2022-12-02 13:56:19,992 [pool-117-thread-1] INFO  server.RaftServerConfigKeys (ConfUtils.java:logGet(46)) - raft.server.log.appender.buffer.byte-limit = 33554432 (custom)
2022-12-02 13:56:20,002 [pool-117-thread-1] INFO  server.RaftServerConfigKeys (ConfUtils.java:logGet(46)) - raft.server.log.unsafe-flush.enabled = false (default)
2022-12-02 13:56:20,002 [pool-117-thread-1] INFO  server.RaftServerConfigKeys (ConfUtils.java:logGet(46)) - raft.server.log.async-flush.enabled = false (default)
2022-12-02 13:56:20,002 [pool-117-thread-1] INFO  server.RaftServerConfigKeys (ConfUtils.java:logGet(46)) - raft.server.log.statemachine.data.caching.enabled = true (custom)
2022-12-02 13:56:20,004 [pool-117-thread-1] INFO  segmented.SegmentedRaftLogWorker (SegmentedRaftLogWorker.java:lambda$new$0(135)) - b27e6838-cee8-48c3-93ac-b45d2206de0f@group-314ABE34CCFC-SegmentedRaftLogWorker: flushIndex: setUnconditionally 0 -> -1
2022-12-02 13:56:20,004 [pool-117-thread-1] INFO  segmented.SegmentedRaftLogWorker (SegmentedRaftLogWorker.java:lambda$new$0(135)) - b27e6838-cee8-48c3-93ac-b45d2206de0f@group-314ABE34CCFC-SegmentedRaftLogWorker: safeCacheEvictIndex: setUnconditionally 0 -> -1
2022-12-02 13:56:20,008 [Command processor thread] INFO  server.RaftServer (RaftServerProxy.java:addNew(96)) - b27e6838-cee8-48c3-93ac-b45d2206de0f: addNew group-D68B27098A21:[b27e6838-cee8-48c3-93ac-b45d2206de0f|rpc:10.1.0.163:37205|priority:1|startupRole:FOLLOWER] returns group-D68B27098A21:java.util.concurrent.CompletableFuture@1ea4417d[Not completed]
2022-12-02 13:56:20,008 [pool-117-thread-1] INFO  server.RaftServer$Division (RaftServerImpl.java:start(334)) - b27e6838-cee8-48c3-93ac-b45d2206de0f@group-314ABE34CCFC: start as a follower, conf=-1: peers:[8e7f0208-8622-43f9-a3a0-bde69c0a79ed|rpc:10.1.0.163:35087|dataStream:|priority:0|startupRole:FOLLOWER, 17c617e6-bef8-4aa5-a634-0bfba4eec40d|rpc:10.1.0.163:34401|dataStream:|priority:1|startupRole:FOLLOWER, b27e6838-cee8-48c3-93ac-b45d2206de0f|rpc:10.1.0.163:37205|dataStream:|priority:0|startupRole:FOLLOWER]|listeners:[], old=null
2022-12-02 13:56:20,008 [pool-117-thread-1] INFO  server.RaftServer$Division (RaftServerImpl.java:setRole(321)) - b27e6838-cee8-48c3-93ac-b45d2206de0f@group-314ABE34CCFC: changes role from      null to FOLLOWER at term 0 for startAsFollower
2022-12-02 13:56:20,008 [pool-117-thread-1] INFO  impl.RoleInfo (RoleInfo.java:updateAndGet(139)) - b27e6838-cee8-48c3-93ac-b45d2206de0f: start b27e6838-cee8-48c3-93ac-b45d2206de0f@group-314ABE34CCFC-FollowerState
2022-12-02 13:56:20,013 [pool-117-thread-1] INFO  util.JmxRegister (JmxRegister.java:tryRegister(44)) - Successfully registered JMX Bean with object name Ratis:service=RaftServer,group=group-314ABE34CCFC,id=b27e6838-cee8-48c3-93ac-b45d2206de0f
2022-12-02 13:56:20,013 [pool-117-thread-1] INFO  server.RaftServerConfigKeys (ConfUtils.java:logGet(46)) - raft.server.snapshot.auto.trigger.enabled = true (custom)
2022-12-02 13:56:20,013 [pool-117-thread-1] INFO  server.RaftServerConfigKeys (ConfUtils.java:logGet(46)) - raft.server.snapshot.auto.trigger.threshold = 10000 (custom)
2022-12-02 13:56:20,013 [pool-117-thread-1] INFO  server.RaftServerConfigKeys (ConfUtils.java:logGet(46)) - raft.server.snapshot.retention.file.num = 5 (custom)
2022-12-02 13:56:20,013 [pool-117-thread-1] INFO  server.RaftServerConfigKeys (ConfUtils.java:logGet(46)) - raft.server.log.purge.upto.snapshot.index = false (default)
2022-12-02 13:56:20,014 [b27e6838-cee8-48c3-93ac-b45d2206de0f@group-314ABE34CCFC-FollowerState] INFO  server.RaftServerConfigKeys (ConfUtils.java:logFallback(53)) - raft.server.rpc.first-election.timeout.min = 5s (fallback to raft.server.rpc.timeout.min)
2022-12-02 13:56:20,016 [pool-117-thread-1] INFO  server.RaftServer$Division (RaftServerImpl.java:<init>(195)) - b27e6838-cee8-48c3-93ac-b45d2206de0f: new RaftServerImpl for group-D68B27098A21:[b27e6838-cee8-48c3-93ac-b45d2206de0f|rpc:10.1.0.163:37205|priority:1|startupRole:FOLLOWER] with ContainerStateMachine:uninitialized
2022-12-02 13:56:20,017 [pool-117-thread-1] INFO  server.RaftServerConfigKeys (ConfUtils.java:logGet(46)) - raft.server.rpc.timeout.min = 5s (custom)
2022-12-02 13:56:20,017 [pool-117-thread-1] INFO  server.RaftServerConfigKeys (ConfUtils.java:logGet(46)) - raft.server.rpc.timeout.max = 5200ms (custom)
2022-12-02 13:56:20,017 [pool-117-thread-1] INFO  server.RaftServerConfigKeys (ConfUtils.java:logGet(46)) - raft.server.rpc.sleep.time = 25ms (default)
2022-12-02 13:56:20,017 [pool-117-thread-1] INFO  server.RaftServerConfigKeys (ConfUtils.java:logGet(46)) - raft.server.rpc.slowness.timeout = 300s (custom)
2022-12-02 13:56:20,017 [pool-117-thread-1] INFO  server.RaftServerConfigKeys (ConfUtils.java:logGet(46)) - raft.server.leaderelection.leader.step-down.wait-time = 10s (default)
2022-12-02 13:56:20,017 [pool-117-thread-1] INFO  server.RaftServerConfigKeys (ConfUtils.java:logGet(46)) - raft.server.sleep.deviation.threshold = 300ms (default)
2022-12-02 13:56:20,018 [pool-117-thread-1] INFO  server.RaftServer$Division (ServerState.java:<init>(118)) - b27e6838-cee8-48c3-93ac-b45d2206de0f@group-D68B27098A21: ConfigurationManager, init=-1: peers:[b27e6838-cee8-48c3-93ac-b45d2206de0f|rpc:10.1.0.163:37205|priority:1|startupRole:FOLLOWER]|listeners:[], old=null, confs=<EMPTY_MAP>
2022-12-02 13:56:20,018 [pool-117-thread-1] INFO  server.RaftServerConfigKeys (ConfUtils.java:logGet(46)) - raft.server.storage.dir = [/home/runner/work/ozone/ozone/hadoop-ozone/integration-test/target/test-dir/MiniOzoneClusterImpl-54b774fa-8058-4f65-8e1c-0ac417d0d4c9/datanode-2/data/ratis] (custom)
2022-12-02 13:56:20,018 [pool-117-thread-1] INFO  server.RaftServerConfigKeys (ConfUtils.java:logGet(46)) - raft.server.log.corruption.policy = EXCEPTION (default)
2022-12-02 13:56:20,018 [pool-117-thread-1] INFO  server.RaftServerConfigKeys (ConfUtils.java:logGet(46)) - raft.server.storage.free-space.min = 0MB (=0) (default)
2022-12-02 13:56:20,018 [pool-117-thread-1] INFO  server.RaftServerConfigKeys (ConfUtils.java:logGet(46)) - raft.server.notification.no-leader.timeout = 300s (custom)
2022-12-02 13:56:20,018 [pool-117-thread-1] INFO  server.RaftServerConfigKeys (ConfUtils.java:logGet(46)) - raft.server.retrycache.expirytime = 600000ms (custom)
2022-12-02 13:56:20,018 [pool-117-thread-1] INFO  server.RaftServerConfigKeys (ConfUtils.java:logGet(46)) - raft.server.retrycache.statistics.expirytime = 100μs (default)
2022-12-02 13:56:20,019 [pool-117-thread-1] INFO  server.RaftServerConfigKeys (ConfUtils.java:logGet(46)) - raft.server.log.appender.install.snapshot.enabled = false (custom)
2022-12-02 13:56:20,019 [pool-117-thread-1] INFO  server.RaftServerConfigKeys (ConfUtils.java:logGet(46)) - raft.server.threadpool.server.cached = true (default)
2022-12-02 13:56:20,019 [pool-117-thread-1] INFO  server.RaftServerConfigKeys (ConfUtils.java:logGet(46)) - raft.server.threadpool.server.size = 0 (default)
2022-12-02 13:56:20,019 [pool-117-thread-1] INFO  server.RaftServerConfigKeys (ConfUtils.java:logGet(46)) - raft.server.threadpool.client.cached = true (default)
2022-12-02 13:56:20,020 [pool-117-thread-1] INFO  server.RaftServerConfigKeys (ConfUtils.java:logGet(46)) - raft.server.threadpool.client.size = 0 (default)
2022-12-02 13:56:20,020 [pool-117-thread-1] INFO  storage.RaftStorageDirectory (RaftStorageDirectoryImpl.java:analyzeStorage(137)) - The storage directory /home/runner/work/ozone/ozone/hadoop-ozone/integration-test/target/test-dir/MiniOzoneClusterImpl-54b774fa-8058-4f65-8e1c-0ac417d0d4c9/datanode-2/data/ratis/a8572d07-0735-43e5-bd5e-d68b27098a21 does not exist. Creating ...
2022-12-02 13:56:20,020 [b27e6838-cee8-48c3-93ac-b45d2206de0f@group-314ABE34CCFC-FollowerState] INFO  server.RaftServerConfigKeys (ConfUtils.java:logFallback(53)) - raft.server.rpc.first-election.timeout.max = 5200ms (fallback to raft.server.rpc.timeout.max)
2022-12-02 13:56:20,021 [pool-117-thread-1] INFO  storage.RaftStorageDirectory (RaftStorageDirectoryImpl.java:tryLock(231)) - Lock on /home/runner/work/ozone/ozone/hadoop-ozone/integration-test/target/test-dir/MiniOzoneClusterImpl-54b774fa-8058-4f65-8e1c-0ac417d0d4c9/datanode-2/data/ratis/a8572d07-0735-43e5-bd5e-d68b27098a21/in_use.lock acquired by nodename 13980@fv-az246-718
2022-12-02 13:56:20,023 [pool-117-thread-1] INFO  storage.RaftStorage (RaftStorageImpl.java:format(96)) - Storage directory /home/runner/work/ozone/ozone/hadoop-ozone/integration-test/target/test-dir/MiniOzoneClusterImpl-54b774fa-8058-4f65-8e1c-0ac417d0d4c9/datanode-2/data/ratis/a8572d07-0735-43e5-bd5e-d68b27098a21 has been successfully formatted.
2022-12-02 13:56:20,024 [pool-117-thread-1] INFO  ratis.ContainerStateMachine (ContainerStateMachine.java:loadSnapshot(236)) - group-D68B27098A21: The snapshot info is null. Setting the last applied indexto:(t:0, i:~)
2022-12-02 13:56:20,024 [pool-117-thread-1] INFO  server.RaftServerConfigKeys (ConfUtils.java:logGet(46)) - raft.server.log.use.memory = false (default)
2022-12-02 13:56:20,024 [pool-117-thread-1] INFO  server.RaftServerConfigKeys (ConfUtils.java:logGet(46)) - raft.server.log.purge.gap = 1000000 (custom)
2022-12-02 13:56:20,024 [pool-117-thread-1] INFO  server.RaftServerConfigKeys (ConfUtils.java:logGet(46)) - raft.server.log.appender.buffer.byte-limit = 33554432 (custom)
2022-12-02 13:56:20,024 [pool-117-thread-1] INFO  server.RaftServerConfigKeys (ConfUtils.java:logGet(46)) - raft.server.log.statemachine.data.read.timeout = 1000ms (default)
2022-12-02 13:56:20,027 [pool-117-thread-1] INFO  server.RaftServerConfigKeys (ConfUtils.java:logGet(46)) - raft.server.log.purge.preservation.log.num = 0 (default)
2022-12-02 13:56:20,027 [pool-117-thread-1] INFO  server.RaftServerConfigKeys (ConfUtils.java:logGet(46)) - raft.server.log.segment.size.max = 1048576 (custom)
2022-12-02 13:56:20,027 [pool-117-thread-1] INFO  server.RaftServerConfigKeys (ConfUtils.java:logGet(46)) - raft.server.log.segment.cache.num.max = 2 (custom)
2022-12-02 13:56:20,027 [pool-117-thread-1] INFO  server.RaftServerConfigKeys (ConfUtils.java:logGet(46)) - raft.server.log.segment.cache.size.max = 200MB (=209715200) (default)
2022-12-02 13:56:20,027 [pool-117-thread-1] INFO  segmented.SegmentedRaftLogWorker (SegmentedRaftLogWorker.java:<init>(189)) - new b27e6838-cee8-48c3-93ac-b45d2206de0f@group-D68B27098A21-SegmentedRaftLogWorker for RaftStorageImpl:Storage Directory /home/runner/work/ozone/ozone/hadoop-ozone/integration-test/target/test-dir/MiniOzoneClusterImpl-54b774fa-8058-4f65-8e1c-0ac417d0d4c9/datanode-2/data/ratis/a8572d07-0735-43e5-bd5e-d68b27098a21
2022-12-02 13:56:20,027 [pool-117-thread-1] INFO  server.RaftServerConfigKeys (ConfUtils.java:logGet(46)) - raft.server.log.queue.byte-limit = 4294967296 (custom)
2022-12-02 13:56:20,027 [pool-117-thread-1] INFO  server.RaftServerConfigKeys (ConfUtils.java:logGet(46)) - raft.server.log.queue.element-limit = 1024 (custom)
2022-12-02 13:56:20,027 [pool-117-thread-1] INFO  server.RaftServerConfigKeys (ConfUtils.java:logGet(46)) - raft.server.log.segment.size.max = 1048576 (custom)
2022-12-02 13:56:20,028 [pool-117-thread-1] INFO  server.RaftServerConfigKeys (ConfUtils.java:logGet(46)) - raft.server.log.preallocated.size = 16384 (custom)
2022-12-02 13:56:20,028 [pool-117-thread-1] INFO  server.RaftServerConfigKeys (ConfUtils.java:logGet(46)) - raft.server.log.force.sync.num = 128 (default)
2022-12-02 13:56:20,028 [pool-117-thread-1] INFO  server.RaftServerConfigKeys (ConfUtils.java:logGet(46)) - raft.server.log.statemachine.data.sync = true (default)
2022-12-02 13:56:20,028 [pool-117-thread-1] INFO  server.RaftServerConfigKeys (ConfUtils.java:logGet(46)) - raft.server.log.statemachine.data.sync.timeout = 10s (default)
2022-12-02 13:56:20,028 [pool-117-thread-1] INFO  server.RaftServerConfigKeys (ConfUtils.java:logGet(46)) - raft.server.log.statemachine.data.sync.timeout.retry = -1 (default)
2022-12-02 13:56:20,028 [EventQueue-PipelineReportForPipelineReportHandler] INFO  pipeline.PipelineManagerImpl (PipelineManagerImpl.java:openPipeline(367)) - Pipeline Pipeline[ Id: a8572d07-0735-43e5-bd5e-d68b27098a21, Nodes: b27e6838-cee8-48c3-93ac-b45d2206de0f{ip: 10.1.0.163, host: fv-az246-718.py5defvocjqundwqxk0lumnltg.cx.internal.cloudapp.net, ports: [REPLICATION=37755, RATIS=37205, RATIS_ADMIN=37205, RATIS_SERVER=37205, STANDALONE=41767], networkLocation: /default-rack, certSerialId: null, persistedOpState: IN_SERVICE, persistedOpStateExpiryEpochSec: 0}, ReplicationConfig: RATIS/ONE, State:ALLOCATED, leaderId:b27e6838-cee8-48c3-93ac-b45d2206de0f, CreationTimestamp2022-12-02T13:56:17.012Z[Etc/UTC]] moved to OPEN state
2022-12-02 13:56:20,028 [EventQueue-CommandQueueReportForCommandQueueReportHandler] WARN  events.EventQueue (EventQueue.java:fireEvent(216)) - No event handler registered for event TypedEvent{payloadType=DatanodeDetails, name='Datanode_Command_Queue_Updated'}
2022-12-02 13:56:20,029 [EventQueue-OpenPipelineForHealthyPipelineSafeModeRule] INFO  safemode.SCMSafeModeManager (HealthyPipelineSafeModeRule.java:process(137)) - SCM in safe mode. Healthy pipelines reported count is 0, required healthy pipeline reported count is 1
2022-12-02 13:56:20,030 [pool-117-thread-1] INFO  server.RaftServerConfigKeys (ConfUtils.java:logGet(46)) - raft.server.log.write.buffer.size = 1048576 (custom)
2022-12-02 13:56:20,031 [pool-117-thread-1] INFO  server.RaftServerConfigKeys (ConfUtils.java:logGet(46)) - raft.server.log.appender.buffer.byte-limit = 33554432 (custom)
2022-12-02 13:56:20,039 [pool-117-thread-1] INFO  server.RaftServerConfigKeys (ConfUtils.java:logGet(46)) - raft.server.log.unsafe-flush.enabled = false (default)
2022-12-02 13:56:20,039 [pool-117-thread-1] INFO  server.RaftServerConfigKeys (ConfUtils.java:logGet(46)) - raft.server.log.async-flush.enabled = false (default)
2022-12-02 13:56:20,039 [pool-117-thread-1] INFO  server.RaftServerConfigKeys (ConfUtils.java:logGet(46)) - raft.server.log.statemachine.data.caching.enabled = true (custom)
2022-12-02 13:56:20,040 [pool-117-thread-1] INFO  segmented.SegmentedRaftLogWorker (SegmentedRaftLogWorker.java:lambda$new$0(135)) - b27e6838-cee8-48c3-93ac-b45d2206de0f@group-D68B27098A21-SegmentedRaftLogWorker: flushIndex: setUnconditionally 0 -> -1
2022-12-02 13:56:20,040 [pool-117-thread-1] INFO  segmented.SegmentedRaftLogWorker (SegmentedRaftLogWorker.java:lambda$new$0(135)) - b27e6838-cee8-48c3-93ac-b45d2206de0f@group-D68B27098A21-SegmentedRaftLogWorker: safeCacheEvictIndex: setUnconditionally 0 -> -1
2022-12-02 13:56:20,040 [pool-117-thread-1] INFO  server.RaftServer$Division (RaftServerImpl.java:start(334)) - b27e6838-cee8-48c3-93ac-b45d2206de0f@group-D68B27098A21: start as a follower, conf=-1: peers:[b27e6838-cee8-48c3-93ac-b45d2206de0f|rpc:10.1.0.163:37205|priority:1|startupRole:FOLLOWER]|listeners:[], old=null
2022-12-02 13:56:20,040 [pool-117-thread-1] INFO  server.RaftServer$Division (RaftServerImpl.java:setRole(321)) - b27e6838-cee8-48c3-93ac-b45d2206de0f@group-D68B27098A21: changes role from      null to FOLLOWER at term 0 for startAsFollower
2022-12-02 13:56:20,040 [pool-117-thread-1] INFO  impl.RoleInfo (RoleInfo.java:updateAndGet(139)) - b27e6838-cee8-48c3-93ac-b45d2206de0f: start b27e6838-cee8-48c3-93ac-b45d2206de0f@group-D68B27098A21-FollowerState
2022-12-02 13:56:20,043 [pool-117-thread-1] INFO  util.JmxRegister (JmxRegister.java:tryRegister(44)) - Successfully registered JMX Bean with object name Ratis:service=RaftServer,group=group-D68B27098A21,id=b27e6838-cee8-48c3-93ac-b45d2206de0f
2022-12-02 13:56:20,043 [pool-117-thread-1] INFO  server.RaftServerConfigKeys (ConfUtils.java:logGet(46)) - raft.server.snapshot.auto.trigger.enabled = true (custom)
2022-12-02 13:56:20,043 [pool-117-thread-1] INFO  server.RaftServerConfigKeys (ConfUtils.java:logGet(46)) - raft.server.snapshot.auto.trigger.threshold = 10000 (custom)
2022-12-02 13:56:20,043 [pool-117-thread-1] INFO  server.RaftServerConfigKeys (ConfUtils.java:logGet(46)) - raft.server.snapshot.retention.file.num = 5 (custom)
2022-12-02 13:56:20,043 [pool-117-thread-1] INFO  server.RaftServerConfigKeys (ConfUtils.java:logGet(46)) - raft.server.log.purge.upto.snapshot.index = false (default)
2022-12-02 13:56:20,045 [b27e6838-cee8-48c3-93ac-b45d2206de0f@group-D68B27098A21-FollowerState] INFO  server.RaftServerConfigKeys (ConfUtils.java:logFallback(53)) - raft.server.rpc.first-election.timeout.min = 5s (fallback to raft.server.rpc.timeout.min)
2022-12-02 13:56:20,045 [b27e6838-cee8-48c3-93ac-b45d2206de0f@group-D68B27098A21-FollowerState] INFO  server.RaftServerConfigKeys (ConfUtils.java:logFallback(53)) - raft.server.rpc.first-election.timeout.max = 5200ms (fallback to raft.server.rpc.timeout.max)
2022-12-02 13:56:20,046 [Command processor thread] INFO  ratis.XceiverServerRatis (XceiverServerRatis.java:addGroup(765)) - Created group PipelineID=a8572d07-0735-43e5-bd5e-d68b27098a21
2022-12-02 13:56:20,046 [Command processor thread] INFO  commandhandler.CreatePipelineCommandHandler (CreatePipelineCommandHandler.java:handle(113)) - Created Pipeline RATIS ONE PipelineID=a8572d07-0735-43e5-bd5e-d68b27098a21.
2022-12-02 13:56:20,046 [Command processor thread] INFO  server.RaftServer (RaftServerProxy.java:addNew(96)) - b27e6838-cee8-48c3-93ac-b45d2206de0f: addNew group-B690BFC75A3B:[8e7f0208-8622-43f9-a3a0-bde69c0a79ed|rpc:10.1.0.163:35087|priority:0|startupRole:FOLLOWER, 17c617e6-bef8-4aa5-a634-0bfba4eec40d|rpc:10.1.0.163:34401|priority:0|startupRole:FOLLOWER, b27e6838-cee8-48c3-93ac-b45d2206de0f|rpc:10.1.0.163:37205|priority:1|startupRole:FOLLOWER] returns group-B690BFC75A3B:java.util.concurrent.CompletableFuture@1063acd9[Not completed]
2022-12-02 13:56:20,047 [pool-117-thread-1] INFO  server.RaftServer$Division (RaftServerImpl.java:<init>(195)) - b27e6838-cee8-48c3-93ac-b45d2206de0f: new RaftServerImpl for group-B690BFC75A3B:[8e7f0208-8622-43f9-a3a0-bde69c0a79ed|rpc:10.1.0.163:35087|priority:0|startupRole:FOLLOWER, 17c617e6-bef8-4aa5-a634-0bfba4eec40d|rpc:10.1.0.163:34401|priority:0|startupRole:FOLLOWER, b27e6838-cee8-48c3-93ac-b45d2206de0f|rpc:10.1.0.163:37205|priority:1|startupRole:FOLLOWER] with ContainerStateMachine:uninitialized
2022-12-02 13:56:20,047 [pool-117-thread-1] INFO  server.RaftServerConfigKeys (ConfUtils.java:logGet(46)) - raft.server.rpc.timeout.min = 5s (custom)
2022-12-02 13:56:20,047 [pool-117-thread-1] INFO  server.RaftServerConfigKeys (ConfUtils.java:logGet(46)) - raft.server.rpc.timeout.max = 5200ms (custom)
2022-12-02 13:56:20,047 [pool-117-thread-1] INFO  server.RaftServerConfigKeys (ConfUtils.java:logGet(46)) - raft.server.rpc.sleep.time = 25ms (default)
2022-12-02 13:56:20,047 [pool-117-thread-1] INFO  server.RaftServerConfigKeys (ConfUtils.java:logGet(46)) - raft.server.rpc.slowness.timeout = 300s (custom)
2022-12-02 13:56:20,048 [pool-117-thread-1] INFO  server.RaftServerConfigKeys (ConfUtils.java:logGet(46)) - raft.server.leaderelection.leader.step-down.wait-time = 10s (default)
2022-12-02 13:56:20,048 [pool-117-thread-1] INFO  server.RaftServerConfigKeys (ConfUtils.java:logGet(46)) - raft.server.sleep.deviation.threshold = 300ms (default)
2022-12-02 13:56:20,048 [pool-117-thread-1] INFO  server.RaftServer$Division (ServerState.java:<init>(118)) - b27e6838-cee8-48c3-93ac-b45d2206de0f@group-B690BFC75A3B: ConfigurationManager, init=-1: peers:[8e7f0208-8622-43f9-a3a0-bde69c0a79ed|rpc:10.1.0.163:35087|priority:0|startupRole:FOLLOWER, 17c617e6-bef8-4aa5-a634-0bfba4eec40d|rpc:10.1.0.163:34401|priority:0|startupRole:FOLLOWER, b27e6838-cee8-48c3-93ac-b45d2206de0f|rpc:10.1.0.163:37205|priority:1|startupRole:FOLLOWER]|listeners:[], old=null, confs=<EMPTY_MAP>
2022-12-02 13:56:20,048 [pool-117-thread-1] INFO  server.RaftServerConfigKeys (ConfUtils.java:logGet(46)) - raft.server.storage.dir = [/home/runner/work/ozone/ozone/hadoop-ozone/integration-test/target/test-dir/MiniOzoneClusterImpl-54b774fa-8058-4f65-8e1c-0ac417d0d4c9/datanode-2/data/ratis] (custom)
2022-12-02 13:56:20,048 [pool-117-thread-1] INFO  server.RaftServerConfigKeys (ConfUtils.java:logGet(46)) - raft.server.log.corruption.policy = EXCEPTION (default)
2022-12-02 13:56:20,048 [pool-117-thread-1] INFO  server.RaftServerConfigKeys (ConfUtils.java:logGet(46)) - raft.server.storage.free-space.min = 0MB (=0) (default)
2022-12-02 13:56:20,048 [pool-117-thread-1] INFO  server.RaftServerConfigKeys (ConfUtils.java:logGet(46)) - raft.server.notification.no-leader.timeout = 300s (custom)
2022-12-02 13:56:20,048 [pool-117-thread-1] INFO  server.RaftServerConfigKeys (ConfUtils.java:logGet(46)) - raft.server.retrycache.expirytime = 600000ms (custom)
2022-12-02 13:56:20,048 [pool-117-thread-1] INFO  server.RaftServerConfigKeys (ConfUtils.java:logGet(46)) - raft.server.retrycache.statistics.expirytime = 100μs (default)
2022-12-02 13:56:20,050 [pool-117-thread-1] INFO  server.RaftServerConfigKeys (ConfUtils.java:logGet(46)) - raft.server.log.appender.install.snapshot.enabled = false (custom)
2022-12-02 13:56:20,050 [pool-117-thread-1] INFO  server.RaftServerConfigKeys (ConfUtils.java:logGet(46)) - raft.server.threadpool.server.cached = true (default)
2022-12-02 13:56:20,050 [pool-117-thread-1] INFO  server.RaftServerConfigKeys (ConfUtils.java:logGet(46)) - raft.server.threadpool.server.size = 0 (default)
2022-12-02 13:56:20,050 [pool-117-thread-1] INFO  server.RaftServerConfigKeys (ConfUtils.java:logGet(46)) - raft.server.threadpool.client.cached = true (default)
2022-12-02 13:56:20,051 [pool-117-thread-1] INFO  server.RaftServerConfigKeys (ConfUtils.java:logGet(46)) - raft.server.threadpool.client.size = 0 (default)
2022-12-02 13:56:20,051 [pool-117-thread-1] INFO  storage.RaftStorageDirectory (RaftStorageDirectoryImpl.java:analyzeStorage(137)) - The storage directory /home/runner/work/ozone/ozone/hadoop-ozone/integration-test/target/test-dir/MiniOzoneClusterImpl-54b774fa-8058-4f65-8e1c-0ac417d0d4c9/datanode-2/data/ratis/6319aeed-fd30-406a-89e5-b690bfc75a3b does not exist. Creating ...
2022-12-02 13:56:20,052 [pool-117-thread-1] INFO  storage.RaftStorageDirectory (RaftStorageDirectoryImpl.java:tryLock(231)) - Lock on /home/runner/work/ozone/ozone/hadoop-ozone/integration-test/target/test-dir/MiniOzoneClusterImpl-54b774fa-8058-4f65-8e1c-0ac417d0d4c9/datanode-2/data/ratis/6319aeed-fd30-406a-89e5-b690bfc75a3b/in_use.lock acquired by nodename 13980@fv-az246-718
2022-12-02 13:56:20,053 [pool-117-thread-1] INFO  storage.RaftStorage (RaftStorageImpl.java:format(96)) - Storage directory /home/runner/work/ozone/ozone/hadoop-ozone/integration-test/target/test-dir/MiniOzoneClusterImpl-54b774fa-8058-4f65-8e1c-0ac417d0d4c9/datanode-2/data/ratis/6319aeed-fd30-406a-89e5-b690bfc75a3b has been successfully formatted.
2022-12-02 13:56:20,054 [pool-117-thread-1] INFO  ratis.ContainerStateMachine (ContainerStateMachine.java:loadSnapshot(236)) - group-B690BFC75A3B: The snapshot info is null. Setting the last applied indexto:(t:0, i:~)
2022-12-02 13:56:20,054 [pool-117-thread-1] INFO  server.RaftServerConfigKeys (ConfUtils.java:logGet(46)) - raft.server.log.use.memory = false (default)
2022-12-02 13:56:20,054 [pool-117-thread-1] INFO  server.RaftServerConfigKeys (ConfUtils.java:logGet(46)) - raft.server.log.purge.gap = 1000000 (custom)
2022-12-02 13:56:20,054 [pool-117-thread-1] INFO  server.RaftServerConfigKeys (ConfUtils.java:logGet(46)) - raft.server.log.appender.buffer.byte-limit = 33554432 (custom)
2022-12-02 13:56:20,054 [pool-117-thread-1] INFO  server.RaftServerConfigKeys (ConfUtils.java:logGet(46)) - raft.server.log.statemachine.data.read.timeout = 1000ms (default)
2022-12-02 13:56:20,054 [pool-117-thread-1] INFO  server.RaftServerConfigKeys (ConfUtils.java:logGet(46)) - raft.server.log.purge.preservation.log.num = 0 (default)
2022-12-02 13:56:20,054 [pool-117-thread-1] INFO  server.RaftServerConfigKeys (ConfUtils.java:logGet(46)) - raft.server.log.segment.size.max = 1048576 (custom)
2022-12-02 13:56:20,061 [EventQueue-CommandQueueReportForCommandQueueReportHandler] WARN  events.EventQueue (EventQueue.java:fireEvent(216)) - No event handler registered for event TypedEvent{payloadType=DatanodeDetails, name='Datanode_Command_Queue_Updated'}
2022-12-02 13:56:20,071 [EventQueue-OpenPipelineForHealthyPipelineSafeModeRule] INFO  safemode.SCMSafeModeManager (HealthyPipelineSafeModeRule.java:process(137)) - SCM in safe mode. Healthy pipelines reported count is 0, required healthy pipeline reported count is 1
2022-12-02 13:56:20,071 [pool-117-thread-1] INFO  server.RaftServerConfigKeys (ConfUtils.java:logGet(46)) - raft.server.log.segment.cache.num.max = 2 (custom)
2022-12-02 13:56:20,071 [pool-117-thread-1] INFO  server.RaftServerConfigKeys (ConfUtils.java:logGet(46)) - raft.server.log.segment.cache.size.max = 200MB (=209715200) (default)
2022-12-02 13:56:20,071 [pool-117-thread-1] INFO  segmented.SegmentedRaftLogWorker (SegmentedRaftLogWorker.java:<init>(189)) - new b27e6838-cee8-48c3-93ac-b45d2206de0f@group-B690BFC75A3B-SegmentedRaftLogWorker for RaftStorageImpl:Storage Directory /home/runner/work/ozone/ozone/hadoop-ozone/integration-test/target/test-dir/MiniOzoneClusterImpl-54b774fa-8058-4f65-8e1c-0ac417d0d4c9/datanode-2/data/ratis/6319aeed-fd30-406a-89e5-b690bfc75a3b
2022-12-02 13:56:20,071 [pool-117-thread-1] INFO  server.RaftServerConfigKeys (ConfUtils.java:logGet(46)) - raft.server.log.queue.byte-limit = 4294967296 (custom)
2022-12-02 13:56:20,071 [pool-117-thread-1] INFO  server.RaftServerConfigKeys (ConfUtils.java:logGet(46)) - raft.server.log.queue.element-limit = 1024 (custom)
2022-12-02 13:56:20,072 [pool-117-thread-1] INFO  server.RaftServerConfigKeys (ConfUtils.java:logGet(46)) - raft.server.log.segment.size.max = 1048576 (custom)
2022-12-02 13:56:20,072 [pool-117-thread-1] INFO  server.RaftServerConfigKeys (ConfUtils.java:logGet(46)) - raft.server.log.preallocated.size = 16384 (custom)
2022-12-02 13:56:20,072 [pool-117-thread-1] INFO  server.RaftServerConfigKeys (ConfUtils.java:logGet(46)) - raft.server.log.force.sync.num = 128 (default)
2022-12-02 13:56:20,072 [pool-117-thread-1] INFO  server.RaftServerConfigKeys (ConfUtils.java:logGet(46)) - raft.server.log.statemachine.data.sync = true (default)
2022-12-02 13:56:20,072 [pool-117-thread-1] INFO  server.RaftServerConfigKeys (ConfUtils.java:logGet(46)) - raft.server.log.statemachine.data.sync.timeout = 10s (default)
2022-12-02 13:56:20,072 [pool-117-thread-1] INFO  server.RaftServerConfigKeys (ConfUtils.java:logGet(46)) - raft.server.log.statemachine.data.sync.timeout.retry = -1 (default)
2022-12-02 13:56:20,073 [pool-117-thread-1] INFO  server.RaftServerConfigKeys (ConfUtils.java:logGet(46)) - raft.server.log.write.buffer.size = 1048576 (custom)
2022-12-02 13:56:20,073 [pool-117-thread-1] INFO  server.RaftServerConfigKeys (ConfUtils.java:logGet(46)) - raft.server.log.appender.buffer.byte-limit = 33554432 (custom)
2022-12-02 13:56:20,101 [pool-117-thread-1] INFO  server.RaftServerConfigKeys (ConfUtils.java:logGet(46)) - raft.server.log.unsafe-flush.enabled = false (default)
2022-12-02 13:56:20,102 [pool-117-thread-1] INFO  server.RaftServerConfigKeys (ConfUtils.java:logGet(46)) - raft.server.log.async-flush.enabled = false (default)
2022-12-02 13:56:20,102 [pool-117-thread-1] INFO  server.RaftServerConfigKeys (ConfUtils.java:logGet(46)) - raft.server.log.statemachine.data.caching.enabled = true (custom)
2022-12-02 13:56:20,102 [pool-117-thread-1] INFO  segmented.SegmentedRaftLogWorker (SegmentedRaftLogWorker.java:lambda$new$0(135)) - b27e6838-cee8-48c3-93ac-b45d2206de0f@group-B690BFC75A3B-SegmentedRaftLogWorker: flushIndex: setUnconditionally 0 -> -1
2022-12-02 13:56:20,102 [pool-117-thread-1] INFO  segmented.SegmentedRaftLogWorker (SegmentedRaftLogWorker.java:lambda$new$0(135)) - b27e6838-cee8-48c3-93ac-b45d2206de0f@group-B690BFC75A3B-SegmentedRaftLogWorker: safeCacheEvictIndex: setUnconditionally 0 -> -1
2022-12-02 13:56:20,122 [pool-117-thread-1] INFO  server.RaftServer$Division (RaftServerImpl.java:start(334)) - b27e6838-cee8-48c3-93ac-b45d2206de0f@group-B690BFC75A3B: start as a follower, conf=-1: peers:[8e7f0208-8622-43f9-a3a0-bde69c0a79ed|rpc:10.1.0.163:35087|priority:0|startupRole:FOLLOWER, 17c617e6-bef8-4aa5-a634-0bfba4eec40d|rpc:10.1.0.163:34401|priority:0|startupRole:FOLLOWER, b27e6838-cee8-48c3-93ac-b45d2206de0f|rpc:10.1.0.163:37205|priority:1|startupRole:FOLLOWER]|listeners:[], old=null
2022-12-02 13:56:20,123 [pool-117-thread-1] INFO  server.RaftServer$Division (RaftServerImpl.java:setRole(321)) - b27e6838-cee8-48c3-93ac-b45d2206de0f@group-B690BFC75A3B: changes role from      null to FOLLOWER at term 0 for startAsFollower
2022-12-02 13:56:20,123 [pool-117-thread-1] INFO  impl.RoleInfo (RoleInfo.java:updateAndGet(139)) - b27e6838-cee8-48c3-93ac-b45d2206de0f: start b27e6838-cee8-48c3-93ac-b45d2206de0f@group-B690BFC75A3B-FollowerState
2022-12-02 13:56:20,123 [pool-117-thread-1] INFO  util.JmxRegister (JmxRegister.java:tryRegister(44)) - Successfully registered JMX Bean with object name Ratis:service=RaftServer,group=group-B690BFC75A3B,id=b27e6838-cee8-48c3-93ac-b45d2206de0f
2022-12-02 13:56:20,128 [pool-117-thread-1] INFO  server.RaftServerConfigKeys (ConfUtils.java:logGet(46)) - raft.server.snapshot.auto.trigger.enabled = true (custom)
2022-12-02 13:56:20,128 [pool-117-thread-1] INFO  server.RaftServerConfigKeys (ConfUtils.java:logGet(46)) - raft.server.snapshot.auto.trigger.threshold = 10000 (custom)
2022-12-02 13:56:20,128 [pool-117-thread-1] INFO  server.RaftServerConfigKeys (ConfUtils.java:logGet(46)) - raft.server.snapshot.retention.file.num = 5 (custom)
2022-12-02 13:56:20,129 [pool-117-thread-1] INFO  server.RaftServerConfigKeys (ConfUtils.java:logGet(46)) - raft.server.log.purge.upto.snapshot.index = false (default)
2022-12-02 13:56:20,131 [Command processor thread] INFO  ratis.XceiverServerRatis (XceiverServerRatis.java:addGroup(765)) - Created group PipelineID=6319aeed-fd30-406a-89e5-b690bfc75a3b
2022-12-02 13:56:20,135 [b27e6838-cee8-48c3-93ac-b45d2206de0f@group-B690BFC75A3B-FollowerState] INFO  server.RaftServerConfigKeys (ConfUtils.java:logFallback(53)) - raft.server.rpc.first-election.timeout.min = 5s (fallback to raft.server.rpc.timeout.min)
2022-12-02 13:56:20,135 [b27e6838-cee8-48c3-93ac-b45d2206de0f@group-B690BFC75A3B-FollowerState] INFO  server.RaftServerConfigKeys (ConfUtils.java:logFallback(53)) - raft.server.rpc.first-election.timeout.max = 5200ms (fallback to raft.server.rpc.timeout.max)
2022-12-02 13:56:20,139 [Command processor thread] INFO  commandhandler.CreatePipelineCommandHandler (CreatePipelineCommandHandler.java:handle(113)) - Created Pipeline RATIS THREE PipelineID=70dd059f-ff75-476d-b77e-314abe34ccfc.
2022-12-02 13:56:20,141 [Command processor thread] INFO  server.RaftServer (RaftServerProxy.java:addNew(96)) - 8e7f0208-8622-43f9-a3a0-bde69c0a79ed: addNew group-B690BFC75A3B:[8e7f0208-8622-43f9-a3a0-bde69c0a79ed|rpc:10.1.0.163:35087|priority:0|startupRole:FOLLOWER, 17c617e6-bef8-4aa5-a634-0bfba4eec40d|rpc:10.1.0.163:34401|priority:0|startupRole:FOLLOWER, b27e6838-cee8-48c3-93ac-b45d2206de0f|rpc:10.1.0.163:37205|priority:1|startupRole:FOLLOWER] returns group-B690BFC75A3B:java.util.concurrent.CompletableFuture@52790503[Not completed]
2022-12-02 13:56:20,142 [pool-94-thread-1] INFO  server.RaftServer$Division (RaftServerImpl.java:<init>(195)) - 8e7f0208-8622-43f9-a3a0-bde69c0a79ed: new RaftServerImpl for group-B690BFC75A3B:[8e7f0208-8622-43f9-a3a0-bde69c0a79ed|rpc:10.1.0.163:35087|priority:0|startupRole:FOLLOWER, 17c617e6-bef8-4aa5-a634-0bfba4eec40d|rpc:10.1.0.163:34401|priority:0|startupRole:FOLLOWER, b27e6838-cee8-48c3-93ac-b45d2206de0f|rpc:10.1.0.163:37205|priority:1|startupRole:FOLLOWER] with ContainerStateMachine:uninitialized
2022-12-02 13:56:20,142 [pool-94-thread-1] INFO  server.RaftServerConfigKeys (ConfUtils.java:logGet(46)) - raft.server.rpc.timeout.min = 5s (custom)
2022-12-02 13:56:20,143 [pool-94-thread-1] INFO  server.RaftServerConfigKeys (ConfUtils.java:logGet(46)) - raft.server.rpc.timeout.max = 5200ms (custom)
2022-12-02 13:56:20,143 [pool-94-thread-1] INFO  server.RaftServerConfigKeys (ConfUtils.java:logGet(46)) - raft.server.rpc.sleep.time = 25ms (default)
2022-12-02 13:56:20,143 [pool-94-thread-1] INFO  server.RaftServerConfigKeys (ConfUtils.java:logGet(46)) - raft.server.rpc.slowness.timeout = 300s (custom)
2022-12-02 13:56:20,143 [pool-94-thread-1] INFO  server.RaftServerConfigKeys (ConfUtils.java:logGet(46)) - raft.server.leaderelection.leader.step-down.wait-time = 10s (default)
2022-12-02 13:56:20,143 [pool-94-thread-1] INFO  server.RaftServerConfigKeys (ConfUtils.java:logGet(46)) - raft.server.sleep.deviation.threshold = 300ms (default)
2022-12-02 13:56:20,143 [pool-94-thread-1] INFO  server.RaftServer$Division (ServerState.java:<init>(118)) - 8e7f0208-8622-43f9-a3a0-bde69c0a79ed@group-B690BFC75A3B: ConfigurationManager, init=-1: peers:[8e7f0208-8622-43f9-a3a0-bde69c0a79ed|rpc:10.1.0.163:35087|priority:0|startupRole:FOLLOWER, 17c617e6-bef8-4aa5-a634-0bfba4eec40d|rpc:10.1.0.163:34401|priority:0|startupRole:FOLLOWER, b27e6838-cee8-48c3-93ac-b45d2206de0f|rpc:10.1.0.163:37205|priority:1|startupRole:FOLLOWER]|listeners:[], old=null, confs=<EMPTY_MAP>
2022-12-02 13:56:20,143 [pool-94-thread-1] INFO  server.RaftServerConfigKeys (ConfUtils.java:logGet(46)) - raft.server.storage.dir = [/home/runner/work/ozone/ozone/hadoop-ozone/integration-test/target/test-dir/MiniOzoneClusterImpl-54b774fa-8058-4f65-8e1c-0ac417d0d4c9/datanode-1/data/ratis] (custom)
2022-12-02 13:56:20,143 [pool-94-thread-1] INFO  server.RaftServerConfigKeys (ConfUtils.java:logGet(46)) - raft.server.log.corruption.policy = EXCEPTION (default)
2022-12-02 13:56:20,143 [pool-94-thread-1] INFO  server.RaftServerConfigKeys (ConfUtils.java:logGet(46)) - raft.server.storage.free-space.min = 0MB (=0) (default)
2022-12-02 13:56:20,143 [pool-94-thread-1] INFO  server.RaftServerConfigKeys (ConfUtils.java:logGet(46)) - raft.server.notification.no-leader.timeout = 300s (custom)
2022-12-02 13:56:20,143 [pool-94-thread-1] INFO  server.RaftServerConfigKeys (ConfUtils.java:logGet(46)) - raft.server.retrycache.expirytime = 600000ms (custom)
2022-12-02 13:56:20,143 [pool-94-thread-1] INFO  server.RaftServerConfigKeys (ConfUtils.java:logGet(46)) - raft.server.retrycache.statistics.expirytime = 100μs (default)
2022-12-02 13:56:20,144 [pool-94-thread-1] INFO  server.RaftServerConfigKeys (ConfUtils.java:logGet(46)) - raft.server.log.appender.install.snapshot.enabled = false (custom)
2022-12-02 13:56:20,145 [pool-94-thread-1] INFO  server.RaftServerConfigKeys (ConfUtils.java:logGet(46)) - raft.server.threadpool.server.cached = true (default)
2022-12-02 13:56:20,145 [pool-94-thread-1] INFO  server.RaftServerConfigKeys (ConfUtils.java:logGet(46)) - raft.server.threadpool.server.size = 0 (default)
2022-12-02 13:56:20,145 [pool-94-thread-1] INFO  server.RaftServerConfigKeys (ConfUtils.java:logGet(46)) - raft.server.threadpool.client.cached = true (default)
2022-12-02 13:56:20,145 [pool-94-thread-1] INFO  server.RaftServerConfigKeys (ConfUtils.java:logGet(46)) - raft.server.threadpool.client.size = 0 (default)
2022-12-02 13:56:20,146 [pool-94-thread-1] INFO  storage.RaftStorageDirectory (RaftStorageDirectoryImpl.java:analyzeStorage(137)) - The storage directory /home/runner/work/ozone/ozone/hadoop-ozone/integration-test/target/test-dir/MiniOzoneClusterImpl-54b774fa-8058-4f65-8e1c-0ac417d0d4c9/datanode-1/data/ratis/6319aeed-fd30-406a-89e5-b690bfc75a3b does not exist. Creating ...
2022-12-02 13:56:20,147 [pool-94-thread-1] INFO  storage.RaftStorageDirectory (RaftStorageDirectoryImpl.java:tryLock(231)) - Lock on /home/runner/work/ozone/ozone/hadoop-ozone/integration-test/target/test-dir/MiniOzoneClusterImpl-54b774fa-8058-4f65-8e1c-0ac417d0d4c9/datanode-1/data/ratis/6319aeed-fd30-406a-89e5-b690bfc75a3b/in_use.lock acquired by nodename 13980@fv-az246-718
2022-12-02 13:56:20,150 [pool-94-thread-1] INFO  storage.RaftStorage (RaftStorageImpl.java:format(96)) - Storage directory /home/runner/work/ozone/ozone/hadoop-ozone/integration-test/target/test-dir/MiniOzoneClusterImpl-54b774fa-8058-4f65-8e1c-0ac417d0d4c9/datanode-1/data/ratis/6319aeed-fd30-406a-89e5-b690bfc75a3b has been successfully formatted.
2022-12-02 13:56:20,150 [pool-94-thread-1] INFO  ratis.ContainerStateMachine (ContainerStateMachine.java:loadSnapshot(236)) - group-B690BFC75A3B: The snapshot info is null. Setting the last applied indexto:(t:0, i:~)
2022-12-02 13:56:20,150 [pool-94-thread-1] INFO  server.RaftServerConfigKeys (ConfUtils.java:logGet(46)) - raft.server.log.use.memory = false (default)
2022-12-02 13:56:20,153 [EventQueue-CommandQueueReportForCommandQueueReportHandler] WARN  events.EventQueue (EventQueue.java:fireEvent(216)) - No event handler registered for event TypedEvent{payloadType=DatanodeDetails, name='Datanode_Command_Queue_Updated'}
2022-12-02 13:56:20,153 [pool-94-thread-1] INFO  server.RaftServerConfigKeys (ConfUtils.java:logGet(46)) - raft.server.log.purge.gap = 1000000 (custom)
2022-12-02 13:56:20,153 [EventQueue-OpenPipelineForHealthyPipelineSafeModeRule] INFO  safemode.SCMSafeModeManager (HealthyPipelineSafeModeRule.java:process(137)) - SCM in safe mode. Healthy pipelines reported count is 0, required healthy pipeline reported count is 1
2022-12-02 13:56:20,154 [pool-94-thread-1] INFO  server.RaftServerConfigKeys (ConfUtils.java:logGet(46)) - raft.server.log.appender.buffer.byte-limit = 33554432 (custom)
2022-12-02 13:56:20,155 [pool-94-thread-1] INFO  server.RaftServerConfigKeys (ConfUtils.java:logGet(46)) - raft.server.log.statemachine.data.read.timeout = 1000ms (default)
2022-12-02 13:56:20,155 [pool-94-thread-1] INFO  server.RaftServerConfigKeys (ConfUtils.java:logGet(46)) - raft.server.log.purge.preservation.log.num = 0 (default)
2022-12-02 13:56:20,156 [pool-94-thread-1] INFO  server.RaftServerConfigKeys (ConfUtils.java:logGet(46)) - raft.server.log.segment.size.max = 1048576 (custom)
2022-12-02 13:56:20,156 [pool-94-thread-1] INFO  server.RaftServerConfigKeys (ConfUtils.java:logGet(46)) - raft.server.log.segment.cache.num.max = 2 (custom)
2022-12-02 13:56:20,156 [pool-94-thread-1] INFO  server.RaftServerConfigKeys (ConfUtils.java:logGet(46)) - raft.server.log.segment.cache.size.max = 200MB (=209715200) (default)
2022-12-02 13:56:20,156 [pool-94-thread-1] INFO  segmented.SegmentedRaftLogWorker (SegmentedRaftLogWorker.java:<init>(189)) - new 8e7f0208-8622-43f9-a3a0-bde69c0a79ed@group-B690BFC75A3B-SegmentedRaftLogWorker for RaftStorageImpl:Storage Directory /home/runner/work/ozone/ozone/hadoop-ozone/integration-test/target/test-dir/MiniOzoneClusterImpl-54b774fa-8058-4f65-8e1c-0ac417d0d4c9/datanode-1/data/ratis/6319aeed-fd30-406a-89e5-b690bfc75a3b
2022-12-02 13:56:20,156 [pool-94-thread-1] INFO  server.RaftServerConfigKeys (ConfUtils.java:logGet(46)) - raft.server.log.queue.byte-limit = 4294967296 (custom)
2022-12-02 13:56:20,156 [pool-94-thread-1] INFO  server.RaftServerConfigKeys (ConfUtils.java:logGet(46)) - raft.server.log.queue.element-limit = 1024 (custom)
2022-12-02 13:56:20,156 [pool-94-thread-1] INFO  server.RaftServerConfigKeys (ConfUtils.java:logGet(46)) - raft.server.log.segment.size.max = 1048576 (custom)
2022-12-02 13:56:20,156 [pool-94-thread-1] INFO  server.RaftServerConfigKeys (ConfUtils.java:logGet(46)) - raft.server.log.preallocated.size = 16384 (custom)
2022-12-02 13:56:20,156 [pool-94-thread-1] INFO  server.RaftServerConfigKeys (ConfUtils.java:logGet(46)) - raft.server.log.force.sync.num = 128 (default)
2022-12-02 13:56:20,156 [pool-94-thread-1] INFO  server.RaftServerConfigKeys (ConfUtils.java:logGet(46)) - raft.server.log.statemachine.data.sync = true (default)
2022-12-02 13:56:20,158 [pool-94-thread-1] INFO  server.RaftServerConfigKeys (ConfUtils.java:logGet(46)) - raft.server.log.statemachine.data.sync.timeout = 10s (default)
2022-12-02 13:56:20,158 [pool-94-thread-1] INFO  server.RaftServerConfigKeys (ConfUtils.java:logGet(46)) - raft.server.log.statemachine.data.sync.timeout.retry = -1 (default)
2022-12-02 13:56:20,159 [pool-94-thread-1] INFO  server.RaftServerConfigKeys (ConfUtils.java:logGet(46)) - raft.server.log.write.buffer.size = 1048576 (custom)
2022-12-02 13:56:20,159 [pool-94-thread-1] INFO  server.RaftServerConfigKeys (ConfUtils.java:logGet(46)) - raft.server.log.appender.buffer.byte-limit = 33554432 (custom)
2022-12-02 13:56:20,442 [JvmPauseMonitor7] WARN  util.JvmPauseMonitor (JvmPauseMonitor.java:detectPause(126)) - JvmPauseMonitor-c2dd9a81-cece-4eb7-9c72-ec1f6b488133: Detected pause in JVM or host machine (eg GC): pause of approximately 111443994ns.
GC pool 'PS MarkSweep' had collection(s): count=1 time=188ms
GC pool 'PS Scavenge' had collection(s): count=1 time=86ms
2022-12-02 13:56:20,443 [Listener at 127.0.0.1/44033] INFO  ozone.MiniOzoneClusterImpl (MiniOzoneClusterImpl.java:lambda$waitForClusterToBeReady$0(216)) - Nodes are ready. Got 7 of 7 DN Heartbeats.
2022-12-02 13:56:20,443 [Listener at 127.0.0.1/44033] INFO  ozone.MiniOzoneClusterImpl (MiniOzoneClusterImpl.java:lambda$waitForClusterToBeReady$0(219)) - Waiting for cluster to exit safe mode
2022-12-02 13:56:20,443 [Listener at 127.0.0.1/44033] INFO  ozone.MiniOzoneClusterImpl (MiniOzoneClusterImpl.java:lambda$waitForClusterToBeReady$0(221)) - SCM became leader
2022-12-02 13:56:20,444 [Command processor thread] INFO  server.RaftServer (RaftServerProxy.java:addNew(96)) - 925e8f4f-fc98-43cb-bc65-0e4c101f5ebe: addNew group-4051B2DB8663:[925e8f4f-fc98-43cb-bc65-0e4c101f5ebe|rpc:10.1.0.163:44405|priority:1|startupRole:FOLLOWER] returns group-4051B2DB8663:java.util.concurrent.CompletableFuture@3ccbc53[Not completed]
2022-12-02 13:56:20,446 [pool-140-thread-1] INFO  server.RaftServer$Division (RaftServerImpl.java:<init>(195)) - 925e8f4f-fc98-43cb-bc65-0e4c101f5ebe: new RaftServerImpl for group-4051B2DB8663:[925e8f4f-fc98-43cb-bc65-0e4c101f5ebe|rpc:10.1.0.163:44405|priority:1|startupRole:FOLLOWER] with ContainerStateMachine:uninitialized
2022-12-02 13:56:20,447 [pool-140-thread-1] INFO  server.RaftServerConfigKeys (ConfUtils.java:logGet(46)) - raft.server.rpc.timeout.min = 5s (custom)
2022-12-02 13:56:20,447 [pool-140-thread-1] INFO  server.RaftServerConfigKeys (ConfUtils.java:logGet(46)) - raft.server.rpc.timeout.max = 5200ms (custom)
2022-12-02 13:56:20,447 [pool-140-thread-1] INFO  server.RaftServerConfigKeys (ConfUtils.java:logGet(46)) - raft.server.rpc.sleep.time = 25ms (default)
2022-12-02 13:56:20,447 [JvmPauseMonitor5] WARN  util.JvmPauseMonitor (JvmPauseMonitor.java:detectPause(126)) - JvmPauseMonitor-4d9c5b7e-d393-45ed-b870-ebf9f6356405: Detected pause in JVM or host machine (eg GC): pause of approximately 282776210ns.
GC pool 'PS MarkSweep' had collection(s): count=1 time=188ms
GC pool 'PS Scavenge' had collection(s): count=1 time=86ms
2022-12-02 13:56:20,452 [EventQueue-CommandQueueReportForCommandQueueReportHandler] WARN  events.EventQueue (EventQueue.java:fireEvent(216)) - No event handler registered for event TypedEvent{payloadType=DatanodeDetails, name='Datanode_Command_Queue_Updated'}
2022-12-02 13:56:20,453 [pool-94-thread-1] INFO  server.RaftServerConfigKeys (ConfUtils.java:logGet(46)) - raft.server.log.unsafe-flush.enabled = false (default)
2022-12-02 13:56:20,453 [pool-94-thread-1] INFO  server.RaftServerConfigKeys (ConfUtils.java:logGet(46)) - raft.server.log.async-flush.enabled = false (default)
2022-12-02 13:56:20,453 [pool-94-thread-1] INFO  server.RaftServerConfigKeys (ConfUtils.java:logGet(46)) - raft.server.log.statemachine.data.caching.enabled = true (custom)
2022-12-02 13:56:20,453 [pool-94-thread-1] INFO  segmented.SegmentedRaftLogWorker (SegmentedRaftLogWorker.java:lambda$new$0(135)) - 8e7f0208-8622-43f9-a3a0-bde69c0a79ed@group-B690BFC75A3B-SegmentedRaftLogWorker: flushIndex: setUnconditionally 0 -> -1
2022-12-02 13:56:20,453 [pool-94-thread-1] INFO  segmented.SegmentedRaftLogWorker (SegmentedRaftLogWorker.java:lambda$new$0(135)) - 8e7f0208-8622-43f9-a3a0-bde69c0a79ed@group-B690BFC75A3B-SegmentedRaftLogWorker: safeCacheEvictIndex: setUnconditionally 0 -> -1
2022-12-02 13:56:20,454 [pool-140-thread-1] INFO  server.RaftServerConfigKeys (ConfUtils.java:logGet(46)) - raft.server.rpc.slowness.timeout = 300s (custom)
2022-12-02 13:56:20,454 [pool-140-thread-1] INFO  server.RaftServerConfigKeys (ConfUtils.java:logGet(46)) - raft.server.leaderelection.leader.step-down.wait-time = 10s (default)
2022-12-02 13:56:20,454 [pool-140-thread-1] INFO  server.RaftServerConfigKeys (ConfUtils.java:logGet(46)) - raft.server.sleep.deviation.threshold = 300ms (default)
2022-12-02 13:56:20,454 [pool-140-thread-1] INFO  server.RaftServer$Division (ServerState.java:<init>(118)) - 925e8f4f-fc98-43cb-bc65-0e4c101f5ebe@group-4051B2DB8663: ConfigurationManager, init=-1: peers:[925e8f4f-fc98-43cb-bc65-0e4c101f5ebe|rpc:10.1.0.163:44405|priority:1|startupRole:FOLLOWER]|listeners:[], old=null, confs=<EMPTY_MAP>
2022-12-02 13:56:20,454 [pool-140-thread-1] INFO  server.RaftServerConfigKeys (ConfUtils.java:logGet(46)) - raft.server.storage.dir = [/home/runner/work/ozone/ozone/hadoop-ozone/integration-test/target/test-dir/MiniOzoneClusterImpl-54b774fa-8058-4f65-8e1c-0ac417d0d4c9/datanode-3/data/ratis] (custom)
2022-12-02 13:56:20,454 [pool-140-thread-1] INFO  server.RaftServerConfigKeys (ConfUtils.java:logGet(46)) - raft.server.log.corruption.policy = EXCEPTION (default)
2022-12-02 13:56:20,454 [pool-140-thread-1] INFO  server.RaftServerConfigKeys (ConfUtils.java:logGet(46)) - raft.server.storage.free-space.min = 0MB (=0) (default)
2022-12-02 13:56:20,454 [pool-140-thread-1] INFO  server.RaftServerConfigKeys (ConfUtils.java:logGet(46)) - raft.server.notification.no-leader.timeout = 300s (custom)
2022-12-02 13:56:20,454 [pool-140-thread-1] INFO  server.RaftServerConfigKeys (ConfUtils.java:logGet(46)) - raft.server.retrycache.expirytime = 600000ms (custom)
2022-12-02 13:56:20,454 [pool-140-thread-1] INFO  server.RaftServerConfigKeys (ConfUtils.java:logGet(46)) - raft.server.retrycache.statistics.expirytime = 100μs (default)
2022-12-02 13:56:20,455 [JvmPauseMonitor2] WARN  util.JvmPauseMonitor (JvmPauseMonitor.java:detectPause(126)) - JvmPauseMonitor-8e7f0208-8622-43f9-a3a0-bde69c0a79ed: Detected pause in JVM or host machine (eg GC): pause of approximately 211749775ns.
GC pool 'PS MarkSweep' had collection(s): count=1 time=188ms
GC pool 'PS Scavenge' had collection(s): count=1 time=86ms
2022-12-02 13:56:20,456 [EventQueue-CommandQueueReportForCommandQueueReportHandler] WARN  events.EventQueue (EventQueue.java:fireEvent(216)) - No event handler registered for event TypedEvent{payloadType=DatanodeDetails, name='Datanode_Command_Queue_Updated'}
2022-12-02 13:56:20,462 [pool-140-thread-1] INFO  server.RaftServerConfigKeys (ConfUtils.java:logGet(46)) - raft.server.log.appender.install.snapshot.enabled = false (custom)
2022-12-02 13:56:20,462 [pool-94-thread-1] INFO  server.RaftServer$Division (RaftServerImpl.java:start(334)) - 8e7f0208-8622-43f9-a3a0-bde69c0a79ed@group-B690BFC75A3B: start as a follower, conf=-1: peers:[8e7f0208-8622-43f9-a3a0-bde69c0a79ed|rpc:10.1.0.163:35087|priority:0|startupRole:FOLLOWER, 17c617e6-bef8-4aa5-a634-0bfba4eec40d|rpc:10.1.0.163:34401|priority:0|startupRole:FOLLOWER, b27e6838-cee8-48c3-93ac-b45d2206de0f|rpc:10.1.0.163:37205|priority:1|startupRole:FOLLOWER]|listeners:[], old=null
2022-12-02 13:56:20,462 [pool-94-thread-1] INFO  server.RaftServer$Division (RaftServerImpl.java:setRole(321)) - 8e7f0208-8622-43f9-a3a0-bde69c0a79ed@group-B690BFC75A3B: changes role from      null to FOLLOWER at term 0 for startAsFollower
2022-12-02 13:56:20,462 [pool-140-thread-1] INFO  server.RaftServerConfigKeys (ConfUtils.java:logGet(46)) - raft.server.threadpool.server.cached = true (default)
2022-12-02 13:56:20,462 [pool-140-thread-1] INFO  server.RaftServerConfigKeys (ConfUtils.java:logGet(46)) - raft.server.threadpool.server.size = 0 (default)
2022-12-02 13:56:20,462 [pool-140-thread-1] INFO  server.RaftServerConfigKeys (ConfUtils.java:logGet(46)) - raft.server.threadpool.client.cached = true (default)
2022-12-02 13:56:20,462 [pool-140-thread-1] INFO  server.RaftServerConfigKeys (ConfUtils.java:logGet(46)) - raft.server.threadpool.client.size = 0 (default)
2022-12-02 13:56:20,462 [pool-140-thread-1] INFO  storage.RaftStorageDirectory (RaftStorageDirectoryImpl.java:analyzeStorage(137)) - The storage directory /home/runner/work/ozone/ozone/hadoop-ozone/integration-test/target/test-dir/MiniOzoneClusterImpl-54b774fa-8058-4f65-8e1c-0ac417d0d4c9/datanode-3/data/ratis/e2cba826-600a-4a54-887c-4051b2db8663 does not exist. Creating ...
2022-12-02 13:56:20,463 [EventQueue-CommandQueueReportForCommandQueueReportHandler] WARN  events.EventQueue (EventQueue.java:fireEvent(216)) - No event handler registered for event TypedEvent{payloadType=DatanodeDetails, name='Datanode_Command_Queue_Updated'}
2022-12-02 13:56:20,462 [pool-94-thread-1] INFO  impl.RoleInfo (RoleInfo.java:updateAndGet(139)) - 8e7f0208-8622-43f9-a3a0-bde69c0a79ed: start 8e7f0208-8622-43f9-a3a0-bde69c0a79ed@group-B690BFC75A3B-FollowerState
2022-12-02 13:56:20,464 [pool-140-thread-1] INFO  storage.RaftStorageDirectory (RaftStorageDirectoryImpl.java:tryLock(231)) - Lock on /home/runner/work/ozone/ozone/hadoop-ozone/integration-test/target/test-dir/MiniOzoneClusterImpl-54b774fa-8058-4f65-8e1c-0ac417d0d4c9/datanode-3/data/ratis/e2cba826-600a-4a54-887c-4051b2db8663/in_use.lock acquired by nodename 13980@fv-az246-718
2022-12-02 13:56:20,465 [pool-140-thread-1] INFO  storage.RaftStorage (RaftStorageImpl.java:format(96)) - Storage directory /home/runner/work/ozone/ozone/hadoop-ozone/integration-test/target/test-dir/MiniOzoneClusterImpl-54b774fa-8058-4f65-8e1c-0ac417d0d4c9/datanode-3/data/ratis/e2cba826-600a-4a54-887c-4051b2db8663 has been successfully formatted.
2022-12-02 13:56:20,466 [pool-94-thread-1] INFO  util.JmxRegister (JmxRegister.java:tryRegister(44)) - Successfully registered JMX Bean with object name Ratis:service=RaftServer,group=group-B690BFC75A3B,id=8e7f0208-8622-43f9-a3a0-bde69c0a79ed
2022-12-02 13:56:20,466 [pool-94-thread-1] INFO  server.RaftServerConfigKeys (ConfUtils.java:logGet(46)) - raft.server.snapshot.auto.trigger.enabled = true (custom)
2022-12-02 13:56:20,466 [pool-94-thread-1] INFO  server.RaftServerConfigKeys (ConfUtils.java:logGet(46)) - raft.server.snapshot.auto.trigger.threshold = 10000 (custom)
2022-12-02 13:56:20,466 [pool-94-thread-1] INFO  server.RaftServerConfigKeys (ConfUtils.java:logGet(46)) - raft.server.snapshot.retention.file.num = 5 (custom)
2022-12-02 13:56:20,466 [pool-94-thread-1] INFO  server.RaftServerConfigKeys (ConfUtils.java:logGet(46)) - raft.server.log.purge.upto.snapshot.index = false (default)
2022-12-02 13:56:20,469 [8e7f0208-8622-43f9-a3a0-bde69c0a79ed@group-B690BFC75A3B-FollowerState] INFO  server.RaftServerConfigKeys (ConfUtils.java:logFallback(53)) - raft.server.rpc.first-election.timeout.min = 5s (fallback to raft.server.rpc.timeout.min)
2022-12-02 13:56:20,469 [8e7f0208-8622-43f9-a3a0-bde69c0a79ed@group-B690BFC75A3B-FollowerState] INFO  server.RaftServerConfigKeys (ConfUtils.java:logFallback(53)) - raft.server.rpc.first-election.timeout.max = 5200ms (fallback to raft.server.rpc.timeout.max)
2022-12-02 13:56:20,470 [pool-140-thread-1] INFO  ratis.ContainerStateMachine (ContainerStateMachine.java:loadSnapshot(236)) - group-4051B2DB8663: The snapshot info is null. Setting the last applied indexto:(t:0, i:~)
2022-12-02 13:56:20,470 [pool-140-thread-1] INFO  server.RaftServerConfigKeys (ConfUtils.java:logGet(46)) - raft.server.log.use.memory = false (default)
2022-12-02 13:56:20,470 [pool-140-thread-1] INFO  server.RaftServerConfigKeys (ConfUtils.java:logGet(46)) - raft.server.log.purge.gap = 1000000 (custom)
2022-12-02 13:56:20,470 [pool-140-thread-1] INFO  server.RaftServerConfigKeys (ConfUtils.java:logGet(46)) - raft.server.log.appender.buffer.byte-limit = 33554432 (custom)
2022-12-02 13:56:20,471 [pool-140-thread-1] INFO  server.RaftServerConfigKeys (ConfUtils.java:logGet(46)) - raft.server.log.statemachine.data.read.timeout = 1000ms (default)
2022-12-02 13:56:20,471 [pool-140-thread-1] INFO  server.RaftServerConfigKeys (ConfUtils.java:logGet(46)) - raft.server.log.purge.preservation.log.num = 0 (default)
2022-12-02 13:56:20,471 [pool-140-thread-1] INFO  server.RaftServerConfigKeys (ConfUtils.java:logGet(46)) - raft.server.log.segment.size.max = 1048576 (custom)
2022-12-02 13:56:20,471 [pool-140-thread-1] INFO  server.RaftServerConfigKeys (ConfUtils.java:logGet(46)) - raft.server.log.segment.cache.num.max = 2 (custom)
2022-12-02 13:56:20,471 [pool-140-thread-1] INFO  server.RaftServerConfigKeys (ConfUtils.java:logGet(46)) - raft.server.log.segment.cache.size.max = 200MB (=209715200) (default)
2022-12-02 13:56:20,471 [pool-140-thread-1] INFO  segmented.SegmentedRaftLogWorker (SegmentedRaftLogWorker.java:<init>(189)) - new 925e8f4f-fc98-43cb-bc65-0e4c101f5ebe@group-4051B2DB8663-SegmentedRaftLogWorker for RaftStorageImpl:Storage Directory /home/runner/work/ozone/ozone/hadoop-ozone/integration-test/target/test-dir/MiniOzoneClusterImpl-54b774fa-8058-4f65-8e1c-0ac417d0d4c9/datanode-3/data/ratis/e2cba826-600a-4a54-887c-4051b2db8663
2022-12-02 13:56:20,471 [pool-140-thread-1] INFO  server.RaftServerConfigKeys (ConfUtils.java:logGet(46)) - raft.server.log.queue.byte-limit = 4294967296 (custom)
2022-12-02 13:56:20,471 [pool-140-thread-1] INFO  server.RaftServerConfigKeys (ConfUtils.java:logGet(46)) - raft.server.log.queue.element-limit = 1024 (custom)
2022-12-02 13:56:20,471 [pool-140-thread-1] INFO  server.RaftServerConfigKeys (ConfUtils.java:logGet(46)) - raft.server.log.segment.size.max = 1048576 (custom)
2022-12-02 13:56:20,471 [pool-140-thread-1] INFO  server.RaftServerConfigKeys (ConfUtils.java:logGet(46)) - raft.server.log.preallocated.size = 16384 (custom)
2022-12-02 13:56:20,471 [pool-140-thread-1] INFO  server.RaftServerConfigKeys (ConfUtils.java:logGet(46)) - raft.server.log.force.sync.num = 128 (default)
2022-12-02 13:56:20,471 [pool-140-thread-1] INFO  server.RaftServerConfigKeys (ConfUtils.java:logGet(46)) - raft.server.log.statemachine.data.sync = true (default)
2022-12-02 13:56:20,472 [pool-140-thread-1] INFO  server.RaftServerConfigKeys (ConfUtils.java:logGet(46)) - raft.server.log.statemachine.data.sync.timeout = 10s (default)
2022-12-02 13:56:20,472 [Command processor thread] INFO  ratis.XceiverServerRatis (XceiverServerRatis.java:addGroup(765)) - Created group PipelineID=6319aeed-fd30-406a-89e5-b690bfc75a3b
2022-12-02 13:56:20,472 [pool-140-thread-1] INFO  server.RaftServerConfigKeys (ConfUtils.java:logGet(46)) - raft.server.log.statemachine.data.sync.timeout.retry = -1 (default)
2022-12-02 13:56:20,473 [pool-140-thread-1] INFO  server.RaftServerConfigKeys (ConfUtils.java:logGet(46)) - raft.server.log.write.buffer.size = 1048576 (custom)
2022-12-02 13:56:20,473 [pool-140-thread-1] INFO  server.RaftServerConfigKeys (ConfUtils.java:logGet(46)) - raft.server.log.appender.buffer.byte-limit = 33554432 (custom)
2022-12-02 13:56:20,486 [pool-140-thread-1] INFO  server.RaftServerConfigKeys (ConfUtils.java:logGet(46)) - raft.server.log.unsafe-flush.enabled = false (default)
2022-12-02 13:56:20,486 [pool-140-thread-1] INFO  server.RaftServerConfigKeys (ConfUtils.java:logGet(46)) - raft.server.log.async-flush.enabled = false (default)
2022-12-02 13:56:20,486 [pool-140-thread-1] INFO  server.RaftServerConfigKeys (ConfUtils.java:logGet(46)) - raft.server.log.statemachine.data.caching.enabled = true (custom)
2022-12-02 13:56:20,486 [pool-140-thread-1] INFO  segmented.SegmentedRaftLogWorker (SegmentedRaftLogWorker.java:lambda$new$0(135)) - 925e8f4f-fc98-43cb-bc65-0e4c101f5ebe@group-4051B2DB8663-SegmentedRaftLogWorker: flushIndex: setUnconditionally 0 -> -1
2022-12-02 13:56:20,486 [pool-140-thread-1] INFO  segmented.SegmentedRaftLogWorker (SegmentedRaftLogWorker.java:lambda$new$0(135)) - 925e8f4f-fc98-43cb-bc65-0e4c101f5ebe@group-4051B2DB8663-SegmentedRaftLogWorker: safeCacheEvictIndex: setUnconditionally 0 -> -1
2022-12-02 13:56:20,487 [pool-140-thread-1] INFO  server.RaftServer$Division (RaftServerImpl.java:start(334)) - 925e8f4f-fc98-43cb-bc65-0e4c101f5ebe@group-4051B2DB8663: start as a follower, conf=-1: peers:[925e8f4f-fc98-43cb-bc65-0e4c101f5ebe|rpc:10.1.0.163:44405|priority:1|startupRole:FOLLOWER]|listeners:[], old=null
2022-12-02 13:56:20,487 [pool-140-thread-1] INFO  server.RaftServer$Division (RaftServerImpl.java:setRole(321)) - 925e8f4f-fc98-43cb-bc65-0e4c101f5ebe@group-4051B2DB8663: changes role from      null to FOLLOWER at term 0 for startAsFollower
2022-12-02 13:56:20,487 [pool-140-thread-1] INFO  impl.RoleInfo (RoleInfo.java:updateAndGet(139)) - 925e8f4f-fc98-43cb-bc65-0e4c101f5ebe: start 925e8f4f-fc98-43cb-bc65-0e4c101f5ebe@group-4051B2DB8663-FollowerState
2022-12-02 13:56:20,487 [pool-140-thread-1] INFO  util.JmxRegister (JmxRegister.java:tryRegister(44)) - Successfully registered JMX Bean with object name Ratis:service=RaftServer,group=group-4051B2DB8663,id=925e8f4f-fc98-43cb-bc65-0e4c101f5ebe
2022-12-02 13:56:20,487 [pool-140-thread-1] INFO  server.RaftServerConfigKeys (ConfUtils.java:logGet(46)) - raft.server.snapshot.auto.trigger.enabled = true (custom)
2022-12-02 13:56:20,487 [pool-140-thread-1] INFO  server.RaftServerConfigKeys (ConfUtils.java:logGet(46)) - raft.server.snapshot.auto.trigger.threshold = 10000 (custom)
2022-12-02 13:56:20,487 [pool-140-thread-1] INFO  server.RaftServerConfigKeys (ConfUtils.java:logGet(46)) - raft.server.snapshot.retention.file.num = 5 (custom)
2022-12-02 13:56:20,487 [pool-140-thread-1] INFO  server.RaftServerConfigKeys (ConfUtils.java:logGet(46)) - raft.server.log.purge.upto.snapshot.index = false (default)
2022-12-02 13:56:20,489 [EventQueue-CommandQueueReportForCommandQueueReportHandler] WARN  events.EventQueue (EventQueue.java:fireEvent(216)) - No event handler registered for event TypedEvent{payloadType=DatanodeDetails, name='Datanode_Command_Queue_Updated'}
2022-12-02 13:56:20,489 [EventQueue-PipelineReportForPipelineReportHandler] INFO  pipeline.PipelineManagerImpl (PipelineManagerImpl.java:openPipeline(367)) - Pipeline Pipeline[ Id: e2cba826-600a-4a54-887c-4051b2db8663, Nodes: 925e8f4f-fc98-43cb-bc65-0e4c101f5ebe{ip: 10.1.0.163, host: fv-az246-718.py5defvocjqundwqxk0lumnltg.cx.internal.cloudapp.net, ports: [REPLICATION=33113, RATIS=44405, RATIS_ADMIN=44405, RATIS_SERVER=44405, STANDALONE=42317], networkLocation: /default-rack, certSerialId: null, persistedOpState: IN_SERVICE, persistedOpStateExpiryEpochSec: 0}, ReplicationConfig: RATIS/ONE, State:ALLOCATED, leaderId:925e8f4f-fc98-43cb-bc65-0e4c101f5ebe, CreationTimestamp2022-12-02T13:56:17.317Z[Etc/UTC]] moved to OPEN state
2022-12-02 13:56:20,490 [EventQueue-OpenPipelineForHealthyPipelineSafeModeRule] INFO  safemode.SCMSafeModeManager (HealthyPipelineSafeModeRule.java:process(137)) - SCM in safe mode. Healthy pipelines reported count is 0, required healthy pipeline reported count is 1
2022-12-02 13:56:20,490 [925e8f4f-fc98-43cb-bc65-0e4c101f5ebe@group-4051B2DB8663-FollowerState] INFO  server.RaftServerConfigKeys (ConfUtils.java:logFallback(53)) - raft.server.rpc.first-election.timeout.min = 5s (fallback to raft.server.rpc.timeout.min)
2022-12-02 13:56:20,496 [925e8f4f-fc98-43cb-bc65-0e4c101f5ebe@group-4051B2DB8663-FollowerState] INFO  server.RaftServerConfigKeys (ConfUtils.java:logFallback(53)) - raft.server.rpc.first-election.timeout.max = 5200ms (fallback to raft.server.rpc.timeout.max)
2022-12-02 13:56:20,497 [Command processor thread] INFO  ratis.XceiverServerRatis (XceiverServerRatis.java:addGroup(765)) - Created group PipelineID=e2cba826-600a-4a54-887c-4051b2db8663
2022-12-02 13:56:20,497 [Command processor thread] INFO  commandhandler.CreatePipelineCommandHandler (CreatePipelineCommandHandler.java:handle(113)) - Created Pipeline RATIS ONE PipelineID=e2cba826-600a-4a54-887c-4051b2db8663.
2022-12-02 13:56:20,497 [Command processor thread] INFO  server.RaftServer (RaftServerProxy.java:addNew(96)) - 925e8f4f-fc98-43cb-bc65-0e4c101f5ebe: addNew group-E7EF25D8AFE4:[4d9c5b7e-d393-45ed-b870-ebf9f6356405|rpc:10.1.0.163:36463|priority:0|startupRole:FOLLOWER, 925e8f4f-fc98-43cb-bc65-0e4c101f5ebe|rpc:10.1.0.163:44405|priority:0|startupRole:FOLLOWER, e9939b6b-a755-45ab-a1e0-5fd09d343461|rpc:10.1.0.163:38091|priority:1|startupRole:FOLLOWER] returns group-E7EF25D8AFE4:java.util.concurrent.CompletableFuture@7f338f2[Not completed]
2022-12-02 13:56:20,502 [Command processor thread] INFO  commandhandler.CreatePipelineCommandHandler (CreatePipelineCommandHandler.java:handle(113)) - Created Pipeline RATIS THREE PipelineID=70dd059f-ff75-476d-b77e-314abe34ccfc.
2022-12-02 13:56:20,502 [Command processor thread] INFO  server.RaftServer (RaftServerProxy.java:addNew(96)) - 17c617e6-bef8-4aa5-a634-0bfba4eec40d: addNew group-B690BFC75A3B:[8e7f0208-8622-43f9-a3a0-bde69c0a79ed|rpc:10.1.0.163:35087|priority:0|startupRole:FOLLOWER, 17c617e6-bef8-4aa5-a634-0bfba4eec40d|rpc:10.1.0.163:34401|priority:0|startupRole:FOLLOWER, b27e6838-cee8-48c3-93ac-b45d2206de0f|rpc:10.1.0.163:37205|priority:1|startupRole:FOLLOWER] returns group-B690BFC75A3B:java.util.concurrent.CompletableFuture@66e457b2[Not completed]
2022-12-02 13:56:20,503 [pool-71-thread-1] INFO  server.RaftServer$Division (RaftServerImpl.java:<init>(195)) - 17c617e6-bef8-4aa5-a634-0bfba4eec40d: new RaftServerImpl for group-B690BFC75A3B:[8e7f0208-8622-43f9-a3a0-bde69c0a79ed|rpc:10.1.0.163:35087|priority:0|startupRole:FOLLOWER, 17c617e6-bef8-4aa5-a634-0bfba4eec40d|rpc:10.1.0.163:34401|priority:0|startupRole:FOLLOWER, b27e6838-cee8-48c3-93ac-b45d2206de0f|rpc:10.1.0.163:37205|priority:1|startupRole:FOLLOWER] with ContainerStateMachine:uninitialized
2022-12-02 13:56:20,503 [pool-140-thread-1] INFO  server.RaftServer$Division (RaftServerImpl.java:<init>(195)) - 925e8f4f-fc98-43cb-bc65-0e4c101f5ebe: new RaftServerImpl for group-E7EF25D8AFE4:[4d9c5b7e-d393-45ed-b870-ebf9f6356405|rpc:10.1.0.163:36463|priority:0|startupRole:FOLLOWER, 925e8f4f-fc98-43cb-bc65-0e4c101f5ebe|rpc:10.1.0.163:44405|priority:0|startupRole:FOLLOWER, e9939b6b-a755-45ab-a1e0-5fd09d343461|rpc:10.1.0.163:38091|priority:1|startupRole:FOLLOWER] with ContainerStateMachine:uninitialized
2022-12-02 13:56:20,505 [pool-71-thread-1] INFO  server.RaftServerConfigKeys (ConfUtils.java:logGet(46)) - raft.server.rpc.timeout.min = 5s (custom)
2022-12-02 13:56:20,509 [pool-71-thread-1] INFO  server.RaftServerConfigKeys (ConfUtils.java:logGet(46)) - raft.server.rpc.timeout.max = 5200ms (custom)
2022-12-02 13:56:20,509 [pool-140-thread-1] INFO  server.RaftServerConfigKeys (ConfUtils.java:logGet(46)) - raft.server.rpc.timeout.min = 5s (custom)
2022-12-02 13:56:20,509 [pool-140-thread-1] INFO  server.RaftServerConfigKeys (ConfUtils.java:logGet(46)) - raft.server.rpc.timeout.max = 5200ms (custom)
2022-12-02 13:56:20,509 [pool-71-thread-1] INFO  server.RaftServerConfigKeys (ConfUtils.java:logGet(46)) - raft.server.rpc.sleep.time = 25ms (default)
2022-12-02 13:56:20,509 [pool-140-thread-1] INFO  server.RaftServerConfigKeys (ConfUtils.java:logGet(46)) - raft.server.rpc.sleep.time = 25ms (default)
2022-12-02 13:56:20,509 [pool-140-thread-1] INFO  server.RaftServerConfigKeys (ConfUtils.java:logGet(46)) - raft.server.rpc.slowness.timeout = 300s (custom)
2022-12-02 13:56:20,509 [pool-140-thread-1] INFO  server.RaftServerConfigKeys (ConfUtils.java:logGet(46)) - raft.server.leaderelection.leader.step-down.wait-time = 10s (default)
2022-12-02 13:56:20,510 [pool-140-thread-1] INFO  server.RaftServerConfigKeys (ConfUtils.java:logGet(46)) - raft.server.sleep.deviation.threshold = 300ms (default)
2022-12-02 13:56:20,509 [pool-71-thread-1] INFO  server.RaftServerConfigKeys (ConfUtils.java:logGet(46)) - raft.server.rpc.slowness.timeout = 300s (custom)
2022-12-02 13:56:20,510 [pool-140-thread-1] INFO  server.RaftServer$Division (ServerState.java:<init>(118)) - 925e8f4f-fc98-43cb-bc65-0e4c101f5ebe@group-E7EF25D8AFE4: ConfigurationManager, init=-1: peers:[4d9c5b7e-d393-45ed-b870-ebf9f6356405|rpc:10.1.0.163:36463|priority:0|startupRole:FOLLOWER, 925e8f4f-fc98-43cb-bc65-0e4c101f5ebe|rpc:10.1.0.163:44405|priority:0|startupRole:FOLLOWER, e9939b6b-a755-45ab-a1e0-5fd09d343461|rpc:10.1.0.163:38091|priority:1|startupRole:FOLLOWER]|listeners:[], old=null, confs=<EMPTY_MAP>
2022-12-02 13:56:20,510 [pool-71-thread-1] INFO  server.RaftServerConfigKeys (ConfUtils.java:logGet(46)) - raft.server.leaderelection.leader.step-down.wait-time = 10s (default)
2022-12-02 13:56:20,510 [pool-140-thread-1] INFO  server.RaftServerConfigKeys (ConfUtils.java:logGet(46)) - raft.server.storage.dir = [/home/runner/work/ozone/ozone/hadoop-ozone/integration-test/target/test-dir/MiniOzoneClusterImpl-54b774fa-8058-4f65-8e1c-0ac417d0d4c9/datanode-3/data/ratis] (custom)
2022-12-02 13:56:20,520 [pool-140-thread-1] INFO  server.RaftServerConfigKeys (ConfUtils.java:logGet(46)) - raft.server.log.corruption.policy = EXCEPTION (default)
2022-12-02 13:56:20,520 [pool-140-thread-1] INFO  server.RaftServerConfigKeys (ConfUtils.java:logGet(46)) - raft.server.storage.free-space.min = 0MB (=0) (default)
2022-12-02 13:56:20,510 [pool-71-thread-1] INFO  server.RaftServerConfigKeys (ConfUtils.java:logGet(46)) - raft.server.sleep.deviation.threshold = 300ms (default)
2022-12-02 13:56:20,521 [pool-140-thread-1] INFO  server.RaftServerConfigKeys (ConfUtils.java:logGet(46)) - raft.server.notification.no-leader.timeout = 300s (custom)
2022-12-02 13:56:20,522 [pool-71-thread-1] INFO  server.RaftServer$Division (ServerState.java:<init>(118)) - 17c617e6-bef8-4aa5-a634-0bfba4eec40d@group-B690BFC75A3B: ConfigurationManager, init=-1: peers:[8e7f0208-8622-43f9-a3a0-bde69c0a79ed|rpc:10.1.0.163:35087|priority:0|startupRole:FOLLOWER, 17c617e6-bef8-4aa5-a634-0bfba4eec40d|rpc:10.1.0.163:34401|priority:0|startupRole:FOLLOWER, b27e6838-cee8-48c3-93ac-b45d2206de0f|rpc:10.1.0.163:37205|priority:1|startupRole:FOLLOWER]|listeners:[], old=null, confs=<EMPTY_MAP>
2022-12-02 13:56:20,522 [pool-140-thread-1] INFO  server.RaftServerConfigKeys (ConfUtils.java:logGet(46)) - raft.server.retrycache.expirytime = 600000ms (custom)
2022-12-02 13:56:20,522 [pool-71-thread-1] INFO  server.RaftServerConfigKeys (ConfUtils.java:logGet(46)) - raft.server.storage.dir = [/home/runner/work/ozone/ozone/hadoop-ozone/integration-test/target/test-dir/MiniOzoneClusterImpl-54b774fa-8058-4f65-8e1c-0ac417d0d4c9/datanode-0/data/ratis] (custom)
2022-12-02 13:56:20,522 [pool-140-thread-1] INFO  server.RaftServerConfigKeys (ConfUtils.java:logGet(46)) - raft.server.retrycache.statistics.expirytime = 100μs (default)
2022-12-02 13:56:20,528 [pool-71-thread-1] INFO  server.RaftServerConfigKeys (ConfUtils.java:logGet(46)) - raft.server.log.corruption.policy = EXCEPTION (default)
2022-12-02 13:56:20,528 [pool-71-thread-1] INFO  server.RaftServerConfigKeys (ConfUtils.java:logGet(46)) - raft.server.storage.free-space.min = 0MB (=0) (default)
2022-12-02 13:56:20,528 [pool-71-thread-1] INFO  server.RaftServerConfigKeys (ConfUtils.java:logGet(46)) - raft.server.notification.no-leader.timeout = 300s (custom)
2022-12-02 13:56:20,528 [pool-71-thread-1] INFO  server.RaftServerConfigKeys (ConfUtils.java:logGet(46)) - raft.server.retrycache.expirytime = 600000ms (custom)
2022-12-02 13:56:20,528 [pool-71-thread-1] INFO  server.RaftServerConfigKeys (ConfUtils.java:logGet(46)) - raft.server.retrycache.statistics.expirytime = 100μs (default)
2022-12-02 13:56:20,529 [pool-140-thread-1] INFO  server.RaftServerConfigKeys (ConfUtils.java:logGet(46)) - raft.server.log.appender.install.snapshot.enabled = false (custom)
2022-12-02 13:56:20,529 [pool-140-thread-1] INFO  server.RaftServerConfigKeys (ConfUtils.java:logGet(46)) - raft.server.threadpool.server.cached = true (default)
2022-12-02 13:56:20,529 [pool-140-thread-1] INFO  server.RaftServerConfigKeys (ConfUtils.java:logGet(46)) - raft.server.threadpool.server.size = 0 (default)
2022-12-02 13:56:20,529 [pool-140-thread-1] INFO  server.RaftServerConfigKeys (ConfUtils.java:logGet(46)) - raft.server.threadpool.client.cached = true (default)
2022-12-02 13:56:20,529 [pool-140-thread-1] INFO  server.RaftServerConfigKeys (ConfUtils.java:logGet(46)) - raft.server.threadpool.client.size = 0 (default)
2022-12-02 13:56:20,530 [pool-140-thread-1] INFO  storage.RaftStorageDirectory (RaftStorageDirectoryImpl.java:analyzeStorage(137)) - The storage directory /home/runner/work/ozone/ozone/hadoop-ozone/integration-test/target/test-dir/MiniOzoneClusterImpl-54b774fa-8058-4f65-8e1c-0ac417d0d4c9/datanode-3/data/ratis/4c720a67-a6e6-4faf-8477-e7ef25d8afe4 does not exist. Creating ...
2022-12-02 13:56:20,531 [pool-140-thread-1] INFO  storage.RaftStorageDirectory (RaftStorageDirectoryImpl.java:tryLock(231)) - Lock on /home/runner/work/ozone/ozone/hadoop-ozone/integration-test/target/test-dir/MiniOzoneClusterImpl-54b774fa-8058-4f65-8e1c-0ac417d0d4c9/datanode-3/data/ratis/4c720a67-a6e6-4faf-8477-e7ef25d8afe4/in_use.lock acquired by nodename 13980@fv-az246-718
2022-12-02 13:56:20,532 [pool-140-thread-1] INFO  storage.RaftStorage (RaftStorageImpl.java:format(96)) - Storage directory /home/runner/work/ozone/ozone/hadoop-ozone/integration-test/target/test-dir/MiniOzoneClusterImpl-54b774fa-8058-4f65-8e1c-0ac417d0d4c9/datanode-3/data/ratis/4c720a67-a6e6-4faf-8477-e7ef25d8afe4 has been successfully formatted.
2022-12-02 13:56:20,533 [pool-140-thread-1] INFO  ratis.ContainerStateMachine (ContainerStateMachine.java:loadSnapshot(236)) - group-E7EF25D8AFE4: The snapshot info is null. Setting the last applied indexto:(t:0, i:~)
2022-12-02 13:56:20,533 [pool-140-thread-1] INFO  server.RaftServerConfigKeys (ConfUtils.java:logGet(46)) - raft.server.log.use.memory = false (default)
2022-12-02 13:56:20,533 [pool-140-thread-1] INFO  server.RaftServerConfigKeys (ConfUtils.java:logGet(46)) - raft.server.log.purge.gap = 1000000 (custom)
2022-12-02 13:56:20,533 [pool-140-thread-1] INFO  server.RaftServerConfigKeys (ConfUtils.java:logGet(46)) - raft.server.log.appender.buffer.byte-limit = 33554432 (custom)
2022-12-02 13:56:20,533 [pool-140-thread-1] INFO  server.RaftServerConfigKeys (ConfUtils.java:logGet(46)) - raft.server.log.statemachine.data.read.timeout = 1000ms (default)
2022-12-02 13:56:20,533 [pool-140-thread-1] INFO  server.RaftServerConfigKeys (ConfUtils.java:logGet(46)) - raft.server.log.purge.preservation.log.num = 0 (default)
2022-12-02 13:56:20,535 [pool-140-thread-1] INFO  server.RaftServerConfigKeys (ConfUtils.java:logGet(46)) - raft.server.log.segment.size.max = 1048576 (custom)
2022-12-02 13:56:20,536 [pool-140-thread-1] INFO  server.RaftServerConfigKeys (ConfUtils.java:logGet(46)) - raft.server.log.segment.cache.num.max = 2 (custom)
2022-12-02 13:56:20,536 [pool-140-thread-1] INFO  server.RaftServerConfigKeys (ConfUtils.java:logGet(46)) - raft.server.log.segment.cache.size.max = 200MB (=209715200) (default)
2022-12-02 13:56:20,536 [pool-140-thread-1] INFO  segmented.SegmentedRaftLogWorker (SegmentedRaftLogWorker.java:<init>(189)) - new 925e8f4f-fc98-43cb-bc65-0e4c101f5ebe@group-E7EF25D8AFE4-SegmentedRaftLogWorker for RaftStorageImpl:Storage Directory /home/runner/work/ozone/ozone/hadoop-ozone/integration-test/target/test-dir/MiniOzoneClusterImpl-54b774fa-8058-4f65-8e1c-0ac417d0d4c9/datanode-3/data/ratis/4c720a67-a6e6-4faf-8477-e7ef25d8afe4
2022-12-02 13:56:20,536 [pool-140-thread-1] INFO  server.RaftServerConfigKeys (ConfUtils.java:logGet(46)) - raft.server.log.queue.byte-limit = 4294967296 (custom)
2022-12-02 13:56:20,536 [pool-140-thread-1] INFO  server.RaftServerConfigKeys (ConfUtils.java:logGet(46)) - raft.server.log.queue.element-limit = 1024 (custom)
2022-12-02 13:56:20,536 [pool-140-thread-1] INFO  server.RaftServerConfigKeys (ConfUtils.java:logGet(46)) - raft.server.log.segment.size.max = 1048576 (custom)
2022-12-02 13:56:20,536 [pool-71-thread-1] INFO  server.RaftServerConfigKeys (ConfUtils.java:logGet(46)) - raft.server.log.appender.install.snapshot.enabled = false (custom)
2022-12-02 13:56:20,536 [pool-71-thread-1] INFO  server.RaftServerConfigKeys (ConfUtils.java:logGet(46)) - raft.server.threadpool.server.cached = true (default)
2022-12-02 13:56:20,537 [pool-71-thread-1] INFO  server.RaftServerConfigKeys (ConfUtils.java:logGet(46)) - raft.server.threadpool.server.size = 0 (default)
2022-12-02 13:56:20,537 [pool-71-thread-1] INFO  server.RaftServerConfigKeys (ConfUtils.java:logGet(46)) - raft.server.threadpool.client.cached = true (default)
2022-12-02 13:56:20,537 [pool-71-thread-1] INFO  server.RaftServerConfigKeys (ConfUtils.java:logGet(46)) - raft.server.threadpool.client.size = 0 (default)
2022-12-02 13:56:20,537 [pool-71-thread-1] INFO  storage.RaftStorageDirectory (RaftStorageDirectoryImpl.java:analyzeStorage(137)) - The storage directory /home/runner/work/ozone/ozone/hadoop-ozone/integration-test/target/test-dir/MiniOzoneClusterImpl-54b774fa-8058-4f65-8e1c-0ac417d0d4c9/datanode-0/data/ratis/6319aeed-fd30-406a-89e5-b690bfc75a3b does not exist. Creating ...
2022-12-02 13:56:20,538 [pool-71-thread-1] INFO  storage.RaftStorageDirectory (RaftStorageDirectoryImpl.java:tryLock(231)) - Lock on /home/runner/work/ozone/ozone/hadoop-ozone/integration-test/target/test-dir/MiniOzoneClusterImpl-54b774fa-8058-4f65-8e1c-0ac417d0d4c9/datanode-0/data/ratis/6319aeed-fd30-406a-89e5-b690bfc75a3b/in_use.lock acquired by nodename 13980@fv-az246-718
2022-12-02 13:56:20,539 [EventQueue-CommandQueueReportForCommandQueueReportHandler] WARN  events.EventQueue (EventQueue.java:fireEvent(216)) - No event handler registered for event TypedEvent{payloadType=DatanodeDetails, name='Datanode_Command_Queue_Updated'}
2022-12-02 13:56:20,539 [EventQueue-OpenPipelineForHealthyPipelineSafeModeRule] INFO  safemode.SCMSafeModeManager (HealthyPipelineSafeModeRule.java:process(137)) - SCM in safe mode. Healthy pipelines reported count is 0, required healthy pipeline reported count is 1
2022-12-02 13:56:20,536 [pool-140-thread-1] INFO  server.RaftServerConfigKeys (ConfUtils.java:logGet(46)) - raft.server.log.preallocated.size = 16384 (custom)
2022-12-02 13:56:20,539 [pool-140-thread-1] INFO  server.RaftServerConfigKeys (ConfUtils.java:logGet(46)) - raft.server.log.force.sync.num = 128 (default)
2022-12-02 13:56:20,539 [pool-140-thread-1] INFO  server.RaftServerConfigKeys (ConfUtils.java:logGet(46)) - raft.server.log.statemachine.data.sync = true (default)
2022-12-02 13:56:20,539 [pool-140-thread-1] INFO  server.RaftServerConfigKeys (ConfUtils.java:logGet(46)) - raft.server.log.statemachine.data.sync.timeout = 10s (default)
2022-12-02 13:56:20,539 [pool-140-thread-1] INFO  server.RaftServerConfigKeys (ConfUtils.java:logGet(46)) - raft.server.log.statemachine.data.sync.timeout.retry = -1 (default)
2022-12-02 13:56:20,540 [pool-71-thread-1] INFO  storage.RaftStorage (RaftStorageImpl.java:format(96)) - Storage directory /home/runner/work/ozone/ozone/hadoop-ozone/integration-test/target/test-dir/MiniOzoneClusterImpl-54b774fa-8058-4f65-8e1c-0ac417d0d4c9/datanode-0/data/ratis/6319aeed-fd30-406a-89e5-b690bfc75a3b has been successfully formatted.
2022-12-02 13:56:20,540 [pool-140-thread-1] INFO  server.RaftServerConfigKeys (ConfUtils.java:logGet(46)) - raft.server.log.write.buffer.size = 1048576 (custom)
2022-12-02 13:56:20,540 [pool-140-thread-1] INFO  server.RaftServerConfigKeys (ConfUtils.java:logGet(46)) - raft.server.log.appender.buffer.byte-limit = 33554432 (custom)
2022-12-02 13:56:20,541 [pool-71-thread-1] INFO  ratis.ContainerStateMachine (ContainerStateMachine.java:loadSnapshot(236)) - group-B690BFC75A3B: The snapshot info is null. Setting the last applied indexto:(t:0, i:~)
2022-12-02 13:56:20,541 [pool-71-thread-1] INFO  server.RaftServerConfigKeys (ConfUtils.java:logGet(46)) - raft.server.log.use.memory = false (default)
2022-12-02 13:56:20,541 [pool-71-thread-1] INFO  server.RaftServerConfigKeys (ConfUtils.java:logGet(46)) - raft.server.log.purge.gap = 1000000 (custom)
2022-12-02 13:56:20,541 [pool-71-thread-1] INFO  server.RaftServerConfigKeys (ConfUtils.java:logGet(46)) - raft.server.log.appender.buffer.byte-limit = 33554432 (custom)
2022-12-02 13:56:20,541 [pool-71-thread-1] INFO  server.RaftServerConfigKeys (ConfUtils.java:logGet(46)) - raft.server.log.statemachine.data.read.timeout = 1000ms (default)
2022-12-02 13:56:20,541 [pool-71-thread-1] INFO  server.RaftServerConfigKeys (ConfUtils.java:logGet(46)) - raft.server.log.purge.preservation.log.num = 0 (default)
2022-12-02 13:56:20,541 [pool-71-thread-1] INFO  server.RaftServerConfigKeys (ConfUtils.java:logGet(46)) - raft.server.log.segment.size.max = 1048576 (custom)
2022-12-02 13:56:20,542 [pool-71-thread-1] INFO  server.RaftServerConfigKeys (ConfUtils.java:logGet(46)) - raft.server.log.segment.cache.num.max = 2 (custom)
2022-12-02 13:56:20,542 [pool-71-thread-1] INFO  server.RaftServerConfigKeys (ConfUtils.java:logGet(46)) - raft.server.log.segment.cache.size.max = 200MB (=209715200) (default)
2022-12-02 13:56:20,542 [pool-71-thread-1] INFO  segmented.SegmentedRaftLogWorker (SegmentedRaftLogWorker.java:<init>(189)) - new 17c617e6-bef8-4aa5-a634-0bfba4eec40d@group-B690BFC75A3B-SegmentedRaftLogWorker for RaftStorageImpl:Storage Directory /home/runner/work/ozone/ozone/hadoop-ozone/integration-test/target/test-dir/MiniOzoneClusterImpl-54b774fa-8058-4f65-8e1c-0ac417d0d4c9/datanode-0/data/ratis/6319aeed-fd30-406a-89e5-b690bfc75a3b
2022-12-02 13:56:20,542 [pool-71-thread-1] INFO  server.RaftServerConfigKeys (ConfUtils.java:logGet(46)) - raft.server.log.queue.byte-limit = 4294967296 (custom)
2022-12-02 13:56:20,542 [pool-71-thread-1] INFO  server.RaftServerConfigKeys (ConfUtils.java:logGet(46)) - raft.server.log.queue.element-limit = 1024 (custom)
2022-12-02 13:56:20,542 [pool-71-thread-1] INFO  server.RaftServerConfigKeys (ConfUtils.java:logGet(46)) - raft.server.log.segment.size.max = 1048576 (custom)
2022-12-02 13:56:20,542 [pool-71-thread-1] INFO  server.RaftServerConfigKeys (ConfUtils.java:logGet(46)) - raft.server.log.preallocated.size = 16384 (custom)
2022-12-02 13:56:20,542 [pool-71-thread-1] INFO  server.RaftServerConfigKeys (ConfUtils.java:logGet(46)) - raft.server.log.force.sync.num = 128 (default)
2022-12-02 13:56:20,542 [pool-71-thread-1] INFO  server.RaftServerConfigKeys (ConfUtils.java:logGet(46)) - raft.server.log.statemachine.data.sync = true (default)
2022-12-02 13:56:20,542 [pool-71-thread-1] INFO  server.RaftServerConfigKeys (ConfUtils.java:logGet(46)) - raft.server.log.statemachine.data.sync.timeout = 10s (default)
2022-12-02 13:56:20,542 [pool-71-thread-1] INFO  server.RaftServerConfigKeys (ConfUtils.java:logGet(46)) - raft.server.log.statemachine.data.sync.timeout.retry = -1 (default)
2022-12-02 13:56:20,543 [pool-71-thread-1] INFO  server.RaftServerConfigKeys (ConfUtils.java:logGet(46)) - raft.server.log.write.buffer.size = 1048576 (custom)
2022-12-02 13:56:20,543 [pool-71-thread-1] INFO  server.RaftServerConfigKeys (ConfUtils.java:logGet(46)) - raft.server.log.appender.buffer.byte-limit = 33554432 (custom)
2022-12-02 13:56:20,556 [EventQueue-CommandQueueReportForCommandQueueReportHandler] WARN  events.EventQueue (EventQueue.java:fireEvent(216)) - No event handler registered for event TypedEvent{payloadType=DatanodeDetails, name='Datanode_Command_Queue_Updated'}
2022-12-02 13:56:20,556 [EventQueue-OpenPipelineForHealthyPipelineSafeModeRule] INFO  safemode.SCMSafeModeManager (HealthyPipelineSafeModeRule.java:process(137)) - SCM in safe mode. Healthy pipelines reported count is 0, required healthy pipeline reported count is 1
2022-12-02 13:56:20,557 [pool-71-thread-1] INFO  server.RaftServerConfigKeys (ConfUtils.java:logGet(46)) - raft.server.log.unsafe-flush.enabled = false (default)
2022-12-02 13:56:20,557 [pool-71-thread-1] INFO  server.RaftServerConfigKeys (ConfUtils.java:logGet(46)) - raft.server.log.async-flush.enabled = false (default)
2022-12-02 13:56:20,557 [pool-71-thread-1] INFO  server.RaftServerConfigKeys (ConfUtils.java:logGet(46)) - raft.server.log.statemachine.data.caching.enabled = true (custom)
2022-12-02 13:56:20,557 [pool-71-thread-1] INFO  segmented.SegmentedRaftLogWorker (SegmentedRaftLogWorker.java:lambda$new$0(135)) - 17c617e6-bef8-4aa5-a634-0bfba4eec40d@group-B690BFC75A3B-SegmentedRaftLogWorker: flushIndex: setUnconditionally 0 -> -1
2022-12-02 13:56:20,557 [pool-71-thread-1] INFO  segmented.SegmentedRaftLogWorker (SegmentedRaftLogWorker.java:lambda$new$0(135)) - 17c617e6-bef8-4aa5-a634-0bfba4eec40d@group-B690BFC75A3B-SegmentedRaftLogWorker: safeCacheEvictIndex: setUnconditionally 0 -> -1
2022-12-02 13:56:20,558 [pool-71-thread-1] INFO  server.RaftServer$Division (RaftServerImpl.java:start(334)) - 17c617e6-bef8-4aa5-a634-0bfba4eec40d@group-B690BFC75A3B: start as a follower, conf=-1: peers:[8e7f0208-8622-43f9-a3a0-bde69c0a79ed|rpc:10.1.0.163:35087|priority:0|startupRole:FOLLOWER, 17c617e6-bef8-4aa5-a634-0bfba4eec40d|rpc:10.1.0.163:34401|priority:0|startupRole:FOLLOWER, b27e6838-cee8-48c3-93ac-b45d2206de0f|rpc:10.1.0.163:37205|priority:1|startupRole:FOLLOWER]|listeners:[], old=null
2022-12-02 13:56:20,558 [pool-71-thread-1] INFO  server.RaftServer$Division (RaftServerImpl.java:setRole(321)) - 17c617e6-bef8-4aa5-a634-0bfba4eec40d@group-B690BFC75A3B: changes role from      null to FOLLOWER at term 0 for startAsFollower
2022-12-02 13:56:20,558 [pool-71-thread-1] INFO  impl.RoleInfo (RoleInfo.java:updateAndGet(139)) - 17c617e6-bef8-4aa5-a634-0bfba4eec40d: start 17c617e6-bef8-4aa5-a634-0bfba4eec40d@group-B690BFC75A3B-FollowerState
2022-12-02 13:56:20,558 [pool-71-thread-1] INFO  util.JmxRegister (JmxRegister.java:tryRegister(44)) - Successfully registered JMX Bean with object name Ratis:service=RaftServer,group=group-B690BFC75A3B,id=17c617e6-bef8-4aa5-a634-0bfba4eec40d
2022-12-02 13:56:20,558 [pool-71-thread-1] INFO  server.RaftServerConfigKeys (ConfUtils.java:logGet(46)) - raft.server.snapshot.auto.trigger.enabled = true (custom)
2022-12-02 13:56:20,558 [pool-71-thread-1] INFO  server.RaftServerConfigKeys (ConfUtils.java:logGet(46)) - raft.server.snapshot.auto.trigger.threshold = 10000 (custom)
2022-12-02 13:56:20,558 [pool-71-thread-1] INFO  server.RaftServerConfigKeys (ConfUtils.java:logGet(46)) - raft.server.snapshot.retention.file.num = 5 (custom)
2022-12-02 13:56:20,559 [pool-71-thread-1] INFO  server.RaftServerConfigKeys (ConfUtils.java:logGet(46)) - raft.server.log.purge.upto.snapshot.index = false (default)
2022-12-02 13:56:20,559 [17c617e6-bef8-4aa5-a634-0bfba4eec40d@group-B690BFC75A3B-FollowerState] INFO  server.RaftServerConfigKeys (ConfUtils.java:logFallback(53)) - raft.server.rpc.first-election.timeout.min = 5s (fallback to raft.server.rpc.timeout.min)
2022-12-02 13:56:20,559 [17c617e6-bef8-4aa5-a634-0bfba4eec40d@group-B690BFC75A3B-FollowerState] INFO  server.RaftServerConfigKeys (ConfUtils.java:logFallback(53)) - raft.server.rpc.first-election.timeout.max = 5200ms (fallback to raft.server.rpc.timeout.max)
2022-12-02 13:56:20,560 [Command processor thread] INFO  ratis.XceiverServerRatis (XceiverServerRatis.java:addGroup(765)) - Created group PipelineID=6319aeed-fd30-406a-89e5-b690bfc75a3b
2022-12-02 13:56:20,560 [pool-140-thread-1] INFO  server.RaftServerConfigKeys (ConfUtils.java:logGet(46)) - raft.server.log.unsafe-flush.enabled = false (default)
2022-12-02 13:56:20,560 [pool-140-thread-1] INFO  server.RaftServerConfigKeys (ConfUtils.java:logGet(46)) - raft.server.log.async-flush.enabled = false (default)
2022-12-02 13:56:20,560 [pool-140-thread-1] INFO  server.RaftServerConfigKeys (ConfUtils.java:logGet(46)) - raft.server.log.statemachine.data.caching.enabled = true (custom)
2022-12-02 13:56:20,560 [pool-140-thread-1] INFO  segmented.SegmentedRaftLogWorker (SegmentedRaftLogWorker.java:lambda$new$0(135)) - 925e8f4f-fc98-43cb-bc65-0e4c101f5ebe@group-E7EF25D8AFE4-SegmentedRaftLogWorker: flushIndex: setUnconditionally 0 -> -1
2022-12-02 13:56:20,560 [pool-140-thread-1] INFO  segmented.SegmentedRaftLogWorker (SegmentedRaftLogWorker.java:lambda$new$0(135)) - 925e8f4f-fc98-43cb-bc65-0e4c101f5ebe@group-E7EF25D8AFE4-SegmentedRaftLogWorker: safeCacheEvictIndex: setUnconditionally 0 -> -1
2022-12-02 13:56:20,571 [pool-140-thread-1] INFO  server.RaftServer$Division (RaftServerImpl.java:start(334)) - 925e8f4f-fc98-43cb-bc65-0e4c101f5ebe@group-E7EF25D8AFE4: start as a follower, conf=-1: peers:[4d9c5b7e-d393-45ed-b870-ebf9f6356405|rpc:10.1.0.163:36463|priority:0|startupRole:FOLLOWER, 925e8f4f-fc98-43cb-bc65-0e4c101f5ebe|rpc:10.1.0.163:44405|priority:0|startupRole:FOLLOWER, e9939b6b-a755-45ab-a1e0-5fd09d343461|rpc:10.1.0.163:38091|priority:1|startupRole:FOLLOWER]|listeners:[], old=null
2022-12-02 13:56:20,571 [pool-140-thread-1] INFO  server.RaftServer$Division (RaftServerImpl.java:setRole(321)) - 925e8f4f-fc98-43cb-bc65-0e4c101f5ebe@group-E7EF25D8AFE4: changes role from      null to FOLLOWER at term 0 for startAsFollower
2022-12-02 13:56:20,571 [pool-140-thread-1] INFO  impl.RoleInfo (RoleInfo.java:updateAndGet(139)) - 925e8f4f-fc98-43cb-bc65-0e4c101f5ebe: start 925e8f4f-fc98-43cb-bc65-0e4c101f5ebe@group-E7EF25D8AFE4-FollowerState
2022-12-02 13:56:20,572 [pool-140-thread-1] INFO  util.JmxRegister (JmxRegister.java:tryRegister(44)) - Successfully registered JMX Bean with object name Ratis:service=RaftServer,group=group-E7EF25D8AFE4,id=925e8f4f-fc98-43cb-bc65-0e4c101f5ebe
2022-12-02 13:56:20,572 [pool-140-thread-1] INFO  server.RaftServerConfigKeys (ConfUtils.java:logGet(46)) - raft.server.snapshot.auto.trigger.enabled = true (custom)
2022-12-02 13:56:20,573 [pool-140-thread-1] INFO  server.RaftServerConfigKeys (ConfUtils.java:logGet(46)) - raft.server.snapshot.auto.trigger.threshold = 10000 (custom)
2022-12-02 13:56:20,573 [pool-140-thread-1] INFO  server.RaftServerConfigKeys (ConfUtils.java:logGet(46)) - raft.server.snapshot.retention.file.num = 5 (custom)
2022-12-02 13:56:20,573 [pool-140-thread-1] INFO  server.RaftServerConfigKeys (ConfUtils.java:logGet(46)) - raft.server.log.purge.upto.snapshot.index = false (default)
2022-12-02 13:56:20,574 [925e8f4f-fc98-43cb-bc65-0e4c101f5ebe@group-E7EF25D8AFE4-FollowerState] INFO  server.RaftServerConfigKeys (ConfUtils.java:logFallback(53)) - raft.server.rpc.first-election.timeout.min = 5s (fallback to raft.server.rpc.timeout.min)
2022-12-02 13:56:20,574 [925e8f4f-fc98-43cb-bc65-0e4c101f5ebe@group-E7EF25D8AFE4-FollowerState] INFO  server.RaftServerConfigKeys (ConfUtils.java:logFallback(53)) - raft.server.rpc.first-election.timeout.max = 5200ms (fallback to raft.server.rpc.timeout.max)
2022-12-02 13:56:20,574 [Command processor thread] INFO  ratis.XceiverServerRatis (XceiverServerRatis.java:addGroup(765)) - Created group PipelineID=4c720a67-a6e6-4faf-8477-e7ef25d8afe4
2022-12-02 13:56:20,632 [Command processor thread] INFO  server.RaftServer (RaftServerProxy.java:addNew(96)) - 4d9c5b7e-d393-45ed-b870-ebf9f6356405: addNew group-51C550399DFE:[4d9c5b7e-d393-45ed-b870-ebf9f6356405|rpc:10.1.0.163:36463|priority:1|startupRole:FOLLOWER] returns group-51C550399DFE:java.util.concurrent.CompletableFuture@60e26be7[Not completed]
2022-12-02 13:56:20,632 [grpc-default-executor-2] INFO  server.RaftServer (RaftServerProxy.java:addNew(96)) - 4d9c5b7e-d393-45ed-b870-ebf9f6356405: addNew group-E7EF25D8AFE4:[4d9c5b7e-d393-45ed-b870-ebf9f6356405|rpc:10.1.0.163:36463|dataStream:|priority:0|startupRole:FOLLOWER, 925e8f4f-fc98-43cb-bc65-0e4c101f5ebe|rpc:10.1.0.163:44405|dataStream:|priority:0|startupRole:FOLLOWER, e9939b6b-a755-45ab-a1e0-5fd09d343461|rpc:10.1.0.163:38091|dataStream:|priority:1|startupRole:FOLLOWER] returns group-E7EF25D8AFE4:java.util.concurrent.CompletableFuture@73d7682[Not completed]
2022-12-02 13:56:20,633 [EventQueue-CommandQueueReportForCommandQueueReportHandler] WARN  events.EventQueue (EventQueue.java:fireEvent(216)) - No event handler registered for event TypedEvent{payloadType=DatanodeDetails, name='Datanode_Command_Queue_Updated'}
2022-12-02 13:56:20,647 [pool-163-thread-1] INFO  server.RaftServer$Division (RaftServerImpl.java:<init>(195)) - 4d9c5b7e-d393-45ed-b870-ebf9f6356405: new RaftServerImpl for group-51C550399DFE:[4d9c5b7e-d393-45ed-b870-ebf9f6356405|rpc:10.1.0.163:36463|priority:1|startupRole:FOLLOWER] with ContainerStateMachine:uninitialized
2022-12-02 13:56:20,654 [pool-163-thread-1] INFO  server.RaftServerConfigKeys (ConfUtils.java:logGet(46)) - raft.server.rpc.timeout.min = 5s (custom)
2022-12-02 13:56:20,654 [pool-163-thread-1] INFO  server.RaftServerConfigKeys (ConfUtils.java:logGet(46)) - raft.server.rpc.timeout.max = 5200ms (custom)
2022-12-02 13:56:20,654 [pool-163-thread-1] INFO  server.RaftServerConfigKeys (ConfUtils.java:logGet(46)) - raft.server.rpc.sleep.time = 25ms (default)
2022-12-02 13:56:20,654 [pool-163-thread-1] INFO  server.RaftServerConfigKeys (ConfUtils.java:logGet(46)) - raft.server.rpc.slowness.timeout = 300s (custom)
2022-12-02 13:56:20,654 [pool-163-thread-1] INFO  server.RaftServerConfigKeys (ConfUtils.java:logGet(46)) - raft.server.leaderelection.leader.step-down.wait-time = 10s (default)
2022-12-02 13:56:20,654 [pool-163-thread-1] INFO  server.RaftServerConfigKeys (ConfUtils.java:logGet(46)) - raft.server.sleep.deviation.threshold = 300ms (default)
2022-12-02 13:56:20,654 [Command processor thread] INFO  commandhandler.CreatePipelineCommandHandler (CreatePipelineCommandHandler.java:handle(113)) - Created Pipeline RATIS THREE PipelineID=6319aeed-fd30-406a-89e5-b690bfc75a3b.
2022-12-02 13:56:20,654 [pool-163-thread-1] INFO  server.RaftServer$Division (ServerState.java:<init>(118)) - 4d9c5b7e-d393-45ed-b870-ebf9f6356405@group-51C550399DFE: ConfigurationManager, init=-1: peers:[4d9c5b7e-d393-45ed-b870-ebf9f6356405|rpc:10.1.0.163:36463|priority:1|startupRole:FOLLOWER]|listeners:[], old=null, confs=<EMPTY_MAP>
2022-12-02 13:56:20,654 [pool-163-thread-1] INFO  server.RaftServerConfigKeys (ConfUtils.java:logGet(46)) - raft.server.storage.dir = [/home/runner/work/ozone/ozone/hadoop-ozone/integration-test/target/test-dir/MiniOzoneClusterImpl-54b774fa-8058-4f65-8e1c-0ac417d0d4c9/datanode-4/data/ratis] (custom)
2022-12-02 13:56:20,655 [pool-163-thread-1] INFO  server.RaftServerConfigKeys (ConfUtils.java:logGet(46)) - raft.server.log.corruption.policy = EXCEPTION (default)
2022-12-02 13:56:20,655 [pool-163-thread-1] INFO  server.RaftServerConfigKeys (ConfUtils.java:logGet(46)) - raft.server.storage.free-space.min = 0MB (=0) (default)
2022-12-02 13:56:20,655 [pool-163-thread-1] INFO  server.RaftServerConfigKeys (ConfUtils.java:logGet(46)) - raft.server.notification.no-leader.timeout = 300s (custom)
2022-12-02 13:56:20,655 [pool-163-thread-1] INFO  server.RaftServerConfigKeys (ConfUtils.java:logGet(46)) - raft.server.retrycache.expirytime = 600000ms (custom)
2022-12-02 13:56:20,655 [pool-163-thread-1] INFO  server.RaftServerConfigKeys (ConfUtils.java:logGet(46)) - raft.server.retrycache.statistics.expirytime = 100μs (default)
2022-12-02 13:56:20,658 [pool-163-thread-1] INFO  server.RaftServerConfigKeys (ConfUtils.java:logGet(46)) - raft.server.log.appender.install.snapshot.enabled = false (custom)
2022-12-02 13:56:20,658 [pool-163-thread-1] INFO  server.RaftServerConfigKeys (ConfUtils.java:logGet(46)) - raft.server.threadpool.server.cached = true (default)
2022-12-02 13:56:20,658 [pool-163-thread-1] INFO  server.RaftServerConfigKeys (ConfUtils.java:logGet(46)) - raft.server.threadpool.server.size = 0 (default)
2022-12-02 13:56:20,658 [pool-163-thread-1] INFO  server.RaftServerConfigKeys (ConfUtils.java:logGet(46)) - raft.server.threadpool.client.cached = true (default)
2022-12-02 13:56:20,658 [pool-163-thread-1] INFO  server.RaftServerConfigKeys (ConfUtils.java:logGet(46)) - raft.server.threadpool.client.size = 0 (default)
2022-12-02 13:56:20,660 [pool-163-thread-1] INFO  server.RaftServer$Division (RaftServerImpl.java:<init>(195)) - 4d9c5b7e-d393-45ed-b870-ebf9f6356405: new RaftServerImpl for group-E7EF25D8AFE4:[4d9c5b7e-d393-45ed-b870-ebf9f6356405|rpc:10.1.0.163:36463|dataStream:|priority:0|startupRole:FOLLOWER, 925e8f4f-fc98-43cb-bc65-0e4c101f5ebe|rpc:10.1.0.163:44405|dataStream:|priority:0|startupRole:FOLLOWER, e9939b6b-a755-45ab-a1e0-5fd09d343461|rpc:10.1.0.163:38091|dataStream:|priority:1|startupRole:FOLLOWER] with ContainerStateMachine:uninitialized
2022-12-02 13:56:20,660 [pool-163-thread-1] INFO  server.RaftServerConfigKeys (ConfUtils.java:logGet(46)) - raft.server.rpc.timeout.min = 5s (custom)
2022-12-02 13:56:20,660 [pool-163-thread-1] INFO  server.RaftServerConfigKeys (ConfUtils.java:logGet(46)) - raft.server.rpc.timeout.max = 5200ms (custom)
2022-12-02 13:56:20,660 [pool-163-thread-1] INFO  server.RaftServerConfigKeys (ConfUtils.java:logGet(46)) - raft.server.rpc.sleep.time = 25ms (default)
2022-12-02 13:56:20,660 [pool-163-thread-1] INFO  server.RaftServerConfigKeys (ConfUtils.java:logGet(46)) - raft.server.rpc.slowness.timeout = 300s (custom)
2022-12-02 13:56:20,660 [pool-163-thread-1] INFO  server.RaftServerConfigKeys (ConfUtils.java:logGet(46)) - raft.server.leaderelection.leader.step-down.wait-time = 10s (default)
2022-12-02 13:56:20,660 [pool-163-thread-1] INFO  server.RaftServerConfigKeys (ConfUtils.java:logGet(46)) - raft.server.sleep.deviation.threshold = 300ms (default)
2022-12-02 13:56:20,660 [pool-163-thread-1] INFO  server.RaftServer$Division (ServerState.java:<init>(118)) - 4d9c5b7e-d393-45ed-b870-ebf9f6356405@group-E7EF25D8AFE4: ConfigurationManager, init=-1: peers:[4d9c5b7e-d393-45ed-b870-ebf9f6356405|rpc:10.1.0.163:36463|dataStream:|priority:0|startupRole:FOLLOWER, 925e8f4f-fc98-43cb-bc65-0e4c101f5ebe|rpc:10.1.0.163:44405|dataStream:|priority:0|startupRole:FOLLOWER, e9939b6b-a755-45ab-a1e0-5fd09d343461|rpc:10.1.0.163:38091|dataStream:|priority:1|startupRole:FOLLOWER]|listeners:[], old=null, confs=<EMPTY_MAP>
2022-12-02 13:56:20,660 [pool-163-thread-1] INFO  server.RaftServerConfigKeys (ConfUtils.java:logGet(46)) - raft.server.storage.dir = [/home/runner/work/ozone/ozone/hadoop-ozone/integration-test/target/test-dir/MiniOzoneClusterImpl-54b774fa-8058-4f65-8e1c-0ac417d0d4c9/datanode-4/data/ratis] (custom)
2022-12-02 13:56:20,660 [pool-163-thread-1] INFO  server.RaftServerConfigKeys (ConfUtils.java:logGet(46)) - raft.server.log.corruption.policy = EXCEPTION (default)
2022-12-02 13:56:20,661 [pool-163-thread-1] INFO  server.RaftServerConfigKeys (ConfUtils.java:logGet(46)) - raft.server.storage.free-space.min = 0MB (=0) (default)
2022-12-02 13:56:20,661 [pool-163-thread-1] INFO  server.RaftServerConfigKeys (ConfUtils.java:logGet(46)) - raft.server.notification.no-leader.timeout = 300s (custom)
2022-12-02 13:56:20,661 [pool-163-thread-1] INFO  server.RaftServerConfigKeys (ConfUtils.java:logGet(46)) - raft.server.retrycache.expirytime = 600000ms (custom)
2022-12-02 13:56:20,661 [pool-163-thread-1] INFO  server.RaftServerConfigKeys (ConfUtils.java:logGet(46)) - raft.server.retrycache.statistics.expirytime = 100μs (default)
2022-12-02 13:56:20,662 [pool-163-thread-1] INFO  server.RaftServerConfigKeys (ConfUtils.java:logGet(46)) - raft.server.log.appender.install.snapshot.enabled = false (custom)
2022-12-02 13:56:20,662 [pool-163-thread-1] INFO  server.RaftServerConfigKeys (ConfUtils.java:logGet(46)) - raft.server.threadpool.server.cached = true (default)
2022-12-02 13:56:20,662 [pool-163-thread-1] INFO  server.RaftServerConfigKeys (ConfUtils.java:logGet(46)) - raft.server.threadpool.server.size = 0 (default)
2022-12-02 13:56:20,662 [pool-163-thread-1] INFO  server.RaftServerConfigKeys (ConfUtils.java:logGet(46)) - raft.server.threadpool.client.cached = true (default)
2022-12-02 13:56:20,662 [pool-163-thread-1] INFO  server.RaftServerConfigKeys (ConfUtils.java:logGet(46)) - raft.server.threadpool.client.size = 0 (default)
2022-12-02 13:56:20,662 [pool-163-thread-1] INFO  storage.RaftStorageDirectory (RaftStorageDirectoryImpl.java:analyzeStorage(137)) - The storage directory /home/runner/work/ozone/ozone/hadoop-ozone/integration-test/target/test-dir/MiniOzoneClusterImpl-54b774fa-8058-4f65-8e1c-0ac417d0d4c9/datanode-4/data/ratis/fd61c171-cae5-4da4-bb48-51c550399dfe does not exist. Creating ...
2022-12-02 13:56:20,663 [pool-163-thread-1] INFO  storage.RaftStorageDirectory (RaftStorageDirectoryImpl.java:tryLock(231)) - Lock on /home/runner/work/ozone/ozone/hadoop-ozone/integration-test/target/test-dir/MiniOzoneClusterImpl-54b774fa-8058-4f65-8e1c-0ac417d0d4c9/datanode-4/data/ratis/fd61c171-cae5-4da4-bb48-51c550399dfe/in_use.lock acquired by nodename 13980@fv-az246-718
2022-12-02 13:56:20,665 [pool-163-thread-1] INFO  storage.RaftStorage (RaftStorageImpl.java:format(96)) - Storage directory /home/runner/work/ozone/ozone/hadoop-ozone/integration-test/target/test-dir/MiniOzoneClusterImpl-54b774fa-8058-4f65-8e1c-0ac417d0d4c9/datanode-4/data/ratis/fd61c171-cae5-4da4-bb48-51c550399dfe has been successfully formatted.
2022-12-02 13:56:20,670 [pool-163-thread-1] INFO  ratis.ContainerStateMachine (ContainerStateMachine.java:loadSnapshot(236)) - group-51C550399DFE: The snapshot info is null. Setting the last applied indexto:(t:0, i:~)
2022-12-02 13:56:20,670 [pool-163-thread-1] INFO  server.RaftServerConfigKeys (ConfUtils.java:logGet(46)) - raft.server.log.use.memory = false (default)
2022-12-02 13:56:20,670 [pool-163-thread-1] INFO  server.RaftServerConfigKeys (ConfUtils.java:logGet(46)) - raft.server.log.purge.gap = 1000000 (custom)
2022-12-02 13:56:20,670 [pool-163-thread-1] INFO  server.RaftServerConfigKeys (ConfUtils.java:logGet(46)) - raft.server.log.appender.buffer.byte-limit = 33554432 (custom)
2022-12-02 13:56:20,670 [pool-163-thread-1] INFO  server.RaftServerConfigKeys (ConfUtils.java:logGet(46)) - raft.server.log.statemachine.data.read.timeout = 1000ms (default)
2022-12-02 13:56:20,670 [pool-163-thread-1] INFO  server.RaftServerConfigKeys (ConfUtils.java:logGet(46)) - raft.server.log.purge.preservation.log.num = 0 (default)
2022-12-02 13:56:20,670 [pool-163-thread-1] INFO  server.RaftServerConfigKeys (ConfUtils.java:logGet(46)) - raft.server.log.segment.size.max = 1048576 (custom)
2022-12-02 13:56:20,671 [pool-163-thread-1] INFO  server.RaftServerConfigKeys (ConfUtils.java:logGet(46)) - raft.server.log.segment.cache.num.max = 2 (custom)
2022-12-02 13:56:20,675 [pool-163-thread-1] INFO  server.RaftServerConfigKeys (ConfUtils.java:logGet(46)) - raft.server.log.segment.cache.size.max = 200MB (=209715200) (default)
2022-12-02 13:56:20,675 [pool-163-thread-1] INFO  segmented.SegmentedRaftLogWorker (SegmentedRaftLogWorker.java:<init>(189)) - new 4d9c5b7e-d393-45ed-b870-ebf9f6356405@group-51C550399DFE-SegmentedRaftLogWorker for RaftStorageImpl:Storage Directory /home/runner/work/ozone/ozone/hadoop-ozone/integration-test/target/test-dir/MiniOzoneClusterImpl-54b774fa-8058-4f65-8e1c-0ac417d0d4c9/datanode-4/data/ratis/fd61c171-cae5-4da4-bb48-51c550399dfe
2022-12-02 13:56:20,675 [pool-163-thread-1] INFO  server.RaftServerConfigKeys (ConfUtils.java:logGet(46)) - raft.server.log.queue.byte-limit = 4294967296 (custom)
2022-12-02 13:56:20,675 [pool-163-thread-1] INFO  server.RaftServerConfigKeys (ConfUtils.java:logGet(46)) - raft.server.log.queue.element-limit = 1024 (custom)
2022-12-02 13:56:20,675 [pool-163-thread-1] INFO  server.RaftServerConfigKeys (ConfUtils.java:logGet(46)) - raft.server.log.segment.size.max = 1048576 (custom)
2022-12-02 13:56:20,675 [pool-163-thread-1] INFO  server.RaftServerConfigKeys (ConfUtils.java:logGet(46)) - raft.server.log.preallocated.size = 16384 (custom)
2022-12-02 13:56:20,675 [pool-163-thread-1] INFO  server.RaftServerConfigKeys (ConfUtils.java:logGet(46)) - raft.server.log.force.sync.num = 128 (default)
2022-12-02 13:56:20,675 [pool-163-thread-1] INFO  server.RaftServerConfigKeys (ConfUtils.java:logGet(46)) - raft.server.log.statemachine.data.sync = true (default)
2022-12-02 13:56:20,675 [pool-163-thread-1] INFO  server.RaftServerConfigKeys (ConfUtils.java:logGet(46)) - raft.server.log.statemachine.data.sync.timeout = 10s (default)
2022-12-02 13:56:20,675 [pool-163-thread-1] INFO  server.RaftServerConfigKeys (ConfUtils.java:logGet(46)) - raft.server.log.statemachine.data.sync.timeout.retry = -1 (default)
2022-12-02 13:56:20,682 [pool-163-thread-1] INFO  server.RaftServerConfigKeys (ConfUtils.java:logGet(46)) - raft.server.log.write.buffer.size = 1048576 (custom)
2022-12-02 13:56:20,683 [pool-163-thread-1] INFO  server.RaftServerConfigKeys (ConfUtils.java:logGet(46)) - raft.server.log.appender.buffer.byte-limit = 33554432 (custom)
2022-12-02 13:56:20,688 [pool-163-thread-1] INFO  server.RaftServerConfigKeys (ConfUtils.java:logGet(46)) - raft.server.log.unsafe-flush.enabled = false (default)
2022-12-02 13:56:20,691 [pool-163-thread-1] INFO  server.RaftServerConfigKeys (ConfUtils.java:logGet(46)) - raft.server.log.async-flush.enabled = false (default)
2022-12-02 13:56:20,691 [pool-163-thread-1] INFO  server.RaftServerConfigKeys (ConfUtils.java:logGet(46)) - raft.server.log.statemachine.data.caching.enabled = true (custom)
2022-12-02 13:56:20,691 [pool-163-thread-1] INFO  segmented.SegmentedRaftLogWorker (SegmentedRaftLogWorker.java:lambda$new$0(135)) - 4d9c5b7e-d393-45ed-b870-ebf9f6356405@group-51C550399DFE-SegmentedRaftLogWorker: flushIndex: setUnconditionally 0 -> -1
2022-12-02 13:56:20,691 [pool-163-thread-1] INFO  segmented.SegmentedRaftLogWorker (SegmentedRaftLogWorker.java:lambda$new$0(135)) - 4d9c5b7e-d393-45ed-b870-ebf9f6356405@group-51C550399DFE-SegmentedRaftLogWorker: safeCacheEvictIndex: setUnconditionally 0 -> -1
2022-12-02 13:56:20,691 [pool-163-thread-1] INFO  server.RaftServer$Division (RaftServerImpl.java:start(334)) - 4d9c5b7e-d393-45ed-b870-ebf9f6356405@group-51C550399DFE: start as a follower, conf=-1: peers:[4d9c5b7e-d393-45ed-b870-ebf9f6356405|rpc:10.1.0.163:36463|priority:1|startupRole:FOLLOWER]|listeners:[], old=null
2022-12-02 13:56:20,691 [pool-163-thread-1] INFO  server.RaftServer$Division (RaftServerImpl.java:setRole(321)) - 4d9c5b7e-d393-45ed-b870-ebf9f6356405@group-51C550399DFE: changes role from      null to FOLLOWER at term 0 for startAsFollower
2022-12-02 13:56:20,691 [pool-163-thread-1] INFO  impl.RoleInfo (RoleInfo.java:updateAndGet(139)) - 4d9c5b7e-d393-45ed-b870-ebf9f6356405: start 4d9c5b7e-d393-45ed-b870-ebf9f6356405@group-51C550399DFE-FollowerState
2022-12-02 13:56:20,692 [pool-163-thread-1] INFO  util.JmxRegister (JmxRegister.java:tryRegister(44)) - Successfully registered JMX Bean with object name Ratis:service=RaftServer,group=group-51C550399DFE,id=4d9c5b7e-d393-45ed-b870-ebf9f6356405
2022-12-02 13:56:20,692 [pool-163-thread-1] INFO  server.RaftServerConfigKeys (ConfUtils.java:logGet(46)) - raft.server.snapshot.auto.trigger.enabled = true (custom)
2022-12-02 13:56:20,692 [pool-163-thread-1] INFO  server.RaftServerConfigKeys (ConfUtils.java:logGet(46)) - raft.server.snapshot.auto.trigger.threshold = 10000 (custom)
2022-12-02 13:56:20,692 [pool-163-thread-1] INFO  server.RaftServerConfigKeys (ConfUtils.java:logGet(46)) - raft.server.snapshot.retention.file.num = 5 (custom)
2022-12-02 13:56:20,692 [pool-163-thread-1] INFO  server.RaftServerConfigKeys (ConfUtils.java:logGet(46)) - raft.server.log.purge.upto.snapshot.index = false (default)
2022-12-02 13:56:20,693 [4d9c5b7e-d393-45ed-b870-ebf9f6356405@group-51C550399DFE-FollowerState] INFO  server.RaftServerConfigKeys (ConfUtils.java:logFallback(53)) - raft.server.rpc.first-election.timeout.min = 5s (fallback to raft.server.rpc.timeout.min)
2022-12-02 13:56:20,710 [4d9c5b7e-d393-45ed-b870-ebf9f6356405@group-51C550399DFE-FollowerState] INFO  server.RaftServerConfigKeys (ConfUtils.java:logFallback(53)) - raft.server.rpc.first-election.timeout.max = 5200ms (fallback to raft.server.rpc.timeout.max)
2022-12-02 13:56:20,710 [EventQueue-CommandQueueReportForCommandQueueReportHandler] WARN  events.EventQueue (EventQueue.java:fireEvent(216)) - No event handler registered for event TypedEvent{payloadType=DatanodeDetails, name='Datanode_Command_Queue_Updated'}
2022-12-02 13:56:20,710 [EventQueue-PipelineReportForPipelineReportHandler] INFO  pipeline.PipelineManagerImpl (PipelineManagerImpl.java:openPipeline(367)) - Pipeline Pipeline[ Id: fd61c171-cae5-4da4-bb48-51c550399dfe, Nodes: 4d9c5b7e-d393-45ed-b870-ebf9f6356405{ip: 10.1.0.163, host: fv-az246-718.py5defvocjqundwqxk0lumnltg.cx.internal.cloudapp.net, ports: [REPLICATION=39719, RATIS=36463, RATIS_ADMIN=36463, RATIS_SERVER=36463, STANDALONE=44945], networkLocation: /default-rack, certSerialId: null, persistedOpState: IN_SERVICE, persistedOpStateExpiryEpochSec: 0}, ReplicationConfig: RATIS/ONE, State:ALLOCATED, leaderId:4d9c5b7e-d393-45ed-b870-ebf9f6356405, CreationTimestamp2022-12-02T13:56:17.624Z[Etc/UTC]] moved to OPEN state
2022-12-02 13:56:20,697 [Command processor thread] INFO  ratis.XceiverServerRatis (XceiverServerRatis.java:addGroup(765)) - Created group PipelineID=fd61c171-cae5-4da4-bb48-51c550399dfe
2022-12-02 13:56:20,712 [Command processor thread] INFO  commandhandler.CreatePipelineCommandHandler (CreatePipelineCommandHandler.java:handle(113)) - Created Pipeline RATIS ONE PipelineID=fd61c171-cae5-4da4-bb48-51c550399dfe.
2022-12-02 13:56:20,712 [Command processor thread] INFO  server.RaftServer (RaftServerProxy.java:addNew(96)) - 4d9c5b7e-d393-45ed-b870-ebf9f6356405: addNew group-1FEC9BEDA86D:[4d9c5b7e-d393-45ed-b870-ebf9f6356405|rpc:10.1.0.163:36463|priority:1|startupRole:FOLLOWER, 925e8f4f-fc98-43cb-bc65-0e4c101f5ebe|rpc:10.1.0.163:44405|priority:0|startupRole:FOLLOWER, e9939b6b-a755-45ab-a1e0-5fd09d343461|rpc:10.1.0.163:38091|priority:0|startupRole:FOLLOWER] returns group-1FEC9BEDA86D:java.util.concurrent.CompletableFuture@64ddf323[Not completed]
2022-12-02 13:56:20,712 [EventQueue-OpenPipelineForHealthyPipelineSafeModeRule] INFO  safemode.SCMSafeModeManager (HealthyPipelineSafeModeRule.java:process(137)) - SCM in safe mode. Healthy pipelines reported count is 0, required healthy pipeline reported count is 1
2022-12-02 13:56:20,697 [pool-163-thread-1] INFO  storage.RaftStorageDirectory (RaftStorageDirectoryImpl.java:analyzeStorage(137)) - The storage directory /home/runner/work/ozone/ozone/hadoop-ozone/integration-test/target/test-dir/MiniOzoneClusterImpl-54b774fa-8058-4f65-8e1c-0ac417d0d4c9/datanode-4/data/ratis/4c720a67-a6e6-4faf-8477-e7ef25d8afe4 does not exist. Creating ...
2022-12-02 13:56:20,716 [Command processor thread] INFO  commandhandler.CreatePipelineCommandHandler (CreatePipelineCommandHandler.java:handle(113)) - Created Pipeline RATIS THREE PipelineID=6319aeed-fd30-406a-89e5-b690bfc75a3b.
2022-12-02 13:56:20,719 [pool-163-thread-1] INFO  storage.RaftStorageDirectory (RaftStorageDirectoryImpl.java:tryLock(231)) - Lock on /home/runner/work/ozone/ozone/hadoop-ozone/integration-test/target/test-dir/MiniOzoneClusterImpl-54b774fa-8058-4f65-8e1c-0ac417d0d4c9/datanode-4/data/ratis/4c720a67-a6e6-4faf-8477-e7ef25d8afe4/in_use.lock acquired by nodename 13980@fv-az246-718
2022-12-02 13:56:20,720 [pool-163-thread-1] INFO  storage.RaftStorage (RaftStorageImpl.java:format(96)) - Storage directory /home/runner/work/ozone/ozone/hadoop-ozone/integration-test/target/test-dir/MiniOzoneClusterImpl-54b774fa-8058-4f65-8e1c-0ac417d0d4c9/datanode-4/data/ratis/4c720a67-a6e6-4faf-8477-e7ef25d8afe4 has been successfully formatted.
2022-12-02 13:56:20,721 [pool-163-thread-1] INFO  ratis.ContainerStateMachine (ContainerStateMachine.java:loadSnapshot(236)) - group-E7EF25D8AFE4: The snapshot info is null. Setting the last applied indexto:(t:0, i:~)
2022-12-02 13:56:20,721 [pool-163-thread-1] INFO  server.RaftServerConfigKeys (ConfUtils.java:logGet(46)) - raft.server.log.use.memory = false (default)
2022-12-02 13:56:20,721 [pool-163-thread-1] INFO  server.RaftServerConfigKeys (ConfUtils.java:logGet(46)) - raft.server.log.purge.gap = 1000000 (custom)
2022-12-02 13:56:20,721 [pool-163-thread-1] INFO  server.RaftServerConfigKeys (ConfUtils.java:logGet(46)) - raft.server.log.appender.buffer.byte-limit = 33554432 (custom)
2022-12-02 13:56:20,721 [pool-163-thread-1] INFO  server.RaftServerConfigKeys (ConfUtils.java:logGet(46)) - raft.server.log.statemachine.data.read.timeout = 1000ms (default)
2022-12-02 13:56:20,721 [pool-163-thread-1] INFO  server.RaftServerConfigKeys (ConfUtils.java:logGet(46)) - raft.server.log.purge.preservation.log.num = 0 (default)
2022-12-02 13:56:20,721 [pool-163-thread-1] INFO  server.RaftServerConfigKeys (ConfUtils.java:logGet(46)) - raft.server.log.segment.size.max = 1048576 (custom)
2022-12-02 13:56:20,722 [pool-163-thread-1] INFO  server.RaftServerConfigKeys (ConfUtils.java:logGet(46)) - raft.server.log.segment.cache.num.max = 2 (custom)
2022-12-02 13:56:20,722 [pool-163-thread-1] INFO  server.RaftServerConfigKeys (ConfUtils.java:logGet(46)) - raft.server.log.segment.cache.size.max = 200MB (=209715200) (default)
2022-12-02 13:56:20,722 [pool-163-thread-1] INFO  segmented.SegmentedRaftLogWorker (SegmentedRaftLogWorker.java:<init>(189)) - new 4d9c5b7e-d393-45ed-b870-ebf9f6356405@group-E7EF25D8AFE4-SegmentedRaftLogWorker for RaftStorageImpl:Storage Directory /home/runner/work/ozone/ozone/hadoop-ozone/integration-test/target/test-dir/MiniOzoneClusterImpl-54b774fa-8058-4f65-8e1c-0ac417d0d4c9/datanode-4/data/ratis/4c720a67-a6e6-4faf-8477-e7ef25d8afe4
2022-12-02 13:56:20,722 [pool-163-thread-1] INFO  server.RaftServerConfigKeys (ConfUtils.java:logGet(46)) - raft.server.log.queue.byte-limit = 4294967296 (custom)
2022-12-02 13:56:20,722 [pool-163-thread-1] INFO  server.RaftServerConfigKeys (ConfUtils.java:logGet(46)) - raft.server.log.queue.element-limit = 1024 (custom)
2022-12-02 13:56:20,722 [pool-163-thread-1] INFO  server.RaftServerConfigKeys (ConfUtils.java:logGet(46)) - raft.server.log.segment.size.max = 1048576 (custom)
2022-12-02 13:56:20,722 [pool-163-thread-1] INFO  server.RaftServerConfigKeys (ConfUtils.java:logGet(46)) - raft.server.log.preallocated.size = 16384 (custom)
2022-12-02 13:56:20,722 [pool-163-thread-1] INFO  server.RaftServerConfigKeys (ConfUtils.java:logGet(46)) - raft.server.log.force.sync.num = 128 (default)
2022-12-02 13:56:20,722 [pool-163-thread-1] INFO  server.RaftServerConfigKeys (ConfUtils.java:logGet(46)) - raft.server.log.statemachine.data.sync = true (default)
2022-12-02 13:56:20,722 [pool-163-thread-1] INFO  server.RaftServerConfigKeys (ConfUtils.java:logGet(46)) - raft.server.log.statemachine.data.sync.timeout = 10s (default)
2022-12-02 13:56:20,722 [pool-163-thread-1] INFO  server.RaftServerConfigKeys (ConfUtils.java:logGet(46)) - raft.server.log.statemachine.data.sync.timeout.retry = -1 (default)
2022-12-02 13:56:20,723 [pool-163-thread-1] INFO  server.RaftServerConfigKeys (ConfUtils.java:logGet(46)) - raft.server.log.write.buffer.size = 1048576 (custom)
2022-12-02 13:56:20,723 [pool-163-thread-1] INFO  server.RaftServerConfigKeys (ConfUtils.java:logGet(46)) - raft.server.log.appender.buffer.byte-limit = 33554432 (custom)
2022-12-02 13:56:20,735 [EventQueue-CommandQueueReportForCommandQueueReportHandler] WARN  events.EventQueue (EventQueue.java:fireEvent(216)) - No event handler registered for event TypedEvent{payloadType=DatanodeDetails, name='Datanode_Command_Queue_Updated'}
2022-12-02 13:56:20,736 [EventQueue-OpenPipelineForHealthyPipelineSafeModeRule] INFO  safemode.SCMSafeModeManager (HealthyPipelineSafeModeRule.java:process(137)) - SCM in safe mode. Healthy pipelines reported count is 0, required healthy pipeline reported count is 1
2022-12-02 13:56:20,736 [pool-163-thread-1] INFO  server.RaftServerConfigKeys (ConfUtils.java:logGet(46)) - raft.server.log.unsafe-flush.enabled = false (default)
2022-12-02 13:56:20,736 [pool-163-thread-1] INFO  server.RaftServerConfigKeys (ConfUtils.java:logGet(46)) - raft.server.log.async-flush.enabled = false (default)
2022-12-02 13:56:20,736 [pool-163-thread-1] INFO  server.RaftServerConfigKeys (ConfUtils.java:logGet(46)) - raft.server.log.statemachine.data.caching.enabled = true (custom)
2022-12-02 13:56:20,737 [pool-163-thread-1] INFO  segmented.SegmentedRaftLogWorker (SegmentedRaftLogWorker.java:lambda$new$0(135)) - 4d9c5b7e-d393-45ed-b870-ebf9f6356405@group-E7EF25D8AFE4-SegmentedRaftLogWorker: flushIndex: setUnconditionally 0 -> -1
2022-12-02 13:56:20,737 [pool-163-thread-1] INFO  segmented.SegmentedRaftLogWorker (SegmentedRaftLogWorker.java:lambda$new$0(135)) - 4d9c5b7e-d393-45ed-b870-ebf9f6356405@group-E7EF25D8AFE4-SegmentedRaftLogWorker: safeCacheEvictIndex: setUnconditionally 0 -> -1
2022-12-02 13:56:20,737 [pool-163-thread-1] INFO  server.RaftServer$Division (RaftServerImpl.java:start(334)) - 4d9c5b7e-d393-45ed-b870-ebf9f6356405@group-E7EF25D8AFE4: start as a follower, conf=-1: peers:[4d9c5b7e-d393-45ed-b870-ebf9f6356405|rpc:10.1.0.163:36463|dataStream:|priority:0|startupRole:FOLLOWER, 925e8f4f-fc98-43cb-bc65-0e4c101f5ebe|rpc:10.1.0.163:44405|dataStream:|priority:0|startupRole:FOLLOWER, e9939b6b-a755-45ab-a1e0-5fd09d343461|rpc:10.1.0.163:38091|dataStream:|priority:1|startupRole:FOLLOWER]|listeners:[], old=null
2022-12-02 13:56:20,737 [pool-163-thread-1] INFO  server.RaftServer$Division (RaftServerImpl.java:setRole(321)) - 4d9c5b7e-d393-45ed-b870-ebf9f6356405@group-E7EF25D8AFE4: changes role from      null to FOLLOWER at term 0 for startAsFollower
2022-12-02 13:56:20,737 [pool-163-thread-1] INFO  impl.RoleInfo (RoleInfo.java:updateAndGet(139)) - 4d9c5b7e-d393-45ed-b870-ebf9f6356405: start 4d9c5b7e-d393-45ed-b870-ebf9f6356405@group-E7EF25D8AFE4-FollowerState
2022-12-02 13:56:20,745 [pool-163-thread-1] INFO  util.JmxRegister (JmxRegister.java:tryRegister(44)) - Successfully registered JMX Bean with object name Ratis:service=RaftServer,group=group-E7EF25D8AFE4,id=4d9c5b7e-d393-45ed-b870-ebf9f6356405
2022-12-02 13:56:20,746 [pool-163-thread-1] INFO  server.RaftServerConfigKeys (ConfUtils.java:logGet(46)) - raft.server.snapshot.auto.trigger.enabled = true (custom)
2022-12-02 13:56:20,746 [pool-163-thread-1] INFO  server.RaftServerConfigKeys (ConfUtils.java:logGet(46)) - raft.server.snapshot.auto.trigger.threshold = 10000 (custom)
2022-12-02 13:56:20,746 [pool-163-thread-1] INFO  server.RaftServerConfigKeys (ConfUtils.java:logGet(46)) - raft.server.snapshot.retention.file.num = 5 (custom)
2022-12-02 13:56:20,746 [pool-163-thread-1] INFO  server.RaftServerConfigKeys (ConfUtils.java:logGet(46)) - raft.server.log.purge.upto.snapshot.index = false (default)
2022-12-02 13:56:20,749 [4d9c5b7e-d393-45ed-b870-ebf9f6356405@group-E7EF25D8AFE4-FollowerState] INFO  server.RaftServerConfigKeys (ConfUtils.java:logFallback(53)) - raft.server.rpc.first-election.timeout.min = 5s (fallback to raft.server.rpc.timeout.min)
2022-12-02 13:56:20,751 [4d9c5b7e-d393-45ed-b870-ebf9f6356405@group-E7EF25D8AFE4-FollowerState] INFO  server.RaftServerConfigKeys (ConfUtils.java:logFallback(53)) - raft.server.rpc.first-election.timeout.max = 5200ms (fallback to raft.server.rpc.timeout.max)
2022-12-02 13:56:20,754 [pool-163-thread-1] INFO  server.RaftServer$Division (RaftServerImpl.java:<init>(195)) - 4d9c5b7e-d393-45ed-b870-ebf9f6356405: new RaftServerImpl for group-1FEC9BEDA86D:[4d9c5b7e-d393-45ed-b870-ebf9f6356405|rpc:10.1.0.163:36463|priority:1|startupRole:FOLLOWER, 925e8f4f-fc98-43cb-bc65-0e4c101f5ebe|rpc:10.1.0.163:44405|priority:0|startupRole:FOLLOWER, e9939b6b-a755-45ab-a1e0-5fd09d343461|rpc:10.1.0.163:38091|priority:0|startupRole:FOLLOWER] with ContainerStateMachine:uninitialized
2022-12-02 13:56:20,754 [pool-163-thread-1] INFO  server.RaftServerConfigKeys (ConfUtils.java:logGet(46)) - raft.server.rpc.timeout.min = 5s (custom)
2022-12-02 13:56:20,754 [pool-163-thread-1] INFO  server.RaftServerConfigKeys (ConfUtils.java:logGet(46)) - raft.server.rpc.timeout.max = 5200ms (custom)
2022-12-02 13:56:20,754 [pool-163-thread-1] INFO  server.RaftServerConfigKeys (ConfUtils.java:logGet(46)) - raft.server.rpc.sleep.time = 25ms (default)
2022-12-02 13:56:20,754 [pool-163-thread-1] INFO  server.RaftServerConfigKeys (ConfUtils.java:logGet(46)) - raft.server.rpc.slowness.timeout = 300s (custom)
2022-12-02 13:56:20,754 [pool-163-thread-1] INFO  server.RaftServerConfigKeys (ConfUtils.java:logGet(46)) - raft.server.leaderelection.leader.step-down.wait-time = 10s (default)
2022-12-02 13:56:20,755 [pool-163-thread-1] INFO  server.RaftServerConfigKeys (ConfUtils.java:logGet(46)) - raft.server.sleep.deviation.threshold = 300ms (default)
2022-12-02 13:56:20,755 [pool-163-thread-1] INFO  server.RaftServer$Division (ServerState.java:<init>(118)) - 4d9c5b7e-d393-45ed-b870-ebf9f6356405@group-1FEC9BEDA86D: ConfigurationManager, init=-1: peers:[4d9c5b7e-d393-45ed-b870-ebf9f6356405|rpc:10.1.0.163:36463|priority:1|startupRole:FOLLOWER, 925e8f4f-fc98-43cb-bc65-0e4c101f5ebe|rpc:10.1.0.163:44405|priority:0|startupRole:FOLLOWER, e9939b6b-a755-45ab-a1e0-5fd09d343461|rpc:10.1.0.163:38091|priority:0|startupRole:FOLLOWER]|listeners:[], old=null, confs=<EMPTY_MAP>
2022-12-02 13:56:20,755 [pool-163-thread-1] INFO  server.RaftServerConfigKeys (ConfUtils.java:logGet(46)) - raft.server.storage.dir = [/home/runner/work/ozone/ozone/hadoop-ozone/integration-test/target/test-dir/MiniOzoneClusterImpl-54b774fa-8058-4f65-8e1c-0ac417d0d4c9/datanode-4/data/ratis] (custom)
2022-12-02 13:56:20,755 [pool-163-thread-1] INFO  server.RaftServerConfigKeys (ConfUtils.java:logGet(46)) - raft.server.log.corruption.policy = EXCEPTION (default)
2022-12-02 13:56:20,755 [pool-163-thread-1] INFO  server.RaftServerConfigKeys (ConfUtils.java:logGet(46)) - raft.server.storage.free-space.min = 0MB (=0) (default)
2022-12-02 13:56:20,755 [pool-163-thread-1] INFO  server.RaftServerConfigKeys (ConfUtils.java:logGet(46)) - raft.server.notification.no-leader.timeout = 300s (custom)
2022-12-02 13:56:20,755 [pool-163-thread-1] INFO  server.RaftServerConfigKeys (ConfUtils.java:logGet(46)) - raft.server.retrycache.expirytime = 600000ms (custom)
2022-12-02 13:56:20,755 [pool-163-thread-1] INFO  server.RaftServerConfigKeys (ConfUtils.java:logGet(46)) - raft.server.retrycache.statistics.expirytime = 100μs (default)
2022-12-02 13:56:20,756 [pool-163-thread-1] INFO  server.RaftServerConfigKeys (ConfUtils.java:logGet(46)) - raft.server.log.appender.install.snapshot.enabled = false (custom)
2022-12-02 13:56:20,756 [pool-163-thread-1] INFO  server.RaftServerConfigKeys (ConfUtils.java:logGet(46)) - raft.server.threadpool.server.cached = true (default)
2022-12-02 13:56:20,756 [pool-163-thread-1] INFO  server.RaftServerConfigKeys (ConfUtils.java:logGet(46)) - raft.server.threadpool.server.size = 0 (default)
2022-12-02 13:56:20,756 [pool-163-thread-1] INFO  server.RaftServerConfigKeys (ConfUtils.java:logGet(46)) - raft.server.threadpool.client.cached = true (default)
2022-12-02 13:56:20,756 [pool-163-thread-1] INFO  server.RaftServerConfigKeys (ConfUtils.java:logGet(46)) - raft.server.threadpool.client.size = 0 (default)
2022-12-02 13:56:20,757 [pool-163-thread-1] INFO  storage.RaftStorageDirectory (RaftStorageDirectoryImpl.java:analyzeStorage(137)) - The storage directory /home/runner/work/ozone/ozone/hadoop-ozone/integration-test/target/test-dir/MiniOzoneClusterImpl-54b774fa-8058-4f65-8e1c-0ac417d0d4c9/datanode-4/data/ratis/ed9ace67-4645-4a3b-9689-1fec9beda86d does not exist. Creating ...
2022-12-02 13:56:20,761 [Command processor thread] INFO  commandhandler.CreatePipelineCommandHandler (CreatePipelineCommandHandler.java:handle(113)) - Created Pipeline RATIS THREE PipelineID=6319aeed-fd30-406a-89e5-b690bfc75a3b.
2022-12-02 13:56:20,765 [pool-163-thread-1] INFO  storage.RaftStorageDirectory (RaftStorageDirectoryImpl.java:tryLock(231)) - Lock on /home/runner/work/ozone/ozone/hadoop-ozone/integration-test/target/test-dir/MiniOzoneClusterImpl-54b774fa-8058-4f65-8e1c-0ac417d0d4c9/datanode-4/data/ratis/ed9ace67-4645-4a3b-9689-1fec9beda86d/in_use.lock acquired by nodename 13980@fv-az246-718
2022-12-02 13:56:20,766 [pool-163-thread-1] INFO  storage.RaftStorage (RaftStorageImpl.java:format(96)) - Storage directory /home/runner/work/ozone/ozone/hadoop-ozone/integration-test/target/test-dir/MiniOzoneClusterImpl-54b774fa-8058-4f65-8e1c-0ac417d0d4c9/datanode-4/data/ratis/ed9ace67-4645-4a3b-9689-1fec9beda86d has been successfully formatted.
2022-12-02 13:56:20,767 [pool-163-thread-1] INFO  ratis.ContainerStateMachine (ContainerStateMachine.java:loadSnapshot(236)) - group-1FEC9BEDA86D: The snapshot info is null. Setting the last applied indexto:(t:0, i:~)
2022-12-02 13:56:20,767 [pool-163-thread-1] INFO  server.RaftServerConfigKeys (ConfUtils.java:logGet(46)) - raft.server.log.use.memory = false (default)
2022-12-02 13:56:20,767 [pool-163-thread-1] INFO  server.RaftServerConfigKeys (ConfUtils.java:logGet(46)) - raft.server.log.purge.gap = 1000000 (custom)
2022-12-02 13:56:20,767 [pool-163-thread-1] INFO  server.RaftServerConfigKeys (ConfUtils.java:logGet(46)) - raft.server.log.appender.buffer.byte-limit = 33554432 (custom)
2022-12-02 13:56:20,767 [pool-163-thread-1] INFO  server.RaftServerConfigKeys (ConfUtils.java:logGet(46)) - raft.server.log.statemachine.data.read.timeout = 1000ms (default)
2022-12-02 13:56:20,767 [pool-163-thread-1] INFO  server.RaftServerConfigKeys (ConfUtils.java:logGet(46)) - raft.server.log.purge.preservation.log.num = 0 (default)
2022-12-02 13:56:20,768 [pool-163-thread-1] INFO  server.RaftServerConfigKeys (ConfUtils.java:logGet(46)) - raft.server.log.segment.size.max = 1048576 (custom)
2022-12-02 13:56:20,768 [pool-163-thread-1] INFO  server.RaftServerConfigKeys (ConfUtils.java:logGet(46)) - raft.server.log.segment.cache.num.max = 2 (custom)
2022-12-02 13:56:20,768 [pool-163-thread-1] INFO  server.RaftServerConfigKeys (ConfUtils.java:logGet(46)) - raft.server.log.segment.cache.size.max = 200MB (=209715200) (default)
2022-12-02 13:56:20,768 [pool-163-thread-1] INFO  segmented.SegmentedRaftLogWorker (SegmentedRaftLogWorker.java:<init>(189)) - new 4d9c5b7e-d393-45ed-b870-ebf9f6356405@group-1FEC9BEDA86D-SegmentedRaftLogWorker for RaftStorageImpl:Storage Directory /home/runner/work/ozone/ozone/hadoop-ozone/integration-test/target/test-dir/MiniOzoneClusterImpl-54b774fa-8058-4f65-8e1c-0ac417d0d4c9/datanode-4/data/ratis/ed9ace67-4645-4a3b-9689-1fec9beda86d
2022-12-02 13:56:20,768 [pool-163-thread-1] INFO  server.RaftServerConfigKeys (ConfUtils.java:logGet(46)) - raft.server.log.queue.byte-limit = 4294967296 (custom)
2022-12-02 13:56:20,768 [pool-163-thread-1] INFO  server.RaftServerConfigKeys (ConfUtils.java:logGet(46)) - raft.server.log.queue.element-limit = 1024 (custom)
2022-12-02 13:56:20,768 [pool-163-thread-1] INFO  server.RaftServerConfigKeys (ConfUtils.java:logGet(46)) - raft.server.log.segment.size.max = 1048576 (custom)
2022-12-02 13:56:20,768 [pool-163-thread-1] INFO  server.RaftServerConfigKeys (ConfUtils.java:logGet(46)) - raft.server.log.preallocated.size = 16384 (custom)
2022-12-02 13:56:20,768 [EventQueue-CommandQueueReportForCommandQueueReportHandler] WARN  events.EventQueue (EventQueue.java:fireEvent(216)) - No event handler registered for event TypedEvent{payloadType=DatanodeDetails, name='Datanode_Command_Queue_Updated'}
2022-12-02 13:56:20,768 [pool-163-thread-1] INFO  server.RaftServerConfigKeys (ConfUtils.java:logGet(46)) - raft.server.log.force.sync.num = 128 (default)
2022-12-02 13:56:20,769 [pool-163-thread-1] INFO  server.RaftServerConfigKeys (ConfUtils.java:logGet(46)) - raft.server.log.statemachine.data.sync = true (default)
2022-12-02 13:56:20,769 [pool-163-thread-1] INFO  server.RaftServerConfigKeys (ConfUtils.java:logGet(46)) - raft.server.log.statemachine.data.sync.timeout = 10s (default)
2022-12-02 13:56:20,769 [pool-163-thread-1] INFO  server.RaftServerConfigKeys (ConfUtils.java:logGet(46)) - raft.server.log.statemachine.data.sync.timeout.retry = -1 (default)
2022-12-02 13:56:20,769 [EventQueue-OpenPipelineForHealthyPipelineSafeModeRule] INFO  safemode.SCMSafeModeManager (HealthyPipelineSafeModeRule.java:process(137)) - SCM in safe mode. Healthy pipelines reported count is 0, required healthy pipeline reported count is 1
2022-12-02 13:56:20,780 [grpc-default-executor-2] INFO  server.RaftServer (RaftServerProxy.java:addNew(96)) - e9939b6b-a755-45ab-a1e0-5fd09d343461: addNew group-E7EF25D8AFE4:[4d9c5b7e-d393-45ed-b870-ebf9f6356405|rpc:10.1.0.163:36463|dataStream:|priority:0|startupRole:FOLLOWER, 925e8f4f-fc98-43cb-bc65-0e4c101f5ebe|rpc:10.1.0.163:44405|dataStream:|priority:0|startupRole:FOLLOWER, e9939b6b-a755-45ab-a1e0-5fd09d343461|rpc:10.1.0.163:38091|dataStream:|priority:1|startupRole:FOLLOWER] returns group-E7EF25D8AFE4:java.util.concurrent.CompletableFuture@7e025699[Not completed]
2022-12-02 13:56:20,780 [pool-163-thread-1] INFO  server.RaftServerConfigKeys (ConfUtils.java:logGet(46)) - raft.server.log.write.buffer.size = 1048576 (custom)
2022-12-02 13:56:20,781 [pool-163-thread-1] INFO  server.RaftServerConfigKeys (ConfUtils.java:logGet(46)) - raft.server.log.appender.buffer.byte-limit = 33554432 (custom)
2022-12-02 13:56:20,785 [pool-186-thread-1] INFO  server.RaftServer$Division (RaftServerImpl.java:<init>(195)) - e9939b6b-a755-45ab-a1e0-5fd09d343461: new RaftServerImpl for group-E7EF25D8AFE4:[4d9c5b7e-d393-45ed-b870-ebf9f6356405|rpc:10.1.0.163:36463|dataStream:|priority:0|startupRole:FOLLOWER, 925e8f4f-fc98-43cb-bc65-0e4c101f5ebe|rpc:10.1.0.163:44405|dataStream:|priority:0|startupRole:FOLLOWER, e9939b6b-a755-45ab-a1e0-5fd09d343461|rpc:10.1.0.163:38091|dataStream:|priority:1|startupRole:FOLLOWER] with ContainerStateMachine:uninitialized
2022-12-02 13:56:20,789 [pool-186-thread-1] INFO  server.RaftServerConfigKeys (ConfUtils.java:logGet(46)) - raft.server.rpc.timeout.min = 5s (custom)
2022-12-02 13:56:20,789 [pool-186-thread-1] INFO  server.RaftServerConfigKeys (ConfUtils.java:logGet(46)) - raft.server.rpc.timeout.max = 5200ms (custom)
2022-12-02 13:56:20,790 [pool-186-thread-1] INFO  server.RaftServerConfigKeys (ConfUtils.java:logGet(46)) - raft.server.rpc.sleep.time = 25ms (default)
2022-12-02 13:56:20,790 [pool-186-thread-1] INFO  server.RaftServerConfigKeys (ConfUtils.java:logGet(46)) - raft.server.rpc.slowness.timeout = 300s (custom)
2022-12-02 13:56:20,790 [pool-186-thread-1] INFO  server.RaftServerConfigKeys (ConfUtils.java:logGet(46)) - raft.server.leaderelection.leader.step-down.wait-time = 10s (default)
2022-12-02 13:56:20,790 [pool-186-thread-1] INFO  server.RaftServerConfigKeys (ConfUtils.java:logGet(46)) - raft.server.sleep.deviation.threshold = 300ms (default)
2022-12-02 13:56:20,790 [pool-186-thread-1] INFO  server.RaftServer$Division (ServerState.java:<init>(118)) - e9939b6b-a755-45ab-a1e0-5fd09d343461@group-E7EF25D8AFE4: ConfigurationManager, init=-1: peers:[4d9c5b7e-d393-45ed-b870-ebf9f6356405|rpc:10.1.0.163:36463|dataStream:|priority:0|startupRole:FOLLOWER, 925e8f4f-fc98-43cb-bc65-0e4c101f5ebe|rpc:10.1.0.163:44405|dataStream:|priority:0|startupRole:FOLLOWER, e9939b6b-a755-45ab-a1e0-5fd09d343461|rpc:10.1.0.163:38091|dataStream:|priority:1|startupRole:FOLLOWER]|listeners:[], old=null, confs=<EMPTY_MAP>
2022-12-02 13:56:20,790 [pool-186-thread-1] INFO  server.RaftServerConfigKeys (ConfUtils.java:logGet(46)) - raft.server.storage.dir = [/home/runner/work/ozone/ozone/hadoop-ozone/integration-test/target/test-dir/MiniOzoneClusterImpl-54b774fa-8058-4f65-8e1c-0ac417d0d4c9/datanode-5/data/ratis] (custom)
2022-12-02 13:56:20,790 [pool-186-thread-1] INFO  server.RaftServerConfigKeys (ConfUtils.java:logGet(46)) - raft.server.log.corruption.policy = EXCEPTION (default)
2022-12-02 13:56:20,790 [pool-186-thread-1] INFO  server.RaftServerConfigKeys (ConfUtils.java:logGet(46)) - raft.server.storage.free-space.min = 0MB (=0) (default)
2022-12-02 13:56:20,791 [pool-186-thread-1] INFO  server.RaftServerConfigKeys (ConfUtils.java:logGet(46)) - raft.server.notification.no-leader.timeout = 300s (custom)
2022-12-02 13:56:20,788 [pool-163-thread-1] INFO  server.RaftServerConfigKeys (ConfUtils.java:logGet(46)) - raft.server.log.unsafe-flush.enabled = false (default)
2022-12-02 13:56:20,798 [pool-163-thread-1] INFO  server.RaftServerConfigKeys (ConfUtils.java:logGet(46)) - raft.server.log.async-flush.enabled = false (default)
2022-12-02 13:56:20,798 [pool-163-thread-1] INFO  server.RaftServerConfigKeys (ConfUtils.java:logGet(46)) - raft.server.log.statemachine.data.caching.enabled = true (custom)
2022-12-02 13:56:20,799 [pool-163-thread-1] INFO  segmented.SegmentedRaftLogWorker (SegmentedRaftLogWorker.java:lambda$new$0(135)) - 4d9c5b7e-d393-45ed-b870-ebf9f6356405@group-1FEC9BEDA86D-SegmentedRaftLogWorker: flushIndex: setUnconditionally 0 -> -1
2022-12-02 13:56:20,799 [pool-163-thread-1] INFO  segmented.SegmentedRaftLogWorker (SegmentedRaftLogWorker.java:lambda$new$0(135)) - 4d9c5b7e-d393-45ed-b870-ebf9f6356405@group-1FEC9BEDA86D-SegmentedRaftLogWorker: safeCacheEvictIndex: setUnconditionally 0 -> -1
2022-12-02 13:56:20,798 [pool-186-thread-1] INFO  server.RaftServerConfigKeys (ConfUtils.java:logGet(46)) - raft.server.retrycache.expirytime = 600000ms (custom)
2022-12-02 13:56:20,799 [pool-186-thread-1] INFO  server.RaftServerConfigKeys (ConfUtils.java:logGet(46)) - raft.server.retrycache.statistics.expirytime = 100μs (default)
2022-12-02 13:56:20,802 [pool-163-thread-1] INFO  server.RaftServer$Division (RaftServerImpl.java:start(334)) - 4d9c5b7e-d393-45ed-b870-ebf9f6356405@group-1FEC9BEDA86D: start as a follower, conf=-1: peers:[4d9c5b7e-d393-45ed-b870-ebf9f6356405|rpc:10.1.0.163:36463|priority:1|startupRole:FOLLOWER, 925e8f4f-fc98-43cb-bc65-0e4c101f5ebe|rpc:10.1.0.163:44405|priority:0|startupRole:FOLLOWER, e9939b6b-a755-45ab-a1e0-5fd09d343461|rpc:10.1.0.163:38091|priority:0|startupRole:FOLLOWER]|listeners:[], old=null
2022-12-02 13:56:20,802 [pool-163-thread-1] INFO  server.RaftServer$Division (RaftServerImpl.java:setRole(321)) - 4d9c5b7e-d393-45ed-b870-ebf9f6356405@group-1FEC9BEDA86D: changes role from      null to FOLLOWER at term 0 for startAsFollower
2022-12-02 13:56:20,802 [pool-163-thread-1] INFO  impl.RoleInfo (RoleInfo.java:updateAndGet(139)) - 4d9c5b7e-d393-45ed-b870-ebf9f6356405: start 4d9c5b7e-d393-45ed-b870-ebf9f6356405@group-1FEC9BEDA86D-FollowerState
2022-12-02 13:56:20,802 [pool-163-thread-1] INFO  util.JmxRegister (JmxRegister.java:tryRegister(44)) - Successfully registered JMX Bean with object name Ratis:service=RaftServer,group=group-1FEC9BEDA86D,id=4d9c5b7e-d393-45ed-b870-ebf9f6356405
2022-12-02 13:56:20,802 [pool-163-thread-1] INFO  server.RaftServerConfigKeys (ConfUtils.java:logGet(46)) - raft.server.snapshot.auto.trigger.enabled = true (custom)
2022-12-02 13:56:20,802 [pool-163-thread-1] INFO  server.RaftServerConfigKeys (ConfUtils.java:logGet(46)) - raft.server.snapshot.auto.trigger.threshold = 10000 (custom)
2022-12-02 13:56:20,802 [pool-163-thread-1] INFO  server.RaftServerConfigKeys (ConfUtils.java:logGet(46)) - raft.server.snapshot.retention.file.num = 5 (custom)
2022-12-02 13:56:20,802 [pool-163-thread-1] INFO  server.RaftServerConfigKeys (ConfUtils.java:logGet(46)) - raft.server.log.purge.upto.snapshot.index = false (default)
2022-12-02 13:56:20,803 [4d9c5b7e-d393-45ed-b870-ebf9f6356405@group-1FEC9BEDA86D-FollowerState] INFO  server.RaftServerConfigKeys (ConfUtils.java:logFallback(53)) - raft.server.rpc.first-election.timeout.min = 5s (fallback to raft.server.rpc.timeout.min)
2022-12-02 13:56:20,803 [4d9c5b7e-d393-45ed-b870-ebf9f6356405@group-1FEC9BEDA86D-FollowerState] INFO  server.RaftServerConfigKeys (ConfUtils.java:logFallback(53)) - raft.server.rpc.first-election.timeout.max = 5200ms (fallback to raft.server.rpc.timeout.max)
2022-12-02 13:56:20,806 [Command processor thread] INFO  ratis.XceiverServerRatis (XceiverServerRatis.java:addGroup(765)) - Created group PipelineID=ed9ace67-4645-4a3b-9689-1fec9beda86d
2022-12-02 13:56:20,816 [pool-186-thread-1] INFO  server.RaftServerConfigKeys (ConfUtils.java:logGet(46)) - raft.server.log.appender.install.snapshot.enabled = false (custom)
2022-12-02 13:56:20,816 [pool-186-thread-1] INFO  server.RaftServerConfigKeys (ConfUtils.java:logGet(46)) - raft.server.threadpool.server.cached = true (default)
2022-12-02 13:56:20,816 [pool-186-thread-1] INFO  server.RaftServerConfigKeys (ConfUtils.java:logGet(46)) - raft.server.threadpool.server.size = 0 (default)
2022-12-02 13:56:20,816 [pool-186-thread-1] INFO  server.RaftServerConfigKeys (ConfUtils.java:logGet(46)) - raft.server.threadpool.client.cached = true (default)
2022-12-02 13:56:20,816 [pool-186-thread-1] INFO  server.RaftServerConfigKeys (ConfUtils.java:logGet(46)) - raft.server.threadpool.client.size = 0 (default)
2022-12-02 13:56:20,816 [pool-186-thread-1] INFO  storage.RaftStorageDirectory (RaftStorageDirectoryImpl.java:analyzeStorage(137)) - The storage directory /home/runner/work/ozone/ozone/hadoop-ozone/integration-test/target/test-dir/MiniOzoneClusterImpl-54b774fa-8058-4f65-8e1c-0ac417d0d4c9/datanode-5/data/ratis/4c720a67-a6e6-4faf-8477-e7ef25d8afe4 does not exist. Creating ...
2022-12-02 13:56:20,819 [pool-186-thread-1] INFO  storage.RaftStorageDirectory (RaftStorageDirectoryImpl.java:tryLock(231)) - Lock on /home/runner/work/ozone/ozone/hadoop-ozone/integration-test/target/test-dir/MiniOzoneClusterImpl-54b774fa-8058-4f65-8e1c-0ac417d0d4c9/datanode-5/data/ratis/4c720a67-a6e6-4faf-8477-e7ef25d8afe4/in_use.lock acquired by nodename 13980@fv-az246-718
2022-12-02 13:56:20,824 [pool-186-thread-1] INFO  storage.RaftStorage (RaftStorageImpl.java:format(96)) - Storage directory /home/runner/work/ozone/ozone/hadoop-ozone/integration-test/target/test-dir/MiniOzoneClusterImpl-54b774fa-8058-4f65-8e1c-0ac417d0d4c9/datanode-5/data/ratis/4c720a67-a6e6-4faf-8477-e7ef25d8afe4 has been successfully formatted.
2022-12-02 13:56:20,827 [pool-186-thread-1] INFO  ratis.ContainerStateMachine (ContainerStateMachine.java:loadSnapshot(236)) - group-E7EF25D8AFE4: The snapshot info is null. Setting the last applied indexto:(t:0, i:~)
2022-12-02 13:56:20,827 [pool-186-thread-1] INFO  server.RaftServerConfigKeys (ConfUtils.java:logGet(46)) - raft.server.log.use.memory = false (default)
2022-12-02 13:56:20,827 [pool-186-thread-1] INFO  server.RaftServerConfigKeys (ConfUtils.java:logGet(46)) - raft.server.log.purge.gap = 1000000 (custom)
2022-12-02 13:56:20,827 [pool-186-thread-1] INFO  server.RaftServerConfigKeys (ConfUtils.java:logGet(46)) - raft.server.log.appender.buffer.byte-limit = 33554432 (custom)
2022-12-02 13:56:20,827 [pool-186-thread-1] INFO  server.RaftServerConfigKeys (ConfUtils.java:logGet(46)) - raft.server.log.statemachine.data.read.timeout = 1000ms (default)
2022-12-02 13:56:20,827 [pool-186-thread-1] INFO  server.RaftServerConfigKeys (ConfUtils.java:logGet(46)) - raft.server.log.purge.preservation.log.num = 0 (default)
2022-12-02 13:56:20,828 [pool-186-thread-1] INFO  server.RaftServerConfigKeys (ConfUtils.java:logGet(46)) - raft.server.log.segment.size.max = 1048576 (custom)
2022-12-02 13:56:20,828 [pool-186-thread-1] INFO  server.RaftServerConfigKeys (ConfUtils.java:logGet(46)) - raft.server.log.segment.cache.num.max = 2 (custom)
2022-12-02 13:56:20,828 [pool-186-thread-1] INFO  server.RaftServerConfigKeys (ConfUtils.java:logGet(46)) - raft.server.log.segment.cache.size.max = 200MB (=209715200) (default)
2022-12-02 13:56:20,828 [pool-186-thread-1] INFO  segmented.SegmentedRaftLogWorker (SegmentedRaftLogWorker.java:<init>(189)) - new e9939b6b-a755-45ab-a1e0-5fd09d343461@group-E7EF25D8AFE4-SegmentedRaftLogWorker for RaftStorageImpl:Storage Directory /home/runner/work/ozone/ozone/hadoop-ozone/integration-test/target/test-dir/MiniOzoneClusterImpl-54b774fa-8058-4f65-8e1c-0ac417d0d4c9/datanode-5/data/ratis/4c720a67-a6e6-4faf-8477-e7ef25d8afe4
2022-12-02 13:56:20,828 [pool-186-thread-1] INFO  server.RaftServerConfigKeys (ConfUtils.java:logGet(46)) - raft.server.log.queue.byte-limit = 4294967296 (custom)
2022-12-02 13:56:20,828 [pool-186-thread-1] INFO  server.RaftServerConfigKeys (ConfUtils.java:logGet(46)) - raft.server.log.queue.element-limit = 1024 (custom)
2022-12-02 13:56:20,828 [pool-186-thread-1] INFO  server.RaftServerConfigKeys (ConfUtils.java:logGet(46)) - raft.server.log.segment.size.max = 1048576 (custom)
2022-12-02 13:56:20,828 [pool-186-thread-1] INFO  server.RaftServerConfigKeys (ConfUtils.java:logGet(46)) - raft.server.log.preallocated.size = 16384 (custom)
2022-12-02 13:56:20,828 [pool-186-thread-1] INFO  server.RaftServerConfigKeys (ConfUtils.java:logGet(46)) - raft.server.log.force.sync.num = 128 (default)
2022-12-02 13:56:20,828 [pool-186-thread-1] INFO  server.RaftServerConfigKeys (ConfUtils.java:logGet(46)) - raft.server.log.statemachine.data.sync = true (default)
2022-12-02 13:56:20,828 [pool-186-thread-1] INFO  server.RaftServerConfigKeys (ConfUtils.java:logGet(46)) - raft.server.log.statemachine.data.sync.timeout = 10s (default)
2022-12-02 13:56:20,828 [pool-186-thread-1] INFO  server.RaftServerConfigKeys (ConfUtils.java:logGet(46)) - raft.server.log.statemachine.data.sync.timeout.retry = -1 (default)
2022-12-02 13:56:20,829 [EventQueue-CommandQueueReportForCommandQueueReportHandler] WARN  events.EventQueue (EventQueue.java:fireEvent(216)) - No event handler registered for event TypedEvent{payloadType=DatanodeDetails, name='Datanode_Command_Queue_Updated'}
2022-12-02 13:56:20,829 [pool-186-thread-1] INFO  server.RaftServerConfigKeys (ConfUtils.java:logGet(46)) - raft.server.log.write.buffer.size = 1048576 (custom)
2022-12-02 13:56:20,830 [pool-186-thread-1] INFO  server.RaftServerConfigKeys (ConfUtils.java:logGet(46)) - raft.server.log.appender.buffer.byte-limit = 33554432 (custom)
2022-12-02 13:56:20,837 [grpc-default-executor-2] INFO  server.RaftServer (RaftServerProxy.java:addNew(96)) - 925e8f4f-fc98-43cb-bc65-0e4c101f5ebe: addNew group-1FEC9BEDA86D:[4d9c5b7e-d393-45ed-b870-ebf9f6356405|rpc:10.1.0.163:36463|dataStream:|priority:1|startupRole:FOLLOWER, 925e8f4f-fc98-43cb-bc65-0e4c101f5ebe|rpc:10.1.0.163:44405|dataStream:|priority:0|startupRole:FOLLOWER, e9939b6b-a755-45ab-a1e0-5fd09d343461|rpc:10.1.0.163:38091|dataStream:|priority:0|startupRole:FOLLOWER] returns group-1FEC9BEDA86D:java.util.concurrent.CompletableFuture@42b29a54[Not completed]
2022-12-02 13:56:20,839 [pool-140-thread-1] INFO  server.RaftServer$Division (RaftServerImpl.java:<init>(195)) - 925e8f4f-fc98-43cb-bc65-0e4c101f5ebe: new RaftServerImpl for group-1FEC9BEDA86D:[4d9c5b7e-d393-45ed-b870-ebf9f6356405|rpc:10.1.0.163:36463|dataStream:|priority:1|startupRole:FOLLOWER, 925e8f4f-fc98-43cb-bc65-0e4c101f5ebe|rpc:10.1.0.163:44405|dataStream:|priority:0|startupRole:FOLLOWER, e9939b6b-a755-45ab-a1e0-5fd09d343461|rpc:10.1.0.163:38091|dataStream:|priority:0|startupRole:FOLLOWER] with ContainerStateMachine:uninitialized
2022-12-02 13:56:20,839 [pool-140-thread-1] INFO  server.RaftServerConfigKeys (ConfUtils.java:logGet(46)) - raft.server.rpc.timeout.min = 5s (custom)
2022-12-02 13:56:20,839 [pool-140-thread-1] INFO  server.RaftServerConfigKeys (ConfUtils.java:logGet(46)) - raft.server.rpc.timeout.max = 5200ms (custom)
2022-12-02 13:56:20,839 [pool-140-thread-1] INFO  server.RaftServerConfigKeys (ConfUtils.java:logGet(46)) - raft.server.rpc.sleep.time = 25ms (default)
2022-12-02 13:56:20,839 [pool-140-thread-1] INFO  server.RaftServerConfigKeys (ConfUtils.java:logGet(46)) - raft.server.rpc.slowness.timeout = 300s (custom)
2022-12-02 13:56:20,839 [pool-140-thread-1] INFO  server.RaftServerConfigKeys (ConfUtils.java:logGet(46)) - raft.server.leaderelection.leader.step-down.wait-time = 10s (default)
2022-12-02 13:56:20,839 [pool-140-thread-1] INFO  server.RaftServerConfigKeys (ConfUtils.java:logGet(46)) - raft.server.sleep.deviation.threshold = 300ms (default)
2022-12-02 13:56:20,839 [pool-140-thread-1] INFO  server.RaftServer$Division (ServerState.java:<init>(118)) - 925e8f4f-fc98-43cb-bc65-0e4c101f5ebe@group-1FEC9BEDA86D: ConfigurationManager, init=-1: peers:[4d9c5b7e-d393-45ed-b870-ebf9f6356405|rpc:10.1.0.163:36463|dataStream:|priority:1|startupRole:FOLLOWER, 925e8f4f-fc98-43cb-bc65-0e4c101f5ebe|rpc:10.1.0.163:44405|dataStream:|priority:0|startupRole:FOLLOWER, e9939b6b-a755-45ab-a1e0-5fd09d343461|rpc:10.1.0.163:38091|dataStream:|priority:0|startupRole:FOLLOWER]|listeners:[], old=null, confs=<EMPTY_MAP>
2022-12-02 13:56:20,839 [pool-140-thread-1] INFO  server.RaftServerConfigKeys (ConfUtils.java:logGet(46)) - raft.server.storage.dir = [/home/runner/work/ozone/ozone/hadoop-ozone/integration-test/target/test-dir/MiniOzoneClusterImpl-54b774fa-8058-4f65-8e1c-0ac417d0d4c9/datanode-3/data/ratis] (custom)
2022-12-02 13:56:20,839 [pool-140-thread-1] INFO  server.RaftServerConfigKeys (ConfUtils.java:logGet(46)) - raft.server.log.corruption.policy = EXCEPTION (default)
2022-12-02 13:56:20,839 [pool-140-thread-1] INFO  server.RaftServerConfigKeys (ConfUtils.java:logGet(46)) - raft.server.storage.free-space.min = 0MB (=0) (default)
2022-12-02 13:56:20,840 [pool-140-thread-1] INFO  server.RaftServerConfigKeys (ConfUtils.java:logGet(46)) - raft.server.notification.no-leader.timeout = 300s (custom)
2022-12-02 13:56:20,840 [pool-140-thread-1] INFO  server.RaftServerConfigKeys (ConfUtils.java:logGet(46)) - raft.server.retrycache.expirytime = 600000ms (custom)
2022-12-02 13:56:20,840 [pool-140-thread-1] INFO  server.RaftServerConfigKeys (ConfUtils.java:logGet(46)) - raft.server.retrycache.statistics.expirytime = 100μs (default)
2022-12-02 13:56:20,841 [pool-140-thread-1] INFO  server.RaftServerConfigKeys (ConfUtils.java:logGet(46)) - raft.server.log.appender.install.snapshot.enabled = false (custom)
2022-12-02 13:56:20,841 [pool-140-thread-1] INFO  server.RaftServerConfigKeys (ConfUtils.java:logGet(46)) - raft.server.threadpool.server.cached = true (default)
2022-12-02 13:56:20,841 [pool-140-thread-1] INFO  server.RaftServerConfigKeys (ConfUtils.java:logGet(46)) - raft.server.threadpool.server.size = 0 (default)
2022-12-02 13:56:20,841 [pool-140-thread-1] INFO  server.RaftServerConfigKeys (ConfUtils.java:logGet(46)) - raft.server.threadpool.client.cached = true (default)
2022-12-02 13:56:20,841 [pool-140-thread-1] INFO  server.RaftServerConfigKeys (ConfUtils.java:logGet(46)) - raft.server.threadpool.client.size = 0 (default)
2022-12-02 13:56:20,841 [pool-140-thread-1] INFO  storage.RaftStorageDirectory (RaftStorageDirectoryImpl.java:analyzeStorage(137)) - The storage directory /home/runner/work/ozone/ozone/hadoop-ozone/integration-test/target/test-dir/MiniOzoneClusterImpl-54b774fa-8058-4f65-8e1c-0ac417d0d4c9/datanode-3/data/ratis/ed9ace67-4645-4a3b-9689-1fec9beda86d does not exist. Creating ...
2022-12-02 13:56:20,843 [pool-186-thread-1] INFO  server.RaftServerConfigKeys (ConfUtils.java:logGet(46)) - raft.server.log.unsafe-flush.enabled = false (default)
2022-12-02 13:56:20,844 [pool-140-thread-1] INFO  storage.RaftStorageDirectory (RaftStorageDirectoryImpl.java:tryLock(231)) - Lock on /home/runner/work/ozone/ozone/hadoop-ozone/integration-test/target/test-dir/MiniOzoneClusterImpl-54b774fa-8058-4f65-8e1c-0ac417d0d4c9/datanode-3/data/ratis/ed9ace67-4645-4a3b-9689-1fec9beda86d/in_use.lock acquired by nodename 13980@fv-az246-718
2022-12-02 13:56:20,845 [pool-186-thread-1] INFO  server.RaftServerConfigKeys (ConfUtils.java:logGet(46)) - raft.server.log.async-flush.enabled = false (default)
2022-12-02 13:56:20,845 [pool-186-thread-1] INFO  server.RaftServerConfigKeys (ConfUtils.java:logGet(46)) - raft.server.log.statemachine.data.caching.enabled = true (custom)
2022-12-02 13:56:20,845 [pool-186-thread-1] INFO  segmented.SegmentedRaftLogWorker (SegmentedRaftLogWorker.java:lambda$new$0(135)) - e9939b6b-a755-45ab-a1e0-5fd09d343461@group-E7EF25D8AFE4-SegmentedRaftLogWorker: flushIndex: setUnconditionally 0 -> -1
2022-12-02 13:56:20,845 [pool-140-thread-1] INFO  storage.RaftStorage (RaftStorageImpl.java:format(96)) - Storage directory /home/runner/work/ozone/ozone/hadoop-ozone/integration-test/target/test-dir/MiniOzoneClusterImpl-54b774fa-8058-4f65-8e1c-0ac417d0d4c9/datanode-3/data/ratis/ed9ace67-4645-4a3b-9689-1fec9beda86d has been successfully formatted.
2022-12-02 13:56:20,846 [pool-140-thread-1] INFO  ratis.ContainerStateMachine (ContainerStateMachine.java:loadSnapshot(236)) - group-1FEC9BEDA86D: The snapshot info is null. Setting the last applied indexto:(t:0, i:~)
2022-12-02 13:56:20,847 [pool-140-thread-1] INFO  server.RaftServerConfigKeys (ConfUtils.java:logGet(46)) - raft.server.log.use.memory = false (default)
2022-12-02 13:56:20,847 [pool-140-thread-1] INFO  server.RaftServerConfigKeys (ConfUtils.java:logGet(46)) - raft.server.log.purge.gap = 1000000 (custom)
2022-12-02 13:56:20,847 [pool-140-thread-1] INFO  server.RaftServerConfigKeys (ConfUtils.java:logGet(46)) - raft.server.log.appender.buffer.byte-limit = 33554432 (custom)
2022-12-02 13:56:20,847 [pool-140-thread-1] INFO  server.RaftServerConfigKeys (ConfUtils.java:logGet(46)) - raft.server.log.statemachine.data.read.timeout = 1000ms (default)
2022-12-02 13:56:20,847 [pool-140-thread-1] INFO  server.RaftServerConfigKeys (ConfUtils.java:logGet(46)) - raft.server.log.purge.preservation.log.num = 0 (default)
2022-12-02 13:56:20,847 [pool-140-thread-1] INFO  server.RaftServerConfigKeys (ConfUtils.java:logGet(46)) - raft.server.log.segment.size.max = 1048576 (custom)
2022-12-02 13:56:20,848 [EventQueue-CommandQueueReportForCommandQueueReportHandler] WARN  events.EventQueue (EventQueue.java:fireEvent(216)) - No event handler registered for event TypedEvent{payloadType=DatanodeDetails, name='Datanode_Command_Queue_Updated'}
2022-12-02 13:56:20,849 [EventQueue-OpenPipelineForHealthyPipelineSafeModeRule] INFO  safemode.SCMSafeModeManager (HealthyPipelineSafeModeRule.java:process(137)) - SCM in safe mode. Healthy pipelines reported count is 0, required healthy pipeline reported count is 1
2022-12-02 13:56:20,849 [pool-140-thread-1] INFO  server.RaftServerConfigKeys (ConfUtils.java:logGet(46)) - raft.server.log.segment.cache.num.max = 2 (custom)
2022-12-02 13:56:20,849 [pool-140-thread-1] INFO  server.RaftServerConfigKeys (ConfUtils.java:logGet(46)) - raft.server.log.segment.cache.size.max = 200MB (=209715200) (default)
2022-12-02 13:56:20,850 [pool-140-thread-1] INFO  segmented.SegmentedRaftLogWorker (SegmentedRaftLogWorker.java:<init>(189)) - new 925e8f4f-fc98-43cb-bc65-0e4c101f5ebe@group-1FEC9BEDA86D-SegmentedRaftLogWorker for RaftStorageImpl:Storage Directory /home/runner/work/ozone/ozone/hadoop-ozone/integration-test/target/test-dir/MiniOzoneClusterImpl-54b774fa-8058-4f65-8e1c-0ac417d0d4c9/datanode-3/data/ratis/ed9ace67-4645-4a3b-9689-1fec9beda86d
2022-12-02 13:56:20,850 [pool-140-thread-1] INFO  server.RaftServerConfigKeys (ConfUtils.java:logGet(46)) - raft.server.log.queue.byte-limit = 4294967296 (custom)
2022-12-02 13:56:20,850 [pool-140-thread-1] INFO  server.RaftServerConfigKeys (ConfUtils.java:logGet(46)) - raft.server.log.queue.element-limit = 1024 (custom)
2022-12-02 13:56:20,850 [pool-140-thread-1] INFO  server.RaftServerConfigKeys (ConfUtils.java:logGet(46)) - raft.server.log.segment.size.max = 1048576 (custom)
2022-12-02 13:56:20,850 [pool-140-thread-1] INFO  server.RaftServerConfigKeys (ConfUtils.java:logGet(46)) - raft.server.log.preallocated.size = 16384 (custom)
2022-12-02 13:56:20,850 [pool-140-thread-1] INFO  server.RaftServerConfigKeys (ConfUtils.java:logGet(46)) - raft.server.log.force.sync.num = 128 (default)
2022-12-02 13:56:20,850 [pool-140-thread-1] INFO  server.RaftServerConfigKeys (ConfUtils.java:logGet(46)) - raft.server.log.statemachine.data.sync = true (default)
2022-12-02 13:56:20,850 [pool-140-thread-1] INFO  server.RaftServerConfigKeys (ConfUtils.java:logGet(46)) - raft.server.log.statemachine.data.sync.timeout = 10s (default)
2022-12-02 13:56:20,850 [pool-140-thread-1] INFO  server.RaftServerConfigKeys (ConfUtils.java:logGet(46)) - raft.server.log.statemachine.data.sync.timeout.retry = -1 (default)
2022-12-02 13:56:20,850 [pool-186-thread-1] INFO  segmented.SegmentedRaftLogWorker (SegmentedRaftLogWorker.java:lambda$new$0(135)) - e9939b6b-a755-45ab-a1e0-5fd09d343461@group-E7EF25D8AFE4-SegmentedRaftLogWorker: safeCacheEvictIndex: setUnconditionally 0 -> -1
2022-12-02 13:56:20,851 [pool-140-thread-1] INFO  server.RaftServerConfigKeys (ConfUtils.java:logGet(46)) - raft.server.log.write.buffer.size = 1048576 (custom)
2022-12-02 13:56:20,852 [pool-140-thread-1] INFO  server.RaftServerConfigKeys (ConfUtils.java:logGet(46)) - raft.server.log.appender.buffer.byte-limit = 33554432 (custom)
2022-12-02 13:56:20,855 [pool-186-thread-1] INFO  server.RaftServer$Division (RaftServerImpl.java:start(334)) - e9939b6b-a755-45ab-a1e0-5fd09d343461@group-E7EF25D8AFE4: start as a follower, conf=-1: peers:[4d9c5b7e-d393-45ed-b870-ebf9f6356405|rpc:10.1.0.163:36463|dataStream:|priority:0|startupRole:FOLLOWER, 925e8f4f-fc98-43cb-bc65-0e4c101f5ebe|rpc:10.1.0.163:44405|dataStream:|priority:0|startupRole:FOLLOWER, e9939b6b-a755-45ab-a1e0-5fd09d343461|rpc:10.1.0.163:38091|dataStream:|priority:1|startupRole:FOLLOWER]|listeners:[], old=null
2022-12-02 13:56:20,855 [pool-186-thread-1] INFO  server.RaftServer$Division (RaftServerImpl.java:setRole(321)) - e9939b6b-a755-45ab-a1e0-5fd09d343461@group-E7EF25D8AFE4: changes role from      null to FOLLOWER at term 0 for startAsFollower
2022-12-02 13:56:20,855 [pool-186-thread-1] INFO  impl.RoleInfo (RoleInfo.java:updateAndGet(139)) - e9939b6b-a755-45ab-a1e0-5fd09d343461: start e9939b6b-a755-45ab-a1e0-5fd09d343461@group-E7EF25D8AFE4-FollowerState
2022-12-02 13:56:20,857 [pool-140-thread-1] INFO  server.RaftServerConfigKeys (ConfUtils.java:logGet(46)) - raft.server.log.unsafe-flush.enabled = false (default)
2022-12-02 13:56:20,863 [e9939b6b-a755-45ab-a1e0-5fd09d343461@group-E7EF25D8AFE4-FollowerState] INFO  server.RaftServerConfigKeys (ConfUtils.java:logFallback(53)) - raft.server.rpc.first-election.timeout.min = 5s (fallback to raft.server.rpc.timeout.min)
2022-12-02 13:56:20,858 [pool-186-thread-1] INFO  util.JmxRegister (JmxRegister.java:tryRegister(44)) - Successfully registered JMX Bean with object name Ratis:service=RaftServer,group=group-E7EF25D8AFE4,id=e9939b6b-a755-45ab-a1e0-5fd09d343461
2022-12-02 13:56:20,863 [pool-186-thread-1] INFO  server.RaftServerConfigKeys (ConfUtils.java:logGet(46)) - raft.server.snapshot.auto.trigger.enabled = true (custom)
2022-12-02 13:56:20,863 [pool-186-thread-1] INFO  server.RaftServerConfigKeys (ConfUtils.java:logGet(46)) - raft.server.snapshot.auto.trigger.threshold = 10000 (custom)
2022-12-02 13:56:20,863 [pool-186-thread-1] INFO  server.RaftServerConfigKeys (ConfUtils.java:logGet(46)) - raft.server.snapshot.retention.file.num = 5 (custom)
2022-12-02 13:56:20,863 [pool-186-thread-1] INFO  server.RaftServerConfigKeys (ConfUtils.java:logGet(46)) - raft.server.log.purge.upto.snapshot.index = false (default)
2022-12-02 13:56:20,863 [pool-140-thread-1] INFO  server.RaftServerConfigKeys (ConfUtils.java:logGet(46)) - raft.server.log.async-flush.enabled = false (default)
2022-12-02 13:56:20,864 [pool-140-thread-1] INFO  server.RaftServerConfigKeys (ConfUtils.java:logGet(46)) - raft.server.log.statemachine.data.caching.enabled = true (custom)
2022-12-02 13:56:20,864 [pool-140-thread-1] INFO  segmented.SegmentedRaftLogWorker (SegmentedRaftLogWorker.java:lambda$new$0(135)) - 925e8f4f-fc98-43cb-bc65-0e4c101f5ebe@group-1FEC9BEDA86D-SegmentedRaftLogWorker: flushIndex: setUnconditionally 0 -> -1
2022-12-02 13:56:20,864 [pool-140-thread-1] INFO  segmented.SegmentedRaftLogWorker (SegmentedRaftLogWorker.java:lambda$new$0(135)) - 925e8f4f-fc98-43cb-bc65-0e4c101f5ebe@group-1FEC9BEDA86D-SegmentedRaftLogWorker: safeCacheEvictIndex: setUnconditionally 0 -> -1
2022-12-02 13:56:20,864 [e9939b6b-a755-45ab-a1e0-5fd09d343461@group-E7EF25D8AFE4-FollowerState] INFO  server.RaftServerConfigKeys (ConfUtils.java:logFallback(53)) - raft.server.rpc.first-election.timeout.max = 5200ms (fallback to raft.server.rpc.timeout.max)
2022-12-02 13:56:20,868 [pool-140-thread-1] INFO  server.RaftServer$Division (RaftServerImpl.java:start(334)) - 925e8f4f-fc98-43cb-bc65-0e4c101f5ebe@group-1FEC9BEDA86D: start as a follower, conf=-1: peers:[4d9c5b7e-d393-45ed-b870-ebf9f6356405|rpc:10.1.0.163:36463|dataStream:|priority:1|startupRole:FOLLOWER, 925e8f4f-fc98-43cb-bc65-0e4c101f5ebe|rpc:10.1.0.163:44405|dataStream:|priority:0|startupRole:FOLLOWER, e9939b6b-a755-45ab-a1e0-5fd09d343461|rpc:10.1.0.163:38091|dataStream:|priority:0|startupRole:FOLLOWER]|listeners:[], old=null
2022-12-02 13:56:20,868 [pool-140-thread-1] INFO  server.RaftServer$Division (RaftServerImpl.java:setRole(321)) - 925e8f4f-fc98-43cb-bc65-0e4c101f5ebe@group-1FEC9BEDA86D: changes role from      null to FOLLOWER at term 0 for startAsFollower
2022-12-02 13:56:20,868 [pool-140-thread-1] INFO  impl.RoleInfo (RoleInfo.java:updateAndGet(139)) - 925e8f4f-fc98-43cb-bc65-0e4c101f5ebe: start 925e8f4f-fc98-43cb-bc65-0e4c101f5ebe@group-1FEC9BEDA86D-FollowerState
2022-12-02 13:56:20,869 [pool-140-thread-1] INFO  util.JmxRegister (JmxRegister.java:tryRegister(44)) - Successfully registered JMX Bean with object name Ratis:service=RaftServer,group=group-1FEC9BEDA86D,id=925e8f4f-fc98-43cb-bc65-0e4c101f5ebe
2022-12-02 13:56:20,869 [pool-140-thread-1] INFO  server.RaftServerConfigKeys (ConfUtils.java:logGet(46)) - raft.server.snapshot.auto.trigger.enabled = true (custom)
2022-12-02 13:56:20,869 [pool-140-thread-1] INFO  server.RaftServerConfigKeys (ConfUtils.java:logGet(46)) - raft.server.snapshot.auto.trigger.threshold = 10000 (custom)
2022-12-02 13:56:20,869 [pool-140-thread-1] INFO  server.RaftServerConfigKeys (ConfUtils.java:logGet(46)) - raft.server.snapshot.retention.file.num = 5 (custom)
2022-12-02 13:56:20,869 [pool-140-thread-1] INFO  server.RaftServerConfigKeys (ConfUtils.java:logGet(46)) - raft.server.log.purge.upto.snapshot.index = false (default)
2022-12-02 13:56:20,872 [925e8f4f-fc98-43cb-bc65-0e4c101f5ebe@group-1FEC9BEDA86D-FollowerState] INFO  server.RaftServerConfigKeys (ConfUtils.java:logFallback(53)) - raft.server.rpc.first-election.timeout.min = 5s (fallback to raft.server.rpc.timeout.min)
2022-12-02 13:56:20,878 [925e8f4f-fc98-43cb-bc65-0e4c101f5ebe@group-1FEC9BEDA86D-FollowerState] INFO  server.RaftServerConfigKeys (ConfUtils.java:logFallback(53)) - raft.server.rpc.first-election.timeout.max = 5200ms (fallback to raft.server.rpc.timeout.max)
2022-12-02 13:56:20,884 [Command processor thread] INFO  commandhandler.CreatePipelineCommandHandler (CreatePipelineCommandHandler.java:handle(113)) - Created Pipeline RATIS THREE PipelineID=4c720a67-a6e6-4faf-8477-e7ef25d8afe4.
2022-12-02 13:56:20,893 [grpc-default-executor-2] INFO  server.RaftServer (RaftServerProxy.java:addNew(96)) - e9939b6b-a755-45ab-a1e0-5fd09d343461: addNew group-1FEC9BEDA86D:[4d9c5b7e-d393-45ed-b870-ebf9f6356405|rpc:10.1.0.163:36463|dataStream:|priority:1|startupRole:FOLLOWER, 925e8f4f-fc98-43cb-bc65-0e4c101f5ebe|rpc:10.1.0.163:44405|dataStream:|priority:0|startupRole:FOLLOWER, e9939b6b-a755-45ab-a1e0-5fd09d343461|rpc:10.1.0.163:38091|dataStream:|priority:0|startupRole:FOLLOWER] returns group-1FEC9BEDA86D:java.util.concurrent.CompletableFuture@3363975e[Not completed]
2022-12-02 13:56:20,894 [pool-186-thread-1] INFO  server.RaftServer$Division (RaftServerImpl.java:<init>(195)) - e9939b6b-a755-45ab-a1e0-5fd09d343461: new RaftServerImpl for group-1FEC9BEDA86D:[4d9c5b7e-d393-45ed-b870-ebf9f6356405|rpc:10.1.0.163:36463|dataStream:|priority:1|startupRole:FOLLOWER, 925e8f4f-fc98-43cb-bc65-0e4c101f5ebe|rpc:10.1.0.163:44405|dataStream:|priority:0|startupRole:FOLLOWER, e9939b6b-a755-45ab-a1e0-5fd09d343461|rpc:10.1.0.163:38091|dataStream:|priority:0|startupRole:FOLLOWER] with ContainerStateMachine:uninitialized
2022-12-02 13:56:20,894 [pool-186-thread-1] INFO  server.RaftServerConfigKeys (ConfUtils.java:logGet(46)) - raft.server.rpc.timeout.min = 5s (custom)
2022-12-02 13:56:20,894 [pool-186-thread-1] INFO  server.RaftServerConfigKeys (ConfUtils.java:logGet(46)) - raft.server.rpc.timeout.max = 5200ms (custom)
2022-12-02 13:56:20,894 [pool-186-thread-1] INFO  server.RaftServerConfigKeys (ConfUtils.java:logGet(46)) - raft.server.rpc.sleep.time = 25ms (default)
2022-12-02 13:56:20,894 [pool-186-thread-1] INFO  server.RaftServerConfigKeys (ConfUtils.java:logGet(46)) - raft.server.rpc.slowness.timeout = 300s (custom)
2022-12-02 13:56:20,894 [pool-186-thread-1] INFO  server.RaftServerConfigKeys (ConfUtils.java:logGet(46)) - raft.server.leaderelection.leader.step-down.wait-time = 10s (default)
2022-12-02 13:56:20,894 [pool-186-thread-1] INFO  server.RaftServerConfigKeys (ConfUtils.java:logGet(46)) - raft.server.sleep.deviation.threshold = 300ms (default)
2022-12-02 13:56:20,894 [pool-186-thread-1] INFO  server.RaftServer$Division (ServerState.java:<init>(118)) - e9939b6b-a755-45ab-a1e0-5fd09d343461@group-1FEC9BEDA86D: ConfigurationManager, init=-1: peers:[4d9c5b7e-d393-45ed-b870-ebf9f6356405|rpc:10.1.0.163:36463|dataStream:|priority:1|startupRole:FOLLOWER, 925e8f4f-fc98-43cb-bc65-0e4c101f5ebe|rpc:10.1.0.163:44405|dataStream:|priority:0|startupRole:FOLLOWER, e9939b6b-a755-45ab-a1e0-5fd09d343461|rpc:10.1.0.163:38091|dataStream:|priority:0|startupRole:FOLLOWER]|listeners:[], old=null, confs=<EMPTY_MAP>
2022-12-02 13:56:20,894 [pool-186-thread-1] INFO  server.RaftServerConfigKeys (ConfUtils.java:logGet(46)) - raft.server.storage.dir = [/home/runner/work/ozone/ozone/hadoop-ozone/integration-test/target/test-dir/MiniOzoneClusterImpl-54b774fa-8058-4f65-8e1c-0ac417d0d4c9/datanode-5/data/ratis] (custom)
2022-12-02 13:56:20,895 [pool-186-thread-1] INFO  server.RaftServerConfigKeys (ConfUtils.java:logGet(46)) - raft.server.log.corruption.policy = EXCEPTION (default)
2022-12-02 13:56:20,895 [pool-186-thread-1] INFO  server.RaftServerConfigKeys (ConfUtils.java:logGet(46)) - raft.server.storage.free-space.min = 0MB (=0) (default)
2022-12-02 13:56:20,895 [pool-186-thread-1] INFO  server.RaftServerConfigKeys (ConfUtils.java:logGet(46)) - raft.server.notification.no-leader.timeout = 300s (custom)
2022-12-02 13:56:20,895 [pool-186-thread-1] INFO  server.RaftServerConfigKeys (ConfUtils.java:logGet(46)) - raft.server.retrycache.expirytime = 600000ms (custom)
2022-12-02 13:56:20,895 [pool-186-thread-1] INFO  server.RaftServerConfigKeys (ConfUtils.java:logGet(46)) - raft.server.retrycache.statistics.expirytime = 100μs (default)
2022-12-02 13:56:20,896 [pool-186-thread-1] INFO  server.RaftServerConfigKeys (ConfUtils.java:logGet(46)) - raft.server.log.appender.install.snapshot.enabled = false (custom)
2022-12-02 13:56:20,896 [pool-186-thread-1] INFO  server.RaftServerConfigKeys (ConfUtils.java:logGet(46)) - raft.server.threadpool.server.cached = true (default)
2022-12-02 13:56:20,896 [pool-186-thread-1] INFO  server.RaftServerConfigKeys (ConfUtils.java:logGet(46)) - raft.server.threadpool.server.size = 0 (default)
2022-12-02 13:56:20,896 [pool-186-thread-1] INFO  server.RaftServerConfigKeys (ConfUtils.java:logGet(46)) - raft.server.threadpool.client.cached = true (default)
2022-12-02 13:56:20,896 [pool-186-thread-1] INFO  server.RaftServerConfigKeys (ConfUtils.java:logGet(46)) - raft.server.threadpool.client.size = 0 (default)
2022-12-02 13:56:20,896 [pool-186-thread-1] INFO  storage.RaftStorageDirectory (RaftStorageDirectoryImpl.java:analyzeStorage(137)) - The storage directory /home/runner/work/ozone/ozone/hadoop-ozone/integration-test/target/test-dir/MiniOzoneClusterImpl-54b774fa-8058-4f65-8e1c-0ac417d0d4c9/datanode-5/data/ratis/ed9ace67-4645-4a3b-9689-1fec9beda86d does not exist. Creating ...
2022-12-02 13:56:20,898 [pool-186-thread-1] INFO  storage.RaftStorageDirectory (RaftStorageDirectoryImpl.java:tryLock(231)) - Lock on /home/runner/work/ozone/ozone/hadoop-ozone/integration-test/target/test-dir/MiniOzoneClusterImpl-54b774fa-8058-4f65-8e1c-0ac417d0d4c9/datanode-5/data/ratis/ed9ace67-4645-4a3b-9689-1fec9beda86d/in_use.lock acquired by nodename 13980@fv-az246-718
2022-12-02 13:56:20,902 [pool-186-thread-1] INFO  storage.RaftStorage (RaftStorageImpl.java:format(96)) - Storage directory /home/runner/work/ozone/ozone/hadoop-ozone/integration-test/target/test-dir/MiniOzoneClusterImpl-54b774fa-8058-4f65-8e1c-0ac417d0d4c9/datanode-5/data/ratis/ed9ace67-4645-4a3b-9689-1fec9beda86d has been successfully formatted.
2022-12-02 13:56:20,902 [pool-186-thread-1] INFO  ratis.ContainerStateMachine (ContainerStateMachine.java:loadSnapshot(236)) - group-1FEC9BEDA86D: The snapshot info is null. Setting the last applied indexto:(t:0, i:~)
2022-12-02 13:56:20,902 [pool-186-thread-1] INFO  server.RaftServerConfigKeys (ConfUtils.java:logGet(46)) - raft.server.log.use.memory = false (default)
2022-12-02 13:56:20,902 [pool-186-thread-1] INFO  server.RaftServerConfigKeys (ConfUtils.java:logGet(46)) - raft.server.log.purge.gap = 1000000 (custom)
2022-12-02 13:56:20,902 [pool-186-thread-1] INFO  server.RaftServerConfigKeys (ConfUtils.java:logGet(46)) - raft.server.log.appender.buffer.byte-limit = 33554432 (custom)
2022-12-02 13:56:20,902 [pool-186-thread-1] INFO  server.RaftServerConfigKeys (ConfUtils.java:logGet(46)) - raft.server.log.statemachine.data.read.timeout = 1000ms (default)
2022-12-02 13:56:20,902 [pool-186-thread-1] INFO  server.RaftServerConfigKeys (ConfUtils.java:logGet(46)) - raft.server.log.purge.preservation.log.num = 0 (default)
2022-12-02 13:56:20,903 [pool-186-thread-1] INFO  server.RaftServerConfigKeys (ConfUtils.java:logGet(46)) - raft.server.log.segment.size.max = 1048576 (custom)
2022-12-02 13:56:20,903 [pool-186-thread-1] INFO  server.RaftServerConfigKeys (ConfUtils.java:logGet(46)) - raft.server.log.segment.cache.num.max = 2 (custom)
2022-12-02 13:56:20,903 [pool-186-thread-1] INFO  server.RaftServerConfigKeys (ConfUtils.java:logGet(46)) - raft.server.log.segment.cache.size.max = 200MB (=209715200) (default)
2022-12-02 13:56:20,903 [pool-186-thread-1] INFO  segmented.SegmentedRaftLogWorker (SegmentedRaftLogWorker.java:<init>(189)) - new e9939b6b-a755-45ab-a1e0-5fd09d343461@group-1FEC9BEDA86D-SegmentedRaftLogWorker for RaftStorageImpl:Storage Directory /home/runner/work/ozone/ozone/hadoop-ozone/integration-test/target/test-dir/MiniOzoneClusterImpl-54b774fa-8058-4f65-8e1c-0ac417d0d4c9/datanode-5/data/ratis/ed9ace67-4645-4a3b-9689-1fec9beda86d
2022-12-02 13:56:20,903 [pool-186-thread-1] INFO  server.RaftServerConfigKeys (ConfUtils.java:logGet(46)) - raft.server.log.queue.byte-limit = 4294967296 (custom)
2022-12-02 13:56:20,903 [pool-186-thread-1] INFO  server.RaftServerConfigKeys (ConfUtils.java:logGet(46)) - raft.server.log.queue.element-limit = 1024 (custom)
2022-12-02 13:56:20,903 [pool-186-thread-1] INFO  server.RaftServerConfigKeys (ConfUtils.java:logGet(46)) - raft.server.log.segment.size.max = 1048576 (custom)
2022-12-02 13:56:20,903 [pool-186-thread-1] INFO  server.RaftServerConfigKeys (ConfUtils.java:logGet(46)) - raft.server.log.preallocated.size = 16384 (custom)
2022-12-02 13:56:20,903 [pool-186-thread-1] INFO  server.RaftServerConfigKeys (ConfUtils.java:logGet(46)) - raft.server.log.force.sync.num = 128 (default)
2022-12-02 13:56:20,903 [pool-186-thread-1] INFO  server.RaftServerConfigKeys (ConfUtils.java:logGet(46)) - raft.server.log.statemachine.data.sync = true (default)
2022-12-02 13:56:20,904 [pool-186-thread-1] INFO  server.RaftServerConfigKeys (ConfUtils.java:logGet(46)) - raft.server.log.statemachine.data.sync.timeout = 10s (default)
2022-12-02 13:56:20,904 [pool-186-thread-1] INFO  server.RaftServerConfigKeys (ConfUtils.java:logGet(46)) - raft.server.log.statemachine.data.sync.timeout.retry = -1 (default)
2022-12-02 13:56:20,904 [EventQueue-CommandQueueReportForCommandQueueReportHandler] WARN  events.EventQueue (EventQueue.java:fireEvent(216)) - No event handler registered for event TypedEvent{payloadType=DatanodeDetails, name='Datanode_Command_Queue_Updated'}
2022-12-02 13:56:20,905 [pool-186-thread-1] INFO  server.RaftServerConfigKeys (ConfUtils.java:logGet(46)) - raft.server.log.write.buffer.size = 1048576 (custom)
2022-12-02 13:56:20,906 [pool-186-thread-1] INFO  server.RaftServerConfigKeys (ConfUtils.java:logGet(46)) - raft.server.log.appender.buffer.byte-limit = 33554432 (custom)
2022-12-02 13:56:20,913 [pool-186-thread-1] INFO  server.RaftServerConfigKeys (ConfUtils.java:logGet(46)) - raft.server.log.unsafe-flush.enabled = false (default)
2022-12-02 13:56:20,913 [pool-186-thread-1] INFO  server.RaftServerConfigKeys (ConfUtils.java:logGet(46)) - raft.server.log.async-flush.enabled = false (default)
2022-12-02 13:56:20,913 [pool-186-thread-1] INFO  server.RaftServerConfigKeys (ConfUtils.java:logGet(46)) - raft.server.log.statemachine.data.caching.enabled = true (custom)
2022-12-02 13:56:20,913 [pool-186-thread-1] INFO  segmented.SegmentedRaftLogWorker (SegmentedRaftLogWorker.java:lambda$new$0(135)) - e9939b6b-a755-45ab-a1e0-5fd09d343461@group-1FEC9BEDA86D-SegmentedRaftLogWorker: flushIndex: setUnconditionally 0 -> -1
2022-12-02 13:56:20,913 [pool-186-thread-1] INFO  segmented.SegmentedRaftLogWorker (SegmentedRaftLogWorker.java:lambda$new$0(135)) - e9939b6b-a755-45ab-a1e0-5fd09d343461@group-1FEC9BEDA86D-SegmentedRaftLogWorker: safeCacheEvictIndex: setUnconditionally 0 -> -1
2022-12-02 13:56:20,913 [pool-186-thread-1] INFO  server.RaftServer$Division (RaftServerImpl.java:start(334)) - e9939b6b-a755-45ab-a1e0-5fd09d343461@group-1FEC9BEDA86D: start as a follower, conf=-1: peers:[4d9c5b7e-d393-45ed-b870-ebf9f6356405|rpc:10.1.0.163:36463|dataStream:|priority:1|startupRole:FOLLOWER, 925e8f4f-fc98-43cb-bc65-0e4c101f5ebe|rpc:10.1.0.163:44405|dataStream:|priority:0|startupRole:FOLLOWER, e9939b6b-a755-45ab-a1e0-5fd09d343461|rpc:10.1.0.163:38091|dataStream:|priority:0|startupRole:FOLLOWER]|listeners:[], old=null
2022-12-02 13:56:20,913 [pool-186-thread-1] INFO  server.RaftServer$Division (RaftServerImpl.java:setRole(321)) - e9939b6b-a755-45ab-a1e0-5fd09d343461@group-1FEC9BEDA86D: changes role from      null to FOLLOWER at term 0 for startAsFollower
2022-12-02 13:56:20,914 [pool-186-thread-1] INFO  impl.RoleInfo (RoleInfo.java:updateAndGet(139)) - e9939b6b-a755-45ab-a1e0-5fd09d343461: start e9939b6b-a755-45ab-a1e0-5fd09d343461@group-1FEC9BEDA86D-FollowerState
2022-12-02 13:56:20,917 [pool-186-thread-1] INFO  util.JmxRegister (JmxRegister.java:tryRegister(44)) - Successfully registered JMX Bean with object name Ratis:service=RaftServer,group=group-1FEC9BEDA86D,id=e9939b6b-a755-45ab-a1e0-5fd09d343461
2022-12-02 13:56:20,917 [pool-186-thread-1] INFO  server.RaftServerConfigKeys (ConfUtils.java:logGet(46)) - raft.server.snapshot.auto.trigger.enabled = true (custom)
2022-12-02 13:56:20,917 [pool-186-thread-1] INFO  server.RaftServerConfigKeys (ConfUtils.java:logGet(46)) - raft.server.snapshot.auto.trigger.threshold = 10000 (custom)
2022-12-02 13:56:20,917 [pool-186-thread-1] INFO  server.RaftServerConfigKeys (ConfUtils.java:logGet(46)) - raft.server.snapshot.retention.file.num = 5 (custom)
2022-12-02 13:56:20,917 [pool-186-thread-1] INFO  server.RaftServerConfigKeys (ConfUtils.java:logGet(46)) - raft.server.log.purge.upto.snapshot.index = false (default)
2022-12-02 13:56:20,918 [e9939b6b-a755-45ab-a1e0-5fd09d343461@group-1FEC9BEDA86D-FollowerState] INFO  server.RaftServerConfigKeys (ConfUtils.java:logFallback(53)) - raft.server.rpc.first-election.timeout.min = 5s (fallback to raft.server.rpc.timeout.min)
2022-12-02 13:56:20,923 [e9939b6b-a755-45ab-a1e0-5fd09d343461@group-1FEC9BEDA86D-FollowerState] INFO  server.RaftServerConfigKeys (ConfUtils.java:logFallback(53)) - raft.server.rpc.first-election.timeout.max = 5200ms (fallback to raft.server.rpc.timeout.max)
2022-12-02 13:56:20,927 [Command processor thread] INFO  server.RaftServer (RaftServerProxy.java:addNew(96)) - e9939b6b-a755-45ab-a1e0-5fd09d343461: addNew group-BA2BFB068B4B:[e9939b6b-a755-45ab-a1e0-5fd09d343461|rpc:10.1.0.163:38091|priority:1|startupRole:FOLLOWER] returns group-BA2BFB068B4B:java.util.concurrent.CompletableFuture@98f0b19[Not completed]
2022-12-02 13:56:20,928 [pool-186-thread-1] INFO  server.RaftServer$Division (RaftServerImpl.java:<init>(195)) - e9939b6b-a755-45ab-a1e0-5fd09d343461: new RaftServerImpl for group-BA2BFB068B4B:[e9939b6b-a755-45ab-a1e0-5fd09d343461|rpc:10.1.0.163:38091|priority:1|startupRole:FOLLOWER] with ContainerStateMachine:uninitialized
2022-12-02 13:56:20,928 [pool-186-thread-1] INFO  server.RaftServerConfigKeys (ConfUtils.java:logGet(46)) - raft.server.rpc.timeout.min = 5s (custom)
2022-12-02 13:56:20,929 [pool-186-thread-1] INFO  server.RaftServerConfigKeys (ConfUtils.java:logGet(46)) - raft.server.rpc.timeout.max = 5200ms (custom)
2022-12-02 13:56:20,929 [pool-186-thread-1] INFO  server.RaftServerConfigKeys (ConfUtils.java:logGet(46)) - raft.server.rpc.sleep.time = 25ms (default)
2022-12-02 13:56:20,929 [pool-186-thread-1] INFO  server.RaftServerConfigKeys (ConfUtils.java:logGet(46)) - raft.server.rpc.slowness.timeout = 300s (custom)
2022-12-02 13:56:20,929 [pool-186-thread-1] INFO  server.RaftServerConfigKeys (ConfUtils.java:logGet(46)) - raft.server.leaderelection.leader.step-down.wait-time = 10s (default)
2022-12-02 13:56:20,929 [pool-186-thread-1] INFO  server.RaftServerConfigKeys (ConfUtils.java:logGet(46)) - raft.server.sleep.deviation.threshold = 300ms (default)
2022-12-02 13:56:20,929 [pool-186-thread-1] INFO  server.RaftServer$Division (ServerState.java:<init>(118)) - e9939b6b-a755-45ab-a1e0-5fd09d343461@group-BA2BFB068B4B: ConfigurationManager, init=-1: peers:[e9939b6b-a755-45ab-a1e0-5fd09d343461|rpc:10.1.0.163:38091|priority:1|startupRole:FOLLOWER]|listeners:[], old=null, confs=<EMPTY_MAP>
2022-12-02 13:56:20,929 [pool-186-thread-1] INFO  server.RaftServerConfigKeys (ConfUtils.java:logGet(46)) - raft.server.storage.dir = [/home/runner/work/ozone/ozone/hadoop-ozone/integration-test/target/test-dir/MiniOzoneClusterImpl-54b774fa-8058-4f65-8e1c-0ac417d0d4c9/datanode-5/data/ratis] (custom)
2022-12-02 13:56:20,929 [pool-186-thread-1] INFO  server.RaftServerConfigKeys (ConfUtils.java:logGet(46)) - raft.server.log.corruption.policy = EXCEPTION (default)
2022-12-02 13:56:20,929 [pool-186-thread-1] INFO  server.RaftServerConfigKeys (ConfUtils.java:logGet(46)) - raft.server.storage.free-space.min = 0MB (=0) (default)
2022-12-02 13:56:20,929 [pool-186-thread-1] INFO  server.RaftServerConfigKeys (ConfUtils.java:logGet(46)) - raft.server.notification.no-leader.timeout = 300s (custom)
2022-12-02 13:56:20,929 [pool-186-thread-1] INFO  server.RaftServerConfigKeys (ConfUtils.java:logGet(46)) - raft.server.retrycache.expirytime = 600000ms (custom)
2022-12-02 13:56:20,929 [pool-186-thread-1] INFO  server.RaftServerConfigKeys (ConfUtils.java:logGet(46)) - raft.server.retrycache.statistics.expirytime = 100μs (default)
2022-12-02 13:56:20,931 [pool-186-thread-1] INFO  server.RaftServerConfigKeys (ConfUtils.java:logGet(46)) - raft.server.log.appender.install.snapshot.enabled = false (custom)
2022-12-02 13:56:20,931 [pool-186-thread-1] INFO  server.RaftServerConfigKeys (ConfUtils.java:logGet(46)) - raft.server.threadpool.server.cached = true (default)
2022-12-02 13:56:20,931 [pool-186-thread-1] INFO  server.RaftServerConfigKeys (ConfUtils.java:logGet(46)) - raft.server.threadpool.server.size = 0 (default)
2022-12-02 13:56:20,931 [pool-186-thread-1] INFO  server.RaftServerConfigKeys (ConfUtils.java:logGet(46)) - raft.server.threadpool.client.cached = true (default)
2022-12-02 13:56:20,931 [pool-186-thread-1] INFO  server.RaftServerConfigKeys (ConfUtils.java:logGet(46)) - raft.server.threadpool.client.size = 0 (default)
2022-12-02 13:56:20,931 [pool-186-thread-1] INFO  storage.RaftStorageDirectory (RaftStorageDirectoryImpl.java:analyzeStorage(137)) - The storage directory /home/runner/work/ozone/ozone/hadoop-ozone/integration-test/target/test-dir/MiniOzoneClusterImpl-54b774fa-8058-4f65-8e1c-0ac417d0d4c9/datanode-5/data/ratis/a57d9251-1952-46b1-96bb-ba2bfb068b4b does not exist. Creating ...
2022-12-02 13:56:20,933 [Command processor thread] INFO  commandhandler.CreatePipelineCommandHandler (CreatePipelineCommandHandler.java:handle(113)) - Created Pipeline RATIS THREE PipelineID=ed9ace67-4645-4a3b-9689-1fec9beda86d.
2022-12-02 13:56:20,938 [pool-186-thread-1] INFO  storage.RaftStorageDirectory (RaftStorageDirectoryImpl.java:tryLock(231)) - Lock on /home/runner/work/ozone/ozone/hadoop-ozone/integration-test/target/test-dir/MiniOzoneClusterImpl-54b774fa-8058-4f65-8e1c-0ac417d0d4c9/datanode-5/data/ratis/a57d9251-1952-46b1-96bb-ba2bfb068b4b/in_use.lock acquired by nodename 13980@fv-az246-718
2022-12-02 13:56:20,940 [pool-186-thread-1] INFO  storage.RaftStorage (RaftStorageImpl.java:format(96)) - Storage directory /home/runner/work/ozone/ozone/hadoop-ozone/integration-test/target/test-dir/MiniOzoneClusterImpl-54b774fa-8058-4f65-8e1c-0ac417d0d4c9/datanode-5/data/ratis/a57d9251-1952-46b1-96bb-ba2bfb068b4b has been successfully formatted.
2022-12-02 13:56:20,941 [pool-186-thread-1] INFO  ratis.ContainerStateMachine (ContainerStateMachine.java:loadSnapshot(236)) - group-BA2BFB068B4B: The snapshot info is null. Setting the last applied indexto:(t:0, i:~)
2022-12-02 13:56:20,941 [pool-186-thread-1] INFO  server.RaftServerConfigKeys (ConfUtils.java:logGet(46)) - raft.server.log.use.memory = false (default)
2022-12-02 13:56:20,941 [pool-186-thread-1] INFO  server.RaftServerConfigKeys (ConfUtils.java:logGet(46)) - raft.server.log.purge.gap = 1000000 (custom)
2022-12-02 13:56:20,942 [pool-186-thread-1] INFO  server.RaftServerConfigKeys (ConfUtils.java:logGet(46)) - raft.server.log.appender.buffer.byte-limit = 33554432 (custom)
2022-12-02 13:56:20,942 [pool-186-thread-1] INFO  server.RaftServerConfigKeys (ConfUtils.java:logGet(46)) - raft.server.log.statemachine.data.read.timeout = 1000ms (default)
2022-12-02 13:56:20,942 [pool-186-thread-1] INFO  server.RaftServerConfigKeys (ConfUtils.java:logGet(46)) - raft.server.log.purge.preservation.log.num = 0 (default)
2022-12-02 13:56:20,942 [pool-186-thread-1] INFO  server.RaftServerConfigKeys (ConfUtils.java:logGet(46)) - raft.server.log.segment.size.max = 1048576 (custom)
2022-12-02 13:56:20,942 [pool-186-thread-1] INFO  server.RaftServerConfigKeys (ConfUtils.java:logGet(46)) - raft.server.log.segment.cache.num.max = 2 (custom)
2022-12-02 13:56:20,942 [pool-186-thread-1] INFO  server.RaftServerConfigKeys (ConfUtils.java:logGet(46)) - raft.server.log.segment.cache.size.max = 200MB (=209715200) (default)
2022-12-02 13:56:20,942 [pool-186-thread-1] INFO  segmented.SegmentedRaftLogWorker (SegmentedRaftLogWorker.java:<init>(189)) - new e9939b6b-a755-45ab-a1e0-5fd09d343461@group-BA2BFB068B4B-SegmentedRaftLogWorker for RaftStorageImpl:Storage Directory /home/runner/work/ozone/ozone/hadoop-ozone/integration-test/target/test-dir/MiniOzoneClusterImpl-54b774fa-8058-4f65-8e1c-0ac417d0d4c9/datanode-5/data/ratis/a57d9251-1952-46b1-96bb-ba2bfb068b4b
2022-12-02 13:56:20,942 [pool-186-thread-1] INFO  server.RaftServerConfigKeys (ConfUtils.java:logGet(46)) - raft.server.log.queue.byte-limit = 4294967296 (custom)
2022-12-02 13:56:20,942 [pool-186-thread-1] INFO  server.RaftServerConfigKeys (ConfUtils.java:logGet(46)) - raft.server.log.queue.element-limit = 1024 (custom)
2022-12-02 13:56:20,943 [pool-186-thread-1] INFO  server.RaftServerConfigKeys (ConfUtils.java:logGet(46)) - raft.server.log.segment.size.max = 1048576 (custom)
2022-12-02 13:56:20,943 [pool-186-thread-1] INFO  server.RaftServerConfigKeys (ConfUtils.java:logGet(46)) - raft.server.log.preallocated.size = 16384 (custom)
2022-12-02 13:56:20,943 [pool-186-thread-1] INFO  server.RaftServerConfigKeys (ConfUtils.java:logGet(46)) - raft.server.log.force.sync.num = 128 (default)
2022-12-02 13:56:20,943 [pool-186-thread-1] INFO  server.RaftServerConfigKeys (ConfUtils.java:logGet(46)) - raft.server.log.statemachine.data.sync = true (default)
2022-12-02 13:56:20,943 [pool-186-thread-1] INFO  server.RaftServerConfigKeys (ConfUtils.java:logGet(46)) - raft.server.log.statemachine.data.sync.timeout = 10s (default)
2022-12-02 13:56:20,943 [pool-186-thread-1] INFO  server.RaftServerConfigKeys (ConfUtils.java:logGet(46)) - raft.server.log.statemachine.data.sync.timeout.retry = -1 (default)
2022-12-02 13:56:20,943 [pool-186-thread-1] INFO  server.RaftServerConfigKeys (ConfUtils.java:logGet(46)) - raft.server.log.write.buffer.size = 1048576 (custom)
2022-12-02 13:56:20,945 [EventQueue-CommandQueueReportForCommandQueueReportHandler] WARN  events.EventQueue (EventQueue.java:fireEvent(216)) - No event handler registered for event TypedEvent{payloadType=DatanodeDetails, name='Datanode_Command_Queue_Updated'}
2022-12-02 13:56:20,945 [EventQueue-PipelineReportForPipelineReportHandler] INFO  pipeline.PipelineManagerImpl (PipelineManagerImpl.java:openPipeline(367)) - Pipeline Pipeline[ Id: a57d9251-1952-46b1-96bb-ba2bfb068b4b, Nodes: e9939b6b-a755-45ab-a1e0-5fd09d343461{ip: 10.1.0.163, host: fv-az246-718.py5defvocjqundwqxk0lumnltg.cx.internal.cloudapp.net, ports: [REPLICATION=33495, RATIS=38091, RATIS_ADMIN=38091, RATIS_SERVER=38091, STANDALONE=36077], networkLocation: /default-rack, certSerialId: null, persistedOpState: IN_SERVICE, persistedOpStateExpiryEpochSec: 0}, ReplicationConfig: RATIS/ONE, State:ALLOCATED, leaderId:e9939b6b-a755-45ab-a1e0-5fd09d343461, CreationTimestamp2022-12-02T13:56:17.931Z[Etc/UTC]] moved to OPEN state
2022-12-02 13:56:20,945 [EventQueue-OpenPipelineForHealthyPipelineSafeModeRule] INFO  safemode.SCMSafeModeManager (HealthyPipelineSafeModeRule.java:process(137)) - SCM in safe mode. Healthy pipelines reported count is 0, required healthy pipeline reported count is 1
2022-12-02 13:56:20,947 [pool-186-thread-1] INFO  server.RaftServerConfigKeys (ConfUtils.java:logGet(46)) - raft.server.log.appender.buffer.byte-limit = 33554432 (custom)
2022-12-02 13:56:20,953 [pool-186-thread-1] INFO  server.RaftServerConfigKeys (ConfUtils.java:logGet(46)) - raft.server.log.unsafe-flush.enabled = false (default)
2022-12-02 13:56:20,953 [pool-186-thread-1] INFO  server.RaftServerConfigKeys (ConfUtils.java:logGet(46)) - raft.server.log.async-flush.enabled = false (default)
2022-12-02 13:56:20,953 [pool-186-thread-1] INFO  server.RaftServerConfigKeys (ConfUtils.java:logGet(46)) - raft.server.log.statemachine.data.caching.enabled = true (custom)
2022-12-02 13:56:20,953 [pool-186-thread-1] INFO  segmented.SegmentedRaftLogWorker (SegmentedRaftLogWorker.java:lambda$new$0(135)) - e9939b6b-a755-45ab-a1e0-5fd09d343461@group-BA2BFB068B4B-SegmentedRaftLogWorker: flushIndex: setUnconditionally 0 -> -1
2022-12-02 13:56:20,953 [pool-186-thread-1] INFO  segmented.SegmentedRaftLogWorker (SegmentedRaftLogWorker.java:lambda$new$0(135)) - e9939b6b-a755-45ab-a1e0-5fd09d343461@group-BA2BFB068B4B-SegmentedRaftLogWorker: safeCacheEvictIndex: setUnconditionally 0 -> -1
2022-12-02 13:56:20,954 [pool-186-thread-1] INFO  server.RaftServer$Division (RaftServerImpl.java:start(334)) - e9939b6b-a755-45ab-a1e0-5fd09d343461@group-BA2BFB068B4B: start as a follower, conf=-1: peers:[e9939b6b-a755-45ab-a1e0-5fd09d343461|rpc:10.1.0.163:38091|priority:1|startupRole:FOLLOWER]|listeners:[], old=null
2022-12-02 13:56:20,954 [pool-186-thread-1] INFO  server.RaftServer$Division (RaftServerImpl.java:setRole(321)) - e9939b6b-a755-45ab-a1e0-5fd09d343461@group-BA2BFB068B4B: changes role from      null to FOLLOWER at term 0 for startAsFollower
2022-12-02 13:56:20,954 [pool-186-thread-1] INFO  impl.RoleInfo (RoleInfo.java:updateAndGet(139)) - e9939b6b-a755-45ab-a1e0-5fd09d343461: start e9939b6b-a755-45ab-a1e0-5fd09d343461@group-BA2BFB068B4B-FollowerState
2022-12-02 13:56:20,954 [pool-186-thread-1] INFO  util.JmxRegister (JmxRegister.java:tryRegister(44)) - Successfully registered JMX Bean with object name Ratis:service=RaftServer,group=group-BA2BFB068B4B,id=e9939b6b-a755-45ab-a1e0-5fd09d343461
2022-12-02 13:56:20,954 [pool-186-thread-1] INFO  server.RaftServerConfigKeys (ConfUtils.java:logGet(46)) - raft.server.snapshot.auto.trigger.enabled = true (custom)
2022-12-02 13:56:20,954 [pool-186-thread-1] INFO  server.RaftServerConfigKeys (ConfUtils.java:logGet(46)) - raft.server.snapshot.auto.trigger.threshold = 10000 (custom)
2022-12-02 13:56:20,954 [pool-186-thread-1] INFO  server.RaftServerConfigKeys (ConfUtils.java:logGet(46)) - raft.server.snapshot.retention.file.num = 5 (custom)
2022-12-02 13:56:20,954 [pool-186-thread-1] INFO  server.RaftServerConfigKeys (ConfUtils.java:logGet(46)) - raft.server.log.purge.upto.snapshot.index = false (default)
2022-12-02 13:56:20,955 [e9939b6b-a755-45ab-a1e0-5fd09d343461@group-BA2BFB068B4B-FollowerState] INFO  server.RaftServerConfigKeys (ConfUtils.java:logFallback(53)) - raft.server.rpc.first-election.timeout.min = 5s (fallback to raft.server.rpc.timeout.min)
2022-12-02 13:56:20,955 [e9939b6b-a755-45ab-a1e0-5fd09d343461@group-BA2BFB068B4B-FollowerState] INFO  server.RaftServerConfigKeys (ConfUtils.java:logFallback(53)) - raft.server.rpc.first-election.timeout.max = 5200ms (fallback to raft.server.rpc.timeout.max)
2022-12-02 13:56:20,955 [Command processor thread] INFO  ratis.XceiverServerRatis (XceiverServerRatis.java:addGroup(765)) - Created group PipelineID=a57d9251-1952-46b1-96bb-ba2bfb068b4b
2022-12-02 13:56:20,955 [Command processor thread] INFO  commandhandler.CreatePipelineCommandHandler (CreatePipelineCommandHandler.java:handle(113)) - Created Pipeline RATIS ONE PipelineID=a57d9251-1952-46b1-96bb-ba2bfb068b4b.
2022-12-02 13:56:21,056 [EventQueue-CommandQueueReportForCommandQueueReportHandler] WARN  events.EventQueue (EventQueue.java:fireEvent(216)) - No event handler registered for event TypedEvent{payloadType=DatanodeDetails, name='Datanode_Command_Queue_Updated'}
2022-12-02 13:56:21,152 [EventQueue-CommandQueueReportForCommandQueueReportHandler] WARN  events.EventQueue (EventQueue.java:fireEvent(216)) - No event handler registered for event TypedEvent{payloadType=DatanodeDetails, name='Datanode_Command_Queue_Updated'}
2022-12-02 13:56:21,279 [Command processor thread] INFO  server.RaftServer (RaftServerProxy.java:addNew(96)) - c2dd9a81-cece-4eb7-9c72-ec1f6b488133: addNew group-984FB5B10E6C:[c2dd9a81-cece-4eb7-9c72-ec1f6b488133|rpc:10.1.0.163:35989|priority:1|startupRole:FOLLOWER] returns group-984FB5B10E6C:java.util.concurrent.CompletableFuture@786b2fbc[Not completed]
2022-12-02 13:56:21,281 [pool-209-thread-1] INFO  server.RaftServer$Division (RaftServerImpl.java:<init>(195)) - c2dd9a81-cece-4eb7-9c72-ec1f6b488133: new RaftServerImpl for group-984FB5B10E6C:[c2dd9a81-cece-4eb7-9c72-ec1f6b488133|rpc:10.1.0.163:35989|priority:1|startupRole:FOLLOWER] with ContainerStateMachine:uninitialized
2022-12-02 13:56:21,281 [pool-209-thread-1] INFO  server.RaftServerConfigKeys (ConfUtils.java:logGet(46)) - raft.server.rpc.timeout.min = 5s (custom)
2022-12-02 13:56:21,281 [pool-209-thread-1] INFO  server.RaftServerConfigKeys (ConfUtils.java:logGet(46)) - raft.server.rpc.timeout.max = 5200ms (custom)
2022-12-02 13:56:21,281 [pool-209-thread-1] INFO  server.RaftServerConfigKeys (ConfUtils.java:logGet(46)) - raft.server.rpc.sleep.time = 25ms (default)
2022-12-02 13:56:21,282 [pool-209-thread-1] INFO  server.RaftServerConfigKeys (ConfUtils.java:logGet(46)) - raft.server.rpc.slowness.timeout = 300s (custom)
2022-12-02 13:56:21,282 [pool-209-thread-1] INFO  server.RaftServerConfigKeys (ConfUtils.java:logGet(46)) - raft.server.leaderelection.leader.step-down.wait-time = 10s (default)
2022-12-02 13:56:21,282 [pool-209-thread-1] INFO  server.RaftServerConfigKeys (ConfUtils.java:logGet(46)) - raft.server.sleep.deviation.threshold = 300ms (default)
2022-12-02 13:56:21,282 [pool-209-thread-1] INFO  server.RaftServer$Division (ServerState.java:<init>(118)) - c2dd9a81-cece-4eb7-9c72-ec1f6b488133@group-984FB5B10E6C: ConfigurationManager, init=-1: peers:[c2dd9a81-cece-4eb7-9c72-ec1f6b488133|rpc:10.1.0.163:35989|priority:1|startupRole:FOLLOWER]|listeners:[], old=null, confs=<EMPTY_MAP>
2022-12-02 13:56:21,282 [pool-209-thread-1] INFO  server.RaftServerConfigKeys (ConfUtils.java:logGet(46)) - raft.server.storage.dir = [/home/runner/work/ozone/ozone/hadoop-ozone/integration-test/target/test-dir/MiniOzoneClusterImpl-54b774fa-8058-4f65-8e1c-0ac417d0d4c9/datanode-6/data/ratis] (custom)
2022-12-02 13:56:21,282 [pool-209-thread-1] INFO  server.RaftServerConfigKeys (ConfUtils.java:logGet(46)) - raft.server.log.corruption.policy = EXCEPTION (default)
2022-12-02 13:56:21,282 [pool-209-thread-1] INFO  server.RaftServerConfigKeys (ConfUtils.java:logGet(46)) - raft.server.storage.free-space.min = 0MB (=0) (default)
2022-12-02 13:56:21,282 [pool-209-thread-1] INFO  server.RaftServerConfigKeys (ConfUtils.java:logGet(46)) - raft.server.notification.no-leader.timeout = 300s (custom)
2022-12-02 13:56:21,282 [pool-209-thread-1] INFO  server.RaftServerConfigKeys (ConfUtils.java:logGet(46)) - raft.server.retrycache.expirytime = 600000ms (custom)
2022-12-02 13:56:21,282 [pool-209-thread-1] INFO  server.RaftServerConfigKeys (ConfUtils.java:logGet(46)) - raft.server.retrycache.statistics.expirytime = 100μs (default)
2022-12-02 13:56:21,284 [pool-209-thread-1] INFO  server.RaftServerConfigKeys (ConfUtils.java:logGet(46)) - raft.server.log.appender.install.snapshot.enabled = false (custom)
2022-12-02 13:56:21,285 [pool-209-thread-1] INFO  server.RaftServerConfigKeys (ConfUtils.java:logGet(46)) - raft.server.threadpool.server.cached = true (default)
2022-12-02 13:56:21,285 [pool-209-thread-1] INFO  server.RaftServerConfigKeys (ConfUtils.java:logGet(46)) - raft.server.threadpool.server.size = 0 (default)
2022-12-02 13:56:21,285 [pool-209-thread-1] INFO  server.RaftServerConfigKeys (ConfUtils.java:logGet(46)) - raft.server.threadpool.client.cached = true (default)
2022-12-02 13:56:21,285 [pool-209-thread-1] INFO  server.RaftServerConfigKeys (ConfUtils.java:logGet(46)) - raft.server.threadpool.client.size = 0 (default)
2022-12-02 13:56:21,285 [pool-209-thread-1] INFO  storage.RaftStorageDirectory (RaftStorageDirectoryImpl.java:analyzeStorage(137)) - The storage directory /home/runner/work/ozone/ozone/hadoop-ozone/integration-test/target/test-dir/MiniOzoneClusterImpl-54b774fa-8058-4f65-8e1c-0ac417d0d4c9/datanode-6/data/ratis/d30e23a2-fa5d-4654-939a-984fb5b10e6c does not exist. Creating ...
2022-12-02 13:56:21,286 [pool-209-thread-1] INFO  storage.RaftStorageDirectory (RaftStorageDirectoryImpl.java:tryLock(231)) - Lock on /home/runner/work/ozone/ozone/hadoop-ozone/integration-test/target/test-dir/MiniOzoneClusterImpl-54b774fa-8058-4f65-8e1c-0ac417d0d4c9/datanode-6/data/ratis/d30e23a2-fa5d-4654-939a-984fb5b10e6c/in_use.lock acquired by nodename 13980@fv-az246-718
2022-12-02 13:56:21,288 [pool-209-thread-1] INFO  storage.RaftStorage (RaftStorageImpl.java:format(96)) - Storage directory /home/runner/work/ozone/ozone/hadoop-ozone/integration-test/target/test-dir/MiniOzoneClusterImpl-54b774fa-8058-4f65-8e1c-0ac417d0d4c9/datanode-6/data/ratis/d30e23a2-fa5d-4654-939a-984fb5b10e6c has been successfully formatted.
2022-12-02 13:56:21,291 [EventQueue-CommandQueueReportForCommandQueueReportHandler] WARN  events.EventQueue (EventQueue.java:fireEvent(216)) - No event handler registered for event TypedEvent{payloadType=DatanodeDetails, name='Datanode_Command_Queue_Updated'}
2022-12-02 13:56:21,291 [pool-209-thread-1] INFO  ratis.ContainerStateMachine (ContainerStateMachine.java:loadSnapshot(236)) - group-984FB5B10E6C: The snapshot info is null. Setting the last applied indexto:(t:0, i:~)
2022-12-02 13:56:21,291 [pool-209-thread-1] INFO  server.RaftServerConfigKeys (ConfUtils.java:logGet(46)) - raft.server.log.use.memory = false (default)
2022-12-02 13:56:21,291 [EventQueue-PipelineReportForPipelineReportHandler] INFO  pipeline.PipelineManagerImpl (PipelineManagerImpl.java:openPipeline(367)) - Pipeline Pipeline[ Id: d30e23a2-fa5d-4654-939a-984fb5b10e6c, Nodes: c2dd9a81-cece-4eb7-9c72-ec1f6b488133{ip: 10.1.0.163, host: fv-az246-718.py5defvocjqundwqxk0lumnltg.cx.internal.cloudapp.net, ports: [REPLICATION=34673, RATIS=35989, RATIS_ADMIN=35989, RATIS_SERVER=35989, STANDALONE=45989], networkLocation: /default-rack, certSerialId: null, persistedOpState: IN_SERVICE, persistedOpStateExpiryEpochSec: 0}, ReplicationConfig: RATIS/ONE, State:ALLOCATED, leaderId:c2dd9a81-cece-4eb7-9c72-ec1f6b488133, CreationTimestamp2022-12-02T13:56:18.284Z[Etc/UTC]] moved to OPEN state
2022-12-02 13:56:21,292 [pool-209-thread-1] INFO  server.RaftServerConfigKeys (ConfUtils.java:logGet(46)) - raft.server.log.purge.gap = 1000000 (custom)
2022-12-02 13:56:21,293 [pool-209-thread-1] INFO  server.RaftServerConfigKeys (ConfUtils.java:logGet(46)) - raft.server.log.appender.buffer.byte-limit = 33554432 (custom)
2022-12-02 13:56:21,293 [pool-209-thread-1] INFO  server.RaftServerConfigKeys (ConfUtils.java:logGet(46)) - raft.server.log.statemachine.data.read.timeout = 1000ms (default)
2022-12-02 13:56:21,293 [pool-209-thread-1] INFO  server.RaftServerConfigKeys (ConfUtils.java:logGet(46)) - raft.server.log.purge.preservation.log.num = 0 (default)
2022-12-02 13:56:21,293 [pool-209-thread-1] INFO  server.RaftServerConfigKeys (ConfUtils.java:logGet(46)) - raft.server.log.segment.size.max = 1048576 (custom)
2022-12-02 13:56:21,293 [EventQueue-OpenPipelineForHealthyPipelineSafeModeRule] INFO  safemode.SCMSafeModeManager (HealthyPipelineSafeModeRule.java:process(137)) - SCM in safe mode. Healthy pipelines reported count is 0, required healthy pipeline reported count is 1
2022-12-02 13:56:21,294 [pool-209-thread-1] INFO  server.RaftServerConfigKeys (ConfUtils.java:logGet(46)) - raft.server.log.segment.cache.num.max = 2 (custom)
2022-12-02 13:56:21,294 [pool-209-thread-1] INFO  server.RaftServerConfigKeys (ConfUtils.java:logGet(46)) - raft.server.log.segment.cache.size.max = 200MB (=209715200) (default)
2022-12-02 13:56:21,294 [pool-209-thread-1] INFO  segmented.SegmentedRaftLogWorker (SegmentedRaftLogWorker.java:<init>(189)) - new c2dd9a81-cece-4eb7-9c72-ec1f6b488133@group-984FB5B10E6C-SegmentedRaftLogWorker for RaftStorageImpl:Storage Directory /home/runner/work/ozone/ozone/hadoop-ozone/integration-test/target/test-dir/MiniOzoneClusterImpl-54b774fa-8058-4f65-8e1c-0ac417d0d4c9/datanode-6/data/ratis/d30e23a2-fa5d-4654-939a-984fb5b10e6c
2022-12-02 13:56:21,294 [pool-209-thread-1] INFO  server.RaftServerConfigKeys (ConfUtils.java:logGet(46)) - raft.server.log.queue.byte-limit = 4294967296 (custom)
2022-12-02 13:56:21,294 [pool-209-thread-1] INFO  server.RaftServerConfigKeys (ConfUtils.java:logGet(46)) - raft.server.log.queue.element-limit = 1024 (custom)
2022-12-02 13:56:21,294 [pool-209-thread-1] INFO  server.RaftServerConfigKeys (ConfUtils.java:logGet(46)) - raft.server.log.segment.size.max = 1048576 (custom)
2022-12-02 13:56:21,294 [pool-209-thread-1] INFO  server.RaftServerConfigKeys (ConfUtils.java:logGet(46)) - raft.server.log.preallocated.size = 16384 (custom)
2022-12-02 13:56:21,294 [pool-209-thread-1] INFO  server.RaftServerConfigKeys (ConfUtils.java:logGet(46)) - raft.server.log.force.sync.num = 128 (default)
2022-12-02 13:56:21,294 [pool-209-thread-1] INFO  server.RaftServerConfigKeys (ConfUtils.java:logGet(46)) - raft.server.log.statemachine.data.sync = true (default)
2022-12-02 13:56:21,294 [pool-209-thread-1] INFO  server.RaftServerConfigKeys (ConfUtils.java:logGet(46)) - raft.server.log.statemachine.data.sync.timeout = 10s (default)
2022-12-02 13:56:21,294 [pool-209-thread-1] INFO  server.RaftServerConfigKeys (ConfUtils.java:logGet(46)) - raft.server.log.statemachine.data.sync.timeout.retry = -1 (default)
2022-12-02 13:56:21,296 [pool-209-thread-1] INFO  server.RaftServerConfigKeys (ConfUtils.java:logGet(46)) - raft.server.log.write.buffer.size = 1048576 (custom)
2022-12-02 13:56:21,297 [pool-209-thread-1] INFO  server.RaftServerConfigKeys (ConfUtils.java:logGet(46)) - raft.server.log.appender.buffer.byte-limit = 33554432 (custom)
2022-12-02 13:56:21,302 [pool-209-thread-1] INFO  server.RaftServerConfigKeys (ConfUtils.java:logGet(46)) - raft.server.log.unsafe-flush.enabled = false (default)
2022-12-02 13:56:21,302 [pool-209-thread-1] INFO  server.RaftServerConfigKeys (ConfUtils.java:logGet(46)) - raft.server.log.async-flush.enabled = false (default)
2022-12-02 13:56:21,302 [pool-209-thread-1] INFO  server.RaftServerConfigKeys (ConfUtils.java:logGet(46)) - raft.server.log.statemachine.data.caching.enabled = true (custom)
2022-12-02 13:56:21,302 [pool-209-thread-1] INFO  segmented.SegmentedRaftLogWorker (SegmentedRaftLogWorker.java:lambda$new$0(135)) - c2dd9a81-cece-4eb7-9c72-ec1f6b488133@group-984FB5B10E6C-SegmentedRaftLogWorker: flushIndex: setUnconditionally 0 -> -1
2022-12-02 13:56:21,302 [pool-209-thread-1] INFO  segmented.SegmentedRaftLogWorker (SegmentedRaftLogWorker.java:lambda$new$0(135)) - c2dd9a81-cece-4eb7-9c72-ec1f6b488133@group-984FB5B10E6C-SegmentedRaftLogWorker: safeCacheEvictIndex: setUnconditionally 0 -> -1
2022-12-02 13:56:21,302 [pool-209-thread-1] INFO  server.RaftServer$Division (RaftServerImpl.java:start(334)) - c2dd9a81-cece-4eb7-9c72-ec1f6b488133@group-984FB5B10E6C: start as a follower, conf=-1: peers:[c2dd9a81-cece-4eb7-9c72-ec1f6b488133|rpc:10.1.0.163:35989|priority:1|startupRole:FOLLOWER]|listeners:[], old=null
2022-12-02 13:56:21,302 [pool-209-thread-1] INFO  server.RaftServer$Division (RaftServerImpl.java:setRole(321)) - c2dd9a81-cece-4eb7-9c72-ec1f6b488133@group-984FB5B10E6C: changes role from      null to FOLLOWER at term 0 for startAsFollower
2022-12-02 13:56:21,302 [pool-209-thread-1] INFO  impl.RoleInfo (RoleInfo.java:updateAndGet(139)) - c2dd9a81-cece-4eb7-9c72-ec1f6b488133: start c2dd9a81-cece-4eb7-9c72-ec1f6b488133@group-984FB5B10E6C-FollowerState
2022-12-02 13:56:21,309 [pool-209-thread-1] INFO  util.JmxRegister (JmxRegister.java:tryRegister(44)) - Successfully registered JMX Bean with object name Ratis:service=RaftServer,group=group-984FB5B10E6C,id=c2dd9a81-cece-4eb7-9c72-ec1f6b488133
2022-12-02 13:56:21,309 [pool-209-thread-1] INFO  server.RaftServerConfigKeys (ConfUtils.java:logGet(46)) - raft.server.snapshot.auto.trigger.enabled = true (custom)
2022-12-02 13:56:21,309 [pool-209-thread-1] INFO  server.RaftServerConfigKeys (ConfUtils.java:logGet(46)) - raft.server.snapshot.auto.trigger.threshold = 10000 (custom)
2022-12-02 13:56:21,309 [pool-209-thread-1] INFO  server.RaftServerConfigKeys (ConfUtils.java:logGet(46)) - raft.server.snapshot.retention.file.num = 5 (custom)
2022-12-02 13:56:21,309 [pool-209-thread-1] INFO  server.RaftServerConfigKeys (ConfUtils.java:logGet(46)) - raft.server.log.purge.upto.snapshot.index = false (default)
2022-12-02 13:56:21,309 [c2dd9a81-cece-4eb7-9c72-ec1f6b488133@group-984FB5B10E6C-FollowerState] INFO  server.RaftServerConfigKeys (ConfUtils.java:logFallback(53)) - raft.server.rpc.first-election.timeout.min = 5s (fallback to raft.server.rpc.timeout.min)
2022-12-02 13:56:21,309 [c2dd9a81-cece-4eb7-9c72-ec1f6b488133@group-984FB5B10E6C-FollowerState] INFO  server.RaftServerConfigKeys (ConfUtils.java:logFallback(53)) - raft.server.rpc.first-election.timeout.max = 5200ms (fallback to raft.server.rpc.timeout.max)
2022-12-02 13:56:21,311 [Command processor thread] INFO  ratis.XceiverServerRatis (XceiverServerRatis.java:addGroup(765)) - Created group PipelineID=d30e23a2-fa5d-4654-939a-984fb5b10e6c
2022-12-02 13:56:21,311 [Command processor thread] INFO  commandhandler.CreatePipelineCommandHandler (CreatePipelineCommandHandler.java:handle(113)) - Created Pipeline RATIS ONE PipelineID=d30e23a2-fa5d-4654-939a-984fb5b10e6c.
2022-12-02 13:56:21,444 [Listener at 127.0.0.1/44033] INFO  ozone.MiniOzoneClusterImpl (MiniOzoneClusterImpl.java:lambda$waitForClusterToBeReady$0(216)) - Nodes are ready. Got 7 of 7 DN Heartbeats.
2022-12-02 13:56:21,444 [Listener at 127.0.0.1/44033] INFO  ozone.MiniOzoneClusterImpl (MiniOzoneClusterImpl.java:lambda$waitForClusterToBeReady$0(219)) - Waiting for cluster to exit safe mode
2022-12-02 13:56:21,444 [Listener at 127.0.0.1/44033] INFO  ozone.MiniOzoneClusterImpl (MiniOzoneClusterImpl.java:lambda$waitForClusterToBeReady$0(221)) - SCM became leader
2022-12-02 13:56:21,541 [EventQueue-CommandQueueReportForCommandQueueReportHandler] WARN  events.EventQueue (EventQueue.java:fireEvent(216)) - No event handler registered for event TypedEvent{payloadType=DatanodeDetails, name='Datanode_Command_Queue_Updated'}
2022-12-02 13:56:21,769 [EventQueue-CommandQueueReportForCommandQueueReportHandler] WARN  events.EventQueue (EventQueue.java:fireEvent(216)) - No event handler registered for event TypedEvent{payloadType=DatanodeDetails, name='Datanode_Command_Queue_Updated'}
2022-12-02 13:56:21,848 [EventQueue-CommandQueueReportForCommandQueueReportHandler] WARN  events.EventQueue (EventQueue.java:fireEvent(216)) - No event handler registered for event TypedEvent{payloadType=DatanodeDetails, name='Datanode_Command_Queue_Updated'}
2022-12-02 13:56:21,942 [EventQueue-CommandQueueReportForCommandQueueReportHandler] WARN  events.EventQueue (EventQueue.java:fireEvent(216)) - No event handler registered for event TypedEvent{payloadType=DatanodeDetails, name='Datanode_Command_Queue_Updated'}
2022-12-02 13:56:22,056 [EventQueue-CommandQueueReportForCommandQueueReportHandler] WARN  events.EventQueue (EventQueue.java:fireEvent(216)) - No event handler registered for event TypedEvent{payloadType=DatanodeDetails, name='Datanode_Command_Queue_Updated'}
2022-12-02 13:56:22,153 [EventQueue-CommandQueueReportForCommandQueueReportHandler] WARN  events.EventQueue (EventQueue.java:fireEvent(216)) - No event handler registered for event TypedEvent{payloadType=DatanodeDetails, name='Datanode_Command_Queue_Updated'}
2022-12-02 13:56:22,292 [EventQueue-CommandQueueReportForCommandQueueReportHandler] WARN  events.EventQueue (EventQueue.java:fireEvent(216)) - No event handler registered for event TypedEvent{payloadType=DatanodeDetails, name='Datanode_Command_Queue_Updated'}
2022-12-02 13:56:22,444 [Listener at 127.0.0.1/44033] INFO  ozone.MiniOzoneClusterImpl (MiniOzoneClusterImpl.java:lambda$waitForClusterToBeReady$0(216)) - Nodes are ready. Got 7 of 7 DN Heartbeats.
2022-12-02 13:56:22,444 [Listener at 127.0.0.1/44033] INFO  ozone.MiniOzoneClusterImpl (MiniOzoneClusterImpl.java:lambda$waitForClusterToBeReady$0(219)) - Waiting for cluster to exit safe mode
2022-12-02 13:56:22,445 [Listener at 127.0.0.1/44033] INFO  ozone.MiniOzoneClusterImpl (MiniOzoneClusterImpl.java:lambda$waitForClusterToBeReady$0(221)) - SCM became leader
2022-12-02 13:56:22,542 [EventQueue-CommandQueueReportForCommandQueueReportHandler] WARN  events.EventQueue (EventQueue.java:fireEvent(216)) - No event handler registered for event TypedEvent{payloadType=DatanodeDetails, name='Datanode_Command_Queue_Updated'}
2022-12-02 13:56:22,768 [EventQueue-CommandQueueReportForCommandQueueReportHandler] WARN  events.EventQueue (EventQueue.java:fireEvent(216)) - No event handler registered for event TypedEvent{payloadType=DatanodeDetails, name='Datanode_Command_Queue_Updated'}
2022-12-02 13:56:22,849 [EventQueue-CommandQueueReportForCommandQueueReportHandler] WARN  events.EventQueue (EventQueue.java:fireEvent(216)) - No event handler registered for event TypedEvent{payloadType=DatanodeDetails, name='Datanode_Command_Queue_Updated'}
2022-12-02 13:56:22,942 [EventQueue-CommandQueueReportForCommandQueueReportHandler] WARN  events.EventQueue (EventQueue.java:fireEvent(216)) - No event handler registered for event TypedEvent{payloadType=DatanodeDetails, name='Datanode_Command_Queue_Updated'}
2022-12-02 13:56:23,056 [EventQueue-CommandQueueReportForCommandQueueReportHandler] WARN  events.EventQueue (EventQueue.java:fireEvent(216)) - No event handler registered for event TypedEvent{payloadType=DatanodeDetails, name='Datanode_Command_Queue_Updated'}
2022-12-02 13:56:23,152 [EventQueue-CommandQueueReportForCommandQueueReportHandler] WARN  events.EventQueue (EventQueue.java:fireEvent(216)) - No event handler registered for event TypedEvent{payloadType=DatanodeDetails, name='Datanode_Command_Queue_Updated'}
2022-12-02 13:56:23,291 [EventQueue-CommandQueueReportForCommandQueueReportHandler] WARN  events.EventQueue (EventQueue.java:fireEvent(216)) - No event handler registered for event TypedEvent{payloadType=DatanodeDetails, name='Datanode_Command_Queue_Updated'}
2022-12-02 13:56:23,445 [Listener at 127.0.0.1/44033] INFO  ozone.MiniOzoneClusterImpl (MiniOzoneClusterImpl.java:lambda$waitForClusterToBeReady$0(216)) - Nodes are ready. Got 7 of 7 DN Heartbeats.
2022-12-02 13:56:23,445 [Listener at 127.0.0.1/44033] INFO  ozone.MiniOzoneClusterImpl (MiniOzoneClusterImpl.java:lambda$waitForClusterToBeReady$0(219)) - Waiting for cluster to exit safe mode
2022-12-02 13:56:23,445 [Listener at 127.0.0.1/44033] INFO  ozone.MiniOzoneClusterImpl (MiniOzoneClusterImpl.java:lambda$waitForClusterToBeReady$0(221)) - SCM became leader
2022-12-02 13:56:23,544 [EventQueue-CommandQueueReportForCommandQueueReportHandler] WARN  events.EventQueue (EventQueue.java:fireEvent(216)) - No event handler registered for event TypedEvent{payloadType=DatanodeDetails, name='Datanode_Command_Queue_Updated'}
2022-12-02 13:56:23,769 [EventQueue-CommandQueueReportForCommandQueueReportHandler] WARN  events.EventQueue (EventQueue.java:fireEvent(216)) - No event handler registered for event TypedEvent{payloadType=DatanodeDetails, name='Datanode_Command_Queue_Updated'}
2022-12-02 13:56:23,849 [EventQueue-CommandQueueReportForCommandQueueReportHandler] WARN  events.EventQueue (EventQueue.java:fireEvent(216)) - No event handler registered for event TypedEvent{payloadType=DatanodeDetails, name='Datanode_Command_Queue_Updated'}
2022-12-02 13:56:23,942 [EventQueue-CommandQueueReportForCommandQueueReportHandler] WARN  events.EventQueue (EventQueue.java:fireEvent(216)) - No event handler registered for event TypedEvent{payloadType=DatanodeDetails, name='Datanode_Command_Queue_Updated'}
2022-12-02 13:56:24,056 [EventQueue-CommandQueueReportForCommandQueueReportHandler] WARN  events.EventQueue (EventQueue.java:fireEvent(216)) - No event handler registered for event TypedEvent{payloadType=DatanodeDetails, name='Datanode_Command_Queue_Updated'}
2022-12-02 13:56:24,158 [EventQueue-CommandQueueReportForCommandQueueReportHandler] WARN  events.EventQueue (EventQueue.java:fireEvent(216)) - No event handler registered for event TypedEvent{payloadType=DatanodeDetails, name='Datanode_Command_Queue_Updated'}
2022-12-02 13:56:24,291 [EventQueue-CommandQueueReportForCommandQueueReportHandler] WARN  events.EventQueue (EventQueue.java:fireEvent(216)) - No event handler registered for event TypedEvent{payloadType=DatanodeDetails, name='Datanode_Command_Queue_Updated'}
2022-12-02 13:56:24,360 [17c617e6-bef8-4aa5-a634-0bfba4eec40d@group-3BDDC2984768-FollowerState] INFO  impl.FollowerState (FollowerState.java:run(143)) - 17c617e6-bef8-4aa5-a634-0bfba4eec40d@group-3BDDC2984768-FollowerState: change to CANDIDATE, lastRpcElapsedTime:5041021133ns, electionTimeout:5040ms
2022-12-02 13:56:24,360 [17c617e6-bef8-4aa5-a634-0bfba4eec40d@group-3BDDC2984768-FollowerState] INFO  impl.RoleInfo (RoleInfo.java:shutdownFollowerState(110)) - 17c617e6-bef8-4aa5-a634-0bfba4eec40d: shutdown 17c617e6-bef8-4aa5-a634-0bfba4eec40d@group-3BDDC2984768-FollowerState
2022-12-02 13:56:24,360 [17c617e6-bef8-4aa5-a634-0bfba4eec40d@group-3BDDC2984768-FollowerState] INFO  server.RaftServer$Division (RaftServerImpl.java:setRole(321)) - 17c617e6-bef8-4aa5-a634-0bfba4eec40d@group-3BDDC2984768: changes role from  FOLLOWER to CANDIDATE at term 0 for changeToCandidate
2022-12-02 13:56:24,361 [17c617e6-bef8-4aa5-a634-0bfba4eec40d@group-3BDDC2984768-FollowerState] INFO  server.RaftServerConfigKeys (ConfUtils.java:logGet(46)) - raft.server.leaderelection.pre-vote = false (custom)
2022-12-02 13:56:24,361 [17c617e6-bef8-4aa5-a634-0bfba4eec40d@group-3BDDC2984768-FollowerState] INFO  impl.RoleInfo (RoleInfo.java:updateAndGet(139)) - 17c617e6-bef8-4aa5-a634-0bfba4eec40d: start 17c617e6-bef8-4aa5-a634-0bfba4eec40d@group-3BDDC2984768-LeaderElection2
2022-12-02 13:56:24,369 [17c617e6-bef8-4aa5-a634-0bfba4eec40d@group-3BDDC2984768-LeaderElection2] INFO  impl.LeaderElection (LeaderElection.java:askForVotes(312)) - 17c617e6-bef8-4aa5-a634-0bfba4eec40d@group-3BDDC2984768-LeaderElection2 ELECTION round 0: submit vote requests at term 1 for -1: peers:[17c617e6-bef8-4aa5-a634-0bfba4eec40d|rpc:10.1.0.163:34401|priority:1|startupRole:FOLLOWER]|listeners:[], old=null
2022-12-02 13:56:24,369 [17c617e6-bef8-4aa5-a634-0bfba4eec40d@group-3BDDC2984768-LeaderElection2] INFO  impl.LeaderElection (LeaderElection.java:askForVotes(314)) - 17c617e6-bef8-4aa5-a634-0bfba4eec40d@group-3BDDC2984768-LeaderElection2 ELECTION round 0: result PASSED (term=1)
2022-12-02 13:56:24,369 [17c617e6-bef8-4aa5-a634-0bfba4eec40d@group-3BDDC2984768-LeaderElection2] INFO  impl.RoleInfo (RoleInfo.java:shutdownLeaderElection(130)) - 17c617e6-bef8-4aa5-a634-0bfba4eec40d: shutdown 17c617e6-bef8-4aa5-a634-0bfba4eec40d@group-3BDDC2984768-LeaderElection2
2022-12-02 13:56:24,369 [17c617e6-bef8-4aa5-a634-0bfba4eec40d@group-3BDDC2984768-LeaderElection2] INFO  server.RaftServer$Division (RaftServerImpl.java:setRole(321)) - 17c617e6-bef8-4aa5-a634-0bfba4eec40d@group-3BDDC2984768: changes role from CANDIDATE to LEADER at term 1 for changeToLeader
2022-12-02 13:56:24,369 [17c617e6-bef8-4aa5-a634-0bfba4eec40d@group-3BDDC2984768-LeaderElection2] INFO  ratis.XceiverServerRatis (XceiverServerRatis.java:handleLeaderChangedNotification(863)) - Leader change notification received for group: group-3BDDC2984768 with new leaderId: 17c617e6-bef8-4aa5-a634-0bfba4eec40d
2022-12-02 13:56:24,371 [EventQueue-CommandQueueReportForCommandQueueReportHandler] WARN  events.EventQueue (EventQueue.java:fireEvent(216)) - No event handler registered for event TypedEvent{payloadType=DatanodeDetails, name='Datanode_Command_Queue_Updated'}
2022-12-02 13:56:24,371 [EventQueue-OpenPipelineForHealthyPipelineSafeModeRule] INFO  safemode.SCMSafeModeManager (HealthyPipelineSafeModeRule.java:process(137)) - SCM in safe mode. Healthy pipelines reported count is 0, required healthy pipeline reported count is 1
2022-12-02 13:56:24,372 [17c617e6-bef8-4aa5-a634-0bfba4eec40d@group-3BDDC2984768-LeaderElection2] INFO  server.RaftServer$Division (ServerState.java:setLeader(313)) - 17c617e6-bef8-4aa5-a634-0bfba4eec40d@group-3BDDC2984768: change Leader from null to 17c617e6-bef8-4aa5-a634-0bfba4eec40d at term 1 for becomeLeader, leader elected after 5143ms
2022-12-02 13:56:24,372 [17c617e6-bef8-4aa5-a634-0bfba4eec40d@group-3BDDC2984768-LeaderElection2] INFO  server.RaftServerConfigKeys (ConfUtils.java:logGet(46)) - raft.server.staging.catchup.gap = 1000 (default)
2022-12-02 13:56:24,372 [17c617e6-bef8-4aa5-a634-0bfba4eec40d@group-3BDDC2984768-LeaderElection2] INFO  server.RaftServerConfigKeys (ConfUtils.java:logGet(46)) - raft.server.write.element-limit = 1024 (custom)
2022-12-02 13:56:24,372 [17c617e6-bef8-4aa5-a634-0bfba4eec40d@group-3BDDC2984768-LeaderElection2] INFO  server.RaftServerConfigKeys (ConfUtils.java:logGet(46)) - raft.server.write.byte-limit = 1024 M (=1073741824) (custom)
2022-12-02 13:56:24,372 [17c617e6-bef8-4aa5-a634-0bfba4eec40d@group-3BDDC2984768-LeaderElection2] INFO  server.RaftServerConfigKeys (ConfUtils.java:logGet(46)) - raft.server.watch.timeout = 180s (custom)
2022-12-02 13:56:24,372 [17c617e6-bef8-4aa5-a634-0bfba4eec40d@group-3BDDC2984768-LeaderElection2] INFO  server.RaftServerConfigKeys (ConfUtils.java:logGet(46)) - raft.server.watch.timeout.denomination = 1s (default)
2022-12-02 13:56:24,372 [17c617e6-bef8-4aa5-a634-0bfba4eec40d@group-3BDDC2984768-LeaderElection2] INFO  server.RaftServerConfigKeys (ConfUtils.java:logGet(46)) - raft.server.watch.element-limit = 65536 (default)
2022-12-02 13:56:24,373 [17c617e6-bef8-4aa5-a634-0bfba4eec40d@group-3BDDC2984768-LeaderElection2] INFO  server.RaftServerConfigKeys (ConfUtils.java:logGet(46)) - raft.server.write.element-limit = 1024 (custom)
2022-12-02 13:56:24,373 [17c617e6-bef8-4aa5-a634-0bfba4eec40d@group-3BDDC2984768-LeaderElection2] INFO  server.RaftServerConfigKeys (ConfUtils.java:logGet(46)) - raft.server.write.follower.gap.ratio.max = -1.0 (default)
2022-12-02 13:56:24,373 [17c617e6-bef8-4aa5-a634-0bfba4eec40d@group-3BDDC2984768-LeaderElection2] INFO  impl.RoleInfo (RoleInfo.java:updateAndGet(139)) - 17c617e6-bef8-4aa5-a634-0bfba4eec40d: start 17c617e6-bef8-4aa5-a634-0bfba4eec40d@group-3BDDC2984768-LeaderStateImpl
2022-12-02 13:56:24,373 [17c617e6-bef8-4aa5-a634-0bfba4eec40d@group-3BDDC2984768-LeaderElection2] INFO  segmented.SegmentedRaftLogWorker (SegmentedRaftLogWorker.java:startLogSegment(452)) - 17c617e6-bef8-4aa5-a634-0bfba4eec40d@group-3BDDC2984768-SegmentedRaftLogWorker: Starting segment from index:0
2022-12-02 13:56:24,374 [17c617e6-bef8-4aa5-a634-0bfba4eec40d@group-3BDDC2984768-SegmentedRaftLogWorker] INFO  segmented.SegmentedRaftLogWorker (SegmentedRaftLogWorker.java:execute(656)) - 17c617e6-bef8-4aa5-a634-0bfba4eec40d@group-3BDDC2984768-SegmentedRaftLogWorker: created new log segment /home/runner/work/ozone/ozone/hadoop-ozone/integration-test/target/test-dir/MiniOzoneClusterImpl-54b774fa-8058-4f65-8e1c-0ac417d0d4c9/datanode-0/data/ratis/8d4e1eeb-4842-4ce6-8fa2-3bddc2984768/current/log_inprogress_0
2022-12-02 13:56:24,381 [17c617e6-bef8-4aa5-a634-0bfba4eec40d@group-3BDDC2984768-LeaderElection2] INFO  server.RaftServer$Division (ServerState.java:setRaftConf(430)) - 17c617e6-bef8-4aa5-a634-0bfba4eec40d@group-3BDDC2984768: set configuration 0: peers:[17c617e6-bef8-4aa5-a634-0bfba4eec40d|rpc:10.1.0.163:34401|dataStream:|priority:1|startupRole:FOLLOWER]|listeners:[], old=null
2022-12-02 13:56:24,399 [17c617e6-bef8-4aa5-a634-0bfba4eec40d@group-314ABE34CCFC-FollowerState] INFO  impl.FollowerState (FollowerState.java:run(143)) - 17c617e6-bef8-4aa5-a634-0bfba4eec40d@group-314ABE34CCFC-FollowerState: change to CANDIDATE, lastRpcElapsedTime:5040340751ns, electionTimeout:5039ms
2022-12-02 13:56:24,400 [17c617e6-bef8-4aa5-a634-0bfba4eec40d@group-314ABE34CCFC-FollowerState] INFO  impl.RoleInfo (RoleInfo.java:shutdownFollowerState(110)) - 17c617e6-bef8-4aa5-a634-0bfba4eec40d: shutdown 17c617e6-bef8-4aa5-a634-0bfba4eec40d@group-314ABE34CCFC-FollowerState
2022-12-02 13:56:24,400 [17c617e6-bef8-4aa5-a634-0bfba4eec40d@group-314ABE34CCFC-FollowerState] INFO  server.RaftServer$Division (RaftServerImpl.java:setRole(321)) - 17c617e6-bef8-4aa5-a634-0bfba4eec40d@group-314ABE34CCFC: changes role from  FOLLOWER to CANDIDATE at term 0 for changeToCandidate
2022-12-02 13:56:24,401 [17c617e6-bef8-4aa5-a634-0bfba4eec40d@group-314ABE34CCFC-FollowerState] INFO  server.RaftServerConfigKeys (ConfUtils.java:logGet(46)) - raft.server.leaderelection.pre-vote = false (custom)
2022-12-02 13:56:24,401 [17c617e6-bef8-4aa5-a634-0bfba4eec40d@group-314ABE34CCFC-FollowerState] INFO  impl.RoleInfo (RoleInfo.java:updateAndGet(139)) - 17c617e6-bef8-4aa5-a634-0bfba4eec40d: start 17c617e6-bef8-4aa5-a634-0bfba4eec40d@group-314ABE34CCFC-LeaderElection3
2022-12-02 13:56:24,404 [17c617e6-bef8-4aa5-a634-0bfba4eec40d@group-314ABE34CCFC-LeaderElection3] INFO  impl.LeaderElection (LeaderElection.java:askForVotes(312)) - 17c617e6-bef8-4aa5-a634-0bfba4eec40d@group-314ABE34CCFC-LeaderElection3 ELECTION round 0: submit vote requests at term 1 for -1: peers:[8e7f0208-8622-43f9-a3a0-bde69c0a79ed|rpc:10.1.0.163:35087|priority:0|startupRole:FOLLOWER, 17c617e6-bef8-4aa5-a634-0bfba4eec40d|rpc:10.1.0.163:34401|priority:1|startupRole:FOLLOWER, b27e6838-cee8-48c3-93ac-b45d2206de0f|rpc:10.1.0.163:37205|priority:0|startupRole:FOLLOWER]|listeners:[], old=null
2022-12-02 13:56:24,411 [17c617e6-bef8-4aa5-a634-0bfba4eec40d@group-314ABE34CCFC-LeaderElection3] INFO  server.RaftServerConfigKeys (ConfUtils.java:logFallback(53)) - raft.server.rpc.first-election.timeout.min = 5s (fallback to raft.server.rpc.timeout.min)
2022-12-02 13:56:24,411 [17c617e6-bef8-4aa5-a634-0bfba4eec40d@group-314ABE34CCFC-LeaderElection3] INFO  server.RaftServerConfigKeys (ConfUtils.java:logFallback(53)) - raft.server.rpc.first-election.timeout.max = 5200ms (fallback to raft.server.rpc.timeout.max)
2022-12-02 13:56:24,411 [17c617e6-bef8-4aa5-a634-0bfba4eec40d@group-314ABE34CCFC-LeaderElection3-1] INFO  server.GrpcServerProtocolClient (GrpcServerProtocolClient.java:<init>(63)) - Build channel for 8e7f0208-8622-43f9-a3a0-bde69c0a79ed
2022-12-02 13:56:24,414 [17c617e6-bef8-4aa5-a634-0bfba4eec40d@group-314ABE34CCFC-LeaderElection3-2] INFO  server.GrpcServerProtocolClient (GrpcServerProtocolClient.java:<init>(63)) - Build channel for b27e6838-cee8-48c3-93ac-b45d2206de0f
2022-12-02 13:56:24,442 [grpc-default-executor-2] INFO  server.RaftServer$Division (RaftServerImpl.java:requestVote(1218)) - b27e6838-cee8-48c3-93ac-b45d2206de0f@group-314ABE34CCFC: receive requestVote(ELECTION, 17c617e6-bef8-4aa5-a634-0bfba4eec40d, group-314ABE34CCFC, 1, (t:0, i:0))
2022-12-02 13:56:24,444 [grpc-default-executor-0] INFO  server.RaftServer$Division (RaftServerImpl.java:requestVote(1218)) - 8e7f0208-8622-43f9-a3a0-bde69c0a79ed@group-314ABE34CCFC: receive requestVote(ELECTION, 17c617e6-bef8-4aa5-a634-0bfba4eec40d, group-314ABE34CCFC, 1, (t:0, i:0))
2022-12-02 13:56:24,446 [Listener at 127.0.0.1/44033] INFO  ozone.MiniOzoneClusterImpl (MiniOzoneClusterImpl.java:lambda$waitForClusterToBeReady$0(216)) - Nodes are ready. Got 7 of 7 DN Heartbeats.
2022-12-02 13:56:24,446 [Listener at 127.0.0.1/44033] INFO  ozone.MiniOzoneClusterImpl (MiniOzoneClusterImpl.java:lambda$waitForClusterToBeReady$0(219)) - Waiting for cluster to exit safe mode
2022-12-02 13:56:24,446 [Listener at 127.0.0.1/44033] INFO  ozone.MiniOzoneClusterImpl (MiniOzoneClusterImpl.java:lambda$waitForClusterToBeReady$0(221)) - SCM became leader
2022-12-02 13:56:24,447 [grpc-default-executor-0] INFO  impl.VoteContext (VoteContext.java:log(49)) - 8e7f0208-8622-43f9-a3a0-bde69c0a79ed@group-314ABE34CCFC-FOLLOWER: accept ELECTION from 17c617e6-bef8-4aa5-a634-0bfba4eec40d: our priority 0 <= candidate's priority 1
2022-12-02 13:56:24,448 [grpc-default-executor-0] INFO  server.RaftServer$Division (RaftServerImpl.java:setRole(321)) - 8e7f0208-8622-43f9-a3a0-bde69c0a79ed@group-314ABE34CCFC: changes role from  FOLLOWER to FOLLOWER at term 1 for candidate:17c617e6-bef8-4aa5-a634-0bfba4eec40d
2022-12-02 13:56:24,448 [grpc-default-executor-0] INFO  impl.RoleInfo (RoleInfo.java:shutdownFollowerState(110)) - 8e7f0208-8622-43f9-a3a0-bde69c0a79ed: shutdown 8e7f0208-8622-43f9-a3a0-bde69c0a79ed@group-314ABE34CCFC-FollowerState
2022-12-02 13:56:24,447 [grpc-default-executor-2] INFO  impl.VoteContext (VoteContext.java:log(49)) - b27e6838-cee8-48c3-93ac-b45d2206de0f@group-314ABE34CCFC-FOLLOWER: accept ELECTION from 17c617e6-bef8-4aa5-a634-0bfba4eec40d: our priority 0 <= candidate's priority 1
2022-12-02 13:56:24,449 [grpc-default-executor-2] INFO  server.RaftServer$Division (RaftServerImpl.java:setRole(321)) - b27e6838-cee8-48c3-93ac-b45d2206de0f@group-314ABE34CCFC: changes role from  FOLLOWER to FOLLOWER at term 1 for candidate:17c617e6-bef8-4aa5-a634-0bfba4eec40d
2022-12-02 13:56:24,449 [grpc-default-executor-2] INFO  impl.RoleInfo (RoleInfo.java:shutdownFollowerState(110)) - b27e6838-cee8-48c3-93ac-b45d2206de0f: shutdown b27e6838-cee8-48c3-93ac-b45d2206de0f@group-314ABE34CCFC-FollowerState
2022-12-02 13:56:24,449 [grpc-default-executor-0] INFO  impl.RoleInfo (RoleInfo.java:updateAndGet(139)) - 8e7f0208-8622-43f9-a3a0-bde69c0a79ed: start 8e7f0208-8622-43f9-a3a0-bde69c0a79ed@group-314ABE34CCFC-FollowerState
2022-12-02 13:56:24,449 [b27e6838-cee8-48c3-93ac-b45d2206de0f@group-314ABE34CCFC-FollowerState] INFO  impl.FollowerState (FollowerState.java:run(152)) - b27e6838-cee8-48c3-93ac-b45d2206de0f@group-314ABE34CCFC-FollowerState was interrupted
2022-12-02 13:56:24,449 [8e7f0208-8622-43f9-a3a0-bde69c0a79ed@group-314ABE34CCFC-FollowerState] INFO  impl.FollowerState (FollowerState.java:run(152)) - 8e7f0208-8622-43f9-a3a0-bde69c0a79ed@group-314ABE34CCFC-FollowerState was interrupted
2022-12-02 13:56:24,450 [grpc-default-executor-2] INFO  impl.RoleInfo (RoleInfo.java:updateAndGet(139)) - b27e6838-cee8-48c3-93ac-b45d2206de0f: start b27e6838-cee8-48c3-93ac-b45d2206de0f@group-314ABE34CCFC-FollowerState
2022-12-02 13:56:24,451 [8e7f0208-8622-43f9-a3a0-bde69c0a79ed@group-314ABE34CCFC-FollowerState] INFO  server.RaftServerConfigKeys (ConfUtils.java:logFallback(53)) - raft.server.rpc.first-election.timeout.min = 5s (fallback to raft.server.rpc.timeout.min)
2022-12-02 13:56:24,451 [8e7f0208-8622-43f9-a3a0-bde69c0a79ed@group-314ABE34CCFC-FollowerState] INFO  server.RaftServerConfigKeys (ConfUtils.java:logFallback(53)) - raft.server.rpc.first-election.timeout.max = 5200ms (fallback to raft.server.rpc.timeout.max)
2022-12-02 13:56:24,452 [b27e6838-cee8-48c3-93ac-b45d2206de0f@group-314ABE34CCFC-FollowerState] INFO  server.RaftServerConfigKeys (ConfUtils.java:logFallback(53)) - raft.server.rpc.first-election.timeout.min = 5s (fallback to raft.server.rpc.timeout.min)
2022-12-02 13:56:24,454 [b27e6838-cee8-48c3-93ac-b45d2206de0f@group-314ABE34CCFC-FollowerState] INFO  server.RaftServerConfigKeys (ConfUtils.java:logFallback(53)) - raft.server.rpc.first-election.timeout.max = 5200ms (fallback to raft.server.rpc.timeout.max)
2022-12-02 13:56:24,456 [grpc-default-executor-2] INFO  server.RaftServer$Division (RaftServerImpl.java:requestVote(1251)) - b27e6838-cee8-48c3-93ac-b45d2206de0f@group-314ABE34CCFC replies to ELECTION vote request: 17c617e6-bef8-4aa5-a634-0bfba4eec40d<-b27e6838-cee8-48c3-93ac-b45d2206de0f#0:OK-t1. Peer's state: b27e6838-cee8-48c3-93ac-b45d2206de0f@group-314ABE34CCFC:t1, leader=null, voted=17c617e6-bef8-4aa5-a634-0bfba4eec40d, raftlog=Memoized:b27e6838-cee8-48c3-93ac-b45d2206de0f@group-314ABE34CCFC-SegmentedRaftLog:OPENED:c-1, conf=-1: peers:[8e7f0208-8622-43f9-a3a0-bde69c0a79ed|rpc:10.1.0.163:35087|dataStream:|priority:0|startupRole:FOLLOWER, 17c617e6-bef8-4aa5-a634-0bfba4eec40d|rpc:10.1.0.163:34401|dataStream:|priority:1|startupRole:FOLLOWER, b27e6838-cee8-48c3-93ac-b45d2206de0f|rpc:10.1.0.163:37205|dataStream:|priority:0|startupRole:FOLLOWER]|listeners:[], old=null
2022-12-02 13:56:24,458 [17c617e6-bef8-4aa5-a634-0bfba4eec40d@group-314ABE34CCFC-LeaderElection3] INFO  impl.LeaderElection (LeaderElection.java:logAndReturn(90)) - 17c617e6-bef8-4aa5-a634-0bfba4eec40d@group-314ABE34CCFC-LeaderElection3: ELECTION PASSED received 1 response(s) and 0 exception(s):
2022-12-02 13:56:24,459 [17c617e6-bef8-4aa5-a634-0bfba4eec40d@group-314ABE34CCFC-LeaderElection3] INFO  impl.LeaderElection (LeaderElection.java:logAndReturn(94)) -   Response 0: 17c617e6-bef8-4aa5-a634-0bfba4eec40d<-b27e6838-cee8-48c3-93ac-b45d2206de0f#0:OK-t1
2022-12-02 13:56:24,459 [17c617e6-bef8-4aa5-a634-0bfba4eec40d@group-314ABE34CCFC-LeaderElection3] INFO  impl.LeaderElection (LeaderElection.java:askForVotes(314)) - 17c617e6-bef8-4aa5-a634-0bfba4eec40d@group-314ABE34CCFC-LeaderElection3 ELECTION round 0: result PASSED
2022-12-02 13:56:24,459 [17c617e6-bef8-4aa5-a634-0bfba4eec40d@group-314ABE34CCFC-LeaderElection3] INFO  impl.RoleInfo (RoleInfo.java:shutdownLeaderElection(130)) - 17c617e6-bef8-4aa5-a634-0bfba4eec40d: shutdown 17c617e6-bef8-4aa5-a634-0bfba4eec40d@group-314ABE34CCFC-LeaderElection3
2022-12-02 13:56:24,459 [17c617e6-bef8-4aa5-a634-0bfba4eec40d@group-314ABE34CCFC-LeaderElection3] INFO  server.RaftServer$Division (RaftServerImpl.java:setRole(321)) - 17c617e6-bef8-4aa5-a634-0bfba4eec40d@group-314ABE34CCFC: changes role from CANDIDATE to LEADER at term 1 for changeToLeader
2022-12-02 13:56:24,459 [17c617e6-bef8-4aa5-a634-0bfba4eec40d@group-314ABE34CCFC-LeaderElection3] INFO  ratis.XceiverServerRatis (XceiverServerRatis.java:handleLeaderChangedNotification(863)) - Leader change notification received for group: group-314ABE34CCFC with new leaderId: 17c617e6-bef8-4aa5-a634-0bfba4eec40d
2022-12-02 13:56:24,459 [17c617e6-bef8-4aa5-a634-0bfba4eec40d@group-314ABE34CCFC-LeaderElection3] INFO  server.RaftServer$Division (ServerState.java:setLeader(313)) - 17c617e6-bef8-4aa5-a634-0bfba4eec40d@group-314ABE34CCFC: change Leader from null to 17c617e6-bef8-4aa5-a634-0bfba4eec40d at term 1 for becomeLeader, leader elected after 5120ms
2022-12-02 13:56:24,459 [17c617e6-bef8-4aa5-a634-0bfba4eec40d@group-314ABE34CCFC-LeaderElection3] INFO  server.RaftServerConfigKeys (ConfUtils.java:logGet(46)) - raft.server.staging.catchup.gap = 1000 (default)
2022-12-02 13:56:24,459 [17c617e6-bef8-4aa5-a634-0bfba4eec40d@group-314ABE34CCFC-LeaderElection3] INFO  server.RaftServerConfigKeys (ConfUtils.java:logGet(46)) - raft.server.write.element-limit = 1024 (custom)
2022-12-02 13:56:24,459 [17c617e6-bef8-4aa5-a634-0bfba4eec40d@group-314ABE34CCFC-LeaderElection3] INFO  server.RaftServerConfigKeys (ConfUtils.java:logGet(46)) - raft.server.write.byte-limit = 1024 M (=1073741824) (custom)
2022-12-02 13:56:24,460 [17c617e6-bef8-4aa5-a634-0bfba4eec40d@group-314ABE34CCFC-LeaderElection3] INFO  server.RaftServerConfigKeys (ConfUtils.java:logGet(46)) - raft.server.watch.timeout = 180s (custom)
2022-12-02 13:56:24,460 [17c617e6-bef8-4aa5-a634-0bfba4eec40d@group-314ABE34CCFC-LeaderElection3] INFO  server.RaftServerConfigKeys (ConfUtils.java:logGet(46)) - raft.server.watch.timeout.denomination = 1s (default)
2022-12-02 13:56:24,460 [17c617e6-bef8-4aa5-a634-0bfba4eec40d@group-314ABE34CCFC-LeaderElection3] INFO  server.RaftServerConfigKeys (ConfUtils.java:logGet(46)) - raft.server.watch.element-limit = 65536 (default)
2022-12-02 13:56:24,460 [17c617e6-bef8-4aa5-a634-0bfba4eec40d@group-314ABE34CCFC-LeaderElection3] INFO  server.RaftServerConfigKeys (ConfUtils.java:logGet(46)) - raft.server.write.element-limit = 1024 (custom)
2022-12-02 13:56:24,460 [17c617e6-bef8-4aa5-a634-0bfba4eec40d@group-314ABE34CCFC-LeaderElection3] INFO  server.RaftServerConfigKeys (ConfUtils.java:logGet(46)) - raft.server.write.follower.gap.ratio.max = -1.0 (default)
2022-12-02 13:56:24,463 [EventQueue-CommandQueueReportForCommandQueueReportHandler] WARN  events.EventQueue (EventQueue.java:fireEvent(216)) - No event handler registered for event TypedEvent{payloadType=DatanodeDetails, name='Datanode_Command_Queue_Updated'}
2022-12-02 13:56:24,464 [EventQueue-PipelineReportForPipelineReportHandler] INFO  pipeline.PipelineManagerImpl (PipelineManagerImpl.java:openPipeline(367)) - Pipeline Pipeline[ Id: 70dd059f-ff75-476d-b77e-314abe34ccfc, Nodes: 17c617e6-bef8-4aa5-a634-0bfba4eec40d{ip: 10.1.0.163, host: fv-az246-718.py5defvocjqundwqxk0lumnltg.cx.internal.cloudapp.net, ports: [REPLICATION=36545, RATIS=34401, RATIS_ADMIN=34401, RATIS_SERVER=34401, STANDALONE=32865], networkLocation: /default-rack, certSerialId: null, persistedOpState: IN_SERVICE, persistedOpStateExpiryEpochSec: 0}b27e6838-cee8-48c3-93ac-b45d2206de0f{ip: 10.1.0.163, host: fv-az246-718.py5defvocjqundwqxk0lumnltg.cx.internal.cloudapp.net, ports: [REPLICATION=37755, RATIS=37205, RATIS_ADMIN=37205, RATIS_SERVER=37205, STANDALONE=41767], networkLocation: /default-rack, certSerialId: null, persistedOpState: IN_SERVICE, persistedOpStateExpiryEpochSec: 0}8e7f0208-8622-43f9-a3a0-bde69c0a79ed{ip: 10.1.0.163, host: fv-az246-718.py5defvocjqundwqxk0lumnltg.cx.internal.cloudapp.net, ports: [REPLICATION=44413, RATIS=35087, RATIS_ADMIN=35087, RATIS_SERVER=35087, STANDALONE=37909], networkLocation: /default-rack, certSerialId: null, persistedOpState: IN_SERVICE, persistedOpStateExpiryEpochSec: 0}, ReplicationConfig: RATIS/THREE, State:ALLOCATED, leaderId:17c617e6-bef8-4aa5-a634-0bfba4eec40d, CreationTimestamp2022-12-02T13:56:17.016Z[Etc/UTC]] moved to OPEN state
2022-12-02 13:56:24,469 [EventQueue-OpenPipelineForHealthyPipelineSafeModeRule] INFO  safemode.SCMSafeModeManager (HealthyPipelineSafeModeRule.java:process(137)) - SCM in safe mode. Healthy pipelines reported count is 1, required healthy pipeline reported count is 1
2022-12-02 13:56:24,469 [EventQueue-OpenPipelineForHealthyPipelineSafeModeRule] INFO  safemode.SCMSafeModeManager (SCMSafeModeManager.java:validateSafeModeExitRules(200)) - HealthyPipelineSafeModeRule rule is successfully validated
2022-12-02 13:56:24,469 [EventQueue-OpenPipelineForHealthyPipelineSafeModeRule] INFO  safemode.SCMSafeModeManager (SCMSafeModeManager.java:validateSafeModeExitRules(215)) - ScmSafeModeManager, all rules are successfully validated
2022-12-02 13:56:24,469 [EventQueue-OpenPipelineForHealthyPipelineSafeModeRule] INFO  safemode.SCMSafeModeManager (SCMSafeModeManager.java:exitSafeMode(244)) - SCM exiting safe mode.
2022-12-02 13:56:24,469 [EventQueue-OpenPipelineForHealthyPipelineSafeModeRule] INFO  ha.SCMContext (SCMContext.java:updateSafeModeStatus(228)) - Update SafeModeStatus from SafeModeStatus{safeModeStatus=true, preCheckPassed=true} to SafeModeStatus{safeModeStatus=false, preCheckPassed=true}.
2022-12-02 13:56:24,469 [EventQueue-OpenPipelineForHealthyPipelineSafeModeRule] INFO  pipeline.BackgroundPipelineCreator (BackgroundPipelineCreator.java:notifyStatusChanged(254)) - Service BackgroundPipelineCreator transitions to RUNNING.
2022-12-02 13:56:24,469 [EventQueue-OpenPipelineForHealthyPipelineSafeModeRule] INFO  BackgroundPipelineScrubber (BackgroundSCMService.java:notifyStatusChanged(82)) - Service BackgroundPipelineScrubber transitions to RUNNING.
2022-12-02 13:56:24,469 [EventQueue-OpenPipelineForHealthyPipelineSafeModeRule] INFO  ExpiredContainerReplicaOpScrubber (BackgroundSCMService.java:notifyStatusChanged(82)) - Service ExpiredContainerReplicaOpScrubber transitions to RUNNING.
2022-12-02 13:56:24,469 [EventQueue-OpenPipelineForHealthyPipelineSafeModeRule] INFO  replication.ReplicationManager (ReplicationManager.java:notifyStatusChanged(860)) - Service ReplicationManager transitions to RUNNING.
2022-12-02 13:56:24,470 [grpc-default-executor-0] INFO  server.RaftServer$Division (RaftServerImpl.java:requestVote(1251)) - 8e7f0208-8622-43f9-a3a0-bde69c0a79ed@group-314ABE34CCFC replies to ELECTION vote request: 17c617e6-bef8-4aa5-a634-0bfba4eec40d<-8e7f0208-8622-43f9-a3a0-bde69c0a79ed#0:OK-t1. Peer's state: 8e7f0208-8622-43f9-a3a0-bde69c0a79ed@group-314ABE34CCFC:t1, leader=null, voted=17c617e6-bef8-4aa5-a634-0bfba4eec40d, raftlog=Memoized:8e7f0208-8622-43f9-a3a0-bde69c0a79ed@group-314ABE34CCFC-SegmentedRaftLog:OPENED:c-1, conf=-1: peers:[8e7f0208-8622-43f9-a3a0-bde69c0a79ed|rpc:10.1.0.163:35087|priority:0|startupRole:FOLLOWER, 17c617e6-bef8-4aa5-a634-0bfba4eec40d|rpc:10.1.0.163:34401|priority:1|startupRole:FOLLOWER, b27e6838-cee8-48c3-93ac-b45d2206de0f|rpc:10.1.0.163:37205|priority:0|startupRole:FOLLOWER]|listeners:[], old=null
2022-12-02 13:56:24,476 [EventQueue-OpenPipelineForHealthyPipelineSafeModeRule] WARN  balancer.ContainerBalancer (ContainerBalancer.java:shouldRun(131)) - Could not find persisted configuration for ContainerBalancer when checking if ContainerBalancer should run. ContainerBalancer should not run now.
2022-12-02 13:56:24,478 [17c617e6-bef8-4aa5-a634-0bfba4eec40d@group-314ABE34CCFC-LeaderElection3] INFO  server.RaftServerConfigKeys (ConfUtils.java:logGet(46)) - raft.server.log.appender.snapshot.chunk.size.max = 16MB (=16777216) (default)
2022-12-02 13:56:24,478 [17c617e6-bef8-4aa5-a634-0bfba4eec40d@group-314ABE34CCFC-LeaderElection3] INFO  server.RaftServerConfigKeys (ConfUtils.java:logGet(46)) - raft.server.log.appender.buffer.byte-limit = 33554432 (custom)
2022-12-02 13:56:24,480 [17c617e6-bef8-4aa5-a634-0bfba4eec40d@group-314ABE34CCFC-LeaderElection3] INFO  server.RaftServerConfigKeys (ConfUtils.java:logGet(46)) - raft.server.log.appender.buffer.element-limit = 1 (custom)
2022-12-02 13:56:24,482 [17c617e6-bef8-4aa5-a634-0bfba4eec40d@group-314ABE34CCFC-LeaderElection3] INFO  grpc.GrpcConfigKeys (ConfUtils.java:logGet(46)) - raft.grpc.server.leader.outstanding.appends.max = 128 (default)
2022-12-02 13:56:24,482 [17c617e6-bef8-4aa5-a634-0bfba4eec40d@group-314ABE34CCFC-LeaderElection3] INFO  server.RaftServerConfigKeys (ConfUtils.java:logGet(46)) - raft.server.rpc.request.timeout = 60s (custom)
2022-12-02 13:56:24,482 [17c617e6-bef8-4aa5-a634-0bfba4eec40d@group-314ABE34CCFC-LeaderElection3] INFO  server.RaftServerConfigKeys (ConfUtils.java:logGet(46)) - raft.server.log.appender.install.snapshot.enabled = false (custom)
2022-12-02 13:56:24,482 [17c617e6-bef8-4aa5-a634-0bfba4eec40d@group-314ABE34CCFC-LeaderElection3] INFO  grpc.GrpcConfigKeys (ConfUtils.java:logGet(46)) - raft.grpc.server.heartbeat.channel = true (default)
2022-12-02 13:56:24,482 [17c617e6-bef8-4aa5-a634-0bfba4eec40d@group-314ABE34CCFC-LeaderElection3] INFO  server.RaftServerConfigKeys (ConfUtils.java:logGet(46)) - raft.server.log.appender.wait-time.min = 10ms (default)
2022-12-02 13:56:24,484 [17c617e6-bef8-4aa5-a634-0bfba4eec40d@group-314ABE34CCFC-LeaderElection3] INFO  server.RaftServerConfigKeys (ConfUtils.java:logGet(46)) - raft.server.log.appender.snapshot.chunk.size.max = 16MB (=16777216) (default)
2022-12-02 13:56:24,484 [17c617e6-bef8-4aa5-a634-0bfba4eec40d@group-314ABE34CCFC-LeaderElection3] INFO  server.RaftServerConfigKeys (ConfUtils.java:logGet(46)) - raft.server.log.appender.buffer.byte-limit = 33554432 (custom)
2022-12-02 13:56:24,484 [17c617e6-bef8-4aa5-a634-0bfba4eec40d@group-314ABE34CCFC-LeaderElection3] INFO  server.RaftServerConfigKeys (ConfUtils.java:logGet(46)) - raft.server.log.appender.buffer.element-limit = 1 (custom)
2022-12-02 13:56:24,484 [17c617e6-bef8-4aa5-a634-0bfba4eec40d@group-314ABE34CCFC-LeaderElection3] INFO  grpc.GrpcConfigKeys (ConfUtils.java:logGet(46)) - raft.grpc.server.leader.outstanding.appends.max = 128 (default)
2022-12-02 13:56:24,485 [17c617e6-bef8-4aa5-a634-0bfba4eec40d@group-314ABE34CCFC-LeaderElection3] INFO  server.RaftServerConfigKeys (ConfUtils.java:logGet(46)) - raft.server.rpc.request.timeout = 60s (custom)
2022-12-02 13:56:24,485 [17c617e6-bef8-4aa5-a634-0bfba4eec40d@group-314ABE34CCFC-LeaderElection3] INFO  server.RaftServerConfigKeys (ConfUtils.java:logGet(46)) - raft.server.log.appender.install.snapshot.enabled = false (custom)
2022-12-02 13:56:24,485 [17c617e6-bef8-4aa5-a634-0bfba4eec40d@group-314ABE34CCFC-LeaderElection3] INFO  grpc.GrpcConfigKeys (ConfUtils.java:logGet(46)) - raft.grpc.server.heartbeat.channel = true (default)
2022-12-02 13:56:24,485 [17c617e6-bef8-4aa5-a634-0bfba4eec40d@group-314ABE34CCFC-LeaderElection3] INFO  server.RaftServerConfigKeys (ConfUtils.java:logGet(46)) - raft.server.log.appender.wait-time.min = 10ms (default)
2022-12-02 13:56:24,485 [17c617e6-bef8-4aa5-a634-0bfba4eec40d@group-314ABE34CCFC-LeaderElection3] INFO  impl.RoleInfo (RoleInfo.java:updateAndGet(139)) - 17c617e6-bef8-4aa5-a634-0bfba4eec40d: start 17c617e6-bef8-4aa5-a634-0bfba4eec40d@group-314ABE34CCFC-LeaderStateImpl
2022-12-02 13:56:24,486 [17c617e6-bef8-4aa5-a634-0bfba4eec40d@group-314ABE34CCFC-LeaderElection3] INFO  segmented.SegmentedRaftLogWorker (SegmentedRaftLogWorker.java:startLogSegment(452)) - 17c617e6-bef8-4aa5-a634-0bfba4eec40d@group-314ABE34CCFC-SegmentedRaftLogWorker: Starting segment from index:0
2022-12-02 13:56:24,487 [17c617e6-bef8-4aa5-a634-0bfba4eec40d@group-314ABE34CCFC-SegmentedRaftLogWorker] INFO  segmented.SegmentedRaftLogWorker (SegmentedRaftLogWorker.java:execute(656)) - 17c617e6-bef8-4aa5-a634-0bfba4eec40d@group-314ABE34CCFC-SegmentedRaftLogWorker: created new log segment /home/runner/work/ozone/ozone/hadoop-ozone/integration-test/target/test-dir/MiniOzoneClusterImpl-54b774fa-8058-4f65-8e1c-0ac417d0d4c9/datanode-0/data/ratis/70dd059f-ff75-476d-b77e-314abe34ccfc/current/log_inprogress_0
2022-12-02 13:56:24,494 [17c617e6-bef8-4aa5-a634-0bfba4eec40d@group-314ABE34CCFC-LeaderElection3] INFO  server.RaftServer$Division (ServerState.java:setRaftConf(430)) - 17c617e6-bef8-4aa5-a634-0bfba4eec40d@group-314ABE34CCFC: set configuration 0: peers:[8e7f0208-8622-43f9-a3a0-bde69c0a79ed|rpc:10.1.0.163:35087|dataStream:|priority:0|startupRole:FOLLOWER, 17c617e6-bef8-4aa5-a634-0bfba4eec40d|rpc:10.1.0.163:34401|dataStream:|priority:1|startupRole:FOLLOWER, b27e6838-cee8-48c3-93ac-b45d2206de0f|rpc:10.1.0.163:37205|dataStream:|priority:0|startupRole:FOLLOWER]|listeners:[], old=null
2022-12-02 13:56:24,554 [b27e6838-cee8-48c3-93ac-b45d2206de0f-server-thread1] INFO  ratis.XceiverServerRatis (XceiverServerRatis.java:handleLeaderChangedNotification(863)) - Leader change notification received for group: group-314ABE34CCFC with new leaderId: 17c617e6-bef8-4aa5-a634-0bfba4eec40d
2022-12-02 13:56:24,554 [b27e6838-cee8-48c3-93ac-b45d2206de0f-server-thread1] INFO  server.RaftServer$Division (ServerState.java:setLeader(313)) - b27e6838-cee8-48c3-93ac-b45d2206de0f@group-314ABE34CCFC: change Leader from null to 17c617e6-bef8-4aa5-a634-0bfba4eec40d at term 1 for appendEntries, leader elected after 4595ms
2022-12-02 13:56:24,555 [8e7f0208-8622-43f9-a3a0-bde69c0a79ed-server-thread2] INFO  ratis.XceiverServerRatis (XceiverServerRatis.java:handleLeaderChangedNotification(863)) - Leader change notification received for group: group-314ABE34CCFC with new leaderId: 17c617e6-bef8-4aa5-a634-0bfba4eec40d
2022-12-02 13:56:24,555 [8e7f0208-8622-43f9-a3a0-bde69c0a79ed-server-thread2] INFO  server.RaftServer$Division (ServerState.java:setLeader(313)) - 8e7f0208-8622-43f9-a3a0-bde69c0a79ed@group-314ABE34CCFC: change Leader from null to 17c617e6-bef8-4aa5-a634-0bfba4eec40d at term 1 for appendEntries, leader elected after 4787ms
2022-12-02 13:56:24,558 [b27e6838-cee8-48c3-93ac-b45d2206de0f-server-thread1] INFO  server.RaftServer$Division (ServerState.java:setRaftConf(430)) - b27e6838-cee8-48c3-93ac-b45d2206de0f@group-314ABE34CCFC: set configuration 0: peers:[8e7f0208-8622-43f9-a3a0-bde69c0a79ed|rpc:10.1.0.163:35087|dataStream:|priority:0|startupRole:FOLLOWER, 17c617e6-bef8-4aa5-a634-0bfba4eec40d|rpc:10.1.0.163:34401|dataStream:|priority:1|startupRole:FOLLOWER, b27e6838-cee8-48c3-93ac-b45d2206de0f|rpc:10.1.0.163:37205|dataStream:|priority:0|startupRole:FOLLOWER]|listeners:[], old=null
2022-12-02 13:56:24,558 [b27e6838-cee8-48c3-93ac-b45d2206de0f-server-thread1] INFO  segmented.SegmentedRaftLogWorker (SegmentedRaftLogWorker.java:startLogSegment(452)) - b27e6838-cee8-48c3-93ac-b45d2206de0f@group-314ABE34CCFC-SegmentedRaftLogWorker: Starting segment from index:0
2022-12-02 13:56:24,559 [8e7f0208-8622-43f9-a3a0-bde69c0a79ed-server-thread2] INFO  server.RaftServer$Division (ServerState.java:setRaftConf(430)) - 8e7f0208-8622-43f9-a3a0-bde69c0a79ed@group-314ABE34CCFC: set configuration 0: peers:[8e7f0208-8622-43f9-a3a0-bde69c0a79ed|rpc:10.1.0.163:35087|dataStream:|priority:0|startupRole:FOLLOWER, 17c617e6-bef8-4aa5-a634-0bfba4eec40d|rpc:10.1.0.163:34401|dataStream:|priority:1|startupRole:FOLLOWER, b27e6838-cee8-48c3-93ac-b45d2206de0f|rpc:10.1.0.163:37205|dataStream:|priority:0|startupRole:FOLLOWER]|listeners:[], old=null
2022-12-02 13:56:24,560 [b27e6838-cee8-48c3-93ac-b45d2206de0f@group-314ABE34CCFC-SegmentedRaftLogWorker] INFO  segmented.SegmentedRaftLogWorker (SegmentedRaftLogWorker.java:execute(656)) - b27e6838-cee8-48c3-93ac-b45d2206de0f@group-314ABE34CCFC-SegmentedRaftLogWorker: created new log segment /home/runner/work/ozone/ozone/hadoop-ozone/integration-test/target/test-dir/MiniOzoneClusterImpl-54b774fa-8058-4f65-8e1c-0ac417d0d4c9/datanode-2/data/ratis/70dd059f-ff75-476d-b77e-314abe34ccfc/current/log_inprogress_0
2022-12-02 13:56:24,561 [8e7f0208-8622-43f9-a3a0-bde69c0a79ed-server-thread2] INFO  segmented.SegmentedRaftLogWorker (SegmentedRaftLogWorker.java:startLogSegment(452)) - 8e7f0208-8622-43f9-a3a0-bde69c0a79ed@group-314ABE34CCFC-SegmentedRaftLogWorker: Starting segment from index:0
2022-12-02 13:56:24,566 [8e7f0208-8622-43f9-a3a0-bde69c0a79ed@group-314ABE34CCFC-SegmentedRaftLogWorker] INFO  segmented.SegmentedRaftLogWorker (SegmentedRaftLogWorker.java:execute(656)) - 8e7f0208-8622-43f9-a3a0-bde69c0a79ed@group-314ABE34CCFC-SegmentedRaftLogWorker: created new log segment /home/runner/work/ozone/ozone/hadoop-ozone/integration-test/target/test-dir/MiniOzoneClusterImpl-54b774fa-8058-4f65-8e1c-0ac417d0d4c9/datanode-1/data/ratis/70dd059f-ff75-476d-b77e-314abe34ccfc/current/log_inprogress_0
2022-12-02 13:56:24,769 [EventQueue-CommandQueueReportForCommandQueueReportHandler] WARN  events.EventQueue (EventQueue.java:fireEvent(216)) - No event handler registered for event TypedEvent{payloadType=DatanodeDetails, name='Datanode_Command_Queue_Updated'}
2022-12-02 13:56:24,772 [8e7f0208-8622-43f9-a3a0-bde69c0a79ed@group-EC4BE6D8DC20-FollowerState] INFO  impl.FollowerState (FollowerState.java:run(143)) - 8e7f0208-8622-43f9-a3a0-bde69c0a79ed@group-EC4BE6D8DC20-FollowerState: change to CANDIDATE, lastRpcElapsedTime:5023635600ns, electionTimeout:5013ms
2022-12-02 13:56:24,772 [8e7f0208-8622-43f9-a3a0-bde69c0a79ed@group-EC4BE6D8DC20-FollowerState] INFO  impl.RoleInfo (RoleInfo.java:shutdownFollowerState(110)) - 8e7f0208-8622-43f9-a3a0-bde69c0a79ed: shutdown 8e7f0208-8622-43f9-a3a0-bde69c0a79ed@group-EC4BE6D8DC20-FollowerState
2022-12-02 13:56:24,772 [8e7f0208-8622-43f9-a3a0-bde69c0a79ed@group-EC4BE6D8DC20-FollowerState] INFO  server.RaftServer$Division (RaftServerImpl.java:setRole(321)) - 8e7f0208-8622-43f9-a3a0-bde69c0a79ed@group-EC4BE6D8DC20: changes role from  FOLLOWER to CANDIDATE at term 0 for changeToCandidate
2022-12-02 13:56:24,773 [8e7f0208-8622-43f9-a3a0-bde69c0a79ed@group-EC4BE6D8DC20-FollowerState] INFO  server.RaftServerConfigKeys (ConfUtils.java:logGet(46)) - raft.server.leaderelection.pre-vote = false (custom)
2022-12-02 13:56:24,773 [8e7f0208-8622-43f9-a3a0-bde69c0a79ed@group-EC4BE6D8DC20-FollowerState] INFO  impl.RoleInfo (RoleInfo.java:updateAndGet(139)) - 8e7f0208-8622-43f9-a3a0-bde69c0a79ed: start 8e7f0208-8622-43f9-a3a0-bde69c0a79ed@group-EC4BE6D8DC20-LeaderElection4
2022-12-02 13:56:24,778 [8e7f0208-8622-43f9-a3a0-bde69c0a79ed@group-EC4BE6D8DC20-LeaderElection4] INFO  impl.LeaderElection (LeaderElection.java:askForVotes(312)) - 8e7f0208-8622-43f9-a3a0-bde69c0a79ed@group-EC4BE6D8DC20-LeaderElection4 ELECTION round 0: submit vote requests at term 1 for -1: peers:[8e7f0208-8622-43f9-a3a0-bde69c0a79ed|rpc:10.1.0.163:35087|priority:1|startupRole:FOLLOWER]|listeners:[], old=null
2022-12-02 13:56:24,778 [8e7f0208-8622-43f9-a3a0-bde69c0a79ed@group-EC4BE6D8DC20-LeaderElection4] INFO  impl.LeaderElection (LeaderElection.java:askForVotes(314)) - 8e7f0208-8622-43f9-a3a0-bde69c0a79ed@group-EC4BE6D8DC20-LeaderElection4 ELECTION round 0: result PASSED (term=1)
2022-12-02 13:56:24,778 [8e7f0208-8622-43f9-a3a0-bde69c0a79ed@group-EC4BE6D8DC20-LeaderElection4] INFO  impl.RoleInfo (RoleInfo.java:shutdownLeaderElection(130)) - 8e7f0208-8622-43f9-a3a0-bde69c0a79ed: shutdown 8e7f0208-8622-43f9-a3a0-bde69c0a79ed@group-EC4BE6D8DC20-LeaderElection4
2022-12-02 13:56:24,778 [8e7f0208-8622-43f9-a3a0-bde69c0a79ed@group-EC4BE6D8DC20-LeaderElection4] INFO  server.RaftServer$Division (RaftServerImpl.java:setRole(321)) - 8e7f0208-8622-43f9-a3a0-bde69c0a79ed@group-EC4BE6D8DC20: changes role from CANDIDATE to LEADER at term 1 for changeToLeader
2022-12-02 13:56:24,778 [8e7f0208-8622-43f9-a3a0-bde69c0a79ed@group-EC4BE6D8DC20-LeaderElection4] INFO  ratis.XceiverServerRatis (XceiverServerRatis.java:handleLeaderChangedNotification(863)) - Leader change notification received for group: group-EC4BE6D8DC20 with new leaderId: 8e7f0208-8622-43f9-a3a0-bde69c0a79ed
2022-12-02 13:56:24,779 [8e7f0208-8622-43f9-a3a0-bde69c0a79ed@group-EC4BE6D8DC20-LeaderElection4] INFO  server.RaftServer$Division (ServerState.java:setLeader(313)) - 8e7f0208-8622-43f9-a3a0-bde69c0a79ed@group-EC4BE6D8DC20: change Leader from null to 8e7f0208-8622-43f9-a3a0-bde69c0a79ed at term 1 for becomeLeader, leader elected after 5067ms
2022-12-02 13:56:24,779 [8e7f0208-8622-43f9-a3a0-bde69c0a79ed@group-EC4BE6D8DC20-LeaderElection4] INFO  server.RaftServerConfigKeys (ConfUtils.java:logGet(46)) - raft.server.staging.catchup.gap = 1000 (default)
2022-12-02 13:56:24,779 [8e7f0208-8622-43f9-a3a0-bde69c0a79ed@group-EC4BE6D8DC20-LeaderElection4] INFO  server.RaftServerConfigKeys (ConfUtils.java:logGet(46)) - raft.server.write.element-limit = 1024 (custom)
2022-12-02 13:56:24,779 [8e7f0208-8622-43f9-a3a0-bde69c0a79ed@group-EC4BE6D8DC20-LeaderElection4] INFO  server.RaftServerConfigKeys (ConfUtils.java:logGet(46)) - raft.server.write.byte-limit = 1024 M (=1073741824) (custom)
2022-12-02 13:56:24,779 [8e7f0208-8622-43f9-a3a0-bde69c0a79ed@group-EC4BE6D8DC20-LeaderElection4] INFO  server.RaftServerConfigKeys (ConfUtils.java:logGet(46)) - raft.server.watch.timeout = 180s (custom)
2022-12-02 13:56:24,780 [8e7f0208-8622-43f9-a3a0-bde69c0a79ed@group-EC4BE6D8DC20-LeaderElection4] INFO  server.RaftServerConfigKeys (ConfUtils.java:logGet(46)) - raft.server.watch.timeout.denomination = 1s (default)
2022-12-02 13:56:24,780 [8e7f0208-8622-43f9-a3a0-bde69c0a79ed@group-EC4BE6D8DC20-LeaderElection4] INFO  server.RaftServerConfigKeys (ConfUtils.java:logGet(46)) - raft.server.watch.element-limit = 65536 (default)
2022-12-02 13:56:24,780 [8e7f0208-8622-43f9-a3a0-bde69c0a79ed@group-EC4BE6D8DC20-LeaderElection4] INFO  server.RaftServerConfigKeys (ConfUtils.java:logGet(46)) - raft.server.write.element-limit = 1024 (custom)
2022-12-02 13:56:24,780 [8e7f0208-8622-43f9-a3a0-bde69c0a79ed@group-EC4BE6D8DC20-LeaderElection4] INFO  server.RaftServerConfigKeys (ConfUtils.java:logGet(46)) - raft.server.write.follower.gap.ratio.max = -1.0 (default)
2022-12-02 13:56:24,780 [8e7f0208-8622-43f9-a3a0-bde69c0a79ed@group-EC4BE6D8DC20-LeaderElection4] INFO  impl.RoleInfo (RoleInfo.java:updateAndGet(139)) - 8e7f0208-8622-43f9-a3a0-bde69c0a79ed: start 8e7f0208-8622-43f9-a3a0-bde69c0a79ed@group-EC4BE6D8DC20-LeaderStateImpl
2022-12-02 13:56:24,780 [8e7f0208-8622-43f9-a3a0-bde69c0a79ed@group-EC4BE6D8DC20-LeaderElection4] INFO  segmented.SegmentedRaftLogWorker (SegmentedRaftLogWorker.java:startLogSegment(452)) - 8e7f0208-8622-43f9-a3a0-bde69c0a79ed@group-EC4BE6D8DC20-SegmentedRaftLogWorker: Starting segment from index:0
2022-12-02 13:56:24,780 [EventQueue-CommandQueueReportForCommandQueueReportHandler] WARN  events.EventQueue (EventQueue.java:fireEvent(216)) - No event handler registered for event TypedEvent{payloadType=DatanodeDetails, name='Datanode_Command_Queue_Updated'}
2022-12-02 13:56:24,781 [8e7f0208-8622-43f9-a3a0-bde69c0a79ed@group-EC4BE6D8DC20-LeaderElection4] INFO  server.RaftServer$Division (ServerState.java:setRaftConf(430)) - 8e7f0208-8622-43f9-a3a0-bde69c0a79ed@group-EC4BE6D8DC20: set configuration 0: peers:[8e7f0208-8622-43f9-a3a0-bde69c0a79ed|rpc:10.1.0.163:35087|dataStream:|priority:1|startupRole:FOLLOWER]|listeners:[], old=null
2022-12-02 13:56:24,782 [8e7f0208-8622-43f9-a3a0-bde69c0a79ed@group-EC4BE6D8DC20-SegmentedRaftLogWorker] INFO  segmented.SegmentedRaftLogWorker (SegmentedRaftLogWorker.java:execute(656)) - 8e7f0208-8622-43f9-a3a0-bde69c0a79ed@group-EC4BE6D8DC20-SegmentedRaftLogWorker: created new log segment /home/runner/work/ozone/ozone/hadoop-ozone/integration-test/target/test-dir/MiniOzoneClusterImpl-54b774fa-8058-4f65-8e1c-0ac417d0d4c9/datanode-1/data/ratis/b49525c1-d3f8-4f1f-8915-ec4be6d8dc20/current/log_inprogress_0
2022-12-02 13:56:24,852 [EventQueue-CommandQueueReportForCommandQueueReportHandler] WARN  events.EventQueue (EventQueue.java:fireEvent(216)) - No event handler registered for event TypedEvent{payloadType=DatanodeDetails, name='Datanode_Command_Queue_Updated'}
2022-12-02 13:56:24,942 [EventQueue-CommandQueueReportForCommandQueueReportHandler] WARN  events.EventQueue (EventQueue.java:fireEvent(216)) - No event handler registered for event TypedEvent{payloadType=DatanodeDetails, name='Datanode_Command_Queue_Updated'}
2022-12-02 13:56:25,056 [EventQueue-CommandQueueReportForCommandQueueReportHandler] WARN  events.EventQueue (EventQueue.java:fireEvent(216)) - No event handler registered for event TypedEvent{payloadType=DatanodeDetails, name='Datanode_Command_Queue_Updated'}
2022-12-02 13:56:25,057 [b27e6838-cee8-48c3-93ac-b45d2206de0f@group-D68B27098A21-FollowerState] INFO  impl.FollowerState (FollowerState.java:run(143)) - b27e6838-cee8-48c3-93ac-b45d2206de0f@group-D68B27098A21-FollowerState: change to CANDIDATE, lastRpcElapsedTime:5016458504ns, electionTimeout:5011ms
2022-12-02 13:56:25,057 [b27e6838-cee8-48c3-93ac-b45d2206de0f@group-D68B27098A21-FollowerState] INFO  impl.RoleInfo (RoleInfo.java:shutdownFollowerState(110)) - b27e6838-cee8-48c3-93ac-b45d2206de0f: shutdown b27e6838-cee8-48c3-93ac-b45d2206de0f@group-D68B27098A21-FollowerState
2022-12-02 13:56:25,057 [b27e6838-cee8-48c3-93ac-b45d2206de0f@group-D68B27098A21-FollowerState] INFO  server.RaftServer$Division (RaftServerImpl.java:setRole(321)) - b27e6838-cee8-48c3-93ac-b45d2206de0f@group-D68B27098A21: changes role from  FOLLOWER to CANDIDATE at term 0 for changeToCandidate
2022-12-02 13:56:25,058 [b27e6838-cee8-48c3-93ac-b45d2206de0f@group-D68B27098A21-FollowerState] INFO  server.RaftServerConfigKeys (ConfUtils.java:logGet(46)) - raft.server.leaderelection.pre-vote = false (custom)
2022-12-02 13:56:25,058 [b27e6838-cee8-48c3-93ac-b45d2206de0f@group-D68B27098A21-FollowerState] INFO  impl.RoleInfo (RoleInfo.java:updateAndGet(139)) - b27e6838-cee8-48c3-93ac-b45d2206de0f: start b27e6838-cee8-48c3-93ac-b45d2206de0f@group-D68B27098A21-LeaderElection5
2022-12-02 13:56:25,066 [b27e6838-cee8-48c3-93ac-b45d2206de0f@group-D68B27098A21-LeaderElection5] INFO  impl.LeaderElection (LeaderElection.java:askForVotes(312)) - b27e6838-cee8-48c3-93ac-b45d2206de0f@group-D68B27098A21-LeaderElection5 ELECTION round 0: submit vote requests at term 1 for -1: peers:[b27e6838-cee8-48c3-93ac-b45d2206de0f|rpc:10.1.0.163:37205|priority:1|startupRole:FOLLOWER]|listeners:[], old=null
2022-12-02 13:56:25,066 [b27e6838-cee8-48c3-93ac-b45d2206de0f@group-D68B27098A21-LeaderElection5] INFO  impl.LeaderElection (LeaderElection.java:askForVotes(314)) - b27e6838-cee8-48c3-93ac-b45d2206de0f@group-D68B27098A21-LeaderElection5 ELECTION round 0: result PASSED (term=1)
2022-12-02 13:56:25,066 [b27e6838-cee8-48c3-93ac-b45d2206de0f@group-D68B27098A21-LeaderElection5] INFO  impl.RoleInfo (RoleInfo.java:shutdownLeaderElection(130)) - b27e6838-cee8-48c3-93ac-b45d2206de0f: shutdown b27e6838-cee8-48c3-93ac-b45d2206de0f@group-D68B27098A21-LeaderElection5
2022-12-02 13:56:25,066 [b27e6838-cee8-48c3-93ac-b45d2206de0f@group-D68B27098A21-LeaderElection5] INFO  server.RaftServer$Division (RaftServerImpl.java:setRole(321)) - b27e6838-cee8-48c3-93ac-b45d2206de0f@group-D68B27098A21: changes role from CANDIDATE to LEADER at term 1 for changeToLeader
2022-12-02 13:56:25,066 [b27e6838-cee8-48c3-93ac-b45d2206de0f@group-D68B27098A21-LeaderElection5] INFO  ratis.XceiverServerRatis (XceiverServerRatis.java:handleLeaderChangedNotification(863)) - Leader change notification received for group: group-D68B27098A21 with new leaderId: b27e6838-cee8-48c3-93ac-b45d2206de0f
2022-12-02 13:56:25,066 [b27e6838-cee8-48c3-93ac-b45d2206de0f@group-D68B27098A21-LeaderElection5] INFO  server.RaftServer$Division (ServerState.java:setLeader(313)) - b27e6838-cee8-48c3-93ac-b45d2206de0f@group-D68B27098A21: change Leader from null to b27e6838-cee8-48c3-93ac-b45d2206de0f at term 1 for becomeLeader, leader elected after 5048ms
2022-12-02 13:56:25,066 [b27e6838-cee8-48c3-93ac-b45d2206de0f@group-D68B27098A21-LeaderElection5] INFO  server.RaftServerConfigKeys (ConfUtils.java:logGet(46)) - raft.server.staging.catchup.gap = 1000 (default)
2022-12-02 13:56:25,067 [b27e6838-cee8-48c3-93ac-b45d2206de0f@group-D68B27098A21-LeaderElection5] INFO  server.RaftServerConfigKeys (ConfUtils.java:logGet(46)) - raft.server.write.element-limit = 1024 (custom)
2022-12-02 13:56:25,067 [b27e6838-cee8-48c3-93ac-b45d2206de0f@group-D68B27098A21-LeaderElection5] INFO  server.RaftServerConfigKeys (ConfUtils.java:logGet(46)) - raft.server.write.byte-limit = 1024 M (=1073741824) (custom)
2022-12-02 13:56:25,067 [b27e6838-cee8-48c3-93ac-b45d2206de0f@group-D68B27098A21-LeaderElection5] INFO  server.RaftServerConfigKeys (ConfUtils.java:logGet(46)) - raft.server.watch.timeout = 180s (custom)
2022-12-02 13:56:25,067 [b27e6838-cee8-48c3-93ac-b45d2206de0f@group-D68B27098A21-LeaderElection5] INFO  server.RaftServerConfigKeys (ConfUtils.java:logGet(46)) - raft.server.watch.timeout.denomination = 1s (default)
2022-12-02 13:56:25,067 [b27e6838-cee8-48c3-93ac-b45d2206de0f@group-D68B27098A21-LeaderElection5] INFO  server.RaftServerConfigKeys (ConfUtils.java:logGet(46)) - raft.server.watch.element-limit = 65536 (default)
2022-12-02 13:56:25,067 [b27e6838-cee8-48c3-93ac-b45d2206de0f@group-D68B27098A21-LeaderElection5] INFO  server.RaftServerConfigKeys (ConfUtils.java:logGet(46)) - raft.server.write.element-limit = 1024 (custom)
2022-12-02 13:56:25,067 [b27e6838-cee8-48c3-93ac-b45d2206de0f@group-D68B27098A21-LeaderElection5] INFO  server.RaftServerConfigKeys (ConfUtils.java:logGet(46)) - raft.server.write.follower.gap.ratio.max = -1.0 (default)
2022-12-02 13:56:25,067 [b27e6838-cee8-48c3-93ac-b45d2206de0f@group-D68B27098A21-LeaderElection5] INFO  impl.RoleInfo (RoleInfo.java:updateAndGet(139)) - b27e6838-cee8-48c3-93ac-b45d2206de0f: start b27e6838-cee8-48c3-93ac-b45d2206de0f@group-D68B27098A21-LeaderStateImpl
2022-12-02 13:56:25,068 [b27e6838-cee8-48c3-93ac-b45d2206de0f@group-D68B27098A21-LeaderElection5] INFO  segmented.SegmentedRaftLogWorker (SegmentedRaftLogWorker.java:startLogSegment(452)) - b27e6838-cee8-48c3-93ac-b45d2206de0f@group-D68B27098A21-SegmentedRaftLogWorker: Starting segment from index:0
2022-12-02 13:56:25,068 [EventQueue-CommandQueueReportForCommandQueueReportHandler] WARN  events.EventQueue (EventQueue.java:fireEvent(216)) - No event handler registered for event TypedEvent{payloadType=DatanodeDetails, name='Datanode_Command_Queue_Updated'}
2022-12-02 13:56:25,069 [b27e6838-cee8-48c3-93ac-b45d2206de0f@group-D68B27098A21-LeaderElection5] INFO  server.RaftServer$Division (ServerState.java:setRaftConf(430)) - b27e6838-cee8-48c3-93ac-b45d2206de0f@group-D68B27098A21: set configuration 0: peers:[b27e6838-cee8-48c3-93ac-b45d2206de0f|rpc:10.1.0.163:37205|dataStream:|priority:1|startupRole:FOLLOWER]|listeners:[], old=null
2022-12-02 13:56:25,074 [b27e6838-cee8-48c3-93ac-b45d2206de0f@group-D68B27098A21-SegmentedRaftLogWorker] INFO  segmented.SegmentedRaftLogWorker (SegmentedRaftLogWorker.java:execute(656)) - b27e6838-cee8-48c3-93ac-b45d2206de0f@group-D68B27098A21-SegmentedRaftLogWorker: created new log segment /home/runner/work/ozone/ozone/hadoop-ozone/integration-test/target/test-dir/MiniOzoneClusterImpl-54b774fa-8058-4f65-8e1c-0ac417d0d4c9/datanode-2/data/ratis/a8572d07-0735-43e5-bd5e-d68b27098a21/current/log_inprogress_0
2022-12-02 13:56:25,278 [b27e6838-cee8-48c3-93ac-b45d2206de0f@group-B690BFC75A3B-FollowerState] INFO  impl.FollowerState (FollowerState.java:run(143)) - b27e6838-cee8-48c3-93ac-b45d2206de0f@group-B690BFC75A3B-FollowerState: change to CANDIDATE, lastRpcElapsedTime:5155607888ns, electionTimeout:5143ms
2022-12-02 13:56:25,279 [b27e6838-cee8-48c3-93ac-b45d2206de0f@group-B690BFC75A3B-FollowerState] INFO  impl.RoleInfo (RoleInfo.java:shutdownFollowerState(110)) - b27e6838-cee8-48c3-93ac-b45d2206de0f: shutdown b27e6838-cee8-48c3-93ac-b45d2206de0f@group-B690BFC75A3B-FollowerState
2022-12-02 13:56:25,279 [b27e6838-cee8-48c3-93ac-b45d2206de0f@group-B690BFC75A3B-FollowerState] INFO  server.RaftServer$Division (RaftServerImpl.java:setRole(321)) - b27e6838-cee8-48c3-93ac-b45d2206de0f@group-B690BFC75A3B: changes role from  FOLLOWER to CANDIDATE at term 0 for changeToCandidate
2022-12-02 13:56:25,280 [b27e6838-cee8-48c3-93ac-b45d2206de0f@group-B690BFC75A3B-FollowerState] INFO  server.RaftServerConfigKeys (ConfUtils.java:logGet(46)) - raft.server.leaderelection.pre-vote = false (custom)
2022-12-02 13:56:25,280 [b27e6838-cee8-48c3-93ac-b45d2206de0f@group-B690BFC75A3B-FollowerState] INFO  impl.RoleInfo (RoleInfo.java:updateAndGet(139)) - b27e6838-cee8-48c3-93ac-b45d2206de0f: start b27e6838-cee8-48c3-93ac-b45d2206de0f@group-B690BFC75A3B-LeaderElection6
2022-12-02 13:56:25,284 [b27e6838-cee8-48c3-93ac-b45d2206de0f@group-B690BFC75A3B-LeaderElection6] INFO  impl.LeaderElection (LeaderElection.java:askForVotes(312)) - b27e6838-cee8-48c3-93ac-b45d2206de0f@group-B690BFC75A3B-LeaderElection6 ELECTION round 0: submit vote requests at term 1 for -1: peers:[8e7f0208-8622-43f9-a3a0-bde69c0a79ed|rpc:10.1.0.163:35087|priority:0|startupRole:FOLLOWER, 17c617e6-bef8-4aa5-a634-0bfba4eec40d|rpc:10.1.0.163:34401|priority:0|startupRole:FOLLOWER, b27e6838-cee8-48c3-93ac-b45d2206de0f|rpc:10.1.0.163:37205|priority:1|startupRole:FOLLOWER]|listeners:[], old=null
2022-12-02 13:56:25,285 [b27e6838-cee8-48c3-93ac-b45d2206de0f@group-B690BFC75A3B-LeaderElection6-1] INFO  server.GrpcServerProtocolClient (GrpcServerProtocolClient.java:<init>(63)) - Build channel for 8e7f0208-8622-43f9-a3a0-bde69c0a79ed
2022-12-02 13:56:25,285 [b27e6838-cee8-48c3-93ac-b45d2206de0f@group-B690BFC75A3B-LeaderElection6] INFO  server.RaftServerConfigKeys (ConfUtils.java:logFallback(53)) - raft.server.rpc.first-election.timeout.min = 5s (fallback to raft.server.rpc.timeout.min)
2022-12-02 13:56:25,285 [b27e6838-cee8-48c3-93ac-b45d2206de0f@group-B690BFC75A3B-LeaderElection6] INFO  server.RaftServerConfigKeys (ConfUtils.java:logFallback(53)) - raft.server.rpc.first-election.timeout.max = 5200ms (fallback to raft.server.rpc.timeout.max)
2022-12-02 13:56:25,285 [b27e6838-cee8-48c3-93ac-b45d2206de0f@group-B690BFC75A3B-LeaderElection6-2] INFO  server.GrpcServerProtocolClient (GrpcServerProtocolClient.java:<init>(63)) - Build channel for 17c617e6-bef8-4aa5-a634-0bfba4eec40d
2022-12-02 13:56:25,296 [EventQueue-CommandQueueReportForCommandQueueReportHandler] WARN  events.EventQueue (EventQueue.java:fireEvent(216)) - No event handler registered for event TypedEvent{payloadType=DatanodeDetails, name='Datanode_Command_Queue_Updated'}
2022-12-02 13:56:25,308 [grpc-default-executor-3] INFO  server.RaftServer$Division (RaftServerImpl.java:requestVote(1218)) - 8e7f0208-8622-43f9-a3a0-bde69c0a79ed@group-B690BFC75A3B: receive requestVote(ELECTION, b27e6838-cee8-48c3-93ac-b45d2206de0f, group-B690BFC75A3B, 1, (t:0, i:0))
2022-12-02 13:56:25,308 [grpc-default-executor-3] INFO  impl.VoteContext (VoteContext.java:log(49)) - 8e7f0208-8622-43f9-a3a0-bde69c0a79ed@group-B690BFC75A3B-FOLLOWER: accept ELECTION from b27e6838-cee8-48c3-93ac-b45d2206de0f: our priority 0 <= candidate's priority 1
2022-12-02 13:56:25,308 [grpc-default-executor-3] INFO  server.RaftServer$Division (RaftServerImpl.java:setRole(321)) - 8e7f0208-8622-43f9-a3a0-bde69c0a79ed@group-B690BFC75A3B: changes role from  FOLLOWER to FOLLOWER at term 1 for candidate:b27e6838-cee8-48c3-93ac-b45d2206de0f
2022-12-02 13:56:25,309 [grpc-default-executor-3] INFO  impl.RoleInfo (RoleInfo.java:shutdownFollowerState(110)) - 8e7f0208-8622-43f9-a3a0-bde69c0a79ed: shutdown 8e7f0208-8622-43f9-a3a0-bde69c0a79ed@group-B690BFC75A3B-FollowerState
2022-12-02 13:56:25,309 [8e7f0208-8622-43f9-a3a0-bde69c0a79ed@group-B690BFC75A3B-FollowerState] INFO  impl.FollowerState (FollowerState.java:run(152)) - 8e7f0208-8622-43f9-a3a0-bde69c0a79ed@group-B690BFC75A3B-FollowerState was interrupted
2022-12-02 13:56:25,309 [grpc-default-executor-3] INFO  impl.RoleInfo (RoleInfo.java:updateAndGet(139)) - 8e7f0208-8622-43f9-a3a0-bde69c0a79ed: start 8e7f0208-8622-43f9-a3a0-bde69c0a79ed@group-B690BFC75A3B-FollowerState
2022-12-02 13:56:25,310 [grpc-default-executor-4] INFO  server.RaftServer$Division (RaftServerImpl.java:requestVote(1218)) - 17c617e6-bef8-4aa5-a634-0bfba4eec40d@group-B690BFC75A3B: receive requestVote(ELECTION, b27e6838-cee8-48c3-93ac-b45d2206de0f, group-B690BFC75A3B, 1, (t:0, i:0))
2022-12-02 13:56:25,310 [grpc-default-executor-4] INFO  impl.VoteContext (VoteContext.java:log(49)) - 17c617e6-bef8-4aa5-a634-0bfba4eec40d@group-B690BFC75A3B-FOLLOWER: accept ELECTION from b27e6838-cee8-48c3-93ac-b45d2206de0f: our priority 0 <= candidate's priority 1
2022-12-02 13:56:25,310 [grpc-default-executor-4] INFO  server.RaftServer$Division (RaftServerImpl.java:setRole(321)) - 17c617e6-bef8-4aa5-a634-0bfba4eec40d@group-B690BFC75A3B: changes role from  FOLLOWER to FOLLOWER at term 1 for candidate:b27e6838-cee8-48c3-93ac-b45d2206de0f
2022-12-02 13:56:25,310 [grpc-default-executor-4] INFO  impl.RoleInfo (RoleInfo.java:shutdownFollowerState(110)) - 17c617e6-bef8-4aa5-a634-0bfba4eec40d: shutdown 17c617e6-bef8-4aa5-a634-0bfba4eec40d@group-B690BFC75A3B-FollowerState
2022-12-02 13:56:25,310 [17c617e6-bef8-4aa5-a634-0bfba4eec40d@group-B690BFC75A3B-FollowerState] INFO  impl.FollowerState (FollowerState.java:run(152)) - 17c617e6-bef8-4aa5-a634-0bfba4eec40d@group-B690BFC75A3B-FollowerState was interrupted
2022-12-02 13:56:25,317 [grpc-default-executor-4] INFO  impl.RoleInfo (RoleInfo.java:updateAndGet(139)) - 17c617e6-bef8-4aa5-a634-0bfba4eec40d: start 17c617e6-bef8-4aa5-a634-0bfba4eec40d@group-B690BFC75A3B-FollowerState
2022-12-02 13:56:25,318 [17c617e6-bef8-4aa5-a634-0bfba4eec40d@group-B690BFC75A3B-FollowerState] INFO  server.RaftServerConfigKeys (ConfUtils.java:logFallback(53)) - raft.server.rpc.first-election.timeout.min = 5s (fallback to raft.server.rpc.timeout.min)
2022-12-02 13:56:25,318 [17c617e6-bef8-4aa5-a634-0bfba4eec40d@group-B690BFC75A3B-FollowerState] INFO  server.RaftServerConfigKeys (ConfUtils.java:logFallback(53)) - raft.server.rpc.first-election.timeout.max = 5200ms (fallback to raft.server.rpc.timeout.max)
2022-12-02 13:56:25,318 [8e7f0208-8622-43f9-a3a0-bde69c0a79ed@group-B690BFC75A3B-FollowerState] INFO  server.RaftServerConfigKeys (ConfUtils.java:logFallback(53)) - raft.server.rpc.first-election.timeout.min = 5s (fallback to raft.server.rpc.timeout.min)
2022-12-02 13:56:25,319 [8e7f0208-8622-43f9-a3a0-bde69c0a79ed@group-B690BFC75A3B-FollowerState] INFO  server.RaftServerConfigKeys (ConfUtils.java:logFallback(53)) - raft.server.rpc.first-election.timeout.max = 5200ms (fallback to raft.server.rpc.timeout.max)
2022-12-02 13:56:25,319 [grpc-default-executor-3] INFO  server.RaftServer$Division (RaftServerImpl.java:requestVote(1251)) - 8e7f0208-8622-43f9-a3a0-bde69c0a79ed@group-B690BFC75A3B replies to ELECTION vote request: b27e6838-cee8-48c3-93ac-b45d2206de0f<-8e7f0208-8622-43f9-a3a0-bde69c0a79ed#0:OK-t1. Peer's state: 8e7f0208-8622-43f9-a3a0-bde69c0a79ed@group-B690BFC75A3B:t1, leader=null, voted=b27e6838-cee8-48c3-93ac-b45d2206de0f, raftlog=Memoized:8e7f0208-8622-43f9-a3a0-bde69c0a79ed@group-B690BFC75A3B-SegmentedRaftLog:OPENED:c-1, conf=-1: peers:[8e7f0208-8622-43f9-a3a0-bde69c0a79ed|rpc:10.1.0.163:35087|priority:0|startupRole:FOLLOWER, 17c617e6-bef8-4aa5-a634-0bfba4eec40d|rpc:10.1.0.163:34401|priority:0|startupRole:FOLLOWER, b27e6838-cee8-48c3-93ac-b45d2206de0f|rpc:10.1.0.163:37205|priority:1|startupRole:FOLLOWER]|listeners:[], old=null
2022-12-02 13:56:25,320 [grpc-default-executor-4] INFO  server.RaftServer$Division (RaftServerImpl.java:requestVote(1251)) - 17c617e6-bef8-4aa5-a634-0bfba4eec40d@group-B690BFC75A3B replies to ELECTION vote request: b27e6838-cee8-48c3-93ac-b45d2206de0f<-17c617e6-bef8-4aa5-a634-0bfba4eec40d#0:OK-t1. Peer's state: 17c617e6-bef8-4aa5-a634-0bfba4eec40d@group-B690BFC75A3B:t1, leader=null, voted=b27e6838-cee8-48c3-93ac-b45d2206de0f, raftlog=Memoized:17c617e6-bef8-4aa5-a634-0bfba4eec40d@group-B690BFC75A3B-SegmentedRaftLog:OPENED:c-1, conf=-1: peers:[8e7f0208-8622-43f9-a3a0-bde69c0a79ed|rpc:10.1.0.163:35087|priority:0|startupRole:FOLLOWER, 17c617e6-bef8-4aa5-a634-0bfba4eec40d|rpc:10.1.0.163:34401|priority:0|startupRole:FOLLOWER, b27e6838-cee8-48c3-93ac-b45d2206de0f|rpc:10.1.0.163:37205|priority:1|startupRole:FOLLOWER]|listeners:[], old=null
2022-12-02 13:56:25,324 [b27e6838-cee8-48c3-93ac-b45d2206de0f@group-B690BFC75A3B-LeaderElection6] INFO  impl.LeaderElection (LeaderElection.java:logAndReturn(90)) - b27e6838-cee8-48c3-93ac-b45d2206de0f@group-B690BFC75A3B-LeaderElection6: ELECTION PASSED received 1 response(s) and 0 exception(s):
2022-12-02 13:56:25,324 [b27e6838-cee8-48c3-93ac-b45d2206de0f@group-B690BFC75A3B-LeaderElection6] INFO  impl.LeaderElection (LeaderElection.java:logAndReturn(94)) -   Response 0: b27e6838-cee8-48c3-93ac-b45d2206de0f<-8e7f0208-8622-43f9-a3a0-bde69c0a79ed#0:OK-t1
2022-12-02 13:56:25,324 [b27e6838-cee8-48c3-93ac-b45d2206de0f@group-B690BFC75A3B-LeaderElection6] INFO  impl.LeaderElection (LeaderElection.java:askForVotes(314)) - b27e6838-cee8-48c3-93ac-b45d2206de0f@group-B690BFC75A3B-LeaderElection6 ELECTION round 0: result PASSED
2022-12-02 13:56:25,324 [b27e6838-cee8-48c3-93ac-b45d2206de0f@group-B690BFC75A3B-LeaderElection6] INFO  impl.RoleInfo (RoleInfo.java:shutdownLeaderElection(130)) - b27e6838-cee8-48c3-93ac-b45d2206de0f: shutdown b27e6838-cee8-48c3-93ac-b45d2206de0f@group-B690BFC75A3B-LeaderElection6
2022-12-02 13:56:25,324 [b27e6838-cee8-48c3-93ac-b45d2206de0f@group-B690BFC75A3B-LeaderElection6] INFO  server.RaftServer$Division (RaftServerImpl.java:setRole(321)) - b27e6838-cee8-48c3-93ac-b45d2206de0f@group-B690BFC75A3B: changes role from CANDIDATE to LEADER at term 1 for changeToLeader
2022-12-02 13:56:25,324 [b27e6838-cee8-48c3-93ac-b45d2206de0f@group-B690BFC75A3B-LeaderElection6] INFO  ratis.XceiverServerRatis (XceiverServerRatis.java:handleLeaderChangedNotification(863)) - Leader change notification received for group: group-B690BFC75A3B with new leaderId: b27e6838-cee8-48c3-93ac-b45d2206de0f
2022-12-02 13:56:25,325 [b27e6838-cee8-48c3-93ac-b45d2206de0f@group-B690BFC75A3B-LeaderElection6] INFO  server.RaftServer$Division (ServerState.java:setLeader(313)) - b27e6838-cee8-48c3-93ac-b45d2206de0f@group-B690BFC75A3B: change Leader from null to b27e6838-cee8-48c3-93ac-b45d2206de0f at term 1 for becomeLeader, leader elected after 5276ms
2022-12-02 13:56:25,325 [b27e6838-cee8-48c3-93ac-b45d2206de0f@group-B690BFC75A3B-LeaderElection6] INFO  server.RaftServerConfigKeys (ConfUtils.java:logGet(46)) - raft.server.staging.catchup.gap = 1000 (default)
2022-12-02 13:56:25,325 [b27e6838-cee8-48c3-93ac-b45d2206de0f@group-B690BFC75A3B-LeaderElection6] INFO  server.RaftServerConfigKeys (ConfUtils.java:logGet(46)) - raft.server.write.element-limit = 1024 (custom)
2022-12-02 13:56:25,325 [b27e6838-cee8-48c3-93ac-b45d2206de0f@group-B690BFC75A3B-LeaderElection6] INFO  server.RaftServerConfigKeys (ConfUtils.java:logGet(46)) - raft.server.write.byte-limit = 1024 M (=1073741824) (custom)
2022-12-02 13:56:25,326 [b27e6838-cee8-48c3-93ac-b45d2206de0f@group-B690BFC75A3B-LeaderElection6] INFO  server.RaftServerConfigKeys (ConfUtils.java:logGet(46)) - raft.server.watch.timeout = 180s (custom)
2022-12-02 13:56:25,326 [b27e6838-cee8-48c3-93ac-b45d2206de0f@group-B690BFC75A3B-LeaderElection6] INFO  server.RaftServerConfigKeys (ConfUtils.java:logGet(46)) - raft.server.watch.timeout.denomination = 1s (default)
2022-12-02 13:56:25,326 [b27e6838-cee8-48c3-93ac-b45d2206de0f@group-B690BFC75A3B-LeaderElection6] INFO  server.RaftServerConfigKeys (ConfUtils.java:logGet(46)) - raft.server.watch.element-limit = 65536 (default)
2022-12-02 13:56:25,326 [b27e6838-cee8-48c3-93ac-b45d2206de0f@group-B690BFC75A3B-LeaderElection6] INFO  server.RaftServerConfigKeys (ConfUtils.java:logGet(46)) - raft.server.write.element-limit = 1024 (custom)
2022-12-02 13:56:25,326 [b27e6838-cee8-48c3-93ac-b45d2206de0f@group-B690BFC75A3B-LeaderElection6] INFO  server.RaftServerConfigKeys (ConfUtils.java:logGet(46)) - raft.server.write.follower.gap.ratio.max = -1.0 (default)
2022-12-02 13:56:25,328 [EventQueue-CommandQueueReportForCommandQueueReportHandler] WARN  events.EventQueue (EventQueue.java:fireEvent(216)) - No event handler registered for event TypedEvent{payloadType=DatanodeDetails, name='Datanode_Command_Queue_Updated'}
2022-12-02 13:56:25,328 [EventQueue-PipelineReportForPipelineReportHandler] INFO  pipeline.PipelineManagerImpl (PipelineManagerImpl.java:openPipeline(367)) - Pipeline Pipeline[ Id: 6319aeed-fd30-406a-89e5-b690bfc75a3b, Nodes: 8e7f0208-8622-43f9-a3a0-bde69c0a79ed{ip: 10.1.0.163, host: fv-az246-718.py5defvocjqundwqxk0lumnltg.cx.internal.cloudapp.net, ports: [REPLICATION=44413, RATIS=35087, RATIS_ADMIN=35087, RATIS_SERVER=35087, STANDALONE=37909], networkLocation: /default-rack, certSerialId: null, persistedOpState: IN_SERVICE, persistedOpStateExpiryEpochSec: 0}17c617e6-bef8-4aa5-a634-0bfba4eec40d{ip: 10.1.0.163, host: fv-az246-718.py5defvocjqundwqxk0lumnltg.cx.internal.cloudapp.net, ports: [REPLICATION=36545, RATIS=34401, RATIS_ADMIN=34401, RATIS_SERVER=34401, STANDALONE=32865], networkLocation: /default-rack, certSerialId: null, persistedOpState: IN_SERVICE, persistedOpStateExpiryEpochSec: 0}b27e6838-cee8-48c3-93ac-b45d2206de0f{ip: 10.1.0.163, host: fv-az246-718.py5defvocjqundwqxk0lumnltg.cx.internal.cloudapp.net, ports: [REPLICATION=37755, RATIS=37205, RATIS_ADMIN=37205, RATIS_SERVER=37205, STANDALONE=41767], networkLocation: /default-rack, certSerialId: null, persistedOpState: IN_SERVICE, persistedOpStateExpiryEpochSec: 0}, ReplicationConfig: RATIS/THREE, State:ALLOCATED, leaderId:b27e6838-cee8-48c3-93ac-b45d2206de0f, CreationTimestamp2022-12-02T13:56:17.019Z[Etc/UTC]] moved to OPEN state
2022-12-02 13:56:25,329 [b27e6838-cee8-48c3-93ac-b45d2206de0f@group-B690BFC75A3B-LeaderElection6] INFO  server.RaftServerConfigKeys (ConfUtils.java:logGet(46)) - raft.server.log.appender.snapshot.chunk.size.max = 16MB (=16777216) (default)
2022-12-02 13:56:25,329 [b27e6838-cee8-48c3-93ac-b45d2206de0f@group-B690BFC75A3B-LeaderElection6] INFO  server.RaftServerConfigKeys (ConfUtils.java:logGet(46)) - raft.server.log.appender.buffer.byte-limit = 33554432 (custom)
2022-12-02 13:56:25,329 [b27e6838-cee8-48c3-93ac-b45d2206de0f@group-B690BFC75A3B-LeaderElection6] INFO  server.RaftServerConfigKeys (ConfUtils.java:logGet(46)) - raft.server.log.appender.buffer.element-limit = 1 (custom)
2022-12-02 13:56:25,329 [b27e6838-cee8-48c3-93ac-b45d2206de0f@group-B690BFC75A3B-LeaderElection6] INFO  grpc.GrpcConfigKeys (ConfUtils.java:logGet(46)) - raft.grpc.server.leader.outstanding.appends.max = 128 (default)
2022-12-02 13:56:25,334 [b27e6838-cee8-48c3-93ac-b45d2206de0f@group-B690BFC75A3B-LeaderElection6] INFO  server.RaftServerConfigKeys (ConfUtils.java:logGet(46)) - raft.server.rpc.request.timeout = 60s (custom)
2022-12-02 13:56:25,334 [b27e6838-cee8-48c3-93ac-b45d2206de0f@group-B690BFC75A3B-LeaderElection6] INFO  server.RaftServerConfigKeys (ConfUtils.java:logGet(46)) - raft.server.log.appender.install.snapshot.enabled = false (custom)
2022-12-02 13:56:25,334 [b27e6838-cee8-48c3-93ac-b45d2206de0f@group-B690BFC75A3B-LeaderElection6] INFO  grpc.GrpcConfigKeys (ConfUtils.java:logGet(46)) - raft.grpc.server.heartbeat.channel = true (default)
2022-12-02 13:56:25,334 [b27e6838-cee8-48c3-93ac-b45d2206de0f@group-B690BFC75A3B-LeaderElection6] INFO  server.RaftServerConfigKeys (ConfUtils.java:logGet(46)) - raft.server.log.appender.wait-time.min = 10ms (default)
2022-12-02 13:56:25,335 [b27e6838-cee8-48c3-93ac-b45d2206de0f@group-B690BFC75A3B-LeaderElection6] INFO  server.RaftServerConfigKeys (ConfUtils.java:logGet(46)) - raft.server.log.appender.snapshot.chunk.size.max = 16MB (=16777216) (default)
2022-12-02 13:56:25,335 [b27e6838-cee8-48c3-93ac-b45d2206de0f@group-B690BFC75A3B-LeaderElection6] INFO  server.RaftServerConfigKeys (ConfUtils.java:logGet(46)) - raft.server.log.appender.buffer.byte-limit = 33554432 (custom)
2022-12-02 13:56:25,335 [b27e6838-cee8-48c3-93ac-b45d2206de0f@group-B690BFC75A3B-LeaderElection6] INFO  server.RaftServerConfigKeys (ConfUtils.java:logGet(46)) - raft.server.log.appender.buffer.element-limit = 1 (custom)
2022-12-02 13:56:25,335 [b27e6838-cee8-48c3-93ac-b45d2206de0f@group-B690BFC75A3B-LeaderElection6] INFO  grpc.GrpcConfigKeys (ConfUtils.java:logGet(46)) - raft.grpc.server.leader.outstanding.appends.max = 128 (default)
2022-12-02 13:56:25,335 [b27e6838-cee8-48c3-93ac-b45d2206de0f@group-B690BFC75A3B-LeaderElection6] INFO  server.RaftServerConfigKeys (ConfUtils.java:logGet(46)) - raft.server.rpc.request.timeout = 60s (custom)
2022-12-02 13:56:25,335 [b27e6838-cee8-48c3-93ac-b45d2206de0f@group-B690BFC75A3B-LeaderElection6] INFO  server.RaftServerConfigKeys (ConfUtils.java:logGet(46)) - raft.server.log.appender.install.snapshot.enabled = false (custom)
2022-12-02 13:56:25,335 [b27e6838-cee8-48c3-93ac-b45d2206de0f@group-B690BFC75A3B-LeaderElection6] INFO  grpc.GrpcConfigKeys (ConfUtils.java:logGet(46)) - raft.grpc.server.heartbeat.channel = true (default)
2022-12-02 13:56:25,335 [b27e6838-cee8-48c3-93ac-b45d2206de0f@group-B690BFC75A3B-LeaderElection6] INFO  server.RaftServerConfigKeys (ConfUtils.java:logGet(46)) - raft.server.log.appender.wait-time.min = 10ms (default)
2022-12-02 13:56:25,336 [b27e6838-cee8-48c3-93ac-b45d2206de0f@group-B690BFC75A3B-LeaderElection6] INFO  impl.RoleInfo (RoleInfo.java:updateAndGet(139)) - b27e6838-cee8-48c3-93ac-b45d2206de0f: start b27e6838-cee8-48c3-93ac-b45d2206de0f@group-B690BFC75A3B-LeaderStateImpl
2022-12-02 13:56:25,336 [b27e6838-cee8-48c3-93ac-b45d2206de0f@group-B690BFC75A3B-LeaderElection6] INFO  segmented.SegmentedRaftLogWorker (SegmentedRaftLogWorker.java:startLogSegment(452)) - b27e6838-cee8-48c3-93ac-b45d2206de0f@group-B690BFC75A3B-SegmentedRaftLogWorker: Starting segment from index:0
2022-12-02 13:56:25,337 [b27e6838-cee8-48c3-93ac-b45d2206de0f@group-B690BFC75A3B-SegmentedRaftLogWorker] INFO  segmented.SegmentedRaftLogWorker (SegmentedRaftLogWorker.java:execute(656)) - b27e6838-cee8-48c3-93ac-b45d2206de0f@group-B690BFC75A3B-SegmentedRaftLogWorker: created new log segment /home/runner/work/ozone/ozone/hadoop-ozone/integration-test/target/test-dir/MiniOzoneClusterImpl-54b774fa-8058-4f65-8e1c-0ac417d0d4c9/datanode-2/data/ratis/6319aeed-fd30-406a-89e5-b690bfc75a3b/current/log_inprogress_0
2022-12-02 13:56:25,346 [b27e6838-cee8-48c3-93ac-b45d2206de0f@group-B690BFC75A3B-LeaderElection6] INFO  server.RaftServer$Division (ServerState.java:setRaftConf(430)) - b27e6838-cee8-48c3-93ac-b45d2206de0f@group-B690BFC75A3B: set configuration 0: peers:[8e7f0208-8622-43f9-a3a0-bde69c0a79ed|rpc:10.1.0.163:35087|dataStream:|priority:0|startupRole:FOLLOWER, 17c617e6-bef8-4aa5-a634-0bfba4eec40d|rpc:10.1.0.163:34401|dataStream:|priority:0|startupRole:FOLLOWER, b27e6838-cee8-48c3-93ac-b45d2206de0f|rpc:10.1.0.163:37205|dataStream:|priority:1|startupRole:FOLLOWER]|listeners:[], old=null
2022-12-02 13:56:25,383 [8e7f0208-8622-43f9-a3a0-bde69c0a79ed-server-thread1] INFO  ratis.XceiverServerRatis (XceiverServerRatis.java:handleLeaderChangedNotification(863)) - Leader change notification received for group: group-B690BFC75A3B with new leaderId: b27e6838-cee8-48c3-93ac-b45d2206de0f
2022-12-02 13:56:25,383 [8e7f0208-8622-43f9-a3a0-bde69c0a79ed-server-thread1] INFO  server.RaftServer$Division (ServerState.java:setLeader(313)) - 8e7f0208-8622-43f9-a3a0-bde69c0a79ed@group-B690BFC75A3B: change Leader from null to b27e6838-cee8-48c3-93ac-b45d2206de0f at term 1 for appendEntries, leader elected after 5239ms
2022-12-02 13:56:25,387 [8e7f0208-8622-43f9-a3a0-bde69c0a79ed-server-thread2] INFO  server.RaftServer$Division (ServerState.java:setRaftConf(430)) - 8e7f0208-8622-43f9-a3a0-bde69c0a79ed@group-B690BFC75A3B: set configuration 0: peers:[8e7f0208-8622-43f9-a3a0-bde69c0a79ed|rpc:10.1.0.163:35087|dataStream:|priority:0|startupRole:FOLLOWER, 17c617e6-bef8-4aa5-a634-0bfba4eec40d|rpc:10.1.0.163:34401|dataStream:|priority:0|startupRole:FOLLOWER, b27e6838-cee8-48c3-93ac-b45d2206de0f|rpc:10.1.0.163:37205|dataStream:|priority:1|startupRole:FOLLOWER]|listeners:[], old=null
2022-12-02 13:56:25,387 [8e7f0208-8622-43f9-a3a0-bde69c0a79ed-server-thread2] INFO  segmented.SegmentedRaftLogWorker (SegmentedRaftLogWorker.java:startLogSegment(452)) - 8e7f0208-8622-43f9-a3a0-bde69c0a79ed@group-B690BFC75A3B-SegmentedRaftLogWorker: Starting segment from index:0
2022-12-02 13:56:25,389 [17c617e6-bef8-4aa5-a634-0bfba4eec40d-server-thread1] INFO  ratis.XceiverServerRatis (XceiverServerRatis.java:handleLeaderChangedNotification(863)) - Leader change notification received for group: group-B690BFC75A3B with new leaderId: b27e6838-cee8-48c3-93ac-b45d2206de0f
2022-12-02 13:56:25,389 [17c617e6-bef8-4aa5-a634-0bfba4eec40d-server-thread1] INFO  server.RaftServer$Division (ServerState.java:setLeader(313)) - 17c617e6-bef8-4aa5-a634-0bfba4eec40d@group-B690BFC75A3B: change Leader from null to b27e6838-cee8-48c3-93ac-b45d2206de0f at term 1 for appendEntries, leader elected after 4860ms
2022-12-02 13:56:25,393 [17c617e6-bef8-4aa5-a634-0bfba4eec40d-server-thread2] INFO  server.RaftServer$Division (ServerState.java:setRaftConf(430)) - 17c617e6-bef8-4aa5-a634-0bfba4eec40d@group-B690BFC75A3B: set configuration 0: peers:[8e7f0208-8622-43f9-a3a0-bde69c0a79ed|rpc:10.1.0.163:35087|dataStream:|priority:0|startupRole:FOLLOWER, 17c617e6-bef8-4aa5-a634-0bfba4eec40d|rpc:10.1.0.163:34401|dataStream:|priority:0|startupRole:FOLLOWER, b27e6838-cee8-48c3-93ac-b45d2206de0f|rpc:10.1.0.163:37205|dataStream:|priority:1|startupRole:FOLLOWER]|listeners:[], old=null
2022-12-02 13:56:25,393 [17c617e6-bef8-4aa5-a634-0bfba4eec40d-server-thread2] INFO  segmented.SegmentedRaftLogWorker (SegmentedRaftLogWorker.java:startLogSegment(452)) - 17c617e6-bef8-4aa5-a634-0bfba4eec40d@group-B690BFC75A3B-SegmentedRaftLogWorker: Starting segment from index:0
2022-12-02 13:56:25,394 [17c617e6-bef8-4aa5-a634-0bfba4eec40d@group-B690BFC75A3B-SegmentedRaftLogWorker] INFO  segmented.SegmentedRaftLogWorker (SegmentedRaftLogWorker.java:execute(656)) - 17c617e6-bef8-4aa5-a634-0bfba4eec40d@group-B690BFC75A3B-SegmentedRaftLogWorker: created new log segment /home/runner/work/ozone/ozone/hadoop-ozone/integration-test/target/test-dir/MiniOzoneClusterImpl-54b774fa-8058-4f65-8e1c-0ac417d0d4c9/datanode-0/data/ratis/6319aeed-fd30-406a-89e5-b690bfc75a3b/current/log_inprogress_0
2022-12-02 13:56:25,396 [8e7f0208-8622-43f9-a3a0-bde69c0a79ed@group-B690BFC75A3B-SegmentedRaftLogWorker] INFO  segmented.SegmentedRaftLogWorker (SegmentedRaftLogWorker.java:execute(656)) - 8e7f0208-8622-43f9-a3a0-bde69c0a79ed@group-B690BFC75A3B-SegmentedRaftLogWorker: created new log segment /home/runner/work/ozone/ozone/hadoop-ozone/integration-test/target/test-dir/MiniOzoneClusterImpl-54b774fa-8058-4f65-8e1c-0ac417d0d4c9/datanode-1/data/ratis/6319aeed-fd30-406a-89e5-b690bfc75a3b/current/log_inprogress_0
2022-12-02 13:56:25,446 [Listener at 127.0.0.1/44033] INFO  ozone.MiniOzoneClusterImpl (MiniOzoneClusterImpl.java:lambda$waitForClusterToBeReady$0(216)) - Nodes are ready. Got 7 of 7 DN Heartbeats.
2022-12-02 13:56:25,447 [Listener at 127.0.0.1/44033] INFO  ozone.MiniOzoneClusterImpl (MiniOzoneClusterImpl.java:lambda$waitForClusterToBeReady$0(219)) - Cluster exits safe mode
2022-12-02 13:56:25,447 [Listener at 127.0.0.1/44033] INFO  ozone.MiniOzoneClusterImpl (MiniOzoneClusterImpl.java:lambda$waitForClusterToBeReady$0(221)) - SCM became leader
2022-12-02 13:56:25,464 [EventQueue-CommandQueueReportForCommandQueueReportHandler] WARN  events.EventQueue (EventQueue.java:fireEvent(216)) - No event handler registered for event TypedEvent{payloadType=DatanodeDetails, name='Datanode_Command_Queue_Updated'}
2022-12-02 13:56:25,586 [925e8f4f-fc98-43cb-bc65-0e4c101f5ebe@group-E7EF25D8AFE4-FollowerState] INFO  impl.FollowerState (FollowerState.java:run(143)) - 925e8f4f-fc98-43cb-bc65-0e4c101f5ebe@group-E7EF25D8AFE4-FollowerState: change to CANDIDATE, lastRpcElapsedTime:5014627333ns, electionTimeout:5012ms
2022-12-02 13:56:25,586 [925e8f4f-fc98-43cb-bc65-0e4c101f5ebe@group-E7EF25D8AFE4-FollowerState] INFO  impl.RoleInfo (RoleInfo.java:shutdownFollowerState(110)) - 925e8f4f-fc98-43cb-bc65-0e4c101f5ebe: shutdown 925e8f4f-fc98-43cb-bc65-0e4c101f5ebe@group-E7EF25D8AFE4-FollowerState
2022-12-02 13:56:25,586 [925e8f4f-fc98-43cb-bc65-0e4c101f5ebe@group-E7EF25D8AFE4-FollowerState] INFO  server.RaftServer$Division (RaftServerImpl.java:setRole(321)) - 925e8f4f-fc98-43cb-bc65-0e4c101f5ebe@group-E7EF25D8AFE4: changes role from  FOLLOWER to CANDIDATE at term 0 for changeToCandidate
2022-12-02 13:56:25,596 [925e8f4f-fc98-43cb-bc65-0e4c101f5ebe@group-E7EF25D8AFE4-FollowerState] INFO  server.RaftServerConfigKeys (ConfUtils.java:logGet(46)) - raft.server.leaderelection.pre-vote = false (custom)
2022-12-02 13:56:25,597 [925e8f4f-fc98-43cb-bc65-0e4c101f5ebe@group-E7EF25D8AFE4-FollowerState] INFO  impl.RoleInfo (RoleInfo.java:updateAndGet(139)) - 925e8f4f-fc98-43cb-bc65-0e4c101f5ebe: start 925e8f4f-fc98-43cb-bc65-0e4c101f5ebe@group-E7EF25D8AFE4-LeaderElection7
2022-12-02 13:56:25,613 [925e8f4f-fc98-43cb-bc65-0e4c101f5ebe@group-E7EF25D8AFE4-LeaderElection7] INFO  impl.LeaderElection (LeaderElection.java:askForVotes(312)) - 925e8f4f-fc98-43cb-bc65-0e4c101f5ebe@group-E7EF25D8AFE4-LeaderElection7 ELECTION round 0: submit vote requests at term 1 for -1: peers:[4d9c5b7e-d393-45ed-b870-ebf9f6356405|rpc:10.1.0.163:36463|priority:0|startupRole:FOLLOWER, 925e8f4f-fc98-43cb-bc65-0e4c101f5ebe|rpc:10.1.0.163:44405|priority:0|startupRole:FOLLOWER, e9939b6b-a755-45ab-a1e0-5fd09d343461|rpc:10.1.0.163:38091|priority:1|startupRole:FOLLOWER]|listeners:[], old=null
2022-12-02 13:56:25,619 [925e8f4f-fc98-43cb-bc65-0e4c101f5ebe@group-E7EF25D8AFE4-LeaderElection7-1] INFO  server.GrpcServerProtocolClient (GrpcServerProtocolClient.java:<init>(63)) - Build channel for 4d9c5b7e-d393-45ed-b870-ebf9f6356405
2022-12-02 13:56:25,623 [925e8f4f-fc98-43cb-bc65-0e4c101f5ebe@group-E7EF25D8AFE4-LeaderElection7] INFO  server.RaftServerConfigKeys (ConfUtils.java:logFallback(53)) - raft.server.rpc.first-election.timeout.min = 5s (fallback to raft.server.rpc.timeout.min)
2022-12-02 13:56:25,623 [925e8f4f-fc98-43cb-bc65-0e4c101f5ebe@group-E7EF25D8AFE4-LeaderElection7] INFO  server.RaftServerConfigKeys (ConfUtils.java:logFallback(53)) - raft.server.rpc.first-election.timeout.max = 5200ms (fallback to raft.server.rpc.timeout.max)
2022-12-02 13:56:25,623 [925e8f4f-fc98-43cb-bc65-0e4c101f5ebe@group-E7EF25D8AFE4-LeaderElection7-2] INFO  server.GrpcServerProtocolClient (GrpcServerProtocolClient.java:<init>(63)) - Build channel for e9939b6b-a755-45ab-a1e0-5fd09d343461
2022-12-02 13:56:25,624 [925e8f4f-fc98-43cb-bc65-0e4c101f5ebe@group-4051B2DB8663-FollowerState] INFO  impl.FollowerState (FollowerState.java:run(143)) - 925e8f4f-fc98-43cb-bc65-0e4c101f5ebe@group-4051B2DB8663-FollowerState: change to CANDIDATE, lastRpcElapsedTime:5137566004ns, electionTimeout:5128ms
2022-12-02 13:56:25,624 [925e8f4f-fc98-43cb-bc65-0e4c101f5ebe@group-4051B2DB8663-FollowerState] INFO  impl.RoleInfo (RoleInfo.java:shutdownFollowerState(110)) - 925e8f4f-fc98-43cb-bc65-0e4c101f5ebe: shutdown 925e8f4f-fc98-43cb-bc65-0e4c101f5ebe@group-4051B2DB8663-FollowerState
2022-12-02 13:56:25,625 [925e8f4f-fc98-43cb-bc65-0e4c101f5ebe@group-4051B2DB8663-FollowerState] INFO  server.RaftServer$Division (RaftServerImpl.java:setRole(321)) - 925e8f4f-fc98-43cb-bc65-0e4c101f5ebe@group-4051B2DB8663: changes role from  FOLLOWER to CANDIDATE at term 0 for changeToCandidate
2022-12-02 13:56:25,625 [925e8f4f-fc98-43cb-bc65-0e4c101f5ebe@group-4051B2DB8663-FollowerState] INFO  server.RaftServerConfigKeys (ConfUtils.java:logGet(46)) - raft.server.leaderelection.pre-vote = false (custom)
2022-12-02 13:56:25,625 [925e8f4f-fc98-43cb-bc65-0e4c101f5ebe@group-4051B2DB8663-FollowerState] INFO  impl.RoleInfo (RoleInfo.java:updateAndGet(139)) - 925e8f4f-fc98-43cb-bc65-0e4c101f5ebe: start 925e8f4f-fc98-43cb-bc65-0e4c101f5ebe@group-4051B2DB8663-LeaderElection8
2022-12-02 13:56:25,650 [925e8f4f-fc98-43cb-bc65-0e4c101f5ebe@group-4051B2DB8663-LeaderElection8] INFO  impl.LeaderElection (LeaderElection.java:askForVotes(312)) - 925e8f4f-fc98-43cb-bc65-0e4c101f5ebe@group-4051B2DB8663-LeaderElection8 ELECTION round 0: submit vote requests at term 1 for -1: peers:[925e8f4f-fc98-43cb-bc65-0e4c101f5ebe|rpc:10.1.0.163:44405|priority:1|startupRole:FOLLOWER]|listeners:[], old=null
2022-12-02 13:56:25,650 [925e8f4f-fc98-43cb-bc65-0e4c101f5ebe@group-4051B2DB8663-LeaderElection8] INFO  impl.LeaderElection (LeaderElection.java:askForVotes(314)) - 925e8f4f-fc98-43cb-bc65-0e4c101f5ebe@group-4051B2DB8663-LeaderElection8 ELECTION round 0: result PASSED (term=1)
2022-12-02 13:56:25,650 [925e8f4f-fc98-43cb-bc65-0e4c101f5ebe@group-4051B2DB8663-LeaderElection8] INFO  impl.RoleInfo (RoleInfo.java:shutdownLeaderElection(130)) - 925e8f4f-fc98-43cb-bc65-0e4c101f5ebe: shutdown 925e8f4f-fc98-43cb-bc65-0e4c101f5ebe@group-4051B2DB8663-LeaderElection8
2022-12-02 13:56:25,650 [925e8f4f-fc98-43cb-bc65-0e4c101f5ebe@group-4051B2DB8663-LeaderElection8] INFO  server.RaftServer$Division (RaftServerImpl.java:setRole(321)) - 925e8f4f-fc98-43cb-bc65-0e4c101f5ebe@group-4051B2DB8663: changes role from CANDIDATE to LEADER at term 1 for changeToLeader
2022-12-02 13:56:25,650 [925e8f4f-fc98-43cb-bc65-0e4c101f5ebe@group-4051B2DB8663-LeaderElection8] INFO  ratis.XceiverServerRatis (XceiverServerRatis.java:handleLeaderChangedNotification(863)) - Leader change notification received for group: group-4051B2DB8663 with new leaderId: 925e8f4f-fc98-43cb-bc65-0e4c101f5ebe
2022-12-02 13:56:25,650 [925e8f4f-fc98-43cb-bc65-0e4c101f5ebe@group-4051B2DB8663-LeaderElection8] INFO  server.RaftServer$Division (ServerState.java:setLeader(313)) - 925e8f4f-fc98-43cb-bc65-0e4c101f5ebe@group-4051B2DB8663: change Leader from null to 925e8f4f-fc98-43cb-bc65-0e4c101f5ebe at term 1 for becomeLeader, leader elected after 5196ms
2022-12-02 13:56:25,651 [925e8f4f-fc98-43cb-bc65-0e4c101f5ebe@group-4051B2DB8663-LeaderElection8] INFO  server.RaftServerConfigKeys (ConfUtils.java:logGet(46)) - raft.server.staging.catchup.gap = 1000 (default)
2022-12-02 13:56:25,651 [925e8f4f-fc98-43cb-bc65-0e4c101f5ebe@group-4051B2DB8663-LeaderElection8] INFO  server.RaftServerConfigKeys (ConfUtils.java:logGet(46)) - raft.server.write.element-limit = 1024 (custom)
2022-12-02 13:56:25,651 [925e8f4f-fc98-43cb-bc65-0e4c101f5ebe@group-4051B2DB8663-LeaderElection8] INFO  server.RaftServerConfigKeys (ConfUtils.java:logGet(46)) - raft.server.write.byte-limit = 1024 M (=1073741824) (custom)
2022-12-02 13:56:25,651 [925e8f4f-fc98-43cb-bc65-0e4c101f5ebe@group-4051B2DB8663-LeaderElection8] INFO  server.RaftServerConfigKeys (ConfUtils.java:logGet(46)) - raft.server.watch.timeout = 180s (custom)
2022-12-02 13:56:25,651 [925e8f4f-fc98-43cb-bc65-0e4c101f5ebe@group-4051B2DB8663-LeaderElection8] INFO  server.RaftServerConfigKeys (ConfUtils.java:logGet(46)) - raft.server.watch.timeout.denomination = 1s (default)
2022-12-02 13:56:25,651 [925e8f4f-fc98-43cb-bc65-0e4c101f5ebe@group-4051B2DB8663-LeaderElection8] INFO  server.RaftServerConfigKeys (ConfUtils.java:logGet(46)) - raft.server.watch.element-limit = 65536 (default)
2022-12-02 13:56:25,651 [925e8f4f-fc98-43cb-bc65-0e4c101f5ebe@group-4051B2DB8663-LeaderElection8] INFO  server.RaftServerConfigKeys (ConfUtils.java:logGet(46)) - raft.server.write.element-limit = 1024 (custom)
2022-12-02 13:56:25,651 [925e8f4f-fc98-43cb-bc65-0e4c101f5ebe@group-4051B2DB8663-LeaderElection8] INFO  server.RaftServerConfigKeys (ConfUtils.java:logGet(46)) - raft.server.write.follower.gap.ratio.max = -1.0 (default)
2022-12-02 13:56:25,651 [925e8f4f-fc98-43cb-bc65-0e4c101f5ebe@group-4051B2DB8663-LeaderElection8] INFO  impl.RoleInfo (RoleInfo.java:updateAndGet(139)) - 925e8f4f-fc98-43cb-bc65-0e4c101f5ebe: start 925e8f4f-fc98-43cb-bc65-0e4c101f5ebe@group-4051B2DB8663-LeaderStateImpl
2022-12-02 13:56:25,652 [925e8f4f-fc98-43cb-bc65-0e4c101f5ebe@group-4051B2DB8663-LeaderElection8] INFO  segmented.SegmentedRaftLogWorker (SegmentedRaftLogWorker.java:startLogSegment(452)) - 925e8f4f-fc98-43cb-bc65-0e4c101f5ebe@group-4051B2DB8663-SegmentedRaftLogWorker: Starting segment from index:0
2022-12-02 13:56:25,655 [EventQueue-CommandQueueReportForCommandQueueReportHandler] WARN  events.EventQueue (EventQueue.java:fireEvent(216)) - No event handler registered for event TypedEvent{payloadType=DatanodeDetails, name='Datanode_Command_Queue_Updated'}
2022-12-02 13:56:25,656 [925e8f4f-fc98-43cb-bc65-0e4c101f5ebe@group-4051B2DB8663-SegmentedRaftLogWorker] INFO  segmented.SegmentedRaftLogWorker (SegmentedRaftLogWorker.java:execute(656)) - 925e8f4f-fc98-43cb-bc65-0e4c101f5ebe@group-4051B2DB8663-SegmentedRaftLogWorker: created new log segment /home/runner/work/ozone/ozone/hadoop-ozone/integration-test/target/test-dir/MiniOzoneClusterImpl-54b774fa-8058-4f65-8e1c-0ac417d0d4c9/datanode-3/data/ratis/e2cba826-600a-4a54-887c-4051b2db8663/current/log_inprogress_0
2022-12-02 13:56:25,663 [925e8f4f-fc98-43cb-bc65-0e4c101f5ebe@group-4051B2DB8663-LeaderElection8] INFO  server.RaftServer$Division (ServerState.java:setRaftConf(430)) - 925e8f4f-fc98-43cb-bc65-0e4c101f5ebe@group-4051B2DB8663: set configuration 0: peers:[925e8f4f-fc98-43cb-bc65-0e4c101f5ebe|rpc:10.1.0.163:44405|dataStream:|priority:1|startupRole:FOLLOWER]|listeners:[], old=null
2022-12-02 13:56:25,664 [grpc-default-executor-6] INFO  server.RaftServer$Division (RaftServerImpl.java:requestVote(1218)) - 4d9c5b7e-d393-45ed-b870-ebf9f6356405@group-E7EF25D8AFE4: receive requestVote(ELECTION, 925e8f4f-fc98-43cb-bc65-0e4c101f5ebe, group-E7EF25D8AFE4, 1, (t:0, i:0))
2022-12-02 13:56:25,664 [grpc-default-executor-6] INFO  impl.VoteContext (VoteContext.java:log(49)) - 4d9c5b7e-d393-45ed-b870-ebf9f6356405@group-E7EF25D8AFE4-FOLLOWER: accept ELECTION from 925e8f4f-fc98-43cb-bc65-0e4c101f5ebe: our priority 0 <= candidate's priority 0
2022-12-02 13:56:25,664 [grpc-default-executor-6] INFO  server.RaftServer$Division (RaftServerImpl.java:setRole(321)) - 4d9c5b7e-d393-45ed-b870-ebf9f6356405@group-E7EF25D8AFE4: changes role from  FOLLOWER to FOLLOWER at term 1 for candidate:925e8f4f-fc98-43cb-bc65-0e4c101f5ebe
2022-12-02 13:56:25,664 [grpc-default-executor-6] INFO  impl.RoleInfo (RoleInfo.java:shutdownFollowerState(110)) - 4d9c5b7e-d393-45ed-b870-ebf9f6356405: shutdown 4d9c5b7e-d393-45ed-b870-ebf9f6356405@group-E7EF25D8AFE4-FollowerState
2022-12-02 13:56:25,664 [grpc-default-executor-6] INFO  impl.RoleInfo (RoleInfo.java:updateAndGet(139)) - 4d9c5b7e-d393-45ed-b870-ebf9f6356405: start 4d9c5b7e-d393-45ed-b870-ebf9f6356405@group-E7EF25D8AFE4-FollowerState
2022-12-02 13:56:25,664 [4d9c5b7e-d393-45ed-b870-ebf9f6356405@group-E7EF25D8AFE4-FollowerState] INFO  impl.FollowerState (FollowerState.java:run(152)) - 4d9c5b7e-d393-45ed-b870-ebf9f6356405@group-E7EF25D8AFE4-FollowerState was interrupted
2022-12-02 13:56:25,670 [grpc-default-executor-6] INFO  server.RaftServer$Division (RaftServerImpl.java:requestVote(1251)) - 4d9c5b7e-d393-45ed-b870-ebf9f6356405@group-E7EF25D8AFE4 replies to ELECTION vote request: 925e8f4f-fc98-43cb-bc65-0e4c101f5ebe<-4d9c5b7e-d393-45ed-b870-ebf9f6356405#0:OK-t1. Peer's state: 4d9c5b7e-d393-45ed-b870-ebf9f6356405@group-E7EF25D8AFE4:t1, leader=null, voted=925e8f4f-fc98-43cb-bc65-0e4c101f5ebe, raftlog=Memoized:4d9c5b7e-d393-45ed-b870-ebf9f6356405@group-E7EF25D8AFE4-SegmentedRaftLog:OPENED:c-1, conf=-1: peers:[4d9c5b7e-d393-45ed-b870-ebf9f6356405|rpc:10.1.0.163:36463|dataStream:|priority:0|startupRole:FOLLOWER, 925e8f4f-fc98-43cb-bc65-0e4c101f5ebe|rpc:10.1.0.163:44405|dataStream:|priority:0|startupRole:FOLLOWER, e9939b6b-a755-45ab-a1e0-5fd09d343461|rpc:10.1.0.163:38091|dataStream:|priority:1|startupRole:FOLLOWER]|listeners:[], old=null
2022-12-02 13:56:25,675 [4d9c5b7e-d393-45ed-b870-ebf9f6356405@group-E7EF25D8AFE4-FollowerState] INFO  server.RaftServerConfigKeys (ConfUtils.java:logFallback(53)) - raft.server.rpc.first-election.timeout.min = 5s (fallback to raft.server.rpc.timeout.min)
2022-12-02 13:56:25,675 [4d9c5b7e-d393-45ed-b870-ebf9f6356405@group-E7EF25D8AFE4-FollowerState] INFO  server.RaftServerConfigKeys (ConfUtils.java:logFallback(53)) - raft.server.rpc.first-election.timeout.max = 5200ms (fallback to raft.server.rpc.timeout.max)
2022-12-02 13:56:25,675 [grpc-default-executor-1] INFO  server.RaftServer$Division (RaftServerImpl.java:requestVote(1218)) - e9939b6b-a755-45ab-a1e0-5fd09d343461@group-E7EF25D8AFE4: receive requestVote(ELECTION, 925e8f4f-fc98-43cb-bc65-0e4c101f5ebe, group-E7EF25D8AFE4, 1, (t:0, i:0))
2022-12-02 13:56:25,675 [grpc-default-executor-1] INFO  impl.VoteContext (VoteContext.java:log(49)) - e9939b6b-a755-45ab-a1e0-5fd09d343461@group-E7EF25D8AFE4-FOLLOWER: reject ELECTION from 925e8f4f-fc98-43cb-bc65-0e4c101f5ebe: our priority 1 > candidate's priority 0
2022-12-02 13:56:25,675 [grpc-default-executor-1] INFO  server.RaftServer$Division (RaftServerImpl.java:setRole(321)) - e9939b6b-a755-45ab-a1e0-5fd09d343461@group-E7EF25D8AFE4: changes role from  FOLLOWER to FOLLOWER at term 1 for candidate:925e8f4f-fc98-43cb-bc65-0e4c101f5ebe
2022-12-02 13:56:25,675 [grpc-default-executor-1] INFO  impl.RoleInfo (RoleInfo.java:shutdownFollowerState(110)) - e9939b6b-a755-45ab-a1e0-5fd09d343461: shutdown e9939b6b-a755-45ab-a1e0-5fd09d343461@group-E7EF25D8AFE4-FollowerState
2022-12-02 13:56:25,676 [e9939b6b-a755-45ab-a1e0-5fd09d343461@group-E7EF25D8AFE4-FollowerState] INFO  impl.FollowerState (FollowerState.java:run(152)) - e9939b6b-a755-45ab-a1e0-5fd09d343461@group-E7EF25D8AFE4-FollowerState was interrupted
2022-12-02 13:56:25,676 [grpc-default-executor-1] INFO  impl.RoleInfo (RoleInfo.java:updateAndGet(139)) - e9939b6b-a755-45ab-a1e0-5fd09d343461: start e9939b6b-a755-45ab-a1e0-5fd09d343461@group-E7EF25D8AFE4-FollowerState
2022-12-02 13:56:25,686 [e9939b6b-a755-45ab-a1e0-5fd09d343461@group-E7EF25D8AFE4-FollowerState] INFO  server.RaftServerConfigKeys (ConfUtils.java:logFallback(53)) - raft.server.rpc.first-election.timeout.min = 5s (fallback to raft.server.rpc.timeout.min)
2022-12-02 13:56:25,686 [e9939b6b-a755-45ab-a1e0-5fd09d343461@group-E7EF25D8AFE4-FollowerState] INFO  server.RaftServerConfigKeys (ConfUtils.java:logFallback(53)) - raft.server.rpc.first-election.timeout.max = 5200ms (fallback to raft.server.rpc.timeout.max)
2022-12-02 13:56:25,704 [grpc-default-executor-1] INFO  server.RaftServer$Division (RaftServerImpl.java:requestVote(1251)) - e9939b6b-a755-45ab-a1e0-5fd09d343461@group-E7EF25D8AFE4 replies to ELECTION vote request: 925e8f4f-fc98-43cb-bc65-0e4c101f5ebe<-e9939b6b-a755-45ab-a1e0-5fd09d343461#0:FAIL-t1. Peer's state: e9939b6b-a755-45ab-a1e0-5fd09d343461@group-E7EF25D8AFE4:t1, leader=null, voted=null, raftlog=Memoized:e9939b6b-a755-45ab-a1e0-5fd09d343461@group-E7EF25D8AFE4-SegmentedRaftLog:OPENED:c-1, conf=-1: peers:[4d9c5b7e-d393-45ed-b870-ebf9f6356405|rpc:10.1.0.163:36463|dataStream:|priority:0|startupRole:FOLLOWER, 925e8f4f-fc98-43cb-bc65-0e4c101f5ebe|rpc:10.1.0.163:44405|dataStream:|priority:0|startupRole:FOLLOWER, e9939b6b-a755-45ab-a1e0-5fd09d343461|rpc:10.1.0.163:38091|dataStream:|priority:1|startupRole:FOLLOWER]|listeners:[], old=null
2022-12-02 13:56:25,710 [925e8f4f-fc98-43cb-bc65-0e4c101f5ebe@group-E7EF25D8AFE4-LeaderElection7] INFO  impl.LeaderElection (LeaderElection.java:logAndReturn(90)) - 925e8f4f-fc98-43cb-bc65-0e4c101f5ebe@group-E7EF25D8AFE4-LeaderElection7: ELECTION REJECTED received 2 response(s) and 0 exception(s):
2022-12-02 13:56:25,710 [925e8f4f-fc98-43cb-bc65-0e4c101f5ebe@group-E7EF25D8AFE4-LeaderElection7] INFO  impl.LeaderElection (LeaderElection.java:logAndReturn(94)) -   Response 0: 925e8f4f-fc98-43cb-bc65-0e4c101f5ebe<-4d9c5b7e-d393-45ed-b870-ebf9f6356405#0:OK-t1
2022-12-02 13:56:25,710 [925e8f4f-fc98-43cb-bc65-0e4c101f5ebe@group-E7EF25D8AFE4-LeaderElection7] INFO  impl.LeaderElection (LeaderElection.java:logAndReturn(94)) -   Response 1: 925e8f4f-fc98-43cb-bc65-0e4c101f5ebe<-e9939b6b-a755-45ab-a1e0-5fd09d343461#0:FAIL-t1
2022-12-02 13:56:25,710 [925e8f4f-fc98-43cb-bc65-0e4c101f5ebe@group-E7EF25D8AFE4-LeaderElection7] INFO  impl.LeaderElection (LeaderElection.java:askForVotes(314)) - 925e8f4f-fc98-43cb-bc65-0e4c101f5ebe@group-E7EF25D8AFE4-LeaderElection7 ELECTION round 0: result REJECTED
2022-12-02 13:56:25,710 [925e8f4f-fc98-43cb-bc65-0e4c101f5ebe@group-E7EF25D8AFE4-LeaderElection7] INFO  server.RaftServer$Division (RaftServerImpl.java:setRole(321)) - 925e8f4f-fc98-43cb-bc65-0e4c101f5ebe@group-E7EF25D8AFE4: changes role from CANDIDATE to FOLLOWER at term 1 for REJECTED
2022-12-02 13:56:25,710 [925e8f4f-fc98-43cb-bc65-0e4c101f5ebe@group-E7EF25D8AFE4-LeaderElection7] INFO  impl.RoleInfo (RoleInfo.java:shutdownLeaderElection(130)) - 925e8f4f-fc98-43cb-bc65-0e4c101f5ebe: shutdown 925e8f4f-fc98-43cb-bc65-0e4c101f5ebe@group-E7EF25D8AFE4-LeaderElection7
2022-12-02 13:56:25,710 [925e8f4f-fc98-43cb-bc65-0e4c101f5ebe@group-E7EF25D8AFE4-LeaderElection7] INFO  impl.RoleInfo (RoleInfo.java:updateAndGet(139)) - 925e8f4f-fc98-43cb-bc65-0e4c101f5ebe: start 925e8f4f-fc98-43cb-bc65-0e4c101f5ebe@group-E7EF25D8AFE4-FollowerState
2022-12-02 13:56:25,719 [4d9c5b7e-d393-45ed-b870-ebf9f6356405@group-51C550399DFE-FollowerState] INFO  impl.FollowerState (FollowerState.java:run(143)) - 4d9c5b7e-d393-45ed-b870-ebf9f6356405@group-51C550399DFE-FollowerState: change to CANDIDATE, lastRpcElapsedTime:5027230868ns, electionTimeout:5006ms
2022-12-02 13:56:25,719 [925e8f4f-fc98-43cb-bc65-0e4c101f5ebe@group-E7EF25D8AFE4-FollowerState] INFO  server.RaftServerConfigKeys (ConfUtils.java:logFallback(53)) - raft.server.rpc.first-election.timeout.min = 5s (fallback to raft.server.rpc.timeout.min)
2022-12-02 13:56:25,719 [4d9c5b7e-d393-45ed-b870-ebf9f6356405@group-51C550399DFE-FollowerState] INFO  impl.RoleInfo (RoleInfo.java:shutdownFollowerState(110)) - 4d9c5b7e-d393-45ed-b870-ebf9f6356405: shutdown 4d9c5b7e-d393-45ed-b870-ebf9f6356405@group-51C550399DFE-FollowerState
2022-12-02 13:56:25,719 [925e8f4f-fc98-43cb-bc65-0e4c101f5ebe@group-E7EF25D8AFE4-FollowerState] INFO  server.RaftServerConfigKeys (ConfUtils.java:logFallback(53)) - raft.server.rpc.first-election.timeout.max = 5200ms (fallback to raft.server.rpc.timeout.max)
2022-12-02 13:56:25,719 [4d9c5b7e-d393-45ed-b870-ebf9f6356405@group-51C550399DFE-FollowerState] INFO  server.RaftServer$Division (RaftServerImpl.java:setRole(321)) - 4d9c5b7e-d393-45ed-b870-ebf9f6356405@group-51C550399DFE: changes role from  FOLLOWER to CANDIDATE at term 0 for changeToCandidate
2022-12-02 13:56:25,719 [4d9c5b7e-d393-45ed-b870-ebf9f6356405@group-51C550399DFE-FollowerState] INFO  server.RaftServerConfigKeys (ConfUtils.java:logGet(46)) - raft.server.leaderelection.pre-vote = false (custom)
2022-12-02 13:56:25,719 [4d9c5b7e-d393-45ed-b870-ebf9f6356405@group-51C550399DFE-FollowerState] INFO  impl.RoleInfo (RoleInfo.java:updateAndGet(139)) - 4d9c5b7e-d393-45ed-b870-ebf9f6356405: start 4d9c5b7e-d393-45ed-b870-ebf9f6356405@group-51C550399DFE-LeaderElection9
2022-12-02 13:56:25,730 [4d9c5b7e-d393-45ed-b870-ebf9f6356405@group-51C550399DFE-LeaderElection9] INFO  impl.LeaderElection (LeaderElection.java:askForVotes(312)) - 4d9c5b7e-d393-45ed-b870-ebf9f6356405@group-51C550399DFE-LeaderElection9 ELECTION round 0: submit vote requests at term 1 for -1: peers:[4d9c5b7e-d393-45ed-b870-ebf9f6356405|rpc:10.1.0.163:36463|priority:1|startupRole:FOLLOWER]|listeners:[], old=null
2022-12-02 13:56:25,730 [4d9c5b7e-d393-45ed-b870-ebf9f6356405@group-51C550399DFE-LeaderElection9] INFO  impl.LeaderElection (LeaderElection.java:askForVotes(314)) - 4d9c5b7e-d393-45ed-b870-ebf9f6356405@group-51C550399DFE-LeaderElection9 ELECTION round 0: result PASSED (term=1)
2022-12-02 13:56:25,731 [4d9c5b7e-d393-45ed-b870-ebf9f6356405@group-51C550399DFE-LeaderElection9] INFO  impl.RoleInfo (RoleInfo.java:shutdownLeaderElection(130)) - 4d9c5b7e-d393-45ed-b870-ebf9f6356405: shutdown 4d9c5b7e-d393-45ed-b870-ebf9f6356405@group-51C550399DFE-LeaderElection9
2022-12-02 13:56:25,731 [4d9c5b7e-d393-45ed-b870-ebf9f6356405@group-51C550399DFE-LeaderElection9] INFO  server.RaftServer$Division (RaftServerImpl.java:setRole(321)) - 4d9c5b7e-d393-45ed-b870-ebf9f6356405@group-51C550399DFE: changes role from CANDIDATE to LEADER at term 1 for changeToLeader
2022-12-02 13:56:25,731 [4d9c5b7e-d393-45ed-b870-ebf9f6356405@group-51C550399DFE-LeaderElection9] INFO  ratis.XceiverServerRatis (XceiverServerRatis.java:handleLeaderChangedNotification(863)) - Leader change notification received for group: group-51C550399DFE with new leaderId: 4d9c5b7e-d393-45ed-b870-ebf9f6356405
2022-12-02 13:56:25,731 [4d9c5b7e-d393-45ed-b870-ebf9f6356405@group-51C550399DFE-LeaderElection9] INFO  server.RaftServer$Division (ServerState.java:setLeader(313)) - 4d9c5b7e-d393-45ed-b870-ebf9f6356405@group-51C550399DFE: change Leader from null to 4d9c5b7e-d393-45ed-b870-ebf9f6356405 at term 1 for becomeLeader, leader elected after 5076ms
2022-12-02 13:56:25,731 [4d9c5b7e-d393-45ed-b870-ebf9f6356405@group-51C550399DFE-LeaderElection9] INFO  server.RaftServerConfigKeys (ConfUtils.java:logGet(46)) - raft.server.staging.catchup.gap = 1000 (default)
2022-12-02 13:56:25,732 [4d9c5b7e-d393-45ed-b870-ebf9f6356405@group-51C550399DFE-LeaderElection9] INFO  server.RaftServerConfigKeys (ConfUtils.java:logGet(46)) - raft.server.write.element-limit = 1024 (custom)
2022-12-02 13:56:25,732 [4d9c5b7e-d393-45ed-b870-ebf9f6356405@group-51C550399DFE-LeaderElection9] INFO  server.RaftServerConfigKeys (ConfUtils.java:logGet(46)) - raft.server.write.byte-limit = 1024 M (=1073741824) (custom)
2022-12-02 13:56:25,732 [4d9c5b7e-d393-45ed-b870-ebf9f6356405@group-51C550399DFE-LeaderElection9] INFO  server.RaftServerConfigKeys (ConfUtils.java:logGet(46)) - raft.server.watch.timeout = 180s (custom)
2022-12-02 13:56:25,732 [4d9c5b7e-d393-45ed-b870-ebf9f6356405@group-51C550399DFE-LeaderElection9] INFO  server.RaftServerConfigKeys (ConfUtils.java:logGet(46)) - raft.server.watch.timeout.denomination = 1s (default)
2022-12-02 13:56:25,732 [4d9c5b7e-d393-45ed-b870-ebf9f6356405@group-51C550399DFE-LeaderElection9] INFO  server.RaftServerConfigKeys (ConfUtils.java:logGet(46)) - raft.server.watch.element-limit = 65536 (default)
2022-12-02 13:56:25,733 [4d9c5b7e-d393-45ed-b870-ebf9f6356405@group-51C550399DFE-LeaderElection9] INFO  server.RaftServerConfigKeys (ConfUtils.java:logGet(46)) - raft.server.write.element-limit = 1024 (custom)
2022-12-02 13:56:25,733 [4d9c5b7e-d393-45ed-b870-ebf9f6356405@group-51C550399DFE-LeaderElection9] INFO  server.RaftServerConfigKeys (ConfUtils.java:logGet(46)) - raft.server.write.follower.gap.ratio.max = -1.0 (default)
2022-12-02 13:56:25,733 [4d9c5b7e-d393-45ed-b870-ebf9f6356405@group-51C550399DFE-LeaderElection9] INFO  impl.RoleInfo (RoleInfo.java:updateAndGet(139)) - 4d9c5b7e-d393-45ed-b870-ebf9f6356405: start 4d9c5b7e-d393-45ed-b870-ebf9f6356405@group-51C550399DFE-LeaderStateImpl
2022-12-02 13:56:25,733 [4d9c5b7e-d393-45ed-b870-ebf9f6356405@group-51C550399DFE-LeaderElection9] INFO  segmented.SegmentedRaftLogWorker (SegmentedRaftLogWorker.java:startLogSegment(452)) - 4d9c5b7e-d393-45ed-b870-ebf9f6356405@group-51C550399DFE-SegmentedRaftLogWorker: Starting segment from index:0
2022-12-02 13:56:25,735 [EventQueue-CommandQueueReportForCommandQueueReportHandler] WARN  events.EventQueue (EventQueue.java:fireEvent(216)) - No event handler registered for event TypedEvent{payloadType=DatanodeDetails, name='Datanode_Command_Queue_Updated'}
2022-12-02 13:56:25,736 [4d9c5b7e-d393-45ed-b870-ebf9f6356405@group-51C550399DFE-SegmentedRaftLogWorker] INFO  segmented.SegmentedRaftLogWorker (SegmentedRaftLogWorker.java:execute(656)) - 4d9c5b7e-d393-45ed-b870-ebf9f6356405@group-51C550399DFE-SegmentedRaftLogWorker: created new log segment /home/runner/work/ozone/ozone/hadoop-ozone/integration-test/target/test-dir/MiniOzoneClusterImpl-54b774fa-8058-4f65-8e1c-0ac417d0d4c9/datanode-4/data/ratis/fd61c171-cae5-4da4-bb48-51c550399dfe/current/log_inprogress_0
2022-12-02 13:56:25,741 [4d9c5b7e-d393-45ed-b870-ebf9f6356405@group-51C550399DFE-LeaderElection9] INFO  server.RaftServer$Division (ServerState.java:setRaftConf(430)) - 4d9c5b7e-d393-45ed-b870-ebf9f6356405@group-51C550399DFE: set configuration 0: peers:[4d9c5b7e-d393-45ed-b870-ebf9f6356405|rpc:10.1.0.163:36463|dataStream:|priority:1|startupRole:FOLLOWER]|listeners:[], old=null
2022-12-02 13:56:25,780 [EventQueue-CommandQueueReportForCommandQueueReportHandler] WARN  events.EventQueue (EventQueue.java:fireEvent(216)) - No event handler registered for event TypedEvent{payloadType=DatanodeDetails, name='Datanode_Command_Queue_Updated'}
2022-12-02 13:56:25,809 [4d9c5b7e-d393-45ed-b870-ebf9f6356405@group-1FEC9BEDA86D-FollowerState] INFO  impl.FollowerState (FollowerState.java:run(143)) - 4d9c5b7e-d393-45ed-b870-ebf9f6356405@group-1FEC9BEDA86D-FollowerState: change to CANDIDATE, lastRpcElapsedTime:5007310994ns, electionTimeout:5006ms
2022-12-02 13:56:25,809 [4d9c5b7e-d393-45ed-b870-ebf9f6356405@group-1FEC9BEDA86D-FollowerState] INFO  impl.RoleInfo (RoleInfo.java:shutdownFollowerState(110)) - 4d9c5b7e-d393-45ed-b870-ebf9f6356405: shutdown 4d9c5b7e-d393-45ed-b870-ebf9f6356405@group-1FEC9BEDA86D-FollowerState
2022-12-02 13:56:25,809 [4d9c5b7e-d393-45ed-b870-ebf9f6356405@group-1FEC9BEDA86D-FollowerState] INFO  server.RaftServer$Division (RaftServerImpl.java:setRole(321)) - 4d9c5b7e-d393-45ed-b870-ebf9f6356405@group-1FEC9BEDA86D: changes role from  FOLLOWER to CANDIDATE at term 0 for changeToCandidate
2022-12-02 13:56:25,809 [4d9c5b7e-d393-45ed-b870-ebf9f6356405@group-1FEC9BEDA86D-FollowerState] INFO  server.RaftServerConfigKeys (ConfUtils.java:logGet(46)) - raft.server.leaderelection.pre-vote = false (custom)
2022-12-02 13:56:25,810 [4d9c5b7e-d393-45ed-b870-ebf9f6356405@group-1FEC9BEDA86D-FollowerState] INFO  impl.RoleInfo (RoleInfo.java:updateAndGet(139)) - 4d9c5b7e-d393-45ed-b870-ebf9f6356405: start 4d9c5b7e-d393-45ed-b870-ebf9f6356405@group-1FEC9BEDA86D-LeaderElection10
2022-12-02 13:56:25,819 [4d9c5b7e-d393-45ed-b870-ebf9f6356405@group-1FEC9BEDA86D-LeaderElection10] INFO  impl.LeaderElection (LeaderElection.java:askForVotes(312)) - 4d9c5b7e-d393-45ed-b870-ebf9f6356405@group-1FEC9BEDA86D-LeaderElection10 ELECTION round 0: submit vote requests at term 1 for -1: peers:[4d9c5b7e-d393-45ed-b870-ebf9f6356405|rpc:10.1.0.163:36463|priority:1|startupRole:FOLLOWER, 925e8f4f-fc98-43cb-bc65-0e4c101f5ebe|rpc:10.1.0.163:44405|priority:0|startupRole:FOLLOWER, e9939b6b-a755-45ab-a1e0-5fd09d343461|rpc:10.1.0.163:38091|priority:0|startupRole:FOLLOWER]|listeners:[], old=null
2022-12-02 13:56:25,820 [4d9c5b7e-d393-45ed-b870-ebf9f6356405@group-1FEC9BEDA86D-LeaderElection10-1] INFO  server.GrpcServerProtocolClient (GrpcServerProtocolClient.java:<init>(63)) - Build channel for 925e8f4f-fc98-43cb-bc65-0e4c101f5ebe
2022-12-02 13:56:25,826 [4d9c5b7e-d393-45ed-b870-ebf9f6356405@group-1FEC9BEDA86D-LeaderElection10] INFO  server.RaftServerConfigKeys (ConfUtils.java:logFallback(53)) - raft.server.rpc.first-election.timeout.min = 5s (fallback to raft.server.rpc.timeout.min)
2022-12-02 13:56:25,826 [4d9c5b7e-d393-45ed-b870-ebf9f6356405@group-1FEC9BEDA86D-LeaderElection10] INFO  server.RaftServerConfigKeys (ConfUtils.java:logFallback(53)) - raft.server.rpc.first-election.timeout.max = 5200ms (fallback to raft.server.rpc.timeout.max)
2022-12-02 13:56:25,826 [4d9c5b7e-d393-45ed-b870-ebf9f6356405@group-1FEC9BEDA86D-LeaderElection10-2] INFO  server.GrpcServerProtocolClient (GrpcServerProtocolClient.java:<init>(63)) - Build channel for e9939b6b-a755-45ab-a1e0-5fd09d343461
2022-12-02 13:56:25,831 [grpc-default-executor-1] INFO  server.RaftServer$Division (RaftServerImpl.java:requestVote(1218)) - 925e8f4f-fc98-43cb-bc65-0e4c101f5ebe@group-1FEC9BEDA86D: receive requestVote(ELECTION, 4d9c5b7e-d393-45ed-b870-ebf9f6356405, group-1FEC9BEDA86D, 1, (t:0, i:0))
2022-12-02 13:56:25,831 [grpc-default-executor-1] INFO  impl.VoteContext (VoteContext.java:log(49)) - 925e8f4f-fc98-43cb-bc65-0e4c101f5ebe@group-1FEC9BEDA86D-FOLLOWER: accept ELECTION from 4d9c5b7e-d393-45ed-b870-ebf9f6356405: our priority 0 <= candidate's priority 1
2022-12-02 13:56:25,831 [grpc-default-executor-1] INFO  server.RaftServer$Division (RaftServerImpl.java:setRole(321)) - 925e8f4f-fc98-43cb-bc65-0e4c101f5ebe@group-1FEC9BEDA86D: changes role from  FOLLOWER to FOLLOWER at term 1 for candidate:4d9c5b7e-d393-45ed-b870-ebf9f6356405
2022-12-02 13:56:25,831 [grpc-default-executor-1] INFO  impl.RoleInfo (RoleInfo.java:shutdownFollowerState(110)) - 925e8f4f-fc98-43cb-bc65-0e4c101f5ebe: shutdown 925e8f4f-fc98-43cb-bc65-0e4c101f5ebe@group-1FEC9BEDA86D-FollowerState
2022-12-02 13:56:25,831 [grpc-default-executor-1] INFO  impl.RoleInfo (RoleInfo.java:updateAndGet(139)) - 925e8f4f-fc98-43cb-bc65-0e4c101f5ebe: start 925e8f4f-fc98-43cb-bc65-0e4c101f5ebe@group-1FEC9BEDA86D-FollowerState
2022-12-02 13:56:25,831 [925e8f4f-fc98-43cb-bc65-0e4c101f5ebe@group-1FEC9BEDA86D-FollowerState] INFO  impl.FollowerState (FollowerState.java:run(152)) - 925e8f4f-fc98-43cb-bc65-0e4c101f5ebe@group-1FEC9BEDA86D-FollowerState was interrupted
2022-12-02 13:56:25,846 [925e8f4f-fc98-43cb-bc65-0e4c101f5ebe@group-1FEC9BEDA86D-FollowerState] INFO  server.RaftServerConfigKeys (ConfUtils.java:logFallback(53)) - raft.server.rpc.first-election.timeout.min = 5s (fallback to raft.server.rpc.timeout.min)
2022-12-02 13:56:25,846 [925e8f4f-fc98-43cb-bc65-0e4c101f5ebe@group-1FEC9BEDA86D-FollowerState] INFO  server.RaftServerConfigKeys (ConfUtils.java:logFallback(53)) - raft.server.rpc.first-election.timeout.max = 5200ms (fallback to raft.server.rpc.timeout.max)
2022-12-02 13:56:25,850 [grpc-default-executor-1] INFO  server.RaftServer$Division (RaftServerImpl.java:requestVote(1251)) - 925e8f4f-fc98-43cb-bc65-0e4c101f5ebe@group-1FEC9BEDA86D replies to ELECTION vote request: 4d9c5b7e-d393-45ed-b870-ebf9f6356405<-925e8f4f-fc98-43cb-bc65-0e4c101f5ebe#0:OK-t1. Peer's state: 925e8f4f-fc98-43cb-bc65-0e4c101f5ebe@group-1FEC9BEDA86D:t1, leader=null, voted=4d9c5b7e-d393-45ed-b870-ebf9f6356405, raftlog=Memoized:925e8f4f-fc98-43cb-bc65-0e4c101f5ebe@group-1FEC9BEDA86D-SegmentedRaftLog:OPENED:c-1, conf=-1: peers:[4d9c5b7e-d393-45ed-b870-ebf9f6356405|rpc:10.1.0.163:36463|dataStream:|priority:1|startupRole:FOLLOWER, 925e8f4f-fc98-43cb-bc65-0e4c101f5ebe|rpc:10.1.0.163:44405|dataStream:|priority:0|startupRole:FOLLOWER, e9939b6b-a755-45ab-a1e0-5fd09d343461|rpc:10.1.0.163:38091|dataStream:|priority:0|startupRole:FOLLOWER]|listeners:[], old=null
2022-12-02 13:56:25,854 [4d9c5b7e-d393-45ed-b870-ebf9f6356405@group-1FEC9BEDA86D-LeaderElection10] INFO  impl.LeaderElection (LeaderElection.java:logAndReturn(90)) - 4d9c5b7e-d393-45ed-b870-ebf9f6356405@group-1FEC9BEDA86D-LeaderElection10: ELECTION PASSED received 1 response(s) and 0 exception(s):
2022-12-02 13:56:25,854 [4d9c5b7e-d393-45ed-b870-ebf9f6356405@group-1FEC9BEDA86D-LeaderElection10] INFO  impl.LeaderElection (LeaderElection.java:logAndReturn(94)) -   Response 0: 4d9c5b7e-d393-45ed-b870-ebf9f6356405<-925e8f4f-fc98-43cb-bc65-0e4c101f5ebe#0:OK-t1
2022-12-02 13:56:25,854 [4d9c5b7e-d393-45ed-b870-ebf9f6356405@group-1FEC9BEDA86D-LeaderElection10] INFO  impl.LeaderElection (LeaderElection.java:askForVotes(314)) - 4d9c5b7e-d393-45ed-b870-ebf9f6356405@group-1FEC9BEDA86D-LeaderElection10 ELECTION round 0: result PASSED
2022-12-02 13:56:25,854 [4d9c5b7e-d393-45ed-b870-ebf9f6356405@group-1FEC9BEDA86D-LeaderElection10] INFO  impl.RoleInfo (RoleInfo.java:shutdownLeaderElection(130)) - 4d9c5b7e-d393-45ed-b870-ebf9f6356405: shutdown 4d9c5b7e-d393-45ed-b870-ebf9f6356405@group-1FEC9BEDA86D-LeaderElection10
2022-12-02 13:56:25,854 [4d9c5b7e-d393-45ed-b870-ebf9f6356405@group-1FEC9BEDA86D-LeaderElection10] INFO  server.RaftServer$Division (RaftServerImpl.java:setRole(321)) - 4d9c5b7e-d393-45ed-b870-ebf9f6356405@group-1FEC9BEDA86D: changes role from CANDIDATE to LEADER at term 1 for changeToLeader
2022-12-02 13:56:25,854 [4d9c5b7e-d393-45ed-b870-ebf9f6356405@group-1FEC9BEDA86D-LeaderElection10] INFO  ratis.XceiverServerRatis (XceiverServerRatis.java:handleLeaderChangedNotification(863)) - Leader change notification received for group: group-1FEC9BEDA86D with new leaderId: 4d9c5b7e-d393-45ed-b870-ebf9f6356405
2022-12-02 13:56:25,854 [4d9c5b7e-d393-45ed-b870-ebf9f6356405@group-1FEC9BEDA86D-LeaderElection10] INFO  server.RaftServer$Division (ServerState.java:setLeader(313)) - 4d9c5b7e-d393-45ed-b870-ebf9f6356405@group-1FEC9BEDA86D: change Leader from null to 4d9c5b7e-d393-45ed-b870-ebf9f6356405 at term 1 for becomeLeader, leader elected after 5098ms
2022-12-02 13:56:25,854 [4d9c5b7e-d393-45ed-b870-ebf9f6356405@group-1FEC9BEDA86D-LeaderElection10] INFO  server.RaftServerConfigKeys (ConfUtils.java:logGet(46)) - raft.server.staging.catchup.gap = 1000 (default)
2022-12-02 13:56:25,854 [4d9c5b7e-d393-45ed-b870-ebf9f6356405@group-1FEC9BEDA86D-LeaderElection10] INFO  server.RaftServerConfigKeys (ConfUtils.java:logGet(46)) - raft.server.write.element-limit = 1024 (custom)
2022-12-02 13:56:25,854 [4d9c5b7e-d393-45ed-b870-ebf9f6356405@group-1FEC9BEDA86D-LeaderElection10] INFO  server.RaftServerConfigKeys (ConfUtils.java:logGet(46)) - raft.server.write.byte-limit = 1024 M (=1073741824) (custom)
2022-12-02 13:56:25,855 [4d9c5b7e-d393-45ed-b870-ebf9f6356405@group-1FEC9BEDA86D-LeaderElection10] INFO  server.RaftServerConfigKeys (ConfUtils.java:logGet(46)) - raft.server.watch.timeout = 180s (custom)
2022-12-02 13:56:25,855 [4d9c5b7e-d393-45ed-b870-ebf9f6356405@group-1FEC9BEDA86D-LeaderElection10] INFO  server.RaftServerConfigKeys (ConfUtils.java:logGet(46)) - raft.server.watch.timeout.denomination = 1s (default)
2022-12-02 13:56:25,855 [4d9c5b7e-d393-45ed-b870-ebf9f6356405@group-1FEC9BEDA86D-LeaderElection10] INFO  server.RaftServerConfigKeys (ConfUtils.java:logGet(46)) - raft.server.watch.element-limit = 65536 (default)
2022-12-02 13:56:25,855 [4d9c5b7e-d393-45ed-b870-ebf9f6356405@group-1FEC9BEDA86D-LeaderElection10] INFO  server.RaftServerConfigKeys (ConfUtils.java:logGet(46)) - raft.server.write.element-limit = 1024 (custom)
2022-12-02 13:56:25,855 [4d9c5b7e-d393-45ed-b870-ebf9f6356405@group-1FEC9BEDA86D-LeaderElection10] INFO  server.RaftServerConfigKeys (ConfUtils.java:logGet(46)) - raft.server.write.follower.gap.ratio.max = -1.0 (default)
2022-12-02 13:56:25,855 [4d9c5b7e-d393-45ed-b870-ebf9f6356405@group-1FEC9BEDA86D-LeaderElection10] INFO  server.RaftServerConfigKeys (ConfUtils.java:logGet(46)) - raft.server.log.appender.snapshot.chunk.size.max = 16MB (=16777216) (default)
2022-12-02 13:56:25,855 [4d9c5b7e-d393-45ed-b870-ebf9f6356405@group-1FEC9BEDA86D-LeaderElection10] INFO  server.RaftServerConfigKeys (ConfUtils.java:logGet(46)) - raft.server.log.appender.buffer.byte-limit = 33554432 (custom)
2022-12-02 13:56:25,856 [4d9c5b7e-d393-45ed-b870-ebf9f6356405@group-1FEC9BEDA86D-LeaderElection10] INFO  server.RaftServerConfigKeys (ConfUtils.java:logGet(46)) - raft.server.log.appender.buffer.element-limit = 1 (custom)
2022-12-02 13:56:25,856 [4d9c5b7e-d393-45ed-b870-ebf9f6356405@group-1FEC9BEDA86D-LeaderElection10] INFO  grpc.GrpcConfigKeys (ConfUtils.java:logGet(46)) - raft.grpc.server.leader.outstanding.appends.max = 128 (default)
2022-12-02 13:56:25,856 [4d9c5b7e-d393-45ed-b870-ebf9f6356405@group-1FEC9BEDA86D-LeaderElection10] INFO  server.RaftServerConfigKeys (ConfUtils.java:logGet(46)) - raft.server.rpc.request.timeout = 60s (custom)
2022-12-02 13:56:25,856 [4d9c5b7e-d393-45ed-b870-ebf9f6356405@group-1FEC9BEDA86D-LeaderElection10] INFO  server.RaftServerConfigKeys (ConfUtils.java:logGet(46)) - raft.server.log.appender.install.snapshot.enabled = false (custom)
2022-12-02 13:56:25,856 [4d9c5b7e-d393-45ed-b870-ebf9f6356405@group-1FEC9BEDA86D-LeaderElection10] INFO  grpc.GrpcConfigKeys (ConfUtils.java:logGet(46)) - raft.grpc.server.heartbeat.channel = true (default)
2022-12-02 13:56:25,856 [4d9c5b7e-d393-45ed-b870-ebf9f6356405@group-1FEC9BEDA86D-LeaderElection10] INFO  server.RaftServerConfigKeys (ConfUtils.java:logGet(46)) - raft.server.log.appender.wait-time.min = 10ms (default)
2022-12-02 13:56:25,858 [EventQueue-PipelineReportForPipelineReportHandler] INFO  pipeline.PipelineManagerImpl (PipelineManagerImpl.java:openPipeline(367)) - Pipeline Pipeline[ Id: ed9ace67-4645-4a3b-9689-1fec9beda86d, Nodes: 4d9c5b7e-d393-45ed-b870-ebf9f6356405{ip: 10.1.0.163, host: fv-az246-718.py5defvocjqundwqxk0lumnltg.cx.internal.cloudapp.net, ports: [REPLICATION=39719, RATIS=36463, RATIS_ADMIN=36463, RATIS_SERVER=36463, STANDALONE=44945], networkLocation: /default-rack, certSerialId: null, persistedOpState: IN_SERVICE, persistedOpStateExpiryEpochSec: 0}925e8f4f-fc98-43cb-bc65-0e4c101f5ebe{ip: 10.1.0.163, host: fv-az246-718.py5defvocjqundwqxk0lumnltg.cx.internal.cloudapp.net, ports: [REPLICATION=33113, RATIS=44405, RATIS_ADMIN=44405, RATIS_SERVER=44405, STANDALONE=42317], networkLocation: /default-rack, certSerialId: null, persistedOpState: IN_SERVICE, persistedOpStateExpiryEpochSec: 0}e9939b6b-a755-45ab-a1e0-5fd09d343461{ip: 10.1.0.163, host: fv-az246-718.py5defvocjqundwqxk0lumnltg.cx.internal.cloudapp.net, ports: [REPLICATION=33495, RATIS=38091, RATIS_ADMIN=38091, RATIS_SERVER=38091, STANDALONE=36077], networkLocation: /default-rack, certSerialId: null, persistedOpState: IN_SERVICE, persistedOpStateExpiryEpochSec: 0}, ReplicationConfig: RATIS/THREE, State:ALLOCATED, leaderId:4d9c5b7e-d393-45ed-b870-ebf9f6356405, CreationTimestamp2022-12-02T13:56:17.934Z[Etc/UTC]] moved to OPEN state
2022-12-02 13:56:25,858 [EventQueue-CommandQueueReportForCommandQueueReportHandler] WARN  events.EventQueue (EventQueue.java:fireEvent(216)) - No event handler registered for event TypedEvent{payloadType=DatanodeDetails, name='Datanode_Command_Queue_Updated'}
2022-12-02 13:56:25,863 [4d9c5b7e-d393-45ed-b870-ebf9f6356405@group-1FEC9BEDA86D-LeaderElection10] INFO  server.RaftServerConfigKeys (ConfUtils.java:logGet(46)) - raft.server.log.appender.snapshot.chunk.size.max = 16MB (=16777216) (default)
2022-12-02 13:56:25,863 [4d9c5b7e-d393-45ed-b870-ebf9f6356405@group-1FEC9BEDA86D-LeaderElection10] INFO  server.RaftServerConfigKeys (ConfUtils.java:logGet(46)) - raft.server.log.appender.buffer.byte-limit = 33554432 (custom)
2022-12-02 13:56:25,863 [4d9c5b7e-d393-45ed-b870-ebf9f6356405@group-1FEC9BEDA86D-LeaderElection10] INFO  server.RaftServerConfigKeys (ConfUtils.java:logGet(46)) - raft.server.log.appender.buffer.element-limit = 1 (custom)
2022-12-02 13:56:25,863 [4d9c5b7e-d393-45ed-b870-ebf9f6356405@group-1FEC9BEDA86D-LeaderElection10] INFO  grpc.GrpcConfigKeys (ConfUtils.java:logGet(46)) - raft.grpc.server.leader.outstanding.appends.max = 128 (default)
2022-12-02 13:56:25,863 [4d9c5b7e-d393-45ed-b870-ebf9f6356405@group-1FEC9BEDA86D-LeaderElection10] INFO  server.RaftServerConfigKeys (ConfUtils.java:logGet(46)) - raft.server.rpc.request.timeout = 60s (custom)
2022-12-02 13:56:25,863 [4d9c5b7e-d393-45ed-b870-ebf9f6356405@group-1FEC9BEDA86D-LeaderElection10] INFO  server.RaftServerConfigKeys (ConfUtils.java:logGet(46)) - raft.server.log.appender.install.snapshot.enabled = false (custom)
2022-12-02 13:56:25,863 [4d9c5b7e-d393-45ed-b870-ebf9f6356405@group-1FEC9BEDA86D-LeaderElection10] INFO  grpc.GrpcConfigKeys (ConfUtils.java:logGet(46)) - raft.grpc.server.heartbeat.channel = true (default)
2022-12-02 13:56:25,863 [4d9c5b7e-d393-45ed-b870-ebf9f6356405@group-1FEC9BEDA86D-LeaderElection10] INFO  server.RaftServerConfigKeys (ConfUtils.java:logGet(46)) - raft.server.log.appender.wait-time.min = 10ms (default)
2022-12-02 13:56:25,863 [4d9c5b7e-d393-45ed-b870-ebf9f6356405@group-1FEC9BEDA86D-LeaderElection10] INFO  impl.RoleInfo (RoleInfo.java:updateAndGet(139)) - 4d9c5b7e-d393-45ed-b870-ebf9f6356405: start 4d9c5b7e-d393-45ed-b870-ebf9f6356405@group-1FEC9BEDA86D-LeaderStateImpl
2022-12-02 13:56:25,863 [4d9c5b7e-d393-45ed-b870-ebf9f6356405@group-1FEC9BEDA86D-LeaderElection10] INFO  segmented.SegmentedRaftLogWorker (SegmentedRaftLogWorker.java:startLogSegment(452)) - 4d9c5b7e-d393-45ed-b870-ebf9f6356405@group-1FEC9BEDA86D-SegmentedRaftLogWorker: Starting segment from index:0
2022-12-02 13:56:25,867 [4d9c5b7e-d393-45ed-b870-ebf9f6356405@group-1FEC9BEDA86D-SegmentedRaftLogWorker] INFO  segmented.SegmentedRaftLogWorker (SegmentedRaftLogWorker.java:execute(656)) - 4d9c5b7e-d393-45ed-b870-ebf9f6356405@group-1FEC9BEDA86D-SegmentedRaftLogWorker: created new log segment /home/runner/work/ozone/ozone/hadoop-ozone/integration-test/target/test-dir/MiniOzoneClusterImpl-54b774fa-8058-4f65-8e1c-0ac417d0d4c9/datanode-4/data/ratis/ed9ace67-4645-4a3b-9689-1fec9beda86d/current/log_inprogress_0
2022-12-02 13:56:25,881 [grpc-default-executor-1] INFO  server.RaftServer$Division (RaftServerImpl.java:requestVote(1218)) - e9939b6b-a755-45ab-a1e0-5fd09d343461@group-1FEC9BEDA86D: receive requestVote(ELECTION, 4d9c5b7e-d393-45ed-b870-ebf9f6356405, group-1FEC9BEDA86D, 1, (t:0, i:0))
2022-12-02 13:56:25,881 [grpc-default-executor-1] INFO  impl.VoteContext (VoteContext.java:log(49)) - e9939b6b-a755-45ab-a1e0-5fd09d343461@group-1FEC9BEDA86D-FOLLOWER: accept ELECTION from 4d9c5b7e-d393-45ed-b870-ebf9f6356405: our priority 0 <= candidate's priority 1
2022-12-02 13:56:25,881 [grpc-default-executor-1] INFO  server.RaftServer$Division (RaftServerImpl.java:setRole(321)) - e9939b6b-a755-45ab-a1e0-5fd09d343461@group-1FEC9BEDA86D: changes role from  FOLLOWER to FOLLOWER at term 1 for candidate:4d9c5b7e-d393-45ed-b870-ebf9f6356405
2022-12-02 13:56:25,881 [grpc-default-executor-1] INFO  impl.RoleInfo (RoleInfo.java:shutdownFollowerState(110)) - e9939b6b-a755-45ab-a1e0-5fd09d343461: shutdown e9939b6b-a755-45ab-a1e0-5fd09d343461@group-1FEC9BEDA86D-FollowerState
2022-12-02 13:56:25,882 [grpc-default-executor-1] INFO  impl.RoleInfo (RoleInfo.java:updateAndGet(139)) - e9939b6b-a755-45ab-a1e0-5fd09d343461: start e9939b6b-a755-45ab-a1e0-5fd09d343461@group-1FEC9BEDA86D-FollowerState
2022-12-02 13:56:25,882 [e9939b6b-a755-45ab-a1e0-5fd09d343461@group-1FEC9BEDA86D-FollowerState] INFO  impl.FollowerState (FollowerState.java:run(152)) - e9939b6b-a755-45ab-a1e0-5fd09d343461@group-1FEC9BEDA86D-FollowerState was interrupted
2022-12-02 13:56:25,882 [4d9c5b7e-d393-45ed-b870-ebf9f6356405@group-1FEC9BEDA86D-LeaderElection10] INFO  server.RaftServer$Division (ServerState.java:setRaftConf(430)) - 4d9c5b7e-d393-45ed-b870-ebf9f6356405@group-1FEC9BEDA86D: set configuration 0: peers:[4d9c5b7e-d393-45ed-b870-ebf9f6356405|rpc:10.1.0.163:36463|dataStream:|priority:1|startupRole:FOLLOWER, 925e8f4f-fc98-43cb-bc65-0e4c101f5ebe|rpc:10.1.0.163:44405|dataStream:|priority:0|startupRole:FOLLOWER, e9939b6b-a755-45ab-a1e0-5fd09d343461|rpc:10.1.0.163:38091|dataStream:|priority:0|startupRole:FOLLOWER]|listeners:[], old=null
2022-12-02 13:56:25,888 [grpc-default-executor-1] INFO  server.RaftServer$Division (RaftServerImpl.java:requestVote(1251)) - e9939b6b-a755-45ab-a1e0-5fd09d343461@group-1FEC9BEDA86D replies to ELECTION vote request: 4d9c5b7e-d393-45ed-b870-ebf9f6356405<-e9939b6b-a755-45ab-a1e0-5fd09d343461#0:OK-t1. Peer's state: e9939b6b-a755-45ab-a1e0-5fd09d343461@group-1FEC9BEDA86D:t1, leader=null, voted=4d9c5b7e-d393-45ed-b870-ebf9f6356405, raftlog=Memoized:e9939b6b-a755-45ab-a1e0-5fd09d343461@group-1FEC9BEDA86D-SegmentedRaftLog:OPENED:c-1, conf=-1: peers:[4d9c5b7e-d393-45ed-b870-ebf9f6356405|rpc:10.1.0.163:36463|dataStream:|priority:1|startupRole:FOLLOWER, 925e8f4f-fc98-43cb-bc65-0e4c101f5ebe|rpc:10.1.0.163:44405|dataStream:|priority:0|startupRole:FOLLOWER, e9939b6b-a755-45ab-a1e0-5fd09d343461|rpc:10.1.0.163:38091|dataStream:|priority:0|startupRole:FOLLOWER]|listeners:[], old=null
2022-12-02 13:56:25,889 [e9939b6b-a755-45ab-a1e0-5fd09d343461@group-1FEC9BEDA86D-FollowerState] INFO  server.RaftServerConfigKeys (ConfUtils.java:logFallback(53)) - raft.server.rpc.first-election.timeout.min = 5s (fallback to raft.server.rpc.timeout.min)
2022-12-02 13:56:25,889 [e9939b6b-a755-45ab-a1e0-5fd09d343461@group-1FEC9BEDA86D-FollowerState] INFO  server.RaftServerConfigKeys (ConfUtils.java:logFallback(53)) - raft.server.rpc.first-election.timeout.max = 5200ms (fallback to raft.server.rpc.timeout.max)
2022-12-02 13:56:25,905 [925e8f4f-fc98-43cb-bc65-0e4c101f5ebe-server-thread1] INFO  ratis.XceiverServerRatis (XceiverServerRatis.java:handleLeaderChangedNotification(863)) - Leader change notification received for group: group-1FEC9BEDA86D with new leaderId: 4d9c5b7e-d393-45ed-b870-ebf9f6356405
2022-12-02 13:56:25,905 [925e8f4f-fc98-43cb-bc65-0e4c101f5ebe-server-thread1] INFO  server.RaftServer$Division (ServerState.java:setLeader(313)) - 925e8f4f-fc98-43cb-bc65-0e4c101f5ebe@group-1FEC9BEDA86D: change Leader from null to 4d9c5b7e-d393-45ed-b870-ebf9f6356405 at term 1 for appendEntries, leader elected after 5064ms
2022-12-02 13:56:25,913 [e9939b6b-a755-45ab-a1e0-5fd09d343461-server-thread1] INFO  ratis.XceiverServerRatis (XceiverServerRatis.java:handleLeaderChangedNotification(863)) - Leader change notification received for group: group-1FEC9BEDA86D with new leaderId: 4d9c5b7e-d393-45ed-b870-ebf9f6356405
2022-12-02 13:56:25,913 [e9939b6b-a755-45ab-a1e0-5fd09d343461-server-thread1] INFO  server.RaftServer$Division (ServerState.java:setLeader(313)) - e9939b6b-a755-45ab-a1e0-5fd09d343461@group-1FEC9BEDA86D: change Leader from null to 4d9c5b7e-d393-45ed-b870-ebf9f6356405 at term 1 for appendEntries, leader elected after 5017ms
2022-12-02 13:56:25,914 [925e8f4f-fc98-43cb-bc65-0e4c101f5ebe-server-thread2] INFO  server.RaftServer$Division (ServerState.java:setRaftConf(430)) - 925e8f4f-fc98-43cb-bc65-0e4c101f5ebe@group-1FEC9BEDA86D: set configuration 0: peers:[4d9c5b7e-d393-45ed-b870-ebf9f6356405|rpc:10.1.0.163:36463|dataStream:|priority:1|startupRole:FOLLOWER, 925e8f4f-fc98-43cb-bc65-0e4c101f5ebe|rpc:10.1.0.163:44405|dataStream:|priority:0|startupRole:FOLLOWER, e9939b6b-a755-45ab-a1e0-5fd09d343461|rpc:10.1.0.163:38091|dataStream:|priority:0|startupRole:FOLLOWER]|listeners:[], old=null
2022-12-02 13:56:25,914 [e9939b6b-a755-45ab-a1e0-5fd09d343461-server-thread1] INFO  server.RaftServer$Division (ServerState.java:setRaftConf(430)) - e9939b6b-a755-45ab-a1e0-5fd09d343461@group-1FEC9BEDA86D: set configuration 0: peers:[4d9c5b7e-d393-45ed-b870-ebf9f6356405|rpc:10.1.0.163:36463|dataStream:|priority:1|startupRole:FOLLOWER, 925e8f4f-fc98-43cb-bc65-0e4c101f5ebe|rpc:10.1.0.163:44405|dataStream:|priority:0|startupRole:FOLLOWER, e9939b6b-a755-45ab-a1e0-5fd09d343461|rpc:10.1.0.163:38091|dataStream:|priority:0|startupRole:FOLLOWER]|listeners:[], old=null
2022-12-02 13:56:25,914 [e9939b6b-a755-45ab-a1e0-5fd09d343461-server-thread1] INFO  segmented.SegmentedRaftLogWorker (SegmentedRaftLogWorker.java:startLogSegment(452)) - e9939b6b-a755-45ab-a1e0-5fd09d343461@group-1FEC9BEDA86D-SegmentedRaftLogWorker: Starting segment from index:0
2022-12-02 13:56:25,916 [e9939b6b-a755-45ab-a1e0-5fd09d343461@group-1FEC9BEDA86D-SegmentedRaftLogWorker] INFO  segmented.SegmentedRaftLogWorker (SegmentedRaftLogWorker.java:execute(656)) - e9939b6b-a755-45ab-a1e0-5fd09d343461@group-1FEC9BEDA86D-SegmentedRaftLogWorker: created new log segment /home/runner/work/ozone/ozone/hadoop-ozone/integration-test/target/test-dir/MiniOzoneClusterImpl-54b774fa-8058-4f65-8e1c-0ac417d0d4c9/datanode-5/data/ratis/ed9ace67-4645-4a3b-9689-1fec9beda86d/current/log_inprogress_0
2022-12-02 13:56:25,914 [925e8f4f-fc98-43cb-bc65-0e4c101f5ebe-server-thread2] INFO  segmented.SegmentedRaftLogWorker (SegmentedRaftLogWorker.java:startLogSegment(452)) - 925e8f4f-fc98-43cb-bc65-0e4c101f5ebe@group-1FEC9BEDA86D-SegmentedRaftLogWorker: Starting segment from index:0
2022-12-02 13:56:25,920 [925e8f4f-fc98-43cb-bc65-0e4c101f5ebe@group-1FEC9BEDA86D-SegmentedRaftLogWorker] INFO  segmented.SegmentedRaftLogWorker (SegmentedRaftLogWorker.java:execute(656)) - 925e8f4f-fc98-43cb-bc65-0e4c101f5ebe@group-1FEC9BEDA86D-SegmentedRaftLogWorker: created new log segment /home/runner/work/ozone/ozone/hadoop-ozone/integration-test/target/test-dir/MiniOzoneClusterImpl-54b774fa-8058-4f65-8e1c-0ac417d0d4c9/datanode-3/data/ratis/ed9ace67-4645-4a3b-9689-1fec9beda86d/current/log_inprogress_0
2022-12-02 13:56:26,298 [JvmPauseMonitor3] WARN  util.JvmPauseMonitor (JvmPauseMonitor.java:detectPause(126)) - JvmPauseMonitor-b27e6838-cee8-48c3-93ac-b45d2206de0f: Detected pause in JVM or host machine (eg GC): pause of approximately 224200099ns.
GC pool 'PS MarkSweep' had collection(s): count=1 time=243ms
GC pool 'PS Scavenge' had collection(s): count=1 time=123ms
2022-12-02 13:56:26,300 [EventQueue-CommandQueueReportForCommandQueueReportHandler] WARN  events.EventQueue (EventQueue.java:fireEvent(216)) - No event handler registered for event TypedEvent{payloadType=DatanodeDetails, name='Datanode_Command_Queue_Updated'}
2022-12-02 13:56:26,302 [e9939b6b-a755-45ab-a1e0-5fd09d343461@group-BA2BFB068B4B-FollowerState] WARN  impl.FollowerState (FollowerState.java:run(130)) - Unexpected long sleep: sleep 5039ms but took extra 307411108ns (> threshold = 300ms)
2022-12-02 13:56:26,302 [e9939b6b-a755-45ab-a1e0-5fd09d343461@group-BA2BFB068B4B-FollowerState] INFO  server.RaftServerConfigKeys (ConfUtils.java:logFallback(53)) - raft.server.rpc.first-election.timeout.min = 5s (fallback to raft.server.rpc.timeout.min)
2022-12-02 13:56:26,302 [e9939b6b-a755-45ab-a1e0-5fd09d343461@group-BA2BFB068B4B-FollowerState] INFO  server.RaftServerConfigKeys (ConfUtils.java:logFallback(53)) - raft.server.rpc.first-election.timeout.max = 5200ms (fallback to raft.server.rpc.timeout.max)
2022-12-02 13:56:26,303 [JvmPauseMonitor6] WARN  util.JvmPauseMonitor (JvmPauseMonitor.java:detectPause(126)) - JvmPauseMonitor-e9939b6b-a755-45ab-a1e0-5fd09d343461: Detected pause in JVM or host machine (eg GC): pause of approximately 334478070ns.
GC pool 'PS MarkSweep' had collection(s): count=1 time=243ms
GC pool 'PS Scavenge' had collection(s): count=1 time=123ms
2022-12-02 13:56:26,304 [JvmPauseMonitor5] WARN  util.JvmPauseMonitor (JvmPauseMonitor.java:detectPause(126)) - JvmPauseMonitor-4d9c5b7e-d393-45ed-b870-ebf9f6356405: Detected pause in JVM or host machine (eg GC): pause of approximately 355423630ns.
GC pool 'PS MarkSweep' had collection(s): count=1 time=243ms
GC pool 'PS Scavenge' had collection(s): count=1 time=123ms
2022-12-02 13:56:26,304 [JvmPauseMonitor4] WARN  util.JvmPauseMonitor (JvmPauseMonitor.java:detectPause(126)) - JvmPauseMonitor-925e8f4f-fc98-43cb-bc65-0e4c101f5ebe: Detected pause in JVM or host machine (eg GC): pause of approximately 357169551ns.
GC pool 'PS MarkSweep' had collection(s): count=1 time=243ms
GC pool 'PS Scavenge' had collection(s): count=1 time=123ms
2022-12-02 13:56:26,305 [JvmPauseMonitor7] WARN  util.JvmPauseMonitor (JvmPauseMonitor.java:detectPause(126)) - JvmPauseMonitor-c2dd9a81-cece-4eb7-9c72-ec1f6b488133: Detected pause in JVM or host machine (eg GC): pause of approximately 361567006ns.
GC pool 'PS MarkSweep' had collection(s): count=1 time=243ms
GC pool 'PS Scavenge' had collection(s): count=1 time=123ms
2022-12-02 13:56:26,305 [JvmPauseMonitor1] WARN  util.JvmPauseMonitor (JvmPauseMonitor.java:detectPause(126)) - JvmPauseMonitor-17c617e6-bef8-4aa5-a634-0bfba4eec40d: Detected pause in JVM or host machine (eg GC): pause of approximately 361771509ns.
GC pool 'PS MarkSweep' had collection(s): count=1 time=243ms
GC pool 'PS Scavenge' had collection(s): count=1 time=123ms
2022-12-02 13:56:26,305 [JvmPauseMonitor0] WARN  util.JvmPauseMonitor (JvmPauseMonitor.java:detectPause(126)) - JvmPauseMonitor-om1: Detected pause in JVM or host machine (eg GC): pause of approximately 361864810ns.
GC pool 'PS MarkSweep' had collection(s): count=1 time=243ms
GC pool 'PS Scavenge' had collection(s): count=1 time=123ms
2022-12-02 13:56:26,307 [JvmPauseMonitor2] WARN  util.JvmPauseMonitor (JvmPauseMonitor.java:detectPause(126)) - JvmPauseMonitor-8e7f0208-8622-43f9-a3a0-bde69c0a79ed: Detected pause in JVM or host machine (eg GC): pause of approximately 347463830ns.
GC pool 'PS MarkSweep' had collection(s): count=1 time=243ms
GC pool 'PS Scavenge' had collection(s): count=1 time=123ms
2022-12-02 13:56:26,309 [EventQueue-CommandQueueReportForCommandQueueReportHandler] WARN  events.EventQueue (EventQueue.java:fireEvent(216)) - No event handler registered for event TypedEvent{payloadType=DatanodeDetails, name='Datanode_Command_Queue_Updated'}
2022-12-02 13:56:26,327 [EventQueue-CommandQueueReportForCommandQueueReportHandler] WARN  events.EventQueue (EventQueue.java:fireEvent(216)) - No event handler registered for event TypedEvent{payloadType=DatanodeDetails, name='Datanode_Command_Queue_Updated'}
2022-12-02 13:56:26,370 [Listener at 127.0.0.1/44033] INFO  rpc.RpcClient (RpcClient.java:createVolume(472)) - Creating Volume: testblockoutputstream, with runner as owner and space quota set to -1 bytes, counts quota set to -1
2022-12-02 13:56:26,421 [OM StateMachine ApplyTransaction Thread - 0] INFO  volume.OMVolumeCreateRequest (OMVolumeCreateRequest.java:validateAndUpdateCache(195)) - created volume:testblockoutputstream for user:runner
2022-12-02 13:56:26,427 [c2dd9a81-cece-4eb7-9c72-ec1f6b488133@group-984FB5B10E6C-FollowerState] INFO  impl.FollowerState (FollowerState.java:run(143)) - c2dd9a81-cece-4eb7-9c72-ec1f6b488133@group-984FB5B10E6C-FollowerState: change to CANDIDATE, lastRpcElapsedTime:5124322878ns, electionTimeout:5114ms
2022-12-02 13:56:26,427 [c2dd9a81-cece-4eb7-9c72-ec1f6b488133@group-984FB5B10E6C-FollowerState] INFO  impl.RoleInfo (RoleInfo.java:shutdownFollowerState(110)) - c2dd9a81-cece-4eb7-9c72-ec1f6b488133: shutdown c2dd9a81-cece-4eb7-9c72-ec1f6b488133@group-984FB5B10E6C-FollowerState
2022-12-02 13:56:26,427 [c2dd9a81-cece-4eb7-9c72-ec1f6b488133@group-984FB5B10E6C-FollowerState] INFO  server.RaftServer$Division (RaftServerImpl.java:setRole(321)) - c2dd9a81-cece-4eb7-9c72-ec1f6b488133@group-984FB5B10E6C: changes role from  FOLLOWER to CANDIDATE at term 0 for changeToCandidate
2022-12-02 13:56:26,427 [c2dd9a81-cece-4eb7-9c72-ec1f6b488133@group-984FB5B10E6C-FollowerState] INFO  server.RaftServerConfigKeys (ConfUtils.java:logGet(46)) - raft.server.leaderelection.pre-vote = false (custom)
2022-12-02 13:56:26,427 [c2dd9a81-cece-4eb7-9c72-ec1f6b488133@group-984FB5B10E6C-FollowerState] INFO  impl.RoleInfo (RoleInfo.java:updateAndGet(139)) - c2dd9a81-cece-4eb7-9c72-ec1f6b488133: start c2dd9a81-cece-4eb7-9c72-ec1f6b488133@group-984FB5B10E6C-LeaderElection11
2022-12-02 13:56:26,437 [c2dd9a81-cece-4eb7-9c72-ec1f6b488133@group-984FB5B10E6C-LeaderElection11] INFO  impl.LeaderElection (LeaderElection.java:askForVotes(312)) - c2dd9a81-cece-4eb7-9c72-ec1f6b488133@group-984FB5B10E6C-LeaderElection11 ELECTION round 0: submit vote requests at term 1 for -1: peers:[c2dd9a81-cece-4eb7-9c72-ec1f6b488133|rpc:10.1.0.163:35989|priority:1|startupRole:FOLLOWER]|listeners:[], old=null
2022-12-02 13:56:26,438 [c2dd9a81-cece-4eb7-9c72-ec1f6b488133@group-984FB5B10E6C-LeaderElection11] INFO  impl.LeaderElection (LeaderElection.java:askForVotes(314)) - c2dd9a81-cece-4eb7-9c72-ec1f6b488133@group-984FB5B10E6C-LeaderElection11 ELECTION round 0: result PASSED (term=1)
2022-12-02 13:56:26,438 [c2dd9a81-cece-4eb7-9c72-ec1f6b488133@group-984FB5B10E6C-LeaderElection11] INFO  impl.RoleInfo (RoleInfo.java:shutdownLeaderElection(130)) - c2dd9a81-cece-4eb7-9c72-ec1f6b488133: shutdown c2dd9a81-cece-4eb7-9c72-ec1f6b488133@group-984FB5B10E6C-LeaderElection11
2022-12-02 13:56:26,438 [c2dd9a81-cece-4eb7-9c72-ec1f6b488133@group-984FB5B10E6C-LeaderElection11] INFO  server.RaftServer$Division (RaftServerImpl.java:setRole(321)) - c2dd9a81-cece-4eb7-9c72-ec1f6b488133@group-984FB5B10E6C: changes role from CANDIDATE to LEADER at term 1 for changeToLeader
2022-12-02 13:56:26,438 [c2dd9a81-cece-4eb7-9c72-ec1f6b488133@group-984FB5B10E6C-LeaderElection11] INFO  ratis.XceiverServerRatis (XceiverServerRatis.java:handleLeaderChangedNotification(863)) - Leader change notification received for group: group-984FB5B10E6C with new leaderId: c2dd9a81-cece-4eb7-9c72-ec1f6b488133
2022-12-02 13:56:26,444 [c2dd9a81-cece-4eb7-9c72-ec1f6b488133@group-984FB5B10E6C-LeaderElection11] INFO  server.RaftServer$Division (ServerState.java:setLeader(313)) - c2dd9a81-cece-4eb7-9c72-ec1f6b488133@group-984FB5B10E6C: change Leader from null to c2dd9a81-cece-4eb7-9c72-ec1f6b488133 at term 1 for becomeLeader, leader elected after 5155ms
2022-12-02 13:56:26,445 [c2dd9a81-cece-4eb7-9c72-ec1f6b488133@group-984FB5B10E6C-LeaderElection11] INFO  server.RaftServerConfigKeys (ConfUtils.java:logGet(46)) - raft.server.staging.catchup.gap = 1000 (default)
2022-12-02 13:56:26,446 [c2dd9a81-cece-4eb7-9c72-ec1f6b488133@group-984FB5B10E6C-LeaderElection11] INFO  server.RaftServerConfigKeys (ConfUtils.java:logGet(46)) - raft.server.write.element-limit = 1024 (custom)
2022-12-02 13:56:26,446 [c2dd9a81-cece-4eb7-9c72-ec1f6b488133@group-984FB5B10E6C-LeaderElection11] INFO  server.RaftServerConfigKeys (ConfUtils.java:logGet(46)) - raft.server.write.byte-limit = 1024 M (=1073741824) (custom)
2022-12-02 13:56:26,446 [EventQueue-CommandQueueReportForCommandQueueReportHandler] WARN  events.EventQueue (EventQueue.java:fireEvent(216)) - No event handler registered for event TypedEvent{payloadType=DatanodeDetails, name='Datanode_Command_Queue_Updated'}
2022-12-02 13:56:26,447 [c2dd9a81-cece-4eb7-9c72-ec1f6b488133@group-984FB5B10E6C-LeaderElection11] INFO  server.RaftServerConfigKeys (ConfUtils.java:logGet(46)) - raft.server.watch.timeout = 180s (custom)
2022-12-02 13:56:26,448 [c2dd9a81-cece-4eb7-9c72-ec1f6b488133@group-984FB5B10E6C-LeaderElection11] INFO  server.RaftServerConfigKeys (ConfUtils.java:logGet(46)) - raft.server.watch.timeout.denomination = 1s (default)
2022-12-02 13:56:26,448 [c2dd9a81-cece-4eb7-9c72-ec1f6b488133@group-984FB5B10E6C-LeaderElection11] INFO  server.RaftServerConfigKeys (ConfUtils.java:logGet(46)) - raft.server.watch.element-limit = 65536 (default)
2022-12-02 13:56:26,448 [c2dd9a81-cece-4eb7-9c72-ec1f6b488133@group-984FB5B10E6C-LeaderElection11] INFO  server.RaftServerConfigKeys (ConfUtils.java:logGet(46)) - raft.server.write.element-limit = 1024 (custom)
2022-12-02 13:56:26,448 [c2dd9a81-cece-4eb7-9c72-ec1f6b488133@group-984FB5B10E6C-LeaderElection11] INFO  server.RaftServerConfigKeys (ConfUtils.java:logGet(46)) - raft.server.write.follower.gap.ratio.max = -1.0 (default)
2022-12-02 13:56:26,448 [c2dd9a81-cece-4eb7-9c72-ec1f6b488133@group-984FB5B10E6C-LeaderElection11] INFO  impl.RoleInfo (RoleInfo.java:updateAndGet(139)) - c2dd9a81-cece-4eb7-9c72-ec1f6b488133: start c2dd9a81-cece-4eb7-9c72-ec1f6b488133@group-984FB5B10E6C-LeaderStateImpl
2022-12-02 13:56:26,448 [c2dd9a81-cece-4eb7-9c72-ec1f6b488133@group-984FB5B10E6C-LeaderElection11] INFO  segmented.SegmentedRaftLogWorker (SegmentedRaftLogWorker.java:startLogSegment(452)) - c2dd9a81-cece-4eb7-9c72-ec1f6b488133@group-984FB5B10E6C-SegmentedRaftLogWorker: Starting segment from index:0
2022-12-02 13:56:26,449 [c2dd9a81-cece-4eb7-9c72-ec1f6b488133@group-984FB5B10E6C-SegmentedRaftLogWorker] INFO  segmented.SegmentedRaftLogWorker (SegmentedRaftLogWorker.java:execute(656)) - c2dd9a81-cece-4eb7-9c72-ec1f6b488133@group-984FB5B10E6C-SegmentedRaftLogWorker: created new log segment /home/runner/work/ozone/ozone/hadoop-ozone/integration-test/target/test-dir/MiniOzoneClusterImpl-54b774fa-8058-4f65-8e1c-0ac417d0d4c9/datanode-6/data/ratis/d30e23a2-fa5d-4654-939a-984fb5b10e6c/current/log_inprogress_0
2022-12-02 13:56:26,455 [c2dd9a81-cece-4eb7-9c72-ec1f6b488133@group-984FB5B10E6C-LeaderElection11] INFO  server.RaftServer$Division (ServerState.java:setRaftConf(430)) - c2dd9a81-cece-4eb7-9c72-ec1f6b488133@group-984FB5B10E6C: set configuration 0: peers:[c2dd9a81-cece-4eb7-9c72-ec1f6b488133|rpc:10.1.0.163:35989|dataStream:|priority:1|startupRole:FOLLOWER]|listeners:[], old=null
2022-12-02 13:56:26,459 [Listener at 127.0.0.1/44033] INFO  rpc.RpcClient (RpcClient.java:createBucket(691)) - Creating Bucket: testblockoutputstream/testblockoutputstream, with server-side default bucket layout, runner as owner, Versioning false, Storage Type set to DISK and Encryption set to false 
2022-12-02 13:56:26,465 [EventQueue-CommandQueueReportForCommandQueueReportHandler] WARN  events.EventQueue (EventQueue.java:fireEvent(216)) - No event handler registered for event TypedEvent{payloadType=DatanodeDetails, name='Datanode_Command_Queue_Updated'}
2022-12-02 13:56:26,473 [OM StateMachine ApplyTransaction Thread - 0] INFO  bucket.OMBucketCreateRequest (OMBucketCreateRequest.java:validateAndUpdateCache(260)) - created bucket: testblockoutputstream of layout LEGACY in volume: testblockoutputstream
2022-12-02 13:56:26,486 [Time-limited test] INFO  impl.MetricsSystemImpl (MetricsSystemImpl.java:init(158)) - XceiverClientMetrics metrics system started (again)
2022-12-02 13:56:26,547 [IPC Server handler 9 on default port 43145] INFO  ha.SequenceIdGenerator (SequenceIdGenerator.java:getNextId(128)) - Allocate a batch for containerId, change lastId from 0 to 1000.
2022-12-02 13:56:26,556 [IPC Server handler 9 on default port 43145] WARN  ha.SequenceIdGenerator (SequenceIdGenerator.java:allocateBatch(237)) - Failed to allocate a batch for localId, expected lastId is 0, actual lastId is 109611004723200000.
2022-12-02 13:56:26,557 [IPC Server handler 9 on default port 43145] INFO  ha.SequenceIdGenerator (SequenceIdGenerator.java:getNextId(128)) - Allocate a batch for localId, change lastId from 109611004723200000 to 109611004723201000.
2022-12-02 13:56:26,654 [EventQueue-CommandQueueReportForCommandQueueReportHandler] WARN  events.EventQueue (EventQueue.java:fireEvent(216)) - No event handler registered for event TypedEvent{payloadType=DatanodeDetails, name='Datanode_Command_Queue_Updated'}
2022-12-02 13:56:26,781 [EventQueue-CommandQueueReportForCommandQueueReportHandler] WARN  events.EventQueue (EventQueue.java:fireEvent(216)) - No event handler registered for event TypedEvent{payloadType=DatanodeDetails, name='Datanode_Command_Queue_Updated'}
2022-12-02 13:56:26,818 [EventQueue-CommandQueueReportForCommandQueueReportHandler] WARN  events.EventQueue (EventQueue.java:fireEvent(216)) - No event handler registered for event TypedEvent{payloadType=DatanodeDetails, name='Datanode_Command_Queue_Updated'}
2022-12-02 13:56:26,827 [EventQueue-CommandQueueReportForCommandQueueReportHandler] WARN  events.EventQueue (EventQueue.java:fireEvent(216)) - No event handler registered for event TypedEvent{payloadType=DatanodeDetails, name='Datanode_Command_Queue_Updated'}
2022-12-02 13:56:26,828 [EventQueue-CommandQueueReportForCommandQueueReportHandler] WARN  events.EventQueue (EventQueue.java:fireEvent(216)) - No event handler registered for event TypedEvent{payloadType=DatanodeDetails, name='Datanode_Command_Queue_Updated'}
]]></system-out>
  </testcase>
  <testcase name="testMultiChunkWrite2" classname="org.apache.hadoop.ozone.client.rpc.TestBlockOutputStream" time="0.071">
    <failure type="java.lang.AssertionError"><![CDATA[java.lang.AssertionError: expected:<2> but was:<1>
	at org.junit.Assert.fail(Assert.java:89)
	at org.junit.Assert.failNotEquals(Assert.java:835)
	at org.junit.Assert.assertEquals(Assert.java:647)
	at org.junit.Assert.assertEquals(Assert.java:633)
	at org.apache.hadoop.ozone.client.rpc.TestBlockOutputStream.testMultiChunkWrite2(TestBlockOutputStream.java:444)
	at sun.reflect.NativeMethodAccessorImpl.invoke0(Native Method)
	at sun.reflect.NativeMethodAccessorImpl.invoke(NativeMethodAccessorImpl.java:62)
	at sun.reflect.DelegatingMethodAccessorImpl.invoke(DelegatingMethodAccessorImpl.java:43)
	at java.lang.reflect.Method.invoke(Method.java:498)
	at org.junit.runners.model.FrameworkMethod$1.runReflectiveCall(FrameworkMethod.java:59)
	at org.junit.internal.runners.model.ReflectiveCallable.run(ReflectiveCallable.java:12)
	at org.junit.runners.model.FrameworkMethod.invokeExplosively(FrameworkMethod.java:56)
	at org.junit.internal.runners.statements.InvokeMethod.evaluate(InvokeMethod.java:17)
	at org.junit.internal.runners.statements.FailOnTimeout$CallableStatement.call(FailOnTimeout.java:288)
	at org.junit.internal.runners.statements.FailOnTimeout$CallableStatement.call(FailOnTimeout.java:282)
	at java.util.concurrent.FutureTask.run(FutureTask.java:266)
	at java.lang.Thread.run(Thread.java:750)
]]></failure>
    <system-out><![CDATA[2022-12-02 13:56:27,312 [EventQueue-CommandQueueReportForCommandQueueReportHandler] WARN  events.EventQueue (EventQueue.java:fireEvent(216)) - No event handler registered for event TypedEvent{payloadType=DatanodeDetails, name='Datanode_Command_Queue_Updated'}
2022-12-02 13:56:27,313 [EventQueue-CommandQueueReportForCommandQueueReportHandler] WARN  events.EventQueue (EventQueue.java:fireEvent(216)) - No event handler registered for event TypedEvent{payloadType=DatanodeDetails, name='Datanode_Command_Queue_Updated'}
2022-12-02 13:56:27,328 [EventQueue-CommandQueueReportForCommandQueueReportHandler] WARN  events.EventQueue (EventQueue.java:fireEvent(216)) - No event handler registered for event TypedEvent{payloadType=DatanodeDetails, name='Datanode_Command_Queue_Updated'}
2022-12-02 13:56:27,346 [EventQueue-CommandQueueReportForCommandQueueReportHandler] WARN  events.EventQueue (EventQueue.java:fireEvent(216)) - No event handler registered for event TypedEvent{payloadType=DatanodeDetails, name='Datanode_Command_Queue_Updated'}
]]></system-out>
  </testcase>
  <testcase name="testMultiChunkWrite" classname="org.apache.hadoop.ozone.client.rpc.TestBlockOutputStream" time="0.027">
    <failure type="java.lang.AssertionError"><![CDATA[java.lang.AssertionError: expected:<1> but was:<0>
	at org.junit.Assert.fail(Assert.java:89)
	at org.junit.Assert.failNotEquals(Assert.java:835)
	at org.junit.Assert.assertEquals(Assert.java:647)
	at org.junit.Assert.assertEquals(Assert.java:633)
	at org.apache.hadoop.ozone.client.rpc.TestBlockOutputStream.testMultiChunkWrite(TestBlockOutputStream.java:351)
	at sun.reflect.NativeMethodAccessorImpl.invoke0(Native Method)
	at sun.reflect.NativeMethodAccessorImpl.invoke(NativeMethodAccessorImpl.java:62)
	at sun.reflect.DelegatingMethodAccessorImpl.invoke(DelegatingMethodAccessorImpl.java:43)
	at java.lang.reflect.Method.invoke(Method.java:498)
	at org.junit.runners.model.FrameworkMethod$1.runReflectiveCall(FrameworkMethod.java:59)
	at org.junit.internal.runners.model.ReflectiveCallable.run(ReflectiveCallable.java:12)
	at org.junit.runners.model.FrameworkMethod.invokeExplosively(FrameworkMethod.java:56)
	at org.junit.internal.runners.statements.InvokeMethod.evaluate(InvokeMethod.java:17)
	at org.junit.internal.runners.statements.FailOnTimeout$CallableStatement.call(FailOnTimeout.java:288)
	at org.junit.internal.runners.statements.FailOnTimeout$CallableStatement.call(FailOnTimeout.java:282)
	at java.util.concurrent.FutureTask.run(FutureTask.java:266)
	at java.lang.Thread.run(Thread.java:750)
]]></failure>
  </testcase>
  <testcase name="testFullBufferCondition" classname="org.apache.hadoop.ozone.client.rpc.TestBlockOutputStream" time="0.146">
    <failure type="java.lang.AssertionError"><![CDATA[java.lang.AssertionError: expected:<1> but was:<0>
	at org.junit.Assert.fail(Assert.java:89)
	at org.junit.Assert.failNotEquals(Assert.java:835)
	at org.junit.Assert.assertEquals(Assert.java:647)
	at org.junit.Assert.assertEquals(Assert.java:633)
	at org.apache.hadoop.ozone.client.rpc.TestBlockOutputStream.testFullBufferCondition(TestBlockOutputStream.java:561)
	at sun.reflect.NativeMethodAccessorImpl.invoke0(Native Method)
	at sun.reflect.NativeMethodAccessorImpl.invoke(NativeMethodAccessorImpl.java:62)
	at sun.reflect.DelegatingMethodAccessorImpl.invoke(DelegatingMethodAccessorImpl.java:43)
	at java.lang.reflect.Method.invoke(Method.java:498)
	at org.junit.runners.model.FrameworkMethod$1.runReflectiveCall(FrameworkMethod.java:59)
	at org.junit.internal.runners.model.ReflectiveCallable.run(ReflectiveCallable.java:12)
	at org.junit.runners.model.FrameworkMethod.invokeExplosively(FrameworkMethod.java:56)
	at org.junit.internal.runners.statements.InvokeMethod.evaluate(InvokeMethod.java:17)
	at org.junit.internal.runners.statements.FailOnTimeout$CallableStatement.call(FailOnTimeout.java:288)
	at org.junit.internal.runners.statements.FailOnTimeout$CallableStatement.call(FailOnTimeout.java:282)
	at java.util.concurrent.FutureTask.run(FutureTask.java:266)
	at java.lang.Thread.run(Thread.java:750)
]]></failure>
    <system-out><![CDATA[2022-12-02 13:56:27,446 [EventQueue-CommandQueueReportForCommandQueueReportHandler] WARN  events.EventQueue (EventQueue.java:fireEvent(216)) - No event handler registered for event TypedEvent{payloadType=DatanodeDetails, name='Datanode_Command_Queue_Updated'}
2022-12-02 13:56:27,447 [EventQueue-CommandQueueReportForCommandQueueReportHandler] WARN  events.EventQueue (EventQueue.java:fireEvent(216)) - No event handler registered for event TypedEvent{payloadType=DatanodeDetails, name='Datanode_Command_Queue_Updated'}
2022-12-02 13:56:27,450 [EventQueue-CommandQueueReportForCommandQueueReportHandler] WARN  events.EventQueue (EventQueue.java:fireEvent(216)) - No event handler registered for event TypedEvent{payloadType=DatanodeDetails, name='Datanode_Command_Queue_Updated'}
2022-12-02 13:56:27,451 [EventQueue-CommandQueueReportForCommandQueueReportHandler] WARN  events.EventQueue (EventQueue.java:fireEvent(216)) - No event handler registered for event TypedEvent{payloadType=DatanodeDetails, name='Datanode_Command_Queue_Updated'}
2022-12-02 13:56:27,455 [EventQueue-CommandQueueReportForCommandQueueReportHandler] WARN  events.EventQueue (EventQueue.java:fireEvent(216)) - No event handler registered for event TypedEvent{payloadType=DatanodeDetails, name='Datanode_Command_Queue_Updated'}
2022-12-02 13:56:27,456 [EventQueue-CommandQueueReportForCommandQueueReportHandler] WARN  events.EventQueue (EventQueue.java:fireEvent(216)) - No event handler registered for event TypedEvent{payloadType=DatanodeDetails, name='Datanode_Command_Queue_Updated'}
2022-12-02 13:56:27,460 [EventQueue-CommandQueueReportForCommandQueueReportHandler] WARN  events.EventQueue (EventQueue.java:fireEvent(216)) - No event handler registered for event TypedEvent{payloadType=DatanodeDetails, name='Datanode_Command_Queue_Updated'}
]]></system-out>
  </testcase>
  <testcase name="testBufferCaching" classname="org.apache.hadoop.ozone.client.rpc.TestBlockOutputStream" time="0.101"/>
  <testcase name="testWriteWithExceedingMaxBufferLimit" classname="org.apache.hadoop.ozone.client.rpc.TestBlockOutputStream" time="0.235">
    <system-out><![CDATA[2022-12-02 13:56:27,700 [EventQueue-CommandQueueReportForCommandQueueReportHandler] WARN  events.EventQueue (EventQueue.java:fireEvent(216)) - No event handler registered for event TypedEvent{payloadType=DatanodeDetails, name='Datanode_Command_Queue_Updated'}
2022-12-02 13:56:27,701 [EventQueue-CommandQueueReportForCommandQueueReportHandler] WARN  events.EventQueue (EventQueue.java:fireEvent(216)) - No event handler registered for event TypedEvent{payloadType=DatanodeDetails, name='Datanode_Command_Queue_Updated'}
2022-12-02 13:56:27,705 [EventQueue-CommandQueueReportForCommandQueueReportHandler] WARN  events.EventQueue (EventQueue.java:fireEvent(216)) - No event handler registered for event TypedEvent{payloadType=DatanodeDetails, name='Datanode_Command_Queue_Updated'}
]]></system-out>
  </testcase>
</testsuite>