<?xml version="1.0" encoding="UTF-8"?>
<testsuite xmlns:xsi="http://www.w3.org/2001/XMLSchema-instance" xsi:noNamespaceSchemaLocation="https://maven.apache.org/surefire/maven-surefire-plugin/xsd/surefire-test-report-3.0.xsd" version="3.0" name="org.apache.hadoop.ozone.scm.TestGetCommittedBlockLengthAndPutKey" time="327.378" tests="3" errors="1" skipped="0" failures="0">
  <properties>
    <property name="awt.toolkit" value="sun.awt.X11.XToolkit"/>
    <property name="file.encoding.pkg" value="sun.io"/>
    <property name="java.specification.version" value="1.8"/>
    <property name="sun.cpu.isalist" value=""/>
    <property name="sun.jnu.encoding" value="UTF-8"/>
    <property name="java.class.path" value="/home/runner/work/ozone/ozone/hadoop-ozone/integration-test/target/test-classes:/home/runner/work/ozone/ozone/hadoop-ozone/integration-test/target/classes:/home/runner/.m2/repository/org/apache/ozone/ozone-common/1.4.0-SNAPSHOT/ozone-common-1.4.0-SNAPSHOT.jar:/home/runner/.m2/repository/io/grpc/grpc-netty/1.51.1/grpc-netty-1.51.1.jar:/home/runner/.m2/repository/io/grpc/grpc-core/1.51.1/grpc-core-1.51.1.jar:/home/runner/.m2/repository/com/google/android/annotations/4.1.1.4/annotations-4.1.1.4.jar:/home/runner/.m2/repository/org/codehaus/mojo/animal-sniffer-annotations/1.21/animal-sniffer-annotations-1.21.jar:/home/runner/.m2/repository/com/google/errorprone/error_prone_annotations/2.2.0/error_prone_annotations-2.2.0.jar:/home/runner/.m2/repository/io/perfmark/perfmark-api/0.25.0/perfmark-api-0.25.0.jar:/home/runner/.m2/repository/io/netty/netty-codec-http2/4.1.94.Final/netty-codec-http2-4.1.94.Final.jar:/home/runner/.m2/repository/io/netty/netty-common/4.1.94.Final/netty-common-4.1.94.Final.jar:/home/runner/.m2/repository/io/netty/netty-buffer/4.1.94.Final/netty-buffer-4.1.94.Final.jar:/home/runner/.m2/repository/io/netty/netty-codec-http/4.1.94.Final/netty-codec-http-4.1.94.Final.jar:/home/runner/.m2/repository/io/netty/netty-handler-proxy/4.1.94.Final/netty-handler-proxy-4.1.94.Final.jar:/home/runner/.m2/repository/io/netty/netty-codec-socks/4.1.94.Final/netty-codec-socks-4.1.94.Final.jar:/home/runner/.m2/repository/io/netty/netty-tcnative-boringssl-static/2.0.61.Final/netty-tcnative-boringssl-static-2.0.61.Final.jar:/home/runner/.m2/repository/io/netty/netty-tcnative-classes/2.0.61.Final/netty-tcnative-classes-2.0.61.Final.jar:/home/runner/.m2/repository/io/netty/netty-tcnative-boringssl-static/2.0.61.Final/netty-tcnative-boringssl-static-2.0.61.Final-linux-x86_64.jar:/home/runner/.m2/repository/io/netty/netty-tcnative-boringssl-static/2.0.61.Final/netty-tcnative-boringssl-static-2.0.61.Final-linux-aarch_64.jar:/home/runner/.m2/repository/io/netty/netty-tcnative-boringssl-static/2.0.61.Final/netty-tcnative-boringssl-static-2.0.61.Final-osx-x86_64.jar:/home/runner/.m2/repository/io/netty/netty-tcnative-boringssl-static/2.0.61.Final/netty-tcnative-boringssl-static-2.0.61.Final-osx-aarch_64.jar:/home/runner/.m2/repository/io/netty/netty-tcnative-boringssl-static/2.0.61.Final/netty-tcnative-boringssl-static-2.0.61.Final-windows-x86_64.jar:/home/runner/.m2/repository/org/apache/commons/commons-compress/1.21/commons-compress-1.21.jar:/home/runner/.m2/repository/org/apache/ozone/hdds-common/1.4.0-SNAPSHOT/hdds-common-1.4.0-SNAPSHOT.jar:/home/runner/.m2/repository/org/apache/ozone/hdds-client/1.4.0-SNAPSHOT/hdds-client-1.4.0-SNAPSHOT.jar:/home/runner/.m2/repository/org/apache/ozone/ozone-interface-client/1.4.0-SNAPSHOT/ozone-interface-client-1.4.0-SNAPSHOT.jar:/home/runner/.m2/repository/org/apache/hadoop/hadoop-hdfs-client/3.3.6/hadoop-hdfs-client-3.3.6.jar:/home/runner/.m2/repository/com/squareup/okhttp3/okhttp/4.9.3/okhttp-4.9.3.jar:/home/runner/.m2/repository/com/squareup/okio/okio/3.4.0/okio-3.4.0.jar:/home/runner/.m2/repository/com/squareup/okio/okio-jvm/3.4.0/okio-jvm-3.4.0.jar:/home/runner/.m2/repository/org/jetbrains/kotlin/kotlin-stdlib-jdk8/1.8.0/kotlin-stdlib-jdk8-1.8.0.jar:/home/runner/.m2/repository/org/jetbrains/kotlin/kotlin-stdlib-jdk7/1.8.0/kotlin-stdlib-jdk7-1.8.0.jar:/home/runner/.m2/repository/org/jetbrains/kotlin/kotlin-stdlib-common/1.6.21/kotlin-stdlib-common-1.6.21.jar:/home/runner/.m2/repository/org/apache/ozone/hdds-test-utils/1.4.0-SNAPSHOT/hdds-test-utils-1.4.0-SNAPSHOT.jar:/home/runner/.m2/repository/com/google/guava/guava/32.0.0-jre/guava-32.0.0-jre.jar:/home/runner/.m2/repository/com/google/guava/failureaccess/1.0.1/failureaccess-1.0.1.jar:/home/runner/.m2/repository/com/google/guava/listenablefuture/9999.0-empty-to-avoid-conflict-with-guava/listenablefuture-9999.0-empty-to-avoid-conflict-with-guava.jar:/home/runner/.m2/repository/com/google/code/findbugs/jsr305/3.0.0/jsr305-3.0.0.jar:/home/runner/.m2/repository/org/checkerframework/checker-qual/3.33.0/checker-qual-3.33.0.jar:/home/runner/.m2/repository/com/google/j2objc/j2objc-annotations/2.8/j2objc-annotations-2.8.jar:/home/runner/.m2/repository/commons-io/commons-io/2.11.0/commons-io-2.11.0.jar:/home/runner/.m2/repository/commons-logging/commons-logging/1.2/commons-logging-1.2.jar:/home/runner/.m2/repository/ch/qos/reload4j/reload4j/1.2.22/reload4j-1.2.22.jar:/home/runner/.m2/repository/org/slf4j/slf4j-api/1.7.36/slf4j-api-1.7.36.jar:/home/runner/.m2/repository/org/apache/logging/log4j/log4j-api/2.17.1/log4j-api-2.17.1.jar:/home/runner/.m2/repository/org/apache/ozone/hdds-server-scm/1.4.0-SNAPSHOT/hdds-server-scm-1.4.0-SNAPSHOT.jar:/home/runner/.m2/repository/org/apache/ozone/hdds-container-service/1.4.0-SNAPSHOT/hdds-container-service-1.4.0-SNAPSHOT.jar:/home/runner/.m2/repository/org/apache/ozone/hdds-hadoop-dependency-server/1.4.0-SNAPSHOT/hdds-hadoop-dependency-server-1.4.0-SNAPSHOT.jar:/home/runner/.m2/repository/org/apache/hadoop/hadoop-hdfs/3.3.6/hadoop-hdfs-3.3.6.jar:/home/runner/.m2/repository/commons-daemon/commons-daemon/1.0.13/commons-daemon-1.0.13.jar:/home/runner/.m2/repository/org/apache/ozone/hdds-server-framework/1.4.0-SNAPSHOT/hdds-server-framework-1.4.0-SNAPSHOT.jar:/home/runner/.m2/repository/io/dropwizard/metrics/metrics-core/3.2.4/metrics-core-3.2.4.jar:/home/runner/.m2/repository/org/apache/commons/commons-text/1.10.0/commons-text-1.10.0.jar:/home/runner/.m2/repository/org/bouncycastle/bcprov-jdk15on/1.67/bcprov-jdk15on-1.67.jar:/home/runner/.m2/repository/com/google/protobuf/protobuf-java/2.5.0/protobuf-java-2.5.0.jar:/home/runner/.m2/repository/org/apache/ozone/hdds-server-framework/1.4.0-SNAPSHOT/hdds-server-framework-1.4.0-SNAPSHOT-tests.jar:/home/runner/.m2/repository/org/apache/ozone/hdds-interface-server/1.4.0-SNAPSHOT/hdds-interface-server-1.4.0-SNAPSHOT.jar:/home/runner/.m2/repository/org/apache/ozone/hdds-interface-admin/1.4.0-SNAPSHOT/hdds-interface-admin-1.4.0-SNAPSHOT.jar:/home/runner/.m2/repository/org/apache/ozone/hdds-managed-rocksdb/1.4.0-SNAPSHOT/hdds-managed-rocksdb-1.4.0-SNAPSHOT.jar:/home/runner/.m2/repository/org/rocksdb/rocksdbjni/7.7.3/rocksdbjni-7.7.3.jar:/home/runner/.m2/repository/org/slf4j/slf4j-reload4j/1.7.36/slf4j-reload4j-1.7.36.jar:/home/runner/.m2/repository/org/apache/commons/commons-configuration2/2.1.1/commons-configuration2-2.1.1.jar:/home/runner/.m2/repository/commons-fileupload/commons-fileupload/1.5/commons-fileupload-1.5.jar:/home/runner/.m2/repository/org/apache/logging/log4j/log4j-core/2.17.1/log4j-core-2.17.1.jar:/home/runner/.m2/repository/com/lmax/disruptor/3.4.2/disruptor-3.4.2.jar:/home/runner/.m2/repository/org/eclipse/jetty/jetty-util/9.4.51.v20230217/jetty-util-9.4.51.v20230217.jar:/home/runner/.m2/repository/org/eclipse/jetty/jetty-server/9.4.51.v20230217/jetty-server-9.4.51.v20230217.jar:/home/runner/.m2/repository/org/eclipse/jetty/jetty-http/9.4.51.v20230217/jetty-http-9.4.51.v20230217.jar:/home/runner/.m2/repository/org/eclipse/jetty/jetty-io/9.4.51.v20230217/jetty-io-9.4.51.v20230217.jar:/home/runner/.m2/repository/org/eclipse/jetty/jetty-servlet/9.4.51.v20230217/jetty-servlet-9.4.51.v20230217.jar:/home/runner/.m2/repository/org/eclipse/jetty/jetty-security/9.4.51.v20230217/jetty-security-9.4.51.v20230217.jar:/home/runner/.m2/repository/org/eclipse/jetty/jetty-util-ajax/9.4.51.v20230217/jetty-util-ajax-9.4.51.v20230217.jar:/home/runner/.m2/repository/org/eclipse/jetty/jetty-webapp/9.4.51.v20230217/jetty-webapp-9.4.51.v20230217.jar:/home/runner/.m2/repository/org/eclipse/jetty/jetty-xml/9.4.51.v20230217/jetty-xml-9.4.51.v20230217.jar:/home/runner/.m2/repository/org/apache/ratis/ratis-server/2.5.1/ratis-server-2.5.1.jar:/home/runner/.m2/repository/org/apache/ratis/ratis-thirdparty-misc/1.0.4/ratis-thirdparty-misc-1.0.4.jar:/home/runner/.m2/repository/org/apache/ratis/ratis-proto/2.5.1/ratis-proto-2.5.1.jar:/home/runner/.m2/repository/org/apache/ratis/ratis-common/2.5.1/ratis-common-2.5.1.jar:/home/runner/.m2/repository/org/apache/ratis/ratis-client/2.5.1/ratis-client-2.5.1.jar:/home/runner/.m2/repository/org/apache/ratis/ratis-server-api/2.5.1/ratis-server-api-2.5.1.jar:/home/runner/.m2/repository/org/apache/ratis/ratis-metrics/2.5.1/ratis-metrics-2.5.1.jar:/home/runner/.m2/repository/io/prometheus/simpleclient_dropwizard/0.7.0/simpleclient_dropwizard-0.7.0.jar:/home/runner/.m2/repository/io/prometheus/simpleclient/0.7.0/simpleclient-0.7.0.jar:/home/runner/.m2/repository/io/prometheus/simpleclient_common/0.7.0/simpleclient_common-0.7.0.jar:/home/runner/.m2/repository/com/fasterxml/jackson/datatype/jackson-datatype-jsr310/2.13.4/jackson-datatype-jsr310-2.13.4.jar:/home/runner/.m2/repository/com/fasterxml/jackson/core/jackson-core/2.13.4/jackson-core-2.13.4.jar:/home/runner/.m2/repository/com/github/spotbugs/spotbugs-annotations/3.1.12/spotbugs-annotations-3.1.12.jar:/home/runner/.m2/repository/org/apache/ozone/rocksdb-checkpoint-differ/1.4.0-SNAPSHOT/rocksdb-checkpoint-differ-1.4.0-SNAPSHOT.jar:/home/runner/.m2/repository/org/jgrapht/jgrapht-core/1.0.1/jgrapht-core-1.0.1.jar:/home/runner/.m2/repository/org/jgrapht/jgrapht-ext/1.0.1/jgrapht-ext-1.0.1.jar:/home/runner/.m2/repository/org/tinyjee/jgraphx/jgraphx/2.0.0.1/jgraphx-2.0.0.1.jar:/home/runner/.m2/repository/jgraph/jgraph/5.13.0.0/jgraph-5.13.0.0.jar:/home/runner/.m2/repository/org/antlr/antlr4-runtime/4.5.3/antlr4-runtime-4.5.3.jar:/home/runner/.m2/repository/org/awaitility/awaitility/4.2.0/awaitility-4.2.0.jar:/home/runner/.m2/repository/org/hamcrest/hamcrest/2.1/hamcrest-2.1.jar:/home/runner/.m2/repository/org/apache/ozone/ozone-manager/1.4.0-SNAPSHOT/ozone-manager-1.4.0-SNAPSHOT.jar:/home/runner/.m2/repository/org/aspectj/aspectjrt/1.9.7/aspectjrt-1.9.7.jar:/home/runner/.m2/repository/org/aspectj/aspectjweaver/1.9.7/aspectjweaver-1.9.7.jar:/home/runner/.m2/repository/org/apache/ozone/hdds-interface-client/1.4.0-SNAPSHOT/hdds-interface-client-1.4.0-SNAPSHOT.jar:/home/runner/.m2/repository/org/apache/hadoop/thirdparty/hadoop-shaded-protobuf_3_7/1.1.1/hadoop-shaded-protobuf_3_7-1.1.1.jar:/home/runner/.m2/repository/org/apache/ozone/ozone-interface-storage/1.4.0-SNAPSHOT/ozone-interface-storage-1.4.0-SNAPSHOT.jar:/home/runner/.m2/repository/org/reflections/reflections/0.9.11/reflections-0.9.11.jar:/home/runner/.m2/repository/com/sun/jersey/jersey-client/1.19/jersey-client-1.19.jar:/home/runner/.m2/repository/org/codehaus/jackson/jackson-core-asl/1.9.13/jackson-core-asl-1.9.13.jar:/home/runner/.m2/repository/org/codehaus/jackson/jackson-mapper-asl/1.9.13/jackson-mapper-asl-1.9.13.jar:/home/runner/.m2/repository/org/codehaus/jackson/jackson-jaxrs/1.9.13/jackson-jaxrs-1.9.13.jar:/home/runner/.m2/repository/org/apache/ranger/ranger-intg/2.3.0/ranger-intg-2.3.0.jar:/home/runner/.m2/repository/org/apache/ranger/ranger-plugins-common/2.3.0/ranger-plugins-common-2.3.0.jar:/home/runner/.m2/repository/commons-lang/commons-lang/2.6/commons-lang-2.6.jar:/home/runner/.m2/repository/org/apache/ranger/ranger-plugins-cred/2.3.0/ranger-plugins-cred-2.3.0.jar:/home/runner/.m2/repository/org/apache/ranger/ranger-plugins-audit/2.3.0/ranger-plugins-audit-2.3.0.jar:/home/runner/.m2/repository/org/eclipse/jetty/jetty-client/9.4.51.v20230217/jetty-client-9.4.51.v20230217.jar:/home/runner/.m2/repository/org/apache/httpcomponents/httpmime/4.5.6/httpmime-4.5.6.jar:/home/runner/.m2/repository/org/apache/httpcomponents/httpcore-nio/4.4.13/httpcore-nio-4.4.13.jar:/home/runner/.m2/repository/org/apache/httpcomponents/httpasyncclient/4.1.3/httpasyncclient-4.1.3.jar:/home/runner/.m2/repository/com/carrotsearch/hppc/0.8.0/hppc-0.8.0.jar:/home/runner/.m2/repository/org/apache/orc/orc-core/1.5.8/orc-core-1.5.8.jar:/home/runner/.m2/repository/net/java/dev/jna/jna/5.2.0/jna-5.2.0.jar:/home/runner/.m2/repository/net/java/dev/jna/jna-platform/5.2.0/jna-platform-5.2.0.jar:/home/runner/.m2/repository/com/kstruct/gethostname4j/0.0.2/gethostname4j-0.0.2.jar:/home/runner/.m2/repository/org/apache/ranger/ranger-plugin-classloader/2.3.0/ranger-plugin-classloader-2.3.0.jar:/home/runner/.m2/repository/org/apache/ozone/hdds-rocks-native/1.4.0-SNAPSHOT/hdds-rocks-native-1.4.0-SNAPSHOT.jar:/home/runner/.m2/repository/org/apache/hadoop/hadoop-minikdc/3.3.6/hadoop-minikdc-3.3.6.jar:/home/runner/.m2/repository/org/apache/kerby/kerb-simplekdc/1.0.1/kerb-simplekdc-1.0.1.jar:/home/runner/.m2/repository/org/apache/kerby/kerb-client/1.0.1/kerb-client-1.0.1.jar:/home/runner/.m2/repository/org/apache/kerby/kerby-config/1.0.1/kerby-config-1.0.1.jar:/home/runner/.m2/repository/org/apache/kerby/kerb-common/1.0.1/kerb-common-1.0.1.jar:/home/runner/.m2/repository/org/apache/kerby/kerb-crypto/1.0.1/kerb-crypto-1.0.1.jar:/home/runner/.m2/repository/org/apache/kerby/kerb-util/1.0.1/kerb-util-1.0.1.jar:/home/runner/.m2/repository/org/apache/kerby/token-provider/1.0.1/token-provider-1.0.1.jar:/home/runner/.m2/repository/org/apache/kerby/kerb-admin/1.0.1/kerb-admin-1.0.1.jar:/home/runner/.m2/repository/org/apache/kerby/kerb-server/1.0.1/kerb-server-1.0.1.jar:/home/runner/.m2/repository/org/apache/kerby/kerb-identity/1.0.1/kerb-identity-1.0.1.jar:/home/runner/.m2/repository/org/apache/kerby/kerby-xdr/1.0.1/kerby-xdr-1.0.1.jar:/home/runner/.m2/repository/org/apache/ozone/ozone-s3gateway/1.4.0-SNAPSHOT/ozone-s3gateway-1.4.0-SNAPSHOT.jar:/home/runner/.m2/repository/org/javassist/javassist/3.21.0-GA/javassist-3.21.0-GA.jar:/home/runner/.m2/repository/org/jboss/weld/servlet/weld-servlet-shaded/3.1.9.Final/weld-servlet-shaded-3.1.9.Final.jar:/home/runner/.m2/repository/org/glassfish/jersey/containers/jersey-container-servlet-core/2.34/jersey-container-servlet-core-2.34.jar:/home/runner/.m2/repository/org/glassfish/hk2/external/jakarta.inject/2.6.1/jakarta.inject-2.6.1.jar:/home/runner/.m2/repository/org/glassfish/jersey/core/jersey-common/2.34/jersey-common-2.34.jar:/home/runner/.m2/repository/jakarta/ws/rs/jakarta.ws.rs-api/2.1.6/jakarta.ws.rs-api-2.1.6.jar:/home/runner/.m2/repository/org/glassfish/jersey/ext/cdi/jersey-cdi1x/2.34/jersey-cdi1x-2.34.jar:/home/runner/.m2/repository/org/glassfish/jersey/inject/jersey-hk2/2.34/jersey-hk2-2.34.jar:/home/runner/.m2/repository/org/glassfish/hk2/hk2-locator/2.6.1/hk2-locator-2.6.1.jar:/home/runner/.m2/repository/org/glassfish/jersey/media/jersey-media-jaxb/2.34/jersey-media-jaxb-2.34.jar:/home/runner/.m2/repository/org/glassfish/hk2/osgi-resource-locator/1.0.3/osgi-resource-locator-1.0.3.jar:/home/runner/.m2/repository/org/glassfish/hk2/hk2-api/2.5.0/hk2-api-2.5.0.jar:/home/runner/.m2/repository/org/glassfish/hk2/hk2-utils/2.5.0/hk2-utils-2.5.0.jar:/home/runner/.m2/repository/org/glassfish/hk2/external/aopalliance-repackaged/2.5.0/aopalliance-repackaged-2.5.0.jar:/home/runner/.m2/repository/com/fasterxml/jackson/dataformat/jackson-dataformat-xml/2.13.4/jackson-dataformat-xml-2.13.4.jar:/home/runner/.m2/repository/org/codehaus/woodstox/stax2-api/4.2.1/stax2-api-4.2.1.jar:/home/runner/.m2/repository/com/fasterxml/woodstox/woodstox-core/5.4.0/woodstox-core-5.4.0.jar:/home/runner/.m2/repository/com/fasterxml/jackson/module/jackson-module-jaxb-annotations/2.13.4/jackson-module-jaxb-annotations-2.13.4.jar:/home/runner/.m2/repository/jakarta/xml/bind/jakarta.xml.bind-api/2.3.3/jakarta.xml.bind-api-2.3.3.jar:/home/runner/.m2/repository/jakarta/activation/jakarta.activation-api/1.2.2/jakarta.activation-api-1.2.2.jar:/home/runner/.m2/repository/javax/enterprise/cdi-api/2.0/cdi-api-2.0.jar:/home/runner/.m2/repository/javax/el/javax.el-api/3.0.0/javax.el-api-3.0.0.jar:/home/runner/.m2/repository/javax/interceptor/javax.interceptor-api/1.2/javax.interceptor-api-1.2.jar:/home/runner/.m2/repository/javax/inject/javax.inject/1/javax.inject-1.jar:/home/runner/.m2/repository/javax/xml/bind/jaxb-api/2.3.0/jaxb-api-2.3.0.jar:/home/runner/.m2/repository/org/glassfish/jaxb/jaxb-runtime/2.3.0.1/jaxb-runtime-2.3.0.1.jar:/home/runner/.m2/repository/org/glassfish/jaxb/jaxb-core/2.3.0.1/jaxb-core-2.3.0.1.jar:/home/runner/.m2/repository/org/glassfish/jaxb/txw2/2.3.0.1/txw2-2.3.0.1.jar:/home/runner/.m2/repository/com/sun/istack/istack-commons-runtime/3.0.5/istack-commons-runtime-3.0.5.jar:/home/runner/.m2/repository/org/jvnet/staxex/stax-ex/1.7.8/stax-ex-1.7.8.jar:/home/runner/.m2/repository/com/sun/xml/fastinfoset/FastInfoset/1.2.13/FastInfoset-1.2.13.jar:/home/runner/.m2/repository/javax/activation/activation/1.1.1/activation-1.1.1.jar:/home/runner/.m2/repository/io/grpc/grpc-protobuf/1.51.1/grpc-protobuf-1.51.1.jar:/home/runner/.m2/repository/com/google/api/grpc/proto-google-common-protos/2.9.0/proto-google-common-protos-2.9.0.jar:/home/runner/.m2/repository/io/grpc/grpc-protobuf-lite/1.51.1/grpc-protobuf-lite-1.51.1.jar:/home/runner/.m2/repository/io/grpc/grpc-stub/1.51.1/grpc-stub-1.51.1.jar:/home/runner/.m2/repository/io/netty/netty-transport/4.1.94.Final/netty-transport-4.1.94.Final.jar:/home/runner/.m2/repository/io/netty/netty-resolver/4.1.94.Final/netty-resolver-4.1.94.Final.jar:/home/runner/.m2/repository/org/apache/ozone/ozone-csi/1.4.0-SNAPSHOT/ozone-csi-1.4.0-SNAPSHOT.jar:/home/runner/.m2/repository/com/google/protobuf/protobuf-java-util/3.19.6/protobuf-java-util-3.19.6.jar:/home/runner/.m2/repository/com/google/code/gson/gson/2.9.0/gson-2.9.0.jar:/home/runner/.m2/repository/org/apache/ozone/hdds-config/1.4.0-SNAPSHOT/hdds-config-1.4.0-SNAPSHOT.jar:/home/runner/.m2/repository/io/netty/netty-transport-native-epoll/4.1.94.Final/netty-transport-native-epoll-4.1.94.Final-linux-x86_64.jar:/home/runner/.m2/repository/io/netty/netty-transport-classes-epoll/4.1.94.Final/netty-transport-classes-epoll-4.1.94.Final.jar:/home/runner/.m2/repository/io/netty/netty-transport-native-unix-common/4.1.94.Final/netty-transport-native-unix-common-4.1.94.Final.jar:/home/runner/.m2/repository/org/apache/ozone/ozone-recon/1.4.0-SNAPSHOT/ozone-recon-1.4.0-SNAPSHOT.jar:/home/runner/.m2/repository/org/apache/ozone/ozone-reconcodegen/1.4.0-SNAPSHOT/ozone-reconcodegen-1.4.0-SNAPSHOT.jar:/home/runner/.m2/repository/com/google/inject/guice/5.1.0/guice-5.1.0.jar:/home/runner/.m2/repository/aopalliance/aopalliance/1.0/aopalliance-1.0.jar:/home/runner/.m2/repository/com/google/inject/extensions/guice-assistedinject/5.1.0/guice-assistedinject-5.1.0.jar:/home/runner/.m2/repository/com/google/inject/extensions/guice-servlet/5.1.0/guice-servlet-5.1.0.jar:/home/runner/.m2/repository/org/glassfish/jersey/containers/jersey-container-servlet/2.34/jersey-container-servlet-2.34.jar:/home/runner/.m2/repository/org/glassfish/hk2/guice-bridge/2.5.0/guice-bridge-2.5.0.jar:/home/runner/.m2/repository/org/glassfish/jersey/core/jersey-server/2.34/jersey-server-2.34.jar:/home/runner/.m2/repository/org/glassfish/jersey/core/jersey-client/2.34/jersey-client-2.34.jar:/home/runner/.m2/repository/jakarta/annotation/jakarta.annotation-api/1.3.5/jakarta.annotation-api-1.3.5.jar:/home/runner/.m2/repository/jakarta/validation/jakarta.validation-api/2.0.2/jakarta.validation-api-2.0.2.jar:/home/runner/.m2/repository/org/glassfish/jersey/media/jersey-media-json-jackson/2.34/jersey-media-json-jackson-2.34.jar:/home/runner/.m2/repository/org/glassfish/jersey/ext/jersey-entity-filtering/2.34/jersey-entity-filtering-2.34.jar:/home/runner/.m2/repository/org/jooq/jooq/3.11.10/jooq-3.11.10.jar:/home/runner/.m2/repository/org/jooq/jooq-meta/3.11.10/jooq-meta-3.11.10.jar:/home/runner/.m2/repository/org/jooq/jooq-codegen/3.11.10/jooq-codegen-3.11.10.jar:/home/runner/.m2/repository/com/jolbox/bonecp/0.8.0.RELEASE/bonecp-0.8.0.RELEASE.jar:/home/runner/.m2/repository/org/apache/derby/derby/10.14.2.0/derby-10.14.2.0.jar:/home/runner/.m2/repository/org/xerial/sqlite-jdbc/3.41.2.2/sqlite-jdbc-3.41.2.2.jar:/home/runner/.m2/repository/org/springframework/spring-jdbc/5.3.27/spring-jdbc-5.3.27.jar:/home/runner/.m2/repository/org/springframework/spring-beans/5.3.27/spring-beans-5.3.27.jar:/home/runner/.m2/repository/org/springframework/spring-core/5.3.27/spring-core-5.3.27.jar:/home/runner/.m2/repository/org/springframework/spring-tx/5.3.27/spring-tx-5.3.27.jar:/home/runner/.m2/repository/org/apache/ozone/ozone-client/1.4.0-SNAPSHOT/ozone-client-1.4.0-SNAPSHOT.jar:/home/runner/.m2/repository/org/apache/ozone/hdds-erasurecode/1.4.0-SNAPSHOT/hdds-erasurecode-1.4.0-SNAPSHOT.jar:/home/runner/.m2/repository/org/apache/ozone/ozone-filesystem/1.4.0-SNAPSHOT/ozone-filesystem-1.4.0-SNAPSHOT.jar:/home/runner/.m2/repository/org/apache/ozone/ozone-filesystem-common/1.4.0-SNAPSHOT/ozone-filesystem-common-1.4.0-SNAPSHOT.jar:/home/runner/.m2/repository/org/apache/ozone/ozone-tools/1.4.0-SNAPSHOT/ozone-tools-1.4.0-SNAPSHOT.jar:/home/runner/.m2/repository/com/amazonaws/aws-java-sdk-core/1.12.261/aws-java-sdk-core-1.12.261.jar:/home/runner/.m2/repository/org/apache/httpcomponents/httpclient/4.5.13/httpclient-4.5.13.jar:/home/runner/.m2/repository/org/apache/httpcomponents/httpcore/4.4.13/httpcore-4.4.13.jar:/home/runner/.m2/repository/software/amazon/ion/ion-java/1.0.2/ion-java-1.0.2.jar:/home/runner/.m2/repository/com/fasterxml/jackson/dataformat/jackson-dataformat-cbor/2.13.4/jackson-dataformat-cbor-2.13.4.jar:/home/runner/.m2/repository/joda-time/joda-time/2.10.6/joda-time-2.10.6.jar:/home/runner/.m2/repository/com/amazonaws/aws-java-sdk-s3/1.12.261/aws-java-sdk-s3-1.12.261.jar:/home/runner/.m2/repository/com/amazonaws/aws-java-sdk-kms/1.12.261/aws-java-sdk-kms-1.12.261.jar:/home/runner/.m2/repository/com/amazonaws/jmespath-java/1.12.261/jmespath-java-1.12.261.jar:/home/runner/.m2/repository/org/kohsuke/metainf-services/metainf-services/1.8/metainf-services-1.8.jar:/home/runner/.m2/repository/org/apache/ozone/hdds-tools/1.4.0-SNAPSHOT/hdds-tools-1.4.0-SNAPSHOT.jar:/home/runner/.m2/repository/org/apache/ratis/ratis-tools/2.5.1/ratis-tools-2.5.1.jar:/home/runner/.m2/repository/commons-cli/commons-cli/1.2/commons-cli-1.2.jar:/home/runner/.m2/repository/org/apache/commons/commons-lang3/3.7/commons-lang3-3.7.jar:/home/runner/.m2/repository/org/apache/ozone/ozone-manager/1.4.0-SNAPSHOT/ozone-manager-1.4.0-SNAPSHOT-tests.jar:/home/runner/.m2/repository/org/apache/ozone/hdds-common/1.4.0-SNAPSHOT/hdds-common-1.4.0-SNAPSHOT-tests.jar:/home/runner/.m2/repository/org/apache/ozone/hdds-hadoop-dependency-client/1.4.0-SNAPSHOT/hdds-hadoop-dependency-client-1.4.0-SNAPSHOT.jar:/home/runner/.m2/repository/info/picocli/picocli/4.6.1/picocli-4.6.1.jar:/home/runner/.m2/repository/com/fasterxml/jackson/core/jackson-annotations/2.13.4/jackson-annotations-2.13.4.jar:/home/runner/.m2/repository/org/apache/ozone/hdds-annotation-processing/1.4.0-SNAPSHOT/hdds-annotation-processing-1.4.0-SNAPSHOT.jar:/home/runner/.m2/repository/javax/annotation/javax.annotation-api/1.2/javax.annotation-api-1.2.jar:/home/runner/.m2/repository/org/apache/ratis/ratis-netty/2.5.1/ratis-netty-2.5.1.jar:/home/runner/.m2/repository/org/apache/ratis/ratis-grpc/2.5.1/ratis-grpc-2.5.1.jar:/home/runner/.m2/repository/org/apache/commons/commons-pool2/2.6.0/commons-pool2-2.6.0.jar:/home/runner/.m2/repository/org/bouncycastle/bcpkix-jdk15on/1.67/bcpkix-jdk15on-1.67.jar:/home/runner/.m2/repository/commons-validator/commons-validator/1.6/commons-validator-1.6.jar:/home/runner/.m2/repository/commons-beanutils/commons-beanutils/1.9.4/commons-beanutils-1.9.4.jar:/home/runner/.m2/repository/commons-digester/commons-digester/1.8.1/commons-digester-1.8.1.jar:/home/runner/.m2/repository/commons-collections/commons-collections/3.2.2/commons-collections-3.2.2.jar:/home/runner/.m2/repository/io/jaegertracing/jaeger-client/1.6.0/jaeger-client-1.6.0.jar:/home/runner/.m2/repository/io/jaegertracing/jaeger-thrift/1.6.0/jaeger-thrift-1.6.0.jar:/home/runner/.m2/repository/org/apache/thrift/libthrift/0.14.1/libthrift-0.14.1.jar:/home/runner/.m2/repository/io/jaegertracing/jaeger-core/1.6.0/jaeger-core-1.6.0.jar:/home/runner/.m2/repository/io/jaegertracing/jaeger-tracerresolver/1.6.0/jaeger-tracerresolver-1.6.0.jar:/home/runner/.m2/repository/io/opentracing/contrib/opentracing-tracerresolver/0.1.8/opentracing-tracerresolver-0.1.8.jar:/home/runner/.m2/repository/org/jetbrains/kotlin/kotlin-stdlib/1.6.21/kotlin-stdlib-1.6.21.jar:/home/runner/.m2/repository/org/jetbrains/annotations/13.0/annotations-13.0.jar:/home/runner/.m2/repository/io/opentracing/opentracing-util/0.33.0/opentracing-util-0.33.0.jar:/home/runner/.m2/repository/io/opentracing/opentracing-api/0.33.0/opentracing-api-0.33.0.jar:/home/runner/.m2/repository/io/opentracing/opentracing-noop/0.33.0/opentracing-noop-0.33.0.jar:/home/runner/.m2/repository/org/yaml/snakeyaml/2.0/snakeyaml-2.0.jar:/home/runner/.m2/repository/io/grpc/grpc-api/1.51.1/grpc-api-1.51.1.jar:/home/runner/.m2/repository/io/grpc/grpc-context/1.51.1/grpc-context-1.51.1.jar:/home/runner/.m2/repository/junit/junit/4.13.1/junit-4.13.1.jar:/home/runner/.m2/repository/org/hamcrest/hamcrest-core/1.3/hamcrest-core-1.3.jar:/home/runner/.m2/repository/org/junit/jupiter/junit-jupiter-api/5.8.2/junit-jupiter-api-5.8.2.jar:/home/runner/.m2/repository/org/opentest4j/opentest4j/1.2.0/opentest4j-1.2.0.jar:/home/runner/.m2/repository/org/junit/platform/junit-platform-commons/1.8.2/junit-platform-commons-1.8.2.jar:/home/runner/.m2/repository/org/apiguardian/apiguardian-api/1.1.2/apiguardian-api-1.1.2.jar:/home/runner/.m2/repository/org/junit/jupiter/junit-jupiter-params/5.8.2/junit-jupiter-params-5.8.2.jar:/home/runner/.m2/repository/org/junit/jupiter/junit-jupiter-migrationsupport/5.8.2/junit-jupiter-migrationsupport-5.8.2.jar:/home/runner/.m2/repository/org/junit/jupiter/junit-jupiter-engine/5.8.2/junit-jupiter-engine-5.8.2.jar:/home/runner/.m2/repository/org/junit/platform/junit-platform-engine/1.8.2/junit-platform-engine-1.8.2.jar:/home/runner/.m2/repository/org/junit/vintage/junit-vintage-engine/5.8.2/junit-vintage-engine-5.8.2.jar:/home/runner/.m2/repository/org/junit/platform/junit-platform-launcher/1.8.2/junit-platform-launcher-1.8.2.jar:/home/runner/.m2/repository/org/mockito/mockito-core/3.5.9/mockito-core-3.5.9.jar:/home/runner/.m2/repository/net/bytebuddy/byte-buddy/1.10.13/byte-buddy-1.10.13.jar:/home/runner/.m2/repository/net/bytebuddy/byte-buddy-agent/1.10.13/byte-buddy-agent-1.10.13.jar:/home/runner/.m2/repository/org/objenesis/objenesis/1.0/objenesis-1.0.jar:/home/runner/.m2/repository/org/apache/hadoop/hadoop-kms/3.3.6/hadoop-kms-3.3.6.jar:/home/runner/.m2/repository/org/apache/hadoop/hadoop-auth/3.3.6/hadoop-auth-3.3.6.jar:/home/runner/.m2/repository/com/nimbusds/nimbus-jose-jwt/9.8.1/nimbus-jose-jwt-9.8.1.jar:/home/runner/.m2/repository/com/github/stephenc/jcip/jcip-annotations/1.0-1/jcip-annotations-1.0-1.jar:/home/runner/.m2/repository/org/apache/zookeeper/zookeeper/3.5.6/zookeeper-3.5.6.jar:/home/runner/.m2/repository/org/apache/zookeeper/zookeeper-jute/3.5.6/zookeeper-jute-3.5.6.jar:/home/runner/.m2/repository/org/apache/yetus/audience-annotations/0.5.0/audience-annotations-0.5.0.jar:/home/runner/.m2/repository/org/apache/curator/curator-framework/4.2.0/curator-framework-4.2.0.jar:/home/runner/.m2/repository/org/apache/hadoop/thirdparty/hadoop-shaded-guava/1.1.1/hadoop-shaded-guava-1.1.1.jar:/home/runner/.m2/repository/com/sun/jersey/jersey-core/1.19/jersey-core-1.19.jar:/home/runner/.m2/repository/javax/ws/rs/jsr311-api/1.1.1/jsr311-api-1.1.1.jar:/home/runner/.m2/repository/com/sun/jersey/jersey-server/1.19/jersey-server-1.19.jar:/home/runner/.m2/repository/javax/servlet/javax.servlet-api/3.1.0/javax.servlet-api-3.1.0.jar:/home/runner/.m2/repository/org/apache/hadoop/hadoop-common/3.3.6/hadoop-common-3.3.6.jar:/home/runner/.m2/repository/org/apache/commons/commons-math3/3.1.1/commons-math3-3.1.1.jar:/home/runner/.m2/repository/commons-net/commons-net/3.9.0/commons-net-3.9.0.jar:/home/runner/.m2/repository/com/sun/jersey/jersey-servlet/1.19/jersey-servlet-1.19.jar:/home/runner/.m2/repository/com/github/pjfanning/jersey-json/1.20/jersey-json-1.20.jar:/home/runner/.m2/repository/org/codehaus/jettison/jettison/1.1/jettison-1.1.jar:/home/runner/.m2/repository/com/sun/xml/bind/jaxb-impl/2.2.3-1/jaxb-impl-2.2.3-1.jar:/home/runner/.m2/repository/com/google/re2j/re2j/1.1/re2j-1.1.jar:/home/runner/.m2/repository/com/jcraft/jsch/0.1.54/jsch-0.1.54.jar:/home/runner/.m2/repository/org/apache/curator/curator-client/4.2.0/curator-client-4.2.0.jar:/home/runner/.m2/repository/org/apache/curator/curator-recipes/5.2.0/curator-recipes-5.2.0.jar:/home/runner/.m2/repository/org/apache/kerby/kerb-core/1.0.1/kerb-core-1.0.1.jar:/home/runner/.m2/repository/org/apache/kerby/kerby-pkix/1.0.1/kerby-pkix-1.0.1.jar:/home/runner/.m2/repository/org/apache/kerby/kerby-asn1/1.0.1/kerby-asn1-1.0.1.jar:/home/runner/.m2/repository/org/apache/kerby/kerby-util/1.0.1/kerby-util-1.0.1.jar:/home/runner/.m2/repository/dnsjava/dnsjava/2.1.7/dnsjava-2.1.7.jar:/home/runner/.m2/repository/org/xerial/snappy/snappy-java/1.1.8.2/snappy-java-1.1.8.2.jar:/home/runner/.m2/repository/com/fasterxml/jackson/core/jackson-databind/2.13.4.2/jackson-databind-2.13.4.2.jar:/home/runner/.m2/repository/org/apache/hadoop/hadoop-kms/3.3.6/hadoop-kms-3.3.6-tests.jar:/home/runner/.m2/repository/org/apache/ozone/hdds-server-scm/1.4.0-SNAPSHOT/hdds-server-scm-1.4.0-SNAPSHOT-tests.jar:/home/runner/.m2/repository/org/apache/ozone/hdds-container-service/1.4.0-SNAPSHOT/hdds-container-service-1.4.0-SNAPSHOT-tests.jar:/home/runner/.m2/repository/com/github/luben/zstd-jni/1.5.2-5/zstd-jni-1.5.2-5.jar:/home/runner/.m2/repository/commons-codec/commons-codec/1.15/commons-codec-1.15.jar:/home/runner/.m2/repository/io/netty/netty-codec/4.1.94.Final/netty-codec-4.1.94.Final.jar:/home/runner/.m2/repository/io/netty/netty-handler/4.1.94.Final/netty-handler-4.1.94.Final.jar:/home/runner/.m2/repository/org/apache/ozone/hdds-hadoop-dependency-test/1.4.0-SNAPSHOT/hdds-hadoop-dependency-test-1.4.0-SNAPSHOT.jar:/home/runner/.m2/repository/org/apache/hadoop/hadoop-common/3.3.6/hadoop-common-3.3.6-tests.jar:/home/runner/.m2/repository/org/apache/hadoop/hadoop-hdfs/3.3.6/hadoop-hdfs-3.3.6-tests.jar:/home/runner/.m2/repository/org/assertj/assertj-core/3.12.2/assertj-core-3.12.2.jar:/home/runner/.m2/repository/org/apache/hadoop/hadoop-distcp/3.3.6/hadoop-distcp-3.3.6.jar:/home/runner/.m2/repository/org/apache/hadoop/hadoop-mapreduce-client-jobclient/3.3.6/hadoop-mapreduce-client-jobclient-3.3.6.jar:/home/runner/.m2/repository/org/apache/hadoop/hadoop-mapreduce-client-common/3.3.6/hadoop-mapreduce-client-common-3.3.6.jar:/home/runner/.m2/repository/org/apache/hadoop/hadoop-yarn-common/3.3.6/hadoop-yarn-common-3.3.6.jar:/home/runner/.m2/repository/org/apache/hadoop/hadoop-yarn-api/3.3.6/hadoop-yarn-api-3.3.6.jar:/home/runner/.m2/repository/com/sun/jersey/contribs/jersey-guice/1.19/jersey-guice-1.19.jar:/home/runner/.m2/repository/com/fasterxml/jackson/jaxrs/jackson-jaxrs-json-provider/2.13.4/jackson-jaxrs-json-provider-2.13.4.jar:/home/runner/.m2/repository/com/fasterxml/jackson/jaxrs/jackson-jaxrs-base/2.13.4/jackson-jaxrs-base-2.13.4.jar:/home/runner/.m2/repository/org/apache/hadoop/hadoop-yarn-client/3.3.6/hadoop-yarn-client-3.3.6.jar:/home/runner/.m2/repository/org/eclipse/jetty/websocket/websocket-client/9.4.51.v20230217/websocket-client-9.4.51.v20230217.jar:/home/runner/.m2/repository/org/eclipse/jetty/websocket/websocket-common/9.4.51.v20230217/websocket-common-9.4.51.v20230217.jar:/home/runner/.m2/repository/org/eclipse/jetty/websocket/websocket-api/9.4.51.v20230217/websocket-api-9.4.51.v20230217.jar:/home/runner/.m2/repository/org/jline/jline/3.9.0/jline-3.9.0.jar:/home/runner/.m2/repository/org/apache/hadoop/hadoop-mapreduce-client-core/3.3.6/hadoop-mapreduce-client-core-3.3.6.jar:/home/runner/.m2/repository/org/apache/avro/avro/1.7.7/avro-1.7.7.jar:/home/runner/.m2/repository/com/thoughtworks/paranamer/paranamer/2.3/paranamer-2.3.jar:/home/runner/.m2/repository/org/apache/hadoop/hadoop-annotations/3.3.6/hadoop-annotations-3.3.6.jar:/usr/lib/jvm/temurin-8-jdk-amd64/jre/../lib/tools.jar:/home/runner/.m2/repository/io/netty/netty/3.10.6.Final/netty-3.10.6.Final.jar:/home/runner/.m2/repository/org/apache/hadoop/hadoop-distcp/3.3.6/hadoop-distcp-3.3.6-tests.jar:/home/runner/.m2/repository/org/slf4j/jul-to-slf4j/1.7.36/jul-to-slf4j-1.7.36.jar:"/>
    <property name="java.vm.vendor" value="Temurin"/>
    <property name="sun.arch.data.model" value="64"/>
    <property name="test.build.dir" value="/home/runner/work/ozone/ozone/hadoop-ozone/integration-test/target/test-dir"/>
    <property name="test.cache.data" value=""/>
    <property name="java.vendor.url" value="https://adoptium.net/"/>
    <property name="user.timezone" value="Etc/UTC"/>
    <property name="java.vm.specification.version" value="1.8"/>
    <property name="os.name" value="Linux"/>
    <property name="test.build.data" value="/home/runner/work/ozone/ozone/hadoop-ozone/integration-test/target/test-dir"/>
    <property name="sun.java.launcher" value="SUN_STANDARD"/>
    <property name="sun.boot.library.path" value="/usr/lib/jvm/temurin-8-jdk-amd64/jre/lib/amd64"/>
    <property name="sun.java.command" value="/home/runner/work/ozone/ozone/hadoop-ozone/integration-test/target/surefire/surefirebooter1657616754975248981.jar /home/runner/work/ozone/ozone/hadoop-ozone/integration-test/target/surefire 2023-07-28T22-59-27_032-jvmRun1 surefire4971221488651811261tmp surefire_183301514857446542451tmp"/>
    <property name="native.lib.tmp.dir" value="/tmp"/>
    <property name="surefire.test.class.path" value="/home/runner/work/ozone/ozone/hadoop-ozone/integration-test/target/test-classes:/home/runner/work/ozone/ozone/hadoop-ozone/integration-test/target/classes:/home/runner/.m2/repository/org/apache/ozone/ozone-common/1.4.0-SNAPSHOT/ozone-common-1.4.0-SNAPSHOT.jar:/home/runner/.m2/repository/io/grpc/grpc-netty/1.51.1/grpc-netty-1.51.1.jar:/home/runner/.m2/repository/io/grpc/grpc-core/1.51.1/grpc-core-1.51.1.jar:/home/runner/.m2/repository/com/google/android/annotations/4.1.1.4/annotations-4.1.1.4.jar:/home/runner/.m2/repository/org/codehaus/mojo/animal-sniffer-annotations/1.21/animal-sniffer-annotations-1.21.jar:/home/runner/.m2/repository/com/google/errorprone/error_prone_annotations/2.2.0/error_prone_annotations-2.2.0.jar:/home/runner/.m2/repository/io/perfmark/perfmark-api/0.25.0/perfmark-api-0.25.0.jar:/home/runner/.m2/repository/io/netty/netty-codec-http2/4.1.94.Final/netty-codec-http2-4.1.94.Final.jar:/home/runner/.m2/repository/io/netty/netty-common/4.1.94.Final/netty-common-4.1.94.Final.jar:/home/runner/.m2/repository/io/netty/netty-buffer/4.1.94.Final/netty-buffer-4.1.94.Final.jar:/home/runner/.m2/repository/io/netty/netty-codec-http/4.1.94.Final/netty-codec-http-4.1.94.Final.jar:/home/runner/.m2/repository/io/netty/netty-handler-proxy/4.1.94.Final/netty-handler-proxy-4.1.94.Final.jar:/home/runner/.m2/repository/io/netty/netty-codec-socks/4.1.94.Final/netty-codec-socks-4.1.94.Final.jar:/home/runner/.m2/repository/io/netty/netty-tcnative-boringssl-static/2.0.61.Final/netty-tcnative-boringssl-static-2.0.61.Final.jar:/home/runner/.m2/repository/io/netty/netty-tcnative-classes/2.0.61.Final/netty-tcnative-classes-2.0.61.Final.jar:/home/runner/.m2/repository/io/netty/netty-tcnative-boringssl-static/2.0.61.Final/netty-tcnative-boringssl-static-2.0.61.Final-linux-x86_64.jar:/home/runner/.m2/repository/io/netty/netty-tcnative-boringssl-static/2.0.61.Final/netty-tcnative-boringssl-static-2.0.61.Final-linux-aarch_64.jar:/home/runner/.m2/repository/io/netty/netty-tcnative-boringssl-static/2.0.61.Final/netty-tcnative-boringssl-static-2.0.61.Final-osx-x86_64.jar:/home/runner/.m2/repository/io/netty/netty-tcnative-boringssl-static/2.0.61.Final/netty-tcnative-boringssl-static-2.0.61.Final-osx-aarch_64.jar:/home/runner/.m2/repository/io/netty/netty-tcnative-boringssl-static/2.0.61.Final/netty-tcnative-boringssl-static-2.0.61.Final-windows-x86_64.jar:/home/runner/.m2/repository/org/apache/commons/commons-compress/1.21/commons-compress-1.21.jar:/home/runner/.m2/repository/org/apache/ozone/hdds-common/1.4.0-SNAPSHOT/hdds-common-1.4.0-SNAPSHOT.jar:/home/runner/.m2/repository/org/apache/ozone/hdds-client/1.4.0-SNAPSHOT/hdds-client-1.4.0-SNAPSHOT.jar:/home/runner/.m2/repository/org/apache/ozone/ozone-interface-client/1.4.0-SNAPSHOT/ozone-interface-client-1.4.0-SNAPSHOT.jar:/home/runner/.m2/repository/org/apache/hadoop/hadoop-hdfs-client/3.3.6/hadoop-hdfs-client-3.3.6.jar:/home/runner/.m2/repository/com/squareup/okhttp3/okhttp/4.9.3/okhttp-4.9.3.jar:/home/runner/.m2/repository/com/squareup/okio/okio/3.4.0/okio-3.4.0.jar:/home/runner/.m2/repository/com/squareup/okio/okio-jvm/3.4.0/okio-jvm-3.4.0.jar:/home/runner/.m2/repository/org/jetbrains/kotlin/kotlin-stdlib-jdk8/1.8.0/kotlin-stdlib-jdk8-1.8.0.jar:/home/runner/.m2/repository/org/jetbrains/kotlin/kotlin-stdlib-jdk7/1.8.0/kotlin-stdlib-jdk7-1.8.0.jar:/home/runner/.m2/repository/org/jetbrains/kotlin/kotlin-stdlib-common/1.6.21/kotlin-stdlib-common-1.6.21.jar:/home/runner/.m2/repository/org/apache/ozone/hdds-test-utils/1.4.0-SNAPSHOT/hdds-test-utils-1.4.0-SNAPSHOT.jar:/home/runner/.m2/repository/com/google/guava/guava/32.0.0-jre/guava-32.0.0-jre.jar:/home/runner/.m2/repository/com/google/guava/failureaccess/1.0.1/failureaccess-1.0.1.jar:/home/runner/.m2/repository/com/google/guava/listenablefuture/9999.0-empty-to-avoid-conflict-with-guava/listenablefuture-9999.0-empty-to-avoid-conflict-with-guava.jar:/home/runner/.m2/repository/com/google/code/findbugs/jsr305/3.0.0/jsr305-3.0.0.jar:/home/runner/.m2/repository/org/checkerframework/checker-qual/3.33.0/checker-qual-3.33.0.jar:/home/runner/.m2/repository/com/google/j2objc/j2objc-annotations/2.8/j2objc-annotations-2.8.jar:/home/runner/.m2/repository/commons-io/commons-io/2.11.0/commons-io-2.11.0.jar:/home/runner/.m2/repository/commons-logging/commons-logging/1.2/commons-logging-1.2.jar:/home/runner/.m2/repository/ch/qos/reload4j/reload4j/1.2.22/reload4j-1.2.22.jar:/home/runner/.m2/repository/org/slf4j/slf4j-api/1.7.36/slf4j-api-1.7.36.jar:/home/runner/.m2/repository/org/apache/logging/log4j/log4j-api/2.17.1/log4j-api-2.17.1.jar:/home/runner/.m2/repository/org/apache/ozone/hdds-server-scm/1.4.0-SNAPSHOT/hdds-server-scm-1.4.0-SNAPSHOT.jar:/home/runner/.m2/repository/org/apache/ozone/hdds-container-service/1.4.0-SNAPSHOT/hdds-container-service-1.4.0-SNAPSHOT.jar:/home/runner/.m2/repository/org/apache/ozone/hdds-hadoop-dependency-server/1.4.0-SNAPSHOT/hdds-hadoop-dependency-server-1.4.0-SNAPSHOT.jar:/home/runner/.m2/repository/org/apache/hadoop/hadoop-hdfs/3.3.6/hadoop-hdfs-3.3.6.jar:/home/runner/.m2/repository/commons-daemon/commons-daemon/1.0.13/commons-daemon-1.0.13.jar:/home/runner/.m2/repository/org/apache/ozone/hdds-server-framework/1.4.0-SNAPSHOT/hdds-server-framework-1.4.0-SNAPSHOT.jar:/home/runner/.m2/repository/io/dropwizard/metrics/metrics-core/3.2.4/metrics-core-3.2.4.jar:/home/runner/.m2/repository/org/apache/commons/commons-text/1.10.0/commons-text-1.10.0.jar:/home/runner/.m2/repository/org/bouncycastle/bcprov-jdk15on/1.67/bcprov-jdk15on-1.67.jar:/home/runner/.m2/repository/com/google/protobuf/protobuf-java/2.5.0/protobuf-java-2.5.0.jar:/home/runner/.m2/repository/org/apache/ozone/hdds-server-framework/1.4.0-SNAPSHOT/hdds-server-framework-1.4.0-SNAPSHOT-tests.jar:/home/runner/.m2/repository/org/apache/ozone/hdds-interface-server/1.4.0-SNAPSHOT/hdds-interface-server-1.4.0-SNAPSHOT.jar:/home/runner/.m2/repository/org/apache/ozone/hdds-interface-admin/1.4.0-SNAPSHOT/hdds-interface-admin-1.4.0-SNAPSHOT.jar:/home/runner/.m2/repository/org/apache/ozone/hdds-managed-rocksdb/1.4.0-SNAPSHOT/hdds-managed-rocksdb-1.4.0-SNAPSHOT.jar:/home/runner/.m2/repository/org/rocksdb/rocksdbjni/7.7.3/rocksdbjni-7.7.3.jar:/home/runner/.m2/repository/org/slf4j/slf4j-reload4j/1.7.36/slf4j-reload4j-1.7.36.jar:/home/runner/.m2/repository/org/apache/commons/commons-configuration2/2.1.1/commons-configuration2-2.1.1.jar:/home/runner/.m2/repository/commons-fileupload/commons-fileupload/1.5/commons-fileupload-1.5.jar:/home/runner/.m2/repository/org/apache/logging/log4j/log4j-core/2.17.1/log4j-core-2.17.1.jar:/home/runner/.m2/repository/com/lmax/disruptor/3.4.2/disruptor-3.4.2.jar:/home/runner/.m2/repository/org/eclipse/jetty/jetty-util/9.4.51.v20230217/jetty-util-9.4.51.v20230217.jar:/home/runner/.m2/repository/org/eclipse/jetty/jetty-server/9.4.51.v20230217/jetty-server-9.4.51.v20230217.jar:/home/runner/.m2/repository/org/eclipse/jetty/jetty-http/9.4.51.v20230217/jetty-http-9.4.51.v20230217.jar:/home/runner/.m2/repository/org/eclipse/jetty/jetty-io/9.4.51.v20230217/jetty-io-9.4.51.v20230217.jar:/home/runner/.m2/repository/org/eclipse/jetty/jetty-servlet/9.4.51.v20230217/jetty-servlet-9.4.51.v20230217.jar:/home/runner/.m2/repository/org/eclipse/jetty/jetty-security/9.4.51.v20230217/jetty-security-9.4.51.v20230217.jar:/home/runner/.m2/repository/org/eclipse/jetty/jetty-util-ajax/9.4.51.v20230217/jetty-util-ajax-9.4.51.v20230217.jar:/home/runner/.m2/repository/org/eclipse/jetty/jetty-webapp/9.4.51.v20230217/jetty-webapp-9.4.51.v20230217.jar:/home/runner/.m2/repository/org/eclipse/jetty/jetty-xml/9.4.51.v20230217/jetty-xml-9.4.51.v20230217.jar:/home/runner/.m2/repository/org/apache/ratis/ratis-server/2.5.1/ratis-server-2.5.1.jar:/home/runner/.m2/repository/org/apache/ratis/ratis-thirdparty-misc/1.0.4/ratis-thirdparty-misc-1.0.4.jar:/home/runner/.m2/repository/org/apache/ratis/ratis-proto/2.5.1/ratis-proto-2.5.1.jar:/home/runner/.m2/repository/org/apache/ratis/ratis-common/2.5.1/ratis-common-2.5.1.jar:/home/runner/.m2/repository/org/apache/ratis/ratis-client/2.5.1/ratis-client-2.5.1.jar:/home/runner/.m2/repository/org/apache/ratis/ratis-server-api/2.5.1/ratis-server-api-2.5.1.jar:/home/runner/.m2/repository/org/apache/ratis/ratis-metrics/2.5.1/ratis-metrics-2.5.1.jar:/home/runner/.m2/repository/io/prometheus/simpleclient_dropwizard/0.7.0/simpleclient_dropwizard-0.7.0.jar:/home/runner/.m2/repository/io/prometheus/simpleclient/0.7.0/simpleclient-0.7.0.jar:/home/runner/.m2/repository/io/prometheus/simpleclient_common/0.7.0/simpleclient_common-0.7.0.jar:/home/runner/.m2/repository/com/fasterxml/jackson/datatype/jackson-datatype-jsr310/2.13.4/jackson-datatype-jsr310-2.13.4.jar:/home/runner/.m2/repository/com/fasterxml/jackson/core/jackson-core/2.13.4/jackson-core-2.13.4.jar:/home/runner/.m2/repository/com/github/spotbugs/spotbugs-annotations/3.1.12/spotbugs-annotations-3.1.12.jar:/home/runner/.m2/repository/org/apache/ozone/rocksdb-checkpoint-differ/1.4.0-SNAPSHOT/rocksdb-checkpoint-differ-1.4.0-SNAPSHOT.jar:/home/runner/.m2/repository/org/jgrapht/jgrapht-core/1.0.1/jgrapht-core-1.0.1.jar:/home/runner/.m2/repository/org/jgrapht/jgrapht-ext/1.0.1/jgrapht-ext-1.0.1.jar:/home/runner/.m2/repository/org/tinyjee/jgraphx/jgraphx/2.0.0.1/jgraphx-2.0.0.1.jar:/home/runner/.m2/repository/jgraph/jgraph/5.13.0.0/jgraph-5.13.0.0.jar:/home/runner/.m2/repository/org/antlr/antlr4-runtime/4.5.3/antlr4-runtime-4.5.3.jar:/home/runner/.m2/repository/org/awaitility/awaitility/4.2.0/awaitility-4.2.0.jar:/home/runner/.m2/repository/org/hamcrest/hamcrest/2.1/hamcrest-2.1.jar:/home/runner/.m2/repository/org/apache/ozone/ozone-manager/1.4.0-SNAPSHOT/ozone-manager-1.4.0-SNAPSHOT.jar:/home/runner/.m2/repository/org/aspectj/aspectjrt/1.9.7/aspectjrt-1.9.7.jar:/home/runner/.m2/repository/org/aspectj/aspectjweaver/1.9.7/aspectjweaver-1.9.7.jar:/home/runner/.m2/repository/org/apache/ozone/hdds-interface-client/1.4.0-SNAPSHOT/hdds-interface-client-1.4.0-SNAPSHOT.jar:/home/runner/.m2/repository/org/apache/hadoop/thirdparty/hadoop-shaded-protobuf_3_7/1.1.1/hadoop-shaded-protobuf_3_7-1.1.1.jar:/home/runner/.m2/repository/org/apache/ozone/ozone-interface-storage/1.4.0-SNAPSHOT/ozone-interface-storage-1.4.0-SNAPSHOT.jar:/home/runner/.m2/repository/org/reflections/reflections/0.9.11/reflections-0.9.11.jar:/home/runner/.m2/repository/com/sun/jersey/jersey-client/1.19/jersey-client-1.19.jar:/home/runner/.m2/repository/org/codehaus/jackson/jackson-core-asl/1.9.13/jackson-core-asl-1.9.13.jar:/home/runner/.m2/repository/org/codehaus/jackson/jackson-mapper-asl/1.9.13/jackson-mapper-asl-1.9.13.jar:/home/runner/.m2/repository/org/codehaus/jackson/jackson-jaxrs/1.9.13/jackson-jaxrs-1.9.13.jar:/home/runner/.m2/repository/org/apache/ranger/ranger-intg/2.3.0/ranger-intg-2.3.0.jar:/home/runner/.m2/repository/org/apache/ranger/ranger-plugins-common/2.3.0/ranger-plugins-common-2.3.0.jar:/home/runner/.m2/repository/commons-lang/commons-lang/2.6/commons-lang-2.6.jar:/home/runner/.m2/repository/org/apache/ranger/ranger-plugins-cred/2.3.0/ranger-plugins-cred-2.3.0.jar:/home/runner/.m2/repository/org/apache/ranger/ranger-plugins-audit/2.3.0/ranger-plugins-audit-2.3.0.jar:/home/runner/.m2/repository/org/eclipse/jetty/jetty-client/9.4.51.v20230217/jetty-client-9.4.51.v20230217.jar:/home/runner/.m2/repository/org/apache/httpcomponents/httpmime/4.5.6/httpmime-4.5.6.jar:/home/runner/.m2/repository/org/apache/httpcomponents/httpcore-nio/4.4.13/httpcore-nio-4.4.13.jar:/home/runner/.m2/repository/org/apache/httpcomponents/httpasyncclient/4.1.3/httpasyncclient-4.1.3.jar:/home/runner/.m2/repository/com/carrotsearch/hppc/0.8.0/hppc-0.8.0.jar:/home/runner/.m2/repository/org/apache/orc/orc-core/1.5.8/orc-core-1.5.8.jar:/home/runner/.m2/repository/net/java/dev/jna/jna/5.2.0/jna-5.2.0.jar:/home/runner/.m2/repository/net/java/dev/jna/jna-platform/5.2.0/jna-platform-5.2.0.jar:/home/runner/.m2/repository/com/kstruct/gethostname4j/0.0.2/gethostname4j-0.0.2.jar:/home/runner/.m2/repository/org/apache/ranger/ranger-plugin-classloader/2.3.0/ranger-plugin-classloader-2.3.0.jar:/home/runner/.m2/repository/org/apache/ozone/hdds-rocks-native/1.4.0-SNAPSHOT/hdds-rocks-native-1.4.0-SNAPSHOT.jar:/home/runner/.m2/repository/org/apache/hadoop/hadoop-minikdc/3.3.6/hadoop-minikdc-3.3.6.jar:/home/runner/.m2/repository/org/apache/kerby/kerb-simplekdc/1.0.1/kerb-simplekdc-1.0.1.jar:/home/runner/.m2/repository/org/apache/kerby/kerb-client/1.0.1/kerb-client-1.0.1.jar:/home/runner/.m2/repository/org/apache/kerby/kerby-config/1.0.1/kerby-config-1.0.1.jar:/home/runner/.m2/repository/org/apache/kerby/kerb-common/1.0.1/kerb-common-1.0.1.jar:/home/runner/.m2/repository/org/apache/kerby/kerb-crypto/1.0.1/kerb-crypto-1.0.1.jar:/home/runner/.m2/repository/org/apache/kerby/kerb-util/1.0.1/kerb-util-1.0.1.jar:/home/runner/.m2/repository/org/apache/kerby/token-provider/1.0.1/token-provider-1.0.1.jar:/home/runner/.m2/repository/org/apache/kerby/kerb-admin/1.0.1/kerb-admin-1.0.1.jar:/home/runner/.m2/repository/org/apache/kerby/kerb-server/1.0.1/kerb-server-1.0.1.jar:/home/runner/.m2/repository/org/apache/kerby/kerb-identity/1.0.1/kerb-identity-1.0.1.jar:/home/runner/.m2/repository/org/apache/kerby/kerby-xdr/1.0.1/kerby-xdr-1.0.1.jar:/home/runner/.m2/repository/org/apache/ozone/ozone-s3gateway/1.4.0-SNAPSHOT/ozone-s3gateway-1.4.0-SNAPSHOT.jar:/home/runner/.m2/repository/org/javassist/javassist/3.21.0-GA/javassist-3.21.0-GA.jar:/home/runner/.m2/repository/org/jboss/weld/servlet/weld-servlet-shaded/3.1.9.Final/weld-servlet-shaded-3.1.9.Final.jar:/home/runner/.m2/repository/org/glassfish/jersey/containers/jersey-container-servlet-core/2.34/jersey-container-servlet-core-2.34.jar:/home/runner/.m2/repository/org/glassfish/hk2/external/jakarta.inject/2.6.1/jakarta.inject-2.6.1.jar:/home/runner/.m2/repository/org/glassfish/jersey/core/jersey-common/2.34/jersey-common-2.34.jar:/home/runner/.m2/repository/jakarta/ws/rs/jakarta.ws.rs-api/2.1.6/jakarta.ws.rs-api-2.1.6.jar:/home/runner/.m2/repository/org/glassfish/jersey/ext/cdi/jersey-cdi1x/2.34/jersey-cdi1x-2.34.jar:/home/runner/.m2/repository/org/glassfish/jersey/inject/jersey-hk2/2.34/jersey-hk2-2.34.jar:/home/runner/.m2/repository/org/glassfish/hk2/hk2-locator/2.6.1/hk2-locator-2.6.1.jar:/home/runner/.m2/repository/org/glassfish/jersey/media/jersey-media-jaxb/2.34/jersey-media-jaxb-2.34.jar:/home/runner/.m2/repository/org/glassfish/hk2/osgi-resource-locator/1.0.3/osgi-resource-locator-1.0.3.jar:/home/runner/.m2/repository/org/glassfish/hk2/hk2-api/2.5.0/hk2-api-2.5.0.jar:/home/runner/.m2/repository/org/glassfish/hk2/hk2-utils/2.5.0/hk2-utils-2.5.0.jar:/home/runner/.m2/repository/org/glassfish/hk2/external/aopalliance-repackaged/2.5.0/aopalliance-repackaged-2.5.0.jar:/home/runner/.m2/repository/com/fasterxml/jackson/dataformat/jackson-dataformat-xml/2.13.4/jackson-dataformat-xml-2.13.4.jar:/home/runner/.m2/repository/org/codehaus/woodstox/stax2-api/4.2.1/stax2-api-4.2.1.jar:/home/runner/.m2/repository/com/fasterxml/woodstox/woodstox-core/5.4.0/woodstox-core-5.4.0.jar:/home/runner/.m2/repository/com/fasterxml/jackson/module/jackson-module-jaxb-annotations/2.13.4/jackson-module-jaxb-annotations-2.13.4.jar:/home/runner/.m2/repository/jakarta/xml/bind/jakarta.xml.bind-api/2.3.3/jakarta.xml.bind-api-2.3.3.jar:/home/runner/.m2/repository/jakarta/activation/jakarta.activation-api/1.2.2/jakarta.activation-api-1.2.2.jar:/home/runner/.m2/repository/javax/enterprise/cdi-api/2.0/cdi-api-2.0.jar:/home/runner/.m2/repository/javax/el/javax.el-api/3.0.0/javax.el-api-3.0.0.jar:/home/runner/.m2/repository/javax/interceptor/javax.interceptor-api/1.2/javax.interceptor-api-1.2.jar:/home/runner/.m2/repository/javax/inject/javax.inject/1/javax.inject-1.jar:/home/runner/.m2/repository/javax/xml/bind/jaxb-api/2.3.0/jaxb-api-2.3.0.jar:/home/runner/.m2/repository/org/glassfish/jaxb/jaxb-runtime/2.3.0.1/jaxb-runtime-2.3.0.1.jar:/home/runner/.m2/repository/org/glassfish/jaxb/jaxb-core/2.3.0.1/jaxb-core-2.3.0.1.jar:/home/runner/.m2/repository/org/glassfish/jaxb/txw2/2.3.0.1/txw2-2.3.0.1.jar:/home/runner/.m2/repository/com/sun/istack/istack-commons-runtime/3.0.5/istack-commons-runtime-3.0.5.jar:/home/runner/.m2/repository/org/jvnet/staxex/stax-ex/1.7.8/stax-ex-1.7.8.jar:/home/runner/.m2/repository/com/sun/xml/fastinfoset/FastInfoset/1.2.13/FastInfoset-1.2.13.jar:/home/runner/.m2/repository/javax/activation/activation/1.1.1/activation-1.1.1.jar:/home/runner/.m2/repository/io/grpc/grpc-protobuf/1.51.1/grpc-protobuf-1.51.1.jar:/home/runner/.m2/repository/com/google/api/grpc/proto-google-common-protos/2.9.0/proto-google-common-protos-2.9.0.jar:/home/runner/.m2/repository/io/grpc/grpc-protobuf-lite/1.51.1/grpc-protobuf-lite-1.51.1.jar:/home/runner/.m2/repository/io/grpc/grpc-stub/1.51.1/grpc-stub-1.51.1.jar:/home/runner/.m2/repository/io/netty/netty-transport/4.1.94.Final/netty-transport-4.1.94.Final.jar:/home/runner/.m2/repository/io/netty/netty-resolver/4.1.94.Final/netty-resolver-4.1.94.Final.jar:/home/runner/.m2/repository/org/apache/ozone/ozone-csi/1.4.0-SNAPSHOT/ozone-csi-1.4.0-SNAPSHOT.jar:/home/runner/.m2/repository/com/google/protobuf/protobuf-java-util/3.19.6/protobuf-java-util-3.19.6.jar:/home/runner/.m2/repository/com/google/code/gson/gson/2.9.0/gson-2.9.0.jar:/home/runner/.m2/repository/org/apache/ozone/hdds-config/1.4.0-SNAPSHOT/hdds-config-1.4.0-SNAPSHOT.jar:/home/runner/.m2/repository/io/netty/netty-transport-native-epoll/4.1.94.Final/netty-transport-native-epoll-4.1.94.Final-linux-x86_64.jar:/home/runner/.m2/repository/io/netty/netty-transport-classes-epoll/4.1.94.Final/netty-transport-classes-epoll-4.1.94.Final.jar:/home/runner/.m2/repository/io/netty/netty-transport-native-unix-common/4.1.94.Final/netty-transport-native-unix-common-4.1.94.Final.jar:/home/runner/.m2/repository/org/apache/ozone/ozone-recon/1.4.0-SNAPSHOT/ozone-recon-1.4.0-SNAPSHOT.jar:/home/runner/.m2/repository/org/apache/ozone/ozone-reconcodegen/1.4.0-SNAPSHOT/ozone-reconcodegen-1.4.0-SNAPSHOT.jar:/home/runner/.m2/repository/com/google/inject/guice/5.1.0/guice-5.1.0.jar:/home/runner/.m2/repository/aopalliance/aopalliance/1.0/aopalliance-1.0.jar:/home/runner/.m2/repository/com/google/inject/extensions/guice-assistedinject/5.1.0/guice-assistedinject-5.1.0.jar:/home/runner/.m2/repository/com/google/inject/extensions/guice-servlet/5.1.0/guice-servlet-5.1.0.jar:/home/runner/.m2/repository/org/glassfish/jersey/containers/jersey-container-servlet/2.34/jersey-container-servlet-2.34.jar:/home/runner/.m2/repository/org/glassfish/hk2/guice-bridge/2.5.0/guice-bridge-2.5.0.jar:/home/runner/.m2/repository/org/glassfish/jersey/core/jersey-server/2.34/jersey-server-2.34.jar:/home/runner/.m2/repository/org/glassfish/jersey/core/jersey-client/2.34/jersey-client-2.34.jar:/home/runner/.m2/repository/jakarta/annotation/jakarta.annotation-api/1.3.5/jakarta.annotation-api-1.3.5.jar:/home/runner/.m2/repository/jakarta/validation/jakarta.validation-api/2.0.2/jakarta.validation-api-2.0.2.jar:/home/runner/.m2/repository/org/glassfish/jersey/media/jersey-media-json-jackson/2.34/jersey-media-json-jackson-2.34.jar:/home/runner/.m2/repository/org/glassfish/jersey/ext/jersey-entity-filtering/2.34/jersey-entity-filtering-2.34.jar:/home/runner/.m2/repository/org/jooq/jooq/3.11.10/jooq-3.11.10.jar:/home/runner/.m2/repository/org/jooq/jooq-meta/3.11.10/jooq-meta-3.11.10.jar:/home/runner/.m2/repository/org/jooq/jooq-codegen/3.11.10/jooq-codegen-3.11.10.jar:/home/runner/.m2/repository/com/jolbox/bonecp/0.8.0.RELEASE/bonecp-0.8.0.RELEASE.jar:/home/runner/.m2/repository/org/apache/derby/derby/10.14.2.0/derby-10.14.2.0.jar:/home/runner/.m2/repository/org/xerial/sqlite-jdbc/3.41.2.2/sqlite-jdbc-3.41.2.2.jar:/home/runner/.m2/repository/org/springframework/spring-jdbc/5.3.27/spring-jdbc-5.3.27.jar:/home/runner/.m2/repository/org/springframework/spring-beans/5.3.27/spring-beans-5.3.27.jar:/home/runner/.m2/repository/org/springframework/spring-core/5.3.27/spring-core-5.3.27.jar:/home/runner/.m2/repository/org/springframework/spring-tx/5.3.27/spring-tx-5.3.27.jar:/home/runner/.m2/repository/org/apache/ozone/ozone-client/1.4.0-SNAPSHOT/ozone-client-1.4.0-SNAPSHOT.jar:/home/runner/.m2/repository/org/apache/ozone/hdds-erasurecode/1.4.0-SNAPSHOT/hdds-erasurecode-1.4.0-SNAPSHOT.jar:/home/runner/.m2/repository/org/apache/ozone/ozone-filesystem/1.4.0-SNAPSHOT/ozone-filesystem-1.4.0-SNAPSHOT.jar:/home/runner/.m2/repository/org/apache/ozone/ozone-filesystem-common/1.4.0-SNAPSHOT/ozone-filesystem-common-1.4.0-SNAPSHOT.jar:/home/runner/.m2/repository/org/apache/ozone/ozone-tools/1.4.0-SNAPSHOT/ozone-tools-1.4.0-SNAPSHOT.jar:/home/runner/.m2/repository/com/amazonaws/aws-java-sdk-core/1.12.261/aws-java-sdk-core-1.12.261.jar:/home/runner/.m2/repository/org/apache/httpcomponents/httpclient/4.5.13/httpclient-4.5.13.jar:/home/runner/.m2/repository/org/apache/httpcomponents/httpcore/4.4.13/httpcore-4.4.13.jar:/home/runner/.m2/repository/software/amazon/ion/ion-java/1.0.2/ion-java-1.0.2.jar:/home/runner/.m2/repository/com/fasterxml/jackson/dataformat/jackson-dataformat-cbor/2.13.4/jackson-dataformat-cbor-2.13.4.jar:/home/runner/.m2/repository/joda-time/joda-time/2.10.6/joda-time-2.10.6.jar:/home/runner/.m2/repository/com/amazonaws/aws-java-sdk-s3/1.12.261/aws-java-sdk-s3-1.12.261.jar:/home/runner/.m2/repository/com/amazonaws/aws-java-sdk-kms/1.12.261/aws-java-sdk-kms-1.12.261.jar:/home/runner/.m2/repository/com/amazonaws/jmespath-java/1.12.261/jmespath-java-1.12.261.jar:/home/runner/.m2/repository/org/kohsuke/metainf-services/metainf-services/1.8/metainf-services-1.8.jar:/home/runner/.m2/repository/org/apache/ozone/hdds-tools/1.4.0-SNAPSHOT/hdds-tools-1.4.0-SNAPSHOT.jar:/home/runner/.m2/repository/org/apache/ratis/ratis-tools/2.5.1/ratis-tools-2.5.1.jar:/home/runner/.m2/repository/commons-cli/commons-cli/1.2/commons-cli-1.2.jar:/home/runner/.m2/repository/org/apache/commons/commons-lang3/3.7/commons-lang3-3.7.jar:/home/runner/.m2/repository/org/apache/ozone/ozone-manager/1.4.0-SNAPSHOT/ozone-manager-1.4.0-SNAPSHOT-tests.jar:/home/runner/.m2/repository/org/apache/ozone/hdds-common/1.4.0-SNAPSHOT/hdds-common-1.4.0-SNAPSHOT-tests.jar:/home/runner/.m2/repository/org/apache/ozone/hdds-hadoop-dependency-client/1.4.0-SNAPSHOT/hdds-hadoop-dependency-client-1.4.0-SNAPSHOT.jar:/home/runner/.m2/repository/info/picocli/picocli/4.6.1/picocli-4.6.1.jar:/home/runner/.m2/repository/com/fasterxml/jackson/core/jackson-annotations/2.13.4/jackson-annotations-2.13.4.jar:/home/runner/.m2/repository/org/apache/ozone/hdds-annotation-processing/1.4.0-SNAPSHOT/hdds-annotation-processing-1.4.0-SNAPSHOT.jar:/home/runner/.m2/repository/javax/annotation/javax.annotation-api/1.2/javax.annotation-api-1.2.jar:/home/runner/.m2/repository/org/apache/ratis/ratis-netty/2.5.1/ratis-netty-2.5.1.jar:/home/runner/.m2/repository/org/apache/ratis/ratis-grpc/2.5.1/ratis-grpc-2.5.1.jar:/home/runner/.m2/repository/org/apache/commons/commons-pool2/2.6.0/commons-pool2-2.6.0.jar:/home/runner/.m2/repository/org/bouncycastle/bcpkix-jdk15on/1.67/bcpkix-jdk15on-1.67.jar:/home/runner/.m2/repository/commons-validator/commons-validator/1.6/commons-validator-1.6.jar:/home/runner/.m2/repository/commons-beanutils/commons-beanutils/1.9.4/commons-beanutils-1.9.4.jar:/home/runner/.m2/repository/commons-digester/commons-digester/1.8.1/commons-digester-1.8.1.jar:/home/runner/.m2/repository/commons-collections/commons-collections/3.2.2/commons-collections-3.2.2.jar:/home/runner/.m2/repository/io/jaegertracing/jaeger-client/1.6.0/jaeger-client-1.6.0.jar:/home/runner/.m2/repository/io/jaegertracing/jaeger-thrift/1.6.0/jaeger-thrift-1.6.0.jar:/home/runner/.m2/repository/org/apache/thrift/libthrift/0.14.1/libthrift-0.14.1.jar:/home/runner/.m2/repository/io/jaegertracing/jaeger-core/1.6.0/jaeger-core-1.6.0.jar:/home/runner/.m2/repository/io/jaegertracing/jaeger-tracerresolver/1.6.0/jaeger-tracerresolver-1.6.0.jar:/home/runner/.m2/repository/io/opentracing/contrib/opentracing-tracerresolver/0.1.8/opentracing-tracerresolver-0.1.8.jar:/home/runner/.m2/repository/org/jetbrains/kotlin/kotlin-stdlib/1.6.21/kotlin-stdlib-1.6.21.jar:/home/runner/.m2/repository/org/jetbrains/annotations/13.0/annotations-13.0.jar:/home/runner/.m2/repository/io/opentracing/opentracing-util/0.33.0/opentracing-util-0.33.0.jar:/home/runner/.m2/repository/io/opentracing/opentracing-api/0.33.0/opentracing-api-0.33.0.jar:/home/runner/.m2/repository/io/opentracing/opentracing-noop/0.33.0/opentracing-noop-0.33.0.jar:/home/runner/.m2/repository/org/yaml/snakeyaml/2.0/snakeyaml-2.0.jar:/home/runner/.m2/repository/io/grpc/grpc-api/1.51.1/grpc-api-1.51.1.jar:/home/runner/.m2/repository/io/grpc/grpc-context/1.51.1/grpc-context-1.51.1.jar:/home/runner/.m2/repository/junit/junit/4.13.1/junit-4.13.1.jar:/home/runner/.m2/repository/org/hamcrest/hamcrest-core/1.3/hamcrest-core-1.3.jar:/home/runner/.m2/repository/org/junit/jupiter/junit-jupiter-api/5.8.2/junit-jupiter-api-5.8.2.jar:/home/runner/.m2/repository/org/opentest4j/opentest4j/1.2.0/opentest4j-1.2.0.jar:/home/runner/.m2/repository/org/junit/platform/junit-platform-commons/1.8.2/junit-platform-commons-1.8.2.jar:/home/runner/.m2/repository/org/apiguardian/apiguardian-api/1.1.2/apiguardian-api-1.1.2.jar:/home/runner/.m2/repository/org/junit/jupiter/junit-jupiter-params/5.8.2/junit-jupiter-params-5.8.2.jar:/home/runner/.m2/repository/org/junit/jupiter/junit-jupiter-migrationsupport/5.8.2/junit-jupiter-migrationsupport-5.8.2.jar:/home/runner/.m2/repository/org/junit/jupiter/junit-jupiter-engine/5.8.2/junit-jupiter-engine-5.8.2.jar:/home/runner/.m2/repository/org/junit/platform/junit-platform-engine/1.8.2/junit-platform-engine-1.8.2.jar:/home/runner/.m2/repository/org/junit/vintage/junit-vintage-engine/5.8.2/junit-vintage-engine-5.8.2.jar:/home/runner/.m2/repository/org/junit/platform/junit-platform-launcher/1.8.2/junit-platform-launcher-1.8.2.jar:/home/runner/.m2/repository/org/mockito/mockito-core/3.5.9/mockito-core-3.5.9.jar:/home/runner/.m2/repository/net/bytebuddy/byte-buddy/1.10.13/byte-buddy-1.10.13.jar:/home/runner/.m2/repository/net/bytebuddy/byte-buddy-agent/1.10.13/byte-buddy-agent-1.10.13.jar:/home/runner/.m2/repository/org/objenesis/objenesis/1.0/objenesis-1.0.jar:/home/runner/.m2/repository/org/apache/hadoop/hadoop-kms/3.3.6/hadoop-kms-3.3.6.jar:/home/runner/.m2/repository/org/apache/hadoop/hadoop-auth/3.3.6/hadoop-auth-3.3.6.jar:/home/runner/.m2/repository/com/nimbusds/nimbus-jose-jwt/9.8.1/nimbus-jose-jwt-9.8.1.jar:/home/runner/.m2/repository/com/github/stephenc/jcip/jcip-annotations/1.0-1/jcip-annotations-1.0-1.jar:/home/runner/.m2/repository/org/apache/zookeeper/zookeeper/3.5.6/zookeeper-3.5.6.jar:/home/runner/.m2/repository/org/apache/zookeeper/zookeeper-jute/3.5.6/zookeeper-jute-3.5.6.jar:/home/runner/.m2/repository/org/apache/yetus/audience-annotations/0.5.0/audience-annotations-0.5.0.jar:/home/runner/.m2/repository/org/apache/curator/curator-framework/4.2.0/curator-framework-4.2.0.jar:/home/runner/.m2/repository/org/apache/hadoop/thirdparty/hadoop-shaded-guava/1.1.1/hadoop-shaded-guava-1.1.1.jar:/home/runner/.m2/repository/com/sun/jersey/jersey-core/1.19/jersey-core-1.19.jar:/home/runner/.m2/repository/javax/ws/rs/jsr311-api/1.1.1/jsr311-api-1.1.1.jar:/home/runner/.m2/repository/com/sun/jersey/jersey-server/1.19/jersey-server-1.19.jar:/home/runner/.m2/repository/javax/servlet/javax.servlet-api/3.1.0/javax.servlet-api-3.1.0.jar:/home/runner/.m2/repository/org/apache/hadoop/hadoop-common/3.3.6/hadoop-common-3.3.6.jar:/home/runner/.m2/repository/org/apache/commons/commons-math3/3.1.1/commons-math3-3.1.1.jar:/home/runner/.m2/repository/commons-net/commons-net/3.9.0/commons-net-3.9.0.jar:/home/runner/.m2/repository/com/sun/jersey/jersey-servlet/1.19/jersey-servlet-1.19.jar:/home/runner/.m2/repository/com/github/pjfanning/jersey-json/1.20/jersey-json-1.20.jar:/home/runner/.m2/repository/org/codehaus/jettison/jettison/1.1/jettison-1.1.jar:/home/runner/.m2/repository/com/sun/xml/bind/jaxb-impl/2.2.3-1/jaxb-impl-2.2.3-1.jar:/home/runner/.m2/repository/com/google/re2j/re2j/1.1/re2j-1.1.jar:/home/runner/.m2/repository/com/jcraft/jsch/0.1.54/jsch-0.1.54.jar:/home/runner/.m2/repository/org/apache/curator/curator-client/4.2.0/curator-client-4.2.0.jar:/home/runner/.m2/repository/org/apache/curator/curator-recipes/5.2.0/curator-recipes-5.2.0.jar:/home/runner/.m2/repository/org/apache/kerby/kerb-core/1.0.1/kerb-core-1.0.1.jar:/home/runner/.m2/repository/org/apache/kerby/kerby-pkix/1.0.1/kerby-pkix-1.0.1.jar:/home/runner/.m2/repository/org/apache/kerby/kerby-asn1/1.0.1/kerby-asn1-1.0.1.jar:/home/runner/.m2/repository/org/apache/kerby/kerby-util/1.0.1/kerby-util-1.0.1.jar:/home/runner/.m2/repository/dnsjava/dnsjava/2.1.7/dnsjava-2.1.7.jar:/home/runner/.m2/repository/org/xerial/snappy/snappy-java/1.1.8.2/snappy-java-1.1.8.2.jar:/home/runner/.m2/repository/com/fasterxml/jackson/core/jackson-databind/2.13.4.2/jackson-databind-2.13.4.2.jar:/home/runner/.m2/repository/org/apache/hadoop/hadoop-kms/3.3.6/hadoop-kms-3.3.6-tests.jar:/home/runner/.m2/repository/org/apache/ozone/hdds-server-scm/1.4.0-SNAPSHOT/hdds-server-scm-1.4.0-SNAPSHOT-tests.jar:/home/runner/.m2/repository/org/apache/ozone/hdds-container-service/1.4.0-SNAPSHOT/hdds-container-service-1.4.0-SNAPSHOT-tests.jar:/home/runner/.m2/repository/com/github/luben/zstd-jni/1.5.2-5/zstd-jni-1.5.2-5.jar:/home/runner/.m2/repository/commons-codec/commons-codec/1.15/commons-codec-1.15.jar:/home/runner/.m2/repository/io/netty/netty-codec/4.1.94.Final/netty-codec-4.1.94.Final.jar:/home/runner/.m2/repository/io/netty/netty-handler/4.1.94.Final/netty-handler-4.1.94.Final.jar:/home/runner/.m2/repository/org/apache/ozone/hdds-hadoop-dependency-test/1.4.0-SNAPSHOT/hdds-hadoop-dependency-test-1.4.0-SNAPSHOT.jar:/home/runner/.m2/repository/org/apache/hadoop/hadoop-common/3.3.6/hadoop-common-3.3.6-tests.jar:/home/runner/.m2/repository/org/apache/hadoop/hadoop-hdfs/3.3.6/hadoop-hdfs-3.3.6-tests.jar:/home/runner/.m2/repository/org/assertj/assertj-core/3.12.2/assertj-core-3.12.2.jar:/home/runner/.m2/repository/org/apache/hadoop/hadoop-distcp/3.3.6/hadoop-distcp-3.3.6.jar:/home/runner/.m2/repository/org/apache/hadoop/hadoop-mapreduce-client-jobclient/3.3.6/hadoop-mapreduce-client-jobclient-3.3.6.jar:/home/runner/.m2/repository/org/apache/hadoop/hadoop-mapreduce-client-common/3.3.6/hadoop-mapreduce-client-common-3.3.6.jar:/home/runner/.m2/repository/org/apache/hadoop/hadoop-yarn-common/3.3.6/hadoop-yarn-common-3.3.6.jar:/home/runner/.m2/repository/org/apache/hadoop/hadoop-yarn-api/3.3.6/hadoop-yarn-api-3.3.6.jar:/home/runner/.m2/repository/com/sun/jersey/contribs/jersey-guice/1.19/jersey-guice-1.19.jar:/home/runner/.m2/repository/com/fasterxml/jackson/jaxrs/jackson-jaxrs-json-provider/2.13.4/jackson-jaxrs-json-provider-2.13.4.jar:/home/runner/.m2/repository/com/fasterxml/jackson/jaxrs/jackson-jaxrs-base/2.13.4/jackson-jaxrs-base-2.13.4.jar:/home/runner/.m2/repository/org/apache/hadoop/hadoop-yarn-client/3.3.6/hadoop-yarn-client-3.3.6.jar:/home/runner/.m2/repository/org/eclipse/jetty/websocket/websocket-client/9.4.51.v20230217/websocket-client-9.4.51.v20230217.jar:/home/runner/.m2/repository/org/eclipse/jetty/websocket/websocket-common/9.4.51.v20230217/websocket-common-9.4.51.v20230217.jar:/home/runner/.m2/repository/org/eclipse/jetty/websocket/websocket-api/9.4.51.v20230217/websocket-api-9.4.51.v20230217.jar:/home/runner/.m2/repository/org/jline/jline/3.9.0/jline-3.9.0.jar:/home/runner/.m2/repository/org/apache/hadoop/hadoop-mapreduce-client-core/3.3.6/hadoop-mapreduce-client-core-3.3.6.jar:/home/runner/.m2/repository/org/apache/avro/avro/1.7.7/avro-1.7.7.jar:/home/runner/.m2/repository/com/thoughtworks/paranamer/paranamer/2.3/paranamer-2.3.jar:/home/runner/.m2/repository/org/apache/hadoop/hadoop-annotations/3.3.6/hadoop-annotations-3.3.6.jar:/usr/lib/jvm/temurin-8-jdk-amd64/jre/../lib/tools.jar:/home/runner/.m2/repository/io/netty/netty/3.10.6.Final/netty-3.10.6.Final.jar:/home/runner/.m2/repository/org/apache/hadoop/hadoop-distcp/3.3.6/hadoop-distcp-3.3.6-tests.jar:/home/runner/.m2/repository/org/slf4j/jul-to-slf4j/1.7.36/jul-to-slf4j-1.7.36.jar:"/>
    <property name="sun.cpu.endian" value="little"/>
    <property name="user.home" value="/home/runner"/>
    <property name="user.language" value="en"/>
    <property name="java.specification.vendor" value="Oracle Corporation"/>
    <property name="java.home" value="/usr/lib/jvm/temurin-8-jdk-amd64/jre"/>
    <property name="java.security.krb5.conf" value="/home/runner/work/ozone/ozone/hadoop-ozone/integration-test/target/test-classes/krb5.conf"/>
    <property name="basedir" value="/home/runner/work/ozone/ozone/hadoop-ozone/integration-test"/>
    <property name="file.separator" value="/"/>
    <property name="line.separator" value="&#10;"/>
    <property name="java.vm.specification.vendor" value="Oracle Corporation"/>
    <property name="java.specification.name" value="Java Platform API Specification"/>
    <property name="java.awt.graphicsenv" value="sun.awt.X11GraphicsEnvironment"/>
    <property name="skip.installnpx" value="true"/>
    <property name="surefire.real.class.path" value="/home/runner/work/ozone/ozone/hadoop-ozone/integration-test/target/surefire/surefirebooter1657616754975248981.jar:/home/runner/.m2/repository/org/jacoco/org.jacoco.agent/0.8.5/org.jacoco.agent-0.8.5-runtime.jar"/>
    <property name="hadoop.log.dir" value="/home/runner/work/ozone/ozone/hadoop-ozone/integration-test/target/log"/>
    <property name="sun.boot.class.path" value="/usr/lib/jvm/temurin-8-jdk-amd64/jre/lib/resources.jar:/usr/lib/jvm/temurin-8-jdk-amd64/jre/lib/rt.jar:/usr/lib/jvm/temurin-8-jdk-amd64/jre/lib/sunrsasign.jar:/usr/lib/jvm/temurin-8-jdk-amd64/jre/lib/jsse.jar:/usr/lib/jvm/temurin-8-jdk-amd64/jre/lib/jce.jar:/usr/lib/jvm/temurin-8-jdk-amd64/jre/lib/charsets.jar:/usr/lib/jvm/temurin-8-jdk-amd64/jre/lib/jfr.jar:/usr/lib/jvm/temurin-8-jdk-amd64/jre/classes"/>
    <property name="sun.management.compiler" value="HotSpot 64-Bit Tiered Compilers"/>
    <property name="skip.npx" value="true"/>
    <property name="java.runtime.version" value="1.8.0_372-b07"/>
    <property name="java.net.preferIPv4Stack" value="true"/>
    <property name="user.name" value="runner"/>
    <property name="path.separator" value=":"/>
    <property name="java.security.egd" value="file:///dev/urandom"/>
    <property name="os.version" value="5.15.0-1041-azure"/>
    <property name="java.endorsed.dirs" value="/usr/lib/jvm/temurin-8-jdk-amd64/jre/lib/endorsed"/>
    <property name="java.runtime.name" value="OpenJDK Runtime Environment"/>
    <property name="file.encoding" value="UTF-8"/>
    <property name="java.vm.name" value="OpenJDK 64-Bit Server VM"/>
    <property name="test.build.webapps" value=""/>
    <property name="localRepository" value="/home/runner/.m2/repository"/>
    <property name="jetty.git.hash" value="b45c405e4544384de066f814ed42ae3dceacdd49"/>
    <property name="java.vendor.url.bug" value="https://github.com/adoptium/adoptium-support/issues"/>
    <property name="java.io.tmpdir" value="/tmp"/>
    <property name="require.test.libhadoop" value=""/>
    <property name="java.version" value="1.8.0_372"/>
    <property name="user.dir" value="/home/runner/work/ozone/ozone/hadoop-ozone/integration-test"/>
    <property name="os.arch" value="amd64"/>
    <property name="java.vm.specification.name" value="Java Virtual Machine Specification"/>
    <property name="test.build.classes" value="/home/runner/work/ozone/ozone/hadoop-ozone/integration-test/target/test-classes"/>
    <property name="java.awt.printerjob" value="sun.print.PSPrinterJob"/>
    <property name="sun.os.patch.level" value="unknown"/>
    <property name="org.apache.ratis.thirdparty.io.netty.allocator.useCacheForAllThreads" value="false"/>
    <property name="hadoop.tmp.dir" value="/home/runner/work/ozone/ozone/hadoop-ozone/integration-test/target/tmp"/>
    <property name="java.library.path" value="/usr/java/packages/lib/amd64:/usr/lib64:/lib64:/lib:/usr/lib"/>
    <property name="java.vm.info" value="mixed mode"/>
    <property name="java.vendor" value="Temurin"/>
    <property name="java.vm.version" value="25.372-b07"/>
    <property name="java.specification.maintenance.version" value="4"/>
    <property name="java.ext.dirs" value="/usr/lib/jvm/temurin-8-jdk-amd64/jre/lib/ext:/usr/java/packages/lib/ext"/>
    <property name="sun.io.unicode.encoding" value="UnicodeLittle"/>
    <property name="java.class.version" value="52.0"/>
  </properties>
  <testcase name="testGetCommittedBlockLengthForInvalidBlock" classname="org.apache.hadoop.ozone.scm.TestGetCommittedBlockLengthAndPutKey" time="0.664">
    <system-out><![CDATA[2023-07-28 23:24:22,126 [main] WARN  server.ServerUtils (ServerUtils.java:getScmDbDir(155)) - ozone.scm.db.dirs is not configured. We recommend adding this setting. Falling back to ozone.metadata.dirs instead.
2023-07-28 23:24:22,411 [main] INFO  reflections.Reflections (Reflections.java:scan(232)) - Reflections took 205 ms to scan 7 urls, producing 161 keys and 378 values 
2023-07-28 23:24:22,621 [main] WARN  server.ServerUtils (ServerUtils.java:getScmDbDir(155)) - ozone.scm.db.dirs is not configured. We recommend adding this setting. Falling back to ozone.metadata.dirs instead.
2023-07-28 23:24:22,626 [main] INFO  ha.SCMHANodeDetails (SCMHANodeDetails.java:loadSCMHAConfig(210)) - ServiceID for StorageContainerManager is null
2023-07-28 23:24:22,636 [main] WARN  ha.SCMHANodeDetails (SCMHANodeDetails.java:validateSCMHAConfig(183)) - Invalid config ozone.scm.ratis.enable. The config was not specified, but the default value true conflicts with the expected config value false. Falling back to the expected value. Current State of SCM: SCM is running in Non-HA without Ratis Ratis SCM -> Non Ratis SCM or Non HA SCM -> HA SCM is not supported
2023-07-28 23:24:22,637 [main] INFO  ha.SCMHANodeDetails (SCMHANodeDetails.java:loadSCMHAConfig(215)) - ozone.scm.default.service.id is not defined, falling back to ozone.scm.service.ids to find serviceID for StorageContainerManager if it is HA enabled cluster
2023-07-28 23:24:23,480 [main] WARN  utils.HAUtils (HAUtils.java:getMetaDir(339)) - ozone.scm.db.dirs is not configured. We recommend adding this setting. Falling back to ozone.metadata.dirs instead.
2023-07-28 23:24:23,676 [main] WARN  db.DBStoreBuilder (DBStoreBuilder.java:applyDBDefinition(166)) - ozone.scm.db.dirs is not configured. We recommend adding this setting. Falling back to ozone.metadata.dirs instead.
2023-07-28 23:24:24,003 [main] INFO  net.NodeSchemaLoader (NodeSchemaLoader.java:loadSchemaFromFile(129)) - Loading schema from [jar:file:/home/runner/.m2/repository/org/apache/ozone/hdds-common/1.4.0-SNAPSHOT/hdds-common-1.4.0-SNAPSHOT.jar!/network-topology-default.xml]
2023-07-28 23:24:24,005 [main] INFO  net.NodeSchemaLoader (NodeSchemaLoader.java:loadSchema(176)) - Loading network topology layer schema file
2023-07-28 23:24:24,065 [main] INFO  metrics.MetricRegistries (MetricRegistriesLoader.java:load(64)) - Loaded MetricRegistries class org.apache.ratis.metrics.impl.MetricRegistriesImpl
2023-07-28 23:24:24,091 [main] INFO  upgrade.AbstractLayoutVersionManager (AbstractLayoutVersionManager.java:init(83)) - Initializing Layout version manager with metadata layout = HADOOP_PRC_PORTS_IN_DATANODEDETAILS (version = 7), software layout = HADOOP_PRC_PORTS_IN_DATANODEDETAILS (version = 7)
2023-07-28 23:24:24,339 [main] INFO  ha.SequenceIdGenerator (SequenceIdGenerator.java:upgradeToSequenceId(365)) - upgrade localId to 111677748019200000
2023-07-28 23:24:24,341 [main] INFO  ha.SequenceIdGenerator (SequenceIdGenerator.java:upgradeToSequenceId(375)) - upgrade delTxnId to 0
2023-07-28 23:24:24,350 [main] INFO  ha.SequenceIdGenerator (SequenceIdGenerator.java:upgradeToSequenceId(392)) - upgrade containerId to 0
2023-07-28 23:24:24,383 [main] INFO  ha.SequenceIdGenerator (SequenceIdGenerator.java:upgradeToSequenceId(428)) - upgrade rootCertificateId to 1
2023-07-28 23:24:24,385 [main] INFO  ha.SequenceIdGenerator (SequenceIdGenerator.java:<init>(236)) - Init the HA SequenceIdGenerator.
2023-07-28 23:24:24,447 [main] WARN  server.ServerUtils (ServerUtils.java:sanitizeUserArgs(80)) - ozone.scm.stale.node.interval value = 300000 is larger than max = 100000 based on the key value of ozone.scm.heartbeat.thread.interval, reset to the max value 100000.
2023-07-28 23:24:24,447 [main] WARN  server.ServerUtils (ServerUtils.java:sanitizeUserArgs(80)) - ozone.scm.stale.node.interval value = 300000 is larger than max = 100000 based on the key value of ozone.scm.heartbeat.thread.interval, reset to the max value 100000.
2023-07-28 23:24:24,454 [main] INFO  node.SCMNodeManager (SCMNodeManager.java:<init>(157)) - Entering startup safe mode.
2023-07-28 23:24:24,470 [main] INFO  algorithms.ContainerPlacementPolicyFactory (ContainerPlacementPolicyFactory.java:getPolicyInternal(86)) - Create container placement policy of type org.apache.hadoop.hdds.scm.container.placement.algorithms.SCMContainerPlacementCapacity
2023-07-28 23:24:24,474 [main] INFO  algorithms.ContainerPlacementPolicyFactory (ContainerPlacementPolicyFactory.java:getPolicyInternal(86)) - Create container placement policy of type org.apache.hadoop.hdds.scm.container.placement.algorithms.SCMContainerPlacementRackScatter
2023-07-28 23:24:24,484 [main] INFO  pipeline.PipelineStateManagerImpl (PipelineStateManagerImpl.java:initialize(78)) - No pipeline exists in current db
2023-07-28 23:24:24,499 [main] INFO  algorithms.LeaderChoosePolicyFactory (LeaderChoosePolicyFactory.java:getPolicy(57)) - Create leader choose policy of type org.apache.hadoop.hdds.scm.pipeline.leader.choose.algorithms.MinLeaderCountChoosePolicy
2023-07-28 23:24:24,500 [main] INFO  algorithms.ContainerPlacementPolicyFactory (ContainerPlacementPolicyFactory.java:getPolicyInternal(86)) - Create container placement policy of type org.apache.hadoop.hdds.scm.container.placement.algorithms.SCMContainerPlacementRackScatter
2023-07-28 23:24:24,510 [main] INFO  ha.SCMServiceManager (SCMServiceManager.java:register(42)) - Registering service BackgroundPipelineCreator.
2023-07-28 23:24:24,510 [main] INFO  pipeline.BackgroundPipelineCreator (BackgroundPipelineCreator.java:start(124)) - Starting RatisPipelineUtilsThread.
2023-07-28 23:24:24,514 [main] INFO  BackgroundPipelineScrubber (BackgroundSCMService.java:start(68)) - Starting BackgroundPipelineScrubber Service.
2023-07-28 23:24:24,515 [main] INFO  ha.SCMServiceManager (SCMServiceManager.java:register(42)) - Registering service BackgroundPipelineScrubber.
2023-07-28 23:24:24,522 [main] INFO  ExpiredContainerReplicaOpScrubber (BackgroundSCMService.java:start(68)) - Starting ExpiredContainerReplicaOpScrubber Service.
2023-07-28 23:24:24,523 [main] INFO  ha.SCMServiceManager (SCMServiceManager.java:register(42)) - Registering service ExpiredContainerReplicaOpScrubber.
2023-07-28 23:24:24,555 [main] INFO  algorithms.PipelineChoosePolicyFactory (PipelineChoosePolicyFactory.java:createPipelineChoosePolicyFromClass(78)) - Create pipeline choose policy of type org.apache.hadoop.hdds.scm.pipeline.choose.algorithms.RandomPipelineChoosePolicy
2023-07-28 23:24:24,556 [main] INFO  algorithms.PipelineChoosePolicyFactory (PipelineChoosePolicyFactory.java:createPipelineChoosePolicyFromClass(78)) - Create pipeline choose policy of type org.apache.hadoop.hdds.scm.pipeline.choose.algorithms.RandomPipelineChoosePolicy
2023-07-28 23:24:24,581 [main] INFO  ha.SCMServiceManager (SCMServiceManager.java:register(42)) - Registering service SCMBlockDeletingService.
2023-07-28 23:24:24,658 [main] INFO  replication.ReplicationManager (ReplicationManager.java:start(287)) - Starting Replication Monitor Thread.
2023-07-28 23:24:24,659 [main] INFO  ha.SCMServiceManager (SCMServiceManager.java:register(42)) - Registering service ReplicationManager.
2023-07-28 23:24:24,660 [ReplicationMonitor] INFO  replication.ReplicationManager (ReplicationManager.java:processAll(361)) - Replication Manager is not ready to run until 3000ms after safemode exit
2023-07-28 23:24:24,672 [main] INFO  safemode.ContainerSafeModeRule (ContainerSafeModeRule.java:<init>(89)) - containers with one replica threshold count 0
2023-07-28 23:24:24,676 [main] INFO  safemode.HealthyPipelineSafeModeRule (HealthyPipelineSafeModeRule.java:initializeRule(169)) - Total pipeline count is 0, healthy pipeline threshold count is 1
2023-07-28 23:24:24,678 [main] INFO  safemode.OneReplicaPipelineSafeModeRule (OneReplicaPipelineSafeModeRule.java:initializeRule(180)) - Total pipeline count is 0, pipeline's with at least one datanode reported threshold count is 0
2023-07-28 23:24:24,725 [main] INFO  server.StorageContainerManager (StorageContainerManager.java:<init>(424)) - SCM start with adminUsers: [runner]
2023-07-28 23:24:25,182 [main] INFO  audit.AuditLogger (AuditLogger.java:refreshDebugCmdSet(126)) - Refresh DebugCmdSet for SCMAudit to [].
2023-07-28 23:24:25,218 [main] INFO  ipc.CallQueueManager (CallQueueManager.java:<init>(90)) - Using callQueue: class java.util.concurrent.LinkedBlockingQueue, queueCapacity: 2000, scheduler: class org.apache.hadoop.ipc.DefaultRpcScheduler, ipcBackoff: false.
2023-07-28 23:24:25,260 [main] INFO  ipc.Server (Server.java:<init>(1287)) - Listener at 0.0.0.0:15002
2023-07-28 23:24:25,265 [Socket Reader #1 for port 15002] INFO  ipc.Server (Server.java:run(1323)) - Starting Socket Reader #1 for port 15002
2023-07-28 23:24:25,336 [main] INFO  audit.AuditLogger (AuditLogger.java:refreshDebugCmdSet(126)) - Refresh DebugCmdSet for SCMAudit to [].
2023-07-28 23:24:25,342 [main] INFO  ipc.CallQueueManager (CallQueueManager.java:<init>(90)) - Using callQueue: class java.util.concurrent.LinkedBlockingQueue, queueCapacity: 2000, scheduler: class org.apache.hadoop.ipc.DefaultRpcScheduler, ipcBackoff: false.
2023-07-28 23:24:25,343 [main] INFO  ipc.Server (Server.java:<init>(1287)) - Listener at 0.0.0.0:15001
2023-07-28 23:24:25,344 [Socket Reader #1 for port 15001] INFO  ipc.Server (Server.java:run(1323)) - Starting Socket Reader #1 for port 15001
2023-07-28 23:24:25,381 [main] INFO  audit.AuditLogger (AuditLogger.java:refreshDebugCmdSet(126)) - Refresh DebugCmdSet for SCMAudit to [].
2023-07-28 23:24:25,393 [main] INFO  ipc.CallQueueManager (CallQueueManager.java:<init>(90)) - Using callQueue: class java.util.concurrent.LinkedBlockingQueue, queueCapacity: 2000, scheduler: class org.apache.hadoop.ipc.DefaultRpcScheduler, ipcBackoff: false.
2023-07-28 23:24:25,394 [main] INFO  ipc.Server (Server.java:<init>(1287)) - Listener at 0.0.0.0:15000
2023-07-28 23:24:25,395 [Socket Reader #1 for port 15000] INFO  ipc.Server (Server.java:run(1323)) - Starting Socket Reader #1 for port 15000
2023-07-28 23:24:25,459 [main] INFO  ha.SCMServiceManager (SCMServiceManager.java:register(42)) - Registering service ContainerBalancer.
2023-07-28 23:24:25,460 [main] INFO  server.StorageContainerManager (StorageContainerManager.java:<init>(437)) - 
Container Balancer status:
Key                            Value
Running                        false
Container Balancer Configuration values:
Key                                                Value
Threshold                                          10
Max Datanodes to Involve per Iteration(percent)    20
Max Size to Move per Iteration                     500GB
Max Size Entering Target per Iteration             26GB
Max Size Leaving Source per Iteration              26GB

2023-07-28 23:24:25,460 [main] INFO  ha.SCMContext (SCMContext.java:updateSafeModeStatus(228)) - Update SafeModeStatus from SafeModeStatus{safeModeStatus=true, preCheckPassed=false} to SafeModeStatus{safeModeStatus=true, preCheckPassed=false}.
2023-07-28 23:24:25,464 [main] INFO  server.StorageContainerManager (StorageContainerManager.java:start(1491)) - StorageContainerLocationProtocol RPC server is listening at /0.0.0.0:15000
2023-07-28 23:24:25,563 [main] WARN  impl.MetricsConfig (MetricsConfig.java:loadFirst(136)) - Cannot locate configuration: tried hadoop-metrics2-storagecontainermanager.properties,hadoop-metrics2.properties
2023-07-28 23:24:25,581 [main] INFO  impl.MetricsSystemImpl (MetricsSystemImpl.java:startTimer(378)) - Scheduled Metric snapshot period at 10 second(s).
2023-07-28 23:24:25,582 [main] INFO  impl.MetricsSystemImpl (MetricsSystemImpl.java:start(191)) - StorageContainerManager metrics system started
2023-07-28 23:24:25,946 [main] INFO  server.SCMClientProtocolServer (SCMClientProtocolServer.java:start(200)) - RPC server for Client  is listening at /0.0.0.0:15000
2023-07-28 23:24:25,947 [IPC Server Responder] INFO  ipc.Server (Server.java:run(1562)) - IPC Server Responder: starting
2023-07-28 23:24:25,963 [main] INFO  server.StorageContainerManager (StorageContainerManager.java:start(1504)) - ScmBlockLocationProtocol RPC server is listening at /0.0.0.0:15001
2023-07-28 23:24:25,965 [main] INFO  server.SCMBlockProtocolServer (SCMBlockProtocolServer.java:start(152)) - RPC server for Block Protocol is listening at /0.0.0.0:15001
2023-07-28 23:24:25,949 [IPC Server listener on 15000] INFO  ipc.Server (Server.java:run(1402)) - IPC Server listener on 15000: starting
2023-07-28 23:24:25,970 [IPC Server Responder] INFO  ipc.Server (Server.java:run(1562)) - IPC Server Responder: starting
2023-07-28 23:24:25,971 [IPC Server listener on 15001] INFO  ipc.Server (Server.java:run(1402)) - IPC Server listener on 15001: starting
2023-07-28 23:24:25,975 [main] INFO  server.SCMDatanodeProtocolServer (SCMDatanodeProtocolServer.java:start(193)) - ScmDatanodeProtocol RPC server for DataNodes is listening at /0.0.0.0:15002
2023-07-28 23:24:26,003 [IPC Server listener on 15002] INFO  ipc.Server (Server.java:run(1402)) - IPC Server listener on 15002: starting
2023-07-28 23:24:26,003 [IPC Server Responder] INFO  ipc.Server (Server.java:run(1562)) - IPC Server Responder: starting
2023-07-28 23:24:26,022 [JvmPauseMonitor0] INFO  util.JvmPauseMonitor (JvmPauseMonitor.java:run(103)) - JvmPauseMonitor-03c036d0-a596-4f20-8f85-f8a346c3daee: Started
2023-07-28 23:24:26,044 [main] INFO  http.BaseHttpServer (BaseHttpServer.java:newHttpServer2BuilderForOzone(224)) - Starting Web-server for scm at: http://0.0.0.0:15003
2023-07-28 23:24:26,045 [main] INFO  http.BaseHttpServer (BaseHttpServer.java:<init>(111)) - Hadoop Security Enabled: false Ozone Security Enabled: false Ozone HTTP Security Enabled: false 
2023-07-28 23:24:26,079 [main] INFO  util.log (Log.java:initialized(170)) - Logging initialized @5623ms to org.eclipse.jetty.util.log.Slf4jLog
2023-07-28 23:24:26,197 [main] WARN  server.AuthenticationFilter (AuthenticationFilter.java:constructSecretProvider(240)) - Unable to initialize FileSignerSecretProvider, falling back to use random secrets. Reason: Could not read signature secret file: /home/runner/hadoop-http-auth-signature-secret
2023-07-28 23:24:26,204 [main] INFO  http.HttpRequestLog (HttpRequestLog.java:getRequestLog(86)) - Http request log for http.requests.scm is not defined
2023-07-28 23:24:26,212 [main] INFO  http.HttpServer2 (HttpServer2.java:addGlobalFilter(1031)) - Added global filter 'safety' (class=org.apache.hadoop.hdds.server.http.HttpServer2$QuotingInputFilter)
2023-07-28 23:24:26,215 [main] INFO  http.HttpServer2 (HttpServer2.java:addFilter(1007)) - Added filter static_user_filter (class=org.apache.hadoop.http.lib.StaticUserWebFilter$StaticUserFilter) to context scm
2023-07-28 23:24:26,215 [main] INFO  http.HttpServer2 (HttpServer2.java:addFilter(1015)) - Added filter static_user_filter (class=org.apache.hadoop.http.lib.StaticUserWebFilter$StaticUserFilter) to context logs
2023-07-28 23:24:26,216 [main] INFO  http.HttpServer2 (HttpServer2.java:addFilter(1015)) - Added filter static_user_filter (class=org.apache.hadoop.http.lib.StaticUserWebFilter$StaticUserFilter) to context static
2023-07-28 23:24:26,262 [main] INFO  http.BaseHttpServer (BaseHttpServer.java:<init>(190)) - HTTP server of scm uses base directory /home/runner/work/ozone/ozone/hadoop-ozone/integration-test/target/test-dir/MiniOzoneClusterImpl-87b6fce1-c6a6-46a6-82b1-f7f83edcbc7c/ozone-meta/webserver
2023-07-28 23:24:26,263 [main] INFO  http.HttpServer2 (HttpServer2.java:bindListener(1250)) - Jetty bound to port 15003
2023-07-28 23:24:26,265 [main] INFO  server.Server (Server.java:doStart(375)) - jetty-9.4.51.v20230217; built: 2023-02-17T08:19:37.309Z; git: b45c405e4544384de066f814ed42ae3dceacdd49; jvm 1.8.0_372-b07
2023-07-28 23:24:26,302 [main] INFO  server.session (DefaultSessionIdManager.java:doStart(334)) - DefaultSessionIdManager workerName=node0
2023-07-28 23:24:26,302 [main] INFO  server.session (DefaultSessionIdManager.java:doStart(339)) - No SessionScavenger set, using defaults
2023-07-28 23:24:26,304 [main] INFO  server.session (HouseKeeper.java:startScavenging(132)) - node0 Scavenging every 600000ms
2023-07-28 23:24:26,320 [main] INFO  handler.ContextHandler (ContextHandler.java:doStart(921)) - Started o.e.j.s.ServletContextHandler@7d8a5ec7{logs,/logs,file:///home/runner/work/ozone/ozone/hadoop-ozone/integration-test/target/log,AVAILABLE}
2023-07-28 23:24:26,321 [main] INFO  handler.ContextHandler (ContextHandler.java:doStart(921)) - Started o.e.j.s.ServletContextHandler@52984065{static,/static,file:///home/runner/work/ozone/ozone/hadoop-ozone/integration-test/target/test-classes/webapps/static,AVAILABLE}
2023-07-28 23:24:26,373 [main] INFO  handler.ContextHandler (ContextHandler.java:doStart(921)) - Started o.e.j.w.WebAppContext@4a4352b4{scm,/,file:///home/runner/work/ozone/ozone/hadoop-ozone/integration-test/target/test-classes/webapps/scm/,AVAILABLE}{file:/home/runner/work/ozone/ozone/hadoop-ozone/integration-test/target/test-classes/webapps/scm}
2023-07-28 23:24:26,385 [main] INFO  server.AbstractConnector (AbstractConnector.java:doStart(333)) - Started ServerConnector@63e54c66{HTTP/1.1, (http/1.1)}{0.0.0.0:15003}
2023-07-28 23:24:26,386 [main] INFO  server.Server (Server.java:doStart(415)) - Started @5930ms
2023-07-28 23:24:26,389 [main] INFO  impl.MetricsSinkAdapter (MetricsSinkAdapter.java:start(204)) - Sink prometheus started
2023-07-28 23:24:26,390 [main] INFO  impl.MetricsSystemImpl (MetricsSystemImpl.java:registerSink(305)) - Registered sink prometheus
2023-07-28 23:24:26,391 [main] INFO  http.BaseHttpServer (BaseHttpServer.java:updateConnectorAddress(344)) - HTTP server of scm listening at http://0.0.0.0:15003
2023-07-28 23:24:26,396 [main] WARN  server.ServerUtils (ServerUtils.java:getDBPath(311)) - ozone.om.db.dirs is not configured. We recommend adding this setting. Falling back to ozone.metadata.dirs instead.
2023-07-28 23:24:26,472 [main] INFO  audit.AuditLogger (AuditLogger.java:refreshDebugCmdSet(126)) - Refresh DebugCmdSet for OMAudit to [].
2023-07-28 23:24:26,566 [main] INFO  ha.OMHANodeDetails (OMHANodeDetails.java:loadOMHAConfig(115)) - ozone.om.internal.service.id is not defined, falling back to ozone.om.service.ids to find serviceID for OzoneManager if it is HA enabled cluster
2023-07-28 23:24:26,570 [main] INFO  ha.OMHANodeDetails (OMHANodeDetails.java:loadOMHAConfig(226)) - Configuration does not have ozone.om.address set. Falling back to the default OM address /127.0.0.1:15004
2023-07-28 23:24:26,570 [main] INFO  ha.OMHANodeDetails (OMHANodeDetails.java:getOMNodeDetailsForNonHA(254)) - OM Service ID is not set. Setting it to the default ID: omServiceIdDefault
2023-07-28 23:24:26,570 [main] INFO  ha.OMHANodeDetails (OMHANodeDetails.java:getOMNodeDetailsForNonHA(261)) - OM Node ID is not set. Setting it to the default ID: om1
2023-07-28 23:24:26,575 [main] WARN  server.ServerUtils (ServerUtils.java:getDBPath(311)) - ozone.om.db.dirs is not configured. We recommend adding this setting. Falling back to ozone.metadata.dirs instead.
2023-07-28 23:24:26,579 [main] INFO  upgrade.AbstractLayoutVersionManager (AbstractLayoutVersionManager.java:init(83)) - Initializing Layout version manager with metadata layout = QUOTA (version = 6), software layout = QUOTA (version = 6)
2023-07-28 23:24:26,699 [main] INFO  reflections.Reflections (Reflections.java:scan(232)) - Reflections took 116 ms to scan 2 urls, producing 188 keys and 512 values [using 2 cores]
2023-07-28 23:24:26,706 [main] INFO  upgrade.OMLayoutVersionManager (OMLayoutVersionManager.java:lambda$0(115)) - Skipping Upgrade Action MockOmUpgradeAction since it has been finalized.
2023-07-28 23:24:26,707 [main] INFO  upgrade.OMLayoutVersionManager (OMLayoutVersionManager.java:lambda$0(115)) - Skipping Upgrade Action QuotaRepairUpgradeAction since it has been finalized.
2023-07-28 23:24:26,709 [main] WARN  server.ServerUtils (ServerUtils.java:getDBPath(311)) - ozone.om.db.dirs is not configured. We recommend adding this setting. Falling back to ozone.metadata.dirs instead.
2023-07-28 23:24:26,944 [main] INFO  proxy.SCMBlockLocationFailoverProxyProvider (SCMBlockLocationFailoverProxyProvider.java:<init>(114)) - Created block location fail-over proxy with 1 nodes: [nodeId=scmNodeId,nodeAddress=/0.0.0.0:15001]
2023-07-28 23:24:26,992 [main] INFO  proxy.SCMBlockLocationFailoverProxyProvider (SCMBlockLocationFailoverProxyProvider.java:<init>(114)) - Created block location fail-over proxy with 1 nodes: [nodeId=scmNodeId,nodeAddress=/0.0.0.0:15001]
2023-07-28 23:24:27,294 [main] INFO  om.OzoneManager (OzoneManager.java:<init>(662)) - OM start with adminUsers: [runner]
2023-07-28 23:24:27,328 [main] WARN  server.ServerUtils (ServerUtils.java:getDBPath(311)) - ozone.om.db.dirs is not configured. We recommend adding this setting. Falling back to ozone.metadata.dirs instead.
2023-07-28 23:24:27,370 [main] INFO  helpers.OmKeyInfo (OmKeyInfo.java:getCodec(71)) - OmKeyInfo.getCodec ignorePipeline = true
2023-07-28 23:24:27,780 [main] INFO  om.OzoneManager (OzoneManager.java:instantiateServices(791)) - S3 Multi-Tenancy is disabled
2023-07-28 23:24:27,817 [main] INFO  om.OmSnapshotManager (OmSnapshotManager.java:<init>(175)) - Ozone filesystem snapshot feature is enabled.
2023-07-28 23:24:27,828 [main] WARN  server.ServerUtils (ServerUtils.java:getDBPath(311)) - ozone.om.snapshot.diff.db.dir is not configured. We recommend adding this setting. Falling back to ozone.metadata.dirs instead.
2023-07-28 23:24:27,881 [main] INFO  utils.NativeLibraryLoader (NativeLibraryLoader.java:loadLibrary(105)) - Loading Library: ozone_rocksdb_tools
2023-07-28 23:24:27,882 [main] INFO  snapshot.SnapshotDiffManager (SnapshotDiffManager.java:closeExecutorService(1720)) - Shutting down executorService: 'SstDumpToolExecutor'
2023-07-28 23:24:27,964 [main] INFO  om.OzoneManager (OzoneManager.java:addS3GVolumeToDB(4287)) - Created Volume s3v With Owner runner required for S3Gateway operations.
2023-07-28 23:24:28,063 [main] WARN  server.ServerUtils (ServerUtils.java:getDefaultRatisDirectory(323)) - Storage directory for Ratis is not configured. It is a good idea to map this to an SSD disk. Falling back to ozone.metadata.dirs
2023-07-28 23:24:28,064 [main] WARN  utils.OzoneManagerRatisUtils (OzoneManagerRatisUtils.java:getOMRatisSnapshotDirectory(461)) - ozone.om.ratis.snapshot.dir is not configured. Falling back to ozone.metadata.dirs config
2023-07-28 23:24:28,082 [main] WARN  server.ServerUtils (ServerUtils.java:getDefaultRatisDirectory(323)) - Storage directory for Ratis is not configured. It is a good idea to map this to an SSD disk. Falling back to ozone.metadata.dirs
2023-07-28 23:24:28,115 [main] INFO  ratis.OzoneManagerRatisServer (OzoneManagerRatisServer.java:<init>(163)) - Instantiating OM Ratis server with groupID: omServiceIdDefault and peers: localhost:15007
2023-07-28 23:24:28,126 [main] INFO  ratis.OzoneManagerStateMachine (OzoneManagerStateMachine.java:loadSnapshotInfoFromDB(687)) - LastAppliedIndex is set from TransactionInfo from OM DB as (t:0, i:~)
2023-07-28 23:24:28,226 [main] INFO  server.RaftServer (ConfUtils.java:logGet(46)) - raft.rpc.type = GRPC (default)
2023-07-28 23:24:28,239 [main] INFO  grpc.GrpcConfigKeys (ConfUtils.java:logFallback(53)) - raft.grpc.admin.host = null (fallback to raft.grpc.server.host)
2023-07-28 23:24:28,242 [main] INFO  grpc.GrpcConfigKeys (ConfUtils.java:logFallback(53)) - raft.grpc.admin.port = 15007 (fallback to raft.grpc.server.port)
2023-07-28 23:24:28,244 [main] INFO  grpc.GrpcConfigKeys (ConfUtils.java:logFallback(53)) - raft.grpc.client.host = null (fallback to raft.grpc.server.host)
2023-07-28 23:24:28,245 [main] INFO  grpc.GrpcConfigKeys (ConfUtils.java:logFallback(53)) - raft.grpc.client.port = 15007 (fallback to raft.grpc.server.port)
2023-07-28 23:24:28,245 [main] INFO  grpc.GrpcConfigKeys (ConfUtils.java:logGet(46)) - raft.grpc.server.host = null (default)
2023-07-28 23:24:28,246 [main] INFO  grpc.GrpcConfigKeys (ConfUtils.java:logGet(46)) - raft.grpc.server.port = 15007 (custom)
2023-07-28 23:24:28,247 [main] INFO  server.GrpcService (ConfUtils.java:logGet(46)) - raft.grpc.message.size.max = 33554432 (custom)
2023-07-28 23:24:28,255 [main] INFO  server.RaftServerConfigKeys (ConfUtils.java:logGet(46)) - raft.server.log.appender.buffer.byte-limit = 33554432 (custom)
2023-07-28 23:24:28,255 [main] INFO  server.GrpcService (ConfUtils.java:logGet(46)) - raft.grpc.flow.control.window = 1MB (=1048576) (default)
2023-07-28 23:24:28,258 [main] INFO  server.RaftServerConfigKeys (ConfUtils.java:logGet(46)) - raft.server.rpc.request.timeout = 3000ms (default)
2023-07-28 23:24:28,274 [main] INFO  grpc.GrpcConfigKeys (ConfUtils.java:logGet(46)) - raft.grpc.server.heartbeat.channel = true (default)
2023-07-28 23:24:28,280 [main] INFO  grpc.GrpcConfigKeys (ConfUtils.java:logGet(46)) - raft.grpc.server.async.request.thread.pool.cached = true (default)
2023-07-28 23:24:28,281 [main] INFO  grpc.GrpcConfigKeys (ConfUtils.java:logGet(46)) - raft.grpc.server.async.request.thread.pool.size = 32 (default)
2023-07-28 23:24:28,551 [main] INFO  impl.DataStreamServerImpl (ConfUtils.java:logGet(46)) - raft.datastream.type = DISABLED (default)
2023-07-28 23:24:28,555 [main] INFO  server.RaftServerConfigKeys (ConfUtils.java:logGet(46)) - raft.server.threadpool.proxy.cached = true (default)
2023-07-28 23:24:28,556 [main] INFO  server.RaftServerConfigKeys (ConfUtils.java:logGet(46)) - raft.server.threadpool.proxy.size = 0 (default)
2023-07-28 23:24:28,556 [main] INFO  server.RaftServerConfigKeys (ConfUtils.java:logGet(46)) - raft.server.rpc.slowness.timeout = 120s (custom)
2023-07-28 23:24:28,557 [main] INFO  server.RaftServerConfigKeys (ConfUtils.java:logGet(46)) - raft.server.leaderelection.leader.step-down.wait-time = 10s (default)
2023-07-28 23:24:28,560 [main] INFO  server.RaftServerConfigKeys (ConfUtils.java:logGet(46)) - raft.server.storage.dir = [/home/runner/work/ozone/ozone/hadoop-ozone/integration-test/target/test-dir/MiniOzoneClusterImpl-87b6fce1-c6a6-46a6-82b1-f7f83edcbc7c/ozone-meta/ratis] (custom)
2023-07-28 23:24:28,568 [main] INFO  server.RaftServer (RaftServerProxy.java:addNew(98)) - om1: addNew group-C5BA1605619E:[om1|rpc:localhost:15007|priority:0|startupRole:FOLLOWER] returns group-C5BA1605619E:java.util.concurrent.CompletableFuture@390e6f21[Not completed]
2023-07-28 23:24:28,568 [main] INFO  om.OzoneManager (OzoneManager.java:initializeRatisServer(2128)) - OzoneManager Ratis server initialized at port 15007
2023-07-28 23:24:28,572 [main] INFO  om.OzoneManager (OzoneManager.java:getRpcServer(1193)) - Creating RPC Server
2023-07-28 23:24:28,600 [om1-groupManagement] INFO  server.RaftServer$Division (RaftServerImpl.java:<init>(198)) - om1: new RaftServerImpl for group-C5BA1605619E:[om1|rpc:localhost:15007|priority:0|startupRole:FOLLOWER] with OzoneManagerStateMachine:uninitialized
2023-07-28 23:24:28,606 [om1-groupManagement] INFO  server.RaftServerConfigKeys (ConfUtils.java:logGet(46)) - raft.server.rpc.timeout.min = 1s (custom)
2023-07-28 23:24:28,608 [om1-groupManagement] INFO  server.RaftServerConfigKeys (ConfUtils.java:logGet(46)) - raft.server.rpc.timeout.max = 1200ms (custom)
2023-07-28 23:24:28,608 [om1-groupManagement] INFO  server.RaftServerConfigKeys (ConfUtils.java:logGet(46)) - raft.server.rpc.sleep.time = 25ms (default)
2023-07-28 23:24:28,609 [om1-groupManagement] INFO  server.RaftServerConfigKeys (ConfUtils.java:logGet(46)) - raft.server.rpc.slowness.timeout = 120s (custom)
2023-07-28 23:24:28,609 [om1-groupManagement] INFO  server.RaftServerConfigKeys (ConfUtils.java:logGet(46)) - raft.server.leaderelection.leader.step-down.wait-time = 10s (default)
2023-07-28 23:24:28,609 [om1-groupManagement] INFO  server.RaftServerConfigKeys (ConfUtils.java:logGet(46)) - raft.server.sleep.deviation.threshold = 300ms (default)
2023-07-28 23:24:28,794 [om1-groupManagement] INFO  server.RaftServer$Division (ServerState.java:<init>(120)) - om1@group-C5BA1605619E: ConfigurationManager, init=-1: peers:[om1|rpc:localhost:15007|priority:0|startupRole:FOLLOWER]|listeners:[], old=null, confs=<EMPTY_MAP>
2023-07-28 23:24:28,794 [om1-groupManagement] INFO  server.RaftServerConfigKeys (ConfUtils.java:logGet(46)) - raft.server.storage.dir = [/home/runner/work/ozone/ozone/hadoop-ozone/integration-test/target/test-dir/MiniOzoneClusterImpl-87b6fce1-c6a6-46a6-82b1-f7f83edcbc7c/ozone-meta/ratis] (custom)
2023-07-28 23:24:28,804 [om1-groupManagement] INFO  server.RaftServerConfigKeys (ConfUtils.java:logGet(46)) - raft.server.log.corruption.policy = EXCEPTION (default)
2023-07-28 23:24:28,804 [om1-groupManagement] INFO  server.RaftServerConfigKeys (ConfUtils.java:logGet(46)) - raft.server.storage.free-space.min = 0MB (=0) (default)
2023-07-28 23:24:28,814 [om1-groupManagement] INFO  server.RaftServerConfigKeys (ConfUtils.java:logGet(46)) - raft.server.notification.no-leader.timeout = 120s (custom)
2023-07-28 23:24:28,820 [om1-groupManagement] INFO  server.RaftServerConfigKeys (ConfUtils.java:logGet(46)) - raft.server.read.timeout = 10s (default)
2023-07-28 23:24:28,825 [om1-groupManagement] INFO  server.RaftServerConfigKeys (ConfUtils.java:logGet(46)) - raft.server.retrycache.expirytime = 300s (custom)
2023-07-28 23:24:28,825 [om1-groupManagement] INFO  server.RaftServerConfigKeys (ConfUtils.java:logGet(46)) - raft.server.retrycache.statistics.expirytime = 100μs (default)
2023-07-28 23:24:28,891 [om1-groupManagement] INFO  server.RaftServerConfigKeys (ConfUtils.java:logGet(46)) - raft.server.read.option = DEFAULT (default)
2023-07-28 23:24:28,958 [om1-groupManagement] INFO  server.RaftServerConfigKeys (ConfUtils.java:logGet(46)) - raft.server.rpc.request.timeout = 3000ms (default)
2023-07-28 23:24:28,965 [om1-groupManagement] INFO  server.RaftServerConfigKeys (ConfUtils.java:logGet(46)) - raft.server.log.appender.install.snapshot.enabled = false (custom)
2023-07-28 23:24:28,965 [om1-groupManagement] INFO  server.RaftServerConfigKeys (ConfUtils.java:logGet(46)) - raft.server.threadpool.server.cached = true (default)
2023-07-28 23:24:28,969 [om1-groupManagement] INFO  server.RaftServerConfigKeys (ConfUtils.java:logGet(46)) - raft.server.threadpool.server.size = 0 (default)
2023-07-28 23:24:28,970 [om1-groupManagement] INFO  server.RaftServerConfigKeys (ConfUtils.java:logGet(46)) - raft.server.threadpool.client.cached = true (default)
2023-07-28 23:24:28,971 [om1-groupManagement] INFO  server.RaftServerConfigKeys (ConfUtils.java:logGet(46)) - raft.server.threadpool.client.size = 0 (default)
2023-07-28 23:24:29,646 [main] INFO  reflections.Reflections (Reflections.java:scan(232)) - Reflections took 832 ms to scan 19 urls, producing 70 keys and 5594 values [using 2 cores]
2023-07-28 23:24:29,865 [main] INFO  ipc.CallQueueManager (CallQueueManager.java:<init>(90)) - Using callQueue: class java.util.concurrent.LinkedBlockingQueue, queueCapacity: 2000, scheduler: class org.apache.hadoop.ipc.DefaultRpcScheduler, ipcBackoff: false.
2023-07-28 23:24:29,865 [main] INFO  ipc.Server (Server.java:<init>(1287)) - Listener at 127.0.0.1:15004
2023-07-28 23:24:29,866 [Socket Reader #1 for port 15004] INFO  ipc.Server (Server.java:run(1323)) - Starting Socket Reader #1 for port 15004
2023-07-28 23:24:29,915 [main] INFO  impl.MetricsSystemImpl (MetricsSystemImpl.java:init(158)) - OzoneManager metrics system started (again)
2023-07-28 23:24:29,929 [main] INFO  om.OzoneManager (OzoneManager.java:start(1613)) - OzoneManager RPC server is listening at localhost/127.0.0.1:15004
2023-07-28 23:24:29,929 [main] INFO  ratis.OzoneManagerRatisServer (OzoneManagerRatisServer.java:start(558)) - Starting OzoneManagerRatisServer om1 at port 15007
2023-07-28 23:24:29,932 [om1-impl-thread1] INFO  storage.RaftStorageDirectory (RaftStorageDirectoryImpl.java:analyzeStorage(137)) - The storage directory /home/runner/work/ozone/ozone/hadoop-ozone/integration-test/target/test-dir/MiniOzoneClusterImpl-87b6fce1-c6a6-46a6-82b1-f7f83edcbc7c/ozone-meta/ratis/bf265839-605b-3f16-9796-c5ba1605619e does not exist. Creating ...
2023-07-28 23:24:29,938 [om1-impl-thread1] INFO  storage.RaftStorageDirectory (RaftStorageDirectoryImpl.java:tryLock(231)) - Lock on /home/runner/work/ozone/ozone/hadoop-ozone/integration-test/target/test-dir/MiniOzoneClusterImpl-87b6fce1-c6a6-46a6-82b1-f7f83edcbc7c/ozone-meta/ratis/bf265839-605b-3f16-9796-c5ba1605619e/in_use.lock acquired by nodename 44906@fv-az275-145
2023-07-28 23:24:29,944 [om1-impl-thread1] INFO  storage.RaftStorage (RaftStorageImpl.java:format(96)) - Storage directory /home/runner/work/ozone/ozone/hadoop-ozone/integration-test/target/test-dir/MiniOzoneClusterImpl-87b6fce1-c6a6-46a6-82b1-f7f83edcbc7c/ozone-meta/ratis/bf265839-605b-3f16-9796-c5ba1605619e has been successfully formatted.
2023-07-28 23:24:29,949 [om1-impl-thread1] INFO  server.RaftServerConfigKeys (ConfUtils.java:logGet(46)) - raft.server.log.use.memory = false (default)
2023-07-28 23:24:29,958 [om1-impl-thread1] INFO  server.RaftServerConfigKeys (ConfUtils.java:logGet(46)) - raft.server.log.purge.gap = 1000000 (custom)
2023-07-28 23:24:29,959 [om1-impl-thread1] INFO  server.RaftServerConfigKeys (ConfUtils.java:logGet(46)) - raft.server.log.appender.buffer.byte-limit = 33554432 (custom)
2023-07-28 23:24:29,961 [om1-impl-thread1] INFO  server.RaftServerConfigKeys (ConfUtils.java:logGet(46)) - raft.server.log.statemachine.data.read.timeout = 1000ms (default)
2023-07-28 23:24:29,962 [om1-impl-thread1] INFO  server.RaftServerConfigKeys (ConfUtils.java:logGet(46)) - raft.server.log.purge.preservation.log.num = 0 (default)
2023-07-28 23:24:29,965 [om1-impl-thread1] INFO  server.RaftServerConfigKeys (ConfUtils.java:logGet(46)) - raft.server.log.segment.size.max = 4194304 (custom)
2023-07-28 23:24:29,971 [om1-impl-thread1] INFO  server.RaftServerConfigKeys (ConfUtils.java:logGet(46)) - raft.server.log.segment.cache.num.max = 2 (custom)
2023-07-28 23:24:29,971 [om1-impl-thread1] INFO  server.RaftServerConfigKeys (ConfUtils.java:logGet(46)) - raft.server.log.segment.cache.size.max = 200MB (=209715200) (default)
2023-07-28 23:24:29,971 [om1-impl-thread1] INFO  server.RaftServerConfigKeys (ConfUtils.java:logGet(46)) - raft.server.log.appender.buffer.byte-limit = 33554432 (custom)
2023-07-28 23:24:29,977 [om1-impl-thread1] INFO  segmented.SegmentedRaftLogWorker (SegmentedRaftLogWorker.java:<init>(188)) - new om1@group-C5BA1605619E-SegmentedRaftLogWorker for RaftStorageImpl:Storage Directory /home/runner/work/ozone/ozone/hadoop-ozone/integration-test/target/test-dir/MiniOzoneClusterImpl-87b6fce1-c6a6-46a6-82b1-f7f83edcbc7c/ozone-meta/ratis/bf265839-605b-3f16-9796-c5ba1605619e
2023-07-28 23:24:29,978 [om1-impl-thread1] INFO  server.RaftServerConfigKeys (ConfUtils.java:logGet(46)) - raft.server.log.queue.byte-limit = 64MB (=67108864) (default)
2023-07-28 23:24:29,978 [om1-impl-thread1] INFO  server.RaftServerConfigKeys (ConfUtils.java:logGet(46)) - raft.server.log.queue.element-limit = 4096 (default)
2023-07-28 23:24:29,979 [om1-impl-thread1] INFO  server.RaftServerConfigKeys (ConfUtils.java:logGet(46)) - raft.server.log.segment.size.max = 4194304 (custom)
2023-07-28 23:24:29,979 [om1-impl-thread1] INFO  server.RaftServerConfigKeys (ConfUtils.java:logGet(46)) - raft.server.log.preallocated.size = 4194304 (custom)
2023-07-28 23:24:29,980 [om1-impl-thread1] INFO  server.RaftServerConfigKeys (ConfUtils.java:logGet(46)) - raft.server.log.force.sync.num = 128 (default)
2023-07-28 23:24:29,981 [om1-impl-thread1] INFO  server.RaftServerConfigKeys (ConfUtils.java:logGet(46)) - raft.server.log.statemachine.data.sync = true (default)
2023-07-28 23:24:29,981 [om1-impl-thread1] INFO  server.RaftServerConfigKeys (ConfUtils.java:logGet(46)) - raft.server.log.statemachine.data.sync.timeout = 10s (default)
2023-07-28 23:24:29,981 [om1-impl-thread1] INFO  server.RaftServerConfigKeys (ConfUtils.java:logGet(46)) - raft.server.log.statemachine.data.sync.timeout.retry = -1 (default)
2023-07-28 23:24:29,994 [om1-impl-thread1] INFO  server.RaftServerConfigKeys (ConfUtils.java:logGet(46)) - raft.server.log.write.buffer.size = 64KB (=65536) (default)
2023-07-28 23:24:29,994 [om1-impl-thread1] INFO  server.RaftServerConfigKeys (ConfUtils.java:logGet(46)) - raft.server.log.appender.buffer.byte-limit = 33554432 (custom)
2023-07-28 23:24:30,001 [om1-impl-thread1] INFO  server.RaftServerConfigKeys (ConfUtils.java:logGet(46)) - raft.server.log.unsafe-flush.enabled = false (default)
2023-07-28 23:24:30,001 [om1-impl-thread1] INFO  server.RaftServerConfigKeys (ConfUtils.java:logGet(46)) - raft.server.log.async-flush.enabled = false (default)
2023-07-28 23:24:30,002 [om1-impl-thread1] INFO  server.RaftServerConfigKeys (ConfUtils.java:logGet(46)) - raft.server.log.statemachine.data.caching.enabled = false (default)
2023-07-28 23:24:30,008 [om1-impl-thread1] INFO  segmented.SegmentedRaftLogWorker (SegmentedRaftLogWorker.java:lambda$new$0(135)) - om1@group-C5BA1605619E-SegmentedRaftLogWorker: flushIndex: setUnconditionally 0 -> -1
2023-07-28 23:24:30,009 [om1-impl-thread1] INFO  segmented.SegmentedRaftLogWorker (SegmentedRaftLogWorker.java:lambda$new$0(135)) - om1@group-C5BA1605619E-SegmentedRaftLogWorker: safeCacheEvictIndex: setUnconditionally 0 -> -1
2023-07-28 23:24:30,011 [om1-impl-thread1] INFO  server.RaftServer$Division (RaftServerImpl.java:start(342)) - om1@group-C5BA1605619E: start as a follower, conf=-1: peers:[om1|rpc:localhost:15007|priority:0|startupRole:FOLLOWER]|listeners:[], old=null
2023-07-28 23:24:30,017 [om1-impl-thread1] INFO  server.RaftServer$Division (RaftServerImpl.java:setRole(329)) - om1@group-C5BA1605619E: changes role from      null to FOLLOWER at term 0 for startAsFollower
2023-07-28 23:24:30,020 [om1-impl-thread1] INFO  impl.RoleInfo (RoleInfo.java:updateAndGet(139)) - om1: start om1@group-C5BA1605619E-FollowerState
2023-07-28 23:24:30,021 [om1@group-C5BA1605619E-FollowerState] INFO  server.RaftServerConfigKeys (ConfUtils.java:logFallback(53)) - raft.server.rpc.first-election.timeout.min = 1s (fallback to raft.server.rpc.timeout.min)
2023-07-28 23:24:30,021 [om1@group-C5BA1605619E-FollowerState] INFO  server.RaftServerConfigKeys (ConfUtils.java:logFallback(53)) - raft.server.rpc.first-election.timeout.max = 1200ms (fallback to raft.server.rpc.timeout.max)
2023-07-28 23:24:30,027 [om1-impl-thread1] INFO  util.JmxRegister (JmxRegister.java:tryRegister(44)) - Successfully registered JMX Bean with object name Ratis:service=RaftServer,group=group-C5BA1605619E,id=om1
2023-07-28 23:24:30,030 [om1-impl-thread1] INFO  server.RaftServerConfigKeys (ConfUtils.java:logGet(46)) - raft.server.snapshot.auto.trigger.enabled = true (custom)
2023-07-28 23:24:30,030 [om1-impl-thread1] INFO  server.RaftServerConfigKeys (ConfUtils.java:logGet(46)) - raft.server.snapshot.auto.trigger.threshold = 400000 (default)
2023-07-28 23:24:30,031 [om1-impl-thread1] INFO  server.RaftServerConfigKeys (ConfUtils.java:logGet(46)) - raft.server.snapshot.retention.file.num = -1 (default)
2023-07-28 23:24:30,031 [om1-impl-thread1] INFO  server.RaftServerConfigKeys (ConfUtils.java:logGet(46)) - raft.server.log.purge.upto.snapshot.index = true (custom)
2023-07-28 23:24:30,035 [main] INFO  server.RaftServer (RaftServerProxy.java:startImpl(400)) - om1: start RPC server
2023-07-28 23:24:30,093 [main] INFO  server.GrpcService (GrpcService.java:startImpl(302)) - om1: GrpcService started, listening on 15007
2023-07-28 23:24:30,096 [main] INFO  om.OzoneManager (OzoneManager.java:start(1629)) - Version File has different layout version (6) than OM DB (null). That is expected if this OM has never been finalized to a newer layout version.
2023-07-28 23:24:30,102 [JvmPauseMonitor1] INFO  util.JvmPauseMonitor (JvmPauseMonitor.java:run(103)) - JvmPauseMonitor-om1: Started
2023-07-28 23:24:30,137 [main] INFO  http.BaseHttpServer (BaseHttpServer.java:newHttpServer2BuilderForOzone(224)) - Starting Web-server for ozoneManager at: http://0.0.0.0:15005
2023-07-28 23:24:30,137 [main] INFO  http.BaseHttpServer (BaseHttpServer.java:<init>(111)) - Hadoop Security Enabled: false Ozone Security Enabled: false Ozone HTTP Security Enabled: false 
2023-07-28 23:24:30,139 [main] WARN  server.AuthenticationFilter (AuthenticationFilter.java:constructSecretProvider(240)) - Unable to initialize FileSignerSecretProvider, falling back to use random secrets. Reason: Could not read signature secret file: /home/runner/hadoop-http-auth-signature-secret
2023-07-28 23:24:30,145 [main] INFO  http.HttpRequestLog (HttpRequestLog.java:getRequestLog(86)) - Http request log for http.requests.ozoneManager is not defined
2023-07-28 23:24:30,146 [main] INFO  http.HttpServer2 (HttpServer2.java:addGlobalFilter(1031)) - Added global filter 'safety' (class=org.apache.hadoop.hdds.server.http.HttpServer2$QuotingInputFilter)
2023-07-28 23:24:30,147 [main] INFO  http.HttpServer2 (HttpServer2.java:addFilter(1007)) - Added filter static_user_filter (class=org.apache.hadoop.http.lib.StaticUserWebFilter$StaticUserFilter) to context ozoneManager
2023-07-28 23:24:30,148 [main] INFO  http.HttpServer2 (HttpServer2.java:addFilter(1015)) - Added filter static_user_filter (class=org.apache.hadoop.http.lib.StaticUserWebFilter$StaticUserFilter) to context static
2023-07-28 23:24:30,148 [main] INFO  http.HttpServer2 (HttpServer2.java:addFilter(1015)) - Added filter static_user_filter (class=org.apache.hadoop.http.lib.StaticUserWebFilter$StaticUserFilter) to context logs
2023-07-28 23:24:30,149 [main] INFO  http.BaseHttpServer (BaseHttpServer.java:<init>(190)) - HTTP server of ozoneManager uses base directory /home/runner/work/ozone/ozone/hadoop-ozone/integration-test/target/test-dir/MiniOzoneClusterImpl-87b6fce1-c6a6-46a6-82b1-f7f83edcbc7c/ozone-meta/webserver
2023-07-28 23:24:30,153 [main] INFO  http.HttpServer2 (HttpServer2.java:bindListener(1250)) - Jetty bound to port 15005
2023-07-28 23:24:30,153 [main] INFO  server.Server (Server.java:doStart(375)) - jetty-9.4.51.v20230217; built: 2023-02-17T08:19:37.309Z; git: b45c405e4544384de066f814ed42ae3dceacdd49; jvm 1.8.0_372-b07
2023-07-28 23:24:30,164 [main] INFO  server.session (DefaultSessionIdManager.java:doStart(334)) - DefaultSessionIdManager workerName=node0
2023-07-28 23:24:30,164 [main] INFO  server.session (DefaultSessionIdManager.java:doStart(339)) - No SessionScavenger set, using defaults
2023-07-28 23:24:30,164 [main] INFO  server.session (HouseKeeper.java:startScavenging(132)) - node0 Scavenging every 660000ms
2023-07-28 23:24:30,166 [main] INFO  handler.ContextHandler (ContextHandler.java:doStart(921)) - Started o.e.j.s.ServletContextHandler@14200fed{logs,/logs,file:///home/runner/work/ozone/ozone/hadoop-ozone/integration-test/target/log,AVAILABLE}
2023-07-28 23:24:30,167 [main] INFO  handler.ContextHandler (ContextHandler.java:doStart(921)) - Started o.e.j.s.ServletContextHandler@45dc01ca{static,/static,file:///home/runner/work/ozone/ozone/hadoop-ozone/integration-test/target/test-classes/webapps/static,AVAILABLE}
2023-07-28 23:24:30,173 [main] INFO  handler.ContextHandler (ContextHandler.java:doStart(921)) - Started o.e.j.w.WebAppContext@41e8b043{ozoneManager,/,file:///home/runner/work/ozone/ozone/hadoop-ozone/integration-test/target/test-classes/webapps/ozoneManager/,AVAILABLE}{file:/home/runner/work/ozone/ozone/hadoop-ozone/integration-test/target/test-classes/webapps/ozoneManager}
2023-07-28 23:24:30,182 [main] INFO  server.AbstractConnector (AbstractConnector.java:doStart(333)) - Started ServerConnector@2348e36{HTTP/1.1, (http/1.1)}{0.0.0.0:15005}
2023-07-28 23:24:30,183 [main] INFO  server.Server (Server.java:doStart(415)) - Started @9727ms
2023-07-28 23:24:30,183 [main] WARN  impl.MetricsSystemImpl (MetricsSystemImpl.java:register(279)) - Sink prometheus already exists!
2023-07-28 23:24:30,184 [main] INFO  http.BaseHttpServer (BaseHttpServer.java:updateConnectorAddress(344)) - HTTP server of ozoneManager listening at http://0.0.0.0:15005
2023-07-28 23:24:30,185 [IPC Server Responder] INFO  ipc.Server (Server.java:run(1562)) - IPC Server Responder: starting
2023-07-28 23:24:30,185 [IPC Server listener on 15004] INFO  ipc.Server (Server.java:run(1402)) - IPC Server listener on 15004: starting
2023-07-28 23:24:30,190 [main] INFO  om.OzoneManager (OzoneManager.java:startTrashEmptier(2081)) - Trash Interval set to 0. Files deleted won't move to trash
2023-07-28 23:24:30,415 [main] WARN  impl.MetricRegistriesImpl (MetricRegistriesImpl.java:addReporterRegistration(111)) - New reporters are added after registries were created. Some metrics will be missing from the reporter. Please add reporter before adding any new registry.
2023-07-28 23:24:30,415 [main] WARN  impl.MetricRegistriesImpl (MetricRegistriesImpl.java:addReporterRegistration(111)) - New reporters are added after registries were created. Some metrics will be missing from the reporter. Please add reporter before adding any new registry.
2023-07-28 23:24:30,415 [main] INFO  impl.MetricsSystemImpl (MetricsSystemImpl.java:init(158)) - HddsDatanode metrics system started (again)
2023-07-28 23:24:30,444 [main] INFO  ozone.HddsDatanodeService (HddsDatanodeService.java:start(237)) - HddsDatanodeService host:fv-az275-145.go2hi5et44qedpdz5zrtt3gknc.xx.internal.cloudapp.net ip:10.1.0.69
2023-07-28 23:24:30,494 [main] INFO  upgrade.AbstractLayoutVersionManager (AbstractLayoutVersionManager.java:init(83)) - Initializing Layout version manager with metadata layout = HADOOP_PRC_PORTS_IN_DATANODEDETAILS (version = 7), software layout = HADOOP_PRC_PORTS_IN_DATANODEDETAILS (version = 7)
2023-07-28 23:24:30,498 [main] INFO  statemachine.DatanodeStateMachine (DatanodeStateMachine.java:getEndPointTaskThreadPoolSize(282)) - Datanode State Machine Task Thread Pool size 2
2023-07-28 23:24:30,583 [main] INFO  volume.HddsVolume (HddsVolume.java:<init>(126)) - Creating HddsVolume: /home/runner/work/ozone/ozone/hadoop-ozone/integration-test/target/test-dir/MiniOzoneClusterImpl-87b6fce1-c6a6-46a6-82b1-f7f83edcbc7c/datanode-0/data-0/containers/hdds of storage type : DISK capacity : 9223372036854775807
2023-07-28 23:24:30,587 [main] INFO  volume.MutableVolumeSet (MutableVolumeSet.java:initializeVolumeSet(173)) - Added Volume : /home/runner/work/ozone/ozone/hadoop-ozone/integration-test/target/test-dir/MiniOzoneClusterImpl-87b6fce1-c6a6-46a6-82b1-f7f83edcbc7c/datanode-0/data-0/containers/hdds to VolumeSet
2023-07-28 23:24:30,593 [main] INFO  volume.MutableVolumeSet (MutableVolumeSet.java:initializeVolumeSet(173)) - Added Volume : /home/runner/work/ozone/ozone/hadoop-ozone/integration-test/target/test-dir/MiniOzoneClusterImpl-87b6fce1-c6a6-46a6-82b1-f7f83edcbc7c/datanode-0/data/ratis to VolumeSet
2023-07-28 23:24:30,609 [Thread-139] INFO  ozoneimpl.ContainerReader (ContainerReader.java:readVolume(177)) - Finish verifying containers on volume /home/runner/work/ozone/ozone/hadoop-ozone/integration-test/target/test-dir/MiniOzoneClusterImpl-87b6fce1-c6a6-46a6-82b1-f7f83edcbc7c/datanode-0/data-0/containers/hdds
2023-07-28 23:24:30,610 [main] INFO  ozoneimpl.OzoneContainer (OzoneContainer.java:buildContainerSet(316)) - Build ContainerSet costs 0s
2023-07-28 23:24:30,671 [main] INFO  audit.AuditLogger (AuditLogger.java:refreshDebugCmdSet(126)) - Refresh DebugCmdSet for DNAudit to [].
2023-07-28 23:24:30,712 [main] INFO  server.RaftServer (ConfUtils.java:logGet(46)) - raft.rpc.type = GRPC (default)
2023-07-28 23:24:30,713 [main] INFO  grpc.GrpcConfigKeys (ConfUtils.java:logFallback(53)) - raft.grpc.admin.host = null (fallback to raft.grpc.server.host)
2023-07-28 23:24:30,713 [main] INFO  grpc.GrpcConfigKeys (ConfUtils.java:logGet(46)) - raft.grpc.admin.port = 15013 (custom)
2023-07-28 23:24:30,715 [main] INFO  grpc.GrpcConfigKeys (ConfUtils.java:logFallback(53)) - raft.grpc.client.host = null (fallback to raft.grpc.server.host)
2023-07-28 23:24:30,716 [main] INFO  grpc.GrpcConfigKeys (ConfUtils.java:logGet(46)) - raft.grpc.client.port = 15012 (custom)
2023-07-28 23:24:30,716 [main] INFO  grpc.GrpcConfigKeys (ConfUtils.java:logGet(46)) - raft.grpc.server.host = null (default)
2023-07-28 23:24:30,717 [main] INFO  grpc.GrpcConfigKeys (ConfUtils.java:logGet(46)) - raft.grpc.server.port = 15014 (custom)
2023-07-28 23:24:30,718 [main] INFO  server.GrpcService (ConfUtils.java:logGet(46)) - raft.grpc.message.size.max = 32MB (=33554432) (custom)
2023-07-28 23:24:30,718 [main] INFO  server.RaftServerConfigKeys (ConfUtils.java:logGet(46)) - raft.server.log.appender.buffer.byte-limit = 33554432 (custom)
2023-07-28 23:24:30,718 [main] INFO  server.GrpcService (ConfUtils.java:logGet(46)) - raft.grpc.flow.control.window = 5MB (=5242880) (custom)
2023-07-28 23:24:30,720 [main] INFO  server.RaftServerConfigKeys (ConfUtils.java:logGet(46)) - raft.server.rpc.request.timeout = 60s (custom)
2023-07-28 23:24:30,720 [main] INFO  grpc.GrpcConfigKeys (ConfUtils.java:logGet(46)) - raft.grpc.server.heartbeat.channel = true (default)
2023-07-28 23:24:30,720 [main] INFO  grpc.GrpcConfigKeys (ConfUtils.java:logGet(46)) - raft.grpc.server.async.request.thread.pool.cached = true (default)
2023-07-28 23:24:30,720 [main] INFO  grpc.GrpcConfigKeys (ConfUtils.java:logGet(46)) - raft.grpc.server.async.request.thread.pool.size = 32 (default)
2023-07-28 23:24:30,727 [main] INFO  impl.DataStreamServerImpl (ConfUtils.java:logGet(46)) - raft.datastream.type = NETTY (custom)
2023-07-28 23:24:30,738 [main] INFO  server.RaftServerConfigKeys (ConfUtils.java:logGet(46)) - raft.server.data-stream.async.request.thread.pool.cached = false (default)
2023-07-28 23:24:30,738 [main] INFO  server.RaftServerConfigKeys (ConfUtils.java:logGet(46)) - raft.server.data-stream.async.request.thread.pool.size = 20 (custom)
2023-07-28 23:24:30,739 [main] INFO  server.RaftServerConfigKeys (ConfUtils.java:logGet(46)) - raft.server.data-stream.async.write.thread.pool.size = 16 (default)
2023-07-28 23:24:30,740 [main] INFO  server.RaftServerConfigKeys (ConfUtils.java:logGet(46)) - raft.server.data-stream.client.pool.size = 10 (default)
2023-07-28 23:24:30,744 [main] INFO  netty.NettyConfigKeys$DataStream (ConfUtils.java:logGet(46)) - raft.netty.dataStream.server.use-epoll = false (default)
2023-07-28 23:24:30,744 [main] INFO  netty.NettyConfigKeys$DataStream (ConfUtils.java:logGet(46)) - raft.netty.dataStream.server.boss-group.size = 0 (default)
2023-07-28 23:24:30,751 [main] INFO  netty.NettyConfigKeys$DataStream (ConfUtils.java:logGet(46)) - raft.netty.dataStream.server.worker-group.size = 0 (default)
2023-07-28 23:24:30,753 [main] INFO  netty.NettyConfigKeys$DataStream (ConfUtils.java:logGet(46)) - raft.netty.dataStream.server.tls.conf = null (default)
2023-07-28 23:24:30,757 [main] INFO  netty.NettyConfigKeys$DataStream (ConfUtils.java:logGet(46)) - raft.netty.dataStream.host = null (default)
2023-07-28 23:24:30,757 [main] INFO  netty.NettyConfigKeys$DataStream (ConfUtils.java:logGet(46)) - raft.netty.dataStream.port = 15015 (custom)
2023-07-28 23:24:30,783 [main] INFO  server.RaftServerConfigKeys (ConfUtils.java:logGet(46)) - raft.server.threadpool.proxy.cached = true (default)
2023-07-28 23:24:30,784 [main] INFO  server.RaftServerConfigKeys (ConfUtils.java:logGet(46)) - raft.server.threadpool.proxy.size = 0 (default)
2023-07-28 23:24:30,784 [main] INFO  server.RaftServerConfigKeys (ConfUtils.java:logGet(46)) - raft.server.rpc.slowness.timeout = 300s (custom)
2023-07-28 23:24:30,784 [main] INFO  server.RaftServerConfigKeys (ConfUtils.java:logGet(46)) - raft.server.leaderelection.leader.step-down.wait-time = 10s (default)
2023-07-28 23:24:30,786 [main] INFO  server.RaftServerConfigKeys (ConfUtils.java:logGet(46)) - raft.server.storage.dir = [/home/runner/work/ozone/ozone/hadoop-ozone/integration-test/target/test-dir/MiniOzoneClusterImpl-87b6fce1-c6a6-46a6-82b1-f7f83edcbc7c/datanode-0/data/ratis] (custom)
2023-07-28 23:24:30,794 [0c3903ae-4b96-4c44-85fb-f5bdd10725bb-impl-thread1] INFO  server.RaftServer (RaftServerProxy.java:initGroupDir(258)) - 0c3903ae-4b96-4c44-85fb-f5bdd10725bb: found a subdirectory /home/runner/work/ozone/ozone/hadoop-ozone/integration-test/target/test-dir/MiniOzoneClusterImpl-87b6fce1-c6a6-46a6-82b1-f7f83edcbc7c/datanode-0/data/ratis/tmp
2023-07-28 23:24:30,795 [0c3903ae-4b96-4c44-85fb-f5bdd10725bb-NettyServerStreamRpc-bossGroup--thread1] INFO  logging.LoggingHandler (AbstractInternalLogger.java:log(148)) - [id: 0xc0586e25] REGISTERED
2023-07-28 23:24:30,795 [0c3903ae-4b96-4c44-85fb-f5bdd10725bb-impl-thread1] INFO  server.RaftServer (RaftServerProxy.java:initGroupDir(263)) - 0c3903ae-4b96-4c44-85fb-f5bdd10725bb: The directory /home/runner/work/ozone/ozone/hadoop-ozone/integration-test/target/test-dir/MiniOzoneClusterImpl-87b6fce1-c6a6-46a6-82b1-f7f83edcbc7c/datanode-0/data/ratis/tmp is not a group directory; ignoring it. 
2023-07-28 23:24:30,796 [0c3903ae-4b96-4c44-85fb-f5bdd10725bb-NettyServerStreamRpc-bossGroup--thread1] INFO  logging.LoggingHandler (AbstractInternalLogger.java:log(148)) - [id: 0xc0586e25] BIND: 0.0.0.0/0.0.0.0:15015
2023-07-28 23:24:30,797 [0c3903ae-4b96-4c44-85fb-f5bdd10725bb-NettyServerStreamRpc-bossGroup--thread1] INFO  logging.LoggingHandler (AbstractInternalLogger.java:log(148)) - [id: 0xc0586e25, L:/0:0:0:0:0:0:0:0:15015] ACTIVE
2023-07-28 23:24:30,802 [main] INFO  replication.ReplicationServer (ReplicationServer.java:<init>(81)) - Initializing replication server with thread count = 10
2023-07-28 23:24:30,826 [main] INFO  server.XceiverServerGrpc (XceiverServerGrpc.java:<init>(132)) - GrpcServer channel type EpollServerSocketChannel
2023-07-28 23:24:30,882 [main] INFO  replication.ReplicationSupervisor (ReplicationSupervisor.java:build(155)) - Initializing replication supervisor with thread count = 10
2023-07-28 23:24:30,884 [main] INFO  replication.ReplicationSupervisor (ReplicationSupervisor.java:nodeStateUpdated(307)) - Node state updated to IN_SERVICE, scaling executor pool size to 10
2023-07-28 23:24:30,955 [main] INFO  http.BaseHttpServer (BaseHttpServer.java:newHttpServer2BuilderForOzone(224)) - Starting Web-server for hddsDatanode at: http://0.0.0.0:15009
2023-07-28 23:24:30,955 [main] INFO  http.BaseHttpServer (BaseHttpServer.java:<init>(111)) - Hadoop Security Enabled: false Ozone Security Enabled: false Ozone HTTP Security Enabled: false 
2023-07-28 23:24:30,957 [main] WARN  server.AuthenticationFilter (AuthenticationFilter.java:constructSecretProvider(240)) - Unable to initialize FileSignerSecretProvider, falling back to use random secrets. Reason: Could not read signature secret file: /home/runner/hadoop-http-auth-signature-secret
2023-07-28 23:24:30,958 [main] INFO  http.HttpRequestLog (HttpRequestLog.java:getRequestLog(86)) - Http request log for http.requests.hddsDatanode is not defined
2023-07-28 23:24:30,960 [main] INFO  http.HttpServer2 (HttpServer2.java:addGlobalFilter(1031)) - Added global filter 'safety' (class=org.apache.hadoop.hdds.server.http.HttpServer2$QuotingInputFilter)
2023-07-28 23:24:30,962 [main] INFO  http.HttpServer2 (HttpServer2.java:addFilter(1007)) - Added filter static_user_filter (class=org.apache.hadoop.http.lib.StaticUserWebFilter$StaticUserFilter) to context hddsDatanode
2023-07-28 23:24:30,962 [main] INFO  http.HttpServer2 (HttpServer2.java:addFilter(1015)) - Added filter static_user_filter (class=org.apache.hadoop.http.lib.StaticUserWebFilter$StaticUserFilter) to context logs
2023-07-28 23:24:30,962 [main] INFO  http.HttpServer2 (HttpServer2.java:addFilter(1015)) - Added filter static_user_filter (class=org.apache.hadoop.http.lib.StaticUserWebFilter$StaticUserFilter) to context static
2023-07-28 23:24:30,969 [main] INFO  http.BaseHttpServer (BaseHttpServer.java:<init>(190)) - HTTP server of hddsDatanode uses base directory /home/runner/work/ozone/ozone/hadoop-ozone/integration-test/target/test-dir/MiniOzoneClusterImpl-87b6fce1-c6a6-46a6-82b1-f7f83edcbc7c/datanode-0/meta/webserver
2023-07-28 23:24:30,969 [main] INFO  http.HttpServer2 (HttpServer2.java:bindListener(1250)) - Jetty bound to port 15009
2023-07-28 23:24:30,970 [main] INFO  server.Server (Server.java:doStart(375)) - jetty-9.4.51.v20230217; built: 2023-02-17T08:19:37.309Z; git: b45c405e4544384de066f814ed42ae3dceacdd49; jvm 1.8.0_372-b07
2023-07-28 23:24:30,973 [main] INFO  server.session (DefaultSessionIdManager.java:doStart(334)) - DefaultSessionIdManager workerName=node0
2023-07-28 23:24:30,973 [main] INFO  server.session (DefaultSessionIdManager.java:doStart(339)) - No SessionScavenger set, using defaults
2023-07-28 23:24:30,973 [main] INFO  server.session (HouseKeeper.java:startScavenging(132)) - node0 Scavenging every 600000ms
2023-07-28 23:24:30,974 [main] INFO  handler.ContextHandler (ContextHandler.java:doStart(921)) - Started o.e.j.s.ServletContextHandler@8e9079{logs,/logs,file:///home/runner/work/ozone/ozone/hadoop-ozone/integration-test/target/log,AVAILABLE}
2023-07-28 23:24:30,975 [main] INFO  handler.ContextHandler (ContextHandler.java:doStart(921)) - Started o.e.j.s.ServletContextHandler@7ed91434{static,/static,jar:file:/home/runner/.m2/repository/org/apache/ozone/hdds-container-service/1.4.0-SNAPSHOT/hdds-container-service-1.4.0-SNAPSHOT.jar!/webapps/static,AVAILABLE}
2023-07-28 23:24:31,120 [om1@group-C5BA1605619E-FollowerState] INFO  impl.FollowerState (FollowerState.java:run(143)) - om1@group-C5BA1605619E-FollowerState: change to CANDIDATE, lastRpcElapsedTime:1100830885ns, electionTimeout:1098ms
2023-07-28 23:24:31,122 [om1@group-C5BA1605619E-FollowerState] INFO  impl.RoleInfo (RoleInfo.java:shutdownFollowerState(110)) - om1: shutdown om1@group-C5BA1605619E-FollowerState
2023-07-28 23:24:31,123 [om1@group-C5BA1605619E-FollowerState] INFO  server.RaftServer$Division (RaftServerImpl.java:setRole(329)) - om1@group-C5BA1605619E: changes role from  FOLLOWER to CANDIDATE at term 0 for changeToCandidate
2023-07-28 23:24:31,127 [om1@group-C5BA1605619E-FollowerState] INFO  server.RaftServerConfigKeys (ConfUtils.java:logGet(46)) - raft.server.leaderelection.pre-vote = true (default)
2023-07-28 23:24:31,127 [om1@group-C5BA1605619E-FollowerState] INFO  impl.RoleInfo (RoleInfo.java:updateAndGet(139)) - om1: start om1@group-C5BA1605619E-LeaderElection1
2023-07-28 23:24:31,141 [om1@group-C5BA1605619E-LeaderElection1] INFO  impl.LeaderElection (LeaderElection.java:askForVotes(321)) - om1@group-C5BA1605619E-LeaderElection1 PRE_VOTE round 0: submit vote requests at term 0 for -1: peers:[om1|rpc:localhost:15007|priority:0|startupRole:FOLLOWER]|listeners:[], old=null
2023-07-28 23:24:31,143 [om1@group-C5BA1605619E-LeaderElection1] INFO  impl.LeaderElection (LeaderElection.java:askForVotes(323)) - om1@group-C5BA1605619E-LeaderElection1 PRE_VOTE round 0: result PASSED (term=0)
2023-07-28 23:24:31,147 [om1@group-C5BA1605619E-LeaderElection1] INFO  impl.LeaderElection (LeaderElection.java:askForVotes(321)) - om1@group-C5BA1605619E-LeaderElection1 ELECTION round 0: submit vote requests at term 1 for -1: peers:[om1|rpc:localhost:15007|priority:0|startupRole:FOLLOWER]|listeners:[], old=null
2023-07-28 23:24:31,147 [om1@group-C5BA1605619E-LeaderElection1] INFO  impl.LeaderElection (LeaderElection.java:askForVotes(323)) - om1@group-C5BA1605619E-LeaderElection1 ELECTION round 0: result PASSED (term=1)
2023-07-28 23:24:31,148 [om1@group-C5BA1605619E-LeaderElection1] INFO  impl.RoleInfo (RoleInfo.java:shutdownLeaderElection(130)) - om1: shutdown om1@group-C5BA1605619E-LeaderElection1
2023-07-28 23:24:31,148 [om1@group-C5BA1605619E-LeaderElection1] INFO  server.RaftServer$Division (RaftServerImpl.java:setRole(329)) - om1@group-C5BA1605619E: changes role from CANDIDATE to LEADER at term 1 for changeToLeader
2023-07-28 23:24:31,154 [om1@group-C5BA1605619E-LeaderElection1] INFO  server.RaftServer$Division (ServerState.java:setLeader(317)) - om1@group-C5BA1605619E: change Leader from null to om1 at term 1 for becomeLeader, leader elected after 2334ms
2023-07-28 23:24:31,163 [om1@group-C5BA1605619E-LeaderElection1] INFO  server.RaftServerConfigKeys (ConfUtils.java:logGet(46)) - raft.server.staging.catchup.gap = 1000 (default)
2023-07-28 23:24:31,172 [om1@group-C5BA1605619E-LeaderElection1] INFO  server.RaftServerConfigKeys (ConfUtils.java:logGet(46)) - raft.server.write.element-limit = 4096 (default)
2023-07-28 23:24:31,173 [om1@group-C5BA1605619E-LeaderElection1] INFO  server.RaftServerConfigKeys (ConfUtils.java:logGet(46)) - raft.server.write.byte-limit = 64MB (=67108864) (default)
2023-07-28 23:24:31,179 [om1@group-C5BA1605619E-LeaderElection1] INFO  server.RaftServerConfigKeys (ConfUtils.java:logGet(46)) - raft.server.watch.timeout = 10s (default)
2023-07-28 23:24:31,179 [om1@group-C5BA1605619E-LeaderElection1] INFO  server.RaftServerConfigKeys (ConfUtils.java:logGet(46)) - raft.server.watch.timeout.denomination = 1s (default)
2023-07-28 23:24:31,180 [om1@group-C5BA1605619E-LeaderElection1] INFO  server.RaftServerConfigKeys (ConfUtils.java:logGet(46)) - raft.server.watch.element-limit = 65536 (default)
2023-07-28 23:24:31,187 [om1@group-C5BA1605619E-LeaderElection1] INFO  server.RaftServerConfigKeys (ConfUtils.java:logGet(46)) - raft.server.write.element-limit = 4096 (default)
2023-07-28 23:24:31,190 [om1@group-C5BA1605619E-LeaderElection1] INFO  server.RaftServerConfigKeys (ConfUtils.java:logGet(46)) - raft.server.write.follower.gap.ratio.max = -1.0 (default)
2023-07-28 23:24:31,194 [om1@group-C5BA1605619E-LeaderElection1] INFO  impl.RoleInfo (RoleInfo.java:updateAndGet(139)) - om1: start om1@group-C5BA1605619E-LeaderStateImpl
2023-07-28 23:24:31,229 [om1@group-C5BA1605619E-LeaderElection1] INFO  segmented.SegmentedRaftLogWorker (SegmentedRaftLogWorker.java:startLogSegment(447)) - om1@group-C5BA1605619E-SegmentedRaftLogWorker: Starting segment from index:0
2023-07-28 23:24:31,302 [om1@group-C5BA1605619E-LeaderElection1] INFO  server.RaftServer$Division (ServerState.java:setRaftConf(434)) - om1@group-C5BA1605619E: set configuration 0: peers:[om1|rpc:localhost:15007|admin:|client:|dataStream:|priority:0|startupRole:FOLLOWER]|listeners:[], old=null
2023-07-28 23:24:31,346 [main] INFO  handler.ContextHandler (ContextHandler.java:doStart(921)) - Started o.e.j.w.WebAppContext@33555c1d{hddsDatanode,/,file:///home/runner/work/ozone/ozone/hadoop-ozone/integration-test/target/test-dir/MiniOzoneClusterImpl-87b6fce1-c6a6-46a6-82b1-f7f83edcbc7c/datanode-0/meta/webserver/jetty-0_0_0_0-15009-hdds-container-service-1_4_0-SNAPSHOT_jar-_-any-1214352585123776882/webapp/,AVAILABLE}{jar:file:/home/runner/.m2/repository/org/apache/ozone/hdds-container-service/1.4.0-SNAPSHOT/hdds-container-service-1.4.0-SNAPSHOT.jar!/webapps/hddsDatanode}
2023-07-28 23:24:31,349 [main] INFO  server.AbstractConnector (AbstractConnector.java:doStart(333)) - Started ServerConnector@67592ab0{HTTP/1.1, (http/1.1)}{0.0.0.0:15009}
2023-07-28 23:24:31,349 [main] INFO  server.Server (Server.java:doStart(415)) - Started @10893ms
2023-07-28 23:24:31,349 [main] WARN  impl.MetricsSystemImpl (MetricsSystemImpl.java:register(279)) - Sink prometheus already exists!
2023-07-28 23:24:31,351 [main] INFO  http.BaseHttpServer (BaseHttpServer.java:updateConnectorAddress(344)) - HTTP server of hddsDatanode listening at http://0.0.0.0:15009
2023-07-28 23:24:31,359 [main] INFO  ipc.CallQueueManager (CallQueueManager.java:<init>(90)) - Using callQueue: class java.util.concurrent.LinkedBlockingQueue, queueCapacity: 100, scheduler: class org.apache.hadoop.ipc.DefaultRpcScheduler, ipcBackoff: false.
2023-07-28 23:24:31,360 [main] INFO  ipc.Server (Server.java:<init>(1287)) - Listener at 0.0.0.0:15010
2023-07-28 23:24:31,366 [Socket Reader #1 for port 15010] INFO  ipc.Server (Server.java:run(1323)) - Starting Socket Reader #1 for port 15010
2023-07-28 23:24:31,374 [main] INFO  ozone.HddsDatanodeService (HddsDatanodeService.java:start(315)) - Datanode start with admins: [runner]
2023-07-28 23:24:31,378 [main] INFO  ozone.HddsDatanodeClientProtocolServer (HddsDatanodeClientProtocolServer.java:start(72)) - RPC server for Client /0.0.0.0:15010
2023-07-28 23:24:31,378 [IPC Server Responder] INFO  ipc.Server (Server.java:run(1562)) - IPC Server Responder: starting
2023-07-28 23:24:31,379 [IPC Server listener on 15010] INFO  ipc.Server (Server.java:run(1402)) - IPC Server listener on 15010: starting
2023-07-28 23:24:31,380 [main] WARN  impl.MetricRegistriesImpl (MetricRegistriesImpl.java:addReporterRegistration(111)) - New reporters are added after registries were created. Some metrics will be missing from the reporter. Please add reporter before adding any new registry.
2023-07-28 23:24:31,381 [main] WARN  impl.MetricRegistriesImpl (MetricRegistriesImpl.java:addReporterRegistration(111)) - New reporters are added after registries were created. Some metrics will be missing from the reporter. Please add reporter before adding any new registry.
2023-07-28 23:24:31,381 [main] INFO  impl.MetricsSystemImpl (MetricsSystemImpl.java:init(158)) - HddsDatanode metrics system started (again)
2023-07-28 23:24:31,392 [Datanode State Machine Daemon Thread] INFO  statemachine.DatanodeStateMachine (DatanodeStateMachine.java:lambda$startDaemon$0(538)) - Ozone container server started.
2023-07-28 23:24:31,401 [om1@group-C5BA1605619E-SegmentedRaftLogWorker] INFO  segmented.SegmentedRaftLogWorker (SegmentedRaftLogWorker.java:execute(651)) - om1@group-C5BA1605619E-SegmentedRaftLogWorker: created new log segment /home/runner/work/ozone/ozone/hadoop-ozone/integration-test/target/test-dir/MiniOzoneClusterImpl-87b6fce1-c6a6-46a6-82b1-f7f83edcbc7c/ozone-meta/ratis/bf265839-605b-3f16-9796-c5ba1605619e/current/log_inprogress_0
2023-07-28 23:24:31,413 [main] INFO  ozone.HddsDatanodeService (HddsDatanodeService.java:start(237)) - HddsDatanodeService host:fv-az275-145.go2hi5et44qedpdz5zrtt3gknc.xx.internal.cloudapp.net ip:10.1.0.69
2023-07-28 23:24:31,475 [main] INFO  upgrade.AbstractLayoutVersionManager (AbstractLayoutVersionManager.java:init(83)) - Initializing Layout version manager with metadata layout = HADOOP_PRC_PORTS_IN_DATANODEDETAILS (version = 7), software layout = HADOOP_PRC_PORTS_IN_DATANODEDETAILS (version = 7)
2023-07-28 23:24:31,476 [main] INFO  statemachine.DatanodeStateMachine (DatanodeStateMachine.java:getEndPointTaskThreadPoolSize(282)) - Datanode State Machine Task Thread Pool size 2
2023-07-28 23:24:31,486 [main] INFO  volume.HddsVolume (HddsVolume.java:<init>(126)) - Creating HddsVolume: /home/runner/work/ozone/ozone/hadoop-ozone/integration-test/target/test-dir/MiniOzoneClusterImpl-87b6fce1-c6a6-46a6-82b1-f7f83edcbc7c/datanode-1/data-0/containers/hdds of storage type : DISK capacity : 9223372036854775807
2023-07-28 23:24:31,486 [main] INFO  volume.MutableVolumeSet (MutableVolumeSet.java:initializeVolumeSet(173)) - Added Volume : /home/runner/work/ozone/ozone/hadoop-ozone/integration-test/target/test-dir/MiniOzoneClusterImpl-87b6fce1-c6a6-46a6-82b1-f7f83edcbc7c/datanode-1/data-0/containers/hdds to VolumeSet
2023-07-28 23:24:31,490 [main] INFO  volume.MutableVolumeSet (MutableVolumeSet.java:initializeVolumeSet(173)) - Added Volume : /home/runner/work/ozone/ozone/hadoop-ozone/integration-test/target/test-dir/MiniOzoneClusterImpl-87b6fce1-c6a6-46a6-82b1-f7f83edcbc7c/datanode-1/data/ratis to VolumeSet
2023-07-28 23:24:31,501 [Thread-158] INFO  ozoneimpl.ContainerReader (ContainerReader.java:readVolume(177)) - Finish verifying containers on volume /home/runner/work/ozone/ozone/hadoop-ozone/integration-test/target/test-dir/MiniOzoneClusterImpl-87b6fce1-c6a6-46a6-82b1-f7f83edcbc7c/datanode-1/data-0/containers/hdds
2023-07-28 23:24:31,502 [main] INFO  ozoneimpl.OzoneContainer (OzoneContainer.java:buildContainerSet(316)) - Build ContainerSet costs 0s
2023-07-28 23:24:31,507 [main] INFO  server.RaftServer (ConfUtils.java:logGet(46)) - raft.rpc.type = GRPC (default)
2023-07-28 23:24:31,507 [main] INFO  grpc.GrpcConfigKeys (ConfUtils.java:logFallback(53)) - raft.grpc.admin.host = null (fallback to raft.grpc.server.host)
2023-07-28 23:24:31,507 [main] INFO  grpc.GrpcConfigKeys (ConfUtils.java:logGet(46)) - raft.grpc.admin.port = 15022 (custom)
2023-07-28 23:24:31,508 [main] INFO  grpc.GrpcConfigKeys (ConfUtils.java:logFallback(53)) - raft.grpc.client.host = null (fallback to raft.grpc.server.host)
2023-07-28 23:24:31,508 [main] INFO  grpc.GrpcConfigKeys (ConfUtils.java:logGet(46)) - raft.grpc.client.port = 15021 (custom)
2023-07-28 23:24:31,508 [main] INFO  grpc.GrpcConfigKeys (ConfUtils.java:logGet(46)) - raft.grpc.server.host = null (default)
2023-07-28 23:24:31,508 [main] INFO  grpc.GrpcConfigKeys (ConfUtils.java:logGet(46)) - raft.grpc.server.port = 15023 (custom)
2023-07-28 23:24:31,508 [main] INFO  server.GrpcService (ConfUtils.java:logGet(46)) - raft.grpc.message.size.max = 32MB (=33554432) (custom)
2023-07-28 23:24:31,510 [main] INFO  server.RaftServerConfigKeys (ConfUtils.java:logGet(46)) - raft.server.log.appender.buffer.byte-limit = 33554432 (custom)
2023-07-28 23:24:31,510 [main] INFO  server.GrpcService (ConfUtils.java:logGet(46)) - raft.grpc.flow.control.window = 5MB (=5242880) (custom)
2023-07-28 23:24:31,511 [main] INFO  server.RaftServerConfigKeys (ConfUtils.java:logGet(46)) - raft.server.rpc.request.timeout = 60s (custom)
2023-07-28 23:24:31,512 [main] INFO  grpc.GrpcConfigKeys (ConfUtils.java:logGet(46)) - raft.grpc.server.heartbeat.channel = true (default)
2023-07-28 23:24:31,512 [main] INFO  grpc.GrpcConfigKeys (ConfUtils.java:logGet(46)) - raft.grpc.server.async.request.thread.pool.cached = true (default)
2023-07-28 23:24:31,513 [main] INFO  grpc.GrpcConfigKeys (ConfUtils.java:logGet(46)) - raft.grpc.server.async.request.thread.pool.size = 32 (default)
2023-07-28 23:24:31,531 [main] INFO  impl.DataStreamServerImpl (ConfUtils.java:logGet(46)) - raft.datastream.type = NETTY (custom)
2023-07-28 23:24:31,531 [main] INFO  server.RaftServerConfigKeys (ConfUtils.java:logGet(46)) - raft.server.data-stream.async.request.thread.pool.cached = false (default)
2023-07-28 23:24:31,538 [main] INFO  server.RaftServerConfigKeys (ConfUtils.java:logGet(46)) - raft.server.data-stream.async.request.thread.pool.size = 20 (custom)
2023-07-28 23:24:31,538 [main] INFO  server.RaftServerConfigKeys (ConfUtils.java:logGet(46)) - raft.server.data-stream.async.write.thread.pool.size = 16 (default)
2023-07-28 23:24:31,539 [main] INFO  server.RaftServerConfigKeys (ConfUtils.java:logGet(46)) - raft.server.data-stream.client.pool.size = 10 (default)
2023-07-28 23:24:31,540 [main] INFO  netty.NettyConfigKeys$DataStream (ConfUtils.java:logGet(46)) - raft.netty.dataStream.server.use-epoll = false (default)
2023-07-28 23:24:31,540 [main] INFO  netty.NettyConfigKeys$DataStream (ConfUtils.java:logGet(46)) - raft.netty.dataStream.server.boss-group.size = 0 (default)
2023-07-28 23:24:31,541 [main] INFO  netty.NettyConfigKeys$DataStream (ConfUtils.java:logGet(46)) - raft.netty.dataStream.server.worker-group.size = 0 (default)
2023-07-28 23:24:31,550 [main] INFO  netty.NettyConfigKeys$DataStream (ConfUtils.java:logGet(46)) - raft.netty.dataStream.server.tls.conf = null (default)
2023-07-28 23:24:31,550 [main] INFO  netty.NettyConfigKeys$DataStream (ConfUtils.java:logGet(46)) - raft.netty.dataStream.host = null (default)
2023-07-28 23:24:31,551 [main] INFO  netty.NettyConfigKeys$DataStream (ConfUtils.java:logGet(46)) - raft.netty.dataStream.port = 15024 (custom)
2023-07-28 23:24:31,555 [main] INFO  server.RaftServerConfigKeys (ConfUtils.java:logGet(46)) - raft.server.threadpool.proxy.cached = true (default)
2023-07-28 23:24:31,555 [main] INFO  server.RaftServerConfigKeys (ConfUtils.java:logGet(46)) - raft.server.threadpool.proxy.size = 0 (default)
2023-07-28 23:24:31,556 [main] INFO  server.RaftServerConfigKeys (ConfUtils.java:logGet(46)) - raft.server.rpc.slowness.timeout = 300s (custom)
2023-07-28 23:24:31,556 [main] INFO  server.RaftServerConfigKeys (ConfUtils.java:logGet(46)) - raft.server.leaderelection.leader.step-down.wait-time = 10s (default)
2023-07-28 23:24:31,556 [main] INFO  server.RaftServerConfigKeys (ConfUtils.java:logGet(46)) - raft.server.storage.dir = [/home/runner/work/ozone/ozone/hadoop-ozone/integration-test/target/test-dir/MiniOzoneClusterImpl-87b6fce1-c6a6-46a6-82b1-f7f83edcbc7c/datanode-1/data/ratis] (custom)
2023-07-28 23:24:31,561 [d133bf18-6a62-47fd-9fac-e73e51a269ad-NettyServerStreamRpc-bossGroup--thread1] INFO  logging.LoggingHandler (AbstractInternalLogger.java:log(148)) - [id: 0x47a060cb] REGISTERED
2023-07-28 23:24:31,562 [d133bf18-6a62-47fd-9fac-e73e51a269ad-NettyServerStreamRpc-bossGroup--thread1] INFO  logging.LoggingHandler (AbstractInternalLogger.java:log(148)) - [id: 0x47a060cb] BIND: 0.0.0.0/0.0.0.0:15024
2023-07-28 23:24:31,562 [d133bf18-6a62-47fd-9fac-e73e51a269ad-NettyServerStreamRpc-bossGroup--thread1] INFO  logging.LoggingHandler (AbstractInternalLogger.java:log(148)) - [id: 0x47a060cb, L:/0:0:0:0:0:0:0:0:15024] ACTIVE
2023-07-28 23:24:31,563 [d133bf18-6a62-47fd-9fac-e73e51a269ad-impl-thread1] INFO  server.RaftServer (RaftServerProxy.java:initGroupDir(258)) - d133bf18-6a62-47fd-9fac-e73e51a269ad: found a subdirectory /home/runner/work/ozone/ozone/hadoop-ozone/integration-test/target/test-dir/MiniOzoneClusterImpl-87b6fce1-c6a6-46a6-82b1-f7f83edcbc7c/datanode-1/data/ratis/tmp
2023-07-28 23:24:31,563 [d133bf18-6a62-47fd-9fac-e73e51a269ad-impl-thread1] INFO  server.RaftServer (RaftServerProxy.java:initGroupDir(263)) - d133bf18-6a62-47fd-9fac-e73e51a269ad: The directory /home/runner/work/ozone/ozone/hadoop-ozone/integration-test/target/test-dir/MiniOzoneClusterImpl-87b6fce1-c6a6-46a6-82b1-f7f83edcbc7c/datanode-1/data/ratis/tmp is not a group directory; ignoring it. 
2023-07-28 23:24:31,574 [main] INFO  replication.ReplicationServer (ReplicationServer.java:<init>(81)) - Initializing replication server with thread count = 10
2023-07-28 23:24:31,576 [main] INFO  server.XceiverServerGrpc (XceiverServerGrpc.java:<init>(132)) - GrpcServer channel type EpollServerSocketChannel
2023-07-28 23:24:31,580 [main] INFO  replication.ReplicationSupervisor (ReplicationSupervisor.java:build(155)) - Initializing replication supervisor with thread count = 10
2023-07-28 23:24:31,580 [main] INFO  replication.ReplicationSupervisor (ReplicationSupervisor.java:nodeStateUpdated(307)) - Node state updated to IN_SERVICE, scaling executor pool size to 10
2023-07-28 23:24:31,591 [main] INFO  http.BaseHttpServer (BaseHttpServer.java:newHttpServer2BuilderForOzone(224)) - Starting Web-server for hddsDatanode at: http://0.0.0.0:15018
2023-07-28 23:24:31,591 [main] INFO  http.BaseHttpServer (BaseHttpServer.java:<init>(111)) - Hadoop Security Enabled: false Ozone Security Enabled: false Ozone HTTP Security Enabled: false 
2023-07-28 23:24:31,593 [main] WARN  server.AuthenticationFilter (AuthenticationFilter.java:constructSecretProvider(240)) - Unable to initialize FileSignerSecretProvider, falling back to use random secrets. Reason: Could not read signature secret file: /home/runner/hadoop-http-auth-signature-secret
2023-07-28 23:24:31,602 [main] INFO  http.HttpRequestLog (HttpRequestLog.java:getRequestLog(86)) - Http request log for http.requests.hddsDatanode is not defined
2023-07-28 23:24:31,610 [main] INFO  http.HttpServer2 (HttpServer2.java:addGlobalFilter(1031)) - Added global filter 'safety' (class=org.apache.hadoop.hdds.server.http.HttpServer2$QuotingInputFilter)
2023-07-28 23:24:31,610 [main] INFO  http.HttpServer2 (HttpServer2.java:addFilter(1007)) - Added filter static_user_filter (class=org.apache.hadoop.http.lib.StaticUserWebFilter$StaticUserFilter) to context hddsDatanode
2023-07-28 23:24:31,611 [main] INFO  http.HttpServer2 (HttpServer2.java:addFilter(1015)) - Added filter static_user_filter (class=org.apache.hadoop.http.lib.StaticUserWebFilter$StaticUserFilter) to context logs
2023-07-28 23:24:31,611 [main] INFO  http.HttpServer2 (HttpServer2.java:addFilter(1015)) - Added filter static_user_filter (class=org.apache.hadoop.http.lib.StaticUserWebFilter$StaticUserFilter) to context static
2023-07-28 23:24:31,612 [main] INFO  http.BaseHttpServer (BaseHttpServer.java:<init>(190)) - HTTP server of hddsDatanode uses base directory /home/runner/work/ozone/ozone/hadoop-ozone/integration-test/target/test-dir/MiniOzoneClusterImpl-87b6fce1-c6a6-46a6-82b1-f7f83edcbc7c/datanode-1/meta/webserver
2023-07-28 23:24:31,612 [main] INFO  http.HttpServer2 (HttpServer2.java:bindListener(1250)) - Jetty bound to port 15018
2023-07-28 23:24:31,613 [main] INFO  server.Server (Server.java:doStart(375)) - jetty-9.4.51.v20230217; built: 2023-02-17T08:19:37.309Z; git: b45c405e4544384de066f814ed42ae3dceacdd49; jvm 1.8.0_372-b07
2023-07-28 23:24:31,671 [main] INFO  server.session (DefaultSessionIdManager.java:doStart(334)) - DefaultSessionIdManager workerName=node0
2023-07-28 23:24:31,671 [main] INFO  server.session (DefaultSessionIdManager.java:doStart(339)) - No SessionScavenger set, using defaults
2023-07-28 23:24:31,672 [main] INFO  server.session (HouseKeeper.java:startScavenging(132)) - node0 Scavenging every 600000ms
2023-07-28 23:24:31,673 [main] INFO  handler.ContextHandler (ContextHandler.java:doStart(921)) - Started o.e.j.s.ServletContextHandler@2963a8da{logs,/logs,file:///home/runner/work/ozone/ozone/hadoop-ozone/integration-test/target/log,AVAILABLE}
2023-07-28 23:24:31,673 [main] INFO  handler.ContextHandler (ContextHandler.java:doStart(921)) - Started o.e.j.s.ServletContextHandler@1efb1a84{static,/static,jar:file:/home/runner/.m2/repository/org/apache/ozone/hdds-container-service/1.4.0-SNAPSHOT/hdds-container-service-1.4.0-SNAPSHOT.jar!/webapps/static,AVAILABLE}
2023-07-28 23:24:31,710 [om1@group-C5BA1605619E-StateMachineUpdater] INFO  ratis.OzoneManagerStateMachine (OzoneManagerStateMachine.java:notifyConfigurationChanged(202)) - Received Configuration change notification from Ratis. New Peer list:
[id: "om1"
address: "localhost:15007"
startupRole: FOLLOWER
]
2023-07-28 23:24:31,733 [Datanode State Machine Task Thread - 0] INFO  datanode.InitDatanodeState (InitDatanodeState.java:persistContainerDatanodeDetails(138)) - DatanodeDetails is persisted to /home/runner/work/ozone/ozone/hadoop-ozone/integration-test/target/test-dir/MiniOzoneClusterImpl-87b6fce1-c6a6-46a6-82b1-f7f83edcbc7c/datanode-0/meta/datanode.id
2023-07-28 23:24:31,949 [main] INFO  handler.ContextHandler (ContextHandler.java:doStart(921)) - Started o.e.j.w.WebAppContext@4fa8b39c{hddsDatanode,/,file:///home/runner/work/ozone/ozone/hadoop-ozone/integration-test/target/test-dir/MiniOzoneClusterImpl-87b6fce1-c6a6-46a6-82b1-f7f83edcbc7c/datanode-1/meta/webserver/jetty-0_0_0_0-15018-hdds-container-service-1_4_0-SNAPSHOT_jar-_-any-6067485050172966132/webapp/,AVAILABLE}{jar:file:/home/runner/.m2/repository/org/apache/ozone/hdds-container-service/1.4.0-SNAPSHOT/hdds-container-service-1.4.0-SNAPSHOT.jar!/webapps/hddsDatanode}
2023-07-28 23:24:31,951 [main] INFO  server.AbstractConnector (AbstractConnector.java:doStart(333)) - Started ServerConnector@8e7a03{HTTP/1.1, (http/1.1)}{0.0.0.0:15018}
2023-07-28 23:24:31,952 [main] INFO  server.Server (Server.java:doStart(415)) - Started @11496ms
2023-07-28 23:24:31,952 [main] WARN  impl.MetricsSystemImpl (MetricsSystemImpl.java:register(279)) - Sink prometheus already exists!
2023-07-28 23:24:31,953 [main] INFO  http.BaseHttpServer (BaseHttpServer.java:updateConnectorAddress(344)) - HTTP server of hddsDatanode listening at http://0.0.0.0:15018
2023-07-28 23:24:31,953 [main] INFO  ipc.CallQueueManager (CallQueueManager.java:<init>(90)) - Using callQueue: class java.util.concurrent.LinkedBlockingQueue, queueCapacity: 100, scheduler: class org.apache.hadoop.ipc.DefaultRpcScheduler, ipcBackoff: false.
2023-07-28 23:24:31,953 [main] INFO  ipc.Server (Server.java:<init>(1287)) - Listener at 0.0.0.0:15019
2023-07-28 23:24:31,957 [Socket Reader #1 for port 15019] INFO  ipc.Server (Server.java:run(1323)) - Starting Socket Reader #1 for port 15019
2023-07-28 23:24:31,961 [main] INFO  ozone.HddsDatanodeService (HddsDatanodeService.java:start(315)) - Datanode start with admins: [runner]
2023-07-28 23:24:31,961 [main] INFO  ozone.HddsDatanodeClientProtocolServer (HddsDatanodeClientProtocolServer.java:start(72)) - RPC server for Client /0.0.0.0:15019
2023-07-28 23:24:31,964 [IPC Server Responder] INFO  ipc.Server (Server.java:run(1562)) - IPC Server Responder: starting
2023-07-28 23:24:31,965 [IPC Server listener on 15019] INFO  ipc.Server (Server.java:run(1402)) - IPC Server listener on 15019: starting
2023-07-28 23:24:31,968 [main] WARN  impl.MetricRegistriesImpl (MetricRegistriesImpl.java:addReporterRegistration(111)) - New reporters are added after registries were created. Some metrics will be missing from the reporter. Please add reporter before adding any new registry.
2023-07-28 23:24:31,968 [main] WARN  impl.MetricRegistriesImpl (MetricRegistriesImpl.java:addReporterRegistration(111)) - New reporters are added after registries were created. Some metrics will be missing from the reporter. Please add reporter before adding any new registry.
2023-07-28 23:24:31,968 [main] INFO  impl.MetricsSystemImpl (MetricsSystemImpl.java:init(158)) - HddsDatanode metrics system started (again)
2023-07-28 23:24:31,974 [Datanode State Machine Daemon Thread] INFO  statemachine.DatanodeStateMachine (DatanodeStateMachine.java:lambda$startDaemon$0(538)) - Ozone container server started.
2023-07-28 23:24:31,985 [main] INFO  ozone.HddsDatanodeService (HddsDatanodeService.java:start(237)) - HddsDatanodeService host:fv-az275-145.go2hi5et44qedpdz5zrtt3gknc.xx.internal.cloudapp.net ip:10.1.0.69
2023-07-28 23:24:32,016 [Datanode State Machine Task Thread - 0] INFO  datanode.InitDatanodeState (InitDatanodeState.java:persistContainerDatanodeDetails(138)) - DatanodeDetails is persisted to /home/runner/work/ozone/ozone/hadoop-ozone/integration-test/target/test-dir/MiniOzoneClusterImpl-87b6fce1-c6a6-46a6-82b1-f7f83edcbc7c/datanode-1/meta/datanode.id
2023-07-28 23:24:32,030 [main] INFO  upgrade.AbstractLayoutVersionManager (AbstractLayoutVersionManager.java:init(83)) - Initializing Layout version manager with metadata layout = HADOOP_PRC_PORTS_IN_DATANODEDETAILS (version = 7), software layout = HADOOP_PRC_PORTS_IN_DATANODEDETAILS (version = 7)
2023-07-28 23:24:32,031 [main] INFO  statemachine.DatanodeStateMachine (DatanodeStateMachine.java:getEndPointTaskThreadPoolSize(282)) - Datanode State Machine Task Thread Pool size 2
2023-07-28 23:24:32,034 [main] INFO  volume.HddsVolume (HddsVolume.java:<init>(126)) - Creating HddsVolume: /home/runner/work/ozone/ozone/hadoop-ozone/integration-test/target/test-dir/MiniOzoneClusterImpl-87b6fce1-c6a6-46a6-82b1-f7f83edcbc7c/datanode-2/data-0/containers/hdds of storage type : DISK capacity : 9223372036854775807
2023-07-28 23:24:32,034 [main] INFO  volume.MutableVolumeSet (MutableVolumeSet.java:initializeVolumeSet(173)) - Added Volume : /home/runner/work/ozone/ozone/hadoop-ozone/integration-test/target/test-dir/MiniOzoneClusterImpl-87b6fce1-c6a6-46a6-82b1-f7f83edcbc7c/datanode-2/data-0/containers/hdds to VolumeSet
2023-07-28 23:24:32,035 [main] INFO  volume.MutableVolumeSet (MutableVolumeSet.java:initializeVolumeSet(173)) - Added Volume : /home/runner/work/ozone/ozone/hadoop-ozone/integration-test/target/test-dir/MiniOzoneClusterImpl-87b6fce1-c6a6-46a6-82b1-f7f83edcbc7c/datanode-2/data/ratis to VolumeSet
2023-07-28 23:24:32,042 [Thread-175] INFO  ozoneimpl.ContainerReader (ContainerReader.java:readVolume(177)) - Finish verifying containers on volume /home/runner/work/ozone/ozone/hadoop-ozone/integration-test/target/test-dir/MiniOzoneClusterImpl-87b6fce1-c6a6-46a6-82b1-f7f83edcbc7c/datanode-2/data-0/containers/hdds
2023-07-28 23:24:32,042 [main] INFO  ozoneimpl.OzoneContainer (OzoneContainer.java:buildContainerSet(316)) - Build ContainerSet costs 0s
2023-07-28 23:24:32,045 [main] INFO  server.RaftServer (ConfUtils.java:logGet(46)) - raft.rpc.type = GRPC (default)
2023-07-28 23:24:32,046 [main] INFO  grpc.GrpcConfigKeys (ConfUtils.java:logFallback(53)) - raft.grpc.admin.host = null (fallback to raft.grpc.server.host)
2023-07-28 23:24:32,046 [main] INFO  grpc.GrpcConfigKeys (ConfUtils.java:logGet(46)) - raft.grpc.admin.port = 15031 (custom)
2023-07-28 23:24:32,046 [main] INFO  grpc.GrpcConfigKeys (ConfUtils.java:logFallback(53)) - raft.grpc.client.host = null (fallback to raft.grpc.server.host)
2023-07-28 23:24:32,047 [main] INFO  grpc.GrpcConfigKeys (ConfUtils.java:logGet(46)) - raft.grpc.client.port = 15030 (custom)
2023-07-28 23:24:32,047 [main] INFO  grpc.GrpcConfigKeys (ConfUtils.java:logGet(46)) - raft.grpc.server.host = null (default)
2023-07-28 23:24:32,047 [main] INFO  grpc.GrpcConfigKeys (ConfUtils.java:logGet(46)) - raft.grpc.server.port = 15032 (custom)
2023-07-28 23:24:32,047 [main] INFO  server.GrpcService (ConfUtils.java:logGet(46)) - raft.grpc.message.size.max = 32MB (=33554432) (custom)
2023-07-28 23:24:32,047 [main] INFO  server.RaftServerConfigKeys (ConfUtils.java:logGet(46)) - raft.server.log.appender.buffer.byte-limit = 33554432 (custom)
2023-07-28 23:24:32,048 [main] INFO  server.GrpcService (ConfUtils.java:logGet(46)) - raft.grpc.flow.control.window = 5MB (=5242880) (custom)
2023-07-28 23:24:32,048 [main] INFO  server.RaftServerConfigKeys (ConfUtils.java:logGet(46)) - raft.server.rpc.request.timeout = 60s (custom)
2023-07-28 23:24:32,048 [main] INFO  grpc.GrpcConfigKeys (ConfUtils.java:logGet(46)) - raft.grpc.server.heartbeat.channel = true (default)
2023-07-28 23:24:32,048 [main] INFO  grpc.GrpcConfigKeys (ConfUtils.java:logGet(46)) - raft.grpc.server.async.request.thread.pool.cached = true (default)
2023-07-28 23:24:32,048 [main] INFO  grpc.GrpcConfigKeys (ConfUtils.java:logGet(46)) - raft.grpc.server.async.request.thread.pool.size = 32 (default)
2023-07-28 23:24:32,051 [main] INFO  impl.DataStreamServerImpl (ConfUtils.java:logGet(46)) - raft.datastream.type = NETTY (custom)
2023-07-28 23:24:32,052 [main] INFO  server.RaftServerConfigKeys (ConfUtils.java:logGet(46)) - raft.server.data-stream.async.request.thread.pool.cached = false (default)
2023-07-28 23:24:32,052 [main] INFO  server.RaftServerConfigKeys (ConfUtils.java:logGet(46)) - raft.server.data-stream.async.request.thread.pool.size = 20 (custom)
2023-07-28 23:24:32,052 [main] INFO  server.RaftServerConfigKeys (ConfUtils.java:logGet(46)) - raft.server.data-stream.async.write.thread.pool.size = 16 (default)
2023-07-28 23:24:32,052 [main] INFO  server.RaftServerConfigKeys (ConfUtils.java:logGet(46)) - raft.server.data-stream.client.pool.size = 10 (default)
2023-07-28 23:24:32,052 [main] INFO  netty.NettyConfigKeys$DataStream (ConfUtils.java:logGet(46)) - raft.netty.dataStream.server.use-epoll = false (default)
2023-07-28 23:24:32,052 [main] INFO  netty.NettyConfigKeys$DataStream (ConfUtils.java:logGet(46)) - raft.netty.dataStream.server.boss-group.size = 0 (default)
2023-07-28 23:24:32,053 [main] INFO  netty.NettyConfigKeys$DataStream (ConfUtils.java:logGet(46)) - raft.netty.dataStream.server.worker-group.size = 0 (default)
2023-07-28 23:24:32,054 [main] INFO  netty.NettyConfigKeys$DataStream (ConfUtils.java:logGet(46)) - raft.netty.dataStream.server.tls.conf = null (default)
2023-07-28 23:24:32,054 [main] INFO  netty.NettyConfigKeys$DataStream (ConfUtils.java:logGet(46)) - raft.netty.dataStream.host = null (default)
2023-07-28 23:24:32,054 [main] INFO  netty.NettyConfigKeys$DataStream (ConfUtils.java:logGet(46)) - raft.netty.dataStream.port = 15033 (custom)
2023-07-28 23:24:32,055 [main] INFO  server.RaftServerConfigKeys (ConfUtils.java:logGet(46)) - raft.server.threadpool.proxy.cached = true (default)
2023-07-28 23:24:32,056 [main] INFO  server.RaftServerConfigKeys (ConfUtils.java:logGet(46)) - raft.server.threadpool.proxy.size = 0 (default)
2023-07-28 23:24:32,056 [main] INFO  server.RaftServerConfigKeys (ConfUtils.java:logGet(46)) - raft.server.rpc.slowness.timeout = 300s (custom)
2023-07-28 23:24:32,057 [f6c6ca7c-f19b-4803-9287-3eefa0b50f1b-NettyServerStreamRpc-bossGroup--thread1] INFO  logging.LoggingHandler (AbstractInternalLogger.java:log(148)) - [id: 0xae7c3df8] REGISTERED
2023-07-28 23:24:32,057 [main] INFO  server.RaftServerConfigKeys (ConfUtils.java:logGet(46)) - raft.server.leaderelection.leader.step-down.wait-time = 10s (default)
2023-07-28 23:24:32,057 [f6c6ca7c-f19b-4803-9287-3eefa0b50f1b-NettyServerStreamRpc-bossGroup--thread1] INFO  logging.LoggingHandler (AbstractInternalLogger.java:log(148)) - [id: 0xae7c3df8] BIND: 0.0.0.0/0.0.0.0:15033
2023-07-28 23:24:32,057 [main] INFO  server.RaftServerConfigKeys (ConfUtils.java:logGet(46)) - raft.server.storage.dir = [/home/runner/work/ozone/ozone/hadoop-ozone/integration-test/target/test-dir/MiniOzoneClusterImpl-87b6fce1-c6a6-46a6-82b1-f7f83edcbc7c/datanode-2/data/ratis] (custom)
2023-07-28 23:24:32,057 [f6c6ca7c-f19b-4803-9287-3eefa0b50f1b-NettyServerStreamRpc-bossGroup--thread1] INFO  logging.LoggingHandler (AbstractInternalLogger.java:log(148)) - [id: 0xae7c3df8, L:/0:0:0:0:0:0:0:0:15033] ACTIVE
2023-07-28 23:24:32,058 [f6c6ca7c-f19b-4803-9287-3eefa0b50f1b-impl-thread1] INFO  server.RaftServer (RaftServerProxy.java:initGroupDir(258)) - f6c6ca7c-f19b-4803-9287-3eefa0b50f1b: found a subdirectory /home/runner/work/ozone/ozone/hadoop-ozone/integration-test/target/test-dir/MiniOzoneClusterImpl-87b6fce1-c6a6-46a6-82b1-f7f83edcbc7c/datanode-2/data/ratis/tmp
2023-07-28 23:24:32,058 [f6c6ca7c-f19b-4803-9287-3eefa0b50f1b-impl-thread1] INFO  server.RaftServer (RaftServerProxy.java:initGroupDir(263)) - f6c6ca7c-f19b-4803-9287-3eefa0b50f1b: The directory /home/runner/work/ozone/ozone/hadoop-ozone/integration-test/target/test-dir/MiniOzoneClusterImpl-87b6fce1-c6a6-46a6-82b1-f7f83edcbc7c/datanode-2/data/ratis/tmp is not a group directory; ignoring it. 
2023-07-28 23:24:32,058 [main] INFO  replication.ReplicationServer (ReplicationServer.java:<init>(81)) - Initializing replication server with thread count = 10
2023-07-28 23:24:32,060 [main] INFO  server.XceiverServerGrpc (XceiverServerGrpc.java:<init>(132)) - GrpcServer channel type EpollServerSocketChannel
2023-07-28 23:24:32,063 [main] INFO  replication.ReplicationSupervisor (ReplicationSupervisor.java:build(155)) - Initializing replication supervisor with thread count = 10
2023-07-28 23:24:32,063 [main] INFO  replication.ReplicationSupervisor (ReplicationSupervisor.java:nodeStateUpdated(307)) - Node state updated to IN_SERVICE, scaling executor pool size to 10
2023-07-28 23:24:32,076 [main] INFO  http.BaseHttpServer (BaseHttpServer.java:newHttpServer2BuilderForOzone(224)) - Starting Web-server for hddsDatanode at: http://0.0.0.0:15027
2023-07-28 23:24:32,076 [main] INFO  http.BaseHttpServer (BaseHttpServer.java:<init>(111)) - Hadoop Security Enabled: false Ozone Security Enabled: false Ozone HTTP Security Enabled: false 
2023-07-28 23:24:32,078 [main] WARN  server.AuthenticationFilter (AuthenticationFilter.java:constructSecretProvider(240)) - Unable to initialize FileSignerSecretProvider, falling back to use random secrets. Reason: Could not read signature secret file: /home/runner/hadoop-http-auth-signature-secret
2023-07-28 23:24:32,079 [main] INFO  http.HttpRequestLog (HttpRequestLog.java:getRequestLog(86)) - Http request log for http.requests.hddsDatanode is not defined
2023-07-28 23:24:32,080 [main] INFO  http.HttpServer2 (HttpServer2.java:addGlobalFilter(1031)) - Added global filter 'safety' (class=org.apache.hadoop.hdds.server.http.HttpServer2$QuotingInputFilter)
2023-07-28 23:24:32,081 [main] INFO  http.HttpServer2 (HttpServer2.java:addFilter(1007)) - Added filter static_user_filter (class=org.apache.hadoop.http.lib.StaticUserWebFilter$StaticUserFilter) to context hddsDatanode
2023-07-28 23:24:32,082 [main] INFO  http.HttpServer2 (HttpServer2.java:addFilter(1015)) - Added filter static_user_filter (class=org.apache.hadoop.http.lib.StaticUserWebFilter$StaticUserFilter) to context logs
2023-07-28 23:24:32,082 [main] INFO  http.HttpServer2 (HttpServer2.java:addFilter(1015)) - Added filter static_user_filter (class=org.apache.hadoop.http.lib.StaticUserWebFilter$StaticUserFilter) to context static
2023-07-28 23:24:32,083 [main] INFO  http.BaseHttpServer (BaseHttpServer.java:<init>(190)) - HTTP server of hddsDatanode uses base directory /home/runner/work/ozone/ozone/hadoop-ozone/integration-test/target/test-dir/MiniOzoneClusterImpl-87b6fce1-c6a6-46a6-82b1-f7f83edcbc7c/datanode-2/meta/webserver
2023-07-28 23:24:32,083 [main] INFO  http.HttpServer2 (HttpServer2.java:bindListener(1250)) - Jetty bound to port 15027
2023-07-28 23:24:32,084 [main] INFO  server.Server (Server.java:doStart(375)) - jetty-9.4.51.v20230217; built: 2023-02-17T08:19:37.309Z; git: b45c405e4544384de066f814ed42ae3dceacdd49; jvm 1.8.0_372-b07
2023-07-28 23:24:32,085 [main] INFO  server.session (DefaultSessionIdManager.java:doStart(334)) - DefaultSessionIdManager workerName=node0
2023-07-28 23:24:32,085 [main] INFO  server.session (DefaultSessionIdManager.java:doStart(339)) - No SessionScavenger set, using defaults
2023-07-28 23:24:32,086 [main] INFO  server.session (HouseKeeper.java:startScavenging(132)) - node0 Scavenging every 660000ms
2023-07-28 23:24:32,089 [main] INFO  handler.ContextHandler (ContextHandler.java:doStart(921)) - Started o.e.j.s.ServletContextHandler@7f824067{logs,/logs,file:///home/runner/work/ozone/ozone/hadoop-ozone/integration-test/target/log,AVAILABLE}
2023-07-28 23:24:32,089 [main] INFO  handler.ContextHandler (ContextHandler.java:doStart(921)) - Started o.e.j.s.ServletContextHandler@2bde140b{static,/static,jar:file:/home/runner/.m2/repository/org/apache/ozone/hdds-container-service/1.4.0-SNAPSHOT/hdds-container-service-1.4.0-SNAPSHOT.jar!/webapps/static,AVAILABLE}
2023-07-28 23:24:32,321 [main] INFO  handler.ContextHandler (ContextHandler.java:doStart(921)) - Started o.e.j.w.WebAppContext@607f76a1{hddsDatanode,/,file:///home/runner/work/ozone/ozone/hadoop-ozone/integration-test/target/test-dir/MiniOzoneClusterImpl-87b6fce1-c6a6-46a6-82b1-f7f83edcbc7c/datanode-2/meta/webserver/jetty-0_0_0_0-15027-hdds-container-service-1_4_0-SNAPSHOT_jar-_-any-1349511629496697406/webapp/,AVAILABLE}{jar:file:/home/runner/.m2/repository/org/apache/ozone/hdds-container-service/1.4.0-SNAPSHOT/hdds-container-service-1.4.0-SNAPSHOT.jar!/webapps/hddsDatanode}
2023-07-28 23:24:32,323 [main] INFO  server.AbstractConnector (AbstractConnector.java:doStart(333)) - Started ServerConnector@b53b6c8{HTTP/1.1, (http/1.1)}{0.0.0.0:15027}
2023-07-28 23:24:32,324 [main] INFO  server.Server (Server.java:doStart(415)) - Started @11868ms
2023-07-28 23:24:32,324 [main] WARN  impl.MetricsSystemImpl (MetricsSystemImpl.java:register(279)) - Sink prometheus already exists!
2023-07-28 23:24:32,325 [main] INFO  http.BaseHttpServer (BaseHttpServer.java:updateConnectorAddress(344)) - HTTP server of hddsDatanode listening at http://0.0.0.0:15027
2023-07-28 23:24:32,325 [main] INFO  ipc.CallQueueManager (CallQueueManager.java:<init>(90)) - Using callQueue: class java.util.concurrent.LinkedBlockingQueue, queueCapacity: 100, scheduler: class org.apache.hadoop.ipc.DefaultRpcScheduler, ipcBackoff: false.
2023-07-28 23:24:32,325 [main] INFO  ipc.Server (Server.java:<init>(1287)) - Listener at 0.0.0.0:15028
2023-07-28 23:24:32,327 [Socket Reader #1 for port 15028] INFO  ipc.Server (Server.java:run(1323)) - Starting Socket Reader #1 for port 15028
2023-07-28 23:24:32,330 [main] INFO  ozone.HddsDatanodeService (HddsDatanodeService.java:start(315)) - Datanode start with admins: [runner]
2023-07-28 23:24:32,330 [main] INFO  ozone.HddsDatanodeClientProtocolServer (HddsDatanodeClientProtocolServer.java:start(72)) - RPC server for Client /0.0.0.0:15028
2023-07-28 23:24:32,331 [IPC Server Responder] INFO  ipc.Server (Server.java:run(1562)) - IPC Server Responder: starting
2023-07-28 23:24:32,331 [IPC Server listener on 15028] INFO  ipc.Server (Server.java:run(1402)) - IPC Server listener on 15028: starting
2023-07-28 23:24:32,334 [Datanode State Machine Daemon Thread] INFO  statemachine.DatanodeStateMachine (DatanodeStateMachine.java:lambda$startDaemon$0(538)) - Ozone container server started.
2023-07-28 23:24:32,337 [main] INFO  ozone.MiniOzoneClusterImpl (MiniOzoneClusterImpl.java:lambda$waitForClusterToBeReady$0(224)) - Waiting for nodes to be ready. Got 0 of 3 DN Heartbeats.
2023-07-28 23:24:32,338 [main] INFO  ozone.MiniOzoneClusterImpl (MiniOzoneClusterImpl.java:lambda$waitForClusterToBeReady$0(227)) - Waiting for cluster to exit safe mode
2023-07-28 23:24:32,338 [main] INFO  ozone.MiniOzoneClusterImpl (MiniOzoneClusterImpl.java:lambda$waitForClusterToBeReady$0(229)) - SCM became leader
2023-07-28 23:24:32,345 [Datanode State Machine Task Thread - 0] INFO  datanode.InitDatanodeState (InitDatanodeState.java:persistContainerDatanodeDetails(138)) - DatanodeDetails is persisted to /home/runner/work/ozone/ozone/hadoop-ozone/integration-test/target/test-dir/MiniOzoneClusterImpl-87b6fce1-c6a6-46a6-82b1-f7f83edcbc7c/datanode-2/meta/datanode.id
2023-07-28 23:24:33,338 [main] INFO  ozone.MiniOzoneClusterImpl (MiniOzoneClusterImpl.java:lambda$waitForClusterToBeReady$0(224)) - Waiting for nodes to be ready. Got 0 of 3 DN Heartbeats.
2023-07-28 23:24:33,339 [main] INFO  ozone.MiniOzoneClusterImpl (MiniOzoneClusterImpl.java:lambda$waitForClusterToBeReady$0(227)) - Waiting for cluster to exit safe mode
2023-07-28 23:24:33,339 [main] INFO  ozone.MiniOzoneClusterImpl (MiniOzoneClusterImpl.java:lambda$waitForClusterToBeReady$0(229)) - SCM became leader
2023-07-28 23:24:33,574 [EndpointStateMachine task thread for /0.0.0.0:15002 - 0 ] INFO  utils.DatanodeStoreCache (DatanodeStoreCache.java:addDB(66)) - Added db /home/runner/work/ozone/ozone/hadoop-ozone/integration-test/target/test-dir/MiniOzoneClusterImpl-87b6fce1-c6a6-46a6-82b1-f7f83edcbc7c/datanode-0/data-0/containers/hdds/87b6fce1-c6a6-46a6-82b1-f7f83edcbc7c/DS-2104f03c-0aa4-4efc-9592-7e4c3001bd15/container.db to cache
2023-07-28 23:24:33,575 [EndpointStateMachine task thread for /0.0.0.0:15002 - 0 ] INFO  volume.HddsVolume (HddsVolume.java:createDbStore(422)) - SchemaV3 db is created and loaded at /home/runner/work/ozone/ozone/hadoop-ozone/integration-test/target/test-dir/MiniOzoneClusterImpl-87b6fce1-c6a6-46a6-82b1-f7f83edcbc7c/datanode-0/data-0/containers/hdds/87b6fce1-c6a6-46a6-82b1-f7f83edcbc7c/DS-2104f03c-0aa4-4efc-9592-7e4c3001bd15/container.db for volume DS-2104f03c-0aa4-4efc-9592-7e4c3001bd15
2023-07-28 23:24:33,578 [EndpointStateMachine task thread for /0.0.0.0:15002 - 0 ] INFO  volume.ThrottledAsyncChecker (ThrottledAsyncChecker.java:schedule(141)) - Scheduling a check for /home/runner/work/ozone/ozone/hadoop-ozone/integration-test/target/test-dir/MiniOzoneClusterImpl-87b6fce1-c6a6-46a6-82b1-f7f83edcbc7c/datanode-0/data-0/containers/hdds
2023-07-28 23:24:33,606 [EndpointStateMachine task thread for /0.0.0.0:15002 - 0 ] INFO  volume.StorageVolumeChecker (StorageVolumeChecker.java:checkAllVolumes(213)) - Scheduled health check for volume /home/runner/work/ozone/ozone/hadoop-ozone/integration-test/target/test-dir/MiniOzoneClusterImpl-87b6fce1-c6a6-46a6-82b1-f7f83edcbc7c/datanode-0/data-0/containers/hdds
2023-07-28 23:24:33,609 [EndpointStateMachine task thread for /0.0.0.0:15002 - 0 ] INFO  volume.ThrottledAsyncChecker (ThrottledAsyncChecker.java:schedule(141)) - Scheduling a check for /home/runner/work/ozone/ozone/hadoop-ozone/integration-test/target/test-dir/MiniOzoneClusterImpl-87b6fce1-c6a6-46a6-82b1-f7f83edcbc7c/datanode-0/data/ratis
2023-07-28 23:24:33,609 [EndpointStateMachine task thread for /0.0.0.0:15002 - 0 ] INFO  volume.StorageVolumeChecker (StorageVolumeChecker.java:checkAllVolumes(213)) - Scheduled health check for volume /home/runner/work/ozone/ozone/hadoop-ozone/integration-test/target/test-dir/MiniOzoneClusterImpl-87b6fce1-c6a6-46a6-82b1-f7f83edcbc7c/datanode-0/data/ratis
2023-07-28 23:24:33,611 [EndpointStateMachine task thread for /0.0.0.0:15002 - 0 ] INFO  ozoneimpl.OzoneContainer (OzoneContainer.java:start(431)) - Attempting to start container services.
2023-07-28 23:24:33,613 [EndpointStateMachine task thread for /0.0.0.0:15002 - 0 ] INFO  ozoneimpl.OzoneContainer (OzoneContainer.java:startContainerScrub(327)) - Scheduled background container scanners and the on-demand container scanner have been disabled.
2023-07-28 23:24:33,615 [EndpointStateMachine task thread for /0.0.0.0:15002 - 0 ] INFO  replication.ReplicationServer (ReplicationServer.java:start(130)) - ReplicationServer is started using port 15016
2023-07-28 23:24:33,616 [EndpointStateMachine task thread for /0.0.0.0:15002 - 0 ] INFO  ratis.XceiverServerRatis (XceiverServerRatis.java:start(517)) - Starting XceiverServerRatis 0c3903ae-4b96-4c44-85fb-f5bdd10725bb
2023-07-28 23:24:33,618 [EndpointStateMachine task thread for /0.0.0.0:15002 - 0 ] INFO  server.RaftServer (RaftServerProxy.java:startImpl(400)) - 0c3903ae-4b96-4c44-85fb-f5bdd10725bb: start RPC server
2023-07-28 23:24:33,621 [EndpointStateMachine task thread for /0.0.0.0:15002 - 0 ] INFO  server.GrpcService (GrpcService.java:startImpl(302)) - 0c3903ae-4b96-4c44-85fb-f5bdd10725bb: GrpcService started, listening on 15012
2023-07-28 23:24:33,623 [EndpointStateMachine task thread for /0.0.0.0:15002 - 0 ] INFO  server.GrpcService (GrpcService.java:startImpl(302)) - 0c3903ae-4b96-4c44-85fb-f5bdd10725bb: GrpcService started, listening on 15014
2023-07-28 23:24:33,625 [EndpointStateMachine task thread for /0.0.0.0:15002 - 0 ] INFO  server.GrpcService (GrpcService.java:startImpl(302)) - 0c3903ae-4b96-4c44-85fb-f5bdd10725bb: GrpcService started, listening on 15013
2023-07-28 23:24:33,625 [EndpointStateMachine task thread for /0.0.0.0:15002 - 0 ] INFO  ratis.XceiverServerRatis (XceiverServerRatis.java:getRealPort(543)) - XceiverServerRatis 0c3903ae-4b96-4c44-85fb-f5bdd10725bb is started using port 15012 for RATIS
2023-07-28 23:24:33,625 [EndpointStateMachine task thread for /0.0.0.0:15002 - 0 ] INFO  ratis.XceiverServerRatis (XceiverServerRatis.java:getRealPort(543)) - XceiverServerRatis 0c3903ae-4b96-4c44-85fb-f5bdd10725bb is started using port 15013 for RATIS_ADMIN
2023-07-28 23:24:33,625 [JvmPauseMonitor2] INFO  util.JvmPauseMonitor (JvmPauseMonitor.java:run(103)) - JvmPauseMonitor-0c3903ae-4b96-4c44-85fb-f5bdd10725bb: Started
2023-07-28 23:24:33,625 [EndpointStateMachine task thread for /0.0.0.0:15002 - 0 ] INFO  ratis.XceiverServerRatis (XceiverServerRatis.java:getRealPort(543)) - XceiverServerRatis 0c3903ae-4b96-4c44-85fb-f5bdd10725bb is started using port 15014 for RATIS_SERVER
2023-07-28 23:24:33,627 [EndpointStateMachine task thread for /0.0.0.0:15002 - 0 ] INFO  ratis.XceiverServerRatis (XceiverServerRatis.java:getRealPort(543)) - XceiverServerRatis 0c3903ae-4b96-4c44-85fb-f5bdd10725bb is started using port 15015 for RATIS_DATASTREAM
2023-07-28 23:24:33,640 [BlockDeletingService#0] INFO  interfaces.ContainerDeletionChoosingPolicyTemplate (ContainerDeletionChoosingPolicyTemplate.java:chooseContainerForBlockDeletion(83)) - Chosen 0/5000 blocks from 0 candidate containers.
2023-07-28 23:24:34,056 [EndpointStateMachine task thread for /0.0.0.0:15002 - 0 ] INFO  utils.DatanodeStoreCache (DatanodeStoreCache.java:addDB(66)) - Added db /home/runner/work/ozone/ozone/hadoop-ozone/integration-test/target/test-dir/MiniOzoneClusterImpl-87b6fce1-c6a6-46a6-82b1-f7f83edcbc7c/datanode-1/data-0/containers/hdds/87b6fce1-c6a6-46a6-82b1-f7f83edcbc7c/DS-83d35604-bcf4-475b-b45f-ce0b9fb302c0/container.db to cache
2023-07-28 23:24:34,056 [EndpointStateMachine task thread for /0.0.0.0:15002 - 0 ] INFO  volume.HddsVolume (HddsVolume.java:createDbStore(422)) - SchemaV3 db is created and loaded at /home/runner/work/ozone/ozone/hadoop-ozone/integration-test/target/test-dir/MiniOzoneClusterImpl-87b6fce1-c6a6-46a6-82b1-f7f83edcbc7c/datanode-1/data-0/containers/hdds/87b6fce1-c6a6-46a6-82b1-f7f83edcbc7c/DS-83d35604-bcf4-475b-b45f-ce0b9fb302c0/container.db for volume DS-83d35604-bcf4-475b-b45f-ce0b9fb302c0
2023-07-28 23:24:34,065 [EndpointStateMachine task thread for /0.0.0.0:15002 - 0 ] INFO  volume.ThrottledAsyncChecker (ThrottledAsyncChecker.java:schedule(141)) - Scheduling a check for /home/runner/work/ozone/ozone/hadoop-ozone/integration-test/target/test-dir/MiniOzoneClusterImpl-87b6fce1-c6a6-46a6-82b1-f7f83edcbc7c/datanode-1/data-0/containers/hdds
2023-07-28 23:24:34,075 [EndpointStateMachine task thread for /0.0.0.0:15002 - 0 ] INFO  volume.StorageVolumeChecker (StorageVolumeChecker.java:checkAllVolumes(213)) - Scheduled health check for volume /home/runner/work/ozone/ozone/hadoop-ozone/integration-test/target/test-dir/MiniOzoneClusterImpl-87b6fce1-c6a6-46a6-82b1-f7f83edcbc7c/datanode-1/data-0/containers/hdds
2023-07-28 23:24:34,081 [EndpointStateMachine task thread for /0.0.0.0:15002 - 0 ] INFO  volume.ThrottledAsyncChecker (ThrottledAsyncChecker.java:schedule(141)) - Scheduling a check for /home/runner/work/ozone/ozone/hadoop-ozone/integration-test/target/test-dir/MiniOzoneClusterImpl-87b6fce1-c6a6-46a6-82b1-f7f83edcbc7c/datanode-1/data/ratis
2023-07-28 23:24:34,081 [EndpointStateMachine task thread for /0.0.0.0:15002 - 0 ] INFO  volume.StorageVolumeChecker (StorageVolumeChecker.java:checkAllVolumes(213)) - Scheduled health check for volume /home/runner/work/ozone/ozone/hadoop-ozone/integration-test/target/test-dir/MiniOzoneClusterImpl-87b6fce1-c6a6-46a6-82b1-f7f83edcbc7c/datanode-1/data/ratis
2023-07-28 23:24:34,084 [EndpointStateMachine task thread for /0.0.0.0:15002 - 0 ] INFO  ozoneimpl.OzoneContainer (OzoneContainer.java:start(431)) - Attempting to start container services.
2023-07-28 23:24:34,084 [EndpointStateMachine task thread for /0.0.0.0:15002 - 0 ] INFO  ozoneimpl.OzoneContainer (OzoneContainer.java:startContainerScrub(327)) - Scheduled background container scanners and the on-demand container scanner have been disabled.
2023-07-28 23:24:34,086 [EndpointStateMachine task thread for /0.0.0.0:15002 - 0 ] INFO  replication.ReplicationServer (ReplicationServer.java:start(130)) - ReplicationServer is started using port 15025
2023-07-28 23:24:34,086 [EndpointStateMachine task thread for /0.0.0.0:15002 - 0 ] INFO  ratis.XceiverServerRatis (XceiverServerRatis.java:start(517)) - Starting XceiverServerRatis d133bf18-6a62-47fd-9fac-e73e51a269ad
2023-07-28 23:24:34,090 [EndpointStateMachine task thread for /0.0.0.0:15002 - 0 ] INFO  server.RaftServer (RaftServerProxy.java:startImpl(400)) - d133bf18-6a62-47fd-9fac-e73e51a269ad: start RPC server
2023-07-28 23:24:34,095 [EndpointStateMachine task thread for /0.0.0.0:15002 - 0 ] INFO  server.GrpcService (GrpcService.java:startImpl(302)) - d133bf18-6a62-47fd-9fac-e73e51a269ad: GrpcService started, listening on 15021
2023-07-28 23:24:34,097 [EndpointStateMachine task thread for /0.0.0.0:15002 - 0 ] INFO  server.GrpcService (GrpcService.java:startImpl(302)) - d133bf18-6a62-47fd-9fac-e73e51a269ad: GrpcService started, listening on 15023
2023-07-28 23:24:34,100 [EndpointStateMachine task thread for /0.0.0.0:15002 - 0 ] INFO  server.GrpcService (GrpcService.java:startImpl(302)) - d133bf18-6a62-47fd-9fac-e73e51a269ad: GrpcService started, listening on 15022
2023-07-28 23:24:34,101 [EndpointStateMachine task thread for /0.0.0.0:15002 - 0 ] INFO  ratis.XceiverServerRatis (XceiverServerRatis.java:getRealPort(543)) - XceiverServerRatis d133bf18-6a62-47fd-9fac-e73e51a269ad is started using port 15021 for RATIS
2023-07-28 23:24:34,101 [JvmPauseMonitor3] INFO  util.JvmPauseMonitor (JvmPauseMonitor.java:run(103)) - JvmPauseMonitor-d133bf18-6a62-47fd-9fac-e73e51a269ad: Started
2023-07-28 23:24:34,101 [EndpointStateMachine task thread for /0.0.0.0:15002 - 0 ] INFO  ratis.XceiverServerRatis (XceiverServerRatis.java:getRealPort(543)) - XceiverServerRatis d133bf18-6a62-47fd-9fac-e73e51a269ad is started using port 15022 for RATIS_ADMIN
2023-07-28 23:24:34,101 [EndpointStateMachine task thread for /0.0.0.0:15002 - 0 ] INFO  ratis.XceiverServerRatis (XceiverServerRatis.java:getRealPort(543)) - XceiverServerRatis d133bf18-6a62-47fd-9fac-e73e51a269ad is started using port 15023 for RATIS_SERVER
2023-07-28 23:24:34,101 [EndpointStateMachine task thread for /0.0.0.0:15002 - 0 ] INFO  ratis.XceiverServerRatis (XceiverServerRatis.java:getRealPort(543)) - XceiverServerRatis d133bf18-6a62-47fd-9fac-e73e51a269ad is started using port 15024 for RATIS_DATASTREAM
2023-07-28 23:24:34,105 [BlockDeletingService#0] INFO  interfaces.ContainerDeletionChoosingPolicyTemplate (ContainerDeletionChoosingPolicyTemplate.java:chooseContainerForBlockDeletion(83)) - Chosen 0/5000 blocks from 0 candidate containers.
2023-07-28 23:24:34,339 [main] INFO  ozone.MiniOzoneClusterImpl (MiniOzoneClusterImpl.java:lambda$waitForClusterToBeReady$0(224)) - Waiting for nodes to be ready. Got 0 of 3 DN Heartbeats.
2023-07-28 23:24:34,340 [main] INFO  ozone.MiniOzoneClusterImpl (MiniOzoneClusterImpl.java:lambda$waitForClusterToBeReady$0(227)) - Waiting for cluster to exit safe mode
2023-07-28 23:24:34,340 [main] INFO  ozone.MiniOzoneClusterImpl (MiniOzoneClusterImpl.java:lambda$waitForClusterToBeReady$0(229)) - SCM became leader
2023-07-28 23:24:34,409 [EndpointStateMachine task thread for /0.0.0.0:15002 - 0 ] INFO  utils.DatanodeStoreCache (DatanodeStoreCache.java:addDB(66)) - Added db /home/runner/work/ozone/ozone/hadoop-ozone/integration-test/target/test-dir/MiniOzoneClusterImpl-87b6fce1-c6a6-46a6-82b1-f7f83edcbc7c/datanode-2/data-0/containers/hdds/87b6fce1-c6a6-46a6-82b1-f7f83edcbc7c/DS-3c52241d-3e63-4e2d-9507-523b7dab82cf/container.db to cache
2023-07-28 23:24:34,410 [EndpointStateMachine task thread for /0.0.0.0:15002 - 0 ] INFO  volume.HddsVolume (HddsVolume.java:createDbStore(422)) - SchemaV3 db is created and loaded at /home/runner/work/ozone/ozone/hadoop-ozone/integration-test/target/test-dir/MiniOzoneClusterImpl-87b6fce1-c6a6-46a6-82b1-f7f83edcbc7c/datanode-2/data-0/containers/hdds/87b6fce1-c6a6-46a6-82b1-f7f83edcbc7c/DS-3c52241d-3e63-4e2d-9507-523b7dab82cf/container.db for volume DS-3c52241d-3e63-4e2d-9507-523b7dab82cf
2023-07-28 23:24:34,412 [EndpointStateMachine task thread for /0.0.0.0:15002 - 0 ] INFO  volume.ThrottledAsyncChecker (ThrottledAsyncChecker.java:schedule(141)) - Scheduling a check for /home/runner/work/ozone/ozone/hadoop-ozone/integration-test/target/test-dir/MiniOzoneClusterImpl-87b6fce1-c6a6-46a6-82b1-f7f83edcbc7c/datanode-2/data-0/containers/hdds
2023-07-28 23:24:34,412 [EndpointStateMachine task thread for /0.0.0.0:15002 - 0 ] INFO  volume.StorageVolumeChecker (StorageVolumeChecker.java:checkAllVolumes(213)) - Scheduled health check for volume /home/runner/work/ozone/ozone/hadoop-ozone/integration-test/target/test-dir/MiniOzoneClusterImpl-87b6fce1-c6a6-46a6-82b1-f7f83edcbc7c/datanode-2/data-0/containers/hdds
2023-07-28 23:24:34,420 [EndpointStateMachine task thread for /0.0.0.0:15002 - 0 ] INFO  volume.ThrottledAsyncChecker (ThrottledAsyncChecker.java:schedule(141)) - Scheduling a check for /home/runner/work/ozone/ozone/hadoop-ozone/integration-test/target/test-dir/MiniOzoneClusterImpl-87b6fce1-c6a6-46a6-82b1-f7f83edcbc7c/datanode-2/data/ratis
2023-07-28 23:24:34,420 [EndpointStateMachine task thread for /0.0.0.0:15002 - 0 ] INFO  volume.StorageVolumeChecker (StorageVolumeChecker.java:checkAllVolumes(213)) - Scheduled health check for volume /home/runner/work/ozone/ozone/hadoop-ozone/integration-test/target/test-dir/MiniOzoneClusterImpl-87b6fce1-c6a6-46a6-82b1-f7f83edcbc7c/datanode-2/data/ratis
2023-07-28 23:24:34,422 [EndpointStateMachine task thread for /0.0.0.0:15002 - 0 ] INFO  ozoneimpl.OzoneContainer (OzoneContainer.java:start(431)) - Attempting to start container services.
2023-07-28 23:24:34,422 [EndpointStateMachine task thread for /0.0.0.0:15002 - 0 ] INFO  ozoneimpl.OzoneContainer (OzoneContainer.java:startContainerScrub(327)) - Scheduled background container scanners and the on-demand container scanner have been disabled.
2023-07-28 23:24:34,424 [EndpointStateMachine task thread for /0.0.0.0:15002 - 0 ] INFO  replication.ReplicationServer (ReplicationServer.java:start(130)) - ReplicationServer is started using port 15034
2023-07-28 23:24:34,424 [EndpointStateMachine task thread for /0.0.0.0:15002 - 0 ] INFO  ratis.XceiverServerRatis (XceiverServerRatis.java:start(517)) - Starting XceiverServerRatis f6c6ca7c-f19b-4803-9287-3eefa0b50f1b
2023-07-28 23:24:34,426 [EndpointStateMachine task thread for /0.0.0.0:15002 - 0 ] INFO  server.RaftServer (RaftServerProxy.java:startImpl(400)) - f6c6ca7c-f19b-4803-9287-3eefa0b50f1b: start RPC server
2023-07-28 23:24:34,427 [EndpointStateMachine task thread for /0.0.0.0:15002 - 0 ] INFO  server.GrpcService (GrpcService.java:startImpl(302)) - f6c6ca7c-f19b-4803-9287-3eefa0b50f1b: GrpcService started, listening on 15030
2023-07-28 23:24:34,429 [EndpointStateMachine task thread for /0.0.0.0:15002 - 0 ] INFO  server.GrpcService (GrpcService.java:startImpl(302)) - f6c6ca7c-f19b-4803-9287-3eefa0b50f1b: GrpcService started, listening on 15032
2023-07-28 23:24:34,433 [EndpointStateMachine task thread for /0.0.0.0:15002 - 0 ] INFO  server.GrpcService (GrpcService.java:startImpl(302)) - f6c6ca7c-f19b-4803-9287-3eefa0b50f1b: GrpcService started, listening on 15031
2023-07-28 23:24:34,433 [EndpointStateMachine task thread for /0.0.0.0:15002 - 0 ] INFO  ratis.XceiverServerRatis (XceiverServerRatis.java:getRealPort(543)) - XceiverServerRatis f6c6ca7c-f19b-4803-9287-3eefa0b50f1b is started using port 15030 for RATIS
2023-07-28 23:24:34,433 [JvmPauseMonitor4] INFO  util.JvmPauseMonitor (JvmPauseMonitor.java:run(103)) - JvmPauseMonitor-f6c6ca7c-f19b-4803-9287-3eefa0b50f1b: Started
2023-07-28 23:24:34,433 [EndpointStateMachine task thread for /0.0.0.0:15002 - 0 ] INFO  ratis.XceiverServerRatis (XceiverServerRatis.java:getRealPort(543)) - XceiverServerRatis f6c6ca7c-f19b-4803-9287-3eefa0b50f1b is started using port 15031 for RATIS_ADMIN
2023-07-28 23:24:34,434 [EndpointStateMachine task thread for /0.0.0.0:15002 - 0 ] INFO  ratis.XceiverServerRatis (XceiverServerRatis.java:getRealPort(543)) - XceiverServerRatis f6c6ca7c-f19b-4803-9287-3eefa0b50f1b is started using port 15032 for RATIS_SERVER
2023-07-28 23:24:34,434 [EndpointStateMachine task thread for /0.0.0.0:15002 - 0 ] INFO  ratis.XceiverServerRatis (XceiverServerRatis.java:getRealPort(543)) - XceiverServerRatis f6c6ca7c-f19b-4803-9287-3eefa0b50f1b is started using port 15033 for RATIS_DATASTREAM
2023-07-28 23:24:34,441 [BlockDeletingService#0] INFO  interfaces.ContainerDeletionChoosingPolicyTemplate (ContainerDeletionChoosingPolicyTemplate.java:chooseContainerForBlockDeletion(83)) - Chosen 0/5000 blocks from 0 candidate containers.
2023-07-28 23:24:35,340 [main] INFO  ozone.MiniOzoneClusterImpl (MiniOzoneClusterImpl.java:lambda$waitForClusterToBeReady$0(224)) - Waiting for nodes to be ready. Got 0 of 3 DN Heartbeats.
2023-07-28 23:24:35,340 [main] INFO  ozone.MiniOzoneClusterImpl (MiniOzoneClusterImpl.java:lambda$waitForClusterToBeReady$0(227)) - Waiting for cluster to exit safe mode
2023-07-28 23:24:35,341 [main] INFO  ozone.MiniOzoneClusterImpl (MiniOzoneClusterImpl.java:lambda$waitForClusterToBeReady$0(229)) - SCM became leader
2023-07-28 23:24:35,467 [IPC Server handler 2 on default port 15002] INFO  net.NetworkTopologyImpl (NetworkTopologyImpl.java:add(112)) - Added a new node: /default-rack/0c3903ae-4b96-4c44-85fb-f5bdd10725bb
2023-07-28 23:24:35,471 [IPC Server handler 2 on default port 15002] INFO  node.SCMNodeManager (SCMNodeManager.java:register(405)) - Registered Data node : 0c3903ae-4b96-4c44-85fb-f5bdd10725bb{ip: 10.1.0.69, host: fv-az275-145.go2hi5et44qedpdz5zrtt3gknc.xx.internal.cloudapp.net, ports: [HTTP=15009, CLIENT_RPC=15010, REPLICATION=15016, RATIS=15012, RATIS_ADMIN=15013, RATIS_SERVER=15014, RATIS_DATASTREAM=15015, STANDALONE=15011], networkLocation: /default-rack, certSerialId: null, persistedOpState: null, persistedOpStateExpiryEpochSec: 0}
2023-07-28 23:24:35,474 [EventQueue-NewNodeForNewNodeHandler] INFO  pipeline.BackgroundPipelineCreator (BackgroundPipelineCreator.java:notifyEventTriggered(277)) - trigger a one-shot run on RatisPipelineUtilsThread.
2023-07-28 23:24:35,481 [EventQueue-NodeRegistrationContainerReportForDataNodeSafeModeRule] INFO  safemode.SCMSafeModeManager (DataNodeSafeModeRule.java:process(71)) - SCM in safe mode. 1 DataNodes registered, 3 required.
2023-07-28 23:24:35,481 [EventQueue-NodeRegistrationContainerReportForContainerSafeModeRule] INFO  safemode.SCMSafeModeManager (SCMSafeModeManager.java:validateSafeModeExitRules(200)) - ContainerSafeModeRule rule is successfully validated
2023-07-28 23:24:35,492 [EventQueue-PipelineReportForOneReplicaPipelineSafeModeRule] INFO  safemode.SCMSafeModeManager (SCMSafeModeManager.java:validateSafeModeExitRules(200)) - AtleastOneDatanodeReportedRule rule is successfully validated
2023-07-28 23:24:35,493 [RatisPipelineUtilsThread - 0] INFO  pipeline.RatisPipelineProvider (RatisPipelineProvider.java:lambda$create$0(206)) - Sending CreatePipelineCommand for pipeline:PipelineID=d25d7cab-3b8e-4f09-ac64-d9db9c80b3c0 to datanode:0c3903ae-4b96-4c44-85fb-f5bdd10725bb
2023-07-28 23:24:35,509 [RatisPipelineUtilsThread - 0] INFO  pipeline.BackgroundPipelineCreator (BackgroundPipelineCreator.java:createPipelines(233)) - Created new pipeline Pipeline[ Id: d25d7cab-3b8e-4f09-ac64-d9db9c80b3c0, Nodes: 0c3903ae-4b96-4c44-85fb-f5bdd10725bb(fv-az275-145.go2hi5et44qedpdz5zrtt3gknc.xx.internal.cloudapp.net/10.1.0.69), ReplicationConfig: RATIS/ONE, State:ALLOCATED, leaderId:, CreationTimestamp2023-07-28T23:24:35.492Z[Etc/UTC]]
2023-07-28 23:24:36,002 [IPC Server handler 1 on default port 15002] INFO  net.NetworkTopologyImpl (NetworkTopologyImpl.java:add(112)) - Added a new node: /default-rack/d133bf18-6a62-47fd-9fac-e73e51a269ad
2023-07-28 23:24:36,003 [IPC Server handler 1 on default port 15002] INFO  node.SCMNodeManager (SCMNodeManager.java:register(405)) - Registered Data node : d133bf18-6a62-47fd-9fac-e73e51a269ad{ip: 10.1.0.69, host: fv-az275-145.go2hi5et44qedpdz5zrtt3gknc.xx.internal.cloudapp.net, ports: [HTTP=15018, CLIENT_RPC=15019, REPLICATION=15025, RATIS=15021, RATIS_ADMIN=15022, RATIS_SERVER=15023, RATIS_DATASTREAM=15024, STANDALONE=15020], networkLocation: /default-rack, certSerialId: null, persistedOpState: null, persistedOpStateExpiryEpochSec: 0}
2023-07-28 23:24:36,004 [EventQueue-NodeRegistrationContainerReportForDataNodeSafeModeRule] INFO  safemode.SCMSafeModeManager (DataNodeSafeModeRule.java:process(71)) - SCM in safe mode. 2 DataNodes registered, 3 required.
2023-07-28 23:24:36,004 [EventQueue-NewNodeForNewNodeHandler] INFO  pipeline.BackgroundPipelineCreator (BackgroundPipelineCreator.java:notifyEventTriggered(277)) - trigger a one-shot run on RatisPipelineUtilsThread.
2023-07-28 23:24:36,006 [RatisPipelineUtilsThread - 0] INFO  pipeline.RatisPipelineProvider (RatisPipelineProvider.java:lambda$create$0(206)) - Sending CreatePipelineCommand for pipeline:PipelineID=ff7162b4-795e-4ba8-9398-fd18c3cced4d to datanode:d133bf18-6a62-47fd-9fac-e73e51a269ad
2023-07-28 23:24:36,008 [RatisPipelineUtilsThread - 0] INFO  pipeline.BackgroundPipelineCreator (BackgroundPipelineCreator.java:createPipelines(233)) - Created new pipeline Pipeline[ Id: ff7162b4-795e-4ba8-9398-fd18c3cced4d, Nodes: d133bf18-6a62-47fd-9fac-e73e51a269ad(fv-az275-145.go2hi5et44qedpdz5zrtt3gknc.xx.internal.cloudapp.net/10.1.0.69), ReplicationConfig: RATIS/ONE, State:ALLOCATED, leaderId:, CreationTimestamp2023-07-28T23:24:36.006Z[Etc/UTC]]
2023-07-28 23:24:36,341 [main] INFO  ozone.MiniOzoneClusterImpl (MiniOzoneClusterImpl.java:lambda$waitForClusterToBeReady$0(224)) - Waiting for nodes to be ready. Got 2 of 3 DN Heartbeats.
2023-07-28 23:24:36,341 [main] INFO  ozone.MiniOzoneClusterImpl (MiniOzoneClusterImpl.java:lambda$waitForClusterToBeReady$0(227)) - Waiting for cluster to exit safe mode
2023-07-28 23:24:36,342 [main] INFO  ozone.MiniOzoneClusterImpl (MiniOzoneClusterImpl.java:lambda$waitForClusterToBeReady$0(229)) - SCM became leader
2023-07-28 23:24:36,345 [IPC Server handler 3 on default port 15002] INFO  net.NetworkTopologyImpl (NetworkTopologyImpl.java:add(112)) - Added a new node: /default-rack/f6c6ca7c-f19b-4803-9287-3eefa0b50f1b
2023-07-28 23:24:36,345 [IPC Server handler 3 on default port 15002] INFO  node.SCMNodeManager (SCMNodeManager.java:register(405)) - Registered Data node : f6c6ca7c-f19b-4803-9287-3eefa0b50f1b{ip: 10.1.0.69, host: fv-az275-145.go2hi5et44qedpdz5zrtt3gknc.xx.internal.cloudapp.net, ports: [HTTP=15027, CLIENT_RPC=15028, REPLICATION=15034, RATIS=15030, RATIS_ADMIN=15031, RATIS_SERVER=15032, RATIS_DATASTREAM=15033, STANDALONE=15029], networkLocation: /default-rack, certSerialId: null, persistedOpState: null, persistedOpStateExpiryEpochSec: 0}
2023-07-28 23:24:36,345 [EventQueue-NewNodeForNewNodeHandler] INFO  pipeline.BackgroundPipelineCreator (BackgroundPipelineCreator.java:notifyEventTriggered(277)) - trigger a one-shot run on RatisPipelineUtilsThread.
2023-07-28 23:24:36,346 [EventQueue-NodeRegistrationContainerReportForDataNodeSafeModeRule] INFO  safemode.SCMSafeModeManager (DataNodeSafeModeRule.java:process(71)) - SCM in safe mode. 3 DataNodes registered, 3 required.
2023-07-28 23:24:36,347 [EventQueue-NodeRegistrationContainerReportForDataNodeSafeModeRule] INFO  safemode.SCMSafeModeManager (SCMSafeModeManager.java:validateSafeModeExitRules(200)) - DataNodeSafeModeRule rule is successfully validated
2023-07-28 23:24:36,348 [EventQueue-NodeRegistrationContainerReportForDataNodeSafeModeRule] INFO  safemode.SCMSafeModeManager (SCMSafeModeManager.java:completePreCheck(229)) - All SCM safe mode pre check rules have passed
2023-07-28 23:24:36,348 [EventQueue-NodeRegistrationContainerReportForDataNodeSafeModeRule] INFO  ha.SCMContext (SCMContext.java:updateSafeModeStatus(228)) - Update SafeModeStatus from SafeModeStatus{safeModeStatus=true, preCheckPassed=false} to SafeModeStatus{safeModeStatus=true, preCheckPassed=true}.
2023-07-28 23:24:36,348 [EventQueue-NodeRegistrationContainerReportForDataNodeSafeModeRule] INFO  pipeline.BackgroundPipelineCreator (BackgroundPipelineCreator.java:notifyEventTriggered(277)) - trigger a one-shot run on RatisPipelineUtilsThread.
2023-07-28 23:24:36,348 [RatisPipelineUtilsThread - 0] INFO  pipeline.RatisPipelineProvider (RatisPipelineProvider.java:lambda$create$0(206)) - Sending CreatePipelineCommand for pipeline:PipelineID=6cd44ab4-36fc-474e-a774-a523b75eec7e to datanode:f6c6ca7c-f19b-4803-9287-3eefa0b50f1b
2023-07-28 23:24:36,350 [RatisPipelineUtilsThread - 0] INFO  pipeline.BackgroundPipelineCreator (BackgroundPipelineCreator.java:createPipelines(233)) - Created new pipeline Pipeline[ Id: 6cd44ab4-36fc-474e-a774-a523b75eec7e, Nodes: f6c6ca7c-f19b-4803-9287-3eefa0b50f1b(fv-az275-145.go2hi5et44qedpdz5zrtt3gknc.xx.internal.cloudapp.net/10.1.0.69), ReplicationConfig: RATIS/ONE, State:ALLOCATED, leaderId:, CreationTimestamp2023-07-28T23:24:36.348Z[Etc/UTC]]
2023-07-28 23:24:36,359 [RatisPipelineUtilsThread - 0] INFO  pipeline.RatisPipelineProvider (RatisPipelineProvider.java:lambda$create$0(206)) - Sending CreatePipelineCommand for pipeline:PipelineID=75a335ff-68e4-400d-bdc7-60040ce1cee4 to datanode:0c3903ae-4b96-4c44-85fb-f5bdd10725bb
2023-07-28 23:24:36,359 [RatisPipelineUtilsThread - 0] INFO  pipeline.RatisPipelineProvider (RatisPipelineProvider.java:lambda$create$0(206)) - Sending CreatePipelineCommand for pipeline:PipelineID=75a335ff-68e4-400d-bdc7-60040ce1cee4 to datanode:f6c6ca7c-f19b-4803-9287-3eefa0b50f1b
2023-07-28 23:24:36,359 [RatisPipelineUtilsThread - 0] INFO  pipeline.RatisPipelineProvider (RatisPipelineProvider.java:lambda$create$0(206)) - Sending CreatePipelineCommand for pipeline:PipelineID=75a335ff-68e4-400d-bdc7-60040ce1cee4 to datanode:d133bf18-6a62-47fd-9fac-e73e51a269ad
2023-07-28 23:24:36,365 [RatisPipelineUtilsThread - 0] INFO  pipeline.BackgroundPipelineCreator (BackgroundPipelineCreator.java:createPipelines(233)) - Created new pipeline Pipeline[ Id: 75a335ff-68e4-400d-bdc7-60040ce1cee4, Nodes: 0c3903ae-4b96-4c44-85fb-f5bdd10725bb(fv-az275-145.go2hi5et44qedpdz5zrtt3gknc.xx.internal.cloudapp.net/10.1.0.69)f6c6ca7c-f19b-4803-9287-3eefa0b50f1b(fv-az275-145.go2hi5et44qedpdz5zrtt3gknc.xx.internal.cloudapp.net/10.1.0.69)d133bf18-6a62-47fd-9fac-e73e51a269ad(fv-az275-145.go2hi5et44qedpdz5zrtt3gknc.xx.internal.cloudapp.net/10.1.0.69), ReplicationConfig: RATIS/THREE, State:ALLOCATED, leaderId:, CreationTimestamp2023-07-28T23:24:36.359Z[Etc/UTC]]
2023-07-28 23:24:36,367 [RatisPipelineUtilsThread - 0] INFO  pipeline.RatisPipelineProvider (RatisPipelineProvider.java:lambda$create$0(206)) - Sending CreatePipelineCommand for pipeline:PipelineID=4b18a500-a533-4085-8d3e-0f1a09aa3450 to datanode:d133bf18-6a62-47fd-9fac-e73e51a269ad
2023-07-28 23:24:36,367 [RatisPipelineUtilsThread - 0] INFO  pipeline.RatisPipelineProvider (RatisPipelineProvider.java:lambda$create$0(206)) - Sending CreatePipelineCommand for pipeline:PipelineID=4b18a500-a533-4085-8d3e-0f1a09aa3450 to datanode:0c3903ae-4b96-4c44-85fb-f5bdd10725bb
2023-07-28 23:24:36,367 [RatisPipelineUtilsThread - 0] INFO  pipeline.RatisPipelineProvider (RatisPipelineProvider.java:lambda$create$0(206)) - Sending CreatePipelineCommand for pipeline:PipelineID=4b18a500-a533-4085-8d3e-0f1a09aa3450 to datanode:f6c6ca7c-f19b-4803-9287-3eefa0b50f1b
2023-07-28 23:24:36,368 [RatisPipelineUtilsThread - 0] INFO  pipeline.PipelineManagerImpl (PipelineManagerImpl.java:recordMetricsForPipeline(895)) - Pipeline: PipelineID=4b18a500-a533-4085-8d3e-0f1a09aa3450 contains same datanodes as previous pipelines: PipelineID=75a335ff-68e4-400d-bdc7-60040ce1cee4 nodeIds: d133bf18-6a62-47fd-9fac-e73e51a269ad, 0c3903ae-4b96-4c44-85fb-f5bdd10725bb, f6c6ca7c-f19b-4803-9287-3eefa0b50f1b
2023-07-28 23:24:36,369 [RatisPipelineUtilsThread - 0] INFO  pipeline.BackgroundPipelineCreator (BackgroundPipelineCreator.java:createPipelines(233)) - Created new pipeline Pipeline[ Id: 4b18a500-a533-4085-8d3e-0f1a09aa3450, Nodes: d133bf18-6a62-47fd-9fac-e73e51a269ad(fv-az275-145.go2hi5et44qedpdz5zrtt3gknc.xx.internal.cloudapp.net/10.1.0.69)0c3903ae-4b96-4c44-85fb-f5bdd10725bb(fv-az275-145.go2hi5et44qedpdz5zrtt3gknc.xx.internal.cloudapp.net/10.1.0.69)f6c6ca7c-f19b-4803-9287-3eefa0b50f1b(fv-az275-145.go2hi5et44qedpdz5zrtt3gknc.xx.internal.cloudapp.net/10.1.0.69), ReplicationConfig: RATIS/THREE, State:ALLOCATED, leaderId:, CreationTimestamp2023-07-28T23:24:36.367Z[Etc/UTC]]
2023-07-28 23:24:36,369 [RatisPipelineUtilsThread - 0] WARN  pipeline.PipelinePlacementPolicy (PipelinePlacementPolicy.java:filterViableNodes(166)) - Pipeline creation failed due to no sufficient healthy datanodes. Required 3. Found 0. Excluded 3.
2023-07-28 23:24:36,370 [RatisPipelineUtilsThread - 0] WARN  pipeline.PipelinePlacementPolicy (PipelinePlacementPolicy.java:filterViableNodes(166)) - Pipeline creation failed due to no sufficient healthy datanodes. Required 3. Found 0. Excluded 3.
2023-07-28 23:24:37,342 [main] INFO  ozone.MiniOzoneClusterImpl (MiniOzoneClusterImpl.java:lambda$waitForClusterToBeReady$0(224)) - Nodes are ready. Got 3 of 3 DN Heartbeats.
2023-07-28 23:24:37,343 [main] INFO  ozone.MiniOzoneClusterImpl (MiniOzoneClusterImpl.java:lambda$waitForClusterToBeReady$0(227)) - Waiting for cluster to exit safe mode
2023-07-28 23:24:37,343 [main] INFO  ozone.MiniOzoneClusterImpl (MiniOzoneClusterImpl.java:lambda$waitForClusterToBeReady$0(229)) - SCM became leader
2023-07-28 23:24:38,344 [main] INFO  ozone.MiniOzoneClusterImpl (MiniOzoneClusterImpl.java:lambda$waitForClusterToBeReady$0(224)) - Nodes are ready. Got 3 of 3 DN Heartbeats.
2023-07-28 23:24:38,344 [main] INFO  ozone.MiniOzoneClusterImpl (MiniOzoneClusterImpl.java:lambda$waitForClusterToBeReady$0(227)) - Waiting for cluster to exit safe mode
2023-07-28 23:24:38,344 [main] INFO  ozone.MiniOzoneClusterImpl (MiniOzoneClusterImpl.java:lambda$waitForClusterToBeReady$0(229)) - SCM became leader
2023-07-28 23:24:38,451 [PipelineCommandHandlerThread-0] INFO  server.RaftServer (RaftServerProxy.java:addNew(98)) - 0c3903ae-4b96-4c44-85fb-f5bdd10725bb: addNew group-D9DB9C80B3C0:[0c3903ae-4b96-4c44-85fb-f5bdd10725bb|rpc:10.1.0.69:15014|admin:10.1.0.69:15013|client:10.1.0.69:15012|dataStream:10.1.0.69:15015|priority:1|startupRole:FOLLOWER] returns group-D9DB9C80B3C0:java.util.concurrent.CompletableFuture@6df3151f[Not completed]
2023-07-28 23:24:38,466 [0c3903ae-4b96-4c44-85fb-f5bdd10725bb-groupManagement] INFO  server.RaftServer$Division (RaftServerImpl.java:<init>(198)) - 0c3903ae-4b96-4c44-85fb-f5bdd10725bb: new RaftServerImpl for group-D9DB9C80B3C0:[0c3903ae-4b96-4c44-85fb-f5bdd10725bb|rpc:10.1.0.69:15014|admin:10.1.0.69:15013|client:10.1.0.69:15012|dataStream:10.1.0.69:15015|priority:1|startupRole:FOLLOWER] with ContainerStateMachine:uninitialized
2023-07-28 23:24:38,466 [0c3903ae-4b96-4c44-85fb-f5bdd10725bb-groupManagement] INFO  server.RaftServerConfigKeys (ConfUtils.java:logGet(46)) - raft.server.rpc.timeout.min = 5s (custom)
2023-07-28 23:24:38,467 [0c3903ae-4b96-4c44-85fb-f5bdd10725bb-groupManagement] INFO  server.RaftServerConfigKeys (ConfUtils.java:logGet(46)) - raft.server.rpc.timeout.max = 5200ms (custom)
2023-07-28 23:24:38,467 [0c3903ae-4b96-4c44-85fb-f5bdd10725bb-groupManagement] INFO  server.RaftServerConfigKeys (ConfUtils.java:logGet(46)) - raft.server.rpc.sleep.time = 25ms (default)
2023-07-28 23:24:38,467 [0c3903ae-4b96-4c44-85fb-f5bdd10725bb-groupManagement] INFO  server.RaftServerConfigKeys (ConfUtils.java:logGet(46)) - raft.server.rpc.slowness.timeout = 300s (custom)
2023-07-28 23:24:38,467 [0c3903ae-4b96-4c44-85fb-f5bdd10725bb-groupManagement] INFO  server.RaftServerConfigKeys (ConfUtils.java:logGet(46)) - raft.server.leaderelection.leader.step-down.wait-time = 10s (default)
2023-07-28 23:24:38,467 [0c3903ae-4b96-4c44-85fb-f5bdd10725bb-groupManagement] INFO  server.RaftServerConfigKeys (ConfUtils.java:logGet(46)) - raft.server.sleep.deviation.threshold = 300ms (default)
2023-07-28 23:24:38,467 [0c3903ae-4b96-4c44-85fb-f5bdd10725bb-groupManagement] INFO  server.RaftServer$Division (ServerState.java:<init>(120)) - 0c3903ae-4b96-4c44-85fb-f5bdd10725bb@group-D9DB9C80B3C0: ConfigurationManager, init=-1: peers:[0c3903ae-4b96-4c44-85fb-f5bdd10725bb|rpc:10.1.0.69:15014|admin:10.1.0.69:15013|client:10.1.0.69:15012|dataStream:10.1.0.69:15015|priority:1|startupRole:FOLLOWER]|listeners:[], old=null, confs=<EMPTY_MAP>
2023-07-28 23:24:38,467 [0c3903ae-4b96-4c44-85fb-f5bdd10725bb-groupManagement] INFO  server.RaftServerConfigKeys (ConfUtils.java:logGet(46)) - raft.server.storage.dir = [/home/runner/work/ozone/ozone/hadoop-ozone/integration-test/target/test-dir/MiniOzoneClusterImpl-87b6fce1-c6a6-46a6-82b1-f7f83edcbc7c/datanode-0/data/ratis] (custom)
2023-07-28 23:24:38,468 [0c3903ae-4b96-4c44-85fb-f5bdd10725bb-groupManagement] INFO  server.RaftServerConfigKeys (ConfUtils.java:logGet(46)) - raft.server.log.corruption.policy = EXCEPTION (default)
2023-07-28 23:24:38,468 [0c3903ae-4b96-4c44-85fb-f5bdd10725bb-groupManagement] INFO  server.RaftServerConfigKeys (ConfUtils.java:logGet(46)) - raft.server.storage.free-space.min = 0MB (=0) (default)
2023-07-28 23:24:38,468 [0c3903ae-4b96-4c44-85fb-f5bdd10725bb-groupManagement] INFO  server.RaftServerConfigKeys (ConfUtils.java:logGet(46)) - raft.server.notification.no-leader.timeout = 300s (custom)
2023-07-28 23:24:38,468 [0c3903ae-4b96-4c44-85fb-f5bdd10725bb-groupManagement] INFO  server.RaftServerConfigKeys (ConfUtils.java:logGet(46)) - raft.server.read.timeout = 10s (default)
2023-07-28 23:24:38,468 [0c3903ae-4b96-4c44-85fb-f5bdd10725bb-groupManagement] INFO  server.RaftServerConfigKeys (ConfUtils.java:logGet(46)) - raft.server.retrycache.expirytime = 600000ms (custom)
2023-07-28 23:24:38,468 [0c3903ae-4b96-4c44-85fb-f5bdd10725bb-groupManagement] INFO  server.RaftServerConfigKeys (ConfUtils.java:logGet(46)) - raft.server.retrycache.statistics.expirytime = 100μs (default)
2023-07-28 23:24:38,468 [0c3903ae-4b96-4c44-85fb-f5bdd10725bb-groupManagement] INFO  server.RaftServerConfigKeys (ConfUtils.java:logGet(46)) - raft.server.read.option = DEFAULT (default)
2023-07-28 23:24:38,471 [0c3903ae-4b96-4c44-85fb-f5bdd10725bb-groupManagement] INFO  server.RaftServerConfigKeys (ConfUtils.java:logGet(46)) - raft.server.rpc.request.timeout = 60s (custom)
2023-07-28 23:24:38,471 [0c3903ae-4b96-4c44-85fb-f5bdd10725bb-groupManagement] INFO  server.RaftServerConfigKeys (ConfUtils.java:logGet(46)) - raft.server.log.appender.install.snapshot.enabled = false (custom)
2023-07-28 23:24:38,471 [0c3903ae-4b96-4c44-85fb-f5bdd10725bb-groupManagement] INFO  server.RaftServerConfigKeys (ConfUtils.java:logGet(46)) - raft.server.threadpool.server.cached = true (default)
2023-07-28 23:24:38,471 [0c3903ae-4b96-4c44-85fb-f5bdd10725bb-groupManagement] INFO  server.RaftServerConfigKeys (ConfUtils.java:logGet(46)) - raft.server.threadpool.server.size = 0 (default)
2023-07-28 23:24:38,471 [0c3903ae-4b96-4c44-85fb-f5bdd10725bb-groupManagement] INFO  server.RaftServerConfigKeys (ConfUtils.java:logGet(46)) - raft.server.threadpool.client.cached = true (default)
2023-07-28 23:24:38,471 [0c3903ae-4b96-4c44-85fb-f5bdd10725bb-groupManagement] INFO  server.RaftServerConfigKeys (ConfUtils.java:logGet(46)) - raft.server.threadpool.client.size = 0 (default)
2023-07-28 23:24:38,471 [0c3903ae-4b96-4c44-85fb-f5bdd10725bb-groupManagement] INFO  storage.RaftStorageDirectory (RaftStorageDirectoryImpl.java:analyzeStorage(137)) - The storage directory /home/runner/work/ozone/ozone/hadoop-ozone/integration-test/target/test-dir/MiniOzoneClusterImpl-87b6fce1-c6a6-46a6-82b1-f7f83edcbc7c/datanode-0/data/ratis/d25d7cab-3b8e-4f09-ac64-d9db9c80b3c0 does not exist. Creating ...
2023-07-28 23:24:38,479 [0c3903ae-4b96-4c44-85fb-f5bdd10725bb-groupManagement] INFO  storage.RaftStorageDirectory (RaftStorageDirectoryImpl.java:tryLock(231)) - Lock on /home/runner/work/ozone/ozone/hadoop-ozone/integration-test/target/test-dir/MiniOzoneClusterImpl-87b6fce1-c6a6-46a6-82b1-f7f83edcbc7c/datanode-0/data/ratis/d25d7cab-3b8e-4f09-ac64-d9db9c80b3c0/in_use.lock acquired by nodename 44906@fv-az275-145
2023-07-28 23:24:38,481 [0c3903ae-4b96-4c44-85fb-f5bdd10725bb-groupManagement] INFO  storage.RaftStorage (RaftStorageImpl.java:format(96)) - Storage directory /home/runner/work/ozone/ozone/hadoop-ozone/integration-test/target/test-dir/MiniOzoneClusterImpl-87b6fce1-c6a6-46a6-82b1-f7f83edcbc7c/datanode-0/data/ratis/d25d7cab-3b8e-4f09-ac64-d9db9c80b3c0 has been successfully formatted.
2023-07-28 23:24:38,487 [0c3903ae-4b96-4c44-85fb-f5bdd10725bb-groupManagement] INFO  ratis.ContainerStateMachine (ContainerStateMachine.java:loadSnapshot(262)) - group-D9DB9C80B3C0: The snapshot info is null. Setting the last applied indexto:(t:0, i:~)
2023-07-28 23:24:38,487 [0c3903ae-4b96-4c44-85fb-f5bdd10725bb-groupManagement] INFO  server.RaftServerConfigKeys (ConfUtils.java:logGet(46)) - raft.server.log.use.memory = false (default)
2023-07-28 23:24:38,487 [0c3903ae-4b96-4c44-85fb-f5bdd10725bb-groupManagement] INFO  server.RaftServerConfigKeys (ConfUtils.java:logGet(46)) - raft.server.log.purge.gap = 1000000 (custom)
2023-07-28 23:24:38,487 [0c3903ae-4b96-4c44-85fb-f5bdd10725bb-groupManagement] INFO  server.RaftServerConfigKeys (ConfUtils.java:logGet(46)) - raft.server.log.appender.buffer.byte-limit = 33554432 (custom)
2023-07-28 23:24:38,488 [0c3903ae-4b96-4c44-85fb-f5bdd10725bb-groupManagement] INFO  server.RaftServerConfigKeys (ConfUtils.java:logGet(46)) - raft.server.log.statemachine.data.read.timeout = 1000ms (default)
2023-07-28 23:24:38,488 [0c3903ae-4b96-4c44-85fb-f5bdd10725bb-groupManagement] INFO  server.RaftServerConfigKeys (ConfUtils.java:logGet(46)) - raft.server.log.purge.preservation.log.num = 0 (default)
2023-07-28 23:24:38,488 [0c3903ae-4b96-4c44-85fb-f5bdd10725bb-groupManagement] INFO  server.RaftServerConfigKeys (ConfUtils.java:logGet(46)) - raft.server.log.segment.size.max = 1048576 (custom)
2023-07-28 23:24:38,491 [0c3903ae-4b96-4c44-85fb-f5bdd10725bb-groupManagement] INFO  server.RaftServerConfigKeys (ConfUtils.java:logGet(46)) - raft.server.log.segment.cache.num.max = 2 (custom)
2023-07-28 23:24:38,492 [0c3903ae-4b96-4c44-85fb-f5bdd10725bb-groupManagement] INFO  server.RaftServerConfigKeys (ConfUtils.java:logGet(46)) - raft.server.log.segment.cache.size.max = 200MB (=209715200) (default)
2023-07-28 23:24:38,492 [0c3903ae-4b96-4c44-85fb-f5bdd10725bb-groupManagement] INFO  server.RaftServerConfigKeys (ConfUtils.java:logGet(46)) - raft.server.log.appender.buffer.byte-limit = 33554432 (custom)
2023-07-28 23:24:38,492 [0c3903ae-4b96-4c44-85fb-f5bdd10725bb-groupManagement] INFO  segmented.SegmentedRaftLogWorker (SegmentedRaftLogWorker.java:<init>(188)) - new 0c3903ae-4b96-4c44-85fb-f5bdd10725bb@group-D9DB9C80B3C0-SegmentedRaftLogWorker for RaftStorageImpl:Storage Directory /home/runner/work/ozone/ozone/hadoop-ozone/integration-test/target/test-dir/MiniOzoneClusterImpl-87b6fce1-c6a6-46a6-82b1-f7f83edcbc7c/datanode-0/data/ratis/d25d7cab-3b8e-4f09-ac64-d9db9c80b3c0
2023-07-28 23:24:38,492 [0c3903ae-4b96-4c44-85fb-f5bdd10725bb-groupManagement] INFO  server.RaftServerConfigKeys (ConfUtils.java:logGet(46)) - raft.server.log.queue.byte-limit = 4294967296 (custom)
2023-07-28 23:24:38,492 [0c3903ae-4b96-4c44-85fb-f5bdd10725bb-groupManagement] INFO  server.RaftServerConfigKeys (ConfUtils.java:logGet(46)) - raft.server.log.queue.element-limit = 1024 (custom)
2023-07-28 23:24:38,492 [0c3903ae-4b96-4c44-85fb-f5bdd10725bb-groupManagement] INFO  server.RaftServerConfigKeys (ConfUtils.java:logGet(46)) - raft.server.log.segment.size.max = 1048576 (custom)
2023-07-28 23:24:38,492 [0c3903ae-4b96-4c44-85fb-f5bdd10725bb-groupManagement] INFO  server.RaftServerConfigKeys (ConfUtils.java:logGet(46)) - raft.server.log.preallocated.size = 16384 (custom)
2023-07-28 23:24:38,493 [0c3903ae-4b96-4c44-85fb-f5bdd10725bb-groupManagement] INFO  server.RaftServerConfigKeys (ConfUtils.java:logGet(46)) - raft.server.log.force.sync.num = 128 (default)
2023-07-28 23:24:38,493 [0c3903ae-4b96-4c44-85fb-f5bdd10725bb-groupManagement] INFO  server.RaftServerConfigKeys (ConfUtils.java:logGet(46)) - raft.server.log.statemachine.data.sync = true (default)
2023-07-28 23:24:38,494 [0c3903ae-4b96-4c44-85fb-f5bdd10725bb-groupManagement] INFO  server.RaftServerConfigKeys (ConfUtils.java:logGet(46)) - raft.server.log.statemachine.data.sync.timeout = 10s (default)
2023-07-28 23:24:38,494 [0c3903ae-4b96-4c44-85fb-f5bdd10725bb-groupManagement] INFO  server.RaftServerConfigKeys (ConfUtils.java:logGet(46)) - raft.server.log.statemachine.data.sync.timeout.retry = -1 (default)
2023-07-28 23:24:38,497 [0c3903ae-4b96-4c44-85fb-f5bdd10725bb-groupManagement] INFO  server.RaftServerConfigKeys (ConfUtils.java:logGet(46)) - raft.server.log.write.buffer.size = 1048576 (custom)
2023-07-28 23:24:38,498 [0c3903ae-4b96-4c44-85fb-f5bdd10725bb-groupManagement] INFO  server.RaftServerConfigKeys (ConfUtils.java:logGet(46)) - raft.server.log.appender.buffer.byte-limit = 33554432 (custom)
2023-07-28 23:24:38,504 [0c3903ae-4b96-4c44-85fb-f5bdd10725bb-groupManagement] INFO  server.RaftServerConfigKeys (ConfUtils.java:logGet(46)) - raft.server.log.unsafe-flush.enabled = false (default)
2023-07-28 23:24:38,505 [0c3903ae-4b96-4c44-85fb-f5bdd10725bb-groupManagement] INFO  server.RaftServerConfigKeys (ConfUtils.java:logGet(46)) - raft.server.log.async-flush.enabled = false (default)
2023-07-28 23:24:38,505 [0c3903ae-4b96-4c44-85fb-f5bdd10725bb-groupManagement] INFO  server.RaftServerConfigKeys (ConfUtils.java:logGet(46)) - raft.server.log.statemachine.data.caching.enabled = true (custom)
2023-07-28 23:24:38,505 [0c3903ae-4b96-4c44-85fb-f5bdd10725bb-groupManagement] INFO  segmented.SegmentedRaftLogWorker (SegmentedRaftLogWorker.java:lambda$new$0(135)) - 0c3903ae-4b96-4c44-85fb-f5bdd10725bb@group-D9DB9C80B3C0-SegmentedRaftLogWorker: flushIndex: setUnconditionally 0 -> -1
2023-07-28 23:24:38,505 [0c3903ae-4b96-4c44-85fb-f5bdd10725bb-groupManagement] INFO  segmented.SegmentedRaftLogWorker (SegmentedRaftLogWorker.java:lambda$new$0(135)) - 0c3903ae-4b96-4c44-85fb-f5bdd10725bb@group-D9DB9C80B3C0-SegmentedRaftLogWorker: safeCacheEvictIndex: setUnconditionally 0 -> -1
2023-07-28 23:24:38,506 [0c3903ae-4b96-4c44-85fb-f5bdd10725bb-groupManagement] INFO  server.RaftServer$Division (RaftServerImpl.java:start(342)) - 0c3903ae-4b96-4c44-85fb-f5bdd10725bb@group-D9DB9C80B3C0: start as a follower, conf=-1: peers:[0c3903ae-4b96-4c44-85fb-f5bdd10725bb|rpc:10.1.0.69:15014|admin:10.1.0.69:15013|client:10.1.0.69:15012|dataStream:10.1.0.69:15015|priority:1|startupRole:FOLLOWER]|listeners:[], old=null
2023-07-28 23:24:38,506 [0c3903ae-4b96-4c44-85fb-f5bdd10725bb-groupManagement] INFO  server.RaftServer$Division (RaftServerImpl.java:setRole(329)) - 0c3903ae-4b96-4c44-85fb-f5bdd10725bb@group-D9DB9C80B3C0: changes role from      null to FOLLOWER at term 0 for startAsFollower
2023-07-28 23:24:38,506 [0c3903ae-4b96-4c44-85fb-f5bdd10725bb-groupManagement] INFO  impl.RoleInfo (RoleInfo.java:updateAndGet(139)) - 0c3903ae-4b96-4c44-85fb-f5bdd10725bb: start 0c3903ae-4b96-4c44-85fb-f5bdd10725bb@group-D9DB9C80B3C0-FollowerState
2023-07-28 23:24:38,506 [0c3903ae-4b96-4c44-85fb-f5bdd10725bb-groupManagement] INFO  util.JmxRegister (JmxRegister.java:tryRegister(44)) - Successfully registered JMX Bean with object name Ratis:service=RaftServer,group=group-D9DB9C80B3C0,id=0c3903ae-4b96-4c44-85fb-f5bdd10725bb
2023-07-28 23:24:38,506 [0c3903ae-4b96-4c44-85fb-f5bdd10725bb-groupManagement] INFO  server.RaftServerConfigKeys (ConfUtils.java:logGet(46)) - raft.server.snapshot.auto.trigger.enabled = true (custom)
2023-07-28 23:24:38,506 [0c3903ae-4b96-4c44-85fb-f5bdd10725bb-groupManagement] INFO  server.RaftServerConfigKeys (ConfUtils.java:logGet(46)) - raft.server.snapshot.auto.trigger.threshold = 10000 (custom)
2023-07-28 23:24:38,507 [0c3903ae-4b96-4c44-85fb-f5bdd10725bb-groupManagement] INFO  server.RaftServerConfigKeys (ConfUtils.java:logGet(46)) - raft.server.snapshot.retention.file.num = 5 (custom)
2023-07-28 23:24:38,507 [0c3903ae-4b96-4c44-85fb-f5bdd10725bb-groupManagement] INFO  server.RaftServerConfigKeys (ConfUtils.java:logGet(46)) - raft.server.log.purge.upto.snapshot.index = false (default)
2023-07-28 23:24:38,508 [0c3903ae-4b96-4c44-85fb-f5bdd10725bb@group-D9DB9C80B3C0-FollowerState] INFO  server.RaftServerConfigKeys (ConfUtils.java:logFallback(53)) - raft.server.rpc.first-election.timeout.min = 5s (fallback to raft.server.rpc.timeout.min)
2023-07-28 23:24:38,508 [0c3903ae-4b96-4c44-85fb-f5bdd10725bb@group-D9DB9C80B3C0-FollowerState] INFO  server.RaftServerConfigKeys (ConfUtils.java:logFallback(53)) - raft.server.rpc.first-election.timeout.max = 5200ms (fallback to raft.server.rpc.timeout.max)
2023-07-28 23:24:38,513 [EventQueue-PipelineReportForPipelineReportHandler] INFO  pipeline.PipelineReportHandler (PipelineReportHandler.java:processPipelineReport(136)) - Opened pipeline PipelineID=d25d7cab-3b8e-4f09-ac64-d9db9c80b3c0
2023-07-28 23:24:38,518 [PipelineCommandHandlerThread-0] INFO  ratis.XceiverServerRatis (XceiverServerRatis.java:addGroup(804)) - Created group PipelineID=d25d7cab-3b8e-4f09-ac64-d9db9c80b3c0
2023-07-28 23:24:38,519 [PipelineCommandHandlerThread-0] INFO  commandhandler.CreatePipelineCommandHandler (CreatePipelineCommandHandler.java:lambda$handle$2(124)) - Created Pipeline RATIS ONE PipelineID=d25d7cab-3b8e-4f09-ac64-d9db9c80b3c0.
2023-07-28 23:24:38,519 [PipelineCommandHandlerThread-0] INFO  server.RaftServer (RaftServerProxy.java:addNew(98)) - 0c3903ae-4b96-4c44-85fb-f5bdd10725bb: addNew group-60040CE1CEE4:[f6c6ca7c-f19b-4803-9287-3eefa0b50f1b|rpc:10.1.0.69:15032|admin:10.1.0.69:15031|client:10.1.0.69:15030|dataStream:10.1.0.69:15033|priority:1|startupRole:FOLLOWER, d133bf18-6a62-47fd-9fac-e73e51a269ad|rpc:10.1.0.69:15023|admin:10.1.0.69:15022|client:10.1.0.69:15021|dataStream:10.1.0.69:15024|priority:0|startupRole:FOLLOWER, 0c3903ae-4b96-4c44-85fb-f5bdd10725bb|rpc:10.1.0.69:15014|admin:10.1.0.69:15013|client:10.1.0.69:15012|dataStream:10.1.0.69:15015|priority:0|startupRole:FOLLOWER] returns group-60040CE1CEE4:java.util.concurrent.CompletableFuture@1587d838[Not completed]
2023-07-28 23:24:38,521 [0c3903ae-4b96-4c44-85fb-f5bdd10725bb-groupManagement] INFO  server.RaftServer$Division (RaftServerImpl.java:<init>(198)) - 0c3903ae-4b96-4c44-85fb-f5bdd10725bb: new RaftServerImpl for group-60040CE1CEE4:[f6c6ca7c-f19b-4803-9287-3eefa0b50f1b|rpc:10.1.0.69:15032|admin:10.1.0.69:15031|client:10.1.0.69:15030|dataStream:10.1.0.69:15033|priority:1|startupRole:FOLLOWER, d133bf18-6a62-47fd-9fac-e73e51a269ad|rpc:10.1.0.69:15023|admin:10.1.0.69:15022|client:10.1.0.69:15021|dataStream:10.1.0.69:15024|priority:0|startupRole:FOLLOWER, 0c3903ae-4b96-4c44-85fb-f5bdd10725bb|rpc:10.1.0.69:15014|admin:10.1.0.69:15013|client:10.1.0.69:15012|dataStream:10.1.0.69:15015|priority:0|startupRole:FOLLOWER] with ContainerStateMachine:uninitialized
2023-07-28 23:24:38,521 [0c3903ae-4b96-4c44-85fb-f5bdd10725bb-groupManagement] INFO  server.RaftServerConfigKeys (ConfUtils.java:logGet(46)) - raft.server.rpc.timeout.min = 5s (custom)
2023-07-28 23:24:38,521 [0c3903ae-4b96-4c44-85fb-f5bdd10725bb-groupManagement] INFO  server.RaftServerConfigKeys (ConfUtils.java:logGet(46)) - raft.server.rpc.timeout.max = 5200ms (custom)
2023-07-28 23:24:38,521 [0c3903ae-4b96-4c44-85fb-f5bdd10725bb-groupManagement] INFO  server.RaftServerConfigKeys (ConfUtils.java:logGet(46)) - raft.server.rpc.sleep.time = 25ms (default)
2023-07-28 23:24:38,521 [0c3903ae-4b96-4c44-85fb-f5bdd10725bb-groupManagement] INFO  server.RaftServerConfigKeys (ConfUtils.java:logGet(46)) - raft.server.rpc.slowness.timeout = 300s (custom)
2023-07-28 23:24:38,521 [0c3903ae-4b96-4c44-85fb-f5bdd10725bb-groupManagement] INFO  server.RaftServerConfigKeys (ConfUtils.java:logGet(46)) - raft.server.leaderelection.leader.step-down.wait-time = 10s (default)
2023-07-28 23:24:38,521 [0c3903ae-4b96-4c44-85fb-f5bdd10725bb-groupManagement] INFO  server.RaftServerConfigKeys (ConfUtils.java:logGet(46)) - raft.server.sleep.deviation.threshold = 300ms (default)
2023-07-28 23:24:38,522 [0c3903ae-4b96-4c44-85fb-f5bdd10725bb-groupManagement] INFO  server.RaftServer$Division (ServerState.java:<init>(120)) - 0c3903ae-4b96-4c44-85fb-f5bdd10725bb@group-60040CE1CEE4: ConfigurationManager, init=-1: peers:[f6c6ca7c-f19b-4803-9287-3eefa0b50f1b|rpc:10.1.0.69:15032|admin:10.1.0.69:15031|client:10.1.0.69:15030|dataStream:10.1.0.69:15033|priority:1|startupRole:FOLLOWER, d133bf18-6a62-47fd-9fac-e73e51a269ad|rpc:10.1.0.69:15023|admin:10.1.0.69:15022|client:10.1.0.69:15021|dataStream:10.1.0.69:15024|priority:0|startupRole:FOLLOWER, 0c3903ae-4b96-4c44-85fb-f5bdd10725bb|rpc:10.1.0.69:15014|admin:10.1.0.69:15013|client:10.1.0.69:15012|dataStream:10.1.0.69:15015|priority:0|startupRole:FOLLOWER]|listeners:[], old=null, confs=<EMPTY_MAP>
2023-07-28 23:24:38,522 [0c3903ae-4b96-4c44-85fb-f5bdd10725bb-groupManagement] INFO  server.RaftServerConfigKeys (ConfUtils.java:logGet(46)) - raft.server.storage.dir = [/home/runner/work/ozone/ozone/hadoop-ozone/integration-test/target/test-dir/MiniOzoneClusterImpl-87b6fce1-c6a6-46a6-82b1-f7f83edcbc7c/datanode-0/data/ratis] (custom)
2023-07-28 23:24:38,522 [0c3903ae-4b96-4c44-85fb-f5bdd10725bb-groupManagement] INFO  server.RaftServerConfigKeys (ConfUtils.java:logGet(46)) - raft.server.log.corruption.policy = EXCEPTION (default)
2023-07-28 23:24:38,522 [0c3903ae-4b96-4c44-85fb-f5bdd10725bb-groupManagement] INFO  server.RaftServerConfigKeys (ConfUtils.java:logGet(46)) - raft.server.storage.free-space.min = 0MB (=0) (default)
2023-07-28 23:24:38,522 [0c3903ae-4b96-4c44-85fb-f5bdd10725bb-groupManagement] INFO  server.RaftServerConfigKeys (ConfUtils.java:logGet(46)) - raft.server.notification.no-leader.timeout = 300s (custom)
2023-07-28 23:24:38,522 [0c3903ae-4b96-4c44-85fb-f5bdd10725bb-groupManagement] INFO  server.RaftServerConfigKeys (ConfUtils.java:logGet(46)) - raft.server.read.timeout = 10s (default)
2023-07-28 23:24:38,522 [0c3903ae-4b96-4c44-85fb-f5bdd10725bb-groupManagement] INFO  server.RaftServerConfigKeys (ConfUtils.java:logGet(46)) - raft.server.retrycache.expirytime = 600000ms (custom)
2023-07-28 23:24:38,522 [0c3903ae-4b96-4c44-85fb-f5bdd10725bb-groupManagement] INFO  server.RaftServerConfigKeys (ConfUtils.java:logGet(46)) - raft.server.retrycache.statistics.expirytime = 100μs (default)
2023-07-28 23:24:38,522 [0c3903ae-4b96-4c44-85fb-f5bdd10725bb-groupManagement] INFO  server.RaftServerConfigKeys (ConfUtils.java:logGet(46)) - raft.server.read.option = DEFAULT (default)
2023-07-28 23:24:38,524 [EventQueue-OpenPipelineForHealthyPipelineSafeModeRule] INFO  safemode.SCMSafeModeManager (HealthyPipelineSafeModeRule.java:process(137)) - SCM in safe mode. Healthy pipelines reported count is 0, required healthy pipeline reported count is 1
2023-07-28 23:24:38,525 [0c3903ae-4b96-4c44-85fb-f5bdd10725bb-groupManagement] INFO  server.RaftServerConfigKeys (ConfUtils.java:logGet(46)) - raft.server.rpc.request.timeout = 60s (custom)
2023-07-28 23:24:38,525 [0c3903ae-4b96-4c44-85fb-f5bdd10725bb-groupManagement] INFO  server.RaftServerConfigKeys (ConfUtils.java:logGet(46)) - raft.server.log.appender.install.snapshot.enabled = false (custom)
2023-07-28 23:24:38,525 [0c3903ae-4b96-4c44-85fb-f5bdd10725bb-groupManagement] INFO  server.RaftServerConfigKeys (ConfUtils.java:logGet(46)) - raft.server.threadpool.server.cached = true (default)
2023-07-28 23:24:38,525 [0c3903ae-4b96-4c44-85fb-f5bdd10725bb-groupManagement] INFO  server.RaftServerConfigKeys (ConfUtils.java:logGet(46)) - raft.server.threadpool.server.size = 0 (default)
2023-07-28 23:24:38,525 [0c3903ae-4b96-4c44-85fb-f5bdd10725bb-groupManagement] INFO  server.RaftServerConfigKeys (ConfUtils.java:logGet(46)) - raft.server.threadpool.client.cached = true (default)
2023-07-28 23:24:38,525 [0c3903ae-4b96-4c44-85fb-f5bdd10725bb-groupManagement] INFO  server.RaftServerConfigKeys (ConfUtils.java:logGet(46)) - raft.server.threadpool.client.size = 0 (default)
2023-07-28 23:24:38,525 [0c3903ae-4b96-4c44-85fb-f5bdd10725bb-groupManagement] INFO  storage.RaftStorageDirectory (RaftStorageDirectoryImpl.java:analyzeStorage(137)) - The storage directory /home/runner/work/ozone/ozone/hadoop-ozone/integration-test/target/test-dir/MiniOzoneClusterImpl-87b6fce1-c6a6-46a6-82b1-f7f83edcbc7c/datanode-0/data/ratis/75a335ff-68e4-400d-bdc7-60040ce1cee4 does not exist. Creating ...
2023-07-28 23:24:38,527 [0c3903ae-4b96-4c44-85fb-f5bdd10725bb-groupManagement] INFO  storage.RaftStorageDirectory (RaftStorageDirectoryImpl.java:tryLock(231)) - Lock on /home/runner/work/ozone/ozone/hadoop-ozone/integration-test/target/test-dir/MiniOzoneClusterImpl-87b6fce1-c6a6-46a6-82b1-f7f83edcbc7c/datanode-0/data/ratis/75a335ff-68e4-400d-bdc7-60040ce1cee4/in_use.lock acquired by nodename 44906@fv-az275-145
2023-07-28 23:24:38,529 [0c3903ae-4b96-4c44-85fb-f5bdd10725bb-groupManagement] INFO  storage.RaftStorage (RaftStorageImpl.java:format(96)) - Storage directory /home/runner/work/ozone/ozone/hadoop-ozone/integration-test/target/test-dir/MiniOzoneClusterImpl-87b6fce1-c6a6-46a6-82b1-f7f83edcbc7c/datanode-0/data/ratis/75a335ff-68e4-400d-bdc7-60040ce1cee4 has been successfully formatted.
2023-07-28 23:24:38,530 [0c3903ae-4b96-4c44-85fb-f5bdd10725bb-groupManagement] INFO  ratis.ContainerStateMachine (ContainerStateMachine.java:loadSnapshot(262)) - group-60040CE1CEE4: The snapshot info is null. Setting the last applied indexto:(t:0, i:~)
2023-07-28 23:24:38,530 [0c3903ae-4b96-4c44-85fb-f5bdd10725bb-groupManagement] INFO  server.RaftServerConfigKeys (ConfUtils.java:logGet(46)) - raft.server.log.use.memory = false (default)
2023-07-28 23:24:38,530 [0c3903ae-4b96-4c44-85fb-f5bdd10725bb-groupManagement] INFO  server.RaftServerConfigKeys (ConfUtils.java:logGet(46)) - raft.server.log.purge.gap = 1000000 (custom)
2023-07-28 23:24:38,530 [0c3903ae-4b96-4c44-85fb-f5bdd10725bb-groupManagement] INFO  server.RaftServerConfigKeys (ConfUtils.java:logGet(46)) - raft.server.log.appender.buffer.byte-limit = 33554432 (custom)
2023-07-28 23:24:38,530 [0c3903ae-4b96-4c44-85fb-f5bdd10725bb-groupManagement] INFO  server.RaftServerConfigKeys (ConfUtils.java:logGet(46)) - raft.server.log.statemachine.data.read.timeout = 1000ms (default)
2023-07-28 23:24:38,530 [0c3903ae-4b96-4c44-85fb-f5bdd10725bb-groupManagement] INFO  server.RaftServerConfigKeys (ConfUtils.java:logGet(46)) - raft.server.log.purge.preservation.log.num = 0 (default)
2023-07-28 23:24:38,531 [0c3903ae-4b96-4c44-85fb-f5bdd10725bb-groupManagement] INFO  server.RaftServerConfigKeys (ConfUtils.java:logGet(46)) - raft.server.log.segment.size.max = 1048576 (custom)
2023-07-28 23:24:38,532 [0c3903ae-4b96-4c44-85fb-f5bdd10725bb-groupManagement] INFO  server.RaftServerConfigKeys (ConfUtils.java:logGet(46)) - raft.server.log.segment.cache.num.max = 2 (custom)
2023-07-28 23:24:38,532 [0c3903ae-4b96-4c44-85fb-f5bdd10725bb-groupManagement] INFO  server.RaftServerConfigKeys (ConfUtils.java:logGet(46)) - raft.server.log.segment.cache.size.max = 200MB (=209715200) (default)
2023-07-28 23:24:38,532 [0c3903ae-4b96-4c44-85fb-f5bdd10725bb-groupManagement] INFO  server.RaftServerConfigKeys (ConfUtils.java:logGet(46)) - raft.server.log.appender.buffer.byte-limit = 33554432 (custom)
2023-07-28 23:24:38,532 [0c3903ae-4b96-4c44-85fb-f5bdd10725bb-groupManagement] INFO  segmented.SegmentedRaftLogWorker (SegmentedRaftLogWorker.java:<init>(188)) - new 0c3903ae-4b96-4c44-85fb-f5bdd10725bb@group-60040CE1CEE4-SegmentedRaftLogWorker for RaftStorageImpl:Storage Directory /home/runner/work/ozone/ozone/hadoop-ozone/integration-test/target/test-dir/MiniOzoneClusterImpl-87b6fce1-c6a6-46a6-82b1-f7f83edcbc7c/datanode-0/data/ratis/75a335ff-68e4-400d-bdc7-60040ce1cee4
2023-07-28 23:24:38,532 [0c3903ae-4b96-4c44-85fb-f5bdd10725bb-groupManagement] INFO  server.RaftServerConfigKeys (ConfUtils.java:logGet(46)) - raft.server.log.queue.byte-limit = 4294967296 (custom)
2023-07-28 23:24:38,532 [0c3903ae-4b96-4c44-85fb-f5bdd10725bb-groupManagement] INFO  server.RaftServerConfigKeys (ConfUtils.java:logGet(46)) - raft.server.log.queue.element-limit = 1024 (custom)
2023-07-28 23:24:38,532 [0c3903ae-4b96-4c44-85fb-f5bdd10725bb-groupManagement] INFO  server.RaftServerConfigKeys (ConfUtils.java:logGet(46)) - raft.server.log.segment.size.max = 1048576 (custom)
2023-07-28 23:24:38,533 [0c3903ae-4b96-4c44-85fb-f5bdd10725bb-groupManagement] INFO  server.RaftServerConfigKeys (ConfUtils.java:logGet(46)) - raft.server.log.preallocated.size = 16384 (custom)
2023-07-28 23:24:38,533 [EventQueue-OpenPipelineForHealthyPipelineSafeModeRule] INFO  safemode.SCMSafeModeManager (HealthyPipelineSafeModeRule.java:process(137)) - SCM in safe mode. Healthy pipelines reported count is 0, required healthy pipeline reported count is 1
2023-07-28 23:24:38,533 [0c3903ae-4b96-4c44-85fb-f5bdd10725bb-groupManagement] INFO  server.RaftServerConfigKeys (ConfUtils.java:logGet(46)) - raft.server.log.force.sync.num = 128 (default)
2023-07-28 23:24:38,533 [0c3903ae-4b96-4c44-85fb-f5bdd10725bb-groupManagement] INFO  server.RaftServerConfigKeys (ConfUtils.java:logGet(46)) - raft.server.log.statemachine.data.sync = true (default)
2023-07-28 23:24:38,533 [0c3903ae-4b96-4c44-85fb-f5bdd10725bb-groupManagement] INFO  server.RaftServerConfigKeys (ConfUtils.java:logGet(46)) - raft.server.log.statemachine.data.sync.timeout = 10s (default)
2023-07-28 23:24:38,533 [0c3903ae-4b96-4c44-85fb-f5bdd10725bb-groupManagement] INFO  server.RaftServerConfigKeys (ConfUtils.java:logGet(46)) - raft.server.log.statemachine.data.sync.timeout.retry = -1 (default)
2023-07-28 23:24:38,534 [0c3903ae-4b96-4c44-85fb-f5bdd10725bb-groupManagement] INFO  server.RaftServerConfigKeys (ConfUtils.java:logGet(46)) - raft.server.log.write.buffer.size = 1048576 (custom)
2023-07-28 23:24:38,536 [0c3903ae-4b96-4c44-85fb-f5bdd10725bb-groupManagement] INFO  server.RaftServerConfigKeys (ConfUtils.java:logGet(46)) - raft.server.log.appender.buffer.byte-limit = 33554432 (custom)
2023-07-28 23:24:38,542 [0c3903ae-4b96-4c44-85fb-f5bdd10725bb-groupManagement] INFO  server.RaftServerConfigKeys (ConfUtils.java:logGet(46)) - raft.server.log.unsafe-flush.enabled = false (default)
2023-07-28 23:24:38,542 [0c3903ae-4b96-4c44-85fb-f5bdd10725bb-groupManagement] INFO  server.RaftServerConfigKeys (ConfUtils.java:logGet(46)) - raft.server.log.async-flush.enabled = false (default)
2023-07-28 23:24:38,542 [0c3903ae-4b96-4c44-85fb-f5bdd10725bb-groupManagement] INFO  server.RaftServerConfigKeys (ConfUtils.java:logGet(46)) - raft.server.log.statemachine.data.caching.enabled = true (custom)
2023-07-28 23:24:38,543 [0c3903ae-4b96-4c44-85fb-f5bdd10725bb-groupManagement] INFO  segmented.SegmentedRaftLogWorker (SegmentedRaftLogWorker.java:lambda$new$0(135)) - 0c3903ae-4b96-4c44-85fb-f5bdd10725bb@group-60040CE1CEE4-SegmentedRaftLogWorker: flushIndex: setUnconditionally 0 -> -1
2023-07-28 23:24:38,543 [0c3903ae-4b96-4c44-85fb-f5bdd10725bb-groupManagement] INFO  segmented.SegmentedRaftLogWorker (SegmentedRaftLogWorker.java:lambda$new$0(135)) - 0c3903ae-4b96-4c44-85fb-f5bdd10725bb@group-60040CE1CEE4-SegmentedRaftLogWorker: safeCacheEvictIndex: setUnconditionally 0 -> -1
2023-07-28 23:24:38,543 [0c3903ae-4b96-4c44-85fb-f5bdd10725bb-groupManagement] INFO  server.RaftServer$Division (RaftServerImpl.java:start(342)) - 0c3903ae-4b96-4c44-85fb-f5bdd10725bb@group-60040CE1CEE4: start as a follower, conf=-1: peers:[f6c6ca7c-f19b-4803-9287-3eefa0b50f1b|rpc:10.1.0.69:15032|admin:10.1.0.69:15031|client:10.1.0.69:15030|dataStream:10.1.0.69:15033|priority:1|startupRole:FOLLOWER, d133bf18-6a62-47fd-9fac-e73e51a269ad|rpc:10.1.0.69:15023|admin:10.1.0.69:15022|client:10.1.0.69:15021|dataStream:10.1.0.69:15024|priority:0|startupRole:FOLLOWER, 0c3903ae-4b96-4c44-85fb-f5bdd10725bb|rpc:10.1.0.69:15014|admin:10.1.0.69:15013|client:10.1.0.69:15012|dataStream:10.1.0.69:15015|priority:0|startupRole:FOLLOWER]|listeners:[], old=null
2023-07-28 23:24:38,543 [0c3903ae-4b96-4c44-85fb-f5bdd10725bb-groupManagement] INFO  server.RaftServer$Division (RaftServerImpl.java:setRole(329)) - 0c3903ae-4b96-4c44-85fb-f5bdd10725bb@group-60040CE1CEE4: changes role from      null to FOLLOWER at term 0 for startAsFollower
2023-07-28 23:24:38,543 [0c3903ae-4b96-4c44-85fb-f5bdd10725bb-groupManagement] INFO  impl.RoleInfo (RoleInfo.java:updateAndGet(139)) - 0c3903ae-4b96-4c44-85fb-f5bdd10725bb: start 0c3903ae-4b96-4c44-85fb-f5bdd10725bb@group-60040CE1CEE4-FollowerState
2023-07-28 23:24:38,546 [0c3903ae-4b96-4c44-85fb-f5bdd10725bb-groupManagement] INFO  util.JmxRegister (JmxRegister.java:tryRegister(44)) - Successfully registered JMX Bean with object name Ratis:service=RaftServer,group=group-60040CE1CEE4,id=0c3903ae-4b96-4c44-85fb-f5bdd10725bb
2023-07-28 23:24:38,546 [0c3903ae-4b96-4c44-85fb-f5bdd10725bb-groupManagement] INFO  server.RaftServerConfigKeys (ConfUtils.java:logGet(46)) - raft.server.snapshot.auto.trigger.enabled = true (custom)
2023-07-28 23:24:38,546 [0c3903ae-4b96-4c44-85fb-f5bdd10725bb-groupManagement] INFO  server.RaftServerConfigKeys (ConfUtils.java:logGet(46)) - raft.server.snapshot.auto.trigger.threshold = 10000 (custom)
2023-07-28 23:24:38,546 [0c3903ae-4b96-4c44-85fb-f5bdd10725bb-groupManagement] INFO  server.RaftServerConfigKeys (ConfUtils.java:logGet(46)) - raft.server.snapshot.retention.file.num = 5 (custom)
2023-07-28 23:24:38,546 [0c3903ae-4b96-4c44-85fb-f5bdd10725bb-groupManagement] INFO  server.RaftServerConfigKeys (ConfUtils.java:logGet(46)) - raft.server.log.purge.upto.snapshot.index = false (default)
2023-07-28 23:24:38,546 [0c3903ae-4b96-4c44-85fb-f5bdd10725bb@group-60040CE1CEE4-FollowerState] INFO  server.RaftServerConfigKeys (ConfUtils.java:logFallback(53)) - raft.server.rpc.first-election.timeout.min = 5s (fallback to raft.server.rpc.timeout.min)
2023-07-28 23:24:38,547 [0c3903ae-4b96-4c44-85fb-f5bdd10725bb@group-60040CE1CEE4-FollowerState] INFO  server.RaftServerConfigKeys (ConfUtils.java:logFallback(53)) - raft.server.rpc.first-election.timeout.max = 5200ms (fallback to raft.server.rpc.timeout.max)
2023-07-28 23:24:38,549 [PipelineCommandHandlerThread-0] INFO  ratis.XceiverServerRatis (XceiverServerRatis.java:addGroup(804)) - Created group PipelineID=75a335ff-68e4-400d-bdc7-60040ce1cee4
2023-07-28 23:24:39,016 [PipelineCommandHandlerThread-0] INFO  server.RaftServer (RaftServerProxy.java:addNew(98)) - d133bf18-6a62-47fd-9fac-e73e51a269ad: addNew group-FD18C3CCED4D:[d133bf18-6a62-47fd-9fac-e73e51a269ad|rpc:10.1.0.69:15023|admin:10.1.0.69:15022|client:10.1.0.69:15021|dataStream:10.1.0.69:15024|priority:1|startupRole:FOLLOWER] returns group-FD18C3CCED4D:java.util.concurrent.CompletableFuture@5a65a562[Not completed]
2023-07-28 23:24:39,031 [d133bf18-6a62-47fd-9fac-e73e51a269ad-groupManagement] INFO  server.RaftServer$Division (RaftServerImpl.java:<init>(198)) - d133bf18-6a62-47fd-9fac-e73e51a269ad: new RaftServerImpl for group-FD18C3CCED4D:[d133bf18-6a62-47fd-9fac-e73e51a269ad|rpc:10.1.0.69:15023|admin:10.1.0.69:15022|client:10.1.0.69:15021|dataStream:10.1.0.69:15024|priority:1|startupRole:FOLLOWER] with ContainerStateMachine:uninitialized
2023-07-28 23:24:39,032 [d133bf18-6a62-47fd-9fac-e73e51a269ad-groupManagement] INFO  server.RaftServerConfigKeys (ConfUtils.java:logGet(46)) - raft.server.rpc.timeout.min = 5s (custom)
2023-07-28 23:24:39,032 [d133bf18-6a62-47fd-9fac-e73e51a269ad-groupManagement] INFO  server.RaftServerConfigKeys (ConfUtils.java:logGet(46)) - raft.server.rpc.timeout.max = 5200ms (custom)
2023-07-28 23:24:39,032 [d133bf18-6a62-47fd-9fac-e73e51a269ad-groupManagement] INFO  server.RaftServerConfigKeys (ConfUtils.java:logGet(46)) - raft.server.rpc.sleep.time = 25ms (default)
2023-07-28 23:24:39,033 [d133bf18-6a62-47fd-9fac-e73e51a269ad-groupManagement] INFO  server.RaftServerConfigKeys (ConfUtils.java:logGet(46)) - raft.server.rpc.slowness.timeout = 300s (custom)
2023-07-28 23:24:39,033 [d133bf18-6a62-47fd-9fac-e73e51a269ad-groupManagement] INFO  server.RaftServerConfigKeys (ConfUtils.java:logGet(46)) - raft.server.leaderelection.leader.step-down.wait-time = 10s (default)
2023-07-28 23:24:39,033 [d133bf18-6a62-47fd-9fac-e73e51a269ad-groupManagement] INFO  server.RaftServerConfigKeys (ConfUtils.java:logGet(46)) - raft.server.sleep.deviation.threshold = 300ms (default)
2023-07-28 23:24:39,033 [d133bf18-6a62-47fd-9fac-e73e51a269ad-groupManagement] INFO  server.RaftServer$Division (ServerState.java:<init>(120)) - d133bf18-6a62-47fd-9fac-e73e51a269ad@group-FD18C3CCED4D: ConfigurationManager, init=-1: peers:[d133bf18-6a62-47fd-9fac-e73e51a269ad|rpc:10.1.0.69:15023|admin:10.1.0.69:15022|client:10.1.0.69:15021|dataStream:10.1.0.69:15024|priority:1|startupRole:FOLLOWER]|listeners:[], old=null, confs=<EMPTY_MAP>
2023-07-28 23:24:39,034 [d133bf18-6a62-47fd-9fac-e73e51a269ad-groupManagement] INFO  server.RaftServerConfigKeys (ConfUtils.java:logGet(46)) - raft.server.storage.dir = [/home/runner/work/ozone/ozone/hadoop-ozone/integration-test/target/test-dir/MiniOzoneClusterImpl-87b6fce1-c6a6-46a6-82b1-f7f83edcbc7c/datanode-1/data/ratis] (custom)
2023-07-28 23:24:39,036 [d133bf18-6a62-47fd-9fac-e73e51a269ad-groupManagement] INFO  server.RaftServerConfigKeys (ConfUtils.java:logGet(46)) - raft.server.log.corruption.policy = EXCEPTION (default)
2023-07-28 23:24:39,036 [d133bf18-6a62-47fd-9fac-e73e51a269ad-groupManagement] INFO  server.RaftServerConfigKeys (ConfUtils.java:logGet(46)) - raft.server.storage.free-space.min = 0MB (=0) (default)
2023-07-28 23:24:39,036 [d133bf18-6a62-47fd-9fac-e73e51a269ad-groupManagement] INFO  server.RaftServerConfigKeys (ConfUtils.java:logGet(46)) - raft.server.notification.no-leader.timeout = 300s (custom)
2023-07-28 23:24:39,039 [d133bf18-6a62-47fd-9fac-e73e51a269ad-groupManagement] INFO  server.RaftServerConfigKeys (ConfUtils.java:logGet(46)) - raft.server.read.timeout = 10s (default)
2023-07-28 23:24:39,039 [d133bf18-6a62-47fd-9fac-e73e51a269ad-groupManagement] INFO  server.RaftServerConfigKeys (ConfUtils.java:logGet(46)) - raft.server.retrycache.expirytime = 600000ms (custom)
2023-07-28 23:24:39,039 [d133bf18-6a62-47fd-9fac-e73e51a269ad-groupManagement] INFO  server.RaftServerConfigKeys (ConfUtils.java:logGet(46)) - raft.server.retrycache.statistics.expirytime = 100μs (default)
2023-07-28 23:24:39,041 [d133bf18-6a62-47fd-9fac-e73e51a269ad-groupManagement] INFO  server.RaftServerConfigKeys (ConfUtils.java:logGet(46)) - raft.server.read.option = DEFAULT (default)
2023-07-28 23:24:39,047 [d133bf18-6a62-47fd-9fac-e73e51a269ad-groupManagement] INFO  server.RaftServerConfigKeys (ConfUtils.java:logGet(46)) - raft.server.rpc.request.timeout = 60s (custom)
2023-07-28 23:24:39,047 [d133bf18-6a62-47fd-9fac-e73e51a269ad-groupManagement] INFO  server.RaftServerConfigKeys (ConfUtils.java:logGet(46)) - raft.server.log.appender.install.snapshot.enabled = false (custom)
2023-07-28 23:24:39,047 [d133bf18-6a62-47fd-9fac-e73e51a269ad-groupManagement] INFO  server.RaftServerConfigKeys (ConfUtils.java:logGet(46)) - raft.server.threadpool.server.cached = true (default)
2023-07-28 23:24:39,047 [d133bf18-6a62-47fd-9fac-e73e51a269ad-groupManagement] INFO  server.RaftServerConfigKeys (ConfUtils.java:logGet(46)) - raft.server.threadpool.server.size = 0 (default)
2023-07-28 23:24:39,047 [d133bf18-6a62-47fd-9fac-e73e51a269ad-groupManagement] INFO  server.RaftServerConfigKeys (ConfUtils.java:logGet(46)) - raft.server.threadpool.client.cached = true (default)
2023-07-28 23:24:39,049 [d133bf18-6a62-47fd-9fac-e73e51a269ad-groupManagement] INFO  server.RaftServerConfigKeys (ConfUtils.java:logGet(46)) - raft.server.threadpool.client.size = 0 (default)
2023-07-28 23:24:39,049 [d133bf18-6a62-47fd-9fac-e73e51a269ad-groupManagement] INFO  storage.RaftStorageDirectory (RaftStorageDirectoryImpl.java:analyzeStorage(137)) - The storage directory /home/runner/work/ozone/ozone/hadoop-ozone/integration-test/target/test-dir/MiniOzoneClusterImpl-87b6fce1-c6a6-46a6-82b1-f7f83edcbc7c/datanode-1/data/ratis/ff7162b4-795e-4ba8-9398-fd18c3cced4d does not exist. Creating ...
2023-07-28 23:24:39,052 [d133bf18-6a62-47fd-9fac-e73e51a269ad-groupManagement] INFO  storage.RaftStorageDirectory (RaftStorageDirectoryImpl.java:tryLock(231)) - Lock on /home/runner/work/ozone/ozone/hadoop-ozone/integration-test/target/test-dir/MiniOzoneClusterImpl-87b6fce1-c6a6-46a6-82b1-f7f83edcbc7c/datanode-1/data/ratis/ff7162b4-795e-4ba8-9398-fd18c3cced4d/in_use.lock acquired by nodename 44906@fv-az275-145
2023-07-28 23:24:39,055 [d133bf18-6a62-47fd-9fac-e73e51a269ad-groupManagement] INFO  storage.RaftStorage (RaftStorageImpl.java:format(96)) - Storage directory /home/runner/work/ozone/ozone/hadoop-ozone/integration-test/target/test-dir/MiniOzoneClusterImpl-87b6fce1-c6a6-46a6-82b1-f7f83edcbc7c/datanode-1/data/ratis/ff7162b4-795e-4ba8-9398-fd18c3cced4d has been successfully formatted.
2023-07-28 23:24:39,061 [d133bf18-6a62-47fd-9fac-e73e51a269ad-groupManagement] INFO  ratis.ContainerStateMachine (ContainerStateMachine.java:loadSnapshot(262)) - group-FD18C3CCED4D: The snapshot info is null. Setting the last applied indexto:(t:0, i:~)
2023-07-28 23:24:39,062 [d133bf18-6a62-47fd-9fac-e73e51a269ad-groupManagement] INFO  server.RaftServerConfigKeys (ConfUtils.java:logGet(46)) - raft.server.log.use.memory = false (default)
2023-07-28 23:24:39,062 [d133bf18-6a62-47fd-9fac-e73e51a269ad-groupManagement] INFO  server.RaftServerConfigKeys (ConfUtils.java:logGet(46)) - raft.server.log.purge.gap = 1000000 (custom)
2023-07-28 23:24:39,063 [d133bf18-6a62-47fd-9fac-e73e51a269ad-groupManagement] INFO  server.RaftServerConfigKeys (ConfUtils.java:logGet(46)) - raft.server.log.appender.buffer.byte-limit = 33554432 (custom)
2023-07-28 23:24:39,063 [d133bf18-6a62-47fd-9fac-e73e51a269ad-groupManagement] INFO  server.RaftServerConfigKeys (ConfUtils.java:logGet(46)) - raft.server.log.statemachine.data.read.timeout = 1000ms (default)
2023-07-28 23:24:39,063 [d133bf18-6a62-47fd-9fac-e73e51a269ad-groupManagement] INFO  server.RaftServerConfigKeys (ConfUtils.java:logGet(46)) - raft.server.log.purge.preservation.log.num = 0 (default)
2023-07-28 23:24:39,063 [EventQueue-PipelineReportForPipelineReportHandler] INFO  pipeline.PipelineReportHandler (PipelineReportHandler.java:processPipelineReport(136)) - Opened pipeline PipelineID=ff7162b4-795e-4ba8-9398-fd18c3cced4d
2023-07-28 23:24:39,064 [EventQueue-OpenPipelineForHealthyPipelineSafeModeRule] INFO  safemode.SCMSafeModeManager (HealthyPipelineSafeModeRule.java:process(137)) - SCM in safe mode. Healthy pipelines reported count is 0, required healthy pipeline reported count is 1
2023-07-28 23:24:39,065 [d133bf18-6a62-47fd-9fac-e73e51a269ad-groupManagement] INFO  server.RaftServerConfigKeys (ConfUtils.java:logGet(46)) - raft.server.log.segment.size.max = 1048576 (custom)
2023-07-28 23:24:39,066 [grpc-default-executor-0] INFO  server.RaftServer (RaftServerProxy.java:addNew(98)) - f6c6ca7c-f19b-4803-9287-3eefa0b50f1b: addNew group-60040CE1CEE4:[f6c6ca7c-f19b-4803-9287-3eefa0b50f1b|rpc:10.1.0.69:15032|admin:10.1.0.69:15031|client:10.1.0.69:15030|dataStream:10.1.0.69:15033|priority:1|startupRole:FOLLOWER, d133bf18-6a62-47fd-9fac-e73e51a269ad|rpc:10.1.0.69:15023|admin:10.1.0.69:15022|client:10.1.0.69:15021|dataStream:10.1.0.69:15024|priority:0|startupRole:FOLLOWER, 0c3903ae-4b96-4c44-85fb-f5bdd10725bb|rpc:10.1.0.69:15014|admin:10.1.0.69:15013|client:10.1.0.69:15012|dataStream:10.1.0.69:15015|priority:0|startupRole:FOLLOWER] returns group-60040CE1CEE4:java.util.concurrent.CompletableFuture@7a55e474[Not completed]
2023-07-28 23:24:39,070 [d133bf18-6a62-47fd-9fac-e73e51a269ad-groupManagement] INFO  server.RaftServerConfigKeys (ConfUtils.java:logGet(46)) - raft.server.log.segment.cache.num.max = 2 (custom)
2023-07-28 23:24:39,070 [d133bf18-6a62-47fd-9fac-e73e51a269ad-groupManagement] INFO  server.RaftServerConfigKeys (ConfUtils.java:logGet(46)) - raft.server.log.segment.cache.size.max = 200MB (=209715200) (default)
2023-07-28 23:24:39,070 [d133bf18-6a62-47fd-9fac-e73e51a269ad-groupManagement] INFO  server.RaftServerConfigKeys (ConfUtils.java:logGet(46)) - raft.server.log.appender.buffer.byte-limit = 33554432 (custom)
2023-07-28 23:24:39,070 [d133bf18-6a62-47fd-9fac-e73e51a269ad-groupManagement] INFO  segmented.SegmentedRaftLogWorker (SegmentedRaftLogWorker.java:<init>(188)) - new d133bf18-6a62-47fd-9fac-e73e51a269ad@group-FD18C3CCED4D-SegmentedRaftLogWorker for RaftStorageImpl:Storage Directory /home/runner/work/ozone/ozone/hadoop-ozone/integration-test/target/test-dir/MiniOzoneClusterImpl-87b6fce1-c6a6-46a6-82b1-f7f83edcbc7c/datanode-1/data/ratis/ff7162b4-795e-4ba8-9398-fd18c3cced4d
2023-07-28 23:24:39,070 [d133bf18-6a62-47fd-9fac-e73e51a269ad-groupManagement] INFO  server.RaftServerConfigKeys (ConfUtils.java:logGet(46)) - raft.server.log.queue.byte-limit = 4294967296 (custom)
2023-07-28 23:24:39,070 [d133bf18-6a62-47fd-9fac-e73e51a269ad-groupManagement] INFO  server.RaftServerConfigKeys (ConfUtils.java:logGet(46)) - raft.server.log.queue.element-limit = 1024 (custom)
2023-07-28 23:24:39,070 [d133bf18-6a62-47fd-9fac-e73e51a269ad-groupManagement] INFO  server.RaftServerConfigKeys (ConfUtils.java:logGet(46)) - raft.server.log.segment.size.max = 1048576 (custom)
2023-07-28 23:24:39,072 [d133bf18-6a62-47fd-9fac-e73e51a269ad-groupManagement] INFO  server.RaftServerConfigKeys (ConfUtils.java:logGet(46)) - raft.server.log.preallocated.size = 16384 (custom)
2023-07-28 23:24:39,072 [d133bf18-6a62-47fd-9fac-e73e51a269ad-groupManagement] INFO  server.RaftServerConfigKeys (ConfUtils.java:logGet(46)) - raft.server.log.force.sync.num = 128 (default)
2023-07-28 23:24:39,072 [d133bf18-6a62-47fd-9fac-e73e51a269ad-groupManagement] INFO  server.RaftServerConfigKeys (ConfUtils.java:logGet(46)) - raft.server.log.statemachine.data.sync = true (default)
2023-07-28 23:24:39,072 [d133bf18-6a62-47fd-9fac-e73e51a269ad-groupManagement] INFO  server.RaftServerConfigKeys (ConfUtils.java:logGet(46)) - raft.server.log.statemachine.data.sync.timeout = 10s (default)
2023-07-28 23:24:39,072 [d133bf18-6a62-47fd-9fac-e73e51a269ad-groupManagement] INFO  server.RaftServerConfigKeys (ConfUtils.java:logGet(46)) - raft.server.log.statemachine.data.sync.timeout.retry = -1 (default)
2023-07-28 23:24:39,075 [d133bf18-6a62-47fd-9fac-e73e51a269ad-groupManagement] INFO  server.RaftServerConfigKeys (ConfUtils.java:logGet(46)) - raft.server.log.write.buffer.size = 1048576 (custom)
2023-07-28 23:24:39,078 [d133bf18-6a62-47fd-9fac-e73e51a269ad-groupManagement] INFO  server.RaftServerConfigKeys (ConfUtils.java:logGet(46)) - raft.server.log.appender.buffer.byte-limit = 33554432 (custom)
2023-07-28 23:24:39,081 [f6c6ca7c-f19b-4803-9287-3eefa0b50f1b-groupManagement] INFO  server.RaftServer$Division (RaftServerImpl.java:<init>(198)) - f6c6ca7c-f19b-4803-9287-3eefa0b50f1b: new RaftServerImpl for group-60040CE1CEE4:[f6c6ca7c-f19b-4803-9287-3eefa0b50f1b|rpc:10.1.0.69:15032|admin:10.1.0.69:15031|client:10.1.0.69:15030|dataStream:10.1.0.69:15033|priority:1|startupRole:FOLLOWER, d133bf18-6a62-47fd-9fac-e73e51a269ad|rpc:10.1.0.69:15023|admin:10.1.0.69:15022|client:10.1.0.69:15021|dataStream:10.1.0.69:15024|priority:0|startupRole:FOLLOWER, 0c3903ae-4b96-4c44-85fb-f5bdd10725bb|rpc:10.1.0.69:15014|admin:10.1.0.69:15013|client:10.1.0.69:15012|dataStream:10.1.0.69:15015|priority:0|startupRole:FOLLOWER] with ContainerStateMachine:uninitialized
2023-07-28 23:24:39,087 [f6c6ca7c-f19b-4803-9287-3eefa0b50f1b-groupManagement] INFO  server.RaftServerConfigKeys (ConfUtils.java:logGet(46)) - raft.server.rpc.timeout.min = 5s (custom)
2023-07-28 23:24:39,087 [f6c6ca7c-f19b-4803-9287-3eefa0b50f1b-groupManagement] INFO  server.RaftServerConfigKeys (ConfUtils.java:logGet(46)) - raft.server.rpc.timeout.max = 5200ms (custom)
2023-07-28 23:24:39,087 [f6c6ca7c-f19b-4803-9287-3eefa0b50f1b-groupManagement] INFO  server.RaftServerConfigKeys (ConfUtils.java:logGet(46)) - raft.server.rpc.sleep.time = 25ms (default)
2023-07-28 23:24:39,087 [f6c6ca7c-f19b-4803-9287-3eefa0b50f1b-groupManagement] INFO  server.RaftServerConfigKeys (ConfUtils.java:logGet(46)) - raft.server.rpc.slowness.timeout = 300s (custom)
2023-07-28 23:24:39,087 [f6c6ca7c-f19b-4803-9287-3eefa0b50f1b-groupManagement] INFO  server.RaftServerConfigKeys (ConfUtils.java:logGet(46)) - raft.server.leaderelection.leader.step-down.wait-time = 10s (default)
2023-07-28 23:24:39,087 [f6c6ca7c-f19b-4803-9287-3eefa0b50f1b-groupManagement] INFO  server.RaftServerConfigKeys (ConfUtils.java:logGet(46)) - raft.server.sleep.deviation.threshold = 300ms (default)
2023-07-28 23:24:39,087 [f6c6ca7c-f19b-4803-9287-3eefa0b50f1b-groupManagement] INFO  server.RaftServer$Division (ServerState.java:<init>(120)) - f6c6ca7c-f19b-4803-9287-3eefa0b50f1b@group-60040CE1CEE4: ConfigurationManager, init=-1: peers:[f6c6ca7c-f19b-4803-9287-3eefa0b50f1b|rpc:10.1.0.69:15032|admin:10.1.0.69:15031|client:10.1.0.69:15030|dataStream:10.1.0.69:15033|priority:1|startupRole:FOLLOWER, d133bf18-6a62-47fd-9fac-e73e51a269ad|rpc:10.1.0.69:15023|admin:10.1.0.69:15022|client:10.1.0.69:15021|dataStream:10.1.0.69:15024|priority:0|startupRole:FOLLOWER, 0c3903ae-4b96-4c44-85fb-f5bdd10725bb|rpc:10.1.0.69:15014|admin:10.1.0.69:15013|client:10.1.0.69:15012|dataStream:10.1.0.69:15015|priority:0|startupRole:FOLLOWER]|listeners:[], old=null, confs=<EMPTY_MAP>
2023-07-28 23:24:39,087 [f6c6ca7c-f19b-4803-9287-3eefa0b50f1b-groupManagement] INFO  server.RaftServerConfigKeys (ConfUtils.java:logGet(46)) - raft.server.storage.dir = [/home/runner/work/ozone/ozone/hadoop-ozone/integration-test/target/test-dir/MiniOzoneClusterImpl-87b6fce1-c6a6-46a6-82b1-f7f83edcbc7c/datanode-2/data/ratis] (custom)
2023-07-28 23:24:39,088 [f6c6ca7c-f19b-4803-9287-3eefa0b50f1b-groupManagement] INFO  server.RaftServerConfigKeys (ConfUtils.java:logGet(46)) - raft.server.log.corruption.policy = EXCEPTION (default)
2023-07-28 23:24:39,088 [f6c6ca7c-f19b-4803-9287-3eefa0b50f1b-groupManagement] INFO  server.RaftServerConfigKeys (ConfUtils.java:logGet(46)) - raft.server.storage.free-space.min = 0MB (=0) (default)
2023-07-28 23:24:39,088 [f6c6ca7c-f19b-4803-9287-3eefa0b50f1b-groupManagement] INFO  server.RaftServerConfigKeys (ConfUtils.java:logGet(46)) - raft.server.notification.no-leader.timeout = 300s (custom)
2023-07-28 23:24:39,088 [f6c6ca7c-f19b-4803-9287-3eefa0b50f1b-groupManagement] INFO  server.RaftServerConfigKeys (ConfUtils.java:logGet(46)) - raft.server.read.timeout = 10s (default)
2023-07-28 23:24:39,088 [f6c6ca7c-f19b-4803-9287-3eefa0b50f1b-groupManagement] INFO  server.RaftServerConfigKeys (ConfUtils.java:logGet(46)) - raft.server.retrycache.expirytime = 600000ms (custom)
2023-07-28 23:24:39,088 [f6c6ca7c-f19b-4803-9287-3eefa0b50f1b-groupManagement] INFO  server.RaftServerConfigKeys (ConfUtils.java:logGet(46)) - raft.server.retrycache.statistics.expirytime = 100μs (default)
2023-07-28 23:24:39,088 [f6c6ca7c-f19b-4803-9287-3eefa0b50f1b-groupManagement] INFO  server.RaftServerConfigKeys (ConfUtils.java:logGet(46)) - raft.server.read.option = DEFAULT (default)
2023-07-28 23:24:39,091 [f6c6ca7c-f19b-4803-9287-3eefa0b50f1b-groupManagement] INFO  server.RaftServerConfigKeys (ConfUtils.java:logGet(46)) - raft.server.rpc.request.timeout = 60s (custom)
2023-07-28 23:24:39,091 [f6c6ca7c-f19b-4803-9287-3eefa0b50f1b-groupManagement] INFO  server.RaftServerConfigKeys (ConfUtils.java:logGet(46)) - raft.server.log.appender.install.snapshot.enabled = false (custom)
2023-07-28 23:24:39,091 [f6c6ca7c-f19b-4803-9287-3eefa0b50f1b-groupManagement] INFO  server.RaftServerConfigKeys (ConfUtils.java:logGet(46)) - raft.server.threadpool.server.cached = true (default)
2023-07-28 23:24:39,091 [f6c6ca7c-f19b-4803-9287-3eefa0b50f1b-groupManagement] INFO  server.RaftServerConfigKeys (ConfUtils.java:logGet(46)) - raft.server.threadpool.server.size = 0 (default)
2023-07-28 23:24:39,091 [f6c6ca7c-f19b-4803-9287-3eefa0b50f1b-groupManagement] INFO  server.RaftServerConfigKeys (ConfUtils.java:logGet(46)) - raft.server.threadpool.client.cached = true (default)
2023-07-28 23:24:39,091 [f6c6ca7c-f19b-4803-9287-3eefa0b50f1b-groupManagement] INFO  server.RaftServerConfigKeys (ConfUtils.java:logGet(46)) - raft.server.threadpool.client.size = 0 (default)
2023-07-28 23:24:39,091 [f6c6ca7c-f19b-4803-9287-3eefa0b50f1b-groupManagement] INFO  storage.RaftStorageDirectory (RaftStorageDirectoryImpl.java:analyzeStorage(137)) - The storage directory /home/runner/work/ozone/ozone/hadoop-ozone/integration-test/target/test-dir/MiniOzoneClusterImpl-87b6fce1-c6a6-46a6-82b1-f7f83edcbc7c/datanode-2/data/ratis/75a335ff-68e4-400d-bdc7-60040ce1cee4 does not exist. Creating ...
2023-07-28 23:24:39,091 [d133bf18-6a62-47fd-9fac-e73e51a269ad-groupManagement] INFO  server.RaftServerConfigKeys (ConfUtils.java:logGet(46)) - raft.server.log.unsafe-flush.enabled = false (default)
2023-07-28 23:24:39,092 [d133bf18-6a62-47fd-9fac-e73e51a269ad-groupManagement] INFO  server.RaftServerConfigKeys (ConfUtils.java:logGet(46)) - raft.server.log.async-flush.enabled = false (default)
2023-07-28 23:24:39,092 [d133bf18-6a62-47fd-9fac-e73e51a269ad-groupManagement] INFO  server.RaftServerConfigKeys (ConfUtils.java:logGet(46)) - raft.server.log.statemachine.data.caching.enabled = true (custom)
2023-07-28 23:24:39,093 [d133bf18-6a62-47fd-9fac-e73e51a269ad-groupManagement] INFO  segmented.SegmentedRaftLogWorker (SegmentedRaftLogWorker.java:lambda$new$0(135)) - d133bf18-6a62-47fd-9fac-e73e51a269ad@group-FD18C3CCED4D-SegmentedRaftLogWorker: flushIndex: setUnconditionally 0 -> -1
2023-07-28 23:24:39,093 [d133bf18-6a62-47fd-9fac-e73e51a269ad-groupManagement] INFO  segmented.SegmentedRaftLogWorker (SegmentedRaftLogWorker.java:lambda$new$0(135)) - d133bf18-6a62-47fd-9fac-e73e51a269ad@group-FD18C3CCED4D-SegmentedRaftLogWorker: safeCacheEvictIndex: setUnconditionally 0 -> -1
2023-07-28 23:24:39,094 [d133bf18-6a62-47fd-9fac-e73e51a269ad-groupManagement] INFO  server.RaftServer$Division (RaftServerImpl.java:start(342)) - d133bf18-6a62-47fd-9fac-e73e51a269ad@group-FD18C3CCED4D: start as a follower, conf=-1: peers:[d133bf18-6a62-47fd-9fac-e73e51a269ad|rpc:10.1.0.69:15023|admin:10.1.0.69:15022|client:10.1.0.69:15021|dataStream:10.1.0.69:15024|priority:1|startupRole:FOLLOWER]|listeners:[], old=null
2023-07-28 23:24:39,094 [d133bf18-6a62-47fd-9fac-e73e51a269ad-groupManagement] INFO  server.RaftServer$Division (RaftServerImpl.java:setRole(329)) - d133bf18-6a62-47fd-9fac-e73e51a269ad@group-FD18C3CCED4D: changes role from      null to FOLLOWER at term 0 for startAsFollower
2023-07-28 23:24:39,094 [d133bf18-6a62-47fd-9fac-e73e51a269ad-groupManagement] INFO  impl.RoleInfo (RoleInfo.java:updateAndGet(139)) - d133bf18-6a62-47fd-9fac-e73e51a269ad: start d133bf18-6a62-47fd-9fac-e73e51a269ad@group-FD18C3CCED4D-FollowerState
2023-07-28 23:24:39,094 [f6c6ca7c-f19b-4803-9287-3eefa0b50f1b-groupManagement] INFO  storage.RaftStorageDirectory (RaftStorageDirectoryImpl.java:tryLock(231)) - Lock on /home/runner/work/ozone/ozone/hadoop-ozone/integration-test/target/test-dir/MiniOzoneClusterImpl-87b6fce1-c6a6-46a6-82b1-f7f83edcbc7c/datanode-2/data/ratis/75a335ff-68e4-400d-bdc7-60040ce1cee4/in_use.lock acquired by nodename 44906@fv-az275-145
2023-07-28 23:24:39,096 [f6c6ca7c-f19b-4803-9287-3eefa0b50f1b-groupManagement] INFO  storage.RaftStorage (RaftStorageImpl.java:format(96)) - Storage directory /home/runner/work/ozone/ozone/hadoop-ozone/integration-test/target/test-dir/MiniOzoneClusterImpl-87b6fce1-c6a6-46a6-82b1-f7f83edcbc7c/datanode-2/data/ratis/75a335ff-68e4-400d-bdc7-60040ce1cee4 has been successfully formatted.
2023-07-28 23:24:39,106 [f6c6ca7c-f19b-4803-9287-3eefa0b50f1b-groupManagement] INFO  ratis.ContainerStateMachine (ContainerStateMachine.java:loadSnapshot(262)) - group-60040CE1CEE4: The snapshot info is null. Setting the last applied indexto:(t:0, i:~)
2023-07-28 23:24:39,106 [f6c6ca7c-f19b-4803-9287-3eefa0b50f1b-groupManagement] INFO  server.RaftServerConfigKeys (ConfUtils.java:logGet(46)) - raft.server.log.use.memory = false (default)
2023-07-28 23:24:39,106 [f6c6ca7c-f19b-4803-9287-3eefa0b50f1b-groupManagement] INFO  server.RaftServerConfigKeys (ConfUtils.java:logGet(46)) - raft.server.log.purge.gap = 1000000 (custom)
2023-07-28 23:24:39,107 [f6c6ca7c-f19b-4803-9287-3eefa0b50f1b-groupManagement] INFO  server.RaftServerConfigKeys (ConfUtils.java:logGet(46)) - raft.server.log.appender.buffer.byte-limit = 33554432 (custom)
2023-07-28 23:24:39,107 [f6c6ca7c-f19b-4803-9287-3eefa0b50f1b-groupManagement] INFO  server.RaftServerConfigKeys (ConfUtils.java:logGet(46)) - raft.server.log.statemachine.data.read.timeout = 1000ms (default)
2023-07-28 23:24:39,107 [f6c6ca7c-f19b-4803-9287-3eefa0b50f1b-groupManagement] INFO  server.RaftServerConfigKeys (ConfUtils.java:logGet(46)) - raft.server.log.purge.preservation.log.num = 0 (default)
2023-07-28 23:24:39,107 [f6c6ca7c-f19b-4803-9287-3eefa0b50f1b-groupManagement] INFO  server.RaftServerConfigKeys (ConfUtils.java:logGet(46)) - raft.server.log.segment.size.max = 1048576 (custom)
2023-07-28 23:24:39,108 [f6c6ca7c-f19b-4803-9287-3eefa0b50f1b-groupManagement] INFO  server.RaftServerConfigKeys (ConfUtils.java:logGet(46)) - raft.server.log.segment.cache.num.max = 2 (custom)
2023-07-28 23:24:39,108 [f6c6ca7c-f19b-4803-9287-3eefa0b50f1b-groupManagement] INFO  server.RaftServerConfigKeys (ConfUtils.java:logGet(46)) - raft.server.log.segment.cache.size.max = 200MB (=209715200) (default)
2023-07-28 23:24:39,108 [f6c6ca7c-f19b-4803-9287-3eefa0b50f1b-groupManagement] INFO  server.RaftServerConfigKeys (ConfUtils.java:logGet(46)) - raft.server.log.appender.buffer.byte-limit = 33554432 (custom)
2023-07-28 23:24:39,108 [f6c6ca7c-f19b-4803-9287-3eefa0b50f1b-groupManagement] INFO  segmented.SegmentedRaftLogWorker (SegmentedRaftLogWorker.java:<init>(188)) - new f6c6ca7c-f19b-4803-9287-3eefa0b50f1b@group-60040CE1CEE4-SegmentedRaftLogWorker for RaftStorageImpl:Storage Directory /home/runner/work/ozone/ozone/hadoop-ozone/integration-test/target/test-dir/MiniOzoneClusterImpl-87b6fce1-c6a6-46a6-82b1-f7f83edcbc7c/datanode-2/data/ratis/75a335ff-68e4-400d-bdc7-60040ce1cee4
2023-07-28 23:24:39,108 [f6c6ca7c-f19b-4803-9287-3eefa0b50f1b-groupManagement] INFO  server.RaftServerConfigKeys (ConfUtils.java:logGet(46)) - raft.server.log.queue.byte-limit = 4294967296 (custom)
2023-07-28 23:24:39,108 [f6c6ca7c-f19b-4803-9287-3eefa0b50f1b-groupManagement] INFO  server.RaftServerConfigKeys (ConfUtils.java:logGet(46)) - raft.server.log.queue.element-limit = 1024 (custom)
2023-07-28 23:24:39,108 [f6c6ca7c-f19b-4803-9287-3eefa0b50f1b-groupManagement] INFO  server.RaftServerConfigKeys (ConfUtils.java:logGet(46)) - raft.server.log.segment.size.max = 1048576 (custom)
2023-07-28 23:24:39,108 [f6c6ca7c-f19b-4803-9287-3eefa0b50f1b-groupManagement] INFO  server.RaftServerConfigKeys (ConfUtils.java:logGet(46)) - raft.server.log.preallocated.size = 16384 (custom)
2023-07-28 23:24:39,108 [f6c6ca7c-f19b-4803-9287-3eefa0b50f1b-groupManagement] INFO  server.RaftServerConfigKeys (ConfUtils.java:logGet(46)) - raft.server.log.force.sync.num = 128 (default)
2023-07-28 23:24:39,109 [f6c6ca7c-f19b-4803-9287-3eefa0b50f1b-groupManagement] INFO  server.RaftServerConfigKeys (ConfUtils.java:logGet(46)) - raft.server.log.statemachine.data.sync = true (default)
2023-07-28 23:24:39,109 [f6c6ca7c-f19b-4803-9287-3eefa0b50f1b-groupManagement] INFO  server.RaftServerConfigKeys (ConfUtils.java:logGet(46)) - raft.server.log.statemachine.data.sync.timeout = 10s (default)
2023-07-28 23:24:39,109 [f6c6ca7c-f19b-4803-9287-3eefa0b50f1b-groupManagement] INFO  server.RaftServerConfigKeys (ConfUtils.java:logGet(46)) - raft.server.log.statemachine.data.sync.timeout.retry = -1 (default)
2023-07-28 23:24:39,098 [d133bf18-6a62-47fd-9fac-e73e51a269ad-groupManagement] INFO  util.JmxRegister (JmxRegister.java:tryRegister(44)) - Successfully registered JMX Bean with object name Ratis:service=RaftServer,group=group-FD18C3CCED4D,id=d133bf18-6a62-47fd-9fac-e73e51a269ad
2023-07-28 23:24:39,109 [d133bf18-6a62-47fd-9fac-e73e51a269ad-groupManagement] INFO  server.RaftServerConfigKeys (ConfUtils.java:logGet(46)) - raft.server.snapshot.auto.trigger.enabled = true (custom)
2023-07-28 23:24:39,110 [d133bf18-6a62-47fd-9fac-e73e51a269ad-groupManagement] INFO  server.RaftServerConfigKeys (ConfUtils.java:logGet(46)) - raft.server.snapshot.auto.trigger.threshold = 10000 (custom)
2023-07-28 23:24:39,110 [d133bf18-6a62-47fd-9fac-e73e51a269ad@group-FD18C3CCED4D-FollowerState] INFO  server.RaftServerConfigKeys (ConfUtils.java:logFallback(53)) - raft.server.rpc.first-election.timeout.min = 5s (fallback to raft.server.rpc.timeout.min)
2023-07-28 23:24:39,110 [d133bf18-6a62-47fd-9fac-e73e51a269ad@group-FD18C3CCED4D-FollowerState] INFO  server.RaftServerConfigKeys (ConfUtils.java:logFallback(53)) - raft.server.rpc.first-election.timeout.max = 5200ms (fallback to raft.server.rpc.timeout.max)
2023-07-28 23:24:39,110 [d133bf18-6a62-47fd-9fac-e73e51a269ad-groupManagement] INFO  server.RaftServerConfigKeys (ConfUtils.java:logGet(46)) - raft.server.snapshot.retention.file.num = 5 (custom)
2023-07-28 23:24:39,110 [d133bf18-6a62-47fd-9fac-e73e51a269ad-groupManagement] INFO  server.RaftServerConfigKeys (ConfUtils.java:logGet(46)) - raft.server.log.purge.upto.snapshot.index = false (default)
2023-07-28 23:24:39,111 [f6c6ca7c-f19b-4803-9287-3eefa0b50f1b-groupManagement] INFO  server.RaftServerConfigKeys (ConfUtils.java:logGet(46)) - raft.server.log.write.buffer.size = 1048576 (custom)
2023-07-28 23:24:39,112 [f6c6ca7c-f19b-4803-9287-3eefa0b50f1b-groupManagement] INFO  server.RaftServerConfigKeys (ConfUtils.java:logGet(46)) - raft.server.log.appender.buffer.byte-limit = 33554432 (custom)
2023-07-28 23:24:39,126 [f6c6ca7c-f19b-4803-9287-3eefa0b50f1b-groupManagement] INFO  server.RaftServerConfigKeys (ConfUtils.java:logGet(46)) - raft.server.log.unsafe-flush.enabled = false (default)
2023-07-28 23:24:39,126 [f6c6ca7c-f19b-4803-9287-3eefa0b50f1b-groupManagement] INFO  server.RaftServerConfigKeys (ConfUtils.java:logGet(46)) - raft.server.log.async-flush.enabled = false (default)
2023-07-28 23:24:39,127 [f6c6ca7c-f19b-4803-9287-3eefa0b50f1b-groupManagement] INFO  server.RaftServerConfigKeys (ConfUtils.java:logGet(46)) - raft.server.log.statemachine.data.caching.enabled = true (custom)
2023-07-28 23:24:39,127 [PipelineCommandHandlerThread-0] INFO  ratis.XceiverServerRatis (XceiverServerRatis.java:addGroup(804)) - Created group PipelineID=ff7162b4-795e-4ba8-9398-fd18c3cced4d
2023-07-28 23:24:39,138 [f6c6ca7c-f19b-4803-9287-3eefa0b50f1b-groupManagement] INFO  segmented.SegmentedRaftLogWorker (SegmentedRaftLogWorker.java:lambda$new$0(135)) - f6c6ca7c-f19b-4803-9287-3eefa0b50f1b@group-60040CE1CEE4-SegmentedRaftLogWorker: flushIndex: setUnconditionally 0 -> -1
2023-07-28 23:24:39,138 [f6c6ca7c-f19b-4803-9287-3eefa0b50f1b-groupManagement] INFO  segmented.SegmentedRaftLogWorker (SegmentedRaftLogWorker.java:lambda$new$0(135)) - f6c6ca7c-f19b-4803-9287-3eefa0b50f1b@group-60040CE1CEE4-SegmentedRaftLogWorker: safeCacheEvictIndex: setUnconditionally 0 -> -1
2023-07-28 23:24:39,127 [PipelineCommandHandlerThread-0] INFO  commandhandler.CreatePipelineCommandHandler (CreatePipelineCommandHandler.java:lambda$handle$2(124)) - Created Pipeline RATIS ONE PipelineID=ff7162b4-795e-4ba8-9398-fd18c3cced4d.
2023-07-28 23:24:39,141 [f6c6ca7c-f19b-4803-9287-3eefa0b50f1b-groupManagement] INFO  server.RaftServer$Division (RaftServerImpl.java:start(342)) - f6c6ca7c-f19b-4803-9287-3eefa0b50f1b@group-60040CE1CEE4: start as a follower, conf=-1: peers:[f6c6ca7c-f19b-4803-9287-3eefa0b50f1b|rpc:10.1.0.69:15032|admin:10.1.0.69:15031|client:10.1.0.69:15030|dataStream:10.1.0.69:15033|priority:1|startupRole:FOLLOWER, d133bf18-6a62-47fd-9fac-e73e51a269ad|rpc:10.1.0.69:15023|admin:10.1.0.69:15022|client:10.1.0.69:15021|dataStream:10.1.0.69:15024|priority:0|startupRole:FOLLOWER, 0c3903ae-4b96-4c44-85fb-f5bdd10725bb|rpc:10.1.0.69:15014|admin:10.1.0.69:15013|client:10.1.0.69:15012|dataStream:10.1.0.69:15015|priority:0|startupRole:FOLLOWER]|listeners:[], old=null
2023-07-28 23:24:39,141 [f6c6ca7c-f19b-4803-9287-3eefa0b50f1b-groupManagement] INFO  server.RaftServer$Division (RaftServerImpl.java:setRole(329)) - f6c6ca7c-f19b-4803-9287-3eefa0b50f1b@group-60040CE1CEE4: changes role from      null to FOLLOWER at term 0 for startAsFollower
2023-07-28 23:24:39,141 [f6c6ca7c-f19b-4803-9287-3eefa0b50f1b-groupManagement] INFO  impl.RoleInfo (RoleInfo.java:updateAndGet(139)) - f6c6ca7c-f19b-4803-9287-3eefa0b50f1b: start f6c6ca7c-f19b-4803-9287-3eefa0b50f1b@group-60040CE1CEE4-FollowerState
2023-07-28 23:24:39,142 [f6c6ca7c-f19b-4803-9287-3eefa0b50f1b-groupManagement] INFO  util.JmxRegister (JmxRegister.java:tryRegister(44)) - Successfully registered JMX Bean with object name Ratis:service=RaftServer,group=group-60040CE1CEE4,id=f6c6ca7c-f19b-4803-9287-3eefa0b50f1b
2023-07-28 23:24:39,142 [f6c6ca7c-f19b-4803-9287-3eefa0b50f1b-groupManagement] INFO  server.RaftServerConfigKeys (ConfUtils.java:logGet(46)) - raft.server.snapshot.auto.trigger.enabled = true (custom)
2023-07-28 23:24:39,142 [f6c6ca7c-f19b-4803-9287-3eefa0b50f1b-groupManagement] INFO  server.RaftServerConfigKeys (ConfUtils.java:logGet(46)) - raft.server.snapshot.auto.trigger.threshold = 10000 (custom)
2023-07-28 23:24:39,142 [f6c6ca7c-f19b-4803-9287-3eefa0b50f1b-groupManagement] INFO  server.RaftServerConfigKeys (ConfUtils.java:logGet(46)) - raft.server.snapshot.retention.file.num = 5 (custom)
2023-07-28 23:24:39,142 [f6c6ca7c-f19b-4803-9287-3eefa0b50f1b-groupManagement] INFO  server.RaftServerConfigKeys (ConfUtils.java:logGet(46)) - raft.server.log.purge.upto.snapshot.index = false (default)
2023-07-28 23:24:39,144 [f6c6ca7c-f19b-4803-9287-3eefa0b50f1b@group-60040CE1CEE4-FollowerState] INFO  server.RaftServerConfigKeys (ConfUtils.java:logFallback(53)) - raft.server.rpc.first-election.timeout.min = 5s (fallback to raft.server.rpc.timeout.min)
2023-07-28 23:24:39,154 [d133bf18-6a62-47fd-9fac-e73e51a269ad-groupManagement] INFO  server.RaftServer$Division (RaftServerImpl.java:<init>(198)) - d133bf18-6a62-47fd-9fac-e73e51a269ad: new RaftServerImpl for group-60040CE1CEE4:[f6c6ca7c-f19b-4803-9287-3eefa0b50f1b|rpc:10.1.0.69:15032|admin:10.1.0.69:15031|client:10.1.0.69:15030|dataStream:10.1.0.69:15033|priority:1|startupRole:FOLLOWER, d133bf18-6a62-47fd-9fac-e73e51a269ad|rpc:10.1.0.69:15023|admin:10.1.0.69:15022|client:10.1.0.69:15021|dataStream:10.1.0.69:15024|priority:0|startupRole:FOLLOWER, 0c3903ae-4b96-4c44-85fb-f5bdd10725bb|rpc:10.1.0.69:15014|admin:10.1.0.69:15013|client:10.1.0.69:15012|dataStream:10.1.0.69:15015|priority:0|startupRole:FOLLOWER] with ContainerStateMachine:uninitialized
2023-07-28 23:24:39,157 [d133bf18-6a62-47fd-9fac-e73e51a269ad-groupManagement] INFO  server.RaftServerConfigKeys (ConfUtils.java:logGet(46)) - raft.server.rpc.timeout.min = 5s (custom)
2023-07-28 23:24:39,157 [d133bf18-6a62-47fd-9fac-e73e51a269ad-groupManagement] INFO  server.RaftServerConfigKeys (ConfUtils.java:logGet(46)) - raft.server.rpc.timeout.max = 5200ms (custom)
2023-07-28 23:24:39,157 [d133bf18-6a62-47fd-9fac-e73e51a269ad-groupManagement] INFO  server.RaftServerConfigKeys (ConfUtils.java:logGet(46)) - raft.server.rpc.sleep.time = 25ms (default)
2023-07-28 23:24:39,157 [d133bf18-6a62-47fd-9fac-e73e51a269ad-groupManagement] INFO  server.RaftServerConfigKeys (ConfUtils.java:logGet(46)) - raft.server.rpc.slowness.timeout = 300s (custom)
2023-07-28 23:24:39,157 [d133bf18-6a62-47fd-9fac-e73e51a269ad-groupManagement] INFO  server.RaftServerConfigKeys (ConfUtils.java:logGet(46)) - raft.server.leaderelection.leader.step-down.wait-time = 10s (default)
2023-07-28 23:24:39,157 [d133bf18-6a62-47fd-9fac-e73e51a269ad-groupManagement] INFO  server.RaftServerConfigKeys (ConfUtils.java:logGet(46)) - raft.server.sleep.deviation.threshold = 300ms (default)
2023-07-28 23:24:39,157 [d133bf18-6a62-47fd-9fac-e73e51a269ad-groupManagement] INFO  server.RaftServer$Division (ServerState.java:<init>(120)) - d133bf18-6a62-47fd-9fac-e73e51a269ad@group-60040CE1CEE4: ConfigurationManager, init=-1: peers:[f6c6ca7c-f19b-4803-9287-3eefa0b50f1b|rpc:10.1.0.69:15032|admin:10.1.0.69:15031|client:10.1.0.69:15030|dataStream:10.1.0.69:15033|priority:1|startupRole:FOLLOWER, d133bf18-6a62-47fd-9fac-e73e51a269ad|rpc:10.1.0.69:15023|admin:10.1.0.69:15022|client:10.1.0.69:15021|dataStream:10.1.0.69:15024|priority:0|startupRole:FOLLOWER, 0c3903ae-4b96-4c44-85fb-f5bdd10725bb|rpc:10.1.0.69:15014|admin:10.1.0.69:15013|client:10.1.0.69:15012|dataStream:10.1.0.69:15015|priority:0|startupRole:FOLLOWER]|listeners:[], old=null, confs=<EMPTY_MAP>
2023-07-28 23:24:39,158 [d133bf18-6a62-47fd-9fac-e73e51a269ad-groupManagement] INFO  server.RaftServerConfigKeys (ConfUtils.java:logGet(46)) - raft.server.storage.dir = [/home/runner/work/ozone/ozone/hadoop-ozone/integration-test/target/test-dir/MiniOzoneClusterImpl-87b6fce1-c6a6-46a6-82b1-f7f83edcbc7c/datanode-1/data/ratis] (custom)
2023-07-28 23:24:39,158 [d133bf18-6a62-47fd-9fac-e73e51a269ad-groupManagement] INFO  server.RaftServerConfigKeys (ConfUtils.java:logGet(46)) - raft.server.log.corruption.policy = EXCEPTION (default)
2023-07-28 23:24:39,158 [d133bf18-6a62-47fd-9fac-e73e51a269ad-groupManagement] INFO  server.RaftServerConfigKeys (ConfUtils.java:logGet(46)) - raft.server.storage.free-space.min = 0MB (=0) (default)
2023-07-28 23:24:39,158 [d133bf18-6a62-47fd-9fac-e73e51a269ad-groupManagement] INFO  server.RaftServerConfigKeys (ConfUtils.java:logGet(46)) - raft.server.notification.no-leader.timeout = 300s (custom)
2023-07-28 23:24:39,158 [d133bf18-6a62-47fd-9fac-e73e51a269ad-groupManagement] INFO  server.RaftServerConfigKeys (ConfUtils.java:logGet(46)) - raft.server.read.timeout = 10s (default)
2023-07-28 23:24:39,158 [d133bf18-6a62-47fd-9fac-e73e51a269ad-groupManagement] INFO  server.RaftServerConfigKeys (ConfUtils.java:logGet(46)) - raft.server.retrycache.expirytime = 600000ms (custom)
2023-07-28 23:24:39,158 [d133bf18-6a62-47fd-9fac-e73e51a269ad-groupManagement] INFO  server.RaftServerConfigKeys (ConfUtils.java:logGet(46)) - raft.server.retrycache.statistics.expirytime = 100μs (default)
2023-07-28 23:24:39,158 [d133bf18-6a62-47fd-9fac-e73e51a269ad-groupManagement] INFO  server.RaftServerConfigKeys (ConfUtils.java:logGet(46)) - raft.server.read.option = DEFAULT (default)
2023-07-28 23:24:39,160 [d133bf18-6a62-47fd-9fac-e73e51a269ad-groupManagement] INFO  server.RaftServerConfigKeys (ConfUtils.java:logGet(46)) - raft.server.rpc.request.timeout = 60s (custom)
2023-07-28 23:24:39,160 [d133bf18-6a62-47fd-9fac-e73e51a269ad-groupManagement] INFO  server.RaftServerConfigKeys (ConfUtils.java:logGet(46)) - raft.server.log.appender.install.snapshot.enabled = false (custom)
2023-07-28 23:24:39,160 [d133bf18-6a62-47fd-9fac-e73e51a269ad-groupManagement] INFO  server.RaftServerConfigKeys (ConfUtils.java:logGet(46)) - raft.server.threadpool.server.cached = true (default)
2023-07-28 23:24:39,160 [d133bf18-6a62-47fd-9fac-e73e51a269ad-groupManagement] INFO  server.RaftServerConfigKeys (ConfUtils.java:logGet(46)) - raft.server.threadpool.server.size = 0 (default)
2023-07-28 23:24:39,160 [d133bf18-6a62-47fd-9fac-e73e51a269ad-groupManagement] INFO  server.RaftServerConfigKeys (ConfUtils.java:logGet(46)) - raft.server.threadpool.client.cached = true (default)
2023-07-28 23:24:39,160 [d133bf18-6a62-47fd-9fac-e73e51a269ad-groupManagement] INFO  server.RaftServerConfigKeys (ConfUtils.java:logGet(46)) - raft.server.threadpool.client.size = 0 (default)
2023-07-28 23:24:39,145 [PipelineCommandHandlerThread-0] INFO  server.RaftServer (RaftServerProxy.java:addNew(98)) - d133bf18-6a62-47fd-9fac-e73e51a269ad: addNew group-60040CE1CEE4:[f6c6ca7c-f19b-4803-9287-3eefa0b50f1b|rpc:10.1.0.69:15032|admin:10.1.0.69:15031|client:10.1.0.69:15030|dataStream:10.1.0.69:15033|priority:1|startupRole:FOLLOWER, d133bf18-6a62-47fd-9fac-e73e51a269ad|rpc:10.1.0.69:15023|admin:10.1.0.69:15022|client:10.1.0.69:15021|dataStream:10.1.0.69:15024|priority:0|startupRole:FOLLOWER, 0c3903ae-4b96-4c44-85fb-f5bdd10725bb|rpc:10.1.0.69:15014|admin:10.1.0.69:15013|client:10.1.0.69:15012|dataStream:10.1.0.69:15015|priority:0|startupRole:FOLLOWER] returns group-60040CE1CEE4:java.util.concurrent.CompletableFuture@5e5a2af6[Not completed]
2023-07-28 23:24:39,157 [f6c6ca7c-f19b-4803-9287-3eefa0b50f1b@group-60040CE1CEE4-FollowerState] INFO  server.RaftServerConfigKeys (ConfUtils.java:logFallback(53)) - raft.server.rpc.first-election.timeout.max = 5200ms (fallback to raft.server.rpc.timeout.max)
2023-07-28 23:24:39,163 [d133bf18-6a62-47fd-9fac-e73e51a269ad-groupManagement] INFO  storage.RaftStorageDirectory (RaftStorageDirectoryImpl.java:analyzeStorage(137)) - The storage directory /home/runner/work/ozone/ozone/hadoop-ozone/integration-test/target/test-dir/MiniOzoneClusterImpl-87b6fce1-c6a6-46a6-82b1-f7f83edcbc7c/datanode-1/data/ratis/75a335ff-68e4-400d-bdc7-60040ce1cee4 does not exist. Creating ...
2023-07-28 23:24:39,176 [d133bf18-6a62-47fd-9fac-e73e51a269ad-groupManagement] INFO  storage.RaftStorageDirectory (RaftStorageDirectoryImpl.java:tryLock(231)) - Lock on /home/runner/work/ozone/ozone/hadoop-ozone/integration-test/target/test-dir/MiniOzoneClusterImpl-87b6fce1-c6a6-46a6-82b1-f7f83edcbc7c/datanode-1/data/ratis/75a335ff-68e4-400d-bdc7-60040ce1cee4/in_use.lock acquired by nodename 44906@fv-az275-145
2023-07-28 23:24:39,178 [d133bf18-6a62-47fd-9fac-e73e51a269ad-groupManagement] INFO  storage.RaftStorage (RaftStorageImpl.java:format(96)) - Storage directory /home/runner/work/ozone/ozone/hadoop-ozone/integration-test/target/test-dir/MiniOzoneClusterImpl-87b6fce1-c6a6-46a6-82b1-f7f83edcbc7c/datanode-1/data/ratis/75a335ff-68e4-400d-bdc7-60040ce1cee4 has been successfully formatted.
2023-07-28 23:24:39,179 [d133bf18-6a62-47fd-9fac-e73e51a269ad-groupManagement] INFO  ratis.ContainerStateMachine (ContainerStateMachine.java:loadSnapshot(262)) - group-60040CE1CEE4: The snapshot info is null. Setting the last applied indexto:(t:0, i:~)
2023-07-28 23:24:39,179 [d133bf18-6a62-47fd-9fac-e73e51a269ad-groupManagement] INFO  server.RaftServerConfigKeys (ConfUtils.java:logGet(46)) - raft.server.log.use.memory = false (default)
2023-07-28 23:24:39,179 [d133bf18-6a62-47fd-9fac-e73e51a269ad-groupManagement] INFO  server.RaftServerConfigKeys (ConfUtils.java:logGet(46)) - raft.server.log.purge.gap = 1000000 (custom)
2023-07-28 23:24:39,179 [d133bf18-6a62-47fd-9fac-e73e51a269ad-groupManagement] INFO  server.RaftServerConfigKeys (ConfUtils.java:logGet(46)) - raft.server.log.appender.buffer.byte-limit = 33554432 (custom)
2023-07-28 23:24:39,179 [d133bf18-6a62-47fd-9fac-e73e51a269ad-groupManagement] INFO  server.RaftServerConfigKeys (ConfUtils.java:logGet(46)) - raft.server.log.statemachine.data.read.timeout = 1000ms (default)
2023-07-28 23:24:39,179 [d133bf18-6a62-47fd-9fac-e73e51a269ad-groupManagement] INFO  server.RaftServerConfigKeys (ConfUtils.java:logGet(46)) - raft.server.log.purge.preservation.log.num = 0 (default)
2023-07-28 23:24:39,179 [d133bf18-6a62-47fd-9fac-e73e51a269ad-groupManagement] INFO  server.RaftServerConfigKeys (ConfUtils.java:logGet(46)) - raft.server.log.segment.size.max = 1048576 (custom)
2023-07-28 23:24:39,180 [d133bf18-6a62-47fd-9fac-e73e51a269ad-groupManagement] INFO  server.RaftServerConfigKeys (ConfUtils.java:logGet(46)) - raft.server.log.segment.cache.num.max = 2 (custom)
2023-07-28 23:24:39,180 [d133bf18-6a62-47fd-9fac-e73e51a269ad-groupManagement] INFO  server.RaftServerConfigKeys (ConfUtils.java:logGet(46)) - raft.server.log.segment.cache.size.max = 200MB (=209715200) (default)
2023-07-28 23:24:39,180 [d133bf18-6a62-47fd-9fac-e73e51a269ad-groupManagement] INFO  server.RaftServerConfigKeys (ConfUtils.java:logGet(46)) - raft.server.log.appender.buffer.byte-limit = 33554432 (custom)
2023-07-28 23:24:39,180 [d133bf18-6a62-47fd-9fac-e73e51a269ad-groupManagement] INFO  segmented.SegmentedRaftLogWorker (SegmentedRaftLogWorker.java:<init>(188)) - new d133bf18-6a62-47fd-9fac-e73e51a269ad@group-60040CE1CEE4-SegmentedRaftLogWorker for RaftStorageImpl:Storage Directory /home/runner/work/ozone/ozone/hadoop-ozone/integration-test/target/test-dir/MiniOzoneClusterImpl-87b6fce1-c6a6-46a6-82b1-f7f83edcbc7c/datanode-1/data/ratis/75a335ff-68e4-400d-bdc7-60040ce1cee4
2023-07-28 23:24:39,180 [d133bf18-6a62-47fd-9fac-e73e51a269ad-groupManagement] INFO  server.RaftServerConfigKeys (ConfUtils.java:logGet(46)) - raft.server.log.queue.byte-limit = 4294967296 (custom)
2023-07-28 23:24:39,180 [d133bf18-6a62-47fd-9fac-e73e51a269ad-groupManagement] INFO  server.RaftServerConfigKeys (ConfUtils.java:logGet(46)) - raft.server.log.queue.element-limit = 1024 (custom)
2023-07-28 23:24:39,180 [d133bf18-6a62-47fd-9fac-e73e51a269ad-groupManagement] INFO  server.RaftServerConfigKeys (ConfUtils.java:logGet(46)) - raft.server.log.segment.size.max = 1048576 (custom)
2023-07-28 23:24:39,181 [d133bf18-6a62-47fd-9fac-e73e51a269ad-groupManagement] INFO  server.RaftServerConfigKeys (ConfUtils.java:logGet(46)) - raft.server.log.preallocated.size = 16384 (custom)
2023-07-28 23:24:39,181 [d133bf18-6a62-47fd-9fac-e73e51a269ad-groupManagement] INFO  server.RaftServerConfigKeys (ConfUtils.java:logGet(46)) - raft.server.log.force.sync.num = 128 (default)
2023-07-28 23:24:39,181 [d133bf18-6a62-47fd-9fac-e73e51a269ad-groupManagement] INFO  server.RaftServerConfigKeys (ConfUtils.java:logGet(46)) - raft.server.log.statemachine.data.sync = true (default)
2023-07-28 23:24:39,181 [d133bf18-6a62-47fd-9fac-e73e51a269ad-groupManagement] INFO  server.RaftServerConfigKeys (ConfUtils.java:logGet(46)) - raft.server.log.statemachine.data.sync.timeout = 10s (default)
2023-07-28 23:24:39,181 [d133bf18-6a62-47fd-9fac-e73e51a269ad-groupManagement] INFO  server.RaftServerConfigKeys (ConfUtils.java:logGet(46)) - raft.server.log.statemachine.data.sync.timeout.retry = -1 (default)
2023-07-28 23:24:39,182 [d133bf18-6a62-47fd-9fac-e73e51a269ad-groupManagement] INFO  server.RaftServerConfigKeys (ConfUtils.java:logGet(46)) - raft.server.log.write.buffer.size = 1048576 (custom)
2023-07-28 23:24:39,183 [d133bf18-6a62-47fd-9fac-e73e51a269ad-groupManagement] INFO  server.RaftServerConfigKeys (ConfUtils.java:logGet(46)) - raft.server.log.appender.buffer.byte-limit = 33554432 (custom)
2023-07-28 23:24:39,192 [d133bf18-6a62-47fd-9fac-e73e51a269ad-groupManagement] INFO  server.RaftServerConfigKeys (ConfUtils.java:logGet(46)) - raft.server.log.unsafe-flush.enabled = false (default)
2023-07-28 23:24:39,194 [EventQueue-OpenPipelineForHealthyPipelineSafeModeRule] INFO  safemode.SCMSafeModeManager (HealthyPipelineSafeModeRule.java:process(137)) - SCM in safe mode. Healthy pipelines reported count is 0, required healthy pipeline reported count is 1
2023-07-28 23:24:39,195 [d133bf18-6a62-47fd-9fac-e73e51a269ad-groupManagement] INFO  server.RaftServerConfigKeys (ConfUtils.java:logGet(46)) - raft.server.log.async-flush.enabled = false (default)
2023-07-28 23:24:39,195 [d133bf18-6a62-47fd-9fac-e73e51a269ad-groupManagement] INFO  server.RaftServerConfigKeys (ConfUtils.java:logGet(46)) - raft.server.log.statemachine.data.caching.enabled = true (custom)
2023-07-28 23:24:39,196 [d133bf18-6a62-47fd-9fac-e73e51a269ad-groupManagement] INFO  segmented.SegmentedRaftLogWorker (SegmentedRaftLogWorker.java:lambda$new$0(135)) - d133bf18-6a62-47fd-9fac-e73e51a269ad@group-60040CE1CEE4-SegmentedRaftLogWorker: flushIndex: setUnconditionally 0 -> -1
2023-07-28 23:24:39,196 [d133bf18-6a62-47fd-9fac-e73e51a269ad-groupManagement] INFO  segmented.SegmentedRaftLogWorker (SegmentedRaftLogWorker.java:lambda$new$0(135)) - d133bf18-6a62-47fd-9fac-e73e51a269ad@group-60040CE1CEE4-SegmentedRaftLogWorker: safeCacheEvictIndex: setUnconditionally 0 -> -1
2023-07-28 23:24:39,200 [d133bf18-6a62-47fd-9fac-e73e51a269ad-groupManagement] INFO  server.RaftServer$Division (RaftServerImpl.java:start(342)) - d133bf18-6a62-47fd-9fac-e73e51a269ad@group-60040CE1CEE4: start as a follower, conf=-1: peers:[f6c6ca7c-f19b-4803-9287-3eefa0b50f1b|rpc:10.1.0.69:15032|admin:10.1.0.69:15031|client:10.1.0.69:15030|dataStream:10.1.0.69:15033|priority:1|startupRole:FOLLOWER, d133bf18-6a62-47fd-9fac-e73e51a269ad|rpc:10.1.0.69:15023|admin:10.1.0.69:15022|client:10.1.0.69:15021|dataStream:10.1.0.69:15024|priority:0|startupRole:FOLLOWER, 0c3903ae-4b96-4c44-85fb-f5bdd10725bb|rpc:10.1.0.69:15014|admin:10.1.0.69:15013|client:10.1.0.69:15012|dataStream:10.1.0.69:15015|priority:0|startupRole:FOLLOWER]|listeners:[], old=null
2023-07-28 23:24:39,200 [d133bf18-6a62-47fd-9fac-e73e51a269ad-groupManagement] INFO  server.RaftServer$Division (RaftServerImpl.java:setRole(329)) - d133bf18-6a62-47fd-9fac-e73e51a269ad@group-60040CE1CEE4: changes role from      null to FOLLOWER at term 0 for startAsFollower
2023-07-28 23:24:39,200 [d133bf18-6a62-47fd-9fac-e73e51a269ad-groupManagement] INFO  impl.RoleInfo (RoleInfo.java:updateAndGet(139)) - d133bf18-6a62-47fd-9fac-e73e51a269ad: start d133bf18-6a62-47fd-9fac-e73e51a269ad@group-60040CE1CEE4-FollowerState
2023-07-28 23:24:39,201 [d133bf18-6a62-47fd-9fac-e73e51a269ad-groupManagement] INFO  util.JmxRegister (JmxRegister.java:tryRegister(44)) - Successfully registered JMX Bean with object name Ratis:service=RaftServer,group=group-60040CE1CEE4,id=d133bf18-6a62-47fd-9fac-e73e51a269ad
2023-07-28 23:24:39,201 [d133bf18-6a62-47fd-9fac-e73e51a269ad-groupManagement] INFO  server.RaftServerConfigKeys (ConfUtils.java:logGet(46)) - raft.server.snapshot.auto.trigger.enabled = true (custom)
2023-07-28 23:24:39,201 [d133bf18-6a62-47fd-9fac-e73e51a269ad-groupManagement] INFO  server.RaftServerConfigKeys (ConfUtils.java:logGet(46)) - raft.server.snapshot.auto.trigger.threshold = 10000 (custom)
2023-07-28 23:24:39,201 [d133bf18-6a62-47fd-9fac-e73e51a269ad-groupManagement] INFO  server.RaftServerConfigKeys (ConfUtils.java:logGet(46)) - raft.server.snapshot.retention.file.num = 5 (custom)
2023-07-28 23:24:39,201 [d133bf18-6a62-47fd-9fac-e73e51a269ad-groupManagement] INFO  server.RaftServerConfigKeys (ConfUtils.java:logGet(46)) - raft.server.log.purge.upto.snapshot.index = false (default)
2023-07-28 23:24:39,203 [d133bf18-6a62-47fd-9fac-e73e51a269ad@group-60040CE1CEE4-FollowerState] INFO  server.RaftServerConfigKeys (ConfUtils.java:logFallback(53)) - raft.server.rpc.first-election.timeout.min = 5s (fallback to raft.server.rpc.timeout.min)
2023-07-28 23:24:39,218 [d133bf18-6a62-47fd-9fac-e73e51a269ad@group-60040CE1CEE4-FollowerState] INFO  server.RaftServerConfigKeys (ConfUtils.java:logFallback(53)) - raft.server.rpc.first-election.timeout.max = 5200ms (fallback to raft.server.rpc.timeout.max)
2023-07-28 23:24:39,218 [PipelineCommandHandlerThread-0] INFO  ratis.XceiverServerRatis (XceiverServerRatis.java:addGroup(804)) - Created group PipelineID=75a335ff-68e4-400d-bdc7-60040ce1cee4
2023-07-28 23:24:39,345 [main] INFO  ozone.MiniOzoneClusterImpl (MiniOzoneClusterImpl.java:lambda$waitForClusterToBeReady$0(224)) - Nodes are ready. Got 3 of 3 DN Heartbeats.
2023-07-28 23:24:39,345 [main] INFO  ozone.MiniOzoneClusterImpl (MiniOzoneClusterImpl.java:lambda$waitForClusterToBeReady$0(227)) - Waiting for cluster to exit safe mode
2023-07-28 23:24:39,345 [main] INFO  ozone.MiniOzoneClusterImpl (MiniOzoneClusterImpl.java:lambda$waitForClusterToBeReady$0(229)) - SCM became leader
2023-07-28 23:24:39,352 [PipelineCommandHandlerThread-0] INFO  server.RaftServer (RaftServerProxy.java:addNew(98)) - f6c6ca7c-f19b-4803-9287-3eefa0b50f1b: addNew group-A523B75EEC7E:[f6c6ca7c-f19b-4803-9287-3eefa0b50f1b|rpc:10.1.0.69:15032|admin:10.1.0.69:15031|client:10.1.0.69:15030|dataStream:10.1.0.69:15033|priority:1|startupRole:FOLLOWER] returns group-A523B75EEC7E:java.util.concurrent.CompletableFuture@22ad8910[Not completed]
2023-07-28 23:24:39,355 [f6c6ca7c-f19b-4803-9287-3eefa0b50f1b-groupManagement] INFO  server.RaftServer$Division (RaftServerImpl.java:<init>(198)) - f6c6ca7c-f19b-4803-9287-3eefa0b50f1b: new RaftServerImpl for group-A523B75EEC7E:[f6c6ca7c-f19b-4803-9287-3eefa0b50f1b|rpc:10.1.0.69:15032|admin:10.1.0.69:15031|client:10.1.0.69:15030|dataStream:10.1.0.69:15033|priority:1|startupRole:FOLLOWER] with ContainerStateMachine:uninitialized
2023-07-28 23:24:39,355 [f6c6ca7c-f19b-4803-9287-3eefa0b50f1b-groupManagement] INFO  server.RaftServerConfigKeys (ConfUtils.java:logGet(46)) - raft.server.rpc.timeout.min = 5s (custom)
2023-07-28 23:24:39,355 [f6c6ca7c-f19b-4803-9287-3eefa0b50f1b-groupManagement] INFO  server.RaftServerConfigKeys (ConfUtils.java:logGet(46)) - raft.server.rpc.timeout.max = 5200ms (custom)
2023-07-28 23:24:39,355 [f6c6ca7c-f19b-4803-9287-3eefa0b50f1b-groupManagement] INFO  server.RaftServerConfigKeys (ConfUtils.java:logGet(46)) - raft.server.rpc.sleep.time = 25ms (default)
2023-07-28 23:24:39,355 [f6c6ca7c-f19b-4803-9287-3eefa0b50f1b-groupManagement] INFO  server.RaftServerConfigKeys (ConfUtils.java:logGet(46)) - raft.server.rpc.slowness.timeout = 300s (custom)
2023-07-28 23:24:39,355 [f6c6ca7c-f19b-4803-9287-3eefa0b50f1b-groupManagement] INFO  server.RaftServerConfigKeys (ConfUtils.java:logGet(46)) - raft.server.leaderelection.leader.step-down.wait-time = 10s (default)
2023-07-28 23:24:39,355 [f6c6ca7c-f19b-4803-9287-3eefa0b50f1b-groupManagement] INFO  server.RaftServerConfigKeys (ConfUtils.java:logGet(46)) - raft.server.sleep.deviation.threshold = 300ms (default)
2023-07-28 23:24:39,355 [f6c6ca7c-f19b-4803-9287-3eefa0b50f1b-groupManagement] INFO  server.RaftServer$Division (ServerState.java:<init>(120)) - f6c6ca7c-f19b-4803-9287-3eefa0b50f1b@group-A523B75EEC7E: ConfigurationManager, init=-1: peers:[f6c6ca7c-f19b-4803-9287-3eefa0b50f1b|rpc:10.1.0.69:15032|admin:10.1.0.69:15031|client:10.1.0.69:15030|dataStream:10.1.0.69:15033|priority:1|startupRole:FOLLOWER]|listeners:[], old=null, confs=<EMPTY_MAP>
2023-07-28 23:24:39,355 [f6c6ca7c-f19b-4803-9287-3eefa0b50f1b-groupManagement] INFO  server.RaftServerConfigKeys (ConfUtils.java:logGet(46)) - raft.server.storage.dir = [/home/runner/work/ozone/ozone/hadoop-ozone/integration-test/target/test-dir/MiniOzoneClusterImpl-87b6fce1-c6a6-46a6-82b1-f7f83edcbc7c/datanode-2/data/ratis] (custom)
2023-07-28 23:24:39,356 [f6c6ca7c-f19b-4803-9287-3eefa0b50f1b-groupManagement] INFO  server.RaftServerConfigKeys (ConfUtils.java:logGet(46)) - raft.server.log.corruption.policy = EXCEPTION (default)
2023-07-28 23:24:39,356 [f6c6ca7c-f19b-4803-9287-3eefa0b50f1b-groupManagement] INFO  server.RaftServerConfigKeys (ConfUtils.java:logGet(46)) - raft.server.storage.free-space.min = 0MB (=0) (default)
2023-07-28 23:24:39,356 [f6c6ca7c-f19b-4803-9287-3eefa0b50f1b-groupManagement] INFO  server.RaftServerConfigKeys (ConfUtils.java:logGet(46)) - raft.server.notification.no-leader.timeout = 300s (custom)
2023-07-28 23:24:39,356 [f6c6ca7c-f19b-4803-9287-3eefa0b50f1b-groupManagement] INFO  server.RaftServerConfigKeys (ConfUtils.java:logGet(46)) - raft.server.read.timeout = 10s (default)
2023-07-28 23:24:39,356 [f6c6ca7c-f19b-4803-9287-3eefa0b50f1b-groupManagement] INFO  server.RaftServerConfigKeys (ConfUtils.java:logGet(46)) - raft.server.retrycache.expirytime = 600000ms (custom)
2023-07-28 23:24:39,356 [f6c6ca7c-f19b-4803-9287-3eefa0b50f1b-groupManagement] INFO  server.RaftServerConfigKeys (ConfUtils.java:logGet(46)) - raft.server.retrycache.statistics.expirytime = 100μs (default)
2023-07-28 23:24:39,356 [f6c6ca7c-f19b-4803-9287-3eefa0b50f1b-groupManagement] INFO  server.RaftServerConfigKeys (ConfUtils.java:logGet(46)) - raft.server.read.option = DEFAULT (default)
2023-07-28 23:24:39,358 [f6c6ca7c-f19b-4803-9287-3eefa0b50f1b-groupManagement] INFO  server.RaftServerConfigKeys (ConfUtils.java:logGet(46)) - raft.server.rpc.request.timeout = 60s (custom)
2023-07-28 23:24:39,358 [f6c6ca7c-f19b-4803-9287-3eefa0b50f1b-groupManagement] INFO  server.RaftServerConfigKeys (ConfUtils.java:logGet(46)) - raft.server.log.appender.install.snapshot.enabled = false (custom)
2023-07-28 23:24:39,358 [f6c6ca7c-f19b-4803-9287-3eefa0b50f1b-groupManagement] INFO  server.RaftServerConfigKeys (ConfUtils.java:logGet(46)) - raft.server.threadpool.server.cached = true (default)
2023-07-28 23:24:39,358 [f6c6ca7c-f19b-4803-9287-3eefa0b50f1b-groupManagement] INFO  server.RaftServerConfigKeys (ConfUtils.java:logGet(46)) - raft.server.threadpool.server.size = 0 (default)
2023-07-28 23:24:39,358 [f6c6ca7c-f19b-4803-9287-3eefa0b50f1b-groupManagement] INFO  server.RaftServerConfigKeys (ConfUtils.java:logGet(46)) - raft.server.threadpool.client.cached = true (default)
2023-07-28 23:24:39,358 [f6c6ca7c-f19b-4803-9287-3eefa0b50f1b-groupManagement] INFO  server.RaftServerConfigKeys (ConfUtils.java:logGet(46)) - raft.server.threadpool.client.size = 0 (default)
2023-07-28 23:24:39,358 [f6c6ca7c-f19b-4803-9287-3eefa0b50f1b-groupManagement] INFO  storage.RaftStorageDirectory (RaftStorageDirectoryImpl.java:analyzeStorage(137)) - The storage directory /home/runner/work/ozone/ozone/hadoop-ozone/integration-test/target/test-dir/MiniOzoneClusterImpl-87b6fce1-c6a6-46a6-82b1-f7f83edcbc7c/datanode-2/data/ratis/6cd44ab4-36fc-474e-a774-a523b75eec7e does not exist. Creating ...
2023-07-28 23:24:39,360 [PipelineCommandHandlerThread-0] INFO  commandhandler.CreatePipelineCommandHandler (CreatePipelineCommandHandler.java:lambda$handle$2(124)) - Created Pipeline RATIS THREE PipelineID=75a335ff-68e4-400d-bdc7-60040ce1cee4.
2023-07-28 23:24:39,361 [PipelineCommandHandlerThread-0] INFO  server.RaftServer (RaftServerProxy.java:addNew(98)) - 0c3903ae-4b96-4c44-85fb-f5bdd10725bb: addNew group-0F1A09AA3450:[f6c6ca7c-f19b-4803-9287-3eefa0b50f1b|rpc:10.1.0.69:15032|admin:10.1.0.69:15031|client:10.1.0.69:15030|dataStream:10.1.0.69:15033|priority:0|startupRole:FOLLOWER, d133bf18-6a62-47fd-9fac-e73e51a269ad|rpc:10.1.0.69:15023|admin:10.1.0.69:15022|client:10.1.0.69:15021|dataStream:10.1.0.69:15024|priority:1|startupRole:FOLLOWER, 0c3903ae-4b96-4c44-85fb-f5bdd10725bb|rpc:10.1.0.69:15014|admin:10.1.0.69:15013|client:10.1.0.69:15012|dataStream:10.1.0.69:15015|priority:0|startupRole:FOLLOWER] returns group-0F1A09AA3450:java.util.concurrent.CompletableFuture@1d6f6aa3[Not completed]
2023-07-28 23:24:39,361 [f6c6ca7c-f19b-4803-9287-3eefa0b50f1b-groupManagement] INFO  storage.RaftStorageDirectory (RaftStorageDirectoryImpl.java:tryLock(231)) - Lock on /home/runner/work/ozone/ozone/hadoop-ozone/integration-test/target/test-dir/MiniOzoneClusterImpl-87b6fce1-c6a6-46a6-82b1-f7f83edcbc7c/datanode-2/data/ratis/6cd44ab4-36fc-474e-a774-a523b75eec7e/in_use.lock acquired by nodename 44906@fv-az275-145
2023-07-28 23:24:39,363 [0c3903ae-4b96-4c44-85fb-f5bdd10725bb-groupManagement] INFO  server.RaftServer$Division (RaftServerImpl.java:<init>(198)) - 0c3903ae-4b96-4c44-85fb-f5bdd10725bb: new RaftServerImpl for group-0F1A09AA3450:[f6c6ca7c-f19b-4803-9287-3eefa0b50f1b|rpc:10.1.0.69:15032|admin:10.1.0.69:15031|client:10.1.0.69:15030|dataStream:10.1.0.69:15033|priority:0|startupRole:FOLLOWER, d133bf18-6a62-47fd-9fac-e73e51a269ad|rpc:10.1.0.69:15023|admin:10.1.0.69:15022|client:10.1.0.69:15021|dataStream:10.1.0.69:15024|priority:1|startupRole:FOLLOWER, 0c3903ae-4b96-4c44-85fb-f5bdd10725bb|rpc:10.1.0.69:15014|admin:10.1.0.69:15013|client:10.1.0.69:15012|dataStream:10.1.0.69:15015|priority:0|startupRole:FOLLOWER] with ContainerStateMachine:uninitialized
2023-07-28 23:24:39,364 [0c3903ae-4b96-4c44-85fb-f5bdd10725bb-groupManagement] INFO  server.RaftServerConfigKeys (ConfUtils.java:logGet(46)) - raft.server.rpc.timeout.min = 5s (custom)
2023-07-28 23:24:39,364 [0c3903ae-4b96-4c44-85fb-f5bdd10725bb-groupManagement] INFO  server.RaftServerConfigKeys (ConfUtils.java:logGet(46)) - raft.server.rpc.timeout.max = 5200ms (custom)
2023-07-28 23:24:39,364 [0c3903ae-4b96-4c44-85fb-f5bdd10725bb-groupManagement] INFO  server.RaftServerConfigKeys (ConfUtils.java:logGet(46)) - raft.server.rpc.sleep.time = 25ms (default)
2023-07-28 23:24:39,364 [0c3903ae-4b96-4c44-85fb-f5bdd10725bb-groupManagement] INFO  server.RaftServerConfigKeys (ConfUtils.java:logGet(46)) - raft.server.rpc.slowness.timeout = 300s (custom)
2023-07-28 23:24:39,364 [0c3903ae-4b96-4c44-85fb-f5bdd10725bb-groupManagement] INFO  server.RaftServerConfigKeys (ConfUtils.java:logGet(46)) - raft.server.leaderelection.leader.step-down.wait-time = 10s (default)
2023-07-28 23:24:39,364 [0c3903ae-4b96-4c44-85fb-f5bdd10725bb-groupManagement] INFO  server.RaftServerConfigKeys (ConfUtils.java:logGet(46)) - raft.server.sleep.deviation.threshold = 300ms (default)
2023-07-28 23:24:39,365 [0c3903ae-4b96-4c44-85fb-f5bdd10725bb-groupManagement] INFO  server.RaftServer$Division (ServerState.java:<init>(120)) - 0c3903ae-4b96-4c44-85fb-f5bdd10725bb@group-0F1A09AA3450: ConfigurationManager, init=-1: peers:[f6c6ca7c-f19b-4803-9287-3eefa0b50f1b|rpc:10.1.0.69:15032|admin:10.1.0.69:15031|client:10.1.0.69:15030|dataStream:10.1.0.69:15033|priority:0|startupRole:FOLLOWER, d133bf18-6a62-47fd-9fac-e73e51a269ad|rpc:10.1.0.69:15023|admin:10.1.0.69:15022|client:10.1.0.69:15021|dataStream:10.1.0.69:15024|priority:1|startupRole:FOLLOWER, 0c3903ae-4b96-4c44-85fb-f5bdd10725bb|rpc:10.1.0.69:15014|admin:10.1.0.69:15013|client:10.1.0.69:15012|dataStream:10.1.0.69:15015|priority:0|startupRole:FOLLOWER]|listeners:[], old=null, confs=<EMPTY_MAP>
2023-07-28 23:24:39,365 [0c3903ae-4b96-4c44-85fb-f5bdd10725bb-groupManagement] INFO  server.RaftServerConfigKeys (ConfUtils.java:logGet(46)) - raft.server.storage.dir = [/home/runner/work/ozone/ozone/hadoop-ozone/integration-test/target/test-dir/MiniOzoneClusterImpl-87b6fce1-c6a6-46a6-82b1-f7f83edcbc7c/datanode-0/data/ratis] (custom)
2023-07-28 23:24:39,365 [f6c6ca7c-f19b-4803-9287-3eefa0b50f1b-groupManagement] INFO  storage.RaftStorage (RaftStorageImpl.java:format(96)) - Storage directory /home/runner/work/ozone/ozone/hadoop-ozone/integration-test/target/test-dir/MiniOzoneClusterImpl-87b6fce1-c6a6-46a6-82b1-f7f83edcbc7c/datanode-2/data/ratis/6cd44ab4-36fc-474e-a774-a523b75eec7e has been successfully formatted.
2023-07-28 23:24:39,366 [0c3903ae-4b96-4c44-85fb-f5bdd10725bb-groupManagement] INFO  server.RaftServerConfigKeys (ConfUtils.java:logGet(46)) - raft.server.log.corruption.policy = EXCEPTION (default)
2023-07-28 23:24:39,367 [0c3903ae-4b96-4c44-85fb-f5bdd10725bb-groupManagement] INFO  server.RaftServerConfigKeys (ConfUtils.java:logGet(46)) - raft.server.storage.free-space.min = 0MB (=0) (default)
2023-07-28 23:24:39,367 [0c3903ae-4b96-4c44-85fb-f5bdd10725bb-groupManagement] INFO  server.RaftServerConfigKeys (ConfUtils.java:logGet(46)) - raft.server.notification.no-leader.timeout = 300s (custom)
2023-07-28 23:24:39,369 [0c3903ae-4b96-4c44-85fb-f5bdd10725bb-groupManagement] INFO  server.RaftServerConfigKeys (ConfUtils.java:logGet(46)) - raft.server.read.timeout = 10s (default)
2023-07-28 23:24:39,369 [0c3903ae-4b96-4c44-85fb-f5bdd10725bb-groupManagement] INFO  server.RaftServerConfigKeys (ConfUtils.java:logGet(46)) - raft.server.retrycache.expirytime = 600000ms (custom)
2023-07-28 23:24:39,369 [0c3903ae-4b96-4c44-85fb-f5bdd10725bb-groupManagement] INFO  server.RaftServerConfigKeys (ConfUtils.java:logGet(46)) - raft.server.retrycache.statistics.expirytime = 100μs (default)
2023-07-28 23:24:39,369 [0c3903ae-4b96-4c44-85fb-f5bdd10725bb-groupManagement] INFO  server.RaftServerConfigKeys (ConfUtils.java:logGet(46)) - raft.server.read.option = DEFAULT (default)
2023-07-28 23:24:39,370 [EventQueue-PipelineReportForPipelineReportHandler] INFO  pipeline.PipelineReportHandler (PipelineReportHandler.java:processPipelineReport(136)) - Opened pipeline PipelineID=6cd44ab4-36fc-474e-a774-a523b75eec7e
2023-07-28 23:24:39,370 [EventQueue-OpenPipelineForHealthyPipelineSafeModeRule] INFO  safemode.SCMSafeModeManager (HealthyPipelineSafeModeRule.java:process(137)) - SCM in safe mode. Healthy pipelines reported count is 0, required healthy pipeline reported count is 1
2023-07-28 23:24:39,367 [f6c6ca7c-f19b-4803-9287-3eefa0b50f1b-groupManagement] INFO  ratis.ContainerStateMachine (ContainerStateMachine.java:loadSnapshot(262)) - group-A523B75EEC7E: The snapshot info is null. Setting the last applied indexto:(t:0, i:~)
2023-07-28 23:24:39,371 [f6c6ca7c-f19b-4803-9287-3eefa0b50f1b-groupManagement] INFO  server.RaftServerConfigKeys (ConfUtils.java:logGet(46)) - raft.server.log.use.memory = false (default)
2023-07-28 23:24:39,370 [0c3903ae-4b96-4c44-85fb-f5bdd10725bb-groupManagement] INFO  server.RaftServerConfigKeys (ConfUtils.java:logGet(46)) - raft.server.rpc.request.timeout = 60s (custom)
2023-07-28 23:24:39,371 [f6c6ca7c-f19b-4803-9287-3eefa0b50f1b-groupManagement] INFO  server.RaftServerConfigKeys (ConfUtils.java:logGet(46)) - raft.server.log.purge.gap = 1000000 (custom)
2023-07-28 23:24:39,371 [f6c6ca7c-f19b-4803-9287-3eefa0b50f1b-groupManagement] INFO  server.RaftServerConfigKeys (ConfUtils.java:logGet(46)) - raft.server.log.appender.buffer.byte-limit = 33554432 (custom)
2023-07-28 23:24:39,371 [f6c6ca7c-f19b-4803-9287-3eefa0b50f1b-groupManagement] INFO  server.RaftServerConfigKeys (ConfUtils.java:logGet(46)) - raft.server.log.statemachine.data.read.timeout = 1000ms (default)
2023-07-28 23:24:39,371 [f6c6ca7c-f19b-4803-9287-3eefa0b50f1b-groupManagement] INFO  server.RaftServerConfigKeys (ConfUtils.java:logGet(46)) - raft.server.log.purge.preservation.log.num = 0 (default)
2023-07-28 23:24:39,378 [f6c6ca7c-f19b-4803-9287-3eefa0b50f1b-groupManagement] INFO  server.RaftServerConfigKeys (ConfUtils.java:logGet(46)) - raft.server.log.segment.size.max = 1048576 (custom)
2023-07-28 23:24:39,378 [f6c6ca7c-f19b-4803-9287-3eefa0b50f1b-groupManagement] INFO  server.RaftServerConfigKeys (ConfUtils.java:logGet(46)) - raft.server.log.segment.cache.num.max = 2 (custom)
2023-07-28 23:24:39,378 [f6c6ca7c-f19b-4803-9287-3eefa0b50f1b-groupManagement] INFO  server.RaftServerConfigKeys (ConfUtils.java:logGet(46)) - raft.server.log.segment.cache.size.max = 200MB (=209715200) (default)
2023-07-28 23:24:39,371 [0c3903ae-4b96-4c44-85fb-f5bdd10725bb-groupManagement] INFO  server.RaftServerConfigKeys (ConfUtils.java:logGet(46)) - raft.server.log.appender.install.snapshot.enabled = false (custom)
2023-07-28 23:24:39,383 [0c3903ae-4b96-4c44-85fb-f5bdd10725bb-groupManagement] INFO  server.RaftServerConfigKeys (ConfUtils.java:logGet(46)) - raft.server.threadpool.server.cached = true (default)
2023-07-28 23:24:39,383 [0c3903ae-4b96-4c44-85fb-f5bdd10725bb-groupManagement] INFO  server.RaftServerConfigKeys (ConfUtils.java:logGet(46)) - raft.server.threadpool.server.size = 0 (default)
2023-07-28 23:24:39,385 [0c3903ae-4b96-4c44-85fb-f5bdd10725bb-groupManagement] INFO  server.RaftServerConfigKeys (ConfUtils.java:logGet(46)) - raft.server.threadpool.client.cached = true (default)
2023-07-28 23:24:39,385 [0c3903ae-4b96-4c44-85fb-f5bdd10725bb-groupManagement] INFO  server.RaftServerConfigKeys (ConfUtils.java:logGet(46)) - raft.server.threadpool.client.size = 0 (default)
2023-07-28 23:24:39,386 [0c3903ae-4b96-4c44-85fb-f5bdd10725bb-groupManagement] INFO  storage.RaftStorageDirectory (RaftStorageDirectoryImpl.java:analyzeStorage(137)) - The storage directory /home/runner/work/ozone/ozone/hadoop-ozone/integration-test/target/test-dir/MiniOzoneClusterImpl-87b6fce1-c6a6-46a6-82b1-f7f83edcbc7c/datanode-0/data/ratis/4b18a500-a533-4085-8d3e-0f1a09aa3450 does not exist. Creating ...
2023-07-28 23:24:39,386 [f6c6ca7c-f19b-4803-9287-3eefa0b50f1b-groupManagement] INFO  server.RaftServerConfigKeys (ConfUtils.java:logGet(46)) - raft.server.log.appender.buffer.byte-limit = 33554432 (custom)
2023-07-28 23:24:39,386 [f6c6ca7c-f19b-4803-9287-3eefa0b50f1b-groupManagement] INFO  segmented.SegmentedRaftLogWorker (SegmentedRaftLogWorker.java:<init>(188)) - new f6c6ca7c-f19b-4803-9287-3eefa0b50f1b@group-A523B75EEC7E-SegmentedRaftLogWorker for RaftStorageImpl:Storage Directory /home/runner/work/ozone/ozone/hadoop-ozone/integration-test/target/test-dir/MiniOzoneClusterImpl-87b6fce1-c6a6-46a6-82b1-f7f83edcbc7c/datanode-2/data/ratis/6cd44ab4-36fc-474e-a774-a523b75eec7e
2023-07-28 23:24:39,386 [f6c6ca7c-f19b-4803-9287-3eefa0b50f1b-groupManagement] INFO  server.RaftServerConfigKeys (ConfUtils.java:logGet(46)) - raft.server.log.queue.byte-limit = 4294967296 (custom)
2023-07-28 23:24:39,387 [f6c6ca7c-f19b-4803-9287-3eefa0b50f1b-groupManagement] INFO  server.RaftServerConfigKeys (ConfUtils.java:logGet(46)) - raft.server.log.queue.element-limit = 1024 (custom)
2023-07-28 23:24:39,387 [f6c6ca7c-f19b-4803-9287-3eefa0b50f1b-groupManagement] INFO  server.RaftServerConfigKeys (ConfUtils.java:logGet(46)) - raft.server.log.segment.size.max = 1048576 (custom)
2023-07-28 23:24:39,387 [f6c6ca7c-f19b-4803-9287-3eefa0b50f1b-groupManagement] INFO  server.RaftServerConfigKeys (ConfUtils.java:logGet(46)) - raft.server.log.preallocated.size = 16384 (custom)
2023-07-28 23:24:39,387 [f6c6ca7c-f19b-4803-9287-3eefa0b50f1b-groupManagement] INFO  server.RaftServerConfigKeys (ConfUtils.java:logGet(46)) - raft.server.log.force.sync.num = 128 (default)
2023-07-28 23:24:39,387 [f6c6ca7c-f19b-4803-9287-3eefa0b50f1b-groupManagement] INFO  server.RaftServerConfigKeys (ConfUtils.java:logGet(46)) - raft.server.log.statemachine.data.sync = true (default)
2023-07-28 23:24:39,387 [f6c6ca7c-f19b-4803-9287-3eefa0b50f1b-groupManagement] INFO  server.RaftServerConfigKeys (ConfUtils.java:logGet(46)) - raft.server.log.statemachine.data.sync.timeout = 10s (default)
2023-07-28 23:24:39,387 [f6c6ca7c-f19b-4803-9287-3eefa0b50f1b-groupManagement] INFO  server.RaftServerConfigKeys (ConfUtils.java:logGet(46)) - raft.server.log.statemachine.data.sync.timeout.retry = -1 (default)
2023-07-28 23:24:39,388 [0c3903ae-4b96-4c44-85fb-f5bdd10725bb-groupManagement] INFO  storage.RaftStorageDirectory (RaftStorageDirectoryImpl.java:tryLock(231)) - Lock on /home/runner/work/ozone/ozone/hadoop-ozone/integration-test/target/test-dir/MiniOzoneClusterImpl-87b6fce1-c6a6-46a6-82b1-f7f83edcbc7c/datanode-0/data/ratis/4b18a500-a533-4085-8d3e-0f1a09aa3450/in_use.lock acquired by nodename 44906@fv-az275-145
2023-07-28 23:24:39,388 [f6c6ca7c-f19b-4803-9287-3eefa0b50f1b-groupManagement] INFO  server.RaftServerConfigKeys (ConfUtils.java:logGet(46)) - raft.server.log.write.buffer.size = 1048576 (custom)
2023-07-28 23:24:39,392 [0c3903ae-4b96-4c44-85fb-f5bdd10725bb-groupManagement] INFO  storage.RaftStorage (RaftStorageImpl.java:format(96)) - Storage directory /home/runner/work/ozone/ozone/hadoop-ozone/integration-test/target/test-dir/MiniOzoneClusterImpl-87b6fce1-c6a6-46a6-82b1-f7f83edcbc7c/datanode-0/data/ratis/4b18a500-a533-4085-8d3e-0f1a09aa3450 has been successfully formatted.
2023-07-28 23:24:39,394 [0c3903ae-4b96-4c44-85fb-f5bdd10725bb-groupManagement] INFO  ratis.ContainerStateMachine (ContainerStateMachine.java:loadSnapshot(262)) - group-0F1A09AA3450: The snapshot info is null. Setting the last applied indexto:(t:0, i:~)
2023-07-28 23:24:39,394 [0c3903ae-4b96-4c44-85fb-f5bdd10725bb-groupManagement] INFO  server.RaftServerConfigKeys (ConfUtils.java:logGet(46)) - raft.server.log.use.memory = false (default)
2023-07-28 23:24:39,394 [0c3903ae-4b96-4c44-85fb-f5bdd10725bb-groupManagement] INFO  server.RaftServerConfigKeys (ConfUtils.java:logGet(46)) - raft.server.log.purge.gap = 1000000 (custom)
2023-07-28 23:24:39,394 [0c3903ae-4b96-4c44-85fb-f5bdd10725bb-groupManagement] INFO  server.RaftServerConfigKeys (ConfUtils.java:logGet(46)) - raft.server.log.appender.buffer.byte-limit = 33554432 (custom)
2023-07-28 23:24:39,394 [0c3903ae-4b96-4c44-85fb-f5bdd10725bb-groupManagement] INFO  server.RaftServerConfigKeys (ConfUtils.java:logGet(46)) - raft.server.log.statemachine.data.read.timeout = 1000ms (default)
2023-07-28 23:24:39,394 [0c3903ae-4b96-4c44-85fb-f5bdd10725bb-groupManagement] INFO  server.RaftServerConfigKeys (ConfUtils.java:logGet(46)) - raft.server.log.purge.preservation.log.num = 0 (default)
2023-07-28 23:24:39,395 [0c3903ae-4b96-4c44-85fb-f5bdd10725bb-groupManagement] INFO  server.RaftServerConfigKeys (ConfUtils.java:logGet(46)) - raft.server.log.segment.size.max = 1048576 (custom)
2023-07-28 23:24:39,395 [0c3903ae-4b96-4c44-85fb-f5bdd10725bb-groupManagement] INFO  server.RaftServerConfigKeys (ConfUtils.java:logGet(46)) - raft.server.log.segment.cache.num.max = 2 (custom)
2023-07-28 23:24:39,395 [0c3903ae-4b96-4c44-85fb-f5bdd10725bb-groupManagement] INFO  server.RaftServerConfigKeys (ConfUtils.java:logGet(46)) - raft.server.log.segment.cache.size.max = 200MB (=209715200) (default)
2023-07-28 23:24:39,395 [0c3903ae-4b96-4c44-85fb-f5bdd10725bb-groupManagement] INFO  server.RaftServerConfigKeys (ConfUtils.java:logGet(46)) - raft.server.log.appender.buffer.byte-limit = 33554432 (custom)
2023-07-28 23:24:39,395 [0c3903ae-4b96-4c44-85fb-f5bdd10725bb-groupManagement] INFO  segmented.SegmentedRaftLogWorker (SegmentedRaftLogWorker.java:<init>(188)) - new 0c3903ae-4b96-4c44-85fb-f5bdd10725bb@group-0F1A09AA3450-SegmentedRaftLogWorker for RaftStorageImpl:Storage Directory /home/runner/work/ozone/ozone/hadoop-ozone/integration-test/target/test-dir/MiniOzoneClusterImpl-87b6fce1-c6a6-46a6-82b1-f7f83edcbc7c/datanode-0/data/ratis/4b18a500-a533-4085-8d3e-0f1a09aa3450
2023-07-28 23:24:39,395 [0c3903ae-4b96-4c44-85fb-f5bdd10725bb-groupManagement] INFO  server.RaftServerConfigKeys (ConfUtils.java:logGet(46)) - raft.server.log.queue.byte-limit = 4294967296 (custom)
2023-07-28 23:24:39,395 [0c3903ae-4b96-4c44-85fb-f5bdd10725bb-groupManagement] INFO  server.RaftServerConfigKeys (ConfUtils.java:logGet(46)) - raft.server.log.queue.element-limit = 1024 (custom)
2023-07-28 23:24:39,396 [0c3903ae-4b96-4c44-85fb-f5bdd10725bb-groupManagement] INFO  server.RaftServerConfigKeys (ConfUtils.java:logGet(46)) - raft.server.log.segment.size.max = 1048576 (custom)
2023-07-28 23:24:39,396 [0c3903ae-4b96-4c44-85fb-f5bdd10725bb-groupManagement] INFO  server.RaftServerConfigKeys (ConfUtils.java:logGet(46)) - raft.server.log.preallocated.size = 16384 (custom)
2023-07-28 23:24:39,396 [0c3903ae-4b96-4c44-85fb-f5bdd10725bb-groupManagement] INFO  server.RaftServerConfigKeys (ConfUtils.java:logGet(46)) - raft.server.log.force.sync.num = 128 (default)
2023-07-28 23:24:39,396 [0c3903ae-4b96-4c44-85fb-f5bdd10725bb-groupManagement] INFO  server.RaftServerConfigKeys (ConfUtils.java:logGet(46)) - raft.server.log.statemachine.data.sync = true (default)
2023-07-28 23:24:39,396 [0c3903ae-4b96-4c44-85fb-f5bdd10725bb-groupManagement] INFO  server.RaftServerConfigKeys (ConfUtils.java:logGet(46)) - raft.server.log.statemachine.data.sync.timeout = 10s (default)
2023-07-28 23:24:39,396 [0c3903ae-4b96-4c44-85fb-f5bdd10725bb-groupManagement] INFO  server.RaftServerConfigKeys (ConfUtils.java:logGet(46)) - raft.server.log.statemachine.data.sync.timeout.retry = -1 (default)
2023-07-28 23:24:39,397 [0c3903ae-4b96-4c44-85fb-f5bdd10725bb-groupManagement] INFO  server.RaftServerConfigKeys (ConfUtils.java:logGet(46)) - raft.server.log.write.buffer.size = 1048576 (custom)
2023-07-28 23:24:39,397 [0c3903ae-4b96-4c44-85fb-f5bdd10725bb-groupManagement] INFO  server.RaftServerConfigKeys (ConfUtils.java:logGet(46)) - raft.server.log.appender.buffer.byte-limit = 33554432 (custom)
2023-07-28 23:24:39,400 [f6c6ca7c-f19b-4803-9287-3eefa0b50f1b-groupManagement] INFO  server.RaftServerConfigKeys (ConfUtils.java:logGet(46)) - raft.server.log.appender.buffer.byte-limit = 33554432 (custom)
2023-07-28 23:24:39,695 [0c3903ae-4b96-4c44-85fb-f5bdd10725bb-groupManagement] INFO  server.RaftServerConfigKeys (ConfUtils.java:logGet(46)) - raft.server.log.unsafe-flush.enabled = false (default)
2023-07-28 23:24:39,695 [0c3903ae-4b96-4c44-85fb-f5bdd10725bb-groupManagement] INFO  server.RaftServerConfigKeys (ConfUtils.java:logGet(46)) - raft.server.log.async-flush.enabled = false (default)
2023-07-28 23:24:39,695 [JvmPauseMonitor0] WARN  util.JvmPauseMonitor (JvmPauseMonitor.java:detectPause(124)) - JvmPauseMonitor-03c036d0-a596-4f20-8f85-f8a346c3daee: Detected pause in JVM or host machine approximately 0.164s with 0.279s GC time.
GC pool 'PS MarkSweep' had collection(s): count=1 time=206ms
GC pool 'PS Scavenge' had collection(s): count=1 time=73ms
2023-07-28 23:24:39,699 [JvmPauseMonitor4] WARN  util.JvmPauseMonitor (JvmPauseMonitor.java:detectPause(124)) - JvmPauseMonitor-f6c6ca7c-f19b-4803-9287-3eefa0b50f1b: Detected pause in JVM or host machine approximately 0.259s with 0.279s GC time.
GC pool 'PS MarkSweep' had collection(s): count=1 time=206ms
GC pool 'PS Scavenge' had collection(s): count=1 time=73ms
2023-07-28 23:24:39,695 [0c3903ae-4b96-4c44-85fb-f5bdd10725bb-groupManagement] INFO  server.RaftServerConfigKeys (ConfUtils.java:logGet(46)) - raft.server.log.statemachine.data.caching.enabled = true (custom)
2023-07-28 23:24:39,699 [0c3903ae-4b96-4c44-85fb-f5bdd10725bb-groupManagement] INFO  segmented.SegmentedRaftLogWorker (SegmentedRaftLogWorker.java:lambda$new$0(135)) - 0c3903ae-4b96-4c44-85fb-f5bdd10725bb@group-0F1A09AA3450-SegmentedRaftLogWorker: flushIndex: setUnconditionally 0 -> -1
2023-07-28 23:24:39,699 [0c3903ae-4b96-4c44-85fb-f5bdd10725bb-groupManagement] INFO  segmented.SegmentedRaftLogWorker (SegmentedRaftLogWorker.java:lambda$new$0(135)) - 0c3903ae-4b96-4c44-85fb-f5bdd10725bb@group-0F1A09AA3450-SegmentedRaftLogWorker: safeCacheEvictIndex: setUnconditionally 0 -> -1
2023-07-28 23:24:39,700 [0c3903ae-4b96-4c44-85fb-f5bdd10725bb-groupManagement] INFO  server.RaftServer$Division (RaftServerImpl.java:start(342)) - 0c3903ae-4b96-4c44-85fb-f5bdd10725bb@group-0F1A09AA3450: start as a follower, conf=-1: peers:[f6c6ca7c-f19b-4803-9287-3eefa0b50f1b|rpc:10.1.0.69:15032|admin:10.1.0.69:15031|client:10.1.0.69:15030|dataStream:10.1.0.69:15033|priority:0|startupRole:FOLLOWER, d133bf18-6a62-47fd-9fac-e73e51a269ad|rpc:10.1.0.69:15023|admin:10.1.0.69:15022|client:10.1.0.69:15021|dataStream:10.1.0.69:15024|priority:1|startupRole:FOLLOWER, 0c3903ae-4b96-4c44-85fb-f5bdd10725bb|rpc:10.1.0.69:15014|admin:10.1.0.69:15013|client:10.1.0.69:15012|dataStream:10.1.0.69:15015|priority:0|startupRole:FOLLOWER]|listeners:[], old=null
2023-07-28 23:24:39,700 [0c3903ae-4b96-4c44-85fb-f5bdd10725bb-groupManagement] INFO  server.RaftServer$Division (RaftServerImpl.java:setRole(329)) - 0c3903ae-4b96-4c44-85fb-f5bdd10725bb@group-0F1A09AA3450: changes role from      null to FOLLOWER at term 0 for startAsFollower
2023-07-28 23:24:39,700 [0c3903ae-4b96-4c44-85fb-f5bdd10725bb-groupManagement] INFO  impl.RoleInfo (RoleInfo.java:updateAndGet(139)) - 0c3903ae-4b96-4c44-85fb-f5bdd10725bb: start 0c3903ae-4b96-4c44-85fb-f5bdd10725bb@group-0F1A09AA3450-FollowerState
2023-07-28 23:24:39,701 [0c3903ae-4b96-4c44-85fb-f5bdd10725bb-groupManagement] INFO  util.JmxRegister (JmxRegister.java:tryRegister(44)) - Successfully registered JMX Bean with object name Ratis:service=RaftServer,group=group-0F1A09AA3450,id=0c3903ae-4b96-4c44-85fb-f5bdd10725bb
2023-07-28 23:24:39,701 [0c3903ae-4b96-4c44-85fb-f5bdd10725bb-groupManagement] INFO  server.RaftServerConfigKeys (ConfUtils.java:logGet(46)) - raft.server.snapshot.auto.trigger.enabled = true (custom)
2023-07-28 23:24:39,701 [0c3903ae-4b96-4c44-85fb-f5bdd10725bb-groupManagement] INFO  server.RaftServerConfigKeys (ConfUtils.java:logGet(46)) - raft.server.snapshot.auto.trigger.threshold = 10000 (custom)
2023-07-28 23:24:39,701 [0c3903ae-4b96-4c44-85fb-f5bdd10725bb-groupManagement] INFO  server.RaftServerConfigKeys (ConfUtils.java:logGet(46)) - raft.server.snapshot.retention.file.num = 5 (custom)
2023-07-28 23:24:39,701 [0c3903ae-4b96-4c44-85fb-f5bdd10725bb-groupManagement] INFO  server.RaftServerConfigKeys (ConfUtils.java:logGet(46)) - raft.server.log.purge.upto.snapshot.index = false (default)
2023-07-28 23:24:39,702 [0c3903ae-4b96-4c44-85fb-f5bdd10725bb@group-0F1A09AA3450-FollowerState] INFO  server.RaftServerConfigKeys (ConfUtils.java:logFallback(53)) - raft.server.rpc.first-election.timeout.min = 5s (fallback to raft.server.rpc.timeout.min)
2023-07-28 23:24:39,706 [EventQueue-OpenPipelineForHealthyPipelineSafeModeRule] INFO  safemode.SCMSafeModeManager (HealthyPipelineSafeModeRule.java:process(137)) - SCM in safe mode. Healthy pipelines reported count is 0, required healthy pipeline reported count is 1
2023-07-28 23:24:39,703 [f6c6ca7c-f19b-4803-9287-3eefa0b50f1b-groupManagement] INFO  server.RaftServerConfigKeys (ConfUtils.java:logGet(46)) - raft.server.log.unsafe-flush.enabled = false (default)
2023-07-28 23:24:39,708 [f6c6ca7c-f19b-4803-9287-3eefa0b50f1b-groupManagement] INFO  server.RaftServerConfigKeys (ConfUtils.java:logGet(46)) - raft.server.log.async-flush.enabled = false (default)
2023-07-28 23:24:39,708 [f6c6ca7c-f19b-4803-9287-3eefa0b50f1b-groupManagement] INFO  server.RaftServerConfigKeys (ConfUtils.java:logGet(46)) - raft.server.log.statemachine.data.caching.enabled = true (custom)
2023-07-28 23:24:39,709 [f6c6ca7c-f19b-4803-9287-3eefa0b50f1b-groupManagement] INFO  segmented.SegmentedRaftLogWorker (SegmentedRaftLogWorker.java:lambda$new$0(135)) - f6c6ca7c-f19b-4803-9287-3eefa0b50f1b@group-A523B75EEC7E-SegmentedRaftLogWorker: flushIndex: setUnconditionally 0 -> -1
2023-07-28 23:24:39,709 [f6c6ca7c-f19b-4803-9287-3eefa0b50f1b-groupManagement] INFO  segmented.SegmentedRaftLogWorker (SegmentedRaftLogWorker.java:lambda$new$0(135)) - f6c6ca7c-f19b-4803-9287-3eefa0b50f1b@group-A523B75EEC7E-SegmentedRaftLogWorker: safeCacheEvictIndex: setUnconditionally 0 -> -1
2023-07-28 23:24:39,702 [PipelineCommandHandlerThread-0] INFO  ratis.XceiverServerRatis (XceiverServerRatis.java:addGroup(804)) - Created group PipelineID=4b18a500-a533-4085-8d3e-0f1a09aa3450
2023-07-28 23:24:39,713 [0c3903ae-4b96-4c44-85fb-f5bdd10725bb@group-0F1A09AA3450-FollowerState] INFO  server.RaftServerConfigKeys (ConfUtils.java:logFallback(53)) - raft.server.rpc.first-election.timeout.max = 5200ms (fallback to raft.server.rpc.timeout.max)
2023-07-28 23:24:39,715 [f6c6ca7c-f19b-4803-9287-3eefa0b50f1b-groupManagement] INFO  server.RaftServer$Division (RaftServerImpl.java:start(342)) - f6c6ca7c-f19b-4803-9287-3eefa0b50f1b@group-A523B75EEC7E: start as a follower, conf=-1: peers:[f6c6ca7c-f19b-4803-9287-3eefa0b50f1b|rpc:10.1.0.69:15032|admin:10.1.0.69:15031|client:10.1.0.69:15030|dataStream:10.1.0.69:15033|priority:1|startupRole:FOLLOWER]|listeners:[], old=null
2023-07-28 23:24:39,715 [f6c6ca7c-f19b-4803-9287-3eefa0b50f1b-groupManagement] INFO  server.RaftServer$Division (RaftServerImpl.java:setRole(329)) - f6c6ca7c-f19b-4803-9287-3eefa0b50f1b@group-A523B75EEC7E: changes role from      null to FOLLOWER at term 0 for startAsFollower
2023-07-28 23:24:39,715 [f6c6ca7c-f19b-4803-9287-3eefa0b50f1b-groupManagement] INFO  impl.RoleInfo (RoleInfo.java:updateAndGet(139)) - f6c6ca7c-f19b-4803-9287-3eefa0b50f1b: start f6c6ca7c-f19b-4803-9287-3eefa0b50f1b@group-A523B75EEC7E-FollowerState
2023-07-28 23:24:39,717 [f6c6ca7c-f19b-4803-9287-3eefa0b50f1b-groupManagement] INFO  util.JmxRegister (JmxRegister.java:tryRegister(44)) - Successfully registered JMX Bean with object name Ratis:service=RaftServer,group=group-A523B75EEC7E,id=f6c6ca7c-f19b-4803-9287-3eefa0b50f1b
2023-07-28 23:24:39,717 [f6c6ca7c-f19b-4803-9287-3eefa0b50f1b-groupManagement] INFO  server.RaftServerConfigKeys (ConfUtils.java:logGet(46)) - raft.server.snapshot.auto.trigger.enabled = true (custom)
2023-07-28 23:24:39,717 [f6c6ca7c-f19b-4803-9287-3eefa0b50f1b-groupManagement] INFO  server.RaftServerConfigKeys (ConfUtils.java:logGet(46)) - raft.server.snapshot.auto.trigger.threshold = 10000 (custom)
2023-07-28 23:24:39,717 [f6c6ca7c-f19b-4803-9287-3eefa0b50f1b-groupManagement] INFO  server.RaftServerConfigKeys (ConfUtils.java:logGet(46)) - raft.server.snapshot.retention.file.num = 5 (custom)
2023-07-28 23:24:39,717 [f6c6ca7c-f19b-4803-9287-3eefa0b50f1b-groupManagement] INFO  server.RaftServerConfigKeys (ConfUtils.java:logGet(46)) - raft.server.log.purge.upto.snapshot.index = false (default)
2023-07-28 23:24:39,718 [f6c6ca7c-f19b-4803-9287-3eefa0b50f1b@group-A523B75EEC7E-FollowerState] INFO  server.RaftServerConfigKeys (ConfUtils.java:logFallback(53)) - raft.server.rpc.first-election.timeout.min = 5s (fallback to raft.server.rpc.timeout.min)
2023-07-28 23:24:39,718 [f6c6ca7c-f19b-4803-9287-3eefa0b50f1b@group-A523B75EEC7E-FollowerState] INFO  server.RaftServerConfigKeys (ConfUtils.java:logFallback(53)) - raft.server.rpc.first-election.timeout.max = 5200ms (fallback to raft.server.rpc.timeout.max)
2023-07-28 23:24:39,719 [PipelineCommandHandlerThread-0] INFO  ratis.XceiverServerRatis (XceiverServerRatis.java:addGroup(804)) - Created group PipelineID=6cd44ab4-36fc-474e-a774-a523b75eec7e
2023-07-28 23:24:39,720 [PipelineCommandHandlerThread-0] INFO  commandhandler.CreatePipelineCommandHandler (CreatePipelineCommandHandler.java:lambda$handle$2(124)) - Created Pipeline RATIS ONE PipelineID=6cd44ab4-36fc-474e-a774-a523b75eec7e.
2023-07-28 23:24:39,721 [PipelineCommandHandlerThread-0] INFO  server.RaftServer (RaftServerProxy.java:addNew(98)) - f6c6ca7c-f19b-4803-9287-3eefa0b50f1b: addNew group-0F1A09AA3450:[f6c6ca7c-f19b-4803-9287-3eefa0b50f1b|rpc:10.1.0.69:15032|admin:10.1.0.69:15031|client:10.1.0.69:15030|dataStream:10.1.0.69:15033|priority:0|startupRole:FOLLOWER, d133bf18-6a62-47fd-9fac-e73e51a269ad|rpc:10.1.0.69:15023|admin:10.1.0.69:15022|client:10.1.0.69:15021|dataStream:10.1.0.69:15024|priority:1|startupRole:FOLLOWER, 0c3903ae-4b96-4c44-85fb-f5bdd10725bb|rpc:10.1.0.69:15014|admin:10.1.0.69:15013|client:10.1.0.69:15012|dataStream:10.1.0.69:15015|priority:0|startupRole:FOLLOWER] returns group-0F1A09AA3450:java.util.concurrent.CompletableFuture@2c6a7335[Not completed]
2023-07-28 23:24:39,722 [f6c6ca7c-f19b-4803-9287-3eefa0b50f1b-groupManagement] INFO  server.RaftServer$Division (RaftServerImpl.java:<init>(198)) - f6c6ca7c-f19b-4803-9287-3eefa0b50f1b: new RaftServerImpl for group-0F1A09AA3450:[f6c6ca7c-f19b-4803-9287-3eefa0b50f1b|rpc:10.1.0.69:15032|admin:10.1.0.69:15031|client:10.1.0.69:15030|dataStream:10.1.0.69:15033|priority:0|startupRole:FOLLOWER, d133bf18-6a62-47fd-9fac-e73e51a269ad|rpc:10.1.0.69:15023|admin:10.1.0.69:15022|client:10.1.0.69:15021|dataStream:10.1.0.69:15024|priority:1|startupRole:FOLLOWER, 0c3903ae-4b96-4c44-85fb-f5bdd10725bb|rpc:10.1.0.69:15014|admin:10.1.0.69:15013|client:10.1.0.69:15012|dataStream:10.1.0.69:15015|priority:0|startupRole:FOLLOWER] with ContainerStateMachine:uninitialized
2023-07-28 23:24:39,722 [f6c6ca7c-f19b-4803-9287-3eefa0b50f1b-groupManagement] INFO  server.RaftServerConfigKeys (ConfUtils.java:logGet(46)) - raft.server.rpc.timeout.min = 5s (custom)
2023-07-28 23:24:39,722 [f6c6ca7c-f19b-4803-9287-3eefa0b50f1b-groupManagement] INFO  server.RaftServerConfigKeys (ConfUtils.java:logGet(46)) - raft.server.rpc.timeout.max = 5200ms (custom)
2023-07-28 23:24:39,722 [f6c6ca7c-f19b-4803-9287-3eefa0b50f1b-groupManagement] INFO  server.RaftServerConfigKeys (ConfUtils.java:logGet(46)) - raft.server.rpc.sleep.time = 25ms (default)
2023-07-28 23:24:39,723 [f6c6ca7c-f19b-4803-9287-3eefa0b50f1b-groupManagement] INFO  server.RaftServerConfigKeys (ConfUtils.java:logGet(46)) - raft.server.rpc.slowness.timeout = 300s (custom)
2023-07-28 23:24:39,723 [f6c6ca7c-f19b-4803-9287-3eefa0b50f1b-groupManagement] INFO  server.RaftServerConfigKeys (ConfUtils.java:logGet(46)) - raft.server.leaderelection.leader.step-down.wait-time = 10s (default)
2023-07-28 23:24:39,723 [f6c6ca7c-f19b-4803-9287-3eefa0b50f1b-groupManagement] INFO  server.RaftServerConfigKeys (ConfUtils.java:logGet(46)) - raft.server.sleep.deviation.threshold = 300ms (default)
2023-07-28 23:24:39,723 [f6c6ca7c-f19b-4803-9287-3eefa0b50f1b-groupManagement] INFO  server.RaftServer$Division (ServerState.java:<init>(120)) - f6c6ca7c-f19b-4803-9287-3eefa0b50f1b@group-0F1A09AA3450: ConfigurationManager, init=-1: peers:[f6c6ca7c-f19b-4803-9287-3eefa0b50f1b|rpc:10.1.0.69:15032|admin:10.1.0.69:15031|client:10.1.0.69:15030|dataStream:10.1.0.69:15033|priority:0|startupRole:FOLLOWER, d133bf18-6a62-47fd-9fac-e73e51a269ad|rpc:10.1.0.69:15023|admin:10.1.0.69:15022|client:10.1.0.69:15021|dataStream:10.1.0.69:15024|priority:1|startupRole:FOLLOWER, 0c3903ae-4b96-4c44-85fb-f5bdd10725bb|rpc:10.1.0.69:15014|admin:10.1.0.69:15013|client:10.1.0.69:15012|dataStream:10.1.0.69:15015|priority:0|startupRole:FOLLOWER]|listeners:[], old=null, confs=<EMPTY_MAP>
2023-07-28 23:24:39,723 [f6c6ca7c-f19b-4803-9287-3eefa0b50f1b-groupManagement] INFO  server.RaftServerConfigKeys (ConfUtils.java:logGet(46)) - raft.server.storage.dir = [/home/runner/work/ozone/ozone/hadoop-ozone/integration-test/target/test-dir/MiniOzoneClusterImpl-87b6fce1-c6a6-46a6-82b1-f7f83edcbc7c/datanode-2/data/ratis] (custom)
2023-07-28 23:24:39,723 [f6c6ca7c-f19b-4803-9287-3eefa0b50f1b-groupManagement] INFO  server.RaftServerConfigKeys (ConfUtils.java:logGet(46)) - raft.server.log.corruption.policy = EXCEPTION (default)
2023-07-28 23:24:39,723 [f6c6ca7c-f19b-4803-9287-3eefa0b50f1b-groupManagement] INFO  server.RaftServerConfigKeys (ConfUtils.java:logGet(46)) - raft.server.storage.free-space.min = 0MB (=0) (default)
2023-07-28 23:24:39,732 [f6c6ca7c-f19b-4803-9287-3eefa0b50f1b-groupManagement] INFO  server.RaftServerConfigKeys (ConfUtils.java:logGet(46)) - raft.server.notification.no-leader.timeout = 300s (custom)
2023-07-28 23:24:39,732 [f6c6ca7c-f19b-4803-9287-3eefa0b50f1b-groupManagement] INFO  server.RaftServerConfigKeys (ConfUtils.java:logGet(46)) - raft.server.read.timeout = 10s (default)
2023-07-28 23:24:39,732 [f6c6ca7c-f19b-4803-9287-3eefa0b50f1b-groupManagement] INFO  server.RaftServerConfigKeys (ConfUtils.java:logGet(46)) - raft.server.retrycache.expirytime = 600000ms (custom)
2023-07-28 23:24:39,732 [f6c6ca7c-f19b-4803-9287-3eefa0b50f1b-groupManagement] INFO  server.RaftServerConfigKeys (ConfUtils.java:logGet(46)) - raft.server.retrycache.statistics.expirytime = 100μs (default)
2023-07-28 23:24:39,734 [f6c6ca7c-f19b-4803-9287-3eefa0b50f1b-groupManagement] INFO  server.RaftServerConfigKeys (ConfUtils.java:logGet(46)) - raft.server.read.option = DEFAULT (default)
2023-07-28 23:24:39,735 [f6c6ca7c-f19b-4803-9287-3eefa0b50f1b-groupManagement] INFO  server.RaftServerConfigKeys (ConfUtils.java:logGet(46)) - raft.server.rpc.request.timeout = 60s (custom)
2023-07-28 23:24:39,735 [f6c6ca7c-f19b-4803-9287-3eefa0b50f1b-groupManagement] INFO  server.RaftServerConfigKeys (ConfUtils.java:logGet(46)) - raft.server.log.appender.install.snapshot.enabled = false (custom)
2023-07-28 23:24:39,736 [f6c6ca7c-f19b-4803-9287-3eefa0b50f1b-groupManagement] INFO  server.RaftServerConfigKeys (ConfUtils.java:logGet(46)) - raft.server.threadpool.server.cached = true (default)
2023-07-28 23:24:39,736 [f6c6ca7c-f19b-4803-9287-3eefa0b50f1b-groupManagement] INFO  server.RaftServerConfigKeys (ConfUtils.java:logGet(46)) - raft.server.threadpool.server.size = 0 (default)
2023-07-28 23:24:39,736 [f6c6ca7c-f19b-4803-9287-3eefa0b50f1b-groupManagement] INFO  server.RaftServerConfigKeys (ConfUtils.java:logGet(46)) - raft.server.threadpool.client.cached = true (default)
2023-07-28 23:24:39,736 [f6c6ca7c-f19b-4803-9287-3eefa0b50f1b-groupManagement] INFO  server.RaftServerConfigKeys (ConfUtils.java:logGet(46)) - raft.server.threadpool.client.size = 0 (default)
2023-07-28 23:24:39,736 [f6c6ca7c-f19b-4803-9287-3eefa0b50f1b-groupManagement] INFO  storage.RaftStorageDirectory (RaftStorageDirectoryImpl.java:analyzeStorage(137)) - The storage directory /home/runner/work/ozone/ozone/hadoop-ozone/integration-test/target/test-dir/MiniOzoneClusterImpl-87b6fce1-c6a6-46a6-82b1-f7f83edcbc7c/datanode-2/data/ratis/4b18a500-a533-4085-8d3e-0f1a09aa3450 does not exist. Creating ...
2023-07-28 23:24:39,743 [f6c6ca7c-f19b-4803-9287-3eefa0b50f1b-groupManagement] INFO  storage.RaftStorageDirectory (RaftStorageDirectoryImpl.java:tryLock(231)) - Lock on /home/runner/work/ozone/ozone/hadoop-ozone/integration-test/target/test-dir/MiniOzoneClusterImpl-87b6fce1-c6a6-46a6-82b1-f7f83edcbc7c/datanode-2/data/ratis/4b18a500-a533-4085-8d3e-0f1a09aa3450/in_use.lock acquired by nodename 44906@fv-az275-145
2023-07-28 23:24:39,745 [grpc-default-executor-0] INFO  server.RaftServer (RaftServerProxy.java:addNew(98)) - d133bf18-6a62-47fd-9fac-e73e51a269ad: addNew group-0F1A09AA3450:[f6c6ca7c-f19b-4803-9287-3eefa0b50f1b|rpc:10.1.0.69:15032|admin:10.1.0.69:15031|client:10.1.0.69:15030|dataStream:10.1.0.69:15033|priority:0|startupRole:FOLLOWER, d133bf18-6a62-47fd-9fac-e73e51a269ad|rpc:10.1.0.69:15023|admin:10.1.0.69:15022|client:10.1.0.69:15021|dataStream:10.1.0.69:15024|priority:1|startupRole:FOLLOWER, 0c3903ae-4b96-4c44-85fb-f5bdd10725bb|rpc:10.1.0.69:15014|admin:10.1.0.69:15013|client:10.1.0.69:15012|dataStream:10.1.0.69:15015|priority:0|startupRole:FOLLOWER] returns group-0F1A09AA3450:java.util.concurrent.CompletableFuture@61762a4[Not completed]
2023-07-28 23:24:39,747 [PipelineCommandHandlerThread-0] INFO  commandhandler.CreatePipelineCommandHandler (CreatePipelineCommandHandler.java:lambda$handle$2(124)) - Created Pipeline RATIS THREE PipelineID=75a335ff-68e4-400d-bdc7-60040ce1cee4.
2023-07-28 23:24:39,748 [d133bf18-6a62-47fd-9fac-e73e51a269ad-groupManagement] INFO  server.RaftServer$Division (RaftServerImpl.java:<init>(198)) - d133bf18-6a62-47fd-9fac-e73e51a269ad: new RaftServerImpl for group-0F1A09AA3450:[f6c6ca7c-f19b-4803-9287-3eefa0b50f1b|rpc:10.1.0.69:15032|admin:10.1.0.69:15031|client:10.1.0.69:15030|dataStream:10.1.0.69:15033|priority:0|startupRole:FOLLOWER, d133bf18-6a62-47fd-9fac-e73e51a269ad|rpc:10.1.0.69:15023|admin:10.1.0.69:15022|client:10.1.0.69:15021|dataStream:10.1.0.69:15024|priority:1|startupRole:FOLLOWER, 0c3903ae-4b96-4c44-85fb-f5bdd10725bb|rpc:10.1.0.69:15014|admin:10.1.0.69:15013|client:10.1.0.69:15012|dataStream:10.1.0.69:15015|priority:0|startupRole:FOLLOWER] with ContainerStateMachine:uninitialized
2023-07-28 23:24:39,756 [d133bf18-6a62-47fd-9fac-e73e51a269ad-groupManagement] INFO  server.RaftServerConfigKeys (ConfUtils.java:logGet(46)) - raft.server.rpc.timeout.min = 5s (custom)
2023-07-28 23:24:39,756 [d133bf18-6a62-47fd-9fac-e73e51a269ad-groupManagement] INFO  server.RaftServerConfigKeys (ConfUtils.java:logGet(46)) - raft.server.rpc.timeout.max = 5200ms (custom)
2023-07-28 23:24:39,756 [d133bf18-6a62-47fd-9fac-e73e51a269ad-groupManagement] INFO  server.RaftServerConfigKeys (ConfUtils.java:logGet(46)) - raft.server.rpc.sleep.time = 25ms (default)
2023-07-28 23:24:39,756 [d133bf18-6a62-47fd-9fac-e73e51a269ad-groupManagement] INFO  server.RaftServerConfigKeys (ConfUtils.java:logGet(46)) - raft.server.rpc.slowness.timeout = 300s (custom)
2023-07-28 23:24:39,757 [d133bf18-6a62-47fd-9fac-e73e51a269ad-groupManagement] INFO  server.RaftServerConfigKeys (ConfUtils.java:logGet(46)) - raft.server.leaderelection.leader.step-down.wait-time = 10s (default)
2023-07-28 23:24:39,757 [d133bf18-6a62-47fd-9fac-e73e51a269ad-groupManagement] INFO  server.RaftServerConfigKeys (ConfUtils.java:logGet(46)) - raft.server.sleep.deviation.threshold = 300ms (default)
2023-07-28 23:24:39,757 [d133bf18-6a62-47fd-9fac-e73e51a269ad-groupManagement] INFO  server.RaftServer$Division (ServerState.java:<init>(120)) - d133bf18-6a62-47fd-9fac-e73e51a269ad@group-0F1A09AA3450: ConfigurationManager, init=-1: peers:[f6c6ca7c-f19b-4803-9287-3eefa0b50f1b|rpc:10.1.0.69:15032|admin:10.1.0.69:15031|client:10.1.0.69:15030|dataStream:10.1.0.69:15033|priority:0|startupRole:FOLLOWER, d133bf18-6a62-47fd-9fac-e73e51a269ad|rpc:10.1.0.69:15023|admin:10.1.0.69:15022|client:10.1.0.69:15021|dataStream:10.1.0.69:15024|priority:1|startupRole:FOLLOWER, 0c3903ae-4b96-4c44-85fb-f5bdd10725bb|rpc:10.1.0.69:15014|admin:10.1.0.69:15013|client:10.1.0.69:15012|dataStream:10.1.0.69:15015|priority:0|startupRole:FOLLOWER]|listeners:[], old=null, confs=<EMPTY_MAP>
2023-07-28 23:24:39,757 [d133bf18-6a62-47fd-9fac-e73e51a269ad-groupManagement] INFO  server.RaftServerConfigKeys (ConfUtils.java:logGet(46)) - raft.server.storage.dir = [/home/runner/work/ozone/ozone/hadoop-ozone/integration-test/target/test-dir/MiniOzoneClusterImpl-87b6fce1-c6a6-46a6-82b1-f7f83edcbc7c/datanode-1/data/ratis] (custom)
2023-07-28 23:24:39,757 [d133bf18-6a62-47fd-9fac-e73e51a269ad-groupManagement] INFO  server.RaftServerConfigKeys (ConfUtils.java:logGet(46)) - raft.server.log.corruption.policy = EXCEPTION (default)
2023-07-28 23:24:39,757 [d133bf18-6a62-47fd-9fac-e73e51a269ad-groupManagement] INFO  server.RaftServerConfigKeys (ConfUtils.java:logGet(46)) - raft.server.storage.free-space.min = 0MB (=0) (default)
2023-07-28 23:24:39,757 [d133bf18-6a62-47fd-9fac-e73e51a269ad-groupManagement] INFO  server.RaftServerConfigKeys (ConfUtils.java:logGet(46)) - raft.server.notification.no-leader.timeout = 300s (custom)
2023-07-28 23:24:39,757 [d133bf18-6a62-47fd-9fac-e73e51a269ad-groupManagement] INFO  server.RaftServerConfigKeys (ConfUtils.java:logGet(46)) - raft.server.read.timeout = 10s (default)
2023-07-28 23:24:39,757 [d133bf18-6a62-47fd-9fac-e73e51a269ad-groupManagement] INFO  server.RaftServerConfigKeys (ConfUtils.java:logGet(46)) - raft.server.retrycache.expirytime = 600000ms (custom)
2023-07-28 23:24:39,758 [d133bf18-6a62-47fd-9fac-e73e51a269ad-groupManagement] INFO  server.RaftServerConfigKeys (ConfUtils.java:logGet(46)) - raft.server.retrycache.statistics.expirytime = 100μs (default)
2023-07-28 23:24:39,758 [d133bf18-6a62-47fd-9fac-e73e51a269ad-groupManagement] INFO  server.RaftServerConfigKeys (ConfUtils.java:logGet(46)) - raft.server.read.option = DEFAULT (default)
2023-07-28 23:24:39,759 [d133bf18-6a62-47fd-9fac-e73e51a269ad-groupManagement] INFO  server.RaftServerConfigKeys (ConfUtils.java:logGet(46)) - raft.server.rpc.request.timeout = 60s (custom)
2023-07-28 23:24:39,759 [d133bf18-6a62-47fd-9fac-e73e51a269ad-groupManagement] INFO  server.RaftServerConfigKeys (ConfUtils.java:logGet(46)) - raft.server.log.appender.install.snapshot.enabled = false (custom)
2023-07-28 23:24:39,759 [d133bf18-6a62-47fd-9fac-e73e51a269ad-groupManagement] INFO  server.RaftServerConfigKeys (ConfUtils.java:logGet(46)) - raft.server.threadpool.server.cached = true (default)
2023-07-28 23:24:39,759 [d133bf18-6a62-47fd-9fac-e73e51a269ad-groupManagement] INFO  server.RaftServerConfigKeys (ConfUtils.java:logGet(46)) - raft.server.threadpool.server.size = 0 (default)
2023-07-28 23:24:39,759 [d133bf18-6a62-47fd-9fac-e73e51a269ad-groupManagement] INFO  server.RaftServerConfigKeys (ConfUtils.java:logGet(46)) - raft.server.threadpool.client.cached = true (default)
2023-07-28 23:24:39,759 [d133bf18-6a62-47fd-9fac-e73e51a269ad-groupManagement] INFO  server.RaftServerConfigKeys (ConfUtils.java:logGet(46)) - raft.server.threadpool.client.size = 0 (default)
2023-07-28 23:24:39,759 [d133bf18-6a62-47fd-9fac-e73e51a269ad-groupManagement] INFO  storage.RaftStorageDirectory (RaftStorageDirectoryImpl.java:analyzeStorage(137)) - The storage directory /home/runner/work/ozone/ozone/hadoop-ozone/integration-test/target/test-dir/MiniOzoneClusterImpl-87b6fce1-c6a6-46a6-82b1-f7f83edcbc7c/datanode-1/data/ratis/4b18a500-a533-4085-8d3e-0f1a09aa3450 does not exist. Creating ...
2023-07-28 23:24:39,750 [f6c6ca7c-f19b-4803-9287-3eefa0b50f1b-groupManagement] INFO  storage.RaftStorage (RaftStorageImpl.java:format(96)) - Storage directory /home/runner/work/ozone/ozone/hadoop-ozone/integration-test/target/test-dir/MiniOzoneClusterImpl-87b6fce1-c6a6-46a6-82b1-f7f83edcbc7c/datanode-2/data/ratis/4b18a500-a533-4085-8d3e-0f1a09aa3450 has been successfully formatted.
2023-07-28 23:24:39,761 [f6c6ca7c-f19b-4803-9287-3eefa0b50f1b-groupManagement] INFO  ratis.ContainerStateMachine (ContainerStateMachine.java:loadSnapshot(262)) - group-0F1A09AA3450: The snapshot info is null. Setting the last applied indexto:(t:0, i:~)
2023-07-28 23:24:39,761 [f6c6ca7c-f19b-4803-9287-3eefa0b50f1b-groupManagement] INFO  server.RaftServerConfigKeys (ConfUtils.java:logGet(46)) - raft.server.log.use.memory = false (default)
2023-07-28 23:24:39,764 [f6c6ca7c-f19b-4803-9287-3eefa0b50f1b-groupManagement] INFO  server.RaftServerConfigKeys (ConfUtils.java:logGet(46)) - raft.server.log.purge.gap = 1000000 (custom)
2023-07-28 23:24:39,764 [f6c6ca7c-f19b-4803-9287-3eefa0b50f1b-groupManagement] INFO  server.RaftServerConfigKeys (ConfUtils.java:logGet(46)) - raft.server.log.appender.buffer.byte-limit = 33554432 (custom)
2023-07-28 23:24:39,764 [f6c6ca7c-f19b-4803-9287-3eefa0b50f1b-groupManagement] INFO  server.RaftServerConfigKeys (ConfUtils.java:logGet(46)) - raft.server.log.statemachine.data.read.timeout = 1000ms (default)
2023-07-28 23:24:39,764 [f6c6ca7c-f19b-4803-9287-3eefa0b50f1b-groupManagement] INFO  server.RaftServerConfigKeys (ConfUtils.java:logGet(46)) - raft.server.log.purge.preservation.log.num = 0 (default)
2023-07-28 23:24:39,764 [f6c6ca7c-f19b-4803-9287-3eefa0b50f1b-groupManagement] INFO  server.RaftServerConfigKeys (ConfUtils.java:logGet(46)) - raft.server.log.segment.size.max = 1048576 (custom)
2023-07-28 23:24:39,765 [f6c6ca7c-f19b-4803-9287-3eefa0b50f1b-groupManagement] INFO  server.RaftServerConfigKeys (ConfUtils.java:logGet(46)) - raft.server.log.segment.cache.num.max = 2 (custom)
2023-07-28 23:24:39,765 [f6c6ca7c-f19b-4803-9287-3eefa0b50f1b-groupManagement] INFO  server.RaftServerConfigKeys (ConfUtils.java:logGet(46)) - raft.server.log.segment.cache.size.max = 200MB (=209715200) (default)
2023-07-28 23:24:39,765 [f6c6ca7c-f19b-4803-9287-3eefa0b50f1b-groupManagement] INFO  server.RaftServerConfigKeys (ConfUtils.java:logGet(46)) - raft.server.log.appender.buffer.byte-limit = 33554432 (custom)
2023-07-28 23:24:39,765 [f6c6ca7c-f19b-4803-9287-3eefa0b50f1b-groupManagement] INFO  segmented.SegmentedRaftLogWorker (SegmentedRaftLogWorker.java:<init>(188)) - new f6c6ca7c-f19b-4803-9287-3eefa0b50f1b@group-0F1A09AA3450-SegmentedRaftLogWorker for RaftStorageImpl:Storage Directory /home/runner/work/ozone/ozone/hadoop-ozone/integration-test/target/test-dir/MiniOzoneClusterImpl-87b6fce1-c6a6-46a6-82b1-f7f83edcbc7c/datanode-2/data/ratis/4b18a500-a533-4085-8d3e-0f1a09aa3450
2023-07-28 23:24:39,765 [f6c6ca7c-f19b-4803-9287-3eefa0b50f1b-groupManagement] INFO  server.RaftServerConfigKeys (ConfUtils.java:logGet(46)) - raft.server.log.queue.byte-limit = 4294967296 (custom)
2023-07-28 23:24:39,765 [f6c6ca7c-f19b-4803-9287-3eefa0b50f1b-groupManagement] INFO  server.RaftServerConfigKeys (ConfUtils.java:logGet(46)) - raft.server.log.queue.element-limit = 1024 (custom)
2023-07-28 23:24:39,765 [d133bf18-6a62-47fd-9fac-e73e51a269ad-groupManagement] INFO  storage.RaftStorageDirectory (RaftStorageDirectoryImpl.java:tryLock(231)) - Lock on /home/runner/work/ozone/ozone/hadoop-ozone/integration-test/target/test-dir/MiniOzoneClusterImpl-87b6fce1-c6a6-46a6-82b1-f7f83edcbc7c/datanode-1/data/ratis/4b18a500-a533-4085-8d3e-0f1a09aa3450/in_use.lock acquired by nodename 44906@fv-az275-145
2023-07-28 23:24:39,767 [EventQueue-OpenPipelineForHealthyPipelineSafeModeRule] INFO  safemode.SCMSafeModeManager (HealthyPipelineSafeModeRule.java:process(137)) - SCM in safe mode. Healthy pipelines reported count is 0, required healthy pipeline reported count is 1
2023-07-28 23:24:39,765 [f6c6ca7c-f19b-4803-9287-3eefa0b50f1b-groupManagement] INFO  server.RaftServerConfigKeys (ConfUtils.java:logGet(46)) - raft.server.log.segment.size.max = 1048576 (custom)
2023-07-28 23:24:39,768 [f6c6ca7c-f19b-4803-9287-3eefa0b50f1b-groupManagement] INFO  server.RaftServerConfigKeys (ConfUtils.java:logGet(46)) - raft.server.log.preallocated.size = 16384 (custom)
2023-07-28 23:24:39,768 [f6c6ca7c-f19b-4803-9287-3eefa0b50f1b-groupManagement] INFO  server.RaftServerConfigKeys (ConfUtils.java:logGet(46)) - raft.server.log.force.sync.num = 128 (default)
2023-07-28 23:24:39,768 [f6c6ca7c-f19b-4803-9287-3eefa0b50f1b-groupManagement] INFO  server.RaftServerConfigKeys (ConfUtils.java:logGet(46)) - raft.server.log.statemachine.data.sync = true (default)
2023-07-28 23:24:39,768 [f6c6ca7c-f19b-4803-9287-3eefa0b50f1b-groupManagement] INFO  server.RaftServerConfigKeys (ConfUtils.java:logGet(46)) - raft.server.log.statemachine.data.sync.timeout = 10s (default)
2023-07-28 23:24:39,768 [f6c6ca7c-f19b-4803-9287-3eefa0b50f1b-groupManagement] INFO  server.RaftServerConfigKeys (ConfUtils.java:logGet(46)) - raft.server.log.statemachine.data.sync.timeout.retry = -1 (default)
2023-07-28 23:24:39,769 [f6c6ca7c-f19b-4803-9287-3eefa0b50f1b-groupManagement] INFO  server.RaftServerConfigKeys (ConfUtils.java:logGet(46)) - raft.server.log.write.buffer.size = 1048576 (custom)
2023-07-28 23:24:39,770 [f6c6ca7c-f19b-4803-9287-3eefa0b50f1b-groupManagement] INFO  server.RaftServerConfigKeys (ConfUtils.java:logGet(46)) - raft.server.log.appender.buffer.byte-limit = 33554432 (custom)
2023-07-28 23:24:39,775 [d133bf18-6a62-47fd-9fac-e73e51a269ad-groupManagement] INFO  storage.RaftStorage (RaftStorageImpl.java:format(96)) - Storage directory /home/runner/work/ozone/ozone/hadoop-ozone/integration-test/target/test-dir/MiniOzoneClusterImpl-87b6fce1-c6a6-46a6-82b1-f7f83edcbc7c/datanode-1/data/ratis/4b18a500-a533-4085-8d3e-0f1a09aa3450 has been successfully formatted.
2023-07-28 23:24:39,776 [d133bf18-6a62-47fd-9fac-e73e51a269ad-groupManagement] INFO  ratis.ContainerStateMachine (ContainerStateMachine.java:loadSnapshot(262)) - group-0F1A09AA3450: The snapshot info is null. Setting the last applied indexto:(t:0, i:~)
2023-07-28 23:24:39,776 [d133bf18-6a62-47fd-9fac-e73e51a269ad-groupManagement] INFO  server.RaftServerConfigKeys (ConfUtils.java:logGet(46)) - raft.server.log.use.memory = false (default)
2023-07-28 23:24:39,776 [d133bf18-6a62-47fd-9fac-e73e51a269ad-groupManagement] INFO  server.RaftServerConfigKeys (ConfUtils.java:logGet(46)) - raft.server.log.purge.gap = 1000000 (custom)
2023-07-28 23:24:39,776 [d133bf18-6a62-47fd-9fac-e73e51a269ad-groupManagement] INFO  server.RaftServerConfigKeys (ConfUtils.java:logGet(46)) - raft.server.log.appender.buffer.byte-limit = 33554432 (custom)
2023-07-28 23:24:39,776 [d133bf18-6a62-47fd-9fac-e73e51a269ad-groupManagement] INFO  server.RaftServerConfigKeys (ConfUtils.java:logGet(46)) - raft.server.log.statemachine.data.read.timeout = 1000ms (default)
2023-07-28 23:24:39,776 [d133bf18-6a62-47fd-9fac-e73e51a269ad-groupManagement] INFO  server.RaftServerConfigKeys (ConfUtils.java:logGet(46)) - raft.server.log.purge.preservation.log.num = 0 (default)
2023-07-28 23:24:39,784 [d133bf18-6a62-47fd-9fac-e73e51a269ad-groupManagement] INFO  server.RaftServerConfigKeys (ConfUtils.java:logGet(46)) - raft.server.log.segment.size.max = 1048576 (custom)
2023-07-28 23:24:39,782 [EventQueue-OpenPipelineForHealthyPipelineSafeModeRule] INFO  safemode.SCMSafeModeManager (HealthyPipelineSafeModeRule.java:process(137)) - SCM in safe mode. Healthy pipelines reported count is 0, required healthy pipeline reported count is 1
2023-07-28 23:24:39,785 [d133bf18-6a62-47fd-9fac-e73e51a269ad-groupManagement] INFO  server.RaftServerConfigKeys (ConfUtils.java:logGet(46)) - raft.server.log.segment.cache.num.max = 2 (custom)
2023-07-28 23:24:39,785 [d133bf18-6a62-47fd-9fac-e73e51a269ad-groupManagement] INFO  server.RaftServerConfigKeys (ConfUtils.java:logGet(46)) - raft.server.log.segment.cache.size.max = 200MB (=209715200) (default)
2023-07-28 23:24:39,785 [d133bf18-6a62-47fd-9fac-e73e51a269ad-groupManagement] INFO  server.RaftServerConfigKeys (ConfUtils.java:logGet(46)) - raft.server.log.appender.buffer.byte-limit = 33554432 (custom)
2023-07-28 23:24:39,785 [d133bf18-6a62-47fd-9fac-e73e51a269ad-groupManagement] INFO  segmented.SegmentedRaftLogWorker (SegmentedRaftLogWorker.java:<init>(188)) - new d133bf18-6a62-47fd-9fac-e73e51a269ad@group-0F1A09AA3450-SegmentedRaftLogWorker for RaftStorageImpl:Storage Directory /home/runner/work/ozone/ozone/hadoop-ozone/integration-test/target/test-dir/MiniOzoneClusterImpl-87b6fce1-c6a6-46a6-82b1-f7f83edcbc7c/datanode-1/data/ratis/4b18a500-a533-4085-8d3e-0f1a09aa3450
2023-07-28 23:24:39,785 [d133bf18-6a62-47fd-9fac-e73e51a269ad-groupManagement] INFO  server.RaftServerConfigKeys (ConfUtils.java:logGet(46)) - raft.server.log.queue.byte-limit = 4294967296 (custom)
2023-07-28 23:24:39,785 [d133bf18-6a62-47fd-9fac-e73e51a269ad-groupManagement] INFO  server.RaftServerConfigKeys (ConfUtils.java:logGet(46)) - raft.server.log.queue.element-limit = 1024 (custom)
2023-07-28 23:24:39,785 [d133bf18-6a62-47fd-9fac-e73e51a269ad-groupManagement] INFO  server.RaftServerConfigKeys (ConfUtils.java:logGet(46)) - raft.server.log.segment.size.max = 1048576 (custom)
2023-07-28 23:24:39,785 [d133bf18-6a62-47fd-9fac-e73e51a269ad-groupManagement] INFO  server.RaftServerConfigKeys (ConfUtils.java:logGet(46)) - raft.server.log.preallocated.size = 16384 (custom)
2023-07-28 23:24:39,785 [d133bf18-6a62-47fd-9fac-e73e51a269ad-groupManagement] INFO  server.RaftServerConfigKeys (ConfUtils.java:logGet(46)) - raft.server.log.force.sync.num = 128 (default)
2023-07-28 23:24:39,786 [d133bf18-6a62-47fd-9fac-e73e51a269ad-groupManagement] INFO  server.RaftServerConfigKeys (ConfUtils.java:logGet(46)) - raft.server.log.statemachine.data.sync = true (default)
2023-07-28 23:24:39,786 [d133bf18-6a62-47fd-9fac-e73e51a269ad-groupManagement] INFO  server.RaftServerConfigKeys (ConfUtils.java:logGet(46)) - raft.server.log.statemachine.data.sync.timeout = 10s (default)
2023-07-28 23:24:39,786 [d133bf18-6a62-47fd-9fac-e73e51a269ad-groupManagement] INFO  server.RaftServerConfigKeys (ConfUtils.java:logGet(46)) - raft.server.log.statemachine.data.sync.timeout.retry = -1 (default)
2023-07-28 23:24:39,780 [f6c6ca7c-f19b-4803-9287-3eefa0b50f1b-groupManagement] INFO  server.RaftServerConfigKeys (ConfUtils.java:logGet(46)) - raft.server.log.unsafe-flush.enabled = false (default)
2023-07-28 23:24:39,786 [d133bf18-6a62-47fd-9fac-e73e51a269ad-groupManagement] INFO  server.RaftServerConfigKeys (ConfUtils.java:logGet(46)) - raft.server.log.write.buffer.size = 1048576 (custom)
2023-07-28 23:24:39,789 [d133bf18-6a62-47fd-9fac-e73e51a269ad-groupManagement] INFO  server.RaftServerConfigKeys (ConfUtils.java:logGet(46)) - raft.server.log.appender.buffer.byte-limit = 33554432 (custom)
2023-07-28 23:24:39,793 [f6c6ca7c-f19b-4803-9287-3eefa0b50f1b-groupManagement] INFO  server.RaftServerConfigKeys (ConfUtils.java:logGet(46)) - raft.server.log.async-flush.enabled = false (default)
2023-07-28 23:24:39,793 [f6c6ca7c-f19b-4803-9287-3eefa0b50f1b-groupManagement] INFO  server.RaftServerConfigKeys (ConfUtils.java:logGet(46)) - raft.server.log.statemachine.data.caching.enabled = true (custom)
2023-07-28 23:24:39,794 [f6c6ca7c-f19b-4803-9287-3eefa0b50f1b-groupManagement] INFO  segmented.SegmentedRaftLogWorker (SegmentedRaftLogWorker.java:lambda$new$0(135)) - f6c6ca7c-f19b-4803-9287-3eefa0b50f1b@group-0F1A09AA3450-SegmentedRaftLogWorker: flushIndex: setUnconditionally 0 -> -1
2023-07-28 23:24:39,794 [f6c6ca7c-f19b-4803-9287-3eefa0b50f1b-groupManagement] INFO  segmented.SegmentedRaftLogWorker (SegmentedRaftLogWorker.java:lambda$new$0(135)) - f6c6ca7c-f19b-4803-9287-3eefa0b50f1b@group-0F1A09AA3450-SegmentedRaftLogWorker: safeCacheEvictIndex: setUnconditionally 0 -> -1
2023-07-28 23:24:39,797 [d133bf18-6a62-47fd-9fac-e73e51a269ad-groupManagement] INFO  server.RaftServerConfigKeys (ConfUtils.java:logGet(46)) - raft.server.log.unsafe-flush.enabled = false (default)
2023-07-28 23:24:39,797 [d133bf18-6a62-47fd-9fac-e73e51a269ad-groupManagement] INFO  server.RaftServerConfigKeys (ConfUtils.java:logGet(46)) - raft.server.log.async-flush.enabled = false (default)
2023-07-28 23:24:39,797 [d133bf18-6a62-47fd-9fac-e73e51a269ad-groupManagement] INFO  server.RaftServerConfigKeys (ConfUtils.java:logGet(46)) - raft.server.log.statemachine.data.caching.enabled = true (custom)
2023-07-28 23:24:39,797 [d133bf18-6a62-47fd-9fac-e73e51a269ad-groupManagement] INFO  segmented.SegmentedRaftLogWorker (SegmentedRaftLogWorker.java:lambda$new$0(135)) - d133bf18-6a62-47fd-9fac-e73e51a269ad@group-0F1A09AA3450-SegmentedRaftLogWorker: flushIndex: setUnconditionally 0 -> -1
2023-07-28 23:24:39,798 [d133bf18-6a62-47fd-9fac-e73e51a269ad-groupManagement] INFO  segmented.SegmentedRaftLogWorker (SegmentedRaftLogWorker.java:lambda$new$0(135)) - d133bf18-6a62-47fd-9fac-e73e51a269ad@group-0F1A09AA3450-SegmentedRaftLogWorker: safeCacheEvictIndex: setUnconditionally 0 -> -1
2023-07-28 23:24:39,798 [f6c6ca7c-f19b-4803-9287-3eefa0b50f1b-groupManagement] INFO  server.RaftServer$Division (RaftServerImpl.java:start(342)) - f6c6ca7c-f19b-4803-9287-3eefa0b50f1b@group-0F1A09AA3450: start as a follower, conf=-1: peers:[f6c6ca7c-f19b-4803-9287-3eefa0b50f1b|rpc:10.1.0.69:15032|admin:10.1.0.69:15031|client:10.1.0.69:15030|dataStream:10.1.0.69:15033|priority:0|startupRole:FOLLOWER, d133bf18-6a62-47fd-9fac-e73e51a269ad|rpc:10.1.0.69:15023|admin:10.1.0.69:15022|client:10.1.0.69:15021|dataStream:10.1.0.69:15024|priority:1|startupRole:FOLLOWER, 0c3903ae-4b96-4c44-85fb-f5bdd10725bb|rpc:10.1.0.69:15014|admin:10.1.0.69:15013|client:10.1.0.69:15012|dataStream:10.1.0.69:15015|priority:0|startupRole:FOLLOWER]|listeners:[], old=null
2023-07-28 23:24:39,798 [f6c6ca7c-f19b-4803-9287-3eefa0b50f1b-groupManagement] INFO  server.RaftServer$Division (RaftServerImpl.java:setRole(329)) - f6c6ca7c-f19b-4803-9287-3eefa0b50f1b@group-0F1A09AA3450: changes role from      null to FOLLOWER at term 0 for startAsFollower
2023-07-28 23:24:39,798 [f6c6ca7c-f19b-4803-9287-3eefa0b50f1b-groupManagement] INFO  impl.RoleInfo (RoleInfo.java:updateAndGet(139)) - f6c6ca7c-f19b-4803-9287-3eefa0b50f1b: start f6c6ca7c-f19b-4803-9287-3eefa0b50f1b@group-0F1A09AA3450-FollowerState
2023-07-28 23:24:39,798 [f6c6ca7c-f19b-4803-9287-3eefa0b50f1b-groupManagement] INFO  util.JmxRegister (JmxRegister.java:tryRegister(44)) - Successfully registered JMX Bean with object name Ratis:service=RaftServer,group=group-0F1A09AA3450,id=f6c6ca7c-f19b-4803-9287-3eefa0b50f1b
2023-07-28 23:24:39,799 [f6c6ca7c-f19b-4803-9287-3eefa0b50f1b-groupManagement] INFO  server.RaftServerConfigKeys (ConfUtils.java:logGet(46)) - raft.server.snapshot.auto.trigger.enabled = true (custom)
2023-07-28 23:24:39,799 [f6c6ca7c-f19b-4803-9287-3eefa0b50f1b-groupManagement] INFO  server.RaftServerConfigKeys (ConfUtils.java:logGet(46)) - raft.server.snapshot.auto.trigger.threshold = 10000 (custom)
2023-07-28 23:24:39,799 [f6c6ca7c-f19b-4803-9287-3eefa0b50f1b-groupManagement] INFO  server.RaftServerConfigKeys (ConfUtils.java:logGet(46)) - raft.server.snapshot.retention.file.num = 5 (custom)
2023-07-28 23:24:39,799 [f6c6ca7c-f19b-4803-9287-3eefa0b50f1b-groupManagement] INFO  server.RaftServerConfigKeys (ConfUtils.java:logGet(46)) - raft.server.log.purge.upto.snapshot.index = false (default)
2023-07-28 23:24:39,800 [f6c6ca7c-f19b-4803-9287-3eefa0b50f1b@group-0F1A09AA3450-FollowerState] INFO  server.RaftServerConfigKeys (ConfUtils.java:logFallback(53)) - raft.server.rpc.first-election.timeout.min = 5s (fallback to raft.server.rpc.timeout.min)
2023-07-28 23:24:39,802 [d133bf18-6a62-47fd-9fac-e73e51a269ad-groupManagement] INFO  server.RaftServer$Division (RaftServerImpl.java:start(342)) - d133bf18-6a62-47fd-9fac-e73e51a269ad@group-0F1A09AA3450: start as a follower, conf=-1: peers:[f6c6ca7c-f19b-4803-9287-3eefa0b50f1b|rpc:10.1.0.69:15032|admin:10.1.0.69:15031|client:10.1.0.69:15030|dataStream:10.1.0.69:15033|priority:0|startupRole:FOLLOWER, d133bf18-6a62-47fd-9fac-e73e51a269ad|rpc:10.1.0.69:15023|admin:10.1.0.69:15022|client:10.1.0.69:15021|dataStream:10.1.0.69:15024|priority:1|startupRole:FOLLOWER, 0c3903ae-4b96-4c44-85fb-f5bdd10725bb|rpc:10.1.0.69:15014|admin:10.1.0.69:15013|client:10.1.0.69:15012|dataStream:10.1.0.69:15015|priority:0|startupRole:FOLLOWER]|listeners:[], old=null
2023-07-28 23:24:39,802 [PipelineCommandHandlerThread-0] INFO  ratis.XceiverServerRatis (XceiverServerRatis.java:addGroup(804)) - Created group PipelineID=4b18a500-a533-4085-8d3e-0f1a09aa3450
2023-07-28 23:24:39,804 [f6c6ca7c-f19b-4803-9287-3eefa0b50f1b@group-0F1A09AA3450-FollowerState] INFO  server.RaftServerConfigKeys (ConfUtils.java:logFallback(53)) - raft.server.rpc.first-election.timeout.max = 5200ms (fallback to raft.server.rpc.timeout.max)
2023-07-28 23:24:39,804 [d133bf18-6a62-47fd-9fac-e73e51a269ad-groupManagement] INFO  server.RaftServer$Division (RaftServerImpl.java:setRole(329)) - d133bf18-6a62-47fd-9fac-e73e51a269ad@group-0F1A09AA3450: changes role from      null to FOLLOWER at term 0 for startAsFollower
2023-07-28 23:24:39,805 [d133bf18-6a62-47fd-9fac-e73e51a269ad-groupManagement] INFO  impl.RoleInfo (RoleInfo.java:updateAndGet(139)) - d133bf18-6a62-47fd-9fac-e73e51a269ad: start d133bf18-6a62-47fd-9fac-e73e51a269ad@group-0F1A09AA3450-FollowerState
2023-07-28 23:24:39,808 [d133bf18-6a62-47fd-9fac-e73e51a269ad-groupManagement] INFO  util.JmxRegister (JmxRegister.java:tryRegister(44)) - Successfully registered JMX Bean with object name Ratis:service=RaftServer,group=group-0F1A09AA3450,id=d133bf18-6a62-47fd-9fac-e73e51a269ad
2023-07-28 23:24:39,809 [d133bf18-6a62-47fd-9fac-e73e51a269ad-groupManagement] INFO  server.RaftServerConfigKeys (ConfUtils.java:logGet(46)) - raft.server.snapshot.auto.trigger.enabled = true (custom)
2023-07-28 23:24:39,809 [d133bf18-6a62-47fd-9fac-e73e51a269ad-groupManagement] INFO  server.RaftServerConfigKeys (ConfUtils.java:logGet(46)) - raft.server.snapshot.auto.trigger.threshold = 10000 (custom)
2023-07-28 23:24:39,809 [d133bf18-6a62-47fd-9fac-e73e51a269ad-groupManagement] INFO  server.RaftServerConfigKeys (ConfUtils.java:logGet(46)) - raft.server.snapshot.retention.file.num = 5 (custom)
2023-07-28 23:24:39,809 [d133bf18-6a62-47fd-9fac-e73e51a269ad-groupManagement] INFO  server.RaftServerConfigKeys (ConfUtils.java:logGet(46)) - raft.server.log.purge.upto.snapshot.index = false (default)
2023-07-28 23:24:39,811 [d133bf18-6a62-47fd-9fac-e73e51a269ad@group-0F1A09AA3450-FollowerState] INFO  server.RaftServerConfigKeys (ConfUtils.java:logFallback(53)) - raft.server.rpc.first-election.timeout.min = 5s (fallback to raft.server.rpc.timeout.min)
2023-07-28 23:24:39,811 [d133bf18-6a62-47fd-9fac-e73e51a269ad@group-0F1A09AA3450-FollowerState] INFO  server.RaftServerConfigKeys (ConfUtils.java:logFallback(53)) - raft.server.rpc.first-election.timeout.max = 5200ms (fallback to raft.server.rpc.timeout.max)
2023-07-28 23:24:39,909 [PipelineCommandHandlerThread-0] INFO  commandhandler.CreatePipelineCommandHandler (CreatePipelineCommandHandler.java:lambda$handle$2(124)) - Created Pipeline RATIS THREE PipelineID=4b18a500-a533-4085-8d3e-0f1a09aa3450.
2023-07-28 23:24:39,913 [PipelineCommandHandlerThread-0] INFO  commandhandler.CreatePipelineCommandHandler (CreatePipelineCommandHandler.java:lambda$handle$2(124)) - Created Pipeline RATIS THREE PipelineID=4b18a500-a533-4085-8d3e-0f1a09aa3450.
2023-07-28 23:24:40,346 [main] INFO  ozone.MiniOzoneClusterImpl (MiniOzoneClusterImpl.java:lambda$waitForClusterToBeReady$0(224)) - Nodes are ready. Got 3 of 3 DN Heartbeats.
2023-07-28 23:24:40,346 [main] INFO  ozone.MiniOzoneClusterImpl (MiniOzoneClusterImpl.java:lambda$waitForClusterToBeReady$0(227)) - Waiting for cluster to exit safe mode
2023-07-28 23:24:40,346 [main] INFO  ozone.MiniOzoneClusterImpl (MiniOzoneClusterImpl.java:lambda$waitForClusterToBeReady$0(229)) - SCM became leader
2023-07-28 23:24:41,347 [main] INFO  ozone.MiniOzoneClusterImpl (MiniOzoneClusterImpl.java:lambda$waitForClusterToBeReady$0(224)) - Nodes are ready. Got 3 of 3 DN Heartbeats.
2023-07-28 23:24:41,347 [main] INFO  ozone.MiniOzoneClusterImpl (MiniOzoneClusterImpl.java:lambda$waitForClusterToBeReady$0(227)) - Waiting for cluster to exit safe mode
2023-07-28 23:24:41,347 [main] INFO  ozone.MiniOzoneClusterImpl (MiniOzoneClusterImpl.java:lambda$waitForClusterToBeReady$0(229)) - SCM became leader
2023-07-28 23:24:42,347 [main] INFO  ozone.MiniOzoneClusterImpl (MiniOzoneClusterImpl.java:lambda$waitForClusterToBeReady$0(224)) - Nodes are ready. Got 3 of 3 DN Heartbeats.
2023-07-28 23:24:42,348 [main] INFO  ozone.MiniOzoneClusterImpl (MiniOzoneClusterImpl.java:lambda$waitForClusterToBeReady$0(227)) - Waiting for cluster to exit safe mode
2023-07-28 23:24:42,348 [main] INFO  ozone.MiniOzoneClusterImpl (MiniOzoneClusterImpl.java:lambda$waitForClusterToBeReady$0(229)) - SCM became leader
2023-07-28 23:24:43,348 [main] INFO  ozone.MiniOzoneClusterImpl (MiniOzoneClusterImpl.java:lambda$waitForClusterToBeReady$0(224)) - Nodes are ready. Got 3 of 3 DN Heartbeats.
2023-07-28 23:24:43,348 [main] INFO  ozone.MiniOzoneClusterImpl (MiniOzoneClusterImpl.java:lambda$waitForClusterToBeReady$0(227)) - Waiting for cluster to exit safe mode
2023-07-28 23:24:43,349 [main] INFO  ozone.MiniOzoneClusterImpl (MiniOzoneClusterImpl.java:lambda$waitForClusterToBeReady$0(229)) - SCM became leader
2023-07-28 23:24:43,579 [0c3903ae-4b96-4c44-85fb-f5bdd10725bb@group-D9DB9C80B3C0-FollowerState] INFO  impl.FollowerState (FollowerState.java:run(143)) - 0c3903ae-4b96-4c44-85fb-f5bdd10725bb@group-D9DB9C80B3C0-FollowerState: change to CANDIDATE, lastRpcElapsedTime:5073430862ns, electionTimeout:5071ms
2023-07-28 23:24:43,580 [0c3903ae-4b96-4c44-85fb-f5bdd10725bb@group-D9DB9C80B3C0-FollowerState] INFO  impl.RoleInfo (RoleInfo.java:shutdownFollowerState(110)) - 0c3903ae-4b96-4c44-85fb-f5bdd10725bb: shutdown 0c3903ae-4b96-4c44-85fb-f5bdd10725bb@group-D9DB9C80B3C0-FollowerState
2023-07-28 23:24:43,580 [0c3903ae-4b96-4c44-85fb-f5bdd10725bb@group-D9DB9C80B3C0-FollowerState] INFO  server.RaftServer$Division (RaftServerImpl.java:setRole(329)) - 0c3903ae-4b96-4c44-85fb-f5bdd10725bb@group-D9DB9C80B3C0: changes role from  FOLLOWER to CANDIDATE at term 0 for changeToCandidate
2023-07-28 23:24:43,581 [0c3903ae-4b96-4c44-85fb-f5bdd10725bb@group-D9DB9C80B3C0-FollowerState] INFO  server.RaftServerConfigKeys (ConfUtils.java:logGet(46)) - raft.server.leaderelection.pre-vote = true (default)
2023-07-28 23:24:43,581 [0c3903ae-4b96-4c44-85fb-f5bdd10725bb@group-D9DB9C80B3C0-FollowerState] INFO  impl.RoleInfo (RoleInfo.java:updateAndGet(139)) - 0c3903ae-4b96-4c44-85fb-f5bdd10725bb: start 0c3903ae-4b96-4c44-85fb-f5bdd10725bb@group-D9DB9C80B3C0-LeaderElection2
2023-07-28 23:24:43,584 [0c3903ae-4b96-4c44-85fb-f5bdd10725bb@group-D9DB9C80B3C0-LeaderElection2] INFO  impl.LeaderElection (LeaderElection.java:askForVotes(321)) - 0c3903ae-4b96-4c44-85fb-f5bdd10725bb@group-D9DB9C80B3C0-LeaderElection2 PRE_VOTE round 0: submit vote requests at term 0 for -1: peers:[0c3903ae-4b96-4c44-85fb-f5bdd10725bb|rpc:10.1.0.69:15014|admin:10.1.0.69:15013|client:10.1.0.69:15012|dataStream:10.1.0.69:15015|priority:1|startupRole:FOLLOWER]|listeners:[], old=null
2023-07-28 23:24:43,584 [0c3903ae-4b96-4c44-85fb-f5bdd10725bb@group-D9DB9C80B3C0-LeaderElection2] INFO  impl.LeaderElection (LeaderElection.java:askForVotes(323)) - 0c3903ae-4b96-4c44-85fb-f5bdd10725bb@group-D9DB9C80B3C0-LeaderElection2 PRE_VOTE round 0: result PASSED (term=0)
2023-07-28 23:24:43,586 [0c3903ae-4b96-4c44-85fb-f5bdd10725bb@group-D9DB9C80B3C0-LeaderElection2] INFO  impl.LeaderElection (LeaderElection.java:askForVotes(321)) - 0c3903ae-4b96-4c44-85fb-f5bdd10725bb@group-D9DB9C80B3C0-LeaderElection2 ELECTION round 0: submit vote requests at term 1 for -1: peers:[0c3903ae-4b96-4c44-85fb-f5bdd10725bb|rpc:10.1.0.69:15014|admin:10.1.0.69:15013|client:10.1.0.69:15012|dataStream:10.1.0.69:15015|priority:1|startupRole:FOLLOWER]|listeners:[], old=null
2023-07-28 23:24:43,586 [0c3903ae-4b96-4c44-85fb-f5bdd10725bb@group-D9DB9C80B3C0-LeaderElection2] INFO  impl.LeaderElection (LeaderElection.java:askForVotes(323)) - 0c3903ae-4b96-4c44-85fb-f5bdd10725bb@group-D9DB9C80B3C0-LeaderElection2 ELECTION round 0: result PASSED (term=1)
2023-07-28 23:24:43,586 [0c3903ae-4b96-4c44-85fb-f5bdd10725bb@group-D9DB9C80B3C0-LeaderElection2] INFO  impl.RoleInfo (RoleInfo.java:shutdownLeaderElection(130)) - 0c3903ae-4b96-4c44-85fb-f5bdd10725bb: shutdown 0c3903ae-4b96-4c44-85fb-f5bdd10725bb@group-D9DB9C80B3C0-LeaderElection2
2023-07-28 23:24:43,587 [0c3903ae-4b96-4c44-85fb-f5bdd10725bb@group-D9DB9C80B3C0-LeaderElection2] INFO  server.RaftServer$Division (RaftServerImpl.java:setRole(329)) - 0c3903ae-4b96-4c44-85fb-f5bdd10725bb@group-D9DB9C80B3C0: changes role from CANDIDATE to LEADER at term 1 for changeToLeader
2023-07-28 23:24:43,587 [0c3903ae-4b96-4c44-85fb-f5bdd10725bb@group-D9DB9C80B3C0-LeaderElection2] INFO  ratis.XceiverServerRatis (XceiverServerRatis.java:handleLeaderChangedNotification(902)) - Leader change notification received for group: group-D9DB9C80B3C0 with new leaderId: 0c3903ae-4b96-4c44-85fb-f5bdd10725bb
2023-07-28 23:24:43,589 [0c3903ae-4b96-4c44-85fb-f5bdd10725bb@group-D9DB9C80B3C0-LeaderElection2] INFO  server.RaftServer$Division (ServerState.java:setLeader(317)) - 0c3903ae-4b96-4c44-85fb-f5bdd10725bb@group-D9DB9C80B3C0: change Leader from null to 0c3903ae-4b96-4c44-85fb-f5bdd10725bb at term 1 for becomeLeader, leader elected after 5118ms
2023-07-28 23:24:43,589 [0c3903ae-4b96-4c44-85fb-f5bdd10725bb@group-D9DB9C80B3C0-LeaderElection2] INFO  server.RaftServerConfigKeys (ConfUtils.java:logGet(46)) - raft.server.staging.catchup.gap = 1000 (default)
2023-07-28 23:24:43,589 [0c3903ae-4b96-4c44-85fb-f5bdd10725bb@group-D9DB9C80B3C0-LeaderElection2] INFO  server.RaftServerConfigKeys (ConfUtils.java:logGet(46)) - raft.server.write.element-limit = 1024 (custom)
2023-07-28 23:24:43,589 [0c3903ae-4b96-4c44-85fb-f5bdd10725bb@group-D9DB9C80B3C0-LeaderElection2] INFO  server.RaftServerConfigKeys (ConfUtils.java:logGet(46)) - raft.server.write.byte-limit = 1024 M (=1073741824) (custom)
2023-07-28 23:24:43,590 [0c3903ae-4b96-4c44-85fb-f5bdd10725bb@group-D9DB9C80B3C0-LeaderElection2] INFO  server.RaftServerConfigKeys (ConfUtils.java:logGet(46)) - raft.server.watch.timeout = 180s (custom)
2023-07-28 23:24:43,590 [0c3903ae-4b96-4c44-85fb-f5bdd10725bb@group-D9DB9C80B3C0-LeaderElection2] INFO  server.RaftServerConfigKeys (ConfUtils.java:logGet(46)) - raft.server.watch.timeout.denomination = 1s (default)
2023-07-28 23:24:43,590 [0c3903ae-4b96-4c44-85fb-f5bdd10725bb@group-D9DB9C80B3C0-LeaderElection2] INFO  server.RaftServerConfigKeys (ConfUtils.java:logGet(46)) - raft.server.watch.element-limit = 65536 (default)
2023-07-28 23:24:43,590 [0c3903ae-4b96-4c44-85fb-f5bdd10725bb@group-D9DB9C80B3C0-LeaderElection2] INFO  server.RaftServerConfigKeys (ConfUtils.java:logGet(46)) - raft.server.write.element-limit = 1024 (custom)
2023-07-28 23:24:43,590 [0c3903ae-4b96-4c44-85fb-f5bdd10725bb@group-D9DB9C80B3C0-LeaderElection2] INFO  server.RaftServerConfigKeys (ConfUtils.java:logGet(46)) - raft.server.write.follower.gap.ratio.max = -1.0 (default)
2023-07-28 23:24:43,590 [EventQueue-OpenPipelineForHealthyPipelineSafeModeRule] INFO  safemode.SCMSafeModeManager (HealthyPipelineSafeModeRule.java:process(137)) - SCM in safe mode. Healthy pipelines reported count is 0, required healthy pipeline reported count is 1
2023-07-28 23:24:43,590 [0c3903ae-4b96-4c44-85fb-f5bdd10725bb@group-D9DB9C80B3C0-LeaderElection2] INFO  impl.RoleInfo (RoleInfo.java:updateAndGet(139)) - 0c3903ae-4b96-4c44-85fb-f5bdd10725bb: start 0c3903ae-4b96-4c44-85fb-f5bdd10725bb@group-D9DB9C80B3C0-LeaderStateImpl
2023-07-28 23:24:43,591 [0c3903ae-4b96-4c44-85fb-f5bdd10725bb@group-D9DB9C80B3C0-LeaderElection2] INFO  segmented.SegmentedRaftLogWorker (SegmentedRaftLogWorker.java:startLogSegment(447)) - 0c3903ae-4b96-4c44-85fb-f5bdd10725bb@group-D9DB9C80B3C0-SegmentedRaftLogWorker: Starting segment from index:0
2023-07-28 23:24:43,598 [0c3903ae-4b96-4c44-85fb-f5bdd10725bb@group-D9DB9C80B3C0-LeaderElection2] INFO  server.RaftServer$Division (ServerState.java:setRaftConf(434)) - 0c3903ae-4b96-4c44-85fb-f5bdd10725bb@group-D9DB9C80B3C0: set configuration 0: peers:[0c3903ae-4b96-4c44-85fb-f5bdd10725bb|rpc:10.1.0.69:15014|admin:10.1.0.69:15013|client:10.1.0.69:15012|dataStream:10.1.0.69:15015|priority:1|startupRole:FOLLOWER]|listeners:[], old=null
2023-07-28 23:24:43,604 [0c3903ae-4b96-4c44-85fb-f5bdd10725bb@group-D9DB9C80B3C0-SegmentedRaftLogWorker] INFO  segmented.SegmentedRaftLogWorker (SegmentedRaftLogWorker.java:execute(651)) - 0c3903ae-4b96-4c44-85fb-f5bdd10725bb@group-D9DB9C80B3C0-SegmentedRaftLogWorker: created new log segment /home/runner/work/ozone/ozone/hadoop-ozone/integration-test/target/test-dir/MiniOzoneClusterImpl-87b6fce1-c6a6-46a6-82b1-f7f83edcbc7c/datanode-0/data/ratis/d25d7cab-3b8e-4f09-ac64-d9db9c80b3c0/current/log_inprogress_0
2023-07-28 23:24:43,621 [0c3903ae-4b96-4c44-85fb-f5bdd10725bb@group-60040CE1CEE4-FollowerState] INFO  impl.FollowerState (FollowerState.java:run(143)) - 0c3903ae-4b96-4c44-85fb-f5bdd10725bb@group-60040CE1CEE4-FollowerState: change to CANDIDATE, lastRpcElapsedTime:5078072366ns, electionTimeout:5074ms
2023-07-28 23:24:43,622 [0c3903ae-4b96-4c44-85fb-f5bdd10725bb@group-60040CE1CEE4-FollowerState] INFO  impl.RoleInfo (RoleInfo.java:shutdownFollowerState(110)) - 0c3903ae-4b96-4c44-85fb-f5bdd10725bb: shutdown 0c3903ae-4b96-4c44-85fb-f5bdd10725bb@group-60040CE1CEE4-FollowerState
2023-07-28 23:24:43,622 [0c3903ae-4b96-4c44-85fb-f5bdd10725bb@group-60040CE1CEE4-FollowerState] INFO  server.RaftServer$Division (RaftServerImpl.java:setRole(329)) - 0c3903ae-4b96-4c44-85fb-f5bdd10725bb@group-60040CE1CEE4: changes role from  FOLLOWER to CANDIDATE at term 0 for changeToCandidate
2023-07-28 23:24:43,623 [0c3903ae-4b96-4c44-85fb-f5bdd10725bb@group-60040CE1CEE4-FollowerState] INFO  server.RaftServerConfigKeys (ConfUtils.java:logGet(46)) - raft.server.leaderelection.pre-vote = true (default)
2023-07-28 23:24:43,623 [0c3903ae-4b96-4c44-85fb-f5bdd10725bb@group-60040CE1CEE4-FollowerState] INFO  impl.RoleInfo (RoleInfo.java:updateAndGet(139)) - 0c3903ae-4b96-4c44-85fb-f5bdd10725bb: start 0c3903ae-4b96-4c44-85fb-f5bdd10725bb@group-60040CE1CEE4-LeaderElection3
2023-07-28 23:24:43,625 [0c3903ae-4b96-4c44-85fb-f5bdd10725bb@group-60040CE1CEE4-LeaderElection3] INFO  impl.LeaderElection (LeaderElection.java:askForVotes(321)) - 0c3903ae-4b96-4c44-85fb-f5bdd10725bb@group-60040CE1CEE4-LeaderElection3 PRE_VOTE round 0: submit vote requests at term 0 for -1: peers:[f6c6ca7c-f19b-4803-9287-3eefa0b50f1b|rpc:10.1.0.69:15032|admin:10.1.0.69:15031|client:10.1.0.69:15030|dataStream:10.1.0.69:15033|priority:1|startupRole:FOLLOWER, d133bf18-6a62-47fd-9fac-e73e51a269ad|rpc:10.1.0.69:15023|admin:10.1.0.69:15022|client:10.1.0.69:15021|dataStream:10.1.0.69:15024|priority:0|startupRole:FOLLOWER, 0c3903ae-4b96-4c44-85fb-f5bdd10725bb|rpc:10.1.0.69:15014|admin:10.1.0.69:15013|client:10.1.0.69:15012|dataStream:10.1.0.69:15015|priority:0|startupRole:FOLLOWER]|listeners:[], old=null
2023-07-28 23:24:43,630 [0c3903ae-4b96-4c44-85fb-f5bdd10725bb@group-60040CE1CEE4-LeaderElection3] INFO  server.RaftServerConfigKeys (ConfUtils.java:logFallback(53)) - raft.server.rpc.first-election.timeout.min = 5s (fallback to raft.server.rpc.timeout.min)
2023-07-28 23:24:43,630 [0c3903ae-4b96-4c44-85fb-f5bdd10725bb@group-60040CE1CEE4-LeaderElection3] INFO  server.RaftServerConfigKeys (ConfUtils.java:logFallback(53)) - raft.server.rpc.first-election.timeout.max = 5200ms (fallback to raft.server.rpc.timeout.max)
2023-07-28 23:24:43,633 [0c3903ae-4b96-4c44-85fb-f5bdd10725bb@group-60040CE1CEE4-LeaderElection3-1] INFO  server.GrpcServerProtocolClient (GrpcServerProtocolClient.java:<init>(65)) - Build channel for f6c6ca7c-f19b-4803-9287-3eefa0b50f1b
2023-07-28 23:24:43,636 [0c3903ae-4b96-4c44-85fb-f5bdd10725bb@group-60040CE1CEE4-LeaderElection3-2] INFO  server.GrpcServerProtocolClient (GrpcServerProtocolClient.java:<init>(65)) - Build channel for d133bf18-6a62-47fd-9fac-e73e51a269ad
2023-07-28 23:24:43,668 [grpc-default-executor-0] INFO  server.RaftServer$Division (RaftServerImpl.java:requestVote(1302)) - d133bf18-6a62-47fd-9fac-e73e51a269ad@group-60040CE1CEE4: receive requestVote(PRE_VOTE, 0c3903ae-4b96-4c44-85fb-f5bdd10725bb, group-60040CE1CEE4, 0, (t:0, i:0))
2023-07-28 23:24:43,670 [grpc-default-executor-0] INFO  impl.VoteContext (VoteContext.java:log(49)) - d133bf18-6a62-47fd-9fac-e73e51a269ad@group-60040CE1CEE4-FOLLOWER: accept PRE_VOTE from 0c3903ae-4b96-4c44-85fb-f5bdd10725bb: our priority 0 <= candidate's priority 0
2023-07-28 23:24:43,675 [grpc-default-executor-0] INFO  server.RaftServer$Division (RaftServerImpl.java:requestVote(1335)) - d133bf18-6a62-47fd-9fac-e73e51a269ad@group-60040CE1CEE4 replies to PRE_VOTE vote request: 0c3903ae-4b96-4c44-85fb-f5bdd10725bb<-d133bf18-6a62-47fd-9fac-e73e51a269ad#0:OK-t0. Peer's state: d133bf18-6a62-47fd-9fac-e73e51a269ad@group-60040CE1CEE4:t0, leader=null, voted=, raftlog=Memoized:d133bf18-6a62-47fd-9fac-e73e51a269ad@group-60040CE1CEE4-SegmentedRaftLog:OPENED:c-1, conf=-1: peers:[f6c6ca7c-f19b-4803-9287-3eefa0b50f1b|rpc:10.1.0.69:15032|admin:10.1.0.69:15031|client:10.1.0.69:15030|dataStream:10.1.0.69:15033|priority:1|startupRole:FOLLOWER, d133bf18-6a62-47fd-9fac-e73e51a269ad|rpc:10.1.0.69:15023|admin:10.1.0.69:15022|client:10.1.0.69:15021|dataStream:10.1.0.69:15024|priority:0|startupRole:FOLLOWER, 0c3903ae-4b96-4c44-85fb-f5bdd10725bb|rpc:10.1.0.69:15014|admin:10.1.0.69:15013|client:10.1.0.69:15012|dataStream:10.1.0.69:15015|priority:0|startupRole:FOLLOWER]|listeners:[], old=null
2023-07-28 23:24:43,679 [grpc-default-executor-1] INFO  server.RaftServer$Division (RaftServerImpl.java:requestVote(1302)) - f6c6ca7c-f19b-4803-9287-3eefa0b50f1b@group-60040CE1CEE4: receive requestVote(PRE_VOTE, 0c3903ae-4b96-4c44-85fb-f5bdd10725bb, group-60040CE1CEE4, 0, (t:0, i:0))
2023-07-28 23:24:43,679 [grpc-default-executor-1] INFO  impl.VoteContext (VoteContext.java:log(49)) - f6c6ca7c-f19b-4803-9287-3eefa0b50f1b@group-60040CE1CEE4-FOLLOWER: reject PRE_VOTE from 0c3903ae-4b96-4c44-85fb-f5bdd10725bb: our priority 1 > candidate's priority 0
2023-07-28 23:24:43,680 [grpc-default-executor-1] INFO  server.RaftServer$Division (RaftServerImpl.java:requestVote(1335)) - f6c6ca7c-f19b-4803-9287-3eefa0b50f1b@group-60040CE1CEE4 replies to PRE_VOTE vote request: 0c3903ae-4b96-4c44-85fb-f5bdd10725bb<-f6c6ca7c-f19b-4803-9287-3eefa0b50f1b#0:FAIL-t0. Peer's state: f6c6ca7c-f19b-4803-9287-3eefa0b50f1b@group-60040CE1CEE4:t0, leader=null, voted=, raftlog=Memoized:f6c6ca7c-f19b-4803-9287-3eefa0b50f1b@group-60040CE1CEE4-SegmentedRaftLog:OPENED:c-1, conf=-1: peers:[f6c6ca7c-f19b-4803-9287-3eefa0b50f1b|rpc:10.1.0.69:15032|admin:10.1.0.69:15031|client:10.1.0.69:15030|dataStream:10.1.0.69:15033|priority:1|startupRole:FOLLOWER, d133bf18-6a62-47fd-9fac-e73e51a269ad|rpc:10.1.0.69:15023|admin:10.1.0.69:15022|client:10.1.0.69:15021|dataStream:10.1.0.69:15024|priority:0|startupRole:FOLLOWER, 0c3903ae-4b96-4c44-85fb-f5bdd10725bb|rpc:10.1.0.69:15014|admin:10.1.0.69:15013|client:10.1.0.69:15012|dataStream:10.1.0.69:15015|priority:0|startupRole:FOLLOWER]|listeners:[], old=null
2023-07-28 23:24:43,683 [0c3903ae-4b96-4c44-85fb-f5bdd10725bb@group-60040CE1CEE4-LeaderElection3] INFO  impl.LeaderElection (LeaderElection.java:logAndReturn(90)) - 0c3903ae-4b96-4c44-85fb-f5bdd10725bb@group-60040CE1CEE4-LeaderElection3: PRE_VOTE REJECTED received 2 response(s) and 0 exception(s):
2023-07-28 23:24:43,684 [0c3903ae-4b96-4c44-85fb-f5bdd10725bb@group-60040CE1CEE4-LeaderElection3] INFO  impl.LeaderElection (LeaderElection.java:logAndReturn(94)) -   Response 0: 0c3903ae-4b96-4c44-85fb-f5bdd10725bb<-f6c6ca7c-f19b-4803-9287-3eefa0b50f1b#0:FAIL-t0
2023-07-28 23:24:43,684 [0c3903ae-4b96-4c44-85fb-f5bdd10725bb@group-60040CE1CEE4-LeaderElection3] INFO  impl.LeaderElection (LeaderElection.java:logAndReturn(94)) -   Response 1: 0c3903ae-4b96-4c44-85fb-f5bdd10725bb<-d133bf18-6a62-47fd-9fac-e73e51a269ad#0:OK-t0
2023-07-28 23:24:43,684 [0c3903ae-4b96-4c44-85fb-f5bdd10725bb@group-60040CE1CEE4-LeaderElection3] INFO  impl.LeaderElection (LeaderElection.java:askForVotes(323)) - 0c3903ae-4b96-4c44-85fb-f5bdd10725bb@group-60040CE1CEE4-LeaderElection3 PRE_VOTE round 0: result REJECTED
2023-07-28 23:24:43,684 [0c3903ae-4b96-4c44-85fb-f5bdd10725bb@group-60040CE1CEE4-LeaderElection3] INFO  server.RaftServer$Division (RaftServerImpl.java:setRole(329)) - 0c3903ae-4b96-4c44-85fb-f5bdd10725bb@group-60040CE1CEE4: changes role from CANDIDATE to FOLLOWER at term 0 for REJECTED
2023-07-28 23:24:43,684 [0c3903ae-4b96-4c44-85fb-f5bdd10725bb@group-60040CE1CEE4-LeaderElection3] INFO  impl.RoleInfo (RoleInfo.java:shutdownLeaderElection(130)) - 0c3903ae-4b96-4c44-85fb-f5bdd10725bb: shutdown 0c3903ae-4b96-4c44-85fb-f5bdd10725bb@group-60040CE1CEE4-LeaderElection3
2023-07-28 23:24:43,684 [0c3903ae-4b96-4c44-85fb-f5bdd10725bb@group-60040CE1CEE4-LeaderElection3] INFO  impl.RoleInfo (RoleInfo.java:updateAndGet(139)) - 0c3903ae-4b96-4c44-85fb-f5bdd10725bb: start 0c3903ae-4b96-4c44-85fb-f5bdd10725bb@group-60040CE1CEE4-FollowerState
2023-07-28 23:24:44,119 [d133bf18-6a62-47fd-9fac-e73e51a269ad@group-FD18C3CCED4D-FollowerState] INFO  impl.FollowerState (FollowerState.java:run(143)) - d133bf18-6a62-47fd-9fac-e73e51a269ad@group-FD18C3CCED4D-FollowerState: change to CANDIDATE, lastRpcElapsedTime:5025274233ns, electionTimeout:5009ms
2023-07-28 23:24:44,120 [d133bf18-6a62-47fd-9fac-e73e51a269ad@group-FD18C3CCED4D-FollowerState] INFO  impl.RoleInfo (RoleInfo.java:shutdownFollowerState(110)) - d133bf18-6a62-47fd-9fac-e73e51a269ad: shutdown d133bf18-6a62-47fd-9fac-e73e51a269ad@group-FD18C3CCED4D-FollowerState
2023-07-28 23:24:44,120 [d133bf18-6a62-47fd-9fac-e73e51a269ad@group-FD18C3CCED4D-FollowerState] INFO  server.RaftServer$Division (RaftServerImpl.java:setRole(329)) - d133bf18-6a62-47fd-9fac-e73e51a269ad@group-FD18C3CCED4D: changes role from  FOLLOWER to CANDIDATE at term 0 for changeToCandidate
2023-07-28 23:24:44,123 [d133bf18-6a62-47fd-9fac-e73e51a269ad@group-FD18C3CCED4D-FollowerState] INFO  server.RaftServerConfigKeys (ConfUtils.java:logGet(46)) - raft.server.leaderelection.pre-vote = true (default)
2023-07-28 23:24:44,123 [d133bf18-6a62-47fd-9fac-e73e51a269ad@group-FD18C3CCED4D-FollowerState] INFO  impl.RoleInfo (RoleInfo.java:updateAndGet(139)) - d133bf18-6a62-47fd-9fac-e73e51a269ad: start d133bf18-6a62-47fd-9fac-e73e51a269ad@group-FD18C3CCED4D-LeaderElection4
2023-07-28 23:24:44,129 [d133bf18-6a62-47fd-9fac-e73e51a269ad@group-FD18C3CCED4D-LeaderElection4] INFO  impl.LeaderElection (LeaderElection.java:askForVotes(321)) - d133bf18-6a62-47fd-9fac-e73e51a269ad@group-FD18C3CCED4D-LeaderElection4 PRE_VOTE round 0: submit vote requests at term 0 for -1: peers:[d133bf18-6a62-47fd-9fac-e73e51a269ad|rpc:10.1.0.69:15023|admin:10.1.0.69:15022|client:10.1.0.69:15021|dataStream:10.1.0.69:15024|priority:1|startupRole:FOLLOWER]|listeners:[], old=null
2023-07-28 23:24:44,130 [d133bf18-6a62-47fd-9fac-e73e51a269ad@group-FD18C3CCED4D-LeaderElection4] INFO  impl.LeaderElection (LeaderElection.java:askForVotes(323)) - d133bf18-6a62-47fd-9fac-e73e51a269ad@group-FD18C3CCED4D-LeaderElection4 PRE_VOTE round 0: result PASSED (term=0)
2023-07-28 23:24:44,132 [d133bf18-6a62-47fd-9fac-e73e51a269ad@group-FD18C3CCED4D-LeaderElection4] INFO  impl.LeaderElection (LeaderElection.java:askForVotes(321)) - d133bf18-6a62-47fd-9fac-e73e51a269ad@group-FD18C3CCED4D-LeaderElection4 ELECTION round 0: submit vote requests at term 1 for -1: peers:[d133bf18-6a62-47fd-9fac-e73e51a269ad|rpc:10.1.0.69:15023|admin:10.1.0.69:15022|client:10.1.0.69:15021|dataStream:10.1.0.69:15024|priority:1|startupRole:FOLLOWER]|listeners:[], old=null
2023-07-28 23:24:44,132 [d133bf18-6a62-47fd-9fac-e73e51a269ad@group-FD18C3CCED4D-LeaderElection4] INFO  impl.LeaderElection (LeaderElection.java:askForVotes(323)) - d133bf18-6a62-47fd-9fac-e73e51a269ad@group-FD18C3CCED4D-LeaderElection4 ELECTION round 0: result PASSED (term=1)
2023-07-28 23:24:44,132 [d133bf18-6a62-47fd-9fac-e73e51a269ad@group-FD18C3CCED4D-LeaderElection4] INFO  impl.RoleInfo (RoleInfo.java:shutdownLeaderElection(130)) - d133bf18-6a62-47fd-9fac-e73e51a269ad: shutdown d133bf18-6a62-47fd-9fac-e73e51a269ad@group-FD18C3CCED4D-LeaderElection4
2023-07-28 23:24:44,132 [d133bf18-6a62-47fd-9fac-e73e51a269ad@group-FD18C3CCED4D-LeaderElection4] INFO  server.RaftServer$Division (RaftServerImpl.java:setRole(329)) - d133bf18-6a62-47fd-9fac-e73e51a269ad@group-FD18C3CCED4D: changes role from CANDIDATE to LEADER at term 1 for changeToLeader
2023-07-28 23:24:44,132 [d133bf18-6a62-47fd-9fac-e73e51a269ad@group-FD18C3CCED4D-LeaderElection4] INFO  ratis.XceiverServerRatis (XceiverServerRatis.java:handleLeaderChangedNotification(902)) - Leader change notification received for group: group-FD18C3CCED4D with new leaderId: d133bf18-6a62-47fd-9fac-e73e51a269ad
2023-07-28 23:24:44,133 [d133bf18-6a62-47fd-9fac-e73e51a269ad@group-FD18C3CCED4D-LeaderElection4] INFO  server.RaftServer$Division (ServerState.java:setLeader(317)) - d133bf18-6a62-47fd-9fac-e73e51a269ad@group-FD18C3CCED4D: change Leader from null to d133bf18-6a62-47fd-9fac-e73e51a269ad at term 1 for becomeLeader, leader elected after 5096ms
2023-07-28 23:24:44,133 [d133bf18-6a62-47fd-9fac-e73e51a269ad@group-FD18C3CCED4D-LeaderElection4] INFO  server.RaftServerConfigKeys (ConfUtils.java:logGet(46)) - raft.server.staging.catchup.gap = 1000 (default)
2023-07-28 23:24:44,139 [d133bf18-6a62-47fd-9fac-e73e51a269ad@group-FD18C3CCED4D-LeaderElection4] INFO  server.RaftServerConfigKeys (ConfUtils.java:logGet(46)) - raft.server.write.element-limit = 1024 (custom)
2023-07-28 23:24:44,139 [d133bf18-6a62-47fd-9fac-e73e51a269ad@group-FD18C3CCED4D-LeaderElection4] INFO  server.RaftServerConfigKeys (ConfUtils.java:logGet(46)) - raft.server.write.byte-limit = 1024 M (=1073741824) (custom)
2023-07-28 23:24:44,140 [d133bf18-6a62-47fd-9fac-e73e51a269ad@group-FD18C3CCED4D-LeaderElection4] INFO  server.RaftServerConfigKeys (ConfUtils.java:logGet(46)) - raft.server.watch.timeout = 180s (custom)
2023-07-28 23:24:44,140 [d133bf18-6a62-47fd-9fac-e73e51a269ad@group-FD18C3CCED4D-LeaderElection4] INFO  server.RaftServerConfigKeys (ConfUtils.java:logGet(46)) - raft.server.watch.timeout.denomination = 1s (default)
2023-07-28 23:24:44,140 [d133bf18-6a62-47fd-9fac-e73e51a269ad@group-FD18C3CCED4D-LeaderElection4] INFO  server.RaftServerConfigKeys (ConfUtils.java:logGet(46)) - raft.server.watch.element-limit = 65536 (default)
2023-07-28 23:24:44,140 [d133bf18-6a62-47fd-9fac-e73e51a269ad@group-FD18C3CCED4D-LeaderElection4] INFO  server.RaftServerConfigKeys (ConfUtils.java:logGet(46)) - raft.server.write.element-limit = 1024 (custom)
2023-07-28 23:24:44,140 [d133bf18-6a62-47fd-9fac-e73e51a269ad@group-FD18C3CCED4D-LeaderElection4] INFO  server.RaftServerConfigKeys (ConfUtils.java:logGet(46)) - raft.server.write.follower.gap.ratio.max = -1.0 (default)
2023-07-28 23:24:44,140 [d133bf18-6a62-47fd-9fac-e73e51a269ad@group-FD18C3CCED4D-LeaderElection4] INFO  impl.RoleInfo (RoleInfo.java:updateAndGet(139)) - d133bf18-6a62-47fd-9fac-e73e51a269ad: start d133bf18-6a62-47fd-9fac-e73e51a269ad@group-FD18C3CCED4D-LeaderStateImpl
2023-07-28 23:24:44,141 [EventQueue-OpenPipelineForHealthyPipelineSafeModeRule] INFO  safemode.SCMSafeModeManager (HealthyPipelineSafeModeRule.java:process(137)) - SCM in safe mode. Healthy pipelines reported count is 0, required healthy pipeline reported count is 1
2023-07-28 23:24:44,141 [d133bf18-6a62-47fd-9fac-e73e51a269ad@group-FD18C3CCED4D-LeaderElection4] INFO  segmented.SegmentedRaftLogWorker (SegmentedRaftLogWorker.java:startLogSegment(447)) - d133bf18-6a62-47fd-9fac-e73e51a269ad@group-FD18C3CCED4D-SegmentedRaftLogWorker: Starting segment from index:0
2023-07-28 23:24:44,143 [d133bf18-6a62-47fd-9fac-e73e51a269ad@group-FD18C3CCED4D-SegmentedRaftLogWorker] INFO  segmented.SegmentedRaftLogWorker (SegmentedRaftLogWorker.java:execute(651)) - d133bf18-6a62-47fd-9fac-e73e51a269ad@group-FD18C3CCED4D-SegmentedRaftLogWorker: created new log segment /home/runner/work/ozone/ozone/hadoop-ozone/integration-test/target/test-dir/MiniOzoneClusterImpl-87b6fce1-c6a6-46a6-82b1-f7f83edcbc7c/datanode-1/data/ratis/ff7162b4-795e-4ba8-9398-fd18c3cced4d/current/log_inprogress_0
2023-07-28 23:24:44,145 [d133bf18-6a62-47fd-9fac-e73e51a269ad@group-FD18C3CCED4D-LeaderElection4] INFO  server.RaftServer$Division (ServerState.java:setRaftConf(434)) - d133bf18-6a62-47fd-9fac-e73e51a269ad@group-FD18C3CCED4D: set configuration 0: peers:[d133bf18-6a62-47fd-9fac-e73e51a269ad|rpc:10.1.0.69:15023|admin:10.1.0.69:15022|client:10.1.0.69:15021|dataStream:10.1.0.69:15024|priority:1|startupRole:FOLLOWER]|listeners:[], old=null
2023-07-28 23:24:44,171 [f6c6ca7c-f19b-4803-9287-3eefa0b50f1b@group-60040CE1CEE4-FollowerState] INFO  impl.FollowerState (FollowerState.java:run(143)) - f6c6ca7c-f19b-4803-9287-3eefa0b50f1b@group-60040CE1CEE4-FollowerState: change to CANDIDATE, lastRpcElapsedTime:5029634735ns, electionTimeout:5007ms
2023-07-28 23:24:44,171 [f6c6ca7c-f19b-4803-9287-3eefa0b50f1b@group-60040CE1CEE4-FollowerState] INFO  impl.RoleInfo (RoleInfo.java:shutdownFollowerState(110)) - f6c6ca7c-f19b-4803-9287-3eefa0b50f1b: shutdown f6c6ca7c-f19b-4803-9287-3eefa0b50f1b@group-60040CE1CEE4-FollowerState
2023-07-28 23:24:44,171 [f6c6ca7c-f19b-4803-9287-3eefa0b50f1b@group-60040CE1CEE4-FollowerState] INFO  server.RaftServer$Division (RaftServerImpl.java:setRole(329)) - f6c6ca7c-f19b-4803-9287-3eefa0b50f1b@group-60040CE1CEE4: changes role from  FOLLOWER to CANDIDATE at term 0 for changeToCandidate
2023-07-28 23:24:44,171 [f6c6ca7c-f19b-4803-9287-3eefa0b50f1b@group-60040CE1CEE4-FollowerState] INFO  server.RaftServerConfigKeys (ConfUtils.java:logGet(46)) - raft.server.leaderelection.pre-vote = true (default)
2023-07-28 23:24:44,171 [f6c6ca7c-f19b-4803-9287-3eefa0b50f1b@group-60040CE1CEE4-FollowerState] INFO  impl.RoleInfo (RoleInfo.java:updateAndGet(139)) - f6c6ca7c-f19b-4803-9287-3eefa0b50f1b: start f6c6ca7c-f19b-4803-9287-3eefa0b50f1b@group-60040CE1CEE4-LeaderElection5
2023-07-28 23:24:44,172 [f6c6ca7c-f19b-4803-9287-3eefa0b50f1b@group-60040CE1CEE4-LeaderElection5] INFO  impl.LeaderElection (LeaderElection.java:askForVotes(321)) - f6c6ca7c-f19b-4803-9287-3eefa0b50f1b@group-60040CE1CEE4-LeaderElection5 PRE_VOTE round 0: submit vote requests at term 0 for -1: peers:[f6c6ca7c-f19b-4803-9287-3eefa0b50f1b|rpc:10.1.0.69:15032|admin:10.1.0.69:15031|client:10.1.0.69:15030|dataStream:10.1.0.69:15033|priority:1|startupRole:FOLLOWER, d133bf18-6a62-47fd-9fac-e73e51a269ad|rpc:10.1.0.69:15023|admin:10.1.0.69:15022|client:10.1.0.69:15021|dataStream:10.1.0.69:15024|priority:0|startupRole:FOLLOWER, 0c3903ae-4b96-4c44-85fb-f5bdd10725bb|rpc:10.1.0.69:15014|admin:10.1.0.69:15013|client:10.1.0.69:15012|dataStream:10.1.0.69:15015|priority:0|startupRole:FOLLOWER]|listeners:[], old=null
2023-07-28 23:24:44,174 [f6c6ca7c-f19b-4803-9287-3eefa0b50f1b@group-60040CE1CEE4-LeaderElection5-1] INFO  server.GrpcServerProtocolClient (GrpcServerProtocolClient.java:<init>(65)) - Build channel for d133bf18-6a62-47fd-9fac-e73e51a269ad
2023-07-28 23:24:44,175 [f6c6ca7c-f19b-4803-9287-3eefa0b50f1b@group-60040CE1CEE4-LeaderElection5] INFO  server.RaftServerConfigKeys (ConfUtils.java:logFallback(53)) - raft.server.rpc.first-election.timeout.min = 5s (fallback to raft.server.rpc.timeout.min)
2023-07-28 23:24:44,178 [f6c6ca7c-f19b-4803-9287-3eefa0b50f1b@group-60040CE1CEE4-LeaderElection5] INFO  server.RaftServerConfigKeys (ConfUtils.java:logFallback(53)) - raft.server.rpc.first-election.timeout.max = 5200ms (fallback to raft.server.rpc.timeout.max)
2023-07-28 23:24:44,180 [f6c6ca7c-f19b-4803-9287-3eefa0b50f1b@group-60040CE1CEE4-LeaderElection5-2] INFO  server.GrpcServerProtocolClient (GrpcServerProtocolClient.java:<init>(65)) - Build channel for 0c3903ae-4b96-4c44-85fb-f5bdd10725bb
2023-07-28 23:24:44,202 [grpc-default-executor-1] INFO  server.RaftServer$Division (RaftServerImpl.java:requestVote(1302)) - 0c3903ae-4b96-4c44-85fb-f5bdd10725bb@group-60040CE1CEE4: receive requestVote(PRE_VOTE, f6c6ca7c-f19b-4803-9287-3eefa0b50f1b, group-60040CE1CEE4, 0, (t:0, i:0))
2023-07-28 23:24:44,202 [grpc-default-executor-1] INFO  impl.VoteContext (VoteContext.java:log(49)) - 0c3903ae-4b96-4c44-85fb-f5bdd10725bb@group-60040CE1CEE4-FOLLOWER: accept PRE_VOTE from f6c6ca7c-f19b-4803-9287-3eefa0b50f1b: our priority 0 <= candidate's priority 1
2023-07-28 23:24:44,202 [grpc-default-executor-1] INFO  server.RaftServer$Division (RaftServerImpl.java:requestVote(1335)) - 0c3903ae-4b96-4c44-85fb-f5bdd10725bb@group-60040CE1CEE4 replies to PRE_VOTE vote request: f6c6ca7c-f19b-4803-9287-3eefa0b50f1b<-0c3903ae-4b96-4c44-85fb-f5bdd10725bb#0:OK-t0. Peer's state: 0c3903ae-4b96-4c44-85fb-f5bdd10725bb@group-60040CE1CEE4:t0, leader=null, voted=, raftlog=Memoized:0c3903ae-4b96-4c44-85fb-f5bdd10725bb@group-60040CE1CEE4-SegmentedRaftLog:OPENED:c-1, conf=-1: peers:[f6c6ca7c-f19b-4803-9287-3eefa0b50f1b|rpc:10.1.0.69:15032|admin:10.1.0.69:15031|client:10.1.0.69:15030|dataStream:10.1.0.69:15033|priority:1|startupRole:FOLLOWER, d133bf18-6a62-47fd-9fac-e73e51a269ad|rpc:10.1.0.69:15023|admin:10.1.0.69:15022|client:10.1.0.69:15021|dataStream:10.1.0.69:15024|priority:0|startupRole:FOLLOWER, 0c3903ae-4b96-4c44-85fb-f5bdd10725bb|rpc:10.1.0.69:15014|admin:10.1.0.69:15013|client:10.1.0.69:15012|dataStream:10.1.0.69:15015|priority:0|startupRole:FOLLOWER]|listeners:[], old=null
2023-07-28 23:24:44,205 [grpc-default-executor-1] INFO  server.RaftServer$Division (RaftServerImpl.java:requestVote(1302)) - d133bf18-6a62-47fd-9fac-e73e51a269ad@group-60040CE1CEE4: receive requestVote(PRE_VOTE, f6c6ca7c-f19b-4803-9287-3eefa0b50f1b, group-60040CE1CEE4, 0, (t:0, i:0))
2023-07-28 23:24:44,206 [f6c6ca7c-f19b-4803-9287-3eefa0b50f1b@group-60040CE1CEE4-LeaderElection5] INFO  impl.LeaderElection (LeaderElection.java:logAndReturn(90)) - f6c6ca7c-f19b-4803-9287-3eefa0b50f1b@group-60040CE1CEE4-LeaderElection5: PRE_VOTE PASSED received 1 response(s) and 0 exception(s):
2023-07-28 23:24:44,206 [f6c6ca7c-f19b-4803-9287-3eefa0b50f1b@group-60040CE1CEE4-LeaderElection5] INFO  impl.LeaderElection (LeaderElection.java:logAndReturn(94)) -   Response 0: f6c6ca7c-f19b-4803-9287-3eefa0b50f1b<-0c3903ae-4b96-4c44-85fb-f5bdd10725bb#0:OK-t0
2023-07-28 23:24:44,206 [f6c6ca7c-f19b-4803-9287-3eefa0b50f1b@group-60040CE1CEE4-LeaderElection5] INFO  impl.LeaderElection (LeaderElection.java:askForVotes(323)) - f6c6ca7c-f19b-4803-9287-3eefa0b50f1b@group-60040CE1CEE4-LeaderElection5 PRE_VOTE round 0: result PASSED
2023-07-28 23:24:44,208 [grpc-default-executor-1] INFO  impl.VoteContext (VoteContext.java:log(49)) - d133bf18-6a62-47fd-9fac-e73e51a269ad@group-60040CE1CEE4-FOLLOWER: accept PRE_VOTE from f6c6ca7c-f19b-4803-9287-3eefa0b50f1b: our priority 0 <= candidate's priority 1
2023-07-28 23:24:44,208 [grpc-default-executor-1] INFO  server.RaftServer$Division (RaftServerImpl.java:requestVote(1335)) - d133bf18-6a62-47fd-9fac-e73e51a269ad@group-60040CE1CEE4 replies to PRE_VOTE vote request: f6c6ca7c-f19b-4803-9287-3eefa0b50f1b<-d133bf18-6a62-47fd-9fac-e73e51a269ad#0:OK-t0. Peer's state: d133bf18-6a62-47fd-9fac-e73e51a269ad@group-60040CE1CEE4:t0, leader=null, voted=, raftlog=Memoized:d133bf18-6a62-47fd-9fac-e73e51a269ad@group-60040CE1CEE4-SegmentedRaftLog:OPENED:c-1, conf=-1: peers:[f6c6ca7c-f19b-4803-9287-3eefa0b50f1b|rpc:10.1.0.69:15032|admin:10.1.0.69:15031|client:10.1.0.69:15030|dataStream:10.1.0.69:15033|priority:1|startupRole:FOLLOWER, d133bf18-6a62-47fd-9fac-e73e51a269ad|rpc:10.1.0.69:15023|admin:10.1.0.69:15022|client:10.1.0.69:15021|dataStream:10.1.0.69:15024|priority:0|startupRole:FOLLOWER, 0c3903ae-4b96-4c44-85fb-f5bdd10725bb|rpc:10.1.0.69:15014|admin:10.1.0.69:15013|client:10.1.0.69:15012|dataStream:10.1.0.69:15015|priority:0|startupRole:FOLLOWER]|listeners:[], old=null
2023-07-28 23:24:44,209 [f6c6ca7c-f19b-4803-9287-3eefa0b50f1b@group-60040CE1CEE4-LeaderElection5] INFO  impl.LeaderElection (LeaderElection.java:askForVotes(321)) - f6c6ca7c-f19b-4803-9287-3eefa0b50f1b@group-60040CE1CEE4-LeaderElection5 ELECTION round 0: submit vote requests at term 1 for -1: peers:[f6c6ca7c-f19b-4803-9287-3eefa0b50f1b|rpc:10.1.0.69:15032|admin:10.1.0.69:15031|client:10.1.0.69:15030|dataStream:10.1.0.69:15033|priority:1|startupRole:FOLLOWER, d133bf18-6a62-47fd-9fac-e73e51a269ad|rpc:10.1.0.69:15023|admin:10.1.0.69:15022|client:10.1.0.69:15021|dataStream:10.1.0.69:15024|priority:0|startupRole:FOLLOWER, 0c3903ae-4b96-4c44-85fb-f5bdd10725bb|rpc:10.1.0.69:15014|admin:10.1.0.69:15013|client:10.1.0.69:15012|dataStream:10.1.0.69:15015|priority:0|startupRole:FOLLOWER]|listeners:[], old=null
2023-07-28 23:24:44,210 [f6c6ca7c-f19b-4803-9287-3eefa0b50f1b@group-60040CE1CEE4-LeaderElection5] INFO  server.RaftServerConfigKeys (ConfUtils.java:logFallback(53)) - raft.server.rpc.first-election.timeout.min = 5s (fallback to raft.server.rpc.timeout.min)
2023-07-28 23:24:44,210 [f6c6ca7c-f19b-4803-9287-3eefa0b50f1b@group-60040CE1CEE4-LeaderElection5] INFO  server.RaftServerConfigKeys (ConfUtils.java:logFallback(53)) - raft.server.rpc.first-election.timeout.max = 5200ms (fallback to raft.server.rpc.timeout.max)
2023-07-28 23:24:44,215 [grpc-default-executor-1] INFO  server.RaftServer$Division (RaftServerImpl.java:requestVote(1302)) - 0c3903ae-4b96-4c44-85fb-f5bdd10725bb@group-60040CE1CEE4: receive requestVote(ELECTION, f6c6ca7c-f19b-4803-9287-3eefa0b50f1b, group-60040CE1CEE4, 1, (t:0, i:0))
2023-07-28 23:24:44,216 [grpc-default-executor-1] INFO  impl.VoteContext (VoteContext.java:log(49)) - 0c3903ae-4b96-4c44-85fb-f5bdd10725bb@group-60040CE1CEE4-FOLLOWER: accept ELECTION from f6c6ca7c-f19b-4803-9287-3eefa0b50f1b: our priority 0 <= candidate's priority 1
2023-07-28 23:24:44,216 [grpc-default-executor-1] INFO  server.RaftServer$Division (RaftServerImpl.java:setRole(329)) - 0c3903ae-4b96-4c44-85fb-f5bdd10725bb@group-60040CE1CEE4: changes role from  FOLLOWER to FOLLOWER at term 1 for candidate:f6c6ca7c-f19b-4803-9287-3eefa0b50f1b
2023-07-28 23:24:44,216 [grpc-default-executor-1] INFO  impl.RoleInfo (RoleInfo.java:shutdownFollowerState(110)) - 0c3903ae-4b96-4c44-85fb-f5bdd10725bb: shutdown 0c3903ae-4b96-4c44-85fb-f5bdd10725bb@group-60040CE1CEE4-FollowerState
2023-07-28 23:24:44,216 [grpc-default-executor-1] INFO  impl.RoleInfo (RoleInfo.java:updateAndGet(139)) - 0c3903ae-4b96-4c44-85fb-f5bdd10725bb: start 0c3903ae-4b96-4c44-85fb-f5bdd10725bb@group-60040CE1CEE4-FollowerState
2023-07-28 23:24:44,216 [0c3903ae-4b96-4c44-85fb-f5bdd10725bb@group-60040CE1CEE4-FollowerState] INFO  impl.FollowerState (FollowerState.java:run(152)) - 0c3903ae-4b96-4c44-85fb-f5bdd10725bb@group-60040CE1CEE4-FollowerState was interrupted
2023-07-28 23:24:44,221 [grpc-default-executor-1] INFO  server.RaftServer$Division (RaftServerImpl.java:requestVote(1335)) - 0c3903ae-4b96-4c44-85fb-f5bdd10725bb@group-60040CE1CEE4 replies to ELECTION vote request: f6c6ca7c-f19b-4803-9287-3eefa0b50f1b<-0c3903ae-4b96-4c44-85fb-f5bdd10725bb#0:OK-t1. Peer's state: 0c3903ae-4b96-4c44-85fb-f5bdd10725bb@group-60040CE1CEE4:t1, leader=null, voted=f6c6ca7c-f19b-4803-9287-3eefa0b50f1b, raftlog=Memoized:0c3903ae-4b96-4c44-85fb-f5bdd10725bb@group-60040CE1CEE4-SegmentedRaftLog:OPENED:c-1, conf=-1: peers:[f6c6ca7c-f19b-4803-9287-3eefa0b50f1b|rpc:10.1.0.69:15032|admin:10.1.0.69:15031|client:10.1.0.69:15030|dataStream:10.1.0.69:15033|priority:1|startupRole:FOLLOWER, d133bf18-6a62-47fd-9fac-e73e51a269ad|rpc:10.1.0.69:15023|admin:10.1.0.69:15022|client:10.1.0.69:15021|dataStream:10.1.0.69:15024|priority:0|startupRole:FOLLOWER, 0c3903ae-4b96-4c44-85fb-f5bdd10725bb|rpc:10.1.0.69:15014|admin:10.1.0.69:15013|client:10.1.0.69:15012|dataStream:10.1.0.69:15015|priority:0|startupRole:FOLLOWER]|listeners:[], old=null
2023-07-28 23:24:44,226 [grpc-default-executor-1] INFO  server.RaftServer$Division (RaftServerImpl.java:requestVote(1302)) - d133bf18-6a62-47fd-9fac-e73e51a269ad@group-60040CE1CEE4: receive requestVote(ELECTION, f6c6ca7c-f19b-4803-9287-3eefa0b50f1b, group-60040CE1CEE4, 1, (t:0, i:0))
2023-07-28 23:24:44,226 [grpc-default-executor-1] INFO  impl.VoteContext (VoteContext.java:log(49)) - d133bf18-6a62-47fd-9fac-e73e51a269ad@group-60040CE1CEE4-FOLLOWER: accept ELECTION from f6c6ca7c-f19b-4803-9287-3eefa0b50f1b: our priority 0 <= candidate's priority 1
2023-07-28 23:24:44,226 [grpc-default-executor-1] INFO  server.RaftServer$Division (RaftServerImpl.java:setRole(329)) - d133bf18-6a62-47fd-9fac-e73e51a269ad@group-60040CE1CEE4: changes role from  FOLLOWER to FOLLOWER at term 1 for candidate:f6c6ca7c-f19b-4803-9287-3eefa0b50f1b
2023-07-28 23:24:44,226 [grpc-default-executor-1] INFO  impl.RoleInfo (RoleInfo.java:shutdownFollowerState(110)) - d133bf18-6a62-47fd-9fac-e73e51a269ad: shutdown d133bf18-6a62-47fd-9fac-e73e51a269ad@group-60040CE1CEE4-FollowerState
2023-07-28 23:24:44,226 [grpc-default-executor-1] INFO  impl.RoleInfo (RoleInfo.java:updateAndGet(139)) - d133bf18-6a62-47fd-9fac-e73e51a269ad: start d133bf18-6a62-47fd-9fac-e73e51a269ad@group-60040CE1CEE4-FollowerState
2023-07-28 23:24:44,227 [d133bf18-6a62-47fd-9fac-e73e51a269ad@group-60040CE1CEE4-FollowerState] INFO  impl.FollowerState (FollowerState.java:run(152)) - d133bf18-6a62-47fd-9fac-e73e51a269ad@group-60040CE1CEE4-FollowerState was interrupted
2023-07-28 23:24:44,232 [f6c6ca7c-f19b-4803-9287-3eefa0b50f1b@group-60040CE1CEE4-LeaderElection5] INFO  impl.LeaderElection (LeaderElection.java:logAndReturn(90)) - f6c6ca7c-f19b-4803-9287-3eefa0b50f1b@group-60040CE1CEE4-LeaderElection5: ELECTION PASSED received 1 response(s) and 0 exception(s):
2023-07-28 23:24:44,232 [f6c6ca7c-f19b-4803-9287-3eefa0b50f1b@group-60040CE1CEE4-LeaderElection5] INFO  impl.LeaderElection (LeaderElection.java:logAndReturn(94)) -   Response 0: f6c6ca7c-f19b-4803-9287-3eefa0b50f1b<-0c3903ae-4b96-4c44-85fb-f5bdd10725bb#0:OK-t1
2023-07-28 23:24:44,232 [f6c6ca7c-f19b-4803-9287-3eefa0b50f1b@group-60040CE1CEE4-LeaderElection5] INFO  impl.LeaderElection (LeaderElection.java:askForVotes(323)) - f6c6ca7c-f19b-4803-9287-3eefa0b50f1b@group-60040CE1CEE4-LeaderElection5 ELECTION round 0: result PASSED
2023-07-28 23:24:44,232 [f6c6ca7c-f19b-4803-9287-3eefa0b50f1b@group-60040CE1CEE4-LeaderElection5] INFO  impl.RoleInfo (RoleInfo.java:shutdownLeaderElection(130)) - f6c6ca7c-f19b-4803-9287-3eefa0b50f1b: shutdown f6c6ca7c-f19b-4803-9287-3eefa0b50f1b@group-60040CE1CEE4-LeaderElection5
2023-07-28 23:24:44,232 [f6c6ca7c-f19b-4803-9287-3eefa0b50f1b@group-60040CE1CEE4-LeaderElection5] INFO  server.RaftServer$Division (RaftServerImpl.java:setRole(329)) - f6c6ca7c-f19b-4803-9287-3eefa0b50f1b@group-60040CE1CEE4: changes role from CANDIDATE to LEADER at term 1 for changeToLeader
2023-07-28 23:24:44,232 [f6c6ca7c-f19b-4803-9287-3eefa0b50f1b@group-60040CE1CEE4-LeaderElection5] INFO  ratis.XceiverServerRatis (XceiverServerRatis.java:handleLeaderChangedNotification(902)) - Leader change notification received for group: group-60040CE1CEE4 with new leaderId: f6c6ca7c-f19b-4803-9287-3eefa0b50f1b
2023-07-28 23:24:44,232 [f6c6ca7c-f19b-4803-9287-3eefa0b50f1b@group-60040CE1CEE4-LeaderElection5] INFO  server.RaftServer$Division (ServerState.java:setLeader(317)) - f6c6ca7c-f19b-4803-9287-3eefa0b50f1b@group-60040CE1CEE4: change Leader from null to f6c6ca7c-f19b-4803-9287-3eefa0b50f1b at term 1 for becomeLeader, leader elected after 5144ms
2023-07-28 23:24:44,232 [f6c6ca7c-f19b-4803-9287-3eefa0b50f1b@group-60040CE1CEE4-LeaderElection5] INFO  server.RaftServerConfigKeys (ConfUtils.java:logGet(46)) - raft.server.staging.catchup.gap = 1000 (default)
2023-07-28 23:24:44,233 [f6c6ca7c-f19b-4803-9287-3eefa0b50f1b@group-60040CE1CEE4-LeaderElection5] INFO  server.RaftServerConfigKeys (ConfUtils.java:logGet(46)) - raft.server.write.element-limit = 1024 (custom)
2023-07-28 23:24:44,233 [f6c6ca7c-f19b-4803-9287-3eefa0b50f1b@group-60040CE1CEE4-LeaderElection5] INFO  server.RaftServerConfigKeys (ConfUtils.java:logGet(46)) - raft.server.write.byte-limit = 1024 M (=1073741824) (custom)
2023-07-28 23:24:44,233 [f6c6ca7c-f19b-4803-9287-3eefa0b50f1b@group-60040CE1CEE4-LeaderElection5] INFO  server.RaftServerConfigKeys (ConfUtils.java:logGet(46)) - raft.server.watch.timeout = 180s (custom)
2023-07-28 23:24:44,233 [f6c6ca7c-f19b-4803-9287-3eefa0b50f1b@group-60040CE1CEE4-LeaderElection5] INFO  server.RaftServerConfigKeys (ConfUtils.java:logGet(46)) - raft.server.watch.timeout.denomination = 1s (default)
2023-07-28 23:24:44,233 [f6c6ca7c-f19b-4803-9287-3eefa0b50f1b@group-60040CE1CEE4-LeaderElection5] INFO  server.RaftServerConfigKeys (ConfUtils.java:logGet(46)) - raft.server.watch.element-limit = 65536 (default)
2023-07-28 23:24:44,233 [f6c6ca7c-f19b-4803-9287-3eefa0b50f1b@group-60040CE1CEE4-LeaderElection5] INFO  server.RaftServerConfigKeys (ConfUtils.java:logGet(46)) - raft.server.write.element-limit = 1024 (custom)
2023-07-28 23:24:44,234 [f6c6ca7c-f19b-4803-9287-3eefa0b50f1b@group-60040CE1CEE4-LeaderElection5] INFO  server.RaftServerConfigKeys (ConfUtils.java:logGet(46)) - raft.server.write.follower.gap.ratio.max = -1.0 (default)
2023-07-28 23:24:44,234 [grpc-default-executor-1] INFO  server.RaftServer$Division (RaftServerImpl.java:requestVote(1335)) - d133bf18-6a62-47fd-9fac-e73e51a269ad@group-60040CE1CEE4 replies to ELECTION vote request: f6c6ca7c-f19b-4803-9287-3eefa0b50f1b<-d133bf18-6a62-47fd-9fac-e73e51a269ad#0:OK-t1. Peer's state: d133bf18-6a62-47fd-9fac-e73e51a269ad@group-60040CE1CEE4:t1, leader=null, voted=f6c6ca7c-f19b-4803-9287-3eefa0b50f1b, raftlog=Memoized:d133bf18-6a62-47fd-9fac-e73e51a269ad@group-60040CE1CEE4-SegmentedRaftLog:OPENED:c-1, conf=-1: peers:[f6c6ca7c-f19b-4803-9287-3eefa0b50f1b|rpc:10.1.0.69:15032|admin:10.1.0.69:15031|client:10.1.0.69:15030|dataStream:10.1.0.69:15033|priority:1|startupRole:FOLLOWER, d133bf18-6a62-47fd-9fac-e73e51a269ad|rpc:10.1.0.69:15023|admin:10.1.0.69:15022|client:10.1.0.69:15021|dataStream:10.1.0.69:15024|priority:0|startupRole:FOLLOWER, 0c3903ae-4b96-4c44-85fb-f5bdd10725bb|rpc:10.1.0.69:15014|admin:10.1.0.69:15013|client:10.1.0.69:15012|dataStream:10.1.0.69:15015|priority:0|startupRole:FOLLOWER]|listeners:[], old=null
2023-07-28 23:24:44,239 [EventQueue-PipelineReportForPipelineReportHandler] INFO  pipeline.PipelineReportHandler (PipelineReportHandler.java:processPipelineReport(136)) - Opened pipeline PipelineID=75a335ff-68e4-400d-bdc7-60040ce1cee4
2023-07-28 23:24:44,239 [EventQueue-OpenPipelineForHealthyPipelineSafeModeRule] INFO  safemode.SCMSafeModeManager (HealthyPipelineSafeModeRule.java:process(137)) - SCM in safe mode. Healthy pipelines reported count is 1, required healthy pipeline reported count is 1
2023-07-28 23:24:44,242 [EventQueue-OpenPipelineForHealthyPipelineSafeModeRule] INFO  safemode.SCMSafeModeManager (SCMSafeModeManager.java:validateSafeModeExitRules(200)) - HealthyPipelineSafeModeRule rule is successfully validated
2023-07-28 23:24:44,242 [EventQueue-OpenPipelineForHealthyPipelineSafeModeRule] INFO  safemode.SCMSafeModeManager (SCMSafeModeManager.java:validateSafeModeExitRules(215)) - ScmSafeModeManager, all rules are successfully validated
2023-07-28 23:24:44,242 [EventQueue-OpenPipelineForHealthyPipelineSafeModeRule] INFO  safemode.SCMSafeModeManager (SCMSafeModeManager.java:exitSafeMode(244)) - SCM exiting safe mode.
2023-07-28 23:24:44,242 [EventQueue-OpenPipelineForHealthyPipelineSafeModeRule] INFO  ha.SCMContext (SCMContext.java:updateSafeModeStatus(228)) - Update SafeModeStatus from SafeModeStatus{safeModeStatus=true, preCheckPassed=true} to SafeModeStatus{safeModeStatus=false, preCheckPassed=true}.
2023-07-28 23:24:44,242 [EventQueue-OpenPipelineForHealthyPipelineSafeModeRule] INFO  pipeline.BackgroundPipelineCreator (BackgroundPipelineCreator.java:notifyStatusChanged(255)) - Service BackgroundPipelineCreator transitions to RUNNING.
2023-07-28 23:24:44,242 [EventQueue-OpenPipelineForHealthyPipelineSafeModeRule] INFO  BackgroundPipelineScrubber (BackgroundSCMService.java:notifyStatusChanged(82)) - Service BackgroundPipelineScrubber transitions to RUNNING.
2023-07-28 23:24:44,243 [EventQueue-OpenPipelineForHealthyPipelineSafeModeRule] INFO  ExpiredContainerReplicaOpScrubber (BackgroundSCMService.java:notifyStatusChanged(82)) - Service ExpiredContainerReplicaOpScrubber transitions to RUNNING.
2023-07-28 23:24:44,243 [EventQueue-OpenPipelineForHealthyPipelineSafeModeRule] INFO  replication.ReplicationManager (ReplicationManager.java:notifyStatusChanged(1366)) - Service ReplicationManager transitions to RUNNING.
2023-07-28 23:24:44,247 [EventQueue-OpenPipelineForHealthyPipelineSafeModeRule] WARN  balancer.ContainerBalancer (ContainerBalancer.java:shouldRun(134)) - Could not find persisted configuration for ContainerBalancer when checking if ContainerBalancer should run. ContainerBalancer should not run now.
2023-07-28 23:24:44,251 [f6c6ca7c-f19b-4803-9287-3eefa0b50f1b@group-60040CE1CEE4-LeaderElection5] INFO  server.RaftServerConfigKeys (ConfUtils.java:logGet(46)) - raft.server.log.appender.snapshot.chunk.size.max = 16MB (=16777216) (default)
2023-07-28 23:24:44,251 [f6c6ca7c-f19b-4803-9287-3eefa0b50f1b@group-60040CE1CEE4-LeaderElection5] INFO  server.RaftServerConfigKeys (ConfUtils.java:logGet(46)) - raft.server.log.appender.buffer.byte-limit = 33554432 (custom)
2023-07-28 23:24:44,252 [f6c6ca7c-f19b-4803-9287-3eefa0b50f1b@group-60040CE1CEE4-LeaderElection5] INFO  server.RaftServerConfigKeys (ConfUtils.java:logGet(46)) - raft.server.log.appender.buffer.element-limit = 1 (custom)
2023-07-28 23:24:44,254 [f6c6ca7c-f19b-4803-9287-3eefa0b50f1b@group-60040CE1CEE4-LeaderElection5] INFO  server.RaftServerConfigKeys (ConfUtils.java:logGet(46)) - raft.server.log.appender.wait-time.min = 10ms (default)
2023-07-28 23:24:44,255 [f6c6ca7c-f19b-4803-9287-3eefa0b50f1b@group-60040CE1CEE4-LeaderElection5] INFO  grpc.GrpcConfigKeys (ConfUtils.java:logGet(46)) - raft.grpc.server.leader.outstanding.appends.max = 128 (default)
2023-07-28 23:24:44,256 [f6c6ca7c-f19b-4803-9287-3eefa0b50f1b@group-60040CE1CEE4-LeaderElection5] INFO  server.RaftServerConfigKeys (ConfUtils.java:logGet(46)) - raft.server.rpc.request.timeout = 60s (custom)
2023-07-28 23:24:44,257 [f6c6ca7c-f19b-4803-9287-3eefa0b50f1b@group-60040CE1CEE4-LeaderElection5] INFO  grpc.GrpcConfigKeys (ConfUtils.java:logGet(46)) - raft.grpc.server.install_snapshot.request.element-limit = 8 (default)
2023-07-28 23:24:44,257 [f6c6ca7c-f19b-4803-9287-3eefa0b50f1b@group-60040CE1CEE4-LeaderElection5] INFO  grpc.GrpcConfigKeys (ConfUtils.java:logGet(46)) - raft.grpc.server.install_snapshot.request.timeout = 3000ms (default)
2023-07-28 23:24:44,257 [f6c6ca7c-f19b-4803-9287-3eefa0b50f1b@group-60040CE1CEE4-LeaderElection5] INFO  server.RaftServerConfigKeys (ConfUtils.java:logGet(46)) - raft.server.log.appender.install.snapshot.enabled = false (custom)
2023-07-28 23:24:44,257 [f6c6ca7c-f19b-4803-9287-3eefa0b50f1b@group-60040CE1CEE4-LeaderElection5] INFO  grpc.GrpcConfigKeys (ConfUtils.java:logGet(46)) - raft.grpc.server.heartbeat.channel = true (default)
2023-07-28 23:24:44,259 [f6c6ca7c-f19b-4803-9287-3eefa0b50f1b@group-60040CE1CEE4-LeaderElection5] INFO  server.RaftServerConfigKeys (ConfUtils.java:logGet(46)) - raft.server.log.appender.snapshot.chunk.size.max = 16MB (=16777216) (default)
2023-07-28 23:24:44,260 [f6c6ca7c-f19b-4803-9287-3eefa0b50f1b@group-60040CE1CEE4-LeaderElection5] INFO  server.RaftServerConfigKeys (ConfUtils.java:logGet(46)) - raft.server.log.appender.buffer.byte-limit = 33554432 (custom)
2023-07-28 23:24:44,260 [f6c6ca7c-f19b-4803-9287-3eefa0b50f1b@group-60040CE1CEE4-LeaderElection5] INFO  server.RaftServerConfigKeys (ConfUtils.java:logGet(46)) - raft.server.log.appender.buffer.element-limit = 1 (custom)
2023-07-28 23:24:44,260 [f6c6ca7c-f19b-4803-9287-3eefa0b50f1b@group-60040CE1CEE4-LeaderElection5] INFO  server.RaftServerConfigKeys (ConfUtils.java:logGet(46)) - raft.server.log.appender.wait-time.min = 10ms (default)
2023-07-28 23:24:44,260 [f6c6ca7c-f19b-4803-9287-3eefa0b50f1b@group-60040CE1CEE4-LeaderElection5] INFO  grpc.GrpcConfigKeys (ConfUtils.java:logGet(46)) - raft.grpc.server.leader.outstanding.appends.max = 128 (default)
2023-07-28 23:24:44,260 [f6c6ca7c-f19b-4803-9287-3eefa0b50f1b@group-60040CE1CEE4-LeaderElection5] INFO  server.RaftServerConfigKeys (ConfUtils.java:logGet(46)) - raft.server.rpc.request.timeout = 60s (custom)
2023-07-28 23:24:44,260 [f6c6ca7c-f19b-4803-9287-3eefa0b50f1b@group-60040CE1CEE4-LeaderElection5] INFO  grpc.GrpcConfigKeys (ConfUtils.java:logGet(46)) - raft.grpc.server.install_snapshot.request.element-limit = 8 (default)
2023-07-28 23:24:44,260 [f6c6ca7c-f19b-4803-9287-3eefa0b50f1b@group-60040CE1CEE4-LeaderElection5] INFO  grpc.GrpcConfigKeys (ConfUtils.java:logGet(46)) - raft.grpc.server.install_snapshot.request.timeout = 3000ms (default)
2023-07-28 23:24:44,260 [f6c6ca7c-f19b-4803-9287-3eefa0b50f1b@group-60040CE1CEE4-LeaderElection5] INFO  server.RaftServerConfigKeys (ConfUtils.java:logGet(46)) - raft.server.log.appender.install.snapshot.enabled = false (custom)
2023-07-28 23:24:44,260 [f6c6ca7c-f19b-4803-9287-3eefa0b50f1b@group-60040CE1CEE4-LeaderElection5] INFO  grpc.GrpcConfigKeys (ConfUtils.java:logGet(46)) - raft.grpc.server.heartbeat.channel = true (default)
2023-07-28 23:24:44,261 [f6c6ca7c-f19b-4803-9287-3eefa0b50f1b@group-60040CE1CEE4-LeaderElection5] INFO  impl.RoleInfo (RoleInfo.java:updateAndGet(139)) - f6c6ca7c-f19b-4803-9287-3eefa0b50f1b: start f6c6ca7c-f19b-4803-9287-3eefa0b50f1b@group-60040CE1CEE4-LeaderStateImpl
2023-07-28 23:24:44,262 [f6c6ca7c-f19b-4803-9287-3eefa0b50f1b@group-60040CE1CEE4-LeaderElection5] INFO  segmented.SegmentedRaftLogWorker (SegmentedRaftLogWorker.java:startLogSegment(447)) - f6c6ca7c-f19b-4803-9287-3eefa0b50f1b@group-60040CE1CEE4-SegmentedRaftLogWorker: Starting segment from index:0
2023-07-28 23:24:44,265 [f6c6ca7c-f19b-4803-9287-3eefa0b50f1b@group-60040CE1CEE4-SegmentedRaftLogWorker] INFO  segmented.SegmentedRaftLogWorker (SegmentedRaftLogWorker.java:execute(651)) - f6c6ca7c-f19b-4803-9287-3eefa0b50f1b@group-60040CE1CEE4-SegmentedRaftLogWorker: created new log segment /home/runner/work/ozone/ozone/hadoop-ozone/integration-test/target/test-dir/MiniOzoneClusterImpl-87b6fce1-c6a6-46a6-82b1-f7f83edcbc7c/datanode-2/data/ratis/75a335ff-68e4-400d-bdc7-60040ce1cee4/current/log_inprogress_0
2023-07-28 23:24:44,265 [f6c6ca7c-f19b-4803-9287-3eefa0b50f1b@group-60040CE1CEE4-LeaderElection5] INFO  server.RaftServer$Division (ServerState.java:setRaftConf(434)) - f6c6ca7c-f19b-4803-9287-3eefa0b50f1b@group-60040CE1CEE4: set configuration 0: peers:[f6c6ca7c-f19b-4803-9287-3eefa0b50f1b|rpc:10.1.0.69:15032|admin:10.1.0.69:15031|client:10.1.0.69:15030|dataStream:10.1.0.69:15033|priority:1|startupRole:FOLLOWER, d133bf18-6a62-47fd-9fac-e73e51a269ad|rpc:10.1.0.69:15023|admin:10.1.0.69:15022|client:10.1.0.69:15021|dataStream:10.1.0.69:15024|priority:0|startupRole:FOLLOWER, 0c3903ae-4b96-4c44-85fb-f5bdd10725bb|rpc:10.1.0.69:15014|admin:10.1.0.69:15013|client:10.1.0.69:15012|dataStream:10.1.0.69:15015|priority:0|startupRole:FOLLOWER]|listeners:[], old=null
2023-07-28 23:24:44,309 [d133bf18-6a62-47fd-9fac-e73e51a269ad-server-thread1] INFO  ratis.XceiverServerRatis (XceiverServerRatis.java:handleLeaderChangedNotification(902)) - Leader change notification received for group: group-60040CE1CEE4 with new leaderId: f6c6ca7c-f19b-4803-9287-3eefa0b50f1b
2023-07-28 23:24:44,309 [d133bf18-6a62-47fd-9fac-e73e51a269ad-server-thread1] INFO  server.RaftServer$Division (ServerState.java:setLeader(317)) - d133bf18-6a62-47fd-9fac-e73e51a269ad@group-60040CE1CEE4: change Leader from null to f6c6ca7c-f19b-4803-9287-3eefa0b50f1b at term 1 for appendEntries, leader elected after 5151ms
2023-07-28 23:24:44,311 [0c3903ae-4b96-4c44-85fb-f5bdd10725bb-server-thread1] INFO  ratis.XceiverServerRatis (XceiverServerRatis.java:handleLeaderChangedNotification(902)) - Leader change notification received for group: group-60040CE1CEE4 with new leaderId: f6c6ca7c-f19b-4803-9287-3eefa0b50f1b
2023-07-28 23:24:44,312 [0c3903ae-4b96-4c44-85fb-f5bdd10725bb-server-thread1] INFO  server.RaftServer$Division (ServerState.java:setLeader(317)) - 0c3903ae-4b96-4c44-85fb-f5bdd10725bb@group-60040CE1CEE4: change Leader from null to f6c6ca7c-f19b-4803-9287-3eefa0b50f1b at term 1 for appendEntries, leader elected after 5789ms
2023-07-28 23:24:44,325 [0c3903ae-4b96-4c44-85fb-f5bdd10725bb-server-thread1] INFO  server.RaftServer$Division (ServerState.java:setRaftConf(434)) - 0c3903ae-4b96-4c44-85fb-f5bdd10725bb@group-60040CE1CEE4: set configuration 0: peers:[f6c6ca7c-f19b-4803-9287-3eefa0b50f1b|rpc:10.1.0.69:15032|admin:10.1.0.69:15031|client:10.1.0.69:15030|dataStream:10.1.0.69:15033|priority:1|startupRole:FOLLOWER, d133bf18-6a62-47fd-9fac-e73e51a269ad|rpc:10.1.0.69:15023|admin:10.1.0.69:15022|client:10.1.0.69:15021|dataStream:10.1.0.69:15024|priority:0|startupRole:FOLLOWER, 0c3903ae-4b96-4c44-85fb-f5bdd10725bb|rpc:10.1.0.69:15014|admin:10.1.0.69:15013|client:10.1.0.69:15012|dataStream:10.1.0.69:15015|priority:0|startupRole:FOLLOWER]|listeners:[], old=null
2023-07-28 23:24:44,325 [0c3903ae-4b96-4c44-85fb-f5bdd10725bb-server-thread1] INFO  segmented.SegmentedRaftLogWorker (SegmentedRaftLogWorker.java:startLogSegment(447)) - 0c3903ae-4b96-4c44-85fb-f5bdd10725bb@group-60040CE1CEE4-SegmentedRaftLogWorker: Starting segment from index:0
2023-07-28 23:24:44,330 [d133bf18-6a62-47fd-9fac-e73e51a269ad-server-thread2] INFO  server.RaftServer$Division (ServerState.java:setRaftConf(434)) - d133bf18-6a62-47fd-9fac-e73e51a269ad@group-60040CE1CEE4: set configuration 0: peers:[f6c6ca7c-f19b-4803-9287-3eefa0b50f1b|rpc:10.1.0.69:15032|admin:10.1.0.69:15031|client:10.1.0.69:15030|dataStream:10.1.0.69:15033|priority:1|startupRole:FOLLOWER, d133bf18-6a62-47fd-9fac-e73e51a269ad|rpc:10.1.0.69:15023|admin:10.1.0.69:15022|client:10.1.0.69:15021|dataStream:10.1.0.69:15024|priority:0|startupRole:FOLLOWER, 0c3903ae-4b96-4c44-85fb-f5bdd10725bb|rpc:10.1.0.69:15014|admin:10.1.0.69:15013|client:10.1.0.69:15012|dataStream:10.1.0.69:15015|priority:0|startupRole:FOLLOWER]|listeners:[], old=null
2023-07-28 23:24:44,331 [d133bf18-6a62-47fd-9fac-e73e51a269ad-server-thread2] INFO  segmented.SegmentedRaftLogWorker (SegmentedRaftLogWorker.java:startLogSegment(447)) - d133bf18-6a62-47fd-9fac-e73e51a269ad@group-60040CE1CEE4-SegmentedRaftLogWorker: Starting segment from index:0
2023-07-28 23:24:44,333 [d133bf18-6a62-47fd-9fac-e73e51a269ad@group-60040CE1CEE4-SegmentedRaftLogWorker] INFO  segmented.SegmentedRaftLogWorker (SegmentedRaftLogWorker.java:execute(651)) - d133bf18-6a62-47fd-9fac-e73e51a269ad@group-60040CE1CEE4-SegmentedRaftLogWorker: created new log segment /home/runner/work/ozone/ozone/hadoop-ozone/integration-test/target/test-dir/MiniOzoneClusterImpl-87b6fce1-c6a6-46a6-82b1-f7f83edcbc7c/datanode-1/data/ratis/75a335ff-68e4-400d-bdc7-60040ce1cee4/current/log_inprogress_0
2023-07-28 23:24:44,333 [0c3903ae-4b96-4c44-85fb-f5bdd10725bb@group-60040CE1CEE4-SegmentedRaftLogWorker] INFO  segmented.SegmentedRaftLogWorker (SegmentedRaftLogWorker.java:execute(651)) - 0c3903ae-4b96-4c44-85fb-f5bdd10725bb@group-60040CE1CEE4-SegmentedRaftLogWorker: created new log segment /home/runner/work/ozone/ozone/hadoop-ozone/integration-test/target/test-dir/MiniOzoneClusterImpl-87b6fce1-c6a6-46a6-82b1-f7f83edcbc7c/datanode-0/data/ratis/75a335ff-68e4-400d-bdc7-60040ce1cee4/current/log_inprogress_0
2023-07-28 23:24:44,349 [main] INFO  ozone.MiniOzoneClusterImpl (MiniOzoneClusterImpl.java:lambda$waitForClusterToBeReady$0(224)) - Nodes are ready. Got 3 of 3 DN Heartbeats.
2023-07-28 23:24:44,349 [main] INFO  ozone.MiniOzoneClusterImpl (MiniOzoneClusterImpl.java:lambda$waitForClusterToBeReady$0(227)) - Cluster exits safe mode
2023-07-28 23:24:44,349 [main] INFO  ozone.MiniOzoneClusterImpl (MiniOzoneClusterImpl.java:lambda$waitForClusterToBeReady$0(229)) - SCM became leader
2023-07-28 23:24:44,575 [IPC Server handler 0 on default port 15000] INFO  ha.SequenceIdGenerator (SequenceIdGenerator.java:getNextId(140)) - Allocate a batch for containerId, change lastId from 0 to 1000.
2023-07-28 23:24:44,611 [main] INFO  impl.MetricsSystemImpl (MetricsSystemImpl.java:init(158)) - XceiverClientMetrics metrics system started (again)
2023-07-28 23:24:44,613 [main] INFO  lib.Interns (Interns.java:removeEldestEntry(50)) - Metrics intern cache overflow at 2011 for MetricsSystem={MetricsSystem=MetricsInfoImpl{name=MetricsSystem, description=MetricsSystem}, MetricsSystem record=MetricsInfoImpl{name=MetricsSystem, description=MetricsSystem record}}
2023-07-28 23:24:44,803 [f6c6ca7c-f19b-4803-9287-3eefa0b50f1b@group-A523B75EEC7E-FollowerState] INFO  impl.FollowerState (FollowerState.java:run(143)) - f6c6ca7c-f19b-4803-9287-3eefa0b50f1b@group-A523B75EEC7E-FollowerState: change to CANDIDATE, lastRpcElapsedTime:5088459272ns, electionTimeout:5085ms
2023-07-28 23:24:44,804 [f6c6ca7c-f19b-4803-9287-3eefa0b50f1b@group-A523B75EEC7E-FollowerState] INFO  impl.RoleInfo (RoleInfo.java:shutdownFollowerState(110)) - f6c6ca7c-f19b-4803-9287-3eefa0b50f1b: shutdown f6c6ca7c-f19b-4803-9287-3eefa0b50f1b@group-A523B75EEC7E-FollowerState
2023-07-28 23:24:44,804 [f6c6ca7c-f19b-4803-9287-3eefa0b50f1b@group-A523B75EEC7E-FollowerState] INFO  server.RaftServer$Division (RaftServerImpl.java:setRole(329)) - f6c6ca7c-f19b-4803-9287-3eefa0b50f1b@group-A523B75EEC7E: changes role from  FOLLOWER to CANDIDATE at term 0 for changeToCandidate
2023-07-28 23:24:44,804 [f6c6ca7c-f19b-4803-9287-3eefa0b50f1b@group-A523B75EEC7E-FollowerState] INFO  server.RaftServerConfigKeys (ConfUtils.java:logGet(46)) - raft.server.leaderelection.pre-vote = true (default)
2023-07-28 23:24:44,804 [f6c6ca7c-f19b-4803-9287-3eefa0b50f1b@group-A523B75EEC7E-FollowerState] INFO  impl.RoleInfo (RoleInfo.java:updateAndGet(139)) - f6c6ca7c-f19b-4803-9287-3eefa0b50f1b: start f6c6ca7c-f19b-4803-9287-3eefa0b50f1b@group-A523B75EEC7E-LeaderElection6
2023-07-28 23:24:44,811 [f6c6ca7c-f19b-4803-9287-3eefa0b50f1b@group-A523B75EEC7E-LeaderElection6] INFO  impl.LeaderElection (LeaderElection.java:askForVotes(321)) - f6c6ca7c-f19b-4803-9287-3eefa0b50f1b@group-A523B75EEC7E-LeaderElection6 PRE_VOTE round 0: submit vote requests at term 0 for -1: peers:[f6c6ca7c-f19b-4803-9287-3eefa0b50f1b|rpc:10.1.0.69:15032|admin:10.1.0.69:15031|client:10.1.0.69:15030|dataStream:10.1.0.69:15033|priority:1|startupRole:FOLLOWER]|listeners:[], old=null
2023-07-28 23:24:44,811 [f6c6ca7c-f19b-4803-9287-3eefa0b50f1b@group-A523B75EEC7E-LeaderElection6] INFO  impl.LeaderElection (LeaderElection.java:askForVotes(323)) - f6c6ca7c-f19b-4803-9287-3eefa0b50f1b@group-A523B75EEC7E-LeaderElection6 PRE_VOTE round 0: result PASSED (term=0)
2023-07-28 23:24:44,814 [f6c6ca7c-f19b-4803-9287-3eefa0b50f1b@group-A523B75EEC7E-LeaderElection6] INFO  impl.LeaderElection (LeaderElection.java:askForVotes(321)) - f6c6ca7c-f19b-4803-9287-3eefa0b50f1b@group-A523B75EEC7E-LeaderElection6 ELECTION round 0: submit vote requests at term 1 for -1: peers:[f6c6ca7c-f19b-4803-9287-3eefa0b50f1b|rpc:10.1.0.69:15032|admin:10.1.0.69:15031|client:10.1.0.69:15030|dataStream:10.1.0.69:15033|priority:1|startupRole:FOLLOWER]|listeners:[], old=null
2023-07-28 23:24:44,814 [f6c6ca7c-f19b-4803-9287-3eefa0b50f1b@group-A523B75EEC7E-LeaderElection6] INFO  impl.LeaderElection (LeaderElection.java:askForVotes(323)) - f6c6ca7c-f19b-4803-9287-3eefa0b50f1b@group-A523B75EEC7E-LeaderElection6 ELECTION round 0: result PASSED (term=1)
2023-07-28 23:24:44,814 [f6c6ca7c-f19b-4803-9287-3eefa0b50f1b@group-A523B75EEC7E-LeaderElection6] INFO  impl.RoleInfo (RoleInfo.java:shutdownLeaderElection(130)) - f6c6ca7c-f19b-4803-9287-3eefa0b50f1b: shutdown f6c6ca7c-f19b-4803-9287-3eefa0b50f1b@group-A523B75EEC7E-LeaderElection6
2023-07-28 23:24:44,814 [f6c6ca7c-f19b-4803-9287-3eefa0b50f1b@group-A523B75EEC7E-LeaderElection6] INFO  server.RaftServer$Division (RaftServerImpl.java:setRole(329)) - f6c6ca7c-f19b-4803-9287-3eefa0b50f1b@group-A523B75EEC7E: changes role from CANDIDATE to LEADER at term 1 for changeToLeader
2023-07-28 23:24:44,814 [f6c6ca7c-f19b-4803-9287-3eefa0b50f1b@group-A523B75EEC7E-LeaderElection6] INFO  ratis.XceiverServerRatis (XceiverServerRatis.java:handleLeaderChangedNotification(902)) - Leader change notification received for group: group-A523B75EEC7E with new leaderId: f6c6ca7c-f19b-4803-9287-3eefa0b50f1b
2023-07-28 23:24:44,815 [f6c6ca7c-f19b-4803-9287-3eefa0b50f1b@group-A523B75EEC7E-LeaderElection6] INFO  server.RaftServer$Division (ServerState.java:setLeader(317)) - f6c6ca7c-f19b-4803-9287-3eefa0b50f1b@group-A523B75EEC7E: change Leader from null to f6c6ca7c-f19b-4803-9287-3eefa0b50f1b at term 1 for becomeLeader, leader elected after 5458ms
2023-07-28 23:24:44,815 [f6c6ca7c-f19b-4803-9287-3eefa0b50f1b@group-A523B75EEC7E-LeaderElection6] INFO  server.RaftServerConfigKeys (ConfUtils.java:logGet(46)) - raft.server.staging.catchup.gap = 1000 (default)
2023-07-28 23:24:44,824 [f6c6ca7c-f19b-4803-9287-3eefa0b50f1b@group-A523B75EEC7E-LeaderElection6] INFO  server.RaftServerConfigKeys (ConfUtils.java:logGet(46)) - raft.server.write.element-limit = 1024 (custom)
2023-07-28 23:24:44,824 [f6c6ca7c-f19b-4803-9287-3eefa0b50f1b@group-A523B75EEC7E-LeaderElection6] INFO  server.RaftServerConfigKeys (ConfUtils.java:logGet(46)) - raft.server.write.byte-limit = 1024 M (=1073741824) (custom)
2023-07-28 23:24:44,824 [f6c6ca7c-f19b-4803-9287-3eefa0b50f1b@group-A523B75EEC7E-LeaderElection6] INFO  server.RaftServerConfigKeys (ConfUtils.java:logGet(46)) - raft.server.watch.timeout = 180s (custom)
2023-07-28 23:24:44,824 [f6c6ca7c-f19b-4803-9287-3eefa0b50f1b@group-A523B75EEC7E-LeaderElection6] INFO  server.RaftServerConfigKeys (ConfUtils.java:logGet(46)) - raft.server.watch.timeout.denomination = 1s (default)
2023-07-28 23:24:44,824 [f6c6ca7c-f19b-4803-9287-3eefa0b50f1b@group-A523B75EEC7E-LeaderElection6] INFO  server.RaftServerConfigKeys (ConfUtils.java:logGet(46)) - raft.server.watch.element-limit = 65536 (default)
2023-07-28 23:24:44,825 [f6c6ca7c-f19b-4803-9287-3eefa0b50f1b@group-A523B75EEC7E-LeaderElection6] INFO  server.RaftServerConfigKeys (ConfUtils.java:logGet(46)) - raft.server.write.element-limit = 1024 (custom)
2023-07-28 23:24:44,825 [f6c6ca7c-f19b-4803-9287-3eefa0b50f1b@group-A523B75EEC7E-LeaderElection6] INFO  server.RaftServerConfigKeys (ConfUtils.java:logGet(46)) - raft.server.write.follower.gap.ratio.max = -1.0 (default)
2023-07-28 23:24:44,825 [f6c6ca7c-f19b-4803-9287-3eefa0b50f1b@group-A523B75EEC7E-LeaderElection6] INFO  impl.RoleInfo (RoleInfo.java:updateAndGet(139)) - f6c6ca7c-f19b-4803-9287-3eefa0b50f1b: start f6c6ca7c-f19b-4803-9287-3eefa0b50f1b@group-A523B75EEC7E-LeaderStateImpl
2023-07-28 23:24:44,826 [f6c6ca7c-f19b-4803-9287-3eefa0b50f1b@group-A523B75EEC7E-LeaderElection6] INFO  segmented.SegmentedRaftLogWorker (SegmentedRaftLogWorker.java:startLogSegment(447)) - f6c6ca7c-f19b-4803-9287-3eefa0b50f1b@group-A523B75EEC7E-SegmentedRaftLogWorker: Starting segment from index:0
2023-07-28 23:24:44,834 [f6c6ca7c-f19b-4803-9287-3eefa0b50f1b@group-A523B75EEC7E-LeaderElection6] INFO  server.RaftServer$Division (ServerState.java:setRaftConf(434)) - f6c6ca7c-f19b-4803-9287-3eefa0b50f1b@group-A523B75EEC7E: set configuration 0: peers:[f6c6ca7c-f19b-4803-9287-3eefa0b50f1b|rpc:10.1.0.69:15032|admin:10.1.0.69:15031|client:10.1.0.69:15030|dataStream:10.1.0.69:15033|priority:1|startupRole:FOLLOWER]|listeners:[], old=null
2023-07-28 23:24:44,835 [f6c6ca7c-f19b-4803-9287-3eefa0b50f1b@group-A523B75EEC7E-SegmentedRaftLogWorker] INFO  segmented.SegmentedRaftLogWorker (SegmentedRaftLogWorker.java:execute(651)) - f6c6ca7c-f19b-4803-9287-3eefa0b50f1b@group-A523B75EEC7E-SegmentedRaftLogWorker: created new log segment /home/runner/work/ozone/ozone/hadoop-ozone/integration-test/target/test-dir/MiniOzoneClusterImpl-87b6fce1-c6a6-46a6-82b1-f7f83edcbc7c/datanode-2/data/ratis/6cd44ab4-36fc-474e-a774-a523b75eec7e/current/log_inprogress_0
2023-07-28 23:24:44,842 [0c3903ae-4b96-4c44-85fb-f5bdd10725bb@group-0F1A09AA3450-FollowerState] INFO  impl.FollowerState (FollowerState.java:run(143)) - 0c3903ae-4b96-4c44-85fb-f5bdd10725bb@group-0F1A09AA3450-FollowerState: change to CANDIDATE, lastRpcElapsedTime:5141730405ns, electionTimeout:5128ms
2023-07-28 23:24:44,842 [0c3903ae-4b96-4c44-85fb-f5bdd10725bb@group-0F1A09AA3450-FollowerState] INFO  impl.RoleInfo (RoleInfo.java:shutdownFollowerState(110)) - 0c3903ae-4b96-4c44-85fb-f5bdd10725bb: shutdown 0c3903ae-4b96-4c44-85fb-f5bdd10725bb@group-0F1A09AA3450-FollowerState
2023-07-28 23:24:44,842 [0c3903ae-4b96-4c44-85fb-f5bdd10725bb@group-0F1A09AA3450-FollowerState] INFO  server.RaftServer$Division (RaftServerImpl.java:setRole(329)) - 0c3903ae-4b96-4c44-85fb-f5bdd10725bb@group-0F1A09AA3450: changes role from  FOLLOWER to CANDIDATE at term 0 for changeToCandidate
2023-07-28 23:24:44,842 [0c3903ae-4b96-4c44-85fb-f5bdd10725bb@group-0F1A09AA3450-FollowerState] INFO  server.RaftServerConfigKeys (ConfUtils.java:logGet(46)) - raft.server.leaderelection.pre-vote = true (default)
2023-07-28 23:24:44,842 [0c3903ae-4b96-4c44-85fb-f5bdd10725bb@group-0F1A09AA3450-FollowerState] INFO  impl.RoleInfo (RoleInfo.java:updateAndGet(139)) - 0c3903ae-4b96-4c44-85fb-f5bdd10725bb: start 0c3903ae-4b96-4c44-85fb-f5bdd10725bb@group-0F1A09AA3450-LeaderElection7
2023-07-28 23:24:44,854 [0c3903ae-4b96-4c44-85fb-f5bdd10725bb@group-0F1A09AA3450-LeaderElection7] INFO  impl.LeaderElection (LeaderElection.java:askForVotes(321)) - 0c3903ae-4b96-4c44-85fb-f5bdd10725bb@group-0F1A09AA3450-LeaderElection7 PRE_VOTE round 0: submit vote requests at term 0 for -1: peers:[f6c6ca7c-f19b-4803-9287-3eefa0b50f1b|rpc:10.1.0.69:15032|admin:10.1.0.69:15031|client:10.1.0.69:15030|dataStream:10.1.0.69:15033|priority:0|startupRole:FOLLOWER, d133bf18-6a62-47fd-9fac-e73e51a269ad|rpc:10.1.0.69:15023|admin:10.1.0.69:15022|client:10.1.0.69:15021|dataStream:10.1.0.69:15024|priority:1|startupRole:FOLLOWER, 0c3903ae-4b96-4c44-85fb-f5bdd10725bb|rpc:10.1.0.69:15014|admin:10.1.0.69:15013|client:10.1.0.69:15012|dataStream:10.1.0.69:15015|priority:0|startupRole:FOLLOWER]|listeners:[], old=null
2023-07-28 23:24:44,858 [0c3903ae-4b96-4c44-85fb-f5bdd10725bb@group-0F1A09AA3450-LeaderElection7] INFO  server.RaftServerConfigKeys (ConfUtils.java:logFallback(53)) - raft.server.rpc.first-election.timeout.min = 5s (fallback to raft.server.rpc.timeout.min)
2023-07-28 23:24:44,858 [0c3903ae-4b96-4c44-85fb-f5bdd10725bb@group-0F1A09AA3450-LeaderElection7] INFO  server.RaftServerConfigKeys (ConfUtils.java:logFallback(53)) - raft.server.rpc.first-election.timeout.max = 5200ms (fallback to raft.server.rpc.timeout.max)
2023-07-28 23:24:44,865 [grpc-default-executor-1] INFO  server.RaftServer$Division (RaftServerImpl.java:requestVote(1302)) - d133bf18-6a62-47fd-9fac-e73e51a269ad@group-0F1A09AA3450: receive requestVote(PRE_VOTE, 0c3903ae-4b96-4c44-85fb-f5bdd10725bb, group-0F1A09AA3450, 0, (t:0, i:0))
2023-07-28 23:24:44,865 [grpc-default-executor-1] INFO  impl.VoteContext (VoteContext.java:log(49)) - d133bf18-6a62-47fd-9fac-e73e51a269ad@group-0F1A09AA3450-FOLLOWER: reject PRE_VOTE from 0c3903ae-4b96-4c44-85fb-f5bdd10725bb: our priority 1 > candidate's priority 0
2023-07-28 23:24:44,866 [grpc-default-executor-1] INFO  server.RaftServer$Division (RaftServerImpl.java:requestVote(1335)) - d133bf18-6a62-47fd-9fac-e73e51a269ad@group-0F1A09AA3450 replies to PRE_VOTE vote request: 0c3903ae-4b96-4c44-85fb-f5bdd10725bb<-d133bf18-6a62-47fd-9fac-e73e51a269ad#0:FAIL-t0. Peer's state: d133bf18-6a62-47fd-9fac-e73e51a269ad@group-0F1A09AA3450:t0, leader=null, voted=, raftlog=Memoized:d133bf18-6a62-47fd-9fac-e73e51a269ad@group-0F1A09AA3450-SegmentedRaftLog:OPENED:c-1, conf=-1: peers:[f6c6ca7c-f19b-4803-9287-3eefa0b50f1b|rpc:10.1.0.69:15032|admin:10.1.0.69:15031|client:10.1.0.69:15030|dataStream:10.1.0.69:15033|priority:0|startupRole:FOLLOWER, d133bf18-6a62-47fd-9fac-e73e51a269ad|rpc:10.1.0.69:15023|admin:10.1.0.69:15022|client:10.1.0.69:15021|dataStream:10.1.0.69:15024|priority:1|startupRole:FOLLOWER, 0c3903ae-4b96-4c44-85fb-f5bdd10725bb|rpc:10.1.0.69:15014|admin:10.1.0.69:15013|client:10.1.0.69:15012|dataStream:10.1.0.69:15015|priority:0|startupRole:FOLLOWER]|listeners:[], old=null
2023-07-28 23:24:44,868 [grpc-default-executor-1] INFO  server.RaftServer$Division (RaftServerImpl.java:requestVote(1302)) - f6c6ca7c-f19b-4803-9287-3eefa0b50f1b@group-0F1A09AA3450: receive requestVote(PRE_VOTE, 0c3903ae-4b96-4c44-85fb-f5bdd10725bb, group-0F1A09AA3450, 0, (t:0, i:0))
2023-07-28 23:24:44,868 [grpc-default-executor-1] INFO  impl.VoteContext (VoteContext.java:log(49)) - f6c6ca7c-f19b-4803-9287-3eefa0b50f1b@group-0F1A09AA3450-FOLLOWER: accept PRE_VOTE from 0c3903ae-4b96-4c44-85fb-f5bdd10725bb: our priority 0 <= candidate's priority 0
2023-07-28 23:24:44,868 [grpc-default-executor-1] INFO  server.RaftServer$Division (RaftServerImpl.java:requestVote(1335)) - f6c6ca7c-f19b-4803-9287-3eefa0b50f1b@group-0F1A09AA3450 replies to PRE_VOTE vote request: 0c3903ae-4b96-4c44-85fb-f5bdd10725bb<-f6c6ca7c-f19b-4803-9287-3eefa0b50f1b#0:OK-t0. Peer's state: f6c6ca7c-f19b-4803-9287-3eefa0b50f1b@group-0F1A09AA3450:t0, leader=null, voted=, raftlog=Memoized:f6c6ca7c-f19b-4803-9287-3eefa0b50f1b@group-0F1A09AA3450-SegmentedRaftLog:OPENED:c-1, conf=-1: peers:[f6c6ca7c-f19b-4803-9287-3eefa0b50f1b|rpc:10.1.0.69:15032|admin:10.1.0.69:15031|client:10.1.0.69:15030|dataStream:10.1.0.69:15033|priority:0|startupRole:FOLLOWER, d133bf18-6a62-47fd-9fac-e73e51a269ad|rpc:10.1.0.69:15023|admin:10.1.0.69:15022|client:10.1.0.69:15021|dataStream:10.1.0.69:15024|priority:1|startupRole:FOLLOWER, 0c3903ae-4b96-4c44-85fb-f5bdd10725bb|rpc:10.1.0.69:15014|admin:10.1.0.69:15013|client:10.1.0.69:15012|dataStream:10.1.0.69:15015|priority:0|startupRole:FOLLOWER]|listeners:[], old=null
2023-07-28 23:24:44,874 [FixedThreadPoolWithAffinityExecutor-9-0] WARN  container.IncrementalContainerReportHandler (AbstractContainerReportHandler.java:updateContainerState(260)) - Container #1 is in OPEN state, but the datanode f6c6ca7c-f19b-4803-9287-3eefa0b50f1b(fv-az275-145.go2hi5et44qedpdz5zrtt3gknc.xx.internal.cloudapp.net/10.1.0.69) reports an CLOSING replica.
2023-07-28 23:24:44,874 [0c3903ae-4b96-4c44-85fb-f5bdd10725bb@group-0F1A09AA3450-LeaderElection7] INFO  impl.LeaderElection (LeaderElection.java:logAndReturn(90)) - 0c3903ae-4b96-4c44-85fb-f5bdd10725bb@group-0F1A09AA3450-LeaderElection7: PRE_VOTE REJECTED received 2 response(s) and 0 exception(s):
2023-07-28 23:24:44,875 [0c3903ae-4b96-4c44-85fb-f5bdd10725bb@group-0F1A09AA3450-LeaderElection7] INFO  impl.LeaderElection (LeaderElection.java:logAndReturn(94)) -   Response 0: 0c3903ae-4b96-4c44-85fb-f5bdd10725bb<-f6c6ca7c-f19b-4803-9287-3eefa0b50f1b#0:OK-t0
2023-07-28 23:24:44,875 [0c3903ae-4b96-4c44-85fb-f5bdd10725bb@group-0F1A09AA3450-LeaderElection7] INFO  impl.LeaderElection (LeaderElection.java:logAndReturn(94)) -   Response 1: 0c3903ae-4b96-4c44-85fb-f5bdd10725bb<-d133bf18-6a62-47fd-9fac-e73e51a269ad#0:FAIL-t0
2023-07-28 23:24:44,875 [0c3903ae-4b96-4c44-85fb-f5bdd10725bb@group-0F1A09AA3450-LeaderElection7] INFO  impl.LeaderElection (LeaderElection.java:askForVotes(323)) - 0c3903ae-4b96-4c44-85fb-f5bdd10725bb@group-0F1A09AA3450-LeaderElection7 PRE_VOTE round 0: result REJECTED
2023-07-28 23:24:44,875 [0c3903ae-4b96-4c44-85fb-f5bdd10725bb@group-0F1A09AA3450-LeaderElection7] INFO  server.RaftServer$Division (RaftServerImpl.java:setRole(329)) - 0c3903ae-4b96-4c44-85fb-f5bdd10725bb@group-0F1A09AA3450: changes role from CANDIDATE to FOLLOWER at term 0 for REJECTED
2023-07-28 23:24:44,875 [0c3903ae-4b96-4c44-85fb-f5bdd10725bb@group-0F1A09AA3450-LeaderElection7] INFO  impl.RoleInfo (RoleInfo.java:shutdownLeaderElection(130)) - 0c3903ae-4b96-4c44-85fb-f5bdd10725bb: shutdown 0c3903ae-4b96-4c44-85fb-f5bdd10725bb@group-0F1A09AA3450-LeaderElection7
2023-07-28 23:24:44,875 [0c3903ae-4b96-4c44-85fb-f5bdd10725bb@group-0F1A09AA3450-LeaderElection7] INFO  impl.RoleInfo (RoleInfo.java:updateAndGet(139)) - 0c3903ae-4b96-4c44-85fb-f5bdd10725bb: start 0c3903ae-4b96-4c44-85fb-f5bdd10725bb@group-0F1A09AA3450-FollowerState
2023-07-28 23:24:44,877 [ChunkReader-1] INFO  keyvalue.KeyValueContainer (KeyValueContainer.java:flushAndSyncDB(484)) - Container 1 is synced with bcsId 0.
2023-07-28 23:24:44,877 [ChunkReader-1] INFO  keyvalue.KeyValueContainer (KeyValueContainer.java:flushAndSyncDB(484)) - Container 1 is synced with bcsId 0.
2023-07-28 23:24:44,882 [ChunkReader-1] INFO  keyvalue.KeyValueContainer (KeyValueContainer.java:close(399)) - Container 1 is closed with bcsId 0.
2023-07-28 23:24:44,887 [FixedThreadPoolWithAffinityExecutor-9-0] WARN  container.IncrementalContainerReportHandler (AbstractContainerReportHandler.java:updateContainerState(260)) - Container #1 is in OPEN state, but the datanode f6c6ca7c-f19b-4803-9287-3eefa0b50f1b(fv-az275-145.go2hi5et44qedpdz5zrtt3gknc.xx.internal.cloudapp.net/10.1.0.69) reports an CLOSED replica.
2023-07-28 23:24:44,950 [ChunkReader-3] WARN  keyvalue.KeyValueHandler (ContainerUtils.java:logAndReturnError(95)) - Operation: GetCommittedBlockLength , Trace ID:  , Message: Unable to find the block. BlockID : conID: 1 locID: 110794288978591745 bcsId: 0 , Result: NO_SUCH_BLOCK , StorageContainerException Occurred.
org.apache.hadoop.hdds.scm.container.common.helpers.StorageContainerException: Unable to find the block. BlockID : conID: 1 locID: 110794288978591745 bcsId: 0
	at org.apache.hadoop.ozone.container.keyvalue.impl.BlockManagerImpl.getBlockByID(BlockManagerImpl.java:359)
	at org.apache.hadoop.ozone.container.keyvalue.impl.BlockManagerImpl.getCommittedBlockLength(BlockManagerImpl.java:284)
	at org.apache.hadoop.ozone.container.keyvalue.KeyValueHandler.handleGetCommittedBlockLength(KeyValueHandler.java:625)
	at org.apache.hadoop.ozone.container.keyvalue.KeyValueHandler.dispatchRequest(KeyValueHandler.java:280)
	at org.apache.hadoop.ozone.container.keyvalue.KeyValueHandler.handle(KeyValueHandler.java:226)
	at org.apache.hadoop.ozone.container.common.impl.HddsDispatcher.dispatchRequest(HddsDispatcher.java:324)
	at org.apache.hadoop.ozone.container.common.impl.HddsDispatcher.lambda$dispatch$0(HddsDispatcher.java:175)
	at org.apache.hadoop.hdds.server.OzoneProtocolMessageDispatcher.processRequest(OzoneProtocolMessageDispatcher.java:87)
	at org.apache.hadoop.ozone.container.common.impl.HddsDispatcher.dispatch(HddsDispatcher.java:174)
	at org.apache.hadoop.ozone.container.common.transport.server.GrpcXceiverService$1.onNext(GrpcXceiverService.java:57)
	at org.apache.hadoop.ozone.container.common.transport.server.GrpcXceiverService$1.onNext(GrpcXceiverService.java:50)
	at org.apache.ratis.thirdparty.io.grpc.stub.ServerCalls$StreamingServerCallHandler$StreamingServerCallListener.onMessage(ServerCalls.java:262)
	at org.apache.ratis.thirdparty.io.grpc.ForwardingServerCallListener.onMessage(ForwardingServerCallListener.java:33)
	at org.apache.hadoop.hdds.tracing.GrpcServerInterceptor$1.onMessage(GrpcServerInterceptor.java:49)
	at org.apache.ratis.thirdparty.io.grpc.internal.ServerCallImpl$ServerStreamListenerImpl.messagesAvailableInternal(ServerCallImpl.java:333)
	at org.apache.ratis.thirdparty.io.grpc.internal.ServerCallImpl$ServerStreamListenerImpl.messagesAvailable(ServerCallImpl.java:316)
	at org.apache.ratis.thirdparty.io.grpc.internal.ServerImpl$JumpToApplicationThreadServerStreamListener$1MessagesAvailable.runInContext(ServerImpl.java:835)
	at org.apache.ratis.thirdparty.io.grpc.internal.ContextRunnable.run(ContextRunnable.java:37)
	at org.apache.ratis.thirdparty.io.grpc.internal.SerializingExecutor.run(SerializingExecutor.java:133)
	at java.util.concurrent.ThreadPoolExecutor.runWorker(ThreadPoolExecutor.java:1149)
	at java.util.concurrent.ThreadPoolExecutor$Worker.run(ThreadPoolExecutor.java:624)
	at java.lang.Thread.run(Thread.java:750)
23:24:44.956 [ChunkReader-3] ERROR DNAudit - user=null | ip=null | op=GET_COMMITTED_BLOCK_LENGTH {blockData=conID: 1 locID: 110794288978591745 bcsId: 0} | ret=FAILURE
java.lang.Exception: Unable to find the block. BlockID : conID: 1 locID: 110794288978591745 bcsId: 0
	at org.apache.hadoop.ozone.container.common.impl.HddsDispatcher.dispatchRequest(HddsDispatcher.java:398) ~[hdds-container-service-1.4.0-SNAPSHOT.jar:?]
	at org.apache.hadoop.ozone.container.common.impl.HddsDispatcher.lambda$dispatch$0(HddsDispatcher.java:175) ~[hdds-container-service-1.4.0-SNAPSHOT.jar:?]
	at org.apache.hadoop.hdds.server.OzoneProtocolMessageDispatcher.processRequest(OzoneProtocolMessageDispatcher.java:87) [hdds-server-framework-1.4.0-SNAPSHOT.jar:?]
	at org.apache.hadoop.ozone.container.common.impl.HddsDispatcher.dispatch(HddsDispatcher.java:174) [hdds-container-service-1.4.0-SNAPSHOT.jar:?]
	at org.apache.hadoop.ozone.container.common.transport.server.GrpcXceiverService$1.onNext(GrpcXceiverService.java:57) [hdds-container-service-1.4.0-SNAPSHOT.jar:?]
	at org.apache.hadoop.ozone.container.common.transport.server.GrpcXceiverService$1.onNext(GrpcXceiverService.java:50) [hdds-container-service-1.4.0-SNAPSHOT.jar:?]
	at org.apache.ratis.thirdparty.io.grpc.stub.ServerCalls$StreamingServerCallHandler$StreamingServerCallListener.onMessage(ServerCalls.java:262) [ratis-thirdparty-misc-1.0.4.jar:1.0.4]
	at org.apache.ratis.thirdparty.io.grpc.ForwardingServerCallListener.onMessage(ForwardingServerCallListener.java:33) [ratis-thirdparty-misc-1.0.4.jar:1.0.4]
	at org.apache.hadoop.hdds.tracing.GrpcServerInterceptor$1.onMessage(GrpcServerInterceptor.java:49) [hdds-common-1.4.0-SNAPSHOT.jar:?]
	at org.apache.ratis.thirdparty.io.grpc.internal.ServerCallImpl$ServerStreamListenerImpl.messagesAvailableInternal(ServerCallImpl.java:333) [ratis-thirdparty-misc-1.0.4.jar:1.0.4]
	at org.apache.ratis.thirdparty.io.grpc.internal.ServerCallImpl$ServerStreamListenerImpl.messagesAvailable(ServerCallImpl.java:316) [ratis-thirdparty-misc-1.0.4.jar:1.0.4]
	at org.apache.ratis.thirdparty.io.grpc.internal.ServerImpl$JumpToApplicationThreadServerStreamListener$1MessagesAvailable.runInContext(ServerImpl.java:835) [ratis-thirdparty-misc-1.0.4.jar:1.0.4]
	at org.apache.ratis.thirdparty.io.grpc.internal.ContextRunnable.run(ContextRunnable.java:37) [ratis-thirdparty-misc-1.0.4.jar:1.0.4]
	at org.apache.ratis.thirdparty.io.grpc.internal.SerializingExecutor.run(SerializingExecutor.java:133) [ratis-thirdparty-misc-1.0.4.jar:1.0.4]
	at java.util.concurrent.ThreadPoolExecutor.runWorker(ThreadPoolExecutor.java:1149) [?:1.8.0_372]
	at java.util.concurrent.ThreadPoolExecutor$Worker.run(ThreadPoolExecutor.java:624) [?:1.8.0_372]
	at java.lang.Thread.run(Thread.java:750) [?:1.8.0_372]
2023-07-28 23:24:44,976 [main] ERROR scm.XceiverClientGrpc (XceiverClientGrpc.java:sendCommandWithRetry(450)) - Failed to execute command GetCommittedBlockLength on the pipeline Pipeline[ Id: ec96b5c2-6074-4b48-8fd7-e85ad1484701, Nodes: f6c6ca7c-f19b-4803-9287-3eefa0b50f1b(fv-az275-145.go2hi5et44qedpdz5zrtt3gknc.xx.internal.cloudapp.net/10.1.0.69), ReplicationConfig: STANDALONE/ONE, State:OPEN, leaderId:, CreationTimestamp2023-07-28T23:24:44.569Z[Etc/UTC]].
2023-07-28 23:24:44,978 [d133bf18-6a62-47fd-9fac-e73e51a269ad@group-0F1A09AA3450-FollowerState] INFO  impl.FollowerState (FollowerState.java:run(143)) - d133bf18-6a62-47fd-9fac-e73e51a269ad@group-0F1A09AA3450-FollowerState: change to CANDIDATE, lastRpcElapsedTime:5173488025ns, electionTimeout:5166ms
2023-07-28 23:24:44,979 [d133bf18-6a62-47fd-9fac-e73e51a269ad@group-0F1A09AA3450-FollowerState] INFO  impl.RoleInfo (RoleInfo.java:shutdownFollowerState(110)) - d133bf18-6a62-47fd-9fac-e73e51a269ad: shutdown d133bf18-6a62-47fd-9fac-e73e51a269ad@group-0F1A09AA3450-FollowerState
2023-07-28 23:24:44,979 [d133bf18-6a62-47fd-9fac-e73e51a269ad@group-0F1A09AA3450-FollowerState] INFO  server.RaftServer$Division (RaftServerImpl.java:setRole(329)) - d133bf18-6a62-47fd-9fac-e73e51a269ad@group-0F1A09AA3450: changes role from  FOLLOWER to CANDIDATE at term 0 for changeToCandidate
2023-07-28 23:24:44,979 [d133bf18-6a62-47fd-9fac-e73e51a269ad@group-0F1A09AA3450-FollowerState] INFO  server.RaftServerConfigKeys (ConfUtils.java:logGet(46)) - raft.server.leaderelection.pre-vote = true (default)
2023-07-28 23:24:44,979 [d133bf18-6a62-47fd-9fac-e73e51a269ad@group-0F1A09AA3450-FollowerState] INFO  impl.RoleInfo (RoleInfo.java:updateAndGet(139)) - d133bf18-6a62-47fd-9fac-e73e51a269ad: start d133bf18-6a62-47fd-9fac-e73e51a269ad@group-0F1A09AA3450-LeaderElection8
2023-07-28 23:24:44,983 [d133bf18-6a62-47fd-9fac-e73e51a269ad@group-0F1A09AA3450-LeaderElection8] INFO  impl.LeaderElection (LeaderElection.java:askForVotes(321)) - d133bf18-6a62-47fd-9fac-e73e51a269ad@group-0F1A09AA3450-LeaderElection8 PRE_VOTE round 0: submit vote requests at term 0 for -1: peers:[f6c6ca7c-f19b-4803-9287-3eefa0b50f1b|rpc:10.1.0.69:15032|admin:10.1.0.69:15031|client:10.1.0.69:15030|dataStream:10.1.0.69:15033|priority:0|startupRole:FOLLOWER, d133bf18-6a62-47fd-9fac-e73e51a269ad|rpc:10.1.0.69:15023|admin:10.1.0.69:15022|client:10.1.0.69:15021|dataStream:10.1.0.69:15024|priority:1|startupRole:FOLLOWER, 0c3903ae-4b96-4c44-85fb-f5bdd10725bb|rpc:10.1.0.69:15014|admin:10.1.0.69:15013|client:10.1.0.69:15012|dataStream:10.1.0.69:15015|priority:0|startupRole:FOLLOWER]|listeners:[], old=null
2023-07-28 23:24:44,984 [d133bf18-6a62-47fd-9fac-e73e51a269ad@group-0F1A09AA3450-LeaderElection8-1] INFO  server.GrpcServerProtocolClient (GrpcServerProtocolClient.java:<init>(65)) - Build channel for f6c6ca7c-f19b-4803-9287-3eefa0b50f1b
2023-07-28 23:24:44,988 [d133bf18-6a62-47fd-9fac-e73e51a269ad@group-0F1A09AA3450-LeaderElection8] INFO  server.RaftServerConfigKeys (ConfUtils.java:logFallback(53)) - raft.server.rpc.first-election.timeout.min = 5s (fallback to raft.server.rpc.timeout.min)
2023-07-28 23:24:44,992 [d133bf18-6a62-47fd-9fac-e73e51a269ad@group-0F1A09AA3450-LeaderElection8] INFO  server.RaftServerConfigKeys (ConfUtils.java:logFallback(53)) - raft.server.rpc.first-election.timeout.max = 5200ms (fallback to raft.server.rpc.timeout.max)
2023-07-28 23:24:44,991 [f6c6ca7c-f19b-4803-9287-3eefa0b50f1b@group-0F1A09AA3450-FollowerState] INFO  server.RaftServerConfigKeys (ConfUtils.java:logFallback(53)) - raft.server.rpc.first-election.timeout.min = 5s (fallback to raft.server.rpc.timeout.min)
2023-07-28 23:24:44,992 [f6c6ca7c-f19b-4803-9287-3eefa0b50f1b@group-0F1A09AA3450-FollowerState] INFO  server.RaftServerConfigKeys (ConfUtils.java:logFallback(53)) - raft.server.rpc.first-election.timeout.max = 5200ms (fallback to raft.server.rpc.timeout.max)
2023-07-28 23:24:44,994 [d133bf18-6a62-47fd-9fac-e73e51a269ad@group-0F1A09AA3450-LeaderElection8-2] INFO  server.GrpcServerProtocolClient (GrpcServerProtocolClient.java:<init>(65)) - Build channel for 0c3903ae-4b96-4c44-85fb-f5bdd10725bb
2023-07-28 23:24:45,002 [grpc-default-executor-3] INFO  server.RaftServer$Division (RaftServerImpl.java:requestVote(1302)) - f6c6ca7c-f19b-4803-9287-3eefa0b50f1b@group-0F1A09AA3450: receive requestVote(PRE_VOTE, d133bf18-6a62-47fd-9fac-e73e51a269ad, group-0F1A09AA3450, 0, (t:0, i:0))
2023-07-28 23:24:45,002 [grpc-default-executor-3] INFO  impl.VoteContext (VoteContext.java:log(49)) - f6c6ca7c-f19b-4803-9287-3eefa0b50f1b@group-0F1A09AA3450-FOLLOWER: accept PRE_VOTE from d133bf18-6a62-47fd-9fac-e73e51a269ad: our priority 0 <= candidate's priority 1
2023-07-28 23:24:45,002 [grpc-default-executor-3] INFO  server.RaftServer$Division (RaftServerImpl.java:requestVote(1335)) - f6c6ca7c-f19b-4803-9287-3eefa0b50f1b@group-0F1A09AA3450 replies to PRE_VOTE vote request: d133bf18-6a62-47fd-9fac-e73e51a269ad<-f6c6ca7c-f19b-4803-9287-3eefa0b50f1b#0:OK-t0. Peer's state: f6c6ca7c-f19b-4803-9287-3eefa0b50f1b@group-0F1A09AA3450:t0, leader=null, voted=, raftlog=Memoized:f6c6ca7c-f19b-4803-9287-3eefa0b50f1b@group-0F1A09AA3450-SegmentedRaftLog:OPENED:c-1, conf=-1: peers:[f6c6ca7c-f19b-4803-9287-3eefa0b50f1b|rpc:10.1.0.69:15032|admin:10.1.0.69:15031|client:10.1.0.69:15030|dataStream:10.1.0.69:15033|priority:0|startupRole:FOLLOWER, d133bf18-6a62-47fd-9fac-e73e51a269ad|rpc:10.1.0.69:15023|admin:10.1.0.69:15022|client:10.1.0.69:15021|dataStream:10.1.0.69:15024|priority:1|startupRole:FOLLOWER, 0c3903ae-4b96-4c44-85fb-f5bdd10725bb|rpc:10.1.0.69:15014|admin:10.1.0.69:15013|client:10.1.0.69:15012|dataStream:10.1.0.69:15015|priority:0|startupRole:FOLLOWER]|listeners:[], old=null
2023-07-28 23:24:45,006 [d133bf18-6a62-47fd-9fac-e73e51a269ad@group-0F1A09AA3450-LeaderElection8] INFO  impl.LeaderElection (LeaderElection.java:logAndReturn(90)) - d133bf18-6a62-47fd-9fac-e73e51a269ad@group-0F1A09AA3450-LeaderElection8: PRE_VOTE PASSED received 1 response(s) and 0 exception(s):
2023-07-28 23:24:45,006 [d133bf18-6a62-47fd-9fac-e73e51a269ad@group-0F1A09AA3450-LeaderElection8] INFO  impl.LeaderElection (LeaderElection.java:logAndReturn(94)) -   Response 0: d133bf18-6a62-47fd-9fac-e73e51a269ad<-f6c6ca7c-f19b-4803-9287-3eefa0b50f1b#0:OK-t0
2023-07-28 23:24:45,006 [d133bf18-6a62-47fd-9fac-e73e51a269ad@group-0F1A09AA3450-LeaderElection8] INFO  impl.LeaderElection (LeaderElection.java:askForVotes(323)) - d133bf18-6a62-47fd-9fac-e73e51a269ad@group-0F1A09AA3450-LeaderElection8 PRE_VOTE round 0: result PASSED
2023-07-28 23:24:45,009 [d133bf18-6a62-47fd-9fac-e73e51a269ad@group-0F1A09AA3450-LeaderElection8] INFO  impl.LeaderElection (LeaderElection.java:askForVotes(321)) - d133bf18-6a62-47fd-9fac-e73e51a269ad@group-0F1A09AA3450-LeaderElection8 ELECTION round 0: submit vote requests at term 1 for -1: peers:[f6c6ca7c-f19b-4803-9287-3eefa0b50f1b|rpc:10.1.0.69:15032|admin:10.1.0.69:15031|client:10.1.0.69:15030|dataStream:10.1.0.69:15033|priority:0|startupRole:FOLLOWER, d133bf18-6a62-47fd-9fac-e73e51a269ad|rpc:10.1.0.69:15023|admin:10.1.0.69:15022|client:10.1.0.69:15021|dataStream:10.1.0.69:15024|priority:1|startupRole:FOLLOWER, 0c3903ae-4b96-4c44-85fb-f5bdd10725bb|rpc:10.1.0.69:15014|admin:10.1.0.69:15013|client:10.1.0.69:15012|dataStream:10.1.0.69:15015|priority:0|startupRole:FOLLOWER]|listeners:[], old=null
2023-07-28 23:24:45,011 [d133bf18-6a62-47fd-9fac-e73e51a269ad@group-0F1A09AA3450-LeaderElection8] INFO  server.RaftServerConfigKeys (ConfUtils.java:logFallback(53)) - raft.server.rpc.first-election.timeout.min = 5s (fallback to raft.server.rpc.timeout.min)
2023-07-28 23:24:45,011 [d133bf18-6a62-47fd-9fac-e73e51a269ad@group-0F1A09AA3450-LeaderElection8] INFO  server.RaftServerConfigKeys (ConfUtils.java:logFallback(53)) - raft.server.rpc.first-election.timeout.max = 5200ms (fallback to raft.server.rpc.timeout.max)
2023-07-28 23:24:45,024 [grpc-default-executor-1] INFO  server.RaftServer$Division (RaftServerImpl.java:requestVote(1302)) - 0c3903ae-4b96-4c44-85fb-f5bdd10725bb@group-0F1A09AA3450: receive requestVote(PRE_VOTE, d133bf18-6a62-47fd-9fac-e73e51a269ad, group-0F1A09AA3450, 0, (t:0, i:0))
2023-07-28 23:24:45,025 [grpc-default-executor-1] INFO  impl.VoteContext (VoteContext.java:log(49)) - 0c3903ae-4b96-4c44-85fb-f5bdd10725bb@group-0F1A09AA3450-FOLLOWER: accept PRE_VOTE from d133bf18-6a62-47fd-9fac-e73e51a269ad: our priority 0 <= candidate's priority 1
2023-07-28 23:24:45,025 [grpc-default-executor-1] INFO  server.RaftServer$Division (RaftServerImpl.java:requestVote(1335)) - 0c3903ae-4b96-4c44-85fb-f5bdd10725bb@group-0F1A09AA3450 replies to PRE_VOTE vote request: d133bf18-6a62-47fd-9fac-e73e51a269ad<-0c3903ae-4b96-4c44-85fb-f5bdd10725bb#0:OK-t0. Peer's state: 0c3903ae-4b96-4c44-85fb-f5bdd10725bb@group-0F1A09AA3450:t0, leader=null, voted=, raftlog=Memoized:0c3903ae-4b96-4c44-85fb-f5bdd10725bb@group-0F1A09AA3450-SegmentedRaftLog:OPENED:c-1, conf=-1: peers:[f6c6ca7c-f19b-4803-9287-3eefa0b50f1b|rpc:10.1.0.69:15032|admin:10.1.0.69:15031|client:10.1.0.69:15030|dataStream:10.1.0.69:15033|priority:0|startupRole:FOLLOWER, d133bf18-6a62-47fd-9fac-e73e51a269ad|rpc:10.1.0.69:15023|admin:10.1.0.69:15022|client:10.1.0.69:15021|dataStream:10.1.0.69:15024|priority:1|startupRole:FOLLOWER, 0c3903ae-4b96-4c44-85fb-f5bdd10725bb|rpc:10.1.0.69:15014|admin:10.1.0.69:15013|client:10.1.0.69:15012|dataStream:10.1.0.69:15015|priority:0|startupRole:FOLLOWER]|listeners:[], old=null
2023-07-28 23:24:45,027 [grpc-default-executor-1] INFO  server.RaftServer$Division (RaftServerImpl.java:requestVote(1302)) - 0c3903ae-4b96-4c44-85fb-f5bdd10725bb@group-0F1A09AA3450: receive requestVote(ELECTION, d133bf18-6a62-47fd-9fac-e73e51a269ad, group-0F1A09AA3450, 1, (t:0, i:0))
2023-07-28 23:24:45,027 [grpc-default-executor-1] INFO  impl.VoteContext (VoteContext.java:log(49)) - 0c3903ae-4b96-4c44-85fb-f5bdd10725bb@group-0F1A09AA3450-FOLLOWER: accept ELECTION from d133bf18-6a62-47fd-9fac-e73e51a269ad: our priority 0 <= candidate's priority 1
2023-07-28 23:24:45,027 [grpc-default-executor-1] INFO  server.RaftServer$Division (RaftServerImpl.java:setRole(329)) - 0c3903ae-4b96-4c44-85fb-f5bdd10725bb@group-0F1A09AA3450: changes role from  FOLLOWER to FOLLOWER at term 1 for candidate:d133bf18-6a62-47fd-9fac-e73e51a269ad
2023-07-28 23:24:45,027 [grpc-default-executor-1] INFO  impl.RoleInfo (RoleInfo.java:shutdownFollowerState(110)) - 0c3903ae-4b96-4c44-85fb-f5bdd10725bb: shutdown 0c3903ae-4b96-4c44-85fb-f5bdd10725bb@group-0F1A09AA3450-FollowerState
2023-07-28 23:24:45,027 [grpc-default-executor-1] INFO  impl.RoleInfo (RoleInfo.java:updateAndGet(139)) - 0c3903ae-4b96-4c44-85fb-f5bdd10725bb: start 0c3903ae-4b96-4c44-85fb-f5bdd10725bb@group-0F1A09AA3450-FollowerState
2023-07-28 23:24:45,027 [0c3903ae-4b96-4c44-85fb-f5bdd10725bb@group-0F1A09AA3450-FollowerState] INFO  impl.FollowerState (FollowerState.java:run(152)) - 0c3903ae-4b96-4c44-85fb-f5bdd10725bb@group-0F1A09AA3450-FollowerState was interrupted
]]></system-out>
  </testcase>
  <testcase name="tesGetCommittedBlockLength" classname="org.apache.hadoop.ozone.scm.TestGetCommittedBlockLengthAndPutKey" time="0.18">
    <system-out><![CDATA[2023-07-28 23:24:45,034 [grpc-default-executor-3] INFO  server.RaftServer$Division (RaftServerImpl.java:requestVote(1302)) - f6c6ca7c-f19b-4803-9287-3eefa0b50f1b@group-0F1A09AA3450: receive requestVote(ELECTION, d133bf18-6a62-47fd-9fac-e73e51a269ad, group-0F1A09AA3450, 1, (t:0, i:0))
2023-07-28 23:24:45,034 [grpc-default-executor-3] INFO  impl.VoteContext (VoteContext.java:log(49)) - f6c6ca7c-f19b-4803-9287-3eefa0b50f1b@group-0F1A09AA3450-FOLLOWER: accept ELECTION from d133bf18-6a62-47fd-9fac-e73e51a269ad: our priority 0 <= candidate's priority 1
2023-07-28 23:24:45,035 [grpc-default-executor-3] INFO  server.RaftServer$Division (RaftServerImpl.java:setRole(329)) - f6c6ca7c-f19b-4803-9287-3eefa0b50f1b@group-0F1A09AA3450: changes role from  FOLLOWER to FOLLOWER at term 1 for candidate:d133bf18-6a62-47fd-9fac-e73e51a269ad
2023-07-28 23:24:45,035 [grpc-default-executor-3] INFO  impl.RoleInfo (RoleInfo.java:shutdownFollowerState(110)) - f6c6ca7c-f19b-4803-9287-3eefa0b50f1b: shutdown f6c6ca7c-f19b-4803-9287-3eefa0b50f1b@group-0F1A09AA3450-FollowerState
2023-07-28 23:24:45,035 [grpc-default-executor-3] INFO  impl.RoleInfo (RoleInfo.java:updateAndGet(139)) - f6c6ca7c-f19b-4803-9287-3eefa0b50f1b: start f6c6ca7c-f19b-4803-9287-3eefa0b50f1b@group-0F1A09AA3450-FollowerState
2023-07-28 23:24:45,035 [f6c6ca7c-f19b-4803-9287-3eefa0b50f1b@group-0F1A09AA3450-FollowerState] INFO  impl.FollowerState (FollowerState.java:run(152)) - f6c6ca7c-f19b-4803-9287-3eefa0b50f1b@group-0F1A09AA3450-FollowerState was interrupted
2023-07-28 23:24:45,037 [grpc-default-executor-1] INFO  server.RaftServer$Division (RaftServerImpl.java:requestVote(1335)) - 0c3903ae-4b96-4c44-85fb-f5bdd10725bb@group-0F1A09AA3450 replies to ELECTION vote request: d133bf18-6a62-47fd-9fac-e73e51a269ad<-0c3903ae-4b96-4c44-85fb-f5bdd10725bb#0:OK-t1. Peer's state: 0c3903ae-4b96-4c44-85fb-f5bdd10725bb@group-0F1A09AA3450:t1, leader=null, voted=d133bf18-6a62-47fd-9fac-e73e51a269ad, raftlog=Memoized:0c3903ae-4b96-4c44-85fb-f5bdd10725bb@group-0F1A09AA3450-SegmentedRaftLog:OPENED:c-1, conf=-1: peers:[f6c6ca7c-f19b-4803-9287-3eefa0b50f1b|rpc:10.1.0.69:15032|admin:10.1.0.69:15031|client:10.1.0.69:15030|dataStream:10.1.0.69:15033|priority:0|startupRole:FOLLOWER, d133bf18-6a62-47fd-9fac-e73e51a269ad|rpc:10.1.0.69:15023|admin:10.1.0.69:15022|client:10.1.0.69:15021|dataStream:10.1.0.69:15024|priority:1|startupRole:FOLLOWER, 0c3903ae-4b96-4c44-85fb-f5bdd10725bb|rpc:10.1.0.69:15014|admin:10.1.0.69:15013|client:10.1.0.69:15012|dataStream:10.1.0.69:15015|priority:0|startupRole:FOLLOWER]|listeners:[], old=null
2023-07-28 23:24:45,037 [grpc-default-executor-3] INFO  server.RaftServer$Division (RaftServerImpl.java:requestVote(1335)) - f6c6ca7c-f19b-4803-9287-3eefa0b50f1b@group-0F1A09AA3450 replies to ELECTION vote request: d133bf18-6a62-47fd-9fac-e73e51a269ad<-f6c6ca7c-f19b-4803-9287-3eefa0b50f1b#0:OK-t1. Peer's state: f6c6ca7c-f19b-4803-9287-3eefa0b50f1b@group-0F1A09AA3450:t1, leader=null, voted=d133bf18-6a62-47fd-9fac-e73e51a269ad, raftlog=Memoized:f6c6ca7c-f19b-4803-9287-3eefa0b50f1b@group-0F1A09AA3450-SegmentedRaftLog:OPENED:c-1, conf=-1: peers:[f6c6ca7c-f19b-4803-9287-3eefa0b50f1b|rpc:10.1.0.69:15032|admin:10.1.0.69:15031|client:10.1.0.69:15030|dataStream:10.1.0.69:15033|priority:0|startupRole:FOLLOWER, d133bf18-6a62-47fd-9fac-e73e51a269ad|rpc:10.1.0.69:15023|admin:10.1.0.69:15022|client:10.1.0.69:15021|dataStream:10.1.0.69:15024|priority:1|startupRole:FOLLOWER, 0c3903ae-4b96-4c44-85fb-f5bdd10725bb|rpc:10.1.0.69:15014|admin:10.1.0.69:15013|client:10.1.0.69:15012|dataStream:10.1.0.69:15015|priority:0|startupRole:FOLLOWER]|listeners:[], old=null
2023-07-28 23:24:45,039 [d133bf18-6a62-47fd-9fac-e73e51a269ad@group-0F1A09AA3450-LeaderElection8] INFO  impl.LeaderElection (LeaderElection.java:logAndReturn(90)) - d133bf18-6a62-47fd-9fac-e73e51a269ad@group-0F1A09AA3450-LeaderElection8: ELECTION PASSED received 1 response(s) and 0 exception(s):
2023-07-28 23:24:45,040 [d133bf18-6a62-47fd-9fac-e73e51a269ad@group-0F1A09AA3450-LeaderElection8] INFO  impl.LeaderElection (LeaderElection.java:logAndReturn(94)) -   Response 0: d133bf18-6a62-47fd-9fac-e73e51a269ad<-f6c6ca7c-f19b-4803-9287-3eefa0b50f1b#0:OK-t1
2023-07-28 23:24:45,040 [d133bf18-6a62-47fd-9fac-e73e51a269ad@group-0F1A09AA3450-LeaderElection8] INFO  impl.LeaderElection (LeaderElection.java:askForVotes(323)) - d133bf18-6a62-47fd-9fac-e73e51a269ad@group-0F1A09AA3450-LeaderElection8 ELECTION round 0: result PASSED
2023-07-28 23:24:45,040 [d133bf18-6a62-47fd-9fac-e73e51a269ad@group-0F1A09AA3450-LeaderElection8] INFO  impl.RoleInfo (RoleInfo.java:shutdownLeaderElection(130)) - d133bf18-6a62-47fd-9fac-e73e51a269ad: shutdown d133bf18-6a62-47fd-9fac-e73e51a269ad@group-0F1A09AA3450-LeaderElection8
2023-07-28 23:24:45,040 [d133bf18-6a62-47fd-9fac-e73e51a269ad@group-0F1A09AA3450-LeaderElection8] INFO  server.RaftServer$Division (RaftServerImpl.java:setRole(329)) - d133bf18-6a62-47fd-9fac-e73e51a269ad@group-0F1A09AA3450: changes role from CANDIDATE to LEADER at term 1 for changeToLeader
2023-07-28 23:24:45,040 [d133bf18-6a62-47fd-9fac-e73e51a269ad@group-0F1A09AA3450-LeaderElection8] INFO  ratis.XceiverServerRatis (XceiverServerRatis.java:handleLeaderChangedNotification(902)) - Leader change notification received for group: group-0F1A09AA3450 with new leaderId: d133bf18-6a62-47fd-9fac-e73e51a269ad
2023-07-28 23:24:45,041 [d133bf18-6a62-47fd-9fac-e73e51a269ad@group-0F1A09AA3450-LeaderElection8] INFO  server.RaftServer$Division (ServerState.java:setLeader(317)) - d133bf18-6a62-47fd-9fac-e73e51a269ad@group-0F1A09AA3450: change Leader from null to d133bf18-6a62-47fd-9fac-e73e51a269ad at term 1 for becomeLeader, leader elected after 5283ms
2023-07-28 23:24:45,041 [d133bf18-6a62-47fd-9fac-e73e51a269ad@group-0F1A09AA3450-LeaderElection8] INFO  server.RaftServerConfigKeys (ConfUtils.java:logGet(46)) - raft.server.staging.catchup.gap = 1000 (default)
2023-07-28 23:24:45,041 [d133bf18-6a62-47fd-9fac-e73e51a269ad@group-0F1A09AA3450-LeaderElection8] INFO  server.RaftServerConfigKeys (ConfUtils.java:logGet(46)) - raft.server.write.element-limit = 1024 (custom)
2023-07-28 23:24:45,041 [d133bf18-6a62-47fd-9fac-e73e51a269ad@group-0F1A09AA3450-LeaderElection8] INFO  server.RaftServerConfigKeys (ConfUtils.java:logGet(46)) - raft.server.write.byte-limit = 1024 M (=1073741824) (custom)
2023-07-28 23:24:45,042 [d133bf18-6a62-47fd-9fac-e73e51a269ad@group-0F1A09AA3450-LeaderElection8] INFO  server.RaftServerConfigKeys (ConfUtils.java:logGet(46)) - raft.server.watch.timeout = 180s (custom)
2023-07-28 23:24:45,042 [d133bf18-6a62-47fd-9fac-e73e51a269ad@group-0F1A09AA3450-LeaderElection8] INFO  server.RaftServerConfigKeys (ConfUtils.java:logGet(46)) - raft.server.watch.timeout.denomination = 1s (default)
2023-07-28 23:24:45,042 [d133bf18-6a62-47fd-9fac-e73e51a269ad@group-0F1A09AA3450-LeaderElection8] INFO  server.RaftServerConfigKeys (ConfUtils.java:logGet(46)) - raft.server.watch.element-limit = 65536 (default)
2023-07-28 23:24:45,042 [d133bf18-6a62-47fd-9fac-e73e51a269ad@group-0F1A09AA3450-LeaderElection8] INFO  server.RaftServerConfigKeys (ConfUtils.java:logGet(46)) - raft.server.write.element-limit = 1024 (custom)
2023-07-28 23:24:45,042 [d133bf18-6a62-47fd-9fac-e73e51a269ad@group-0F1A09AA3450-LeaderElection8] INFO  server.RaftServerConfigKeys (ConfUtils.java:logGet(46)) - raft.server.write.follower.gap.ratio.max = -1.0 (default)
2023-07-28 23:24:45,043 [d133bf18-6a62-47fd-9fac-e73e51a269ad@group-0F1A09AA3450-LeaderElection8] INFO  server.RaftServerConfigKeys (ConfUtils.java:logGet(46)) - raft.server.log.appender.snapshot.chunk.size.max = 16MB (=16777216) (default)
2023-07-28 23:24:45,043 [d133bf18-6a62-47fd-9fac-e73e51a269ad@group-0F1A09AA3450-LeaderElection8] INFO  server.RaftServerConfigKeys (ConfUtils.java:logGet(46)) - raft.server.log.appender.buffer.byte-limit = 33554432 (custom)
2023-07-28 23:24:45,043 [d133bf18-6a62-47fd-9fac-e73e51a269ad@group-0F1A09AA3450-LeaderElection8] INFO  server.RaftServerConfigKeys (ConfUtils.java:logGet(46)) - raft.server.log.appender.buffer.element-limit = 1 (custom)
2023-07-28 23:24:45,043 [d133bf18-6a62-47fd-9fac-e73e51a269ad@group-0F1A09AA3450-LeaderElection8] INFO  server.RaftServerConfigKeys (ConfUtils.java:logGet(46)) - raft.server.log.appender.wait-time.min = 10ms (default)
2023-07-28 23:24:45,046 [EventQueue-PipelineReportForPipelineReportHandler] INFO  pipeline.PipelineReportHandler (PipelineReportHandler.java:processPipelineReport(136)) - Opened pipeline PipelineID=4b18a500-a533-4085-8d3e-0f1a09aa3450
2023-07-28 23:24:45,044 [d133bf18-6a62-47fd-9fac-e73e51a269ad@group-0F1A09AA3450-LeaderElection8] INFO  grpc.GrpcConfigKeys (ConfUtils.java:logGet(46)) - raft.grpc.server.leader.outstanding.appends.max = 128 (default)
2023-07-28 23:24:45,047 [d133bf18-6a62-47fd-9fac-e73e51a269ad@group-0F1A09AA3450-LeaderElection8] INFO  server.RaftServerConfigKeys (ConfUtils.java:logGet(46)) - raft.server.rpc.request.timeout = 60s (custom)
2023-07-28 23:24:45,047 [d133bf18-6a62-47fd-9fac-e73e51a269ad@group-0F1A09AA3450-LeaderElection8] INFO  grpc.GrpcConfigKeys (ConfUtils.java:logGet(46)) - raft.grpc.server.install_snapshot.request.element-limit = 8 (default)
2023-07-28 23:24:45,047 [d133bf18-6a62-47fd-9fac-e73e51a269ad@group-0F1A09AA3450-LeaderElection8] INFO  grpc.GrpcConfigKeys (ConfUtils.java:logGet(46)) - raft.grpc.server.install_snapshot.request.timeout = 3000ms (default)
2023-07-28 23:24:45,047 [d133bf18-6a62-47fd-9fac-e73e51a269ad@group-0F1A09AA3450-LeaderElection8] INFO  server.RaftServerConfigKeys (ConfUtils.java:logGet(46)) - raft.server.log.appender.install.snapshot.enabled = false (custom)
2023-07-28 23:24:45,047 [d133bf18-6a62-47fd-9fac-e73e51a269ad@group-0F1A09AA3450-LeaderElection8] INFO  grpc.GrpcConfigKeys (ConfUtils.java:logGet(46)) - raft.grpc.server.heartbeat.channel = true (default)
2023-07-28 23:24:45,048 [d133bf18-6a62-47fd-9fac-e73e51a269ad@group-0F1A09AA3450-LeaderElection8] INFO  server.RaftServerConfigKeys (ConfUtils.java:logGet(46)) - raft.server.log.appender.snapshot.chunk.size.max = 16MB (=16777216) (default)
2023-07-28 23:24:45,048 [d133bf18-6a62-47fd-9fac-e73e51a269ad@group-0F1A09AA3450-LeaderElection8] INFO  server.RaftServerConfigKeys (ConfUtils.java:logGet(46)) - raft.server.log.appender.buffer.byte-limit = 33554432 (custom)
2023-07-28 23:24:45,048 [d133bf18-6a62-47fd-9fac-e73e51a269ad@group-0F1A09AA3450-LeaderElection8] INFO  server.RaftServerConfigKeys (ConfUtils.java:logGet(46)) - raft.server.log.appender.buffer.element-limit = 1 (custom)
2023-07-28 23:24:45,048 [d133bf18-6a62-47fd-9fac-e73e51a269ad@group-0F1A09AA3450-LeaderElection8] INFO  server.RaftServerConfigKeys (ConfUtils.java:logGet(46)) - raft.server.log.appender.wait-time.min = 10ms (default)
2023-07-28 23:24:45,048 [d133bf18-6a62-47fd-9fac-e73e51a269ad@group-0F1A09AA3450-LeaderElection8] INFO  grpc.GrpcConfigKeys (ConfUtils.java:logGet(46)) - raft.grpc.server.leader.outstanding.appends.max = 128 (default)
2023-07-28 23:24:45,048 [d133bf18-6a62-47fd-9fac-e73e51a269ad@group-0F1A09AA3450-LeaderElection8] INFO  server.RaftServerConfigKeys (ConfUtils.java:logGet(46)) - raft.server.rpc.request.timeout = 60s (custom)
2023-07-28 23:24:45,048 [d133bf18-6a62-47fd-9fac-e73e51a269ad@group-0F1A09AA3450-LeaderElection8] INFO  grpc.GrpcConfigKeys (ConfUtils.java:logGet(46)) - raft.grpc.server.install_snapshot.request.element-limit = 8 (default)
2023-07-28 23:24:45,048 [d133bf18-6a62-47fd-9fac-e73e51a269ad@group-0F1A09AA3450-LeaderElection8] INFO  grpc.GrpcConfigKeys (ConfUtils.java:logGet(46)) - raft.grpc.server.install_snapshot.request.timeout = 3000ms (default)
2023-07-28 23:24:45,049 [d133bf18-6a62-47fd-9fac-e73e51a269ad@group-0F1A09AA3450-LeaderElection8] INFO  server.RaftServerConfigKeys (ConfUtils.java:logGet(46)) - raft.server.log.appender.install.snapshot.enabled = false (custom)
2023-07-28 23:24:45,049 [d133bf18-6a62-47fd-9fac-e73e51a269ad@group-0F1A09AA3450-LeaderElection8] INFO  grpc.GrpcConfigKeys (ConfUtils.java:logGet(46)) - raft.grpc.server.heartbeat.channel = true (default)
2023-07-28 23:24:45,049 [d133bf18-6a62-47fd-9fac-e73e51a269ad@group-0F1A09AA3450-LeaderElection8] INFO  impl.RoleInfo (RoleInfo.java:updateAndGet(139)) - d133bf18-6a62-47fd-9fac-e73e51a269ad: start d133bf18-6a62-47fd-9fac-e73e51a269ad@group-0F1A09AA3450-LeaderStateImpl
2023-07-28 23:24:45,049 [d133bf18-6a62-47fd-9fac-e73e51a269ad@group-0F1A09AA3450-LeaderElection8] INFO  segmented.SegmentedRaftLogWorker (SegmentedRaftLogWorker.java:startLogSegment(447)) - d133bf18-6a62-47fd-9fac-e73e51a269ad@group-0F1A09AA3450-SegmentedRaftLogWorker: Starting segment from index:0
2023-07-28 23:24:45,051 [d133bf18-6a62-47fd-9fac-e73e51a269ad@group-0F1A09AA3450-SegmentedRaftLogWorker] INFO  segmented.SegmentedRaftLogWorker (SegmentedRaftLogWorker.java:execute(651)) - d133bf18-6a62-47fd-9fac-e73e51a269ad@group-0F1A09AA3450-SegmentedRaftLogWorker: created new log segment /home/runner/work/ozone/ozone/hadoop-ozone/integration-test/target/test-dir/MiniOzoneClusterImpl-87b6fce1-c6a6-46a6-82b1-f7f83edcbc7c/datanode-1/data/ratis/4b18a500-a533-4085-8d3e-0f1a09aa3450/current/log_inprogress_0
2023-07-28 23:24:45,055 [d133bf18-6a62-47fd-9fac-e73e51a269ad@group-0F1A09AA3450-LeaderElection8] INFO  server.RaftServer$Division (ServerState.java:setRaftConf(434)) - d133bf18-6a62-47fd-9fac-e73e51a269ad@group-0F1A09AA3450: set configuration 0: peers:[f6c6ca7c-f19b-4803-9287-3eefa0b50f1b|rpc:10.1.0.69:15032|admin:10.1.0.69:15031|client:10.1.0.69:15030|dataStream:10.1.0.69:15033|priority:0|startupRole:FOLLOWER, d133bf18-6a62-47fd-9fac-e73e51a269ad|rpc:10.1.0.69:15023|admin:10.1.0.69:15022|client:10.1.0.69:15021|dataStream:10.1.0.69:15024|priority:1|startupRole:FOLLOWER, 0c3903ae-4b96-4c44-85fb-f5bdd10725bb|rpc:10.1.0.69:15014|admin:10.1.0.69:15013|client:10.1.0.69:15012|dataStream:10.1.0.69:15015|priority:0|startupRole:FOLLOWER]|listeners:[], old=null
2023-07-28 23:24:45,092 [0c3903ae-4b96-4c44-85fb-f5bdd10725bb-server-thread2] INFO  ratis.XceiverServerRatis (XceiverServerRatis.java:handleLeaderChangedNotification(902)) - Leader change notification received for group: group-0F1A09AA3450 with new leaderId: d133bf18-6a62-47fd-9fac-e73e51a269ad
2023-07-28 23:24:45,092 [0c3903ae-4b96-4c44-85fb-f5bdd10725bb-server-thread2] INFO  server.RaftServer$Division (ServerState.java:setLeader(317)) - 0c3903ae-4b96-4c44-85fb-f5bdd10725bb@group-0F1A09AA3450: change Leader from null to d133bf18-6a62-47fd-9fac-e73e51a269ad at term 1 for appendEntries, leader elected after 5725ms
2023-07-28 23:24:45,093 [f6c6ca7c-f19b-4803-9287-3eefa0b50f1b-server-thread2] INFO  ratis.XceiverServerRatis (XceiverServerRatis.java:handleLeaderChangedNotification(902)) - Leader change notification received for group: group-0F1A09AA3450 with new leaderId: d133bf18-6a62-47fd-9fac-e73e51a269ad
2023-07-28 23:24:45,094 [f6c6ca7c-f19b-4803-9287-3eefa0b50f1b-server-thread2] INFO  server.RaftServer$Division (ServerState.java:setLeader(317)) - f6c6ca7c-f19b-4803-9287-3eefa0b50f1b@group-0F1A09AA3450: change Leader from null to d133bf18-6a62-47fd-9fac-e73e51a269ad at term 1 for appendEntries, leader elected after 5370ms
2023-07-28 23:24:45,098 [0c3903ae-4b96-4c44-85fb-f5bdd10725bb-server-thread2] INFO  server.RaftServer$Division (ServerState.java:setRaftConf(434)) - 0c3903ae-4b96-4c44-85fb-f5bdd10725bb@group-0F1A09AA3450: set configuration 0: peers:[f6c6ca7c-f19b-4803-9287-3eefa0b50f1b|rpc:10.1.0.69:15032|admin:10.1.0.69:15031|client:10.1.0.69:15030|dataStream:10.1.0.69:15033|priority:0|startupRole:FOLLOWER, d133bf18-6a62-47fd-9fac-e73e51a269ad|rpc:10.1.0.69:15023|admin:10.1.0.69:15022|client:10.1.0.69:15021|dataStream:10.1.0.69:15024|priority:1|startupRole:FOLLOWER, 0c3903ae-4b96-4c44-85fb-f5bdd10725bb|rpc:10.1.0.69:15014|admin:10.1.0.69:15013|client:10.1.0.69:15012|dataStream:10.1.0.69:15015|priority:0|startupRole:FOLLOWER]|listeners:[], old=null
2023-07-28 23:24:45,098 [0c3903ae-4b96-4c44-85fb-f5bdd10725bb-server-thread2] INFO  segmented.SegmentedRaftLogWorker (SegmentedRaftLogWorker.java:startLogSegment(447)) - 0c3903ae-4b96-4c44-85fb-f5bdd10725bb@group-0F1A09AA3450-SegmentedRaftLogWorker: Starting segment from index:0
2023-07-28 23:24:45,100 [0c3903ae-4b96-4c44-85fb-f5bdd10725bb@group-0F1A09AA3450-SegmentedRaftLogWorker] INFO  segmented.SegmentedRaftLogWorker (SegmentedRaftLogWorker.java:execute(651)) - 0c3903ae-4b96-4c44-85fb-f5bdd10725bb@group-0F1A09AA3450-SegmentedRaftLogWorker: created new log segment /home/runner/work/ozone/ozone/hadoop-ozone/integration-test/target/test-dir/MiniOzoneClusterImpl-87b6fce1-c6a6-46a6-82b1-f7f83edcbc7c/datanode-0/data/ratis/4b18a500-a533-4085-8d3e-0f1a09aa3450/current/log_inprogress_0
2023-07-28 23:24:45,106 [f6c6ca7c-f19b-4803-9287-3eefa0b50f1b-server-thread2] INFO  server.RaftServer$Division (ServerState.java:setRaftConf(434)) - f6c6ca7c-f19b-4803-9287-3eefa0b50f1b@group-0F1A09AA3450: set configuration 0: peers:[f6c6ca7c-f19b-4803-9287-3eefa0b50f1b|rpc:10.1.0.69:15032|admin:10.1.0.69:15031|client:10.1.0.69:15030|dataStream:10.1.0.69:15033|priority:0|startupRole:FOLLOWER, d133bf18-6a62-47fd-9fac-e73e51a269ad|rpc:10.1.0.69:15023|admin:10.1.0.69:15022|client:10.1.0.69:15021|dataStream:10.1.0.69:15024|priority:1|startupRole:FOLLOWER, 0c3903ae-4b96-4c44-85fb-f5bdd10725bb|rpc:10.1.0.69:15014|admin:10.1.0.69:15013|client:10.1.0.69:15012|dataStream:10.1.0.69:15015|priority:0|startupRole:FOLLOWER]|listeners:[], old=null
2023-07-28 23:24:45,106 [f6c6ca7c-f19b-4803-9287-3eefa0b50f1b-server-thread2] INFO  segmented.SegmentedRaftLogWorker (SegmentedRaftLogWorker.java:startLogSegment(447)) - f6c6ca7c-f19b-4803-9287-3eefa0b50f1b@group-0F1A09AA3450-SegmentedRaftLogWorker: Starting segment from index:0
2023-07-28 23:24:45,109 [f6c6ca7c-f19b-4803-9287-3eefa0b50f1b@group-0F1A09AA3450-SegmentedRaftLogWorker] INFO  segmented.SegmentedRaftLogWorker (SegmentedRaftLogWorker.java:execute(651)) - f6c6ca7c-f19b-4803-9287-3eefa0b50f1b@group-0F1A09AA3450-SegmentedRaftLogWorker: created new log segment /home/runner/work/ozone/ozone/hadoop-ozone/integration-test/target/test-dir/MiniOzoneClusterImpl-87b6fce1-c6a6-46a6-82b1-f7f83edcbc7c/datanode-2/data/ratis/4b18a500-a533-4085-8d3e-0f1a09aa3450/current/log_inprogress_0
]]></system-out>
  </testcase>
  <testcase name="tesPutKeyResposne" classname="org.apache.hadoop.ozone.scm.TestGetCommittedBlockLengthAndPutKey" time="300.036">
    <error type="java.util.concurrent.TimeoutException"><![CDATA[java.util.concurrent.TimeoutException: tesPutKeyResposne() timed out after 300 seconds
	at org.junit.jupiter.engine.extension.TimeoutInvocation.createTimeoutException(TimeoutInvocation.java:70)
	at org.junit.jupiter.engine.extension.TimeoutInvocation.proceed(TimeoutInvocation.java:59)
	at org.junit.jupiter.engine.extension.TimeoutExtension.intercept(TimeoutExtension.java:149)
	at org.junit.jupiter.engine.extension.TimeoutExtension.interceptTestableMethod(TimeoutExtension.java:140)
	at org.junit.jupiter.engine.extension.TimeoutExtension.interceptTestMethod(TimeoutExtension.java:84)
	at org.junit.jupiter.engine.execution.ExecutableInvoker$ReflectiveInterceptorCall.lambda$ofVoidMethod$0(ExecutableInvoker.java:115)
	at org.junit.jupiter.engine.execution.ExecutableInvoker.lambda$invoke$0(ExecutableInvoker.java:105)
	at org.junit.jupiter.engine.execution.InvocationInterceptorChain$InterceptedInvocation.proceed(InvocationInterceptorChain.java:106)
	at org.junit.jupiter.engine.execution.InvocationInterceptorChain.proceed(InvocationInterceptorChain.java:64)
	at org.junit.jupiter.engine.execution.InvocationInterceptorChain.chainAndInvoke(InvocationInterceptorChain.java:45)
	at org.junit.jupiter.engine.execution.InvocationInterceptorChain.invoke(InvocationInterceptorChain.java:37)
	at org.junit.jupiter.engine.execution.ExecutableInvoker.invoke(ExecutableInvoker.java:104)
	at org.junit.jupiter.engine.execution.ExecutableInvoker.invoke(ExecutableInvoker.java:98)
	at org.junit.jupiter.engine.descriptor.TestMethodTestDescriptor.lambda$invokeTestMethod$7(TestMethodTestDescriptor.java:214)
	at org.junit.platform.engine.support.hierarchical.ThrowableCollector.execute(ThrowableCollector.java:73)
	at org.junit.jupiter.engine.descriptor.TestMethodTestDescriptor.invokeTestMethod(TestMethodTestDescriptor.java:210)
	at org.junit.jupiter.engine.descriptor.TestMethodTestDescriptor.execute(TestMethodTestDescriptor.java:135)
	at org.junit.jupiter.engine.descriptor.TestMethodTestDescriptor.execute(TestMethodTestDescriptor.java:66)
	at org.junit.platform.engine.support.hierarchical.NodeTestTask.lambda$executeRecursively$6(NodeTestTask.java:151)
	at org.junit.platform.engine.support.hierarchical.ThrowableCollector.execute(ThrowableCollector.java:73)
	at org.junit.platform.engine.support.hierarchical.NodeTestTask.lambda$executeRecursively$8(NodeTestTask.java:141)
	at org.junit.platform.engine.support.hierarchical.Node.around(Node.java:137)
	at org.junit.platform.engine.support.hierarchical.NodeTestTask.lambda$executeRecursively$9(NodeTestTask.java:139)
	at org.junit.platform.engine.support.hierarchical.ThrowableCollector.execute(ThrowableCollector.java:73)
	at org.junit.platform.engine.support.hierarchical.NodeTestTask.executeRecursively(NodeTestTask.java:138)
	at org.junit.platform.engine.support.hierarchical.NodeTestTask.execute(NodeTestTask.java:95)
	at java.util.ArrayList.forEach(ArrayList.java:1259)
	at org.junit.platform.engine.support.hierarchical.SameThreadHierarchicalTestExecutorService.invokeAll(SameThreadHierarchicalTestExecutorService.java:41)
	at org.junit.platform.engine.support.hierarchical.NodeTestTask.lambda$executeRecursively$6(NodeTestTask.java:155)
	at org.junit.platform.engine.support.hierarchical.ThrowableCollector.execute(ThrowableCollector.java:73)
	at org.junit.platform.engine.support.hierarchical.NodeTestTask.lambda$executeRecursively$8(NodeTestTask.java:141)
	at org.junit.platform.engine.support.hierarchical.Node.around(Node.java:137)
	at org.junit.platform.engine.support.hierarchical.NodeTestTask.lambda$executeRecursively$9(NodeTestTask.java:139)
	at org.junit.platform.engine.support.hierarchical.ThrowableCollector.execute(ThrowableCollector.java:73)
	at org.junit.platform.engine.support.hierarchical.NodeTestTask.executeRecursively(NodeTestTask.java:138)
	at org.junit.platform.engine.support.hierarchical.NodeTestTask.execute(NodeTestTask.java:95)
	at java.util.ArrayList.forEach(ArrayList.java:1259)
	at org.junit.platform.engine.support.hierarchical.SameThreadHierarchicalTestExecutorService.invokeAll(SameThreadHierarchicalTestExecutorService.java:41)
	at org.junit.platform.engine.support.hierarchical.NodeTestTask.lambda$executeRecursively$6(NodeTestTask.java:155)
	at org.junit.platform.engine.support.hierarchical.ThrowableCollector.execute(ThrowableCollector.java:73)
	at org.junit.platform.engine.support.hierarchical.NodeTestTask.lambda$executeRecursively$8(NodeTestTask.java:141)
	at org.junit.platform.engine.support.hierarchical.Node.around(Node.java:137)
	at org.junit.platform.engine.support.hierarchical.NodeTestTask.lambda$executeRecursively$9(NodeTestTask.java:139)
	at org.junit.platform.engine.support.hierarchical.ThrowableCollector.execute(ThrowableCollector.java:73)
	at org.junit.platform.engine.support.hierarchical.NodeTestTask.executeRecursively(NodeTestTask.java:138)
	at org.junit.platform.engine.support.hierarchical.NodeTestTask.execute(NodeTestTask.java:95)
	at org.junit.platform.engine.support.hierarchical.SameThreadHierarchicalTestExecutorService.submit(SameThreadHierarchicalTestExecutorService.java:35)
	at org.junit.platform.engine.support.hierarchical.HierarchicalTestExecutor.execute(HierarchicalTestExecutor.java:57)
	at org.junit.platform.engine.support.hierarchical.HierarchicalTestEngine.execute(HierarchicalTestEngine.java:54)
	at org.junit.platform.launcher.core.EngineExecutionOrchestrator.execute(EngineExecutionOrchestrator.java:107)
	at org.junit.platform.launcher.core.EngineExecutionOrchestrator.execute(EngineExecutionOrchestrator.java:88)
	at org.junit.platform.launcher.core.EngineExecutionOrchestrator.lambda$execute$0(EngineExecutionOrchestrator.java:54)
	at org.junit.platform.launcher.core.EngineExecutionOrchestrator.withInterceptedStreams(EngineExecutionOrchestrator.java:67)
	at org.junit.platform.launcher.core.EngineExecutionOrchestrator.execute(EngineExecutionOrchestrator.java:52)
	at org.junit.platform.launcher.core.DefaultLauncher.execute(DefaultLauncher.java:114)
	at org.junit.platform.launcher.core.DefaultLauncher.execute(DefaultLauncher.java:86)
	at org.junit.platform.launcher.core.DefaultLauncherSession$DelegatingLauncher.execute(DefaultLauncherSession.java:86)
	at org.junit.platform.launcher.core.SessionPerRequestLauncher.execute(SessionPerRequestLauncher.java:53)
	at org.apache.maven.surefire.junitplatform.JUnitPlatformProvider.execute(JUnitPlatformProvider.java:188)
	at org.apache.maven.surefire.junitplatform.JUnitPlatformProvider.invokeAllTests(JUnitPlatformProvider.java:154)
	at org.apache.maven.surefire.junitplatform.JUnitPlatformProvider.invoke(JUnitPlatformProvider.java:124)
	at org.apache.maven.surefire.booter.ForkedBooter.runSuitesInProcess(ForkedBooter.java:428)
	at org.apache.maven.surefire.booter.ForkedBooter.execute(ForkedBooter.java:162)
	at org.apache.maven.surefire.booter.ForkedBooter.run(ForkedBooter.java:562)
	at org.apache.maven.surefire.booter.ForkedBooter.main(ForkedBooter.java:548)
	Suppressed: java.io.IOException: Failed to execute command cmdType: WriteChunk
containerID: 3
datanodeUuid: "0c3903ae-4b96-4c44-85fb-f5bdd10725bb"
writeChunk {
  blockID {
    containerID: 3
    localID: 110794289010049027
    blockCommitSequenceId: 0
  }
  chunkData {
    chunkName: "110794289010049027.data.0"
    offset: 0
    len: 0
    checksumData {
      type: CRC32
      bytesPerChecksum: 1048576
    }
  }
  data: "<redacted>"
}

		at org.apache.hadoop.hdds.scm.XceiverClientSpi.getIOExceptionForSendCommand(XceiverClientSpi.java:162)
		at org.apache.hadoop.hdds.scm.XceiverClientSpi.sendCommand(XceiverClientSpi.java:125)
		at org.apache.hadoop.ozone.scm.TestGetCommittedBlockLengthAndPutKey.tesPutKeyResposne(TestGetCommittedBlockLengthAndPutKey.java:162)
		at sun.reflect.NativeMethodAccessorImpl.invoke0(Native Method)
		at sun.reflect.NativeMethodAccessorImpl.invoke(NativeMethodAccessorImpl.java:62)
		at sun.reflect.DelegatingMethodAccessorImpl.invoke(DelegatingMethodAccessorImpl.java:43)
		at java.lang.reflect.Method.invoke(Method.java:498)
		at org.junit.platform.commons.util.ReflectionUtils.invokeMethod(ReflectionUtils.java:725)
		at org.junit.jupiter.engine.execution.MethodInvocation.proceed(MethodInvocation.java:60)
		at org.junit.jupiter.engine.execution.InvocationInterceptorChain$ValidatingInvocation.proceed(InvocationInterceptorChain.java:131)
		at org.junit.jupiter.engine.extension.TimeoutInvocation.proceed(TimeoutInvocation.java:46)
		... 63 more
	Caused by: java.lang.InterruptedException
		at java.util.concurrent.CompletableFuture.reportGet(CompletableFuture.java:347)
		at java.util.concurrent.CompletableFuture.get(CompletableFuture.java:1908)
		at org.apache.hadoop.hdds.scm.XceiverClientSpi.sendCommand(XceiverClientSpi.java:121)
		... 72 more
]]></error>
    <system-out><![CDATA[2023-07-28 23:25:33,640 [BlockDeletingService#0] INFO  interfaces.ContainerDeletionChoosingPolicyTemplate (ContainerDeletionChoosingPolicyTemplate.java:chooseContainerForBlockDeletion(83)) - Chosen 0/5000 blocks from 0 candidate containers.
2023-07-28 23:25:34,108 [BlockDeletingService#0] INFO  interfaces.ContainerDeletionChoosingPolicyTemplate (ContainerDeletionChoosingPolicyTemplate.java:chooseContainerForBlockDeletion(83)) - Chosen 0/5000 blocks from 0 candidate containers.
2023-07-28 23:25:34,442 [BlockDeletingService#0] INFO  interfaces.ContainerDeletionChoosingPolicyTemplate (ContainerDeletionChoosingPolicyTemplate.java:chooseContainerForBlockDeletion(83)) - Chosen 0/5000 blocks from 0 candidate containers.
2023-07-28 23:26:33,641 [BlockDeletingService#1] INFO  interfaces.ContainerDeletionChoosingPolicyTemplate (ContainerDeletionChoosingPolicyTemplate.java:chooseContainerForBlockDeletion(83)) - Chosen 0/5000 blocks from 0 candidate containers.
2023-07-28 23:26:34,109 [BlockDeletingService#1] INFO  interfaces.ContainerDeletionChoosingPolicyTemplate (ContainerDeletionChoosingPolicyTemplate.java:chooseContainerForBlockDeletion(83)) - Chosen 0/5000 blocks from 0 candidate containers.
2023-07-28 23:26:34,443 [BlockDeletingService#1] INFO  interfaces.ContainerDeletionChoosingPolicyTemplate (ContainerDeletionChoosingPolicyTemplate.java:chooseContainerForBlockDeletion(83)) - Chosen 0/5000 blocks from 0 candidate containers.
2023-07-28 23:26:36,371 [RatisPipelineUtilsThread - 0] WARN  pipeline.PipelinePlacementPolicy (PipelinePlacementPolicy.java:filterViableNodes(166)) - Pipeline creation failed due to no sufficient healthy datanodes. Required 3. Found 0. Excluded 3.
2023-07-28 23:27:33,642 [BlockDeletingService#0] INFO  interfaces.ContainerDeletionChoosingPolicyTemplate (ContainerDeletionChoosingPolicyTemplate.java:chooseContainerForBlockDeletion(83)) - Chosen 0/5000 blocks from 0 candidate containers.
2023-07-28 23:27:34,109 [BlockDeletingService#0] INFO  interfaces.ContainerDeletionChoosingPolicyTemplate (ContainerDeletionChoosingPolicyTemplate.java:chooseContainerForBlockDeletion(83)) - Chosen 0/5000 blocks from 0 candidate containers.
2023-07-28 23:27:34,443 [BlockDeletingService#0] INFO  interfaces.ContainerDeletionChoosingPolicyTemplate (ContainerDeletionChoosingPolicyTemplate.java:chooseContainerForBlockDeletion(83)) - Chosen 0/5000 blocks from 0 candidate containers.
2023-07-28 23:28:33,642 [BlockDeletingService#2] INFO  interfaces.ContainerDeletionChoosingPolicyTemplate (ContainerDeletionChoosingPolicyTemplate.java:chooseContainerForBlockDeletion(83)) - Chosen 0/5000 blocks from 0 candidate containers.
2023-07-28 23:28:34,110 [BlockDeletingService#2] INFO  interfaces.ContainerDeletionChoosingPolicyTemplate (ContainerDeletionChoosingPolicyTemplate.java:chooseContainerForBlockDeletion(83)) - Chosen 0/5000 blocks from 0 candidate containers.
2023-07-28 23:28:34,444 [BlockDeletingService#2] INFO  interfaces.ContainerDeletionChoosingPolicyTemplate (ContainerDeletionChoosingPolicyTemplate.java:chooseContainerForBlockDeletion(83)) - Chosen 0/5000 blocks from 0 candidate containers.
2023-07-28 23:28:36,373 [RatisPipelineUtilsThread - 0] WARN  pipeline.PipelinePlacementPolicy (PipelinePlacementPolicy.java:filterViableNodes(166)) - Pipeline creation failed due to no sufficient healthy datanodes. Required 3. Found 0. Excluded 3.
2023-07-28 23:29:24,668 [EventQueue-CloseContainerForCloseContainerEventHandler] INFO  container.CloseContainerEventHandler (CloseContainerEventHandler.java:onMessage(88)) - Close container Event triggered for container : #1, current state: OPEN
2023-07-28 23:29:24,670 [ReplicationMonitor] INFO  replication.ReplicationManager (ReplicationManager.java:processAll(389)) - Replication Monitor Thread took 9 milliseconds for processing 3 containers.
2023-07-28 23:29:33,644 [BlockDeletingService#1] INFO  interfaces.ContainerDeletionChoosingPolicyTemplate (ContainerDeletionChoosingPolicyTemplate.java:chooseContainerForBlockDeletion(83)) - Chosen 0/5000 blocks from 0 candidate containers.
2023-07-28 23:29:34,110 [BlockDeletingService#1] INFO  interfaces.ContainerDeletionChoosingPolicyTemplate (ContainerDeletionChoosingPolicyTemplate.java:chooseContainerForBlockDeletion(83)) - Chosen 0/5000 blocks from 0 candidate containers.
2023-07-28 23:29:34,445 [BlockDeletingService#1] INFO  interfaces.ContainerDeletionChoosingPolicyTemplate (ContainerDeletionChoosingPolicyTemplate.java:chooseContainerForBlockDeletion(83)) - Chosen 0/5000 blocks from 0 candidate containers.
]]></system-out>
  </testcase>
</testsuite>