<?xml version="1.0" encoding="UTF-8"?>
<testsuite xmlns:xsi="http://www.w3.org/2001/XMLSchema-instance" xsi:noNamespaceSchemaLocation="https://maven.apache.org/surefire/maven-surefire-plugin/xsd/surefire-test-report.xsd" name="org.apache.hadoop.ozone.client.rpc.TestFailureHandlingByClient" time="273.195" tests="5" errors="0" skipped="1" failures="1">
  <properties>
    <property name="awt.toolkit" value="sun.awt.X11.XToolkit"/>
    <property name="file.encoding.pkg" value="sun.io"/>
    <property name="java.specification.version" value="1.8"/>
    <property name="sun.cpu.isalist" value=""/>
    <property name="sun.jnu.encoding" value="ANSI_X3.4-1968"/>
    <property name="java.class.path" value="/github/workspace/mnt/ozone/hadoop-ozone/integration-test/target/test-classes:/github/workspace/mnt/ozone/hadoop-ozone/integration-test/target/classes:/home/user/.m2/repository/org/apache/hadoop/hadoop-ozone-common/1.1.0-SNAPSHOT/hadoop-ozone-common-1.1.0-SNAPSHOT.jar:/home/user/.m2/repository/org/apache/commons/commons-compress/1.4.1/commons-compress-1.4.1.jar:/home/user/.m2/repository/org/tukaani/xz/1.0/xz-1.0.jar:/home/user/.m2/repository/org/apache/hadoop/hadoop-hdds-common/1.1.0-SNAPSHOT/hadoop-hdds-common-1.1.0-SNAPSHOT.jar:/home/user/.m2/repository/org/apache/hadoop/hadoop-hdds-client/1.1.0-SNAPSHOT/hadoop-hdds-client-1.1.0-SNAPSHOT.jar:/home/user/.m2/repository/org/apache/hadoop/hadoop-ozone-interface-client/1.1.0-SNAPSHOT/hadoop-ozone-interface-client-1.1.0-SNAPSHOT.jar:/home/user/.m2/repository/org/apache/hadoop/hadoop-hdds-test-utils/1.1.0-SNAPSHOT/hadoop-hdds-test-utils-1.1.0-SNAPSHOT.jar:/home/user/.m2/repository/com/google/guava/guava/28.2-jre/guava-28.2-jre.jar:/home/user/.m2/repository/com/google/guava/failureaccess/1.0.1/failureaccess-1.0.1.jar:/home/user/.m2/repository/com/google/guava/listenablefuture/9999.0-empty-to-avoid-conflict-with-guava/listenablefuture-9999.0-empty-to-avoid-conflict-with-guava.jar:/home/user/.m2/repository/com/google/code/findbugs/jsr305/3.0.0/jsr305-3.0.0.jar:/home/user/.m2/repository/org/checkerframework/checker-qual/2.10.0/checker-qual-2.10.0.jar:/home/user/.m2/repository/com/google/errorprone/error_prone_annotations/2.2.0/error_prone_annotations-2.2.0.jar:/home/user/.m2/repository/com/google/j2objc/j2objc-annotations/1.3/j2objc-annotations-1.3.jar:/home/user/.m2/repository/commons-io/commons-io/2.5/commons-io-2.5.jar:/home/user/.m2/repository/commons-logging/commons-logging/1.2/commons-logging-1.2.jar:/home/user/.m2/repository/log4j/log4j/1.2.17/log4j-1.2.17.jar:/home/user/.m2/repository/org/slf4j/slf4j-api/1.7.30/slf4j-api-1.7.30.jar:/home/user/.m2/repository/org/apache/hadoop/hadoop-hdds-server-scm/1.1.0-SNAPSHOT/hadoop-hdds-server-scm-1.1.0-SNAPSHOT.jar:/home/user/.m2/repository/org/apache/hadoop/hadoop-hdds-container-service/1.1.0-SNAPSHOT/hadoop-hdds-container-service-1.1.0-SNAPSHOT.jar:/home/user/.m2/repository/org/apache/hadoop/hadoop-hdds-hadoop-dependency-server/1.1.0-SNAPSHOT/hadoop-hdds-hadoop-dependency-server-1.1.0-SNAPSHOT.jar:/home/user/.m2/repository/org/apache/hadoop/hadoop-hdfs/3.2.1/hadoop-hdfs-3.2.1.jar:/home/user/.m2/repository/org/apache/hadoop/hadoop-hdds-server-framework/1.1.0-SNAPSHOT/hadoop-hdds-server-framework-1.1.0-SNAPSHOT.jar:/home/user/.m2/repository/org/apache/hadoop/hadoop-hdds-interface-server/1.1.0-SNAPSHOT/hadoop-hdds-interface-server-1.1.0-SNAPSHOT.jar:/home/user/.m2/repository/org/apache/hadoop/hadoop-hdds-interface-admin/1.1.0-SNAPSHOT/hadoop-hdds-interface-admin-1.1.0-SNAPSHOT.jar:/home/user/.m2/repository/org/eclipse/jetty/jetty-servlet/9.4.34.v20201102/jetty-servlet-9.4.34.v20201102.jar:/home/user/.m2/repository/org/eclipse/jetty/jetty-security/9.4.34.v20201102/jetty-security-9.4.34.v20201102.jar:/home/user/.m2/repository/org/rocksdb/rocksdbjni/6.8.1/rocksdbjni-6.8.1.jar:/home/user/.m2/repository/io/prometheus/simpleclient_dropwizard/0.7.0/simpleclient_dropwizard-0.7.0.jar:/home/user/.m2/repository/io/prometheus/simpleclient/0.7.0/simpleclient-0.7.0.jar:/home/user/.m2/repository/io/prometheus/simpleclient_common/0.7.0/simpleclient_common-0.7.0.jar:/home/user/.m2/repository/com/fasterxml/jackson/datatype/jackson-datatype-jsr310/2.10.3/jackson-datatype-jsr310-2.10.3.jar:/home/user/.m2/repository/io/dropwizard/metrics/metrics-core/3.2.4/metrics-core-3.2.4.jar:/home/user/.m2/repository/org/apache/hadoop/hadoop-hdfs-client/3.2.1/hadoop-hdfs-client-3.2.1.jar:/home/user/.m2/repository/org/bouncycastle/bcprov-jdk15on/1.67/bcprov-jdk15on-1.67.jar:/home/user/.m2/repository/org/apache/hadoop/hadoop-ozone-ozone-manager/1.1.0-SNAPSHOT/hadoop-ozone-ozone-manager-1.1.0-SNAPSHOT.jar:/home/user/.m2/repository/org/apache/hadoop/hadoop-hdds-interface-client/1.1.0-SNAPSHOT/hadoop-hdds-interface-client-1.1.0-SNAPSHOT.jar:/home/user/.m2/repository/org/apache/ratis/ratis-thirdparty-misc/0.6.0-SNAPSHOT/ratis-thirdparty-misc-0.6.0-SNAPSHOT.jar:/home/user/.m2/repository/org/apache/hadoop/hadoop-ozone-interface-storage/1.1.0-SNAPSHOT/hadoop-ozone-interface-storage-1.1.0-SNAPSHOT.jar:/home/user/.m2/repository/org/apache/hadoop/hadoop-minikdc/3.2.1/hadoop-minikdc-3.2.1.jar:/home/user/.m2/repository/org/apache/kerby/kerb-simplekdc/1.0.1/kerb-simplekdc-1.0.1.jar:/home/user/.m2/repository/org/apache/kerby/kerb-client/1.0.1/kerb-client-1.0.1.jar:/home/user/.m2/repository/org/apache/kerby/kerby-config/1.0.1/kerby-config-1.0.1.jar:/home/user/.m2/repository/org/apache/kerby/kerb-core/1.0.1/kerb-core-1.0.1.jar:/home/user/.m2/repository/org/apache/kerby/kerby-pkix/1.0.1/kerby-pkix-1.0.1.jar:/home/user/.m2/repository/org/apache/kerby/kerby-asn1/1.0.1/kerby-asn1-1.0.1.jar:/home/user/.m2/repository/org/apache/kerby/kerby-util/1.0.1/kerby-util-1.0.1.jar:/home/user/.m2/repository/org/apache/kerby/kerb-common/1.0.1/kerb-common-1.0.1.jar:/home/user/.m2/repository/org/apache/kerby/kerb-crypto/1.0.1/kerb-crypto-1.0.1.jar:/home/user/.m2/repository/org/apache/kerby/kerb-util/1.0.1/kerb-util-1.0.1.jar:/home/user/.m2/repository/org/apache/kerby/token-provider/1.0.1/token-provider-1.0.1.jar:/home/user/.m2/repository/org/apache/kerby/kerb-admin/1.0.1/kerb-admin-1.0.1.jar:/home/user/.m2/repository/org/apache/kerby/kerb-server/1.0.1/kerb-server-1.0.1.jar:/home/user/.m2/repository/org/apache/kerby/kerb-identity/1.0.1/kerb-identity-1.0.1.jar:/home/user/.m2/repository/org/apache/kerby/kerby-xdr/1.0.1/kerby-xdr-1.0.1.jar:/home/user/.m2/repository/org/slf4j/slf4j-log4j12/1.7.30/slf4j-log4j12-1.7.30.jar:/home/user/.m2/repository/org/apache/hadoop/hadoop-ozone-s3gateway/1.1.0-SNAPSHOT/hadoop-ozone-s3gateway-1.1.0-SNAPSHOT.jar:/home/user/.m2/repository/org/jboss/weld/servlet/weld-servlet/2.4.7.Final/weld-servlet-2.4.7.Final.jar:/home/user/.m2/repository/org/glassfish/jersey/containers/jersey-container-servlet-core/2.27/jersey-container-servlet-core-2.27.jar:/home/user/.m2/repository/org/glassfish/hk2/external/javax.inject/2.5.0-b42/javax.inject-2.5.0-b42.jar:/home/user/.m2/repository/org/glassfish/jersey/core/jersey-common/2.27/jersey-common-2.27.jar:/home/user/.m2/repository/org/glassfish/hk2/osgi-resource-locator/1.0.1/osgi-resource-locator-1.0.1.jar:/home/user/.m2/repository/javax/ws/rs/javax.ws.rs-api/2.1/javax.ws.rs-api-2.1.jar:/home/user/.m2/repository/org/glassfish/jersey/ext/cdi/jersey-cdi1x/2.27/jersey-cdi1x-2.27.jar:/home/user/.m2/repository/org/glassfish/jersey/inject/jersey-hk2/2.27/jersey-hk2-2.27.jar:/home/user/.m2/repository/org/glassfish/hk2/hk2-locator/2.5.0-b42/hk2-locator-2.5.0-b42.jar:/home/user/.m2/repository/org/javassist/javassist/3.22.0-CR2/javassist-3.22.0-CR2.jar:/home/user/.m2/repository/org/glassfish/hk2/hk2-api/2.5.0/hk2-api-2.5.0.jar:/home/user/.m2/repository/org/glassfish/hk2/external/jakarta.inject/2.5.0/jakarta.inject-2.5.0.jar:/home/user/.m2/repository/org/glassfish/hk2/hk2-utils/2.5.0/hk2-utils-2.5.0.jar:/home/user/.m2/repository/jakarta/annotation/jakarta.annotation-api/1.3.4/jakarta.annotation-api-1.3.4.jar:/home/user/.m2/repository/org/glassfish/hk2/external/aopalliance-repackaged/2.5.0/aopalliance-repackaged-2.5.0.jar:/home/user/.m2/repository/com/fasterxml/jackson/dataformat/jackson-dataformat-xml/2.10.3/jackson-dataformat-xml-2.10.3.jar:/home/user/.m2/repository/com/fasterxml/jackson/core/jackson-core/2.10.3/jackson-core-2.10.3.jar:/home/user/.m2/repository/com/fasterxml/jackson/module/jackson-module-jaxb-annotations/2.10.3/jackson-module-jaxb-annotations-2.10.3.jar:/home/user/.m2/repository/jakarta/xml/bind/jakarta.xml.bind-api/2.3.2/jakarta.xml.bind-api-2.3.2.jar:/home/user/.m2/repository/jakarta/activation/jakarta.activation-api/1.2.1/jakarta.activation-api-1.2.1.jar:/home/user/.m2/repository/org/codehaus/woodstox/stax2-api/3.1.4/stax2-api-3.1.4.jar:/home/user/.m2/repository/com/fasterxml/woodstox/woodstox-core/5.0.3/woodstox-core-5.0.3.jar:/home/user/.m2/repository/javax/enterprise/cdi-api/1.2/cdi-api-1.2.jar:/home/user/.m2/repository/javax/el/javax.el-api/3.0.0/javax.el-api-3.0.0.jar:/home/user/.m2/repository/javax/interceptor/javax.interceptor-api/1.2/javax.interceptor-api-1.2.jar:/home/user/.m2/repository/javax/inject/javax.inject/1/javax.inject-1.jar:/home/user/.m2/repository/com/sun/xml/bind/jaxb-impl/2.3.0.1/jaxb-impl-2.3.0.1.jar:/home/user/.m2/repository/com/sun/xml/bind/jaxb-core/2.3.0.1/jaxb-core-2.3.0.1.jar:/home/user/.m2/repository/javax/xml/bind/jaxb-api/2.3.0/jaxb-api-2.3.0.jar:/home/user/.m2/repository/javax/activation/activation/1.1.1/activation-1.1.1.jar:/home/user/.m2/repository/org/apache/hadoop/hadoop-ozone-csi/1.1.0-SNAPSHOT/hadoop-ozone-csi-1.1.0-SNAPSHOT.jar:/home/user/.m2/repository/com/google/protobuf/protobuf-java-util/3.11.0/protobuf-java-util-3.11.0.jar:/home/user/.m2/repository/com/google/code/gson/gson/2.2.4/gson-2.2.4.jar:/home/user/.m2/repository/org/apache/hadoop/hadoop-hdds-config/1.1.0-SNAPSHOT/hadoop-hdds-config-1.1.0-SNAPSHOT.jar:/home/user/.m2/repository/com/google/protobuf/protobuf-java/2.5.0/protobuf-java-2.5.0.jar:/home/user/.m2/repository/io/grpc/grpc-netty/1.29.0/grpc-netty-1.29.0.jar:/home/user/.m2/repository/io/grpc/grpc-core/1.29.0/grpc-core-1.29.0.jar:/home/user/.m2/repository/com/google/android/annotations/4.1.1.4/annotations-4.1.1.4.jar:/home/user/.m2/repository/io/perfmark/perfmark-api/0.19.0/perfmark-api-0.19.0.jar:/home/user/.m2/repository/io/netty/netty-codec-http2/4.1.48.Final/netty-codec-http2-4.1.48.Final.jar:/home/user/.m2/repository/io/netty/netty-codec/4.1.48.Final/netty-codec-4.1.48.Final.jar:/home/user/.m2/repository/io/netty/netty-handler/4.1.48.Final/netty-handler-4.1.48.Final.jar:/home/user/.m2/repository/io/netty/netty-codec-http/4.1.48.Final/netty-codec-http-4.1.48.Final.jar:/home/user/.m2/repository/io/netty/netty-handler-proxy/4.1.48.Final/netty-handler-proxy-4.1.48.Final.jar:/home/user/.m2/repository/io/netty/netty-codec-socks/4.1.48.Final/netty-codec-socks-4.1.48.Final.jar:/home/user/.m2/repository/io/netty/netty-transport-native-epoll/4.1.48.Final/netty-transport-native-epoll-4.1.48.Final.jar:/home/user/.m2/repository/io/netty/netty-common/4.1.48.Final/netty-common-4.1.48.Final.jar:/home/user/.m2/repository/io/netty/netty-buffer/4.1.48.Final/netty-buffer-4.1.48.Final.jar:/home/user/.m2/repository/io/netty/netty-transport/4.1.48.Final/netty-transport-4.1.48.Final.jar:/home/user/.m2/repository/io/netty/netty-resolver/4.1.48.Final/netty-resolver-4.1.48.Final.jar:/home/user/.m2/repository/io/netty/netty-transport-native-unix-common/4.1.48.Final/netty-transport-native-unix-common-4.1.48.Final.jar:/home/user/.m2/repository/io/grpc/grpc-protobuf/1.29.0/grpc-protobuf-1.29.0.jar:/home/user/.m2/repository/io/grpc/grpc-api/1.29.0/grpc-api-1.29.0.jar:/home/user/.m2/repository/io/grpc/grpc-context/1.29.0/grpc-context-1.29.0.jar:/home/user/.m2/repository/org/codehaus/mojo/animal-sniffer-annotations/1.18/animal-sniffer-annotations-1.18.jar:/home/user/.m2/repository/com/google/api/grpc/proto-google-common-protos/1.17.0/proto-google-common-protos-1.17.0.jar:/home/user/.m2/repository/io/grpc/grpc-protobuf-lite/1.29.0/grpc-protobuf-lite-1.29.0.jar:/home/user/.m2/repository/io/grpc/grpc-stub/1.29.0/grpc-stub-1.29.0.jar:/home/user/.m2/repository/org/apache/hadoop/hadoop-ozone-recon/1.1.0-SNAPSHOT/hadoop-ozone-recon-1.1.0-SNAPSHOT.jar:/home/user/.m2/repository/org/apache/hadoop/hadoop-ozone-reconcodegen/1.1.0-SNAPSHOT/hadoop-ozone-reconcodegen-1.1.0-SNAPSHOT.jar:/home/user/.m2/repository/com/google/inject/extensions/guice-multibindings/4.0/guice-multibindings-4.0.jar:/home/user/.m2/repository/com/google/inject/guice/4.0/guice-4.0.jar:/home/user/.m2/repository/aopalliance/aopalliance/1.0/aopalliance-1.0.jar:/home/user/.m2/repository/com/google/inject/extensions/guice-assistedinject/4.0/guice-assistedinject-4.0.jar:/home/user/.m2/repository/com/google/inject/extensions/guice-servlet/4.0/guice-servlet-4.0.jar:/home/user/.m2/repository/org/glassfish/jersey/containers/jersey-container-servlet/2.27/jersey-container-servlet-2.27.jar:/home/user/.m2/repository/org/glassfish/hk2/guice-bridge/2.5.0/guice-bridge-2.5.0.jar:/home/user/.m2/repository/org/glassfish/jersey/core/jersey-server/2.27/jersey-server-2.27.jar:/home/user/.m2/repository/org/glassfish/jersey/core/jersey-client/2.27/jersey-client-2.27.jar:/home/user/.m2/repository/org/glassfish/jersey/media/jersey-media-jaxb/2.27/jersey-media-jaxb-2.27.jar:/home/user/.m2/repository/javax/validation/validation-api/1.1.0.Final/validation-api-1.1.0.Final.jar:/home/user/.m2/repository/org/glassfish/jersey/media/jersey-media-json-jackson/2.27/jersey-media-json-jackson-2.27.jar:/home/user/.m2/repository/org/glassfish/jersey/ext/jersey-entity-filtering/2.27/jersey-entity-filtering-2.27.jar:/home/user/.m2/repository/org/jooq/jooq/3.11.10/jooq-3.11.10.jar:/home/user/.m2/repository/org/jooq/jooq-meta/3.11.10/jooq-meta-3.11.10.jar:/home/user/.m2/repository/org/jooq/jooq-codegen/3.11.10/jooq-codegen-3.11.10.jar:/home/user/.m2/repository/com/jolbox/bonecp/0.8.0.RELEASE/bonecp-0.8.0.RELEASE.jar:/home/user/.m2/repository/org/apache/derby/derby/10.14.2.0/derby-10.14.2.0.jar:/home/user/.m2/repository/org/xerial/sqlite-jdbc/3.25.2/sqlite-jdbc-3.25.2.jar:/home/user/.m2/repository/org/springframework/spring-jdbc/5.2.11.RELEASE/spring-jdbc-5.2.11.RELEASE.jar:/home/user/.m2/repository/org/springframework/spring-beans/5.2.11.RELEASE/spring-beans-5.2.11.RELEASE.jar:/home/user/.m2/repository/org/springframework/spring-core/5.2.11.RELEASE/spring-core-5.2.11.RELEASE.jar:/home/user/.m2/repository/org/springframework/spring-jcl/5.2.11.RELEASE/spring-jcl-5.2.11.RELEASE.jar:/home/user/.m2/repository/org/springframework/spring-tx/5.2.11.RELEASE/spring-tx-5.2.11.RELEASE.jar:/home/user/.m2/repository/org/apache/hadoop/hadoop-ozone-client/1.1.0-SNAPSHOT/hadoop-ozone-client-1.1.0-SNAPSHOT.jar:/home/user/.m2/repository/org/apache/hadoop/hadoop-ozone-filesystem/1.1.0-SNAPSHOT/hadoop-ozone-filesystem-1.1.0-SNAPSHOT.jar:/home/user/.m2/repository/org/apache/hadoop/hadoop-ozone-filesystem-common/1.1.0-SNAPSHOT/hadoop-ozone-filesystem-common-1.1.0-SNAPSHOT.jar:/home/user/.m2/repository/org/apache/hadoop/hadoop-ozone-tools/1.1.0-SNAPSHOT/hadoop-ozone-tools-1.1.0-SNAPSHOT.jar:/home/user/.m2/repository/org/apache/ratis/ratis-tools/1.1.0-913f5a4-SNAPSHOT/ratis-tools-1.1.0-913f5a4-SNAPSHOT.jar:/home/user/.m2/repository/org/apache/ratis/ratis-proto/1.1.0-913f5a4-SNAPSHOT/ratis-proto-1.1.0-913f5a4-SNAPSHOT.jar:/home/user/.m2/repository/org/apache/ratis/ratis-common/1.1.0-913f5a4-SNAPSHOT/ratis-common-1.1.0-913f5a4-SNAPSHOT.jar:/home/user/.m2/repository/com/amazonaws/aws-java-sdk-core/1.11.901/aws-java-sdk-core-1.11.901.jar:/home/user/.m2/repository/org/apache/httpcomponents/httpclient/4.5.13/httpclient-4.5.13.jar:/home/user/.m2/repository/org/apache/httpcomponents/httpcore/4.4.13/httpcore-4.4.13.jar:/home/user/.m2/repository/software/amazon/ion/ion-java/1.0.2/ion-java-1.0.2.jar:/home/user/.m2/repository/com/fasterxml/jackson/dataformat/jackson-dataformat-cbor/2.10.3/jackson-dataformat-cbor-2.10.3.jar:/home/user/.m2/repository/joda-time/joda-time/2.8.1/joda-time-2.8.1.jar:/home/user/.m2/repository/com/amazonaws/aws-java-sdk-s3/1.11.901/aws-java-sdk-s3-1.11.901.jar:/home/user/.m2/repository/com/amazonaws/aws-java-sdk-kms/1.11.901/aws-java-sdk-kms-1.11.901.jar:/home/user/.m2/repository/com/amazonaws/jmespath-java/1.11.901/jmespath-java-1.11.901.jar:/home/user/.m2/repository/org/kohsuke/metainf-services/metainf-services/1.8/metainf-services-1.8.jar:/home/user/.m2/repository/org/apache/hadoop/hadoop-hdds-tools/1.1.0-SNAPSHOT/hadoop-hdds-tools-1.1.0-SNAPSHOT.jar:/home/user/.m2/repository/commons-cli/commons-cli/1.2/commons-cli-1.2.jar:/home/user/.m2/repository/org/apache/commons/commons-lang3/3.7/commons-lang3-3.7.jar:/home/user/.m2/repository/org/apache/hadoop/hadoop-ozone-ozone-manager/1.1.0-SNAPSHOT/hadoop-ozone-ozone-manager-1.1.0-SNAPSHOT-tests.jar:/home/user/.m2/repository/org/apache/hadoop/hadoop-hdds-common/1.1.0-SNAPSHOT/hadoop-hdds-common-1.1.0-SNAPSHOT-tests.jar:/home/user/.m2/repository/org/apache/hadoop/hadoop-hdds-hadoop-dependency-client/1.1.0-SNAPSHOT/hadoop-hdds-hadoop-dependency-client-1.1.0-SNAPSHOT.jar:/home/user/.m2/repository/info/picocli/picocli/4.4.0/picocli-4.4.0.jar:/home/user/.m2/repository/com/fasterxml/jackson/core/jackson-annotations/2.10.3/jackson-annotations-2.10.3.jar:/home/user/.m2/repository/javax/annotation/javax.annotation-api/1.2/javax.annotation-api-1.2.jar:/home/user/.m2/repository/org/fusesource/leveldbjni/leveldbjni-all/1.8/leveldbjni-all-1.8.jar:/home/user/.m2/repository/org/apache/ratis/ratis-server/1.1.0-913f5a4-SNAPSHOT/ratis-server-1.1.0-913f5a4-SNAPSHOT.jar:/home/user/.m2/repository/org/apache/ratis/ratis-client/1.1.0-913f5a4-SNAPSHOT/ratis-client-1.1.0-913f5a4-SNAPSHOT.jar:/home/user/.m2/repository/org/apache/ratis/ratis-metrics/1.1.0-913f5a4-SNAPSHOT/ratis-metrics-1.1.0-913f5a4-SNAPSHOT.jar:/home/user/.m2/repository/org/apache/ratis/ratis-netty/1.1.0-913f5a4-SNAPSHOT/ratis-netty-1.1.0-913f5a4-SNAPSHOT.jar:/home/user/.m2/repository/org/apache/ratis/ratis-grpc/1.1.0-913f5a4-SNAPSHOT/ratis-grpc-1.1.0-913f5a4-SNAPSHOT.jar:/home/user/.m2/repository/org/apache/logging/log4j/log4j-api/2.13.3/log4j-api-2.13.3.jar:/home/user/.m2/repository/org/apache/logging/log4j/log4j-core/2.13.3/log4j-core-2.13.3.jar:/home/user/.m2/repository/com/lmax/disruptor/3.4.2/disruptor-3.4.2.jar:/home/user/.m2/repository/org/apache/commons/commons-pool2/2.6.0/commons-pool2-2.6.0.jar:/home/user/.m2/repository/org/bouncycastle/bcpkix-jdk15on/1.67/bcpkix-jdk15on-1.67.jar:/home/user/.m2/repository/commons-validator/commons-validator/1.6/commons-validator-1.6.jar:/home/user/.m2/repository/commons-beanutils/commons-beanutils/1.9.4/commons-beanutils-1.9.4.jar:/home/user/.m2/repository/commons-digester/commons-digester/1.8.1/commons-digester-1.8.1.jar:/home/user/.m2/repository/commons-collections/commons-collections/3.2.2/commons-collections-3.2.2.jar:/home/user/.m2/repository/io/jaegertracing/jaeger-client/1.2.0/jaeger-client-1.2.0.jar:/home/user/.m2/repository/io/jaegertracing/jaeger-thrift/1.2.0/jaeger-thrift-1.2.0.jar:/home/user/.m2/repository/org/apache/thrift/libthrift/0.13.0/libthrift-0.13.0.jar:/home/user/.m2/repository/com/squareup/okhttp3/okhttp/4.2.2/okhttp-4.2.2.jar:/home/user/.m2/repository/com/squareup/okio/okio/2.2.2/okio-2.2.2.jar:/home/user/.m2/repository/org/jetbrains/kotlin/kotlin-stdlib/1.3.50/kotlin-stdlib-1.3.50.jar:/home/user/.m2/repository/org/jetbrains/kotlin/kotlin-stdlib-common/1.3.50/kotlin-stdlib-common-1.3.50.jar:/home/user/.m2/repository/org/jetbrains/annotations/13.0/annotations-13.0.jar:/home/user/.m2/repository/io/jaegertracing/jaeger-core/1.2.0/jaeger-core-1.2.0.jar:/home/user/.m2/repository/io/jaegertracing/jaeger-tracerresolver/1.2.0/jaeger-tracerresolver-1.2.0.jar:/home/user/.m2/repository/io/opentracing/contrib/opentracing-tracerresolver/0.1.8/opentracing-tracerresolver-0.1.8.jar:/home/user/.m2/repository/io/opentracing/opentracing-util/0.33.0/opentracing-util-0.33.0.jar:/home/user/.m2/repository/io/opentracing/opentracing-api/0.33.0/opentracing-api-0.33.0.jar:/home/user/.m2/repository/io/opentracing/opentracing-noop/0.33.0/opentracing-noop-0.33.0.jar:/home/user/.m2/repository/org/yaml/snakeyaml/1.26/snakeyaml-1.26.jar:/home/user/.m2/repository/junit/junit/4.11/junit-4.11.jar:/home/user/.m2/repository/org/hamcrest/hamcrest-core/1.3/hamcrest-core-1.3.jar:/home/user/.m2/repository/org/openjdk/jmh/jmh-core/1.19/jmh-core-1.19.jar:/home/user/.m2/repository/net/sf/jopt-simple/jopt-simple/4.6/jopt-simple-4.6.jar:/home/user/.m2/repository/org/apache/commons/commons-math3/3.1.1/commons-math3-3.1.1.jar:/home/user/.m2/repository/org/openjdk/jmh/jmh-generator-annprocess/1.19/jmh-generator-annprocess-1.19.jar:/home/user/.m2/repository/org/mockito/mockito-all/1.8.5/mockito-all-1.8.5.jar:/home/user/.m2/repository/org/apache/hadoop/hadoop-kms/3.2.1/hadoop-kms-3.2.1.jar:/home/user/.m2/repository/org/apache/hadoop/hadoop-auth/3.2.1/hadoop-auth-3.2.1.jar:/home/user/.m2/repository/com/nimbusds/nimbus-jose-jwt/7.9/nimbus-jose-jwt-7.9.jar:/home/user/.m2/repository/com/github/stephenc/jcip/jcip-annotations/1.0-1/jcip-annotations-1.0-1.jar:/home/user/.m2/repository/net/minidev/json-smart/2.3/json-smart-2.3.jar:/home/user/.m2/repository/net/minidev/accessors-smart/1.2/accessors-smart-1.2.jar:/home/user/.m2/repository/org/ow2/asm/asm/5.0.4/asm-5.0.4.jar:/home/user/.m2/repository/org/apache/zookeeper/zookeeper/3.4.13/zookeeper-3.4.13.jar:/home/user/.m2/repository/org/apache/yetus/audience-annotations/0.5.0/audience-annotations-0.5.0.jar:/home/user/.m2/repository/org/apache/curator/curator-framework/2.13.0/curator-framework-2.13.0.jar:/home/user/.m2/repository/com/sun/jersey/jersey-core/1.19/jersey-core-1.19.jar:/home/user/.m2/repository/javax/ws/rs/jsr311-api/1.1.1/jsr311-api-1.1.1.jar:/home/user/.m2/repository/com/sun/jersey/jersey-server/1.19/jersey-server-1.19.jar:/home/user/.m2/repository/javax/servlet/javax.servlet-api/3.1.0/javax.servlet-api-3.1.0.jar:/home/user/.m2/repository/org/eclipse/jetty/jetty-server/9.4.34.v20201102/jetty-server-9.4.34.v20201102.jar:/home/user/.m2/repository/org/eclipse/jetty/jetty-http/9.4.34.v20201102/jetty-http-9.4.34.v20201102.jar:/home/user/.m2/repository/org/eclipse/jetty/jetty-io/9.4.34.v20201102/jetty-io-9.4.34.v20201102.jar:/home/user/.m2/repository/org/eclipse/jetty/jetty-webapp/9.4.34.v20201102/jetty-webapp-9.4.34.v20201102.jar:/home/user/.m2/repository/org/eclipse/jetty/jetty-xml/9.4.34.v20201102/jetty-xml-9.4.34.v20201102.jar:/home/user/.m2/repository/org/apache/hadoop/hadoop-common/3.2.1/hadoop-common-3.2.1.jar:/home/user/.m2/repository/commons-net/commons-net/3.6/commons-net-3.6.jar:/home/user/.m2/repository/com/sun/jersey/jersey-servlet/1.19/jersey-servlet-1.19.jar:/home/user/.m2/repository/com/sun/jersey/jersey-json/1.19/jersey-json-1.19.jar:/home/user/.m2/repository/org/codehaus/jettison/jettison/1.1/jettison-1.1.jar:/home/user/.m2/repository/org/codehaus/jackson/jackson-jaxrs/1.9.2/jackson-jaxrs-1.9.2.jar:/home/user/.m2/repository/org/codehaus/jackson/jackson-xc/1.9.2/jackson-xc-1.9.2.jar:/home/user/.m2/repository/org/apache/commons/commons-configuration2/2.1.1/commons-configuration2-2.1.1.jar:/home/user/.m2/repository/org/apache/commons/commons-text/1.4/commons-text-1.4.jar:/home/user/.m2/repository/com/google/re2j/re2j/1.1/re2j-1.1.jar:/home/user/.m2/repository/com/jcraft/jsch/0.1.54/jsch-0.1.54.jar:/home/user/.m2/repository/org/apache/curator/curator-client/2.13.0/curator-client-2.13.0.jar:/home/user/.m2/repository/org/apache/curator/curator-recipes/2.13.0/curator-recipes-2.13.0.jar:/home/user/.m2/repository/dnsjava/dnsjava/2.1.7/dnsjava-2.1.7.jar:/home/user/.m2/repository/org/slf4j/jul-to-slf4j/1.7.30/jul-to-slf4j-1.7.30.jar:/home/user/.m2/repository/org/eclipse/jetty/jetty-util/9.4.34.v20201102/jetty-util-9.4.34.v20201102.jar:/home/user/.m2/repository/com/fasterxml/jackson/core/jackson-databind/2.10.3/jackson-databind-2.10.3.jar:/home/user/.m2/repository/org/apache/hadoop/hadoop-kms/3.2.1/hadoop-kms-3.2.1-tests.jar:/home/user/.m2/repository/org/apache/hadoop/hadoop-hdds-server-scm/1.1.0-SNAPSHOT/hadoop-hdds-server-scm-1.1.0-SNAPSHOT-tests.jar:/home/user/.m2/repository/org/apache/hadoop/hadoop-hdds-container-service/1.1.0-SNAPSHOT/hadoop-hdds-container-service-1.1.0-SNAPSHOT-tests.jar:/home/user/.m2/repository/commons-codec/commons-codec/1.11/commons-codec-1.11.jar:/home/user/.m2/repository/org/apache/hadoop/hadoop-hdds-hadoop-dependency-test/1.1.0-SNAPSHOT/hadoop-hdds-hadoop-dependency-test-1.1.0-SNAPSHOT.jar:/home/user/.m2/repository/org/apache/hadoop/hadoop-common/3.2.1/hadoop-common-3.2.1-tests.jar:/home/user/.m2/repository/org/apache/hadoop/hadoop-hdfs/3.2.1/hadoop-hdfs-3.2.1-tests.jar:/home/user/.m2/repository/org/eclipse/jetty/jetty-util-ajax/9.4.34.v20201102/jetty-util-ajax-9.4.34.v20201102.jar:/home/user/.m2/repository/commons-daemon/commons-daemon/1.0.13/commons-daemon-1.0.13.jar:/home/user/.m2/repository/io/netty/netty/3.10.5.Final/netty-3.10.5.Final.jar:/home/user/.m2/repository/io/netty/netty-all/4.1.48.Final/netty-all-4.1.48.Final.jar:/home/user/.m2/repository/org/apache/htrace/htrace-core4/4.1.0-incubating/htrace-core4-4.1.0-incubating.jar:/home/user/.m2/repository/org/apache/hadoop/hadoop-distcp/3.2.1/hadoop-distcp-3.2.1.jar:/home/user/.m2/repository/org/apache/hadoop/hadoop-mapreduce-client-jobclient/3.2.1/hadoop-mapreduce-client-jobclient-3.2.1.jar:/home/user/.m2/repository/org/apache/hadoop/hadoop-mapreduce-client-common/3.2.1/hadoop-mapreduce-client-common-3.2.1.jar:/home/user/.m2/repository/org/apache/hadoop/hadoop-yarn-common/3.2.1/hadoop-yarn-common-3.2.1.jar:/home/user/.m2/repository/org/apache/hadoop/hadoop-yarn-api/3.2.1/hadoop-yarn-api-3.2.1.jar:/home/user/.m2/repository/com/sun/jersey/jersey-client/1.19/jersey-client-1.19.jar:/home/user/.m2/repository/com/sun/jersey/contribs/jersey-guice/1.19/jersey-guice-1.19.jar:/home/user/.m2/repository/com/fasterxml/jackson/jaxrs/jackson-jaxrs-json-provider/2.10.3/jackson-jaxrs-json-provider-2.10.3.jar:/home/user/.m2/repository/com/fasterxml/jackson/jaxrs/jackson-jaxrs-base/2.10.3/jackson-jaxrs-base-2.10.3.jar:/home/user/.m2/repository/org/apache/hadoop/hadoop-yarn-client/3.2.1/hadoop-yarn-client-3.2.1.jar:/home/user/.m2/repository/org/apache/hadoop/hadoop-mapreduce-client-core/3.2.1/hadoop-mapreduce-client-core-3.2.1.jar:/home/user/.m2/repository/org/apache/avro/avro/1.7.7/avro-1.7.7.jar:/home/user/.m2/repository/org/codehaus/jackson/jackson-core-asl/1.9.13/jackson-core-asl-1.9.13.jar:/home/user/.m2/repository/org/codehaus/jackson/jackson-mapper-asl/1.9.13/jackson-mapper-asl-1.9.13.jar:/home/user/.m2/repository/com/thoughtworks/paranamer/paranamer/2.3/paranamer-2.3.jar:/home/user/.m2/repository/org/xerial/snappy/snappy-java/1.0.5/snappy-java-1.0.5.jar:/home/user/.m2/repository/org/apache/hadoop/hadoop-annotations/3.2.1/hadoop-annotations-3.2.1.jar:/usr/lib/jvm/java-1.8.0-openjdk-1.8.0.232.b09-0.el7_7.x86_64/jre/../lib/tools.jar:/home/user/.m2/repository/org/apache/hadoop/hadoop-distcp/3.2.1/hadoop-distcp-3.2.1-tests.jar:"/>
    <property name="java.vm.vendor" value="Oracle Corporation"/>
    <property name="sun.arch.data.model" value="64"/>
    <property name="test.build.dir" value="/github/workspace/mnt/ozone/hadoop-ozone/integration-test/target/test-dir"/>
    <property name="test.cache.data" value=""/>
    <property name="java.vendor.url" value="http://java.oracle.com/"/>
    <property name="user.timezone" value=""/>
    <property name="java.vm.specification.version" value="1.8"/>
    <property name="os.name" value="Linux"/>
    <property name="test.build.data" value="/github/workspace/mnt/ozone/hadoop-ozone/integration-test/target/test-dir"/>
    <property name="user.country" value="US"/>
    <property name="sun.java.launcher" value="SUN_STANDARD"/>
    <property name="sun.boot.library.path" value="/usr/lib/jvm/java-1.8.0-openjdk-1.8.0.232.b09-0.el7_7.x86_64/jre/lib/amd64"/>
    <property name="sun.java.command" value="/github/workspace/mnt/ozone/hadoop-ozone/integration-test/target/surefire/surefirebooter8065837909310947813.jar /github/workspace/mnt/ozone/hadoop-ozone/integration-test/target/surefire 2020-12-22T13-10-29_389-jvmRun1 surefire6471517224739813597tmp surefire_05845051685010398422tmp"/>
    <property name="surefire.test.class.path" value="/github/workspace/mnt/ozone/hadoop-ozone/integration-test/target/test-classes:/github/workspace/mnt/ozone/hadoop-ozone/integration-test/target/classes:/home/user/.m2/repository/org/apache/hadoop/hadoop-ozone-common/1.1.0-SNAPSHOT/hadoop-ozone-common-1.1.0-SNAPSHOT.jar:/home/user/.m2/repository/org/apache/commons/commons-compress/1.4.1/commons-compress-1.4.1.jar:/home/user/.m2/repository/org/tukaani/xz/1.0/xz-1.0.jar:/home/user/.m2/repository/org/apache/hadoop/hadoop-hdds-common/1.1.0-SNAPSHOT/hadoop-hdds-common-1.1.0-SNAPSHOT.jar:/home/user/.m2/repository/org/apache/hadoop/hadoop-hdds-client/1.1.0-SNAPSHOT/hadoop-hdds-client-1.1.0-SNAPSHOT.jar:/home/user/.m2/repository/org/apache/hadoop/hadoop-ozone-interface-client/1.1.0-SNAPSHOT/hadoop-ozone-interface-client-1.1.0-SNAPSHOT.jar:/home/user/.m2/repository/org/apache/hadoop/hadoop-hdds-test-utils/1.1.0-SNAPSHOT/hadoop-hdds-test-utils-1.1.0-SNAPSHOT.jar:/home/user/.m2/repository/com/google/guava/guava/28.2-jre/guava-28.2-jre.jar:/home/user/.m2/repository/com/google/guava/failureaccess/1.0.1/failureaccess-1.0.1.jar:/home/user/.m2/repository/com/google/guava/listenablefuture/9999.0-empty-to-avoid-conflict-with-guava/listenablefuture-9999.0-empty-to-avoid-conflict-with-guava.jar:/home/user/.m2/repository/com/google/code/findbugs/jsr305/3.0.0/jsr305-3.0.0.jar:/home/user/.m2/repository/org/checkerframework/checker-qual/2.10.0/checker-qual-2.10.0.jar:/home/user/.m2/repository/com/google/errorprone/error_prone_annotations/2.2.0/error_prone_annotations-2.2.0.jar:/home/user/.m2/repository/com/google/j2objc/j2objc-annotations/1.3/j2objc-annotations-1.3.jar:/home/user/.m2/repository/commons-io/commons-io/2.5/commons-io-2.5.jar:/home/user/.m2/repository/commons-logging/commons-logging/1.2/commons-logging-1.2.jar:/home/user/.m2/repository/log4j/log4j/1.2.17/log4j-1.2.17.jar:/home/user/.m2/repository/org/slf4j/slf4j-api/1.7.30/slf4j-api-1.7.30.jar:/home/user/.m2/repository/org/apache/hadoop/hadoop-hdds-server-scm/1.1.0-SNAPSHOT/hadoop-hdds-server-scm-1.1.0-SNAPSHOT.jar:/home/user/.m2/repository/org/apache/hadoop/hadoop-hdds-container-service/1.1.0-SNAPSHOT/hadoop-hdds-container-service-1.1.0-SNAPSHOT.jar:/home/user/.m2/repository/org/apache/hadoop/hadoop-hdds-hadoop-dependency-server/1.1.0-SNAPSHOT/hadoop-hdds-hadoop-dependency-server-1.1.0-SNAPSHOT.jar:/home/user/.m2/repository/org/apache/hadoop/hadoop-hdfs/3.2.1/hadoop-hdfs-3.2.1.jar:/home/user/.m2/repository/org/apache/hadoop/hadoop-hdds-server-framework/1.1.0-SNAPSHOT/hadoop-hdds-server-framework-1.1.0-SNAPSHOT.jar:/home/user/.m2/repository/org/apache/hadoop/hadoop-hdds-interface-server/1.1.0-SNAPSHOT/hadoop-hdds-interface-server-1.1.0-SNAPSHOT.jar:/home/user/.m2/repository/org/apache/hadoop/hadoop-hdds-interface-admin/1.1.0-SNAPSHOT/hadoop-hdds-interface-admin-1.1.0-SNAPSHOT.jar:/home/user/.m2/repository/org/eclipse/jetty/jetty-servlet/9.4.34.v20201102/jetty-servlet-9.4.34.v20201102.jar:/home/user/.m2/repository/org/eclipse/jetty/jetty-security/9.4.34.v20201102/jetty-security-9.4.34.v20201102.jar:/home/user/.m2/repository/org/rocksdb/rocksdbjni/6.8.1/rocksdbjni-6.8.1.jar:/home/user/.m2/repository/io/prometheus/simpleclient_dropwizard/0.7.0/simpleclient_dropwizard-0.7.0.jar:/home/user/.m2/repository/io/prometheus/simpleclient/0.7.0/simpleclient-0.7.0.jar:/home/user/.m2/repository/io/prometheus/simpleclient_common/0.7.0/simpleclient_common-0.7.0.jar:/home/user/.m2/repository/com/fasterxml/jackson/datatype/jackson-datatype-jsr310/2.10.3/jackson-datatype-jsr310-2.10.3.jar:/home/user/.m2/repository/io/dropwizard/metrics/metrics-core/3.2.4/metrics-core-3.2.4.jar:/home/user/.m2/repository/org/apache/hadoop/hadoop-hdfs-client/3.2.1/hadoop-hdfs-client-3.2.1.jar:/home/user/.m2/repository/org/bouncycastle/bcprov-jdk15on/1.67/bcprov-jdk15on-1.67.jar:/home/user/.m2/repository/org/apache/hadoop/hadoop-ozone-ozone-manager/1.1.0-SNAPSHOT/hadoop-ozone-ozone-manager-1.1.0-SNAPSHOT.jar:/home/user/.m2/repository/org/apache/hadoop/hadoop-hdds-interface-client/1.1.0-SNAPSHOT/hadoop-hdds-interface-client-1.1.0-SNAPSHOT.jar:/home/user/.m2/repository/org/apache/ratis/ratis-thirdparty-misc/0.6.0-SNAPSHOT/ratis-thirdparty-misc-0.6.0-SNAPSHOT.jar:/home/user/.m2/repository/org/apache/hadoop/hadoop-ozone-interface-storage/1.1.0-SNAPSHOT/hadoop-ozone-interface-storage-1.1.0-SNAPSHOT.jar:/home/user/.m2/repository/org/apache/hadoop/hadoop-minikdc/3.2.1/hadoop-minikdc-3.2.1.jar:/home/user/.m2/repository/org/apache/kerby/kerb-simplekdc/1.0.1/kerb-simplekdc-1.0.1.jar:/home/user/.m2/repository/org/apache/kerby/kerb-client/1.0.1/kerb-client-1.0.1.jar:/home/user/.m2/repository/org/apache/kerby/kerby-config/1.0.1/kerby-config-1.0.1.jar:/home/user/.m2/repository/org/apache/kerby/kerb-core/1.0.1/kerb-core-1.0.1.jar:/home/user/.m2/repository/org/apache/kerby/kerby-pkix/1.0.1/kerby-pkix-1.0.1.jar:/home/user/.m2/repository/org/apache/kerby/kerby-asn1/1.0.1/kerby-asn1-1.0.1.jar:/home/user/.m2/repository/org/apache/kerby/kerby-util/1.0.1/kerby-util-1.0.1.jar:/home/user/.m2/repository/org/apache/kerby/kerb-common/1.0.1/kerb-common-1.0.1.jar:/home/user/.m2/repository/org/apache/kerby/kerb-crypto/1.0.1/kerb-crypto-1.0.1.jar:/home/user/.m2/repository/org/apache/kerby/kerb-util/1.0.1/kerb-util-1.0.1.jar:/home/user/.m2/repository/org/apache/kerby/token-provider/1.0.1/token-provider-1.0.1.jar:/home/user/.m2/repository/org/apache/kerby/kerb-admin/1.0.1/kerb-admin-1.0.1.jar:/home/user/.m2/repository/org/apache/kerby/kerb-server/1.0.1/kerb-server-1.0.1.jar:/home/user/.m2/repository/org/apache/kerby/kerb-identity/1.0.1/kerb-identity-1.0.1.jar:/home/user/.m2/repository/org/apache/kerby/kerby-xdr/1.0.1/kerby-xdr-1.0.1.jar:/home/user/.m2/repository/org/slf4j/slf4j-log4j12/1.7.30/slf4j-log4j12-1.7.30.jar:/home/user/.m2/repository/org/apache/hadoop/hadoop-ozone-s3gateway/1.1.0-SNAPSHOT/hadoop-ozone-s3gateway-1.1.0-SNAPSHOT.jar:/home/user/.m2/repository/org/jboss/weld/servlet/weld-servlet/2.4.7.Final/weld-servlet-2.4.7.Final.jar:/home/user/.m2/repository/org/glassfish/jersey/containers/jersey-container-servlet-core/2.27/jersey-container-servlet-core-2.27.jar:/home/user/.m2/repository/org/glassfish/hk2/external/javax.inject/2.5.0-b42/javax.inject-2.5.0-b42.jar:/home/user/.m2/repository/org/glassfish/jersey/core/jersey-common/2.27/jersey-common-2.27.jar:/home/user/.m2/repository/org/glassfish/hk2/osgi-resource-locator/1.0.1/osgi-resource-locator-1.0.1.jar:/home/user/.m2/repository/javax/ws/rs/javax.ws.rs-api/2.1/javax.ws.rs-api-2.1.jar:/home/user/.m2/repository/org/glassfish/jersey/ext/cdi/jersey-cdi1x/2.27/jersey-cdi1x-2.27.jar:/home/user/.m2/repository/org/glassfish/jersey/inject/jersey-hk2/2.27/jersey-hk2-2.27.jar:/home/user/.m2/repository/org/glassfish/hk2/hk2-locator/2.5.0-b42/hk2-locator-2.5.0-b42.jar:/home/user/.m2/repository/org/javassist/javassist/3.22.0-CR2/javassist-3.22.0-CR2.jar:/home/user/.m2/repository/org/glassfish/hk2/hk2-api/2.5.0/hk2-api-2.5.0.jar:/home/user/.m2/repository/org/glassfish/hk2/external/jakarta.inject/2.5.0/jakarta.inject-2.5.0.jar:/home/user/.m2/repository/org/glassfish/hk2/hk2-utils/2.5.0/hk2-utils-2.5.0.jar:/home/user/.m2/repository/jakarta/annotation/jakarta.annotation-api/1.3.4/jakarta.annotation-api-1.3.4.jar:/home/user/.m2/repository/org/glassfish/hk2/external/aopalliance-repackaged/2.5.0/aopalliance-repackaged-2.5.0.jar:/home/user/.m2/repository/com/fasterxml/jackson/dataformat/jackson-dataformat-xml/2.10.3/jackson-dataformat-xml-2.10.3.jar:/home/user/.m2/repository/com/fasterxml/jackson/core/jackson-core/2.10.3/jackson-core-2.10.3.jar:/home/user/.m2/repository/com/fasterxml/jackson/module/jackson-module-jaxb-annotations/2.10.3/jackson-module-jaxb-annotations-2.10.3.jar:/home/user/.m2/repository/jakarta/xml/bind/jakarta.xml.bind-api/2.3.2/jakarta.xml.bind-api-2.3.2.jar:/home/user/.m2/repository/jakarta/activation/jakarta.activation-api/1.2.1/jakarta.activation-api-1.2.1.jar:/home/user/.m2/repository/org/codehaus/woodstox/stax2-api/3.1.4/stax2-api-3.1.4.jar:/home/user/.m2/repository/com/fasterxml/woodstox/woodstox-core/5.0.3/woodstox-core-5.0.3.jar:/home/user/.m2/repository/javax/enterprise/cdi-api/1.2/cdi-api-1.2.jar:/home/user/.m2/repository/javax/el/javax.el-api/3.0.0/javax.el-api-3.0.0.jar:/home/user/.m2/repository/javax/interceptor/javax.interceptor-api/1.2/javax.interceptor-api-1.2.jar:/home/user/.m2/repository/javax/inject/javax.inject/1/javax.inject-1.jar:/home/user/.m2/repository/com/sun/xml/bind/jaxb-impl/2.3.0.1/jaxb-impl-2.3.0.1.jar:/home/user/.m2/repository/com/sun/xml/bind/jaxb-core/2.3.0.1/jaxb-core-2.3.0.1.jar:/home/user/.m2/repository/javax/xml/bind/jaxb-api/2.3.0/jaxb-api-2.3.0.jar:/home/user/.m2/repository/javax/activation/activation/1.1.1/activation-1.1.1.jar:/home/user/.m2/repository/org/apache/hadoop/hadoop-ozone-csi/1.1.0-SNAPSHOT/hadoop-ozone-csi-1.1.0-SNAPSHOT.jar:/home/user/.m2/repository/com/google/protobuf/protobuf-java-util/3.11.0/protobuf-java-util-3.11.0.jar:/home/user/.m2/repository/com/google/code/gson/gson/2.2.4/gson-2.2.4.jar:/home/user/.m2/repository/org/apache/hadoop/hadoop-hdds-config/1.1.0-SNAPSHOT/hadoop-hdds-config-1.1.0-SNAPSHOT.jar:/home/user/.m2/repository/com/google/protobuf/protobuf-java/2.5.0/protobuf-java-2.5.0.jar:/home/user/.m2/repository/io/grpc/grpc-netty/1.29.0/grpc-netty-1.29.0.jar:/home/user/.m2/repository/io/grpc/grpc-core/1.29.0/grpc-core-1.29.0.jar:/home/user/.m2/repository/com/google/android/annotations/4.1.1.4/annotations-4.1.1.4.jar:/home/user/.m2/repository/io/perfmark/perfmark-api/0.19.0/perfmark-api-0.19.0.jar:/home/user/.m2/repository/io/netty/netty-codec-http2/4.1.48.Final/netty-codec-http2-4.1.48.Final.jar:/home/user/.m2/repository/io/netty/netty-codec/4.1.48.Final/netty-codec-4.1.48.Final.jar:/home/user/.m2/repository/io/netty/netty-handler/4.1.48.Final/netty-handler-4.1.48.Final.jar:/home/user/.m2/repository/io/netty/netty-codec-http/4.1.48.Final/netty-codec-http-4.1.48.Final.jar:/home/user/.m2/repository/io/netty/netty-handler-proxy/4.1.48.Final/netty-handler-proxy-4.1.48.Final.jar:/home/user/.m2/repository/io/netty/netty-codec-socks/4.1.48.Final/netty-codec-socks-4.1.48.Final.jar:/home/user/.m2/repository/io/netty/netty-transport-native-epoll/4.1.48.Final/netty-transport-native-epoll-4.1.48.Final.jar:/home/user/.m2/repository/io/netty/netty-common/4.1.48.Final/netty-common-4.1.48.Final.jar:/home/user/.m2/repository/io/netty/netty-buffer/4.1.48.Final/netty-buffer-4.1.48.Final.jar:/home/user/.m2/repository/io/netty/netty-transport/4.1.48.Final/netty-transport-4.1.48.Final.jar:/home/user/.m2/repository/io/netty/netty-resolver/4.1.48.Final/netty-resolver-4.1.48.Final.jar:/home/user/.m2/repository/io/netty/netty-transport-native-unix-common/4.1.48.Final/netty-transport-native-unix-common-4.1.48.Final.jar:/home/user/.m2/repository/io/grpc/grpc-protobuf/1.29.0/grpc-protobuf-1.29.0.jar:/home/user/.m2/repository/io/grpc/grpc-api/1.29.0/grpc-api-1.29.0.jar:/home/user/.m2/repository/io/grpc/grpc-context/1.29.0/grpc-context-1.29.0.jar:/home/user/.m2/repository/org/codehaus/mojo/animal-sniffer-annotations/1.18/animal-sniffer-annotations-1.18.jar:/home/user/.m2/repository/com/google/api/grpc/proto-google-common-protos/1.17.0/proto-google-common-protos-1.17.0.jar:/home/user/.m2/repository/io/grpc/grpc-protobuf-lite/1.29.0/grpc-protobuf-lite-1.29.0.jar:/home/user/.m2/repository/io/grpc/grpc-stub/1.29.0/grpc-stub-1.29.0.jar:/home/user/.m2/repository/org/apache/hadoop/hadoop-ozone-recon/1.1.0-SNAPSHOT/hadoop-ozone-recon-1.1.0-SNAPSHOT.jar:/home/user/.m2/repository/org/apache/hadoop/hadoop-ozone-reconcodegen/1.1.0-SNAPSHOT/hadoop-ozone-reconcodegen-1.1.0-SNAPSHOT.jar:/home/user/.m2/repository/com/google/inject/extensions/guice-multibindings/4.0/guice-multibindings-4.0.jar:/home/user/.m2/repository/com/google/inject/guice/4.0/guice-4.0.jar:/home/user/.m2/repository/aopalliance/aopalliance/1.0/aopalliance-1.0.jar:/home/user/.m2/repository/com/google/inject/extensions/guice-assistedinject/4.0/guice-assistedinject-4.0.jar:/home/user/.m2/repository/com/google/inject/extensions/guice-servlet/4.0/guice-servlet-4.0.jar:/home/user/.m2/repository/org/glassfish/jersey/containers/jersey-container-servlet/2.27/jersey-container-servlet-2.27.jar:/home/user/.m2/repository/org/glassfish/hk2/guice-bridge/2.5.0/guice-bridge-2.5.0.jar:/home/user/.m2/repository/org/glassfish/jersey/core/jersey-server/2.27/jersey-server-2.27.jar:/home/user/.m2/repository/org/glassfish/jersey/core/jersey-client/2.27/jersey-client-2.27.jar:/home/user/.m2/repository/org/glassfish/jersey/media/jersey-media-jaxb/2.27/jersey-media-jaxb-2.27.jar:/home/user/.m2/repository/javax/validation/validation-api/1.1.0.Final/validation-api-1.1.0.Final.jar:/home/user/.m2/repository/org/glassfish/jersey/media/jersey-media-json-jackson/2.27/jersey-media-json-jackson-2.27.jar:/home/user/.m2/repository/org/glassfish/jersey/ext/jersey-entity-filtering/2.27/jersey-entity-filtering-2.27.jar:/home/user/.m2/repository/org/jooq/jooq/3.11.10/jooq-3.11.10.jar:/home/user/.m2/repository/org/jooq/jooq-meta/3.11.10/jooq-meta-3.11.10.jar:/home/user/.m2/repository/org/jooq/jooq-codegen/3.11.10/jooq-codegen-3.11.10.jar:/home/user/.m2/repository/com/jolbox/bonecp/0.8.0.RELEASE/bonecp-0.8.0.RELEASE.jar:/home/user/.m2/repository/org/apache/derby/derby/10.14.2.0/derby-10.14.2.0.jar:/home/user/.m2/repository/org/xerial/sqlite-jdbc/3.25.2/sqlite-jdbc-3.25.2.jar:/home/user/.m2/repository/org/springframework/spring-jdbc/5.2.11.RELEASE/spring-jdbc-5.2.11.RELEASE.jar:/home/user/.m2/repository/org/springframework/spring-beans/5.2.11.RELEASE/spring-beans-5.2.11.RELEASE.jar:/home/user/.m2/repository/org/springframework/spring-core/5.2.11.RELEASE/spring-core-5.2.11.RELEASE.jar:/home/user/.m2/repository/org/springframework/spring-jcl/5.2.11.RELEASE/spring-jcl-5.2.11.RELEASE.jar:/home/user/.m2/repository/org/springframework/spring-tx/5.2.11.RELEASE/spring-tx-5.2.11.RELEASE.jar:/home/user/.m2/repository/org/apache/hadoop/hadoop-ozone-client/1.1.0-SNAPSHOT/hadoop-ozone-client-1.1.0-SNAPSHOT.jar:/home/user/.m2/repository/org/apache/hadoop/hadoop-ozone-filesystem/1.1.0-SNAPSHOT/hadoop-ozone-filesystem-1.1.0-SNAPSHOT.jar:/home/user/.m2/repository/org/apache/hadoop/hadoop-ozone-filesystem-common/1.1.0-SNAPSHOT/hadoop-ozone-filesystem-common-1.1.0-SNAPSHOT.jar:/home/user/.m2/repository/org/apache/hadoop/hadoop-ozone-tools/1.1.0-SNAPSHOT/hadoop-ozone-tools-1.1.0-SNAPSHOT.jar:/home/user/.m2/repository/org/apache/ratis/ratis-tools/1.1.0-913f5a4-SNAPSHOT/ratis-tools-1.1.0-913f5a4-SNAPSHOT.jar:/home/user/.m2/repository/org/apache/ratis/ratis-proto/1.1.0-913f5a4-SNAPSHOT/ratis-proto-1.1.0-913f5a4-SNAPSHOT.jar:/home/user/.m2/repository/org/apache/ratis/ratis-common/1.1.0-913f5a4-SNAPSHOT/ratis-common-1.1.0-913f5a4-SNAPSHOT.jar:/home/user/.m2/repository/com/amazonaws/aws-java-sdk-core/1.11.901/aws-java-sdk-core-1.11.901.jar:/home/user/.m2/repository/org/apache/httpcomponents/httpclient/4.5.13/httpclient-4.5.13.jar:/home/user/.m2/repository/org/apache/httpcomponents/httpcore/4.4.13/httpcore-4.4.13.jar:/home/user/.m2/repository/software/amazon/ion/ion-java/1.0.2/ion-java-1.0.2.jar:/home/user/.m2/repository/com/fasterxml/jackson/dataformat/jackson-dataformat-cbor/2.10.3/jackson-dataformat-cbor-2.10.3.jar:/home/user/.m2/repository/joda-time/joda-time/2.8.1/joda-time-2.8.1.jar:/home/user/.m2/repository/com/amazonaws/aws-java-sdk-s3/1.11.901/aws-java-sdk-s3-1.11.901.jar:/home/user/.m2/repository/com/amazonaws/aws-java-sdk-kms/1.11.901/aws-java-sdk-kms-1.11.901.jar:/home/user/.m2/repository/com/amazonaws/jmespath-java/1.11.901/jmespath-java-1.11.901.jar:/home/user/.m2/repository/org/kohsuke/metainf-services/metainf-services/1.8/metainf-services-1.8.jar:/home/user/.m2/repository/org/apache/hadoop/hadoop-hdds-tools/1.1.0-SNAPSHOT/hadoop-hdds-tools-1.1.0-SNAPSHOT.jar:/home/user/.m2/repository/commons-cli/commons-cli/1.2/commons-cli-1.2.jar:/home/user/.m2/repository/org/apache/commons/commons-lang3/3.7/commons-lang3-3.7.jar:/home/user/.m2/repository/org/apache/hadoop/hadoop-ozone-ozone-manager/1.1.0-SNAPSHOT/hadoop-ozone-ozone-manager-1.1.0-SNAPSHOT-tests.jar:/home/user/.m2/repository/org/apache/hadoop/hadoop-hdds-common/1.1.0-SNAPSHOT/hadoop-hdds-common-1.1.0-SNAPSHOT-tests.jar:/home/user/.m2/repository/org/apache/hadoop/hadoop-hdds-hadoop-dependency-client/1.1.0-SNAPSHOT/hadoop-hdds-hadoop-dependency-client-1.1.0-SNAPSHOT.jar:/home/user/.m2/repository/info/picocli/picocli/4.4.0/picocli-4.4.0.jar:/home/user/.m2/repository/com/fasterxml/jackson/core/jackson-annotations/2.10.3/jackson-annotations-2.10.3.jar:/home/user/.m2/repository/javax/annotation/javax.annotation-api/1.2/javax.annotation-api-1.2.jar:/home/user/.m2/repository/org/fusesource/leveldbjni/leveldbjni-all/1.8/leveldbjni-all-1.8.jar:/home/user/.m2/repository/org/apache/ratis/ratis-server/1.1.0-913f5a4-SNAPSHOT/ratis-server-1.1.0-913f5a4-SNAPSHOT.jar:/home/user/.m2/repository/org/apache/ratis/ratis-client/1.1.0-913f5a4-SNAPSHOT/ratis-client-1.1.0-913f5a4-SNAPSHOT.jar:/home/user/.m2/repository/org/apache/ratis/ratis-metrics/1.1.0-913f5a4-SNAPSHOT/ratis-metrics-1.1.0-913f5a4-SNAPSHOT.jar:/home/user/.m2/repository/org/apache/ratis/ratis-netty/1.1.0-913f5a4-SNAPSHOT/ratis-netty-1.1.0-913f5a4-SNAPSHOT.jar:/home/user/.m2/repository/org/apache/ratis/ratis-grpc/1.1.0-913f5a4-SNAPSHOT/ratis-grpc-1.1.0-913f5a4-SNAPSHOT.jar:/home/user/.m2/repository/org/apache/logging/log4j/log4j-api/2.13.3/log4j-api-2.13.3.jar:/home/user/.m2/repository/org/apache/logging/log4j/log4j-core/2.13.3/log4j-core-2.13.3.jar:/home/user/.m2/repository/com/lmax/disruptor/3.4.2/disruptor-3.4.2.jar:/home/user/.m2/repository/org/apache/commons/commons-pool2/2.6.0/commons-pool2-2.6.0.jar:/home/user/.m2/repository/org/bouncycastle/bcpkix-jdk15on/1.67/bcpkix-jdk15on-1.67.jar:/home/user/.m2/repository/commons-validator/commons-validator/1.6/commons-validator-1.6.jar:/home/user/.m2/repository/commons-beanutils/commons-beanutils/1.9.4/commons-beanutils-1.9.4.jar:/home/user/.m2/repository/commons-digester/commons-digester/1.8.1/commons-digester-1.8.1.jar:/home/user/.m2/repository/commons-collections/commons-collections/3.2.2/commons-collections-3.2.2.jar:/home/user/.m2/repository/io/jaegertracing/jaeger-client/1.2.0/jaeger-client-1.2.0.jar:/home/user/.m2/repository/io/jaegertracing/jaeger-thrift/1.2.0/jaeger-thrift-1.2.0.jar:/home/user/.m2/repository/org/apache/thrift/libthrift/0.13.0/libthrift-0.13.0.jar:/home/user/.m2/repository/com/squareup/okhttp3/okhttp/4.2.2/okhttp-4.2.2.jar:/home/user/.m2/repository/com/squareup/okio/okio/2.2.2/okio-2.2.2.jar:/home/user/.m2/repository/org/jetbrains/kotlin/kotlin-stdlib/1.3.50/kotlin-stdlib-1.3.50.jar:/home/user/.m2/repository/org/jetbrains/kotlin/kotlin-stdlib-common/1.3.50/kotlin-stdlib-common-1.3.50.jar:/home/user/.m2/repository/org/jetbrains/annotations/13.0/annotations-13.0.jar:/home/user/.m2/repository/io/jaegertracing/jaeger-core/1.2.0/jaeger-core-1.2.0.jar:/home/user/.m2/repository/io/jaegertracing/jaeger-tracerresolver/1.2.0/jaeger-tracerresolver-1.2.0.jar:/home/user/.m2/repository/io/opentracing/contrib/opentracing-tracerresolver/0.1.8/opentracing-tracerresolver-0.1.8.jar:/home/user/.m2/repository/io/opentracing/opentracing-util/0.33.0/opentracing-util-0.33.0.jar:/home/user/.m2/repository/io/opentracing/opentracing-api/0.33.0/opentracing-api-0.33.0.jar:/home/user/.m2/repository/io/opentracing/opentracing-noop/0.33.0/opentracing-noop-0.33.0.jar:/home/user/.m2/repository/org/yaml/snakeyaml/1.26/snakeyaml-1.26.jar:/home/user/.m2/repository/junit/junit/4.11/junit-4.11.jar:/home/user/.m2/repository/org/hamcrest/hamcrest-core/1.3/hamcrest-core-1.3.jar:/home/user/.m2/repository/org/openjdk/jmh/jmh-core/1.19/jmh-core-1.19.jar:/home/user/.m2/repository/net/sf/jopt-simple/jopt-simple/4.6/jopt-simple-4.6.jar:/home/user/.m2/repository/org/apache/commons/commons-math3/3.1.1/commons-math3-3.1.1.jar:/home/user/.m2/repository/org/openjdk/jmh/jmh-generator-annprocess/1.19/jmh-generator-annprocess-1.19.jar:/home/user/.m2/repository/org/mockito/mockito-all/1.8.5/mockito-all-1.8.5.jar:/home/user/.m2/repository/org/apache/hadoop/hadoop-kms/3.2.1/hadoop-kms-3.2.1.jar:/home/user/.m2/repository/org/apache/hadoop/hadoop-auth/3.2.1/hadoop-auth-3.2.1.jar:/home/user/.m2/repository/com/nimbusds/nimbus-jose-jwt/7.9/nimbus-jose-jwt-7.9.jar:/home/user/.m2/repository/com/github/stephenc/jcip/jcip-annotations/1.0-1/jcip-annotations-1.0-1.jar:/home/user/.m2/repository/net/minidev/json-smart/2.3/json-smart-2.3.jar:/home/user/.m2/repository/net/minidev/accessors-smart/1.2/accessors-smart-1.2.jar:/home/user/.m2/repository/org/ow2/asm/asm/5.0.4/asm-5.0.4.jar:/home/user/.m2/repository/org/apache/zookeeper/zookeeper/3.4.13/zookeeper-3.4.13.jar:/home/user/.m2/repository/org/apache/yetus/audience-annotations/0.5.0/audience-annotations-0.5.0.jar:/home/user/.m2/repository/org/apache/curator/curator-framework/2.13.0/curator-framework-2.13.0.jar:/home/user/.m2/repository/com/sun/jersey/jersey-core/1.19/jersey-core-1.19.jar:/home/user/.m2/repository/javax/ws/rs/jsr311-api/1.1.1/jsr311-api-1.1.1.jar:/home/user/.m2/repository/com/sun/jersey/jersey-server/1.19/jersey-server-1.19.jar:/home/user/.m2/repository/javax/servlet/javax.servlet-api/3.1.0/javax.servlet-api-3.1.0.jar:/home/user/.m2/repository/org/eclipse/jetty/jetty-server/9.4.34.v20201102/jetty-server-9.4.34.v20201102.jar:/home/user/.m2/repository/org/eclipse/jetty/jetty-http/9.4.34.v20201102/jetty-http-9.4.34.v20201102.jar:/home/user/.m2/repository/org/eclipse/jetty/jetty-io/9.4.34.v20201102/jetty-io-9.4.34.v20201102.jar:/home/user/.m2/repository/org/eclipse/jetty/jetty-webapp/9.4.34.v20201102/jetty-webapp-9.4.34.v20201102.jar:/home/user/.m2/repository/org/eclipse/jetty/jetty-xml/9.4.34.v20201102/jetty-xml-9.4.34.v20201102.jar:/home/user/.m2/repository/org/apache/hadoop/hadoop-common/3.2.1/hadoop-common-3.2.1.jar:/home/user/.m2/repository/commons-net/commons-net/3.6/commons-net-3.6.jar:/home/user/.m2/repository/com/sun/jersey/jersey-servlet/1.19/jersey-servlet-1.19.jar:/home/user/.m2/repository/com/sun/jersey/jersey-json/1.19/jersey-json-1.19.jar:/home/user/.m2/repository/org/codehaus/jettison/jettison/1.1/jettison-1.1.jar:/home/user/.m2/repository/org/codehaus/jackson/jackson-jaxrs/1.9.2/jackson-jaxrs-1.9.2.jar:/home/user/.m2/repository/org/codehaus/jackson/jackson-xc/1.9.2/jackson-xc-1.9.2.jar:/home/user/.m2/repository/org/apache/commons/commons-configuration2/2.1.1/commons-configuration2-2.1.1.jar:/home/user/.m2/repository/org/apache/commons/commons-text/1.4/commons-text-1.4.jar:/home/user/.m2/repository/com/google/re2j/re2j/1.1/re2j-1.1.jar:/home/user/.m2/repository/com/jcraft/jsch/0.1.54/jsch-0.1.54.jar:/home/user/.m2/repository/org/apache/curator/curator-client/2.13.0/curator-client-2.13.0.jar:/home/user/.m2/repository/org/apache/curator/curator-recipes/2.13.0/curator-recipes-2.13.0.jar:/home/user/.m2/repository/dnsjava/dnsjava/2.1.7/dnsjava-2.1.7.jar:/home/user/.m2/repository/org/slf4j/jul-to-slf4j/1.7.30/jul-to-slf4j-1.7.30.jar:/home/user/.m2/repository/org/eclipse/jetty/jetty-util/9.4.34.v20201102/jetty-util-9.4.34.v20201102.jar:/home/user/.m2/repository/com/fasterxml/jackson/core/jackson-databind/2.10.3/jackson-databind-2.10.3.jar:/home/user/.m2/repository/org/apache/hadoop/hadoop-kms/3.2.1/hadoop-kms-3.2.1-tests.jar:/home/user/.m2/repository/org/apache/hadoop/hadoop-hdds-server-scm/1.1.0-SNAPSHOT/hadoop-hdds-server-scm-1.1.0-SNAPSHOT-tests.jar:/home/user/.m2/repository/org/apache/hadoop/hadoop-hdds-container-service/1.1.0-SNAPSHOT/hadoop-hdds-container-service-1.1.0-SNAPSHOT-tests.jar:/home/user/.m2/repository/commons-codec/commons-codec/1.11/commons-codec-1.11.jar:/home/user/.m2/repository/org/apache/hadoop/hadoop-hdds-hadoop-dependency-test/1.1.0-SNAPSHOT/hadoop-hdds-hadoop-dependency-test-1.1.0-SNAPSHOT.jar:/home/user/.m2/repository/org/apache/hadoop/hadoop-common/3.2.1/hadoop-common-3.2.1-tests.jar:/home/user/.m2/repository/org/apache/hadoop/hadoop-hdfs/3.2.1/hadoop-hdfs-3.2.1-tests.jar:/home/user/.m2/repository/org/eclipse/jetty/jetty-util-ajax/9.4.34.v20201102/jetty-util-ajax-9.4.34.v20201102.jar:/home/user/.m2/repository/commons-daemon/commons-daemon/1.0.13/commons-daemon-1.0.13.jar:/home/user/.m2/repository/io/netty/netty/3.10.5.Final/netty-3.10.5.Final.jar:/home/user/.m2/repository/io/netty/netty-all/4.1.48.Final/netty-all-4.1.48.Final.jar:/home/user/.m2/repository/org/apache/htrace/htrace-core4/4.1.0-incubating/htrace-core4-4.1.0-incubating.jar:/home/user/.m2/repository/org/apache/hadoop/hadoop-distcp/3.2.1/hadoop-distcp-3.2.1.jar:/home/user/.m2/repository/org/apache/hadoop/hadoop-mapreduce-client-jobclient/3.2.1/hadoop-mapreduce-client-jobclient-3.2.1.jar:/home/user/.m2/repository/org/apache/hadoop/hadoop-mapreduce-client-common/3.2.1/hadoop-mapreduce-client-common-3.2.1.jar:/home/user/.m2/repository/org/apache/hadoop/hadoop-yarn-common/3.2.1/hadoop-yarn-common-3.2.1.jar:/home/user/.m2/repository/org/apache/hadoop/hadoop-yarn-api/3.2.1/hadoop-yarn-api-3.2.1.jar:/home/user/.m2/repository/com/sun/jersey/jersey-client/1.19/jersey-client-1.19.jar:/home/user/.m2/repository/com/sun/jersey/contribs/jersey-guice/1.19/jersey-guice-1.19.jar:/home/user/.m2/repository/com/fasterxml/jackson/jaxrs/jackson-jaxrs-json-provider/2.10.3/jackson-jaxrs-json-provider-2.10.3.jar:/home/user/.m2/repository/com/fasterxml/jackson/jaxrs/jackson-jaxrs-base/2.10.3/jackson-jaxrs-base-2.10.3.jar:/home/user/.m2/repository/org/apache/hadoop/hadoop-yarn-client/3.2.1/hadoop-yarn-client-3.2.1.jar:/home/user/.m2/repository/org/apache/hadoop/hadoop-mapreduce-client-core/3.2.1/hadoop-mapreduce-client-core-3.2.1.jar:/home/user/.m2/repository/org/apache/avro/avro/1.7.7/avro-1.7.7.jar:/home/user/.m2/repository/org/codehaus/jackson/jackson-core-asl/1.9.13/jackson-core-asl-1.9.13.jar:/home/user/.m2/repository/org/codehaus/jackson/jackson-mapper-asl/1.9.13/jackson-mapper-asl-1.9.13.jar:/home/user/.m2/repository/com/thoughtworks/paranamer/paranamer/2.3/paranamer-2.3.jar:/home/user/.m2/repository/org/xerial/snappy/snappy-java/1.0.5/snappy-java-1.0.5.jar:/home/user/.m2/repository/org/apache/hadoop/hadoop-annotations/3.2.1/hadoop-annotations-3.2.1.jar:/usr/lib/jvm/java-1.8.0-openjdk-1.8.0.232.b09-0.el7_7.x86_64/jre/../lib/tools.jar:/home/user/.m2/repository/org/apache/hadoop/hadoop-distcp/3.2.1/hadoop-distcp-3.2.1-tests.jar:"/>
    <property name="sun.cpu.endian" value="little"/>
    <property name="user.home" value="/home/user"/>
    <property name="user.language" value="en"/>
    <property name="java.specification.vendor" value="Oracle Corporation"/>
    <property name="java.home" value="/usr/lib/jvm/java-1.8.0-openjdk-1.8.0.232.b09-0.el7_7.x86_64/jre"/>
    <property name="java.security.krb5.conf" value="/github/workspace/mnt/ozone/hadoop-ozone/integration-test/target/test-classes/krb5.conf"/>
    <property name="basedir" value="/github/workspace/mnt/ozone/hadoop-ozone/integration-test"/>
    <property name="file.separator" value="/"/>
    <property name="line.separator" value="&#10;"/>
    <property name="java.vm.specification.vendor" value="Oracle Corporation"/>
    <property name="java.specification.name" value="Java Platform API Specification"/>
    <property name="java.awt.graphicsenv" value="sun.awt.X11GraphicsEnvironment"/>
    <property name="skip.installnpx" value="true"/>
    <property name="surefire.real.class.path" value="/github/workspace/mnt/ozone/hadoop-ozone/integration-test/target/surefire/surefirebooter8065837909310947813.jar:/home/user/.m2/repository/org/jacoco/org.jacoco.agent/0.8.5/org.jacoco.agent-0.8.5-runtime.jar"/>
    <property name="hadoop.log.dir" value="/github/workspace/mnt/ozone/hadoop-ozone/integration-test/target/log"/>
    <property name="sun.boot.class.path" value="/usr/lib/jvm/java-1.8.0-openjdk-1.8.0.232.b09-0.el7_7.x86_64/jre/lib/resources.jar:/usr/lib/jvm/java-1.8.0-openjdk-1.8.0.232.b09-0.el7_7.x86_64/jre/lib/rt.jar:/usr/lib/jvm/java-1.8.0-openjdk-1.8.0.232.b09-0.el7_7.x86_64/jre/lib/sunrsasign.jar:/usr/lib/jvm/java-1.8.0-openjdk-1.8.0.232.b09-0.el7_7.x86_64/jre/lib/jsse.jar:/usr/lib/jvm/java-1.8.0-openjdk-1.8.0.232.b09-0.el7_7.x86_64/jre/lib/jce.jar:/usr/lib/jvm/java-1.8.0-openjdk-1.8.0.232.b09-0.el7_7.x86_64/jre/lib/charsets.jar:/usr/lib/jvm/java-1.8.0-openjdk-1.8.0.232.b09-0.el7_7.x86_64/jre/lib/jfr.jar:/usr/lib/jvm/java-1.8.0-openjdk-1.8.0.232.b09-0.el7_7.x86_64/jre/classes"/>
    <property name="sun.management.compiler" value="HotSpot 64-Bit Tiered Compilers"/>
    <property name="skip.npx" value="true"/>
    <property name="java.runtime.version" value="1.8.0_232-b09"/>
    <property name="java.net.preferIPv4Stack" value="true"/>
    <property name="user.name" value="jenkins1001"/>
    <property name="path.separator" value=":"/>
    <property name="java.security.egd" value="file:///dev/urandom"/>
    <property name="os.version" value="5.4.0-1032-azure"/>
    <property name="java.endorsed.dirs" value="/usr/lib/jvm/java-1.8.0-openjdk-1.8.0.232.b09-0.el7_7.x86_64/jre/lib/endorsed"/>
    <property name="java.runtime.name" value="OpenJDK Runtime Environment"/>
    <property name="file.encoding" value="ANSI_X3.4-1968"/>
    <property name="java.vm.name" value="OpenJDK 64-Bit Server VM"/>
    <property name="test.build.webapps" value=""/>
    <property name="localRepository" value="/home/user/.m2/repository"/>
    <property name="java.vendor.url.bug" value="http://bugreport.sun.com/bugreport/"/>
    <property name="java.io.tmpdir" value="/tmp"/>
    <property name="require.test.libhadoop" value=""/>
    <property name="java.version" value="1.8.0_232"/>
    <property name="user.dir" value="/github/workspace/mnt/ozone/hadoop-ozone/integration-test"/>
    <property name="os.arch" value="amd64"/>
    <property name="java.vm.specification.name" value="Java Virtual Machine Specification"/>
    <property name="test.build.classes" value="/github/workspace/mnt/ozone/hadoop-ozone/integration-test/target/test-classes"/>
    <property name="java.awt.printerjob" value="sun.print.PSPrinterJob"/>
    <property name="sun.os.patch.level" value="unknown"/>
    <property name="hadoop.tmp.dir" value="/github/workspace/mnt/ozone/hadoop-ozone/integration-test/target/tmp"/>
    <property name="java.library.path" value="/usr/lib:/usr/java/packages/lib/amd64:/usr/lib64:/lib64:/lib:/usr/lib"/>
    <property name="java.vm.info" value="mixed mode"/>
    <property name="java.vendor" value="Oracle Corporation"/>
    <property name="java.vm.version" value="25.232-b09"/>
    <property name="java.ext.dirs" value="/usr/lib/jvm/java-1.8.0-openjdk-1.8.0.232.b09-0.el7_7.x86_64/jre/lib/ext:/usr/java/packages/lib/ext"/>
    <property name="sun.io.unicode.encoding" value="UnicodeLittle"/>
    <property name="java.class.version" value="52.0"/>
  </properties>
  <testcase name="testPipelineExclusionWithPipelineFailure" classname="org.apache.hadoop.ozone.client.rpc.TestFailureHandlingByClient" time="81.948">
    <failure type="java.lang.AssertionError">java.lang.AssertionError
	at org.junit.Assert.fail(Assert.java:86)
	at org.junit.Assert.assertTrue(Assert.java:41)
	at org.junit.Assert.assertTrue(Assert.java:52)
	at org.apache.hadoop.ozone.client.rpc.TestFailureHandlingByClient.testPipelineExclusionWithPipelineFailure(TestFailureHandlingByClient.java:415)
	at sun.reflect.NativeMethodAccessorImpl.invoke0(Native Method)
	at sun.reflect.NativeMethodAccessorImpl.invoke(NativeMethodAccessorImpl.java:62)
	at sun.reflect.DelegatingMethodAccessorImpl.invoke(DelegatingMethodAccessorImpl.java:43)
	at java.lang.reflect.Method.invoke(Method.java:498)
	at org.junit.runners.model.FrameworkMethod$1.runReflectiveCall(FrameworkMethod.java:47)
	at org.junit.internal.runners.model.ReflectiveCallable.run(ReflectiveCallable.java:12)
	at org.junit.runners.model.FrameworkMethod.invokeExplosively(FrameworkMethod.java:44)
	at org.junit.internal.runners.statements.InvokeMethod.evaluate(InvokeMethod.java:17)
	at org.junit.internal.runners.statements.RunAfters.evaluate(RunAfters.java:27)
	at org.junit.internal.runners.statements.FailOnTimeout$StatementThread.run(FailOnTimeout.java:74)
</failure>
    <system-out><![CDATA[2020-12-22 13:10:32,732 [Thread-1] WARN  server.ServerUtils (ServerUtils.java:getScmDbDir(148)) - ozone.scm.db.dirs is not configured. We recommend adding this setting. Falling back to ozone.metadata.dirs instead.
2020-12-22 13:10:32,832 [Thread-1] WARN  server.ServerUtils (ServerUtils.java:getScmDbDir(148)) - ozone.scm.db.dirs is not configured. We recommend adding this setting. Falling back to ozone.metadata.dirs instead.
2020-12-22 13:10:33,006 [Thread-1] WARN  db.DBStoreBuilder (DBStoreBuilder.java:applyDBDefinition(145)) - ozone.scm.db.dirs is not configured. We recommend adding this setting. Falling back to ozone.metadata.dirs instead.
2020-12-22 13:10:33,154 [Thread-1] INFO  net.NodeSchemaLoader (NodeSchemaLoader.java:loadSchemaFromFile(126)) - Loading file from sun.misc.CompoundEnumeration@17ba24a
2020-12-22 13:10:33,156 [Thread-1] INFO  net.NodeSchemaLoader (NodeSchemaLoader.java:loadSchema(172)) - Loading network topology layer schema file
2020-12-22 13:10:33,267 [Thread-1] INFO  node.SCMNodeManager (SCMNodeManager.java:<init>(123)) - Entering startup safe mode.
2020-12-22 13:10:33,354 [Thread-1] INFO  Configuration.deprecation (Configuration.java:logDeprecation(1395)) - hadoop.configured.node.mapping is deprecated. Instead, use net.topology.configured.node.mapping
2020-12-22 13:10:33,445 [Thread-1] INFO  algorithms.ContainerPlacementPolicyFactory (ContainerPlacementPolicyFactory.java:getPolicy(60)) - Create container placement policy of type org.apache.hadoop.hdds.scm.container.placement.algorithms.SCMContainerPlacementRandom
2020-12-22 13:10:33,485 [Thread-1] INFO  algorithms.LeaderChoosePolicyFactory (LeaderChoosePolicyFactory.java:getPolicy(57)) - Create leader choose policy of type org.apache.hadoop.hdds.scm.pipeline.leader.choose.algorithms.DefaultLeaderChoosePolicy
2020-12-22 13:10:33,486 [Thread-1] INFO  pipeline.SCMPipelineManager (SCMPipelineManager.java:initializePipelineState(161)) - No pipeline exists in current db
2020-12-22 13:10:33,512 [Thread-1] INFO  algorithms.PipelineChoosePolicyFactory (PipelineChoosePolicyFactory.java:createPipelineChoosePolicyFromClass(75)) - Create pipeline choose policy of type org.apache.hadoop.hdds.scm.pipeline.choose.algorithms.RandomPipelineChoosePolicy
2020-12-22 13:10:33,599 [Thread-1] INFO  safemode.HealthyPipelineSafeModeRule (HealthyPipelineSafeModeRule.java:<init>(89)) - Total pipeline count is 0, healthy pipeline threshold count is 0
2020-12-22 13:10:33,606 [Thread-1] INFO  safemode.OneReplicaPipelineSafeModeRule (OneReplicaPipelineSafeModeRule.java:<init>(84)) - Total pipeline count is 0, pipeline's with at least one datanode reported threshold count is 0
2020-12-22 13:10:34,207 [Thread-1] INFO  ipc.CallQueueManager (CallQueueManager.java:<init>(84)) - Using callQueue: class java.util.concurrent.LinkedBlockingQueue, queueCapacity: 2000, scheduler: class org.apache.hadoop.ipc.DefaultRpcScheduler, ipcBackoff: false.
2020-12-22 13:10:34,249 [Socket Reader #1 for port 0] INFO  ipc.Server (Server.java:run(1219)) - Starting Socket Reader #1 for port 0
2020-12-22 13:10:34,284 [Listener at 0.0.0.0/33001] INFO  ipc.CallQueueManager (CallQueueManager.java:<init>(84)) - Using callQueue: class java.util.concurrent.LinkedBlockingQueue, queueCapacity: 2000, scheduler: class org.apache.hadoop.ipc.DefaultRpcScheduler, ipcBackoff: false.
2020-12-22 13:10:34,291 [Socket Reader #1 for port 0] INFO  ipc.Server (Server.java:run(1219)) - Starting Socket Reader #1 for port 0
2020-12-22 13:10:34,306 [Listener at 0.0.0.0/41219] INFO  ipc.CallQueueManager (CallQueueManager.java:<init>(84)) - Using callQueue: class java.util.concurrent.LinkedBlockingQueue, queueCapacity: 2000, scheduler: class org.apache.hadoop.ipc.DefaultRpcScheduler, ipcBackoff: false.
2020-12-22 13:10:34,329 [Socket Reader #1 for port 0] INFO  ipc.Server (Server.java:run(1219)) - Starting Socket Reader #1 for port 0
2020-12-22 13:10:34,356 [Listener at 0.0.0.0/34755] INFO  http.BaseHttpServer (BaseHttpServer.java:newHttpServer2BuilderForOzone(207)) - Starting Web-server for scm at: http://0.0.0.0:0
2020-12-22 13:10:34,356 [Listener at 0.0.0.0/34755] INFO  http.BaseHttpServer (BaseHttpServer.java:<init>(106)) - Hadoop Security Enabled: false Ozone Security Enabled: false Ozone HTTP Security Enabled: false 
2020-12-22 13:10:34,416 [Listener at 0.0.0.0/34755] INFO  util.log (Log.java:initialized(169)) - Logging initialized @3075ms to org.eclipse.jetty.util.log.Slf4jLog
2020-12-22 13:10:34,571 [Listener at 0.0.0.0/34755] INFO  server.AuthenticationFilter (AuthenticationFilter.java:constructSecretProvider(240)) - Unable to initialize FileSignerSecretProvider, falling back to use random secrets.
2020-12-22 13:10:34,593 [Listener at 0.0.0.0/34755] WARN  http.HttpRequestLog (HttpRequestLog.java:getRequestLog(103)) - Jetty request log can only be enabled using Log4j
2020-12-22 13:10:34,600 [Listener at 0.0.0.0/34755] INFO  http.HttpServer2 (HttpServer2.java:addGlobalFilter(1020)) - Added global filter 'safety' (class=org.apache.hadoop.hdds.server.http.HttpServer2$QuotingInputFilter)
2020-12-22 13:10:34,607 [Listener at 0.0.0.0/34755] INFO  http.HttpServer2 (HttpServer2.java:addFilter(996)) - Added filter static_user_filter (class=org.apache.hadoop.http.lib.StaticUserWebFilter$StaticUserFilter) to context scm
2020-12-22 13:10:34,609 [Listener at 0.0.0.0/34755] INFO  http.HttpServer2 (HttpServer2.java:addFilter(1004)) - Added filter static_user_filter (class=org.apache.hadoop.http.lib.StaticUserWebFilter$StaticUserFilter) to context logs
2020-12-22 13:10:34,610 [Listener at 0.0.0.0/34755] INFO  http.HttpServer2 (HttpServer2.java:addFilter(1004)) - Added filter static_user_filter (class=org.apache.hadoop.http.lib.StaticUserWebFilter$StaticUserFilter) to context static
2020-12-22 13:10:34,674 [Listener at 0.0.0.0/34755] INFO  server.StorageContainerManager (StorageContainerManager.java:start(789)) - StorageContainerLocationProtocol RPC server is listening at /0.0.0.0:34755
2020-12-22 13:10:34,734 [Listener at 0.0.0.0/34755] WARN  impl.MetricsConfig (MetricsConfig.java:loadFirst(134)) - Cannot locate configuration: tried hadoop-metrics2-storagecontainermanager.properties,hadoop-metrics2.properties
2020-12-22 13:10:34,754 [Listener at 0.0.0.0/34755] INFO  impl.MetricsSystemImpl (MetricsSystemImpl.java:startTimer(374)) - Scheduled Metric snapshot period at 10 second(s).
2020-12-22 13:10:34,754 [Listener at 0.0.0.0/34755] INFO  impl.MetricsSystemImpl (MetricsSystemImpl.java:start(191)) - StorageContainerManager metrics system started
2020-12-22 13:10:35,010 [Listener at 0.0.0.0/34755] INFO  server.SCMClientProtocolServer (SCMClientProtocolServer.java:start(159)) - RPC server for Client  is listening at /0.0.0.0:34755
2020-12-22 13:10:35,010 [IPC Server Responder] INFO  ipc.Server (Server.java:run(1460)) - IPC Server Responder: starting
2020-12-22 13:10:35,012 [IPC Server listener on 0] INFO  ipc.Server (Server.java:run(1298)) - IPC Server listener on 0: starting
2020-12-22 13:10:35,015 [Listener at 0.0.0.0/34755] INFO  server.StorageContainerManager (StorageContainerManager.java:start(801)) - ScmBlockLocationProtocol RPC server is listening at /0.0.0.0:41219
2020-12-22 13:10:35,016 [Listener at 0.0.0.0/34755] INFO  server.SCMBlockProtocolServer (SCMBlockProtocolServer.java:start(150)) - RPC server for Block Protocol is listening at /0.0.0.0:41219
2020-12-22 13:10:35,016 [IPC Server Responder] INFO  ipc.Server (Server.java:run(1460)) - IPC Server Responder: starting
2020-12-22 13:10:35,017 [IPC Server listener on 0] INFO  ipc.Server (Server.java:run(1298)) - IPC Server listener on 0: starting
2020-12-22 13:10:35,020 [Listener at 0.0.0.0/34755] INFO  server.StorageContainerManager (StorageContainerManager.java:start(807)) - ScmDatanodeProtocl RPC server is listening at /0.0.0.0:33001
2020-12-22 13:10:35,021 [Listener at 0.0.0.0/34755] INFO  server.SCMDatanodeProtocolServer (SCMDatanodeProtocolServer.java:start(174)) - RPC server for DataNodes is listening at /0.0.0.0:33001
2020-12-22 13:10:35,022 [IPC Server Responder] INFO  ipc.Server (Server.java:run(1460)) - IPC Server Responder: starting
2020-12-22 13:10:35,022 [IPC Server listener on 0] INFO  ipc.Server (Server.java:run(1298)) - IPC Server listener on 0: starting
2020-12-22 13:10:35,027 [Listener at 0.0.0.0/34755] INFO  http.HttpServer2 (HttpServer2.java:bindListener(1238)) - Jetty bound to port 37289
2020-12-22 13:10:35,029 [Listener at 0.0.0.0/34755] INFO  server.Server (Server.java:doStart(375)) - jetty-9.4.34.v20201102; built: 2020-11-02T14:15:39.302Z; git: e46af88704a893fc12cb0e3bf46e2c7b48a009e7; jvm 1.8.0_232-b09
2020-12-22 13:10:35,067 [Listener at 0.0.0.0/34755] INFO  server.session (DefaultSessionIdManager.java:doStart(334)) - DefaultSessionIdManager workerName=node0
2020-12-22 13:10:35,068 [Listener at 0.0.0.0/34755] INFO  server.session (DefaultSessionIdManager.java:doStart(339)) - No SessionScavenger set, using defaults
2020-12-22 13:10:35,070 [Listener at 0.0.0.0/34755] INFO  server.session (HouseKeeper.java:startScavenging(132)) - node0 Scavenging every 600000ms
2020-12-22 13:10:35,093 [Listener at 0.0.0.0/34755] INFO  handler.ContextHandler (ContextHandler.java:doStart(916)) - Started o.e.j.s.ServletContextHandler@6b444177{logs,/logs,file:///github/workspace/mnt/ozone/hadoop-ozone/integration-test/target/log,AVAILABLE}
2020-12-22 13:10:35,094 [Listener at 0.0.0.0/34755] INFO  handler.ContextHandler (ContextHandler.java:doStart(916)) - Started o.e.j.s.ServletContextHandler@d191d17{static,/static,file:///github/workspace/mnt/ozone/hadoop-ozone/integration-test/target/test-classes/webapps/static,AVAILABLE}
2020-12-22 13:10:35,151 [Listener at 0.0.0.0/34755] INFO  handler.ContextHandler (ContextHandler.java:doStart(916)) - Started o.e.j.w.WebAppContext@56c7cc0b{scm,/,file:///github/workspace/mnt/ozone/hadoop-ozone/integration-test/target/test-classes/webapps/scm/,AVAILABLE}{file:/github/workspace/mnt/ozone/hadoop-ozone/integration-test/target/test-classes/webapps/scm}
2020-12-22 13:10:35,160 [Listener at 0.0.0.0/34755] INFO  server.AbstractConnector (AbstractConnector.java:doStart(331)) - Started ServerConnector@26430326{HTTP/1.1, (http/1.1)}{0.0.0.0:37289}
2020-12-22 13:10:35,161 [Listener at 0.0.0.0/34755] INFO  server.Server (Server.java:doStart(415)) - Started @3820ms
2020-12-22 13:10:35,163 [Listener at 0.0.0.0/34755] INFO  impl.MetricsSinkAdapter (MetricsSinkAdapter.java:start(204)) - Sink prometheus started
2020-12-22 13:10:35,163 [Listener at 0.0.0.0/34755] INFO  impl.MetricsSystemImpl (MetricsSystemImpl.java:registerSink(301)) - Registered sink prometheus
2020-12-22 13:10:35,168 [Listener at 0.0.0.0/34755] INFO  http.BaseHttpServer (BaseHttpServer.java:updateConnectorAddress(327)) - HTTP server of scm listening at http://0.0.0.0:37289
2020-12-22 13:10:35,175 [Listener at 0.0.0.0/34755] WARN  server.ServerUtils (ServerUtils.java:getDBPath(225)) - ozone.om.db.dirs is not configured. We recommend adding this setting. Falling back to ozone.metadata.dirs instead.
2020-12-22 13:10:35,189 [org.apache.hadoop.util.JvmPauseMonitor$Monitor@24959ff5] INFO  util.JvmPauseMonitor (JvmPauseMonitor.java:run(188)) - Starting JVM pause monitor
2020-12-22 13:10:35,294 [Listener at 0.0.0.0/34755] INFO  ha.OMHANodeDetails (OMHANodeDetails.java:loadOMHAConfig(104)) - ozone.om.internal.service.id is not defined, falling back to ozone.om.service.ids to find serviceID for OzoneManager if it is HA enabled cluster
2020-12-22 13:10:35,297 [Listener at 0.0.0.0/34755] INFO  ha.OMHANodeDetails (OMHANodeDetails.java:loadOMHAConfig(213)) - Configuration either no ozone.om.address set. Falling back to the default OM address /127.0.0.1:0
2020-12-22 13:10:35,297 [Listener at 0.0.0.0/34755] INFO  ha.OMHANodeDetails (OMHANodeDetails.java:getOMNodeDetails(241)) - OM Service ID is not set. Setting it to the default ID: omServiceIdDefault
2020-12-22 13:10:35,300 [Listener at 0.0.0.0/34755] WARN  server.ServerUtils (ServerUtils.java:getDBPath(225)) - ozone.om.db.dirs is not configured. We recommend adding this setting. Falling back to ozone.metadata.dirs instead.
2020-12-22 13:10:35,300 [Listener at 0.0.0.0/34755] WARN  server.ServerUtils (ServerUtils.java:getDBPath(225)) - ozone.om.db.dirs is not configured. We recommend adding this setting. Falling back to ozone.metadata.dirs instead.
2020-12-22 13:10:36,127 [Listener at 0.0.0.0/34755] WARN  server.ServerUtils (ServerUtils.java:getDBPath(225)) - ozone.om.db.dirs is not configured. We recommend adding this setting. Falling back to ozone.metadata.dirs instead.
2020-12-22 13:10:36,136 [Listener at 0.0.0.0/34755] INFO  codec.OmKeyInfoCodec (OmKeyInfoCodec.java:<init>(41)) - OmKeyInfoCodec ignorePipeline = true
2020-12-22 13:10:36,137 [Listener at 0.0.0.0/34755] INFO  codec.RepeatedOmKeyInfoCodec (RepeatedOmKeyInfoCodec.java:<init>(40)) - RepeatedOmKeyInfoCodec ignorePipeline = true
2020-12-22 13:10:36,308 [Listener at 0.0.0.0/34755] INFO  om.OzoneManager (OzoneManager.java:addS3GVolumeToDB(3737)) - Created Volume s3v With Owner jenkins1001 required for S3Gateway operations.
2020-12-22 13:10:36,334 [Listener at 0.0.0.0/34755] INFO  ipc.CallQueueManager (CallQueueManager.java:<init>(84)) - Using callQueue: class java.util.concurrent.LinkedBlockingQueue, queueCapacity: 2000, scheduler: class org.apache.hadoop.ipc.DefaultRpcScheduler, ipcBackoff: false.
2020-12-22 13:10:36,338 [Socket Reader #1 for port 0] INFO  ipc.Server (Server.java:run(1219)) - Starting Socket Reader #1 for port 0
2020-12-22 13:10:36,370 [Listener at 127.0.0.1/34251] INFO  impl.MetricsSystemImpl (MetricsSystemImpl.java:init(158)) - OzoneManager metrics system started (again)
2020-12-22 13:10:36,372 [Listener at 127.0.0.1/34251] INFO  om.OzoneManager (OzoneManager.java:start(1144)) - OzoneManager RPC server is listening at localhost/127.0.0.1:34251
2020-12-22 13:10:36,408 [Listener at 127.0.0.1/34251] INFO  http.BaseHttpServer (BaseHttpServer.java:newHttpServer2BuilderForOzone(207)) - Starting Web-server for ozoneManager at: http://0.0.0.0:0
2020-12-22 13:10:36,408 [Listener at 127.0.0.1/34251] INFO  http.BaseHttpServer (BaseHttpServer.java:<init>(106)) - Hadoop Security Enabled: false Ozone Security Enabled: false Ozone HTTP Security Enabled: false 
2020-12-22 13:10:36,410 [Listener at 127.0.0.1/34251] INFO  server.AuthenticationFilter (AuthenticationFilter.java:constructSecretProvider(240)) - Unable to initialize FileSignerSecretProvider, falling back to use random secrets.
2020-12-22 13:10:36,411 [Listener at 127.0.0.1/34251] WARN  http.HttpRequestLog (HttpRequestLog.java:getRequestLog(103)) - Jetty request log can only be enabled using Log4j
2020-12-22 13:10:36,412 [Listener at 127.0.0.1/34251] INFO  http.HttpServer2 (HttpServer2.java:addGlobalFilter(1020)) - Added global filter 'safety' (class=org.apache.hadoop.hdds.server.http.HttpServer2$QuotingInputFilter)
2020-12-22 13:10:36,413 [Listener at 127.0.0.1/34251] INFO  http.HttpServer2 (HttpServer2.java:addFilter(996)) - Added filter static_user_filter (class=org.apache.hadoop.http.lib.StaticUserWebFilter$StaticUserFilter) to context ozoneManager
2020-12-22 13:10:36,413 [Listener at 127.0.0.1/34251] INFO  http.HttpServer2 (HttpServer2.java:addFilter(1004)) - Added filter static_user_filter (class=org.apache.hadoop.http.lib.StaticUserWebFilter$StaticUserFilter) to context logs
2020-12-22 13:10:36,413 [Listener at 127.0.0.1/34251] INFO  http.HttpServer2 (HttpServer2.java:addFilter(1004)) - Added filter static_user_filter (class=org.apache.hadoop.http.lib.StaticUserWebFilter$StaticUserFilter) to context static
2020-12-22 13:10:36,418 [Listener at 127.0.0.1/34251] INFO  http.HttpServer2 (HttpServer2.java:bindListener(1238)) - Jetty bound to port 36023
2020-12-22 13:10:36,418 [Listener at 127.0.0.1/34251] INFO  server.Server (Server.java:doStart(375)) - jetty-9.4.34.v20201102; built: 2020-11-02T14:15:39.302Z; git: e46af88704a893fc12cb0e3bf46e2c7b48a009e7; jvm 1.8.0_232-b09
2020-12-22 13:10:36,422 [Listener at 127.0.0.1/34251] INFO  server.session (DefaultSessionIdManager.java:doStart(334)) - DefaultSessionIdManager workerName=node0
2020-12-22 13:10:36,422 [Listener at 127.0.0.1/34251] INFO  server.session (DefaultSessionIdManager.java:doStart(339)) - No SessionScavenger set, using defaults
2020-12-22 13:10:36,422 [Listener at 127.0.0.1/34251] INFO  server.session (HouseKeeper.java:startScavenging(132)) - node0 Scavenging every 660000ms
2020-12-22 13:10:36,423 [Listener at 127.0.0.1/34251] INFO  handler.ContextHandler (ContextHandler.java:doStart(916)) - Started o.e.j.s.ServletContextHandler@44589e09{logs,/logs,file:///github/workspace/mnt/ozone/hadoop-ozone/integration-test/target/log,AVAILABLE}
2020-12-22 13:10:36,424 [Listener at 127.0.0.1/34251] INFO  handler.ContextHandler (ContextHandler.java:doStart(916)) - Started o.e.j.s.ServletContextHandler@467e2d7b{static,/static,file:///github/workspace/mnt/ozone/hadoop-ozone/integration-test/target/test-classes/webapps/static,AVAILABLE}
2020-12-22 13:10:36,430 [Listener at 127.0.0.1/34251] INFO  handler.ContextHandler (ContextHandler.java:doStart(916)) - Started o.e.j.w.WebAppContext@6757f9a5{ozoneManager,/,file:///github/workspace/mnt/ozone/hadoop-ozone/integration-test/target/test-classes/webapps/ozoneManager/,AVAILABLE}{file:/github/workspace/mnt/ozone/hadoop-ozone/integration-test/target/test-classes/webapps/ozoneManager}
2020-12-22 13:10:36,433 [Listener at 127.0.0.1/34251] INFO  server.AbstractConnector (AbstractConnector.java:doStart(331)) - Started ServerConnector@3f7fb1a1{HTTP/1.1, (http/1.1)}{0.0.0.0:36023}
2020-12-22 13:10:36,433 [Listener at 127.0.0.1/34251] INFO  server.Server (Server.java:doStart(415)) - Started @5092ms
2020-12-22 13:10:36,433 [Listener at 127.0.0.1/34251] WARN  impl.MetricsSystemImpl (MetricsSystemImpl.java:register(276)) - Sink prometheus already exists!
2020-12-22 13:10:36,436 [Listener at 127.0.0.1/34251] INFO  http.BaseHttpServer (BaseHttpServer.java:updateConnectorAddress(327)) - HTTP server of ozoneManager listening at http://0.0.0.0:36023
2020-12-22 13:10:36,436 [IPC Server Responder] INFO  ipc.Server (Server.java:run(1460)) - IPC Server Responder: starting
2020-12-22 13:10:36,437 [IPC Server listener on 0] INFO  ipc.Server (Server.java:run(1298)) - IPC Server listener on 0: starting
2020-12-22 13:10:36,442 [Listener at 127.0.0.1/34251] INFO  om.OzoneManager (OzoneManager.java:startTrashEmptier(1265)) - Trash Interval set to 0. Files deleted will not move to trash
2020-12-22 13:10:36,451 [org.apache.hadoop.util.JvmPauseMonitor$Monitor@16b947a] INFO  util.JvmPauseMonitor (JvmPauseMonitor.java:run(188)) - Starting JVM pause monitor
2020-12-22 13:10:36,645 [Listener at 127.0.0.1/34251] INFO  metrics.MetricRegistries (MetricRegistriesLoader.java:load(64)) - Loaded MetricRegistries class org.apache.ratis.metrics.impl.MetricRegistriesImpl
2020-12-22 13:10:36,647 [Listener at 127.0.0.1/34251] INFO  impl.MetricsSystemImpl (MetricsSystemImpl.java:init(158)) - HddsDatanode metrics system started (again)
2020-12-22 13:10:36,650 [Listener at 127.0.0.1/34251] INFO  ozone.HddsDatanodeService (HddsDatanodeService.java:start(217)) - HddsDatanodeService host:60c1c0eb1cfd ip:172.17.0.2
2020-12-22 13:10:36,769 [Listener at 127.0.0.1/34251] INFO  volume.HddsVolume (HddsVolume.java:<init>(176)) - Creating Volume: /github/workspace/mnt/ozone/hadoop-ozone/integration-test/target/test-dir/MiniOzoneClusterImpl-0c7722d3-6e51-44b5-a6be-ee21012bb99e/datanode-0/data-0/containers/hdds of storage type : DISK and capacity : 9223372036854775807
2020-12-22 13:10:36,773 [Listener at 127.0.0.1/34251] INFO  volume.MutableVolumeSet (MutableVolumeSet.java:initializeVolumeSet(179)) - Added Volume : /github/workspace/mnt/ozone/hadoop-ozone/integration-test/target/test-dir/MiniOzoneClusterImpl-0c7722d3-6e51-44b5-a6be-ee21012bb99e/datanode-0/data-0/containers/hdds to VolumeSet
2020-12-22 13:10:36,774 [Listener at 127.0.0.1/34251] INFO  volume.ThrottledAsyncChecker (ThrottledAsyncChecker.java:schedule(141)) - Scheduling a check for /github/workspace/mnt/ozone/hadoop-ozone/integration-test/target/test-dir/MiniOzoneClusterImpl-0c7722d3-6e51-44b5-a6be-ee21012bb99e/datanode-0/data-0/containers/hdds
2020-12-22 13:10:36,800 [Listener at 127.0.0.1/34251] INFO  volume.HddsVolumeChecker (HddsVolumeChecker.java:checkAllVolumes(200)) - Scheduled health check for volume /github/workspace/mnt/ozone/hadoop-ozone/integration-test/target/test-dir/MiniOzoneClusterImpl-0c7722d3-6e51-44b5-a6be-ee21012bb99e/datanode-0/data-0/containers/hdds
2020-12-22 13:10:36,828 [Thread-129] INFO  ozoneimpl.ContainerReader (ContainerReader.java:readVolume(123)) - Start to verify containers on volume /github/workspace/mnt/ozone/hadoop-ozone/integration-test/target/test-dir/MiniOzoneClusterImpl-0c7722d3-6e51-44b5-a6be-ee21012bb99e/datanode-0/data-0/containers/hdds
2020-12-22 13:10:36,828 [Thread-129] INFO  ozoneimpl.ContainerReader (ContainerReader.java:readVolume(148)) - Finish verifying containers on volume /github/workspace/mnt/ozone/hadoop-ozone/integration-test/target/test-dir/MiniOzoneClusterImpl-0c7722d3-6e51-44b5-a6be-ee21012bb99e/datanode-0/data-0/containers/hdds
2020-12-22 13:10:36,828 [Listener at 127.0.0.1/34251] INFO  ozoneimpl.OzoneContainer (OzoneContainer.java:buildContainerSet(194)) - Build ContainerSet costs 0s
2020-12-22 13:10:37,025 [Listener at 127.0.0.1/34251] INFO  impl.RaftServerProxy (ConfUtils.java:logGet(44)) - raft.rpc.type = GRPC (default)
2020-12-22 13:10:37,108 [Listener at 127.0.0.1/34251] INFO  grpc.GrpcFactory (GrpcFactory.java:checkPooledByteBufAllocatorUseCacheForAllThreads(45)) - PERFORMANCE WARNING: useCacheForAllThreads is true that may cause Netty to create a lot garbage objects and, as a result, trigger GC.
	It is recommended to disable useCacheForAllThreads by setting -Dorg.apache.ratis.thirdparty.io.netty.allocator.useCacheForAllThreads=false in command line.
2020-12-22 13:10:37,114 [Listener at 127.0.0.1/34251] INFO  grpc.GrpcConfigKeys (ConfUtils.java:logGet(44)) - raft.grpc.server.port = 0 (default)
2020-12-22 13:10:37,115 [Listener at 127.0.0.1/34251] INFO  server.GrpcService (ConfUtils.java:logGet(44)) - raft.grpc.message.size.max = 32MB (=33554432) (custom)
2020-12-22 13:10:37,116 [Listener at 127.0.0.1/34251] INFO  server.RaftServerConfigKeys (ConfUtils.java:logGet(44)) - raft.server.log.appender.buffer.byte-limit = 33554432 (custom)
2020-12-22 13:10:37,117 [Listener at 127.0.0.1/34251] INFO  server.GrpcService (ConfUtils.java:logGet(44)) - raft.grpc.flow.control.window = 5MB (=5242880) (custom)
2020-12-22 13:10:37,117 [Listener at 127.0.0.1/34251] INFO  server.RaftServerConfigKeys (ConfUtils.java:logGet(44)) - raft.server.rpc.request.timeout = 3000ms (default)
2020-12-22 13:10:37,317 [Listener at 127.0.0.1/34251] INFO  impl.DataStreamServerImpl (ConfUtils.java:logGet(44)) - raft.datastream.type = DISABLED (default)
2020-12-22 13:10:37,337 [Listener at 127.0.0.1/34251] INFO  server.RaftServerConfigKeys (ConfUtils.java:logGet(44)) - raft.server.storage.dir = [/github/workspace/mnt/ozone/hadoop-ozone/integration-test/target/test-dir/MiniOzoneClusterImpl-0c7722d3-6e51-44b5-a6be-ee21012bb99e/datanode-0/data/ratis] (custom)
2020-12-22 13:10:37,417 [Listener at 127.0.0.1/34251] INFO  http.BaseHttpServer (BaseHttpServer.java:newHttpServer2BuilderForOzone(207)) - Starting Web-server for hddsDatanode at: http://0.0.0.0:0
2020-12-22 13:10:37,418 [Listener at 127.0.0.1/34251] INFO  http.BaseHttpServer (BaseHttpServer.java:<init>(106)) - Hadoop Security Enabled: false Ozone Security Enabled: false Ozone HTTP Security Enabled: false 
2020-12-22 13:10:37,420 [Listener at 127.0.0.1/34251] INFO  server.AuthenticationFilter (AuthenticationFilter.java:constructSecretProvider(240)) - Unable to initialize FileSignerSecretProvider, falling back to use random secrets.
2020-12-22 13:10:37,420 [Listener at 127.0.0.1/34251] WARN  http.HttpRequestLog (HttpRequestLog.java:getRequestLog(103)) - Jetty request log can only be enabled using Log4j
2020-12-22 13:10:37,421 [Listener at 127.0.0.1/34251] INFO  http.HttpServer2 (HttpServer2.java:addGlobalFilter(1020)) - Added global filter 'safety' (class=org.apache.hadoop.hdds.server.http.HttpServer2$QuotingInputFilter)
2020-12-22 13:10:37,422 [Listener at 127.0.0.1/34251] INFO  http.HttpServer2 (HttpServer2.java:addFilter(996)) - Added filter static_user_filter (class=org.apache.hadoop.http.lib.StaticUserWebFilter$StaticUserFilter) to context hddsDatanode
2020-12-22 13:10:37,423 [Listener at 127.0.0.1/34251] INFO  http.HttpServer2 (HttpServer2.java:addFilter(1004)) - Added filter static_user_filter (class=org.apache.hadoop.http.lib.StaticUserWebFilter$StaticUserFilter) to context static
2020-12-22 13:10:37,423 [Listener at 127.0.0.1/34251] INFO  http.HttpServer2 (HttpServer2.java:addFilter(1004)) - Added filter static_user_filter (class=org.apache.hadoop.http.lib.StaticUserWebFilter$StaticUserFilter) to context logs
2020-12-22 13:10:37,424 [Listener at 127.0.0.1/34251] INFO  http.HttpServer2 (HttpServer2.java:bindListener(1238)) - Jetty bound to port 40115
2020-12-22 13:10:37,424 [Listener at 127.0.0.1/34251] INFO  server.Server (Server.java:doStart(375)) - jetty-9.4.34.v20201102; built: 2020-11-02T14:15:39.302Z; git: e46af88704a893fc12cb0e3bf46e2c7b48a009e7; jvm 1.8.0_232-b09
2020-12-22 13:10:37,435 [Listener at 127.0.0.1/34251] INFO  server.session (DefaultSessionIdManager.java:doStart(334)) - DefaultSessionIdManager workerName=node0
2020-12-22 13:10:37,435 [Listener at 127.0.0.1/34251] INFO  server.session (DefaultSessionIdManager.java:doStart(339)) - No SessionScavenger set, using defaults
2020-12-22 13:10:37,436 [Listener at 127.0.0.1/34251] INFO  server.session (HouseKeeper.java:startScavenging(132)) - node0 Scavenging every 660000ms
2020-12-22 13:10:37,442 [Listener at 127.0.0.1/34251] INFO  handler.ContextHandler (ContextHandler.java:doStart(916)) - Started o.e.j.s.ServletContextHandler@46880242{logs,/logs,file:///github/workspace/mnt/ozone/hadoop-ozone/integration-test/target/log,AVAILABLE}
2020-12-22 13:10:37,443 [Listener at 127.0.0.1/34251] INFO  handler.ContextHandler (ContextHandler.java:doStart(916)) - Started o.e.j.s.ServletContextHandler@46351d65{static,/static,jar:file:/home/user/.m2/repository/org/apache/hadoop/hadoop-hdds-container-service/1.1.0-SNAPSHOT/hadoop-hdds-container-service-1.1.0-SNAPSHOT.jar!/webapps/static,AVAILABLE}
2020-12-22 13:10:37,678 [Listener at 127.0.0.1/34251] INFO  handler.ContextHandler (ContextHandler.java:doStart(916)) - Started o.e.j.w.WebAppContext@5e0752{hddsDatanode,/,file:///tmp/jetty-0_0_0_0-40115-hadoop-hdds-container-service-1_1_0-SNAPSHOT_jar-_-any-5760354981080678408/webapp/,AVAILABLE}{jar:file:/home/user/.m2/repository/org/apache/hadoop/hadoop-hdds-container-service/1.1.0-SNAPSHOT/hadoop-hdds-container-service-1.1.0-SNAPSHOT.jar!/webapps/hddsDatanode}
2020-12-22 13:10:37,679 [Listener at 127.0.0.1/34251] INFO  server.AbstractConnector (AbstractConnector.java:doStart(331)) - Started ServerConnector@5b40e241{HTTP/1.1, (http/1.1)}{0.0.0.0:40115}
2020-12-22 13:10:37,680 [Listener at 127.0.0.1/34251] INFO  server.Server (Server.java:doStart(415)) - Started @6339ms
2020-12-22 13:10:37,681 [Listener at 127.0.0.1/34251] WARN  impl.MetricsSystemImpl (MetricsSystemImpl.java:register(276)) - Sink prometheus already exists!
2020-12-22 13:10:37,685 [Listener at 127.0.0.1/34251] INFO  http.BaseHttpServer (BaseHttpServer.java:updateConnectorAddress(327)) - HTTP server of hddsDatanode listening at http://0.0.0.0:40115
2020-12-22 13:10:37,687 [Listener at 127.0.0.1/34251] INFO  impl.MetricsSystemImpl (MetricsSystemImpl.java:init(158)) - HddsDatanode metrics system started (again)
2020-12-22 13:10:37,688 [Listener at 127.0.0.1/34251] INFO  ozone.HddsDatanodeService (HddsDatanodeService.java:start(217)) - HddsDatanodeService host:60c1c0eb1cfd ip:172.17.0.2
2020-12-22 13:10:37,692 [Listener at 127.0.0.1/34251] INFO  volume.HddsVolume (HddsVolume.java:<init>(176)) - Creating Volume: /github/workspace/mnt/ozone/hadoop-ozone/integration-test/target/test-dir/MiniOzoneClusterImpl-0c7722d3-6e51-44b5-a6be-ee21012bb99e/datanode-1/data-0/containers/hdds of storage type : DISK and capacity : 9223372036854775807
2020-12-22 13:10:37,692 [Listener at 127.0.0.1/34251] INFO  volume.MutableVolumeSet (MutableVolumeSet.java:initializeVolumeSet(179)) - Added Volume : /github/workspace/mnt/ozone/hadoop-ozone/integration-test/target/test-dir/MiniOzoneClusterImpl-0c7722d3-6e51-44b5-a6be-ee21012bb99e/datanode-1/data-0/containers/hdds to VolumeSet
2020-12-22 13:10:37,693 [Listener at 127.0.0.1/34251] INFO  volume.ThrottledAsyncChecker (ThrottledAsyncChecker.java:schedule(141)) - Scheduling a check for /github/workspace/mnt/ozone/hadoop-ozone/integration-test/target/test-dir/MiniOzoneClusterImpl-0c7722d3-6e51-44b5-a6be-ee21012bb99e/datanode-1/data-0/containers/hdds
2020-12-22 13:10:37,698 [Listener at 127.0.0.1/34251] INFO  volume.HddsVolumeChecker (HddsVolumeChecker.java:checkAllVolumes(200)) - Scheduled health check for volume /github/workspace/mnt/ozone/hadoop-ozone/integration-test/target/test-dir/MiniOzoneClusterImpl-0c7722d3-6e51-44b5-a6be-ee21012bb99e/datanode-1/data-0/containers/hdds
2020-12-22 13:10:37,726 [org.apache.hadoop.util.JvmPauseMonitor$Monitor@1abd051f] INFO  util.JvmPauseMonitor (JvmPauseMonitor.java:run(188)) - Starting JVM pause monitor
2020-12-22 13:10:37,738 [Thread-140] INFO  ozoneimpl.ContainerReader (ContainerReader.java:readVolume(123)) - Start to verify containers on volume /github/workspace/mnt/ozone/hadoop-ozone/integration-test/target/test-dir/MiniOzoneClusterImpl-0c7722d3-6e51-44b5-a6be-ee21012bb99e/datanode-1/data-0/containers/hdds
2020-12-22 13:10:37,741 [Thread-140] INFO  ozoneimpl.ContainerReader (ContainerReader.java:readVolume(148)) - Finish verifying containers on volume /github/workspace/mnt/ozone/hadoop-ozone/integration-test/target/test-dir/MiniOzoneClusterImpl-0c7722d3-6e51-44b5-a6be-ee21012bb99e/datanode-1/data-0/containers/hdds
2020-12-22 13:10:37,741 [Listener at 127.0.0.1/34251] INFO  ozoneimpl.OzoneContainer (OzoneContainer.java:buildContainerSet(194)) - Build ContainerSet costs 0s
2020-12-22 13:10:37,750 [Listener at 127.0.0.1/34251] INFO  impl.RaftServerProxy (ConfUtils.java:logGet(44)) - raft.rpc.type = GRPC (default)
2020-12-22 13:10:37,750 [Listener at 127.0.0.1/34251] INFO  grpc.GrpcFactory (GrpcFactory.java:checkPooledByteBufAllocatorUseCacheForAllThreads(45)) - PERFORMANCE WARNING: useCacheForAllThreads is true that may cause Netty to create a lot garbage objects and, as a result, trigger GC.
	It is recommended to disable useCacheForAllThreads by setting -Dorg.apache.ratis.thirdparty.io.netty.allocator.useCacheForAllThreads=false in command line.
2020-12-22 13:10:37,750 [Listener at 127.0.0.1/34251] INFO  grpc.GrpcConfigKeys (ConfUtils.java:logGet(44)) - raft.grpc.server.port = 0 (default)
2020-12-22 13:10:37,750 [Listener at 127.0.0.1/34251] INFO  server.GrpcService (ConfUtils.java:logGet(44)) - raft.grpc.message.size.max = 32MB (=33554432) (custom)
2020-12-22 13:10:37,751 [Listener at 127.0.0.1/34251] INFO  server.RaftServerConfigKeys (ConfUtils.java:logGet(44)) - raft.server.log.appender.buffer.byte-limit = 33554432 (custom)
2020-12-22 13:10:37,751 [Listener at 127.0.0.1/34251] INFO  server.GrpcService (ConfUtils.java:logGet(44)) - raft.grpc.flow.control.window = 5MB (=5242880) (custom)
2020-12-22 13:10:37,751 [Listener at 127.0.0.1/34251] INFO  server.RaftServerConfigKeys (ConfUtils.java:logGet(44)) - raft.server.rpc.request.timeout = 3000ms (default)
2020-12-22 13:10:37,754 [Listener at 127.0.0.1/34251] INFO  impl.DataStreamServerImpl (ConfUtils.java:logGet(44)) - raft.datastream.type = DISABLED (default)
2020-12-22 13:10:37,758 [Listener at 127.0.0.1/34251] INFO  server.RaftServerConfigKeys (ConfUtils.java:logGet(44)) - raft.server.storage.dir = [/github/workspace/mnt/ozone/hadoop-ozone/integration-test/target/test-dir/MiniOzoneClusterImpl-0c7722d3-6e51-44b5-a6be-ee21012bb99e/datanode-1/data/ratis] (custom)
2020-12-22 13:10:37,771 [Listener at 127.0.0.1/34251] INFO  http.BaseHttpServer (BaseHttpServer.java:newHttpServer2BuilderForOzone(207)) - Starting Web-server for hddsDatanode at: http://0.0.0.0:0
2020-12-22 13:10:37,771 [Listener at 127.0.0.1/34251] INFO  http.BaseHttpServer (BaseHttpServer.java:<init>(106)) - Hadoop Security Enabled: false Ozone Security Enabled: false Ozone HTTP Security Enabled: false 
2020-12-22 13:10:37,773 [Listener at 127.0.0.1/34251] INFO  server.AuthenticationFilter (AuthenticationFilter.java:constructSecretProvider(240)) - Unable to initialize FileSignerSecretProvider, falling back to use random secrets.
2020-12-22 13:10:37,782 [Listener at 127.0.0.1/34251] WARN  http.HttpRequestLog (HttpRequestLog.java:getRequestLog(103)) - Jetty request log can only be enabled using Log4j
2020-12-22 13:10:37,783 [Listener at 127.0.0.1/34251] INFO  http.HttpServer2 (HttpServer2.java:addGlobalFilter(1020)) - Added global filter 'safety' (class=org.apache.hadoop.hdds.server.http.HttpServer2$QuotingInputFilter)
2020-12-22 13:10:37,792 [Listener at 127.0.0.1/34251] INFO  http.HttpServer2 (HttpServer2.java:addFilter(996)) - Added filter static_user_filter (class=org.apache.hadoop.http.lib.StaticUserWebFilter$StaticUserFilter) to context hddsDatanode
2020-12-22 13:10:37,792 [Listener at 127.0.0.1/34251] INFO  http.HttpServer2 (HttpServer2.java:addFilter(1004)) - Added filter static_user_filter (class=org.apache.hadoop.http.lib.StaticUserWebFilter$StaticUserFilter) to context logs
2020-12-22 13:10:37,792 [Listener at 127.0.0.1/34251] INFO  http.HttpServer2 (HttpServer2.java:addFilter(1004)) - Added filter static_user_filter (class=org.apache.hadoop.http.lib.StaticUserWebFilter$StaticUserFilter) to context static
2020-12-22 13:10:37,793 [Listener at 127.0.0.1/34251] INFO  http.HttpServer2 (HttpServer2.java:bindListener(1238)) - Jetty bound to port 36705
2020-12-22 13:10:37,793 [Listener at 127.0.0.1/34251] INFO  server.Server (Server.java:doStart(375)) - jetty-9.4.34.v20201102; built: 2020-11-02T14:15:39.302Z; git: e46af88704a893fc12cb0e3bf46e2c7b48a009e7; jvm 1.8.0_232-b09
2020-12-22 13:10:37,796 [Listener at 127.0.0.1/34251] INFO  server.session (DefaultSessionIdManager.java:doStart(334)) - DefaultSessionIdManager workerName=node0
2020-12-22 13:10:37,797 [Listener at 127.0.0.1/34251] INFO  server.session (DefaultSessionIdManager.java:doStart(339)) - No SessionScavenger set, using defaults
2020-12-22 13:10:37,797 [Listener at 127.0.0.1/34251] INFO  server.session (HouseKeeper.java:startScavenging(132)) - node0 Scavenging every 600000ms
2020-12-22 13:10:37,798 [Listener at 127.0.0.1/34251] INFO  handler.ContextHandler (ContextHandler.java:doStart(916)) - Started o.e.j.s.ServletContextHandler@374fb4be{logs,/logs,file:///github/workspace/mnt/ozone/hadoop-ozone/integration-test/target/log,AVAILABLE}
2020-12-22 13:10:37,798 [Listener at 127.0.0.1/34251] INFO  handler.ContextHandler (ContextHandler.java:doStart(916)) - Started o.e.j.s.ServletContextHandler@287af3d4{static,/static,jar:file:/home/user/.m2/repository/org/apache/hadoop/hadoop-hdds-container-service/1.1.0-SNAPSHOT/hadoop-hdds-container-service-1.1.0-SNAPSHOT.jar!/webapps/static,AVAILABLE}
2020-12-22 13:10:37,927 [Datanode State Machine Task Thread - 0] INFO  datanode.InitDatanodeState (InitDatanodeState.java:persistContainerDatanodeDetails(145)) - DatanodeDetails is persisted to /github/workspace/mnt/ozone/hadoop-ozone/integration-test/target/test-dir/MiniOzoneClusterImpl-0c7722d3-6e51-44b5-a6be-ee21012bb99e/datanode-0/meta/datanode.id
2020-12-22 13:10:38,003 [Listener at 127.0.0.1/34251] INFO  handler.ContextHandler (ContextHandler.java:doStart(916)) - Started o.e.j.w.WebAppContext@575bee59{hddsDatanode,/,file:///tmp/jetty-0_0_0_0-36705-hadoop-hdds-container-service-1_1_0-SNAPSHOT_jar-_-any-5557584844986014209/webapp/,AVAILABLE}{jar:file:/home/user/.m2/repository/org/apache/hadoop/hadoop-hdds-container-service/1.1.0-SNAPSHOT/hadoop-hdds-container-service-1.1.0-SNAPSHOT.jar!/webapps/hddsDatanode}
2020-12-22 13:10:38,006 [Listener at 127.0.0.1/34251] INFO  server.AbstractConnector (AbstractConnector.java:doStart(331)) - Started ServerConnector@5364f311{HTTP/1.1, (http/1.1)}{0.0.0.0:36705}
2020-12-22 13:10:38,006 [Listener at 127.0.0.1/34251] INFO  server.Server (Server.java:doStart(415)) - Started @6665ms
2020-12-22 13:10:38,006 [Listener at 127.0.0.1/34251] WARN  impl.MetricsSystemImpl (MetricsSystemImpl.java:register(276)) - Sink prometheus already exists!
2020-12-22 13:10:38,010 [Listener at 127.0.0.1/34251] INFO  http.BaseHttpServer (BaseHttpServer.java:updateConnectorAddress(327)) - HTTP server of hddsDatanode listening at http://0.0.0.0:36705
2020-12-22 13:10:38,013 [Listener at 127.0.0.1/34251] INFO  impl.MetricsSystemImpl (MetricsSystemImpl.java:init(158)) - HddsDatanode metrics system started (again)
2020-12-22 13:10:38,018 [Listener at 127.0.0.1/34251] INFO  ozone.HddsDatanodeService (HddsDatanodeService.java:start(217)) - HddsDatanodeService host:60c1c0eb1cfd ip:172.17.0.2
2020-12-22 13:10:38,020 [Listener at 127.0.0.1/34251] INFO  volume.HddsVolume (HddsVolume.java:<init>(176)) - Creating Volume: /github/workspace/mnt/ozone/hadoop-ozone/integration-test/target/test-dir/MiniOzoneClusterImpl-0c7722d3-6e51-44b5-a6be-ee21012bb99e/datanode-2/data-0/containers/hdds of storage type : DISK and capacity : 9223372036854775807
2020-12-22 13:10:38,021 [Listener at 127.0.0.1/34251] INFO  volume.MutableVolumeSet (MutableVolumeSet.java:initializeVolumeSet(179)) - Added Volume : /github/workspace/mnt/ozone/hadoop-ozone/integration-test/target/test-dir/MiniOzoneClusterImpl-0c7722d3-6e51-44b5-a6be-ee21012bb99e/datanode-2/data-0/containers/hdds to VolumeSet
2020-12-22 13:10:38,022 [Listener at 127.0.0.1/34251] INFO  volume.ThrottledAsyncChecker (ThrottledAsyncChecker.java:schedule(141)) - Scheduling a check for /github/workspace/mnt/ozone/hadoop-ozone/integration-test/target/test-dir/MiniOzoneClusterImpl-0c7722d3-6e51-44b5-a6be-ee21012bb99e/datanode-2/data-0/containers/hdds
2020-12-22 13:10:38,034 [Listener at 127.0.0.1/34251] INFO  volume.HddsVolumeChecker (HddsVolumeChecker.java:checkAllVolumes(200)) - Scheduled health check for volume /github/workspace/mnt/ozone/hadoop-ozone/integration-test/target/test-dir/MiniOzoneClusterImpl-0c7722d3-6e51-44b5-a6be-ee21012bb99e/datanode-2/data-0/containers/hdds
2020-12-22 13:10:38,046 [org.apache.hadoop.util.JvmPauseMonitor$Monitor@7ed9d7da] INFO  util.JvmPauseMonitor (JvmPauseMonitor.java:run(188)) - Starting JVM pause monitor
2020-12-22 13:10:38,063 [Thread-151] INFO  ozoneimpl.ContainerReader (ContainerReader.java:readVolume(123)) - Start to verify containers on volume /github/workspace/mnt/ozone/hadoop-ozone/integration-test/target/test-dir/MiniOzoneClusterImpl-0c7722d3-6e51-44b5-a6be-ee21012bb99e/datanode-2/data-0/containers/hdds
2020-12-22 13:10:38,063 [Thread-151] INFO  ozoneimpl.ContainerReader (ContainerReader.java:readVolume(148)) - Finish verifying containers on volume /github/workspace/mnt/ozone/hadoop-ozone/integration-test/target/test-dir/MiniOzoneClusterImpl-0c7722d3-6e51-44b5-a6be-ee21012bb99e/datanode-2/data-0/containers/hdds
2020-12-22 13:10:38,067 [Listener at 127.0.0.1/34251] INFO  ozoneimpl.OzoneContainer (OzoneContainer.java:buildContainerSet(194)) - Build ContainerSet costs 0s
2020-12-22 13:10:38,069 [Datanode State Machine Task Thread - 0] INFO  datanode.InitDatanodeState (InitDatanodeState.java:persistContainerDatanodeDetails(145)) - DatanodeDetails is persisted to /github/workspace/mnt/ozone/hadoop-ozone/integration-test/target/test-dir/MiniOzoneClusterImpl-0c7722d3-6e51-44b5-a6be-ee21012bb99e/datanode-1/meta/datanode.id
2020-12-22 13:10:38,077 [Listener at 127.0.0.1/34251] INFO  impl.RaftServerProxy (ConfUtils.java:logGet(44)) - raft.rpc.type = GRPC (default)
2020-12-22 13:10:38,077 [Listener at 127.0.0.1/34251] INFO  grpc.GrpcFactory (GrpcFactory.java:checkPooledByteBufAllocatorUseCacheForAllThreads(45)) - PERFORMANCE WARNING: useCacheForAllThreads is true that may cause Netty to create a lot garbage objects and, as a result, trigger GC.
	It is recommended to disable useCacheForAllThreads by setting -Dorg.apache.ratis.thirdparty.io.netty.allocator.useCacheForAllThreads=false in command line.
2020-12-22 13:10:38,078 [Listener at 127.0.0.1/34251] INFO  grpc.GrpcConfigKeys (ConfUtils.java:logGet(44)) - raft.grpc.server.port = 0 (default)
2020-12-22 13:10:38,078 [Listener at 127.0.0.1/34251] INFO  server.GrpcService (ConfUtils.java:logGet(44)) - raft.grpc.message.size.max = 32MB (=33554432) (custom)
2020-12-22 13:10:38,081 [Listener at 127.0.0.1/34251] INFO  server.RaftServerConfigKeys (ConfUtils.java:logGet(44)) - raft.server.log.appender.buffer.byte-limit = 33554432 (custom)
2020-12-22 13:10:38,081 [Listener at 127.0.0.1/34251] INFO  server.GrpcService (ConfUtils.java:logGet(44)) - raft.grpc.flow.control.window = 5MB (=5242880) (custom)
2020-12-22 13:10:38,081 [Listener at 127.0.0.1/34251] INFO  server.RaftServerConfigKeys (ConfUtils.java:logGet(44)) - raft.server.rpc.request.timeout = 3000ms (default)
2020-12-22 13:10:38,083 [Listener at 127.0.0.1/34251] INFO  impl.DataStreamServerImpl (ConfUtils.java:logGet(44)) - raft.datastream.type = DISABLED (default)
2020-12-22 13:10:38,083 [Listener at 127.0.0.1/34251] INFO  server.RaftServerConfigKeys (ConfUtils.java:logGet(44)) - raft.server.storage.dir = [/github/workspace/mnt/ozone/hadoop-ozone/integration-test/target/test-dir/MiniOzoneClusterImpl-0c7722d3-6e51-44b5-a6be-ee21012bb99e/datanode-2/data/ratis] (custom)
2020-12-22 13:10:38,090 [Listener at 127.0.0.1/34251] INFO  http.BaseHttpServer (BaseHttpServer.java:newHttpServer2BuilderForOzone(207)) - Starting Web-server for hddsDatanode at: http://0.0.0.0:0
2020-12-22 13:10:38,090 [Listener at 127.0.0.1/34251] INFO  http.BaseHttpServer (BaseHttpServer.java:<init>(106)) - Hadoop Security Enabled: false Ozone Security Enabled: false Ozone HTTP Security Enabled: false 
2020-12-22 13:10:38,092 [Listener at 127.0.0.1/34251] INFO  server.AuthenticationFilter (AuthenticationFilter.java:constructSecretProvider(240)) - Unable to initialize FileSignerSecretProvider, falling back to use random secrets.
2020-12-22 13:10:38,094 [Listener at 127.0.0.1/34251] WARN  http.HttpRequestLog (HttpRequestLog.java:getRequestLog(103)) - Jetty request log can only be enabled using Log4j
2020-12-22 13:10:38,095 [Listener at 127.0.0.1/34251] INFO  http.HttpServer2 (HttpServer2.java:addGlobalFilter(1020)) - Added global filter 'safety' (class=org.apache.hadoop.hdds.server.http.HttpServer2$QuotingInputFilter)
2020-12-22 13:10:38,096 [Listener at 127.0.0.1/34251] INFO  http.HttpServer2 (HttpServer2.java:addFilter(996)) - Added filter static_user_filter (class=org.apache.hadoop.http.lib.StaticUserWebFilter$StaticUserFilter) to context hddsDatanode
2020-12-22 13:10:38,097 [Listener at 127.0.0.1/34251] INFO  http.HttpServer2 (HttpServer2.java:addFilter(1004)) - Added filter static_user_filter (class=org.apache.hadoop.http.lib.StaticUserWebFilter$StaticUserFilter) to context static
2020-12-22 13:10:38,097 [Listener at 127.0.0.1/34251] INFO  http.HttpServer2 (HttpServer2.java:addFilter(1004)) - Added filter static_user_filter (class=org.apache.hadoop.http.lib.StaticUserWebFilter$StaticUserFilter) to context logs
2020-12-22 13:10:38,098 [Listener at 127.0.0.1/34251] INFO  http.HttpServer2 (HttpServer2.java:bindListener(1238)) - Jetty bound to port 34955
2020-12-22 13:10:38,099 [Listener at 127.0.0.1/34251] INFO  server.Server (Server.java:doStart(375)) - jetty-9.4.34.v20201102; built: 2020-11-02T14:15:39.302Z; git: e46af88704a893fc12cb0e3bf46e2c7b48a009e7; jvm 1.8.0_232-b09
2020-12-22 13:10:38,106 [Listener at 127.0.0.1/34251] INFO  server.session (DefaultSessionIdManager.java:doStart(334)) - DefaultSessionIdManager workerName=node0
2020-12-22 13:10:38,106 [Listener at 127.0.0.1/34251] INFO  server.session (DefaultSessionIdManager.java:doStart(339)) - No SessionScavenger set, using defaults
2020-12-22 13:10:38,107 [Listener at 127.0.0.1/34251] INFO  server.session (HouseKeeper.java:startScavenging(132)) - node0 Scavenging every 600000ms
2020-12-22 13:10:38,108 [Listener at 127.0.0.1/34251] INFO  handler.ContextHandler (ContextHandler.java:doStart(916)) - Started o.e.j.s.ServletContextHandler@59882630{logs,/logs,file:///github/workspace/mnt/ozone/hadoop-ozone/integration-test/target/log,AVAILABLE}
2020-12-22 13:10:38,108 [Listener at 127.0.0.1/34251] INFO  handler.ContextHandler (ContextHandler.java:doStart(916)) - Started o.e.j.s.ServletContextHandler@28471e24{static,/static,jar:file:/home/user/.m2/repository/org/apache/hadoop/hadoop-hdds-container-service/1.1.0-SNAPSHOT/hadoop-hdds-container-service-1.1.0-SNAPSHOT.jar!/webapps/static,AVAILABLE}
2020-12-22 13:10:38,287 [Listener at 127.0.0.1/34251] INFO  handler.ContextHandler (ContextHandler.java:doStart(916)) - Started o.e.j.w.WebAppContext@b223713{hddsDatanode,/,file:///tmp/jetty-0_0_0_0-34955-hadoop-hdds-container-service-1_1_0-SNAPSHOT_jar-_-any-7320505293057558587/webapp/,AVAILABLE}{jar:file:/home/user/.m2/repository/org/apache/hadoop/hadoop-hdds-container-service/1.1.0-SNAPSHOT/hadoop-hdds-container-service-1.1.0-SNAPSHOT.jar!/webapps/hddsDatanode}
2020-12-22 13:10:38,289 [Listener at 127.0.0.1/34251] INFO  server.AbstractConnector (AbstractConnector.java:doStart(331)) - Started ServerConnector@818544e{HTTP/1.1, (http/1.1)}{0.0.0.0:34955}
2020-12-22 13:10:38,290 [Listener at 127.0.0.1/34251] INFO  server.Server (Server.java:doStart(415)) - Started @6949ms
2020-12-22 13:10:38,291 [Listener at 127.0.0.1/34251] WARN  impl.MetricsSystemImpl (MetricsSystemImpl.java:register(276)) - Sink prometheus already exists!
2020-12-22 13:10:38,295 [Listener at 127.0.0.1/34251] INFO  http.BaseHttpServer (BaseHttpServer.java:updateConnectorAddress(327)) - HTTP server of hddsDatanode listening at http://0.0.0.0:34955
2020-12-22 13:10:38,296 [Listener at 127.0.0.1/34251] INFO  impl.MetricsSystemImpl (MetricsSystemImpl.java:init(158)) - HddsDatanode metrics system started (again)
2020-12-22 13:10:38,298 [Listener at 127.0.0.1/34251] INFO  ozone.HddsDatanodeService (HddsDatanodeService.java:start(217)) - HddsDatanodeService host:60c1c0eb1cfd ip:172.17.0.2
2020-12-22 13:10:38,301 [Listener at 127.0.0.1/34251] INFO  volume.HddsVolume (HddsVolume.java:<init>(176)) - Creating Volume: /github/workspace/mnt/ozone/hadoop-ozone/integration-test/target/test-dir/MiniOzoneClusterImpl-0c7722d3-6e51-44b5-a6be-ee21012bb99e/datanode-3/data-0/containers/hdds of storage type : DISK and capacity : 9223372036854775807
2020-12-22 13:10:38,301 [Listener at 127.0.0.1/34251] INFO  volume.MutableVolumeSet (MutableVolumeSet.java:initializeVolumeSet(179)) - Added Volume : /github/workspace/mnt/ozone/hadoop-ozone/integration-test/target/test-dir/MiniOzoneClusterImpl-0c7722d3-6e51-44b5-a6be-ee21012bb99e/datanode-3/data-0/containers/hdds to VolumeSet
2020-12-22 13:10:38,301 [Listener at 127.0.0.1/34251] INFO  volume.ThrottledAsyncChecker (ThrottledAsyncChecker.java:schedule(141)) - Scheduling a check for /github/workspace/mnt/ozone/hadoop-ozone/integration-test/target/test-dir/MiniOzoneClusterImpl-0c7722d3-6e51-44b5-a6be-ee21012bb99e/datanode-3/data-0/containers/hdds
2020-12-22 13:10:38,306 [org.apache.hadoop.util.JvmPauseMonitor$Monitor@2434ff54] INFO  util.JvmPauseMonitor (JvmPauseMonitor.java:run(188)) - Starting JVM pause monitor
2020-12-22 13:10:38,306 [Listener at 127.0.0.1/34251] INFO  volume.HddsVolumeChecker (HddsVolumeChecker.java:checkAllVolumes(200)) - Scheduled health check for volume /github/workspace/mnt/ozone/hadoop-ozone/integration-test/target/test-dir/MiniOzoneClusterImpl-0c7722d3-6e51-44b5-a6be-ee21012bb99e/datanode-3/data-0/containers/hdds
2020-12-22 13:10:38,308 [Datanode State Machine Task Thread - 0] INFO  datanode.InitDatanodeState (InitDatanodeState.java:persistContainerDatanodeDetails(145)) - DatanodeDetails is persisted to /github/workspace/mnt/ozone/hadoop-ozone/integration-test/target/test-dir/MiniOzoneClusterImpl-0c7722d3-6e51-44b5-a6be-ee21012bb99e/datanode-2/meta/datanode.id
2020-12-22 13:10:38,330 [Thread-162] INFO  ozoneimpl.ContainerReader (ContainerReader.java:readVolume(123)) - Start to verify containers on volume /github/workspace/mnt/ozone/hadoop-ozone/integration-test/target/test-dir/MiniOzoneClusterImpl-0c7722d3-6e51-44b5-a6be-ee21012bb99e/datanode-3/data-0/containers/hdds
2020-12-22 13:10:38,331 [Thread-162] INFO  ozoneimpl.ContainerReader (ContainerReader.java:readVolume(148)) - Finish verifying containers on volume /github/workspace/mnt/ozone/hadoop-ozone/integration-test/target/test-dir/MiniOzoneClusterImpl-0c7722d3-6e51-44b5-a6be-ee21012bb99e/datanode-3/data-0/containers/hdds
2020-12-22 13:10:38,331 [Listener at 127.0.0.1/34251] INFO  ozoneimpl.OzoneContainer (OzoneContainer.java:buildContainerSet(194)) - Build ContainerSet costs 0s
2020-12-22 13:10:38,337 [Listener at 127.0.0.1/34251] INFO  impl.RaftServerProxy (ConfUtils.java:logGet(44)) - raft.rpc.type = GRPC (default)
2020-12-22 13:10:38,338 [Listener at 127.0.0.1/34251] INFO  grpc.GrpcFactory (GrpcFactory.java:checkPooledByteBufAllocatorUseCacheForAllThreads(45)) - PERFORMANCE WARNING: useCacheForAllThreads is true that may cause Netty to create a lot garbage objects and, as a result, trigger GC.
	It is recommended to disable useCacheForAllThreads by setting -Dorg.apache.ratis.thirdparty.io.netty.allocator.useCacheForAllThreads=false in command line.
2020-12-22 13:10:38,338 [Listener at 127.0.0.1/34251] INFO  grpc.GrpcConfigKeys (ConfUtils.java:logGet(44)) - raft.grpc.server.port = 0 (default)
2020-12-22 13:10:38,338 [Listener at 127.0.0.1/34251] INFO  server.GrpcService (ConfUtils.java:logGet(44)) - raft.grpc.message.size.max = 32MB (=33554432) (custom)
2020-12-22 13:10:38,339 [Listener at 127.0.0.1/34251] INFO  server.RaftServerConfigKeys (ConfUtils.java:logGet(44)) - raft.server.log.appender.buffer.byte-limit = 33554432 (custom)
2020-12-22 13:10:38,339 [Listener at 127.0.0.1/34251] INFO  server.GrpcService (ConfUtils.java:logGet(44)) - raft.grpc.flow.control.window = 5MB (=5242880) (custom)
2020-12-22 13:10:38,340 [Listener at 127.0.0.1/34251] INFO  server.RaftServerConfigKeys (ConfUtils.java:logGet(44)) - raft.server.rpc.request.timeout = 3000ms (default)
2020-12-22 13:10:38,341 [Listener at 127.0.0.1/34251] INFO  impl.DataStreamServerImpl (ConfUtils.java:logGet(44)) - raft.datastream.type = DISABLED (default)
2020-12-22 13:10:38,341 [Listener at 127.0.0.1/34251] INFO  server.RaftServerConfigKeys (ConfUtils.java:logGet(44)) - raft.server.storage.dir = [/github/workspace/mnt/ozone/hadoop-ozone/integration-test/target/test-dir/MiniOzoneClusterImpl-0c7722d3-6e51-44b5-a6be-ee21012bb99e/datanode-3/data/ratis] (custom)
2020-12-22 13:10:38,350 [Listener at 127.0.0.1/34251] INFO  http.BaseHttpServer (BaseHttpServer.java:newHttpServer2BuilderForOzone(207)) - Starting Web-server for hddsDatanode at: http://0.0.0.0:0
2020-12-22 13:10:38,351 [Listener at 127.0.0.1/34251] INFO  http.BaseHttpServer (BaseHttpServer.java:<init>(106)) - Hadoop Security Enabled: false Ozone Security Enabled: false Ozone HTTP Security Enabled: false 
2020-12-22 13:10:38,352 [Listener at 127.0.0.1/34251] INFO  server.AuthenticationFilter (AuthenticationFilter.java:constructSecretProvider(240)) - Unable to initialize FileSignerSecretProvider, falling back to use random secrets.
2020-12-22 13:10:38,352 [Listener at 127.0.0.1/34251] WARN  http.HttpRequestLog (HttpRequestLog.java:getRequestLog(103)) - Jetty request log can only be enabled using Log4j
2020-12-22 13:10:38,353 [Listener at 127.0.0.1/34251] INFO  http.HttpServer2 (HttpServer2.java:addGlobalFilter(1020)) - Added global filter 'safety' (class=org.apache.hadoop.hdds.server.http.HttpServer2$QuotingInputFilter)
2020-12-22 13:10:38,354 [Listener at 127.0.0.1/34251] INFO  http.HttpServer2 (HttpServer2.java:addFilter(996)) - Added filter static_user_filter (class=org.apache.hadoop.http.lib.StaticUserWebFilter$StaticUserFilter) to context hddsDatanode
2020-12-22 13:10:38,355 [Listener at 127.0.0.1/34251] INFO  http.HttpServer2 (HttpServer2.java:addFilter(1004)) - Added filter static_user_filter (class=org.apache.hadoop.http.lib.StaticUserWebFilter$StaticUserFilter) to context static
2020-12-22 13:10:38,355 [Listener at 127.0.0.1/34251] INFO  http.HttpServer2 (HttpServer2.java:addFilter(1004)) - Added filter static_user_filter (class=org.apache.hadoop.http.lib.StaticUserWebFilter$StaticUserFilter) to context logs
2020-12-22 13:10:38,355 [Listener at 127.0.0.1/34251] INFO  http.HttpServer2 (HttpServer2.java:bindListener(1238)) - Jetty bound to port 33923
2020-12-22 13:10:38,355 [Listener at 127.0.0.1/34251] INFO  server.Server (Server.java:doStart(375)) - jetty-9.4.34.v20201102; built: 2020-11-02T14:15:39.302Z; git: e46af88704a893fc12cb0e3bf46e2c7b48a009e7; jvm 1.8.0_232-b09
2020-12-22 13:10:38,360 [Listener at 127.0.0.1/34251] INFO  server.session (DefaultSessionIdManager.java:doStart(334)) - DefaultSessionIdManager workerName=node0
2020-12-22 13:10:38,360 [Listener at 127.0.0.1/34251] INFO  server.session (DefaultSessionIdManager.java:doStart(339)) - No SessionScavenger set, using defaults
2020-12-22 13:10:38,360 [Listener at 127.0.0.1/34251] INFO  server.session (HouseKeeper.java:startScavenging(132)) - node0 Scavenging every 660000ms
2020-12-22 13:10:38,362 [Listener at 127.0.0.1/34251] INFO  handler.ContextHandler (ContextHandler.java:doStart(916)) - Started o.e.j.s.ServletContextHandler@2bd1d78b{logs,/logs,file:///github/workspace/mnt/ozone/hadoop-ozone/integration-test/target/log,AVAILABLE}
2020-12-22 13:10:38,363 [Listener at 127.0.0.1/34251] INFO  handler.ContextHandler (ContextHandler.java:doStart(916)) - Started o.e.j.s.ServletContextHandler@74f331e2{static,/static,jar:file:/home/user/.m2/repository/org/apache/hadoop/hadoop-hdds-container-service/1.1.0-SNAPSHOT/hadoop-hdds-container-service-1.1.0-SNAPSHOT.jar!/webapps/static,AVAILABLE}
2020-12-22 13:10:38,530 [Listener at 127.0.0.1/34251] INFO  handler.ContextHandler (ContextHandler.java:doStart(916)) - Started o.e.j.w.WebAppContext@7578ceac{hddsDatanode,/,file:///tmp/jetty-0_0_0_0-33923-hadoop-hdds-container-service-1_1_0-SNAPSHOT_jar-_-any-8916401665017163391/webapp/,AVAILABLE}{jar:file:/home/user/.m2/repository/org/apache/hadoop/hadoop-hdds-container-service/1.1.0-SNAPSHOT/hadoop-hdds-container-service-1.1.0-SNAPSHOT.jar!/webapps/hddsDatanode}
2020-12-22 13:10:38,532 [Listener at 127.0.0.1/34251] INFO  server.AbstractConnector (AbstractConnector.java:doStart(331)) - Started ServerConnector@8c5a3e1{HTTP/1.1, (http/1.1)}{0.0.0.0:33923}
2020-12-22 13:10:38,532 [Listener at 127.0.0.1/34251] INFO  server.Server (Server.java:doStart(415)) - Started @7191ms
2020-12-22 13:10:38,532 [Listener at 127.0.0.1/34251] WARN  impl.MetricsSystemImpl (MetricsSystemImpl.java:register(276)) - Sink prometheus already exists!
2020-12-22 13:10:38,536 [Listener at 127.0.0.1/34251] INFO  http.BaseHttpServer (BaseHttpServer.java:updateConnectorAddress(327)) - HTTP server of hddsDatanode listening at http://0.0.0.0:33923
2020-12-22 13:10:38,538 [Listener at 127.0.0.1/34251] INFO  impl.MetricsSystemImpl (MetricsSystemImpl.java:init(158)) - HddsDatanode metrics system started (again)
2020-12-22 13:10:38,540 [Listener at 127.0.0.1/34251] INFO  ozone.HddsDatanodeService (HddsDatanodeService.java:start(217)) - HddsDatanodeService host:60c1c0eb1cfd ip:172.17.0.2
2020-12-22 13:10:38,548 [Listener at 127.0.0.1/34251] INFO  volume.HddsVolume (HddsVolume.java:<init>(176)) - Creating Volume: /github/workspace/mnt/ozone/hadoop-ozone/integration-test/target/test-dir/MiniOzoneClusterImpl-0c7722d3-6e51-44b5-a6be-ee21012bb99e/datanode-4/data-0/containers/hdds of storage type : DISK and capacity : 9223372036854775807
2020-12-22 13:10:38,549 [Listener at 127.0.0.1/34251] INFO  volume.MutableVolumeSet (MutableVolumeSet.java:initializeVolumeSet(179)) - Added Volume : /github/workspace/mnt/ozone/hadoop-ozone/integration-test/target/test-dir/MiniOzoneClusterImpl-0c7722d3-6e51-44b5-a6be-ee21012bb99e/datanode-4/data-0/containers/hdds to VolumeSet
2020-12-22 13:10:38,549 [Listener at 127.0.0.1/34251] INFO  volume.ThrottledAsyncChecker (ThrottledAsyncChecker.java:schedule(141)) - Scheduling a check for /github/workspace/mnt/ozone/hadoop-ozone/integration-test/target/test-dir/MiniOzoneClusterImpl-0c7722d3-6e51-44b5-a6be-ee21012bb99e/datanode-4/data-0/containers/hdds
2020-12-22 13:10:38,550 [Listener at 127.0.0.1/34251] INFO  volume.HddsVolumeChecker (HddsVolumeChecker.java:checkAllVolumes(200)) - Scheduled health check for volume /github/workspace/mnt/ozone/hadoop-ozone/integration-test/target/test-dir/MiniOzoneClusterImpl-0c7722d3-6e51-44b5-a6be-ee21012bb99e/datanode-4/data-0/containers/hdds
2020-12-22 13:10:38,598 [org.apache.hadoop.util.JvmPauseMonitor$Monitor@241c179b] INFO  util.JvmPauseMonitor (JvmPauseMonitor.java:run(188)) - Starting JVM pause monitor
2020-12-22 13:10:38,606 [Thread-172] INFO  ozoneimpl.ContainerReader (ContainerReader.java:readVolume(123)) - Start to verify containers on volume /github/workspace/mnt/ozone/hadoop-ozone/integration-test/target/test-dir/MiniOzoneClusterImpl-0c7722d3-6e51-44b5-a6be-ee21012bb99e/datanode-4/data-0/containers/hdds
2020-12-22 13:10:38,606 [Thread-172] INFO  ozoneimpl.ContainerReader (ContainerReader.java:readVolume(148)) - Finish verifying containers on volume /github/workspace/mnt/ozone/hadoop-ozone/integration-test/target/test-dir/MiniOzoneClusterImpl-0c7722d3-6e51-44b5-a6be-ee21012bb99e/datanode-4/data-0/containers/hdds
2020-12-22 13:10:38,607 [Listener at 127.0.0.1/34251] INFO  ozoneimpl.OzoneContainer (OzoneContainer.java:buildContainerSet(194)) - Build ContainerSet costs 0s
2020-12-22 13:10:38,610 [Listener at 127.0.0.1/34251] INFO  impl.RaftServerProxy (ConfUtils.java:logGet(44)) - raft.rpc.type = GRPC (default)
2020-12-22 13:10:38,610 [Listener at 127.0.0.1/34251] INFO  grpc.GrpcFactory (GrpcFactory.java:checkPooledByteBufAllocatorUseCacheForAllThreads(45)) - PERFORMANCE WARNING: useCacheForAllThreads is true that may cause Netty to create a lot garbage objects and, as a result, trigger GC.
	It is recommended to disable useCacheForAllThreads by setting -Dorg.apache.ratis.thirdparty.io.netty.allocator.useCacheForAllThreads=false in command line.
2020-12-22 13:10:38,610 [Listener at 127.0.0.1/34251] INFO  grpc.GrpcConfigKeys (ConfUtils.java:logGet(44)) - raft.grpc.server.port = 0 (default)
2020-12-22 13:10:38,611 [Listener at 127.0.0.1/34251] INFO  server.GrpcService (ConfUtils.java:logGet(44)) - raft.grpc.message.size.max = 32MB (=33554432) (custom)
2020-12-22 13:10:38,611 [Listener at 127.0.0.1/34251] INFO  server.RaftServerConfigKeys (ConfUtils.java:logGet(44)) - raft.server.log.appender.buffer.byte-limit = 33554432 (custom)
2020-12-22 13:10:38,611 [Listener at 127.0.0.1/34251] INFO  server.GrpcService (ConfUtils.java:logGet(44)) - raft.grpc.flow.control.window = 5MB (=5242880) (custom)
2020-12-22 13:10:38,611 [Listener at 127.0.0.1/34251] INFO  server.RaftServerConfigKeys (ConfUtils.java:logGet(44)) - raft.server.rpc.request.timeout = 3000ms (default)
2020-12-22 13:10:38,612 [Listener at 127.0.0.1/34251] INFO  impl.DataStreamServerImpl (ConfUtils.java:logGet(44)) - raft.datastream.type = DISABLED (default)
2020-12-22 13:10:38,613 [Listener at 127.0.0.1/34251] INFO  server.RaftServerConfigKeys (ConfUtils.java:logGet(44)) - raft.server.storage.dir = [/github/workspace/mnt/ozone/hadoop-ozone/integration-test/target/test-dir/MiniOzoneClusterImpl-0c7722d3-6e51-44b5-a6be-ee21012bb99e/datanode-4/data/ratis] (custom)
2020-12-22 13:10:38,617 [Datanode State Machine Task Thread - 0] INFO  datanode.InitDatanodeState (InitDatanodeState.java:persistContainerDatanodeDetails(145)) - DatanodeDetails is persisted to /github/workspace/mnt/ozone/hadoop-ozone/integration-test/target/test-dir/MiniOzoneClusterImpl-0c7722d3-6e51-44b5-a6be-ee21012bb99e/datanode-3/meta/datanode.id
2020-12-22 13:10:38,622 [Listener at 127.0.0.1/34251] INFO  http.BaseHttpServer (BaseHttpServer.java:newHttpServer2BuilderForOzone(207)) - Starting Web-server for hddsDatanode at: http://0.0.0.0:0
2020-12-22 13:10:38,622 [Listener at 127.0.0.1/34251] INFO  http.BaseHttpServer (BaseHttpServer.java:<init>(106)) - Hadoop Security Enabled: false Ozone Security Enabled: false Ozone HTTP Security Enabled: false 
2020-12-22 13:10:38,624 [Listener at 127.0.0.1/34251] INFO  server.AuthenticationFilter (AuthenticationFilter.java:constructSecretProvider(240)) - Unable to initialize FileSignerSecretProvider, falling back to use random secrets.
2020-12-22 13:10:38,624 [Listener at 127.0.0.1/34251] WARN  http.HttpRequestLog (HttpRequestLog.java:getRequestLog(103)) - Jetty request log can only be enabled using Log4j
2020-12-22 13:10:38,625 [Listener at 127.0.0.1/34251] INFO  http.HttpServer2 (HttpServer2.java:addGlobalFilter(1020)) - Added global filter 'safety' (class=org.apache.hadoop.hdds.server.http.HttpServer2$QuotingInputFilter)
2020-12-22 13:10:38,626 [Listener at 127.0.0.1/34251] INFO  http.HttpServer2 (HttpServer2.java:addFilter(996)) - Added filter static_user_filter (class=org.apache.hadoop.http.lib.StaticUserWebFilter$StaticUserFilter) to context hddsDatanode
2020-12-22 13:10:38,626 [Listener at 127.0.0.1/34251] INFO  http.HttpServer2 (HttpServer2.java:addFilter(1004)) - Added filter static_user_filter (class=org.apache.hadoop.http.lib.StaticUserWebFilter$StaticUserFilter) to context static
2020-12-22 13:10:38,627 [Listener at 127.0.0.1/34251] INFO  http.HttpServer2 (HttpServer2.java:addFilter(1004)) - Added filter static_user_filter (class=org.apache.hadoop.http.lib.StaticUserWebFilter$StaticUserFilter) to context logs
2020-12-22 13:10:38,627 [Listener at 127.0.0.1/34251] INFO  http.HttpServer2 (HttpServer2.java:bindListener(1238)) - Jetty bound to port 41001
2020-12-22 13:10:38,627 [Listener at 127.0.0.1/34251] INFO  server.Server (Server.java:doStart(375)) - jetty-9.4.34.v20201102; built: 2020-11-02T14:15:39.302Z; git: e46af88704a893fc12cb0e3bf46e2c7b48a009e7; jvm 1.8.0_232-b09
2020-12-22 13:10:38,640 [Listener at 127.0.0.1/34251] INFO  server.session (DefaultSessionIdManager.java:doStart(334)) - DefaultSessionIdManager workerName=node0
2020-12-22 13:10:38,640 [Listener at 127.0.0.1/34251] INFO  server.session (DefaultSessionIdManager.java:doStart(339)) - No SessionScavenger set, using defaults
2020-12-22 13:10:38,640 [Listener at 127.0.0.1/34251] INFO  server.session (HouseKeeper.java:startScavenging(132)) - node0 Scavenging every 660000ms
2020-12-22 13:10:38,641 [Listener at 127.0.0.1/34251] INFO  handler.ContextHandler (ContextHandler.java:doStart(916)) - Started o.e.j.s.ServletContextHandler@631c6881{logs,/logs,file:///github/workspace/mnt/ozone/hadoop-ozone/integration-test/target/log,AVAILABLE}
2020-12-22 13:10:38,641 [Listener at 127.0.0.1/34251] INFO  handler.ContextHandler (ContextHandler.java:doStart(916)) - Started o.e.j.s.ServletContextHandler@469eec6f{static,/static,jar:file:/home/user/.m2/repository/org/apache/hadoop/hadoop-hdds-container-service/1.1.0-SNAPSHOT/hadoop-hdds-container-service-1.1.0-SNAPSHOT.jar!/webapps/static,AVAILABLE}
2020-12-22 13:10:38,810 [Listener at 127.0.0.1/34251] INFO  handler.ContextHandler (ContextHandler.java:doStart(916)) - Started o.e.j.w.WebAppContext@1f1215b5{hddsDatanode,/,file:///tmp/jetty-0_0_0_0-41001-hadoop-hdds-container-service-1_1_0-SNAPSHOT_jar-_-any-7952672026346540168/webapp/,AVAILABLE}{jar:file:/home/user/.m2/repository/org/apache/hadoop/hadoop-hdds-container-service/1.1.0-SNAPSHOT/hadoop-hdds-container-service-1.1.0-SNAPSHOT.jar!/webapps/hddsDatanode}
2020-12-22 13:10:38,815 [Listener at 127.0.0.1/34251] INFO  server.AbstractConnector (AbstractConnector.java:doStart(331)) - Started ServerConnector@5ac202f1{HTTP/1.1, (http/1.1)}{0.0.0.0:41001}
2020-12-22 13:10:38,815 [Listener at 127.0.0.1/34251] INFO  server.Server (Server.java:doStart(415)) - Started @7474ms
2020-12-22 13:10:38,815 [Listener at 127.0.0.1/34251] WARN  impl.MetricsSystemImpl (MetricsSystemImpl.java:register(276)) - Sink prometheus already exists!
2020-12-22 13:10:38,819 [Listener at 127.0.0.1/34251] INFO  http.BaseHttpServer (BaseHttpServer.java:updateConnectorAddress(327)) - HTTP server of hddsDatanode listening at http://0.0.0.0:41001
2020-12-22 13:10:38,820 [Listener at 127.0.0.1/34251] INFO  impl.MetricsSystemImpl (MetricsSystemImpl.java:init(158)) - HddsDatanode metrics system started (again)
2020-12-22 13:10:38,822 [Listener at 127.0.0.1/34251] INFO  ozone.HddsDatanodeService (HddsDatanodeService.java:start(217)) - HddsDatanodeService host:60c1c0eb1cfd ip:172.17.0.2
2020-12-22 13:10:38,831 [Listener at 127.0.0.1/34251] INFO  volume.HddsVolume (HddsVolume.java:<init>(176)) - Creating Volume: /github/workspace/mnt/ozone/hadoop-ozone/integration-test/target/test-dir/MiniOzoneClusterImpl-0c7722d3-6e51-44b5-a6be-ee21012bb99e/datanode-5/data-0/containers/hdds of storage type : DISK and capacity : 9223372036854775807
2020-12-22 13:10:38,831 [Listener at 127.0.0.1/34251] INFO  volume.MutableVolumeSet (MutableVolumeSet.java:initializeVolumeSet(179)) - Added Volume : /github/workspace/mnt/ozone/hadoop-ozone/integration-test/target/test-dir/MiniOzoneClusterImpl-0c7722d3-6e51-44b5-a6be-ee21012bb99e/datanode-5/data-0/containers/hdds to VolumeSet
2020-12-22 13:10:38,831 [Listener at 127.0.0.1/34251] INFO  volume.ThrottledAsyncChecker (ThrottledAsyncChecker.java:schedule(141)) - Scheduling a check for /github/workspace/mnt/ozone/hadoop-ozone/integration-test/target/test-dir/MiniOzoneClusterImpl-0c7722d3-6e51-44b5-a6be-ee21012bb99e/datanode-5/data-0/containers/hdds
2020-12-22 13:10:38,833 [org.apache.hadoop.util.JvmPauseMonitor$Monitor@62e68c2e] INFO  util.JvmPauseMonitor (JvmPauseMonitor.java:run(188)) - Starting JVM pause monitor
2020-12-22 13:10:38,834 [Listener at 127.0.0.1/34251] INFO  volume.HddsVolumeChecker (HddsVolumeChecker.java:checkAllVolumes(200)) - Scheduled health check for volume /github/workspace/mnt/ozone/hadoop-ozone/integration-test/target/test-dir/MiniOzoneClusterImpl-0c7722d3-6e51-44b5-a6be-ee21012bb99e/datanode-5/data-0/containers/hdds
2020-12-22 13:10:38,840 [Datanode State Machine Task Thread - 0] INFO  datanode.InitDatanodeState (InitDatanodeState.java:persistContainerDatanodeDetails(145)) - DatanodeDetails is persisted to /github/workspace/mnt/ozone/hadoop-ozone/integration-test/target/test-dir/MiniOzoneClusterImpl-0c7722d3-6e51-44b5-a6be-ee21012bb99e/datanode-4/meta/datanode.id
2020-12-22 13:10:38,848 [Thread-184] INFO  ozoneimpl.ContainerReader (ContainerReader.java:readVolume(123)) - Start to verify containers on volume /github/workspace/mnt/ozone/hadoop-ozone/integration-test/target/test-dir/MiniOzoneClusterImpl-0c7722d3-6e51-44b5-a6be-ee21012bb99e/datanode-5/data-0/containers/hdds
2020-12-22 13:10:38,848 [Thread-184] INFO  ozoneimpl.ContainerReader (ContainerReader.java:readVolume(148)) - Finish verifying containers on volume /github/workspace/mnt/ozone/hadoop-ozone/integration-test/target/test-dir/MiniOzoneClusterImpl-0c7722d3-6e51-44b5-a6be-ee21012bb99e/datanode-5/data-0/containers/hdds
2020-12-22 13:10:38,849 [Listener at 127.0.0.1/34251] INFO  ozoneimpl.OzoneContainer (OzoneContainer.java:buildContainerSet(194)) - Build ContainerSet costs 0s
2020-12-22 13:10:38,852 [Listener at 127.0.0.1/34251] INFO  impl.RaftServerProxy (ConfUtils.java:logGet(44)) - raft.rpc.type = GRPC (default)
2020-12-22 13:10:38,852 [Listener at 127.0.0.1/34251] INFO  grpc.GrpcFactory (GrpcFactory.java:checkPooledByteBufAllocatorUseCacheForAllThreads(45)) - PERFORMANCE WARNING: useCacheForAllThreads is true that may cause Netty to create a lot garbage objects and, as a result, trigger GC.
	It is recommended to disable useCacheForAllThreads by setting -Dorg.apache.ratis.thirdparty.io.netty.allocator.useCacheForAllThreads=false in command line.
2020-12-22 13:10:38,852 [Listener at 127.0.0.1/34251] INFO  grpc.GrpcConfigKeys (ConfUtils.java:logGet(44)) - raft.grpc.server.port = 0 (default)
2020-12-22 13:10:38,852 [Listener at 127.0.0.1/34251] INFO  server.GrpcService (ConfUtils.java:logGet(44)) - raft.grpc.message.size.max = 32MB (=33554432) (custom)
2020-12-22 13:10:38,852 [Listener at 127.0.0.1/34251] INFO  server.RaftServerConfigKeys (ConfUtils.java:logGet(44)) - raft.server.log.appender.buffer.byte-limit = 33554432 (custom)
2020-12-22 13:10:38,853 [Listener at 127.0.0.1/34251] INFO  server.GrpcService (ConfUtils.java:logGet(44)) - raft.grpc.flow.control.window = 5MB (=5242880) (custom)
2020-12-22 13:10:38,853 [Listener at 127.0.0.1/34251] INFO  server.RaftServerConfigKeys (ConfUtils.java:logGet(44)) - raft.server.rpc.request.timeout = 3000ms (default)
2020-12-22 13:10:38,854 [Listener at 127.0.0.1/34251] INFO  impl.DataStreamServerImpl (ConfUtils.java:logGet(44)) - raft.datastream.type = DISABLED (default)
2020-12-22 13:10:38,854 [Listener at 127.0.0.1/34251] INFO  server.RaftServerConfigKeys (ConfUtils.java:logGet(44)) - raft.server.storage.dir = [/github/workspace/mnt/ozone/hadoop-ozone/integration-test/target/test-dir/MiniOzoneClusterImpl-0c7722d3-6e51-44b5-a6be-ee21012bb99e/datanode-5/data/ratis] (custom)
2020-12-22 13:10:38,860 [Listener at 127.0.0.1/34251] INFO  http.BaseHttpServer (BaseHttpServer.java:newHttpServer2BuilderForOzone(207)) - Starting Web-server for hddsDatanode at: http://0.0.0.0:0
2020-12-22 13:10:38,860 [Listener at 127.0.0.1/34251] INFO  http.BaseHttpServer (BaseHttpServer.java:<init>(106)) - Hadoop Security Enabled: false Ozone Security Enabled: false Ozone HTTP Security Enabled: false 
2020-12-22 13:10:38,862 [Listener at 127.0.0.1/34251] INFO  server.AuthenticationFilter (AuthenticationFilter.java:constructSecretProvider(240)) - Unable to initialize FileSignerSecretProvider, falling back to use random secrets.
2020-12-22 13:10:38,871 [Listener at 127.0.0.1/34251] WARN  http.HttpRequestLog (HttpRequestLog.java:getRequestLog(103)) - Jetty request log can only be enabled using Log4j
2020-12-22 13:10:38,872 [Listener at 127.0.0.1/34251] INFO  http.HttpServer2 (HttpServer2.java:addGlobalFilter(1020)) - Added global filter 'safety' (class=org.apache.hadoop.hdds.server.http.HttpServer2$QuotingInputFilter)
2020-12-22 13:10:38,873 [Listener at 127.0.0.1/34251] INFO  http.HttpServer2 (HttpServer2.java:addFilter(996)) - Added filter static_user_filter (class=org.apache.hadoop.http.lib.StaticUserWebFilter$StaticUserFilter) to context hddsDatanode
2020-12-22 13:10:38,874 [Listener at 127.0.0.1/34251] INFO  http.HttpServer2 (HttpServer2.java:addFilter(1004)) - Added filter static_user_filter (class=org.apache.hadoop.http.lib.StaticUserWebFilter$StaticUserFilter) to context static
2020-12-22 13:10:38,874 [Listener at 127.0.0.1/34251] INFO  http.HttpServer2 (HttpServer2.java:addFilter(1004)) - Added filter static_user_filter (class=org.apache.hadoop.http.lib.StaticUserWebFilter$StaticUserFilter) to context logs
2020-12-22 13:10:38,874 [Listener at 127.0.0.1/34251] INFO  http.HttpServer2 (HttpServer2.java:bindListener(1238)) - Jetty bound to port 41515
2020-12-22 13:10:38,875 [Listener at 127.0.0.1/34251] INFO  server.Server (Server.java:doStart(375)) - jetty-9.4.34.v20201102; built: 2020-11-02T14:15:39.302Z; git: e46af88704a893fc12cb0e3bf46e2c7b48a009e7; jvm 1.8.0_232-b09
2020-12-22 13:10:38,876 [Listener at 127.0.0.1/34251] INFO  server.session (DefaultSessionIdManager.java:doStart(334)) - DefaultSessionIdManager workerName=node0
2020-12-22 13:10:38,876 [Listener at 127.0.0.1/34251] INFO  server.session (DefaultSessionIdManager.java:doStart(339)) - No SessionScavenger set, using defaults
2020-12-22 13:10:38,877 [Listener at 127.0.0.1/34251] INFO  server.session (HouseKeeper.java:startScavenging(132)) - node0 Scavenging every 660000ms
2020-12-22 13:10:38,883 [Listener at 127.0.0.1/34251] INFO  handler.ContextHandler (ContextHandler.java:doStart(916)) - Started o.e.j.s.ServletContextHandler@28ac1783{logs,/logs,file:///github/workspace/mnt/ozone/hadoop-ozone/integration-test/target/log,AVAILABLE}
2020-12-22 13:10:38,884 [Listener at 127.0.0.1/34251] INFO  handler.ContextHandler (ContextHandler.java:doStart(916)) - Started o.e.j.s.ServletContextHandler@38d10157{static,/static,jar:file:/home/user/.m2/repository/org/apache/hadoop/hadoop-hdds-container-service/1.1.0-SNAPSHOT/hadoop-hdds-container-service-1.1.0-SNAPSHOT.jar!/webapps/static,AVAILABLE}
2020-12-22 13:10:39,051 [Listener at 127.0.0.1/34251] INFO  handler.ContextHandler (ContextHandler.java:doStart(916)) - Started o.e.j.w.WebAppContext@3cb65401{hddsDatanode,/,file:///tmp/jetty-0_0_0_0-41515-hadoop-hdds-container-service-1_1_0-SNAPSHOT_jar-_-any-7697700797532832292/webapp/,AVAILABLE}{jar:file:/home/user/.m2/repository/org/apache/hadoop/hadoop-hdds-container-service/1.1.0-SNAPSHOT/hadoop-hdds-container-service-1.1.0-SNAPSHOT.jar!/webapps/hddsDatanode}
2020-12-22 13:10:39,053 [Listener at 127.0.0.1/34251] INFO  server.AbstractConnector (AbstractConnector.java:doStart(331)) - Started ServerConnector@436cbd98{HTTP/1.1, (http/1.1)}{0.0.0.0:41515}
2020-12-22 13:10:39,053 [Listener at 127.0.0.1/34251] INFO  server.Server (Server.java:doStart(415)) - Started @7712ms
2020-12-22 13:10:39,053 [Listener at 127.0.0.1/34251] WARN  impl.MetricsSystemImpl (MetricsSystemImpl.java:register(276)) - Sink prometheus already exists!
2020-12-22 13:10:39,058 [Listener at 127.0.0.1/34251] INFO  http.BaseHttpServer (BaseHttpServer.java:updateConnectorAddress(327)) - HTTP server of hddsDatanode listening at http://0.0.0.0:41515
2020-12-22 13:10:39,059 [Listener at 127.0.0.1/34251] INFO  impl.MetricsSystemImpl (MetricsSystemImpl.java:init(158)) - HddsDatanode metrics system started (again)
2020-12-22 13:10:39,061 [Listener at 127.0.0.1/34251] INFO  ozone.HddsDatanodeService (HddsDatanodeService.java:start(217)) - HddsDatanodeService host:60c1c0eb1cfd ip:172.17.0.2
2020-12-22 13:10:39,065 [Listener at 127.0.0.1/34251] INFO  volume.HddsVolume (HddsVolume.java:<init>(176)) - Creating Volume: /github/workspace/mnt/ozone/hadoop-ozone/integration-test/target/test-dir/MiniOzoneClusterImpl-0c7722d3-6e51-44b5-a6be-ee21012bb99e/datanode-6/data-0/containers/hdds of storage type : DISK and capacity : 9223372036854775807
2020-12-22 13:10:39,066 [Listener at 127.0.0.1/34251] INFO  volume.MutableVolumeSet (MutableVolumeSet.java:initializeVolumeSet(179)) - Added Volume : /github/workspace/mnt/ozone/hadoop-ozone/integration-test/target/test-dir/MiniOzoneClusterImpl-0c7722d3-6e51-44b5-a6be-ee21012bb99e/datanode-6/data-0/containers/hdds to VolumeSet
2020-12-22 13:10:39,066 [Listener at 127.0.0.1/34251] INFO  volume.ThrottledAsyncChecker (ThrottledAsyncChecker.java:schedule(141)) - Scheduling a check for /github/workspace/mnt/ozone/hadoop-ozone/integration-test/target/test-dir/MiniOzoneClusterImpl-0c7722d3-6e51-44b5-a6be-ee21012bb99e/datanode-6/data-0/containers/hdds
2020-12-22 13:10:39,073 [org.apache.hadoop.util.JvmPauseMonitor$Monitor@50c214] INFO  util.JvmPauseMonitor (JvmPauseMonitor.java:run(188)) - Starting JVM pause monitor
2020-12-22 13:10:39,078 [Listener at 127.0.0.1/34251] INFO  volume.HddsVolumeChecker (HddsVolumeChecker.java:checkAllVolumes(200)) - Scheduled health check for volume /github/workspace/mnt/ozone/hadoop-ozone/integration-test/target/test-dir/MiniOzoneClusterImpl-0c7722d3-6e51-44b5-a6be-ee21012bb99e/datanode-6/data-0/containers/hdds
2020-12-22 13:10:39,079 [Datanode State Machine Task Thread - 0] INFO  datanode.InitDatanodeState (InitDatanodeState.java:persistContainerDatanodeDetails(145)) - DatanodeDetails is persisted to /github/workspace/mnt/ozone/hadoop-ozone/integration-test/target/test-dir/MiniOzoneClusterImpl-0c7722d3-6e51-44b5-a6be-ee21012bb99e/datanode-5/meta/datanode.id
2020-12-22 13:10:39,094 [Thread-195] INFO  ozoneimpl.ContainerReader (ContainerReader.java:readVolume(123)) - Start to verify containers on volume /github/workspace/mnt/ozone/hadoop-ozone/integration-test/target/test-dir/MiniOzoneClusterImpl-0c7722d3-6e51-44b5-a6be-ee21012bb99e/datanode-6/data-0/containers/hdds
2020-12-22 13:10:39,094 [Thread-195] INFO  ozoneimpl.ContainerReader (ContainerReader.java:readVolume(148)) - Finish verifying containers on volume /github/workspace/mnt/ozone/hadoop-ozone/integration-test/target/test-dir/MiniOzoneClusterImpl-0c7722d3-6e51-44b5-a6be-ee21012bb99e/datanode-6/data-0/containers/hdds
2020-12-22 13:10:39,094 [Listener at 127.0.0.1/34251] INFO  ozoneimpl.OzoneContainer (OzoneContainer.java:buildContainerSet(194)) - Build ContainerSet costs 0s
2020-12-22 13:10:39,097 [Listener at 127.0.0.1/34251] INFO  impl.RaftServerProxy (ConfUtils.java:logGet(44)) - raft.rpc.type = GRPC (default)
2020-12-22 13:10:39,098 [Listener at 127.0.0.1/34251] INFO  grpc.GrpcFactory (GrpcFactory.java:checkPooledByteBufAllocatorUseCacheForAllThreads(45)) - PERFORMANCE WARNING: useCacheForAllThreads is true that may cause Netty to create a lot garbage objects and, as a result, trigger GC.
	It is recommended to disable useCacheForAllThreads by setting -Dorg.apache.ratis.thirdparty.io.netty.allocator.useCacheForAllThreads=false in command line.
2020-12-22 13:10:39,098 [Listener at 127.0.0.1/34251] INFO  grpc.GrpcConfigKeys (ConfUtils.java:logGet(44)) - raft.grpc.server.port = 0 (default)
2020-12-22 13:10:39,098 [Listener at 127.0.0.1/34251] INFO  server.GrpcService (ConfUtils.java:logGet(44)) - raft.grpc.message.size.max = 32MB (=33554432) (custom)
2020-12-22 13:10:39,098 [Listener at 127.0.0.1/34251] INFO  server.RaftServerConfigKeys (ConfUtils.java:logGet(44)) - raft.server.log.appender.buffer.byte-limit = 33554432 (custom)
2020-12-22 13:10:39,098 [Listener at 127.0.0.1/34251] INFO  server.GrpcService (ConfUtils.java:logGet(44)) - raft.grpc.flow.control.window = 5MB (=5242880) (custom)
2020-12-22 13:10:39,098 [Listener at 127.0.0.1/34251] INFO  server.RaftServerConfigKeys (ConfUtils.java:logGet(44)) - raft.server.rpc.request.timeout = 3000ms (default)
2020-12-22 13:10:39,099 [Listener at 127.0.0.1/34251] INFO  impl.DataStreamServerImpl (ConfUtils.java:logGet(44)) - raft.datastream.type = DISABLED (default)
2020-12-22 13:10:39,100 [Listener at 127.0.0.1/34251] INFO  server.RaftServerConfigKeys (ConfUtils.java:logGet(44)) - raft.server.storage.dir = [/github/workspace/mnt/ozone/hadoop-ozone/integration-test/target/test-dir/MiniOzoneClusterImpl-0c7722d3-6e51-44b5-a6be-ee21012bb99e/datanode-6/data/ratis] (custom)
2020-12-22 13:10:39,104 [Listener at 127.0.0.1/34251] INFO  http.BaseHttpServer (BaseHttpServer.java:newHttpServer2BuilderForOzone(207)) - Starting Web-server for hddsDatanode at: http://0.0.0.0:0
2020-12-22 13:10:39,104 [Listener at 127.0.0.1/34251] INFO  http.BaseHttpServer (BaseHttpServer.java:<init>(106)) - Hadoop Security Enabled: false Ozone Security Enabled: false Ozone HTTP Security Enabled: false 
2020-12-22 13:10:39,106 [Listener at 127.0.0.1/34251] INFO  server.AuthenticationFilter (AuthenticationFilter.java:constructSecretProvider(240)) - Unable to initialize FileSignerSecretProvider, falling back to use random secrets.
2020-12-22 13:10:39,106 [Listener at 127.0.0.1/34251] WARN  http.HttpRequestLog (HttpRequestLog.java:getRequestLog(103)) - Jetty request log can only be enabled using Log4j
2020-12-22 13:10:39,107 [Listener at 127.0.0.1/34251] INFO  http.HttpServer2 (HttpServer2.java:addGlobalFilter(1020)) - Added global filter 'safety' (class=org.apache.hadoop.hdds.server.http.HttpServer2$QuotingInputFilter)
2020-12-22 13:10:39,108 [Listener at 127.0.0.1/34251] INFO  http.HttpServer2 (HttpServer2.java:addFilter(996)) - Added filter static_user_filter (class=org.apache.hadoop.http.lib.StaticUserWebFilter$StaticUserFilter) to context hddsDatanode
2020-12-22 13:10:39,108 [Listener at 127.0.0.1/34251] INFO  http.HttpServer2 (HttpServer2.java:addFilter(1004)) - Added filter static_user_filter (class=org.apache.hadoop.http.lib.StaticUserWebFilter$StaticUserFilter) to context static
2020-12-22 13:10:39,109 [Listener at 127.0.0.1/34251] INFO  http.HttpServer2 (HttpServer2.java:addFilter(1004)) - Added filter static_user_filter (class=org.apache.hadoop.http.lib.StaticUserWebFilter$StaticUserFilter) to context logs
2020-12-22 13:10:39,109 [Listener at 127.0.0.1/34251] INFO  http.HttpServer2 (HttpServer2.java:bindListener(1238)) - Jetty bound to port 34869
2020-12-22 13:10:39,109 [Listener at 127.0.0.1/34251] INFO  server.Server (Server.java:doStart(375)) - jetty-9.4.34.v20201102; built: 2020-11-02T14:15:39.302Z; git: e46af88704a893fc12cb0e3bf46e2c7b48a009e7; jvm 1.8.0_232-b09
2020-12-22 13:10:39,111 [Listener at 127.0.0.1/34251] INFO  server.session (DefaultSessionIdManager.java:doStart(334)) - DefaultSessionIdManager workerName=node0
2020-12-22 13:10:39,111 [Listener at 127.0.0.1/34251] INFO  server.session (DefaultSessionIdManager.java:doStart(339)) - No SessionScavenger set, using defaults
2020-12-22 13:10:39,111 [Listener at 127.0.0.1/34251] INFO  server.session (HouseKeeper.java:startScavenging(132)) - node0 Scavenging every 600000ms
2020-12-22 13:10:39,113 [Listener at 127.0.0.1/34251] INFO  handler.ContextHandler (ContextHandler.java:doStart(916)) - Started o.e.j.s.ServletContextHandler@ed43a59{logs,/logs,file:///github/workspace/mnt/ozone/hadoop-ozone/integration-test/target/log,AVAILABLE}
2020-12-22 13:10:39,113 [Listener at 127.0.0.1/34251] INFO  handler.ContextHandler (ContextHandler.java:doStart(916)) - Started o.e.j.s.ServletContextHandler@794eb83c{static,/static,jar:file:/home/user/.m2/repository/org/apache/hadoop/hadoop-hdds-container-service/1.1.0-SNAPSHOT/hadoop-hdds-container-service-1.1.0-SNAPSHOT.jar!/webapps/static,AVAILABLE}
2020-12-22 13:10:39,278 [Listener at 127.0.0.1/34251] INFO  handler.ContextHandler (ContextHandler.java:doStart(916)) - Started o.e.j.w.WebAppContext@1a53a57b{hddsDatanode,/,file:///tmp/jetty-0_0_0_0-34869-hadoop-hdds-container-service-1_1_0-SNAPSHOT_jar-_-any-2250988855992914811/webapp/,AVAILABLE}{jar:file:/home/user/.m2/repository/org/apache/hadoop/hadoop-hdds-container-service/1.1.0-SNAPSHOT/hadoop-hdds-container-service-1.1.0-SNAPSHOT.jar!/webapps/hddsDatanode}
2020-12-22 13:10:39,279 [Listener at 127.0.0.1/34251] INFO  server.AbstractConnector (AbstractConnector.java:doStart(331)) - Started ServerConnector@626c8969{HTTP/1.1, (http/1.1)}{0.0.0.0:34869}
2020-12-22 13:10:39,279 [Listener at 127.0.0.1/34251] INFO  server.Server (Server.java:doStart(415)) - Started @7938ms
2020-12-22 13:10:39,279 [Listener at 127.0.0.1/34251] WARN  impl.MetricsSystemImpl (MetricsSystemImpl.java:register(276)) - Sink prometheus already exists!
2020-12-22 13:10:39,282 [Listener at 127.0.0.1/34251] INFO  http.BaseHttpServer (BaseHttpServer.java:updateConnectorAddress(327)) - HTTP server of hddsDatanode listening at http://0.0.0.0:34869
2020-12-22 13:10:39,290 [Listener at 127.0.0.1/34251] INFO  impl.MetricsSystemImpl (MetricsSystemImpl.java:init(158)) - HddsDatanode metrics system started (again)
2020-12-22 13:10:39,293 [Listener at 127.0.0.1/34251] INFO  ozone.HddsDatanodeService (HddsDatanodeService.java:start(217)) - HddsDatanodeService host:60c1c0eb1cfd ip:172.17.0.2
2020-12-22 13:10:39,295 [org.apache.hadoop.util.JvmPauseMonitor$Monitor@2a52f18e] INFO  util.JvmPauseMonitor (JvmPauseMonitor.java:run(188)) - Starting JVM pause monitor
2020-12-22 13:10:39,299 [Datanode State Machine Task Thread - 0] INFO  datanode.InitDatanodeState (InitDatanodeState.java:persistContainerDatanodeDetails(145)) - DatanodeDetails is persisted to /github/workspace/mnt/ozone/hadoop-ozone/integration-test/target/test-dir/MiniOzoneClusterImpl-0c7722d3-6e51-44b5-a6be-ee21012bb99e/datanode-6/meta/datanode.id
2020-12-22 13:10:39,301 [Listener at 127.0.0.1/34251] INFO  volume.HddsVolume (HddsVolume.java:<init>(176)) - Creating Volume: /github/workspace/mnt/ozone/hadoop-ozone/integration-test/target/test-dir/MiniOzoneClusterImpl-0c7722d3-6e51-44b5-a6be-ee21012bb99e/datanode-7/data-0/containers/hdds of storage type : DISK and capacity : 9223372036854775807
2020-12-22 13:10:39,301 [Listener at 127.0.0.1/34251] INFO  volume.MutableVolumeSet (MutableVolumeSet.java:initializeVolumeSet(179)) - Added Volume : /github/workspace/mnt/ozone/hadoop-ozone/integration-test/target/test-dir/MiniOzoneClusterImpl-0c7722d3-6e51-44b5-a6be-ee21012bb99e/datanode-7/data-0/containers/hdds to VolumeSet
2020-12-22 13:10:39,301 [Listener at 127.0.0.1/34251] INFO  volume.ThrottledAsyncChecker (ThrottledAsyncChecker.java:schedule(141)) - Scheduling a check for /github/workspace/mnt/ozone/hadoop-ozone/integration-test/target/test-dir/MiniOzoneClusterImpl-0c7722d3-6e51-44b5-a6be-ee21012bb99e/datanode-7/data-0/containers/hdds
2020-12-22 13:10:39,302 [Listener at 127.0.0.1/34251] INFO  volume.HddsVolumeChecker (HddsVolumeChecker.java:checkAllVolumes(200)) - Scheduled health check for volume /github/workspace/mnt/ozone/hadoop-ozone/integration-test/target/test-dir/MiniOzoneClusterImpl-0c7722d3-6e51-44b5-a6be-ee21012bb99e/datanode-7/data-0/containers/hdds
2020-12-22 13:10:39,317 [Thread-206] INFO  ozoneimpl.ContainerReader (ContainerReader.java:readVolume(123)) - Start to verify containers on volume /github/workspace/mnt/ozone/hadoop-ozone/integration-test/target/test-dir/MiniOzoneClusterImpl-0c7722d3-6e51-44b5-a6be-ee21012bb99e/datanode-7/data-0/containers/hdds
2020-12-22 13:10:39,317 [Thread-206] INFO  ozoneimpl.ContainerReader (ContainerReader.java:readVolume(148)) - Finish verifying containers on volume /github/workspace/mnt/ozone/hadoop-ozone/integration-test/target/test-dir/MiniOzoneClusterImpl-0c7722d3-6e51-44b5-a6be-ee21012bb99e/datanode-7/data-0/containers/hdds
2020-12-22 13:10:39,317 [Listener at 127.0.0.1/34251] INFO  ozoneimpl.OzoneContainer (OzoneContainer.java:buildContainerSet(194)) - Build ContainerSet costs 0s
2020-12-22 13:10:39,324 [Listener at 127.0.0.1/34251] INFO  impl.RaftServerProxy (ConfUtils.java:logGet(44)) - raft.rpc.type = GRPC (default)
2020-12-22 13:10:39,325 [Listener at 127.0.0.1/34251] INFO  grpc.GrpcFactory (GrpcFactory.java:checkPooledByteBufAllocatorUseCacheForAllThreads(45)) - PERFORMANCE WARNING: useCacheForAllThreads is true that may cause Netty to create a lot garbage objects and, as a result, trigger GC.
	It is recommended to disable useCacheForAllThreads by setting -Dorg.apache.ratis.thirdparty.io.netty.allocator.useCacheForAllThreads=false in command line.
2020-12-22 13:10:39,325 [Listener at 127.0.0.1/34251] INFO  grpc.GrpcConfigKeys (ConfUtils.java:logGet(44)) - raft.grpc.server.port = 0 (default)
2020-12-22 13:10:39,327 [Listener at 127.0.0.1/34251] INFO  server.GrpcService (ConfUtils.java:logGet(44)) - raft.grpc.message.size.max = 32MB (=33554432) (custom)
2020-12-22 13:10:39,327 [Listener at 127.0.0.1/34251] INFO  server.RaftServerConfigKeys (ConfUtils.java:logGet(44)) - raft.server.log.appender.buffer.byte-limit = 33554432 (custom)
2020-12-22 13:10:39,327 [Listener at 127.0.0.1/34251] INFO  server.GrpcService (ConfUtils.java:logGet(44)) - raft.grpc.flow.control.window = 5MB (=5242880) (custom)
2020-12-22 13:10:39,327 [Listener at 127.0.0.1/34251] INFO  server.RaftServerConfigKeys (ConfUtils.java:logGet(44)) - raft.server.rpc.request.timeout = 3000ms (default)
2020-12-22 13:10:39,328 [Listener at 127.0.0.1/34251] INFO  impl.DataStreamServerImpl (ConfUtils.java:logGet(44)) - raft.datastream.type = DISABLED (default)
2020-12-22 13:10:39,329 [Listener at 127.0.0.1/34251] INFO  server.RaftServerConfigKeys (ConfUtils.java:logGet(44)) - raft.server.storage.dir = [/github/workspace/mnt/ozone/hadoop-ozone/integration-test/target/test-dir/MiniOzoneClusterImpl-0c7722d3-6e51-44b5-a6be-ee21012bb99e/datanode-7/data/ratis] (custom)
2020-12-22 13:10:39,335 [Listener at 127.0.0.1/34251] INFO  http.BaseHttpServer (BaseHttpServer.java:newHttpServer2BuilderForOzone(207)) - Starting Web-server for hddsDatanode at: http://0.0.0.0:0
2020-12-22 13:10:39,335 [Listener at 127.0.0.1/34251] INFO  http.BaseHttpServer (BaseHttpServer.java:<init>(106)) - Hadoop Security Enabled: false Ozone Security Enabled: false Ozone HTTP Security Enabled: false 
2020-12-22 13:10:39,336 [Listener at 127.0.0.1/34251] INFO  server.AuthenticationFilter (AuthenticationFilter.java:constructSecretProvider(240)) - Unable to initialize FileSignerSecretProvider, falling back to use random secrets.
2020-12-22 13:10:39,337 [Listener at 127.0.0.1/34251] WARN  http.HttpRequestLog (HttpRequestLog.java:getRequestLog(103)) - Jetty request log can only be enabled using Log4j
2020-12-22 13:10:39,338 [Listener at 127.0.0.1/34251] INFO  http.HttpServer2 (HttpServer2.java:addGlobalFilter(1020)) - Added global filter 'safety' (class=org.apache.hadoop.hdds.server.http.HttpServer2$QuotingInputFilter)
2020-12-22 13:10:39,339 [Listener at 127.0.0.1/34251] INFO  http.HttpServer2 (HttpServer2.java:addFilter(996)) - Added filter static_user_filter (class=org.apache.hadoop.http.lib.StaticUserWebFilter$StaticUserFilter) to context hddsDatanode
2020-12-22 13:10:39,339 [Listener at 127.0.0.1/34251] INFO  http.HttpServer2 (HttpServer2.java:addFilter(1004)) - Added filter static_user_filter (class=org.apache.hadoop.http.lib.StaticUserWebFilter$StaticUserFilter) to context static
2020-12-22 13:10:39,339 [Listener at 127.0.0.1/34251] INFO  http.HttpServer2 (HttpServer2.java:addFilter(1004)) - Added filter static_user_filter (class=org.apache.hadoop.http.lib.StaticUserWebFilter$StaticUserFilter) to context logs
2020-12-22 13:10:39,339 [Listener at 127.0.0.1/34251] INFO  http.HttpServer2 (HttpServer2.java:bindListener(1238)) - Jetty bound to port 38893
2020-12-22 13:10:39,340 [Listener at 127.0.0.1/34251] INFO  server.Server (Server.java:doStart(375)) - jetty-9.4.34.v20201102; built: 2020-11-02T14:15:39.302Z; git: e46af88704a893fc12cb0e3bf46e2c7b48a009e7; jvm 1.8.0_232-b09
2020-12-22 13:10:39,346 [Listener at 127.0.0.1/34251] INFO  server.session (DefaultSessionIdManager.java:doStart(334)) - DefaultSessionIdManager workerName=node0
2020-12-22 13:10:39,346 [Listener at 127.0.0.1/34251] INFO  server.session (DefaultSessionIdManager.java:doStart(339)) - No SessionScavenger set, using defaults
2020-12-22 13:10:39,346 [Listener at 127.0.0.1/34251] INFO  server.session (HouseKeeper.java:startScavenging(132)) - node0 Scavenging every 660000ms
2020-12-22 13:10:39,347 [Listener at 127.0.0.1/34251] INFO  handler.ContextHandler (ContextHandler.java:doStart(916)) - Started o.e.j.s.ServletContextHandler@6a09b123{logs,/logs,file:///github/workspace/mnt/ozone/hadoop-ozone/integration-test/target/log,AVAILABLE}
2020-12-22 13:10:39,348 [Listener at 127.0.0.1/34251] INFO  handler.ContextHandler (ContextHandler.java:doStart(916)) - Started o.e.j.s.ServletContextHandler@4b747dd3{static,/static,jar:file:/home/user/.m2/repository/org/apache/hadoop/hadoop-hdds-container-service/1.1.0-SNAPSHOT/hadoop-hdds-container-service-1.1.0-SNAPSHOT.jar!/webapps/static,AVAILABLE}
2020-12-22 13:10:39,514 [Listener at 127.0.0.1/34251] INFO  handler.ContextHandler (ContextHandler.java:doStart(916)) - Started o.e.j.w.WebAppContext@642935d1{hddsDatanode,/,file:///tmp/jetty-0_0_0_0-38893-hadoop-hdds-container-service-1_1_0-SNAPSHOT_jar-_-any-116262869741671732/webapp/,AVAILABLE}{jar:file:/home/user/.m2/repository/org/apache/hadoop/hadoop-hdds-container-service/1.1.0-SNAPSHOT/hadoop-hdds-container-service-1.1.0-SNAPSHOT.jar!/webapps/hddsDatanode}
2020-12-22 13:10:39,516 [Listener at 127.0.0.1/34251] INFO  server.AbstractConnector (AbstractConnector.java:doStart(331)) - Started ServerConnector@1a139018{HTTP/1.1, (http/1.1)}{0.0.0.0:38893}
2020-12-22 13:10:39,516 [Listener at 127.0.0.1/34251] INFO  server.Server (Server.java:doStart(415)) - Started @8175ms
2020-12-22 13:10:39,516 [Listener at 127.0.0.1/34251] WARN  impl.MetricsSystemImpl (MetricsSystemImpl.java:register(276)) - Sink prometheus already exists!
2020-12-22 13:10:39,519 [Listener at 127.0.0.1/34251] INFO  http.BaseHttpServer (BaseHttpServer.java:updateConnectorAddress(327)) - HTTP server of hddsDatanode listening at http://0.0.0.0:38893
2020-12-22 13:10:39,522 [Listener at 127.0.0.1/34251] INFO  impl.MetricsSystemImpl (MetricsSystemImpl.java:init(158)) - HddsDatanode metrics system started (again)
2020-12-22 13:10:39,529 [Listener at 127.0.0.1/34251] INFO  ozone.HddsDatanodeService (HddsDatanodeService.java:start(217)) - HddsDatanodeService host:60c1c0eb1cfd ip:172.17.0.2
2020-12-22 13:10:39,537 [org.apache.hadoop.util.JvmPauseMonitor$Monitor@74540938] INFO  util.JvmPauseMonitor (JvmPauseMonitor.java:run(188)) - Starting JVM pause monitor
2020-12-22 13:10:39,539 [Listener at 127.0.0.1/34251] INFO  volume.HddsVolume (HddsVolume.java:<init>(176)) - Creating Volume: /github/workspace/mnt/ozone/hadoop-ozone/integration-test/target/test-dir/MiniOzoneClusterImpl-0c7722d3-6e51-44b5-a6be-ee21012bb99e/datanode-8/data-0/containers/hdds of storage type : DISK and capacity : 9223372036854775807
2020-12-22 13:10:39,539 [Listener at 127.0.0.1/34251] INFO  volume.MutableVolumeSet (MutableVolumeSet.java:initializeVolumeSet(179)) - Added Volume : /github/workspace/mnt/ozone/hadoop-ozone/integration-test/target/test-dir/MiniOzoneClusterImpl-0c7722d3-6e51-44b5-a6be-ee21012bb99e/datanode-8/data-0/containers/hdds to VolumeSet
2020-12-22 13:10:39,539 [Listener at 127.0.0.1/34251] INFO  volume.ThrottledAsyncChecker (ThrottledAsyncChecker.java:schedule(141)) - Scheduling a check for /github/workspace/mnt/ozone/hadoop-ozone/integration-test/target/test-dir/MiniOzoneClusterImpl-0c7722d3-6e51-44b5-a6be-ee21012bb99e/datanode-8/data-0/containers/hdds
2020-12-22 13:10:39,540 [Listener at 127.0.0.1/34251] INFO  volume.HddsVolumeChecker (HddsVolumeChecker.java:checkAllVolumes(200)) - Scheduled health check for volume /github/workspace/mnt/ozone/hadoop-ozone/integration-test/target/test-dir/MiniOzoneClusterImpl-0c7722d3-6e51-44b5-a6be-ee21012bb99e/datanode-8/data-0/containers/hdds
2020-12-22 13:10:39,542 [Datanode State Machine Task Thread - 0] INFO  datanode.InitDatanodeState (InitDatanodeState.java:persistContainerDatanodeDetails(145)) - DatanodeDetails is persisted to /github/workspace/mnt/ozone/hadoop-ozone/integration-test/target/test-dir/MiniOzoneClusterImpl-0c7722d3-6e51-44b5-a6be-ee21012bb99e/datanode-7/meta/datanode.id
2020-12-22 13:10:39,553 [Thread-217] INFO  ozoneimpl.ContainerReader (ContainerReader.java:readVolume(123)) - Start to verify containers on volume /github/workspace/mnt/ozone/hadoop-ozone/integration-test/target/test-dir/MiniOzoneClusterImpl-0c7722d3-6e51-44b5-a6be-ee21012bb99e/datanode-8/data-0/containers/hdds
2020-12-22 13:10:39,553 [Thread-217] INFO  ozoneimpl.ContainerReader (ContainerReader.java:readVolume(148)) - Finish verifying containers on volume /github/workspace/mnt/ozone/hadoop-ozone/integration-test/target/test-dir/MiniOzoneClusterImpl-0c7722d3-6e51-44b5-a6be-ee21012bb99e/datanode-8/data-0/containers/hdds
2020-12-22 13:10:39,553 [Listener at 127.0.0.1/34251] INFO  ozoneimpl.OzoneContainer (OzoneContainer.java:buildContainerSet(194)) - Build ContainerSet costs 0s
2020-12-22 13:10:39,556 [Listener at 127.0.0.1/34251] INFO  impl.RaftServerProxy (ConfUtils.java:logGet(44)) - raft.rpc.type = GRPC (default)
2020-12-22 13:10:39,556 [Listener at 127.0.0.1/34251] INFO  grpc.GrpcFactory (GrpcFactory.java:checkPooledByteBufAllocatorUseCacheForAllThreads(45)) - PERFORMANCE WARNING: useCacheForAllThreads is true that may cause Netty to create a lot garbage objects and, as a result, trigger GC.
	It is recommended to disable useCacheForAllThreads by setting -Dorg.apache.ratis.thirdparty.io.netty.allocator.useCacheForAllThreads=false in command line.
2020-12-22 13:10:39,556 [Listener at 127.0.0.1/34251] INFO  grpc.GrpcConfigKeys (ConfUtils.java:logGet(44)) - raft.grpc.server.port = 0 (default)
2020-12-22 13:10:39,557 [Listener at 127.0.0.1/34251] INFO  server.GrpcService (ConfUtils.java:logGet(44)) - raft.grpc.message.size.max = 32MB (=33554432) (custom)
2020-12-22 13:10:39,557 [Listener at 127.0.0.1/34251] INFO  server.RaftServerConfigKeys (ConfUtils.java:logGet(44)) - raft.server.log.appender.buffer.byte-limit = 33554432 (custom)
2020-12-22 13:10:39,557 [Listener at 127.0.0.1/34251] INFO  server.GrpcService (ConfUtils.java:logGet(44)) - raft.grpc.flow.control.window = 5MB (=5242880) (custom)
2020-12-22 13:10:39,557 [Listener at 127.0.0.1/34251] INFO  server.RaftServerConfigKeys (ConfUtils.java:logGet(44)) - raft.server.rpc.request.timeout = 3000ms (default)
2020-12-22 13:10:39,558 [Listener at 127.0.0.1/34251] INFO  impl.DataStreamServerImpl (ConfUtils.java:logGet(44)) - raft.datastream.type = DISABLED (default)
2020-12-22 13:10:39,558 [Listener at 127.0.0.1/34251] INFO  server.RaftServerConfigKeys (ConfUtils.java:logGet(44)) - raft.server.storage.dir = [/github/workspace/mnt/ozone/hadoop-ozone/integration-test/target/test-dir/MiniOzoneClusterImpl-0c7722d3-6e51-44b5-a6be-ee21012bb99e/datanode-8/data/ratis] (custom)
2020-12-22 13:10:39,563 [Listener at 127.0.0.1/34251] INFO  http.BaseHttpServer (BaseHttpServer.java:newHttpServer2BuilderForOzone(207)) - Starting Web-server for hddsDatanode at: http://0.0.0.0:0
2020-12-22 13:10:39,563 [Listener at 127.0.0.1/34251] INFO  http.BaseHttpServer (BaseHttpServer.java:<init>(106)) - Hadoop Security Enabled: false Ozone Security Enabled: false Ozone HTTP Security Enabled: false 
2020-12-22 13:10:39,564 [Listener at 127.0.0.1/34251] INFO  server.AuthenticationFilter (AuthenticationFilter.java:constructSecretProvider(240)) - Unable to initialize FileSignerSecretProvider, falling back to use random secrets.
2020-12-22 13:10:39,565 [Listener at 127.0.0.1/34251] WARN  http.HttpRequestLog (HttpRequestLog.java:getRequestLog(103)) - Jetty request log can only be enabled using Log4j
2020-12-22 13:10:39,565 [Listener at 127.0.0.1/34251] INFO  http.HttpServer2 (HttpServer2.java:addGlobalFilter(1020)) - Added global filter 'safety' (class=org.apache.hadoop.hdds.server.http.HttpServer2$QuotingInputFilter)
2020-12-22 13:10:39,566 [Listener at 127.0.0.1/34251] INFO  http.HttpServer2 (HttpServer2.java:addFilter(996)) - Added filter static_user_filter (class=org.apache.hadoop.http.lib.StaticUserWebFilter$StaticUserFilter) to context hddsDatanode
2020-12-22 13:10:39,566 [Listener at 127.0.0.1/34251] INFO  http.HttpServer2 (HttpServer2.java:addFilter(1004)) - Added filter static_user_filter (class=org.apache.hadoop.http.lib.StaticUserWebFilter$StaticUserFilter) to context logs
2020-12-22 13:10:39,567 [Listener at 127.0.0.1/34251] INFO  http.HttpServer2 (HttpServer2.java:addFilter(1004)) - Added filter static_user_filter (class=org.apache.hadoop.http.lib.StaticUserWebFilter$StaticUserFilter) to context static
2020-12-22 13:10:39,567 [Listener at 127.0.0.1/34251] INFO  http.HttpServer2 (HttpServer2.java:bindListener(1238)) - Jetty bound to port 44017
2020-12-22 13:10:39,567 [Listener at 127.0.0.1/34251] INFO  server.Server (Server.java:doStart(375)) - jetty-9.4.34.v20201102; built: 2020-11-02T14:15:39.302Z; git: e46af88704a893fc12cb0e3bf46e2c7b48a009e7; jvm 1.8.0_232-b09
2020-12-22 13:10:39,573 [Listener at 127.0.0.1/34251] INFO  server.session (DefaultSessionIdManager.java:doStart(334)) - DefaultSessionIdManager workerName=node0
2020-12-22 13:10:39,574 [Listener at 127.0.0.1/34251] INFO  server.session (DefaultSessionIdManager.java:doStart(339)) - No SessionScavenger set, using defaults
2020-12-22 13:10:39,574 [Listener at 127.0.0.1/34251] INFO  server.session (HouseKeeper.java:startScavenging(132)) - node0 Scavenging every 660000ms
2020-12-22 13:10:39,575 [Listener at 127.0.0.1/34251] INFO  handler.ContextHandler (ContextHandler.java:doStart(916)) - Started o.e.j.s.ServletContextHandler@6eeaeeda{logs,/logs,file:///github/workspace/mnt/ozone/hadoop-ozone/integration-test/target/log,AVAILABLE}
2020-12-22 13:10:39,575 [Listener at 127.0.0.1/34251] INFO  handler.ContextHandler (ContextHandler.java:doStart(916)) - Started o.e.j.s.ServletContextHandler@68f1008e{static,/static,jar:file:/home/user/.m2/repository/org/apache/hadoop/hadoop-hdds-container-service/1.1.0-SNAPSHOT/hadoop-hdds-container-service-1.1.0-SNAPSHOT.jar!/webapps/static,AVAILABLE}
2020-12-22 13:10:39,740 [Listener at 127.0.0.1/34251] INFO  handler.ContextHandler (ContextHandler.java:doStart(916)) - Started o.e.j.w.WebAppContext@2bbc51f7{hddsDatanode,/,file:///tmp/jetty-0_0_0_0-44017-hadoop-hdds-container-service-1_1_0-SNAPSHOT_jar-_-any-4823529407546547921/webapp/,AVAILABLE}{jar:file:/home/user/.m2/repository/org/apache/hadoop/hadoop-hdds-container-service/1.1.0-SNAPSHOT/hadoop-hdds-container-service-1.1.0-SNAPSHOT.jar!/webapps/hddsDatanode}
2020-12-22 13:10:39,742 [Listener at 127.0.0.1/34251] INFO  server.AbstractConnector (AbstractConnector.java:doStart(331)) - Started ServerConnector@3662723e{HTTP/1.1, (http/1.1)}{0.0.0.0:44017}
2020-12-22 13:10:39,742 [Listener at 127.0.0.1/34251] INFO  server.Server (Server.java:doStart(415)) - Started @8401ms
2020-12-22 13:10:39,742 [Listener at 127.0.0.1/34251] WARN  impl.MetricsSystemImpl (MetricsSystemImpl.java:register(276)) - Sink prometheus already exists!
2020-12-22 13:10:39,754 [Listener at 127.0.0.1/34251] INFO  http.BaseHttpServer (BaseHttpServer.java:updateConnectorAddress(327)) - HTTP server of hddsDatanode listening at http://0.0.0.0:44017
2020-12-22 13:10:39,755 [Listener at 127.0.0.1/34251] INFO  impl.MetricsSystemImpl (MetricsSystemImpl.java:init(158)) - HddsDatanode metrics system started (again)
2020-12-22 13:10:39,758 [Listener at 127.0.0.1/34251] INFO  ozone.HddsDatanodeService (HddsDatanodeService.java:start(217)) - HddsDatanodeService host:60c1c0eb1cfd ip:172.17.0.2
2020-12-22 13:10:39,790 [org.apache.hadoop.util.JvmPauseMonitor$Monitor@41d4c7de] INFO  util.JvmPauseMonitor (JvmPauseMonitor.java:run(188)) - Starting JVM pause monitor
2020-12-22 13:10:39,791 [Listener at 127.0.0.1/34251] INFO  volume.HddsVolume (HddsVolume.java:<init>(176)) - Creating Volume: /github/workspace/mnt/ozone/hadoop-ozone/integration-test/target/test-dir/MiniOzoneClusterImpl-0c7722d3-6e51-44b5-a6be-ee21012bb99e/datanode-9/data-0/containers/hdds of storage type : DISK and capacity : 9223372036854775807
2020-12-22 13:10:39,791 [Listener at 127.0.0.1/34251] INFO  volume.MutableVolumeSet (MutableVolumeSet.java:initializeVolumeSet(179)) - Added Volume : /github/workspace/mnt/ozone/hadoop-ozone/integration-test/target/test-dir/MiniOzoneClusterImpl-0c7722d3-6e51-44b5-a6be-ee21012bb99e/datanode-9/data-0/containers/hdds to VolumeSet
2020-12-22 13:10:39,791 [Listener at 127.0.0.1/34251] INFO  volume.ThrottledAsyncChecker (ThrottledAsyncChecker.java:schedule(141)) - Scheduling a check for /github/workspace/mnt/ozone/hadoop-ozone/integration-test/target/test-dir/MiniOzoneClusterImpl-0c7722d3-6e51-44b5-a6be-ee21012bb99e/datanode-9/data-0/containers/hdds
2020-12-22 13:10:39,793 [Datanode State Machine Task Thread - 0] INFO  datanode.InitDatanodeState (InitDatanodeState.java:persistContainerDatanodeDetails(145)) - DatanodeDetails is persisted to /github/workspace/mnt/ozone/hadoop-ozone/integration-test/target/test-dir/MiniOzoneClusterImpl-0c7722d3-6e51-44b5-a6be-ee21012bb99e/datanode-8/meta/datanode.id
2020-12-22 13:10:39,812 [Listener at 127.0.0.1/34251] INFO  volume.HddsVolumeChecker (HddsVolumeChecker.java:checkAllVolumes(200)) - Scheduled health check for volume /github/workspace/mnt/ozone/hadoop-ozone/integration-test/target/test-dir/MiniOzoneClusterImpl-0c7722d3-6e51-44b5-a6be-ee21012bb99e/datanode-9/data-0/containers/hdds
2020-12-22 13:10:39,850 [Thread-229] INFO  ozoneimpl.ContainerReader (ContainerReader.java:readVolume(123)) - Start to verify containers on volume /github/workspace/mnt/ozone/hadoop-ozone/integration-test/target/test-dir/MiniOzoneClusterImpl-0c7722d3-6e51-44b5-a6be-ee21012bb99e/datanode-9/data-0/containers/hdds
2020-12-22 13:10:39,850 [Thread-229] INFO  ozoneimpl.ContainerReader (ContainerReader.java:readVolume(148)) - Finish verifying containers on volume /github/workspace/mnt/ozone/hadoop-ozone/integration-test/target/test-dir/MiniOzoneClusterImpl-0c7722d3-6e51-44b5-a6be-ee21012bb99e/datanode-9/data-0/containers/hdds
2020-12-22 13:10:39,852 [Listener at 127.0.0.1/34251] INFO  ozoneimpl.OzoneContainer (OzoneContainer.java:buildContainerSet(194)) - Build ContainerSet costs 0s
2020-12-22 13:10:39,857 [Listener at 127.0.0.1/34251] INFO  impl.RaftServerProxy (ConfUtils.java:logGet(44)) - raft.rpc.type = GRPC (default)
2020-12-22 13:10:39,858 [Listener at 127.0.0.1/34251] INFO  grpc.GrpcFactory (GrpcFactory.java:checkPooledByteBufAllocatorUseCacheForAllThreads(45)) - PERFORMANCE WARNING: useCacheForAllThreads is true that may cause Netty to create a lot garbage objects and, as a result, trigger GC.
	It is recommended to disable useCacheForAllThreads by setting -Dorg.apache.ratis.thirdparty.io.netty.allocator.useCacheForAllThreads=false in command line.
2020-12-22 13:10:39,858 [Listener at 127.0.0.1/34251] INFO  grpc.GrpcConfigKeys (ConfUtils.java:logGet(44)) - raft.grpc.server.port = 0 (default)
2020-12-22 13:10:39,858 [Listener at 127.0.0.1/34251] INFO  server.GrpcService (ConfUtils.java:logGet(44)) - raft.grpc.message.size.max = 32MB (=33554432) (custom)
2020-12-22 13:10:39,858 [Listener at 127.0.0.1/34251] INFO  server.RaftServerConfigKeys (ConfUtils.java:logGet(44)) - raft.server.log.appender.buffer.byte-limit = 33554432 (custom)
2020-12-22 13:10:39,860 [Listener at 127.0.0.1/34251] INFO  server.GrpcService (ConfUtils.java:logGet(44)) - raft.grpc.flow.control.window = 5MB (=5242880) (custom)
2020-12-22 13:10:39,860 [Listener at 127.0.0.1/34251] INFO  server.RaftServerConfigKeys (ConfUtils.java:logGet(44)) - raft.server.rpc.request.timeout = 3000ms (default)
2020-12-22 13:10:39,862 [Listener at 127.0.0.1/34251] INFO  impl.DataStreamServerImpl (ConfUtils.java:logGet(44)) - raft.datastream.type = DISABLED (default)
2020-12-22 13:10:39,862 [Listener at 127.0.0.1/34251] INFO  server.RaftServerConfigKeys (ConfUtils.java:logGet(44)) - raft.server.storage.dir = [/github/workspace/mnt/ozone/hadoop-ozone/integration-test/target/test-dir/MiniOzoneClusterImpl-0c7722d3-6e51-44b5-a6be-ee21012bb99e/datanode-9/data/ratis] (custom)
2020-12-22 13:10:39,872 [Listener at 127.0.0.1/34251] INFO  http.BaseHttpServer (BaseHttpServer.java:newHttpServer2BuilderForOzone(207)) - Starting Web-server for hddsDatanode at: http://0.0.0.0:0
2020-12-22 13:10:39,872 [Listener at 127.0.0.1/34251] INFO  http.BaseHttpServer (BaseHttpServer.java:<init>(106)) - Hadoop Security Enabled: false Ozone Security Enabled: false Ozone HTTP Security Enabled: false 
2020-12-22 13:10:39,874 [Listener at 127.0.0.1/34251] INFO  server.AuthenticationFilter (AuthenticationFilter.java:constructSecretProvider(240)) - Unable to initialize FileSignerSecretProvider, falling back to use random secrets.
2020-12-22 13:10:39,874 [Listener at 127.0.0.1/34251] WARN  http.HttpRequestLog (HttpRequestLog.java:getRequestLog(103)) - Jetty request log can only be enabled using Log4j
2020-12-22 13:10:39,876 [Listener at 127.0.0.1/34251] INFO  http.HttpServer2 (HttpServer2.java:addGlobalFilter(1020)) - Added global filter 'safety' (class=org.apache.hadoop.hdds.server.http.HttpServer2$QuotingInputFilter)
2020-12-22 13:10:39,877 [Listener at 127.0.0.1/34251] INFO  http.HttpServer2 (HttpServer2.java:addFilter(996)) - Added filter static_user_filter (class=org.apache.hadoop.http.lib.StaticUserWebFilter$StaticUserFilter) to context hddsDatanode
2020-12-22 13:10:39,877 [Listener at 127.0.0.1/34251] INFO  http.HttpServer2 (HttpServer2.java:addFilter(1004)) - Added filter static_user_filter (class=org.apache.hadoop.http.lib.StaticUserWebFilter$StaticUserFilter) to context logs
2020-12-22 13:10:39,877 [Listener at 127.0.0.1/34251] INFO  http.HttpServer2 (HttpServer2.java:addFilter(1004)) - Added filter static_user_filter (class=org.apache.hadoop.http.lib.StaticUserWebFilter$StaticUserFilter) to context static
2020-12-22 13:10:39,878 [Listener at 127.0.0.1/34251] INFO  http.HttpServer2 (HttpServer2.java:bindListener(1238)) - Jetty bound to port 46391
2020-12-22 13:10:39,878 [Listener at 127.0.0.1/34251] INFO  server.Server (Server.java:doStart(375)) - jetty-9.4.34.v20201102; built: 2020-11-02T14:15:39.302Z; git: e46af88704a893fc12cb0e3bf46e2c7b48a009e7; jvm 1.8.0_232-b09
2020-12-22 13:10:39,875 [EndpointStateMachine task thread for /0.0.0.0:33001 - 0 ] INFO  ozoneimpl.OzoneContainer (OzoneContainer.java:start(243)) - Attempting to start container services.
2020-12-22 13:10:39,880 [EndpointStateMachine task thread for /0.0.0.0:33001 - 0 ] INFO  ozoneimpl.OzoneContainer (OzoneContainer.java:startContainerScrub(207)) - Background container scanner has been disabled.
2020-12-22 13:10:39,880 [EndpointStateMachine task thread for /0.0.0.0:33001 - 0 ] INFO  ratis.XceiverServerRatis (XceiverServerRatis.java:start(456)) - Starting XceiverServerRatis d23545be-7951-4ced-9e1c-af6ad8e842b2 at port 0
2020-12-22 13:10:39,891 [Listener at 127.0.0.1/34251] INFO  server.session (DefaultSessionIdManager.java:doStart(334)) - DefaultSessionIdManager workerName=node0
2020-12-22 13:10:39,891 [Listener at 127.0.0.1/34251] INFO  server.session (DefaultSessionIdManager.java:doStart(339)) - No SessionScavenger set, using defaults
2020-12-22 13:10:39,892 [Listener at 127.0.0.1/34251] INFO  server.session (HouseKeeper.java:startScavenging(132)) - node0 Scavenging every 600000ms
2020-12-22 13:10:39,892 [Listener at 127.0.0.1/34251] INFO  handler.ContextHandler (ContextHandler.java:doStart(916)) - Started o.e.j.s.ServletContextHandler@109d209f{logs,/logs,file:///github/workspace/mnt/ozone/hadoop-ozone/integration-test/target/log,AVAILABLE}
2020-12-22 13:10:39,893 [Listener at 127.0.0.1/34251] INFO  handler.ContextHandler (ContextHandler.java:doStart(916)) - Started o.e.j.s.ServletContextHandler@6bb31ee4{static,/static,jar:file:/home/user/.m2/repository/org/apache/hadoop/hadoop-hdds-container-service/1.1.0-SNAPSHOT/hadoop-hdds-container-service-1.1.0-SNAPSHOT.jar!/webapps/static,AVAILABLE}
2020-12-22 13:10:39,890 [EndpointStateMachine task thread for /0.0.0.0:33001 - 0 ] INFO  impl.RaftServerProxy (RaftServerProxy.java:lambda$start$3(321)) - d23545be-7951-4ced-9e1c-af6ad8e842b2: start RPC server
2020-12-22 13:10:40,011 [EndpointStateMachine task thread for /0.0.0.0:33001 - 0 ] INFO  server.GrpcService (GrpcService.java:startImpl(177)) - d23545be-7951-4ced-9e1c-af6ad8e842b2: GrpcService started, listening on 0.0.0.0/0.0.0.0:35453
2020-12-22 13:10:40,014 [EndpointStateMachine task thread for /0.0.0.0:33001 - 0 ] INFO  ratis.XceiverServerRatis (XceiverServerRatis.java:start(468)) - XceiverServerRatis d23545be-7951-4ced-9e1c-af6ad8e842b2 is started using port 35453
2020-12-22 13:10:40,032 [EndpointStateMachine task thread for /0.0.0.0:33001 - 0 ] INFO  server.XceiverServerGrpc (XceiverServerGrpc.java:start(145)) - XceiverServerGrpc d23545be-7951-4ced-9e1c-af6ad8e842b2 is started using port 46033
2020-12-22 13:10:40,033 [org.apache.ratis.server.JvmPauseMonitor@725d4b0f-Monitor] INFO  server.RaftServerConfigKeys (ConfUtils.java:logGet(44)) - raft.server.leaderelection.leader.step-down.wait-time = 10s (default)
2020-12-22 13:10:40,038 [org.apache.ratis.server.JvmPauseMonitor@725d4b0f-Monitor] INFO  server.RaftServerConfigKeys (ConfUtils.java:logGet(44)) - raft.server.rpc.slowness.timeout = 300000ms (custom)
2020-12-22 13:10:40,045 [org.apache.ratis.server.JvmPauseMonitor@725d4b0f-Monitor] INFO  server.JvmPauseMonitor (JvmPauseMonitor.java:run(129)) - Starting Ratis JVM pause monitor
2020-12-22 13:10:40,077 [EndpointStateMachine task thread for /0.0.0.0:33001 - 0 ] INFO  ozoneimpl.OzoneContainer (OzoneContainer.java:start(243)) - Attempting to start container services.
2020-12-22 13:10:40,082 [EndpointStateMachine task thread for /0.0.0.0:33001 - 0 ] INFO  ozoneimpl.OzoneContainer (OzoneContainer.java:startContainerScrub(207)) - Background container scanner has been disabled.
2020-12-22 13:10:40,082 [EndpointStateMachine task thread for /0.0.0.0:33001 - 0 ] INFO  ratis.XceiverServerRatis (XceiverServerRatis.java:start(456)) - Starting XceiverServerRatis cfc7b2a2-0619-4c85-8419-784b4b9eda1c at port 0
2020-12-22 13:10:40,083 [EndpointStateMachine task thread for /0.0.0.0:33001 - 0 ] INFO  impl.RaftServerProxy (RaftServerProxy.java:lambda$start$3(321)) - cfc7b2a2-0619-4c85-8419-784b4b9eda1c: start RPC server
2020-12-22 13:10:40,090 [EndpointStateMachine task thread for /0.0.0.0:33001 - 0 ] INFO  server.GrpcService (GrpcService.java:startImpl(177)) - cfc7b2a2-0619-4c85-8419-784b4b9eda1c: GrpcService started, listening on 0.0.0.0/0.0.0.0:40143
2020-12-22 13:10:40,090 [EndpointStateMachine task thread for /0.0.0.0:33001 - 0 ] INFO  ratis.XceiverServerRatis (XceiverServerRatis.java:start(468)) - XceiverServerRatis cfc7b2a2-0619-4c85-8419-784b4b9eda1c is started using port 40143
2020-12-22 13:10:40,094 [EndpointStateMachine task thread for /0.0.0.0:33001 - 0 ] INFO  server.XceiverServerGrpc (XceiverServerGrpc.java:start(145)) - XceiverServerGrpc cfc7b2a2-0619-4c85-8419-784b4b9eda1c is started using port 42647
2020-12-22 13:10:40,099 [org.apache.ratis.server.JvmPauseMonitor@275e2ed5-Monitor] INFO  server.RaftServerConfigKeys (ConfUtils.java:logGet(44)) - raft.server.leaderelection.leader.step-down.wait-time = 10s (default)
2020-12-22 13:10:40,099 [org.apache.ratis.server.JvmPauseMonitor@275e2ed5-Monitor] INFO  server.RaftServerConfigKeys (ConfUtils.java:logGet(44)) - raft.server.rpc.slowness.timeout = 300000ms (custom)
2020-12-22 13:10:40,099 [org.apache.ratis.server.JvmPauseMonitor@275e2ed5-Monitor] INFO  server.JvmPauseMonitor (JvmPauseMonitor.java:run(129)) - Starting Ratis JVM pause monitor
2020-12-22 13:10:40,151 [Listener at 127.0.0.1/34251] INFO  handler.ContextHandler (ContextHandler.java:doStart(916)) - Started o.e.j.w.WebAppContext@467417cd{hddsDatanode,/,file:///tmp/jetty-0_0_0_0-46391-hadoop-hdds-container-service-1_1_0-SNAPSHOT_jar-_-any-4362517151129190142/webapp/,AVAILABLE}{jar:file:/home/user/.m2/repository/org/apache/hadoop/hadoop-hdds-container-service/1.1.0-SNAPSHOT/hadoop-hdds-container-service-1.1.0-SNAPSHOT.jar!/webapps/hddsDatanode}
2020-12-22 13:10:40,152 [Listener at 127.0.0.1/34251] INFO  server.AbstractConnector (AbstractConnector.java:doStart(331)) - Started ServerConnector@600bf776{HTTP/1.1, (http/1.1)}{0.0.0.0:46391}
2020-12-22 13:10:40,153 [Listener at 127.0.0.1/34251] INFO  server.Server (Server.java:doStart(415)) - Started @8812ms
2020-12-22 13:10:40,153 [Listener at 127.0.0.1/34251] WARN  impl.MetricsSystemImpl (MetricsSystemImpl.java:register(276)) - Sink prometheus already exists!
2020-12-22 13:10:40,156 [Listener at 127.0.0.1/34251] INFO  http.BaseHttpServer (BaseHttpServer.java:updateConnectorAddress(327)) - HTTP server of hddsDatanode listening at http://0.0.0.0:46391
2020-12-22 13:10:40,159 [Listener at 127.0.0.1/34251] INFO  ozone.MiniOzoneClusterImpl (MiniOzoneClusterImpl.java:lambda$waitForClusterToBeReady$0(178)) - Waiting for nodes to be ready. Got 0 of 10 DN Heartbeats.
2020-12-22 13:10:40,159 [Listener at 127.0.0.1/34251] INFO  ozone.MiniOzoneClusterImpl (MiniOzoneClusterImpl.java:lambda$waitForClusterToBeReady$0(181)) - Waiting for cluster to exit safe mode
2020-12-22 13:10:40,163 [org.apache.hadoop.util.JvmPauseMonitor$Monitor@271fab80] INFO  util.JvmPauseMonitor (JvmPauseMonitor.java:run(188)) - Starting JVM pause monitor
2020-12-22 13:10:40,165 [Datanode State Machine Task Thread - 0] INFO  datanode.InitDatanodeState (InitDatanodeState.java:persistContainerDatanodeDetails(145)) - DatanodeDetails is persisted to /github/workspace/mnt/ozone/hadoop-ozone/integration-test/target/test-dir/MiniOzoneClusterImpl-0c7722d3-6e51-44b5-a6be-ee21012bb99e/datanode-9/meta/datanode.id
2020-12-22 13:10:40,312 [EndpointStateMachine task thread for /0.0.0.0:33001 - 0 ] INFO  ozoneimpl.OzoneContainer (OzoneContainer.java:start(243)) - Attempting to start container services.
2020-12-22 13:10:40,312 [EndpointStateMachine task thread for /0.0.0.0:33001 - 0 ] INFO  ozoneimpl.OzoneContainer (OzoneContainer.java:startContainerScrub(207)) - Background container scanner has been disabled.
2020-12-22 13:10:40,312 [EndpointStateMachine task thread for /0.0.0.0:33001 - 0 ] INFO  ratis.XceiverServerRatis (XceiverServerRatis.java:start(456)) - Starting XceiverServerRatis 630f7d82-7405-430a-acc4-3cca1d2988c7 at port 0
2020-12-22 13:10:40,313 [EndpointStateMachine task thread for /0.0.0.0:33001 - 0 ] INFO  impl.RaftServerProxy (RaftServerProxy.java:lambda$start$3(321)) - 630f7d82-7405-430a-acc4-3cca1d2988c7: start RPC server
2020-12-22 13:10:40,323 [EndpointStateMachine task thread for /0.0.0.0:33001 - 0 ] INFO  server.GrpcService (GrpcService.java:startImpl(177)) - 630f7d82-7405-430a-acc4-3cca1d2988c7: GrpcService started, listening on 0.0.0.0/0.0.0.0:39527
2020-12-22 13:10:40,324 [EndpointStateMachine task thread for /0.0.0.0:33001 - 0 ] INFO  ratis.XceiverServerRatis (XceiverServerRatis.java:start(468)) - XceiverServerRatis 630f7d82-7405-430a-acc4-3cca1d2988c7 is started using port 39527
2020-12-22 13:10:40,324 [org.apache.ratis.server.JvmPauseMonitor@70a97a94-Monitor] INFO  server.RaftServerConfigKeys (ConfUtils.java:logGet(44)) - raft.server.leaderelection.leader.step-down.wait-time = 10s (default)
2020-12-22 13:10:40,325 [org.apache.ratis.server.JvmPauseMonitor@70a97a94-Monitor] INFO  server.RaftServerConfigKeys (ConfUtils.java:logGet(44)) - raft.server.rpc.slowness.timeout = 300000ms (custom)
2020-12-22 13:10:40,325 [org.apache.ratis.server.JvmPauseMonitor@70a97a94-Monitor] INFO  server.JvmPauseMonitor (JvmPauseMonitor.java:run(129)) - Starting Ratis JVM pause monitor
2020-12-22 13:10:40,325 [EndpointStateMachine task thread for /0.0.0.0:33001 - 0 ] INFO  server.XceiverServerGrpc (XceiverServerGrpc.java:start(145)) - XceiverServerGrpc 630f7d82-7405-430a-acc4-3cca1d2988c7 is started using port 41351
2020-12-22 13:10:40,603 [EndpointStateMachine task thread for /0.0.0.0:33001 - 0 ] INFO  ozoneimpl.OzoneContainer (OzoneContainer.java:start(243)) - Attempting to start container services.
2020-12-22 13:10:40,603 [EndpointStateMachine task thread for /0.0.0.0:33001 - 0 ] INFO  ozoneimpl.OzoneContainer (OzoneContainer.java:startContainerScrub(207)) - Background container scanner has been disabled.
2020-12-22 13:10:40,604 [EndpointStateMachine task thread for /0.0.0.0:33001 - 0 ] INFO  ratis.XceiverServerRatis (XceiverServerRatis.java:start(456)) - Starting XceiverServerRatis a9e5f8c8-f1d2-4256-bab8-e403c630398b at port 0
2020-12-22 13:10:40,605 [EndpointStateMachine task thread for /0.0.0.0:33001 - 0 ] INFO  impl.RaftServerProxy (RaftServerProxy.java:lambda$start$3(321)) - a9e5f8c8-f1d2-4256-bab8-e403c630398b: start RPC server
2020-12-22 13:10:40,611 [EndpointStateMachine task thread for /0.0.0.0:33001 - 0 ] INFO  server.GrpcService (GrpcService.java:startImpl(177)) - a9e5f8c8-f1d2-4256-bab8-e403c630398b: GrpcService started, listening on 0.0.0.0/0.0.0.0:36741
2020-12-22 13:10:40,611 [EndpointStateMachine task thread for /0.0.0.0:33001 - 0 ] INFO  ratis.XceiverServerRatis (XceiverServerRatis.java:start(468)) - XceiverServerRatis a9e5f8c8-f1d2-4256-bab8-e403c630398b is started using port 36741
2020-12-22 13:10:40,612 [EndpointStateMachine task thread for /0.0.0.0:33001 - 0 ] INFO  server.XceiverServerGrpc (XceiverServerGrpc.java:start(145)) - XceiverServerGrpc a9e5f8c8-f1d2-4256-bab8-e403c630398b is started using port 42495
2020-12-22 13:10:40,615 [org.apache.ratis.server.JvmPauseMonitor@568dd2b0-Monitor] INFO  server.RaftServerConfigKeys (ConfUtils.java:logGet(44)) - raft.server.leaderelection.leader.step-down.wait-time = 10s (default)
2020-12-22 13:10:40,616 [org.apache.ratis.server.JvmPauseMonitor@568dd2b0-Monitor] INFO  server.RaftServerConfigKeys (ConfUtils.java:logGet(44)) - raft.server.rpc.slowness.timeout = 300000ms (custom)
2020-12-22 13:10:40,616 [org.apache.ratis.server.JvmPauseMonitor@568dd2b0-Monitor] INFO  server.JvmPauseMonitor (JvmPauseMonitor.java:run(129)) - Starting Ratis JVM pause monitor
2020-12-22 13:10:40,834 [EndpointStateMachine task thread for /0.0.0.0:33001 - 0 ] INFO  ozoneimpl.OzoneContainer (OzoneContainer.java:start(243)) - Attempting to start container services.
2020-12-22 13:10:40,835 [EndpointStateMachine task thread for /0.0.0.0:33001 - 0 ] INFO  ozoneimpl.OzoneContainer (OzoneContainer.java:startContainerScrub(207)) - Background container scanner has been disabled.
2020-12-22 13:10:40,835 [EndpointStateMachine task thread for /0.0.0.0:33001 - 0 ] INFO  ratis.XceiverServerRatis (XceiverServerRatis.java:start(456)) - Starting XceiverServerRatis 9d743c2f-cc4c-4210-bd8b-cad00ce03aed at port 0
2020-12-22 13:10:40,836 [EndpointStateMachine task thread for /0.0.0.0:33001 - 0 ] INFO  impl.RaftServerProxy (RaftServerProxy.java:lambda$start$3(321)) - 9d743c2f-cc4c-4210-bd8b-cad00ce03aed: start RPC server
2020-12-22 13:10:40,838 [EndpointStateMachine task thread for /0.0.0.0:33001 - 0 ] INFO  server.GrpcService (GrpcService.java:startImpl(177)) - 9d743c2f-cc4c-4210-bd8b-cad00ce03aed: GrpcService started, listening on 0.0.0.0/0.0.0.0:40485
2020-12-22 13:10:40,838 [EndpointStateMachine task thread for /0.0.0.0:33001 - 0 ] INFO  ratis.XceiverServerRatis (XceiverServerRatis.java:start(468)) - XceiverServerRatis 9d743c2f-cc4c-4210-bd8b-cad00ce03aed is started using port 40485
2020-12-22 13:10:40,838 [org.apache.ratis.server.JvmPauseMonitor@624340ca-Monitor] INFO  server.RaftServerConfigKeys (ConfUtils.java:logGet(44)) - raft.server.leaderelection.leader.step-down.wait-time = 10s (default)
2020-12-22 13:10:40,839 [EndpointStateMachine task thread for /0.0.0.0:33001 - 0 ] INFO  server.XceiverServerGrpc (XceiverServerGrpc.java:start(145)) - XceiverServerGrpc 9d743c2f-cc4c-4210-bd8b-cad00ce03aed is started using port 43375
2020-12-22 13:10:40,839 [org.apache.ratis.server.JvmPauseMonitor@624340ca-Monitor] INFO  server.RaftServerConfigKeys (ConfUtils.java:logGet(44)) - raft.server.rpc.slowness.timeout = 300000ms (custom)
2020-12-22 13:10:40,840 [org.apache.ratis.server.JvmPauseMonitor@624340ca-Monitor] INFO  server.JvmPauseMonitor (JvmPauseMonitor.java:run(129)) - Starting Ratis JVM pause monitor
2020-12-22 13:10:41,159 [Listener at 127.0.0.1/34251] INFO  ozone.MiniOzoneClusterImpl (MiniOzoneClusterImpl.java:lambda$waitForClusterToBeReady$0(178)) - Waiting for nodes to be ready. Got 0 of 10 DN Heartbeats.
2020-12-22 13:10:41,160 [Listener at 127.0.0.1/34251] INFO  ozone.MiniOzoneClusterImpl (MiniOzoneClusterImpl.java:lambda$waitForClusterToBeReady$0(181)) - Waiting for cluster to exit safe mode
2020-12-22 13:10:42,160 [Listener at 127.0.0.1/34251] INFO  ozone.MiniOzoneClusterImpl (MiniOzoneClusterImpl.java:lambda$waitForClusterToBeReady$0(178)) - Waiting for nodes to be ready. Got 0 of 10 DN Heartbeats.
2020-12-22 13:10:42,160 [Listener at 127.0.0.1/34251] INFO  ozone.MiniOzoneClusterImpl (MiniOzoneClusterImpl.java:lambda$waitForClusterToBeReady$0(181)) - Waiting for cluster to exit safe mode
2020-12-22 13:10:42,449 [IPC Server handler 2 on default port 33001] INFO  net.NetworkTopologyImpl (NetworkTopologyImpl.java:add(111)) - Added a new node: /rack1/cfc7b2a2-0619-4c85-8419-784b4b9eda1c
2020-12-22 13:10:42,450 [IPC Server handler 1 on default port 33001] INFO  net.NetworkTopologyImpl (NetworkTopologyImpl.java:add(111)) - Added a new node: /rack1/d23545be-7951-4ced-9e1c-af6ad8e842b2
2020-12-22 13:10:42,450 [IPC Server handler 1 on default port 33001] INFO  node.SCMNodeManager (SCMNodeManager.java:register(341)) - Registered Data node : d23545be-7951-4ced-9e1c-af6ad8e842b2{ip: 172.17.0.2, host: 60c1c0eb1cfd, networkLocation: /rack1, certSerialId: null, persistedOpState: IN_SERVICE, persistedOpStateExpiryEpochSec: 0}
2020-12-22 13:10:42,453 [IPC Server handler 3 on default port 33001] INFO  net.NetworkTopologyImpl (NetworkTopologyImpl.java:add(111)) - Added a new node: /rack1/630f7d82-7405-430a-acc4-3cca1d2988c7
2020-12-22 13:10:42,453 [IPC Server handler 3 on default port 33001] INFO  node.SCMNodeManager (SCMNodeManager.java:register(341)) - Registered Data node : 630f7d82-7405-430a-acc4-3cca1d2988c7{ip: 172.17.0.2, host: 60c1c0eb1cfd, networkLocation: /rack1, certSerialId: null, persistedOpState: IN_SERVICE, persistedOpStateExpiryEpochSec: 0}
2020-12-22 13:10:42,600 [IPC Server handler 4 on default port 33001] INFO  net.NetworkTopologyImpl (NetworkTopologyImpl.java:add(111)) - Added a new node: /rack1/a9e5f8c8-f1d2-4256-bab8-e403c630398b
2020-12-22 13:10:42,601 [IPC Server handler 4 on default port 33001] INFO  node.SCMNodeManager (SCMNodeManager.java:register(341)) - Registered Data node : a9e5f8c8-f1d2-4256-bab8-e403c630398b{ip: 172.17.0.2, host: 60c1c0eb1cfd, networkLocation: /rack1, certSerialId: null, persistedOpState: IN_SERVICE, persistedOpStateExpiryEpochSec: 0}
2020-12-22 13:10:42,677 [IPC Server handler 2 on default port 33001] INFO  node.SCMNodeManager (SCMNodeManager.java:register(341)) - Registered Data node : cfc7b2a2-0619-4c85-8419-784b4b9eda1c{ip: 172.17.0.2, host: 60c1c0eb1cfd, networkLocation: /rack1, certSerialId: null, persistedOpState: IN_SERVICE, persistedOpStateExpiryEpochSec: 0}
2020-12-22 13:10:42,680 [EventQueue-NodeRegistrationContainerReportForDataNodeSafeModeRule] INFO  safemode.SCMSafeModeManager (DataNodeSafeModeRule.java:process(71)) - SCM in safe mode. 1 DataNodes registered, 1 required.
2020-12-22 13:10:42,681 [EventQueue-NodeRegistrationContainerReportForDataNodeSafeModeRule] INFO  safemode.SCMSafeModeManager (SCMSafeModeManager.java:validateSafeModeExitRules(214)) - DataNodeSafeModeRule rule is successfully validated
2020-12-22 13:10:42,681 [EventQueue-NodeRegistrationContainerReportForDataNodeSafeModeRule] INFO  safemode.SCMSafeModeManager (SCMSafeModeManager.java:completePreCheck(242)) - All SCM safe mode pre check rules have passed
2020-12-22 13:10:42,690 [EventQueue-NodeRegistrationContainerReportForDataNodeSafeModeRule] INFO  safemode.SCMSafeModeManager (SCMSafeModeManager.java:validateSafeModeExitRules(214)) - DataNodeSafeModeRule rule is successfully validated
2020-12-22 13:10:42,690 [EventQueue-NodeRegistrationContainerReportForDataNodeSafeModeRule] INFO  safemode.SCMSafeModeManager (SCMSafeModeManager.java:validateSafeModeExitRules(214)) - DataNodeSafeModeRule rule is successfully validated
2020-12-22 13:10:42,690 [EventQueue-NodeRegistrationContainerReportForDataNodeSafeModeRule] INFO  safemode.SCMSafeModeManager (SCMSafeModeManager.java:validateSafeModeExitRules(214)) - DataNodeSafeModeRule rule is successfully validated
2020-12-22 13:10:42,690 [EventQueue-PipelineReportForOneReplicaPipelineSafeModeRule] INFO  safemode.SCMSafeModeManager (SCMSafeModeManager.java:validateSafeModeExitRules(214)) - AtleastOneDatanodeReportedRule rule is successfully validated
2020-12-22 13:10:42,690 [EventQueue-PipelineReportForOneReplicaPipelineSafeModeRule] INFO  safemode.SCMSafeModeManager (SCMSafeModeManager.java:validateSafeModeExitRules(214)) - AtleastOneDatanodeReportedRule rule is successfully validated
2020-12-22 13:10:42,690 [EventQueue-PipelineReportForOneReplicaPipelineSafeModeRule] INFO  safemode.SCMSafeModeManager (SCMSafeModeManager.java:validateSafeModeExitRules(214)) - AtleastOneDatanodeReportedRule rule is successfully validated
2020-12-22 13:10:42,693 [RatisPipelineUtilsThread] INFO  pipeline.RatisPipelineProvider (RatisPipelineProvider.java:lambda$create$0(161)) - Sending CreatePipelineCommand for pipeline:PipelineID=a1e8a107-cf05-4c5c-add5-451f57a0df90 to datanode:630f7d82-7405-430a-acc4-3cca1d2988c7
2020-12-22 13:10:42,699 [EventQueue-PipelineReportForOneReplicaPipelineSafeModeRule] INFO  safemode.SCMSafeModeManager (SCMSafeModeManager.java:validateSafeModeExitRules(214)) - AtleastOneDatanodeReportedRule rule is successfully validated
2020-12-22 13:10:42,705 [EventQueue-NodeRegistrationContainerReportForContainerSafeModeRule] INFO  safemode.SCMSafeModeManager (SCMSafeModeManager.java:validateSafeModeExitRules(214)) - ContainerSafeModeRule rule is successfully validated
2020-12-22 13:10:42,705 [EventQueue-NodeRegistrationContainerReportForContainerSafeModeRule] INFO  safemode.SCMSafeModeManager (SCMSafeModeManager.java:validateSafeModeExitRules(214)) - ContainerSafeModeRule rule is successfully validated
2020-12-22 13:10:42,705 [EventQueue-NodeRegistrationContainerReportForContainerSafeModeRule] INFO  safemode.SCMSafeModeManager (SCMSafeModeManager.java:validateSafeModeExitRules(214)) - ContainerSafeModeRule rule is successfully validated
2020-12-22 13:10:42,706 [EventQueue-NodeRegistrationContainerReportForContainerSafeModeRule] INFO  safemode.SCMSafeModeManager (SCMSafeModeManager.java:validateSafeModeExitRules(214)) - ContainerSafeModeRule rule is successfully validated
2020-12-22 13:10:42,707 [RatisPipelineUtilsThread] INFO  pipeline.PipelineStateManager (PipelineStateManager.java:addPipeline(54)) - Created pipeline Pipeline[ Id: a1e8a107-cf05-4c5c-add5-451f57a0df90, Nodes: 630f7d82-7405-430a-acc4-3cca1d2988c7{ip: 172.17.0.2, host: 60c1c0eb1cfd, networkLocation: /rack1, certSerialId: null, persistedOpState: IN_SERVICE, persistedOpStateExpiryEpochSec: 0}, Type:RATIS, Factor:ONE, State:ALLOCATED, leaderId:, CreationTimestamp2020-12-22T13:10:42.689Z]
2020-12-22 13:10:42,713 [RatisPipelineUtilsThread] INFO  pipeline.RatisPipelineProvider (RatisPipelineProvider.java:lambda$create$0(161)) - Sending CreatePipelineCommand for pipeline:PipelineID=b3d46aca-819d-4a28-9022-197856ee50cc to datanode:cfc7b2a2-0619-4c85-8419-784b4b9eda1c
2020-12-22 13:10:42,714 [RatisPipelineUtilsThread] INFO  pipeline.RatisPipelineProvider (RatisPipelineProvider.java:lambda$create$0(161)) - Sending CreatePipelineCommand for pipeline:PipelineID=b3d46aca-819d-4a28-9022-197856ee50cc to datanode:a9e5f8c8-f1d2-4256-bab8-e403c630398b
2020-12-22 13:10:42,714 [RatisPipelineUtilsThread] INFO  pipeline.RatisPipelineProvider (RatisPipelineProvider.java:lambda$create$0(161)) - Sending CreatePipelineCommand for pipeline:PipelineID=b3d46aca-819d-4a28-9022-197856ee50cc to datanode:d23545be-7951-4ced-9e1c-af6ad8e842b2
2020-12-22 13:10:42,714 [RatisPipelineUtilsThread] INFO  pipeline.PipelineStateManager (PipelineStateManager.java:addPipeline(54)) - Created pipeline Pipeline[ Id: b3d46aca-819d-4a28-9022-197856ee50cc, Nodes: cfc7b2a2-0619-4c85-8419-784b4b9eda1c{ip: 172.17.0.2, host: 60c1c0eb1cfd, networkLocation: /rack1, certSerialId: null, persistedOpState: IN_SERVICE, persistedOpStateExpiryEpochSec: 0}a9e5f8c8-f1d2-4256-bab8-e403c630398b{ip: 172.17.0.2, host: 60c1c0eb1cfd, networkLocation: /rack1, certSerialId: null, persistedOpState: IN_SERVICE, persistedOpStateExpiryEpochSec: 0}d23545be-7951-4ced-9e1c-af6ad8e842b2{ip: 172.17.0.2, host: 60c1c0eb1cfd, networkLocation: /rack1, certSerialId: null, persistedOpState: IN_SERVICE, persistedOpStateExpiryEpochSec: 0}, Type:RATIS, Factor:THREE, State:ALLOCATED, leaderId:, CreationTimestamp2020-12-22T13:10:42.713Z]
2020-12-22 13:10:42,715 [RatisPipelineUtilsThread] INFO  pipeline.RatisPipelineProvider (RatisPipelineProvider.java:lambda$create$0(161)) - Sending CreatePipelineCommand for pipeline:PipelineID=a9947e81-80ed-457e-8457-6dff0ad623b0 to datanode:cfc7b2a2-0619-4c85-8419-784b4b9eda1c
2020-12-22 13:10:42,715 [RatisPipelineUtilsThread] INFO  pipeline.PipelineStateManager (PipelineStateManager.java:addPipeline(54)) - Created pipeline Pipeline[ Id: a9947e81-80ed-457e-8457-6dff0ad623b0, Nodes: cfc7b2a2-0619-4c85-8419-784b4b9eda1c{ip: 172.17.0.2, host: 60c1c0eb1cfd, networkLocation: /rack1, certSerialId: null, persistedOpState: IN_SERVICE, persistedOpStateExpiryEpochSec: 0}, Type:RATIS, Factor:ONE, State:ALLOCATED, leaderId:, CreationTimestamp2020-12-22T13:10:42.715Z]
2020-12-22 13:10:42,716 [RatisPipelineUtilsThread] INFO  pipeline.RatisPipelineProvider (RatisPipelineProvider.java:lambda$create$0(161)) - Sending CreatePipelineCommand for pipeline:PipelineID=1db8be16-ed77-4592-8cde-22ef2da5b5e3 to datanode:630f7d82-7405-430a-acc4-3cca1d2988c7
2020-12-22 13:10:42,716 [RatisPipelineUtilsThread] INFO  pipeline.RatisPipelineProvider (RatisPipelineProvider.java:lambda$create$0(161)) - Sending CreatePipelineCommand for pipeline:PipelineID=1db8be16-ed77-4592-8cde-22ef2da5b5e3 to datanode:a9e5f8c8-f1d2-4256-bab8-e403c630398b
2020-12-22 13:10:42,716 [RatisPipelineUtilsThread] INFO  pipeline.RatisPipelineProvider (RatisPipelineProvider.java:lambda$create$0(161)) - Sending CreatePipelineCommand for pipeline:PipelineID=1db8be16-ed77-4592-8cde-22ef2da5b5e3 to datanode:d23545be-7951-4ced-9e1c-af6ad8e842b2
2020-12-22 13:10:42,717 [RatisPipelineUtilsThread] INFO  pipeline.PipelineStateManager (PipelineStateManager.java:addPipeline(54)) - Created pipeline Pipeline[ Id: 1db8be16-ed77-4592-8cde-22ef2da5b5e3, Nodes: 630f7d82-7405-430a-acc4-3cca1d2988c7{ip: 172.17.0.2, host: 60c1c0eb1cfd, networkLocation: /rack1, certSerialId: null, persistedOpState: IN_SERVICE, persistedOpStateExpiryEpochSec: 0}a9e5f8c8-f1d2-4256-bab8-e403c630398b{ip: 172.17.0.2, host: 60c1c0eb1cfd, networkLocation: /rack1, certSerialId: null, persistedOpState: IN_SERVICE, persistedOpStateExpiryEpochSec: 0}d23545be-7951-4ced-9e1c-af6ad8e842b2{ip: 172.17.0.2, host: 60c1c0eb1cfd, networkLocation: /rack1, certSerialId: null, persistedOpState: IN_SERVICE, persistedOpStateExpiryEpochSec: 0}, Type:RATIS, Factor:THREE, State:ALLOCATED, leaderId:, CreationTimestamp2020-12-22T13:10:42.716Z]
2020-12-22 13:10:42,717 [RatisPipelineUtilsThread] INFO  pipeline.RatisPipelineProvider (RatisPipelineProvider.java:lambda$create$0(161)) - Sending CreatePipelineCommand for pipeline:PipelineID=23567c96-548a-42a1-bd8a-e4a08ed2fc34 to datanode:a9e5f8c8-f1d2-4256-bab8-e403c630398b
2020-12-22 13:10:42,718 [RatisPipelineUtilsThread] INFO  pipeline.PipelineStateManager (PipelineStateManager.java:addPipeline(54)) - Created pipeline Pipeline[ Id: 23567c96-548a-42a1-bd8a-e4a08ed2fc34, Nodes: a9e5f8c8-f1d2-4256-bab8-e403c630398b{ip: 172.17.0.2, host: 60c1c0eb1cfd, networkLocation: /rack1, certSerialId: null, persistedOpState: IN_SERVICE, persistedOpStateExpiryEpochSec: 0}, Type:RATIS, Factor:ONE, State:ALLOCATED, leaderId:, CreationTimestamp2020-12-22T13:10:42.717Z]
2020-12-22 13:10:42,719 [RatisPipelineUtilsThread] INFO  pipeline.RatisPipelineProvider (RatisPipelineProvider.java:lambda$create$0(161)) - Sending CreatePipelineCommand for pipeline:PipelineID=1cbaa372-91cf-4b79-9e80-f953a9491d79 to datanode:d23545be-7951-4ced-9e1c-af6ad8e842b2
2020-12-22 13:10:42,719 [RatisPipelineUtilsThread] INFO  pipeline.PipelineStateManager (PipelineStateManager.java:addPipeline(54)) - Created pipeline Pipeline[ Id: 1cbaa372-91cf-4b79-9e80-f953a9491d79, Nodes: d23545be-7951-4ced-9e1c-af6ad8e842b2{ip: 172.17.0.2, host: 60c1c0eb1cfd, networkLocation: /rack1, certSerialId: null, persistedOpState: IN_SERVICE, persistedOpStateExpiryEpochSec: 0}, Type:RATIS, Factor:ONE, State:ALLOCATED, leaderId:, CreationTimestamp2020-12-22T13:10:42.719Z]
2020-12-22 13:10:42,832 [IPC Server handler 5 on default port 33001] INFO  net.NetworkTopologyImpl (NetworkTopologyImpl.java:add(111)) - Added a new node: /rack1/9d743c2f-cc4c-4210-bd8b-cad00ce03aed
2020-12-22 13:10:42,833 [IPC Server handler 5 on default port 33001] INFO  node.SCMNodeManager (SCMNodeManager.java:register(341)) - Registered Data node : 9d743c2f-cc4c-4210-bd8b-cad00ce03aed{ip: 172.17.0.2, host: 60c1c0eb1cfd, networkLocation: /rack1, certSerialId: null, persistedOpState: IN_SERVICE, persistedOpStateExpiryEpochSec: 0}
2020-12-22 13:10:42,833 [EventQueue-NodeRegistrationContainerReportForContainerSafeModeRule] INFO  safemode.SCMSafeModeManager (SCMSafeModeManager.java:validateSafeModeExitRules(214)) - ContainerSafeModeRule rule is successfully validated
2020-12-22 13:10:42,833 [EventQueue-PipelineReportForOneReplicaPipelineSafeModeRule] INFO  safemode.SCMSafeModeManager (SCMSafeModeManager.java:validateSafeModeExitRules(214)) - AtleastOneDatanodeReportedRule rule is successfully validated
2020-12-22 13:10:42,834 [EventQueue-NodeRegistrationContainerReportForDataNodeSafeModeRule] INFO  safemode.SCMSafeModeManager (SCMSafeModeManager.java:validateSafeModeExitRules(214)) - DataNodeSafeModeRule rule is successfully validated
2020-12-22 13:10:42,836 [RatisPipelineUtilsThread] INFO  pipeline.RatisPipelineProvider (RatisPipelineProvider.java:lambda$create$0(161)) - Sending CreatePipelineCommand for pipeline:PipelineID=5f3e7721-2f86-4e0b-892d-6046657b8add to datanode:9d743c2f-cc4c-4210-bd8b-cad00ce03aed
2020-12-22 13:10:43,161 [Listener at 127.0.0.1/34251] INFO  ozone.MiniOzoneClusterImpl (MiniOzoneClusterImpl.java:lambda$waitForClusterToBeReady$0(178)) - Waiting for nodes to be ready. Got 5 of 10 DN Heartbeats.
2020-12-22 13:10:43,161 [Listener at 127.0.0.1/34251] INFO  ozone.MiniOzoneClusterImpl (MiniOzoneClusterImpl.java:lambda$waitForClusterToBeReady$0(181)) - Waiting for cluster to exit safe mode
2020-12-22 13:10:43,425 [RatisPipelineUtilsThread] INFO  pipeline.PipelineStateManager (PipelineStateManager.java:addPipeline(54)) - Created pipeline Pipeline[ Id: 5f3e7721-2f86-4e0b-892d-6046657b8add, Nodes: 9d743c2f-cc4c-4210-bd8b-cad00ce03aed{ip: 172.17.0.2, host: 60c1c0eb1cfd, networkLocation: /rack1, certSerialId: null, persistedOpState: IN_SERVICE, persistedOpStateExpiryEpochSec: 0}, Type:RATIS, Factor:ONE, State:ALLOCATED, leaderId:, CreationTimestamp2020-12-22T13:10:42.835Z]
2020-12-22 13:10:43,426 [EndpointStateMachine task thread for /0.0.0.0:33001 - 0 ] INFO  ozoneimpl.OzoneContainer (OzoneContainer.java:start(243)) - Attempting to start container services.
2020-12-22 13:10:43,427 [EndpointStateMachine task thread for /0.0.0.0:33001 - 0 ] INFO  ozoneimpl.OzoneContainer (OzoneContainer.java:startContainerScrub(207)) - Background container scanner has been disabled.
2020-12-22 13:10:43,427 [EndpointStateMachine task thread for /0.0.0.0:33001 - 0 ] INFO  ratis.XceiverServerRatis (XceiverServerRatis.java:start(456)) - Starting XceiverServerRatis 968414a2-acfc-4d9a-a6c6-d5ffe78fa14c at port 0
2020-12-22 13:10:43,427 [EndpointStateMachine task thread for /0.0.0.0:33001 - 0 ] INFO  ozoneimpl.OzoneContainer (OzoneContainer.java:start(243)) - Attempting to start container services.
2020-12-22 13:10:43,427 [EndpointStateMachine task thread for /0.0.0.0:33001 - 0 ] INFO  ozoneimpl.OzoneContainer (OzoneContainer.java:startContainerScrub(207)) - Background container scanner has been disabled.
2020-12-22 13:10:43,427 [EndpointStateMachine task thread for /0.0.0.0:33001 - 0 ] INFO  ratis.XceiverServerRatis (XceiverServerRatis.java:start(456)) - Starting XceiverServerRatis 0b95e776-5e46-4213-b3c0-ade9dce9a7dd at port 0
2020-12-22 13:10:43,427 [EndpointStateMachine task thread for /0.0.0.0:33001 - 0 ] INFO  ozoneimpl.OzoneContainer (OzoneContainer.java:start(243)) - Attempting to start container services.
2020-12-22 13:10:43,428 [EndpointStateMachine task thread for /0.0.0.0:33001 - 0 ] INFO  ozoneimpl.OzoneContainer (OzoneContainer.java:start(243)) - Attempting to start container services.
2020-12-22 13:10:43,429 [EndpointStateMachine task thread for /0.0.0.0:33001 - 0 ] INFO  ozoneimpl.OzoneContainer (OzoneContainer.java:startContainerScrub(207)) - Background container scanner has been disabled.
2020-12-22 13:10:43,429 [EndpointStateMachine task thread for /0.0.0.0:33001 - 0 ] INFO  ratis.XceiverServerRatis (XceiverServerRatis.java:start(456)) - Starting XceiverServerRatis 3b8ab88f-c5e9-42ae-b9d6-c186578cc1d3 at port 0
2020-12-22 13:10:43,428 [EndpointStateMachine task thread for /0.0.0.0:33001 - 0 ] INFO  ozoneimpl.OzoneContainer (OzoneContainer.java:start(243)) - Attempting to start container services.
2020-12-22 13:10:43,429 [EndpointStateMachine task thread for /0.0.0.0:33001 - 0 ] INFO  ozoneimpl.OzoneContainer (OzoneContainer.java:startContainerScrub(207)) - Background container scanner has been disabled.
2020-12-22 13:10:43,429 [EndpointStateMachine task thread for /0.0.0.0:33001 - 0 ] INFO  ratis.XceiverServerRatis (XceiverServerRatis.java:start(456)) - Starting XceiverServerRatis a3d49688-b82f-4622-8b97-34b5ff2bfd95 at port 0
2020-12-22 13:10:43,428 [EndpointStateMachine task thread for /0.0.0.0:33001 - 0 ] INFO  ozoneimpl.OzoneContainer (OzoneContainer.java:startContainerScrub(207)) - Background container scanner has been disabled.
2020-12-22 13:10:43,430 [EndpointStateMachine task thread for /0.0.0.0:33001 - 0 ] INFO  ratis.XceiverServerRatis (XceiverServerRatis.java:start(456)) - Starting XceiverServerRatis 1542794c-42be-495d-a942-8ab282cac6bd at port 0
2020-12-22 13:10:43,431 [EndpointStateMachine task thread for /0.0.0.0:33001 - 0 ] INFO  impl.RaftServerProxy (RaftServerProxy.java:lambda$start$3(321)) - 0b95e776-5e46-4213-b3c0-ade9dce9a7dd: start RPC server
2020-12-22 13:10:43,435 [EndpointStateMachine task thread for /0.0.0.0:33001 - 0 ] INFO  impl.RaftServerProxy (RaftServerProxy.java:lambda$start$3(321)) - 968414a2-acfc-4d9a-a6c6-d5ffe78fa14c: start RPC server
2020-12-22 13:10:43,436 [EndpointStateMachine task thread for /0.0.0.0:33001 - 0 ] INFO  impl.RaftServerProxy (RaftServerProxy.java:lambda$start$3(321)) - a3d49688-b82f-4622-8b97-34b5ff2bfd95: start RPC server
2020-12-22 13:10:43,441 [EndpointStateMachine task thread for /0.0.0.0:33001 - 0 ] INFO  impl.RaftServerProxy (RaftServerProxy.java:lambda$start$3(321)) - 1542794c-42be-495d-a942-8ab282cac6bd: start RPC server
2020-12-22 13:10:43,442 [EndpointStateMachine task thread for /0.0.0.0:33001 - 0 ] INFO  impl.RaftServerProxy (RaftServerProxy.java:lambda$start$3(321)) - 3b8ab88f-c5e9-42ae-b9d6-c186578cc1d3: start RPC server
2020-12-22 13:10:43,450 [EndpointStateMachine task thread for /0.0.0.0:33001 - 0 ] INFO  server.GrpcService (GrpcService.java:startImpl(177)) - 0b95e776-5e46-4213-b3c0-ade9dce9a7dd: GrpcService started, listening on 0.0.0.0/0.0.0.0:38657
2020-12-22 13:10:43,451 [EndpointStateMachine task thread for /0.0.0.0:33001 - 0 ] INFO  server.GrpcService (GrpcService.java:startImpl(177)) - 968414a2-acfc-4d9a-a6c6-d5ffe78fa14c: GrpcService started, listening on 0.0.0.0/0.0.0.0:37869
2020-12-22 13:10:43,451 [EndpointStateMachine task thread for /0.0.0.0:33001 - 0 ] INFO  server.GrpcService (GrpcService.java:startImpl(177)) - a3d49688-b82f-4622-8b97-34b5ff2bfd95: GrpcService started, listening on 0.0.0.0/0.0.0.0:41743
2020-12-22 13:10:43,451 [EndpointStateMachine task thread for /0.0.0.0:33001 - 0 ] INFO  server.GrpcService (GrpcService.java:startImpl(177)) - 1542794c-42be-495d-a942-8ab282cac6bd: GrpcService started, listening on 0.0.0.0/0.0.0.0:43871
2020-12-22 13:10:43,451 [EndpointStateMachine task thread for /0.0.0.0:33001 - 0 ] INFO  server.GrpcService (GrpcService.java:startImpl(177)) - 3b8ab88f-c5e9-42ae-b9d6-c186578cc1d3: GrpcService started, listening on 0.0.0.0/0.0.0.0:46551
2020-12-22 13:10:43,452 [EndpointStateMachine task thread for /0.0.0.0:33001 - 0 ] INFO  ratis.XceiverServerRatis (XceiverServerRatis.java:start(468)) - XceiverServerRatis 0b95e776-5e46-4213-b3c0-ade9dce9a7dd is started using port 38657
2020-12-22 13:10:43,454 [org.apache.ratis.server.JvmPauseMonitor@20d8f8d6-Monitor] INFO  server.RaftServerConfigKeys (ConfUtils.java:logGet(44)) - raft.server.leaderelection.leader.step-down.wait-time = 10s (default)
2020-12-22 13:10:43,454 [org.apache.ratis.server.JvmPauseMonitor@20d8f8d6-Monitor] INFO  server.RaftServerConfigKeys (ConfUtils.java:logGet(44)) - raft.server.rpc.slowness.timeout = 300000ms (custom)
2020-12-22 13:10:43,454 [org.apache.ratis.server.JvmPauseMonitor@20d8f8d6-Monitor] INFO  server.JvmPauseMonitor (JvmPauseMonitor.java:run(129)) - Starting Ratis JVM pause monitor
2020-12-22 13:10:43,456 [EndpointStateMachine task thread for /0.0.0.0:33001 - 0 ] INFO  ratis.XceiverServerRatis (XceiverServerRatis.java:start(468)) - XceiverServerRatis 3b8ab88f-c5e9-42ae-b9d6-c186578cc1d3 is started using port 46551
2020-12-22 13:10:43,457 [org.apache.ratis.server.JvmPauseMonitor@61f7d7f2-Monitor] INFO  server.RaftServerConfigKeys (ConfUtils.java:logGet(44)) - raft.server.leaderelection.leader.step-down.wait-time = 10s (default)
2020-12-22 13:10:43,457 [org.apache.ratis.server.JvmPauseMonitor@61f7d7f2-Monitor] INFO  server.RaftServerConfigKeys (ConfUtils.java:logGet(44)) - raft.server.rpc.slowness.timeout = 300000ms (custom)
2020-12-22 13:10:43,457 [org.apache.ratis.server.JvmPauseMonitor@61f7d7f2-Monitor] INFO  server.JvmPauseMonitor (JvmPauseMonitor.java:run(129)) - Starting Ratis JVM pause monitor
2020-12-22 13:10:43,457 [EndpointStateMachine task thread for /0.0.0.0:33001 - 0 ] INFO  ratis.XceiverServerRatis (XceiverServerRatis.java:start(468)) - XceiverServerRatis 1542794c-42be-495d-a942-8ab282cac6bd is started using port 43871
2020-12-22 13:10:43,457 [org.apache.ratis.server.JvmPauseMonitor@5e28a5de-Monitor] INFO  server.RaftServerConfigKeys (ConfUtils.java:logGet(44)) - raft.server.leaderelection.leader.step-down.wait-time = 10s (default)
2020-12-22 13:10:43,458 [org.apache.ratis.server.JvmPauseMonitor@5e28a5de-Monitor] INFO  server.RaftServerConfigKeys (ConfUtils.java:logGet(44)) - raft.server.rpc.slowness.timeout = 300000ms (custom)
2020-12-22 13:10:43,458 [org.apache.ratis.server.JvmPauseMonitor@5e28a5de-Monitor] INFO  server.JvmPauseMonitor (JvmPauseMonitor.java:run(129)) - Starting Ratis JVM pause monitor
2020-12-22 13:10:43,458 [EndpointStateMachine task thread for /0.0.0.0:33001 - 0 ] INFO  ratis.XceiverServerRatis (XceiverServerRatis.java:start(468)) - XceiverServerRatis a3d49688-b82f-4622-8b97-34b5ff2bfd95 is started using port 41743
2020-12-22 13:10:43,458 [EndpointStateMachine task thread for /0.0.0.0:33001 - 0 ] INFO  ratis.XceiverServerRatis (XceiverServerRatis.java:start(468)) - XceiverServerRatis 968414a2-acfc-4d9a-a6c6-d5ffe78fa14c is started using port 37869
2020-12-22 13:10:43,458 [org.apache.ratis.server.JvmPauseMonitor@615e233a-Monitor] INFO  server.RaftServerConfigKeys (ConfUtils.java:logGet(44)) - raft.server.leaderelection.leader.step-down.wait-time = 10s (default)
2020-12-22 13:10:43,469 [org.apache.ratis.server.JvmPauseMonitor@1680b38d-Monitor] INFO  server.RaftServerConfigKeys (ConfUtils.java:logGet(44)) - raft.server.leaderelection.leader.step-down.wait-time = 10s (default)
2020-12-22 13:10:43,470 [EndpointStateMachine task thread for /0.0.0.0:33001 - 0 ] INFO  server.XceiverServerGrpc (XceiverServerGrpc.java:start(145)) - XceiverServerGrpc a3d49688-b82f-4622-8b97-34b5ff2bfd95 is started using port 40599
2020-12-22 13:10:43,470 [EndpointStateMachine task thread for /0.0.0.0:33001 - 0 ] INFO  server.XceiverServerGrpc (XceiverServerGrpc.java:start(145)) - XceiverServerGrpc 968414a2-acfc-4d9a-a6c6-d5ffe78fa14c is started using port 34677
2020-12-22 13:10:43,470 [EndpointStateMachine task thread for /0.0.0.0:33001 - 0 ] INFO  server.XceiverServerGrpc (XceiverServerGrpc.java:start(145)) - XceiverServerGrpc 1542794c-42be-495d-a942-8ab282cac6bd is started using port 42195
2020-12-22 13:10:43,470 [EndpointStateMachine task thread for /0.0.0.0:33001 - 0 ] INFO  server.XceiverServerGrpc (XceiverServerGrpc.java:start(145)) - XceiverServerGrpc 3b8ab88f-c5e9-42ae-b9d6-c186578cc1d3 is started using port 37483
2020-12-22 13:10:43,476 [org.apache.ratis.server.JvmPauseMonitor@1680b38d-Monitor] INFO  server.RaftServerConfigKeys (ConfUtils.java:logGet(44)) - raft.server.rpc.slowness.timeout = 300000ms (custom)
2020-12-22 13:10:43,476 [org.apache.ratis.server.JvmPauseMonitor@1680b38d-Monitor] INFO  server.JvmPauseMonitor (JvmPauseMonitor.java:run(129)) - Starting Ratis JVM pause monitor
2020-12-22 13:10:43,470 [EndpointStateMachine task thread for /0.0.0.0:33001 - 0 ] INFO  server.XceiverServerGrpc (XceiverServerGrpc.java:start(145)) - XceiverServerGrpc 0b95e776-5e46-4213-b3c0-ade9dce9a7dd is started using port 40181
2020-12-22 13:10:43,469 [org.apache.ratis.server.JvmPauseMonitor@615e233a-Monitor] INFO  server.RaftServerConfigKeys (ConfUtils.java:logGet(44)) - raft.server.rpc.slowness.timeout = 300000ms (custom)
2020-12-22 13:10:43,479 [org.apache.ratis.server.JvmPauseMonitor@615e233a-Monitor] INFO  server.JvmPauseMonitor (JvmPauseMonitor.java:run(129)) - Starting Ratis JVM pause monitor
2020-12-22 13:10:43,540 [IPC Server handler 3 on default port 33001] INFO  net.NetworkTopologyImpl (NetworkTopologyImpl.java:add(111)) - Added a new node: /rack1/0b95e776-5e46-4213-b3c0-ade9dce9a7dd
2020-12-22 13:10:43,540 [IPC Server handler 3 on default port 33001] INFO  node.SCMNodeManager (SCMNodeManager.java:register(341)) - Registered Data node : 0b95e776-5e46-4213-b3c0-ade9dce9a7dd{ip: 172.17.0.2, host: 60c1c0eb1cfd, networkLocation: /rack1, certSerialId: null, persistedOpState: IN_SERVICE, persistedOpStateExpiryEpochSec: 0}
2020-12-22 13:10:43,541 [EventQueue-NodeRegistrationContainerReportForContainerSafeModeRule] INFO  safemode.SCMSafeModeManager (SCMSafeModeManager.java:validateSafeModeExitRules(214)) - ContainerSafeModeRule rule is successfully validated
2020-12-22 13:10:43,541 [EventQueue-PipelineReportForOneReplicaPipelineSafeModeRule] INFO  safemode.SCMSafeModeManager (SCMSafeModeManager.java:validateSafeModeExitRules(214)) - AtleastOneDatanodeReportedRule rule is successfully validated
2020-12-22 13:10:43,541 [EventQueue-NodeRegistrationContainerReportForDataNodeSafeModeRule] INFO  safemode.SCMSafeModeManager (SCMSafeModeManager.java:validateSafeModeExitRules(214)) - DataNodeSafeModeRule rule is successfully validated
2020-12-22 13:10:43,542 [RatisPipelineUtilsThread] INFO  pipeline.RatisPipelineProvider (RatisPipelineProvider.java:lambda$create$0(161)) - Sending CreatePipelineCommand for pipeline:PipelineID=e3c73548-12da-446d-9a3b-1533d229cd97 to datanode:0b95e776-5e46-4213-b3c0-ade9dce9a7dd
2020-12-22 13:10:43,542 [RatisPipelineUtilsThread] INFO  pipeline.PipelineStateManager (PipelineStateManager.java:addPipeline(54)) - Created pipeline Pipeline[ Id: e3c73548-12da-446d-9a3b-1533d229cd97, Nodes: 0b95e776-5e46-4213-b3c0-ade9dce9a7dd{ip: 172.17.0.2, host: 60c1c0eb1cfd, networkLocation: /rack1, certSerialId: null, persistedOpState: IN_SERVICE, persistedOpStateExpiryEpochSec: 0}, Type:RATIS, Factor:ONE, State:ALLOCATED, leaderId:, CreationTimestamp2020-12-22T13:10:43.542Z]
2020-12-22 13:10:43,807 [IPC Server handler 7 on default port 33001] INFO  net.NetworkTopologyImpl (NetworkTopologyImpl.java:add(111)) - Added a new node: /rack1/3b8ab88f-c5e9-42ae-b9d6-c186578cc1d3
2020-12-22 13:10:43,809 [IPC Server handler 7 on default port 33001] INFO  node.SCMNodeManager (SCMNodeManager.java:register(341)) - Registered Data node : 3b8ab88f-c5e9-42ae-b9d6-c186578cc1d3{ip: 172.17.0.2, host: 60c1c0eb1cfd, networkLocation: /rack1, certSerialId: null, persistedOpState: IN_SERVICE, persistedOpStateExpiryEpochSec: 0}
2020-12-22 13:10:43,809 [EventQueue-NodeRegistrationContainerReportForDataNodeSafeModeRule] INFO  safemode.SCMSafeModeManager (SCMSafeModeManager.java:validateSafeModeExitRules(214)) - DataNodeSafeModeRule rule is successfully validated
2020-12-22 13:10:43,810 [EventQueue-PipelineReportForOneReplicaPipelineSafeModeRule] INFO  safemode.SCMSafeModeManager (SCMSafeModeManager.java:validateSafeModeExitRules(214)) - AtleastOneDatanodeReportedRule rule is successfully validated
2020-12-22 13:10:43,810 [EventQueue-NodeRegistrationContainerReportForContainerSafeModeRule] INFO  safemode.SCMSafeModeManager (SCMSafeModeManager.java:validateSafeModeExitRules(214)) - ContainerSafeModeRule rule is successfully validated
2020-12-22 13:10:43,811 [RatisPipelineUtilsThread] INFO  pipeline.RatisPipelineProvider (RatisPipelineProvider.java:lambda$create$0(161)) - Sending CreatePipelineCommand for pipeline:PipelineID=1cd0c98e-b009-437c-a106-574b8719c184 to datanode:3b8ab88f-c5e9-42ae-b9d6-c186578cc1d3
2020-12-22 13:10:43,812 [RatisPipelineUtilsThread] INFO  pipeline.PipelineStateManager (PipelineStateManager.java:addPipeline(54)) - Created pipeline Pipeline[ Id: 1cd0c98e-b009-437c-a106-574b8719c184, Nodes: 3b8ab88f-c5e9-42ae-b9d6-c186578cc1d3{ip: 172.17.0.2, host: 60c1c0eb1cfd, networkLocation: /rack1, certSerialId: null, persistedOpState: IN_SERVICE, persistedOpStateExpiryEpochSec: 0}, Type:RATIS, Factor:ONE, State:ALLOCATED, leaderId:, CreationTimestamp2020-12-22T13:10:43.811Z]
2020-12-22 13:10:43,813 [RatisPipelineUtilsThread] INFO  pipeline.RatisPipelineProvider (RatisPipelineProvider.java:lambda$create$0(161)) - Sending CreatePipelineCommand for pipeline:PipelineID=9e6701bb-3dba-4d25-a765-da5d408c537e to datanode:9d743c2f-cc4c-4210-bd8b-cad00ce03aed
2020-12-22 13:10:43,813 [RatisPipelineUtilsThread] INFO  pipeline.RatisPipelineProvider (RatisPipelineProvider.java:lambda$create$0(161)) - Sending CreatePipelineCommand for pipeline:PipelineID=9e6701bb-3dba-4d25-a765-da5d408c537e to datanode:0b95e776-5e46-4213-b3c0-ade9dce9a7dd
2020-12-22 13:10:43,813 [RatisPipelineUtilsThread] INFO  pipeline.RatisPipelineProvider (RatisPipelineProvider.java:lambda$create$0(161)) - Sending CreatePipelineCommand for pipeline:PipelineID=9e6701bb-3dba-4d25-a765-da5d408c537e to datanode:3b8ab88f-c5e9-42ae-b9d6-c186578cc1d3
2020-12-22 13:10:43,813 [RatisPipelineUtilsThread] INFO  pipeline.PipelineStateManager (PipelineStateManager.java:addPipeline(54)) - Created pipeline Pipeline[ Id: 9e6701bb-3dba-4d25-a765-da5d408c537e, Nodes: 9d743c2f-cc4c-4210-bd8b-cad00ce03aed{ip: 172.17.0.2, host: 60c1c0eb1cfd, networkLocation: /rack1, certSerialId: null, persistedOpState: IN_SERVICE, persistedOpStateExpiryEpochSec: 0}0b95e776-5e46-4213-b3c0-ade9dce9a7dd{ip: 172.17.0.2, host: 60c1c0eb1cfd, networkLocation: /rack1, certSerialId: null, persistedOpState: IN_SERVICE, persistedOpStateExpiryEpochSec: 0}3b8ab88f-c5e9-42ae-b9d6-c186578cc1d3{ip: 172.17.0.2, host: 60c1c0eb1cfd, networkLocation: /rack1, certSerialId: null, persistedOpState: IN_SERVICE, persistedOpStateExpiryEpochSec: 0}, Type:RATIS, Factor:THREE, State:ALLOCATED, leaderId:, CreationTimestamp2020-12-22T13:10:43.813Z]
2020-12-22 13:10:44,161 [Listener at 127.0.0.1/34251] INFO  ozone.MiniOzoneClusterImpl (MiniOzoneClusterImpl.java:lambda$waitForClusterToBeReady$0(178)) - Waiting for nodes to be ready. Got 7 of 10 DN Heartbeats.
2020-12-22 13:10:44,161 [Listener at 127.0.0.1/34251] INFO  ozone.MiniOzoneClusterImpl (MiniOzoneClusterImpl.java:lambda$waitForClusterToBeReady$0(181)) - Waiting for cluster to exit safe mode
2020-12-22 13:10:44,170 [IPC Server handler 3 on default port 33001] INFO  net.NetworkTopologyImpl (NetworkTopologyImpl.java:add(111)) - Added a new node: /rack1/968414a2-acfc-4d9a-a6c6-d5ffe78fa14c
2020-12-22 13:10:44,172 [IPC Server handler 3 on default port 33001] INFO  node.SCMNodeManager (SCMNodeManager.java:register(341)) - Registered Data node : 968414a2-acfc-4d9a-a6c6-d5ffe78fa14c{ip: 172.17.0.2, host: 60c1c0eb1cfd, networkLocation: /rack1, certSerialId: null, persistedOpState: IN_SERVICE, persistedOpStateExpiryEpochSec: 0}
2020-12-22 13:10:44,173 [EventQueue-NodeRegistrationContainerReportForDataNodeSafeModeRule] INFO  safemode.SCMSafeModeManager (SCMSafeModeManager.java:validateSafeModeExitRules(214)) - DataNodeSafeModeRule rule is successfully validated
2020-12-22 13:10:44,173 [EventQueue-NodeRegistrationContainerReportForContainerSafeModeRule] INFO  safemode.SCMSafeModeManager (SCMSafeModeManager.java:validateSafeModeExitRules(214)) - ContainerSafeModeRule rule is successfully validated
2020-12-22 13:10:44,173 [EventQueue-PipelineReportForOneReplicaPipelineSafeModeRule] INFO  safemode.SCMSafeModeManager (SCMSafeModeManager.java:validateSafeModeExitRules(214)) - AtleastOneDatanodeReportedRule rule is successfully validated
2020-12-22 13:10:44,174 [RatisPipelineUtilsThread] INFO  pipeline.RatisPipelineProvider (RatisPipelineProvider.java:lambda$create$0(161)) - Sending CreatePipelineCommand for pipeline:PipelineID=6b9bfed4-dc63-435b-85d5-d1cf023ef876 to datanode:968414a2-acfc-4d9a-a6c6-d5ffe78fa14c
2020-12-22 13:10:44,174 [RatisPipelineUtilsThread] INFO  pipeline.PipelineStateManager (PipelineStateManager.java:addPipeline(54)) - Created pipeline Pipeline[ Id: 6b9bfed4-dc63-435b-85d5-d1cf023ef876, Nodes: 968414a2-acfc-4d9a-a6c6-d5ffe78fa14c{ip: 172.17.0.2, host: 60c1c0eb1cfd, networkLocation: /rack1, certSerialId: null, persistedOpState: IN_SERVICE, persistedOpStateExpiryEpochSec: 0}, Type:RATIS, Factor:ONE, State:ALLOCATED, leaderId:, CreationTimestamp2020-12-22T13:10:44.174Z]
2020-12-22 13:10:44,739 [Command processor thread] INFO  impl.RaftServerProxy (RaftServerProxy.java:addNew(93)) - d23545be-7951-4ced-9e1c-af6ad8e842b2: addNew group-197856EE50CC:[cfc7b2a2-0619-4c85-8419-784b4b9eda1c|rpc:172.17.0.2:40143, a9e5f8c8-f1d2-4256-bab8-e403c630398b|rpc:172.17.0.2:36741, d23545be-7951-4ced-9e1c-af6ad8e842b2|rpc:172.17.0.2:35453] returns group-197856EE50CC:java.util.concurrent.CompletableFuture@3f494cd0[Not completed]
2020-12-22 13:10:44,854 [pool-34-thread-1] INFO  impl.RaftServerImpl (RaftServerImpl.java:<init>(121)) - d23545be-7951-4ced-9e1c-af6ad8e842b2: new RaftServerImpl for group-197856EE50CC:[cfc7b2a2-0619-4c85-8419-784b4b9eda1c|rpc:172.17.0.2:40143, a9e5f8c8-f1d2-4256-bab8-e403c630398b|rpc:172.17.0.2:36741, d23545be-7951-4ced-9e1c-af6ad8e842b2|rpc:172.17.0.2:35453] with ContainerStateMachine:uninitialized
2020-12-22 13:10:44,855 [pool-34-thread-1] INFO  server.RaftServerConfigKeys (ConfUtils.java:logGet(44)) - raft.server.rpc.timeout.min = 1s (custom)
2020-12-22 13:10:44,862 [pool-34-thread-1] INFO  server.RaftServerConfigKeys (ConfUtils.java:logGet(44)) - raft.server.rpc.timeout.max = 1200ms (custom)
2020-12-22 13:10:44,863 [pool-34-thread-1] INFO  server.RaftServerConfigKeys (ConfUtils.java:logGet(44)) - raft.server.rpc.slowness.timeout = 300000ms (custom)
2020-12-22 13:10:44,863 [pool-34-thread-1] INFO  server.RaftServerConfigKeys (ConfUtils.java:logGet(44)) - raft.server.leaderelection.leader.step-down.wait-time = 10s (default)
2020-12-22 13:10:44,864 [pool-34-thread-1] INFO  server.RaftServerConfigKeys (ConfUtils.java:logGet(44)) - raft.server.sleep.deviation.threshold = 300 (default)
2020-12-22 13:10:44,864 [pool-34-thread-1] INFO  server.RaftServerConfigKeys (ConfUtils.java:logGet(44)) - raft.server.log.appender.install.snapshot.enabled = false (custom)
2020-12-22 13:10:44,878 [pool-34-thread-1] INFO  impl.RaftServerImpl (ServerState.java:<init>(104)) - d23545be-7951-4ced-9e1c-af6ad8e842b2@group-197856EE50CC: ConfigurationManager, init=-1: [cfc7b2a2-0619-4c85-8419-784b4b9eda1c|rpc:172.17.0.2:40143, a9e5f8c8-f1d2-4256-bab8-e403c630398b|rpc:172.17.0.2:36741, d23545be-7951-4ced-9e1c-af6ad8e842b2|rpc:172.17.0.2:35453], old=null, confs=<EMPTY_MAP>
2020-12-22 13:10:44,878 [pool-34-thread-1] INFO  server.RaftServerConfigKeys (ConfUtils.java:logGet(44)) - raft.server.storage.dir = [/github/workspace/mnt/ozone/hadoop-ozone/integration-test/target/test-dir/MiniOzoneClusterImpl-0c7722d3-6e51-44b5-a6be-ee21012bb99e/datanode-0/data/ratis] (custom)
2020-12-22 13:10:44,891 [pool-34-thread-1] INFO  server.RaftServerConfigKeys (ConfUtils.java:logGet(44)) - raft.server.log.corruption.policy = EXCEPTION (default)
2020-12-22 13:10:44,893 [pool-34-thread-1] INFO  storage.RaftStorageDirectory (RaftStorageDirectory.java:analyzeStorage(261)) - The storage directory /github/workspace/mnt/ozone/hadoop-ozone/integration-test/target/test-dir/MiniOzoneClusterImpl-0c7722d3-6e51-44b5-a6be-ee21012bb99e/datanode-0/data/ratis/b3d46aca-819d-4a28-9022-197856ee50cc does not exist. Creating ...
2020-12-22 13:10:44,902 [pool-34-thread-1] INFO  storage.RaftStorageDirectory (RaftStorageDirectory.java:tryLock(343)) - Lock on /github/workspace/mnt/ozone/hadoop-ozone/integration-test/target/test-dir/MiniOzoneClusterImpl-0c7722d3-6e51-44b5-a6be-ee21012bb99e/datanode-0/data/ratis/b3d46aca-819d-4a28-9022-197856ee50cc/in_use.lock acquired by nodename 399@60c1c0eb1cfd
2020-12-22 13:10:44,910 [pool-34-thread-1] INFO  storage.RaftStorage (RaftStorage.java:format(85)) - Storage directory /github/workspace/mnt/ozone/hadoop-ozone/integration-test/target/test-dir/MiniOzoneClusterImpl-0c7722d3-6e51-44b5-a6be-ee21012bb99e/datanode-0/data/ratis/b3d46aca-819d-4a28-9022-197856ee50cc has been successfully formatted.
2020-12-22 13:10:44,915 [pool-34-thread-1] INFO  ratis.ContainerStateMachine (ContainerStateMachine.java:loadSnapshot(225)) - group-197856EE50CC: The snapshot info is null. Setting the last applied indexto:(t:0, i:~)
2020-12-22 13:10:44,916 [pool-34-thread-1] INFO  server.RaftServerConfigKeys (ConfUtils.java:logGet(44)) - raft.server.notification.no-leader.timeout = 300000ms (custom)
2020-12-22 13:10:44,925 [pool-34-thread-1] INFO  server.RaftServerConfigKeys (ConfUtils.java:logGet(44)) - raft.server.log.use.memory = false (default)
2020-12-22 13:10:44,930 [pool-34-thread-1] INFO  server.RaftServerConfigKeys (ConfUtils.java:logGet(44)) - raft.server.log.purge.gap = 1000000 (custom)
2020-12-22 13:10:44,936 [pool-34-thread-1] INFO  metrics.RatisMetrics (RatisMetrics.java:lambda$create$0(36)) - Creating Metrics Registry : ratis.log_worker.d23545be-7951-4ced-9e1c-af6ad8e842b2@group-197856EE50CC
2020-12-22 13:10:44,945 [pool-34-thread-1] INFO  server.RaftServerConfigKeys (ConfUtils.java:logGet(44)) - raft.server.log.appender.buffer.byte-limit = 33554432 (custom)
2020-12-22 13:10:44,947 [pool-34-thread-1] INFO  server.RaftServerConfigKeys (ConfUtils.java:logGet(44)) - raft.server.log.segment.size.max = 1048576 (custom)
2020-12-22 13:10:44,955 [EventQueue-PipelineReportForOneReplicaPipelineSafeModeRule] INFO  safemode.SCMSafeModeManager (SCMSafeModeManager.java:validateSafeModeExitRules(214)) - AtleastOneDatanodeReportedRule rule is successfully validated
2020-12-22 13:10:44,973 [org.apache.ratis.server.JvmPauseMonitor@5e28a5de-Monitor] WARN  server.JvmPauseMonitor (JvmPauseMonitor.java:run(141)) - Detected pause in JVM or host machine (eg GC): pause of approximately 7ms
GC pool 'PS Scavenge' had collection(s): count=1 time=23ms
2020-12-22 13:10:44,973 [org.apache.ratis.server.JvmPauseMonitor@61f7d7f2-Monitor] WARN  server.JvmPauseMonitor (JvmPauseMonitor.java:run(141)) - Detected pause in JVM or host machine (eg GC): pause of approximately 15ms
GC pool 'PS Scavenge' had collection(s): count=1 time=23ms
2020-12-22 13:10:44,974 [pool-34-thread-1] INFO  server.RaftServerConfigKeys (ConfUtils.java:logGet(44)) - raft.server.log.segment.cache.num.max = 2 (custom)
2020-12-22 13:10:44,980 [pool-34-thread-1] INFO  segmented.SegmentedRaftLogWorker (SegmentedRaftLogWorker.java:<init>(180)) - new d23545be-7951-4ced-9e1c-af6ad8e842b2@group-197856EE50CC-SegmentedRaftLogWorker for RaftStorage:Storage Directory /github/workspace/mnt/ozone/hadoop-ozone/integration-test/target/test-dir/MiniOzoneClusterImpl-0c7722d3-6e51-44b5-a6be-ee21012bb99e/datanode-0/data/ratis/b3d46aca-819d-4a28-9022-197856ee50cc
2020-12-22 13:10:44,980 [pool-34-thread-1] INFO  server.RaftServerConfigKeys (ConfUtils.java:logGet(44)) - raft.server.log.queue.byte-limit = 2147483647 (custom)
2020-12-22 13:10:44,981 [pool-34-thread-1] INFO  server.RaftServerConfigKeys (ConfUtils.java:logGet(44)) - raft.server.log.queue.element-limit = 1024 (custom)
2020-12-22 13:10:44,982 [pool-34-thread-1] INFO  server.RaftServerConfigKeys (ConfUtils.java:logGet(44)) - raft.server.log.segment.size.max = 1048576 (custom)
2020-12-22 13:10:44,982 [pool-34-thread-1] INFO  server.RaftServerConfigKeys (ConfUtils.java:logGet(44)) - raft.server.log.preallocated.size = 16384 (custom)
2020-12-22 13:10:44,983 [pool-34-thread-1] INFO  server.RaftServerConfigKeys (ConfUtils.java:logGet(44)) - raft.server.log.write.buffer.size = 1048576 (custom)
2020-12-22 13:10:44,983 [pool-34-thread-1] INFO  server.RaftServerConfigKeys (ConfUtils.java:logGet(44)) - raft.server.log.force.sync.num = 128 (default)
2020-12-22 13:10:44,985 [pool-34-thread-1] INFO  server.RaftServerConfigKeys (ConfUtils.java:logGet(44)) - raft.server.log.statemachine.data.sync = true (default)
2020-12-22 13:10:44,985 [pool-34-thread-1] INFO  server.RaftServerConfigKeys (ConfUtils.java:logGet(44)) - raft.server.log.statemachine.data.sync.timeout = 10s (default)
2020-12-22 13:10:44,985 [pool-34-thread-1] INFO  server.RaftServerConfigKeys (ConfUtils.java:logGet(44)) - raft.server.log.statemachine.data.sync.timeout.retry = -1 (default)
2020-12-22 13:10:44,998 [pool-34-thread-1] INFO  server.RaftServerConfigKeys (ConfUtils.java:logGet(44)) - raft.server.log.statemachine.data.caching.enabled = true (custom)
2020-12-22 13:10:45,003 [pool-34-thread-1] INFO  segmented.SegmentedRaftLogWorker (SegmentedRaftLogWorker.java:lambda$new$0(129)) - d23545be-7951-4ced-9e1c-af6ad8e842b2@group-197856EE50CC-SegmentedRaftLogWorker: flushIndex: setUnconditionally 0 -> -1
2020-12-22 13:10:45,003 [pool-34-thread-1] INFO  segmented.SegmentedRaftLogWorker (SegmentedRaftLogWorker.java:lambda$new$0(129)) - d23545be-7951-4ced-9e1c-af6ad8e842b2@group-197856EE50CC-SegmentedRaftLogWorker: safeCacheEvictIndex: setUnconditionally 0 -> -1
2020-12-22 13:10:45,008 [pool-34-thread-1] INFO  server.RaftServerConfigKeys (ConfUtils.java:logGet(44)) - raft.server.snapshot.auto.trigger.enabled = true (custom)
2020-12-22 13:10:45,009 [pool-34-thread-1] INFO  server.RaftServerConfigKeys (ConfUtils.java:logGet(44)) - raft.server.snapshot.auto.trigger.threshold = 10000 (custom)
2020-12-22 13:10:45,009 [pool-34-thread-1] INFO  server.RaftServerConfigKeys (ConfUtils.java:logGet(44)) - raft.server.snapshot.retention.file.num = 5 (custom)
2020-12-22 13:10:45,010 [pool-34-thread-1] INFO  server.RaftServerConfigKeys (ConfUtils.java:logGet(44)) - raft.server.log.purge.upto.snapshot.index = false (default)
2020-12-22 13:10:45,010 [pool-34-thread-1] INFO  server.RaftServerConfigKeys (ConfUtils.java:logGet(44)) - raft.server.retrycache.expirytime = 600000ms (custom)
2020-12-22 13:10:45,031 [pool-34-thread-1] INFO  metrics.RatisMetrics (RatisMetrics.java:lambda$create$0(36)) - Creating Metrics Registry : ratis.leader_election.d23545be-7951-4ced-9e1c-af6ad8e842b2@group-197856EE50CC
2020-12-22 13:10:45,035 [pool-34-thread-1] INFO  metrics.RatisMetrics (RatisMetrics.java:lambda$create$0(36)) - Creating Metrics Registry : ratis.server.d23545be-7951-4ced-9e1c-af6ad8e842b2@group-197856EE50CC
2020-12-22 13:10:45,041 [pool-34-thread-1] INFO  impl.RaftServerImpl (RaftServerImpl.java:start(215)) - d23545be-7951-4ced-9e1c-af6ad8e842b2@group-197856EE50CC: start as a follower, conf=-1: [cfc7b2a2-0619-4c85-8419-784b4b9eda1c|rpc:172.17.0.2:40143, a9e5f8c8-f1d2-4256-bab8-e403c630398b|rpc:172.17.0.2:36741, d23545be-7951-4ced-9e1c-af6ad8e842b2|rpc:172.17.0.2:35453], old=null
2020-12-22 13:10:45,042 [pool-34-thread-1] INFO  impl.RaftServerImpl (RaftServerImpl.java:setRole(204)) - d23545be-7951-4ced-9e1c-af6ad8e842b2@group-197856EE50CC: changes role from      null to FOLLOWER at term 0 for startAsFollower
2020-12-22 13:10:45,043 [pool-34-thread-1] INFO  impl.RoleInfo (RoleInfo.java:updateAndGet(143)) - d23545be-7951-4ced-9e1c-af6ad8e842b2: start d23545be-7951-4ced-9e1c-af6ad8e842b2@group-197856EE50CC-FollowerState
2020-12-22 13:10:45,045 [pool-34-thread-1] INFO  util.JmxRegister (JmxRegister.java:tryRegister(44)) - Successfully registered JMX Bean with object name Ratis:service=RaftServer,group=group-197856EE50CC,id=d23545be-7951-4ced-9e1c-af6ad8e842b2
2020-12-22 13:10:45,048 [pool-34-thread-1] INFO  metrics.RatisMetrics (RatisMetrics.java:lambda$create$0(36)) - Creating Metrics Registry : ratis.state_machine.d23545be-7951-4ced-9e1c-af6ad8e842b2@group-197856EE50CC
2020-12-22 13:10:45,054 [Command processor thread] INFO  impl.RaftServerProxy (RaftServerProxy.java:addNew(93)) - cfc7b2a2-0619-4c85-8419-784b4b9eda1c: addNew group-197856EE50CC:[cfc7b2a2-0619-4c85-8419-784b4b9eda1c|rpc:172.17.0.2:40143, a9e5f8c8-f1d2-4256-bab8-e403c630398b|rpc:172.17.0.2:36741, d23545be-7951-4ced-9e1c-af6ad8e842b2|rpc:172.17.0.2:35453] returns group-197856EE50CC:java.util.concurrent.CompletableFuture@4c6f1b68[Not completed]
2020-12-22 13:10:45,069 [pool-49-thread-1] INFO  impl.RaftServerImpl (RaftServerImpl.java:<init>(121)) - cfc7b2a2-0619-4c85-8419-784b4b9eda1c: new RaftServerImpl for group-197856EE50CC:[cfc7b2a2-0619-4c85-8419-784b4b9eda1c|rpc:172.17.0.2:40143, a9e5f8c8-f1d2-4256-bab8-e403c630398b|rpc:172.17.0.2:36741, d23545be-7951-4ced-9e1c-af6ad8e842b2|rpc:172.17.0.2:35453] with ContainerStateMachine:uninitialized
2020-12-22 13:10:45,090 [pool-49-thread-1] INFO  server.RaftServerConfigKeys (ConfUtils.java:logGet(44)) - raft.server.rpc.timeout.min = 1s (custom)
2020-12-22 13:10:45,090 [pool-49-thread-1] INFO  server.RaftServerConfigKeys (ConfUtils.java:logGet(44)) - raft.server.rpc.timeout.max = 1200ms (custom)
2020-12-22 13:10:45,091 [pool-49-thread-1] INFO  server.RaftServerConfigKeys (ConfUtils.java:logGet(44)) - raft.server.rpc.slowness.timeout = 300000ms (custom)
2020-12-22 13:10:45,091 [pool-49-thread-1] INFO  server.RaftServerConfigKeys (ConfUtils.java:logGet(44)) - raft.server.leaderelection.leader.step-down.wait-time = 10s (default)
2020-12-22 13:10:45,091 [pool-49-thread-1] INFO  server.RaftServerConfigKeys (ConfUtils.java:logGet(44)) - raft.server.sleep.deviation.threshold = 300 (default)
2020-12-22 13:10:45,091 [pool-49-thread-1] INFO  server.RaftServerConfigKeys (ConfUtils.java:logGet(44)) - raft.server.log.appender.install.snapshot.enabled = false (custom)
2020-12-22 13:10:45,091 [pool-49-thread-1] INFO  impl.RaftServerImpl (ServerState.java:<init>(104)) - cfc7b2a2-0619-4c85-8419-784b4b9eda1c@group-197856EE50CC: ConfigurationManager, init=-1: [cfc7b2a2-0619-4c85-8419-784b4b9eda1c|rpc:172.17.0.2:40143, a9e5f8c8-f1d2-4256-bab8-e403c630398b|rpc:172.17.0.2:36741, d23545be-7951-4ced-9e1c-af6ad8e842b2|rpc:172.17.0.2:35453], old=null, confs=<EMPTY_MAP>
2020-12-22 13:10:45,091 [pool-49-thread-1] INFO  server.RaftServerConfigKeys (ConfUtils.java:logGet(44)) - raft.server.storage.dir = [/github/workspace/mnt/ozone/hadoop-ozone/integration-test/target/test-dir/MiniOzoneClusterImpl-0c7722d3-6e51-44b5-a6be-ee21012bb99e/datanode-1/data/ratis] (custom)
2020-12-22 13:10:45,091 [pool-49-thread-1] INFO  server.RaftServerConfigKeys (ConfUtils.java:logGet(44)) - raft.server.log.corruption.policy = EXCEPTION (default)
2020-12-22 13:10:45,092 [IPC Server handler 3 on default port 33001] INFO  net.NetworkTopologyImpl (NetworkTopologyImpl.java:add(111)) - Added a new node: /rack1/1542794c-42be-495d-a942-8ab282cac6bd
2020-12-22 13:10:45,098 [IPC Server handler 3 on default port 33001] INFO  node.SCMNodeManager (SCMNodeManager.java:register(341)) - Registered Data node : 1542794c-42be-495d-a942-8ab282cac6bd{ip: 172.17.0.2, host: 60c1c0eb1cfd, networkLocation: /rack1, certSerialId: null, persistedOpState: IN_SERVICE, persistedOpStateExpiryEpochSec: 0}
2020-12-22 13:10:45,098 [EventQueue-PipelineReportForOneReplicaPipelineSafeModeRule] INFO  safemode.SCMSafeModeManager (SCMSafeModeManager.java:validateSafeModeExitRules(214)) - AtleastOneDatanodeReportedRule rule is successfully validated
2020-12-22 13:10:45,099 [EventQueue-NodeRegistrationContainerReportForDataNodeSafeModeRule] INFO  safemode.SCMSafeModeManager (SCMSafeModeManager.java:validateSafeModeExitRules(214)) - DataNodeSafeModeRule rule is successfully validated
2020-12-22 13:10:45,099 [EventQueue-NodeRegistrationContainerReportForContainerSafeModeRule] INFO  safemode.SCMSafeModeManager (SCMSafeModeManager.java:validateSafeModeExitRules(214)) - ContainerSafeModeRule rule is successfully validated
2020-12-22 13:10:45,091 [pool-49-thread-1] INFO  storage.RaftStorageDirectory (RaftStorageDirectory.java:analyzeStorage(261)) - The storage directory /github/workspace/mnt/ozone/hadoop-ozone/integration-test/target/test-dir/MiniOzoneClusterImpl-0c7722d3-6e51-44b5-a6be-ee21012bb99e/datanode-1/data/ratis/b3d46aca-819d-4a28-9022-197856ee50cc does not exist. Creating ...
2020-12-22 13:10:45,101 [RatisPipelineUtilsThread] INFO  pipeline.RatisPipelineProvider (RatisPipelineProvider.java:lambda$create$0(161)) - Sending CreatePipelineCommand for pipeline:PipelineID=2efa80e6-04e6-4b16-929f-3d505ce1afc3 to datanode:1542794c-42be-495d-a942-8ab282cac6bd
2020-12-22 13:10:45,102 [RatisPipelineUtilsThread] INFO  pipeline.PipelineStateManager (PipelineStateManager.java:addPipeline(54)) - Created pipeline Pipeline[ Id: 2efa80e6-04e6-4b16-929f-3d505ce1afc3, Nodes: 1542794c-42be-495d-a942-8ab282cac6bd{ip: 172.17.0.2, host: 60c1c0eb1cfd, networkLocation: /rack1, certSerialId: null, persistedOpState: IN_SERVICE, persistedOpStateExpiryEpochSec: 0}, Type:RATIS, Factor:ONE, State:ALLOCATED, leaderId:, CreationTimestamp2020-12-22T13:10:45.101Z]
2020-12-22 13:10:45,102 [pool-49-thread-1] INFO  storage.RaftStorageDirectory (RaftStorageDirectory.java:tryLock(343)) - Lock on /github/workspace/mnt/ozone/hadoop-ozone/integration-test/target/test-dir/MiniOzoneClusterImpl-0c7722d3-6e51-44b5-a6be-ee21012bb99e/datanode-1/data/ratis/b3d46aca-819d-4a28-9022-197856ee50cc/in_use.lock acquired by nodename 399@60c1c0eb1cfd
2020-12-22 13:10:45,104 [pool-49-thread-1] INFO  storage.RaftStorage (RaftStorage.java:format(85)) - Storage directory /github/workspace/mnt/ozone/hadoop-ozone/integration-test/target/test-dir/MiniOzoneClusterImpl-0c7722d3-6e51-44b5-a6be-ee21012bb99e/datanode-1/data/ratis/b3d46aca-819d-4a28-9022-197856ee50cc has been successfully formatted.
2020-12-22 13:10:45,105 [pool-49-thread-1] INFO  ratis.ContainerStateMachine (ContainerStateMachine.java:loadSnapshot(225)) - group-197856EE50CC: The snapshot info is null. Setting the last applied indexto:(t:0, i:~)
2020-12-22 13:10:45,105 [pool-49-thread-1] INFO  server.RaftServerConfigKeys (ConfUtils.java:logGet(44)) - raft.server.notification.no-leader.timeout = 300000ms (custom)
2020-12-22 13:10:45,105 [pool-49-thread-1] INFO  server.RaftServerConfigKeys (ConfUtils.java:logGet(44)) - raft.server.log.use.memory = false (default)
2020-12-22 13:10:45,106 [pool-49-thread-1] INFO  server.RaftServerConfigKeys (ConfUtils.java:logGet(44)) - raft.server.log.purge.gap = 1000000 (custom)
2020-12-22 13:10:45,106 [pool-49-thread-1] INFO  metrics.RatisMetrics (RatisMetrics.java:lambda$create$0(36)) - Creating Metrics Registry : ratis.log_worker.cfc7b2a2-0619-4c85-8419-784b4b9eda1c@group-197856EE50CC
2020-12-22 13:10:45,109 [pool-49-thread-1] INFO  server.RaftServerConfigKeys (ConfUtils.java:logGet(44)) - raft.server.log.appender.buffer.byte-limit = 33554432 (custom)
2020-12-22 13:10:45,109 [pool-49-thread-1] INFO  server.RaftServerConfigKeys (ConfUtils.java:logGet(44)) - raft.server.log.segment.size.max = 1048576 (custom)
2020-12-22 13:10:45,110 [pool-49-thread-1] INFO  server.RaftServerConfigKeys (ConfUtils.java:logGet(44)) - raft.server.log.segment.cache.num.max = 2 (custom)
2020-12-22 13:10:45,110 [pool-49-thread-1] INFO  segmented.SegmentedRaftLogWorker (SegmentedRaftLogWorker.java:<init>(180)) - new cfc7b2a2-0619-4c85-8419-784b4b9eda1c@group-197856EE50CC-SegmentedRaftLogWorker for RaftStorage:Storage Directory /github/workspace/mnt/ozone/hadoop-ozone/integration-test/target/test-dir/MiniOzoneClusterImpl-0c7722d3-6e51-44b5-a6be-ee21012bb99e/datanode-1/data/ratis/b3d46aca-819d-4a28-9022-197856ee50cc
2020-12-22 13:10:45,110 [pool-49-thread-1] INFO  server.RaftServerConfigKeys (ConfUtils.java:logGet(44)) - raft.server.log.queue.byte-limit = 2147483647 (custom)
2020-12-22 13:10:45,111 [pool-49-thread-1] INFO  server.RaftServerConfigKeys (ConfUtils.java:logGet(44)) - raft.server.log.queue.element-limit = 1024 (custom)
2020-12-22 13:10:45,111 [pool-49-thread-1] INFO  server.RaftServerConfigKeys (ConfUtils.java:logGet(44)) - raft.server.log.segment.size.max = 1048576 (custom)
2020-12-22 13:10:45,111 [pool-49-thread-1] INFO  server.RaftServerConfigKeys (ConfUtils.java:logGet(44)) - raft.server.log.preallocated.size = 16384 (custom)
2020-12-22 13:10:45,111 [pool-49-thread-1] INFO  server.RaftServerConfigKeys (ConfUtils.java:logGet(44)) - raft.server.log.write.buffer.size = 1048576 (custom)
2020-12-22 13:10:45,111 [pool-49-thread-1] INFO  server.RaftServerConfigKeys (ConfUtils.java:logGet(44)) - raft.server.log.force.sync.num = 128 (default)
2020-12-22 13:10:45,111 [pool-49-thread-1] INFO  server.RaftServerConfigKeys (ConfUtils.java:logGet(44)) - raft.server.log.statemachine.data.sync = true (default)
2020-12-22 13:10:45,111 [pool-49-thread-1] INFO  server.RaftServerConfigKeys (ConfUtils.java:logGet(44)) - raft.server.log.statemachine.data.sync.timeout = 10s (default)
2020-12-22 13:10:45,111 [pool-49-thread-1] INFO  server.RaftServerConfigKeys (ConfUtils.java:logGet(44)) - raft.server.log.statemachine.data.sync.timeout.retry = -1 (default)
2020-12-22 13:10:45,114 [pool-49-thread-1] INFO  server.RaftServerConfigKeys (ConfUtils.java:logGet(44)) - raft.server.log.statemachine.data.caching.enabled = true (custom)
2020-12-22 13:10:45,115 [pool-49-thread-1] INFO  segmented.SegmentedRaftLogWorker (SegmentedRaftLogWorker.java:lambda$new$0(129)) - cfc7b2a2-0619-4c85-8419-784b4b9eda1c@group-197856EE50CC-SegmentedRaftLogWorker: flushIndex: setUnconditionally 0 -> -1
2020-12-22 13:10:45,115 [pool-49-thread-1] INFO  segmented.SegmentedRaftLogWorker (SegmentedRaftLogWorker.java:lambda$new$0(129)) - cfc7b2a2-0619-4c85-8419-784b4b9eda1c@group-197856EE50CC-SegmentedRaftLogWorker: safeCacheEvictIndex: setUnconditionally 0 -> -1
2020-12-22 13:10:45,115 [EventQueue-PipelineReportForOneReplicaPipelineSafeModeRule] INFO  safemode.SCMSafeModeManager (SCMSafeModeManager.java:validateSafeModeExitRules(214)) - AtleastOneDatanodeReportedRule rule is successfully validated
2020-12-22 13:10:45,116 [pool-49-thread-1] INFO  server.RaftServerConfigKeys (ConfUtils.java:logGet(44)) - raft.server.snapshot.auto.trigger.enabled = true (custom)
2020-12-22 13:10:45,116 [pool-49-thread-1] INFO  server.RaftServerConfigKeys (ConfUtils.java:logGet(44)) - raft.server.snapshot.auto.trigger.threshold = 10000 (custom)
2020-12-22 13:10:45,116 [pool-49-thread-1] INFO  server.RaftServerConfigKeys (ConfUtils.java:logGet(44)) - raft.server.snapshot.retention.file.num = 5 (custom)
2020-12-22 13:10:45,116 [pool-49-thread-1] INFO  server.RaftServerConfigKeys (ConfUtils.java:logGet(44)) - raft.server.log.purge.upto.snapshot.index = false (default)
2020-12-22 13:10:45,116 [pool-49-thread-1] INFO  server.RaftServerConfigKeys (ConfUtils.java:logGet(44)) - raft.server.retrycache.expirytime = 600000ms (custom)
2020-12-22 13:10:45,116 [pool-49-thread-1] INFO  metrics.RatisMetrics (RatisMetrics.java:lambda$create$0(36)) - Creating Metrics Registry : ratis.leader_election.cfc7b2a2-0619-4c85-8419-784b4b9eda1c@group-197856EE50CC
2020-12-22 13:10:45,117 [pool-49-thread-1] INFO  metrics.RatisMetrics (RatisMetrics.java:lambda$create$0(36)) - Creating Metrics Registry : ratis.server.cfc7b2a2-0619-4c85-8419-784b4b9eda1c@group-197856EE50CC
2020-12-22 13:10:45,128 [pool-49-thread-1] INFO  impl.RaftServerImpl (RaftServerImpl.java:start(215)) - cfc7b2a2-0619-4c85-8419-784b4b9eda1c@group-197856EE50CC: start as a follower, conf=-1: [cfc7b2a2-0619-4c85-8419-784b4b9eda1c|rpc:172.17.0.2:40143, a9e5f8c8-f1d2-4256-bab8-e403c630398b|rpc:172.17.0.2:36741, d23545be-7951-4ced-9e1c-af6ad8e842b2|rpc:172.17.0.2:35453], old=null
2020-12-22 13:10:45,130 [pool-49-thread-1] INFO  impl.RaftServerImpl (RaftServerImpl.java:setRole(204)) - cfc7b2a2-0619-4c85-8419-784b4b9eda1c@group-197856EE50CC: changes role from      null to FOLLOWER at term 0 for startAsFollower
2020-12-22 13:10:45,131 [pool-49-thread-1] INFO  impl.RoleInfo (RoleInfo.java:updateAndGet(143)) - cfc7b2a2-0619-4c85-8419-784b4b9eda1c: start cfc7b2a2-0619-4c85-8419-784b4b9eda1c@group-197856EE50CC-FollowerState
2020-12-22 13:10:45,131 [pool-49-thread-1] INFO  util.JmxRegister (JmxRegister.java:tryRegister(44)) - Successfully registered JMX Bean with object name Ratis:service=RaftServer,group=group-197856EE50CC,id=cfc7b2a2-0619-4c85-8419-784b4b9eda1c
2020-12-22 13:10:45,138 [pool-49-thread-1] INFO  metrics.RatisMetrics (RatisMetrics.java:lambda$create$0(36)) - Creating Metrics Registry : ratis.state_machine.cfc7b2a2-0619-4c85-8419-784b4b9eda1c@group-197856EE50CC
2020-12-22 13:10:45,162 [Listener at 127.0.0.1/34251] INFO  ozone.MiniOzoneClusterImpl (MiniOzoneClusterImpl.java:lambda$waitForClusterToBeReady$0(178)) - Waiting for nodes to be ready. Got 9 of 10 DN Heartbeats.
2020-12-22 13:10:45,162 [Listener at 127.0.0.1/34251] INFO  ozone.MiniOzoneClusterImpl (MiniOzoneClusterImpl.java:lambda$waitForClusterToBeReady$0(181)) - Waiting for cluster to exit safe mode
2020-12-22 13:10:45,163 [Command processor thread] INFO  metrics.RatisMetrics (RatisMetrics.java:lambda$create$0(36)) - Creating Metrics Registry : ratis.client_message_metrics.client-06E318D3156C->cfc7b2a2-0619-4c85-8419-784b4b9eda1c
2020-12-22 13:10:45,163 [Command processor thread] INFO  metrics.RatisMetrics (RatisMetrics.java:lambda$create$0(36)) - Creating Metrics Registry : ratis.client_message_metrics.client-83F130A94741->a9e5f8c8-f1d2-4256-bab8-e403c630398b
2020-12-22 13:10:45,298 [IPC Server handler 1 on default port 33001] INFO  net.NetworkTopologyImpl (NetworkTopologyImpl.java:add(111)) - Added a new node: /rack1/a3d49688-b82f-4622-8b97-34b5ff2bfd95
2020-12-22 13:10:45,299 [IPC Server handler 1 on default port 33001] INFO  node.SCMNodeManager (SCMNodeManager.java:register(341)) - Registered Data node : a3d49688-b82f-4622-8b97-34b5ff2bfd95{ip: 172.17.0.2, host: 60c1c0eb1cfd, networkLocation: /rack1, certSerialId: null, persistedOpState: IN_SERVICE, persistedOpStateExpiryEpochSec: 0}
2020-12-22 13:10:45,299 [EventQueue-PipelineReportForOneReplicaPipelineSafeModeRule] INFO  safemode.SCMSafeModeManager (SCMSafeModeManager.java:validateSafeModeExitRules(214)) - AtleastOneDatanodeReportedRule rule is successfully validated
2020-12-22 13:10:45,299 [EventQueue-NodeRegistrationContainerReportForDataNodeSafeModeRule] INFO  safemode.SCMSafeModeManager (SCMSafeModeManager.java:validateSafeModeExitRules(214)) - DataNodeSafeModeRule rule is successfully validated
2020-12-22 13:10:45,300 [EventQueue-NodeRegistrationContainerReportForContainerSafeModeRule] INFO  safemode.SCMSafeModeManager (SCMSafeModeManager.java:validateSafeModeExitRules(214)) - ContainerSafeModeRule rule is successfully validated
2020-12-22 13:10:45,300 [RatisPipelineUtilsThread] INFO  pipeline.RatisPipelineProvider (RatisPipelineProvider.java:lambda$create$0(161)) - Sending CreatePipelineCommand for pipeline:PipelineID=034b4dd9-1234-4dc8-967b-c31906aae067 to datanode:a3d49688-b82f-4622-8b97-34b5ff2bfd95
2020-12-22 13:10:45,301 [RatisPipelineUtilsThread] INFO  pipeline.PipelineStateManager (PipelineStateManager.java:addPipeline(54)) - Created pipeline Pipeline[ Id: 034b4dd9-1234-4dc8-967b-c31906aae067, Nodes: a3d49688-b82f-4622-8b97-34b5ff2bfd95{ip: 172.17.0.2, host: 60c1c0eb1cfd, networkLocation: /rack1, certSerialId: null, persistedOpState: IN_SERVICE, persistedOpStateExpiryEpochSec: 0}, Type:RATIS, Factor:ONE, State:ALLOCATED, leaderId:, CreationTimestamp2020-12-22T13:10:45.300Z]
2020-12-22 13:10:45,301 [RatisPipelineUtilsThread] INFO  pipeline.RatisPipelineProvider (RatisPipelineProvider.java:lambda$create$0(161)) - Sending CreatePipelineCommand for pipeline:PipelineID=bf013636-bf38-49a5-93f8-b00bd356e557 to datanode:968414a2-acfc-4d9a-a6c6-d5ffe78fa14c
2020-12-22 13:10:45,301 [RatisPipelineUtilsThread] INFO  pipeline.RatisPipelineProvider (RatisPipelineProvider.java:lambda$create$0(161)) - Sending CreatePipelineCommand for pipeline:PipelineID=bf013636-bf38-49a5-93f8-b00bd356e557 to datanode:1542794c-42be-495d-a942-8ab282cac6bd
2020-12-22 13:10:45,301 [RatisPipelineUtilsThread] INFO  pipeline.RatisPipelineProvider (RatisPipelineProvider.java:lambda$create$0(161)) - Sending CreatePipelineCommand for pipeline:PipelineID=bf013636-bf38-49a5-93f8-b00bd356e557 to datanode:a3d49688-b82f-4622-8b97-34b5ff2bfd95
2020-12-22 13:10:45,302 [RatisPipelineUtilsThread] INFO  pipeline.PipelineStateManager (PipelineStateManager.java:addPipeline(54)) - Created pipeline Pipeline[ Id: bf013636-bf38-49a5-93f8-b00bd356e557, Nodes: 968414a2-acfc-4d9a-a6c6-d5ffe78fa14c{ip: 172.17.0.2, host: 60c1c0eb1cfd, networkLocation: /rack1, certSerialId: null, persistedOpState: IN_SERVICE, persistedOpStateExpiryEpochSec: 0}1542794c-42be-495d-a942-8ab282cac6bd{ip: 172.17.0.2, host: 60c1c0eb1cfd, networkLocation: /rack1, certSerialId: null, persistedOpState: IN_SERVICE, persistedOpStateExpiryEpochSec: 0}a3d49688-b82f-4622-8b97-34b5ff2bfd95{ip: 172.17.0.2, host: 60c1c0eb1cfd, networkLocation: /rack1, certSerialId: null, persistedOpState: IN_SERVICE, persistedOpStateExpiryEpochSec: 0}, Type:RATIS, Factor:THREE, State:ALLOCATED, leaderId:, CreationTimestamp2020-12-22T13:10:45.301Z]
2020-12-22 13:10:45,307 [Command processor thread] INFO  impl.RaftServerProxy (RaftServerProxy.java:addNew(93)) - 630f7d82-7405-430a-acc4-3cca1d2988c7: addNew group-451F57A0DF90:[630f7d82-7405-430a-acc4-3cca1d2988c7|rpc:172.17.0.2:39527] returns group-451F57A0DF90:java.util.concurrent.CompletableFuture@7da11b7c[Not completed]
2020-12-22 13:10:45,333 [pool-66-thread-1] INFO  impl.RaftServerImpl (RaftServerImpl.java:<init>(121)) - 630f7d82-7405-430a-acc4-3cca1d2988c7: new RaftServerImpl for group-451F57A0DF90:[630f7d82-7405-430a-acc4-3cca1d2988c7|rpc:172.17.0.2:39527] with ContainerStateMachine:uninitialized
2020-12-22 13:10:45,334 [pool-66-thread-1] INFO  server.RaftServerConfigKeys (ConfUtils.java:logGet(44)) - raft.server.rpc.timeout.min = 1s (custom)
2020-12-22 13:10:45,335 [pool-66-thread-1] INFO  server.RaftServerConfigKeys (ConfUtils.java:logGet(44)) - raft.server.rpc.timeout.max = 1200ms (custom)
2020-12-22 13:10:45,335 [pool-66-thread-1] INFO  server.RaftServerConfigKeys (ConfUtils.java:logGet(44)) - raft.server.rpc.slowness.timeout = 300000ms (custom)
2020-12-22 13:10:45,335 [pool-66-thread-1] INFO  server.RaftServerConfigKeys (ConfUtils.java:logGet(44)) - raft.server.leaderelection.leader.step-down.wait-time = 10s (default)
2020-12-22 13:10:45,337 [pool-66-thread-1] INFO  server.RaftServerConfigKeys (ConfUtils.java:logGet(44)) - raft.server.sleep.deviation.threshold = 300 (default)
2020-12-22 13:10:45,337 [pool-66-thread-1] INFO  server.RaftServerConfigKeys (ConfUtils.java:logGet(44)) - raft.server.log.appender.install.snapshot.enabled = false (custom)
2020-12-22 13:10:45,337 [pool-66-thread-1] INFO  impl.RaftServerImpl (ServerState.java:<init>(104)) - 630f7d82-7405-430a-acc4-3cca1d2988c7@group-451F57A0DF90: ConfigurationManager, init=-1: [630f7d82-7405-430a-acc4-3cca1d2988c7|rpc:172.17.0.2:39527], old=null, confs=<EMPTY_MAP>
2020-12-22 13:10:45,337 [pool-66-thread-1] INFO  server.RaftServerConfigKeys (ConfUtils.java:logGet(44)) - raft.server.storage.dir = [/github/workspace/mnt/ozone/hadoop-ozone/integration-test/target/test-dir/MiniOzoneClusterImpl-0c7722d3-6e51-44b5-a6be-ee21012bb99e/datanode-2/data/ratis] (custom)
2020-12-22 13:10:45,338 [pool-66-thread-1] INFO  server.RaftServerConfigKeys (ConfUtils.java:logGet(44)) - raft.server.log.corruption.policy = EXCEPTION (default)
2020-12-22 13:10:45,338 [pool-66-thread-1] INFO  storage.RaftStorageDirectory (RaftStorageDirectory.java:analyzeStorage(261)) - The storage directory /github/workspace/mnt/ozone/hadoop-ozone/integration-test/target/test-dir/MiniOzoneClusterImpl-0c7722d3-6e51-44b5-a6be-ee21012bb99e/datanode-2/data/ratis/a1e8a107-cf05-4c5c-add5-451f57a0df90 does not exist. Creating ...
2020-12-22 13:10:45,340 [pool-66-thread-1] INFO  storage.RaftStorageDirectory (RaftStorageDirectory.java:tryLock(343)) - Lock on /github/workspace/mnt/ozone/hadoop-ozone/integration-test/target/test-dir/MiniOzoneClusterImpl-0c7722d3-6e51-44b5-a6be-ee21012bb99e/datanode-2/data/ratis/a1e8a107-cf05-4c5c-add5-451f57a0df90/in_use.lock acquired by nodename 399@60c1c0eb1cfd
2020-12-22 13:10:45,342 [pool-66-thread-1] INFO  storage.RaftStorage (RaftStorage.java:format(85)) - Storage directory /github/workspace/mnt/ozone/hadoop-ozone/integration-test/target/test-dir/MiniOzoneClusterImpl-0c7722d3-6e51-44b5-a6be-ee21012bb99e/datanode-2/data/ratis/a1e8a107-cf05-4c5c-add5-451f57a0df90 has been successfully formatted.
2020-12-22 13:10:45,343 [pool-66-thread-1] INFO  ratis.ContainerStateMachine (ContainerStateMachine.java:loadSnapshot(225)) - group-451F57A0DF90: The snapshot info is null. Setting the last applied indexto:(t:0, i:~)
2020-12-22 13:10:45,343 [pool-66-thread-1] INFO  server.RaftServerConfigKeys (ConfUtils.java:logGet(44)) - raft.server.notification.no-leader.timeout = 300000ms (custom)
2020-12-22 13:10:45,346 [EventQueue-PipelineReportForPipelineReportHandler] INFO  pipeline.PipelineStateManager (PipelineStateManager.java:openPipeline(132)) - Pipeline Pipeline[ Id: a1e8a107-cf05-4c5c-add5-451f57a0df90, Nodes: 630f7d82-7405-430a-acc4-3cca1d2988c7{ip: 172.17.0.2, host: 60c1c0eb1cfd, networkLocation: /rack1, certSerialId: null, persistedOpState: IN_SERVICE, persistedOpStateExpiryEpochSec: 0}, Type:RATIS, Factor:ONE, State:ALLOCATED, leaderId:630f7d82-7405-430a-acc4-3cca1d2988c7, CreationTimestamp2020-12-22T13:10:42.689Z] moved to OPEN state
2020-12-22 13:10:45,345 [EventQueue-PipelineReportForOneReplicaPipelineSafeModeRule] INFO  safemode.SCMSafeModeManager (SCMSafeModeManager.java:validateSafeModeExitRules(214)) - AtleastOneDatanodeReportedRule rule is successfully validated
2020-12-22 13:10:45,350 [pool-66-thread-1] INFO  server.RaftServerConfigKeys (ConfUtils.java:logGet(44)) - raft.server.log.use.memory = false (default)
2020-12-22 13:10:45,350 [pool-66-thread-1] INFO  server.RaftServerConfigKeys (ConfUtils.java:logGet(44)) - raft.server.log.purge.gap = 1000000 (custom)
2020-12-22 13:10:45,350 [pool-66-thread-1] INFO  metrics.RatisMetrics (RatisMetrics.java:lambda$create$0(36)) - Creating Metrics Registry : ratis.log_worker.630f7d82-7405-430a-acc4-3cca1d2988c7@group-451F57A0DF90
2020-12-22 13:10:45,351 [pool-66-thread-1] INFO  server.RaftServerConfigKeys (ConfUtils.java:logGet(44)) - raft.server.log.appender.buffer.byte-limit = 33554432 (custom)
2020-12-22 13:10:45,351 [pool-66-thread-1] INFO  server.RaftServerConfigKeys (ConfUtils.java:logGet(44)) - raft.server.log.segment.size.max = 1048576 (custom)
2020-12-22 13:10:45,354 [pool-66-thread-1] INFO  server.RaftServerConfigKeys (ConfUtils.java:logGet(44)) - raft.server.log.segment.cache.num.max = 2 (custom)
2020-12-22 13:10:45,354 [pool-66-thread-1] INFO  segmented.SegmentedRaftLogWorker (SegmentedRaftLogWorker.java:<init>(180)) - new 630f7d82-7405-430a-acc4-3cca1d2988c7@group-451F57A0DF90-SegmentedRaftLogWorker for RaftStorage:Storage Directory /github/workspace/mnt/ozone/hadoop-ozone/integration-test/target/test-dir/MiniOzoneClusterImpl-0c7722d3-6e51-44b5-a6be-ee21012bb99e/datanode-2/data/ratis/a1e8a107-cf05-4c5c-add5-451f57a0df90
2020-12-22 13:10:45,354 [pool-66-thread-1] INFO  server.RaftServerConfigKeys (ConfUtils.java:logGet(44)) - raft.server.log.queue.byte-limit = 2147483647 (custom)
2020-12-22 13:10:45,354 [pool-66-thread-1] INFO  server.RaftServerConfigKeys (ConfUtils.java:logGet(44)) - raft.server.log.queue.element-limit = 1024 (custom)
2020-12-22 13:10:45,354 [pool-66-thread-1] INFO  server.RaftServerConfigKeys (ConfUtils.java:logGet(44)) - raft.server.log.segment.size.max = 1048576 (custom)
2020-12-22 13:10:45,354 [pool-66-thread-1] INFO  server.RaftServerConfigKeys (ConfUtils.java:logGet(44)) - raft.server.log.preallocated.size = 16384 (custom)
2020-12-22 13:10:45,354 [pool-66-thread-1] INFO  server.RaftServerConfigKeys (ConfUtils.java:logGet(44)) - raft.server.log.write.buffer.size = 1048576 (custom)
2020-12-22 13:10:45,354 [pool-66-thread-1] INFO  server.RaftServerConfigKeys (ConfUtils.java:logGet(44)) - raft.server.log.force.sync.num = 128 (default)
2020-12-22 13:10:45,355 [pool-66-thread-1] INFO  server.RaftServerConfigKeys (ConfUtils.java:logGet(44)) - raft.server.log.statemachine.data.sync = true (default)
2020-12-22 13:10:45,355 [pool-66-thread-1] INFO  server.RaftServerConfigKeys (ConfUtils.java:logGet(44)) - raft.server.log.statemachine.data.sync.timeout = 10s (default)
2020-12-22 13:10:45,355 [pool-66-thread-1] INFO  server.RaftServerConfigKeys (ConfUtils.java:logGet(44)) - raft.server.log.statemachine.data.sync.timeout.retry = -1 (default)
2020-12-22 13:10:45,358 [pool-66-thread-1] INFO  server.RaftServerConfigKeys (ConfUtils.java:logGet(44)) - raft.server.log.statemachine.data.caching.enabled = true (custom)
2020-12-22 13:10:45,360 [pool-66-thread-1] INFO  segmented.SegmentedRaftLogWorker (SegmentedRaftLogWorker.java:lambda$new$0(129)) - 630f7d82-7405-430a-acc4-3cca1d2988c7@group-451F57A0DF90-SegmentedRaftLogWorker: flushIndex: setUnconditionally 0 -> -1
2020-12-22 13:10:45,361 [pool-66-thread-1] INFO  segmented.SegmentedRaftLogWorker (SegmentedRaftLogWorker.java:lambda$new$0(129)) - 630f7d82-7405-430a-acc4-3cca1d2988c7@group-451F57A0DF90-SegmentedRaftLogWorker: safeCacheEvictIndex: setUnconditionally 0 -> -1
2020-12-22 13:10:45,361 [EventQueue-OpenPipelineForHealthyPipelineSafeModeRule] INFO  safemode.SCMSafeModeManager (HealthyPipelineSafeModeRule.java:process(128)) - SCM in safe mode. Healthy pipelines reported count is 0, required healthy pipeline reported count is 1
2020-12-22 13:10:45,372 [pool-66-thread-1] INFO  server.RaftServerConfigKeys (ConfUtils.java:logGet(44)) - raft.server.snapshot.auto.trigger.enabled = true (custom)
2020-12-22 13:10:45,372 [pool-66-thread-1] INFO  server.RaftServerConfigKeys (ConfUtils.java:logGet(44)) - raft.server.snapshot.auto.trigger.threshold = 10000 (custom)
2020-12-22 13:10:45,372 [pool-66-thread-1] INFO  server.RaftServerConfigKeys (ConfUtils.java:logGet(44)) - raft.server.snapshot.retention.file.num = 5 (custom)
2020-12-22 13:10:45,372 [pool-66-thread-1] INFO  server.RaftServerConfigKeys (ConfUtils.java:logGet(44)) - raft.server.log.purge.upto.snapshot.index = false (default)
2020-12-22 13:10:45,372 [pool-66-thread-1] INFO  server.RaftServerConfigKeys (ConfUtils.java:logGet(44)) - raft.server.retrycache.expirytime = 600000ms (custom)
2020-12-22 13:10:45,372 [pool-66-thread-1] INFO  metrics.RatisMetrics (RatisMetrics.java:lambda$create$0(36)) - Creating Metrics Registry : ratis.leader_election.630f7d82-7405-430a-acc4-3cca1d2988c7@group-451F57A0DF90
2020-12-22 13:10:45,373 [pool-66-thread-1] INFO  metrics.RatisMetrics (RatisMetrics.java:lambda$create$0(36)) - Creating Metrics Registry : ratis.server.630f7d82-7405-430a-acc4-3cca1d2988c7@group-451F57A0DF90
2020-12-22 13:10:45,375 [pool-66-thread-1] INFO  impl.RaftServerImpl (RaftServerImpl.java:start(215)) - 630f7d82-7405-430a-acc4-3cca1d2988c7@group-451F57A0DF90: start as a follower, conf=-1: [630f7d82-7405-430a-acc4-3cca1d2988c7|rpc:172.17.0.2:39527], old=null
2020-12-22 13:10:45,378 [pool-66-thread-1] INFO  impl.RaftServerImpl (RaftServerImpl.java:setRole(204)) - 630f7d82-7405-430a-acc4-3cca1d2988c7@group-451F57A0DF90: changes role from      null to FOLLOWER at term 0 for startAsFollower
2020-12-22 13:10:45,378 [pool-66-thread-1] INFO  impl.RoleInfo (RoleInfo.java:updateAndGet(143)) - 630f7d82-7405-430a-acc4-3cca1d2988c7: start 630f7d82-7405-430a-acc4-3cca1d2988c7@group-451F57A0DF90-FollowerState
2020-12-22 13:10:45,386 [pool-66-thread-1] INFO  util.JmxRegister (JmxRegister.java:tryRegister(44)) - Successfully registered JMX Bean with object name Ratis:service=RaftServer,group=group-451F57A0DF90,id=630f7d82-7405-430a-acc4-3cca1d2988c7
2020-12-22 13:10:45,386 [pool-66-thread-1] INFO  metrics.RatisMetrics (RatisMetrics.java:lambda$create$0(36)) - Creating Metrics Registry : ratis.state_machine.630f7d82-7405-430a-acc4-3cca1d2988c7@group-451F57A0DF90
2020-12-22 13:10:45,389 [Command processor thread] INFO  commandhandler.CreatePipelineCommandHandler (CreatePipelineCommandHandler.java:handle(106)) - Created Pipeline RATIS ONE PipelineID=a1e8a107-cf05-4c5c-add5-451f57a0df90.
2020-12-22 13:10:45,389 [Command processor thread] INFO  impl.RaftServerProxy (RaftServerProxy.java:addNew(93)) - 630f7d82-7405-430a-acc4-3cca1d2988c7: addNew group-22EF2DA5B5E3:[630f7d82-7405-430a-acc4-3cca1d2988c7|rpc:172.17.0.2:39527, a9e5f8c8-f1d2-4256-bab8-e403c630398b|rpc:172.17.0.2:36741, d23545be-7951-4ced-9e1c-af6ad8e842b2|rpc:172.17.0.2:35453] returns group-22EF2DA5B5E3:java.util.concurrent.CompletableFuture@799e9010[Not completed]
2020-12-22 13:10:45,390 [pool-66-thread-1] INFO  impl.RaftServerImpl (RaftServerImpl.java:<init>(121)) - 630f7d82-7405-430a-acc4-3cca1d2988c7: new RaftServerImpl for group-22EF2DA5B5E3:[630f7d82-7405-430a-acc4-3cca1d2988c7|rpc:172.17.0.2:39527, a9e5f8c8-f1d2-4256-bab8-e403c630398b|rpc:172.17.0.2:36741, d23545be-7951-4ced-9e1c-af6ad8e842b2|rpc:172.17.0.2:35453] with ContainerStateMachine:uninitialized
2020-12-22 13:10:45,391 [pool-66-thread-1] INFO  server.RaftServerConfigKeys (ConfUtils.java:logGet(44)) - raft.server.rpc.timeout.min = 1s (custom)
2020-12-22 13:10:45,391 [pool-66-thread-1] INFO  server.RaftServerConfigKeys (ConfUtils.java:logGet(44)) - raft.server.rpc.timeout.max = 1200ms (custom)
2020-12-22 13:10:45,391 [pool-66-thread-1] INFO  server.RaftServerConfigKeys (ConfUtils.java:logGet(44)) - raft.server.rpc.slowness.timeout = 300000ms (custom)
2020-12-22 13:10:45,392 [pool-66-thread-1] INFO  server.RaftServerConfigKeys (ConfUtils.java:logGet(44)) - raft.server.leaderelection.leader.step-down.wait-time = 10s (default)
2020-12-22 13:10:45,392 [pool-66-thread-1] INFO  server.RaftServerConfigKeys (ConfUtils.java:logGet(44)) - raft.server.sleep.deviation.threshold = 300 (default)
2020-12-22 13:10:45,392 [pool-66-thread-1] INFO  server.RaftServerConfigKeys (ConfUtils.java:logGet(44)) - raft.server.log.appender.install.snapshot.enabled = false (custom)
2020-12-22 13:10:45,392 [pool-66-thread-1] INFO  impl.RaftServerImpl (ServerState.java:<init>(104)) - 630f7d82-7405-430a-acc4-3cca1d2988c7@group-22EF2DA5B5E3: ConfigurationManager, init=-1: [630f7d82-7405-430a-acc4-3cca1d2988c7|rpc:172.17.0.2:39527, a9e5f8c8-f1d2-4256-bab8-e403c630398b|rpc:172.17.0.2:36741, d23545be-7951-4ced-9e1c-af6ad8e842b2|rpc:172.17.0.2:35453], old=null, confs=<EMPTY_MAP>
2020-12-22 13:10:45,392 [pool-66-thread-1] INFO  server.RaftServerConfigKeys (ConfUtils.java:logGet(44)) - raft.server.storage.dir = [/github/workspace/mnt/ozone/hadoop-ozone/integration-test/target/test-dir/MiniOzoneClusterImpl-0c7722d3-6e51-44b5-a6be-ee21012bb99e/datanode-2/data/ratis] (custom)
2020-12-22 13:10:45,392 [pool-66-thread-1] INFO  server.RaftServerConfigKeys (ConfUtils.java:logGet(44)) - raft.server.log.corruption.policy = EXCEPTION (default)
2020-12-22 13:10:45,393 [pool-66-thread-1] INFO  storage.RaftStorageDirectory (RaftStorageDirectory.java:analyzeStorage(261)) - The storage directory /github/workspace/mnt/ozone/hadoop-ozone/integration-test/target/test-dir/MiniOzoneClusterImpl-0c7722d3-6e51-44b5-a6be-ee21012bb99e/datanode-2/data/ratis/1db8be16-ed77-4592-8cde-22ef2da5b5e3 does not exist. Creating ...
2020-12-22 13:10:45,396 [pool-66-thread-1] INFO  storage.RaftStorageDirectory (RaftStorageDirectory.java:tryLock(343)) - Lock on /github/workspace/mnt/ozone/hadoop-ozone/integration-test/target/test-dir/MiniOzoneClusterImpl-0c7722d3-6e51-44b5-a6be-ee21012bb99e/datanode-2/data/ratis/1db8be16-ed77-4592-8cde-22ef2da5b5e3/in_use.lock acquired by nodename 399@60c1c0eb1cfd
2020-12-22 13:10:45,398 [pool-66-thread-1] INFO  storage.RaftStorage (RaftStorage.java:format(85)) - Storage directory /github/workspace/mnt/ozone/hadoop-ozone/integration-test/target/test-dir/MiniOzoneClusterImpl-0c7722d3-6e51-44b5-a6be-ee21012bb99e/datanode-2/data/ratis/1db8be16-ed77-4592-8cde-22ef2da5b5e3 has been successfully formatted.
2020-12-22 13:10:45,398 [pool-66-thread-1] INFO  ratis.ContainerStateMachine (ContainerStateMachine.java:loadSnapshot(225)) - group-22EF2DA5B5E3: The snapshot info is null. Setting the last applied indexto:(t:0, i:~)
2020-12-22 13:10:45,398 [pool-66-thread-1] INFO  server.RaftServerConfigKeys (ConfUtils.java:logGet(44)) - raft.server.notification.no-leader.timeout = 300000ms (custom)
2020-12-22 13:10:45,398 [pool-66-thread-1] INFO  server.RaftServerConfigKeys (ConfUtils.java:logGet(44)) - raft.server.log.use.memory = false (default)
2020-12-22 13:10:45,399 [pool-66-thread-1] INFO  server.RaftServerConfigKeys (ConfUtils.java:logGet(44)) - raft.server.log.purge.gap = 1000000 (custom)
2020-12-22 13:10:45,399 [pool-66-thread-1] INFO  metrics.RatisMetrics (RatisMetrics.java:lambda$create$0(36)) - Creating Metrics Registry : ratis.log_worker.630f7d82-7405-430a-acc4-3cca1d2988c7@group-22EF2DA5B5E3
2020-12-22 13:10:45,400 [pool-66-thread-1] INFO  server.RaftServerConfigKeys (ConfUtils.java:logGet(44)) - raft.server.log.appender.buffer.byte-limit = 33554432 (custom)
2020-12-22 13:10:45,400 [pool-66-thread-1] INFO  server.RaftServerConfigKeys (ConfUtils.java:logGet(44)) - raft.server.log.segment.size.max = 1048576 (custom)
2020-12-22 13:10:45,401 [pool-66-thread-1] INFO  server.RaftServerConfigKeys (ConfUtils.java:logGet(44)) - raft.server.log.segment.cache.num.max = 2 (custom)
2020-12-22 13:10:45,401 [pool-66-thread-1] INFO  segmented.SegmentedRaftLogWorker (SegmentedRaftLogWorker.java:<init>(180)) - new 630f7d82-7405-430a-acc4-3cca1d2988c7@group-22EF2DA5B5E3-SegmentedRaftLogWorker for RaftStorage:Storage Directory /github/workspace/mnt/ozone/hadoop-ozone/integration-test/target/test-dir/MiniOzoneClusterImpl-0c7722d3-6e51-44b5-a6be-ee21012bb99e/datanode-2/data/ratis/1db8be16-ed77-4592-8cde-22ef2da5b5e3
2020-12-22 13:10:45,401 [pool-66-thread-1] INFO  server.RaftServerConfigKeys (ConfUtils.java:logGet(44)) - raft.server.log.queue.byte-limit = 2147483647 (custom)
2020-12-22 13:10:45,401 [pool-66-thread-1] INFO  server.RaftServerConfigKeys (ConfUtils.java:logGet(44)) - raft.server.log.queue.element-limit = 1024 (custom)
2020-12-22 13:10:45,401 [pool-66-thread-1] INFO  server.RaftServerConfigKeys (ConfUtils.java:logGet(44)) - raft.server.log.segment.size.max = 1048576 (custom)
2020-12-22 13:10:45,401 [pool-66-thread-1] INFO  server.RaftServerConfigKeys (ConfUtils.java:logGet(44)) - raft.server.log.preallocated.size = 16384 (custom)
2020-12-22 13:10:45,401 [pool-66-thread-1] INFO  server.RaftServerConfigKeys (ConfUtils.java:logGet(44)) - raft.server.log.write.buffer.size = 1048576 (custom)
2020-12-22 13:10:45,401 [pool-66-thread-1] INFO  server.RaftServerConfigKeys (ConfUtils.java:logGet(44)) - raft.server.log.force.sync.num = 128 (default)
2020-12-22 13:10:45,401 [pool-66-thread-1] INFO  server.RaftServerConfigKeys (ConfUtils.java:logGet(44)) - raft.server.log.statemachine.data.sync = true (default)
2020-12-22 13:10:45,402 [pool-66-thread-1] INFO  server.RaftServerConfigKeys (ConfUtils.java:logGet(44)) - raft.server.log.statemachine.data.sync.timeout = 10s (default)
2020-12-22 13:10:45,402 [pool-66-thread-1] INFO  server.RaftServerConfigKeys (ConfUtils.java:logGet(44)) - raft.server.log.statemachine.data.sync.timeout.retry = -1 (default)
2020-12-22 13:10:45,402 [EventQueue-OpenPipelineForHealthyPipelineSafeModeRule] INFO  safemode.SCMSafeModeManager (HealthyPipelineSafeModeRule.java:process(128)) - SCM in safe mode. Healthy pipelines reported count is 0, required healthy pipeline reported count is 1
2020-12-22 13:10:45,402 [EventQueue-PipelineReportForOneReplicaPipelineSafeModeRule] INFO  safemode.SCMSafeModeManager (SCMSafeModeManager.java:validateSafeModeExitRules(214)) - AtleastOneDatanodeReportedRule rule is successfully validated
2020-12-22 13:10:45,405 [pool-66-thread-1] INFO  server.RaftServerConfigKeys (ConfUtils.java:logGet(44)) - raft.server.log.statemachine.data.caching.enabled = true (custom)
2020-12-22 13:10:45,405 [pool-66-thread-1] INFO  segmented.SegmentedRaftLogWorker (SegmentedRaftLogWorker.java:lambda$new$0(129)) - 630f7d82-7405-430a-acc4-3cca1d2988c7@group-22EF2DA5B5E3-SegmentedRaftLogWorker: flushIndex: setUnconditionally 0 -> -1
2020-12-22 13:10:45,405 [pool-66-thread-1] INFO  segmented.SegmentedRaftLogWorker (SegmentedRaftLogWorker.java:lambda$new$0(129)) - 630f7d82-7405-430a-acc4-3cca1d2988c7@group-22EF2DA5B5E3-SegmentedRaftLogWorker: safeCacheEvictIndex: setUnconditionally 0 -> -1
2020-12-22 13:10:45,405 [pool-66-thread-1] INFO  server.RaftServerConfigKeys (ConfUtils.java:logGet(44)) - raft.server.snapshot.auto.trigger.enabled = true (custom)
2020-12-22 13:10:45,405 [pool-66-thread-1] INFO  server.RaftServerConfigKeys (ConfUtils.java:logGet(44)) - raft.server.snapshot.auto.trigger.threshold = 10000 (custom)
2020-12-22 13:10:45,406 [pool-66-thread-1] INFO  server.RaftServerConfigKeys (ConfUtils.java:logGet(44)) - raft.server.snapshot.retention.file.num = 5 (custom)
2020-12-22 13:10:45,406 [pool-66-thread-1] INFO  server.RaftServerConfigKeys (ConfUtils.java:logGet(44)) - raft.server.log.purge.upto.snapshot.index = false (default)
2020-12-22 13:10:45,406 [pool-66-thread-1] INFO  server.RaftServerConfigKeys (ConfUtils.java:logGet(44)) - raft.server.retrycache.expirytime = 600000ms (custom)
2020-12-22 13:10:45,406 [pool-66-thread-1] INFO  metrics.RatisMetrics (RatisMetrics.java:lambda$create$0(36)) - Creating Metrics Registry : ratis.leader_election.630f7d82-7405-430a-acc4-3cca1d2988c7@group-22EF2DA5B5E3
2020-12-22 13:10:45,407 [pool-66-thread-1] INFO  metrics.RatisMetrics (RatisMetrics.java:lambda$create$0(36)) - Creating Metrics Registry : ratis.server.630f7d82-7405-430a-acc4-3cca1d2988c7@group-22EF2DA5B5E3
2020-12-22 13:10:45,408 [pool-66-thread-1] INFO  impl.RaftServerImpl (RaftServerImpl.java:start(215)) - 630f7d82-7405-430a-acc4-3cca1d2988c7@group-22EF2DA5B5E3: start as a follower, conf=-1: [630f7d82-7405-430a-acc4-3cca1d2988c7|rpc:172.17.0.2:39527, a9e5f8c8-f1d2-4256-bab8-e403c630398b|rpc:172.17.0.2:36741, d23545be-7951-4ced-9e1c-af6ad8e842b2|rpc:172.17.0.2:35453], old=null
2020-12-22 13:10:45,408 [pool-66-thread-1] INFO  impl.RaftServerImpl (RaftServerImpl.java:setRole(204)) - 630f7d82-7405-430a-acc4-3cca1d2988c7@group-22EF2DA5B5E3: changes role from      null to FOLLOWER at term 0 for startAsFollower
2020-12-22 13:10:45,409 [pool-66-thread-1] INFO  impl.RoleInfo (RoleInfo.java:updateAndGet(143)) - 630f7d82-7405-430a-acc4-3cca1d2988c7: start 630f7d82-7405-430a-acc4-3cca1d2988c7@group-22EF2DA5B5E3-FollowerState
2020-12-22 13:10:45,409 [pool-66-thread-1] INFO  util.JmxRegister (JmxRegister.java:tryRegister(44)) - Successfully registered JMX Bean with object name Ratis:service=RaftServer,group=group-22EF2DA5B5E3,id=630f7d82-7405-430a-acc4-3cca1d2988c7
2020-12-22 13:10:45,409 [pool-66-thread-1] INFO  metrics.RatisMetrics (RatisMetrics.java:lambda$create$0(36)) - Creating Metrics Registry : ratis.state_machine.630f7d82-7405-430a-acc4-3cca1d2988c7@group-22EF2DA5B5E3
2020-12-22 13:10:45,411 [Command processor thread] INFO  metrics.RatisMetrics (RatisMetrics.java:lambda$create$0(36)) - Creating Metrics Registry : ratis.client_message_metrics.client-6C0886ADCD3A->a9e5f8c8-f1d2-4256-bab8-e403c630398b
2020-12-22 13:10:45,475 [org.apache.ratis.server.JvmPauseMonitor@5e28a5de-Monitor] WARN  server.JvmPauseMonitor (JvmPauseMonitor.java:run(141)) - Detected pause in JVM or host machine (eg GC): pause of approximately 2ms
GC pool 'PS Scavenge' had collection(s): count=1 time=23ms
2020-12-22 13:10:45,475 [org.apache.ratis.server.JvmPauseMonitor@61f7d7f2-Monitor] WARN  server.JvmPauseMonitor (JvmPauseMonitor.java:run(141)) - Detected pause in JVM or host machine (eg GC): pause of approximately 2ms
GC pool 'PS Scavenge' had collection(s): count=1 time=23ms
2020-12-22 13:10:45,479 [org.apache.ratis.server.JvmPauseMonitor@1680b38d-Monitor] WARN  server.JvmPauseMonitor (JvmPauseMonitor.java:run(141)) - Detected pause in JVM or host machine (eg GC): pause of approximately 1ms
GC pool 'PS Scavenge' had collection(s): count=1 time=23ms
2020-12-22 13:10:45,602 [Command processor thread] INFO  impl.RaftServerProxy (RaftServerProxy.java:addNew(93)) - a9e5f8c8-f1d2-4256-bab8-e403c630398b: addNew group-197856EE50CC:[cfc7b2a2-0619-4c85-8419-784b4b9eda1c|rpc:172.17.0.2:40143, a9e5f8c8-f1d2-4256-bab8-e403c630398b|rpc:172.17.0.2:36741, d23545be-7951-4ced-9e1c-af6ad8e842b2|rpc:172.17.0.2:35453] returns group-197856EE50CC:java.util.concurrent.CompletableFuture@33619cfa[Not completed]
2020-12-22 13:10:45,613 [grpc-default-executor-1] INFO  metrics.RatisMetrics (RatisMetrics.java:lambda$create$0(36)) - Creating Metrics Registry : ratis.server_message_metrics.a9e5f8c8-f1d2-4256-bab8-e403c630398b
2020-12-22 13:10:45,613 [org.apache.ratis.server.JvmPauseMonitor@275e2ed5-Monitor] WARN  server.JvmPauseMonitor (JvmPauseMonitor.java:run(141)) - Detected pause in JVM or host machine (eg GC): pause of approximately 9ms
GC pool 'PS Scavenge' had collection(s): count=1 time=23ms
2020-12-22 13:10:45,615 [pool-82-thread-1] INFO  impl.RaftServerImpl (RaftServerImpl.java:<init>(121)) - a9e5f8c8-f1d2-4256-bab8-e403c630398b: new RaftServerImpl for group-197856EE50CC:[cfc7b2a2-0619-4c85-8419-784b4b9eda1c|rpc:172.17.0.2:40143, a9e5f8c8-f1d2-4256-bab8-e403c630398b|rpc:172.17.0.2:36741, d23545be-7951-4ced-9e1c-af6ad8e842b2|rpc:172.17.0.2:35453] with ContainerStateMachine:uninitialized
2020-12-22 13:10:45,619 [pool-82-thread-1] INFO  server.RaftServerConfigKeys (ConfUtils.java:logGet(44)) - raft.server.rpc.timeout.min = 1s (custom)
2020-12-22 13:10:45,619 [grpc-default-executor-0] INFO  metrics.RatisMetrics (RatisMetrics.java:lambda$create$0(36)) - Creating Metrics Registry : ratis.server_message_metrics.cfc7b2a2-0619-4c85-8419-784b4b9eda1c
2020-12-22 13:10:45,621 [pool-82-thread-1] INFO  server.RaftServerConfigKeys (ConfUtils.java:logGet(44)) - raft.server.rpc.timeout.max = 1200ms (custom)
2020-12-22 13:10:45,621 [pool-82-thread-1] INFO  server.RaftServerConfigKeys (ConfUtils.java:logGet(44)) - raft.server.rpc.slowness.timeout = 300000ms (custom)
2020-12-22 13:10:45,621 [pool-82-thread-1] INFO  server.RaftServerConfigKeys (ConfUtils.java:logGet(44)) - raft.server.leaderelection.leader.step-down.wait-time = 10s (default)
2020-12-22 13:10:45,621 [pool-82-thread-1] INFO  server.RaftServerConfigKeys (ConfUtils.java:logGet(44)) - raft.server.sleep.deviation.threshold = 300 (default)
2020-12-22 13:10:45,621 [pool-82-thread-1] INFO  server.RaftServerConfigKeys (ConfUtils.java:logGet(44)) - raft.server.log.appender.install.snapshot.enabled = false (custom)
2020-12-22 13:10:45,624 [pool-82-thread-1] INFO  impl.RaftServerImpl (ServerState.java:<init>(104)) - a9e5f8c8-f1d2-4256-bab8-e403c630398b@group-197856EE50CC: ConfigurationManager, init=-1: [cfc7b2a2-0619-4c85-8419-784b4b9eda1c|rpc:172.17.0.2:40143, a9e5f8c8-f1d2-4256-bab8-e403c630398b|rpc:172.17.0.2:36741, d23545be-7951-4ced-9e1c-af6ad8e842b2|rpc:172.17.0.2:35453], old=null, confs=<EMPTY_MAP>
2020-12-22 13:10:45,630 [pool-82-thread-1] INFO  server.RaftServerConfigKeys (ConfUtils.java:logGet(44)) - raft.server.storage.dir = [/github/workspace/mnt/ozone/hadoop-ozone/integration-test/target/test-dir/MiniOzoneClusterImpl-0c7722d3-6e51-44b5-a6be-ee21012bb99e/datanode-3/data/ratis] (custom)
2020-12-22 13:10:45,630 [pool-82-thread-1] INFO  server.RaftServerConfigKeys (ConfUtils.java:logGet(44)) - raft.server.log.corruption.policy = EXCEPTION (default)
2020-12-22 13:10:45,630 [pool-82-thread-1] INFO  storage.RaftStorageDirectory (RaftStorageDirectory.java:analyzeStorage(261)) - The storage directory /github/workspace/mnt/ozone/hadoop-ozone/integration-test/target/test-dir/MiniOzoneClusterImpl-0c7722d3-6e51-44b5-a6be-ee21012bb99e/datanode-3/data/ratis/b3d46aca-819d-4a28-9022-197856ee50cc does not exist. Creating ...
2020-12-22 13:10:45,631 [pool-82-thread-1] INFO  storage.RaftStorageDirectory (RaftStorageDirectory.java:tryLock(343)) - Lock on /github/workspace/mnt/ozone/hadoop-ozone/integration-test/target/test-dir/MiniOzoneClusterImpl-0c7722d3-6e51-44b5-a6be-ee21012bb99e/datanode-3/data/ratis/b3d46aca-819d-4a28-9022-197856ee50cc/in_use.lock acquired by nodename 399@60c1c0eb1cfd
2020-12-22 13:10:45,633 [pool-82-thread-1] INFO  storage.RaftStorage (RaftStorage.java:format(85)) - Storage directory /github/workspace/mnt/ozone/hadoop-ozone/integration-test/target/test-dir/MiniOzoneClusterImpl-0c7722d3-6e51-44b5-a6be-ee21012bb99e/datanode-3/data/ratis/b3d46aca-819d-4a28-9022-197856ee50cc has been successfully formatted.
2020-12-22 13:10:45,634 [pool-82-thread-1] INFO  ratis.ContainerStateMachine (ContainerStateMachine.java:loadSnapshot(225)) - group-197856EE50CC: The snapshot info is null. Setting the last applied indexto:(t:0, i:~)
2020-12-22 13:10:45,634 [pool-82-thread-1] INFO  server.RaftServerConfigKeys (ConfUtils.java:logGet(44)) - raft.server.notification.no-leader.timeout = 300000ms (custom)
2020-12-22 13:10:45,634 [pool-82-thread-1] INFO  server.RaftServerConfigKeys (ConfUtils.java:logGet(44)) - raft.server.log.use.memory = false (default)
2020-12-22 13:10:45,634 [pool-82-thread-1] INFO  server.RaftServerConfigKeys (ConfUtils.java:logGet(44)) - raft.server.log.purge.gap = 1000000 (custom)
2020-12-22 13:10:45,634 [pool-82-thread-1] INFO  metrics.RatisMetrics (RatisMetrics.java:lambda$create$0(36)) - Creating Metrics Registry : ratis.log_worker.a9e5f8c8-f1d2-4256-bab8-e403c630398b@group-197856EE50CC
2020-12-22 13:10:45,635 [pool-82-thread-1] INFO  server.RaftServerConfigKeys (ConfUtils.java:logGet(44)) - raft.server.log.appender.buffer.byte-limit = 33554432 (custom)
2020-12-22 13:10:45,635 [pool-82-thread-1] INFO  server.RaftServerConfigKeys (ConfUtils.java:logGet(44)) - raft.server.log.segment.size.max = 1048576 (custom)
2020-12-22 13:10:45,636 [grpc-default-executor-1] INFO  impl.RaftServerProxy (RaftServerProxy.java:addNew(93)) - a9e5f8c8-f1d2-4256-bab8-e403c630398b: addNew group-22EF2DA5B5E3:[630f7d82-7405-430a-acc4-3cca1d2988c7|rpc:172.17.0.2:39527|dataStream:, a9e5f8c8-f1d2-4256-bab8-e403c630398b|rpc:172.17.0.2:36741|dataStream:, d23545be-7951-4ced-9e1c-af6ad8e842b2|rpc:172.17.0.2:35453|dataStream:] returns group-22EF2DA5B5E3:java.util.concurrent.CompletableFuture@cbe7a31[Not completed]
2020-12-22 13:10:45,638 [pool-82-thread-1] INFO  server.RaftServerConfigKeys (ConfUtils.java:logGet(44)) - raft.server.log.segment.cache.num.max = 2 (custom)
2020-12-22 13:10:45,638 [pool-82-thread-1] INFO  segmented.SegmentedRaftLogWorker (SegmentedRaftLogWorker.java:<init>(180)) - new a9e5f8c8-f1d2-4256-bab8-e403c630398b@group-197856EE50CC-SegmentedRaftLogWorker for RaftStorage:Storage Directory /github/workspace/mnt/ozone/hadoop-ozone/integration-test/target/test-dir/MiniOzoneClusterImpl-0c7722d3-6e51-44b5-a6be-ee21012bb99e/datanode-3/data/ratis/b3d46aca-819d-4a28-9022-197856ee50cc
2020-12-22 13:10:45,638 [pool-82-thread-1] INFO  server.RaftServerConfigKeys (ConfUtils.java:logGet(44)) - raft.server.log.queue.byte-limit = 2147483647 (custom)
2020-12-22 13:10:45,643 [pool-82-thread-1] INFO  server.RaftServerConfigKeys (ConfUtils.java:logGet(44)) - raft.server.log.queue.element-limit = 1024 (custom)
2020-12-22 13:10:45,643 [pool-82-thread-1] INFO  server.RaftServerConfigKeys (ConfUtils.java:logGet(44)) - raft.server.log.segment.size.max = 1048576 (custom)
2020-12-22 13:10:45,644 [pool-82-thread-1] INFO  server.RaftServerConfigKeys (ConfUtils.java:logGet(44)) - raft.server.log.preallocated.size = 16384 (custom)
2020-12-22 13:10:45,644 [pool-82-thread-1] INFO  server.RaftServerConfigKeys (ConfUtils.java:logGet(44)) - raft.server.log.write.buffer.size = 1048576 (custom)
2020-12-22 13:10:45,644 [pool-82-thread-1] INFO  server.RaftServerConfigKeys (ConfUtils.java:logGet(44)) - raft.server.log.force.sync.num = 128 (default)
2020-12-22 13:10:45,644 [pool-82-thread-1] INFO  server.RaftServerConfigKeys (ConfUtils.java:logGet(44)) - raft.server.log.statemachine.data.sync = true (default)
2020-12-22 13:10:45,644 [pool-82-thread-1] INFO  server.RaftServerConfigKeys (ConfUtils.java:logGet(44)) - raft.server.log.statemachine.data.sync.timeout = 10s (default)
2020-12-22 13:10:45,644 [pool-82-thread-1] INFO  server.RaftServerConfigKeys (ConfUtils.java:logGet(44)) - raft.server.log.statemachine.data.sync.timeout.retry = -1 (default)
2020-12-22 13:10:45,646 [EventQueue-PipelineReportForOneReplicaPipelineSafeModeRule] INFO  safemode.SCMSafeModeManager (SCMSafeModeManager.java:validateSafeModeExitRules(214)) - AtleastOneDatanodeReportedRule rule is successfully validated
2020-12-22 13:10:45,651 [pool-82-thread-1] INFO  server.RaftServerConfigKeys (ConfUtils.java:logGet(44)) - raft.server.log.statemachine.data.caching.enabled = true (custom)
2020-12-22 13:10:45,651 [pool-82-thread-1] INFO  segmented.SegmentedRaftLogWorker (SegmentedRaftLogWorker.java:lambda$new$0(129)) - a9e5f8c8-f1d2-4256-bab8-e403c630398b@group-197856EE50CC-SegmentedRaftLogWorker: flushIndex: setUnconditionally 0 -> -1
2020-12-22 13:10:45,651 [pool-82-thread-1] INFO  segmented.SegmentedRaftLogWorker (SegmentedRaftLogWorker.java:lambda$new$0(129)) - a9e5f8c8-f1d2-4256-bab8-e403c630398b@group-197856EE50CC-SegmentedRaftLogWorker: safeCacheEvictIndex: setUnconditionally 0 -> -1
2020-12-22 13:10:45,654 [pool-82-thread-1] INFO  server.RaftServerConfigKeys (ConfUtils.java:logGet(44)) - raft.server.snapshot.auto.trigger.enabled = true (custom)
2020-12-22 13:10:45,654 [pool-82-thread-1] INFO  server.RaftServerConfigKeys (ConfUtils.java:logGet(44)) - raft.server.snapshot.auto.trigger.threshold = 10000 (custom)
2020-12-22 13:10:45,654 [pool-82-thread-1] INFO  server.RaftServerConfigKeys (ConfUtils.java:logGet(44)) - raft.server.snapshot.retention.file.num = 5 (custom)
2020-12-22 13:10:45,654 [pool-82-thread-1] INFO  server.RaftServerConfigKeys (ConfUtils.java:logGet(44)) - raft.server.log.purge.upto.snapshot.index = false (default)
2020-12-22 13:10:45,654 [pool-82-thread-1] INFO  server.RaftServerConfigKeys (ConfUtils.java:logGet(44)) - raft.server.retrycache.expirytime = 600000ms (custom)
2020-12-22 13:10:45,654 [pool-82-thread-1] INFO  metrics.RatisMetrics (RatisMetrics.java:lambda$create$0(36)) - Creating Metrics Registry : ratis.leader_election.a9e5f8c8-f1d2-4256-bab8-e403c630398b@group-197856EE50CC
2020-12-22 13:10:45,655 [pool-82-thread-1] INFO  metrics.RatisMetrics (RatisMetrics.java:lambda$create$0(36)) - Creating Metrics Registry : ratis.server.a9e5f8c8-f1d2-4256-bab8-e403c630398b@group-197856EE50CC
2020-12-22 13:10:45,657 [pool-82-thread-1] INFO  impl.RaftServerImpl (RaftServerImpl.java:<init>(121)) - a9e5f8c8-f1d2-4256-bab8-e403c630398b: new RaftServerImpl for group-22EF2DA5B5E3:[630f7d82-7405-430a-acc4-3cca1d2988c7|rpc:172.17.0.2:39527|dataStream:, a9e5f8c8-f1d2-4256-bab8-e403c630398b|rpc:172.17.0.2:36741|dataStream:, d23545be-7951-4ced-9e1c-af6ad8e842b2|rpc:172.17.0.2:35453|dataStream:] with ContainerStateMachine:uninitialized
2020-12-22 13:10:45,657 [pool-82-thread-1] INFO  server.RaftServerConfigKeys (ConfUtils.java:logGet(44)) - raft.server.rpc.timeout.min = 1s (custom)
2020-12-22 13:10:45,657 [pool-82-thread-1] INFO  server.RaftServerConfigKeys (ConfUtils.java:logGet(44)) - raft.server.rpc.timeout.max = 1200ms (custom)
2020-12-22 13:10:45,657 [pool-82-thread-1] INFO  server.RaftServerConfigKeys (ConfUtils.java:logGet(44)) - raft.server.rpc.slowness.timeout = 300000ms (custom)
2020-12-22 13:10:45,657 [pool-82-thread-1] INFO  server.RaftServerConfigKeys (ConfUtils.java:logGet(44)) - raft.server.leaderelection.leader.step-down.wait-time = 10s (default)
2020-12-22 13:10:45,657 [pool-82-thread-1] INFO  server.RaftServerConfigKeys (ConfUtils.java:logGet(44)) - raft.server.sleep.deviation.threshold = 300 (default)
2020-12-22 13:10:45,657 [pool-82-thread-1] INFO  server.RaftServerConfigKeys (ConfUtils.java:logGet(44)) - raft.server.log.appender.install.snapshot.enabled = false (custom)
2020-12-22 13:10:45,657 [pool-82-thread-1] INFO  impl.RaftServerImpl (ServerState.java:<init>(104)) - a9e5f8c8-f1d2-4256-bab8-e403c630398b@group-22EF2DA5B5E3: ConfigurationManager, init=-1: [630f7d82-7405-430a-acc4-3cca1d2988c7|rpc:172.17.0.2:39527|dataStream:, a9e5f8c8-f1d2-4256-bab8-e403c630398b|rpc:172.17.0.2:36741|dataStream:, d23545be-7951-4ced-9e1c-af6ad8e842b2|rpc:172.17.0.2:35453|dataStream:], old=null, confs=<EMPTY_MAP>
2020-12-22 13:10:45,674 [pool-82-thread-1] INFO  server.RaftServerConfigKeys (ConfUtils.java:logGet(44)) - raft.server.storage.dir = [/github/workspace/mnt/ozone/hadoop-ozone/integration-test/target/test-dir/MiniOzoneClusterImpl-0c7722d3-6e51-44b5-a6be-ee21012bb99e/datanode-3/data/ratis] (custom)
2020-12-22 13:10:45,675 [pool-82-thread-1] INFO  server.RaftServerConfigKeys (ConfUtils.java:logGet(44)) - raft.server.log.corruption.policy = EXCEPTION (default)
2020-12-22 13:10:45,675 [pool-82-thread-1] INFO  storage.RaftStorageDirectory (RaftStorageDirectory.java:analyzeStorage(261)) - The storage directory /github/workspace/mnt/ozone/hadoop-ozone/integration-test/target/test-dir/MiniOzoneClusterImpl-0c7722d3-6e51-44b5-a6be-ee21012bb99e/datanode-3/data/ratis/1db8be16-ed77-4592-8cde-22ef2da5b5e3 does not exist. Creating ...
2020-12-22 13:10:45,859 [org.apache.ratis.server.JvmPauseMonitor@624340ca-Monitor] WARN  server.JvmPauseMonitor (JvmPauseMonitor.java:run(141)) - Detected pause in JVM or host machine (eg GC): pause of approximately 17ms
GC pool 'PS MarkSweep' had collection(s): count=1 time=153ms
GC pool 'PS Scavenge' had collection(s): count=2 time=52ms
2020-12-22 13:10:45,859 [org.apache.ratis.server.JvmPauseMonitor@70a97a94-Monitor] WARN  server.JvmPauseMonitor (JvmPauseMonitor.java:run(141)) - Detected pause in JVM or host machine (eg GC): pause of approximately 33ms
GC pool 'PS MarkSweep' had collection(s): count=1 time=153ms
GC pool 'PS Scavenge' had collection(s): count=2 time=52ms
2020-12-22 13:10:45,860 [pool-82-thread-1] INFO  storage.RaftStorageDirectory (RaftStorageDirectory.java:tryLock(343)) - Lock on /github/workspace/mnt/ozone/hadoop-ozone/integration-test/target/test-dir/MiniOzoneClusterImpl-0c7722d3-6e51-44b5-a6be-ee21012bb99e/datanode-3/data/ratis/1db8be16-ed77-4592-8cde-22ef2da5b5e3/in_use.lock acquired by nodename 399@60c1c0eb1cfd
2020-12-22 13:10:45,861 [Command processor thread] INFO  impl.RaftServerProxy (RaftServerProxy.java:addNew(93)) - 9d743c2f-cc4c-4210-bd8b-cad00ce03aed: addNew group-6046657B8ADD:[9d743c2f-cc4c-4210-bd8b-cad00ce03aed|rpc:172.17.0.2:40485] returns group-6046657B8ADD:java.util.concurrent.CompletableFuture@664003e2[Not completed]
2020-12-22 13:10:45,888 [pool-82-thread-1] INFO  storage.RaftStorage (RaftStorage.java:format(85)) - Storage directory /github/workspace/mnt/ozone/hadoop-ozone/integration-test/target/test-dir/MiniOzoneClusterImpl-0c7722d3-6e51-44b5-a6be-ee21012bb99e/datanode-3/data/ratis/1db8be16-ed77-4592-8cde-22ef2da5b5e3 has been successfully formatted.
2020-12-22 13:10:45,890 [pool-97-thread-1] INFO  impl.RaftServerImpl (RaftServerImpl.java:<init>(121)) - 9d743c2f-cc4c-4210-bd8b-cad00ce03aed: new RaftServerImpl for group-6046657B8ADD:[9d743c2f-cc4c-4210-bd8b-cad00ce03aed|rpc:172.17.0.2:40485] with ContainerStateMachine:uninitialized
2020-12-22 13:10:45,894 [EventQueue-PipelineReportForOneReplicaPipelineSafeModeRule] INFO  safemode.SCMSafeModeManager (SCMSafeModeManager.java:validateSafeModeExitRules(214)) - AtleastOneDatanodeReportedRule rule is successfully validated
2020-12-22 13:10:45,893 [pool-82-thread-1] INFO  ratis.ContainerStateMachine (ContainerStateMachine.java:loadSnapshot(225)) - group-22EF2DA5B5E3: The snapshot info is null. Setting the last applied indexto:(t:0, i:~)
2020-12-22 13:10:45,905 [pool-97-thread-1] INFO  server.RaftServerConfigKeys (ConfUtils.java:logGet(44)) - raft.server.rpc.timeout.min = 1s (custom)
2020-12-22 13:10:45,905 [pool-82-thread-1] INFO  server.RaftServerConfigKeys (ConfUtils.java:logGet(44)) - raft.server.notification.no-leader.timeout = 300000ms (custom)
2020-12-22 13:10:45,905 [pool-82-thread-1] INFO  server.RaftServerConfigKeys (ConfUtils.java:logGet(44)) - raft.server.log.use.memory = false (default)
2020-12-22 13:10:45,905 [pool-82-thread-1] INFO  server.RaftServerConfigKeys (ConfUtils.java:logGet(44)) - raft.server.log.purge.gap = 1000000 (custom)
2020-12-22 13:10:45,905 [pool-82-thread-1] INFO  metrics.RatisMetrics (RatisMetrics.java:lambda$create$0(36)) - Creating Metrics Registry : ratis.log_worker.a9e5f8c8-f1d2-4256-bab8-e403c630398b@group-22EF2DA5B5E3
2020-12-22 13:10:45,905 [pool-82-thread-1] INFO  server.RaftServerConfigKeys (ConfUtils.java:logGet(44)) - raft.server.log.appender.buffer.byte-limit = 33554432 (custom)
2020-12-22 13:10:45,906 [pool-82-thread-1] INFO  server.RaftServerConfigKeys (ConfUtils.java:logGet(44)) - raft.server.log.segment.size.max = 1048576 (custom)
2020-12-22 13:10:45,906 [pool-82-thread-1] INFO  server.RaftServerConfigKeys (ConfUtils.java:logGet(44)) - raft.server.log.segment.cache.num.max = 2 (custom)
2020-12-22 13:10:45,906 [pool-82-thread-1] INFO  segmented.SegmentedRaftLogWorker (SegmentedRaftLogWorker.java:<init>(180)) - new a9e5f8c8-f1d2-4256-bab8-e403c630398b@group-22EF2DA5B5E3-SegmentedRaftLogWorker for RaftStorage:Storage Directory /github/workspace/mnt/ozone/hadoop-ozone/integration-test/target/test-dir/MiniOzoneClusterImpl-0c7722d3-6e51-44b5-a6be-ee21012bb99e/datanode-3/data/ratis/1db8be16-ed77-4592-8cde-22ef2da5b5e3
2020-12-22 13:10:45,906 [pool-82-thread-1] INFO  server.RaftServerConfigKeys (ConfUtils.java:logGet(44)) - raft.server.log.queue.byte-limit = 2147483647 (custom)
2020-12-22 13:10:45,906 [pool-82-thread-1] INFO  server.RaftServerConfigKeys (ConfUtils.java:logGet(44)) - raft.server.log.queue.element-limit = 1024 (custom)
2020-12-22 13:10:45,906 [pool-82-thread-1] INFO  server.RaftServerConfigKeys (ConfUtils.java:logGet(44)) - raft.server.log.segment.size.max = 1048576 (custom)
2020-12-22 13:10:45,907 [pool-82-thread-1] INFO  server.RaftServerConfigKeys (ConfUtils.java:logGet(44)) - raft.server.log.preallocated.size = 16384 (custom)
2020-12-22 13:10:45,907 [pool-82-thread-1] INFO  server.RaftServerConfigKeys (ConfUtils.java:logGet(44)) - raft.server.log.write.buffer.size = 1048576 (custom)
2020-12-22 13:10:45,907 [pool-82-thread-1] INFO  server.RaftServerConfigKeys (ConfUtils.java:logGet(44)) - raft.server.log.force.sync.num = 128 (default)
2020-12-22 13:10:45,907 [pool-82-thread-1] INFO  server.RaftServerConfigKeys (ConfUtils.java:logGet(44)) - raft.server.log.statemachine.data.sync = true (default)
2020-12-22 13:10:45,907 [pool-82-thread-1] INFO  server.RaftServerConfigKeys (ConfUtils.java:logGet(44)) - raft.server.log.statemachine.data.sync.timeout = 10s (default)
2020-12-22 13:10:45,907 [pool-82-thread-1] INFO  server.RaftServerConfigKeys (ConfUtils.java:logGet(44)) - raft.server.log.statemachine.data.sync.timeout.retry = -1 (default)
2020-12-22 13:10:45,905 [pool-97-thread-1] INFO  server.RaftServerConfigKeys (ConfUtils.java:logGet(44)) - raft.server.rpc.timeout.max = 1200ms (custom)
2020-12-22 13:10:45,909 [pool-97-thread-1] INFO  server.RaftServerConfigKeys (ConfUtils.java:logGet(44)) - raft.server.rpc.slowness.timeout = 300000ms (custom)
2020-12-22 13:10:45,909 [pool-97-thread-1] INFO  server.RaftServerConfigKeys (ConfUtils.java:logGet(44)) - raft.server.leaderelection.leader.step-down.wait-time = 10s (default)
2020-12-22 13:10:45,909 [pool-82-thread-1] INFO  server.RaftServerConfigKeys (ConfUtils.java:logGet(44)) - raft.server.log.statemachine.data.caching.enabled = true (custom)
2020-12-22 13:10:45,909 [pool-97-thread-1] INFO  server.RaftServerConfigKeys (ConfUtils.java:logGet(44)) - raft.server.sleep.deviation.threshold = 300 (default)
2020-12-22 13:10:45,915 [pool-97-thread-1] INFO  server.RaftServerConfigKeys (ConfUtils.java:logGet(44)) - raft.server.log.appender.install.snapshot.enabled = false (custom)
2020-12-22 13:10:45,915 [pool-97-thread-1] INFO  impl.RaftServerImpl (ServerState.java:<init>(104)) - 9d743c2f-cc4c-4210-bd8b-cad00ce03aed@group-6046657B8ADD: ConfigurationManager, init=-1: [9d743c2f-cc4c-4210-bd8b-cad00ce03aed|rpc:172.17.0.2:40485], old=null, confs=<EMPTY_MAP>
2020-12-22 13:10:45,915 [pool-97-thread-1] INFO  server.RaftServerConfigKeys (ConfUtils.java:logGet(44)) - raft.server.storage.dir = [/github/workspace/mnt/ozone/hadoop-ozone/integration-test/target/test-dir/MiniOzoneClusterImpl-0c7722d3-6e51-44b5-a6be-ee21012bb99e/datanode-4/data/ratis] (custom)
2020-12-22 13:10:45,915 [pool-97-thread-1] INFO  server.RaftServerConfigKeys (ConfUtils.java:logGet(44)) - raft.server.log.corruption.policy = EXCEPTION (default)
2020-12-22 13:10:45,915 [pool-97-thread-1] INFO  storage.RaftStorageDirectory (RaftStorageDirectory.java:analyzeStorage(261)) - The storage directory /github/workspace/mnt/ozone/hadoop-ozone/integration-test/target/test-dir/MiniOzoneClusterImpl-0c7722d3-6e51-44b5-a6be-ee21012bb99e/datanode-4/data/ratis/5f3e7721-2f86-4e0b-892d-6046657b8add does not exist. Creating ...
2020-12-22 13:10:45,918 [pool-82-thread-1] INFO  segmented.SegmentedRaftLogWorker (SegmentedRaftLogWorker.java:lambda$new$0(129)) - a9e5f8c8-f1d2-4256-bab8-e403c630398b@group-22EF2DA5B5E3-SegmentedRaftLogWorker: flushIndex: setUnconditionally 0 -> -1
2020-12-22 13:10:45,922 [EventQueue-PipelineReportForOneReplicaPipelineSafeModeRule] INFO  safemode.SCMSafeModeManager (SCMSafeModeManager.java:validateSafeModeExitRules(214)) - AtleastOneDatanodeReportedRule rule is successfully validated
2020-12-22 13:10:45,919 [pool-97-thread-1] INFO  storage.RaftStorageDirectory (RaftStorageDirectory.java:tryLock(343)) - Lock on /github/workspace/mnt/ozone/hadoop-ozone/integration-test/target/test-dir/MiniOzoneClusterImpl-0c7722d3-6e51-44b5-a6be-ee21012bb99e/datanode-4/data/ratis/5f3e7721-2f86-4e0b-892d-6046657b8add/in_use.lock acquired by nodename 399@60c1c0eb1cfd
2020-12-22 13:10:45,923 [pool-82-thread-1] INFO  segmented.SegmentedRaftLogWorker (SegmentedRaftLogWorker.java:lambda$new$0(129)) - a9e5f8c8-f1d2-4256-bab8-e403c630398b@group-22EF2DA5B5E3-SegmentedRaftLogWorker: safeCacheEvictIndex: setUnconditionally 0 -> -1
2020-12-22 13:10:45,925 [pool-97-thread-1] INFO  storage.RaftStorage (RaftStorage.java:format(85)) - Storage directory /github/workspace/mnt/ozone/hadoop-ozone/integration-test/target/test-dir/MiniOzoneClusterImpl-0c7722d3-6e51-44b5-a6be-ee21012bb99e/datanode-4/data/ratis/5f3e7721-2f86-4e0b-892d-6046657b8add has been successfully formatted.
2020-12-22 13:10:45,934 [pool-82-thread-1] INFO  server.RaftServerConfigKeys (ConfUtils.java:logGet(44)) - raft.server.snapshot.auto.trigger.enabled = true (custom)
2020-12-22 13:10:45,934 [pool-82-thread-1] INFO  server.RaftServerConfigKeys (ConfUtils.java:logGet(44)) - raft.server.snapshot.auto.trigger.threshold = 10000 (custom)
2020-12-22 13:10:45,934 [pool-82-thread-1] INFO  server.RaftServerConfigKeys (ConfUtils.java:logGet(44)) - raft.server.snapshot.retention.file.num = 5 (custom)
2020-12-22 13:10:45,934 [pool-82-thread-1] INFO  server.RaftServerConfigKeys (ConfUtils.java:logGet(44)) - raft.server.log.purge.upto.snapshot.index = false (default)
2020-12-22 13:10:45,935 [pool-97-thread-1] INFO  ratis.ContainerStateMachine (ContainerStateMachine.java:loadSnapshot(225)) - group-6046657B8ADD: The snapshot info is null. Setting the last applied indexto:(t:0, i:~)
2020-12-22 13:10:45,935 [pool-97-thread-1] INFO  server.RaftServerConfigKeys (ConfUtils.java:logGet(44)) - raft.server.notification.no-leader.timeout = 300000ms (custom)
2020-12-22 13:10:45,935 [pool-97-thread-1] INFO  server.RaftServerConfigKeys (ConfUtils.java:logGet(44)) - raft.server.log.use.memory = false (default)
2020-12-22 13:10:45,935 [pool-97-thread-1] INFO  server.RaftServerConfigKeys (ConfUtils.java:logGet(44)) - raft.server.log.purge.gap = 1000000 (custom)
2020-12-22 13:10:45,935 [pool-97-thread-1] INFO  metrics.RatisMetrics (RatisMetrics.java:lambda$create$0(36)) - Creating Metrics Registry : ratis.log_worker.9d743c2f-cc4c-4210-bd8b-cad00ce03aed@group-6046657B8ADD
2020-12-22 13:10:45,936 [pool-82-thread-1] INFO  server.RaftServerConfigKeys (ConfUtils.java:logGet(44)) - raft.server.retrycache.expirytime = 600000ms (custom)
2020-12-22 13:10:45,936 [pool-82-thread-1] INFO  metrics.RatisMetrics (RatisMetrics.java:lambda$create$0(36)) - Creating Metrics Registry : ratis.leader_election.a9e5f8c8-f1d2-4256-bab8-e403c630398b@group-22EF2DA5B5E3
2020-12-22 13:10:45,937 [pool-82-thread-1] INFO  metrics.RatisMetrics (RatisMetrics.java:lambda$create$0(36)) - Creating Metrics Registry : ratis.server.a9e5f8c8-f1d2-4256-bab8-e403c630398b@group-22EF2DA5B5E3
2020-12-22 13:10:45,941 [EventQueue-PipelineReportForOneReplicaPipelineSafeModeRule] INFO  safemode.SCMSafeModeManager (SCMSafeModeManager.java:validateSafeModeExitRules(214)) - AtleastOneDatanodeReportedRule rule is successfully validated
2020-12-22 13:10:45,941 [EventQueue-PipelineReportForPipelineReportHandler] INFO  pipeline.PipelineStateManager (PipelineStateManager.java:openPipeline(132)) - Pipeline Pipeline[ Id: 5f3e7721-2f86-4e0b-892d-6046657b8add, Nodes: 9d743c2f-cc4c-4210-bd8b-cad00ce03aed{ip: 172.17.0.2, host: 60c1c0eb1cfd, networkLocation: /rack1, certSerialId: null, persistedOpState: IN_SERVICE, persistedOpStateExpiryEpochSec: 0}, Type:RATIS, Factor:ONE, State:ALLOCATED, leaderId:9d743c2f-cc4c-4210-bd8b-cad00ce03aed, CreationTimestamp2020-12-22T13:10:42.835Z] moved to OPEN state
2020-12-22 13:10:45,942 [EventQueue-OpenPipelineForHealthyPipelineSafeModeRule] INFO  safemode.SCMSafeModeManager (HealthyPipelineSafeModeRule.java:process(128)) - SCM in safe mode. Healthy pipelines reported count is 0, required healthy pipeline reported count is 1
2020-12-22 13:10:45,942 [pool-82-thread-1] INFO  impl.RaftServerImpl (RaftServerImpl.java:start(215)) - a9e5f8c8-f1d2-4256-bab8-e403c630398b@group-197856EE50CC: start as a follower, conf=-1: [cfc7b2a2-0619-4c85-8419-784b4b9eda1c|rpc:172.17.0.2:40143, a9e5f8c8-f1d2-4256-bab8-e403c630398b|rpc:172.17.0.2:36741, d23545be-7951-4ced-9e1c-af6ad8e842b2|rpc:172.17.0.2:35453], old=null
2020-12-22 13:10:45,946 [pool-97-thread-1] INFO  server.RaftServerConfigKeys (ConfUtils.java:logGet(44)) - raft.server.log.appender.buffer.byte-limit = 33554432 (custom)
2020-12-22 13:10:45,948 [pool-97-thread-1] INFO  server.RaftServerConfigKeys (ConfUtils.java:logGet(44)) - raft.server.log.segment.size.max = 1048576 (custom)
2020-12-22 13:10:45,949 [pool-97-thread-1] INFO  server.RaftServerConfigKeys (ConfUtils.java:logGet(44)) - raft.server.log.segment.cache.num.max = 2 (custom)
2020-12-22 13:10:45,949 [pool-97-thread-1] INFO  segmented.SegmentedRaftLogWorker (SegmentedRaftLogWorker.java:<init>(180)) - new 9d743c2f-cc4c-4210-bd8b-cad00ce03aed@group-6046657B8ADD-SegmentedRaftLogWorker for RaftStorage:Storage Directory /github/workspace/mnt/ozone/hadoop-ozone/integration-test/target/test-dir/MiniOzoneClusterImpl-0c7722d3-6e51-44b5-a6be-ee21012bb99e/datanode-4/data/ratis/5f3e7721-2f86-4e0b-892d-6046657b8add
2020-12-22 13:10:45,949 [pool-97-thread-1] INFO  server.RaftServerConfigKeys (ConfUtils.java:logGet(44)) - raft.server.log.queue.byte-limit = 2147483647 (custom)
2020-12-22 13:10:45,949 [pool-97-thread-1] INFO  server.RaftServerConfigKeys (ConfUtils.java:logGet(44)) - raft.server.log.queue.element-limit = 1024 (custom)
2020-12-22 13:10:45,949 [pool-97-thread-1] INFO  server.RaftServerConfigKeys (ConfUtils.java:logGet(44)) - raft.server.log.segment.size.max = 1048576 (custom)
2020-12-22 13:10:45,949 [pool-97-thread-1] INFO  server.RaftServerConfigKeys (ConfUtils.java:logGet(44)) - raft.server.log.preallocated.size = 16384 (custom)
2020-12-22 13:10:45,949 [pool-97-thread-1] INFO  server.RaftServerConfigKeys (ConfUtils.java:logGet(44)) - raft.server.log.write.buffer.size = 1048576 (custom)
2020-12-22 13:10:45,949 [pool-97-thread-1] INFO  server.RaftServerConfigKeys (ConfUtils.java:logGet(44)) - raft.server.log.force.sync.num = 128 (default)
2020-12-22 13:10:45,949 [pool-97-thread-1] INFO  server.RaftServerConfigKeys (ConfUtils.java:logGet(44)) - raft.server.log.statemachine.data.sync = true (default)
2020-12-22 13:10:45,949 [pool-97-thread-1] INFO  server.RaftServerConfigKeys (ConfUtils.java:logGet(44)) - raft.server.log.statemachine.data.sync.timeout = 10s (default)
2020-12-22 13:10:45,949 [pool-97-thread-1] INFO  server.RaftServerConfigKeys (ConfUtils.java:logGet(44)) - raft.server.log.statemachine.data.sync.timeout.retry = -1 (default)
2020-12-22 13:10:45,951 [Command processor thread] INFO  metrics.RatisMetrics (RatisMetrics.java:lambda$create$0(36)) - Creating Metrics Registry : ratis.client_message_metrics.client-A4F473FAF84B->a9e5f8c8-f1d2-4256-bab8-e403c630398b
2020-12-22 13:10:45,952 [pool-97-thread-1] INFO  server.RaftServerConfigKeys (ConfUtils.java:logGet(44)) - raft.server.log.statemachine.data.caching.enabled = true (custom)
2020-12-22 13:10:45,953 [pool-97-thread-1] INFO  segmented.SegmentedRaftLogWorker (SegmentedRaftLogWorker.java:lambda$new$0(129)) - 9d743c2f-cc4c-4210-bd8b-cad00ce03aed@group-6046657B8ADD-SegmentedRaftLogWorker: flushIndex: setUnconditionally 0 -> -1
2020-12-22 13:10:45,953 [pool-97-thread-1] INFO  segmented.SegmentedRaftLogWorker (SegmentedRaftLogWorker.java:lambda$new$0(129)) - 9d743c2f-cc4c-4210-bd8b-cad00ce03aed@group-6046657B8ADD-SegmentedRaftLogWorker: safeCacheEvictIndex: setUnconditionally 0 -> -1
2020-12-22 13:10:45,954 [Command processor thread] INFO  metrics.RatisMetrics (RatisMetrics.java:lambda$create$0(36)) - Creating Metrics Registry : ratis.client_message_metrics.client-DBF3BD825207->d23545be-7951-4ced-9e1c-af6ad8e842b2
2020-12-22 13:10:45,948 [pool-82-thread-1] INFO  impl.RaftServerImpl (RaftServerImpl.java:setRole(204)) - a9e5f8c8-f1d2-4256-bab8-e403c630398b@group-197856EE50CC: changes role from      null to FOLLOWER at term 0 for startAsFollower
2020-12-22 13:10:45,957 [pool-97-thread-1] INFO  server.RaftServerConfigKeys (ConfUtils.java:logGet(44)) - raft.server.snapshot.auto.trigger.enabled = true (custom)
2020-12-22 13:10:45,957 [pool-97-thread-1] INFO  server.RaftServerConfigKeys (ConfUtils.java:logGet(44)) - raft.server.snapshot.auto.trigger.threshold = 10000 (custom)
2020-12-22 13:10:45,957 [pool-97-thread-1] INFO  server.RaftServerConfigKeys (ConfUtils.java:logGet(44)) - raft.server.snapshot.retention.file.num = 5 (custom)
2020-12-22 13:10:45,957 [pool-97-thread-1] INFO  server.RaftServerConfigKeys (ConfUtils.java:logGet(44)) - raft.server.log.purge.upto.snapshot.index = false (default)
2020-12-22 13:10:45,957 [pool-97-thread-1] INFO  server.RaftServerConfigKeys (ConfUtils.java:logGet(44)) - raft.server.retrycache.expirytime = 600000ms (custom)
2020-12-22 13:10:45,957 [pool-97-thread-1] INFO  metrics.RatisMetrics (RatisMetrics.java:lambda$create$0(36)) - Creating Metrics Registry : ratis.leader_election.9d743c2f-cc4c-4210-bd8b-cad00ce03aed@group-6046657B8ADD
2020-12-22 13:10:45,958 [pool-82-thread-1] INFO  impl.RoleInfo (RoleInfo.java:updateAndGet(143)) - a9e5f8c8-f1d2-4256-bab8-e403c630398b: start a9e5f8c8-f1d2-4256-bab8-e403c630398b@group-197856EE50CC-FollowerState
2020-12-22 13:10:45,962 [pool-97-thread-1] INFO  metrics.RatisMetrics (RatisMetrics.java:lambda$create$0(36)) - Creating Metrics Registry : ratis.server.9d743c2f-cc4c-4210-bd8b-cad00ce03aed@group-6046657B8ADD
2020-12-22 13:10:45,963 [pool-97-thread-1] INFO  impl.RaftServerImpl (RaftServerImpl.java:start(215)) - 9d743c2f-cc4c-4210-bd8b-cad00ce03aed@group-6046657B8ADD: start as a follower, conf=-1: [9d743c2f-cc4c-4210-bd8b-cad00ce03aed|rpc:172.17.0.2:40485], old=null
2020-12-22 13:10:45,963 [pool-97-thread-1] INFO  impl.RaftServerImpl (RaftServerImpl.java:setRole(204)) - 9d743c2f-cc4c-4210-bd8b-cad00ce03aed@group-6046657B8ADD: changes role from      null to FOLLOWER at term 0 for startAsFollower
2020-12-22 13:10:45,963 [pool-97-thread-1] INFO  impl.RoleInfo (RoleInfo.java:updateAndGet(143)) - 9d743c2f-cc4c-4210-bd8b-cad00ce03aed: start 9d743c2f-cc4c-4210-bd8b-cad00ce03aed@group-6046657B8ADD-FollowerState
2020-12-22 13:10:45,965 [pool-97-thread-1] INFO  util.JmxRegister (JmxRegister.java:tryRegister(44)) - Successfully registered JMX Bean with object name Ratis:service=RaftServer,group=group-6046657B8ADD,id=9d743c2f-cc4c-4210-bd8b-cad00ce03aed
2020-12-22 13:10:45,965 [pool-97-thread-1] INFO  metrics.RatisMetrics (RatisMetrics.java:lambda$create$0(36)) - Creating Metrics Registry : ratis.state_machine.9d743c2f-cc4c-4210-bd8b-cad00ce03aed@group-6046657B8ADD
2020-12-22 13:10:45,966 [pool-82-thread-1] INFO  util.JmxRegister (JmxRegister.java:tryRegister(44)) - Successfully registered JMX Bean with object name Ratis:service=RaftServer,group=group-197856EE50CC,id=a9e5f8c8-f1d2-4256-bab8-e403c630398b
2020-12-22 13:10:45,966 [pool-82-thread-1] INFO  metrics.RatisMetrics (RatisMetrics.java:lambda$create$0(36)) - Creating Metrics Registry : ratis.state_machine.a9e5f8c8-f1d2-4256-bab8-e403c630398b@group-197856EE50CC
2020-12-22 13:10:45,967 [pool-82-thread-1] INFO  impl.RaftServerImpl (RaftServerImpl.java:start(215)) - a9e5f8c8-f1d2-4256-bab8-e403c630398b@group-22EF2DA5B5E3: start as a follower, conf=-1: [630f7d82-7405-430a-acc4-3cca1d2988c7|rpc:172.17.0.2:39527|dataStream:, a9e5f8c8-f1d2-4256-bab8-e403c630398b|rpc:172.17.0.2:36741|dataStream:, d23545be-7951-4ced-9e1c-af6ad8e842b2|rpc:172.17.0.2:35453|dataStream:], old=null
2020-12-22 13:10:45,967 [pool-82-thread-1] INFO  impl.RaftServerImpl (RaftServerImpl.java:setRole(204)) - a9e5f8c8-f1d2-4256-bab8-e403c630398b@group-22EF2DA5B5E3: changes role from      null to FOLLOWER at term 0 for startAsFollower
2020-12-22 13:10:45,967 [pool-82-thread-1] INFO  impl.RoleInfo (RoleInfo.java:updateAndGet(143)) - a9e5f8c8-f1d2-4256-bab8-e403c630398b: start a9e5f8c8-f1d2-4256-bab8-e403c630398b@group-22EF2DA5B5E3-FollowerState
2020-12-22 13:10:45,969 [Command processor thread] INFO  metrics.RatisMetrics (RatisMetrics.java:lambda$create$0(36)) - Creating Metrics Registry : ratis.client_message_metrics.client-07FA4A49E9BE->cfc7b2a2-0619-4c85-8419-784b4b9eda1c
2020-12-22 13:10:45,972 [pool-82-thread-1] INFO  util.JmxRegister (JmxRegister.java:tryRegister(44)) - Successfully registered JMX Bean with object name Ratis:service=RaftServer,group=group-22EF2DA5B5E3,id=a9e5f8c8-f1d2-4256-bab8-e403c630398b
2020-12-22 13:10:45,972 [pool-82-thread-1] INFO  metrics.RatisMetrics (RatisMetrics.java:lambda$create$0(36)) - Creating Metrics Registry : ratis.state_machine.a9e5f8c8-f1d2-4256-bab8-e403c630398b@group-22EF2DA5B5E3
2020-12-22 13:10:45,965 [Command processor thread] INFO  commandhandler.CreatePipelineCommandHandler (CreatePipelineCommandHandler.java:handle(106)) - Created Pipeline RATIS ONE PipelineID=5f3e7721-2f86-4e0b-892d-6046657b8add.
2020-12-22 13:10:45,979 [Command processor thread] INFO  impl.RaftServerProxy (RaftServerProxy.java:addNew(93)) - 9d743c2f-cc4c-4210-bd8b-cad00ce03aed: addNew group-DA5D408C537E:[0b95e776-5e46-4213-b3c0-ade9dce9a7dd|rpc:172.17.0.2:38657, 3b8ab88f-c5e9-42ae-b9d6-c186578cc1d3|rpc:172.17.0.2:46551, 9d743c2f-cc4c-4210-bd8b-cad00ce03aed|rpc:172.17.0.2:40485] returns group-DA5D408C537E:java.util.concurrent.CompletableFuture@627f9bf2[Not completed]
2020-12-22 13:10:45,980 [pool-97-thread-1] INFO  impl.RaftServerImpl (RaftServerImpl.java:<init>(121)) - 9d743c2f-cc4c-4210-bd8b-cad00ce03aed: new RaftServerImpl for group-DA5D408C537E:[0b95e776-5e46-4213-b3c0-ade9dce9a7dd|rpc:172.17.0.2:38657, 3b8ab88f-c5e9-42ae-b9d6-c186578cc1d3|rpc:172.17.0.2:46551, 9d743c2f-cc4c-4210-bd8b-cad00ce03aed|rpc:172.17.0.2:40485] with ContainerStateMachine:uninitialized
2020-12-22 13:10:45,980 [pool-97-thread-1] INFO  server.RaftServerConfigKeys (ConfUtils.java:logGet(44)) - raft.server.rpc.timeout.min = 1s (custom)
2020-12-22 13:10:45,980 [pool-97-thread-1] INFO  server.RaftServerConfigKeys (ConfUtils.java:logGet(44)) - raft.server.rpc.timeout.max = 1200ms (custom)
2020-12-22 13:10:45,980 [pool-97-thread-1] INFO  server.RaftServerConfigKeys (ConfUtils.java:logGet(44)) - raft.server.rpc.slowness.timeout = 300000ms (custom)
2020-12-22 13:10:45,980 [pool-97-thread-1] INFO  server.RaftServerConfigKeys (ConfUtils.java:logGet(44)) - raft.server.leaderelection.leader.step-down.wait-time = 10s (default)
2020-12-22 13:10:45,981 [pool-97-thread-1] INFO  server.RaftServerConfigKeys (ConfUtils.java:logGet(44)) - raft.server.sleep.deviation.threshold = 300 (default)
2020-12-22 13:10:45,981 [pool-97-thread-1] INFO  server.RaftServerConfigKeys (ConfUtils.java:logGet(44)) - raft.server.log.appender.install.snapshot.enabled = false (custom)
2020-12-22 13:10:45,981 [pool-97-thread-1] INFO  impl.RaftServerImpl (ServerState.java:<init>(104)) - 9d743c2f-cc4c-4210-bd8b-cad00ce03aed@group-DA5D408C537E: ConfigurationManager, init=-1: [0b95e776-5e46-4213-b3c0-ade9dce9a7dd|rpc:172.17.0.2:38657, 3b8ab88f-c5e9-42ae-b9d6-c186578cc1d3|rpc:172.17.0.2:46551, 9d743c2f-cc4c-4210-bd8b-cad00ce03aed|rpc:172.17.0.2:40485], old=null, confs=<EMPTY_MAP>
2020-12-22 13:10:45,981 [pool-97-thread-1] INFO  server.RaftServerConfigKeys (ConfUtils.java:logGet(44)) - raft.server.storage.dir = [/github/workspace/mnt/ozone/hadoop-ozone/integration-test/target/test-dir/MiniOzoneClusterImpl-0c7722d3-6e51-44b5-a6be-ee21012bb99e/datanode-4/data/ratis] (custom)
2020-12-22 13:10:45,981 [pool-97-thread-1] INFO  server.RaftServerConfigKeys (ConfUtils.java:logGet(44)) - raft.server.log.corruption.policy = EXCEPTION (default)
2020-12-22 13:10:45,981 [pool-97-thread-1] INFO  storage.RaftStorageDirectory (RaftStorageDirectory.java:analyzeStorage(261)) - The storage directory /github/workspace/mnt/ozone/hadoop-ozone/integration-test/target/test-dir/MiniOzoneClusterImpl-0c7722d3-6e51-44b5-a6be-ee21012bb99e/datanode-4/data/ratis/9e6701bb-3dba-4d25-a765-da5d408c537e does not exist. Creating ...
2020-12-22 13:10:45,981 [org.apache.ratis.server.JvmPauseMonitor@1680b38d-Monitor] WARN  server.JvmPauseMonitor (JvmPauseMonitor.java:run(141)) - Detected pause in JVM or host machine (eg GC): pause of approximately 2ms
GC pool 'PS MarkSweep' had collection(s): count=1 time=153ms
GC pool 'PS Scavenge' had collection(s): count=2 time=52ms
2020-12-22 13:10:45,982 [org.apache.ratis.server.JvmPauseMonitor@615e233a-Monitor] WARN  server.JvmPauseMonitor (JvmPauseMonitor.java:run(141)) - Detected pause in JVM or host machine (eg GC): pause of approximately 2ms
GC pool 'PS MarkSweep' had collection(s): count=1 time=153ms
GC pool 'PS Scavenge' had collection(s): count=2 time=52ms
2020-12-22 13:10:45,986 [pool-97-thread-1] INFO  storage.RaftStorageDirectory (RaftStorageDirectory.java:tryLock(343)) - Lock on /github/workspace/mnt/ozone/hadoop-ozone/integration-test/target/test-dir/MiniOzoneClusterImpl-0c7722d3-6e51-44b5-a6be-ee21012bb99e/datanode-4/data/ratis/9e6701bb-3dba-4d25-a765-da5d408c537e/in_use.lock acquired by nodename 399@60c1c0eb1cfd
2020-12-22 13:10:45,994 [pool-97-thread-1] INFO  storage.RaftStorage (RaftStorage.java:format(85)) - Storage directory /github/workspace/mnt/ozone/hadoop-ozone/integration-test/target/test-dir/MiniOzoneClusterImpl-0c7722d3-6e51-44b5-a6be-ee21012bb99e/datanode-4/data/ratis/9e6701bb-3dba-4d25-a765-da5d408c537e has been successfully formatted.
2020-12-22 13:10:45,995 [pool-97-thread-1] INFO  ratis.ContainerStateMachine (ContainerStateMachine.java:loadSnapshot(225)) - group-DA5D408C537E: The snapshot info is null. Setting the last applied indexto:(t:0, i:~)
2020-12-22 13:10:45,995 [pool-97-thread-1] INFO  server.RaftServerConfigKeys (ConfUtils.java:logGet(44)) - raft.server.notification.no-leader.timeout = 300000ms (custom)
2020-12-22 13:10:45,995 [pool-97-thread-1] INFO  server.RaftServerConfigKeys (ConfUtils.java:logGet(44)) - raft.server.log.use.memory = false (default)
2020-12-22 13:10:45,995 [pool-97-thread-1] INFO  server.RaftServerConfigKeys (ConfUtils.java:logGet(44)) - raft.server.log.purge.gap = 1000000 (custom)
2020-12-22 13:10:45,995 [pool-97-thread-1] INFO  metrics.RatisMetrics (RatisMetrics.java:lambda$create$0(36)) - Creating Metrics Registry : ratis.log_worker.9d743c2f-cc4c-4210-bd8b-cad00ce03aed@group-DA5D408C537E
2020-12-22 13:10:45,995 [pool-97-thread-1] INFO  server.RaftServerConfigKeys (ConfUtils.java:logGet(44)) - raft.server.log.appender.buffer.byte-limit = 33554432 (custom)
2020-12-22 13:10:45,995 [pool-97-thread-1] INFO  server.RaftServerConfigKeys (ConfUtils.java:logGet(44)) - raft.server.log.segment.size.max = 1048576 (custom)
2020-12-22 13:10:45,996 [pool-97-thread-1] INFO  server.RaftServerConfigKeys (ConfUtils.java:logGet(44)) - raft.server.log.segment.cache.num.max = 2 (custom)
2020-12-22 13:10:45,996 [pool-97-thread-1] INFO  segmented.SegmentedRaftLogWorker (SegmentedRaftLogWorker.java:<init>(180)) - new 9d743c2f-cc4c-4210-bd8b-cad00ce03aed@group-DA5D408C537E-SegmentedRaftLogWorker for RaftStorage:Storage Directory /github/workspace/mnt/ozone/hadoop-ozone/integration-test/target/test-dir/MiniOzoneClusterImpl-0c7722d3-6e51-44b5-a6be-ee21012bb99e/datanode-4/data/ratis/9e6701bb-3dba-4d25-a765-da5d408c537e
2020-12-22 13:10:45,996 [pool-97-thread-1] INFO  server.RaftServerConfigKeys (ConfUtils.java:logGet(44)) - raft.server.log.queue.byte-limit = 2147483647 (custom)
2020-12-22 13:10:45,996 [pool-97-thread-1] INFO  server.RaftServerConfigKeys (ConfUtils.java:logGet(44)) - raft.server.log.queue.element-limit = 1024 (custom)
2020-12-22 13:10:45,996 [pool-97-thread-1] INFO  server.RaftServerConfigKeys (ConfUtils.java:logGet(44)) - raft.server.log.segment.size.max = 1048576 (custom)
2020-12-22 13:10:45,996 [pool-97-thread-1] INFO  server.RaftServerConfigKeys (ConfUtils.java:logGet(44)) - raft.server.log.preallocated.size = 16384 (custom)
2020-12-22 13:10:45,996 [pool-97-thread-1] INFO  server.RaftServerConfigKeys (ConfUtils.java:logGet(44)) - raft.server.log.write.buffer.size = 1048576 (custom)
2020-12-22 13:10:45,996 [pool-97-thread-1] INFO  server.RaftServerConfigKeys (ConfUtils.java:logGet(44)) - raft.server.log.force.sync.num = 128 (default)
2020-12-22 13:10:45,997 [pool-97-thread-1] INFO  server.RaftServerConfigKeys (ConfUtils.java:logGet(44)) - raft.server.log.statemachine.data.sync = true (default)
2020-12-22 13:10:45,997 [pool-97-thread-1] INFO  server.RaftServerConfigKeys (ConfUtils.java:logGet(44)) - raft.server.log.statemachine.data.sync.timeout = 10s (default)
2020-12-22 13:10:45,997 [pool-97-thread-1] INFO  server.RaftServerConfigKeys (ConfUtils.java:logGet(44)) - raft.server.log.statemachine.data.sync.timeout.retry = -1 (default)
2020-12-22 13:10:45,999 [grpc-default-executor-2] INFO  metrics.RatisMetrics (RatisMetrics.java:lambda$create$0(36)) - Creating Metrics Registry : ratis.server_message_metrics.d23545be-7951-4ced-9e1c-af6ad8e842b2
2020-12-22 13:10:46,005 [EventQueue-OpenPipelineForHealthyPipelineSafeModeRule] INFO  safemode.SCMSafeModeManager (HealthyPipelineSafeModeRule.java:process(128)) - SCM in safe mode. Healthy pipelines reported count is 0, required healthy pipeline reported count is 1
2020-12-22 13:10:46,005 [pool-97-thread-1] INFO  server.RaftServerConfigKeys (ConfUtils.java:logGet(44)) - raft.server.log.statemachine.data.caching.enabled = true (custom)
2020-12-22 13:10:46,005 [pool-97-thread-1] INFO  segmented.SegmentedRaftLogWorker (SegmentedRaftLogWorker.java:lambda$new$0(129)) - 9d743c2f-cc4c-4210-bd8b-cad00ce03aed@group-DA5D408C537E-SegmentedRaftLogWorker: flushIndex: setUnconditionally 0 -> -1
2020-12-22 13:10:46,005 [pool-97-thread-1] INFO  segmented.SegmentedRaftLogWorker (SegmentedRaftLogWorker.java:lambda$new$0(129)) - 9d743c2f-cc4c-4210-bd8b-cad00ce03aed@group-DA5D408C537E-SegmentedRaftLogWorker: safeCacheEvictIndex: setUnconditionally 0 -> -1
2020-12-22 13:10:46,006 [EventQueue-PipelineReportForOneReplicaPipelineSafeModeRule] INFO  safemode.SCMSafeModeManager (SCMSafeModeManager.java:validateSafeModeExitRules(214)) - AtleastOneDatanodeReportedRule rule is successfully validated
2020-12-22 13:10:46,010 [pool-97-thread-1] INFO  server.RaftServerConfigKeys (ConfUtils.java:logGet(44)) - raft.server.snapshot.auto.trigger.enabled = true (custom)
2020-12-22 13:10:46,010 [pool-97-thread-1] INFO  server.RaftServerConfigKeys (ConfUtils.java:logGet(44)) - raft.server.snapshot.auto.trigger.threshold = 10000 (custom)
2020-12-22 13:10:46,014 [pool-97-thread-1] INFO  server.RaftServerConfigKeys (ConfUtils.java:logGet(44)) - raft.server.snapshot.retention.file.num = 5 (custom)
2020-12-22 13:10:46,014 [pool-97-thread-1] INFO  server.RaftServerConfigKeys (ConfUtils.java:logGet(44)) - raft.server.log.purge.upto.snapshot.index = false (default)
2020-12-22 13:10:46,014 [pool-97-thread-1] INFO  server.RaftServerConfigKeys (ConfUtils.java:logGet(44)) - raft.server.retrycache.expirytime = 600000ms (custom)
2020-12-22 13:10:46,014 [pool-97-thread-1] INFO  metrics.RatisMetrics (RatisMetrics.java:lambda$create$0(36)) - Creating Metrics Registry : ratis.leader_election.9d743c2f-cc4c-4210-bd8b-cad00ce03aed@group-DA5D408C537E
2020-12-22 13:10:46,015 [pool-97-thread-1] INFO  metrics.RatisMetrics (RatisMetrics.java:lambda$create$0(36)) - Creating Metrics Registry : ratis.server.9d743c2f-cc4c-4210-bd8b-cad00ce03aed@group-DA5D408C537E
2020-12-22 13:10:46,016 [pool-97-thread-1] INFO  impl.RaftServerImpl (RaftServerImpl.java:start(215)) - 9d743c2f-cc4c-4210-bd8b-cad00ce03aed@group-DA5D408C537E: start as a follower, conf=-1: [0b95e776-5e46-4213-b3c0-ade9dce9a7dd|rpc:172.17.0.2:38657, 3b8ab88f-c5e9-42ae-b9d6-c186578cc1d3|rpc:172.17.0.2:46551, 9d743c2f-cc4c-4210-bd8b-cad00ce03aed|rpc:172.17.0.2:40485], old=null
2020-12-22 13:10:46,022 [pool-97-thread-1] INFO  impl.RaftServerImpl (RaftServerImpl.java:setRole(204)) - 9d743c2f-cc4c-4210-bd8b-cad00ce03aed@group-DA5D408C537E: changes role from      null to FOLLOWER at term 0 for startAsFollower
2020-12-22 13:10:46,022 [pool-97-thread-1] INFO  impl.RoleInfo (RoleInfo.java:updateAndGet(143)) - 9d743c2f-cc4c-4210-bd8b-cad00ce03aed: start 9d743c2f-cc4c-4210-bd8b-cad00ce03aed@group-DA5D408C537E-FollowerState
2020-12-22 13:10:46,026 [pool-97-thread-1] INFO  util.JmxRegister (JmxRegister.java:tryRegister(44)) - Successfully registered JMX Bean with object name Ratis:service=RaftServer,group=group-DA5D408C537E,id=9d743c2f-cc4c-4210-bd8b-cad00ce03aed
2020-12-22 13:10:46,026 [pool-97-thread-1] INFO  metrics.RatisMetrics (RatisMetrics.java:lambda$create$0(36)) - Creating Metrics Registry : ratis.state_machine.9d743c2f-cc4c-4210-bd8b-cad00ce03aed@group-DA5D408C537E
2020-12-22 13:10:46,035 [Command processor thread] INFO  metrics.RatisMetrics (RatisMetrics.java:lambda$create$0(36)) - Creating Metrics Registry : ratis.client_message_metrics.client-C2BF1E02945B->0b95e776-5e46-4213-b3c0-ade9dce9a7dd
2020-12-22 13:10:46,039 [Command processor thread] INFO  commandhandler.CreatePipelineCommandHandler (CreatePipelineCommandHandler.java:handle(106)) - Created Pipeline RATIS THREE PipelineID=b3d46aca-819d-4a28-9022-197856ee50cc.
2020-12-22 13:10:46,039 [Command processor thread] INFO  impl.RaftServerProxy (RaftServerProxy.java:addNew(93)) - cfc7b2a2-0619-4c85-8419-784b4b9eda1c: addNew group-6DFF0AD623B0:[cfc7b2a2-0619-4c85-8419-784b4b9eda1c|rpc:172.17.0.2:40143] returns group-6DFF0AD623B0:java.util.concurrent.CompletableFuture@72071178[Not completed]
2020-12-22 13:10:46,040 [pool-49-thread-1] INFO  impl.RaftServerImpl (RaftServerImpl.java:<init>(121)) - cfc7b2a2-0619-4c85-8419-784b4b9eda1c: new RaftServerImpl for group-6DFF0AD623B0:[cfc7b2a2-0619-4c85-8419-784b4b9eda1c|rpc:172.17.0.2:40143] with ContainerStateMachine:uninitialized
2020-12-22 13:10:46,040 [pool-49-thread-1] INFO  server.RaftServerConfigKeys (ConfUtils.java:logGet(44)) - raft.server.rpc.timeout.min = 1s (custom)
2020-12-22 13:10:46,040 [pool-49-thread-1] INFO  server.RaftServerConfigKeys (ConfUtils.java:logGet(44)) - raft.server.rpc.timeout.max = 1200ms (custom)
2020-12-22 13:10:46,040 [pool-49-thread-1] INFO  server.RaftServerConfigKeys (ConfUtils.java:logGet(44)) - raft.server.rpc.slowness.timeout = 300000ms (custom)
2020-12-22 13:10:46,040 [pool-49-thread-1] INFO  server.RaftServerConfigKeys (ConfUtils.java:logGet(44)) - raft.server.leaderelection.leader.step-down.wait-time = 10s (default)
2020-12-22 13:10:46,040 [pool-49-thread-1] INFO  server.RaftServerConfigKeys (ConfUtils.java:logGet(44)) - raft.server.sleep.deviation.threshold = 300 (default)
2020-12-22 13:10:46,040 [pool-49-thread-1] INFO  server.RaftServerConfigKeys (ConfUtils.java:logGet(44)) - raft.server.log.appender.install.snapshot.enabled = false (custom)
2020-12-22 13:10:46,041 [pool-49-thread-1] INFO  impl.RaftServerImpl (ServerState.java:<init>(104)) - cfc7b2a2-0619-4c85-8419-784b4b9eda1c@group-6DFF0AD623B0: ConfigurationManager, init=-1: [cfc7b2a2-0619-4c85-8419-784b4b9eda1c|rpc:172.17.0.2:40143], old=null, confs=<EMPTY_MAP>
2020-12-22 13:10:46,041 [pool-49-thread-1] INFO  server.RaftServerConfigKeys (ConfUtils.java:logGet(44)) - raft.server.storage.dir = [/github/workspace/mnt/ozone/hadoop-ozone/integration-test/target/test-dir/MiniOzoneClusterImpl-0c7722d3-6e51-44b5-a6be-ee21012bb99e/datanode-1/data/ratis] (custom)
2020-12-22 13:10:46,041 [pool-49-thread-1] INFO  server.RaftServerConfigKeys (ConfUtils.java:logGet(44)) - raft.server.log.corruption.policy = EXCEPTION (default)
2020-12-22 13:10:46,041 [pool-49-thread-1] INFO  storage.RaftStorageDirectory (RaftStorageDirectory.java:analyzeStorage(261)) - The storage directory /github/workspace/mnt/ozone/hadoop-ozone/integration-test/target/test-dir/MiniOzoneClusterImpl-0c7722d3-6e51-44b5-a6be-ee21012bb99e/datanode-1/data/ratis/a9947e81-80ed-457e-8457-6dff0ad623b0 does not exist. Creating ...
2020-12-22 13:10:46,044 [pool-49-thread-1] INFO  storage.RaftStorageDirectory (RaftStorageDirectory.java:tryLock(343)) - Lock on /github/workspace/mnt/ozone/hadoop-ozone/integration-test/target/test-dir/MiniOzoneClusterImpl-0c7722d3-6e51-44b5-a6be-ee21012bb99e/datanode-1/data/ratis/a9947e81-80ed-457e-8457-6dff0ad623b0/in_use.lock acquired by nodename 399@60c1c0eb1cfd
2020-12-22 13:10:46,047 [pool-49-thread-1] INFO  storage.RaftStorage (RaftStorage.java:format(85)) - Storage directory /github/workspace/mnt/ozone/hadoop-ozone/integration-test/target/test-dir/MiniOzoneClusterImpl-0c7722d3-6e51-44b5-a6be-ee21012bb99e/datanode-1/data/ratis/a9947e81-80ed-457e-8457-6dff0ad623b0 has been successfully formatted.
2020-12-22 13:10:46,047 [pool-49-thread-1] INFO  ratis.ContainerStateMachine (ContainerStateMachine.java:loadSnapshot(225)) - group-6DFF0AD623B0: The snapshot info is null. Setting the last applied indexto:(t:0, i:~)
2020-12-22 13:10:46,047 [pool-49-thread-1] INFO  server.RaftServerConfigKeys (ConfUtils.java:logGet(44)) - raft.server.notification.no-leader.timeout = 300000ms (custom)
2020-12-22 13:10:46,047 [pool-49-thread-1] INFO  server.RaftServerConfigKeys (ConfUtils.java:logGet(44)) - raft.server.log.use.memory = false (default)
2020-12-22 13:10:46,047 [pool-49-thread-1] INFO  server.RaftServerConfigKeys (ConfUtils.java:logGet(44)) - raft.server.log.purge.gap = 1000000 (custom)
2020-12-22 13:10:46,048 [pool-49-thread-1] INFO  metrics.RatisMetrics (RatisMetrics.java:lambda$create$0(36)) - Creating Metrics Registry : ratis.log_worker.cfc7b2a2-0619-4c85-8419-784b4b9eda1c@group-6DFF0AD623B0
2020-12-22 13:10:46,048 [pool-49-thread-1] INFO  server.RaftServerConfigKeys (ConfUtils.java:logGet(44)) - raft.server.log.appender.buffer.byte-limit = 33554432 (custom)
2020-12-22 13:10:46,048 [pool-49-thread-1] INFO  server.RaftServerConfigKeys (ConfUtils.java:logGet(44)) - raft.server.log.segment.size.max = 1048576 (custom)
2020-12-22 13:10:46,048 [EventQueue-PipelineReportForPipelineReportHandler] INFO  pipeline.PipelineStateManager (PipelineStateManager.java:openPipeline(132)) - Pipeline Pipeline[ Id: a9947e81-80ed-457e-8457-6dff0ad623b0, Nodes: cfc7b2a2-0619-4c85-8419-784b4b9eda1c{ip: 172.17.0.2, host: 60c1c0eb1cfd, networkLocation: /rack1, certSerialId: null, persistedOpState: IN_SERVICE, persistedOpStateExpiryEpochSec: 0}, Type:RATIS, Factor:ONE, State:ALLOCATED, leaderId:cfc7b2a2-0619-4c85-8419-784b4b9eda1c, CreationTimestamp2020-12-22T13:10:42.715Z] moved to OPEN state
2020-12-22 13:10:46,049 [pool-49-thread-1] INFO  server.RaftServerConfigKeys (ConfUtils.java:logGet(44)) - raft.server.log.segment.cache.num.max = 2 (custom)
2020-12-22 13:10:46,049 [EventQueue-PipelineReportForOneReplicaPipelineSafeModeRule] INFO  safemode.SCMSafeModeManager (SCMSafeModeManager.java:validateSafeModeExitRules(214)) - AtleastOneDatanodeReportedRule rule is successfully validated
2020-12-22 13:10:46,050 [Command processor thread] INFO  commandhandler.CreatePipelineCommandHandler (CreatePipelineCommandHandler.java:handle(106)) - Created Pipeline RATIS THREE PipelineID=b3d46aca-819d-4a28-9022-197856ee50cc.
2020-12-22 13:10:46,049 [EventQueue-OpenPipelineForHealthyPipelineSafeModeRule] INFO  safemode.SCMSafeModeManager (HealthyPipelineSafeModeRule.java:process(128)) - SCM in safe mode. Healthy pipelines reported count is 0, required healthy pipeline reported count is 1
2020-12-22 13:10:46,049 [pool-49-thread-1] INFO  segmented.SegmentedRaftLogWorker (SegmentedRaftLogWorker.java:<init>(180)) - new cfc7b2a2-0619-4c85-8419-784b4b9eda1c@group-6DFF0AD623B0-SegmentedRaftLogWorker for RaftStorage:Storage Directory /github/workspace/mnt/ozone/hadoop-ozone/integration-test/target/test-dir/MiniOzoneClusterImpl-0c7722d3-6e51-44b5-a6be-ee21012bb99e/datanode-1/data/ratis/a9947e81-80ed-457e-8457-6dff0ad623b0
2020-12-22 13:10:46,054 [Command processor thread] INFO  impl.RaftServerProxy (RaftServerProxy.java:addNew(93)) - d23545be-7951-4ced-9e1c-af6ad8e842b2: addNew group-22EF2DA5B5E3:[630f7d82-7405-430a-acc4-3cca1d2988c7|rpc:172.17.0.2:39527, a9e5f8c8-f1d2-4256-bab8-e403c630398b|rpc:172.17.0.2:36741, d23545be-7951-4ced-9e1c-af6ad8e842b2|rpc:172.17.0.2:35453] returns group-22EF2DA5B5E3:java.util.concurrent.CompletableFuture@62df593c[Not completed]
2020-12-22 13:10:46,055 [pool-34-thread-1] INFO  impl.RaftServerImpl (RaftServerImpl.java:<init>(121)) - d23545be-7951-4ced-9e1c-af6ad8e842b2: new RaftServerImpl for group-22EF2DA5B5E3:[630f7d82-7405-430a-acc4-3cca1d2988c7|rpc:172.17.0.2:39527, a9e5f8c8-f1d2-4256-bab8-e403c630398b|rpc:172.17.0.2:36741, d23545be-7951-4ced-9e1c-af6ad8e842b2|rpc:172.17.0.2:35453] with ContainerStateMachine:uninitialized
2020-12-22 13:10:46,055 [pool-34-thread-1] INFO  server.RaftServerConfigKeys (ConfUtils.java:logGet(44)) - raft.server.rpc.timeout.min = 1s (custom)
2020-12-22 13:10:46,055 [pool-34-thread-1] INFO  server.RaftServerConfigKeys (ConfUtils.java:logGet(44)) - raft.server.rpc.timeout.max = 1200ms (custom)
2020-12-22 13:10:46,056 [pool-34-thread-1] INFO  server.RaftServerConfigKeys (ConfUtils.java:logGet(44)) - raft.server.rpc.slowness.timeout = 300000ms (custom)
2020-12-22 13:10:46,056 [pool-34-thread-1] INFO  server.RaftServerConfigKeys (ConfUtils.java:logGet(44)) - raft.server.leaderelection.leader.step-down.wait-time = 10s (default)
2020-12-22 13:10:46,056 [pool-34-thread-1] INFO  server.RaftServerConfigKeys (ConfUtils.java:logGet(44)) - raft.server.sleep.deviation.threshold = 300 (default)
2020-12-22 13:10:46,056 [pool-34-thread-1] INFO  server.RaftServerConfigKeys (ConfUtils.java:logGet(44)) - raft.server.log.appender.install.snapshot.enabled = false (custom)
2020-12-22 13:10:46,056 [pool-34-thread-1] INFO  impl.RaftServerImpl (ServerState.java:<init>(104)) - d23545be-7951-4ced-9e1c-af6ad8e842b2@group-22EF2DA5B5E3: ConfigurationManager, init=-1: [630f7d82-7405-430a-acc4-3cca1d2988c7|rpc:172.17.0.2:39527, a9e5f8c8-f1d2-4256-bab8-e403c630398b|rpc:172.17.0.2:36741, d23545be-7951-4ced-9e1c-af6ad8e842b2|rpc:172.17.0.2:35453], old=null, confs=<EMPTY_MAP>
2020-12-22 13:10:46,056 [pool-34-thread-1] INFO  server.RaftServerConfigKeys (ConfUtils.java:logGet(44)) - raft.server.storage.dir = [/github/workspace/mnt/ozone/hadoop-ozone/integration-test/target/test-dir/MiniOzoneClusterImpl-0c7722d3-6e51-44b5-a6be-ee21012bb99e/datanode-0/data/ratis] (custom)
2020-12-22 13:10:46,056 [pool-34-thread-1] INFO  server.RaftServerConfigKeys (ConfUtils.java:logGet(44)) - raft.server.log.corruption.policy = EXCEPTION (default)
2020-12-22 13:10:46,056 [pool-34-thread-1] INFO  storage.RaftStorageDirectory (RaftStorageDirectory.java:analyzeStorage(261)) - The storage directory /github/workspace/mnt/ozone/hadoop-ozone/integration-test/target/test-dir/MiniOzoneClusterImpl-0c7722d3-6e51-44b5-a6be-ee21012bb99e/datanode-0/data/ratis/1db8be16-ed77-4592-8cde-22ef2da5b5e3 does not exist. Creating ...
2020-12-22 13:10:46,054 [pool-49-thread-1] INFO  server.RaftServerConfigKeys (ConfUtils.java:logGet(44)) - raft.server.log.queue.byte-limit = 2147483647 (custom)
2020-12-22 13:10:46,057 [pool-49-thread-1] INFO  server.RaftServerConfigKeys (ConfUtils.java:logGet(44)) - raft.server.log.queue.element-limit = 1024 (custom)
2020-12-22 13:10:46,057 [pool-49-thread-1] INFO  server.RaftServerConfigKeys (ConfUtils.java:logGet(44)) - raft.server.log.segment.size.max = 1048576 (custom)
2020-12-22 13:10:46,057 [pool-49-thread-1] INFO  server.RaftServerConfigKeys (ConfUtils.java:logGet(44)) - raft.server.log.preallocated.size = 16384 (custom)
2020-12-22 13:10:46,057 [pool-49-thread-1] INFO  server.RaftServerConfigKeys (ConfUtils.java:logGet(44)) - raft.server.log.write.buffer.size = 1048576 (custom)
2020-12-22 13:10:46,057 [pool-49-thread-1] INFO  server.RaftServerConfigKeys (ConfUtils.java:logGet(44)) - raft.server.log.force.sync.num = 128 (default)
2020-12-22 13:10:46,057 [pool-49-thread-1] INFO  server.RaftServerConfigKeys (ConfUtils.java:logGet(44)) - raft.server.log.statemachine.data.sync = true (default)
2020-12-22 13:10:46,057 [pool-49-thread-1] INFO  server.RaftServerConfigKeys (ConfUtils.java:logGet(44)) - raft.server.log.statemachine.data.sync.timeout = 10s (default)
2020-12-22 13:10:46,058 [pool-49-thread-1] INFO  server.RaftServerConfigKeys (ConfUtils.java:logGet(44)) - raft.server.log.statemachine.data.sync.timeout.retry = -1 (default)
2020-12-22 13:10:46,059 [pool-49-thread-1] INFO  server.RaftServerConfigKeys (ConfUtils.java:logGet(44)) - raft.server.log.statemachine.data.caching.enabled = true (custom)
2020-12-22 13:10:46,059 [pool-49-thread-1] INFO  segmented.SegmentedRaftLogWorker (SegmentedRaftLogWorker.java:lambda$new$0(129)) - cfc7b2a2-0619-4c85-8419-784b4b9eda1c@group-6DFF0AD623B0-SegmentedRaftLogWorker: flushIndex: setUnconditionally 0 -> -1
2020-12-22 13:10:46,059 [pool-49-thread-1] INFO  segmented.SegmentedRaftLogWorker (SegmentedRaftLogWorker.java:lambda$new$0(129)) - cfc7b2a2-0619-4c85-8419-784b4b9eda1c@group-6DFF0AD623B0-SegmentedRaftLogWorker: safeCacheEvictIndex: setUnconditionally 0 -> -1
2020-12-22 13:10:46,060 [pool-34-thread-1] INFO  storage.RaftStorageDirectory (RaftStorageDirectory.java:tryLock(343)) - Lock on /github/workspace/mnt/ozone/hadoop-ozone/integration-test/target/test-dir/MiniOzoneClusterImpl-0c7722d3-6e51-44b5-a6be-ee21012bb99e/datanode-0/data/ratis/1db8be16-ed77-4592-8cde-22ef2da5b5e3/in_use.lock acquired by nodename 399@60c1c0eb1cfd
2020-12-22 13:10:46,062 [pool-34-thread-1] INFO  storage.RaftStorage (RaftStorage.java:format(85)) - Storage directory /github/workspace/mnt/ozone/hadoop-ozone/integration-test/target/test-dir/MiniOzoneClusterImpl-0c7722d3-6e51-44b5-a6be-ee21012bb99e/datanode-0/data/ratis/1db8be16-ed77-4592-8cde-22ef2da5b5e3 has been successfully formatted.
2020-12-22 13:10:46,066 [pool-34-thread-1] INFO  ratis.ContainerStateMachine (ContainerStateMachine.java:loadSnapshot(225)) - group-22EF2DA5B5E3: The snapshot info is null. Setting the last applied indexto:(t:0, i:~)
2020-12-22 13:10:46,066 [pool-49-thread-1] INFO  server.RaftServerConfigKeys (ConfUtils.java:logGet(44)) - raft.server.snapshot.auto.trigger.enabled = true (custom)
2020-12-22 13:10:46,067 [pool-49-thread-1] INFO  server.RaftServerConfigKeys (ConfUtils.java:logGet(44)) - raft.server.snapshot.auto.trigger.threshold = 10000 (custom)
2020-12-22 13:10:46,067 [pool-49-thread-1] INFO  server.RaftServerConfigKeys (ConfUtils.java:logGet(44)) - raft.server.snapshot.retention.file.num = 5 (custom)
2020-12-22 13:10:46,067 [pool-49-thread-1] INFO  server.RaftServerConfigKeys (ConfUtils.java:logGet(44)) - raft.server.log.purge.upto.snapshot.index = false (default)
2020-12-22 13:10:46,067 [pool-49-thread-1] INFO  server.RaftServerConfigKeys (ConfUtils.java:logGet(44)) - raft.server.retrycache.expirytime = 600000ms (custom)
2020-12-22 13:10:46,068 [pool-49-thread-1] INFO  metrics.RatisMetrics (RatisMetrics.java:lambda$create$0(36)) - Creating Metrics Registry : ratis.leader_election.cfc7b2a2-0619-4c85-8419-784b4b9eda1c@group-6DFF0AD623B0
2020-12-22 13:10:46,068 [pool-49-thread-1] INFO  metrics.RatisMetrics (RatisMetrics.java:lambda$create$0(36)) - Creating Metrics Registry : ratis.server.cfc7b2a2-0619-4c85-8419-784b4b9eda1c@group-6DFF0AD623B0
2020-12-22 13:10:46,067 [pool-34-thread-1] INFO  server.RaftServerConfigKeys (ConfUtils.java:logGet(44)) - raft.server.notification.no-leader.timeout = 300000ms (custom)
2020-12-22 13:10:46,071 [pool-34-thread-1] INFO  server.RaftServerConfigKeys (ConfUtils.java:logGet(44)) - raft.server.log.use.memory = false (default)
2020-12-22 13:10:46,071 [pool-34-thread-1] INFO  server.RaftServerConfigKeys (ConfUtils.java:logGet(44)) - raft.server.log.purge.gap = 1000000 (custom)
2020-12-22 13:10:46,071 [pool-34-thread-1] INFO  metrics.RatisMetrics (RatisMetrics.java:lambda$create$0(36)) - Creating Metrics Registry : ratis.log_worker.d23545be-7951-4ced-9e1c-af6ad8e842b2@group-22EF2DA5B5E3
2020-12-22 13:10:46,072 [pool-34-thread-1] INFO  server.RaftServerConfigKeys (ConfUtils.java:logGet(44)) - raft.server.log.appender.buffer.byte-limit = 33554432 (custom)
2020-12-22 13:10:46,072 [pool-34-thread-1] INFO  server.RaftServerConfigKeys (ConfUtils.java:logGet(44)) - raft.server.log.segment.size.max = 1048576 (custom)
2020-12-22 13:10:46,072 [EventQueue-PipelineReportForOneReplicaPipelineSafeModeRule] INFO  safemode.SCMSafeModeManager (SCMSafeModeManager.java:validateSafeModeExitRules(214)) - AtleastOneDatanodeReportedRule rule is successfully validated
2020-12-22 13:10:46,075 [pool-49-thread-1] INFO  impl.RaftServerImpl (RaftServerImpl.java:start(215)) - cfc7b2a2-0619-4c85-8419-784b4b9eda1c@group-6DFF0AD623B0: start as a follower, conf=-1: [cfc7b2a2-0619-4c85-8419-784b4b9eda1c|rpc:172.17.0.2:40143], old=null
2020-12-22 13:10:46,075 [pool-49-thread-1] INFO  impl.RaftServerImpl (RaftServerImpl.java:setRole(204)) - cfc7b2a2-0619-4c85-8419-784b4b9eda1c@group-6DFF0AD623B0: changes role from      null to FOLLOWER at term 0 for startAsFollower
2020-12-22 13:10:46,075 [pool-49-thread-1] INFO  impl.RoleInfo (RoleInfo.java:updateAndGet(143)) - cfc7b2a2-0619-4c85-8419-784b4b9eda1c: start cfc7b2a2-0619-4c85-8419-784b4b9eda1c@group-6DFF0AD623B0-FollowerState
2020-12-22 13:10:46,075 [pool-34-thread-1] INFO  server.RaftServerConfigKeys (ConfUtils.java:logGet(44)) - raft.server.log.segment.cache.num.max = 2 (custom)
2020-12-22 13:10:46,076 [pool-34-thread-1] INFO  segmented.SegmentedRaftLogWorker (SegmentedRaftLogWorker.java:<init>(180)) - new d23545be-7951-4ced-9e1c-af6ad8e842b2@group-22EF2DA5B5E3-SegmentedRaftLogWorker for RaftStorage:Storage Directory /github/workspace/mnt/ozone/hadoop-ozone/integration-test/target/test-dir/MiniOzoneClusterImpl-0c7722d3-6e51-44b5-a6be-ee21012bb99e/datanode-0/data/ratis/1db8be16-ed77-4592-8cde-22ef2da5b5e3
2020-12-22 13:10:46,076 [pool-34-thread-1] INFO  server.RaftServerConfigKeys (ConfUtils.java:logGet(44)) - raft.server.log.queue.byte-limit = 2147483647 (custom)
2020-12-22 13:10:46,076 [pool-34-thread-1] INFO  server.RaftServerConfigKeys (ConfUtils.java:logGet(44)) - raft.server.log.queue.element-limit = 1024 (custom)
2020-12-22 13:10:46,076 [pool-34-thread-1] INFO  server.RaftServerConfigKeys (ConfUtils.java:logGet(44)) - raft.server.log.segment.size.max = 1048576 (custom)
2020-12-22 13:10:46,076 [pool-34-thread-1] INFO  server.RaftServerConfigKeys (ConfUtils.java:logGet(44)) - raft.server.log.preallocated.size = 16384 (custom)
2020-12-22 13:10:46,076 [pool-34-thread-1] INFO  server.RaftServerConfigKeys (ConfUtils.java:logGet(44)) - raft.server.log.write.buffer.size = 1048576 (custom)
2020-12-22 13:10:46,076 [pool-34-thread-1] INFO  server.RaftServerConfigKeys (ConfUtils.java:logGet(44)) - raft.server.log.force.sync.num = 128 (default)
2020-12-22 13:10:46,076 [pool-34-thread-1] INFO  server.RaftServerConfigKeys (ConfUtils.java:logGet(44)) - raft.server.log.statemachine.data.sync = true (default)
2020-12-22 13:10:46,076 [pool-34-thread-1] INFO  server.RaftServerConfigKeys (ConfUtils.java:logGet(44)) - raft.server.log.statemachine.data.sync.timeout = 10s (default)
2020-12-22 13:10:46,076 [pool-34-thread-1] INFO  server.RaftServerConfigKeys (ConfUtils.java:logGet(44)) - raft.server.log.statemachine.data.sync.timeout.retry = -1 (default)
2020-12-22 13:10:46,077 [pool-49-thread-1] INFO  util.JmxRegister (JmxRegister.java:tryRegister(44)) - Successfully registered JMX Bean with object name Ratis:service=RaftServer,group=group-6DFF0AD623B0,id=cfc7b2a2-0619-4c85-8419-784b4b9eda1c
2020-12-22 13:10:46,077 [pool-49-thread-1] INFO  metrics.RatisMetrics (RatisMetrics.java:lambda$create$0(36)) - Creating Metrics Registry : ratis.state_machine.cfc7b2a2-0619-4c85-8419-784b4b9eda1c@group-6DFF0AD623B0
2020-12-22 13:10:46,078 [Command processor thread] INFO  commandhandler.CreatePipelineCommandHandler (CreatePipelineCommandHandler.java:handle(106)) - Created Pipeline RATIS ONE PipelineID=a9947e81-80ed-457e-8457-6dff0ad623b0.
2020-12-22 13:10:46,080 [pool-34-thread-1] INFO  server.RaftServerConfigKeys (ConfUtils.java:logGet(44)) - raft.server.log.statemachine.data.caching.enabled = true (custom)
2020-12-22 13:10:46,080 [pool-34-thread-1] INFO  segmented.SegmentedRaftLogWorker (SegmentedRaftLogWorker.java:lambda$new$0(129)) - d23545be-7951-4ced-9e1c-af6ad8e842b2@group-22EF2DA5B5E3-SegmentedRaftLogWorker: flushIndex: setUnconditionally 0 -> -1
2020-12-22 13:10:46,080 [pool-34-thread-1] INFO  segmented.SegmentedRaftLogWorker (SegmentedRaftLogWorker.java:lambda$new$0(129)) - d23545be-7951-4ced-9e1c-af6ad8e842b2@group-22EF2DA5B5E3-SegmentedRaftLogWorker: safeCacheEvictIndex: setUnconditionally 0 -> -1
2020-12-22 13:10:46,081 [pool-34-thread-1] INFO  server.RaftServerConfigKeys (ConfUtils.java:logGet(44)) - raft.server.snapshot.auto.trigger.enabled = true (custom)
2020-12-22 13:10:46,081 [pool-34-thread-1] INFO  server.RaftServerConfigKeys (ConfUtils.java:logGet(44)) - raft.server.snapshot.auto.trigger.threshold = 10000 (custom)
2020-12-22 13:10:46,081 [pool-34-thread-1] INFO  server.RaftServerConfigKeys (ConfUtils.java:logGet(44)) - raft.server.snapshot.retention.file.num = 5 (custom)
2020-12-22 13:10:46,081 [pool-34-thread-1] INFO  server.RaftServerConfigKeys (ConfUtils.java:logGet(44)) - raft.server.log.purge.upto.snapshot.index = false (default)
2020-12-22 13:10:46,081 [pool-34-thread-1] INFO  server.RaftServerConfigKeys (ConfUtils.java:logGet(44)) - raft.server.retrycache.expirytime = 600000ms (custom)
2020-12-22 13:10:46,081 [pool-34-thread-1] INFO  metrics.RatisMetrics (RatisMetrics.java:lambda$create$0(36)) - Creating Metrics Registry : ratis.leader_election.d23545be-7951-4ced-9e1c-af6ad8e842b2@group-22EF2DA5B5E3
2020-12-22 13:10:46,082 [pool-34-thread-1] INFO  metrics.RatisMetrics (RatisMetrics.java:lambda$create$0(36)) - Creating Metrics Registry : ratis.server.d23545be-7951-4ced-9e1c-af6ad8e842b2@group-22EF2DA5B5E3
2020-12-22 13:10:46,083 [pool-34-thread-1] INFO  impl.RaftServerImpl (RaftServerImpl.java:start(215)) - d23545be-7951-4ced-9e1c-af6ad8e842b2@group-22EF2DA5B5E3: start as a follower, conf=-1: [630f7d82-7405-430a-acc4-3cca1d2988c7|rpc:172.17.0.2:39527, a9e5f8c8-f1d2-4256-bab8-e403c630398b|rpc:172.17.0.2:36741, d23545be-7951-4ced-9e1c-af6ad8e842b2|rpc:172.17.0.2:35453], old=null
2020-12-22 13:10:46,083 [pool-34-thread-1] INFO  impl.RaftServerImpl (RaftServerImpl.java:setRole(204)) - d23545be-7951-4ced-9e1c-af6ad8e842b2@group-22EF2DA5B5E3: changes role from      null to FOLLOWER at term 0 for startAsFollower
2020-12-22 13:10:46,083 [pool-34-thread-1] INFO  impl.RoleInfo (RoleInfo.java:updateAndGet(143)) - d23545be-7951-4ced-9e1c-af6ad8e842b2: start d23545be-7951-4ced-9e1c-af6ad8e842b2@group-22EF2DA5B5E3-FollowerState
2020-12-22 13:10:46,083 [pool-34-thread-1] INFO  util.JmxRegister (JmxRegister.java:tryRegister(44)) - Successfully registered JMX Bean with object name Ratis:service=RaftServer,group=group-22EF2DA5B5E3,id=d23545be-7951-4ced-9e1c-af6ad8e842b2
2020-12-22 13:10:46,084 [pool-34-thread-1] INFO  metrics.RatisMetrics (RatisMetrics.java:lambda$create$0(36)) - Creating Metrics Registry : ratis.state_machine.d23545be-7951-4ced-9e1c-af6ad8e842b2@group-22EF2DA5B5E3
2020-12-22 13:10:46,088 [Command processor thread] INFO  metrics.RatisMetrics (RatisMetrics.java:lambda$create$0(36)) - Creating Metrics Registry : ratis.client_message_metrics.client-8A3796C670E2->d23545be-7951-4ced-9e1c-af6ad8e842b2
2020-12-22 13:10:46,088 [Command processor thread] INFO  metrics.RatisMetrics (RatisMetrics.java:lambda$create$0(36)) - Creating Metrics Registry : ratis.client_message_metrics.client-157FE918DA97->630f7d82-7405-430a-acc4-3cca1d2988c7
2020-12-22 13:10:46,092 [grpc-default-executor-2] INFO  metrics.RatisMetrics (RatisMetrics.java:lambda$create$0(36)) - Creating Metrics Registry : ratis.server_message_metrics.0b95e776-5e46-4213-b3c0-ade9dce9a7dd
2020-12-22 13:10:46,098 [grpc-default-executor-2] INFO  impl.RaftServerProxy (RaftServerProxy.java:addNew(93)) - 0b95e776-5e46-4213-b3c0-ade9dce9a7dd: addNew group-DA5D408C537E:[0b95e776-5e46-4213-b3c0-ade9dce9a7dd|rpc:172.17.0.2:38657|dataStream:, 3b8ab88f-c5e9-42ae-b9d6-c186578cc1d3|rpc:172.17.0.2:46551|dataStream:, 9d743c2f-cc4c-4210-bd8b-cad00ce03aed|rpc:172.17.0.2:40485|dataStream:] returns group-DA5D408C537E:java.util.concurrent.CompletableFuture@390bf188[Not completed]
2020-12-22 13:10:46,108 [Command processor thread] INFO  metrics.RatisMetrics (RatisMetrics.java:lambda$create$0(36)) - Creating Metrics Registry : ratis.client_message_metrics.client-57A8FF52C13E->d23545be-7951-4ced-9e1c-af6ad8e842b2
2020-12-22 13:10:46,113 [pool-146-thread-1] INFO  impl.RaftServerImpl (RaftServerImpl.java:<init>(121)) - 0b95e776-5e46-4213-b3c0-ade9dce9a7dd: new RaftServerImpl for group-DA5D408C537E:[0b95e776-5e46-4213-b3c0-ade9dce9a7dd|rpc:172.17.0.2:38657|dataStream:, 3b8ab88f-c5e9-42ae-b9d6-c186578cc1d3|rpc:172.17.0.2:46551|dataStream:, 9d743c2f-cc4c-4210-bd8b-cad00ce03aed|rpc:172.17.0.2:40485|dataStream:] with ContainerStateMachine:uninitialized
2020-12-22 13:10:46,116 [pool-146-thread-1] INFO  server.RaftServerConfigKeys (ConfUtils.java:logGet(44)) - raft.server.rpc.timeout.min = 1s (custom)
2020-12-22 13:10:46,116 [pool-146-thread-1] INFO  server.RaftServerConfigKeys (ConfUtils.java:logGet(44)) - raft.server.rpc.timeout.max = 1200ms (custom)
2020-12-22 13:10:46,116 [pool-146-thread-1] INFO  server.RaftServerConfigKeys (ConfUtils.java:logGet(44)) - raft.server.rpc.slowness.timeout = 300000ms (custom)
2020-12-22 13:10:46,116 [pool-146-thread-1] INFO  server.RaftServerConfigKeys (ConfUtils.java:logGet(44)) - raft.server.leaderelection.leader.step-down.wait-time = 10s (default)
2020-12-22 13:10:46,117 [pool-146-thread-1] INFO  server.RaftServerConfigKeys (ConfUtils.java:logGet(44)) - raft.server.sleep.deviation.threshold = 300 (default)
2020-12-22 13:10:46,117 [pool-146-thread-1] INFO  server.RaftServerConfigKeys (ConfUtils.java:logGet(44)) - raft.server.log.appender.install.snapshot.enabled = false (custom)
2020-12-22 13:10:46,117 [pool-146-thread-1] INFO  impl.RaftServerImpl (ServerState.java:<init>(104)) - 0b95e776-5e46-4213-b3c0-ade9dce9a7dd@group-DA5D408C537E: ConfigurationManager, init=-1: [0b95e776-5e46-4213-b3c0-ade9dce9a7dd|rpc:172.17.0.2:38657|dataStream:, 3b8ab88f-c5e9-42ae-b9d6-c186578cc1d3|rpc:172.17.0.2:46551|dataStream:, 9d743c2f-cc4c-4210-bd8b-cad00ce03aed|rpc:172.17.0.2:40485|dataStream:], old=null, confs=<EMPTY_MAP>
2020-12-22 13:10:46,117 [pool-146-thread-1] INFO  server.RaftServerConfigKeys (ConfUtils.java:logGet(44)) - raft.server.storage.dir = [/github/workspace/mnt/ozone/hadoop-ozone/integration-test/target/test-dir/MiniOzoneClusterImpl-0c7722d3-6e51-44b5-a6be-ee21012bb99e/datanode-7/data/ratis] (custom)
2020-12-22 13:10:46,117 [pool-146-thread-1] INFO  server.RaftServerConfigKeys (ConfUtils.java:logGet(44)) - raft.server.log.corruption.policy = EXCEPTION (default)
2020-12-22 13:10:46,117 [pool-146-thread-1] INFO  storage.RaftStorageDirectory (RaftStorageDirectory.java:analyzeStorage(261)) - The storage directory /github/workspace/mnt/ozone/hadoop-ozone/integration-test/target/test-dir/MiniOzoneClusterImpl-0c7722d3-6e51-44b5-a6be-ee21012bb99e/datanode-7/data/ratis/9e6701bb-3dba-4d25-a765-da5d408c537e does not exist. Creating ...
2020-12-22 13:10:46,119 [pool-146-thread-1] INFO  storage.RaftStorageDirectory (RaftStorageDirectory.java:tryLock(343)) - Lock on /github/workspace/mnt/ozone/hadoop-ozone/integration-test/target/test-dir/MiniOzoneClusterImpl-0c7722d3-6e51-44b5-a6be-ee21012bb99e/datanode-7/data/ratis/9e6701bb-3dba-4d25-a765-da5d408c537e/in_use.lock acquired by nodename 399@60c1c0eb1cfd
2020-12-22 13:10:46,121 [grpc-default-executor-0] INFO  metrics.RatisMetrics (RatisMetrics.java:lambda$create$0(36)) - Creating Metrics Registry : ratis.server_message_metrics.630f7d82-7405-430a-acc4-3cca1d2988c7
2020-12-22 13:10:46,126 [pool-146-thread-1] INFO  storage.RaftStorage (RaftStorage.java:format(85)) - Storage directory /github/workspace/mnt/ozone/hadoop-ozone/integration-test/target/test-dir/MiniOzoneClusterImpl-0c7722d3-6e51-44b5-a6be-ee21012bb99e/datanode-7/data/ratis/9e6701bb-3dba-4d25-a765-da5d408c537e has been successfully formatted.
2020-12-22 13:10:46,134 [pool-146-thread-1] INFO  ratis.ContainerStateMachine (ContainerStateMachine.java:loadSnapshot(225)) - group-DA5D408C537E: The snapshot info is null. Setting the last applied indexto:(t:0, i:~)
2020-12-22 13:10:46,134 [pool-146-thread-1] INFO  server.RaftServerConfigKeys (ConfUtils.java:logGet(44)) - raft.server.notification.no-leader.timeout = 300000ms (custom)
2020-12-22 13:10:46,134 [pool-146-thread-1] INFO  server.RaftServerConfigKeys (ConfUtils.java:logGet(44)) - raft.server.log.use.memory = false (default)
2020-12-22 13:10:46,134 [pool-146-thread-1] INFO  server.RaftServerConfigKeys (ConfUtils.java:logGet(44)) - raft.server.log.purge.gap = 1000000 (custom)
2020-12-22 13:10:46,134 [pool-146-thread-1] INFO  metrics.RatisMetrics (RatisMetrics.java:lambda$create$0(36)) - Creating Metrics Registry : ratis.log_worker.0b95e776-5e46-4213-b3c0-ade9dce9a7dd@group-DA5D408C537E
2020-12-22 13:10:46,134 [pool-146-thread-1] INFO  server.RaftServerConfigKeys (ConfUtils.java:logGet(44)) - raft.server.log.appender.buffer.byte-limit = 33554432 (custom)
2020-12-22 13:10:46,134 [pool-146-thread-1] INFO  server.RaftServerConfigKeys (ConfUtils.java:logGet(44)) - raft.server.log.segment.size.max = 1048576 (custom)
2020-12-22 13:10:46,135 [pool-146-thread-1] INFO  server.RaftServerConfigKeys (ConfUtils.java:logGet(44)) - raft.server.log.segment.cache.num.max = 2 (custom)
2020-12-22 13:10:46,135 [pool-146-thread-1] INFO  segmented.SegmentedRaftLogWorker (SegmentedRaftLogWorker.java:<init>(180)) - new 0b95e776-5e46-4213-b3c0-ade9dce9a7dd@group-DA5D408C537E-SegmentedRaftLogWorker for RaftStorage:Storage Directory /github/workspace/mnt/ozone/hadoop-ozone/integration-test/target/test-dir/MiniOzoneClusterImpl-0c7722d3-6e51-44b5-a6be-ee21012bb99e/datanode-7/data/ratis/9e6701bb-3dba-4d25-a765-da5d408c537e
2020-12-22 13:10:46,135 [pool-146-thread-1] INFO  server.RaftServerConfigKeys (ConfUtils.java:logGet(44)) - raft.server.log.queue.byte-limit = 2147483647 (custom)
2020-12-22 13:10:46,135 [pool-146-thread-1] INFO  server.RaftServerConfigKeys (ConfUtils.java:logGet(44)) - raft.server.log.queue.element-limit = 1024 (custom)
2020-12-22 13:10:46,135 [pool-146-thread-1] INFO  server.RaftServerConfigKeys (ConfUtils.java:logGet(44)) - raft.server.log.segment.size.max = 1048576 (custom)
2020-12-22 13:10:46,135 [pool-146-thread-1] INFO  server.RaftServerConfigKeys (ConfUtils.java:logGet(44)) - raft.server.log.preallocated.size = 16384 (custom)
2020-12-22 13:10:46,136 [pool-146-thread-1] INFO  server.RaftServerConfigKeys (ConfUtils.java:logGet(44)) - raft.server.log.write.buffer.size = 1048576 (custom)
2020-12-22 13:10:46,136 [pool-146-thread-1] INFO  server.RaftServerConfigKeys (ConfUtils.java:logGet(44)) - raft.server.log.force.sync.num = 128 (default)
2020-12-22 13:10:46,136 [pool-146-thread-1] INFO  server.RaftServerConfigKeys (ConfUtils.java:logGet(44)) - raft.server.log.statemachine.data.sync = true (default)
2020-12-22 13:10:46,136 [pool-146-thread-1] INFO  server.RaftServerConfigKeys (ConfUtils.java:logGet(44)) - raft.server.log.statemachine.data.sync.timeout = 10s (default)
2020-12-22 13:10:46,136 [pool-146-thread-1] INFO  server.RaftServerConfigKeys (ConfUtils.java:logGet(44)) - raft.server.log.statemachine.data.sync.timeout.retry = -1 (default)
2020-12-22 13:10:46,137 [pool-146-thread-1] INFO  server.RaftServerConfigKeys (ConfUtils.java:logGet(44)) - raft.server.log.statemachine.data.caching.enabled = true (custom)
2020-12-22 13:10:46,139 [EventQueue-PipelineReportForOneReplicaPipelineSafeModeRule] INFO  safemode.SCMSafeModeManager (SCMSafeModeManager.java:validateSafeModeExitRules(214)) - AtleastOneDatanodeReportedRule rule is successfully validated
2020-12-22 13:10:46,142 [pool-146-thread-1] INFO  segmented.SegmentedRaftLogWorker (SegmentedRaftLogWorker.java:lambda$new$0(129)) - 0b95e776-5e46-4213-b3c0-ade9dce9a7dd@group-DA5D408C537E-SegmentedRaftLogWorker: flushIndex: setUnconditionally 0 -> -1
2020-12-22 13:10:46,142 [pool-146-thread-1] INFO  segmented.SegmentedRaftLogWorker (SegmentedRaftLogWorker.java:lambda$new$0(129)) - 0b95e776-5e46-4213-b3c0-ade9dce9a7dd@group-DA5D408C537E-SegmentedRaftLogWorker: safeCacheEvictIndex: setUnconditionally 0 -> -1
2020-12-22 13:10:46,142 [pool-146-thread-1] INFO  server.RaftServerConfigKeys (ConfUtils.java:logGet(44)) - raft.server.snapshot.auto.trigger.enabled = true (custom)
2020-12-22 13:10:46,142 [pool-146-thread-1] INFO  server.RaftServerConfigKeys (ConfUtils.java:logGet(44)) - raft.server.snapshot.auto.trigger.threshold = 10000 (custom)
2020-12-22 13:10:46,142 [pool-146-thread-1] INFO  server.RaftServerConfigKeys (ConfUtils.java:logGet(44)) - raft.server.snapshot.retention.file.num = 5 (custom)
2020-12-22 13:10:46,142 [pool-146-thread-1] INFO  server.RaftServerConfigKeys (ConfUtils.java:logGet(44)) - raft.server.log.purge.upto.snapshot.index = false (default)
2020-12-22 13:10:46,142 [pool-146-thread-1] INFO  server.RaftServerConfigKeys (ConfUtils.java:logGet(44)) - raft.server.retrycache.expirytime = 600000ms (custom)
2020-12-22 13:10:46,143 [pool-146-thread-1] INFO  metrics.RatisMetrics (RatisMetrics.java:lambda$create$0(36)) - Creating Metrics Registry : ratis.leader_election.0b95e776-5e46-4213-b3c0-ade9dce9a7dd@group-DA5D408C537E
2020-12-22 13:10:46,143 [pool-146-thread-1] INFO  metrics.RatisMetrics (RatisMetrics.java:lambda$create$0(36)) - Creating Metrics Registry : ratis.server.0b95e776-5e46-4213-b3c0-ade9dce9a7dd@group-DA5D408C537E
2020-12-22 13:10:46,144 [pool-146-thread-1] INFO  impl.RaftServerImpl (RaftServerImpl.java:start(215)) - 0b95e776-5e46-4213-b3c0-ade9dce9a7dd@group-DA5D408C537E: start as a follower, conf=-1: [0b95e776-5e46-4213-b3c0-ade9dce9a7dd|rpc:172.17.0.2:38657|dataStream:, 3b8ab88f-c5e9-42ae-b9d6-c186578cc1d3|rpc:172.17.0.2:46551|dataStream:, 9d743c2f-cc4c-4210-bd8b-cad00ce03aed|rpc:172.17.0.2:40485|dataStream:], old=null
2020-12-22 13:10:46,144 [pool-146-thread-1] INFO  impl.RaftServerImpl (RaftServerImpl.java:setRole(204)) - 0b95e776-5e46-4213-b3c0-ade9dce9a7dd@group-DA5D408C537E: changes role from      null to FOLLOWER at term 0 for startAsFollower
2020-12-22 13:10:46,145 [pool-146-thread-1] INFO  impl.RoleInfo (RoleInfo.java:updateAndGet(143)) - 0b95e776-5e46-4213-b3c0-ade9dce9a7dd: start 0b95e776-5e46-4213-b3c0-ade9dce9a7dd@group-DA5D408C537E-FollowerState
2020-12-22 13:10:46,145 [pool-146-thread-1] INFO  util.JmxRegister (JmxRegister.java:tryRegister(44)) - Successfully registered JMX Bean with object name Ratis:service=RaftServer,group=group-DA5D408C537E,id=0b95e776-5e46-4213-b3c0-ade9dce9a7dd
2020-12-22 13:10:46,145 [pool-146-thread-1] INFO  metrics.RatisMetrics (RatisMetrics.java:lambda$create$0(36)) - Creating Metrics Registry : ratis.state_machine.0b95e776-5e46-4213-b3c0-ade9dce9a7dd@group-DA5D408C537E
2020-12-22 13:10:46,162 [Listener at 127.0.0.1/34251] INFO  ozone.MiniOzoneClusterImpl (MiniOzoneClusterImpl.java:lambda$waitForClusterToBeReady$0(178)) - Nodes are ready. Got 10 of 10 DN Heartbeats.
2020-12-22 13:10:46,162 [Listener at 127.0.0.1/34251] INFO  ozone.MiniOzoneClusterImpl (MiniOzoneClusterImpl.java:lambda$waitForClusterToBeReady$0(181)) - Waiting for cluster to exit safe mode
2020-12-22 13:10:46,164 [Command processor thread] INFO  commandhandler.CreatePipelineCommandHandler (CreatePipelineCommandHandler.java:handle(106)) - Created Pipeline RATIS THREE PipelineID=b3d46aca-819d-4a28-9022-197856ee50cc.
2020-12-22 13:10:46,164 [Command processor thread] INFO  impl.RaftServerProxy (RaftServerProxy.java:addNew(93)) - a9e5f8c8-f1d2-4256-bab8-e403c630398b: addNew group-E4A08ED2FC34:[a9e5f8c8-f1d2-4256-bab8-e403c630398b|rpc:172.17.0.2:36741] returns group-E4A08ED2FC34:java.util.concurrent.CompletableFuture@4026843d[Not completed]
2020-12-22 13:10:46,167 [pool-82-thread-1] INFO  impl.RaftServerImpl (RaftServerImpl.java:<init>(121)) - a9e5f8c8-f1d2-4256-bab8-e403c630398b: new RaftServerImpl for group-E4A08ED2FC34:[a9e5f8c8-f1d2-4256-bab8-e403c630398b|rpc:172.17.0.2:36741] with ContainerStateMachine:uninitialized
2020-12-22 13:10:46,167 [pool-82-thread-1] INFO  server.RaftServerConfigKeys (ConfUtils.java:logGet(44)) - raft.server.rpc.timeout.min = 1s (custom)
2020-12-22 13:10:46,167 [pool-82-thread-1] INFO  server.RaftServerConfigKeys (ConfUtils.java:logGet(44)) - raft.server.rpc.timeout.max = 1200ms (custom)
2020-12-22 13:10:46,168 [pool-82-thread-1] INFO  server.RaftServerConfigKeys (ConfUtils.java:logGet(44)) - raft.server.rpc.slowness.timeout = 300000ms (custom)
2020-12-22 13:10:46,168 [pool-82-thread-1] INFO  server.RaftServerConfigKeys (ConfUtils.java:logGet(44)) - raft.server.leaderelection.leader.step-down.wait-time = 10s (default)
2020-12-22 13:10:46,168 [pool-82-thread-1] INFO  server.RaftServerConfigKeys (ConfUtils.java:logGet(44)) - raft.server.sleep.deviation.threshold = 300 (default)
2020-12-22 13:10:46,168 [pool-82-thread-1] INFO  server.RaftServerConfigKeys (ConfUtils.java:logGet(44)) - raft.server.log.appender.install.snapshot.enabled = false (custom)
2020-12-22 13:10:46,168 [pool-82-thread-1] INFO  impl.RaftServerImpl (ServerState.java:<init>(104)) - a9e5f8c8-f1d2-4256-bab8-e403c630398b@group-E4A08ED2FC34: ConfigurationManager, init=-1: [a9e5f8c8-f1d2-4256-bab8-e403c630398b|rpc:172.17.0.2:36741], old=null, confs=<EMPTY_MAP>
2020-12-22 13:10:46,168 [Command processor thread] INFO  metrics.RatisMetrics (RatisMetrics.java:lambda$create$0(36)) - Creating Metrics Registry : ratis.client_message_metrics.client-AD06E860E761->a9e5f8c8-f1d2-4256-bab8-e403c630398b
2020-12-22 13:10:46,168 [pool-82-thread-1] INFO  server.RaftServerConfigKeys (ConfUtils.java:logGet(44)) - raft.server.storage.dir = [/github/workspace/mnt/ozone/hadoop-ozone/integration-test/target/test-dir/MiniOzoneClusterImpl-0c7722d3-6e51-44b5-a6be-ee21012bb99e/datanode-3/data/ratis] (custom)
2020-12-22 13:10:46,171 [pool-82-thread-1] INFO  server.RaftServerConfigKeys (ConfUtils.java:logGet(44)) - raft.server.log.corruption.policy = EXCEPTION (default)
2020-12-22 13:10:46,171 [pool-82-thread-1] INFO  storage.RaftStorageDirectory (RaftStorageDirectory.java:analyzeStorage(261)) - The storage directory /github/workspace/mnt/ozone/hadoop-ozone/integration-test/target/test-dir/MiniOzoneClusterImpl-0c7722d3-6e51-44b5-a6be-ee21012bb99e/datanode-3/data/ratis/23567c96-548a-42a1-bd8a-e4a08ed2fc34 does not exist. Creating ...
2020-12-22 13:10:46,171 [Command processor thread] INFO  commandhandler.CreatePipelineCommandHandler (CreatePipelineCommandHandler.java:handle(106)) - Created Pipeline RATIS THREE PipelineID=1db8be16-ed77-4592-8cde-22ef2da5b5e3.
2020-12-22 13:10:46,172 [pool-82-thread-1] INFO  storage.RaftStorageDirectory (RaftStorageDirectory.java:tryLock(343)) - Lock on /github/workspace/mnt/ozone/hadoop-ozone/integration-test/target/test-dir/MiniOzoneClusterImpl-0c7722d3-6e51-44b5-a6be-ee21012bb99e/datanode-3/data/ratis/23567c96-548a-42a1-bd8a-e4a08ed2fc34/in_use.lock acquired by nodename 399@60c1c0eb1cfd
2020-12-22 13:10:46,175 [pool-82-thread-1] INFO  storage.RaftStorage (RaftStorage.java:format(85)) - Storage directory /github/workspace/mnt/ozone/hadoop-ozone/integration-test/target/test-dir/MiniOzoneClusterImpl-0c7722d3-6e51-44b5-a6be-ee21012bb99e/datanode-3/data/ratis/23567c96-548a-42a1-bd8a-e4a08ed2fc34 has been successfully formatted.
2020-12-22 13:10:46,176 [EventQueue-PipelineReportForOneReplicaPipelineSafeModeRule] INFO  safemode.SCMSafeModeManager (SCMSafeModeManager.java:validateSafeModeExitRules(214)) - AtleastOneDatanodeReportedRule rule is successfully validated
2020-12-22 13:10:46,176 [EventQueue-PipelineReportForPipelineReportHandler] INFO  pipeline.PipelineStateManager (PipelineStateManager.java:openPipeline(132)) - Pipeline Pipeline[ Id: 23567c96-548a-42a1-bd8a-e4a08ed2fc34, Nodes: a9e5f8c8-f1d2-4256-bab8-e403c630398b{ip: 172.17.0.2, host: 60c1c0eb1cfd, networkLocation: /rack1, certSerialId: null, persistedOpState: IN_SERVICE, persistedOpStateExpiryEpochSec: 0}, Type:RATIS, Factor:ONE, State:ALLOCATED, leaderId:a9e5f8c8-f1d2-4256-bab8-e403c630398b, CreationTimestamp2020-12-22T13:10:42.717Z] moved to OPEN state
2020-12-22 13:10:46,177 [EventQueue-OpenPipelineForHealthyPipelineSafeModeRule] INFO  safemode.SCMSafeModeManager (HealthyPipelineSafeModeRule.java:process(128)) - SCM in safe mode. Healthy pipelines reported count is 0, required healthy pipeline reported count is 1
2020-12-22 13:10:46,177 [pool-82-thread-1] INFO  ratis.ContainerStateMachine (ContainerStateMachine.java:loadSnapshot(225)) - group-E4A08ED2FC34: The snapshot info is null. Setting the last applied indexto:(t:0, i:~)
2020-12-22 13:10:46,182 [pool-82-thread-1] INFO  server.RaftServerConfigKeys (ConfUtils.java:logGet(44)) - raft.server.notification.no-leader.timeout = 300000ms (custom)
2020-12-22 13:10:46,182 [pool-82-thread-1] INFO  server.RaftServerConfigKeys (ConfUtils.java:logGet(44)) - raft.server.log.use.memory = false (default)
2020-12-22 13:10:46,182 [pool-82-thread-1] INFO  server.RaftServerConfigKeys (ConfUtils.java:logGet(44)) - raft.server.log.purge.gap = 1000000 (custom)
2020-12-22 13:10:46,182 [pool-82-thread-1] INFO  metrics.RatisMetrics (RatisMetrics.java:lambda$create$0(36)) - Creating Metrics Registry : ratis.log_worker.a9e5f8c8-f1d2-4256-bab8-e403c630398b@group-E4A08ED2FC34
2020-12-22 13:10:46,183 [pool-82-thread-1] INFO  server.RaftServerConfigKeys (ConfUtils.java:logGet(44)) - raft.server.log.appender.buffer.byte-limit = 33554432 (custom)
2020-12-22 13:10:46,183 [pool-82-thread-1] INFO  server.RaftServerConfigKeys (ConfUtils.java:logGet(44)) - raft.server.log.segment.size.max = 1048576 (custom)
2020-12-22 13:10:46,183 [Command processor thread] INFO  metrics.RatisMetrics (RatisMetrics.java:lambda$create$0(36)) - Creating Metrics Registry : ratis.client_message_metrics.client-9D755F52B686->3b8ab88f-c5e9-42ae-b9d6-c186578cc1d3
2020-12-22 13:10:46,183 [pool-82-thread-1] INFO  server.RaftServerConfigKeys (ConfUtils.java:logGet(44)) - raft.server.log.segment.cache.num.max = 2 (custom)
2020-12-22 13:10:46,184 [pool-82-thread-1] INFO  segmented.SegmentedRaftLogWorker (SegmentedRaftLogWorker.java:<init>(180)) - new a9e5f8c8-f1d2-4256-bab8-e403c630398b@group-E4A08ED2FC34-SegmentedRaftLogWorker for RaftStorage:Storage Directory /github/workspace/mnt/ozone/hadoop-ozone/integration-test/target/test-dir/MiniOzoneClusterImpl-0c7722d3-6e51-44b5-a6be-ee21012bb99e/datanode-3/data/ratis/23567c96-548a-42a1-bd8a-e4a08ed2fc34
2020-12-22 13:10:46,184 [pool-82-thread-1] INFO  server.RaftServerConfigKeys (ConfUtils.java:logGet(44)) - raft.server.log.queue.byte-limit = 2147483647 (custom)
2020-12-22 13:10:46,184 [pool-82-thread-1] INFO  server.RaftServerConfigKeys (ConfUtils.java:logGet(44)) - raft.server.log.queue.element-limit = 1024 (custom)
2020-12-22 13:10:46,184 [pool-82-thread-1] INFO  server.RaftServerConfigKeys (ConfUtils.java:logGet(44)) - raft.server.log.segment.size.max = 1048576 (custom)
2020-12-22 13:10:46,184 [pool-82-thread-1] INFO  server.RaftServerConfigKeys (ConfUtils.java:logGet(44)) - raft.server.log.preallocated.size = 16384 (custom)
2020-12-22 13:10:46,184 [pool-82-thread-1] INFO  server.RaftServerConfigKeys (ConfUtils.java:logGet(44)) - raft.server.log.write.buffer.size = 1048576 (custom)
2020-12-22 13:10:46,184 [pool-82-thread-1] INFO  server.RaftServerConfigKeys (ConfUtils.java:logGet(44)) - raft.server.log.force.sync.num = 128 (default)
2020-12-22 13:10:46,184 [pool-82-thread-1] INFO  server.RaftServerConfigKeys (ConfUtils.java:logGet(44)) - raft.server.log.statemachine.data.sync = true (default)
2020-12-22 13:10:46,184 [pool-82-thread-1] INFO  server.RaftServerConfigKeys (ConfUtils.java:logGet(44)) - raft.server.log.statemachine.data.sync.timeout = 10s (default)
2020-12-22 13:10:46,184 [pool-82-thread-1] INFO  server.RaftServerConfigKeys (ConfUtils.java:logGet(44)) - raft.server.log.statemachine.data.sync.timeout.retry = -1 (default)
2020-12-22 13:10:46,189 [pool-82-thread-1] INFO  server.RaftServerConfigKeys (ConfUtils.java:logGet(44)) - raft.server.log.statemachine.data.caching.enabled = true (custom)
2020-12-22 13:10:46,189 [pool-82-thread-1] INFO  segmented.SegmentedRaftLogWorker (SegmentedRaftLogWorker.java:lambda$new$0(129)) - a9e5f8c8-f1d2-4256-bab8-e403c630398b@group-E4A08ED2FC34-SegmentedRaftLogWorker: flushIndex: setUnconditionally 0 -> -1
2020-12-22 13:10:46,189 [pool-82-thread-1] INFO  segmented.SegmentedRaftLogWorker (SegmentedRaftLogWorker.java:lambda$new$0(129)) - a9e5f8c8-f1d2-4256-bab8-e403c630398b@group-E4A08ED2FC34-SegmentedRaftLogWorker: safeCacheEvictIndex: setUnconditionally 0 -> -1
2020-12-22 13:10:46,191 [Thread-278] INFO  impl.FollowerState (FollowerState.java:run(128)) - d23545be-7951-4ced-9e1c-af6ad8e842b2@group-197856EE50CC-FollowerState: change to CANDIDATE, lastRpcTime:1148ms, electionTimeout:1137ms
2020-12-22 13:10:46,192 [Thread-278] INFO  impl.RoleInfo (RoleInfo.java:shutdownFollowerState(121)) - d23545be-7951-4ced-9e1c-af6ad8e842b2: shutdown d23545be-7951-4ced-9e1c-af6ad8e842b2@group-197856EE50CC-FollowerState
2020-12-22 13:10:46,192 [Thread-278] INFO  impl.RaftServerImpl (RaftServerImpl.java:setRole(204)) - d23545be-7951-4ced-9e1c-af6ad8e842b2@group-197856EE50CC: changes role from  FOLLOWER to CANDIDATE at term 0 for changeToCandidate
2020-12-22 13:10:46,193 [grpc-default-executor-2] INFO  metrics.RatisMetrics (RatisMetrics.java:lambda$create$0(36)) - Creating Metrics Registry : ratis.server_message_metrics.3b8ab88f-c5e9-42ae-b9d6-c186578cc1d3
2020-12-22 13:10:46,200 [Thread-278] INFO  impl.RoleInfo (RoleInfo.java:updateAndGet(143)) - d23545be-7951-4ced-9e1c-af6ad8e842b2: start d23545be-7951-4ced-9e1c-af6ad8e842b2@group-197856EE50CC-LeaderElection1
2020-12-22 13:10:46,201 [pool-82-thread-1] INFO  server.RaftServerConfigKeys (ConfUtils.java:logGet(44)) - raft.server.snapshot.auto.trigger.enabled = true (custom)
2020-12-22 13:10:46,219 [pool-82-thread-1] INFO  server.RaftServerConfigKeys (ConfUtils.java:logGet(44)) - raft.server.snapshot.auto.trigger.threshold = 10000 (custom)
2020-12-22 13:10:46,219 [pool-82-thread-1] INFO  server.RaftServerConfigKeys (ConfUtils.java:logGet(44)) - raft.server.snapshot.retention.file.num = 5 (custom)
2020-12-22 13:10:46,219 [pool-82-thread-1] INFO  server.RaftServerConfigKeys (ConfUtils.java:logGet(44)) - raft.server.log.purge.upto.snapshot.index = false (default)
2020-12-22 13:10:46,221 [pool-82-thread-1] INFO  server.RaftServerConfigKeys (ConfUtils.java:logGet(44)) - raft.server.retrycache.expirytime = 600000ms (custom)
2020-12-22 13:10:46,221 [pool-82-thread-1] INFO  metrics.RatisMetrics (RatisMetrics.java:lambda$create$0(36)) - Creating Metrics Registry : ratis.leader_election.a9e5f8c8-f1d2-4256-bab8-e403c630398b@group-E4A08ED2FC34
2020-12-22 13:10:46,222 [pool-82-thread-1] INFO  metrics.RatisMetrics (RatisMetrics.java:lambda$create$0(36)) - Creating Metrics Registry : ratis.server.a9e5f8c8-f1d2-4256-bab8-e403c630398b@group-E4A08ED2FC34
2020-12-22 13:10:46,223 [pool-82-thread-1] INFO  impl.RaftServerImpl (RaftServerImpl.java:start(215)) - a9e5f8c8-f1d2-4256-bab8-e403c630398b@group-E4A08ED2FC34: start as a follower, conf=-1: [a9e5f8c8-f1d2-4256-bab8-e403c630398b|rpc:172.17.0.2:36741], old=null
2020-12-22 13:10:46,223 [pool-82-thread-1] INFO  impl.RaftServerImpl (RaftServerImpl.java:setRole(204)) - a9e5f8c8-f1d2-4256-bab8-e403c630398b@group-E4A08ED2FC34: changes role from      null to FOLLOWER at term 0 for startAsFollower
2020-12-22 13:10:46,223 [pool-82-thread-1] INFO  impl.RoleInfo (RoleInfo.java:updateAndGet(143)) - a9e5f8c8-f1d2-4256-bab8-e403c630398b: start a9e5f8c8-f1d2-4256-bab8-e403c630398b@group-E4A08ED2FC34-FollowerState
2020-12-22 13:10:46,223 [pool-82-thread-1] INFO  util.JmxRegister (JmxRegister.java:tryRegister(44)) - Successfully registered JMX Bean with object name Ratis:service=RaftServer,group=group-E4A08ED2FC34,id=a9e5f8c8-f1d2-4256-bab8-e403c630398b
2020-12-22 13:10:46,223 [pool-82-thread-1] INFO  metrics.RatisMetrics (RatisMetrics.java:lambda$create$0(36)) - Creating Metrics Registry : ratis.state_machine.a9e5f8c8-f1d2-4256-bab8-e403c630398b@group-E4A08ED2FC34
2020-12-22 13:10:46,224 [Command processor thread] INFO  commandhandler.CreatePipelineCommandHandler (CreatePipelineCommandHandler.java:handle(106)) - Created Pipeline RATIS ONE PipelineID=23567c96-548a-42a1-bd8a-e4a08ed2fc34.
2020-12-22 13:10:46,225 [grpc-default-executor-0] INFO  impl.RaftServerProxy (RaftServerProxy.java:addNew(93)) - 3b8ab88f-c5e9-42ae-b9d6-c186578cc1d3: addNew group-DA5D408C537E:[0b95e776-5e46-4213-b3c0-ade9dce9a7dd|rpc:172.17.0.2:38657|dataStream:, 3b8ab88f-c5e9-42ae-b9d6-c186578cc1d3|rpc:172.17.0.2:46551|dataStream:, 9d743c2f-cc4c-4210-bd8b-cad00ce03aed|rpc:172.17.0.2:40485|dataStream:] returns group-DA5D408C537E:java.util.concurrent.CompletableFuture@6db3fc19[Not completed]
2020-12-22 13:10:46,227 [pool-162-thread-1] INFO  impl.RaftServerImpl (RaftServerImpl.java:<init>(121)) - 3b8ab88f-c5e9-42ae-b9d6-c186578cc1d3: new RaftServerImpl for group-DA5D408C537E:[0b95e776-5e46-4213-b3c0-ade9dce9a7dd|rpc:172.17.0.2:38657|dataStream:, 3b8ab88f-c5e9-42ae-b9d6-c186578cc1d3|rpc:172.17.0.2:46551|dataStream:, 9d743c2f-cc4c-4210-bd8b-cad00ce03aed|rpc:172.17.0.2:40485|dataStream:] with ContainerStateMachine:uninitialized
2020-12-22 13:10:46,230 [pool-162-thread-1] INFO  server.RaftServerConfigKeys (ConfUtils.java:logGet(44)) - raft.server.rpc.timeout.min = 1s (custom)
2020-12-22 13:10:46,230 [pool-162-thread-1] INFO  server.RaftServerConfigKeys (ConfUtils.java:logGet(44)) - raft.server.rpc.timeout.max = 1200ms (custom)
2020-12-22 13:10:46,230 [pool-162-thread-1] INFO  server.RaftServerConfigKeys (ConfUtils.java:logGet(44)) - raft.server.rpc.slowness.timeout = 300000ms (custom)
2020-12-22 13:10:46,230 [pool-162-thread-1] INFO  server.RaftServerConfigKeys (ConfUtils.java:logGet(44)) - raft.server.leaderelection.leader.step-down.wait-time = 10s (default)
2020-12-22 13:10:46,230 [pool-162-thread-1] INFO  server.RaftServerConfigKeys (ConfUtils.java:logGet(44)) - raft.server.sleep.deviation.threshold = 300 (default)
2020-12-22 13:10:46,230 [pool-162-thread-1] INFO  server.RaftServerConfigKeys (ConfUtils.java:logGet(44)) - raft.server.log.appender.install.snapshot.enabled = false (custom)
2020-12-22 13:10:46,230 [pool-162-thread-1] INFO  impl.RaftServerImpl (ServerState.java:<init>(104)) - 3b8ab88f-c5e9-42ae-b9d6-c186578cc1d3@group-DA5D408C537E: ConfigurationManager, init=-1: [0b95e776-5e46-4213-b3c0-ade9dce9a7dd|rpc:172.17.0.2:38657|dataStream:, 3b8ab88f-c5e9-42ae-b9d6-c186578cc1d3|rpc:172.17.0.2:46551|dataStream:, 9d743c2f-cc4c-4210-bd8b-cad00ce03aed|rpc:172.17.0.2:40485|dataStream:], old=null, confs=<EMPTY_MAP>
2020-12-22 13:10:46,230 [pool-162-thread-1] INFO  server.RaftServerConfigKeys (ConfUtils.java:logGet(44)) - raft.server.storage.dir = [/github/workspace/mnt/ozone/hadoop-ozone/integration-test/target/test-dir/MiniOzoneClusterImpl-0c7722d3-6e51-44b5-a6be-ee21012bb99e/datanode-8/data/ratis] (custom)
2020-12-22 13:10:46,231 [d23545be-7951-4ced-9e1c-af6ad8e842b2@group-197856EE50CC-LeaderElection1] INFO  impl.LeaderElection (LeaderElection.java:askForVotes(215)) - d23545be-7951-4ced-9e1c-af6ad8e842b2@group-197856EE50CC-LeaderElection1: begin an election at term 1 for -1: [cfc7b2a2-0619-4c85-8419-784b4b9eda1c|rpc:172.17.0.2:40143, a9e5f8c8-f1d2-4256-bab8-e403c630398b|rpc:172.17.0.2:36741, d23545be-7951-4ced-9e1c-af6ad8e842b2|rpc:172.17.0.2:35453], old=null
2020-12-22 13:10:46,233 [Command processor thread] INFO  commandhandler.CreatePipelineCommandHandler (CreatePipelineCommandHandler.java:handle(106)) - Created Pipeline RATIS THREE PipelineID=1db8be16-ed77-4592-8cde-22ef2da5b5e3.
2020-12-22 13:10:46,233 [Command processor thread] INFO  impl.RaftServerProxy (RaftServerProxy.java:addNew(93)) - d23545be-7951-4ced-9e1c-af6ad8e842b2: addNew group-F953A9491D79:[d23545be-7951-4ced-9e1c-af6ad8e842b2|rpc:172.17.0.2:35453] returns group-F953A9491D79:java.util.concurrent.CompletableFuture@2ed3a648[Not completed]
2020-12-22 13:10:46,234 [pool-162-thread-1] INFO  server.RaftServerConfigKeys (ConfUtils.java:logGet(44)) - raft.server.log.corruption.policy = EXCEPTION (default)
2020-12-22 13:10:46,234 [pool-162-thread-1] INFO  storage.RaftStorageDirectory (RaftStorageDirectory.java:analyzeStorage(261)) - The storage directory /github/workspace/mnt/ozone/hadoop-ozone/integration-test/target/test-dir/MiniOzoneClusterImpl-0c7722d3-6e51-44b5-a6be-ee21012bb99e/datanode-8/data/ratis/9e6701bb-3dba-4d25-a765-da5d408c537e does not exist. Creating ...
2020-12-22 13:10:46,234 [pool-34-thread-1] INFO  impl.RaftServerImpl (RaftServerImpl.java:<init>(121)) - d23545be-7951-4ced-9e1c-af6ad8e842b2: new RaftServerImpl for group-F953A9491D79:[d23545be-7951-4ced-9e1c-af6ad8e842b2|rpc:172.17.0.2:35453] with ContainerStateMachine:uninitialized
2020-12-22 13:10:46,234 [pool-34-thread-1] INFO  server.RaftServerConfigKeys (ConfUtils.java:logGet(44)) - raft.server.rpc.timeout.min = 1s (custom)
2020-12-22 13:10:46,234 [pool-34-thread-1] INFO  server.RaftServerConfigKeys (ConfUtils.java:logGet(44)) - raft.server.rpc.timeout.max = 1200ms (custom)
2020-12-22 13:10:46,234 [pool-34-thread-1] INFO  server.RaftServerConfigKeys (ConfUtils.java:logGet(44)) - raft.server.rpc.slowness.timeout = 300000ms (custom)
2020-12-22 13:10:46,234 [pool-34-thread-1] INFO  server.RaftServerConfigKeys (ConfUtils.java:logGet(44)) - raft.server.leaderelection.leader.step-down.wait-time = 10s (default)
2020-12-22 13:10:46,234 [pool-34-thread-1] INFO  server.RaftServerConfigKeys (ConfUtils.java:logGet(44)) - raft.server.sleep.deviation.threshold = 300 (default)
2020-12-22 13:10:46,234 [pool-34-thread-1] INFO  server.RaftServerConfigKeys (ConfUtils.java:logGet(44)) - raft.server.log.appender.install.snapshot.enabled = false (custom)
2020-12-22 13:10:46,235 [pool-34-thread-1] INFO  impl.RaftServerImpl (ServerState.java:<init>(104)) - d23545be-7951-4ced-9e1c-af6ad8e842b2@group-F953A9491D79: ConfigurationManager, init=-1: [d23545be-7951-4ced-9e1c-af6ad8e842b2|rpc:172.17.0.2:35453], old=null, confs=<EMPTY_MAP>
2020-12-22 13:10:46,235 [pool-34-thread-1] INFO  server.RaftServerConfigKeys (ConfUtils.java:logGet(44)) - raft.server.storage.dir = [/github/workspace/mnt/ozone/hadoop-ozone/integration-test/target/test-dir/MiniOzoneClusterImpl-0c7722d3-6e51-44b5-a6be-ee21012bb99e/datanode-0/data/ratis] (custom)
2020-12-22 13:10:46,235 [pool-34-thread-1] INFO  server.RaftServerConfigKeys (ConfUtils.java:logGet(44)) - raft.server.log.corruption.policy = EXCEPTION (default)
2020-12-22 13:10:46,235 [pool-34-thread-1] INFO  storage.RaftStorageDirectory (RaftStorageDirectory.java:analyzeStorage(261)) - The storage directory /github/workspace/mnt/ozone/hadoop-ozone/integration-test/target/test-dir/MiniOzoneClusterImpl-0c7722d3-6e51-44b5-a6be-ee21012bb99e/datanode-0/data/ratis/1cbaa372-91cf-4b79-9e80-f953a9491d79 does not exist. Creating ...
2020-12-22 13:10:46,238 [pool-162-thread-1] INFO  storage.RaftStorageDirectory (RaftStorageDirectory.java:tryLock(343)) - Lock on /github/workspace/mnt/ozone/hadoop-ozone/integration-test/target/test-dir/MiniOzoneClusterImpl-0c7722d3-6e51-44b5-a6be-ee21012bb99e/datanode-8/data/ratis/9e6701bb-3dba-4d25-a765-da5d408c537e/in_use.lock acquired by nodename 399@60c1c0eb1cfd
2020-12-22 13:10:46,238 [pool-34-thread-1] INFO  storage.RaftStorageDirectory (RaftStorageDirectory.java:tryLock(343)) - Lock on /github/workspace/mnt/ozone/hadoop-ozone/integration-test/target/test-dir/MiniOzoneClusterImpl-0c7722d3-6e51-44b5-a6be-ee21012bb99e/datanode-0/data/ratis/1cbaa372-91cf-4b79-9e80-f953a9491d79/in_use.lock acquired by nodename 399@60c1c0eb1cfd
2020-12-22 13:10:46,239 [pool-34-thread-1] INFO  storage.RaftStorage (RaftStorage.java:format(85)) - Storage directory /github/workspace/mnt/ozone/hadoop-ozone/integration-test/target/test-dir/MiniOzoneClusterImpl-0c7722d3-6e51-44b5-a6be-ee21012bb99e/datanode-0/data/ratis/1cbaa372-91cf-4b79-9e80-f953a9491d79 has been successfully formatted.
2020-12-22 13:10:46,239 [pool-162-thread-1] INFO  storage.RaftStorage (RaftStorage.java:format(85)) - Storage directory /github/workspace/mnt/ozone/hadoop-ozone/integration-test/target/test-dir/MiniOzoneClusterImpl-0c7722d3-6e51-44b5-a6be-ee21012bb99e/datanode-8/data/ratis/9e6701bb-3dba-4d25-a765-da5d408c537e has been successfully formatted.
2020-12-22 13:10:46,241 [EventQueue-PipelineReportForOneReplicaPipelineSafeModeRule] INFO  safemode.SCMSafeModeManager (SCMSafeModeManager.java:validateSafeModeExitRules(214)) - AtleastOneDatanodeReportedRule rule is successfully validated
2020-12-22 13:10:46,241 [EventQueue-PipelineReportForPipelineReportHandler] INFO  pipeline.PipelineStateManager (PipelineStateManager.java:openPipeline(132)) - Pipeline Pipeline[ Id: 1cbaa372-91cf-4b79-9e80-f953a9491d79, Nodes: d23545be-7951-4ced-9e1c-af6ad8e842b2{ip: 172.17.0.2, host: 60c1c0eb1cfd, networkLocation: /rack1, certSerialId: null, persistedOpState: IN_SERVICE, persistedOpStateExpiryEpochSec: 0}, Type:RATIS, Factor:ONE, State:ALLOCATED, leaderId:d23545be-7951-4ced-9e1c-af6ad8e842b2, CreationTimestamp2020-12-22T13:10:42.719Z] moved to OPEN state
2020-12-22 13:10:46,241 [EventQueue-OpenPipelineForHealthyPipelineSafeModeRule] INFO  safemode.SCMSafeModeManager (HealthyPipelineSafeModeRule.java:process(128)) - SCM in safe mode. Healthy pipelines reported count is 0, required healthy pipeline reported count is 1
2020-12-22 13:10:46,242 [pool-34-thread-1] INFO  ratis.ContainerStateMachine (ContainerStateMachine.java:loadSnapshot(225)) - group-F953A9491D79: The snapshot info is null. Setting the last applied indexto:(t:0, i:~)
2020-12-22 13:10:46,242 [pool-162-thread-1] INFO  ratis.ContainerStateMachine (ContainerStateMachine.java:loadSnapshot(225)) - group-DA5D408C537E: The snapshot info is null. Setting the last applied indexto:(t:0, i:~)
2020-12-22 13:10:46,245 [pool-162-thread-1] INFO  server.RaftServerConfigKeys (ConfUtils.java:logGet(44)) - raft.server.notification.no-leader.timeout = 300000ms (custom)
2020-12-22 13:10:46,245 [pool-162-thread-1] INFO  server.RaftServerConfigKeys (ConfUtils.java:logGet(44)) - raft.server.log.use.memory = false (default)
2020-12-22 13:10:46,245 [pool-162-thread-1] INFO  server.RaftServerConfigKeys (ConfUtils.java:logGet(44)) - raft.server.log.purge.gap = 1000000 (custom)
2020-12-22 13:10:46,245 [pool-162-thread-1] INFO  metrics.RatisMetrics (RatisMetrics.java:lambda$create$0(36)) - Creating Metrics Registry : ratis.log_worker.3b8ab88f-c5e9-42ae-b9d6-c186578cc1d3@group-DA5D408C537E
2020-12-22 13:10:46,245 [pool-34-thread-1] INFO  server.RaftServerConfigKeys (ConfUtils.java:logGet(44)) - raft.server.notification.no-leader.timeout = 300000ms (custom)
2020-12-22 13:10:46,246 [pool-34-thread-1] INFO  server.RaftServerConfigKeys (ConfUtils.java:logGet(44)) - raft.server.log.use.memory = false (default)
2020-12-22 13:10:46,246 [pool-162-thread-1] INFO  server.RaftServerConfigKeys (ConfUtils.java:logGet(44)) - raft.server.log.appender.buffer.byte-limit = 33554432 (custom)
2020-12-22 13:10:46,246 [pool-162-thread-1] INFO  server.RaftServerConfigKeys (ConfUtils.java:logGet(44)) - raft.server.log.segment.size.max = 1048576 (custom)
2020-12-22 13:10:46,247 [pool-162-thread-1] INFO  server.RaftServerConfigKeys (ConfUtils.java:logGet(44)) - raft.server.log.segment.cache.num.max = 2 (custom)
2020-12-22 13:10:46,247 [pool-162-thread-1] INFO  segmented.SegmentedRaftLogWorker (SegmentedRaftLogWorker.java:<init>(180)) - new 3b8ab88f-c5e9-42ae-b9d6-c186578cc1d3@group-DA5D408C537E-SegmentedRaftLogWorker for RaftStorage:Storage Directory /github/workspace/mnt/ozone/hadoop-ozone/integration-test/target/test-dir/MiniOzoneClusterImpl-0c7722d3-6e51-44b5-a6be-ee21012bb99e/datanode-8/data/ratis/9e6701bb-3dba-4d25-a765-da5d408c537e
2020-12-22 13:10:46,247 [pool-162-thread-1] INFO  server.RaftServerConfigKeys (ConfUtils.java:logGet(44)) - raft.server.log.queue.byte-limit = 2147483647 (custom)
2020-12-22 13:10:46,246 [pool-34-thread-1] INFO  server.RaftServerConfigKeys (ConfUtils.java:logGet(44)) - raft.server.log.purge.gap = 1000000 (custom)
2020-12-22 13:10:46,247 [pool-34-thread-1] INFO  metrics.RatisMetrics (RatisMetrics.java:lambda$create$0(36)) - Creating Metrics Registry : ratis.log_worker.d23545be-7951-4ced-9e1c-af6ad8e842b2@group-F953A9491D79
2020-12-22 13:10:46,247 [pool-162-thread-1] INFO  server.RaftServerConfigKeys (ConfUtils.java:logGet(44)) - raft.server.log.queue.element-limit = 1024 (custom)
2020-12-22 13:10:46,248 [pool-34-thread-1] INFO  server.RaftServerConfigKeys (ConfUtils.java:logGet(44)) - raft.server.log.appender.buffer.byte-limit = 33554432 (custom)
2020-12-22 13:10:46,248 [pool-162-thread-1] INFO  server.RaftServerConfigKeys (ConfUtils.java:logGet(44)) - raft.server.log.segment.size.max = 1048576 (custom)
2020-12-22 13:10:46,248 [pool-162-thread-1] INFO  server.RaftServerConfigKeys (ConfUtils.java:logGet(44)) - raft.server.log.preallocated.size = 16384 (custom)
2020-12-22 13:10:46,248 [pool-162-thread-1] INFO  server.RaftServerConfigKeys (ConfUtils.java:logGet(44)) - raft.server.log.write.buffer.size = 1048576 (custom)
2020-12-22 13:10:46,248 [pool-162-thread-1] INFO  server.RaftServerConfigKeys (ConfUtils.java:logGet(44)) - raft.server.log.force.sync.num = 128 (default)
2020-12-22 13:10:46,248 [pool-162-thread-1] INFO  server.RaftServerConfigKeys (ConfUtils.java:logGet(44)) - raft.server.log.statemachine.data.sync = true (default)
2020-12-22 13:10:46,248 [pool-162-thread-1] INFO  server.RaftServerConfigKeys (ConfUtils.java:logGet(44)) - raft.server.log.statemachine.data.sync.timeout = 10s (default)
2020-12-22 13:10:46,248 [pool-162-thread-1] INFO  server.RaftServerConfigKeys (ConfUtils.java:logGet(44)) - raft.server.log.statemachine.data.sync.timeout.retry = -1 (default)
2020-12-22 13:10:46,248 [pool-34-thread-1] INFO  server.RaftServerConfigKeys (ConfUtils.java:logGet(44)) - raft.server.log.segment.size.max = 1048576 (custom)
2020-12-22 13:10:46,249 [pool-34-thread-1] INFO  server.RaftServerConfigKeys (ConfUtils.java:logGet(44)) - raft.server.log.segment.cache.num.max = 2 (custom)
2020-12-22 13:10:46,249 [pool-34-thread-1] INFO  segmented.SegmentedRaftLogWorker (SegmentedRaftLogWorker.java:<init>(180)) - new d23545be-7951-4ced-9e1c-af6ad8e842b2@group-F953A9491D79-SegmentedRaftLogWorker for RaftStorage:Storage Directory /github/workspace/mnt/ozone/hadoop-ozone/integration-test/target/test-dir/MiniOzoneClusterImpl-0c7722d3-6e51-44b5-a6be-ee21012bb99e/datanode-0/data/ratis/1cbaa372-91cf-4b79-9e80-f953a9491d79
2020-12-22 13:10:46,249 [pool-34-thread-1] INFO  server.RaftServerConfigKeys (ConfUtils.java:logGet(44)) - raft.server.log.queue.byte-limit = 2147483647 (custom)
2020-12-22 13:10:46,249 [pool-34-thread-1] INFO  server.RaftServerConfigKeys (ConfUtils.java:logGet(44)) - raft.server.log.queue.element-limit = 1024 (custom)
2020-12-22 13:10:46,250 [pool-34-thread-1] INFO  server.RaftServerConfigKeys (ConfUtils.java:logGet(44)) - raft.server.log.segment.size.max = 1048576 (custom)
2020-12-22 13:10:46,250 [pool-34-thread-1] INFO  server.RaftServerConfigKeys (ConfUtils.java:logGet(44)) - raft.server.log.preallocated.size = 16384 (custom)
2020-12-22 13:10:46,250 [pool-34-thread-1] INFO  server.RaftServerConfigKeys (ConfUtils.java:logGet(44)) - raft.server.log.write.buffer.size = 1048576 (custom)
2020-12-22 13:10:46,250 [pool-34-thread-1] INFO  server.RaftServerConfigKeys (ConfUtils.java:logGet(44)) - raft.server.log.force.sync.num = 128 (default)
2020-12-22 13:10:46,250 [pool-34-thread-1] INFO  server.RaftServerConfigKeys (ConfUtils.java:logGet(44)) - raft.server.log.statemachine.data.sync = true (default)
2020-12-22 13:10:46,250 [pool-34-thread-1] INFO  server.RaftServerConfigKeys (ConfUtils.java:logGet(44)) - raft.server.log.statemachine.data.sync.timeout = 10s (default)
2020-12-22 13:10:46,250 [pool-34-thread-1] INFO  server.RaftServerConfigKeys (ConfUtils.java:logGet(44)) - raft.server.log.statemachine.data.sync.timeout.retry = -1 (default)
2020-12-22 13:10:46,259 [EventQueue-PipelineReportForOneReplicaPipelineSafeModeRule] INFO  safemode.SCMSafeModeManager (SCMSafeModeManager.java:validateSafeModeExitRules(214)) - AtleastOneDatanodeReportedRule rule is successfully validated
2020-12-22 13:10:46,260 [Thread-280] INFO  impl.FollowerState (FollowerState.java:run(128)) - cfc7b2a2-0619-4c85-8419-784b4b9eda1c@group-197856EE50CC-FollowerState: change to CANDIDATE, lastRpcTime:1129ms, electionTimeout:1118ms
2020-12-22 13:10:46,261 [Thread-280] INFO  impl.RoleInfo (RoleInfo.java:shutdownFollowerState(121)) - cfc7b2a2-0619-4c85-8419-784b4b9eda1c: shutdown cfc7b2a2-0619-4c85-8419-784b4b9eda1c@group-197856EE50CC-FollowerState
2020-12-22 13:10:46,261 [Thread-280] INFO  impl.RaftServerImpl (RaftServerImpl.java:setRole(204)) - cfc7b2a2-0619-4c85-8419-784b4b9eda1c@group-197856EE50CC: changes role from  FOLLOWER to CANDIDATE at term 0 for changeToCandidate
2020-12-22 13:10:46,261 [Thread-280] INFO  impl.RoleInfo (RoleInfo.java:updateAndGet(143)) - cfc7b2a2-0619-4c85-8419-784b4b9eda1c: start cfc7b2a2-0619-4c85-8419-784b4b9eda1c@group-197856EE50CC-LeaderElection2
2020-12-22 13:10:46,270 [pool-162-thread-1] INFO  server.RaftServerConfigKeys (ConfUtils.java:logGet(44)) - raft.server.log.statemachine.data.caching.enabled = true (custom)
2020-12-22 13:10:46,270 [pool-162-thread-1] INFO  segmented.SegmentedRaftLogWorker (SegmentedRaftLogWorker.java:lambda$new$0(129)) - 3b8ab88f-c5e9-42ae-b9d6-c186578cc1d3@group-DA5D408C537E-SegmentedRaftLogWorker: flushIndex: setUnconditionally 0 -> -1
2020-12-22 13:10:46,270 [pool-162-thread-1] INFO  segmented.SegmentedRaftLogWorker (SegmentedRaftLogWorker.java:lambda$new$0(129)) - 3b8ab88f-c5e9-42ae-b9d6-c186578cc1d3@group-DA5D408C537E-SegmentedRaftLogWorker: safeCacheEvictIndex: setUnconditionally 0 -> -1
2020-12-22 13:10:46,274 [pool-162-thread-1] INFO  server.RaftServerConfigKeys (ConfUtils.java:logGet(44)) - raft.server.snapshot.auto.trigger.enabled = true (custom)
2020-12-22 13:10:46,274 [pool-162-thread-1] INFO  server.RaftServerConfigKeys (ConfUtils.java:logGet(44)) - raft.server.snapshot.auto.trigger.threshold = 10000 (custom)
2020-12-22 13:10:46,274 [pool-162-thread-1] INFO  server.RaftServerConfigKeys (ConfUtils.java:logGet(44)) - raft.server.snapshot.retention.file.num = 5 (custom)
2020-12-22 13:10:46,274 [pool-162-thread-1] INFO  server.RaftServerConfigKeys (ConfUtils.java:logGet(44)) - raft.server.log.purge.upto.snapshot.index = false (default)
2020-12-22 13:10:46,274 [pool-162-thread-1] INFO  server.RaftServerConfigKeys (ConfUtils.java:logGet(44)) - raft.server.retrycache.expirytime = 600000ms (custom)
2020-12-22 13:10:46,279 [pool-162-thread-1] INFO  metrics.RatisMetrics (RatisMetrics.java:lambda$create$0(36)) - Creating Metrics Registry : ratis.leader_election.3b8ab88f-c5e9-42ae-b9d6-c186578cc1d3@group-DA5D408C537E
2020-12-22 13:10:46,280 [pool-162-thread-1] INFO  metrics.RatisMetrics (RatisMetrics.java:lambda$create$0(36)) - Creating Metrics Registry : ratis.server.3b8ab88f-c5e9-42ae-b9d6-c186578cc1d3@group-DA5D408C537E
2020-12-22 13:10:46,281 [pool-162-thread-1] INFO  impl.RaftServerImpl (RaftServerImpl.java:start(215)) - 3b8ab88f-c5e9-42ae-b9d6-c186578cc1d3@group-DA5D408C537E: start as a follower, conf=-1: [0b95e776-5e46-4213-b3c0-ade9dce9a7dd|rpc:172.17.0.2:38657|dataStream:, 3b8ab88f-c5e9-42ae-b9d6-c186578cc1d3|rpc:172.17.0.2:46551|dataStream:, 9d743c2f-cc4c-4210-bd8b-cad00ce03aed|rpc:172.17.0.2:40485|dataStream:], old=null
2020-12-22 13:10:46,281 [pool-162-thread-1] INFO  impl.RaftServerImpl (RaftServerImpl.java:setRole(204)) - 3b8ab88f-c5e9-42ae-b9d6-c186578cc1d3@group-DA5D408C537E: changes role from      null to FOLLOWER at term 0 for startAsFollower
2020-12-22 13:10:46,281 [pool-162-thread-1] INFO  impl.RoleInfo (RoleInfo.java:updateAndGet(143)) - 3b8ab88f-c5e9-42ae-b9d6-c186578cc1d3: start 3b8ab88f-c5e9-42ae-b9d6-c186578cc1d3@group-DA5D408C537E-FollowerState
2020-12-22 13:10:46,279 [pool-34-thread-1] INFO  server.RaftServerConfigKeys (ConfUtils.java:logGet(44)) - raft.server.log.statemachine.data.caching.enabled = true (custom)
2020-12-22 13:10:46,281 [pool-34-thread-1] INFO  segmented.SegmentedRaftLogWorker (SegmentedRaftLogWorker.java:lambda$new$0(129)) - d23545be-7951-4ced-9e1c-af6ad8e842b2@group-F953A9491D79-SegmentedRaftLogWorker: flushIndex: setUnconditionally 0 -> -1
2020-12-22 13:10:46,281 [pool-34-thread-1] INFO  segmented.SegmentedRaftLogWorker (SegmentedRaftLogWorker.java:lambda$new$0(129)) - d23545be-7951-4ced-9e1c-af6ad8e842b2@group-F953A9491D79-SegmentedRaftLogWorker: safeCacheEvictIndex: setUnconditionally 0 -> -1
2020-12-22 13:10:46,288 [cfc7b2a2-0619-4c85-8419-784b4b9eda1c@group-197856EE50CC-LeaderElection2] INFO  impl.LeaderElection (LeaderElection.java:askForVotes(215)) - cfc7b2a2-0619-4c85-8419-784b4b9eda1c@group-197856EE50CC-LeaderElection2: begin an election at term 1 for -1: [cfc7b2a2-0619-4c85-8419-784b4b9eda1c|rpc:172.17.0.2:40143, a9e5f8c8-f1d2-4256-bab8-e403c630398b|rpc:172.17.0.2:36741, d23545be-7951-4ced-9e1c-af6ad8e842b2|rpc:172.17.0.2:35453], old=null
2020-12-22 13:10:46,297 [pool-162-thread-1] INFO  util.JmxRegister (JmxRegister.java:tryRegister(44)) - Successfully registered JMX Bean with object name Ratis:service=RaftServer,group=group-DA5D408C537E,id=3b8ab88f-c5e9-42ae-b9d6-c186578cc1d3
2020-12-22 13:10:46,297 [pool-162-thread-1] INFO  metrics.RatisMetrics (RatisMetrics.java:lambda$create$0(36)) - Creating Metrics Registry : ratis.state_machine.3b8ab88f-c5e9-42ae-b9d6-c186578cc1d3@group-DA5D408C537E
2020-12-22 13:10:46,310 [pool-34-thread-1] INFO  server.RaftServerConfigKeys (ConfUtils.java:logGet(44)) - raft.server.snapshot.auto.trigger.enabled = true (custom)
2020-12-22 13:10:46,310 [pool-34-thread-1] INFO  server.RaftServerConfigKeys (ConfUtils.java:logGet(44)) - raft.server.snapshot.auto.trigger.threshold = 10000 (custom)
2020-12-22 13:10:46,310 [pool-34-thread-1] INFO  server.RaftServerConfigKeys (ConfUtils.java:logGet(44)) - raft.server.snapshot.retention.file.num = 5 (custom)
2020-12-22 13:10:46,310 [pool-34-thread-1] INFO  server.RaftServerConfigKeys (ConfUtils.java:logGet(44)) - raft.server.log.purge.upto.snapshot.index = false (default)
2020-12-22 13:10:46,310 [pool-34-thread-1] INFO  server.RaftServerConfigKeys (ConfUtils.java:logGet(44)) - raft.server.retrycache.expirytime = 600000ms (custom)
2020-12-22 13:10:46,310 [pool-34-thread-1] INFO  metrics.RatisMetrics (RatisMetrics.java:lambda$create$0(36)) - Creating Metrics Registry : ratis.leader_election.d23545be-7951-4ced-9e1c-af6ad8e842b2@group-F953A9491D79
2020-12-22 13:10:46,311 [pool-34-thread-1] INFO  metrics.RatisMetrics (RatisMetrics.java:lambda$create$0(36)) - Creating Metrics Registry : ratis.server.d23545be-7951-4ced-9e1c-af6ad8e842b2@group-F953A9491D79
2020-12-22 13:10:46,312 [pool-34-thread-1] INFO  impl.RaftServerImpl (RaftServerImpl.java:start(215)) - d23545be-7951-4ced-9e1c-af6ad8e842b2@group-F953A9491D79: start as a follower, conf=-1: [d23545be-7951-4ced-9e1c-af6ad8e842b2|rpc:172.17.0.2:35453], old=null
2020-12-22 13:10:46,312 [pool-34-thread-1] INFO  impl.RaftServerImpl (RaftServerImpl.java:setRole(204)) - d23545be-7951-4ced-9e1c-af6ad8e842b2@group-F953A9491D79: changes role from      null to FOLLOWER at term 0 for startAsFollower
2020-12-22 13:10:46,312 [pool-34-thread-1] INFO  impl.RoleInfo (RoleInfo.java:updateAndGet(143)) - d23545be-7951-4ced-9e1c-af6ad8e842b2: start d23545be-7951-4ced-9e1c-af6ad8e842b2@group-F953A9491D79-FollowerState
2020-12-22 13:10:46,315 [pool-34-thread-1] INFO  util.JmxRegister (JmxRegister.java:tryRegister(44)) - Successfully registered JMX Bean with object name Ratis:service=RaftServer,group=group-F953A9491D79,id=d23545be-7951-4ced-9e1c-af6ad8e842b2
2020-12-22 13:10:46,315 [pool-34-thread-1] INFO  metrics.RatisMetrics (RatisMetrics.java:lambda$create$0(36)) - Creating Metrics Registry : ratis.state_machine.d23545be-7951-4ced-9e1c-af6ad8e842b2@group-F953A9491D79
2020-12-22 13:10:46,316 [Command processor thread] INFO  commandhandler.CreatePipelineCommandHandler (CreatePipelineCommandHandler.java:handle(106)) - Created Pipeline RATIS ONE PipelineID=1cbaa372-91cf-4b79-9e80-f953a9491d79.
2020-12-22 13:10:46,323 [grpc-default-executor-0] INFO  impl.RaftServerImpl (RaftServerImpl.java:setRole(204)) - a9e5f8c8-f1d2-4256-bab8-e403c630398b@group-197856EE50CC: changes role from  FOLLOWER to FOLLOWER at term 1 for recognizeCandidate:cfc7b2a2-0619-4c85-8419-784b4b9eda1c
2020-12-22 13:10:46,324 [grpc-default-executor-0] INFO  impl.RoleInfo (RoleInfo.java:shutdownFollowerState(121)) - a9e5f8c8-f1d2-4256-bab8-e403c630398b: shutdown a9e5f8c8-f1d2-4256-bab8-e403c630398b@group-197856EE50CC-FollowerState
2020-12-22 13:10:46,324 [grpc-default-executor-0] INFO  impl.RoleInfo (RoleInfo.java:updateAndGet(143)) - a9e5f8c8-f1d2-4256-bab8-e403c630398b: start a9e5f8c8-f1d2-4256-bab8-e403c630398b@group-197856EE50CC-FollowerState
2020-12-22 13:10:46,324 [Thread-290] INFO  impl.FollowerState (FollowerState.java:run(137)) - a9e5f8c8-f1d2-4256-bab8-e403c630398b@group-197856EE50CC-FollowerState was interrupted: {}
java.lang.InterruptedException: sleep interrupted
	at java.lang.Thread.sleep(Native Method)
	at org.apache.ratis.util.JavaUtils.sleep(JavaUtils.java:250)
	at org.apache.ratis.server.impl.FollowerState.run(FollowerState.java:116)
2020-12-22 13:10:46,328 [Command processor thread] INFO  commandhandler.CreatePipelineCommandHandler (CreatePipelineCommandHandler.java:handle(106)) - Created Pipeline RATIS THREE PipelineID=9e6701bb-3dba-4d25-a765-da5d408c537e.
2020-12-22 13:10:46,329 [grpc-default-executor-0] INFO  impl.RaftServerImpl (RaftServerImpl.java:requestVote(963)) -  FOLLOWER a9e5f8c8-f1d2-4256-bab8-e403c630398b@group-197856EE50CC:t1, leader=null, voted=null, raftlog=a9e5f8c8-f1d2-4256-bab8-e403c630398b@group-197856EE50CC-SegmentedRaftLog:OPENED:c-1,f-1,i0, conf=-1: [cfc7b2a2-0619-4c85-8419-784b4b9eda1c|rpc:172.17.0.2:40143, a9e5f8c8-f1d2-4256-bab8-e403c630398b|rpc:172.17.0.2:36741, d23545be-7951-4ced-9e1c-af6ad8e842b2|rpc:172.17.0.2:35453], old=null RUNNING priority:0 candidate:cfc7b2a2-0619-4c85-8419-784b4b9eda1c|rpc:172.17.0.2:40143 candidatePriority:0 compare:0
2020-12-22 13:10:46,336 [cfc7b2a2-0619-4c85-8419-784b4b9eda1c@group-197856EE50CC-LeaderElection2] INFO  impl.LeaderElection (LeaderElection.java:logAndReturn(65)) - cfc7b2a2-0619-4c85-8419-784b4b9eda1c@group-197856EE50CC-LeaderElection2: Election PASSED; received 2 response(s) [cfc7b2a2-0619-4c85-8419-784b4b9eda1c<-a9e5f8c8-f1d2-4256-bab8-e403c630398b#0:OK-t1, cfc7b2a2-0619-4c85-8419-784b4b9eda1c<-d23545be-7951-4ced-9e1c-af6ad8e842b2#0:FAIL-t1] and 0 exception(s); cfc7b2a2-0619-4c85-8419-784b4b9eda1c@group-197856EE50CC:t1, leader=null, voted=cfc7b2a2-0619-4c85-8419-784b4b9eda1c, raftlog=cfc7b2a2-0619-4c85-8419-784b4b9eda1c@group-197856EE50CC-SegmentedRaftLog:OPENED:c-1,f-1,i0, conf=-1: [cfc7b2a2-0619-4c85-8419-784b4b9eda1c|rpc:172.17.0.2:40143, a9e5f8c8-f1d2-4256-bab8-e403c630398b|rpc:172.17.0.2:36741, d23545be-7951-4ced-9e1c-af6ad8e842b2|rpc:172.17.0.2:35453], old=null
2020-12-22 13:10:46,337 [cfc7b2a2-0619-4c85-8419-784b4b9eda1c@group-197856EE50CC-LeaderElection2] INFO  impl.RoleInfo (RoleInfo.java:shutdownLeaderElection(134)) - cfc7b2a2-0619-4c85-8419-784b4b9eda1c: shutdown cfc7b2a2-0619-4c85-8419-784b4b9eda1c@group-197856EE50CC-LeaderElection2
2020-12-22 13:10:46,337 [cfc7b2a2-0619-4c85-8419-784b4b9eda1c@group-197856EE50CC-LeaderElection2] INFO  impl.RaftServerImpl (RaftServerImpl.java:setRole(204)) - cfc7b2a2-0619-4c85-8419-784b4b9eda1c@group-197856EE50CC: changes role from CANDIDATE to LEADER at term 1 for changeToLeader
2020-12-22 13:10:46,337 [cfc7b2a2-0619-4c85-8419-784b4b9eda1c@group-197856EE50CC-LeaderElection2] INFO  ratis.XceiverServerRatis (XceiverServerRatis.java:handleLeaderChangedNotification(854)) - Leader change notification received for group: group-197856EE50CC with new leaderId: cfc7b2a2-0619-4c85-8419-784b4b9eda1c
2020-12-22 13:10:46,338 [cfc7b2a2-0619-4c85-8419-784b4b9eda1c@group-197856EE50CC-LeaderElection2] INFO  impl.RaftServerImpl (ServerState.java:setLeader(256)) - cfc7b2a2-0619-4c85-8419-784b4b9eda1c@group-197856EE50CC: change Leader from null to cfc7b2a2-0619-4c85-8419-784b4b9eda1c at term 1 for becomeLeader, leader elected after 1231ms
2020-12-22 13:10:46,339 [EventQueue-PipelineReportForOneReplicaPipelineSafeModeRule] INFO  safemode.SCMSafeModeManager (SCMSafeModeManager.java:validateSafeModeExitRules(214)) - AtleastOneDatanodeReportedRule rule is successfully validated
2020-12-22 13:10:46,339 [EventQueue-PipelineReportForPipelineReportHandler] INFO  pipeline.PipelineStateManager (PipelineStateManager.java:openPipeline(132)) - Pipeline Pipeline[ Id: b3d46aca-819d-4a28-9022-197856ee50cc, Nodes: cfc7b2a2-0619-4c85-8419-784b4b9eda1c{ip: 172.17.0.2, host: 60c1c0eb1cfd, networkLocation: /rack1, certSerialId: null, persistedOpState: IN_SERVICE, persistedOpStateExpiryEpochSec: 0}a9e5f8c8-f1d2-4256-bab8-e403c630398b{ip: 172.17.0.2, host: 60c1c0eb1cfd, networkLocation: /rack1, certSerialId: null, persistedOpState: IN_SERVICE, persistedOpStateExpiryEpochSec: 0}d23545be-7951-4ced-9e1c-af6ad8e842b2{ip: 172.17.0.2, host: 60c1c0eb1cfd, networkLocation: /rack1, certSerialId: null, persistedOpState: IN_SERVICE, persistedOpStateExpiryEpochSec: 0}, Type:RATIS, Factor:THREE, State:ALLOCATED, leaderId:cfc7b2a2-0619-4c85-8419-784b4b9eda1c, CreationTimestamp2020-12-22T13:10:42.713Z] moved to OPEN state
2020-12-22 13:10:46,347 [EventQueue-OpenPipelineForHealthyPipelineSafeModeRule] INFO  safemode.SCMSafeModeManager (HealthyPipelineSafeModeRule.java:process(128)) - SCM in safe mode. Healthy pipelines reported count is 1, required healthy pipeline reported count is 1
2020-12-22 13:10:46,347 [EventQueue-OpenPipelineForHealthyPipelineSafeModeRule] INFO  safemode.SCMSafeModeManager (SCMSafeModeManager.java:validateSafeModeExitRules(214)) - HealthyPipelineSafeModeRule rule is successfully validated
2020-12-22 13:10:46,347 [EventQueue-OpenPipelineForHealthyPipelineSafeModeRule] INFO  safemode.SCMSafeModeManager (SCMSafeModeManager.java:validateSafeModeExitRules(228)) - ScmSafeModeManager, all rules are successfully validated
2020-12-22 13:10:46,347 [EventQueue-OpenPipelineForHealthyPipelineSafeModeRule] INFO  safemode.SCMSafeModeManager (SCMSafeModeManager.java:exitSafeMode(257)) - SCM exiting safe mode.
2020-12-22 13:10:46,348 [cfc7b2a2-0619-4c85-8419-784b4b9eda1c@group-197856EE50CC-LeaderElection2] INFO  server.RaftServerConfigKeys (ConfUtils.java:logGet(44)) - raft.server.staging.catchup.gap = 1000 (default)
2020-12-22 13:10:46,358 [cfc7b2a2-0619-4c85-8419-784b4b9eda1c@group-197856EE50CC-LeaderElection2] INFO  server.RaftServerConfigKeys (ConfUtils.java:logGet(44)) - raft.server.rpc.sleep.time = 25ms (default)
2020-12-22 13:10:46,359 [cfc7b2a2-0619-4c85-8419-784b4b9eda1c@group-197856EE50CC-LeaderElection2] INFO  metrics.RatisMetrics (RatisMetrics.java:lambda$create$0(36)) - Creating Metrics Registry : ratis.log_appender.cfc7b2a2-0619-4c85-8419-784b4b9eda1c@group-197856EE50CC
2020-12-22 13:10:46,361 [d23545be-7951-4ced-9e1c-af6ad8e842b2@group-197856EE50CC-LeaderElection1] INFO  impl.LeaderElection (LeaderElection.java:logAndReturn(65)) - d23545be-7951-4ced-9e1c-af6ad8e842b2@group-197856EE50CC-LeaderElection1: Election REJECTED; received 2 response(s) [d23545be-7951-4ced-9e1c-af6ad8e842b2<-cfc7b2a2-0619-4c85-8419-784b4b9eda1c#0:FAIL-t1, d23545be-7951-4ced-9e1c-af6ad8e842b2<-a9e5f8c8-f1d2-4256-bab8-e403c630398b#0:FAIL-t1] and 0 exception(s); d23545be-7951-4ced-9e1c-af6ad8e842b2@group-197856EE50CC:t1, leader=null, voted=d23545be-7951-4ced-9e1c-af6ad8e842b2, raftlog=d23545be-7951-4ced-9e1c-af6ad8e842b2@group-197856EE50CC-SegmentedRaftLog:OPENED:c-1,f-1,i0, conf=-1: [cfc7b2a2-0619-4c85-8419-784b4b9eda1c|rpc:172.17.0.2:40143, a9e5f8c8-f1d2-4256-bab8-e403c630398b|rpc:172.17.0.2:36741, d23545be-7951-4ced-9e1c-af6ad8e842b2|rpc:172.17.0.2:35453], old=null
2020-12-22 13:10:46,363 [d23545be-7951-4ced-9e1c-af6ad8e842b2@group-197856EE50CC-LeaderElection1] INFO  impl.RaftServerImpl (RaftServerImpl.java:setRole(204)) - d23545be-7951-4ced-9e1c-af6ad8e842b2@group-197856EE50CC: changes role from CANDIDATE to FOLLOWER at term 1 for DISCOVERED_A_NEW_TERM
2020-12-22 13:10:46,363 [d23545be-7951-4ced-9e1c-af6ad8e842b2@group-197856EE50CC-LeaderElection1] INFO  impl.RoleInfo (RoleInfo.java:shutdownLeaderElection(134)) - d23545be-7951-4ced-9e1c-af6ad8e842b2: shutdown d23545be-7951-4ced-9e1c-af6ad8e842b2@group-197856EE50CC-LeaderElection1
2020-12-22 13:10:46,363 [d23545be-7951-4ced-9e1c-af6ad8e842b2@group-197856EE50CC-LeaderElection1] INFO  impl.RoleInfo (RoleInfo.java:updateAndGet(143)) - d23545be-7951-4ced-9e1c-af6ad8e842b2: start d23545be-7951-4ced-9e1c-af6ad8e842b2@group-197856EE50CC-FollowerState
2020-12-22 13:10:46,364 [cfc7b2a2-0619-4c85-8419-784b4b9eda1c@group-197856EE50CC-LeaderElection2] INFO  server.RaftServerConfigKeys (ConfUtils.java:logGet(44)) - raft.server.write.element-limit = 1024 (custom)
2020-12-22 13:10:46,365 [org.apache.ratis.server.JvmPauseMonitor@70a97a94-Monitor] WARN  server.JvmPauseMonitor (JvmPauseMonitor.java:run(141)) - Detected pause in JVM or host machine (eg GC): pause of approximately 4ms
GC pool 'PS MarkSweep' had collection(s): count=1 time=153ms
GC pool 'PS Scavenge' had collection(s): count=2 time=52ms
2020-12-22 13:10:46,367 [cfc7b2a2-0619-4c85-8419-784b4b9eda1c@group-197856EE50CC-LeaderElection2] INFO  server.RaftServerConfigKeys (ConfUtils.java:logGet(44)) - raft.server.write.byte-limit = 1073741824 (custom)
2020-12-22 13:10:46,372 [cfc7b2a2-0619-4c85-8419-784b4b9eda1c@group-197856EE50CC-LeaderElection2] INFO  server.RaftServerConfigKeys (ConfUtils.java:logGet(44)) - raft.server.watch.timeout = 3000ms (custom)
2020-12-22 13:10:46,372 [cfc7b2a2-0619-4c85-8419-784b4b9eda1c@group-197856EE50CC-LeaderElection2] INFO  server.RaftServerConfigKeys (ConfUtils.java:logGet(44)) - raft.server.watch.timeout.denomination = 1s (default)
2020-12-22 13:10:46,373 [cfc7b2a2-0619-4c85-8419-784b4b9eda1c@group-197856EE50CC-LeaderElection2] INFO  server.RaftServerConfigKeys (ConfUtils.java:logGet(44)) - raft.server.watch.element-limit = 65536 (default)
2020-12-22 13:10:46,383 [cfc7b2a2-0619-4c85-8419-784b4b9eda1c@group-197856EE50CC-LeaderElection2] INFO  server.RaftServerConfigKeys (ConfUtils.java:logGet(44)) - raft.server.log.appender.snapshot.chunk.size.max = 16MB (=16777216) (default)
2020-12-22 13:10:46,383 [cfc7b2a2-0619-4c85-8419-784b4b9eda1c@group-197856EE50CC-LeaderElection2] INFO  server.RaftServerConfigKeys (ConfUtils.java:logGet(44)) - raft.server.log.appender.buffer.byte-limit = 33554432 (custom)
2020-12-22 13:10:46,383 [cfc7b2a2-0619-4c85-8419-784b4b9eda1c@group-197856EE50CC-LeaderElection2] INFO  server.RaftServerConfigKeys (ConfUtils.java:logGet(44)) - raft.server.log.appender.buffer.element-limit = 1 (custom)
2020-12-22 13:10:46,389 [cfc7b2a2-0619-4c85-8419-784b4b9eda1c@group-197856EE50CC-LeaderElection2] INFO  grpc.GrpcConfigKeys (ConfUtils.java:logGet(44)) - raft.grpc.server.leader.outstanding.appends.max = 128 (default)
2020-12-22 13:10:46,389 [cfc7b2a2-0619-4c85-8419-784b4b9eda1c@group-197856EE50CC-LeaderElection2] INFO  server.RaftServerConfigKeys (ConfUtils.java:logGet(44)) - raft.server.rpc.request.timeout = 3000ms (default)
2020-12-22 13:10:46,389 [cfc7b2a2-0619-4c85-8419-784b4b9eda1c@group-197856EE50CC-LeaderElection2] INFO  server.RaftServerConfigKeys (ConfUtils.java:logGet(44)) - raft.server.log.appender.install.snapshot.enabled = false (custom)
2020-12-22 13:10:46,390 [cfc7b2a2-0619-4c85-8419-784b4b9eda1c@group-197856EE50CC-LeaderElection2] INFO  metrics.RatisMetrics (RatisMetrics.java:lambda$create$0(36)) - Creating Metrics Registry : ratis_grpc.log_appender.cfc7b2a2-0619-4c85-8419-784b4b9eda1c@group-197856EE50CC
2020-12-22 13:10:46,394 [cfc7b2a2-0619-4c85-8419-784b4b9eda1c@group-197856EE50CC-LeaderElection2] INFO  server.RaftServerConfigKeys (ConfUtils.java:logGet(44)) - raft.server.log.appender.snapshot.chunk.size.max = 16MB (=16777216) (default)
2020-12-22 13:10:46,394 [cfc7b2a2-0619-4c85-8419-784b4b9eda1c@group-197856EE50CC-LeaderElection2] INFO  server.RaftServerConfigKeys (ConfUtils.java:logGet(44)) - raft.server.log.appender.buffer.byte-limit = 33554432 (custom)
2020-12-22 13:10:46,394 [cfc7b2a2-0619-4c85-8419-784b4b9eda1c@group-197856EE50CC-LeaderElection2] INFO  server.RaftServerConfigKeys (ConfUtils.java:logGet(44)) - raft.server.log.appender.buffer.element-limit = 1 (custom)
2020-12-22 13:10:46,395 [cfc7b2a2-0619-4c85-8419-784b4b9eda1c@group-197856EE50CC-LeaderElection2] INFO  grpc.GrpcConfigKeys (ConfUtils.java:logGet(44)) - raft.grpc.server.leader.outstanding.appends.max = 128 (default)
2020-12-22 13:10:46,395 [cfc7b2a2-0619-4c85-8419-784b4b9eda1c@group-197856EE50CC-LeaderElection2] INFO  server.RaftServerConfigKeys (ConfUtils.java:logGet(44)) - raft.server.rpc.request.timeout = 3000ms (default)
2020-12-22 13:10:46,395 [cfc7b2a2-0619-4c85-8419-784b4b9eda1c@group-197856EE50CC-LeaderElection2] INFO  server.RaftServerConfigKeys (ConfUtils.java:logGet(44)) - raft.server.log.appender.install.snapshot.enabled = false (custom)
2020-12-22 13:10:46,403 [cfc7b2a2-0619-4c85-8419-784b4b9eda1c@group-197856EE50CC-LeaderElection2] INFO  impl.RoleInfo (RoleInfo.java:updateAndGet(143)) - cfc7b2a2-0619-4c85-8419-784b4b9eda1c: start cfc7b2a2-0619-4c85-8419-784b4b9eda1c@group-197856EE50CC-LeaderState
2020-12-22 13:10:46,416 [cfc7b2a2-0619-4c85-8419-784b4b9eda1c@group-197856EE50CC-LeaderElection2] INFO  segmented.SegmentedRaftLogWorker (SegmentedRaftLogWorker.java:startLogSegment(398)) - cfc7b2a2-0619-4c85-8419-784b4b9eda1c@group-197856EE50CC-SegmentedRaftLogWorker: Starting segment from index:0
2020-12-22 13:10:46,430 [cfc7b2a2-0619-4c85-8419-784b4b9eda1c@group-197856EE50CC-LeaderElection2] INFO  impl.RaftServerImpl (ServerState.java:setRaftConf(374)) - cfc7b2a2-0619-4c85-8419-784b4b9eda1c@group-197856EE50CC: set configuration 0: [cfc7b2a2-0619-4c85-8419-784b4b9eda1c|rpc:172.17.0.2:40143|dataStream:, a9e5f8c8-f1d2-4256-bab8-e403c630398b|rpc:172.17.0.2:36741|dataStream:, d23545be-7951-4ced-9e1c-af6ad8e842b2|rpc:172.17.0.2:35453|dataStream:], old=null at 0
2020-12-22 13:10:46,439 [Thread-285] INFO  impl.FollowerState (FollowerState.java:run(128)) - 630f7d82-7405-430a-acc4-3cca1d2988c7@group-22EF2DA5B5E3-FollowerState: change to CANDIDATE, lastRpcTime:1030ms, electionTimeout:1029ms
2020-12-22 13:10:46,439 [Thread-285] INFO  impl.RoleInfo (RoleInfo.java:shutdownFollowerState(121)) - 630f7d82-7405-430a-acc4-3cca1d2988c7: shutdown 630f7d82-7405-430a-acc4-3cca1d2988c7@group-22EF2DA5B5E3-FollowerState
2020-12-22 13:10:46,439 [Thread-285] INFO  impl.RaftServerImpl (RaftServerImpl.java:setRole(204)) - 630f7d82-7405-430a-acc4-3cca1d2988c7@group-22EF2DA5B5E3: changes role from  FOLLOWER to CANDIDATE at term 0 for changeToCandidate
2020-12-22 13:10:46,440 [Thread-285] INFO  impl.RoleInfo (RoleInfo.java:updateAndGet(143)) - 630f7d82-7405-430a-acc4-3cca1d2988c7: start 630f7d82-7405-430a-acc4-3cca1d2988c7@group-22EF2DA5B5E3-LeaderElection3
2020-12-22 13:10:46,444 [Thread-283] INFO  impl.FollowerState (FollowerState.java:run(128)) - 630f7d82-7405-430a-acc4-3cca1d2988c7@group-451F57A0DF90-FollowerState: change to CANDIDATE, lastRpcTime:1066ms, electionTimeout:1052ms
2020-12-22 13:10:46,444 [Thread-283] INFO  impl.RoleInfo (RoleInfo.java:shutdownFollowerState(121)) - 630f7d82-7405-430a-acc4-3cca1d2988c7: shutdown 630f7d82-7405-430a-acc4-3cca1d2988c7@group-451F57A0DF90-FollowerState
2020-12-22 13:10:46,444 [Thread-283] INFO  impl.RaftServerImpl (RaftServerImpl.java:setRole(204)) - 630f7d82-7405-430a-acc4-3cca1d2988c7@group-451F57A0DF90: changes role from  FOLLOWER to CANDIDATE at term 0 for changeToCandidate
2020-12-22 13:10:46,454 [Thread-283] INFO  impl.RoleInfo (RoleInfo.java:updateAndGet(143)) - 630f7d82-7405-430a-acc4-3cca1d2988c7: start 630f7d82-7405-430a-acc4-3cca1d2988c7@group-451F57A0DF90-LeaderElection4
2020-12-22 13:10:46,464 [org.apache.ratis.server.JvmPauseMonitor@20d8f8d6-Monitor] WARN  server.JvmPauseMonitor (JvmPauseMonitor.java:run(141)) - Detected pause in JVM or host machine (eg GC): pause of approximately 9ms
GC pool 'PS MarkSweep' had collection(s): count=1 time=153ms
GC pool 'PS Scavenge' had collection(s): count=2 time=52ms
2020-12-22 13:10:46,471 [grpc-default-executor-2] INFO  ratis.XceiverServerRatis (XceiverServerRatis.java:handleLeaderChangedNotification(854)) - Leader change notification received for group: group-197856EE50CC with new leaderId: cfc7b2a2-0619-4c85-8419-784b4b9eda1c
2020-12-22 13:10:46,471 [grpc-default-executor-2] INFO  impl.RaftServerImpl (ServerState.java:setLeader(256)) - d23545be-7951-4ced-9e1c-af6ad8e842b2@group-197856EE50CC: change Leader from null to cfc7b2a2-0619-4c85-8419-784b4b9eda1c at term 1 for appendEntries, leader elected after 1555ms
2020-12-22 13:10:46,473 [grpc-default-executor-0] INFO  ratis.XceiverServerRatis (XceiverServerRatis.java:handleLeaderChangedNotification(854)) - Leader change notification received for group: group-197856EE50CC with new leaderId: cfc7b2a2-0619-4c85-8419-784b4b9eda1c
2020-12-22 13:10:46,473 [grpc-default-executor-0] INFO  impl.RaftServerImpl (ServerState.java:setLeader(256)) - a9e5f8c8-f1d2-4256-bab8-e403c630398b@group-197856EE50CC: change Leader from null to cfc7b2a2-0619-4c85-8419-784b4b9eda1c at term 1 for appendEntries, leader elected after 838ms
2020-12-22 13:10:46,486 [org.apache.ratis.server.JvmPauseMonitor@61f7d7f2-Monitor] WARN  server.JvmPauseMonitor (JvmPauseMonitor.java:run(141)) - Detected pause in JVM or host machine (eg GC): pause of approximately 9ms
GC pool 'PS MarkSweep' had collection(s): count=1 time=153ms
GC pool 'PS Scavenge' had collection(s): count=2 time=52ms
2020-12-22 13:10:46,488 [630f7d82-7405-430a-acc4-3cca1d2988c7@group-22EF2DA5B5E3-LeaderElection3] INFO  impl.LeaderElection (LeaderElection.java:askForVotes(215)) - 630f7d82-7405-430a-acc4-3cca1d2988c7@group-22EF2DA5B5E3-LeaderElection3: begin an election at term 1 for -1: [630f7d82-7405-430a-acc4-3cca1d2988c7|rpc:172.17.0.2:39527, a9e5f8c8-f1d2-4256-bab8-e403c630398b|rpc:172.17.0.2:36741, d23545be-7951-4ced-9e1c-af6ad8e842b2|rpc:172.17.0.2:35453], old=null
2020-12-22 13:10:46,494 [org.apache.ratis.server.JvmPauseMonitor@1680b38d-Monitor] WARN  server.JvmPauseMonitor (JvmPauseMonitor.java:run(141)) - Detected pause in JVM or host machine (eg GC): pause of approximately 11ms
GC pool 'PS MarkSweep' had collection(s): count=1 time=153ms
GC pool 'PS Scavenge' had collection(s): count=2 time=52ms
2020-12-22 13:10:46,530 [630f7d82-7405-430a-acc4-3cca1d2988c7@group-451F57A0DF90-LeaderElection4] INFO  impl.LeaderElection (LeaderElection.java:askForVotes(215)) - 630f7d82-7405-430a-acc4-3cca1d2988c7@group-451F57A0DF90-LeaderElection4: begin an election at term 1 for -1: [630f7d82-7405-430a-acc4-3cca1d2988c7|rpc:172.17.0.2:39527], old=null
2020-12-22 13:10:46,530 [630f7d82-7405-430a-acc4-3cca1d2988c7@group-451F57A0DF90-LeaderElection4] INFO  impl.RoleInfo (RoleInfo.java:shutdownLeaderElection(134)) - 630f7d82-7405-430a-acc4-3cca1d2988c7: shutdown 630f7d82-7405-430a-acc4-3cca1d2988c7@group-451F57A0DF90-LeaderElection4
2020-12-22 13:10:46,530 [630f7d82-7405-430a-acc4-3cca1d2988c7@group-451F57A0DF90-LeaderElection4] INFO  impl.RaftServerImpl (RaftServerImpl.java:setRole(204)) - 630f7d82-7405-430a-acc4-3cca1d2988c7@group-451F57A0DF90: changes role from CANDIDATE to LEADER at term 1 for changeToLeader
2020-12-22 13:10:46,530 [630f7d82-7405-430a-acc4-3cca1d2988c7@group-451F57A0DF90-LeaderElection4] INFO  ratis.XceiverServerRatis (XceiverServerRatis.java:handleLeaderChangedNotification(854)) - Leader change notification received for group: group-451F57A0DF90 with new leaderId: 630f7d82-7405-430a-acc4-3cca1d2988c7
2020-12-22 13:10:46,535 [630f7d82-7405-430a-acc4-3cca1d2988c7@group-451F57A0DF90-LeaderElection4] INFO  impl.RaftServerImpl (ServerState.java:setLeader(256)) - 630f7d82-7405-430a-acc4-3cca1d2988c7@group-451F57A0DF90: change Leader from null to 630f7d82-7405-430a-acc4-3cca1d2988c7 at term 1 for becomeLeader, leader elected after 1186ms
2020-12-22 13:10:46,535 [630f7d82-7405-430a-acc4-3cca1d2988c7@group-451F57A0DF90-LeaderElection4] INFO  server.RaftServerConfigKeys (ConfUtils.java:logGet(44)) - raft.server.staging.catchup.gap = 1000 (default)
2020-12-22 13:10:46,535 [630f7d82-7405-430a-acc4-3cca1d2988c7@group-451F57A0DF90-LeaderElection4] INFO  server.RaftServerConfigKeys (ConfUtils.java:logGet(44)) - raft.server.rpc.sleep.time = 25ms (default)
2020-12-22 13:10:46,535 [630f7d82-7405-430a-acc4-3cca1d2988c7@group-451F57A0DF90-LeaderElection4] INFO  metrics.RatisMetrics (RatisMetrics.java:lambda$create$0(36)) - Creating Metrics Registry : ratis.log_appender.630f7d82-7405-430a-acc4-3cca1d2988c7@group-451F57A0DF90
2020-12-22 13:10:46,535 [630f7d82-7405-430a-acc4-3cca1d2988c7@group-451F57A0DF90-LeaderElection4] INFO  server.RaftServerConfigKeys (ConfUtils.java:logGet(44)) - raft.server.write.element-limit = 1024 (custom)
2020-12-22 13:10:46,535 [630f7d82-7405-430a-acc4-3cca1d2988c7@group-451F57A0DF90-LeaderElection4] INFO  server.RaftServerConfigKeys (ConfUtils.java:logGet(44)) - raft.server.write.byte-limit = 1073741824 (custom)
2020-12-22 13:10:46,538 [Command processor thread] INFO  impl.RaftServerProxy (RaftServerProxy.java:addNew(93)) - 0b95e776-5e46-4213-b3c0-ade9dce9a7dd: addNew group-1533D229CD97:[0b95e776-5e46-4213-b3c0-ade9dce9a7dd|rpc:172.17.0.2:38657] returns group-1533D229CD97:java.util.concurrent.CompletableFuture@54730fe[Not completed]
2020-12-22 13:10:46,540 [grpc-default-executor-1] INFO  impl.RaftServerImpl (RaftServerImpl.java:setRole(204)) - d23545be-7951-4ced-9e1c-af6ad8e842b2@group-22EF2DA5B5E3: changes role from  FOLLOWER to FOLLOWER at term 1 for recognizeCandidate:630f7d82-7405-430a-acc4-3cca1d2988c7
2020-12-22 13:10:46,540 [grpc-default-executor-1] INFO  impl.RoleInfo (RoleInfo.java:shutdownFollowerState(121)) - d23545be-7951-4ced-9e1c-af6ad8e842b2: shutdown d23545be-7951-4ced-9e1c-af6ad8e842b2@group-22EF2DA5B5E3-FollowerState
2020-12-22 13:10:46,540 [grpc-default-executor-1] INFO  impl.RoleInfo (RoleInfo.java:updateAndGet(143)) - d23545be-7951-4ced-9e1c-af6ad8e842b2: start d23545be-7951-4ced-9e1c-af6ad8e842b2@group-22EF2DA5B5E3-FollowerState
2020-12-22 13:10:46,541 [Thread-303] INFO  impl.FollowerState (FollowerState.java:run(137)) - d23545be-7951-4ced-9e1c-af6ad8e842b2@group-22EF2DA5B5E3-FollowerState was interrupted: {}
java.lang.InterruptedException: sleep interrupted
	at java.lang.Thread.sleep(Native Method)
	at org.apache.ratis.util.JavaUtils.sleep(JavaUtils.java:250)
	at org.apache.ratis.server.impl.FollowerState.run(FollowerState.java:116)
2020-12-22 13:10:46,541 [grpc-default-executor-1] INFO  impl.RaftServerImpl (RaftServerImpl.java:requestVote(963)) -  FOLLOWER d23545be-7951-4ced-9e1c-af6ad8e842b2@group-22EF2DA5B5E3:t1, leader=null, voted=null, raftlog=d23545be-7951-4ced-9e1c-af6ad8e842b2@group-22EF2DA5B5E3-SegmentedRaftLog:OPENED:c-1,f-1,i0, conf=-1: [630f7d82-7405-430a-acc4-3cca1d2988c7|rpc:172.17.0.2:39527, a9e5f8c8-f1d2-4256-bab8-e403c630398b|rpc:172.17.0.2:36741, d23545be-7951-4ced-9e1c-af6ad8e842b2|rpc:172.17.0.2:35453], old=null RUNNING priority:0 candidate:630f7d82-7405-430a-acc4-3cca1d2988c7|rpc:172.17.0.2:39527 candidatePriority:0 compare:0
2020-12-22 13:10:46,547 [pool-146-thread-1] INFO  impl.RaftServerImpl (RaftServerImpl.java:<init>(121)) - 0b95e776-5e46-4213-b3c0-ade9dce9a7dd: new RaftServerImpl for group-1533D229CD97:[0b95e776-5e46-4213-b3c0-ade9dce9a7dd|rpc:172.17.0.2:38657] with ContainerStateMachine:uninitialized
2020-12-22 13:10:46,547 [pool-146-thread-1] INFO  server.RaftServerConfigKeys (ConfUtils.java:logGet(44)) - raft.server.rpc.timeout.min = 1s (custom)
2020-12-22 13:10:46,547 [pool-146-thread-1] INFO  server.RaftServerConfigKeys (ConfUtils.java:logGet(44)) - raft.server.rpc.timeout.max = 1200ms (custom)
2020-12-22 13:10:46,547 [pool-146-thread-1] INFO  server.RaftServerConfigKeys (ConfUtils.java:logGet(44)) - raft.server.rpc.slowness.timeout = 300000ms (custom)
2020-12-22 13:10:46,547 [pool-146-thread-1] INFO  server.RaftServerConfigKeys (ConfUtils.java:logGet(44)) - raft.server.leaderelection.leader.step-down.wait-time = 10s (default)
2020-12-22 13:10:46,547 [pool-146-thread-1] INFO  server.RaftServerConfigKeys (ConfUtils.java:logGet(44)) - raft.server.sleep.deviation.threshold = 300 (default)
2020-12-22 13:10:46,547 [pool-146-thread-1] INFO  server.RaftServerConfigKeys (ConfUtils.java:logGet(44)) - raft.server.log.appender.install.snapshot.enabled = false (custom)
2020-12-22 13:10:46,547 [pool-146-thread-1] INFO  impl.RaftServerImpl (ServerState.java:<init>(104)) - 0b95e776-5e46-4213-b3c0-ade9dce9a7dd@group-1533D229CD97: ConfigurationManager, init=-1: [0b95e776-5e46-4213-b3c0-ade9dce9a7dd|rpc:172.17.0.2:38657], old=null, confs=<EMPTY_MAP>
2020-12-22 13:10:46,548 [pool-146-thread-1] INFO  server.RaftServerConfigKeys (ConfUtils.java:logGet(44)) - raft.server.storage.dir = [/github/workspace/mnt/ozone/hadoop-ozone/integration-test/target/test-dir/MiniOzoneClusterImpl-0c7722d3-6e51-44b5-a6be-ee21012bb99e/datanode-7/data/ratis] (custom)
2020-12-22 13:10:46,548 [pool-146-thread-1] INFO  server.RaftServerConfigKeys (ConfUtils.java:logGet(44)) - raft.server.log.corruption.policy = EXCEPTION (default)
2020-12-22 13:10:46,548 [pool-146-thread-1] INFO  storage.RaftStorageDirectory (RaftStorageDirectory.java:analyzeStorage(261)) - The storage directory /github/workspace/mnt/ozone/hadoop-ozone/integration-test/target/test-dir/MiniOzoneClusterImpl-0c7722d3-6e51-44b5-a6be-ee21012bb99e/datanode-7/data/ratis/e3c73548-12da-446d-9a3b-1533d229cd97 does not exist. Creating ...
2020-12-22 13:10:46,549 [pool-146-thread-1] INFO  storage.RaftStorageDirectory (RaftStorageDirectory.java:tryLock(343)) - Lock on /github/workspace/mnt/ozone/hadoop-ozone/integration-test/target/test-dir/MiniOzoneClusterImpl-0c7722d3-6e51-44b5-a6be-ee21012bb99e/datanode-7/data/ratis/e3c73548-12da-446d-9a3b-1533d229cd97/in_use.lock acquired by nodename 399@60c1c0eb1cfd
2020-12-22 13:10:46,549 [630f7d82-7405-430a-acc4-3cca1d2988c7@group-451F57A0DF90-LeaderElection4] INFO  server.RaftServerConfigKeys (ConfUtils.java:logGet(44)) - raft.server.watch.timeout = 3000ms (custom)
2020-12-22 13:10:46,552 [630f7d82-7405-430a-acc4-3cca1d2988c7@group-451F57A0DF90-LeaderElection4] INFO  server.RaftServerConfigKeys (ConfUtils.java:logGet(44)) - raft.server.watch.timeout.denomination = 1s (default)
2020-12-22 13:10:46,552 [630f7d82-7405-430a-acc4-3cca1d2988c7@group-451F57A0DF90-LeaderElection4] INFO  server.RaftServerConfigKeys (ConfUtils.java:logGet(44)) - raft.server.watch.element-limit = 65536 (default)
2020-12-22 13:10:46,552 [630f7d82-7405-430a-acc4-3cca1d2988c7@group-451F57A0DF90-LeaderElection4] INFO  impl.RoleInfo (RoleInfo.java:updateAndGet(143)) - 630f7d82-7405-430a-acc4-3cca1d2988c7: start 630f7d82-7405-430a-acc4-3cca1d2988c7@group-451F57A0DF90-LeaderState
2020-12-22 13:10:46,553 [630f7d82-7405-430a-acc4-3cca1d2988c7@group-451F57A0DF90-LeaderElection4] INFO  segmented.SegmentedRaftLogWorker (SegmentedRaftLogWorker.java:startLogSegment(398)) - 630f7d82-7405-430a-acc4-3cca1d2988c7@group-451F57A0DF90-SegmentedRaftLogWorker: Starting segment from index:0
2020-12-22 13:10:46,554 [630f7d82-7405-430a-acc4-3cca1d2988c7@group-451F57A0DF90-LeaderElection4] INFO  impl.RaftServerImpl (ServerState.java:setRaftConf(374)) - 630f7d82-7405-430a-acc4-3cca1d2988c7@group-451F57A0DF90: set configuration 0: [630f7d82-7405-430a-acc4-3cca1d2988c7|rpc:172.17.0.2:39527|dataStream:], old=null at 0
2020-12-22 13:10:46,558 [org.apache.ratis.server.JvmPauseMonitor@725d4b0f-Monitor] WARN  server.JvmPauseMonitor (JvmPauseMonitor.java:run(141)) - Detected pause in JVM or host machine (eg GC): pause of approximately 6ms
GC pool 'PS MarkSweep' had collection(s): count=1 time=153ms
GC pool 'PS Scavenge' had collection(s): count=2 time=52ms
2020-12-22 13:10:46,559 [pool-146-thread-1] INFO  storage.RaftStorage (RaftStorage.java:format(85)) - Storage directory /github/workspace/mnt/ozone/hadoop-ozone/integration-test/target/test-dir/MiniOzoneClusterImpl-0c7722d3-6e51-44b5-a6be-ee21012bb99e/datanode-7/data/ratis/e3c73548-12da-446d-9a3b-1533d229cd97 has been successfully formatted.
2020-12-22 13:10:46,559 [pool-146-thread-1] INFO  ratis.ContainerStateMachine (ContainerStateMachine.java:loadSnapshot(225)) - group-1533D229CD97: The snapshot info is null. Setting the last applied indexto:(t:0, i:~)
2020-12-22 13:10:46,559 [pool-146-thread-1] INFO  server.RaftServerConfigKeys (ConfUtils.java:logGet(44)) - raft.server.notification.no-leader.timeout = 300000ms (custom)
2020-12-22 13:10:46,559 [pool-146-thread-1] INFO  server.RaftServerConfigKeys (ConfUtils.java:logGet(44)) - raft.server.log.use.memory = false (default)
2020-12-22 13:10:46,560 [pool-146-thread-1] INFO  server.RaftServerConfigKeys (ConfUtils.java:logGet(44)) - raft.server.log.purge.gap = 1000000 (custom)
2020-12-22 13:10:46,560 [pool-146-thread-1] INFO  metrics.RatisMetrics (RatisMetrics.java:lambda$create$0(36)) - Creating Metrics Registry : ratis.log_worker.0b95e776-5e46-4213-b3c0-ade9dce9a7dd@group-1533D229CD97
2020-12-22 13:10:46,560 [pool-146-thread-1] INFO  server.RaftServerConfigKeys (ConfUtils.java:logGet(44)) - raft.server.log.appender.buffer.byte-limit = 33554432 (custom)
2020-12-22 13:10:46,560 [pool-146-thread-1] INFO  server.RaftServerConfigKeys (ConfUtils.java:logGet(44)) - raft.server.log.segment.size.max = 1048576 (custom)
2020-12-22 13:10:46,560 [pool-146-thread-1] INFO  server.RaftServerConfigKeys (ConfUtils.java:logGet(44)) - raft.server.log.segment.cache.num.max = 2 (custom)
2020-12-22 13:10:46,561 [pool-146-thread-1] INFO  segmented.SegmentedRaftLogWorker (SegmentedRaftLogWorker.java:<init>(180)) - new 0b95e776-5e46-4213-b3c0-ade9dce9a7dd@group-1533D229CD97-SegmentedRaftLogWorker for RaftStorage:Storage Directory /github/workspace/mnt/ozone/hadoop-ozone/integration-test/target/test-dir/MiniOzoneClusterImpl-0c7722d3-6e51-44b5-a6be-ee21012bb99e/datanode-7/data/ratis/e3c73548-12da-446d-9a3b-1533d229cd97
2020-12-22 13:10:46,561 [pool-146-thread-1] INFO  server.RaftServerConfigKeys (ConfUtils.java:logGet(44)) - raft.server.log.queue.byte-limit = 2147483647 (custom)
2020-12-22 13:10:46,561 [pool-146-thread-1] INFO  server.RaftServerConfigKeys (ConfUtils.java:logGet(44)) - raft.server.log.queue.element-limit = 1024 (custom)
2020-12-22 13:10:46,561 [pool-146-thread-1] INFO  server.RaftServerConfigKeys (ConfUtils.java:logGet(44)) - raft.server.log.segment.size.max = 1048576 (custom)
2020-12-22 13:10:46,561 [pool-146-thread-1] INFO  server.RaftServerConfigKeys (ConfUtils.java:logGet(44)) - raft.server.log.preallocated.size = 16384 (custom)
2020-12-22 13:10:46,561 [pool-146-thread-1] INFO  server.RaftServerConfigKeys (ConfUtils.java:logGet(44)) - raft.server.log.write.buffer.size = 1048576 (custom)
2020-12-22 13:10:46,561 [pool-146-thread-1] INFO  server.RaftServerConfigKeys (ConfUtils.java:logGet(44)) - raft.server.log.force.sync.num = 128 (default)
2020-12-22 13:10:46,561 [pool-146-thread-1] INFO  server.RaftServerConfigKeys (ConfUtils.java:logGet(44)) - raft.server.log.statemachine.data.sync = true (default)
2020-12-22 13:10:46,561 [pool-146-thread-1] INFO  server.RaftServerConfigKeys (ConfUtils.java:logGet(44)) - raft.server.log.statemachine.data.sync.timeout = 10s (default)
2020-12-22 13:10:46,561 [pool-146-thread-1] INFO  server.RaftServerConfigKeys (ConfUtils.java:logGet(44)) - raft.server.log.statemachine.data.sync.timeout.retry = -1 (default)
2020-12-22 13:10:46,563 [EventQueue-PipelineReportForPipelineReportHandler] INFO  pipeline.PipelineStateManager (PipelineStateManager.java:openPipeline(132)) - Pipeline Pipeline[ Id: e3c73548-12da-446d-9a3b-1533d229cd97, Nodes: 0b95e776-5e46-4213-b3c0-ade9dce9a7dd{ip: 172.17.0.2, host: 60c1c0eb1cfd, networkLocation: /rack1, certSerialId: null, persistedOpState: IN_SERVICE, persistedOpStateExpiryEpochSec: 0}, Type:RATIS, Factor:ONE, State:ALLOCATED, leaderId:0b95e776-5e46-4213-b3c0-ade9dce9a7dd, CreationTimestamp2020-12-22T13:10:43.542Z] moved to OPEN state
2020-12-22 13:10:46,564 [grpc-default-executor-2] INFO  impl.RaftServerImpl (ServerState.java:setRaftConf(374)) - a9e5f8c8-f1d2-4256-bab8-e403c630398b@group-197856EE50CC: set configuration 0: [cfc7b2a2-0619-4c85-8419-784b4b9eda1c|rpc:172.17.0.2:40143|dataStream:, a9e5f8c8-f1d2-4256-bab8-e403c630398b|rpc:172.17.0.2:36741|dataStream:, d23545be-7951-4ced-9e1c-af6ad8e842b2|rpc:172.17.0.2:35453|dataStream:], old=null at 0
2020-12-22 13:10:46,564 [grpc-default-executor-0] INFO  impl.RaftServerImpl (ServerState.java:setRaftConf(374)) - d23545be-7951-4ced-9e1c-af6ad8e842b2@group-197856EE50CC: set configuration 0: [cfc7b2a2-0619-4c85-8419-784b4b9eda1c|rpc:172.17.0.2:40143|dataStream:, a9e5f8c8-f1d2-4256-bab8-e403c630398b|rpc:172.17.0.2:36741|dataStream:, d23545be-7951-4ced-9e1c-af6ad8e842b2|rpc:172.17.0.2:35453|dataStream:], old=null at 0
2020-12-22 13:10:46,566 [630f7d82-7405-430a-acc4-3cca1d2988c7@group-22EF2DA5B5E3-LeaderElection3] INFO  impl.LeaderElection (LeaderElection.java:logAndReturn(65)) - 630f7d82-7405-430a-acc4-3cca1d2988c7@group-22EF2DA5B5E3-LeaderElection3: Election PASSED; received 1 response(s) [630f7d82-7405-430a-acc4-3cca1d2988c7<-d23545be-7951-4ced-9e1c-af6ad8e842b2#0:OK-t1] and 0 exception(s); 630f7d82-7405-430a-acc4-3cca1d2988c7@group-22EF2DA5B5E3:t1, leader=null, voted=630f7d82-7405-430a-acc4-3cca1d2988c7, raftlog=630f7d82-7405-430a-acc4-3cca1d2988c7@group-22EF2DA5B5E3-SegmentedRaftLog:OPENED:c-1,f-1,i0, conf=-1: [630f7d82-7405-430a-acc4-3cca1d2988c7|rpc:172.17.0.2:39527, a9e5f8c8-f1d2-4256-bab8-e403c630398b|rpc:172.17.0.2:36741, d23545be-7951-4ced-9e1c-af6ad8e842b2|rpc:172.17.0.2:35453], old=null
2020-12-22 13:10:46,566 [630f7d82-7405-430a-acc4-3cca1d2988c7@group-22EF2DA5B5E3-LeaderElection3] INFO  impl.RoleInfo (RoleInfo.java:shutdownLeaderElection(134)) - 630f7d82-7405-430a-acc4-3cca1d2988c7: shutdown 630f7d82-7405-430a-acc4-3cca1d2988c7@group-22EF2DA5B5E3-LeaderElection3
2020-12-22 13:10:46,565 [grpc-default-executor-3] INFO  impl.RaftServerImpl (RaftServerImpl.java:setRole(204)) - a9e5f8c8-f1d2-4256-bab8-e403c630398b@group-22EF2DA5B5E3: changes role from  FOLLOWER to FOLLOWER at term 1 for recognizeCandidate:630f7d82-7405-430a-acc4-3cca1d2988c7
2020-12-22 13:10:46,567 [grpc-default-executor-3] INFO  impl.RoleInfo (RoleInfo.java:shutdownFollowerState(121)) - a9e5f8c8-f1d2-4256-bab8-e403c630398b: shutdown a9e5f8c8-f1d2-4256-bab8-e403c630398b@group-22EF2DA5B5E3-FollowerState
2020-12-22 13:10:46,567 [grpc-default-executor-3] INFO  impl.RoleInfo (RoleInfo.java:updateAndGet(143)) - a9e5f8c8-f1d2-4256-bab8-e403c630398b: start a9e5f8c8-f1d2-4256-bab8-e403c630398b@group-22EF2DA5B5E3-FollowerState
2020-12-22 13:10:46,567 [Thread-293] INFO  impl.FollowerState (FollowerState.java:run(137)) - a9e5f8c8-f1d2-4256-bab8-e403c630398b@group-22EF2DA5B5E3-FollowerState was interrupted: {}
java.lang.InterruptedException: sleep interrupted
	at java.lang.Thread.sleep(Native Method)
	at org.apache.ratis.util.JavaUtils.sleep(JavaUtils.java:250)
	at org.apache.ratis.server.impl.FollowerState.run(FollowerState.java:116)
2020-12-22 13:10:46,570 [grpc-default-executor-3] INFO  impl.RaftServerImpl (RaftServerImpl.java:requestVote(963)) -  FOLLOWER a9e5f8c8-f1d2-4256-bab8-e403c630398b@group-22EF2DA5B5E3:t1, leader=null, voted=null, raftlog=a9e5f8c8-f1d2-4256-bab8-e403c630398b@group-22EF2DA5B5E3-SegmentedRaftLog:OPENED:c-1,f-1,i0, conf=-1: [630f7d82-7405-430a-acc4-3cca1d2988c7|rpc:172.17.0.2:39527|dataStream:, a9e5f8c8-f1d2-4256-bab8-e403c630398b|rpc:172.17.0.2:36741|dataStream:, d23545be-7951-4ced-9e1c-af6ad8e842b2|rpc:172.17.0.2:35453|dataStream:], old=null RUNNING priority:0 candidate:630f7d82-7405-430a-acc4-3cca1d2988c7|rpc:172.17.0.2:39527|dataStream: candidatePriority:0 compare:0
2020-12-22 13:10:46,570 [630f7d82-7405-430a-acc4-3cca1d2988c7@group-22EF2DA5B5E3-LeaderElection3] INFO  impl.RaftServerImpl (RaftServerImpl.java:setRole(204)) - 630f7d82-7405-430a-acc4-3cca1d2988c7@group-22EF2DA5B5E3: changes role from CANDIDATE to LEADER at term 1 for changeToLeader
2020-12-22 13:10:46,570 [630f7d82-7405-430a-acc4-3cca1d2988c7@group-22EF2DA5B5E3-LeaderElection3] INFO  ratis.XceiverServerRatis (XceiverServerRatis.java:handleLeaderChangedNotification(854)) - Leader change notification received for group: group-22EF2DA5B5E3 with new leaderId: 630f7d82-7405-430a-acc4-3cca1d2988c7
2020-12-22 13:10:46,571 [630f7d82-7405-430a-acc4-3cca1d2988c7@group-22EF2DA5B5E3-LeaderElection3] INFO  impl.RaftServerImpl (ServerState.java:setLeader(256)) - 630f7d82-7405-430a-acc4-3cca1d2988c7@group-22EF2DA5B5E3: change Leader from null to 630f7d82-7405-430a-acc4-3cca1d2988c7 at term 1 for becomeLeader, leader elected after 1172ms
2020-12-22 13:10:46,571 [630f7d82-7405-430a-acc4-3cca1d2988c7@group-22EF2DA5B5E3-LeaderElection3] INFO  server.RaftServerConfigKeys (ConfUtils.java:logGet(44)) - raft.server.staging.catchup.gap = 1000 (default)
2020-12-22 13:10:46,571 [630f7d82-7405-430a-acc4-3cca1d2988c7@group-22EF2DA5B5E3-LeaderElection3] INFO  server.RaftServerConfigKeys (ConfUtils.java:logGet(44)) - raft.server.rpc.sleep.time = 25ms (default)
2020-12-22 13:10:46,571 [630f7d82-7405-430a-acc4-3cca1d2988c7@group-22EF2DA5B5E3-LeaderElection3] INFO  metrics.RatisMetrics (RatisMetrics.java:lambda$create$0(36)) - Creating Metrics Registry : ratis.log_appender.630f7d82-7405-430a-acc4-3cca1d2988c7@group-22EF2DA5B5E3
2020-12-22 13:10:46,571 [630f7d82-7405-430a-acc4-3cca1d2988c7@group-22EF2DA5B5E3-LeaderElection3] INFO  server.RaftServerConfigKeys (ConfUtils.java:logGet(44)) - raft.server.write.element-limit = 1024 (custom)
2020-12-22 13:10:46,571 [630f7d82-7405-430a-acc4-3cca1d2988c7@group-22EF2DA5B5E3-LeaderElection3] INFO  server.RaftServerConfigKeys (ConfUtils.java:logGet(44)) - raft.server.write.byte-limit = 1073741824 (custom)
2020-12-22 13:10:46,573 [EventQueue-PipelineReportForPipelineReportHandler] INFO  pipeline.PipelineStateManager (PipelineStateManager.java:openPipeline(132)) - Pipeline Pipeline[ Id: 1db8be16-ed77-4592-8cde-22ef2da5b5e3, Nodes: 630f7d82-7405-430a-acc4-3cca1d2988c7{ip: 172.17.0.2, host: 60c1c0eb1cfd, networkLocation: /rack1, certSerialId: null, persistedOpState: IN_SERVICE, persistedOpStateExpiryEpochSec: 0}a9e5f8c8-f1d2-4256-bab8-e403c630398b{ip: 172.17.0.2, host: 60c1c0eb1cfd, networkLocation: /rack1, certSerialId: null, persistedOpState: IN_SERVICE, persistedOpStateExpiryEpochSec: 0}d23545be-7951-4ced-9e1c-af6ad8e842b2{ip: 172.17.0.2, host: 60c1c0eb1cfd, networkLocation: /rack1, certSerialId: null, persistedOpState: IN_SERVICE, persistedOpStateExpiryEpochSec: 0}, Type:RATIS, Factor:THREE, State:ALLOCATED, leaderId:630f7d82-7405-430a-acc4-3cca1d2988c7, CreationTimestamp2020-12-22T13:10:42.716Z] moved to OPEN state
2020-12-22 13:10:46,574 [grpc-default-executor-2] INFO  segmented.SegmentedRaftLogWorker (SegmentedRaftLogWorker.java:startLogSegment(398)) - a9e5f8c8-f1d2-4256-bab8-e403c630398b@group-197856EE50CC-SegmentedRaftLogWorker: Starting segment from index:0
2020-12-22 13:10:46,574 [630f7d82-7405-430a-acc4-3cca1d2988c7@group-22EF2DA5B5E3-LeaderElection3] INFO  server.RaftServerConfigKeys (ConfUtils.java:logGet(44)) - raft.server.watch.timeout = 3000ms (custom)
2020-12-22 13:10:46,574 [grpc-default-executor-0] INFO  segmented.SegmentedRaftLogWorker (SegmentedRaftLogWorker.java:startLogSegment(398)) - d23545be-7951-4ced-9e1c-af6ad8e842b2@group-197856EE50CC-SegmentedRaftLogWorker: Starting segment from index:0
2020-12-22 13:10:46,574 [pool-146-thread-1] INFO  server.RaftServerConfigKeys (ConfUtils.java:logGet(44)) - raft.server.log.statemachine.data.caching.enabled = true (custom)
2020-12-22 13:10:46,579 [pool-146-thread-1] INFO  segmented.SegmentedRaftLogWorker (SegmentedRaftLogWorker.java:lambda$new$0(129)) - 0b95e776-5e46-4213-b3c0-ade9dce9a7dd@group-1533D229CD97-SegmentedRaftLogWorker: flushIndex: setUnconditionally 0 -> -1
2020-12-22 13:10:46,579 [pool-146-thread-1] INFO  segmented.SegmentedRaftLogWorker (SegmentedRaftLogWorker.java:lambda$new$0(129)) - 0b95e776-5e46-4213-b3c0-ade9dce9a7dd@group-1533D229CD97-SegmentedRaftLogWorker: safeCacheEvictIndex: setUnconditionally 0 -> -1
2020-12-22 13:10:46,578 [630f7d82-7405-430a-acc4-3cca1d2988c7@group-22EF2DA5B5E3-LeaderElection3] INFO  server.RaftServerConfigKeys (ConfUtils.java:logGet(44)) - raft.server.watch.timeout.denomination = 1s (default)
2020-12-22 13:10:46,579 [630f7d82-7405-430a-acc4-3cca1d2988c7@group-22EF2DA5B5E3-LeaderElection3] INFO  server.RaftServerConfigKeys (ConfUtils.java:logGet(44)) - raft.server.watch.element-limit = 65536 (default)
2020-12-22 13:10:46,579 [630f7d82-7405-430a-acc4-3cca1d2988c7@group-22EF2DA5B5E3-LeaderElection3] INFO  server.RaftServerConfigKeys (ConfUtils.java:logGet(44)) - raft.server.log.appender.snapshot.chunk.size.max = 16MB (=16777216) (default)
2020-12-22 13:10:46,579 [630f7d82-7405-430a-acc4-3cca1d2988c7@group-22EF2DA5B5E3-LeaderElection3] INFO  server.RaftServerConfigKeys (ConfUtils.java:logGet(44)) - raft.server.log.appender.buffer.byte-limit = 33554432 (custom)
2020-12-22 13:10:46,579 [630f7d82-7405-430a-acc4-3cca1d2988c7@group-22EF2DA5B5E3-LeaderElection3] INFO  server.RaftServerConfigKeys (ConfUtils.java:logGet(44)) - raft.server.log.appender.buffer.element-limit = 1 (custom)
2020-12-22 13:10:46,586 [pool-146-thread-1] INFO  server.RaftServerConfigKeys (ConfUtils.java:logGet(44)) - raft.server.snapshot.auto.trigger.enabled = true (custom)
2020-12-22 13:10:46,586 [pool-146-thread-1] INFO  server.RaftServerConfigKeys (ConfUtils.java:logGet(44)) - raft.server.snapshot.auto.trigger.threshold = 10000 (custom)
2020-12-22 13:10:46,586 [pool-146-thread-1] INFO  server.RaftServerConfigKeys (ConfUtils.java:logGet(44)) - raft.server.snapshot.retention.file.num = 5 (custom)
2020-12-22 13:10:46,586 [pool-146-thread-1] INFO  server.RaftServerConfigKeys (ConfUtils.java:logGet(44)) - raft.server.log.purge.upto.snapshot.index = false (default)
2020-12-22 13:10:46,586 [pool-146-thread-1] INFO  server.RaftServerConfigKeys (ConfUtils.java:logGet(44)) - raft.server.retrycache.expirytime = 600000ms (custom)
2020-12-22 13:10:46,586 [pool-146-thread-1] INFO  metrics.RatisMetrics (RatisMetrics.java:lambda$create$0(36)) - Creating Metrics Registry : ratis.leader_election.0b95e776-5e46-4213-b3c0-ade9dce9a7dd@group-1533D229CD97
2020-12-22 13:10:46,587 [pool-146-thread-1] INFO  metrics.RatisMetrics (RatisMetrics.java:lambda$create$0(36)) - Creating Metrics Registry : ratis.server.0b95e776-5e46-4213-b3c0-ade9dce9a7dd@group-1533D229CD97
2020-12-22 13:10:46,588 [pool-146-thread-1] INFO  impl.RaftServerImpl (RaftServerImpl.java:start(215)) - 0b95e776-5e46-4213-b3c0-ade9dce9a7dd@group-1533D229CD97: start as a follower, conf=-1: [0b95e776-5e46-4213-b3c0-ade9dce9a7dd|rpc:172.17.0.2:38657], old=null
2020-12-22 13:10:46,588 [pool-146-thread-1] INFO  impl.RaftServerImpl (RaftServerImpl.java:setRole(204)) - 0b95e776-5e46-4213-b3c0-ade9dce9a7dd@group-1533D229CD97: changes role from      null to FOLLOWER at term 0 for startAsFollower
2020-12-22 13:10:46,588 [pool-146-thread-1] INFO  impl.RoleInfo (RoleInfo.java:updateAndGet(143)) - 0b95e776-5e46-4213-b3c0-ade9dce9a7dd: start 0b95e776-5e46-4213-b3c0-ade9dce9a7dd@group-1533D229CD97-FollowerState
2020-12-22 13:10:46,598 [pool-146-thread-1] INFO  util.JmxRegister (JmxRegister.java:tryRegister(44)) - Successfully registered JMX Bean with object name Ratis:service=RaftServer,group=group-1533D229CD97,id=0b95e776-5e46-4213-b3c0-ade9dce9a7dd
2020-12-22 13:10:46,598 [pool-146-thread-1] INFO  metrics.RatisMetrics (RatisMetrics.java:lambda$create$0(36)) - Creating Metrics Registry : ratis.state_machine.0b95e776-5e46-4213-b3c0-ade9dce9a7dd@group-1533D229CD97
2020-12-22 13:10:46,598 [630f7d82-7405-430a-acc4-3cca1d2988c7@group-22EF2DA5B5E3-LeaderElection3] INFO  grpc.GrpcConfigKeys (ConfUtils.java:logGet(44)) - raft.grpc.server.leader.outstanding.appends.max = 128 (default)
2020-12-22 13:10:46,607 [630f7d82-7405-430a-acc4-3cca1d2988c7@group-22EF2DA5B5E3-LeaderElection3] INFO  server.RaftServerConfigKeys (ConfUtils.java:logGet(44)) - raft.server.rpc.request.timeout = 3000ms (default)
2020-12-22 13:10:46,607 [630f7d82-7405-430a-acc4-3cca1d2988c7@group-22EF2DA5B5E3-LeaderElection3] INFO  server.RaftServerConfigKeys (ConfUtils.java:logGet(44)) - raft.server.log.appender.install.snapshot.enabled = false (custom)
2020-12-22 13:10:46,607 [630f7d82-7405-430a-acc4-3cca1d2988c7@group-22EF2DA5B5E3-LeaderElection3] INFO  metrics.RatisMetrics (RatisMetrics.java:lambda$create$0(36)) - Creating Metrics Registry : ratis_grpc.log_appender.630f7d82-7405-430a-acc4-3cca1d2988c7@group-22EF2DA5B5E3
2020-12-22 13:10:46,608 [630f7d82-7405-430a-acc4-3cca1d2988c7@group-22EF2DA5B5E3-LeaderElection3] INFO  server.RaftServerConfigKeys (ConfUtils.java:logGet(44)) - raft.server.log.appender.snapshot.chunk.size.max = 16MB (=16777216) (default)
2020-12-22 13:10:46,609 [630f7d82-7405-430a-acc4-3cca1d2988c7@group-22EF2DA5B5E3-LeaderElection3] INFO  server.RaftServerConfigKeys (ConfUtils.java:logGet(44)) - raft.server.log.appender.buffer.byte-limit = 33554432 (custom)
2020-12-22 13:10:46,609 [630f7d82-7405-430a-acc4-3cca1d2988c7@group-22EF2DA5B5E3-LeaderElection3] INFO  server.RaftServerConfigKeys (ConfUtils.java:logGet(44)) - raft.server.log.appender.buffer.element-limit = 1 (custom)
2020-12-22 13:10:46,609 [630f7d82-7405-430a-acc4-3cca1d2988c7@group-22EF2DA5B5E3-LeaderElection3] INFO  grpc.GrpcConfigKeys (ConfUtils.java:logGet(44)) - raft.grpc.server.leader.outstanding.appends.max = 128 (default)
2020-12-22 13:10:46,609 [630f7d82-7405-430a-acc4-3cca1d2988c7@group-22EF2DA5B5E3-LeaderElection3] INFO  server.RaftServerConfigKeys (ConfUtils.java:logGet(44)) - raft.server.rpc.request.timeout = 3000ms (default)
2020-12-22 13:10:46,609 [630f7d82-7405-430a-acc4-3cca1d2988c7@group-22EF2DA5B5E3-LeaderElection3] INFO  server.RaftServerConfigKeys (ConfUtils.java:logGet(44)) - raft.server.log.appender.install.snapshot.enabled = false (custom)
2020-12-22 13:10:46,610 [Command processor thread] INFO  commandhandler.CreatePipelineCommandHandler (CreatePipelineCommandHandler.java:handle(106)) - Created Pipeline RATIS ONE PipelineID=e3c73548-12da-446d-9a3b-1533d229cd97.
2020-12-22 13:10:46,610 [630f7d82-7405-430a-acc4-3cca1d2988c7@group-22EF2DA5B5E3-LeaderElection3] INFO  impl.RoleInfo (RoleInfo.java:updateAndGet(143)) - 630f7d82-7405-430a-acc4-3cca1d2988c7: start 630f7d82-7405-430a-acc4-3cca1d2988c7@group-22EF2DA5B5E3-LeaderState
2020-12-22 13:10:46,611 [630f7d82-7405-430a-acc4-3cca1d2988c7@group-22EF2DA5B5E3-LeaderElection3] INFO  segmented.SegmentedRaftLogWorker (SegmentedRaftLogWorker.java:startLogSegment(398)) - 630f7d82-7405-430a-acc4-3cca1d2988c7@group-22EF2DA5B5E3-SegmentedRaftLogWorker: Starting segment from index:0
2020-12-22 13:10:46,614 [630f7d82-7405-430a-acc4-3cca1d2988c7@group-22EF2DA5B5E3-LeaderElection3] INFO  impl.RaftServerImpl (ServerState.java:setRaftConf(374)) - 630f7d82-7405-430a-acc4-3cca1d2988c7@group-22EF2DA5B5E3: set configuration 0: [630f7d82-7405-430a-acc4-3cca1d2988c7|rpc:172.17.0.2:39527|dataStream:, a9e5f8c8-f1d2-4256-bab8-e403c630398b|rpc:172.17.0.2:36741|dataStream:, d23545be-7951-4ced-9e1c-af6ad8e842b2|rpc:172.17.0.2:35453|dataStream:], old=null at 0
2020-12-22 13:10:46,624 [org.apache.ratis.server.JvmPauseMonitor@568dd2b0-Monitor] WARN  server.JvmPauseMonitor (JvmPauseMonitor.java:run(141)) - Detected pause in JVM or host machine (eg GC): pause of approximately 6ms
GC pool 'PS MarkSweep' had collection(s): count=1 time=153ms
GC pool 'PS Scavenge' had collection(s): count=2 time=52ms
2020-12-22 13:10:46,628 [grpc-default-executor-2] INFO  ratis.XceiverServerRatis (XceiverServerRatis.java:handleLeaderChangedNotification(854)) - Leader change notification received for group: group-22EF2DA5B5E3 with new leaderId: 630f7d82-7405-430a-acc4-3cca1d2988c7
2020-12-22 13:10:46,628 [grpc-default-executor-2] INFO  impl.RaftServerImpl (ServerState.java:setLeader(256)) - a9e5f8c8-f1d2-4256-bab8-e403c630398b@group-22EF2DA5B5E3: change Leader from null to 630f7d82-7405-430a-acc4-3cca1d2988c7 at term 1 for appendEntries, leader elected after 723ms
2020-12-22 13:10:46,629 [grpc-default-executor-2] INFO  impl.RaftServerImpl (ServerState.java:setRaftConf(374)) - a9e5f8c8-f1d2-4256-bab8-e403c630398b@group-22EF2DA5B5E3: set configuration 0: [630f7d82-7405-430a-acc4-3cca1d2988c7|rpc:172.17.0.2:39527|dataStream:, a9e5f8c8-f1d2-4256-bab8-e403c630398b|rpc:172.17.0.2:36741|dataStream:, d23545be-7951-4ced-9e1c-af6ad8e842b2|rpc:172.17.0.2:35453|dataStream:], old=null at 0
2020-12-22 13:10:46,630 [grpc-default-executor-2] INFO  segmented.SegmentedRaftLogWorker (SegmentedRaftLogWorker.java:startLogSegment(398)) - a9e5f8c8-f1d2-4256-bab8-e403c630398b@group-22EF2DA5B5E3-SegmentedRaftLogWorker: Starting segment from index:0
2020-12-22 13:10:46,637 [grpc-default-executor-0] INFO  ratis.XceiverServerRatis (XceiverServerRatis.java:handleLeaderChangedNotification(854)) - Leader change notification received for group: group-22EF2DA5B5E3 with new leaderId: 630f7d82-7405-430a-acc4-3cca1d2988c7
2020-12-22 13:10:46,637 [grpc-default-executor-0] INFO  impl.RaftServerImpl (ServerState.java:setLeader(256)) - d23545be-7951-4ced-9e1c-af6ad8e842b2@group-22EF2DA5B5E3: change Leader from null to 630f7d82-7405-430a-acc4-3cca1d2988c7 at term 1 for appendEntries, leader elected after 569ms
2020-12-22 13:10:46,644 [grpc-default-executor-0] INFO  impl.RaftServerImpl (ServerState.java:setRaftConf(374)) - d23545be-7951-4ced-9e1c-af6ad8e842b2@group-22EF2DA5B5E3: set configuration 0: [630f7d82-7405-430a-acc4-3cca1d2988c7|rpc:172.17.0.2:39527|dataStream:, a9e5f8c8-f1d2-4256-bab8-e403c630398b|rpc:172.17.0.2:36741|dataStream:, d23545be-7951-4ced-9e1c-af6ad8e842b2|rpc:172.17.0.2:35453|dataStream:], old=null at 0
2020-12-22 13:10:46,644 [grpc-default-executor-0] INFO  segmented.SegmentedRaftLogWorker (SegmentedRaftLogWorker.java:startLogSegment(398)) - d23545be-7951-4ced-9e1c-af6ad8e842b2@group-22EF2DA5B5E3-SegmentedRaftLogWorker: Starting segment from index:0
2020-12-22 13:10:46,652 [a9e5f8c8-f1d2-4256-bab8-e403c630398b@group-197856EE50CC-SegmentedRaftLogWorker] INFO  segmented.SegmentedRaftLogWorker (SegmentedRaftLogWorker.java:execute(597)) - a9e5f8c8-f1d2-4256-bab8-e403c630398b@group-197856EE50CC-SegmentedRaftLogWorker: created new log segment /github/workspace/mnt/ozone/hadoop-ozone/integration-test/target/test-dir/MiniOzoneClusterImpl-0c7722d3-6e51-44b5-a6be-ee21012bb99e/datanode-3/data/ratis/b3d46aca-819d-4a28-9022-197856ee50cc/current/log_inprogress_0
2020-12-22 13:10:46,652 [630f7d82-7405-430a-acc4-3cca1d2988c7@group-22EF2DA5B5E3-SegmentedRaftLogWorker] INFO  segmented.SegmentedRaftLogWorker (SegmentedRaftLogWorker.java:execute(597)) - 630f7d82-7405-430a-acc4-3cca1d2988c7@group-22EF2DA5B5E3-SegmentedRaftLogWorker: created new log segment /github/workspace/mnt/ozone/hadoop-ozone/integration-test/target/test-dir/MiniOzoneClusterImpl-0c7722d3-6e51-44b5-a6be-ee21012bb99e/datanode-2/data/ratis/1db8be16-ed77-4592-8cde-22ef2da5b5e3/current/log_inprogress_0
2020-12-22 13:10:46,652 [d23545be-7951-4ced-9e1c-af6ad8e842b2@group-197856EE50CC-SegmentedRaftLogWorker] INFO  segmented.SegmentedRaftLogWorker (SegmentedRaftLogWorker.java:execute(597)) - d23545be-7951-4ced-9e1c-af6ad8e842b2@group-197856EE50CC-SegmentedRaftLogWorker: created new log segment /github/workspace/mnt/ozone/hadoop-ozone/integration-test/target/test-dir/MiniOzoneClusterImpl-0c7722d3-6e51-44b5-a6be-ee21012bb99e/datanode-0/data/ratis/b3d46aca-819d-4a28-9022-197856ee50cc/current/log_inprogress_0
2020-12-22 13:10:46,653 [a9e5f8c8-f1d2-4256-bab8-e403c630398b@group-22EF2DA5B5E3-SegmentedRaftLogWorker] INFO  segmented.SegmentedRaftLogWorker (SegmentedRaftLogWorker.java:execute(597)) - a9e5f8c8-f1d2-4256-bab8-e403c630398b@group-22EF2DA5B5E3-SegmentedRaftLogWorker: created new log segment /github/workspace/mnt/ozone/hadoop-ozone/integration-test/target/test-dir/MiniOzoneClusterImpl-0c7722d3-6e51-44b5-a6be-ee21012bb99e/datanode-3/data/ratis/1db8be16-ed77-4592-8cde-22ef2da5b5e3/current/log_inprogress_0
2020-12-22 13:10:46,656 [d23545be-7951-4ced-9e1c-af6ad8e842b2@group-22EF2DA5B5E3-SegmentedRaftLogWorker] INFO  segmented.SegmentedRaftLogWorker (SegmentedRaftLogWorker.java:execute(597)) - d23545be-7951-4ced-9e1c-af6ad8e842b2@group-22EF2DA5B5E3-SegmentedRaftLogWorker: created new log segment /github/workspace/mnt/ozone/hadoop-ozone/integration-test/target/test-dir/MiniOzoneClusterImpl-0c7722d3-6e51-44b5-a6be-ee21012bb99e/datanode-0/data/ratis/1db8be16-ed77-4592-8cde-22ef2da5b5e3/current/log_inprogress_0
2020-12-22 13:10:46,659 [630f7d82-7405-430a-acc4-3cca1d2988c7@group-451F57A0DF90-SegmentedRaftLogWorker] INFO  segmented.SegmentedRaftLogWorker (SegmentedRaftLogWorker.java:execute(597)) - 630f7d82-7405-430a-acc4-3cca1d2988c7@group-451F57A0DF90-SegmentedRaftLogWorker: created new log segment /github/workspace/mnt/ozone/hadoop-ozone/integration-test/target/test-dir/MiniOzoneClusterImpl-0c7722d3-6e51-44b5-a6be-ee21012bb99e/datanode-2/data/ratis/a1e8a107-cf05-4c5c-add5-451f57a0df90/current/log_inprogress_0
2020-12-22 13:10:46,660 [cfc7b2a2-0619-4c85-8419-784b4b9eda1c@group-197856EE50CC-SegmentedRaftLogWorker] INFO  segmented.SegmentedRaftLogWorker (SegmentedRaftLogWorker.java:execute(597)) - cfc7b2a2-0619-4c85-8419-784b4b9eda1c@group-197856EE50CC-SegmentedRaftLogWorker: created new log segment /github/workspace/mnt/ozone/hadoop-ozone/integration-test/target/test-dir/MiniOzoneClusterImpl-0c7722d3-6e51-44b5-a6be-ee21012bb99e/datanode-1/data/ratis/b3d46aca-819d-4a28-9022-197856ee50cc/current/log_inprogress_0
2020-12-22 13:10:46,790 [Command processor thread] INFO  impl.RaftServerProxy (RaftServerProxy.java:addNew(93)) - 3b8ab88f-c5e9-42ae-b9d6-c186578cc1d3: addNew group-574B8719C184:[3b8ab88f-c5e9-42ae-b9d6-c186578cc1d3|rpc:172.17.0.2:46551] returns group-574B8719C184:java.util.concurrent.CompletableFuture@720dbd18[Not completed]
2020-12-22 13:10:46,791 [pool-162-thread-1] INFO  impl.RaftServerImpl (RaftServerImpl.java:<init>(121)) - 3b8ab88f-c5e9-42ae-b9d6-c186578cc1d3: new RaftServerImpl for group-574B8719C184:[3b8ab88f-c5e9-42ae-b9d6-c186578cc1d3|rpc:172.17.0.2:46551] with ContainerStateMachine:uninitialized
2020-12-22 13:10:46,791 [pool-162-thread-1] INFO  server.RaftServerConfigKeys (ConfUtils.java:logGet(44)) - raft.server.rpc.timeout.min = 1s (custom)
2020-12-22 13:10:46,791 [pool-162-thread-1] INFO  server.RaftServerConfigKeys (ConfUtils.java:logGet(44)) - raft.server.rpc.timeout.max = 1200ms (custom)
2020-12-22 13:10:46,792 [pool-162-thread-1] INFO  server.RaftServerConfigKeys (ConfUtils.java:logGet(44)) - raft.server.rpc.slowness.timeout = 300000ms (custom)
2020-12-22 13:10:46,792 [pool-162-thread-1] INFO  server.RaftServerConfigKeys (ConfUtils.java:logGet(44)) - raft.server.leaderelection.leader.step-down.wait-time = 10s (default)
2020-12-22 13:10:46,792 [pool-162-thread-1] INFO  server.RaftServerConfigKeys (ConfUtils.java:logGet(44)) - raft.server.sleep.deviation.threshold = 300 (default)
2020-12-22 13:10:46,792 [pool-162-thread-1] INFO  server.RaftServerConfigKeys (ConfUtils.java:logGet(44)) - raft.server.log.appender.install.snapshot.enabled = false (custom)
2020-12-22 13:10:46,792 [pool-162-thread-1] INFO  impl.RaftServerImpl (ServerState.java:<init>(104)) - 3b8ab88f-c5e9-42ae-b9d6-c186578cc1d3@group-574B8719C184: ConfigurationManager, init=-1: [3b8ab88f-c5e9-42ae-b9d6-c186578cc1d3|rpc:172.17.0.2:46551], old=null, confs=<EMPTY_MAP>
2020-12-22 13:10:46,792 [pool-162-thread-1] INFO  server.RaftServerConfigKeys (ConfUtils.java:logGet(44)) - raft.server.storage.dir = [/github/workspace/mnt/ozone/hadoop-ozone/integration-test/target/test-dir/MiniOzoneClusterImpl-0c7722d3-6e51-44b5-a6be-ee21012bb99e/datanode-8/data/ratis] (custom)
2020-12-22 13:10:46,792 [pool-162-thread-1] INFO  server.RaftServerConfigKeys (ConfUtils.java:logGet(44)) - raft.server.log.corruption.policy = EXCEPTION (default)
2020-12-22 13:10:46,792 [pool-162-thread-1] INFO  storage.RaftStorageDirectory (RaftStorageDirectory.java:analyzeStorage(261)) - The storage directory /github/workspace/mnt/ozone/hadoop-ozone/integration-test/target/test-dir/MiniOzoneClusterImpl-0c7722d3-6e51-44b5-a6be-ee21012bb99e/datanode-8/data/ratis/1cd0c98e-b009-437c-a106-574b8719c184 does not exist. Creating ...
2020-12-22 13:10:46,794 [pool-162-thread-1] INFO  storage.RaftStorageDirectory (RaftStorageDirectory.java:tryLock(343)) - Lock on /github/workspace/mnt/ozone/hadoop-ozone/integration-test/target/test-dir/MiniOzoneClusterImpl-0c7722d3-6e51-44b5-a6be-ee21012bb99e/datanode-8/data/ratis/1cd0c98e-b009-437c-a106-574b8719c184/in_use.lock acquired by nodename 399@60c1c0eb1cfd
2020-12-22 13:10:46,795 [pool-162-thread-1] INFO  storage.RaftStorage (RaftStorage.java:format(85)) - Storage directory /github/workspace/mnt/ozone/hadoop-ozone/integration-test/target/test-dir/MiniOzoneClusterImpl-0c7722d3-6e51-44b5-a6be-ee21012bb99e/datanode-8/data/ratis/1cd0c98e-b009-437c-a106-574b8719c184 has been successfully formatted.
2020-12-22 13:10:46,795 [pool-162-thread-1] INFO  ratis.ContainerStateMachine (ContainerStateMachine.java:loadSnapshot(225)) - group-574B8719C184: The snapshot info is null. Setting the last applied indexto:(t:0, i:~)
2020-12-22 13:10:46,795 [pool-162-thread-1] INFO  server.RaftServerConfigKeys (ConfUtils.java:logGet(44)) - raft.server.notification.no-leader.timeout = 300000ms (custom)
2020-12-22 13:10:46,796 [pool-162-thread-1] INFO  server.RaftServerConfigKeys (ConfUtils.java:logGet(44)) - raft.server.log.use.memory = false (default)
2020-12-22 13:10:46,796 [pool-162-thread-1] INFO  server.RaftServerConfigKeys (ConfUtils.java:logGet(44)) - raft.server.log.purge.gap = 1000000 (custom)
2020-12-22 13:10:46,796 [pool-162-thread-1] INFO  metrics.RatisMetrics (RatisMetrics.java:lambda$create$0(36)) - Creating Metrics Registry : ratis.log_worker.3b8ab88f-c5e9-42ae-b9d6-c186578cc1d3@group-574B8719C184
2020-12-22 13:10:46,797 [EventQueue-PipelineReportForPipelineReportHandler] INFO  pipeline.PipelineStateManager (PipelineStateManager.java:openPipeline(132)) - Pipeline Pipeline[ Id: 1cd0c98e-b009-437c-a106-574b8719c184, Nodes: 3b8ab88f-c5e9-42ae-b9d6-c186578cc1d3{ip: 172.17.0.2, host: 60c1c0eb1cfd, networkLocation: /rack1, certSerialId: null, persistedOpState: IN_SERVICE, persistedOpStateExpiryEpochSec: 0}, Type:RATIS, Factor:ONE, State:ALLOCATED, leaderId:3b8ab88f-c5e9-42ae-b9d6-c186578cc1d3, CreationTimestamp2020-12-22T13:10:43.811Z] moved to OPEN state
2020-12-22 13:10:46,797 [pool-162-thread-1] INFO  server.RaftServerConfigKeys (ConfUtils.java:logGet(44)) - raft.server.log.appender.buffer.byte-limit = 33554432 (custom)
2020-12-22 13:10:46,798 [pool-162-thread-1] INFO  server.RaftServerConfigKeys (ConfUtils.java:logGet(44)) - raft.server.log.segment.size.max = 1048576 (custom)
2020-12-22 13:10:46,798 [pool-162-thread-1] INFO  server.RaftServerConfigKeys (ConfUtils.java:logGet(44)) - raft.server.log.segment.cache.num.max = 2 (custom)
2020-12-22 13:10:46,798 [pool-162-thread-1] INFO  segmented.SegmentedRaftLogWorker (SegmentedRaftLogWorker.java:<init>(180)) - new 3b8ab88f-c5e9-42ae-b9d6-c186578cc1d3@group-574B8719C184-SegmentedRaftLogWorker for RaftStorage:Storage Directory /github/workspace/mnt/ozone/hadoop-ozone/integration-test/target/test-dir/MiniOzoneClusterImpl-0c7722d3-6e51-44b5-a6be-ee21012bb99e/datanode-8/data/ratis/1cd0c98e-b009-437c-a106-574b8719c184
2020-12-22 13:10:46,798 [pool-162-thread-1] INFO  server.RaftServerConfigKeys (ConfUtils.java:logGet(44)) - raft.server.log.queue.byte-limit = 2147483647 (custom)
2020-12-22 13:10:46,798 [pool-162-thread-1] INFO  server.RaftServerConfigKeys (ConfUtils.java:logGet(44)) - raft.server.log.queue.element-limit = 1024 (custom)
2020-12-22 13:10:46,798 [pool-162-thread-1] INFO  server.RaftServerConfigKeys (ConfUtils.java:logGet(44)) - raft.server.log.segment.size.max = 1048576 (custom)
2020-12-22 13:10:46,799 [pool-162-thread-1] INFO  server.RaftServerConfigKeys (ConfUtils.java:logGet(44)) - raft.server.log.preallocated.size = 16384 (custom)
2020-12-22 13:10:46,799 [pool-162-thread-1] INFO  server.RaftServerConfigKeys (ConfUtils.java:logGet(44)) - raft.server.log.write.buffer.size = 1048576 (custom)
2020-12-22 13:10:46,799 [pool-162-thread-1] INFO  server.RaftServerConfigKeys (ConfUtils.java:logGet(44)) - raft.server.log.force.sync.num = 128 (default)
2020-12-22 13:10:46,799 [pool-162-thread-1] INFO  server.RaftServerConfigKeys (ConfUtils.java:logGet(44)) - raft.server.log.statemachine.data.sync = true (default)
2020-12-22 13:10:46,799 [pool-162-thread-1] INFO  server.RaftServerConfigKeys (ConfUtils.java:logGet(44)) - raft.server.log.statemachine.data.sync.timeout = 10s (default)
2020-12-22 13:10:46,799 [pool-162-thread-1] INFO  server.RaftServerConfigKeys (ConfUtils.java:logGet(44)) - raft.server.log.statemachine.data.sync.timeout.retry = -1 (default)
2020-12-22 13:10:46,801 [pool-162-thread-1] INFO  server.RaftServerConfigKeys (ConfUtils.java:logGet(44)) - raft.server.log.statemachine.data.caching.enabled = true (custom)
2020-12-22 13:10:46,801 [pool-162-thread-1] INFO  segmented.SegmentedRaftLogWorker (SegmentedRaftLogWorker.java:lambda$new$0(129)) - 3b8ab88f-c5e9-42ae-b9d6-c186578cc1d3@group-574B8719C184-SegmentedRaftLogWorker: flushIndex: setUnconditionally 0 -> -1
2020-12-22 13:10:46,801 [pool-162-thread-1] INFO  segmented.SegmentedRaftLogWorker (SegmentedRaftLogWorker.java:lambda$new$0(129)) - 3b8ab88f-c5e9-42ae-b9d6-c186578cc1d3@group-574B8719C184-SegmentedRaftLogWorker: safeCacheEvictIndex: setUnconditionally 0 -> -1
2020-12-22 13:10:46,805 [pool-162-thread-1] INFO  server.RaftServerConfigKeys (ConfUtils.java:logGet(44)) - raft.server.snapshot.auto.trigger.enabled = true (custom)
2020-12-22 13:10:46,805 [pool-162-thread-1] INFO  server.RaftServerConfigKeys (ConfUtils.java:logGet(44)) - raft.server.snapshot.auto.trigger.threshold = 10000 (custom)
2020-12-22 13:10:46,805 [pool-162-thread-1] INFO  server.RaftServerConfigKeys (ConfUtils.java:logGet(44)) - raft.server.snapshot.retention.file.num = 5 (custom)
2020-12-22 13:10:46,805 [pool-162-thread-1] INFO  server.RaftServerConfigKeys (ConfUtils.java:logGet(44)) - raft.server.log.purge.upto.snapshot.index = false (default)
2020-12-22 13:10:46,806 [pool-162-thread-1] INFO  server.RaftServerConfigKeys (ConfUtils.java:logGet(44)) - raft.server.retrycache.expirytime = 600000ms (custom)
2020-12-22 13:10:46,806 [pool-162-thread-1] INFO  metrics.RatisMetrics (RatisMetrics.java:lambda$create$0(36)) - Creating Metrics Registry : ratis.leader_election.3b8ab88f-c5e9-42ae-b9d6-c186578cc1d3@group-574B8719C184
2020-12-22 13:10:46,806 [pool-162-thread-1] INFO  metrics.RatisMetrics (RatisMetrics.java:lambda$create$0(36)) - Creating Metrics Registry : ratis.server.3b8ab88f-c5e9-42ae-b9d6-c186578cc1d3@group-574B8719C184
2020-12-22 13:10:46,807 [pool-162-thread-1] INFO  impl.RaftServerImpl (RaftServerImpl.java:start(215)) - 3b8ab88f-c5e9-42ae-b9d6-c186578cc1d3@group-574B8719C184: start as a follower, conf=-1: [3b8ab88f-c5e9-42ae-b9d6-c186578cc1d3|rpc:172.17.0.2:46551], old=null
2020-12-22 13:10:46,808 [pool-162-thread-1] INFO  impl.RaftServerImpl (RaftServerImpl.java:setRole(204)) - 3b8ab88f-c5e9-42ae-b9d6-c186578cc1d3@group-574B8719C184: changes role from      null to FOLLOWER at term 0 for startAsFollower
2020-12-22 13:10:46,808 [pool-162-thread-1] INFO  impl.RoleInfo (RoleInfo.java:updateAndGet(143)) - 3b8ab88f-c5e9-42ae-b9d6-c186578cc1d3: start 3b8ab88f-c5e9-42ae-b9d6-c186578cc1d3@group-574B8719C184-FollowerState
2020-12-22 13:10:46,814 [pool-162-thread-1] INFO  util.JmxRegister (JmxRegister.java:tryRegister(44)) - Successfully registered JMX Bean with object name Ratis:service=RaftServer,group=group-574B8719C184,id=3b8ab88f-c5e9-42ae-b9d6-c186578cc1d3
2020-12-22 13:10:46,814 [pool-162-thread-1] INFO  metrics.RatisMetrics (RatisMetrics.java:lambda$create$0(36)) - Creating Metrics Registry : ratis.state_machine.3b8ab88f-c5e9-42ae-b9d6-c186578cc1d3@group-574B8719C184
2020-12-22 13:10:46,815 [Command processor thread] INFO  commandhandler.CreatePipelineCommandHandler (CreatePipelineCommandHandler.java:handle(106)) - Created Pipeline RATIS ONE PipelineID=1cd0c98e-b009-437c-a106-574b8719c184.
2020-12-22 13:10:47,098 [Thread-301] INFO  impl.FollowerState (FollowerState.java:run(128)) - cfc7b2a2-0619-4c85-8419-784b4b9eda1c@group-6DFF0AD623B0-FollowerState: change to CANDIDATE, lastRpcTime:1022ms, electionTimeout:1020ms
2020-12-22 13:10:47,098 [Thread-301] INFO  impl.RoleInfo (RoleInfo.java:shutdownFollowerState(121)) - cfc7b2a2-0619-4c85-8419-784b4b9eda1c: shutdown cfc7b2a2-0619-4c85-8419-784b4b9eda1c@group-6DFF0AD623B0-FollowerState
2020-12-22 13:10:47,099 [Thread-301] INFO  impl.RaftServerImpl (RaftServerImpl.java:setRole(204)) - cfc7b2a2-0619-4c85-8419-784b4b9eda1c@group-6DFF0AD623B0: changes role from  FOLLOWER to CANDIDATE at term 0 for changeToCandidate
2020-12-22 13:10:47,099 [Thread-301] INFO  impl.RoleInfo (RoleInfo.java:updateAndGet(143)) - cfc7b2a2-0619-4c85-8419-784b4b9eda1c: start cfc7b2a2-0619-4c85-8419-784b4b9eda1c@group-6DFF0AD623B0-LeaderElection5
2020-12-22 13:10:47,109 [cfc7b2a2-0619-4c85-8419-784b4b9eda1c@group-6DFF0AD623B0-LeaderElection5] INFO  impl.LeaderElection (LeaderElection.java:askForVotes(215)) - cfc7b2a2-0619-4c85-8419-784b4b9eda1c@group-6DFF0AD623B0-LeaderElection5: begin an election at term 1 for -1: [cfc7b2a2-0619-4c85-8419-784b4b9eda1c|rpc:172.17.0.2:40143], old=null
2020-12-22 13:10:47,110 [cfc7b2a2-0619-4c85-8419-784b4b9eda1c@group-6DFF0AD623B0-LeaderElection5] INFO  impl.RoleInfo (RoleInfo.java:shutdownLeaderElection(134)) - cfc7b2a2-0619-4c85-8419-784b4b9eda1c: shutdown cfc7b2a2-0619-4c85-8419-784b4b9eda1c@group-6DFF0AD623B0-LeaderElection5
2020-12-22 13:10:47,110 [cfc7b2a2-0619-4c85-8419-784b4b9eda1c@group-6DFF0AD623B0-LeaderElection5] INFO  impl.RaftServerImpl (RaftServerImpl.java:setRole(204)) - cfc7b2a2-0619-4c85-8419-784b4b9eda1c@group-6DFF0AD623B0: changes role from CANDIDATE to LEADER at term 1 for changeToLeader
2020-12-22 13:10:47,110 [cfc7b2a2-0619-4c85-8419-784b4b9eda1c@group-6DFF0AD623B0-LeaderElection5] INFO  ratis.XceiverServerRatis (XceiverServerRatis.java:handleLeaderChangedNotification(854)) - Leader change notification received for group: group-6DFF0AD623B0 with new leaderId: cfc7b2a2-0619-4c85-8419-784b4b9eda1c
2020-12-22 13:10:47,110 [cfc7b2a2-0619-4c85-8419-784b4b9eda1c@group-6DFF0AD623B0-LeaderElection5] INFO  impl.RaftServerImpl (ServerState.java:setLeader(256)) - cfc7b2a2-0619-4c85-8419-784b4b9eda1c@group-6DFF0AD623B0: change Leader from null to cfc7b2a2-0619-4c85-8419-784b4b9eda1c at term 1 for becomeLeader, leader elected after 1062ms
2020-12-22 13:10:47,110 [cfc7b2a2-0619-4c85-8419-784b4b9eda1c@group-6DFF0AD623B0-LeaderElection5] INFO  server.RaftServerConfigKeys (ConfUtils.java:logGet(44)) - raft.server.staging.catchup.gap = 1000 (default)
2020-12-22 13:10:47,110 [cfc7b2a2-0619-4c85-8419-784b4b9eda1c@group-6DFF0AD623B0-LeaderElection5] INFO  server.RaftServerConfigKeys (ConfUtils.java:logGet(44)) - raft.server.rpc.sleep.time = 25ms (default)
2020-12-22 13:10:47,110 [cfc7b2a2-0619-4c85-8419-784b4b9eda1c@group-6DFF0AD623B0-LeaderElection5] INFO  metrics.RatisMetrics (RatisMetrics.java:lambda$create$0(36)) - Creating Metrics Registry : ratis.log_appender.cfc7b2a2-0619-4c85-8419-784b4b9eda1c@group-6DFF0AD623B0
2020-12-22 13:10:47,111 [cfc7b2a2-0619-4c85-8419-784b4b9eda1c@group-6DFF0AD623B0-LeaderElection5] INFO  server.RaftServerConfigKeys (ConfUtils.java:logGet(44)) - raft.server.write.element-limit = 1024 (custom)
2020-12-22 13:10:47,111 [cfc7b2a2-0619-4c85-8419-784b4b9eda1c@group-6DFF0AD623B0-LeaderElection5] INFO  server.RaftServerConfigKeys (ConfUtils.java:logGet(44)) - raft.server.write.byte-limit = 1073741824 (custom)
2020-12-22 13:10:47,111 [cfc7b2a2-0619-4c85-8419-784b4b9eda1c@group-6DFF0AD623B0-LeaderElection5] INFO  server.RaftServerConfigKeys (ConfUtils.java:logGet(44)) - raft.server.watch.timeout = 3000ms (custom)
2020-12-22 13:10:47,111 [cfc7b2a2-0619-4c85-8419-784b4b9eda1c@group-6DFF0AD623B0-LeaderElection5] INFO  server.RaftServerConfigKeys (ConfUtils.java:logGet(44)) - raft.server.watch.timeout.denomination = 1s (default)
2020-12-22 13:10:47,111 [cfc7b2a2-0619-4c85-8419-784b4b9eda1c@group-6DFF0AD623B0-LeaderElection5] INFO  server.RaftServerConfigKeys (ConfUtils.java:logGet(44)) - raft.server.watch.element-limit = 65536 (default)
2020-12-22 13:10:47,112 [cfc7b2a2-0619-4c85-8419-784b4b9eda1c@group-6DFF0AD623B0-LeaderElection5] INFO  impl.RoleInfo (RoleInfo.java:updateAndGet(143)) - cfc7b2a2-0619-4c85-8419-784b4b9eda1c: start cfc7b2a2-0619-4c85-8419-784b4b9eda1c@group-6DFF0AD623B0-LeaderState
2020-12-22 13:10:47,112 [cfc7b2a2-0619-4c85-8419-784b4b9eda1c@group-6DFF0AD623B0-LeaderElection5] INFO  segmented.SegmentedRaftLogWorker (SegmentedRaftLogWorker.java:startLogSegment(398)) - cfc7b2a2-0619-4c85-8419-784b4b9eda1c@group-6DFF0AD623B0-SegmentedRaftLogWorker: Starting segment from index:0
2020-12-22 13:10:47,116 [cfc7b2a2-0619-4c85-8419-784b4b9eda1c@group-6DFF0AD623B0-LeaderElection5] INFO  impl.RaftServerImpl (ServerState.java:setRaftConf(374)) - cfc7b2a2-0619-4c85-8419-784b4b9eda1c@group-6DFF0AD623B0: set configuration 0: [cfc7b2a2-0619-4c85-8419-784b4b9eda1c|rpc:172.17.0.2:40143|dataStream:], old=null at 0
2020-12-22 13:10:47,117 [cfc7b2a2-0619-4c85-8419-784b4b9eda1c@group-6DFF0AD623B0-SegmentedRaftLogWorker] INFO  segmented.SegmentedRaftLogWorker (SegmentedRaftLogWorker.java:execute(597)) - cfc7b2a2-0619-4c85-8419-784b4b9eda1c@group-6DFF0AD623B0-SegmentedRaftLogWorker: created new log segment /github/workspace/mnt/ozone/hadoop-ozone/integration-test/target/test-dir/MiniOzoneClusterImpl-0c7722d3-6e51-44b5-a6be-ee21012bb99e/datanode-1/data/ratis/a9947e81-80ed-457e-8457-6dff0ad623b0/current/log_inprogress_0
2020-12-22 13:10:47,139 [Thread-292] INFO  impl.FollowerState (FollowerState.java:run(128)) - 9d743c2f-cc4c-4210-bd8b-cad00ce03aed@group-6046657B8ADD-FollowerState: change to CANDIDATE, lastRpcTime:1175ms, electionTimeout:1166ms
2020-12-22 13:10:47,139 [Thread-292] INFO  impl.RoleInfo (RoleInfo.java:shutdownFollowerState(121)) - 9d743c2f-cc4c-4210-bd8b-cad00ce03aed: shutdown 9d743c2f-cc4c-4210-bd8b-cad00ce03aed@group-6046657B8ADD-FollowerState
2020-12-22 13:10:47,140 [Thread-292] INFO  impl.RaftServerImpl (RaftServerImpl.java:setRole(204)) - 9d743c2f-cc4c-4210-bd8b-cad00ce03aed@group-6046657B8ADD: changes role from  FOLLOWER to CANDIDATE at term 0 for changeToCandidate
2020-12-22 13:10:47,140 [Thread-292] INFO  impl.RoleInfo (RoleInfo.java:updateAndGet(143)) - 9d743c2f-cc4c-4210-bd8b-cad00ce03aed: start 9d743c2f-cc4c-4210-bd8b-cad00ce03aed@group-6046657B8ADD-LeaderElection6
2020-12-22 13:10:47,143 [9d743c2f-cc4c-4210-bd8b-cad00ce03aed@group-6046657B8ADD-LeaderElection6] INFO  impl.LeaderElection (LeaderElection.java:askForVotes(215)) - 9d743c2f-cc4c-4210-bd8b-cad00ce03aed@group-6046657B8ADD-LeaderElection6: begin an election at term 1 for -1: [9d743c2f-cc4c-4210-bd8b-cad00ce03aed|rpc:172.17.0.2:40485], old=null
2020-12-22 13:10:47,144 [9d743c2f-cc4c-4210-bd8b-cad00ce03aed@group-6046657B8ADD-LeaderElection6] INFO  impl.RoleInfo (RoleInfo.java:shutdownLeaderElection(134)) - 9d743c2f-cc4c-4210-bd8b-cad00ce03aed: shutdown 9d743c2f-cc4c-4210-bd8b-cad00ce03aed@group-6046657B8ADD-LeaderElection6
2020-12-22 13:10:47,144 [9d743c2f-cc4c-4210-bd8b-cad00ce03aed@group-6046657B8ADD-LeaderElection6] INFO  impl.RaftServerImpl (RaftServerImpl.java:setRole(204)) - 9d743c2f-cc4c-4210-bd8b-cad00ce03aed@group-6046657B8ADD: changes role from CANDIDATE to LEADER at term 1 for changeToLeader
2020-12-22 13:10:47,144 [9d743c2f-cc4c-4210-bd8b-cad00ce03aed@group-6046657B8ADD-LeaderElection6] INFO  ratis.XceiverServerRatis (XceiverServerRatis.java:handleLeaderChangedNotification(854)) - Leader change notification received for group: group-6046657B8ADD with new leaderId: 9d743c2f-cc4c-4210-bd8b-cad00ce03aed
2020-12-22 13:10:47,144 [9d743c2f-cc4c-4210-bd8b-cad00ce03aed@group-6046657B8ADD-LeaderElection6] INFO  impl.RaftServerImpl (ServerState.java:setLeader(256)) - 9d743c2f-cc4c-4210-bd8b-cad00ce03aed@group-6046657B8ADD: change Leader from null to 9d743c2f-cc4c-4210-bd8b-cad00ce03aed at term 1 for becomeLeader, leader elected after 1209ms
2020-12-22 13:10:47,145 [9d743c2f-cc4c-4210-bd8b-cad00ce03aed@group-6046657B8ADD-LeaderElection6] INFO  server.RaftServerConfigKeys (ConfUtils.java:logGet(44)) - raft.server.staging.catchup.gap = 1000 (default)
2020-12-22 13:10:47,145 [9d743c2f-cc4c-4210-bd8b-cad00ce03aed@group-6046657B8ADD-LeaderElection6] INFO  server.RaftServerConfigKeys (ConfUtils.java:logGet(44)) - raft.server.rpc.sleep.time = 25ms (default)
2020-12-22 13:10:47,145 [9d743c2f-cc4c-4210-bd8b-cad00ce03aed@group-6046657B8ADD-LeaderElection6] INFO  metrics.RatisMetrics (RatisMetrics.java:lambda$create$0(36)) - Creating Metrics Registry : ratis.log_appender.9d743c2f-cc4c-4210-bd8b-cad00ce03aed@group-6046657B8ADD
2020-12-22 13:10:47,145 [9d743c2f-cc4c-4210-bd8b-cad00ce03aed@group-6046657B8ADD-LeaderElection6] INFO  server.RaftServerConfigKeys (ConfUtils.java:logGet(44)) - raft.server.write.element-limit = 1024 (custom)
2020-12-22 13:10:47,145 [9d743c2f-cc4c-4210-bd8b-cad00ce03aed@group-6046657B8ADD-LeaderElection6] INFO  server.RaftServerConfigKeys (ConfUtils.java:logGet(44)) - raft.server.write.byte-limit = 1073741824 (custom)
2020-12-22 13:10:47,146 [9d743c2f-cc4c-4210-bd8b-cad00ce03aed@group-6046657B8ADD-LeaderElection6] INFO  server.RaftServerConfigKeys (ConfUtils.java:logGet(44)) - raft.server.watch.timeout = 3000ms (custom)
2020-12-22 13:10:47,146 [9d743c2f-cc4c-4210-bd8b-cad00ce03aed@group-6046657B8ADD-LeaderElection6] INFO  server.RaftServerConfigKeys (ConfUtils.java:logGet(44)) - raft.server.watch.timeout.denomination = 1s (default)
2020-12-22 13:10:47,146 [9d743c2f-cc4c-4210-bd8b-cad00ce03aed@group-6046657B8ADD-LeaderElection6] INFO  server.RaftServerConfigKeys (ConfUtils.java:logGet(44)) - raft.server.watch.element-limit = 65536 (default)
2020-12-22 13:10:47,146 [9d743c2f-cc4c-4210-bd8b-cad00ce03aed@group-6046657B8ADD-LeaderElection6] INFO  impl.RoleInfo (RoleInfo.java:updateAndGet(143)) - 9d743c2f-cc4c-4210-bd8b-cad00ce03aed: start 9d743c2f-cc4c-4210-bd8b-cad00ce03aed@group-6046657B8ADD-LeaderState
2020-12-22 13:10:47,146 [9d743c2f-cc4c-4210-bd8b-cad00ce03aed@group-6046657B8ADD-LeaderElection6] INFO  segmented.SegmentedRaftLogWorker (SegmentedRaftLogWorker.java:startLogSegment(398)) - 9d743c2f-cc4c-4210-bd8b-cad00ce03aed@group-6046657B8ADD-SegmentedRaftLogWorker: Starting segment from index:0
2020-12-22 13:10:47,147 [9d743c2f-cc4c-4210-bd8b-cad00ce03aed@group-6046657B8ADD-LeaderElection6] INFO  impl.RaftServerImpl (ServerState.java:setRaftConf(374)) - 9d743c2f-cc4c-4210-bd8b-cad00ce03aed@group-6046657B8ADD: set configuration 0: [9d743c2f-cc4c-4210-bd8b-cad00ce03aed|rpc:172.17.0.2:40485|dataStream:], old=null at 0
2020-12-22 13:10:47,148 [9d743c2f-cc4c-4210-bd8b-cad00ce03aed@group-6046657B8ADD-SegmentedRaftLogWorker] INFO  segmented.SegmentedRaftLogWorker (SegmentedRaftLogWorker.java:execute(597)) - 9d743c2f-cc4c-4210-bd8b-cad00ce03aed@group-6046657B8ADD-SegmentedRaftLogWorker: created new log segment /github/workspace/mnt/ozone/hadoop-ozone/integration-test/target/test-dir/MiniOzoneClusterImpl-0c7722d3-6e51-44b5-a6be-ee21012bb99e/datanode-4/data/ratis/5f3e7721-2f86-4e0b-892d-6046657b8add/current/log_inprogress_0
2020-12-22 13:10:47,162 [Listener at 127.0.0.1/34251] INFO  ozone.MiniOzoneClusterImpl (MiniOzoneClusterImpl.java:lambda$waitForClusterToBeReady$0(178)) - Nodes are ready. Got 10 of 10 DN Heartbeats.
2020-12-22 13:10:47,162 [Listener at 127.0.0.1/34251] INFO  ozone.MiniOzoneClusterImpl (MiniOzoneClusterImpl.java:lambda$waitForClusterToBeReady$0(181)) - Cluster exits safe mode
2020-12-22 13:10:47,164 [Command processor thread] INFO  impl.RaftServerProxy (RaftServerProxy.java:addNew(93)) - 968414a2-acfc-4d9a-a6c6-d5ffe78fa14c: addNew group-D1CF023EF876:[968414a2-acfc-4d9a-a6c6-d5ffe78fa14c|rpc:172.17.0.2:37869] returns group-D1CF023EF876:java.util.concurrent.CompletableFuture@25792100[Not completed]
2020-12-22 13:10:47,175 [pool-178-thread-1] INFO  impl.RaftServerImpl (RaftServerImpl.java:<init>(121)) - 968414a2-acfc-4d9a-a6c6-d5ffe78fa14c: new RaftServerImpl for group-D1CF023EF876:[968414a2-acfc-4d9a-a6c6-d5ffe78fa14c|rpc:172.17.0.2:37869] with ContainerStateMachine:uninitialized
2020-12-22 13:10:47,178 [pool-178-thread-1] INFO  server.RaftServerConfigKeys (ConfUtils.java:logGet(44)) - raft.server.rpc.timeout.min = 1s (custom)
2020-12-22 13:10:47,178 [pool-178-thread-1] INFO  server.RaftServerConfigKeys (ConfUtils.java:logGet(44)) - raft.server.rpc.timeout.max = 1200ms (custom)
2020-12-22 13:10:47,178 [pool-178-thread-1] INFO  server.RaftServerConfigKeys (ConfUtils.java:logGet(44)) - raft.server.rpc.slowness.timeout = 300000ms (custom)
2020-12-22 13:10:47,178 [pool-178-thread-1] INFO  server.RaftServerConfigKeys (ConfUtils.java:logGet(44)) - raft.server.leaderelection.leader.step-down.wait-time = 10s (default)
2020-12-22 13:10:47,178 [pool-178-thread-1] INFO  server.RaftServerConfigKeys (ConfUtils.java:logGet(44)) - raft.server.sleep.deviation.threshold = 300 (default)
2020-12-22 13:10:47,178 [pool-178-thread-1] INFO  server.RaftServerConfigKeys (ConfUtils.java:logGet(44)) - raft.server.log.appender.install.snapshot.enabled = false (custom)
2020-12-22 13:10:47,179 [pool-178-thread-1] INFO  impl.RaftServerImpl (ServerState.java:<init>(104)) - 968414a2-acfc-4d9a-a6c6-d5ffe78fa14c@group-D1CF023EF876: ConfigurationManager, init=-1: [968414a2-acfc-4d9a-a6c6-d5ffe78fa14c|rpc:172.17.0.2:37869], old=null, confs=<EMPTY_MAP>
2020-12-22 13:10:47,179 [pool-178-thread-1] INFO  server.RaftServerConfigKeys (ConfUtils.java:logGet(44)) - raft.server.storage.dir = [/github/workspace/mnt/ozone/hadoop-ozone/integration-test/target/test-dir/MiniOzoneClusterImpl-0c7722d3-6e51-44b5-a6be-ee21012bb99e/datanode-9/data/ratis] (custom)
2020-12-22 13:10:47,180 [pool-178-thread-1] INFO  server.RaftServerConfigKeys (ConfUtils.java:logGet(44)) - raft.server.log.corruption.policy = EXCEPTION (default)
2020-12-22 13:10:47,180 [pool-178-thread-1] INFO  storage.RaftStorageDirectory (RaftStorageDirectory.java:analyzeStorage(261)) - The storage directory /github/workspace/mnt/ozone/hadoop-ozone/integration-test/target/test-dir/MiniOzoneClusterImpl-0c7722d3-6e51-44b5-a6be-ee21012bb99e/datanode-9/data/ratis/6b9bfed4-dc63-435b-85d5-d1cf023ef876 does not exist. Creating ...
2020-12-22 13:10:47,184 [pool-178-thread-1] INFO  storage.RaftStorageDirectory (RaftStorageDirectory.java:tryLock(343)) - Lock on /github/workspace/mnt/ozone/hadoop-ozone/integration-test/target/test-dir/MiniOzoneClusterImpl-0c7722d3-6e51-44b5-a6be-ee21012bb99e/datanode-9/data/ratis/6b9bfed4-dc63-435b-85d5-d1cf023ef876/in_use.lock acquired by nodename 399@60c1c0eb1cfd
2020-12-22 13:10:47,187 [pool-178-thread-1] INFO  storage.RaftStorage (RaftStorage.java:format(85)) - Storage directory /github/workspace/mnt/ozone/hadoop-ozone/integration-test/target/test-dir/MiniOzoneClusterImpl-0c7722d3-6e51-44b5-a6be-ee21012bb99e/datanode-9/data/ratis/6b9bfed4-dc63-435b-85d5-d1cf023ef876 has been successfully formatted.
2020-12-22 13:10:47,197 [pool-178-thread-1] INFO  ratis.ContainerStateMachine (ContainerStateMachine.java:loadSnapshot(225)) - group-D1CF023EF876: The snapshot info is null. Setting the last applied indexto:(t:0, i:~)
2020-12-22 13:10:47,197 [pool-178-thread-1] INFO  server.RaftServerConfigKeys (ConfUtils.java:logGet(44)) - raft.server.notification.no-leader.timeout = 300000ms (custom)
2020-12-22 13:10:47,197 [pool-178-thread-1] INFO  server.RaftServerConfigKeys (ConfUtils.java:logGet(44)) - raft.server.log.use.memory = false (default)
2020-12-22 13:10:47,197 [pool-178-thread-1] INFO  server.RaftServerConfigKeys (ConfUtils.java:logGet(44)) - raft.server.log.purge.gap = 1000000 (custom)
2020-12-22 13:10:47,197 [pool-178-thread-1] INFO  metrics.RatisMetrics (RatisMetrics.java:lambda$create$0(36)) - Creating Metrics Registry : ratis.log_worker.968414a2-acfc-4d9a-a6c6-d5ffe78fa14c@group-D1CF023EF876
2020-12-22 13:10:47,197 [pool-178-thread-1] INFO  server.RaftServerConfigKeys (ConfUtils.java:logGet(44)) - raft.server.log.appender.buffer.byte-limit = 33554432 (custom)
2020-12-22 13:10:47,198 [pool-178-thread-1] INFO  server.RaftServerConfigKeys (ConfUtils.java:logGet(44)) - raft.server.log.segment.size.max = 1048576 (custom)
2020-12-22 13:10:47,198 [EventQueue-PipelineReportForPipelineReportHandler] INFO  pipeline.PipelineStateManager (PipelineStateManager.java:openPipeline(132)) - Pipeline Pipeline[ Id: 6b9bfed4-dc63-435b-85d5-d1cf023ef876, Nodes: 968414a2-acfc-4d9a-a6c6-d5ffe78fa14c{ip: 172.17.0.2, host: 60c1c0eb1cfd, networkLocation: /rack1, certSerialId: null, persistedOpState: IN_SERVICE, persistedOpStateExpiryEpochSec: 0}, Type:RATIS, Factor:ONE, State:ALLOCATED, leaderId:968414a2-acfc-4d9a-a6c6-d5ffe78fa14c, CreationTimestamp2020-12-22T13:10:44.174Z] moved to OPEN state
2020-12-22 13:10:47,198 [pool-178-thread-1] INFO  server.RaftServerConfigKeys (ConfUtils.java:logGet(44)) - raft.server.log.segment.cache.num.max = 2 (custom)
2020-12-22 13:10:47,198 [pool-178-thread-1] INFO  segmented.SegmentedRaftLogWorker (SegmentedRaftLogWorker.java:<init>(180)) - new 968414a2-acfc-4d9a-a6c6-d5ffe78fa14c@group-D1CF023EF876-SegmentedRaftLogWorker for RaftStorage:Storage Directory /github/workspace/mnt/ozone/hadoop-ozone/integration-test/target/test-dir/MiniOzoneClusterImpl-0c7722d3-6e51-44b5-a6be-ee21012bb99e/datanode-9/data/ratis/6b9bfed4-dc63-435b-85d5-d1cf023ef876
2020-12-22 13:10:47,199 [pool-178-thread-1] INFO  server.RaftServerConfigKeys (ConfUtils.java:logGet(44)) - raft.server.log.queue.byte-limit = 2147483647 (custom)
2020-12-22 13:10:47,199 [pool-178-thread-1] INFO  server.RaftServerConfigKeys (ConfUtils.java:logGet(44)) - raft.server.log.queue.element-limit = 1024 (custom)
2020-12-22 13:10:47,199 [pool-178-thread-1] INFO  server.RaftServerConfigKeys (ConfUtils.java:logGet(44)) - raft.server.log.segment.size.max = 1048576 (custom)
2020-12-22 13:10:47,199 [pool-178-thread-1] INFO  server.RaftServerConfigKeys (ConfUtils.java:logGet(44)) - raft.server.log.preallocated.size = 16384 (custom)
2020-12-22 13:10:47,199 [pool-178-thread-1] INFO  server.RaftServerConfigKeys (ConfUtils.java:logGet(44)) - raft.server.log.write.buffer.size = 1048576 (custom)
2020-12-22 13:10:47,199 [pool-178-thread-1] INFO  server.RaftServerConfigKeys (ConfUtils.java:logGet(44)) - raft.server.log.force.sync.num = 128 (default)
2020-12-22 13:10:47,199 [pool-178-thread-1] INFO  server.RaftServerConfigKeys (ConfUtils.java:logGet(44)) - raft.server.log.statemachine.data.sync = true (default)
2020-12-22 13:10:47,199 [pool-178-thread-1] INFO  server.RaftServerConfigKeys (ConfUtils.java:logGet(44)) - raft.server.log.statemachine.data.sync.timeout = 10s (default)
2020-12-22 13:10:47,199 [pool-178-thread-1] INFO  server.RaftServerConfigKeys (ConfUtils.java:logGet(44)) - raft.server.log.statemachine.data.sync.timeout.retry = -1 (default)
2020-12-22 13:10:47,204 [pool-178-thread-1] INFO  server.RaftServerConfigKeys (ConfUtils.java:logGet(44)) - raft.server.log.statemachine.data.caching.enabled = true (custom)
2020-12-22 13:10:47,205 [pool-178-thread-1] INFO  segmented.SegmentedRaftLogWorker (SegmentedRaftLogWorker.java:lambda$new$0(129)) - 968414a2-acfc-4d9a-a6c6-d5ffe78fa14c@group-D1CF023EF876-SegmentedRaftLogWorker: flushIndex: setUnconditionally 0 -> -1
2020-12-22 13:10:47,205 [pool-178-thread-1] INFO  segmented.SegmentedRaftLogWorker (SegmentedRaftLogWorker.java:lambda$new$0(129)) - 968414a2-acfc-4d9a-a6c6-d5ffe78fa14c@group-D1CF023EF876-SegmentedRaftLogWorker: safeCacheEvictIndex: setUnconditionally 0 -> -1
2020-12-22 13:10:47,212 [pool-178-thread-1] INFO  server.RaftServerConfigKeys (ConfUtils.java:logGet(44)) - raft.server.snapshot.auto.trigger.enabled = true (custom)
2020-12-22 13:10:47,212 [pool-178-thread-1] INFO  server.RaftServerConfigKeys (ConfUtils.java:logGet(44)) - raft.server.snapshot.auto.trigger.threshold = 10000 (custom)
2020-12-22 13:10:47,212 [pool-178-thread-1] INFO  server.RaftServerConfigKeys (ConfUtils.java:logGet(44)) - raft.server.snapshot.retention.file.num = 5 (custom)
2020-12-22 13:10:47,212 [pool-178-thread-1] INFO  server.RaftServerConfigKeys (ConfUtils.java:logGet(44)) - raft.server.log.purge.upto.snapshot.index = false (default)
2020-12-22 13:10:47,212 [pool-178-thread-1] INFO  server.RaftServerConfigKeys (ConfUtils.java:logGet(44)) - raft.server.retrycache.expirytime = 600000ms (custom)
2020-12-22 13:10:47,212 [pool-178-thread-1] INFO  metrics.RatisMetrics (RatisMetrics.java:lambda$create$0(36)) - Creating Metrics Registry : ratis.leader_election.968414a2-acfc-4d9a-a6c6-d5ffe78fa14c@group-D1CF023EF876
2020-12-22 13:10:47,213 [pool-178-thread-1] INFO  metrics.RatisMetrics (RatisMetrics.java:lambda$create$0(36)) - Creating Metrics Registry : ratis.server.968414a2-acfc-4d9a-a6c6-d5ffe78fa14c@group-D1CF023EF876
2020-12-22 13:10:47,214 [pool-178-thread-1] INFO  impl.RaftServerImpl (RaftServerImpl.java:start(215)) - 968414a2-acfc-4d9a-a6c6-d5ffe78fa14c@group-D1CF023EF876: start as a follower, conf=-1: [968414a2-acfc-4d9a-a6c6-d5ffe78fa14c|rpc:172.17.0.2:37869], old=null
2020-12-22 13:10:47,214 [pool-178-thread-1] INFO  impl.RaftServerImpl (RaftServerImpl.java:setRole(204)) - 968414a2-acfc-4d9a-a6c6-d5ffe78fa14c@group-D1CF023EF876: changes role from      null to FOLLOWER at term 0 for startAsFollower
2020-12-22 13:10:47,214 [pool-178-thread-1] INFO  impl.RoleInfo (RoleInfo.java:updateAndGet(143)) - 968414a2-acfc-4d9a-a6c6-d5ffe78fa14c: start 968414a2-acfc-4d9a-a6c6-d5ffe78fa14c@group-D1CF023EF876-FollowerState
2020-12-22 13:10:47,216 [pool-178-thread-1] INFO  util.JmxRegister (JmxRegister.java:tryRegister(44)) - Successfully registered JMX Bean with object name Ratis:service=RaftServer,group=group-D1CF023EF876,id=968414a2-acfc-4d9a-a6c6-d5ffe78fa14c
2020-12-22 13:10:47,216 [pool-178-thread-1] INFO  metrics.RatisMetrics (RatisMetrics.java:lambda$create$0(36)) - Creating Metrics Registry : ratis.state_machine.968414a2-acfc-4d9a-a6c6-d5ffe78fa14c@group-D1CF023EF876
2020-12-22 13:10:47,216 [Thread-298] INFO  impl.FollowerState (FollowerState.java:run(128)) - 9d743c2f-cc4c-4210-bd8b-cad00ce03aed@group-DA5D408C537E-FollowerState: change to CANDIDATE, lastRpcTime:1194ms, electionTimeout:1185ms
2020-12-22 13:10:47,223 [Thread-298] INFO  impl.RoleInfo (RoleInfo.java:shutdownFollowerState(121)) - 9d743c2f-cc4c-4210-bd8b-cad00ce03aed: shutdown 9d743c2f-cc4c-4210-bd8b-cad00ce03aed@group-DA5D408C537E-FollowerState
2020-12-22 13:10:47,223 [Thread-298] INFO  impl.RaftServerImpl (RaftServerImpl.java:setRole(204)) - 9d743c2f-cc4c-4210-bd8b-cad00ce03aed@group-DA5D408C537E: changes role from  FOLLOWER to CANDIDATE at term 0 for changeToCandidate
2020-12-22 13:10:47,223 [Thread-298] INFO  impl.RoleInfo (RoleInfo.java:updateAndGet(143)) - 9d743c2f-cc4c-4210-bd8b-cad00ce03aed: start 9d743c2f-cc4c-4210-bd8b-cad00ce03aed@group-DA5D408C537E-LeaderElection7
2020-12-22 13:10:47,225 [Command processor thread] INFO  commandhandler.CreatePipelineCommandHandler (CreatePipelineCommandHandler.java:handle(106)) - Created Pipeline RATIS ONE PipelineID=6b9bfed4-dc63-435b-85d5-d1cf023ef876.
2020-12-22 13:10:47,225 [Command processor thread] INFO  impl.RaftServerProxy (RaftServerProxy.java:addNew(93)) - 968414a2-acfc-4d9a-a6c6-d5ffe78fa14c: addNew group-B00BD356E557:[968414a2-acfc-4d9a-a6c6-d5ffe78fa14c|rpc:172.17.0.2:37869, 1542794c-42be-495d-a942-8ab282cac6bd|rpc:172.17.0.2:43871, a3d49688-b82f-4622-8b97-34b5ff2bfd95|rpc:172.17.0.2:41743] returns group-B00BD356E557:java.util.concurrent.CompletableFuture@2146a177[Not completed]
2020-12-22 13:10:47,226 [pool-178-thread-1] INFO  impl.RaftServerImpl (RaftServerImpl.java:<init>(121)) - 968414a2-acfc-4d9a-a6c6-d5ffe78fa14c: new RaftServerImpl for group-B00BD356E557:[968414a2-acfc-4d9a-a6c6-d5ffe78fa14c|rpc:172.17.0.2:37869, 1542794c-42be-495d-a942-8ab282cac6bd|rpc:172.17.0.2:43871, a3d49688-b82f-4622-8b97-34b5ff2bfd95|rpc:172.17.0.2:41743] with ContainerStateMachine:uninitialized
2020-12-22 13:10:47,226 [pool-178-thread-1] INFO  server.RaftServerConfigKeys (ConfUtils.java:logGet(44)) - raft.server.rpc.timeout.min = 1s (custom)
2020-12-22 13:10:47,226 [pool-178-thread-1] INFO  server.RaftServerConfigKeys (ConfUtils.java:logGet(44)) - raft.server.rpc.timeout.max = 1200ms (custom)
2020-12-22 13:10:47,226 [pool-178-thread-1] INFO  server.RaftServerConfigKeys (ConfUtils.java:logGet(44)) - raft.server.rpc.slowness.timeout = 300000ms (custom)
2020-12-22 13:10:47,226 [pool-178-thread-1] INFO  server.RaftServerConfigKeys (ConfUtils.java:logGet(44)) - raft.server.leaderelection.leader.step-down.wait-time = 10s (default)
2020-12-22 13:10:47,226 [pool-178-thread-1] INFO  server.RaftServerConfigKeys (ConfUtils.java:logGet(44)) - raft.server.sleep.deviation.threshold = 300 (default)
2020-12-22 13:10:47,227 [pool-178-thread-1] INFO  server.RaftServerConfigKeys (ConfUtils.java:logGet(44)) - raft.server.log.appender.install.snapshot.enabled = false (custom)
2020-12-22 13:10:47,227 [pool-178-thread-1] INFO  impl.RaftServerImpl (ServerState.java:<init>(104)) - 968414a2-acfc-4d9a-a6c6-d5ffe78fa14c@group-B00BD356E557: ConfigurationManager, init=-1: [968414a2-acfc-4d9a-a6c6-d5ffe78fa14c|rpc:172.17.0.2:37869, 1542794c-42be-495d-a942-8ab282cac6bd|rpc:172.17.0.2:43871, a3d49688-b82f-4622-8b97-34b5ff2bfd95|rpc:172.17.0.2:41743], old=null, confs=<EMPTY_MAP>
2020-12-22 13:10:47,227 [pool-178-thread-1] INFO  server.RaftServerConfigKeys (ConfUtils.java:logGet(44)) - raft.server.storage.dir = [/github/workspace/mnt/ozone/hadoop-ozone/integration-test/target/test-dir/MiniOzoneClusterImpl-0c7722d3-6e51-44b5-a6be-ee21012bb99e/datanode-9/data/ratis] (custom)
2020-12-22 13:10:47,227 [pool-178-thread-1] INFO  server.RaftServerConfigKeys (ConfUtils.java:logGet(44)) - raft.server.log.corruption.policy = EXCEPTION (default)
2020-12-22 13:10:47,227 [pool-178-thread-1] INFO  storage.RaftStorageDirectory (RaftStorageDirectory.java:analyzeStorage(261)) - The storage directory /github/workspace/mnt/ozone/hadoop-ozone/integration-test/target/test-dir/MiniOzoneClusterImpl-0c7722d3-6e51-44b5-a6be-ee21012bb99e/datanode-9/data/ratis/bf013636-bf38-49a5-93f8-b00bd356e557 does not exist. Creating ...
2020-12-22 13:10:47,229 [pool-178-thread-1] INFO  storage.RaftStorageDirectory (RaftStorageDirectory.java:tryLock(343)) - Lock on /github/workspace/mnt/ozone/hadoop-ozone/integration-test/target/test-dir/MiniOzoneClusterImpl-0c7722d3-6e51-44b5-a6be-ee21012bb99e/datanode-9/data/ratis/bf013636-bf38-49a5-93f8-b00bd356e557/in_use.lock acquired by nodename 399@60c1c0eb1cfd
2020-12-22 13:10:47,231 [pool-178-thread-1] INFO  storage.RaftStorage (RaftStorage.java:format(85)) - Storage directory /github/workspace/mnt/ozone/hadoop-ozone/integration-test/target/test-dir/MiniOzoneClusterImpl-0c7722d3-6e51-44b5-a6be-ee21012bb99e/datanode-9/data/ratis/bf013636-bf38-49a5-93f8-b00bd356e557 has been successfully formatted.
2020-12-22 13:10:47,233 [pool-178-thread-1] INFO  ratis.ContainerStateMachine (ContainerStateMachine.java:loadSnapshot(225)) - group-B00BD356E557: The snapshot info is null. Setting the last applied indexto:(t:0, i:~)
2020-12-22 13:10:47,233 [pool-178-thread-1] INFO  server.RaftServerConfigKeys (ConfUtils.java:logGet(44)) - raft.server.notification.no-leader.timeout = 300000ms (custom)
2020-12-22 13:10:47,233 [pool-178-thread-1] INFO  server.RaftServerConfigKeys (ConfUtils.java:logGet(44)) - raft.server.log.use.memory = false (default)
2020-12-22 13:10:47,233 [pool-178-thread-1] INFO  server.RaftServerConfigKeys (ConfUtils.java:logGet(44)) - raft.server.log.purge.gap = 1000000 (custom)
2020-12-22 13:10:47,233 [pool-178-thread-1] INFO  metrics.RatisMetrics (RatisMetrics.java:lambda$create$0(36)) - Creating Metrics Registry : ratis.log_worker.968414a2-acfc-4d9a-a6c6-d5ffe78fa14c@group-B00BD356E557
2020-12-22 13:10:47,233 [pool-178-thread-1] INFO  server.RaftServerConfigKeys (ConfUtils.java:logGet(44)) - raft.server.log.appender.buffer.byte-limit = 33554432 (custom)
2020-12-22 13:10:47,233 [pool-178-thread-1] INFO  server.RaftServerConfigKeys (ConfUtils.java:logGet(44)) - raft.server.log.segment.size.max = 1048576 (custom)
2020-12-22 13:10:47,234 [pool-178-thread-1] INFO  server.RaftServerConfigKeys (ConfUtils.java:logGet(44)) - raft.server.log.segment.cache.num.max = 2 (custom)
2020-12-22 13:10:47,234 [pool-178-thread-1] INFO  segmented.SegmentedRaftLogWorker (SegmentedRaftLogWorker.java:<init>(180)) - new 968414a2-acfc-4d9a-a6c6-d5ffe78fa14c@group-B00BD356E557-SegmentedRaftLogWorker for RaftStorage:Storage Directory /github/workspace/mnt/ozone/hadoop-ozone/integration-test/target/test-dir/MiniOzoneClusterImpl-0c7722d3-6e51-44b5-a6be-ee21012bb99e/datanode-9/data/ratis/bf013636-bf38-49a5-93f8-b00bd356e557
2020-12-22 13:10:47,234 [pool-178-thread-1] INFO  server.RaftServerConfigKeys (ConfUtils.java:logGet(44)) - raft.server.log.queue.byte-limit = 2147483647 (custom)
2020-12-22 13:10:47,234 [pool-178-thread-1] INFO  server.RaftServerConfigKeys (ConfUtils.java:logGet(44)) - raft.server.log.queue.element-limit = 1024 (custom)
2020-12-22 13:10:47,234 [pool-178-thread-1] INFO  server.RaftServerConfigKeys (ConfUtils.java:logGet(44)) - raft.server.log.segment.size.max = 1048576 (custom)
2020-12-22 13:10:47,234 [pool-178-thread-1] INFO  server.RaftServerConfigKeys (ConfUtils.java:logGet(44)) - raft.server.log.preallocated.size = 16384 (custom)
2020-12-22 13:10:47,234 [pool-178-thread-1] INFO  server.RaftServerConfigKeys (ConfUtils.java:logGet(44)) - raft.server.log.write.buffer.size = 1048576 (custom)
2020-12-22 13:10:47,234 [pool-178-thread-1] INFO  server.RaftServerConfigKeys (ConfUtils.java:logGet(44)) - raft.server.log.force.sync.num = 128 (default)
2020-12-22 13:10:47,234 [pool-178-thread-1] INFO  server.RaftServerConfigKeys (ConfUtils.java:logGet(44)) - raft.server.log.statemachine.data.sync = true (default)
2020-12-22 13:10:47,235 [pool-178-thread-1] INFO  server.RaftServerConfigKeys (ConfUtils.java:logGet(44)) - raft.server.log.statemachine.data.sync.timeout = 10s (default)
2020-12-22 13:10:47,235 [pool-178-thread-1] INFO  server.RaftServerConfigKeys (ConfUtils.java:logGet(44)) - raft.server.log.statemachine.data.sync.timeout.retry = -1 (default)
2020-12-22 13:10:47,236 [pool-178-thread-1] INFO  server.RaftServerConfigKeys (ConfUtils.java:logGet(44)) - raft.server.log.statemachine.data.caching.enabled = true (custom)
2020-12-22 13:10:47,237 [pool-178-thread-1] INFO  segmented.SegmentedRaftLogWorker (SegmentedRaftLogWorker.java:lambda$new$0(129)) - 968414a2-acfc-4d9a-a6c6-d5ffe78fa14c@group-B00BD356E557-SegmentedRaftLogWorker: flushIndex: setUnconditionally 0 -> -1
2020-12-22 13:10:47,237 [pool-178-thread-1] INFO  segmented.SegmentedRaftLogWorker (SegmentedRaftLogWorker.java:lambda$new$0(129)) - 968414a2-acfc-4d9a-a6c6-d5ffe78fa14c@group-B00BD356E557-SegmentedRaftLogWorker: safeCacheEvictIndex: setUnconditionally 0 -> -1
2020-12-22 13:10:47,242 [pool-178-thread-1] INFO  server.RaftServerConfigKeys (ConfUtils.java:logGet(44)) - raft.server.snapshot.auto.trigger.enabled = true (custom)
2020-12-22 13:10:47,242 [pool-178-thread-1] INFO  server.RaftServerConfigKeys (ConfUtils.java:logGet(44)) - raft.server.snapshot.auto.trigger.threshold = 10000 (custom)
2020-12-22 13:10:47,242 [pool-178-thread-1] INFO  server.RaftServerConfigKeys (ConfUtils.java:logGet(44)) - raft.server.snapshot.retention.file.num = 5 (custom)
2020-12-22 13:10:47,242 [pool-178-thread-1] INFO  server.RaftServerConfigKeys (ConfUtils.java:logGet(44)) - raft.server.log.purge.upto.snapshot.index = false (default)
2020-12-22 13:10:47,242 [pool-178-thread-1] INFO  server.RaftServerConfigKeys (ConfUtils.java:logGet(44)) - raft.server.retrycache.expirytime = 600000ms (custom)
2020-12-22 13:10:47,243 [pool-178-thread-1] INFO  metrics.RatisMetrics (RatisMetrics.java:lambda$create$0(36)) - Creating Metrics Registry : ratis.leader_election.968414a2-acfc-4d9a-a6c6-d5ffe78fa14c@group-B00BD356E557
2020-12-22 13:10:47,243 [pool-178-thread-1] INFO  metrics.RatisMetrics (RatisMetrics.java:lambda$create$0(36)) - Creating Metrics Registry : ratis.server.968414a2-acfc-4d9a-a6c6-d5ffe78fa14c@group-B00BD356E557
2020-12-22 13:10:47,242 [9d743c2f-cc4c-4210-bd8b-cad00ce03aed@group-DA5D408C537E-LeaderElection7] INFO  impl.LeaderElection (LeaderElection.java:askForVotes(215)) - 9d743c2f-cc4c-4210-bd8b-cad00ce03aed@group-DA5D408C537E-LeaderElection7: begin an election at term 1 for -1: [0b95e776-5e46-4213-b3c0-ade9dce9a7dd|rpc:172.17.0.2:38657, 3b8ab88f-c5e9-42ae-b9d6-c186578cc1d3|rpc:172.17.0.2:46551, 9d743c2f-cc4c-4210-bd8b-cad00ce03aed|rpc:172.17.0.2:40485], old=null
2020-12-22 13:10:47,244 [pool-178-thread-1] INFO  impl.RaftServerImpl (RaftServerImpl.java:start(215)) - 968414a2-acfc-4d9a-a6c6-d5ffe78fa14c@group-B00BD356E557: start as a follower, conf=-1: [968414a2-acfc-4d9a-a6c6-d5ffe78fa14c|rpc:172.17.0.2:37869, 1542794c-42be-495d-a942-8ab282cac6bd|rpc:172.17.0.2:43871, a3d49688-b82f-4622-8b97-34b5ff2bfd95|rpc:172.17.0.2:41743], old=null
2020-12-22 13:10:47,245 [pool-178-thread-1] INFO  impl.RaftServerImpl (RaftServerImpl.java:setRole(204)) - 968414a2-acfc-4d9a-a6c6-d5ffe78fa14c@group-B00BD356E557: changes role from      null to FOLLOWER at term 0 for startAsFollower
2020-12-22 13:10:47,249 [pool-178-thread-1] INFO  impl.RoleInfo (RoleInfo.java:updateAndGet(143)) - 968414a2-acfc-4d9a-a6c6-d5ffe78fa14c: start 968414a2-acfc-4d9a-a6c6-d5ffe78fa14c@group-B00BD356E557-FollowerState
2020-12-22 13:10:47,252 [pool-178-thread-1] INFO  util.JmxRegister (JmxRegister.java:tryRegister(44)) - Successfully registered JMX Bean with object name Ratis:service=RaftServer,group=group-B00BD356E557,id=968414a2-acfc-4d9a-a6c6-d5ffe78fa14c
2020-12-22 13:10:47,253 [pool-178-thread-1] INFO  metrics.RatisMetrics (RatisMetrics.java:lambda$create$0(36)) - Creating Metrics Registry : ratis.state_machine.968414a2-acfc-4d9a-a6c6-d5ffe78fa14c@group-B00BD356E557
2020-12-22 13:10:47,262 [Command processor thread] INFO  metrics.RatisMetrics (RatisMetrics.java:lambda$create$0(36)) - Creating Metrics Registry : ratis.client_message_metrics.client-D59457604B68->1542794c-42be-495d-a942-8ab282cac6bd
2020-12-22 13:10:47,271 [grpc-default-executor-1] INFO  impl.RaftServerImpl (RaftServerImpl.java:setRole(204)) - 0b95e776-5e46-4213-b3c0-ade9dce9a7dd@group-DA5D408C537E: changes role from  FOLLOWER to FOLLOWER at term 1 for recognizeCandidate:9d743c2f-cc4c-4210-bd8b-cad00ce03aed
2020-12-22 13:10:47,271 [grpc-default-executor-1] INFO  impl.RoleInfo (RoleInfo.java:shutdownFollowerState(121)) - 0b95e776-5e46-4213-b3c0-ade9dce9a7dd: shutdown 0b95e776-5e46-4213-b3c0-ade9dce9a7dd@group-DA5D408C537E-FollowerState
2020-12-22 13:10:47,272 [grpc-default-executor-1] INFO  impl.RoleInfo (RoleInfo.java:updateAndGet(143)) - 0b95e776-5e46-4213-b3c0-ade9dce9a7dd: start 0b95e776-5e46-4213-b3c0-ade9dce9a7dd@group-DA5D408C537E-FollowerState
2020-12-22 13:10:47,272 [grpc-default-executor-1] INFO  impl.RaftServerImpl (RaftServerImpl.java:requestVote(963)) -  FOLLOWER 0b95e776-5e46-4213-b3c0-ade9dce9a7dd@group-DA5D408C537E:t1, leader=null, voted=null, raftlog=0b95e776-5e46-4213-b3c0-ade9dce9a7dd@group-DA5D408C537E-SegmentedRaftLog:OPENED:c-1,f-1,i0, conf=-1: [0b95e776-5e46-4213-b3c0-ade9dce9a7dd|rpc:172.17.0.2:38657|dataStream:, 3b8ab88f-c5e9-42ae-b9d6-c186578cc1d3|rpc:172.17.0.2:46551|dataStream:, 9d743c2f-cc4c-4210-bd8b-cad00ce03aed|rpc:172.17.0.2:40485|dataStream:], old=null RUNNING priority:0 candidate:9d743c2f-cc4c-4210-bd8b-cad00ce03aed|rpc:172.17.0.2:40485|dataStream: candidatePriority:0 compare:0
2020-12-22 13:10:47,274 [Thread-308] INFO  impl.FollowerState (FollowerState.java:run(137)) - 0b95e776-5e46-4213-b3c0-ade9dce9a7dd@group-DA5D408C537E-FollowerState was interrupted: {}
java.lang.InterruptedException: sleep interrupted
	at java.lang.Thread.sleep(Native Method)
	at org.apache.ratis.util.JavaUtils.sleep(JavaUtils.java:250)
	at org.apache.ratis.server.impl.FollowerState.run(FollowerState.java:116)
2020-12-22 13:10:47,284 [grpc-default-executor-1] INFO  metrics.RatisMetrics (RatisMetrics.java:lambda$create$0(36)) - Creating Metrics Registry : ratis.server_message_metrics.1542794c-42be-495d-a942-8ab282cac6bd
2020-12-22 13:10:47,285 [9d743c2f-cc4c-4210-bd8b-cad00ce03aed@group-DA5D408C537E-LeaderElection7] INFO  impl.LeaderElection (LeaderElection.java:logAndReturn(65)) - 9d743c2f-cc4c-4210-bd8b-cad00ce03aed@group-DA5D408C537E-LeaderElection7: Election PASSED; received 1 response(s) [9d743c2f-cc4c-4210-bd8b-cad00ce03aed<-0b95e776-5e46-4213-b3c0-ade9dce9a7dd#0:OK-t1] and 0 exception(s); 9d743c2f-cc4c-4210-bd8b-cad00ce03aed@group-DA5D408C537E:t1, leader=null, voted=9d743c2f-cc4c-4210-bd8b-cad00ce03aed, raftlog=9d743c2f-cc4c-4210-bd8b-cad00ce03aed@group-DA5D408C537E-SegmentedRaftLog:OPENED:c-1,f-1,i0, conf=-1: [0b95e776-5e46-4213-b3c0-ade9dce9a7dd|rpc:172.17.0.2:38657, 3b8ab88f-c5e9-42ae-b9d6-c186578cc1d3|rpc:172.17.0.2:46551, 9d743c2f-cc4c-4210-bd8b-cad00ce03aed|rpc:172.17.0.2:40485], old=null
2020-12-22 13:10:47,285 [9d743c2f-cc4c-4210-bd8b-cad00ce03aed@group-DA5D408C537E-LeaderElection7] INFO  impl.RoleInfo (RoleInfo.java:shutdownLeaderElection(134)) - 9d743c2f-cc4c-4210-bd8b-cad00ce03aed: shutdown 9d743c2f-cc4c-4210-bd8b-cad00ce03aed@group-DA5D408C537E-LeaderElection7
2020-12-22 13:10:47,285 [9d743c2f-cc4c-4210-bd8b-cad00ce03aed@group-DA5D408C537E-LeaderElection7] INFO  impl.RaftServerImpl (RaftServerImpl.java:setRole(204)) - 9d743c2f-cc4c-4210-bd8b-cad00ce03aed@group-DA5D408C537E: changes role from CANDIDATE to LEADER at term 1 for changeToLeader
2020-12-22 13:10:47,285 [9d743c2f-cc4c-4210-bd8b-cad00ce03aed@group-DA5D408C537E-LeaderElection7] INFO  ratis.XceiverServerRatis (XceiverServerRatis.java:handleLeaderChangedNotification(854)) - Leader change notification received for group: group-DA5D408C537E with new leaderId: 9d743c2f-cc4c-4210-bd8b-cad00ce03aed
2020-12-22 13:10:47,285 [9d743c2f-cc4c-4210-bd8b-cad00ce03aed@group-DA5D408C537E-LeaderElection7] INFO  impl.RaftServerImpl (ServerState.java:setLeader(256)) - 9d743c2f-cc4c-4210-bd8b-cad00ce03aed@group-DA5D408C537E: change Leader from null to 9d743c2f-cc4c-4210-bd8b-cad00ce03aed at term 1 for becomeLeader, leader elected after 1290ms
2020-12-22 13:10:47,285 [9d743c2f-cc4c-4210-bd8b-cad00ce03aed@group-DA5D408C537E-LeaderElection7] INFO  server.RaftServerConfigKeys (ConfUtils.java:logGet(44)) - raft.server.staging.catchup.gap = 1000 (default)
2020-12-22 13:10:47,285 [9d743c2f-cc4c-4210-bd8b-cad00ce03aed@group-DA5D408C537E-LeaderElection7] INFO  server.RaftServerConfigKeys (ConfUtils.java:logGet(44)) - raft.server.rpc.sleep.time = 25ms (default)
2020-12-22 13:10:47,285 [9d743c2f-cc4c-4210-bd8b-cad00ce03aed@group-DA5D408C537E-LeaderElection7] INFO  metrics.RatisMetrics (RatisMetrics.java:lambda$create$0(36)) - Creating Metrics Registry : ratis.log_appender.9d743c2f-cc4c-4210-bd8b-cad00ce03aed@group-DA5D408C537E
2020-12-22 13:10:47,285 [9d743c2f-cc4c-4210-bd8b-cad00ce03aed@group-DA5D408C537E-LeaderElection7] INFO  server.RaftServerConfigKeys (ConfUtils.java:logGet(44)) - raft.server.write.element-limit = 1024 (custom)
2020-12-22 13:10:47,285 [9d743c2f-cc4c-4210-bd8b-cad00ce03aed@group-DA5D408C537E-LeaderElection7] INFO  server.RaftServerConfigKeys (ConfUtils.java:logGet(44)) - raft.server.write.byte-limit = 1073741824 (custom)
2020-12-22 13:10:47,286 [EventQueue-PipelineReportForPipelineReportHandler] INFO  pipeline.PipelineStateManager (PipelineStateManager.java:openPipeline(132)) - Pipeline Pipeline[ Id: 9e6701bb-3dba-4d25-a765-da5d408c537e, Nodes: 9d743c2f-cc4c-4210-bd8b-cad00ce03aed{ip: 172.17.0.2, host: 60c1c0eb1cfd, networkLocation: /rack1, certSerialId: null, persistedOpState: IN_SERVICE, persistedOpStateExpiryEpochSec: 0}0b95e776-5e46-4213-b3c0-ade9dce9a7dd{ip: 172.17.0.2, host: 60c1c0eb1cfd, networkLocation: /rack1, certSerialId: null, persistedOpState: IN_SERVICE, persistedOpStateExpiryEpochSec: 0}3b8ab88f-c5e9-42ae-b9d6-c186578cc1d3{ip: 172.17.0.2, host: 60c1c0eb1cfd, networkLocation: /rack1, certSerialId: null, persistedOpState: IN_SERVICE, persistedOpStateExpiryEpochSec: 0}, Type:RATIS, Factor:THREE, State:ALLOCATED, leaderId:9d743c2f-cc4c-4210-bd8b-cad00ce03aed, CreationTimestamp2020-12-22T13:10:43.813Z] moved to OPEN state
2020-12-22 13:10:47,294 [grpc-default-executor-2] INFO  impl.RaftServerImpl (RaftServerImpl.java:setRole(204)) - 3b8ab88f-c5e9-42ae-b9d6-c186578cc1d3@group-DA5D408C537E: changes role from  FOLLOWER to FOLLOWER at term 1 for recognizeCandidate:9d743c2f-cc4c-4210-bd8b-cad00ce03aed
2020-12-22 13:10:47,296 [grpc-default-executor-2] INFO  impl.RoleInfo (RoleInfo.java:shutdownFollowerState(121)) - 3b8ab88f-c5e9-42ae-b9d6-c186578cc1d3: shutdown 3b8ab88f-c5e9-42ae-b9d6-c186578cc1d3@group-DA5D408C537E-FollowerState
2020-12-22 13:10:47,295 [9d743c2f-cc4c-4210-bd8b-cad00ce03aed@group-DA5D408C537E-LeaderElection7] INFO  server.RaftServerConfigKeys (ConfUtils.java:logGet(44)) - raft.server.watch.timeout = 3000ms (custom)
2020-12-22 13:10:47,303 [Thread-318] INFO  impl.FollowerState (FollowerState.java:run(137)) - 3b8ab88f-c5e9-42ae-b9d6-c186578cc1d3@group-DA5D408C537E-FollowerState was interrupted: {}
java.lang.InterruptedException: sleep interrupted
	at java.lang.Thread.sleep(Native Method)
	at org.apache.ratis.util.JavaUtils.sleep(JavaUtils.java:250)
	at org.apache.ratis.server.impl.FollowerState.run(FollowerState.java:116)
2020-12-22 13:10:47,303 [grpc-default-executor-2] INFO  impl.RoleInfo (RoleInfo.java:updateAndGet(143)) - 3b8ab88f-c5e9-42ae-b9d6-c186578cc1d3: start 3b8ab88f-c5e9-42ae-b9d6-c186578cc1d3@group-DA5D408C537E-FollowerState
2020-12-22 13:10:47,296 [grpc-default-executor-1] INFO  impl.RaftServerProxy (RaftServerProxy.java:addNew(93)) - 1542794c-42be-495d-a942-8ab282cac6bd: addNew group-B00BD356E557:[968414a2-acfc-4d9a-a6c6-d5ffe78fa14c|rpc:172.17.0.2:37869|dataStream:, 1542794c-42be-495d-a942-8ab282cac6bd|rpc:172.17.0.2:43871|dataStream:, a3d49688-b82f-4622-8b97-34b5ff2bfd95|rpc:172.17.0.2:41743|dataStream:] returns group-B00BD356E557:java.util.concurrent.CompletableFuture@42050988[Not completed]
2020-12-22 13:10:47,303 [9d743c2f-cc4c-4210-bd8b-cad00ce03aed@group-DA5D408C537E-LeaderElection7] INFO  server.RaftServerConfigKeys (ConfUtils.java:logGet(44)) - raft.server.watch.timeout.denomination = 1s (default)
2020-12-22 13:10:47,303 [9d743c2f-cc4c-4210-bd8b-cad00ce03aed@group-DA5D408C537E-LeaderElection7] INFO  server.RaftServerConfigKeys (ConfUtils.java:logGet(44)) - raft.server.watch.element-limit = 65536 (default)
2020-12-22 13:10:47,303 [9d743c2f-cc4c-4210-bd8b-cad00ce03aed@group-DA5D408C537E-LeaderElection7] INFO  server.RaftServerConfigKeys (ConfUtils.java:logGet(44)) - raft.server.log.appender.snapshot.chunk.size.max = 16MB (=16777216) (default)
2020-12-22 13:10:47,303 [9d743c2f-cc4c-4210-bd8b-cad00ce03aed@group-DA5D408C537E-LeaderElection7] INFO  server.RaftServerConfigKeys (ConfUtils.java:logGet(44)) - raft.server.log.appender.buffer.byte-limit = 33554432 (custom)
2020-12-22 13:10:47,304 [9d743c2f-cc4c-4210-bd8b-cad00ce03aed@group-DA5D408C537E-LeaderElection7] INFO  server.RaftServerConfigKeys (ConfUtils.java:logGet(44)) - raft.server.log.appender.buffer.element-limit = 1 (custom)
2020-12-22 13:10:47,304 [grpc-default-executor-2] INFO  impl.RaftServerImpl (RaftServerImpl.java:requestVote(963)) -  FOLLOWER 3b8ab88f-c5e9-42ae-b9d6-c186578cc1d3@group-DA5D408C537E:t1, leader=null, voted=null, raftlog=3b8ab88f-c5e9-42ae-b9d6-c186578cc1d3@group-DA5D408C537E-SegmentedRaftLog:OPENED:c-1,f-1,i0, conf=-1: [0b95e776-5e46-4213-b3c0-ade9dce9a7dd|rpc:172.17.0.2:38657|dataStream:, 3b8ab88f-c5e9-42ae-b9d6-c186578cc1d3|rpc:172.17.0.2:46551|dataStream:, 9d743c2f-cc4c-4210-bd8b-cad00ce03aed|rpc:172.17.0.2:40485|dataStream:], old=null RUNNING priority:0 candidate:9d743c2f-cc4c-4210-bd8b-cad00ce03aed|rpc:172.17.0.2:40485|dataStream: candidatePriority:0 compare:0
2020-12-22 13:10:47,309 [pool-114-thread-1] INFO  impl.RaftServerImpl (RaftServerImpl.java:<init>(121)) - 1542794c-42be-495d-a942-8ab282cac6bd: new RaftServerImpl for group-B00BD356E557:[968414a2-acfc-4d9a-a6c6-d5ffe78fa14c|rpc:172.17.0.2:37869|dataStream:, 1542794c-42be-495d-a942-8ab282cac6bd|rpc:172.17.0.2:43871|dataStream:, a3d49688-b82f-4622-8b97-34b5ff2bfd95|rpc:172.17.0.2:41743|dataStream:] with ContainerStateMachine:uninitialized
2020-12-22 13:10:47,312 [9d743c2f-cc4c-4210-bd8b-cad00ce03aed@group-DA5D408C537E-LeaderElection7] INFO  grpc.GrpcConfigKeys (ConfUtils.java:logGet(44)) - raft.grpc.server.leader.outstanding.appends.max = 128 (default)
2020-12-22 13:10:47,315 [9d743c2f-cc4c-4210-bd8b-cad00ce03aed@group-DA5D408C537E-LeaderElection7] INFO  server.RaftServerConfigKeys (ConfUtils.java:logGet(44)) - raft.server.rpc.request.timeout = 3000ms (default)
2020-12-22 13:10:47,315 [9d743c2f-cc4c-4210-bd8b-cad00ce03aed@group-DA5D408C537E-LeaderElection7] INFO  server.RaftServerConfigKeys (ConfUtils.java:logGet(44)) - raft.server.log.appender.install.snapshot.enabled = false (custom)
2020-12-22 13:10:47,315 [9d743c2f-cc4c-4210-bd8b-cad00ce03aed@group-DA5D408C537E-LeaderElection7] INFO  metrics.RatisMetrics (RatisMetrics.java:lambda$create$0(36)) - Creating Metrics Registry : ratis_grpc.log_appender.9d743c2f-cc4c-4210-bd8b-cad00ce03aed@group-DA5D408C537E
2020-12-22 13:10:47,317 [9d743c2f-cc4c-4210-bd8b-cad00ce03aed@group-DA5D408C537E-LeaderElection7] INFO  server.RaftServerConfigKeys (ConfUtils.java:logGet(44)) - raft.server.log.appender.snapshot.chunk.size.max = 16MB (=16777216) (default)
2020-12-22 13:10:47,317 [9d743c2f-cc4c-4210-bd8b-cad00ce03aed@group-DA5D408C537E-LeaderElection7] INFO  server.RaftServerConfigKeys (ConfUtils.java:logGet(44)) - raft.server.log.appender.buffer.byte-limit = 33554432 (custom)
2020-12-22 13:10:47,317 [9d743c2f-cc4c-4210-bd8b-cad00ce03aed@group-DA5D408C537E-LeaderElection7] INFO  server.RaftServerConfigKeys (ConfUtils.java:logGet(44)) - raft.server.log.appender.buffer.element-limit = 1 (custom)
2020-12-22 13:10:47,317 [9d743c2f-cc4c-4210-bd8b-cad00ce03aed@group-DA5D408C537E-LeaderElection7] INFO  grpc.GrpcConfigKeys (ConfUtils.java:logGet(44)) - raft.grpc.server.leader.outstanding.appends.max = 128 (default)
2020-12-22 13:10:47,317 [9d743c2f-cc4c-4210-bd8b-cad00ce03aed@group-DA5D408C537E-LeaderElection7] INFO  server.RaftServerConfigKeys (ConfUtils.java:logGet(44)) - raft.server.rpc.request.timeout = 3000ms (default)
2020-12-22 13:10:47,317 [9d743c2f-cc4c-4210-bd8b-cad00ce03aed@group-DA5D408C537E-LeaderElection7] INFO  server.RaftServerConfigKeys (ConfUtils.java:logGet(44)) - raft.server.log.appender.install.snapshot.enabled = false (custom)
2020-12-22 13:10:47,318 [pool-114-thread-1] INFO  server.RaftServerConfigKeys (ConfUtils.java:logGet(44)) - raft.server.rpc.timeout.min = 1s (custom)
2020-12-22 13:10:47,318 [pool-114-thread-1] INFO  server.RaftServerConfigKeys (ConfUtils.java:logGet(44)) - raft.server.rpc.timeout.max = 1200ms (custom)
2020-12-22 13:10:47,318 [pool-114-thread-1] INFO  server.RaftServerConfigKeys (ConfUtils.java:logGet(44)) - raft.server.rpc.slowness.timeout = 300000ms (custom)
2020-12-22 13:10:47,319 [pool-114-thread-1] INFO  server.RaftServerConfigKeys (ConfUtils.java:logGet(44)) - raft.server.leaderelection.leader.step-down.wait-time = 10s (default)
2020-12-22 13:10:47,319 [pool-114-thread-1] INFO  server.RaftServerConfigKeys (ConfUtils.java:logGet(44)) - raft.server.sleep.deviation.threshold = 300 (default)
2020-12-22 13:10:47,319 [pool-114-thread-1] INFO  server.RaftServerConfigKeys (ConfUtils.java:logGet(44)) - raft.server.log.appender.install.snapshot.enabled = false (custom)
2020-12-22 13:10:47,319 [pool-114-thread-1] INFO  impl.RaftServerImpl (ServerState.java:<init>(104)) - 1542794c-42be-495d-a942-8ab282cac6bd@group-B00BD356E557: ConfigurationManager, init=-1: [968414a2-acfc-4d9a-a6c6-d5ffe78fa14c|rpc:172.17.0.2:37869|dataStream:, 1542794c-42be-495d-a942-8ab282cac6bd|rpc:172.17.0.2:43871|dataStream:, a3d49688-b82f-4622-8b97-34b5ff2bfd95|rpc:172.17.0.2:41743|dataStream:], old=null, confs=<EMPTY_MAP>
2020-12-22 13:10:47,320 [pool-114-thread-1] INFO  server.RaftServerConfigKeys (ConfUtils.java:logGet(44)) - raft.server.storage.dir = [/github/workspace/mnt/ozone/hadoop-ozone/integration-test/target/test-dir/MiniOzoneClusterImpl-0c7722d3-6e51-44b5-a6be-ee21012bb99e/datanode-5/data/ratis] (custom)
2020-12-22 13:10:47,318 [9d743c2f-cc4c-4210-bd8b-cad00ce03aed@group-DA5D408C537E-LeaderElection7] INFO  impl.RoleInfo (RoleInfo.java:updateAndGet(143)) - 9d743c2f-cc4c-4210-bd8b-cad00ce03aed: start 9d743c2f-cc4c-4210-bd8b-cad00ce03aed@group-DA5D408C537E-LeaderState
2020-12-22 13:10:47,321 [9d743c2f-cc4c-4210-bd8b-cad00ce03aed@group-DA5D408C537E-LeaderElection7] INFO  segmented.SegmentedRaftLogWorker (SegmentedRaftLogWorker.java:startLogSegment(398)) - 9d743c2f-cc4c-4210-bd8b-cad00ce03aed@group-DA5D408C537E-SegmentedRaftLogWorker: Starting segment from index:0
2020-12-22 13:10:47,323 [9d743c2f-cc4c-4210-bd8b-cad00ce03aed@group-DA5D408C537E-LeaderElection7] INFO  impl.RaftServerImpl (ServerState.java:setRaftConf(374)) - 9d743c2f-cc4c-4210-bd8b-cad00ce03aed@group-DA5D408C537E: set configuration 0: [0b95e776-5e46-4213-b3c0-ade9dce9a7dd|rpc:172.17.0.2:38657|dataStream:, 3b8ab88f-c5e9-42ae-b9d6-c186578cc1d3|rpc:172.17.0.2:46551|dataStream:, 9d743c2f-cc4c-4210-bd8b-cad00ce03aed|rpc:172.17.0.2:40485|dataStream:], old=null at 0
2020-12-22 13:10:47,326 [Thread-323] INFO  impl.FollowerState (FollowerState.java:run(128)) - d23545be-7951-4ced-9e1c-af6ad8e842b2@group-F953A9491D79-FollowerState: change to CANDIDATE, lastRpcTime:1014ms, electionTimeout:1010ms
2020-12-22 13:10:47,327 [9d743c2f-cc4c-4210-bd8b-cad00ce03aed@group-DA5D408C537E-SegmentedRaftLogWorker] INFO  segmented.SegmentedRaftLogWorker (SegmentedRaftLogWorker.java:execute(597)) - 9d743c2f-cc4c-4210-bd8b-cad00ce03aed@group-DA5D408C537E-SegmentedRaftLogWorker: created new log segment /github/workspace/mnt/ozone/hadoop-ozone/integration-test/target/test-dir/MiniOzoneClusterImpl-0c7722d3-6e51-44b5-a6be-ee21012bb99e/datanode-4/data/ratis/9e6701bb-3dba-4d25-a765-da5d408c537e/current/log_inprogress_0
2020-12-22 13:10:47,327 [pool-114-thread-1] INFO  server.RaftServerConfigKeys (ConfUtils.java:logGet(44)) - raft.server.log.corruption.policy = EXCEPTION (default)
2020-12-22 13:10:47,327 [pool-114-thread-1] INFO  storage.RaftStorageDirectory (RaftStorageDirectory.java:analyzeStorage(261)) - The storage directory /github/workspace/mnt/ozone/hadoop-ozone/integration-test/target/test-dir/MiniOzoneClusterImpl-0c7722d3-6e51-44b5-a6be-ee21012bb99e/datanode-5/data/ratis/bf013636-bf38-49a5-93f8-b00bd356e557 does not exist. Creating ...
2020-12-22 13:10:47,329 [pool-114-thread-1] INFO  storage.RaftStorageDirectory (RaftStorageDirectory.java:tryLock(343)) - Lock on /github/workspace/mnt/ozone/hadoop-ozone/integration-test/target/test-dir/MiniOzoneClusterImpl-0c7722d3-6e51-44b5-a6be-ee21012bb99e/datanode-5/data/ratis/bf013636-bf38-49a5-93f8-b00bd356e557/in_use.lock acquired by nodename 399@60c1c0eb1cfd
2020-12-22 13:10:47,334 [pool-114-thread-1] INFO  storage.RaftStorage (RaftStorage.java:format(85)) - Storage directory /github/workspace/mnt/ozone/hadoop-ozone/integration-test/target/test-dir/MiniOzoneClusterImpl-0c7722d3-6e51-44b5-a6be-ee21012bb99e/datanode-5/data/ratis/bf013636-bf38-49a5-93f8-b00bd356e557 has been successfully formatted.
2020-12-22 13:10:47,334 [pool-114-thread-1] INFO  ratis.ContainerStateMachine (ContainerStateMachine.java:loadSnapshot(225)) - group-B00BD356E557: The snapshot info is null. Setting the last applied indexto:(t:0, i:~)
2020-12-22 13:10:47,334 [pool-114-thread-1] INFO  server.RaftServerConfigKeys (ConfUtils.java:logGet(44)) - raft.server.notification.no-leader.timeout = 300000ms (custom)
2020-12-22 13:10:47,334 [pool-114-thread-1] INFO  server.RaftServerConfigKeys (ConfUtils.java:logGet(44)) - raft.server.log.use.memory = false (default)
2020-12-22 13:10:47,334 [pool-114-thread-1] INFO  server.RaftServerConfigKeys (ConfUtils.java:logGet(44)) - raft.server.log.purge.gap = 1000000 (custom)
2020-12-22 13:10:47,334 [pool-114-thread-1] INFO  metrics.RatisMetrics (RatisMetrics.java:lambda$create$0(36)) - Creating Metrics Registry : ratis.log_worker.1542794c-42be-495d-a942-8ab282cac6bd@group-B00BD356E557
2020-12-22 13:10:47,335 [pool-114-thread-1] INFO  server.RaftServerConfigKeys (ConfUtils.java:logGet(44)) - raft.server.log.appender.buffer.byte-limit = 33554432 (custom)
2020-12-22 13:10:47,335 [pool-114-thread-1] INFO  server.RaftServerConfigKeys (ConfUtils.java:logGet(44)) - raft.server.log.segment.size.max = 1048576 (custom)
2020-12-22 13:10:47,336 [Thread-323] INFO  impl.RoleInfo (RoleInfo.java:shutdownFollowerState(121)) - d23545be-7951-4ced-9e1c-af6ad8e842b2: shutdown d23545be-7951-4ced-9e1c-af6ad8e842b2@group-F953A9491D79-FollowerState
2020-12-22 13:10:47,336 [Thread-323] INFO  impl.RaftServerImpl (RaftServerImpl.java:setRole(204)) - d23545be-7951-4ced-9e1c-af6ad8e842b2@group-F953A9491D79: changes role from  FOLLOWER to CANDIDATE at term 0 for changeToCandidate
2020-12-22 13:10:47,336 [Thread-323] INFO  impl.RoleInfo (RoleInfo.java:updateAndGet(143)) - d23545be-7951-4ced-9e1c-af6ad8e842b2: start d23545be-7951-4ced-9e1c-af6ad8e842b2@group-F953A9491D79-LeaderElection8
2020-12-22 13:10:47,362 [Thread-313] INFO  impl.FollowerState (FollowerState.java:run(128)) - a9e5f8c8-f1d2-4256-bab8-e403c630398b@group-E4A08ED2FC34-FollowerState: change to CANDIDATE, lastRpcTime:1138ms, electionTimeout:1133ms
2020-12-22 13:10:47,364 [pool-114-thread-1] INFO  server.RaftServerConfigKeys (ConfUtils.java:logGet(44)) - raft.server.log.segment.cache.num.max = 2 (custom)
2020-12-22 13:10:47,364 [pool-114-thread-1] INFO  segmented.SegmentedRaftLogWorker (SegmentedRaftLogWorker.java:<init>(180)) - new 1542794c-42be-495d-a942-8ab282cac6bd@group-B00BD356E557-SegmentedRaftLogWorker for RaftStorage:Storage Directory /github/workspace/mnt/ozone/hadoop-ozone/integration-test/target/test-dir/MiniOzoneClusterImpl-0c7722d3-6e51-44b5-a6be-ee21012bb99e/datanode-5/data/ratis/bf013636-bf38-49a5-93f8-b00bd356e557
2020-12-22 13:10:47,365 [pool-114-thread-1] INFO  server.RaftServerConfigKeys (ConfUtils.java:logGet(44)) - raft.server.log.queue.byte-limit = 2147483647 (custom)
2020-12-22 13:10:47,365 [pool-114-thread-1] INFO  server.RaftServerConfigKeys (ConfUtils.java:logGet(44)) - raft.server.log.queue.element-limit = 1024 (custom)
2020-12-22 13:10:47,365 [pool-114-thread-1] INFO  server.RaftServerConfigKeys (ConfUtils.java:logGet(44)) - raft.server.log.segment.size.max = 1048576 (custom)
2020-12-22 13:10:47,365 [pool-114-thread-1] INFO  server.RaftServerConfigKeys (ConfUtils.java:logGet(44)) - raft.server.log.preallocated.size = 16384 (custom)
2020-12-22 13:10:47,365 [pool-114-thread-1] INFO  server.RaftServerConfigKeys (ConfUtils.java:logGet(44)) - raft.server.log.write.buffer.size = 1048576 (custom)
2020-12-22 13:10:47,365 [pool-114-thread-1] INFO  server.RaftServerConfigKeys (ConfUtils.java:logGet(44)) - raft.server.log.force.sync.num = 128 (default)
2020-12-22 13:10:47,365 [pool-114-thread-1] INFO  server.RaftServerConfigKeys (ConfUtils.java:logGet(44)) - raft.server.log.statemachine.data.sync = true (default)
2020-12-22 13:10:47,365 [pool-114-thread-1] INFO  server.RaftServerConfigKeys (ConfUtils.java:logGet(44)) - raft.server.log.statemachine.data.sync.timeout = 10s (default)
2020-12-22 13:10:47,365 [pool-114-thread-1] INFO  server.RaftServerConfigKeys (ConfUtils.java:logGet(44)) - raft.server.log.statemachine.data.sync.timeout.retry = -1 (default)
2020-12-22 13:10:47,365 [grpc-default-executor-2] INFO  ratis.XceiverServerRatis (XceiverServerRatis.java:handleLeaderChangedNotification(854)) - Leader change notification received for group: group-DA5D408C537E with new leaderId: 9d743c2f-cc4c-4210-bd8b-cad00ce03aed
2020-12-22 13:10:47,366 [grpc-default-executor-2] INFO  impl.RaftServerImpl (ServerState.java:setLeader(256)) - 3b8ab88f-c5e9-42ae-b9d6-c186578cc1d3@group-DA5D408C537E: change Leader from null to 9d743c2f-cc4c-4210-bd8b-cad00ce03aed at term 1 for appendEntries, leader elected after 1120ms
2020-12-22 13:10:47,368 [Thread-313] INFO  impl.RoleInfo (RoleInfo.java:shutdownFollowerState(121)) - a9e5f8c8-f1d2-4256-bab8-e403c630398b: shutdown a9e5f8c8-f1d2-4256-bab8-e403c630398b@group-E4A08ED2FC34-FollowerState
2020-12-22 13:10:47,368 [Thread-313] INFO  impl.RaftServerImpl (RaftServerImpl.java:setRole(204)) - a9e5f8c8-f1d2-4256-bab8-e403c630398b@group-E4A08ED2FC34: changes role from  FOLLOWER to CANDIDATE at term 0 for changeToCandidate
2020-12-22 13:10:47,369 [grpc-default-executor-1] INFO  ratis.XceiverServerRatis (XceiverServerRatis.java:handleLeaderChangedNotification(854)) - Leader change notification received for group: group-DA5D408C537E with new leaderId: 9d743c2f-cc4c-4210-bd8b-cad00ce03aed
2020-12-22 13:10:47,369 [grpc-default-executor-1] INFO  impl.RaftServerImpl (ServerState.java:setLeader(256)) - 0b95e776-5e46-4213-b3c0-ade9dce9a7dd@group-DA5D408C537E: change Leader from null to 9d743c2f-cc4c-4210-bd8b-cad00ce03aed at term 1 for appendEntries, leader elected after 1235ms
2020-12-22 13:10:47,371 [pool-114-thread-1] INFO  server.RaftServerConfigKeys (ConfUtils.java:logGet(44)) - raft.server.log.statemachine.data.caching.enabled = true (custom)
2020-12-22 13:10:47,371 [pool-114-thread-1] INFO  segmented.SegmentedRaftLogWorker (SegmentedRaftLogWorker.java:lambda$new$0(129)) - 1542794c-42be-495d-a942-8ab282cac6bd@group-B00BD356E557-SegmentedRaftLogWorker: flushIndex: setUnconditionally 0 -> -1
2020-12-22 13:10:47,371 [pool-114-thread-1] INFO  segmented.SegmentedRaftLogWorker (SegmentedRaftLogWorker.java:lambda$new$0(129)) - 1542794c-42be-495d-a942-8ab282cac6bd@group-B00BD356E557-SegmentedRaftLogWorker: safeCacheEvictIndex: setUnconditionally 0 -> -1
2020-12-22 13:10:47,382 [pool-114-thread-1] INFO  server.RaftServerConfigKeys (ConfUtils.java:logGet(44)) - raft.server.snapshot.auto.trigger.enabled = true (custom)
2020-12-22 13:10:47,382 [pool-114-thread-1] INFO  server.RaftServerConfigKeys (ConfUtils.java:logGet(44)) - raft.server.snapshot.auto.trigger.threshold = 10000 (custom)
2020-12-22 13:10:47,382 [pool-114-thread-1] INFO  server.RaftServerConfigKeys (ConfUtils.java:logGet(44)) - raft.server.snapshot.retention.file.num = 5 (custom)
2020-12-22 13:10:47,382 [pool-114-thread-1] INFO  server.RaftServerConfigKeys (ConfUtils.java:logGet(44)) - raft.server.log.purge.upto.snapshot.index = false (default)
2020-12-22 13:10:47,382 [pool-114-thread-1] INFO  server.RaftServerConfigKeys (ConfUtils.java:logGet(44)) - raft.server.retrycache.expirytime = 600000ms (custom)
2020-12-22 13:10:47,382 [pool-114-thread-1] INFO  metrics.RatisMetrics (RatisMetrics.java:lambda$create$0(36)) - Creating Metrics Registry : ratis.leader_election.1542794c-42be-495d-a942-8ab282cac6bd@group-B00BD356E557
2020-12-22 13:10:47,383 [pool-114-thread-1] INFO  metrics.RatisMetrics (RatisMetrics.java:lambda$create$0(36)) - Creating Metrics Registry : ratis.server.1542794c-42be-495d-a942-8ab282cac6bd@group-B00BD356E557
2020-12-22 13:10:47,383 [pool-114-thread-1] INFO  impl.RaftServerImpl (RaftServerImpl.java:start(215)) - 1542794c-42be-495d-a942-8ab282cac6bd@group-B00BD356E557: start as a follower, conf=-1: [968414a2-acfc-4d9a-a6c6-d5ffe78fa14c|rpc:172.17.0.2:37869|dataStream:, 1542794c-42be-495d-a942-8ab282cac6bd|rpc:172.17.0.2:43871|dataStream:, a3d49688-b82f-4622-8b97-34b5ff2bfd95|rpc:172.17.0.2:41743|dataStream:], old=null
2020-12-22 13:10:47,383 [pool-114-thread-1] INFO  impl.RaftServerImpl (RaftServerImpl.java:setRole(204)) - 1542794c-42be-495d-a942-8ab282cac6bd@group-B00BD356E557: changes role from      null to FOLLOWER at term 0 for startAsFollower
2020-12-22 13:10:47,384 [pool-114-thread-1] INFO  impl.RoleInfo (RoleInfo.java:updateAndGet(143)) - 1542794c-42be-495d-a942-8ab282cac6bd: start 1542794c-42be-495d-a942-8ab282cac6bd@group-B00BD356E557-FollowerState
2020-12-22 13:10:47,384 [pool-114-thread-1] INFO  util.JmxRegister (JmxRegister.java:tryRegister(44)) - Successfully registered JMX Bean with object name Ratis:service=RaftServer,group=group-B00BD356E557,id=1542794c-42be-495d-a942-8ab282cac6bd
2020-12-22 13:10:47,384 [pool-114-thread-1] INFO  metrics.RatisMetrics (RatisMetrics.java:lambda$create$0(36)) - Creating Metrics Registry : ratis.state_machine.1542794c-42be-495d-a942-8ab282cac6bd@group-B00BD356E557
2020-12-22 13:10:47,386 [Thread-313] INFO  impl.RoleInfo (RoleInfo.java:updateAndGet(143)) - a9e5f8c8-f1d2-4256-bab8-e403c630398b: start a9e5f8c8-f1d2-4256-bab8-e403c630398b@group-E4A08ED2FC34-LeaderElection9
2020-12-22 13:10:47,396 [d23545be-7951-4ced-9e1c-af6ad8e842b2@group-F953A9491D79-LeaderElection8] INFO  impl.LeaderElection (LeaderElection.java:askForVotes(215)) - d23545be-7951-4ced-9e1c-af6ad8e842b2@group-F953A9491D79-LeaderElection8: begin an election at term 1 for -1: [d23545be-7951-4ced-9e1c-af6ad8e842b2|rpc:172.17.0.2:35453], old=null
2020-12-22 13:10:47,396 [d23545be-7951-4ced-9e1c-af6ad8e842b2@group-F953A9491D79-LeaderElection8] INFO  impl.RoleInfo (RoleInfo.java:shutdownLeaderElection(134)) - d23545be-7951-4ced-9e1c-af6ad8e842b2: shutdown d23545be-7951-4ced-9e1c-af6ad8e842b2@group-F953A9491D79-LeaderElection8
2020-12-22 13:10:47,396 [d23545be-7951-4ced-9e1c-af6ad8e842b2@group-F953A9491D79-LeaderElection8] INFO  impl.RaftServerImpl (RaftServerImpl.java:setRole(204)) - d23545be-7951-4ced-9e1c-af6ad8e842b2@group-F953A9491D79: changes role from CANDIDATE to LEADER at term 1 for changeToLeader
2020-12-22 13:10:47,396 [d23545be-7951-4ced-9e1c-af6ad8e842b2@group-F953A9491D79-LeaderElection8] INFO  ratis.XceiverServerRatis (XceiverServerRatis.java:handleLeaderChangedNotification(854)) - Leader change notification received for group: group-F953A9491D79 with new leaderId: d23545be-7951-4ced-9e1c-af6ad8e842b2
2020-12-22 13:10:47,396 [d23545be-7951-4ced-9e1c-af6ad8e842b2@group-F953A9491D79-LeaderElection8] INFO  impl.RaftServerImpl (ServerState.java:setLeader(256)) - d23545be-7951-4ced-9e1c-af6ad8e842b2@group-F953A9491D79: change Leader from null to d23545be-7951-4ced-9e1c-af6ad8e842b2 at term 1 for becomeLeader, leader elected after 1150ms
2020-12-22 13:10:47,396 [d23545be-7951-4ced-9e1c-af6ad8e842b2@group-F953A9491D79-LeaderElection8] INFO  server.RaftServerConfigKeys (ConfUtils.java:logGet(44)) - raft.server.staging.catchup.gap = 1000 (default)
2020-12-22 13:10:47,396 [d23545be-7951-4ced-9e1c-af6ad8e842b2@group-F953A9491D79-LeaderElection8] INFO  server.RaftServerConfigKeys (ConfUtils.java:logGet(44)) - raft.server.rpc.sleep.time = 25ms (default)
2020-12-22 13:10:47,396 [d23545be-7951-4ced-9e1c-af6ad8e842b2@group-F953A9491D79-LeaderElection8] INFO  metrics.RatisMetrics (RatisMetrics.java:lambda$create$0(36)) - Creating Metrics Registry : ratis.log_appender.d23545be-7951-4ced-9e1c-af6ad8e842b2@group-F953A9491D79
2020-12-22 13:10:47,397 [grpc-default-executor-0] INFO  impl.RaftServerImpl (ServerState.java:setRaftConf(374)) - 0b95e776-5e46-4213-b3c0-ade9dce9a7dd@group-DA5D408C537E: set configuration 0: [0b95e776-5e46-4213-b3c0-ade9dce9a7dd|rpc:172.17.0.2:38657|dataStream:, 3b8ab88f-c5e9-42ae-b9d6-c186578cc1d3|rpc:172.17.0.2:46551|dataStream:, 9d743c2f-cc4c-4210-bd8b-cad00ce03aed|rpc:172.17.0.2:40485|dataStream:], old=null at 0
2020-12-22 13:10:47,397 [grpc-default-executor-0] INFO  segmented.SegmentedRaftLogWorker (SegmentedRaftLogWorker.java:startLogSegment(398)) - 0b95e776-5e46-4213-b3c0-ade9dce9a7dd@group-DA5D408C537E-SegmentedRaftLogWorker: Starting segment from index:0
2020-12-22 13:10:47,399 [0b95e776-5e46-4213-b3c0-ade9dce9a7dd@group-DA5D408C537E-SegmentedRaftLogWorker] INFO  segmented.SegmentedRaftLogWorker (SegmentedRaftLogWorker.java:execute(597)) - 0b95e776-5e46-4213-b3c0-ade9dce9a7dd@group-DA5D408C537E-SegmentedRaftLogWorker: created new log segment /github/workspace/mnt/ozone/hadoop-ozone/integration-test/target/test-dir/MiniOzoneClusterImpl-0c7722d3-6e51-44b5-a6be-ee21012bb99e/datanode-7/data/ratis/9e6701bb-3dba-4d25-a765-da5d408c537e/current/log_inprogress_0
2020-12-22 13:10:47,399 [d23545be-7951-4ced-9e1c-af6ad8e842b2@group-F953A9491D79-LeaderElection8] INFO  server.RaftServerConfigKeys (ConfUtils.java:logGet(44)) - raft.server.write.element-limit = 1024 (custom)
2020-12-22 13:10:47,400 [d23545be-7951-4ced-9e1c-af6ad8e842b2@group-F953A9491D79-LeaderElection8] INFO  server.RaftServerConfigKeys (ConfUtils.java:logGet(44)) - raft.server.write.byte-limit = 1073741824 (custom)
2020-12-22 13:10:47,400 [d23545be-7951-4ced-9e1c-af6ad8e842b2@group-F953A9491D79-LeaderElection8] INFO  server.RaftServerConfigKeys (ConfUtils.java:logGet(44)) - raft.server.watch.timeout = 3000ms (custom)
2020-12-22 13:10:47,400 [d23545be-7951-4ced-9e1c-af6ad8e842b2@group-F953A9491D79-LeaderElection8] INFO  server.RaftServerConfigKeys (ConfUtils.java:logGet(44)) - raft.server.watch.timeout.denomination = 1s (default)
2020-12-22 13:10:47,400 [d23545be-7951-4ced-9e1c-af6ad8e842b2@group-F953A9491D79-LeaderElection8] INFO  server.RaftServerConfigKeys (ConfUtils.java:logGet(44)) - raft.server.watch.element-limit = 65536 (default)
2020-12-22 13:10:47,400 [d23545be-7951-4ced-9e1c-af6ad8e842b2@group-F953A9491D79-LeaderElection8] INFO  impl.RoleInfo (RoleInfo.java:updateAndGet(143)) - d23545be-7951-4ced-9e1c-af6ad8e842b2: start d23545be-7951-4ced-9e1c-af6ad8e842b2@group-F953A9491D79-LeaderState
2020-12-22 13:10:47,400 [d23545be-7951-4ced-9e1c-af6ad8e842b2@group-F953A9491D79-LeaderElection8] INFO  segmented.SegmentedRaftLogWorker (SegmentedRaftLogWorker.java:startLogSegment(398)) - d23545be-7951-4ced-9e1c-af6ad8e842b2@group-F953A9491D79-SegmentedRaftLogWorker: Starting segment from index:0
2020-12-22 13:10:47,403 [grpc-default-executor-1] INFO  impl.RaftServerImpl (ServerState.java:setRaftConf(374)) - 3b8ab88f-c5e9-42ae-b9d6-c186578cc1d3@group-DA5D408C537E: set configuration 0: [0b95e776-5e46-4213-b3c0-ade9dce9a7dd|rpc:172.17.0.2:38657|dataStream:, 3b8ab88f-c5e9-42ae-b9d6-c186578cc1d3|rpc:172.17.0.2:46551|dataStream:, 9d743c2f-cc4c-4210-bd8b-cad00ce03aed|rpc:172.17.0.2:40485|dataStream:], old=null at 0
2020-12-22 13:10:47,403 [grpc-default-executor-1] INFO  segmented.SegmentedRaftLogWorker (SegmentedRaftLogWorker.java:startLogSegment(398)) - 3b8ab88f-c5e9-42ae-b9d6-c186578cc1d3@group-DA5D408C537E-SegmentedRaftLogWorker: Starting segment from index:0
2020-12-22 13:10:47,415 [3b8ab88f-c5e9-42ae-b9d6-c186578cc1d3@group-DA5D408C537E-SegmentedRaftLogWorker] INFO  segmented.SegmentedRaftLogWorker (SegmentedRaftLogWorker.java:execute(597)) - 3b8ab88f-c5e9-42ae-b9d6-c186578cc1d3@group-DA5D408C537E-SegmentedRaftLogWorker: created new log segment /github/workspace/mnt/ozone/hadoop-ozone/integration-test/target/test-dir/MiniOzoneClusterImpl-0c7722d3-6e51-44b5-a6be-ee21012bb99e/datanode-8/data/ratis/9e6701bb-3dba-4d25-a765-da5d408c537e/current/log_inprogress_0
2020-12-22 13:10:47,423 [d23545be-7951-4ced-9e1c-af6ad8e842b2@group-F953A9491D79-LeaderElection8] INFO  impl.RaftServerImpl (ServerState.java:setRaftConf(374)) - d23545be-7951-4ced-9e1c-af6ad8e842b2@group-F953A9491D79: set configuration 0: [d23545be-7951-4ced-9e1c-af6ad8e842b2|rpc:172.17.0.2:35453|dataStream:], old=null at 0
2020-12-22 13:10:47,427 [Command processor thread] INFO  metrics.RatisMetrics (RatisMetrics.java:lambda$create$0(36)) - Creating Metrics Registry : ratis.client_message_metrics.client-5ED51A9A0D87->a3d49688-b82f-4622-8b97-34b5ff2bfd95
2020-12-22 13:10:47,430 [d23545be-7951-4ced-9e1c-af6ad8e842b2@group-F953A9491D79-SegmentedRaftLogWorker] INFO  segmented.SegmentedRaftLogWorker (SegmentedRaftLogWorker.java:execute(597)) - d23545be-7951-4ced-9e1c-af6ad8e842b2@group-F953A9491D79-SegmentedRaftLogWorker: created new log segment /github/workspace/mnt/ozone/hadoop-ozone/integration-test/target/test-dir/MiniOzoneClusterImpl-0c7722d3-6e51-44b5-a6be-ee21012bb99e/datanode-0/data/ratis/1cbaa372-91cf-4b79-9e80-f953a9491d79/current/log_inprogress_0
2020-12-22 13:10:47,435 [grpc-default-executor-0] INFO  metrics.RatisMetrics (RatisMetrics.java:lambda$create$0(36)) - Creating Metrics Registry : ratis.server_message_metrics.a3d49688-b82f-4622-8b97-34b5ff2bfd95
2020-12-22 13:10:47,444 [a9e5f8c8-f1d2-4256-bab8-e403c630398b@group-E4A08ED2FC34-LeaderElection9] INFO  impl.LeaderElection (LeaderElection.java:askForVotes(215)) - a9e5f8c8-f1d2-4256-bab8-e403c630398b@group-E4A08ED2FC34-LeaderElection9: begin an election at term 1 for -1: [a9e5f8c8-f1d2-4256-bab8-e403c630398b|rpc:172.17.0.2:36741], old=null
2020-12-22 13:10:47,444 [a9e5f8c8-f1d2-4256-bab8-e403c630398b@group-E4A08ED2FC34-LeaderElection9] INFO  impl.RoleInfo (RoleInfo.java:shutdownLeaderElection(134)) - a9e5f8c8-f1d2-4256-bab8-e403c630398b: shutdown a9e5f8c8-f1d2-4256-bab8-e403c630398b@group-E4A08ED2FC34-LeaderElection9
2020-12-22 13:10:47,444 [a9e5f8c8-f1d2-4256-bab8-e403c630398b@group-E4A08ED2FC34-LeaderElection9] INFO  impl.RaftServerImpl (RaftServerImpl.java:setRole(204)) - a9e5f8c8-f1d2-4256-bab8-e403c630398b@group-E4A08ED2FC34: changes role from CANDIDATE to LEADER at term 1 for changeToLeader
2020-12-22 13:10:47,445 [a9e5f8c8-f1d2-4256-bab8-e403c630398b@group-E4A08ED2FC34-LeaderElection9] INFO  ratis.XceiverServerRatis (XceiverServerRatis.java:handleLeaderChangedNotification(854)) - Leader change notification received for group: group-E4A08ED2FC34 with new leaderId: a9e5f8c8-f1d2-4256-bab8-e403c630398b
2020-12-22 13:10:47,445 [a9e5f8c8-f1d2-4256-bab8-e403c630398b@group-E4A08ED2FC34-LeaderElection9] INFO  impl.RaftServerImpl (ServerState.java:setLeader(256)) - a9e5f8c8-f1d2-4256-bab8-e403c630398b@group-E4A08ED2FC34: change Leader from null to a9e5f8c8-f1d2-4256-bab8-e403c630398b at term 1 for becomeLeader, leader elected after 1261ms
2020-12-22 13:10:47,445 [a9e5f8c8-f1d2-4256-bab8-e403c630398b@group-E4A08ED2FC34-LeaderElection9] INFO  server.RaftServerConfigKeys (ConfUtils.java:logGet(44)) - raft.server.staging.catchup.gap = 1000 (default)
2020-12-22 13:10:47,446 [a9e5f8c8-f1d2-4256-bab8-e403c630398b@group-E4A08ED2FC34-LeaderElection9] INFO  server.RaftServerConfigKeys (ConfUtils.java:logGet(44)) - raft.server.rpc.sleep.time = 25ms (default)
2020-12-22 13:10:47,446 [a9e5f8c8-f1d2-4256-bab8-e403c630398b@group-E4A08ED2FC34-LeaderElection9] INFO  metrics.RatisMetrics (RatisMetrics.java:lambda$create$0(36)) - Creating Metrics Registry : ratis.log_appender.a9e5f8c8-f1d2-4256-bab8-e403c630398b@group-E4A08ED2FC34
2020-12-22 13:10:47,447 [a9e5f8c8-f1d2-4256-bab8-e403c630398b@group-E4A08ED2FC34-LeaderElection9] INFO  server.RaftServerConfigKeys (ConfUtils.java:logGet(44)) - raft.server.write.element-limit = 1024 (custom)
2020-12-22 13:10:47,447 [a9e5f8c8-f1d2-4256-bab8-e403c630398b@group-E4A08ED2FC34-LeaderElection9] INFO  server.RaftServerConfigKeys (ConfUtils.java:logGet(44)) - raft.server.write.byte-limit = 1073741824 (custom)
2020-12-22 13:10:47,448 [a9e5f8c8-f1d2-4256-bab8-e403c630398b@group-E4A08ED2FC34-LeaderElection9] INFO  server.RaftServerConfigKeys (ConfUtils.java:logGet(44)) - raft.server.watch.timeout = 3000ms (custom)
2020-12-22 13:10:47,448 [a9e5f8c8-f1d2-4256-bab8-e403c630398b@group-E4A08ED2FC34-LeaderElection9] INFO  server.RaftServerConfigKeys (ConfUtils.java:logGet(44)) - raft.server.watch.timeout.denomination = 1s (default)
2020-12-22 13:10:47,448 [a9e5f8c8-f1d2-4256-bab8-e403c630398b@group-E4A08ED2FC34-LeaderElection9] INFO  server.RaftServerConfigKeys (ConfUtils.java:logGet(44)) - raft.server.watch.element-limit = 65536 (default)
2020-12-22 13:10:47,448 [a9e5f8c8-f1d2-4256-bab8-e403c630398b@group-E4A08ED2FC34-LeaderElection9] INFO  impl.RoleInfo (RoleInfo.java:updateAndGet(143)) - a9e5f8c8-f1d2-4256-bab8-e403c630398b: start a9e5f8c8-f1d2-4256-bab8-e403c630398b@group-E4A08ED2FC34-LeaderState
2020-12-22 13:10:47,449 [a9e5f8c8-f1d2-4256-bab8-e403c630398b@group-E4A08ED2FC34-LeaderElection9] INFO  segmented.SegmentedRaftLogWorker (SegmentedRaftLogWorker.java:startLogSegment(398)) - a9e5f8c8-f1d2-4256-bab8-e403c630398b@group-E4A08ED2FC34-SegmentedRaftLogWorker: Starting segment from index:0
2020-12-22 13:10:47,449 [a9e5f8c8-f1d2-4256-bab8-e403c630398b@group-E4A08ED2FC34-LeaderElection9] INFO  impl.RaftServerImpl (ServerState.java:setRaftConf(374)) - a9e5f8c8-f1d2-4256-bab8-e403c630398b@group-E4A08ED2FC34: set configuration 0: [a9e5f8c8-f1d2-4256-bab8-e403c630398b|rpc:172.17.0.2:36741|dataStream:], old=null at 0
2020-12-22 13:10:47,450 [a9e5f8c8-f1d2-4256-bab8-e403c630398b@group-E4A08ED2FC34-SegmentedRaftLogWorker] INFO  segmented.SegmentedRaftLogWorker (SegmentedRaftLogWorker.java:execute(597)) - a9e5f8c8-f1d2-4256-bab8-e403c630398b@group-E4A08ED2FC34-SegmentedRaftLogWorker: created new log segment /github/workspace/mnt/ozone/hadoop-ozone/integration-test/target/test-dir/MiniOzoneClusterImpl-0c7722d3-6e51-44b5-a6be-ee21012bb99e/datanode-3/data/ratis/23567c96-548a-42a1-bd8a-e4a08ed2fc34/current/log_inprogress_0
2020-12-22 13:10:47,452 [grpc-default-executor-0] INFO  impl.RaftServerProxy (RaftServerProxy.java:addNew(93)) - a3d49688-b82f-4622-8b97-34b5ff2bfd95: addNew group-B00BD356E557:[968414a2-acfc-4d9a-a6c6-d5ffe78fa14c|rpc:172.17.0.2:37869|dataStream:, 1542794c-42be-495d-a942-8ab282cac6bd|rpc:172.17.0.2:43871|dataStream:, a3d49688-b82f-4622-8b97-34b5ff2bfd95|rpc:172.17.0.2:41743|dataStream:] returns group-B00BD356E557:java.util.concurrent.CompletableFuture@5f52d176[Not completed]
2020-12-22 13:10:47,458 [pool-130-thread-1] INFO  impl.RaftServerImpl (RaftServerImpl.java:<init>(121)) - a3d49688-b82f-4622-8b97-34b5ff2bfd95: new RaftServerImpl for group-B00BD356E557:[968414a2-acfc-4d9a-a6c6-d5ffe78fa14c|rpc:172.17.0.2:37869|dataStream:, 1542794c-42be-495d-a942-8ab282cac6bd|rpc:172.17.0.2:43871|dataStream:, a3d49688-b82f-4622-8b97-34b5ff2bfd95|rpc:172.17.0.2:41743|dataStream:] with ContainerStateMachine:uninitialized
2020-12-22 13:10:47,459 [pool-130-thread-1] INFO  server.RaftServerConfigKeys (ConfUtils.java:logGet(44)) - raft.server.rpc.timeout.min = 1s (custom)
2020-12-22 13:10:47,460 [pool-130-thread-1] INFO  server.RaftServerConfigKeys (ConfUtils.java:logGet(44)) - raft.server.rpc.timeout.max = 1200ms (custom)
2020-12-22 13:10:47,460 [pool-130-thread-1] INFO  server.RaftServerConfigKeys (ConfUtils.java:logGet(44)) - raft.server.rpc.slowness.timeout = 300000ms (custom)
2020-12-22 13:10:47,460 [pool-130-thread-1] INFO  server.RaftServerConfigKeys (ConfUtils.java:logGet(44)) - raft.server.leaderelection.leader.step-down.wait-time = 10s (default)
2020-12-22 13:10:47,460 [pool-130-thread-1] INFO  server.RaftServerConfigKeys (ConfUtils.java:logGet(44)) - raft.server.sleep.deviation.threshold = 300 (default)
2020-12-22 13:10:47,461 [pool-130-thread-1] INFO  server.RaftServerConfigKeys (ConfUtils.java:logGet(44)) - raft.server.log.appender.install.snapshot.enabled = false (custom)
2020-12-22 13:10:47,461 [pool-130-thread-1] INFO  impl.RaftServerImpl (ServerState.java:<init>(104)) - a3d49688-b82f-4622-8b97-34b5ff2bfd95@group-B00BD356E557: ConfigurationManager, init=-1: [968414a2-acfc-4d9a-a6c6-d5ffe78fa14c|rpc:172.17.0.2:37869|dataStream:, 1542794c-42be-495d-a942-8ab282cac6bd|rpc:172.17.0.2:43871|dataStream:, a3d49688-b82f-4622-8b97-34b5ff2bfd95|rpc:172.17.0.2:41743|dataStream:], old=null, confs=<EMPTY_MAP>
2020-12-22 13:10:47,461 [pool-130-thread-1] INFO  server.RaftServerConfigKeys (ConfUtils.java:logGet(44)) - raft.server.storage.dir = [/github/workspace/mnt/ozone/hadoop-ozone/integration-test/target/test-dir/MiniOzoneClusterImpl-0c7722d3-6e51-44b5-a6be-ee21012bb99e/datanode-6/data/ratis] (custom)
2020-12-22 13:10:47,462 [pool-130-thread-1] INFO  server.RaftServerConfigKeys (ConfUtils.java:logGet(44)) - raft.server.log.corruption.policy = EXCEPTION (default)
2020-12-22 13:10:47,462 [pool-130-thread-1] INFO  storage.RaftStorageDirectory (RaftStorageDirectory.java:analyzeStorage(261)) - The storage directory /github/workspace/mnt/ozone/hadoop-ozone/integration-test/target/test-dir/MiniOzoneClusterImpl-0c7722d3-6e51-44b5-a6be-ee21012bb99e/datanode-6/data/ratis/bf013636-bf38-49a5-93f8-b00bd356e557 does not exist. Creating ...
2020-12-22 13:10:47,463 [pool-130-thread-1] INFO  storage.RaftStorageDirectory (RaftStorageDirectory.java:tryLock(343)) - Lock on /github/workspace/mnt/ozone/hadoop-ozone/integration-test/target/test-dir/MiniOzoneClusterImpl-0c7722d3-6e51-44b5-a6be-ee21012bb99e/datanode-6/data/ratis/bf013636-bf38-49a5-93f8-b00bd356e557/in_use.lock acquired by nodename 399@60c1c0eb1cfd
2020-12-22 13:10:47,468 [pool-130-thread-1] INFO  storage.RaftStorage (RaftStorage.java:format(85)) - Storage directory /github/workspace/mnt/ozone/hadoop-ozone/integration-test/target/test-dir/MiniOzoneClusterImpl-0c7722d3-6e51-44b5-a6be-ee21012bb99e/datanode-6/data/ratis/bf013636-bf38-49a5-93f8-b00bd356e557 has been successfully formatted.
2020-12-22 13:10:47,469 [pool-130-thread-1] INFO  ratis.ContainerStateMachine (ContainerStateMachine.java:loadSnapshot(225)) - group-B00BD356E557: The snapshot info is null. Setting the last applied indexto:(t:0, i:~)
2020-12-22 13:10:47,470 [pool-130-thread-1] INFO  server.RaftServerConfigKeys (ConfUtils.java:logGet(44)) - raft.server.notification.no-leader.timeout = 300000ms (custom)
2020-12-22 13:10:47,470 [pool-130-thread-1] INFO  server.RaftServerConfigKeys (ConfUtils.java:logGet(44)) - raft.server.log.use.memory = false (default)
2020-12-22 13:10:47,470 [pool-130-thread-1] INFO  server.RaftServerConfigKeys (ConfUtils.java:logGet(44)) - raft.server.log.purge.gap = 1000000 (custom)
2020-12-22 13:10:47,470 [pool-130-thread-1] INFO  metrics.RatisMetrics (RatisMetrics.java:lambda$create$0(36)) - Creating Metrics Registry : ratis.log_worker.a3d49688-b82f-4622-8b97-34b5ff2bfd95@group-B00BD356E557
2020-12-22 13:10:47,470 [pool-130-thread-1] INFO  server.RaftServerConfigKeys (ConfUtils.java:logGet(44)) - raft.server.log.appender.buffer.byte-limit = 33554432 (custom)
2020-12-22 13:10:47,471 [pool-130-thread-1] INFO  server.RaftServerConfigKeys (ConfUtils.java:logGet(44)) - raft.server.log.segment.size.max = 1048576 (custom)
2020-12-22 13:10:47,471 [pool-130-thread-1] INFO  server.RaftServerConfigKeys (ConfUtils.java:logGet(44)) - raft.server.log.segment.cache.num.max = 2 (custom)
2020-12-22 13:10:47,472 [pool-130-thread-1] INFO  segmented.SegmentedRaftLogWorker (SegmentedRaftLogWorker.java:<init>(180)) - new a3d49688-b82f-4622-8b97-34b5ff2bfd95@group-B00BD356E557-SegmentedRaftLogWorker for RaftStorage:Storage Directory /github/workspace/mnt/ozone/hadoop-ozone/integration-test/target/test-dir/MiniOzoneClusterImpl-0c7722d3-6e51-44b5-a6be-ee21012bb99e/datanode-6/data/ratis/bf013636-bf38-49a5-93f8-b00bd356e557
2020-12-22 13:10:47,472 [pool-130-thread-1] INFO  server.RaftServerConfigKeys (ConfUtils.java:logGet(44)) - raft.server.log.queue.byte-limit = 2147483647 (custom)
2020-12-22 13:10:47,472 [pool-130-thread-1] INFO  server.RaftServerConfigKeys (ConfUtils.java:logGet(44)) - raft.server.log.queue.element-limit = 1024 (custom)
2020-12-22 13:10:47,472 [pool-130-thread-1] INFO  server.RaftServerConfigKeys (ConfUtils.java:logGet(44)) - raft.server.log.segment.size.max = 1048576 (custom)
2020-12-22 13:10:47,472 [pool-130-thread-1] INFO  server.RaftServerConfigKeys (ConfUtils.java:logGet(44)) - raft.server.log.preallocated.size = 16384 (custom)
2020-12-22 13:10:47,472 [pool-130-thread-1] INFO  server.RaftServerConfigKeys (ConfUtils.java:logGet(44)) - raft.server.log.write.buffer.size = 1048576 (custom)
2020-12-22 13:10:47,474 [pool-130-thread-1] INFO  server.RaftServerConfigKeys (ConfUtils.java:logGet(44)) - raft.server.log.force.sync.num = 128 (default)
2020-12-22 13:10:47,474 [pool-130-thread-1] INFO  server.RaftServerConfigKeys (ConfUtils.java:logGet(44)) - raft.server.log.statemachine.data.sync = true (default)
2020-12-22 13:10:47,474 [pool-130-thread-1] INFO  server.RaftServerConfigKeys (ConfUtils.java:logGet(44)) - raft.server.log.statemachine.data.sync.timeout = 10s (default)
2020-12-22 13:10:47,474 [pool-130-thread-1] INFO  server.RaftServerConfigKeys (ConfUtils.java:logGet(44)) - raft.server.log.statemachine.data.sync.timeout.retry = -1 (default)
2020-12-22 13:10:47,475 [pool-130-thread-1] INFO  server.RaftServerConfigKeys (ConfUtils.java:logGet(44)) - raft.server.log.statemachine.data.caching.enabled = true (custom)
2020-12-22 13:10:47,477 [pool-130-thread-1] INFO  segmented.SegmentedRaftLogWorker (SegmentedRaftLogWorker.java:lambda$new$0(129)) - a3d49688-b82f-4622-8b97-34b5ff2bfd95@group-B00BD356E557-SegmentedRaftLogWorker: flushIndex: setUnconditionally 0 -> -1
2020-12-22 13:10:47,477 [pool-130-thread-1] INFO  segmented.SegmentedRaftLogWorker (SegmentedRaftLogWorker.java:lambda$new$0(129)) - a3d49688-b82f-4622-8b97-34b5ff2bfd95@group-B00BD356E557-SegmentedRaftLogWorker: safeCacheEvictIndex: setUnconditionally 0 -> -1
2020-12-22 13:10:47,481 [pool-130-thread-1] INFO  server.RaftServerConfigKeys (ConfUtils.java:logGet(44)) - raft.server.snapshot.auto.trigger.enabled = true (custom)
2020-12-22 13:10:47,481 [pool-130-thread-1] INFO  server.RaftServerConfigKeys (ConfUtils.java:logGet(44)) - raft.server.snapshot.auto.trigger.threshold = 10000 (custom)
2020-12-22 13:10:47,481 [pool-130-thread-1] INFO  server.RaftServerConfigKeys (ConfUtils.java:logGet(44)) - raft.server.snapshot.retention.file.num = 5 (custom)
2020-12-22 13:10:47,482 [pool-130-thread-1] INFO  server.RaftServerConfigKeys (ConfUtils.java:logGet(44)) - raft.server.log.purge.upto.snapshot.index = false (default)
2020-12-22 13:10:47,482 [pool-130-thread-1] INFO  server.RaftServerConfigKeys (ConfUtils.java:logGet(44)) - raft.server.retrycache.expirytime = 600000ms (custom)
2020-12-22 13:10:47,482 [pool-130-thread-1] INFO  metrics.RatisMetrics (RatisMetrics.java:lambda$create$0(36)) - Creating Metrics Registry : ratis.leader_election.a3d49688-b82f-4622-8b97-34b5ff2bfd95@group-B00BD356E557
2020-12-22 13:10:47,482 [pool-130-thread-1] INFO  metrics.RatisMetrics (RatisMetrics.java:lambda$create$0(36)) - Creating Metrics Registry : ratis.server.a3d49688-b82f-4622-8b97-34b5ff2bfd95@group-B00BD356E557
2020-12-22 13:10:47,483 [pool-130-thread-1] INFO  impl.RaftServerImpl (RaftServerImpl.java:start(215)) - a3d49688-b82f-4622-8b97-34b5ff2bfd95@group-B00BD356E557: start as a follower, conf=-1: [968414a2-acfc-4d9a-a6c6-d5ffe78fa14c|rpc:172.17.0.2:37869|dataStream:, 1542794c-42be-495d-a942-8ab282cac6bd|rpc:172.17.0.2:43871|dataStream:, a3d49688-b82f-4622-8b97-34b5ff2bfd95|rpc:172.17.0.2:41743|dataStream:], old=null
2020-12-22 13:10:47,484 [pool-130-thread-1] INFO  impl.RaftServerImpl (RaftServerImpl.java:setRole(204)) - a3d49688-b82f-4622-8b97-34b5ff2bfd95@group-B00BD356E557: changes role from      null to FOLLOWER at term 0 for startAsFollower
2020-12-22 13:10:47,484 [pool-130-thread-1] INFO  impl.RoleInfo (RoleInfo.java:updateAndGet(143)) - a3d49688-b82f-4622-8b97-34b5ff2bfd95: start a3d49688-b82f-4622-8b97-34b5ff2bfd95@group-B00BD356E557-FollowerState
2020-12-22 13:10:47,489 [pool-130-thread-1] INFO  util.JmxRegister (JmxRegister.java:tryRegister(44)) - Successfully registered JMX Bean with object name Ratis:service=RaftServer,group=group-B00BD356E557,id=a3d49688-b82f-4622-8b97-34b5ff2bfd95
2020-12-22 13:10:47,489 [org.apache.ratis.server.JvmPauseMonitor@61f7d7f2-Monitor] WARN  server.JvmPauseMonitor (JvmPauseMonitor.java:run(141)) - Detected pause in JVM or host machine (eg GC): pause of approximately 2ms
GC pool 'PS MarkSweep' had collection(s): count=1 time=153ms
GC pool 'PS Scavenge' had collection(s): count=2 time=52ms
2020-12-22 13:10:47,489 [pool-130-thread-1] INFO  metrics.RatisMetrics (RatisMetrics.java:lambda$create$0(36)) - Creating Metrics Registry : ratis.state_machine.a3d49688-b82f-4622-8b97-34b5ff2bfd95@group-B00BD356E557
2020-12-22 13:10:47,517 [Command processor thread] INFO  commandhandler.CreatePipelineCommandHandler (CreatePipelineCommandHandler.java:handle(106)) - Created Pipeline RATIS THREE PipelineID=bf013636-bf38-49a5-93f8-b00bd356e557.
2020-12-22 13:10:47,782 [Thread-343] INFO  impl.FollowerState (FollowerState.java:run(128)) - 0b95e776-5e46-4213-b3c0-ade9dce9a7dd@group-1533D229CD97-FollowerState: change to CANDIDATE, lastRpcTime:1193ms, electionTimeout:1183ms
2020-12-22 13:10:47,782 [Thread-343] INFO  impl.RoleInfo (RoleInfo.java:shutdownFollowerState(121)) - 0b95e776-5e46-4213-b3c0-ade9dce9a7dd: shutdown 0b95e776-5e46-4213-b3c0-ade9dce9a7dd@group-1533D229CD97-FollowerState
2020-12-22 13:10:47,782 [Thread-343] INFO  impl.RaftServerImpl (RaftServerImpl.java:setRole(204)) - 0b95e776-5e46-4213-b3c0-ade9dce9a7dd@group-1533D229CD97: changes role from  FOLLOWER to CANDIDATE at term 0 for changeToCandidate
2020-12-22 13:10:47,782 [Thread-343] INFO  impl.RoleInfo (RoleInfo.java:updateAndGet(143)) - 0b95e776-5e46-4213-b3c0-ade9dce9a7dd: start 0b95e776-5e46-4213-b3c0-ade9dce9a7dd@group-1533D229CD97-LeaderElection10
2020-12-22 13:10:47,791 [0b95e776-5e46-4213-b3c0-ade9dce9a7dd@group-1533D229CD97-LeaderElection10] INFO  impl.LeaderElection (LeaderElection.java:askForVotes(215)) - 0b95e776-5e46-4213-b3c0-ade9dce9a7dd@group-1533D229CD97-LeaderElection10: begin an election at term 1 for -1: [0b95e776-5e46-4213-b3c0-ade9dce9a7dd|rpc:172.17.0.2:38657], old=null
2020-12-22 13:10:47,791 [0b95e776-5e46-4213-b3c0-ade9dce9a7dd@group-1533D229CD97-LeaderElection10] INFO  impl.RoleInfo (RoleInfo.java:shutdownLeaderElection(134)) - 0b95e776-5e46-4213-b3c0-ade9dce9a7dd: shutdown 0b95e776-5e46-4213-b3c0-ade9dce9a7dd@group-1533D229CD97-LeaderElection10
2020-12-22 13:10:47,791 [0b95e776-5e46-4213-b3c0-ade9dce9a7dd@group-1533D229CD97-LeaderElection10] INFO  impl.RaftServerImpl (RaftServerImpl.java:setRole(204)) - 0b95e776-5e46-4213-b3c0-ade9dce9a7dd@group-1533D229CD97: changes role from CANDIDATE to LEADER at term 1 for changeToLeader
2020-12-22 13:10:47,791 [0b95e776-5e46-4213-b3c0-ade9dce9a7dd@group-1533D229CD97-LeaderElection10] INFO  ratis.XceiverServerRatis (XceiverServerRatis.java:handleLeaderChangedNotification(854)) - Leader change notification received for group: group-1533D229CD97 with new leaderId: 0b95e776-5e46-4213-b3c0-ade9dce9a7dd
2020-12-22 13:10:47,792 [0b95e776-5e46-4213-b3c0-ade9dce9a7dd@group-1533D229CD97-LeaderElection10] INFO  impl.RaftServerImpl (ServerState.java:setLeader(256)) - 0b95e776-5e46-4213-b3c0-ade9dce9a7dd@group-1533D229CD97: change Leader from null to 0b95e776-5e46-4213-b3c0-ade9dce9a7dd at term 1 for becomeLeader, leader elected after 1232ms
2020-12-22 13:10:47,792 [0b95e776-5e46-4213-b3c0-ade9dce9a7dd@group-1533D229CD97-LeaderElection10] INFO  server.RaftServerConfigKeys (ConfUtils.java:logGet(44)) - raft.server.staging.catchup.gap = 1000 (default)
2020-12-22 13:10:47,794 [0b95e776-5e46-4213-b3c0-ade9dce9a7dd@group-1533D229CD97-LeaderElection10] INFO  server.RaftServerConfigKeys (ConfUtils.java:logGet(44)) - raft.server.rpc.sleep.time = 25ms (default)
2020-12-22 13:10:47,794 [0b95e776-5e46-4213-b3c0-ade9dce9a7dd@group-1533D229CD97-LeaderElection10] INFO  metrics.RatisMetrics (RatisMetrics.java:lambda$create$0(36)) - Creating Metrics Registry : ratis.log_appender.0b95e776-5e46-4213-b3c0-ade9dce9a7dd@group-1533D229CD97
2020-12-22 13:10:47,796 [0b95e776-5e46-4213-b3c0-ade9dce9a7dd@group-1533D229CD97-LeaderElection10] INFO  server.RaftServerConfigKeys (ConfUtils.java:logGet(44)) - raft.server.write.element-limit = 1024 (custom)
2020-12-22 13:10:47,800 [0b95e776-5e46-4213-b3c0-ade9dce9a7dd@group-1533D229CD97-LeaderElection10] INFO  server.RaftServerConfigKeys (ConfUtils.java:logGet(44)) - raft.server.write.byte-limit = 1073741824 (custom)
2020-12-22 13:10:47,800 [0b95e776-5e46-4213-b3c0-ade9dce9a7dd@group-1533D229CD97-LeaderElection10] INFO  server.RaftServerConfigKeys (ConfUtils.java:logGet(44)) - raft.server.watch.timeout = 3000ms (custom)
2020-12-22 13:10:47,800 [0b95e776-5e46-4213-b3c0-ade9dce9a7dd@group-1533D229CD97-LeaderElection10] INFO  server.RaftServerConfigKeys (ConfUtils.java:logGet(44)) - raft.server.watch.timeout.denomination = 1s (default)
2020-12-22 13:10:47,801 [0b95e776-5e46-4213-b3c0-ade9dce9a7dd@group-1533D229CD97-LeaderElection10] INFO  server.RaftServerConfigKeys (ConfUtils.java:logGet(44)) - raft.server.watch.element-limit = 65536 (default)
2020-12-22 13:10:47,801 [0b95e776-5e46-4213-b3c0-ade9dce9a7dd@group-1533D229CD97-LeaderElection10] INFO  impl.RoleInfo (RoleInfo.java:updateAndGet(143)) - 0b95e776-5e46-4213-b3c0-ade9dce9a7dd: start 0b95e776-5e46-4213-b3c0-ade9dce9a7dd@group-1533D229CD97-LeaderState
2020-12-22 13:10:47,801 [0b95e776-5e46-4213-b3c0-ade9dce9a7dd@group-1533D229CD97-LeaderElection10] INFO  segmented.SegmentedRaftLogWorker (SegmentedRaftLogWorker.java:startLogSegment(398)) - 0b95e776-5e46-4213-b3c0-ade9dce9a7dd@group-1533D229CD97-SegmentedRaftLogWorker: Starting segment from index:0
2020-12-22 13:10:47,803 [0b95e776-5e46-4213-b3c0-ade9dce9a7dd@group-1533D229CD97-SegmentedRaftLogWorker] INFO  segmented.SegmentedRaftLogWorker (SegmentedRaftLogWorker.java:execute(597)) - 0b95e776-5e46-4213-b3c0-ade9dce9a7dd@group-1533D229CD97-SegmentedRaftLogWorker: created new log segment /github/workspace/mnt/ozone/hadoop-ozone/integration-test/target/test-dir/MiniOzoneClusterImpl-0c7722d3-6e51-44b5-a6be-ee21012bb99e/datanode-7/data/ratis/e3c73548-12da-446d-9a3b-1533d229cd97/current/log_inprogress_0
2020-12-22 13:10:47,806 [0b95e776-5e46-4213-b3c0-ade9dce9a7dd@group-1533D229CD97-LeaderElection10] INFO  impl.RaftServerImpl (ServerState.java:setRaftConf(374)) - 0b95e776-5e46-4213-b3c0-ade9dce9a7dd@group-1533D229CD97: set configuration 0: [0b95e776-5e46-4213-b3c0-ade9dce9a7dd|rpc:172.17.0.2:38657|dataStream:], old=null at 0
2020-12-22 13:10:47,849 [Thread-352] INFO  impl.FollowerState (FollowerState.java:run(128)) - 3b8ab88f-c5e9-42ae-b9d6-c186578cc1d3@group-574B8719C184-FollowerState: change to CANDIDATE, lastRpcTime:1041ms, electionTimeout:1035ms
2020-12-22 13:10:47,849 [Thread-352] INFO  impl.RoleInfo (RoleInfo.java:shutdownFollowerState(121)) - 3b8ab88f-c5e9-42ae-b9d6-c186578cc1d3: shutdown 3b8ab88f-c5e9-42ae-b9d6-c186578cc1d3@group-574B8719C184-FollowerState
2020-12-22 13:10:47,849 [Thread-352] INFO  impl.RaftServerImpl (RaftServerImpl.java:setRole(204)) - 3b8ab88f-c5e9-42ae-b9d6-c186578cc1d3@group-574B8719C184: changes role from  FOLLOWER to CANDIDATE at term 0 for changeToCandidate
2020-12-22 13:10:47,849 [Thread-352] INFO  impl.RoleInfo (RoleInfo.java:updateAndGet(143)) - 3b8ab88f-c5e9-42ae-b9d6-c186578cc1d3: start 3b8ab88f-c5e9-42ae-b9d6-c186578cc1d3@group-574B8719C184-LeaderElection11
2020-12-22 13:10:47,866 [3b8ab88f-c5e9-42ae-b9d6-c186578cc1d3@group-574B8719C184-LeaderElection11] INFO  impl.LeaderElection (LeaderElection.java:askForVotes(215)) - 3b8ab88f-c5e9-42ae-b9d6-c186578cc1d3@group-574B8719C184-LeaderElection11: begin an election at term 1 for -1: [3b8ab88f-c5e9-42ae-b9d6-c186578cc1d3|rpc:172.17.0.2:46551], old=null
2020-12-22 13:10:47,866 [3b8ab88f-c5e9-42ae-b9d6-c186578cc1d3@group-574B8719C184-LeaderElection11] INFO  impl.RoleInfo (RoleInfo.java:shutdownLeaderElection(134)) - 3b8ab88f-c5e9-42ae-b9d6-c186578cc1d3: shutdown 3b8ab88f-c5e9-42ae-b9d6-c186578cc1d3@group-574B8719C184-LeaderElection11
2020-12-22 13:10:47,866 [3b8ab88f-c5e9-42ae-b9d6-c186578cc1d3@group-574B8719C184-LeaderElection11] INFO  impl.RaftServerImpl (RaftServerImpl.java:setRole(204)) - 3b8ab88f-c5e9-42ae-b9d6-c186578cc1d3@group-574B8719C184: changes role from CANDIDATE to LEADER at term 1 for changeToLeader
2020-12-22 13:10:47,866 [3b8ab88f-c5e9-42ae-b9d6-c186578cc1d3@group-574B8719C184-LeaderElection11] INFO  ratis.XceiverServerRatis (XceiverServerRatis.java:handleLeaderChangedNotification(854)) - Leader change notification received for group: group-574B8719C184 with new leaderId: 3b8ab88f-c5e9-42ae-b9d6-c186578cc1d3
2020-12-22 13:10:47,866 [3b8ab88f-c5e9-42ae-b9d6-c186578cc1d3@group-574B8719C184-LeaderElection11] INFO  impl.RaftServerImpl (ServerState.java:setLeader(256)) - 3b8ab88f-c5e9-42ae-b9d6-c186578cc1d3@group-574B8719C184: change Leader from null to 3b8ab88f-c5e9-42ae-b9d6-c186578cc1d3 at term 1 for becomeLeader, leader elected after 1070ms
2020-12-22 13:10:47,866 [3b8ab88f-c5e9-42ae-b9d6-c186578cc1d3@group-574B8719C184-LeaderElection11] INFO  server.RaftServerConfigKeys (ConfUtils.java:logGet(44)) - raft.server.staging.catchup.gap = 1000 (default)
2020-12-22 13:10:47,866 [3b8ab88f-c5e9-42ae-b9d6-c186578cc1d3@group-574B8719C184-LeaderElection11] INFO  server.RaftServerConfigKeys (ConfUtils.java:logGet(44)) - raft.server.rpc.sleep.time = 25ms (default)
2020-12-22 13:10:47,867 [3b8ab88f-c5e9-42ae-b9d6-c186578cc1d3@group-574B8719C184-LeaderElection11] INFO  metrics.RatisMetrics (RatisMetrics.java:lambda$create$0(36)) - Creating Metrics Registry : ratis.log_appender.3b8ab88f-c5e9-42ae-b9d6-c186578cc1d3@group-574B8719C184
2020-12-22 13:10:47,867 [3b8ab88f-c5e9-42ae-b9d6-c186578cc1d3@group-574B8719C184-LeaderElection11] INFO  server.RaftServerConfigKeys (ConfUtils.java:logGet(44)) - raft.server.write.element-limit = 1024 (custom)
2020-12-22 13:10:47,867 [3b8ab88f-c5e9-42ae-b9d6-c186578cc1d3@group-574B8719C184-LeaderElection11] INFO  server.RaftServerConfigKeys (ConfUtils.java:logGet(44)) - raft.server.write.byte-limit = 1073741824 (custom)
2020-12-22 13:10:47,867 [3b8ab88f-c5e9-42ae-b9d6-c186578cc1d3@group-574B8719C184-LeaderElection11] INFO  server.RaftServerConfigKeys (ConfUtils.java:logGet(44)) - raft.server.watch.timeout = 3000ms (custom)
2020-12-22 13:10:47,867 [3b8ab88f-c5e9-42ae-b9d6-c186578cc1d3@group-574B8719C184-LeaderElection11] INFO  server.RaftServerConfigKeys (ConfUtils.java:logGet(44)) - raft.server.watch.timeout.denomination = 1s (default)
2020-12-22 13:10:47,867 [3b8ab88f-c5e9-42ae-b9d6-c186578cc1d3@group-574B8719C184-LeaderElection11] INFO  server.RaftServerConfigKeys (ConfUtils.java:logGet(44)) - raft.server.watch.element-limit = 65536 (default)
2020-12-22 13:10:47,867 [3b8ab88f-c5e9-42ae-b9d6-c186578cc1d3@group-574B8719C184-LeaderElection11] INFO  impl.RoleInfo (RoleInfo.java:updateAndGet(143)) - 3b8ab88f-c5e9-42ae-b9d6-c186578cc1d3: start 3b8ab88f-c5e9-42ae-b9d6-c186578cc1d3@group-574B8719C184-LeaderState
2020-12-22 13:10:47,868 [3b8ab88f-c5e9-42ae-b9d6-c186578cc1d3@group-574B8719C184-LeaderElection11] INFO  segmented.SegmentedRaftLogWorker (SegmentedRaftLogWorker.java:startLogSegment(398)) - 3b8ab88f-c5e9-42ae-b9d6-c186578cc1d3@group-574B8719C184-SegmentedRaftLogWorker: Starting segment from index:0
2020-12-22 13:10:47,868 [org.apache.ratis.server.JvmPauseMonitor@70a97a94-Monitor] WARN  server.JvmPauseMonitor (JvmPauseMonitor.java:run(141)) - Detected pause in JVM or host machine (eg GC): pause of approximately 1ms
GC pool 'PS MarkSweep' had collection(s): count=1 time=153ms
GC pool 'PS Scavenge' had collection(s): count=2 time=52ms
2020-12-22 13:10:47,869 [3b8ab88f-c5e9-42ae-b9d6-c186578cc1d3@group-574B8719C184-SegmentedRaftLogWorker] INFO  segmented.SegmentedRaftLogWorker (SegmentedRaftLogWorker.java:execute(597)) - 3b8ab88f-c5e9-42ae-b9d6-c186578cc1d3@group-574B8719C184-SegmentedRaftLogWorker: created new log segment /github/workspace/mnt/ozone/hadoop-ozone/integration-test/target/test-dir/MiniOzoneClusterImpl-0c7722d3-6e51-44b5-a6be-ee21012bb99e/datanode-8/data/ratis/1cd0c98e-b009-437c-a106-574b8719c184/current/log_inprogress_0
2020-12-22 13:10:47,874 [3b8ab88f-c5e9-42ae-b9d6-c186578cc1d3@group-574B8719C184-LeaderElection11] INFO  impl.RaftServerImpl (ServerState.java:setRaftConf(374)) - 3b8ab88f-c5e9-42ae-b9d6-c186578cc1d3@group-574B8719C184: set configuration 0: [3b8ab88f-c5e9-42ae-b9d6-c186578cc1d3|rpc:172.17.0.2:46551|dataStream:], old=null at 0
2020-12-22 13:10:47,939 [Listener at 127.0.0.1/34251] INFO  rpc.RpcClient (RpcClient.java:createVolume(273)) - Creating Volume: datanodefailurehandlingtest, with jenkins1001 as owner.
2020-12-22 13:10:48,016 [org.apache.ratis.server.JvmPauseMonitor@1680b38d-Monitor] WARN  server.JvmPauseMonitor (JvmPauseMonitor.java:run(141)) - Detected pause in JVM or host machine (eg GC): pause of approximately 22ms
GC pool 'PS MarkSweep' had collection(s): count=1 time=153ms
GC pool 'PS Scavenge' had collection(s): count=3 time=75ms
2020-12-22 13:10:48,060 [IPC Server handler 15 on default port 34251] INFO  volume.OMVolumeCreateRequest (OMVolumeCreateRequest.java:validateAndUpdateCache(196)) - created volume:datanodefailurehandlingtest for user:jenkins1001
2020-12-22 13:10:48,074 [Command processor thread] INFO  impl.RaftServerProxy (RaftServerProxy.java:addNew(93)) - 1542794c-42be-495d-a942-8ab282cac6bd: addNew group-3D505CE1AFC3:[1542794c-42be-495d-a942-8ab282cac6bd|rpc:172.17.0.2:43871] returns group-3D505CE1AFC3:java.util.concurrent.CompletableFuture@6dfd9127[Not completed]
2020-12-22 13:10:48,075 [pool-114-thread-1] INFO  impl.RaftServerImpl (RaftServerImpl.java:<init>(121)) - 1542794c-42be-495d-a942-8ab282cac6bd: new RaftServerImpl for group-3D505CE1AFC3:[1542794c-42be-495d-a942-8ab282cac6bd|rpc:172.17.0.2:43871] with ContainerStateMachine:uninitialized
2020-12-22 13:10:48,075 [pool-114-thread-1] INFO  server.RaftServerConfigKeys (ConfUtils.java:logGet(44)) - raft.server.rpc.timeout.min = 1s (custom)
2020-12-22 13:10:48,075 [pool-114-thread-1] INFO  server.RaftServerConfigKeys (ConfUtils.java:logGet(44)) - raft.server.rpc.timeout.max = 1200ms (custom)
2020-12-22 13:10:48,075 [pool-114-thread-1] INFO  server.RaftServerConfigKeys (ConfUtils.java:logGet(44)) - raft.server.rpc.slowness.timeout = 300000ms (custom)
2020-12-22 13:10:48,075 [pool-114-thread-1] INFO  server.RaftServerConfigKeys (ConfUtils.java:logGet(44)) - raft.server.leaderelection.leader.step-down.wait-time = 10s (default)
2020-12-22 13:10:48,075 [pool-114-thread-1] INFO  server.RaftServerConfigKeys (ConfUtils.java:logGet(44)) - raft.server.sleep.deviation.threshold = 300 (default)
2020-12-22 13:10:48,075 [pool-114-thread-1] INFO  server.RaftServerConfigKeys (ConfUtils.java:logGet(44)) - raft.server.log.appender.install.snapshot.enabled = false (custom)
2020-12-22 13:10:48,075 [pool-114-thread-1] INFO  impl.RaftServerImpl (ServerState.java:<init>(104)) - 1542794c-42be-495d-a942-8ab282cac6bd@group-3D505CE1AFC3: ConfigurationManager, init=-1: [1542794c-42be-495d-a942-8ab282cac6bd|rpc:172.17.0.2:43871], old=null, confs=<EMPTY_MAP>
2020-12-22 13:10:48,076 [pool-114-thread-1] INFO  server.RaftServerConfigKeys (ConfUtils.java:logGet(44)) - raft.server.storage.dir = [/github/workspace/mnt/ozone/hadoop-ozone/integration-test/target/test-dir/MiniOzoneClusterImpl-0c7722d3-6e51-44b5-a6be-ee21012bb99e/datanode-5/data/ratis] (custom)
2020-12-22 13:10:48,076 [pool-114-thread-1] INFO  server.RaftServerConfigKeys (ConfUtils.java:logGet(44)) - raft.server.log.corruption.policy = EXCEPTION (default)
2020-12-22 13:10:48,076 [pool-114-thread-1] INFO  storage.RaftStorageDirectory (RaftStorageDirectory.java:analyzeStorage(261)) - The storage directory /github/workspace/mnt/ozone/hadoop-ozone/integration-test/target/test-dir/MiniOzoneClusterImpl-0c7722d3-6e51-44b5-a6be-ee21012bb99e/datanode-5/data/ratis/2efa80e6-04e6-4b16-929f-3d505ce1afc3 does not exist. Creating ...
2020-12-22 13:10:48,077 [pool-114-thread-1] INFO  storage.RaftStorageDirectory (RaftStorageDirectory.java:tryLock(343)) - Lock on /github/workspace/mnt/ozone/hadoop-ozone/integration-test/target/test-dir/MiniOzoneClusterImpl-0c7722d3-6e51-44b5-a6be-ee21012bb99e/datanode-5/data/ratis/2efa80e6-04e6-4b16-929f-3d505ce1afc3/in_use.lock acquired by nodename 399@60c1c0eb1cfd
2020-12-22 13:10:48,082 [pool-114-thread-1] INFO  storage.RaftStorage (RaftStorage.java:format(85)) - Storage directory /github/workspace/mnt/ozone/hadoop-ozone/integration-test/target/test-dir/MiniOzoneClusterImpl-0c7722d3-6e51-44b5-a6be-ee21012bb99e/datanode-5/data/ratis/2efa80e6-04e6-4b16-929f-3d505ce1afc3 has been successfully formatted.
2020-12-22 13:10:48,082 [pool-114-thread-1] INFO  ratis.ContainerStateMachine (ContainerStateMachine.java:loadSnapshot(225)) - group-3D505CE1AFC3: The snapshot info is null. Setting the last applied indexto:(t:0, i:~)
2020-12-22 13:10:48,083 [pool-114-thread-1] INFO  server.RaftServerConfigKeys (ConfUtils.java:logGet(44)) - raft.server.notification.no-leader.timeout = 300000ms (custom)
2020-12-22 13:10:48,083 [pool-114-thread-1] INFO  server.RaftServerConfigKeys (ConfUtils.java:logGet(44)) - raft.server.log.use.memory = false (default)
2020-12-22 13:10:48,083 [EventQueue-PipelineReportForPipelineReportHandler] INFO  pipeline.PipelineStateManager (PipelineStateManager.java:openPipeline(132)) - Pipeline Pipeline[ Id: 2efa80e6-04e6-4b16-929f-3d505ce1afc3, Nodes: 1542794c-42be-495d-a942-8ab282cac6bd{ip: 172.17.0.2, host: 60c1c0eb1cfd, networkLocation: /rack1, certSerialId: null, persistedOpState: IN_SERVICE, persistedOpStateExpiryEpochSec: 0}, Type:RATIS, Factor:ONE, State:ALLOCATED, leaderId:1542794c-42be-495d-a942-8ab282cac6bd, CreationTimestamp2020-12-22T13:10:45.101Z] moved to OPEN state
2020-12-22 13:10:48,092 [pool-114-thread-1] INFO  server.RaftServerConfigKeys (ConfUtils.java:logGet(44)) - raft.server.log.purge.gap = 1000000 (custom)
2020-12-22 13:10:48,092 [pool-114-thread-1] INFO  metrics.RatisMetrics (RatisMetrics.java:lambda$create$0(36)) - Creating Metrics Registry : ratis.log_worker.1542794c-42be-495d-a942-8ab282cac6bd@group-3D505CE1AFC3
2020-12-22 13:10:48,092 [pool-114-thread-1] INFO  server.RaftServerConfigKeys (ConfUtils.java:logGet(44)) - raft.server.log.appender.buffer.byte-limit = 33554432 (custom)
2020-12-22 13:10:48,092 [pool-114-thread-1] INFO  server.RaftServerConfigKeys (ConfUtils.java:logGet(44)) - raft.server.log.segment.size.max = 1048576 (custom)
2020-12-22 13:10:48,093 [pool-114-thread-1] INFO  server.RaftServerConfigKeys (ConfUtils.java:logGet(44)) - raft.server.log.segment.cache.num.max = 2 (custom)
2020-12-22 13:10:48,093 [pool-114-thread-1] INFO  segmented.SegmentedRaftLogWorker (SegmentedRaftLogWorker.java:<init>(180)) - new 1542794c-42be-495d-a942-8ab282cac6bd@group-3D505CE1AFC3-SegmentedRaftLogWorker for RaftStorage:Storage Directory /github/workspace/mnt/ozone/hadoop-ozone/integration-test/target/test-dir/MiniOzoneClusterImpl-0c7722d3-6e51-44b5-a6be-ee21012bb99e/datanode-5/data/ratis/2efa80e6-04e6-4b16-929f-3d505ce1afc3
2020-12-22 13:10:48,093 [pool-114-thread-1] INFO  server.RaftServerConfigKeys (ConfUtils.java:logGet(44)) - raft.server.log.queue.byte-limit = 2147483647 (custom)
2020-12-22 13:10:48,093 [pool-114-thread-1] INFO  server.RaftServerConfigKeys (ConfUtils.java:logGet(44)) - raft.server.log.queue.element-limit = 1024 (custom)
2020-12-22 13:10:48,093 [pool-114-thread-1] INFO  server.RaftServerConfigKeys (ConfUtils.java:logGet(44)) - raft.server.log.segment.size.max = 1048576 (custom)
2020-12-22 13:10:48,093 [pool-114-thread-1] INFO  server.RaftServerConfigKeys (ConfUtils.java:logGet(44)) - raft.server.log.preallocated.size = 16384 (custom)
2020-12-22 13:10:48,093 [pool-114-thread-1] INFO  server.RaftServerConfigKeys (ConfUtils.java:logGet(44)) - raft.server.log.write.buffer.size = 1048576 (custom)
2020-12-22 13:10:48,093 [pool-114-thread-1] INFO  server.RaftServerConfigKeys (ConfUtils.java:logGet(44)) - raft.server.log.force.sync.num = 128 (default)
2020-12-22 13:10:48,093 [pool-114-thread-1] INFO  server.RaftServerConfigKeys (ConfUtils.java:logGet(44)) - raft.server.log.statemachine.data.sync = true (default)
2020-12-22 13:10:48,093 [pool-114-thread-1] INFO  server.RaftServerConfigKeys (ConfUtils.java:logGet(44)) - raft.server.log.statemachine.data.sync.timeout = 10s (default)
2020-12-22 13:10:48,093 [pool-114-thread-1] INFO  server.RaftServerConfigKeys (ConfUtils.java:logGet(44)) - raft.server.log.statemachine.data.sync.timeout.retry = -1 (default)
2020-12-22 13:10:48,095 [pool-114-thread-1] INFO  server.RaftServerConfigKeys (ConfUtils.java:logGet(44)) - raft.server.log.statemachine.data.caching.enabled = true (custom)
2020-12-22 13:10:48,095 [pool-114-thread-1] INFO  segmented.SegmentedRaftLogWorker (SegmentedRaftLogWorker.java:lambda$new$0(129)) - 1542794c-42be-495d-a942-8ab282cac6bd@group-3D505CE1AFC3-SegmentedRaftLogWorker: flushIndex: setUnconditionally 0 -> -1
2020-12-22 13:10:48,095 [pool-114-thread-1] INFO  segmented.SegmentedRaftLogWorker (SegmentedRaftLogWorker.java:lambda$new$0(129)) - 1542794c-42be-495d-a942-8ab282cac6bd@group-3D505CE1AFC3-SegmentedRaftLogWorker: safeCacheEvictIndex: setUnconditionally 0 -> -1
2020-12-22 13:10:48,099 [Listener at 127.0.0.1/34251] INFO  rpc.RpcClient (RpcClient.java:createBucket(429)) - Creating Bucket: datanodefailurehandlingtest/datanodefailurehandlingtest, with Versioning false and Storage Type set to DISK and Encryption set to false 
2020-12-22 13:10:48,100 [pool-114-thread-1] INFO  server.RaftServerConfigKeys (ConfUtils.java:logGet(44)) - raft.server.snapshot.auto.trigger.enabled = true (custom)
2020-12-22 13:10:48,102 [pool-114-thread-1] INFO  server.RaftServerConfigKeys (ConfUtils.java:logGet(44)) - raft.server.snapshot.auto.trigger.threshold = 10000 (custom)
2020-12-22 13:10:48,102 [pool-114-thread-1] INFO  server.RaftServerConfigKeys (ConfUtils.java:logGet(44)) - raft.server.snapshot.retention.file.num = 5 (custom)
2020-12-22 13:10:48,102 [pool-114-thread-1] INFO  server.RaftServerConfigKeys (ConfUtils.java:logGet(44)) - raft.server.log.purge.upto.snapshot.index = false (default)
2020-12-22 13:10:48,102 [pool-114-thread-1] INFO  server.RaftServerConfigKeys (ConfUtils.java:logGet(44)) - raft.server.retrycache.expirytime = 600000ms (custom)
2020-12-22 13:10:48,103 [pool-114-thread-1] INFO  metrics.RatisMetrics (RatisMetrics.java:lambda$create$0(36)) - Creating Metrics Registry : ratis.leader_election.1542794c-42be-495d-a942-8ab282cac6bd@group-3D505CE1AFC3
2020-12-22 13:10:48,103 [pool-114-thread-1] INFO  metrics.RatisMetrics (RatisMetrics.java:lambda$create$0(36)) - Creating Metrics Registry : ratis.server.1542794c-42be-495d-a942-8ab282cac6bd@group-3D505CE1AFC3
2020-12-22 13:10:48,104 [pool-114-thread-1] INFO  impl.RaftServerImpl (RaftServerImpl.java:start(215)) - 1542794c-42be-495d-a942-8ab282cac6bd@group-3D505CE1AFC3: start as a follower, conf=-1: [1542794c-42be-495d-a942-8ab282cac6bd|rpc:172.17.0.2:43871], old=null
2020-12-22 13:10:48,104 [pool-114-thread-1] INFO  impl.RaftServerImpl (RaftServerImpl.java:setRole(204)) - 1542794c-42be-495d-a942-8ab282cac6bd@group-3D505CE1AFC3: changes role from      null to FOLLOWER at term 0 for startAsFollower
2020-12-22 13:10:48,104 [pool-114-thread-1] INFO  impl.RoleInfo (RoleInfo.java:updateAndGet(143)) - 1542794c-42be-495d-a942-8ab282cac6bd: start 1542794c-42be-495d-a942-8ab282cac6bd@group-3D505CE1AFC3-FollowerState
2020-12-22 13:10:48,110 [pool-114-thread-1] INFO  util.JmxRegister (JmxRegister.java:tryRegister(44)) - Successfully registered JMX Bean with object name Ratis:service=RaftServer,group=group-3D505CE1AFC3,id=1542794c-42be-495d-a942-8ab282cac6bd
2020-12-22 13:10:48,111 [pool-114-thread-1] INFO  metrics.RatisMetrics (RatisMetrics.java:lambda$create$0(36)) - Creating Metrics Registry : ratis.state_machine.1542794c-42be-495d-a942-8ab282cac6bd@group-3D505CE1AFC3
2020-12-22 13:10:48,114 [Command processor thread] INFO  commandhandler.CreatePipelineCommandHandler (CreatePipelineCommandHandler.java:handle(106)) - Created Pipeline RATIS ONE PipelineID=2efa80e6-04e6-4b16-929f-3d505ce1afc3.
2020-12-22 13:10:48,281 [Thread-366] INFO  impl.FollowerState (FollowerState.java:run(128)) - 968414a2-acfc-4d9a-a6c6-d5ffe78fa14c@group-B00BD356E557-FollowerState: change to CANDIDATE, lastRpcTime:1032ms, electionTimeout:1021ms
2020-12-22 13:10:48,281 [Thread-366] INFO  impl.RoleInfo (RoleInfo.java:shutdownFollowerState(121)) - 968414a2-acfc-4d9a-a6c6-d5ffe78fa14c: shutdown 968414a2-acfc-4d9a-a6c6-d5ffe78fa14c@group-B00BD356E557-FollowerState
2020-12-22 13:10:48,281 [Thread-366] INFO  impl.RaftServerImpl (RaftServerImpl.java:setRole(204)) - 968414a2-acfc-4d9a-a6c6-d5ffe78fa14c@group-B00BD356E557: changes role from  FOLLOWER to CANDIDATE at term 0 for changeToCandidate
2020-12-22 13:10:48,281 [Thread-366] INFO  impl.RoleInfo (RoleInfo.java:updateAndGet(143)) - 968414a2-acfc-4d9a-a6c6-d5ffe78fa14c: start 968414a2-acfc-4d9a-a6c6-d5ffe78fa14c@group-B00BD356E557-LeaderElection12
2020-12-22 13:10:48,292 [968414a2-acfc-4d9a-a6c6-d5ffe78fa14c@group-B00BD356E557-LeaderElection12] INFO  impl.LeaderElection (LeaderElection.java:askForVotes(215)) - 968414a2-acfc-4d9a-a6c6-d5ffe78fa14c@group-B00BD356E557-LeaderElection12: begin an election at term 1 for -1: [968414a2-acfc-4d9a-a6c6-d5ffe78fa14c|rpc:172.17.0.2:37869, 1542794c-42be-495d-a942-8ab282cac6bd|rpc:172.17.0.2:43871, a3d49688-b82f-4622-8b97-34b5ff2bfd95|rpc:172.17.0.2:41743], old=null
2020-12-22 13:10:48,297 [Command processor thread] INFO  impl.RaftServerProxy (RaftServerProxy.java:addNew(93)) - a3d49688-b82f-4622-8b97-34b5ff2bfd95: addNew group-C31906AAE067:[a3d49688-b82f-4622-8b97-34b5ff2bfd95|rpc:172.17.0.2:41743] returns group-C31906AAE067:java.util.concurrent.CompletableFuture@6a557770[Not completed]
2020-12-22 13:10:48,299 [pool-130-thread-1] INFO  impl.RaftServerImpl (RaftServerImpl.java:<init>(121)) - a3d49688-b82f-4622-8b97-34b5ff2bfd95: new RaftServerImpl for group-C31906AAE067:[a3d49688-b82f-4622-8b97-34b5ff2bfd95|rpc:172.17.0.2:41743] with ContainerStateMachine:uninitialized
2020-12-22 13:10:48,299 [pool-130-thread-1] INFO  server.RaftServerConfigKeys (ConfUtils.java:logGet(44)) - raft.server.rpc.timeout.min = 1s (custom)
2020-12-22 13:10:48,299 [pool-130-thread-1] INFO  server.RaftServerConfigKeys (ConfUtils.java:logGet(44)) - raft.server.rpc.timeout.max = 1200ms (custom)
2020-12-22 13:10:48,299 [pool-130-thread-1] INFO  server.RaftServerConfigKeys (ConfUtils.java:logGet(44)) - raft.server.rpc.slowness.timeout = 300000ms (custom)
2020-12-22 13:10:48,299 [pool-130-thread-1] INFO  server.RaftServerConfigKeys (ConfUtils.java:logGet(44)) - raft.server.leaderelection.leader.step-down.wait-time = 10s (default)
2020-12-22 13:10:48,299 [pool-130-thread-1] INFO  server.RaftServerConfigKeys (ConfUtils.java:logGet(44)) - raft.server.sleep.deviation.threshold = 300 (default)
2020-12-22 13:10:48,299 [pool-130-thread-1] INFO  server.RaftServerConfigKeys (ConfUtils.java:logGet(44)) - raft.server.log.appender.install.snapshot.enabled = false (custom)
2020-12-22 13:10:48,299 [pool-130-thread-1] INFO  impl.RaftServerImpl (ServerState.java:<init>(104)) - a3d49688-b82f-4622-8b97-34b5ff2bfd95@group-C31906AAE067: ConfigurationManager, init=-1: [a3d49688-b82f-4622-8b97-34b5ff2bfd95|rpc:172.17.0.2:41743], old=null, confs=<EMPTY_MAP>
2020-12-22 13:10:48,299 [pool-130-thread-1] INFO  server.RaftServerConfigKeys (ConfUtils.java:logGet(44)) - raft.server.storage.dir = [/github/workspace/mnt/ozone/hadoop-ozone/integration-test/target/test-dir/MiniOzoneClusterImpl-0c7722d3-6e51-44b5-a6be-ee21012bb99e/datanode-6/data/ratis] (custom)
2020-12-22 13:10:48,300 [pool-130-thread-1] INFO  server.RaftServerConfigKeys (ConfUtils.java:logGet(44)) - raft.server.log.corruption.policy = EXCEPTION (default)
2020-12-22 13:10:48,300 [pool-130-thread-1] INFO  storage.RaftStorageDirectory (RaftStorageDirectory.java:analyzeStorage(261)) - The storage directory /github/workspace/mnt/ozone/hadoop-ozone/integration-test/target/test-dir/MiniOzoneClusterImpl-0c7722d3-6e51-44b5-a6be-ee21012bb99e/datanode-6/data/ratis/034b4dd9-1234-4dc8-967b-c31906aae067 does not exist. Creating ...
2020-12-22 13:10:48,301 [pool-130-thread-1] INFO  storage.RaftStorageDirectory (RaftStorageDirectory.java:tryLock(343)) - Lock on /github/workspace/mnt/ozone/hadoop-ozone/integration-test/target/test-dir/MiniOzoneClusterImpl-0c7722d3-6e51-44b5-a6be-ee21012bb99e/datanode-6/data/ratis/034b4dd9-1234-4dc8-967b-c31906aae067/in_use.lock acquired by nodename 399@60c1c0eb1cfd
2020-12-22 13:10:48,305 [pool-130-thread-1] INFO  storage.RaftStorage (RaftStorage.java:format(85)) - Storage directory /github/workspace/mnt/ozone/hadoop-ozone/integration-test/target/test-dir/MiniOzoneClusterImpl-0c7722d3-6e51-44b5-a6be-ee21012bb99e/datanode-6/data/ratis/034b4dd9-1234-4dc8-967b-c31906aae067 has been successfully formatted.
2020-12-22 13:10:48,305 [pool-130-thread-1] INFO  ratis.ContainerStateMachine (ContainerStateMachine.java:loadSnapshot(225)) - group-C31906AAE067: The snapshot info is null. Setting the last applied indexto:(t:0, i:~)
2020-12-22 13:10:48,305 [pool-130-thread-1] INFO  server.RaftServerConfigKeys (ConfUtils.java:logGet(44)) - raft.server.notification.no-leader.timeout = 300000ms (custom)
2020-12-22 13:10:48,305 [pool-130-thread-1] INFO  server.RaftServerConfigKeys (ConfUtils.java:logGet(44)) - raft.server.log.use.memory = false (default)
2020-12-22 13:10:48,306 [pool-130-thread-1] INFO  server.RaftServerConfigKeys (ConfUtils.java:logGet(44)) - raft.server.log.purge.gap = 1000000 (custom)
2020-12-22 13:10:48,306 [pool-130-thread-1] INFO  metrics.RatisMetrics (RatisMetrics.java:lambda$create$0(36)) - Creating Metrics Registry : ratis.log_worker.a3d49688-b82f-4622-8b97-34b5ff2bfd95@group-C31906AAE067
2020-12-22 13:10:48,306 [EventQueue-PipelineReportForPipelineReportHandler] INFO  pipeline.PipelineStateManager (PipelineStateManager.java:openPipeline(132)) - Pipeline Pipeline[ Id: 034b4dd9-1234-4dc8-967b-c31906aae067, Nodes: a3d49688-b82f-4622-8b97-34b5ff2bfd95{ip: 172.17.0.2, host: 60c1c0eb1cfd, networkLocation: /rack1, certSerialId: null, persistedOpState: IN_SERVICE, persistedOpStateExpiryEpochSec: 0}, Type:RATIS, Factor:ONE, State:ALLOCATED, leaderId:a3d49688-b82f-4622-8b97-34b5ff2bfd95, CreationTimestamp2020-12-22T13:10:45.300Z] moved to OPEN state
2020-12-22 13:10:48,308 [Thread-362] INFO  impl.FollowerState (FollowerState.java:run(128)) - 968414a2-acfc-4d9a-a6c6-d5ffe78fa14c@group-D1CF023EF876-FollowerState: change to CANDIDATE, lastRpcTime:1094ms, electionTimeout:1090ms
2020-12-22 13:10:48,309 [Thread-362] INFO  impl.RoleInfo (RoleInfo.java:shutdownFollowerState(121)) - 968414a2-acfc-4d9a-a6c6-d5ffe78fa14c: shutdown 968414a2-acfc-4d9a-a6c6-d5ffe78fa14c@group-D1CF023EF876-FollowerState
2020-12-22 13:10:48,309 [Thread-362] INFO  impl.RaftServerImpl (RaftServerImpl.java:setRole(204)) - 968414a2-acfc-4d9a-a6c6-d5ffe78fa14c@group-D1CF023EF876: changes role from  FOLLOWER to CANDIDATE at term 0 for changeToCandidate
2020-12-22 13:10:48,309 [Thread-362] INFO  impl.RoleInfo (RoleInfo.java:updateAndGet(143)) - 968414a2-acfc-4d9a-a6c6-d5ffe78fa14c: start 968414a2-acfc-4d9a-a6c6-d5ffe78fa14c@group-D1CF023EF876-LeaderElection13
2020-12-22 13:10:48,313 [pool-130-thread-1] INFO  server.RaftServerConfigKeys (ConfUtils.java:logGet(44)) - raft.server.log.appender.buffer.byte-limit = 33554432 (custom)
2020-12-22 13:10:48,319 [pool-130-thread-1] INFO  server.RaftServerConfigKeys (ConfUtils.java:logGet(44)) - raft.server.log.segment.size.max = 1048576 (custom)
2020-12-22 13:10:48,319 [pool-130-thread-1] INFO  server.RaftServerConfigKeys (ConfUtils.java:logGet(44)) - raft.server.log.segment.cache.num.max = 2 (custom)
2020-12-22 13:10:48,319 [pool-130-thread-1] INFO  segmented.SegmentedRaftLogWorker (SegmentedRaftLogWorker.java:<init>(180)) - new a3d49688-b82f-4622-8b97-34b5ff2bfd95@group-C31906AAE067-SegmentedRaftLogWorker for RaftStorage:Storage Directory /github/workspace/mnt/ozone/hadoop-ozone/integration-test/target/test-dir/MiniOzoneClusterImpl-0c7722d3-6e51-44b5-a6be-ee21012bb99e/datanode-6/data/ratis/034b4dd9-1234-4dc8-967b-c31906aae067
2020-12-22 13:10:48,319 [pool-130-thread-1] INFO  server.RaftServerConfigKeys (ConfUtils.java:logGet(44)) - raft.server.log.queue.byte-limit = 2147483647 (custom)
2020-12-22 13:10:48,319 [pool-130-thread-1] INFO  server.RaftServerConfigKeys (ConfUtils.java:logGet(44)) - raft.server.log.queue.element-limit = 1024 (custom)
2020-12-22 13:10:48,319 [pool-130-thread-1] INFO  server.RaftServerConfigKeys (ConfUtils.java:logGet(44)) - raft.server.log.segment.size.max = 1048576 (custom)
2020-12-22 13:10:48,320 [pool-130-thread-1] INFO  server.RaftServerConfigKeys (ConfUtils.java:logGet(44)) - raft.server.log.preallocated.size = 16384 (custom)
2020-12-22 13:10:48,320 [pool-130-thread-1] INFO  server.RaftServerConfigKeys (ConfUtils.java:logGet(44)) - raft.server.log.write.buffer.size = 1048576 (custom)
2020-12-22 13:10:48,320 [pool-130-thread-1] INFO  server.RaftServerConfigKeys (ConfUtils.java:logGet(44)) - raft.server.log.force.sync.num = 128 (default)
2020-12-22 13:10:48,320 [pool-130-thread-1] INFO  server.RaftServerConfigKeys (ConfUtils.java:logGet(44)) - raft.server.log.statemachine.data.sync = true (default)
2020-12-22 13:10:48,320 [pool-130-thread-1] INFO  server.RaftServerConfigKeys (ConfUtils.java:logGet(44)) - raft.server.log.statemachine.data.sync.timeout = 10s (default)
2020-12-22 13:10:48,320 [pool-130-thread-1] INFO  server.RaftServerConfigKeys (ConfUtils.java:logGet(44)) - raft.server.log.statemachine.data.sync.timeout.retry = -1 (default)
2020-12-22 13:10:48,324 [grpc-default-executor-1] INFO  impl.RaftServerImpl (RaftServerImpl.java:setRole(204)) - 1542794c-42be-495d-a942-8ab282cac6bd@group-B00BD356E557: changes role from  FOLLOWER to FOLLOWER at term 1 for recognizeCandidate:968414a2-acfc-4d9a-a6c6-d5ffe78fa14c
2020-12-22 13:10:48,324 [grpc-default-executor-1] INFO  impl.RoleInfo (RoleInfo.java:shutdownFollowerState(121)) - 1542794c-42be-495d-a942-8ab282cac6bd: shutdown 1542794c-42be-495d-a942-8ab282cac6bd@group-B00BD356E557-FollowerState
2020-12-22 13:10:48,324 [grpc-default-executor-1] INFO  impl.RoleInfo (RoleInfo.java:updateAndGet(143)) - 1542794c-42be-495d-a942-8ab282cac6bd: start 1542794c-42be-495d-a942-8ab282cac6bd@group-B00BD356E557-FollowerState
2020-12-22 13:10:48,324 [Thread-378] INFO  impl.FollowerState (FollowerState.java:run(137)) - 1542794c-42be-495d-a942-8ab282cac6bd@group-B00BD356E557-FollowerState was interrupted: {}
java.lang.InterruptedException: sleep interrupted
	at java.lang.Thread.sleep(Native Method)
	at org.apache.ratis.util.JavaUtils.sleep(JavaUtils.java:250)
	at org.apache.ratis.server.impl.FollowerState.run(FollowerState.java:116)
2020-12-22 13:10:48,325 [grpc-default-executor-1] INFO  impl.RaftServerImpl (RaftServerImpl.java:requestVote(963)) -  FOLLOWER 1542794c-42be-495d-a942-8ab282cac6bd@group-B00BD356E557:t1, leader=null, voted=null, raftlog=1542794c-42be-495d-a942-8ab282cac6bd@group-B00BD356E557-SegmentedRaftLog:OPENED:c-1,f-1,i0, conf=-1: [968414a2-acfc-4d9a-a6c6-d5ffe78fa14c|rpc:172.17.0.2:37869|dataStream:, 1542794c-42be-495d-a942-8ab282cac6bd|rpc:172.17.0.2:43871|dataStream:, a3d49688-b82f-4622-8b97-34b5ff2bfd95|rpc:172.17.0.2:41743|dataStream:], old=null RUNNING priority:0 candidate:968414a2-acfc-4d9a-a6c6-d5ffe78fa14c|rpc:172.17.0.2:37869|dataStream: candidatePriority:0 compare:0
2020-12-22 13:10:48,326 [968414a2-acfc-4d9a-a6c6-d5ffe78fa14c@group-D1CF023EF876-LeaderElection13] INFO  impl.LeaderElection (LeaderElection.java:askForVotes(215)) - 968414a2-acfc-4d9a-a6c6-d5ffe78fa14c@group-D1CF023EF876-LeaderElection13: begin an election at term 1 for -1: [968414a2-acfc-4d9a-a6c6-d5ffe78fa14c|rpc:172.17.0.2:37869], old=null
2020-12-22 13:10:48,326 [968414a2-acfc-4d9a-a6c6-d5ffe78fa14c@group-D1CF023EF876-LeaderElection13] INFO  impl.RoleInfo (RoleInfo.java:shutdownLeaderElection(134)) - 968414a2-acfc-4d9a-a6c6-d5ffe78fa14c: shutdown 968414a2-acfc-4d9a-a6c6-d5ffe78fa14c@group-D1CF023EF876-LeaderElection13
2020-12-22 13:10:48,327 [968414a2-acfc-4d9a-a6c6-d5ffe78fa14c@group-D1CF023EF876-LeaderElection13] INFO  impl.RaftServerImpl (RaftServerImpl.java:setRole(204)) - 968414a2-acfc-4d9a-a6c6-d5ffe78fa14c@group-D1CF023EF876: changes role from CANDIDATE to LEADER at term 1 for changeToLeader
2020-12-22 13:10:48,327 [968414a2-acfc-4d9a-a6c6-d5ffe78fa14c@group-D1CF023EF876-LeaderElection13] INFO  ratis.XceiverServerRatis (XceiverServerRatis.java:handleLeaderChangedNotification(854)) - Leader change notification received for group: group-D1CF023EF876 with new leaderId: 968414a2-acfc-4d9a-a6c6-d5ffe78fa14c
2020-12-22 13:10:48,327 [968414a2-acfc-4d9a-a6c6-d5ffe78fa14c@group-D1CF023EF876-LeaderElection13] INFO  impl.RaftServerImpl (ServerState.java:setLeader(256)) - 968414a2-acfc-4d9a-a6c6-d5ffe78fa14c@group-D1CF023EF876: change Leader from null to 968414a2-acfc-4d9a-a6c6-d5ffe78fa14c at term 1 for becomeLeader, leader elected after 1129ms
2020-12-22 13:10:48,328 [968414a2-acfc-4d9a-a6c6-d5ffe78fa14c@group-D1CF023EF876-LeaderElection13] INFO  server.RaftServerConfigKeys (ConfUtils.java:logGet(44)) - raft.server.staging.catchup.gap = 1000 (default)
2020-12-22 13:10:48,328 [968414a2-acfc-4d9a-a6c6-d5ffe78fa14c@group-D1CF023EF876-LeaderElection13] INFO  server.RaftServerConfigKeys (ConfUtils.java:logGet(44)) - raft.server.rpc.sleep.time = 25ms (default)
2020-12-22 13:10:48,328 [968414a2-acfc-4d9a-a6c6-d5ffe78fa14c@group-D1CF023EF876-LeaderElection13] INFO  metrics.RatisMetrics (RatisMetrics.java:lambda$create$0(36)) - Creating Metrics Registry : ratis.log_appender.968414a2-acfc-4d9a-a6c6-d5ffe78fa14c@group-D1CF023EF876
2020-12-22 13:10:48,328 [968414a2-acfc-4d9a-a6c6-d5ffe78fa14c@group-D1CF023EF876-LeaderElection13] INFO  server.RaftServerConfigKeys (ConfUtils.java:logGet(44)) - raft.server.write.element-limit = 1024 (custom)
2020-12-22 13:10:48,328 [968414a2-acfc-4d9a-a6c6-d5ffe78fa14c@group-D1CF023EF876-LeaderElection13] INFO  server.RaftServerConfigKeys (ConfUtils.java:logGet(44)) - raft.server.write.byte-limit = 1073741824 (custom)
2020-12-22 13:10:48,329 [968414a2-acfc-4d9a-a6c6-d5ffe78fa14c@group-D1CF023EF876-LeaderElection13] INFO  server.RaftServerConfigKeys (ConfUtils.java:logGet(44)) - raft.server.watch.timeout = 3000ms (custom)
2020-12-22 13:10:48,329 [968414a2-acfc-4d9a-a6c6-d5ffe78fa14c@group-D1CF023EF876-LeaderElection13] INFO  server.RaftServerConfigKeys (ConfUtils.java:logGet(44)) - raft.server.watch.timeout.denomination = 1s (default)
2020-12-22 13:10:48,329 [968414a2-acfc-4d9a-a6c6-d5ffe78fa14c@group-D1CF023EF876-LeaderElection13] INFO  server.RaftServerConfigKeys (ConfUtils.java:logGet(44)) - raft.server.watch.element-limit = 65536 (default)
2020-12-22 13:10:48,329 [968414a2-acfc-4d9a-a6c6-d5ffe78fa14c@group-D1CF023EF876-LeaderElection13] INFO  impl.RoleInfo (RoleInfo.java:updateAndGet(143)) - 968414a2-acfc-4d9a-a6c6-d5ffe78fa14c: start 968414a2-acfc-4d9a-a6c6-d5ffe78fa14c@group-D1CF023EF876-LeaderState
2020-12-22 13:10:48,342 [pool-130-thread-1] INFO  server.RaftServerConfigKeys (ConfUtils.java:logGet(44)) - raft.server.log.statemachine.data.caching.enabled = true (custom)
2020-12-22 13:10:48,343 [pool-130-thread-1] INFO  segmented.SegmentedRaftLogWorker (SegmentedRaftLogWorker.java:lambda$new$0(129)) - a3d49688-b82f-4622-8b97-34b5ff2bfd95@group-C31906AAE067-SegmentedRaftLogWorker: flushIndex: setUnconditionally 0 -> -1
2020-12-22 13:10:48,343 [pool-130-thread-1] INFO  segmented.SegmentedRaftLogWorker (SegmentedRaftLogWorker.java:lambda$new$0(129)) - a3d49688-b82f-4622-8b97-34b5ff2bfd95@group-C31906AAE067-SegmentedRaftLogWorker: safeCacheEvictIndex: setUnconditionally 0 -> -1
2020-12-22 13:10:48,343 [pool-130-thread-1] INFO  server.RaftServerConfigKeys (ConfUtils.java:logGet(44)) - raft.server.snapshot.auto.trigger.enabled = true (custom)
2020-12-22 13:10:48,343 [pool-130-thread-1] INFO  server.RaftServerConfigKeys (ConfUtils.java:logGet(44)) - raft.server.snapshot.auto.trigger.threshold = 10000 (custom)
2020-12-22 13:10:48,343 [pool-130-thread-1] INFO  server.RaftServerConfigKeys (ConfUtils.java:logGet(44)) - raft.server.snapshot.retention.file.num = 5 (custom)
2020-12-22 13:10:48,343 [pool-130-thread-1] INFO  server.RaftServerConfigKeys (ConfUtils.java:logGet(44)) - raft.server.log.purge.upto.snapshot.index = false (default)
2020-12-22 13:10:48,343 [pool-130-thread-1] INFO  server.RaftServerConfigKeys (ConfUtils.java:logGet(44)) - raft.server.retrycache.expirytime = 600000ms (custom)
2020-12-22 13:10:48,343 [pool-130-thread-1] INFO  metrics.RatisMetrics (RatisMetrics.java:lambda$create$0(36)) - Creating Metrics Registry : ratis.leader_election.a3d49688-b82f-4622-8b97-34b5ff2bfd95@group-C31906AAE067
2020-12-22 13:10:48,344 [pool-130-thread-1] INFO  metrics.RatisMetrics (RatisMetrics.java:lambda$create$0(36)) - Creating Metrics Registry : ratis.server.a3d49688-b82f-4622-8b97-34b5ff2bfd95@group-C31906AAE067
2020-12-22 13:10:48,345 [pool-130-thread-1] INFO  impl.RaftServerImpl (RaftServerImpl.java:start(215)) - a3d49688-b82f-4622-8b97-34b5ff2bfd95@group-C31906AAE067: start as a follower, conf=-1: [a3d49688-b82f-4622-8b97-34b5ff2bfd95|rpc:172.17.0.2:41743], old=null
2020-12-22 13:10:48,345 [pool-130-thread-1] INFO  impl.RaftServerImpl (RaftServerImpl.java:setRole(204)) - a3d49688-b82f-4622-8b97-34b5ff2bfd95@group-C31906AAE067: changes role from      null to FOLLOWER at term 0 for startAsFollower
2020-12-22 13:10:48,345 [pool-130-thread-1] INFO  impl.RoleInfo (RoleInfo.java:updateAndGet(143)) - a3d49688-b82f-4622-8b97-34b5ff2bfd95: start a3d49688-b82f-4622-8b97-34b5ff2bfd95@group-C31906AAE067-FollowerState
2020-12-22 13:10:48,350 [968414a2-acfc-4d9a-a6c6-d5ffe78fa14c@group-D1CF023EF876-LeaderElection13] INFO  segmented.SegmentedRaftLogWorker (SegmentedRaftLogWorker.java:startLogSegment(398)) - 968414a2-acfc-4d9a-a6c6-d5ffe78fa14c@group-D1CF023EF876-SegmentedRaftLogWorker: Starting segment from index:0
2020-12-22 13:10:48,350 [grpc-default-executor-1] INFO  impl.RaftServerImpl (RaftServerImpl.java:setRole(204)) - a3d49688-b82f-4622-8b97-34b5ff2bfd95@group-B00BD356E557: changes role from  FOLLOWER to FOLLOWER at term 1 for recognizeCandidate:968414a2-acfc-4d9a-a6c6-d5ffe78fa14c
2020-12-22 13:10:48,350 [grpc-default-executor-1] INFO  impl.RoleInfo (RoleInfo.java:shutdownFollowerState(121)) - a3d49688-b82f-4622-8b97-34b5ff2bfd95: shutdown a3d49688-b82f-4622-8b97-34b5ff2bfd95@group-B00BD356E557-FollowerState
2020-12-22 13:10:48,351 [grpc-default-executor-1] INFO  impl.RoleInfo (RoleInfo.java:updateAndGet(143)) - a3d49688-b82f-4622-8b97-34b5ff2bfd95: start a3d49688-b82f-4622-8b97-34b5ff2bfd95@group-B00BD356E557-FollowerState
2020-12-22 13:10:48,351 [Thread-387] INFO  impl.FollowerState (FollowerState.java:run(137)) - a3d49688-b82f-4622-8b97-34b5ff2bfd95@group-B00BD356E557-FollowerState was interrupted: {}
java.lang.InterruptedException: sleep interrupted
	at java.lang.Thread.sleep(Native Method)
	at org.apache.ratis.util.JavaUtils.sleep(JavaUtils.java:250)
	at org.apache.ratis.server.impl.FollowerState.run(FollowerState.java:116)
2020-12-22 13:10:48,352 [grpc-default-executor-1] INFO  impl.RaftServerImpl (RaftServerImpl.java:requestVote(963)) -  FOLLOWER a3d49688-b82f-4622-8b97-34b5ff2bfd95@group-B00BD356E557:t1, leader=null, voted=null, raftlog=a3d49688-b82f-4622-8b97-34b5ff2bfd95@group-B00BD356E557-SegmentedRaftLog:OPENED:c-1,f-1,i0, conf=-1: [968414a2-acfc-4d9a-a6c6-d5ffe78fa14c|rpc:172.17.0.2:37869|dataStream:, 1542794c-42be-495d-a942-8ab282cac6bd|rpc:172.17.0.2:43871|dataStream:, a3d49688-b82f-4622-8b97-34b5ff2bfd95|rpc:172.17.0.2:41743|dataStream:], old=null RUNNING priority:0 candidate:968414a2-acfc-4d9a-a6c6-d5ffe78fa14c|rpc:172.17.0.2:37869|dataStream: candidatePriority:0 compare:0
2020-12-22 13:10:48,353 [968414a2-acfc-4d9a-a6c6-d5ffe78fa14c@group-D1CF023EF876-SegmentedRaftLogWorker] INFO  segmented.SegmentedRaftLogWorker (SegmentedRaftLogWorker.java:execute(597)) - 968414a2-acfc-4d9a-a6c6-d5ffe78fa14c@group-D1CF023EF876-SegmentedRaftLogWorker: created new log segment /github/workspace/mnt/ozone/hadoop-ozone/integration-test/target/test-dir/MiniOzoneClusterImpl-0c7722d3-6e51-44b5-a6be-ee21012bb99e/datanode-9/data/ratis/6b9bfed4-dc63-435b-85d5-d1cf023ef876/current/log_inprogress_0
2020-12-22 13:10:48,359 [pool-130-thread-1] INFO  util.JmxRegister (JmxRegister.java:tryRegister(44)) - Successfully registered JMX Bean with object name Ratis:service=RaftServer,group=group-C31906AAE067,id=a3d49688-b82f-4622-8b97-34b5ff2bfd95
2020-12-22 13:10:48,359 [968414a2-acfc-4d9a-a6c6-d5ffe78fa14c@group-B00BD356E557-LeaderElection12] INFO  impl.LeaderElection (LeaderElection.java:logAndReturn(65)) - 968414a2-acfc-4d9a-a6c6-d5ffe78fa14c@group-B00BD356E557-LeaderElection12: Election PASSED; received 1 response(s) [968414a2-acfc-4d9a-a6c6-d5ffe78fa14c<-1542794c-42be-495d-a942-8ab282cac6bd#0:OK-t1] and 0 exception(s); 968414a2-acfc-4d9a-a6c6-d5ffe78fa14c@group-B00BD356E557:t1, leader=null, voted=968414a2-acfc-4d9a-a6c6-d5ffe78fa14c, raftlog=968414a2-acfc-4d9a-a6c6-d5ffe78fa14c@group-B00BD356E557-SegmentedRaftLog:OPENED:c-1,f-1,i0, conf=-1: [968414a2-acfc-4d9a-a6c6-d5ffe78fa14c|rpc:172.17.0.2:37869, 1542794c-42be-495d-a942-8ab282cac6bd|rpc:172.17.0.2:43871, a3d49688-b82f-4622-8b97-34b5ff2bfd95|rpc:172.17.0.2:41743], old=null
2020-12-22 13:10:48,370 [968414a2-acfc-4d9a-a6c6-d5ffe78fa14c@group-B00BD356E557-LeaderElection12] INFO  impl.RoleInfo (RoleInfo.java:shutdownLeaderElection(134)) - 968414a2-acfc-4d9a-a6c6-d5ffe78fa14c: shutdown 968414a2-acfc-4d9a-a6c6-d5ffe78fa14c@group-B00BD356E557-LeaderElection12
2020-12-22 13:10:48,370 [968414a2-acfc-4d9a-a6c6-d5ffe78fa14c@group-B00BD356E557-LeaderElection12] INFO  impl.RaftServerImpl (RaftServerImpl.java:setRole(204)) - 968414a2-acfc-4d9a-a6c6-d5ffe78fa14c@group-B00BD356E557: changes role from CANDIDATE to LEADER at term 1 for changeToLeader
2020-12-22 13:10:48,370 [968414a2-acfc-4d9a-a6c6-d5ffe78fa14c@group-B00BD356E557-LeaderElection12] INFO  ratis.XceiverServerRatis (XceiverServerRatis.java:handleLeaderChangedNotification(854)) - Leader change notification received for group: group-B00BD356E557 with new leaderId: 968414a2-acfc-4d9a-a6c6-d5ffe78fa14c
2020-12-22 13:10:48,370 [968414a2-acfc-4d9a-a6c6-d5ffe78fa14c@group-B00BD356E557-LeaderElection12] INFO  impl.RaftServerImpl (ServerState.java:setLeader(256)) - 968414a2-acfc-4d9a-a6c6-d5ffe78fa14c@group-B00BD356E557: change Leader from null to 968414a2-acfc-4d9a-a6c6-d5ffe78fa14c at term 1 for becomeLeader, leader elected after 1137ms
2020-12-22 13:10:48,370 [968414a2-acfc-4d9a-a6c6-d5ffe78fa14c@group-B00BD356E557-LeaderElection12] INFO  server.RaftServerConfigKeys (ConfUtils.java:logGet(44)) - raft.server.staging.catchup.gap = 1000 (default)
2020-12-22 13:10:48,370 [968414a2-acfc-4d9a-a6c6-d5ffe78fa14c@group-B00BD356E557-LeaderElection12] INFO  server.RaftServerConfigKeys (ConfUtils.java:logGet(44)) - raft.server.rpc.sleep.time = 25ms (default)
2020-12-22 13:10:48,370 [968414a2-acfc-4d9a-a6c6-d5ffe78fa14c@group-B00BD356E557-LeaderElection12] INFO  metrics.RatisMetrics (RatisMetrics.java:lambda$create$0(36)) - Creating Metrics Registry : ratis.log_appender.968414a2-acfc-4d9a-a6c6-d5ffe78fa14c@group-B00BD356E557
2020-12-22 13:10:48,370 [968414a2-acfc-4d9a-a6c6-d5ffe78fa14c@group-B00BD356E557-LeaderElection12] INFO  server.RaftServerConfigKeys (ConfUtils.java:logGet(44)) - raft.server.write.element-limit = 1024 (custom)
2020-12-22 13:10:48,370 [968414a2-acfc-4d9a-a6c6-d5ffe78fa14c@group-B00BD356E557-LeaderElection12] INFO  server.RaftServerConfigKeys (ConfUtils.java:logGet(44)) - raft.server.write.byte-limit = 1073741824 (custom)
2020-12-22 13:10:48,371 [968414a2-acfc-4d9a-a6c6-d5ffe78fa14c@group-B00BD356E557-LeaderElection12] INFO  server.RaftServerConfigKeys (ConfUtils.java:logGet(44)) - raft.server.watch.timeout = 3000ms (custom)
2020-12-22 13:10:48,371 [968414a2-acfc-4d9a-a6c6-d5ffe78fa14c@group-B00BD356E557-LeaderElection12] INFO  server.RaftServerConfigKeys (ConfUtils.java:logGet(44)) - raft.server.watch.timeout.denomination = 1s (default)
2020-12-22 13:10:48,371 [968414a2-acfc-4d9a-a6c6-d5ffe78fa14c@group-B00BD356E557-LeaderElection12] INFO  server.RaftServerConfigKeys (ConfUtils.java:logGet(44)) - raft.server.watch.element-limit = 65536 (default)
2020-12-22 13:10:48,371 [968414a2-acfc-4d9a-a6c6-d5ffe78fa14c@group-B00BD356E557-LeaderElection12] INFO  server.RaftServerConfigKeys (ConfUtils.java:logGet(44)) - raft.server.log.appender.snapshot.chunk.size.max = 16MB (=16777216) (default)
2020-12-22 13:10:48,371 [968414a2-acfc-4d9a-a6c6-d5ffe78fa14c@group-B00BD356E557-LeaderElection12] INFO  server.RaftServerConfigKeys (ConfUtils.java:logGet(44)) - raft.server.log.appender.buffer.byte-limit = 33554432 (custom)
2020-12-22 13:10:48,371 [968414a2-acfc-4d9a-a6c6-d5ffe78fa14c@group-B00BD356E557-LeaderElection12] INFO  server.RaftServerConfigKeys (ConfUtils.java:logGet(44)) - raft.server.log.appender.buffer.element-limit = 1 (custom)
2020-12-22 13:10:48,371 [968414a2-acfc-4d9a-a6c6-d5ffe78fa14c@group-B00BD356E557-LeaderElection12] INFO  grpc.GrpcConfigKeys (ConfUtils.java:logGet(44)) - raft.grpc.server.leader.outstanding.appends.max = 128 (default)
2020-12-22 13:10:48,372 [968414a2-acfc-4d9a-a6c6-d5ffe78fa14c@group-B00BD356E557-LeaderElection12] INFO  server.RaftServerConfigKeys (ConfUtils.java:logGet(44)) - raft.server.rpc.request.timeout = 3000ms (default)
2020-12-22 13:10:48,372 [968414a2-acfc-4d9a-a6c6-d5ffe78fa14c@group-B00BD356E557-LeaderElection12] INFO  server.RaftServerConfigKeys (ConfUtils.java:logGet(44)) - raft.server.log.appender.install.snapshot.enabled = false (custom)
2020-12-22 13:10:48,372 [968414a2-acfc-4d9a-a6c6-d5ffe78fa14c@group-B00BD356E557-LeaderElection12] INFO  metrics.RatisMetrics (RatisMetrics.java:lambda$create$0(36)) - Creating Metrics Registry : ratis_grpc.log_appender.968414a2-acfc-4d9a-a6c6-d5ffe78fa14c@group-B00BD356E557
2020-12-22 13:10:48,370 [968414a2-acfc-4d9a-a6c6-d5ffe78fa14c@group-D1CF023EF876-LeaderElection13] INFO  impl.RaftServerImpl (ServerState.java:setRaftConf(374)) - 968414a2-acfc-4d9a-a6c6-d5ffe78fa14c@group-D1CF023EF876: set configuration 0: [968414a2-acfc-4d9a-a6c6-d5ffe78fa14c|rpc:172.17.0.2:37869|dataStream:], old=null at 0
2020-12-22 13:10:48,380 [EventQueue-PipelineReportForPipelineReportHandler] INFO  pipeline.PipelineStateManager (PipelineStateManager.java:openPipeline(132)) - Pipeline Pipeline[ Id: bf013636-bf38-49a5-93f8-b00bd356e557, Nodes: 968414a2-acfc-4d9a-a6c6-d5ffe78fa14c{ip: 172.17.0.2, host: 60c1c0eb1cfd, networkLocation: /rack1, certSerialId: null, persistedOpState: IN_SERVICE, persistedOpStateExpiryEpochSec: 0}1542794c-42be-495d-a942-8ab282cac6bd{ip: 172.17.0.2, host: 60c1c0eb1cfd, networkLocation: /rack1, certSerialId: null, persistedOpState: IN_SERVICE, persistedOpStateExpiryEpochSec: 0}a3d49688-b82f-4622-8b97-34b5ff2bfd95{ip: 172.17.0.2, host: 60c1c0eb1cfd, networkLocation: /rack1, certSerialId: null, persistedOpState: IN_SERVICE, persistedOpStateExpiryEpochSec: 0}, Type:RATIS, Factor:THREE, State:ALLOCATED, leaderId:968414a2-acfc-4d9a-a6c6-d5ffe78fa14c, CreationTimestamp2020-12-22T13:10:45.301Z] moved to OPEN state
2020-12-22 13:10:48,378 [pool-130-thread-1] INFO  metrics.RatisMetrics (RatisMetrics.java:lambda$create$0(36)) - Creating Metrics Registry : ratis.state_machine.a3d49688-b82f-4622-8b97-34b5ff2bfd95@group-C31906AAE067
2020-12-22 13:10:48,377 [Listener at 127.0.0.1/34251] INFO  impl.MetricsSystemImpl (MetricsSystemImpl.java:init(158)) - XceiverClientMetrics metrics system started (again)
2020-12-22 13:10:48,377 [968414a2-acfc-4d9a-a6c6-d5ffe78fa14c@group-B00BD356E557-LeaderElection12] INFO  server.RaftServerConfigKeys (ConfUtils.java:logGet(44)) - raft.server.log.appender.snapshot.chunk.size.max = 16MB (=16777216) (default)
2020-12-22 13:10:48,394 [968414a2-acfc-4d9a-a6c6-d5ffe78fa14c@group-B00BD356E557-LeaderElection12] INFO  server.RaftServerConfigKeys (ConfUtils.java:logGet(44)) - raft.server.log.appender.buffer.byte-limit = 33554432 (custom)
2020-12-22 13:10:48,394 [968414a2-acfc-4d9a-a6c6-d5ffe78fa14c@group-B00BD356E557-LeaderElection12] INFO  server.RaftServerConfigKeys (ConfUtils.java:logGet(44)) - raft.server.log.appender.buffer.element-limit = 1 (custom)
2020-12-22 13:10:48,394 [968414a2-acfc-4d9a-a6c6-d5ffe78fa14c@group-B00BD356E557-LeaderElection12] INFO  grpc.GrpcConfigKeys (ConfUtils.java:logGet(44)) - raft.grpc.server.leader.outstanding.appends.max = 128 (default)
2020-12-22 13:10:48,394 [968414a2-acfc-4d9a-a6c6-d5ffe78fa14c@group-B00BD356E557-LeaderElection12] INFO  server.RaftServerConfigKeys (ConfUtils.java:logGet(44)) - raft.server.rpc.request.timeout = 3000ms (default)
2020-12-22 13:10:48,394 [968414a2-acfc-4d9a-a6c6-d5ffe78fa14c@group-B00BD356E557-LeaderElection12] INFO  server.RaftServerConfigKeys (ConfUtils.java:logGet(44)) - raft.server.log.appender.install.snapshot.enabled = false (custom)
2020-12-22 13:10:48,395 [968414a2-acfc-4d9a-a6c6-d5ffe78fa14c@group-B00BD356E557-LeaderElection12] INFO  impl.RoleInfo (RoleInfo.java:updateAndGet(143)) - 968414a2-acfc-4d9a-a6c6-d5ffe78fa14c: start 968414a2-acfc-4d9a-a6c6-d5ffe78fa14c@group-B00BD356E557-LeaderState
2020-12-22 13:10:48,395 [968414a2-acfc-4d9a-a6c6-d5ffe78fa14c@group-B00BD356E557-LeaderElection12] INFO  segmented.SegmentedRaftLogWorker (SegmentedRaftLogWorker.java:startLogSegment(398)) - 968414a2-acfc-4d9a-a6c6-d5ffe78fa14c@group-B00BD356E557-SegmentedRaftLogWorker: Starting segment from index:0
2020-12-22 13:10:48,376 [org.apache.ratis.server.JvmPauseMonitor@624340ca-Monitor] WARN  server.JvmPauseMonitor (JvmPauseMonitor.java:run(141)) - Detected pause in JVM or host machine (eg GC): pause of approximately 15ms
GC pool 'PS MarkSweep' had collection(s): count=1 time=153ms
GC pool 'PS Scavenge' had collection(s): count=3 time=75ms
2020-12-22 13:10:48,386 [Command processor thread] INFO  commandhandler.CreatePipelineCommandHandler (CreatePipelineCommandHandler.java:handle(106)) - Created Pipeline RATIS ONE PipelineID=034b4dd9-1234-4dc8-967b-c31906aae067.
2020-12-22 13:10:48,397 [968414a2-acfc-4d9a-a6c6-d5ffe78fa14c@group-B00BD356E557-SegmentedRaftLogWorker] INFO  segmented.SegmentedRaftLogWorker (SegmentedRaftLogWorker.java:execute(597)) - 968414a2-acfc-4d9a-a6c6-d5ffe78fa14c@group-B00BD356E557-SegmentedRaftLogWorker: created new log segment /github/workspace/mnt/ozone/hadoop-ozone/integration-test/target/test-dir/MiniOzoneClusterImpl-0c7722d3-6e51-44b5-a6be-ee21012bb99e/datanode-9/data/ratis/bf013636-bf38-49a5-93f8-b00bd356e557/current/log_inprogress_0
2020-12-22 13:10:48,400 [968414a2-acfc-4d9a-a6c6-d5ffe78fa14c@group-B00BD356E557-LeaderElection12] INFO  impl.RaftServerImpl (ServerState.java:setRaftConf(374)) - 968414a2-acfc-4d9a-a6c6-d5ffe78fa14c@group-B00BD356E557: set configuration 0: [968414a2-acfc-4d9a-a6c6-d5ffe78fa14c|rpc:172.17.0.2:37869|dataStream:, 1542794c-42be-495d-a942-8ab282cac6bd|rpc:172.17.0.2:43871|dataStream:, a3d49688-b82f-4622-8b97-34b5ff2bfd95|rpc:172.17.0.2:41743|dataStream:], old=null at 0
2020-12-22 13:10:48,405 [grpc-default-executor-3] INFO  ratis.XceiverServerRatis (XceiverServerRatis.java:handleLeaderChangedNotification(854)) - Leader change notification received for group: group-B00BD356E557 with new leaderId: 968414a2-acfc-4d9a-a6c6-d5ffe78fa14c
2020-12-22 13:10:48,406 [grpc-default-executor-3] INFO  impl.RaftServerImpl (ServerState.java:setLeader(256)) - 1542794c-42be-495d-a942-8ab282cac6bd@group-B00BD356E557: change Leader from null to 968414a2-acfc-4d9a-a6c6-d5ffe78fa14c at term 1 for appendEntries, leader elected after 1071ms
2020-12-22 13:10:48,424 [grpc-default-executor-3] INFO  impl.RaftServerImpl (ServerState.java:setRaftConf(374)) - 1542794c-42be-495d-a942-8ab282cac6bd@group-B00BD356E557: set configuration 0: [968414a2-acfc-4d9a-a6c6-d5ffe78fa14c|rpc:172.17.0.2:37869|dataStream:, 1542794c-42be-495d-a942-8ab282cac6bd|rpc:172.17.0.2:43871|dataStream:, a3d49688-b82f-4622-8b97-34b5ff2bfd95|rpc:172.17.0.2:41743|dataStream:], old=null at 0
2020-12-22 13:10:48,425 [grpc-default-executor-3] INFO  segmented.SegmentedRaftLogWorker (SegmentedRaftLogWorker.java:startLogSegment(398)) - 1542794c-42be-495d-a942-8ab282cac6bd@group-B00BD356E557-SegmentedRaftLogWorker: Starting segment from index:0
2020-12-22 13:10:48,426 [grpc-default-executor-1] INFO  ratis.XceiverServerRatis (XceiverServerRatis.java:handleLeaderChangedNotification(854)) - Leader change notification received for group: group-B00BD356E557 with new leaderId: 968414a2-acfc-4d9a-a6c6-d5ffe78fa14c
2020-12-22 13:10:48,426 [grpc-default-executor-1] INFO  impl.RaftServerImpl (ServerState.java:setLeader(256)) - a3d49688-b82f-4622-8b97-34b5ff2bfd95@group-B00BD356E557: change Leader from null to 968414a2-acfc-4d9a-a6c6-d5ffe78fa14c at term 1 for appendEntries, leader elected after 956ms
2020-12-22 13:10:48,427 [1542794c-42be-495d-a942-8ab282cac6bd@group-B00BD356E557-SegmentedRaftLogWorker] INFO  segmented.SegmentedRaftLogWorker (SegmentedRaftLogWorker.java:execute(597)) - 1542794c-42be-495d-a942-8ab282cac6bd@group-B00BD356E557-SegmentedRaftLogWorker: created new log segment /github/workspace/mnt/ozone/hadoop-ozone/integration-test/target/test-dir/MiniOzoneClusterImpl-0c7722d3-6e51-44b5-a6be-ee21012bb99e/datanode-5/data/ratis/bf013636-bf38-49a5-93f8-b00bd356e557/current/log_inprogress_0
2020-12-22 13:10:48,430 [grpc-default-executor-1] INFO  impl.RaftServerImpl (ServerState.java:setRaftConf(374)) - a3d49688-b82f-4622-8b97-34b5ff2bfd95@group-B00BD356E557: set configuration 0: [968414a2-acfc-4d9a-a6c6-d5ffe78fa14c|rpc:172.17.0.2:37869|dataStream:, 1542794c-42be-495d-a942-8ab282cac6bd|rpc:172.17.0.2:43871|dataStream:, a3d49688-b82f-4622-8b97-34b5ff2bfd95|rpc:172.17.0.2:41743|dataStream:], old=null at 0
2020-12-22 13:10:48,431 [grpc-default-executor-1] INFO  segmented.SegmentedRaftLogWorker (SegmentedRaftLogWorker.java:startLogSegment(398)) - a3d49688-b82f-4622-8b97-34b5ff2bfd95@group-B00BD356E557-SegmentedRaftLogWorker: Starting segment from index:0
2020-12-22 13:10:48,444 [a3d49688-b82f-4622-8b97-34b5ff2bfd95@group-B00BD356E557-SegmentedRaftLogWorker] INFO  segmented.SegmentedRaftLogWorker (SegmentedRaftLogWorker.java:execute(597)) - a3d49688-b82f-4622-8b97-34b5ff2bfd95@group-B00BD356E557-SegmentedRaftLogWorker: created new log segment /github/workspace/mnt/ozone/hadoop-ozone/integration-test/target/test-dir/MiniOzoneClusterImpl-0c7722d3-6e51-44b5-a6be-ee21012bb99e/datanode-6/data/ratis/bf013636-bf38-49a5-93f8-b00bd356e557/current/log_inprogress_0
2020-12-22 13:10:48,549 [Listener at 127.0.0.1/34251] INFO  metrics.RatisMetrics (RatisMetrics.java:lambda$create$0(36)) - Creating Metrics Registry : ratis.client_message_metrics.client-96FC214F6796->630f7d82-7405-430a-acc4-3cca1d2988c7
2020-12-22 13:10:48,560 [org.apache.ratis.server.JvmPauseMonitor@725d4b0f-Monitor] WARN  server.JvmPauseMonitor (JvmPauseMonitor.java:run(141)) - Detected pause in JVM or host machine (eg GC): pause of approximately 2ms
GC pool 'PS MarkSweep' had collection(s): count=1 time=153ms
GC pool 'PS Scavenge' had collection(s): count=3 time=75ms
2020-12-22 13:10:49,235 [Thread-402] INFO  impl.FollowerState (FollowerState.java:run(128)) - 1542794c-42be-495d-a942-8ab282cac6bd@group-3D505CE1AFC3-FollowerState: change to CANDIDATE, lastRpcTime:1131ms, electionTimeout:1124ms
2020-12-22 13:10:49,235 [Thread-402] INFO  impl.RoleInfo (RoleInfo.java:shutdownFollowerState(121)) - 1542794c-42be-495d-a942-8ab282cac6bd: shutdown 1542794c-42be-495d-a942-8ab282cac6bd@group-3D505CE1AFC3-FollowerState
2020-12-22 13:10:49,235 [Thread-402] INFO  impl.RaftServerImpl (RaftServerImpl.java:setRole(204)) - 1542794c-42be-495d-a942-8ab282cac6bd@group-3D505CE1AFC3: changes role from  FOLLOWER to CANDIDATE at term 0 for changeToCandidate
2020-12-22 13:10:49,244 [Thread-402] INFO  impl.RoleInfo (RoleInfo.java:updateAndGet(143)) - 1542794c-42be-495d-a942-8ab282cac6bd: start 1542794c-42be-495d-a942-8ab282cac6bd@group-3D505CE1AFC3-LeaderElection14
2020-12-22 13:10:49,351 [EventQueue-Delayed safe mode statusForReplicationManager] INFO  container.ReplicationManager (ReplicationManager.java:start(186)) - Starting Replication Monitor Thread.
2020-12-22 13:10:49,353 [ReplicationMonitor] INFO  container.ReplicationManager (ReplicationManager.java:run(250)) - Replication Monitor Thread took 2 milliseconds for processing 1 containers.
2020-12-22 13:10:49,424 [1542794c-42be-495d-a942-8ab282cac6bd@group-3D505CE1AFC3-LeaderElection14] INFO  impl.LeaderElection (LeaderElection.java:askForVotes(215)) - 1542794c-42be-495d-a942-8ab282cac6bd@group-3D505CE1AFC3-LeaderElection14: begin an election at term 1 for -1: [1542794c-42be-495d-a942-8ab282cac6bd|rpc:172.17.0.2:43871], old=null
2020-12-22 13:10:49,424 [1542794c-42be-495d-a942-8ab282cac6bd@group-3D505CE1AFC3-LeaderElection14] INFO  impl.RoleInfo (RoleInfo.java:shutdownLeaderElection(134)) - 1542794c-42be-495d-a942-8ab282cac6bd: shutdown 1542794c-42be-495d-a942-8ab282cac6bd@group-3D505CE1AFC3-LeaderElection14
2020-12-22 13:10:49,425 [1542794c-42be-495d-a942-8ab282cac6bd@group-3D505CE1AFC3-LeaderElection14] INFO  impl.RaftServerImpl (RaftServerImpl.java:setRole(204)) - 1542794c-42be-495d-a942-8ab282cac6bd@group-3D505CE1AFC3: changes role from CANDIDATE to LEADER at term 1 for changeToLeader
2020-12-22 13:10:49,426 [1542794c-42be-495d-a942-8ab282cac6bd@group-3D505CE1AFC3-LeaderElection14] INFO  ratis.XceiverServerRatis (XceiverServerRatis.java:handleLeaderChangedNotification(854)) - Leader change notification received for group: group-3D505CE1AFC3 with new leaderId: 1542794c-42be-495d-a942-8ab282cac6bd
2020-12-22 13:10:49,426 [1542794c-42be-495d-a942-8ab282cac6bd@group-3D505CE1AFC3-LeaderElection14] INFO  impl.RaftServerImpl (ServerState.java:setLeader(256)) - 1542794c-42be-495d-a942-8ab282cac6bd@group-3D505CE1AFC3: change Leader from null to 1542794c-42be-495d-a942-8ab282cac6bd at term 1 for becomeLeader, leader elected after 1343ms
2020-12-22 13:10:49,426 [1542794c-42be-495d-a942-8ab282cac6bd@group-3D505CE1AFC3-LeaderElection14] INFO  server.RaftServerConfigKeys (ConfUtils.java:logGet(44)) - raft.server.staging.catchup.gap = 1000 (default)
2020-12-22 13:10:49,426 [1542794c-42be-495d-a942-8ab282cac6bd@group-3D505CE1AFC3-LeaderElection14] INFO  server.RaftServerConfigKeys (ConfUtils.java:logGet(44)) - raft.server.rpc.sleep.time = 25ms (default)
2020-12-22 13:10:49,426 [1542794c-42be-495d-a942-8ab282cac6bd@group-3D505CE1AFC3-LeaderElection14] INFO  metrics.RatisMetrics (RatisMetrics.java:lambda$create$0(36)) - Creating Metrics Registry : ratis.log_appender.1542794c-42be-495d-a942-8ab282cac6bd@group-3D505CE1AFC3
2020-12-22 13:10:49,427 [1542794c-42be-495d-a942-8ab282cac6bd@group-3D505CE1AFC3-LeaderElection14] INFO  server.RaftServerConfigKeys (ConfUtils.java:logGet(44)) - raft.server.write.element-limit = 1024 (custom)
2020-12-22 13:10:49,427 [1542794c-42be-495d-a942-8ab282cac6bd@group-3D505CE1AFC3-LeaderElection14] INFO  server.RaftServerConfigKeys (ConfUtils.java:logGet(44)) - raft.server.write.byte-limit = 1073741824 (custom)
2020-12-22 13:10:49,427 [1542794c-42be-495d-a942-8ab282cac6bd@group-3D505CE1AFC3-LeaderElection14] INFO  server.RaftServerConfigKeys (ConfUtils.java:logGet(44)) - raft.server.watch.timeout = 3000ms (custom)
2020-12-22 13:10:49,427 [1542794c-42be-495d-a942-8ab282cac6bd@group-3D505CE1AFC3-LeaderElection14] INFO  server.RaftServerConfigKeys (ConfUtils.java:logGet(44)) - raft.server.watch.timeout.denomination = 1s (default)
2020-12-22 13:10:49,427 [1542794c-42be-495d-a942-8ab282cac6bd@group-3D505CE1AFC3-LeaderElection14] INFO  server.RaftServerConfigKeys (ConfUtils.java:logGet(44)) - raft.server.watch.element-limit = 65536 (default)
2020-12-22 13:10:49,428 [1542794c-42be-495d-a942-8ab282cac6bd@group-3D505CE1AFC3-LeaderElection14] INFO  impl.RoleInfo (RoleInfo.java:updateAndGet(143)) - 1542794c-42be-495d-a942-8ab282cac6bd: start 1542794c-42be-495d-a942-8ab282cac6bd@group-3D505CE1AFC3-LeaderState
2020-12-22 13:10:49,428 [1542794c-42be-495d-a942-8ab282cac6bd@group-3D505CE1AFC3-LeaderElection14] INFO  segmented.SegmentedRaftLogWorker (SegmentedRaftLogWorker.java:startLogSegment(398)) - 1542794c-42be-495d-a942-8ab282cac6bd@group-3D505CE1AFC3-SegmentedRaftLogWorker: Starting segment from index:0
2020-12-22 13:10:49,434 [1542794c-42be-495d-a942-8ab282cac6bd@group-3D505CE1AFC3-LeaderElection14] INFO  impl.RaftServerImpl (ServerState.java:setRaftConf(374)) - 1542794c-42be-495d-a942-8ab282cac6bd@group-3D505CE1AFC3: set configuration 0: [1542794c-42be-495d-a942-8ab282cac6bd|rpc:172.17.0.2:43871|dataStream:], old=null at 0
2020-12-22 13:10:49,434 [1542794c-42be-495d-a942-8ab282cac6bd@group-3D505CE1AFC3-SegmentedRaftLogWorker] INFO  segmented.SegmentedRaftLogWorker (SegmentedRaftLogWorker.java:execute(597)) - 1542794c-42be-495d-a942-8ab282cac6bd@group-3D505CE1AFC3-SegmentedRaftLogWorker: created new log segment /github/workspace/mnt/ozone/hadoop-ozone/integration-test/target/test-dir/MiniOzoneClusterImpl-0c7722d3-6e51-44b5-a6be-ee21012bb99e/datanode-5/data/ratis/2efa80e6-04e6-4b16-929f-3d505ce1afc3/current/log_inprogress_0
2020-12-22 13:10:49,454 [Thread-415] INFO  impl.FollowerState (FollowerState.java:run(128)) - a3d49688-b82f-4622-8b97-34b5ff2bfd95@group-C31906AAE067-FollowerState: change to CANDIDATE, lastRpcTime:1108ms, electionTimeout:1079ms
2020-12-22 13:10:49,454 [Thread-415] INFO  impl.RoleInfo (RoleInfo.java:shutdownFollowerState(121)) - a3d49688-b82f-4622-8b97-34b5ff2bfd95: shutdown a3d49688-b82f-4622-8b97-34b5ff2bfd95@group-C31906AAE067-FollowerState
2020-12-22 13:10:49,454 [Thread-415] INFO  impl.RaftServerImpl (RaftServerImpl.java:setRole(204)) - a3d49688-b82f-4622-8b97-34b5ff2bfd95@group-C31906AAE067: changes role from  FOLLOWER to CANDIDATE at term 0 for changeToCandidate
2020-12-22 13:10:49,454 [Thread-415] INFO  impl.RoleInfo (RoleInfo.java:updateAndGet(143)) - a3d49688-b82f-4622-8b97-34b5ff2bfd95: start a3d49688-b82f-4622-8b97-34b5ff2bfd95@group-C31906AAE067-LeaderElection15
2020-12-22 13:10:49,471 [a3d49688-b82f-4622-8b97-34b5ff2bfd95@group-C31906AAE067-LeaderElection15] INFO  impl.LeaderElection (LeaderElection.java:askForVotes(215)) - a3d49688-b82f-4622-8b97-34b5ff2bfd95@group-C31906AAE067-LeaderElection15: begin an election at term 1 for -1: [a3d49688-b82f-4622-8b97-34b5ff2bfd95|rpc:172.17.0.2:41743], old=null
2020-12-22 13:10:49,472 [a3d49688-b82f-4622-8b97-34b5ff2bfd95@group-C31906AAE067-LeaderElection15] INFO  impl.RoleInfo (RoleInfo.java:shutdownLeaderElection(134)) - a3d49688-b82f-4622-8b97-34b5ff2bfd95: shutdown a3d49688-b82f-4622-8b97-34b5ff2bfd95@group-C31906AAE067-LeaderElection15
2020-12-22 13:10:49,472 [a3d49688-b82f-4622-8b97-34b5ff2bfd95@group-C31906AAE067-LeaderElection15] INFO  impl.RaftServerImpl (RaftServerImpl.java:setRole(204)) - a3d49688-b82f-4622-8b97-34b5ff2bfd95@group-C31906AAE067: changes role from CANDIDATE to LEADER at term 1 for changeToLeader
2020-12-22 13:10:49,472 [a3d49688-b82f-4622-8b97-34b5ff2bfd95@group-C31906AAE067-LeaderElection15] INFO  ratis.XceiverServerRatis (XceiverServerRatis.java:handleLeaderChangedNotification(854)) - Leader change notification received for group: group-C31906AAE067 with new leaderId: a3d49688-b82f-4622-8b97-34b5ff2bfd95
2020-12-22 13:10:49,473 [a3d49688-b82f-4622-8b97-34b5ff2bfd95@group-C31906AAE067-LeaderElection15] INFO  impl.RaftServerImpl (ServerState.java:setLeader(256)) - a3d49688-b82f-4622-8b97-34b5ff2bfd95@group-C31906AAE067: change Leader from null to a3d49688-b82f-4622-8b97-34b5ff2bfd95 at term 1 for becomeLeader, leader elected after 1167ms
2020-12-22 13:10:49,473 [a3d49688-b82f-4622-8b97-34b5ff2bfd95@group-C31906AAE067-LeaderElection15] INFO  server.RaftServerConfigKeys (ConfUtils.java:logGet(44)) - raft.server.staging.catchup.gap = 1000 (default)
2020-12-22 13:10:49,474 [a3d49688-b82f-4622-8b97-34b5ff2bfd95@group-C31906AAE067-LeaderElection15] INFO  server.RaftServerConfigKeys (ConfUtils.java:logGet(44)) - raft.server.rpc.sleep.time = 25ms (default)
2020-12-22 13:10:49,474 [a3d49688-b82f-4622-8b97-34b5ff2bfd95@group-C31906AAE067-LeaderElection15] INFO  metrics.RatisMetrics (RatisMetrics.java:lambda$create$0(36)) - Creating Metrics Registry : ratis.log_appender.a3d49688-b82f-4622-8b97-34b5ff2bfd95@group-C31906AAE067
2020-12-22 13:10:49,474 [a3d49688-b82f-4622-8b97-34b5ff2bfd95@group-C31906AAE067-LeaderElection15] INFO  server.RaftServerConfigKeys (ConfUtils.java:logGet(44)) - raft.server.write.element-limit = 1024 (custom)
2020-12-22 13:10:49,474 [a3d49688-b82f-4622-8b97-34b5ff2bfd95@group-C31906AAE067-LeaderElection15] INFO  server.RaftServerConfigKeys (ConfUtils.java:logGet(44)) - raft.server.write.byte-limit = 1073741824 (custom)
2020-12-22 13:10:49,475 [a3d49688-b82f-4622-8b97-34b5ff2bfd95@group-C31906AAE067-LeaderElection15] INFO  server.RaftServerConfigKeys (ConfUtils.java:logGet(44)) - raft.server.watch.timeout = 3000ms (custom)
2020-12-22 13:10:49,475 [a3d49688-b82f-4622-8b97-34b5ff2bfd95@group-C31906AAE067-LeaderElection15] INFO  server.RaftServerConfigKeys (ConfUtils.java:logGet(44)) - raft.server.watch.timeout.denomination = 1s (default)
2020-12-22 13:10:49,475 [a3d49688-b82f-4622-8b97-34b5ff2bfd95@group-C31906AAE067-LeaderElection15] INFO  server.RaftServerConfigKeys (ConfUtils.java:logGet(44)) - raft.server.watch.element-limit = 65536 (default)
2020-12-22 13:10:49,476 [a3d49688-b82f-4622-8b97-34b5ff2bfd95@group-C31906AAE067-LeaderElection15] INFO  impl.RoleInfo (RoleInfo.java:updateAndGet(143)) - a3d49688-b82f-4622-8b97-34b5ff2bfd95: start a3d49688-b82f-4622-8b97-34b5ff2bfd95@group-C31906AAE067-LeaderState
2020-12-22 13:10:49,476 [a3d49688-b82f-4622-8b97-34b5ff2bfd95@group-C31906AAE067-LeaderElection15] INFO  segmented.SegmentedRaftLogWorker (SegmentedRaftLogWorker.java:startLogSegment(398)) - a3d49688-b82f-4622-8b97-34b5ff2bfd95@group-C31906AAE067-SegmentedRaftLogWorker: Starting segment from index:0
2020-12-22 13:10:49,477 [a3d49688-b82f-4622-8b97-34b5ff2bfd95@group-C31906AAE067-LeaderElection15] INFO  impl.RaftServerImpl (ServerState.java:setRaftConf(374)) - a3d49688-b82f-4622-8b97-34b5ff2bfd95@group-C31906AAE067: set configuration 0: [a3d49688-b82f-4622-8b97-34b5ff2bfd95|rpc:172.17.0.2:41743|dataStream:], old=null at 0
2020-12-22 13:10:49,478 [a3d49688-b82f-4622-8b97-34b5ff2bfd95@group-C31906AAE067-SegmentedRaftLogWorker] INFO  segmented.SegmentedRaftLogWorker (SegmentedRaftLogWorker.java:execute(597)) - a3d49688-b82f-4622-8b97-34b5ff2bfd95@group-C31906AAE067-SegmentedRaftLogWorker: created new log segment /github/workspace/mnt/ozone/hadoop-ozone/integration-test/target/test-dir/MiniOzoneClusterImpl-0c7722d3-6e51-44b5-a6be-ee21012bb99e/datanode-6/data/ratis/034b4dd9-1234-4dc8-967b-c31906aae067/current/log_inprogress_0
2020-12-22 13:10:50,114 [Datanode State Machine Thread - 0] INFO  statemachine.DatanodeStateMachine (DatanodeStateMachine.java:lambda$startDaemon$0(408)) - Ozone container server started.
2020-12-22 13:10:54,404 [Listener at 127.0.0.1/34251] INFO  ozoneimpl.OzoneContainer (OzoneContainer.java:stop(257)) - Attempting to stop container services.
2020-12-22 13:10:54,404 [Listener at 127.0.0.1/34251] INFO  impl.RaftServerProxy (RaftServerProxy.java:lambda$close$4(338)) - 630f7d82-7405-430a-acc4-3cca1d2988c7: close
2020-12-22 13:10:54,406 [Listener at 127.0.0.1/34251] INFO  impl.RaftServerImpl (RaftServerImpl.java:lambda$shutdown$3(328)) - 630f7d82-7405-430a-acc4-3cca1d2988c7@group-451F57A0DF90: shutdown
2020-12-22 13:10:54,406 [Listener at 127.0.0.1/34251] INFO  util.JmxRegister (JmxRegister.java:unregister(73)) - Successfully un-registered JMX Bean with object name Ratis:service=RaftServer,group=group-451F57A0DF90,id=630f7d82-7405-430a-acc4-3cca1d2988c7
2020-12-22 13:10:54,406 [Listener at 127.0.0.1/34251] INFO  impl.RoleInfo (RoleInfo.java:shutdownLeaderState(104)) - 630f7d82-7405-430a-acc4-3cca1d2988c7: shutdown 630f7d82-7405-430a-acc4-3cca1d2988c7@group-451F57A0DF90-LeaderState
2020-12-22 13:10:54,407 [Listener at 127.0.0.1/34251] INFO  impl.PendingRequests (PendingRequests.java:sendNotLeaderResponses(250)) - 630f7d82-7405-430a-acc4-3cca1d2988c7@group-451F57A0DF90-PendingRequests: sendNotLeaderResponses
2020-12-22 13:10:54,407 [Listener at 127.0.0.1/34251] INFO  metrics.RatisMetrics (RatisMetrics.java:unregister(43)) - Unregistering Metrics Registry : ratis.log_appender.630f7d82-7405-430a-acc4-3cca1d2988c7@group-451F57A0DF90
2020-12-22 13:10:54,408 [Listener at 127.0.0.1/34251] INFO  metrics.RatisMetrics (RatisMetrics.java:unregister(43)) - Unregistering Metrics Registry : ratis.server.630f7d82-7405-430a-acc4-3cca1d2988c7@group-451F57A0DF90
2020-12-22 13:10:54,410 [Listener at 127.0.0.1/34251] INFO  impl.StateMachineUpdater (StateMachineUpdater.java:stopAndJoin(147)) - 630f7d82-7405-430a-acc4-3cca1d2988c7@group-451F57A0DF90-StateMachineUpdater: set stopIndex = 0
2020-12-22 13:10:54,410 [630f7d82-7405-430a-acc4-3cca1d2988c7@group-451F57A0DF90-StateMachineUpdater] INFO  ratis.ContainerStateMachine (ContainerStateMachine.java:takeSnapshot(293)) - group-451F57A0DF90: Taking a snapshot at:(t:1, i:0) file /github/workspace/mnt/ozone/hadoop-ozone/integration-test/target/test-dir/MiniOzoneClusterImpl-0c7722d3-6e51-44b5-a6be-ee21012bb99e/datanode-2/data/ratis/a1e8a107-cf05-4c5c-add5-451f57a0df90/sm/snapshot.1_0
2020-12-22 13:10:54,424 [630f7d82-7405-430a-acc4-3cca1d2988c7@group-451F57A0DF90-StateMachineUpdater] INFO  ratis.ContainerStateMachine (ContainerStateMachine.java:takeSnapshot(304)) - group-451F57A0DF90: Finished taking a snapshot at:(t:1, i:0) file:/github/workspace/mnt/ozone/hadoop-ozone/integration-test/target/test-dir/MiniOzoneClusterImpl-0c7722d3-6e51-44b5-a6be-ee21012bb99e/datanode-2/data/ratis/a1e8a107-cf05-4c5c-add5-451f57a0df90/sm/snapshot.1_0 time:14
2020-12-22 13:10:54,428 [630f7d82-7405-430a-acc4-3cca1d2988c7@group-451F57A0DF90-StateMachineUpdater] INFO  impl.StateMachineUpdater (StateMachineUpdater.java:takeSnapshot(278)) - 630f7d82-7405-430a-acc4-3cca1d2988c7@group-451F57A0DF90-StateMachineUpdater: Took a snapshot at index 0
2020-12-22 13:10:54,431 [630f7d82-7405-430a-acc4-3cca1d2988c7@group-451F57A0DF90-StateMachineUpdater] INFO  impl.StateMachineUpdater (StateMachineUpdater.java:lambda$new$0(87)) - 630f7d82-7405-430a-acc4-3cca1d2988c7@group-451F57A0DF90-StateMachineUpdater: snapshotIndex: updateIncreasingly -1 -> 0
2020-12-22 13:10:54,436 [630f7d82-7405-430a-acc4-3cca1d2988c7@group-451F57A0DF90-StateMachineUpdater] INFO  metrics.RatisMetrics (RatisMetrics.java:unregister(43)) - Unregistering Metrics Registry : ratis.state_machine.630f7d82-7405-430a-acc4-3cca1d2988c7@group-451F57A0DF90
2020-12-22 13:10:54,437 [Listener at 127.0.0.1/34251] INFO  impl.RaftServerImpl (ServerState.java:close(406)) - 630f7d82-7405-430a-acc4-3cca1d2988c7@group-451F57A0DF90: closes. applyIndex: 0
2020-12-22 13:10:54,438 [630f7d82-7405-430a-acc4-3cca1d2988c7@group-451F57A0DF90-SegmentedRaftLogWorker] INFO  segmented.SegmentedRaftLogWorker (SegmentedRaftLogWorker.java:run(329)) - 630f7d82-7405-430a-acc4-3cca1d2988c7@group-451F57A0DF90-SegmentedRaftLogWorker was interrupted, exiting. There are 0 tasks remaining in the queue.
2020-12-22 13:10:54,440 [Listener at 127.0.0.1/34251] INFO  segmented.SegmentedRaftLogWorker (SegmentedRaftLogWorker.java:close(235)) - 630f7d82-7405-430a-acc4-3cca1d2988c7@group-451F57A0DF90-SegmentedRaftLogWorker close()
2020-12-22 13:10:54,442 [Listener at 127.0.0.1/34251] INFO  metrics.RatisMetrics (RatisMetrics.java:unregister(43)) - Unregistering Metrics Registry : ratis.log_worker.630f7d82-7405-430a-acc4-3cca1d2988c7@group-451F57A0DF90
2020-12-22 13:10:54,443 [Listener at 127.0.0.1/34251] INFO  metrics.RatisMetrics (RatisMetrics.java:unregister(43)) - Unregistering Metrics Registry : ratis.leader_election.630f7d82-7405-430a-acc4-3cca1d2988c7@group-451F57A0DF90
2020-12-22 13:10:54,443 [Listener at 127.0.0.1/34251] INFO  metrics.RatisMetrics (RatisMetrics.java:unregister(43)) - Unregistering Metrics Registry : ratis.server.630f7d82-7405-430a-acc4-3cca1d2988c7@group-451F57A0DF90
2020-12-22 13:10:54,443 [Listener at 127.0.0.1/34251] INFO  impl.RaftServerImpl (RaftServerImpl.java:lambda$shutdown$3(328)) - 630f7d82-7405-430a-acc4-3cca1d2988c7@group-22EF2DA5B5E3: shutdown
2020-12-22 13:10:54,443 [Listener at 127.0.0.1/34251] INFO  util.JmxRegister (JmxRegister.java:unregister(73)) - Successfully un-registered JMX Bean with object name Ratis:service=RaftServer,group=group-22EF2DA5B5E3,id=630f7d82-7405-430a-acc4-3cca1d2988c7
2020-12-22 13:10:54,443 [Listener at 127.0.0.1/34251] INFO  impl.RoleInfo (RoleInfo.java:shutdownLeaderState(104)) - 630f7d82-7405-430a-acc4-3cca1d2988c7: shutdown 630f7d82-7405-430a-acc4-3cca1d2988c7@group-22EF2DA5B5E3-LeaderState
2020-12-22 13:10:54,444 [Listener at 127.0.0.1/34251] INFO  metrics.RatisMetrics (RatisMetrics.java:unregister(43)) - Unregistering Metrics Registry : ratis_grpc.log_appender.630f7d82-7405-430a-acc4-3cca1d2988c7@group-22EF2DA5B5E3
2020-12-22 13:10:54,444 [org.apache.ratis.server.impl.LogAppender$AppenderDaemon$$Lambda$462/536690988@6cac3ad4] WARN  server.GrpcLogAppender (GrpcLogAppender.java:mayWait(168)) - 630f7d82-7405-430a-acc4-3cca1d2988c7@group-22EF2DA5B5E3->a9e5f8c8-f1d2-4256-bab8-e403c630398b-GrpcLogAppender: Wait interrupted by java.lang.InterruptedException
2020-12-22 13:10:54,446 [grpc-default-executor-2] INFO  server.GrpcServerProtocolService (GrpcServerProtocolService.java:onCompleted(138)) - a9e5f8c8-f1d2-4256-bab8-e403c630398b: Completed APPEND_ENTRIES, lastRequest: 630f7d82-7405-430a-acc4-3cca1d2988c7->a9e5f8c8-f1d2-4256-bab8-e403c630398b#60-t1, previous=(t:1, i:3), leaderCommit=2, initializing? false, entries: size=1, first=(t:1, i:4), METADATAENTRY(c:2)
2020-12-22 13:10:54,447 [Listener at 127.0.0.1/34251] INFO  metrics.RatisMetrics (RatisMetrics.java:unregister(43)) - Unregistering Metrics Registry : ratis_grpc.log_appender.630f7d82-7405-430a-acc4-3cca1d2988c7@group-22EF2DA5B5E3
2020-12-22 13:10:54,447 [org.apache.ratis.server.impl.LogAppender$AppenderDaemon$$Lambda$462/536690988@70e1c2a1] WARN  server.GrpcLogAppender (GrpcLogAppender.java:mayWait(168)) - 630f7d82-7405-430a-acc4-3cca1d2988c7@group-22EF2DA5B5E3->d23545be-7951-4ced-9e1c-af6ad8e842b2-GrpcLogAppender: Wait interrupted by java.lang.InterruptedException
2020-12-22 13:10:54,447 [grpc-default-executor-1] INFO  server.GrpcLogAppender (GrpcLogAppender.java:onCompleted(337)) - 630f7d82-7405-430a-acc4-3cca1d2988c7@group-22EF2DA5B5E3->a9e5f8c8-f1d2-4256-bab8-e403c630398b-AppendLogResponseHandler: follower responses appendEntries COMPLETED
2020-12-22 13:10:54,451 [grpc-default-executor-2] INFO  server.GrpcServerProtocolService (GrpcServerProtocolService.java:onCompleted(138)) - d23545be-7951-4ced-9e1c-af6ad8e842b2: Completed APPEND_ENTRIES, lastRequest: 630f7d82-7405-430a-acc4-3cca1d2988c7->d23545be-7951-4ced-9e1c-af6ad8e842b2#62-t1, previous=(t:1, i:3), leaderCommit=2, initializing? false, entries: size=1, first=(t:1, i:4), METADATAENTRY(c:2)
2020-12-22 13:10:54,452 [grpc-default-executor-3] INFO  server.GrpcLogAppender (GrpcLogAppender.java:onCompleted(337)) - 630f7d82-7405-430a-acc4-3cca1d2988c7@group-22EF2DA5B5E3->d23545be-7951-4ced-9e1c-af6ad8e842b2-AppendLogResponseHandler: follower responses appendEntries COMPLETED
2020-12-22 13:10:54,454 [Listener at 127.0.0.1/34251] INFO  impl.PendingRequests (PendingRequests.java:sendNotLeaderResponses(250)) - 630f7d82-7405-430a-acc4-3cca1d2988c7@group-22EF2DA5B5E3-PendingRequests: sendNotLeaderResponses
2020-12-22 13:10:54,458 [grpc-default-executor-3] INFO  impl.FollowerInfo (FollowerInfo.java:lambda$new$0(51)) - 630f7d82-7405-430a-acc4-3cca1d2988c7@group-22EF2DA5B5E3->d23545be-7951-4ced-9e1c-af6ad8e842b2: nextIndex: updateUnconditionally 5 -> 4
2020-12-22 13:10:54,461 [Listener at 127.0.0.1/34251] INFO  metrics.RatisMetrics (RatisMetrics.java:unregister(43)) - Unregistering Metrics Registry : ratis.log_appender.630f7d82-7405-430a-acc4-3cca1d2988c7@group-22EF2DA5B5E3
2020-12-22 13:10:54,461 [Listener at 127.0.0.1/34251] INFO  metrics.RatisMetrics (RatisMetrics.java:unregister(43)) - Unregistering Metrics Registry : ratis.server.630f7d82-7405-430a-acc4-3cca1d2988c7@group-22EF2DA5B5E3
2020-12-22 13:10:54,462 [Listener at 127.0.0.1/34251] INFO  impl.StateMachineUpdater (StateMachineUpdater.java:stopAndJoin(147)) - 630f7d82-7405-430a-acc4-3cca1d2988c7@group-22EF2DA5B5E3-StateMachineUpdater: set stopIndex = 4
2020-12-22 13:10:54,458 [grpc-default-executor-1] INFO  impl.FollowerInfo (FollowerInfo.java:lambda$new$0(51)) - 630f7d82-7405-430a-acc4-3cca1d2988c7@group-22EF2DA5B5E3->a9e5f8c8-f1d2-4256-bab8-e403c630398b: nextIndex: updateUnconditionally 5 -> 4
2020-12-22 13:10:54,468 [630f7d82-7405-430a-acc4-3cca1d2988c7@group-22EF2DA5B5E3-StateMachineUpdater] INFO  ratis.ContainerStateMachine (ContainerStateMachine.java:takeSnapshot(293)) - group-22EF2DA5B5E3: Taking a snapshot at:(t:1, i:4) file /github/workspace/mnt/ozone/hadoop-ozone/integration-test/target/test-dir/MiniOzoneClusterImpl-0c7722d3-6e51-44b5-a6be-ee21012bb99e/datanode-2/data/ratis/1db8be16-ed77-4592-8cde-22ef2da5b5e3/sm/snapshot.1_4
2020-12-22 13:10:54,468 [org.apache.ratis.server.JvmPauseMonitor@20d8f8d6-Monitor] WARN  server.JvmPauseMonitor (JvmPauseMonitor.java:run(141)) - Detected pause in JVM or host machine (eg GC): pause of approximately 1ms
GC pool 'PS MarkSweep' had collection(s): count=1 time=153ms
GC pool 'PS Scavenge' had collection(s): count=3 time=75ms
2020-12-22 13:10:54,476 [630f7d82-7405-430a-acc4-3cca1d2988c7@group-22EF2DA5B5E3-StateMachineUpdater] INFO  ratis.ContainerStateMachine (ContainerStateMachine.java:takeSnapshot(304)) - group-22EF2DA5B5E3: Finished taking a snapshot at:(t:1, i:4) file:/github/workspace/mnt/ozone/hadoop-ozone/integration-test/target/test-dir/MiniOzoneClusterImpl-0c7722d3-6e51-44b5-a6be-ee21012bb99e/datanode-2/data/ratis/1db8be16-ed77-4592-8cde-22ef2da5b5e3/sm/snapshot.1_4 time:7
2020-12-22 13:10:54,476 [630f7d82-7405-430a-acc4-3cca1d2988c7@group-22EF2DA5B5E3-StateMachineUpdater] INFO  impl.StateMachineUpdater (StateMachineUpdater.java:takeSnapshot(278)) - 630f7d82-7405-430a-acc4-3cca1d2988c7@group-22EF2DA5B5E3-StateMachineUpdater: Took a snapshot at index 4
2020-12-22 13:10:54,477 [630f7d82-7405-430a-acc4-3cca1d2988c7@group-22EF2DA5B5E3-StateMachineUpdater] INFO  impl.StateMachineUpdater (StateMachineUpdater.java:lambda$new$0(87)) - 630f7d82-7405-430a-acc4-3cca1d2988c7@group-22EF2DA5B5E3-StateMachineUpdater: snapshotIndex: updateIncreasingly -1 -> 4
2020-12-22 13:10:54,477 [630f7d82-7405-430a-acc4-3cca1d2988c7@group-22EF2DA5B5E3-StateMachineUpdater] INFO  metrics.RatisMetrics (RatisMetrics.java:unregister(43)) - Unregistering Metrics Registry : ratis.state_machine.630f7d82-7405-430a-acc4-3cca1d2988c7@group-22EF2DA5B5E3
2020-12-22 13:10:54,478 [Listener at 127.0.0.1/34251] INFO  impl.RaftServerImpl (ServerState.java:close(406)) - 630f7d82-7405-430a-acc4-3cca1d2988c7@group-22EF2DA5B5E3: closes. applyIndex: 4
2020-12-22 13:10:54,478 [630f7d82-7405-430a-acc4-3cca1d2988c7@group-22EF2DA5B5E3-SegmentedRaftLogWorker] INFO  segmented.SegmentedRaftLogWorker (SegmentedRaftLogWorker.java:run(329)) - 630f7d82-7405-430a-acc4-3cca1d2988c7@group-22EF2DA5B5E3-SegmentedRaftLogWorker was interrupted, exiting. There are 0 tasks remaining in the queue.
2020-12-22 13:10:54,480 [Listener at 127.0.0.1/34251] INFO  segmented.SegmentedRaftLogWorker (SegmentedRaftLogWorker.java:close(235)) - 630f7d82-7405-430a-acc4-3cca1d2988c7@group-22EF2DA5B5E3-SegmentedRaftLogWorker close()
2020-12-22 13:10:54,481 [Listener at 127.0.0.1/34251] INFO  metrics.RatisMetrics (RatisMetrics.java:unregister(43)) - Unregistering Metrics Registry : ratis.log_worker.630f7d82-7405-430a-acc4-3cca1d2988c7@group-22EF2DA5B5E3
2020-12-22 13:10:54,482 [Listener at 127.0.0.1/34251] INFO  metrics.RatisMetrics (RatisMetrics.java:unregister(43)) - Unregistering Metrics Registry : ratis.leader_election.630f7d82-7405-430a-acc4-3cca1d2988c7@group-22EF2DA5B5E3
2020-12-22 13:10:54,482 [Listener at 127.0.0.1/34251] INFO  metrics.RatisMetrics (RatisMetrics.java:unregister(43)) - Unregistering Metrics Registry : ratis.server.630f7d82-7405-430a-acc4-3cca1d2988c7@group-22EF2DA5B5E3
2020-12-22 13:10:54,482 [Listener at 127.0.0.1/34251] INFO  server.GrpcService (GrpcService.java:closeImpl(184)) - 630f7d82-7405-430a-acc4-3cca1d2988c7: shutdown server with port 39527 now
2020-12-22 13:10:54,502 [Listener at 127.0.0.1/34251] INFO  server.GrpcService (GrpcService.java:closeImpl(193)) - 630f7d82-7405-430a-acc4-3cca1d2988c7: shutdown server with port 39527 successfully
2020-12-22 13:10:54,513 [Listener at 127.0.0.1/34251] INFO  utils.BackgroundService (BackgroundService.java:shutdown(132)) - Shutting down service BlockDeletingService
2020-12-22 13:10:54,523 [Listener at 127.0.0.1/34251] INFO  statemachine.DatanodeStateMachine (DatanodeStateMachine.java:stopDaemon(461)) - Ozone container server stopped.
2020-12-22 13:10:54,536 [Listener at 127.0.0.1/34251] INFO  handler.ContextHandler (ContextHandler.java:doStop(1154)) - Stopped o.e.j.w.WebAppContext@b223713{hddsDatanode,/,null,STOPPED}{jar:file:/home/user/.m2/repository/org/apache/hadoop/hadoop-hdds-container-service/1.1.0-SNAPSHOT/hadoop-hdds-container-service-1.1.0-SNAPSHOT.jar!/webapps/hddsDatanode}
2020-12-22 13:10:54,541 [Listener at 127.0.0.1/34251] INFO  server.AbstractConnector (AbstractConnector.java:doStop(381)) - Stopped ServerConnector@818544e{HTTP/1.1, (http/1.1)}{0.0.0.0:0}
2020-12-22 13:10:54,541 [Listener at 127.0.0.1/34251] INFO  server.session (HouseKeeper.java:stopScavenging(149)) - node0 Stopped scavenging
2020-12-22 13:10:54,541 [Listener at 127.0.0.1/34251] INFO  handler.ContextHandler (ContextHandler.java:doStop(1154)) - Stopped o.e.j.s.ServletContextHandler@28471e24{static,/static,jar:file:/home/user/.m2/repository/org/apache/hadoop/hadoop-hdds-container-service/1.1.0-SNAPSHOT/hadoop-hdds-container-service-1.1.0-SNAPSHOT.jar!/webapps/static,STOPPED}
2020-12-22 13:10:54,542 [Listener at 127.0.0.1/34251] INFO  handler.ContextHandler (ContextHandler.java:doStop(1154)) - Stopped o.e.j.s.ServletContextHandler@59882630{logs,/logs,file:///github/workspace/mnt/ozone/hadoop-ozone/integration-test/target/log,STOPPED}
2020-12-22 13:10:55,115 [Datanode State Machine Thread - 0] INFO  statemachine.DatanodeStateMachine (DatanodeStateMachine.java:lambda$startDaemon$0(408)) - Ozone container server started.
2020-12-22 13:10:56,113 [Thread-338] INFO  impl.FollowerState (FollowerState.java:run(128)) - d23545be-7951-4ced-9e1c-af6ad8e842b2@group-22EF2DA5B5E3-FollowerState: change to CANDIDATE, lastRpcTime:1838ms, electionTimeout:1095ms
2020-12-22 13:10:56,113 [Thread-338] INFO  impl.RoleInfo (RoleInfo.java:shutdownFollowerState(121)) - d23545be-7951-4ced-9e1c-af6ad8e842b2: shutdown d23545be-7951-4ced-9e1c-af6ad8e842b2@group-22EF2DA5B5E3-FollowerState
2020-12-22 13:10:56,113 [Thread-338] INFO  impl.RaftServerImpl (RaftServerImpl.java:setRole(204)) - d23545be-7951-4ced-9e1c-af6ad8e842b2@group-22EF2DA5B5E3: changes role from  FOLLOWER to CANDIDATE at term 1 for changeToCandidate
2020-12-22 13:10:56,113 [Thread-338] INFO  impl.RoleInfo (RoleInfo.java:updateAndGet(143)) - d23545be-7951-4ced-9e1c-af6ad8e842b2: start d23545be-7951-4ced-9e1c-af6ad8e842b2@group-22EF2DA5B5E3-LeaderElection16
2020-12-22 13:10:56,114 [d23545be-7951-4ced-9e1c-af6ad8e842b2@group-22EF2DA5B5E3-LeaderElection16] INFO  impl.RaftServerImpl (ServerState.java:setLeader(256)) - d23545be-7951-4ced-9e1c-af6ad8e842b2@group-22EF2DA5B5E3: change Leader from 630f7d82-7405-430a-acc4-3cca1d2988c7 to null at term 1 for initElection
2020-12-22 13:10:56,116 [d23545be-7951-4ced-9e1c-af6ad8e842b2@group-22EF2DA5B5E3-LeaderElection16] INFO  impl.LeaderElection (LeaderElection.java:askForVotes(215)) - d23545be-7951-4ced-9e1c-af6ad8e842b2@group-22EF2DA5B5E3-LeaderElection16: begin an election at term 2 for 0: [630f7d82-7405-430a-acc4-3cca1d2988c7|rpc:172.17.0.2:39527|dataStream:, a9e5f8c8-f1d2-4256-bab8-e403c630398b|rpc:172.17.0.2:36741|dataStream:, d23545be-7951-4ced-9e1c-af6ad8e842b2|rpc:172.17.0.2:35453|dataStream:], old=null
2020-12-22 13:10:56,128 [org.apache.ratis.server.JvmPauseMonitor@568dd2b0-Monitor] WARN  server.JvmPauseMonitor (JvmPauseMonitor.java:run(141)) - Detected pause in JVM or host machine (eg GC): pause of approximately 1ms
GC pool 'PS MarkSweep' had collection(s): count=1 time=153ms
GC pool 'PS Scavenge' had collection(s): count=3 time=75ms
2020-12-22 13:10:56,131 [grpc-default-executor-1] INFO  impl.RaftServerImpl (ServerState.java:setLeader(256)) - a9e5f8c8-f1d2-4256-bab8-e403c630398b@group-22EF2DA5B5E3: change Leader from 630f7d82-7405-430a-acc4-3cca1d2988c7 to null at term 2 for updateCurrentTerm
2020-12-22 13:10:56,131 [grpc-default-executor-1] INFO  impl.RaftServerImpl (RaftServerImpl.java:setRole(204)) - a9e5f8c8-f1d2-4256-bab8-e403c630398b@group-22EF2DA5B5E3: changes role from  FOLLOWER to FOLLOWER at term 2 for recognizeCandidate:d23545be-7951-4ced-9e1c-af6ad8e842b2
2020-12-22 13:10:56,131 [grpc-default-executor-1] INFO  impl.RoleInfo (RoleInfo.java:shutdownFollowerState(121)) - a9e5f8c8-f1d2-4256-bab8-e403c630398b: shutdown a9e5f8c8-f1d2-4256-bab8-e403c630398b@group-22EF2DA5B5E3-FollowerState
2020-12-22 13:10:56,131 [grpc-default-executor-1] INFO  impl.RoleInfo (RoleInfo.java:updateAndGet(143)) - a9e5f8c8-f1d2-4256-bab8-e403c630398b: start a9e5f8c8-f1d2-4256-bab8-e403c630398b@group-22EF2DA5B5E3-FollowerState
2020-12-22 13:10:56,131 [Thread-339] INFO  impl.FollowerState (FollowerState.java:run(137)) - a9e5f8c8-f1d2-4256-bab8-e403c630398b@group-22EF2DA5B5E3-FollowerState was interrupted: {}
java.lang.InterruptedException: sleep interrupted
	at java.lang.Thread.sleep(Native Method)
	at org.apache.ratis.util.JavaUtils.sleep(JavaUtils.java:250)
	at org.apache.ratis.server.impl.FollowerState.run(FollowerState.java:116)
2020-12-22 13:10:56,133 [grpc-default-executor-1] INFO  impl.RaftServerImpl (RaftServerImpl.java:requestVote(963)) -  FOLLOWER a9e5f8c8-f1d2-4256-bab8-e403c630398b@group-22EF2DA5B5E3:t2, leader=null, voted=null, raftlog=a9e5f8c8-f1d2-4256-bab8-e403c630398b@group-22EF2DA5B5E3-SegmentedRaftLog:OPENED:c4,f4,i4, conf=0: [630f7d82-7405-430a-acc4-3cca1d2988c7|rpc:172.17.0.2:39527|dataStream:, a9e5f8c8-f1d2-4256-bab8-e403c630398b|rpc:172.17.0.2:36741|dataStream:, d23545be-7951-4ced-9e1c-af6ad8e842b2|rpc:172.17.0.2:35453|dataStream:], old=null RUNNING priority:0 candidate:d23545be-7951-4ced-9e1c-af6ad8e842b2|rpc:172.17.0.2:35453|dataStream: candidatePriority:0 compare:0
2020-12-22 13:10:56,135 [d23545be-7951-4ced-9e1c-af6ad8e842b2@group-22EF2DA5B5E3-LeaderElection16] INFO  impl.LeaderElection (LogUtils.java:infoOrTrace(137)) - d23545be-7951-4ced-9e1c-af6ad8e842b2@group-22EF2DA5B5E3-LeaderElection16 got exception when requesting votes: java.util.concurrent.ExecutionException: org.apache.ratis.thirdparty.io.grpc.StatusRuntimeException: UNAVAILABLE: io exception
2020-12-22 13:10:56,137 [d23545be-7951-4ced-9e1c-af6ad8e842b2@group-22EF2DA5B5E3-LeaderElection16] INFO  impl.LeaderElection (LeaderElection.java:logAndReturn(65)) - d23545be-7951-4ced-9e1c-af6ad8e842b2@group-22EF2DA5B5E3-LeaderElection16: Election PASSED; received 1 response(s) [d23545be-7951-4ced-9e1c-af6ad8e842b2<-a9e5f8c8-f1d2-4256-bab8-e403c630398b#0:OK-t2] and 1 exception(s); d23545be-7951-4ced-9e1c-af6ad8e842b2@group-22EF2DA5B5E3:t2, leader=null, voted=d23545be-7951-4ced-9e1c-af6ad8e842b2, raftlog=d23545be-7951-4ced-9e1c-af6ad8e842b2@group-22EF2DA5B5E3-SegmentedRaftLog:OPENED:c4,f4,i4, conf=0: [630f7d82-7405-430a-acc4-3cca1d2988c7|rpc:172.17.0.2:39527|dataStream:, a9e5f8c8-f1d2-4256-bab8-e403c630398b|rpc:172.17.0.2:36741|dataStream:, d23545be-7951-4ced-9e1c-af6ad8e842b2|rpc:172.17.0.2:35453|dataStream:], old=null
2020-12-22 13:10:56,137 [d23545be-7951-4ced-9e1c-af6ad8e842b2@group-22EF2DA5B5E3-LeaderElection16] INFO  impl.LeaderElection (LogUtils.java:infoOrTrace(137)) -   Exception 0: java.util.concurrent.ExecutionException: org.apache.ratis.thirdparty.io.grpc.StatusRuntimeException: UNAVAILABLE: io exception
2020-12-22 13:10:56,137 [d23545be-7951-4ced-9e1c-af6ad8e842b2@group-22EF2DA5B5E3-LeaderElection16] INFO  impl.RoleInfo (RoleInfo.java:shutdownLeaderElection(134)) - d23545be-7951-4ced-9e1c-af6ad8e842b2: shutdown d23545be-7951-4ced-9e1c-af6ad8e842b2@group-22EF2DA5B5E3-LeaderElection16
2020-12-22 13:10:56,137 [d23545be-7951-4ced-9e1c-af6ad8e842b2@group-22EF2DA5B5E3-LeaderElection16] INFO  impl.RaftServerImpl (RaftServerImpl.java:setRole(204)) - d23545be-7951-4ced-9e1c-af6ad8e842b2@group-22EF2DA5B5E3: changes role from CANDIDATE to LEADER at term 2 for changeToLeader
2020-12-22 13:10:56,137 [d23545be-7951-4ced-9e1c-af6ad8e842b2@group-22EF2DA5B5E3-LeaderElection16] INFO  ratis.XceiverServerRatis (XceiverServerRatis.java:handleLeaderChangedNotification(854)) - Leader change notification received for group: group-22EF2DA5B5E3 with new leaderId: d23545be-7951-4ced-9e1c-af6ad8e842b2
2020-12-22 13:10:56,139 [d23545be-7951-4ced-9e1c-af6ad8e842b2@group-22EF2DA5B5E3-LeaderElection16] INFO  impl.RaftServerImpl (ServerState.java:setLeader(256)) - d23545be-7951-4ced-9e1c-af6ad8e842b2@group-22EF2DA5B5E3: change Leader from null to d23545be-7951-4ced-9e1c-af6ad8e842b2 at term 2 for becomeLeader, leader elected after 23ms
2020-12-22 13:10:56,139 [d23545be-7951-4ced-9e1c-af6ad8e842b2@group-22EF2DA5B5E3-LeaderElection16] INFO  server.RaftServerConfigKeys (ConfUtils.java:logGet(44)) - raft.server.staging.catchup.gap = 1000 (default)
2020-12-22 13:10:56,139 [d23545be-7951-4ced-9e1c-af6ad8e842b2@group-22EF2DA5B5E3-LeaderElection16] INFO  server.RaftServerConfigKeys (ConfUtils.java:logGet(44)) - raft.server.rpc.sleep.time = 25ms (default)
2020-12-22 13:10:56,139 [d23545be-7951-4ced-9e1c-af6ad8e842b2@group-22EF2DA5B5E3-LeaderElection16] INFO  metrics.RatisMetrics (RatisMetrics.java:lambda$create$0(36)) - Creating Metrics Registry : ratis.log_appender.d23545be-7951-4ced-9e1c-af6ad8e842b2@group-22EF2DA5B5E3
2020-12-22 13:10:56,139 [d23545be-7951-4ced-9e1c-af6ad8e842b2@group-22EF2DA5B5E3-LeaderElection16] INFO  server.RaftServerConfigKeys (ConfUtils.java:logGet(44)) - raft.server.write.element-limit = 1024 (custom)
2020-12-22 13:10:56,139 [d23545be-7951-4ced-9e1c-af6ad8e842b2@group-22EF2DA5B5E3-LeaderElection16] INFO  server.RaftServerConfigKeys (ConfUtils.java:logGet(44)) - raft.server.write.byte-limit = 1073741824 (custom)
2020-12-22 13:10:56,140 [d23545be-7951-4ced-9e1c-af6ad8e842b2@group-22EF2DA5B5E3-LeaderElection16] INFO  server.RaftServerConfigKeys (ConfUtils.java:logGet(44)) - raft.server.watch.timeout = 3000ms (custom)
2020-12-22 13:10:56,140 [d23545be-7951-4ced-9e1c-af6ad8e842b2@group-22EF2DA5B5E3-LeaderElection16] INFO  server.RaftServerConfigKeys (ConfUtils.java:logGet(44)) - raft.server.watch.timeout.denomination = 1s (default)
2020-12-22 13:10:56,140 [d23545be-7951-4ced-9e1c-af6ad8e842b2@group-22EF2DA5B5E3-LeaderElection16] INFO  server.RaftServerConfigKeys (ConfUtils.java:logGet(44)) - raft.server.watch.element-limit = 65536 (default)
2020-12-22 13:10:56,140 [d23545be-7951-4ced-9e1c-af6ad8e842b2@group-22EF2DA5B5E3-LeaderElection16] INFO  server.RaftServerConfigKeys (ConfUtils.java:logGet(44)) - raft.server.log.appender.snapshot.chunk.size.max = 16MB (=16777216) (default)
2020-12-22 13:10:56,140 [d23545be-7951-4ced-9e1c-af6ad8e842b2@group-22EF2DA5B5E3-LeaderElection16] INFO  server.RaftServerConfigKeys (ConfUtils.java:logGet(44)) - raft.server.log.appender.buffer.byte-limit = 33554432 (custom)
2020-12-22 13:10:56,140 [d23545be-7951-4ced-9e1c-af6ad8e842b2@group-22EF2DA5B5E3-LeaderElection16] INFO  server.RaftServerConfigKeys (ConfUtils.java:logGet(44)) - raft.server.log.appender.buffer.element-limit = 1 (custom)
2020-12-22 13:10:56,140 [d23545be-7951-4ced-9e1c-af6ad8e842b2@group-22EF2DA5B5E3-LeaderElection16] INFO  grpc.GrpcConfigKeys (ConfUtils.java:logGet(44)) - raft.grpc.server.leader.outstanding.appends.max = 128 (default)
2020-12-22 13:10:56,140 [d23545be-7951-4ced-9e1c-af6ad8e842b2@group-22EF2DA5B5E3-LeaderElection16] INFO  server.RaftServerConfigKeys (ConfUtils.java:logGet(44)) - raft.server.rpc.request.timeout = 3000ms (default)
2020-12-22 13:10:56,140 [d23545be-7951-4ced-9e1c-af6ad8e842b2@group-22EF2DA5B5E3-LeaderElection16] INFO  server.RaftServerConfigKeys (ConfUtils.java:logGet(44)) - raft.server.log.appender.install.snapshot.enabled = false (custom)
2020-12-22 13:10:56,141 [d23545be-7951-4ced-9e1c-af6ad8e842b2@group-22EF2DA5B5E3-LeaderElection16] INFO  metrics.RatisMetrics (RatisMetrics.java:lambda$create$0(36)) - Creating Metrics Registry : ratis_grpc.log_appender.d23545be-7951-4ced-9e1c-af6ad8e842b2@group-22EF2DA5B5E3
2020-12-22 13:10:56,142 [d23545be-7951-4ced-9e1c-af6ad8e842b2@group-22EF2DA5B5E3-LeaderElection16] INFO  server.RaftServerConfigKeys (ConfUtils.java:logGet(44)) - raft.server.log.appender.snapshot.chunk.size.max = 16MB (=16777216) (default)
2020-12-22 13:10:56,142 [d23545be-7951-4ced-9e1c-af6ad8e842b2@group-22EF2DA5B5E3-LeaderElection16] INFO  server.RaftServerConfigKeys (ConfUtils.java:logGet(44)) - raft.server.log.appender.buffer.byte-limit = 33554432 (custom)
2020-12-22 13:10:56,142 [d23545be-7951-4ced-9e1c-af6ad8e842b2@group-22EF2DA5B5E3-LeaderElection16] INFO  server.RaftServerConfigKeys (ConfUtils.java:logGet(44)) - raft.server.log.appender.buffer.element-limit = 1 (custom)
2020-12-22 13:10:56,142 [d23545be-7951-4ced-9e1c-af6ad8e842b2@group-22EF2DA5B5E3-LeaderElection16] INFO  grpc.GrpcConfigKeys (ConfUtils.java:logGet(44)) - raft.grpc.server.leader.outstanding.appends.max = 128 (default)
2020-12-22 13:10:56,143 [d23545be-7951-4ced-9e1c-af6ad8e842b2@group-22EF2DA5B5E3-LeaderElection16] INFO  server.RaftServerConfigKeys (ConfUtils.java:logGet(44)) - raft.server.rpc.request.timeout = 3000ms (default)
2020-12-22 13:10:56,143 [d23545be-7951-4ced-9e1c-af6ad8e842b2@group-22EF2DA5B5E3-LeaderElection16] INFO  server.RaftServerConfigKeys (ConfUtils.java:logGet(44)) - raft.server.log.appender.install.snapshot.enabled = false (custom)
2020-12-22 13:10:56,144 [d23545be-7951-4ced-9e1c-af6ad8e842b2@group-22EF2DA5B5E3-LeaderElection16] INFO  impl.RoleInfo (RoleInfo.java:updateAndGet(143)) - d23545be-7951-4ced-9e1c-af6ad8e842b2: start d23545be-7951-4ced-9e1c-af6ad8e842b2@group-22EF2DA5B5E3-LeaderState
2020-12-22 13:10:56,144 [d23545be-7951-4ced-9e1c-af6ad8e842b2@group-22EF2DA5B5E3-LeaderElection16] INFO  segmented.SegmentedRaftLogWorker (SegmentedRaftLogWorker.java:rollLogSegment(403)) - d23545be-7951-4ced-9e1c-af6ad8e842b2@group-22EF2DA5B5E3-SegmentedRaftLogWorker: Rolling segment log-0_4 to index:4
2020-12-22 13:10:56,146 [d23545be-7951-4ced-9e1c-af6ad8e842b2@group-22EF2DA5B5E3-SegmentedRaftLogWorker] INFO  segmented.SegmentedRaftLogWorker (SegmentedRaftLogWorker.java:execute(554)) - d23545be-7951-4ced-9e1c-af6ad8e842b2@group-22EF2DA5B5E3-SegmentedRaftLogWorker: Rolled log segment from /github/workspace/mnt/ozone/hadoop-ozone/integration-test/target/test-dir/MiniOzoneClusterImpl-0c7722d3-6e51-44b5-a6be-ee21012bb99e/datanode-0/data/ratis/1db8be16-ed77-4592-8cde-22ef2da5b5e3/current/log_inprogress_0 to /github/workspace/mnt/ozone/hadoop-ozone/integration-test/target/test-dir/MiniOzoneClusterImpl-0c7722d3-6e51-44b5-a6be-ee21012bb99e/datanode-0/data/ratis/1db8be16-ed77-4592-8cde-22ef2da5b5e3/current/log_0-4
2020-12-22 13:10:56,155 [d23545be-7951-4ced-9e1c-af6ad8e842b2@group-22EF2DA5B5E3-SegmentedRaftLogWorker] INFO  segmented.SegmentedRaftLogWorker (SegmentedRaftLogWorker.java:execute(597)) - d23545be-7951-4ced-9e1c-af6ad8e842b2@group-22EF2DA5B5E3-SegmentedRaftLogWorker: created new log segment /github/workspace/mnt/ozone/hadoop-ozone/integration-test/target/test-dir/MiniOzoneClusterImpl-0c7722d3-6e51-44b5-a6be-ee21012bb99e/datanode-0/data/ratis/1db8be16-ed77-4592-8cde-22ef2da5b5e3/current/log_inprogress_5
2020-12-22 13:10:56,155 [d23545be-7951-4ced-9e1c-af6ad8e842b2@group-22EF2DA5B5E3-LeaderElection16] INFO  impl.RaftServerImpl (ServerState.java:setRaftConf(374)) - d23545be-7951-4ced-9e1c-af6ad8e842b2@group-22EF2DA5B5E3: set configuration 5: [630f7d82-7405-430a-acc4-3cca1d2988c7|rpc:172.17.0.2:39527|dataStream:, a9e5f8c8-f1d2-4256-bab8-e403c630398b|rpc:172.17.0.2:36741|dataStream:, d23545be-7951-4ced-9e1c-af6ad8e842b2|rpc:172.17.0.2:35453|dataStream:], old=null at 5
2020-12-22 13:10:56,160 [grpc-default-executor-1] WARN  server.GrpcLogAppender (LogUtils.java:warn(122)) - d23545be-7951-4ced-9e1c-af6ad8e842b2@group-22EF2DA5B5E3->630f7d82-7405-430a-acc4-3cca1d2988c7-AppendLogResponseHandler: Failed appendEntries: org.apache.ratis.thirdparty.io.grpc.StatusRuntimeException: UNAVAILABLE: io exception
2020-12-22 13:10:56,163 [grpc-default-executor-1] WARN  server.GrpcLogAppender (GrpcLogAppender.java:resetClient(107)) - d23545be-7951-4ced-9e1c-af6ad8e842b2@group-22EF2DA5B5E3->630f7d82-7405-430a-acc4-3cca1d2988c7-GrpcLogAppender: Leader has not got in touch with Follower d23545be-7951-4ced-9e1c-af6ad8e842b2@group-22EF2DA5B5E3->630f7d82-7405-430a-acc4-3cca1d2988c7(c-1,m0,n6, attendVote=true, lastRpcSendTime=2, lastRpcResponseTime=1222) yet, just keep nextIndex unchanged and retry.
2020-12-22 13:10:56,167 [grpc-default-executor-1] INFO  ratis.XceiverServerRatis (XceiverServerRatis.java:handleLeaderChangedNotification(854)) - Leader change notification received for group: group-22EF2DA5B5E3 with new leaderId: d23545be-7951-4ced-9e1c-af6ad8e842b2
2020-12-22 13:10:56,167 [grpc-default-executor-1] INFO  impl.RaftServerImpl (ServerState.java:setLeader(256)) - a9e5f8c8-f1d2-4256-bab8-e403c630398b@group-22EF2DA5B5E3: change Leader from null to d23545be-7951-4ced-9e1c-af6ad8e842b2 at term 2 for appendEntries, leader elected after 36ms
2020-12-22 13:10:56,168 [grpc-default-executor-1] INFO  impl.RaftServerImpl (ServerState.java:setRaftConf(374)) - a9e5f8c8-f1d2-4256-bab8-e403c630398b@group-22EF2DA5B5E3: set configuration 5: [630f7d82-7405-430a-acc4-3cca1d2988c7|rpc:172.17.0.2:39527|dataStream:, a9e5f8c8-f1d2-4256-bab8-e403c630398b|rpc:172.17.0.2:36741|dataStream:, d23545be-7951-4ced-9e1c-af6ad8e842b2|rpc:172.17.0.2:35453|dataStream:], old=null at 5
2020-12-22 13:10:56,169 [grpc-default-executor-1] INFO  segmented.SegmentedRaftLogWorker (SegmentedRaftLogWorker.java:rollLogSegment(403)) - a9e5f8c8-f1d2-4256-bab8-e403c630398b@group-22EF2DA5B5E3-SegmentedRaftLogWorker: Rolling segment log-0_4 to index:4
2020-12-22 13:10:56,170 [a9e5f8c8-f1d2-4256-bab8-e403c630398b@group-22EF2DA5B5E3-SegmentedRaftLogWorker] INFO  segmented.SegmentedRaftLogWorker (SegmentedRaftLogWorker.java:execute(554)) - a9e5f8c8-f1d2-4256-bab8-e403c630398b@group-22EF2DA5B5E3-SegmentedRaftLogWorker: Rolled log segment from /github/workspace/mnt/ozone/hadoop-ozone/integration-test/target/test-dir/MiniOzoneClusterImpl-0c7722d3-6e51-44b5-a6be-ee21012bb99e/datanode-3/data/ratis/1db8be16-ed77-4592-8cde-22ef2da5b5e3/current/log_inprogress_0 to /github/workspace/mnt/ozone/hadoop-ozone/integration-test/target/test-dir/MiniOzoneClusterImpl-0c7722d3-6e51-44b5-a6be-ee21012bb99e/datanode-3/data/ratis/1db8be16-ed77-4592-8cde-22ef2da5b5e3/current/log_0-4
2020-12-22 13:10:56,171 [a9e5f8c8-f1d2-4256-bab8-e403c630398b@group-22EF2DA5B5E3-SegmentedRaftLogWorker] INFO  segmented.SegmentedRaftLogWorker (SegmentedRaftLogWorker.java:execute(597)) - a9e5f8c8-f1d2-4256-bab8-e403c630398b@group-22EF2DA5B5E3-SegmentedRaftLogWorker: created new log segment /github/workspace/mnt/ozone/hadoop-ozone/integration-test/target/test-dir/MiniOzoneClusterImpl-0c7722d3-6e51-44b5-a6be-ee21012bb99e/datanode-3/data/ratis/1db8be16-ed77-4592-8cde-22ef2da5b5e3/current/log_inprogress_5
2020-12-22 13:10:56,180 [grpc-default-executor-1] WARN  server.GrpcLogAppender (LogUtils.java:warn(122)) - d23545be-7951-4ced-9e1c-af6ad8e842b2@group-22EF2DA5B5E3->630f7d82-7405-430a-acc4-3cca1d2988c7-AppendLogResponseHandler: Failed appendEntries: org.apache.ratis.thirdparty.io.grpc.StatusRuntimeException: UNAVAILABLE: io exception
2020-12-22 13:10:56,181 [grpc-default-executor-1] WARN  server.GrpcLogAppender (GrpcLogAppender.java:resetClient(107)) - d23545be-7951-4ced-9e1c-af6ad8e842b2@group-22EF2DA5B5E3->630f7d82-7405-430a-acc4-3cca1d2988c7-GrpcLogAppender: Leader has not got in touch with Follower d23545be-7951-4ced-9e1c-af6ad8e842b2@group-22EF2DA5B5E3->630f7d82-7405-430a-acc4-3cca1d2988c7(c-1,m0,n7, attendVote=true, lastRpcSendTime=1, lastRpcResponseTime=1241) yet, just keep nextIndex unchanged and retry.
2020-12-22 13:10:56,681 [grpc-default-executor-3] WARN  server.GrpcLogAppender (LogUtils.java:warn(122)) - d23545be-7951-4ced-9e1c-af6ad8e842b2@group-22EF2DA5B5E3->630f7d82-7405-430a-acc4-3cca1d2988c7-AppendLogResponseHandler: Failed appendEntries: org.apache.ratis.thirdparty.io.grpc.StatusRuntimeException: UNAVAILABLE: io exception
2020-12-22 13:10:56,682 [grpc-default-executor-3] WARN  server.GrpcLogAppender (GrpcLogAppender.java:resetClient(107)) - d23545be-7951-4ced-9e1c-af6ad8e842b2@group-22EF2DA5B5E3->630f7d82-7405-430a-acc4-3cca1d2988c7-GrpcLogAppender: Leader has not got in touch with Follower d23545be-7951-4ced-9e1c-af6ad8e842b2@group-22EF2DA5B5E3->630f7d82-7405-430a-acc4-3cca1d2988c7(c-1,m0,n7, attendVote=true, lastRpcSendTime=0, lastRpcResponseTime=1741) yet, just keep nextIndex unchanged and retry.
2020-12-22 13:10:57,182 [grpc-default-executor-2] WARN  server.GrpcLogAppender (LogUtils.java:warn(122)) - d23545be-7951-4ced-9e1c-af6ad8e842b2@group-22EF2DA5B5E3->630f7d82-7405-430a-acc4-3cca1d2988c7-AppendLogResponseHandler: Failed appendEntries: org.apache.ratis.thirdparty.io.grpc.StatusRuntimeException: UNAVAILABLE: io exception
2020-12-22 13:10:57,183 [grpc-default-executor-2] WARN  server.GrpcLogAppender (GrpcLogAppender.java:resetClient(107)) - d23545be-7951-4ced-9e1c-af6ad8e842b2@group-22EF2DA5B5E3->630f7d82-7405-430a-acc4-3cca1d2988c7-GrpcLogAppender: Leader has not got in touch with Follower d23545be-7951-4ced-9e1c-af6ad8e842b2@group-22EF2DA5B5E3->630f7d82-7405-430a-acc4-3cca1d2988c7(c-1,m0,n7, attendVote=true, lastRpcSendTime=0, lastRpcResponseTime=2242) yet, just keep nextIndex unchanged and retry.
2020-12-22 13:10:57,682 [grpc-default-executor-3] WARN  server.GrpcLogAppender (LogUtils.java:warn(122)) - d23545be-7951-4ced-9e1c-af6ad8e842b2@group-22EF2DA5B5E3->630f7d82-7405-430a-acc4-3cca1d2988c7-AppendLogResponseHandler: Failed appendEntries: org.apache.ratis.thirdparty.io.grpc.StatusRuntimeException: UNAVAILABLE: io exception
2020-12-22 13:10:57,683 [grpc-default-executor-3] WARN  server.GrpcLogAppender (GrpcLogAppender.java:resetClient(107)) - d23545be-7951-4ced-9e1c-af6ad8e842b2@group-22EF2DA5B5E3->630f7d82-7405-430a-acc4-3cca1d2988c7-GrpcLogAppender: Leader has not got in touch with Follower d23545be-7951-4ced-9e1c-af6ad8e842b2@group-22EF2DA5B5E3->630f7d82-7405-430a-acc4-3cca1d2988c7(c-1,m0,n7, attendVote=true, lastRpcSendTime=0, lastRpcResponseTime=2743) yet, just keep nextIndex unchanged and retry.
2020-12-22 13:10:58,183 [grpc-default-executor-2] WARN  server.GrpcLogAppender (LogUtils.java:warn(122)) - d23545be-7951-4ced-9e1c-af6ad8e842b2@group-22EF2DA5B5E3->630f7d82-7405-430a-acc4-3cca1d2988c7-AppendLogResponseHandler: Failed appendEntries: org.apache.ratis.thirdparty.io.grpc.StatusRuntimeException: UNAVAILABLE: io exception
2020-12-22 13:10:58,184 [grpc-default-executor-2] WARN  server.GrpcLogAppender (GrpcLogAppender.java:resetClient(107)) - d23545be-7951-4ced-9e1c-af6ad8e842b2@group-22EF2DA5B5E3->630f7d82-7405-430a-acc4-3cca1d2988c7-GrpcLogAppender: Leader has not got in touch with Follower d23545be-7951-4ced-9e1c-af6ad8e842b2@group-22EF2DA5B5E3->630f7d82-7405-430a-acc4-3cca1d2988c7(c-1,m0,n7, attendVote=true, lastRpcSendTime=1, lastRpcResponseTime=3244) yet, just keep nextIndex unchanged and retry.
2020-12-22 13:10:58,684 [grpc-default-executor-2] WARN  server.GrpcLogAppender (LogUtils.java:warn(122)) - d23545be-7951-4ced-9e1c-af6ad8e842b2@group-22EF2DA5B5E3->630f7d82-7405-430a-acc4-3cca1d2988c7-AppendLogResponseHandler: Failed appendEntries: org.apache.ratis.thirdparty.io.grpc.StatusRuntimeException: UNAVAILABLE: io exception
2020-12-22 13:10:58,685 [grpc-default-executor-2] WARN  server.GrpcLogAppender (GrpcLogAppender.java:resetClient(107)) - d23545be-7951-4ced-9e1c-af6ad8e842b2@group-22EF2DA5B5E3->630f7d82-7405-430a-acc4-3cca1d2988c7-GrpcLogAppender: Leader has not got in touch with Follower d23545be-7951-4ced-9e1c-af6ad8e842b2@group-22EF2DA5B5E3->630f7d82-7405-430a-acc4-3cca1d2988c7(c-1,m0,n7, attendVote=true, lastRpcSendTime=0, lastRpcResponseTime=3744) yet, just keep nextIndex unchanged and retry.
2020-12-22 13:10:59,185 [grpc-default-executor-2] WARN  server.GrpcLogAppender (LogUtils.java:warn(122)) - d23545be-7951-4ced-9e1c-af6ad8e842b2@group-22EF2DA5B5E3->630f7d82-7405-430a-acc4-3cca1d2988c7-AppendLogResponseHandler: Failed appendEntries: org.apache.ratis.thirdparty.io.grpc.StatusRuntimeException: UNAVAILABLE: io exception
2020-12-22 13:10:59,186 [grpc-default-executor-2] WARN  server.GrpcLogAppender (GrpcLogAppender.java:resetClient(107)) - d23545be-7951-4ced-9e1c-af6ad8e842b2@group-22EF2DA5B5E3->630f7d82-7405-430a-acc4-3cca1d2988c7-GrpcLogAppender: Leader has not got in touch with Follower d23545be-7951-4ced-9e1c-af6ad8e842b2@group-22EF2DA5B5E3->630f7d82-7405-430a-acc4-3cca1d2988c7(c-1,m0,n7, attendVote=true, lastRpcSendTime=0, lastRpcResponseTime=4245) yet, just keep nextIndex unchanged and retry.
2020-12-22 13:10:59,543 [Listener at 127.0.0.1/34251] INFO  ozoneimpl.OzoneContainer (OzoneContainer.java:stop(257)) - Attempting to stop container services.
2020-12-22 13:10:59,544 [Listener at 127.0.0.1/34251] INFO  impl.RaftServerProxy (RaftServerProxy.java:lambda$close$4(338)) - a9e5f8c8-f1d2-4256-bab8-e403c630398b: close
2020-12-22 13:10:59,544 [Listener at 127.0.0.1/34251] INFO  impl.RaftServerImpl (RaftServerImpl.java:lambda$shutdown$3(328)) - a9e5f8c8-f1d2-4256-bab8-e403c630398b@group-197856EE50CC: shutdown
2020-12-22 13:10:59,544 [Listener at 127.0.0.1/34251] INFO  util.JmxRegister (JmxRegister.java:unregister(73)) - Successfully un-registered JMX Bean with object name Ratis:service=RaftServer,group=group-197856EE50CC,id=a9e5f8c8-f1d2-4256-bab8-e403c630398b
2020-12-22 13:10:59,544 [Listener at 127.0.0.1/34251] INFO  impl.RoleInfo (RoleInfo.java:shutdownFollowerState(121)) - a9e5f8c8-f1d2-4256-bab8-e403c630398b: shutdown a9e5f8c8-f1d2-4256-bab8-e403c630398b@group-197856EE50CC-FollowerState
2020-12-22 13:10:59,545 [Listener at 127.0.0.1/34251] INFO  impl.StateMachineUpdater (StateMachineUpdater.java:stopAndJoin(147)) - a9e5f8c8-f1d2-4256-bab8-e403c630398b@group-197856EE50CC-StateMachineUpdater: set stopIndex = 0
2020-12-22 13:10:59,545 [Thread-324] INFO  impl.FollowerState (FollowerState.java:run(137)) - a9e5f8c8-f1d2-4256-bab8-e403c630398b@group-197856EE50CC-FollowerState was interrupted: {}
java.lang.InterruptedException: sleep interrupted
	at java.lang.Thread.sleep(Native Method)
	at org.apache.ratis.util.JavaUtils.sleep(JavaUtils.java:250)
	at org.apache.ratis.server.impl.FollowerState.run(FollowerState.java:116)
2020-12-22 13:10:59,545 [a9e5f8c8-f1d2-4256-bab8-e403c630398b@group-197856EE50CC-StateMachineUpdater] INFO  ratis.ContainerStateMachine (ContainerStateMachine.java:takeSnapshot(293)) - group-197856EE50CC: Taking a snapshot at:(t:1, i:0) file /github/workspace/mnt/ozone/hadoop-ozone/integration-test/target/test-dir/MiniOzoneClusterImpl-0c7722d3-6e51-44b5-a6be-ee21012bb99e/datanode-3/data/ratis/b3d46aca-819d-4a28-9022-197856ee50cc/sm/snapshot.1_0
2020-12-22 13:10:59,550 [a9e5f8c8-f1d2-4256-bab8-e403c630398b@group-197856EE50CC-StateMachineUpdater] INFO  ratis.ContainerStateMachine (ContainerStateMachine.java:takeSnapshot(304)) - group-197856EE50CC: Finished taking a snapshot at:(t:1, i:0) file:/github/workspace/mnt/ozone/hadoop-ozone/integration-test/target/test-dir/MiniOzoneClusterImpl-0c7722d3-6e51-44b5-a6be-ee21012bb99e/datanode-3/data/ratis/b3d46aca-819d-4a28-9022-197856ee50cc/sm/snapshot.1_0 time:4
2020-12-22 13:10:59,550 [a9e5f8c8-f1d2-4256-bab8-e403c630398b@group-197856EE50CC-StateMachineUpdater] INFO  impl.StateMachineUpdater (StateMachineUpdater.java:takeSnapshot(278)) - a9e5f8c8-f1d2-4256-bab8-e403c630398b@group-197856EE50CC-StateMachineUpdater: Took a snapshot at index 0
2020-12-22 13:10:59,550 [a9e5f8c8-f1d2-4256-bab8-e403c630398b@group-197856EE50CC-StateMachineUpdater] INFO  impl.StateMachineUpdater (StateMachineUpdater.java:lambda$new$0(87)) - a9e5f8c8-f1d2-4256-bab8-e403c630398b@group-197856EE50CC-StateMachineUpdater: snapshotIndex: updateIncreasingly -1 -> 0
2020-12-22 13:10:59,550 [a9e5f8c8-f1d2-4256-bab8-e403c630398b@group-197856EE50CC-StateMachineUpdater] INFO  metrics.RatisMetrics (RatisMetrics.java:unregister(43)) - Unregistering Metrics Registry : ratis.state_machine.a9e5f8c8-f1d2-4256-bab8-e403c630398b@group-197856EE50CC
2020-12-22 13:10:59,550 [Listener at 127.0.0.1/34251] INFO  impl.RaftServerImpl (ServerState.java:close(406)) - a9e5f8c8-f1d2-4256-bab8-e403c630398b@group-197856EE50CC: closes. applyIndex: 0
2020-12-22 13:10:59,550 [a9e5f8c8-f1d2-4256-bab8-e403c630398b@group-197856EE50CC-SegmentedRaftLogWorker] INFO  segmented.SegmentedRaftLogWorker (SegmentedRaftLogWorker.java:run(329)) - a9e5f8c8-f1d2-4256-bab8-e403c630398b@group-197856EE50CC-SegmentedRaftLogWorker was interrupted, exiting. There are 0 tasks remaining in the queue.
2020-12-22 13:10:59,544 [ForkJoinPool.commonPool-worker-1] INFO  impl.RaftServerImpl (RaftServerImpl.java:lambda$shutdown$3(328)) - a9e5f8c8-f1d2-4256-bab8-e403c630398b@group-22EF2DA5B5E3: shutdown
2020-12-22 13:10:59,552 [ForkJoinPool.commonPool-worker-1] INFO  util.JmxRegister (JmxRegister.java:unregister(73)) - Successfully un-registered JMX Bean with object name Ratis:service=RaftServer,group=group-22EF2DA5B5E3,id=a9e5f8c8-f1d2-4256-bab8-e403c630398b
2020-12-22 13:10:59,552 [ForkJoinPool.commonPool-worker-1] INFO  impl.RoleInfo (RoleInfo.java:shutdownFollowerState(121)) - a9e5f8c8-f1d2-4256-bab8-e403c630398b: shutdown a9e5f8c8-f1d2-4256-bab8-e403c630398b@group-22EF2DA5B5E3-FollowerState
2020-12-22 13:10:59,551 [Listener at 127.0.0.1/34251] INFO  segmented.SegmentedRaftLogWorker (SegmentedRaftLogWorker.java:close(235)) - a9e5f8c8-f1d2-4256-bab8-e403c630398b@group-197856EE50CC-SegmentedRaftLogWorker close()
2020-12-22 13:10:59,552 [Thread-561] INFO  impl.FollowerState (FollowerState.java:run(137)) - a9e5f8c8-f1d2-4256-bab8-e403c630398b@group-22EF2DA5B5E3-FollowerState was interrupted: {}
java.lang.InterruptedException: sleep interrupted
	at java.lang.Thread.sleep(Native Method)
	at org.apache.ratis.util.JavaUtils.sleep(JavaUtils.java:250)
	at org.apache.ratis.server.impl.FollowerState.run(FollowerState.java:116)
2020-12-22 13:10:59,553 [Listener at 127.0.0.1/34251] INFO  metrics.RatisMetrics (RatisMetrics.java:unregister(43)) - Unregistering Metrics Registry : ratis.log_worker.a9e5f8c8-f1d2-4256-bab8-e403c630398b@group-197856EE50CC
2020-12-22 13:10:59,554 [a9e5f8c8-f1d2-4256-bab8-e403c630398b@group-22EF2DA5B5E3-StateMachineUpdater] INFO  ratis.ContainerStateMachine (ContainerStateMachine.java:takeSnapshot(293)) - group-22EF2DA5B5E3: Taking a snapshot at:(t:2, i:6) file /github/workspace/mnt/ozone/hadoop-ozone/integration-test/target/test-dir/MiniOzoneClusterImpl-0c7722d3-6e51-44b5-a6be-ee21012bb99e/datanode-3/data/ratis/1db8be16-ed77-4592-8cde-22ef2da5b5e3/sm/snapshot.2_6
2020-12-22 13:10:59,554 [Listener at 127.0.0.1/34251] INFO  metrics.RatisMetrics (RatisMetrics.java:unregister(43)) - Unregistering Metrics Registry : ratis.leader_election.a9e5f8c8-f1d2-4256-bab8-e403c630398b@group-197856EE50CC
2020-12-22 13:10:59,554 [Listener at 127.0.0.1/34251] INFO  metrics.RatisMetrics (RatisMetrics.java:unregister(43)) - Unregistering Metrics Registry : ratis.server.a9e5f8c8-f1d2-4256-bab8-e403c630398b@group-197856EE50CC
2020-12-22 13:10:59,554 [ForkJoinPool.commonPool-worker-1] INFO  impl.StateMachineUpdater (StateMachineUpdater.java:stopAndJoin(147)) - a9e5f8c8-f1d2-4256-bab8-e403c630398b@group-22EF2DA5B5E3-StateMachineUpdater: set stopIndex = 6
2020-12-22 13:10:59,554 [Listener at 127.0.0.1/34251] INFO  impl.RaftServerImpl (RaftServerImpl.java:lambda$shutdown$3(328)) - a9e5f8c8-f1d2-4256-bab8-e403c630398b@group-E4A08ED2FC34: shutdown
2020-12-22 13:10:59,555 [Listener at 127.0.0.1/34251] INFO  util.JmxRegister (JmxRegister.java:unregister(73)) - Successfully un-registered JMX Bean with object name Ratis:service=RaftServer,group=group-E4A08ED2FC34,id=a9e5f8c8-f1d2-4256-bab8-e403c630398b
2020-12-22 13:10:59,555 [Listener at 127.0.0.1/34251] INFO  impl.RoleInfo (RoleInfo.java:shutdownLeaderState(104)) - a9e5f8c8-f1d2-4256-bab8-e403c630398b: shutdown a9e5f8c8-f1d2-4256-bab8-e403c630398b@group-E4A08ED2FC34-LeaderState
2020-12-22 13:10:59,555 [a9e5f8c8-f1d2-4256-bab8-e403c630398b@group-22EF2DA5B5E3-StateMachineUpdater] INFO  ratis.ContainerStateMachine (ContainerStateMachine.java:takeSnapshot(304)) - group-22EF2DA5B5E3: Finished taking a snapshot at:(t:2, i:6) file:/github/workspace/mnt/ozone/hadoop-ozone/integration-test/target/test-dir/MiniOzoneClusterImpl-0c7722d3-6e51-44b5-a6be-ee21012bb99e/datanode-3/data/ratis/1db8be16-ed77-4592-8cde-22ef2da5b5e3/sm/snapshot.2_6 time:1
2020-12-22 13:10:59,555 [Listener at 127.0.0.1/34251] INFO  impl.PendingRequests (PendingRequests.java:sendNotLeaderResponses(250)) - a9e5f8c8-f1d2-4256-bab8-e403c630398b@group-E4A08ED2FC34-PendingRequests: sendNotLeaderResponses
2020-12-22 13:10:59,555 [a9e5f8c8-f1d2-4256-bab8-e403c630398b@group-22EF2DA5B5E3-StateMachineUpdater] INFO  impl.StateMachineUpdater (StateMachineUpdater.java:takeSnapshot(278)) - a9e5f8c8-f1d2-4256-bab8-e403c630398b@group-22EF2DA5B5E3-StateMachineUpdater: Took a snapshot at index 6
2020-12-22 13:10:59,555 [Listener at 127.0.0.1/34251] INFO  metrics.RatisMetrics (RatisMetrics.java:unregister(43)) - Unregistering Metrics Registry : ratis.log_appender.a9e5f8c8-f1d2-4256-bab8-e403c630398b@group-E4A08ED2FC34
2020-12-22 13:10:59,555 [a9e5f8c8-f1d2-4256-bab8-e403c630398b@group-22EF2DA5B5E3-StateMachineUpdater] INFO  impl.StateMachineUpdater (StateMachineUpdater.java:lambda$new$0(87)) - a9e5f8c8-f1d2-4256-bab8-e403c630398b@group-22EF2DA5B5E3-StateMachineUpdater: snapshotIndex: updateIncreasingly -1 -> 6
2020-12-22 13:10:59,556 [Listener at 127.0.0.1/34251] INFO  metrics.RatisMetrics (RatisMetrics.java:unregister(43)) - Unregistering Metrics Registry : ratis.server.a9e5f8c8-f1d2-4256-bab8-e403c630398b@group-E4A08ED2FC34
2020-12-22 13:10:59,556 [a9e5f8c8-f1d2-4256-bab8-e403c630398b@group-22EF2DA5B5E3-StateMachineUpdater] INFO  metrics.RatisMetrics (RatisMetrics.java:unregister(43)) - Unregistering Metrics Registry : ratis.state_machine.a9e5f8c8-f1d2-4256-bab8-e403c630398b@group-22EF2DA5B5E3
2020-12-22 13:10:59,556 [ForkJoinPool.commonPool-worker-1] INFO  impl.RaftServerImpl (ServerState.java:close(406)) - a9e5f8c8-f1d2-4256-bab8-e403c630398b@group-22EF2DA5B5E3: closes. applyIndex: 6
2020-12-22 13:10:59,556 [a9e5f8c8-f1d2-4256-bab8-e403c630398b@group-22EF2DA5B5E3-SegmentedRaftLogWorker] INFO  segmented.SegmentedRaftLogWorker (SegmentedRaftLogWorker.java:run(329)) - a9e5f8c8-f1d2-4256-bab8-e403c630398b@group-22EF2DA5B5E3-SegmentedRaftLogWorker was interrupted, exiting. There are 0 tasks remaining in the queue.
2020-12-22 13:10:59,558 [a9e5f8c8-f1d2-4256-bab8-e403c630398b@group-E4A08ED2FC34-StateMachineUpdater] INFO  ratis.ContainerStateMachine (ContainerStateMachine.java:takeSnapshot(293)) - group-E4A08ED2FC34: Taking a snapshot at:(t:1, i:0) file /github/workspace/mnt/ozone/hadoop-ozone/integration-test/target/test-dir/MiniOzoneClusterImpl-0c7722d3-6e51-44b5-a6be-ee21012bb99e/datanode-3/data/ratis/23567c96-548a-42a1-bd8a-e4a08ed2fc34/sm/snapshot.1_0
2020-12-22 13:10:59,558 [Listener at 127.0.0.1/34251] INFO  impl.StateMachineUpdater (StateMachineUpdater.java:stopAndJoin(147)) - a9e5f8c8-f1d2-4256-bab8-e403c630398b@group-E4A08ED2FC34-StateMachineUpdater: set stopIndex = 0
2020-12-22 13:10:59,558 [a9e5f8c8-f1d2-4256-bab8-e403c630398b@group-E4A08ED2FC34-StateMachineUpdater] INFO  ratis.ContainerStateMachine (ContainerStateMachine.java:takeSnapshot(304)) - group-E4A08ED2FC34: Finished taking a snapshot at:(t:1, i:0) file:/github/workspace/mnt/ozone/hadoop-ozone/integration-test/target/test-dir/MiniOzoneClusterImpl-0c7722d3-6e51-44b5-a6be-ee21012bb99e/datanode-3/data/ratis/23567c96-548a-42a1-bd8a-e4a08ed2fc34/sm/snapshot.1_0 time:1
2020-12-22 13:10:59,559 [a9e5f8c8-f1d2-4256-bab8-e403c630398b@group-E4A08ED2FC34-StateMachineUpdater] INFO  impl.StateMachineUpdater (StateMachineUpdater.java:takeSnapshot(278)) - a9e5f8c8-f1d2-4256-bab8-e403c630398b@group-E4A08ED2FC34-StateMachineUpdater: Took a snapshot at index 0
2020-12-22 13:10:59,559 [a9e5f8c8-f1d2-4256-bab8-e403c630398b@group-E4A08ED2FC34-StateMachineUpdater] INFO  impl.StateMachineUpdater (StateMachineUpdater.java:lambda$new$0(87)) - a9e5f8c8-f1d2-4256-bab8-e403c630398b@group-E4A08ED2FC34-StateMachineUpdater: snapshotIndex: updateIncreasingly -1 -> 0
2020-12-22 13:10:59,559 [a9e5f8c8-f1d2-4256-bab8-e403c630398b@group-E4A08ED2FC34-StateMachineUpdater] INFO  metrics.RatisMetrics (RatisMetrics.java:unregister(43)) - Unregistering Metrics Registry : ratis.state_machine.a9e5f8c8-f1d2-4256-bab8-e403c630398b@group-E4A08ED2FC34
2020-12-22 13:10:59,559 [Listener at 127.0.0.1/34251] INFO  impl.RaftServerImpl (ServerState.java:close(406)) - a9e5f8c8-f1d2-4256-bab8-e403c630398b@group-E4A08ED2FC34: closes. applyIndex: 0
2020-12-22 13:10:59,559 [a9e5f8c8-f1d2-4256-bab8-e403c630398b@group-E4A08ED2FC34-SegmentedRaftLogWorker] INFO  segmented.SegmentedRaftLogWorker (SegmentedRaftLogWorker.java:run(329)) - a9e5f8c8-f1d2-4256-bab8-e403c630398b@group-E4A08ED2FC34-SegmentedRaftLogWorker was interrupted, exiting. There are 0 tasks remaining in the queue.
2020-12-22 13:10:59,560 [ForkJoinPool.commonPool-worker-1] INFO  segmented.SegmentedRaftLogWorker (SegmentedRaftLogWorker.java:close(235)) - a9e5f8c8-f1d2-4256-bab8-e403c630398b@group-22EF2DA5B5E3-SegmentedRaftLogWorker close()
2020-12-22 13:10:59,561 [Listener at 127.0.0.1/34251] INFO  segmented.SegmentedRaftLogWorker (SegmentedRaftLogWorker.java:close(235)) - a9e5f8c8-f1d2-4256-bab8-e403c630398b@group-E4A08ED2FC34-SegmentedRaftLogWorker close()
2020-12-22 13:10:59,563 [ForkJoinPool.commonPool-worker-1] INFO  metrics.RatisMetrics (RatisMetrics.java:unregister(43)) - Unregistering Metrics Registry : ratis.log_worker.a9e5f8c8-f1d2-4256-bab8-e403c630398b@group-22EF2DA5B5E3
2020-12-22 13:10:59,563 [ForkJoinPool.commonPool-worker-1] INFO  metrics.RatisMetrics (RatisMetrics.java:unregister(43)) - Unregistering Metrics Registry : ratis.leader_election.a9e5f8c8-f1d2-4256-bab8-e403c630398b@group-22EF2DA5B5E3
2020-12-22 13:10:59,563 [ForkJoinPool.commonPool-worker-1] INFO  metrics.RatisMetrics (RatisMetrics.java:unregister(43)) - Unregistering Metrics Registry : ratis.server.a9e5f8c8-f1d2-4256-bab8-e403c630398b@group-22EF2DA5B5E3
2020-12-22 13:10:59,563 [Listener at 127.0.0.1/34251] INFO  metrics.RatisMetrics (RatisMetrics.java:unregister(43)) - Unregistering Metrics Registry : ratis.log_worker.a9e5f8c8-f1d2-4256-bab8-e403c630398b@group-E4A08ED2FC34
2020-12-22 13:10:59,564 [Listener at 127.0.0.1/34251] INFO  metrics.RatisMetrics (RatisMetrics.java:unregister(43)) - Unregistering Metrics Registry : ratis.leader_election.a9e5f8c8-f1d2-4256-bab8-e403c630398b@group-E4A08ED2FC34
2020-12-22 13:10:59,564 [Listener at 127.0.0.1/34251] INFO  metrics.RatisMetrics (RatisMetrics.java:unregister(43)) - Unregistering Metrics Registry : ratis.server.a9e5f8c8-f1d2-4256-bab8-e403c630398b@group-E4A08ED2FC34
2020-12-22 13:10:59,564 [Listener at 127.0.0.1/34251] INFO  server.GrpcService (GrpcService.java:closeImpl(184)) - a9e5f8c8-f1d2-4256-bab8-e403c630398b: shutdown server with port 36741 now
2020-12-22 13:10:59,569 [grpc-default-executor-2] WARN  server.GrpcLogAppender (LogUtils.java:warn(122)) - d23545be-7951-4ced-9e1c-af6ad8e842b2@group-22EF2DA5B5E3->a9e5f8c8-f1d2-4256-bab8-e403c630398b-AppendLogResponseHandler: Failed appendEntries: org.apache.ratis.thirdparty.io.grpc.StatusRuntimeException: CANCELLED: HTTP/2 error code: CANCEL
Received Rst Stream
2020-12-22 13:10:59,569 [grpc-default-executor-2] INFO  impl.FollowerInfo (FollowerInfo.java:lambda$new$0(51)) - d23545be-7951-4ced-9e1c-af6ad8e842b2@group-22EF2DA5B5E3->a9e5f8c8-f1d2-4256-bab8-e403c630398b: nextIndex: updateUnconditionally 7 -> 6
2020-12-22 13:10:59,570 [Listener at 127.0.0.1/34251] INFO  server.GrpcService (GrpcService.java:closeImpl(193)) - a9e5f8c8-f1d2-4256-bab8-e403c630398b: shutdown server with port 36741 successfully
2020-12-22 13:10:59,567 [grpc-default-executor-3] WARN  server.GrpcServerProtocolService (LogUtils.java:warn(122)) - a9e5f8c8-f1d2-4256-bab8-e403c630398b: installSnapshot onError, lastRequest: d23545be-7951-4ced-9e1c-af6ad8e842b2->a9e5f8c8-f1d2-4256-bab8-e403c630398b#2-t2, previous=(t:2, i:5), leaderCommit=5, initializing? false, entries: size=1, first=(t:2, i:6), METADATAENTRY(c:5): org.apache.ratis.thirdparty.io.grpc.StatusRuntimeException: CANCELLED: cancelled before receiving half close
2020-12-22 13:10:59,571 [grpc-default-executor-1] WARN  server.GrpcServerProtocolService (LogUtils.java:warn(122)) - a9e5f8c8-f1d2-4256-bab8-e403c630398b: installSnapshot onError, lastRequest: cfc7b2a2-0619-4c85-8419-784b4b9eda1c->a9e5f8c8-f1d2-4256-bab8-e403c630398b#1-t1, previous=(t:0, i:0), leaderCommit=-1, initializing? false, entries: size=1, first=(t:1, i:0), CONFIGURATIONENTRY: org.apache.ratis.thirdparty.io.grpc.StatusRuntimeException: CANCELLED: cancelled before receiving half close
2020-12-22 13:10:59,571 [grpc-default-executor-2] WARN  server.GrpcLogAppender (LogUtils.java:warn(122)) - cfc7b2a2-0619-4c85-8419-784b4b9eda1c@group-197856EE50CC->a9e5f8c8-f1d2-4256-bab8-e403c630398b-AppendLogResponseHandler: Failed appendEntries: org.apache.ratis.thirdparty.io.grpc.StatusRuntimeException: CANCELLED: HTTP/2 error code: CANCEL
Received Rst Stream
2020-12-22 13:10:59,571 [grpc-default-executor-2] WARN  server.GrpcLogAppender (GrpcLogAppender.java:resetClient(107)) - cfc7b2a2-0619-4c85-8419-784b4b9eda1c@group-197856EE50CC->a9e5f8c8-f1d2-4256-bab8-e403c630398b-GrpcLogAppender: Leader has not got in touch with Follower cfc7b2a2-0619-4c85-8419-784b4b9eda1c@group-197856EE50CC->a9e5f8c8-f1d2-4256-bab8-e403c630398b(c0,m0,n1, attendVote=true, lastRpcSendTime=266, lastRpcResponseTime=264) yet, just keep nextIndex unchanged and retry.
2020-12-22 13:10:59,573 [Listener at 127.0.0.1/34251] INFO  utils.BackgroundService (BackgroundService.java:shutdown(132)) - Shutting down service BlockDeletingService
2020-12-22 13:10:59,580 [grpc-default-executor-2] WARN  server.GrpcLogAppender (LogUtils.java:warn(122)) - d23545be-7951-4ced-9e1c-af6ad8e842b2@group-22EF2DA5B5E3->a9e5f8c8-f1d2-4256-bab8-e403c630398b-AppendLogResponseHandler: Failed appendEntries: org.apache.ratis.thirdparty.io.grpc.StatusRuntimeException: UNAVAILABLE: io exception
2020-12-22 13:10:59,580 [grpc-default-executor-2] INFO  impl.FollowerInfo (FollowerInfo.java:lambda$new$0(51)) - d23545be-7951-4ced-9e1c-af6ad8e842b2@group-22EF2DA5B5E3->a9e5f8c8-f1d2-4256-bab8-e403c630398b: nextIndex: updateUnconditionally 7 -> 6
2020-12-22 13:10:59,587 [Listener at 127.0.0.1/34251] INFO  statemachine.DatanodeStateMachine (DatanodeStateMachine.java:stopDaemon(461)) - Ozone container server stopped.
2020-12-22 13:10:59,602 [Listener at 127.0.0.1/34251] INFO  handler.ContextHandler (ContextHandler.java:doStop(1154)) - Stopped o.e.j.w.WebAppContext@7578ceac{hddsDatanode,/,null,STOPPED}{jar:file:/home/user/.m2/repository/org/apache/hadoop/hadoop-hdds-container-service/1.1.0-SNAPSHOT/hadoop-hdds-container-service-1.1.0-SNAPSHOT.jar!/webapps/hddsDatanode}
2020-12-22 13:10:59,602 [Listener at 127.0.0.1/34251] INFO  server.AbstractConnector (AbstractConnector.java:doStop(381)) - Stopped ServerConnector@8c5a3e1{HTTP/1.1, (http/1.1)}{0.0.0.0:0}
2020-12-22 13:10:59,603 [Listener at 127.0.0.1/34251] INFO  server.session (HouseKeeper.java:stopScavenging(149)) - node0 Stopped scavenging
2020-12-22 13:10:59,603 [Listener at 127.0.0.1/34251] INFO  handler.ContextHandler (ContextHandler.java:doStop(1154)) - Stopped o.e.j.s.ServletContextHandler@74f331e2{static,/static,jar:file:/home/user/.m2/repository/org/apache/hadoop/hadoop-hdds-container-service/1.1.0-SNAPSHOT/hadoop-hdds-container-service-1.1.0-SNAPSHOT.jar!/webapps/static,STOPPED}
2020-12-22 13:10:59,603 [Listener at 127.0.0.1/34251] INFO  handler.ContextHandler (ContextHandler.java:doStop(1154)) - Stopped o.e.j.s.ServletContextHandler@2bd1d78b{logs,/logs,file:///github/workspace/mnt/ozone/hadoop-ozone/integration-test/target/log,STOPPED}
2020-12-22 13:10:59,686 [grpc-default-executor-2] WARN  server.GrpcLogAppender (LogUtils.java:warn(122)) - d23545be-7951-4ced-9e1c-af6ad8e842b2@group-22EF2DA5B5E3->630f7d82-7405-430a-acc4-3cca1d2988c7-AppendLogResponseHandler: Failed appendEntries: org.apache.ratis.thirdparty.io.grpc.StatusRuntimeException: UNAVAILABLE: io exception
2020-12-22 13:10:59,687 [grpc-default-executor-2] WARN  server.GrpcLogAppender (GrpcLogAppender.java:resetClient(107)) - d23545be-7951-4ced-9e1c-af6ad8e842b2@group-22EF2DA5B5E3->630f7d82-7405-430a-acc4-3cca1d2988c7-GrpcLogAppender: Leader has not got in touch with Follower d23545be-7951-4ced-9e1c-af6ad8e842b2@group-22EF2DA5B5E3->630f7d82-7405-430a-acc4-3cca1d2988c7(c-1,m0,n7, attendVote=true, lastRpcSendTime=0, lastRpcResponseTime=4746) yet, just keep nextIndex unchanged and retry.
2020-12-22 13:10:59,809 [grpc-default-executor-1] WARN  server.GrpcLogAppender (LogUtils.java:warn(122)) - cfc7b2a2-0619-4c85-8419-784b4b9eda1c@group-197856EE50CC->a9e5f8c8-f1d2-4256-bab8-e403c630398b-AppendLogResponseHandler: Failed appendEntries: org.apache.ratis.thirdparty.io.grpc.StatusRuntimeException: UNAVAILABLE: io exception
2020-12-22 13:10:59,810 [grpc-default-executor-1] WARN  server.GrpcLogAppender (GrpcLogAppender.java:resetClient(107)) - cfc7b2a2-0619-4c85-8419-784b4b9eda1c@group-197856EE50CC->a9e5f8c8-f1d2-4256-bab8-e403c630398b-GrpcLogAppender: Leader has not got in touch with Follower cfc7b2a2-0619-4c85-8419-784b4b9eda1c@group-197856EE50CC->a9e5f8c8-f1d2-4256-bab8-e403c630398b(c0,m0,n1, attendVote=true, lastRpcSendTime=1, lastRpcResponseTime=503) yet, just keep nextIndex unchanged and retry.
2020-12-22 13:11:00,080 [grpc-default-executor-3] WARN  server.GrpcLogAppender (LogUtils.java:warn(122)) - d23545be-7951-4ced-9e1c-af6ad8e842b2@group-22EF2DA5B5E3->a9e5f8c8-f1d2-4256-bab8-e403c630398b-AppendLogResponseHandler: Failed appendEntries: org.apache.ratis.thirdparty.io.grpc.StatusRuntimeException: UNAVAILABLE: io exception
2020-12-22 13:11:00,081 [grpc-default-executor-3] INFO  impl.FollowerInfo (FollowerInfo.java:lambda$new$0(51)) - d23545be-7951-4ced-9e1c-af6ad8e842b2@group-22EF2DA5B5E3->a9e5f8c8-f1d2-4256-bab8-e403c630398b: nextIndex: updateUnconditionally 7 -> 6
2020-12-22 13:11:00,187 [grpc-default-executor-3] WARN  server.GrpcLogAppender (LogUtils.java:warn(122)) - d23545be-7951-4ced-9e1c-af6ad8e842b2@group-22EF2DA5B5E3->630f7d82-7405-430a-acc4-3cca1d2988c7-AppendLogResponseHandler: Failed appendEntries: org.apache.ratis.thirdparty.io.grpc.StatusRuntimeException: UNAVAILABLE: io exception
2020-12-22 13:11:00,188 [grpc-default-executor-3] WARN  server.GrpcLogAppender (GrpcLogAppender.java:resetClient(107)) - d23545be-7951-4ced-9e1c-af6ad8e842b2@group-22EF2DA5B5E3->630f7d82-7405-430a-acc4-3cca1d2988c7-GrpcLogAppender: Leader has not got in touch with Follower d23545be-7951-4ced-9e1c-af6ad8e842b2@group-22EF2DA5B5E3->630f7d82-7405-430a-acc4-3cca1d2988c7(c-1,m0,n7, attendVote=true, lastRpcSendTime=0, lastRpcResponseTime=5247) yet, just keep nextIndex unchanged and retry.
2020-12-22 13:11:00,309 [grpc-default-executor-3] WARN  server.GrpcLogAppender (LogUtils.java:warn(122)) - cfc7b2a2-0619-4c85-8419-784b4b9eda1c@group-197856EE50CC->a9e5f8c8-f1d2-4256-bab8-e403c630398b-AppendLogResponseHandler: Failed appendEntries: org.apache.ratis.thirdparty.io.grpc.StatusRuntimeException: UNAVAILABLE: io exception
2020-12-22 13:11:00,310 [grpc-default-executor-3] WARN  server.GrpcLogAppender (GrpcLogAppender.java:resetClient(107)) - cfc7b2a2-0619-4c85-8419-784b4b9eda1c@group-197856EE50CC->a9e5f8c8-f1d2-4256-bab8-e403c630398b-GrpcLogAppender: Leader has not got in touch with Follower cfc7b2a2-0619-4c85-8419-784b4b9eda1c@group-197856EE50CC->a9e5f8c8-f1d2-4256-bab8-e403c630398b(c0,m0,n1, attendVote=true, lastRpcSendTime=0, lastRpcResponseTime=1003) yet, just keep nextIndex unchanged and retry.
2020-12-22 13:11:00,580 [grpc-default-executor-2] WARN  server.GrpcLogAppender (LogUtils.java:warn(122)) - d23545be-7951-4ced-9e1c-af6ad8e842b2@group-22EF2DA5B5E3->a9e5f8c8-f1d2-4256-bab8-e403c630398b-AppendLogResponseHandler: Failed appendEntries: org.apache.ratis.thirdparty.io.grpc.StatusRuntimeException: UNAVAILABLE: io exception
2020-12-22 13:11:00,581 [grpc-default-executor-2] INFO  impl.FollowerInfo (FollowerInfo.java:lambda$new$0(51)) - d23545be-7951-4ced-9e1c-af6ad8e842b2@group-22EF2DA5B5E3->a9e5f8c8-f1d2-4256-bab8-e403c630398b: nextIndex: updateUnconditionally 7 -> 6
2020-12-22 13:11:00,688 [grpc-default-executor-2] WARN  server.GrpcLogAppender (LogUtils.java:warn(122)) - d23545be-7951-4ced-9e1c-af6ad8e842b2@group-22EF2DA5B5E3->630f7d82-7405-430a-acc4-3cca1d2988c7-AppendLogResponseHandler: Failed appendEntries: org.apache.ratis.thirdparty.io.grpc.StatusRuntimeException: UNAVAILABLE: io exception
2020-12-22 13:11:00,689 [grpc-default-executor-2] WARN  server.GrpcLogAppender (GrpcLogAppender.java:resetClient(107)) - d23545be-7951-4ced-9e1c-af6ad8e842b2@group-22EF2DA5B5E3->630f7d82-7405-430a-acc4-3cca1d2988c7-GrpcLogAppender: Leader has not got in touch with Follower d23545be-7951-4ced-9e1c-af6ad8e842b2@group-22EF2DA5B5E3->630f7d82-7405-430a-acc4-3cca1d2988c7(c-1,m0,n7, attendVote=true, lastRpcSendTime=1, lastRpcResponseTime=5749) yet, just keep nextIndex unchanged and retry.
2020-12-22 13:11:00,809 [grpc-default-executor-2] WARN  server.GrpcLogAppender (LogUtils.java:warn(122)) - cfc7b2a2-0619-4c85-8419-784b4b9eda1c@group-197856EE50CC->a9e5f8c8-f1d2-4256-bab8-e403c630398b-AppendLogResponseHandler: Failed appendEntries: org.apache.ratis.thirdparty.io.grpc.StatusRuntimeException: UNAVAILABLE: io exception
2020-12-22 13:11:00,810 [grpc-default-executor-2] WARN  server.GrpcLogAppender (GrpcLogAppender.java:resetClient(107)) - cfc7b2a2-0619-4c85-8419-784b4b9eda1c@group-197856EE50CC->a9e5f8c8-f1d2-4256-bab8-e403c630398b-GrpcLogAppender: Leader has not got in touch with Follower cfc7b2a2-0619-4c85-8419-784b4b9eda1c@group-197856EE50CC->a9e5f8c8-f1d2-4256-bab8-e403c630398b(c0,m0,n1, attendVote=true, lastRpcSendTime=1, lastRpcResponseTime=1504) yet, just keep nextIndex unchanged and retry.
2020-12-22 13:11:00,991 [Thread-562] WARN  impl.RaftServerImpl (LeaderState.java:checkLeadership(905)) - d23545be-7951-4ced-9e1c-af6ad8e842b2@group-22EF2DA5B5E3-LeaderState: Lost leadership on term: 2. Election timeout: 1200ms. In charge for: 4853ms. Conf: 5: [630f7d82-7405-430a-acc4-3cca1d2988c7|rpc:172.17.0.2:39527|dataStream:, a9e5f8c8-f1d2-4256-bab8-e403c630398b|rpc:172.17.0.2:36741|dataStream:, d23545be-7951-4ced-9e1c-af6ad8e842b2|rpc:172.17.0.2:35453|dataStream:], old=null
2020-12-22 13:11:00,992 [Thread-562] WARN  impl.RaftServerImpl (LeaderState.java:lambda$checkLeadership$20(909)) - Follower d23545be-7951-4ced-9e1c-af6ad8e842b2@group-22EF2DA5B5E3->630f7d82-7405-430a-acc4-3cca1d2988c7(c-1,m0,n7, attendVote=true, lastRpcSendTime=303, lastRpcResponseTime=6051)
2020-12-22 13:11:00,992 [Thread-562] WARN  impl.RaftServerImpl (LeaderState.java:lambda$checkLeadership$20(909)) - Follower d23545be-7951-4ced-9e1c-af6ad8e842b2@group-22EF2DA5B5E3->a9e5f8c8-f1d2-4256-bab8-e403c630398b(c6,m6,n6, attendVote=true, lastRpcSendTime=411, lastRpcResponseTime=1789)
2020-12-22 13:11:00,992 [Thread-562] INFO  impl.RaftServerImpl (RaftServerImpl.java:setRole(204)) - d23545be-7951-4ced-9e1c-af6ad8e842b2@group-22EF2DA5B5E3: changes role from    LEADER to FOLLOWER at term 2 for StepDownReason:LOST_MAJORITY_HEARTBEATS
2020-12-22 13:11:00,992 [Thread-562] INFO  impl.RoleInfo (RoleInfo.java:shutdownLeaderState(104)) - d23545be-7951-4ced-9e1c-af6ad8e842b2: shutdown d23545be-7951-4ced-9e1c-af6ad8e842b2@group-22EF2DA5B5E3-LeaderState
2020-12-22 13:11:00,992 [Thread-562] INFO  metrics.RatisMetrics (RatisMetrics.java:unregister(43)) - Unregistering Metrics Registry : ratis_grpc.log_appender.d23545be-7951-4ced-9e1c-af6ad8e842b2@group-22EF2DA5B5E3
2020-12-22 13:11:00,992 [Thread-562] INFO  metrics.RatisMetrics (RatisMetrics.java:unregister(43)) - Unregistering Metrics Registry : ratis_grpc.log_appender.d23545be-7951-4ced-9e1c-af6ad8e842b2@group-22EF2DA5B5E3
2020-12-22 13:11:00,992 [org.apache.ratis.server.impl.LogAppender$AppenderDaemon$$Lambda$462/536690988@6d84f91c] WARN  server.GrpcLogAppender (GrpcLogAppender.java:mayWait(168)) - d23545be-7951-4ced-9e1c-af6ad8e842b2@group-22EF2DA5B5E3->a9e5f8c8-f1d2-4256-bab8-e403c630398b-GrpcLogAppender: Wait interrupted by java.lang.InterruptedException
2020-12-22 13:11:00,992 [org.apache.ratis.server.impl.LogAppender$AppenderDaemon$$Lambda$462/536690988@772b5463] WARN  server.GrpcLogAppender (GrpcLogAppender.java:mayWait(168)) - d23545be-7951-4ced-9e1c-af6ad8e842b2@group-22EF2DA5B5E3->630f7d82-7405-430a-acc4-3cca1d2988c7-GrpcLogAppender: Wait interrupted by java.lang.InterruptedException
2020-12-22 13:11:00,994 [org.apache.ratis.server.JvmPauseMonitor@61f7d7f2-Monitor] WARN  server.JvmPauseMonitor (JvmPauseMonitor.java:run(141)) - Detected pause in JVM or host machine (eg GC): pause of approximately 1ms
GC pool 'PS MarkSweep' had collection(s): count=1 time=153ms
GC pool 'PS Scavenge' had collection(s): count=3 time=75ms
2020-12-22 13:11:00,994 [Thread-562] INFO  impl.PendingRequests (PendingRequests.java:sendNotLeaderResponses(250)) - d23545be-7951-4ced-9e1c-af6ad8e842b2@group-22EF2DA5B5E3-PendingRequests: sendNotLeaderResponses
2020-12-22 13:11:00,995 [Thread-562] INFO  metrics.RatisMetrics (RatisMetrics.java:unregister(43)) - Unregistering Metrics Registry : ratis.log_appender.d23545be-7951-4ced-9e1c-af6ad8e842b2@group-22EF2DA5B5E3
2020-12-22 13:11:00,995 [Thread-562] INFO  metrics.RatisMetrics (RatisMetrics.java:unregister(43)) - Unregistering Metrics Registry : ratis.server.d23545be-7951-4ced-9e1c-af6ad8e842b2@group-22EF2DA5B5E3
2020-12-22 13:11:00,995 [Thread-562] INFO  impl.RoleInfo (RoleInfo.java:updateAndGet(143)) - d23545be-7951-4ced-9e1c-af6ad8e842b2: start d23545be-7951-4ced-9e1c-af6ad8e842b2@group-22EF2DA5B5E3-FollowerState
2020-12-22 13:11:01,310 [grpc-default-executor-2] WARN  server.GrpcLogAppender (LogUtils.java:warn(122)) - cfc7b2a2-0619-4c85-8419-784b4b9eda1c@group-197856EE50CC->a9e5f8c8-f1d2-4256-bab8-e403c630398b-AppendLogResponseHandler: Failed appendEntries: org.apache.ratis.thirdparty.io.grpc.StatusRuntimeException: UNAVAILABLE: io exception
2020-12-22 13:11:01,311 [grpc-default-executor-2] WARN  server.GrpcLogAppender (GrpcLogAppender.java:resetClient(107)) - cfc7b2a2-0619-4c85-8419-784b4b9eda1c@group-197856EE50CC->a9e5f8c8-f1d2-4256-bab8-e403c630398b-GrpcLogAppender: Leader has not got in touch with Follower cfc7b2a2-0619-4c85-8419-784b4b9eda1c@group-197856EE50CC->a9e5f8c8-f1d2-4256-bab8-e403c630398b(c0,m0,n1, attendVote=true, lastRpcSendTime=0, lastRpcResponseTime=2004) yet, just keep nextIndex unchanged and retry.
2020-12-22 13:11:01,811 [grpc-default-executor-1] WARN  server.GrpcLogAppender (LogUtils.java:warn(122)) - cfc7b2a2-0619-4c85-8419-784b4b9eda1c@group-197856EE50CC->a9e5f8c8-f1d2-4256-bab8-e403c630398b-AppendLogResponseHandler: Failed appendEntries: org.apache.ratis.thirdparty.io.grpc.StatusRuntimeException: UNAVAILABLE: io exception
2020-12-22 13:11:01,812 [grpc-default-executor-1] WARN  server.GrpcLogAppender (GrpcLogAppender.java:resetClient(107)) - cfc7b2a2-0619-4c85-8419-784b4b9eda1c@group-197856EE50CC->a9e5f8c8-f1d2-4256-bab8-e403c630398b-GrpcLogAppender: Leader has not got in touch with Follower cfc7b2a2-0619-4c85-8419-784b4b9eda1c@group-197856EE50CC->a9e5f8c8-f1d2-4256-bab8-e403c630398b(c0,m0,n1, attendVote=true, lastRpcSendTime=1, lastRpcResponseTime=2505) yet, just keep nextIndex unchanged and retry.
2020-12-22 13:11:02,069 [Thread-628] INFO  impl.FollowerState (FollowerState.java:lostMajorityHeartbeatsRecently(105)) - d23545be-7951-4ced-9e1c-af6ad8e842b2@group-22EF2DA5B5E3-FollowerState: Skipping leader election since it stepped down recently (elapsed = 1073ms < waitTime = 10s)
2020-12-22 13:11:02,313 [grpc-default-executor-2] WARN  server.GrpcLogAppender (LogUtils.java:warn(122)) - cfc7b2a2-0619-4c85-8419-784b4b9eda1c@group-197856EE50CC->a9e5f8c8-f1d2-4256-bab8-e403c630398b-AppendLogResponseHandler: Failed appendEntries: org.apache.ratis.thirdparty.io.grpc.StatusRuntimeException: UNAVAILABLE: io exception
2020-12-22 13:11:02,314 [grpc-default-executor-2] WARN  server.GrpcLogAppender (GrpcLogAppender.java:resetClient(107)) - cfc7b2a2-0619-4c85-8419-784b4b9eda1c@group-197856EE50CC->a9e5f8c8-f1d2-4256-bab8-e403c630398b-GrpcLogAppender: Leader has not got in touch with Follower cfc7b2a2-0619-4c85-8419-784b4b9eda1c@group-197856EE50CC->a9e5f8c8-f1d2-4256-bab8-e403c630398b(c0,m0,n1, attendVote=true, lastRpcSendTime=1, lastRpcResponseTime=3007) yet, just keep nextIndex unchanged and retry.
2020-12-22 13:11:02,814 [grpc-default-executor-2] WARN  server.GrpcLogAppender (LogUtils.java:warn(122)) - cfc7b2a2-0619-4c85-8419-784b4b9eda1c@group-197856EE50CC->a9e5f8c8-f1d2-4256-bab8-e403c630398b-AppendLogResponseHandler: Failed appendEntries: org.apache.ratis.thirdparty.io.grpc.StatusRuntimeException: UNAVAILABLE: io exception
2020-12-22 13:11:02,815 [grpc-default-executor-2] WARN  server.GrpcLogAppender (GrpcLogAppender.java:resetClient(107)) - cfc7b2a2-0619-4c85-8419-784b4b9eda1c@group-197856EE50CC->a9e5f8c8-f1d2-4256-bab8-e403c630398b-GrpcLogAppender: Leader has not got in touch with Follower cfc7b2a2-0619-4c85-8419-784b4b9eda1c@group-197856EE50CC->a9e5f8c8-f1d2-4256-bab8-e403c630398b(c0,m0,n1, attendVote=true, lastRpcSendTime=1, lastRpcResponseTime=3508) yet, just keep nextIndex unchanged and retry.
2020-12-22 13:11:03,214 [Thread-628] INFO  impl.FollowerState (FollowerState.java:lostMajorityHeartbeatsRecently(105)) - d23545be-7951-4ced-9e1c-af6ad8e842b2@group-22EF2DA5B5E3-FollowerState: Skipping leader election since it stepped down recently (elapsed = 2218ms < waitTime = 10s)
2020-12-22 13:11:03,315 [grpc-default-executor-2] WARN  server.GrpcLogAppender (LogUtils.java:warn(122)) - cfc7b2a2-0619-4c85-8419-784b4b9eda1c@group-197856EE50CC->a9e5f8c8-f1d2-4256-bab8-e403c630398b-AppendLogResponseHandler: Failed appendEntries: org.apache.ratis.thirdparty.io.grpc.StatusRuntimeException: UNAVAILABLE: io exception
2020-12-22 13:11:03,316 [grpc-default-executor-2] WARN  server.GrpcLogAppender (GrpcLogAppender.java:resetClient(107)) - cfc7b2a2-0619-4c85-8419-784b4b9eda1c@group-197856EE50CC->a9e5f8c8-f1d2-4256-bab8-e403c630398b-GrpcLogAppender: Leader has not got in touch with Follower cfc7b2a2-0619-4c85-8419-784b4b9eda1c@group-197856EE50CC->a9e5f8c8-f1d2-4256-bab8-e403c630398b(c0,m0,n1, attendVote=true, lastRpcSendTime=0, lastRpcResponseTime=4009) yet, just keep nextIndex unchanged and retry.
2020-12-22 13:11:03,816 [grpc-default-executor-2] WARN  server.GrpcLogAppender (LogUtils.java:warn(122)) - cfc7b2a2-0619-4c85-8419-784b4b9eda1c@group-197856EE50CC->a9e5f8c8-f1d2-4256-bab8-e403c630398b-AppendLogResponseHandler: Failed appendEntries: org.apache.ratis.thirdparty.io.grpc.StatusRuntimeException: UNAVAILABLE: io exception
2020-12-22 13:11:03,817 [grpc-default-executor-2] WARN  server.GrpcLogAppender (GrpcLogAppender.java:resetClient(107)) - cfc7b2a2-0619-4c85-8419-784b4b9eda1c@group-197856EE50CC->a9e5f8c8-f1d2-4256-bab8-e403c630398b-GrpcLogAppender: Leader has not got in touch with Follower cfc7b2a2-0619-4c85-8419-784b4b9eda1c@group-197856EE50CC->a9e5f8c8-f1d2-4256-bab8-e403c630398b(c0,m0,n1, attendVote=true, lastRpcSendTime=0, lastRpcResponseTime=4510) yet, just keep nextIndex unchanged and retry.
2020-12-22 13:11:04,318 [grpc-default-executor-1] WARN  server.GrpcLogAppender (LogUtils.java:warn(122)) - cfc7b2a2-0619-4c85-8419-784b4b9eda1c@group-197856EE50CC->a9e5f8c8-f1d2-4256-bab8-e403c630398b-AppendLogResponseHandler: Failed appendEntries: org.apache.ratis.thirdparty.io.grpc.StatusRuntimeException: UNAVAILABLE: io exception
2020-12-22 13:11:04,318 [grpc-default-executor-1] WARN  server.GrpcLogAppender (GrpcLogAppender.java:resetClient(107)) - cfc7b2a2-0619-4c85-8419-784b4b9eda1c@group-197856EE50CC->a9e5f8c8-f1d2-4256-bab8-e403c630398b-GrpcLogAppender: Leader has not got in touch with Follower cfc7b2a2-0619-4c85-8419-784b4b9eda1c@group-197856EE50CC->a9e5f8c8-f1d2-4256-bab8-e403c630398b(c0,m0,n1, attendVote=true, lastRpcSendTime=0, lastRpcResponseTime=5012) yet, just keep nextIndex unchanged and retry.
2020-12-22 13:11:04,360 [Thread-628] INFO  impl.FollowerState (FollowerState.java:lostMajorityHeartbeatsRecently(105)) - d23545be-7951-4ced-9e1c-af6ad8e842b2@group-22EF2DA5B5E3-FollowerState: Skipping leader election since it stepped down recently (elapsed = 3365ms < waitTime = 10s)
2020-12-22 13:11:04,818 [grpc-default-executor-1] WARN  server.GrpcLogAppender (LogUtils.java:warn(122)) - cfc7b2a2-0619-4c85-8419-784b4b9eda1c@group-197856EE50CC->a9e5f8c8-f1d2-4256-bab8-e403c630398b-AppendLogResponseHandler: Failed appendEntries: org.apache.ratis.thirdparty.io.grpc.StatusRuntimeException: UNAVAILABLE: io exception
2020-12-22 13:11:04,819 [grpc-default-executor-1] WARN  server.GrpcLogAppender (GrpcLogAppender.java:resetClient(107)) - cfc7b2a2-0619-4c85-8419-784b4b9eda1c@group-197856EE50CC->a9e5f8c8-f1d2-4256-bab8-e403c630398b-GrpcLogAppender: Leader has not got in touch with Follower cfc7b2a2-0619-4c85-8419-784b4b9eda1c@group-197856EE50CC->a9e5f8c8-f1d2-4256-bab8-e403c630398b(c0,m0,n1, attendVote=true, lastRpcSendTime=0, lastRpcResponseTime=5512) yet, just keep nextIndex unchanged and retry.
2020-12-22 13:11:05,320 [grpc-default-executor-2] WARN  server.GrpcLogAppender (LogUtils.java:warn(122)) - cfc7b2a2-0619-4c85-8419-784b4b9eda1c@group-197856EE50CC->a9e5f8c8-f1d2-4256-bab8-e403c630398b-AppendLogResponseHandler: Failed appendEntries: org.apache.ratis.thirdparty.io.grpc.StatusRuntimeException: UNAVAILABLE: io exception
2020-12-22 13:11:05,320 [grpc-default-executor-2] WARN  server.GrpcLogAppender (GrpcLogAppender.java:resetClient(107)) - cfc7b2a2-0619-4c85-8419-784b4b9eda1c@group-197856EE50CC->a9e5f8c8-f1d2-4256-bab8-e403c630398b-GrpcLogAppender: Leader has not got in touch with Follower cfc7b2a2-0619-4c85-8419-784b4b9eda1c@group-197856EE50CC->a9e5f8c8-f1d2-4256-bab8-e403c630398b(c0,m0,n1, attendVote=true, lastRpcSendTime=0, lastRpcResponseTime=6014) yet, just keep nextIndex unchanged and retry.
2020-12-22 13:11:05,498 [Thread-628] INFO  impl.FollowerState (FollowerState.java:lostMajorityHeartbeatsRecently(105)) - d23545be-7951-4ced-9e1c-af6ad8e842b2@group-22EF2DA5B5E3-FollowerState: Skipping leader election since it stepped down recently (elapsed = 4502ms < waitTime = 10s)
2020-12-22 13:11:05,577 [java.util.concurrent.ThreadPoolExecutor$Worker@60e6d41b[State = -1, empty queue]] INFO  metrics.RatisMetrics (RatisMetrics.java:lambda$create$0(36)) - Creating Metrics Registry : ratis.client_message_metrics.client-96FC214F6796->a9e5f8c8-f1d2-4256-bab8-e403c630398b
2020-12-22 13:11:05,820 [grpc-default-executor-1] WARN  server.GrpcLogAppender (LogUtils.java:warn(122)) - cfc7b2a2-0619-4c85-8419-784b4b9eda1c@group-197856EE50CC->a9e5f8c8-f1d2-4256-bab8-e403c630398b-AppendLogResponseHandler: Failed appendEntries: org.apache.ratis.thirdparty.io.grpc.StatusRuntimeException: UNAVAILABLE: io exception
2020-12-22 13:11:05,821 [grpc-default-executor-1] WARN  server.GrpcLogAppender (GrpcLogAppender.java:resetClient(107)) - cfc7b2a2-0619-4c85-8419-784b4b9eda1c@group-197856EE50CC->a9e5f8c8-f1d2-4256-bab8-e403c630398b-GrpcLogAppender: Leader has not got in touch with Follower cfc7b2a2-0619-4c85-8419-784b4b9eda1c@group-197856EE50CC->a9e5f8c8-f1d2-4256-bab8-e403c630398b(c0,m0,n1, attendVote=true, lastRpcSendTime=0, lastRpcResponseTime=6514) yet, just keep nextIndex unchanged and retry.
2020-12-22 13:11:06,321 [grpc-default-executor-3] WARN  server.GrpcLogAppender (LogUtils.java:warn(122)) - cfc7b2a2-0619-4c85-8419-784b4b9eda1c@group-197856EE50CC->a9e5f8c8-f1d2-4256-bab8-e403c630398b-AppendLogResponseHandler: Failed appendEntries: org.apache.ratis.thirdparty.io.grpc.StatusRuntimeException: UNAVAILABLE: io exception
2020-12-22 13:11:06,322 [grpc-default-executor-3] WARN  server.GrpcLogAppender (GrpcLogAppender.java:resetClient(107)) - cfc7b2a2-0619-4c85-8419-784b4b9eda1c@group-197856EE50CC->a9e5f8c8-f1d2-4256-bab8-e403c630398b-GrpcLogAppender: Leader has not got in touch with Follower cfc7b2a2-0619-4c85-8419-784b4b9eda1c@group-197856EE50CC->a9e5f8c8-f1d2-4256-bab8-e403c630398b(c0,m0,n1, attendVote=true, lastRpcSendTime=0, lastRpcResponseTime=7015) yet, just keep nextIndex unchanged and retry.
2020-12-22 13:11:06,552 [Thread-628] INFO  impl.FollowerState (FollowerState.java:lostMajorityHeartbeatsRecently(105)) - d23545be-7951-4ced-9e1c-af6ad8e842b2@group-22EF2DA5B5E3-FollowerState: Skipping leader election since it stepped down recently (elapsed = 5556ms < waitTime = 10s)
2020-12-22 13:11:06,822 [grpc-default-executor-3] WARN  server.GrpcLogAppender (LogUtils.java:warn(122)) - cfc7b2a2-0619-4c85-8419-784b4b9eda1c@group-197856EE50CC->a9e5f8c8-f1d2-4256-bab8-e403c630398b-AppendLogResponseHandler: Failed appendEntries: org.apache.ratis.thirdparty.io.grpc.StatusRuntimeException: UNAVAILABLE: io exception
2020-12-22 13:11:06,823 [grpc-default-executor-3] WARN  server.GrpcLogAppender (GrpcLogAppender.java:resetClient(107)) - cfc7b2a2-0619-4c85-8419-784b4b9eda1c@group-197856EE50CC->a9e5f8c8-f1d2-4256-bab8-e403c630398b-GrpcLogAppender: Leader has not got in touch with Follower cfc7b2a2-0619-4c85-8419-784b4b9eda1c@group-197856EE50CC->a9e5f8c8-f1d2-4256-bab8-e403c630398b(c0,m0,n1, attendVote=true, lastRpcSendTime=0, lastRpcResponseTime=7516) yet, just keep nextIndex unchanged and retry.
2020-12-22 13:11:07,323 [grpc-default-executor-3] WARN  server.GrpcLogAppender (LogUtils.java:warn(122)) - cfc7b2a2-0619-4c85-8419-784b4b9eda1c@group-197856EE50CC->a9e5f8c8-f1d2-4256-bab8-e403c630398b-AppendLogResponseHandler: Failed appendEntries: org.apache.ratis.thirdparty.io.grpc.StatusRuntimeException: UNAVAILABLE: io exception
2020-12-22 13:11:07,324 [grpc-default-executor-3] WARN  server.GrpcLogAppender (GrpcLogAppender.java:resetClient(107)) - cfc7b2a2-0619-4c85-8419-784b4b9eda1c@group-197856EE50CC->a9e5f8c8-f1d2-4256-bab8-e403c630398b-GrpcLogAppender: Leader has not got in touch with Follower cfc7b2a2-0619-4c85-8419-784b4b9eda1c@group-197856EE50CC->a9e5f8c8-f1d2-4256-bab8-e403c630398b(c0,m0,n1, attendVote=true, lastRpcSendTime=0, lastRpcResponseTime=8017) yet, just keep nextIndex unchanged and retry.
2020-12-22 13:11:07,584 [Thread-628] INFO  impl.FollowerState (FollowerState.java:lostMajorityHeartbeatsRecently(105)) - d23545be-7951-4ced-9e1c-af6ad8e842b2@group-22EF2DA5B5E3-FollowerState: Skipping leader election since it stepped down recently (elapsed = 6588ms < waitTime = 10s)
2020-12-22 13:11:07,652 [org.apache.ratis.server.JvmPauseMonitor@275e2ed5-Monitor] WARN  server.JvmPauseMonitor (JvmPauseMonitor.java:run(141)) - Detected pause in JVM or host machine (eg GC): pause of approximately 32ms
GC pool 'PS MarkSweep' had collection(s): count=1 time=153ms
GC pool 'PS Scavenge' had collection(s): count=4 time=139ms
2020-12-22 13:11:07,824 [grpc-default-executor-3] WARN  server.GrpcLogAppender (LogUtils.java:warn(122)) - cfc7b2a2-0619-4c85-8419-784b4b9eda1c@group-197856EE50CC->a9e5f8c8-f1d2-4256-bab8-e403c630398b-AppendLogResponseHandler: Failed appendEntries: org.apache.ratis.thirdparty.io.grpc.StatusRuntimeException: UNAVAILABLE: io exception
2020-12-22 13:11:07,825 [grpc-default-executor-3] WARN  server.GrpcLogAppender (GrpcLogAppender.java:resetClient(107)) - cfc7b2a2-0619-4c85-8419-784b4b9eda1c@group-197856EE50CC->a9e5f8c8-f1d2-4256-bab8-e403c630398b-GrpcLogAppender: Leader has not got in touch with Follower cfc7b2a2-0619-4c85-8419-784b4b9eda1c@group-197856EE50CC->a9e5f8c8-f1d2-4256-bab8-e403c630398b(c0,m0,n1, attendVote=true, lastRpcSendTime=0, lastRpcResponseTime=8518) yet, just keep nextIndex unchanged and retry.
2020-12-22 13:11:08,325 [grpc-default-executor-3] WARN  server.GrpcLogAppender (LogUtils.java:warn(122)) - cfc7b2a2-0619-4c85-8419-784b4b9eda1c@group-197856EE50CC->a9e5f8c8-f1d2-4256-bab8-e403c630398b-AppendLogResponseHandler: Failed appendEntries: org.apache.ratis.thirdparty.io.grpc.StatusRuntimeException: UNAVAILABLE: io exception
2020-12-22 13:11:08,326 [grpc-default-executor-3] WARN  server.GrpcLogAppender (GrpcLogAppender.java:resetClient(107)) - cfc7b2a2-0619-4c85-8419-784b4b9eda1c@group-197856EE50CC->a9e5f8c8-f1d2-4256-bab8-e403c630398b-GrpcLogAppender: Leader has not got in touch with Follower cfc7b2a2-0619-4c85-8419-784b4b9eda1c@group-197856EE50CC->a9e5f8c8-f1d2-4256-bab8-e403c630398b(c0,m0,n1, attendVote=true, lastRpcSendTime=0, lastRpcResponseTime=9019) yet, just keep nextIndex unchanged and retry.
2020-12-22 13:11:08,702 [Thread-628] INFO  impl.FollowerState (FollowerState.java:lostMajorityHeartbeatsRecently(105)) - d23545be-7951-4ced-9e1c-af6ad8e842b2@group-22EF2DA5B5E3-FollowerState: Skipping leader election since it stepped down recently (elapsed = 7707ms < waitTime = 10s)
2020-12-22 13:11:08,825 [grpc-default-executor-3] WARN  server.GrpcLogAppender (LogUtils.java:warn(122)) - cfc7b2a2-0619-4c85-8419-784b4b9eda1c@group-197856EE50CC->a9e5f8c8-f1d2-4256-bab8-e403c630398b-AppendLogResponseHandler: Failed appendEntries: org.apache.ratis.thirdparty.io.grpc.StatusRuntimeException: UNAVAILABLE: io exception
2020-12-22 13:11:08,826 [grpc-default-executor-3] WARN  server.GrpcLogAppender (GrpcLogAppender.java:resetClient(107)) - cfc7b2a2-0619-4c85-8419-784b4b9eda1c@group-197856EE50CC->a9e5f8c8-f1d2-4256-bab8-e403c630398b-GrpcLogAppender: Leader has not got in touch with Follower cfc7b2a2-0619-4c85-8419-784b4b9eda1c@group-197856EE50CC->a9e5f8c8-f1d2-4256-bab8-e403c630398b(c0,m0,n1, attendVote=true, lastRpcSendTime=0, lastRpcResponseTime=9519) yet, just keep nextIndex unchanged and retry.
2020-12-22 13:11:09,326 [grpc-default-executor-3] WARN  server.GrpcLogAppender (LogUtils.java:warn(122)) - cfc7b2a2-0619-4c85-8419-784b4b9eda1c@group-197856EE50CC->a9e5f8c8-f1d2-4256-bab8-e403c630398b-AppendLogResponseHandler: Failed appendEntries: org.apache.ratis.thirdparty.io.grpc.StatusRuntimeException: UNAVAILABLE: io exception
2020-12-22 13:11:09,326 [grpc-default-executor-3] WARN  server.GrpcLogAppender (GrpcLogAppender.java:resetClient(107)) - cfc7b2a2-0619-4c85-8419-784b4b9eda1c@group-197856EE50CC->a9e5f8c8-f1d2-4256-bab8-e403c630398b-GrpcLogAppender: Leader has not got in touch with Follower cfc7b2a2-0619-4c85-8419-784b4b9eda1c@group-197856EE50CC->a9e5f8c8-f1d2-4256-bab8-e403c630398b(c0,m0,n1, attendVote=true, lastRpcSendTime=0, lastRpcResponseTime=10020) yet, just keep nextIndex unchanged and retry.
2020-12-22 13:11:09,817 [Thread-628] INFO  impl.FollowerState (FollowerState.java:lostMajorityHeartbeatsRecently(105)) - d23545be-7951-4ced-9e1c-af6ad8e842b2@group-22EF2DA5B5E3-FollowerState: Skipping leader election since it stepped down recently (elapsed = 8821ms < waitTime = 10s)
2020-12-22 13:11:09,827 [grpc-default-executor-3] WARN  server.GrpcLogAppender (LogUtils.java:warn(122)) - cfc7b2a2-0619-4c85-8419-784b4b9eda1c@group-197856EE50CC->a9e5f8c8-f1d2-4256-bab8-e403c630398b-AppendLogResponseHandler: Failed appendEntries: org.apache.ratis.thirdparty.io.grpc.StatusRuntimeException: UNAVAILABLE: io exception
2020-12-22 13:11:09,827 [grpc-default-executor-3] WARN  server.GrpcLogAppender (GrpcLogAppender.java:resetClient(107)) - cfc7b2a2-0619-4c85-8419-784b4b9eda1c@group-197856EE50CC->a9e5f8c8-f1d2-4256-bab8-e403c630398b-GrpcLogAppender: Leader has not got in touch with Follower cfc7b2a2-0619-4c85-8419-784b4b9eda1c@group-197856EE50CC->a9e5f8c8-f1d2-4256-bab8-e403c630398b(c0,m0,n1, attendVote=true, lastRpcSendTime=0, lastRpcResponseTime=10521) yet, just keep nextIndex unchanged and retry.
2020-12-22 13:11:10,061 [java.util.concurrent.ThreadPoolExecutor$Worker@626cb33c[State = -1, empty queue]] INFO  metrics.RatisMetrics (RatisMetrics.java:lambda$create$0(36)) - Creating Metrics Registry : ratis.client_message_metrics.client-96FC214F6796->d23545be-7951-4ced-9e1c-af6ad8e842b2
2020-12-22 13:11:10,328 [grpc-default-executor-3] WARN  server.GrpcLogAppender (LogUtils.java:warn(122)) - cfc7b2a2-0619-4c85-8419-784b4b9eda1c@group-197856EE50CC->a9e5f8c8-f1d2-4256-bab8-e403c630398b-AppendLogResponseHandler: Failed appendEntries: org.apache.ratis.thirdparty.io.grpc.StatusRuntimeException: UNAVAILABLE: io exception
2020-12-22 13:11:10,329 [grpc-default-executor-3] WARN  server.GrpcLogAppender (GrpcLogAppender.java:resetClient(107)) - cfc7b2a2-0619-4c85-8419-784b4b9eda1c@group-197856EE50CC->a9e5f8c8-f1d2-4256-bab8-e403c630398b-GrpcLogAppender: Leader has not got in touch with Follower cfc7b2a2-0619-4c85-8419-784b4b9eda1c@group-197856EE50CC->a9e5f8c8-f1d2-4256-bab8-e403c630398b(c0,m0,n1, attendVote=true, lastRpcSendTime=0, lastRpcResponseTime=11022) yet, just keep nextIndex unchanged and retry.
2020-12-22 13:11:10,829 [grpc-default-executor-2] WARN  server.GrpcLogAppender (LogUtils.java:warn(122)) - cfc7b2a2-0619-4c85-8419-784b4b9eda1c@group-197856EE50CC->a9e5f8c8-f1d2-4256-bab8-e403c630398b-AppendLogResponseHandler: Failed appendEntries: org.apache.ratis.thirdparty.io.grpc.StatusRuntimeException: UNAVAILABLE: io exception
2020-12-22 13:11:10,835 [grpc-default-executor-2] WARN  server.GrpcLogAppender (GrpcLogAppender.java:resetClient(107)) - cfc7b2a2-0619-4c85-8419-784b4b9eda1c@group-197856EE50CC->a9e5f8c8-f1d2-4256-bab8-e403c630398b-GrpcLogAppender: Leader has not got in touch with Follower cfc7b2a2-0619-4c85-8419-784b4b9eda1c@group-197856EE50CC->a9e5f8c8-f1d2-4256-bab8-e403c630398b(c0,m0,n1, attendVote=true, lastRpcSendTime=6, lastRpcResponseTime=11528) yet, just keep nextIndex unchanged and retry.
2020-12-22 13:11:10,871 [Thread-628] INFO  impl.FollowerState (FollowerState.java:lostMajorityHeartbeatsRecently(105)) - d23545be-7951-4ced-9e1c-af6ad8e842b2@group-22EF2DA5B5E3-FollowerState: Skipping leader election since it stepped down recently (elapsed = 9875ms < waitTime = 10s)
2020-12-22 13:11:11,329 [grpc-default-executor-2] WARN  server.GrpcLogAppender (LogUtils.java:warn(122)) - cfc7b2a2-0619-4c85-8419-784b4b9eda1c@group-197856EE50CC->a9e5f8c8-f1d2-4256-bab8-e403c630398b-AppendLogResponseHandler: Failed appendEntries: org.apache.ratis.thirdparty.io.grpc.StatusRuntimeException: UNAVAILABLE: io exception
2020-12-22 13:11:11,331 [grpc-default-executor-2] WARN  server.GrpcLogAppender (GrpcLogAppender.java:resetClient(107)) - cfc7b2a2-0619-4c85-8419-784b4b9eda1c@group-197856EE50CC->a9e5f8c8-f1d2-4256-bab8-e403c630398b-GrpcLogAppender: Leader has not got in touch with Follower cfc7b2a2-0619-4c85-8419-784b4b9eda1c@group-197856EE50CC->a9e5f8c8-f1d2-4256-bab8-e403c630398b(c0,m0,n1, attendVote=true, lastRpcSendTime=1, lastRpcResponseTime=12024) yet, just keep nextIndex unchanged and retry.
2020-12-22 13:11:11,830 [grpc-default-executor-2] WARN  server.GrpcLogAppender (LogUtils.java:warn(122)) - cfc7b2a2-0619-4c85-8419-784b4b9eda1c@group-197856EE50CC->a9e5f8c8-f1d2-4256-bab8-e403c630398b-AppendLogResponseHandler: Failed appendEntries: org.apache.ratis.thirdparty.io.grpc.StatusRuntimeException: UNAVAILABLE: io exception
2020-12-22 13:11:11,831 [grpc-default-executor-2] WARN  server.GrpcLogAppender (GrpcLogAppender.java:resetClient(107)) - cfc7b2a2-0619-4c85-8419-784b4b9eda1c@group-197856EE50CC->a9e5f8c8-f1d2-4256-bab8-e403c630398b-GrpcLogAppender: Leader has not got in touch with Follower cfc7b2a2-0619-4c85-8419-784b4b9eda1c@group-197856EE50CC->a9e5f8c8-f1d2-4256-bab8-e403c630398b(c0,m0,n1, attendVote=true, lastRpcSendTime=0, lastRpcResponseTime=12524) yet, just keep nextIndex unchanged and retry.
2020-12-22 13:11:11,951 [Thread-628] INFO  impl.FollowerState (FollowerState.java:run(128)) - d23545be-7951-4ced-9e1c-af6ad8e842b2@group-22EF2DA5B5E3-FollowerState: change to CANDIDATE, lastRpcTime:10955ms, electionTimeout:1080ms
2020-12-22 13:11:11,951 [Thread-628] INFO  impl.RoleInfo (RoleInfo.java:shutdownFollowerState(121)) - d23545be-7951-4ced-9e1c-af6ad8e842b2: shutdown d23545be-7951-4ced-9e1c-af6ad8e842b2@group-22EF2DA5B5E3-FollowerState
2020-12-22 13:11:11,951 [Thread-628] INFO  impl.RaftServerImpl (RaftServerImpl.java:setRole(204)) - d23545be-7951-4ced-9e1c-af6ad8e842b2@group-22EF2DA5B5E3: changes role from  FOLLOWER to CANDIDATE at term 2 for changeToCandidate
2020-12-22 13:11:11,952 [Thread-628] INFO  impl.RoleInfo (RoleInfo.java:updateAndGet(143)) - d23545be-7951-4ced-9e1c-af6ad8e842b2: start d23545be-7951-4ced-9e1c-af6ad8e842b2@group-22EF2DA5B5E3-LeaderElection17
2020-12-22 13:11:11,952 [d23545be-7951-4ced-9e1c-af6ad8e842b2@group-22EF2DA5B5E3-LeaderElection17] INFO  impl.RaftServerImpl (ServerState.java:setLeader(256)) - d23545be-7951-4ced-9e1c-af6ad8e842b2@group-22EF2DA5B5E3: change Leader from d23545be-7951-4ced-9e1c-af6ad8e842b2 to null at term 2 for initElection
2020-12-22 13:11:11,955 [d23545be-7951-4ced-9e1c-af6ad8e842b2@group-22EF2DA5B5E3-LeaderElection17] INFO  impl.LeaderElection (LeaderElection.java:askForVotes(215)) - d23545be-7951-4ced-9e1c-af6ad8e842b2@group-22EF2DA5B5E3-LeaderElection17: begin an election at term 3 for 5: [630f7d82-7405-430a-acc4-3cca1d2988c7|rpc:172.17.0.2:39527|dataStream:, a9e5f8c8-f1d2-4256-bab8-e403c630398b|rpc:172.17.0.2:36741|dataStream:, d23545be-7951-4ced-9e1c-af6ad8e842b2|rpc:172.17.0.2:35453|dataStream:], old=null
2020-12-22 13:11:11,956 [d23545be-7951-4ced-9e1c-af6ad8e842b2@group-22EF2DA5B5E3-LeaderElection17] INFO  impl.LeaderElection (LogUtils.java:infoOrTrace(137)) - d23545be-7951-4ced-9e1c-af6ad8e842b2@group-22EF2DA5B5E3-LeaderElection17 got exception when requesting votes: java.util.concurrent.ExecutionException: org.apache.ratis.thirdparty.io.grpc.StatusRuntimeException: UNAVAILABLE: io exception
2020-12-22 13:11:11,956 [d23545be-7951-4ced-9e1c-af6ad8e842b2@group-22EF2DA5B5E3-LeaderElection17] INFO  impl.LeaderElection (LogUtils.java:infoOrTrace(137)) - d23545be-7951-4ced-9e1c-af6ad8e842b2@group-22EF2DA5B5E3-LeaderElection17 got exception when requesting votes: java.util.concurrent.ExecutionException: org.apache.ratis.thirdparty.io.grpc.StatusRuntimeException: UNAVAILABLE: io exception
2020-12-22 13:11:11,956 [d23545be-7951-4ced-9e1c-af6ad8e842b2@group-22EF2DA5B5E3-LeaderElection17] INFO  impl.LeaderElection (LeaderElection.java:logAndReturn(65)) - d23545be-7951-4ced-9e1c-af6ad8e842b2@group-22EF2DA5B5E3-LeaderElection17: Election REJECTED; received 0 response(s) [] and 2 exception(s); d23545be-7951-4ced-9e1c-af6ad8e842b2@group-22EF2DA5B5E3:t3, leader=null, voted=d23545be-7951-4ced-9e1c-af6ad8e842b2, raftlog=d23545be-7951-4ced-9e1c-af6ad8e842b2@group-22EF2DA5B5E3-SegmentedRaftLog:OPENED:c6,f6,i6, conf=5: [630f7d82-7405-430a-acc4-3cca1d2988c7|rpc:172.17.0.2:39527|dataStream:, a9e5f8c8-f1d2-4256-bab8-e403c630398b|rpc:172.17.0.2:36741|dataStream:, d23545be-7951-4ced-9e1c-af6ad8e842b2|rpc:172.17.0.2:35453|dataStream:], old=null
2020-12-22 13:11:11,956 [d23545be-7951-4ced-9e1c-af6ad8e842b2@group-22EF2DA5B5E3-LeaderElection17] INFO  impl.LeaderElection (LogUtils.java:infoOrTrace(137)) -   Exception 0: java.util.concurrent.ExecutionException: org.apache.ratis.thirdparty.io.grpc.StatusRuntimeException: UNAVAILABLE: io exception
2020-12-22 13:11:11,956 [d23545be-7951-4ced-9e1c-af6ad8e842b2@group-22EF2DA5B5E3-LeaderElection17] INFO  impl.LeaderElection (LogUtils.java:infoOrTrace(137)) -   Exception 1: java.util.concurrent.ExecutionException: org.apache.ratis.thirdparty.io.grpc.StatusRuntimeException: UNAVAILABLE: io exception
2020-12-22 13:11:11,956 [d23545be-7951-4ced-9e1c-af6ad8e842b2@group-22EF2DA5B5E3-LeaderElection17] INFO  impl.RaftServerImpl (RaftServerImpl.java:setRole(204)) - d23545be-7951-4ced-9e1c-af6ad8e842b2@group-22EF2DA5B5E3: changes role from CANDIDATE to FOLLOWER at term 3 for DISCOVERED_A_NEW_TERM
2020-12-22 13:11:11,956 [d23545be-7951-4ced-9e1c-af6ad8e842b2@group-22EF2DA5B5E3-LeaderElection17] INFO  impl.RoleInfo (RoleInfo.java:shutdownLeaderElection(134)) - d23545be-7951-4ced-9e1c-af6ad8e842b2: shutdown d23545be-7951-4ced-9e1c-af6ad8e842b2@group-22EF2DA5B5E3-LeaderElection17
2020-12-22 13:11:11,956 [d23545be-7951-4ced-9e1c-af6ad8e842b2@group-22EF2DA5B5E3-LeaderElection17] INFO  impl.RoleInfo (RoleInfo.java:updateAndGet(143)) - d23545be-7951-4ced-9e1c-af6ad8e842b2: start d23545be-7951-4ced-9e1c-af6ad8e842b2@group-22EF2DA5B5E3-FollowerState
2020-12-22 13:11:12,331 [grpc-default-executor-2] WARN  server.GrpcLogAppender (LogUtils.java:warn(122)) - cfc7b2a2-0619-4c85-8419-784b4b9eda1c@group-197856EE50CC->a9e5f8c8-f1d2-4256-bab8-e403c630398b-AppendLogResponseHandler: Failed appendEntries: org.apache.ratis.thirdparty.io.grpc.StatusRuntimeException: UNAVAILABLE: io exception
2020-12-22 13:11:12,333 [grpc-default-executor-2] WARN  server.GrpcLogAppender (GrpcLogAppender.java:resetClient(107)) - cfc7b2a2-0619-4c85-8419-784b4b9eda1c@group-197856EE50CC->a9e5f8c8-f1d2-4256-bab8-e403c630398b-GrpcLogAppender: Leader has not got in touch with Follower cfc7b2a2-0619-4c85-8419-784b4b9eda1c@group-197856EE50CC->a9e5f8c8-f1d2-4256-bab8-e403c630398b(c0,m0,n1, attendVote=true, lastRpcSendTime=1, lastRpcResponseTime=13026) yet, just keep nextIndex unchanged and retry.
2020-12-22 13:11:12,832 [grpc-default-executor-2] WARN  server.GrpcLogAppender (LogUtils.java:warn(122)) - cfc7b2a2-0619-4c85-8419-784b4b9eda1c@group-197856EE50CC->a9e5f8c8-f1d2-4256-bab8-e403c630398b-AppendLogResponseHandler: Failed appendEntries: org.apache.ratis.thirdparty.io.grpc.StatusRuntimeException: UNAVAILABLE: io exception
2020-12-22 13:11:12,833 [grpc-default-executor-2] WARN  server.GrpcLogAppender (GrpcLogAppender.java:resetClient(107)) - cfc7b2a2-0619-4c85-8419-784b4b9eda1c@group-197856EE50CC->a9e5f8c8-f1d2-4256-bab8-e403c630398b-GrpcLogAppender: Leader has not got in touch with Follower cfc7b2a2-0619-4c85-8419-784b4b9eda1c@group-197856EE50CC->a9e5f8c8-f1d2-4256-bab8-e403c630398b(c0,m0,n1, attendVote=true, lastRpcSendTime=0, lastRpcResponseTime=13526) yet, just keep nextIndex unchanged and retry.
2020-12-22 13:11:13,100 [Thread-745] INFO  impl.FollowerState (FollowerState.java:run(128)) - d23545be-7951-4ced-9e1c-af6ad8e842b2@group-22EF2DA5B5E3-FollowerState: change to CANDIDATE, lastRpcTime:1143ms, electionTimeout:1134ms
2020-12-22 13:11:13,100 [Thread-745] INFO  impl.RoleInfo (RoleInfo.java:shutdownFollowerState(121)) - d23545be-7951-4ced-9e1c-af6ad8e842b2: shutdown d23545be-7951-4ced-9e1c-af6ad8e842b2@group-22EF2DA5B5E3-FollowerState
2020-12-22 13:11:13,100 [Thread-745] INFO  impl.RaftServerImpl (RaftServerImpl.java:setRole(204)) - d23545be-7951-4ced-9e1c-af6ad8e842b2@group-22EF2DA5B5E3: changes role from  FOLLOWER to CANDIDATE at term 3 for changeToCandidate
2020-12-22 13:11:13,101 [Thread-745] INFO  impl.RoleInfo (RoleInfo.java:updateAndGet(143)) - d23545be-7951-4ced-9e1c-af6ad8e842b2: start d23545be-7951-4ced-9e1c-af6ad8e842b2@group-22EF2DA5B5E3-LeaderElection18
2020-12-22 13:11:13,103 [d23545be-7951-4ced-9e1c-af6ad8e842b2@group-22EF2DA5B5E3-LeaderElection18] INFO  impl.LeaderElection (LeaderElection.java:askForVotes(215)) - d23545be-7951-4ced-9e1c-af6ad8e842b2@group-22EF2DA5B5E3-LeaderElection18: begin an election at term 4 for 5: [630f7d82-7405-430a-acc4-3cca1d2988c7|rpc:172.17.0.2:39527|dataStream:, a9e5f8c8-f1d2-4256-bab8-e403c630398b|rpc:172.17.0.2:36741|dataStream:, d23545be-7951-4ced-9e1c-af6ad8e842b2|rpc:172.17.0.2:35453|dataStream:], old=null
2020-12-22 13:11:13,106 [d23545be-7951-4ced-9e1c-af6ad8e842b2@group-22EF2DA5B5E3-LeaderElection18] INFO  impl.LeaderElection (LogUtils.java:infoOrTrace(137)) - d23545be-7951-4ced-9e1c-af6ad8e842b2@group-22EF2DA5B5E3-LeaderElection18 got exception when requesting votes: java.util.concurrent.ExecutionException: org.apache.ratis.thirdparty.io.grpc.StatusRuntimeException: UNAVAILABLE: io exception
2020-12-22 13:11:13,106 [d23545be-7951-4ced-9e1c-af6ad8e842b2@group-22EF2DA5B5E3-LeaderElection18] INFO  impl.LeaderElection (LogUtils.java:infoOrTrace(137)) - d23545be-7951-4ced-9e1c-af6ad8e842b2@group-22EF2DA5B5E3-LeaderElection18 got exception when requesting votes: java.util.concurrent.ExecutionException: org.apache.ratis.thirdparty.io.grpc.StatusRuntimeException: UNAVAILABLE: io exception
2020-12-22 13:11:13,106 [d23545be-7951-4ced-9e1c-af6ad8e842b2@group-22EF2DA5B5E3-LeaderElection18] INFO  impl.LeaderElection (LeaderElection.java:logAndReturn(65)) - d23545be-7951-4ced-9e1c-af6ad8e842b2@group-22EF2DA5B5E3-LeaderElection18: Election REJECTED; received 0 response(s) [] and 2 exception(s); d23545be-7951-4ced-9e1c-af6ad8e842b2@group-22EF2DA5B5E3:t4, leader=null, voted=d23545be-7951-4ced-9e1c-af6ad8e842b2, raftlog=d23545be-7951-4ced-9e1c-af6ad8e842b2@group-22EF2DA5B5E3-SegmentedRaftLog:OPENED:c6,f6,i6, conf=5: [630f7d82-7405-430a-acc4-3cca1d2988c7|rpc:172.17.0.2:39527|dataStream:, a9e5f8c8-f1d2-4256-bab8-e403c630398b|rpc:172.17.0.2:36741|dataStream:, d23545be-7951-4ced-9e1c-af6ad8e842b2|rpc:172.17.0.2:35453|dataStream:], old=null
2020-12-22 13:11:13,106 [d23545be-7951-4ced-9e1c-af6ad8e842b2@group-22EF2DA5B5E3-LeaderElection18] INFO  impl.LeaderElection (LogUtils.java:infoOrTrace(137)) -   Exception 0: java.util.concurrent.ExecutionException: org.apache.ratis.thirdparty.io.grpc.StatusRuntimeException: UNAVAILABLE: io exception
2020-12-22 13:11:13,106 [d23545be-7951-4ced-9e1c-af6ad8e842b2@group-22EF2DA5B5E3-LeaderElection18] INFO  impl.LeaderElection (LogUtils.java:infoOrTrace(137)) -   Exception 1: java.util.concurrent.ExecutionException: org.apache.ratis.thirdparty.io.grpc.StatusRuntimeException: UNAVAILABLE: io exception
2020-12-22 13:11:13,106 [d23545be-7951-4ced-9e1c-af6ad8e842b2@group-22EF2DA5B5E3-LeaderElection18] INFO  impl.RaftServerImpl (RaftServerImpl.java:setRole(204)) - d23545be-7951-4ced-9e1c-af6ad8e842b2@group-22EF2DA5B5E3: changes role from CANDIDATE to FOLLOWER at term 4 for DISCOVERED_A_NEW_TERM
2020-12-22 13:11:13,106 [d23545be-7951-4ced-9e1c-af6ad8e842b2@group-22EF2DA5B5E3-LeaderElection18] INFO  impl.RoleInfo (RoleInfo.java:shutdownLeaderElection(134)) - d23545be-7951-4ced-9e1c-af6ad8e842b2: shutdown d23545be-7951-4ced-9e1c-af6ad8e842b2@group-22EF2DA5B5E3-LeaderElection18
2020-12-22 13:11:13,106 [d23545be-7951-4ced-9e1c-af6ad8e842b2@group-22EF2DA5B5E3-LeaderElection18] INFO  impl.RoleInfo (RoleInfo.java:updateAndGet(143)) - d23545be-7951-4ced-9e1c-af6ad8e842b2: start d23545be-7951-4ced-9e1c-af6ad8e842b2@group-22EF2DA5B5E3-FollowerState
2020-12-22 13:11:13,333 [grpc-default-executor-2] WARN  server.GrpcLogAppender (LogUtils.java:warn(122)) - cfc7b2a2-0619-4c85-8419-784b4b9eda1c@group-197856EE50CC->a9e5f8c8-f1d2-4256-bab8-e403c630398b-AppendLogResponseHandler: Failed appendEntries: org.apache.ratis.thirdparty.io.grpc.StatusRuntimeException: UNAVAILABLE: io exception
2020-12-22 13:11:13,335 [grpc-default-executor-2] WARN  server.GrpcLogAppender (GrpcLogAppender.java:resetClient(107)) - cfc7b2a2-0619-4c85-8419-784b4b9eda1c@group-197856EE50CC->a9e5f8c8-f1d2-4256-bab8-e403c630398b-GrpcLogAppender: Leader has not got in touch with Follower cfc7b2a2-0619-4c85-8419-784b4b9eda1c@group-197856EE50CC->a9e5f8c8-f1d2-4256-bab8-e403c630398b(c0,m0,n1, attendVote=true, lastRpcSendTime=1, lastRpcResponseTime=14028) yet, just keep nextIndex unchanged and retry.
2020-12-22 13:11:13,834 [grpc-default-executor-3] WARN  server.GrpcLogAppender (LogUtils.java:warn(122)) - cfc7b2a2-0619-4c85-8419-784b4b9eda1c@group-197856EE50CC->a9e5f8c8-f1d2-4256-bab8-e403c630398b-AppendLogResponseHandler: Failed appendEntries: org.apache.ratis.thirdparty.io.grpc.StatusRuntimeException: UNAVAILABLE: io exception
2020-12-22 13:11:13,835 [grpc-default-executor-3] WARN  server.GrpcLogAppender (GrpcLogAppender.java:resetClient(107)) - cfc7b2a2-0619-4c85-8419-784b4b9eda1c@group-197856EE50CC->a9e5f8c8-f1d2-4256-bab8-e403c630398b-GrpcLogAppender: Leader has not got in touch with Follower cfc7b2a2-0619-4c85-8419-784b4b9eda1c@group-197856EE50CC->a9e5f8c8-f1d2-4256-bab8-e403c630398b(c0,m0,n1, attendVote=true, lastRpcSendTime=0, lastRpcResponseTime=14528) yet, just keep nextIndex unchanged and retry.
2020-12-22 13:11:14,133 [Thread-759] INFO  impl.FollowerState (FollowerState.java:run(128)) - d23545be-7951-4ced-9e1c-af6ad8e842b2@group-22EF2DA5B5E3-FollowerState: change to CANDIDATE, lastRpcTime:1026ms, electionTimeout:1026ms
2020-12-22 13:11:14,133 [Thread-759] INFO  impl.RoleInfo (RoleInfo.java:shutdownFollowerState(121)) - d23545be-7951-4ced-9e1c-af6ad8e842b2: shutdown d23545be-7951-4ced-9e1c-af6ad8e842b2@group-22EF2DA5B5E3-FollowerState
2020-12-22 13:11:14,133 [Thread-759] INFO  impl.RaftServerImpl (RaftServerImpl.java:setRole(204)) - d23545be-7951-4ced-9e1c-af6ad8e842b2@group-22EF2DA5B5E3: changes role from  FOLLOWER to CANDIDATE at term 4 for changeToCandidate
2020-12-22 13:11:14,133 [Thread-759] INFO  impl.RoleInfo (RoleInfo.java:updateAndGet(143)) - d23545be-7951-4ced-9e1c-af6ad8e842b2: start d23545be-7951-4ced-9e1c-af6ad8e842b2@group-22EF2DA5B5E3-LeaderElection19
2020-12-22 13:11:14,136 [d23545be-7951-4ced-9e1c-af6ad8e842b2@group-22EF2DA5B5E3-LeaderElection19] INFO  impl.LeaderElection (LeaderElection.java:askForVotes(215)) - d23545be-7951-4ced-9e1c-af6ad8e842b2@group-22EF2DA5B5E3-LeaderElection19: begin an election at term 5 for 5: [630f7d82-7405-430a-acc4-3cca1d2988c7|rpc:172.17.0.2:39527|dataStream:, a9e5f8c8-f1d2-4256-bab8-e403c630398b|rpc:172.17.0.2:36741|dataStream:, d23545be-7951-4ced-9e1c-af6ad8e842b2|rpc:172.17.0.2:35453|dataStream:], old=null
2020-12-22 13:11:14,137 [d23545be-7951-4ced-9e1c-af6ad8e842b2@group-22EF2DA5B5E3-LeaderElection19] INFO  impl.LeaderElection (LogUtils.java:infoOrTrace(137)) - d23545be-7951-4ced-9e1c-af6ad8e842b2@group-22EF2DA5B5E3-LeaderElection19 got exception when requesting votes: java.util.concurrent.ExecutionException: org.apache.ratis.thirdparty.io.grpc.StatusRuntimeException: UNAVAILABLE: io exception
2020-12-22 13:11:14,137 [d23545be-7951-4ced-9e1c-af6ad8e842b2@group-22EF2DA5B5E3-LeaderElection19] INFO  impl.LeaderElection (LogUtils.java:infoOrTrace(137)) - d23545be-7951-4ced-9e1c-af6ad8e842b2@group-22EF2DA5B5E3-LeaderElection19 got exception when requesting votes: java.util.concurrent.ExecutionException: org.apache.ratis.thirdparty.io.grpc.StatusRuntimeException: UNAVAILABLE: io exception
2020-12-22 13:11:14,137 [d23545be-7951-4ced-9e1c-af6ad8e842b2@group-22EF2DA5B5E3-LeaderElection19] INFO  impl.LeaderElection (LeaderElection.java:logAndReturn(65)) - d23545be-7951-4ced-9e1c-af6ad8e842b2@group-22EF2DA5B5E3-LeaderElection19: Election REJECTED; received 0 response(s) [] and 2 exception(s); d23545be-7951-4ced-9e1c-af6ad8e842b2@group-22EF2DA5B5E3:t5, leader=null, voted=d23545be-7951-4ced-9e1c-af6ad8e842b2, raftlog=d23545be-7951-4ced-9e1c-af6ad8e842b2@group-22EF2DA5B5E3-SegmentedRaftLog:OPENED:c6,f6,i6, conf=5: [630f7d82-7405-430a-acc4-3cca1d2988c7|rpc:172.17.0.2:39527|dataStream:, a9e5f8c8-f1d2-4256-bab8-e403c630398b|rpc:172.17.0.2:36741|dataStream:, d23545be-7951-4ced-9e1c-af6ad8e842b2|rpc:172.17.0.2:35453|dataStream:], old=null
2020-12-22 13:11:14,137 [d23545be-7951-4ced-9e1c-af6ad8e842b2@group-22EF2DA5B5E3-LeaderElection19] INFO  impl.LeaderElection (LogUtils.java:infoOrTrace(137)) -   Exception 0: java.util.concurrent.ExecutionException: org.apache.ratis.thirdparty.io.grpc.StatusRuntimeException: UNAVAILABLE: io exception
2020-12-22 13:11:14,137 [d23545be-7951-4ced-9e1c-af6ad8e842b2@group-22EF2DA5B5E3-LeaderElection19] INFO  impl.LeaderElection (LogUtils.java:infoOrTrace(137)) -   Exception 1: java.util.concurrent.ExecutionException: org.apache.ratis.thirdparty.io.grpc.StatusRuntimeException: UNAVAILABLE: io exception
2020-12-22 13:11:14,137 [d23545be-7951-4ced-9e1c-af6ad8e842b2@group-22EF2DA5B5E3-LeaderElection19] INFO  impl.RaftServerImpl (RaftServerImpl.java:setRole(204)) - d23545be-7951-4ced-9e1c-af6ad8e842b2@group-22EF2DA5B5E3: changes role from CANDIDATE to FOLLOWER at term 5 for DISCOVERED_A_NEW_TERM
2020-12-22 13:11:14,138 [d23545be-7951-4ced-9e1c-af6ad8e842b2@group-22EF2DA5B5E3-LeaderElection19] INFO  impl.RoleInfo (RoleInfo.java:shutdownLeaderElection(134)) - d23545be-7951-4ced-9e1c-af6ad8e842b2: shutdown d23545be-7951-4ced-9e1c-af6ad8e842b2@group-22EF2DA5B5E3-LeaderElection19
2020-12-22 13:11:14,138 [d23545be-7951-4ced-9e1c-af6ad8e842b2@group-22EF2DA5B5E3-LeaderElection19] INFO  impl.RoleInfo (RoleInfo.java:updateAndGet(143)) - d23545be-7951-4ced-9e1c-af6ad8e842b2: start d23545be-7951-4ced-9e1c-af6ad8e842b2@group-22EF2DA5B5E3-FollowerState
2020-12-22 13:11:14,335 [grpc-default-executor-3] WARN  server.GrpcLogAppender (LogUtils.java:warn(122)) - cfc7b2a2-0619-4c85-8419-784b4b9eda1c@group-197856EE50CC->a9e5f8c8-f1d2-4256-bab8-e403c630398b-AppendLogResponseHandler: Failed appendEntries: org.apache.ratis.thirdparty.io.grpc.StatusRuntimeException: UNAVAILABLE: io exception
2020-12-22 13:11:14,337 [grpc-default-executor-3] WARN  server.GrpcLogAppender (GrpcLogAppender.java:resetClient(107)) - cfc7b2a2-0619-4c85-8419-784b4b9eda1c@group-197856EE50CC->a9e5f8c8-f1d2-4256-bab8-e403c630398b-GrpcLogAppender: Leader has not got in touch with Follower cfc7b2a2-0619-4c85-8419-784b4b9eda1c@group-197856EE50CC->a9e5f8c8-f1d2-4256-bab8-e403c630398b(c0,m0,n1, attendVote=true, lastRpcSendTime=1, lastRpcResponseTime=15030) yet, just keep nextIndex unchanged and retry.
2020-12-22 13:11:14,836 [grpc-default-executor-2] WARN  server.GrpcLogAppender (LogUtils.java:warn(122)) - cfc7b2a2-0619-4c85-8419-784b4b9eda1c@group-197856EE50CC->a9e5f8c8-f1d2-4256-bab8-e403c630398b-AppendLogResponseHandler: Failed appendEntries: org.apache.ratis.thirdparty.io.grpc.StatusRuntimeException: UNAVAILABLE: io exception
2020-12-22 13:11:14,836 [grpc-default-executor-2] WARN  server.GrpcLogAppender (GrpcLogAppender.java:resetClient(107)) - cfc7b2a2-0619-4c85-8419-784b4b9eda1c@group-197856EE50CC->a9e5f8c8-f1d2-4256-bab8-e403c630398b-GrpcLogAppender: Leader has not got in touch with Follower cfc7b2a2-0619-4c85-8419-784b4b9eda1c@group-197856EE50CC->a9e5f8c8-f1d2-4256-bab8-e403c630398b(c0,m0,n1, attendVote=true, lastRpcSendTime=0, lastRpcResponseTime=15530) yet, just keep nextIndex unchanged and retry.
2020-12-22 13:11:15,152 [Thread-774] INFO  impl.FollowerState (FollowerState.java:run(128)) - d23545be-7951-4ced-9e1c-af6ad8e842b2@group-22EF2DA5B5E3-FollowerState: change to CANDIDATE, lastRpcTime:1014ms, electionTimeout:1014ms
2020-12-22 13:11:15,152 [Thread-774] INFO  impl.RoleInfo (RoleInfo.java:shutdownFollowerState(121)) - d23545be-7951-4ced-9e1c-af6ad8e842b2: shutdown d23545be-7951-4ced-9e1c-af6ad8e842b2@group-22EF2DA5B5E3-FollowerState
2020-12-22 13:11:15,152 [Thread-774] INFO  impl.RaftServerImpl (RaftServerImpl.java:setRole(204)) - d23545be-7951-4ced-9e1c-af6ad8e842b2@group-22EF2DA5B5E3: changes role from  FOLLOWER to CANDIDATE at term 5 for changeToCandidate
2020-12-22 13:11:15,152 [Thread-774] INFO  impl.RoleInfo (RoleInfo.java:updateAndGet(143)) - d23545be-7951-4ced-9e1c-af6ad8e842b2: start d23545be-7951-4ced-9e1c-af6ad8e842b2@group-22EF2DA5B5E3-LeaderElection20
2020-12-22 13:11:15,155 [d23545be-7951-4ced-9e1c-af6ad8e842b2@group-22EF2DA5B5E3-LeaderElection20] INFO  impl.LeaderElection (LeaderElection.java:askForVotes(215)) - d23545be-7951-4ced-9e1c-af6ad8e842b2@group-22EF2DA5B5E3-LeaderElection20: begin an election at term 6 for 5: [630f7d82-7405-430a-acc4-3cca1d2988c7|rpc:172.17.0.2:39527|dataStream:, a9e5f8c8-f1d2-4256-bab8-e403c630398b|rpc:172.17.0.2:36741|dataStream:, d23545be-7951-4ced-9e1c-af6ad8e842b2|rpc:172.17.0.2:35453|dataStream:], old=null
2020-12-22 13:11:15,156 [d23545be-7951-4ced-9e1c-af6ad8e842b2@group-22EF2DA5B5E3-LeaderElection20] INFO  impl.LeaderElection (LogUtils.java:infoOrTrace(137)) - d23545be-7951-4ced-9e1c-af6ad8e842b2@group-22EF2DA5B5E3-LeaderElection20 got exception when requesting votes: java.util.concurrent.ExecutionException: org.apache.ratis.thirdparty.io.grpc.StatusRuntimeException: UNAVAILABLE: io exception
2020-12-22 13:11:15,156 [d23545be-7951-4ced-9e1c-af6ad8e842b2@group-22EF2DA5B5E3-LeaderElection20] INFO  impl.LeaderElection (LogUtils.java:infoOrTrace(137)) - d23545be-7951-4ced-9e1c-af6ad8e842b2@group-22EF2DA5B5E3-LeaderElection20 got exception when requesting votes: java.util.concurrent.ExecutionException: org.apache.ratis.thirdparty.io.grpc.StatusRuntimeException: UNAVAILABLE: io exception
2020-12-22 13:11:15,156 [d23545be-7951-4ced-9e1c-af6ad8e842b2@group-22EF2DA5B5E3-LeaderElection20] INFO  impl.LeaderElection (LeaderElection.java:logAndReturn(65)) - d23545be-7951-4ced-9e1c-af6ad8e842b2@group-22EF2DA5B5E3-LeaderElection20: Election REJECTED; received 0 response(s) [] and 2 exception(s); d23545be-7951-4ced-9e1c-af6ad8e842b2@group-22EF2DA5B5E3:t6, leader=null, voted=d23545be-7951-4ced-9e1c-af6ad8e842b2, raftlog=d23545be-7951-4ced-9e1c-af6ad8e842b2@group-22EF2DA5B5E3-SegmentedRaftLog:OPENED:c6,f6,i6, conf=5: [630f7d82-7405-430a-acc4-3cca1d2988c7|rpc:172.17.0.2:39527|dataStream:, a9e5f8c8-f1d2-4256-bab8-e403c630398b|rpc:172.17.0.2:36741|dataStream:, d23545be-7951-4ced-9e1c-af6ad8e842b2|rpc:172.17.0.2:35453|dataStream:], old=null
2020-12-22 13:11:15,156 [d23545be-7951-4ced-9e1c-af6ad8e842b2@group-22EF2DA5B5E3-LeaderElection20] INFO  impl.LeaderElection (LogUtils.java:infoOrTrace(137)) -   Exception 0: java.util.concurrent.ExecutionException: org.apache.ratis.thirdparty.io.grpc.StatusRuntimeException: UNAVAILABLE: io exception
2020-12-22 13:11:15,156 [d23545be-7951-4ced-9e1c-af6ad8e842b2@group-22EF2DA5B5E3-LeaderElection20] INFO  impl.LeaderElection (LogUtils.java:infoOrTrace(137)) -   Exception 1: java.util.concurrent.ExecutionException: org.apache.ratis.thirdparty.io.grpc.StatusRuntimeException: UNAVAILABLE: io exception
2020-12-22 13:11:15,156 [d23545be-7951-4ced-9e1c-af6ad8e842b2@group-22EF2DA5B5E3-LeaderElection20] INFO  impl.RaftServerImpl (RaftServerImpl.java:setRole(204)) - d23545be-7951-4ced-9e1c-af6ad8e842b2@group-22EF2DA5B5E3: changes role from CANDIDATE to FOLLOWER at term 6 for DISCOVERED_A_NEW_TERM
2020-12-22 13:11:15,156 [d23545be-7951-4ced-9e1c-af6ad8e842b2@group-22EF2DA5B5E3-LeaderElection20] INFO  impl.RoleInfo (RoleInfo.java:shutdownLeaderElection(134)) - d23545be-7951-4ced-9e1c-af6ad8e842b2: shutdown d23545be-7951-4ced-9e1c-af6ad8e842b2@group-22EF2DA5B5E3-LeaderElection20
2020-12-22 13:11:15,156 [d23545be-7951-4ced-9e1c-af6ad8e842b2@group-22EF2DA5B5E3-LeaderElection20] INFO  impl.RoleInfo (RoleInfo.java:updateAndGet(143)) - d23545be-7951-4ced-9e1c-af6ad8e842b2: start d23545be-7951-4ced-9e1c-af6ad8e842b2@group-22EF2DA5B5E3-FollowerState
2020-12-22 13:11:15,336 [grpc-default-executor-2] WARN  server.GrpcLogAppender (LogUtils.java:warn(122)) - cfc7b2a2-0619-4c85-8419-784b4b9eda1c@group-197856EE50CC->a9e5f8c8-f1d2-4256-bab8-e403c630398b-AppendLogResponseHandler: Failed appendEntries: org.apache.ratis.thirdparty.io.grpc.StatusRuntimeException: UNAVAILABLE: io exception
2020-12-22 13:11:15,338 [grpc-default-executor-2] WARN  server.GrpcLogAppender (GrpcLogAppender.java:resetClient(107)) - cfc7b2a2-0619-4c85-8419-784b4b9eda1c@group-197856EE50CC->a9e5f8c8-f1d2-4256-bab8-e403c630398b-GrpcLogAppender: Leader has not got in touch with Follower cfc7b2a2-0619-4c85-8419-784b4b9eda1c@group-197856EE50CC->a9e5f8c8-f1d2-4256-bab8-e403c630398b(c0,m0,n1, attendVote=true, lastRpcSendTime=1, lastRpcResponseTime=16032) yet, just keep nextIndex unchanged and retry.
2020-12-22 13:11:15,837 [grpc-default-executor-2] WARN  server.GrpcLogAppender (LogUtils.java:warn(122)) - cfc7b2a2-0619-4c85-8419-784b4b9eda1c@group-197856EE50CC->a9e5f8c8-f1d2-4256-bab8-e403c630398b-AppendLogResponseHandler: Failed appendEntries: org.apache.ratis.thirdparty.io.grpc.StatusRuntimeException: UNAVAILABLE: io exception
2020-12-22 13:11:15,838 [grpc-default-executor-2] WARN  server.GrpcLogAppender (GrpcLogAppender.java:resetClient(107)) - cfc7b2a2-0619-4c85-8419-784b4b9eda1c@group-197856EE50CC->a9e5f8c8-f1d2-4256-bab8-e403c630398b-GrpcLogAppender: Leader has not got in touch with Follower cfc7b2a2-0619-4c85-8419-784b4b9eda1c@group-197856EE50CC->a9e5f8c8-f1d2-4256-bab8-e403c630398b(c0,m0,n1, attendVote=true, lastRpcSendTime=0, lastRpcResponseTime=16531) yet, just keep nextIndex unchanged and retry.
2020-12-22 13:11:16,225 [Thread-789] INFO  impl.FollowerState (FollowerState.java:run(128)) - d23545be-7951-4ced-9e1c-af6ad8e842b2@group-22EF2DA5B5E3-FollowerState: change to CANDIDATE, lastRpcTime:1068ms, electionTimeout:1068ms
2020-12-22 13:11:16,225 [Thread-789] INFO  impl.RoleInfo (RoleInfo.java:shutdownFollowerState(121)) - d23545be-7951-4ced-9e1c-af6ad8e842b2: shutdown d23545be-7951-4ced-9e1c-af6ad8e842b2@group-22EF2DA5B5E3-FollowerState
2020-12-22 13:11:16,225 [Thread-789] INFO  impl.RaftServerImpl (RaftServerImpl.java:setRole(204)) - d23545be-7951-4ced-9e1c-af6ad8e842b2@group-22EF2DA5B5E3: changes role from  FOLLOWER to CANDIDATE at term 6 for changeToCandidate
2020-12-22 13:11:16,225 [Thread-789] INFO  impl.RoleInfo (RoleInfo.java:updateAndGet(143)) - d23545be-7951-4ced-9e1c-af6ad8e842b2: start d23545be-7951-4ced-9e1c-af6ad8e842b2@group-22EF2DA5B5E3-LeaderElection21
2020-12-22 13:11:16,227 [d23545be-7951-4ced-9e1c-af6ad8e842b2@group-22EF2DA5B5E3-LeaderElection21] INFO  impl.LeaderElection (LeaderElection.java:askForVotes(215)) - d23545be-7951-4ced-9e1c-af6ad8e842b2@group-22EF2DA5B5E3-LeaderElection21: begin an election at term 7 for 5: [630f7d82-7405-430a-acc4-3cca1d2988c7|rpc:172.17.0.2:39527|dataStream:, a9e5f8c8-f1d2-4256-bab8-e403c630398b|rpc:172.17.0.2:36741|dataStream:, d23545be-7951-4ced-9e1c-af6ad8e842b2|rpc:172.17.0.2:35453|dataStream:], old=null
2020-12-22 13:11:16,229 [d23545be-7951-4ced-9e1c-af6ad8e842b2@group-22EF2DA5B5E3-LeaderElection21] INFO  impl.LeaderElection (LogUtils.java:infoOrTrace(137)) - d23545be-7951-4ced-9e1c-af6ad8e842b2@group-22EF2DA5B5E3-LeaderElection21 got exception when requesting votes: java.util.concurrent.ExecutionException: org.apache.ratis.thirdparty.io.grpc.StatusRuntimeException: UNAVAILABLE: io exception
2020-12-22 13:11:16,229 [d23545be-7951-4ced-9e1c-af6ad8e842b2@group-22EF2DA5B5E3-LeaderElection21] INFO  impl.LeaderElection (LogUtils.java:infoOrTrace(137)) - d23545be-7951-4ced-9e1c-af6ad8e842b2@group-22EF2DA5B5E3-LeaderElection21 got exception when requesting votes: java.util.concurrent.ExecutionException: org.apache.ratis.thirdparty.io.grpc.StatusRuntimeException: UNAVAILABLE: io exception
2020-12-22 13:11:16,229 [d23545be-7951-4ced-9e1c-af6ad8e842b2@group-22EF2DA5B5E3-LeaderElection21] INFO  impl.LeaderElection (LeaderElection.java:logAndReturn(65)) - d23545be-7951-4ced-9e1c-af6ad8e842b2@group-22EF2DA5B5E3-LeaderElection21: Election REJECTED; received 0 response(s) [] and 2 exception(s); d23545be-7951-4ced-9e1c-af6ad8e842b2@group-22EF2DA5B5E3:t7, leader=null, voted=d23545be-7951-4ced-9e1c-af6ad8e842b2, raftlog=d23545be-7951-4ced-9e1c-af6ad8e842b2@group-22EF2DA5B5E3-SegmentedRaftLog:OPENED:c6,f6,i6, conf=5: [630f7d82-7405-430a-acc4-3cca1d2988c7|rpc:172.17.0.2:39527|dataStream:, a9e5f8c8-f1d2-4256-bab8-e403c630398b|rpc:172.17.0.2:36741|dataStream:, d23545be-7951-4ced-9e1c-af6ad8e842b2|rpc:172.17.0.2:35453|dataStream:], old=null
2020-12-22 13:11:16,229 [d23545be-7951-4ced-9e1c-af6ad8e842b2@group-22EF2DA5B5E3-LeaderElection21] INFO  impl.LeaderElection (LogUtils.java:infoOrTrace(137)) -   Exception 0: java.util.concurrent.ExecutionException: org.apache.ratis.thirdparty.io.grpc.StatusRuntimeException: UNAVAILABLE: io exception
2020-12-22 13:11:16,229 [d23545be-7951-4ced-9e1c-af6ad8e842b2@group-22EF2DA5B5E3-LeaderElection21] INFO  impl.LeaderElection (LogUtils.java:infoOrTrace(137)) -   Exception 1: java.util.concurrent.ExecutionException: org.apache.ratis.thirdparty.io.grpc.StatusRuntimeException: UNAVAILABLE: io exception
2020-12-22 13:11:16,229 [d23545be-7951-4ced-9e1c-af6ad8e842b2@group-22EF2DA5B5E3-LeaderElection21] INFO  impl.RaftServerImpl (RaftServerImpl.java:setRole(204)) - d23545be-7951-4ced-9e1c-af6ad8e842b2@group-22EF2DA5B5E3: changes role from CANDIDATE to FOLLOWER at term 7 for DISCOVERED_A_NEW_TERM
2020-12-22 13:11:16,229 [d23545be-7951-4ced-9e1c-af6ad8e842b2@group-22EF2DA5B5E3-LeaderElection21] INFO  impl.RoleInfo (RoleInfo.java:shutdownLeaderElection(134)) - d23545be-7951-4ced-9e1c-af6ad8e842b2: shutdown d23545be-7951-4ced-9e1c-af6ad8e842b2@group-22EF2DA5B5E3-LeaderElection21
2020-12-22 13:11:16,229 [d23545be-7951-4ced-9e1c-af6ad8e842b2@group-22EF2DA5B5E3-LeaderElection21] INFO  impl.RoleInfo (RoleInfo.java:updateAndGet(143)) - d23545be-7951-4ced-9e1c-af6ad8e842b2: start d23545be-7951-4ced-9e1c-af6ad8e842b2@group-22EF2DA5B5E3-FollowerState
2020-12-22 13:11:16,338 [grpc-default-executor-2] WARN  server.GrpcLogAppender (LogUtils.java:warn(122)) - cfc7b2a2-0619-4c85-8419-784b4b9eda1c@group-197856EE50CC->a9e5f8c8-f1d2-4256-bab8-e403c630398b-AppendLogResponseHandler: Failed appendEntries: org.apache.ratis.thirdparty.io.grpc.StatusRuntimeException: UNAVAILABLE: io exception
2020-12-22 13:11:16,340 [grpc-default-executor-2] WARN  server.GrpcLogAppender (GrpcLogAppender.java:resetClient(107)) - cfc7b2a2-0619-4c85-8419-784b4b9eda1c@group-197856EE50CC->a9e5f8c8-f1d2-4256-bab8-e403c630398b-GrpcLogAppender: Leader has not got in touch with Follower cfc7b2a2-0619-4c85-8419-784b4b9eda1c@group-197856EE50CC->a9e5f8c8-f1d2-4256-bab8-e403c630398b(c0,m0,n1, attendVote=true, lastRpcSendTime=1, lastRpcResponseTime=17033) yet, just keep nextIndex unchanged and retry.
2020-12-22 13:11:16,839 [grpc-default-executor-2] WARN  server.GrpcLogAppender (LogUtils.java:warn(122)) - cfc7b2a2-0619-4c85-8419-784b4b9eda1c@group-197856EE50CC->a9e5f8c8-f1d2-4256-bab8-e403c630398b-AppendLogResponseHandler: Failed appendEntries: org.apache.ratis.thirdparty.io.grpc.StatusRuntimeException: UNAVAILABLE: io exception
2020-12-22 13:11:16,840 [grpc-default-executor-2] WARN  server.GrpcLogAppender (GrpcLogAppender.java:resetClient(107)) - cfc7b2a2-0619-4c85-8419-784b4b9eda1c@group-197856EE50CC->a9e5f8c8-f1d2-4256-bab8-e403c630398b-GrpcLogAppender: Leader has not got in touch with Follower cfc7b2a2-0619-4c85-8419-784b4b9eda1c@group-197856EE50CC->a9e5f8c8-f1d2-4256-bab8-e403c630398b(c0,m0,n1, attendVote=true, lastRpcSendTime=0, lastRpcResponseTime=17533) yet, just keep nextIndex unchanged and retry.
2020-12-22 13:11:17,338 [Thread-806] INFO  impl.FollowerState (FollowerState.java:run(128)) - d23545be-7951-4ced-9e1c-af6ad8e842b2@group-22EF2DA5B5E3-FollowerState: change to CANDIDATE, lastRpcTime:1108ms, electionTimeout:1108ms
2020-12-22 13:11:17,338 [Thread-806] INFO  impl.RoleInfo (RoleInfo.java:shutdownFollowerState(121)) - d23545be-7951-4ced-9e1c-af6ad8e842b2: shutdown d23545be-7951-4ced-9e1c-af6ad8e842b2@group-22EF2DA5B5E3-FollowerState
2020-12-22 13:11:17,338 [Thread-806] INFO  impl.RaftServerImpl (RaftServerImpl.java:setRole(204)) - d23545be-7951-4ced-9e1c-af6ad8e842b2@group-22EF2DA5B5E3: changes role from  FOLLOWER to CANDIDATE at term 7 for changeToCandidate
2020-12-22 13:11:17,338 [Thread-806] INFO  impl.RoleInfo (RoleInfo.java:updateAndGet(143)) - d23545be-7951-4ced-9e1c-af6ad8e842b2: start d23545be-7951-4ced-9e1c-af6ad8e842b2@group-22EF2DA5B5E3-LeaderElection22
2020-12-22 13:11:17,340 [grpc-default-executor-2] WARN  server.GrpcLogAppender (LogUtils.java:warn(122)) - cfc7b2a2-0619-4c85-8419-784b4b9eda1c@group-197856EE50CC->a9e5f8c8-f1d2-4256-bab8-e403c630398b-AppendLogResponseHandler: Failed appendEntries: org.apache.ratis.thirdparty.io.grpc.StatusRuntimeException: UNAVAILABLE: io exception
2020-12-22 13:11:17,341 [grpc-default-executor-2] WARN  server.GrpcLogAppender (GrpcLogAppender.java:resetClient(107)) - cfc7b2a2-0619-4c85-8419-784b4b9eda1c@group-197856EE50CC->a9e5f8c8-f1d2-4256-bab8-e403c630398b-GrpcLogAppender: Leader has not got in touch with Follower cfc7b2a2-0619-4c85-8419-784b4b9eda1c@group-197856EE50CC->a9e5f8c8-f1d2-4256-bab8-e403c630398b(c0,m0,n1, attendVote=true, lastRpcSendTime=0, lastRpcResponseTime=18034) yet, just keep nextIndex unchanged and retry.
2020-12-22 13:11:17,343 [d23545be-7951-4ced-9e1c-af6ad8e842b2@group-22EF2DA5B5E3-LeaderElection22] INFO  impl.LeaderElection (LeaderElection.java:askForVotes(215)) - d23545be-7951-4ced-9e1c-af6ad8e842b2@group-22EF2DA5B5E3-LeaderElection22: begin an election at term 8 for 5: [630f7d82-7405-430a-acc4-3cca1d2988c7|rpc:172.17.0.2:39527|dataStream:, a9e5f8c8-f1d2-4256-bab8-e403c630398b|rpc:172.17.0.2:36741|dataStream:, d23545be-7951-4ced-9e1c-af6ad8e842b2|rpc:172.17.0.2:35453|dataStream:], old=null
2020-12-22 13:11:17,343 [d23545be-7951-4ced-9e1c-af6ad8e842b2@group-22EF2DA5B5E3-LeaderElection22] INFO  impl.LeaderElection (LogUtils.java:infoOrTrace(137)) - d23545be-7951-4ced-9e1c-af6ad8e842b2@group-22EF2DA5B5E3-LeaderElection22 got exception when requesting votes: java.util.concurrent.ExecutionException: org.apache.ratis.thirdparty.io.grpc.StatusRuntimeException: UNAVAILABLE: io exception
2020-12-22 13:11:17,344 [d23545be-7951-4ced-9e1c-af6ad8e842b2@group-22EF2DA5B5E3-LeaderElection22] INFO  impl.LeaderElection (LogUtils.java:infoOrTrace(137)) - d23545be-7951-4ced-9e1c-af6ad8e842b2@group-22EF2DA5B5E3-LeaderElection22 got exception when requesting votes: java.util.concurrent.ExecutionException: org.apache.ratis.thirdparty.io.grpc.StatusRuntimeException: UNAVAILABLE: io exception
2020-12-22 13:11:17,344 [d23545be-7951-4ced-9e1c-af6ad8e842b2@group-22EF2DA5B5E3-LeaderElection22] INFO  impl.LeaderElection (LeaderElection.java:logAndReturn(65)) - d23545be-7951-4ced-9e1c-af6ad8e842b2@group-22EF2DA5B5E3-LeaderElection22: Election REJECTED; received 0 response(s) [] and 2 exception(s); d23545be-7951-4ced-9e1c-af6ad8e842b2@group-22EF2DA5B5E3:t8, leader=null, voted=d23545be-7951-4ced-9e1c-af6ad8e842b2, raftlog=d23545be-7951-4ced-9e1c-af6ad8e842b2@group-22EF2DA5B5E3-SegmentedRaftLog:OPENED:c6,f6,i6, conf=5: [630f7d82-7405-430a-acc4-3cca1d2988c7|rpc:172.17.0.2:39527|dataStream:, a9e5f8c8-f1d2-4256-bab8-e403c630398b|rpc:172.17.0.2:36741|dataStream:, d23545be-7951-4ced-9e1c-af6ad8e842b2|rpc:172.17.0.2:35453|dataStream:], old=null
2020-12-22 13:11:17,344 [d23545be-7951-4ced-9e1c-af6ad8e842b2@group-22EF2DA5B5E3-LeaderElection22] INFO  impl.LeaderElection (LogUtils.java:infoOrTrace(137)) -   Exception 0: java.util.concurrent.ExecutionException: org.apache.ratis.thirdparty.io.grpc.StatusRuntimeException: UNAVAILABLE: io exception
2020-12-22 13:11:17,344 [d23545be-7951-4ced-9e1c-af6ad8e842b2@group-22EF2DA5B5E3-LeaderElection22] INFO  impl.LeaderElection (LogUtils.java:infoOrTrace(137)) -   Exception 1: java.util.concurrent.ExecutionException: org.apache.ratis.thirdparty.io.grpc.StatusRuntimeException: UNAVAILABLE: io exception
2020-12-22 13:11:17,344 [d23545be-7951-4ced-9e1c-af6ad8e842b2@group-22EF2DA5B5E3-LeaderElection22] INFO  impl.RaftServerImpl (RaftServerImpl.java:setRole(204)) - d23545be-7951-4ced-9e1c-af6ad8e842b2@group-22EF2DA5B5E3: changes role from CANDIDATE to FOLLOWER at term 8 for DISCOVERED_A_NEW_TERM
2020-12-22 13:11:17,344 [d23545be-7951-4ced-9e1c-af6ad8e842b2@group-22EF2DA5B5E3-LeaderElection22] INFO  impl.RoleInfo (RoleInfo.java:shutdownLeaderElection(134)) - d23545be-7951-4ced-9e1c-af6ad8e842b2: shutdown d23545be-7951-4ced-9e1c-af6ad8e842b2@group-22EF2DA5B5E3-LeaderElection22
2020-12-22 13:11:17,344 [d23545be-7951-4ced-9e1c-af6ad8e842b2@group-22EF2DA5B5E3-LeaderElection22] INFO  impl.RoleInfo (RoleInfo.java:updateAndGet(143)) - d23545be-7951-4ced-9e1c-af6ad8e842b2: start d23545be-7951-4ced-9e1c-af6ad8e842b2@group-22EF2DA5B5E3-FollowerState
2020-12-22 13:11:17,841 [grpc-default-executor-2] WARN  server.GrpcLogAppender (LogUtils.java:warn(122)) - cfc7b2a2-0619-4c85-8419-784b4b9eda1c@group-197856EE50CC->a9e5f8c8-f1d2-4256-bab8-e403c630398b-AppendLogResponseHandler: Failed appendEntries: org.apache.ratis.thirdparty.io.grpc.StatusRuntimeException: UNAVAILABLE: io exception
2020-12-22 13:11:17,843 [grpc-default-executor-2] WARN  server.GrpcLogAppender (GrpcLogAppender.java:resetClient(107)) - cfc7b2a2-0619-4c85-8419-784b4b9eda1c@group-197856EE50CC->a9e5f8c8-f1d2-4256-bab8-e403c630398b-GrpcLogAppender: Leader has not got in touch with Follower cfc7b2a2-0619-4c85-8419-784b4b9eda1c@group-197856EE50CC->a9e5f8c8-f1d2-4256-bab8-e403c630398b(c0,m0,n1, attendVote=true, lastRpcSendTime=1, lastRpcResponseTime=18536) yet, just keep nextIndex unchanged and retry.
2020-12-22 13:11:18,341 [grpc-default-executor-2] WARN  server.GrpcLogAppender (LogUtils.java:warn(122)) - cfc7b2a2-0619-4c85-8419-784b4b9eda1c@group-197856EE50CC->a9e5f8c8-f1d2-4256-bab8-e403c630398b-AppendLogResponseHandler: Failed appendEntries: org.apache.ratis.thirdparty.io.grpc.StatusRuntimeException: UNAVAILABLE: io exception
2020-12-22 13:11:18,342 [grpc-default-executor-2] WARN  server.GrpcLogAppender (GrpcLogAppender.java:resetClient(107)) - cfc7b2a2-0619-4c85-8419-784b4b9eda1c@group-197856EE50CC->a9e5f8c8-f1d2-4256-bab8-e403c630398b-GrpcLogAppender: Leader has not got in touch with Follower cfc7b2a2-0619-4c85-8419-784b4b9eda1c@group-197856EE50CC->a9e5f8c8-f1d2-4256-bab8-e403c630398b(c0,m0,n1, attendVote=true, lastRpcSendTime=0, lastRpcResponseTime=19035) yet, just keep nextIndex unchanged and retry.
2020-12-22 13:11:18,376 [Thread-820] INFO  impl.FollowerState (FollowerState.java:run(128)) - d23545be-7951-4ced-9e1c-af6ad8e842b2@group-22EF2DA5B5E3-FollowerState: change to CANDIDATE, lastRpcTime:1031ms, electionTimeout:1031ms
2020-12-22 13:11:18,376 [Thread-820] INFO  impl.RoleInfo (RoleInfo.java:shutdownFollowerState(121)) - d23545be-7951-4ced-9e1c-af6ad8e842b2: shutdown d23545be-7951-4ced-9e1c-af6ad8e842b2@group-22EF2DA5B5E3-FollowerState
2020-12-22 13:11:18,376 [Thread-820] INFO  impl.RaftServerImpl (RaftServerImpl.java:setRole(204)) - d23545be-7951-4ced-9e1c-af6ad8e842b2@group-22EF2DA5B5E3: changes role from  FOLLOWER to CANDIDATE at term 8 for changeToCandidate
2020-12-22 13:11:18,376 [Thread-820] INFO  impl.RoleInfo (RoleInfo.java:updateAndGet(143)) - d23545be-7951-4ced-9e1c-af6ad8e842b2: start d23545be-7951-4ced-9e1c-af6ad8e842b2@group-22EF2DA5B5E3-LeaderElection23
2020-12-22 13:11:18,379 [d23545be-7951-4ced-9e1c-af6ad8e842b2@group-22EF2DA5B5E3-LeaderElection23] INFO  impl.LeaderElection (LeaderElection.java:askForVotes(215)) - d23545be-7951-4ced-9e1c-af6ad8e842b2@group-22EF2DA5B5E3-LeaderElection23: begin an election at term 9 for 5: [630f7d82-7405-430a-acc4-3cca1d2988c7|rpc:172.17.0.2:39527|dataStream:, a9e5f8c8-f1d2-4256-bab8-e403c630398b|rpc:172.17.0.2:36741|dataStream:, d23545be-7951-4ced-9e1c-af6ad8e842b2|rpc:172.17.0.2:35453|dataStream:], old=null
2020-12-22 13:11:18,382 [d23545be-7951-4ced-9e1c-af6ad8e842b2@group-22EF2DA5B5E3-LeaderElection23] INFO  impl.LeaderElection (LogUtils.java:infoOrTrace(137)) - d23545be-7951-4ced-9e1c-af6ad8e842b2@group-22EF2DA5B5E3-LeaderElection23 got exception when requesting votes: java.util.concurrent.ExecutionException: org.apache.ratis.thirdparty.io.grpc.StatusRuntimeException: UNAVAILABLE: io exception
2020-12-22 13:11:18,382 [d23545be-7951-4ced-9e1c-af6ad8e842b2@group-22EF2DA5B5E3-LeaderElection23] INFO  impl.LeaderElection (LogUtils.java:infoOrTrace(137)) - d23545be-7951-4ced-9e1c-af6ad8e842b2@group-22EF2DA5B5E3-LeaderElection23 got exception when requesting votes: java.util.concurrent.ExecutionException: org.apache.ratis.thirdparty.io.grpc.StatusRuntimeException: UNAVAILABLE: io exception
2020-12-22 13:11:18,382 [d23545be-7951-4ced-9e1c-af6ad8e842b2@group-22EF2DA5B5E3-LeaderElection23] INFO  impl.LeaderElection (LeaderElection.java:logAndReturn(65)) - d23545be-7951-4ced-9e1c-af6ad8e842b2@group-22EF2DA5B5E3-LeaderElection23: Election REJECTED; received 0 response(s) [] and 2 exception(s); d23545be-7951-4ced-9e1c-af6ad8e842b2@group-22EF2DA5B5E3:t9, leader=null, voted=d23545be-7951-4ced-9e1c-af6ad8e842b2, raftlog=d23545be-7951-4ced-9e1c-af6ad8e842b2@group-22EF2DA5B5E3-SegmentedRaftLog:OPENED:c6,f6,i6, conf=5: [630f7d82-7405-430a-acc4-3cca1d2988c7|rpc:172.17.0.2:39527|dataStream:, a9e5f8c8-f1d2-4256-bab8-e403c630398b|rpc:172.17.0.2:36741|dataStream:, d23545be-7951-4ced-9e1c-af6ad8e842b2|rpc:172.17.0.2:35453|dataStream:], old=null
2020-12-22 13:11:18,382 [d23545be-7951-4ced-9e1c-af6ad8e842b2@group-22EF2DA5B5E3-LeaderElection23] INFO  impl.LeaderElection (LogUtils.java:infoOrTrace(137)) -   Exception 0: java.util.concurrent.ExecutionException: org.apache.ratis.thirdparty.io.grpc.StatusRuntimeException: UNAVAILABLE: io exception
2020-12-22 13:11:18,383 [d23545be-7951-4ced-9e1c-af6ad8e842b2@group-22EF2DA5B5E3-LeaderElection23] INFO  impl.LeaderElection (LogUtils.java:infoOrTrace(137)) -   Exception 1: java.util.concurrent.ExecutionException: org.apache.ratis.thirdparty.io.grpc.StatusRuntimeException: UNAVAILABLE: io exception
2020-12-22 13:11:18,383 [d23545be-7951-4ced-9e1c-af6ad8e842b2@group-22EF2DA5B5E3-LeaderElection23] INFO  impl.RaftServerImpl (RaftServerImpl.java:setRole(204)) - d23545be-7951-4ced-9e1c-af6ad8e842b2@group-22EF2DA5B5E3: changes role from CANDIDATE to FOLLOWER at term 9 for DISCOVERED_A_NEW_TERM
2020-12-22 13:11:18,383 [d23545be-7951-4ced-9e1c-af6ad8e842b2@group-22EF2DA5B5E3-LeaderElection23] INFO  impl.RoleInfo (RoleInfo.java:shutdownLeaderElection(134)) - d23545be-7951-4ced-9e1c-af6ad8e842b2: shutdown d23545be-7951-4ced-9e1c-af6ad8e842b2@group-22EF2DA5B5E3-LeaderElection23
2020-12-22 13:11:18,383 [d23545be-7951-4ced-9e1c-af6ad8e842b2@group-22EF2DA5B5E3-LeaderElection23] INFO  impl.RoleInfo (RoleInfo.java:updateAndGet(143)) - d23545be-7951-4ced-9e1c-af6ad8e842b2: start d23545be-7951-4ced-9e1c-af6ad8e842b2@group-22EF2DA5B5E3-FollowerState
2020-12-22 13:11:18,842 [grpc-default-executor-3] WARN  server.GrpcLogAppender (LogUtils.java:warn(122)) - cfc7b2a2-0619-4c85-8419-784b4b9eda1c@group-197856EE50CC->a9e5f8c8-f1d2-4256-bab8-e403c630398b-AppendLogResponseHandler: Failed appendEntries: org.apache.ratis.thirdparty.io.grpc.StatusRuntimeException: UNAVAILABLE: io exception
2020-12-22 13:11:18,844 [grpc-default-executor-3] WARN  server.GrpcLogAppender (GrpcLogAppender.java:resetClient(107)) - cfc7b2a2-0619-4c85-8419-784b4b9eda1c@group-197856EE50CC->a9e5f8c8-f1d2-4256-bab8-e403c630398b-GrpcLogAppender: Leader has not got in touch with Follower cfc7b2a2-0619-4c85-8419-784b4b9eda1c@group-197856EE50CC->a9e5f8c8-f1d2-4256-bab8-e403c630398b(c0,m0,n1, attendVote=true, lastRpcSendTime=2, lastRpcResponseTime=19538) yet, just keep nextIndex unchanged and retry.
2020-12-22 13:11:19,343 [grpc-default-executor-3] WARN  server.GrpcLogAppender (LogUtils.java:warn(122)) - cfc7b2a2-0619-4c85-8419-784b4b9eda1c@group-197856EE50CC->a9e5f8c8-f1d2-4256-bab8-e403c630398b-AppendLogResponseHandler: Failed appendEntries: org.apache.ratis.thirdparty.io.grpc.StatusRuntimeException: UNAVAILABLE: io exception
2020-12-22 13:11:19,344 [grpc-default-executor-3] WARN  server.GrpcLogAppender (GrpcLogAppender.java:resetClient(107)) - cfc7b2a2-0619-4c85-8419-784b4b9eda1c@group-197856EE50CC->a9e5f8c8-f1d2-4256-bab8-e403c630398b-GrpcLogAppender: Leader has not got in touch with Follower cfc7b2a2-0619-4c85-8419-784b4b9eda1c@group-197856EE50CC->a9e5f8c8-f1d2-4256-bab8-e403c630398b(c0,m0,n1, attendVote=true, lastRpcSendTime=0, lastRpcResponseTime=20037) yet, just keep nextIndex unchanged and retry.
2020-12-22 13:11:19,552 [Thread-834] INFO  impl.FollowerState (FollowerState.java:run(128)) - d23545be-7951-4ced-9e1c-af6ad8e842b2@group-22EF2DA5B5E3-FollowerState: change to CANDIDATE, lastRpcTime:1169ms, electionTimeout:1169ms
2020-12-22 13:11:19,552 [Thread-834] INFO  impl.RoleInfo (RoleInfo.java:shutdownFollowerState(121)) - d23545be-7951-4ced-9e1c-af6ad8e842b2: shutdown d23545be-7951-4ced-9e1c-af6ad8e842b2@group-22EF2DA5B5E3-FollowerState
2020-12-22 13:11:19,552 [Thread-834] INFO  impl.RaftServerImpl (RaftServerImpl.java:setRole(204)) - d23545be-7951-4ced-9e1c-af6ad8e842b2@group-22EF2DA5B5E3: changes role from  FOLLOWER to CANDIDATE at term 9 for changeToCandidate
2020-12-22 13:11:19,552 [Thread-834] INFO  impl.RoleInfo (RoleInfo.java:updateAndGet(143)) - d23545be-7951-4ced-9e1c-af6ad8e842b2: start d23545be-7951-4ced-9e1c-af6ad8e842b2@group-22EF2DA5B5E3-LeaderElection24
2020-12-22 13:11:19,555 [d23545be-7951-4ced-9e1c-af6ad8e842b2@group-22EF2DA5B5E3-LeaderElection24] INFO  impl.LeaderElection (LeaderElection.java:askForVotes(215)) - d23545be-7951-4ced-9e1c-af6ad8e842b2@group-22EF2DA5B5E3-LeaderElection24: begin an election at term 10 for 5: [630f7d82-7405-430a-acc4-3cca1d2988c7|rpc:172.17.0.2:39527|dataStream:, a9e5f8c8-f1d2-4256-bab8-e403c630398b|rpc:172.17.0.2:36741|dataStream:, d23545be-7951-4ced-9e1c-af6ad8e842b2|rpc:172.17.0.2:35453|dataStream:], old=null
2020-12-22 13:11:19,556 [d23545be-7951-4ced-9e1c-af6ad8e842b2@group-22EF2DA5B5E3-LeaderElection24] INFO  impl.LeaderElection (LogUtils.java:infoOrTrace(137)) - d23545be-7951-4ced-9e1c-af6ad8e842b2@group-22EF2DA5B5E3-LeaderElection24 got exception when requesting votes: java.util.concurrent.ExecutionException: org.apache.ratis.thirdparty.io.grpc.StatusRuntimeException: UNAVAILABLE: io exception
2020-12-22 13:11:19,556 [d23545be-7951-4ced-9e1c-af6ad8e842b2@group-22EF2DA5B5E3-LeaderElection24] INFO  impl.LeaderElection (LogUtils.java:infoOrTrace(137)) - d23545be-7951-4ced-9e1c-af6ad8e842b2@group-22EF2DA5B5E3-LeaderElection24 got exception when requesting votes: java.util.concurrent.ExecutionException: org.apache.ratis.thirdparty.io.grpc.StatusRuntimeException: UNAVAILABLE: io exception
2020-12-22 13:11:19,556 [d23545be-7951-4ced-9e1c-af6ad8e842b2@group-22EF2DA5B5E3-LeaderElection24] INFO  impl.LeaderElection (LeaderElection.java:logAndReturn(65)) - d23545be-7951-4ced-9e1c-af6ad8e842b2@group-22EF2DA5B5E3-LeaderElection24: Election REJECTED; received 0 response(s) [] and 2 exception(s); d23545be-7951-4ced-9e1c-af6ad8e842b2@group-22EF2DA5B5E3:t10, leader=null, voted=d23545be-7951-4ced-9e1c-af6ad8e842b2, raftlog=d23545be-7951-4ced-9e1c-af6ad8e842b2@group-22EF2DA5B5E3-SegmentedRaftLog:OPENED:c6,f6,i6, conf=5: [630f7d82-7405-430a-acc4-3cca1d2988c7|rpc:172.17.0.2:39527|dataStream:, a9e5f8c8-f1d2-4256-bab8-e403c630398b|rpc:172.17.0.2:36741|dataStream:, d23545be-7951-4ced-9e1c-af6ad8e842b2|rpc:172.17.0.2:35453|dataStream:], old=null
2020-12-22 13:11:19,556 [d23545be-7951-4ced-9e1c-af6ad8e842b2@group-22EF2DA5B5E3-LeaderElection24] INFO  impl.LeaderElection (LogUtils.java:infoOrTrace(137)) -   Exception 0: java.util.concurrent.ExecutionException: org.apache.ratis.thirdparty.io.grpc.StatusRuntimeException: UNAVAILABLE: io exception
2020-12-22 13:11:19,556 [d23545be-7951-4ced-9e1c-af6ad8e842b2@group-22EF2DA5B5E3-LeaderElection24] INFO  impl.LeaderElection (LogUtils.java:infoOrTrace(137)) -   Exception 1: java.util.concurrent.ExecutionException: org.apache.ratis.thirdparty.io.grpc.StatusRuntimeException: UNAVAILABLE: io exception
2020-12-22 13:11:19,556 [d23545be-7951-4ced-9e1c-af6ad8e842b2@group-22EF2DA5B5E3-LeaderElection24] INFO  impl.RaftServerImpl (RaftServerImpl.java:setRole(204)) - d23545be-7951-4ced-9e1c-af6ad8e842b2@group-22EF2DA5B5E3: changes role from CANDIDATE to FOLLOWER at term 10 for DISCOVERED_A_NEW_TERM
2020-12-22 13:11:19,556 [d23545be-7951-4ced-9e1c-af6ad8e842b2@group-22EF2DA5B5E3-LeaderElection24] INFO  impl.RoleInfo (RoleInfo.java:shutdownLeaderElection(134)) - d23545be-7951-4ced-9e1c-af6ad8e842b2: shutdown d23545be-7951-4ced-9e1c-af6ad8e842b2@group-22EF2DA5B5E3-LeaderElection24
2020-12-22 13:11:19,556 [d23545be-7951-4ced-9e1c-af6ad8e842b2@group-22EF2DA5B5E3-LeaderElection24] INFO  impl.RoleInfo (RoleInfo.java:updateAndGet(143)) - d23545be-7951-4ced-9e1c-af6ad8e842b2: start d23545be-7951-4ced-9e1c-af6ad8e842b2@group-22EF2DA5B5E3-FollowerState
2020-12-22 13:11:19,844 [grpc-default-executor-3] WARN  server.GrpcLogAppender (LogUtils.java:warn(122)) - cfc7b2a2-0619-4c85-8419-784b4b9eda1c@group-197856EE50CC->a9e5f8c8-f1d2-4256-bab8-e403c630398b-AppendLogResponseHandler: Failed appendEntries: org.apache.ratis.thirdparty.io.grpc.StatusRuntimeException: UNAVAILABLE: io exception
2020-12-22 13:11:19,846 [grpc-default-executor-3] WARN  server.GrpcLogAppender (GrpcLogAppender.java:resetClient(107)) - cfc7b2a2-0619-4c85-8419-784b4b9eda1c@group-197856EE50CC->a9e5f8c8-f1d2-4256-bab8-e403c630398b-GrpcLogAppender: Leader has not got in touch with Follower cfc7b2a2-0619-4c85-8419-784b4b9eda1c@group-197856EE50CC->a9e5f8c8-f1d2-4256-bab8-e403c630398b(c0,m0,n1, attendVote=true, lastRpcSendTime=2, lastRpcResponseTime=20539) yet, just keep nextIndex unchanged and retry.
2020-12-22 13:11:20,345 [grpc-default-executor-3] WARN  server.GrpcLogAppender (LogUtils.java:warn(122)) - cfc7b2a2-0619-4c85-8419-784b4b9eda1c@group-197856EE50CC->a9e5f8c8-f1d2-4256-bab8-e403c630398b-AppendLogResponseHandler: Failed appendEntries: org.apache.ratis.thirdparty.io.grpc.StatusRuntimeException: UNAVAILABLE: io exception
2020-12-22 13:11:20,346 [grpc-default-executor-3] WARN  server.GrpcLogAppender (GrpcLogAppender.java:resetClient(107)) - cfc7b2a2-0619-4c85-8419-784b4b9eda1c@group-197856EE50CC->a9e5f8c8-f1d2-4256-bab8-e403c630398b-GrpcLogAppender: Leader has not got in touch with Follower cfc7b2a2-0619-4c85-8419-784b4b9eda1c@group-197856EE50CC->a9e5f8c8-f1d2-4256-bab8-e403c630398b(c0,m0,n1, attendVote=true, lastRpcSendTime=0, lastRpcResponseTime=21039) yet, just keep nextIndex unchanged and retry.
2020-12-22 13:11:20,704 [Thread-850] INFO  impl.FollowerState (FollowerState.java:run(128)) - d23545be-7951-4ced-9e1c-af6ad8e842b2@group-22EF2DA5B5E3-FollowerState: change to CANDIDATE, lastRpcTime:1147ms, electionTimeout:1147ms
2020-12-22 13:11:20,704 [Thread-850] INFO  impl.RoleInfo (RoleInfo.java:shutdownFollowerState(121)) - d23545be-7951-4ced-9e1c-af6ad8e842b2: shutdown d23545be-7951-4ced-9e1c-af6ad8e842b2@group-22EF2DA5B5E3-FollowerState
2020-12-22 13:11:20,704 [Thread-850] INFO  impl.RaftServerImpl (RaftServerImpl.java:setRole(204)) - d23545be-7951-4ced-9e1c-af6ad8e842b2@group-22EF2DA5B5E3: changes role from  FOLLOWER to CANDIDATE at term 10 for changeToCandidate
2020-12-22 13:11:20,704 [Thread-850] INFO  impl.RoleInfo (RoleInfo.java:updateAndGet(143)) - d23545be-7951-4ced-9e1c-af6ad8e842b2: start d23545be-7951-4ced-9e1c-af6ad8e842b2@group-22EF2DA5B5E3-LeaderElection25
2020-12-22 13:11:20,707 [d23545be-7951-4ced-9e1c-af6ad8e842b2@group-22EF2DA5B5E3-LeaderElection25] INFO  impl.LeaderElection (LeaderElection.java:askForVotes(215)) - d23545be-7951-4ced-9e1c-af6ad8e842b2@group-22EF2DA5B5E3-LeaderElection25: begin an election at term 11 for 5: [630f7d82-7405-430a-acc4-3cca1d2988c7|rpc:172.17.0.2:39527|dataStream:, a9e5f8c8-f1d2-4256-bab8-e403c630398b|rpc:172.17.0.2:36741|dataStream:, d23545be-7951-4ced-9e1c-af6ad8e842b2|rpc:172.17.0.2:35453|dataStream:], old=null
2020-12-22 13:11:20,708 [d23545be-7951-4ced-9e1c-af6ad8e842b2@group-22EF2DA5B5E3-LeaderElection25] INFO  impl.LeaderElection (LogUtils.java:infoOrTrace(137)) - d23545be-7951-4ced-9e1c-af6ad8e842b2@group-22EF2DA5B5E3-LeaderElection25 got exception when requesting votes: java.util.concurrent.ExecutionException: org.apache.ratis.thirdparty.io.grpc.StatusRuntimeException: UNAVAILABLE: io exception
2020-12-22 13:11:20,709 [d23545be-7951-4ced-9e1c-af6ad8e842b2@group-22EF2DA5B5E3-LeaderElection25] INFO  impl.LeaderElection (LogUtils.java:infoOrTrace(137)) - d23545be-7951-4ced-9e1c-af6ad8e842b2@group-22EF2DA5B5E3-LeaderElection25 got exception when requesting votes: java.util.concurrent.ExecutionException: org.apache.ratis.thirdparty.io.grpc.StatusRuntimeException: UNAVAILABLE: io exception
2020-12-22 13:11:20,709 [d23545be-7951-4ced-9e1c-af6ad8e842b2@group-22EF2DA5B5E3-LeaderElection25] INFO  impl.LeaderElection (LeaderElection.java:logAndReturn(65)) - d23545be-7951-4ced-9e1c-af6ad8e842b2@group-22EF2DA5B5E3-LeaderElection25: Election REJECTED; received 0 response(s) [] and 2 exception(s); d23545be-7951-4ced-9e1c-af6ad8e842b2@group-22EF2DA5B5E3:t11, leader=null, voted=d23545be-7951-4ced-9e1c-af6ad8e842b2, raftlog=d23545be-7951-4ced-9e1c-af6ad8e842b2@group-22EF2DA5B5E3-SegmentedRaftLog:OPENED:c6,f6,i6, conf=5: [630f7d82-7405-430a-acc4-3cca1d2988c7|rpc:172.17.0.2:39527|dataStream:, a9e5f8c8-f1d2-4256-bab8-e403c630398b|rpc:172.17.0.2:36741|dataStream:, d23545be-7951-4ced-9e1c-af6ad8e842b2|rpc:172.17.0.2:35453|dataStream:], old=null
2020-12-22 13:11:20,709 [d23545be-7951-4ced-9e1c-af6ad8e842b2@group-22EF2DA5B5E3-LeaderElection25] INFO  impl.LeaderElection (LogUtils.java:infoOrTrace(137)) -   Exception 0: java.util.concurrent.ExecutionException: org.apache.ratis.thirdparty.io.grpc.StatusRuntimeException: UNAVAILABLE: io exception
2020-12-22 13:11:20,709 [d23545be-7951-4ced-9e1c-af6ad8e842b2@group-22EF2DA5B5E3-LeaderElection25] INFO  impl.LeaderElection (LogUtils.java:infoOrTrace(137)) -   Exception 1: java.util.concurrent.ExecutionException: org.apache.ratis.thirdparty.io.grpc.StatusRuntimeException: UNAVAILABLE: io exception
2020-12-22 13:11:20,709 [d23545be-7951-4ced-9e1c-af6ad8e842b2@group-22EF2DA5B5E3-LeaderElection25] INFO  impl.RaftServerImpl (RaftServerImpl.java:setRole(204)) - d23545be-7951-4ced-9e1c-af6ad8e842b2@group-22EF2DA5B5E3: changes role from CANDIDATE to FOLLOWER at term 11 for DISCOVERED_A_NEW_TERM
2020-12-22 13:11:20,709 [d23545be-7951-4ced-9e1c-af6ad8e842b2@group-22EF2DA5B5E3-LeaderElection25] INFO  impl.RoleInfo (RoleInfo.java:shutdownLeaderElection(134)) - d23545be-7951-4ced-9e1c-af6ad8e842b2: shutdown d23545be-7951-4ced-9e1c-af6ad8e842b2@group-22EF2DA5B5E3-LeaderElection25
2020-12-22 13:11:20,709 [d23545be-7951-4ced-9e1c-af6ad8e842b2@group-22EF2DA5B5E3-LeaderElection25] INFO  impl.RoleInfo (RoleInfo.java:updateAndGet(143)) - d23545be-7951-4ced-9e1c-af6ad8e842b2: start d23545be-7951-4ced-9e1c-af6ad8e842b2@group-22EF2DA5B5E3-FollowerState
2020-12-22 13:11:20,846 [grpc-default-executor-3] WARN  server.GrpcLogAppender (LogUtils.java:warn(122)) - cfc7b2a2-0619-4c85-8419-784b4b9eda1c@group-197856EE50CC->a9e5f8c8-f1d2-4256-bab8-e403c630398b-AppendLogResponseHandler: Failed appendEntries: org.apache.ratis.thirdparty.io.grpc.StatusRuntimeException: UNAVAILABLE: io exception
2020-12-22 13:11:20,848 [grpc-default-executor-3] WARN  server.GrpcLogAppender (GrpcLogAppender.java:resetClient(107)) - cfc7b2a2-0619-4c85-8419-784b4b9eda1c@group-197856EE50CC->a9e5f8c8-f1d2-4256-bab8-e403c630398b-GrpcLogAppender: Leader has not got in touch with Follower cfc7b2a2-0619-4c85-8419-784b4b9eda1c@group-197856EE50CC->a9e5f8c8-f1d2-4256-bab8-e403c630398b(c0,m0,n1, attendVote=true, lastRpcSendTime=2, lastRpcResponseTime=21541) yet, just keep nextIndex unchanged and retry.
2020-12-22 13:11:21,347 [grpc-default-executor-3] WARN  server.GrpcLogAppender (LogUtils.java:warn(122)) - cfc7b2a2-0619-4c85-8419-784b4b9eda1c@group-197856EE50CC->a9e5f8c8-f1d2-4256-bab8-e403c630398b-AppendLogResponseHandler: Failed appendEntries: org.apache.ratis.thirdparty.io.grpc.StatusRuntimeException: UNAVAILABLE: io exception
2020-12-22 13:11:21,348 [grpc-default-executor-3] WARN  server.GrpcLogAppender (GrpcLogAppender.java:resetClient(107)) - cfc7b2a2-0619-4c85-8419-784b4b9eda1c@group-197856EE50CC->a9e5f8c8-f1d2-4256-bab8-e403c630398b-GrpcLogAppender: Leader has not got in touch with Follower cfc7b2a2-0619-4c85-8419-784b4b9eda1c@group-197856EE50CC->a9e5f8c8-f1d2-4256-bab8-e403c630398b(c0,m0,n1, attendVote=true, lastRpcSendTime=0, lastRpcResponseTime=22041) yet, just keep nextIndex unchanged and retry.
2020-12-22 13:11:21,773 [Thread-865] INFO  impl.FollowerState (FollowerState.java:run(128)) - d23545be-7951-4ced-9e1c-af6ad8e842b2@group-22EF2DA5B5E3-FollowerState: change to CANDIDATE, lastRpcTime:1064ms, electionTimeout:1064ms
2020-12-22 13:11:21,774 [Thread-865] INFO  impl.RoleInfo (RoleInfo.java:shutdownFollowerState(121)) - d23545be-7951-4ced-9e1c-af6ad8e842b2: shutdown d23545be-7951-4ced-9e1c-af6ad8e842b2@group-22EF2DA5B5E3-FollowerState
2020-12-22 13:11:21,774 [Thread-865] INFO  impl.RaftServerImpl (RaftServerImpl.java:setRole(204)) - d23545be-7951-4ced-9e1c-af6ad8e842b2@group-22EF2DA5B5E3: changes role from  FOLLOWER to CANDIDATE at term 11 for changeToCandidate
2020-12-22 13:11:21,774 [Thread-865] INFO  impl.RoleInfo (RoleInfo.java:updateAndGet(143)) - d23545be-7951-4ced-9e1c-af6ad8e842b2: start d23545be-7951-4ced-9e1c-af6ad8e842b2@group-22EF2DA5B5E3-LeaderElection26
2020-12-22 13:11:21,777 [d23545be-7951-4ced-9e1c-af6ad8e842b2@group-22EF2DA5B5E3-LeaderElection26] INFO  impl.LeaderElection (LeaderElection.java:askForVotes(215)) - d23545be-7951-4ced-9e1c-af6ad8e842b2@group-22EF2DA5B5E3-LeaderElection26: begin an election at term 12 for 5: [630f7d82-7405-430a-acc4-3cca1d2988c7|rpc:172.17.0.2:39527|dataStream:, a9e5f8c8-f1d2-4256-bab8-e403c630398b|rpc:172.17.0.2:36741|dataStream:, d23545be-7951-4ced-9e1c-af6ad8e842b2|rpc:172.17.0.2:35453|dataStream:], old=null
2020-12-22 13:11:21,777 [d23545be-7951-4ced-9e1c-af6ad8e842b2@group-22EF2DA5B5E3-LeaderElection26] INFO  impl.LeaderElection (LogUtils.java:infoOrTrace(137)) - d23545be-7951-4ced-9e1c-af6ad8e842b2@group-22EF2DA5B5E3-LeaderElection26 got exception when requesting votes: java.util.concurrent.ExecutionException: org.apache.ratis.thirdparty.io.grpc.StatusRuntimeException: UNAVAILABLE: io exception
2020-12-22 13:11:21,777 [d23545be-7951-4ced-9e1c-af6ad8e842b2@group-22EF2DA5B5E3-LeaderElection26] INFO  impl.LeaderElection (LogUtils.java:infoOrTrace(137)) - d23545be-7951-4ced-9e1c-af6ad8e842b2@group-22EF2DA5B5E3-LeaderElection26 got exception when requesting votes: java.util.concurrent.ExecutionException: org.apache.ratis.thirdparty.io.grpc.StatusRuntimeException: UNAVAILABLE: io exception
2020-12-22 13:11:21,777 [d23545be-7951-4ced-9e1c-af6ad8e842b2@group-22EF2DA5B5E3-LeaderElection26] INFO  impl.LeaderElection (LeaderElection.java:logAndReturn(65)) - d23545be-7951-4ced-9e1c-af6ad8e842b2@group-22EF2DA5B5E3-LeaderElection26: Election REJECTED; received 0 response(s) [] and 2 exception(s); d23545be-7951-4ced-9e1c-af6ad8e842b2@group-22EF2DA5B5E3:t12, leader=null, voted=d23545be-7951-4ced-9e1c-af6ad8e842b2, raftlog=d23545be-7951-4ced-9e1c-af6ad8e842b2@group-22EF2DA5B5E3-SegmentedRaftLog:OPENED:c6,f6,i6, conf=5: [630f7d82-7405-430a-acc4-3cca1d2988c7|rpc:172.17.0.2:39527|dataStream:, a9e5f8c8-f1d2-4256-bab8-e403c630398b|rpc:172.17.0.2:36741|dataStream:, d23545be-7951-4ced-9e1c-af6ad8e842b2|rpc:172.17.0.2:35453|dataStream:], old=null
2020-12-22 13:11:21,778 [d23545be-7951-4ced-9e1c-af6ad8e842b2@group-22EF2DA5B5E3-LeaderElection26] INFO  impl.LeaderElection (LogUtils.java:infoOrTrace(137)) -   Exception 0: java.util.concurrent.ExecutionException: org.apache.ratis.thirdparty.io.grpc.StatusRuntimeException: UNAVAILABLE: io exception
2020-12-22 13:11:21,778 [d23545be-7951-4ced-9e1c-af6ad8e842b2@group-22EF2DA5B5E3-LeaderElection26] INFO  impl.LeaderElection (LogUtils.java:infoOrTrace(137)) -   Exception 1: java.util.concurrent.ExecutionException: org.apache.ratis.thirdparty.io.grpc.StatusRuntimeException: UNAVAILABLE: io exception
2020-12-22 13:11:21,778 [d23545be-7951-4ced-9e1c-af6ad8e842b2@group-22EF2DA5B5E3-LeaderElection26] INFO  impl.RaftServerImpl (RaftServerImpl.java:setRole(204)) - d23545be-7951-4ced-9e1c-af6ad8e842b2@group-22EF2DA5B5E3: changes role from CANDIDATE to FOLLOWER at term 12 for DISCOVERED_A_NEW_TERM
2020-12-22 13:11:21,778 [d23545be-7951-4ced-9e1c-af6ad8e842b2@group-22EF2DA5B5E3-LeaderElection26] INFO  impl.RoleInfo (RoleInfo.java:shutdownLeaderElection(134)) - d23545be-7951-4ced-9e1c-af6ad8e842b2: shutdown d23545be-7951-4ced-9e1c-af6ad8e842b2@group-22EF2DA5B5E3-LeaderElection26
2020-12-22 13:11:21,778 [d23545be-7951-4ced-9e1c-af6ad8e842b2@group-22EF2DA5B5E3-LeaderElection26] INFO  impl.RoleInfo (RoleInfo.java:updateAndGet(143)) - d23545be-7951-4ced-9e1c-af6ad8e842b2: start d23545be-7951-4ced-9e1c-af6ad8e842b2@group-22EF2DA5B5E3-FollowerState
2020-12-22 13:11:21,847 [grpc-default-executor-2] WARN  server.GrpcLogAppender (LogUtils.java:warn(122)) - cfc7b2a2-0619-4c85-8419-784b4b9eda1c@group-197856EE50CC->a9e5f8c8-f1d2-4256-bab8-e403c630398b-AppendLogResponseHandler: Failed appendEntries: org.apache.ratis.thirdparty.io.grpc.StatusRuntimeException: UNAVAILABLE: io exception
2020-12-22 13:11:21,849 [grpc-default-executor-2] WARN  server.GrpcLogAppender (GrpcLogAppender.java:resetClient(107)) - cfc7b2a2-0619-4c85-8419-784b4b9eda1c@group-197856EE50CC->a9e5f8c8-f1d2-4256-bab8-e403c630398b-GrpcLogAppender: Leader has not got in touch with Follower cfc7b2a2-0619-4c85-8419-784b4b9eda1c@group-197856EE50CC->a9e5f8c8-f1d2-4256-bab8-e403c630398b(c0,m0,n1, attendVote=true, lastRpcSendTime=1, lastRpcResponseTime=22542) yet, just keep nextIndex unchanged and retry.
2020-12-22 13:11:22,348 [grpc-default-executor-3] WARN  server.GrpcLogAppender (LogUtils.java:warn(122)) - cfc7b2a2-0619-4c85-8419-784b4b9eda1c@group-197856EE50CC->a9e5f8c8-f1d2-4256-bab8-e403c630398b-AppendLogResponseHandler: Failed appendEntries: org.apache.ratis.thirdparty.io.grpc.StatusRuntimeException: UNAVAILABLE: io exception
2020-12-22 13:11:22,349 [grpc-default-executor-3] WARN  server.GrpcLogAppender (GrpcLogAppender.java:resetClient(107)) - cfc7b2a2-0619-4c85-8419-784b4b9eda1c@group-197856EE50CC->a9e5f8c8-f1d2-4256-bab8-e403c630398b-GrpcLogAppender: Leader has not got in touch with Follower cfc7b2a2-0619-4c85-8419-784b4b9eda1c@group-197856EE50CC->a9e5f8c8-f1d2-4256-bab8-e403c630398b(c0,m0,n1, attendVote=true, lastRpcSendTime=0, lastRpcResponseTime=23043) yet, just keep nextIndex unchanged and retry.
2020-12-22 13:11:22,850 [grpc-default-executor-3] WARN  server.GrpcLogAppender (LogUtils.java:warn(122)) - cfc7b2a2-0619-4c85-8419-784b4b9eda1c@group-197856EE50CC->a9e5f8c8-f1d2-4256-bab8-e403c630398b-AppendLogResponseHandler: Failed appendEntries: org.apache.ratis.thirdparty.io.grpc.StatusRuntimeException: UNAVAILABLE: io exception
2020-12-22 13:11:22,850 [grpc-default-executor-3] WARN  server.GrpcLogAppender (GrpcLogAppender.java:resetClient(107)) - cfc7b2a2-0619-4c85-8419-784b4b9eda1c@group-197856EE50CC->a9e5f8c8-f1d2-4256-bab8-e403c630398b-GrpcLogAppender: Leader has not got in touch with Follower cfc7b2a2-0619-4c85-8419-784b4b9eda1c@group-197856EE50CC->a9e5f8c8-f1d2-4256-bab8-e403c630398b(c0,m0,n1, attendVote=true, lastRpcSendTime=0, lastRpcResponseTime=23544) yet, just keep nextIndex unchanged and retry.
2020-12-22 13:11:22,953 [Thread-882] INFO  impl.FollowerState (FollowerState.java:run(128)) - d23545be-7951-4ced-9e1c-af6ad8e842b2@group-22EF2DA5B5E3-FollowerState: change to CANDIDATE, lastRpcTime:1175ms, electionTimeout:1175ms
2020-12-22 13:11:22,953 [Thread-882] INFO  impl.RoleInfo (RoleInfo.java:shutdownFollowerState(121)) - d23545be-7951-4ced-9e1c-af6ad8e842b2: shutdown d23545be-7951-4ced-9e1c-af6ad8e842b2@group-22EF2DA5B5E3-FollowerState
2020-12-22 13:11:22,953 [Thread-882] INFO  impl.RaftServerImpl (RaftServerImpl.java:setRole(204)) - d23545be-7951-4ced-9e1c-af6ad8e842b2@group-22EF2DA5B5E3: changes role from  FOLLOWER to CANDIDATE at term 12 for changeToCandidate
2020-12-22 13:11:22,953 [Thread-882] INFO  impl.RoleInfo (RoleInfo.java:updateAndGet(143)) - d23545be-7951-4ced-9e1c-af6ad8e842b2: start d23545be-7951-4ced-9e1c-af6ad8e842b2@group-22EF2DA5B5E3-LeaderElection27
2020-12-22 13:11:22,956 [d23545be-7951-4ced-9e1c-af6ad8e842b2@group-22EF2DA5B5E3-LeaderElection27] INFO  impl.LeaderElection (LeaderElection.java:askForVotes(215)) - d23545be-7951-4ced-9e1c-af6ad8e842b2@group-22EF2DA5B5E3-LeaderElection27: begin an election at term 13 for 5: [630f7d82-7405-430a-acc4-3cca1d2988c7|rpc:172.17.0.2:39527|dataStream:, a9e5f8c8-f1d2-4256-bab8-e403c630398b|rpc:172.17.0.2:36741|dataStream:, d23545be-7951-4ced-9e1c-af6ad8e842b2|rpc:172.17.0.2:35453|dataStream:], old=null
2020-12-22 13:11:22,957 [d23545be-7951-4ced-9e1c-af6ad8e842b2@group-22EF2DA5B5E3-LeaderElection27] INFO  impl.LeaderElection (LogUtils.java:infoOrTrace(137)) - d23545be-7951-4ced-9e1c-af6ad8e842b2@group-22EF2DA5B5E3-LeaderElection27 got exception when requesting votes: java.util.concurrent.ExecutionException: org.apache.ratis.thirdparty.io.grpc.StatusRuntimeException: UNAVAILABLE: io exception
2020-12-22 13:11:22,958 [d23545be-7951-4ced-9e1c-af6ad8e842b2@group-22EF2DA5B5E3-LeaderElection27] INFO  impl.LeaderElection (LogUtils.java:infoOrTrace(137)) - d23545be-7951-4ced-9e1c-af6ad8e842b2@group-22EF2DA5B5E3-LeaderElection27 got exception when requesting votes: java.util.concurrent.ExecutionException: org.apache.ratis.thirdparty.io.grpc.StatusRuntimeException: UNAVAILABLE: io exception
2020-12-22 13:11:22,958 [d23545be-7951-4ced-9e1c-af6ad8e842b2@group-22EF2DA5B5E3-LeaderElection27] INFO  impl.LeaderElection (LeaderElection.java:logAndReturn(65)) - d23545be-7951-4ced-9e1c-af6ad8e842b2@group-22EF2DA5B5E3-LeaderElection27: Election REJECTED; received 0 response(s) [] and 2 exception(s); d23545be-7951-4ced-9e1c-af6ad8e842b2@group-22EF2DA5B5E3:t13, leader=null, voted=d23545be-7951-4ced-9e1c-af6ad8e842b2, raftlog=d23545be-7951-4ced-9e1c-af6ad8e842b2@group-22EF2DA5B5E3-SegmentedRaftLog:OPENED:c6,f6,i6, conf=5: [630f7d82-7405-430a-acc4-3cca1d2988c7|rpc:172.17.0.2:39527|dataStream:, a9e5f8c8-f1d2-4256-bab8-e403c630398b|rpc:172.17.0.2:36741|dataStream:, d23545be-7951-4ced-9e1c-af6ad8e842b2|rpc:172.17.0.2:35453|dataStream:], old=null
2020-12-22 13:11:22,958 [d23545be-7951-4ced-9e1c-af6ad8e842b2@group-22EF2DA5B5E3-LeaderElection27] INFO  impl.LeaderElection (LogUtils.java:infoOrTrace(137)) -   Exception 0: java.util.concurrent.ExecutionException: org.apache.ratis.thirdparty.io.grpc.StatusRuntimeException: UNAVAILABLE: io exception
2020-12-22 13:11:22,958 [d23545be-7951-4ced-9e1c-af6ad8e842b2@group-22EF2DA5B5E3-LeaderElection27] INFO  impl.LeaderElection (LogUtils.java:infoOrTrace(137)) -   Exception 1: java.util.concurrent.ExecutionException: org.apache.ratis.thirdparty.io.grpc.StatusRuntimeException: UNAVAILABLE: io exception
2020-12-22 13:11:22,958 [d23545be-7951-4ced-9e1c-af6ad8e842b2@group-22EF2DA5B5E3-LeaderElection27] INFO  impl.RaftServerImpl (RaftServerImpl.java:setRole(204)) - d23545be-7951-4ced-9e1c-af6ad8e842b2@group-22EF2DA5B5E3: changes role from CANDIDATE to FOLLOWER at term 13 for DISCOVERED_A_NEW_TERM
2020-12-22 13:11:22,958 [d23545be-7951-4ced-9e1c-af6ad8e842b2@group-22EF2DA5B5E3-LeaderElection27] INFO  impl.RoleInfo (RoleInfo.java:shutdownLeaderElection(134)) - d23545be-7951-4ced-9e1c-af6ad8e842b2: shutdown d23545be-7951-4ced-9e1c-af6ad8e842b2@group-22EF2DA5B5E3-LeaderElection27
2020-12-22 13:11:22,958 [d23545be-7951-4ced-9e1c-af6ad8e842b2@group-22EF2DA5B5E3-LeaderElection27] INFO  impl.RoleInfo (RoleInfo.java:updateAndGet(143)) - d23545be-7951-4ced-9e1c-af6ad8e842b2: start d23545be-7951-4ced-9e1c-af6ad8e842b2@group-22EF2DA5B5E3-FollowerState
2020-12-22 13:11:23,350 [grpc-default-executor-3] WARN  server.GrpcLogAppender (LogUtils.java:warn(122)) - cfc7b2a2-0619-4c85-8419-784b4b9eda1c@group-197856EE50CC->a9e5f8c8-f1d2-4256-bab8-e403c630398b-AppendLogResponseHandler: Failed appendEntries: org.apache.ratis.thirdparty.io.grpc.StatusRuntimeException: UNAVAILABLE: io exception
2020-12-22 13:11:23,352 [grpc-default-executor-3] WARN  server.GrpcLogAppender (GrpcLogAppender.java:resetClient(107)) - cfc7b2a2-0619-4c85-8419-784b4b9eda1c@group-197856EE50CC->a9e5f8c8-f1d2-4256-bab8-e403c630398b-GrpcLogAppender: Leader has not got in touch with Follower cfc7b2a2-0619-4c85-8419-784b4b9eda1c@group-197856EE50CC->a9e5f8c8-f1d2-4256-bab8-e403c630398b(c0,m0,n1, attendVote=true, lastRpcSendTime=1, lastRpcResponseTime=24045) yet, just keep nextIndex unchanged and retry.
2020-12-22 13:11:23,851 [grpc-default-executor-3] WARN  server.GrpcLogAppender (LogUtils.java:warn(122)) - cfc7b2a2-0619-4c85-8419-784b4b9eda1c@group-197856EE50CC->a9e5f8c8-f1d2-4256-bab8-e403c630398b-AppendLogResponseHandler: Failed appendEntries: org.apache.ratis.thirdparty.io.grpc.StatusRuntimeException: UNAVAILABLE: io exception
2020-12-22 13:11:23,852 [grpc-default-executor-3] WARN  server.GrpcLogAppender (GrpcLogAppender.java:resetClient(107)) - cfc7b2a2-0619-4c85-8419-784b4b9eda1c@group-197856EE50CC->a9e5f8c8-f1d2-4256-bab8-e403c630398b-GrpcLogAppender: Leader has not got in touch with Follower cfc7b2a2-0619-4c85-8419-784b4b9eda1c@group-197856EE50CC->a9e5f8c8-f1d2-4256-bab8-e403c630398b(c0,m0,n1, attendVote=true, lastRpcSendTime=0, lastRpcResponseTime=24545) yet, just keep nextIndex unchanged and retry.
2020-12-22 13:11:24,115 [Thread-897] INFO  impl.FollowerState (FollowerState.java:run(128)) - d23545be-7951-4ced-9e1c-af6ad8e842b2@group-22EF2DA5B5E3-FollowerState: change to CANDIDATE, lastRpcTime:1156ms, electionTimeout:1156ms
2020-12-22 13:11:24,115 [Thread-897] INFO  impl.RoleInfo (RoleInfo.java:shutdownFollowerState(121)) - d23545be-7951-4ced-9e1c-af6ad8e842b2: shutdown d23545be-7951-4ced-9e1c-af6ad8e842b2@group-22EF2DA5B5E3-FollowerState
2020-12-22 13:11:24,115 [Thread-897] INFO  impl.RaftServerImpl (RaftServerImpl.java:setRole(204)) - d23545be-7951-4ced-9e1c-af6ad8e842b2@group-22EF2DA5B5E3: changes role from  FOLLOWER to CANDIDATE at term 13 for changeToCandidate
2020-12-22 13:11:24,115 [Thread-897] INFO  impl.RoleInfo (RoleInfo.java:updateAndGet(143)) - d23545be-7951-4ced-9e1c-af6ad8e842b2: start d23545be-7951-4ced-9e1c-af6ad8e842b2@group-22EF2DA5B5E3-LeaderElection28
2020-12-22 13:11:24,118 [d23545be-7951-4ced-9e1c-af6ad8e842b2@group-22EF2DA5B5E3-LeaderElection28] INFO  impl.LeaderElection (LeaderElection.java:askForVotes(215)) - d23545be-7951-4ced-9e1c-af6ad8e842b2@group-22EF2DA5B5E3-LeaderElection28: begin an election at term 14 for 5: [630f7d82-7405-430a-acc4-3cca1d2988c7|rpc:172.17.0.2:39527|dataStream:, a9e5f8c8-f1d2-4256-bab8-e403c630398b|rpc:172.17.0.2:36741|dataStream:, d23545be-7951-4ced-9e1c-af6ad8e842b2|rpc:172.17.0.2:35453|dataStream:], old=null
2020-12-22 13:11:24,119 [d23545be-7951-4ced-9e1c-af6ad8e842b2@group-22EF2DA5B5E3-LeaderElection28] INFO  impl.LeaderElection (LogUtils.java:infoOrTrace(137)) - d23545be-7951-4ced-9e1c-af6ad8e842b2@group-22EF2DA5B5E3-LeaderElection28 got exception when requesting votes: java.util.concurrent.ExecutionException: org.apache.ratis.thirdparty.io.grpc.StatusRuntimeException: UNAVAILABLE: io exception
2020-12-22 13:11:24,119 [d23545be-7951-4ced-9e1c-af6ad8e842b2@group-22EF2DA5B5E3-LeaderElection28] INFO  impl.LeaderElection (LogUtils.java:infoOrTrace(137)) - d23545be-7951-4ced-9e1c-af6ad8e842b2@group-22EF2DA5B5E3-LeaderElection28 got exception when requesting votes: java.util.concurrent.ExecutionException: org.apache.ratis.thirdparty.io.grpc.StatusRuntimeException: UNAVAILABLE: io exception
2020-12-22 13:11:24,119 [d23545be-7951-4ced-9e1c-af6ad8e842b2@group-22EF2DA5B5E3-LeaderElection28] INFO  impl.LeaderElection (LeaderElection.java:logAndReturn(65)) - d23545be-7951-4ced-9e1c-af6ad8e842b2@group-22EF2DA5B5E3-LeaderElection28: Election REJECTED; received 0 response(s) [] and 2 exception(s); d23545be-7951-4ced-9e1c-af6ad8e842b2@group-22EF2DA5B5E3:t14, leader=null, voted=d23545be-7951-4ced-9e1c-af6ad8e842b2, raftlog=d23545be-7951-4ced-9e1c-af6ad8e842b2@group-22EF2DA5B5E3-SegmentedRaftLog:OPENED:c6,f6,i6, conf=5: [630f7d82-7405-430a-acc4-3cca1d2988c7|rpc:172.17.0.2:39527|dataStream:, a9e5f8c8-f1d2-4256-bab8-e403c630398b|rpc:172.17.0.2:36741|dataStream:, d23545be-7951-4ced-9e1c-af6ad8e842b2|rpc:172.17.0.2:35453|dataStream:], old=null
2020-12-22 13:11:24,119 [d23545be-7951-4ced-9e1c-af6ad8e842b2@group-22EF2DA5B5E3-LeaderElection28] INFO  impl.LeaderElection (LogUtils.java:infoOrTrace(137)) -   Exception 0: java.util.concurrent.ExecutionException: org.apache.ratis.thirdparty.io.grpc.StatusRuntimeException: UNAVAILABLE: io exception
2020-12-22 13:11:24,119 [d23545be-7951-4ced-9e1c-af6ad8e842b2@group-22EF2DA5B5E3-LeaderElection28] INFO  impl.LeaderElection (LogUtils.java:infoOrTrace(137)) -   Exception 1: java.util.concurrent.ExecutionException: org.apache.ratis.thirdparty.io.grpc.StatusRuntimeException: UNAVAILABLE: io exception
2020-12-22 13:11:24,119 [d23545be-7951-4ced-9e1c-af6ad8e842b2@group-22EF2DA5B5E3-LeaderElection28] INFO  impl.RaftServerImpl (RaftServerImpl.java:setRole(204)) - d23545be-7951-4ced-9e1c-af6ad8e842b2@group-22EF2DA5B5E3: changes role from CANDIDATE to FOLLOWER at term 14 for DISCOVERED_A_NEW_TERM
2020-12-22 13:11:24,119 [d23545be-7951-4ced-9e1c-af6ad8e842b2@group-22EF2DA5B5E3-LeaderElection28] INFO  impl.RoleInfo (RoleInfo.java:shutdownLeaderElection(134)) - d23545be-7951-4ced-9e1c-af6ad8e842b2: shutdown d23545be-7951-4ced-9e1c-af6ad8e842b2@group-22EF2DA5B5E3-LeaderElection28
2020-12-22 13:11:24,119 [d23545be-7951-4ced-9e1c-af6ad8e842b2@group-22EF2DA5B5E3-LeaderElection28] INFO  impl.RoleInfo (RoleInfo.java:updateAndGet(143)) - d23545be-7951-4ced-9e1c-af6ad8e842b2: start d23545be-7951-4ced-9e1c-af6ad8e842b2@group-22EF2DA5B5E3-FollowerState
2020-12-22 13:11:24,352 [grpc-default-executor-3] WARN  server.GrpcLogAppender (LogUtils.java:warn(122)) - cfc7b2a2-0619-4c85-8419-784b4b9eda1c@group-197856EE50CC->a9e5f8c8-f1d2-4256-bab8-e403c630398b-AppendLogResponseHandler: Failed appendEntries: org.apache.ratis.thirdparty.io.grpc.StatusRuntimeException: UNAVAILABLE: io exception
2020-12-22 13:11:24,354 [grpc-default-executor-3] WARN  server.GrpcLogAppender (GrpcLogAppender.java:resetClient(107)) - cfc7b2a2-0619-4c85-8419-784b4b9eda1c@group-197856EE50CC->a9e5f8c8-f1d2-4256-bab8-e403c630398b-GrpcLogAppender: Leader has not got in touch with Follower cfc7b2a2-0619-4c85-8419-784b4b9eda1c@group-197856EE50CC->a9e5f8c8-f1d2-4256-bab8-e403c630398b(c0,m0,n1, attendVote=true, lastRpcSendTime=1, lastRpcResponseTime=25047) yet, just keep nextIndex unchanged and retry.
2020-12-22 13:11:24,853 [grpc-default-executor-3] WARN  server.GrpcLogAppender (LogUtils.java:warn(122)) - cfc7b2a2-0619-4c85-8419-784b4b9eda1c@group-197856EE50CC->a9e5f8c8-f1d2-4256-bab8-e403c630398b-AppendLogResponseHandler: Failed appendEntries: org.apache.ratis.thirdparty.io.grpc.StatusRuntimeException: UNAVAILABLE: io exception
2020-12-22 13:11:24,854 [grpc-default-executor-3] WARN  server.GrpcLogAppender (GrpcLogAppender.java:resetClient(107)) - cfc7b2a2-0619-4c85-8419-784b4b9eda1c@group-197856EE50CC->a9e5f8c8-f1d2-4256-bab8-e403c630398b-GrpcLogAppender: Leader has not got in touch with Follower cfc7b2a2-0619-4c85-8419-784b4b9eda1c@group-197856EE50CC->a9e5f8c8-f1d2-4256-bab8-e403c630398b(c0,m0,n1, attendVote=true, lastRpcSendTime=0, lastRpcResponseTime=25547) yet, just keep nextIndex unchanged and retry.
2020-12-22 13:11:25,185 [Thread-911] INFO  impl.FollowerState (FollowerState.java:run(128)) - d23545be-7951-4ced-9e1c-af6ad8e842b2@group-22EF2DA5B5E3-FollowerState: change to CANDIDATE, lastRpcTime:1065ms, electionTimeout:1065ms
2020-12-22 13:11:25,185 [Thread-911] INFO  impl.RoleInfo (RoleInfo.java:shutdownFollowerState(121)) - d23545be-7951-4ced-9e1c-af6ad8e842b2: shutdown d23545be-7951-4ced-9e1c-af6ad8e842b2@group-22EF2DA5B5E3-FollowerState
2020-12-22 13:11:25,185 [Thread-911] INFO  impl.RaftServerImpl (RaftServerImpl.java:setRole(204)) - d23545be-7951-4ced-9e1c-af6ad8e842b2@group-22EF2DA5B5E3: changes role from  FOLLOWER to CANDIDATE at term 14 for changeToCandidate
2020-12-22 13:11:25,185 [Thread-911] INFO  impl.RoleInfo (RoleInfo.java:updateAndGet(143)) - d23545be-7951-4ced-9e1c-af6ad8e842b2: start d23545be-7951-4ced-9e1c-af6ad8e842b2@group-22EF2DA5B5E3-LeaderElection29
2020-12-22 13:11:25,188 [d23545be-7951-4ced-9e1c-af6ad8e842b2@group-22EF2DA5B5E3-LeaderElection29] INFO  impl.LeaderElection (LeaderElection.java:askForVotes(215)) - d23545be-7951-4ced-9e1c-af6ad8e842b2@group-22EF2DA5B5E3-LeaderElection29: begin an election at term 15 for 5: [630f7d82-7405-430a-acc4-3cca1d2988c7|rpc:172.17.0.2:39527|dataStream:, a9e5f8c8-f1d2-4256-bab8-e403c630398b|rpc:172.17.0.2:36741|dataStream:, d23545be-7951-4ced-9e1c-af6ad8e842b2|rpc:172.17.0.2:35453|dataStream:], old=null
2020-12-22 13:11:25,188 [d23545be-7951-4ced-9e1c-af6ad8e842b2@group-22EF2DA5B5E3-LeaderElection29] INFO  impl.LeaderElection (LogUtils.java:infoOrTrace(137)) - d23545be-7951-4ced-9e1c-af6ad8e842b2@group-22EF2DA5B5E3-LeaderElection29 got exception when requesting votes: java.util.concurrent.ExecutionException: org.apache.ratis.thirdparty.io.grpc.StatusRuntimeException: UNAVAILABLE: io exception
2020-12-22 13:11:25,190 [d23545be-7951-4ced-9e1c-af6ad8e842b2@group-22EF2DA5B5E3-LeaderElection29] INFO  impl.LeaderElection (LogUtils.java:infoOrTrace(137)) - d23545be-7951-4ced-9e1c-af6ad8e842b2@group-22EF2DA5B5E3-LeaderElection29 got exception when requesting votes: java.util.concurrent.ExecutionException: org.apache.ratis.thirdparty.io.grpc.StatusRuntimeException: UNAVAILABLE: io exception
2020-12-22 13:11:25,190 [d23545be-7951-4ced-9e1c-af6ad8e842b2@group-22EF2DA5B5E3-LeaderElection29] INFO  impl.LeaderElection (LeaderElection.java:logAndReturn(65)) - d23545be-7951-4ced-9e1c-af6ad8e842b2@group-22EF2DA5B5E3-LeaderElection29: Election REJECTED; received 0 response(s) [] and 2 exception(s); d23545be-7951-4ced-9e1c-af6ad8e842b2@group-22EF2DA5B5E3:t15, leader=null, voted=d23545be-7951-4ced-9e1c-af6ad8e842b2, raftlog=d23545be-7951-4ced-9e1c-af6ad8e842b2@group-22EF2DA5B5E3-SegmentedRaftLog:OPENED:c6,f6,i6, conf=5: [630f7d82-7405-430a-acc4-3cca1d2988c7|rpc:172.17.0.2:39527|dataStream:, a9e5f8c8-f1d2-4256-bab8-e403c630398b|rpc:172.17.0.2:36741|dataStream:, d23545be-7951-4ced-9e1c-af6ad8e842b2|rpc:172.17.0.2:35453|dataStream:], old=null
2020-12-22 13:11:25,190 [d23545be-7951-4ced-9e1c-af6ad8e842b2@group-22EF2DA5B5E3-LeaderElection29] INFO  impl.LeaderElection (LogUtils.java:infoOrTrace(137)) -   Exception 0: java.util.concurrent.ExecutionException: org.apache.ratis.thirdparty.io.grpc.StatusRuntimeException: UNAVAILABLE: io exception
2020-12-22 13:11:25,190 [d23545be-7951-4ced-9e1c-af6ad8e842b2@group-22EF2DA5B5E3-LeaderElection29] INFO  impl.LeaderElection (LogUtils.java:infoOrTrace(137)) -   Exception 1: java.util.concurrent.ExecutionException: org.apache.ratis.thirdparty.io.grpc.StatusRuntimeException: UNAVAILABLE: io exception
2020-12-22 13:11:25,190 [d23545be-7951-4ced-9e1c-af6ad8e842b2@group-22EF2DA5B5E3-LeaderElection29] INFO  impl.RaftServerImpl (RaftServerImpl.java:setRole(204)) - d23545be-7951-4ced-9e1c-af6ad8e842b2@group-22EF2DA5B5E3: changes role from CANDIDATE to FOLLOWER at term 15 for DISCOVERED_A_NEW_TERM
2020-12-22 13:11:25,190 [d23545be-7951-4ced-9e1c-af6ad8e842b2@group-22EF2DA5B5E3-LeaderElection29] INFO  impl.RoleInfo (RoleInfo.java:shutdownLeaderElection(134)) - d23545be-7951-4ced-9e1c-af6ad8e842b2: shutdown d23545be-7951-4ced-9e1c-af6ad8e842b2@group-22EF2DA5B5E3-LeaderElection29
2020-12-22 13:11:25,190 [d23545be-7951-4ced-9e1c-af6ad8e842b2@group-22EF2DA5B5E3-LeaderElection29] INFO  impl.RoleInfo (RoleInfo.java:updateAndGet(143)) - d23545be-7951-4ced-9e1c-af6ad8e842b2: start d23545be-7951-4ced-9e1c-af6ad8e842b2@group-22EF2DA5B5E3-FollowerState
2020-12-22 13:11:25,354 [grpc-default-executor-2] WARN  server.GrpcLogAppender (LogUtils.java:warn(122)) - cfc7b2a2-0619-4c85-8419-784b4b9eda1c@group-197856EE50CC->a9e5f8c8-f1d2-4256-bab8-e403c630398b-AppendLogResponseHandler: Failed appendEntries: org.apache.ratis.thirdparty.io.grpc.StatusRuntimeException: UNAVAILABLE: io exception
2020-12-22 13:11:25,356 [grpc-default-executor-2] WARN  server.GrpcLogAppender (GrpcLogAppender.java:resetClient(107)) - cfc7b2a2-0619-4c85-8419-784b4b9eda1c@group-197856EE50CC->a9e5f8c8-f1d2-4256-bab8-e403c630398b-GrpcLogAppender: Leader has not got in touch with Follower cfc7b2a2-0619-4c85-8419-784b4b9eda1c@group-197856EE50CC->a9e5f8c8-f1d2-4256-bab8-e403c630398b(c0,m0,n1, attendVote=true, lastRpcSendTime=1, lastRpcResponseTime=26049) yet, just keep nextIndex unchanged and retry.
2020-12-22 13:11:25,855 [grpc-default-executor-3] WARN  server.GrpcLogAppender (LogUtils.java:warn(122)) - cfc7b2a2-0619-4c85-8419-784b4b9eda1c@group-197856EE50CC->a9e5f8c8-f1d2-4256-bab8-e403c630398b-AppendLogResponseHandler: Failed appendEntries: org.apache.ratis.thirdparty.io.grpc.StatusRuntimeException: UNAVAILABLE: io exception
2020-12-22 13:11:25,855 [grpc-default-executor-3] WARN  server.GrpcLogAppender (GrpcLogAppender.java:resetClient(107)) - cfc7b2a2-0619-4c85-8419-784b4b9eda1c@group-197856EE50CC->a9e5f8c8-f1d2-4256-bab8-e403c630398b-GrpcLogAppender: Leader has not got in touch with Follower cfc7b2a2-0619-4c85-8419-784b4b9eda1c@group-197856EE50CC->a9e5f8c8-f1d2-4256-bab8-e403c630398b(c0,m0,n1, attendVote=true, lastRpcSendTime=0, lastRpcResponseTime=26549) yet, just keep nextIndex unchanged and retry.
2020-12-22 13:11:26,257 [Thread-928] INFO  impl.FollowerState (FollowerState.java:run(128)) - d23545be-7951-4ced-9e1c-af6ad8e842b2@group-22EF2DA5B5E3-FollowerState: change to CANDIDATE, lastRpcTime:1066ms, electionTimeout:1066ms
2020-12-22 13:11:26,257 [Thread-928] INFO  impl.RoleInfo (RoleInfo.java:shutdownFollowerState(121)) - d23545be-7951-4ced-9e1c-af6ad8e842b2: shutdown d23545be-7951-4ced-9e1c-af6ad8e842b2@group-22EF2DA5B5E3-FollowerState
2020-12-22 13:11:26,257 [Thread-928] INFO  impl.RaftServerImpl (RaftServerImpl.java:setRole(204)) - d23545be-7951-4ced-9e1c-af6ad8e842b2@group-22EF2DA5B5E3: changes role from  FOLLOWER to CANDIDATE at term 15 for changeToCandidate
2020-12-22 13:11:26,257 [Thread-928] INFO  impl.RoleInfo (RoleInfo.java:updateAndGet(143)) - d23545be-7951-4ced-9e1c-af6ad8e842b2: start d23545be-7951-4ced-9e1c-af6ad8e842b2@group-22EF2DA5B5E3-LeaderElection30
2020-12-22 13:11:26,260 [d23545be-7951-4ced-9e1c-af6ad8e842b2@group-22EF2DA5B5E3-LeaderElection30] INFO  impl.LeaderElection (LeaderElection.java:askForVotes(215)) - d23545be-7951-4ced-9e1c-af6ad8e842b2@group-22EF2DA5B5E3-LeaderElection30: begin an election at term 16 for 5: [630f7d82-7405-430a-acc4-3cca1d2988c7|rpc:172.17.0.2:39527|dataStream:, a9e5f8c8-f1d2-4256-bab8-e403c630398b|rpc:172.17.0.2:36741|dataStream:, d23545be-7951-4ced-9e1c-af6ad8e842b2|rpc:172.17.0.2:35453|dataStream:], old=null
2020-12-22 13:11:26,261 [d23545be-7951-4ced-9e1c-af6ad8e842b2@group-22EF2DA5B5E3-LeaderElection30] INFO  impl.LeaderElection (LogUtils.java:infoOrTrace(137)) - d23545be-7951-4ced-9e1c-af6ad8e842b2@group-22EF2DA5B5E3-LeaderElection30 got exception when requesting votes: java.util.concurrent.ExecutionException: org.apache.ratis.thirdparty.io.grpc.StatusRuntimeException: UNAVAILABLE: io exception
2020-12-22 13:11:26,262 [d23545be-7951-4ced-9e1c-af6ad8e842b2@group-22EF2DA5B5E3-LeaderElection30] INFO  impl.LeaderElection (LogUtils.java:infoOrTrace(137)) - d23545be-7951-4ced-9e1c-af6ad8e842b2@group-22EF2DA5B5E3-LeaderElection30 got exception when requesting votes: java.util.concurrent.ExecutionException: org.apache.ratis.thirdparty.io.grpc.StatusRuntimeException: UNAVAILABLE: io exception
2020-12-22 13:11:26,262 [d23545be-7951-4ced-9e1c-af6ad8e842b2@group-22EF2DA5B5E3-LeaderElection30] INFO  impl.LeaderElection (LeaderElection.java:logAndReturn(65)) - d23545be-7951-4ced-9e1c-af6ad8e842b2@group-22EF2DA5B5E3-LeaderElection30: Election REJECTED; received 0 response(s) [] and 2 exception(s); d23545be-7951-4ced-9e1c-af6ad8e842b2@group-22EF2DA5B5E3:t16, leader=null, voted=d23545be-7951-4ced-9e1c-af6ad8e842b2, raftlog=d23545be-7951-4ced-9e1c-af6ad8e842b2@group-22EF2DA5B5E3-SegmentedRaftLog:OPENED:c6,f6,i6, conf=5: [630f7d82-7405-430a-acc4-3cca1d2988c7|rpc:172.17.0.2:39527|dataStream:, a9e5f8c8-f1d2-4256-bab8-e403c630398b|rpc:172.17.0.2:36741|dataStream:, d23545be-7951-4ced-9e1c-af6ad8e842b2|rpc:172.17.0.2:35453|dataStream:], old=null
2020-12-22 13:11:26,262 [d23545be-7951-4ced-9e1c-af6ad8e842b2@group-22EF2DA5B5E3-LeaderElection30] INFO  impl.LeaderElection (LogUtils.java:infoOrTrace(137)) -   Exception 0: java.util.concurrent.ExecutionException: org.apache.ratis.thirdparty.io.grpc.StatusRuntimeException: UNAVAILABLE: io exception
2020-12-22 13:11:26,262 [d23545be-7951-4ced-9e1c-af6ad8e842b2@group-22EF2DA5B5E3-LeaderElection30] INFO  impl.LeaderElection (LogUtils.java:infoOrTrace(137)) -   Exception 1: java.util.concurrent.ExecutionException: org.apache.ratis.thirdparty.io.grpc.StatusRuntimeException: UNAVAILABLE: io exception
2020-12-22 13:11:26,262 [d23545be-7951-4ced-9e1c-af6ad8e842b2@group-22EF2DA5B5E3-LeaderElection30] INFO  impl.RaftServerImpl (RaftServerImpl.java:setRole(204)) - d23545be-7951-4ced-9e1c-af6ad8e842b2@group-22EF2DA5B5E3: changes role from CANDIDATE to FOLLOWER at term 16 for DISCOVERED_A_NEW_TERM
2020-12-22 13:11:26,262 [d23545be-7951-4ced-9e1c-af6ad8e842b2@group-22EF2DA5B5E3-LeaderElection30] INFO  impl.RoleInfo (RoleInfo.java:shutdownLeaderElection(134)) - d23545be-7951-4ced-9e1c-af6ad8e842b2: shutdown d23545be-7951-4ced-9e1c-af6ad8e842b2@group-22EF2DA5B5E3-LeaderElection30
2020-12-22 13:11:26,262 [d23545be-7951-4ced-9e1c-af6ad8e842b2@group-22EF2DA5B5E3-LeaderElection30] INFO  impl.RoleInfo (RoleInfo.java:updateAndGet(143)) - d23545be-7951-4ced-9e1c-af6ad8e842b2: start d23545be-7951-4ced-9e1c-af6ad8e842b2@group-22EF2DA5B5E3-FollowerState
2020-12-22 13:11:26,356 [grpc-default-executor-3] WARN  server.GrpcLogAppender (LogUtils.java:warn(122)) - cfc7b2a2-0619-4c85-8419-784b4b9eda1c@group-197856EE50CC->a9e5f8c8-f1d2-4256-bab8-e403c630398b-AppendLogResponseHandler: Failed appendEntries: org.apache.ratis.thirdparty.io.grpc.StatusRuntimeException: UNAVAILABLE: io exception
2020-12-22 13:11:26,357 [grpc-default-executor-3] WARN  server.GrpcLogAppender (GrpcLogAppender.java:resetClient(107)) - cfc7b2a2-0619-4c85-8419-784b4b9eda1c@group-197856EE50CC->a9e5f8c8-f1d2-4256-bab8-e403c630398b-GrpcLogAppender: Leader has not got in touch with Follower cfc7b2a2-0619-4c85-8419-784b4b9eda1c@group-197856EE50CC->a9e5f8c8-f1d2-4256-bab8-e403c630398b(c0,m0,n1, attendVote=true, lastRpcSendTime=1, lastRpcResponseTime=27051) yet, just keep nextIndex unchanged and retry.
2020-12-22 13:11:26,856 [grpc-default-executor-3] WARN  server.GrpcLogAppender (LogUtils.java:warn(122)) - cfc7b2a2-0619-4c85-8419-784b4b9eda1c@group-197856EE50CC->a9e5f8c8-f1d2-4256-bab8-e403c630398b-AppendLogResponseHandler: Failed appendEntries: org.apache.ratis.thirdparty.io.grpc.StatusRuntimeException: UNAVAILABLE: io exception
2020-12-22 13:11:26,857 [grpc-default-executor-3] WARN  server.GrpcLogAppender (GrpcLogAppender.java:resetClient(107)) - cfc7b2a2-0619-4c85-8419-784b4b9eda1c@group-197856EE50CC->a9e5f8c8-f1d2-4256-bab8-e403c630398b-GrpcLogAppender: Leader has not got in touch with Follower cfc7b2a2-0619-4c85-8419-784b4b9eda1c@group-197856EE50CC->a9e5f8c8-f1d2-4256-bab8-e403c630398b(c0,m0,n1, attendVote=true, lastRpcSendTime=0, lastRpcResponseTime=27550) yet, just keep nextIndex unchanged and retry.
2020-12-22 13:11:27,358 [grpc-default-executor-3] WARN  server.GrpcLogAppender (LogUtils.java:warn(122)) - cfc7b2a2-0619-4c85-8419-784b4b9eda1c@group-197856EE50CC->a9e5f8c8-f1d2-4256-bab8-e403c630398b-AppendLogResponseHandler: Failed appendEntries: org.apache.ratis.thirdparty.io.grpc.StatusRuntimeException: UNAVAILABLE: io exception
2020-12-22 13:11:27,359 [grpc-default-executor-3] WARN  server.GrpcLogAppender (GrpcLogAppender.java:resetClient(107)) - cfc7b2a2-0619-4c85-8419-784b4b9eda1c@group-197856EE50CC->a9e5f8c8-f1d2-4256-bab8-e403c630398b-GrpcLogAppender: Leader has not got in touch with Follower cfc7b2a2-0619-4c85-8419-784b4b9eda1c@group-197856EE50CC->a9e5f8c8-f1d2-4256-bab8-e403c630398b(c0,m0,n1, attendVote=true, lastRpcSendTime=0, lastRpcResponseTime=28052) yet, just keep nextIndex unchanged and retry.
2020-12-22 13:11:27,392 [Thread-945] INFO  impl.FollowerState (FollowerState.java:run(128)) - d23545be-7951-4ced-9e1c-af6ad8e842b2@group-22EF2DA5B5E3-FollowerState: change to CANDIDATE, lastRpcTime:1129ms, electionTimeout:1129ms
2020-12-22 13:11:27,392 [Thread-945] INFO  impl.RoleInfo (RoleInfo.java:shutdownFollowerState(121)) - d23545be-7951-4ced-9e1c-af6ad8e842b2: shutdown d23545be-7951-4ced-9e1c-af6ad8e842b2@group-22EF2DA5B5E3-FollowerState
2020-12-22 13:11:27,392 [Thread-945] INFO  impl.RaftServerImpl (RaftServerImpl.java:setRole(204)) - d23545be-7951-4ced-9e1c-af6ad8e842b2@group-22EF2DA5B5E3: changes role from  FOLLOWER to CANDIDATE at term 16 for changeToCandidate
2020-12-22 13:11:27,392 [Thread-945] INFO  impl.RoleInfo (RoleInfo.java:updateAndGet(143)) - d23545be-7951-4ced-9e1c-af6ad8e842b2: start d23545be-7951-4ced-9e1c-af6ad8e842b2@group-22EF2DA5B5E3-LeaderElection31
2020-12-22 13:11:27,395 [d23545be-7951-4ced-9e1c-af6ad8e842b2@group-22EF2DA5B5E3-LeaderElection31] INFO  impl.LeaderElection (LeaderElection.java:askForVotes(215)) - d23545be-7951-4ced-9e1c-af6ad8e842b2@group-22EF2DA5B5E3-LeaderElection31: begin an election at term 17 for 5: [630f7d82-7405-430a-acc4-3cca1d2988c7|rpc:172.17.0.2:39527|dataStream:, a9e5f8c8-f1d2-4256-bab8-e403c630398b|rpc:172.17.0.2:36741|dataStream:, d23545be-7951-4ced-9e1c-af6ad8e842b2|rpc:172.17.0.2:35453|dataStream:], old=null
2020-12-22 13:11:27,396 [d23545be-7951-4ced-9e1c-af6ad8e842b2@group-22EF2DA5B5E3-LeaderElection31] INFO  impl.LeaderElection (LogUtils.java:infoOrTrace(137)) - d23545be-7951-4ced-9e1c-af6ad8e842b2@group-22EF2DA5B5E3-LeaderElection31 got exception when requesting votes: java.util.concurrent.ExecutionException: org.apache.ratis.thirdparty.io.grpc.StatusRuntimeException: UNAVAILABLE: io exception
2020-12-22 13:11:27,396 [d23545be-7951-4ced-9e1c-af6ad8e842b2@group-22EF2DA5B5E3-LeaderElection31] INFO  impl.LeaderElection (LogUtils.java:infoOrTrace(137)) - d23545be-7951-4ced-9e1c-af6ad8e842b2@group-22EF2DA5B5E3-LeaderElection31 got exception when requesting votes: java.util.concurrent.ExecutionException: org.apache.ratis.thirdparty.io.grpc.StatusRuntimeException: UNAVAILABLE: io exception
2020-12-22 13:11:27,396 [d23545be-7951-4ced-9e1c-af6ad8e842b2@group-22EF2DA5B5E3-LeaderElection31] INFO  impl.LeaderElection (LeaderElection.java:logAndReturn(65)) - d23545be-7951-4ced-9e1c-af6ad8e842b2@group-22EF2DA5B5E3-LeaderElection31: Election REJECTED; received 0 response(s) [] and 2 exception(s); d23545be-7951-4ced-9e1c-af6ad8e842b2@group-22EF2DA5B5E3:t17, leader=null, voted=d23545be-7951-4ced-9e1c-af6ad8e842b2, raftlog=d23545be-7951-4ced-9e1c-af6ad8e842b2@group-22EF2DA5B5E3-SegmentedRaftLog:OPENED:c6,f6,i6, conf=5: [630f7d82-7405-430a-acc4-3cca1d2988c7|rpc:172.17.0.2:39527|dataStream:, a9e5f8c8-f1d2-4256-bab8-e403c630398b|rpc:172.17.0.2:36741|dataStream:, d23545be-7951-4ced-9e1c-af6ad8e842b2|rpc:172.17.0.2:35453|dataStream:], old=null
2020-12-22 13:11:27,396 [d23545be-7951-4ced-9e1c-af6ad8e842b2@group-22EF2DA5B5E3-LeaderElection31] INFO  impl.LeaderElection (LogUtils.java:infoOrTrace(137)) -   Exception 0: java.util.concurrent.ExecutionException: org.apache.ratis.thirdparty.io.grpc.StatusRuntimeException: UNAVAILABLE: io exception
2020-12-22 13:11:27,396 [d23545be-7951-4ced-9e1c-af6ad8e842b2@group-22EF2DA5B5E3-LeaderElection31] INFO  impl.LeaderElection (LogUtils.java:infoOrTrace(137)) -   Exception 1: java.util.concurrent.ExecutionException: org.apache.ratis.thirdparty.io.grpc.StatusRuntimeException: UNAVAILABLE: io exception
2020-12-22 13:11:27,397 [d23545be-7951-4ced-9e1c-af6ad8e842b2@group-22EF2DA5B5E3-LeaderElection31] INFO  impl.RaftServerImpl (RaftServerImpl.java:setRole(204)) - d23545be-7951-4ced-9e1c-af6ad8e842b2@group-22EF2DA5B5E3: changes role from CANDIDATE to FOLLOWER at term 17 for DISCOVERED_A_NEW_TERM
2020-12-22 13:11:27,397 [d23545be-7951-4ced-9e1c-af6ad8e842b2@group-22EF2DA5B5E3-LeaderElection31] INFO  impl.RoleInfo (RoleInfo.java:shutdownLeaderElection(134)) - d23545be-7951-4ced-9e1c-af6ad8e842b2: shutdown d23545be-7951-4ced-9e1c-af6ad8e842b2@group-22EF2DA5B5E3-LeaderElection31
2020-12-22 13:11:27,397 [d23545be-7951-4ced-9e1c-af6ad8e842b2@group-22EF2DA5B5E3-LeaderElection31] INFO  impl.RoleInfo (RoleInfo.java:updateAndGet(143)) - d23545be-7951-4ced-9e1c-af6ad8e842b2: start d23545be-7951-4ced-9e1c-af6ad8e842b2@group-22EF2DA5B5E3-FollowerState
2020-12-22 13:11:27,859 [grpc-default-executor-3] WARN  server.GrpcLogAppender (LogUtils.java:warn(122)) - cfc7b2a2-0619-4c85-8419-784b4b9eda1c@group-197856EE50CC->a9e5f8c8-f1d2-4256-bab8-e403c630398b-AppendLogResponseHandler: Failed appendEntries: org.apache.ratis.thirdparty.io.grpc.StatusRuntimeException: UNAVAILABLE: io exception
2020-12-22 13:11:27,861 [grpc-default-executor-3] WARN  server.GrpcLogAppender (GrpcLogAppender.java:resetClient(107)) - cfc7b2a2-0619-4c85-8419-784b4b9eda1c@group-197856EE50CC->a9e5f8c8-f1d2-4256-bab8-e403c630398b-GrpcLogAppender: Leader has not got in touch with Follower cfc7b2a2-0619-4c85-8419-784b4b9eda1c@group-197856EE50CC->a9e5f8c8-f1d2-4256-bab8-e403c630398b(c0,m0,n1, attendVote=true, lastRpcSendTime=1, lastRpcResponseTime=28554) yet, just keep nextIndex unchanged and retry.
2020-12-22 13:11:28,359 [grpc-default-executor-2] WARN  server.GrpcLogAppender (LogUtils.java:warn(122)) - cfc7b2a2-0619-4c85-8419-784b4b9eda1c@group-197856EE50CC->a9e5f8c8-f1d2-4256-bab8-e403c630398b-AppendLogResponseHandler: Failed appendEntries: org.apache.ratis.thirdparty.io.grpc.StatusRuntimeException: UNAVAILABLE: io exception
2020-12-22 13:11:28,360 [grpc-default-executor-2] WARN  server.GrpcLogAppender (GrpcLogAppender.java:resetClient(107)) - cfc7b2a2-0619-4c85-8419-784b4b9eda1c@group-197856EE50CC->a9e5f8c8-f1d2-4256-bab8-e403c630398b-GrpcLogAppender: Leader has not got in touch with Follower cfc7b2a2-0619-4c85-8419-784b4b9eda1c@group-197856EE50CC->a9e5f8c8-f1d2-4256-bab8-e403c630398b(c0,m0,n1, attendVote=true, lastRpcSendTime=0, lastRpcResponseTime=29053) yet, just keep nextIndex unchanged and retry.
2020-12-22 13:11:28,410 [Thread-959] INFO  impl.FollowerState (FollowerState.java:run(128)) - d23545be-7951-4ced-9e1c-af6ad8e842b2@group-22EF2DA5B5E3-FollowerState: change to CANDIDATE, lastRpcTime:1013ms, electionTimeout:1013ms
2020-12-22 13:11:28,410 [Thread-959] INFO  impl.RoleInfo (RoleInfo.java:shutdownFollowerState(121)) - d23545be-7951-4ced-9e1c-af6ad8e842b2: shutdown d23545be-7951-4ced-9e1c-af6ad8e842b2@group-22EF2DA5B5E3-FollowerState
2020-12-22 13:11:28,411 [Thread-959] INFO  impl.RaftServerImpl (RaftServerImpl.java:setRole(204)) - d23545be-7951-4ced-9e1c-af6ad8e842b2@group-22EF2DA5B5E3: changes role from  FOLLOWER to CANDIDATE at term 17 for changeToCandidate
2020-12-22 13:11:28,411 [Thread-959] INFO  impl.RoleInfo (RoleInfo.java:updateAndGet(143)) - d23545be-7951-4ced-9e1c-af6ad8e842b2: start d23545be-7951-4ced-9e1c-af6ad8e842b2@group-22EF2DA5B5E3-LeaderElection32
2020-12-22 13:11:28,414 [d23545be-7951-4ced-9e1c-af6ad8e842b2@group-22EF2DA5B5E3-LeaderElection32] INFO  impl.LeaderElection (LeaderElection.java:askForVotes(215)) - d23545be-7951-4ced-9e1c-af6ad8e842b2@group-22EF2DA5B5E3-LeaderElection32: begin an election at term 18 for 5: [630f7d82-7405-430a-acc4-3cca1d2988c7|rpc:172.17.0.2:39527|dataStream:, a9e5f8c8-f1d2-4256-bab8-e403c630398b|rpc:172.17.0.2:36741|dataStream:, d23545be-7951-4ced-9e1c-af6ad8e842b2|rpc:172.17.0.2:35453|dataStream:], old=null
2020-12-22 13:11:28,415 [d23545be-7951-4ced-9e1c-af6ad8e842b2@group-22EF2DA5B5E3-LeaderElection32] INFO  impl.LeaderElection (LogUtils.java:infoOrTrace(137)) - d23545be-7951-4ced-9e1c-af6ad8e842b2@group-22EF2DA5B5E3-LeaderElection32 got exception when requesting votes: java.util.concurrent.ExecutionException: org.apache.ratis.thirdparty.io.grpc.StatusRuntimeException: UNAVAILABLE: io exception
2020-12-22 13:11:28,415 [d23545be-7951-4ced-9e1c-af6ad8e842b2@group-22EF2DA5B5E3-LeaderElection32] INFO  impl.LeaderElection (LogUtils.java:infoOrTrace(137)) - d23545be-7951-4ced-9e1c-af6ad8e842b2@group-22EF2DA5B5E3-LeaderElection32 got exception when requesting votes: java.util.concurrent.ExecutionException: org.apache.ratis.thirdparty.io.grpc.StatusRuntimeException: UNAVAILABLE: io exception
2020-12-22 13:11:28,415 [d23545be-7951-4ced-9e1c-af6ad8e842b2@group-22EF2DA5B5E3-LeaderElection32] INFO  impl.LeaderElection (LeaderElection.java:logAndReturn(65)) - d23545be-7951-4ced-9e1c-af6ad8e842b2@group-22EF2DA5B5E3-LeaderElection32: Election REJECTED; received 0 response(s) [] and 2 exception(s); d23545be-7951-4ced-9e1c-af6ad8e842b2@group-22EF2DA5B5E3:t18, leader=null, voted=d23545be-7951-4ced-9e1c-af6ad8e842b2, raftlog=d23545be-7951-4ced-9e1c-af6ad8e842b2@group-22EF2DA5B5E3-SegmentedRaftLog:OPENED:c6,f6,i6, conf=5: [630f7d82-7405-430a-acc4-3cca1d2988c7|rpc:172.17.0.2:39527|dataStream:, a9e5f8c8-f1d2-4256-bab8-e403c630398b|rpc:172.17.0.2:36741|dataStream:, d23545be-7951-4ced-9e1c-af6ad8e842b2|rpc:172.17.0.2:35453|dataStream:], old=null
2020-12-22 13:11:28,415 [d23545be-7951-4ced-9e1c-af6ad8e842b2@group-22EF2DA5B5E3-LeaderElection32] INFO  impl.LeaderElection (LogUtils.java:infoOrTrace(137)) -   Exception 0: java.util.concurrent.ExecutionException: org.apache.ratis.thirdparty.io.grpc.StatusRuntimeException: UNAVAILABLE: io exception
2020-12-22 13:11:28,415 [d23545be-7951-4ced-9e1c-af6ad8e842b2@group-22EF2DA5B5E3-LeaderElection32] INFO  impl.LeaderElection (LogUtils.java:infoOrTrace(137)) -   Exception 1: java.util.concurrent.ExecutionException: org.apache.ratis.thirdparty.io.grpc.StatusRuntimeException: UNAVAILABLE: io exception
2020-12-22 13:11:28,415 [d23545be-7951-4ced-9e1c-af6ad8e842b2@group-22EF2DA5B5E3-LeaderElection32] INFO  impl.RaftServerImpl (RaftServerImpl.java:setRole(204)) - d23545be-7951-4ced-9e1c-af6ad8e842b2@group-22EF2DA5B5E3: changes role from CANDIDATE to FOLLOWER at term 18 for DISCOVERED_A_NEW_TERM
2020-12-22 13:11:28,415 [d23545be-7951-4ced-9e1c-af6ad8e842b2@group-22EF2DA5B5E3-LeaderElection32] INFO  impl.RoleInfo (RoleInfo.java:shutdownLeaderElection(134)) - d23545be-7951-4ced-9e1c-af6ad8e842b2: shutdown d23545be-7951-4ced-9e1c-af6ad8e842b2@group-22EF2DA5B5E3-LeaderElection32
2020-12-22 13:11:28,415 [d23545be-7951-4ced-9e1c-af6ad8e842b2@group-22EF2DA5B5E3-LeaderElection32] INFO  impl.RoleInfo (RoleInfo.java:updateAndGet(143)) - d23545be-7951-4ced-9e1c-af6ad8e842b2: start d23545be-7951-4ced-9e1c-af6ad8e842b2@group-22EF2DA5B5E3-FollowerState
2020-12-22 13:11:28,861 [grpc-default-executor-2] WARN  server.GrpcLogAppender (LogUtils.java:warn(122)) - cfc7b2a2-0619-4c85-8419-784b4b9eda1c@group-197856EE50CC->a9e5f8c8-f1d2-4256-bab8-e403c630398b-AppendLogResponseHandler: Failed appendEntries: org.apache.ratis.thirdparty.io.grpc.StatusRuntimeException: UNAVAILABLE: io exception
2020-12-22 13:11:28,862 [grpc-default-executor-2] WARN  server.GrpcLogAppender (GrpcLogAppender.java:resetClient(107)) - cfc7b2a2-0619-4c85-8419-784b4b9eda1c@group-197856EE50CC->a9e5f8c8-f1d2-4256-bab8-e403c630398b-GrpcLogAppender: Leader has not got in touch with Follower cfc7b2a2-0619-4c85-8419-784b4b9eda1c@group-197856EE50CC->a9e5f8c8-f1d2-4256-bab8-e403c630398b(c0,m0,n1, attendVote=true, lastRpcSendTime=1, lastRpcResponseTime=29556) yet, just keep nextIndex unchanged and retry.
2020-12-22 13:11:29,362 [grpc-default-executor-1] WARN  server.GrpcLogAppender (LogUtils.java:warn(122)) - cfc7b2a2-0619-4c85-8419-784b4b9eda1c@group-197856EE50CC->a9e5f8c8-f1d2-4256-bab8-e403c630398b-AppendLogResponseHandler: Failed appendEntries: org.apache.ratis.thirdparty.io.grpc.StatusRuntimeException: UNAVAILABLE: io exception
2020-12-22 13:11:29,363 [grpc-default-executor-1] WARN  server.GrpcLogAppender (GrpcLogAppender.java:resetClient(107)) - cfc7b2a2-0619-4c85-8419-784b4b9eda1c@group-197856EE50CC->a9e5f8c8-f1d2-4256-bab8-e403c630398b-GrpcLogAppender: Leader has not got in touch with Follower cfc7b2a2-0619-4c85-8419-784b4b9eda1c@group-197856EE50CC->a9e5f8c8-f1d2-4256-bab8-e403c630398b(c0,m0,n1, attendVote=true, lastRpcSendTime=0, lastRpcResponseTime=30056) yet, just keep nextIndex unchanged and retry.
2020-12-22 13:11:29,577 [Thread-973] INFO  impl.FollowerState (FollowerState.java:run(128)) - d23545be-7951-4ced-9e1c-af6ad8e842b2@group-22EF2DA5B5E3-FollowerState: change to CANDIDATE, lastRpcTime:1161ms, electionTimeout:1161ms
2020-12-22 13:11:29,577 [Thread-973] INFO  impl.RoleInfo (RoleInfo.java:shutdownFollowerState(121)) - d23545be-7951-4ced-9e1c-af6ad8e842b2: shutdown d23545be-7951-4ced-9e1c-af6ad8e842b2@group-22EF2DA5B5E3-FollowerState
2020-12-22 13:11:29,577 [Thread-973] INFO  impl.RaftServerImpl (RaftServerImpl.java:setRole(204)) - d23545be-7951-4ced-9e1c-af6ad8e842b2@group-22EF2DA5B5E3: changes role from  FOLLOWER to CANDIDATE at term 18 for changeToCandidate
2020-12-22 13:11:29,577 [Thread-973] INFO  impl.RoleInfo (RoleInfo.java:updateAndGet(143)) - d23545be-7951-4ced-9e1c-af6ad8e842b2: start d23545be-7951-4ced-9e1c-af6ad8e842b2@group-22EF2DA5B5E3-LeaderElection33
2020-12-22 13:11:29,580 [d23545be-7951-4ced-9e1c-af6ad8e842b2@group-22EF2DA5B5E3-LeaderElection33] INFO  impl.LeaderElection (LeaderElection.java:askForVotes(215)) - d23545be-7951-4ced-9e1c-af6ad8e842b2@group-22EF2DA5B5E3-LeaderElection33: begin an election at term 19 for 5: [630f7d82-7405-430a-acc4-3cca1d2988c7|rpc:172.17.0.2:39527|dataStream:, a9e5f8c8-f1d2-4256-bab8-e403c630398b|rpc:172.17.0.2:36741|dataStream:, d23545be-7951-4ced-9e1c-af6ad8e842b2|rpc:172.17.0.2:35453|dataStream:], old=null
2020-12-22 13:11:29,580 [d23545be-7951-4ced-9e1c-af6ad8e842b2@group-22EF2DA5B5E3-LeaderElection33] INFO  impl.LeaderElection (LogUtils.java:infoOrTrace(137)) - d23545be-7951-4ced-9e1c-af6ad8e842b2@group-22EF2DA5B5E3-LeaderElection33 got exception when requesting votes: java.util.concurrent.ExecutionException: org.apache.ratis.thirdparty.io.grpc.StatusRuntimeException: UNAVAILABLE: io exception
2020-12-22 13:11:29,581 [d23545be-7951-4ced-9e1c-af6ad8e842b2@group-22EF2DA5B5E3-LeaderElection33] INFO  impl.LeaderElection (LogUtils.java:infoOrTrace(137)) - d23545be-7951-4ced-9e1c-af6ad8e842b2@group-22EF2DA5B5E3-LeaderElection33 got exception when requesting votes: java.util.concurrent.ExecutionException: org.apache.ratis.thirdparty.io.grpc.StatusRuntimeException: UNAVAILABLE: io exception
2020-12-22 13:11:29,581 [d23545be-7951-4ced-9e1c-af6ad8e842b2@group-22EF2DA5B5E3-LeaderElection33] INFO  impl.LeaderElection (LeaderElection.java:logAndReturn(65)) - d23545be-7951-4ced-9e1c-af6ad8e842b2@group-22EF2DA5B5E3-LeaderElection33: Election REJECTED; received 0 response(s) [] and 2 exception(s); d23545be-7951-4ced-9e1c-af6ad8e842b2@group-22EF2DA5B5E3:t19, leader=null, voted=d23545be-7951-4ced-9e1c-af6ad8e842b2, raftlog=d23545be-7951-4ced-9e1c-af6ad8e842b2@group-22EF2DA5B5E3-SegmentedRaftLog:OPENED:c6,f6,i6, conf=5: [630f7d82-7405-430a-acc4-3cca1d2988c7|rpc:172.17.0.2:39527|dataStream:, a9e5f8c8-f1d2-4256-bab8-e403c630398b|rpc:172.17.0.2:36741|dataStream:, d23545be-7951-4ced-9e1c-af6ad8e842b2|rpc:172.17.0.2:35453|dataStream:], old=null
2020-12-22 13:11:29,581 [d23545be-7951-4ced-9e1c-af6ad8e842b2@group-22EF2DA5B5E3-LeaderElection33] INFO  impl.LeaderElection (LogUtils.java:infoOrTrace(137)) -   Exception 0: java.util.concurrent.ExecutionException: org.apache.ratis.thirdparty.io.grpc.StatusRuntimeException: UNAVAILABLE: io exception
2020-12-22 13:11:29,581 [d23545be-7951-4ced-9e1c-af6ad8e842b2@group-22EF2DA5B5E3-LeaderElection33] INFO  impl.LeaderElection (LogUtils.java:infoOrTrace(137)) -   Exception 1: java.util.concurrent.ExecutionException: org.apache.ratis.thirdparty.io.grpc.StatusRuntimeException: UNAVAILABLE: io exception
2020-12-22 13:11:29,582 [d23545be-7951-4ced-9e1c-af6ad8e842b2@group-22EF2DA5B5E3-LeaderElection33] INFO  impl.RaftServerImpl (RaftServerImpl.java:setRole(204)) - d23545be-7951-4ced-9e1c-af6ad8e842b2@group-22EF2DA5B5E3: changes role from CANDIDATE to FOLLOWER at term 19 for DISCOVERED_A_NEW_TERM
2020-12-22 13:11:29,582 [d23545be-7951-4ced-9e1c-af6ad8e842b2@group-22EF2DA5B5E3-LeaderElection33] INFO  impl.RoleInfo (RoleInfo.java:shutdownLeaderElection(134)) - d23545be-7951-4ced-9e1c-af6ad8e842b2: shutdown d23545be-7951-4ced-9e1c-af6ad8e842b2@group-22EF2DA5B5E3-LeaderElection33
2020-12-22 13:11:29,582 [d23545be-7951-4ced-9e1c-af6ad8e842b2@group-22EF2DA5B5E3-LeaderElection33] INFO  impl.RoleInfo (RoleInfo.java:updateAndGet(143)) - d23545be-7951-4ced-9e1c-af6ad8e842b2: start d23545be-7951-4ced-9e1c-af6ad8e842b2@group-22EF2DA5B5E3-FollowerState
2020-12-22 13:11:29,863 [grpc-default-executor-2] WARN  server.GrpcLogAppender (LogUtils.java:warn(122)) - cfc7b2a2-0619-4c85-8419-784b4b9eda1c@group-197856EE50CC->a9e5f8c8-f1d2-4256-bab8-e403c630398b-AppendLogResponseHandler: Failed appendEntries: org.apache.ratis.thirdparty.io.grpc.StatusRuntimeException: UNAVAILABLE: io exception
2020-12-22 13:11:29,864 [grpc-default-executor-2] WARN  server.GrpcLogAppender (GrpcLogAppender.java:resetClient(107)) - cfc7b2a2-0619-4c85-8419-784b4b9eda1c@group-197856EE50CC->a9e5f8c8-f1d2-4256-bab8-e403c630398b-GrpcLogAppender: Leader has not got in touch with Follower cfc7b2a2-0619-4c85-8419-784b4b9eda1c@group-197856EE50CC->a9e5f8c8-f1d2-4256-bab8-e403c630398b(c0,m0,n1, attendVote=true, lastRpcSendTime=1, lastRpcResponseTime=30558) yet, just keep nextIndex unchanged and retry.
2020-12-22 13:11:30,363 [grpc-default-executor-1] WARN  server.GrpcLogAppender (LogUtils.java:warn(122)) - cfc7b2a2-0619-4c85-8419-784b4b9eda1c@group-197856EE50CC->a9e5f8c8-f1d2-4256-bab8-e403c630398b-AppendLogResponseHandler: Failed appendEntries: org.apache.ratis.thirdparty.io.grpc.StatusRuntimeException: UNAVAILABLE: io exception
2020-12-22 13:11:30,364 [grpc-default-executor-1] WARN  server.GrpcLogAppender (GrpcLogAppender.java:resetClient(107)) - cfc7b2a2-0619-4c85-8419-784b4b9eda1c@group-197856EE50CC->a9e5f8c8-f1d2-4256-bab8-e403c630398b-GrpcLogAppender: Leader has not got in touch with Follower cfc7b2a2-0619-4c85-8419-784b4b9eda1c@group-197856EE50CC->a9e5f8c8-f1d2-4256-bab8-e403c630398b(c0,m0,n1, attendVote=true, lastRpcSendTime=0, lastRpcResponseTime=31057) yet, just keep nextIndex unchanged and retry.
2020-12-22 13:11:30,544 [grpc-default-executor-2] ERROR storage.BlockOutputStream (BlockOutputStream.java:lambda$writeChunkToContainer$3(677)) - writing chunk failed 105424004592173056_chunk_2 blockID conID: 1 locID: 105424004592173056 bcsId: 2 with exception org.apache.ratis.protocol.exceptions.RaftRetryFailureException: Failed RaftClientRequest:client-96FC214F6796->630f7d82-7405-430a-acc4-3cca1d2988c7@group-22EF2DA5B5E3, cid=17, seq=4*, RW, cmdType: WriteChunk
traceID: ""
containerID: 1
datanodeUuid: "630f7d82-7405-430a-acc4-3cca1d2988c7"
writeChunk {
  blockID {
    containerID: 1
    localID: 105424004592173056
    blockCommitSequenceId: 2
  }
  chunkData {
    chunkName: "105424004592173056_chunk_2"
    offset: 1048576
    len: 1048576
    checksumData {
      type: CRC32
      bytesPerChecksum: 1048576
      checksums: "\357\266h\r"
    }
  }
}
, data.size=1048576 for 7 attempts with RequestTypeDependentRetryPolicy{WRITE->org.apache.ratis.retry.ExceptionDependentRetry@20c379d, WATCH->org.apache.ratis.retry.ExceptionDependentRetry@66dcb388}
2020-12-22 13:11:30,544 [grpc-default-executor-2] ERROR storage.BlockOutputStream (BlockOutputStream.java:lambda$writeChunkToContainer$3(677)) - writing chunk failed 105424004592173056_chunk_3 blockID conID: 1 locID: 105424004592173056 bcsId: 2 with exception org.apache.ratis.protocol.exceptions.AlreadyClosedException: SlidingWindow$Client:client-96FC214F6796->RAFT is closed.
2020-12-22 13:11:30,548 [Listener at 127.0.0.1/34251] WARN  io.KeyOutputStream (KeyOutputStream.java:handleException(312)) - Encountered exception java.io.IOException: Unexpected Storage Container Exception: java.util.concurrent.CompletionException: java.util.concurrent.CompletionException: org.apache.ratis.protocol.exceptions.RaftRetryFailureException: Failed RaftClientRequest:client-96FC214F6796->630f7d82-7405-430a-acc4-3cca1d2988c7@group-22EF2DA5B5E3, cid=17, seq=4*, RW, cmdType: WriteChunk
traceID: ""
containerID: 1
datanodeUuid: "630f7d82-7405-430a-acc4-3cca1d2988c7"
writeChunk {
  blockID {
    containerID: 1
    localID: 105424004592173056
    blockCommitSequenceId: 2
  }
  chunkData {
    chunkName: "105424004592173056_chunk_2"
    offset: 1048576
    len: 1048576
    checksumData {
      type: CRC32
      bytesPerChecksum: 1048576
      checksums: "\357\266h\r"
    }
  }
}
, data.size=1048576 for 7 attempts with RequestTypeDependentRetryPolicy{WRITE->org.apache.ratis.retry.ExceptionDependentRetry@20c379d, WATCH->org.apache.ratis.retry.ExceptionDependentRetry@66dcb388} on the pipeline Pipeline[ Id: 1db8be16-ed77-4592-8cde-22ef2da5b5e3, Nodes: 630f7d82-7405-430a-acc4-3cca1d2988c7{ip: 172.17.0.2, host: 60c1c0eb1cfd, networkLocation: /rack1, certSerialId: null, persistedOpState: IN_SERVICE, persistedOpStateExpiryEpochSec: 0}a9e5f8c8-f1d2-4256-bab8-e403c630398b{ip: 172.17.0.2, host: 60c1c0eb1cfd, networkLocation: /rack1, certSerialId: null, persistedOpState: IN_SERVICE, persistedOpStateExpiryEpochSec: 0}d23545be-7951-4ced-9e1c-af6ad8e842b2{ip: 172.17.0.2, host: 60c1c0eb1cfd, networkLocation: /rack1, certSerialId: null, persistedOpState: IN_SERVICE, persistedOpStateExpiryEpochSec: 0}, Type:RATIS, Factor:THREE, State:OPEN, leaderId:630f7d82-7405-430a-acc4-3cca1d2988c7, CreationTimestamp2020-12-22T13:10:42.716Z]. The last committed block length is 1048576, uncommitted data length is 2097152 retry count 0
2020-12-22 13:11:30,553 [Listener at 127.0.0.1/34251] INFO  io.BlockOutputStreamEntryPool (BlockOutputStreamEntryPool.java:allocateNewBlock(241)) - Allocating block with ExcludeList {datanodes = [], containerIds = [], pipelineIds = [PipelineID=1db8be16-ed77-4592-8cde-22ef2da5b5e3]}
2020-12-22 13:11:30,571 [org.apache.ratis.server.JvmPauseMonitor@725d4b0f-Monitor] WARN  server.JvmPauseMonitor (JvmPauseMonitor.java:run(141)) - Detected pause in JVM or host machine (eg GC): pause of approximately 1ms
GC pool 'PS MarkSweep' had collection(s): count=1 time=153ms
GC pool 'PS Scavenge' had collection(s): count=4 time=139ms
2020-12-22 13:11:30,590 [Listener at 127.0.0.1/34251] INFO  metrics.RatisMetrics (RatisMetrics.java:lambda$create$0(36)) - Creating Metrics Registry : ratis.client_message_metrics.client-B2F71FAD0E21->cfc7b2a2-0619-4c85-8419-784b4b9eda1c
2020-12-22 13:11:30,626 [grpc-default-executor-2] WARN  server.GrpcLogAppender (LogUtils.java:warn(122)) - cfc7b2a2-0619-4c85-8419-784b4b9eda1c@group-197856EE50CC->a9e5f8c8-f1d2-4256-bab8-e403c630398b-AppendLogResponseHandler: Failed appendEntries: org.apache.ratis.thirdparty.io.grpc.StatusRuntimeException: UNAVAILABLE: io exception
2020-12-22 13:11:30,627 [grpc-default-executor-2] WARN  server.GrpcLogAppender (GrpcLogAppender.java:resetClient(107)) - cfc7b2a2-0619-4c85-8419-784b4b9eda1c@group-197856EE50CC->a9e5f8c8-f1d2-4256-bab8-e403c630398b-GrpcLogAppender: Leader has not got in touch with Follower cfc7b2a2-0619-4c85-8419-784b4b9eda1c@group-197856EE50CC->a9e5f8c8-f1d2-4256-bab8-e403c630398b(c0,m0,n2, attendVote=true, lastRpcSendTime=0, lastRpcResponseTime=31320) yet, just keep nextIndex unchanged and retry.
2020-12-22 13:11:30,665 [Thread-988] INFO  impl.FollowerState (FollowerState.java:run(128)) - d23545be-7951-4ced-9e1c-af6ad8e842b2@group-22EF2DA5B5E3-FollowerState: change to CANDIDATE, lastRpcTime:1083ms, electionTimeout:1083ms
2020-12-22 13:11:30,665 [Thread-988] INFO  impl.RoleInfo (RoleInfo.java:shutdownFollowerState(121)) - d23545be-7951-4ced-9e1c-af6ad8e842b2: shutdown d23545be-7951-4ced-9e1c-af6ad8e842b2@group-22EF2DA5B5E3-FollowerState
2020-12-22 13:11:30,665 [Thread-988] INFO  impl.RaftServerImpl (RaftServerImpl.java:setRole(204)) - d23545be-7951-4ced-9e1c-af6ad8e842b2@group-22EF2DA5B5E3: changes role from  FOLLOWER to CANDIDATE at term 19 for changeToCandidate
2020-12-22 13:11:30,665 [Thread-988] INFO  impl.RoleInfo (RoleInfo.java:updateAndGet(143)) - d23545be-7951-4ced-9e1c-af6ad8e842b2: start d23545be-7951-4ced-9e1c-af6ad8e842b2@group-22EF2DA5B5E3-LeaderElection34
2020-12-22 13:11:30,669 [d23545be-7951-4ced-9e1c-af6ad8e842b2@group-22EF2DA5B5E3-LeaderElection34] INFO  impl.LeaderElection (LeaderElection.java:askForVotes(215)) - d23545be-7951-4ced-9e1c-af6ad8e842b2@group-22EF2DA5B5E3-LeaderElection34: begin an election at term 20 for 5: [630f7d82-7405-430a-acc4-3cca1d2988c7|rpc:172.17.0.2:39527|dataStream:, a9e5f8c8-f1d2-4256-bab8-e403c630398b|rpc:172.17.0.2:36741|dataStream:, d23545be-7951-4ced-9e1c-af6ad8e842b2|rpc:172.17.0.2:35453|dataStream:], old=null
2020-12-22 13:11:30,672 [d23545be-7951-4ced-9e1c-af6ad8e842b2@group-22EF2DA5B5E3-LeaderElection34] INFO  impl.LeaderElection (LogUtils.java:infoOrTrace(137)) - d23545be-7951-4ced-9e1c-af6ad8e842b2@group-22EF2DA5B5E3-LeaderElection34 got exception when requesting votes: java.util.concurrent.ExecutionException: org.apache.ratis.thirdparty.io.grpc.StatusRuntimeException: UNAVAILABLE: io exception
2020-12-22 13:11:30,683 [d23545be-7951-4ced-9e1c-af6ad8e842b2@group-22EF2DA5B5E3-LeaderElection34] INFO  impl.LeaderElection (LogUtils.java:infoOrTrace(137)) - d23545be-7951-4ced-9e1c-af6ad8e842b2@group-22EF2DA5B5E3-LeaderElection34 got exception when requesting votes: java.util.concurrent.ExecutionException: org.apache.ratis.thirdparty.io.grpc.StatusRuntimeException: UNAVAILABLE: io exception
2020-12-22 13:11:30,683 [d23545be-7951-4ced-9e1c-af6ad8e842b2@group-22EF2DA5B5E3-LeaderElection34] INFO  impl.LeaderElection (LeaderElection.java:logAndReturn(65)) - d23545be-7951-4ced-9e1c-af6ad8e842b2@group-22EF2DA5B5E3-LeaderElection34: Election REJECTED; received 0 response(s) [] and 2 exception(s); d23545be-7951-4ced-9e1c-af6ad8e842b2@group-22EF2DA5B5E3:t20, leader=null, voted=d23545be-7951-4ced-9e1c-af6ad8e842b2, raftlog=d23545be-7951-4ced-9e1c-af6ad8e842b2@group-22EF2DA5B5E3-SegmentedRaftLog:OPENED:c6,f6,i6, conf=5: [630f7d82-7405-430a-acc4-3cca1d2988c7|rpc:172.17.0.2:39527|dataStream:, a9e5f8c8-f1d2-4256-bab8-e403c630398b|rpc:172.17.0.2:36741|dataStream:, d23545be-7951-4ced-9e1c-af6ad8e842b2|rpc:172.17.0.2:35453|dataStream:], old=null
2020-12-22 13:11:30,683 [d23545be-7951-4ced-9e1c-af6ad8e842b2@group-22EF2DA5B5E3-LeaderElection34] INFO  impl.LeaderElection (LogUtils.java:infoOrTrace(137)) -   Exception 0: java.util.concurrent.ExecutionException: org.apache.ratis.thirdparty.io.grpc.StatusRuntimeException: UNAVAILABLE: io exception
2020-12-22 13:11:30,683 [d23545be-7951-4ced-9e1c-af6ad8e842b2@group-22EF2DA5B5E3-LeaderElection34] INFO  impl.LeaderElection (LogUtils.java:infoOrTrace(137)) -   Exception 1: java.util.concurrent.ExecutionException: org.apache.ratis.thirdparty.io.grpc.StatusRuntimeException: UNAVAILABLE: io exception
2020-12-22 13:11:30,683 [d23545be-7951-4ced-9e1c-af6ad8e842b2@group-22EF2DA5B5E3-LeaderElection34] INFO  impl.RaftServerImpl (RaftServerImpl.java:setRole(204)) - d23545be-7951-4ced-9e1c-af6ad8e842b2@group-22EF2DA5B5E3: changes role from CANDIDATE to FOLLOWER at term 20 for DISCOVERED_A_NEW_TERM
2020-12-22 13:11:30,683 [d23545be-7951-4ced-9e1c-af6ad8e842b2@group-22EF2DA5B5E3-LeaderElection34] INFO  impl.RoleInfo (RoleInfo.java:shutdownLeaderElection(134)) - d23545be-7951-4ced-9e1c-af6ad8e842b2: shutdown d23545be-7951-4ced-9e1c-af6ad8e842b2@group-22EF2DA5B5E3-LeaderElection34
2020-12-22 13:11:30,684 [d23545be-7951-4ced-9e1c-af6ad8e842b2@group-22EF2DA5B5E3-LeaderElection34] INFO  impl.RoleInfo (RoleInfo.java:updateAndGet(143)) - d23545be-7951-4ced-9e1c-af6ad8e842b2: start d23545be-7951-4ced-9e1c-af6ad8e842b2@group-22EF2DA5B5E3-FollowerState
2020-12-22 13:11:30,693 [grpc-default-executor-1] WARN  server.GrpcLogAppender (LogUtils.java:warn(122)) - cfc7b2a2-0619-4c85-8419-784b4b9eda1c@group-197856EE50CC->a9e5f8c8-f1d2-4256-bab8-e403c630398b-AppendLogResponseHandler: Failed appendEntries: org.apache.ratis.thirdparty.io.grpc.StatusRuntimeException: UNAVAILABLE: io exception
2020-12-22 13:11:30,713 [grpc-default-executor-1] WARN  server.GrpcLogAppender (GrpcLogAppender.java:resetClient(107)) - cfc7b2a2-0619-4c85-8419-784b4b9eda1c@group-197856EE50CC->a9e5f8c8-f1d2-4256-bab8-e403c630398b-GrpcLogAppender: Leader has not got in touch with Follower cfc7b2a2-0619-4c85-8419-784b4b9eda1c@group-197856EE50CC->a9e5f8c8-f1d2-4256-bab8-e403c630398b(c0,m0,n3, attendVote=true, lastRpcSendTime=6, lastRpcResponseTime=31406) yet, just keep nextIndex unchanged and retry.
2020-12-22 13:11:30,725 [grpc-default-executor-3] WARN  server.GrpcLogAppender (LogUtils.java:warn(122)) - cfc7b2a2-0619-4c85-8419-784b4b9eda1c@group-197856EE50CC->a9e5f8c8-f1d2-4256-bab8-e403c630398b-AppendLogResponseHandler: Failed appendEntries: org.apache.ratis.thirdparty.io.grpc.StatusRuntimeException: UNAVAILABLE: io exception
2020-12-22 13:11:30,726 [grpc-default-executor-3] WARN  server.GrpcLogAppender (GrpcLogAppender.java:resetClient(107)) - cfc7b2a2-0619-4c85-8419-784b4b9eda1c@group-197856EE50CC->a9e5f8c8-f1d2-4256-bab8-e403c630398b-GrpcLogAppender: Leader has not got in touch with Follower cfc7b2a2-0619-4c85-8419-784b4b9eda1c@group-197856EE50CC->a9e5f8c8-f1d2-4256-bab8-e403c630398b(c0,m0,n4, attendVote=true, lastRpcSendTime=0, lastRpcResponseTime=31419) yet, just keep nextIndex unchanged and retry.
2020-12-22 13:11:30,732 [grpc-default-executor-3] WARN  server.GrpcLogAppender (LogUtils.java:warn(122)) - cfc7b2a2-0619-4c85-8419-784b4b9eda1c@group-197856EE50CC->a9e5f8c8-f1d2-4256-bab8-e403c630398b-AppendLogResponseHandler: Failed appendEntries: org.apache.ratis.thirdparty.io.grpc.StatusRuntimeException: UNAVAILABLE: io exception
2020-12-22 13:11:30,733 [grpc-default-executor-3] WARN  server.GrpcLogAppender (GrpcLogAppender.java:resetClient(107)) - cfc7b2a2-0619-4c85-8419-784b4b9eda1c@group-197856EE50CC->a9e5f8c8-f1d2-4256-bab8-e403c630398b-GrpcLogAppender: Leader has not got in touch with Follower cfc7b2a2-0619-4c85-8419-784b4b9eda1c@group-197856EE50CC->a9e5f8c8-f1d2-4256-bab8-e403c630398b(c0,m0,n5, attendVote=true, lastRpcSendTime=0, lastRpcResponseTime=31426) yet, just keep nextIndex unchanged and retry.
2020-12-22 13:11:31,231 [grpc-default-executor-3] WARN  server.GrpcLogAppender (LogUtils.java:warn(122)) - cfc7b2a2-0619-4c85-8419-784b4b9eda1c@group-197856EE50CC->a9e5f8c8-f1d2-4256-bab8-e403c630398b-AppendLogResponseHandler: Failed appendEntries: org.apache.ratis.thirdparty.io.grpc.StatusRuntimeException: UNAVAILABLE: io exception
2020-12-22 13:11:31,232 [grpc-default-executor-3] WARN  server.GrpcLogAppender (GrpcLogAppender.java:resetClient(107)) - cfc7b2a2-0619-4c85-8419-784b4b9eda1c@group-197856EE50CC->a9e5f8c8-f1d2-4256-bab8-e403c630398b-GrpcLogAppender: Leader has not got in touch with Follower cfc7b2a2-0619-4c85-8419-784b4b9eda1c@group-197856EE50CC->a9e5f8c8-f1d2-4256-bab8-e403c630398b(c0,m0,n6, attendVote=true, lastRpcSendTime=0, lastRpcResponseTime=31925) yet, just keep nextIndex unchanged and retry.
2020-12-22 13:11:31,731 [grpc-default-executor-3] WARN  server.GrpcLogAppender (LogUtils.java:warn(122)) - cfc7b2a2-0619-4c85-8419-784b4b9eda1c@group-197856EE50CC->a9e5f8c8-f1d2-4256-bab8-e403c630398b-AppendLogResponseHandler: Failed appendEntries: org.apache.ratis.thirdparty.io.grpc.StatusRuntimeException: UNAVAILABLE: io exception
2020-12-22 13:11:31,732 [grpc-default-executor-3] WARN  server.GrpcLogAppender (GrpcLogAppender.java:resetClient(107)) - cfc7b2a2-0619-4c85-8419-784b4b9eda1c@group-197856EE50CC->a9e5f8c8-f1d2-4256-bab8-e403c630398b-GrpcLogAppender: Leader has not got in touch with Follower cfc7b2a2-0619-4c85-8419-784b4b9eda1c@group-197856EE50CC->a9e5f8c8-f1d2-4256-bab8-e403c630398b(c0,m0,n7, attendVote=true, lastRpcSendTime=0, lastRpcResponseTime=32425) yet, just keep nextIndex unchanged and retry.
2020-12-22 13:11:31,855 [Thread-1006] INFO  impl.FollowerState (FollowerState.java:run(128)) - d23545be-7951-4ced-9e1c-af6ad8e842b2@group-22EF2DA5B5E3-FollowerState: change to CANDIDATE, lastRpcTime:1171ms, electionTimeout:1162ms
2020-12-22 13:11:31,855 [Thread-1006] INFO  impl.RoleInfo (RoleInfo.java:shutdownFollowerState(121)) - d23545be-7951-4ced-9e1c-af6ad8e842b2: shutdown d23545be-7951-4ced-9e1c-af6ad8e842b2@group-22EF2DA5B5E3-FollowerState
2020-12-22 13:11:31,855 [Thread-1006] INFO  impl.RaftServerImpl (RaftServerImpl.java:setRole(204)) - d23545be-7951-4ced-9e1c-af6ad8e842b2@group-22EF2DA5B5E3: changes role from  FOLLOWER to CANDIDATE at term 20 for changeToCandidate
2020-12-22 13:11:31,855 [Thread-1006] INFO  impl.RoleInfo (RoleInfo.java:updateAndGet(143)) - d23545be-7951-4ced-9e1c-af6ad8e842b2: start d23545be-7951-4ced-9e1c-af6ad8e842b2@group-22EF2DA5B5E3-LeaderElection35
2020-12-22 13:11:31,858 [d23545be-7951-4ced-9e1c-af6ad8e842b2@group-22EF2DA5B5E3-LeaderElection35] INFO  impl.LeaderElection (LeaderElection.java:askForVotes(215)) - d23545be-7951-4ced-9e1c-af6ad8e842b2@group-22EF2DA5B5E3-LeaderElection35: begin an election at term 21 for 5: [630f7d82-7405-430a-acc4-3cca1d2988c7|rpc:172.17.0.2:39527|dataStream:, a9e5f8c8-f1d2-4256-bab8-e403c630398b|rpc:172.17.0.2:36741|dataStream:, d23545be-7951-4ced-9e1c-af6ad8e842b2|rpc:172.17.0.2:35453|dataStream:], old=null
2020-12-22 13:11:31,859 [d23545be-7951-4ced-9e1c-af6ad8e842b2@group-22EF2DA5B5E3-LeaderElection35] INFO  impl.LeaderElection (LogUtils.java:infoOrTrace(137)) - d23545be-7951-4ced-9e1c-af6ad8e842b2@group-22EF2DA5B5E3-LeaderElection35 got exception when requesting votes: java.util.concurrent.ExecutionException: org.apache.ratis.thirdparty.io.grpc.StatusRuntimeException: UNAVAILABLE: io exception
2020-12-22 13:11:31,861 [d23545be-7951-4ced-9e1c-af6ad8e842b2@group-22EF2DA5B5E3-LeaderElection35] INFO  impl.LeaderElection (LogUtils.java:infoOrTrace(137)) - d23545be-7951-4ced-9e1c-af6ad8e842b2@group-22EF2DA5B5E3-LeaderElection35 got exception when requesting votes: java.util.concurrent.ExecutionException: org.apache.ratis.thirdparty.io.grpc.StatusRuntimeException: UNAVAILABLE: io exception
2020-12-22 13:11:31,861 [d23545be-7951-4ced-9e1c-af6ad8e842b2@group-22EF2DA5B5E3-LeaderElection35] INFO  impl.LeaderElection (LeaderElection.java:logAndReturn(65)) - d23545be-7951-4ced-9e1c-af6ad8e842b2@group-22EF2DA5B5E3-LeaderElection35: Election REJECTED; received 0 response(s) [] and 2 exception(s); d23545be-7951-4ced-9e1c-af6ad8e842b2@group-22EF2DA5B5E3:t21, leader=null, voted=d23545be-7951-4ced-9e1c-af6ad8e842b2, raftlog=d23545be-7951-4ced-9e1c-af6ad8e842b2@group-22EF2DA5B5E3-SegmentedRaftLog:OPENED:c6,f6,i6, conf=5: [630f7d82-7405-430a-acc4-3cca1d2988c7|rpc:172.17.0.2:39527|dataStream:, a9e5f8c8-f1d2-4256-bab8-e403c630398b|rpc:172.17.0.2:36741|dataStream:, d23545be-7951-4ced-9e1c-af6ad8e842b2|rpc:172.17.0.2:35453|dataStream:], old=null
2020-12-22 13:11:31,861 [d23545be-7951-4ced-9e1c-af6ad8e842b2@group-22EF2DA5B5E3-LeaderElection35] INFO  impl.LeaderElection (LogUtils.java:infoOrTrace(137)) -   Exception 0: java.util.concurrent.ExecutionException: org.apache.ratis.thirdparty.io.grpc.StatusRuntimeException: UNAVAILABLE: io exception
2020-12-22 13:11:31,861 [d23545be-7951-4ced-9e1c-af6ad8e842b2@group-22EF2DA5B5E3-LeaderElection35] INFO  impl.LeaderElection (LogUtils.java:infoOrTrace(137)) -   Exception 1: java.util.concurrent.ExecutionException: org.apache.ratis.thirdparty.io.grpc.StatusRuntimeException: UNAVAILABLE: io exception
2020-12-22 13:11:31,861 [d23545be-7951-4ced-9e1c-af6ad8e842b2@group-22EF2DA5B5E3-LeaderElection35] INFO  impl.RaftServerImpl (RaftServerImpl.java:setRole(204)) - d23545be-7951-4ced-9e1c-af6ad8e842b2@group-22EF2DA5B5E3: changes role from CANDIDATE to FOLLOWER at term 21 for DISCOVERED_A_NEW_TERM
2020-12-22 13:11:31,861 [d23545be-7951-4ced-9e1c-af6ad8e842b2@group-22EF2DA5B5E3-LeaderElection35] INFO  impl.RoleInfo (RoleInfo.java:shutdownLeaderElection(134)) - d23545be-7951-4ced-9e1c-af6ad8e842b2: shutdown d23545be-7951-4ced-9e1c-af6ad8e842b2@group-22EF2DA5B5E3-LeaderElection35
2020-12-22 13:11:31,861 [d23545be-7951-4ced-9e1c-af6ad8e842b2@group-22EF2DA5B5E3-LeaderElection35] INFO  impl.RoleInfo (RoleInfo.java:updateAndGet(143)) - d23545be-7951-4ced-9e1c-af6ad8e842b2: start d23545be-7951-4ced-9e1c-af6ad8e842b2@group-22EF2DA5B5E3-FollowerState
2020-12-22 13:11:32,231 [grpc-default-executor-3] WARN  server.GrpcLogAppender (LogUtils.java:warn(122)) - cfc7b2a2-0619-4c85-8419-784b4b9eda1c@group-197856EE50CC->a9e5f8c8-f1d2-4256-bab8-e403c630398b-AppendLogResponseHandler: Failed appendEntries: org.apache.ratis.thirdparty.io.grpc.StatusRuntimeException: UNAVAILABLE: io exception
2020-12-22 13:11:32,233 [grpc-default-executor-3] WARN  server.GrpcLogAppender (GrpcLogAppender.java:resetClient(107)) - cfc7b2a2-0619-4c85-8419-784b4b9eda1c@group-197856EE50CC->a9e5f8c8-f1d2-4256-bab8-e403c630398b-GrpcLogAppender: Leader has not got in touch with Follower cfc7b2a2-0619-4c85-8419-784b4b9eda1c@group-197856EE50CC->a9e5f8c8-f1d2-4256-bab8-e403c630398b(c0,m0,n8, attendVote=true, lastRpcSendTime=1, lastRpcResponseTime=32927) yet, just keep nextIndex unchanged and retry.
2020-12-22 13:11:32,733 [grpc-default-executor-3] WARN  server.GrpcLogAppender (LogUtils.java:warn(122)) - cfc7b2a2-0619-4c85-8419-784b4b9eda1c@group-197856EE50CC->a9e5f8c8-f1d2-4256-bab8-e403c630398b-AppendLogResponseHandler: Failed appendEntries: org.apache.ratis.thirdparty.io.grpc.StatusRuntimeException: UNAVAILABLE: io exception
2020-12-22 13:11:32,734 [grpc-default-executor-3] WARN  server.GrpcLogAppender (GrpcLogAppender.java:resetClient(107)) - cfc7b2a2-0619-4c85-8419-784b4b9eda1c@group-197856EE50CC->a9e5f8c8-f1d2-4256-bab8-e403c630398b-GrpcLogAppender: Leader has not got in touch with Follower cfc7b2a2-0619-4c85-8419-784b4b9eda1c@group-197856EE50CC->a9e5f8c8-f1d2-4256-bab8-e403c630398b(c0,m0,n9, attendVote=true, lastRpcSendTime=0, lastRpcResponseTime=33427) yet, just keep nextIndex unchanged and retry.
2020-12-22 13:11:32,878 [Thread-1038] INFO  impl.FollowerState (FollowerState.java:run(128)) - d23545be-7951-4ced-9e1c-af6ad8e842b2@group-22EF2DA5B5E3-FollowerState: change to CANDIDATE, lastRpcTime:1016ms, electionTimeout:1016ms
2020-12-22 13:11:32,878 [Thread-1038] INFO  impl.RoleInfo (RoleInfo.java:shutdownFollowerState(121)) - d23545be-7951-4ced-9e1c-af6ad8e842b2: shutdown d23545be-7951-4ced-9e1c-af6ad8e842b2@group-22EF2DA5B5E3-FollowerState
2020-12-22 13:11:32,878 [Thread-1038] INFO  impl.RaftServerImpl (RaftServerImpl.java:setRole(204)) - d23545be-7951-4ced-9e1c-af6ad8e842b2@group-22EF2DA5B5E3: changes role from  FOLLOWER to CANDIDATE at term 21 for changeToCandidate
2020-12-22 13:11:32,878 [Thread-1038] INFO  impl.RoleInfo (RoleInfo.java:updateAndGet(143)) - d23545be-7951-4ced-9e1c-af6ad8e842b2: start d23545be-7951-4ced-9e1c-af6ad8e842b2@group-22EF2DA5B5E3-LeaderElection36
2020-12-22 13:11:32,881 [d23545be-7951-4ced-9e1c-af6ad8e842b2@group-22EF2DA5B5E3-LeaderElection36] INFO  impl.LeaderElection (LeaderElection.java:askForVotes(215)) - d23545be-7951-4ced-9e1c-af6ad8e842b2@group-22EF2DA5B5E3-LeaderElection36: begin an election at term 22 for 5: [630f7d82-7405-430a-acc4-3cca1d2988c7|rpc:172.17.0.2:39527|dataStream:, a9e5f8c8-f1d2-4256-bab8-e403c630398b|rpc:172.17.0.2:36741|dataStream:, d23545be-7951-4ced-9e1c-af6ad8e842b2|rpc:172.17.0.2:35453|dataStream:], old=null
2020-12-22 13:11:32,881 [d23545be-7951-4ced-9e1c-af6ad8e842b2@group-22EF2DA5B5E3-LeaderElection36] INFO  impl.LeaderElection (LogUtils.java:infoOrTrace(137)) - d23545be-7951-4ced-9e1c-af6ad8e842b2@group-22EF2DA5B5E3-LeaderElection36 got exception when requesting votes: java.util.concurrent.ExecutionException: org.apache.ratis.thirdparty.io.grpc.StatusRuntimeException: UNAVAILABLE: io exception
2020-12-22 13:11:32,883 [d23545be-7951-4ced-9e1c-af6ad8e842b2@group-22EF2DA5B5E3-LeaderElection36] INFO  impl.LeaderElection (LogUtils.java:infoOrTrace(137)) - d23545be-7951-4ced-9e1c-af6ad8e842b2@group-22EF2DA5B5E3-LeaderElection36 got exception when requesting votes: java.util.concurrent.ExecutionException: org.apache.ratis.thirdparty.io.grpc.StatusRuntimeException: UNAVAILABLE: io exception
2020-12-22 13:11:32,883 [d23545be-7951-4ced-9e1c-af6ad8e842b2@group-22EF2DA5B5E3-LeaderElection36] INFO  impl.LeaderElection (LeaderElection.java:logAndReturn(65)) - d23545be-7951-4ced-9e1c-af6ad8e842b2@group-22EF2DA5B5E3-LeaderElection36: Election REJECTED; received 0 response(s) [] and 2 exception(s); d23545be-7951-4ced-9e1c-af6ad8e842b2@group-22EF2DA5B5E3:t22, leader=null, voted=d23545be-7951-4ced-9e1c-af6ad8e842b2, raftlog=d23545be-7951-4ced-9e1c-af6ad8e842b2@group-22EF2DA5B5E3-SegmentedRaftLog:OPENED:c6,f6,i6, conf=5: [630f7d82-7405-430a-acc4-3cca1d2988c7|rpc:172.17.0.2:39527|dataStream:, a9e5f8c8-f1d2-4256-bab8-e403c630398b|rpc:172.17.0.2:36741|dataStream:, d23545be-7951-4ced-9e1c-af6ad8e842b2|rpc:172.17.0.2:35453|dataStream:], old=null
2020-12-22 13:11:32,883 [d23545be-7951-4ced-9e1c-af6ad8e842b2@group-22EF2DA5B5E3-LeaderElection36] INFO  impl.LeaderElection (LogUtils.java:infoOrTrace(137)) -   Exception 0: java.util.concurrent.ExecutionException: org.apache.ratis.thirdparty.io.grpc.StatusRuntimeException: UNAVAILABLE: io exception
2020-12-22 13:11:32,883 [d23545be-7951-4ced-9e1c-af6ad8e842b2@group-22EF2DA5B5E3-LeaderElection36] INFO  impl.LeaderElection (LogUtils.java:infoOrTrace(137)) -   Exception 1: java.util.concurrent.ExecutionException: org.apache.ratis.thirdparty.io.grpc.StatusRuntimeException: UNAVAILABLE: io exception
2020-12-22 13:11:32,883 [d23545be-7951-4ced-9e1c-af6ad8e842b2@group-22EF2DA5B5E3-LeaderElection36] INFO  impl.RaftServerImpl (RaftServerImpl.java:setRole(204)) - d23545be-7951-4ced-9e1c-af6ad8e842b2@group-22EF2DA5B5E3: changes role from CANDIDATE to FOLLOWER at term 22 for DISCOVERED_A_NEW_TERM
2020-12-22 13:11:32,883 [d23545be-7951-4ced-9e1c-af6ad8e842b2@group-22EF2DA5B5E3-LeaderElection36] INFO  impl.RoleInfo (RoleInfo.java:shutdownLeaderElection(134)) - d23545be-7951-4ced-9e1c-af6ad8e842b2: shutdown d23545be-7951-4ced-9e1c-af6ad8e842b2@group-22EF2DA5B5E3-LeaderElection36
2020-12-22 13:11:32,884 [d23545be-7951-4ced-9e1c-af6ad8e842b2@group-22EF2DA5B5E3-LeaderElection36] INFO  impl.RoleInfo (RoleInfo.java:updateAndGet(143)) - d23545be-7951-4ced-9e1c-af6ad8e842b2: start d23545be-7951-4ced-9e1c-af6ad8e842b2@group-22EF2DA5B5E3-FollowerState
2020-12-22 13:11:33,233 [grpc-default-executor-3] WARN  server.GrpcLogAppender (LogUtils.java:warn(122)) - cfc7b2a2-0619-4c85-8419-784b4b9eda1c@group-197856EE50CC->a9e5f8c8-f1d2-4256-bab8-e403c630398b-AppendLogResponseHandler: Failed appendEntries: org.apache.ratis.thirdparty.io.grpc.StatusRuntimeException: UNAVAILABLE: io exception
2020-12-22 13:11:33,235 [grpc-default-executor-3] WARN  server.GrpcLogAppender (GrpcLogAppender.java:resetClient(107)) - cfc7b2a2-0619-4c85-8419-784b4b9eda1c@group-197856EE50CC->a9e5f8c8-f1d2-4256-bab8-e403c630398b-GrpcLogAppender: Leader has not got in touch with Follower cfc7b2a2-0619-4c85-8419-784b4b9eda1c@group-197856EE50CC->a9e5f8c8-f1d2-4256-bab8-e403c630398b(c0,m0,n9, attendVote=true, lastRpcSendTime=2, lastRpcResponseTime=33929) yet, just keep nextIndex unchanged and retry.
2020-12-22 13:11:33,735 [grpc-default-executor-3] WARN  server.GrpcLogAppender (LogUtils.java:warn(122)) - cfc7b2a2-0619-4c85-8419-784b4b9eda1c@group-197856EE50CC->a9e5f8c8-f1d2-4256-bab8-e403c630398b-AppendLogResponseHandler: Failed appendEntries: org.apache.ratis.thirdparty.io.grpc.StatusRuntimeException: UNAVAILABLE: io exception
2020-12-22 13:11:33,736 [grpc-default-executor-3] WARN  server.GrpcLogAppender (GrpcLogAppender.java:resetClient(107)) - cfc7b2a2-0619-4c85-8419-784b4b9eda1c@group-197856EE50CC->a9e5f8c8-f1d2-4256-bab8-e403c630398b-GrpcLogAppender: Leader has not got in touch with Follower cfc7b2a2-0619-4c85-8419-784b4b9eda1c@group-197856EE50CC->a9e5f8c8-f1d2-4256-bab8-e403c630398b(c0,m0,n9, attendVote=true, lastRpcSendTime=0, lastRpcResponseTime=34429) yet, just keep nextIndex unchanged and retry.
2020-12-22 13:11:33,752 [Listener at 127.0.0.1/34251] WARN  scm.XceiverClientRatis (XceiverClientRatis.java:watchForCommit(266)) - 3 way commit failed on pipeline Pipeline[ Id: b3d46aca-819d-4a28-9022-197856ee50cc, Nodes: cfc7b2a2-0619-4c85-8419-784b4b9eda1c{ip: 172.17.0.2, host: 60c1c0eb1cfd, networkLocation: /rack1, certSerialId: null, persistedOpState: IN_SERVICE, persistedOpStateExpiryEpochSec: 0}a9e5f8c8-f1d2-4256-bab8-e403c630398b{ip: 172.17.0.2, host: 60c1c0eb1cfd, networkLocation: /rack1, certSerialId: null, persistedOpState: IN_SERVICE, persistedOpStateExpiryEpochSec: 0}d23545be-7951-4ced-9e1c-af6ad8e842b2{ip: 172.17.0.2, host: 60c1c0eb1cfd, networkLocation: /rack1, certSerialId: null, persistedOpState: IN_SERVICE, persistedOpStateExpiryEpochSec: 0}, Type:RATIS, Factor:THREE, State:OPEN, leaderId:cfc7b2a2-0619-4c85-8419-784b4b9eda1c, CreationTimestamp2020-12-22T13:10:42.713Z]
java.util.concurrent.ExecutionException: org.apache.ratis.protocol.exceptions.TimeoutIOException: Request #26 timeout 3000ms
	at java.util.concurrent.CompletableFuture.reportGet(CompletableFuture.java:357)
	at java.util.concurrent.CompletableFuture.get(CompletableFuture.java:1908)
	at org.apache.hadoop.hdds.scm.XceiverClientRatis.watchForCommit(XceiverClientRatis.java:263)
	at org.apache.hadoop.hdds.scm.storage.CommitWatcher.watchForCommit(CommitWatcher.java:199)
	at org.apache.hadoop.hdds.scm.storage.CommitWatcher.watchOnFirstIndex(CommitWatcher.java:142)
	at org.apache.hadoop.hdds.scm.storage.BlockOutputStream.watchForCommit(BlockOutputStream.java:382)
	at org.apache.hadoop.hdds.scm.storage.BlockOutputStream.handleFullBuffer(BlockOutputStream.java:358)
	at org.apache.hadoop.hdds.scm.storage.BlockOutputStream.writeOnRetry(BlockOutputStream.java:335)
	at org.apache.hadoop.ozone.client.io.BlockOutputStreamEntry.writeOnRetry(BlockOutputStreamEntry.java:186)
	at org.apache.hadoop.ozone.client.io.KeyOutputStream.writeToOutputStream(KeyOutputStream.java:254)
	at org.apache.hadoop.ozone.client.io.KeyOutputStream.handleWrite(KeyOutputStream.java:234)
	at org.apache.hadoop.ozone.client.io.KeyOutputStream.handleRetry(KeyOutputStream.java:417)
	at org.apache.hadoop.ozone.client.io.KeyOutputStream.handleException(KeyOutputStream.java:362)
	at org.apache.hadoop.ozone.client.io.KeyOutputStream.writeToOutputStream(KeyOutputStream.java:276)
	at org.apache.hadoop.ozone.client.io.KeyOutputStream.handleWrite(KeyOutputStream.java:234)
	at org.apache.hadoop.ozone.client.io.KeyOutputStream.write(KeyOutputStream.java:214)
	at org.apache.hadoop.ozone.client.io.OzoneOutputStream.write(OzoneOutputStream.java:49)
	at java.io.OutputStream.write(OutputStream.java:75)
	at org.apache.hadoop.ozone.client.rpc.TestFailureHandlingByClient.testPipelineExclusionWithPipelineFailure(TestFailureHandlingByClient.java:409)
	at sun.reflect.NativeMethodAccessorImpl.invoke0(Native Method)
	at sun.reflect.NativeMethodAccessorImpl.invoke(NativeMethodAccessorImpl.java:62)
	at sun.reflect.DelegatingMethodAccessorImpl.invoke(DelegatingMethodAccessorImpl.java:43)
	at java.lang.reflect.Method.invoke(Method.java:498)
	at org.junit.runners.model.FrameworkMethod$1.runReflectiveCall(FrameworkMethod.java:47)
	at org.junit.internal.runners.model.ReflectiveCallable.run(ReflectiveCallable.java:12)
	at org.junit.runners.model.FrameworkMethod.invokeExplosively(FrameworkMethod.java:44)
	at org.junit.internal.runners.statements.InvokeMethod.evaluate(InvokeMethod.java:17)
	at org.junit.internal.runners.statements.RunAfters.evaluate(RunAfters.java:27)
	at org.junit.internal.runners.statements.FailOnTimeout$StatementThread.run(FailOnTimeout.java:74)
Caused by: org.apache.ratis.protocol.exceptions.TimeoutIOException: Request #26 timeout 3000ms
	at org.apache.ratis.grpc.client.GrpcClientProtocolClient$AsyncStreamObservers.lambda$timeoutCheck$5(GrpcClientProtocolClient.java:337)
	at java.util.Optional.ifPresent(Optional.java:159)
	at org.apache.ratis.grpc.client.GrpcClientProtocolClient$AsyncStreamObservers.handleReplyFuture(GrpcClientProtocolClient.java:342)
	at org.apache.ratis.grpc.client.GrpcClientProtocolClient$AsyncStreamObservers.timeoutCheck(GrpcClientProtocolClient.java:337)
	at org.apache.ratis.grpc.client.GrpcClientProtocolClient$AsyncStreamObservers.lambda$onNext$1(GrpcClientProtocolClient.java:326)
	at org.apache.ratis.util.TimeoutScheduler.lambda$onTimeout$0(TimeoutScheduler.java:141)
	at org.apache.ratis.util.TimeoutScheduler.lambda$onTimeout$1(TimeoutScheduler.java:155)
	at org.apache.ratis.util.LogUtils.runAndLog(LogUtils.java:38)
	at org.apache.ratis.util.LogUtils$1.run(LogUtils.java:79)
	at java.util.concurrent.Executors$RunnableAdapter.call(Executors.java:511)
	at java.util.concurrent.FutureTask.run(FutureTask.java:266)
	at java.util.concurrent.ScheduledThreadPoolExecutor$ScheduledFutureTask.access$201(ScheduledThreadPoolExecutor.java:180)
	at java.util.concurrent.ScheduledThreadPoolExecutor$ScheduledFutureTask.run(ScheduledThreadPoolExecutor.java:293)
	at java.util.concurrent.ThreadPoolExecutor.runWorker(ThreadPoolExecutor.java:1149)
	at java.util.concurrent.ThreadPoolExecutor$Worker.run(ThreadPoolExecutor.java:624)
	at java.lang.Thread.run(Thread.java:748)
2020-12-22 13:11:33,757 [Listener at 127.0.0.1/34251] INFO  scm.XceiverClientRatis (XceiverClientRatis.java:lambda$watchForCommit$6(284)) - Could not commit index 2 on pipeline Pipeline[ Id: b3d46aca-819d-4a28-9022-197856ee50cc, Nodes: cfc7b2a2-0619-4c85-8419-784b4b9eda1c{ip: 172.17.0.2, host: 60c1c0eb1cfd, networkLocation: /rack1, certSerialId: null, persistedOpState: IN_SERVICE, persistedOpStateExpiryEpochSec: 0}a9e5f8c8-f1d2-4256-bab8-e403c630398b{ip: 172.17.0.2, host: 60c1c0eb1cfd, networkLocation: /rack1, certSerialId: null, persistedOpState: IN_SERVICE, persistedOpStateExpiryEpochSec: 0}d23545be-7951-4ced-9e1c-af6ad8e842b2{ip: 172.17.0.2, host: 60c1c0eb1cfd, networkLocation: /rack1, certSerialId: null, persistedOpState: IN_SERVICE, persistedOpStateExpiryEpochSec: 0}, Type:RATIS, Factor:THREE, State:OPEN, leaderId:cfc7b2a2-0619-4c85-8419-784b4b9eda1c, CreationTimestamp2020-12-22T13:10:42.713Z] to all the nodes. Server a9e5f8c8-f1d2-4256-bab8-e403c630398b has failed. Committed by majority.
2020-12-22 13:11:33,758 [Listener at 127.0.0.1/34251] WARN  storage.BlockOutputStream (BlockOutputStream.java:watchForCommit(388)) - Failed to commit BlockId conID: 2 locID: 105424007369326594 bcsId: 4 on Pipeline[ Id: b3d46aca-819d-4a28-9022-197856ee50cc, Nodes: cfc7b2a2-0619-4c85-8419-784b4b9eda1c{ip: 172.17.0.2, host: 60c1c0eb1cfd, networkLocation: /rack1, certSerialId: null, persistedOpState: IN_SERVICE, persistedOpStateExpiryEpochSec: 0}a9e5f8c8-f1d2-4256-bab8-e403c630398b{ip: 172.17.0.2, host: 60c1c0eb1cfd, networkLocation: /rack1, certSerialId: null, persistedOpState: IN_SERVICE, persistedOpStateExpiryEpochSec: 0}d23545be-7951-4ced-9e1c-af6ad8e842b2{ip: 172.17.0.2, host: 60c1c0eb1cfd, networkLocation: /rack1, certSerialId: null, persistedOpState: IN_SERVICE, persistedOpStateExpiryEpochSec: 0}, Type:RATIS, Factor:THREE, State:OPEN, leaderId:cfc7b2a2-0619-4c85-8419-784b4b9eda1c, CreationTimestamp2020-12-22T13:10:42.713Z]. Failed nodes: [a9e5f8c8-f1d2-4256-bab8-e403c630398b{ip: null, host: null, networkLocation: /default-rack, certSerialId: null, persistedOpState: null, persistedOpStateExpiryEpochSec: 0}]
2020-12-22 13:11:33,778 [Listener at 127.0.0.1/34251] INFO  ozone.MiniOzoneClusterImpl (MiniOzoneClusterImpl.java:shutdown(388)) - Shutting down the Mini Ozone Cluster
2020-12-22 13:11:33,778 [Listener at 127.0.0.1/34251] INFO  ozone.MiniOzoneClusterImpl (MiniOzoneClusterImpl.java:stop(403)) - Stopping the Mini Ozone Cluster
2020-12-22 13:11:33,778 [Listener at 127.0.0.1/34251] INFO  ozone.MiniOzoneClusterImpl (MiniOzoneClusterImpl.java:stopOM(485)) - Stopping the OzoneManager
2020-12-22 13:11:33,779 [Listener at 127.0.0.1/34251] INFO  ipc.Server (Server.java:stop(3359)) - Stopping server on 34251
2020-12-22 13:11:33,800 [Listener at 127.0.0.1/34251] INFO  ratis.OzoneManagerDoubleBuffer (OzoneManagerDoubleBuffer.java:stop(457)) - Stopping OMDoubleBuffer flush thread
2020-12-22 13:11:33,800 [IPC Server listener on 0] INFO  ipc.Server (Server.java:run(1330)) - Stopping IPC Server listener on 0
2020-12-22 13:11:33,801 [OMDoubleBufferFlushThread] INFO  ratis.OzoneManagerDoubleBuffer (OzoneManagerDoubleBuffer.java:flushTransactions(356)) - OMDoubleBuffer flush thread OMDoubleBufferFlushThread is interrupted and will exit. OMDoubleBufferFlushThread
2020-12-22 13:11:33,802 [Listener at 127.0.0.1/34251] INFO  utils.BackgroundService (BackgroundService.java:shutdown(132)) - Shutting down service KeyDeletingService
2020-12-22 13:11:33,800 [IPC Server Responder] INFO  ipc.Server (Server.java:run(1465)) - Stopping IPC Server Responder
2020-12-22 13:11:33,803 [Listener at 127.0.0.1/34251] INFO  handler.ContextHandler (ContextHandler.java:doStop(1154)) - Stopped o.e.j.w.WebAppContext@6757f9a5{ozoneManager,/,null,STOPPED}{file:/github/workspace/mnt/ozone/hadoop-ozone/integration-test/target/test-classes/webapps/ozoneManager}
2020-12-22 13:11:33,805 [Listener at 127.0.0.1/34251] INFO  server.AbstractConnector (AbstractConnector.java:doStop(381)) - Stopped ServerConnector@3f7fb1a1{HTTP/1.1, (http/1.1)}{0.0.0.0:0}
2020-12-22 13:11:33,805 [Listener at 127.0.0.1/34251] INFO  server.session (HouseKeeper.java:stopScavenging(149)) - node0 Stopped scavenging
2020-12-22 13:11:33,805 [Listener at 127.0.0.1/34251] INFO  handler.ContextHandler (ContextHandler.java:doStop(1154)) - Stopped o.e.j.s.ServletContextHandler@467e2d7b{static,/static,file:///github/workspace/mnt/ozone/hadoop-ozone/integration-test/target/test-classes/webapps/static,STOPPED}
2020-12-22 13:11:33,805 [Listener at 127.0.0.1/34251] INFO  handler.ContextHandler (ContextHandler.java:doStop(1154)) - Stopped o.e.j.s.ServletContextHandler@44589e09{logs,/logs,file:///github/workspace/mnt/ozone/hadoop-ozone/integration-test/target/log,STOPPED}
2020-12-22 13:11:33,808 [Listener at 127.0.0.1/34251] INFO  ozone.MiniOzoneClusterImpl (MiniOzoneClusterImpl.java:stopDatanodes(462)) - Stopping the HddsDatanodes
2020-12-22 13:11:33,814 [Thread-1066] INFO  client.GrpcClientProtocolService (GrpcClientProtocolService.java:lambda$processClientRequest$0(289)) - Failed RaftClientRequest:client-B2F71FAD0E21->cfc7b2a2-0619-4c85-8419-784b4b9eda1c@group-197856EE50CC, cid=26, seq=0, Watch-ALL_COMMITTED(2), Message:<EMPTY>, reply=RaftClientReply:client-B2F71FAD0E21->cfc7b2a2-0619-4c85-8419-784b4b9eda1c@group-197856EE50CC, cid=26, FAILED org.apache.ratis.protocol.exceptions.NotReplicatedException: Request with call Id 26 and log index 2 is not yet replicated to ALL_COMMITTED, logIndex=2, commits[cfc7b2a2-0619-4c85-8419-784b4b9eda1c:c8, a9e5f8c8-f1d2-4256-bab8-e403c630398b:c0, d23545be-7951-4ced-9e1c-af6ad8e842b2:c8]
2020-12-22 13:11:34,077 [Thread-1052] INFO  impl.FollowerState (FollowerState.java:run(128)) - d23545be-7951-4ced-9e1c-af6ad8e842b2@group-22EF2DA5B5E3-FollowerState: change to CANDIDATE, lastRpcTime:1193ms, electionTimeout:1193ms
2020-12-22 13:11:34,077 [Thread-1052] INFO  impl.RoleInfo (RoleInfo.java:shutdownFollowerState(121)) - d23545be-7951-4ced-9e1c-af6ad8e842b2: shutdown d23545be-7951-4ced-9e1c-af6ad8e842b2@group-22EF2DA5B5E3-FollowerState
2020-12-22 13:11:34,077 [Thread-1052] INFO  impl.RaftServerImpl (RaftServerImpl.java:setRole(204)) - d23545be-7951-4ced-9e1c-af6ad8e842b2@group-22EF2DA5B5E3: changes role from  FOLLOWER to CANDIDATE at term 22 for changeToCandidate
2020-12-22 13:11:34,077 [Thread-1052] INFO  impl.RoleInfo (RoleInfo.java:updateAndGet(143)) - d23545be-7951-4ced-9e1c-af6ad8e842b2: start d23545be-7951-4ced-9e1c-af6ad8e842b2@group-22EF2DA5B5E3-LeaderElection37
2020-12-22 13:11:34,080 [d23545be-7951-4ced-9e1c-af6ad8e842b2@group-22EF2DA5B5E3-LeaderElection37] INFO  impl.LeaderElection (LeaderElection.java:askForVotes(215)) - d23545be-7951-4ced-9e1c-af6ad8e842b2@group-22EF2DA5B5E3-LeaderElection37: begin an election at term 23 for 5: [630f7d82-7405-430a-acc4-3cca1d2988c7|rpc:172.17.0.2:39527|dataStream:, a9e5f8c8-f1d2-4256-bab8-e403c630398b|rpc:172.17.0.2:36741|dataStream:, d23545be-7951-4ced-9e1c-af6ad8e842b2|rpc:172.17.0.2:35453|dataStream:], old=null
2020-12-22 13:11:34,081 [d23545be-7951-4ced-9e1c-af6ad8e842b2@group-22EF2DA5B5E3-LeaderElection37] INFO  impl.LeaderElection (LogUtils.java:infoOrTrace(137)) - d23545be-7951-4ced-9e1c-af6ad8e842b2@group-22EF2DA5B5E3-LeaderElection37 got exception when requesting votes: java.util.concurrent.ExecutionException: org.apache.ratis.thirdparty.io.grpc.StatusRuntimeException: UNAVAILABLE: io exception
2020-12-22 13:11:34,081 [d23545be-7951-4ced-9e1c-af6ad8e842b2@group-22EF2DA5B5E3-LeaderElection37] INFO  impl.LeaderElection (LogUtils.java:infoOrTrace(137)) - d23545be-7951-4ced-9e1c-af6ad8e842b2@group-22EF2DA5B5E3-LeaderElection37 got exception when requesting votes: java.util.concurrent.ExecutionException: org.apache.ratis.thirdparty.io.grpc.StatusRuntimeException: UNAVAILABLE: io exception
2020-12-22 13:11:34,081 [d23545be-7951-4ced-9e1c-af6ad8e842b2@group-22EF2DA5B5E3-LeaderElection37] INFO  impl.LeaderElection (LeaderElection.java:logAndReturn(65)) - d23545be-7951-4ced-9e1c-af6ad8e842b2@group-22EF2DA5B5E3-LeaderElection37: Election REJECTED; received 0 response(s) [] and 2 exception(s); d23545be-7951-4ced-9e1c-af6ad8e842b2@group-22EF2DA5B5E3:t23, leader=null, voted=d23545be-7951-4ced-9e1c-af6ad8e842b2, raftlog=d23545be-7951-4ced-9e1c-af6ad8e842b2@group-22EF2DA5B5E3-SegmentedRaftLog:OPENED:c6,f6,i6, conf=5: [630f7d82-7405-430a-acc4-3cca1d2988c7|rpc:172.17.0.2:39527|dataStream:, a9e5f8c8-f1d2-4256-bab8-e403c630398b|rpc:172.17.0.2:36741|dataStream:, d23545be-7951-4ced-9e1c-af6ad8e842b2|rpc:172.17.0.2:35453|dataStream:], old=null
2020-12-22 13:11:34,082 [d23545be-7951-4ced-9e1c-af6ad8e842b2@group-22EF2DA5B5E3-LeaderElection37] INFO  impl.LeaderElection (LogUtils.java:infoOrTrace(137)) -   Exception 0: java.util.concurrent.ExecutionException: org.apache.ratis.thirdparty.io.grpc.StatusRuntimeException: UNAVAILABLE: io exception
2020-12-22 13:11:34,082 [d23545be-7951-4ced-9e1c-af6ad8e842b2@group-22EF2DA5B5E3-LeaderElection37] INFO  impl.LeaderElection (LogUtils.java:infoOrTrace(137)) -   Exception 1: java.util.concurrent.ExecutionException: org.apache.ratis.thirdparty.io.grpc.StatusRuntimeException: UNAVAILABLE: io exception
2020-12-22 13:11:34,082 [d23545be-7951-4ced-9e1c-af6ad8e842b2@group-22EF2DA5B5E3-LeaderElection37] INFO  impl.RaftServerImpl (RaftServerImpl.java:setRole(204)) - d23545be-7951-4ced-9e1c-af6ad8e842b2@group-22EF2DA5B5E3: changes role from CANDIDATE to FOLLOWER at term 23 for DISCOVERED_A_NEW_TERM
2020-12-22 13:11:34,082 [d23545be-7951-4ced-9e1c-af6ad8e842b2@group-22EF2DA5B5E3-LeaderElection37] INFO  impl.RoleInfo (RoleInfo.java:shutdownLeaderElection(134)) - d23545be-7951-4ced-9e1c-af6ad8e842b2: shutdown d23545be-7951-4ced-9e1c-af6ad8e842b2@group-22EF2DA5B5E3-LeaderElection37
2020-12-22 13:11:34,082 [d23545be-7951-4ced-9e1c-af6ad8e842b2@group-22EF2DA5B5E3-LeaderElection37] INFO  impl.RoleInfo (RoleInfo.java:updateAndGet(143)) - d23545be-7951-4ced-9e1c-af6ad8e842b2: start d23545be-7951-4ced-9e1c-af6ad8e842b2@group-22EF2DA5B5E3-FollowerState
2020-12-22 13:11:34,235 [grpc-default-executor-3] WARN  server.GrpcLogAppender (LogUtils.java:warn(122)) - cfc7b2a2-0619-4c85-8419-784b4b9eda1c@group-197856EE50CC->a9e5f8c8-f1d2-4256-bab8-e403c630398b-AppendLogResponseHandler: Failed appendEntries: org.apache.ratis.thirdparty.io.grpc.StatusRuntimeException: UNAVAILABLE: io exception
2020-12-22 13:11:34,237 [grpc-default-executor-3] WARN  server.GrpcLogAppender (GrpcLogAppender.java:resetClient(107)) - cfc7b2a2-0619-4c85-8419-784b4b9eda1c@group-197856EE50CC->a9e5f8c8-f1d2-4256-bab8-e403c630398b-GrpcLogAppender: Leader has not got in touch with Follower cfc7b2a2-0619-4c85-8419-784b4b9eda1c@group-197856EE50CC->a9e5f8c8-f1d2-4256-bab8-e403c630398b(c0,m0,n9, attendVote=true, lastRpcSendTime=1, lastRpcResponseTime=34930) yet, just keep nextIndex unchanged and retry.
2020-12-22 13:11:34,292 [Datanode State Machine Thread - 0] INFO  statemachine.DatanodeStateMachine (DatanodeStateMachine.java:lambda$startDaemon$0(408)) - Ozone container server started.
2020-12-22 13:11:34,436 [Datanode State Machine Thread - 0] INFO  statemachine.DatanodeStateMachine (DatanodeStateMachine.java:lambda$startDaemon$0(408)) - Ozone container server started.
2020-12-22 13:11:34,736 [grpc-default-executor-3] WARN  server.GrpcLogAppender (LogUtils.java:warn(122)) - cfc7b2a2-0619-4c85-8419-784b4b9eda1c@group-197856EE50CC->a9e5f8c8-f1d2-4256-bab8-e403c630398b-AppendLogResponseHandler: Failed appendEntries: org.apache.ratis.thirdparty.io.grpc.StatusRuntimeException: UNAVAILABLE: io exception
2020-12-22 13:11:34,737 [grpc-default-executor-3] WARN  server.GrpcLogAppender (GrpcLogAppender.java:resetClient(107)) - cfc7b2a2-0619-4c85-8419-784b4b9eda1c@group-197856EE50CC->a9e5f8c8-f1d2-4256-bab8-e403c630398b-GrpcLogAppender: Leader has not got in touch with Follower cfc7b2a2-0619-4c85-8419-784b4b9eda1c@group-197856EE50CC->a9e5f8c8-f1d2-4256-bab8-e403c630398b(c0,m0,n9, attendVote=true, lastRpcSendTime=0, lastRpcResponseTime=35430) yet, just keep nextIndex unchanged and retry.
2020-12-22 13:11:35,237 [grpc-default-executor-3] WARN  server.GrpcLogAppender (LogUtils.java:warn(122)) - cfc7b2a2-0619-4c85-8419-784b4b9eda1c@group-197856EE50CC->a9e5f8c8-f1d2-4256-bab8-e403c630398b-AppendLogResponseHandler: Failed appendEntries: org.apache.ratis.thirdparty.io.grpc.StatusRuntimeException: UNAVAILABLE: io exception
2020-12-22 13:11:35,238 [grpc-default-executor-3] WARN  server.GrpcLogAppender (GrpcLogAppender.java:resetClient(107)) - cfc7b2a2-0619-4c85-8419-784b4b9eda1c@group-197856EE50CC->a9e5f8c8-f1d2-4256-bab8-e403c630398b-GrpcLogAppender: Leader has not got in touch with Follower cfc7b2a2-0619-4c85-8419-784b4b9eda1c@group-197856EE50CC->a9e5f8c8-f1d2-4256-bab8-e403c630398b(c0,m0,n9, attendVote=true, lastRpcSendTime=0, lastRpcResponseTime=35931) yet, just keep nextIndex unchanged and retry.
2020-12-22 13:11:35,266 [Thread-1070] INFO  impl.FollowerState (FollowerState.java:run(128)) - d23545be-7951-4ced-9e1c-af6ad8e842b2@group-22EF2DA5B5E3-FollowerState: change to CANDIDATE, lastRpcTime:1184ms, electionTimeout:1183ms
2020-12-22 13:11:35,266 [Thread-1070] INFO  impl.RoleInfo (RoleInfo.java:shutdownFollowerState(121)) - d23545be-7951-4ced-9e1c-af6ad8e842b2: shutdown d23545be-7951-4ced-9e1c-af6ad8e842b2@group-22EF2DA5B5E3-FollowerState
2020-12-22 13:11:35,266 [Thread-1070] INFO  impl.RaftServerImpl (RaftServerImpl.java:setRole(204)) - d23545be-7951-4ced-9e1c-af6ad8e842b2@group-22EF2DA5B5E3: changes role from  FOLLOWER to CANDIDATE at term 23 for changeToCandidate
2020-12-22 13:11:35,266 [Thread-1070] INFO  impl.RoleInfo (RoleInfo.java:updateAndGet(143)) - d23545be-7951-4ced-9e1c-af6ad8e842b2: start d23545be-7951-4ced-9e1c-af6ad8e842b2@group-22EF2DA5B5E3-LeaderElection38
2020-12-22 13:11:35,271 [d23545be-7951-4ced-9e1c-af6ad8e842b2@group-22EF2DA5B5E3-LeaderElection38] INFO  impl.LeaderElection (LeaderElection.java:askForVotes(215)) - d23545be-7951-4ced-9e1c-af6ad8e842b2@group-22EF2DA5B5E3-LeaderElection38: begin an election at term 24 for 5: [630f7d82-7405-430a-acc4-3cca1d2988c7|rpc:172.17.0.2:39527|dataStream:, a9e5f8c8-f1d2-4256-bab8-e403c630398b|rpc:172.17.0.2:36741|dataStream:, d23545be-7951-4ced-9e1c-af6ad8e842b2|rpc:172.17.0.2:35453|dataStream:], old=null
2020-12-22 13:11:35,272 [d23545be-7951-4ced-9e1c-af6ad8e842b2@group-22EF2DA5B5E3-LeaderElection38] INFO  impl.LeaderElection (LogUtils.java:infoOrTrace(137)) - d23545be-7951-4ced-9e1c-af6ad8e842b2@group-22EF2DA5B5E3-LeaderElection38 got exception when requesting votes: java.util.concurrent.ExecutionException: org.apache.ratis.thirdparty.io.grpc.StatusRuntimeException: UNAVAILABLE: io exception
2020-12-22 13:11:35,272 [d23545be-7951-4ced-9e1c-af6ad8e842b2@group-22EF2DA5B5E3-LeaderElection38] INFO  impl.LeaderElection (LogUtils.java:infoOrTrace(137)) - d23545be-7951-4ced-9e1c-af6ad8e842b2@group-22EF2DA5B5E3-LeaderElection38 got exception when requesting votes: java.util.concurrent.ExecutionException: org.apache.ratis.thirdparty.io.grpc.StatusRuntimeException: UNAVAILABLE: io exception
2020-12-22 13:11:35,272 [d23545be-7951-4ced-9e1c-af6ad8e842b2@group-22EF2DA5B5E3-LeaderElection38] INFO  impl.LeaderElection (LeaderElection.java:logAndReturn(65)) - d23545be-7951-4ced-9e1c-af6ad8e842b2@group-22EF2DA5B5E3-LeaderElection38: Election REJECTED; received 0 response(s) [] and 2 exception(s); d23545be-7951-4ced-9e1c-af6ad8e842b2@group-22EF2DA5B5E3:t24, leader=null, voted=d23545be-7951-4ced-9e1c-af6ad8e842b2, raftlog=d23545be-7951-4ced-9e1c-af6ad8e842b2@group-22EF2DA5B5E3-SegmentedRaftLog:OPENED:c6,f6,i6, conf=5: [630f7d82-7405-430a-acc4-3cca1d2988c7|rpc:172.17.0.2:39527|dataStream:, a9e5f8c8-f1d2-4256-bab8-e403c630398b|rpc:172.17.0.2:36741|dataStream:, d23545be-7951-4ced-9e1c-af6ad8e842b2|rpc:172.17.0.2:35453|dataStream:], old=null
2020-12-22 13:11:35,272 [d23545be-7951-4ced-9e1c-af6ad8e842b2@group-22EF2DA5B5E3-LeaderElection38] INFO  impl.LeaderElection (LogUtils.java:infoOrTrace(137)) -   Exception 0: java.util.concurrent.ExecutionException: org.apache.ratis.thirdparty.io.grpc.StatusRuntimeException: UNAVAILABLE: io exception
2020-12-22 13:11:35,272 [d23545be-7951-4ced-9e1c-af6ad8e842b2@group-22EF2DA5B5E3-LeaderElection38] INFO  impl.LeaderElection (LogUtils.java:infoOrTrace(137)) -   Exception 1: java.util.concurrent.ExecutionException: org.apache.ratis.thirdparty.io.grpc.StatusRuntimeException: UNAVAILABLE: io exception
2020-12-22 13:11:35,272 [d23545be-7951-4ced-9e1c-af6ad8e842b2@group-22EF2DA5B5E3-LeaderElection38] INFO  impl.RaftServerImpl (RaftServerImpl.java:setRole(204)) - d23545be-7951-4ced-9e1c-af6ad8e842b2@group-22EF2DA5B5E3: changes role from CANDIDATE to FOLLOWER at term 24 for DISCOVERED_A_NEW_TERM
2020-12-22 13:11:35,273 [d23545be-7951-4ced-9e1c-af6ad8e842b2@group-22EF2DA5B5E3-LeaderElection38] INFO  impl.RoleInfo (RoleInfo.java:shutdownLeaderElection(134)) - d23545be-7951-4ced-9e1c-af6ad8e842b2: shutdown d23545be-7951-4ced-9e1c-af6ad8e842b2@group-22EF2DA5B5E3-LeaderElection38
2020-12-22 13:11:35,273 [d23545be-7951-4ced-9e1c-af6ad8e842b2@group-22EF2DA5B5E3-LeaderElection38] INFO  impl.RoleInfo (RoleInfo.java:updateAndGet(143)) - d23545be-7951-4ced-9e1c-af6ad8e842b2: start d23545be-7951-4ced-9e1c-af6ad8e842b2@group-22EF2DA5B5E3-FollowerState
2020-12-22 13:11:35,738 [grpc-default-executor-3] WARN  server.GrpcLogAppender (LogUtils.java:warn(122)) - cfc7b2a2-0619-4c85-8419-784b4b9eda1c@group-197856EE50CC->a9e5f8c8-f1d2-4256-bab8-e403c630398b-AppendLogResponseHandler: Failed appendEntries: org.apache.ratis.thirdparty.io.grpc.StatusRuntimeException: UNAVAILABLE: io exception
2020-12-22 13:11:35,740 [grpc-default-executor-3] WARN  server.GrpcLogAppender (GrpcLogAppender.java:resetClient(107)) - cfc7b2a2-0619-4c85-8419-784b4b9eda1c@group-197856EE50CC->a9e5f8c8-f1d2-4256-bab8-e403c630398b-GrpcLogAppender: Leader has not got in touch with Follower cfc7b2a2-0619-4c85-8419-784b4b9eda1c@group-197856EE50CC->a9e5f8c8-f1d2-4256-bab8-e403c630398b(c0,m0,n9, attendVote=true, lastRpcSendTime=2, lastRpcResponseTime=36433) yet, just keep nextIndex unchanged and retry.
2020-12-22 13:11:36,239 [grpc-default-executor-3] WARN  server.GrpcLogAppender (LogUtils.java:warn(122)) - cfc7b2a2-0619-4c85-8419-784b4b9eda1c@group-197856EE50CC->a9e5f8c8-f1d2-4256-bab8-e403c630398b-AppendLogResponseHandler: Failed appendEntries: org.apache.ratis.thirdparty.io.grpc.StatusRuntimeException: UNAVAILABLE: io exception
2020-12-22 13:11:36,240 [grpc-default-executor-3] WARN  server.GrpcLogAppender (GrpcLogAppender.java:resetClient(107)) - cfc7b2a2-0619-4c85-8419-784b4b9eda1c@group-197856EE50CC->a9e5f8c8-f1d2-4256-bab8-e403c630398b-GrpcLogAppender: Leader has not got in touch with Follower cfc7b2a2-0619-4c85-8419-784b4b9eda1c@group-197856EE50CC->a9e5f8c8-f1d2-4256-bab8-e403c630398b(c0,m0,n9, attendVote=true, lastRpcSendTime=0, lastRpcResponseTime=36933) yet, just keep nextIndex unchanged and retry.
2020-12-22 13:11:36,425 [Thread-1086] INFO  impl.FollowerState (FollowerState.java:run(128)) - d23545be-7951-4ced-9e1c-af6ad8e842b2@group-22EF2DA5B5E3-FollowerState: change to CANDIDATE, lastRpcTime:1152ms, electionTimeout:1152ms
2020-12-22 13:11:36,425 [Thread-1086] INFO  impl.RoleInfo (RoleInfo.java:shutdownFollowerState(121)) - d23545be-7951-4ced-9e1c-af6ad8e842b2: shutdown d23545be-7951-4ced-9e1c-af6ad8e842b2@group-22EF2DA5B5E3-FollowerState
2020-12-22 13:11:36,425 [Thread-1086] INFO  impl.RaftServerImpl (RaftServerImpl.java:setRole(204)) - d23545be-7951-4ced-9e1c-af6ad8e842b2@group-22EF2DA5B5E3: changes role from  FOLLOWER to CANDIDATE at term 24 for changeToCandidate
2020-12-22 13:11:36,426 [Thread-1086] INFO  impl.RoleInfo (RoleInfo.java:updateAndGet(143)) - d23545be-7951-4ced-9e1c-af6ad8e842b2: start d23545be-7951-4ced-9e1c-af6ad8e842b2@group-22EF2DA5B5E3-LeaderElection39
2020-12-22 13:11:36,429 [d23545be-7951-4ced-9e1c-af6ad8e842b2@group-22EF2DA5B5E3-LeaderElection39] INFO  impl.LeaderElection (LeaderElection.java:askForVotes(215)) - d23545be-7951-4ced-9e1c-af6ad8e842b2@group-22EF2DA5B5E3-LeaderElection39: begin an election at term 25 for 5: [630f7d82-7405-430a-acc4-3cca1d2988c7|rpc:172.17.0.2:39527|dataStream:, a9e5f8c8-f1d2-4256-bab8-e403c630398b|rpc:172.17.0.2:36741|dataStream:, d23545be-7951-4ced-9e1c-af6ad8e842b2|rpc:172.17.0.2:35453|dataStream:], old=null
2020-12-22 13:11:36,429 [d23545be-7951-4ced-9e1c-af6ad8e842b2@group-22EF2DA5B5E3-LeaderElection39] INFO  impl.LeaderElection (LogUtils.java:infoOrTrace(137)) - d23545be-7951-4ced-9e1c-af6ad8e842b2@group-22EF2DA5B5E3-LeaderElection39 got exception when requesting votes: java.util.concurrent.ExecutionException: org.apache.ratis.thirdparty.io.grpc.StatusRuntimeException: UNAVAILABLE: io exception
2020-12-22 13:11:36,430 [d23545be-7951-4ced-9e1c-af6ad8e842b2@group-22EF2DA5B5E3-LeaderElection39] INFO  impl.LeaderElection (LogUtils.java:infoOrTrace(137)) - d23545be-7951-4ced-9e1c-af6ad8e842b2@group-22EF2DA5B5E3-LeaderElection39 got exception when requesting votes: java.util.concurrent.ExecutionException: org.apache.ratis.thirdparty.io.grpc.StatusRuntimeException: UNAVAILABLE: io exception
2020-12-22 13:11:36,430 [d23545be-7951-4ced-9e1c-af6ad8e842b2@group-22EF2DA5B5E3-LeaderElection39] INFO  impl.LeaderElection (LeaderElection.java:logAndReturn(65)) - d23545be-7951-4ced-9e1c-af6ad8e842b2@group-22EF2DA5B5E3-LeaderElection39: Election REJECTED; received 0 response(s) [] and 2 exception(s); d23545be-7951-4ced-9e1c-af6ad8e842b2@group-22EF2DA5B5E3:t25, leader=null, voted=d23545be-7951-4ced-9e1c-af6ad8e842b2, raftlog=d23545be-7951-4ced-9e1c-af6ad8e842b2@group-22EF2DA5B5E3-SegmentedRaftLog:OPENED:c6,f6,i6, conf=5: [630f7d82-7405-430a-acc4-3cca1d2988c7|rpc:172.17.0.2:39527|dataStream:, a9e5f8c8-f1d2-4256-bab8-e403c630398b|rpc:172.17.0.2:36741|dataStream:, d23545be-7951-4ced-9e1c-af6ad8e842b2|rpc:172.17.0.2:35453|dataStream:], old=null
2020-12-22 13:11:36,430 [d23545be-7951-4ced-9e1c-af6ad8e842b2@group-22EF2DA5B5E3-LeaderElection39] INFO  impl.LeaderElection (LogUtils.java:infoOrTrace(137)) -   Exception 0: java.util.concurrent.ExecutionException: org.apache.ratis.thirdparty.io.grpc.StatusRuntimeException: UNAVAILABLE: io exception
2020-12-22 13:11:36,430 [d23545be-7951-4ced-9e1c-af6ad8e842b2@group-22EF2DA5B5E3-LeaderElection39] INFO  impl.LeaderElection (LogUtils.java:infoOrTrace(137)) -   Exception 1: java.util.concurrent.ExecutionException: org.apache.ratis.thirdparty.io.grpc.StatusRuntimeException: UNAVAILABLE: io exception
2020-12-22 13:11:36,430 [d23545be-7951-4ced-9e1c-af6ad8e842b2@group-22EF2DA5B5E3-LeaderElection39] INFO  impl.RaftServerImpl (RaftServerImpl.java:setRole(204)) - d23545be-7951-4ced-9e1c-af6ad8e842b2@group-22EF2DA5B5E3: changes role from CANDIDATE to FOLLOWER at term 25 for DISCOVERED_A_NEW_TERM
2020-12-22 13:11:36,430 [d23545be-7951-4ced-9e1c-af6ad8e842b2@group-22EF2DA5B5E3-LeaderElection39] INFO  impl.RoleInfo (RoleInfo.java:shutdownLeaderElection(134)) - d23545be-7951-4ced-9e1c-af6ad8e842b2: shutdown d23545be-7951-4ced-9e1c-af6ad8e842b2@group-22EF2DA5B5E3-LeaderElection39
2020-12-22 13:11:36,430 [d23545be-7951-4ced-9e1c-af6ad8e842b2@group-22EF2DA5B5E3-LeaderElection39] INFO  impl.RoleInfo (RoleInfo.java:updateAndGet(143)) - d23545be-7951-4ced-9e1c-af6ad8e842b2: start d23545be-7951-4ced-9e1c-af6ad8e842b2@group-22EF2DA5B5E3-FollowerState
2020-12-22 13:11:36,740 [grpc-default-executor-3] WARN  server.GrpcLogAppender (LogUtils.java:warn(122)) - cfc7b2a2-0619-4c85-8419-784b4b9eda1c@group-197856EE50CC->a9e5f8c8-f1d2-4256-bab8-e403c630398b-AppendLogResponseHandler: Failed appendEntries: org.apache.ratis.thirdparty.io.grpc.StatusRuntimeException: UNAVAILABLE: io exception
2020-12-22 13:11:36,742 [grpc-default-executor-3] WARN  server.GrpcLogAppender (GrpcLogAppender.java:resetClient(107)) - cfc7b2a2-0619-4c85-8419-784b4b9eda1c@group-197856EE50CC->a9e5f8c8-f1d2-4256-bab8-e403c630398b-GrpcLogAppender: Leader has not got in touch with Follower cfc7b2a2-0619-4c85-8419-784b4b9eda1c@group-197856EE50CC->a9e5f8c8-f1d2-4256-bab8-e403c630398b(c0,m0,n9, attendVote=true, lastRpcSendTime=1, lastRpcResponseTime=37435) yet, just keep nextIndex unchanged and retry.
2020-12-22 13:11:37,241 [grpc-default-executor-1] WARN  server.GrpcLogAppender (LogUtils.java:warn(122)) - cfc7b2a2-0619-4c85-8419-784b4b9eda1c@group-197856EE50CC->a9e5f8c8-f1d2-4256-bab8-e403c630398b-AppendLogResponseHandler: Failed appendEntries: org.apache.ratis.thirdparty.io.grpc.StatusRuntimeException: UNAVAILABLE: io exception
2020-12-22 13:11:37,241 [grpc-default-executor-1] WARN  server.GrpcLogAppender (GrpcLogAppender.java:resetClient(107)) - cfc7b2a2-0619-4c85-8419-784b4b9eda1c@group-197856EE50CC->a9e5f8c8-f1d2-4256-bab8-e403c630398b-GrpcLogAppender: Leader has not got in touch with Follower cfc7b2a2-0619-4c85-8419-784b4b9eda1c@group-197856EE50CC->a9e5f8c8-f1d2-4256-bab8-e403c630398b(c0,m0,n9, attendVote=true, lastRpcSendTime=0, lastRpcResponseTime=37935) yet, just keep nextIndex unchanged and retry.
2020-12-22 13:11:37,526 [Thread-1103] INFO  impl.FollowerState (FollowerState.java:run(128)) - d23545be-7951-4ced-9e1c-af6ad8e842b2@group-22EF2DA5B5E3-FollowerState: change to CANDIDATE, lastRpcTime:1096ms, electionTimeout:1096ms
2020-12-22 13:11:37,527 [Thread-1103] INFO  impl.RoleInfo (RoleInfo.java:shutdownFollowerState(121)) - d23545be-7951-4ced-9e1c-af6ad8e842b2: shutdown d23545be-7951-4ced-9e1c-af6ad8e842b2@group-22EF2DA5B5E3-FollowerState
2020-12-22 13:11:37,527 [Thread-1103] INFO  impl.RaftServerImpl (RaftServerImpl.java:setRole(204)) - d23545be-7951-4ced-9e1c-af6ad8e842b2@group-22EF2DA5B5E3: changes role from  FOLLOWER to CANDIDATE at term 25 for changeToCandidate
2020-12-22 13:11:37,527 [Thread-1103] INFO  impl.RoleInfo (RoleInfo.java:updateAndGet(143)) - d23545be-7951-4ced-9e1c-af6ad8e842b2: start d23545be-7951-4ced-9e1c-af6ad8e842b2@group-22EF2DA5B5E3-LeaderElection40
2020-12-22 13:11:37,529 [d23545be-7951-4ced-9e1c-af6ad8e842b2@group-22EF2DA5B5E3-LeaderElection40] INFO  impl.LeaderElection (LeaderElection.java:askForVotes(215)) - d23545be-7951-4ced-9e1c-af6ad8e842b2@group-22EF2DA5B5E3-LeaderElection40: begin an election at term 26 for 5: [630f7d82-7405-430a-acc4-3cca1d2988c7|rpc:172.17.0.2:39527|dataStream:, a9e5f8c8-f1d2-4256-bab8-e403c630398b|rpc:172.17.0.2:36741|dataStream:, d23545be-7951-4ced-9e1c-af6ad8e842b2|rpc:172.17.0.2:35453|dataStream:], old=null
2020-12-22 13:11:37,530 [d23545be-7951-4ced-9e1c-af6ad8e842b2@group-22EF2DA5B5E3-LeaderElection40] INFO  impl.LeaderElection (LogUtils.java:infoOrTrace(137)) - d23545be-7951-4ced-9e1c-af6ad8e842b2@group-22EF2DA5B5E3-LeaderElection40 got exception when requesting votes: java.util.concurrent.ExecutionException: org.apache.ratis.thirdparty.io.grpc.StatusRuntimeException: UNAVAILABLE: io exception
2020-12-22 13:11:37,532 [d23545be-7951-4ced-9e1c-af6ad8e842b2@group-22EF2DA5B5E3-LeaderElection40] INFO  impl.LeaderElection (LogUtils.java:infoOrTrace(137)) - d23545be-7951-4ced-9e1c-af6ad8e842b2@group-22EF2DA5B5E3-LeaderElection40 got exception when requesting votes: java.util.concurrent.ExecutionException: org.apache.ratis.thirdparty.io.grpc.StatusRuntimeException: UNAVAILABLE: io exception
2020-12-22 13:11:37,532 [d23545be-7951-4ced-9e1c-af6ad8e842b2@group-22EF2DA5B5E3-LeaderElection40] INFO  impl.LeaderElection (LeaderElection.java:logAndReturn(65)) - d23545be-7951-4ced-9e1c-af6ad8e842b2@group-22EF2DA5B5E3-LeaderElection40: Election REJECTED; received 0 response(s) [] and 2 exception(s); d23545be-7951-4ced-9e1c-af6ad8e842b2@group-22EF2DA5B5E3:t26, leader=null, voted=d23545be-7951-4ced-9e1c-af6ad8e842b2, raftlog=d23545be-7951-4ced-9e1c-af6ad8e842b2@group-22EF2DA5B5E3-SegmentedRaftLog:OPENED:c6,f6,i6, conf=5: [630f7d82-7405-430a-acc4-3cca1d2988c7|rpc:172.17.0.2:39527|dataStream:, a9e5f8c8-f1d2-4256-bab8-e403c630398b|rpc:172.17.0.2:36741|dataStream:, d23545be-7951-4ced-9e1c-af6ad8e842b2|rpc:172.17.0.2:35453|dataStream:], old=null
2020-12-22 13:11:37,532 [d23545be-7951-4ced-9e1c-af6ad8e842b2@group-22EF2DA5B5E3-LeaderElection40] INFO  impl.LeaderElection (LogUtils.java:infoOrTrace(137)) -   Exception 0: java.util.concurrent.ExecutionException: org.apache.ratis.thirdparty.io.grpc.StatusRuntimeException: UNAVAILABLE: io exception
2020-12-22 13:11:37,532 [d23545be-7951-4ced-9e1c-af6ad8e842b2@group-22EF2DA5B5E3-LeaderElection40] INFO  impl.LeaderElection (LogUtils.java:infoOrTrace(137)) -   Exception 1: java.util.concurrent.ExecutionException: org.apache.ratis.thirdparty.io.grpc.StatusRuntimeException: UNAVAILABLE: io exception
2020-12-22 13:11:37,532 [d23545be-7951-4ced-9e1c-af6ad8e842b2@group-22EF2DA5B5E3-LeaderElection40] INFO  impl.RaftServerImpl (RaftServerImpl.java:setRole(204)) - d23545be-7951-4ced-9e1c-af6ad8e842b2@group-22EF2DA5B5E3: changes role from CANDIDATE to FOLLOWER at term 26 for DISCOVERED_A_NEW_TERM
2020-12-22 13:11:37,532 [d23545be-7951-4ced-9e1c-af6ad8e842b2@group-22EF2DA5B5E3-LeaderElection40] INFO  impl.RoleInfo (RoleInfo.java:shutdownLeaderElection(134)) - d23545be-7951-4ced-9e1c-af6ad8e842b2: shutdown d23545be-7951-4ced-9e1c-af6ad8e842b2@group-22EF2DA5B5E3-LeaderElection40
2020-12-22 13:11:37,532 [d23545be-7951-4ced-9e1c-af6ad8e842b2@group-22EF2DA5B5E3-LeaderElection40] INFO  impl.RoleInfo (RoleInfo.java:updateAndGet(143)) - d23545be-7951-4ced-9e1c-af6ad8e842b2: start d23545be-7951-4ced-9e1c-af6ad8e842b2@group-22EF2DA5B5E3-FollowerState
2020-12-22 13:11:37,742 [grpc-default-executor-3] WARN  server.GrpcLogAppender (LogUtils.java:warn(122)) - cfc7b2a2-0619-4c85-8419-784b4b9eda1c@group-197856EE50CC->a9e5f8c8-f1d2-4256-bab8-e403c630398b-AppendLogResponseHandler: Failed appendEntries: org.apache.ratis.thirdparty.io.grpc.StatusRuntimeException: UNAVAILABLE: io exception
2020-12-22 13:11:37,743 [grpc-default-executor-3] WARN  server.GrpcLogAppender (GrpcLogAppender.java:resetClient(107)) - cfc7b2a2-0619-4c85-8419-784b4b9eda1c@group-197856EE50CC->a9e5f8c8-f1d2-4256-bab8-e403c630398b-GrpcLogAppender: Leader has not got in touch with Follower cfc7b2a2-0619-4c85-8419-784b4b9eda1c@group-197856EE50CC->a9e5f8c8-f1d2-4256-bab8-e403c630398b(c0,m0,n9, attendVote=true, lastRpcSendTime=1, lastRpcResponseTime=38437) yet, just keep nextIndex unchanged and retry.
2020-12-22 13:11:38,243 [grpc-default-executor-1] WARN  server.GrpcLogAppender (LogUtils.java:warn(122)) - cfc7b2a2-0619-4c85-8419-784b4b9eda1c@group-197856EE50CC->a9e5f8c8-f1d2-4256-bab8-e403c630398b-AppendLogResponseHandler: Failed appendEntries: org.apache.ratis.thirdparty.io.grpc.StatusRuntimeException: UNAVAILABLE: io exception
2020-12-22 13:11:38,244 [grpc-default-executor-1] WARN  server.GrpcLogAppender (GrpcLogAppender.java:resetClient(107)) - cfc7b2a2-0619-4c85-8419-784b4b9eda1c@group-197856EE50CC->a9e5f8c8-f1d2-4256-bab8-e403c630398b-GrpcLogAppender: Leader has not got in touch with Follower cfc7b2a2-0619-4c85-8419-784b4b9eda1c@group-197856EE50CC->a9e5f8c8-f1d2-4256-bab8-e403c630398b(c0,m0,n9, attendVote=true, lastRpcSendTime=0, lastRpcResponseTime=38937) yet, just keep nextIndex unchanged and retry.
2020-12-22 13:11:38,702 [Thread-1117] INFO  impl.FollowerState (FollowerState.java:run(128)) - d23545be-7951-4ced-9e1c-af6ad8e842b2@group-22EF2DA5B5E3-FollowerState: change to CANDIDATE, lastRpcTime:1169ms, electionTimeout:1169ms
2020-12-22 13:11:38,702 [Thread-1117] INFO  impl.RoleInfo (RoleInfo.java:shutdownFollowerState(121)) - d23545be-7951-4ced-9e1c-af6ad8e842b2: shutdown d23545be-7951-4ced-9e1c-af6ad8e842b2@group-22EF2DA5B5E3-FollowerState
2020-12-22 13:11:38,702 [Thread-1117] INFO  impl.RaftServerImpl (RaftServerImpl.java:setRole(204)) - d23545be-7951-4ced-9e1c-af6ad8e842b2@group-22EF2DA5B5E3: changes role from  FOLLOWER to CANDIDATE at term 26 for changeToCandidate
2020-12-22 13:11:38,702 [Thread-1117] INFO  impl.RoleInfo (RoleInfo.java:updateAndGet(143)) - d23545be-7951-4ced-9e1c-af6ad8e842b2: start d23545be-7951-4ced-9e1c-af6ad8e842b2@group-22EF2DA5B5E3-LeaderElection41
2020-12-22 13:11:38,705 [d23545be-7951-4ced-9e1c-af6ad8e842b2@group-22EF2DA5B5E3-LeaderElection41] INFO  impl.LeaderElection (LeaderElection.java:askForVotes(215)) - d23545be-7951-4ced-9e1c-af6ad8e842b2@group-22EF2DA5B5E3-LeaderElection41: begin an election at term 27 for 5: [630f7d82-7405-430a-acc4-3cca1d2988c7|rpc:172.17.0.2:39527|dataStream:, a9e5f8c8-f1d2-4256-bab8-e403c630398b|rpc:172.17.0.2:36741|dataStream:, d23545be-7951-4ced-9e1c-af6ad8e842b2|rpc:172.17.0.2:35453|dataStream:], old=null
2020-12-22 13:11:38,705 [d23545be-7951-4ced-9e1c-af6ad8e842b2@group-22EF2DA5B5E3-LeaderElection41] INFO  impl.LeaderElection (LogUtils.java:infoOrTrace(137)) - d23545be-7951-4ced-9e1c-af6ad8e842b2@group-22EF2DA5B5E3-LeaderElection41 got exception when requesting votes: java.util.concurrent.ExecutionException: org.apache.ratis.thirdparty.io.grpc.StatusRuntimeException: UNAVAILABLE: io exception
2020-12-22 13:11:38,705 [d23545be-7951-4ced-9e1c-af6ad8e842b2@group-22EF2DA5B5E3-LeaderElection41] INFO  impl.LeaderElection (LogUtils.java:infoOrTrace(137)) - d23545be-7951-4ced-9e1c-af6ad8e842b2@group-22EF2DA5B5E3-LeaderElection41 got exception when requesting votes: java.util.concurrent.ExecutionException: org.apache.ratis.thirdparty.io.grpc.StatusRuntimeException: UNAVAILABLE: io exception
2020-12-22 13:11:38,706 [d23545be-7951-4ced-9e1c-af6ad8e842b2@group-22EF2DA5B5E3-LeaderElection41] INFO  impl.LeaderElection (LeaderElection.java:logAndReturn(65)) - d23545be-7951-4ced-9e1c-af6ad8e842b2@group-22EF2DA5B5E3-LeaderElection41: Election REJECTED; received 0 response(s) [] and 2 exception(s); d23545be-7951-4ced-9e1c-af6ad8e842b2@group-22EF2DA5B5E3:t27, leader=null, voted=d23545be-7951-4ced-9e1c-af6ad8e842b2, raftlog=d23545be-7951-4ced-9e1c-af6ad8e842b2@group-22EF2DA5B5E3-SegmentedRaftLog:OPENED:c6,f6,i6, conf=5: [630f7d82-7405-430a-acc4-3cca1d2988c7|rpc:172.17.0.2:39527|dataStream:, a9e5f8c8-f1d2-4256-bab8-e403c630398b|rpc:172.17.0.2:36741|dataStream:, d23545be-7951-4ced-9e1c-af6ad8e842b2|rpc:172.17.0.2:35453|dataStream:], old=null
2020-12-22 13:11:38,706 [d23545be-7951-4ced-9e1c-af6ad8e842b2@group-22EF2DA5B5E3-LeaderElection41] INFO  impl.LeaderElection (LogUtils.java:infoOrTrace(137)) -   Exception 0: java.util.concurrent.ExecutionException: org.apache.ratis.thirdparty.io.grpc.StatusRuntimeException: UNAVAILABLE: io exception
2020-12-22 13:11:38,706 [d23545be-7951-4ced-9e1c-af6ad8e842b2@group-22EF2DA5B5E3-LeaderElection41] INFO  impl.LeaderElection (LogUtils.java:infoOrTrace(137)) -   Exception 1: java.util.concurrent.ExecutionException: org.apache.ratis.thirdparty.io.grpc.StatusRuntimeException: UNAVAILABLE: io exception
2020-12-22 13:11:38,706 [d23545be-7951-4ced-9e1c-af6ad8e842b2@group-22EF2DA5B5E3-LeaderElection41] INFO  impl.RaftServerImpl (RaftServerImpl.java:setRole(204)) - d23545be-7951-4ced-9e1c-af6ad8e842b2@group-22EF2DA5B5E3: changes role from CANDIDATE to FOLLOWER at term 27 for DISCOVERED_A_NEW_TERM
2020-12-22 13:11:38,706 [d23545be-7951-4ced-9e1c-af6ad8e842b2@group-22EF2DA5B5E3-LeaderElection41] INFO  impl.RoleInfo (RoleInfo.java:shutdownLeaderElection(134)) - d23545be-7951-4ced-9e1c-af6ad8e842b2: shutdown d23545be-7951-4ced-9e1c-af6ad8e842b2@group-22EF2DA5B5E3-LeaderElection41
2020-12-22 13:11:38,706 [d23545be-7951-4ced-9e1c-af6ad8e842b2@group-22EF2DA5B5E3-LeaderElection41] INFO  impl.RoleInfo (RoleInfo.java:updateAndGet(143)) - d23545be-7951-4ced-9e1c-af6ad8e842b2: start d23545be-7951-4ced-9e1c-af6ad8e842b2@group-22EF2DA5B5E3-FollowerState
2020-12-22 13:11:38,744 [grpc-default-executor-3] WARN  server.GrpcLogAppender (LogUtils.java:warn(122)) - cfc7b2a2-0619-4c85-8419-784b4b9eda1c@group-197856EE50CC->a9e5f8c8-f1d2-4256-bab8-e403c630398b-AppendLogResponseHandler: Failed appendEntries: org.apache.ratis.thirdparty.io.grpc.StatusRuntimeException: UNAVAILABLE: io exception
2020-12-22 13:11:38,745 [grpc-default-executor-3] WARN  server.GrpcLogAppender (GrpcLogAppender.java:resetClient(107)) - cfc7b2a2-0619-4c85-8419-784b4b9eda1c@group-197856EE50CC->a9e5f8c8-f1d2-4256-bab8-e403c630398b-GrpcLogAppender: Leader has not got in touch with Follower cfc7b2a2-0619-4c85-8419-784b4b9eda1c@group-197856EE50CC->a9e5f8c8-f1d2-4256-bab8-e403c630398b(c0,m0,n9, attendVote=true, lastRpcSendTime=1, lastRpcResponseTime=39439) yet, just keep nextIndex unchanged and retry.
2020-12-22 13:11:38,809 [ForkJoinPool.commonPool-worker-1] INFO  ozoneimpl.OzoneContainer (OzoneContainer.java:stop(257)) - Attempting to stop container services.
2020-12-22 13:11:38,810 [Listener at 127.0.0.1/34251] INFO  ozoneimpl.OzoneContainer (OzoneContainer.java:stop(257)) - Attempting to stop container services.
2020-12-22 13:11:38,811 [ForkJoinPool.commonPool-worker-1] INFO  impl.RaftServerProxy (RaftServerProxy.java:lambda$close$4(338)) - 9d743c2f-cc4c-4210-bd8b-cad00ce03aed: close
2020-12-22 13:11:38,811 [ForkJoinPool.commonPool-worker-1] INFO  impl.RaftServerImpl (RaftServerImpl.java:lambda$shutdown$3(328)) - 9d743c2f-cc4c-4210-bd8b-cad00ce03aed@group-DA5D408C537E: shutdown
2020-12-22 13:11:38,812 [ForkJoinPool.commonPool-worker-1] INFO  util.JmxRegister (JmxRegister.java:unregister(73)) - Successfully un-registered JMX Bean with object name Ratis:service=RaftServer,group=group-DA5D408C537E,id=9d743c2f-cc4c-4210-bd8b-cad00ce03aed
2020-12-22 13:11:38,812 [ForkJoinPool.commonPool-worker-1] INFO  impl.RoleInfo (RoleInfo.java:shutdownLeaderState(104)) - 9d743c2f-cc4c-4210-bd8b-cad00ce03aed: shutdown 9d743c2f-cc4c-4210-bd8b-cad00ce03aed@group-DA5D408C537E-LeaderState
2020-12-22 13:11:38,812 [ForkJoinPool.commonPool-worker-1] INFO  metrics.RatisMetrics (RatisMetrics.java:unregister(43)) - Unregistering Metrics Registry : ratis_grpc.log_appender.9d743c2f-cc4c-4210-bd8b-cad00ce03aed@group-DA5D408C537E
2020-12-22 13:11:38,813 [grpc-default-executor-1] INFO  server.GrpcServerProtocolService (GrpcServerProtocolService.java:onCompleted(138)) - 0b95e776-5e46-4213-b3c0-ade9dce9a7dd: Completed APPEND_ENTRIES, lastRequest: 9d743c2f-cc4c-4210-bd8b-cad00ce03aed->0b95e776-5e46-4213-b3c0-ade9dce9a7dd#1-t1, previous=(t:0, i:0), leaderCommit=-1, initializing? false, entries: size=1, first=(t:1, i:0), CONFIGURATIONENTRY
2020-12-22 13:11:38,814 [grpc-default-executor-1] INFO  server.GrpcLogAppender (GrpcLogAppender.java:onCompleted(337)) - 9d743c2f-cc4c-4210-bd8b-cad00ce03aed@group-DA5D408C537E->0b95e776-5e46-4213-b3c0-ade9dce9a7dd-AppendLogResponseHandler: follower responses appendEntries COMPLETED
2020-12-22 13:11:38,814 [grpc-default-executor-1] INFO  impl.FollowerInfo (FollowerInfo.java:lambda$new$0(51)) - 9d743c2f-cc4c-4210-bd8b-cad00ce03aed@group-DA5D408C537E->0b95e776-5e46-4213-b3c0-ade9dce9a7dd: nextIndex: updateUnconditionally 1 -> 0
2020-12-22 13:11:38,818 [Listener at 127.0.0.1/34251] INFO  impl.RaftServerProxy (RaftServerProxy.java:lambda$close$4(338)) - 1542794c-42be-495d-a942-8ab282cac6bd: close
2020-12-22 13:11:38,818 [Listener at 127.0.0.1/34251] INFO  impl.RaftServerImpl (RaftServerImpl.java:lambda$shutdown$3(328)) - 1542794c-42be-495d-a942-8ab282cac6bd@group-3D505CE1AFC3: shutdown
2020-12-22 13:11:38,821 [Listener at 127.0.0.1/34251] INFO  util.JmxRegister (JmxRegister.java:unregister(73)) - Successfully un-registered JMX Bean with object name Ratis:service=RaftServer,group=group-3D505CE1AFC3,id=1542794c-42be-495d-a942-8ab282cac6bd
2020-12-22 13:11:38,821 [Listener at 127.0.0.1/34251] INFO  impl.RoleInfo (RoleInfo.java:shutdownLeaderState(104)) - 1542794c-42be-495d-a942-8ab282cac6bd: shutdown 1542794c-42be-495d-a942-8ab282cac6bd@group-3D505CE1AFC3-LeaderState
2020-12-22 13:11:38,821 [Listener at 127.0.0.1/34251] INFO  impl.PendingRequests (PendingRequests.java:sendNotLeaderResponses(250)) - 1542794c-42be-495d-a942-8ab282cac6bd@group-3D505CE1AFC3-PendingRequests: sendNotLeaderResponses
2020-12-22 13:11:38,820 [ForkJoinPool.commonPool-worker-1] INFO  metrics.RatisMetrics (RatisMetrics.java:unregister(43)) - Unregistering Metrics Registry : ratis_grpc.log_appender.9d743c2f-cc4c-4210-bd8b-cad00ce03aed@group-DA5D408C537E
2020-12-22 13:11:38,821 [ForkJoinPool.commonPool-worker-1] INFO  impl.PendingRequests (PendingRequests.java:sendNotLeaderResponses(250)) - 9d743c2f-cc4c-4210-bd8b-cad00ce03aed@group-DA5D408C537E-PendingRequests: sendNotLeaderResponses
2020-12-22 13:11:38,822 [ForkJoinPool.commonPool-worker-1] INFO  metrics.RatisMetrics (RatisMetrics.java:unregister(43)) - Unregistering Metrics Registry : ratis.log_appender.9d743c2f-cc4c-4210-bd8b-cad00ce03aed@group-DA5D408C537E
2020-12-22 13:11:38,822 [ForkJoinPool.commonPool-worker-1] INFO  metrics.RatisMetrics (RatisMetrics.java:unregister(43)) - Unregistering Metrics Registry : ratis.server.9d743c2f-cc4c-4210-bd8b-cad00ce03aed@group-DA5D408C537E
2020-12-22 13:11:38,823 [org.apache.ratis.server.impl.LogAppender$AppenderDaemon$$Lambda$462/536690988@509f7198] WARN  server.GrpcLogAppender (GrpcLogAppender.java:mayWait(168)) - 9d743c2f-cc4c-4210-bd8b-cad00ce03aed@group-DA5D408C537E->3b8ab88f-c5e9-42ae-b9d6-c186578cc1d3-GrpcLogAppender: Wait interrupted by java.lang.InterruptedException
2020-12-22 13:11:38,825 [9d743c2f-cc4c-4210-bd8b-cad00ce03aed@group-DA5D408C537E-StateMachineUpdater] INFO  ratis.ContainerStateMachine (ContainerStateMachine.java:takeSnapshot(293)) - group-DA5D408C537E: Taking a snapshot at:(t:1, i:0) file /github/workspace/mnt/ozone/hadoop-ozone/integration-test/target/test-dir/MiniOzoneClusterImpl-0c7722d3-6e51-44b5-a6be-ee21012bb99e/datanode-4/data/ratis/9e6701bb-3dba-4d25-a765-da5d408c537e/sm/snapshot.1_0
2020-12-22 13:11:38,826 [grpc-default-executor-2] INFO  server.GrpcServerProtocolService (GrpcServerProtocolService.java:onCompleted(138)) - 3b8ab88f-c5e9-42ae-b9d6-c186578cc1d3: Completed APPEND_ENTRIES, lastRequest: 9d743c2f-cc4c-4210-bd8b-cad00ce03aed->3b8ab88f-c5e9-42ae-b9d6-c186578cc1d3#1-t1, previous=(t:0, i:0), leaderCommit=-1, initializing? false, entries: size=1, first=(t:1, i:0), CONFIGURATIONENTRY
2020-12-22 13:11:38,827 [grpc-default-executor-3] INFO  server.GrpcLogAppender (GrpcLogAppender.java:onCompleted(337)) - 9d743c2f-cc4c-4210-bd8b-cad00ce03aed@group-DA5D408C537E->3b8ab88f-c5e9-42ae-b9d6-c186578cc1d3-AppendLogResponseHandler: follower responses appendEntries COMPLETED
2020-12-22 13:11:38,827 [grpc-default-executor-3] INFO  impl.FollowerInfo (FollowerInfo.java:lambda$new$0(51)) - 9d743c2f-cc4c-4210-bd8b-cad00ce03aed@group-DA5D408C537E->3b8ab88f-c5e9-42ae-b9d6-c186578cc1d3: nextIndex: updateUnconditionally 1 -> 0
2020-12-22 13:11:38,821 [Listener at 127.0.0.1/34251] INFO  metrics.RatisMetrics (RatisMetrics.java:unregister(43)) - Unregistering Metrics Registry : ratis.log_appender.1542794c-42be-495d-a942-8ab282cac6bd@group-3D505CE1AFC3
2020-12-22 13:11:38,828 [Listener at 127.0.0.1/34251] INFO  metrics.RatisMetrics (RatisMetrics.java:unregister(43)) - Unregistering Metrics Registry : ratis.server.1542794c-42be-495d-a942-8ab282cac6bd@group-3D505CE1AFC3
2020-12-22 13:11:38,828 [Listener at 127.0.0.1/34251] INFO  impl.StateMachineUpdater (StateMachineUpdater.java:stopAndJoin(147)) - 1542794c-42be-495d-a942-8ab282cac6bd@group-3D505CE1AFC3-StateMachineUpdater: set stopIndex = 0
2020-12-22 13:11:38,829 [1542794c-42be-495d-a942-8ab282cac6bd@group-3D505CE1AFC3-StateMachineUpdater] INFO  ratis.ContainerStateMachine (ContainerStateMachine.java:takeSnapshot(293)) - group-3D505CE1AFC3: Taking a snapshot at:(t:1, i:0) file /github/workspace/mnt/ozone/hadoop-ozone/integration-test/target/test-dir/MiniOzoneClusterImpl-0c7722d3-6e51-44b5-a6be-ee21012bb99e/datanode-5/data/ratis/2efa80e6-04e6-4b16-929f-3d505ce1afc3/sm/snapshot.1_0
2020-12-22 13:11:38,829 [1542794c-42be-495d-a942-8ab282cac6bd@group-3D505CE1AFC3-StateMachineUpdater] INFO  ratis.ContainerStateMachine (ContainerStateMachine.java:takeSnapshot(304)) - group-3D505CE1AFC3: Finished taking a snapshot at:(t:1, i:0) file:/github/workspace/mnt/ozone/hadoop-ozone/integration-test/target/test-dir/MiniOzoneClusterImpl-0c7722d3-6e51-44b5-a6be-ee21012bb99e/datanode-5/data/ratis/2efa80e6-04e6-4b16-929f-3d505ce1afc3/sm/snapshot.1_0 time:1
2020-12-22 13:11:38,830 [1542794c-42be-495d-a942-8ab282cac6bd@group-3D505CE1AFC3-StateMachineUpdater] INFO  impl.StateMachineUpdater (StateMachineUpdater.java:takeSnapshot(278)) - 1542794c-42be-495d-a942-8ab282cac6bd@group-3D505CE1AFC3-StateMachineUpdater: Took a snapshot at index 0
2020-12-22 13:11:38,830 [1542794c-42be-495d-a942-8ab282cac6bd@group-3D505CE1AFC3-StateMachineUpdater] INFO  impl.StateMachineUpdater (StateMachineUpdater.java:lambda$new$0(87)) - 1542794c-42be-495d-a942-8ab282cac6bd@group-3D505CE1AFC3-StateMachineUpdater: snapshotIndex: updateIncreasingly -1 -> 0
2020-12-22 13:11:38,830 [1542794c-42be-495d-a942-8ab282cac6bd@group-3D505CE1AFC3-StateMachineUpdater] INFO  metrics.RatisMetrics (RatisMetrics.java:unregister(43)) - Unregistering Metrics Registry : ratis.state_machine.1542794c-42be-495d-a942-8ab282cac6bd@group-3D505CE1AFC3
2020-12-22 13:11:38,831 [9d743c2f-cc4c-4210-bd8b-cad00ce03aed@group-DA5D408C537E-StateMachineUpdater] INFO  ratis.ContainerStateMachine (ContainerStateMachine.java:takeSnapshot(304)) - group-DA5D408C537E: Finished taking a snapshot at:(t:1, i:0) file:/github/workspace/mnt/ozone/hadoop-ozone/integration-test/target/test-dir/MiniOzoneClusterImpl-0c7722d3-6e51-44b5-a6be-ee21012bb99e/datanode-4/data/ratis/9e6701bb-3dba-4d25-a765-da5d408c537e/sm/snapshot.1_0 time:6
2020-12-22 13:11:38,831 [9d743c2f-cc4c-4210-bd8b-cad00ce03aed@group-DA5D408C537E-StateMachineUpdater] INFO  impl.StateMachineUpdater (StateMachineUpdater.java:takeSnapshot(278)) - 9d743c2f-cc4c-4210-bd8b-cad00ce03aed@group-DA5D408C537E-StateMachineUpdater: Took a snapshot at index 0
2020-12-22 13:11:38,831 [9d743c2f-cc4c-4210-bd8b-cad00ce03aed@group-DA5D408C537E-StateMachineUpdater] INFO  impl.StateMachineUpdater (StateMachineUpdater.java:lambda$new$0(87)) - 9d743c2f-cc4c-4210-bd8b-cad00ce03aed@group-DA5D408C537E-StateMachineUpdater: snapshotIndex: updateIncreasingly -1 -> 0
2020-12-22 13:11:38,831 [9d743c2f-cc4c-4210-bd8b-cad00ce03aed@group-DA5D408C537E-StateMachineUpdater] INFO  metrics.RatisMetrics (RatisMetrics.java:unregister(43)) - Unregistering Metrics Registry : ratis.state_machine.9d743c2f-cc4c-4210-bd8b-cad00ce03aed@group-DA5D408C537E
2020-12-22 13:11:38,832 [Listener at 127.0.0.1/34251] INFO  impl.RaftServerImpl (ServerState.java:close(406)) - 1542794c-42be-495d-a942-8ab282cac6bd@group-3D505CE1AFC3: closes. applyIndex: 0
2020-12-22 13:11:38,832 [ForkJoinPool.commonPool-worker-1] INFO  impl.StateMachineUpdater (StateMachineUpdater.java:stopAndJoin(147)) - 9d743c2f-cc4c-4210-bd8b-cad00ce03aed@group-DA5D408C537E-StateMachineUpdater: set stopIndex = 0
2020-12-22 13:11:38,832 [ForkJoinPool.commonPool-worker-1] INFO  impl.RaftServerImpl (ServerState.java:close(406)) - 9d743c2f-cc4c-4210-bd8b-cad00ce03aed@group-DA5D408C537E: closes. applyIndex: 0
2020-12-22 13:11:38,832 [1542794c-42be-495d-a942-8ab282cac6bd@group-3D505CE1AFC3-SegmentedRaftLogWorker] INFO  segmented.SegmentedRaftLogWorker (SegmentedRaftLogWorker.java:run(329)) - 1542794c-42be-495d-a942-8ab282cac6bd@group-3D505CE1AFC3-SegmentedRaftLogWorker was interrupted, exiting. There are 0 tasks remaining in the queue.
2020-12-22 13:11:38,833 [9d743c2f-cc4c-4210-bd8b-cad00ce03aed@group-DA5D408C537E-SegmentedRaftLogWorker] INFO  segmented.SegmentedRaftLogWorker (SegmentedRaftLogWorker.java:run(329)) - 9d743c2f-cc4c-4210-bd8b-cad00ce03aed@group-DA5D408C537E-SegmentedRaftLogWorker was interrupted, exiting. There are 0 tasks remaining in the queue.
2020-12-22 13:11:38,834 [Listener at 127.0.0.1/34251] INFO  segmented.SegmentedRaftLogWorker (SegmentedRaftLogWorker.java:close(235)) - 1542794c-42be-495d-a942-8ab282cac6bd@group-3D505CE1AFC3-SegmentedRaftLogWorker close()
2020-12-22 13:11:38,834 [ForkJoinPool.commonPool-worker-1] INFO  segmented.SegmentedRaftLogWorker (SegmentedRaftLogWorker.java:close(235)) - 9d743c2f-cc4c-4210-bd8b-cad00ce03aed@group-DA5D408C537E-SegmentedRaftLogWorker close()
2020-12-22 13:11:38,835 [Listener at 127.0.0.1/34251] INFO  metrics.RatisMetrics (RatisMetrics.java:unregister(43)) - Unregistering Metrics Registry : ratis.log_worker.1542794c-42be-495d-a942-8ab282cac6bd@group-3D505CE1AFC3
2020-12-22 13:11:38,836 [Listener at 127.0.0.1/34251] INFO  metrics.RatisMetrics (RatisMetrics.java:unregister(43)) - Unregistering Metrics Registry : ratis.leader_election.1542794c-42be-495d-a942-8ab282cac6bd@group-3D505CE1AFC3
2020-12-22 13:11:38,836 [Listener at 127.0.0.1/34251] INFO  metrics.RatisMetrics (RatisMetrics.java:unregister(43)) - Unregistering Metrics Registry : ratis.server.1542794c-42be-495d-a942-8ab282cac6bd@group-3D505CE1AFC3
2020-12-22 13:11:38,836 [Listener at 127.0.0.1/34251] INFO  impl.RaftServerImpl (RaftServerImpl.java:lambda$shutdown$3(328)) - 1542794c-42be-495d-a942-8ab282cac6bd@group-B00BD356E557: shutdown
2020-12-22 13:11:38,837 [Listener at 127.0.0.1/34251] INFO  util.JmxRegister (JmxRegister.java:unregister(73)) - Successfully un-registered JMX Bean with object name Ratis:service=RaftServer,group=group-B00BD356E557,id=1542794c-42be-495d-a942-8ab282cac6bd
2020-12-22 13:11:38,837 [Listener at 127.0.0.1/34251] INFO  impl.RoleInfo (RoleInfo.java:shutdownFollowerState(121)) - 1542794c-42be-495d-a942-8ab282cac6bd: shutdown 1542794c-42be-495d-a942-8ab282cac6bd@group-B00BD356E557-FollowerState
2020-12-22 13:11:38,836 [ForkJoinPool.commonPool-worker-1] INFO  metrics.RatisMetrics (RatisMetrics.java:unregister(43)) - Unregistering Metrics Registry : ratis.log_worker.9d743c2f-cc4c-4210-bd8b-cad00ce03aed@group-DA5D408C537E
2020-12-22 13:11:38,837 [ForkJoinPool.commonPool-worker-1] INFO  metrics.RatisMetrics (RatisMetrics.java:unregister(43)) - Unregistering Metrics Registry : ratis.leader_election.9d743c2f-cc4c-4210-bd8b-cad00ce03aed@group-DA5D408C537E
2020-12-22 13:11:38,837 [ForkJoinPool.commonPool-worker-1] INFO  metrics.RatisMetrics (RatisMetrics.java:unregister(43)) - Unregistering Metrics Registry : ratis.server.9d743c2f-cc4c-4210-bd8b-cad00ce03aed@group-DA5D408C537E
2020-12-22 13:11:38,837 [ForkJoinPool.commonPool-worker-1] INFO  impl.RaftServerImpl (RaftServerImpl.java:lambda$shutdown$3(328)) - 9d743c2f-cc4c-4210-bd8b-cad00ce03aed@group-6046657B8ADD: shutdown
2020-12-22 13:11:38,838 [ForkJoinPool.commonPool-worker-1] INFO  util.JmxRegister (JmxRegister.java:unregister(73)) - Successfully un-registered JMX Bean with object name Ratis:service=RaftServer,group=group-6046657B8ADD,id=9d743c2f-cc4c-4210-bd8b-cad00ce03aed
2020-12-22 13:11:38,838 [ForkJoinPool.commonPool-worker-1] INFO  impl.RoleInfo (RoleInfo.java:shutdownLeaderState(104)) - 9d743c2f-cc4c-4210-bd8b-cad00ce03aed: shutdown 9d743c2f-cc4c-4210-bd8b-cad00ce03aed@group-6046657B8ADD-LeaderState
2020-12-22 13:11:38,838 [ForkJoinPool.commonPool-worker-1] INFO  impl.PendingRequests (PendingRequests.java:sendNotLeaderResponses(250)) - 9d743c2f-cc4c-4210-bd8b-cad00ce03aed@group-6046657B8ADD-PendingRequests: sendNotLeaderResponses
2020-12-22 13:11:38,838 [ForkJoinPool.commonPool-worker-1] INFO  metrics.RatisMetrics (RatisMetrics.java:unregister(43)) - Unregistering Metrics Registry : ratis.log_appender.9d743c2f-cc4c-4210-bd8b-cad00ce03aed@group-6046657B8ADD
2020-12-22 13:11:38,838 [Listener at 127.0.0.1/34251] INFO  impl.StateMachineUpdater (StateMachineUpdater.java:stopAndJoin(147)) - 1542794c-42be-495d-a942-8ab282cac6bd@group-B00BD356E557-StateMachineUpdater: set stopIndex = 0
2020-12-22 13:11:38,838 [1542794c-42be-495d-a942-8ab282cac6bd@group-B00BD356E557-StateMachineUpdater] INFO  ratis.ContainerStateMachine (ContainerStateMachine.java:takeSnapshot(293)) - group-B00BD356E557: Taking a snapshot at:(t:1, i:0) file /github/workspace/mnt/ozone/hadoop-ozone/integration-test/target/test-dir/MiniOzoneClusterImpl-0c7722d3-6e51-44b5-a6be-ee21012bb99e/datanode-5/data/ratis/bf013636-bf38-49a5-93f8-b00bd356e557/sm/snapshot.1_0
2020-12-22 13:11:38,838 [Thread-412] INFO  impl.FollowerState (FollowerState.java:run(137)) - 1542794c-42be-495d-a942-8ab282cac6bd@group-B00BD356E557-FollowerState was interrupted: {}
java.lang.InterruptedException: sleep interrupted
	at java.lang.Thread.sleep(Native Method)
	at org.apache.ratis.util.JavaUtils.sleep(JavaUtils.java:250)
	at org.apache.ratis.server.impl.FollowerState.run(FollowerState.java:116)
2020-12-22 13:11:38,840 [1542794c-42be-495d-a942-8ab282cac6bd@group-B00BD356E557-StateMachineUpdater] INFO  ratis.ContainerStateMachine (ContainerStateMachine.java:takeSnapshot(304)) - group-B00BD356E557: Finished taking a snapshot at:(t:1, i:0) file:/github/workspace/mnt/ozone/hadoop-ozone/integration-test/target/test-dir/MiniOzoneClusterImpl-0c7722d3-6e51-44b5-a6be-ee21012bb99e/datanode-5/data/ratis/bf013636-bf38-49a5-93f8-b00bd356e557/sm/snapshot.1_0 time:2
2020-12-22 13:11:38,841 [1542794c-42be-495d-a942-8ab282cac6bd@group-B00BD356E557-StateMachineUpdater] INFO  impl.StateMachineUpdater (StateMachineUpdater.java:takeSnapshot(278)) - 1542794c-42be-495d-a942-8ab282cac6bd@group-B00BD356E557-StateMachineUpdater: Took a snapshot at index 0
2020-12-22 13:11:38,843 [1542794c-42be-495d-a942-8ab282cac6bd@group-B00BD356E557-StateMachineUpdater] INFO  impl.StateMachineUpdater (StateMachineUpdater.java:lambda$new$0(87)) - 1542794c-42be-495d-a942-8ab282cac6bd@group-B00BD356E557-StateMachineUpdater: snapshotIndex: updateIncreasingly -1 -> 0
2020-12-22 13:11:38,844 [ForkJoinPool.commonPool-worker-1] INFO  metrics.RatisMetrics (RatisMetrics.java:unregister(43)) - Unregistering Metrics Registry : ratis.server.9d743c2f-cc4c-4210-bd8b-cad00ce03aed@group-6046657B8ADD
2020-12-22 13:11:38,845 [9d743c2f-cc4c-4210-bd8b-cad00ce03aed@group-6046657B8ADD-StateMachineUpdater] INFO  ratis.ContainerStateMachine (ContainerStateMachine.java:takeSnapshot(293)) - group-6046657B8ADD: Taking a snapshot at:(t:1, i:0) file /github/workspace/mnt/ozone/hadoop-ozone/integration-test/target/test-dir/MiniOzoneClusterImpl-0c7722d3-6e51-44b5-a6be-ee21012bb99e/datanode-4/data/ratis/5f3e7721-2f86-4e0b-892d-6046657b8add/sm/snapshot.1_0
2020-12-22 13:11:38,845 [ForkJoinPool.commonPool-worker-1] INFO  impl.StateMachineUpdater (StateMachineUpdater.java:stopAndJoin(147)) - 9d743c2f-cc4c-4210-bd8b-cad00ce03aed@group-6046657B8ADD-StateMachineUpdater: set stopIndex = 0
2020-12-22 13:11:38,845 [1542794c-42be-495d-a942-8ab282cac6bd@group-B00BD356E557-StateMachineUpdater] INFO  metrics.RatisMetrics (RatisMetrics.java:unregister(43)) - Unregistering Metrics Registry : ratis.state_machine.1542794c-42be-495d-a942-8ab282cac6bd@group-B00BD356E557
2020-12-22 13:11:38,846 [Listener at 127.0.0.1/34251] INFO  impl.RaftServerImpl (ServerState.java:close(406)) - 1542794c-42be-495d-a942-8ab282cac6bd@group-B00BD356E557: closes. applyIndex: 0
2020-12-22 13:11:38,846 [1542794c-42be-495d-a942-8ab282cac6bd@group-B00BD356E557-SegmentedRaftLogWorker] INFO  segmented.SegmentedRaftLogWorker (SegmentedRaftLogWorker.java:run(329)) - 1542794c-42be-495d-a942-8ab282cac6bd@group-B00BD356E557-SegmentedRaftLogWorker was interrupted, exiting. There are 0 tasks remaining in the queue.
2020-12-22 13:11:38,846 [9d743c2f-cc4c-4210-bd8b-cad00ce03aed@group-6046657B8ADD-StateMachineUpdater] INFO  ratis.ContainerStateMachine (ContainerStateMachine.java:takeSnapshot(304)) - group-6046657B8ADD: Finished taking a snapshot at:(t:1, i:0) file:/github/workspace/mnt/ozone/hadoop-ozone/integration-test/target/test-dir/MiniOzoneClusterImpl-0c7722d3-6e51-44b5-a6be-ee21012bb99e/datanode-4/data/ratis/5f3e7721-2f86-4e0b-892d-6046657b8add/sm/snapshot.1_0 time:2
2020-12-22 13:11:38,846 [9d743c2f-cc4c-4210-bd8b-cad00ce03aed@group-6046657B8ADD-StateMachineUpdater] INFO  impl.StateMachineUpdater (StateMachineUpdater.java:takeSnapshot(278)) - 9d743c2f-cc4c-4210-bd8b-cad00ce03aed@group-6046657B8ADD-StateMachineUpdater: Took a snapshot at index 0
2020-12-22 13:11:38,846 [9d743c2f-cc4c-4210-bd8b-cad00ce03aed@group-6046657B8ADD-StateMachineUpdater] INFO  impl.StateMachineUpdater (StateMachineUpdater.java:lambda$new$0(87)) - 9d743c2f-cc4c-4210-bd8b-cad00ce03aed@group-6046657B8ADD-StateMachineUpdater: snapshotIndex: updateIncreasingly -1 -> 0
2020-12-22 13:11:38,846 [9d743c2f-cc4c-4210-bd8b-cad00ce03aed@group-6046657B8ADD-StateMachineUpdater] INFO  metrics.RatisMetrics (RatisMetrics.java:unregister(43)) - Unregistering Metrics Registry : ratis.state_machine.9d743c2f-cc4c-4210-bd8b-cad00ce03aed@group-6046657B8ADD
2020-12-22 13:11:38,847 [ForkJoinPool.commonPool-worker-1] INFO  impl.RaftServerImpl (ServerState.java:close(406)) - 9d743c2f-cc4c-4210-bd8b-cad00ce03aed@group-6046657B8ADD: closes. applyIndex: 0
2020-12-22 13:11:38,847 [9d743c2f-cc4c-4210-bd8b-cad00ce03aed@group-6046657B8ADD-SegmentedRaftLogWorker] INFO  segmented.SegmentedRaftLogWorker (SegmentedRaftLogWorker.java:run(329)) - 9d743c2f-cc4c-4210-bd8b-cad00ce03aed@group-6046657B8ADD-SegmentedRaftLogWorker was interrupted, exiting. There are 0 tasks remaining in the queue.
2020-12-22 13:11:38,849 [Listener at 127.0.0.1/34251] INFO  segmented.SegmentedRaftLogWorker (SegmentedRaftLogWorker.java:close(235)) - 1542794c-42be-495d-a942-8ab282cac6bd@group-B00BD356E557-SegmentedRaftLogWorker close()
2020-12-22 13:11:38,850 [ForkJoinPool.commonPool-worker-1] INFO  segmented.SegmentedRaftLogWorker (SegmentedRaftLogWorker.java:close(235)) - 9d743c2f-cc4c-4210-bd8b-cad00ce03aed@group-6046657B8ADD-SegmentedRaftLogWorker close()
2020-12-22 13:11:38,850 [Listener at 127.0.0.1/34251] INFO  metrics.RatisMetrics (RatisMetrics.java:unregister(43)) - Unregistering Metrics Registry : ratis.log_worker.1542794c-42be-495d-a942-8ab282cac6bd@group-B00BD356E557
2020-12-22 13:11:38,851 [ForkJoinPool.commonPool-worker-1] INFO  metrics.RatisMetrics (RatisMetrics.java:unregister(43)) - Unregistering Metrics Registry : ratis.log_worker.9d743c2f-cc4c-4210-bd8b-cad00ce03aed@group-6046657B8ADD
2020-12-22 13:11:38,851 [Listener at 127.0.0.1/34251] INFO  metrics.RatisMetrics (RatisMetrics.java:unregister(43)) - Unregistering Metrics Registry : ratis.leader_election.1542794c-42be-495d-a942-8ab282cac6bd@group-B00BD356E557
2020-12-22 13:11:38,851 [Listener at 127.0.0.1/34251] INFO  metrics.RatisMetrics (RatisMetrics.java:unregister(43)) - Unregistering Metrics Registry : ratis.server.1542794c-42be-495d-a942-8ab282cac6bd@group-B00BD356E557
2020-12-22 13:11:38,851 [ForkJoinPool.commonPool-worker-1] INFO  metrics.RatisMetrics (RatisMetrics.java:unregister(43)) - Unregistering Metrics Registry : ratis.leader_election.9d743c2f-cc4c-4210-bd8b-cad00ce03aed@group-6046657B8ADD
2020-12-22 13:11:38,851 [Listener at 127.0.0.1/34251] INFO  server.GrpcService (GrpcService.java:closeImpl(184)) - 1542794c-42be-495d-a942-8ab282cac6bd: shutdown server with port 43871 now
2020-12-22 13:11:38,852 [ForkJoinPool.commonPool-worker-1] INFO  metrics.RatisMetrics (RatisMetrics.java:unregister(43)) - Unregistering Metrics Registry : ratis.server.9d743c2f-cc4c-4210-bd8b-cad00ce03aed@group-6046657B8ADD
2020-12-22 13:11:38,852 [ForkJoinPool.commonPool-worker-1] INFO  server.GrpcService (GrpcService.java:closeImpl(184)) - 9d743c2f-cc4c-4210-bd8b-cad00ce03aed: shutdown server with port 40485 now
2020-12-22 13:11:38,853 [Listener at 127.0.0.1/34251] INFO  server.GrpcService (GrpcService.java:closeImpl(193)) - 1542794c-42be-495d-a942-8ab282cac6bd: shutdown server with port 43871 successfully
2020-12-22 13:11:38,853 [grpc-default-executor-3] WARN  server.GrpcServerProtocolService (LogUtils.java:warn(122)) - 1542794c-42be-495d-a942-8ab282cac6bd: installSnapshot onError, lastRequest: 968414a2-acfc-4d9a-a6c6-d5ffe78fa14c->1542794c-42be-495d-a942-8ab282cac6bd#1-t1, previous=(t:0, i:0), leaderCommit=0, initializing? false, entries: size=1, first=(t:1, i:0), CONFIGURATIONENTRY: org.apache.ratis.thirdparty.io.grpc.StatusRuntimeException: CANCELLED: cancelled before receiving half close
2020-12-22 13:11:38,854 [Listener at 127.0.0.1/34251] INFO  utils.BackgroundService (BackgroundService.java:shutdown(132)) - Shutting down service BlockDeletingService
2020-12-22 13:11:38,855 [grpc-default-executor-1] WARN  server.GrpcLogAppender (LogUtils.java:warn(122)) - 968414a2-acfc-4d9a-a6c6-d5ffe78fa14c@group-B00BD356E557->1542794c-42be-495d-a942-8ab282cac6bd-AppendLogResponseHandler: Failed appendEntries: org.apache.ratis.thirdparty.io.grpc.StatusRuntimeException: CANCELLED: HTTP/2 error code: CANCEL
Received Rst Stream
2020-12-22 13:11:38,855 [grpc-default-executor-1] WARN  server.GrpcLogAppender (GrpcLogAppender.java:resetClient(107)) - 968414a2-acfc-4d9a-a6c6-d5ffe78fa14c@group-B00BD356E557->1542794c-42be-495d-a942-8ab282cac6bd-GrpcLogAppender: Leader has not got in touch with Follower 968414a2-acfc-4d9a-a6c6-d5ffe78fa14c@group-B00BD356E557->1542794c-42be-495d-a942-8ab282cac6bd(c0,m0,n1, attendVote=true, lastRpcSendTime=45, lastRpcResponseTime=28) yet, just keep nextIndex unchanged and retry.
2020-12-22 13:11:38,859 [ForkJoinPool.commonPool-worker-1] INFO  server.GrpcService (GrpcService.java:closeImpl(193)) - 9d743c2f-cc4c-4210-bd8b-cad00ce03aed: shutdown server with port 40485 successfully
2020-12-22 13:11:38,864 [Listener at 127.0.0.1/34251] INFO  statemachine.DatanodeStateMachine (DatanodeStateMachine.java:stopDaemon(461)) - Ozone container server stopped.
2020-12-22 13:11:38,866 [ForkJoinPool.commonPool-worker-1] INFO  utils.BackgroundService (BackgroundService.java:shutdown(132)) - Shutting down service BlockDeletingService
2020-12-22 13:11:38,874 [ForkJoinPool.commonPool-worker-1] INFO  statemachine.DatanodeStateMachine (DatanodeStateMachine.java:stopDaemon(461)) - Ozone container server stopped.
2020-12-22 13:11:38,880 [Listener at 127.0.0.1/34251] INFO  handler.ContextHandler (ContextHandler.java:doStop(1154)) - Stopped o.e.j.w.WebAppContext@3cb65401{hddsDatanode,/,null,STOPPED}{jar:file:/home/user/.m2/repository/org/apache/hadoop/hadoop-hdds-container-service/1.1.0-SNAPSHOT/hadoop-hdds-container-service-1.1.0-SNAPSHOT.jar!/webapps/hddsDatanode}
2020-12-22 13:11:38,885 [Listener at 127.0.0.1/34251] INFO  server.AbstractConnector (AbstractConnector.java:doStop(381)) - Stopped ServerConnector@436cbd98{HTTP/1.1, (http/1.1)}{0.0.0.0:0}
2020-12-22 13:11:38,885 [Listener at 127.0.0.1/34251] INFO  server.session (HouseKeeper.java:stopScavenging(149)) - node0 Stopped scavenging
2020-12-22 13:11:38,886 [Listener at 127.0.0.1/34251] INFO  handler.ContextHandler (ContextHandler.java:doStop(1154)) - Stopped o.e.j.s.ServletContextHandler@38d10157{static,/static,jar:file:/home/user/.m2/repository/org/apache/hadoop/hadoop-hdds-container-service/1.1.0-SNAPSHOT/hadoop-hdds-container-service-1.1.0-SNAPSHOT.jar!/webapps/static,STOPPED}
2020-12-22 13:11:38,886 [Listener at 127.0.0.1/34251] INFO  handler.ContextHandler (ContextHandler.java:doStop(1154)) - Stopped o.e.j.s.ServletContextHandler@28ac1783{logs,/logs,file:///github/workspace/mnt/ozone/hadoop-ozone/integration-test/target/log,STOPPED}
2020-12-22 13:11:38,891 [ForkJoinPool.commonPool-worker-1] INFO  handler.ContextHandler (ContextHandler.java:doStop(1154)) - Stopped o.e.j.w.WebAppContext@1f1215b5{hddsDatanode,/,null,STOPPED}{jar:file:/home/user/.m2/repository/org/apache/hadoop/hadoop-hdds-container-service/1.1.0-SNAPSHOT/hadoop-hdds-container-service-1.1.0-SNAPSHOT.jar!/webapps/hddsDatanode}
2020-12-22 13:11:38,891 [ForkJoinPool.commonPool-worker-1] INFO  server.AbstractConnector (AbstractConnector.java:doStop(381)) - Stopped ServerConnector@5ac202f1{HTTP/1.1, (http/1.1)}{0.0.0.0:0}
2020-12-22 13:11:38,891 [ForkJoinPool.commonPool-worker-1] INFO  server.session (HouseKeeper.java:stopScavenging(149)) - node0 Stopped scavenging
2020-12-22 13:11:38,892 [ForkJoinPool.commonPool-worker-1] INFO  handler.ContextHandler (ContextHandler.java:doStop(1154)) - Stopped o.e.j.s.ServletContextHandler@469eec6f{static,/static,jar:file:/home/user/.m2/repository/org/apache/hadoop/hadoop-hdds-container-service/1.1.0-SNAPSHOT/hadoop-hdds-container-service-1.1.0-SNAPSHOT.jar!/webapps/static,STOPPED}
2020-12-22 13:11:38,894 [ForkJoinPool.commonPool-worker-1] INFO  handler.ContextHandler (ContextHandler.java:doStop(1154)) - Stopped o.e.j.s.ServletContextHandler@631c6881{logs,/logs,file:///github/workspace/mnt/ozone/hadoop-ozone/integration-test/target/log,STOPPED}
2020-12-22 13:11:39,245 [grpc-default-executor-2] WARN  server.GrpcLogAppender (LogUtils.java:warn(122)) - cfc7b2a2-0619-4c85-8419-784b4b9eda1c@group-197856EE50CC->a9e5f8c8-f1d2-4256-bab8-e403c630398b-AppendLogResponseHandler: Failed appendEntries: org.apache.ratis.thirdparty.io.grpc.StatusRuntimeException: UNAVAILABLE: io exception
2020-12-22 13:11:39,245 [grpc-default-executor-2] WARN  server.GrpcLogAppender (GrpcLogAppender.java:resetClient(107)) - cfc7b2a2-0619-4c85-8419-784b4b9eda1c@group-197856EE50CC->a9e5f8c8-f1d2-4256-bab8-e403c630398b-GrpcLogAppender: Leader has not got in touch with Follower cfc7b2a2-0619-4c85-8419-784b4b9eda1c@group-197856EE50CC->a9e5f8c8-f1d2-4256-bab8-e403c630398b(c0,m0,n9, attendVote=true, lastRpcSendTime=0, lastRpcResponseTime=39938) yet, just keep nextIndex unchanged and retry.
2020-12-22 13:11:39,329 [grpc-default-executor-3] WARN  server.GrpcLogAppender (LogUtils.java:warn(122)) - 968414a2-acfc-4d9a-a6c6-d5ffe78fa14c@group-B00BD356E557->1542794c-42be-495d-a942-8ab282cac6bd-AppendLogResponseHandler: Failed appendEntries: org.apache.ratis.thirdparty.io.grpc.StatusRuntimeException: UNAVAILABLE: io exception
2020-12-22 13:11:39,329 [grpc-default-executor-3] WARN  server.GrpcLogAppender (GrpcLogAppender.java:resetClient(107)) - 968414a2-acfc-4d9a-a6c6-d5ffe78fa14c@group-B00BD356E557->1542794c-42be-495d-a942-8ab282cac6bd-GrpcLogAppender: Leader has not got in touch with Follower 968414a2-acfc-4d9a-a6c6-d5ffe78fa14c@group-B00BD356E557->1542794c-42be-495d-a942-8ab282cac6bd(c0,m0,n1, attendVote=true, lastRpcSendTime=1, lastRpcResponseTime=502) yet, just keep nextIndex unchanged and retry.
2020-12-22 13:11:39,479 [Datanode State Machine Thread - 0] INFO  statemachine.DatanodeStateMachine (DatanodeStateMachine.java:lambda$startDaemon$0(408)) - Ozone container server started.
2020-12-22 13:11:39,687 [Datanode State Machine Thread - 0] INFO  statemachine.DatanodeStateMachine (DatanodeStateMachine.java:lambda$startDaemon$0(408)) - Ozone container server started.
2020-12-22 13:11:39,746 [grpc-default-executor-3] WARN  server.GrpcLogAppender (LogUtils.java:warn(122)) - cfc7b2a2-0619-4c85-8419-784b4b9eda1c@group-197856EE50CC->a9e5f8c8-f1d2-4256-bab8-e403c630398b-AppendLogResponseHandler: Failed appendEntries: org.apache.ratis.thirdparty.io.grpc.StatusRuntimeException: UNAVAILABLE: io exception
2020-12-22 13:11:39,746 [grpc-default-executor-3] WARN  server.GrpcLogAppender (GrpcLogAppender.java:resetClient(107)) - cfc7b2a2-0619-4c85-8419-784b4b9eda1c@group-197856EE50CC->a9e5f8c8-f1d2-4256-bab8-e403c630398b-GrpcLogAppender: Leader has not got in touch with Follower cfc7b2a2-0619-4c85-8419-784b4b9eda1c@group-197856EE50CC->a9e5f8c8-f1d2-4256-bab8-e403c630398b(c0,m0,n9, attendVote=true, lastRpcSendTime=0, lastRpcResponseTime=40440) yet, just keep nextIndex unchanged and retry.
2020-12-22 13:11:39,829 [grpc-default-executor-2] WARN  server.GrpcLogAppender (LogUtils.java:warn(122)) - 968414a2-acfc-4d9a-a6c6-d5ffe78fa14c@group-B00BD356E557->1542794c-42be-495d-a942-8ab282cac6bd-AppendLogResponseHandler: Failed appendEntries: org.apache.ratis.thirdparty.io.grpc.StatusRuntimeException: UNAVAILABLE: io exception
2020-12-22 13:11:39,829 [grpc-default-executor-2] WARN  server.GrpcLogAppender (GrpcLogAppender.java:resetClient(107)) - 968414a2-acfc-4d9a-a6c6-d5ffe78fa14c@group-B00BD356E557->1542794c-42be-495d-a942-8ab282cac6bd-GrpcLogAppender: Leader has not got in touch with Follower 968414a2-acfc-4d9a-a6c6-d5ffe78fa14c@group-B00BD356E557->1542794c-42be-495d-a942-8ab282cac6bd(c0,m0,n1, attendVote=true, lastRpcSendTime=0, lastRpcResponseTime=1002) yet, just keep nextIndex unchanged and retry.
2020-12-22 13:11:39,902 [Thread-1132] INFO  impl.FollowerState (FollowerState.java:run(128)) - d23545be-7951-4ced-9e1c-af6ad8e842b2@group-22EF2DA5B5E3-FollowerState: change to CANDIDATE, lastRpcTime:1196ms, electionTimeout:1196ms
2020-12-22 13:11:39,902 [Thread-1132] INFO  impl.RoleInfo (RoleInfo.java:shutdownFollowerState(121)) - d23545be-7951-4ced-9e1c-af6ad8e842b2: shutdown d23545be-7951-4ced-9e1c-af6ad8e842b2@group-22EF2DA5B5E3-FollowerState
2020-12-22 13:11:39,902 [Thread-1132] INFO  impl.RaftServerImpl (RaftServerImpl.java:setRole(204)) - d23545be-7951-4ced-9e1c-af6ad8e842b2@group-22EF2DA5B5E3: changes role from  FOLLOWER to CANDIDATE at term 27 for changeToCandidate
2020-12-22 13:11:39,902 [Thread-1132] INFO  impl.RoleInfo (RoleInfo.java:updateAndGet(143)) - d23545be-7951-4ced-9e1c-af6ad8e842b2: start d23545be-7951-4ced-9e1c-af6ad8e842b2@group-22EF2DA5B5E3-LeaderElection42
2020-12-22 13:11:39,906 [d23545be-7951-4ced-9e1c-af6ad8e842b2@group-22EF2DA5B5E3-LeaderElection42] INFO  impl.LeaderElection (LeaderElection.java:askForVotes(215)) - d23545be-7951-4ced-9e1c-af6ad8e842b2@group-22EF2DA5B5E3-LeaderElection42: begin an election at term 28 for 5: [630f7d82-7405-430a-acc4-3cca1d2988c7|rpc:172.17.0.2:39527|dataStream:, a9e5f8c8-f1d2-4256-bab8-e403c630398b|rpc:172.17.0.2:36741|dataStream:, d23545be-7951-4ced-9e1c-af6ad8e842b2|rpc:172.17.0.2:35453|dataStream:], old=null
2020-12-22 13:11:39,907 [d23545be-7951-4ced-9e1c-af6ad8e842b2@group-22EF2DA5B5E3-LeaderElection42] INFO  impl.LeaderElection (LogUtils.java:infoOrTrace(137)) - d23545be-7951-4ced-9e1c-af6ad8e842b2@group-22EF2DA5B5E3-LeaderElection42 got exception when requesting votes: java.util.concurrent.ExecutionException: org.apache.ratis.thirdparty.io.grpc.StatusRuntimeException: UNAVAILABLE: io exception
2020-12-22 13:11:39,909 [d23545be-7951-4ced-9e1c-af6ad8e842b2@group-22EF2DA5B5E3-LeaderElection42] INFO  impl.LeaderElection (LogUtils.java:infoOrTrace(137)) - d23545be-7951-4ced-9e1c-af6ad8e842b2@group-22EF2DA5B5E3-LeaderElection42 got exception when requesting votes: java.util.concurrent.ExecutionException: org.apache.ratis.thirdparty.io.grpc.StatusRuntimeException: UNAVAILABLE: io exception
2020-12-22 13:11:39,909 [d23545be-7951-4ced-9e1c-af6ad8e842b2@group-22EF2DA5B5E3-LeaderElection42] INFO  impl.LeaderElection (LeaderElection.java:logAndReturn(65)) - d23545be-7951-4ced-9e1c-af6ad8e842b2@group-22EF2DA5B5E3-LeaderElection42: Election REJECTED; received 0 response(s) [] and 2 exception(s); d23545be-7951-4ced-9e1c-af6ad8e842b2@group-22EF2DA5B5E3:t28, leader=null, voted=d23545be-7951-4ced-9e1c-af6ad8e842b2, raftlog=d23545be-7951-4ced-9e1c-af6ad8e842b2@group-22EF2DA5B5E3-SegmentedRaftLog:OPENED:c6,f6,i6, conf=5: [630f7d82-7405-430a-acc4-3cca1d2988c7|rpc:172.17.0.2:39527|dataStream:, a9e5f8c8-f1d2-4256-bab8-e403c630398b|rpc:172.17.0.2:36741|dataStream:, d23545be-7951-4ced-9e1c-af6ad8e842b2|rpc:172.17.0.2:35453|dataStream:], old=null
2020-12-22 13:11:39,910 [d23545be-7951-4ced-9e1c-af6ad8e842b2@group-22EF2DA5B5E3-LeaderElection42] INFO  impl.LeaderElection (LogUtils.java:infoOrTrace(137)) -   Exception 0: java.util.concurrent.ExecutionException: org.apache.ratis.thirdparty.io.grpc.StatusRuntimeException: UNAVAILABLE: io exception
2020-12-22 13:11:39,910 [d23545be-7951-4ced-9e1c-af6ad8e842b2@group-22EF2DA5B5E3-LeaderElection42] INFO  impl.LeaderElection (LogUtils.java:infoOrTrace(137)) -   Exception 1: java.util.concurrent.ExecutionException: org.apache.ratis.thirdparty.io.grpc.StatusRuntimeException: UNAVAILABLE: io exception
2020-12-22 13:11:39,910 [d23545be-7951-4ced-9e1c-af6ad8e842b2@group-22EF2DA5B5E3-LeaderElection42] INFO  impl.RaftServerImpl (RaftServerImpl.java:setRole(204)) - d23545be-7951-4ced-9e1c-af6ad8e842b2@group-22EF2DA5B5E3: changes role from CANDIDATE to FOLLOWER at term 28 for DISCOVERED_A_NEW_TERM
2020-12-22 13:11:39,910 [d23545be-7951-4ced-9e1c-af6ad8e842b2@group-22EF2DA5B5E3-LeaderElection42] INFO  impl.RoleInfo (RoleInfo.java:shutdownLeaderElection(134)) - d23545be-7951-4ced-9e1c-af6ad8e842b2: shutdown d23545be-7951-4ced-9e1c-af6ad8e842b2@group-22EF2DA5B5E3-LeaderElection42
2020-12-22 13:11:39,910 [d23545be-7951-4ced-9e1c-af6ad8e842b2@group-22EF2DA5B5E3-LeaderElection42] INFO  impl.RoleInfo (RoleInfo.java:updateAndGet(143)) - d23545be-7951-4ced-9e1c-af6ad8e842b2: start d23545be-7951-4ced-9e1c-af6ad8e842b2@group-22EF2DA5B5E3-FollowerState
2020-12-22 13:11:40,188 [Thread-368] INFO  impl.FollowerState (FollowerState.java:run(128)) - 0b95e776-5e46-4213-b3c0-ade9dce9a7dd@group-DA5D408C537E-FollowerState: change to CANDIDATE, lastRpcTime:1386ms, electionTimeout:1104ms
2020-12-22 13:11:40,189 [Thread-368] INFO  impl.RoleInfo (RoleInfo.java:shutdownFollowerState(121)) - 0b95e776-5e46-4213-b3c0-ade9dce9a7dd: shutdown 0b95e776-5e46-4213-b3c0-ade9dce9a7dd@group-DA5D408C537E-FollowerState
2020-12-22 13:11:40,189 [Thread-368] INFO  impl.RaftServerImpl (RaftServerImpl.java:setRole(204)) - 0b95e776-5e46-4213-b3c0-ade9dce9a7dd@group-DA5D408C537E: changes role from  FOLLOWER to CANDIDATE at term 1 for changeToCandidate
2020-12-22 13:11:40,189 [Thread-368] INFO  impl.RoleInfo (RoleInfo.java:updateAndGet(143)) - 0b95e776-5e46-4213-b3c0-ade9dce9a7dd: start 0b95e776-5e46-4213-b3c0-ade9dce9a7dd@group-DA5D408C537E-LeaderElection43
2020-12-22 13:11:40,190 [0b95e776-5e46-4213-b3c0-ade9dce9a7dd@group-DA5D408C537E-LeaderElection43] INFO  impl.RaftServerImpl (ServerState.java:setLeader(256)) - 0b95e776-5e46-4213-b3c0-ade9dce9a7dd@group-DA5D408C537E: change Leader from 9d743c2f-cc4c-4210-bd8b-cad00ce03aed to null at term 1 for initElection
2020-12-22 13:11:40,192 [0b95e776-5e46-4213-b3c0-ade9dce9a7dd@group-DA5D408C537E-LeaderElection43] INFO  impl.LeaderElection (LeaderElection.java:askForVotes(215)) - 0b95e776-5e46-4213-b3c0-ade9dce9a7dd@group-DA5D408C537E-LeaderElection43: begin an election at term 2 for 0: [0b95e776-5e46-4213-b3c0-ade9dce9a7dd|rpc:172.17.0.2:38657|dataStream:, 3b8ab88f-c5e9-42ae-b9d6-c186578cc1d3|rpc:172.17.0.2:46551|dataStream:, 9d743c2f-cc4c-4210-bd8b-cad00ce03aed|rpc:172.17.0.2:40485|dataStream:], old=null
2020-12-22 13:11:40,201 [grpc-default-executor-2] INFO  impl.RaftServerImpl (ServerState.java:setLeader(256)) - 3b8ab88f-c5e9-42ae-b9d6-c186578cc1d3@group-DA5D408C537E: change Leader from 9d743c2f-cc4c-4210-bd8b-cad00ce03aed to null at term 2 for updateCurrentTerm
2020-12-22 13:11:40,201 [grpc-default-executor-2] INFO  impl.RaftServerImpl (RaftServerImpl.java:setRole(204)) - 3b8ab88f-c5e9-42ae-b9d6-c186578cc1d3@group-DA5D408C537E: changes role from  FOLLOWER to FOLLOWER at term 2 for recognizeCandidate:0b95e776-5e46-4213-b3c0-ade9dce9a7dd
2020-12-22 13:11:40,201 [grpc-default-executor-2] INFO  impl.RoleInfo (RoleInfo.java:shutdownFollowerState(121)) - 3b8ab88f-c5e9-42ae-b9d6-c186578cc1d3: shutdown 3b8ab88f-c5e9-42ae-b9d6-c186578cc1d3@group-DA5D408C537E-FollowerState
2020-12-22 13:11:40,201 [grpc-default-executor-2] INFO  impl.RoleInfo (RoleInfo.java:updateAndGet(143)) - 3b8ab88f-c5e9-42ae-b9d6-c186578cc1d3: start 3b8ab88f-c5e9-42ae-b9d6-c186578cc1d3@group-DA5D408C537E-FollowerState
2020-12-22 13:11:40,201 [Thread-370] INFO  impl.FollowerState (FollowerState.java:run(137)) - 3b8ab88f-c5e9-42ae-b9d6-c186578cc1d3@group-DA5D408C537E-FollowerState was interrupted: {}
java.lang.InterruptedException: sleep interrupted
	at java.lang.Thread.sleep(Native Method)
	at org.apache.ratis.util.JavaUtils.sleep(JavaUtils.java:250)
	at org.apache.ratis.server.impl.FollowerState.run(FollowerState.java:116)
2020-12-22 13:11:40,201 [grpc-default-executor-2] INFO  impl.RaftServerImpl (RaftServerImpl.java:requestVote(963)) -  FOLLOWER 3b8ab88f-c5e9-42ae-b9d6-c186578cc1d3@group-DA5D408C537E:t2, leader=null, voted=null, raftlog=3b8ab88f-c5e9-42ae-b9d6-c186578cc1d3@group-DA5D408C537E-SegmentedRaftLog:OPENED:c0,f0,i0, conf=0: [0b95e776-5e46-4213-b3c0-ade9dce9a7dd|rpc:172.17.0.2:38657|dataStream:, 3b8ab88f-c5e9-42ae-b9d6-c186578cc1d3|rpc:172.17.0.2:46551|dataStream:, 9d743c2f-cc4c-4210-bd8b-cad00ce03aed|rpc:172.17.0.2:40485|dataStream:], old=null RUNNING priority:0 candidate:0b95e776-5e46-4213-b3c0-ade9dce9a7dd|rpc:172.17.0.2:38657|dataStream: candidatePriority:0 compare:0
2020-12-22 13:11:40,208 [0b95e776-5e46-4213-b3c0-ade9dce9a7dd@group-DA5D408C537E-LeaderElection43] INFO  impl.LeaderElection (LeaderElection.java:logAndReturn(65)) - 0b95e776-5e46-4213-b3c0-ade9dce9a7dd@group-DA5D408C537E-LeaderElection43: Election PASSED; received 1 response(s) [0b95e776-5e46-4213-b3c0-ade9dce9a7dd<-3b8ab88f-c5e9-42ae-b9d6-c186578cc1d3#0:OK-t2] and 0 exception(s); 0b95e776-5e46-4213-b3c0-ade9dce9a7dd@group-DA5D408C537E:t2, leader=null, voted=0b95e776-5e46-4213-b3c0-ade9dce9a7dd, raftlog=0b95e776-5e46-4213-b3c0-ade9dce9a7dd@group-DA5D408C537E-SegmentedRaftLog:OPENED:c0,f0,i0, conf=0: [0b95e776-5e46-4213-b3c0-ade9dce9a7dd|rpc:172.17.0.2:38657|dataStream:, 3b8ab88f-c5e9-42ae-b9d6-c186578cc1d3|rpc:172.17.0.2:46551|dataStream:, 9d743c2f-cc4c-4210-bd8b-cad00ce03aed|rpc:172.17.0.2:40485|dataStream:], old=null
2020-12-22 13:11:40,208 [0b95e776-5e46-4213-b3c0-ade9dce9a7dd@group-DA5D408C537E-LeaderElection43] INFO  impl.RoleInfo (RoleInfo.java:shutdownLeaderElection(134)) - 0b95e776-5e46-4213-b3c0-ade9dce9a7dd: shutdown 0b95e776-5e46-4213-b3c0-ade9dce9a7dd@group-DA5D408C537E-LeaderElection43
2020-12-22 13:11:40,208 [0b95e776-5e46-4213-b3c0-ade9dce9a7dd@group-DA5D408C537E-LeaderElection43] INFO  impl.RaftServerImpl (RaftServerImpl.java:setRole(204)) - 0b95e776-5e46-4213-b3c0-ade9dce9a7dd@group-DA5D408C537E: changes role from CANDIDATE to LEADER at term 2 for changeToLeader
2020-12-22 13:11:40,208 [0b95e776-5e46-4213-b3c0-ade9dce9a7dd@group-DA5D408C537E-LeaderElection43] INFO  ratis.XceiverServerRatis (XceiverServerRatis.java:handleLeaderChangedNotification(854)) - Leader change notification received for group: group-DA5D408C537E with new leaderId: 0b95e776-5e46-4213-b3c0-ade9dce9a7dd
2020-12-22 13:11:40,209 [0b95e776-5e46-4213-b3c0-ade9dce9a7dd@group-DA5D408C537E-LeaderElection43] INFO  impl.RaftServerImpl (ServerState.java:setLeader(256)) - 0b95e776-5e46-4213-b3c0-ade9dce9a7dd@group-DA5D408C537E: change Leader from null to 0b95e776-5e46-4213-b3c0-ade9dce9a7dd at term 2 for becomeLeader, leader elected after 18ms
2020-12-22 13:11:40,209 [0b95e776-5e46-4213-b3c0-ade9dce9a7dd@group-DA5D408C537E-LeaderElection43] INFO  server.RaftServerConfigKeys (ConfUtils.java:logGet(44)) - raft.server.staging.catchup.gap = 1000 (default)
2020-12-22 13:11:40,211 [0b95e776-5e46-4213-b3c0-ade9dce9a7dd@group-DA5D408C537E-LeaderElection43] INFO  server.RaftServerConfigKeys (ConfUtils.java:logGet(44)) - raft.server.rpc.sleep.time = 25ms (default)
2020-12-22 13:11:40,211 [0b95e776-5e46-4213-b3c0-ade9dce9a7dd@group-DA5D408C537E-LeaderElection43] INFO  metrics.RatisMetrics (RatisMetrics.java:lambda$create$0(36)) - Creating Metrics Registry : ratis.log_appender.0b95e776-5e46-4213-b3c0-ade9dce9a7dd@group-DA5D408C537E
2020-12-22 13:11:40,211 [0b95e776-5e46-4213-b3c0-ade9dce9a7dd@group-DA5D408C537E-LeaderElection43] INFO  server.RaftServerConfigKeys (ConfUtils.java:logGet(44)) - raft.server.write.element-limit = 1024 (custom)
2020-12-22 13:11:40,211 [0b95e776-5e46-4213-b3c0-ade9dce9a7dd@group-DA5D408C537E-LeaderElection43] INFO  server.RaftServerConfigKeys (ConfUtils.java:logGet(44)) - raft.server.write.byte-limit = 1073741824 (custom)
2020-12-22 13:11:40,211 [0b95e776-5e46-4213-b3c0-ade9dce9a7dd@group-DA5D408C537E-LeaderElection43] INFO  server.RaftServerConfigKeys (ConfUtils.java:logGet(44)) - raft.server.watch.timeout = 3000ms (custom)
2020-12-22 13:11:40,211 [0b95e776-5e46-4213-b3c0-ade9dce9a7dd@group-DA5D408C537E-LeaderElection43] INFO  server.RaftServerConfigKeys (ConfUtils.java:logGet(44)) - raft.server.watch.timeout.denomination = 1s (default)
2020-12-22 13:11:40,212 [0b95e776-5e46-4213-b3c0-ade9dce9a7dd@group-DA5D408C537E-LeaderElection43] INFO  server.RaftServerConfigKeys (ConfUtils.java:logGet(44)) - raft.server.watch.element-limit = 65536 (default)
2020-12-22 13:11:40,212 [0b95e776-5e46-4213-b3c0-ade9dce9a7dd@group-DA5D408C537E-LeaderElection43] INFO  server.RaftServerConfigKeys (ConfUtils.java:logGet(44)) - raft.server.log.appender.snapshot.chunk.size.max = 16MB (=16777216) (default)
2020-12-22 13:11:40,212 [0b95e776-5e46-4213-b3c0-ade9dce9a7dd@group-DA5D408C537E-LeaderElection43] INFO  server.RaftServerConfigKeys (ConfUtils.java:logGet(44)) - raft.server.log.appender.buffer.byte-limit = 33554432 (custom)
2020-12-22 13:11:40,212 [0b95e776-5e46-4213-b3c0-ade9dce9a7dd@group-DA5D408C537E-LeaderElection43] INFO  server.RaftServerConfigKeys (ConfUtils.java:logGet(44)) - raft.server.log.appender.buffer.element-limit = 1 (custom)
2020-12-22 13:11:40,212 [0b95e776-5e46-4213-b3c0-ade9dce9a7dd@group-DA5D408C537E-LeaderElection43] INFO  grpc.GrpcConfigKeys (ConfUtils.java:logGet(44)) - raft.grpc.server.leader.outstanding.appends.max = 128 (default)
2020-12-22 13:11:40,212 [0b95e776-5e46-4213-b3c0-ade9dce9a7dd@group-DA5D408C537E-LeaderElection43] INFO  server.RaftServerConfigKeys (ConfUtils.java:logGet(44)) - raft.server.rpc.request.timeout = 3000ms (default)
2020-12-22 13:11:40,212 [0b95e776-5e46-4213-b3c0-ade9dce9a7dd@group-DA5D408C537E-LeaderElection43] INFO  server.RaftServerConfigKeys (ConfUtils.java:logGet(44)) - raft.server.log.appender.install.snapshot.enabled = false (custom)
2020-12-22 13:11:40,212 [0b95e776-5e46-4213-b3c0-ade9dce9a7dd@group-DA5D408C537E-LeaderElection43] INFO  metrics.RatisMetrics (RatisMetrics.java:lambda$create$0(36)) - Creating Metrics Registry : ratis_grpc.log_appender.0b95e776-5e46-4213-b3c0-ade9dce9a7dd@group-DA5D408C537E
2020-12-22 13:11:40,213 [0b95e776-5e46-4213-b3c0-ade9dce9a7dd@group-DA5D408C537E-LeaderElection43] INFO  server.RaftServerConfigKeys (ConfUtils.java:logGet(44)) - raft.server.log.appender.snapshot.chunk.size.max = 16MB (=16777216) (default)
2020-12-22 13:11:40,213 [0b95e776-5e46-4213-b3c0-ade9dce9a7dd@group-DA5D408C537E-LeaderElection43] INFO  server.RaftServerConfigKeys (ConfUtils.java:logGet(44)) - raft.server.log.appender.buffer.byte-limit = 33554432 (custom)
2020-12-22 13:11:40,214 [0b95e776-5e46-4213-b3c0-ade9dce9a7dd@group-DA5D408C537E-LeaderElection43] INFO  server.RaftServerConfigKeys (ConfUtils.java:logGet(44)) - raft.server.log.appender.buffer.element-limit = 1 (custom)
2020-12-22 13:11:40,214 [0b95e776-5e46-4213-b3c0-ade9dce9a7dd@group-DA5D408C537E-LeaderElection43] INFO  grpc.GrpcConfigKeys (ConfUtils.java:logGet(44)) - raft.grpc.server.leader.outstanding.appends.max = 128 (default)
2020-12-22 13:11:40,214 [0b95e776-5e46-4213-b3c0-ade9dce9a7dd@group-DA5D408C537E-LeaderElection43] INFO  server.RaftServerConfigKeys (ConfUtils.java:logGet(44)) - raft.server.rpc.request.timeout = 3000ms (default)
2020-12-22 13:11:40,214 [0b95e776-5e46-4213-b3c0-ade9dce9a7dd@group-DA5D408C537E-LeaderElection43] INFO  server.RaftServerConfigKeys (ConfUtils.java:logGet(44)) - raft.server.log.appender.install.snapshot.enabled = false (custom)
2020-12-22 13:11:40,215 [0b95e776-5e46-4213-b3c0-ade9dce9a7dd@group-DA5D408C537E-LeaderElection43] INFO  impl.RoleInfo (RoleInfo.java:updateAndGet(143)) - 0b95e776-5e46-4213-b3c0-ade9dce9a7dd: start 0b95e776-5e46-4213-b3c0-ade9dce9a7dd@group-DA5D408C537E-LeaderState
2020-12-22 13:11:40,215 [0b95e776-5e46-4213-b3c0-ade9dce9a7dd@group-DA5D408C537E-LeaderElection43] INFO  segmented.SegmentedRaftLogWorker (SegmentedRaftLogWorker.java:rollLogSegment(403)) - 0b95e776-5e46-4213-b3c0-ade9dce9a7dd@group-DA5D408C537E-SegmentedRaftLogWorker: Rolling segment log-0_0 to index:0
2020-12-22 13:11:40,215 [0b95e776-5e46-4213-b3c0-ade9dce9a7dd@group-DA5D408C537E-SegmentedRaftLogWorker] INFO  segmented.SegmentedRaftLogWorker (SegmentedRaftLogWorker.java:execute(554)) - 0b95e776-5e46-4213-b3c0-ade9dce9a7dd@group-DA5D408C537E-SegmentedRaftLogWorker: Rolled log segment from /github/workspace/mnt/ozone/hadoop-ozone/integration-test/target/test-dir/MiniOzoneClusterImpl-0c7722d3-6e51-44b5-a6be-ee21012bb99e/datanode-7/data/ratis/9e6701bb-3dba-4d25-a765-da5d408c537e/current/log_inprogress_0 to /github/workspace/mnt/ozone/hadoop-ozone/integration-test/target/test-dir/MiniOzoneClusterImpl-0c7722d3-6e51-44b5-a6be-ee21012bb99e/datanode-7/data/ratis/9e6701bb-3dba-4d25-a765-da5d408c537e/current/log_0-0
2020-12-22 13:11:40,217 [0b95e776-5e46-4213-b3c0-ade9dce9a7dd@group-DA5D408C537E-LeaderElection43] INFO  impl.RaftServerImpl (ServerState.java:setRaftConf(374)) - 0b95e776-5e46-4213-b3c0-ade9dce9a7dd@group-DA5D408C537E: set configuration 1: [0b95e776-5e46-4213-b3c0-ade9dce9a7dd|rpc:172.17.0.2:38657|dataStream:, 3b8ab88f-c5e9-42ae-b9d6-c186578cc1d3|rpc:172.17.0.2:46551|dataStream:, 9d743c2f-cc4c-4210-bd8b-cad00ce03aed|rpc:172.17.0.2:40485|dataStream:], old=null at 1
2020-12-22 13:11:40,217 [0b95e776-5e46-4213-b3c0-ade9dce9a7dd@group-DA5D408C537E-SegmentedRaftLogWorker] INFO  segmented.SegmentedRaftLogWorker (SegmentedRaftLogWorker.java:execute(597)) - 0b95e776-5e46-4213-b3c0-ade9dce9a7dd@group-DA5D408C537E-SegmentedRaftLogWorker: created new log segment /github/workspace/mnt/ozone/hadoop-ozone/integration-test/target/test-dir/MiniOzoneClusterImpl-0c7722d3-6e51-44b5-a6be-ee21012bb99e/datanode-7/data/ratis/9e6701bb-3dba-4d25-a765-da5d408c537e/current/log_inprogress_1
2020-12-22 13:11:40,218 [grpc-default-executor-2] WARN  server.GrpcLogAppender (LogUtils.java:warn(122)) - 0b95e776-5e46-4213-b3c0-ade9dce9a7dd@group-DA5D408C537E->9d743c2f-cc4c-4210-bd8b-cad00ce03aed-AppendLogResponseHandler: Failed appendEntries: org.apache.ratis.thirdparty.io.grpc.StatusRuntimeException: UNAVAILABLE: io exception
2020-12-22 13:11:40,219 [grpc-default-executor-2] WARN  server.GrpcLogAppender (GrpcLogAppender.java:resetClient(107)) - 0b95e776-5e46-4213-b3c0-ade9dce9a7dd@group-DA5D408C537E->9d743c2f-cc4c-4210-bd8b-cad00ce03aed-GrpcLogAppender: Leader has not got in touch with Follower 0b95e776-5e46-4213-b3c0-ade9dce9a7dd@group-DA5D408C537E->9d743c2f-cc4c-4210-bd8b-cad00ce03aed(c-1,m0,n2, attendVote=true, lastRpcSendTime=0, lastRpcResponseTime=1207) yet, just keep nextIndex unchanged and retry.
2020-12-22 13:11:40,220 [grpc-default-executor-3] INFO  ratis.XceiverServerRatis (XceiverServerRatis.java:handleLeaderChangedNotification(854)) - Leader change notification received for group: group-DA5D408C537E with new leaderId: 0b95e776-5e46-4213-b3c0-ade9dce9a7dd
2020-12-22 13:11:40,220 [grpc-default-executor-3] INFO  impl.RaftServerImpl (ServerState.java:setLeader(256)) - 3b8ab88f-c5e9-42ae-b9d6-c186578cc1d3@group-DA5D408C537E: change Leader from null to 0b95e776-5e46-4213-b3c0-ade9dce9a7dd at term 2 for appendEntries, leader elected after 19ms
2020-12-22 13:11:40,222 [grpc-default-executor-3] INFO  impl.RaftServerImpl (ServerState.java:setRaftConf(374)) - 3b8ab88f-c5e9-42ae-b9d6-c186578cc1d3@group-DA5D408C537E: set configuration 1: [0b95e776-5e46-4213-b3c0-ade9dce9a7dd|rpc:172.17.0.2:38657|dataStream:, 3b8ab88f-c5e9-42ae-b9d6-c186578cc1d3|rpc:172.17.0.2:46551|dataStream:, 9d743c2f-cc4c-4210-bd8b-cad00ce03aed|rpc:172.17.0.2:40485|dataStream:], old=null at 1
2020-12-22 13:11:40,222 [grpc-default-executor-3] INFO  segmented.SegmentedRaftLogWorker (SegmentedRaftLogWorker.java:rollLogSegment(403)) - 3b8ab88f-c5e9-42ae-b9d6-c186578cc1d3@group-DA5D408C537E-SegmentedRaftLogWorker: Rolling segment log-0_0 to index:0
2020-12-22 13:11:40,223 [3b8ab88f-c5e9-42ae-b9d6-c186578cc1d3@group-DA5D408C537E-SegmentedRaftLogWorker] INFO  segmented.SegmentedRaftLogWorker (SegmentedRaftLogWorker.java:execute(554)) - 3b8ab88f-c5e9-42ae-b9d6-c186578cc1d3@group-DA5D408C537E-SegmentedRaftLogWorker: Rolled log segment from /github/workspace/mnt/ozone/hadoop-ozone/integration-test/target/test-dir/MiniOzoneClusterImpl-0c7722d3-6e51-44b5-a6be-ee21012bb99e/datanode-8/data/ratis/9e6701bb-3dba-4d25-a765-da5d408c537e/current/log_inprogress_0 to /github/workspace/mnt/ozone/hadoop-ozone/integration-test/target/test-dir/MiniOzoneClusterImpl-0c7722d3-6e51-44b5-a6be-ee21012bb99e/datanode-8/data/ratis/9e6701bb-3dba-4d25-a765-da5d408c537e/current/log_0-0
2020-12-22 13:11:40,224 [3b8ab88f-c5e9-42ae-b9d6-c186578cc1d3@group-DA5D408C537E-SegmentedRaftLogWorker] INFO  segmented.SegmentedRaftLogWorker (SegmentedRaftLogWorker.java:execute(597)) - 3b8ab88f-c5e9-42ae-b9d6-c186578cc1d3@group-DA5D408C537E-SegmentedRaftLogWorker: created new log segment /github/workspace/mnt/ozone/hadoop-ozone/integration-test/target/test-dir/MiniOzoneClusterImpl-0c7722d3-6e51-44b5-a6be-ee21012bb99e/datanode-8/data/ratis/9e6701bb-3dba-4d25-a765-da5d408c537e/current/log_inprogress_1
2020-12-22 13:11:40,226 [grpc-default-executor-3] WARN  server.GrpcLogAppender (LogUtils.java:warn(122)) - 0b95e776-5e46-4213-b3c0-ade9dce9a7dd@group-DA5D408C537E->9d743c2f-cc4c-4210-bd8b-cad00ce03aed-AppendLogResponseHandler: Failed appendEntries: org.apache.ratis.thirdparty.io.grpc.StatusRuntimeException: UNAVAILABLE: io exception
2020-12-22 13:11:40,227 [grpc-default-executor-3] WARN  server.GrpcLogAppender (GrpcLogAppender.java:resetClient(107)) - 0b95e776-5e46-4213-b3c0-ade9dce9a7dd@group-DA5D408C537E->9d743c2f-cc4c-4210-bd8b-cad00ce03aed-GrpcLogAppender: Leader has not got in touch with Follower 0b95e776-5e46-4213-b3c0-ade9dce9a7dd@group-DA5D408C537E->9d743c2f-cc4c-4210-bd8b-cad00ce03aed(c-1,m0,n3, attendVote=true, lastRpcSendTime=8, lastRpcResponseTime=1215) yet, just keep nextIndex unchanged and retry.
2020-12-22 13:11:40,246 [grpc-default-executor-3] WARN  server.GrpcLogAppender (LogUtils.java:warn(122)) - cfc7b2a2-0619-4c85-8419-784b4b9eda1c@group-197856EE50CC->a9e5f8c8-f1d2-4256-bab8-e403c630398b-AppendLogResponseHandler: Failed appendEntries: org.apache.ratis.thirdparty.io.grpc.StatusRuntimeException: UNAVAILABLE: io exception
2020-12-22 13:11:40,246 [grpc-default-executor-3] WARN  server.GrpcLogAppender (GrpcLogAppender.java:resetClient(107)) - cfc7b2a2-0619-4c85-8419-784b4b9eda1c@group-197856EE50CC->a9e5f8c8-f1d2-4256-bab8-e403c630398b-GrpcLogAppender: Leader has not got in touch with Follower cfc7b2a2-0619-4c85-8419-784b4b9eda1c@group-197856EE50CC->a9e5f8c8-f1d2-4256-bab8-e403c630398b(c0,m0,n9, attendVote=true, lastRpcSendTime=0, lastRpcResponseTime=40939) yet, just keep nextIndex unchanged and retry.
2020-12-22 13:11:40,329 [grpc-default-executor-3] WARN  server.GrpcLogAppender (LogUtils.java:warn(122)) - 968414a2-acfc-4d9a-a6c6-d5ffe78fa14c@group-B00BD356E557->1542794c-42be-495d-a942-8ab282cac6bd-AppendLogResponseHandler: Failed appendEntries: org.apache.ratis.thirdparty.io.grpc.StatusRuntimeException: UNAVAILABLE: io exception
2020-12-22 13:11:40,330 [grpc-default-executor-3] WARN  server.GrpcLogAppender (GrpcLogAppender.java:resetClient(107)) - 968414a2-acfc-4d9a-a6c6-d5ffe78fa14c@group-B00BD356E557->1542794c-42be-495d-a942-8ab282cac6bd-GrpcLogAppender: Leader has not got in touch with Follower 968414a2-acfc-4d9a-a6c6-d5ffe78fa14c@group-B00BD356E557->1542794c-42be-495d-a942-8ab282cac6bd(c0,m0,n1, attendVote=true, lastRpcSendTime=1, lastRpcResponseTime=1503) yet, just keep nextIndex unchanged and retry.
2020-12-22 13:11:40,728 [grpc-default-executor-3] WARN  server.GrpcLogAppender (LogUtils.java:warn(122)) - 0b95e776-5e46-4213-b3c0-ade9dce9a7dd@group-DA5D408C537E->9d743c2f-cc4c-4210-bd8b-cad00ce03aed-AppendLogResponseHandler: Failed appendEntries: org.apache.ratis.thirdparty.io.grpc.StatusRuntimeException: UNAVAILABLE: io exception
2020-12-22 13:11:40,729 [grpc-default-executor-3] WARN  server.GrpcLogAppender (GrpcLogAppender.java:resetClient(107)) - 0b95e776-5e46-4213-b3c0-ade9dce9a7dd@group-DA5D408C537E->9d743c2f-cc4c-4210-bd8b-cad00ce03aed-GrpcLogAppender: Leader has not got in touch with Follower 0b95e776-5e46-4213-b3c0-ade9dce9a7dd@group-DA5D408C537E->9d743c2f-cc4c-4210-bd8b-cad00ce03aed(c-1,m0,n3, attendVote=true, lastRpcSendTime=0, lastRpcResponseTime=1716) yet, just keep nextIndex unchanged and retry.
2020-12-22 13:11:40,747 [grpc-default-executor-3] WARN  server.GrpcLogAppender (LogUtils.java:warn(122)) - cfc7b2a2-0619-4c85-8419-784b4b9eda1c@group-197856EE50CC->a9e5f8c8-f1d2-4256-bab8-e403c630398b-AppendLogResponseHandler: Failed appendEntries: org.apache.ratis.thirdparty.io.grpc.StatusRuntimeException: UNAVAILABLE: io exception
2020-12-22 13:11:40,748 [grpc-default-executor-3] WARN  server.GrpcLogAppender (GrpcLogAppender.java:resetClient(107)) - cfc7b2a2-0619-4c85-8419-784b4b9eda1c@group-197856EE50CC->a9e5f8c8-f1d2-4256-bab8-e403c630398b-GrpcLogAppender: Leader has not got in touch with Follower cfc7b2a2-0619-4c85-8419-784b4b9eda1c@group-197856EE50CC->a9e5f8c8-f1d2-4256-bab8-e403c630398b(c0,m0,n9, attendVote=true, lastRpcSendTime=1, lastRpcResponseTime=41441) yet, just keep nextIndex unchanged and retry.
2020-12-22 13:11:40,830 [grpc-default-executor-3] WARN  server.GrpcLogAppender (LogUtils.java:warn(122)) - 968414a2-acfc-4d9a-a6c6-d5ffe78fa14c@group-B00BD356E557->1542794c-42be-495d-a942-8ab282cac6bd-AppendLogResponseHandler: Failed appendEntries: org.apache.ratis.thirdparty.io.grpc.StatusRuntimeException: UNAVAILABLE: io exception
2020-12-22 13:11:40,831 [grpc-default-executor-3] WARN  server.GrpcLogAppender (GrpcLogAppender.java:resetClient(107)) - 968414a2-acfc-4d9a-a6c6-d5ffe78fa14c@group-B00BD356E557->1542794c-42be-495d-a942-8ab282cac6bd-GrpcLogAppender: Leader has not got in touch with Follower 968414a2-acfc-4d9a-a6c6-d5ffe78fa14c@group-B00BD356E557->1542794c-42be-495d-a942-8ab282cac6bd(c0,m0,n1, attendVote=true, lastRpcSendTime=1, lastRpcResponseTime=2004) yet, just keep nextIndex unchanged and retry.
2020-12-22 13:11:40,925 [Thread-1145] INFO  impl.FollowerState (FollowerState.java:run(128)) - d23545be-7951-4ced-9e1c-af6ad8e842b2@group-22EF2DA5B5E3-FollowerState: change to CANDIDATE, lastRpcTime:1015ms, electionTimeout:1015ms
2020-12-22 13:11:40,925 [Thread-1145] INFO  impl.RoleInfo (RoleInfo.java:shutdownFollowerState(121)) - d23545be-7951-4ced-9e1c-af6ad8e842b2: shutdown d23545be-7951-4ced-9e1c-af6ad8e842b2@group-22EF2DA5B5E3-FollowerState
2020-12-22 13:11:40,926 [Thread-1145] INFO  impl.RaftServerImpl (RaftServerImpl.java:setRole(204)) - d23545be-7951-4ced-9e1c-af6ad8e842b2@group-22EF2DA5B5E3: changes role from  FOLLOWER to CANDIDATE at term 28 for changeToCandidate
2020-12-22 13:11:40,926 [Thread-1145] INFO  impl.RoleInfo (RoleInfo.java:updateAndGet(143)) - d23545be-7951-4ced-9e1c-af6ad8e842b2: start d23545be-7951-4ced-9e1c-af6ad8e842b2@group-22EF2DA5B5E3-LeaderElection44
2020-12-22 13:11:40,930 [d23545be-7951-4ced-9e1c-af6ad8e842b2@group-22EF2DA5B5E3-LeaderElection44] INFO  impl.LeaderElection (LeaderElection.java:askForVotes(215)) - d23545be-7951-4ced-9e1c-af6ad8e842b2@group-22EF2DA5B5E3-LeaderElection44: begin an election at term 29 for 5: [630f7d82-7405-430a-acc4-3cca1d2988c7|rpc:172.17.0.2:39527|dataStream:, a9e5f8c8-f1d2-4256-bab8-e403c630398b|rpc:172.17.0.2:36741|dataStream:, d23545be-7951-4ced-9e1c-af6ad8e842b2|rpc:172.17.0.2:35453|dataStream:], old=null
2020-12-22 13:11:40,930 [d23545be-7951-4ced-9e1c-af6ad8e842b2@group-22EF2DA5B5E3-LeaderElection44] INFO  impl.LeaderElection (LogUtils.java:infoOrTrace(137)) - d23545be-7951-4ced-9e1c-af6ad8e842b2@group-22EF2DA5B5E3-LeaderElection44 got exception when requesting votes: java.util.concurrent.ExecutionException: org.apache.ratis.thirdparty.io.grpc.StatusRuntimeException: UNAVAILABLE: io exception
2020-12-22 13:11:40,930 [d23545be-7951-4ced-9e1c-af6ad8e842b2@group-22EF2DA5B5E3-LeaderElection44] INFO  impl.LeaderElection (LogUtils.java:infoOrTrace(137)) - d23545be-7951-4ced-9e1c-af6ad8e842b2@group-22EF2DA5B5E3-LeaderElection44 got exception when requesting votes: java.util.concurrent.ExecutionException: org.apache.ratis.thirdparty.io.grpc.StatusRuntimeException: UNAVAILABLE: io exception
2020-12-22 13:11:40,931 [d23545be-7951-4ced-9e1c-af6ad8e842b2@group-22EF2DA5B5E3-LeaderElection44] INFO  impl.LeaderElection (LeaderElection.java:logAndReturn(65)) - d23545be-7951-4ced-9e1c-af6ad8e842b2@group-22EF2DA5B5E3-LeaderElection44: Election REJECTED; received 0 response(s) [] and 2 exception(s); d23545be-7951-4ced-9e1c-af6ad8e842b2@group-22EF2DA5B5E3:t29, leader=null, voted=d23545be-7951-4ced-9e1c-af6ad8e842b2, raftlog=d23545be-7951-4ced-9e1c-af6ad8e842b2@group-22EF2DA5B5E3-SegmentedRaftLog:OPENED:c6,f6,i6, conf=5: [630f7d82-7405-430a-acc4-3cca1d2988c7|rpc:172.17.0.2:39527|dataStream:, a9e5f8c8-f1d2-4256-bab8-e403c630398b|rpc:172.17.0.2:36741|dataStream:, d23545be-7951-4ced-9e1c-af6ad8e842b2|rpc:172.17.0.2:35453|dataStream:], old=null
2020-12-22 13:11:40,931 [d23545be-7951-4ced-9e1c-af6ad8e842b2@group-22EF2DA5B5E3-LeaderElection44] INFO  impl.LeaderElection (LogUtils.java:infoOrTrace(137)) -   Exception 0: java.util.concurrent.ExecutionException: org.apache.ratis.thirdparty.io.grpc.StatusRuntimeException: UNAVAILABLE: io exception
2020-12-22 13:11:40,931 [d23545be-7951-4ced-9e1c-af6ad8e842b2@group-22EF2DA5B5E3-LeaderElection44] INFO  impl.LeaderElection (LogUtils.java:infoOrTrace(137)) -   Exception 1: java.util.concurrent.ExecutionException: org.apache.ratis.thirdparty.io.grpc.StatusRuntimeException: UNAVAILABLE: io exception
2020-12-22 13:11:40,931 [d23545be-7951-4ced-9e1c-af6ad8e842b2@group-22EF2DA5B5E3-LeaderElection44] INFO  impl.RaftServerImpl (RaftServerImpl.java:setRole(204)) - d23545be-7951-4ced-9e1c-af6ad8e842b2@group-22EF2DA5B5E3: changes role from CANDIDATE to FOLLOWER at term 29 for DISCOVERED_A_NEW_TERM
2020-12-22 13:11:40,931 [d23545be-7951-4ced-9e1c-af6ad8e842b2@group-22EF2DA5B5E3-LeaderElection44] INFO  impl.RoleInfo (RoleInfo.java:shutdownLeaderElection(134)) - d23545be-7951-4ced-9e1c-af6ad8e842b2: shutdown d23545be-7951-4ced-9e1c-af6ad8e842b2@group-22EF2DA5B5E3-LeaderElection44
2020-12-22 13:11:40,931 [d23545be-7951-4ced-9e1c-af6ad8e842b2@group-22EF2DA5B5E3-LeaderElection44] INFO  impl.RoleInfo (RoleInfo.java:updateAndGet(143)) - d23545be-7951-4ced-9e1c-af6ad8e842b2: start d23545be-7951-4ced-9e1c-af6ad8e842b2@group-22EF2DA5B5E3-FollowerState
2020-12-22 13:11:41,228 [grpc-default-executor-3] WARN  server.GrpcLogAppender (LogUtils.java:warn(122)) - 0b95e776-5e46-4213-b3c0-ade9dce9a7dd@group-DA5D408C537E->9d743c2f-cc4c-4210-bd8b-cad00ce03aed-AppendLogResponseHandler: Failed appendEntries: org.apache.ratis.thirdparty.io.grpc.StatusRuntimeException: UNAVAILABLE: io exception
2020-12-22 13:11:41,230 [grpc-default-executor-3] WARN  server.GrpcLogAppender (GrpcLogAppender.java:resetClient(107)) - 0b95e776-5e46-4213-b3c0-ade9dce9a7dd@group-DA5D408C537E->9d743c2f-cc4c-4210-bd8b-cad00ce03aed-GrpcLogAppender: Leader has not got in touch with Follower 0b95e776-5e46-4213-b3c0-ade9dce9a7dd@group-DA5D408C537E->9d743c2f-cc4c-4210-bd8b-cad00ce03aed(c-1,m0,n3, attendVote=true, lastRpcSendTime=1, lastRpcResponseTime=2218) yet, just keep nextIndex unchanged and retry.
2020-12-22 13:11:41,247 [grpc-default-executor-3] WARN  server.GrpcLogAppender (LogUtils.java:warn(122)) - cfc7b2a2-0619-4c85-8419-784b4b9eda1c@group-197856EE50CC->a9e5f8c8-f1d2-4256-bab8-e403c630398b-AppendLogResponseHandler: Failed appendEntries: org.apache.ratis.thirdparty.io.grpc.StatusRuntimeException: UNAVAILABLE: io exception
2020-12-22 13:11:41,248 [grpc-default-executor-3] WARN  server.GrpcLogAppender (GrpcLogAppender.java:resetClient(107)) - cfc7b2a2-0619-4c85-8419-784b4b9eda1c@group-197856EE50CC->a9e5f8c8-f1d2-4256-bab8-e403c630398b-GrpcLogAppender: Leader has not got in touch with Follower cfc7b2a2-0619-4c85-8419-784b4b9eda1c@group-197856EE50CC->a9e5f8c8-f1d2-4256-bab8-e403c630398b(c0,m0,n9, attendVote=true, lastRpcSendTime=0, lastRpcResponseTime=41941) yet, just keep nextIndex unchanged and retry.
2020-12-22 13:11:41,330 [grpc-default-executor-3] WARN  server.GrpcLogAppender (LogUtils.java:warn(122)) - 968414a2-acfc-4d9a-a6c6-d5ffe78fa14c@group-B00BD356E557->1542794c-42be-495d-a942-8ab282cac6bd-AppendLogResponseHandler: Failed appendEntries: org.apache.ratis.thirdparty.io.grpc.StatusRuntimeException: UNAVAILABLE: io exception
2020-12-22 13:11:41,331 [grpc-default-executor-3] WARN  server.GrpcLogAppender (GrpcLogAppender.java:resetClient(107)) - 968414a2-acfc-4d9a-a6c6-d5ffe78fa14c@group-B00BD356E557->1542794c-42be-495d-a942-8ab282cac6bd-GrpcLogAppender: Leader has not got in touch with Follower 968414a2-acfc-4d9a-a6c6-d5ffe78fa14c@group-B00BD356E557->1542794c-42be-495d-a942-8ab282cac6bd(c0,m0,n1, attendVote=true, lastRpcSendTime=0, lastRpcResponseTime=2504) yet, just keep nextIndex unchanged and retry.
2020-12-22 13:11:41,729 [grpc-default-executor-3] WARN  server.GrpcLogAppender (LogUtils.java:warn(122)) - 0b95e776-5e46-4213-b3c0-ade9dce9a7dd@group-DA5D408C537E->9d743c2f-cc4c-4210-bd8b-cad00ce03aed-AppendLogResponseHandler: Failed appendEntries: org.apache.ratis.thirdparty.io.grpc.StatusRuntimeException: UNAVAILABLE: io exception
2020-12-22 13:11:41,730 [grpc-default-executor-3] WARN  server.GrpcLogAppender (GrpcLogAppender.java:resetClient(107)) - 0b95e776-5e46-4213-b3c0-ade9dce9a7dd@group-DA5D408C537E->9d743c2f-cc4c-4210-bd8b-cad00ce03aed-GrpcLogAppender: Leader has not got in touch with Follower 0b95e776-5e46-4213-b3c0-ade9dce9a7dd@group-DA5D408C537E->9d743c2f-cc4c-4210-bd8b-cad00ce03aed(c-1,m0,n3, attendVote=true, lastRpcSendTime=0, lastRpcResponseTime=2718) yet, just keep nextIndex unchanged and retry.
2020-12-22 13:11:41,748 [grpc-default-executor-3] WARN  server.GrpcLogAppender (LogUtils.java:warn(122)) - cfc7b2a2-0619-4c85-8419-784b4b9eda1c@group-197856EE50CC->a9e5f8c8-f1d2-4256-bab8-e403c630398b-AppendLogResponseHandler: Failed appendEntries: org.apache.ratis.thirdparty.io.grpc.StatusRuntimeException: UNAVAILABLE: io exception
2020-12-22 13:11:41,749 [grpc-default-executor-3] WARN  server.GrpcLogAppender (GrpcLogAppender.java:resetClient(107)) - cfc7b2a2-0619-4c85-8419-784b4b9eda1c@group-197856EE50CC->a9e5f8c8-f1d2-4256-bab8-e403c630398b-GrpcLogAppender: Leader has not got in touch with Follower cfc7b2a2-0619-4c85-8419-784b4b9eda1c@group-197856EE50CC->a9e5f8c8-f1d2-4256-bab8-e403c630398b(c0,m0,n9, attendVote=true, lastRpcSendTime=1, lastRpcResponseTime=42443) yet, just keep nextIndex unchanged and retry.
2020-12-22 13:11:41,831 [grpc-default-executor-3] WARN  server.GrpcLogAppender (LogUtils.java:warn(122)) - 968414a2-acfc-4d9a-a6c6-d5ffe78fa14c@group-B00BD356E557->1542794c-42be-495d-a942-8ab282cac6bd-AppendLogResponseHandler: Failed appendEntries: org.apache.ratis.thirdparty.io.grpc.StatusRuntimeException: UNAVAILABLE: io exception
2020-12-22 13:11:41,831 [grpc-default-executor-3] WARN  server.GrpcLogAppender (GrpcLogAppender.java:resetClient(107)) - 968414a2-acfc-4d9a-a6c6-d5ffe78fa14c@group-B00BD356E557->1542794c-42be-495d-a942-8ab282cac6bd-GrpcLogAppender: Leader has not got in touch with Follower 968414a2-acfc-4d9a-a6c6-d5ffe78fa14c@group-B00BD356E557->1542794c-42be-495d-a942-8ab282cac6bd(c0,m0,n1, attendVote=true, lastRpcSendTime=0, lastRpcResponseTime=3004) yet, just keep nextIndex unchanged and retry.
2020-12-22 13:11:41,991 [Thread-1166] INFO  impl.FollowerState (FollowerState.java:run(128)) - d23545be-7951-4ced-9e1c-af6ad8e842b2@group-22EF2DA5B5E3-FollowerState: change to CANDIDATE, lastRpcTime:1060ms, electionTimeout:1057ms
2020-12-22 13:11:41,991 [Thread-1166] INFO  impl.RoleInfo (RoleInfo.java:shutdownFollowerState(121)) - d23545be-7951-4ced-9e1c-af6ad8e842b2: shutdown d23545be-7951-4ced-9e1c-af6ad8e842b2@group-22EF2DA5B5E3-FollowerState
2020-12-22 13:11:41,991 [Thread-1166] INFO  impl.RaftServerImpl (RaftServerImpl.java:setRole(204)) - d23545be-7951-4ced-9e1c-af6ad8e842b2@group-22EF2DA5B5E3: changes role from  FOLLOWER to CANDIDATE at term 29 for changeToCandidate
2020-12-22 13:11:41,991 [Thread-1166] INFO  impl.RoleInfo (RoleInfo.java:updateAndGet(143)) - d23545be-7951-4ced-9e1c-af6ad8e842b2: start d23545be-7951-4ced-9e1c-af6ad8e842b2@group-22EF2DA5B5E3-LeaderElection45
2020-12-22 13:11:41,995 [d23545be-7951-4ced-9e1c-af6ad8e842b2@group-22EF2DA5B5E3-LeaderElection45] INFO  impl.LeaderElection (LeaderElection.java:askForVotes(215)) - d23545be-7951-4ced-9e1c-af6ad8e842b2@group-22EF2DA5B5E3-LeaderElection45: begin an election at term 30 for 5: [630f7d82-7405-430a-acc4-3cca1d2988c7|rpc:172.17.0.2:39527|dataStream:, a9e5f8c8-f1d2-4256-bab8-e403c630398b|rpc:172.17.0.2:36741|dataStream:, d23545be-7951-4ced-9e1c-af6ad8e842b2|rpc:172.17.0.2:35453|dataStream:], old=null
2020-12-22 13:11:41,997 [d23545be-7951-4ced-9e1c-af6ad8e842b2@group-22EF2DA5B5E3-LeaderElection45] INFO  impl.LeaderElection (LogUtils.java:infoOrTrace(137)) - d23545be-7951-4ced-9e1c-af6ad8e842b2@group-22EF2DA5B5E3-LeaderElection45 got exception when requesting votes: java.util.concurrent.ExecutionException: org.apache.ratis.thirdparty.io.grpc.StatusRuntimeException: UNAVAILABLE: io exception
2020-12-22 13:11:41,998 [d23545be-7951-4ced-9e1c-af6ad8e842b2@group-22EF2DA5B5E3-LeaderElection45] INFO  impl.LeaderElection (LogUtils.java:infoOrTrace(137)) - d23545be-7951-4ced-9e1c-af6ad8e842b2@group-22EF2DA5B5E3-LeaderElection45 got exception when requesting votes: java.util.concurrent.ExecutionException: org.apache.ratis.thirdparty.io.grpc.StatusRuntimeException: UNAVAILABLE: io exception
2020-12-22 13:11:41,998 [d23545be-7951-4ced-9e1c-af6ad8e842b2@group-22EF2DA5B5E3-LeaderElection45] INFO  impl.LeaderElection (LeaderElection.java:logAndReturn(65)) - d23545be-7951-4ced-9e1c-af6ad8e842b2@group-22EF2DA5B5E3-LeaderElection45: Election REJECTED; received 0 response(s) [] and 2 exception(s); d23545be-7951-4ced-9e1c-af6ad8e842b2@group-22EF2DA5B5E3:t30, leader=null, voted=d23545be-7951-4ced-9e1c-af6ad8e842b2, raftlog=d23545be-7951-4ced-9e1c-af6ad8e842b2@group-22EF2DA5B5E3-SegmentedRaftLog:OPENED:c6,f6,i6, conf=5: [630f7d82-7405-430a-acc4-3cca1d2988c7|rpc:172.17.0.2:39527|dataStream:, a9e5f8c8-f1d2-4256-bab8-e403c630398b|rpc:172.17.0.2:36741|dataStream:, d23545be-7951-4ced-9e1c-af6ad8e842b2|rpc:172.17.0.2:35453|dataStream:], old=null
2020-12-22 13:11:41,998 [d23545be-7951-4ced-9e1c-af6ad8e842b2@group-22EF2DA5B5E3-LeaderElection45] INFO  impl.LeaderElection (LogUtils.java:infoOrTrace(137)) -   Exception 0: java.util.concurrent.ExecutionException: org.apache.ratis.thirdparty.io.grpc.StatusRuntimeException: UNAVAILABLE: io exception
2020-12-22 13:11:41,998 [d23545be-7951-4ced-9e1c-af6ad8e842b2@group-22EF2DA5B5E3-LeaderElection45] INFO  impl.LeaderElection (LogUtils.java:infoOrTrace(137)) -   Exception 1: java.util.concurrent.ExecutionException: org.apache.ratis.thirdparty.io.grpc.StatusRuntimeException: UNAVAILABLE: io exception
2020-12-22 13:11:41,998 [d23545be-7951-4ced-9e1c-af6ad8e842b2@group-22EF2DA5B5E3-LeaderElection45] INFO  impl.RaftServerImpl (RaftServerImpl.java:setRole(204)) - d23545be-7951-4ced-9e1c-af6ad8e842b2@group-22EF2DA5B5E3: changes role from CANDIDATE to FOLLOWER at term 30 for DISCOVERED_A_NEW_TERM
2020-12-22 13:11:41,998 [d23545be-7951-4ced-9e1c-af6ad8e842b2@group-22EF2DA5B5E3-LeaderElection45] INFO  impl.RoleInfo (RoleInfo.java:shutdownLeaderElection(134)) - d23545be-7951-4ced-9e1c-af6ad8e842b2: shutdown d23545be-7951-4ced-9e1c-af6ad8e842b2@group-22EF2DA5B5E3-LeaderElection45
2020-12-22 13:11:41,998 [d23545be-7951-4ced-9e1c-af6ad8e842b2@group-22EF2DA5B5E3-LeaderElection45] INFO  impl.RoleInfo (RoleInfo.java:updateAndGet(143)) - d23545be-7951-4ced-9e1c-af6ad8e842b2: start d23545be-7951-4ced-9e1c-af6ad8e842b2@group-22EF2DA5B5E3-FollowerState
2020-12-22 13:11:42,230 [grpc-default-executor-3] WARN  server.GrpcLogAppender (LogUtils.java:warn(122)) - 0b95e776-5e46-4213-b3c0-ade9dce9a7dd@group-DA5D408C537E->9d743c2f-cc4c-4210-bd8b-cad00ce03aed-AppendLogResponseHandler: Failed appendEntries: org.apache.ratis.thirdparty.io.grpc.StatusRuntimeException: UNAVAILABLE: io exception
2020-12-22 13:11:42,231 [grpc-default-executor-3] WARN  server.GrpcLogAppender (GrpcLogAppender.java:resetClient(107)) - 0b95e776-5e46-4213-b3c0-ade9dce9a7dd@group-DA5D408C537E->9d743c2f-cc4c-4210-bd8b-cad00ce03aed-GrpcLogAppender: Leader has not got in touch with Follower 0b95e776-5e46-4213-b3c0-ade9dce9a7dd@group-DA5D408C537E->9d743c2f-cc4c-4210-bd8b-cad00ce03aed(c-1,m0,n3, attendVote=true, lastRpcSendTime=1, lastRpcResponseTime=3219) yet, just keep nextIndex unchanged and retry.
2020-12-22 13:11:42,249 [grpc-default-executor-3] WARN  server.GrpcLogAppender (LogUtils.java:warn(122)) - cfc7b2a2-0619-4c85-8419-784b4b9eda1c@group-197856EE50CC->a9e5f8c8-f1d2-4256-bab8-e403c630398b-AppendLogResponseHandler: Failed appendEntries: org.apache.ratis.thirdparty.io.grpc.StatusRuntimeException: UNAVAILABLE: io exception
2020-12-22 13:11:42,250 [grpc-default-executor-3] WARN  server.GrpcLogAppender (GrpcLogAppender.java:resetClient(107)) - cfc7b2a2-0619-4c85-8419-784b4b9eda1c@group-197856EE50CC->a9e5f8c8-f1d2-4256-bab8-e403c630398b-GrpcLogAppender: Leader has not got in touch with Follower cfc7b2a2-0619-4c85-8419-784b4b9eda1c@group-197856EE50CC->a9e5f8c8-f1d2-4256-bab8-e403c630398b(c0,m0,n9, attendVote=true, lastRpcSendTime=1, lastRpcResponseTime=42943) yet, just keep nextIndex unchanged and retry.
2020-12-22 13:11:42,331 [grpc-default-executor-3] WARN  server.GrpcLogAppender (LogUtils.java:warn(122)) - 968414a2-acfc-4d9a-a6c6-d5ffe78fa14c@group-B00BD356E557->1542794c-42be-495d-a942-8ab282cac6bd-AppendLogResponseHandler: Failed appendEntries: org.apache.ratis.thirdparty.io.grpc.StatusRuntimeException: UNAVAILABLE: io exception
2020-12-22 13:11:42,332 [grpc-default-executor-3] WARN  server.GrpcLogAppender (GrpcLogAppender.java:resetClient(107)) - 968414a2-acfc-4d9a-a6c6-d5ffe78fa14c@group-B00BD356E557->1542794c-42be-495d-a942-8ab282cac6bd-GrpcLogAppender: Leader has not got in touch with Follower 968414a2-acfc-4d9a-a6c6-d5ffe78fa14c@group-B00BD356E557->1542794c-42be-495d-a942-8ab282cac6bd(c0,m0,n1, attendVote=true, lastRpcSendTime=0, lastRpcResponseTime=3505) yet, just keep nextIndex unchanged and retry.
2020-12-22 13:11:42,731 [grpc-default-executor-3] WARN  server.GrpcLogAppender (LogUtils.java:warn(122)) - 0b95e776-5e46-4213-b3c0-ade9dce9a7dd@group-DA5D408C537E->9d743c2f-cc4c-4210-bd8b-cad00ce03aed-AppendLogResponseHandler: Failed appendEntries: org.apache.ratis.thirdparty.io.grpc.StatusRuntimeException: UNAVAILABLE: io exception
2020-12-22 13:11:42,732 [grpc-default-executor-3] WARN  server.GrpcLogAppender (GrpcLogAppender.java:resetClient(107)) - 0b95e776-5e46-4213-b3c0-ade9dce9a7dd@group-DA5D408C537E->9d743c2f-cc4c-4210-bd8b-cad00ce03aed-GrpcLogAppender: Leader has not got in touch with Follower 0b95e776-5e46-4213-b3c0-ade9dce9a7dd@group-DA5D408C537E->9d743c2f-cc4c-4210-bd8b-cad00ce03aed(c-1,m0,n3, attendVote=true, lastRpcSendTime=0, lastRpcResponseTime=3720) yet, just keep nextIndex unchanged and retry.
2020-12-22 13:11:42,750 [grpc-default-executor-3] WARN  server.GrpcLogAppender (LogUtils.java:warn(122)) - cfc7b2a2-0619-4c85-8419-784b4b9eda1c@group-197856EE50CC->a9e5f8c8-f1d2-4256-bab8-e403c630398b-AppendLogResponseHandler: Failed appendEntries: org.apache.ratis.thirdparty.io.grpc.StatusRuntimeException: UNAVAILABLE: io exception
2020-12-22 13:11:42,751 [grpc-default-executor-3] WARN  server.GrpcLogAppender (GrpcLogAppender.java:resetClient(107)) - cfc7b2a2-0619-4c85-8419-784b4b9eda1c@group-197856EE50CC->a9e5f8c8-f1d2-4256-bab8-e403c630398b-GrpcLogAppender: Leader has not got in touch with Follower cfc7b2a2-0619-4c85-8419-784b4b9eda1c@group-197856EE50CC->a9e5f8c8-f1d2-4256-bab8-e403c630398b(c0,m0,n9, attendVote=true, lastRpcSendTime=0, lastRpcResponseTime=43444) yet, just keep nextIndex unchanged and retry.
2020-12-22 13:11:42,832 [grpc-default-executor-3] WARN  server.GrpcLogAppender (LogUtils.java:warn(122)) - 968414a2-acfc-4d9a-a6c6-d5ffe78fa14c@group-B00BD356E557->1542794c-42be-495d-a942-8ab282cac6bd-AppendLogResponseHandler: Failed appendEntries: org.apache.ratis.thirdparty.io.grpc.StatusRuntimeException: UNAVAILABLE: io exception
2020-12-22 13:11:42,832 [grpc-default-executor-3] WARN  server.GrpcLogAppender (GrpcLogAppender.java:resetClient(107)) - 968414a2-acfc-4d9a-a6c6-d5ffe78fa14c@group-B00BD356E557->1542794c-42be-495d-a942-8ab282cac6bd-GrpcLogAppender: Leader has not got in touch with Follower 968414a2-acfc-4d9a-a6c6-d5ffe78fa14c@group-B00BD356E557->1542794c-42be-495d-a942-8ab282cac6bd(c0,m0,n1, attendVote=true, lastRpcSendTime=0, lastRpcResponseTime=4005) yet, just keep nextIndex unchanged and retry.
2020-12-22 13:11:43,032 [Thread-1176] INFO  impl.FollowerState (FollowerState.java:run(128)) - d23545be-7951-4ced-9e1c-af6ad8e842b2@group-22EF2DA5B5E3-FollowerState: change to CANDIDATE, lastRpcTime:1033ms, electionTimeout:1033ms
2020-12-22 13:11:43,032 [Thread-1176] INFO  impl.RoleInfo (RoleInfo.java:shutdownFollowerState(121)) - d23545be-7951-4ced-9e1c-af6ad8e842b2: shutdown d23545be-7951-4ced-9e1c-af6ad8e842b2@group-22EF2DA5B5E3-FollowerState
2020-12-22 13:11:43,032 [Thread-1176] INFO  impl.RaftServerImpl (RaftServerImpl.java:setRole(204)) - d23545be-7951-4ced-9e1c-af6ad8e842b2@group-22EF2DA5B5E3: changes role from  FOLLOWER to CANDIDATE at term 30 for changeToCandidate
2020-12-22 13:11:43,032 [Thread-1176] INFO  impl.RoleInfo (RoleInfo.java:updateAndGet(143)) - d23545be-7951-4ced-9e1c-af6ad8e842b2: start d23545be-7951-4ced-9e1c-af6ad8e842b2@group-22EF2DA5B5E3-LeaderElection46
2020-12-22 13:11:43,035 [d23545be-7951-4ced-9e1c-af6ad8e842b2@group-22EF2DA5B5E3-LeaderElection46] INFO  impl.LeaderElection (LeaderElection.java:askForVotes(215)) - d23545be-7951-4ced-9e1c-af6ad8e842b2@group-22EF2DA5B5E3-LeaderElection46: begin an election at term 31 for 5: [630f7d82-7405-430a-acc4-3cca1d2988c7|rpc:172.17.0.2:39527|dataStream:, a9e5f8c8-f1d2-4256-bab8-e403c630398b|rpc:172.17.0.2:36741|dataStream:, d23545be-7951-4ced-9e1c-af6ad8e842b2|rpc:172.17.0.2:35453|dataStream:], old=null
2020-12-22 13:11:43,035 [d23545be-7951-4ced-9e1c-af6ad8e842b2@group-22EF2DA5B5E3-LeaderElection46] INFO  impl.LeaderElection (LogUtils.java:infoOrTrace(137)) - d23545be-7951-4ced-9e1c-af6ad8e842b2@group-22EF2DA5B5E3-LeaderElection46 got exception when requesting votes: java.util.concurrent.ExecutionException: org.apache.ratis.thirdparty.io.grpc.StatusRuntimeException: UNAVAILABLE: io exception
2020-12-22 13:11:43,036 [d23545be-7951-4ced-9e1c-af6ad8e842b2@group-22EF2DA5B5E3-LeaderElection46] INFO  impl.LeaderElection (LogUtils.java:infoOrTrace(137)) - d23545be-7951-4ced-9e1c-af6ad8e842b2@group-22EF2DA5B5E3-LeaderElection46 got exception when requesting votes: java.util.concurrent.ExecutionException: org.apache.ratis.thirdparty.io.grpc.StatusRuntimeException: UNAVAILABLE: io exception
2020-12-22 13:11:43,036 [d23545be-7951-4ced-9e1c-af6ad8e842b2@group-22EF2DA5B5E3-LeaderElection46] INFO  impl.LeaderElection (LeaderElection.java:logAndReturn(65)) - d23545be-7951-4ced-9e1c-af6ad8e842b2@group-22EF2DA5B5E3-LeaderElection46: Election REJECTED; received 0 response(s) [] and 2 exception(s); d23545be-7951-4ced-9e1c-af6ad8e842b2@group-22EF2DA5B5E3:t31, leader=null, voted=d23545be-7951-4ced-9e1c-af6ad8e842b2, raftlog=d23545be-7951-4ced-9e1c-af6ad8e842b2@group-22EF2DA5B5E3-SegmentedRaftLog:OPENED:c6,f6,i6, conf=5: [630f7d82-7405-430a-acc4-3cca1d2988c7|rpc:172.17.0.2:39527|dataStream:, a9e5f8c8-f1d2-4256-bab8-e403c630398b|rpc:172.17.0.2:36741|dataStream:, d23545be-7951-4ced-9e1c-af6ad8e842b2|rpc:172.17.0.2:35453|dataStream:], old=null
2020-12-22 13:11:43,036 [d23545be-7951-4ced-9e1c-af6ad8e842b2@group-22EF2DA5B5E3-LeaderElection46] INFO  impl.LeaderElection (LogUtils.java:infoOrTrace(137)) -   Exception 0: java.util.concurrent.ExecutionException: org.apache.ratis.thirdparty.io.grpc.StatusRuntimeException: UNAVAILABLE: io exception
2020-12-22 13:11:43,036 [d23545be-7951-4ced-9e1c-af6ad8e842b2@group-22EF2DA5B5E3-LeaderElection46] INFO  impl.LeaderElection (LogUtils.java:infoOrTrace(137)) -   Exception 1: java.util.concurrent.ExecutionException: org.apache.ratis.thirdparty.io.grpc.StatusRuntimeException: UNAVAILABLE: io exception
2020-12-22 13:11:43,036 [d23545be-7951-4ced-9e1c-af6ad8e842b2@group-22EF2DA5B5E3-LeaderElection46] INFO  impl.RaftServerImpl (RaftServerImpl.java:setRole(204)) - d23545be-7951-4ced-9e1c-af6ad8e842b2@group-22EF2DA5B5E3: changes role from CANDIDATE to FOLLOWER at term 31 for DISCOVERED_A_NEW_TERM
2020-12-22 13:11:43,036 [d23545be-7951-4ced-9e1c-af6ad8e842b2@group-22EF2DA5B5E3-LeaderElection46] INFO  impl.RoleInfo (RoleInfo.java:shutdownLeaderElection(134)) - d23545be-7951-4ced-9e1c-af6ad8e842b2: shutdown d23545be-7951-4ced-9e1c-af6ad8e842b2@group-22EF2DA5B5E3-LeaderElection46
2020-12-22 13:11:43,036 [d23545be-7951-4ced-9e1c-af6ad8e842b2@group-22EF2DA5B5E3-LeaderElection46] INFO  impl.RoleInfo (RoleInfo.java:updateAndGet(143)) - d23545be-7951-4ced-9e1c-af6ad8e842b2: start d23545be-7951-4ced-9e1c-af6ad8e842b2@group-22EF2DA5B5E3-FollowerState
2020-12-22 13:11:43,232 [grpc-default-executor-3] WARN  server.GrpcLogAppender (LogUtils.java:warn(122)) - 0b95e776-5e46-4213-b3c0-ade9dce9a7dd@group-DA5D408C537E->9d743c2f-cc4c-4210-bd8b-cad00ce03aed-AppendLogResponseHandler: Failed appendEntries: org.apache.ratis.thirdparty.io.grpc.StatusRuntimeException: UNAVAILABLE: io exception
2020-12-22 13:11:43,234 [grpc-default-executor-3] WARN  server.GrpcLogAppender (GrpcLogAppender.java:resetClient(107)) - 0b95e776-5e46-4213-b3c0-ade9dce9a7dd@group-DA5D408C537E->9d743c2f-cc4c-4210-bd8b-cad00ce03aed-GrpcLogAppender: Leader has not got in touch with Follower 0b95e776-5e46-4213-b3c0-ade9dce9a7dd@group-DA5D408C537E->9d743c2f-cc4c-4210-bd8b-cad00ce03aed(c-1,m0,n3, attendVote=true, lastRpcSendTime=1, lastRpcResponseTime=4222) yet, just keep nextIndex unchanged and retry.
2020-12-22 13:11:43,251 [grpc-default-executor-3] WARN  server.GrpcLogAppender (LogUtils.java:warn(122)) - cfc7b2a2-0619-4c85-8419-784b4b9eda1c@group-197856EE50CC->a9e5f8c8-f1d2-4256-bab8-e403c630398b-AppendLogResponseHandler: Failed appendEntries: org.apache.ratis.thirdparty.io.grpc.StatusRuntimeException: UNAVAILABLE: io exception
2020-12-22 13:11:43,251 [grpc-default-executor-3] WARN  server.GrpcLogAppender (GrpcLogAppender.java:resetClient(107)) - cfc7b2a2-0619-4c85-8419-784b4b9eda1c@group-197856EE50CC->a9e5f8c8-f1d2-4256-bab8-e403c630398b-GrpcLogAppender: Leader has not got in touch with Follower cfc7b2a2-0619-4c85-8419-784b4b9eda1c@group-197856EE50CC->a9e5f8c8-f1d2-4256-bab8-e403c630398b(c0,m0,n9, attendVote=true, lastRpcSendTime=0, lastRpcResponseTime=43945) yet, just keep nextIndex unchanged and retry.
2020-12-22 13:11:43,332 [grpc-default-executor-3] WARN  server.GrpcLogAppender (LogUtils.java:warn(122)) - 968414a2-acfc-4d9a-a6c6-d5ffe78fa14c@group-B00BD356E557->1542794c-42be-495d-a942-8ab282cac6bd-AppendLogResponseHandler: Failed appendEntries: org.apache.ratis.thirdparty.io.grpc.StatusRuntimeException: UNAVAILABLE: io exception
2020-12-22 13:11:43,333 [grpc-default-executor-3] WARN  server.GrpcLogAppender (GrpcLogAppender.java:resetClient(107)) - 968414a2-acfc-4d9a-a6c6-d5ffe78fa14c@group-B00BD356E557->1542794c-42be-495d-a942-8ab282cac6bd-GrpcLogAppender: Leader has not got in touch with Follower 968414a2-acfc-4d9a-a6c6-d5ffe78fa14c@group-B00BD356E557->1542794c-42be-495d-a942-8ab282cac6bd(c0,m0,n1, attendVote=true, lastRpcSendTime=0, lastRpcResponseTime=4506) yet, just keep nextIndex unchanged and retry.
2020-12-22 13:11:43,733 [grpc-default-executor-3] WARN  server.GrpcLogAppender (LogUtils.java:warn(122)) - 0b95e776-5e46-4213-b3c0-ade9dce9a7dd@group-DA5D408C537E->9d743c2f-cc4c-4210-bd8b-cad00ce03aed-AppendLogResponseHandler: Failed appendEntries: org.apache.ratis.thirdparty.io.grpc.StatusRuntimeException: UNAVAILABLE: io exception
2020-12-22 13:11:43,734 [grpc-default-executor-3] WARN  server.GrpcLogAppender (GrpcLogAppender.java:resetClient(107)) - 0b95e776-5e46-4213-b3c0-ade9dce9a7dd@group-DA5D408C537E->9d743c2f-cc4c-4210-bd8b-cad00ce03aed-GrpcLogAppender: Leader has not got in touch with Follower 0b95e776-5e46-4213-b3c0-ade9dce9a7dd@group-DA5D408C537E->9d743c2f-cc4c-4210-bd8b-cad00ce03aed(c-1,m0,n3, attendVote=true, lastRpcSendTime=0, lastRpcResponseTime=4722) yet, just keep nextIndex unchanged and retry.
2020-12-22 13:11:43,752 [grpc-default-executor-3] WARN  server.GrpcLogAppender (LogUtils.java:warn(122)) - cfc7b2a2-0619-4c85-8419-784b4b9eda1c@group-197856EE50CC->a9e5f8c8-f1d2-4256-bab8-e403c630398b-AppendLogResponseHandler: Failed appendEntries: org.apache.ratis.thirdparty.io.grpc.StatusRuntimeException: UNAVAILABLE: io exception
2020-12-22 13:11:43,752 [grpc-default-executor-3] WARN  server.GrpcLogAppender (GrpcLogAppender.java:resetClient(107)) - cfc7b2a2-0619-4c85-8419-784b4b9eda1c@group-197856EE50CC->a9e5f8c8-f1d2-4256-bab8-e403c630398b-GrpcLogAppender: Leader has not got in touch with Follower cfc7b2a2-0619-4c85-8419-784b4b9eda1c@group-197856EE50CC->a9e5f8c8-f1d2-4256-bab8-e403c630398b(c0,m0,n9, attendVote=true, lastRpcSendTime=0, lastRpcResponseTime=44446) yet, just keep nextIndex unchanged and retry.
2020-12-22 13:11:43,833 [grpc-default-executor-3] WARN  server.GrpcLogAppender (LogUtils.java:warn(122)) - 968414a2-acfc-4d9a-a6c6-d5ffe78fa14c@group-B00BD356E557->1542794c-42be-495d-a942-8ab282cac6bd-AppendLogResponseHandler: Failed appendEntries: org.apache.ratis.thirdparty.io.grpc.StatusRuntimeException: UNAVAILABLE: io exception
2020-12-22 13:11:43,834 [grpc-default-executor-3] WARN  server.GrpcLogAppender (GrpcLogAppender.java:resetClient(107)) - 968414a2-acfc-4d9a-a6c6-d5ffe78fa14c@group-B00BD356E557->1542794c-42be-495d-a942-8ab282cac6bd-GrpcLogAppender: Leader has not got in touch with Follower 968414a2-acfc-4d9a-a6c6-d5ffe78fa14c@group-B00BD356E557->1542794c-42be-495d-a942-8ab282cac6bd(c0,m0,n1, attendVote=true, lastRpcSendTime=0, lastRpcResponseTime=5007) yet, just keep nextIndex unchanged and retry.
2020-12-22 13:11:43,888 [Listener at 127.0.0.1/34251] INFO  ozoneimpl.OzoneContainer (OzoneContainer.java:stop(257)) - Attempting to stop container services.
2020-12-22 13:11:43,888 [Listener at 127.0.0.1/34251] INFO  impl.RaftServerProxy (RaftServerProxy.java:lambda$close$4(338)) - a3d49688-b82f-4622-8b97-34b5ff2bfd95: close
2020-12-22 13:11:43,888 [Listener at 127.0.0.1/34251] INFO  impl.RaftServerImpl (RaftServerImpl.java:lambda$shutdown$3(328)) - a3d49688-b82f-4622-8b97-34b5ff2bfd95@group-C31906AAE067: shutdown
2020-12-22 13:11:43,889 [Listener at 127.0.0.1/34251] INFO  util.JmxRegister (JmxRegister.java:unregister(73)) - Successfully un-registered JMX Bean with object name Ratis:service=RaftServer,group=group-C31906AAE067,id=a3d49688-b82f-4622-8b97-34b5ff2bfd95
2020-12-22 13:11:43,889 [Listener at 127.0.0.1/34251] INFO  impl.RoleInfo (RoleInfo.java:shutdownLeaderState(104)) - a3d49688-b82f-4622-8b97-34b5ff2bfd95: shutdown a3d49688-b82f-4622-8b97-34b5ff2bfd95@group-C31906AAE067-LeaderState
2020-12-22 13:11:43,889 [Listener at 127.0.0.1/34251] INFO  impl.PendingRequests (PendingRequests.java:sendNotLeaderResponses(250)) - a3d49688-b82f-4622-8b97-34b5ff2bfd95@group-C31906AAE067-PendingRequests: sendNotLeaderResponses
2020-12-22 13:11:43,889 [Listener at 127.0.0.1/34251] INFO  metrics.RatisMetrics (RatisMetrics.java:unregister(43)) - Unregistering Metrics Registry : ratis.log_appender.a3d49688-b82f-4622-8b97-34b5ff2bfd95@group-C31906AAE067
2020-12-22 13:11:43,889 [Listener at 127.0.0.1/34251] INFO  metrics.RatisMetrics (RatisMetrics.java:unregister(43)) - Unregistering Metrics Registry : ratis.server.a3d49688-b82f-4622-8b97-34b5ff2bfd95@group-C31906AAE067
2020-12-22 13:11:43,890 [Listener at 127.0.0.1/34251] INFO  impl.StateMachineUpdater (StateMachineUpdater.java:stopAndJoin(147)) - a3d49688-b82f-4622-8b97-34b5ff2bfd95@group-C31906AAE067-StateMachineUpdater: set stopIndex = 0
2020-12-22 13:11:43,890 [a3d49688-b82f-4622-8b97-34b5ff2bfd95@group-C31906AAE067-StateMachineUpdater] INFO  ratis.ContainerStateMachine (ContainerStateMachine.java:takeSnapshot(293)) - group-C31906AAE067: Taking a snapshot at:(t:1, i:0) file /github/workspace/mnt/ozone/hadoop-ozone/integration-test/target/test-dir/MiniOzoneClusterImpl-0c7722d3-6e51-44b5-a6be-ee21012bb99e/datanode-6/data/ratis/034b4dd9-1234-4dc8-967b-c31906aae067/sm/snapshot.1_0
2020-12-22 13:11:43,891 [a3d49688-b82f-4622-8b97-34b5ff2bfd95@group-C31906AAE067-StateMachineUpdater] INFO  ratis.ContainerStateMachine (ContainerStateMachine.java:takeSnapshot(304)) - group-C31906AAE067: Finished taking a snapshot at:(t:1, i:0) file:/github/workspace/mnt/ozone/hadoop-ozone/integration-test/target/test-dir/MiniOzoneClusterImpl-0c7722d3-6e51-44b5-a6be-ee21012bb99e/datanode-6/data/ratis/034b4dd9-1234-4dc8-967b-c31906aae067/sm/snapshot.1_0 time:0
2020-12-22 13:11:43,891 [a3d49688-b82f-4622-8b97-34b5ff2bfd95@group-C31906AAE067-StateMachineUpdater] INFO  impl.StateMachineUpdater (StateMachineUpdater.java:takeSnapshot(278)) - a3d49688-b82f-4622-8b97-34b5ff2bfd95@group-C31906AAE067-StateMachineUpdater: Took a snapshot at index 0
2020-12-22 13:11:43,891 [a3d49688-b82f-4622-8b97-34b5ff2bfd95@group-C31906AAE067-StateMachineUpdater] INFO  impl.StateMachineUpdater (StateMachineUpdater.java:lambda$new$0(87)) - a3d49688-b82f-4622-8b97-34b5ff2bfd95@group-C31906AAE067-StateMachineUpdater: snapshotIndex: updateIncreasingly -1 -> 0
2020-12-22 13:11:43,891 [a3d49688-b82f-4622-8b97-34b5ff2bfd95@group-C31906AAE067-StateMachineUpdater] INFO  metrics.RatisMetrics (RatisMetrics.java:unregister(43)) - Unregistering Metrics Registry : ratis.state_machine.a3d49688-b82f-4622-8b97-34b5ff2bfd95@group-C31906AAE067
2020-12-22 13:11:43,891 [Listener at 127.0.0.1/34251] INFO  impl.RaftServerImpl (ServerState.java:close(406)) - a3d49688-b82f-4622-8b97-34b5ff2bfd95@group-C31906AAE067: closes. applyIndex: 0
2020-12-22 13:11:43,893 [a3d49688-b82f-4622-8b97-34b5ff2bfd95@group-C31906AAE067-SegmentedRaftLogWorker] INFO  segmented.SegmentedRaftLogWorker (SegmentedRaftLogWorker.java:run(329)) - a3d49688-b82f-4622-8b97-34b5ff2bfd95@group-C31906AAE067-SegmentedRaftLogWorker was interrupted, exiting. There are 0 tasks remaining in the queue.
2020-12-22 13:11:43,894 [Listener at 127.0.0.1/34251] INFO  segmented.SegmentedRaftLogWorker (SegmentedRaftLogWorker.java:close(235)) - a3d49688-b82f-4622-8b97-34b5ff2bfd95@group-C31906AAE067-SegmentedRaftLogWorker close()
2020-12-22 13:11:43,897 [Listener at 127.0.0.1/34251] INFO  metrics.RatisMetrics (RatisMetrics.java:unregister(43)) - Unregistering Metrics Registry : ratis.log_worker.a3d49688-b82f-4622-8b97-34b5ff2bfd95@group-C31906AAE067
2020-12-22 13:11:43,897 [Listener at 127.0.0.1/34251] INFO  metrics.RatisMetrics (RatisMetrics.java:unregister(43)) - Unregistering Metrics Registry : ratis.leader_election.a3d49688-b82f-4622-8b97-34b5ff2bfd95@group-C31906AAE067
2020-12-22 13:11:43,898 [Listener at 127.0.0.1/34251] INFO  metrics.RatisMetrics (RatisMetrics.java:unregister(43)) - Unregistering Metrics Registry : ratis.server.a3d49688-b82f-4622-8b97-34b5ff2bfd95@group-C31906AAE067
2020-12-22 13:11:43,898 [Listener at 127.0.0.1/34251] INFO  impl.RaftServerImpl (RaftServerImpl.java:lambda$shutdown$3(328)) - a3d49688-b82f-4622-8b97-34b5ff2bfd95@group-B00BD356E557: shutdown
2020-12-22 13:11:43,898 [Listener at 127.0.0.1/34251] INFO  util.JmxRegister (JmxRegister.java:unregister(73)) - Successfully un-registered JMX Bean with object name Ratis:service=RaftServer,group=group-B00BD356E557,id=a3d49688-b82f-4622-8b97-34b5ff2bfd95
2020-12-22 13:11:43,898 [Listener at 127.0.0.1/34251] INFO  impl.RoleInfo (RoleInfo.java:shutdownFollowerState(121)) - a3d49688-b82f-4622-8b97-34b5ff2bfd95: shutdown a3d49688-b82f-4622-8b97-34b5ff2bfd95@group-B00BD356E557-FollowerState
2020-12-22 13:11:43,898 [Listener at 127.0.0.1/34251] INFO  impl.StateMachineUpdater (StateMachineUpdater.java:stopAndJoin(147)) - a3d49688-b82f-4622-8b97-34b5ff2bfd95@group-B00BD356E557-StateMachineUpdater: set stopIndex = 0
2020-12-22 13:11:43,899 [a3d49688-b82f-4622-8b97-34b5ff2bfd95@group-B00BD356E557-StateMachineUpdater] INFO  ratis.ContainerStateMachine (ContainerStateMachine.java:takeSnapshot(293)) - group-B00BD356E557: Taking a snapshot at:(t:1, i:0) file /github/workspace/mnt/ozone/hadoop-ozone/integration-test/target/test-dir/MiniOzoneClusterImpl-0c7722d3-6e51-44b5-a6be-ee21012bb99e/datanode-6/data/ratis/bf013636-bf38-49a5-93f8-b00bd356e557/sm/snapshot.1_0
2020-12-22 13:11:43,898 [Thread-416] INFO  impl.FollowerState (FollowerState.java:run(137)) - a3d49688-b82f-4622-8b97-34b5ff2bfd95@group-B00BD356E557-FollowerState was interrupted: {}
java.lang.InterruptedException: sleep interrupted
	at java.lang.Thread.sleep(Native Method)
	at org.apache.ratis.util.JavaUtils.sleep(JavaUtils.java:250)
	at org.apache.ratis.server.impl.FollowerState.run(FollowerState.java:116)
2020-12-22 13:11:43,899 [a3d49688-b82f-4622-8b97-34b5ff2bfd95@group-B00BD356E557-StateMachineUpdater] INFO  ratis.ContainerStateMachine (ContainerStateMachine.java:takeSnapshot(304)) - group-B00BD356E557: Finished taking a snapshot at:(t:1, i:0) file:/github/workspace/mnt/ozone/hadoop-ozone/integration-test/target/test-dir/MiniOzoneClusterImpl-0c7722d3-6e51-44b5-a6be-ee21012bb99e/datanode-6/data/ratis/bf013636-bf38-49a5-93f8-b00bd356e557/sm/snapshot.1_0 time:1
2020-12-22 13:11:43,900 [a3d49688-b82f-4622-8b97-34b5ff2bfd95@group-B00BD356E557-StateMachineUpdater] INFO  impl.StateMachineUpdater (StateMachineUpdater.java:takeSnapshot(278)) - a3d49688-b82f-4622-8b97-34b5ff2bfd95@group-B00BD356E557-StateMachineUpdater: Took a snapshot at index 0
2020-12-22 13:11:43,900 [a3d49688-b82f-4622-8b97-34b5ff2bfd95@group-B00BD356E557-StateMachineUpdater] INFO  impl.StateMachineUpdater (StateMachineUpdater.java:lambda$new$0(87)) - a3d49688-b82f-4622-8b97-34b5ff2bfd95@group-B00BD356E557-StateMachineUpdater: snapshotIndex: updateIncreasingly -1 -> 0
2020-12-22 13:11:43,900 [a3d49688-b82f-4622-8b97-34b5ff2bfd95@group-B00BD356E557-StateMachineUpdater] INFO  metrics.RatisMetrics (RatisMetrics.java:unregister(43)) - Unregistering Metrics Registry : ratis.state_machine.a3d49688-b82f-4622-8b97-34b5ff2bfd95@group-B00BD356E557
2020-12-22 13:11:43,901 [Listener at 127.0.0.1/34251] INFO  impl.RaftServerImpl (ServerState.java:close(406)) - a3d49688-b82f-4622-8b97-34b5ff2bfd95@group-B00BD356E557: closes. applyIndex: 0
2020-12-22 13:11:43,901 [a3d49688-b82f-4622-8b97-34b5ff2bfd95@group-B00BD356E557-SegmentedRaftLogWorker] INFO  segmented.SegmentedRaftLogWorker (SegmentedRaftLogWorker.java:run(329)) - a3d49688-b82f-4622-8b97-34b5ff2bfd95@group-B00BD356E557-SegmentedRaftLogWorker was interrupted, exiting. There are 0 tasks remaining in the queue.
2020-12-22 13:11:43,901 [Listener at 127.0.0.1/34251] INFO  segmented.SegmentedRaftLogWorker (SegmentedRaftLogWorker.java:close(235)) - a3d49688-b82f-4622-8b97-34b5ff2bfd95@group-B00BD356E557-SegmentedRaftLogWorker close()
2020-12-22 13:11:43,902 [Listener at 127.0.0.1/34251] INFO  metrics.RatisMetrics (RatisMetrics.java:unregister(43)) - Unregistering Metrics Registry : ratis.log_worker.a3d49688-b82f-4622-8b97-34b5ff2bfd95@group-B00BD356E557
2020-12-22 13:11:43,902 [ForkJoinPool.commonPool-worker-1] INFO  ozoneimpl.OzoneContainer (OzoneContainer.java:stop(257)) - Attempting to stop container services.
2020-12-22 13:11:43,902 [Listener at 127.0.0.1/34251] INFO  metrics.RatisMetrics (RatisMetrics.java:unregister(43)) - Unregistering Metrics Registry : ratis.leader_election.a3d49688-b82f-4622-8b97-34b5ff2bfd95@group-B00BD356E557
2020-12-22 13:11:43,902 [ForkJoinPool.commonPool-worker-1] INFO  impl.RaftServerProxy (RaftServerProxy.java:lambda$close$4(338)) - d23545be-7951-4ced-9e1c-af6ad8e842b2: close
2020-12-22 13:11:43,903 [Listener at 127.0.0.1/34251] INFO  metrics.RatisMetrics (RatisMetrics.java:unregister(43)) - Unregistering Metrics Registry : ratis.server.a3d49688-b82f-4622-8b97-34b5ff2bfd95@group-B00BD356E557
2020-12-22 13:11:43,903 [ForkJoinPool.commonPool-worker-1] INFO  impl.RaftServerImpl (RaftServerImpl.java:lambda$shutdown$3(328)) - d23545be-7951-4ced-9e1c-af6ad8e842b2@group-197856EE50CC: shutdown
2020-12-22 13:11:43,903 [Listener at 127.0.0.1/34251] INFO  server.GrpcService (GrpcService.java:closeImpl(184)) - a3d49688-b82f-4622-8b97-34b5ff2bfd95: shutdown server with port 41743 now
2020-12-22 13:11:43,903 [ForkJoinPool.commonPool-worker-1] INFO  util.JmxRegister (JmxRegister.java:unregister(73)) - Successfully un-registered JMX Bean with object name Ratis:service=RaftServer,group=group-197856EE50CC,id=d23545be-7951-4ced-9e1c-af6ad8e842b2
2020-12-22 13:11:43,903 [ForkJoinPool.commonPool-worker-1] INFO  impl.RoleInfo (RoleInfo.java:shutdownFollowerState(121)) - d23545be-7951-4ced-9e1c-af6ad8e842b2: shutdown d23545be-7951-4ced-9e1c-af6ad8e842b2@group-197856EE50CC-FollowerState
2020-12-22 13:11:43,903 [ForkJoinPool.commonPool-worker-1] INFO  impl.StateMachineUpdater (StateMachineUpdater.java:stopAndJoin(147)) - d23545be-7951-4ced-9e1c-af6ad8e842b2@group-197856EE50CC-StateMachineUpdater: set stopIndex = 8
2020-12-22 13:11:43,904 [d23545be-7951-4ced-9e1c-af6ad8e842b2@group-197856EE50CC-StateMachineUpdater] INFO  ratis.ContainerStateMachine (ContainerStateMachine.java:takeSnapshot(293)) - group-197856EE50CC: Taking a snapshot at:(t:1, i:8) file /github/workspace/mnt/ozone/hadoop-ozone/integration-test/target/test-dir/MiniOzoneClusterImpl-0c7722d3-6e51-44b5-a6be-ee21012bb99e/datanode-0/data/ratis/b3d46aca-819d-4a28-9022-197856ee50cc/sm/snapshot.1_8
2020-12-22 13:11:43,903 [Thread-327] INFO  impl.FollowerState (FollowerState.java:run(137)) - d23545be-7951-4ced-9e1c-af6ad8e842b2@group-197856EE50CC-FollowerState was interrupted: {}
java.lang.InterruptedException: sleep interrupted
	at java.lang.Thread.sleep(Native Method)
	at org.apache.ratis.util.JavaUtils.sleep(JavaUtils.java:250)
	at org.apache.ratis.server.impl.FollowerState.run(FollowerState.java:116)
2020-12-22 13:11:43,905 [d23545be-7951-4ced-9e1c-af6ad8e842b2@group-197856EE50CC-StateMachineUpdater] INFO  ratis.ContainerStateMachine (ContainerStateMachine.java:takeSnapshot(304)) - group-197856EE50CC: Finished taking a snapshot at:(t:1, i:8) file:/github/workspace/mnt/ozone/hadoop-ozone/integration-test/target/test-dir/MiniOzoneClusterImpl-0c7722d3-6e51-44b5-a6be-ee21012bb99e/datanode-0/data/ratis/b3d46aca-819d-4a28-9022-197856ee50cc/sm/snapshot.1_8 time:1
2020-12-22 13:11:43,905 [d23545be-7951-4ced-9e1c-af6ad8e842b2@group-197856EE50CC-StateMachineUpdater] INFO  impl.StateMachineUpdater (StateMachineUpdater.java:takeSnapshot(278)) - d23545be-7951-4ced-9e1c-af6ad8e842b2@group-197856EE50CC-StateMachineUpdater: Took a snapshot at index 8
2020-12-22 13:11:43,905 [d23545be-7951-4ced-9e1c-af6ad8e842b2@group-197856EE50CC-StateMachineUpdater] INFO  impl.StateMachineUpdater (StateMachineUpdater.java:lambda$new$0(87)) - d23545be-7951-4ced-9e1c-af6ad8e842b2@group-197856EE50CC-StateMachineUpdater: snapshotIndex: updateIncreasingly -1 -> 8
2020-12-22 13:11:43,905 [d23545be-7951-4ced-9e1c-af6ad8e842b2@group-197856EE50CC-StateMachineUpdater] INFO  metrics.RatisMetrics (RatisMetrics.java:unregister(43)) - Unregistering Metrics Registry : ratis.state_machine.d23545be-7951-4ced-9e1c-af6ad8e842b2@group-197856EE50CC
2020-12-22 13:11:43,905 [grpc-default-executor-2] WARN  server.GrpcServerProtocolService (LogUtils.java:warn(122)) - a3d49688-b82f-4622-8b97-34b5ff2bfd95: installSnapshot onError, lastRequest: 968414a2-acfc-4d9a-a6c6-d5ffe78fa14c->a3d49688-b82f-4622-8b97-34b5ff2bfd95#1-t1, previous=(t:0, i:0), leaderCommit=0, initializing? false, entries: size=1, first=(t:1, i:0), CONFIGURATIONENTRY: org.apache.ratis.thirdparty.io.grpc.StatusRuntimeException: CANCELLED: cancelled before receiving half close
2020-12-22 13:11:43,906 [grpc-default-executor-0] WARN  server.GrpcLogAppender (LogUtils.java:warn(122)) - 968414a2-acfc-4d9a-a6c6-d5ffe78fa14c@group-B00BD356E557->a3d49688-b82f-4622-8b97-34b5ff2bfd95-AppendLogResponseHandler: Failed appendEntries: org.apache.ratis.thirdparty.io.grpc.StatusRuntimeException: CANCELLED: HTTP/2 error code: CANCEL
Received Rst Stream
2020-12-22 13:11:43,906 [grpc-default-executor-0] WARN  server.GrpcLogAppender (GrpcLogAppender.java:resetClient(107)) - 968414a2-acfc-4d9a-a6c6-d5ffe78fa14c@group-B00BD356E557->a3d49688-b82f-4622-8b97-34b5ff2bfd95-GrpcLogAppender: Leader has not got in touch with Follower 968414a2-acfc-4d9a-a6c6-d5ffe78fa14c@group-B00BD356E557->a3d49688-b82f-4622-8b97-34b5ff2bfd95(c0,m0,n1, attendVote=true, lastRpcSendTime=141, lastRpcResponseTime=140) yet, just keep nextIndex unchanged and retry.
2020-12-22 13:11:43,906 [ForkJoinPool.commonPool-worker-1] INFO  impl.RaftServerImpl (ServerState.java:close(406)) - d23545be-7951-4ced-9e1c-af6ad8e842b2@group-197856EE50CC: closes. applyIndex: 8
2020-12-22 13:11:43,906 [d23545be-7951-4ced-9e1c-af6ad8e842b2@group-197856EE50CC-SegmentedRaftLogWorker] INFO  segmented.SegmentedRaftLogWorker (SegmentedRaftLogWorker.java:run(329)) - d23545be-7951-4ced-9e1c-af6ad8e842b2@group-197856EE50CC-SegmentedRaftLogWorker was interrupted, exiting. There are 0 tasks remaining in the queue.
2020-12-22 13:11:43,906 [ForkJoinPool.commonPool-worker-1] INFO  segmented.SegmentedRaftLogWorker (SegmentedRaftLogWorker.java:close(235)) - d23545be-7951-4ced-9e1c-af6ad8e842b2@group-197856EE50CC-SegmentedRaftLogWorker close()
2020-12-22 13:11:43,907 [Listener at 127.0.0.1/34251] INFO  server.GrpcService (GrpcService.java:closeImpl(193)) - a3d49688-b82f-4622-8b97-34b5ff2bfd95: shutdown server with port 41743 successfully
2020-12-22 13:11:43,907 [ForkJoinPool.commonPool-worker-1] INFO  metrics.RatisMetrics (RatisMetrics.java:unregister(43)) - Unregistering Metrics Registry : ratis.log_worker.d23545be-7951-4ced-9e1c-af6ad8e842b2@group-197856EE50CC
2020-12-22 13:11:43,907 [ForkJoinPool.commonPool-worker-1] INFO  metrics.RatisMetrics (RatisMetrics.java:unregister(43)) - Unregistering Metrics Registry : ratis.leader_election.d23545be-7951-4ced-9e1c-af6ad8e842b2@group-197856EE50CC
2020-12-22 13:11:43,908 [ForkJoinPool.commonPool-worker-1] INFO  metrics.RatisMetrics (RatisMetrics.java:unregister(43)) - Unregistering Metrics Registry : ratis.server.d23545be-7951-4ced-9e1c-af6ad8e842b2@group-197856EE50CC
2020-12-22 13:11:43,908 [ForkJoinPool.commonPool-worker-1] INFO  impl.RaftServerImpl (RaftServerImpl.java:lambda$shutdown$3(328)) - d23545be-7951-4ced-9e1c-af6ad8e842b2@group-22EF2DA5B5E3: shutdown
2020-12-22 13:11:43,908 [ForkJoinPool.commonPool-worker-1] INFO  util.JmxRegister (JmxRegister.java:unregister(73)) - Successfully un-registered JMX Bean with object name Ratis:service=RaftServer,group=group-22EF2DA5B5E3,id=d23545be-7951-4ced-9e1c-af6ad8e842b2
2020-12-22 13:11:43,908 [ForkJoinPool.commonPool-worker-1] INFO  impl.RoleInfo (RoleInfo.java:shutdownFollowerState(121)) - d23545be-7951-4ced-9e1c-af6ad8e842b2: shutdown d23545be-7951-4ced-9e1c-af6ad8e842b2@group-22EF2DA5B5E3-FollowerState
2020-12-22 13:11:43,908 [Thread-1186] INFO  impl.FollowerState (FollowerState.java:run(137)) - d23545be-7951-4ced-9e1c-af6ad8e842b2@group-22EF2DA5B5E3-FollowerState was interrupted: {}
java.lang.InterruptedException: sleep interrupted
	at java.lang.Thread.sleep(Native Method)
	at org.apache.ratis.util.JavaUtils.sleep(JavaUtils.java:250)
	at org.apache.ratis.server.impl.FollowerState.run(FollowerState.java:116)
2020-12-22 13:11:43,909 [d23545be-7951-4ced-9e1c-af6ad8e842b2@group-22EF2DA5B5E3-StateMachineUpdater] INFO  ratis.ContainerStateMachine (ContainerStateMachine.java:takeSnapshot(293)) - group-22EF2DA5B5E3: Taking a snapshot at:(t:2, i:6) file /github/workspace/mnt/ozone/hadoop-ozone/integration-test/target/test-dir/MiniOzoneClusterImpl-0c7722d3-6e51-44b5-a6be-ee21012bb99e/datanode-0/data/ratis/1db8be16-ed77-4592-8cde-22ef2da5b5e3/sm/snapshot.2_6
2020-12-22 13:11:43,909 [ForkJoinPool.commonPool-worker-1] INFO  impl.StateMachineUpdater (StateMachineUpdater.java:stopAndJoin(147)) - d23545be-7951-4ced-9e1c-af6ad8e842b2@group-22EF2DA5B5E3-StateMachineUpdater: set stopIndex = 6
2020-12-22 13:11:43,910 [d23545be-7951-4ced-9e1c-af6ad8e842b2@group-22EF2DA5B5E3-StateMachineUpdater] INFO  ratis.ContainerStateMachine (ContainerStateMachine.java:takeSnapshot(304)) - group-22EF2DA5B5E3: Finished taking a snapshot at:(t:2, i:6) file:/github/workspace/mnt/ozone/hadoop-ozone/integration-test/target/test-dir/MiniOzoneClusterImpl-0c7722d3-6e51-44b5-a6be-ee21012bb99e/datanode-0/data/ratis/1db8be16-ed77-4592-8cde-22ef2da5b5e3/sm/snapshot.2_6 time:1
2020-12-22 13:11:43,910 [d23545be-7951-4ced-9e1c-af6ad8e842b2@group-22EF2DA5B5E3-StateMachineUpdater] INFO  impl.StateMachineUpdater (StateMachineUpdater.java:takeSnapshot(278)) - d23545be-7951-4ced-9e1c-af6ad8e842b2@group-22EF2DA5B5E3-StateMachineUpdater: Took a snapshot at index 6
2020-12-22 13:11:43,910 [d23545be-7951-4ced-9e1c-af6ad8e842b2@group-22EF2DA5B5E3-StateMachineUpdater] INFO  impl.StateMachineUpdater (StateMachineUpdater.java:lambda$new$0(87)) - d23545be-7951-4ced-9e1c-af6ad8e842b2@group-22EF2DA5B5E3-StateMachineUpdater: snapshotIndex: updateIncreasingly -1 -> 6
2020-12-22 13:11:43,910 [d23545be-7951-4ced-9e1c-af6ad8e842b2@group-22EF2DA5B5E3-StateMachineUpdater] INFO  metrics.RatisMetrics (RatisMetrics.java:unregister(43)) - Unregistering Metrics Registry : ratis.state_machine.d23545be-7951-4ced-9e1c-af6ad8e842b2@group-22EF2DA5B5E3
2020-12-22 13:11:43,910 [ForkJoinPool.commonPool-worker-1] INFO  impl.RaftServerImpl (ServerState.java:close(406)) - d23545be-7951-4ced-9e1c-af6ad8e842b2@group-22EF2DA5B5E3: closes. applyIndex: 6
2020-12-22 13:11:43,911 [d23545be-7951-4ced-9e1c-af6ad8e842b2@group-22EF2DA5B5E3-SegmentedRaftLogWorker] INFO  segmented.SegmentedRaftLogWorker (SegmentedRaftLogWorker.java:run(329)) - d23545be-7951-4ced-9e1c-af6ad8e842b2@group-22EF2DA5B5E3-SegmentedRaftLogWorker was interrupted, exiting. There are 0 tasks remaining in the queue.
2020-12-22 13:11:43,911 [ForkJoinPool.commonPool-worker-1] INFO  segmented.SegmentedRaftLogWorker (SegmentedRaftLogWorker.java:close(235)) - d23545be-7951-4ced-9e1c-af6ad8e842b2@group-22EF2DA5B5E3-SegmentedRaftLogWorker close()
2020-12-22 13:11:43,911 [ForkJoinPool.commonPool-worker-1] INFO  metrics.RatisMetrics (RatisMetrics.java:unregister(43)) - Unregistering Metrics Registry : ratis.log_worker.d23545be-7951-4ced-9e1c-af6ad8e842b2@group-22EF2DA5B5E3
2020-12-22 13:11:43,912 [ForkJoinPool.commonPool-worker-1] INFO  metrics.RatisMetrics (RatisMetrics.java:unregister(43)) - Unregistering Metrics Registry : ratis.leader_election.d23545be-7951-4ced-9e1c-af6ad8e842b2@group-22EF2DA5B5E3
2020-12-22 13:11:43,912 [ForkJoinPool.commonPool-worker-1] INFO  metrics.RatisMetrics (RatisMetrics.java:unregister(43)) - Unregistering Metrics Registry : ratis.server.d23545be-7951-4ced-9e1c-af6ad8e842b2@group-22EF2DA5B5E3
2020-12-22 13:11:43,912 [ForkJoinPool.commonPool-worker-1] INFO  impl.RaftServerImpl (RaftServerImpl.java:lambda$shutdown$3(328)) - d23545be-7951-4ced-9e1c-af6ad8e842b2@group-F953A9491D79: shutdown
2020-12-22 13:11:43,912 [ForkJoinPool.commonPool-worker-1] INFO  util.JmxRegister (JmxRegister.java:unregister(73)) - Successfully un-registered JMX Bean with object name Ratis:service=RaftServer,group=group-F953A9491D79,id=d23545be-7951-4ced-9e1c-af6ad8e842b2
2020-12-22 13:11:43,912 [ForkJoinPool.commonPool-worker-1] INFO  impl.RoleInfo (RoleInfo.java:shutdownLeaderState(104)) - d23545be-7951-4ced-9e1c-af6ad8e842b2: shutdown d23545be-7951-4ced-9e1c-af6ad8e842b2@group-F953A9491D79-LeaderState
2020-12-22 13:11:43,912 [ForkJoinPool.commonPool-worker-1] INFO  impl.PendingRequests (PendingRequests.java:sendNotLeaderResponses(250)) - d23545be-7951-4ced-9e1c-af6ad8e842b2@group-F953A9491D79-PendingRequests: sendNotLeaderResponses
2020-12-22 13:11:43,912 [ForkJoinPool.commonPool-worker-1] INFO  metrics.RatisMetrics (RatisMetrics.java:unregister(43)) - Unregistering Metrics Registry : ratis.log_appender.d23545be-7951-4ced-9e1c-af6ad8e842b2@group-F953A9491D79
2020-12-22 13:11:43,913 [ForkJoinPool.commonPool-worker-1] INFO  metrics.RatisMetrics (RatisMetrics.java:unregister(43)) - Unregistering Metrics Registry : ratis.server.d23545be-7951-4ced-9e1c-af6ad8e842b2@group-F953A9491D79
2020-12-22 13:11:43,913 [d23545be-7951-4ced-9e1c-af6ad8e842b2@group-F953A9491D79-StateMachineUpdater] INFO  ratis.ContainerStateMachine (ContainerStateMachine.java:takeSnapshot(293)) - group-F953A9491D79: Taking a snapshot at:(t:1, i:0) file /github/workspace/mnt/ozone/hadoop-ozone/integration-test/target/test-dir/MiniOzoneClusterImpl-0c7722d3-6e51-44b5-a6be-ee21012bb99e/datanode-0/data/ratis/1cbaa372-91cf-4b79-9e80-f953a9491d79/sm/snapshot.1_0
2020-12-22 13:11:43,914 [ForkJoinPool.commonPool-worker-1] INFO  impl.StateMachineUpdater (StateMachineUpdater.java:stopAndJoin(147)) - d23545be-7951-4ced-9e1c-af6ad8e842b2@group-F953A9491D79-StateMachineUpdater: set stopIndex = 0
2020-12-22 13:11:43,914 [d23545be-7951-4ced-9e1c-af6ad8e842b2@group-F953A9491D79-StateMachineUpdater] INFO  ratis.ContainerStateMachine (ContainerStateMachine.java:takeSnapshot(304)) - group-F953A9491D79: Finished taking a snapshot at:(t:1, i:0) file:/github/workspace/mnt/ozone/hadoop-ozone/integration-test/target/test-dir/MiniOzoneClusterImpl-0c7722d3-6e51-44b5-a6be-ee21012bb99e/datanode-0/data/ratis/1cbaa372-91cf-4b79-9e80-f953a9491d79/sm/snapshot.1_0 time:1
2020-12-22 13:11:43,914 [d23545be-7951-4ced-9e1c-af6ad8e842b2@group-F953A9491D79-StateMachineUpdater] INFO  impl.StateMachineUpdater (StateMachineUpdater.java:takeSnapshot(278)) - d23545be-7951-4ced-9e1c-af6ad8e842b2@group-F953A9491D79-StateMachineUpdater: Took a snapshot at index 0
2020-12-22 13:11:43,914 [d23545be-7951-4ced-9e1c-af6ad8e842b2@group-F953A9491D79-StateMachineUpdater] INFO  impl.StateMachineUpdater (StateMachineUpdater.java:lambda$new$0(87)) - d23545be-7951-4ced-9e1c-af6ad8e842b2@group-F953A9491D79-StateMachineUpdater: snapshotIndex: updateIncreasingly -1 -> 0
2020-12-22 13:11:43,914 [d23545be-7951-4ced-9e1c-af6ad8e842b2@group-F953A9491D79-StateMachineUpdater] INFO  metrics.RatisMetrics (RatisMetrics.java:unregister(43)) - Unregistering Metrics Registry : ratis.state_machine.d23545be-7951-4ced-9e1c-af6ad8e842b2@group-F953A9491D79
2020-12-22 13:11:43,915 [ForkJoinPool.commonPool-worker-1] INFO  impl.RaftServerImpl (ServerState.java:close(406)) - d23545be-7951-4ced-9e1c-af6ad8e842b2@group-F953A9491D79: closes. applyIndex: 0
2020-12-22 13:11:43,915 [d23545be-7951-4ced-9e1c-af6ad8e842b2@group-F953A9491D79-SegmentedRaftLogWorker] INFO  segmented.SegmentedRaftLogWorker (SegmentedRaftLogWorker.java:run(329)) - d23545be-7951-4ced-9e1c-af6ad8e842b2@group-F953A9491D79-SegmentedRaftLogWorker was interrupted, exiting. There are 0 tasks remaining in the queue.
2020-12-22 13:11:43,916 [ForkJoinPool.commonPool-worker-1] INFO  segmented.SegmentedRaftLogWorker (SegmentedRaftLogWorker.java:close(235)) - d23545be-7951-4ced-9e1c-af6ad8e842b2@group-F953A9491D79-SegmentedRaftLogWorker close()
2020-12-22 13:11:43,916 [ForkJoinPool.commonPool-worker-1] INFO  metrics.RatisMetrics (RatisMetrics.java:unregister(43)) - Unregistering Metrics Registry : ratis.log_worker.d23545be-7951-4ced-9e1c-af6ad8e842b2@group-F953A9491D79
2020-12-22 13:11:43,916 [ForkJoinPool.commonPool-worker-1] INFO  metrics.RatisMetrics (RatisMetrics.java:unregister(43)) - Unregistering Metrics Registry : ratis.leader_election.d23545be-7951-4ced-9e1c-af6ad8e842b2@group-F953A9491D79
2020-12-22 13:11:43,917 [ForkJoinPool.commonPool-worker-1] INFO  metrics.RatisMetrics (RatisMetrics.java:unregister(43)) - Unregistering Metrics Registry : ratis.server.d23545be-7951-4ced-9e1c-af6ad8e842b2@group-F953A9491D79
2020-12-22 13:11:43,917 [ForkJoinPool.commonPool-worker-1] INFO  server.GrpcService (GrpcService.java:closeImpl(184)) - d23545be-7951-4ced-9e1c-af6ad8e842b2: shutdown server with port 35453 now
2020-12-22 13:11:43,917 [Listener at 127.0.0.1/34251] INFO  utils.BackgroundService (BackgroundService.java:shutdown(132)) - Shutting down service BlockDeletingService
2020-12-22 13:11:43,920 [grpc-default-executor-0] WARN  server.GrpcServerProtocolService (LogUtils.java:warn(122)) - d23545be-7951-4ced-9e1c-af6ad8e842b2: installSnapshot onError, lastRequest: cfc7b2a2-0619-4c85-8419-784b4b9eda1c->d23545be-7951-4ced-9e1c-af6ad8e842b2#151-t1, previous=(t:1, i:7), leaderCommit=4, initializing? false, entries: size=1, first=(t:1, i:8), METADATAENTRY(c:4): org.apache.ratis.thirdparty.io.grpc.StatusRuntimeException: CANCELLED: cancelled before receiving half close
2020-12-22 13:11:43,925 [grpc-default-executor-0] WARN  server.GrpcLogAppender (LogUtils.java:warn(122)) - cfc7b2a2-0619-4c85-8419-784b4b9eda1c@group-197856EE50CC->d23545be-7951-4ced-9e1c-af6ad8e842b2-AppendLogResponseHandler: Failed appendEntries: org.apache.ratis.thirdparty.io.grpc.StatusRuntimeException: CANCELLED: HTTP/2 error code: CANCEL
Received Rst Stream
2020-12-22 13:11:43,925 [grpc-default-executor-0] INFO  impl.FollowerInfo (FollowerInfo.java:lambda$new$0(51)) - cfc7b2a2-0619-4c85-8419-784b4b9eda1c@group-197856EE50CC->d23545be-7951-4ced-9e1c-af6ad8e842b2: nextIndex: updateUnconditionally 9 -> 8
2020-12-22 13:11:43,928 [Listener at 127.0.0.1/34251] INFO  statemachine.DatanodeStateMachine (DatanodeStateMachine.java:stopDaemon(461)) - Ozone container server stopped.
2020-12-22 13:11:43,930 [grpc-default-executor-3] WARN  server.GrpcLogAppender (LogUtils.java:warn(122)) - cfc7b2a2-0619-4c85-8419-784b4b9eda1c@group-197856EE50CC->d23545be-7951-4ced-9e1c-af6ad8e842b2-AppendLogResponseHandler: Failed appendEntries: org.apache.ratis.thirdparty.io.grpc.StatusRuntimeException: UNAVAILABLE: io exception
2020-12-22 13:11:43,931 [grpc-default-executor-3] INFO  impl.FollowerInfo (FollowerInfo.java:lambda$new$0(51)) - cfc7b2a2-0619-4c85-8419-784b4b9eda1c@group-197856EE50CC->d23545be-7951-4ced-9e1c-af6ad8e842b2: nextIndex: updateUnconditionally 9 -> 8
2020-12-22 13:11:43,935 [ForkJoinPool.commonPool-worker-1] INFO  server.GrpcService (GrpcService.java:closeImpl(193)) - d23545be-7951-4ced-9e1c-af6ad8e842b2: shutdown server with port 35453 successfully
2020-12-22 13:11:43,943 [ForkJoinPool.commonPool-worker-1] INFO  utils.BackgroundService (BackgroundService.java:shutdown(132)) - Shutting down service BlockDeletingService
2020-12-22 13:11:43,945 [Listener at 127.0.0.1/34251] INFO  handler.ContextHandler (ContextHandler.java:doStop(1154)) - Stopped o.e.j.w.WebAppContext@1a53a57b{hddsDatanode,/,null,STOPPED}{jar:file:/home/user/.m2/repository/org/apache/hadoop/hadoop-hdds-container-service/1.1.0-SNAPSHOT/hadoop-hdds-container-service-1.1.0-SNAPSHOT.jar!/webapps/hddsDatanode}
2020-12-22 13:11:43,947 [ForkJoinPool.commonPool-worker-1] INFO  statemachine.DatanodeStateMachine (DatanodeStateMachine.java:stopDaemon(461)) - Ozone container server stopped.
2020-12-22 13:11:43,954 [Listener at 127.0.0.1/34251] INFO  server.AbstractConnector (AbstractConnector.java:doStop(381)) - Stopped ServerConnector@626c8969{HTTP/1.1, (http/1.1)}{0.0.0.0:0}
2020-12-22 13:11:43,954 [Listener at 127.0.0.1/34251] INFO  server.session (HouseKeeper.java:stopScavenging(149)) - node0 Stopped scavenging
2020-12-22 13:11:43,955 [Listener at 127.0.0.1/34251] INFO  handler.ContextHandler (ContextHandler.java:doStop(1154)) - Stopped o.e.j.s.ServletContextHandler@794eb83c{static,/static,jar:file:/home/user/.m2/repository/org/apache/hadoop/hadoop-hdds-container-service/1.1.0-SNAPSHOT/hadoop-hdds-container-service-1.1.0-SNAPSHOT.jar!/webapps/static,STOPPED}
2020-12-22 13:11:43,955 [Listener at 127.0.0.1/34251] INFO  handler.ContextHandler (ContextHandler.java:doStop(1154)) - Stopped o.e.j.s.ServletContextHandler@ed43a59{logs,/logs,file:///github/workspace/mnt/ozone/hadoop-ozone/integration-test/target/log,STOPPED}
2020-12-22 13:11:43,961 [ForkJoinPool.commonPool-worker-1] INFO  handler.ContextHandler (ContextHandler.java:doStop(1154)) - Stopped o.e.j.w.WebAppContext@5e0752{hddsDatanode,/,null,STOPPED}{jar:file:/home/user/.m2/repository/org/apache/hadoop/hadoop-hdds-container-service/1.1.0-SNAPSHOT/hadoop-hdds-container-service-1.1.0-SNAPSHOT.jar!/webapps/hddsDatanode}
2020-12-22 13:11:43,961 [ForkJoinPool.commonPool-worker-1] INFO  server.AbstractConnector (AbstractConnector.java:doStop(381)) - Stopped ServerConnector@5b40e241{HTTP/1.1, (http/1.1)}{0.0.0.0:0}
2020-12-22 13:11:43,962 [ForkJoinPool.commonPool-worker-1] INFO  server.session (HouseKeeper.java:stopScavenging(149)) - node0 Stopped scavenging
2020-12-22 13:11:43,965 [ForkJoinPool.commonPool-worker-1] INFO  handler.ContextHandler (ContextHandler.java:doStop(1154)) - Stopped o.e.j.s.ServletContextHandler@46351d65{static,/static,jar:file:/home/user/.m2/repository/org/apache/hadoop/hadoop-hdds-container-service/1.1.0-SNAPSHOT/hadoop-hdds-container-service-1.1.0-SNAPSHOT.jar!/webapps/static,STOPPED}
2020-12-22 13:11:43,966 [ForkJoinPool.commonPool-worker-1] INFO  handler.ContextHandler (ContextHandler.java:doStop(1154)) - Stopped o.e.j.s.ServletContextHandler@46880242{logs,/logs,file:///github/workspace/mnt/ozone/hadoop-ozone/integration-test/target/log,STOPPED}
2020-12-22 13:11:44,234 [grpc-default-executor-2] WARN  server.GrpcLogAppender (LogUtils.java:warn(122)) - 0b95e776-5e46-4213-b3c0-ade9dce9a7dd@group-DA5D408C537E->9d743c2f-cc4c-4210-bd8b-cad00ce03aed-AppendLogResponseHandler: Failed appendEntries: org.apache.ratis.thirdparty.io.grpc.StatusRuntimeException: UNAVAILABLE: io exception
2020-12-22 13:11:44,235 [grpc-default-executor-2] WARN  server.GrpcLogAppender (GrpcLogAppender.java:resetClient(107)) - 0b95e776-5e46-4213-b3c0-ade9dce9a7dd@group-DA5D408C537E->9d743c2f-cc4c-4210-bd8b-cad00ce03aed-GrpcLogAppender: Leader has not got in touch with Follower 0b95e776-5e46-4213-b3c0-ade9dce9a7dd@group-DA5D408C537E->9d743c2f-cc4c-4210-bd8b-cad00ce03aed(c-1,m0,n3, attendVote=true, lastRpcSendTime=0, lastRpcResponseTime=5223) yet, just keep nextIndex unchanged and retry.
2020-12-22 13:11:44,253 [grpc-default-executor-2] WARN  server.GrpcLogAppender (LogUtils.java:warn(122)) - cfc7b2a2-0619-4c85-8419-784b4b9eda1c@group-197856EE50CC->a9e5f8c8-f1d2-4256-bab8-e403c630398b-AppendLogResponseHandler: Failed appendEntries: org.apache.ratis.thirdparty.io.grpc.StatusRuntimeException: UNAVAILABLE: io exception
2020-12-22 13:11:44,254 [grpc-default-executor-2] WARN  server.GrpcLogAppender (GrpcLogAppender.java:resetClient(107)) - cfc7b2a2-0619-4c85-8419-784b4b9eda1c@group-197856EE50CC->a9e5f8c8-f1d2-4256-bab8-e403c630398b-GrpcLogAppender: Leader has not got in touch with Follower cfc7b2a2-0619-4c85-8419-784b4b9eda1c@group-197856EE50CC->a9e5f8c8-f1d2-4256-bab8-e403c630398b(c0,m0,n9, attendVote=true, lastRpcSendTime=0, lastRpcResponseTime=44947) yet, just keep nextIndex unchanged and retry.
2020-12-22 13:11:44,267 [grpc-default-executor-3] WARN  server.GrpcLogAppender (LogUtils.java:warn(122)) - 968414a2-acfc-4d9a-a6c6-d5ffe78fa14c@group-B00BD356E557->a3d49688-b82f-4622-8b97-34b5ff2bfd95-AppendLogResponseHandler: Failed appendEntries: org.apache.ratis.thirdparty.io.grpc.StatusRuntimeException: UNAVAILABLE: io exception
2020-12-22 13:11:44,267 [grpc-default-executor-3] WARN  server.GrpcLogAppender (GrpcLogAppender.java:resetClient(107)) - 968414a2-acfc-4d9a-a6c6-d5ffe78fa14c@group-B00BD356E557->a3d49688-b82f-4622-8b97-34b5ff2bfd95-GrpcLogAppender: Leader has not got in touch with Follower 968414a2-acfc-4d9a-a6c6-d5ffe78fa14c@group-B00BD356E557->a3d49688-b82f-4622-8b97-34b5ff2bfd95(c0,m0,n1, attendVote=true, lastRpcSendTime=0, lastRpcResponseTime=502) yet, just keep nextIndex unchanged and retry.
2020-12-22 13:11:44,334 [grpc-default-executor-3] WARN  server.GrpcLogAppender (LogUtils.java:warn(122)) - 968414a2-acfc-4d9a-a6c6-d5ffe78fa14c@group-B00BD356E557->1542794c-42be-495d-a942-8ab282cac6bd-AppendLogResponseHandler: Failed appendEntries: org.apache.ratis.thirdparty.io.grpc.StatusRuntimeException: UNAVAILABLE: io exception
2020-12-22 13:11:44,335 [grpc-default-executor-3] WARN  server.GrpcLogAppender (GrpcLogAppender.java:resetClient(107)) - 968414a2-acfc-4d9a-a6c6-d5ffe78fa14c@group-B00BD356E557->1542794c-42be-495d-a942-8ab282cac6bd-GrpcLogAppender: Leader has not got in touch with Follower 968414a2-acfc-4d9a-a6c6-d5ffe78fa14c@group-B00BD356E557->1542794c-42be-495d-a942-8ab282cac6bd(c0,m0,n1, attendVote=true, lastRpcSendTime=0, lastRpcResponseTime=5507) yet, just keep nextIndex unchanged and retry.
2020-12-22 13:11:44,430 [grpc-default-executor-3] WARN  server.GrpcLogAppender (LogUtils.java:warn(122)) - cfc7b2a2-0619-4c85-8419-784b4b9eda1c@group-197856EE50CC->d23545be-7951-4ced-9e1c-af6ad8e842b2-AppendLogResponseHandler: Failed appendEntries: org.apache.ratis.thirdparty.io.grpc.StatusRuntimeException: UNAVAILABLE: io exception
2020-12-22 13:11:44,431 [grpc-default-executor-3] INFO  impl.FollowerInfo (FollowerInfo.java:lambda$new$0(51)) - cfc7b2a2-0619-4c85-8419-784b4b9eda1c@group-197856EE50CC->d23545be-7951-4ced-9e1c-af6ad8e842b2: nextIndex: updateUnconditionally 9 -> 8
2020-12-22 13:11:44,684 [Datanode State Machine Thread - 0] INFO  statemachine.DatanodeStateMachine (DatanodeStateMachine.java:lambda$startDaemon$0(408)) - Ozone container server started.
2020-12-22 13:11:44,735 [grpc-default-executor-3] WARN  server.GrpcLogAppender (LogUtils.java:warn(122)) - 0b95e776-5e46-4213-b3c0-ade9dce9a7dd@group-DA5D408C537E->9d743c2f-cc4c-4210-bd8b-cad00ce03aed-AppendLogResponseHandler: Failed appendEntries: org.apache.ratis.thirdparty.io.grpc.StatusRuntimeException: UNAVAILABLE: io exception
2020-12-22 13:11:44,736 [grpc-default-executor-3] WARN  server.GrpcLogAppender (GrpcLogAppender.java:resetClient(107)) - 0b95e776-5e46-4213-b3c0-ade9dce9a7dd@group-DA5D408C537E->9d743c2f-cc4c-4210-bd8b-cad00ce03aed-GrpcLogAppender: Leader has not got in touch with Follower 0b95e776-5e46-4213-b3c0-ade9dce9a7dd@group-DA5D408C537E->9d743c2f-cc4c-4210-bd8b-cad00ce03aed(c-1,m0,n3, attendVote=true, lastRpcSendTime=0, lastRpcResponseTime=5723) yet, just keep nextIndex unchanged and retry.
2020-12-22 13:11:44,754 [grpc-default-executor-3] WARN  server.GrpcLogAppender (LogUtils.java:warn(122)) - cfc7b2a2-0619-4c85-8419-784b4b9eda1c@group-197856EE50CC->a9e5f8c8-f1d2-4256-bab8-e403c630398b-AppendLogResponseHandler: Failed appendEntries: org.apache.ratis.thirdparty.io.grpc.StatusRuntimeException: UNAVAILABLE: io exception
2020-12-22 13:11:44,754 [grpc-default-executor-3] WARN  server.GrpcLogAppender (GrpcLogAppender.java:resetClient(107)) - cfc7b2a2-0619-4c85-8419-784b4b9eda1c@group-197856EE50CC->a9e5f8c8-f1d2-4256-bab8-e403c630398b-GrpcLogAppender: Leader has not got in touch with Follower cfc7b2a2-0619-4c85-8419-784b4b9eda1c@group-197856EE50CC->a9e5f8c8-f1d2-4256-bab8-e403c630398b(c0,m0,n9, attendVote=true, lastRpcSendTime=0, lastRpcResponseTime=45448) yet, just keep nextIndex unchanged and retry.
2020-12-22 13:11:44,767 [grpc-default-executor-3] WARN  server.GrpcLogAppender (LogUtils.java:warn(122)) - 968414a2-acfc-4d9a-a6c6-d5ffe78fa14c@group-B00BD356E557->a3d49688-b82f-4622-8b97-34b5ff2bfd95-AppendLogResponseHandler: Failed appendEntries: org.apache.ratis.thirdparty.io.grpc.StatusRuntimeException: UNAVAILABLE: io exception
2020-12-22 13:11:44,767 [grpc-default-executor-3] WARN  server.GrpcLogAppender (GrpcLogAppender.java:resetClient(107)) - 968414a2-acfc-4d9a-a6c6-d5ffe78fa14c@group-B00BD356E557->a3d49688-b82f-4622-8b97-34b5ff2bfd95-GrpcLogAppender: Leader has not got in touch with Follower 968414a2-acfc-4d9a-a6c6-d5ffe78fa14c@group-B00BD356E557->a3d49688-b82f-4622-8b97-34b5ff2bfd95(c0,m0,n1, attendVote=true, lastRpcSendTime=0, lastRpcResponseTime=1002) yet, just keep nextIndex unchanged and retry.
2020-12-22 13:11:44,834 [grpc-default-executor-3] WARN  server.GrpcLogAppender (LogUtils.java:warn(122)) - 968414a2-acfc-4d9a-a6c6-d5ffe78fa14c@group-B00BD356E557->1542794c-42be-495d-a942-8ab282cac6bd-AppendLogResponseHandler: Failed appendEntries: org.apache.ratis.thirdparty.io.grpc.StatusRuntimeException: UNAVAILABLE: io exception
2020-12-22 13:11:44,835 [grpc-default-executor-3] WARN  server.GrpcLogAppender (GrpcLogAppender.java:resetClient(107)) - 968414a2-acfc-4d9a-a6c6-d5ffe78fa14c@group-B00BD356E557->1542794c-42be-495d-a942-8ab282cac6bd-GrpcLogAppender: Leader has not got in touch with Follower 968414a2-acfc-4d9a-a6c6-d5ffe78fa14c@group-B00BD356E557->1542794c-42be-495d-a942-8ab282cac6bd(c0,m0,n1, attendVote=true, lastRpcSendTime=0, lastRpcResponseTime=6008) yet, just keep nextIndex unchanged and retry.
2020-12-22 13:11:44,876 [Datanode State Machine Thread - 0] INFO  statemachine.DatanodeStateMachine (DatanodeStateMachine.java:lambda$startDaemon$0(408)) - Ozone container server started.
2020-12-22 13:11:44,930 [grpc-default-executor-3] WARN  server.GrpcLogAppender (LogUtils.java:warn(122)) - cfc7b2a2-0619-4c85-8419-784b4b9eda1c@group-197856EE50CC->d23545be-7951-4ced-9e1c-af6ad8e842b2-AppendLogResponseHandler: Failed appendEntries: org.apache.ratis.thirdparty.io.grpc.StatusRuntimeException: UNAVAILABLE: io exception
2020-12-22 13:11:44,931 [grpc-default-executor-3] INFO  impl.FollowerInfo (FollowerInfo.java:lambda$new$0(51)) - cfc7b2a2-0619-4c85-8419-784b4b9eda1c@group-197856EE50CC->d23545be-7951-4ced-9e1c-af6ad8e842b2: nextIndex: updateUnconditionally 9 -> 8
2020-12-22 13:11:45,129 [Thread-326] WARN  impl.RaftServerImpl (LeaderState.java:checkLeadership(905)) - cfc7b2a2-0619-4c85-8419-784b4b9eda1c@group-197856EE50CC-LeaderState: Lost leadership on term: 1. Election timeout: 1200ms. In charge for: 58791ms. Conf: 0: [cfc7b2a2-0619-4c85-8419-784b4b9eda1c|rpc:172.17.0.2:40143|dataStream:, a9e5f8c8-f1d2-4256-bab8-e403c630398b|rpc:172.17.0.2:36741|dataStream:, d23545be-7951-4ced-9e1c-af6ad8e842b2|rpc:172.17.0.2:35453|dataStream:], old=null
2020-12-22 13:11:45,129 [Thread-326] WARN  impl.RaftServerImpl (LeaderState.java:lambda$checkLeadership$20(909)) - Follower cfc7b2a2-0619-4c85-8419-784b4b9eda1c@group-197856EE50CC->a9e5f8c8-f1d2-4256-bab8-e403c630398b(c0,m0,n9, attendVote=true, lastRpcSendTime=375, lastRpcResponseTime=45823)
2020-12-22 13:11:45,130 [Thread-326] WARN  impl.RaftServerImpl (LeaderState.java:lambda$checkLeadership$20(909)) - Follower cfc7b2a2-0619-4c85-8419-784b4b9eda1c@group-197856EE50CC->d23545be-7951-4ced-9e1c-af6ad8e842b2(c8,m8,n8, attendVote=true, lastRpcSendTime=199, lastRpcResponseTime=1352)
2020-12-22 13:11:45,130 [Thread-326] INFO  impl.RaftServerImpl (RaftServerImpl.java:setRole(204)) - cfc7b2a2-0619-4c85-8419-784b4b9eda1c@group-197856EE50CC: changes role from    LEADER to FOLLOWER at term 1 for StepDownReason:LOST_MAJORITY_HEARTBEATS
2020-12-22 13:11:45,130 [Thread-326] INFO  impl.RoleInfo (RoleInfo.java:shutdownLeaderState(104)) - cfc7b2a2-0619-4c85-8419-784b4b9eda1c: shutdown cfc7b2a2-0619-4c85-8419-784b4b9eda1c@group-197856EE50CC-LeaderState
2020-12-22 13:11:45,130 [Thread-326] INFO  metrics.RatisMetrics (RatisMetrics.java:unregister(43)) - Unregistering Metrics Registry : ratis_grpc.log_appender.cfc7b2a2-0619-4c85-8419-784b4b9eda1c@group-197856EE50CC
2020-12-22 13:11:45,130 [Thread-326] INFO  metrics.RatisMetrics (RatisMetrics.java:unregister(43)) - Unregistering Metrics Registry : ratis_grpc.log_appender.cfc7b2a2-0619-4c85-8419-784b4b9eda1c@group-197856EE50CC
2020-12-22 13:11:45,130 [org.apache.ratis.server.impl.LogAppender$AppenderDaemon$$Lambda$462/536690988@e0ba40e] WARN  server.GrpcLogAppender (GrpcLogAppender.java:mayWait(168)) - cfc7b2a2-0619-4c85-8419-784b4b9eda1c@group-197856EE50CC->a9e5f8c8-f1d2-4256-bab8-e403c630398b-GrpcLogAppender: Wait interrupted by java.lang.InterruptedException
2020-12-22 13:11:45,130 [Thread-326] INFO  impl.PendingRequests (PendingRequests.java:sendNotLeaderResponses(250)) - cfc7b2a2-0619-4c85-8419-784b4b9eda1c@group-197856EE50CC-PendingRequests: sendNotLeaderResponses
2020-12-22 13:11:45,130 [org.apache.ratis.server.impl.LogAppender$AppenderDaemon$$Lambda$462/536690988@28b46b73] WARN  server.GrpcLogAppender (GrpcLogAppender.java:mayWait(168)) - cfc7b2a2-0619-4c85-8419-784b4b9eda1c@group-197856EE50CC->d23545be-7951-4ced-9e1c-af6ad8e842b2-GrpcLogAppender: Wait interrupted by java.lang.InterruptedException
2020-12-22 13:11:45,131 [Thread-326] INFO  metrics.RatisMetrics (RatisMetrics.java:unregister(43)) - Unregistering Metrics Registry : ratis.log_appender.cfc7b2a2-0619-4c85-8419-784b4b9eda1c@group-197856EE50CC
2020-12-22 13:11:45,131 [Thread-326] INFO  metrics.RatisMetrics (RatisMetrics.java:unregister(43)) - Unregistering Metrics Registry : ratis.server.cfc7b2a2-0619-4c85-8419-784b4b9eda1c@group-197856EE50CC
2020-12-22 13:11:45,132 [Thread-326] INFO  impl.RoleInfo (RoleInfo.java:updateAndGet(143)) - cfc7b2a2-0619-4c85-8419-784b4b9eda1c: start cfc7b2a2-0619-4c85-8419-784b4b9eda1c@group-197856EE50CC-FollowerState
2020-12-22 13:11:45,235 [grpc-default-executor-3] WARN  server.GrpcLogAppender (LogUtils.java:warn(122)) - 0b95e776-5e46-4213-b3c0-ade9dce9a7dd@group-DA5D408C537E->9d743c2f-cc4c-4210-bd8b-cad00ce03aed-AppendLogResponseHandler: Failed appendEntries: org.apache.ratis.thirdparty.io.grpc.StatusRuntimeException: UNAVAILABLE: io exception
2020-12-22 13:11:45,236 [grpc-default-executor-3] WARN  server.GrpcLogAppender (GrpcLogAppender.java:resetClient(107)) - 0b95e776-5e46-4213-b3c0-ade9dce9a7dd@group-DA5D408C537E->9d743c2f-cc4c-4210-bd8b-cad00ce03aed-GrpcLogAppender: Leader has not got in touch with Follower 0b95e776-5e46-4213-b3c0-ade9dce9a7dd@group-DA5D408C537E->9d743c2f-cc4c-4210-bd8b-cad00ce03aed(c-1,m0,n3, attendVote=true, lastRpcSendTime=0, lastRpcResponseTime=6224) yet, just keep nextIndex unchanged and retry.
2020-12-22 13:11:45,268 [grpc-default-executor-3] WARN  server.GrpcLogAppender (LogUtils.java:warn(122)) - 968414a2-acfc-4d9a-a6c6-d5ffe78fa14c@group-B00BD356E557->a3d49688-b82f-4622-8b97-34b5ff2bfd95-AppendLogResponseHandler: Failed appendEntries: org.apache.ratis.thirdparty.io.grpc.StatusRuntimeException: UNAVAILABLE: io exception
2020-12-22 13:11:45,268 [grpc-default-executor-3] WARN  server.GrpcLogAppender (GrpcLogAppender.java:resetClient(107)) - 968414a2-acfc-4d9a-a6c6-d5ffe78fa14c@group-B00BD356E557->a3d49688-b82f-4622-8b97-34b5ff2bfd95-GrpcLogAppender: Leader has not got in touch with Follower 968414a2-acfc-4d9a-a6c6-d5ffe78fa14c@group-B00BD356E557->a3d49688-b82f-4622-8b97-34b5ff2bfd95(c0,m0,n1, attendVote=true, lastRpcSendTime=0, lastRpcResponseTime=1503) yet, just keep nextIndex unchanged and retry.
2020-12-22 13:11:45,335 [grpc-default-executor-3] WARN  server.GrpcLogAppender (LogUtils.java:warn(122)) - 968414a2-acfc-4d9a-a6c6-d5ffe78fa14c@group-B00BD356E557->1542794c-42be-495d-a942-8ab282cac6bd-AppendLogResponseHandler: Failed appendEntries: org.apache.ratis.thirdparty.io.grpc.StatusRuntimeException: UNAVAILABLE: io exception
2020-12-22 13:11:45,336 [grpc-default-executor-3] WARN  server.GrpcLogAppender (GrpcLogAppender.java:resetClient(107)) - 968414a2-acfc-4d9a-a6c6-d5ffe78fa14c@group-B00BD356E557->1542794c-42be-495d-a942-8ab282cac6bd-GrpcLogAppender: Leader has not got in touch with Follower 968414a2-acfc-4d9a-a6c6-d5ffe78fa14c@group-B00BD356E557->1542794c-42be-495d-a942-8ab282cac6bd(c0,m0,n1, attendVote=true, lastRpcSendTime=0, lastRpcResponseTime=6509) yet, just keep nextIndex unchanged and retry.
2020-12-22 13:11:45,735 [grpc-default-executor-3] WARN  server.GrpcLogAppender (LogUtils.java:warn(122)) - 0b95e776-5e46-4213-b3c0-ade9dce9a7dd@group-DA5D408C537E->9d743c2f-cc4c-4210-bd8b-cad00ce03aed-AppendLogResponseHandler: Failed appendEntries: org.apache.ratis.thirdparty.io.grpc.StatusRuntimeException: UNAVAILABLE: io exception
2020-12-22 13:11:45,736 [grpc-default-executor-3] WARN  server.GrpcLogAppender (GrpcLogAppender.java:resetClient(107)) - 0b95e776-5e46-4213-b3c0-ade9dce9a7dd@group-DA5D408C537E->9d743c2f-cc4c-4210-bd8b-cad00ce03aed-GrpcLogAppender: Leader has not got in touch with Follower 0b95e776-5e46-4213-b3c0-ade9dce9a7dd@group-DA5D408C537E->9d743c2f-cc4c-4210-bd8b-cad00ce03aed(c-1,m0,n3, attendVote=true, lastRpcSendTime=0, lastRpcResponseTime=6724) yet, just keep nextIndex unchanged and retry.
2020-12-22 13:11:45,769 [grpc-default-executor-3] WARN  server.GrpcLogAppender (LogUtils.java:warn(122)) - 968414a2-acfc-4d9a-a6c6-d5ffe78fa14c@group-B00BD356E557->a3d49688-b82f-4622-8b97-34b5ff2bfd95-AppendLogResponseHandler: Failed appendEntries: org.apache.ratis.thirdparty.io.grpc.StatusRuntimeException: UNAVAILABLE: io exception
2020-12-22 13:11:45,769 [grpc-default-executor-3] WARN  server.GrpcLogAppender (GrpcLogAppender.java:resetClient(107)) - 968414a2-acfc-4d9a-a6c6-d5ffe78fa14c@group-B00BD356E557->a3d49688-b82f-4622-8b97-34b5ff2bfd95-GrpcLogAppender: Leader has not got in touch with Follower 968414a2-acfc-4d9a-a6c6-d5ffe78fa14c@group-B00BD356E557->a3d49688-b82f-4622-8b97-34b5ff2bfd95(c0,m0,n1, attendVote=true, lastRpcSendTime=0, lastRpcResponseTime=2004) yet, just keep nextIndex unchanged and retry.
2020-12-22 13:11:45,836 [grpc-default-executor-3] WARN  server.GrpcLogAppender (LogUtils.java:warn(122)) - 968414a2-acfc-4d9a-a6c6-d5ffe78fa14c@group-B00BD356E557->1542794c-42be-495d-a942-8ab282cac6bd-AppendLogResponseHandler: Failed appendEntries: org.apache.ratis.thirdparty.io.grpc.StatusRuntimeException: UNAVAILABLE: io exception
2020-12-22 13:11:45,836 [grpc-default-executor-3] WARN  server.GrpcLogAppender (GrpcLogAppender.java:resetClient(107)) - 968414a2-acfc-4d9a-a6c6-d5ffe78fa14c@group-B00BD356E557->1542794c-42be-495d-a942-8ab282cac6bd-GrpcLogAppender: Leader has not got in touch with Follower 968414a2-acfc-4d9a-a6c6-d5ffe78fa14c@group-B00BD356E557->1542794c-42be-495d-a942-8ab282cac6bd(c0,m0,n1, attendVote=true, lastRpcSendTime=0, lastRpcResponseTime=7009) yet, just keep nextIndex unchanged and retry.
2020-12-22 13:11:46,063 [Thread-417] WARN  impl.RaftServerImpl (LeaderState.java:checkLeadership(905)) - 968414a2-acfc-4d9a-a6c6-d5ffe78fa14c@group-B00BD356E557-LeaderState: Lost leadership on term: 1. Election timeout: 1200ms. In charge for: 57693ms. Conf: 0: [968414a2-acfc-4d9a-a6c6-d5ffe78fa14c|rpc:172.17.0.2:37869|dataStream:, 1542794c-42be-495d-a942-8ab282cac6bd|rpc:172.17.0.2:43871|dataStream:, a3d49688-b82f-4622-8b97-34b5ff2bfd95|rpc:172.17.0.2:41743|dataStream:], old=null
2020-12-22 13:11:46,063 [Thread-417] WARN  impl.RaftServerImpl (LeaderState.java:lambda$checkLeadership$20(909)) - Follower 968414a2-acfc-4d9a-a6c6-d5ffe78fa14c@group-B00BD356E557->1542794c-42be-495d-a942-8ab282cac6bd(c0,m0,n1, attendVote=true, lastRpcSendTime=227, lastRpcResponseTime=7236)
2020-12-22 13:11:46,063 [Thread-417] WARN  impl.RaftServerImpl (LeaderState.java:lambda$checkLeadership$20(909)) - Follower 968414a2-acfc-4d9a-a6c6-d5ffe78fa14c@group-B00BD356E557->a3d49688-b82f-4622-8b97-34b5ff2bfd95(c0,m0,n1, attendVote=true, lastRpcSendTime=294, lastRpcResponseTime=2298)
2020-12-22 13:11:46,063 [Thread-417] INFO  impl.RaftServerImpl (RaftServerImpl.java:setRole(204)) - 968414a2-acfc-4d9a-a6c6-d5ffe78fa14c@group-B00BD356E557: changes role from    LEADER to FOLLOWER at term 1 for StepDownReason:LOST_MAJORITY_HEARTBEATS
2020-12-22 13:11:46,063 [Thread-417] INFO  impl.RoleInfo (RoleInfo.java:shutdownLeaderState(104)) - 968414a2-acfc-4d9a-a6c6-d5ffe78fa14c: shutdown 968414a2-acfc-4d9a-a6c6-d5ffe78fa14c@group-B00BD356E557-LeaderState
2020-12-22 13:11:46,064 [Thread-417] INFO  metrics.RatisMetrics (RatisMetrics.java:unregister(43)) - Unregistering Metrics Registry : ratis_grpc.log_appender.968414a2-acfc-4d9a-a6c6-d5ffe78fa14c@group-B00BD356E557
2020-12-22 13:11:46,064 [Thread-417] INFO  metrics.RatisMetrics (RatisMetrics.java:unregister(43)) - Unregistering Metrics Registry : ratis_grpc.log_appender.968414a2-acfc-4d9a-a6c6-d5ffe78fa14c@group-B00BD356E557
2020-12-22 13:11:46,064 [org.apache.ratis.server.impl.LogAppender$AppenderDaemon$$Lambda$462/536690988@6cf67b8d] WARN  server.GrpcLogAppender (GrpcLogAppender.java:mayWait(168)) - 968414a2-acfc-4d9a-a6c6-d5ffe78fa14c@group-B00BD356E557->1542794c-42be-495d-a942-8ab282cac6bd-GrpcLogAppender: Wait interrupted by java.lang.InterruptedException
2020-12-22 13:11:46,064 [Thread-417] INFO  impl.PendingRequests (PendingRequests.java:sendNotLeaderResponses(250)) - 968414a2-acfc-4d9a-a6c6-d5ffe78fa14c@group-B00BD356E557-PendingRequests: sendNotLeaderResponses
2020-12-22 13:11:46,064 [Thread-417] INFO  metrics.RatisMetrics (RatisMetrics.java:unregister(43)) - Unregistering Metrics Registry : ratis.log_appender.968414a2-acfc-4d9a-a6c6-d5ffe78fa14c@group-B00BD356E557
2020-12-22 13:11:46,064 [Thread-417] INFO  metrics.RatisMetrics (RatisMetrics.java:unregister(43)) - Unregistering Metrics Registry : ratis.server.968414a2-acfc-4d9a-a6c6-d5ffe78fa14c@group-B00BD356E557
2020-12-22 13:11:46,064 [Thread-417] INFO  impl.RoleInfo (RoleInfo.java:updateAndGet(143)) - 968414a2-acfc-4d9a-a6c6-d5ffe78fa14c: start 968414a2-acfc-4d9a-a6c6-d5ffe78fa14c@group-B00BD356E557-FollowerState
2020-12-22 13:11:46,065 [org.apache.ratis.server.impl.LogAppender$AppenderDaemon$$Lambda$462/536690988@456a3901] WARN  server.GrpcLogAppender (GrpcLogAppender.java:mayWait(168)) - 968414a2-acfc-4d9a-a6c6-d5ffe78fa14c@group-B00BD356E557->a3d49688-b82f-4622-8b97-34b5ff2bfd95-GrpcLogAppender: Wait interrupted by java.lang.InterruptedException
2020-12-22 13:11:46,225 [Thread-1199] INFO  impl.FollowerState (FollowerState.java:lostMajorityHeartbeatsRecently(105)) - cfc7b2a2-0619-4c85-8419-784b4b9eda1c@group-197856EE50CC-FollowerState: Skipping leader election since it stepped down recently (elapsed = 1092ms < waitTime = 10s)
2020-12-22 13:11:46,237 [grpc-default-executor-3] WARN  server.GrpcLogAppender (LogUtils.java:warn(122)) - 0b95e776-5e46-4213-b3c0-ade9dce9a7dd@group-DA5D408C537E->9d743c2f-cc4c-4210-bd8b-cad00ce03aed-AppendLogResponseHandler: Failed appendEntries: org.apache.ratis.thirdparty.io.grpc.StatusRuntimeException: UNAVAILABLE: io exception
2020-12-22 13:11:46,237 [grpc-default-executor-3] WARN  server.GrpcLogAppender (GrpcLogAppender.java:resetClient(107)) - 0b95e776-5e46-4213-b3c0-ade9dce9a7dd@group-DA5D408C537E->9d743c2f-cc4c-4210-bd8b-cad00ce03aed-GrpcLogAppender: Leader has not got in touch with Follower 0b95e776-5e46-4213-b3c0-ade9dce9a7dd@group-DA5D408C537E->9d743c2f-cc4c-4210-bd8b-cad00ce03aed(c-1,m0,n3, attendVote=true, lastRpcSendTime=0, lastRpcResponseTime=7225) yet, just keep nextIndex unchanged and retry.
2020-12-22 13:11:46,738 [grpc-default-executor-3] WARN  server.GrpcLogAppender (LogUtils.java:warn(122)) - 0b95e776-5e46-4213-b3c0-ade9dce9a7dd@group-DA5D408C537E->9d743c2f-cc4c-4210-bd8b-cad00ce03aed-AppendLogResponseHandler: Failed appendEntries: org.apache.ratis.thirdparty.io.grpc.StatusRuntimeException: UNAVAILABLE: io exception
2020-12-22 13:11:46,738 [grpc-default-executor-3] WARN  server.GrpcLogAppender (GrpcLogAppender.java:resetClient(107)) - 0b95e776-5e46-4213-b3c0-ade9dce9a7dd@group-DA5D408C537E->9d743c2f-cc4c-4210-bd8b-cad00ce03aed-GrpcLogAppender: Leader has not got in touch with Follower 0b95e776-5e46-4213-b3c0-ade9dce9a7dd@group-DA5D408C537E->9d743c2f-cc4c-4210-bd8b-cad00ce03aed(c-1,m0,n3, attendVote=true, lastRpcSendTime=0, lastRpcResponseTime=7726) yet, just keep nextIndex unchanged and retry.
2020-12-22 13:11:47,126 [Thread-1202] INFO  impl.FollowerState (FollowerState.java:lostMajorityHeartbeatsRecently(105)) - 968414a2-acfc-4d9a-a6c6-d5ffe78fa14c@group-B00BD356E557-FollowerState: Skipping leader election since it stepped down recently (elapsed = 1061ms < waitTime = 10s)
2020-12-22 13:11:47,238 [grpc-default-executor-3] WARN  server.GrpcLogAppender (LogUtils.java:warn(122)) - 0b95e776-5e46-4213-b3c0-ade9dce9a7dd@group-DA5D408C537E->9d743c2f-cc4c-4210-bd8b-cad00ce03aed-AppendLogResponseHandler: Failed appendEntries: org.apache.ratis.thirdparty.io.grpc.StatusRuntimeException: UNAVAILABLE: io exception
2020-12-22 13:11:47,239 [grpc-default-executor-3] WARN  server.GrpcLogAppender (GrpcLogAppender.java:resetClient(107)) - 0b95e776-5e46-4213-b3c0-ade9dce9a7dd@group-DA5D408C537E->9d743c2f-cc4c-4210-bd8b-cad00ce03aed-GrpcLogAppender: Leader has not got in touch with Follower 0b95e776-5e46-4213-b3c0-ade9dce9a7dd@group-DA5D408C537E->9d743c2f-cc4c-4210-bd8b-cad00ce03aed(c-1,m0,n3, attendVote=true, lastRpcSendTime=0, lastRpcResponseTime=8226) yet, just keep nextIndex unchanged and retry.
2020-12-22 13:11:47,398 [Thread-1199] INFO  impl.FollowerState (FollowerState.java:lostMajorityHeartbeatsRecently(105)) - cfc7b2a2-0619-4c85-8419-784b4b9eda1c@group-197856EE50CC-FollowerState: Skipping leader election since it stepped down recently (elapsed = 2266ms < waitTime = 10s)
2020-12-22 13:11:47,739 [grpc-default-executor-3] WARN  server.GrpcLogAppender (LogUtils.java:warn(122)) - 0b95e776-5e46-4213-b3c0-ade9dce9a7dd@group-DA5D408C537E->9d743c2f-cc4c-4210-bd8b-cad00ce03aed-AppendLogResponseHandler: Failed appendEntries: org.apache.ratis.thirdparty.io.grpc.StatusRuntimeException: UNAVAILABLE: io exception
2020-12-22 13:11:47,740 [grpc-default-executor-3] WARN  server.GrpcLogAppender (GrpcLogAppender.java:resetClient(107)) - 0b95e776-5e46-4213-b3c0-ade9dce9a7dd@group-DA5D408C537E->9d743c2f-cc4c-4210-bd8b-cad00ce03aed-GrpcLogAppender: Leader has not got in touch with Follower 0b95e776-5e46-4213-b3c0-ade9dce9a7dd@group-DA5D408C537E->9d743c2f-cc4c-4210-bd8b-cad00ce03aed(c-1,m0,n3, attendVote=true, lastRpcSendTime=0, lastRpcResponseTime=8727) yet, just keep nextIndex unchanged and retry.
2020-12-22 13:11:48,239 [grpc-default-executor-3] WARN  server.GrpcLogAppender (LogUtils.java:warn(122)) - 0b95e776-5e46-4213-b3c0-ade9dce9a7dd@group-DA5D408C537E->9d743c2f-cc4c-4210-bd8b-cad00ce03aed-AppendLogResponseHandler: Failed appendEntries: org.apache.ratis.thirdparty.io.grpc.StatusRuntimeException: UNAVAILABLE: io exception
2020-12-22 13:11:48,240 [grpc-default-executor-3] WARN  server.GrpcLogAppender (GrpcLogAppender.java:resetClient(107)) - 0b95e776-5e46-4213-b3c0-ade9dce9a7dd@group-DA5D408C537E->9d743c2f-cc4c-4210-bd8b-cad00ce03aed-GrpcLogAppender: Leader has not got in touch with Follower 0b95e776-5e46-4213-b3c0-ade9dce9a7dd@group-DA5D408C537E->9d743c2f-cc4c-4210-bd8b-cad00ce03aed(c-1,m0,n3, attendVote=true, lastRpcSendTime=0, lastRpcResponseTime=9228) yet, just keep nextIndex unchanged and retry.
2020-12-22 13:11:48,251 [Thread-1202] INFO  impl.FollowerState (FollowerState.java:lostMajorityHeartbeatsRecently(105)) - 968414a2-acfc-4d9a-a6c6-d5ffe78fa14c@group-B00BD356E557-FollowerState: Skipping leader election since it stepped down recently (elapsed = 2186ms < waitTime = 10s)
2020-12-22 13:11:48,574 [Thread-1199] INFO  impl.FollowerState (FollowerState.java:lostMajorityHeartbeatsRecently(105)) - cfc7b2a2-0619-4c85-8419-784b4b9eda1c@group-197856EE50CC-FollowerState: Skipping leader election since it stepped down recently (elapsed = 3442ms < waitTime = 10s)
2020-12-22 13:11:48,740 [grpc-default-executor-3] WARN  server.GrpcLogAppender (LogUtils.java:warn(122)) - 0b95e776-5e46-4213-b3c0-ade9dce9a7dd@group-DA5D408C537E->9d743c2f-cc4c-4210-bd8b-cad00ce03aed-AppendLogResponseHandler: Failed appendEntries: org.apache.ratis.thirdparty.io.grpc.StatusRuntimeException: UNAVAILABLE: io exception
2020-12-22 13:11:48,741 [grpc-default-executor-3] WARN  server.GrpcLogAppender (GrpcLogAppender.java:resetClient(107)) - 0b95e776-5e46-4213-b3c0-ade9dce9a7dd@group-DA5D408C537E->9d743c2f-cc4c-4210-bd8b-cad00ce03aed-GrpcLogAppender: Leader has not got in touch with Follower 0b95e776-5e46-4213-b3c0-ade9dce9a7dd@group-DA5D408C537E->9d743c2f-cc4c-4210-bd8b-cad00ce03aed(c-1,m0,n3, attendVote=true, lastRpcSendTime=0, lastRpcResponseTime=9729) yet, just keep nextIndex unchanged and retry.
2020-12-22 13:11:48,962 [Listener at 127.0.0.1/34251] INFO  ozoneimpl.OzoneContainer (OzoneContainer.java:stop(257)) - Attempting to stop container services.
2020-12-22 13:11:48,962 [Listener at 127.0.0.1/34251] INFO  impl.RaftServerProxy (RaftServerProxy.java:lambda$close$4(338)) - 3b8ab88f-c5e9-42ae-b9d6-c186578cc1d3: close
2020-12-22 13:11:48,962 [Listener at 127.0.0.1/34251] INFO  impl.RaftServerImpl (RaftServerImpl.java:lambda$shutdown$3(328)) - 3b8ab88f-c5e9-42ae-b9d6-c186578cc1d3@group-DA5D408C537E: shutdown
2020-12-22 13:11:48,962 [Listener at 127.0.0.1/34251] INFO  util.JmxRegister (JmxRegister.java:unregister(73)) - Successfully un-registered JMX Bean with object name Ratis:service=RaftServer,group=group-DA5D408C537E,id=3b8ab88f-c5e9-42ae-b9d6-c186578cc1d3
2020-12-22 13:11:48,962 [Listener at 127.0.0.1/34251] INFO  impl.RoleInfo (RoleInfo.java:shutdownFollowerState(121)) - 3b8ab88f-c5e9-42ae-b9d6-c186578cc1d3: shutdown 3b8ab88f-c5e9-42ae-b9d6-c186578cc1d3@group-DA5D408C537E-FollowerState
2020-12-22 13:11:48,963 [Listener at 127.0.0.1/34251] INFO  impl.StateMachineUpdater (StateMachineUpdater.java:stopAndJoin(147)) - 3b8ab88f-c5e9-42ae-b9d6-c186578cc1d3@group-DA5D408C537E-StateMachineUpdater: set stopIndex = 2
2020-12-22 13:11:48,963 [3b8ab88f-c5e9-42ae-b9d6-c186578cc1d3@group-DA5D408C537E-StateMachineUpdater] INFO  ratis.ContainerStateMachine (ContainerStateMachine.java:takeSnapshot(293)) - group-DA5D408C537E: Taking a snapshot at:(t:2, i:2) file /github/workspace/mnt/ozone/hadoop-ozone/integration-test/target/test-dir/MiniOzoneClusterImpl-0c7722d3-6e51-44b5-a6be-ee21012bb99e/datanode-8/data/ratis/9e6701bb-3dba-4d25-a765-da5d408c537e/sm/snapshot.2_2
2020-12-22 13:11:48,963 [Thread-1151] INFO  impl.FollowerState (FollowerState.java:run(137)) - 3b8ab88f-c5e9-42ae-b9d6-c186578cc1d3@group-DA5D408C537E-FollowerState was interrupted: {}
java.lang.InterruptedException: sleep interrupted
	at java.lang.Thread.sleep(Native Method)
	at org.apache.ratis.util.JavaUtils.sleep(JavaUtils.java:250)
	at org.apache.ratis.server.impl.FollowerState.run(FollowerState.java:116)
2020-12-22 13:11:48,964 [3b8ab88f-c5e9-42ae-b9d6-c186578cc1d3@group-DA5D408C537E-StateMachineUpdater] INFO  ratis.ContainerStateMachine (ContainerStateMachine.java:takeSnapshot(304)) - group-DA5D408C537E: Finished taking a snapshot at:(t:2, i:2) file:/github/workspace/mnt/ozone/hadoop-ozone/integration-test/target/test-dir/MiniOzoneClusterImpl-0c7722d3-6e51-44b5-a6be-ee21012bb99e/datanode-8/data/ratis/9e6701bb-3dba-4d25-a765-da5d408c537e/sm/snapshot.2_2 time:1
2020-12-22 13:11:48,964 [3b8ab88f-c5e9-42ae-b9d6-c186578cc1d3@group-DA5D408C537E-StateMachineUpdater] INFO  impl.StateMachineUpdater (StateMachineUpdater.java:takeSnapshot(278)) - 3b8ab88f-c5e9-42ae-b9d6-c186578cc1d3@group-DA5D408C537E-StateMachineUpdater: Took a snapshot at index 2
2020-12-22 13:11:48,965 [3b8ab88f-c5e9-42ae-b9d6-c186578cc1d3@group-DA5D408C537E-StateMachineUpdater] INFO  impl.StateMachineUpdater (StateMachineUpdater.java:lambda$new$0(87)) - 3b8ab88f-c5e9-42ae-b9d6-c186578cc1d3@group-DA5D408C537E-StateMachineUpdater: snapshotIndex: updateIncreasingly -1 -> 2
2020-12-22 13:11:48,965 [3b8ab88f-c5e9-42ae-b9d6-c186578cc1d3@group-DA5D408C537E-StateMachineUpdater] INFO  metrics.RatisMetrics (RatisMetrics.java:unregister(43)) - Unregistering Metrics Registry : ratis.state_machine.3b8ab88f-c5e9-42ae-b9d6-c186578cc1d3@group-DA5D408C537E
2020-12-22 13:11:48,965 [Listener at 127.0.0.1/34251] INFO  impl.RaftServerImpl (ServerState.java:close(406)) - 3b8ab88f-c5e9-42ae-b9d6-c186578cc1d3@group-DA5D408C537E: closes. applyIndex: 2
2020-12-22 13:11:48,965 [3b8ab88f-c5e9-42ae-b9d6-c186578cc1d3@group-DA5D408C537E-SegmentedRaftLogWorker] INFO  segmented.SegmentedRaftLogWorker (SegmentedRaftLogWorker.java:run(329)) - 3b8ab88f-c5e9-42ae-b9d6-c186578cc1d3@group-DA5D408C537E-SegmentedRaftLogWorker was interrupted, exiting. There are 0 tasks remaining in the queue.
2020-12-22 13:11:48,965 [Listener at 127.0.0.1/34251] INFO  segmented.SegmentedRaftLogWorker (SegmentedRaftLogWorker.java:close(235)) - 3b8ab88f-c5e9-42ae-b9d6-c186578cc1d3@group-DA5D408C537E-SegmentedRaftLogWorker close()
2020-12-22 13:11:48,966 [Listener at 127.0.0.1/34251] INFO  metrics.RatisMetrics (RatisMetrics.java:unregister(43)) - Unregistering Metrics Registry : ratis.log_worker.3b8ab88f-c5e9-42ae-b9d6-c186578cc1d3@group-DA5D408C537E
2020-12-22 13:11:48,966 [Listener at 127.0.0.1/34251] INFO  metrics.RatisMetrics (RatisMetrics.java:unregister(43)) - Unregistering Metrics Registry : ratis.leader_election.3b8ab88f-c5e9-42ae-b9d6-c186578cc1d3@group-DA5D408C537E
2020-12-22 13:11:48,967 [Listener at 127.0.0.1/34251] INFO  metrics.RatisMetrics (RatisMetrics.java:unregister(43)) - Unregistering Metrics Registry : ratis.server.3b8ab88f-c5e9-42ae-b9d6-c186578cc1d3@group-DA5D408C537E
2020-12-22 13:11:48,967 [Listener at 127.0.0.1/34251] INFO  impl.RaftServerImpl (RaftServerImpl.java:lambda$shutdown$3(328)) - 3b8ab88f-c5e9-42ae-b9d6-c186578cc1d3@group-574B8719C184: shutdown
2020-12-22 13:11:48,967 [Listener at 127.0.0.1/34251] INFO  util.JmxRegister (JmxRegister.java:unregister(73)) - Successfully un-registered JMX Bean with object name Ratis:service=RaftServer,group=group-574B8719C184,id=3b8ab88f-c5e9-42ae-b9d6-c186578cc1d3
2020-12-22 13:11:48,967 [Listener at 127.0.0.1/34251] INFO  impl.RoleInfo (RoleInfo.java:shutdownLeaderState(104)) - 3b8ab88f-c5e9-42ae-b9d6-c186578cc1d3: shutdown 3b8ab88f-c5e9-42ae-b9d6-c186578cc1d3@group-574B8719C184-LeaderState
2020-12-22 13:11:48,967 [Listener at 127.0.0.1/34251] INFO  impl.PendingRequests (PendingRequests.java:sendNotLeaderResponses(250)) - 3b8ab88f-c5e9-42ae-b9d6-c186578cc1d3@group-574B8719C184-PendingRequests: sendNotLeaderResponses
2020-12-22 13:11:48,967 [Listener at 127.0.0.1/34251] INFO  metrics.RatisMetrics (RatisMetrics.java:unregister(43)) - Unregistering Metrics Registry : ratis.log_appender.3b8ab88f-c5e9-42ae-b9d6-c186578cc1d3@group-574B8719C184
2020-12-22 13:11:48,968 [Listener at 127.0.0.1/34251] INFO  metrics.RatisMetrics (RatisMetrics.java:unregister(43)) - Unregistering Metrics Registry : ratis.server.3b8ab88f-c5e9-42ae-b9d6-c186578cc1d3@group-574B8719C184
2020-12-22 13:11:48,968 [3b8ab88f-c5e9-42ae-b9d6-c186578cc1d3@group-574B8719C184-StateMachineUpdater] INFO  ratis.ContainerStateMachine (ContainerStateMachine.java:takeSnapshot(293)) - group-574B8719C184: Taking a snapshot at:(t:1, i:0) file /github/workspace/mnt/ozone/hadoop-ozone/integration-test/target/test-dir/MiniOzoneClusterImpl-0c7722d3-6e51-44b5-a6be-ee21012bb99e/datanode-8/data/ratis/1cd0c98e-b009-437c-a106-574b8719c184/sm/snapshot.1_0
2020-12-22 13:11:48,968 [Listener at 127.0.0.1/34251] INFO  impl.StateMachineUpdater (StateMachineUpdater.java:stopAndJoin(147)) - 3b8ab88f-c5e9-42ae-b9d6-c186578cc1d3@group-574B8719C184-StateMachineUpdater: set stopIndex = 0
2020-12-22 13:11:48,969 [ForkJoinPool.commonPool-worker-1] INFO  ozoneimpl.OzoneContainer (OzoneContainer.java:stop(257)) - Attempting to stop container services.
2020-12-22 13:11:48,969 [ForkJoinPool.commonPool-worker-1] INFO  impl.RaftServerProxy (RaftServerProxy.java:lambda$close$4(338)) - cfc7b2a2-0619-4c85-8419-784b4b9eda1c: close
2020-12-22 13:11:48,969 [3b8ab88f-c5e9-42ae-b9d6-c186578cc1d3@group-574B8719C184-StateMachineUpdater] INFO  ratis.ContainerStateMachine (ContainerStateMachine.java:takeSnapshot(304)) - group-574B8719C184: Finished taking a snapshot at:(t:1, i:0) file:/github/workspace/mnt/ozone/hadoop-ozone/integration-test/target/test-dir/MiniOzoneClusterImpl-0c7722d3-6e51-44b5-a6be-ee21012bb99e/datanode-8/data/ratis/1cd0c98e-b009-437c-a106-574b8719c184/sm/snapshot.1_0 time:1
2020-12-22 13:11:48,969 [ForkJoinPool.commonPool-worker-1] INFO  impl.RaftServerImpl (RaftServerImpl.java:lambda$shutdown$3(328)) - cfc7b2a2-0619-4c85-8419-784b4b9eda1c@group-197856EE50CC: shutdown
2020-12-22 13:11:48,969 [3b8ab88f-c5e9-42ae-b9d6-c186578cc1d3@group-574B8719C184-StateMachineUpdater] INFO  impl.StateMachineUpdater (StateMachineUpdater.java:takeSnapshot(278)) - 3b8ab88f-c5e9-42ae-b9d6-c186578cc1d3@group-574B8719C184-StateMachineUpdater: Took a snapshot at index 0
2020-12-22 13:11:48,969 [ForkJoinPool.commonPool-worker-1] INFO  util.JmxRegister (JmxRegister.java:unregister(73)) - Successfully un-registered JMX Bean with object name Ratis:service=RaftServer,group=group-197856EE50CC,id=cfc7b2a2-0619-4c85-8419-784b4b9eda1c
2020-12-22 13:11:48,970 [ForkJoinPool.commonPool-worker-1] INFO  impl.RoleInfo (RoleInfo.java:shutdownFollowerState(121)) - cfc7b2a2-0619-4c85-8419-784b4b9eda1c: shutdown cfc7b2a2-0619-4c85-8419-784b4b9eda1c@group-197856EE50CC-FollowerState
2020-12-22 13:11:48,969 [3b8ab88f-c5e9-42ae-b9d6-c186578cc1d3@group-574B8719C184-StateMachineUpdater] INFO  impl.StateMachineUpdater (StateMachineUpdater.java:lambda$new$0(87)) - 3b8ab88f-c5e9-42ae-b9d6-c186578cc1d3@group-574B8719C184-StateMachineUpdater: snapshotIndex: updateIncreasingly -1 -> 0
2020-12-22 13:11:48,970 [3b8ab88f-c5e9-42ae-b9d6-c186578cc1d3@group-574B8719C184-StateMachineUpdater] INFO  metrics.RatisMetrics (RatisMetrics.java:unregister(43)) - Unregistering Metrics Registry : ratis.state_machine.3b8ab88f-c5e9-42ae-b9d6-c186578cc1d3@group-574B8719C184
2020-12-22 13:11:48,970 [Thread-1199] INFO  impl.FollowerState (FollowerState.java:run(137)) - cfc7b2a2-0619-4c85-8419-784b4b9eda1c@group-197856EE50CC-FollowerState was interrupted: {}
java.lang.InterruptedException: sleep interrupted
	at java.lang.Thread.sleep(Native Method)
	at org.apache.ratis.util.JavaUtils.sleep(JavaUtils.java:250)
	at org.apache.ratis.server.impl.FollowerState.run(FollowerState.java:116)
2020-12-22 13:11:48,970 [Listener at 127.0.0.1/34251] INFO  impl.RaftServerImpl (ServerState.java:close(406)) - 3b8ab88f-c5e9-42ae-b9d6-c186578cc1d3@group-574B8719C184: closes. applyIndex: 0
2020-12-22 13:11:48,971 [cfc7b2a2-0619-4c85-8419-784b4b9eda1c@group-197856EE50CC-StateMachineUpdater] INFO  ratis.ContainerStateMachine (ContainerStateMachine.java:takeSnapshot(293)) - group-197856EE50CC: Taking a snapshot at:(t:1, i:8) file /github/workspace/mnt/ozone/hadoop-ozone/integration-test/target/test-dir/MiniOzoneClusterImpl-0c7722d3-6e51-44b5-a6be-ee21012bb99e/datanode-1/data/ratis/b3d46aca-819d-4a28-9022-197856ee50cc/sm/snapshot.1_8
2020-12-22 13:11:48,971 [3b8ab88f-c5e9-42ae-b9d6-c186578cc1d3@group-574B8719C184-SegmentedRaftLogWorker] INFO  segmented.SegmentedRaftLogWorker (SegmentedRaftLogWorker.java:run(329)) - 3b8ab88f-c5e9-42ae-b9d6-c186578cc1d3@group-574B8719C184-SegmentedRaftLogWorker was interrupted, exiting. There are 0 tasks remaining in the queue.
2020-12-22 13:11:48,970 [ForkJoinPool.commonPool-worker-1] INFO  impl.StateMachineUpdater (StateMachineUpdater.java:stopAndJoin(147)) - cfc7b2a2-0619-4c85-8419-784b4b9eda1c@group-197856EE50CC-StateMachineUpdater: set stopIndex = 8
2020-12-22 13:11:48,972 [Listener at 127.0.0.1/34251] INFO  segmented.SegmentedRaftLogWorker (SegmentedRaftLogWorker.java:close(235)) - 3b8ab88f-c5e9-42ae-b9d6-c186578cc1d3@group-574B8719C184-SegmentedRaftLogWorker close()
2020-12-22 13:11:48,973 [cfc7b2a2-0619-4c85-8419-784b4b9eda1c@group-197856EE50CC-StateMachineUpdater] INFO  ratis.ContainerStateMachine (ContainerStateMachine.java:takeSnapshot(304)) - group-197856EE50CC: Finished taking a snapshot at:(t:1, i:8) file:/github/workspace/mnt/ozone/hadoop-ozone/integration-test/target/test-dir/MiniOzoneClusterImpl-0c7722d3-6e51-44b5-a6be-ee21012bb99e/datanode-1/data/ratis/b3d46aca-819d-4a28-9022-197856ee50cc/sm/snapshot.1_8 time:2
2020-12-22 13:11:48,973 [cfc7b2a2-0619-4c85-8419-784b4b9eda1c@group-197856EE50CC-StateMachineUpdater] INFO  impl.StateMachineUpdater (StateMachineUpdater.java:takeSnapshot(278)) - cfc7b2a2-0619-4c85-8419-784b4b9eda1c@group-197856EE50CC-StateMachineUpdater: Took a snapshot at index 8
2020-12-22 13:11:48,973 [cfc7b2a2-0619-4c85-8419-784b4b9eda1c@group-197856EE50CC-StateMachineUpdater] INFO  impl.StateMachineUpdater (StateMachineUpdater.java:lambda$new$0(87)) - cfc7b2a2-0619-4c85-8419-784b4b9eda1c@group-197856EE50CC-StateMachineUpdater: snapshotIndex: updateIncreasingly -1 -> 8
2020-12-22 13:11:48,973 [cfc7b2a2-0619-4c85-8419-784b4b9eda1c@group-197856EE50CC-StateMachineUpdater] INFO  metrics.RatisMetrics (RatisMetrics.java:unregister(43)) - Unregistering Metrics Registry : ratis.state_machine.cfc7b2a2-0619-4c85-8419-784b4b9eda1c@group-197856EE50CC
2020-12-22 13:11:48,973 [ForkJoinPool.commonPool-worker-1] INFO  impl.RaftServerImpl (ServerState.java:close(406)) - cfc7b2a2-0619-4c85-8419-784b4b9eda1c@group-197856EE50CC: closes. applyIndex: 8
2020-12-22 13:11:48,974 [cfc7b2a2-0619-4c85-8419-784b4b9eda1c@group-197856EE50CC-SegmentedRaftLogWorker] INFO  segmented.SegmentedRaftLogWorker (SegmentedRaftLogWorker.java:run(329)) - cfc7b2a2-0619-4c85-8419-784b4b9eda1c@group-197856EE50CC-SegmentedRaftLogWorker was interrupted, exiting. There are 0 tasks remaining in the queue.
2020-12-22 13:11:48,974 [Listener at 127.0.0.1/34251] INFO  metrics.RatisMetrics (RatisMetrics.java:unregister(43)) - Unregistering Metrics Registry : ratis.log_worker.3b8ab88f-c5e9-42ae-b9d6-c186578cc1d3@group-574B8719C184
2020-12-22 13:11:48,974 [ForkJoinPool.commonPool-worker-1] INFO  segmented.SegmentedRaftLogWorker (SegmentedRaftLogWorker.java:close(235)) - cfc7b2a2-0619-4c85-8419-784b4b9eda1c@group-197856EE50CC-SegmentedRaftLogWorker close()
2020-12-22 13:11:48,975 [ForkJoinPool.commonPool-worker-1] INFO  metrics.RatisMetrics (RatisMetrics.java:unregister(43)) - Unregistering Metrics Registry : ratis.log_worker.cfc7b2a2-0619-4c85-8419-784b4b9eda1c@group-197856EE50CC
2020-12-22 13:11:48,975 [Listener at 127.0.0.1/34251] INFO  metrics.RatisMetrics (RatisMetrics.java:unregister(43)) - Unregistering Metrics Registry : ratis.leader_election.3b8ab88f-c5e9-42ae-b9d6-c186578cc1d3@group-574B8719C184
2020-12-22 13:11:48,975 [Listener at 127.0.0.1/34251] INFO  metrics.RatisMetrics (RatisMetrics.java:unregister(43)) - Unregistering Metrics Registry : ratis.server.3b8ab88f-c5e9-42ae-b9d6-c186578cc1d3@group-574B8719C184
2020-12-22 13:11:48,975 [ForkJoinPool.commonPool-worker-1] INFO  metrics.RatisMetrics (RatisMetrics.java:unregister(43)) - Unregistering Metrics Registry : ratis.leader_election.cfc7b2a2-0619-4c85-8419-784b4b9eda1c@group-197856EE50CC
2020-12-22 13:11:48,976 [ForkJoinPool.commonPool-worker-1] INFO  metrics.RatisMetrics (RatisMetrics.java:unregister(43)) - Unregistering Metrics Registry : ratis.server.cfc7b2a2-0619-4c85-8419-784b4b9eda1c@group-197856EE50CC
2020-12-22 13:11:48,976 [ForkJoinPool.commonPool-worker-1] INFO  impl.RaftServerImpl (RaftServerImpl.java:lambda$shutdown$3(328)) - cfc7b2a2-0619-4c85-8419-784b4b9eda1c@group-6DFF0AD623B0: shutdown
2020-12-22 13:11:48,976 [Listener at 127.0.0.1/34251] INFO  server.GrpcService (GrpcService.java:closeImpl(184)) - 3b8ab88f-c5e9-42ae-b9d6-c186578cc1d3: shutdown server with port 46551 now
2020-12-22 13:11:48,976 [ForkJoinPool.commonPool-worker-1] INFO  util.JmxRegister (JmxRegister.java:unregister(73)) - Successfully un-registered JMX Bean with object name Ratis:service=RaftServer,group=group-6DFF0AD623B0,id=cfc7b2a2-0619-4c85-8419-784b4b9eda1c
2020-12-22 13:11:48,976 [ForkJoinPool.commonPool-worker-1] INFO  impl.RoleInfo (RoleInfo.java:shutdownLeaderState(104)) - cfc7b2a2-0619-4c85-8419-784b4b9eda1c: shutdown cfc7b2a2-0619-4c85-8419-784b4b9eda1c@group-6DFF0AD623B0-LeaderState
2020-12-22 13:11:48,976 [ForkJoinPool.commonPool-worker-1] INFO  impl.PendingRequests (PendingRequests.java:sendNotLeaderResponses(250)) - cfc7b2a2-0619-4c85-8419-784b4b9eda1c@group-6DFF0AD623B0-PendingRequests: sendNotLeaderResponses
2020-12-22 13:11:48,977 [ForkJoinPool.commonPool-worker-1] INFO  metrics.RatisMetrics (RatisMetrics.java:unregister(43)) - Unregistering Metrics Registry : ratis.log_appender.cfc7b2a2-0619-4c85-8419-784b4b9eda1c@group-6DFF0AD623B0
2020-12-22 13:11:48,977 [ForkJoinPool.commonPool-worker-1] INFO  metrics.RatisMetrics (RatisMetrics.java:unregister(43)) - Unregistering Metrics Registry : ratis.server.cfc7b2a2-0619-4c85-8419-784b4b9eda1c@group-6DFF0AD623B0
2020-12-22 13:11:48,977 [ForkJoinPool.commonPool-worker-1] INFO  impl.StateMachineUpdater (StateMachineUpdater.java:stopAndJoin(147)) - cfc7b2a2-0619-4c85-8419-784b4b9eda1c@group-6DFF0AD623B0-StateMachineUpdater: set stopIndex = 0
2020-12-22 13:11:48,977 [cfc7b2a2-0619-4c85-8419-784b4b9eda1c@group-6DFF0AD623B0-StateMachineUpdater] INFO  ratis.ContainerStateMachine (ContainerStateMachine.java:takeSnapshot(293)) - group-6DFF0AD623B0: Taking a snapshot at:(t:1, i:0) file /github/workspace/mnt/ozone/hadoop-ozone/integration-test/target/test-dir/MiniOzoneClusterImpl-0c7722d3-6e51-44b5-a6be-ee21012bb99e/datanode-1/data/ratis/a9947e81-80ed-457e-8457-6dff0ad623b0/sm/snapshot.1_0
2020-12-22 13:11:48,978 [cfc7b2a2-0619-4c85-8419-784b4b9eda1c@group-6DFF0AD623B0-StateMachineUpdater] INFO  ratis.ContainerStateMachine (ContainerStateMachine.java:takeSnapshot(304)) - group-6DFF0AD623B0: Finished taking a snapshot at:(t:1, i:0) file:/github/workspace/mnt/ozone/hadoop-ozone/integration-test/target/test-dir/MiniOzoneClusterImpl-0c7722d3-6e51-44b5-a6be-ee21012bb99e/datanode-1/data/ratis/a9947e81-80ed-457e-8457-6dff0ad623b0/sm/snapshot.1_0 time:1
2020-12-22 13:11:48,978 [cfc7b2a2-0619-4c85-8419-784b4b9eda1c@group-6DFF0AD623B0-StateMachineUpdater] INFO  impl.StateMachineUpdater (StateMachineUpdater.java:takeSnapshot(278)) - cfc7b2a2-0619-4c85-8419-784b4b9eda1c@group-6DFF0AD623B0-StateMachineUpdater: Took a snapshot at index 0
2020-12-22 13:11:48,978 [cfc7b2a2-0619-4c85-8419-784b4b9eda1c@group-6DFF0AD623B0-StateMachineUpdater] INFO  impl.StateMachineUpdater (StateMachineUpdater.java:lambda$new$0(87)) - cfc7b2a2-0619-4c85-8419-784b4b9eda1c@group-6DFF0AD623B0-StateMachineUpdater: snapshotIndex: updateIncreasingly -1 -> 0
2020-12-22 13:11:48,979 [cfc7b2a2-0619-4c85-8419-784b4b9eda1c@group-6DFF0AD623B0-StateMachineUpdater] INFO  metrics.RatisMetrics (RatisMetrics.java:unregister(43)) - Unregistering Metrics Registry : ratis.state_machine.cfc7b2a2-0619-4c85-8419-784b4b9eda1c@group-6DFF0AD623B0
2020-12-22 13:11:48,979 [grpc-default-executor-2] WARN  server.GrpcServerProtocolService (LogUtils.java:warn(122)) - 3b8ab88f-c5e9-42ae-b9d6-c186578cc1d3: installSnapshot onError, lastRequest: 0b95e776-5e46-4213-b3c0-ade9dce9a7dd->3b8ab88f-c5e9-42ae-b9d6-c186578cc1d3#2-t2, previous=(t:2, i:1), leaderCommit=1, initializing? false, entries: size=1, first=(t:2, i:2), METADATAENTRY(c:1): org.apache.ratis.thirdparty.io.grpc.StatusRuntimeException: CANCELLED: cancelled before receiving half close
2020-12-22 13:11:48,979 [Listener at 127.0.0.1/34251] INFO  server.GrpcService (GrpcService.java:closeImpl(193)) - 3b8ab88f-c5e9-42ae-b9d6-c186578cc1d3: shutdown server with port 46551 successfully
2020-12-22 13:11:48,979 [grpc-default-executor-3] WARN  server.GrpcLogAppender (LogUtils.java:warn(122)) - 0b95e776-5e46-4213-b3c0-ade9dce9a7dd@group-DA5D408C537E->3b8ab88f-c5e9-42ae-b9d6-c186578cc1d3-AppendLogResponseHandler: Failed appendEntries: org.apache.ratis.thirdparty.io.grpc.StatusRuntimeException: CANCELLED: HTTP/2 error code: CANCEL
Received Rst Stream
2020-12-22 13:11:48,980 [grpc-default-executor-3] INFO  impl.FollowerInfo (FollowerInfo.java:lambda$new$0(51)) - 0b95e776-5e46-4213-b3c0-ade9dce9a7dd@group-DA5D408C537E->3b8ab88f-c5e9-42ae-b9d6-c186578cc1d3: nextIndex: updateUnconditionally 3 -> 2
2020-12-22 13:11:48,980 [ForkJoinPool.commonPool-worker-1] INFO  impl.RaftServerImpl (ServerState.java:close(406)) - cfc7b2a2-0619-4c85-8419-784b4b9eda1c@group-6DFF0AD623B0: closes. applyIndex: 0
2020-12-22 13:11:48,981 [cfc7b2a2-0619-4c85-8419-784b4b9eda1c@group-6DFF0AD623B0-SegmentedRaftLogWorker] INFO  segmented.SegmentedRaftLogWorker (SegmentedRaftLogWorker.java:run(329)) - cfc7b2a2-0619-4c85-8419-784b4b9eda1c@group-6DFF0AD623B0-SegmentedRaftLogWorker was interrupted, exiting. There are 0 tasks remaining in the queue.
2020-12-22 13:11:48,981 [Listener at 127.0.0.1/34251] INFO  utils.BackgroundService (BackgroundService.java:shutdown(132)) - Shutting down service BlockDeletingService
2020-12-22 13:11:48,982 [ForkJoinPool.commonPool-worker-1] INFO  segmented.SegmentedRaftLogWorker (SegmentedRaftLogWorker.java:close(235)) - cfc7b2a2-0619-4c85-8419-784b4b9eda1c@group-6DFF0AD623B0-SegmentedRaftLogWorker close()
2020-12-22 13:11:48,984 [grpc-default-executor-2] WARN  server.GrpcLogAppender (LogUtils.java:warn(122)) - 0b95e776-5e46-4213-b3c0-ade9dce9a7dd@group-DA5D408C537E->3b8ab88f-c5e9-42ae-b9d6-c186578cc1d3-AppendLogResponseHandler: Failed appendEntries: org.apache.ratis.thirdparty.io.grpc.StatusRuntimeException: UNAVAILABLE: io exception
2020-12-22 13:11:48,984 [grpc-default-executor-2] INFO  impl.FollowerInfo (FollowerInfo.java:lambda$new$0(51)) - 0b95e776-5e46-4213-b3c0-ade9dce9a7dd@group-DA5D408C537E->3b8ab88f-c5e9-42ae-b9d6-c186578cc1d3: nextIndex: updateUnconditionally 3 -> 2
2020-12-22 13:11:48,985 [ForkJoinPool.commonPool-worker-1] INFO  metrics.RatisMetrics (RatisMetrics.java:unregister(43)) - Unregistering Metrics Registry : ratis.log_worker.cfc7b2a2-0619-4c85-8419-784b4b9eda1c@group-6DFF0AD623B0
2020-12-22 13:11:48,986 [Listener at 127.0.0.1/34251] INFO  statemachine.DatanodeStateMachine (DatanodeStateMachine.java:stopDaemon(461)) - Ozone container server stopped.
2020-12-22 13:11:48,986 [ForkJoinPool.commonPool-worker-1] INFO  metrics.RatisMetrics (RatisMetrics.java:unregister(43)) - Unregistering Metrics Registry : ratis.leader_election.cfc7b2a2-0619-4c85-8419-784b4b9eda1c@group-6DFF0AD623B0
2020-12-22 13:11:48,986 [ForkJoinPool.commonPool-worker-1] INFO  metrics.RatisMetrics (RatisMetrics.java:unregister(43)) - Unregistering Metrics Registry : ratis.server.cfc7b2a2-0619-4c85-8419-784b4b9eda1c@group-6DFF0AD623B0
2020-12-22 13:11:48,986 [ForkJoinPool.commonPool-worker-1] INFO  server.GrpcService (GrpcService.java:closeImpl(184)) - cfc7b2a2-0619-4c85-8419-784b4b9eda1c: shutdown server with port 40143 now
2020-12-22 13:11:48,989 [grpc-default-executor-3] WARN  client.GrpcClientProtocolService (LogUtils.java:warn(122)) - 1-UnorderedRequestStreamObserver1: onError: org.apache.ratis.thirdparty.io.grpc.StatusRuntimeException: CANCELLED: cancelled before receiving half close
2020-12-22 13:11:49,006 [ForkJoinPool.commonPool-worker-1] INFO  server.GrpcService (GrpcService.java:closeImpl(193)) - cfc7b2a2-0619-4c85-8419-784b4b9eda1c: shutdown server with port 40143 successfully
2020-12-22 13:11:49,014 [Listener at 127.0.0.1/34251] INFO  handler.ContextHandler (ContextHandler.java:doStop(1154)) - Stopped o.e.j.w.WebAppContext@2bbc51f7{hddsDatanode,/,null,STOPPED}{jar:file:/home/user/.m2/repository/org/apache/hadoop/hadoop-hdds-container-service/1.1.0-SNAPSHOT/hadoop-hdds-container-service-1.1.0-SNAPSHOT.jar!/webapps/hddsDatanode}
2020-12-22 13:11:49,014 [ForkJoinPool.commonPool-worker-1] INFO  utils.BackgroundService (BackgroundService.java:shutdown(132)) - Shutting down service BlockDeletingService
2020-12-22 13:11:49,015 [Listener at 127.0.0.1/34251] INFO  server.AbstractConnector (AbstractConnector.java:doStop(381)) - Stopped ServerConnector@3662723e{HTTP/1.1, (http/1.1)}{0.0.0.0:0}
2020-12-22 13:11:49,015 [Listener at 127.0.0.1/34251] INFO  server.session (HouseKeeper.java:stopScavenging(149)) - node0 Stopped scavenging
2020-12-22 13:11:49,015 [Listener at 127.0.0.1/34251] INFO  handler.ContextHandler (ContextHandler.java:doStop(1154)) - Stopped o.e.j.s.ServletContextHandler@68f1008e{static,/static,jar:file:/home/user/.m2/repository/org/apache/hadoop/hadoop-hdds-container-service/1.1.0-SNAPSHOT/hadoop-hdds-container-service-1.1.0-SNAPSHOT.jar!/webapps/static,STOPPED}
2020-12-22 13:11:49,016 [Listener at 127.0.0.1/34251] INFO  handler.ContextHandler (ContextHandler.java:doStop(1154)) - Stopped o.e.j.s.ServletContextHandler@6eeaeeda{logs,/logs,file:///github/workspace/mnt/ozone/hadoop-ozone/integration-test/target/log,STOPPED}
2020-12-22 13:11:49,018 [ForkJoinPool.commonPool-worker-1] INFO  statemachine.DatanodeStateMachine (DatanodeStateMachine.java:stopDaemon(461)) - Ozone container server stopped.
2020-12-22 13:11:49,033 [ForkJoinPool.commonPool-worker-1] INFO  handler.ContextHandler (ContextHandler.java:doStop(1154)) - Stopped o.e.j.w.WebAppContext@575bee59{hddsDatanode,/,null,STOPPED}{jar:file:/home/user/.m2/repository/org/apache/hadoop/hadoop-hdds-container-service/1.1.0-SNAPSHOT/hadoop-hdds-container-service-1.1.0-SNAPSHOT.jar!/webapps/hddsDatanode}
2020-12-22 13:11:49,034 [ForkJoinPool.commonPool-worker-1] INFO  server.AbstractConnector (AbstractConnector.java:doStop(381)) - Stopped ServerConnector@5364f311{HTTP/1.1, (http/1.1)}{0.0.0.0:0}
2020-12-22 13:11:49,034 [ForkJoinPool.commonPool-worker-1] INFO  server.session (HouseKeeper.java:stopScavenging(149)) - node0 Stopped scavenging
2020-12-22 13:11:49,035 [ForkJoinPool.commonPool-worker-1] INFO  handler.ContextHandler (ContextHandler.java:doStop(1154)) - Stopped o.e.j.s.ServletContextHandler@287af3d4{static,/static,jar:file:/home/user/.m2/repository/org/apache/hadoop/hadoop-hdds-container-service/1.1.0-SNAPSHOT/hadoop-hdds-container-service-1.1.0-SNAPSHOT.jar!/webapps/static,STOPPED}
2020-12-22 13:11:49,035 [ForkJoinPool.commonPool-worker-1] INFO  handler.ContextHandler (ContextHandler.java:doStop(1154)) - Stopped o.e.j.s.ServletContextHandler@374fb4be{logs,/logs,file:///github/workspace/mnt/ozone/hadoop-ozone/integration-test/target/log,STOPPED}
2020-12-22 13:11:49,210 [Datanode State Machine Thread - 0] INFO  statemachine.DatanodeStateMachine (DatanodeStateMachine.java:lambda$startDaemon$0(408)) - Ozone container server started.
2020-12-22 13:11:49,241 [grpc-default-executor-0] WARN  server.GrpcLogAppender (LogUtils.java:warn(122)) - 0b95e776-5e46-4213-b3c0-ade9dce9a7dd@group-DA5D408C537E->9d743c2f-cc4c-4210-bd8b-cad00ce03aed-AppendLogResponseHandler: Failed appendEntries: org.apache.ratis.thirdparty.io.grpc.StatusRuntimeException: UNAVAILABLE: io exception
2020-12-22 13:11:49,242 [grpc-default-executor-0] WARN  server.GrpcLogAppender (GrpcLogAppender.java:resetClient(107)) - 0b95e776-5e46-4213-b3c0-ade9dce9a7dd@group-DA5D408C537E->9d743c2f-cc4c-4210-bd8b-cad00ce03aed-GrpcLogAppender: Leader has not got in touch with Follower 0b95e776-5e46-4213-b3c0-ade9dce9a7dd@group-DA5D408C537E->9d743c2f-cc4c-4210-bd8b-cad00ce03aed(c-1,m0,n3, attendVote=true, lastRpcSendTime=0, lastRpcResponseTime=10230) yet, just keep nextIndex unchanged and retry.
2020-12-22 13:11:49,379 [Datanode State Machine Thread - 0] INFO  statemachine.DatanodeStateMachine (DatanodeStateMachine.java:lambda$startDaemon$0(408)) - Ozone container server started.
2020-12-22 13:11:49,431 [Thread-1202] INFO  impl.FollowerState (FollowerState.java:lostMajorityHeartbeatsRecently(105)) - 968414a2-acfc-4d9a-a6c6-d5ffe78fa14c@group-B00BD356E557-FollowerState: Skipping leader election since it stepped down recently (elapsed = 3366ms < waitTime = 10s)
2020-12-22 13:11:49,484 [grpc-default-executor-0] WARN  server.GrpcLogAppender (LogUtils.java:warn(122)) - 0b95e776-5e46-4213-b3c0-ade9dce9a7dd@group-DA5D408C537E->3b8ab88f-c5e9-42ae-b9d6-c186578cc1d3-AppendLogResponseHandler: Failed appendEntries: org.apache.ratis.thirdparty.io.grpc.StatusRuntimeException: UNAVAILABLE: io exception
2020-12-22 13:11:49,485 [grpc-default-executor-0] INFO  impl.FollowerInfo (FollowerInfo.java:lambda$new$0(51)) - 0b95e776-5e46-4213-b3c0-ade9dce9a7dd@group-DA5D408C537E->3b8ab88f-c5e9-42ae-b9d6-c186578cc1d3: nextIndex: updateUnconditionally 3 -> 2
2020-12-22 13:11:49,742 [grpc-default-executor-0] WARN  server.GrpcLogAppender (LogUtils.java:warn(122)) - 0b95e776-5e46-4213-b3c0-ade9dce9a7dd@group-DA5D408C537E->9d743c2f-cc4c-4210-bd8b-cad00ce03aed-AppendLogResponseHandler: Failed appendEntries: org.apache.ratis.thirdparty.io.grpc.StatusRuntimeException: UNAVAILABLE: io exception
2020-12-22 13:11:49,743 [grpc-default-executor-0] WARN  server.GrpcLogAppender (GrpcLogAppender.java:resetClient(107)) - 0b95e776-5e46-4213-b3c0-ade9dce9a7dd@group-DA5D408C537E->9d743c2f-cc4c-4210-bd8b-cad00ce03aed-GrpcLogAppender: Leader has not got in touch with Follower 0b95e776-5e46-4213-b3c0-ade9dce9a7dd@group-DA5D408C537E->9d743c2f-cc4c-4210-bd8b-cad00ce03aed(c-1,m0,n3, attendVote=true, lastRpcSendTime=0, lastRpcResponseTime=10731) yet, just keep nextIndex unchanged and retry.
2020-12-22 13:11:49,984 [grpc-default-executor-0] WARN  server.GrpcLogAppender (LogUtils.java:warn(122)) - 0b95e776-5e46-4213-b3c0-ade9dce9a7dd@group-DA5D408C537E->3b8ab88f-c5e9-42ae-b9d6-c186578cc1d3-AppendLogResponseHandler: Failed appendEntries: org.apache.ratis.thirdparty.io.grpc.StatusRuntimeException: UNAVAILABLE: io exception
2020-12-22 13:11:49,985 [grpc-default-executor-0] INFO  impl.FollowerInfo (FollowerInfo.java:lambda$new$0(51)) - 0b95e776-5e46-4213-b3c0-ade9dce9a7dd@group-DA5D408C537E->3b8ab88f-c5e9-42ae-b9d6-c186578cc1d3: nextIndex: updateUnconditionally 3 -> 2
2020-12-22 13:11:50,243 [grpc-default-executor-0] WARN  server.GrpcLogAppender (LogUtils.java:warn(122)) - 0b95e776-5e46-4213-b3c0-ade9dce9a7dd@group-DA5D408C537E->9d743c2f-cc4c-4210-bd8b-cad00ce03aed-AppendLogResponseHandler: Failed appendEntries: org.apache.ratis.thirdparty.io.grpc.StatusRuntimeException: UNAVAILABLE: io exception
2020-12-22 13:11:50,244 [grpc-default-executor-0] WARN  server.GrpcLogAppender (GrpcLogAppender.java:resetClient(107)) - 0b95e776-5e46-4213-b3c0-ade9dce9a7dd@group-DA5D408C537E->9d743c2f-cc4c-4210-bd8b-cad00ce03aed-GrpcLogAppender: Leader has not got in touch with Follower 0b95e776-5e46-4213-b3c0-ade9dce9a7dd@group-DA5D408C537E->9d743c2f-cc4c-4210-bd8b-cad00ce03aed(c-1,m0,n3, attendVote=true, lastRpcSendTime=0, lastRpcResponseTime=11232) yet, just keep nextIndex unchanged and retry.
2020-12-22 13:11:50,485 [grpc-default-executor-0] WARN  server.GrpcLogAppender (LogUtils.java:warn(122)) - 0b95e776-5e46-4213-b3c0-ade9dce9a7dd@group-DA5D408C537E->3b8ab88f-c5e9-42ae-b9d6-c186578cc1d3-AppendLogResponseHandler: Failed appendEntries: org.apache.ratis.thirdparty.io.grpc.StatusRuntimeException: UNAVAILABLE: io exception
2020-12-22 13:11:50,486 [grpc-default-executor-0] INFO  impl.FollowerInfo (FollowerInfo.java:lambda$new$0(51)) - 0b95e776-5e46-4213-b3c0-ade9dce9a7dd@group-DA5D408C537E->3b8ab88f-c5e9-42ae-b9d6-c186578cc1d3: nextIndex: updateUnconditionally 3 -> 2
2020-12-22 13:11:50,586 [Thread-1202] INFO  impl.FollowerState (FollowerState.java:lostMajorityHeartbeatsRecently(105)) - 968414a2-acfc-4d9a-a6c6-d5ffe78fa14c@group-B00BD356E557-FollowerState: Skipping leader election since it stepped down recently (elapsed = 4521ms < waitTime = 10s)
2020-12-22 13:11:50,744 [grpc-default-executor-0] WARN  server.GrpcLogAppender (LogUtils.java:warn(122)) - 0b95e776-5e46-4213-b3c0-ade9dce9a7dd@group-DA5D408C537E->9d743c2f-cc4c-4210-bd8b-cad00ce03aed-AppendLogResponseHandler: Failed appendEntries: org.apache.ratis.thirdparty.io.grpc.StatusRuntimeException: UNAVAILABLE: io exception
2020-12-22 13:11:50,745 [grpc-default-executor-0] WARN  server.GrpcLogAppender (GrpcLogAppender.java:resetClient(107)) - 0b95e776-5e46-4213-b3c0-ade9dce9a7dd@group-DA5D408C537E->9d743c2f-cc4c-4210-bd8b-cad00ce03aed-GrpcLogAppender: Leader has not got in touch with Follower 0b95e776-5e46-4213-b3c0-ade9dce9a7dd@group-DA5D408C537E->9d743c2f-cc4c-4210-bd8b-cad00ce03aed(c-1,m0,n3, attendVote=true, lastRpcSendTime=0, lastRpcResponseTime=11733) yet, just keep nextIndex unchanged and retry.
2020-12-22 13:11:50,985 [grpc-default-executor-0] WARN  server.GrpcLogAppender (LogUtils.java:warn(122)) - 0b95e776-5e46-4213-b3c0-ade9dce9a7dd@group-DA5D408C537E->3b8ab88f-c5e9-42ae-b9d6-c186578cc1d3-AppendLogResponseHandler: Failed appendEntries: org.apache.ratis.thirdparty.io.grpc.StatusRuntimeException: UNAVAILABLE: io exception
2020-12-22 13:11:50,986 [grpc-default-executor-0] INFO  impl.FollowerInfo (FollowerInfo.java:lambda$new$0(51)) - 0b95e776-5e46-4213-b3c0-ade9dce9a7dd@group-DA5D408C537E->3b8ab88f-c5e9-42ae-b9d6-c186578cc1d3: nextIndex: updateUnconditionally 3 -> 2
2020-12-22 13:11:51,030 [Thread-1152] WARN  impl.RaftServerImpl (LeaderState.java:checkLeadership(905)) - 0b95e776-5e46-4213-b3c0-ade9dce9a7dd@group-DA5D408C537E-LeaderState: Lost leadership on term: 2. Election timeout: 1200ms. In charge for: 10822ms. Conf: 1: [0b95e776-5e46-4213-b3c0-ade9dce9a7dd|rpc:172.17.0.2:38657|dataStream:, 3b8ab88f-c5e9-42ae-b9d6-c186578cc1d3|rpc:172.17.0.2:46551|dataStream:, 9d743c2f-cc4c-4210-bd8b-cad00ce03aed|rpc:172.17.0.2:40485|dataStream:], old=null
2020-12-22 13:11:51,031 [Thread-1152] WARN  impl.RaftServerImpl (LeaderState.java:lambda$checkLeadership$20(909)) - Follower 0b95e776-5e46-4213-b3c0-ade9dce9a7dd@group-DA5D408C537E->3b8ab88f-c5e9-42ae-b9d6-c186578cc1d3(c2,m2,n2, attendVote=true, lastRpcSendTime=45, lastRpcResponseTime=2270)
2020-12-22 13:11:51,031 [Thread-1152] WARN  impl.RaftServerImpl (LeaderState.java:lambda$checkLeadership$20(909)) - Follower 0b95e776-5e46-4213-b3c0-ade9dce9a7dd@group-DA5D408C537E->9d743c2f-cc4c-4210-bd8b-cad00ce03aed(c-1,m0,n3, attendVote=true, lastRpcSendTime=286, lastRpcResponseTime=12018)
2020-12-22 13:11:51,031 [Thread-1152] INFO  impl.RaftServerImpl (RaftServerImpl.java:setRole(204)) - 0b95e776-5e46-4213-b3c0-ade9dce9a7dd@group-DA5D408C537E: changes role from    LEADER to FOLLOWER at term 2 for StepDownReason:LOST_MAJORITY_HEARTBEATS
2020-12-22 13:11:51,031 [Thread-1152] INFO  impl.RoleInfo (RoleInfo.java:shutdownLeaderState(104)) - 0b95e776-5e46-4213-b3c0-ade9dce9a7dd: shutdown 0b95e776-5e46-4213-b3c0-ade9dce9a7dd@group-DA5D408C537E-LeaderState
2020-12-22 13:11:51,031 [Thread-1152] INFO  metrics.RatisMetrics (RatisMetrics.java:unregister(43)) - Unregistering Metrics Registry : ratis_grpc.log_appender.0b95e776-5e46-4213-b3c0-ade9dce9a7dd@group-DA5D408C537E
2020-12-22 13:11:51,031 [Thread-1152] INFO  metrics.RatisMetrics (RatisMetrics.java:unregister(43)) - Unregistering Metrics Registry : ratis_grpc.log_appender.0b95e776-5e46-4213-b3c0-ade9dce9a7dd@group-DA5D408C537E
2020-12-22 13:11:51,031 [org.apache.ratis.server.impl.LogAppender$AppenderDaemon$$Lambda$462/536690988@7db17753] WARN  server.GrpcLogAppender (GrpcLogAppender.java:mayWait(168)) - 0b95e776-5e46-4213-b3c0-ade9dce9a7dd@group-DA5D408C537E->3b8ab88f-c5e9-42ae-b9d6-c186578cc1d3-GrpcLogAppender: Wait interrupted by java.lang.InterruptedException
2020-12-22 13:11:51,031 [Thread-1152] INFO  impl.PendingRequests (PendingRequests.java:sendNotLeaderResponses(250)) - 0b95e776-5e46-4213-b3c0-ade9dce9a7dd@group-DA5D408C537E-PendingRequests: sendNotLeaderResponses
2020-12-22 13:11:51,032 [Thread-1152] INFO  metrics.RatisMetrics (RatisMetrics.java:unregister(43)) - Unregistering Metrics Registry : ratis.log_appender.0b95e776-5e46-4213-b3c0-ade9dce9a7dd@group-DA5D408C537E
2020-12-22 13:11:51,032 [org.apache.ratis.server.impl.LogAppender$AppenderDaemon$$Lambda$462/536690988@753fd356] WARN  server.GrpcLogAppender (GrpcLogAppender.java:mayWait(168)) - 0b95e776-5e46-4213-b3c0-ade9dce9a7dd@group-DA5D408C537E->9d743c2f-cc4c-4210-bd8b-cad00ce03aed-GrpcLogAppender: Wait interrupted by java.lang.InterruptedException
2020-12-22 13:11:51,032 [Thread-1152] INFO  metrics.RatisMetrics (RatisMetrics.java:unregister(43)) - Unregistering Metrics Registry : ratis.server.0b95e776-5e46-4213-b3c0-ade9dce9a7dd@group-DA5D408C537E
2020-12-22 13:11:51,032 [Thread-1152] INFO  impl.RoleInfo (RoleInfo.java:updateAndGet(143)) - 0b95e776-5e46-4213-b3c0-ade9dce9a7dd: start 0b95e776-5e46-4213-b3c0-ade9dce9a7dd@group-DA5D408C537E-FollowerState
2020-12-22 13:11:51,620 [Thread-1202] INFO  impl.FollowerState (FollowerState.java:lostMajorityHeartbeatsRecently(105)) - 968414a2-acfc-4d9a-a6c6-d5ffe78fa14c@group-B00BD356E557-FollowerState: Skipping leader election since it stepped down recently (elapsed = 5555ms < waitTime = 10s)
2020-12-22 13:11:52,201 [Thread-1209] INFO  impl.FollowerState (FollowerState.java:lostMajorityHeartbeatsRecently(105)) - 0b95e776-5e46-4213-b3c0-ade9dce9a7dd@group-DA5D408C537E-FollowerState: Skipping leader election since it stepped down recently (elapsed = 1168ms < waitTime = 10s)
2020-12-22 13:11:52,724 [Thread-1202] INFO  impl.FollowerState (FollowerState.java:lostMajorityHeartbeatsRecently(105)) - 968414a2-acfc-4d9a-a6c6-d5ffe78fa14c@group-B00BD356E557-FollowerState: Skipping leader election since it stepped down recently (elapsed = 6660ms < waitTime = 10s)
2020-12-22 13:11:53,289 [Thread-1209] INFO  impl.FollowerState (FollowerState.java:lostMajorityHeartbeatsRecently(105)) - 0b95e776-5e46-4213-b3c0-ade9dce9a7dd@group-DA5D408C537E-FollowerState: Skipping leader election since it stepped down recently (elapsed = 2256ms < waitTime = 10s)
2020-12-22 13:11:53,816 [Thread-1202] INFO  impl.FollowerState (FollowerState.java:lostMajorityHeartbeatsRecently(105)) - 968414a2-acfc-4d9a-a6c6-d5ffe78fa14c@group-B00BD356E557-FollowerState: Skipping leader election since it stepped down recently (elapsed = 7751ms < waitTime = 10s)
2020-12-22 13:11:54,024 [Listener at 127.0.0.1/34251] INFO  ozoneimpl.OzoneContainer (OzoneContainer.java:stop(257)) - Attempting to stop container services.
2020-12-22 13:11:54,025 [Listener at 127.0.0.1/34251] INFO  impl.RaftServerProxy (RaftServerProxy.java:lambda$close$4(338)) - 968414a2-acfc-4d9a-a6c6-d5ffe78fa14c: close
2020-12-22 13:11:54,025 [Listener at 127.0.0.1/34251] INFO  impl.RaftServerImpl (RaftServerImpl.java:lambda$shutdown$3(328)) - 968414a2-acfc-4d9a-a6c6-d5ffe78fa14c@group-D1CF023EF876: shutdown
2020-12-22 13:11:54,025 [Listener at 127.0.0.1/34251] INFO  util.JmxRegister (JmxRegister.java:unregister(73)) - Successfully un-registered JMX Bean with object name Ratis:service=RaftServer,group=group-D1CF023EF876,id=968414a2-acfc-4d9a-a6c6-d5ffe78fa14c
2020-12-22 13:11:54,025 [Listener at 127.0.0.1/34251] INFO  impl.RoleInfo (RoleInfo.java:shutdownLeaderState(104)) - 968414a2-acfc-4d9a-a6c6-d5ffe78fa14c: shutdown 968414a2-acfc-4d9a-a6c6-d5ffe78fa14c@group-D1CF023EF876-LeaderState
2020-12-22 13:11:54,025 [Listener at 127.0.0.1/34251] INFO  impl.PendingRequests (PendingRequests.java:sendNotLeaderResponses(250)) - 968414a2-acfc-4d9a-a6c6-d5ffe78fa14c@group-D1CF023EF876-PendingRequests: sendNotLeaderResponses
2020-12-22 13:11:54,026 [Listener at 127.0.0.1/34251] INFO  metrics.RatisMetrics (RatisMetrics.java:unregister(43)) - Unregistering Metrics Registry : ratis.log_appender.968414a2-acfc-4d9a-a6c6-d5ffe78fa14c@group-D1CF023EF876
2020-12-22 13:11:54,026 [Listener at 127.0.0.1/34251] INFO  metrics.RatisMetrics (RatisMetrics.java:unregister(43)) - Unregistering Metrics Registry : ratis.server.968414a2-acfc-4d9a-a6c6-d5ffe78fa14c@group-D1CF023EF876
2020-12-22 13:11:54,027 [968414a2-acfc-4d9a-a6c6-d5ffe78fa14c@group-D1CF023EF876-StateMachineUpdater] INFO  ratis.ContainerStateMachine (ContainerStateMachine.java:takeSnapshot(293)) - group-D1CF023EF876: Taking a snapshot at:(t:1, i:0) file /github/workspace/mnt/ozone/hadoop-ozone/integration-test/target/test-dir/MiniOzoneClusterImpl-0c7722d3-6e51-44b5-a6be-ee21012bb99e/datanode-9/data/ratis/6b9bfed4-dc63-435b-85d5-d1cf023ef876/sm/snapshot.1_0
2020-12-22 13:11:54,027 [Listener at 127.0.0.1/34251] INFO  impl.StateMachineUpdater (StateMachineUpdater.java:stopAndJoin(147)) - 968414a2-acfc-4d9a-a6c6-d5ffe78fa14c@group-D1CF023EF876-StateMachineUpdater: set stopIndex = 0
2020-12-22 13:11:54,028 [968414a2-acfc-4d9a-a6c6-d5ffe78fa14c@group-D1CF023EF876-StateMachineUpdater] INFO  ratis.ContainerStateMachine (ContainerStateMachine.java:takeSnapshot(304)) - group-D1CF023EF876: Finished taking a snapshot at:(t:1, i:0) file:/github/workspace/mnt/ozone/hadoop-ozone/integration-test/target/test-dir/MiniOzoneClusterImpl-0c7722d3-6e51-44b5-a6be-ee21012bb99e/datanode-9/data/ratis/6b9bfed4-dc63-435b-85d5-d1cf023ef876/sm/snapshot.1_0 time:1
2020-12-22 13:11:54,028 [968414a2-acfc-4d9a-a6c6-d5ffe78fa14c@group-D1CF023EF876-StateMachineUpdater] INFO  impl.StateMachineUpdater (StateMachineUpdater.java:takeSnapshot(278)) - 968414a2-acfc-4d9a-a6c6-d5ffe78fa14c@group-D1CF023EF876-StateMachineUpdater: Took a snapshot at index 0
2020-12-22 13:11:54,028 [968414a2-acfc-4d9a-a6c6-d5ffe78fa14c@group-D1CF023EF876-StateMachineUpdater] INFO  impl.StateMachineUpdater (StateMachineUpdater.java:lambda$new$0(87)) - 968414a2-acfc-4d9a-a6c6-d5ffe78fa14c@group-D1CF023EF876-StateMachineUpdater: snapshotIndex: updateIncreasingly -1 -> 0
2020-12-22 13:11:54,028 [968414a2-acfc-4d9a-a6c6-d5ffe78fa14c@group-D1CF023EF876-StateMachineUpdater] INFO  metrics.RatisMetrics (RatisMetrics.java:unregister(43)) - Unregistering Metrics Registry : ratis.state_machine.968414a2-acfc-4d9a-a6c6-d5ffe78fa14c@group-D1CF023EF876
2020-12-22 13:11:54,028 [Listener at 127.0.0.1/34251] INFO  impl.RaftServerImpl (ServerState.java:close(406)) - 968414a2-acfc-4d9a-a6c6-d5ffe78fa14c@group-D1CF023EF876: closes. applyIndex: 0
2020-12-22 13:11:54,029 [968414a2-acfc-4d9a-a6c6-d5ffe78fa14c@group-D1CF023EF876-SegmentedRaftLogWorker] INFO  segmented.SegmentedRaftLogWorker (SegmentedRaftLogWorker.java:run(329)) - 968414a2-acfc-4d9a-a6c6-d5ffe78fa14c@group-D1CF023EF876-SegmentedRaftLogWorker was interrupted, exiting. There are 0 tasks remaining in the queue.
2020-12-22 13:11:54,029 [Listener at 127.0.0.1/34251] INFO  segmented.SegmentedRaftLogWorker (SegmentedRaftLogWorker.java:close(235)) - 968414a2-acfc-4d9a-a6c6-d5ffe78fa14c@group-D1CF023EF876-SegmentedRaftLogWorker close()
2020-12-22 13:11:54,030 [Listener at 127.0.0.1/34251] INFO  metrics.RatisMetrics (RatisMetrics.java:unregister(43)) - Unregistering Metrics Registry : ratis.log_worker.968414a2-acfc-4d9a-a6c6-d5ffe78fa14c@group-D1CF023EF876
2020-12-22 13:11:54,030 [Listener at 127.0.0.1/34251] INFO  metrics.RatisMetrics (RatisMetrics.java:unregister(43)) - Unregistering Metrics Registry : ratis.leader_election.968414a2-acfc-4d9a-a6c6-d5ffe78fa14c@group-D1CF023EF876
2020-12-22 13:11:54,030 [Listener at 127.0.0.1/34251] INFO  metrics.RatisMetrics (RatisMetrics.java:unregister(43)) - Unregistering Metrics Registry : ratis.server.968414a2-acfc-4d9a-a6c6-d5ffe78fa14c@group-D1CF023EF876
2020-12-22 13:11:54,030 [Listener at 127.0.0.1/34251] INFO  impl.RaftServerImpl (RaftServerImpl.java:lambda$shutdown$3(328)) - 968414a2-acfc-4d9a-a6c6-d5ffe78fa14c@group-B00BD356E557: shutdown
2020-12-22 13:11:54,030 [Listener at 127.0.0.1/34251] INFO  util.JmxRegister (JmxRegister.java:unregister(73)) - Successfully un-registered JMX Bean with object name Ratis:service=RaftServer,group=group-B00BD356E557,id=968414a2-acfc-4d9a-a6c6-d5ffe78fa14c
2020-12-22 13:11:54,031 [Listener at 127.0.0.1/34251] INFO  impl.RoleInfo (RoleInfo.java:shutdownFollowerState(121)) - 968414a2-acfc-4d9a-a6c6-d5ffe78fa14c: shutdown 968414a2-acfc-4d9a-a6c6-d5ffe78fa14c@group-B00BD356E557-FollowerState
2020-12-22 13:11:54,031 [Thread-1202] INFO  impl.FollowerState (FollowerState.java:run(137)) - 968414a2-acfc-4d9a-a6c6-d5ffe78fa14c@group-B00BD356E557-FollowerState was interrupted: {}
java.lang.InterruptedException: sleep interrupted
	at java.lang.Thread.sleep(Native Method)
	at org.apache.ratis.util.JavaUtils.sleep(JavaUtils.java:250)
	at org.apache.ratis.server.impl.FollowerState.run(FollowerState.java:116)
2020-12-22 13:11:54,031 [968414a2-acfc-4d9a-a6c6-d5ffe78fa14c@group-B00BD356E557-StateMachineUpdater] INFO  ratis.ContainerStateMachine (ContainerStateMachine.java:takeSnapshot(293)) - group-B00BD356E557: Taking a snapshot at:(t:1, i:0) file /github/workspace/mnt/ozone/hadoop-ozone/integration-test/target/test-dir/MiniOzoneClusterImpl-0c7722d3-6e51-44b5-a6be-ee21012bb99e/datanode-9/data/ratis/bf013636-bf38-49a5-93f8-b00bd356e557/sm/snapshot.1_0
2020-12-22 13:11:54,031 [Listener at 127.0.0.1/34251] INFO  impl.StateMachineUpdater (StateMachineUpdater.java:stopAndJoin(147)) - 968414a2-acfc-4d9a-a6c6-d5ffe78fa14c@group-B00BD356E557-StateMachineUpdater: set stopIndex = 0
2020-12-22 13:11:54,032 [968414a2-acfc-4d9a-a6c6-d5ffe78fa14c@group-B00BD356E557-StateMachineUpdater] INFO  ratis.ContainerStateMachine (ContainerStateMachine.java:takeSnapshot(304)) - group-B00BD356E557: Finished taking a snapshot at:(t:1, i:0) file:/github/workspace/mnt/ozone/hadoop-ozone/integration-test/target/test-dir/MiniOzoneClusterImpl-0c7722d3-6e51-44b5-a6be-ee21012bb99e/datanode-9/data/ratis/bf013636-bf38-49a5-93f8-b00bd356e557/sm/snapshot.1_0 time:0
2020-12-22 13:11:54,032 [968414a2-acfc-4d9a-a6c6-d5ffe78fa14c@group-B00BD356E557-StateMachineUpdater] INFO  impl.StateMachineUpdater (StateMachineUpdater.java:takeSnapshot(278)) - 968414a2-acfc-4d9a-a6c6-d5ffe78fa14c@group-B00BD356E557-StateMachineUpdater: Took a snapshot at index 0
2020-12-22 13:11:54,032 [968414a2-acfc-4d9a-a6c6-d5ffe78fa14c@group-B00BD356E557-StateMachineUpdater] INFO  impl.StateMachineUpdater (StateMachineUpdater.java:lambda$new$0(87)) - 968414a2-acfc-4d9a-a6c6-d5ffe78fa14c@group-B00BD356E557-StateMachineUpdater: snapshotIndex: updateIncreasingly -1 -> 0
2020-12-22 13:11:54,032 [968414a2-acfc-4d9a-a6c6-d5ffe78fa14c@group-B00BD356E557-StateMachineUpdater] INFO  metrics.RatisMetrics (RatisMetrics.java:unregister(43)) - Unregistering Metrics Registry : ratis.state_machine.968414a2-acfc-4d9a-a6c6-d5ffe78fa14c@group-B00BD356E557
2020-12-22 13:11:54,033 [Listener at 127.0.0.1/34251] INFO  impl.RaftServerImpl (ServerState.java:close(406)) - 968414a2-acfc-4d9a-a6c6-d5ffe78fa14c@group-B00BD356E557: closes. applyIndex: 0
2020-12-22 13:11:54,033 [968414a2-acfc-4d9a-a6c6-d5ffe78fa14c@group-B00BD356E557-SegmentedRaftLogWorker] INFO  segmented.SegmentedRaftLogWorker (SegmentedRaftLogWorker.java:run(329)) - 968414a2-acfc-4d9a-a6c6-d5ffe78fa14c@group-B00BD356E557-SegmentedRaftLogWorker was interrupted, exiting. There are 0 tasks remaining in the queue.
2020-12-22 13:11:54,033 [Listener at 127.0.0.1/34251] INFO  segmented.SegmentedRaftLogWorker (SegmentedRaftLogWorker.java:close(235)) - 968414a2-acfc-4d9a-a6c6-d5ffe78fa14c@group-B00BD356E557-SegmentedRaftLogWorker close()
2020-12-22 13:11:54,035 [Listener at 127.0.0.1/34251] INFO  metrics.RatisMetrics (RatisMetrics.java:unregister(43)) - Unregistering Metrics Registry : ratis.log_worker.968414a2-acfc-4d9a-a6c6-d5ffe78fa14c@group-B00BD356E557
2020-12-22 13:11:54,035 [Listener at 127.0.0.1/34251] INFO  metrics.RatisMetrics (RatisMetrics.java:unregister(43)) - Unregistering Metrics Registry : ratis.leader_election.968414a2-acfc-4d9a-a6c6-d5ffe78fa14c@group-B00BD356E557
2020-12-22 13:11:54,035 [Listener at 127.0.0.1/34251] INFO  metrics.RatisMetrics (RatisMetrics.java:unregister(43)) - Unregistering Metrics Registry : ratis.server.968414a2-acfc-4d9a-a6c6-d5ffe78fa14c@group-B00BD356E557
2020-12-22 13:11:54,035 [Listener at 127.0.0.1/34251] INFO  server.GrpcService (GrpcService.java:closeImpl(184)) - 968414a2-acfc-4d9a-a6c6-d5ffe78fa14c: shutdown server with port 37869 now
2020-12-22 13:11:54,037 [ForkJoinPool.commonPool-worker-1] INFO  ozoneimpl.OzoneContainer (OzoneContainer.java:stop(257)) - Attempting to stop container services.
2020-12-22 13:11:54,037 [ForkJoinPool.commonPool-worker-1] INFO  impl.RaftServerProxy (RaftServerProxy.java:lambda$close$4(338)) - 0b95e776-5e46-4213-b3c0-ade9dce9a7dd: close
2020-12-22 13:11:54,038 [ForkJoinPool.commonPool-worker-1] INFO  impl.RaftServerImpl (RaftServerImpl.java:lambda$shutdown$3(328)) - 0b95e776-5e46-4213-b3c0-ade9dce9a7dd@group-DA5D408C537E: shutdown
2020-12-22 13:11:54,038 [ForkJoinPool.commonPool-worker-1] INFO  util.JmxRegister (JmxRegister.java:unregister(73)) - Successfully un-registered JMX Bean with object name Ratis:service=RaftServer,group=group-DA5D408C537E,id=0b95e776-5e46-4213-b3c0-ade9dce9a7dd
2020-12-22 13:11:54,038 [ForkJoinPool.commonPool-worker-1] INFO  impl.RoleInfo (RoleInfo.java:shutdownFollowerState(121)) - 0b95e776-5e46-4213-b3c0-ade9dce9a7dd: shutdown 0b95e776-5e46-4213-b3c0-ade9dce9a7dd@group-DA5D408C537E-FollowerState
2020-12-22 13:11:54,038 [ForkJoinPool.commonPool-worker-1] INFO  impl.StateMachineUpdater (StateMachineUpdater.java:stopAndJoin(147)) - 0b95e776-5e46-4213-b3c0-ade9dce9a7dd@group-DA5D408C537E-StateMachineUpdater: set stopIndex = 2
2020-12-22 13:11:54,038 [0b95e776-5e46-4213-b3c0-ade9dce9a7dd@group-DA5D408C537E-StateMachineUpdater] INFO  ratis.ContainerStateMachine (ContainerStateMachine.java:takeSnapshot(293)) - group-DA5D408C537E: Taking a snapshot at:(t:2, i:2) file /github/workspace/mnt/ozone/hadoop-ozone/integration-test/target/test-dir/MiniOzoneClusterImpl-0c7722d3-6e51-44b5-a6be-ee21012bb99e/datanode-7/data/ratis/9e6701bb-3dba-4d25-a765-da5d408c537e/sm/snapshot.2_2
2020-12-22 13:11:54,039 [Thread-1209] INFO  impl.FollowerState (FollowerState.java:run(137)) - 0b95e776-5e46-4213-b3c0-ade9dce9a7dd@group-DA5D408C537E-FollowerState was interrupted: {}
java.lang.InterruptedException: sleep interrupted
	at java.lang.Thread.sleep(Native Method)
	at org.apache.ratis.util.JavaUtils.sleep(JavaUtils.java:250)
	at org.apache.ratis.server.impl.FollowerState.run(FollowerState.java:116)
2020-12-22 13:11:54,039 [0b95e776-5e46-4213-b3c0-ade9dce9a7dd@group-DA5D408C537E-StateMachineUpdater] INFO  ratis.ContainerStateMachine (ContainerStateMachine.java:takeSnapshot(304)) - group-DA5D408C537E: Finished taking a snapshot at:(t:2, i:2) file:/github/workspace/mnt/ozone/hadoop-ozone/integration-test/target/test-dir/MiniOzoneClusterImpl-0c7722d3-6e51-44b5-a6be-ee21012bb99e/datanode-7/data/ratis/9e6701bb-3dba-4d25-a765-da5d408c537e/sm/snapshot.2_2 time:1
2020-12-22 13:11:54,039 [0b95e776-5e46-4213-b3c0-ade9dce9a7dd@group-DA5D408C537E-StateMachineUpdater] INFO  impl.StateMachineUpdater (StateMachineUpdater.java:takeSnapshot(278)) - 0b95e776-5e46-4213-b3c0-ade9dce9a7dd@group-DA5D408C537E-StateMachineUpdater: Took a snapshot at index 2
2020-12-22 13:11:54,039 [0b95e776-5e46-4213-b3c0-ade9dce9a7dd@group-DA5D408C537E-StateMachineUpdater] INFO  impl.StateMachineUpdater (StateMachineUpdater.java:lambda$new$0(87)) - 0b95e776-5e46-4213-b3c0-ade9dce9a7dd@group-DA5D408C537E-StateMachineUpdater: snapshotIndex: updateIncreasingly -1 -> 2
2020-12-22 13:11:54,039 [0b95e776-5e46-4213-b3c0-ade9dce9a7dd@group-DA5D408C537E-StateMachineUpdater] INFO  metrics.RatisMetrics (RatisMetrics.java:unregister(43)) - Unregistering Metrics Registry : ratis.state_machine.0b95e776-5e46-4213-b3c0-ade9dce9a7dd@group-DA5D408C537E
2020-12-22 13:11:54,040 [ForkJoinPool.commonPool-worker-1] INFO  impl.RaftServerImpl (ServerState.java:close(406)) - 0b95e776-5e46-4213-b3c0-ade9dce9a7dd@group-DA5D408C537E: closes. applyIndex: 2
2020-12-22 13:11:54,040 [0b95e776-5e46-4213-b3c0-ade9dce9a7dd@group-DA5D408C537E-SegmentedRaftLogWorker] INFO  segmented.SegmentedRaftLogWorker (SegmentedRaftLogWorker.java:run(329)) - 0b95e776-5e46-4213-b3c0-ade9dce9a7dd@group-DA5D408C537E-SegmentedRaftLogWorker was interrupted, exiting. There are 0 tasks remaining in the queue.
2020-12-22 13:11:54,040 [ForkJoinPool.commonPool-worker-1] INFO  segmented.SegmentedRaftLogWorker (SegmentedRaftLogWorker.java:close(235)) - 0b95e776-5e46-4213-b3c0-ade9dce9a7dd@group-DA5D408C537E-SegmentedRaftLogWorker close()
2020-12-22 13:11:54,041 [ForkJoinPool.commonPool-worker-1] INFO  metrics.RatisMetrics (RatisMetrics.java:unregister(43)) - Unregistering Metrics Registry : ratis.log_worker.0b95e776-5e46-4213-b3c0-ade9dce9a7dd@group-DA5D408C537E
2020-12-22 13:11:54,041 [ForkJoinPool.commonPool-worker-1] INFO  metrics.RatisMetrics (RatisMetrics.java:unregister(43)) - Unregistering Metrics Registry : ratis.leader_election.0b95e776-5e46-4213-b3c0-ade9dce9a7dd@group-DA5D408C537E
2020-12-22 13:11:54,041 [ForkJoinPool.commonPool-worker-1] INFO  metrics.RatisMetrics (RatisMetrics.java:unregister(43)) - Unregistering Metrics Registry : ratis.server.0b95e776-5e46-4213-b3c0-ade9dce9a7dd@group-DA5D408C537E
2020-12-22 13:11:54,041 [ForkJoinPool.commonPool-worker-1] INFO  impl.RaftServerImpl (RaftServerImpl.java:lambda$shutdown$3(328)) - 0b95e776-5e46-4213-b3c0-ade9dce9a7dd@group-1533D229CD97: shutdown
2020-12-22 13:11:54,041 [ForkJoinPool.commonPool-worker-1] INFO  util.JmxRegister (JmxRegister.java:unregister(73)) - Successfully un-registered JMX Bean with object name Ratis:service=RaftServer,group=group-1533D229CD97,id=0b95e776-5e46-4213-b3c0-ade9dce9a7dd
2020-12-22 13:11:54,041 [ForkJoinPool.commonPool-worker-1] INFO  impl.RoleInfo (RoleInfo.java:shutdownLeaderState(104)) - 0b95e776-5e46-4213-b3c0-ade9dce9a7dd: shutdown 0b95e776-5e46-4213-b3c0-ade9dce9a7dd@group-1533D229CD97-LeaderState
2020-12-22 13:11:54,041 [ForkJoinPool.commonPool-worker-1] INFO  impl.PendingRequests (PendingRequests.java:sendNotLeaderResponses(250)) - 0b95e776-5e46-4213-b3c0-ade9dce9a7dd@group-1533D229CD97-PendingRequests: sendNotLeaderResponses
2020-12-22 13:11:54,042 [ForkJoinPool.commonPool-worker-1] INFO  metrics.RatisMetrics (RatisMetrics.java:unregister(43)) - Unregistering Metrics Registry : ratis.log_appender.0b95e776-5e46-4213-b3c0-ade9dce9a7dd@group-1533D229CD97
2020-12-22 13:11:54,042 [ForkJoinPool.commonPool-worker-1] INFO  metrics.RatisMetrics (RatisMetrics.java:unregister(43)) - Unregistering Metrics Registry : ratis.server.0b95e776-5e46-4213-b3c0-ade9dce9a7dd@group-1533D229CD97
2020-12-22 13:11:54,042 [0b95e776-5e46-4213-b3c0-ade9dce9a7dd@group-1533D229CD97-StateMachineUpdater] INFO  ratis.ContainerStateMachine (ContainerStateMachine.java:takeSnapshot(293)) - group-1533D229CD97: Taking a snapshot at:(t:1, i:0) file /github/workspace/mnt/ozone/hadoop-ozone/integration-test/target/test-dir/MiniOzoneClusterImpl-0c7722d3-6e51-44b5-a6be-ee21012bb99e/datanode-7/data/ratis/e3c73548-12da-446d-9a3b-1533d229cd97/sm/snapshot.1_0
2020-12-22 13:11:54,042 [ForkJoinPool.commonPool-worker-1] INFO  impl.StateMachineUpdater (StateMachineUpdater.java:stopAndJoin(147)) - 0b95e776-5e46-4213-b3c0-ade9dce9a7dd@group-1533D229CD97-StateMachineUpdater: set stopIndex = 0
2020-12-22 13:11:54,044 [0b95e776-5e46-4213-b3c0-ade9dce9a7dd@group-1533D229CD97-StateMachineUpdater] INFO  ratis.ContainerStateMachine (ContainerStateMachine.java:takeSnapshot(304)) - group-1533D229CD97: Finished taking a snapshot at:(t:1, i:0) file:/github/workspace/mnt/ozone/hadoop-ozone/integration-test/target/test-dir/MiniOzoneClusterImpl-0c7722d3-6e51-44b5-a6be-ee21012bb99e/datanode-7/data/ratis/e3c73548-12da-446d-9a3b-1533d229cd97/sm/snapshot.1_0 time:1
2020-12-22 13:11:54,044 [0b95e776-5e46-4213-b3c0-ade9dce9a7dd@group-1533D229CD97-StateMachineUpdater] INFO  impl.StateMachineUpdater (StateMachineUpdater.java:takeSnapshot(278)) - 0b95e776-5e46-4213-b3c0-ade9dce9a7dd@group-1533D229CD97-StateMachineUpdater: Took a snapshot at index 0
2020-12-22 13:11:54,044 [0b95e776-5e46-4213-b3c0-ade9dce9a7dd@group-1533D229CD97-StateMachineUpdater] INFO  impl.StateMachineUpdater (StateMachineUpdater.java:lambda$new$0(87)) - 0b95e776-5e46-4213-b3c0-ade9dce9a7dd@group-1533D229CD97-StateMachineUpdater: snapshotIndex: updateIncreasingly -1 -> 0
2020-12-22 13:11:54,044 [0b95e776-5e46-4213-b3c0-ade9dce9a7dd@group-1533D229CD97-StateMachineUpdater] INFO  metrics.RatisMetrics (RatisMetrics.java:unregister(43)) - Unregistering Metrics Registry : ratis.state_machine.0b95e776-5e46-4213-b3c0-ade9dce9a7dd@group-1533D229CD97
2020-12-22 13:11:54,044 [ForkJoinPool.commonPool-worker-1] INFO  impl.RaftServerImpl (ServerState.java:close(406)) - 0b95e776-5e46-4213-b3c0-ade9dce9a7dd@group-1533D229CD97: closes. applyIndex: 0
2020-12-22 13:11:54,044 [0b95e776-5e46-4213-b3c0-ade9dce9a7dd@group-1533D229CD97-SegmentedRaftLogWorker] INFO  segmented.SegmentedRaftLogWorker (SegmentedRaftLogWorker.java:run(329)) - 0b95e776-5e46-4213-b3c0-ade9dce9a7dd@group-1533D229CD97-SegmentedRaftLogWorker was interrupted, exiting. There are 0 tasks remaining in the queue.
2020-12-22 13:11:54,045 [ForkJoinPool.commonPool-worker-1] INFO  segmented.SegmentedRaftLogWorker (SegmentedRaftLogWorker.java:close(235)) - 0b95e776-5e46-4213-b3c0-ade9dce9a7dd@group-1533D229CD97-SegmentedRaftLogWorker close()
2020-12-22 13:11:54,045 [ForkJoinPool.commonPool-worker-1] INFO  metrics.RatisMetrics (RatisMetrics.java:unregister(43)) - Unregistering Metrics Registry : ratis.log_worker.0b95e776-5e46-4213-b3c0-ade9dce9a7dd@group-1533D229CD97
2020-12-22 13:11:54,045 [ForkJoinPool.commonPool-worker-1] INFO  metrics.RatisMetrics (RatisMetrics.java:unregister(43)) - Unregistering Metrics Registry : ratis.leader_election.0b95e776-5e46-4213-b3c0-ade9dce9a7dd@group-1533D229CD97
2020-12-22 13:11:54,045 [ForkJoinPool.commonPool-worker-1] INFO  metrics.RatisMetrics (RatisMetrics.java:unregister(43)) - Unregistering Metrics Registry : ratis.server.0b95e776-5e46-4213-b3c0-ade9dce9a7dd@group-1533D229CD97
2020-12-22 13:11:54,045 [ForkJoinPool.commonPool-worker-1] INFO  server.GrpcService (GrpcService.java:closeImpl(184)) - 0b95e776-5e46-4213-b3c0-ade9dce9a7dd: shutdown server with port 38657 now
2020-12-22 13:11:54,058 [Listener at 127.0.0.1/34251] INFO  server.GrpcService (GrpcService.java:closeImpl(193)) - 968414a2-acfc-4d9a-a6c6-d5ffe78fa14c: shutdown server with port 37869 successfully
2020-12-22 13:11:54,059 [ForkJoinPool.commonPool-worker-1] INFO  server.GrpcService (GrpcService.java:closeImpl(193)) - 0b95e776-5e46-4213-b3c0-ade9dce9a7dd: shutdown server with port 38657 successfully
2020-12-22 13:11:54,066 [ForkJoinPool.commonPool-worker-1] INFO  utils.BackgroundService (BackgroundService.java:shutdown(132)) - Shutting down service BlockDeletingService
2020-12-22 13:11:54,066 [Listener at 127.0.0.1/34251] INFO  utils.BackgroundService (BackgroundService.java:shutdown(132)) - Shutting down service BlockDeletingService
2020-12-22 13:11:54,069 [ForkJoinPool.commonPool-worker-1] INFO  statemachine.DatanodeStateMachine (DatanodeStateMachine.java:stopDaemon(461)) - Ozone container server stopped.
2020-12-22 13:11:54,069 [Listener at 127.0.0.1/34251] INFO  statemachine.DatanodeStateMachine (DatanodeStateMachine.java:stopDaemon(461)) - Ozone container server stopped.
2020-12-22 13:11:54,079 [Listener at 127.0.0.1/34251] INFO  handler.ContextHandler (ContextHandler.java:doStop(1154)) - Stopped o.e.j.w.WebAppContext@467417cd{hddsDatanode,/,null,STOPPED}{jar:file:/home/user/.m2/repository/org/apache/hadoop/hadoop-hdds-container-service/1.1.0-SNAPSHOT/hadoop-hdds-container-service-1.1.0-SNAPSHOT.jar!/webapps/hddsDatanode}
2020-12-22 13:11:54,095 [Listener at 127.0.0.1/34251] INFO  server.AbstractConnector (AbstractConnector.java:doStop(381)) - Stopped ServerConnector@600bf776{HTTP/1.1, (http/1.1)}{0.0.0.0:0}
2020-12-22 13:11:54,095 [Listener at 127.0.0.1/34251] INFO  server.session (HouseKeeper.java:stopScavenging(149)) - node0 Stopped scavenging
2020-12-22 13:11:54,095 [Listener at 127.0.0.1/34251] INFO  handler.ContextHandler (ContextHandler.java:doStop(1154)) - Stopped o.e.j.s.ServletContextHandler@6bb31ee4{static,/static,jar:file:/home/user/.m2/repository/org/apache/hadoop/hadoop-hdds-container-service/1.1.0-SNAPSHOT/hadoop-hdds-container-service-1.1.0-SNAPSHOT.jar!/webapps/static,STOPPED}
2020-12-22 13:11:54,096 [Listener at 127.0.0.1/34251] INFO  handler.ContextHandler (ContextHandler.java:doStop(1154)) - Stopped o.e.j.s.ServletContextHandler@109d209f{logs,/logs,file:///github/workspace/mnt/ozone/hadoop-ozone/integration-test/target/log,STOPPED}
2020-12-22 13:11:54,098 [ForkJoinPool.commonPool-worker-1] INFO  handler.ContextHandler (ContextHandler.java:doStop(1154)) - Stopped o.e.j.w.WebAppContext@642935d1{hddsDatanode,/,null,STOPPED}{jar:file:/home/user/.m2/repository/org/apache/hadoop/hadoop-hdds-container-service/1.1.0-SNAPSHOT/hadoop-hdds-container-service-1.1.0-SNAPSHOT.jar!/webapps/hddsDatanode}
2020-12-22 13:11:54,099 [ForkJoinPool.commonPool-worker-1] INFO  server.AbstractConnector (AbstractConnector.java:doStop(381)) - Stopped ServerConnector@1a139018{HTTP/1.1, (http/1.1)}{0.0.0.0:0}
2020-12-22 13:11:54,099 [ForkJoinPool.commonPool-worker-1] INFO  server.session (HouseKeeper.java:stopScavenging(149)) - node0 Stopped scavenging
2020-12-22 13:11:54,106 [ForkJoinPool.commonPool-worker-1] INFO  handler.ContextHandler (ContextHandler.java:doStop(1154)) - Stopped o.e.j.s.ServletContextHandler@4b747dd3{static,/static,jar:file:/home/user/.m2/repository/org/apache/hadoop/hadoop-hdds-container-service/1.1.0-SNAPSHOT/hadoop-hdds-container-service-1.1.0-SNAPSHOT.jar!/webapps/static,STOPPED}
2020-12-22 13:11:54,106 [ForkJoinPool.commonPool-worker-1] INFO  handler.ContextHandler (ContextHandler.java:doStop(1154)) - Stopped o.e.j.s.ServletContextHandler@6a09b123{logs,/logs,file:///github/workspace/mnt/ozone/hadoop-ozone/integration-test/target/log,STOPPED}
2020-12-22 13:11:54,107 [Listener at 127.0.0.1/34251] INFO  ozone.MiniOzoneClusterImpl (MiniOzoneClusterImpl.java:stopSCM(477)) - Stopping the StorageContainerManager
2020-12-22 13:11:54,107 [Listener at 127.0.0.1/34251] INFO  server.StorageContainerManager (StorageContainerManager.java:stop(832)) - Stopping Replication Manager Service.
2020-12-22 13:11:54,107 [Listener at 127.0.0.1/34251] INFO  container.ReplicationManager (ReplicationManager.java:stop(227)) - Stopping Replication Monitor Thread.
2020-12-22 13:11:54,108 [Listener at 127.0.0.1/34251] INFO  server.StorageContainerManager (StorageContainerManager.java:stop(839)) - Stopping the Datanode Admin Monitor.
2020-12-22 13:11:54,108 [Listener at 127.0.0.1/34251] INFO  server.StorageContainerManager (StorageContainerManager.java:stop(846)) - Stopping Lease Manager of the command watchers
2020-12-22 13:11:54,108 [Listener at 127.0.0.1/34251] INFO  server.StorageContainerManager (StorageContainerManager.java:stop(853)) - Stopping datanode service RPC server
2020-12-22 13:11:54,108 [Listener at 127.0.0.1/34251] INFO  server.SCMDatanodeProtocolServer (SCMDatanodeProtocolServer.java:stop(369)) - Stopping the RPC server for DataNodes
2020-12-22 13:11:54,108 [Listener at 127.0.0.1/34251] INFO  ipc.Server (Server.java:stop(3359)) - Stopping server on 33001
2020-12-22 13:11:54,110 [IPC Server Responder] INFO  ipc.Server (Server.java:run(1465)) - Stopping IPC Server Responder
2020-12-22 13:11:54,110 [IPC Server listener on 0] INFO  ipc.Server (Server.java:run(1330)) - Stopping IPC Server listener on 0
2020-12-22 13:11:54,129 [SCM Heartbeat Processing Thread - 0] WARN  node.NodeStateManager (NodeStateManager.java:scheduleNextHealthCheck(688)) - Current Thread is interrupted, shutting down HB processing thread for Node Manager.
2020-12-22 13:11:54,129 [Listener at 127.0.0.1/34251] INFO  server.StorageContainerManager (StorageContainerManager.java:stop(861)) - Stopping block service RPC server
2020-12-22 13:11:54,129 [Listener at 127.0.0.1/34251] INFO  server.SCMBlockProtocolServer (SCMBlockProtocolServer.java:stop(159)) - Stopping the RPC server for Block Protocol
2020-12-22 13:11:54,129 [Listener at 127.0.0.1/34251] INFO  ipc.Server (Server.java:stop(3359)) - Stopping server on 41219
2020-12-22 13:11:54,131 [Listener at 127.0.0.1/34251] INFO  server.StorageContainerManager (StorageContainerManager.java:stop(868)) - Stopping the StorageContainerLocationProtocol RPC server
2020-12-22 13:11:54,131 [Listener at 127.0.0.1/34251] INFO  server.SCMClientProtocolServer (SCMClientProtocolServer.java:stop(168)) - Stopping the RPC server for Client Protocol
2020-12-22 13:11:54,131 [Listener at 127.0.0.1/34251] INFO  ipc.Server (Server.java:stop(3359)) - Stopping server on 34755
2020-12-22 13:11:54,131 [IPC Server Responder] INFO  ipc.Server (Server.java:run(1465)) - Stopping IPC Server Responder
2020-12-22 13:11:54,131 [IPC Server listener on 0] INFO  ipc.Server (Server.java:run(1330)) - Stopping IPC Server listener on 0
2020-12-22 13:11:54,132 [Listener at 127.0.0.1/34251] INFO  server.StorageContainerManager (StorageContainerManager.java:stop(875)) - Stopping Storage Container Manager HTTP server.
2020-12-22 13:11:54,133 [Listener at 127.0.0.1/34251] INFO  handler.ContextHandler (ContextHandler.java:doStop(1154)) - Stopped o.e.j.w.WebAppContext@56c7cc0b{scm,/,null,STOPPED}{file:/github/workspace/mnt/ozone/hadoop-ozone/integration-test/target/test-classes/webapps/scm}
2020-12-22 13:11:54,133 [IPC Server Responder] INFO  ipc.Server (Server.java:run(1465)) - Stopping IPC Server Responder
2020-12-22 13:11:54,133 [IPC Server listener on 0] INFO  ipc.Server (Server.java:run(1330)) - Stopping IPC Server listener on 0
2020-12-22 13:11:54,135 [Listener at 127.0.0.1/34251] INFO  server.AbstractConnector (AbstractConnector.java:doStop(381)) - Stopped ServerConnector@26430326{HTTP/1.1, (http/1.1)}{0.0.0.0:0}
2020-12-22 13:11:54,135 [Listener at 127.0.0.1/34251] INFO  server.session (HouseKeeper.java:stopScavenging(149)) - node0 Stopped scavenging
2020-12-22 13:11:54,135 [Listener at 127.0.0.1/34251] INFO  handler.ContextHandler (ContextHandler.java:doStop(1154)) - Stopped o.e.j.s.ServletContextHandler@d191d17{static,/static,file:///github/workspace/mnt/ozone/hadoop-ozone/integration-test/target/test-classes/webapps/static,STOPPED}
2020-12-22 13:11:54,136 [Listener at 127.0.0.1/34251] INFO  handler.ContextHandler (ContextHandler.java:doStop(1154)) - Stopped o.e.j.s.ServletContextHandler@6b444177{logs,/logs,file:///github/workspace/mnt/ozone/hadoop-ozone/integration-test/target/log,STOPPED}
2020-12-22 13:11:54,136 [Listener at 127.0.0.1/34251] INFO  server.StorageContainerManager (StorageContainerManager.java:stop(886)) - Stopping Block Manager Service.
2020-12-22 13:11:54,136 [Listener at 127.0.0.1/34251] INFO  utils.BackgroundService (BackgroundService.java:shutdown(132)) - Shutting down service SCMBlockDeletingService
2020-12-22 13:11:54,137 [Listener at 127.0.0.1/34251] INFO  utils.BackgroundService (BackgroundService.java:shutdown(132)) - Shutting down service SCMBlockDeletingService
2020-12-22 13:11:54,137 [Listener at 127.0.0.1/34251] INFO  server.StorageContainerManager (StorageContainerManager.java:stop(911)) - Stopping SCM Event Queue.
2020-12-22 13:11:54,142 [Listener at 127.0.0.1/34251] INFO  impl.MetricsSystemImpl (MetricsSystemImpl.java:stop(210)) - Stopping XceiverClientMetrics metrics system...
2020-12-22 13:11:54,149 [prometheus] INFO  impl.MetricsSinkAdapter (MetricsSinkAdapter.java:publishMetricsFromQueue(141)) - prometheus thread interrupted.
2020-12-22 13:11:54,150 [Listener at 127.0.0.1/34251] INFO  impl.MetricsSystemImpl (MetricsSystemImpl.java:stop(216)) - XceiverClientMetrics metrics system stopped.
]]></system-out>
  </testcase>
  <testcase name="testContainerExclusionWithClosedContainerException" classname="org.apache.hadoop.ozone.client.rpc.TestFailureHandlingByClient" time="37.706"/>
  <testcase name="testWriteSmallFile" classname="org.apache.hadoop.ozone.client.rpc.TestFailureHandlingByClient" time="70.214"/>
  <testcase name="testBlockWritesWithDnFailures" classname="org.apache.hadoop.ozone.client.rpc.TestFailureHandlingByClient" time="83.168"/>
  <testcase name="testDatanodeExclusionWithMajorityCommit" classname="org.apache.hadoop.ozone.client.rpc.TestFailureHandlingByClient" time="0">
    <skipped message="HDDS-3298"/>
  </testcase>
</testsuite>