<?xml version="1.0" encoding="UTF-8"?>
<testsuite xmlns:xsi="http://www.w3.org/2001/XMLSchema-instance" xsi:noNamespaceSchemaLocation="https://maven.apache.org/surefire/maven-surefire-plugin/xsd/surefire-test-report.xsd" name="org.apache.hadoop.ozone.client.rpc.TestWatchForCommit" time="215.809" tests="4" errors="0" skipped="0" failures="1">
  <properties>
    <property name="awt.toolkit" value="sun.awt.X11.XToolkit"/>
    <property name="file.encoding.pkg" value="sun.io"/>
    <property name="java.specification.version" value="1.8"/>
    <property name="sun.cpu.isalist" value=""/>
    <property name="sun.jnu.encoding" value="ANSI_X3.4-1968"/>
    <property name="java.class.path" value="/github/workspace/mnt/ozone/hadoop-ozone/integration-test/target/test-classes:/github/workspace/mnt/ozone/hadoop-ozone/integration-test/target/classes:/home/user/.m2/repository/org/apache/hadoop/hadoop-ozone-common/1.2.0-SNAPSHOT/hadoop-ozone-common-1.2.0-SNAPSHOT.jar:/home/user/.m2/repository/org/apache/commons/commons-compress/1.20/commons-compress-1.20.jar:/home/user/.m2/repository/org/apache/hadoop/hadoop-hdds-common/1.2.0-SNAPSHOT/hadoop-hdds-common-1.2.0-SNAPSHOT.jar:/home/user/.m2/repository/org/apache/hadoop/hadoop-hdds-client/1.2.0-SNAPSHOT/hadoop-hdds-client-1.2.0-SNAPSHOT.jar:/home/user/.m2/repository/org/apache/hadoop/hadoop-ozone-interface-client/1.2.0-SNAPSHOT/hadoop-ozone-interface-client-1.2.0-SNAPSHOT.jar:/home/user/.m2/repository/org/apache/hadoop/hadoop-hdds-test-utils/1.2.0-SNAPSHOT/hadoop-hdds-test-utils-1.2.0-SNAPSHOT.jar:/home/user/.m2/repository/com/google/guava/guava/30.1.1-jre/guava-30.1.1-jre.jar:/home/user/.m2/repository/com/google/guava/failureaccess/1.0.1/failureaccess-1.0.1.jar:/home/user/.m2/repository/com/google/guava/listenablefuture/9999.0-empty-to-avoid-conflict-with-guava/listenablefuture-9999.0-empty-to-avoid-conflict-with-guava.jar:/home/user/.m2/repository/com/google/code/findbugs/jsr305/3.0.0/jsr305-3.0.0.jar:/home/user/.m2/repository/org/checkerframework/checker-qual/3.8.0/checker-qual-3.8.0.jar:/home/user/.m2/repository/com/google/errorprone/error_prone_annotations/2.2.0/error_prone_annotations-2.2.0.jar:/home/user/.m2/repository/com/google/j2objc/j2objc-annotations/1.3/j2objc-annotations-1.3.jar:/home/user/.m2/repository/commons-io/commons-io/2.5/commons-io-2.5.jar:/home/user/.m2/repository/commons-logging/commons-logging/1.2/commons-logging-1.2.jar:/home/user/.m2/repository/log4j/log4j/1.2.17/log4j-1.2.17.jar:/home/user/.m2/repository/org/slf4j/slf4j-api/1.7.30/slf4j-api-1.7.30.jar:/home/user/.m2/repository/org/apache/hadoop/hadoop-hdds-server-scm/1.2.0-SNAPSHOT/hadoop-hdds-server-scm-1.2.0-SNAPSHOT.jar:/home/user/.m2/repository/org/apache/hadoop/hadoop-hdds-container-service/1.2.0-SNAPSHOT/hadoop-hdds-container-service-1.2.0-SNAPSHOT.jar:/home/user/.m2/repository/org/apache/hadoop/hadoop-hdds-hadoop-dependency-server/1.2.0-SNAPSHOT/hadoop-hdds-hadoop-dependency-server-1.2.0-SNAPSHOT.jar:/home/user/.m2/repository/org/apache/hadoop/hadoop-hdfs/3.2.2/hadoop-hdfs-3.2.2.jar:/home/user/.m2/repository/org/apache/hadoop/hadoop-hdds-server-framework/1.2.0-SNAPSHOT/hadoop-hdds-server-framework-1.2.0-SNAPSHOT.jar:/home/user/.m2/repository/org/apache/hadoop/hadoop-hdds-interface-server/1.2.0-SNAPSHOT/hadoop-hdds-interface-server-1.2.0-SNAPSHOT.jar:/home/user/.m2/repository/org/eclipse/jetty/jetty-servlet/9.4.35.v20201120/jetty-servlet-9.4.35.v20201120.jar:/home/user/.m2/repository/org/eclipse/jetty/jetty-security/9.4.35.v20201120/jetty-security-9.4.35.v20201120.jar:/home/user/.m2/repository/org/rocksdb/rocksdbjni/6.8.1/rocksdbjni-6.8.1.jar:/home/user/.m2/repository/io/prometheus/simpleclient_dropwizard/0.7.0/simpleclient_dropwizard-0.7.0.jar:/home/user/.m2/repository/io/prometheus/simpleclient/0.7.0/simpleclient-0.7.0.jar:/home/user/.m2/repository/io/prometheus/simpleclient_common/0.7.0/simpleclient_common-0.7.0.jar:/home/user/.m2/repository/com/fasterxml/jackson/datatype/jackson-datatype-jsr310/2.12.1/jackson-datatype-jsr310-2.12.1.jar:/home/user/.m2/repository/io/dropwizard/metrics/metrics-core/3.2.4/metrics-core-3.2.4.jar:/home/user/.m2/repository/org/apache/hadoop/hadoop-hdfs-client/3.2.2/hadoop-hdfs-client-3.2.2.jar:/home/user/.m2/repository/org/bouncycastle/bcprov-jdk15on/1.67/bcprov-jdk15on-1.67.jar:/home/user/.m2/repository/com/google/protobuf/protobuf-java/2.5.0/protobuf-java-2.5.0.jar:/home/user/.m2/repository/org/apache/hadoop/hadoop-ozone-ozone-manager/1.2.0-SNAPSHOT/hadoop-ozone-ozone-manager-1.2.0-SNAPSHOT.jar:/home/user/.m2/repository/org/apache/hadoop/hadoop-hdds-interface-client/1.2.0-SNAPSHOT/hadoop-hdds-interface-client-1.2.0-SNAPSHOT.jar:/home/user/.m2/repository/org/apache/ratis/ratis-thirdparty-misc/0.7.0-a398b19-SNAPSHOT/ratis-thirdparty-misc-0.7.0-a398b19-SNAPSHOT.jar:/home/user/.m2/repository/org/apache/hadoop/hadoop-ozone-interface-storage/1.2.0-SNAPSHOT/hadoop-ozone-interface-storage-1.2.0-SNAPSHOT.jar:/home/user/.m2/repository/org/apache/hadoop/hadoop-minikdc/3.2.2/hadoop-minikdc-3.2.2.jar:/home/user/.m2/repository/org/apache/kerby/kerb-simplekdc/1.0.1/kerb-simplekdc-1.0.1.jar:/home/user/.m2/repository/org/apache/kerby/kerb-client/1.0.1/kerb-client-1.0.1.jar:/home/user/.m2/repository/org/apache/kerby/kerby-config/1.0.1/kerby-config-1.0.1.jar:/home/user/.m2/repository/org/apache/kerby/kerb-core/1.0.1/kerb-core-1.0.1.jar:/home/user/.m2/repository/org/apache/kerby/kerby-pkix/1.0.1/kerby-pkix-1.0.1.jar:/home/user/.m2/repository/org/apache/kerby/kerby-asn1/1.0.1/kerby-asn1-1.0.1.jar:/home/user/.m2/repository/org/apache/kerby/kerby-util/1.0.1/kerby-util-1.0.1.jar:/home/user/.m2/repository/org/apache/kerby/kerb-common/1.0.1/kerb-common-1.0.1.jar:/home/user/.m2/repository/org/apache/kerby/kerb-crypto/1.0.1/kerb-crypto-1.0.1.jar:/home/user/.m2/repository/org/apache/kerby/kerb-util/1.0.1/kerb-util-1.0.1.jar:/home/user/.m2/repository/org/apache/kerby/token-provider/1.0.1/token-provider-1.0.1.jar:/home/user/.m2/repository/org/apache/kerby/kerb-admin/1.0.1/kerb-admin-1.0.1.jar:/home/user/.m2/repository/org/apache/kerby/kerb-server/1.0.1/kerb-server-1.0.1.jar:/home/user/.m2/repository/org/apache/kerby/kerb-identity/1.0.1/kerb-identity-1.0.1.jar:/home/user/.m2/repository/org/apache/kerby/kerby-xdr/1.0.1/kerby-xdr-1.0.1.jar:/home/user/.m2/repository/org/slf4j/slf4j-log4j12/1.7.30/slf4j-log4j12-1.7.30.jar:/home/user/.m2/repository/org/apache/hadoop/hadoop-ozone-s3gateway/1.2.0-SNAPSHOT/hadoop-ozone-s3gateway-1.2.0-SNAPSHOT.jar:/home/user/.m2/repository/org/jboss/weld/servlet/weld-servlet/2.4.7.Final/weld-servlet-2.4.7.Final.jar:/home/user/.m2/repository/org/glassfish/jersey/containers/jersey-container-servlet-core/2.33/jersey-container-servlet-core-2.33.jar:/home/user/.m2/repository/org/glassfish/hk2/external/jakarta.inject/2.6.1/jakarta.inject-2.6.1.jar:/home/user/.m2/repository/org/glassfish/jersey/core/jersey-common/2.33/jersey-common-2.33.jar:/home/user/.m2/repository/jakarta/ws/rs/jakarta.ws.rs-api/2.1.6/jakarta.ws.rs-api-2.1.6.jar:/home/user/.m2/repository/org/glassfish/jersey/ext/cdi/jersey-cdi1x/2.33/jersey-cdi1x-2.33.jar:/home/user/.m2/repository/org/glassfish/jersey/inject/jersey-hk2/2.33/jersey-hk2-2.33.jar:/home/user/.m2/repository/org/glassfish/hk2/hk2-locator/2.6.1/hk2-locator-2.6.1.jar:/home/user/.m2/repository/org/javassist/javassist/3.25.0-GA/javassist-3.25.0-GA.jar:/home/user/.m2/repository/org/glassfish/jersey/media/jersey-media-jaxb/2.33/jersey-media-jaxb-2.33.jar:/home/user/.m2/repository/org/glassfish/hk2/osgi-resource-locator/1.0.3/osgi-resource-locator-1.0.3.jar:/home/user/.m2/repository/org/glassfish/hk2/hk2-api/2.5.0/hk2-api-2.5.0.jar:/home/user/.m2/repository/org/glassfish/hk2/hk2-utils/2.5.0/hk2-utils-2.5.0.jar:/home/user/.m2/repository/org/glassfish/hk2/external/aopalliance-repackaged/2.5.0/aopalliance-repackaged-2.5.0.jar:/home/user/.m2/repository/com/fasterxml/jackson/dataformat/jackson-dataformat-xml/2.12.1/jackson-dataformat-xml-2.12.1.jar:/home/user/.m2/repository/com/fasterxml/jackson/core/jackson-core/2.12.1/jackson-core-2.12.1.jar:/home/user/.m2/repository/com/fasterxml/jackson/module/jackson-module-jaxb-annotations/2.12.1/jackson-module-jaxb-annotations-2.12.1.jar:/home/user/.m2/repository/jakarta/xml/bind/jakarta.xml.bind-api/2.3.2/jakarta.xml.bind-api-2.3.2.jar:/home/user/.m2/repository/jakarta/activation/jakarta.activation-api/1.2.1/jakarta.activation-api-1.2.1.jar:/home/user/.m2/repository/org/codehaus/woodstox/stax2-api/3.1.4/stax2-api-3.1.4.jar:/home/user/.m2/repository/com/fasterxml/woodstox/woodstox-core/5.0.3/woodstox-core-5.0.3.jar:/home/user/.m2/repository/javax/enterprise/cdi-api/1.2/cdi-api-1.2.jar:/home/user/.m2/repository/javax/el/javax.el-api/3.0.0/javax.el-api-3.0.0.jar:/home/user/.m2/repository/javax/interceptor/javax.interceptor-api/1.2/javax.interceptor-api-1.2.jar:/home/user/.m2/repository/javax/inject/javax.inject/1/javax.inject-1.jar:/home/user/.m2/repository/javax/xml/bind/jaxb-api/2.3.0/jaxb-api-2.3.0.jar:/home/user/.m2/repository/org/glassfish/jaxb/jaxb-runtime/2.3.0.1/jaxb-runtime-2.3.0.1.jar:/home/user/.m2/repository/org/glassfish/jaxb/jaxb-core/2.3.0.1/jaxb-core-2.3.0.1.jar:/home/user/.m2/repository/org/glassfish/jaxb/txw2/2.3.0.1/txw2-2.3.0.1.jar:/home/user/.m2/repository/com/sun/istack/istack-commons-runtime/3.0.5/istack-commons-runtime-3.0.5.jar:/home/user/.m2/repository/org/jvnet/staxex/stax-ex/1.7.8/stax-ex-1.7.8.jar:/home/user/.m2/repository/com/sun/xml/fastinfoset/FastInfoset/1.2.13/FastInfoset-1.2.13.jar:/home/user/.m2/repository/javax/activation/activation/1.1.1/activation-1.1.1.jar:/home/user/.m2/repository/org/apache/hadoop/hadoop-ozone-csi/1.2.0-SNAPSHOT/hadoop-ozone-csi-1.2.0-SNAPSHOT.jar:/home/user/.m2/repository/com/google/protobuf/protobuf-java-util/3.12.0/protobuf-java-util-3.12.0.jar:/home/user/.m2/repository/com/google/code/gson/gson/2.2.4/gson-2.2.4.jar:/home/user/.m2/repository/org/apache/hadoop/hadoop-hdds-config/1.2.0-SNAPSHOT/hadoop-hdds-config-1.2.0-SNAPSHOT.jar:/home/user/.m2/repository/io/grpc/grpc-netty/1.33.0/grpc-netty-1.33.0.jar:/home/user/.m2/repository/io/grpc/grpc-core/1.33.0/grpc-core-1.33.0.jar:/home/user/.m2/repository/com/google/android/annotations/4.1.1.4/annotations-4.1.1.4.jar:/home/user/.m2/repository/io/netty/netty-codec-http2/4.1.51.Final/netty-codec-http2-4.1.51.Final.jar:/home/user/.m2/repository/io/netty/netty-codec/4.1.51.Final/netty-codec-4.1.51.Final.jar:/home/user/.m2/repository/io/netty/netty-handler/4.1.51.Final/netty-handler-4.1.51.Final.jar:/home/user/.m2/repository/io/netty/netty-codec-http/4.1.51.Final/netty-codec-http-4.1.51.Final.jar:/home/user/.m2/repository/io/netty/netty-handler-proxy/4.1.51.Final/netty-handler-proxy-4.1.51.Final.jar:/home/user/.m2/repository/io/netty/netty-codec-socks/4.1.51.Final/netty-codec-socks-4.1.51.Final.jar:/home/user/.m2/repository/io/perfmark/perfmark-api/0.19.0/perfmark-api-0.19.0.jar:/home/user/.m2/repository/org/codehaus/mojo/animal-sniffer-annotations/1.18/animal-sniffer-annotations-1.18.jar:/home/user/.m2/repository/io/netty/netty-transport-native-epoll/4.1.63.Final/netty-transport-native-epoll-4.1.63.Final.jar:/home/user/.m2/repository/io/netty/netty-common/4.1.63.Final/netty-common-4.1.63.Final.jar:/home/user/.m2/repository/io/netty/netty-buffer/4.1.63.Final/netty-buffer-4.1.63.Final.jar:/home/user/.m2/repository/io/netty/netty-transport/4.1.63.Final/netty-transport-4.1.63.Final.jar:/home/user/.m2/repository/io/netty/netty-resolver/4.1.63.Final/netty-resolver-4.1.63.Final.jar:/home/user/.m2/repository/io/netty/netty-transport-native-unix-common/4.1.63.Final/netty-transport-native-unix-common-4.1.63.Final.jar:/home/user/.m2/repository/io/grpc/grpc-protobuf/1.33.0/grpc-protobuf-1.33.0.jar:/home/user/.m2/repository/io/grpc/grpc-api/1.33.0/grpc-api-1.33.0.jar:/home/user/.m2/repository/io/grpc/grpc-context/1.33.0/grpc-context-1.33.0.jar:/home/user/.m2/repository/com/google/api/grpc/proto-google-common-protos/1.17.0/proto-google-common-protos-1.17.0.jar:/home/user/.m2/repository/io/grpc/grpc-protobuf-lite/1.33.0/grpc-protobuf-lite-1.33.0.jar:/home/user/.m2/repository/io/grpc/grpc-stub/1.33.0/grpc-stub-1.33.0.jar:/home/user/.m2/repository/org/apache/hadoop/hadoop-ozone-recon/1.2.0-SNAPSHOT/hadoop-ozone-recon-1.2.0-SNAPSHOT.jar:/home/user/.m2/repository/org/apache/hadoop/hadoop-ozone-reconcodegen/1.2.0-SNAPSHOT/hadoop-ozone-reconcodegen-1.2.0-SNAPSHOT.jar:/home/user/.m2/repository/com/google/inject/extensions/guice-multibindings/4.0/guice-multibindings-4.0.jar:/home/user/.m2/repository/com/google/inject/guice/4.0/guice-4.0.jar:/home/user/.m2/repository/aopalliance/aopalliance/1.0/aopalliance-1.0.jar:/home/user/.m2/repository/com/google/inject/extensions/guice-assistedinject/4.0/guice-assistedinject-4.0.jar:/home/user/.m2/repository/com/google/inject/extensions/guice-servlet/4.0/guice-servlet-4.0.jar:/home/user/.m2/repository/org/glassfish/jersey/containers/jersey-container-servlet/2.33/jersey-container-servlet-2.33.jar:/home/user/.m2/repository/org/glassfish/hk2/guice-bridge/2.5.0/guice-bridge-2.5.0.jar:/home/user/.m2/repository/org/glassfish/jersey/core/jersey-server/2.33/jersey-server-2.33.jar:/home/user/.m2/repository/org/glassfish/jersey/core/jersey-client/2.33/jersey-client-2.33.jar:/home/user/.m2/repository/jakarta/annotation/jakarta.annotation-api/1.3.5/jakarta.annotation-api-1.3.5.jar:/home/user/.m2/repository/jakarta/validation/jakarta.validation-api/2.0.2/jakarta.validation-api-2.0.2.jar:/home/user/.m2/repository/org/glassfish/jersey/media/jersey-media-json-jackson/2.33/jersey-media-json-jackson-2.33.jar:/home/user/.m2/repository/org/glassfish/jersey/ext/jersey-entity-filtering/2.33/jersey-entity-filtering-2.33.jar:/home/user/.m2/repository/org/jooq/jooq/3.11.10/jooq-3.11.10.jar:/home/user/.m2/repository/org/jooq/jooq-meta/3.11.10/jooq-meta-3.11.10.jar:/home/user/.m2/repository/org/jooq/jooq-codegen/3.11.10/jooq-codegen-3.11.10.jar:/home/user/.m2/repository/com/jolbox/bonecp/0.8.0.RELEASE/bonecp-0.8.0.RELEASE.jar:/home/user/.m2/repository/org/apache/derby/derby/10.14.2.0/derby-10.14.2.0.jar:/home/user/.m2/repository/org/xerial/sqlite-jdbc/3.25.2/sqlite-jdbc-3.25.2.jar:/home/user/.m2/repository/org/springframework/spring-jdbc/5.2.11.RELEASE/spring-jdbc-5.2.11.RELEASE.jar:/home/user/.m2/repository/org/springframework/spring-beans/5.2.11.RELEASE/spring-beans-5.2.11.RELEASE.jar:/home/user/.m2/repository/org/springframework/spring-core/5.2.11.RELEASE/spring-core-5.2.11.RELEASE.jar:/home/user/.m2/repository/org/springframework/spring-jcl/5.2.11.RELEASE/spring-jcl-5.2.11.RELEASE.jar:/home/user/.m2/repository/org/springframework/spring-tx/5.2.11.RELEASE/spring-tx-5.2.11.RELEASE.jar:/home/user/.m2/repository/org/apache/hadoop/hadoop-ozone-client/1.2.0-SNAPSHOT/hadoop-ozone-client-1.2.0-SNAPSHOT.jar:/home/user/.m2/repository/org/apache/hadoop/hadoop-ozone-filesystem/1.2.0-SNAPSHOT/hadoop-ozone-filesystem-1.2.0-SNAPSHOT.jar:/home/user/.m2/repository/org/apache/hadoop/hadoop-ozone-filesystem-common/1.2.0-SNAPSHOT/hadoop-ozone-filesystem-common-1.2.0-SNAPSHOT.jar:/home/user/.m2/repository/org/apache/hadoop/hadoop-ozone-tools/1.2.0-SNAPSHOT/hadoop-ozone-tools-1.2.0-SNAPSHOT.jar:/home/user/.m2/repository/org/apache/ratis/ratis-tools/2.1.0-ff8aa66-SNAPSHOT/ratis-tools-2.1.0-ff8aa66-SNAPSHOT.jar:/home/user/.m2/repository/org/apache/ratis/ratis-proto/2.1.0-ff8aa66-SNAPSHOT/ratis-proto-2.1.0-ff8aa66-SNAPSHOT.jar:/home/user/.m2/repository/org/apache/ratis/ratis-common/2.1.0-ff8aa66-SNAPSHOT/ratis-common-2.1.0-ff8aa66-SNAPSHOT.jar:/home/user/.m2/repository/com/amazonaws/aws-java-sdk-core/1.11.901/aws-java-sdk-core-1.11.901.jar:/home/user/.m2/repository/org/apache/httpcomponents/httpclient/4.5.13/httpclient-4.5.13.jar:/home/user/.m2/repository/org/apache/httpcomponents/httpcore/4.4.13/httpcore-4.4.13.jar:/home/user/.m2/repository/software/amazon/ion/ion-java/1.0.2/ion-java-1.0.2.jar:/home/user/.m2/repository/com/fasterxml/jackson/dataformat/jackson-dataformat-cbor/2.12.1/jackson-dataformat-cbor-2.12.1.jar:/home/user/.m2/repository/joda-time/joda-time/2.8.1/joda-time-2.8.1.jar:/home/user/.m2/repository/com/amazonaws/aws-java-sdk-s3/1.11.901/aws-java-sdk-s3-1.11.901.jar:/home/user/.m2/repository/com/amazonaws/aws-java-sdk-kms/1.11.901/aws-java-sdk-kms-1.11.901.jar:/home/user/.m2/repository/com/amazonaws/jmespath-java/1.11.901/jmespath-java-1.11.901.jar:/home/user/.m2/repository/org/kohsuke/metainf-services/metainf-services/1.8/metainf-services-1.8.jar:/home/user/.m2/repository/org/apache/hadoop/hadoop-hdds-tools/1.2.0-SNAPSHOT/hadoop-hdds-tools-1.2.0-SNAPSHOT.jar:/home/user/.m2/repository/commons-cli/commons-cli/1.2/commons-cli-1.2.jar:/home/user/.m2/repository/org/apache/commons/commons-lang3/3.7/commons-lang3-3.7.jar:/home/user/.m2/repository/org/apache/hadoop/hadoop-ozone-ozone-manager/1.2.0-SNAPSHOT/hadoop-ozone-ozone-manager-1.2.0-SNAPSHOT-tests.jar:/home/user/.m2/repository/org/apache/hadoop/hadoop-hdds-common/1.2.0-SNAPSHOT/hadoop-hdds-common-1.2.0-SNAPSHOT-tests.jar:/home/user/.m2/repository/org/apache/hadoop/hadoop-hdds-hadoop-dependency-client/1.2.0-SNAPSHOT/hadoop-hdds-hadoop-dependency-client-1.2.0-SNAPSHOT.jar:/home/user/.m2/repository/info/picocli/picocli/4.4.0/picocli-4.4.0.jar:/home/user/.m2/repository/com/fasterxml/jackson/core/jackson-annotations/2.12.1/jackson-annotations-2.12.1.jar:/home/user/.m2/repository/javax/annotation/javax.annotation-api/1.2/javax.annotation-api-1.2.jar:/home/user/.m2/repository/org/fusesource/leveldbjni/leveldbjni-all/1.8/leveldbjni-all-1.8.jar:/home/user/.m2/repository/org/apache/ratis/ratis-server/2.1.0-ff8aa66-SNAPSHOT/ratis-server-2.1.0-ff8aa66-SNAPSHOT.jar:/home/user/.m2/repository/org/apache/ratis/ratis-client/2.1.0-ff8aa66-SNAPSHOT/ratis-client-2.1.0-ff8aa66-SNAPSHOT.jar:/home/user/.m2/repository/org/apache/ratis/ratis-server-api/2.1.0-ff8aa66-SNAPSHOT/ratis-server-api-2.1.0-ff8aa66-SNAPSHOT.jar:/home/user/.m2/repository/org/apache/ratis/ratis-metrics/2.1.0-ff8aa66-SNAPSHOT/ratis-metrics-2.1.0-ff8aa66-SNAPSHOT.jar:/home/user/.m2/repository/org/apache/ratis/ratis-netty/2.1.0-ff8aa66-SNAPSHOT/ratis-netty-2.1.0-ff8aa66-SNAPSHOT.jar:/home/user/.m2/repository/org/apache/ratis/ratis-grpc/2.1.0-ff8aa66-SNAPSHOT/ratis-grpc-2.1.0-ff8aa66-SNAPSHOT.jar:/home/user/.m2/repository/org/apache/logging/log4j/log4j-api/2.13.3/log4j-api-2.13.3.jar:/home/user/.m2/repository/org/apache/logging/log4j/log4j-core/2.13.3/log4j-core-2.13.3.jar:/home/user/.m2/repository/com/lmax/disruptor/3.4.2/disruptor-3.4.2.jar:/home/user/.m2/repository/org/apache/commons/commons-pool2/2.6.0/commons-pool2-2.6.0.jar:/home/user/.m2/repository/org/bouncycastle/bcpkix-jdk15on/1.67/bcpkix-jdk15on-1.67.jar:/home/user/.m2/repository/commons-validator/commons-validator/1.6/commons-validator-1.6.jar:/home/user/.m2/repository/commons-beanutils/commons-beanutils/1.9.4/commons-beanutils-1.9.4.jar:/home/user/.m2/repository/commons-digester/commons-digester/1.8.1/commons-digester-1.8.1.jar:/home/user/.m2/repository/commons-collections/commons-collections/3.2.2/commons-collections-3.2.2.jar:/home/user/.m2/repository/io/jaegertracing/jaeger-client/1.6.0/jaeger-client-1.6.0.jar:/home/user/.m2/repository/io/jaegertracing/jaeger-thrift/1.6.0/jaeger-thrift-1.6.0.jar:/home/user/.m2/repository/org/apache/thrift/libthrift/0.14.1/libthrift-0.14.1.jar:/home/user/.m2/repository/com/squareup/okhttp3/okhttp/4.9.0/okhttp-4.9.0.jar:/home/user/.m2/repository/com/squareup/okio/okio/2.8.0/okio-2.8.0.jar:/home/user/.m2/repository/io/jaegertracing/jaeger-core/1.6.0/jaeger-core-1.6.0.jar:/home/user/.m2/repository/io/jaegertracing/jaeger-tracerresolver/1.6.0/jaeger-tracerresolver-1.6.0.jar:/home/user/.m2/repository/io/opentracing/contrib/opentracing-tracerresolver/0.1.8/opentracing-tracerresolver-0.1.8.jar:/home/user/.m2/repository/org/jetbrains/kotlin/kotlin-stdlib/1.4.31/kotlin-stdlib-1.4.31.jar:/home/user/.m2/repository/org/jetbrains/kotlin/kotlin-stdlib-common/1.4.31/kotlin-stdlib-common-1.4.31.jar:/home/user/.m2/repository/org/jetbrains/annotations/13.0/annotations-13.0.jar:/home/user/.m2/repository/io/opentracing/opentracing-util/0.33.0/opentracing-util-0.33.0.jar:/home/user/.m2/repository/io/opentracing/opentracing-api/0.33.0/opentracing-api-0.33.0.jar:/home/user/.m2/repository/io/opentracing/opentracing-noop/0.33.0/opentracing-noop-0.33.0.jar:/home/user/.m2/repository/org/yaml/snakeyaml/1.26/snakeyaml-1.26.jar:/home/user/.m2/repository/org/apache/hadoop/hadoop-hdds-interface-admin/1.2.0-SNAPSHOT/hadoop-hdds-interface-admin-1.2.0-SNAPSHOT.jar:/home/user/.m2/repository/junit/junit/4.13.1/junit-4.13.1.jar:/home/user/.m2/repository/org/hamcrest/hamcrest-core/1.3/hamcrest-core-1.3.jar:/home/user/.m2/repository/org/junit/jupiter/junit-jupiter-api/5.7.0/junit-jupiter-api-5.7.0.jar:/home/user/.m2/repository/org/apiguardian/apiguardian-api/1.1.0/apiguardian-api-1.1.0.jar:/home/user/.m2/repository/org/opentest4j/opentest4j/1.2.0/opentest4j-1.2.0.jar:/home/user/.m2/repository/org/junit/platform/junit-platform-commons/1.7.0/junit-platform-commons-1.7.0.jar:/home/user/.m2/repository/org/junit/jupiter/junit-jupiter-engine/5.7.0/junit-jupiter-engine-5.7.0.jar:/home/user/.m2/repository/org/junit/platform/junit-platform-engine/1.7.0/junit-platform-engine-1.7.0.jar:/home/user/.m2/repository/org/junit/vintage/junit-vintage-engine/5.7.0/junit-vintage-engine-5.7.0.jar:/home/user/.m2/repository/org/junit/platform/junit-platform-launcher/1.7.0/junit-platform-launcher-1.7.0.jar:/home/user/.m2/repository/org/openjdk/jmh/jmh-core/1.19/jmh-core-1.19.jar:/home/user/.m2/repository/net/sf/jopt-simple/jopt-simple/4.6/jopt-simple-4.6.jar:/home/user/.m2/repository/org/apache/commons/commons-math3/3.1.1/commons-math3-3.1.1.jar:/home/user/.m2/repository/org/openjdk/jmh/jmh-generator-annprocess/1.19/jmh-generator-annprocess-1.19.jar:/home/user/.m2/repository/org/mockito/mockito-all/1.8.5/mockito-all-1.8.5.jar:/home/user/.m2/repository/org/apache/hadoop/hadoop-kms/3.2.2/hadoop-kms-3.2.2.jar:/home/user/.m2/repository/org/apache/hadoop/hadoop-auth/3.2.2/hadoop-auth-3.2.2.jar:/home/user/.m2/repository/com/nimbusds/nimbus-jose-jwt/7.9/nimbus-jose-jwt-7.9.jar:/home/user/.m2/repository/com/github/stephenc/jcip/jcip-annotations/1.0-1/jcip-annotations-1.0-1.jar:/home/user/.m2/repository/net/minidev/json-smart/2.3/json-smart-2.3.jar:/home/user/.m2/repository/net/minidev/accessors-smart/1.2/accessors-smart-1.2.jar:/home/user/.m2/repository/org/ow2/asm/asm/5.0.4/asm-5.0.4.jar:/home/user/.m2/repository/org/apache/zookeeper/zookeeper/3.4.13/zookeeper-3.4.13.jar:/home/user/.m2/repository/org/apache/yetus/audience-annotations/0.5.0/audience-annotations-0.5.0.jar:/home/user/.m2/repository/org/apache/curator/curator-framework/2.13.0/curator-framework-2.13.0.jar:/home/user/.m2/repository/com/sun/jersey/jersey-core/1.19/jersey-core-1.19.jar:/home/user/.m2/repository/javax/ws/rs/jsr311-api/1.1.1/jsr311-api-1.1.1.jar:/home/user/.m2/repository/com/sun/jersey/jersey-server/1.19/jersey-server-1.19.jar:/home/user/.m2/repository/javax/servlet/javax.servlet-api/3.1.0/javax.servlet-api-3.1.0.jar:/home/user/.m2/repository/org/eclipse/jetty/jetty-server/9.4.35.v20201120/jetty-server-9.4.35.v20201120.jar:/home/user/.m2/repository/org/eclipse/jetty/jetty-http/9.4.35.v20201120/jetty-http-9.4.35.v20201120.jar:/home/user/.m2/repository/org/eclipse/jetty/jetty-io/9.4.35.v20201120/jetty-io-9.4.35.v20201120.jar:/home/user/.m2/repository/org/eclipse/jetty/jetty-webapp/9.4.35.v20201120/jetty-webapp-9.4.35.v20201120.jar:/home/user/.m2/repository/org/eclipse/jetty/jetty-xml/9.4.35.v20201120/jetty-xml-9.4.35.v20201120.jar:/home/user/.m2/repository/org/apache/hadoop/hadoop-common/3.2.2/hadoop-common-3.2.2.jar:/home/user/.m2/repository/commons-net/commons-net/3.6/commons-net-3.6.jar:/home/user/.m2/repository/javax/activation/javax.activation-api/1.2.0/javax.activation-api-1.2.0.jar:/home/user/.m2/repository/com/sun/jersey/jersey-servlet/1.19/jersey-servlet-1.19.jar:/home/user/.m2/repository/com/sun/jersey/jersey-json/1.19/jersey-json-1.19.jar:/home/user/.m2/repository/org/codehaus/jettison/jettison/1.1/jettison-1.1.jar:/home/user/.m2/repository/com/sun/xml/bind/jaxb-impl/2.2.3-1/jaxb-impl-2.2.3-1.jar:/home/user/.m2/repository/org/codehaus/jackson/jackson-jaxrs/1.9.2/jackson-jaxrs-1.9.2.jar:/home/user/.m2/repository/org/codehaus/jackson/jackson-xc/1.9.2/jackson-xc-1.9.2.jar:/home/user/.m2/repository/org/apache/commons/commons-configuration2/2.1.1/commons-configuration2-2.1.1.jar:/home/user/.m2/repository/org/apache/commons/commons-text/1.4/commons-text-1.4.jar:/home/user/.m2/repository/com/google/re2j/re2j/1.1/re2j-1.1.jar:/home/user/.m2/repository/com/jcraft/jsch/0.1.54/jsch-0.1.54.jar:/home/user/.m2/repository/org/apache/curator/curator-client/2.13.0/curator-client-2.13.0.jar:/home/user/.m2/repository/org/apache/curator/curator-recipes/2.13.0/curator-recipes-2.13.0.jar:/home/user/.m2/repository/dnsjava/dnsjava/2.1.7/dnsjava-2.1.7.jar:/home/user/.m2/repository/org/slf4j/jul-to-slf4j/1.7.30/jul-to-slf4j-1.7.30.jar:/home/user/.m2/repository/org/eclipse/jetty/jetty-util/9.4.35.v20201120/jetty-util-9.4.35.v20201120.jar:/home/user/.m2/repository/com/fasterxml/jackson/core/jackson-databind/2.12.1/jackson-databind-2.12.1.jar:/home/user/.m2/repository/org/apache/hadoop/hadoop-kms/3.2.2/hadoop-kms-3.2.2-tests.jar:/home/user/.m2/repository/org/apache/hadoop/hadoop-hdds-server-scm/1.2.0-SNAPSHOT/hadoop-hdds-server-scm-1.2.0-SNAPSHOT-tests.jar:/home/user/.m2/repository/org/apache/hadoop/hadoop-hdds-container-service/1.2.0-SNAPSHOT/hadoop-hdds-container-service-1.2.0-SNAPSHOT-tests.jar:/home/user/.m2/repository/commons-codec/commons-codec/1.11/commons-codec-1.11.jar:/home/user/.m2/repository/org/apache/hadoop/hadoop-hdds-hadoop-dependency-test/1.2.0-SNAPSHOT/hadoop-hdds-hadoop-dependency-test-1.2.0-SNAPSHOT.jar:/home/user/.m2/repository/org/apache/hadoop/hadoop-common/3.2.2/hadoop-common-3.2.2-tests.jar:/home/user/.m2/repository/org/apache/hadoop/hadoop-hdfs/3.2.2/hadoop-hdfs-3.2.2-tests.jar:/home/user/.m2/repository/org/eclipse/jetty/jetty-util-ajax/9.4.35.v20201120/jetty-util-ajax-9.4.35.v20201120.jar:/home/user/.m2/repository/commons-daemon/commons-daemon/1.0.13/commons-daemon-1.0.13.jar:/home/user/.m2/repository/io/netty/netty/3.10.6.Final/netty-3.10.6.Final.jar:/home/user/.m2/repository/io/netty/netty-all/4.1.63.Final/netty-all-4.1.63.Final.jar:/home/user/.m2/repository/org/apache/htrace/htrace-core4/4.1.0-incubating/htrace-core4-4.1.0-incubating.jar:/home/user/.m2/repository/org/apache/hadoop/hadoop-distcp/3.2.2/hadoop-distcp-3.2.2.jar:/home/user/.m2/repository/org/apache/hadoop/hadoop-mapreduce-client-jobclient/3.2.2/hadoop-mapreduce-client-jobclient-3.2.2.jar:/home/user/.m2/repository/org/apache/hadoop/hadoop-mapreduce-client-common/3.2.2/hadoop-mapreduce-client-common-3.2.2.jar:/home/user/.m2/repository/org/apache/hadoop/hadoop-yarn-common/3.2.2/hadoop-yarn-common-3.2.2.jar:/home/user/.m2/repository/org/apache/hadoop/hadoop-yarn-api/3.2.2/hadoop-yarn-api-3.2.2.jar:/home/user/.m2/repository/com/sun/jersey/jersey-client/1.19/jersey-client-1.19.jar:/home/user/.m2/repository/com/sun/jersey/contribs/jersey-guice/1.19/jersey-guice-1.19.jar:/home/user/.m2/repository/com/fasterxml/jackson/jaxrs/jackson-jaxrs-json-provider/2.12.1/jackson-jaxrs-json-provider-2.12.1.jar:/home/user/.m2/repository/com/fasterxml/jackson/jaxrs/jackson-jaxrs-base/2.12.1/jackson-jaxrs-base-2.12.1.jar:/home/user/.m2/repository/org/apache/hadoop/hadoop-yarn-client/3.2.2/hadoop-yarn-client-3.2.2.jar:/home/user/.m2/repository/org/apache/hadoop/hadoop-mapreduce-client-core/3.2.2/hadoop-mapreduce-client-core-3.2.2.jar:/home/user/.m2/repository/org/apache/avro/avro/1.7.7/avro-1.7.7.jar:/home/user/.m2/repository/org/codehaus/jackson/jackson-core-asl/1.9.13/jackson-core-asl-1.9.13.jar:/home/user/.m2/repository/org/codehaus/jackson/jackson-mapper-asl/1.9.13/jackson-mapper-asl-1.9.13.jar:/home/user/.m2/repository/com/thoughtworks/paranamer/paranamer/2.3/paranamer-2.3.jar:/home/user/.m2/repository/org/xerial/snappy/snappy-java/1.0.5/snappy-java-1.0.5.jar:/home/user/.m2/repository/org/apache/hadoop/hadoop-annotations/3.2.2/hadoop-annotations-3.2.2.jar:/usr/lib/jvm/java-1.8.0-openjdk-1.8.0.232.b09-0.el7_7.x86_64/jre/../lib/tools.jar:/home/user/.m2/repository/org/apache/hadoop/hadoop-distcp/3.2.2/hadoop-distcp-3.2.2-tests.jar:"/>
    <property name="java.vm.vendor" value="Oracle Corporation"/>
    <property name="sun.arch.data.model" value="64"/>
    <property name="test.build.dir" value="/github/workspace/mnt/ozone/hadoop-ozone/integration-test/target/test-dir"/>
    <property name="test.cache.data" value=""/>
    <property name="java.vendor.url" value="http://java.oracle.com/"/>
    <property name="user.timezone" value=""/>
    <property name="java.vm.specification.version" value="1.8"/>
    <property name="os.name" value="Linux"/>
    <property name="test.build.data" value="/github/workspace/mnt/ozone/hadoop-ozone/integration-test/target/test-dir"/>
    <property name="user.country" value="US"/>
    <property name="sun.java.launcher" value="SUN_STANDARD"/>
    <property name="sun.boot.library.path" value="/usr/lib/jvm/java-1.8.0-openjdk-1.8.0.232.b09-0.el7_7.x86_64/jre/lib/amd64"/>
    <property name="sun.java.command" value="/github/workspace/mnt/ozone/hadoop-ozone/integration-test/target/surefire/surefirebooter9067352312254941425.jar /github/workspace/mnt/ozone/hadoop-ozone/integration-test/target/surefire 2021-04-29T10-24-13_883-jvmRun1 surefire9121274112584389871tmp surefire_146489513303525662048tmp"/>
    <property name="surefire.test.class.path" value="/github/workspace/mnt/ozone/hadoop-ozone/integration-test/target/test-classes:/github/workspace/mnt/ozone/hadoop-ozone/integration-test/target/classes:/home/user/.m2/repository/org/apache/hadoop/hadoop-ozone-common/1.2.0-SNAPSHOT/hadoop-ozone-common-1.2.0-SNAPSHOT.jar:/home/user/.m2/repository/org/apache/commons/commons-compress/1.20/commons-compress-1.20.jar:/home/user/.m2/repository/org/apache/hadoop/hadoop-hdds-common/1.2.0-SNAPSHOT/hadoop-hdds-common-1.2.0-SNAPSHOT.jar:/home/user/.m2/repository/org/apache/hadoop/hadoop-hdds-client/1.2.0-SNAPSHOT/hadoop-hdds-client-1.2.0-SNAPSHOT.jar:/home/user/.m2/repository/org/apache/hadoop/hadoop-ozone-interface-client/1.2.0-SNAPSHOT/hadoop-ozone-interface-client-1.2.0-SNAPSHOT.jar:/home/user/.m2/repository/org/apache/hadoop/hadoop-hdds-test-utils/1.2.0-SNAPSHOT/hadoop-hdds-test-utils-1.2.0-SNAPSHOT.jar:/home/user/.m2/repository/com/google/guava/guava/30.1.1-jre/guava-30.1.1-jre.jar:/home/user/.m2/repository/com/google/guava/failureaccess/1.0.1/failureaccess-1.0.1.jar:/home/user/.m2/repository/com/google/guava/listenablefuture/9999.0-empty-to-avoid-conflict-with-guava/listenablefuture-9999.0-empty-to-avoid-conflict-with-guava.jar:/home/user/.m2/repository/com/google/code/findbugs/jsr305/3.0.0/jsr305-3.0.0.jar:/home/user/.m2/repository/org/checkerframework/checker-qual/3.8.0/checker-qual-3.8.0.jar:/home/user/.m2/repository/com/google/errorprone/error_prone_annotations/2.2.0/error_prone_annotations-2.2.0.jar:/home/user/.m2/repository/com/google/j2objc/j2objc-annotations/1.3/j2objc-annotations-1.3.jar:/home/user/.m2/repository/commons-io/commons-io/2.5/commons-io-2.5.jar:/home/user/.m2/repository/commons-logging/commons-logging/1.2/commons-logging-1.2.jar:/home/user/.m2/repository/log4j/log4j/1.2.17/log4j-1.2.17.jar:/home/user/.m2/repository/org/slf4j/slf4j-api/1.7.30/slf4j-api-1.7.30.jar:/home/user/.m2/repository/org/apache/hadoop/hadoop-hdds-server-scm/1.2.0-SNAPSHOT/hadoop-hdds-server-scm-1.2.0-SNAPSHOT.jar:/home/user/.m2/repository/org/apache/hadoop/hadoop-hdds-container-service/1.2.0-SNAPSHOT/hadoop-hdds-container-service-1.2.0-SNAPSHOT.jar:/home/user/.m2/repository/org/apache/hadoop/hadoop-hdds-hadoop-dependency-server/1.2.0-SNAPSHOT/hadoop-hdds-hadoop-dependency-server-1.2.0-SNAPSHOT.jar:/home/user/.m2/repository/org/apache/hadoop/hadoop-hdfs/3.2.2/hadoop-hdfs-3.2.2.jar:/home/user/.m2/repository/org/apache/hadoop/hadoop-hdds-server-framework/1.2.0-SNAPSHOT/hadoop-hdds-server-framework-1.2.0-SNAPSHOT.jar:/home/user/.m2/repository/org/apache/hadoop/hadoop-hdds-interface-server/1.2.0-SNAPSHOT/hadoop-hdds-interface-server-1.2.0-SNAPSHOT.jar:/home/user/.m2/repository/org/eclipse/jetty/jetty-servlet/9.4.35.v20201120/jetty-servlet-9.4.35.v20201120.jar:/home/user/.m2/repository/org/eclipse/jetty/jetty-security/9.4.35.v20201120/jetty-security-9.4.35.v20201120.jar:/home/user/.m2/repository/org/rocksdb/rocksdbjni/6.8.1/rocksdbjni-6.8.1.jar:/home/user/.m2/repository/io/prometheus/simpleclient_dropwizard/0.7.0/simpleclient_dropwizard-0.7.0.jar:/home/user/.m2/repository/io/prometheus/simpleclient/0.7.0/simpleclient-0.7.0.jar:/home/user/.m2/repository/io/prometheus/simpleclient_common/0.7.0/simpleclient_common-0.7.0.jar:/home/user/.m2/repository/com/fasterxml/jackson/datatype/jackson-datatype-jsr310/2.12.1/jackson-datatype-jsr310-2.12.1.jar:/home/user/.m2/repository/io/dropwizard/metrics/metrics-core/3.2.4/metrics-core-3.2.4.jar:/home/user/.m2/repository/org/apache/hadoop/hadoop-hdfs-client/3.2.2/hadoop-hdfs-client-3.2.2.jar:/home/user/.m2/repository/org/bouncycastle/bcprov-jdk15on/1.67/bcprov-jdk15on-1.67.jar:/home/user/.m2/repository/com/google/protobuf/protobuf-java/2.5.0/protobuf-java-2.5.0.jar:/home/user/.m2/repository/org/apache/hadoop/hadoop-ozone-ozone-manager/1.2.0-SNAPSHOT/hadoop-ozone-ozone-manager-1.2.0-SNAPSHOT.jar:/home/user/.m2/repository/org/apache/hadoop/hadoop-hdds-interface-client/1.2.0-SNAPSHOT/hadoop-hdds-interface-client-1.2.0-SNAPSHOT.jar:/home/user/.m2/repository/org/apache/ratis/ratis-thirdparty-misc/0.7.0-a398b19-SNAPSHOT/ratis-thirdparty-misc-0.7.0-a398b19-SNAPSHOT.jar:/home/user/.m2/repository/org/apache/hadoop/hadoop-ozone-interface-storage/1.2.0-SNAPSHOT/hadoop-ozone-interface-storage-1.2.0-SNAPSHOT.jar:/home/user/.m2/repository/org/apache/hadoop/hadoop-minikdc/3.2.2/hadoop-minikdc-3.2.2.jar:/home/user/.m2/repository/org/apache/kerby/kerb-simplekdc/1.0.1/kerb-simplekdc-1.0.1.jar:/home/user/.m2/repository/org/apache/kerby/kerb-client/1.0.1/kerb-client-1.0.1.jar:/home/user/.m2/repository/org/apache/kerby/kerby-config/1.0.1/kerby-config-1.0.1.jar:/home/user/.m2/repository/org/apache/kerby/kerb-core/1.0.1/kerb-core-1.0.1.jar:/home/user/.m2/repository/org/apache/kerby/kerby-pkix/1.0.1/kerby-pkix-1.0.1.jar:/home/user/.m2/repository/org/apache/kerby/kerby-asn1/1.0.1/kerby-asn1-1.0.1.jar:/home/user/.m2/repository/org/apache/kerby/kerby-util/1.0.1/kerby-util-1.0.1.jar:/home/user/.m2/repository/org/apache/kerby/kerb-common/1.0.1/kerb-common-1.0.1.jar:/home/user/.m2/repository/org/apache/kerby/kerb-crypto/1.0.1/kerb-crypto-1.0.1.jar:/home/user/.m2/repository/org/apache/kerby/kerb-util/1.0.1/kerb-util-1.0.1.jar:/home/user/.m2/repository/org/apache/kerby/token-provider/1.0.1/token-provider-1.0.1.jar:/home/user/.m2/repository/org/apache/kerby/kerb-admin/1.0.1/kerb-admin-1.0.1.jar:/home/user/.m2/repository/org/apache/kerby/kerb-server/1.0.1/kerb-server-1.0.1.jar:/home/user/.m2/repository/org/apache/kerby/kerb-identity/1.0.1/kerb-identity-1.0.1.jar:/home/user/.m2/repository/org/apache/kerby/kerby-xdr/1.0.1/kerby-xdr-1.0.1.jar:/home/user/.m2/repository/org/slf4j/slf4j-log4j12/1.7.30/slf4j-log4j12-1.7.30.jar:/home/user/.m2/repository/org/apache/hadoop/hadoop-ozone-s3gateway/1.2.0-SNAPSHOT/hadoop-ozone-s3gateway-1.2.0-SNAPSHOT.jar:/home/user/.m2/repository/org/jboss/weld/servlet/weld-servlet/2.4.7.Final/weld-servlet-2.4.7.Final.jar:/home/user/.m2/repository/org/glassfish/jersey/containers/jersey-container-servlet-core/2.33/jersey-container-servlet-core-2.33.jar:/home/user/.m2/repository/org/glassfish/hk2/external/jakarta.inject/2.6.1/jakarta.inject-2.6.1.jar:/home/user/.m2/repository/org/glassfish/jersey/core/jersey-common/2.33/jersey-common-2.33.jar:/home/user/.m2/repository/jakarta/ws/rs/jakarta.ws.rs-api/2.1.6/jakarta.ws.rs-api-2.1.6.jar:/home/user/.m2/repository/org/glassfish/jersey/ext/cdi/jersey-cdi1x/2.33/jersey-cdi1x-2.33.jar:/home/user/.m2/repository/org/glassfish/jersey/inject/jersey-hk2/2.33/jersey-hk2-2.33.jar:/home/user/.m2/repository/org/glassfish/hk2/hk2-locator/2.6.1/hk2-locator-2.6.1.jar:/home/user/.m2/repository/org/javassist/javassist/3.25.0-GA/javassist-3.25.0-GA.jar:/home/user/.m2/repository/org/glassfish/jersey/media/jersey-media-jaxb/2.33/jersey-media-jaxb-2.33.jar:/home/user/.m2/repository/org/glassfish/hk2/osgi-resource-locator/1.0.3/osgi-resource-locator-1.0.3.jar:/home/user/.m2/repository/org/glassfish/hk2/hk2-api/2.5.0/hk2-api-2.5.0.jar:/home/user/.m2/repository/org/glassfish/hk2/hk2-utils/2.5.0/hk2-utils-2.5.0.jar:/home/user/.m2/repository/org/glassfish/hk2/external/aopalliance-repackaged/2.5.0/aopalliance-repackaged-2.5.0.jar:/home/user/.m2/repository/com/fasterxml/jackson/dataformat/jackson-dataformat-xml/2.12.1/jackson-dataformat-xml-2.12.1.jar:/home/user/.m2/repository/com/fasterxml/jackson/core/jackson-core/2.12.1/jackson-core-2.12.1.jar:/home/user/.m2/repository/com/fasterxml/jackson/module/jackson-module-jaxb-annotations/2.12.1/jackson-module-jaxb-annotations-2.12.1.jar:/home/user/.m2/repository/jakarta/xml/bind/jakarta.xml.bind-api/2.3.2/jakarta.xml.bind-api-2.3.2.jar:/home/user/.m2/repository/jakarta/activation/jakarta.activation-api/1.2.1/jakarta.activation-api-1.2.1.jar:/home/user/.m2/repository/org/codehaus/woodstox/stax2-api/3.1.4/stax2-api-3.1.4.jar:/home/user/.m2/repository/com/fasterxml/woodstox/woodstox-core/5.0.3/woodstox-core-5.0.3.jar:/home/user/.m2/repository/javax/enterprise/cdi-api/1.2/cdi-api-1.2.jar:/home/user/.m2/repository/javax/el/javax.el-api/3.0.0/javax.el-api-3.0.0.jar:/home/user/.m2/repository/javax/interceptor/javax.interceptor-api/1.2/javax.interceptor-api-1.2.jar:/home/user/.m2/repository/javax/inject/javax.inject/1/javax.inject-1.jar:/home/user/.m2/repository/javax/xml/bind/jaxb-api/2.3.0/jaxb-api-2.3.0.jar:/home/user/.m2/repository/org/glassfish/jaxb/jaxb-runtime/2.3.0.1/jaxb-runtime-2.3.0.1.jar:/home/user/.m2/repository/org/glassfish/jaxb/jaxb-core/2.3.0.1/jaxb-core-2.3.0.1.jar:/home/user/.m2/repository/org/glassfish/jaxb/txw2/2.3.0.1/txw2-2.3.0.1.jar:/home/user/.m2/repository/com/sun/istack/istack-commons-runtime/3.0.5/istack-commons-runtime-3.0.5.jar:/home/user/.m2/repository/org/jvnet/staxex/stax-ex/1.7.8/stax-ex-1.7.8.jar:/home/user/.m2/repository/com/sun/xml/fastinfoset/FastInfoset/1.2.13/FastInfoset-1.2.13.jar:/home/user/.m2/repository/javax/activation/activation/1.1.1/activation-1.1.1.jar:/home/user/.m2/repository/org/apache/hadoop/hadoop-ozone-csi/1.2.0-SNAPSHOT/hadoop-ozone-csi-1.2.0-SNAPSHOT.jar:/home/user/.m2/repository/com/google/protobuf/protobuf-java-util/3.12.0/protobuf-java-util-3.12.0.jar:/home/user/.m2/repository/com/google/code/gson/gson/2.2.4/gson-2.2.4.jar:/home/user/.m2/repository/org/apache/hadoop/hadoop-hdds-config/1.2.0-SNAPSHOT/hadoop-hdds-config-1.2.0-SNAPSHOT.jar:/home/user/.m2/repository/io/grpc/grpc-netty/1.33.0/grpc-netty-1.33.0.jar:/home/user/.m2/repository/io/grpc/grpc-core/1.33.0/grpc-core-1.33.0.jar:/home/user/.m2/repository/com/google/android/annotations/4.1.1.4/annotations-4.1.1.4.jar:/home/user/.m2/repository/io/netty/netty-codec-http2/4.1.51.Final/netty-codec-http2-4.1.51.Final.jar:/home/user/.m2/repository/io/netty/netty-codec/4.1.51.Final/netty-codec-4.1.51.Final.jar:/home/user/.m2/repository/io/netty/netty-handler/4.1.51.Final/netty-handler-4.1.51.Final.jar:/home/user/.m2/repository/io/netty/netty-codec-http/4.1.51.Final/netty-codec-http-4.1.51.Final.jar:/home/user/.m2/repository/io/netty/netty-handler-proxy/4.1.51.Final/netty-handler-proxy-4.1.51.Final.jar:/home/user/.m2/repository/io/netty/netty-codec-socks/4.1.51.Final/netty-codec-socks-4.1.51.Final.jar:/home/user/.m2/repository/io/perfmark/perfmark-api/0.19.0/perfmark-api-0.19.0.jar:/home/user/.m2/repository/org/codehaus/mojo/animal-sniffer-annotations/1.18/animal-sniffer-annotations-1.18.jar:/home/user/.m2/repository/io/netty/netty-transport-native-epoll/4.1.63.Final/netty-transport-native-epoll-4.1.63.Final.jar:/home/user/.m2/repository/io/netty/netty-common/4.1.63.Final/netty-common-4.1.63.Final.jar:/home/user/.m2/repository/io/netty/netty-buffer/4.1.63.Final/netty-buffer-4.1.63.Final.jar:/home/user/.m2/repository/io/netty/netty-transport/4.1.63.Final/netty-transport-4.1.63.Final.jar:/home/user/.m2/repository/io/netty/netty-resolver/4.1.63.Final/netty-resolver-4.1.63.Final.jar:/home/user/.m2/repository/io/netty/netty-transport-native-unix-common/4.1.63.Final/netty-transport-native-unix-common-4.1.63.Final.jar:/home/user/.m2/repository/io/grpc/grpc-protobuf/1.33.0/grpc-protobuf-1.33.0.jar:/home/user/.m2/repository/io/grpc/grpc-api/1.33.0/grpc-api-1.33.0.jar:/home/user/.m2/repository/io/grpc/grpc-context/1.33.0/grpc-context-1.33.0.jar:/home/user/.m2/repository/com/google/api/grpc/proto-google-common-protos/1.17.0/proto-google-common-protos-1.17.0.jar:/home/user/.m2/repository/io/grpc/grpc-protobuf-lite/1.33.0/grpc-protobuf-lite-1.33.0.jar:/home/user/.m2/repository/io/grpc/grpc-stub/1.33.0/grpc-stub-1.33.0.jar:/home/user/.m2/repository/org/apache/hadoop/hadoop-ozone-recon/1.2.0-SNAPSHOT/hadoop-ozone-recon-1.2.0-SNAPSHOT.jar:/home/user/.m2/repository/org/apache/hadoop/hadoop-ozone-reconcodegen/1.2.0-SNAPSHOT/hadoop-ozone-reconcodegen-1.2.0-SNAPSHOT.jar:/home/user/.m2/repository/com/google/inject/extensions/guice-multibindings/4.0/guice-multibindings-4.0.jar:/home/user/.m2/repository/com/google/inject/guice/4.0/guice-4.0.jar:/home/user/.m2/repository/aopalliance/aopalliance/1.0/aopalliance-1.0.jar:/home/user/.m2/repository/com/google/inject/extensions/guice-assistedinject/4.0/guice-assistedinject-4.0.jar:/home/user/.m2/repository/com/google/inject/extensions/guice-servlet/4.0/guice-servlet-4.0.jar:/home/user/.m2/repository/org/glassfish/jersey/containers/jersey-container-servlet/2.33/jersey-container-servlet-2.33.jar:/home/user/.m2/repository/org/glassfish/hk2/guice-bridge/2.5.0/guice-bridge-2.5.0.jar:/home/user/.m2/repository/org/glassfish/jersey/core/jersey-server/2.33/jersey-server-2.33.jar:/home/user/.m2/repository/org/glassfish/jersey/core/jersey-client/2.33/jersey-client-2.33.jar:/home/user/.m2/repository/jakarta/annotation/jakarta.annotation-api/1.3.5/jakarta.annotation-api-1.3.5.jar:/home/user/.m2/repository/jakarta/validation/jakarta.validation-api/2.0.2/jakarta.validation-api-2.0.2.jar:/home/user/.m2/repository/org/glassfish/jersey/media/jersey-media-json-jackson/2.33/jersey-media-json-jackson-2.33.jar:/home/user/.m2/repository/org/glassfish/jersey/ext/jersey-entity-filtering/2.33/jersey-entity-filtering-2.33.jar:/home/user/.m2/repository/org/jooq/jooq/3.11.10/jooq-3.11.10.jar:/home/user/.m2/repository/org/jooq/jooq-meta/3.11.10/jooq-meta-3.11.10.jar:/home/user/.m2/repository/org/jooq/jooq-codegen/3.11.10/jooq-codegen-3.11.10.jar:/home/user/.m2/repository/com/jolbox/bonecp/0.8.0.RELEASE/bonecp-0.8.0.RELEASE.jar:/home/user/.m2/repository/org/apache/derby/derby/10.14.2.0/derby-10.14.2.0.jar:/home/user/.m2/repository/org/xerial/sqlite-jdbc/3.25.2/sqlite-jdbc-3.25.2.jar:/home/user/.m2/repository/org/springframework/spring-jdbc/5.2.11.RELEASE/spring-jdbc-5.2.11.RELEASE.jar:/home/user/.m2/repository/org/springframework/spring-beans/5.2.11.RELEASE/spring-beans-5.2.11.RELEASE.jar:/home/user/.m2/repository/org/springframework/spring-core/5.2.11.RELEASE/spring-core-5.2.11.RELEASE.jar:/home/user/.m2/repository/org/springframework/spring-jcl/5.2.11.RELEASE/spring-jcl-5.2.11.RELEASE.jar:/home/user/.m2/repository/org/springframework/spring-tx/5.2.11.RELEASE/spring-tx-5.2.11.RELEASE.jar:/home/user/.m2/repository/org/apache/hadoop/hadoop-ozone-client/1.2.0-SNAPSHOT/hadoop-ozone-client-1.2.0-SNAPSHOT.jar:/home/user/.m2/repository/org/apache/hadoop/hadoop-ozone-filesystem/1.2.0-SNAPSHOT/hadoop-ozone-filesystem-1.2.0-SNAPSHOT.jar:/home/user/.m2/repository/org/apache/hadoop/hadoop-ozone-filesystem-common/1.2.0-SNAPSHOT/hadoop-ozone-filesystem-common-1.2.0-SNAPSHOT.jar:/home/user/.m2/repository/org/apache/hadoop/hadoop-ozone-tools/1.2.0-SNAPSHOT/hadoop-ozone-tools-1.2.0-SNAPSHOT.jar:/home/user/.m2/repository/org/apache/ratis/ratis-tools/2.1.0-ff8aa66-SNAPSHOT/ratis-tools-2.1.0-ff8aa66-SNAPSHOT.jar:/home/user/.m2/repository/org/apache/ratis/ratis-proto/2.1.0-ff8aa66-SNAPSHOT/ratis-proto-2.1.0-ff8aa66-SNAPSHOT.jar:/home/user/.m2/repository/org/apache/ratis/ratis-common/2.1.0-ff8aa66-SNAPSHOT/ratis-common-2.1.0-ff8aa66-SNAPSHOT.jar:/home/user/.m2/repository/com/amazonaws/aws-java-sdk-core/1.11.901/aws-java-sdk-core-1.11.901.jar:/home/user/.m2/repository/org/apache/httpcomponents/httpclient/4.5.13/httpclient-4.5.13.jar:/home/user/.m2/repository/org/apache/httpcomponents/httpcore/4.4.13/httpcore-4.4.13.jar:/home/user/.m2/repository/software/amazon/ion/ion-java/1.0.2/ion-java-1.0.2.jar:/home/user/.m2/repository/com/fasterxml/jackson/dataformat/jackson-dataformat-cbor/2.12.1/jackson-dataformat-cbor-2.12.1.jar:/home/user/.m2/repository/joda-time/joda-time/2.8.1/joda-time-2.8.1.jar:/home/user/.m2/repository/com/amazonaws/aws-java-sdk-s3/1.11.901/aws-java-sdk-s3-1.11.901.jar:/home/user/.m2/repository/com/amazonaws/aws-java-sdk-kms/1.11.901/aws-java-sdk-kms-1.11.901.jar:/home/user/.m2/repository/com/amazonaws/jmespath-java/1.11.901/jmespath-java-1.11.901.jar:/home/user/.m2/repository/org/kohsuke/metainf-services/metainf-services/1.8/metainf-services-1.8.jar:/home/user/.m2/repository/org/apache/hadoop/hadoop-hdds-tools/1.2.0-SNAPSHOT/hadoop-hdds-tools-1.2.0-SNAPSHOT.jar:/home/user/.m2/repository/commons-cli/commons-cli/1.2/commons-cli-1.2.jar:/home/user/.m2/repository/org/apache/commons/commons-lang3/3.7/commons-lang3-3.7.jar:/home/user/.m2/repository/org/apache/hadoop/hadoop-ozone-ozone-manager/1.2.0-SNAPSHOT/hadoop-ozone-ozone-manager-1.2.0-SNAPSHOT-tests.jar:/home/user/.m2/repository/org/apache/hadoop/hadoop-hdds-common/1.2.0-SNAPSHOT/hadoop-hdds-common-1.2.0-SNAPSHOT-tests.jar:/home/user/.m2/repository/org/apache/hadoop/hadoop-hdds-hadoop-dependency-client/1.2.0-SNAPSHOT/hadoop-hdds-hadoop-dependency-client-1.2.0-SNAPSHOT.jar:/home/user/.m2/repository/info/picocli/picocli/4.4.0/picocli-4.4.0.jar:/home/user/.m2/repository/com/fasterxml/jackson/core/jackson-annotations/2.12.1/jackson-annotations-2.12.1.jar:/home/user/.m2/repository/javax/annotation/javax.annotation-api/1.2/javax.annotation-api-1.2.jar:/home/user/.m2/repository/org/fusesource/leveldbjni/leveldbjni-all/1.8/leveldbjni-all-1.8.jar:/home/user/.m2/repository/org/apache/ratis/ratis-server/2.1.0-ff8aa66-SNAPSHOT/ratis-server-2.1.0-ff8aa66-SNAPSHOT.jar:/home/user/.m2/repository/org/apache/ratis/ratis-client/2.1.0-ff8aa66-SNAPSHOT/ratis-client-2.1.0-ff8aa66-SNAPSHOT.jar:/home/user/.m2/repository/org/apache/ratis/ratis-server-api/2.1.0-ff8aa66-SNAPSHOT/ratis-server-api-2.1.0-ff8aa66-SNAPSHOT.jar:/home/user/.m2/repository/org/apache/ratis/ratis-metrics/2.1.0-ff8aa66-SNAPSHOT/ratis-metrics-2.1.0-ff8aa66-SNAPSHOT.jar:/home/user/.m2/repository/org/apache/ratis/ratis-netty/2.1.0-ff8aa66-SNAPSHOT/ratis-netty-2.1.0-ff8aa66-SNAPSHOT.jar:/home/user/.m2/repository/org/apache/ratis/ratis-grpc/2.1.0-ff8aa66-SNAPSHOT/ratis-grpc-2.1.0-ff8aa66-SNAPSHOT.jar:/home/user/.m2/repository/org/apache/logging/log4j/log4j-api/2.13.3/log4j-api-2.13.3.jar:/home/user/.m2/repository/org/apache/logging/log4j/log4j-core/2.13.3/log4j-core-2.13.3.jar:/home/user/.m2/repository/com/lmax/disruptor/3.4.2/disruptor-3.4.2.jar:/home/user/.m2/repository/org/apache/commons/commons-pool2/2.6.0/commons-pool2-2.6.0.jar:/home/user/.m2/repository/org/bouncycastle/bcpkix-jdk15on/1.67/bcpkix-jdk15on-1.67.jar:/home/user/.m2/repository/commons-validator/commons-validator/1.6/commons-validator-1.6.jar:/home/user/.m2/repository/commons-beanutils/commons-beanutils/1.9.4/commons-beanutils-1.9.4.jar:/home/user/.m2/repository/commons-digester/commons-digester/1.8.1/commons-digester-1.8.1.jar:/home/user/.m2/repository/commons-collections/commons-collections/3.2.2/commons-collections-3.2.2.jar:/home/user/.m2/repository/io/jaegertracing/jaeger-client/1.6.0/jaeger-client-1.6.0.jar:/home/user/.m2/repository/io/jaegertracing/jaeger-thrift/1.6.0/jaeger-thrift-1.6.0.jar:/home/user/.m2/repository/org/apache/thrift/libthrift/0.14.1/libthrift-0.14.1.jar:/home/user/.m2/repository/com/squareup/okhttp3/okhttp/4.9.0/okhttp-4.9.0.jar:/home/user/.m2/repository/com/squareup/okio/okio/2.8.0/okio-2.8.0.jar:/home/user/.m2/repository/io/jaegertracing/jaeger-core/1.6.0/jaeger-core-1.6.0.jar:/home/user/.m2/repository/io/jaegertracing/jaeger-tracerresolver/1.6.0/jaeger-tracerresolver-1.6.0.jar:/home/user/.m2/repository/io/opentracing/contrib/opentracing-tracerresolver/0.1.8/opentracing-tracerresolver-0.1.8.jar:/home/user/.m2/repository/org/jetbrains/kotlin/kotlin-stdlib/1.4.31/kotlin-stdlib-1.4.31.jar:/home/user/.m2/repository/org/jetbrains/kotlin/kotlin-stdlib-common/1.4.31/kotlin-stdlib-common-1.4.31.jar:/home/user/.m2/repository/org/jetbrains/annotations/13.0/annotations-13.0.jar:/home/user/.m2/repository/io/opentracing/opentracing-util/0.33.0/opentracing-util-0.33.0.jar:/home/user/.m2/repository/io/opentracing/opentracing-api/0.33.0/opentracing-api-0.33.0.jar:/home/user/.m2/repository/io/opentracing/opentracing-noop/0.33.0/opentracing-noop-0.33.0.jar:/home/user/.m2/repository/org/yaml/snakeyaml/1.26/snakeyaml-1.26.jar:/home/user/.m2/repository/org/apache/hadoop/hadoop-hdds-interface-admin/1.2.0-SNAPSHOT/hadoop-hdds-interface-admin-1.2.0-SNAPSHOT.jar:/home/user/.m2/repository/junit/junit/4.13.1/junit-4.13.1.jar:/home/user/.m2/repository/org/hamcrest/hamcrest-core/1.3/hamcrest-core-1.3.jar:/home/user/.m2/repository/org/junit/jupiter/junit-jupiter-api/5.7.0/junit-jupiter-api-5.7.0.jar:/home/user/.m2/repository/org/apiguardian/apiguardian-api/1.1.0/apiguardian-api-1.1.0.jar:/home/user/.m2/repository/org/opentest4j/opentest4j/1.2.0/opentest4j-1.2.0.jar:/home/user/.m2/repository/org/junit/platform/junit-platform-commons/1.7.0/junit-platform-commons-1.7.0.jar:/home/user/.m2/repository/org/junit/jupiter/junit-jupiter-engine/5.7.0/junit-jupiter-engine-5.7.0.jar:/home/user/.m2/repository/org/junit/platform/junit-platform-engine/1.7.0/junit-platform-engine-1.7.0.jar:/home/user/.m2/repository/org/junit/vintage/junit-vintage-engine/5.7.0/junit-vintage-engine-5.7.0.jar:/home/user/.m2/repository/org/junit/platform/junit-platform-launcher/1.7.0/junit-platform-launcher-1.7.0.jar:/home/user/.m2/repository/org/openjdk/jmh/jmh-core/1.19/jmh-core-1.19.jar:/home/user/.m2/repository/net/sf/jopt-simple/jopt-simple/4.6/jopt-simple-4.6.jar:/home/user/.m2/repository/org/apache/commons/commons-math3/3.1.1/commons-math3-3.1.1.jar:/home/user/.m2/repository/org/openjdk/jmh/jmh-generator-annprocess/1.19/jmh-generator-annprocess-1.19.jar:/home/user/.m2/repository/org/mockito/mockito-all/1.8.5/mockito-all-1.8.5.jar:/home/user/.m2/repository/org/apache/hadoop/hadoop-kms/3.2.2/hadoop-kms-3.2.2.jar:/home/user/.m2/repository/org/apache/hadoop/hadoop-auth/3.2.2/hadoop-auth-3.2.2.jar:/home/user/.m2/repository/com/nimbusds/nimbus-jose-jwt/7.9/nimbus-jose-jwt-7.9.jar:/home/user/.m2/repository/com/github/stephenc/jcip/jcip-annotations/1.0-1/jcip-annotations-1.0-1.jar:/home/user/.m2/repository/net/minidev/json-smart/2.3/json-smart-2.3.jar:/home/user/.m2/repository/net/minidev/accessors-smart/1.2/accessors-smart-1.2.jar:/home/user/.m2/repository/org/ow2/asm/asm/5.0.4/asm-5.0.4.jar:/home/user/.m2/repository/org/apache/zookeeper/zookeeper/3.4.13/zookeeper-3.4.13.jar:/home/user/.m2/repository/org/apache/yetus/audience-annotations/0.5.0/audience-annotations-0.5.0.jar:/home/user/.m2/repository/org/apache/curator/curator-framework/2.13.0/curator-framework-2.13.0.jar:/home/user/.m2/repository/com/sun/jersey/jersey-core/1.19/jersey-core-1.19.jar:/home/user/.m2/repository/javax/ws/rs/jsr311-api/1.1.1/jsr311-api-1.1.1.jar:/home/user/.m2/repository/com/sun/jersey/jersey-server/1.19/jersey-server-1.19.jar:/home/user/.m2/repository/javax/servlet/javax.servlet-api/3.1.0/javax.servlet-api-3.1.0.jar:/home/user/.m2/repository/org/eclipse/jetty/jetty-server/9.4.35.v20201120/jetty-server-9.4.35.v20201120.jar:/home/user/.m2/repository/org/eclipse/jetty/jetty-http/9.4.35.v20201120/jetty-http-9.4.35.v20201120.jar:/home/user/.m2/repository/org/eclipse/jetty/jetty-io/9.4.35.v20201120/jetty-io-9.4.35.v20201120.jar:/home/user/.m2/repository/org/eclipse/jetty/jetty-webapp/9.4.35.v20201120/jetty-webapp-9.4.35.v20201120.jar:/home/user/.m2/repository/org/eclipse/jetty/jetty-xml/9.4.35.v20201120/jetty-xml-9.4.35.v20201120.jar:/home/user/.m2/repository/org/apache/hadoop/hadoop-common/3.2.2/hadoop-common-3.2.2.jar:/home/user/.m2/repository/commons-net/commons-net/3.6/commons-net-3.6.jar:/home/user/.m2/repository/javax/activation/javax.activation-api/1.2.0/javax.activation-api-1.2.0.jar:/home/user/.m2/repository/com/sun/jersey/jersey-servlet/1.19/jersey-servlet-1.19.jar:/home/user/.m2/repository/com/sun/jersey/jersey-json/1.19/jersey-json-1.19.jar:/home/user/.m2/repository/org/codehaus/jettison/jettison/1.1/jettison-1.1.jar:/home/user/.m2/repository/com/sun/xml/bind/jaxb-impl/2.2.3-1/jaxb-impl-2.2.3-1.jar:/home/user/.m2/repository/org/codehaus/jackson/jackson-jaxrs/1.9.2/jackson-jaxrs-1.9.2.jar:/home/user/.m2/repository/org/codehaus/jackson/jackson-xc/1.9.2/jackson-xc-1.9.2.jar:/home/user/.m2/repository/org/apache/commons/commons-configuration2/2.1.1/commons-configuration2-2.1.1.jar:/home/user/.m2/repository/org/apache/commons/commons-text/1.4/commons-text-1.4.jar:/home/user/.m2/repository/com/google/re2j/re2j/1.1/re2j-1.1.jar:/home/user/.m2/repository/com/jcraft/jsch/0.1.54/jsch-0.1.54.jar:/home/user/.m2/repository/org/apache/curator/curator-client/2.13.0/curator-client-2.13.0.jar:/home/user/.m2/repository/org/apache/curator/curator-recipes/2.13.0/curator-recipes-2.13.0.jar:/home/user/.m2/repository/dnsjava/dnsjava/2.1.7/dnsjava-2.1.7.jar:/home/user/.m2/repository/org/slf4j/jul-to-slf4j/1.7.30/jul-to-slf4j-1.7.30.jar:/home/user/.m2/repository/org/eclipse/jetty/jetty-util/9.4.35.v20201120/jetty-util-9.4.35.v20201120.jar:/home/user/.m2/repository/com/fasterxml/jackson/core/jackson-databind/2.12.1/jackson-databind-2.12.1.jar:/home/user/.m2/repository/org/apache/hadoop/hadoop-kms/3.2.2/hadoop-kms-3.2.2-tests.jar:/home/user/.m2/repository/org/apache/hadoop/hadoop-hdds-server-scm/1.2.0-SNAPSHOT/hadoop-hdds-server-scm-1.2.0-SNAPSHOT-tests.jar:/home/user/.m2/repository/org/apache/hadoop/hadoop-hdds-container-service/1.2.0-SNAPSHOT/hadoop-hdds-container-service-1.2.0-SNAPSHOT-tests.jar:/home/user/.m2/repository/commons-codec/commons-codec/1.11/commons-codec-1.11.jar:/home/user/.m2/repository/org/apache/hadoop/hadoop-hdds-hadoop-dependency-test/1.2.0-SNAPSHOT/hadoop-hdds-hadoop-dependency-test-1.2.0-SNAPSHOT.jar:/home/user/.m2/repository/org/apache/hadoop/hadoop-common/3.2.2/hadoop-common-3.2.2-tests.jar:/home/user/.m2/repository/org/apache/hadoop/hadoop-hdfs/3.2.2/hadoop-hdfs-3.2.2-tests.jar:/home/user/.m2/repository/org/eclipse/jetty/jetty-util-ajax/9.4.35.v20201120/jetty-util-ajax-9.4.35.v20201120.jar:/home/user/.m2/repository/commons-daemon/commons-daemon/1.0.13/commons-daemon-1.0.13.jar:/home/user/.m2/repository/io/netty/netty/3.10.6.Final/netty-3.10.6.Final.jar:/home/user/.m2/repository/io/netty/netty-all/4.1.63.Final/netty-all-4.1.63.Final.jar:/home/user/.m2/repository/org/apache/htrace/htrace-core4/4.1.0-incubating/htrace-core4-4.1.0-incubating.jar:/home/user/.m2/repository/org/apache/hadoop/hadoop-distcp/3.2.2/hadoop-distcp-3.2.2.jar:/home/user/.m2/repository/org/apache/hadoop/hadoop-mapreduce-client-jobclient/3.2.2/hadoop-mapreduce-client-jobclient-3.2.2.jar:/home/user/.m2/repository/org/apache/hadoop/hadoop-mapreduce-client-common/3.2.2/hadoop-mapreduce-client-common-3.2.2.jar:/home/user/.m2/repository/org/apache/hadoop/hadoop-yarn-common/3.2.2/hadoop-yarn-common-3.2.2.jar:/home/user/.m2/repository/org/apache/hadoop/hadoop-yarn-api/3.2.2/hadoop-yarn-api-3.2.2.jar:/home/user/.m2/repository/com/sun/jersey/jersey-client/1.19/jersey-client-1.19.jar:/home/user/.m2/repository/com/sun/jersey/contribs/jersey-guice/1.19/jersey-guice-1.19.jar:/home/user/.m2/repository/com/fasterxml/jackson/jaxrs/jackson-jaxrs-json-provider/2.12.1/jackson-jaxrs-json-provider-2.12.1.jar:/home/user/.m2/repository/com/fasterxml/jackson/jaxrs/jackson-jaxrs-base/2.12.1/jackson-jaxrs-base-2.12.1.jar:/home/user/.m2/repository/org/apache/hadoop/hadoop-yarn-client/3.2.2/hadoop-yarn-client-3.2.2.jar:/home/user/.m2/repository/org/apache/hadoop/hadoop-mapreduce-client-core/3.2.2/hadoop-mapreduce-client-core-3.2.2.jar:/home/user/.m2/repository/org/apache/avro/avro/1.7.7/avro-1.7.7.jar:/home/user/.m2/repository/org/codehaus/jackson/jackson-core-asl/1.9.13/jackson-core-asl-1.9.13.jar:/home/user/.m2/repository/org/codehaus/jackson/jackson-mapper-asl/1.9.13/jackson-mapper-asl-1.9.13.jar:/home/user/.m2/repository/com/thoughtworks/paranamer/paranamer/2.3/paranamer-2.3.jar:/home/user/.m2/repository/org/xerial/snappy/snappy-java/1.0.5/snappy-java-1.0.5.jar:/home/user/.m2/repository/org/apache/hadoop/hadoop-annotations/3.2.2/hadoop-annotations-3.2.2.jar:/usr/lib/jvm/java-1.8.0-openjdk-1.8.0.232.b09-0.el7_7.x86_64/jre/../lib/tools.jar:/home/user/.m2/repository/org/apache/hadoop/hadoop-distcp/3.2.2/hadoop-distcp-3.2.2-tests.jar:"/>
    <property name="sun.cpu.endian" value="little"/>
    <property name="user.home" value="/home/user"/>
    <property name="user.language" value="en"/>
    <property name="java.specification.vendor" value="Oracle Corporation"/>
    <property name="java.home" value="/usr/lib/jvm/java-1.8.0-openjdk-1.8.0.232.b09-0.el7_7.x86_64/jre"/>
    <property name="java.security.krb5.conf" value="/github/workspace/mnt/ozone/hadoop-ozone/integration-test/target/test-classes/krb5.conf"/>
    <property name="basedir" value="/github/workspace/mnt/ozone/hadoop-ozone/integration-test"/>
    <property name="file.separator" value="/"/>
    <property name="line.separator" value="&#10;"/>
    <property name="java.vm.specification.vendor" value="Oracle Corporation"/>
    <property name="java.specification.name" value="Java Platform API Specification"/>
    <property name="java.awt.graphicsenv" value="sun.awt.X11GraphicsEnvironment"/>
    <property name="skip.installnpx" value="true"/>
    <property name="surefire.real.class.path" value="/github/workspace/mnt/ozone/hadoop-ozone/integration-test/target/surefire/surefirebooter9067352312254941425.jar:/home/user/.m2/repository/org/jacoco/org.jacoco.agent/0.8.5/org.jacoco.agent-0.8.5-runtime.jar"/>
    <property name="hadoop.log.dir" value="/github/workspace/mnt/ozone/hadoop-ozone/integration-test/target/log"/>
    <property name="sun.boot.class.path" value="/usr/lib/jvm/java-1.8.0-openjdk-1.8.0.232.b09-0.el7_7.x86_64/jre/lib/resources.jar:/usr/lib/jvm/java-1.8.0-openjdk-1.8.0.232.b09-0.el7_7.x86_64/jre/lib/rt.jar:/usr/lib/jvm/java-1.8.0-openjdk-1.8.0.232.b09-0.el7_7.x86_64/jre/lib/sunrsasign.jar:/usr/lib/jvm/java-1.8.0-openjdk-1.8.0.232.b09-0.el7_7.x86_64/jre/lib/jsse.jar:/usr/lib/jvm/java-1.8.0-openjdk-1.8.0.232.b09-0.el7_7.x86_64/jre/lib/jce.jar:/usr/lib/jvm/java-1.8.0-openjdk-1.8.0.232.b09-0.el7_7.x86_64/jre/lib/charsets.jar:/usr/lib/jvm/java-1.8.0-openjdk-1.8.0.232.b09-0.el7_7.x86_64/jre/lib/jfr.jar:/usr/lib/jvm/java-1.8.0-openjdk-1.8.0.232.b09-0.el7_7.x86_64/jre/classes"/>
    <property name="sun.management.compiler" value="HotSpot 64-Bit Tiered Compilers"/>
    <property name="skip.npx" value="true"/>
    <property name="java.runtime.version" value="1.8.0_232-b09"/>
    <property name="java.net.preferIPv4Stack" value="true"/>
    <property name="user.name" value="jenkins1001"/>
    <property name="path.separator" value=":"/>
    <property name="java.security.egd" value="file:///dev/urandom"/>
    <property name="os.version" value="5.4.0-1046-azure"/>
    <property name="java.endorsed.dirs" value="/usr/lib/jvm/java-1.8.0-openjdk-1.8.0.232.b09-0.el7_7.x86_64/jre/lib/endorsed"/>
    <property name="java.runtime.name" value="OpenJDK Runtime Environment"/>
    <property name="file.encoding" value="ANSI_X3.4-1968"/>
    <property name="java.vm.name" value="OpenJDK 64-Bit Server VM"/>
    <property name="test.build.webapps" value=""/>
    <property name="localRepository" value="/home/user/.m2/repository"/>
    <property name="java.vendor.url.bug" value="http://bugreport.sun.com/bugreport/"/>
    <property name="java.io.tmpdir" value="/tmp"/>
    <property name="require.test.libhadoop" value=""/>
    <property name="java.version" value="1.8.0_232"/>
    <property name="user.dir" value="/github/workspace/mnt/ozone/hadoop-ozone/integration-test"/>
    <property name="os.arch" value="amd64"/>
    <property name="java.vm.specification.name" value="Java Virtual Machine Specification"/>
    <property name="test.build.classes" value="/github/workspace/mnt/ozone/hadoop-ozone/integration-test/target/test-classes"/>
    <property name="java.awt.printerjob" value="sun.print.PSPrinterJob"/>
    <property name="sun.os.patch.level" value="unknown"/>
    <property name="hadoop.tmp.dir" value="/github/workspace/mnt/ozone/hadoop-ozone/integration-test/target/tmp"/>
    <property name="java.library.path" value="/usr/lib:/usr/java/packages/lib/amd64:/usr/lib64:/lib64:/lib:/usr/lib"/>
    <property name="java.vm.info" value="mixed mode"/>
    <property name="java.vendor" value="Oracle Corporation"/>
    <property name="java.vm.version" value="25.232-b09"/>
    <property name="java.ext.dirs" value="/usr/lib/jvm/java-1.8.0-openjdk-1.8.0.232.b09-0.el7_7.x86_64/jre/lib/ext:/usr/java/packages/lib/ext"/>
    <property name="sun.io.unicode.encoding" value="UnicodeLittle"/>
    <property name="java.class.version" value="52.0"/>
  </properties>
  <testcase name="testWatchForCommitWithKeyWrite" classname="org.apache.hadoop.ozone.client.rpc.TestWatchForCommit" time="63.701">
    <failure message="expected:&lt;450&gt; but was:&lt;400&gt;" type="java.lang.AssertionError"><![CDATA[java.lang.AssertionError: expected:<450> but was:<400>
	at org.junit.Assert.fail(Assert.java:89)
	at org.junit.Assert.failNotEquals(Assert.java:835)
	at org.junit.Assert.assertEquals(Assert.java:647)
	at org.junit.Assert.assertEquals(Assert.java:633)
	at org.apache.hadoop.ozone.client.rpc.TestWatchForCommit.testWatchForCommitWithKeyWrite(TestWatchForCommit.java:190)
	at sun.reflect.NativeMethodAccessorImpl.invoke0(Native Method)
	at sun.reflect.NativeMethodAccessorImpl.invoke(NativeMethodAccessorImpl.java:62)
	at sun.reflect.DelegatingMethodAccessorImpl.invoke(DelegatingMethodAccessorImpl.java:43)
	at java.lang.reflect.Method.invoke(Method.java:498)
	at org.junit.runners.model.FrameworkMethod$1.runReflectiveCall(FrameworkMethod.java:59)
	at org.junit.internal.runners.model.ReflectiveCallable.run(ReflectiveCallable.java:12)
	at org.junit.runners.model.FrameworkMethod.invokeExplosively(FrameworkMethod.java:56)
	at org.junit.internal.runners.statements.InvokeMethod.evaluate(InvokeMethod.java:17)
	at org.junit.internal.runners.statements.RunBefores.evaluate(RunBefores.java:26)
	at org.junit.internal.runners.statements.RunAfters.evaluate(RunAfters.java:27)
	at org.junit.runners.ParentRunner$3.evaluate(ParentRunner.java:306)
	at org.junit.runners.BlockJUnit4ClassRunner$1.evaluate(BlockJUnit4ClassRunner.java:100)
	at org.junit.runners.ParentRunner.runLeaf(ParentRunner.java:366)
	at org.junit.runners.BlockJUnit4ClassRunner.runChild(BlockJUnit4ClassRunner.java:103)
	at org.junit.runners.BlockJUnit4ClassRunner.runChild(BlockJUnit4ClassRunner.java:63)
	at org.junit.runners.ParentRunner$4.run(ParentRunner.java:331)
	at org.junit.runners.ParentRunner$1.schedule(ParentRunner.java:79)
	at org.junit.runners.ParentRunner.runChildren(ParentRunner.java:329)
	at org.junit.runners.ParentRunner.access$100(ParentRunner.java:66)
	at org.junit.runners.ParentRunner$2.evaluate(ParentRunner.java:293)
	at org.junit.runners.ParentRunner$3.evaluate(ParentRunner.java:306)
	at org.junit.runners.ParentRunner.run(ParentRunner.java:413)
	at org.junit.runner.JUnitCore.run(JUnitCore.java:137)
	at org.junit.runner.JUnitCore.run(JUnitCore.java:115)
	at org.junit.vintage.engine.execution.RunnerExecutor.execute(RunnerExecutor.java:43)
	at java.util.stream.ForEachOps$ForEachOp$OfRef.accept(ForEachOps.java:183)
	at java.util.stream.ReferencePipeline$3$1.accept(ReferencePipeline.java:193)
	at java.util.Iterator.forEachRemaining(Iterator.java:116)
	at java.util.Spliterators$IteratorSpliterator.forEachRemaining(Spliterators.java:1801)
	at java.util.stream.AbstractPipeline.copyInto(AbstractPipeline.java:482)
	at java.util.stream.AbstractPipeline.wrapAndCopyInto(AbstractPipeline.java:472)
	at java.util.stream.ForEachOps$ForEachOp.evaluateSequential(ForEachOps.java:150)
	at java.util.stream.ForEachOps$ForEachOp$OfRef.evaluateSequential(ForEachOps.java:173)
	at java.util.stream.AbstractPipeline.evaluate(AbstractPipeline.java:234)
	at java.util.stream.ReferencePipeline.forEach(ReferencePipeline.java:485)
	at org.junit.vintage.engine.VintageTestEngine.executeAllChildren(VintageTestEngine.java:82)
	at org.junit.vintage.engine.VintageTestEngine.execute(VintageTestEngine.java:73)
	at org.junit.platform.launcher.core.EngineExecutionOrchestrator.execute(EngineExecutionOrchestrator.java:108)
	at org.junit.platform.launcher.core.EngineExecutionOrchestrator.execute(EngineExecutionOrchestrator.java:88)
	at org.junit.platform.launcher.core.EngineExecutionOrchestrator.lambda$execute$0(EngineExecutionOrchestrator.java:54)
	at org.junit.platform.launcher.core.EngineExecutionOrchestrator.withInterceptedStreams(EngineExecutionOrchestrator.java:67)
	at org.junit.platform.launcher.core.EngineExecutionOrchestrator.execute(EngineExecutionOrchestrator.java:52)
	at org.junit.platform.launcher.core.DefaultLauncher.execute(DefaultLauncher.java:96)
	at org.junit.platform.launcher.core.DefaultLauncher.execute(DefaultLauncher.java:75)
	at org.apache.maven.surefire.junitplatform.JUnitPlatformProvider.invokeAllTests(JUnitPlatformProvider.java:142)
	at org.apache.maven.surefire.junitplatform.JUnitPlatformProvider.invoke(JUnitPlatformProvider.java:113)
	at org.apache.maven.surefire.booter.ForkedBooter.invokeProviderInSameClassLoader(ForkedBooter.java:384)
	at org.apache.maven.surefire.booter.ForkedBooter.runSuitesInProcess(ForkedBooter.java:345)
	at org.apache.maven.surefire.booter.ForkedBooter.execute(ForkedBooter.java:126)
	at org.apache.maven.surefire.booter.ForkedBooter.main(ForkedBooter.java:418)
]]></failure>
    <system-out><![CDATA[2021-04-29 10:57:08,902 [main] WARN  server.ServerUtils (ServerUtils.java:getScmDbDir(148)) - ozone.scm.db.dirs is not configured. We recommend adding this setting. Falling back to ozone.metadata.dirs instead.
2021-04-29 10:57:08,986 [main] INFO  ha.SCMHANodeDetails (SCMHANodeDetails.java:loadSCMHAConfig(149)) - ServiceID for StorageContainerManager is null
2021-04-29 10:57:08,986 [main] INFO  ha.SCMHANodeDetails (SCMHANodeDetails.java:loadSCMHAConfig(154)) - ozone.scm.default.service.id is not defined, falling back to ozone.scm.service.ids to find serviceID for StorageContainerManager if it is HA enabled cluster
2021-04-29 10:57:09,080 [main] WARN  server.ServerUtils (ServerUtils.java:getScmDbDir(148)) - ozone.scm.db.dirs is not configured. We recommend adding this setting. Falling back to ozone.metadata.dirs instead.
2021-04-29 10:57:09,139 [main] WARN  utils.HAUtils (HAUtils.java:getMetaDir(326)) - ozone.scm.db.dirs is not configured. We recommend adding this setting. Falling back to ozone.metadata.dirs instead.
2021-04-29 10:57:09,268 [main] WARN  db.DBStoreBuilder (DBStoreBuilder.java:applyDBDefinition(145)) - ozone.scm.db.dirs is not configured. We recommend adding this setting. Falling back to ozone.metadata.dirs instead.
2021-04-29 10:57:09,458 [main] INFO  net.NodeSchemaLoader (NodeSchemaLoader.java:loadSchemaFromFile(129)) - Loading schema from [jar:file:/home/user/.m2/repository/org/apache/hadoop/hadoop-hdds-common/1.2.0-SNAPSHOT/hadoop-hdds-common-1.2.0-SNAPSHOT.jar!/network-topology-default.xml, jar:file:/home/user/.m2/repository/org/apache/hadoop/hadoop-ozone-ozone-manager/1.2.0-SNAPSHOT/hadoop-ozone-ozone-manager-1.2.0-SNAPSHOT-tests.jar!/network-topology-default.xml, jar:file:/home/user/.m2/repository/org/apache/hadoop/hadoop-hdds-server-scm/1.2.0-SNAPSHOT/hadoop-hdds-server-scm-1.2.0-SNAPSHOT-tests.jar!/network-topology-default.xml]
2021-04-29 10:57:09,460 [main] INFO  net.NodeSchemaLoader (NodeSchemaLoader.java:loadSchema(176)) - Loading network topology layer schema file
2021-04-29 10:57:09,518 [main] INFO  ha.SequenceIdGenerator (SequenceIdGenerator.java:upgradeToSequenceId(300)) - upgrade localId to 107544261427200000
2021-04-29 10:57:09,519 [main] INFO  ha.SequenceIdGenerator (SequenceIdGenerator.java:upgradeToSequenceId(310)) - upgrade delTxnId to 0
2021-04-29 10:57:09,523 [main] INFO  ha.SequenceIdGenerator (SequenceIdGenerator.java:upgradeToSequenceId(324)) - upgrade containerId to 0
2021-04-29 10:57:09,525 [main] INFO  ha.SequenceIdGenerator (SequenceIdGenerator.java:<init>(196)) - Init the HA SequenceIdGenerator.
2021-04-29 10:57:09,587 [main] INFO  node.SCMNodeManager (SCMNodeManager.java:<init>(125)) - Entering startup safe mode.
2021-04-29 10:57:09,790 [main] INFO  algorithms.ContainerPlacementPolicyFactory (ContainerPlacementPolicyFactory.java:getPolicy(60)) - Create container placement policy of type org.apache.hadoop.hdds.scm.container.placement.algorithms.SCMContainerPlacementRandom
2021-04-29 10:57:09,800 [main] INFO  pipeline.PipelineStateManager (PipelineStateManagerV2Impl.java:initialize(78)) - No pipeline exists in current db
2021-04-29 10:57:09,834 [main] INFO  algorithms.LeaderChoosePolicyFactory (LeaderChoosePolicyFactory.java:getPolicy(57)) - Create leader choose policy of type org.apache.hadoop.hdds.scm.pipeline.leader.choose.algorithms.MinLeaderCountChoosePolicy
2021-04-29 10:57:09,842 [main] INFO  ha.SCMServiceManager (SCMServiceManager.java:register(43)) - Registering service BackgroundPipelineCreator.
2021-04-29 10:57:09,843 [main] INFO  pipeline.BackgroundPipelineCreator (BackgroundPipelineCreatorV2.java:start(130)) - Starting RatisPipelineUtilsThread.
2021-04-29 10:57:09,876 [main] INFO  algorithms.PipelineChoosePolicyFactory (PipelineChoosePolicyFactory.java:createPipelineChoosePolicyFromClass(73)) - Create pipeline choose policy of type org.apache.hadoop.hdds.scm.pipeline.choose.algorithms.RandomPipelineChoosePolicy
2021-04-29 10:57:09,894 [main] INFO  ha.SCMServiceManager (SCMServiceManager.java:register(43)) - Registering service SCMBlockDeletingService.
2021-04-29 10:57:09,919 [main] INFO  ha.SCMServiceManager (SCMServiceManager.java:register(43)) - Registering service ReplicationManager.
2021-04-29 10:57:09,924 [main] INFO  container.ReplicationManager (ReplicationManager.java:start(226)) - Starting Replication Monitor Thread.
2021-04-29 10:57:09,937 [main] INFO  safemode.HealthyPipelineSafeModeRule (HealthyPipelineSafeModeRule.java:<init>(90)) - Total pipeline count is 0, healthy pipeline threshold count is 0
2021-04-29 10:57:09,938 [ReplicationMonitor] INFO  container.ReplicationManager (ReplicationManager.java:run(290)) - Replication Monitor Thread took 1 milliseconds for processing 0 containers.
2021-04-29 10:57:09,941 [main] INFO  safemode.OneReplicaPipelineSafeModeRule (OneReplicaPipelineSafeModeRule.java:<init>(86)) - Total pipeline count is 0, pipeline's with at least one datanode reported threshold count is 0
2021-04-29 10:57:10,395 [main] INFO  ipc.CallQueueManager (CallQueueManager.java:<init>(85)) - Using callQueue: class java.util.concurrent.LinkedBlockingQueue, queueCapacity: 2000, scheduler: class org.apache.hadoop.ipc.DefaultRpcScheduler, ipcBackoff: false.
2021-04-29 10:57:10,419 [Socket Reader #1 for port 0] INFO  ipc.Server (Server.java:run(1255)) - Starting Socket Reader #1 for port 0
2021-04-29 10:57:10,469 [Listener at 0.0.0.0/35221] INFO  ipc.CallQueueManager (CallQueueManager.java:<init>(85)) - Using callQueue: class java.util.concurrent.LinkedBlockingQueue, queueCapacity: 2000, scheduler: class org.apache.hadoop.ipc.DefaultRpcScheduler, ipcBackoff: false.
2021-04-29 10:57:10,471 [Socket Reader #1 for port 0] INFO  ipc.Server (Server.java:run(1255)) - Starting Socket Reader #1 for port 0
2021-04-29 10:57:10,488 [Listener at 0.0.0.0/38485] INFO  ipc.CallQueueManager (CallQueueManager.java:<init>(85)) - Using callQueue: class java.util.concurrent.LinkedBlockingQueue, queueCapacity: 2000, scheduler: class org.apache.hadoop.ipc.DefaultRpcScheduler, ipcBackoff: false.
2021-04-29 10:57:10,489 [Socket Reader #1 for port 0] INFO  ipc.Server (Server.java:run(1255)) - Starting Socket Reader #1 for port 0
2021-04-29 10:57:10,496 [Listener at 0.0.0.0/39801] INFO  server.StorageContainerManager (StorageContainerManager.java:<init>(406)) - Container Balancer status:
Key                            Value
Running                        false
Container Balancer Configuration values:
Key                            Value
Threshold                      0.100000
Max Datanodes to Balance       5
Max Size to Move               10737418240B

2021-04-29 10:57:10,497 [Listener at 0.0.0.0/39801] WARN  events.EventQueue (EventQueue.java:fireEvent(185)) - No event handler registered for event TypedEvent{payloadType=SafeModeStatus, name='Safe mode status'}
2021-04-29 10:57:10,497 [Listener at 0.0.0.0/39801] INFO  ha.SCMContext (SCMContext.java:updateSafeModeStatus(147)) - Update SafeModeStatus from SafeModeStatus{safeModeStatus=true, preCheckPassed=false} to SafeModeStatus{safeModeStatus=true, preCheckPassed=false}.
2021-04-29 10:57:10,501 [Listener at 0.0.0.0/39801] INFO  server.StorageContainerManager (StorageContainerManager.java:start(1143)) - StorageContainerLocationProtocol RPC server is listening at /0.0.0.0:39801
2021-04-29 10:57:10,577 [Listener at 0.0.0.0/39801] WARN  impl.MetricsConfig (MetricsConfig.java:loadFirst(136)) - Cannot locate configuration: tried hadoop-metrics2-storagecontainermanager.properties,hadoop-metrics2.properties
2021-04-29 10:57:10,598 [Listener at 0.0.0.0/39801] INFO  impl.MetricsSystemImpl (MetricsSystemImpl.java:startTimer(378)) - Scheduled Metric snapshot period at 10 second(s).
2021-04-29 10:57:10,599 [Listener at 0.0.0.0/39801] INFO  impl.MetricsSystemImpl (MetricsSystemImpl.java:start(191)) - StorageContainerManager metrics system started
2021-04-29 10:57:10,866 [Listener at 0.0.0.0/39801] INFO  server.SCMClientProtocolServer (SCMClientProtocolServer.java:start(157)) - RPC server for Client  is listening at /0.0.0.0:39801
2021-04-29 10:57:10,866 [IPC Server Responder] INFO  ipc.Server (Server.java:run(1497)) - IPC Server Responder: starting
2021-04-29 10:57:10,867 [IPC Server listener on 0] INFO  ipc.Server (Server.java:run(1334)) - IPC Server listener on 0: starting
2021-04-29 10:57:10,894 [Listener at 0.0.0.0/39801] INFO  server.StorageContainerManager (StorageContainerManager.java:start(1157)) - ScmBlockLocationProtocol RPC server is listening at /0.0.0.0:38485
2021-04-29 10:57:10,895 [Listener at 0.0.0.0/39801] INFO  server.SCMBlockProtocolServer (SCMBlockProtocolServer.java:start(149)) - RPC server for Block Protocol is listening at /0.0.0.0:38485
2021-04-29 10:57:10,895 [IPC Server Responder] INFO  ipc.Server (Server.java:run(1497)) - IPC Server Responder: starting
2021-04-29 10:57:10,898 [IPC Server listener on 0] INFO  ipc.Server (Server.java:run(1334)) - IPC Server listener on 0: starting
2021-04-29 10:57:10,918 [Listener at 0.0.0.0/39801] INFO  server.StorageContainerManager (StorageContainerManager.java:start(1163)) - ScmDatanodeProtocl RPC server is listening at /0.0.0.0:35221
2021-04-29 10:57:10,918 [Listener at 0.0.0.0/39801] INFO  server.SCMDatanodeProtocolServer (SCMDatanodeProtocolServer.java:start(174)) - RPC server for DataNodes is listening at /0.0.0.0:35221
2021-04-29 10:57:10,920 [IPC Server Responder] INFO  ipc.Server (Server.java:run(1497)) - IPC Server Responder: starting
2021-04-29 10:57:10,920 [IPC Server listener on 0] INFO  ipc.Server (Server.java:run(1334)) - IPC Server listener on 0: starting
2021-04-29 10:57:10,946 [org.apache.hadoop.util.JvmPauseMonitor$Monitor@69e2fe3b] INFO  util.JvmPauseMonitor (JvmPauseMonitor.java:run(188)) - Starting JVM pause monitor
2021-04-29 10:57:10,961 [Listener at 0.0.0.0/39801] INFO  http.BaseHttpServer (BaseHttpServer.java:newHttpServer2BuilderForOzone(207)) - Starting Web-server for scm at: http://0.0.0.0:0
2021-04-29 10:57:10,962 [Listener at 0.0.0.0/39801] INFO  http.BaseHttpServer (BaseHttpServer.java:<init>(106)) - Hadoop Security Enabled: false Ozone Security Enabled: false Ozone HTTP Security Enabled: false 
2021-04-29 10:57:10,990 [Listener at 0.0.0.0/39801] INFO  util.log (Log.java:initialized(169)) - Logging initialized @3595ms to org.eclipse.jetty.util.log.Slf4jLog
2021-04-29 10:57:11,118 [Listener at 0.0.0.0/39801] INFO  server.AuthenticationFilter (AuthenticationFilter.java:constructSecretProvider(240)) - Unable to initialize FileSignerSecretProvider, falling back to use random secrets.
2021-04-29 10:57:11,124 [Listener at 0.0.0.0/39801] WARN  http.HttpRequestLog (HttpRequestLog.java:getRequestLog(103)) - Jetty request log can only be enabled using Log4j
2021-04-29 10:57:11,129 [Listener at 0.0.0.0/39801] INFO  http.HttpServer2 (HttpServer2.java:addGlobalFilter(1020)) - Added global filter 'safety' (class=org.apache.hadoop.hdds.server.http.HttpServer2$QuotingInputFilter)
2021-04-29 10:57:11,131 [Listener at 0.0.0.0/39801] INFO  http.HttpServer2 (HttpServer2.java:addFilter(996)) - Added filter static_user_filter (class=org.apache.hadoop.http.lib.StaticUserWebFilter$StaticUserFilter) to context scm
2021-04-29 10:57:11,131 [Listener at 0.0.0.0/39801] INFO  http.HttpServer2 (HttpServer2.java:addFilter(1004)) - Added filter static_user_filter (class=org.apache.hadoop.http.lib.StaticUserWebFilter$StaticUserFilter) to context logs
2021-04-29 10:57:11,131 [Listener at 0.0.0.0/39801] INFO  http.HttpServer2 (HttpServer2.java:addFilter(1004)) - Added filter static_user_filter (class=org.apache.hadoop.http.lib.StaticUserWebFilter$StaticUserFilter) to context static
2021-04-29 10:57:11,179 [Listener at 0.0.0.0/39801] INFO  http.HttpServer2 (HttpServer2.java:bindListener(1238)) - Jetty bound to port 45817
2021-04-29 10:57:11,181 [Listener at 0.0.0.0/39801] INFO  server.Server (Server.java:doStart(375)) - jetty-9.4.35.v20201120; built: 2020-11-20T21:17:03.964Z; git: bdc54f03a5e0a7e280fab27f55c3c75ee8da89fb; jvm 1.8.0_232-b09
2021-04-29 10:57:11,220 [Listener at 0.0.0.0/39801] INFO  server.session (DefaultSessionIdManager.java:doStart(334)) - DefaultSessionIdManager workerName=node0
2021-04-29 10:57:11,221 [Listener at 0.0.0.0/39801] INFO  server.session (DefaultSessionIdManager.java:doStart(339)) - No SessionScavenger set, using defaults
2021-04-29 10:57:11,223 [Listener at 0.0.0.0/39801] INFO  server.session (HouseKeeper.java:startScavenging(132)) - node0 Scavenging every 660000ms
2021-04-29 10:57:11,241 [Listener at 0.0.0.0/39801] INFO  handler.ContextHandler (ContextHandler.java:doStart(916)) - Started o.e.j.s.ServletContextHandler@66e1b2a{logs,/logs,file:///github/workspace/mnt/ozone/hadoop-ozone/integration-test/target/log,AVAILABLE}
2021-04-29 10:57:11,242 [Listener at 0.0.0.0/39801] INFO  handler.ContextHandler (ContextHandler.java:doStart(916)) - Started o.e.j.s.ServletContextHandler@7ff09659{static,/static,file:///github/workspace/mnt/ozone/hadoop-ozone/integration-test/target/test-classes/webapps/static,AVAILABLE}
2021-04-29 10:57:11,298 [Listener at 0.0.0.0/39801] INFO  handler.ContextHandler (ContextHandler.java:doStart(916)) - Started o.e.j.w.WebAppContext@717a8a76{scm,/,file:///github/workspace/mnt/ozone/hadoop-ozone/integration-test/target/test-classes/webapps/scm/,AVAILABLE}{file:/github/workspace/mnt/ozone/hadoop-ozone/integration-test/target/test-classes/webapps/scm}
2021-04-29 10:57:11,308 [Listener at 0.0.0.0/39801] INFO  server.AbstractConnector (AbstractConnector.java:doStart(331)) - Started ServerConnector@778113f2{HTTP/1.1, (http/1.1)}{0.0.0.0:45817}
2021-04-29 10:57:11,309 [Listener at 0.0.0.0/39801] INFO  server.Server (Server.java:doStart(415)) - Started @3914ms
2021-04-29 10:57:11,311 [Listener at 0.0.0.0/39801] INFO  impl.MetricsSinkAdapter (MetricsSinkAdapter.java:start(204)) - Sink prometheus started
2021-04-29 10:57:11,311 [Listener at 0.0.0.0/39801] INFO  impl.MetricsSystemImpl (MetricsSystemImpl.java:registerSink(305)) - Registered sink prometheus
2021-04-29 10:57:11,318 [Listener at 0.0.0.0/39801] INFO  http.BaseHttpServer (BaseHttpServer.java:updateConnectorAddress(327)) - HTTP server of scm listening at http://0.0.0.0:45817
2021-04-29 10:57:11,319 [Listener at 0.0.0.0/39801] WARN  server.ServerUtils (ServerUtils.java:getDBPath(225)) - ozone.om.db.dirs is not configured. We recommend adding this setting. Falling back to ozone.metadata.dirs instead.
2021-04-29 10:57:11,489 [Listener at 0.0.0.0/39801] INFO  ha.OMHANodeDetails (OMHANodeDetails.java:loadOMHAConfig(105)) - ozone.om.internal.service.id is not defined, falling back to ozone.om.service.ids to find serviceID for OzoneManager if it is HA enabled cluster
2021-04-29 10:57:11,492 [Listener at 0.0.0.0/39801] INFO  ha.OMHANodeDetails (OMHANodeDetails.java:loadOMHAConfig(212)) - Configuration does not have ozone.om.address set. Falling back to the default OM address /127.0.0.1:0
2021-04-29 10:57:11,493 [Listener at 0.0.0.0/39801] INFO  ha.OMHANodeDetails (OMHANodeDetails.java:getOMNodeDetails(240)) - OM Service ID is not set. Setting it to the default ID: omServiceIdDefault
2021-04-29 10:57:11,493 [Listener at 0.0.0.0/39801] INFO  ha.OMHANodeDetails (OMHANodeDetails.java:getOMNodeDetails(247)) - OM Node ID is not set. Setting it to the default ID: om1
2021-04-29 10:57:11,495 [Listener at 0.0.0.0/39801] WARN  server.ServerUtils (ServerUtils.java:getDBPath(225)) - ozone.om.db.dirs is not configured. We recommend adding this setting. Falling back to ozone.metadata.dirs instead.
2021-04-29 10:57:11,496 [Listener at 0.0.0.0/39801] WARN  server.ServerUtils (ServerUtils.java:getDBPath(225)) - ozone.om.db.dirs is not configured. We recommend adding this setting. Falling back to ozone.metadata.dirs instead.
2021-04-29 10:57:12,365 [Listener at 0.0.0.0/39801] WARN  server.ServerUtils (ServerUtils.java:getDBPath(225)) - ozone.om.db.dirs is not configured. We recommend adding this setting. Falling back to ozone.metadata.dirs instead.
2021-04-29 10:57:12,372 [Listener at 0.0.0.0/39801] INFO  codec.OmKeyInfoCodec (OmKeyInfoCodec.java:<init>(43)) - OmKeyInfoCodec ignorePipeline = true
2021-04-29 10:57:12,373 [Listener at 0.0.0.0/39801] INFO  codec.RepeatedOmKeyInfoCodec (RepeatedOmKeyInfoCodec.java:<init>(42)) - RepeatedOmKeyInfoCodec ignorePipeline = true
2021-04-29 10:57:12,541 [Listener at 0.0.0.0/39801] INFO  om.OzoneManager (OzoneManager.java:addS3GVolumeToDB(3726)) - Created Volume s3v With Owner jenkins1001 required for S3Gateway operations.
2021-04-29 10:57:12,548 [Listener at 0.0.0.0/39801] WARN  server.ServerUtils (ServerUtils.java:getDefaultRatisDirectory(237)) - Storage directory for Ratis is not configured. It is a good idea to map this to an SSD disk. Falling back to ozone.metadata.dirs
2021-04-29 10:57:12,548 [Listener at 0.0.0.0/39801] WARN  ratis.OzoneManagerRatisServer (OzoneManagerRatisServer.java:getOMRatisSnapshotDirectory(634)) - ozone.om.ratis.snapshot.dir is not configured. Falling back to ozone.metadata.dirs config
2021-04-29 10:57:12,555 [Listener at 0.0.0.0/39801] INFO  metrics.MetricRegistries (MetricRegistriesLoader.java:load(64)) - Loaded MetricRegistries class org.apache.ratis.metrics.impl.MetricRegistriesImpl
2021-04-29 10:57:12,587 [Listener at 0.0.0.0/39801] WARN  server.ServerUtils (ServerUtils.java:getDefaultRatisDirectory(237)) - Storage directory for Ratis is not configured. It is a good idea to map this to an SSD disk. Falling back to ozone.metadata.dirs
2021-04-29 10:57:12,613 [Listener at 0.0.0.0/39801] INFO  ratis.OzoneManagerRatisServer (OzoneManagerRatisServer.java:<init>(288)) - Instantiating OM Ratis server with GroupID: omServiceIdDefault and Raft Peers: localhost:9872
2021-04-29 10:57:12,623 [Listener at 0.0.0.0/39801] INFO  ratis.OzoneManagerStateMachine (OzoneManagerStateMachine.java:loadSnapshotInfoFromDB(520)) - LastAppliedIndex is set from TransactionInfo from OM DB as (t:0, i:~)
2021-04-29 10:57:12,654 [Listener at 0.0.0.0/39801] INFO  server.RaftServer (ConfUtils.java:logGet(44)) - raft.rpc.type = GRPC (default)
2021-04-29 10:57:12,723 [Listener at 0.0.0.0/39801] INFO  grpc.GrpcFactory (GrpcFactory.java:checkPooledByteBufAllocatorUseCacheForAllThreads(48)) - PERFORMANCE WARNING: useCacheForAllThreads is true that may cause Netty to create a lot garbage objects and, as a result, trigger GC.
	It is recommended to disable useCacheForAllThreads by setting -Dorg.apache.ratis.thirdparty.io.netty.allocator.useCacheForAllThreads=false in command line.
2021-04-29 10:57:12,728 [Listener at 0.0.0.0/39801] INFO  grpc.GrpcConfigKeys (ConfUtils.java:logGet(44)) - raft.grpc.admin.port = -1 (default)
2021-04-29 10:57:12,728 [Listener at 0.0.0.0/39801] INFO  grpc.GrpcConfigKeys (ConfUtils.java:logGet(44)) - raft.grpc.server.port = 9872 (custom)
2021-04-29 10:57:12,729 [Listener at 0.0.0.0/39801] INFO  grpc.GrpcConfigKeys (ConfUtils.java:logGet(44)) - raft.grpc.client.port = -1 (default)
2021-04-29 10:57:12,729 [Listener at 0.0.0.0/39801] INFO  grpc.GrpcConfigKeys (ConfUtils.java:logGet(44)) - raft.grpc.server.port = 9872 (custom)
2021-04-29 10:57:12,729 [Listener at 0.0.0.0/39801] INFO  grpc.GrpcConfigKeys (ConfUtils.java:logGet(44)) - raft.grpc.server.port = 9872 (custom)
2021-04-29 10:57:12,730 [Listener at 0.0.0.0/39801] INFO  server.GrpcService (ConfUtils.java:logGet(44)) - raft.grpc.message.size.max = 33554432 (custom)
2021-04-29 10:57:12,732 [Listener at 0.0.0.0/39801] INFO  server.RaftServerConfigKeys (ConfUtils.java:logGet(44)) - raft.server.log.appender.buffer.byte-limit = 33554432 (custom)
2021-04-29 10:57:12,733 [Listener at 0.0.0.0/39801] INFO  server.GrpcService (ConfUtils.java:logGet(44)) - raft.grpc.flow.control.window = 1MB (=1048576) (default)
2021-04-29 10:57:12,733 [Listener at 0.0.0.0/39801] INFO  server.RaftServerConfigKeys (ConfUtils.java:logGet(44)) - raft.server.rpc.request.timeout = 3000ms (default)
2021-04-29 10:57:12,949 [Listener at 0.0.0.0/39801] INFO  impl.DataStreamServerImpl (ConfUtils.java:logGet(44)) - raft.datastream.type = DISABLED (default)
2021-04-29 10:57:12,951 [Listener at 0.0.0.0/39801] INFO  server.RaftServerConfigKeys (ConfUtils.java:logGet(44)) - raft.server.rpc.slowness.timeout = 120s (custom)
2021-04-29 10:57:12,951 [Listener at 0.0.0.0/39801] INFO  server.RaftServerConfigKeys (ConfUtils.java:logGet(44)) - raft.server.leaderelection.leader.step-down.wait-time = 10s (default)
2021-04-29 10:57:12,965 [Listener at 0.0.0.0/39801] INFO  server.RaftServerConfigKeys (ConfUtils.java:logGet(44)) - raft.server.storage.dir = [/github/workspace/mnt/ozone/hadoop-ozone/integration-test/target/test-dir/MiniOzoneClusterImpl-2726c7ec-cf5f-4d18-8e0d-a0ed93d2ecae/ozone-meta/ratis] (custom)
2021-04-29 10:57:12,978 [Listener at 0.0.0.0/39801] INFO  server.RaftServer (RaftServerProxy.java:addNew(95)) - om1: addNew group-C5BA1605619E:[om1|rpc:localhost:9872|priority:0] returns group-C5BA1605619E:java.util.concurrent.CompletableFuture@4f66f2dd[Not completed]
2021-04-29 10:57:12,978 [Listener at 0.0.0.0/39801] INFO  om.OzoneManager (OzoneManager.java:initializeRatisServer(1294)) - OzoneManager Ratis server initialized at port 9872
2021-04-29 10:57:13,004 [pool-32-thread-1] INFO  server.RaftServer$Division (RaftServerImpl.java:<init>(180)) - om1: new RaftServerImpl for group-C5BA1605619E:[om1|rpc:localhost:9872|priority:0] with OzoneManagerStateMachine:uninitialized
2021-04-29 10:57:13,009 [Listener at 0.0.0.0/39801] INFO  ipc.CallQueueManager (CallQueueManager.java:<init>(85)) - Using callQueue: class java.util.concurrent.LinkedBlockingQueue, queueCapacity: 2000, scheduler: class org.apache.hadoop.ipc.DefaultRpcScheduler, ipcBackoff: false.
2021-04-29 10:57:13,009 [pool-32-thread-1] INFO  server.RaftServerConfigKeys (ConfUtils.java:logGet(44)) - raft.server.rpc.timeout.min = 1s (custom)
2021-04-29 10:57:13,010 [pool-32-thread-1] INFO  server.RaftServerConfigKeys (ConfUtils.java:logGet(44)) - raft.server.rpc.timeout.max = 1200ms (custom)
2021-04-29 10:57:13,011 [pool-32-thread-1] INFO  server.RaftServerConfigKeys (ConfUtils.java:logGet(44)) - raft.server.rpc.sleep.time = 25ms (default)
2021-04-29 10:57:13,011 [pool-32-thread-1] INFO  server.RaftServerConfigKeys (ConfUtils.java:logGet(44)) - raft.server.rpc.slowness.timeout = 120s (custom)
2021-04-29 10:57:13,013 [pool-32-thread-1] INFO  server.RaftServerConfigKeys (ConfUtils.java:logGet(44)) - raft.server.leaderelection.leader.step-down.wait-time = 10s (default)
2021-04-29 10:57:13,014 [pool-32-thread-1] INFO  server.RaftServerConfigKeys (ConfUtils.java:logGet(44)) - raft.server.sleep.deviation.threshold = 300ms (default)
2021-04-29 10:57:13,015 [pool-32-thread-1] INFO  server.RaftServerConfigKeys (ConfUtils.java:logGet(44)) - raft.server.log.appender.install.snapshot.enabled = false (custom)
2021-04-29 10:57:13,025 [pool-32-thread-1] INFO  server.RaftServer$Division (ServerState.java:<init>(105)) - om1@group-C5BA1605619E: ConfigurationManager, init=-1: [om1|rpc:localhost:9872|priority:0], old=null, confs=<EMPTY_MAP>
2021-04-29 10:57:13,026 [Socket Reader #1 for port 0] INFO  ipc.Server (Server.java:run(1255)) - Starting Socket Reader #1 for port 0
2021-04-29 10:57:13,036 [pool-32-thread-1] INFO  server.RaftServerConfigKeys (ConfUtils.java:logGet(44)) - raft.server.storage.dir = [/github/workspace/mnt/ozone/hadoop-ozone/integration-test/target/test-dir/MiniOzoneClusterImpl-2726c7ec-cf5f-4d18-8e0d-a0ed93d2ecae/ozone-meta/ratis] (custom)
2021-04-29 10:57:13,055 [pool-32-thread-1] INFO  server.RaftServerConfigKeys (ConfUtils.java:logGet(44)) - raft.server.log.corruption.policy = EXCEPTION (default)
2021-04-29 10:57:13,058 [pool-32-thread-1] INFO  storage.RaftStorageDirectory (RaftStorageDirectoryImpl.java:analyzeStorage(132)) - The storage directory /github/workspace/mnt/ozone/hadoop-ozone/integration-test/target/test-dir/MiniOzoneClusterImpl-2726c7ec-cf5f-4d18-8e0d-a0ed93d2ecae/ozone-meta/ratis/bf265839-605b-3f16-9796-c5ba1605619e does not exist. Creating ...
2021-04-29 10:57:13,072 [pool-32-thread-1] INFO  storage.RaftStorageDirectory (RaftStorageDirectoryImpl.java:tryLock(215)) - Lock on /github/workspace/mnt/ozone/hadoop-ozone/integration-test/target/test-dir/MiniOzoneClusterImpl-2726c7ec-cf5f-4d18-8e0d-a0ed93d2ecae/ozone-meta/ratis/bf265839-605b-3f16-9796-c5ba1605619e/in_use.lock acquired by nodename 12126@8023de4eb765
2021-04-29 10:57:13,081 [pool-32-thread-1] INFO  storage.RaftStorage (RaftStorageImpl.java:format(87)) - Storage directory /github/workspace/mnt/ozone/hadoop-ozone/integration-test/target/test-dir/MiniOzoneClusterImpl-2726c7ec-cf5f-4d18-8e0d-a0ed93d2ecae/ozone-meta/ratis/bf265839-605b-3f16-9796-c5ba1605619e has been successfully formatted.
2021-04-29 10:57:13,084 [pool-32-thread-1] INFO  server.RaftServerConfigKeys (ConfUtils.java:logGet(44)) - raft.server.notification.no-leader.timeout = 120s (custom)
2021-04-29 10:57:13,087 [pool-32-thread-1] INFO  server.RaftServerConfigKeys (ConfUtils.java:logGet(44)) - raft.server.log.use.memory = false (default)
2021-04-29 10:57:13,088 [Listener at 127.0.0.1/42781] INFO  impl.MetricsSystemImpl (MetricsSystemImpl.java:init(158)) - OzoneManager metrics system started (again)
2021-04-29 10:57:13,091 [Listener at 127.0.0.1/42781] INFO  om.OzoneManager (OzoneManager.java:start(1104)) - OzoneManager RPC server is listening at localhost/127.0.0.1:42781
2021-04-29 10:57:13,091 [Listener at 127.0.0.1/42781] INFO  ratis.OzoneManagerRatisServer (OzoneManagerRatisServer.java:start(388)) - Starting OzoneManagerRatisServer om1 at port 9872
2021-04-29 10:57:13,100 [pool-32-thread-1] INFO  server.RaftServerConfigKeys (ConfUtils.java:logGet(44)) - raft.server.log.purge.gap = 1000000 (custom)
2021-04-29 10:57:13,103 [pool-32-thread-1] INFO  server.RaftServerConfigKeys (ConfUtils.java:logGet(44)) - raft.server.log.appender.buffer.byte-limit = 33554432 (custom)
2021-04-29 10:57:13,108 [pool-32-thread-1] INFO  metrics.RatisMetrics (RatisMetrics.java:lambda$create$0(36)) - Creating Metrics Registry : ratis.log_worker.om1@group-C5BA1605619E
2021-04-29 10:57:13,118 [pool-32-thread-1] INFO  server.RaftServerConfigKeys (ConfUtils.java:logGet(44)) - raft.server.log.segment.size.max = 4194304 (custom)
2021-04-29 10:57:13,125 [pool-32-thread-1] INFO  server.RaftServerConfigKeys (ConfUtils.java:logGet(44)) - raft.server.log.segment.cache.num.max = 2 (custom)
2021-04-29 10:57:13,125 [pool-32-thread-1] INFO  server.RaftServerConfigKeys (ConfUtils.java:logGet(44)) - raft.server.log.segment.cache.size.max = 200MB (=209715200) (default)
2021-04-29 10:57:13,131 [pool-32-thread-1] INFO  segmented.SegmentedRaftLogWorker (SegmentedRaftLogWorker.java:<init>(182)) - new om1@group-C5BA1605619E-SegmentedRaftLogWorker for RaftStorageImpl:Storage Directory /github/workspace/mnt/ozone/hadoop-ozone/integration-test/target/test-dir/MiniOzoneClusterImpl-2726c7ec-cf5f-4d18-8e0d-a0ed93d2ecae/ozone-meta/ratis/bf265839-605b-3f16-9796-c5ba1605619e
2021-04-29 10:57:13,133 [pool-32-thread-1] INFO  server.RaftServerConfigKeys (ConfUtils.java:logGet(44)) - raft.server.log.queue.byte-limit = 64MB (=67108864) (default)
2021-04-29 10:57:13,133 [pool-32-thread-1] INFO  server.RaftServerConfigKeys (ConfUtils.java:logGet(44)) - raft.server.log.queue.element-limit = 4096 (default)
2021-04-29 10:57:13,134 [pool-32-thread-1] INFO  server.RaftServerConfigKeys (ConfUtils.java:logGet(44)) - raft.server.log.segment.size.max = 4194304 (custom)
2021-04-29 10:57:13,135 [pool-32-thread-1] INFO  server.RaftServerConfigKeys (ConfUtils.java:logGet(44)) - raft.server.log.preallocated.size = 4194304 (custom)
2021-04-29 10:57:13,135 [pool-32-thread-1] INFO  server.RaftServerConfigKeys (ConfUtils.java:logGet(44)) - raft.server.log.force.sync.num = 128 (default)
2021-04-29 10:57:13,136 [pool-32-thread-1] INFO  server.RaftServerConfigKeys (ConfUtils.java:logGet(44)) - raft.server.log.statemachine.data.sync = true (default)
2021-04-29 10:57:13,136 [pool-32-thread-1] INFO  server.RaftServerConfigKeys (ConfUtils.java:logGet(44)) - raft.server.log.statemachine.data.sync.timeout = 10s (default)
2021-04-29 10:57:13,137 [pool-32-thread-1] INFO  server.RaftServerConfigKeys (ConfUtils.java:logGet(44)) - raft.server.log.statemachine.data.sync.timeout.retry = -1 (default)
2021-04-29 10:57:13,146 [pool-32-thread-1] INFO  server.RaftServerConfigKeys (ConfUtils.java:logGet(44)) - raft.server.log.write.buffer.size = 64KB (=65536) (default)
2021-04-29 10:57:13,146 [pool-32-thread-1] INFO  server.RaftServerConfigKeys (ConfUtils.java:logGet(44)) - raft.server.log.statemachine.data.caching.enabled = false (default)
2021-04-29 10:57:13,157 [pool-32-thread-1] INFO  segmented.SegmentedRaftLogWorker (SegmentedRaftLogWorker.java:lambda$new$0(133)) - om1@group-C5BA1605619E-SegmentedRaftLogWorker: flushIndex: setUnconditionally 0 -> -1
2021-04-29 10:57:13,157 [pool-32-thread-1] INFO  segmented.SegmentedRaftLogWorker (SegmentedRaftLogWorker.java:lambda$new$0(133)) - om1@group-C5BA1605619E-SegmentedRaftLogWorker: safeCacheEvictIndex: setUnconditionally 0 -> -1
2021-04-29 10:57:13,161 [pool-32-thread-1] INFO  server.RaftServerConfigKeys (ConfUtils.java:logGet(44)) - raft.server.snapshot.auto.trigger.enabled = true (custom)
2021-04-29 10:57:13,162 [pool-32-thread-1] INFO  server.RaftServerConfigKeys (ConfUtils.java:logGet(44)) - raft.server.snapshot.auto.trigger.threshold = 400000 (default)
2021-04-29 10:57:13,162 [pool-32-thread-1] INFO  server.RaftServerConfigKeys (ConfUtils.java:logGet(44)) - raft.server.snapshot.retention.file.num = -1 (default)
2021-04-29 10:57:13,164 [pool-32-thread-1] INFO  server.RaftServerConfigKeys (ConfUtils.java:logGet(44)) - raft.server.log.purge.upto.snapshot.index = true (custom)
2021-04-29 10:57:13,165 [pool-32-thread-1] INFO  server.RaftServerConfigKeys (ConfUtils.java:logGet(44)) - raft.server.retrycache.expirytime = 300s (custom)
2021-04-29 10:57:13,165 [pool-32-thread-1] INFO  server.RaftServerConfigKeys (ConfUtils.java:logGet(44)) - raft.server.retrycache.statistics.expirytime = 100?s (default)
2021-04-29 10:57:13,187 [pool-32-thread-1] INFO  metrics.RatisMetrics (RatisMetrics.java:lambda$create$0(36)) - Creating Metrics Registry : ratis.leader_election.om1@group-C5BA1605619E
2021-04-29 10:57:13,191 [pool-32-thread-1] INFO  metrics.RatisMetrics (RatisMetrics.java:lambda$create$0(36)) - Creating Metrics Registry : ratis.server.om1@group-C5BA1605619E
2021-04-29 10:57:13,202 [Listener at 127.0.0.1/42781] INFO  server.RaftServer$Division (RaftServerImpl.java:start(295)) - om1@group-C5BA1605619E: start as a follower, conf=-1: [om1|rpc:localhost:9872|priority:0], old=null
2021-04-29 10:57:13,204 [Listener at 127.0.0.1/42781] INFO  server.RaftServer$Division (RaftServerImpl.java:setRole(284)) - om1@group-C5BA1605619E: changes role from      null to FOLLOWER at term 0 for startAsFollower
2021-04-29 10:57:13,205 [Listener at 127.0.0.1/42781] INFO  impl.RoleInfo (RoleInfo.java:updateAndGet(130)) - om1: start om1@group-C5BA1605619E-FollowerState
2021-04-29 10:57:13,206 [Listener at 127.0.0.1/42781] INFO  util.JmxRegister (JmxRegister.java:tryRegister(44)) - Successfully registered JMX Bean with object name Ratis:service=RaftServer,group=group-C5BA1605619E,id=om1
2021-04-29 10:57:13,208 [Listener at 127.0.0.1/42781] INFO  metrics.RatisMetrics (RatisMetrics.java:lambda$create$0(36)) - Creating Metrics Registry : ratis.state_machine.om1@group-C5BA1605619E
2021-04-29 10:57:13,213 [Listener at 127.0.0.1/42781] INFO  server.RaftServer (RaftServerProxy.java:lambda$start$5(374)) - om1: start RPC server
2021-04-29 10:57:13,268 [Listener at 127.0.0.1/42781] INFO  server.GrpcService (GrpcService.java:startImpl(253)) - om1: GrpcService started, listening on 9872
2021-04-29 10:57:13,272 [org.apache.ratis.util.JvmPauseMonitor$$Lambda$504/1672688893@753248f8] INFO  util.JvmPauseMonitor (JvmPauseMonitor.java:run(103)) - JvmPauseMonitor-om1: Started
2021-04-29 10:57:13,280 [Listener at 127.0.0.1/42781] INFO  http.BaseHttpServer (BaseHttpServer.java:newHttpServer2BuilderForOzone(207)) - Starting Web-server for ozoneManager at: http://0.0.0.0:0
2021-04-29 10:57:13,280 [Listener at 127.0.0.1/42781] INFO  http.BaseHttpServer (BaseHttpServer.java:<init>(106)) - Hadoop Security Enabled: false Ozone Security Enabled: false Ozone HTTP Security Enabled: false 
2021-04-29 10:57:13,282 [Listener at 127.0.0.1/42781] INFO  server.AuthenticationFilter (AuthenticationFilter.java:constructSecretProvider(240)) - Unable to initialize FileSignerSecretProvider, falling back to use random secrets.
2021-04-29 10:57:13,300 [Listener at 127.0.0.1/42781] WARN  http.HttpRequestLog (HttpRequestLog.java:getRequestLog(103)) - Jetty request log can only be enabled using Log4j
2021-04-29 10:57:13,301 [Listener at 127.0.0.1/42781] INFO  http.HttpServer2 (HttpServer2.java:addGlobalFilter(1020)) - Added global filter 'safety' (class=org.apache.hadoop.hdds.server.http.HttpServer2$QuotingInputFilter)
2021-04-29 10:57:13,302 [Listener at 127.0.0.1/42781] INFO  http.HttpServer2 (HttpServer2.java:addFilter(996)) - Added filter static_user_filter (class=org.apache.hadoop.http.lib.StaticUserWebFilter$StaticUserFilter) to context ozoneManager
2021-04-29 10:57:13,303 [Listener at 127.0.0.1/42781] INFO  http.HttpServer2 (HttpServer2.java:addFilter(1004)) - Added filter static_user_filter (class=org.apache.hadoop.http.lib.StaticUserWebFilter$StaticUserFilter) to context static
2021-04-29 10:57:13,303 [Listener at 127.0.0.1/42781] INFO  http.HttpServer2 (HttpServer2.java:addFilter(1004)) - Added filter static_user_filter (class=org.apache.hadoop.http.lib.StaticUserWebFilter$StaticUserFilter) to context logs
2021-04-29 10:57:13,305 [Listener at 127.0.0.1/42781] INFO  http.HttpServer2 (HttpServer2.java:bindListener(1238)) - Jetty bound to port 39723
2021-04-29 10:57:13,307 [Listener at 127.0.0.1/42781] INFO  server.Server (Server.java:doStart(375)) - jetty-9.4.35.v20201120; built: 2020-11-20T21:17:03.964Z; git: bdc54f03a5e0a7e280fab27f55c3c75ee8da89fb; jvm 1.8.0_232-b09
2021-04-29 10:57:13,314 [Listener at 127.0.0.1/42781] INFO  server.session (DefaultSessionIdManager.java:doStart(334)) - DefaultSessionIdManager workerName=node0
2021-04-29 10:57:13,314 [Listener at 127.0.0.1/42781] INFO  server.session (DefaultSessionIdManager.java:doStart(339)) - No SessionScavenger set, using defaults
2021-04-29 10:57:13,314 [Listener at 127.0.0.1/42781] INFO  server.session (HouseKeeper.java:startScavenging(132)) - node0 Scavenging every 660000ms
2021-04-29 10:57:13,315 [Listener at 127.0.0.1/42781] INFO  handler.ContextHandler (ContextHandler.java:doStart(916)) - Started o.e.j.s.ServletContextHandler@2d85a4c7{logs,/logs,file:///github/workspace/mnt/ozone/hadoop-ozone/integration-test/target/log,AVAILABLE}
2021-04-29 10:57:13,316 [Listener at 127.0.0.1/42781] INFO  handler.ContextHandler (ContextHandler.java:doStart(916)) - Started o.e.j.s.ServletContextHandler@c53dfb2{static,/static,file:///github/workspace/mnt/ozone/hadoop-ozone/integration-test/target/test-classes/webapps/static,AVAILABLE}
2021-04-29 10:57:13,321 [Listener at 127.0.0.1/42781] INFO  handler.ContextHandler (ContextHandler.java:doStart(916)) - Started o.e.j.w.WebAppContext@31fc1b6e{ozoneManager,/,file:///github/workspace/mnt/ozone/hadoop-ozone/integration-test/target/test-classes/webapps/ozoneManager/,AVAILABLE}{file:/github/workspace/mnt/ozone/hadoop-ozone/integration-test/target/test-classes/webapps/ozoneManager}
2021-04-29 10:57:13,322 [Listener at 127.0.0.1/42781] INFO  server.AbstractConnector (AbstractConnector.java:doStart(331)) - Started ServerConnector@7cd6b76a{HTTP/1.1, (http/1.1)}{0.0.0.0:39723}
2021-04-29 10:57:13,322 [Listener at 127.0.0.1/42781] INFO  server.Server (Server.java:doStart(415)) - Started @5927ms
2021-04-29 10:57:13,323 [Listener at 127.0.0.1/42781] WARN  impl.MetricsSystemImpl (MetricsSystemImpl.java:register(279)) - Sink prometheus already exists!
2021-04-29 10:57:13,326 [Listener at 127.0.0.1/42781] INFO  http.BaseHttpServer (BaseHttpServer.java:updateConnectorAddress(327)) - HTTP server of ozoneManager listening at http://0.0.0.0:39723
2021-04-29 10:57:13,326 [IPC Server Responder] INFO  ipc.Server (Server.java:run(1497)) - IPC Server Responder: starting
2021-04-29 10:57:13,327 [IPC Server listener on 0] INFO  ipc.Server (Server.java:run(1334)) - IPC Server listener on 0: starting
2021-04-29 10:57:13,333 [Listener at 127.0.0.1/42781] INFO  om.OzoneManager (OzoneManager.java:startTrashEmptier(1234)) - Trash Interval set to 0. Files deleted will not move to trash
2021-04-29 10:57:13,342 [org.apache.hadoop.util.JvmPauseMonitor$Monitor@66e5441e] INFO  util.JvmPauseMonitor (JvmPauseMonitor.java:run(188)) - Starting JVM pause monitor
2021-04-29 10:57:13,515 [Listener at 127.0.0.1/42781] INFO  impl.MetricsSystemImpl (MetricsSystemImpl.java:init(158)) - HddsDatanode metrics system started (again)
2021-04-29 10:57:13,520 [Listener at 127.0.0.1/42781] INFO  ozone.HddsDatanodeService (HddsDatanodeService.java:start(220)) - HddsDatanodeService host:8023de4eb765 ip:172.17.0.2
2021-04-29 10:57:13,606 [Listener at 127.0.0.1/42781] INFO  volume.HddsVolume (HddsVolume.java:<init>(176)) - Creating Volume: /github/workspace/mnt/ozone/hadoop-ozone/integration-test/target/test-dir/MiniOzoneClusterImpl-2726c7ec-cf5f-4d18-8e0d-a0ed93d2ecae/datanode-0/data-0/containers/hdds of storage type : DISK and capacity : 9223372036854775807
2021-04-29 10:57:13,608 [Listener at 127.0.0.1/42781] INFO  volume.MutableVolumeSet (MutableVolumeSet.java:initializeVolumeSet(191)) - Added Volume : /github/workspace/mnt/ozone/hadoop-ozone/integration-test/target/test-dir/MiniOzoneClusterImpl-2726c7ec-cf5f-4d18-8e0d-a0ed93d2ecae/datanode-0/data-0/containers/hdds to VolumeSet
2021-04-29 10:57:13,609 [Listener at 127.0.0.1/42781] INFO  volume.ThrottledAsyncChecker (ThrottledAsyncChecker.java:schedule(141)) - Scheduling a check for /github/workspace/mnt/ozone/hadoop-ozone/integration-test/target/test-dir/MiniOzoneClusterImpl-2726c7ec-cf5f-4d18-8e0d-a0ed93d2ecae/datanode-0/data-0/containers/hdds
2021-04-29 10:57:13,631 [Listener at 127.0.0.1/42781] INFO  volume.HddsVolumeChecker (HddsVolumeChecker.java:checkAllVolumes(200)) - Scheduled health check for volume /github/workspace/mnt/ozone/hadoop-ozone/integration-test/target/test-dir/MiniOzoneClusterImpl-2726c7ec-cf5f-4d18-8e0d-a0ed93d2ecae/datanode-0/data-0/containers/hdds
2021-04-29 10:57:13,653 [Listener at 127.0.0.1/42781] INFO  ozoneimpl.ContainerReader (ContainerReader.java:<init>(98)) - Running in upgrade mode:true
2021-04-29 10:57:13,662 [Thread-127] INFO  ozoneimpl.ContainerReader (ContainerReader.java:readVolume(142)) - Start to verify containers on volume /github/workspace/mnt/ozone/hadoop-ozone/integration-test/target/test-dir/MiniOzoneClusterImpl-2726c7ec-cf5f-4d18-8e0d-a0ed93d2ecae/datanode-0/data-0/containers/hdds
2021-04-29 10:57:13,663 [Thread-127] INFO  ozoneimpl.ContainerReader (ContainerReader.java:readVolume(174)) - Finish verifying containers on volume /github/workspace/mnt/ozone/hadoop-ozone/integration-test/target/test-dir/MiniOzoneClusterImpl-2726c7ec-cf5f-4d18-8e0d-a0ed93d2ecae/datanode-0/data-0/containers/hdds
2021-04-29 10:57:13,663 [Listener at 127.0.0.1/42781] INFO  ozoneimpl.OzoneContainer (OzoneContainer.java:buildContainerSet(225)) - Build ContainerSet costs 0s
2021-04-29 10:57:13,731 [Listener at 127.0.0.1/42781] INFO  server.RaftServer (ConfUtils.java:logGet(44)) - raft.rpc.type = GRPC (default)
2021-04-29 10:57:13,731 [Listener at 127.0.0.1/42781] INFO  grpc.GrpcFactory (GrpcFactory.java:checkPooledByteBufAllocatorUseCacheForAllThreads(48)) - PERFORMANCE WARNING: useCacheForAllThreads is true that may cause Netty to create a lot garbage objects and, as a result, trigger GC.
	It is recommended to disable useCacheForAllThreads by setting -Dorg.apache.ratis.thirdparty.io.netty.allocator.useCacheForAllThreads=false in command line.
2021-04-29 10:57:13,732 [Listener at 127.0.0.1/42781] INFO  grpc.GrpcConfigKeys (ConfUtils.java:logGet(44)) - raft.grpc.admin.port = 0 (custom)
2021-04-29 10:57:13,732 [Listener at 127.0.0.1/42781] INFO  grpc.GrpcConfigKeys (ConfUtils.java:logGet(44)) - raft.grpc.client.port = 0 (custom)
2021-04-29 10:57:13,732 [Listener at 127.0.0.1/42781] INFO  grpc.GrpcConfigKeys (ConfUtils.java:logGet(44)) - raft.grpc.server.port = 0 (default)
2021-04-29 10:57:13,733 [Listener at 127.0.0.1/42781] INFO  server.GrpcService (ConfUtils.java:logGet(44)) - raft.grpc.message.size.max = 32MB (=33554432) (custom)
2021-04-29 10:57:13,733 [Listener at 127.0.0.1/42781] INFO  server.RaftServerConfigKeys (ConfUtils.java:logGet(44)) - raft.server.log.appender.buffer.byte-limit = 33554432 (custom)
2021-04-29 10:57:13,733 [Listener at 127.0.0.1/42781] INFO  server.GrpcService (ConfUtils.java:logGet(44)) - raft.grpc.flow.control.window = 5MB (=5242880) (custom)
2021-04-29 10:57:13,738 [Listener at 127.0.0.1/42781] INFO  server.RaftServerConfigKeys (ConfUtils.java:logGet(44)) - raft.server.rpc.request.timeout = 3000ms (default)
2021-04-29 10:57:13,742 [Listener at 127.0.0.1/42781] INFO  impl.DataStreamServerImpl (ConfUtils.java:logGet(44)) - raft.datastream.type = DISABLED (default)
2021-04-29 10:57:13,743 [Listener at 127.0.0.1/42781] INFO  server.RaftServerConfigKeys (ConfUtils.java:logGet(44)) - raft.server.rpc.slowness.timeout = 300000ms (custom)
2021-04-29 10:57:13,744 [Listener at 127.0.0.1/42781] INFO  server.RaftServerConfigKeys (ConfUtils.java:logGet(44)) - raft.server.leaderelection.leader.step-down.wait-time = 10s (default)
2021-04-29 10:57:13,745 [Listener at 127.0.0.1/42781] INFO  server.RaftServerConfigKeys (ConfUtils.java:logGet(44)) - raft.server.storage.dir = [/github/workspace/mnt/ozone/hadoop-ozone/integration-test/target/test-dir/MiniOzoneClusterImpl-2726c7ec-cf5f-4d18-8e0d-a0ed93d2ecae/datanode-0/data/ratis] (custom)
2021-04-29 10:57:13,823 [Listener at 127.0.0.1/42781] INFO  http.BaseHttpServer (BaseHttpServer.java:newHttpServer2BuilderForOzone(207)) - Starting Web-server for hddsDatanode at: http://0.0.0.0:0
2021-04-29 10:57:13,823 [Listener at 127.0.0.1/42781] INFO  http.BaseHttpServer (BaseHttpServer.java:<init>(106)) - Hadoop Security Enabled: false Ozone Security Enabled: false Ozone HTTP Security Enabled: false 
2021-04-29 10:57:13,826 [Listener at 127.0.0.1/42781] INFO  server.AuthenticationFilter (AuthenticationFilter.java:constructSecretProvider(240)) - Unable to initialize FileSignerSecretProvider, falling back to use random secrets.
2021-04-29 10:57:13,827 [Listener at 127.0.0.1/42781] WARN  http.HttpRequestLog (HttpRequestLog.java:getRequestLog(103)) - Jetty request log can only be enabled using Log4j
2021-04-29 10:57:13,828 [Listener at 127.0.0.1/42781] INFO  http.HttpServer2 (HttpServer2.java:addGlobalFilter(1020)) - Added global filter 'safety' (class=org.apache.hadoop.hdds.server.http.HttpServer2$QuotingInputFilter)
2021-04-29 10:57:13,830 [Listener at 127.0.0.1/42781] INFO  http.HttpServer2 (HttpServer2.java:addFilter(996)) - Added filter static_user_filter (class=org.apache.hadoop.http.lib.StaticUserWebFilter$StaticUserFilter) to context hddsDatanode
2021-04-29 10:57:13,830 [Listener at 127.0.0.1/42781] INFO  http.HttpServer2 (HttpServer2.java:addFilter(1004)) - Added filter static_user_filter (class=org.apache.hadoop.http.lib.StaticUserWebFilter$StaticUserFilter) to context static
2021-04-29 10:57:13,831 [Listener at 127.0.0.1/42781] INFO  http.HttpServer2 (HttpServer2.java:addFilter(1004)) - Added filter static_user_filter (class=org.apache.hadoop.http.lib.StaticUserWebFilter$StaticUserFilter) to context logs
2021-04-29 10:57:13,833 [Listener at 127.0.0.1/42781] INFO  http.HttpServer2 (HttpServer2.java:bindListener(1238)) - Jetty bound to port 37207
2021-04-29 10:57:13,834 [Listener at 127.0.0.1/42781] INFO  server.Server (Server.java:doStart(375)) - jetty-9.4.35.v20201120; built: 2020-11-20T21:17:03.964Z; git: bdc54f03a5e0a7e280fab27f55c3c75ee8da89fb; jvm 1.8.0_232-b09
2021-04-29 10:57:13,839 [Listener at 127.0.0.1/42781] INFO  server.session (DefaultSessionIdManager.java:doStart(334)) - DefaultSessionIdManager workerName=node0
2021-04-29 10:57:13,839 [Listener at 127.0.0.1/42781] INFO  server.session (DefaultSessionIdManager.java:doStart(339)) - No SessionScavenger set, using defaults
2021-04-29 10:57:13,839 [Listener at 127.0.0.1/42781] INFO  server.session (HouseKeeper.java:startScavenging(132)) - node0 Scavenging every 600000ms
2021-04-29 10:57:13,840 [Listener at 127.0.0.1/42781] INFO  handler.ContextHandler (ContextHandler.java:doStart(916)) - Started o.e.j.s.ServletContextHandler@4796ae58{logs,/logs,file:///github/workspace/mnt/ozone/hadoop-ozone/integration-test/target/log,AVAILABLE}
2021-04-29 10:57:13,840 [Listener at 127.0.0.1/42781] INFO  handler.ContextHandler (ContextHandler.java:doStart(916)) - Started o.e.j.s.ServletContextHandler@2627da4c{static,/static,jar:file:/home/user/.m2/repository/org/apache/hadoop/hadoop-hdds-container-service/1.2.0-SNAPSHOT/hadoop-hdds-container-service-1.2.0-SNAPSHOT.jar!/webapps/static,AVAILABLE}
2021-04-29 10:57:14,074 [Listener at 127.0.0.1/42781] INFO  handler.ContextHandler (ContextHandler.java:doStart(916)) - Started o.e.j.w.WebAppContext@7c4a44bb{hddsDatanode,/,file:///tmp/jetty-0_0_0_0-37207-hadoop-hdds-container-service-1_2_0-SNAPSHOT_jar-_-any-4035648464401355760/webapp/,AVAILABLE}{jar:file:/home/user/.m2/repository/org/apache/hadoop/hadoop-hdds-container-service/1.2.0-SNAPSHOT/hadoop-hdds-container-service-1.2.0-SNAPSHOT.jar!/webapps/hddsDatanode}
2021-04-29 10:57:14,076 [Listener at 127.0.0.1/42781] INFO  server.AbstractConnector (AbstractConnector.java:doStart(331)) - Started ServerConnector@46b2e0e4{HTTP/1.1, (http/1.1)}{0.0.0.0:37207}
2021-04-29 10:57:14,076 [Listener at 127.0.0.1/42781] INFO  server.Server (Server.java:doStart(415)) - Started @6681ms
2021-04-29 10:57:14,076 [Listener at 127.0.0.1/42781] WARN  impl.MetricsSystemImpl (MetricsSystemImpl.java:register(279)) - Sink prometheus already exists!
2021-04-29 10:57:14,132 [Listener at 127.0.0.1/42781] INFO  http.BaseHttpServer (BaseHttpServer.java:updateConnectorAddress(327)) - HTTP server of hddsDatanode listening at http://0.0.0.0:37207
2021-04-29 10:57:14,135 [Listener at 127.0.0.1/42781] INFO  impl.MetricsSystemImpl (MetricsSystemImpl.java:init(158)) - HddsDatanode metrics system started (again)
2021-04-29 10:57:14,137 [Listener at 127.0.0.1/42781] INFO  ozone.HddsDatanodeService (HddsDatanodeService.java:start(220)) - HddsDatanodeService host:8023de4eb765 ip:172.17.0.2
2021-04-29 10:57:14,159 [org.apache.hadoop.util.JvmPauseMonitor$Monitor@1b07e994] INFO  util.JvmPauseMonitor (JvmPauseMonitor.java:run(188)) - Starting JVM pause monitor
2021-04-29 10:57:14,164 [Listener at 127.0.0.1/42781] INFO  volume.HddsVolume (HddsVolume.java:<init>(176)) - Creating Volume: /github/workspace/mnt/ozone/hadoop-ozone/integration-test/target/test-dir/MiniOzoneClusterImpl-2726c7ec-cf5f-4d18-8e0d-a0ed93d2ecae/datanode-1/data-0/containers/hdds of storage type : DISK and capacity : 9223372036854775807
2021-04-29 10:57:14,164 [Listener at 127.0.0.1/42781] INFO  volume.MutableVolumeSet (MutableVolumeSet.java:initializeVolumeSet(191)) - Added Volume : /github/workspace/mnt/ozone/hadoop-ozone/integration-test/target/test-dir/MiniOzoneClusterImpl-2726c7ec-cf5f-4d18-8e0d-a0ed93d2ecae/datanode-1/data-0/containers/hdds to VolumeSet
2021-04-29 10:57:14,164 [Listener at 127.0.0.1/42781] INFO  volume.ThrottledAsyncChecker (ThrottledAsyncChecker.java:schedule(141)) - Scheduling a check for /github/workspace/mnt/ozone/hadoop-ozone/integration-test/target/test-dir/MiniOzoneClusterImpl-2726c7ec-cf5f-4d18-8e0d-a0ed93d2ecae/datanode-1/data-0/containers/hdds
2021-04-29 10:57:14,174 [Listener at 127.0.0.1/42781] INFO  volume.HddsVolumeChecker (HddsVolumeChecker.java:checkAllVolumes(200)) - Scheduled health check for volume /github/workspace/mnt/ozone/hadoop-ozone/integration-test/target/test-dir/MiniOzoneClusterImpl-2726c7ec-cf5f-4d18-8e0d-a0ed93d2ecae/datanode-1/data-0/containers/hdds
2021-04-29 10:57:14,213 [Listener at 127.0.0.1/42781] INFO  ozoneimpl.ContainerReader (ContainerReader.java:<init>(98)) - Running in upgrade mode:true
2021-04-29 10:57:14,222 [Thread-138] INFO  ozoneimpl.ContainerReader (ContainerReader.java:readVolume(142)) - Start to verify containers on volume /github/workspace/mnt/ozone/hadoop-ozone/integration-test/target/test-dir/MiniOzoneClusterImpl-2726c7ec-cf5f-4d18-8e0d-a0ed93d2ecae/datanode-1/data-0/containers/hdds
2021-04-29 10:57:14,222 [Thread-138] INFO  ozoneimpl.ContainerReader (ContainerReader.java:readVolume(174)) - Finish verifying containers on volume /github/workspace/mnt/ozone/hadoop-ozone/integration-test/target/test-dir/MiniOzoneClusterImpl-2726c7ec-cf5f-4d18-8e0d-a0ed93d2ecae/datanode-1/data-0/containers/hdds
2021-04-29 10:57:14,223 [Listener at 127.0.0.1/42781] INFO  ozoneimpl.OzoneContainer (OzoneContainer.java:buildContainerSet(225)) - Build ContainerSet costs 0s
2021-04-29 10:57:14,226 [Listener at 127.0.0.1/42781] INFO  server.RaftServer (ConfUtils.java:logGet(44)) - raft.rpc.type = GRPC (default)
2021-04-29 10:57:14,226 [Listener at 127.0.0.1/42781] INFO  grpc.GrpcFactory (GrpcFactory.java:checkPooledByteBufAllocatorUseCacheForAllThreads(48)) - PERFORMANCE WARNING: useCacheForAllThreads is true that may cause Netty to create a lot garbage objects and, as a result, trigger GC.
	It is recommended to disable useCacheForAllThreads by setting -Dorg.apache.ratis.thirdparty.io.netty.allocator.useCacheForAllThreads=false in command line.
2021-04-29 10:57:14,226 [Listener at 127.0.0.1/42781] INFO  grpc.GrpcConfigKeys (ConfUtils.java:logGet(44)) - raft.grpc.admin.port = 0 (custom)
2021-04-29 10:57:14,226 [Listener at 127.0.0.1/42781] INFO  grpc.GrpcConfigKeys (ConfUtils.java:logGet(44)) - raft.grpc.client.port = 0 (custom)
2021-04-29 10:57:14,227 [Listener at 127.0.0.1/42781] INFO  grpc.GrpcConfigKeys (ConfUtils.java:logGet(44)) - raft.grpc.server.port = 0 (default)
2021-04-29 10:57:14,227 [Listener at 127.0.0.1/42781] INFO  server.GrpcService (ConfUtils.java:logGet(44)) - raft.grpc.message.size.max = 32MB (=33554432) (custom)
2021-04-29 10:57:14,227 [Listener at 127.0.0.1/42781] INFO  server.RaftServerConfigKeys (ConfUtils.java:logGet(44)) - raft.server.log.appender.buffer.byte-limit = 33554432 (custom)
2021-04-29 10:57:14,227 [Listener at 127.0.0.1/42781] INFO  server.GrpcService (ConfUtils.java:logGet(44)) - raft.grpc.flow.control.window = 5MB (=5242880) (custom)
2021-04-29 10:57:14,227 [Listener at 127.0.0.1/42781] INFO  server.RaftServerConfigKeys (ConfUtils.java:logGet(44)) - raft.server.rpc.request.timeout = 3000ms (default)
2021-04-29 10:57:14,229 [Listener at 127.0.0.1/42781] INFO  impl.DataStreamServerImpl (ConfUtils.java:logGet(44)) - raft.datastream.type = DISABLED (default)
2021-04-29 10:57:14,229 [Listener at 127.0.0.1/42781] INFO  server.RaftServerConfigKeys (ConfUtils.java:logGet(44)) - raft.server.rpc.slowness.timeout = 300000ms (custom)
2021-04-29 10:57:14,234 [Listener at 127.0.0.1/42781] INFO  server.RaftServerConfigKeys (ConfUtils.java:logGet(44)) - raft.server.leaderelection.leader.step-down.wait-time = 10s (default)
2021-04-29 10:57:14,234 [Listener at 127.0.0.1/42781] INFO  server.RaftServerConfigKeys (ConfUtils.java:logGet(44)) - raft.server.storage.dir = [/github/workspace/mnt/ozone/hadoop-ozone/integration-test/target/test-dir/MiniOzoneClusterImpl-2726c7ec-cf5f-4d18-8e0d-a0ed93d2ecae/datanode-1/data/ratis] (custom)
2021-04-29 10:57:14,243 [Listener at 127.0.0.1/42781] INFO  http.BaseHttpServer (BaseHttpServer.java:newHttpServer2BuilderForOzone(207)) - Starting Web-server for hddsDatanode at: http://0.0.0.0:0
2021-04-29 10:57:14,243 [Listener at 127.0.0.1/42781] INFO  http.BaseHttpServer (BaseHttpServer.java:<init>(106)) - Hadoop Security Enabled: false Ozone Security Enabled: false Ozone HTTP Security Enabled: false 
2021-04-29 10:57:14,245 [Listener at 127.0.0.1/42781] INFO  server.AuthenticationFilter (AuthenticationFilter.java:constructSecretProvider(240)) - Unable to initialize FileSignerSecretProvider, falling back to use random secrets.
2021-04-29 10:57:14,250 [Listener at 127.0.0.1/42781] WARN  http.HttpRequestLog (HttpRequestLog.java:getRequestLog(103)) - Jetty request log can only be enabled using Log4j
2021-04-29 10:57:14,251 [Listener at 127.0.0.1/42781] INFO  http.HttpServer2 (HttpServer2.java:addGlobalFilter(1020)) - Added global filter 'safety' (class=org.apache.hadoop.hdds.server.http.HttpServer2$QuotingInputFilter)
2021-04-29 10:57:14,252 [Listener at 127.0.0.1/42781] INFO  http.HttpServer2 (HttpServer2.java:addFilter(996)) - Added filter static_user_filter (class=org.apache.hadoop.http.lib.StaticUserWebFilter$StaticUserFilter) to context hddsDatanode
2021-04-29 10:57:14,252 [Listener at 127.0.0.1/42781] INFO  http.HttpServer2 (HttpServer2.java:addFilter(1004)) - Added filter static_user_filter (class=org.apache.hadoop.http.lib.StaticUserWebFilter$StaticUserFilter) to context logs
2021-04-29 10:57:14,252 [Listener at 127.0.0.1/42781] INFO  http.HttpServer2 (HttpServer2.java:addFilter(1004)) - Added filter static_user_filter (class=org.apache.hadoop.http.lib.StaticUserWebFilter$StaticUserFilter) to context static
2021-04-29 10:57:14,253 [Listener at 127.0.0.1/42781] INFO  http.HttpServer2 (HttpServer2.java:bindListener(1238)) - Jetty bound to port 35233
2021-04-29 10:57:14,253 [Listener at 127.0.0.1/42781] INFO  server.Server (Server.java:doStart(375)) - jetty-9.4.35.v20201120; built: 2020-11-20T21:17:03.964Z; git: bdc54f03a5e0a7e280fab27f55c3c75ee8da89fb; jvm 1.8.0_232-b09
2021-04-29 10:57:14,256 [om1@group-C5BA1605619E-FollowerState] INFO  impl.FollowerState (FollowerState.java:run(134)) - om1@group-C5BA1605619E-FollowerState: change to CANDIDATE, lastRpcElapsedTime:1051530113ns, electionTimeout:1046ms
2021-04-29 10:57:14,258 [om1@group-C5BA1605619E-FollowerState] INFO  impl.RoleInfo (RoleInfo.java:shutdownFollowerState(108)) - om1: shutdown om1@group-C5BA1605619E-FollowerState
2021-04-29 10:57:14,258 [om1@group-C5BA1605619E-FollowerState] INFO  server.RaftServer$Division (RaftServerImpl.java:setRole(284)) - om1@group-C5BA1605619E: changes role from  FOLLOWER to CANDIDATE at term 0 for changeToCandidate
2021-04-29 10:57:14,261 [om1@group-C5BA1605619E-FollowerState] INFO  server.RaftServerConfigKeys (ConfUtils.java:logGet(44)) - raft.server.leaderelection.pre-vote = false (custom)
2021-04-29 10:57:14,261 [om1@group-C5BA1605619E-FollowerState] INFO  impl.RoleInfo (RoleInfo.java:updateAndGet(130)) - om1: start om1@group-C5BA1605619E-LeaderElection1
2021-04-29 10:57:14,270 [Listener at 127.0.0.1/42781] INFO  server.session (DefaultSessionIdManager.java:doStart(334)) - DefaultSessionIdManager workerName=node0
2021-04-29 10:57:14,271 [Listener at 127.0.0.1/42781] INFO  server.session (DefaultSessionIdManager.java:doStart(339)) - No SessionScavenger set, using defaults
2021-04-29 10:57:14,271 [Listener at 127.0.0.1/42781] INFO  server.session (HouseKeeper.java:startScavenging(132)) - node0 Scavenging every 600000ms
2021-04-29 10:57:14,277 [Listener at 127.0.0.1/42781] INFO  handler.ContextHandler (ContextHandler.java:doStart(916)) - Started o.e.j.s.ServletContextHandler@54c3b0dd{logs,/logs,file:///github/workspace/mnt/ozone/hadoop-ozone/integration-test/target/log,AVAILABLE}
2021-04-29 10:57:14,277 [Listener at 127.0.0.1/42781] INFO  handler.ContextHandler (ContextHandler.java:doStart(916)) - Started o.e.j.s.ServletContextHandler@d0c3793{static,/static,jar:file:/home/user/.m2/repository/org/apache/hadoop/hadoop-hdds-container-service/1.2.0-SNAPSHOT/hadoop-hdds-container-service-1.2.0-SNAPSHOT.jar!/webapps/static,AVAILABLE}
2021-04-29 10:57:14,283 [om1@group-C5BA1605619E-LeaderElection1] INFO  impl.LeaderElection (LeaderElection.java:askForVotes(306)) - om1@group-C5BA1605619E-LeaderElection1 ELECTION round 0: submit vote requests at term 1 for -1: [om1|rpc:localhost:9872|priority:0], old=null
2021-04-29 10:57:14,284 [om1@group-C5BA1605619E-LeaderElection1] INFO  impl.LeaderElection (LeaderElection.java:askForVotes(308)) - om1@group-C5BA1605619E-LeaderElection1 ELECTION round 0: result PASSED (term=1)
2021-04-29 10:57:14,285 [om1@group-C5BA1605619E-LeaderElection1] INFO  impl.RoleInfo (RoleInfo.java:shutdownLeaderElection(121)) - om1: shutdown om1@group-C5BA1605619E-LeaderElection1
2021-04-29 10:57:14,285 [om1@group-C5BA1605619E-LeaderElection1] INFO  server.RaftServer$Division (RaftServerImpl.java:setRole(284)) - om1@group-C5BA1605619E: changes role from CANDIDATE to LEADER at term 1 for changeToLeader
2021-04-29 10:57:14,286 [om1@group-C5BA1605619E-LeaderElection1] INFO  server.RaftServer$Division (ServerState.java:setLeader(271)) - om1@group-C5BA1605619E: change Leader from null to om1 at term 1 for becomeLeader, leader elected after 1201ms
2021-04-29 10:57:14,299 [om1@group-C5BA1605619E-LeaderElection1] INFO  server.RaftServerConfigKeys (ConfUtils.java:logGet(44)) - raft.server.staging.catchup.gap = 1000 (default)
2021-04-29 10:57:14,315 [om1@group-C5BA1605619E-LeaderElection1] INFO  metrics.RatisMetrics (RatisMetrics.java:lambda$create$0(36)) - Creating Metrics Registry : ratis.log_appender.om1@group-C5BA1605619E
2021-04-29 10:57:14,328 [om1@group-C5BA1605619E-LeaderElection1] INFO  server.RaftServerConfigKeys (ConfUtils.java:logGet(44)) - raft.server.write.element-limit = 4096 (default)
2021-04-29 10:57:14,329 [om1@group-C5BA1605619E-LeaderElection1] INFO  server.RaftServerConfigKeys (ConfUtils.java:logGet(44)) - raft.server.write.byte-limit = 64MB (=67108864) (default)
2021-04-29 10:57:14,339 [om1@group-C5BA1605619E-LeaderElection1] INFO  server.RaftServerConfigKeys (ConfUtils.java:logGet(44)) - raft.server.watch.timeout = 10s (default)
2021-04-29 10:57:14,341 [om1@group-C5BA1605619E-LeaderElection1] INFO  server.RaftServerConfigKeys (ConfUtils.java:logGet(44)) - raft.server.watch.timeout.denomination = 1s (default)
2021-04-29 10:57:14,346 [om1@group-C5BA1605619E-LeaderElection1] INFO  server.RaftServerConfigKeys (ConfUtils.java:logGet(44)) - raft.server.watch.element-limit = 65536 (default)
2021-04-29 10:57:14,374 [om1@group-C5BA1605619E-LeaderElection1] INFO  impl.RoleInfo (RoleInfo.java:updateAndGet(130)) - om1: start om1@group-C5BA1605619E-LeaderStateImpl
2021-04-29 10:57:14,419 [om1@group-C5BA1605619E-LeaderElection1] INFO  segmented.SegmentedRaftLogWorker (SegmentedRaftLogWorker.java:startLogSegment(394)) - om1@group-C5BA1605619E-SegmentedRaftLogWorker: Starting segment from index:0
2021-04-29 10:57:14,451 [om1@group-C5BA1605619E-LeaderElection1] INFO  server.RaftServer$Division (ServerState.java:setRaftConf(373)) - om1@group-C5BA1605619E: set configuration 0: [om1|rpc:localhost:9872|admin:|client:|dataStream:|priority:0], old=null
2021-04-29 10:57:14,452 [Datanode State Machine Task Thread - 0] INFO  datanode.InitDatanodeState (InitDatanodeState.java:persistContainerDatanodeDetails(145)) - DatanodeDetails is persisted to /github/workspace/mnt/ozone/hadoop-ozone/integration-test/target/test-dir/MiniOzoneClusterImpl-2726c7ec-cf5f-4d18-8e0d-a0ed93d2ecae/datanode-0/meta/datanode.id
2021-04-29 10:57:14,551 [om1@group-C5BA1605619E-SegmentedRaftLogWorker] INFO  segmented.SegmentedRaftLogWorker (SegmentedRaftLogWorker.java:execute(601)) - om1@group-C5BA1605619E-SegmentedRaftLogWorker: created new log segment /github/workspace/mnt/ozone/hadoop-ozone/integration-test/target/test-dir/MiniOzoneClusterImpl-2726c7ec-cf5f-4d18-8e0d-a0ed93d2ecae/ozone-meta/ratis/bf265839-605b-3f16-9796-c5ba1605619e/current/log_inprogress_0
2021-04-29 10:57:14,583 [Listener at 127.0.0.1/42781] INFO  handler.ContextHandler (ContextHandler.java:doStart(916)) - Started o.e.j.w.WebAppContext@654e793f{hddsDatanode,/,file:///tmp/jetty-0_0_0_0-35233-hadoop-hdds-container-service-1_2_0-SNAPSHOT_jar-_-any-590856441822717439/webapp/,AVAILABLE}{jar:file:/home/user/.m2/repository/org/apache/hadoop/hadoop-hdds-container-service/1.2.0-SNAPSHOT/hadoop-hdds-container-service-1.2.0-SNAPSHOT.jar!/webapps/hddsDatanode}
2021-04-29 10:57:14,585 [Listener at 127.0.0.1/42781] INFO  server.AbstractConnector (AbstractConnector.java:doStart(331)) - Started ServerConnector@4d555b85{HTTP/1.1, (http/1.1)}{0.0.0.0:35233}
2021-04-29 10:57:14,586 [Listener at 127.0.0.1/42781] INFO  server.Server (Server.java:doStart(415)) - Started @7190ms
2021-04-29 10:57:14,586 [Listener at 127.0.0.1/42781] WARN  impl.MetricsSystemImpl (MetricsSystemImpl.java:register(279)) - Sink prometheus already exists!
2021-04-29 10:57:14,589 [Listener at 127.0.0.1/42781] INFO  http.BaseHttpServer (BaseHttpServer.java:updateConnectorAddress(327)) - HTTP server of hddsDatanode listening at http://0.0.0.0:35233
2021-04-29 10:57:14,591 [Listener at 127.0.0.1/42781] INFO  impl.MetricsSystemImpl (MetricsSystemImpl.java:init(158)) - HddsDatanode metrics system started (again)
2021-04-29 10:57:14,592 [Listener at 127.0.0.1/42781] INFO  ozone.HddsDatanodeService (HddsDatanodeService.java:start(220)) - HddsDatanodeService host:8023de4eb765 ip:172.17.0.2
2021-04-29 10:57:14,606 [org.apache.hadoop.util.JvmPauseMonitor$Monitor@4c0522c4] INFO  util.JvmPauseMonitor (JvmPauseMonitor.java:run(188)) - Starting JVM pause monitor
2021-04-29 10:57:14,612 [Datanode State Machine Task Thread - 0] INFO  datanode.InitDatanodeState (InitDatanodeState.java:persistContainerDatanodeDetails(145)) - DatanodeDetails is persisted to /github/workspace/mnt/ozone/hadoop-ozone/integration-test/target/test-dir/MiniOzoneClusterImpl-2726c7ec-cf5f-4d18-8e0d-a0ed93d2ecae/datanode-1/meta/datanode.id
2021-04-29 10:57:14,620 [Listener at 127.0.0.1/42781] INFO  volume.HddsVolume (HddsVolume.java:<init>(176)) - Creating Volume: /github/workspace/mnt/ozone/hadoop-ozone/integration-test/target/test-dir/MiniOzoneClusterImpl-2726c7ec-cf5f-4d18-8e0d-a0ed93d2ecae/datanode-2/data-0/containers/hdds of storage type : DISK and capacity : 9223372036854775807
2021-04-29 10:57:14,621 [Listener at 127.0.0.1/42781] INFO  volume.MutableVolumeSet (MutableVolumeSet.java:initializeVolumeSet(191)) - Added Volume : /github/workspace/mnt/ozone/hadoop-ozone/integration-test/target/test-dir/MiniOzoneClusterImpl-2726c7ec-cf5f-4d18-8e0d-a0ed93d2ecae/datanode-2/data-0/containers/hdds to VolumeSet
2021-04-29 10:57:14,621 [Listener at 127.0.0.1/42781] INFO  volume.ThrottledAsyncChecker (ThrottledAsyncChecker.java:schedule(141)) - Scheduling a check for /github/workspace/mnt/ozone/hadoop-ozone/integration-test/target/test-dir/MiniOzoneClusterImpl-2726c7ec-cf5f-4d18-8e0d-a0ed93d2ecae/datanode-2/data-0/containers/hdds
2021-04-29 10:57:14,622 [Listener at 127.0.0.1/42781] INFO  volume.HddsVolumeChecker (HddsVolumeChecker.java:checkAllVolumes(200)) - Scheduled health check for volume /github/workspace/mnt/ozone/hadoop-ozone/integration-test/target/test-dir/MiniOzoneClusterImpl-2726c7ec-cf5f-4d18-8e0d-a0ed93d2ecae/datanode-2/data-0/containers/hdds
2021-04-29 10:57:14,638 [Listener at 127.0.0.1/42781] INFO  ozoneimpl.ContainerReader (ContainerReader.java:<init>(98)) - Running in upgrade mode:true
2021-04-29 10:57:14,638 [Thread-151] INFO  ozoneimpl.ContainerReader (ContainerReader.java:readVolume(142)) - Start to verify containers on volume /github/workspace/mnt/ozone/hadoop-ozone/integration-test/target/test-dir/MiniOzoneClusterImpl-2726c7ec-cf5f-4d18-8e0d-a0ed93d2ecae/datanode-2/data-0/containers/hdds
2021-04-29 10:57:14,639 [Thread-151] INFO  ozoneimpl.ContainerReader (ContainerReader.java:readVolume(174)) - Finish verifying containers on volume /github/workspace/mnt/ozone/hadoop-ozone/integration-test/target/test-dir/MiniOzoneClusterImpl-2726c7ec-cf5f-4d18-8e0d-a0ed93d2ecae/datanode-2/data-0/containers/hdds
2021-04-29 10:57:14,639 [Listener at 127.0.0.1/42781] INFO  ozoneimpl.OzoneContainer (OzoneContainer.java:buildContainerSet(225)) - Build ContainerSet costs 0s
2021-04-29 10:57:14,642 [Listener at 127.0.0.1/42781] INFO  server.RaftServer (ConfUtils.java:logGet(44)) - raft.rpc.type = GRPC (default)
2021-04-29 10:57:14,642 [Listener at 127.0.0.1/42781] INFO  grpc.GrpcFactory (GrpcFactory.java:checkPooledByteBufAllocatorUseCacheForAllThreads(48)) - PERFORMANCE WARNING: useCacheForAllThreads is true that may cause Netty to create a lot garbage objects and, as a result, trigger GC.
	It is recommended to disable useCacheForAllThreads by setting -Dorg.apache.ratis.thirdparty.io.netty.allocator.useCacheForAllThreads=false in command line.
2021-04-29 10:57:14,642 [Listener at 127.0.0.1/42781] INFO  grpc.GrpcConfigKeys (ConfUtils.java:logGet(44)) - raft.grpc.admin.port = 0 (custom)
2021-04-29 10:57:14,643 [Listener at 127.0.0.1/42781] INFO  grpc.GrpcConfigKeys (ConfUtils.java:logGet(44)) - raft.grpc.client.port = 0 (custom)
2021-04-29 10:57:14,643 [Listener at 127.0.0.1/42781] INFO  grpc.GrpcConfigKeys (ConfUtils.java:logGet(44)) - raft.grpc.server.port = 0 (default)
2021-04-29 10:57:14,643 [Listener at 127.0.0.1/42781] INFO  server.GrpcService (ConfUtils.java:logGet(44)) - raft.grpc.message.size.max = 32MB (=33554432) (custom)
2021-04-29 10:57:14,643 [Listener at 127.0.0.1/42781] INFO  server.RaftServerConfigKeys (ConfUtils.java:logGet(44)) - raft.server.log.appender.buffer.byte-limit = 33554432 (custom)
2021-04-29 10:57:14,644 [Listener at 127.0.0.1/42781] INFO  server.GrpcService (ConfUtils.java:logGet(44)) - raft.grpc.flow.control.window = 5MB (=5242880) (custom)
2021-04-29 10:57:14,644 [Listener at 127.0.0.1/42781] INFO  server.RaftServerConfigKeys (ConfUtils.java:logGet(44)) - raft.server.rpc.request.timeout = 3000ms (default)
2021-04-29 10:57:14,650 [Listener at 127.0.0.1/42781] INFO  impl.DataStreamServerImpl (ConfUtils.java:logGet(44)) - raft.datastream.type = DISABLED (default)
2021-04-29 10:57:14,650 [Listener at 127.0.0.1/42781] INFO  server.RaftServerConfigKeys (ConfUtils.java:logGet(44)) - raft.server.rpc.slowness.timeout = 300000ms (custom)
2021-04-29 10:57:14,650 [Listener at 127.0.0.1/42781] INFO  server.RaftServerConfigKeys (ConfUtils.java:logGet(44)) - raft.server.leaderelection.leader.step-down.wait-time = 10s (default)
2021-04-29 10:57:14,651 [Listener at 127.0.0.1/42781] INFO  server.RaftServerConfigKeys (ConfUtils.java:logGet(44)) - raft.server.storage.dir = [/github/workspace/mnt/ozone/hadoop-ozone/integration-test/target/test-dir/MiniOzoneClusterImpl-2726c7ec-cf5f-4d18-8e0d-a0ed93d2ecae/datanode-2/data/ratis] (custom)
2021-04-29 10:57:14,657 [Listener at 127.0.0.1/42781] INFO  http.BaseHttpServer (BaseHttpServer.java:newHttpServer2BuilderForOzone(207)) - Starting Web-server for hddsDatanode at: http://0.0.0.0:0
2021-04-29 10:57:14,658 [Listener at 127.0.0.1/42781] INFO  http.BaseHttpServer (BaseHttpServer.java:<init>(106)) - Hadoop Security Enabled: false Ozone Security Enabled: false Ozone HTTP Security Enabled: false 
2021-04-29 10:57:14,659 [Listener at 127.0.0.1/42781] INFO  server.AuthenticationFilter (AuthenticationFilter.java:constructSecretProvider(240)) - Unable to initialize FileSignerSecretProvider, falling back to use random secrets.
2021-04-29 10:57:14,659 [Listener at 127.0.0.1/42781] WARN  http.HttpRequestLog (HttpRequestLog.java:getRequestLog(103)) - Jetty request log can only be enabled using Log4j
2021-04-29 10:57:14,660 [Listener at 127.0.0.1/42781] INFO  http.HttpServer2 (HttpServer2.java:addGlobalFilter(1020)) - Added global filter 'safety' (class=org.apache.hadoop.hdds.server.http.HttpServer2$QuotingInputFilter)
2021-04-29 10:57:14,661 [Listener at 127.0.0.1/42781] INFO  http.HttpServer2 (HttpServer2.java:addFilter(996)) - Added filter static_user_filter (class=org.apache.hadoop.http.lib.StaticUserWebFilter$StaticUserFilter) to context hddsDatanode
2021-04-29 10:57:14,662 [Listener at 127.0.0.1/42781] INFO  http.HttpServer2 (HttpServer2.java:addFilter(1004)) - Added filter static_user_filter (class=org.apache.hadoop.http.lib.StaticUserWebFilter$StaticUserFilter) to context static
2021-04-29 10:57:14,662 [Listener at 127.0.0.1/42781] INFO  http.HttpServer2 (HttpServer2.java:addFilter(1004)) - Added filter static_user_filter (class=org.apache.hadoop.http.lib.StaticUserWebFilter$StaticUserFilter) to context logs
2021-04-29 10:57:14,662 [Listener at 127.0.0.1/42781] INFO  http.HttpServer2 (HttpServer2.java:bindListener(1238)) - Jetty bound to port 41653
2021-04-29 10:57:14,663 [Listener at 127.0.0.1/42781] INFO  server.Server (Server.java:doStart(375)) - jetty-9.4.35.v20201120; built: 2020-11-20T21:17:03.964Z; git: bdc54f03a5e0a7e280fab27f55c3c75ee8da89fb; jvm 1.8.0_232-b09
2021-04-29 10:57:14,664 [Listener at 127.0.0.1/42781] INFO  server.session (DefaultSessionIdManager.java:doStart(334)) - DefaultSessionIdManager workerName=node0
2021-04-29 10:57:14,665 [Listener at 127.0.0.1/42781] INFO  server.session (DefaultSessionIdManager.java:doStart(339)) - No SessionScavenger set, using defaults
2021-04-29 10:57:14,665 [Listener at 127.0.0.1/42781] INFO  server.session (HouseKeeper.java:startScavenging(132)) - node0 Scavenging every 600000ms
2021-04-29 10:57:14,666 [Listener at 127.0.0.1/42781] INFO  handler.ContextHandler (ContextHandler.java:doStart(916)) - Started o.e.j.s.ServletContextHandler@1a48f55b{logs,/logs,file:///github/workspace/mnt/ozone/hadoop-ozone/integration-test/target/log,AVAILABLE}
2021-04-29 10:57:14,666 [Listener at 127.0.0.1/42781] INFO  handler.ContextHandler (ContextHandler.java:doStart(916)) - Started o.e.j.s.ServletContextHandler@4a9fdffe{static,/static,jar:file:/home/user/.m2/repository/org/apache/hadoop/hadoop-hdds-container-service/1.2.0-SNAPSHOT/hadoop-hdds-container-service-1.2.0-SNAPSHOT.jar!/webapps/static,AVAILABLE}
2021-04-29 10:57:14,832 [Listener at 127.0.0.1/42781] INFO  handler.ContextHandler (ContextHandler.java:doStart(916)) - Started o.e.j.w.WebAppContext@9c7699e{hddsDatanode,/,file:///tmp/jetty-0_0_0_0-41653-hadoop-hdds-container-service-1_2_0-SNAPSHOT_jar-_-any-1689969587879073057/webapp/,AVAILABLE}{jar:file:/home/user/.m2/repository/org/apache/hadoop/hadoop-hdds-container-service/1.2.0-SNAPSHOT/hadoop-hdds-container-service-1.2.0-SNAPSHOT.jar!/webapps/hddsDatanode}
2021-04-29 10:57:14,835 [Listener at 127.0.0.1/42781] INFO  server.AbstractConnector (AbstractConnector.java:doStart(331)) - Started ServerConnector@7a0ebc03{HTTP/1.1, (http/1.1)}{0.0.0.0:41653}
2021-04-29 10:57:14,835 [Listener at 127.0.0.1/42781] INFO  server.Server (Server.java:doStart(415)) - Started @7440ms
2021-04-29 10:57:14,835 [Listener at 127.0.0.1/42781] WARN  impl.MetricsSystemImpl (MetricsSystemImpl.java:register(279)) - Sink prometheus already exists!
2021-04-29 10:57:14,839 [Listener at 127.0.0.1/42781] INFO  http.BaseHttpServer (BaseHttpServer.java:updateConnectorAddress(327)) - HTTP server of hddsDatanode listening at http://0.0.0.0:41653
2021-04-29 10:57:14,843 [Listener at 127.0.0.1/42781] INFO  impl.MetricsSystemImpl (MetricsSystemImpl.java:init(158)) - HddsDatanode metrics system started (again)
2021-04-29 10:57:14,845 [Listener at 127.0.0.1/42781] INFO  ozone.HddsDatanodeService (HddsDatanodeService.java:start(220)) - HddsDatanodeService host:8023de4eb765 ip:172.17.0.2
2021-04-29 10:57:14,850 [org.apache.hadoop.util.JvmPauseMonitor$Monitor@5fa545c] INFO  util.JvmPauseMonitor (JvmPauseMonitor.java:run(188)) - Starting JVM pause monitor
2021-04-29 10:57:14,853 [Datanode State Machine Task Thread - 0] INFO  datanode.InitDatanodeState (InitDatanodeState.java:persistContainerDatanodeDetails(145)) - DatanodeDetails is persisted to /github/workspace/mnt/ozone/hadoop-ozone/integration-test/target/test-dir/MiniOzoneClusterImpl-2726c7ec-cf5f-4d18-8e0d-a0ed93d2ecae/datanode-2/meta/datanode.id
2021-04-29 10:57:14,888 [Listener at 127.0.0.1/42781] INFO  volume.HddsVolume (HddsVolume.java:<init>(176)) - Creating Volume: /github/workspace/mnt/ozone/hadoop-ozone/integration-test/target/test-dir/MiniOzoneClusterImpl-2726c7ec-cf5f-4d18-8e0d-a0ed93d2ecae/datanode-3/data-0/containers/hdds of storage type : DISK and capacity : 9223372036854775807
2021-04-29 10:57:14,888 [Listener at 127.0.0.1/42781] INFO  volume.MutableVolumeSet (MutableVolumeSet.java:initializeVolumeSet(191)) - Added Volume : /github/workspace/mnt/ozone/hadoop-ozone/integration-test/target/test-dir/MiniOzoneClusterImpl-2726c7ec-cf5f-4d18-8e0d-a0ed93d2ecae/datanode-3/data-0/containers/hdds to VolumeSet
2021-04-29 10:57:14,888 [Listener at 127.0.0.1/42781] INFO  volume.ThrottledAsyncChecker (ThrottledAsyncChecker.java:schedule(141)) - Scheduling a check for /github/workspace/mnt/ozone/hadoop-ozone/integration-test/target/test-dir/MiniOzoneClusterImpl-2726c7ec-cf5f-4d18-8e0d-a0ed93d2ecae/datanode-3/data-0/containers/hdds
2021-04-29 10:57:14,889 [Listener at 127.0.0.1/42781] INFO  volume.HddsVolumeChecker (HddsVolumeChecker.java:checkAllVolumes(200)) - Scheduled health check for volume /github/workspace/mnt/ozone/hadoop-ozone/integration-test/target/test-dir/MiniOzoneClusterImpl-2726c7ec-cf5f-4d18-8e0d-a0ed93d2ecae/datanode-3/data-0/containers/hdds
2021-04-29 10:57:14,904 [Listener at 127.0.0.1/42781] INFO  ozoneimpl.ContainerReader (ContainerReader.java:<init>(98)) - Running in upgrade mode:true
2021-04-29 10:57:14,906 [Thread-162] INFO  ozoneimpl.ContainerReader (ContainerReader.java:readVolume(142)) - Start to verify containers on volume /github/workspace/mnt/ozone/hadoop-ozone/integration-test/target/test-dir/MiniOzoneClusterImpl-2726c7ec-cf5f-4d18-8e0d-a0ed93d2ecae/datanode-3/data-0/containers/hdds
2021-04-29 10:57:14,906 [Thread-162] INFO  ozoneimpl.ContainerReader (ContainerReader.java:readVolume(174)) - Finish verifying containers on volume /github/workspace/mnt/ozone/hadoop-ozone/integration-test/target/test-dir/MiniOzoneClusterImpl-2726c7ec-cf5f-4d18-8e0d-a0ed93d2ecae/datanode-3/data-0/containers/hdds
2021-04-29 10:57:14,906 [Listener at 127.0.0.1/42781] INFO  ozoneimpl.OzoneContainer (OzoneContainer.java:buildContainerSet(225)) - Build ContainerSet costs 0s
2021-04-29 10:57:14,909 [Listener at 127.0.0.1/42781] INFO  server.RaftServer (ConfUtils.java:logGet(44)) - raft.rpc.type = GRPC (default)
2021-04-29 10:57:14,910 [Listener at 127.0.0.1/42781] INFO  grpc.GrpcFactory (GrpcFactory.java:checkPooledByteBufAllocatorUseCacheForAllThreads(48)) - PERFORMANCE WARNING: useCacheForAllThreads is true that may cause Netty to create a lot garbage objects and, as a result, trigger GC.
	It is recommended to disable useCacheForAllThreads by setting -Dorg.apache.ratis.thirdparty.io.netty.allocator.useCacheForAllThreads=false in command line.
2021-04-29 10:57:14,910 [Listener at 127.0.0.1/42781] INFO  grpc.GrpcConfigKeys (ConfUtils.java:logGet(44)) - raft.grpc.admin.port = 0 (custom)
2021-04-29 10:57:14,910 [Listener at 127.0.0.1/42781] INFO  grpc.GrpcConfigKeys (ConfUtils.java:logGet(44)) - raft.grpc.client.port = 0 (custom)
2021-04-29 10:57:14,910 [Listener at 127.0.0.1/42781] INFO  grpc.GrpcConfigKeys (ConfUtils.java:logGet(44)) - raft.grpc.server.port = 0 (default)
2021-04-29 10:57:14,911 [Listener at 127.0.0.1/42781] INFO  server.GrpcService (ConfUtils.java:logGet(44)) - raft.grpc.message.size.max = 32MB (=33554432) (custom)
2021-04-29 10:57:14,911 [Listener at 127.0.0.1/42781] INFO  server.RaftServerConfigKeys (ConfUtils.java:logGet(44)) - raft.server.log.appender.buffer.byte-limit = 33554432 (custom)
2021-04-29 10:57:14,911 [Listener at 127.0.0.1/42781] INFO  server.GrpcService (ConfUtils.java:logGet(44)) - raft.grpc.flow.control.window = 5MB (=5242880) (custom)
2021-04-29 10:57:14,911 [Listener at 127.0.0.1/42781] INFO  server.RaftServerConfigKeys (ConfUtils.java:logGet(44)) - raft.server.rpc.request.timeout = 3000ms (default)
2021-04-29 10:57:14,912 [Listener at 127.0.0.1/42781] INFO  impl.DataStreamServerImpl (ConfUtils.java:logGet(44)) - raft.datastream.type = DISABLED (default)
2021-04-29 10:57:14,913 [Listener at 127.0.0.1/42781] INFO  server.RaftServerConfigKeys (ConfUtils.java:logGet(44)) - raft.server.rpc.slowness.timeout = 300000ms (custom)
2021-04-29 10:57:14,913 [Listener at 127.0.0.1/42781] INFO  server.RaftServerConfigKeys (ConfUtils.java:logGet(44)) - raft.server.leaderelection.leader.step-down.wait-time = 10s (default)
2021-04-29 10:57:14,913 [Listener at 127.0.0.1/42781] INFO  server.RaftServerConfigKeys (ConfUtils.java:logGet(44)) - raft.server.storage.dir = [/github/workspace/mnt/ozone/hadoop-ozone/integration-test/target/test-dir/MiniOzoneClusterImpl-2726c7ec-cf5f-4d18-8e0d-a0ed93d2ecae/datanode-3/data/ratis] (custom)
2021-04-29 10:57:14,925 [Listener at 127.0.0.1/42781] INFO  http.BaseHttpServer (BaseHttpServer.java:newHttpServer2BuilderForOzone(207)) - Starting Web-server for hddsDatanode at: http://0.0.0.0:0
2021-04-29 10:57:14,925 [Listener at 127.0.0.1/42781] INFO  http.BaseHttpServer (BaseHttpServer.java:<init>(106)) - Hadoop Security Enabled: false Ozone Security Enabled: false Ozone HTTP Security Enabled: false 
2021-04-29 10:57:14,927 [Listener at 127.0.0.1/42781] INFO  server.AuthenticationFilter (AuthenticationFilter.java:constructSecretProvider(240)) - Unable to initialize FileSignerSecretProvider, falling back to use random secrets.
2021-04-29 10:57:14,927 [Listener at 127.0.0.1/42781] WARN  http.HttpRequestLog (HttpRequestLog.java:getRequestLog(103)) - Jetty request log can only be enabled using Log4j
2021-04-29 10:57:14,928 [Listener at 127.0.0.1/42781] INFO  http.HttpServer2 (HttpServer2.java:addGlobalFilter(1020)) - Added global filter 'safety' (class=org.apache.hadoop.hdds.server.http.HttpServer2$QuotingInputFilter)
2021-04-29 10:57:14,929 [Listener at 127.0.0.1/42781] INFO  http.HttpServer2 (HttpServer2.java:addFilter(996)) - Added filter static_user_filter (class=org.apache.hadoop.http.lib.StaticUserWebFilter$StaticUserFilter) to context hddsDatanode
2021-04-29 10:57:14,929 [Listener at 127.0.0.1/42781] INFO  http.HttpServer2 (HttpServer2.java:addFilter(1004)) - Added filter static_user_filter (class=org.apache.hadoop.http.lib.StaticUserWebFilter$StaticUserFilter) to context static
2021-04-29 10:57:14,929 [Listener at 127.0.0.1/42781] INFO  http.HttpServer2 (HttpServer2.java:addFilter(1004)) - Added filter static_user_filter (class=org.apache.hadoop.http.lib.StaticUserWebFilter$StaticUserFilter) to context logs
2021-04-29 10:57:14,930 [Listener at 127.0.0.1/42781] INFO  http.HttpServer2 (HttpServer2.java:bindListener(1238)) - Jetty bound to port 44119
2021-04-29 10:57:14,931 [Listener at 127.0.0.1/42781] INFO  server.Server (Server.java:doStart(375)) - jetty-9.4.35.v20201120; built: 2020-11-20T21:17:03.964Z; git: bdc54f03a5e0a7e280fab27f55c3c75ee8da89fb; jvm 1.8.0_232-b09
2021-04-29 10:57:14,941 [Listener at 127.0.0.1/42781] INFO  server.session (DefaultSessionIdManager.java:doStart(334)) - DefaultSessionIdManager workerName=node0
2021-04-29 10:57:14,942 [Listener at 127.0.0.1/42781] INFO  server.session (DefaultSessionIdManager.java:doStart(339)) - No SessionScavenger set, using defaults
2021-04-29 10:57:14,942 [Listener at 127.0.0.1/42781] INFO  server.session (HouseKeeper.java:startScavenging(132)) - node0 Scavenging every 660000ms
2021-04-29 10:57:14,944 [Listener at 127.0.0.1/42781] INFO  handler.ContextHandler (ContextHandler.java:doStart(916)) - Started o.e.j.s.ServletContextHandler@9a88a92{logs,/logs,file:///github/workspace/mnt/ozone/hadoop-ozone/integration-test/target/log,AVAILABLE}
2021-04-29 10:57:14,944 [Listener at 127.0.0.1/42781] INFO  handler.ContextHandler (ContextHandler.java:doStart(916)) - Started o.e.j.s.ServletContextHandler@15c25cb6{static,/static,jar:file:/home/user/.m2/repository/org/apache/hadoop/hadoop-hdds-container-service/1.2.0-SNAPSHOT/hadoop-hdds-container-service-1.2.0-SNAPSHOT.jar!/webapps/static,AVAILABLE}
2021-04-29 10:57:15,115 [Listener at 127.0.0.1/42781] INFO  handler.ContextHandler (ContextHandler.java:doStart(916)) - Started o.e.j.w.WebAppContext@2220780d{hddsDatanode,/,file:///tmp/jetty-0_0_0_0-44119-hadoop-hdds-container-service-1_2_0-SNAPSHOT_jar-_-any-5829568194983145149/webapp/,AVAILABLE}{jar:file:/home/user/.m2/repository/org/apache/hadoop/hadoop-hdds-container-service/1.2.0-SNAPSHOT/hadoop-hdds-container-service-1.2.0-SNAPSHOT.jar!/webapps/hddsDatanode}
2021-04-29 10:57:15,118 [Listener at 127.0.0.1/42781] INFO  server.AbstractConnector (AbstractConnector.java:doStart(331)) - Started ServerConnector@62a9c857{HTTP/1.1, (http/1.1)}{0.0.0.0:44119}
2021-04-29 10:57:15,118 [Listener at 127.0.0.1/42781] INFO  server.Server (Server.java:doStart(415)) - Started @7723ms
2021-04-29 10:57:15,119 [Listener at 127.0.0.1/42781] WARN  impl.MetricsSystemImpl (MetricsSystemImpl.java:register(279)) - Sink prometheus already exists!
2021-04-29 10:57:15,122 [Listener at 127.0.0.1/42781] INFO  http.BaseHttpServer (BaseHttpServer.java:updateConnectorAddress(327)) - HTTP server of hddsDatanode listening at http://0.0.0.0:44119
2021-04-29 10:57:15,130 [Listener at 127.0.0.1/42781] INFO  impl.MetricsSystemImpl (MetricsSystemImpl.java:init(158)) - HddsDatanode metrics system started (again)
2021-04-29 10:57:15,133 [Listener at 127.0.0.1/42781] INFO  ozone.HddsDatanodeService (HddsDatanodeService.java:start(220)) - HddsDatanodeService host:8023de4eb765 ip:172.17.0.2
2021-04-29 10:57:15,138 [org.apache.hadoop.util.JvmPauseMonitor$Monitor@478f1240] INFO  util.JvmPauseMonitor (JvmPauseMonitor.java:run(188)) - Starting JVM pause monitor
2021-04-29 10:57:15,141 [Datanode State Machine Task Thread - 0] INFO  datanode.InitDatanodeState (InitDatanodeState.java:persistContainerDatanodeDetails(145)) - DatanodeDetails is persisted to /github/workspace/mnt/ozone/hadoop-ozone/integration-test/target/test-dir/MiniOzoneClusterImpl-2726c7ec-cf5f-4d18-8e0d-a0ed93d2ecae/datanode-3/meta/datanode.id
2021-04-29 10:57:15,162 [Listener at 127.0.0.1/42781] INFO  volume.HddsVolume (HddsVolume.java:<init>(176)) - Creating Volume: /github/workspace/mnt/ozone/hadoop-ozone/integration-test/target/test-dir/MiniOzoneClusterImpl-2726c7ec-cf5f-4d18-8e0d-a0ed93d2ecae/datanode-4/data-0/containers/hdds of storage type : DISK and capacity : 9223372036854775807
2021-04-29 10:57:15,163 [Listener at 127.0.0.1/42781] INFO  volume.MutableVolumeSet (MutableVolumeSet.java:initializeVolumeSet(191)) - Added Volume : /github/workspace/mnt/ozone/hadoop-ozone/integration-test/target/test-dir/MiniOzoneClusterImpl-2726c7ec-cf5f-4d18-8e0d-a0ed93d2ecae/datanode-4/data-0/containers/hdds to VolumeSet
2021-04-29 10:57:15,163 [Listener at 127.0.0.1/42781] INFO  volume.ThrottledAsyncChecker (ThrottledAsyncChecker.java:schedule(141)) - Scheduling a check for /github/workspace/mnt/ozone/hadoop-ozone/integration-test/target/test-dir/MiniOzoneClusterImpl-2726c7ec-cf5f-4d18-8e0d-a0ed93d2ecae/datanode-4/data-0/containers/hdds
2021-04-29 10:57:15,164 [Listener at 127.0.0.1/42781] INFO  volume.HddsVolumeChecker (HddsVolumeChecker.java:checkAllVolumes(200)) - Scheduled health check for volume /github/workspace/mnt/ozone/hadoop-ozone/integration-test/target/test-dir/MiniOzoneClusterImpl-2726c7ec-cf5f-4d18-8e0d-a0ed93d2ecae/datanode-4/data-0/containers/hdds
2021-04-29 10:57:15,184 [Listener at 127.0.0.1/42781] INFO  ozoneimpl.ContainerReader (ContainerReader.java:<init>(98)) - Running in upgrade mode:true
2021-04-29 10:57:15,186 [Thread-173] INFO  ozoneimpl.ContainerReader (ContainerReader.java:readVolume(142)) - Start to verify containers on volume /github/workspace/mnt/ozone/hadoop-ozone/integration-test/target/test-dir/MiniOzoneClusterImpl-2726c7ec-cf5f-4d18-8e0d-a0ed93d2ecae/datanode-4/data-0/containers/hdds
2021-04-29 10:57:15,186 [Thread-173] INFO  ozoneimpl.ContainerReader (ContainerReader.java:readVolume(174)) - Finish verifying containers on volume /github/workspace/mnt/ozone/hadoop-ozone/integration-test/target/test-dir/MiniOzoneClusterImpl-2726c7ec-cf5f-4d18-8e0d-a0ed93d2ecae/datanode-4/data-0/containers/hdds
2021-04-29 10:57:15,186 [Listener at 127.0.0.1/42781] INFO  ozoneimpl.OzoneContainer (OzoneContainer.java:buildContainerSet(225)) - Build ContainerSet costs 0s
2021-04-29 10:57:15,189 [Listener at 127.0.0.1/42781] INFO  server.RaftServer (ConfUtils.java:logGet(44)) - raft.rpc.type = GRPC (default)
2021-04-29 10:57:15,190 [Listener at 127.0.0.1/42781] INFO  grpc.GrpcFactory (GrpcFactory.java:checkPooledByteBufAllocatorUseCacheForAllThreads(48)) - PERFORMANCE WARNING: useCacheForAllThreads is true that may cause Netty to create a lot garbage objects and, as a result, trigger GC.
	It is recommended to disable useCacheForAllThreads by setting -Dorg.apache.ratis.thirdparty.io.netty.allocator.useCacheForAllThreads=false in command line.
2021-04-29 10:57:15,190 [Listener at 127.0.0.1/42781] INFO  grpc.GrpcConfigKeys (ConfUtils.java:logGet(44)) - raft.grpc.admin.port = 0 (custom)
2021-04-29 10:57:15,190 [Listener at 127.0.0.1/42781] INFO  grpc.GrpcConfigKeys (ConfUtils.java:logGet(44)) - raft.grpc.client.port = 0 (custom)
2021-04-29 10:57:15,190 [Listener at 127.0.0.1/42781] INFO  grpc.GrpcConfigKeys (ConfUtils.java:logGet(44)) - raft.grpc.server.port = 0 (default)
2021-04-29 10:57:15,191 [Listener at 127.0.0.1/42781] INFO  server.GrpcService (ConfUtils.java:logGet(44)) - raft.grpc.message.size.max = 32MB (=33554432) (custom)
2021-04-29 10:57:15,191 [Listener at 127.0.0.1/42781] INFO  server.RaftServerConfigKeys (ConfUtils.java:logGet(44)) - raft.server.log.appender.buffer.byte-limit = 33554432 (custom)
2021-04-29 10:57:15,191 [Listener at 127.0.0.1/42781] INFO  server.GrpcService (ConfUtils.java:logGet(44)) - raft.grpc.flow.control.window = 5MB (=5242880) (custom)
2021-04-29 10:57:15,191 [Listener at 127.0.0.1/42781] INFO  server.RaftServerConfigKeys (ConfUtils.java:logGet(44)) - raft.server.rpc.request.timeout = 3000ms (default)
2021-04-29 10:57:15,193 [Listener at 127.0.0.1/42781] INFO  impl.DataStreamServerImpl (ConfUtils.java:logGet(44)) - raft.datastream.type = DISABLED (default)
2021-04-29 10:57:15,193 [Listener at 127.0.0.1/42781] INFO  server.RaftServerConfigKeys (ConfUtils.java:logGet(44)) - raft.server.rpc.slowness.timeout = 300000ms (custom)
2021-04-29 10:57:15,193 [Listener at 127.0.0.1/42781] INFO  server.RaftServerConfigKeys (ConfUtils.java:logGet(44)) - raft.server.leaderelection.leader.step-down.wait-time = 10s (default)
2021-04-29 10:57:15,194 [Listener at 127.0.0.1/42781] INFO  server.RaftServerConfigKeys (ConfUtils.java:logGet(44)) - raft.server.storage.dir = [/github/workspace/mnt/ozone/hadoop-ozone/integration-test/target/test-dir/MiniOzoneClusterImpl-2726c7ec-cf5f-4d18-8e0d-a0ed93d2ecae/datanode-4/data/ratis] (custom)
2021-04-29 10:57:15,203 [Listener at 127.0.0.1/42781] INFO  http.BaseHttpServer (BaseHttpServer.java:newHttpServer2BuilderForOzone(207)) - Starting Web-server for hddsDatanode at: http://0.0.0.0:0
2021-04-29 10:57:15,203 [Listener at 127.0.0.1/42781] INFO  http.BaseHttpServer (BaseHttpServer.java:<init>(106)) - Hadoop Security Enabled: false Ozone Security Enabled: false Ozone HTTP Security Enabled: false 
2021-04-29 10:57:15,204 [Listener at 127.0.0.1/42781] INFO  server.AuthenticationFilter (AuthenticationFilter.java:constructSecretProvider(240)) - Unable to initialize FileSignerSecretProvider, falling back to use random secrets.
2021-04-29 10:57:15,208 [Listener at 127.0.0.1/42781] WARN  http.HttpRequestLog (HttpRequestLog.java:getRequestLog(103)) - Jetty request log can only be enabled using Log4j
2021-04-29 10:57:15,209 [Listener at 127.0.0.1/42781] INFO  http.HttpServer2 (HttpServer2.java:addGlobalFilter(1020)) - Added global filter 'safety' (class=org.apache.hadoop.hdds.server.http.HttpServer2$QuotingInputFilter)
2021-04-29 10:57:15,210 [Listener at 127.0.0.1/42781] INFO  http.HttpServer2 (HttpServer2.java:addFilter(996)) - Added filter static_user_filter (class=org.apache.hadoop.http.lib.StaticUserWebFilter$StaticUserFilter) to context hddsDatanode
2021-04-29 10:57:15,210 [Listener at 127.0.0.1/42781] INFO  http.HttpServer2 (HttpServer2.java:addFilter(1004)) - Added filter static_user_filter (class=org.apache.hadoop.http.lib.StaticUserWebFilter$StaticUserFilter) to context logs
2021-04-29 10:57:15,210 [Listener at 127.0.0.1/42781] INFO  http.HttpServer2 (HttpServer2.java:addFilter(1004)) - Added filter static_user_filter (class=org.apache.hadoop.http.lib.StaticUserWebFilter$StaticUserFilter) to context static
2021-04-29 10:57:15,211 [Listener at 127.0.0.1/42781] INFO  http.HttpServer2 (HttpServer2.java:bindListener(1238)) - Jetty bound to port 34377
2021-04-29 10:57:15,211 [Listener at 127.0.0.1/42781] INFO  server.Server (Server.java:doStart(375)) - jetty-9.4.35.v20201120; built: 2020-11-20T21:17:03.964Z; git: bdc54f03a5e0a7e280fab27f55c3c75ee8da89fb; jvm 1.8.0_232-b09
2021-04-29 10:57:15,213 [Listener at 127.0.0.1/42781] INFO  server.session (DefaultSessionIdManager.java:doStart(334)) - DefaultSessionIdManager workerName=node0
2021-04-29 10:57:15,213 [Listener at 127.0.0.1/42781] INFO  server.session (DefaultSessionIdManager.java:doStart(339)) - No SessionScavenger set, using defaults
2021-04-29 10:57:15,214 [Listener at 127.0.0.1/42781] INFO  server.session (HouseKeeper.java:startScavenging(132)) - node0 Scavenging every 660000ms
2021-04-29 10:57:15,215 [Listener at 127.0.0.1/42781] INFO  handler.ContextHandler (ContextHandler.java:doStart(916)) - Started o.e.j.s.ServletContextHandler@1bbebf8e{logs,/logs,file:///github/workspace/mnt/ozone/hadoop-ozone/integration-test/target/log,AVAILABLE}
2021-04-29 10:57:15,215 [Listener at 127.0.0.1/42781] INFO  handler.ContextHandler (ContextHandler.java:doStart(916)) - Started o.e.j.s.ServletContextHandler@539a50ea{static,/static,jar:file:/home/user/.m2/repository/org/apache/hadoop/hadoop-hdds-container-service/1.2.0-SNAPSHOT/hadoop-hdds-container-service-1.2.0-SNAPSHOT.jar!/webapps/static,AVAILABLE}
2021-04-29 10:57:15,378 [Listener at 127.0.0.1/42781] INFO  handler.ContextHandler (ContextHandler.java:doStart(916)) - Started o.e.j.w.WebAppContext@4e2f6452{hddsDatanode,/,file:///tmp/jetty-0_0_0_0-34377-hadoop-hdds-container-service-1_2_0-SNAPSHOT_jar-_-any-7834547749074039969/webapp/,AVAILABLE}{jar:file:/home/user/.m2/repository/org/apache/hadoop/hadoop-hdds-container-service/1.2.0-SNAPSHOT/hadoop-hdds-container-service-1.2.0-SNAPSHOT.jar!/webapps/hddsDatanode}
2021-04-29 10:57:15,380 [Listener at 127.0.0.1/42781] INFO  server.AbstractConnector (AbstractConnector.java:doStart(331)) - Started ServerConnector@46791608{HTTP/1.1, (http/1.1)}{0.0.0.0:34377}
2021-04-29 10:57:15,381 [Listener at 127.0.0.1/42781] INFO  server.Server (Server.java:doStart(415)) - Started @7986ms
2021-04-29 10:57:15,381 [Listener at 127.0.0.1/42781] WARN  impl.MetricsSystemImpl (MetricsSystemImpl.java:register(279)) - Sink prometheus already exists!
2021-04-29 10:57:15,384 [Listener at 127.0.0.1/42781] INFO  http.BaseHttpServer (BaseHttpServer.java:updateConnectorAddress(327)) - HTTP server of hddsDatanode listening at http://0.0.0.0:34377
2021-04-29 10:57:15,386 [Listener at 127.0.0.1/42781] INFO  impl.MetricsSystemImpl (MetricsSystemImpl.java:init(158)) - HddsDatanode metrics system started (again)
2021-04-29 10:57:15,388 [Listener at 127.0.0.1/42781] INFO  ozone.HddsDatanodeService (HddsDatanodeService.java:start(220)) - HddsDatanodeService host:8023de4eb765 ip:172.17.0.2
2021-04-29 10:57:15,398 [org.apache.hadoop.util.JvmPauseMonitor$Monitor@4368ccbf] INFO  util.JvmPauseMonitor (JvmPauseMonitor.java:run(188)) - Starting JVM pause monitor
2021-04-29 10:57:15,399 [Datanode State Machine Task Thread - 0] INFO  datanode.InitDatanodeState (InitDatanodeState.java:persistContainerDatanodeDetails(145)) - DatanodeDetails is persisted to /github/workspace/mnt/ozone/hadoop-ozone/integration-test/target/test-dir/MiniOzoneClusterImpl-2726c7ec-cf5f-4d18-8e0d-a0ed93d2ecae/datanode-4/meta/datanode.id
2021-04-29 10:57:15,414 [Listener at 127.0.0.1/42781] INFO  volume.HddsVolume (HddsVolume.java:<init>(176)) - Creating Volume: /github/workspace/mnt/ozone/hadoop-ozone/integration-test/target/test-dir/MiniOzoneClusterImpl-2726c7ec-cf5f-4d18-8e0d-a0ed93d2ecae/datanode-5/data-0/containers/hdds of storage type : DISK and capacity : 9223372036854775807
2021-04-29 10:57:15,414 [Listener at 127.0.0.1/42781] INFO  volume.MutableVolumeSet (MutableVolumeSet.java:initializeVolumeSet(191)) - Added Volume : /github/workspace/mnt/ozone/hadoop-ozone/integration-test/target/test-dir/MiniOzoneClusterImpl-2726c7ec-cf5f-4d18-8e0d-a0ed93d2ecae/datanode-5/data-0/containers/hdds to VolumeSet
2021-04-29 10:57:15,415 [Listener at 127.0.0.1/42781] INFO  volume.ThrottledAsyncChecker (ThrottledAsyncChecker.java:schedule(141)) - Scheduling a check for /github/workspace/mnt/ozone/hadoop-ozone/integration-test/target/test-dir/MiniOzoneClusterImpl-2726c7ec-cf5f-4d18-8e0d-a0ed93d2ecae/datanode-5/data-0/containers/hdds
2021-04-29 10:57:15,415 [Listener at 127.0.0.1/42781] INFO  volume.HddsVolumeChecker (HddsVolumeChecker.java:checkAllVolumes(200)) - Scheduled health check for volume /github/workspace/mnt/ozone/hadoop-ozone/integration-test/target/test-dir/MiniOzoneClusterImpl-2726c7ec-cf5f-4d18-8e0d-a0ed93d2ecae/datanode-5/data-0/containers/hdds
2021-04-29 10:57:15,429 [Listener at 127.0.0.1/42781] INFO  ozoneimpl.ContainerReader (ContainerReader.java:<init>(98)) - Running in upgrade mode:true
2021-04-29 10:57:15,430 [Thread-184] INFO  ozoneimpl.ContainerReader (ContainerReader.java:readVolume(142)) - Start to verify containers on volume /github/workspace/mnt/ozone/hadoop-ozone/integration-test/target/test-dir/MiniOzoneClusterImpl-2726c7ec-cf5f-4d18-8e0d-a0ed93d2ecae/datanode-5/data-0/containers/hdds
2021-04-29 10:57:15,430 [Thread-184] INFO  ozoneimpl.ContainerReader (ContainerReader.java:readVolume(174)) - Finish verifying containers on volume /github/workspace/mnt/ozone/hadoop-ozone/integration-test/target/test-dir/MiniOzoneClusterImpl-2726c7ec-cf5f-4d18-8e0d-a0ed93d2ecae/datanode-5/data-0/containers/hdds
2021-04-29 10:57:15,430 [Listener at 127.0.0.1/42781] INFO  ozoneimpl.OzoneContainer (OzoneContainer.java:buildContainerSet(225)) - Build ContainerSet costs 0s
2021-04-29 10:57:15,432 [Listener at 127.0.0.1/42781] INFO  server.RaftServer (ConfUtils.java:logGet(44)) - raft.rpc.type = GRPC (default)
2021-04-29 10:57:15,433 [Listener at 127.0.0.1/42781] INFO  grpc.GrpcFactory (GrpcFactory.java:checkPooledByteBufAllocatorUseCacheForAllThreads(48)) - PERFORMANCE WARNING: useCacheForAllThreads is true that may cause Netty to create a lot garbage objects and, as a result, trigger GC.
	It is recommended to disable useCacheForAllThreads by setting -Dorg.apache.ratis.thirdparty.io.netty.allocator.useCacheForAllThreads=false in command line.
2021-04-29 10:57:15,433 [Listener at 127.0.0.1/42781] INFO  grpc.GrpcConfigKeys (ConfUtils.java:logGet(44)) - raft.grpc.admin.port = 0 (custom)
2021-04-29 10:57:15,433 [Listener at 127.0.0.1/42781] INFO  grpc.GrpcConfigKeys (ConfUtils.java:logGet(44)) - raft.grpc.client.port = 0 (custom)
2021-04-29 10:57:15,433 [Listener at 127.0.0.1/42781] INFO  grpc.GrpcConfigKeys (ConfUtils.java:logGet(44)) - raft.grpc.server.port = 0 (default)
2021-04-29 10:57:15,434 [Listener at 127.0.0.1/42781] INFO  server.GrpcService (ConfUtils.java:logGet(44)) - raft.grpc.message.size.max = 32MB (=33554432) (custom)
2021-04-29 10:57:15,434 [Listener at 127.0.0.1/42781] INFO  server.RaftServerConfigKeys (ConfUtils.java:logGet(44)) - raft.server.log.appender.buffer.byte-limit = 33554432 (custom)
2021-04-29 10:57:15,434 [Listener at 127.0.0.1/42781] INFO  server.GrpcService (ConfUtils.java:logGet(44)) - raft.grpc.flow.control.window = 5MB (=5242880) (custom)
2021-04-29 10:57:15,434 [Listener at 127.0.0.1/42781] INFO  server.RaftServerConfigKeys (ConfUtils.java:logGet(44)) - raft.server.rpc.request.timeout = 3000ms (default)
2021-04-29 10:57:15,436 [Listener at 127.0.0.1/42781] INFO  impl.DataStreamServerImpl (ConfUtils.java:logGet(44)) - raft.datastream.type = DISABLED (default)
2021-04-29 10:57:15,436 [Listener at 127.0.0.1/42781] INFO  server.RaftServerConfigKeys (ConfUtils.java:logGet(44)) - raft.server.rpc.slowness.timeout = 300000ms (custom)
2021-04-29 10:57:15,436 [Listener at 127.0.0.1/42781] INFO  server.RaftServerConfigKeys (ConfUtils.java:logGet(44)) - raft.server.leaderelection.leader.step-down.wait-time = 10s (default)
2021-04-29 10:57:15,436 [Listener at 127.0.0.1/42781] INFO  server.RaftServerConfigKeys (ConfUtils.java:logGet(44)) - raft.server.storage.dir = [/github/workspace/mnt/ozone/hadoop-ozone/integration-test/target/test-dir/MiniOzoneClusterImpl-2726c7ec-cf5f-4d18-8e0d-a0ed93d2ecae/datanode-5/data/ratis] (custom)
2021-04-29 10:57:15,448 [Listener at 127.0.0.1/42781] INFO  http.BaseHttpServer (BaseHttpServer.java:newHttpServer2BuilderForOzone(207)) - Starting Web-server for hddsDatanode at: http://0.0.0.0:0
2021-04-29 10:57:15,448 [Listener at 127.0.0.1/42781] INFO  http.BaseHttpServer (BaseHttpServer.java:<init>(106)) - Hadoop Security Enabled: false Ozone Security Enabled: false Ozone HTTP Security Enabled: false 
2021-04-29 10:57:15,450 [Listener at 127.0.0.1/42781] INFO  server.AuthenticationFilter (AuthenticationFilter.java:constructSecretProvider(240)) - Unable to initialize FileSignerSecretProvider, falling back to use random secrets.
2021-04-29 10:57:15,451 [Listener at 127.0.0.1/42781] WARN  http.HttpRequestLog (HttpRequestLog.java:getRequestLog(103)) - Jetty request log can only be enabled using Log4j
2021-04-29 10:57:15,452 [Listener at 127.0.0.1/42781] INFO  http.HttpServer2 (HttpServer2.java:addGlobalFilter(1020)) - Added global filter 'safety' (class=org.apache.hadoop.hdds.server.http.HttpServer2$QuotingInputFilter)
2021-04-29 10:57:15,453 [Listener at 127.0.0.1/42781] INFO  http.HttpServer2 (HttpServer2.java:addFilter(996)) - Added filter static_user_filter (class=org.apache.hadoop.http.lib.StaticUserWebFilter$StaticUserFilter) to context hddsDatanode
2021-04-29 10:57:15,453 [Listener at 127.0.0.1/42781] INFO  http.HttpServer2 (HttpServer2.java:addFilter(1004)) - Added filter static_user_filter (class=org.apache.hadoop.http.lib.StaticUserWebFilter$StaticUserFilter) to context static
2021-04-29 10:57:15,453 [Listener at 127.0.0.1/42781] INFO  http.HttpServer2 (HttpServer2.java:addFilter(1004)) - Added filter static_user_filter (class=org.apache.hadoop.http.lib.StaticUserWebFilter$StaticUserFilter) to context logs
2021-04-29 10:57:15,455 [Listener at 127.0.0.1/42781] INFO  http.HttpServer2 (HttpServer2.java:bindListener(1238)) - Jetty bound to port 41069
2021-04-29 10:57:15,455 [Listener at 127.0.0.1/42781] INFO  server.Server (Server.java:doStart(375)) - jetty-9.4.35.v20201120; built: 2020-11-20T21:17:03.964Z; git: bdc54f03a5e0a7e280fab27f55c3c75ee8da89fb; jvm 1.8.0_232-b09
2021-04-29 10:57:15,457 [Listener at 127.0.0.1/42781] INFO  server.session (DefaultSessionIdManager.java:doStart(334)) - DefaultSessionIdManager workerName=node0
2021-04-29 10:57:15,457 [Listener at 127.0.0.1/42781] INFO  server.session (DefaultSessionIdManager.java:doStart(339)) - No SessionScavenger set, using defaults
2021-04-29 10:57:15,457 [Listener at 127.0.0.1/42781] INFO  server.session (HouseKeeper.java:startScavenging(132)) - node0 Scavenging every 600000ms
2021-04-29 10:57:15,458 [Listener at 127.0.0.1/42781] INFO  handler.ContextHandler (ContextHandler.java:doStart(916)) - Started o.e.j.s.ServletContextHandler@1fb947f6{logs,/logs,file:///github/workspace/mnt/ozone/hadoop-ozone/integration-test/target/log,AVAILABLE}
2021-04-29 10:57:15,458 [Listener at 127.0.0.1/42781] INFO  handler.ContextHandler (ContextHandler.java:doStart(916)) - Started o.e.j.s.ServletContextHandler@3f4b9792{static,/static,jar:file:/home/user/.m2/repository/org/apache/hadoop/hadoop-hdds-container-service/1.2.0-SNAPSHOT/hadoop-hdds-container-service-1.2.0-SNAPSHOT.jar!/webapps/static,AVAILABLE}
2021-04-29 10:57:15,624 [Listener at 127.0.0.1/42781] INFO  handler.ContextHandler (ContextHandler.java:doStart(916)) - Started o.e.j.w.WebAppContext@2a70c8d5{hddsDatanode,/,file:///tmp/jetty-0_0_0_0-41069-hadoop-hdds-container-service-1_2_0-SNAPSHOT_jar-_-any-3573959008564363822/webapp/,AVAILABLE}{jar:file:/home/user/.m2/repository/org/apache/hadoop/hadoop-hdds-container-service/1.2.0-SNAPSHOT/hadoop-hdds-container-service-1.2.0-SNAPSHOT.jar!/webapps/hddsDatanode}
2021-04-29 10:57:15,625 [Listener at 127.0.0.1/42781] INFO  server.AbstractConnector (AbstractConnector.java:doStart(331)) - Started ServerConnector@6d26b068{HTTP/1.1, (http/1.1)}{0.0.0.0:41069}
2021-04-29 10:57:15,627 [Listener at 127.0.0.1/42781] INFO  server.Server (Server.java:doStart(415)) - Started @8232ms
2021-04-29 10:57:15,627 [Listener at 127.0.0.1/42781] WARN  impl.MetricsSystemImpl (MetricsSystemImpl.java:register(279)) - Sink prometheus already exists!
2021-04-29 10:57:15,630 [Listener at 127.0.0.1/42781] INFO  http.BaseHttpServer (BaseHttpServer.java:updateConnectorAddress(327)) - HTTP server of hddsDatanode listening at http://0.0.0.0:41069
2021-04-29 10:57:15,632 [Listener at 127.0.0.1/42781] INFO  impl.MetricsSystemImpl (MetricsSystemImpl.java:init(158)) - HddsDatanode metrics system started (again)
2021-04-29 10:57:15,634 [Listener at 127.0.0.1/42781] INFO  ozone.HddsDatanodeService (HddsDatanodeService.java:start(220)) - HddsDatanodeService host:8023de4eb765 ip:172.17.0.2
2021-04-29 10:57:15,647 [org.apache.hadoop.util.JvmPauseMonitor$Monitor@ced0948] INFO  util.JvmPauseMonitor (JvmPauseMonitor.java:run(188)) - Starting JVM pause monitor
2021-04-29 10:57:15,651 [Datanode State Machine Task Thread - 0] INFO  datanode.InitDatanodeState (InitDatanodeState.java:persistContainerDatanodeDetails(145)) - DatanodeDetails is persisted to /github/workspace/mnt/ozone/hadoop-ozone/integration-test/target/test-dir/MiniOzoneClusterImpl-2726c7ec-cf5f-4d18-8e0d-a0ed93d2ecae/datanode-5/meta/datanode.id
2021-04-29 10:57:15,666 [Listener at 127.0.0.1/42781] INFO  volume.HddsVolume (HddsVolume.java:<init>(176)) - Creating Volume: /github/workspace/mnt/ozone/hadoop-ozone/integration-test/target/test-dir/MiniOzoneClusterImpl-2726c7ec-cf5f-4d18-8e0d-a0ed93d2ecae/datanode-6/data-0/containers/hdds of storage type : DISK and capacity : 9223372036854775807
2021-04-29 10:57:15,667 [Listener at 127.0.0.1/42781] INFO  volume.MutableVolumeSet (MutableVolumeSet.java:initializeVolumeSet(191)) - Added Volume : /github/workspace/mnt/ozone/hadoop-ozone/integration-test/target/test-dir/MiniOzoneClusterImpl-2726c7ec-cf5f-4d18-8e0d-a0ed93d2ecae/datanode-6/data-0/containers/hdds to VolumeSet
2021-04-29 10:57:15,667 [Listener at 127.0.0.1/42781] INFO  volume.ThrottledAsyncChecker (ThrottledAsyncChecker.java:schedule(141)) - Scheduling a check for /github/workspace/mnt/ozone/hadoop-ozone/integration-test/target/test-dir/MiniOzoneClusterImpl-2726c7ec-cf5f-4d18-8e0d-a0ed93d2ecae/datanode-6/data-0/containers/hdds
2021-04-29 10:57:15,668 [Listener at 127.0.0.1/42781] INFO  volume.HddsVolumeChecker (HddsVolumeChecker.java:checkAllVolumes(200)) - Scheduled health check for volume /github/workspace/mnt/ozone/hadoop-ozone/integration-test/target/test-dir/MiniOzoneClusterImpl-2726c7ec-cf5f-4d18-8e0d-a0ed93d2ecae/datanode-6/data-0/containers/hdds
2021-04-29 10:57:15,684 [Listener at 127.0.0.1/42781] INFO  ozoneimpl.ContainerReader (ContainerReader.java:<init>(98)) - Running in upgrade mode:true
2021-04-29 10:57:15,685 [Thread-195] INFO  ozoneimpl.ContainerReader (ContainerReader.java:readVolume(142)) - Start to verify containers on volume /github/workspace/mnt/ozone/hadoop-ozone/integration-test/target/test-dir/MiniOzoneClusterImpl-2726c7ec-cf5f-4d18-8e0d-a0ed93d2ecae/datanode-6/data-0/containers/hdds
2021-04-29 10:57:15,685 [Thread-195] INFO  ozoneimpl.ContainerReader (ContainerReader.java:readVolume(174)) - Finish verifying containers on volume /github/workspace/mnt/ozone/hadoop-ozone/integration-test/target/test-dir/MiniOzoneClusterImpl-2726c7ec-cf5f-4d18-8e0d-a0ed93d2ecae/datanode-6/data-0/containers/hdds
2021-04-29 10:57:15,685 [Listener at 127.0.0.1/42781] INFO  ozoneimpl.OzoneContainer (OzoneContainer.java:buildContainerSet(225)) - Build ContainerSet costs 0s
2021-04-29 10:57:15,688 [Listener at 127.0.0.1/42781] INFO  server.RaftServer (ConfUtils.java:logGet(44)) - raft.rpc.type = GRPC (default)
2021-04-29 10:57:15,689 [Listener at 127.0.0.1/42781] INFO  grpc.GrpcFactory (GrpcFactory.java:checkPooledByteBufAllocatorUseCacheForAllThreads(48)) - PERFORMANCE WARNING: useCacheForAllThreads is true that may cause Netty to create a lot garbage objects and, as a result, trigger GC.
	It is recommended to disable useCacheForAllThreads by setting -Dorg.apache.ratis.thirdparty.io.netty.allocator.useCacheForAllThreads=false in command line.
2021-04-29 10:57:15,689 [Listener at 127.0.0.1/42781] INFO  grpc.GrpcConfigKeys (ConfUtils.java:logGet(44)) - raft.grpc.admin.port = 0 (custom)
2021-04-29 10:57:15,689 [Listener at 127.0.0.1/42781] INFO  grpc.GrpcConfigKeys (ConfUtils.java:logGet(44)) - raft.grpc.client.port = 0 (custom)
2021-04-29 10:57:15,689 [Listener at 127.0.0.1/42781] INFO  grpc.GrpcConfigKeys (ConfUtils.java:logGet(44)) - raft.grpc.server.port = 0 (default)
2021-04-29 10:57:15,689 [Listener at 127.0.0.1/42781] INFO  server.GrpcService (ConfUtils.java:logGet(44)) - raft.grpc.message.size.max = 32MB (=33554432) (custom)
2021-04-29 10:57:15,690 [Listener at 127.0.0.1/42781] INFO  server.RaftServerConfigKeys (ConfUtils.java:logGet(44)) - raft.server.log.appender.buffer.byte-limit = 33554432 (custom)
2021-04-29 10:57:15,690 [Listener at 127.0.0.1/42781] INFO  server.GrpcService (ConfUtils.java:logGet(44)) - raft.grpc.flow.control.window = 5MB (=5242880) (custom)
2021-04-29 10:57:15,690 [Listener at 127.0.0.1/42781] INFO  server.RaftServerConfigKeys (ConfUtils.java:logGet(44)) - raft.server.rpc.request.timeout = 3000ms (default)
2021-04-29 10:57:15,691 [Listener at 127.0.0.1/42781] INFO  impl.DataStreamServerImpl (ConfUtils.java:logGet(44)) - raft.datastream.type = DISABLED (default)
2021-04-29 10:57:15,692 [Listener at 127.0.0.1/42781] INFO  server.RaftServerConfigKeys (ConfUtils.java:logGet(44)) - raft.server.rpc.slowness.timeout = 300000ms (custom)
2021-04-29 10:57:15,692 [Listener at 127.0.0.1/42781] INFO  server.RaftServerConfigKeys (ConfUtils.java:logGet(44)) - raft.server.leaderelection.leader.step-down.wait-time = 10s (default)
2021-04-29 10:57:15,692 [Listener at 127.0.0.1/42781] INFO  server.RaftServerConfigKeys (ConfUtils.java:logGet(44)) - raft.server.storage.dir = [/github/workspace/mnt/ozone/hadoop-ozone/integration-test/target/test-dir/MiniOzoneClusterImpl-2726c7ec-cf5f-4d18-8e0d-a0ed93d2ecae/datanode-6/data/ratis] (custom)
2021-04-29 10:57:15,699 [Listener at 127.0.0.1/42781] INFO  http.BaseHttpServer (BaseHttpServer.java:newHttpServer2BuilderForOzone(207)) - Starting Web-server for hddsDatanode at: http://0.0.0.0:0
2021-04-29 10:57:15,699 [Listener at 127.0.0.1/42781] INFO  http.BaseHttpServer (BaseHttpServer.java:<init>(106)) - Hadoop Security Enabled: false Ozone Security Enabled: false Ozone HTTP Security Enabled: false 
2021-04-29 10:57:15,701 [Listener at 127.0.0.1/42781] INFO  server.AuthenticationFilter (AuthenticationFilter.java:constructSecretProvider(240)) - Unable to initialize FileSignerSecretProvider, falling back to use random secrets.
2021-04-29 10:57:15,706 [Listener at 127.0.0.1/42781] WARN  http.HttpRequestLog (HttpRequestLog.java:getRequestLog(103)) - Jetty request log can only be enabled using Log4j
2021-04-29 10:57:15,708 [Listener at 127.0.0.1/42781] INFO  http.HttpServer2 (HttpServer2.java:addGlobalFilter(1020)) - Added global filter 'safety' (class=org.apache.hadoop.hdds.server.http.HttpServer2$QuotingInputFilter)
2021-04-29 10:57:15,709 [Listener at 127.0.0.1/42781] INFO  http.HttpServer2 (HttpServer2.java:addFilter(996)) - Added filter static_user_filter (class=org.apache.hadoop.http.lib.StaticUserWebFilter$StaticUserFilter) to context hddsDatanode
2021-04-29 10:57:15,710 [Listener at 127.0.0.1/42781] INFO  http.HttpServer2 (HttpServer2.java:addFilter(1004)) - Added filter static_user_filter (class=org.apache.hadoop.http.lib.StaticUserWebFilter$StaticUserFilter) to context static
2021-04-29 10:57:15,710 [Listener at 127.0.0.1/42781] INFO  http.HttpServer2 (HttpServer2.java:addFilter(1004)) - Added filter static_user_filter (class=org.apache.hadoop.http.lib.StaticUserWebFilter$StaticUserFilter) to context logs
2021-04-29 10:57:15,711 [Listener at 127.0.0.1/42781] INFO  http.HttpServer2 (HttpServer2.java:bindListener(1238)) - Jetty bound to port 32821
2021-04-29 10:57:15,711 [Listener at 127.0.0.1/42781] INFO  server.Server (Server.java:doStart(375)) - jetty-9.4.35.v20201120; built: 2020-11-20T21:17:03.964Z; git: bdc54f03a5e0a7e280fab27f55c3c75ee8da89fb; jvm 1.8.0_232-b09
2021-04-29 10:57:15,714 [Listener at 127.0.0.1/42781] INFO  server.session (DefaultSessionIdManager.java:doStart(334)) - DefaultSessionIdManager workerName=node0
2021-04-29 10:57:15,714 [Listener at 127.0.0.1/42781] INFO  server.session (DefaultSessionIdManager.java:doStart(339)) - No SessionScavenger set, using defaults
2021-04-29 10:57:15,714 [Listener at 127.0.0.1/42781] INFO  server.session (HouseKeeper.java:startScavenging(132)) - node0 Scavenging every 660000ms
2021-04-29 10:57:15,719 [Listener at 127.0.0.1/42781] INFO  handler.ContextHandler (ContextHandler.java:doStart(916)) - Started o.e.j.s.ServletContextHandler@735ed1d2{logs,/logs,file:///github/workspace/mnt/ozone/hadoop-ozone/integration-test/target/log,AVAILABLE}
2021-04-29 10:57:15,719 [Listener at 127.0.0.1/42781] INFO  handler.ContextHandler (ContextHandler.java:doStart(916)) - Started o.e.j.s.ServletContextHandler@34ef9879{static,/static,jar:file:/home/user/.m2/repository/org/apache/hadoop/hadoop-hdds-container-service/1.2.0-SNAPSHOT/hadoop-hdds-container-service-1.2.0-SNAPSHOT.jar!/webapps/static,AVAILABLE}
2021-04-29 10:57:15,924 [Listener at 127.0.0.1/42781] INFO  handler.ContextHandler (ContextHandler.java:doStart(916)) - Started o.e.j.w.WebAppContext@47814094{hddsDatanode,/,file:///tmp/jetty-0_0_0_0-32821-hadoop-hdds-container-service-1_2_0-SNAPSHOT_jar-_-any-4513294541001207768/webapp/,AVAILABLE}{jar:file:/home/user/.m2/repository/org/apache/hadoop/hadoop-hdds-container-service/1.2.0-SNAPSHOT/hadoop-hdds-container-service-1.2.0-SNAPSHOT.jar!/webapps/hddsDatanode}
2021-04-29 10:57:15,925 [Listener at 127.0.0.1/42781] INFO  server.AbstractConnector (AbstractConnector.java:doStart(331)) - Started ServerConnector@26df4e2f{HTTP/1.1, (http/1.1)}{0.0.0.0:32821}
2021-04-29 10:57:15,925 [Listener at 127.0.0.1/42781] INFO  server.Server (Server.java:doStart(415)) - Started @8530ms
2021-04-29 10:57:15,926 [Listener at 127.0.0.1/42781] WARN  impl.MetricsSystemImpl (MetricsSystemImpl.java:register(279)) - Sink prometheus already exists!
2021-04-29 10:57:15,930 [Listener at 127.0.0.1/42781] INFO  http.BaseHttpServer (BaseHttpServer.java:updateConnectorAddress(327)) - HTTP server of hddsDatanode listening at http://0.0.0.0:32821
2021-04-29 10:57:15,932 [Listener at 127.0.0.1/42781] INFO  impl.MetricsSystemImpl (MetricsSystemImpl.java:init(158)) - HddsDatanode metrics system started (again)
2021-04-29 10:57:15,935 [Listener at 127.0.0.1/42781] INFO  ozone.HddsDatanodeService (HddsDatanodeService.java:start(220)) - HddsDatanodeService host:8023de4eb765 ip:172.17.0.2
2021-04-29 10:57:15,942 [org.apache.hadoop.util.JvmPauseMonitor$Monitor@51726c86] INFO  util.JvmPauseMonitor (JvmPauseMonitor.java:run(188)) - Starting JVM pause monitor
2021-04-29 10:57:15,945 [Datanode State Machine Task Thread - 0] INFO  datanode.InitDatanodeState (InitDatanodeState.java:persistContainerDatanodeDetails(145)) - DatanodeDetails is persisted to /github/workspace/mnt/ozone/hadoop-ozone/integration-test/target/test-dir/MiniOzoneClusterImpl-2726c7ec-cf5f-4d18-8e0d-a0ed93d2ecae/datanode-6/meta/datanode.id
2021-04-29 10:57:15,959 [Listener at 127.0.0.1/42781] INFO  volume.HddsVolume (HddsVolume.java:<init>(176)) - Creating Volume: /github/workspace/mnt/ozone/hadoop-ozone/integration-test/target/test-dir/MiniOzoneClusterImpl-2726c7ec-cf5f-4d18-8e0d-a0ed93d2ecae/datanode-7/data-0/containers/hdds of storage type : DISK and capacity : 9223372036854775807
2021-04-29 10:57:15,960 [Listener at 127.0.0.1/42781] INFO  volume.MutableVolumeSet (MutableVolumeSet.java:initializeVolumeSet(191)) - Added Volume : /github/workspace/mnt/ozone/hadoop-ozone/integration-test/target/test-dir/MiniOzoneClusterImpl-2726c7ec-cf5f-4d18-8e0d-a0ed93d2ecae/datanode-7/data-0/containers/hdds to VolumeSet
2021-04-29 10:57:15,960 [Listener at 127.0.0.1/42781] INFO  volume.ThrottledAsyncChecker (ThrottledAsyncChecker.java:schedule(141)) - Scheduling a check for /github/workspace/mnt/ozone/hadoop-ozone/integration-test/target/test-dir/MiniOzoneClusterImpl-2726c7ec-cf5f-4d18-8e0d-a0ed93d2ecae/datanode-7/data-0/containers/hdds
2021-04-29 10:57:15,961 [Listener at 127.0.0.1/42781] INFO  volume.HddsVolumeChecker (HddsVolumeChecker.java:checkAllVolumes(200)) - Scheduled health check for volume /github/workspace/mnt/ozone/hadoop-ozone/integration-test/target/test-dir/MiniOzoneClusterImpl-2726c7ec-cf5f-4d18-8e0d-a0ed93d2ecae/datanode-7/data-0/containers/hdds
2021-04-29 10:57:15,975 [Listener at 127.0.0.1/42781] INFO  ozoneimpl.ContainerReader (ContainerReader.java:<init>(98)) - Running in upgrade mode:true
2021-04-29 10:57:15,976 [Thread-206] INFO  ozoneimpl.ContainerReader (ContainerReader.java:readVolume(142)) - Start to verify containers on volume /github/workspace/mnt/ozone/hadoop-ozone/integration-test/target/test-dir/MiniOzoneClusterImpl-2726c7ec-cf5f-4d18-8e0d-a0ed93d2ecae/datanode-7/data-0/containers/hdds
2021-04-29 10:57:15,976 [Thread-206] INFO  ozoneimpl.ContainerReader (ContainerReader.java:readVolume(174)) - Finish verifying containers on volume /github/workspace/mnt/ozone/hadoop-ozone/integration-test/target/test-dir/MiniOzoneClusterImpl-2726c7ec-cf5f-4d18-8e0d-a0ed93d2ecae/datanode-7/data-0/containers/hdds
2021-04-29 10:57:15,976 [Listener at 127.0.0.1/42781] INFO  ozoneimpl.OzoneContainer (OzoneContainer.java:buildContainerSet(225)) - Build ContainerSet costs 0s
2021-04-29 10:57:15,981 [Listener at 127.0.0.1/42781] INFO  server.RaftServer (ConfUtils.java:logGet(44)) - raft.rpc.type = GRPC (default)
2021-04-29 10:57:15,981 [Listener at 127.0.0.1/42781] INFO  grpc.GrpcFactory (GrpcFactory.java:checkPooledByteBufAllocatorUseCacheForAllThreads(48)) - PERFORMANCE WARNING: useCacheForAllThreads is true that may cause Netty to create a lot garbage objects and, as a result, trigger GC.
	It is recommended to disable useCacheForAllThreads by setting -Dorg.apache.ratis.thirdparty.io.netty.allocator.useCacheForAllThreads=false in command line.
2021-04-29 10:57:15,981 [Listener at 127.0.0.1/42781] INFO  grpc.GrpcConfigKeys (ConfUtils.java:logGet(44)) - raft.grpc.admin.port = 0 (custom)
2021-04-29 10:57:15,981 [Listener at 127.0.0.1/42781] INFO  grpc.GrpcConfigKeys (ConfUtils.java:logGet(44)) - raft.grpc.client.port = 0 (custom)
2021-04-29 10:57:15,981 [Listener at 127.0.0.1/42781] INFO  grpc.GrpcConfigKeys (ConfUtils.java:logGet(44)) - raft.grpc.server.port = 0 (default)
2021-04-29 10:57:15,982 [Listener at 127.0.0.1/42781] INFO  server.GrpcService (ConfUtils.java:logGet(44)) - raft.grpc.message.size.max = 32MB (=33554432) (custom)
2021-04-29 10:57:15,982 [Listener at 127.0.0.1/42781] INFO  server.RaftServerConfigKeys (ConfUtils.java:logGet(44)) - raft.server.log.appender.buffer.byte-limit = 33554432 (custom)
2021-04-29 10:57:15,982 [Listener at 127.0.0.1/42781] INFO  server.GrpcService (ConfUtils.java:logGet(44)) - raft.grpc.flow.control.window = 5MB (=5242880) (custom)
2021-04-29 10:57:15,982 [Listener at 127.0.0.1/42781] INFO  server.RaftServerConfigKeys (ConfUtils.java:logGet(44)) - raft.server.rpc.request.timeout = 3000ms (default)
2021-04-29 10:57:15,983 [Listener at 127.0.0.1/42781] INFO  impl.DataStreamServerImpl (ConfUtils.java:logGet(44)) - raft.datastream.type = DISABLED (default)
2021-04-29 10:57:15,984 [Listener at 127.0.0.1/42781] INFO  server.RaftServerConfigKeys (ConfUtils.java:logGet(44)) - raft.server.rpc.slowness.timeout = 300000ms (custom)
2021-04-29 10:57:15,984 [Listener at 127.0.0.1/42781] INFO  server.RaftServerConfigKeys (ConfUtils.java:logGet(44)) - raft.server.leaderelection.leader.step-down.wait-time = 10s (default)
2021-04-29 10:57:15,984 [Listener at 127.0.0.1/42781] INFO  server.RaftServerConfigKeys (ConfUtils.java:logGet(44)) - raft.server.storage.dir = [/github/workspace/mnt/ozone/hadoop-ozone/integration-test/target/test-dir/MiniOzoneClusterImpl-2726c7ec-cf5f-4d18-8e0d-a0ed93d2ecae/datanode-7/data/ratis] (custom)
2021-04-29 10:57:16,042 [Listener at 127.0.0.1/42781] INFO  http.BaseHttpServer (BaseHttpServer.java:newHttpServer2BuilderForOzone(207)) - Starting Web-server for hddsDatanode at: http://0.0.0.0:0
2021-04-29 10:57:16,043 [Listener at 127.0.0.1/42781] INFO  http.BaseHttpServer (BaseHttpServer.java:<init>(106)) - Hadoop Security Enabled: false Ozone Security Enabled: false Ozone HTTP Security Enabled: false 
2021-04-29 10:57:16,045 [Listener at 127.0.0.1/42781] INFO  server.AuthenticationFilter (AuthenticationFilter.java:constructSecretProvider(240)) - Unable to initialize FileSignerSecretProvider, falling back to use random secrets.
2021-04-29 10:57:16,045 [Listener at 127.0.0.1/42781] WARN  http.HttpRequestLog (HttpRequestLog.java:getRequestLog(103)) - Jetty request log can only be enabled using Log4j
2021-04-29 10:57:16,046 [Listener at 127.0.0.1/42781] INFO  http.HttpServer2 (HttpServer2.java:addGlobalFilter(1020)) - Added global filter 'safety' (class=org.apache.hadoop.hdds.server.http.HttpServer2$QuotingInputFilter)
2021-04-29 10:57:16,047 [Listener at 127.0.0.1/42781] INFO  http.HttpServer2 (HttpServer2.java:addFilter(996)) - Added filter static_user_filter (class=org.apache.hadoop.http.lib.StaticUserWebFilter$StaticUserFilter) to context hddsDatanode
2021-04-29 10:57:16,047 [Listener at 127.0.0.1/42781] INFO  http.HttpServer2 (HttpServer2.java:addFilter(1004)) - Added filter static_user_filter (class=org.apache.hadoop.http.lib.StaticUserWebFilter$StaticUserFilter) to context logs
2021-04-29 10:57:16,047 [Listener at 127.0.0.1/42781] INFO  http.HttpServer2 (HttpServer2.java:addFilter(1004)) - Added filter static_user_filter (class=org.apache.hadoop.http.lib.StaticUserWebFilter$StaticUserFilter) to context static
2021-04-29 10:57:16,048 [Listener at 127.0.0.1/42781] INFO  http.HttpServer2 (HttpServer2.java:bindListener(1238)) - Jetty bound to port 38111
2021-04-29 10:57:16,048 [Listener at 127.0.0.1/42781] INFO  server.Server (Server.java:doStart(375)) - jetty-9.4.35.v20201120; built: 2020-11-20T21:17:03.964Z; git: bdc54f03a5e0a7e280fab27f55c3c75ee8da89fb; jvm 1.8.0_232-b09
2021-04-29 10:57:16,050 [Listener at 127.0.0.1/42781] INFO  server.session (DefaultSessionIdManager.java:doStart(334)) - DefaultSessionIdManager workerName=node0
2021-04-29 10:57:16,050 [Listener at 127.0.0.1/42781] INFO  server.session (DefaultSessionIdManager.java:doStart(339)) - No SessionScavenger set, using defaults
2021-04-29 10:57:16,050 [Listener at 127.0.0.1/42781] INFO  server.session (HouseKeeper.java:startScavenging(132)) - node0 Scavenging every 660000ms
2021-04-29 10:57:16,051 [Listener at 127.0.0.1/42781] INFO  handler.ContextHandler (ContextHandler.java:doStart(916)) - Started o.e.j.s.ServletContextHandler@7fc8930f{logs,/logs,file:///github/workspace/mnt/ozone/hadoop-ozone/integration-test/target/log,AVAILABLE}
2021-04-29 10:57:16,052 [Listener at 127.0.0.1/42781] INFO  handler.ContextHandler (ContextHandler.java:doStart(916)) - Started o.e.j.s.ServletContextHandler@76e5278a{static,/static,jar:file:/home/user/.m2/repository/org/apache/hadoop/hadoop-hdds-container-service/1.2.0-SNAPSHOT/hadoop-hdds-container-service-1.2.0-SNAPSHOT.jar!/webapps/static,AVAILABLE}
2021-04-29 10:57:16,262 [EndpointStateMachine task thread for /0.0.0.0:35221 - 0 ] INFO  ozoneimpl.OzoneContainer (OzoneContainer.java:start(292)) - Attempting to start container services.
2021-04-29 10:57:16,267 [EndpointStateMachine task thread for /0.0.0.0:35221 - 0 ] INFO  ozoneimpl.OzoneContainer (OzoneContainer.java:startContainerScrub(238)) - Background container scanner has been disabled.
2021-04-29 10:57:16,278 [EndpointStateMachine task thread for /0.0.0.0:35221 - 0 ] INFO  replication.ReplicationServer (ReplicationServer.java:start(106)) - ReplicationServer is started using port 40101
2021-04-29 10:57:16,278 [Listener at 127.0.0.1/42781] INFO  handler.ContextHandler (ContextHandler.java:doStart(916)) - Started o.e.j.w.WebAppContext@294c1b45{hddsDatanode,/,file:///tmp/jetty-0_0_0_0-38111-hadoop-hdds-container-service-1_2_0-SNAPSHOT_jar-_-any-3441233867728283275/webapp/,AVAILABLE}{jar:file:/home/user/.m2/repository/org/apache/hadoop/hadoop-hdds-container-service/1.2.0-SNAPSHOT/hadoop-hdds-container-service-1.2.0-SNAPSHOT.jar!/webapps/hddsDatanode}
2021-04-29 10:57:16,280 [Listener at 127.0.0.1/42781] INFO  server.AbstractConnector (AbstractConnector.java:doStart(331)) - Started ServerConnector@1b94df68{HTTP/1.1, (http/1.1)}{0.0.0.0:38111}
2021-04-29 10:57:16,280 [Listener at 127.0.0.1/42781] INFO  server.Server (Server.java:doStart(415)) - Started @8885ms
2021-04-29 10:57:16,280 [Listener at 127.0.0.1/42781] WARN  impl.MetricsSystemImpl (MetricsSystemImpl.java:register(279)) - Sink prometheus already exists!
2021-04-29 10:57:16,284 [Listener at 127.0.0.1/42781] INFO  http.BaseHttpServer (BaseHttpServer.java:updateConnectorAddress(327)) - HTTP server of hddsDatanode listening at http://0.0.0.0:38111
2021-04-29 10:57:16,289 [EndpointStateMachine task thread for /0.0.0.0:35221 - 0 ] INFO  ratis.XceiverServerRatis (XceiverServerRatis.java:start(490)) - Starting XceiverServerRatis 18d1b3e1-cb4e-4e34-82f6-cc3a7f954247
2021-04-29 10:57:16,290 [Listener at 127.0.0.1/42781] INFO  impl.MetricsSystemImpl (MetricsSystemImpl.java:init(158)) - HddsDatanode metrics system started (again)
2021-04-29 10:57:16,291 [EndpointStateMachine task thread for /0.0.0.0:35221 - 0 ] INFO  server.RaftServer (RaftServerProxy.java:lambda$start$5(374)) - 18d1b3e1-cb4e-4e34-82f6-cc3a7f954247: start RPC server
2021-04-29 10:57:16,299 [EndpointStateMachine task thread for /0.0.0.0:35221 - 0 ] INFO  server.GrpcService (GrpcService.java:startImpl(253)) - 18d1b3e1-cb4e-4e34-82f6-cc3a7f954247: GrpcService started, listening on 46575
2021-04-29 10:57:16,310 [org.apache.hadoop.util.JvmPauseMonitor$Monitor@5e05701a] INFO  util.JvmPauseMonitor (JvmPauseMonitor.java:run(188)) - Starting JVM pause monitor
2021-04-29 10:57:16,312 [Listener at 127.0.0.1/42781] INFO  ozone.HddsDatanodeService (HddsDatanodeService.java:start(220)) - HddsDatanodeService host:8023de4eb765 ip:172.17.0.2
2021-04-29 10:57:16,314 [EndpointStateMachine task thread for /0.0.0.0:35221 - 0 ] INFO  ratis.XceiverServerRatis (XceiverServerRatis.java:getRealPort(511)) - XceiverServerRatis 18d1b3e1-cb4e-4e34-82f6-cc3a7f954247 is started using port 46575 for RATIS
2021-04-29 10:57:16,314 [EndpointStateMachine task thread for /0.0.0.0:35221 - 0 ] INFO  ratis.XceiverServerRatis (XceiverServerRatis.java:getRealPort(511)) - XceiverServerRatis 18d1b3e1-cb4e-4e34-82f6-cc3a7f954247 is started using port 46575 for RATIS_ADMIN
2021-04-29 10:57:16,314 [EndpointStateMachine task thread for /0.0.0.0:35221 - 0 ] INFO  ratis.XceiverServerRatis (XceiverServerRatis.java:getRealPort(511)) - XceiverServerRatis 18d1b3e1-cb4e-4e34-82f6-cc3a7f954247 is started using port 46575 for RATIS_SERVER
2021-04-29 10:57:16,323 [Datanode State Machine Task Thread - 0] INFO  datanode.InitDatanodeState (InitDatanodeState.java:persistContainerDatanodeDetails(145)) - DatanodeDetails is persisted to /github/workspace/mnt/ozone/hadoop-ozone/integration-test/target/test-dir/MiniOzoneClusterImpl-2726c7ec-cf5f-4d18-8e0d-a0ed93d2ecae/datanode-7/meta/datanode.id
2021-04-29 10:57:16,325 [EndpointStateMachine task thread for /0.0.0.0:35221 - 0 ] INFO  server.XceiverServerGrpc (XceiverServerGrpc.java:start(135)) - XceiverServerGrpc 18d1b3e1-cb4e-4e34-82f6-cc3a7f954247 is started using port 39739
2021-04-29 10:57:16,322 [org.apache.ratis.util.JvmPauseMonitor$$Lambda$504/1672688893@7fa8b37b] INFO  util.JvmPauseMonitor (JvmPauseMonitor.java:run(103)) - JvmPauseMonitor-18d1b3e1-cb4e-4e34-82f6-cc3a7f954247: Started
2021-04-29 10:57:16,342 [Listener at 127.0.0.1/42781] INFO  volume.HddsVolume (HddsVolume.java:<init>(176)) - Creating Volume: /github/workspace/mnt/ozone/hadoop-ozone/integration-test/target/test-dir/MiniOzoneClusterImpl-2726c7ec-cf5f-4d18-8e0d-a0ed93d2ecae/datanode-8/data-0/containers/hdds of storage type : DISK and capacity : 9223372036854775807
2021-04-29 10:57:16,343 [Listener at 127.0.0.1/42781] INFO  volume.MutableVolumeSet (MutableVolumeSet.java:initializeVolumeSet(191)) - Added Volume : /github/workspace/mnt/ozone/hadoop-ozone/integration-test/target/test-dir/MiniOzoneClusterImpl-2726c7ec-cf5f-4d18-8e0d-a0ed93d2ecae/datanode-8/data-0/containers/hdds to VolumeSet
2021-04-29 10:57:16,343 [Listener at 127.0.0.1/42781] INFO  volume.ThrottledAsyncChecker (ThrottledAsyncChecker.java:schedule(141)) - Scheduling a check for /github/workspace/mnt/ozone/hadoop-ozone/integration-test/target/test-dir/MiniOzoneClusterImpl-2726c7ec-cf5f-4d18-8e0d-a0ed93d2ecae/datanode-8/data-0/containers/hdds
2021-04-29 10:57:16,350 [Listener at 127.0.0.1/42781] INFO  volume.HddsVolumeChecker (HddsVolumeChecker.java:checkAllVolumes(200)) - Scheduled health check for volume /github/workspace/mnt/ozone/hadoop-ozone/integration-test/target/test-dir/MiniOzoneClusterImpl-2726c7ec-cf5f-4d18-8e0d-a0ed93d2ecae/datanode-8/data-0/containers/hdds
2021-04-29 10:57:16,365 [Listener at 127.0.0.1/42781] INFO  ozoneimpl.ContainerReader (ContainerReader.java:<init>(98)) - Running in upgrade mode:true
2021-04-29 10:57:16,367 [Thread-221] INFO  ozoneimpl.ContainerReader (ContainerReader.java:readVolume(142)) - Start to verify containers on volume /github/workspace/mnt/ozone/hadoop-ozone/integration-test/target/test-dir/MiniOzoneClusterImpl-2726c7ec-cf5f-4d18-8e0d-a0ed93d2ecae/datanode-8/data-0/containers/hdds
2021-04-29 10:57:16,368 [Thread-221] INFO  ozoneimpl.ContainerReader (ContainerReader.java:readVolume(174)) - Finish verifying containers on volume /github/workspace/mnt/ozone/hadoop-ozone/integration-test/target/test-dir/MiniOzoneClusterImpl-2726c7ec-cf5f-4d18-8e0d-a0ed93d2ecae/datanode-8/data-0/containers/hdds
2021-04-29 10:57:16,368 [Listener at 127.0.0.1/42781] INFO  ozoneimpl.OzoneContainer (OzoneContainer.java:buildContainerSet(225)) - Build ContainerSet costs 0s
2021-04-29 10:57:16,371 [Listener at 127.0.0.1/42781] INFO  server.RaftServer (ConfUtils.java:logGet(44)) - raft.rpc.type = GRPC (default)
2021-04-29 10:57:16,372 [Listener at 127.0.0.1/42781] INFO  grpc.GrpcFactory (GrpcFactory.java:checkPooledByteBufAllocatorUseCacheForAllThreads(48)) - PERFORMANCE WARNING: useCacheForAllThreads is true that may cause Netty to create a lot garbage objects and, as a result, trigger GC.
	It is recommended to disable useCacheForAllThreads by setting -Dorg.apache.ratis.thirdparty.io.netty.allocator.useCacheForAllThreads=false in command line.
2021-04-29 10:57:16,372 [Listener at 127.0.0.1/42781] INFO  grpc.GrpcConfigKeys (ConfUtils.java:logGet(44)) - raft.grpc.admin.port = 0 (custom)
2021-04-29 10:57:16,372 [Listener at 127.0.0.1/42781] INFO  grpc.GrpcConfigKeys (ConfUtils.java:logGet(44)) - raft.grpc.client.port = 0 (custom)
2021-04-29 10:57:16,373 [Listener at 127.0.0.1/42781] INFO  grpc.GrpcConfigKeys (ConfUtils.java:logGet(44)) - raft.grpc.server.port = 0 (default)
2021-04-29 10:57:16,373 [Listener at 127.0.0.1/42781] INFO  server.GrpcService (ConfUtils.java:logGet(44)) - raft.grpc.message.size.max = 32MB (=33554432) (custom)
2021-04-29 10:57:16,373 [Listener at 127.0.0.1/42781] INFO  server.RaftServerConfigKeys (ConfUtils.java:logGet(44)) - raft.server.log.appender.buffer.byte-limit = 33554432 (custom)
2021-04-29 10:57:16,373 [Listener at 127.0.0.1/42781] INFO  server.GrpcService (ConfUtils.java:logGet(44)) - raft.grpc.flow.control.window = 5MB (=5242880) (custom)
2021-04-29 10:57:16,373 [Listener at 127.0.0.1/42781] INFO  server.RaftServerConfigKeys (ConfUtils.java:logGet(44)) - raft.server.rpc.request.timeout = 3000ms (default)
2021-04-29 10:57:16,375 [Listener at 127.0.0.1/42781] INFO  impl.DataStreamServerImpl (ConfUtils.java:logGet(44)) - raft.datastream.type = DISABLED (default)
2021-04-29 10:57:16,375 [Listener at 127.0.0.1/42781] INFO  server.RaftServerConfigKeys (ConfUtils.java:logGet(44)) - raft.server.rpc.slowness.timeout = 300000ms (custom)
2021-04-29 10:57:16,376 [Listener at 127.0.0.1/42781] INFO  server.RaftServerConfigKeys (ConfUtils.java:logGet(44)) - raft.server.leaderelection.leader.step-down.wait-time = 10s (default)
2021-04-29 10:57:16,376 [Listener at 127.0.0.1/42781] INFO  server.RaftServerConfigKeys (ConfUtils.java:logGet(44)) - raft.server.storage.dir = [/github/workspace/mnt/ozone/hadoop-ozone/integration-test/target/test-dir/MiniOzoneClusterImpl-2726c7ec-cf5f-4d18-8e0d-a0ed93d2ecae/datanode-8/data/ratis] (custom)
2021-04-29 10:57:16,388 [Listener at 127.0.0.1/42781] INFO  http.BaseHttpServer (BaseHttpServer.java:newHttpServer2BuilderForOzone(207)) - Starting Web-server for hddsDatanode at: http://0.0.0.0:0
2021-04-29 10:57:16,388 [Listener at 127.0.0.1/42781] INFO  http.BaseHttpServer (BaseHttpServer.java:<init>(106)) - Hadoop Security Enabled: false Ozone Security Enabled: false Ozone HTTP Security Enabled: false 
2021-04-29 10:57:16,390 [Listener at 127.0.0.1/42781] INFO  server.AuthenticationFilter (AuthenticationFilter.java:constructSecretProvider(240)) - Unable to initialize FileSignerSecretProvider, falling back to use random secrets.
2021-04-29 10:57:16,390 [Listener at 127.0.0.1/42781] WARN  http.HttpRequestLog (HttpRequestLog.java:getRequestLog(103)) - Jetty request log can only be enabled using Log4j
2021-04-29 10:57:16,391 [Listener at 127.0.0.1/42781] INFO  http.HttpServer2 (HttpServer2.java:addGlobalFilter(1020)) - Added global filter 'safety' (class=org.apache.hadoop.hdds.server.http.HttpServer2$QuotingInputFilter)
2021-04-29 10:57:16,392 [Listener at 127.0.0.1/42781] INFO  http.HttpServer2 (HttpServer2.java:addFilter(996)) - Added filter static_user_filter (class=org.apache.hadoop.http.lib.StaticUserWebFilter$StaticUserFilter) to context hddsDatanode
2021-04-29 10:57:16,393 [Listener at 127.0.0.1/42781] INFO  http.HttpServer2 (HttpServer2.java:addFilter(1004)) - Added filter static_user_filter (class=org.apache.hadoop.http.lib.StaticUserWebFilter$StaticUserFilter) to context logs
2021-04-29 10:57:16,393 [Listener at 127.0.0.1/42781] INFO  http.HttpServer2 (HttpServer2.java:addFilter(1004)) - Added filter static_user_filter (class=org.apache.hadoop.http.lib.StaticUserWebFilter$StaticUserFilter) to context static
2021-04-29 10:57:16,394 [Listener at 127.0.0.1/42781] INFO  http.HttpServer2 (HttpServer2.java:bindListener(1238)) - Jetty bound to port 45257
2021-04-29 10:57:16,394 [Listener at 127.0.0.1/42781] INFO  server.Server (Server.java:doStart(375)) - jetty-9.4.35.v20201120; built: 2020-11-20T21:17:03.964Z; git: bdc54f03a5e0a7e280fab27f55c3c75ee8da89fb; jvm 1.8.0_232-b09
2021-04-29 10:57:16,396 [Listener at 127.0.0.1/42781] INFO  server.session (DefaultSessionIdManager.java:doStart(334)) - DefaultSessionIdManager workerName=node0
2021-04-29 10:57:16,397 [Listener at 127.0.0.1/42781] INFO  server.session (DefaultSessionIdManager.java:doStart(339)) - No SessionScavenger set, using defaults
2021-04-29 10:57:16,397 [Listener at 127.0.0.1/42781] INFO  server.session (HouseKeeper.java:startScavenging(132)) - node0 Scavenging every 600000ms
2021-04-29 10:57:16,398 [Listener at 127.0.0.1/42781] INFO  handler.ContextHandler (ContextHandler.java:doStart(916)) - Started o.e.j.s.ServletContextHandler@abb1c3e{logs,/logs,file:///github/workspace/mnt/ozone/hadoop-ozone/integration-test/target/log,AVAILABLE}
2021-04-29 10:57:16,398 [Listener at 127.0.0.1/42781] INFO  handler.ContextHandler (ContextHandler.java:doStart(916)) - Started o.e.j.s.ServletContextHandler@2bd2fa2c{static,/static,jar:file:/home/user/.m2/repository/org/apache/hadoop/hadoop-hdds-container-service/1.2.0-SNAPSHOT/hadoop-hdds-container-service-1.2.0-SNAPSHOT.jar!/webapps/static,AVAILABLE}
2021-04-29 10:57:16,579 [Listener at 127.0.0.1/42781] INFO  handler.ContextHandler (ContextHandler.java:doStart(916)) - Started o.e.j.w.WebAppContext@24c8b86{hddsDatanode,/,file:///tmp/jetty-0_0_0_0-45257-hadoop-hdds-container-service-1_2_0-SNAPSHOT_jar-_-any-4102070681744759239/webapp/,AVAILABLE}{jar:file:/home/user/.m2/repository/org/apache/hadoop/hadoop-hdds-container-service/1.2.0-SNAPSHOT/hadoop-hdds-container-service-1.2.0-SNAPSHOT.jar!/webapps/hddsDatanode}
2021-04-29 10:57:16,580 [Listener at 127.0.0.1/42781] INFO  server.AbstractConnector (AbstractConnector.java:doStart(331)) - Started ServerConnector@65b9ebee{HTTP/1.1, (http/1.1)}{0.0.0.0:45257}
2021-04-29 10:57:16,580 [Listener at 127.0.0.1/42781] INFO  server.Server (Server.java:doStart(415)) - Started @9185ms
2021-04-29 10:57:16,580 [Listener at 127.0.0.1/42781] WARN  impl.MetricsSystemImpl (MetricsSystemImpl.java:register(279)) - Sink prometheus already exists!
2021-04-29 10:57:16,584 [Listener at 127.0.0.1/42781] INFO  http.BaseHttpServer (BaseHttpServer.java:updateConnectorAddress(327)) - HTTP server of hddsDatanode listening at http://0.0.0.0:45257
2021-04-29 10:57:16,588 [Listener at 127.0.0.1/42781] INFO  ozone.MiniOzoneClusterImpl (MiniOzoneClusterImpl.java:lambda$waitForClusterToBeReady$0(224)) - Waiting for nodes to be ready. Got 0 of 9 DN Heartbeats.
2021-04-29 10:57:16,588 [Listener at 127.0.0.1/42781] INFO  ozone.MiniOzoneClusterImpl (MiniOzoneClusterImpl.java:lambda$waitForClusterToBeReady$0(227)) - Waiting for cluster to exit safe mode
2021-04-29 10:57:16,588 [Listener at 127.0.0.1/42781] INFO  ozone.MiniOzoneClusterImpl (MiniOzoneClusterImpl.java:lambda$waitForClusterToBeReady$0(230)) - SCM became leader
2021-04-29 10:57:16,590 [org.apache.hadoop.util.JvmPauseMonitor$Monitor@3a1b171c] INFO  util.JvmPauseMonitor (JvmPauseMonitor.java:run(188)) - Starting JVM pause monitor
2021-04-29 10:57:16,593 [Datanode State Machine Task Thread - 0] INFO  datanode.InitDatanodeState (InitDatanodeState.java:persistContainerDatanodeDetails(145)) - DatanodeDetails is persisted to /github/workspace/mnt/ozone/hadoop-ozone/integration-test/target/test-dir/MiniOzoneClusterImpl-2726c7ec-cf5f-4d18-8e0d-a0ed93d2ecae/datanode-8/meta/datanode.id
2021-04-29 10:57:16,611 [EndpointStateMachine task thread for /0.0.0.0:35221 - 0 ] INFO  ozoneimpl.OzoneContainer (OzoneContainer.java:start(292)) - Attempting to start container services.
2021-04-29 10:57:16,613 [EndpointStateMachine task thread for /0.0.0.0:35221 - 0 ] INFO  ozoneimpl.OzoneContainer (OzoneContainer.java:startContainerScrub(238)) - Background container scanner has been disabled.
2021-04-29 10:57:16,620 [EndpointStateMachine task thread for /0.0.0.0:35221 - 0 ] INFO  replication.ReplicationServer (ReplicationServer.java:start(106)) - ReplicationServer is started using port 41935
2021-04-29 10:57:16,620 [EndpointStateMachine task thread for /0.0.0.0:35221 - 0 ] INFO  ratis.XceiverServerRatis (XceiverServerRatis.java:start(490)) - Starting XceiverServerRatis e351f40b-7d1e-4f0b-9ad9-d74fe5b38461
2021-04-29 10:57:16,622 [EndpointStateMachine task thread for /0.0.0.0:35221 - 0 ] INFO  server.RaftServer (RaftServerProxy.java:lambda$start$5(374)) - e351f40b-7d1e-4f0b-9ad9-d74fe5b38461: start RPC server
2021-04-29 10:57:16,623 [EndpointStateMachine task thread for /0.0.0.0:35221 - 0 ] INFO  server.GrpcService (GrpcService.java:startImpl(253)) - e351f40b-7d1e-4f0b-9ad9-d74fe5b38461: GrpcService started, listening on 46021
2021-04-29 10:57:16,623 [EndpointStateMachine task thread for /0.0.0.0:35221 - 0 ] INFO  ratis.XceiverServerRatis (XceiverServerRatis.java:getRealPort(511)) - XceiverServerRatis e351f40b-7d1e-4f0b-9ad9-d74fe5b38461 is started using port 46021 for RATIS
2021-04-29 10:57:16,623 [EndpointStateMachine task thread for /0.0.0.0:35221 - 0 ] INFO  ratis.XceiverServerRatis (XceiverServerRatis.java:getRealPort(511)) - XceiverServerRatis e351f40b-7d1e-4f0b-9ad9-d74fe5b38461 is started using port 46021 for RATIS_ADMIN
2021-04-29 10:57:16,624 [EndpointStateMachine task thread for /0.0.0.0:35221 - 0 ] INFO  ratis.XceiverServerRatis (XceiverServerRatis.java:getRealPort(511)) - XceiverServerRatis e351f40b-7d1e-4f0b-9ad9-d74fe5b38461 is started using port 46021 for RATIS_SERVER
2021-04-29 10:57:16,625 [org.apache.ratis.util.JvmPauseMonitor$$Lambda$504/1672688893@108c3ddb] INFO  util.JvmPauseMonitor (JvmPauseMonitor.java:run(103)) - JvmPauseMonitor-e351f40b-7d1e-4f0b-9ad9-d74fe5b38461: Started
2021-04-29 10:57:16,625 [EndpointStateMachine task thread for /0.0.0.0:35221 - 0 ] INFO  server.XceiverServerGrpc (XceiverServerGrpc.java:start(135)) - XceiverServerGrpc e351f40b-7d1e-4f0b-9ad9-d74fe5b38461 is started using port 34779
2021-04-29 10:57:16,854 [EndpointStateMachine task thread for /0.0.0.0:35221 - 0 ] INFO  ozoneimpl.OzoneContainer (OzoneContainer.java:start(292)) - Attempting to start container services.
2021-04-29 10:57:16,857 [EndpointStateMachine task thread for /0.0.0.0:35221 - 0 ] INFO  ozoneimpl.OzoneContainer (OzoneContainer.java:startContainerScrub(238)) - Background container scanner has been disabled.
2021-04-29 10:57:16,859 [EndpointStateMachine task thread for /0.0.0.0:35221 - 0 ] INFO  replication.ReplicationServer (ReplicationServer.java:start(106)) - ReplicationServer is started using port 46605
2021-04-29 10:57:16,859 [EndpointStateMachine task thread for /0.0.0.0:35221 - 0 ] INFO  ratis.XceiverServerRatis (XceiverServerRatis.java:start(490)) - Starting XceiverServerRatis 370ef436-e033-42aa-a9de-e846a346aa8c
2021-04-29 10:57:16,863 [EndpointStateMachine task thread for /0.0.0.0:35221 - 0 ] INFO  server.RaftServer (RaftServerProxy.java:lambda$start$5(374)) - 370ef436-e033-42aa-a9de-e846a346aa8c: start RPC server
2021-04-29 10:57:16,866 [EndpointStateMachine task thread for /0.0.0.0:35221 - 0 ] INFO  server.GrpcService (GrpcService.java:startImpl(253)) - 370ef436-e033-42aa-a9de-e846a346aa8c: GrpcService started, listening on 41417
2021-04-29 10:57:16,867 [EndpointStateMachine task thread for /0.0.0.0:35221 - 0 ] INFO  ratis.XceiverServerRatis (XceiverServerRatis.java:getRealPort(511)) - XceiverServerRatis 370ef436-e033-42aa-a9de-e846a346aa8c is started using port 41417 for RATIS
2021-04-29 10:57:16,867 [org.apache.ratis.util.JvmPauseMonitor$$Lambda$504/1672688893@729487c7] INFO  util.JvmPauseMonitor (JvmPauseMonitor.java:run(103)) - JvmPauseMonitor-370ef436-e033-42aa-a9de-e846a346aa8c: Started
2021-04-29 10:57:16,867 [EndpointStateMachine task thread for /0.0.0.0:35221 - 0 ] INFO  ratis.XceiverServerRatis (XceiverServerRatis.java:getRealPort(511)) - XceiverServerRatis 370ef436-e033-42aa-a9de-e846a346aa8c is started using port 41417 for RATIS_ADMIN
2021-04-29 10:57:16,867 [EndpointStateMachine task thread for /0.0.0.0:35221 - 0 ] INFO  ratis.XceiverServerRatis (XceiverServerRatis.java:getRealPort(511)) - XceiverServerRatis 370ef436-e033-42aa-a9de-e846a346aa8c is started using port 41417 for RATIS_SERVER
2021-04-29 10:57:16,868 [EndpointStateMachine task thread for /0.0.0.0:35221 - 0 ] INFO  server.XceiverServerGrpc (XceiverServerGrpc.java:start(135)) - XceiverServerGrpc 370ef436-e033-42aa-a9de-e846a346aa8c is started using port 35811
2021-04-29 10:57:17,144 [EndpointStateMachine task thread for /0.0.0.0:35221 - 0 ] INFO  ozoneimpl.OzoneContainer (OzoneContainer.java:start(292)) - Attempting to start container services.
2021-04-29 10:57:17,145 [EndpointStateMachine task thread for /0.0.0.0:35221 - 0 ] INFO  ozoneimpl.OzoneContainer (OzoneContainer.java:startContainerScrub(238)) - Background container scanner has been disabled.
2021-04-29 10:57:17,146 [EndpointStateMachine task thread for /0.0.0.0:35221 - 0 ] INFO  replication.ReplicationServer (ReplicationServer.java:start(106)) - ReplicationServer is started using port 44229
2021-04-29 10:57:17,147 [EndpointStateMachine task thread for /0.0.0.0:35221 - 0 ] INFO  ratis.XceiverServerRatis (XceiverServerRatis.java:start(490)) - Starting XceiverServerRatis b6ea065c-5c0f-4b9b-a36c-1baff64c27e7
2021-04-29 10:57:17,148 [EndpointStateMachine task thread for /0.0.0.0:35221 - 0 ] INFO  server.RaftServer (RaftServerProxy.java:lambda$start$5(374)) - b6ea065c-5c0f-4b9b-a36c-1baff64c27e7: start RPC server
2021-04-29 10:57:17,149 [EndpointStateMachine task thread for /0.0.0.0:35221 - 0 ] INFO  server.GrpcService (GrpcService.java:startImpl(253)) - b6ea065c-5c0f-4b9b-a36c-1baff64c27e7: GrpcService started, listening on 42915
2021-04-29 10:57:17,149 [EndpointStateMachine task thread for /0.0.0.0:35221 - 0 ] INFO  ratis.XceiverServerRatis (XceiverServerRatis.java:getRealPort(511)) - XceiverServerRatis b6ea065c-5c0f-4b9b-a36c-1baff64c27e7 is started using port 42915 for RATIS
2021-04-29 10:57:17,149 [EndpointStateMachine task thread for /0.0.0.0:35221 - 0 ] INFO  ratis.XceiverServerRatis (XceiverServerRatis.java:getRealPort(511)) - XceiverServerRatis b6ea065c-5c0f-4b9b-a36c-1baff64c27e7 is started using port 42915 for RATIS_ADMIN
2021-04-29 10:57:17,149 [EndpointStateMachine task thread for /0.0.0.0:35221 - 0 ] INFO  ratis.XceiverServerRatis (XceiverServerRatis.java:getRealPort(511)) - XceiverServerRatis b6ea065c-5c0f-4b9b-a36c-1baff64c27e7 is started using port 42915 for RATIS_SERVER
2021-04-29 10:57:17,151 [EndpointStateMachine task thread for /0.0.0.0:35221 - 0 ] INFO  server.XceiverServerGrpc (XceiverServerGrpc.java:start(135)) - XceiverServerGrpc b6ea065c-5c0f-4b9b-a36c-1baff64c27e7 is started using port 39747
2021-04-29 10:57:17,152 [org.apache.ratis.util.JvmPauseMonitor$$Lambda$504/1672688893@69744db7] INFO  util.JvmPauseMonitor (JvmPauseMonitor.java:run(103)) - JvmPauseMonitor-b6ea065c-5c0f-4b9b-a36c-1baff64c27e7: Started
2021-04-29 10:57:17,403 [EndpointStateMachine task thread for /0.0.0.0:35221 - 0 ] INFO  ozoneimpl.OzoneContainer (OzoneContainer.java:start(292)) - Attempting to start container services.
2021-04-29 10:57:17,403 [EndpointStateMachine task thread for /0.0.0.0:35221 - 0 ] INFO  ozoneimpl.OzoneContainer (OzoneContainer.java:startContainerScrub(238)) - Background container scanner has been disabled.
2021-04-29 10:57:17,406 [EndpointStateMachine task thread for /0.0.0.0:35221 - 0 ] INFO  replication.ReplicationServer (ReplicationServer.java:start(106)) - ReplicationServer is started using port 41399
2021-04-29 10:57:17,406 [EndpointStateMachine task thread for /0.0.0.0:35221 - 0 ] INFO  ratis.XceiverServerRatis (XceiverServerRatis.java:start(490)) - Starting XceiverServerRatis 2394195c-5b30-4756-b242-a473be14be87
2021-04-29 10:57:17,407 [EndpointStateMachine task thread for /0.0.0.0:35221 - 0 ] INFO  server.RaftServer (RaftServerProxy.java:lambda$start$5(374)) - 2394195c-5b30-4756-b242-a473be14be87: start RPC server
2021-04-29 10:57:17,409 [EndpointStateMachine task thread for /0.0.0.0:35221 - 0 ] INFO  server.GrpcService (GrpcService.java:startImpl(253)) - 2394195c-5b30-4756-b242-a473be14be87: GrpcService started, listening on 32961
2021-04-29 10:57:17,410 [EndpointStateMachine task thread for /0.0.0.0:35221 - 0 ] INFO  ratis.XceiverServerRatis (XceiverServerRatis.java:getRealPort(511)) - XceiverServerRatis 2394195c-5b30-4756-b242-a473be14be87 is started using port 32961 for RATIS
2021-04-29 10:57:17,410 [EndpointStateMachine task thread for /0.0.0.0:35221 - 0 ] INFO  ratis.XceiverServerRatis (XceiverServerRatis.java:getRealPort(511)) - XceiverServerRatis 2394195c-5b30-4756-b242-a473be14be87 is started using port 32961 for RATIS_ADMIN
2021-04-29 10:57:17,410 [EndpointStateMachine task thread for /0.0.0.0:35221 - 0 ] INFO  ratis.XceiverServerRatis (XceiverServerRatis.java:getRealPort(511)) - XceiverServerRatis 2394195c-5b30-4756-b242-a473be14be87 is started using port 32961 for RATIS_SERVER
2021-04-29 10:57:17,414 [org.apache.ratis.util.JvmPauseMonitor$$Lambda$504/1672688893@47305d4a] INFO  util.JvmPauseMonitor (JvmPauseMonitor.java:run(103)) - JvmPauseMonitor-2394195c-5b30-4756-b242-a473be14be87: Started
2021-04-29 10:57:17,414 [EndpointStateMachine task thread for /0.0.0.0:35221 - 0 ] INFO  server.XceiverServerGrpc (XceiverServerGrpc.java:start(135)) - XceiverServerGrpc 2394195c-5b30-4756-b242-a473be14be87 is started using port 34257
2021-04-29 10:57:17,588 [Listener at 127.0.0.1/42781] INFO  ozone.MiniOzoneClusterImpl (MiniOzoneClusterImpl.java:lambda$waitForClusterToBeReady$0(224)) - Waiting for nodes to be ready. Got 0 of 9 DN Heartbeats.
2021-04-29 10:57:17,589 [Listener at 127.0.0.1/42781] INFO  ozone.MiniOzoneClusterImpl (MiniOzoneClusterImpl.java:lambda$waitForClusterToBeReady$0(227)) - Waiting for cluster to exit safe mode
2021-04-29 10:57:17,589 [Listener at 127.0.0.1/42781] INFO  ozone.MiniOzoneClusterImpl (MiniOzoneClusterImpl.java:lambda$waitForClusterToBeReady$0(230)) - SCM became leader
2021-04-29 10:57:17,650 [EndpointStateMachine task thread for /0.0.0.0:35221 - 0 ] INFO  ozoneimpl.OzoneContainer (OzoneContainer.java:start(292)) - Attempting to start container services.
2021-04-29 10:57:17,651 [EndpointStateMachine task thread for /0.0.0.0:35221 - 0 ] INFO  ozoneimpl.OzoneContainer (OzoneContainer.java:startContainerScrub(238)) - Background container scanner has been disabled.
2021-04-29 10:57:17,652 [EndpointStateMachine task thread for /0.0.0.0:35221 - 0 ] INFO  replication.ReplicationServer (ReplicationServer.java:start(106)) - ReplicationServer is started using port 42249
2021-04-29 10:57:17,654 [EndpointStateMachine task thread for /0.0.0.0:35221 - 0 ] INFO  ratis.XceiverServerRatis (XceiverServerRatis.java:start(490)) - Starting XceiverServerRatis aef91e02-660b-41a2-9835-9ea111f967cb
2021-04-29 10:57:17,655 [EndpointStateMachine task thread for /0.0.0.0:35221 - 0 ] INFO  server.RaftServer (RaftServerProxy.java:lambda$start$5(374)) - aef91e02-660b-41a2-9835-9ea111f967cb: start RPC server
2021-04-29 10:57:17,663 [EndpointStateMachine task thread for /0.0.0.0:35221 - 0 ] INFO  server.GrpcService (GrpcService.java:startImpl(253)) - aef91e02-660b-41a2-9835-9ea111f967cb: GrpcService started, listening on 37695
2021-04-29 10:57:17,665 [EndpointStateMachine task thread for /0.0.0.0:35221 - 0 ] INFO  ratis.XceiverServerRatis (XceiverServerRatis.java:getRealPort(511)) - XceiverServerRatis aef91e02-660b-41a2-9835-9ea111f967cb is started using port 37695 for RATIS
2021-04-29 10:57:17,665 [EndpointStateMachine task thread for /0.0.0.0:35221 - 0 ] INFO  ratis.XceiverServerRatis (XceiverServerRatis.java:getRealPort(511)) - XceiverServerRatis aef91e02-660b-41a2-9835-9ea111f967cb is started using port 37695 for RATIS_ADMIN
2021-04-29 10:57:17,665 [org.apache.ratis.util.JvmPauseMonitor$$Lambda$504/1672688893@779f0e0a] INFO  util.JvmPauseMonitor (JvmPauseMonitor.java:run(103)) - JvmPauseMonitor-aef91e02-660b-41a2-9835-9ea111f967cb: Started
2021-04-29 10:57:17,665 [EndpointStateMachine task thread for /0.0.0.0:35221 - 0 ] INFO  ratis.XceiverServerRatis (XceiverServerRatis.java:getRealPort(511)) - XceiverServerRatis aef91e02-660b-41a2-9835-9ea111f967cb is started using port 37695 for RATIS_SERVER
2021-04-29 10:57:17,667 [EndpointStateMachine task thread for /0.0.0.0:35221 - 0 ] INFO  server.XceiverServerGrpc (XceiverServerGrpc.java:start(135)) - XceiverServerGrpc aef91e02-660b-41a2-9835-9ea111f967cb is started using port 38459
2021-04-29 10:57:17,947 [EndpointStateMachine task thread for /0.0.0.0:35221 - 0 ] INFO  ozoneimpl.OzoneContainer (OzoneContainer.java:start(292)) - Attempting to start container services.
2021-04-29 10:57:17,948 [EndpointStateMachine task thread for /0.0.0.0:35221 - 0 ] INFO  ozoneimpl.OzoneContainer (OzoneContainer.java:startContainerScrub(238)) - Background container scanner has been disabled.
2021-04-29 10:57:17,951 [EndpointStateMachine task thread for /0.0.0.0:35221 - 0 ] INFO  replication.ReplicationServer (ReplicationServer.java:start(106)) - ReplicationServer is started using port 46125
2021-04-29 10:57:17,951 [EndpointStateMachine task thread for /0.0.0.0:35221 - 0 ] INFO  ratis.XceiverServerRatis (XceiverServerRatis.java:start(490)) - Starting XceiverServerRatis f2874c6a-efe9-4f48-8c15-64eb2698a6fe
2021-04-29 10:57:17,952 [EndpointStateMachine task thread for /0.0.0.0:35221 - 0 ] INFO  server.RaftServer (RaftServerProxy.java:lambda$start$5(374)) - f2874c6a-efe9-4f48-8c15-64eb2698a6fe: start RPC server
2021-04-29 10:57:17,955 [EndpointStateMachine task thread for /0.0.0.0:35221 - 0 ] INFO  server.GrpcService (GrpcService.java:startImpl(253)) - f2874c6a-efe9-4f48-8c15-64eb2698a6fe: GrpcService started, listening on 38031
2021-04-29 10:57:17,955 [EndpointStateMachine task thread for /0.0.0.0:35221 - 0 ] INFO  ratis.XceiverServerRatis (XceiverServerRatis.java:getRealPort(511)) - XceiverServerRatis f2874c6a-efe9-4f48-8c15-64eb2698a6fe is started using port 38031 for RATIS
2021-04-29 10:57:17,955 [EndpointStateMachine task thread for /0.0.0.0:35221 - 0 ] INFO  ratis.XceiverServerRatis (XceiverServerRatis.java:getRealPort(511)) - XceiverServerRatis f2874c6a-efe9-4f48-8c15-64eb2698a6fe is started using port 38031 for RATIS_ADMIN
2021-04-29 10:57:17,955 [EndpointStateMachine task thread for /0.0.0.0:35221 - 0 ] INFO  ratis.XceiverServerRatis (XceiverServerRatis.java:getRealPort(511)) - XceiverServerRatis f2874c6a-efe9-4f48-8c15-64eb2698a6fe is started using port 38031 for RATIS_SERVER
2021-04-29 10:57:17,955 [org.apache.ratis.util.JvmPauseMonitor$$Lambda$504/1672688893@246e7085] INFO  util.JvmPauseMonitor (JvmPauseMonitor.java:run(103)) - JvmPauseMonitor-f2874c6a-efe9-4f48-8c15-64eb2698a6fe: Started
2021-04-29 10:57:17,957 [EndpointStateMachine task thread for /0.0.0.0:35221 - 0 ] INFO  server.XceiverServerGrpc (XceiverServerGrpc.java:start(135)) - XceiverServerGrpc f2874c6a-efe9-4f48-8c15-64eb2698a6fe is started using port 44417
2021-04-29 10:57:18,185 [IPC Server handler 9 on default port 35221] INFO  net.NetworkTopologyImpl (NetworkTopologyImpl.java:add(112)) - Added a new node: /default-rack/18d1b3e1-cb4e-4e34-82f6-cc3a7f954247
2021-04-29 10:57:18,187 [IPC Server handler 9 on default port 35221] INFO  node.SCMNodeManager (SCMNodeManager.java:register(348)) - Registered Data node : 18d1b3e1-cb4e-4e34-82f6-cc3a7f954247{ip: 172.17.0.2, host: 8023de4eb765, ports: [REPLICATION=40101, RATIS=46575, RATIS_ADMIN=46575, RATIS_SERVER=46575, STANDALONE=39739], networkLocation: /default-rack, certSerialId: null, persistedOpState: null, persistedOpStateExpiryEpochSec: 0}
2021-04-29 10:57:18,189 [EventQueue-NewNodeForNewNodeHandler] INFO  pipeline.BackgroundPipelineCreator (BackgroundPipelineCreatorV2.java:notifyEventTriggered(282)) - trigger a one-shot run on RatisPipelineUtilsThread.
2021-04-29 10:57:18,207 [RatisPipelineUtilsThread - 0] INFO  pipeline.RatisPipelineProvider (RatisPipelineProvider.java:lambda$create$0(170)) - Sending CreatePipelineCommand for pipeline:PipelineID=14db0929-b7f6-4dcd-bea5-54fa7c50b16a to datanode:18d1b3e1-cb4e-4e34-82f6-cc3a7f954247
2021-04-29 10:57:18,208 [EventQueue-NodeRegistrationContainerReportForDataNodeSafeModeRule] INFO  safemode.SCMSafeModeManager (DataNodeSafeModeRule.java:process(71)) - SCM in safe mode. 1 DataNodes registered, 1 required.
2021-04-29 10:57:18,208 [EventQueue-NodeRegistrationContainerReportForDataNodeSafeModeRule] INFO  safemode.SCMSafeModeManager (SCMSafeModeManager.java:validateSafeModeExitRules(201)) - DataNodeSafeModeRule rule is successfully validated
2021-04-29 10:57:18,208 [EventQueue-NodeRegistrationContainerReportForDataNodeSafeModeRule] INFO  safemode.SCMSafeModeManager (SCMSafeModeManager.java:completePreCheck(229)) - All SCM safe mode pre check rules have passed
2021-04-29 10:57:18,208 [EventQueue-NodeRegistrationContainerReportForDataNodeSafeModeRule] WARN  events.EventQueue (EventQueue.java:fireEvent(185)) - No event handler registered for event TypedEvent{payloadType=SafeModeStatus, name='Safe mode status'}
2021-04-29 10:57:18,208 [EventQueue-NodeRegistrationContainerReportForDataNodeSafeModeRule] INFO  ha.SCMContext (SCMContext.java:updateSafeModeStatus(147)) - Update SafeModeStatus from SafeModeStatus{safeModeStatus=true, preCheckPassed=false} to SafeModeStatus{safeModeStatus=true, preCheckPassed=true}.
2021-04-29 10:57:18,208 [EventQueue-NodeRegistrationContainerReportForDataNodeSafeModeRule] INFO  pipeline.BackgroundPipelineCreator (BackgroundPipelineCreatorV2.java:notifyEventTriggered(282)) - trigger a one-shot run on RatisPipelineUtilsThread.
2021-04-29 10:57:18,209 [EventQueue-NodeRegistrationContainerReportForContainerSafeModeRule] INFO  safemode.SCMSafeModeManager (SCMSafeModeManager.java:validateSafeModeExitRules(201)) - ContainerSafeModeRule rule is successfully validated
2021-04-29 10:57:18,213 [EventQueue-PipelineReportForOneReplicaPipelineSafeModeRule] INFO  safemode.SCMSafeModeManager (SCMSafeModeManager.java:validateSafeModeExitRules(201)) - AtleastOneDatanodeReportedRule rule is successfully validated
2021-04-29 10:57:18,222 [RatisPipelineUtilsThread - 0] INFO  pipeline.PipelineStateManager (PipelineStateManagerV2Impl.java:addPipeline(101)) - Created pipeline Pipeline[ Id: 14db0929-b7f6-4dcd-bea5-54fa7c50b16a, Nodes: 18d1b3e1-cb4e-4e34-82f6-cc3a7f954247{ip: 172.17.0.2, host: 8023de4eb765, ports: [REPLICATION=40101, RATIS=46575, RATIS_ADMIN=46575, RATIS_SERVER=46575, STANDALONE=39739], networkLocation: /default-rack, certSerialId: null, persistedOpState: IN_SERVICE, persistedOpStateExpiryEpochSec: 0}, ReplicationConfig: RATIS/ONE, State:ALLOCATED, leaderId:, CreationTimestamp2021-04-29T10:57:18.203Z].
2021-04-29 10:57:18,226 [RatisPipelineUtilsThread - 0] WARN  pipeline.PipelinePlacementPolicy (PipelinePlacementPolicy.java:filterViableNodes(149)) - Pipeline creation failed due to no sufficient healthy datanodes. Required 3. Found 1.
2021-04-29 10:57:18,314 [EndpointStateMachine task thread for /0.0.0.0:35221 - 0 ] INFO  ozoneimpl.OzoneContainer (OzoneContainer.java:start(292)) - Attempting to start container services.
2021-04-29 10:57:18,314 [EndpointStateMachine task thread for /0.0.0.0:35221 - 0 ] INFO  ozoneimpl.OzoneContainer (OzoneContainer.java:startContainerScrub(238)) - Background container scanner has been disabled.
2021-04-29 10:57:18,316 [EndpointStateMachine task thread for /0.0.0.0:35221 - 0 ] INFO  replication.ReplicationServer (ReplicationServer.java:start(106)) - ReplicationServer is started using port 46329
2021-04-29 10:57:18,317 [EndpointStateMachine task thread for /0.0.0.0:35221 - 0 ] INFO  ratis.XceiverServerRatis (XceiverServerRatis.java:start(490)) - Starting XceiverServerRatis 2ece3016-29da-4712-9e61-42b563feafe4
2021-04-29 10:57:18,317 [EndpointStateMachine task thread for /0.0.0.0:35221 - 0 ] INFO  server.RaftServer (RaftServerProxy.java:lambda$start$5(374)) - 2ece3016-29da-4712-9e61-42b563feafe4: start RPC server
2021-04-29 10:57:18,319 [EndpointStateMachine task thread for /0.0.0.0:35221 - 0 ] INFO  server.GrpcService (GrpcService.java:startImpl(253)) - 2ece3016-29da-4712-9e61-42b563feafe4: GrpcService started, listening on 37483
2021-04-29 10:57:18,319 [EndpointStateMachine task thread for /0.0.0.0:35221 - 0 ] INFO  ratis.XceiverServerRatis (XceiverServerRatis.java:getRealPort(511)) - XceiverServerRatis 2ece3016-29da-4712-9e61-42b563feafe4 is started using port 37483 for RATIS
2021-04-29 10:57:18,319 [org.apache.ratis.util.JvmPauseMonitor$$Lambda$504/1672688893@4f95b8ad] INFO  util.JvmPauseMonitor (JvmPauseMonitor.java:run(103)) - JvmPauseMonitor-2ece3016-29da-4712-9e61-42b563feafe4: Started
2021-04-29 10:57:18,319 [EndpointStateMachine task thread for /0.0.0.0:35221 - 0 ] INFO  ratis.XceiverServerRatis (XceiverServerRatis.java:getRealPort(511)) - XceiverServerRatis 2ece3016-29da-4712-9e61-42b563feafe4 is started using port 37483 for RATIS_ADMIN
2021-04-29 10:57:18,319 [EndpointStateMachine task thread for /0.0.0.0:35221 - 0 ] INFO  ratis.XceiverServerRatis (XceiverServerRatis.java:getRealPort(511)) - XceiverServerRatis 2ece3016-29da-4712-9e61-42b563feafe4 is started using port 37483 for RATIS_SERVER
2021-04-29 10:57:18,321 [EndpointStateMachine task thread for /0.0.0.0:35221 - 0 ] INFO  server.XceiverServerGrpc (XceiverServerGrpc.java:start(135)) - XceiverServerGrpc 2ece3016-29da-4712-9e61-42b563feafe4 is started using port 33183
2021-04-29 10:57:18,589 [Listener at 127.0.0.1/42781] INFO  ozone.MiniOzoneClusterImpl (MiniOzoneClusterImpl.java:lambda$waitForClusterToBeReady$0(224)) - Waiting for nodes to be ready. Got 1 of 9 DN Heartbeats.
2021-04-29 10:57:18,590 [Listener at 127.0.0.1/42781] INFO  ozone.MiniOzoneClusterImpl (MiniOzoneClusterImpl.java:lambda$waitForClusterToBeReady$0(227)) - Waiting for cluster to exit safe mode
2021-04-29 10:57:18,590 [Listener at 127.0.0.1/42781] INFO  ozone.MiniOzoneClusterImpl (MiniOzoneClusterImpl.java:lambda$waitForClusterToBeReady$0(230)) - SCM became leader
2021-04-29 10:57:18,594 [EndpointStateMachine task thread for /0.0.0.0:35221 - 0 ] INFO  ozoneimpl.OzoneContainer (OzoneContainer.java:start(292)) - Attempting to start container services.
2021-04-29 10:57:18,594 [EndpointStateMachine task thread for /0.0.0.0:35221 - 0 ] INFO  ozoneimpl.OzoneContainer (OzoneContainer.java:startContainerScrub(238)) - Background container scanner has been disabled.
2021-04-29 10:57:18,596 [EndpointStateMachine task thread for /0.0.0.0:35221 - 0 ] INFO  replication.ReplicationServer (ReplicationServer.java:start(106)) - ReplicationServer is started using port 46095
2021-04-29 10:57:18,596 [EndpointStateMachine task thread for /0.0.0.0:35221 - 0 ] INFO  ratis.XceiverServerRatis (XceiverServerRatis.java:start(490)) - Starting XceiverServerRatis 51593562-bf48-4e12-b0f7-435460a60e26
2021-04-29 10:57:18,599 [EndpointStateMachine task thread for /0.0.0.0:35221 - 0 ] INFO  server.RaftServer (RaftServerProxy.java:lambda$start$5(374)) - 51593562-bf48-4e12-b0f7-435460a60e26: start RPC server
2021-04-29 10:57:18,600 [EndpointStateMachine task thread for /0.0.0.0:35221 - 0 ] INFO  server.GrpcService (GrpcService.java:startImpl(253)) - 51593562-bf48-4e12-b0f7-435460a60e26: GrpcService started, listening on 37879
2021-04-29 10:57:18,601 [EndpointStateMachine task thread for /0.0.0.0:35221 - 0 ] INFO  ratis.XceiverServerRatis (XceiverServerRatis.java:getRealPort(511)) - XceiverServerRatis 51593562-bf48-4e12-b0f7-435460a60e26 is started using port 37879 for RATIS
2021-04-29 10:57:18,601 [org.apache.ratis.util.JvmPauseMonitor$$Lambda$504/1672688893@50c8a9c3] INFO  util.JvmPauseMonitor (JvmPauseMonitor.java:run(103)) - JvmPauseMonitor-51593562-bf48-4e12-b0f7-435460a60e26: Started
2021-04-29 10:57:18,601 [EndpointStateMachine task thread for /0.0.0.0:35221 - 0 ] INFO  ratis.XceiverServerRatis (XceiverServerRatis.java:getRealPort(511)) - XceiverServerRatis 51593562-bf48-4e12-b0f7-435460a60e26 is started using port 37879 for RATIS_ADMIN
2021-04-29 10:57:18,601 [EndpointStateMachine task thread for /0.0.0.0:35221 - 0 ] INFO  ratis.XceiverServerRatis (XceiverServerRatis.java:getRealPort(511)) - XceiverServerRatis 51593562-bf48-4e12-b0f7-435460a60e26 is started using port 37879 for RATIS_SERVER
2021-04-29 10:57:18,602 [EndpointStateMachine task thread for /0.0.0.0:35221 - 0 ] INFO  server.XceiverServerGrpc (XceiverServerGrpc.java:start(135)) - XceiverServerGrpc 51593562-bf48-4e12-b0f7-435460a60e26 is started using port 37727
2021-04-29 10:57:18,608 [IPC Server handler 7 on default port 35221] INFO  net.NetworkTopologyImpl (NetworkTopologyImpl.java:add(112)) - Added a new node: /default-rack/e351f40b-7d1e-4f0b-9ad9-d74fe5b38461
2021-04-29 10:57:18,608 [EventQueue-NewNodeForNewNodeHandler] INFO  pipeline.BackgroundPipelineCreator (BackgroundPipelineCreatorV2.java:notifyEventTriggered(282)) - trigger a one-shot run on RatisPipelineUtilsThread.
2021-04-29 10:57:18,608 [IPC Server handler 7 on default port 35221] INFO  node.SCMNodeManager (SCMNodeManager.java:register(348)) - Registered Data node : e351f40b-7d1e-4f0b-9ad9-d74fe5b38461{ip: 172.17.0.2, host: 8023de4eb765, ports: [REPLICATION=41935, RATIS=46021, RATIS_ADMIN=46021, RATIS_SERVER=46021, STANDALONE=34779], networkLocation: /default-rack, certSerialId: null, persistedOpState: null, persistedOpStateExpiryEpochSec: 0}
2021-04-29 10:57:18,609 [EventQueue-NodeRegistrationContainerReportForDataNodeSafeModeRule] INFO  safemode.SCMSafeModeManager (SCMSafeModeManager.java:validateSafeModeExitRules(201)) - DataNodeSafeModeRule rule is successfully validated
2021-04-29 10:57:18,610 [EventQueue-PipelineReportForOneReplicaPipelineSafeModeRule] INFO  safemode.SCMSafeModeManager (SCMSafeModeManager.java:validateSafeModeExitRules(201)) - AtleastOneDatanodeReportedRule rule is successfully validated
2021-04-29 10:57:18,610 [EventQueue-NodeRegistrationContainerReportForContainerSafeModeRule] INFO  safemode.SCMSafeModeManager (SCMSafeModeManager.java:validateSafeModeExitRules(201)) - ContainerSafeModeRule rule is successfully validated
2021-04-29 10:57:18,612 [RatisPipelineUtilsThread - 0] INFO  pipeline.RatisPipelineProvider (RatisPipelineProvider.java:lambda$create$0(170)) - Sending CreatePipelineCommand for pipeline:PipelineID=e7bc8147-8fb0-4de6-9c1a-f77b779747d8 to datanode:e351f40b-7d1e-4f0b-9ad9-d74fe5b38461
2021-04-29 10:57:18,613 [RatisPipelineUtilsThread - 0] INFO  pipeline.PipelineStateManager (PipelineStateManagerV2Impl.java:addPipeline(101)) - Created pipeline Pipeline[ Id: e7bc8147-8fb0-4de6-9c1a-f77b779747d8, Nodes: e351f40b-7d1e-4f0b-9ad9-d74fe5b38461{ip: 172.17.0.2, host: 8023de4eb765, ports: [REPLICATION=41935, RATIS=46021, RATIS_ADMIN=46021, RATIS_SERVER=46021, STANDALONE=34779], networkLocation: /default-rack, certSerialId: null, persistedOpState: IN_SERVICE, persistedOpStateExpiryEpochSec: 0}, ReplicationConfig: RATIS/ONE, State:ALLOCATED, leaderId:, CreationTimestamp2021-04-29T10:57:18.612Z].
2021-04-29 10:57:18,613 [RatisPipelineUtilsThread - 0] WARN  pipeline.PipelinePlacementPolicy (PipelinePlacementPolicy.java:filterViableNodes(149)) - Pipeline creation failed due to no sufficient healthy datanodes. Required 3. Found 2.
2021-04-29 10:57:18,853 [IPC Server handler 15 on default port 35221] INFO  net.NetworkTopologyImpl (NetworkTopologyImpl.java:add(112)) - Added a new node: /default-rack/370ef436-e033-42aa-a9de-e846a346aa8c
2021-04-29 10:57:18,853 [IPC Server handler 15 on default port 35221] INFO  node.SCMNodeManager (SCMNodeManager.java:register(348)) - Registered Data node : 370ef436-e033-42aa-a9de-e846a346aa8c{ip: 172.17.0.2, host: 8023de4eb765, ports: [REPLICATION=46605, RATIS=41417, RATIS_ADMIN=41417, RATIS_SERVER=41417, STANDALONE=35811], networkLocation: /default-rack, certSerialId: null, persistedOpState: null, persistedOpStateExpiryEpochSec: 0}
2021-04-29 10:57:18,853 [EventQueue-NewNodeForNewNodeHandler] INFO  pipeline.BackgroundPipelineCreator (BackgroundPipelineCreatorV2.java:notifyEventTriggered(282)) - trigger a one-shot run on RatisPipelineUtilsThread.
2021-04-29 10:57:18,854 [EventQueue-NodeRegistrationContainerReportForContainerSafeModeRule] INFO  safemode.SCMSafeModeManager (SCMSafeModeManager.java:validateSafeModeExitRules(201)) - ContainerSafeModeRule rule is successfully validated
2021-04-29 10:57:18,854 [EventQueue-PipelineReportForOneReplicaPipelineSafeModeRule] INFO  safemode.SCMSafeModeManager (SCMSafeModeManager.java:validateSafeModeExitRules(201)) - AtleastOneDatanodeReportedRule rule is successfully validated
2021-04-29 10:57:18,854 [EventQueue-NodeRegistrationContainerReportForDataNodeSafeModeRule] INFO  safemode.SCMSafeModeManager (SCMSafeModeManager.java:validateSafeModeExitRules(201)) - DataNodeSafeModeRule rule is successfully validated
2021-04-29 10:57:18,855 [RatisPipelineUtilsThread - 0] INFO  pipeline.RatisPipelineProvider (RatisPipelineProvider.java:lambda$create$0(170)) - Sending CreatePipelineCommand for pipeline:PipelineID=657e6ca0-f67e-4ea0-bf19-b64ffd675ad6 to datanode:370ef436-e033-42aa-a9de-e846a346aa8c
2021-04-29 10:57:18,856 [RatisPipelineUtilsThread - 0] INFO  pipeline.PipelineStateManager (PipelineStateManagerV2Impl.java:addPipeline(101)) - Created pipeline Pipeline[ Id: 657e6ca0-f67e-4ea0-bf19-b64ffd675ad6, Nodes: 370ef436-e033-42aa-a9de-e846a346aa8c{ip: 172.17.0.2, host: 8023de4eb765, ports: [REPLICATION=46605, RATIS=41417, RATIS_ADMIN=41417, RATIS_SERVER=41417, STANDALONE=35811], networkLocation: /default-rack, certSerialId: null, persistedOpState: IN_SERVICE, persistedOpStateExpiryEpochSec: 0}, ReplicationConfig: RATIS/ONE, State:ALLOCATED, leaderId:, CreationTimestamp2021-04-29T10:57:18.855Z].
2021-04-29 10:57:18,859 [RatisPipelineUtilsThread - 0] INFO  pipeline.RatisPipelineProvider (RatisPipelineProvider.java:lambda$create$0(170)) - Sending CreatePipelineCommand for pipeline:PipelineID=d41d1735-2b4e-48ce-b160-aac7c0471365 to datanode:e351f40b-7d1e-4f0b-9ad9-d74fe5b38461
2021-04-29 10:57:18,859 [RatisPipelineUtilsThread - 0] INFO  pipeline.RatisPipelineProvider (RatisPipelineProvider.java:lambda$create$0(170)) - Sending CreatePipelineCommand for pipeline:PipelineID=d41d1735-2b4e-48ce-b160-aac7c0471365 to datanode:370ef436-e033-42aa-a9de-e846a346aa8c
2021-04-29 10:57:18,859 [RatisPipelineUtilsThread - 0] INFO  pipeline.RatisPipelineProvider (RatisPipelineProvider.java:lambda$create$0(170)) - Sending CreatePipelineCommand for pipeline:PipelineID=d41d1735-2b4e-48ce-b160-aac7c0471365 to datanode:18d1b3e1-cb4e-4e34-82f6-cc3a7f954247
2021-04-29 10:57:18,860 [RatisPipelineUtilsThread - 0] INFO  pipeline.PipelineStateManager (PipelineStateManagerV2Impl.java:addPipeline(101)) - Created pipeline Pipeline[ Id: d41d1735-2b4e-48ce-b160-aac7c0471365, Nodes: e351f40b-7d1e-4f0b-9ad9-d74fe5b38461{ip: 172.17.0.2, host: 8023de4eb765, ports: [REPLICATION=41935, RATIS=46021, RATIS_ADMIN=46021, RATIS_SERVER=46021, STANDALONE=34779], networkLocation: /default-rack, certSerialId: null, persistedOpState: IN_SERVICE, persistedOpStateExpiryEpochSec: 0}370ef436-e033-42aa-a9de-e846a346aa8c{ip: 172.17.0.2, host: 8023de4eb765, ports: [REPLICATION=46605, RATIS=41417, RATIS_ADMIN=41417, RATIS_SERVER=41417, STANDALONE=35811], networkLocation: /default-rack, certSerialId: null, persistedOpState: IN_SERVICE, persistedOpStateExpiryEpochSec: 0}18d1b3e1-cb4e-4e34-82f6-cc3a7f954247{ip: 172.17.0.2, host: 8023de4eb765, ports: [REPLICATION=40101, RATIS=46575, RATIS_ADMIN=46575, RATIS_SERVER=46575, STANDALONE=39739], networkLocation: /default-rack, certSerialId: null, persistedOpState: IN_SERVICE, persistedOpStateExpiryEpochSec: 0}, ReplicationConfig: RATIS/THREE, State:ALLOCATED, leaderId:, CreationTimestamp2021-04-29T10:57:18.859Z].
2021-04-29 10:57:19,142 [IPC Server handler 9 on default port 35221] INFO  net.NetworkTopologyImpl (NetworkTopologyImpl.java:add(112)) - Added a new node: /default-rack/b6ea065c-5c0f-4b9b-a36c-1baff64c27e7
2021-04-29 10:57:19,143 [IPC Server handler 9 on default port 35221] INFO  node.SCMNodeManager (SCMNodeManager.java:register(348)) - Registered Data node : b6ea065c-5c0f-4b9b-a36c-1baff64c27e7{ip: 172.17.0.2, host: 8023de4eb765, ports: [REPLICATION=44229, RATIS=42915, RATIS_ADMIN=42915, RATIS_SERVER=42915, STANDALONE=39747], networkLocation: /default-rack, certSerialId: null, persistedOpState: null, persistedOpStateExpiryEpochSec: 0}
2021-04-29 10:57:19,143 [EventQueue-NewNodeForNewNodeHandler] INFO  pipeline.BackgroundPipelineCreator (BackgroundPipelineCreatorV2.java:notifyEventTriggered(282)) - trigger a one-shot run on RatisPipelineUtilsThread.
2021-04-29 10:57:19,143 [EventQueue-NodeRegistrationContainerReportForContainerSafeModeRule] INFO  safemode.SCMSafeModeManager (SCMSafeModeManager.java:validateSafeModeExitRules(201)) - ContainerSafeModeRule rule is successfully validated
2021-04-29 10:57:19,144 [EventQueue-NodeRegistrationContainerReportForDataNodeSafeModeRule] INFO  safemode.SCMSafeModeManager (SCMSafeModeManager.java:validateSafeModeExitRules(201)) - DataNodeSafeModeRule rule is successfully validated
2021-04-29 10:57:19,144 [EventQueue-PipelineReportForOneReplicaPipelineSafeModeRule] INFO  safemode.SCMSafeModeManager (SCMSafeModeManager.java:validateSafeModeExitRules(201)) - AtleastOneDatanodeReportedRule rule is successfully validated
2021-04-29 10:57:19,145 [RatisPipelineUtilsThread - 0] INFO  pipeline.RatisPipelineProvider (RatisPipelineProvider.java:lambda$create$0(170)) - Sending CreatePipelineCommand for pipeline:PipelineID=3f9eaaaa-8621-40f3-b369-513105b508f4 to datanode:b6ea065c-5c0f-4b9b-a36c-1baff64c27e7
2021-04-29 10:57:19,146 [RatisPipelineUtilsThread - 0] INFO  pipeline.PipelineStateManager (PipelineStateManagerV2Impl.java:addPipeline(101)) - Created pipeline Pipeline[ Id: 3f9eaaaa-8621-40f3-b369-513105b508f4, Nodes: b6ea065c-5c0f-4b9b-a36c-1baff64c27e7{ip: 172.17.0.2, host: 8023de4eb765, ports: [REPLICATION=44229, RATIS=42915, RATIS_ADMIN=42915, RATIS_SERVER=42915, STANDALONE=39747], networkLocation: /default-rack, certSerialId: null, persistedOpState: IN_SERVICE, persistedOpStateExpiryEpochSec: 0}, ReplicationConfig: RATIS/ONE, State:ALLOCATED, leaderId:, CreationTimestamp2021-04-29T10:57:19.145Z].
2021-04-29 10:57:19,400 [IPC Server handler 12 on default port 35221] INFO  net.NetworkTopologyImpl (NetworkTopologyImpl.java:add(112)) - Added a new node: /default-rack/2394195c-5b30-4756-b242-a473be14be87
2021-04-29 10:57:19,401 [IPC Server handler 12 on default port 35221] INFO  node.SCMNodeManager (SCMNodeManager.java:register(348)) - Registered Data node : 2394195c-5b30-4756-b242-a473be14be87{ip: 172.17.0.2, host: 8023de4eb765, ports: [REPLICATION=41399, RATIS=32961, RATIS_ADMIN=32961, RATIS_SERVER=32961, STANDALONE=34257], networkLocation: /default-rack, certSerialId: null, persistedOpState: null, persistedOpStateExpiryEpochSec: 0}
2021-04-29 10:57:19,401 [EventQueue-NewNodeForNewNodeHandler] INFO  pipeline.BackgroundPipelineCreator (BackgroundPipelineCreatorV2.java:notifyEventTriggered(282)) - trigger a one-shot run on RatisPipelineUtilsThread.
2021-04-29 10:57:19,402 [EventQueue-PipelineReportForOneReplicaPipelineSafeModeRule] INFO  safemode.SCMSafeModeManager (SCMSafeModeManager.java:validateSafeModeExitRules(201)) - AtleastOneDatanodeReportedRule rule is successfully validated
2021-04-29 10:57:19,402 [EventQueue-NodeRegistrationContainerReportForContainerSafeModeRule] INFO  safemode.SCMSafeModeManager (SCMSafeModeManager.java:validateSafeModeExitRules(201)) - ContainerSafeModeRule rule is successfully validated
2021-04-29 10:57:19,402 [EventQueue-NodeRegistrationContainerReportForDataNodeSafeModeRule] INFO  safemode.SCMSafeModeManager (SCMSafeModeManager.java:validateSafeModeExitRules(201)) - DataNodeSafeModeRule rule is successfully validated
2021-04-29 10:57:19,402 [RatisPipelineUtilsThread - 0] INFO  pipeline.RatisPipelineProvider (RatisPipelineProvider.java:lambda$create$0(170)) - Sending CreatePipelineCommand for pipeline:PipelineID=05d9c834-934a-4097-9a93-9b9dee57546e to datanode:2394195c-5b30-4756-b242-a473be14be87
2021-04-29 10:57:19,403 [RatisPipelineUtilsThread - 0] INFO  pipeline.PipelineStateManager (PipelineStateManagerV2Impl.java:addPipeline(101)) - Created pipeline Pipeline[ Id: 05d9c834-934a-4097-9a93-9b9dee57546e, Nodes: 2394195c-5b30-4756-b242-a473be14be87{ip: 172.17.0.2, host: 8023de4eb765, ports: [REPLICATION=41399, RATIS=32961, RATIS_ADMIN=32961, RATIS_SERVER=32961, STANDALONE=34257], networkLocation: /default-rack, certSerialId: null, persistedOpState: IN_SERVICE, persistedOpStateExpiryEpochSec: 0}, ReplicationConfig: RATIS/ONE, State:ALLOCATED, leaderId:, CreationTimestamp2021-04-29T10:57:19.402Z].
2021-04-29 10:57:19,590 [Listener at 127.0.0.1/42781] INFO  ozone.MiniOzoneClusterImpl (MiniOzoneClusterImpl.java:lambda$waitForClusterToBeReady$0(224)) - Waiting for nodes to be ready. Got 5 of 9 DN Heartbeats.
2021-04-29 10:57:19,590 [Listener at 127.0.0.1/42781] INFO  ozone.MiniOzoneClusterImpl (MiniOzoneClusterImpl.java:lambda$waitForClusterToBeReady$0(227)) - Waiting for cluster to exit safe mode
2021-04-29 10:57:19,591 [Listener at 127.0.0.1/42781] INFO  ozone.MiniOzoneClusterImpl (MiniOzoneClusterImpl.java:lambda$waitForClusterToBeReady$0(230)) - SCM became leader
2021-04-29 10:57:19,649 [IPC Server handler 15 on default port 35221] INFO  net.NetworkTopologyImpl (NetworkTopologyImpl.java:add(112)) - Added a new node: /default-rack/aef91e02-660b-41a2-9835-9ea111f967cb
2021-04-29 10:57:19,650 [IPC Server handler 15 on default port 35221] INFO  node.SCMNodeManager (SCMNodeManager.java:register(348)) - Registered Data node : aef91e02-660b-41a2-9835-9ea111f967cb{ip: 172.17.0.2, host: 8023de4eb765, ports: [REPLICATION=42249, RATIS=37695, RATIS_ADMIN=37695, RATIS_SERVER=37695, STANDALONE=38459], networkLocation: /default-rack, certSerialId: null, persistedOpState: null, persistedOpStateExpiryEpochSec: 0}
2021-04-29 10:57:19,651 [EventQueue-NodeRegistrationContainerReportForDataNodeSafeModeRule] INFO  safemode.SCMSafeModeManager (SCMSafeModeManager.java:validateSafeModeExitRules(201)) - DataNodeSafeModeRule rule is successfully validated
2021-04-29 10:57:19,651 [EventQueue-NodeRegistrationContainerReportForContainerSafeModeRule] INFO  safemode.SCMSafeModeManager (SCMSafeModeManager.java:validateSafeModeExitRules(201)) - ContainerSafeModeRule rule is successfully validated
2021-04-29 10:57:19,651 [EventQueue-PipelineReportForOneReplicaPipelineSafeModeRule] INFO  safemode.SCMSafeModeManager (SCMSafeModeManager.java:validateSafeModeExitRules(201)) - AtleastOneDatanodeReportedRule rule is successfully validated
2021-04-29 10:57:19,652 [EventQueue-NewNodeForNewNodeHandler] INFO  pipeline.BackgroundPipelineCreator (BackgroundPipelineCreatorV2.java:notifyEventTriggered(282)) - trigger a one-shot run on RatisPipelineUtilsThread.
2021-04-29 10:57:19,653 [RatisPipelineUtilsThread - 0] INFO  pipeline.RatisPipelineProvider (RatisPipelineProvider.java:lambda$create$0(170)) - Sending CreatePipelineCommand for pipeline:PipelineID=eb89ebc0-a6c3-49d4-bbf2-62139cbecc78 to datanode:aef91e02-660b-41a2-9835-9ea111f967cb
2021-04-29 10:57:19,654 [RatisPipelineUtilsThread - 0] INFO  pipeline.PipelineStateManager (PipelineStateManagerV2Impl.java:addPipeline(101)) - Created pipeline Pipeline[ Id: eb89ebc0-a6c3-49d4-bbf2-62139cbecc78, Nodes: aef91e02-660b-41a2-9835-9ea111f967cb{ip: 172.17.0.2, host: 8023de4eb765, ports: [REPLICATION=42249, RATIS=37695, RATIS_ADMIN=37695, RATIS_SERVER=37695, STANDALONE=38459], networkLocation: /default-rack, certSerialId: null, persistedOpState: IN_SERVICE, persistedOpStateExpiryEpochSec: 0}, ReplicationConfig: RATIS/ONE, State:ALLOCATED, leaderId:, CreationTimestamp2021-04-29T10:57:19.653Z].
2021-04-29 10:57:19,655 [RatisPipelineUtilsThread - 0] INFO  pipeline.RatisPipelineProvider (RatisPipelineProvider.java:lambda$create$0(170)) - Sending CreatePipelineCommand for pipeline:PipelineID=3f0dbdb8-797e-4e9e-b690-a5ebde40635d to datanode:2394195c-5b30-4756-b242-a473be14be87
2021-04-29 10:57:19,655 [RatisPipelineUtilsThread - 0] INFO  pipeline.RatisPipelineProvider (RatisPipelineProvider.java:lambda$create$0(170)) - Sending CreatePipelineCommand for pipeline:PipelineID=3f0dbdb8-797e-4e9e-b690-a5ebde40635d to datanode:aef91e02-660b-41a2-9835-9ea111f967cb
2021-04-29 10:57:19,655 [RatisPipelineUtilsThread - 0] INFO  pipeline.RatisPipelineProvider (RatisPipelineProvider.java:lambda$create$0(170)) - Sending CreatePipelineCommand for pipeline:PipelineID=3f0dbdb8-797e-4e9e-b690-a5ebde40635d to datanode:b6ea065c-5c0f-4b9b-a36c-1baff64c27e7
2021-04-29 10:57:19,656 [RatisPipelineUtilsThread - 0] INFO  pipeline.PipelineStateManager (PipelineStateManagerV2Impl.java:addPipeline(101)) - Created pipeline Pipeline[ Id: 3f0dbdb8-797e-4e9e-b690-a5ebde40635d, Nodes: 2394195c-5b30-4756-b242-a473be14be87{ip: 172.17.0.2, host: 8023de4eb765, ports: [REPLICATION=41399, RATIS=32961, RATIS_ADMIN=32961, RATIS_SERVER=32961, STANDALONE=34257], networkLocation: /default-rack, certSerialId: null, persistedOpState: IN_SERVICE, persistedOpStateExpiryEpochSec: 0}aef91e02-660b-41a2-9835-9ea111f967cb{ip: 172.17.0.2, host: 8023de4eb765, ports: [REPLICATION=42249, RATIS=37695, RATIS_ADMIN=37695, RATIS_SERVER=37695, STANDALONE=38459], networkLocation: /default-rack, certSerialId: null, persistedOpState: IN_SERVICE, persistedOpStateExpiryEpochSec: 0}b6ea065c-5c0f-4b9b-a36c-1baff64c27e7{ip: 172.17.0.2, host: 8023de4eb765, ports: [REPLICATION=44229, RATIS=42915, RATIS_ADMIN=42915, RATIS_SERVER=42915, STANDALONE=39747], networkLocation: /default-rack, certSerialId: null, persistedOpState: IN_SERVICE, persistedOpStateExpiryEpochSec: 0}, ReplicationConfig: RATIS/THREE, State:ALLOCATED, leaderId:, CreationTimestamp2021-04-29T10:57:19.655Z].
2021-04-29 10:57:19,945 [IPC Server handler 10 on default port 35221] INFO  net.NetworkTopologyImpl (NetworkTopologyImpl.java:add(112)) - Added a new node: /default-rack/f2874c6a-efe9-4f48-8c15-64eb2698a6fe
2021-04-29 10:57:19,946 [IPC Server handler 10 on default port 35221] INFO  node.SCMNodeManager (SCMNodeManager.java:register(348)) - Registered Data node : f2874c6a-efe9-4f48-8c15-64eb2698a6fe{ip: 172.17.0.2, host: 8023de4eb765, ports: [REPLICATION=46125, RATIS=38031, RATIS_ADMIN=38031, RATIS_SERVER=38031, STANDALONE=44417], networkLocation: /default-rack, certSerialId: null, persistedOpState: null, persistedOpStateExpiryEpochSec: 0}
2021-04-29 10:57:19,946 [EventQueue-PipelineReportForOneReplicaPipelineSafeModeRule] INFO  safemode.SCMSafeModeManager (SCMSafeModeManager.java:validateSafeModeExitRules(201)) - AtleastOneDatanodeReportedRule rule is successfully validated
2021-04-29 10:57:19,947 [EventQueue-NodeRegistrationContainerReportForContainerSafeModeRule] INFO  safemode.SCMSafeModeManager (SCMSafeModeManager.java:validateSafeModeExitRules(201)) - ContainerSafeModeRule rule is successfully validated
2021-04-29 10:57:19,947 [EventQueue-NodeRegistrationContainerReportForDataNodeSafeModeRule] INFO  safemode.SCMSafeModeManager (SCMSafeModeManager.java:validateSafeModeExitRules(201)) - DataNodeSafeModeRule rule is successfully validated
2021-04-29 10:57:19,946 [EventQueue-NewNodeForNewNodeHandler] INFO  pipeline.BackgroundPipelineCreator (BackgroundPipelineCreatorV2.java:notifyEventTriggered(282)) - trigger a one-shot run on RatisPipelineUtilsThread.
2021-04-29 10:57:19,950 [RatisPipelineUtilsThread - 0] INFO  pipeline.RatisPipelineProvider (RatisPipelineProvider.java:lambda$create$0(170)) - Sending CreatePipelineCommand for pipeline:PipelineID=a802a953-e735-4870-b1c8-05d4b2f145df to datanode:f2874c6a-efe9-4f48-8c15-64eb2698a6fe
2021-04-29 10:57:19,951 [RatisPipelineUtilsThread - 0] INFO  pipeline.PipelineStateManager (PipelineStateManagerV2Impl.java:addPipeline(101)) - Created pipeline Pipeline[ Id: a802a953-e735-4870-b1c8-05d4b2f145df, Nodes: f2874c6a-efe9-4f48-8c15-64eb2698a6fe{ip: 172.17.0.2, host: 8023de4eb765, ports: [REPLICATION=46125, RATIS=38031, RATIS_ADMIN=38031, RATIS_SERVER=38031, STANDALONE=44417], networkLocation: /default-rack, certSerialId: null, persistedOpState: IN_SERVICE, persistedOpStateExpiryEpochSec: 0}, ReplicationConfig: RATIS/ONE, State:ALLOCATED, leaderId:, CreationTimestamp2021-04-29T10:57:19.950Z].
2021-04-29 10:57:20,312 [IPC Server handler 12 on default port 35221] INFO  net.NetworkTopologyImpl (NetworkTopologyImpl.java:add(112)) - Added a new node: /default-rack/2ece3016-29da-4712-9e61-42b563feafe4
2021-04-29 10:57:20,312 [IPC Server handler 12 on default port 35221] INFO  node.SCMNodeManager (SCMNodeManager.java:register(348)) - Registered Data node : 2ece3016-29da-4712-9e61-42b563feafe4{ip: 172.17.0.2, host: 8023de4eb765, ports: [REPLICATION=46329, RATIS=37483, RATIS_ADMIN=37483, RATIS_SERVER=37483, STANDALONE=33183], networkLocation: /default-rack, certSerialId: null, persistedOpState: null, persistedOpStateExpiryEpochSec: 0}
2021-04-29 10:57:20,313 [EventQueue-NewNodeForNewNodeHandler] INFO  pipeline.BackgroundPipelineCreator (BackgroundPipelineCreatorV2.java:notifyEventTriggered(282)) - trigger a one-shot run on RatisPipelineUtilsThread.
2021-04-29 10:57:20,313 [EventQueue-NodeRegistrationContainerReportForDataNodeSafeModeRule] INFO  safemode.SCMSafeModeManager (SCMSafeModeManager.java:validateSafeModeExitRules(201)) - DataNodeSafeModeRule rule is successfully validated
2021-04-29 10:57:20,314 [EventQueue-PipelineReportForOneReplicaPipelineSafeModeRule] INFO  safemode.SCMSafeModeManager (SCMSafeModeManager.java:validateSafeModeExitRules(201)) - AtleastOneDatanodeReportedRule rule is successfully validated
2021-04-29 10:57:20,314 [EventQueue-NodeRegistrationContainerReportForContainerSafeModeRule] INFO  safemode.SCMSafeModeManager (SCMSafeModeManager.java:validateSafeModeExitRules(201)) - ContainerSafeModeRule rule is successfully validated
2021-04-29 10:57:20,314 [RatisPipelineUtilsThread - 0] INFO  pipeline.RatisPipelineProvider (RatisPipelineProvider.java:lambda$create$0(170)) - Sending CreatePipelineCommand for pipeline:PipelineID=82a88e11-0f8b-4971-b51f-1d607c43d7c7 to datanode:2ece3016-29da-4712-9e61-42b563feafe4
2021-04-29 10:57:20,315 [RatisPipelineUtilsThread - 0] INFO  pipeline.PipelineStateManager (PipelineStateManagerV2Impl.java:addPipeline(101)) - Created pipeline Pipeline[ Id: 82a88e11-0f8b-4971-b51f-1d607c43d7c7, Nodes: 2ece3016-29da-4712-9e61-42b563feafe4{ip: 172.17.0.2, host: 8023de4eb765, ports: [REPLICATION=46329, RATIS=37483, RATIS_ADMIN=37483, RATIS_SERVER=37483, STANDALONE=33183], networkLocation: /default-rack, certSerialId: null, persistedOpState: IN_SERVICE, persistedOpStateExpiryEpochSec: 0}, ReplicationConfig: RATIS/ONE, State:ALLOCATED, leaderId:, CreationTimestamp2021-04-29T10:57:20.314Z].
2021-04-29 10:57:20,591 [Listener at 127.0.0.1/42781] INFO  ozone.MiniOzoneClusterImpl (MiniOzoneClusterImpl.java:lambda$waitForClusterToBeReady$0(224)) - Waiting for nodes to be ready. Got 8 of 9 DN Heartbeats.
2021-04-29 10:57:20,591 [Listener at 127.0.0.1/42781] INFO  ozone.MiniOzoneClusterImpl (MiniOzoneClusterImpl.java:lambda$waitForClusterToBeReady$0(227)) - Waiting for cluster to exit safe mode
2021-04-29 10:57:20,591 [Listener at 127.0.0.1/42781] INFO  ozone.MiniOzoneClusterImpl (MiniOzoneClusterImpl.java:lambda$waitForClusterToBeReady$0(230)) - SCM became leader
2021-04-29 10:57:20,592 [IPC Server handler 7 on default port 35221] INFO  net.NetworkTopologyImpl (NetworkTopologyImpl.java:add(112)) - Added a new node: /default-rack/51593562-bf48-4e12-b0f7-435460a60e26
2021-04-29 10:57:20,592 [IPC Server handler 7 on default port 35221] INFO  node.SCMNodeManager (SCMNodeManager.java:register(348)) - Registered Data node : 51593562-bf48-4e12-b0f7-435460a60e26{ip: 172.17.0.2, host: 8023de4eb765, ports: [REPLICATION=46095, RATIS=37879, RATIS_ADMIN=37879, RATIS_SERVER=37879, STANDALONE=37727], networkLocation: /default-rack, certSerialId: null, persistedOpState: null, persistedOpStateExpiryEpochSec: 0}
2021-04-29 10:57:20,592 [EventQueue-NewNodeForNewNodeHandler] INFO  pipeline.BackgroundPipelineCreator (BackgroundPipelineCreatorV2.java:notifyEventTriggered(282)) - trigger a one-shot run on RatisPipelineUtilsThread.
2021-04-29 10:57:20,593 [RatisPipelineUtilsThread - 0] INFO  pipeline.RatisPipelineProvider (RatisPipelineProvider.java:lambda$create$0(170)) - Sending CreatePipelineCommand for pipeline:PipelineID=353dcd4d-7dd8-49ce-b20f-9af61b126474 to datanode:51593562-bf48-4e12-b0f7-435460a60e26
2021-04-29 10:57:20,594 [EventQueue-NodeRegistrationContainerReportForDataNodeSafeModeRule] INFO  safemode.SCMSafeModeManager (SCMSafeModeManager.java:validateSafeModeExitRules(201)) - DataNodeSafeModeRule rule is successfully validated
2021-04-29 10:57:20,594 [EventQueue-NodeRegistrationContainerReportForContainerSafeModeRule] INFO  safemode.SCMSafeModeManager (SCMSafeModeManager.java:validateSafeModeExitRules(201)) - ContainerSafeModeRule rule is successfully validated
2021-04-29 10:57:20,594 [RatisPipelineUtilsThread - 0] INFO  pipeline.PipelineStateManager (PipelineStateManagerV2Impl.java:addPipeline(101)) - Created pipeline Pipeline[ Id: 353dcd4d-7dd8-49ce-b20f-9af61b126474, Nodes: 51593562-bf48-4e12-b0f7-435460a60e26{ip: 172.17.0.2, host: 8023de4eb765, ports: [REPLICATION=46095, RATIS=37879, RATIS_ADMIN=37879, RATIS_SERVER=37879, STANDALONE=37727], networkLocation: /default-rack, certSerialId: null, persistedOpState: IN_SERVICE, persistedOpStateExpiryEpochSec: 0}, ReplicationConfig: RATIS/ONE, State:ALLOCATED, leaderId:, CreationTimestamp2021-04-29T10:57:20.593Z].
2021-04-29 10:57:20,594 [EventQueue-PipelineReportForOneReplicaPipelineSafeModeRule] INFO  safemode.SCMSafeModeManager (SCMSafeModeManager.java:validateSafeModeExitRules(201)) - AtleastOneDatanodeReportedRule rule is successfully validated
2021-04-29 10:57:20,594 [RatisPipelineUtilsThread - 0] INFO  pipeline.RatisPipelineProvider (RatisPipelineProvider.java:lambda$create$0(170)) - Sending CreatePipelineCommand for pipeline:PipelineID=d965319d-9b1c-4f94-89c8-5f9640c5ec9e to datanode:f2874c6a-efe9-4f48-8c15-64eb2698a6fe
2021-04-29 10:57:20,595 [RatisPipelineUtilsThread - 0] INFO  pipeline.RatisPipelineProvider (RatisPipelineProvider.java:lambda$create$0(170)) - Sending CreatePipelineCommand for pipeline:PipelineID=d965319d-9b1c-4f94-89c8-5f9640c5ec9e to datanode:2ece3016-29da-4712-9e61-42b563feafe4
2021-04-29 10:57:20,595 [RatisPipelineUtilsThread - 0] INFO  pipeline.RatisPipelineProvider (RatisPipelineProvider.java:lambda$create$0(170)) - Sending CreatePipelineCommand for pipeline:PipelineID=d965319d-9b1c-4f94-89c8-5f9640c5ec9e to datanode:51593562-bf48-4e12-b0f7-435460a60e26
2021-04-29 10:57:20,596 [RatisPipelineUtilsThread - 0] INFO  pipeline.PipelineStateManager (PipelineStateManagerV2Impl.java:addPipeline(101)) - Created pipeline Pipeline[ Id: d965319d-9b1c-4f94-89c8-5f9640c5ec9e, Nodes: f2874c6a-efe9-4f48-8c15-64eb2698a6fe{ip: 172.17.0.2, host: 8023de4eb765, ports: [REPLICATION=46125, RATIS=38031, RATIS_ADMIN=38031, RATIS_SERVER=38031, STANDALONE=44417], networkLocation: /default-rack, certSerialId: null, persistedOpState: IN_SERVICE, persistedOpStateExpiryEpochSec: 0}2ece3016-29da-4712-9e61-42b563feafe4{ip: 172.17.0.2, host: 8023de4eb765, ports: [REPLICATION=46329, RATIS=37483, RATIS_ADMIN=37483, RATIS_SERVER=37483, STANDALONE=33183], networkLocation: /default-rack, certSerialId: null, persistedOpState: IN_SERVICE, persistedOpStateExpiryEpochSec: 0}51593562-bf48-4e12-b0f7-435460a60e26{ip: 172.17.0.2, host: 8023de4eb765, ports: [REPLICATION=46095, RATIS=37879, RATIS_ADMIN=37879, RATIS_SERVER=37879, STANDALONE=37727], networkLocation: /default-rack, certSerialId: null, persistedOpState: IN_SERVICE, persistedOpStateExpiryEpochSec: 0}, ReplicationConfig: RATIS/THREE, State:ALLOCATED, leaderId:, CreationTimestamp2021-04-29T10:57:20.594Z].
2021-04-29 10:57:20,755 [org.apache.ratis.util.JvmPauseMonitor$$Lambda$504/1672688893@69744db7] WARN  util.JvmPauseMonitor (JvmPauseMonitor.java:detectPause(124)) - JvmPauseMonitor-b6ea065c-5c0f-4b9b-a36c-1baff64c27e7: Detected pause in JVM or host machine (eg GC): pause of approximately 100421009ns.
GC pool 'PS MarkSweep' had collection(s): count=1 time=138ms
GC pool 'PS Scavenge' had collection(s): count=1 time=17ms
2021-04-29 10:57:20,756 [org.apache.ratis.util.JvmPauseMonitor$$Lambda$504/1672688893@108c3ddb] WARN  util.JvmPauseMonitor (JvmPauseMonitor.java:detectPause(124)) - JvmPauseMonitor-e351f40b-7d1e-4f0b-9ad9-d74fe5b38461: Detected pause in JVM or host machine (eg GC): pause of approximately 127968918ns.
GC pool 'PS MarkSweep' had collection(s): count=1 time=138ms
GC pool 'PS Scavenge' had collection(s): count=1 time=17ms
2021-04-29 10:57:20,756 [org.apache.ratis.util.JvmPauseMonitor$$Lambda$504/1672688893@50c8a9c3] WARN  util.JvmPauseMonitor (JvmPauseMonitor.java:detectPause(124)) - JvmPauseMonitor-51593562-bf48-4e12-b0f7-435460a60e26: Detected pause in JVM or host machine (eg GC): pause of approximately 153884332ns.
GC pool 'PS MarkSweep' had collection(s): count=1 time=138ms
GC pool 'PS Scavenge' had collection(s): count=1 time=17ms
2021-04-29 10:57:21,166 [Command processor thread] INFO  server.RaftServer (RaftServerProxy.java:addNew(95)) - 18d1b3e1-cb4e-4e34-82f6-cc3a7f954247: addNew group-54FA7C50B16A:[18d1b3e1-cb4e-4e34-82f6-cc3a7f954247|rpc:172.17.0.2:46575|priority:1] returns group-54FA7C50B16A:java.util.concurrent.CompletableFuture@5ba0adb2[Not completed]
2021-04-29 10:57:21,181 [pool-47-thread-1] INFO  server.RaftServer$Division (RaftServerImpl.java:<init>(180)) - 18d1b3e1-cb4e-4e34-82f6-cc3a7f954247: new RaftServerImpl for group-54FA7C50B16A:[18d1b3e1-cb4e-4e34-82f6-cc3a7f954247|rpc:172.17.0.2:46575|priority:1] with ContainerStateMachine:uninitialized
2021-04-29 10:57:21,184 [pool-47-thread-1] INFO  server.RaftServerConfigKeys (ConfUtils.java:logGet(44)) - raft.server.rpc.timeout.min = 5s (custom)
2021-04-29 10:57:21,184 [pool-47-thread-1] INFO  server.RaftServerConfigKeys (ConfUtils.java:logGet(44)) - raft.server.rpc.timeout.max = 5200ms (custom)
2021-04-29 10:57:21,185 [pool-47-thread-1] INFO  server.RaftServerConfigKeys (ConfUtils.java:logGet(44)) - raft.server.rpc.sleep.time = 25ms (default)
2021-04-29 10:57:21,185 [pool-47-thread-1] INFO  server.RaftServerConfigKeys (ConfUtils.java:logGet(44)) - raft.server.rpc.slowness.timeout = 300000ms (custom)
2021-04-29 10:57:21,185 [pool-47-thread-1] INFO  server.RaftServerConfigKeys (ConfUtils.java:logGet(44)) - raft.server.leaderelection.leader.step-down.wait-time = 10s (default)
2021-04-29 10:57:21,185 [pool-47-thread-1] INFO  server.RaftServerConfigKeys (ConfUtils.java:logGet(44)) - raft.server.sleep.deviation.threshold = 300ms (default)
2021-04-29 10:57:21,185 [pool-47-thread-1] INFO  server.RaftServerConfigKeys (ConfUtils.java:logGet(44)) - raft.server.log.appender.install.snapshot.enabled = false (custom)
2021-04-29 10:57:21,185 [pool-47-thread-1] INFO  server.RaftServer$Division (ServerState.java:<init>(105)) - 18d1b3e1-cb4e-4e34-82f6-cc3a7f954247@group-54FA7C50B16A: ConfigurationManager, init=-1: [18d1b3e1-cb4e-4e34-82f6-cc3a7f954247|rpc:172.17.0.2:46575|priority:1], old=null, confs=<EMPTY_MAP>
2021-04-29 10:57:21,185 [pool-47-thread-1] INFO  server.RaftServerConfigKeys (ConfUtils.java:logGet(44)) - raft.server.storage.dir = [/github/workspace/mnt/ozone/hadoop-ozone/integration-test/target/test-dir/MiniOzoneClusterImpl-2726c7ec-cf5f-4d18-8e0d-a0ed93d2ecae/datanode-0/data/ratis] (custom)
2021-04-29 10:57:21,186 [pool-47-thread-1] INFO  server.RaftServerConfigKeys (ConfUtils.java:logGet(44)) - raft.server.log.corruption.policy = EXCEPTION (default)
2021-04-29 10:57:21,186 [pool-47-thread-1] INFO  storage.RaftStorageDirectory (RaftStorageDirectoryImpl.java:analyzeStorage(132)) - The storage directory /github/workspace/mnt/ozone/hadoop-ozone/integration-test/target/test-dir/MiniOzoneClusterImpl-2726c7ec-cf5f-4d18-8e0d-a0ed93d2ecae/datanode-0/data/ratis/14db0929-b7f6-4dcd-bea5-54fa7c50b16a does not exist. Creating ...
2021-04-29 10:57:21,188 [pool-47-thread-1] INFO  storage.RaftStorageDirectory (RaftStorageDirectoryImpl.java:tryLock(215)) - Lock on /github/workspace/mnt/ozone/hadoop-ozone/integration-test/target/test-dir/MiniOzoneClusterImpl-2726c7ec-cf5f-4d18-8e0d-a0ed93d2ecae/datanode-0/data/ratis/14db0929-b7f6-4dcd-bea5-54fa7c50b16a/in_use.lock acquired by nodename 12126@8023de4eb765
2021-04-29 10:57:21,189 [pool-47-thread-1] INFO  storage.RaftStorage (RaftStorageImpl.java:format(87)) - Storage directory /github/workspace/mnt/ozone/hadoop-ozone/integration-test/target/test-dir/MiniOzoneClusterImpl-2726c7ec-cf5f-4d18-8e0d-a0ed93d2ecae/datanode-0/data/ratis/14db0929-b7f6-4dcd-bea5-54fa7c50b16a has been successfully formatted.
2021-04-29 10:57:21,195 [pool-47-thread-1] INFO  ratis.ContainerStateMachine (ContainerStateMachine.java:loadSnapshot(224)) - group-54FA7C50B16A: The snapshot info is null. Setting the last applied indexto:(t:0, i:~)
2021-04-29 10:57:21,195 [pool-47-thread-1] INFO  server.RaftServerConfigKeys (ConfUtils.java:logGet(44)) - raft.server.notification.no-leader.timeout = 300000ms (custom)
2021-04-29 10:57:21,195 [pool-47-thread-1] INFO  server.RaftServerConfigKeys (ConfUtils.java:logGet(44)) - raft.server.log.use.memory = false (default)
2021-04-29 10:57:21,195 [pool-47-thread-1] INFO  server.RaftServerConfigKeys (ConfUtils.java:logGet(44)) - raft.server.log.purge.gap = 1000000 (custom)
2021-04-29 10:57:21,195 [pool-47-thread-1] INFO  server.RaftServerConfigKeys (ConfUtils.java:logGet(44)) - raft.server.log.appender.buffer.byte-limit = 33554432 (custom)
2021-04-29 10:57:21,195 [pool-47-thread-1] INFO  metrics.RatisMetrics (RatisMetrics.java:lambda$create$0(36)) - Creating Metrics Registry : ratis.log_worker.18d1b3e1-cb4e-4e34-82f6-cc3a7f954247@group-54FA7C50B16A
2021-04-29 10:57:21,196 [pool-47-thread-1] INFO  server.RaftServerConfigKeys (ConfUtils.java:logGet(44)) - raft.server.log.segment.size.max = 1048576 (custom)
2021-04-29 10:57:21,200 [pool-47-thread-1] INFO  server.RaftServerConfigKeys (ConfUtils.java:logGet(44)) - raft.server.log.segment.cache.num.max = 2 (custom)
2021-04-29 10:57:21,200 [pool-47-thread-1] INFO  server.RaftServerConfigKeys (ConfUtils.java:logGet(44)) - raft.server.log.segment.cache.size.max = 200MB (=209715200) (default)
2021-04-29 10:57:21,200 [pool-47-thread-1] INFO  segmented.SegmentedRaftLogWorker (SegmentedRaftLogWorker.java:<init>(182)) - new 18d1b3e1-cb4e-4e34-82f6-cc3a7f954247@group-54FA7C50B16A-SegmentedRaftLogWorker for RaftStorageImpl:Storage Directory /github/workspace/mnt/ozone/hadoop-ozone/integration-test/target/test-dir/MiniOzoneClusterImpl-2726c7ec-cf5f-4d18-8e0d-a0ed93d2ecae/datanode-0/data/ratis/14db0929-b7f6-4dcd-bea5-54fa7c50b16a
2021-04-29 10:57:21,200 [pool-47-thread-1] INFO  server.RaftServerConfigKeys (ConfUtils.java:logGet(44)) - raft.server.log.queue.byte-limit = 2147483647 (custom)
2021-04-29 10:57:21,200 [pool-47-thread-1] INFO  server.RaftServerConfigKeys (ConfUtils.java:logGet(44)) - raft.server.log.queue.element-limit = 1024 (custom)
2021-04-29 10:57:21,200 [pool-47-thread-1] INFO  server.RaftServerConfigKeys (ConfUtils.java:logGet(44)) - raft.server.log.segment.size.max = 1048576 (custom)
2021-04-29 10:57:21,200 [pool-47-thread-1] INFO  server.RaftServerConfigKeys (ConfUtils.java:logGet(44)) - raft.server.log.preallocated.size = 16384 (custom)
2021-04-29 10:57:21,200 [pool-47-thread-1] INFO  server.RaftServerConfigKeys (ConfUtils.java:logGet(44)) - raft.server.log.force.sync.num = 128 (default)
2021-04-29 10:57:21,201 [pool-47-thread-1] INFO  server.RaftServerConfigKeys (ConfUtils.java:logGet(44)) - raft.server.log.statemachine.data.sync = true (default)
2021-04-29 10:57:21,201 [pool-47-thread-1] INFO  server.RaftServerConfigKeys (ConfUtils.java:logGet(44)) - raft.server.log.statemachine.data.sync.timeout = 10s (default)
2021-04-29 10:57:21,201 [pool-47-thread-1] INFO  server.RaftServerConfigKeys (ConfUtils.java:logGet(44)) - raft.server.log.statemachine.data.sync.timeout.retry = -1 (default)
2021-04-29 10:57:21,205 [pool-47-thread-1] INFO  server.RaftServerConfigKeys (ConfUtils.java:logGet(44)) - raft.server.log.write.buffer.size = 1048576 (custom)
2021-04-29 10:57:21,210 [pool-47-thread-1] INFO  server.RaftServerConfigKeys (ConfUtils.java:logGet(44)) - raft.server.log.statemachine.data.caching.enabled = true (custom)
2021-04-29 10:57:21,211 [pool-47-thread-1] INFO  segmented.SegmentedRaftLogWorker (SegmentedRaftLogWorker.java:lambda$new$0(133)) - 18d1b3e1-cb4e-4e34-82f6-cc3a7f954247@group-54FA7C50B16A-SegmentedRaftLogWorker: flushIndex: setUnconditionally 0 -> -1
2021-04-29 10:57:21,212 [pool-47-thread-1] INFO  segmented.SegmentedRaftLogWorker (SegmentedRaftLogWorker.java:lambda$new$0(133)) - 18d1b3e1-cb4e-4e34-82f6-cc3a7f954247@group-54FA7C50B16A-SegmentedRaftLogWorker: safeCacheEvictIndex: setUnconditionally 0 -> -1
2021-04-29 10:57:21,214 [pool-47-thread-1] INFO  server.RaftServerConfigKeys (ConfUtils.java:logGet(44)) - raft.server.snapshot.auto.trigger.enabled = true (custom)
2021-04-29 10:57:21,214 [pool-47-thread-1] INFO  server.RaftServerConfigKeys (ConfUtils.java:logGet(44)) - raft.server.snapshot.auto.trigger.threshold = 10000 (custom)
2021-04-29 10:57:21,215 [pool-47-thread-1] INFO  server.RaftServerConfigKeys (ConfUtils.java:logGet(44)) - raft.server.snapshot.retention.file.num = 5 (custom)
2021-04-29 10:57:21,215 [pool-47-thread-1] INFO  server.RaftServerConfigKeys (ConfUtils.java:logGet(44)) - raft.server.log.purge.upto.snapshot.index = false (default)
2021-04-29 10:57:21,215 [pool-47-thread-1] INFO  server.RaftServerConfigKeys (ConfUtils.java:logGet(44)) - raft.server.retrycache.expirytime = 600000ms (custom)
2021-04-29 10:57:21,215 [pool-47-thread-1] INFO  server.RaftServerConfigKeys (ConfUtils.java:logGet(44)) - raft.server.retrycache.statistics.expirytime = 100?s (default)
2021-04-29 10:57:21,215 [pool-47-thread-1] INFO  metrics.RatisMetrics (RatisMetrics.java:lambda$create$0(36)) - Creating Metrics Registry : ratis.leader_election.18d1b3e1-cb4e-4e34-82f6-cc3a7f954247@group-54FA7C50B16A
2021-04-29 10:57:21,216 [pool-47-thread-1] INFO  metrics.RatisMetrics (RatisMetrics.java:lambda$create$0(36)) - Creating Metrics Registry : ratis.server.18d1b3e1-cb4e-4e34-82f6-cc3a7f954247@group-54FA7C50B16A
2021-04-29 10:57:21,226 [pool-47-thread-1] INFO  server.RaftServer$Division (RaftServerImpl.java:start(295)) - 18d1b3e1-cb4e-4e34-82f6-cc3a7f954247@group-54FA7C50B16A: start as a follower, conf=-1: [18d1b3e1-cb4e-4e34-82f6-cc3a7f954247|rpc:172.17.0.2:46575|priority:1], old=null
2021-04-29 10:57:21,226 [pool-47-thread-1] INFO  server.RaftServer$Division (RaftServerImpl.java:setRole(284)) - 18d1b3e1-cb4e-4e34-82f6-cc3a7f954247@group-54FA7C50B16A: changes role from      null to FOLLOWER at term 0 for startAsFollower
2021-04-29 10:57:21,226 [EventQueue-PipelineReportForPipelineReportHandler] INFO  pipeline.PipelineManagerV2Impl (PipelineManagerV2Impl.java:openPipeline(270)) - Pipeline Pipeline[ Id: 14db0929-b7f6-4dcd-bea5-54fa7c50b16a, Nodes: 18d1b3e1-cb4e-4e34-82f6-cc3a7f954247{ip: 172.17.0.2, host: 8023de4eb765, ports: [REPLICATION=40101, RATIS=46575, RATIS_ADMIN=46575, RATIS_SERVER=46575, STANDALONE=39739], networkLocation: /default-rack, certSerialId: null, persistedOpState: IN_SERVICE, persistedOpStateExpiryEpochSec: 0}, ReplicationConfig: RATIS/ONE, State:ALLOCATED, leaderId:18d1b3e1-cb4e-4e34-82f6-cc3a7f954247, CreationTimestamp2021-04-29T10:57:18.203Z] moved to OPEN state
2021-04-29 10:57:21,226 [pool-47-thread-1] INFO  impl.RoleInfo (RoleInfo.java:updateAndGet(130)) - 18d1b3e1-cb4e-4e34-82f6-cc3a7f954247: start 18d1b3e1-cb4e-4e34-82f6-cc3a7f954247@group-54FA7C50B16A-FollowerState
2021-04-29 10:57:21,227 [EventQueue-PipelineReportForOneReplicaPipelineSafeModeRule] INFO  safemode.SCMSafeModeManager (SCMSafeModeManager.java:validateSafeModeExitRules(201)) - AtleastOneDatanodeReportedRule rule is successfully validated
2021-04-29 10:57:21,232 [EventQueue-OpenPipelineForHealthyPipelineSafeModeRule] INFO  safemode.SCMSafeModeManager (HealthyPipelineSafeModeRule.java:process(130)) - SCM in safe mode. Healthy pipelines reported count is 0, required healthy pipeline reported count is 1
2021-04-29 10:57:21,232 [pool-47-thread-1] INFO  util.JmxRegister (JmxRegister.java:tryRegister(44)) - Successfully registered JMX Bean with object name Ratis:service=RaftServer,group=group-54FA7C50B16A,id=18d1b3e1-cb4e-4e34-82f6-cc3a7f954247
2021-04-29 10:57:21,242 [pool-47-thread-1] INFO  metrics.RatisMetrics (RatisMetrics.java:lambda$create$0(36)) - Creating Metrics Registry : ratis.state_machine.18d1b3e1-cb4e-4e34-82f6-cc3a7f954247@group-54FA7C50B16A
2021-04-29 10:57:21,251 [Command processor thread] INFO  ratis.XceiverServerRatis (XceiverServerRatis.java:addGroup(808)) - Created group PipelineID=14db0929-b7f6-4dcd-bea5-54fa7c50b16a
2021-04-29 10:57:21,252 [Command processor thread] INFO  commandhandler.CreatePipelineCommandHandler (CreatePipelineCommandHandler.java:handle(106)) - Created Pipeline RATIS ONE PipelineID=14db0929-b7f6-4dcd-bea5-54fa7c50b16a.
2021-04-29 10:57:21,252 [Command processor thread] INFO  server.RaftServer (RaftServerProxy.java:addNew(95)) - 18d1b3e1-cb4e-4e34-82f6-cc3a7f954247: addNew group-AAC7C0471365:[370ef436-e033-42aa-a9de-e846a346aa8c|rpc:172.17.0.2:41417|priority:1, e351f40b-7d1e-4f0b-9ad9-d74fe5b38461|rpc:172.17.0.2:46021|priority:0, 18d1b3e1-cb4e-4e34-82f6-cc3a7f954247|rpc:172.17.0.2:46575|priority:0] returns group-AAC7C0471365:java.util.concurrent.CompletableFuture@111c4e4f[Not completed]
2021-04-29 10:57:21,257 [pool-47-thread-1] INFO  server.RaftServer$Division (RaftServerImpl.java:<init>(180)) - 18d1b3e1-cb4e-4e34-82f6-cc3a7f954247: new RaftServerImpl for group-AAC7C0471365:[370ef436-e033-42aa-a9de-e846a346aa8c|rpc:172.17.0.2:41417|priority:1, e351f40b-7d1e-4f0b-9ad9-d74fe5b38461|rpc:172.17.0.2:46021|priority:0, 18d1b3e1-cb4e-4e34-82f6-cc3a7f954247|rpc:172.17.0.2:46575|priority:0] with ContainerStateMachine:uninitialized
2021-04-29 10:57:21,258 [pool-47-thread-1] INFO  server.RaftServerConfigKeys (ConfUtils.java:logGet(44)) - raft.server.rpc.timeout.min = 5s (custom)
2021-04-29 10:57:21,258 [pool-47-thread-1] INFO  server.RaftServerConfigKeys (ConfUtils.java:logGet(44)) - raft.server.rpc.timeout.max = 5200ms (custom)
2021-04-29 10:57:21,258 [pool-47-thread-1] INFO  server.RaftServerConfigKeys (ConfUtils.java:logGet(44)) - raft.server.rpc.sleep.time = 25ms (default)
2021-04-29 10:57:21,258 [pool-47-thread-1] INFO  server.RaftServerConfigKeys (ConfUtils.java:logGet(44)) - raft.server.rpc.slowness.timeout = 300000ms (custom)
2021-04-29 10:57:21,258 [pool-47-thread-1] INFO  server.RaftServerConfigKeys (ConfUtils.java:logGet(44)) - raft.server.leaderelection.leader.step-down.wait-time = 10s (default)
2021-04-29 10:57:21,258 [pool-47-thread-1] INFO  server.RaftServerConfigKeys (ConfUtils.java:logGet(44)) - raft.server.sleep.deviation.threshold = 300ms (default)
2021-04-29 10:57:21,258 [pool-47-thread-1] INFO  server.RaftServerConfigKeys (ConfUtils.java:logGet(44)) - raft.server.log.appender.install.snapshot.enabled = false (custom)
2021-04-29 10:57:21,258 [pool-47-thread-1] INFO  server.RaftServer$Division (ServerState.java:<init>(105)) - 18d1b3e1-cb4e-4e34-82f6-cc3a7f954247@group-AAC7C0471365: ConfigurationManager, init=-1: [370ef436-e033-42aa-a9de-e846a346aa8c|rpc:172.17.0.2:41417|priority:1, e351f40b-7d1e-4f0b-9ad9-d74fe5b38461|rpc:172.17.0.2:46021|priority:0, 18d1b3e1-cb4e-4e34-82f6-cc3a7f954247|rpc:172.17.0.2:46575|priority:0], old=null, confs=<EMPTY_MAP>
2021-04-29 10:57:21,259 [pool-47-thread-1] INFO  server.RaftServerConfigKeys (ConfUtils.java:logGet(44)) - raft.server.storage.dir = [/github/workspace/mnt/ozone/hadoop-ozone/integration-test/target/test-dir/MiniOzoneClusterImpl-2726c7ec-cf5f-4d18-8e0d-a0ed93d2ecae/datanode-0/data/ratis] (custom)
2021-04-29 10:57:21,259 [pool-47-thread-1] INFO  server.RaftServerConfigKeys (ConfUtils.java:logGet(44)) - raft.server.log.corruption.policy = EXCEPTION (default)
2021-04-29 10:57:21,259 [pool-47-thread-1] INFO  storage.RaftStorageDirectory (RaftStorageDirectoryImpl.java:analyzeStorage(132)) - The storage directory /github/workspace/mnt/ozone/hadoop-ozone/integration-test/target/test-dir/MiniOzoneClusterImpl-2726c7ec-cf5f-4d18-8e0d-a0ed93d2ecae/datanode-0/data/ratis/d41d1735-2b4e-48ce-b160-aac7c0471365 does not exist. Creating ...
2021-04-29 10:57:21,261 [pool-47-thread-1] INFO  storage.RaftStorageDirectory (RaftStorageDirectoryImpl.java:tryLock(215)) - Lock on /github/workspace/mnt/ozone/hadoop-ozone/integration-test/target/test-dir/MiniOzoneClusterImpl-2726c7ec-cf5f-4d18-8e0d-a0ed93d2ecae/datanode-0/data/ratis/d41d1735-2b4e-48ce-b160-aac7c0471365/in_use.lock acquired by nodename 12126@8023de4eb765
2021-04-29 10:57:21,264 [pool-47-thread-1] INFO  storage.RaftStorage (RaftStorageImpl.java:format(87)) - Storage directory /github/workspace/mnt/ozone/hadoop-ozone/integration-test/target/test-dir/MiniOzoneClusterImpl-2726c7ec-cf5f-4d18-8e0d-a0ed93d2ecae/datanode-0/data/ratis/d41d1735-2b4e-48ce-b160-aac7c0471365 has been successfully formatted.
2021-04-29 10:57:21,265 [pool-47-thread-1] INFO  ratis.ContainerStateMachine (ContainerStateMachine.java:loadSnapshot(224)) - group-AAC7C0471365: The snapshot info is null. Setting the last applied indexto:(t:0, i:~)
2021-04-29 10:57:21,265 [pool-47-thread-1] INFO  server.RaftServerConfigKeys (ConfUtils.java:logGet(44)) - raft.server.notification.no-leader.timeout = 300000ms (custom)
2021-04-29 10:57:21,265 [pool-47-thread-1] INFO  server.RaftServerConfigKeys (ConfUtils.java:logGet(44)) - raft.server.log.use.memory = false (default)
2021-04-29 10:57:21,265 [pool-47-thread-1] INFO  server.RaftServerConfigKeys (ConfUtils.java:logGet(44)) - raft.server.log.purge.gap = 1000000 (custom)
2021-04-29 10:57:21,265 [pool-47-thread-1] INFO  server.RaftServerConfigKeys (ConfUtils.java:logGet(44)) - raft.server.log.appender.buffer.byte-limit = 33554432 (custom)
2021-04-29 10:57:21,265 [pool-47-thread-1] INFO  metrics.RatisMetrics (RatisMetrics.java:lambda$create$0(36)) - Creating Metrics Registry : ratis.log_worker.18d1b3e1-cb4e-4e34-82f6-cc3a7f954247@group-AAC7C0471365
2021-04-29 10:57:21,266 [pool-47-thread-1] INFO  server.RaftServerConfigKeys (ConfUtils.java:logGet(44)) - raft.server.log.segment.size.max = 1048576 (custom)
2021-04-29 10:57:21,268 [EventQueue-OpenPipelineForHealthyPipelineSafeModeRule] INFO  safemode.SCMSafeModeManager (HealthyPipelineSafeModeRule.java:process(130)) - SCM in safe mode. Healthy pipelines reported count is 0, required healthy pipeline reported count is 1
2021-04-29 10:57:21,268 [EventQueue-PipelineReportForOneReplicaPipelineSafeModeRule] INFO  safemode.SCMSafeModeManager (SCMSafeModeManager.java:validateSafeModeExitRules(201)) - AtleastOneDatanodeReportedRule rule is successfully validated
2021-04-29 10:57:21,269 [pool-47-thread-1] INFO  server.RaftServerConfigKeys (ConfUtils.java:logGet(44)) - raft.server.log.segment.cache.num.max = 2 (custom)
2021-04-29 10:57:21,269 [pool-47-thread-1] INFO  server.RaftServerConfigKeys (ConfUtils.java:logGet(44)) - raft.server.log.segment.cache.size.max = 200MB (=209715200) (default)
2021-04-29 10:57:21,269 [pool-47-thread-1] INFO  segmented.SegmentedRaftLogWorker (SegmentedRaftLogWorker.java:<init>(182)) - new 18d1b3e1-cb4e-4e34-82f6-cc3a7f954247@group-AAC7C0471365-SegmentedRaftLogWorker for RaftStorageImpl:Storage Directory /github/workspace/mnt/ozone/hadoop-ozone/integration-test/target/test-dir/MiniOzoneClusterImpl-2726c7ec-cf5f-4d18-8e0d-a0ed93d2ecae/datanode-0/data/ratis/d41d1735-2b4e-48ce-b160-aac7c0471365
2021-04-29 10:57:21,269 [pool-47-thread-1] INFO  server.RaftServerConfigKeys (ConfUtils.java:logGet(44)) - raft.server.log.queue.byte-limit = 2147483647 (custom)
2021-04-29 10:57:21,269 [pool-47-thread-1] INFO  server.RaftServerConfigKeys (ConfUtils.java:logGet(44)) - raft.server.log.queue.element-limit = 1024 (custom)
2021-04-29 10:57:21,269 [pool-47-thread-1] INFO  server.RaftServerConfigKeys (ConfUtils.java:logGet(44)) - raft.server.log.segment.size.max = 1048576 (custom)
2021-04-29 10:57:21,269 [pool-47-thread-1] INFO  server.RaftServerConfigKeys (ConfUtils.java:logGet(44)) - raft.server.log.preallocated.size = 16384 (custom)
2021-04-29 10:57:21,269 [pool-47-thread-1] INFO  server.RaftServerConfigKeys (ConfUtils.java:logGet(44)) - raft.server.log.force.sync.num = 128 (default)
2021-04-29 10:57:21,269 [pool-47-thread-1] INFO  server.RaftServerConfigKeys (ConfUtils.java:logGet(44)) - raft.server.log.statemachine.data.sync = true (default)
2021-04-29 10:57:21,270 [pool-47-thread-1] INFO  server.RaftServerConfigKeys (ConfUtils.java:logGet(44)) - raft.server.log.statemachine.data.sync.timeout = 10s (default)
2021-04-29 10:57:21,270 [pool-47-thread-1] INFO  server.RaftServerConfigKeys (ConfUtils.java:logGet(44)) - raft.server.log.statemachine.data.sync.timeout.retry = -1 (default)
2021-04-29 10:57:21,273 [pool-47-thread-1] INFO  server.RaftServerConfigKeys (ConfUtils.java:logGet(44)) - raft.server.log.write.buffer.size = 1048576 (custom)
2021-04-29 10:57:21,273 [pool-47-thread-1] INFO  server.RaftServerConfigKeys (ConfUtils.java:logGet(44)) - raft.server.log.statemachine.data.caching.enabled = true (custom)
2021-04-29 10:57:21,274 [pool-47-thread-1] INFO  segmented.SegmentedRaftLogWorker (SegmentedRaftLogWorker.java:lambda$new$0(133)) - 18d1b3e1-cb4e-4e34-82f6-cc3a7f954247@group-AAC7C0471365-SegmentedRaftLogWorker: flushIndex: setUnconditionally 0 -> -1
2021-04-29 10:57:21,274 [pool-47-thread-1] INFO  segmented.SegmentedRaftLogWorker (SegmentedRaftLogWorker.java:lambda$new$0(133)) - 18d1b3e1-cb4e-4e34-82f6-cc3a7f954247@group-AAC7C0471365-SegmentedRaftLogWorker: safeCacheEvictIndex: setUnconditionally 0 -> -1
2021-04-29 10:57:21,274 [pool-47-thread-1] INFO  server.RaftServerConfigKeys (ConfUtils.java:logGet(44)) - raft.server.snapshot.auto.trigger.enabled = true (custom)
2021-04-29 10:57:21,274 [pool-47-thread-1] INFO  server.RaftServerConfigKeys (ConfUtils.java:logGet(44)) - raft.server.snapshot.auto.trigger.threshold = 10000 (custom)
2021-04-29 10:57:21,274 [pool-47-thread-1] INFO  server.RaftServerConfigKeys (ConfUtils.java:logGet(44)) - raft.server.snapshot.retention.file.num = 5 (custom)
2021-04-29 10:57:21,275 [pool-47-thread-1] INFO  server.RaftServerConfigKeys (ConfUtils.java:logGet(44)) - raft.server.log.purge.upto.snapshot.index = false (default)
2021-04-29 10:57:21,275 [pool-47-thread-1] INFO  server.RaftServerConfigKeys (ConfUtils.java:logGet(44)) - raft.server.retrycache.expirytime = 600000ms (custom)
2021-04-29 10:57:21,275 [pool-47-thread-1] INFO  server.RaftServerConfigKeys (ConfUtils.java:logGet(44)) - raft.server.retrycache.statistics.expirytime = 100?s (default)
2021-04-29 10:57:21,275 [pool-47-thread-1] INFO  metrics.RatisMetrics (RatisMetrics.java:lambda$create$0(36)) - Creating Metrics Registry : ratis.leader_election.18d1b3e1-cb4e-4e34-82f6-cc3a7f954247@group-AAC7C0471365
2021-04-29 10:57:21,276 [pool-47-thread-1] INFO  metrics.RatisMetrics (RatisMetrics.java:lambda$create$0(36)) - Creating Metrics Registry : ratis.server.18d1b3e1-cb4e-4e34-82f6-cc3a7f954247@group-AAC7C0471365
2021-04-29 10:57:21,278 [pool-47-thread-1] INFO  server.RaftServer$Division (RaftServerImpl.java:start(295)) - 18d1b3e1-cb4e-4e34-82f6-cc3a7f954247@group-AAC7C0471365: start as a follower, conf=-1: [370ef436-e033-42aa-a9de-e846a346aa8c|rpc:172.17.0.2:41417|priority:1, e351f40b-7d1e-4f0b-9ad9-d74fe5b38461|rpc:172.17.0.2:46021|priority:0, 18d1b3e1-cb4e-4e34-82f6-cc3a7f954247|rpc:172.17.0.2:46575|priority:0], old=null
2021-04-29 10:57:21,278 [pool-47-thread-1] INFO  server.RaftServer$Division (RaftServerImpl.java:setRole(284)) - 18d1b3e1-cb4e-4e34-82f6-cc3a7f954247@group-AAC7C0471365: changes role from      null to FOLLOWER at term 0 for startAsFollower
2021-04-29 10:57:21,279 [pool-47-thread-1] INFO  impl.RoleInfo (RoleInfo.java:updateAndGet(130)) - 18d1b3e1-cb4e-4e34-82f6-cc3a7f954247: start 18d1b3e1-cb4e-4e34-82f6-cc3a7f954247@group-AAC7C0471365-FollowerState
2021-04-29 10:57:21,286 [pool-47-thread-1] INFO  util.JmxRegister (JmxRegister.java:tryRegister(44)) - Successfully registered JMX Bean with object name Ratis:service=RaftServer,group=group-AAC7C0471365,id=18d1b3e1-cb4e-4e34-82f6-cc3a7f954247
2021-04-29 10:57:21,287 [pool-47-thread-1] INFO  metrics.RatisMetrics (RatisMetrics.java:lambda$create$0(36)) - Creating Metrics Registry : ratis.state_machine.18d1b3e1-cb4e-4e34-82f6-cc3a7f954247@group-AAC7C0471365
2021-04-29 10:57:21,288 [Command processor thread] INFO  ratis.XceiverServerRatis (XceiverServerRatis.java:addGroup(808)) - Created group PipelineID=d41d1735-2b4e-48ce-b160-aac7c0471365
2021-04-29 10:57:21,323 [Command processor thread] INFO  metrics.RatisMetrics (RatisMetrics.java:lambda$create$0(36)) - Creating Metrics Registry : ratis.client_message_metrics.client-1186218694CF->e351f40b-7d1e-4f0b-9ad9-d74fe5b38461
2021-04-29 10:57:21,593 [Listener at 127.0.0.1/42781] INFO  ozone.MiniOzoneClusterImpl (MiniOzoneClusterImpl.java:lambda$waitForClusterToBeReady$0(224)) - Nodes are ready. Got 9 of 9 DN Heartbeats.
2021-04-29 10:57:21,593 [Listener at 127.0.0.1/42781] INFO  ozone.MiniOzoneClusterImpl (MiniOzoneClusterImpl.java:lambda$waitForClusterToBeReady$0(227)) - Waiting for cluster to exit safe mode
2021-04-29 10:57:21,593 [Listener at 127.0.0.1/42781] INFO  ozone.MiniOzoneClusterImpl (MiniOzoneClusterImpl.java:lambda$waitForClusterToBeReady$0(230)) - SCM became leader
2021-04-29 10:57:21,608 [Command processor thread] INFO  server.RaftServer (RaftServerProxy.java:addNew(95)) - e351f40b-7d1e-4f0b-9ad9-d74fe5b38461: addNew group-F77B779747D8:[e351f40b-7d1e-4f0b-9ad9-d74fe5b38461|rpc:172.17.0.2:46021|priority:1] returns group-F77B779747D8:java.util.concurrent.CompletableFuture@57e3a6de[Not completed]
2021-04-29 10:57:21,732 [pool-64-thread-1] INFO  server.RaftServer$Division (RaftServerImpl.java:<init>(180)) - e351f40b-7d1e-4f0b-9ad9-d74fe5b38461: new RaftServerImpl for group-F77B779747D8:[e351f40b-7d1e-4f0b-9ad9-d74fe5b38461|rpc:172.17.0.2:46021|priority:1] with ContainerStateMachine:uninitialized
2021-04-29 10:57:21,733 [pool-64-thread-1] INFO  server.RaftServerConfigKeys (ConfUtils.java:logGet(44)) - raft.server.rpc.timeout.min = 5s (custom)
2021-04-29 10:57:21,733 [pool-64-thread-1] INFO  server.RaftServerConfigKeys (ConfUtils.java:logGet(44)) - raft.server.rpc.timeout.max = 5200ms (custom)
2021-04-29 10:57:21,733 [pool-64-thread-1] INFO  server.RaftServerConfigKeys (ConfUtils.java:logGet(44)) - raft.server.rpc.sleep.time = 25ms (default)
2021-04-29 10:57:21,733 [pool-64-thread-1] INFO  server.RaftServerConfigKeys (ConfUtils.java:logGet(44)) - raft.server.rpc.slowness.timeout = 300000ms (custom)
2021-04-29 10:57:21,733 [pool-64-thread-1] INFO  server.RaftServerConfigKeys (ConfUtils.java:logGet(44)) - raft.server.leaderelection.leader.step-down.wait-time = 10s (default)
2021-04-29 10:57:21,733 [pool-64-thread-1] INFO  server.RaftServerConfigKeys (ConfUtils.java:logGet(44)) - raft.server.sleep.deviation.threshold = 300ms (default)
2021-04-29 10:57:21,733 [pool-64-thread-1] INFO  server.RaftServerConfigKeys (ConfUtils.java:logGet(44)) - raft.server.log.appender.install.snapshot.enabled = false (custom)
2021-04-29 10:57:21,733 [pool-64-thread-1] INFO  server.RaftServer$Division (ServerState.java:<init>(105)) - e351f40b-7d1e-4f0b-9ad9-d74fe5b38461@group-F77B779747D8: ConfigurationManager, init=-1: [e351f40b-7d1e-4f0b-9ad9-d74fe5b38461|rpc:172.17.0.2:46021|priority:1], old=null, confs=<EMPTY_MAP>
2021-04-29 10:57:21,733 [pool-64-thread-1] INFO  server.RaftServerConfigKeys (ConfUtils.java:logGet(44)) - raft.server.storage.dir = [/github/workspace/mnt/ozone/hadoop-ozone/integration-test/target/test-dir/MiniOzoneClusterImpl-2726c7ec-cf5f-4d18-8e0d-a0ed93d2ecae/datanode-1/data/ratis] (custom)
2021-04-29 10:57:21,733 [pool-64-thread-1] INFO  server.RaftServerConfigKeys (ConfUtils.java:logGet(44)) - raft.server.log.corruption.policy = EXCEPTION (default)
2021-04-29 10:57:21,734 [pool-64-thread-1] INFO  storage.RaftStorageDirectory (RaftStorageDirectoryImpl.java:analyzeStorage(132)) - The storage directory /github/workspace/mnt/ozone/hadoop-ozone/integration-test/target/test-dir/MiniOzoneClusterImpl-2726c7ec-cf5f-4d18-8e0d-a0ed93d2ecae/datanode-1/data/ratis/e7bc8147-8fb0-4de6-9c1a-f77b779747d8 does not exist. Creating ...
2021-04-29 10:57:21,735 [pool-64-thread-1] INFO  storage.RaftStorageDirectory (RaftStorageDirectoryImpl.java:tryLock(215)) - Lock on /github/workspace/mnt/ozone/hadoop-ozone/integration-test/target/test-dir/MiniOzoneClusterImpl-2726c7ec-cf5f-4d18-8e0d-a0ed93d2ecae/datanode-1/data/ratis/e7bc8147-8fb0-4de6-9c1a-f77b779747d8/in_use.lock acquired by nodename 12126@8023de4eb765
2021-04-29 10:57:21,742 [pool-64-thread-1] INFO  storage.RaftStorage (RaftStorageImpl.java:format(87)) - Storage directory /github/workspace/mnt/ozone/hadoop-ozone/integration-test/target/test-dir/MiniOzoneClusterImpl-2726c7ec-cf5f-4d18-8e0d-a0ed93d2ecae/datanode-1/data/ratis/e7bc8147-8fb0-4de6-9c1a-f77b779747d8 has been successfully formatted.
2021-04-29 10:57:21,746 [EventQueue-PipelineReportForPipelineReportHandler] INFO  pipeline.PipelineManagerV2Impl (PipelineManagerV2Impl.java:openPipeline(270)) - Pipeline Pipeline[ Id: e7bc8147-8fb0-4de6-9c1a-f77b779747d8, Nodes: e351f40b-7d1e-4f0b-9ad9-d74fe5b38461{ip: 172.17.0.2, host: 8023de4eb765, ports: [REPLICATION=41935, RATIS=46021, RATIS_ADMIN=46021, RATIS_SERVER=46021, STANDALONE=34779], networkLocation: /default-rack, certSerialId: null, persistedOpState: IN_SERVICE, persistedOpStateExpiryEpochSec: 0}, ReplicationConfig: RATIS/ONE, State:ALLOCATED, leaderId:e351f40b-7d1e-4f0b-9ad9-d74fe5b38461, CreationTimestamp2021-04-29T10:57:18.612Z] moved to OPEN state
2021-04-29 10:57:21,746 [EventQueue-PipelineReportForOneReplicaPipelineSafeModeRule] INFO  safemode.SCMSafeModeManager (SCMSafeModeManager.java:validateSafeModeExitRules(201)) - AtleastOneDatanodeReportedRule rule is successfully validated
2021-04-29 10:57:21,742 [pool-64-thread-1] INFO  ratis.ContainerStateMachine (ContainerStateMachine.java:loadSnapshot(224)) - group-F77B779747D8: The snapshot info is null. Setting the last applied indexto:(t:0, i:~)
2021-04-29 10:57:21,755 [pool-64-thread-1] INFO  server.RaftServerConfigKeys (ConfUtils.java:logGet(44)) - raft.server.notification.no-leader.timeout = 300000ms (custom)
2021-04-29 10:57:21,755 [pool-64-thread-1] INFO  server.RaftServerConfigKeys (ConfUtils.java:logGet(44)) - raft.server.log.use.memory = false (default)
2021-04-29 10:57:21,755 [pool-64-thread-1] INFO  server.RaftServerConfigKeys (ConfUtils.java:logGet(44)) - raft.server.log.purge.gap = 1000000 (custom)
2021-04-29 10:57:21,755 [pool-64-thread-1] INFO  server.RaftServerConfigKeys (ConfUtils.java:logGet(44)) - raft.server.log.appender.buffer.byte-limit = 33554432 (custom)
2021-04-29 10:57:21,755 [pool-64-thread-1] INFO  metrics.RatisMetrics (RatisMetrics.java:lambda$create$0(36)) - Creating Metrics Registry : ratis.log_worker.e351f40b-7d1e-4f0b-9ad9-d74fe5b38461@group-F77B779747D8
2021-04-29 10:57:21,755 [pool-64-thread-1] INFO  server.RaftServerConfigKeys (ConfUtils.java:logGet(44)) - raft.server.log.segment.size.max = 1048576 (custom)
2021-04-29 10:57:21,757 [EventQueue-OpenPipelineForHealthyPipelineSafeModeRule] INFO  safemode.SCMSafeModeManager (HealthyPipelineSafeModeRule.java:process(130)) - SCM in safe mode. Healthy pipelines reported count is 0, required healthy pipeline reported count is 1
2021-04-29 10:57:21,757 [pool-64-thread-1] INFO  server.RaftServerConfigKeys (ConfUtils.java:logGet(44)) - raft.server.log.segment.cache.num.max = 2 (custom)
2021-04-29 10:57:21,758 [pool-64-thread-1] INFO  server.RaftServerConfigKeys (ConfUtils.java:logGet(44)) - raft.server.log.segment.cache.size.max = 200MB (=209715200) (default)
2021-04-29 10:57:21,758 [pool-64-thread-1] INFO  segmented.SegmentedRaftLogWorker (SegmentedRaftLogWorker.java:<init>(182)) - new e351f40b-7d1e-4f0b-9ad9-d74fe5b38461@group-F77B779747D8-SegmentedRaftLogWorker for RaftStorageImpl:Storage Directory /github/workspace/mnt/ozone/hadoop-ozone/integration-test/target/test-dir/MiniOzoneClusterImpl-2726c7ec-cf5f-4d18-8e0d-a0ed93d2ecae/datanode-1/data/ratis/e7bc8147-8fb0-4de6-9c1a-f77b779747d8
2021-04-29 10:57:21,758 [pool-64-thread-1] INFO  server.RaftServerConfigKeys (ConfUtils.java:logGet(44)) - raft.server.log.queue.byte-limit = 2147483647 (custom)
2021-04-29 10:57:21,758 [pool-64-thread-1] INFO  server.RaftServerConfigKeys (ConfUtils.java:logGet(44)) - raft.server.log.queue.element-limit = 1024 (custom)
2021-04-29 10:57:21,758 [pool-64-thread-1] INFO  server.RaftServerConfigKeys (ConfUtils.java:logGet(44)) - raft.server.log.segment.size.max = 1048576 (custom)
2021-04-29 10:57:21,758 [pool-64-thread-1] INFO  server.RaftServerConfigKeys (ConfUtils.java:logGet(44)) - raft.server.log.preallocated.size = 16384 (custom)
2021-04-29 10:57:21,759 [pool-64-thread-1] INFO  server.RaftServerConfigKeys (ConfUtils.java:logGet(44)) - raft.server.log.force.sync.num = 128 (default)
2021-04-29 10:57:21,759 [pool-64-thread-1] INFO  server.RaftServerConfigKeys (ConfUtils.java:logGet(44)) - raft.server.log.statemachine.data.sync = true (default)
2021-04-29 10:57:21,759 [pool-64-thread-1] INFO  server.RaftServerConfigKeys (ConfUtils.java:logGet(44)) - raft.server.log.statemachine.data.sync.timeout = 10s (default)
2021-04-29 10:57:21,759 [pool-64-thread-1] INFO  server.RaftServerConfigKeys (ConfUtils.java:logGet(44)) - raft.server.log.statemachine.data.sync.timeout.retry = -1 (default)
2021-04-29 10:57:21,764 [pool-64-thread-1] INFO  server.RaftServerConfigKeys (ConfUtils.java:logGet(44)) - raft.server.log.write.buffer.size = 1048576 (custom)
2021-04-29 10:57:21,770 [pool-64-thread-1] INFO  server.RaftServerConfigKeys (ConfUtils.java:logGet(44)) - raft.server.log.statemachine.data.caching.enabled = true (custom)
2021-04-29 10:57:21,771 [grpc-default-executor-0] INFO  metrics.RatisMetrics (RatisMetrics.java:lambda$create$0(36)) - Creating Metrics Registry : ratis.server_message_metrics.e351f40b-7d1e-4f0b-9ad9-d74fe5b38461
2021-04-29 10:57:21,784 [pool-64-thread-1] INFO  segmented.SegmentedRaftLogWorker (SegmentedRaftLogWorker.java:lambda$new$0(133)) - e351f40b-7d1e-4f0b-9ad9-d74fe5b38461@group-F77B779747D8-SegmentedRaftLogWorker: flushIndex: setUnconditionally 0 -> -1
2021-04-29 10:57:21,784 [pool-64-thread-1] INFO  segmented.SegmentedRaftLogWorker (SegmentedRaftLogWorker.java:lambda$new$0(133)) - e351f40b-7d1e-4f0b-9ad9-d74fe5b38461@group-F77B779747D8-SegmentedRaftLogWorker: safeCacheEvictIndex: setUnconditionally 0 -> -1
2021-04-29 10:57:21,785 [pool-64-thread-1] INFO  server.RaftServerConfigKeys (ConfUtils.java:logGet(44)) - raft.server.snapshot.auto.trigger.enabled = true (custom)
2021-04-29 10:57:21,785 [pool-64-thread-1] INFO  server.RaftServerConfigKeys (ConfUtils.java:logGet(44)) - raft.server.snapshot.auto.trigger.threshold = 10000 (custom)
2021-04-29 10:57:21,785 [pool-64-thread-1] INFO  server.RaftServerConfigKeys (ConfUtils.java:logGet(44)) - raft.server.snapshot.retention.file.num = 5 (custom)
2021-04-29 10:57:21,785 [pool-64-thread-1] INFO  server.RaftServerConfigKeys (ConfUtils.java:logGet(44)) - raft.server.log.purge.upto.snapshot.index = false (default)
2021-04-29 10:57:21,786 [pool-64-thread-1] INFO  server.RaftServerConfigKeys (ConfUtils.java:logGet(44)) - raft.server.retrycache.expirytime = 600000ms (custom)
2021-04-29 10:57:21,786 [pool-64-thread-1] INFO  server.RaftServerConfigKeys (ConfUtils.java:logGet(44)) - raft.server.retrycache.statistics.expirytime = 100?s (default)
2021-04-29 10:57:21,786 [pool-64-thread-1] INFO  metrics.RatisMetrics (RatisMetrics.java:lambda$create$0(36)) - Creating Metrics Registry : ratis.leader_election.e351f40b-7d1e-4f0b-9ad9-d74fe5b38461@group-F77B779747D8
2021-04-29 10:57:21,787 [pool-64-thread-1] INFO  metrics.RatisMetrics (RatisMetrics.java:lambda$create$0(36)) - Creating Metrics Registry : ratis.server.e351f40b-7d1e-4f0b-9ad9-d74fe5b38461@group-F77B779747D8
2021-04-29 10:57:21,792 [pool-64-thread-1] INFO  server.RaftServer$Division (RaftServerImpl.java:start(295)) - e351f40b-7d1e-4f0b-9ad9-d74fe5b38461@group-F77B779747D8: start as a follower, conf=-1: [e351f40b-7d1e-4f0b-9ad9-d74fe5b38461|rpc:172.17.0.2:46021|priority:1], old=null
2021-04-29 10:57:21,799 [pool-64-thread-1] INFO  server.RaftServer$Division (RaftServerImpl.java:setRole(284)) - e351f40b-7d1e-4f0b-9ad9-d74fe5b38461@group-F77B779747D8: changes role from      null to FOLLOWER at term 0 for startAsFollower
2021-04-29 10:57:21,799 [pool-64-thread-1] INFO  impl.RoleInfo (RoleInfo.java:updateAndGet(130)) - e351f40b-7d1e-4f0b-9ad9-d74fe5b38461: start e351f40b-7d1e-4f0b-9ad9-d74fe5b38461@group-F77B779747D8-FollowerState
2021-04-29 10:57:21,802 [grpc-default-executor-0] INFO  server.RaftServer (RaftServerProxy.java:addNew(95)) - e351f40b-7d1e-4f0b-9ad9-d74fe5b38461: addNew group-AAC7C0471365:[370ef436-e033-42aa-a9de-e846a346aa8c|rpc:172.17.0.2:41417|dataStream:|priority:1, e351f40b-7d1e-4f0b-9ad9-d74fe5b38461|rpc:172.17.0.2:46021|dataStream:|priority:0, 18d1b3e1-cb4e-4e34-82f6-cc3a7f954247|rpc:172.17.0.2:46575|dataStream:|priority:0] returns group-AAC7C0471365:java.util.concurrent.CompletableFuture@38a4bafc[Not completed]
2021-04-29 10:57:21,806 [pool-64-thread-1] INFO  util.JmxRegister (JmxRegister.java:tryRegister(44)) - Successfully registered JMX Bean with object name Ratis:service=RaftServer,group=group-F77B779747D8,id=e351f40b-7d1e-4f0b-9ad9-d74fe5b38461
2021-04-29 10:57:21,806 [pool-64-thread-1] INFO  metrics.RatisMetrics (RatisMetrics.java:lambda$create$0(36)) - Creating Metrics Registry : ratis.state_machine.e351f40b-7d1e-4f0b-9ad9-d74fe5b38461@group-F77B779747D8
2021-04-29 10:57:21,809 [Command processor thread] INFO  ratis.XceiverServerRatis (XceiverServerRatis.java:addGroup(808)) - Created group PipelineID=e7bc8147-8fb0-4de6-9c1a-f77b779747d8
2021-04-29 10:57:21,811 [pool-64-thread-1] INFO  server.RaftServer$Division (RaftServerImpl.java:<init>(180)) - e351f40b-7d1e-4f0b-9ad9-d74fe5b38461: new RaftServerImpl for group-AAC7C0471365:[370ef436-e033-42aa-a9de-e846a346aa8c|rpc:172.17.0.2:41417|dataStream:|priority:1, e351f40b-7d1e-4f0b-9ad9-d74fe5b38461|rpc:172.17.0.2:46021|dataStream:|priority:0, 18d1b3e1-cb4e-4e34-82f6-cc3a7f954247|rpc:172.17.0.2:46575|dataStream:|priority:0] with ContainerStateMachine:uninitialized
2021-04-29 10:57:21,811 [pool-64-thread-1] INFO  server.RaftServerConfigKeys (ConfUtils.java:logGet(44)) - raft.server.rpc.timeout.min = 5s (custom)
2021-04-29 10:57:21,811 [pool-64-thread-1] INFO  server.RaftServerConfigKeys (ConfUtils.java:logGet(44)) - raft.server.rpc.timeout.max = 5200ms (custom)
2021-04-29 10:57:21,811 [pool-64-thread-1] INFO  server.RaftServerConfigKeys (ConfUtils.java:logGet(44)) - raft.server.rpc.sleep.time = 25ms (default)
2021-04-29 10:57:21,811 [pool-64-thread-1] INFO  server.RaftServerConfigKeys (ConfUtils.java:logGet(44)) - raft.server.rpc.slowness.timeout = 300000ms (custom)
2021-04-29 10:57:21,811 [pool-64-thread-1] INFO  server.RaftServerConfigKeys (ConfUtils.java:logGet(44)) - raft.server.leaderelection.leader.step-down.wait-time = 10s (default)
2021-04-29 10:57:21,811 [pool-64-thread-1] INFO  server.RaftServerConfigKeys (ConfUtils.java:logGet(44)) - raft.server.sleep.deviation.threshold = 300ms (default)
2021-04-29 10:57:21,811 [pool-64-thread-1] INFO  server.RaftServerConfigKeys (ConfUtils.java:logGet(44)) - raft.server.log.appender.install.snapshot.enabled = false (custom)
2021-04-29 10:57:21,811 [pool-64-thread-1] INFO  server.RaftServer$Division (ServerState.java:<init>(105)) - e351f40b-7d1e-4f0b-9ad9-d74fe5b38461@group-AAC7C0471365: ConfigurationManager, init=-1: [370ef436-e033-42aa-a9de-e846a346aa8c|rpc:172.17.0.2:41417|dataStream:|priority:1, e351f40b-7d1e-4f0b-9ad9-d74fe5b38461|rpc:172.17.0.2:46021|dataStream:|priority:0, 18d1b3e1-cb4e-4e34-82f6-cc3a7f954247|rpc:172.17.0.2:46575|dataStream:|priority:0], old=null, confs=<EMPTY_MAP>
2021-04-29 10:57:21,811 [pool-64-thread-1] INFO  server.RaftServerConfigKeys (ConfUtils.java:logGet(44)) - raft.server.storage.dir = [/github/workspace/mnt/ozone/hadoop-ozone/integration-test/target/test-dir/MiniOzoneClusterImpl-2726c7ec-cf5f-4d18-8e0d-a0ed93d2ecae/datanode-1/data/ratis] (custom)
2021-04-29 10:57:21,812 [pool-64-thread-1] INFO  server.RaftServerConfigKeys (ConfUtils.java:logGet(44)) - raft.server.log.corruption.policy = EXCEPTION (default)
2021-04-29 10:57:21,812 [pool-64-thread-1] INFO  storage.RaftStorageDirectory (RaftStorageDirectoryImpl.java:analyzeStorage(132)) - The storage directory /github/workspace/mnt/ozone/hadoop-ozone/integration-test/target/test-dir/MiniOzoneClusterImpl-2726c7ec-cf5f-4d18-8e0d-a0ed93d2ecae/datanode-1/data/ratis/d41d1735-2b4e-48ce-b160-aac7c0471365 does not exist. Creating ...
2021-04-29 10:57:21,810 [Command processor thread] INFO  commandhandler.CreatePipelineCommandHandler (CreatePipelineCommandHandler.java:handle(106)) - Created Pipeline RATIS ONE PipelineID=e7bc8147-8fb0-4de6-9c1a-f77b779747d8.
2021-04-29 10:57:21,822 [Command processor thread] ERROR commandhandler.CreatePipelineCommandHandler (CreatePipelineCommandHandler.java:handle(111)) - Can't create pipeline RATIS THREE PipelineID=d41d1735-2b4e-48ce-b160-aac7c0471365
java.io.IOException: e351f40b-7d1e-4f0b-9ad9-d74fe5b38461: Failed to add group-AAC7C0471365:[370ef436-e033-42aa-a9de-e846a346aa8c|rpc:172.17.0.2:41417|priority:1, e351f40b-7d1e-4f0b-9ad9-d74fe5b38461|rpc:172.17.0.2:46021|priority:0, 18d1b3e1-cb4e-4e34-82f6-cc3a7f954247|rpc:172.17.0.2:46575|priority:0] since the group already exists in the map.
	at org.apache.hadoop.ozone.container.common.transport.server.ratis.XceiverServerRatis.addGroup(XceiverServerRatis.java:805)
	at org.apache.hadoop.ozone.container.common.statemachine.commandhandler.CreatePipelineCommandHandler.handle(CreatePipelineCommandHandler.java:92)
	at org.apache.hadoop.ozone.container.common.statemachine.commandhandler.CommandDispatcher.handle(CommandDispatcher.java:99)
	at org.apache.hadoop.ozone.container.common.statemachine.DatanodeStateMachine.lambda$initCommandHandlerThread$2(DatanodeStateMachine.java:506)
	at java.lang.Thread.run(Thread.java:748)
Caused by: org.apache.ratis.protocol.exceptions.AlreadyExistsException: e351f40b-7d1e-4f0b-9ad9-d74fe5b38461: Failed to add group-AAC7C0471365:[370ef436-e033-42aa-a9de-e846a346aa8c|rpc:172.17.0.2:41417|priority:1, e351f40b-7d1e-4f0b-9ad9-d74fe5b38461|rpc:172.17.0.2:46021|priority:0, 18d1b3e1-cb4e-4e34-82f6-cc3a7f954247|rpc:172.17.0.2:46575|priority:0] since the group already exists in the map.
	at org.apache.ratis.server.impl.RaftServerProxy$ImplMap.addNew(RaftServerProxy.java:89)
	at org.apache.ratis.server.impl.RaftServerProxy.groupAddAsync(RaftServerProxy.java:472)
	at org.apache.ratis.server.impl.RaftServerProxy.groupManagementAsync(RaftServerProxy.java:456)
	at org.apache.ratis.server.impl.RaftServerProxy.groupManagement(RaftServerProxy.java:440)
	at org.apache.hadoop.ozone.container.common.transport.server.ratis.XceiverServerRatis.addGroup(XceiverServerRatis.java:803)
	... 4 more
2021-04-29 10:57:21,820 [pool-64-thread-1] INFO  storage.RaftStorageDirectory (RaftStorageDirectoryImpl.java:tryLock(215)) - Lock on /github/workspace/mnt/ozone/hadoop-ozone/integration-test/target/test-dir/MiniOzoneClusterImpl-2726c7ec-cf5f-4d18-8e0d-a0ed93d2ecae/datanode-1/data/ratis/d41d1735-2b4e-48ce-b160-aac7c0471365/in_use.lock acquired by nodename 12126@8023de4eb765
2021-04-29 10:57:21,824 [pool-64-thread-1] INFO  storage.RaftStorage (RaftStorageImpl.java:format(87)) - Storage directory /github/workspace/mnt/ozone/hadoop-ozone/integration-test/target/test-dir/MiniOzoneClusterImpl-2726c7ec-cf5f-4d18-8e0d-a0ed93d2ecae/datanode-1/data/ratis/d41d1735-2b4e-48ce-b160-aac7c0471365 has been successfully formatted.
2021-04-29 10:57:21,825 [pool-64-thread-1] INFO  ratis.ContainerStateMachine (ContainerStateMachine.java:loadSnapshot(224)) - group-AAC7C0471365: The snapshot info is null. Setting the last applied indexto:(t:0, i:~)
2021-04-29 10:57:21,825 [pool-64-thread-1] INFO  server.RaftServerConfigKeys (ConfUtils.java:logGet(44)) - raft.server.notification.no-leader.timeout = 300000ms (custom)
2021-04-29 10:57:21,825 [pool-64-thread-1] INFO  server.RaftServerConfigKeys (ConfUtils.java:logGet(44)) - raft.server.log.use.memory = false (default)
2021-04-29 10:57:21,825 [pool-64-thread-1] INFO  server.RaftServerConfigKeys (ConfUtils.java:logGet(44)) - raft.server.log.purge.gap = 1000000 (custom)
2021-04-29 10:57:21,825 [pool-64-thread-1] INFO  server.RaftServerConfigKeys (ConfUtils.java:logGet(44)) - raft.server.log.appender.buffer.byte-limit = 33554432 (custom)
2021-04-29 10:57:21,826 [pool-64-thread-1] INFO  metrics.RatisMetrics (RatisMetrics.java:lambda$create$0(36)) - Creating Metrics Registry : ratis.log_worker.e351f40b-7d1e-4f0b-9ad9-d74fe5b38461@group-AAC7C0471365
2021-04-29 10:57:21,827 [pool-64-thread-1] INFO  server.RaftServerConfigKeys (ConfUtils.java:logGet(44)) - raft.server.log.segment.size.max = 1048576 (custom)
2021-04-29 10:57:21,827 [EventQueue-OpenPipelineForHealthyPipelineSafeModeRule] INFO  safemode.SCMSafeModeManager (HealthyPipelineSafeModeRule.java:process(130)) - SCM in safe mode. Healthy pipelines reported count is 0, required healthy pipeline reported count is 1
2021-04-29 10:57:21,827 [EventQueue-PipelineReportForOneReplicaPipelineSafeModeRule] INFO  safemode.SCMSafeModeManager (SCMSafeModeManager.java:validateSafeModeExitRules(201)) - AtleastOneDatanodeReportedRule rule is successfully validated
2021-04-29 10:57:21,829 [pool-64-thread-1] INFO  server.RaftServerConfigKeys (ConfUtils.java:logGet(44)) - raft.server.log.segment.cache.num.max = 2 (custom)
2021-04-29 10:57:21,830 [pool-64-thread-1] INFO  server.RaftServerConfigKeys (ConfUtils.java:logGet(44)) - raft.server.log.segment.cache.size.max = 200MB (=209715200) (default)
2021-04-29 10:57:21,830 [pool-64-thread-1] INFO  segmented.SegmentedRaftLogWorker (SegmentedRaftLogWorker.java:<init>(182)) - new e351f40b-7d1e-4f0b-9ad9-d74fe5b38461@group-AAC7C0471365-SegmentedRaftLogWorker for RaftStorageImpl:Storage Directory /github/workspace/mnt/ozone/hadoop-ozone/integration-test/target/test-dir/MiniOzoneClusterImpl-2726c7ec-cf5f-4d18-8e0d-a0ed93d2ecae/datanode-1/data/ratis/d41d1735-2b4e-48ce-b160-aac7c0471365
2021-04-29 10:57:21,830 [pool-64-thread-1] INFO  server.RaftServerConfigKeys (ConfUtils.java:logGet(44)) - raft.server.log.queue.byte-limit = 2147483647 (custom)
2021-04-29 10:57:21,830 [pool-64-thread-1] INFO  server.RaftServerConfigKeys (ConfUtils.java:logGet(44)) - raft.server.log.queue.element-limit = 1024 (custom)
2021-04-29 10:57:21,830 [pool-64-thread-1] INFO  server.RaftServerConfigKeys (ConfUtils.java:logGet(44)) - raft.server.log.segment.size.max = 1048576 (custom)
2021-04-29 10:57:21,830 [pool-64-thread-1] INFO  server.RaftServerConfigKeys (ConfUtils.java:logGet(44)) - raft.server.log.preallocated.size = 16384 (custom)
2021-04-29 10:57:21,830 [pool-64-thread-1] INFO  server.RaftServerConfigKeys (ConfUtils.java:logGet(44)) - raft.server.log.force.sync.num = 128 (default)
2021-04-29 10:57:21,830 [pool-64-thread-1] INFO  server.RaftServerConfigKeys (ConfUtils.java:logGet(44)) - raft.server.log.statemachine.data.sync = true (default)
2021-04-29 10:57:21,831 [pool-64-thread-1] INFO  server.RaftServerConfigKeys (ConfUtils.java:logGet(44)) - raft.server.log.statemachine.data.sync.timeout = 10s (default)
2021-04-29 10:57:21,831 [pool-64-thread-1] INFO  server.RaftServerConfigKeys (ConfUtils.java:logGet(44)) - raft.server.log.statemachine.data.sync.timeout.retry = -1 (default)
2021-04-29 10:57:21,833 [pool-64-thread-1] INFO  server.RaftServerConfigKeys (ConfUtils.java:logGet(44)) - raft.server.log.write.buffer.size = 1048576 (custom)
2021-04-29 10:57:21,833 [pool-64-thread-1] INFO  server.RaftServerConfigKeys (ConfUtils.java:logGet(44)) - raft.server.log.statemachine.data.caching.enabled = true (custom)
2021-04-29 10:57:21,833 [pool-64-thread-1] INFO  segmented.SegmentedRaftLogWorker (SegmentedRaftLogWorker.java:lambda$new$0(133)) - e351f40b-7d1e-4f0b-9ad9-d74fe5b38461@group-AAC7C0471365-SegmentedRaftLogWorker: flushIndex: setUnconditionally 0 -> -1
2021-04-29 10:57:21,833 [pool-64-thread-1] INFO  segmented.SegmentedRaftLogWorker (SegmentedRaftLogWorker.java:lambda$new$0(133)) - e351f40b-7d1e-4f0b-9ad9-d74fe5b38461@group-AAC7C0471365-SegmentedRaftLogWorker: safeCacheEvictIndex: setUnconditionally 0 -> -1
2021-04-29 10:57:21,834 [pool-64-thread-1] INFO  server.RaftServerConfigKeys (ConfUtils.java:logGet(44)) - raft.server.snapshot.auto.trigger.enabled = true (custom)
2021-04-29 10:57:21,834 [pool-64-thread-1] INFO  server.RaftServerConfigKeys (ConfUtils.java:logGet(44)) - raft.server.snapshot.auto.trigger.threshold = 10000 (custom)
2021-04-29 10:57:21,834 [pool-64-thread-1] INFO  server.RaftServerConfigKeys (ConfUtils.java:logGet(44)) - raft.server.snapshot.retention.file.num = 5 (custom)
2021-04-29 10:57:21,834 [pool-64-thread-1] INFO  server.RaftServerConfigKeys (ConfUtils.java:logGet(44)) - raft.server.log.purge.upto.snapshot.index = false (default)
2021-04-29 10:57:21,834 [pool-64-thread-1] INFO  server.RaftServerConfigKeys (ConfUtils.java:logGet(44)) - raft.server.retrycache.expirytime = 600000ms (custom)
2021-04-29 10:57:21,834 [pool-64-thread-1] INFO  server.RaftServerConfigKeys (ConfUtils.java:logGet(44)) - raft.server.retrycache.statistics.expirytime = 100?s (default)
2021-04-29 10:57:21,834 [pool-64-thread-1] INFO  metrics.RatisMetrics (RatisMetrics.java:lambda$create$0(36)) - Creating Metrics Registry : ratis.leader_election.e351f40b-7d1e-4f0b-9ad9-d74fe5b38461@group-AAC7C0471365
2021-04-29 10:57:21,835 [pool-64-thread-1] INFO  metrics.RatisMetrics (RatisMetrics.java:lambda$create$0(36)) - Creating Metrics Registry : ratis.server.e351f40b-7d1e-4f0b-9ad9-d74fe5b38461@group-AAC7C0471365
2021-04-29 10:57:21,837 [pool-64-thread-1] INFO  server.RaftServer$Division (RaftServerImpl.java:start(295)) - e351f40b-7d1e-4f0b-9ad9-d74fe5b38461@group-AAC7C0471365: start as a follower, conf=-1: [370ef436-e033-42aa-a9de-e846a346aa8c|rpc:172.17.0.2:41417|dataStream:|priority:1, e351f40b-7d1e-4f0b-9ad9-d74fe5b38461|rpc:172.17.0.2:46021|dataStream:|priority:0, 18d1b3e1-cb4e-4e34-82f6-cc3a7f954247|rpc:172.17.0.2:46575|dataStream:|priority:0], old=null
2021-04-29 10:57:21,837 [pool-64-thread-1] INFO  server.RaftServer$Division (RaftServerImpl.java:setRole(284)) - e351f40b-7d1e-4f0b-9ad9-d74fe5b38461@group-AAC7C0471365: changes role from      null to FOLLOWER at term 0 for startAsFollower
2021-04-29 10:57:21,837 [pool-64-thread-1] INFO  impl.RoleInfo (RoleInfo.java:updateAndGet(130)) - e351f40b-7d1e-4f0b-9ad9-d74fe5b38461: start e351f40b-7d1e-4f0b-9ad9-d74fe5b38461@group-AAC7C0471365-FollowerState
2021-04-29 10:57:21,837 [pool-64-thread-1] INFO  util.JmxRegister (JmxRegister.java:tryRegister(44)) - Successfully registered JMX Bean with object name Ratis:service=RaftServer,group=group-AAC7C0471365,id=e351f40b-7d1e-4f0b-9ad9-d74fe5b38461
2021-04-29 10:57:21,837 [pool-64-thread-1] INFO  metrics.RatisMetrics (RatisMetrics.java:lambda$create$0(36)) - Creating Metrics Registry : ratis.state_machine.e351f40b-7d1e-4f0b-9ad9-d74fe5b38461@group-AAC7C0471365
2021-04-29 10:57:21,853 [Command processor thread] INFO  server.RaftServer (RaftServerProxy.java:addNew(95)) - 370ef436-e033-42aa-a9de-e846a346aa8c: addNew group-B64FFD675AD6:[370ef436-e033-42aa-a9de-e846a346aa8c|rpc:172.17.0.2:41417|priority:1] returns group-B64FFD675AD6:java.util.concurrent.CompletableFuture@2e39c578[Not completed]
2021-04-29 10:57:21,865 [pool-83-thread-1] INFO  server.RaftServer$Division (RaftServerImpl.java:<init>(180)) - 370ef436-e033-42aa-a9de-e846a346aa8c: new RaftServerImpl for group-B64FFD675AD6:[370ef436-e033-42aa-a9de-e846a346aa8c|rpc:172.17.0.2:41417|priority:1] with ContainerStateMachine:uninitialized
2021-04-29 10:57:21,865 [pool-83-thread-1] INFO  server.RaftServerConfigKeys (ConfUtils.java:logGet(44)) - raft.server.rpc.timeout.min = 5s (custom)
2021-04-29 10:57:21,865 [pool-83-thread-1] INFO  server.RaftServerConfigKeys (ConfUtils.java:logGet(44)) - raft.server.rpc.timeout.max = 5200ms (custom)
2021-04-29 10:57:21,865 [pool-83-thread-1] INFO  server.RaftServerConfigKeys (ConfUtils.java:logGet(44)) - raft.server.rpc.sleep.time = 25ms (default)
2021-04-29 10:57:21,865 [pool-83-thread-1] INFO  server.RaftServerConfigKeys (ConfUtils.java:logGet(44)) - raft.server.rpc.slowness.timeout = 300000ms (custom)
2021-04-29 10:57:21,868 [pool-83-thread-1] INFO  server.RaftServerConfigKeys (ConfUtils.java:logGet(44)) - raft.server.leaderelection.leader.step-down.wait-time = 10s (default)
2021-04-29 10:57:21,880 [pool-83-thread-1] INFO  server.RaftServerConfigKeys (ConfUtils.java:logGet(44)) - raft.server.sleep.deviation.threshold = 300ms (default)
2021-04-29 10:57:21,880 [pool-83-thread-1] INFO  server.RaftServerConfigKeys (ConfUtils.java:logGet(44)) - raft.server.log.appender.install.snapshot.enabled = false (custom)
2021-04-29 10:57:21,880 [pool-83-thread-1] INFO  server.RaftServer$Division (ServerState.java:<init>(105)) - 370ef436-e033-42aa-a9de-e846a346aa8c@group-B64FFD675AD6: ConfigurationManager, init=-1: [370ef436-e033-42aa-a9de-e846a346aa8c|rpc:172.17.0.2:41417|priority:1], old=null, confs=<EMPTY_MAP>
2021-04-29 10:57:21,881 [pool-83-thread-1] INFO  server.RaftServerConfigKeys (ConfUtils.java:logGet(44)) - raft.server.storage.dir = [/github/workspace/mnt/ozone/hadoop-ozone/integration-test/target/test-dir/MiniOzoneClusterImpl-2726c7ec-cf5f-4d18-8e0d-a0ed93d2ecae/datanode-2/data/ratis] (custom)
2021-04-29 10:57:21,881 [pool-83-thread-1] INFO  server.RaftServerConfigKeys (ConfUtils.java:logGet(44)) - raft.server.log.corruption.policy = EXCEPTION (default)
2021-04-29 10:57:21,881 [pool-83-thread-1] INFO  storage.RaftStorageDirectory (RaftStorageDirectoryImpl.java:analyzeStorage(132)) - The storage directory /github/workspace/mnt/ozone/hadoop-ozone/integration-test/target/test-dir/MiniOzoneClusterImpl-2726c7ec-cf5f-4d18-8e0d-a0ed93d2ecae/datanode-2/data/ratis/657e6ca0-f67e-4ea0-bf19-b64ffd675ad6 does not exist. Creating ...
2021-04-29 10:57:21,885 [pool-83-thread-1] INFO  storage.RaftStorageDirectory (RaftStorageDirectoryImpl.java:tryLock(215)) - Lock on /github/workspace/mnt/ozone/hadoop-ozone/integration-test/target/test-dir/MiniOzoneClusterImpl-2726c7ec-cf5f-4d18-8e0d-a0ed93d2ecae/datanode-2/data/ratis/657e6ca0-f67e-4ea0-bf19-b64ffd675ad6/in_use.lock acquired by nodename 12126@8023de4eb765
2021-04-29 10:57:21,886 [pool-83-thread-1] INFO  storage.RaftStorage (RaftStorageImpl.java:format(87)) - Storage directory /github/workspace/mnt/ozone/hadoop-ozone/integration-test/target/test-dir/MiniOzoneClusterImpl-2726c7ec-cf5f-4d18-8e0d-a0ed93d2ecae/datanode-2/data/ratis/657e6ca0-f67e-4ea0-bf19-b64ffd675ad6 has been successfully formatted.
2021-04-29 10:57:21,886 [pool-83-thread-1] INFO  ratis.ContainerStateMachine (ContainerStateMachine.java:loadSnapshot(224)) - group-B64FFD675AD6: The snapshot info is null. Setting the last applied indexto:(t:0, i:~)
2021-04-29 10:57:21,886 [pool-83-thread-1] INFO  server.RaftServerConfigKeys (ConfUtils.java:logGet(44)) - raft.server.notification.no-leader.timeout = 300000ms (custom)
2021-04-29 10:57:21,887 [pool-83-thread-1] INFO  server.RaftServerConfigKeys (ConfUtils.java:logGet(44)) - raft.server.log.use.memory = false (default)
2021-04-29 10:57:21,887 [pool-83-thread-1] INFO  server.RaftServerConfigKeys (ConfUtils.java:logGet(44)) - raft.server.log.purge.gap = 1000000 (custom)
2021-04-29 10:57:21,887 [pool-83-thread-1] INFO  server.RaftServerConfigKeys (ConfUtils.java:logGet(44)) - raft.server.log.appender.buffer.byte-limit = 33554432 (custom)
2021-04-29 10:57:21,887 [pool-83-thread-1] INFO  metrics.RatisMetrics (RatisMetrics.java:lambda$create$0(36)) - Creating Metrics Registry : ratis.log_worker.370ef436-e033-42aa-a9de-e846a346aa8c@group-B64FFD675AD6
2021-04-29 10:57:21,887 [pool-83-thread-1] INFO  server.RaftServerConfigKeys (ConfUtils.java:logGet(44)) - raft.server.log.segment.size.max = 1048576 (custom)
2021-04-29 10:57:21,888 [pool-83-thread-1] INFO  server.RaftServerConfigKeys (ConfUtils.java:logGet(44)) - raft.server.log.segment.cache.num.max = 2 (custom)
2021-04-29 10:57:21,888 [pool-83-thread-1] INFO  server.RaftServerConfigKeys (ConfUtils.java:logGet(44)) - raft.server.log.segment.cache.size.max = 200MB (=209715200) (default)
2021-04-29 10:57:21,888 [pool-83-thread-1] INFO  segmented.SegmentedRaftLogWorker (SegmentedRaftLogWorker.java:<init>(182)) - new 370ef436-e033-42aa-a9de-e846a346aa8c@group-B64FFD675AD6-SegmentedRaftLogWorker for RaftStorageImpl:Storage Directory /github/workspace/mnt/ozone/hadoop-ozone/integration-test/target/test-dir/MiniOzoneClusterImpl-2726c7ec-cf5f-4d18-8e0d-a0ed93d2ecae/datanode-2/data/ratis/657e6ca0-f67e-4ea0-bf19-b64ffd675ad6
2021-04-29 10:57:21,888 [pool-83-thread-1] INFO  server.RaftServerConfigKeys (ConfUtils.java:logGet(44)) - raft.server.log.queue.byte-limit = 2147483647 (custom)
2021-04-29 10:57:21,888 [pool-83-thread-1] INFO  server.RaftServerConfigKeys (ConfUtils.java:logGet(44)) - raft.server.log.queue.element-limit = 1024 (custom)
2021-04-29 10:57:21,889 [pool-83-thread-1] INFO  server.RaftServerConfigKeys (ConfUtils.java:logGet(44)) - raft.server.log.segment.size.max = 1048576 (custom)
2021-04-29 10:57:21,889 [pool-83-thread-1] INFO  server.RaftServerConfigKeys (ConfUtils.java:logGet(44)) - raft.server.log.preallocated.size = 16384 (custom)
2021-04-29 10:57:21,889 [pool-83-thread-1] INFO  server.RaftServerConfigKeys (ConfUtils.java:logGet(44)) - raft.server.log.force.sync.num = 128 (default)
2021-04-29 10:57:21,889 [pool-83-thread-1] INFO  server.RaftServerConfigKeys (ConfUtils.java:logGet(44)) - raft.server.log.statemachine.data.sync = true (default)
2021-04-29 10:57:21,889 [pool-83-thread-1] INFO  server.RaftServerConfigKeys (ConfUtils.java:logGet(44)) - raft.server.log.statemachine.data.sync.timeout = 10s (default)
2021-04-29 10:57:21,889 [pool-83-thread-1] INFO  server.RaftServerConfigKeys (ConfUtils.java:logGet(44)) - raft.server.log.statemachine.data.sync.timeout.retry = -1 (default)
2021-04-29 10:57:21,891 [pool-83-thread-1] INFO  server.RaftServerConfigKeys (ConfUtils.java:logGet(44)) - raft.server.log.write.buffer.size = 1048576 (custom)
2021-04-29 10:57:21,894 [EventQueue-PipelineReportForPipelineReportHandler] INFO  pipeline.PipelineManagerV2Impl (PipelineManagerV2Impl.java:openPipeline(270)) - Pipeline Pipeline[ Id: 657e6ca0-f67e-4ea0-bf19-b64ffd675ad6, Nodes: 370ef436-e033-42aa-a9de-e846a346aa8c{ip: 172.17.0.2, host: 8023de4eb765, ports: [REPLICATION=46605, RATIS=41417, RATIS_ADMIN=41417, RATIS_SERVER=41417, STANDALONE=35811], networkLocation: /default-rack, certSerialId: null, persistedOpState: IN_SERVICE, persistedOpStateExpiryEpochSec: 0}, ReplicationConfig: RATIS/ONE, State:ALLOCATED, leaderId:370ef436-e033-42aa-a9de-e846a346aa8c, CreationTimestamp2021-04-29T10:57:18.855Z] moved to OPEN state
2021-04-29 10:57:21,894 [EventQueue-PipelineReportForOneReplicaPipelineSafeModeRule] INFO  safemode.SCMSafeModeManager (SCMSafeModeManager.java:validateSafeModeExitRules(201)) - AtleastOneDatanodeReportedRule rule is successfully validated
2021-04-29 10:57:21,894 [EventQueue-OpenPipelineForHealthyPipelineSafeModeRule] INFO  safemode.SCMSafeModeManager (HealthyPipelineSafeModeRule.java:process(130)) - SCM in safe mode. Healthy pipelines reported count is 0, required healthy pipeline reported count is 1
2021-04-29 10:57:21,898 [pool-83-thread-1] INFO  server.RaftServerConfigKeys (ConfUtils.java:logGet(44)) - raft.server.log.statemachine.data.caching.enabled = true (custom)
2021-04-29 10:57:21,900 [pool-83-thread-1] INFO  segmented.SegmentedRaftLogWorker (SegmentedRaftLogWorker.java:lambda$new$0(133)) - 370ef436-e033-42aa-a9de-e846a346aa8c@group-B64FFD675AD6-SegmentedRaftLogWorker: flushIndex: setUnconditionally 0 -> -1
2021-04-29 10:57:21,900 [pool-83-thread-1] INFO  segmented.SegmentedRaftLogWorker (SegmentedRaftLogWorker.java:lambda$new$0(133)) - 370ef436-e033-42aa-a9de-e846a346aa8c@group-B64FFD675AD6-SegmentedRaftLogWorker: safeCacheEvictIndex: setUnconditionally 0 -> -1
2021-04-29 10:57:21,913 [pool-83-thread-1] INFO  server.RaftServerConfigKeys (ConfUtils.java:logGet(44)) - raft.server.snapshot.auto.trigger.enabled = true (custom)
2021-04-29 10:57:21,913 [pool-83-thread-1] INFO  server.RaftServerConfigKeys (ConfUtils.java:logGet(44)) - raft.server.snapshot.auto.trigger.threshold = 10000 (custom)
2021-04-29 10:57:21,914 [pool-83-thread-1] INFO  server.RaftServerConfigKeys (ConfUtils.java:logGet(44)) - raft.server.snapshot.retention.file.num = 5 (custom)
2021-04-29 10:57:21,914 [pool-83-thread-1] INFO  server.RaftServerConfigKeys (ConfUtils.java:logGet(44)) - raft.server.log.purge.upto.snapshot.index = false (default)
2021-04-29 10:57:21,914 [pool-83-thread-1] INFO  server.RaftServerConfigKeys (ConfUtils.java:logGet(44)) - raft.server.retrycache.expirytime = 600000ms (custom)
2021-04-29 10:57:21,914 [pool-83-thread-1] INFO  server.RaftServerConfigKeys (ConfUtils.java:logGet(44)) - raft.server.retrycache.statistics.expirytime = 100?s (default)
2021-04-29 10:57:21,914 [pool-83-thread-1] INFO  metrics.RatisMetrics (RatisMetrics.java:lambda$create$0(36)) - Creating Metrics Registry : ratis.leader_election.370ef436-e033-42aa-a9de-e846a346aa8c@group-B64FFD675AD6
2021-04-29 10:57:21,915 [pool-83-thread-1] INFO  metrics.RatisMetrics (RatisMetrics.java:lambda$create$0(36)) - Creating Metrics Registry : ratis.server.370ef436-e033-42aa-a9de-e846a346aa8c@group-B64FFD675AD6
2021-04-29 10:57:21,916 [pool-83-thread-1] INFO  server.RaftServer$Division (RaftServerImpl.java:start(295)) - 370ef436-e033-42aa-a9de-e846a346aa8c@group-B64FFD675AD6: start as a follower, conf=-1: [370ef436-e033-42aa-a9de-e846a346aa8c|rpc:172.17.0.2:41417|priority:1], old=null
2021-04-29 10:57:21,916 [pool-83-thread-1] INFO  server.RaftServer$Division (RaftServerImpl.java:setRole(284)) - 370ef436-e033-42aa-a9de-e846a346aa8c@group-B64FFD675AD6: changes role from      null to FOLLOWER at term 0 for startAsFollower
2021-04-29 10:57:21,916 [pool-83-thread-1] INFO  impl.RoleInfo (RoleInfo.java:updateAndGet(130)) - 370ef436-e033-42aa-a9de-e846a346aa8c: start 370ef436-e033-42aa-a9de-e846a346aa8c@group-B64FFD675AD6-FollowerState
2021-04-29 10:57:21,917 [pool-83-thread-1] INFO  util.JmxRegister (JmxRegister.java:tryRegister(44)) - Successfully registered JMX Bean with object name Ratis:service=RaftServer,group=group-B64FFD675AD6,id=370ef436-e033-42aa-a9de-e846a346aa8c
2021-04-29 10:57:21,917 [pool-83-thread-1] INFO  metrics.RatisMetrics (RatisMetrics.java:lambda$create$0(36)) - Creating Metrics Registry : ratis.state_machine.370ef436-e033-42aa-a9de-e846a346aa8c@group-B64FFD675AD6
2021-04-29 10:57:21,917 [Command processor thread] INFO  metrics.RatisMetrics (RatisMetrics.java:lambda$create$0(36)) - Creating Metrics Registry : ratis.client_message_metrics.client-43FE4B2C0C05->370ef436-e033-42aa-a9de-e846a346aa8c
2021-04-29 10:57:21,918 [Command processor thread] INFO  ratis.XceiverServerRatis (XceiverServerRatis.java:addGroup(808)) - Created group PipelineID=657e6ca0-f67e-4ea0-bf19-b64ffd675ad6
2021-04-29 10:57:21,918 [Command processor thread] INFO  commandhandler.CreatePipelineCommandHandler (CreatePipelineCommandHandler.java:handle(106)) - Created Pipeline RATIS ONE PipelineID=657e6ca0-f67e-4ea0-bf19-b64ffd675ad6.
2021-04-29 10:57:21,918 [Command processor thread] INFO  server.RaftServer (RaftServerProxy.java:addNew(95)) - 370ef436-e033-42aa-a9de-e846a346aa8c: addNew group-AAC7C0471365:[370ef436-e033-42aa-a9de-e846a346aa8c|rpc:172.17.0.2:41417|priority:1, e351f40b-7d1e-4f0b-9ad9-d74fe5b38461|rpc:172.17.0.2:46021|priority:0, 18d1b3e1-cb4e-4e34-82f6-cc3a7f954247|rpc:172.17.0.2:46575|priority:0] returns group-AAC7C0471365:java.util.concurrent.CompletableFuture@2a065467[Not completed]
2021-04-29 10:57:21,919 [pool-83-thread-1] INFO  server.RaftServer$Division (RaftServerImpl.java:<init>(180)) - 370ef436-e033-42aa-a9de-e846a346aa8c: new RaftServerImpl for group-AAC7C0471365:[370ef436-e033-42aa-a9de-e846a346aa8c|rpc:172.17.0.2:41417|priority:1, e351f40b-7d1e-4f0b-9ad9-d74fe5b38461|rpc:172.17.0.2:46021|priority:0, 18d1b3e1-cb4e-4e34-82f6-cc3a7f954247|rpc:172.17.0.2:46575|priority:0] with ContainerStateMachine:uninitialized
2021-04-29 10:57:21,919 [pool-83-thread-1] INFO  server.RaftServerConfigKeys (ConfUtils.java:logGet(44)) - raft.server.rpc.timeout.min = 5s (custom)
2021-04-29 10:57:21,919 [pool-83-thread-1] INFO  server.RaftServerConfigKeys (ConfUtils.java:logGet(44)) - raft.server.rpc.timeout.max = 5200ms (custom)
2021-04-29 10:57:21,919 [pool-83-thread-1] INFO  server.RaftServerConfigKeys (ConfUtils.java:logGet(44)) - raft.server.rpc.sleep.time = 25ms (default)
2021-04-29 10:57:21,919 [pool-83-thread-1] INFO  server.RaftServerConfigKeys (ConfUtils.java:logGet(44)) - raft.server.rpc.slowness.timeout = 300000ms (custom)
2021-04-29 10:57:21,920 [pool-83-thread-1] INFO  server.RaftServerConfigKeys (ConfUtils.java:logGet(44)) - raft.server.leaderelection.leader.step-down.wait-time = 10s (default)
2021-04-29 10:57:21,920 [pool-83-thread-1] INFO  server.RaftServerConfigKeys (ConfUtils.java:logGet(44)) - raft.server.sleep.deviation.threshold = 300ms (default)
2021-04-29 10:57:21,920 [pool-83-thread-1] INFO  server.RaftServerConfigKeys (ConfUtils.java:logGet(44)) - raft.server.log.appender.install.snapshot.enabled = false (custom)
2021-04-29 10:57:21,920 [pool-83-thread-1] INFO  server.RaftServer$Division (ServerState.java:<init>(105)) - 370ef436-e033-42aa-a9de-e846a346aa8c@group-AAC7C0471365: ConfigurationManager, init=-1: [370ef436-e033-42aa-a9de-e846a346aa8c|rpc:172.17.0.2:41417|priority:1, e351f40b-7d1e-4f0b-9ad9-d74fe5b38461|rpc:172.17.0.2:46021|priority:0, 18d1b3e1-cb4e-4e34-82f6-cc3a7f954247|rpc:172.17.0.2:46575|priority:0], old=null, confs=<EMPTY_MAP>
2021-04-29 10:57:21,920 [pool-83-thread-1] INFO  server.RaftServerConfigKeys (ConfUtils.java:logGet(44)) - raft.server.storage.dir = [/github/workspace/mnt/ozone/hadoop-ozone/integration-test/target/test-dir/MiniOzoneClusterImpl-2726c7ec-cf5f-4d18-8e0d-a0ed93d2ecae/datanode-2/data/ratis] (custom)
2021-04-29 10:57:21,920 [pool-83-thread-1] INFO  server.RaftServerConfigKeys (ConfUtils.java:logGet(44)) - raft.server.log.corruption.policy = EXCEPTION (default)
2021-04-29 10:57:21,920 [pool-83-thread-1] INFO  storage.RaftStorageDirectory (RaftStorageDirectoryImpl.java:analyzeStorage(132)) - The storage directory /github/workspace/mnt/ozone/hadoop-ozone/integration-test/target/test-dir/MiniOzoneClusterImpl-2726c7ec-cf5f-4d18-8e0d-a0ed93d2ecae/datanode-2/data/ratis/d41d1735-2b4e-48ce-b160-aac7c0471365 does not exist. Creating ...
2021-04-29 10:57:21,921 [pool-83-thread-1] INFO  storage.RaftStorageDirectory (RaftStorageDirectoryImpl.java:tryLock(215)) - Lock on /github/workspace/mnt/ozone/hadoop-ozone/integration-test/target/test-dir/MiniOzoneClusterImpl-2726c7ec-cf5f-4d18-8e0d-a0ed93d2ecae/datanode-2/data/ratis/d41d1735-2b4e-48ce-b160-aac7c0471365/in_use.lock acquired by nodename 12126@8023de4eb765
2021-04-29 10:57:21,923 [pool-83-thread-1] INFO  storage.RaftStorage (RaftStorageImpl.java:format(87)) - Storage directory /github/workspace/mnt/ozone/hadoop-ozone/integration-test/target/test-dir/MiniOzoneClusterImpl-2726c7ec-cf5f-4d18-8e0d-a0ed93d2ecae/datanode-2/data/ratis/d41d1735-2b4e-48ce-b160-aac7c0471365 has been successfully formatted.
2021-04-29 10:57:21,923 [pool-83-thread-1] INFO  ratis.ContainerStateMachine (ContainerStateMachine.java:loadSnapshot(224)) - group-AAC7C0471365: The snapshot info is null. Setting the last applied indexto:(t:0, i:~)
2021-04-29 10:57:21,923 [pool-83-thread-1] INFO  server.RaftServerConfigKeys (ConfUtils.java:logGet(44)) - raft.server.notification.no-leader.timeout = 300000ms (custom)
2021-04-29 10:57:21,923 [pool-83-thread-1] INFO  server.RaftServerConfigKeys (ConfUtils.java:logGet(44)) - raft.server.log.use.memory = false (default)
2021-04-29 10:57:21,924 [pool-83-thread-1] INFO  server.RaftServerConfigKeys (ConfUtils.java:logGet(44)) - raft.server.log.purge.gap = 1000000 (custom)
2021-04-29 10:57:21,924 [pool-83-thread-1] INFO  server.RaftServerConfigKeys (ConfUtils.java:logGet(44)) - raft.server.log.appender.buffer.byte-limit = 33554432 (custom)
2021-04-29 10:57:21,925 [pool-83-thread-1] INFO  metrics.RatisMetrics (RatisMetrics.java:lambda$create$0(36)) - Creating Metrics Registry : ratis.log_worker.370ef436-e033-42aa-a9de-e846a346aa8c@group-AAC7C0471365
2021-04-29 10:57:21,925 [pool-83-thread-1] INFO  server.RaftServerConfigKeys (ConfUtils.java:logGet(44)) - raft.server.log.segment.size.max = 1048576 (custom)
2021-04-29 10:57:21,926 [pool-83-thread-1] INFO  server.RaftServerConfigKeys (ConfUtils.java:logGet(44)) - raft.server.log.segment.cache.num.max = 2 (custom)
2021-04-29 10:57:21,926 [pool-83-thread-1] INFO  server.RaftServerConfigKeys (ConfUtils.java:logGet(44)) - raft.server.log.segment.cache.size.max = 200MB (=209715200) (default)
2021-04-29 10:57:21,926 [pool-83-thread-1] INFO  segmented.SegmentedRaftLogWorker (SegmentedRaftLogWorker.java:<init>(182)) - new 370ef436-e033-42aa-a9de-e846a346aa8c@group-AAC7C0471365-SegmentedRaftLogWorker for RaftStorageImpl:Storage Directory /github/workspace/mnt/ozone/hadoop-ozone/integration-test/target/test-dir/MiniOzoneClusterImpl-2726c7ec-cf5f-4d18-8e0d-a0ed93d2ecae/datanode-2/data/ratis/d41d1735-2b4e-48ce-b160-aac7c0471365
2021-04-29 10:57:21,926 [pool-83-thread-1] INFO  server.RaftServerConfigKeys (ConfUtils.java:logGet(44)) - raft.server.log.queue.byte-limit = 2147483647 (custom)
2021-04-29 10:57:21,926 [pool-83-thread-1] INFO  server.RaftServerConfigKeys (ConfUtils.java:logGet(44)) - raft.server.log.queue.element-limit = 1024 (custom)
2021-04-29 10:57:21,926 [pool-83-thread-1] INFO  server.RaftServerConfigKeys (ConfUtils.java:logGet(44)) - raft.server.log.segment.size.max = 1048576 (custom)
2021-04-29 10:57:21,927 [pool-83-thread-1] INFO  server.RaftServerConfigKeys (ConfUtils.java:logGet(44)) - raft.server.log.preallocated.size = 16384 (custom)
2021-04-29 10:57:21,927 [pool-83-thread-1] INFO  server.RaftServerConfigKeys (ConfUtils.java:logGet(44)) - raft.server.log.force.sync.num = 128 (default)
2021-04-29 10:57:21,927 [pool-83-thread-1] INFO  server.RaftServerConfigKeys (ConfUtils.java:logGet(44)) - raft.server.log.statemachine.data.sync = true (default)
2021-04-29 10:57:21,927 [pool-83-thread-1] INFO  server.RaftServerConfigKeys (ConfUtils.java:logGet(44)) - raft.server.log.statemachine.data.sync.timeout = 10s (default)
2021-04-29 10:57:21,928 [pool-83-thread-1] INFO  server.RaftServerConfigKeys (ConfUtils.java:logGet(44)) - raft.server.log.statemachine.data.sync.timeout.retry = -1 (default)
2021-04-29 10:57:21,930 [EventQueue-OpenPipelineForHealthyPipelineSafeModeRule] INFO  safemode.SCMSafeModeManager (HealthyPipelineSafeModeRule.java:process(130)) - SCM in safe mode. Healthy pipelines reported count is 0, required healthy pipeline reported count is 1
2021-04-29 10:57:21,930 [EventQueue-PipelineReportForOneReplicaPipelineSafeModeRule] INFO  safemode.SCMSafeModeManager (SCMSafeModeManager.java:validateSafeModeExitRules(201)) - AtleastOneDatanodeReportedRule rule is successfully validated
2021-04-29 10:57:21,930 [pool-83-thread-1] INFO  server.RaftServerConfigKeys (ConfUtils.java:logGet(44)) - raft.server.log.write.buffer.size = 1048576 (custom)
2021-04-29 10:57:21,932 [pool-83-thread-1] INFO  server.RaftServerConfigKeys (ConfUtils.java:logGet(44)) - raft.server.log.statemachine.data.caching.enabled = true (custom)
2021-04-29 10:57:21,938 [grpc-default-executor-0] INFO  metrics.RatisMetrics (RatisMetrics.java:lambda$create$0(36)) - Creating Metrics Registry : ratis.server_message_metrics.370ef436-e033-42aa-a9de-e846a346aa8c
2021-04-29 10:57:21,942 [pool-83-thread-1] INFO  segmented.SegmentedRaftLogWorker (SegmentedRaftLogWorker.java:lambda$new$0(133)) - 370ef436-e033-42aa-a9de-e846a346aa8c@group-AAC7C0471365-SegmentedRaftLogWorker: flushIndex: setUnconditionally 0 -> -1
2021-04-29 10:57:21,943 [pool-83-thread-1] INFO  segmented.SegmentedRaftLogWorker (SegmentedRaftLogWorker.java:lambda$new$0(133)) - 370ef436-e033-42aa-a9de-e846a346aa8c@group-AAC7C0471365-SegmentedRaftLogWorker: safeCacheEvictIndex: setUnconditionally 0 -> -1
2021-04-29 10:57:21,943 [pool-83-thread-1] INFO  server.RaftServerConfigKeys (ConfUtils.java:logGet(44)) - raft.server.snapshot.auto.trigger.enabled = true (custom)
2021-04-29 10:57:21,943 [pool-83-thread-1] INFO  server.RaftServerConfigKeys (ConfUtils.java:logGet(44)) - raft.server.snapshot.auto.trigger.threshold = 10000 (custom)
2021-04-29 10:57:21,944 [pool-83-thread-1] INFO  server.RaftServerConfigKeys (ConfUtils.java:logGet(44)) - raft.server.snapshot.retention.file.num = 5 (custom)
2021-04-29 10:57:21,944 [pool-83-thread-1] INFO  server.RaftServerConfigKeys (ConfUtils.java:logGet(44)) - raft.server.log.purge.upto.snapshot.index = false (default)
2021-04-29 10:57:21,944 [pool-83-thread-1] INFO  server.RaftServerConfigKeys (ConfUtils.java:logGet(44)) - raft.server.retrycache.expirytime = 600000ms (custom)
2021-04-29 10:57:21,944 [pool-83-thread-1] INFO  server.RaftServerConfigKeys (ConfUtils.java:logGet(44)) - raft.server.retrycache.statistics.expirytime = 100?s (default)
2021-04-29 10:57:21,944 [pool-83-thread-1] INFO  metrics.RatisMetrics (RatisMetrics.java:lambda$create$0(36)) - Creating Metrics Registry : ratis.leader_election.370ef436-e033-42aa-a9de-e846a346aa8c@group-AAC7C0471365
2021-04-29 10:57:21,944 [pool-83-thread-1] INFO  metrics.RatisMetrics (RatisMetrics.java:lambda$create$0(36)) - Creating Metrics Registry : ratis.server.370ef436-e033-42aa-a9de-e846a346aa8c@group-AAC7C0471365
2021-04-29 10:57:21,959 [pool-83-thread-1] INFO  server.RaftServer$Division (RaftServerImpl.java:start(295)) - 370ef436-e033-42aa-a9de-e846a346aa8c@group-AAC7C0471365: start as a follower, conf=-1: [370ef436-e033-42aa-a9de-e846a346aa8c|rpc:172.17.0.2:41417|priority:1, e351f40b-7d1e-4f0b-9ad9-d74fe5b38461|rpc:172.17.0.2:46021|priority:0, 18d1b3e1-cb4e-4e34-82f6-cc3a7f954247|rpc:172.17.0.2:46575|priority:0], old=null
2021-04-29 10:57:21,960 [pool-83-thread-1] INFO  server.RaftServer$Division (RaftServerImpl.java:setRole(284)) - 370ef436-e033-42aa-a9de-e846a346aa8c@group-AAC7C0471365: changes role from      null to FOLLOWER at term 0 for startAsFollower
2021-04-29 10:57:21,960 [pool-83-thread-1] INFO  impl.RoleInfo (RoleInfo.java:updateAndGet(130)) - 370ef436-e033-42aa-a9de-e846a346aa8c: start 370ef436-e033-42aa-a9de-e846a346aa8c@group-AAC7C0471365-FollowerState
2021-04-29 10:57:21,968 [pool-83-thread-1] INFO  util.JmxRegister (JmxRegister.java:tryRegister(44)) - Successfully registered JMX Bean with object name Ratis:service=RaftServer,group=group-AAC7C0471365,id=370ef436-e033-42aa-a9de-e846a346aa8c
2021-04-29 10:57:21,968 [pool-83-thread-1] INFO  metrics.RatisMetrics (RatisMetrics.java:lambda$create$0(36)) - Creating Metrics Registry : ratis.state_machine.370ef436-e033-42aa-a9de-e846a346aa8c@group-AAC7C0471365
2021-04-29 10:57:21,978 [Command processor thread] INFO  ratis.XceiverServerRatis (XceiverServerRatis.java:addGroup(808)) - Created group PipelineID=d41d1735-2b4e-48ce-b160-aac7c0471365
2021-04-29 10:57:21,980 [Command processor thread] INFO  metrics.RatisMetrics (RatisMetrics.java:lambda$create$0(36)) - Creating Metrics Registry : ratis.client_message_metrics.client-64E243203A66->e351f40b-7d1e-4f0b-9ad9-d74fe5b38461
2021-04-29 10:57:22,038 [Command processor thread] INFO  commandhandler.CreatePipelineCommandHandler (CreatePipelineCommandHandler.java:handle(106)) - Created Pipeline RATIS THREE PipelineID=d41d1735-2b4e-48ce-b160-aac7c0471365.
2021-04-29 10:57:22,042 [Command processor thread] INFO  metrics.RatisMetrics (RatisMetrics.java:lambda$create$0(36)) - Creating Metrics Registry : ratis.client_message_metrics.client-14931997108B->18d1b3e1-cb4e-4e34-82f6-cc3a7f954247
2021-04-29 10:57:22,053 [grpc-default-executor-0] INFO  metrics.RatisMetrics (RatisMetrics.java:lambda$create$0(36)) - Creating Metrics Registry : ratis.server_message_metrics.18d1b3e1-cb4e-4e34-82f6-cc3a7f954247
2021-04-29 10:57:22,067 [Command processor thread] INFO  commandhandler.CreatePipelineCommandHandler (CreatePipelineCommandHandler.java:handle(106)) - Created Pipeline RATIS THREE PipelineID=d41d1735-2b4e-48ce-b160-aac7c0471365.
2021-04-29 10:57:22,139 [Command processor thread] INFO  server.RaftServer (RaftServerProxy.java:addNew(95)) - b6ea065c-5c0f-4b9b-a36c-1baff64c27e7: addNew group-513105B508F4:[b6ea065c-5c0f-4b9b-a36c-1baff64c27e7|rpc:172.17.0.2:42915|priority:1] returns group-513105B508F4:java.util.concurrent.CompletableFuture@532b3347[Not completed]
2021-04-29 10:57:22,141 [pool-101-thread-1] INFO  server.RaftServer$Division (RaftServerImpl.java:<init>(180)) - b6ea065c-5c0f-4b9b-a36c-1baff64c27e7: new RaftServerImpl for group-513105B508F4:[b6ea065c-5c0f-4b9b-a36c-1baff64c27e7|rpc:172.17.0.2:42915|priority:1] with ContainerStateMachine:uninitialized
2021-04-29 10:57:22,142 [pool-101-thread-1] INFO  server.RaftServerConfigKeys (ConfUtils.java:logGet(44)) - raft.server.rpc.timeout.min = 5s (custom)
2021-04-29 10:57:22,142 [pool-101-thread-1] INFO  server.RaftServerConfigKeys (ConfUtils.java:logGet(44)) - raft.server.rpc.timeout.max = 5200ms (custom)
2021-04-29 10:57:22,142 [pool-101-thread-1] INFO  server.RaftServerConfigKeys (ConfUtils.java:logGet(44)) - raft.server.rpc.sleep.time = 25ms (default)
2021-04-29 10:57:22,142 [pool-101-thread-1] INFO  server.RaftServerConfigKeys (ConfUtils.java:logGet(44)) - raft.server.rpc.slowness.timeout = 300000ms (custom)
2021-04-29 10:57:22,142 [pool-101-thread-1] INFO  server.RaftServerConfigKeys (ConfUtils.java:logGet(44)) - raft.server.leaderelection.leader.step-down.wait-time = 10s (default)
2021-04-29 10:57:22,142 [pool-101-thread-1] INFO  server.RaftServerConfigKeys (ConfUtils.java:logGet(44)) - raft.server.sleep.deviation.threshold = 300ms (default)
2021-04-29 10:57:22,142 [pool-101-thread-1] INFO  server.RaftServerConfigKeys (ConfUtils.java:logGet(44)) - raft.server.log.appender.install.snapshot.enabled = false (custom)
2021-04-29 10:57:22,142 [pool-101-thread-1] INFO  server.RaftServer$Division (ServerState.java:<init>(105)) - b6ea065c-5c0f-4b9b-a36c-1baff64c27e7@group-513105B508F4: ConfigurationManager, init=-1: [b6ea065c-5c0f-4b9b-a36c-1baff64c27e7|rpc:172.17.0.2:42915|priority:1], old=null, confs=<EMPTY_MAP>
2021-04-29 10:57:22,142 [pool-101-thread-1] INFO  server.RaftServerConfigKeys (ConfUtils.java:logGet(44)) - raft.server.storage.dir = [/github/workspace/mnt/ozone/hadoop-ozone/integration-test/target/test-dir/MiniOzoneClusterImpl-2726c7ec-cf5f-4d18-8e0d-a0ed93d2ecae/datanode-3/data/ratis] (custom)
2021-04-29 10:57:22,143 [pool-101-thread-1] INFO  server.RaftServerConfigKeys (ConfUtils.java:logGet(44)) - raft.server.log.corruption.policy = EXCEPTION (default)
2021-04-29 10:57:22,143 [pool-101-thread-1] INFO  storage.RaftStorageDirectory (RaftStorageDirectoryImpl.java:analyzeStorage(132)) - The storage directory /github/workspace/mnt/ozone/hadoop-ozone/integration-test/target/test-dir/MiniOzoneClusterImpl-2726c7ec-cf5f-4d18-8e0d-a0ed93d2ecae/datanode-3/data/ratis/3f9eaaaa-8621-40f3-b369-513105b508f4 does not exist. Creating ...
2021-04-29 10:57:22,145 [pool-101-thread-1] INFO  storage.RaftStorageDirectory (RaftStorageDirectoryImpl.java:tryLock(215)) - Lock on /github/workspace/mnt/ozone/hadoop-ozone/integration-test/target/test-dir/MiniOzoneClusterImpl-2726c7ec-cf5f-4d18-8e0d-a0ed93d2ecae/datanode-3/data/ratis/3f9eaaaa-8621-40f3-b369-513105b508f4/in_use.lock acquired by nodename 12126@8023de4eb765
2021-04-29 10:57:22,147 [pool-101-thread-1] INFO  storage.RaftStorage (RaftStorageImpl.java:format(87)) - Storage directory /github/workspace/mnt/ozone/hadoop-ozone/integration-test/target/test-dir/MiniOzoneClusterImpl-2726c7ec-cf5f-4d18-8e0d-a0ed93d2ecae/datanode-3/data/ratis/3f9eaaaa-8621-40f3-b369-513105b508f4 has been successfully formatted.
2021-04-29 10:57:22,147 [pool-101-thread-1] INFO  ratis.ContainerStateMachine (ContainerStateMachine.java:loadSnapshot(224)) - group-513105B508F4: The snapshot info is null. Setting the last applied indexto:(t:0, i:~)
2021-04-29 10:57:22,149 [EventQueue-PipelineReportForPipelineReportHandler] INFO  pipeline.PipelineManagerV2Impl (PipelineManagerV2Impl.java:openPipeline(270)) - Pipeline Pipeline[ Id: 3f9eaaaa-8621-40f3-b369-513105b508f4, Nodes: b6ea065c-5c0f-4b9b-a36c-1baff64c27e7{ip: 172.17.0.2, host: 8023de4eb765, ports: [REPLICATION=44229, RATIS=42915, RATIS_ADMIN=42915, RATIS_SERVER=42915, STANDALONE=39747], networkLocation: /default-rack, certSerialId: null, persistedOpState: IN_SERVICE, persistedOpStateExpiryEpochSec: 0}, ReplicationConfig: RATIS/ONE, State:ALLOCATED, leaderId:b6ea065c-5c0f-4b9b-a36c-1baff64c27e7, CreationTimestamp2021-04-29T10:57:19.145Z] moved to OPEN state
2021-04-29 10:57:22,149 [EventQueue-PipelineReportForOneReplicaPipelineSafeModeRule] INFO  safemode.SCMSafeModeManager (SCMSafeModeManager.java:validateSafeModeExitRules(201)) - AtleastOneDatanodeReportedRule rule is successfully validated
2021-04-29 10:57:22,150 [pool-101-thread-1] INFO  server.RaftServerConfigKeys (ConfUtils.java:logGet(44)) - raft.server.notification.no-leader.timeout = 300000ms (custom)
2021-04-29 10:57:22,150 [pool-101-thread-1] INFO  server.RaftServerConfigKeys (ConfUtils.java:logGet(44)) - raft.server.log.use.memory = false (default)
2021-04-29 10:57:22,151 [EventQueue-OpenPipelineForHealthyPipelineSafeModeRule] INFO  safemode.SCMSafeModeManager (HealthyPipelineSafeModeRule.java:process(130)) - SCM in safe mode. Healthy pipelines reported count is 0, required healthy pipeline reported count is 1
2021-04-29 10:57:22,151 [pool-101-thread-1] INFO  server.RaftServerConfigKeys (ConfUtils.java:logGet(44)) - raft.server.log.purge.gap = 1000000 (custom)
2021-04-29 10:57:22,151 [pool-101-thread-1] INFO  server.RaftServerConfigKeys (ConfUtils.java:logGet(44)) - raft.server.log.appender.buffer.byte-limit = 33554432 (custom)
2021-04-29 10:57:22,152 [pool-101-thread-1] INFO  metrics.RatisMetrics (RatisMetrics.java:lambda$create$0(36)) - Creating Metrics Registry : ratis.log_worker.b6ea065c-5c0f-4b9b-a36c-1baff64c27e7@group-513105B508F4
2021-04-29 10:57:22,152 [pool-101-thread-1] INFO  server.RaftServerConfigKeys (ConfUtils.java:logGet(44)) - raft.server.log.segment.size.max = 1048576 (custom)
2021-04-29 10:57:22,153 [pool-101-thread-1] INFO  server.RaftServerConfigKeys (ConfUtils.java:logGet(44)) - raft.server.log.segment.cache.num.max = 2 (custom)
2021-04-29 10:57:22,153 [pool-101-thread-1] INFO  server.RaftServerConfigKeys (ConfUtils.java:logGet(44)) - raft.server.log.segment.cache.size.max = 200MB (=209715200) (default)
2021-04-29 10:57:22,153 [pool-101-thread-1] INFO  segmented.SegmentedRaftLogWorker (SegmentedRaftLogWorker.java:<init>(182)) - new b6ea065c-5c0f-4b9b-a36c-1baff64c27e7@group-513105B508F4-SegmentedRaftLogWorker for RaftStorageImpl:Storage Directory /github/workspace/mnt/ozone/hadoop-ozone/integration-test/target/test-dir/MiniOzoneClusterImpl-2726c7ec-cf5f-4d18-8e0d-a0ed93d2ecae/datanode-3/data/ratis/3f9eaaaa-8621-40f3-b369-513105b508f4
2021-04-29 10:57:22,153 [pool-101-thread-1] INFO  server.RaftServerConfigKeys (ConfUtils.java:logGet(44)) - raft.server.log.queue.byte-limit = 2147483647 (custom)
2021-04-29 10:57:22,153 [pool-101-thread-1] INFO  server.RaftServerConfigKeys (ConfUtils.java:logGet(44)) - raft.server.log.queue.element-limit = 1024 (custom)
2021-04-29 10:57:22,153 [pool-101-thread-1] INFO  server.RaftServerConfigKeys (ConfUtils.java:logGet(44)) - raft.server.log.segment.size.max = 1048576 (custom)
2021-04-29 10:57:22,154 [pool-101-thread-1] INFO  server.RaftServerConfigKeys (ConfUtils.java:logGet(44)) - raft.server.log.preallocated.size = 16384 (custom)
2021-04-29 10:57:22,154 [pool-101-thread-1] INFO  server.RaftServerConfigKeys (ConfUtils.java:logGet(44)) - raft.server.log.force.sync.num = 128 (default)
2021-04-29 10:57:22,154 [pool-101-thread-1] INFO  server.RaftServerConfigKeys (ConfUtils.java:logGet(44)) - raft.server.log.statemachine.data.sync = true (default)
2021-04-29 10:57:22,154 [pool-101-thread-1] INFO  server.RaftServerConfigKeys (ConfUtils.java:logGet(44)) - raft.server.log.statemachine.data.sync.timeout = 10s (default)
2021-04-29 10:57:22,154 [pool-101-thread-1] INFO  server.RaftServerConfigKeys (ConfUtils.java:logGet(44)) - raft.server.log.statemachine.data.sync.timeout.retry = -1 (default)
2021-04-29 10:57:22,155 [pool-101-thread-1] INFO  server.RaftServerConfigKeys (ConfUtils.java:logGet(44)) - raft.server.log.write.buffer.size = 1048576 (custom)
2021-04-29 10:57:22,156 [pool-101-thread-1] INFO  server.RaftServerConfigKeys (ConfUtils.java:logGet(44)) - raft.server.log.statemachine.data.caching.enabled = true (custom)
2021-04-29 10:57:22,156 [pool-101-thread-1] INFO  segmented.SegmentedRaftLogWorker (SegmentedRaftLogWorker.java:lambda$new$0(133)) - b6ea065c-5c0f-4b9b-a36c-1baff64c27e7@group-513105B508F4-SegmentedRaftLogWorker: flushIndex: setUnconditionally 0 -> -1
2021-04-29 10:57:22,156 [pool-101-thread-1] INFO  segmented.SegmentedRaftLogWorker (SegmentedRaftLogWorker.java:lambda$new$0(133)) - b6ea065c-5c0f-4b9b-a36c-1baff64c27e7@group-513105B508F4-SegmentedRaftLogWorker: safeCacheEvictIndex: setUnconditionally 0 -> -1
2021-04-29 10:57:22,156 [pool-101-thread-1] INFO  server.RaftServerConfigKeys (ConfUtils.java:logGet(44)) - raft.server.snapshot.auto.trigger.enabled = true (custom)
2021-04-29 10:57:22,156 [pool-101-thread-1] INFO  server.RaftServerConfigKeys (ConfUtils.java:logGet(44)) - raft.server.snapshot.auto.trigger.threshold = 10000 (custom)
2021-04-29 10:57:22,156 [pool-101-thread-1] INFO  server.RaftServerConfigKeys (ConfUtils.java:logGet(44)) - raft.server.snapshot.retention.file.num = 5 (custom)
2021-04-29 10:57:22,156 [pool-101-thread-1] INFO  server.RaftServerConfigKeys (ConfUtils.java:logGet(44)) - raft.server.log.purge.upto.snapshot.index = false (default)
2021-04-29 10:57:22,157 [pool-101-thread-1] INFO  server.RaftServerConfigKeys (ConfUtils.java:logGet(44)) - raft.server.retrycache.expirytime = 600000ms (custom)
2021-04-29 10:57:22,157 [pool-101-thread-1] INFO  server.RaftServerConfigKeys (ConfUtils.java:logGet(44)) - raft.server.retrycache.statistics.expirytime = 100?s (default)
2021-04-29 10:57:22,157 [pool-101-thread-1] INFO  metrics.RatisMetrics (RatisMetrics.java:lambda$create$0(36)) - Creating Metrics Registry : ratis.leader_election.b6ea065c-5c0f-4b9b-a36c-1baff64c27e7@group-513105B508F4
2021-04-29 10:57:22,158 [pool-101-thread-1] INFO  metrics.RatisMetrics (RatisMetrics.java:lambda$create$0(36)) - Creating Metrics Registry : ratis.server.b6ea065c-5c0f-4b9b-a36c-1baff64c27e7@group-513105B508F4
2021-04-29 10:57:22,159 [pool-101-thread-1] INFO  server.RaftServer$Division (RaftServerImpl.java:start(295)) - b6ea065c-5c0f-4b9b-a36c-1baff64c27e7@group-513105B508F4: start as a follower, conf=-1: [b6ea065c-5c0f-4b9b-a36c-1baff64c27e7|rpc:172.17.0.2:42915|priority:1], old=null
2021-04-29 10:57:22,159 [pool-101-thread-1] INFO  server.RaftServer$Division (RaftServerImpl.java:setRole(284)) - b6ea065c-5c0f-4b9b-a36c-1baff64c27e7@group-513105B508F4: changes role from      null to FOLLOWER at term 0 for startAsFollower
2021-04-29 10:57:22,159 [pool-101-thread-1] INFO  impl.RoleInfo (RoleInfo.java:updateAndGet(130)) - b6ea065c-5c0f-4b9b-a36c-1baff64c27e7: start b6ea065c-5c0f-4b9b-a36c-1baff64c27e7@group-513105B508F4-FollowerState
2021-04-29 10:57:22,162 [pool-101-thread-1] INFO  util.JmxRegister (JmxRegister.java:tryRegister(44)) - Successfully registered JMX Bean with object name Ratis:service=RaftServer,group=group-513105B508F4,id=b6ea065c-5c0f-4b9b-a36c-1baff64c27e7
2021-04-29 10:57:22,162 [pool-101-thread-1] INFO  metrics.RatisMetrics (RatisMetrics.java:lambda$create$0(36)) - Creating Metrics Registry : ratis.state_machine.b6ea065c-5c0f-4b9b-a36c-1baff64c27e7@group-513105B508F4
2021-04-29 10:57:22,166 [Command processor thread] INFO  ratis.XceiverServerRatis (XceiverServerRatis.java:addGroup(808)) - Created group PipelineID=3f9eaaaa-8621-40f3-b369-513105b508f4
2021-04-29 10:57:22,166 [Command processor thread] INFO  commandhandler.CreatePipelineCommandHandler (CreatePipelineCommandHandler.java:handle(106)) - Created Pipeline RATIS ONE PipelineID=3f9eaaaa-8621-40f3-b369-513105b508f4.
2021-04-29 10:57:22,166 [Command processor thread] INFO  server.RaftServer (RaftServerProxy.java:addNew(95)) - b6ea065c-5c0f-4b9b-a36c-1baff64c27e7: addNew group-A5EBDE40635D:[2394195c-5b30-4756-b242-a473be14be87|rpc:172.17.0.2:32961|priority:0, aef91e02-660b-41a2-9835-9ea111f967cb|rpc:172.17.0.2:37695|priority:1, b6ea065c-5c0f-4b9b-a36c-1baff64c27e7|rpc:172.17.0.2:42915|priority:0] returns group-A5EBDE40635D:java.util.concurrent.CompletableFuture@5714bdfa[Not completed]
2021-04-29 10:57:22,167 [pool-101-thread-1] INFO  server.RaftServer$Division (RaftServerImpl.java:<init>(180)) - b6ea065c-5c0f-4b9b-a36c-1baff64c27e7: new RaftServerImpl for group-A5EBDE40635D:[2394195c-5b30-4756-b242-a473be14be87|rpc:172.17.0.2:32961|priority:0, aef91e02-660b-41a2-9835-9ea111f967cb|rpc:172.17.0.2:37695|priority:1, b6ea065c-5c0f-4b9b-a36c-1baff64c27e7|rpc:172.17.0.2:42915|priority:0] with ContainerStateMachine:uninitialized
2021-04-29 10:57:22,168 [pool-101-thread-1] INFO  server.RaftServerConfigKeys (ConfUtils.java:logGet(44)) - raft.server.rpc.timeout.min = 5s (custom)
2021-04-29 10:57:22,168 [pool-101-thread-1] INFO  server.RaftServerConfigKeys (ConfUtils.java:logGet(44)) - raft.server.rpc.timeout.max = 5200ms (custom)
2021-04-29 10:57:22,168 [pool-101-thread-1] INFO  server.RaftServerConfigKeys (ConfUtils.java:logGet(44)) - raft.server.rpc.sleep.time = 25ms (default)
2021-04-29 10:57:22,168 [pool-101-thread-1] INFO  server.RaftServerConfigKeys (ConfUtils.java:logGet(44)) - raft.server.rpc.slowness.timeout = 300000ms (custom)
2021-04-29 10:57:22,168 [pool-101-thread-1] INFO  server.RaftServerConfigKeys (ConfUtils.java:logGet(44)) - raft.server.leaderelection.leader.step-down.wait-time = 10s (default)
2021-04-29 10:57:22,168 [pool-101-thread-1] INFO  server.RaftServerConfigKeys (ConfUtils.java:logGet(44)) - raft.server.sleep.deviation.threshold = 300ms (default)
2021-04-29 10:57:22,168 [pool-101-thread-1] INFO  server.RaftServerConfigKeys (ConfUtils.java:logGet(44)) - raft.server.log.appender.install.snapshot.enabled = false (custom)
2021-04-29 10:57:22,168 [pool-101-thread-1] INFO  server.RaftServer$Division (ServerState.java:<init>(105)) - b6ea065c-5c0f-4b9b-a36c-1baff64c27e7@group-A5EBDE40635D: ConfigurationManager, init=-1: [2394195c-5b30-4756-b242-a473be14be87|rpc:172.17.0.2:32961|priority:0, aef91e02-660b-41a2-9835-9ea111f967cb|rpc:172.17.0.2:37695|priority:1, b6ea065c-5c0f-4b9b-a36c-1baff64c27e7|rpc:172.17.0.2:42915|priority:0], old=null, confs=<EMPTY_MAP>
2021-04-29 10:57:22,169 [pool-101-thread-1] INFO  server.RaftServerConfigKeys (ConfUtils.java:logGet(44)) - raft.server.storage.dir = [/github/workspace/mnt/ozone/hadoop-ozone/integration-test/target/test-dir/MiniOzoneClusterImpl-2726c7ec-cf5f-4d18-8e0d-a0ed93d2ecae/datanode-3/data/ratis] (custom)
2021-04-29 10:57:22,169 [pool-101-thread-1] INFO  server.RaftServerConfigKeys (ConfUtils.java:logGet(44)) - raft.server.log.corruption.policy = EXCEPTION (default)
2021-04-29 10:57:22,169 [pool-101-thread-1] INFO  storage.RaftStorageDirectory (RaftStorageDirectoryImpl.java:analyzeStorage(132)) - The storage directory /github/workspace/mnt/ozone/hadoop-ozone/integration-test/target/test-dir/MiniOzoneClusterImpl-2726c7ec-cf5f-4d18-8e0d-a0ed93d2ecae/datanode-3/data/ratis/3f0dbdb8-797e-4e9e-b690-a5ebde40635d does not exist. Creating ...
2021-04-29 10:57:22,174 [pool-101-thread-1] INFO  storage.RaftStorageDirectory (RaftStorageDirectoryImpl.java:tryLock(215)) - Lock on /github/workspace/mnt/ozone/hadoop-ozone/integration-test/target/test-dir/MiniOzoneClusterImpl-2726c7ec-cf5f-4d18-8e0d-a0ed93d2ecae/datanode-3/data/ratis/3f0dbdb8-797e-4e9e-b690-a5ebde40635d/in_use.lock acquired by nodename 12126@8023de4eb765
2021-04-29 10:57:22,175 [pool-101-thread-1] INFO  storage.RaftStorage (RaftStorageImpl.java:format(87)) - Storage directory /github/workspace/mnt/ozone/hadoop-ozone/integration-test/target/test-dir/MiniOzoneClusterImpl-2726c7ec-cf5f-4d18-8e0d-a0ed93d2ecae/datanode-3/data/ratis/3f0dbdb8-797e-4e9e-b690-a5ebde40635d has been successfully formatted.
2021-04-29 10:57:22,176 [pool-101-thread-1] INFO  ratis.ContainerStateMachine (ContainerStateMachine.java:loadSnapshot(224)) - group-A5EBDE40635D: The snapshot info is null. Setting the last applied indexto:(t:0, i:~)
2021-04-29 10:57:22,176 [pool-101-thread-1] INFO  server.RaftServerConfigKeys (ConfUtils.java:logGet(44)) - raft.server.notification.no-leader.timeout = 300000ms (custom)
2021-04-29 10:57:22,176 [pool-101-thread-1] INFO  server.RaftServerConfigKeys (ConfUtils.java:logGet(44)) - raft.server.log.use.memory = false (default)
2021-04-29 10:57:22,176 [pool-101-thread-1] INFO  server.RaftServerConfigKeys (ConfUtils.java:logGet(44)) - raft.server.log.purge.gap = 1000000 (custom)
2021-04-29 10:57:22,176 [pool-101-thread-1] INFO  server.RaftServerConfigKeys (ConfUtils.java:logGet(44)) - raft.server.log.appender.buffer.byte-limit = 33554432 (custom)
2021-04-29 10:57:22,176 [pool-101-thread-1] INFO  metrics.RatisMetrics (RatisMetrics.java:lambda$create$0(36)) - Creating Metrics Registry : ratis.log_worker.b6ea065c-5c0f-4b9b-a36c-1baff64c27e7@group-A5EBDE40635D
2021-04-29 10:57:22,178 [pool-101-thread-1] INFO  server.RaftServerConfigKeys (ConfUtils.java:logGet(44)) - raft.server.log.segment.size.max = 1048576 (custom)
2021-04-29 10:57:22,179 [pool-101-thread-1] INFO  server.RaftServerConfigKeys (ConfUtils.java:logGet(44)) - raft.server.log.segment.cache.num.max = 2 (custom)
2021-04-29 10:57:22,179 [pool-101-thread-1] INFO  server.RaftServerConfigKeys (ConfUtils.java:logGet(44)) - raft.server.log.segment.cache.size.max = 200MB (=209715200) (default)
2021-04-29 10:57:22,179 [pool-101-thread-1] INFO  segmented.SegmentedRaftLogWorker (SegmentedRaftLogWorker.java:<init>(182)) - new b6ea065c-5c0f-4b9b-a36c-1baff64c27e7@group-A5EBDE40635D-SegmentedRaftLogWorker for RaftStorageImpl:Storage Directory /github/workspace/mnt/ozone/hadoop-ozone/integration-test/target/test-dir/MiniOzoneClusterImpl-2726c7ec-cf5f-4d18-8e0d-a0ed93d2ecae/datanode-3/data/ratis/3f0dbdb8-797e-4e9e-b690-a5ebde40635d
2021-04-29 10:57:22,179 [pool-101-thread-1] INFO  server.RaftServerConfigKeys (ConfUtils.java:logGet(44)) - raft.server.log.queue.byte-limit = 2147483647 (custom)
2021-04-29 10:57:22,179 [pool-101-thread-1] INFO  server.RaftServerConfigKeys (ConfUtils.java:logGet(44)) - raft.server.log.queue.element-limit = 1024 (custom)
2021-04-29 10:57:22,179 [pool-101-thread-1] INFO  server.RaftServerConfigKeys (ConfUtils.java:logGet(44)) - raft.server.log.segment.size.max = 1048576 (custom)
2021-04-29 10:57:22,179 [EventQueue-PipelineReportForOneReplicaPipelineSafeModeRule] INFO  safemode.SCMSafeModeManager (SCMSafeModeManager.java:validateSafeModeExitRules(201)) - AtleastOneDatanodeReportedRule rule is successfully validated
2021-04-29 10:57:22,179 [pool-101-thread-1] INFO  server.RaftServerConfigKeys (ConfUtils.java:logGet(44)) - raft.server.log.preallocated.size = 16384 (custom)
2021-04-29 10:57:22,180 [pool-101-thread-1] INFO  server.RaftServerConfigKeys (ConfUtils.java:logGet(44)) - raft.server.log.force.sync.num = 128 (default)
2021-04-29 10:57:22,180 [pool-101-thread-1] INFO  server.RaftServerConfigKeys (ConfUtils.java:logGet(44)) - raft.server.log.statemachine.data.sync = true (default)
2021-04-29 10:57:22,180 [pool-101-thread-1] INFO  server.RaftServerConfigKeys (ConfUtils.java:logGet(44)) - raft.server.log.statemachine.data.sync.timeout = 10s (default)
2021-04-29 10:57:22,180 [pool-101-thread-1] INFO  server.RaftServerConfigKeys (ConfUtils.java:logGet(44)) - raft.server.log.statemachine.data.sync.timeout.retry = -1 (default)
2021-04-29 10:57:22,181 [EventQueue-OpenPipelineForHealthyPipelineSafeModeRule] INFO  safemode.SCMSafeModeManager (HealthyPipelineSafeModeRule.java:process(130)) - SCM in safe mode. Healthy pipelines reported count is 0, required healthy pipeline reported count is 1
2021-04-29 10:57:22,182 [pool-101-thread-1] INFO  server.RaftServerConfigKeys (ConfUtils.java:logGet(44)) - raft.server.log.write.buffer.size = 1048576 (custom)
2021-04-29 10:57:22,182 [pool-101-thread-1] INFO  server.RaftServerConfigKeys (ConfUtils.java:logGet(44)) - raft.server.log.statemachine.data.caching.enabled = true (custom)
2021-04-29 10:57:22,182 [pool-101-thread-1] INFO  segmented.SegmentedRaftLogWorker (SegmentedRaftLogWorker.java:lambda$new$0(133)) - b6ea065c-5c0f-4b9b-a36c-1baff64c27e7@group-A5EBDE40635D-SegmentedRaftLogWorker: flushIndex: setUnconditionally 0 -> -1
2021-04-29 10:57:22,182 [pool-101-thread-1] INFO  segmented.SegmentedRaftLogWorker (SegmentedRaftLogWorker.java:lambda$new$0(133)) - b6ea065c-5c0f-4b9b-a36c-1baff64c27e7@group-A5EBDE40635D-SegmentedRaftLogWorker: safeCacheEvictIndex: setUnconditionally 0 -> -1
2021-04-29 10:57:22,186 [pool-101-thread-1] INFO  server.RaftServerConfigKeys (ConfUtils.java:logGet(44)) - raft.server.snapshot.auto.trigger.enabled = true (custom)
2021-04-29 10:57:22,186 [pool-101-thread-1] INFO  server.RaftServerConfigKeys (ConfUtils.java:logGet(44)) - raft.server.snapshot.auto.trigger.threshold = 10000 (custom)
2021-04-29 10:57:22,186 [pool-101-thread-1] INFO  server.RaftServerConfigKeys (ConfUtils.java:logGet(44)) - raft.server.snapshot.retention.file.num = 5 (custom)
2021-04-29 10:57:22,186 [pool-101-thread-1] INFO  server.RaftServerConfigKeys (ConfUtils.java:logGet(44)) - raft.server.log.purge.upto.snapshot.index = false (default)
2021-04-29 10:57:22,186 [pool-101-thread-1] INFO  server.RaftServerConfigKeys (ConfUtils.java:logGet(44)) - raft.server.retrycache.expirytime = 600000ms (custom)
2021-04-29 10:57:22,186 [pool-101-thread-1] INFO  server.RaftServerConfigKeys (ConfUtils.java:logGet(44)) - raft.server.retrycache.statistics.expirytime = 100?s (default)
2021-04-29 10:57:22,186 [pool-101-thread-1] INFO  metrics.RatisMetrics (RatisMetrics.java:lambda$create$0(36)) - Creating Metrics Registry : ratis.leader_election.b6ea065c-5c0f-4b9b-a36c-1baff64c27e7@group-A5EBDE40635D
2021-04-29 10:57:22,187 [pool-101-thread-1] INFO  metrics.RatisMetrics (RatisMetrics.java:lambda$create$0(36)) - Creating Metrics Registry : ratis.server.b6ea065c-5c0f-4b9b-a36c-1baff64c27e7@group-A5EBDE40635D
2021-04-29 10:57:22,188 [pool-101-thread-1] INFO  server.RaftServer$Division (RaftServerImpl.java:start(295)) - b6ea065c-5c0f-4b9b-a36c-1baff64c27e7@group-A5EBDE40635D: start as a follower, conf=-1: [2394195c-5b30-4756-b242-a473be14be87|rpc:172.17.0.2:32961|priority:0, aef91e02-660b-41a2-9835-9ea111f967cb|rpc:172.17.0.2:37695|priority:1, b6ea065c-5c0f-4b9b-a36c-1baff64c27e7|rpc:172.17.0.2:42915|priority:0], old=null
2021-04-29 10:57:22,188 [pool-101-thread-1] INFO  server.RaftServer$Division (RaftServerImpl.java:setRole(284)) - b6ea065c-5c0f-4b9b-a36c-1baff64c27e7@group-A5EBDE40635D: changes role from      null to FOLLOWER at term 0 for startAsFollower
2021-04-29 10:57:22,188 [pool-101-thread-1] INFO  impl.RoleInfo (RoleInfo.java:updateAndGet(130)) - b6ea065c-5c0f-4b9b-a36c-1baff64c27e7: start b6ea065c-5c0f-4b9b-a36c-1baff64c27e7@group-A5EBDE40635D-FollowerState
2021-04-29 10:57:22,194 [pool-101-thread-1] INFO  util.JmxRegister (JmxRegister.java:tryRegister(44)) - Successfully registered JMX Bean with object name Ratis:service=RaftServer,group=group-A5EBDE40635D,id=b6ea065c-5c0f-4b9b-a36c-1baff64c27e7
2021-04-29 10:57:22,194 [pool-101-thread-1] INFO  metrics.RatisMetrics (RatisMetrics.java:lambda$create$0(36)) - Creating Metrics Registry : ratis.state_machine.b6ea065c-5c0f-4b9b-a36c-1baff64c27e7@group-A5EBDE40635D
2021-04-29 10:57:22,195 [Command processor thread] INFO  ratis.XceiverServerRatis (XceiverServerRatis.java:addGroup(808)) - Created group PipelineID=3f0dbdb8-797e-4e9e-b690-a5ebde40635d
2021-04-29 10:57:22,197 [Command processor thread] INFO  metrics.RatisMetrics (RatisMetrics.java:lambda$create$0(36)) - Creating Metrics Registry : ratis.client_message_metrics.client-D7E70D51F1E5->2394195c-5b30-4756-b242-a473be14be87
2021-04-29 10:57:22,207 [grpc-default-executor-0] INFO  metrics.RatisMetrics (RatisMetrics.java:lambda$create$0(36)) - Creating Metrics Registry : ratis.server_message_metrics.2394195c-5b30-4756-b242-a473be14be87
2021-04-29 10:57:22,214 [grpc-default-executor-0] INFO  server.RaftServer (RaftServerProxy.java:addNew(95)) - 2394195c-5b30-4756-b242-a473be14be87: addNew group-A5EBDE40635D:[2394195c-5b30-4756-b242-a473be14be87|rpc:172.17.0.2:32961|dataStream:|priority:0, aef91e02-660b-41a2-9835-9ea111f967cb|rpc:172.17.0.2:37695|dataStream:|priority:1, b6ea065c-5c0f-4b9b-a36c-1baff64c27e7|rpc:172.17.0.2:42915|dataStream:|priority:0] returns group-A5EBDE40635D:java.util.concurrent.CompletableFuture@38de1995[Not completed]
2021-04-29 10:57:22,215 [pool-119-thread-1] INFO  server.RaftServer$Division (RaftServerImpl.java:<init>(180)) - 2394195c-5b30-4756-b242-a473be14be87: new RaftServerImpl for group-A5EBDE40635D:[2394195c-5b30-4756-b242-a473be14be87|rpc:172.17.0.2:32961|dataStream:|priority:0, aef91e02-660b-41a2-9835-9ea111f967cb|rpc:172.17.0.2:37695|dataStream:|priority:1, b6ea065c-5c0f-4b9b-a36c-1baff64c27e7|rpc:172.17.0.2:42915|dataStream:|priority:0] with ContainerStateMachine:uninitialized
2021-04-29 10:57:22,215 [pool-119-thread-1] INFO  server.RaftServerConfigKeys (ConfUtils.java:logGet(44)) - raft.server.rpc.timeout.min = 5s (custom)
2021-04-29 10:57:22,215 [pool-119-thread-1] INFO  server.RaftServerConfigKeys (ConfUtils.java:logGet(44)) - raft.server.rpc.timeout.max = 5200ms (custom)
2021-04-29 10:57:22,215 [pool-119-thread-1] INFO  server.RaftServerConfigKeys (ConfUtils.java:logGet(44)) - raft.server.rpc.sleep.time = 25ms (default)
2021-04-29 10:57:22,215 [pool-119-thread-1] INFO  server.RaftServerConfigKeys (ConfUtils.java:logGet(44)) - raft.server.rpc.slowness.timeout = 300000ms (custom)
2021-04-29 10:57:22,215 [pool-119-thread-1] INFO  server.RaftServerConfigKeys (ConfUtils.java:logGet(44)) - raft.server.leaderelection.leader.step-down.wait-time = 10s (default)
2021-04-29 10:57:22,215 [pool-119-thread-1] INFO  server.RaftServerConfigKeys (ConfUtils.java:logGet(44)) - raft.server.sleep.deviation.threshold = 300ms (default)
2021-04-29 10:57:22,216 [pool-119-thread-1] INFO  server.RaftServerConfigKeys (ConfUtils.java:logGet(44)) - raft.server.log.appender.install.snapshot.enabled = false (custom)
2021-04-29 10:57:22,216 [pool-119-thread-1] INFO  server.RaftServer$Division (ServerState.java:<init>(105)) - 2394195c-5b30-4756-b242-a473be14be87@group-A5EBDE40635D: ConfigurationManager, init=-1: [2394195c-5b30-4756-b242-a473be14be87|rpc:172.17.0.2:32961|dataStream:|priority:0, aef91e02-660b-41a2-9835-9ea111f967cb|rpc:172.17.0.2:37695|dataStream:|priority:1, b6ea065c-5c0f-4b9b-a36c-1baff64c27e7|rpc:172.17.0.2:42915|dataStream:|priority:0], old=null, confs=<EMPTY_MAP>
2021-04-29 10:57:22,216 [pool-119-thread-1] INFO  server.RaftServerConfigKeys (ConfUtils.java:logGet(44)) - raft.server.storage.dir = [/github/workspace/mnt/ozone/hadoop-ozone/integration-test/target/test-dir/MiniOzoneClusterImpl-2726c7ec-cf5f-4d18-8e0d-a0ed93d2ecae/datanode-4/data/ratis] (custom)
2021-04-29 10:57:22,216 [pool-119-thread-1] INFO  server.RaftServerConfigKeys (ConfUtils.java:logGet(44)) - raft.server.log.corruption.policy = EXCEPTION (default)
2021-04-29 10:57:22,216 [pool-119-thread-1] INFO  storage.RaftStorageDirectory (RaftStorageDirectoryImpl.java:analyzeStorage(132)) - The storage directory /github/workspace/mnt/ozone/hadoop-ozone/integration-test/target/test-dir/MiniOzoneClusterImpl-2726c7ec-cf5f-4d18-8e0d-a0ed93d2ecae/datanode-4/data/ratis/3f0dbdb8-797e-4e9e-b690-a5ebde40635d does not exist. Creating ...
2021-04-29 10:57:22,218 [pool-119-thread-1] INFO  storage.RaftStorageDirectory (RaftStorageDirectoryImpl.java:tryLock(215)) - Lock on /github/workspace/mnt/ozone/hadoop-ozone/integration-test/target/test-dir/MiniOzoneClusterImpl-2726c7ec-cf5f-4d18-8e0d-a0ed93d2ecae/datanode-4/data/ratis/3f0dbdb8-797e-4e9e-b690-a5ebde40635d/in_use.lock acquired by nodename 12126@8023de4eb765
2021-04-29 10:57:22,219 [pool-119-thread-1] INFO  storage.RaftStorage (RaftStorageImpl.java:format(87)) - Storage directory /github/workspace/mnt/ozone/hadoop-ozone/integration-test/target/test-dir/MiniOzoneClusterImpl-2726c7ec-cf5f-4d18-8e0d-a0ed93d2ecae/datanode-4/data/ratis/3f0dbdb8-797e-4e9e-b690-a5ebde40635d has been successfully formatted.
2021-04-29 10:57:22,220 [pool-119-thread-1] INFO  ratis.ContainerStateMachine (ContainerStateMachine.java:loadSnapshot(224)) - group-A5EBDE40635D: The snapshot info is null. Setting the last applied indexto:(t:0, i:~)
2021-04-29 10:57:22,222 [EventQueue-PipelineReportForOneReplicaPipelineSafeModeRule] INFO  safemode.SCMSafeModeManager (SCMSafeModeManager.java:validateSafeModeExitRules(201)) - AtleastOneDatanodeReportedRule rule is successfully validated
2021-04-29 10:57:22,222 [pool-119-thread-1] INFO  server.RaftServerConfigKeys (ConfUtils.java:logGet(44)) - raft.server.notification.no-leader.timeout = 300000ms (custom)
2021-04-29 10:57:22,223 [pool-119-thread-1] INFO  server.RaftServerConfigKeys (ConfUtils.java:logGet(44)) - raft.server.log.use.memory = false (default)
2021-04-29 10:57:22,223 [pool-119-thread-1] INFO  server.RaftServerConfigKeys (ConfUtils.java:logGet(44)) - raft.server.log.purge.gap = 1000000 (custom)
2021-04-29 10:57:22,223 [pool-119-thread-1] INFO  server.RaftServerConfigKeys (ConfUtils.java:logGet(44)) - raft.server.log.appender.buffer.byte-limit = 33554432 (custom)
2021-04-29 10:57:22,223 [pool-119-thread-1] INFO  metrics.RatisMetrics (RatisMetrics.java:lambda$create$0(36)) - Creating Metrics Registry : ratis.log_worker.2394195c-5b30-4756-b242-a473be14be87@group-A5EBDE40635D
2021-04-29 10:57:22,224 [pool-119-thread-1] INFO  server.RaftServerConfigKeys (ConfUtils.java:logGet(44)) - raft.server.log.segment.size.max = 1048576 (custom)
2021-04-29 10:57:22,224 [pool-119-thread-1] INFO  server.RaftServerConfigKeys (ConfUtils.java:logGet(44)) - raft.server.log.segment.cache.num.max = 2 (custom)
2021-04-29 10:57:22,224 [pool-119-thread-1] INFO  server.RaftServerConfigKeys (ConfUtils.java:logGet(44)) - raft.server.log.segment.cache.size.max = 200MB (=209715200) (default)
2021-04-29 10:57:22,224 [pool-119-thread-1] INFO  segmented.SegmentedRaftLogWorker (SegmentedRaftLogWorker.java:<init>(182)) - new 2394195c-5b30-4756-b242-a473be14be87@group-A5EBDE40635D-SegmentedRaftLogWorker for RaftStorageImpl:Storage Directory /github/workspace/mnt/ozone/hadoop-ozone/integration-test/target/test-dir/MiniOzoneClusterImpl-2726c7ec-cf5f-4d18-8e0d-a0ed93d2ecae/datanode-4/data/ratis/3f0dbdb8-797e-4e9e-b690-a5ebde40635d
2021-04-29 10:57:22,225 [pool-119-thread-1] INFO  server.RaftServerConfigKeys (ConfUtils.java:logGet(44)) - raft.server.log.queue.byte-limit = 2147483647 (custom)
2021-04-29 10:57:22,225 [pool-119-thread-1] INFO  server.RaftServerConfigKeys (ConfUtils.java:logGet(44)) - raft.server.log.queue.element-limit = 1024 (custom)
2021-04-29 10:57:22,225 [pool-119-thread-1] INFO  server.RaftServerConfigKeys (ConfUtils.java:logGet(44)) - raft.server.log.segment.size.max = 1048576 (custom)
2021-04-29 10:57:22,225 [pool-119-thread-1] INFO  server.RaftServerConfigKeys (ConfUtils.java:logGet(44)) - raft.server.log.preallocated.size = 16384 (custom)
2021-04-29 10:57:22,225 [pool-119-thread-1] INFO  server.RaftServerConfigKeys (ConfUtils.java:logGet(44)) - raft.server.log.force.sync.num = 128 (default)
2021-04-29 10:57:22,225 [pool-119-thread-1] INFO  server.RaftServerConfigKeys (ConfUtils.java:logGet(44)) - raft.server.log.statemachine.data.sync = true (default)
2021-04-29 10:57:22,225 [pool-119-thread-1] INFO  server.RaftServerConfigKeys (ConfUtils.java:logGet(44)) - raft.server.log.statemachine.data.sync.timeout = 10s (default)
2021-04-29 10:57:22,225 [pool-119-thread-1] INFO  server.RaftServerConfigKeys (ConfUtils.java:logGet(44)) - raft.server.log.statemachine.data.sync.timeout.retry = -1 (default)
2021-04-29 10:57:22,228 [pool-119-thread-1] INFO  server.RaftServerConfigKeys (ConfUtils.java:logGet(44)) - raft.server.log.write.buffer.size = 1048576 (custom)
2021-04-29 10:57:22,229 [pool-119-thread-1] INFO  server.RaftServerConfigKeys (ConfUtils.java:logGet(44)) - raft.server.log.statemachine.data.caching.enabled = true (custom)
2021-04-29 10:57:22,230 [pool-119-thread-1] INFO  segmented.SegmentedRaftLogWorker (SegmentedRaftLogWorker.java:lambda$new$0(133)) - 2394195c-5b30-4756-b242-a473be14be87@group-A5EBDE40635D-SegmentedRaftLogWorker: flushIndex: setUnconditionally 0 -> -1
2021-04-29 10:57:22,230 [pool-119-thread-1] INFO  segmented.SegmentedRaftLogWorker (SegmentedRaftLogWorker.java:lambda$new$0(133)) - 2394195c-5b30-4756-b242-a473be14be87@group-A5EBDE40635D-SegmentedRaftLogWorker: safeCacheEvictIndex: setUnconditionally 0 -> -1
2021-04-29 10:57:22,234 [pool-119-thread-1] INFO  server.RaftServerConfigKeys (ConfUtils.java:logGet(44)) - raft.server.snapshot.auto.trigger.enabled = true (custom)
2021-04-29 10:57:22,234 [pool-119-thread-1] INFO  server.RaftServerConfigKeys (ConfUtils.java:logGet(44)) - raft.server.snapshot.auto.trigger.threshold = 10000 (custom)
2021-04-29 10:57:22,234 [pool-119-thread-1] INFO  server.RaftServerConfigKeys (ConfUtils.java:logGet(44)) - raft.server.snapshot.retention.file.num = 5 (custom)
2021-04-29 10:57:22,234 [pool-119-thread-1] INFO  server.RaftServerConfigKeys (ConfUtils.java:logGet(44)) - raft.server.log.purge.upto.snapshot.index = false (default)
2021-04-29 10:57:22,234 [pool-119-thread-1] INFO  server.RaftServerConfigKeys (ConfUtils.java:logGet(44)) - raft.server.retrycache.expirytime = 600000ms (custom)
2021-04-29 10:57:22,234 [pool-119-thread-1] INFO  server.RaftServerConfigKeys (ConfUtils.java:logGet(44)) - raft.server.retrycache.statistics.expirytime = 100?s (default)
2021-04-29 10:57:22,234 [pool-119-thread-1] INFO  metrics.RatisMetrics (RatisMetrics.java:lambda$create$0(36)) - Creating Metrics Registry : ratis.leader_election.2394195c-5b30-4756-b242-a473be14be87@group-A5EBDE40635D
2021-04-29 10:57:22,235 [pool-119-thread-1] INFO  metrics.RatisMetrics (RatisMetrics.java:lambda$create$0(36)) - Creating Metrics Registry : ratis.server.2394195c-5b30-4756-b242-a473be14be87@group-A5EBDE40635D
2021-04-29 10:57:22,237 [pool-119-thread-1] INFO  server.RaftServer$Division (RaftServerImpl.java:start(295)) - 2394195c-5b30-4756-b242-a473be14be87@group-A5EBDE40635D: start as a follower, conf=-1: [2394195c-5b30-4756-b242-a473be14be87|rpc:172.17.0.2:32961|dataStream:|priority:0, aef91e02-660b-41a2-9835-9ea111f967cb|rpc:172.17.0.2:37695|dataStream:|priority:1, b6ea065c-5c0f-4b9b-a36c-1baff64c27e7|rpc:172.17.0.2:42915|dataStream:|priority:0], old=null
2021-04-29 10:57:22,237 [pool-119-thread-1] INFO  server.RaftServer$Division (RaftServerImpl.java:setRole(284)) - 2394195c-5b30-4756-b242-a473be14be87@group-A5EBDE40635D: changes role from      null to FOLLOWER at term 0 for startAsFollower
2021-04-29 10:57:22,237 [pool-119-thread-1] INFO  impl.RoleInfo (RoleInfo.java:updateAndGet(130)) - 2394195c-5b30-4756-b242-a473be14be87: start 2394195c-5b30-4756-b242-a473be14be87@group-A5EBDE40635D-FollowerState
2021-04-29 10:57:22,237 [pool-119-thread-1] INFO  util.JmxRegister (JmxRegister.java:tryRegister(44)) - Successfully registered JMX Bean with object name Ratis:service=RaftServer,group=group-A5EBDE40635D,id=2394195c-5b30-4756-b242-a473be14be87
2021-04-29 10:57:22,237 [pool-119-thread-1] INFO  metrics.RatisMetrics (RatisMetrics.java:lambda$create$0(36)) - Creating Metrics Registry : ratis.state_machine.2394195c-5b30-4756-b242-a473be14be87@group-A5EBDE40635D
2021-04-29 10:57:22,248 [Command processor thread] INFO  metrics.RatisMetrics (RatisMetrics.java:lambda$create$0(36)) - Creating Metrics Registry : ratis.client_message_metrics.client-62275137833D->aef91e02-660b-41a2-9835-9ea111f967cb
2021-04-29 10:57:22,265 [grpc-default-executor-0] INFO  metrics.RatisMetrics (RatisMetrics.java:lambda$create$0(36)) - Creating Metrics Registry : ratis.server_message_metrics.aef91e02-660b-41a2-9835-9ea111f967cb
2021-04-29 10:57:22,275 [grpc-default-executor-0] INFO  server.RaftServer (RaftServerProxy.java:addNew(95)) - aef91e02-660b-41a2-9835-9ea111f967cb: addNew group-A5EBDE40635D:[2394195c-5b30-4756-b242-a473be14be87|rpc:172.17.0.2:32961|dataStream:|priority:0, aef91e02-660b-41a2-9835-9ea111f967cb|rpc:172.17.0.2:37695|dataStream:|priority:1, b6ea065c-5c0f-4b9b-a36c-1baff64c27e7|rpc:172.17.0.2:42915|dataStream:|priority:0] returns group-A5EBDE40635D:java.util.concurrent.CompletableFuture@4cbab667[Not completed]
2021-04-29 10:57:22,286 [EventQueue-PipelineReportForOneReplicaPipelineSafeModeRule] INFO  safemode.SCMSafeModeManager (SCMSafeModeManager.java:validateSafeModeExitRules(201)) - AtleastOneDatanodeReportedRule rule is successfully validated
2021-04-29 10:57:22,286 [EventQueue-OpenPipelineForHealthyPipelineSafeModeRule] INFO  safemode.SCMSafeModeManager (HealthyPipelineSafeModeRule.java:process(130)) - SCM in safe mode. Healthy pipelines reported count is 0, required healthy pipeline reported count is 1
2021-04-29 10:57:22,291 [pool-137-thread-1] INFO  server.RaftServer$Division (RaftServerImpl.java:<init>(180)) - aef91e02-660b-41a2-9835-9ea111f967cb: new RaftServerImpl for group-A5EBDE40635D:[2394195c-5b30-4756-b242-a473be14be87|rpc:172.17.0.2:32961|dataStream:|priority:0, aef91e02-660b-41a2-9835-9ea111f967cb|rpc:172.17.0.2:37695|dataStream:|priority:1, b6ea065c-5c0f-4b9b-a36c-1baff64c27e7|rpc:172.17.0.2:42915|dataStream:|priority:0] with ContainerStateMachine:uninitialized
2021-04-29 10:57:22,293 [pool-137-thread-1] INFO  server.RaftServerConfigKeys (ConfUtils.java:logGet(44)) - raft.server.rpc.timeout.min = 5s (custom)
2021-04-29 10:57:22,293 [pool-137-thread-1] INFO  server.RaftServerConfigKeys (ConfUtils.java:logGet(44)) - raft.server.rpc.timeout.max = 5200ms (custom)
2021-04-29 10:57:22,294 [pool-137-thread-1] INFO  server.RaftServerConfigKeys (ConfUtils.java:logGet(44)) - raft.server.rpc.sleep.time = 25ms (default)
2021-04-29 10:57:22,294 [pool-137-thread-1] INFO  server.RaftServerConfigKeys (ConfUtils.java:logGet(44)) - raft.server.rpc.slowness.timeout = 300000ms (custom)
2021-04-29 10:57:22,294 [pool-137-thread-1] INFO  server.RaftServerConfigKeys (ConfUtils.java:logGet(44)) - raft.server.leaderelection.leader.step-down.wait-time = 10s (default)
2021-04-29 10:57:22,294 [pool-137-thread-1] INFO  server.RaftServerConfigKeys (ConfUtils.java:logGet(44)) - raft.server.sleep.deviation.threshold = 300ms (default)
2021-04-29 10:57:22,294 [pool-137-thread-1] INFO  server.RaftServerConfigKeys (ConfUtils.java:logGet(44)) - raft.server.log.appender.install.snapshot.enabled = false (custom)
2021-04-29 10:57:22,294 [pool-137-thread-1] INFO  server.RaftServer$Division (ServerState.java:<init>(105)) - aef91e02-660b-41a2-9835-9ea111f967cb@group-A5EBDE40635D: ConfigurationManager, init=-1: [2394195c-5b30-4756-b242-a473be14be87|rpc:172.17.0.2:32961|dataStream:|priority:0, aef91e02-660b-41a2-9835-9ea111f967cb|rpc:172.17.0.2:37695|dataStream:|priority:1, b6ea065c-5c0f-4b9b-a36c-1baff64c27e7|rpc:172.17.0.2:42915|dataStream:|priority:0], old=null, confs=<EMPTY_MAP>
2021-04-29 10:57:22,294 [pool-137-thread-1] INFO  server.RaftServerConfigKeys (ConfUtils.java:logGet(44)) - raft.server.storage.dir = [/github/workspace/mnt/ozone/hadoop-ozone/integration-test/target/test-dir/MiniOzoneClusterImpl-2726c7ec-cf5f-4d18-8e0d-a0ed93d2ecae/datanode-5/data/ratis] (custom)
2021-04-29 10:57:22,295 [pool-137-thread-1] INFO  server.RaftServerConfigKeys (ConfUtils.java:logGet(44)) - raft.server.log.corruption.policy = EXCEPTION (default)
2021-04-29 10:57:22,295 [pool-137-thread-1] INFO  storage.RaftStorageDirectory (RaftStorageDirectoryImpl.java:analyzeStorage(132)) - The storage directory /github/workspace/mnt/ozone/hadoop-ozone/integration-test/target/test-dir/MiniOzoneClusterImpl-2726c7ec-cf5f-4d18-8e0d-a0ed93d2ecae/datanode-5/data/ratis/3f0dbdb8-797e-4e9e-b690-a5ebde40635d does not exist. Creating ...
2021-04-29 10:57:22,297 [pool-137-thread-1] INFO  storage.RaftStorageDirectory (RaftStorageDirectoryImpl.java:tryLock(215)) - Lock on /github/workspace/mnt/ozone/hadoop-ozone/integration-test/target/test-dir/MiniOzoneClusterImpl-2726c7ec-cf5f-4d18-8e0d-a0ed93d2ecae/datanode-5/data/ratis/3f0dbdb8-797e-4e9e-b690-a5ebde40635d/in_use.lock acquired by nodename 12126@8023de4eb765
2021-04-29 10:57:22,299 [pool-137-thread-1] INFO  storage.RaftStorage (RaftStorageImpl.java:format(87)) - Storage directory /github/workspace/mnt/ozone/hadoop-ozone/integration-test/target/test-dir/MiniOzoneClusterImpl-2726c7ec-cf5f-4d18-8e0d-a0ed93d2ecae/datanode-5/data/ratis/3f0dbdb8-797e-4e9e-b690-a5ebde40635d has been successfully formatted.
2021-04-29 10:57:22,299 [pool-137-thread-1] INFO  ratis.ContainerStateMachine (ContainerStateMachine.java:loadSnapshot(224)) - group-A5EBDE40635D: The snapshot info is null. Setting the last applied indexto:(t:0, i:~)
2021-04-29 10:57:22,299 [pool-137-thread-1] INFO  server.RaftServerConfigKeys (ConfUtils.java:logGet(44)) - raft.server.notification.no-leader.timeout = 300000ms (custom)
2021-04-29 10:57:22,299 [pool-137-thread-1] INFO  server.RaftServerConfigKeys (ConfUtils.java:logGet(44)) - raft.server.log.use.memory = false (default)
2021-04-29 10:57:22,299 [pool-137-thread-1] INFO  server.RaftServerConfigKeys (ConfUtils.java:logGet(44)) - raft.server.log.purge.gap = 1000000 (custom)
2021-04-29 10:57:22,299 [pool-137-thread-1] INFO  server.RaftServerConfigKeys (ConfUtils.java:logGet(44)) - raft.server.log.appender.buffer.byte-limit = 33554432 (custom)
2021-04-29 10:57:22,300 [pool-137-thread-1] INFO  metrics.RatisMetrics (RatisMetrics.java:lambda$create$0(36)) - Creating Metrics Registry : ratis.log_worker.aef91e02-660b-41a2-9835-9ea111f967cb@group-A5EBDE40635D
2021-04-29 10:57:22,303 [pool-137-thread-1] INFO  server.RaftServerConfigKeys (ConfUtils.java:logGet(44)) - raft.server.log.segment.size.max = 1048576 (custom)
2021-04-29 10:57:22,303 [EventQueue-PipelineReportForOneReplicaPipelineSafeModeRule] INFO  safemode.SCMSafeModeManager (SCMSafeModeManager.java:validateSafeModeExitRules(201)) - AtleastOneDatanodeReportedRule rule is successfully validated
2021-04-29 10:57:22,303 [pool-137-thread-1] INFO  server.RaftServerConfigKeys (ConfUtils.java:logGet(44)) - raft.server.log.segment.cache.num.max = 2 (custom)
2021-04-29 10:57:22,304 [pool-137-thread-1] INFO  server.RaftServerConfigKeys (ConfUtils.java:logGet(44)) - raft.server.log.segment.cache.size.max = 200MB (=209715200) (default)
2021-04-29 10:57:22,304 [pool-137-thread-1] INFO  segmented.SegmentedRaftLogWorker (SegmentedRaftLogWorker.java:<init>(182)) - new aef91e02-660b-41a2-9835-9ea111f967cb@group-A5EBDE40635D-SegmentedRaftLogWorker for RaftStorageImpl:Storage Directory /github/workspace/mnt/ozone/hadoop-ozone/integration-test/target/test-dir/MiniOzoneClusterImpl-2726c7ec-cf5f-4d18-8e0d-a0ed93d2ecae/datanode-5/data/ratis/3f0dbdb8-797e-4e9e-b690-a5ebde40635d
2021-04-29 10:57:22,304 [pool-137-thread-1] INFO  server.RaftServerConfigKeys (ConfUtils.java:logGet(44)) - raft.server.log.queue.byte-limit = 2147483647 (custom)
2021-04-29 10:57:22,304 [pool-137-thread-1] INFO  server.RaftServerConfigKeys (ConfUtils.java:logGet(44)) - raft.server.log.queue.element-limit = 1024 (custom)
2021-04-29 10:57:22,304 [pool-137-thread-1] INFO  server.RaftServerConfigKeys (ConfUtils.java:logGet(44)) - raft.server.log.segment.size.max = 1048576 (custom)
2021-04-29 10:57:22,305 [pool-137-thread-1] INFO  server.RaftServerConfigKeys (ConfUtils.java:logGet(44)) - raft.server.log.preallocated.size = 16384 (custom)
2021-04-29 10:57:22,305 [pool-137-thread-1] INFO  server.RaftServerConfigKeys (ConfUtils.java:logGet(44)) - raft.server.log.force.sync.num = 128 (default)
2021-04-29 10:57:22,305 [pool-137-thread-1] INFO  server.RaftServerConfigKeys (ConfUtils.java:logGet(44)) - raft.server.log.statemachine.data.sync = true (default)
2021-04-29 10:57:22,305 [pool-137-thread-1] INFO  server.RaftServerConfigKeys (ConfUtils.java:logGet(44)) - raft.server.log.statemachine.data.sync.timeout = 10s (default)
2021-04-29 10:57:22,305 [pool-137-thread-1] INFO  server.RaftServerConfigKeys (ConfUtils.java:logGet(44)) - raft.server.log.statemachine.data.sync.timeout.retry = -1 (default)
2021-04-29 10:57:22,306 [pool-137-thread-1] INFO  server.RaftServerConfigKeys (ConfUtils.java:logGet(44)) - raft.server.log.write.buffer.size = 1048576 (custom)
2021-04-29 10:57:22,307 [pool-137-thread-1] INFO  server.RaftServerConfigKeys (ConfUtils.java:logGet(44)) - raft.server.log.statemachine.data.caching.enabled = true (custom)
2021-04-29 10:57:22,307 [pool-137-thread-1] INFO  segmented.SegmentedRaftLogWorker (SegmentedRaftLogWorker.java:lambda$new$0(133)) - aef91e02-660b-41a2-9835-9ea111f967cb@group-A5EBDE40635D-SegmentedRaftLogWorker: flushIndex: setUnconditionally 0 -> -1
2021-04-29 10:57:22,307 [pool-137-thread-1] INFO  segmented.SegmentedRaftLogWorker (SegmentedRaftLogWorker.java:lambda$new$0(133)) - aef91e02-660b-41a2-9835-9ea111f967cb@group-A5EBDE40635D-SegmentedRaftLogWorker: safeCacheEvictIndex: setUnconditionally 0 -> -1
2021-04-29 10:57:22,307 [pool-137-thread-1] INFO  server.RaftServerConfigKeys (ConfUtils.java:logGet(44)) - raft.server.snapshot.auto.trigger.enabled = true (custom)
2021-04-29 10:57:22,307 [pool-137-thread-1] INFO  server.RaftServerConfigKeys (ConfUtils.java:logGet(44)) - raft.server.snapshot.auto.trigger.threshold = 10000 (custom)
2021-04-29 10:57:22,308 [pool-137-thread-1] INFO  server.RaftServerConfigKeys (ConfUtils.java:logGet(44)) - raft.server.snapshot.retention.file.num = 5 (custom)
2021-04-29 10:57:22,308 [pool-137-thread-1] INFO  server.RaftServerConfigKeys (ConfUtils.java:logGet(44)) - raft.server.log.purge.upto.snapshot.index = false (default)
2021-04-29 10:57:22,308 [pool-137-thread-1] INFO  server.RaftServerConfigKeys (ConfUtils.java:logGet(44)) - raft.server.retrycache.expirytime = 600000ms (custom)
2021-04-29 10:57:22,308 [pool-137-thread-1] INFO  server.RaftServerConfigKeys (ConfUtils.java:logGet(44)) - raft.server.retrycache.statistics.expirytime = 100?s (default)
2021-04-29 10:57:22,308 [pool-137-thread-1] INFO  metrics.RatisMetrics (RatisMetrics.java:lambda$create$0(36)) - Creating Metrics Registry : ratis.leader_election.aef91e02-660b-41a2-9835-9ea111f967cb@group-A5EBDE40635D
2021-04-29 10:57:22,309 [pool-137-thread-1] INFO  metrics.RatisMetrics (RatisMetrics.java:lambda$create$0(36)) - Creating Metrics Registry : ratis.server.aef91e02-660b-41a2-9835-9ea111f967cb@group-A5EBDE40635D
2021-04-29 10:57:22,310 [pool-137-thread-1] INFO  server.RaftServer$Division (RaftServerImpl.java:start(295)) - aef91e02-660b-41a2-9835-9ea111f967cb@group-A5EBDE40635D: start as a follower, conf=-1: [2394195c-5b30-4756-b242-a473be14be87|rpc:172.17.0.2:32961|dataStream:|priority:0, aef91e02-660b-41a2-9835-9ea111f967cb|rpc:172.17.0.2:37695|dataStream:|priority:1, b6ea065c-5c0f-4b9b-a36c-1baff64c27e7|rpc:172.17.0.2:42915|dataStream:|priority:0], old=null
2021-04-29 10:57:22,310 [pool-137-thread-1] INFO  server.RaftServer$Division (RaftServerImpl.java:setRole(284)) - aef91e02-660b-41a2-9835-9ea111f967cb@group-A5EBDE40635D: changes role from      null to FOLLOWER at term 0 for startAsFollower
2021-04-29 10:57:22,310 [pool-137-thread-1] INFO  impl.RoleInfo (RoleInfo.java:updateAndGet(130)) - aef91e02-660b-41a2-9835-9ea111f967cb: start aef91e02-660b-41a2-9835-9ea111f967cb@group-A5EBDE40635D-FollowerState
2021-04-29 10:57:22,310 [pool-137-thread-1] INFO  util.JmxRegister (JmxRegister.java:tryRegister(44)) - Successfully registered JMX Bean with object name Ratis:service=RaftServer,group=group-A5EBDE40635D,id=aef91e02-660b-41a2-9835-9ea111f967cb
2021-04-29 10:57:22,312 [pool-137-thread-1] INFO  metrics.RatisMetrics (RatisMetrics.java:lambda$create$0(36)) - Creating Metrics Registry : ratis.state_machine.aef91e02-660b-41a2-9835-9ea111f967cb@group-A5EBDE40635D
2021-04-29 10:57:22,333 [Command processor thread] INFO  commandhandler.CreatePipelineCommandHandler (CreatePipelineCommandHandler.java:handle(106)) - Created Pipeline RATIS THREE PipelineID=3f0dbdb8-797e-4e9e-b690-a5ebde40635d.
2021-04-29 10:57:22,402 [Command processor thread] INFO  server.RaftServer (RaftServerProxy.java:addNew(95)) - 2394195c-5b30-4756-b242-a473be14be87: addNew group-9B9DEE57546E:[2394195c-5b30-4756-b242-a473be14be87|rpc:172.17.0.2:32961|priority:1] returns group-9B9DEE57546E:java.util.concurrent.CompletableFuture@640225b4[Not completed]
2021-04-29 10:57:22,403 [pool-119-thread-1] INFO  server.RaftServer$Division (RaftServerImpl.java:<init>(180)) - 2394195c-5b30-4756-b242-a473be14be87: new RaftServerImpl for group-9B9DEE57546E:[2394195c-5b30-4756-b242-a473be14be87|rpc:172.17.0.2:32961|priority:1] with ContainerStateMachine:uninitialized
2021-04-29 10:57:22,404 [pool-119-thread-1] INFO  server.RaftServerConfigKeys (ConfUtils.java:logGet(44)) - raft.server.rpc.timeout.min = 5s (custom)
2021-04-29 10:57:22,404 [pool-119-thread-1] INFO  server.RaftServerConfigKeys (ConfUtils.java:logGet(44)) - raft.server.rpc.timeout.max = 5200ms (custom)
2021-04-29 10:57:22,404 [pool-119-thread-1] INFO  server.RaftServerConfigKeys (ConfUtils.java:logGet(44)) - raft.server.rpc.sleep.time = 25ms (default)
2021-04-29 10:57:22,404 [pool-119-thread-1] INFO  server.RaftServerConfigKeys (ConfUtils.java:logGet(44)) - raft.server.rpc.slowness.timeout = 300000ms (custom)
2021-04-29 10:57:22,404 [pool-119-thread-1] INFO  server.RaftServerConfigKeys (ConfUtils.java:logGet(44)) - raft.server.leaderelection.leader.step-down.wait-time = 10s (default)
2021-04-29 10:57:22,404 [pool-119-thread-1] INFO  server.RaftServerConfigKeys (ConfUtils.java:logGet(44)) - raft.server.sleep.deviation.threshold = 300ms (default)
2021-04-29 10:57:22,404 [pool-119-thread-1] INFO  server.RaftServerConfigKeys (ConfUtils.java:logGet(44)) - raft.server.log.appender.install.snapshot.enabled = false (custom)
2021-04-29 10:57:22,404 [pool-119-thread-1] INFO  server.RaftServer$Division (ServerState.java:<init>(105)) - 2394195c-5b30-4756-b242-a473be14be87@group-9B9DEE57546E: ConfigurationManager, init=-1: [2394195c-5b30-4756-b242-a473be14be87|rpc:172.17.0.2:32961|priority:1], old=null, confs=<EMPTY_MAP>
2021-04-29 10:57:22,404 [pool-119-thread-1] INFO  server.RaftServerConfigKeys (ConfUtils.java:logGet(44)) - raft.server.storage.dir = [/github/workspace/mnt/ozone/hadoop-ozone/integration-test/target/test-dir/MiniOzoneClusterImpl-2726c7ec-cf5f-4d18-8e0d-a0ed93d2ecae/datanode-4/data/ratis] (custom)
2021-04-29 10:57:22,405 [pool-119-thread-1] INFO  server.RaftServerConfigKeys (ConfUtils.java:logGet(44)) - raft.server.log.corruption.policy = EXCEPTION (default)
2021-04-29 10:57:22,405 [pool-119-thread-1] INFO  storage.RaftStorageDirectory (RaftStorageDirectoryImpl.java:analyzeStorage(132)) - The storage directory /github/workspace/mnt/ozone/hadoop-ozone/integration-test/target/test-dir/MiniOzoneClusterImpl-2726c7ec-cf5f-4d18-8e0d-a0ed93d2ecae/datanode-4/data/ratis/05d9c834-934a-4097-9a93-9b9dee57546e does not exist. Creating ...
2021-04-29 10:57:22,408 [pool-119-thread-1] INFO  storage.RaftStorageDirectory (RaftStorageDirectoryImpl.java:tryLock(215)) - Lock on /github/workspace/mnt/ozone/hadoop-ozone/integration-test/target/test-dir/MiniOzoneClusterImpl-2726c7ec-cf5f-4d18-8e0d-a0ed93d2ecae/datanode-4/data/ratis/05d9c834-934a-4097-9a93-9b9dee57546e/in_use.lock acquired by nodename 12126@8023de4eb765
2021-04-29 10:57:22,410 [pool-119-thread-1] INFO  storage.RaftStorage (RaftStorageImpl.java:format(87)) - Storage directory /github/workspace/mnt/ozone/hadoop-ozone/integration-test/target/test-dir/MiniOzoneClusterImpl-2726c7ec-cf5f-4d18-8e0d-a0ed93d2ecae/datanode-4/data/ratis/05d9c834-934a-4097-9a93-9b9dee57546e has been successfully formatted.
2021-04-29 10:57:22,410 [pool-119-thread-1] INFO  ratis.ContainerStateMachine (ContainerStateMachine.java:loadSnapshot(224)) - group-9B9DEE57546E: The snapshot info is null. Setting the last applied indexto:(t:0, i:~)
2021-04-29 10:57:22,412 [EventQueue-PipelineReportForPipelineReportHandler] INFO  pipeline.PipelineManagerV2Impl (PipelineManagerV2Impl.java:openPipeline(270)) - Pipeline Pipeline[ Id: 05d9c834-934a-4097-9a93-9b9dee57546e, Nodes: 2394195c-5b30-4756-b242-a473be14be87{ip: 172.17.0.2, host: 8023de4eb765, ports: [REPLICATION=41399, RATIS=32961, RATIS_ADMIN=32961, RATIS_SERVER=32961, STANDALONE=34257], networkLocation: /default-rack, certSerialId: null, persistedOpState: IN_SERVICE, persistedOpStateExpiryEpochSec: 0}, ReplicationConfig: RATIS/ONE, State:ALLOCATED, leaderId:2394195c-5b30-4756-b242-a473be14be87, CreationTimestamp2021-04-29T10:57:19.402Z] moved to OPEN state
2021-04-29 10:57:22,413 [EventQueue-PipelineReportForOneReplicaPipelineSafeModeRule] INFO  safemode.SCMSafeModeManager (SCMSafeModeManager.java:validateSafeModeExitRules(201)) - AtleastOneDatanodeReportedRule rule is successfully validated
2021-04-29 10:57:22,413 [EventQueue-OpenPipelineForHealthyPipelineSafeModeRule] INFO  safemode.SCMSafeModeManager (HealthyPipelineSafeModeRule.java:process(130)) - SCM in safe mode. Healthy pipelines reported count is 0, required healthy pipeline reported count is 1
2021-04-29 10:57:22,429 [pool-119-thread-1] INFO  server.RaftServerConfigKeys (ConfUtils.java:logGet(44)) - raft.server.notification.no-leader.timeout = 300000ms (custom)
2021-04-29 10:57:22,429 [pool-119-thread-1] INFO  server.RaftServerConfigKeys (ConfUtils.java:logGet(44)) - raft.server.log.use.memory = false (default)
2021-04-29 10:57:22,430 [pool-119-thread-1] INFO  server.RaftServerConfigKeys (ConfUtils.java:logGet(44)) - raft.server.log.purge.gap = 1000000 (custom)
2021-04-29 10:57:22,430 [pool-119-thread-1] INFO  server.RaftServerConfigKeys (ConfUtils.java:logGet(44)) - raft.server.log.appender.buffer.byte-limit = 33554432 (custom)
2021-04-29 10:57:22,430 [pool-119-thread-1] INFO  metrics.RatisMetrics (RatisMetrics.java:lambda$create$0(36)) - Creating Metrics Registry : ratis.log_worker.2394195c-5b30-4756-b242-a473be14be87@group-9B9DEE57546E
2021-04-29 10:57:22,430 [pool-119-thread-1] INFO  server.RaftServerConfigKeys (ConfUtils.java:logGet(44)) - raft.server.log.segment.size.max = 1048576 (custom)
2021-04-29 10:57:22,431 [pool-119-thread-1] INFO  server.RaftServerConfigKeys (ConfUtils.java:logGet(44)) - raft.server.log.segment.cache.num.max = 2 (custom)
2021-04-29 10:57:22,431 [pool-119-thread-1] INFO  server.RaftServerConfigKeys (ConfUtils.java:logGet(44)) - raft.server.log.segment.cache.size.max = 200MB (=209715200) (default)
2021-04-29 10:57:22,431 [pool-119-thread-1] INFO  segmented.SegmentedRaftLogWorker (SegmentedRaftLogWorker.java:<init>(182)) - new 2394195c-5b30-4756-b242-a473be14be87@group-9B9DEE57546E-SegmentedRaftLogWorker for RaftStorageImpl:Storage Directory /github/workspace/mnt/ozone/hadoop-ozone/integration-test/target/test-dir/MiniOzoneClusterImpl-2726c7ec-cf5f-4d18-8e0d-a0ed93d2ecae/datanode-4/data/ratis/05d9c834-934a-4097-9a93-9b9dee57546e
2021-04-29 10:57:22,431 [pool-119-thread-1] INFO  server.RaftServerConfigKeys (ConfUtils.java:logGet(44)) - raft.server.log.queue.byte-limit = 2147483647 (custom)
2021-04-29 10:57:22,431 [pool-119-thread-1] INFO  server.RaftServerConfigKeys (ConfUtils.java:logGet(44)) - raft.server.log.queue.element-limit = 1024 (custom)
2021-04-29 10:57:22,431 [pool-119-thread-1] INFO  server.RaftServerConfigKeys (ConfUtils.java:logGet(44)) - raft.server.log.segment.size.max = 1048576 (custom)
2021-04-29 10:57:22,432 [pool-119-thread-1] INFO  server.RaftServerConfigKeys (ConfUtils.java:logGet(44)) - raft.server.log.preallocated.size = 16384 (custom)
2021-04-29 10:57:22,432 [pool-119-thread-1] INFO  server.RaftServerConfigKeys (ConfUtils.java:logGet(44)) - raft.server.log.force.sync.num = 128 (default)
2021-04-29 10:57:22,432 [pool-119-thread-1] INFO  server.RaftServerConfigKeys (ConfUtils.java:logGet(44)) - raft.server.log.statemachine.data.sync = true (default)
2021-04-29 10:57:22,432 [pool-119-thread-1] INFO  server.RaftServerConfigKeys (ConfUtils.java:logGet(44)) - raft.server.log.statemachine.data.sync.timeout = 10s (default)
2021-04-29 10:57:22,432 [pool-119-thread-1] INFO  server.RaftServerConfigKeys (ConfUtils.java:logGet(44)) - raft.server.log.statemachine.data.sync.timeout.retry = -1 (default)
2021-04-29 10:57:22,438 [pool-119-thread-1] INFO  server.RaftServerConfigKeys (ConfUtils.java:logGet(44)) - raft.server.log.write.buffer.size = 1048576 (custom)
2021-04-29 10:57:22,439 [pool-119-thread-1] INFO  server.RaftServerConfigKeys (ConfUtils.java:logGet(44)) - raft.server.log.statemachine.data.caching.enabled = true (custom)
2021-04-29 10:57:22,439 [pool-119-thread-1] INFO  segmented.SegmentedRaftLogWorker (SegmentedRaftLogWorker.java:lambda$new$0(133)) - 2394195c-5b30-4756-b242-a473be14be87@group-9B9DEE57546E-SegmentedRaftLogWorker: flushIndex: setUnconditionally 0 -> -1
2021-04-29 10:57:22,439 [pool-119-thread-1] INFO  segmented.SegmentedRaftLogWorker (SegmentedRaftLogWorker.java:lambda$new$0(133)) - 2394195c-5b30-4756-b242-a473be14be87@group-9B9DEE57546E-SegmentedRaftLogWorker: safeCacheEvictIndex: setUnconditionally 0 -> -1
2021-04-29 10:57:22,440 [pool-119-thread-1] INFO  server.RaftServerConfigKeys (ConfUtils.java:logGet(44)) - raft.server.snapshot.auto.trigger.enabled = true (custom)
2021-04-29 10:57:22,440 [pool-119-thread-1] INFO  server.RaftServerConfigKeys (ConfUtils.java:logGet(44)) - raft.server.snapshot.auto.trigger.threshold = 10000 (custom)
2021-04-29 10:57:22,440 [pool-119-thread-1] INFO  server.RaftServerConfigKeys (ConfUtils.java:logGet(44)) - raft.server.snapshot.retention.file.num = 5 (custom)
2021-04-29 10:57:22,440 [pool-119-thread-1] INFO  server.RaftServerConfigKeys (ConfUtils.java:logGet(44)) - raft.server.log.purge.upto.snapshot.index = false (default)
2021-04-29 10:57:22,440 [pool-119-thread-1] INFO  server.RaftServerConfigKeys (ConfUtils.java:logGet(44)) - raft.server.retrycache.expirytime = 600000ms (custom)
2021-04-29 10:57:22,441 [pool-119-thread-1] INFO  server.RaftServerConfigKeys (ConfUtils.java:logGet(44)) - raft.server.retrycache.statistics.expirytime = 100?s (default)
2021-04-29 10:57:22,441 [pool-119-thread-1] INFO  metrics.RatisMetrics (RatisMetrics.java:lambda$create$0(36)) - Creating Metrics Registry : ratis.leader_election.2394195c-5b30-4756-b242-a473be14be87@group-9B9DEE57546E
2021-04-29 10:57:22,441 [pool-119-thread-1] INFO  metrics.RatisMetrics (RatisMetrics.java:lambda$create$0(36)) - Creating Metrics Registry : ratis.server.2394195c-5b30-4756-b242-a473be14be87@group-9B9DEE57546E
2021-04-29 10:57:22,442 [pool-119-thread-1] INFO  server.RaftServer$Division (RaftServerImpl.java:start(295)) - 2394195c-5b30-4756-b242-a473be14be87@group-9B9DEE57546E: start as a follower, conf=-1: [2394195c-5b30-4756-b242-a473be14be87|rpc:172.17.0.2:32961|priority:1], old=null
2021-04-29 10:57:22,443 [pool-119-thread-1] INFO  server.RaftServer$Division (RaftServerImpl.java:setRole(284)) - 2394195c-5b30-4756-b242-a473be14be87@group-9B9DEE57546E: changes role from      null to FOLLOWER at term 0 for startAsFollower
2021-04-29 10:57:22,443 [pool-119-thread-1] INFO  impl.RoleInfo (RoleInfo.java:updateAndGet(130)) - 2394195c-5b30-4756-b242-a473be14be87: start 2394195c-5b30-4756-b242-a473be14be87@group-9B9DEE57546E-FollowerState
2021-04-29 10:57:22,445 [pool-119-thread-1] INFO  util.JmxRegister (JmxRegister.java:tryRegister(44)) - Successfully registered JMX Bean with object name Ratis:service=RaftServer,group=group-9B9DEE57546E,id=2394195c-5b30-4756-b242-a473be14be87
2021-04-29 10:57:22,446 [pool-119-thread-1] INFO  metrics.RatisMetrics (RatisMetrics.java:lambda$create$0(36)) - Creating Metrics Registry : ratis.state_machine.2394195c-5b30-4756-b242-a473be14be87@group-9B9DEE57546E
2021-04-29 10:57:22,446 [Command processor thread] INFO  ratis.XceiverServerRatis (XceiverServerRatis.java:addGroup(808)) - Created group PipelineID=05d9c834-934a-4097-9a93-9b9dee57546e
2021-04-29 10:57:22,447 [Command processor thread] INFO  commandhandler.CreatePipelineCommandHandler (CreatePipelineCommandHandler.java:handle(106)) - Created Pipeline RATIS ONE PipelineID=05d9c834-934a-4097-9a93-9b9dee57546e.
2021-04-29 10:57:22,594 [Listener at 127.0.0.1/42781] INFO  ozone.MiniOzoneClusterImpl (MiniOzoneClusterImpl.java:lambda$waitForClusterToBeReady$0(224)) - Nodes are ready. Got 9 of 9 DN Heartbeats.
2021-04-29 10:57:22,594 [Listener at 127.0.0.1/42781] INFO  ozone.MiniOzoneClusterImpl (MiniOzoneClusterImpl.java:lambda$waitForClusterToBeReady$0(227)) - Waiting for cluster to exit safe mode
2021-04-29 10:57:22,594 [Listener at 127.0.0.1/42781] INFO  ozone.MiniOzoneClusterImpl (MiniOzoneClusterImpl.java:lambda$waitForClusterToBeReady$0(230)) - SCM became leader
2021-04-29 10:57:22,647 [Command processor thread] INFO  server.RaftServer (RaftServerProxy.java:addNew(95)) - aef91e02-660b-41a2-9835-9ea111f967cb: addNew group-62139CBECC78:[aef91e02-660b-41a2-9835-9ea111f967cb|rpc:172.17.0.2:37695|priority:1] returns group-62139CBECC78:java.util.concurrent.CompletableFuture@2725d223[Not completed]
2021-04-29 10:57:22,648 [pool-137-thread-1] INFO  server.RaftServer$Division (RaftServerImpl.java:<init>(180)) - aef91e02-660b-41a2-9835-9ea111f967cb: new RaftServerImpl for group-62139CBECC78:[aef91e02-660b-41a2-9835-9ea111f967cb|rpc:172.17.0.2:37695|priority:1] with ContainerStateMachine:uninitialized
2021-04-29 10:57:22,648 [pool-137-thread-1] INFO  server.RaftServerConfigKeys (ConfUtils.java:logGet(44)) - raft.server.rpc.timeout.min = 5s (custom)
2021-04-29 10:57:22,648 [pool-137-thread-1] INFO  server.RaftServerConfigKeys (ConfUtils.java:logGet(44)) - raft.server.rpc.timeout.max = 5200ms (custom)
2021-04-29 10:57:22,648 [pool-137-thread-1] INFO  server.RaftServerConfigKeys (ConfUtils.java:logGet(44)) - raft.server.rpc.sleep.time = 25ms (default)
2021-04-29 10:57:22,648 [pool-137-thread-1] INFO  server.RaftServerConfigKeys (ConfUtils.java:logGet(44)) - raft.server.rpc.slowness.timeout = 300000ms (custom)
2021-04-29 10:57:22,649 [pool-137-thread-1] INFO  server.RaftServerConfigKeys (ConfUtils.java:logGet(44)) - raft.server.leaderelection.leader.step-down.wait-time = 10s (default)
2021-04-29 10:57:22,649 [pool-137-thread-1] INFO  server.RaftServerConfigKeys (ConfUtils.java:logGet(44)) - raft.server.sleep.deviation.threshold = 300ms (default)
2021-04-29 10:57:22,649 [pool-137-thread-1] INFO  server.RaftServerConfigKeys (ConfUtils.java:logGet(44)) - raft.server.log.appender.install.snapshot.enabled = false (custom)
2021-04-29 10:57:22,649 [pool-137-thread-1] INFO  server.RaftServer$Division (ServerState.java:<init>(105)) - aef91e02-660b-41a2-9835-9ea111f967cb@group-62139CBECC78: ConfigurationManager, init=-1: [aef91e02-660b-41a2-9835-9ea111f967cb|rpc:172.17.0.2:37695|priority:1], old=null, confs=<EMPTY_MAP>
2021-04-29 10:57:22,649 [pool-137-thread-1] INFO  server.RaftServerConfigKeys (ConfUtils.java:logGet(44)) - raft.server.storage.dir = [/github/workspace/mnt/ozone/hadoop-ozone/integration-test/target/test-dir/MiniOzoneClusterImpl-2726c7ec-cf5f-4d18-8e0d-a0ed93d2ecae/datanode-5/data/ratis] (custom)
2021-04-29 10:57:22,649 [pool-137-thread-1] INFO  server.RaftServerConfigKeys (ConfUtils.java:logGet(44)) - raft.server.log.corruption.policy = EXCEPTION (default)
2021-04-29 10:57:22,649 [pool-137-thread-1] INFO  storage.RaftStorageDirectory (RaftStorageDirectoryImpl.java:analyzeStorage(132)) - The storage directory /github/workspace/mnt/ozone/hadoop-ozone/integration-test/target/test-dir/MiniOzoneClusterImpl-2726c7ec-cf5f-4d18-8e0d-a0ed93d2ecae/datanode-5/data/ratis/eb89ebc0-a6c3-49d4-bbf2-62139cbecc78 does not exist. Creating ...
2021-04-29 10:57:22,651 [pool-137-thread-1] INFO  storage.RaftStorageDirectory (RaftStorageDirectoryImpl.java:tryLock(215)) - Lock on /github/workspace/mnt/ozone/hadoop-ozone/integration-test/target/test-dir/MiniOzoneClusterImpl-2726c7ec-cf5f-4d18-8e0d-a0ed93d2ecae/datanode-5/data/ratis/eb89ebc0-a6c3-49d4-bbf2-62139cbecc78/in_use.lock acquired by nodename 12126@8023de4eb765
2021-04-29 10:57:22,653 [pool-137-thread-1] INFO  storage.RaftStorage (RaftStorageImpl.java:format(87)) - Storage directory /github/workspace/mnt/ozone/hadoop-ozone/integration-test/target/test-dir/MiniOzoneClusterImpl-2726c7ec-cf5f-4d18-8e0d-a0ed93d2ecae/datanode-5/data/ratis/eb89ebc0-a6c3-49d4-bbf2-62139cbecc78 has been successfully formatted.
2021-04-29 10:57:22,653 [pool-137-thread-1] INFO  ratis.ContainerStateMachine (ContainerStateMachine.java:loadSnapshot(224)) - group-62139CBECC78: The snapshot info is null. Setting the last applied indexto:(t:0, i:~)
2021-04-29 10:57:22,653 [pool-137-thread-1] INFO  server.RaftServerConfigKeys (ConfUtils.java:logGet(44)) - raft.server.notification.no-leader.timeout = 300000ms (custom)
2021-04-29 10:57:22,653 [pool-137-thread-1] INFO  server.RaftServerConfigKeys (ConfUtils.java:logGet(44)) - raft.server.log.use.memory = false (default)
2021-04-29 10:57:22,653 [pool-137-thread-1] INFO  server.RaftServerConfigKeys (ConfUtils.java:logGet(44)) - raft.server.log.purge.gap = 1000000 (custom)
2021-04-29 10:57:22,654 [pool-137-thread-1] INFO  server.RaftServerConfigKeys (ConfUtils.java:logGet(44)) - raft.server.log.appender.buffer.byte-limit = 33554432 (custom)
2021-04-29 10:57:22,654 [pool-137-thread-1] INFO  metrics.RatisMetrics (RatisMetrics.java:lambda$create$0(36)) - Creating Metrics Registry : ratis.log_worker.aef91e02-660b-41a2-9835-9ea111f967cb@group-62139CBECC78
2021-04-29 10:57:22,654 [pool-137-thread-1] INFO  server.RaftServerConfigKeys (ConfUtils.java:logGet(44)) - raft.server.log.segment.size.max = 1048576 (custom)
2021-04-29 10:57:22,654 [EventQueue-PipelineReportForPipelineReportHandler] INFO  pipeline.PipelineManagerV2Impl (PipelineManagerV2Impl.java:openPipeline(270)) - Pipeline Pipeline[ Id: eb89ebc0-a6c3-49d4-bbf2-62139cbecc78, Nodes: aef91e02-660b-41a2-9835-9ea111f967cb{ip: 172.17.0.2, host: 8023de4eb765, ports: [REPLICATION=42249, RATIS=37695, RATIS_ADMIN=37695, RATIS_SERVER=37695, STANDALONE=38459], networkLocation: /default-rack, certSerialId: null, persistedOpState: IN_SERVICE, persistedOpStateExpiryEpochSec: 0}, ReplicationConfig: RATIS/ONE, State:ALLOCATED, leaderId:aef91e02-660b-41a2-9835-9ea111f967cb, CreationTimestamp2021-04-29T10:57:19.653Z] moved to OPEN state
2021-04-29 10:57:22,655 [pool-137-thread-1] INFO  server.RaftServerConfigKeys (ConfUtils.java:logGet(44)) - raft.server.log.segment.cache.num.max = 2 (custom)
2021-04-29 10:57:22,655 [pool-137-thread-1] INFO  server.RaftServerConfigKeys (ConfUtils.java:logGet(44)) - raft.server.log.segment.cache.size.max = 200MB (=209715200) (default)
2021-04-29 10:57:22,655 [EventQueue-OpenPipelineForHealthyPipelineSafeModeRule] INFO  safemode.SCMSafeModeManager (HealthyPipelineSafeModeRule.java:process(130)) - SCM in safe mode. Healthy pipelines reported count is 0, required healthy pipeline reported count is 1
2021-04-29 10:57:22,655 [EventQueue-PipelineReportForOneReplicaPipelineSafeModeRule] INFO  safemode.SCMSafeModeManager (SCMSafeModeManager.java:validateSafeModeExitRules(201)) - AtleastOneDatanodeReportedRule rule is successfully validated
2021-04-29 10:57:22,655 [pool-137-thread-1] INFO  segmented.SegmentedRaftLogWorker (SegmentedRaftLogWorker.java:<init>(182)) - new aef91e02-660b-41a2-9835-9ea111f967cb@group-62139CBECC78-SegmentedRaftLogWorker for RaftStorageImpl:Storage Directory /github/workspace/mnt/ozone/hadoop-ozone/integration-test/target/test-dir/MiniOzoneClusterImpl-2726c7ec-cf5f-4d18-8e0d-a0ed93d2ecae/datanode-5/data/ratis/eb89ebc0-a6c3-49d4-bbf2-62139cbecc78
2021-04-29 10:57:22,658 [pool-137-thread-1] INFO  server.RaftServerConfigKeys (ConfUtils.java:logGet(44)) - raft.server.log.queue.byte-limit = 2147483647 (custom)
2021-04-29 10:57:22,658 [pool-137-thread-1] INFO  server.RaftServerConfigKeys (ConfUtils.java:logGet(44)) - raft.server.log.queue.element-limit = 1024 (custom)
2021-04-29 10:57:22,658 [pool-137-thread-1] INFO  server.RaftServerConfigKeys (ConfUtils.java:logGet(44)) - raft.server.log.segment.size.max = 1048576 (custom)
2021-04-29 10:57:22,658 [pool-137-thread-1] INFO  server.RaftServerConfigKeys (ConfUtils.java:logGet(44)) - raft.server.log.preallocated.size = 16384 (custom)
2021-04-29 10:57:22,658 [pool-137-thread-1] INFO  server.RaftServerConfigKeys (ConfUtils.java:logGet(44)) - raft.server.log.force.sync.num = 128 (default)
2021-04-29 10:57:22,658 [pool-137-thread-1] INFO  server.RaftServerConfigKeys (ConfUtils.java:logGet(44)) - raft.server.log.statemachine.data.sync = true (default)
2021-04-29 10:57:22,659 [pool-137-thread-1] INFO  server.RaftServerConfigKeys (ConfUtils.java:logGet(44)) - raft.server.log.statemachine.data.sync.timeout = 10s (default)
2021-04-29 10:57:22,659 [pool-137-thread-1] INFO  server.RaftServerConfigKeys (ConfUtils.java:logGet(44)) - raft.server.log.statemachine.data.sync.timeout.retry = -1 (default)
2021-04-29 10:57:22,660 [pool-137-thread-1] INFO  server.RaftServerConfigKeys (ConfUtils.java:logGet(44)) - raft.server.log.write.buffer.size = 1048576 (custom)
2021-04-29 10:57:22,660 [pool-137-thread-1] INFO  server.RaftServerConfigKeys (ConfUtils.java:logGet(44)) - raft.server.log.statemachine.data.caching.enabled = true (custom)
2021-04-29 10:57:22,661 [pool-137-thread-1] INFO  segmented.SegmentedRaftLogWorker (SegmentedRaftLogWorker.java:lambda$new$0(133)) - aef91e02-660b-41a2-9835-9ea111f967cb@group-62139CBECC78-SegmentedRaftLogWorker: flushIndex: setUnconditionally 0 -> -1
2021-04-29 10:57:22,661 [pool-137-thread-1] INFO  segmented.SegmentedRaftLogWorker (SegmentedRaftLogWorker.java:lambda$new$0(133)) - aef91e02-660b-41a2-9835-9ea111f967cb@group-62139CBECC78-SegmentedRaftLogWorker: safeCacheEvictIndex: setUnconditionally 0 -> -1
2021-04-29 10:57:22,661 [pool-137-thread-1] INFO  server.RaftServerConfigKeys (ConfUtils.java:logGet(44)) - raft.server.snapshot.auto.trigger.enabled = true (custom)
2021-04-29 10:57:22,661 [pool-137-thread-1] INFO  server.RaftServerConfigKeys (ConfUtils.java:logGet(44)) - raft.server.snapshot.auto.trigger.threshold = 10000 (custom)
2021-04-29 10:57:22,661 [pool-137-thread-1] INFO  server.RaftServerConfigKeys (ConfUtils.java:logGet(44)) - raft.server.snapshot.retention.file.num = 5 (custom)
2021-04-29 10:57:22,661 [pool-137-thread-1] INFO  server.RaftServerConfigKeys (ConfUtils.java:logGet(44)) - raft.server.log.purge.upto.snapshot.index = false (default)
2021-04-29 10:57:22,661 [pool-137-thread-1] INFO  server.RaftServerConfigKeys (ConfUtils.java:logGet(44)) - raft.server.retrycache.expirytime = 600000ms (custom)
2021-04-29 10:57:22,661 [pool-137-thread-1] INFO  server.RaftServerConfigKeys (ConfUtils.java:logGet(44)) - raft.server.retrycache.statistics.expirytime = 100?s (default)
2021-04-29 10:57:22,662 [pool-137-thread-1] INFO  metrics.RatisMetrics (RatisMetrics.java:lambda$create$0(36)) - Creating Metrics Registry : ratis.leader_election.aef91e02-660b-41a2-9835-9ea111f967cb@group-62139CBECC78
2021-04-29 10:57:22,663 [pool-137-thread-1] INFO  metrics.RatisMetrics (RatisMetrics.java:lambda$create$0(36)) - Creating Metrics Registry : ratis.server.aef91e02-660b-41a2-9835-9ea111f967cb@group-62139CBECC78
2021-04-29 10:57:22,664 [pool-137-thread-1] INFO  server.RaftServer$Division (RaftServerImpl.java:start(295)) - aef91e02-660b-41a2-9835-9ea111f967cb@group-62139CBECC78: start as a follower, conf=-1: [aef91e02-660b-41a2-9835-9ea111f967cb|rpc:172.17.0.2:37695|priority:1], old=null
2021-04-29 10:57:22,664 [pool-137-thread-1] INFO  server.RaftServer$Division (RaftServerImpl.java:setRole(284)) - aef91e02-660b-41a2-9835-9ea111f967cb@group-62139CBECC78: changes role from      null to FOLLOWER at term 0 for startAsFollower
2021-04-29 10:57:22,664 [pool-137-thread-1] INFO  impl.RoleInfo (RoleInfo.java:updateAndGet(130)) - aef91e02-660b-41a2-9835-9ea111f967cb: start aef91e02-660b-41a2-9835-9ea111f967cb@group-62139CBECC78-FollowerState
2021-04-29 10:57:22,664 [pool-137-thread-1] INFO  util.JmxRegister (JmxRegister.java:tryRegister(44)) - Successfully registered JMX Bean with object name Ratis:service=RaftServer,group=group-62139CBECC78,id=aef91e02-660b-41a2-9835-9ea111f967cb
2021-04-29 10:57:22,664 [pool-137-thread-1] INFO  metrics.RatisMetrics (RatisMetrics.java:lambda$create$0(36)) - Creating Metrics Registry : ratis.state_machine.aef91e02-660b-41a2-9835-9ea111f967cb@group-62139CBECC78
2021-04-29 10:57:22,665 [Command processor thread] INFO  ratis.XceiverServerRatis (XceiverServerRatis.java:addGroup(808)) - Created group PipelineID=eb89ebc0-a6c3-49d4-bbf2-62139cbecc78
2021-04-29 10:57:22,665 [Command processor thread] INFO  commandhandler.CreatePipelineCommandHandler (CreatePipelineCommandHandler.java:handle(106)) - Created Pipeline RATIS ONE PipelineID=eb89ebc0-a6c3-49d4-bbf2-62139cbecc78.
2021-04-29 10:57:22,826 [EventQueue-PipelineReportForOneReplicaPipelineSafeModeRule] INFO  safemode.SCMSafeModeManager (SCMSafeModeManager.java:validateSafeModeExitRules(201)) - AtleastOneDatanodeReportedRule rule is successfully validated
2021-04-29 10:57:22,826 [EventQueue-OpenPipelineForHealthyPipelineSafeModeRule] INFO  safemode.SCMSafeModeManager (HealthyPipelineSafeModeRule.java:process(130)) - SCM in safe mode. Healthy pipelines reported count is 0, required healthy pipeline reported count is 1
2021-04-29 10:57:22,925 [EventQueue-OpenPipelineForHealthyPipelineSafeModeRule] INFO  safemode.SCMSafeModeManager (HealthyPipelineSafeModeRule.java:process(130)) - SCM in safe mode. Healthy pipelines reported count is 0, required healthy pipeline reported count is 1
2021-04-29 10:57:22,926 [EventQueue-PipelineReportForOneReplicaPipelineSafeModeRule] INFO  safemode.SCMSafeModeManager (SCMSafeModeManager.java:validateSafeModeExitRules(201)) - AtleastOneDatanodeReportedRule rule is successfully validated
2021-04-29 10:57:22,944 [Command processor thread] INFO  server.RaftServer (RaftServerProxy.java:addNew(95)) - f2874c6a-efe9-4f48-8c15-64eb2698a6fe: addNew group-05D4B2F145DF:[f2874c6a-efe9-4f48-8c15-64eb2698a6fe|rpc:172.17.0.2:38031|priority:1] returns group-05D4B2F145DF:java.util.concurrent.CompletableFuture@3fac7f75[Not completed]
2021-04-29 10:57:22,945 [pool-155-thread-1] INFO  server.RaftServer$Division (RaftServerImpl.java:<init>(180)) - f2874c6a-efe9-4f48-8c15-64eb2698a6fe: new RaftServerImpl for group-05D4B2F145DF:[f2874c6a-efe9-4f48-8c15-64eb2698a6fe|rpc:172.17.0.2:38031|priority:1] with ContainerStateMachine:uninitialized
2021-04-29 10:57:22,945 [pool-155-thread-1] INFO  server.RaftServerConfigKeys (ConfUtils.java:logGet(44)) - raft.server.rpc.timeout.min = 5s (custom)
2021-04-29 10:57:22,945 [pool-155-thread-1] INFO  server.RaftServerConfigKeys (ConfUtils.java:logGet(44)) - raft.server.rpc.timeout.max = 5200ms (custom)
2021-04-29 10:57:22,946 [pool-155-thread-1] INFO  server.RaftServerConfigKeys (ConfUtils.java:logGet(44)) - raft.server.rpc.sleep.time = 25ms (default)
2021-04-29 10:57:22,946 [pool-155-thread-1] INFO  server.RaftServerConfigKeys (ConfUtils.java:logGet(44)) - raft.server.rpc.slowness.timeout = 300000ms (custom)
2021-04-29 10:57:22,946 [pool-155-thread-1] INFO  server.RaftServerConfigKeys (ConfUtils.java:logGet(44)) - raft.server.leaderelection.leader.step-down.wait-time = 10s (default)
2021-04-29 10:57:22,946 [pool-155-thread-1] INFO  server.RaftServerConfigKeys (ConfUtils.java:logGet(44)) - raft.server.sleep.deviation.threshold = 300ms (default)
2021-04-29 10:57:22,946 [pool-155-thread-1] INFO  server.RaftServerConfigKeys (ConfUtils.java:logGet(44)) - raft.server.log.appender.install.snapshot.enabled = false (custom)
2021-04-29 10:57:22,946 [pool-155-thread-1] INFO  server.RaftServer$Division (ServerState.java:<init>(105)) - f2874c6a-efe9-4f48-8c15-64eb2698a6fe@group-05D4B2F145DF: ConfigurationManager, init=-1: [f2874c6a-efe9-4f48-8c15-64eb2698a6fe|rpc:172.17.0.2:38031|priority:1], old=null, confs=<EMPTY_MAP>
2021-04-29 10:57:22,946 [pool-155-thread-1] INFO  server.RaftServerConfigKeys (ConfUtils.java:logGet(44)) - raft.server.storage.dir = [/github/workspace/mnt/ozone/hadoop-ozone/integration-test/target/test-dir/MiniOzoneClusterImpl-2726c7ec-cf5f-4d18-8e0d-a0ed93d2ecae/datanode-6/data/ratis] (custom)
2021-04-29 10:57:22,946 [pool-155-thread-1] INFO  server.RaftServerConfigKeys (ConfUtils.java:logGet(44)) - raft.server.log.corruption.policy = EXCEPTION (default)
2021-04-29 10:57:22,947 [pool-155-thread-1] INFO  storage.RaftStorageDirectory (RaftStorageDirectoryImpl.java:analyzeStorage(132)) - The storage directory /github/workspace/mnt/ozone/hadoop-ozone/integration-test/target/test-dir/MiniOzoneClusterImpl-2726c7ec-cf5f-4d18-8e0d-a0ed93d2ecae/datanode-6/data/ratis/a802a953-e735-4870-b1c8-05d4b2f145df does not exist. Creating ...
2021-04-29 10:57:22,948 [pool-155-thread-1] INFO  storage.RaftStorageDirectory (RaftStorageDirectoryImpl.java:tryLock(215)) - Lock on /github/workspace/mnt/ozone/hadoop-ozone/integration-test/target/test-dir/MiniOzoneClusterImpl-2726c7ec-cf5f-4d18-8e0d-a0ed93d2ecae/datanode-6/data/ratis/a802a953-e735-4870-b1c8-05d4b2f145df/in_use.lock acquired by nodename 12126@8023de4eb765
2021-04-29 10:57:22,949 [pool-155-thread-1] INFO  storage.RaftStorage (RaftStorageImpl.java:format(87)) - Storage directory /github/workspace/mnt/ozone/hadoop-ozone/integration-test/target/test-dir/MiniOzoneClusterImpl-2726c7ec-cf5f-4d18-8e0d-a0ed93d2ecae/datanode-6/data/ratis/a802a953-e735-4870-b1c8-05d4b2f145df has been successfully formatted.
2021-04-29 10:57:22,949 [pool-155-thread-1] INFO  ratis.ContainerStateMachine (ContainerStateMachine.java:loadSnapshot(224)) - group-05D4B2F145DF: The snapshot info is null. Setting the last applied indexto:(t:0, i:~)
2021-04-29 10:57:22,950 [pool-155-thread-1] INFO  server.RaftServerConfigKeys (ConfUtils.java:logGet(44)) - raft.server.notification.no-leader.timeout = 300000ms (custom)
2021-04-29 10:57:22,950 [pool-155-thread-1] INFO  server.RaftServerConfigKeys (ConfUtils.java:logGet(44)) - raft.server.log.use.memory = false (default)
2021-04-29 10:57:22,950 [pool-155-thread-1] INFO  server.RaftServerConfigKeys (ConfUtils.java:logGet(44)) - raft.server.log.purge.gap = 1000000 (custom)
2021-04-29 10:57:22,951 [pool-155-thread-1] INFO  server.RaftServerConfigKeys (ConfUtils.java:logGet(44)) - raft.server.log.appender.buffer.byte-limit = 33554432 (custom)
2021-04-29 10:57:22,951 [pool-155-thread-1] INFO  metrics.RatisMetrics (RatisMetrics.java:lambda$create$0(36)) - Creating Metrics Registry : ratis.log_worker.f2874c6a-efe9-4f48-8c15-64eb2698a6fe@group-05D4B2F145DF
2021-04-29 10:57:22,951 [pool-155-thread-1] INFO  server.RaftServerConfigKeys (ConfUtils.java:logGet(44)) - raft.server.log.segment.size.max = 1048576 (custom)
2021-04-29 10:57:22,952 [EventQueue-PipelineReportForPipelineReportHandler] INFO  pipeline.PipelineManagerV2Impl (PipelineManagerV2Impl.java:openPipeline(270)) - Pipeline Pipeline[ Id: a802a953-e735-4870-b1c8-05d4b2f145df, Nodes: f2874c6a-efe9-4f48-8c15-64eb2698a6fe{ip: 172.17.0.2, host: 8023de4eb765, ports: [REPLICATION=46125, RATIS=38031, RATIS_ADMIN=38031, RATIS_SERVER=38031, STANDALONE=44417], networkLocation: /default-rack, certSerialId: null, persistedOpState: IN_SERVICE, persistedOpStateExpiryEpochSec: 0}, ReplicationConfig: RATIS/ONE, State:ALLOCATED, leaderId:f2874c6a-efe9-4f48-8c15-64eb2698a6fe, CreationTimestamp2021-04-29T10:57:19.950Z] moved to OPEN state
2021-04-29 10:57:22,952 [pool-155-thread-1] INFO  server.RaftServerConfigKeys (ConfUtils.java:logGet(44)) - raft.server.log.segment.cache.num.max = 2 (custom)
2021-04-29 10:57:22,952 [pool-155-thread-1] INFO  server.RaftServerConfigKeys (ConfUtils.java:logGet(44)) - raft.server.log.segment.cache.size.max = 200MB (=209715200) (default)
2021-04-29 10:57:22,952 [pool-155-thread-1] INFO  segmented.SegmentedRaftLogWorker (SegmentedRaftLogWorker.java:<init>(182)) - new f2874c6a-efe9-4f48-8c15-64eb2698a6fe@group-05D4B2F145DF-SegmentedRaftLogWorker for RaftStorageImpl:Storage Directory /github/workspace/mnt/ozone/hadoop-ozone/integration-test/target/test-dir/MiniOzoneClusterImpl-2726c7ec-cf5f-4d18-8e0d-a0ed93d2ecae/datanode-6/data/ratis/a802a953-e735-4870-b1c8-05d4b2f145df
2021-04-29 10:57:22,952 [pool-155-thread-1] INFO  server.RaftServerConfigKeys (ConfUtils.java:logGet(44)) - raft.server.log.queue.byte-limit = 2147483647 (custom)
2021-04-29 10:57:22,952 [EventQueue-PipelineReportForOneReplicaPipelineSafeModeRule] INFO  safemode.SCMSafeModeManager (SCMSafeModeManager.java:validateSafeModeExitRules(201)) - AtleastOneDatanodeReportedRule rule is successfully validated
2021-04-29 10:57:22,954 [EventQueue-OpenPipelineForHealthyPipelineSafeModeRule] INFO  safemode.SCMSafeModeManager (HealthyPipelineSafeModeRule.java:process(130)) - SCM in safe mode. Healthy pipelines reported count is 0, required healthy pipeline reported count is 1
2021-04-29 10:57:22,954 [pool-155-thread-1] INFO  server.RaftServerConfigKeys (ConfUtils.java:logGet(44)) - raft.server.log.queue.element-limit = 1024 (custom)
2021-04-29 10:57:22,955 [pool-155-thread-1] INFO  server.RaftServerConfigKeys (ConfUtils.java:logGet(44)) - raft.server.log.segment.size.max = 1048576 (custom)
2021-04-29 10:57:22,956 [pool-155-thread-1] INFO  server.RaftServerConfigKeys (ConfUtils.java:logGet(44)) - raft.server.log.preallocated.size = 16384 (custom)
2021-04-29 10:57:22,956 [pool-155-thread-1] INFO  server.RaftServerConfigKeys (ConfUtils.java:logGet(44)) - raft.server.log.force.sync.num = 128 (default)
2021-04-29 10:57:22,956 [pool-155-thread-1] INFO  server.RaftServerConfigKeys (ConfUtils.java:logGet(44)) - raft.server.log.statemachine.data.sync = true (default)
2021-04-29 10:57:22,956 [pool-155-thread-1] INFO  server.RaftServerConfigKeys (ConfUtils.java:logGet(44)) - raft.server.log.statemachine.data.sync.timeout = 10s (default)
2021-04-29 10:57:22,956 [pool-155-thread-1] INFO  server.RaftServerConfigKeys (ConfUtils.java:logGet(44)) - raft.server.log.statemachine.data.sync.timeout.retry = -1 (default)
2021-04-29 10:57:22,957 [pool-155-thread-1] INFO  server.RaftServerConfigKeys (ConfUtils.java:logGet(44)) - raft.server.log.write.buffer.size = 1048576 (custom)
2021-04-29 10:57:22,967 [pool-155-thread-1] INFO  server.RaftServerConfigKeys (ConfUtils.java:logGet(44)) - raft.server.log.statemachine.data.caching.enabled = true (custom)
2021-04-29 10:57:22,967 [pool-155-thread-1] INFO  segmented.SegmentedRaftLogWorker (SegmentedRaftLogWorker.java:lambda$new$0(133)) - f2874c6a-efe9-4f48-8c15-64eb2698a6fe@group-05D4B2F145DF-SegmentedRaftLogWorker: flushIndex: setUnconditionally 0 -> -1
2021-04-29 10:57:22,967 [pool-155-thread-1] INFO  segmented.SegmentedRaftLogWorker (SegmentedRaftLogWorker.java:lambda$new$0(133)) - f2874c6a-efe9-4f48-8c15-64eb2698a6fe@group-05D4B2F145DF-SegmentedRaftLogWorker: safeCacheEvictIndex: setUnconditionally 0 -> -1
2021-04-29 10:57:22,968 [pool-155-thread-1] INFO  server.RaftServerConfigKeys (ConfUtils.java:logGet(44)) - raft.server.snapshot.auto.trigger.enabled = true (custom)
2021-04-29 10:57:22,968 [pool-155-thread-1] INFO  server.RaftServerConfigKeys (ConfUtils.java:logGet(44)) - raft.server.snapshot.auto.trigger.threshold = 10000 (custom)
2021-04-29 10:57:22,968 [pool-155-thread-1] INFO  server.RaftServerConfigKeys (ConfUtils.java:logGet(44)) - raft.server.snapshot.retention.file.num = 5 (custom)
2021-04-29 10:57:22,968 [pool-155-thread-1] INFO  server.RaftServerConfigKeys (ConfUtils.java:logGet(44)) - raft.server.log.purge.upto.snapshot.index = false (default)
2021-04-29 10:57:22,968 [pool-155-thread-1] INFO  server.RaftServerConfigKeys (ConfUtils.java:logGet(44)) - raft.server.retrycache.expirytime = 600000ms (custom)
2021-04-29 10:57:22,968 [pool-155-thread-1] INFO  server.RaftServerConfigKeys (ConfUtils.java:logGet(44)) - raft.server.retrycache.statistics.expirytime = 100?s (default)
2021-04-29 10:57:22,968 [pool-155-thread-1] INFO  metrics.RatisMetrics (RatisMetrics.java:lambda$create$0(36)) - Creating Metrics Registry : ratis.leader_election.f2874c6a-efe9-4f48-8c15-64eb2698a6fe@group-05D4B2F145DF
2021-04-29 10:57:22,969 [pool-155-thread-1] INFO  metrics.RatisMetrics (RatisMetrics.java:lambda$create$0(36)) - Creating Metrics Registry : ratis.server.f2874c6a-efe9-4f48-8c15-64eb2698a6fe@group-05D4B2F145DF
2021-04-29 10:57:22,970 [pool-155-thread-1] INFO  server.RaftServer$Division (RaftServerImpl.java:start(295)) - f2874c6a-efe9-4f48-8c15-64eb2698a6fe@group-05D4B2F145DF: start as a follower, conf=-1: [f2874c6a-efe9-4f48-8c15-64eb2698a6fe|rpc:172.17.0.2:38031|priority:1], old=null
2021-04-29 10:57:22,971 [pool-155-thread-1] INFO  server.RaftServer$Division (RaftServerImpl.java:setRole(284)) - f2874c6a-efe9-4f48-8c15-64eb2698a6fe@group-05D4B2F145DF: changes role from      null to FOLLOWER at term 0 for startAsFollower
2021-04-29 10:57:22,971 [pool-155-thread-1] INFO  impl.RoleInfo (RoleInfo.java:updateAndGet(130)) - f2874c6a-efe9-4f48-8c15-64eb2698a6fe: start f2874c6a-efe9-4f48-8c15-64eb2698a6fe@group-05D4B2F145DF-FollowerState
2021-04-29 10:57:22,971 [pool-155-thread-1] INFO  util.JmxRegister (JmxRegister.java:tryRegister(44)) - Successfully registered JMX Bean with object name Ratis:service=RaftServer,group=group-05D4B2F145DF,id=f2874c6a-efe9-4f48-8c15-64eb2698a6fe
2021-04-29 10:57:22,971 [pool-155-thread-1] INFO  metrics.RatisMetrics (RatisMetrics.java:lambda$create$0(36)) - Creating Metrics Registry : ratis.state_machine.f2874c6a-efe9-4f48-8c15-64eb2698a6fe@group-05D4B2F145DF
2021-04-29 10:57:22,972 [Command processor thread] INFO  ratis.XceiverServerRatis (XceiverServerRatis.java:addGroup(808)) - Created group PipelineID=a802a953-e735-4870-b1c8-05d4b2f145df
2021-04-29 10:57:22,972 [Command processor thread] INFO  commandhandler.CreatePipelineCommandHandler (CreatePipelineCommandHandler.java:handle(106)) - Created Pipeline RATIS ONE PipelineID=a802a953-e735-4870-b1c8-05d4b2f145df.
2021-04-29 10:57:22,972 [Command processor thread] INFO  server.RaftServer (RaftServerProxy.java:addNew(95)) - f2874c6a-efe9-4f48-8c15-64eb2698a6fe: addNew group-5F9640C5EC9E:[2ece3016-29da-4712-9e61-42b563feafe4|rpc:172.17.0.2:37483|priority:0, f2874c6a-efe9-4f48-8c15-64eb2698a6fe|rpc:172.17.0.2:38031|priority:0, 51593562-bf48-4e12-b0f7-435460a60e26|rpc:172.17.0.2:37879|priority:1] returns group-5F9640C5EC9E:java.util.concurrent.CompletableFuture@3b93ec58[Not completed]
2021-04-29 10:57:22,974 [pool-155-thread-1] INFO  server.RaftServer$Division (RaftServerImpl.java:<init>(180)) - f2874c6a-efe9-4f48-8c15-64eb2698a6fe: new RaftServerImpl for group-5F9640C5EC9E:[2ece3016-29da-4712-9e61-42b563feafe4|rpc:172.17.0.2:37483|priority:0, f2874c6a-efe9-4f48-8c15-64eb2698a6fe|rpc:172.17.0.2:38031|priority:0, 51593562-bf48-4e12-b0f7-435460a60e26|rpc:172.17.0.2:37879|priority:1] with ContainerStateMachine:uninitialized
2021-04-29 10:57:22,975 [pool-155-thread-1] INFO  server.RaftServerConfigKeys (ConfUtils.java:logGet(44)) - raft.server.rpc.timeout.min = 5s (custom)
2021-04-29 10:57:22,975 [pool-155-thread-1] INFO  server.RaftServerConfigKeys (ConfUtils.java:logGet(44)) - raft.server.rpc.timeout.max = 5200ms (custom)
2021-04-29 10:57:22,975 [pool-155-thread-1] INFO  server.RaftServerConfigKeys (ConfUtils.java:logGet(44)) - raft.server.rpc.sleep.time = 25ms (default)
2021-04-29 10:57:22,975 [pool-155-thread-1] INFO  server.RaftServerConfigKeys (ConfUtils.java:logGet(44)) - raft.server.rpc.slowness.timeout = 300000ms (custom)
2021-04-29 10:57:22,975 [pool-155-thread-1] INFO  server.RaftServerConfigKeys (ConfUtils.java:logGet(44)) - raft.server.leaderelection.leader.step-down.wait-time = 10s (default)
2021-04-29 10:57:22,975 [pool-155-thread-1] INFO  server.RaftServerConfigKeys (ConfUtils.java:logGet(44)) - raft.server.sleep.deviation.threshold = 300ms (default)
2021-04-29 10:57:22,975 [pool-155-thread-1] INFO  server.RaftServerConfigKeys (ConfUtils.java:logGet(44)) - raft.server.log.appender.install.snapshot.enabled = false (custom)
2021-04-29 10:57:22,975 [pool-155-thread-1] INFO  server.RaftServer$Division (ServerState.java:<init>(105)) - f2874c6a-efe9-4f48-8c15-64eb2698a6fe@group-5F9640C5EC9E: ConfigurationManager, init=-1: [2ece3016-29da-4712-9e61-42b563feafe4|rpc:172.17.0.2:37483|priority:0, f2874c6a-efe9-4f48-8c15-64eb2698a6fe|rpc:172.17.0.2:38031|priority:0, 51593562-bf48-4e12-b0f7-435460a60e26|rpc:172.17.0.2:37879|priority:1], old=null, confs=<EMPTY_MAP>
2021-04-29 10:57:22,975 [pool-155-thread-1] INFO  server.RaftServerConfigKeys (ConfUtils.java:logGet(44)) - raft.server.storage.dir = [/github/workspace/mnt/ozone/hadoop-ozone/integration-test/target/test-dir/MiniOzoneClusterImpl-2726c7ec-cf5f-4d18-8e0d-a0ed93d2ecae/datanode-6/data/ratis] (custom)
2021-04-29 10:57:22,975 [pool-155-thread-1] INFO  server.RaftServerConfigKeys (ConfUtils.java:logGet(44)) - raft.server.log.corruption.policy = EXCEPTION (default)
2021-04-29 10:57:22,975 [pool-155-thread-1] INFO  storage.RaftStorageDirectory (RaftStorageDirectoryImpl.java:analyzeStorage(132)) - The storage directory /github/workspace/mnt/ozone/hadoop-ozone/integration-test/target/test-dir/MiniOzoneClusterImpl-2726c7ec-cf5f-4d18-8e0d-a0ed93d2ecae/datanode-6/data/ratis/d965319d-9b1c-4f94-89c8-5f9640c5ec9e does not exist. Creating ...
2021-04-29 10:57:22,977 [pool-155-thread-1] INFO  storage.RaftStorageDirectory (RaftStorageDirectoryImpl.java:tryLock(215)) - Lock on /github/workspace/mnt/ozone/hadoop-ozone/integration-test/target/test-dir/MiniOzoneClusterImpl-2726c7ec-cf5f-4d18-8e0d-a0ed93d2ecae/datanode-6/data/ratis/d965319d-9b1c-4f94-89c8-5f9640c5ec9e/in_use.lock acquired by nodename 12126@8023de4eb765
2021-04-29 10:57:22,979 [pool-155-thread-1] INFO  storage.RaftStorage (RaftStorageImpl.java:format(87)) - Storage directory /github/workspace/mnt/ozone/hadoop-ozone/integration-test/target/test-dir/MiniOzoneClusterImpl-2726c7ec-cf5f-4d18-8e0d-a0ed93d2ecae/datanode-6/data/ratis/d965319d-9b1c-4f94-89c8-5f9640c5ec9e has been successfully formatted.
2021-04-29 10:57:22,979 [pool-155-thread-1] INFO  ratis.ContainerStateMachine (ContainerStateMachine.java:loadSnapshot(224)) - group-5F9640C5EC9E: The snapshot info is null. Setting the last applied indexto:(t:0, i:~)
2021-04-29 10:57:22,980 [pool-155-thread-1] INFO  server.RaftServerConfigKeys (ConfUtils.java:logGet(44)) - raft.server.notification.no-leader.timeout = 300000ms (custom)
2021-04-29 10:57:22,980 [pool-155-thread-1] INFO  server.RaftServerConfigKeys (ConfUtils.java:logGet(44)) - raft.server.log.use.memory = false (default)
2021-04-29 10:57:22,980 [pool-155-thread-1] INFO  server.RaftServerConfigKeys (ConfUtils.java:logGet(44)) - raft.server.log.purge.gap = 1000000 (custom)
2021-04-29 10:57:22,980 [pool-155-thread-1] INFO  server.RaftServerConfigKeys (ConfUtils.java:logGet(44)) - raft.server.log.appender.buffer.byte-limit = 33554432 (custom)
2021-04-29 10:57:22,980 [pool-155-thread-1] INFO  metrics.RatisMetrics (RatisMetrics.java:lambda$create$0(36)) - Creating Metrics Registry : ratis.log_worker.f2874c6a-efe9-4f48-8c15-64eb2698a6fe@group-5F9640C5EC9E
2021-04-29 10:57:22,980 [EventQueue-PipelineReportForOneReplicaPipelineSafeModeRule] INFO  safemode.SCMSafeModeManager (SCMSafeModeManager.java:validateSafeModeExitRules(201)) - AtleastOneDatanodeReportedRule rule is successfully validated
2021-04-29 10:57:22,980 [pool-155-thread-1] INFO  server.RaftServerConfigKeys (ConfUtils.java:logGet(44)) - raft.server.log.segment.size.max = 1048576 (custom)
2021-04-29 10:57:22,980 [EventQueue-OpenPipelineForHealthyPipelineSafeModeRule] INFO  safemode.SCMSafeModeManager (HealthyPipelineSafeModeRule.java:process(130)) - SCM in safe mode. Healthy pipelines reported count is 0, required healthy pipeline reported count is 1
2021-04-29 10:57:22,981 [pool-155-thread-1] INFO  server.RaftServerConfigKeys (ConfUtils.java:logGet(44)) - raft.server.log.segment.cache.num.max = 2 (custom)
2021-04-29 10:57:22,981 [pool-155-thread-1] INFO  server.RaftServerConfigKeys (ConfUtils.java:logGet(44)) - raft.server.log.segment.cache.size.max = 200MB (=209715200) (default)
2021-04-29 10:57:22,981 [pool-155-thread-1] INFO  segmented.SegmentedRaftLogWorker (SegmentedRaftLogWorker.java:<init>(182)) - new f2874c6a-efe9-4f48-8c15-64eb2698a6fe@group-5F9640C5EC9E-SegmentedRaftLogWorker for RaftStorageImpl:Storage Directory /github/workspace/mnt/ozone/hadoop-ozone/integration-test/target/test-dir/MiniOzoneClusterImpl-2726c7ec-cf5f-4d18-8e0d-a0ed93d2ecae/datanode-6/data/ratis/d965319d-9b1c-4f94-89c8-5f9640c5ec9e
2021-04-29 10:57:22,982 [pool-155-thread-1] INFO  server.RaftServerConfigKeys (ConfUtils.java:logGet(44)) - raft.server.log.queue.byte-limit = 2147483647 (custom)
2021-04-29 10:57:22,982 [pool-155-thread-1] INFO  server.RaftServerConfigKeys (ConfUtils.java:logGet(44)) - raft.server.log.queue.element-limit = 1024 (custom)
2021-04-29 10:57:22,982 [pool-155-thread-1] INFO  server.RaftServerConfigKeys (ConfUtils.java:logGet(44)) - raft.server.log.segment.size.max = 1048576 (custom)
2021-04-29 10:57:22,982 [pool-155-thread-1] INFO  server.RaftServerConfigKeys (ConfUtils.java:logGet(44)) - raft.server.log.preallocated.size = 16384 (custom)
2021-04-29 10:57:22,982 [pool-155-thread-1] INFO  server.RaftServerConfigKeys (ConfUtils.java:logGet(44)) - raft.server.log.force.sync.num = 128 (default)
2021-04-29 10:57:22,982 [pool-155-thread-1] INFO  server.RaftServerConfigKeys (ConfUtils.java:logGet(44)) - raft.server.log.statemachine.data.sync = true (default)
2021-04-29 10:57:22,982 [pool-155-thread-1] INFO  server.RaftServerConfigKeys (ConfUtils.java:logGet(44)) - raft.server.log.statemachine.data.sync.timeout = 10s (default)
2021-04-29 10:57:22,982 [pool-155-thread-1] INFO  server.RaftServerConfigKeys (ConfUtils.java:logGet(44)) - raft.server.log.statemachine.data.sync.timeout.retry = -1 (default)
2021-04-29 10:57:22,984 [pool-155-thread-1] INFO  server.RaftServerConfigKeys (ConfUtils.java:logGet(44)) - raft.server.log.write.buffer.size = 1048576 (custom)
2021-04-29 10:57:22,984 [pool-155-thread-1] INFO  server.RaftServerConfigKeys (ConfUtils.java:logGet(44)) - raft.server.log.statemachine.data.caching.enabled = true (custom)
2021-04-29 10:57:22,985 [pool-155-thread-1] INFO  segmented.SegmentedRaftLogWorker (SegmentedRaftLogWorker.java:lambda$new$0(133)) - f2874c6a-efe9-4f48-8c15-64eb2698a6fe@group-5F9640C5EC9E-SegmentedRaftLogWorker: flushIndex: setUnconditionally 0 -> -1
2021-04-29 10:57:22,985 [pool-155-thread-1] INFO  segmented.SegmentedRaftLogWorker (SegmentedRaftLogWorker.java:lambda$new$0(133)) - f2874c6a-efe9-4f48-8c15-64eb2698a6fe@group-5F9640C5EC9E-SegmentedRaftLogWorker: safeCacheEvictIndex: setUnconditionally 0 -> -1
2021-04-29 10:57:22,987 [pool-155-thread-1] INFO  server.RaftServerConfigKeys (ConfUtils.java:logGet(44)) - raft.server.snapshot.auto.trigger.enabled = true (custom)
2021-04-29 10:57:22,987 [pool-155-thread-1] INFO  server.RaftServerConfigKeys (ConfUtils.java:logGet(44)) - raft.server.snapshot.auto.trigger.threshold = 10000 (custom)
2021-04-29 10:57:22,987 [pool-155-thread-1] INFO  server.RaftServerConfigKeys (ConfUtils.java:logGet(44)) - raft.server.snapshot.retention.file.num = 5 (custom)
2021-04-29 10:57:22,988 [pool-155-thread-1] INFO  server.RaftServerConfigKeys (ConfUtils.java:logGet(44)) - raft.server.log.purge.upto.snapshot.index = false (default)
2021-04-29 10:57:22,988 [pool-155-thread-1] INFO  server.RaftServerConfigKeys (ConfUtils.java:logGet(44)) - raft.server.retrycache.expirytime = 600000ms (custom)
2021-04-29 10:57:22,988 [pool-155-thread-1] INFO  server.RaftServerConfigKeys (ConfUtils.java:logGet(44)) - raft.server.retrycache.statistics.expirytime = 100?s (default)
2021-04-29 10:57:22,988 [pool-155-thread-1] INFO  metrics.RatisMetrics (RatisMetrics.java:lambda$create$0(36)) - Creating Metrics Registry : ratis.leader_election.f2874c6a-efe9-4f48-8c15-64eb2698a6fe@group-5F9640C5EC9E
2021-04-29 10:57:22,989 [pool-155-thread-1] INFO  metrics.RatisMetrics (RatisMetrics.java:lambda$create$0(36)) - Creating Metrics Registry : ratis.server.f2874c6a-efe9-4f48-8c15-64eb2698a6fe@group-5F9640C5EC9E
2021-04-29 10:57:22,989 [pool-155-thread-1] INFO  server.RaftServer$Division (RaftServerImpl.java:start(295)) - f2874c6a-efe9-4f48-8c15-64eb2698a6fe@group-5F9640C5EC9E: start as a follower, conf=-1: [2ece3016-29da-4712-9e61-42b563feafe4|rpc:172.17.0.2:37483|priority:0, f2874c6a-efe9-4f48-8c15-64eb2698a6fe|rpc:172.17.0.2:38031|priority:0, 51593562-bf48-4e12-b0f7-435460a60e26|rpc:172.17.0.2:37879|priority:1], old=null
2021-04-29 10:57:22,990 [pool-155-thread-1] INFO  server.RaftServer$Division (RaftServerImpl.java:setRole(284)) - f2874c6a-efe9-4f48-8c15-64eb2698a6fe@group-5F9640C5EC9E: changes role from      null to FOLLOWER at term 0 for startAsFollower
2021-04-29 10:57:22,990 [pool-155-thread-1] INFO  impl.RoleInfo (RoleInfo.java:updateAndGet(130)) - f2874c6a-efe9-4f48-8c15-64eb2698a6fe: start f2874c6a-efe9-4f48-8c15-64eb2698a6fe@group-5F9640C5EC9E-FollowerState
2021-04-29 10:57:22,990 [pool-155-thread-1] INFO  util.JmxRegister (JmxRegister.java:tryRegister(44)) - Successfully registered JMX Bean with object name Ratis:service=RaftServer,group=group-5F9640C5EC9E,id=f2874c6a-efe9-4f48-8c15-64eb2698a6fe
2021-04-29 10:57:22,990 [pool-155-thread-1] INFO  metrics.RatisMetrics (RatisMetrics.java:lambda$create$0(36)) - Creating Metrics Registry : ratis.state_machine.f2874c6a-efe9-4f48-8c15-64eb2698a6fe@group-5F9640C5EC9E
2021-04-29 10:57:22,991 [Command processor thread] INFO  ratis.XceiverServerRatis (XceiverServerRatis.java:addGroup(808)) - Created group PipelineID=d965319d-9b1c-4f94-89c8-5f9640c5ec9e
2021-04-29 10:57:22,992 [Command processor thread] INFO  metrics.RatisMetrics (RatisMetrics.java:lambda$create$0(36)) - Creating Metrics Registry : ratis.client_message_metrics.client-72432656EBCF->2ece3016-29da-4712-9e61-42b563feafe4
2021-04-29 10:57:23,001 [grpc-default-executor-0] INFO  metrics.RatisMetrics (RatisMetrics.java:lambda$create$0(36)) - Creating Metrics Registry : ratis.server_message_metrics.2ece3016-29da-4712-9e61-42b563feafe4
2021-04-29 10:57:23,007 [grpc-default-executor-0] INFO  server.RaftServer (RaftServerProxy.java:addNew(95)) - 2ece3016-29da-4712-9e61-42b563feafe4: addNew group-5F9640C5EC9E:[2ece3016-29da-4712-9e61-42b563feafe4|rpc:172.17.0.2:37483|dataStream:|priority:0, f2874c6a-efe9-4f48-8c15-64eb2698a6fe|rpc:172.17.0.2:38031|dataStream:|priority:0, 51593562-bf48-4e12-b0f7-435460a60e26|rpc:172.17.0.2:37879|dataStream:|priority:1] returns group-5F9640C5EC9E:java.util.concurrent.CompletableFuture@61cabba6[Not completed]
2021-04-29 10:57:23,012 [pool-173-thread-1] INFO  server.RaftServer$Division (RaftServerImpl.java:<init>(180)) - 2ece3016-29da-4712-9e61-42b563feafe4: new RaftServerImpl for group-5F9640C5EC9E:[2ece3016-29da-4712-9e61-42b563feafe4|rpc:172.17.0.2:37483|dataStream:|priority:0, f2874c6a-efe9-4f48-8c15-64eb2698a6fe|rpc:172.17.0.2:38031|dataStream:|priority:0, 51593562-bf48-4e12-b0f7-435460a60e26|rpc:172.17.0.2:37879|dataStream:|priority:1] with ContainerStateMachine:uninitialized
2021-04-29 10:57:23,012 [pool-173-thread-1] INFO  server.RaftServerConfigKeys (ConfUtils.java:logGet(44)) - raft.server.rpc.timeout.min = 5s (custom)
2021-04-29 10:57:23,012 [pool-173-thread-1] INFO  server.RaftServerConfigKeys (ConfUtils.java:logGet(44)) - raft.server.rpc.timeout.max = 5200ms (custom)
2021-04-29 10:57:23,012 [pool-173-thread-1] INFO  server.RaftServerConfigKeys (ConfUtils.java:logGet(44)) - raft.server.rpc.sleep.time = 25ms (default)
2021-04-29 10:57:23,012 [pool-173-thread-1] INFO  server.RaftServerConfigKeys (ConfUtils.java:logGet(44)) - raft.server.rpc.slowness.timeout = 300000ms (custom)
2021-04-29 10:57:23,012 [pool-173-thread-1] INFO  server.RaftServerConfigKeys (ConfUtils.java:logGet(44)) - raft.server.leaderelection.leader.step-down.wait-time = 10s (default)
2021-04-29 10:57:23,012 [pool-173-thread-1] INFO  server.RaftServerConfigKeys (ConfUtils.java:logGet(44)) - raft.server.sleep.deviation.threshold = 300ms (default)
2021-04-29 10:57:23,012 [pool-173-thread-1] INFO  server.RaftServerConfigKeys (ConfUtils.java:logGet(44)) - raft.server.log.appender.install.snapshot.enabled = false (custom)
2021-04-29 10:57:23,013 [pool-173-thread-1] INFO  server.RaftServer$Division (ServerState.java:<init>(105)) - 2ece3016-29da-4712-9e61-42b563feafe4@group-5F9640C5EC9E: ConfigurationManager, init=-1: [2ece3016-29da-4712-9e61-42b563feafe4|rpc:172.17.0.2:37483|dataStream:|priority:0, f2874c6a-efe9-4f48-8c15-64eb2698a6fe|rpc:172.17.0.2:38031|dataStream:|priority:0, 51593562-bf48-4e12-b0f7-435460a60e26|rpc:172.17.0.2:37879|dataStream:|priority:1], old=null, confs=<EMPTY_MAP>
2021-04-29 10:57:23,013 [pool-173-thread-1] INFO  server.RaftServerConfigKeys (ConfUtils.java:logGet(44)) - raft.server.storage.dir = [/github/workspace/mnt/ozone/hadoop-ozone/integration-test/target/test-dir/MiniOzoneClusterImpl-2726c7ec-cf5f-4d18-8e0d-a0ed93d2ecae/datanode-7/data/ratis] (custom)
2021-04-29 10:57:23,013 [pool-173-thread-1] INFO  server.RaftServerConfigKeys (ConfUtils.java:logGet(44)) - raft.server.log.corruption.policy = EXCEPTION (default)
2021-04-29 10:57:23,013 [pool-173-thread-1] INFO  storage.RaftStorageDirectory (RaftStorageDirectoryImpl.java:analyzeStorage(132)) - The storage directory /github/workspace/mnt/ozone/hadoop-ozone/integration-test/target/test-dir/MiniOzoneClusterImpl-2726c7ec-cf5f-4d18-8e0d-a0ed93d2ecae/datanode-7/data/ratis/d965319d-9b1c-4f94-89c8-5f9640c5ec9e does not exist. Creating ...
2021-04-29 10:57:23,016 [pool-173-thread-1] INFO  storage.RaftStorageDirectory (RaftStorageDirectoryImpl.java:tryLock(215)) - Lock on /github/workspace/mnt/ozone/hadoop-ozone/integration-test/target/test-dir/MiniOzoneClusterImpl-2726c7ec-cf5f-4d18-8e0d-a0ed93d2ecae/datanode-7/data/ratis/d965319d-9b1c-4f94-89c8-5f9640c5ec9e/in_use.lock acquired by nodename 12126@8023de4eb765
2021-04-29 10:57:23,017 [pool-173-thread-1] INFO  storage.RaftStorage (RaftStorageImpl.java:format(87)) - Storage directory /github/workspace/mnt/ozone/hadoop-ozone/integration-test/target/test-dir/MiniOzoneClusterImpl-2726c7ec-cf5f-4d18-8e0d-a0ed93d2ecae/datanode-7/data/ratis/d965319d-9b1c-4f94-89c8-5f9640c5ec9e has been successfully formatted.
2021-04-29 10:57:23,018 [EventQueue-PipelineReportForOneReplicaPipelineSafeModeRule] INFO  safemode.SCMSafeModeManager (SCMSafeModeManager.java:validateSafeModeExitRules(201)) - AtleastOneDatanodeReportedRule rule is successfully validated
2021-04-29 10:57:23,020 [pool-173-thread-1] INFO  ratis.ContainerStateMachine (ContainerStateMachine.java:loadSnapshot(224)) - group-5F9640C5EC9E: The snapshot info is null. Setting the last applied indexto:(t:0, i:~)
2021-04-29 10:57:23,020 [pool-173-thread-1] INFO  server.RaftServerConfigKeys (ConfUtils.java:logGet(44)) - raft.server.notification.no-leader.timeout = 300000ms (custom)
2021-04-29 10:57:23,020 [pool-173-thread-1] INFO  server.RaftServerConfigKeys (ConfUtils.java:logGet(44)) - raft.server.log.use.memory = false (default)
2021-04-29 10:57:23,020 [pool-173-thread-1] INFO  server.RaftServerConfigKeys (ConfUtils.java:logGet(44)) - raft.server.log.purge.gap = 1000000 (custom)
2021-04-29 10:57:23,020 [pool-173-thread-1] INFO  server.RaftServerConfigKeys (ConfUtils.java:logGet(44)) - raft.server.log.appender.buffer.byte-limit = 33554432 (custom)
2021-04-29 10:57:23,021 [pool-173-thread-1] INFO  metrics.RatisMetrics (RatisMetrics.java:lambda$create$0(36)) - Creating Metrics Registry : ratis.log_worker.2ece3016-29da-4712-9e61-42b563feafe4@group-5F9640C5EC9E
2021-04-29 10:57:23,021 [pool-173-thread-1] INFO  server.RaftServerConfigKeys (ConfUtils.java:logGet(44)) - raft.server.log.segment.size.max = 1048576 (custom)
2021-04-29 10:57:23,022 [pool-173-thread-1] INFO  server.RaftServerConfigKeys (ConfUtils.java:logGet(44)) - raft.server.log.segment.cache.num.max = 2 (custom)
2021-04-29 10:57:23,022 [pool-173-thread-1] INFO  server.RaftServerConfigKeys (ConfUtils.java:logGet(44)) - raft.server.log.segment.cache.size.max = 200MB (=209715200) (default)
2021-04-29 10:57:23,022 [pool-173-thread-1] INFO  segmented.SegmentedRaftLogWorker (SegmentedRaftLogWorker.java:<init>(182)) - new 2ece3016-29da-4712-9e61-42b563feafe4@group-5F9640C5EC9E-SegmentedRaftLogWorker for RaftStorageImpl:Storage Directory /github/workspace/mnt/ozone/hadoop-ozone/integration-test/target/test-dir/MiniOzoneClusterImpl-2726c7ec-cf5f-4d18-8e0d-a0ed93d2ecae/datanode-7/data/ratis/d965319d-9b1c-4f94-89c8-5f9640c5ec9e
2021-04-29 10:57:23,022 [pool-173-thread-1] INFO  server.RaftServerConfigKeys (ConfUtils.java:logGet(44)) - raft.server.log.queue.byte-limit = 2147483647 (custom)
2021-04-29 10:57:23,022 [pool-173-thread-1] INFO  server.RaftServerConfigKeys (ConfUtils.java:logGet(44)) - raft.server.log.queue.element-limit = 1024 (custom)
2021-04-29 10:57:23,022 [pool-173-thread-1] INFO  server.RaftServerConfigKeys (ConfUtils.java:logGet(44)) - raft.server.log.segment.size.max = 1048576 (custom)
2021-04-29 10:57:23,023 [pool-173-thread-1] INFO  server.RaftServerConfigKeys (ConfUtils.java:logGet(44)) - raft.server.log.preallocated.size = 16384 (custom)
2021-04-29 10:57:23,023 [pool-173-thread-1] INFO  server.RaftServerConfigKeys (ConfUtils.java:logGet(44)) - raft.server.log.force.sync.num = 128 (default)
2021-04-29 10:57:23,023 [pool-173-thread-1] INFO  server.RaftServerConfigKeys (ConfUtils.java:logGet(44)) - raft.server.log.statemachine.data.sync = true (default)
2021-04-29 10:57:23,023 [pool-173-thread-1] INFO  server.RaftServerConfigKeys (ConfUtils.java:logGet(44)) - raft.server.log.statemachine.data.sync.timeout = 10s (default)
2021-04-29 10:57:23,023 [pool-173-thread-1] INFO  server.RaftServerConfigKeys (ConfUtils.java:logGet(44)) - raft.server.log.statemachine.data.sync.timeout.retry = -1 (default)
2021-04-29 10:57:23,024 [pool-173-thread-1] INFO  server.RaftServerConfigKeys (ConfUtils.java:logGet(44)) - raft.server.log.write.buffer.size = 1048576 (custom)
2021-04-29 10:57:23,025 [pool-173-thread-1] INFO  server.RaftServerConfigKeys (ConfUtils.java:logGet(44)) - raft.server.log.statemachine.data.caching.enabled = true (custom)
2021-04-29 10:57:23,026 [pool-173-thread-1] INFO  segmented.SegmentedRaftLogWorker (SegmentedRaftLogWorker.java:lambda$new$0(133)) - 2ece3016-29da-4712-9e61-42b563feafe4@group-5F9640C5EC9E-SegmentedRaftLogWorker: flushIndex: setUnconditionally 0 -> -1
2021-04-29 10:57:23,026 [pool-173-thread-1] INFO  segmented.SegmentedRaftLogWorker (SegmentedRaftLogWorker.java:lambda$new$0(133)) - 2ece3016-29da-4712-9e61-42b563feafe4@group-5F9640C5EC9E-SegmentedRaftLogWorker: safeCacheEvictIndex: setUnconditionally 0 -> -1
2021-04-29 10:57:23,030 [pool-173-thread-1] INFO  server.RaftServerConfigKeys (ConfUtils.java:logGet(44)) - raft.server.snapshot.auto.trigger.enabled = true (custom)
2021-04-29 10:57:23,030 [pool-173-thread-1] INFO  server.RaftServerConfigKeys (ConfUtils.java:logGet(44)) - raft.server.snapshot.auto.trigger.threshold = 10000 (custom)
2021-04-29 10:57:23,030 [pool-173-thread-1] INFO  server.RaftServerConfigKeys (ConfUtils.java:logGet(44)) - raft.server.snapshot.retention.file.num = 5 (custom)
2021-04-29 10:57:23,030 [pool-173-thread-1] INFO  server.RaftServerConfigKeys (ConfUtils.java:logGet(44)) - raft.server.log.purge.upto.snapshot.index = false (default)
2021-04-29 10:57:23,030 [pool-173-thread-1] INFO  server.RaftServerConfigKeys (ConfUtils.java:logGet(44)) - raft.server.retrycache.expirytime = 600000ms (custom)
2021-04-29 10:57:23,030 [pool-173-thread-1] INFO  server.RaftServerConfigKeys (ConfUtils.java:logGet(44)) - raft.server.retrycache.statistics.expirytime = 100?s (default)
2021-04-29 10:57:23,030 [pool-173-thread-1] INFO  metrics.RatisMetrics (RatisMetrics.java:lambda$create$0(36)) - Creating Metrics Registry : ratis.leader_election.2ece3016-29da-4712-9e61-42b563feafe4@group-5F9640C5EC9E
2021-04-29 10:57:23,031 [pool-173-thread-1] INFO  metrics.RatisMetrics (RatisMetrics.java:lambda$create$0(36)) - Creating Metrics Registry : ratis.server.2ece3016-29da-4712-9e61-42b563feafe4@group-5F9640C5EC9E
2021-04-29 10:57:23,034 [pool-173-thread-1] INFO  server.RaftServer$Division (RaftServerImpl.java:start(295)) - 2ece3016-29da-4712-9e61-42b563feafe4@group-5F9640C5EC9E: start as a follower, conf=-1: [2ece3016-29da-4712-9e61-42b563feafe4|rpc:172.17.0.2:37483|dataStream:|priority:0, f2874c6a-efe9-4f48-8c15-64eb2698a6fe|rpc:172.17.0.2:38031|dataStream:|priority:0, 51593562-bf48-4e12-b0f7-435460a60e26|rpc:172.17.0.2:37879|dataStream:|priority:1], old=null
2021-04-29 10:57:23,034 [pool-173-thread-1] INFO  server.RaftServer$Division (RaftServerImpl.java:setRole(284)) - 2ece3016-29da-4712-9e61-42b563feafe4@group-5F9640C5EC9E: changes role from      null to FOLLOWER at term 0 for startAsFollower
2021-04-29 10:57:23,034 [pool-173-thread-1] INFO  impl.RoleInfo (RoleInfo.java:updateAndGet(130)) - 2ece3016-29da-4712-9e61-42b563feafe4: start 2ece3016-29da-4712-9e61-42b563feafe4@group-5F9640C5EC9E-FollowerState
2021-04-29 10:57:23,035 [pool-173-thread-1] INFO  util.JmxRegister (JmxRegister.java:tryRegister(44)) - Successfully registered JMX Bean with object name Ratis:service=RaftServer,group=group-5F9640C5EC9E,id=2ece3016-29da-4712-9e61-42b563feafe4
2021-04-29 10:57:23,035 [pool-173-thread-1] INFO  metrics.RatisMetrics (RatisMetrics.java:lambda$create$0(36)) - Creating Metrics Registry : ratis.state_machine.2ece3016-29da-4712-9e61-42b563feafe4@group-5F9640C5EC9E
2021-04-29 10:57:23,048 [Command processor thread] INFO  metrics.RatisMetrics (RatisMetrics.java:lambda$create$0(36)) - Creating Metrics Registry : ratis.client_message_metrics.client-F5FAF1B013F8->51593562-bf48-4e12-b0f7-435460a60e26
2021-04-29 10:57:23,056 [grpc-default-executor-0] INFO  metrics.RatisMetrics (RatisMetrics.java:lambda$create$0(36)) - Creating Metrics Registry : ratis.server_message_metrics.51593562-bf48-4e12-b0f7-435460a60e26
2021-04-29 10:57:23,060 [grpc-default-executor-0] INFO  server.RaftServer (RaftServerProxy.java:addNew(95)) - 51593562-bf48-4e12-b0f7-435460a60e26: addNew group-5F9640C5EC9E:[2ece3016-29da-4712-9e61-42b563feafe4|rpc:172.17.0.2:37483|dataStream:|priority:0, f2874c6a-efe9-4f48-8c15-64eb2698a6fe|rpc:172.17.0.2:38031|dataStream:|priority:0, 51593562-bf48-4e12-b0f7-435460a60e26|rpc:172.17.0.2:37879|dataStream:|priority:1] returns group-5F9640C5EC9E:java.util.concurrent.CompletableFuture@53650dee[Not completed]
2021-04-29 10:57:23,062 [pool-191-thread-1] INFO  server.RaftServer$Division (RaftServerImpl.java:<init>(180)) - 51593562-bf48-4e12-b0f7-435460a60e26: new RaftServerImpl for group-5F9640C5EC9E:[2ece3016-29da-4712-9e61-42b563feafe4|rpc:172.17.0.2:37483|dataStream:|priority:0, f2874c6a-efe9-4f48-8c15-64eb2698a6fe|rpc:172.17.0.2:38031|dataStream:|priority:0, 51593562-bf48-4e12-b0f7-435460a60e26|rpc:172.17.0.2:37879|dataStream:|priority:1] with ContainerStateMachine:uninitialized
2021-04-29 10:57:23,064 [pool-191-thread-1] INFO  server.RaftServerConfigKeys (ConfUtils.java:logGet(44)) - raft.server.rpc.timeout.min = 5s (custom)
2021-04-29 10:57:23,064 [pool-191-thread-1] INFO  server.RaftServerConfigKeys (ConfUtils.java:logGet(44)) - raft.server.rpc.timeout.max = 5200ms (custom)
2021-04-29 10:57:23,064 [pool-191-thread-1] INFO  server.RaftServerConfigKeys (ConfUtils.java:logGet(44)) - raft.server.rpc.sleep.time = 25ms (default)
2021-04-29 10:57:23,064 [pool-191-thread-1] INFO  server.RaftServerConfigKeys (ConfUtils.java:logGet(44)) - raft.server.rpc.slowness.timeout = 300000ms (custom)
2021-04-29 10:57:23,064 [pool-191-thread-1] INFO  server.RaftServerConfigKeys (ConfUtils.java:logGet(44)) - raft.server.leaderelection.leader.step-down.wait-time = 10s (default)
2021-04-29 10:57:23,064 [pool-191-thread-1] INFO  server.RaftServerConfigKeys (ConfUtils.java:logGet(44)) - raft.server.sleep.deviation.threshold = 300ms (default)
2021-04-29 10:57:23,064 [pool-191-thread-1] INFO  server.RaftServerConfigKeys (ConfUtils.java:logGet(44)) - raft.server.log.appender.install.snapshot.enabled = false (custom)
2021-04-29 10:57:23,065 [pool-191-thread-1] INFO  server.RaftServer$Division (ServerState.java:<init>(105)) - 51593562-bf48-4e12-b0f7-435460a60e26@group-5F9640C5EC9E: ConfigurationManager, init=-1: [2ece3016-29da-4712-9e61-42b563feafe4|rpc:172.17.0.2:37483|dataStream:|priority:0, f2874c6a-efe9-4f48-8c15-64eb2698a6fe|rpc:172.17.0.2:38031|dataStream:|priority:0, 51593562-bf48-4e12-b0f7-435460a60e26|rpc:172.17.0.2:37879|dataStream:|priority:1], old=null, confs=<EMPTY_MAP>
2021-04-29 10:57:23,065 [pool-191-thread-1] INFO  server.RaftServerConfigKeys (ConfUtils.java:logGet(44)) - raft.server.storage.dir = [/github/workspace/mnt/ozone/hadoop-ozone/integration-test/target/test-dir/MiniOzoneClusterImpl-2726c7ec-cf5f-4d18-8e0d-a0ed93d2ecae/datanode-8/data/ratis] (custom)
2021-04-29 10:57:23,065 [pool-191-thread-1] INFO  server.RaftServerConfigKeys (ConfUtils.java:logGet(44)) - raft.server.log.corruption.policy = EXCEPTION (default)
2021-04-29 10:57:23,065 [pool-191-thread-1] INFO  storage.RaftStorageDirectory (RaftStorageDirectoryImpl.java:analyzeStorage(132)) - The storage directory /github/workspace/mnt/ozone/hadoop-ozone/integration-test/target/test-dir/MiniOzoneClusterImpl-2726c7ec-cf5f-4d18-8e0d-a0ed93d2ecae/datanode-8/data/ratis/d965319d-9b1c-4f94-89c8-5f9640c5ec9e does not exist. Creating ...
2021-04-29 10:57:23,066 [pool-191-thread-1] INFO  storage.RaftStorageDirectory (RaftStorageDirectoryImpl.java:tryLock(215)) - Lock on /github/workspace/mnt/ozone/hadoop-ozone/integration-test/target/test-dir/MiniOzoneClusterImpl-2726c7ec-cf5f-4d18-8e0d-a0ed93d2ecae/datanode-8/data/ratis/d965319d-9b1c-4f94-89c8-5f9640c5ec9e/in_use.lock acquired by nodename 12126@8023de4eb765
2021-04-29 10:57:23,068 [pool-191-thread-1] INFO  storage.RaftStorage (RaftStorageImpl.java:format(87)) - Storage directory /github/workspace/mnt/ozone/hadoop-ozone/integration-test/target/test-dir/MiniOzoneClusterImpl-2726c7ec-cf5f-4d18-8e0d-a0ed93d2ecae/datanode-8/data/ratis/d965319d-9b1c-4f94-89c8-5f9640c5ec9e has been successfully formatted.
2021-04-29 10:57:23,068 [pool-191-thread-1] INFO  ratis.ContainerStateMachine (ContainerStateMachine.java:loadSnapshot(224)) - group-5F9640C5EC9E: The snapshot info is null. Setting the last applied indexto:(t:0, i:~)
2021-04-29 10:57:23,072 [EventQueue-PipelineReportForOneReplicaPipelineSafeModeRule] INFO  safemode.SCMSafeModeManager (SCMSafeModeManager.java:validateSafeModeExitRules(201)) - AtleastOneDatanodeReportedRule rule is successfully validated
2021-04-29 10:57:23,075 [pool-191-thread-1] INFO  server.RaftServerConfigKeys (ConfUtils.java:logGet(44)) - raft.server.notification.no-leader.timeout = 300000ms (custom)
2021-04-29 10:57:23,075 [pool-191-thread-1] INFO  server.RaftServerConfigKeys (ConfUtils.java:logGet(44)) - raft.server.log.use.memory = false (default)
2021-04-29 10:57:23,075 [pool-191-thread-1] INFO  server.RaftServerConfigKeys (ConfUtils.java:logGet(44)) - raft.server.log.purge.gap = 1000000 (custom)
2021-04-29 10:57:23,075 [pool-191-thread-1] INFO  server.RaftServerConfigKeys (ConfUtils.java:logGet(44)) - raft.server.log.appender.buffer.byte-limit = 33554432 (custom)
2021-04-29 10:57:23,075 [pool-191-thread-1] INFO  metrics.RatisMetrics (RatisMetrics.java:lambda$create$0(36)) - Creating Metrics Registry : ratis.log_worker.51593562-bf48-4e12-b0f7-435460a60e26@group-5F9640C5EC9E
2021-04-29 10:57:23,076 [pool-191-thread-1] INFO  server.RaftServerConfigKeys (ConfUtils.java:logGet(44)) - raft.server.log.segment.size.max = 1048576 (custom)
2021-04-29 10:57:23,076 [pool-191-thread-1] INFO  server.RaftServerConfigKeys (ConfUtils.java:logGet(44)) - raft.server.log.segment.cache.num.max = 2 (custom)
2021-04-29 10:57:23,076 [pool-191-thread-1] INFO  server.RaftServerConfigKeys (ConfUtils.java:logGet(44)) - raft.server.log.segment.cache.size.max = 200MB (=209715200) (default)
2021-04-29 10:57:23,076 [pool-191-thread-1] INFO  segmented.SegmentedRaftLogWorker (SegmentedRaftLogWorker.java:<init>(182)) - new 51593562-bf48-4e12-b0f7-435460a60e26@group-5F9640C5EC9E-SegmentedRaftLogWorker for RaftStorageImpl:Storage Directory /github/workspace/mnt/ozone/hadoop-ozone/integration-test/target/test-dir/MiniOzoneClusterImpl-2726c7ec-cf5f-4d18-8e0d-a0ed93d2ecae/datanode-8/data/ratis/d965319d-9b1c-4f94-89c8-5f9640c5ec9e
2021-04-29 10:57:23,077 [pool-191-thread-1] INFO  server.RaftServerConfigKeys (ConfUtils.java:logGet(44)) - raft.server.log.queue.byte-limit = 2147483647 (custom)
2021-04-29 10:57:23,077 [pool-191-thread-1] INFO  server.RaftServerConfigKeys (ConfUtils.java:logGet(44)) - raft.server.log.queue.element-limit = 1024 (custom)
2021-04-29 10:57:23,077 [pool-191-thread-1] INFO  server.RaftServerConfigKeys (ConfUtils.java:logGet(44)) - raft.server.log.segment.size.max = 1048576 (custom)
2021-04-29 10:57:23,077 [pool-191-thread-1] INFO  server.RaftServerConfigKeys (ConfUtils.java:logGet(44)) - raft.server.log.preallocated.size = 16384 (custom)
2021-04-29 10:57:23,077 [pool-191-thread-1] INFO  server.RaftServerConfigKeys (ConfUtils.java:logGet(44)) - raft.server.log.force.sync.num = 128 (default)
2021-04-29 10:57:23,077 [pool-191-thread-1] INFO  server.RaftServerConfigKeys (ConfUtils.java:logGet(44)) - raft.server.log.statemachine.data.sync = true (default)
2021-04-29 10:57:23,077 [pool-191-thread-1] INFO  server.RaftServerConfigKeys (ConfUtils.java:logGet(44)) - raft.server.log.statemachine.data.sync.timeout = 10s (default)
2021-04-29 10:57:23,077 [pool-191-thread-1] INFO  server.RaftServerConfigKeys (ConfUtils.java:logGet(44)) - raft.server.log.statemachine.data.sync.timeout.retry = -1 (default)
2021-04-29 10:57:23,079 [pool-191-thread-1] INFO  server.RaftServerConfigKeys (ConfUtils.java:logGet(44)) - raft.server.log.write.buffer.size = 1048576 (custom)
2021-04-29 10:57:23,080 [pool-191-thread-1] INFO  server.RaftServerConfigKeys (ConfUtils.java:logGet(44)) - raft.server.log.statemachine.data.caching.enabled = true (custom)
2021-04-29 10:57:23,080 [pool-191-thread-1] INFO  segmented.SegmentedRaftLogWorker (SegmentedRaftLogWorker.java:lambda$new$0(133)) - 51593562-bf48-4e12-b0f7-435460a60e26@group-5F9640C5EC9E-SegmentedRaftLogWorker: flushIndex: setUnconditionally 0 -> -1
2021-04-29 10:57:23,080 [pool-191-thread-1] INFO  segmented.SegmentedRaftLogWorker (SegmentedRaftLogWorker.java:lambda$new$0(133)) - 51593562-bf48-4e12-b0f7-435460a60e26@group-5F9640C5EC9E-SegmentedRaftLogWorker: safeCacheEvictIndex: setUnconditionally 0 -> -1
2021-04-29 10:57:23,080 [pool-191-thread-1] INFO  server.RaftServerConfigKeys (ConfUtils.java:logGet(44)) - raft.server.snapshot.auto.trigger.enabled = true (custom)
2021-04-29 10:57:23,080 [pool-191-thread-1] INFO  server.RaftServerConfigKeys (ConfUtils.java:logGet(44)) - raft.server.snapshot.auto.trigger.threshold = 10000 (custom)
2021-04-29 10:57:23,081 [pool-191-thread-1] INFO  server.RaftServerConfigKeys (ConfUtils.java:logGet(44)) - raft.server.snapshot.retention.file.num = 5 (custom)
2021-04-29 10:57:23,081 [pool-191-thread-1] INFO  server.RaftServerConfigKeys (ConfUtils.java:logGet(44)) - raft.server.log.purge.upto.snapshot.index = false (default)
2021-04-29 10:57:23,081 [pool-191-thread-1] INFO  server.RaftServerConfigKeys (ConfUtils.java:logGet(44)) - raft.server.retrycache.expirytime = 600000ms (custom)
2021-04-29 10:57:23,081 [pool-191-thread-1] INFO  server.RaftServerConfigKeys (ConfUtils.java:logGet(44)) - raft.server.retrycache.statistics.expirytime = 100?s (default)
2021-04-29 10:57:23,081 [pool-191-thread-1] INFO  metrics.RatisMetrics (RatisMetrics.java:lambda$create$0(36)) - Creating Metrics Registry : ratis.leader_election.51593562-bf48-4e12-b0f7-435460a60e26@group-5F9640C5EC9E
2021-04-29 10:57:23,082 [pool-191-thread-1] INFO  metrics.RatisMetrics (RatisMetrics.java:lambda$create$0(36)) - Creating Metrics Registry : ratis.server.51593562-bf48-4e12-b0f7-435460a60e26@group-5F9640C5EC9E
2021-04-29 10:57:23,086 [pool-191-thread-1] INFO  server.RaftServer$Division (RaftServerImpl.java:start(295)) - 51593562-bf48-4e12-b0f7-435460a60e26@group-5F9640C5EC9E: start as a follower, conf=-1: [2ece3016-29da-4712-9e61-42b563feafe4|rpc:172.17.0.2:37483|dataStream:|priority:0, f2874c6a-efe9-4f48-8c15-64eb2698a6fe|rpc:172.17.0.2:38031|dataStream:|priority:0, 51593562-bf48-4e12-b0f7-435460a60e26|rpc:172.17.0.2:37879|dataStream:|priority:1], old=null
2021-04-29 10:57:23,086 [pool-191-thread-1] INFO  server.RaftServer$Division (RaftServerImpl.java:setRole(284)) - 51593562-bf48-4e12-b0f7-435460a60e26@group-5F9640C5EC9E: changes role from      null to FOLLOWER at term 0 for startAsFollower
2021-04-29 10:57:23,087 [pool-191-thread-1] INFO  impl.RoleInfo (RoleInfo.java:updateAndGet(130)) - 51593562-bf48-4e12-b0f7-435460a60e26: start 51593562-bf48-4e12-b0f7-435460a60e26@group-5F9640C5EC9E-FollowerState
2021-04-29 10:57:23,088 [pool-191-thread-1] INFO  util.JmxRegister (JmxRegister.java:tryRegister(44)) - Successfully registered JMX Bean with object name Ratis:service=RaftServer,group=group-5F9640C5EC9E,id=51593562-bf48-4e12-b0f7-435460a60e26
2021-04-29 10:57:23,088 [pool-191-thread-1] INFO  metrics.RatisMetrics (RatisMetrics.java:lambda$create$0(36)) - Creating Metrics Registry : ratis.state_machine.51593562-bf48-4e12-b0f7-435460a60e26@group-5F9640C5EC9E
2021-04-29 10:57:23,103 [Command processor thread] INFO  commandhandler.CreatePipelineCommandHandler (CreatePipelineCommandHandler.java:handle(106)) - Created Pipeline RATIS THREE PipelineID=d965319d-9b1c-4f94-89c8-5f9640c5ec9e.
2021-04-29 10:57:23,177 [EventQueue-PipelineReportForOneReplicaPipelineSafeModeRule] INFO  safemode.SCMSafeModeManager (SCMSafeModeManager.java:validateSafeModeExitRules(201)) - AtleastOneDatanodeReportedRule rule is successfully validated
2021-04-29 10:57:23,177 [EventQueue-OpenPipelineForHealthyPipelineSafeModeRule] INFO  safemode.SCMSafeModeManager (HealthyPipelineSafeModeRule.java:process(130)) - SCM in safe mode. Healthy pipelines reported count is 0, required healthy pipeline reported count is 1
2021-04-29 10:57:23,266 [EventQueue-PipelineReportForOneReplicaPipelineSafeModeRule] INFO  safemode.SCMSafeModeManager (SCMSafeModeManager.java:validateSafeModeExitRules(201)) - AtleastOneDatanodeReportedRule rule is successfully validated
2021-04-29 10:57:23,266 [EventQueue-OpenPipelineForHealthyPipelineSafeModeRule] INFO  safemode.SCMSafeModeManager (HealthyPipelineSafeModeRule.java:process(130)) - SCM in safe mode. Healthy pipelines reported count is 0, required healthy pipeline reported count is 1
2021-04-29 10:57:23,310 [Command processor thread] INFO  server.RaftServer (RaftServerProxy.java:addNew(95)) - 2ece3016-29da-4712-9e61-42b563feafe4: addNew group-1D607C43D7C7:[2ece3016-29da-4712-9e61-42b563feafe4|rpc:172.17.0.2:37483|priority:1] returns group-1D607C43D7C7:java.util.concurrent.CompletableFuture@6e2e3c3f[Not completed]
2021-04-29 10:57:23,311 [pool-173-thread-1] INFO  server.RaftServer$Division (RaftServerImpl.java:<init>(180)) - 2ece3016-29da-4712-9e61-42b563feafe4: new RaftServerImpl for group-1D607C43D7C7:[2ece3016-29da-4712-9e61-42b563feafe4|rpc:172.17.0.2:37483|priority:1] with ContainerStateMachine:uninitialized
2021-04-29 10:57:23,311 [pool-173-thread-1] INFO  server.RaftServerConfigKeys (ConfUtils.java:logGet(44)) - raft.server.rpc.timeout.min = 5s (custom)
2021-04-29 10:57:23,311 [pool-173-thread-1] INFO  server.RaftServerConfigKeys (ConfUtils.java:logGet(44)) - raft.server.rpc.timeout.max = 5200ms (custom)
2021-04-29 10:57:23,311 [pool-173-thread-1] INFO  server.RaftServerConfigKeys (ConfUtils.java:logGet(44)) - raft.server.rpc.sleep.time = 25ms (default)
2021-04-29 10:57:23,311 [pool-173-thread-1] INFO  server.RaftServerConfigKeys (ConfUtils.java:logGet(44)) - raft.server.rpc.slowness.timeout = 300000ms (custom)
2021-04-29 10:57:23,311 [pool-173-thread-1] INFO  server.RaftServerConfigKeys (ConfUtils.java:logGet(44)) - raft.server.leaderelection.leader.step-down.wait-time = 10s (default)
2021-04-29 10:57:23,311 [pool-173-thread-1] INFO  server.RaftServerConfigKeys (ConfUtils.java:logGet(44)) - raft.server.sleep.deviation.threshold = 300ms (default)
2021-04-29 10:57:23,312 [pool-173-thread-1] INFO  server.RaftServerConfigKeys (ConfUtils.java:logGet(44)) - raft.server.log.appender.install.snapshot.enabled = false (custom)
2021-04-29 10:57:23,312 [pool-173-thread-1] INFO  server.RaftServer$Division (ServerState.java:<init>(105)) - 2ece3016-29da-4712-9e61-42b563feafe4@group-1D607C43D7C7: ConfigurationManager, init=-1: [2ece3016-29da-4712-9e61-42b563feafe4|rpc:172.17.0.2:37483|priority:1], old=null, confs=<EMPTY_MAP>
2021-04-29 10:57:23,312 [pool-173-thread-1] INFO  server.RaftServerConfigKeys (ConfUtils.java:logGet(44)) - raft.server.storage.dir = [/github/workspace/mnt/ozone/hadoop-ozone/integration-test/target/test-dir/MiniOzoneClusterImpl-2726c7ec-cf5f-4d18-8e0d-a0ed93d2ecae/datanode-7/data/ratis] (custom)
2021-04-29 10:57:23,312 [pool-173-thread-1] INFO  server.RaftServerConfigKeys (ConfUtils.java:logGet(44)) - raft.server.log.corruption.policy = EXCEPTION (default)
2021-04-29 10:57:23,312 [pool-173-thread-1] INFO  storage.RaftStorageDirectory (RaftStorageDirectoryImpl.java:analyzeStorage(132)) - The storage directory /github/workspace/mnt/ozone/hadoop-ozone/integration-test/target/test-dir/MiniOzoneClusterImpl-2726c7ec-cf5f-4d18-8e0d-a0ed93d2ecae/datanode-7/data/ratis/82a88e11-0f8b-4971-b51f-1d607c43d7c7 does not exist. Creating ...
2021-04-29 10:57:23,314 [pool-173-thread-1] INFO  storage.RaftStorageDirectory (RaftStorageDirectoryImpl.java:tryLock(215)) - Lock on /github/workspace/mnt/ozone/hadoop-ozone/integration-test/target/test-dir/MiniOzoneClusterImpl-2726c7ec-cf5f-4d18-8e0d-a0ed93d2ecae/datanode-7/data/ratis/82a88e11-0f8b-4971-b51f-1d607c43d7c7/in_use.lock acquired by nodename 12126@8023de4eb765
2021-04-29 10:57:23,315 [pool-173-thread-1] INFO  storage.RaftStorage (RaftStorageImpl.java:format(87)) - Storage directory /github/workspace/mnt/ozone/hadoop-ozone/integration-test/target/test-dir/MiniOzoneClusterImpl-2726c7ec-cf5f-4d18-8e0d-a0ed93d2ecae/datanode-7/data/ratis/82a88e11-0f8b-4971-b51f-1d607c43d7c7 has been successfully formatted.
2021-04-29 10:57:23,315 [pool-173-thread-1] INFO  ratis.ContainerStateMachine (ContainerStateMachine.java:loadSnapshot(224)) - group-1D607C43D7C7: The snapshot info is null. Setting the last applied indexto:(t:0, i:~)
2021-04-29 10:57:23,316 [pool-173-thread-1] INFO  server.RaftServerConfigKeys (ConfUtils.java:logGet(44)) - raft.server.notification.no-leader.timeout = 300000ms (custom)
2021-04-29 10:57:23,316 [pool-173-thread-1] INFO  server.RaftServerConfigKeys (ConfUtils.java:logGet(44)) - raft.server.log.use.memory = false (default)
2021-04-29 10:57:23,316 [pool-173-thread-1] INFO  server.RaftServerConfigKeys (ConfUtils.java:logGet(44)) - raft.server.log.purge.gap = 1000000 (custom)
2021-04-29 10:57:23,316 [pool-173-thread-1] INFO  server.RaftServerConfigKeys (ConfUtils.java:logGet(44)) - raft.server.log.appender.buffer.byte-limit = 33554432 (custom)
2021-04-29 10:57:23,316 [pool-173-thread-1] INFO  metrics.RatisMetrics (RatisMetrics.java:lambda$create$0(36)) - Creating Metrics Registry : ratis.log_worker.2ece3016-29da-4712-9e61-42b563feafe4@group-1D607C43D7C7
2021-04-29 10:57:23,316 [pool-173-thread-1] INFO  server.RaftServerConfigKeys (ConfUtils.java:logGet(44)) - raft.server.log.segment.size.max = 1048576 (custom)
2021-04-29 10:57:23,317 [pool-173-thread-1] INFO  server.RaftServerConfigKeys (ConfUtils.java:logGet(44)) - raft.server.log.segment.cache.num.max = 2 (custom)
2021-04-29 10:57:23,317 [pool-173-thread-1] INFO  server.RaftServerConfigKeys (ConfUtils.java:logGet(44)) - raft.server.log.segment.cache.size.max = 200MB (=209715200) (default)
2021-04-29 10:57:23,317 [pool-173-thread-1] INFO  segmented.SegmentedRaftLogWorker (SegmentedRaftLogWorker.java:<init>(182)) - new 2ece3016-29da-4712-9e61-42b563feafe4@group-1D607C43D7C7-SegmentedRaftLogWorker for RaftStorageImpl:Storage Directory /github/workspace/mnt/ozone/hadoop-ozone/integration-test/target/test-dir/MiniOzoneClusterImpl-2726c7ec-cf5f-4d18-8e0d-a0ed93d2ecae/datanode-7/data/ratis/82a88e11-0f8b-4971-b51f-1d607c43d7c7
2021-04-29 10:57:23,317 [pool-173-thread-1] INFO  server.RaftServerConfigKeys (ConfUtils.java:logGet(44)) - raft.server.log.queue.byte-limit = 2147483647 (custom)
2021-04-29 10:57:23,317 [pool-173-thread-1] INFO  server.RaftServerConfigKeys (ConfUtils.java:logGet(44)) - raft.server.log.queue.element-limit = 1024 (custom)
2021-04-29 10:57:23,317 [pool-173-thread-1] INFO  server.RaftServerConfigKeys (ConfUtils.java:logGet(44)) - raft.server.log.segment.size.max = 1048576 (custom)
2021-04-29 10:57:23,317 [pool-173-thread-1] INFO  server.RaftServerConfigKeys (ConfUtils.java:logGet(44)) - raft.server.log.preallocated.size = 16384 (custom)
2021-04-29 10:57:23,317 [pool-173-thread-1] INFO  server.RaftServerConfigKeys (ConfUtils.java:logGet(44)) - raft.server.log.force.sync.num = 128 (default)
2021-04-29 10:57:23,317 [pool-173-thread-1] INFO  server.RaftServerConfigKeys (ConfUtils.java:logGet(44)) - raft.server.log.statemachine.data.sync = true (default)
2021-04-29 10:57:23,317 [pool-173-thread-1] INFO  server.RaftServerConfigKeys (ConfUtils.java:logGet(44)) - raft.server.log.statemachine.data.sync.timeout = 10s (default)
2021-04-29 10:57:23,317 [pool-173-thread-1] INFO  server.RaftServerConfigKeys (ConfUtils.java:logGet(44)) - raft.server.log.statemachine.data.sync.timeout.retry = -1 (default)
2021-04-29 10:57:23,318 [pool-173-thread-1] INFO  server.RaftServerConfigKeys (ConfUtils.java:logGet(44)) - raft.server.log.write.buffer.size = 1048576 (custom)
2021-04-29 10:57:23,319 [pool-173-thread-1] INFO  server.RaftServerConfigKeys (ConfUtils.java:logGet(44)) - raft.server.log.statemachine.data.caching.enabled = true (custom)
2021-04-29 10:57:23,319 [pool-173-thread-1] INFO  segmented.SegmentedRaftLogWorker (SegmentedRaftLogWorker.java:lambda$new$0(133)) - 2ece3016-29da-4712-9e61-42b563feafe4@group-1D607C43D7C7-SegmentedRaftLogWorker: flushIndex: setUnconditionally 0 -> -1
2021-04-29 10:57:23,319 [pool-173-thread-1] INFO  segmented.SegmentedRaftLogWorker (SegmentedRaftLogWorker.java:lambda$new$0(133)) - 2ece3016-29da-4712-9e61-42b563feafe4@group-1D607C43D7C7-SegmentedRaftLogWorker: safeCacheEvictIndex: setUnconditionally 0 -> -1
2021-04-29 10:57:23,320 [pool-173-thread-1] INFO  server.RaftServerConfigKeys (ConfUtils.java:logGet(44)) - raft.server.snapshot.auto.trigger.enabled = true (custom)
2021-04-29 10:57:23,320 [pool-173-thread-1] INFO  server.RaftServerConfigKeys (ConfUtils.java:logGet(44)) - raft.server.snapshot.auto.trigger.threshold = 10000 (custom)
2021-04-29 10:57:23,320 [pool-173-thread-1] INFO  server.RaftServerConfigKeys (ConfUtils.java:logGet(44)) - raft.server.snapshot.retention.file.num = 5 (custom)
2021-04-29 10:57:23,320 [pool-173-thread-1] INFO  server.RaftServerConfigKeys (ConfUtils.java:logGet(44)) - raft.server.log.purge.upto.snapshot.index = false (default)
2021-04-29 10:57:23,320 [pool-173-thread-1] INFO  server.RaftServerConfigKeys (ConfUtils.java:logGet(44)) - raft.server.retrycache.expirytime = 600000ms (custom)
2021-04-29 10:57:23,320 [pool-173-thread-1] INFO  server.RaftServerConfigKeys (ConfUtils.java:logGet(44)) - raft.server.retrycache.statistics.expirytime = 100?s (default)
2021-04-29 10:57:23,321 [pool-173-thread-1] INFO  metrics.RatisMetrics (RatisMetrics.java:lambda$create$0(36)) - Creating Metrics Registry : ratis.leader_election.2ece3016-29da-4712-9e61-42b563feafe4@group-1D607C43D7C7
2021-04-29 10:57:23,321 [EventQueue-PipelineReportForPipelineReportHandler] INFO  pipeline.PipelineManagerV2Impl (PipelineManagerV2Impl.java:openPipeline(270)) - Pipeline Pipeline[ Id: 82a88e11-0f8b-4971-b51f-1d607c43d7c7, Nodes: 2ece3016-29da-4712-9e61-42b563feafe4{ip: 172.17.0.2, host: 8023de4eb765, ports: [REPLICATION=46329, RATIS=37483, RATIS_ADMIN=37483, RATIS_SERVER=37483, STANDALONE=33183], networkLocation: /default-rack, certSerialId: null, persistedOpState: IN_SERVICE, persistedOpStateExpiryEpochSec: 0}, ReplicationConfig: RATIS/ONE, State:ALLOCATED, leaderId:2ece3016-29da-4712-9e61-42b563feafe4, CreationTimestamp2021-04-29T10:57:20.314Z] moved to OPEN state
2021-04-29 10:57:23,321 [pool-173-thread-1] INFO  metrics.RatisMetrics (RatisMetrics.java:lambda$create$0(36)) - Creating Metrics Registry : ratis.server.2ece3016-29da-4712-9e61-42b563feafe4@group-1D607C43D7C7
2021-04-29 10:57:23,321 [EventQueue-PipelineReportForOneReplicaPipelineSafeModeRule] INFO  safemode.SCMSafeModeManager (SCMSafeModeManager.java:validateSafeModeExitRules(201)) - AtleastOneDatanodeReportedRule rule is successfully validated
2021-04-29 10:57:23,322 [EventQueue-OpenPipelineForHealthyPipelineSafeModeRule] INFO  safemode.SCMSafeModeManager (HealthyPipelineSafeModeRule.java:process(130)) - SCM in safe mode. Healthy pipelines reported count is 0, required healthy pipeline reported count is 1
2021-04-29 10:57:23,322 [pool-173-thread-1] INFO  server.RaftServer$Division (RaftServerImpl.java:start(295)) - 2ece3016-29da-4712-9e61-42b563feafe4@group-1D607C43D7C7: start as a follower, conf=-1: [2ece3016-29da-4712-9e61-42b563feafe4|rpc:172.17.0.2:37483|priority:1], old=null
2021-04-29 10:57:23,332 [pool-173-thread-1] INFO  server.RaftServer$Division (RaftServerImpl.java:setRole(284)) - 2ece3016-29da-4712-9e61-42b563feafe4@group-1D607C43D7C7: changes role from      null to FOLLOWER at term 0 for startAsFollower
2021-04-29 10:57:23,332 [pool-173-thread-1] INFO  impl.RoleInfo (RoleInfo.java:updateAndGet(130)) - 2ece3016-29da-4712-9e61-42b563feafe4: start 2ece3016-29da-4712-9e61-42b563feafe4@group-1D607C43D7C7-FollowerState
2021-04-29 10:57:23,333 [pool-173-thread-1] INFO  util.JmxRegister (JmxRegister.java:tryRegister(44)) - Successfully registered JMX Bean with object name Ratis:service=RaftServer,group=group-1D607C43D7C7,id=2ece3016-29da-4712-9e61-42b563feafe4
2021-04-29 10:57:23,333 [pool-173-thread-1] INFO  metrics.RatisMetrics (RatisMetrics.java:lambda$create$0(36)) - Creating Metrics Registry : ratis.state_machine.2ece3016-29da-4712-9e61-42b563feafe4@group-1D607C43D7C7
2021-04-29 10:57:23,334 [Command processor thread] INFO  ratis.XceiverServerRatis (XceiverServerRatis.java:addGroup(808)) - Created group PipelineID=82a88e11-0f8b-4971-b51f-1d607c43d7c7
2021-04-29 10:57:23,335 [Command processor thread] INFO  commandhandler.CreatePipelineCommandHandler (CreatePipelineCommandHandler.java:handle(106)) - Created Pipeline RATIS ONE PipelineID=82a88e11-0f8b-4971-b51f-1d607c43d7c7.
2021-04-29 10:57:23,412 [EventQueue-OpenPipelineForHealthyPipelineSafeModeRule] INFO  safemode.SCMSafeModeManager (HealthyPipelineSafeModeRule.java:process(130)) - SCM in safe mode. Healthy pipelines reported count is 0, required healthy pipeline reported count is 1
2021-04-29 10:57:23,412 [EventQueue-PipelineReportForOneReplicaPipelineSafeModeRule] INFO  safemode.SCMSafeModeManager (SCMSafeModeManager.java:validateSafeModeExitRules(201)) - AtleastOneDatanodeReportedRule rule is successfully validated
2021-04-29 10:57:23,590 [Command processor thread] INFO  server.RaftServer (RaftServerProxy.java:addNew(95)) - 51593562-bf48-4e12-b0f7-435460a60e26: addNew group-9AF61B126474:[51593562-bf48-4e12-b0f7-435460a60e26|rpc:172.17.0.2:37879|priority:1] returns group-9AF61B126474:java.util.concurrent.CompletableFuture@49273c56[Not completed]
2021-04-29 10:57:23,591 [pool-191-thread-1] INFO  server.RaftServer$Division (RaftServerImpl.java:<init>(180)) - 51593562-bf48-4e12-b0f7-435460a60e26: new RaftServerImpl for group-9AF61B126474:[51593562-bf48-4e12-b0f7-435460a60e26|rpc:172.17.0.2:37879|priority:1] with ContainerStateMachine:uninitialized
2021-04-29 10:57:23,591 [pool-191-thread-1] INFO  server.RaftServerConfigKeys (ConfUtils.java:logGet(44)) - raft.server.rpc.timeout.min = 5s (custom)
2021-04-29 10:57:23,592 [pool-191-thread-1] INFO  server.RaftServerConfigKeys (ConfUtils.java:logGet(44)) - raft.server.rpc.timeout.max = 5200ms (custom)
2021-04-29 10:57:23,592 [pool-191-thread-1] INFO  server.RaftServerConfigKeys (ConfUtils.java:logGet(44)) - raft.server.rpc.sleep.time = 25ms (default)
2021-04-29 10:57:23,592 [pool-191-thread-1] INFO  server.RaftServerConfigKeys (ConfUtils.java:logGet(44)) - raft.server.rpc.slowness.timeout = 300000ms (custom)
2021-04-29 10:57:23,592 [pool-191-thread-1] INFO  server.RaftServerConfigKeys (ConfUtils.java:logGet(44)) - raft.server.leaderelection.leader.step-down.wait-time = 10s (default)
2021-04-29 10:57:23,592 [pool-191-thread-1] INFO  server.RaftServerConfigKeys (ConfUtils.java:logGet(44)) - raft.server.sleep.deviation.threshold = 300ms (default)
2021-04-29 10:57:23,592 [pool-191-thread-1] INFO  server.RaftServerConfigKeys (ConfUtils.java:logGet(44)) - raft.server.log.appender.install.snapshot.enabled = false (custom)
2021-04-29 10:57:23,592 [pool-191-thread-1] INFO  server.RaftServer$Division (ServerState.java:<init>(105)) - 51593562-bf48-4e12-b0f7-435460a60e26@group-9AF61B126474: ConfigurationManager, init=-1: [51593562-bf48-4e12-b0f7-435460a60e26|rpc:172.17.0.2:37879|priority:1], old=null, confs=<EMPTY_MAP>
2021-04-29 10:57:23,592 [pool-191-thread-1] INFO  server.RaftServerConfigKeys (ConfUtils.java:logGet(44)) - raft.server.storage.dir = [/github/workspace/mnt/ozone/hadoop-ozone/integration-test/target/test-dir/MiniOzoneClusterImpl-2726c7ec-cf5f-4d18-8e0d-a0ed93d2ecae/datanode-8/data/ratis] (custom)
2021-04-29 10:57:23,592 [pool-191-thread-1] INFO  server.RaftServerConfigKeys (ConfUtils.java:logGet(44)) - raft.server.log.corruption.policy = EXCEPTION (default)
2021-04-29 10:57:23,593 [pool-191-thread-1] INFO  storage.RaftStorageDirectory (RaftStorageDirectoryImpl.java:analyzeStorage(132)) - The storage directory /github/workspace/mnt/ozone/hadoop-ozone/integration-test/target/test-dir/MiniOzoneClusterImpl-2726c7ec-cf5f-4d18-8e0d-a0ed93d2ecae/datanode-8/data/ratis/353dcd4d-7dd8-49ce-b20f-9af61b126474 does not exist. Creating ...
2021-04-29 10:57:23,594 [Listener at 127.0.0.1/42781] INFO  ozone.MiniOzoneClusterImpl (MiniOzoneClusterImpl.java:lambda$waitForClusterToBeReady$0(224)) - Nodes are ready. Got 9 of 9 DN Heartbeats.
2021-04-29 10:57:23,595 [Listener at 127.0.0.1/42781] INFO  ozone.MiniOzoneClusterImpl (MiniOzoneClusterImpl.java:lambda$waitForClusterToBeReady$0(227)) - Waiting for cluster to exit safe mode
2021-04-29 10:57:23,595 [Listener at 127.0.0.1/42781] INFO  ozone.MiniOzoneClusterImpl (MiniOzoneClusterImpl.java:lambda$waitForClusterToBeReady$0(230)) - SCM became leader
2021-04-29 10:57:23,595 [pool-191-thread-1] INFO  storage.RaftStorageDirectory (RaftStorageDirectoryImpl.java:tryLock(215)) - Lock on /github/workspace/mnt/ozone/hadoop-ozone/integration-test/target/test-dir/MiniOzoneClusterImpl-2726c7ec-cf5f-4d18-8e0d-a0ed93d2ecae/datanode-8/data/ratis/353dcd4d-7dd8-49ce-b20f-9af61b126474/in_use.lock acquired by nodename 12126@8023de4eb765
2021-04-29 10:57:23,597 [pool-191-thread-1] INFO  storage.RaftStorage (RaftStorageImpl.java:format(87)) - Storage directory /github/workspace/mnt/ozone/hadoop-ozone/integration-test/target/test-dir/MiniOzoneClusterImpl-2726c7ec-cf5f-4d18-8e0d-a0ed93d2ecae/datanode-8/data/ratis/353dcd4d-7dd8-49ce-b20f-9af61b126474 has been successfully formatted.
2021-04-29 10:57:23,597 [pool-191-thread-1] INFO  ratis.ContainerStateMachine (ContainerStateMachine.java:loadSnapshot(224)) - group-9AF61B126474: The snapshot info is null. Setting the last applied indexto:(t:0, i:~)
2021-04-29 10:57:23,597 [pool-191-thread-1] INFO  server.RaftServerConfigKeys (ConfUtils.java:logGet(44)) - raft.server.notification.no-leader.timeout = 300000ms (custom)
2021-04-29 10:57:23,597 [pool-191-thread-1] INFO  server.RaftServerConfigKeys (ConfUtils.java:logGet(44)) - raft.server.log.use.memory = false (default)
2021-04-29 10:57:23,597 [pool-191-thread-1] INFO  server.RaftServerConfigKeys (ConfUtils.java:logGet(44)) - raft.server.log.purge.gap = 1000000 (custom)
2021-04-29 10:57:23,597 [pool-191-thread-1] INFO  server.RaftServerConfigKeys (ConfUtils.java:logGet(44)) - raft.server.log.appender.buffer.byte-limit = 33554432 (custom)
2021-04-29 10:57:23,597 [pool-191-thread-1] INFO  metrics.RatisMetrics (RatisMetrics.java:lambda$create$0(36)) - Creating Metrics Registry : ratis.log_worker.51593562-bf48-4e12-b0f7-435460a60e26@group-9AF61B126474
2021-04-29 10:57:23,598 [EventQueue-PipelineReportForPipelineReportHandler] INFO  pipeline.PipelineManagerV2Impl (PipelineManagerV2Impl.java:openPipeline(270)) - Pipeline Pipeline[ Id: 353dcd4d-7dd8-49ce-b20f-9af61b126474, Nodes: 51593562-bf48-4e12-b0f7-435460a60e26{ip: 172.17.0.2, host: 8023de4eb765, ports: [REPLICATION=46095, RATIS=37879, RATIS_ADMIN=37879, RATIS_SERVER=37879, STANDALONE=37727], networkLocation: /default-rack, certSerialId: null, persistedOpState: IN_SERVICE, persistedOpStateExpiryEpochSec: 0}, ReplicationConfig: RATIS/ONE, State:ALLOCATED, leaderId:51593562-bf48-4e12-b0f7-435460a60e26, CreationTimestamp2021-04-29T10:57:20.593Z] moved to OPEN state
2021-04-29 10:57:23,598 [EventQueue-PipelineReportForOneReplicaPipelineSafeModeRule] INFO  safemode.SCMSafeModeManager (SCMSafeModeManager.java:validateSafeModeExitRules(201)) - AtleastOneDatanodeReportedRule rule is successfully validated
2021-04-29 10:57:23,599 [EventQueue-OpenPipelineForHealthyPipelineSafeModeRule] INFO  safemode.SCMSafeModeManager (HealthyPipelineSafeModeRule.java:process(130)) - SCM in safe mode. Healthy pipelines reported count is 0, required healthy pipeline reported count is 1
2021-04-29 10:57:23,602 [pool-191-thread-1] INFO  server.RaftServerConfigKeys (ConfUtils.java:logGet(44)) - raft.server.log.segment.size.max = 1048576 (custom)
2021-04-29 10:57:23,603 [pool-191-thread-1] INFO  server.RaftServerConfigKeys (ConfUtils.java:logGet(44)) - raft.server.log.segment.cache.num.max = 2 (custom)
2021-04-29 10:57:23,603 [pool-191-thread-1] INFO  server.RaftServerConfigKeys (ConfUtils.java:logGet(44)) - raft.server.log.segment.cache.size.max = 200MB (=209715200) (default)
2021-04-29 10:57:23,603 [pool-191-thread-1] INFO  segmented.SegmentedRaftLogWorker (SegmentedRaftLogWorker.java:<init>(182)) - new 51593562-bf48-4e12-b0f7-435460a60e26@group-9AF61B126474-SegmentedRaftLogWorker for RaftStorageImpl:Storage Directory /github/workspace/mnt/ozone/hadoop-ozone/integration-test/target/test-dir/MiniOzoneClusterImpl-2726c7ec-cf5f-4d18-8e0d-a0ed93d2ecae/datanode-8/data/ratis/353dcd4d-7dd8-49ce-b20f-9af61b126474
2021-04-29 10:57:23,603 [pool-191-thread-1] INFO  server.RaftServerConfigKeys (ConfUtils.java:logGet(44)) - raft.server.log.queue.byte-limit = 2147483647 (custom)
2021-04-29 10:57:23,603 [pool-191-thread-1] INFO  server.RaftServerConfigKeys (ConfUtils.java:logGet(44)) - raft.server.log.queue.element-limit = 1024 (custom)
2021-04-29 10:57:23,603 [pool-191-thread-1] INFO  server.RaftServerConfigKeys (ConfUtils.java:logGet(44)) - raft.server.log.segment.size.max = 1048576 (custom)
2021-04-29 10:57:23,603 [pool-191-thread-1] INFO  server.RaftServerConfigKeys (ConfUtils.java:logGet(44)) - raft.server.log.preallocated.size = 16384 (custom)
2021-04-29 10:57:23,603 [pool-191-thread-1] INFO  server.RaftServerConfigKeys (ConfUtils.java:logGet(44)) - raft.server.log.force.sync.num = 128 (default)
2021-04-29 10:57:23,604 [pool-191-thread-1] INFO  server.RaftServerConfigKeys (ConfUtils.java:logGet(44)) - raft.server.log.statemachine.data.sync = true (default)
2021-04-29 10:57:23,604 [pool-191-thread-1] INFO  server.RaftServerConfigKeys (ConfUtils.java:logGet(44)) - raft.server.log.statemachine.data.sync.timeout = 10s (default)
2021-04-29 10:57:23,604 [pool-191-thread-1] INFO  server.RaftServerConfigKeys (ConfUtils.java:logGet(44)) - raft.server.log.statemachine.data.sync.timeout.retry = -1 (default)
2021-04-29 10:57:23,605 [pool-191-thread-1] INFO  server.RaftServerConfigKeys (ConfUtils.java:logGet(44)) - raft.server.log.write.buffer.size = 1048576 (custom)
2021-04-29 10:57:23,606 [pool-191-thread-1] INFO  server.RaftServerConfigKeys (ConfUtils.java:logGet(44)) - raft.server.log.statemachine.data.caching.enabled = true (custom)
2021-04-29 10:57:23,606 [pool-191-thread-1] INFO  segmented.SegmentedRaftLogWorker (SegmentedRaftLogWorker.java:lambda$new$0(133)) - 51593562-bf48-4e12-b0f7-435460a60e26@group-9AF61B126474-SegmentedRaftLogWorker: flushIndex: setUnconditionally 0 -> -1
2021-04-29 10:57:23,607 [pool-191-thread-1] INFO  segmented.SegmentedRaftLogWorker (SegmentedRaftLogWorker.java:lambda$new$0(133)) - 51593562-bf48-4e12-b0f7-435460a60e26@group-9AF61B126474-SegmentedRaftLogWorker: safeCacheEvictIndex: setUnconditionally 0 -> -1
2021-04-29 10:57:23,611 [pool-191-thread-1] INFO  server.RaftServerConfigKeys (ConfUtils.java:logGet(44)) - raft.server.snapshot.auto.trigger.enabled = true (custom)
2021-04-29 10:57:23,611 [pool-191-thread-1] INFO  server.RaftServerConfigKeys (ConfUtils.java:logGet(44)) - raft.server.snapshot.auto.trigger.threshold = 10000 (custom)
2021-04-29 10:57:23,611 [pool-191-thread-1] INFO  server.RaftServerConfigKeys (ConfUtils.java:logGet(44)) - raft.server.snapshot.retention.file.num = 5 (custom)
2021-04-29 10:57:23,611 [pool-191-thread-1] INFO  server.RaftServerConfigKeys (ConfUtils.java:logGet(44)) - raft.server.log.purge.upto.snapshot.index = false (default)
2021-04-29 10:57:23,611 [pool-191-thread-1] INFO  server.RaftServerConfigKeys (ConfUtils.java:logGet(44)) - raft.server.retrycache.expirytime = 600000ms (custom)
2021-04-29 10:57:23,611 [pool-191-thread-1] INFO  server.RaftServerConfigKeys (ConfUtils.java:logGet(44)) - raft.server.retrycache.statistics.expirytime = 100?s (default)
2021-04-29 10:57:23,611 [pool-191-thread-1] INFO  metrics.RatisMetrics (RatisMetrics.java:lambda$create$0(36)) - Creating Metrics Registry : ratis.leader_election.51593562-bf48-4e12-b0f7-435460a60e26@group-9AF61B126474
2021-04-29 10:57:23,612 [pool-191-thread-1] INFO  metrics.RatisMetrics (RatisMetrics.java:lambda$create$0(36)) - Creating Metrics Registry : ratis.server.51593562-bf48-4e12-b0f7-435460a60e26@group-9AF61B126474
2021-04-29 10:57:23,613 [pool-191-thread-1] INFO  server.RaftServer$Division (RaftServerImpl.java:start(295)) - 51593562-bf48-4e12-b0f7-435460a60e26@group-9AF61B126474: start as a follower, conf=-1: [51593562-bf48-4e12-b0f7-435460a60e26|rpc:172.17.0.2:37879|priority:1], old=null
2021-04-29 10:57:23,613 [pool-191-thread-1] INFO  server.RaftServer$Division (RaftServerImpl.java:setRole(284)) - 51593562-bf48-4e12-b0f7-435460a60e26@group-9AF61B126474: changes role from      null to FOLLOWER at term 0 for startAsFollower
2021-04-29 10:57:23,622 [pool-191-thread-1] INFO  impl.RoleInfo (RoleInfo.java:updateAndGet(130)) - 51593562-bf48-4e12-b0f7-435460a60e26: start 51593562-bf48-4e12-b0f7-435460a60e26@group-9AF61B126474-FollowerState
2021-04-29 10:57:23,622 [pool-191-thread-1] INFO  util.JmxRegister (JmxRegister.java:tryRegister(44)) - Successfully registered JMX Bean with object name Ratis:service=RaftServer,group=group-9AF61B126474,id=51593562-bf48-4e12-b0f7-435460a60e26
2021-04-29 10:57:23,622 [pool-191-thread-1] INFO  metrics.RatisMetrics (RatisMetrics.java:lambda$create$0(36)) - Creating Metrics Registry : ratis.state_machine.51593562-bf48-4e12-b0f7-435460a60e26@group-9AF61B126474
2021-04-29 10:57:23,623 [Command processor thread] INFO  ratis.XceiverServerRatis (XceiverServerRatis.java:addGroup(808)) - Created group PipelineID=353dcd4d-7dd8-49ce-b20f-9af61b126474
2021-04-29 10:57:23,623 [Command processor thread] INFO  commandhandler.CreatePipelineCommandHandler (CreatePipelineCommandHandler.java:handle(106)) - Created Pipeline RATIS ONE PipelineID=353dcd4d-7dd8-49ce-b20f-9af61b126474.
2021-04-29 10:57:23,655 [EventQueue-PipelineReportForOneReplicaPipelineSafeModeRule] INFO  safemode.SCMSafeModeManager (SCMSafeModeManager.java:validateSafeModeExitRules(201)) - AtleastOneDatanodeReportedRule rule is successfully validated
2021-04-29 10:57:23,655 [EventQueue-OpenPipelineForHealthyPipelineSafeModeRule] INFO  safemode.SCMSafeModeManager (HealthyPipelineSafeModeRule.java:process(130)) - SCM in safe mode. Healthy pipelines reported count is 0, required healthy pipeline reported count is 1
2021-04-29 10:57:23,826 [EventQueue-OpenPipelineForHealthyPipelineSafeModeRule] INFO  safemode.SCMSafeModeManager (HealthyPipelineSafeModeRule.java:process(130)) - SCM in safe mode. Healthy pipelines reported count is 0, required healthy pipeline reported count is 1
2021-04-29 10:57:23,827 [EventQueue-PipelineReportForOneReplicaPipelineSafeModeRule] INFO  safemode.SCMSafeModeManager (SCMSafeModeManager.java:validateSafeModeExitRules(201)) - AtleastOneDatanodeReportedRule rule is successfully validated
2021-04-29 10:57:23,925 [EventQueue-OpenPipelineForHealthyPipelineSafeModeRule] INFO  safemode.SCMSafeModeManager (HealthyPipelineSafeModeRule.java:process(130)) - SCM in safe mode. Healthy pipelines reported count is 0, required healthy pipeline reported count is 1
2021-04-29 10:57:23,925 [EventQueue-PipelineReportForOneReplicaPipelineSafeModeRule] INFO  safemode.SCMSafeModeManager (SCMSafeModeManager.java:validateSafeModeExitRules(201)) - AtleastOneDatanodeReportedRule rule is successfully validated
2021-04-29 10:57:23,981 [EventQueue-PipelineReportForOneReplicaPipelineSafeModeRule] INFO  safemode.SCMSafeModeManager (SCMSafeModeManager.java:validateSafeModeExitRules(201)) - AtleastOneDatanodeReportedRule rule is successfully validated
2021-04-29 10:57:23,981 [EventQueue-OpenPipelineForHealthyPipelineSafeModeRule] INFO  safemode.SCMSafeModeManager (HealthyPipelineSafeModeRule.java:process(130)) - SCM in safe mode. Healthy pipelines reported count is 0, required healthy pipeline reported count is 1
2021-04-29 10:57:24,177 [EventQueue-OpenPipelineForHealthyPipelineSafeModeRule] INFO  safemode.SCMSafeModeManager (HealthyPipelineSafeModeRule.java:process(130)) - SCM in safe mode. Healthy pipelines reported count is 0, required healthy pipeline reported count is 1
2021-04-29 10:57:24,177 [EventQueue-PipelineReportForOneReplicaPipelineSafeModeRule] INFO  safemode.SCMSafeModeManager (SCMSafeModeManager.java:validateSafeModeExitRules(201)) - AtleastOneDatanodeReportedRule rule is successfully validated
2021-04-29 10:57:24,266 [EventQueue-PipelineReportForOneReplicaPipelineSafeModeRule] INFO  safemode.SCMSafeModeManager (SCMSafeModeManager.java:validateSafeModeExitRules(201)) - AtleastOneDatanodeReportedRule rule is successfully validated
2021-04-29 10:57:24,267 [EventQueue-OpenPipelineForHealthyPipelineSafeModeRule] INFO  safemode.SCMSafeModeManager (HealthyPipelineSafeModeRule.java:process(130)) - SCM in safe mode. Healthy pipelines reported count is 0, required healthy pipeline reported count is 1
2021-04-29 10:57:24,317 [EventQueue-OpenPipelineForHealthyPipelineSafeModeRule] INFO  safemode.SCMSafeModeManager (HealthyPipelineSafeModeRule.java:process(130)) - SCM in safe mode. Healthy pipelines reported count is 0, required healthy pipeline reported count is 1
2021-04-29 10:57:24,317 [EventQueue-PipelineReportForOneReplicaPipelineSafeModeRule] INFO  safemode.SCMSafeModeManager (SCMSafeModeManager.java:validateSafeModeExitRules(201)) - AtleastOneDatanodeReportedRule rule is successfully validated
2021-04-29 10:57:24,412 [EventQueue-PipelineReportForOneReplicaPipelineSafeModeRule] INFO  safemode.SCMSafeModeManager (SCMSafeModeManager.java:validateSafeModeExitRules(201)) - AtleastOneDatanodeReportedRule rule is successfully validated
2021-04-29 10:57:24,412 [EventQueue-OpenPipelineForHealthyPipelineSafeModeRule] INFO  safemode.SCMSafeModeManager (HealthyPipelineSafeModeRule.java:process(130)) - SCM in safe mode. Healthy pipelines reported count is 0, required healthy pipeline reported count is 1
2021-04-29 10:57:24,595 [Listener at 127.0.0.1/42781] INFO  ozone.MiniOzoneClusterImpl (MiniOzoneClusterImpl.java:lambda$waitForClusterToBeReady$0(224)) - Nodes are ready. Got 9 of 9 DN Heartbeats.
2021-04-29 10:57:24,595 [Listener at 127.0.0.1/42781] INFO  ozone.MiniOzoneClusterImpl (MiniOzoneClusterImpl.java:lambda$waitForClusterToBeReady$0(227)) - Waiting for cluster to exit safe mode
2021-04-29 10:57:24,596 [Listener at 127.0.0.1/42781] INFO  ozone.MiniOzoneClusterImpl (MiniOzoneClusterImpl.java:lambda$waitForClusterToBeReady$0(230)) - SCM became leader
2021-04-29 10:57:24,599 [EventQueue-PipelineReportForOneReplicaPipelineSafeModeRule] INFO  safemode.SCMSafeModeManager (SCMSafeModeManager.java:validateSafeModeExitRules(201)) - AtleastOneDatanodeReportedRule rule is successfully validated
2021-04-29 10:57:24,599 [EventQueue-OpenPipelineForHealthyPipelineSafeModeRule] INFO  safemode.SCMSafeModeManager (HealthyPipelineSafeModeRule.java:process(130)) - SCM in safe mode. Healthy pipelines reported count is 0, required healthy pipeline reported count is 1
2021-04-29 10:57:24,655 [EventQueue-OpenPipelineForHealthyPipelineSafeModeRule] INFO  safemode.SCMSafeModeManager (HealthyPipelineSafeModeRule.java:process(130)) - SCM in safe mode. Healthy pipelines reported count is 0, required healthy pipeline reported count is 1
2021-04-29 10:57:24,655 [EventQueue-PipelineReportForOneReplicaPipelineSafeModeRule] INFO  safemode.SCMSafeModeManager (SCMSafeModeManager.java:validateSafeModeExitRules(201)) - AtleastOneDatanodeReportedRule rule is successfully validated
2021-04-29 10:57:24,827 [EventQueue-PipelineReportForOneReplicaPipelineSafeModeRule] INFO  safemode.SCMSafeModeManager (SCMSafeModeManager.java:validateSafeModeExitRules(201)) - AtleastOneDatanodeReportedRule rule is successfully validated
2021-04-29 10:57:24,827 [EventQueue-OpenPipelineForHealthyPipelineSafeModeRule] INFO  safemode.SCMSafeModeManager (HealthyPipelineSafeModeRule.java:process(130)) - SCM in safe mode. Healthy pipelines reported count is 0, required healthy pipeline reported count is 1
2021-04-29 10:57:24,925 [EventQueue-PipelineReportForOneReplicaPipelineSafeModeRule] INFO  safemode.SCMSafeModeManager (SCMSafeModeManager.java:validateSafeModeExitRules(201)) - AtleastOneDatanodeReportedRule rule is successfully validated
2021-04-29 10:57:24,926 [EventQueue-OpenPipelineForHealthyPipelineSafeModeRule] INFO  safemode.SCMSafeModeManager (HealthyPipelineSafeModeRule.java:process(130)) - SCM in safe mode. Healthy pipelines reported count is 0, required healthy pipeline reported count is 1
2021-04-29 10:57:24,983 [EventQueue-OpenPipelineForHealthyPipelineSafeModeRule] INFO  safemode.SCMSafeModeManager (HealthyPipelineSafeModeRule.java:process(130)) - SCM in safe mode. Healthy pipelines reported count is 0, required healthy pipeline reported count is 1
2021-04-29 10:57:24,983 [EventQueue-PipelineReportForOneReplicaPipelineSafeModeRule] INFO  safemode.SCMSafeModeManager (SCMSafeModeManager.java:validateSafeModeExitRules(201)) - AtleastOneDatanodeReportedRule rule is successfully validated
2021-04-29 10:57:25,177 [EventQueue-PipelineReportForOneReplicaPipelineSafeModeRule] INFO  safemode.SCMSafeModeManager (SCMSafeModeManager.java:validateSafeModeExitRules(201)) - AtleastOneDatanodeReportedRule rule is successfully validated
2021-04-29 10:57:25,177 [EventQueue-OpenPipelineForHealthyPipelineSafeModeRule] INFO  safemode.SCMSafeModeManager (HealthyPipelineSafeModeRule.java:process(130)) - SCM in safe mode. Healthy pipelines reported count is 0, required healthy pipeline reported count is 1
2021-04-29 10:57:25,267 [EventQueue-PipelineReportForOneReplicaPipelineSafeModeRule] INFO  safemode.SCMSafeModeManager (SCMSafeModeManager.java:validateSafeModeExitRules(201)) - AtleastOneDatanodeReportedRule rule is successfully validated
2021-04-29 10:57:25,267 [EventQueue-OpenPipelineForHealthyPipelineSafeModeRule] INFO  safemode.SCMSafeModeManager (HealthyPipelineSafeModeRule.java:process(130)) - SCM in safe mode. Healthy pipelines reported count is 0, required healthy pipeline reported count is 1
2021-04-29 10:57:25,316 [EventQueue-OpenPipelineForHealthyPipelineSafeModeRule] INFO  safemode.SCMSafeModeManager (HealthyPipelineSafeModeRule.java:process(130)) - SCM in safe mode. Healthy pipelines reported count is 0, required healthy pipeline reported count is 1
2021-04-29 10:57:25,316 [EventQueue-PipelineReportForOneReplicaPipelineSafeModeRule] INFO  safemode.SCMSafeModeManager (SCMSafeModeManager.java:validateSafeModeExitRules(201)) - AtleastOneDatanodeReportedRule rule is successfully validated
2021-04-29 10:57:25,412 [EventQueue-OpenPipelineForHealthyPipelineSafeModeRule] INFO  safemode.SCMSafeModeManager (HealthyPipelineSafeModeRule.java:process(130)) - SCM in safe mode. Healthy pipelines reported count is 0, required healthy pipeline reported count is 1
2021-04-29 10:57:25,412 [EventQueue-PipelineReportForOneReplicaPipelineSafeModeRule] INFO  safemode.SCMSafeModeManager (SCMSafeModeManager.java:validateSafeModeExitRules(201)) - AtleastOneDatanodeReportedRule rule is successfully validated
2021-04-29 10:57:25,596 [Listener at 127.0.0.1/42781] INFO  ozone.MiniOzoneClusterImpl (MiniOzoneClusterImpl.java:lambda$waitForClusterToBeReady$0(224)) - Nodes are ready. Got 9 of 9 DN Heartbeats.
2021-04-29 10:57:25,596 [Listener at 127.0.0.1/42781] INFO  ozone.MiniOzoneClusterImpl (MiniOzoneClusterImpl.java:lambda$waitForClusterToBeReady$0(227)) - Waiting for cluster to exit safe mode
2021-04-29 10:57:25,596 [Listener at 127.0.0.1/42781] INFO  ozone.MiniOzoneClusterImpl (MiniOzoneClusterImpl.java:lambda$waitForClusterToBeReady$0(230)) - SCM became leader
2021-04-29 10:57:25,599 [EventQueue-OpenPipelineForHealthyPipelineSafeModeRule] INFO  safemode.SCMSafeModeManager (HealthyPipelineSafeModeRule.java:process(130)) - SCM in safe mode. Healthy pipelines reported count is 0, required healthy pipeline reported count is 1
2021-04-29 10:57:25,599 [EventQueue-PipelineReportForOneReplicaPipelineSafeModeRule] INFO  safemode.SCMSafeModeManager (SCMSafeModeManager.java:validateSafeModeExitRules(201)) - AtleastOneDatanodeReportedRule rule is successfully validated
2021-04-29 10:57:25,655 [EventQueue-OpenPipelineForHealthyPipelineSafeModeRule] INFO  safemode.SCMSafeModeManager (HealthyPipelineSafeModeRule.java:process(130)) - SCM in safe mode. Healthy pipelines reported count is 0, required healthy pipeline reported count is 1
2021-04-29 10:57:25,655 [EventQueue-PipelineReportForOneReplicaPipelineSafeModeRule] INFO  safemode.SCMSafeModeManager (SCMSafeModeManager.java:validateSafeModeExitRules(201)) - AtleastOneDatanodeReportedRule rule is successfully validated
2021-04-29 10:57:25,827 [EventQueue-PipelineReportForOneReplicaPipelineSafeModeRule] INFO  safemode.SCMSafeModeManager (SCMSafeModeManager.java:validateSafeModeExitRules(201)) - AtleastOneDatanodeReportedRule rule is successfully validated
2021-04-29 10:57:25,827 [EventQueue-OpenPipelineForHealthyPipelineSafeModeRule] INFO  safemode.SCMSafeModeManager (HealthyPipelineSafeModeRule.java:process(130)) - SCM in safe mode. Healthy pipelines reported count is 0, required healthy pipeline reported count is 1
2021-04-29 10:57:25,925 [EventQueue-OpenPipelineForHealthyPipelineSafeModeRule] INFO  safemode.SCMSafeModeManager (HealthyPipelineSafeModeRule.java:process(130)) - SCM in safe mode. Healthy pipelines reported count is 0, required healthy pipeline reported count is 1
2021-04-29 10:57:25,925 [EventQueue-PipelineReportForOneReplicaPipelineSafeModeRule] INFO  safemode.SCMSafeModeManager (SCMSafeModeManager.java:validateSafeModeExitRules(201)) - AtleastOneDatanodeReportedRule rule is successfully validated
2021-04-29 10:57:25,983 [EventQueue-PipelineReportForOneReplicaPipelineSafeModeRule] INFO  safemode.SCMSafeModeManager (SCMSafeModeManager.java:validateSafeModeExitRules(201)) - AtleastOneDatanodeReportedRule rule is successfully validated
2021-04-29 10:57:25,983 [EventQueue-OpenPipelineForHealthyPipelineSafeModeRule] INFO  safemode.SCMSafeModeManager (HealthyPipelineSafeModeRule.java:process(130)) - SCM in safe mode. Healthy pipelines reported count is 0, required healthy pipeline reported count is 1
2021-04-29 10:57:26,177 [EventQueue-OpenPipelineForHealthyPipelineSafeModeRule] INFO  safemode.SCMSafeModeManager (HealthyPipelineSafeModeRule.java:process(130)) - SCM in safe mode. Healthy pipelines reported count is 0, required healthy pipeline reported count is 1
2021-04-29 10:57:26,177 [EventQueue-PipelineReportForOneReplicaPipelineSafeModeRule] INFO  safemode.SCMSafeModeManager (SCMSafeModeManager.java:validateSafeModeExitRules(201)) - AtleastOneDatanodeReportedRule rule is successfully validated
2021-04-29 10:57:26,267 [EventQueue-OpenPipelineForHealthyPipelineSafeModeRule] INFO  safemode.SCMSafeModeManager (HealthyPipelineSafeModeRule.java:process(130)) - SCM in safe mode. Healthy pipelines reported count is 0, required healthy pipeline reported count is 1
2021-04-29 10:57:26,267 [EventQueue-PipelineReportForOneReplicaPipelineSafeModeRule] INFO  safemode.SCMSafeModeManager (SCMSafeModeManager.java:validateSafeModeExitRules(201)) - AtleastOneDatanodeReportedRule rule is successfully validated
2021-04-29 10:57:26,304 [18d1b3e1-cb4e-4e34-82f6-cc3a7f954247@group-54FA7C50B16A-FollowerState] INFO  impl.FollowerState (FollowerState.java:run(134)) - 18d1b3e1-cb4e-4e34-82f6-cc3a7f954247@group-54FA7C50B16A-FollowerState: change to CANDIDATE, lastRpcElapsedTime:5078090763ns, electionTimeout:5072ms
2021-04-29 10:57:26,308 [18d1b3e1-cb4e-4e34-82f6-cc3a7f954247@group-54FA7C50B16A-FollowerState] INFO  impl.RoleInfo (RoleInfo.java:shutdownFollowerState(108)) - 18d1b3e1-cb4e-4e34-82f6-cc3a7f954247: shutdown 18d1b3e1-cb4e-4e34-82f6-cc3a7f954247@group-54FA7C50B16A-FollowerState
2021-04-29 10:57:26,308 [18d1b3e1-cb4e-4e34-82f6-cc3a7f954247@group-54FA7C50B16A-FollowerState] INFO  server.RaftServer$Division (RaftServerImpl.java:setRole(284)) - 18d1b3e1-cb4e-4e34-82f6-cc3a7f954247@group-54FA7C50B16A: changes role from  FOLLOWER to CANDIDATE at term 0 for changeToCandidate
2021-04-29 10:57:26,309 [18d1b3e1-cb4e-4e34-82f6-cc3a7f954247@group-54FA7C50B16A-FollowerState] INFO  server.RaftServerConfigKeys (ConfUtils.java:logGet(44)) - raft.server.leaderelection.pre-vote = false (custom)
2021-04-29 10:57:26,309 [18d1b3e1-cb4e-4e34-82f6-cc3a7f954247@group-54FA7C50B16A-FollowerState] INFO  impl.RoleInfo (RoleInfo.java:updateAndGet(130)) - 18d1b3e1-cb4e-4e34-82f6-cc3a7f954247: start 18d1b3e1-cb4e-4e34-82f6-cc3a7f954247@group-54FA7C50B16A-LeaderElection2
2021-04-29 10:57:26,312 [18d1b3e1-cb4e-4e34-82f6-cc3a7f954247@group-54FA7C50B16A-LeaderElection2] INFO  impl.LeaderElection (LeaderElection.java:askForVotes(306)) - 18d1b3e1-cb4e-4e34-82f6-cc3a7f954247@group-54FA7C50B16A-LeaderElection2 ELECTION round 0: submit vote requests at term 1 for -1: [18d1b3e1-cb4e-4e34-82f6-cc3a7f954247|rpc:172.17.0.2:46575|priority:1], old=null
2021-04-29 10:57:26,312 [18d1b3e1-cb4e-4e34-82f6-cc3a7f954247@group-54FA7C50B16A-LeaderElection2] INFO  impl.LeaderElection (LeaderElection.java:askForVotes(308)) - 18d1b3e1-cb4e-4e34-82f6-cc3a7f954247@group-54FA7C50B16A-LeaderElection2 ELECTION round 0: result PASSED (term=1)
2021-04-29 10:57:26,312 [18d1b3e1-cb4e-4e34-82f6-cc3a7f954247@group-54FA7C50B16A-LeaderElection2] INFO  impl.RoleInfo (RoleInfo.java:shutdownLeaderElection(121)) - 18d1b3e1-cb4e-4e34-82f6-cc3a7f954247: shutdown 18d1b3e1-cb4e-4e34-82f6-cc3a7f954247@group-54FA7C50B16A-LeaderElection2
2021-04-29 10:57:26,312 [18d1b3e1-cb4e-4e34-82f6-cc3a7f954247@group-54FA7C50B16A-LeaderElection2] INFO  server.RaftServer$Division (RaftServerImpl.java:setRole(284)) - 18d1b3e1-cb4e-4e34-82f6-cc3a7f954247@group-54FA7C50B16A: changes role from CANDIDATE to LEADER at term 1 for changeToLeader
2021-04-29 10:57:26,312 [18d1b3e1-cb4e-4e34-82f6-cc3a7f954247@group-54FA7C50B16A-LeaderElection2] INFO  ratis.XceiverServerRatis (XceiverServerRatis.java:handleLeaderChangedNotification(906)) - Leader change notification received for group: group-54FA7C50B16A with new leaderId: 18d1b3e1-cb4e-4e34-82f6-cc3a7f954247
2021-04-29 10:57:26,313 [18d1b3e1-cb4e-4e34-82f6-cc3a7f954247@group-54FA7C50B16A-LeaderElection2] INFO  server.RaftServer$Division (ServerState.java:setLeader(271)) - 18d1b3e1-cb4e-4e34-82f6-cc3a7f954247@group-54FA7C50B16A: change Leader from null to 18d1b3e1-cb4e-4e34-82f6-cc3a7f954247 at term 1 for becomeLeader, leader elected after 5117ms
2021-04-29 10:57:26,314 [18d1b3e1-cb4e-4e34-82f6-cc3a7f954247@group-54FA7C50B16A-LeaderElection2] INFO  server.RaftServerConfigKeys (ConfUtils.java:logGet(44)) - raft.server.staging.catchup.gap = 1000 (default)
2021-04-29 10:57:26,314 [18d1b3e1-cb4e-4e34-82f6-cc3a7f954247@group-54FA7C50B16A-LeaderElection2] INFO  metrics.RatisMetrics (RatisMetrics.java:lambda$create$0(36)) - Creating Metrics Registry : ratis.log_appender.18d1b3e1-cb4e-4e34-82f6-cc3a7f954247@group-54FA7C50B16A
2021-04-29 10:57:26,314 [18d1b3e1-cb4e-4e34-82f6-cc3a7f954247@group-54FA7C50B16A-LeaderElection2] INFO  server.RaftServerConfigKeys (ConfUtils.java:logGet(44)) - raft.server.write.element-limit = 1024 (custom)
2021-04-29 10:57:26,314 [18d1b3e1-cb4e-4e34-82f6-cc3a7f954247@group-54FA7C50B16A-LeaderElection2] INFO  server.RaftServerConfigKeys (ConfUtils.java:logGet(44)) - raft.server.write.byte-limit = 1073741824 (custom)
2021-04-29 10:57:26,314 [EventQueue-PipelineReportForOneReplicaPipelineSafeModeRule] INFO  safemode.SCMSafeModeManager (SCMSafeModeManager.java:validateSafeModeExitRules(201)) - AtleastOneDatanodeReportedRule rule is successfully validated
2021-04-29 10:57:26,315 [EventQueue-OpenPipelineForHealthyPipelineSafeModeRule] INFO  safemode.SCMSafeModeManager (HealthyPipelineSafeModeRule.java:process(130)) - SCM in safe mode. Healthy pipelines reported count is 0, required healthy pipeline reported count is 1
2021-04-29 10:57:26,315 [18d1b3e1-cb4e-4e34-82f6-cc3a7f954247@group-54FA7C50B16A-LeaderElection2] INFO  server.RaftServerConfigKeys (ConfUtils.java:logGet(44)) - raft.server.watch.timeout = 3000ms (custom)
2021-04-29 10:57:26,315 [18d1b3e1-cb4e-4e34-82f6-cc3a7f954247@group-54FA7C50B16A-LeaderElection2] INFO  server.RaftServerConfigKeys (ConfUtils.java:logGet(44)) - raft.server.watch.timeout.denomination = 1s (default)
2021-04-29 10:57:26,315 [18d1b3e1-cb4e-4e34-82f6-cc3a7f954247@group-54FA7C50B16A-LeaderElection2] INFO  server.RaftServerConfigKeys (ConfUtils.java:logGet(44)) - raft.server.watch.element-limit = 65536 (default)
2021-04-29 10:57:26,316 [18d1b3e1-cb4e-4e34-82f6-cc3a7f954247@group-54FA7C50B16A-LeaderElection2] INFO  impl.RoleInfo (RoleInfo.java:updateAndGet(130)) - 18d1b3e1-cb4e-4e34-82f6-cc3a7f954247: start 18d1b3e1-cb4e-4e34-82f6-cc3a7f954247@group-54FA7C50B16A-LeaderStateImpl
2021-04-29 10:57:26,316 [EventQueue-PipelineReportForOneReplicaPipelineSafeModeRule] INFO  safemode.SCMSafeModeManager (SCMSafeModeManager.java:validateSafeModeExitRules(201)) - AtleastOneDatanodeReportedRule rule is successfully validated
2021-04-29 10:57:26,316 [18d1b3e1-cb4e-4e34-82f6-cc3a7f954247@group-54FA7C50B16A-LeaderElection2] INFO  segmented.SegmentedRaftLogWorker (SegmentedRaftLogWorker.java:startLogSegment(394)) - 18d1b3e1-cb4e-4e34-82f6-cc3a7f954247@group-54FA7C50B16A-SegmentedRaftLogWorker: Starting segment from index:0
2021-04-29 10:57:26,316 [EventQueue-OpenPipelineForHealthyPipelineSafeModeRule] INFO  safemode.SCMSafeModeManager (HealthyPipelineSafeModeRule.java:process(130)) - SCM in safe mode. Healthy pipelines reported count is 0, required healthy pipeline reported count is 1
2021-04-29 10:57:26,318 [18d1b3e1-cb4e-4e34-82f6-cc3a7f954247@group-54FA7C50B16A-SegmentedRaftLogWorker] INFO  segmented.SegmentedRaftLogWorker (SegmentedRaftLogWorker.java:execute(601)) - 18d1b3e1-cb4e-4e34-82f6-cc3a7f954247@group-54FA7C50B16A-SegmentedRaftLogWorker: created new log segment /github/workspace/mnt/ozone/hadoop-ozone/integration-test/target/test-dir/MiniOzoneClusterImpl-2726c7ec-cf5f-4d18-8e0d-a0ed93d2ecae/datanode-0/data/ratis/14db0929-b7f6-4dcd-bea5-54fa7c50b16a/current/log_inprogress_0
2021-04-29 10:57:26,320 [18d1b3e1-cb4e-4e34-82f6-cc3a7f954247@group-54FA7C50B16A-LeaderElection2] INFO  server.RaftServer$Division (ServerState.java:setRaftConf(373)) - 18d1b3e1-cb4e-4e34-82f6-cc3a7f954247@group-54FA7C50B16A: set configuration 0: [18d1b3e1-cb4e-4e34-82f6-cc3a7f954247|rpc:172.17.0.2:46575|dataStream:|priority:1], old=null
2021-04-29 10:57:26,412 [EventQueue-OpenPipelineForHealthyPipelineSafeModeRule] INFO  safemode.SCMSafeModeManager (HealthyPipelineSafeModeRule.java:process(130)) - SCM in safe mode. Healthy pipelines reported count is 0, required healthy pipeline reported count is 1
2021-04-29 10:57:26,412 [EventQueue-PipelineReportForOneReplicaPipelineSafeModeRule] INFO  safemode.SCMSafeModeManager (SCMSafeModeManager.java:validateSafeModeExitRules(201)) - AtleastOneDatanodeReportedRule rule is successfully validated
2021-04-29 10:57:26,441 [18d1b3e1-cb4e-4e34-82f6-cc3a7f954247@group-AAC7C0471365-FollowerState] INFO  impl.FollowerState (FollowerState.java:run(134)) - 18d1b3e1-cb4e-4e34-82f6-cc3a7f954247@group-AAC7C0471365-FollowerState: change to CANDIDATE, lastRpcElapsedTime:5162944481ns, electionTimeout:5155ms
2021-04-29 10:57:26,443 [18d1b3e1-cb4e-4e34-82f6-cc3a7f954247@group-AAC7C0471365-FollowerState] INFO  impl.RoleInfo (RoleInfo.java:shutdownFollowerState(108)) - 18d1b3e1-cb4e-4e34-82f6-cc3a7f954247: shutdown 18d1b3e1-cb4e-4e34-82f6-cc3a7f954247@group-AAC7C0471365-FollowerState
2021-04-29 10:57:26,443 [18d1b3e1-cb4e-4e34-82f6-cc3a7f954247@group-AAC7C0471365-FollowerState] INFO  server.RaftServer$Division (RaftServerImpl.java:setRole(284)) - 18d1b3e1-cb4e-4e34-82f6-cc3a7f954247@group-AAC7C0471365: changes role from  FOLLOWER to CANDIDATE at term 0 for changeToCandidate
2021-04-29 10:57:26,443 [18d1b3e1-cb4e-4e34-82f6-cc3a7f954247@group-AAC7C0471365-FollowerState] INFO  server.RaftServerConfigKeys (ConfUtils.java:logGet(44)) - raft.server.leaderelection.pre-vote = false (custom)
2021-04-29 10:57:26,443 [18d1b3e1-cb4e-4e34-82f6-cc3a7f954247@group-AAC7C0471365-FollowerState] INFO  impl.RoleInfo (RoleInfo.java:updateAndGet(130)) - 18d1b3e1-cb4e-4e34-82f6-cc3a7f954247: start 18d1b3e1-cb4e-4e34-82f6-cc3a7f954247@group-AAC7C0471365-LeaderElection3
2021-04-29 10:57:26,446 [18d1b3e1-cb4e-4e34-82f6-cc3a7f954247@group-AAC7C0471365-LeaderElection3] INFO  impl.LeaderElection (LeaderElection.java:askForVotes(306)) - 18d1b3e1-cb4e-4e34-82f6-cc3a7f954247@group-AAC7C0471365-LeaderElection3 ELECTION round 0: submit vote requests at term 1 for -1: [370ef436-e033-42aa-a9de-e846a346aa8c|rpc:172.17.0.2:41417|priority:1, e351f40b-7d1e-4f0b-9ad9-d74fe5b38461|rpc:172.17.0.2:46021|priority:0, 18d1b3e1-cb4e-4e34-82f6-cc3a7f954247|rpc:172.17.0.2:46575|priority:0], old=null
2021-04-29 10:57:26,464 [grpc-default-executor-0] INFO  server.RaftServer$Division (RaftServerImpl.java:requestVote(1042)) - 370ef436-e033-42aa-a9de-e846a346aa8c@group-AAC7C0471365: receive requestVote(ELECTION, 18d1b3e1-cb4e-4e34-82f6-cc3a7f954247, group-AAC7C0471365, 1, (t:0, i:0))
2021-04-29 10:57:26,466 [grpc-default-executor-0] INFO  impl.VoteContext (VoteContext.java:log(48)) - 370ef436-e033-42aa-a9de-e846a346aa8c@group-AAC7C0471365-FOLLOWER: reject ELECTION from 18d1b3e1-cb4e-4e34-82f6-cc3a7f954247: our priority 1 > candidate's priority 0
2021-04-29 10:57:26,467 [grpc-default-executor-0] INFO  server.RaftServer$Division (RaftServerImpl.java:setRole(284)) - 370ef436-e033-42aa-a9de-e846a346aa8c@group-AAC7C0471365: changes role from  FOLLOWER to FOLLOWER at term 1 for candidate:18d1b3e1-cb4e-4e34-82f6-cc3a7f954247
2021-04-29 10:57:26,467 [grpc-default-executor-0] INFO  impl.RoleInfo (RoleInfo.java:shutdownFollowerState(108)) - 370ef436-e033-42aa-a9de-e846a346aa8c: shutdown 370ef436-e033-42aa-a9de-e846a346aa8c@group-AAC7C0471365-FollowerState
2021-04-29 10:57:26,467 [grpc-default-executor-0] INFO  impl.RoleInfo (RoleInfo.java:updateAndGet(130)) - 370ef436-e033-42aa-a9de-e846a346aa8c: start 370ef436-e033-42aa-a9de-e846a346aa8c@group-AAC7C0471365-FollowerState
2021-04-29 10:57:26,467 [370ef436-e033-42aa-a9de-e846a346aa8c@group-AAC7C0471365-FollowerState] INFO  impl.FollowerState (FollowerState.java:run(143)) - 370ef436-e033-42aa-a9de-e846a346aa8c@group-AAC7C0471365-FollowerState was interrupted: {}
java.lang.InterruptedException: sleep interrupted
	at java.lang.Thread.sleep(Native Method)
	at java.lang.Thread.sleep(Thread.java:340)
	at java.util.concurrent.TimeUnit.sleep(TimeUnit.java:386)
	at org.apache.ratis.util.TimeDuration.sleep(TimeDuration.java:324)
	at org.apache.ratis.util.TimeDuration.sleep(TimeDuration.java:309)
	at org.apache.ratis.server.impl.FollowerState.run(FollowerState.java:118)
2021-04-29 10:57:26,472 [grpc-default-executor-0] INFO  server.RaftServer$Division (RaftServerImpl.java:requestVote(1074)) - 370ef436-e033-42aa-a9de-e846a346aa8c@group-AAC7C0471365 replies to ELECTION vote request: 18d1b3e1-cb4e-4e34-82f6-cc3a7f954247<-370ef436-e033-42aa-a9de-e846a346aa8c#0:FAIL-t1. Peer's state: 370ef436-e033-42aa-a9de-e846a346aa8c@group-AAC7C0471365:t1, leader=null, voted=null, raftlog=370ef436-e033-42aa-a9de-e846a346aa8c@group-AAC7C0471365-SegmentedRaftLog:OPENED:c-1,f-1,i0, conf=-1: [370ef436-e033-42aa-a9de-e846a346aa8c|rpc:172.17.0.2:41417|priority:1, e351f40b-7d1e-4f0b-9ad9-d74fe5b38461|rpc:172.17.0.2:46021|priority:0, 18d1b3e1-cb4e-4e34-82f6-cc3a7f954247|rpc:172.17.0.2:46575|priority:0], old=null
2021-04-29 10:57:26,480 [grpc-default-executor-1] INFO  server.RaftServer$Division (RaftServerImpl.java:requestVote(1042)) - e351f40b-7d1e-4f0b-9ad9-d74fe5b38461@group-AAC7C0471365: receive requestVote(ELECTION, 18d1b3e1-cb4e-4e34-82f6-cc3a7f954247, group-AAC7C0471365, 1, (t:0, i:0))
2021-04-29 10:57:26,480 [grpc-default-executor-1] INFO  impl.VoteContext (VoteContext.java:log(48)) - e351f40b-7d1e-4f0b-9ad9-d74fe5b38461@group-AAC7C0471365-FOLLOWER: accept ELECTION from 18d1b3e1-cb4e-4e34-82f6-cc3a7f954247: our priority 0 <= candidate's priority 0
2021-04-29 10:57:26,482 [grpc-default-executor-1] INFO  server.RaftServer$Division (RaftServerImpl.java:setRole(284)) - e351f40b-7d1e-4f0b-9ad9-d74fe5b38461@group-AAC7C0471365: changes role from  FOLLOWER to FOLLOWER at term 1 for candidate:18d1b3e1-cb4e-4e34-82f6-cc3a7f954247
2021-04-29 10:57:26,482 [grpc-default-executor-1] INFO  impl.RoleInfo (RoleInfo.java:shutdownFollowerState(108)) - e351f40b-7d1e-4f0b-9ad9-d74fe5b38461: shutdown e351f40b-7d1e-4f0b-9ad9-d74fe5b38461@group-AAC7C0471365-FollowerState
2021-04-29 10:57:26,482 [grpc-default-executor-1] INFO  impl.RoleInfo (RoleInfo.java:updateAndGet(130)) - e351f40b-7d1e-4f0b-9ad9-d74fe5b38461: start e351f40b-7d1e-4f0b-9ad9-d74fe5b38461@group-AAC7C0471365-FollowerState
2021-04-29 10:57:26,483 [e351f40b-7d1e-4f0b-9ad9-d74fe5b38461@group-AAC7C0471365-FollowerState] INFO  impl.FollowerState (FollowerState.java:run(143)) - e351f40b-7d1e-4f0b-9ad9-d74fe5b38461@group-AAC7C0471365-FollowerState was interrupted: {}
java.lang.InterruptedException: sleep interrupted
	at java.lang.Thread.sleep(Native Method)
	at java.lang.Thread.sleep(Thread.java:340)
	at java.util.concurrent.TimeUnit.sleep(TimeUnit.java:386)
	at org.apache.ratis.util.TimeDuration.sleep(TimeDuration.java:324)
	at org.apache.ratis.util.TimeDuration.sleep(TimeDuration.java:309)
	at org.apache.ratis.server.impl.FollowerState.run(FollowerState.java:118)
2021-04-29 10:57:26,484 [18d1b3e1-cb4e-4e34-82f6-cc3a7f954247@group-AAC7C0471365-LeaderElection3] INFO  impl.LeaderElection (LeaderElection.java:logAndReturn(89)) - 18d1b3e1-cb4e-4e34-82f6-cc3a7f954247@group-AAC7C0471365-LeaderElection3: ELECTION REJECTED received 1 response(s) and 0 exception(s):
2021-04-29 10:57:26,485 [18d1b3e1-cb4e-4e34-82f6-cc3a7f954247@group-AAC7C0471365-LeaderElection3] INFO  impl.LeaderElection (LeaderElection.java:logAndReturn(93)) -   Response 0: 18d1b3e1-cb4e-4e34-82f6-cc3a7f954247<-370ef436-e033-42aa-a9de-e846a346aa8c#0:FAIL-t1
2021-04-29 10:57:26,485 [18d1b3e1-cb4e-4e34-82f6-cc3a7f954247@group-AAC7C0471365-LeaderElection3] INFO  impl.LeaderElection (LeaderElection.java:askForVotes(308)) - 18d1b3e1-cb4e-4e34-82f6-cc3a7f954247@group-AAC7C0471365-LeaderElection3 ELECTION round 0: result REJECTED
2021-04-29 10:57:26,485 [18d1b3e1-cb4e-4e34-82f6-cc3a7f954247@group-AAC7C0471365-LeaderElection3] INFO  server.RaftServer$Division (RaftServerImpl.java:setRole(284)) - 18d1b3e1-cb4e-4e34-82f6-cc3a7f954247@group-AAC7C0471365: changes role from CANDIDATE to FOLLOWER at term 1 for REJECTED
2021-04-29 10:57:26,485 [18d1b3e1-cb4e-4e34-82f6-cc3a7f954247@group-AAC7C0471365-LeaderElection3] INFO  impl.RoleInfo (RoleInfo.java:shutdownLeaderElection(121)) - 18d1b3e1-cb4e-4e34-82f6-cc3a7f954247: shutdown 18d1b3e1-cb4e-4e34-82f6-cc3a7f954247@group-AAC7C0471365-LeaderElection3
2021-04-29 10:57:26,486 [18d1b3e1-cb4e-4e34-82f6-cc3a7f954247@group-AAC7C0471365-LeaderElection3] INFO  impl.RoleInfo (RoleInfo.java:updateAndGet(130)) - 18d1b3e1-cb4e-4e34-82f6-cc3a7f954247: start 18d1b3e1-cb4e-4e34-82f6-cc3a7f954247@group-AAC7C0471365-FollowerState
2021-04-29 10:57:26,488 [grpc-default-executor-1] INFO  server.RaftServer$Division (RaftServerImpl.java:requestVote(1074)) - e351f40b-7d1e-4f0b-9ad9-d74fe5b38461@group-AAC7C0471365 replies to ELECTION vote request: 18d1b3e1-cb4e-4e34-82f6-cc3a7f954247<-e351f40b-7d1e-4f0b-9ad9-d74fe5b38461#0:OK-t1. Peer's state: e351f40b-7d1e-4f0b-9ad9-d74fe5b38461@group-AAC7C0471365:t1, leader=null, voted=18d1b3e1-cb4e-4e34-82f6-cc3a7f954247, raftlog=e351f40b-7d1e-4f0b-9ad9-d74fe5b38461@group-AAC7C0471365-SegmentedRaftLog:OPENED:c-1,f-1,i0, conf=-1: [370ef436-e033-42aa-a9de-e846a346aa8c|rpc:172.17.0.2:41417|dataStream:|priority:1, e351f40b-7d1e-4f0b-9ad9-d74fe5b38461|rpc:172.17.0.2:46021|dataStream:|priority:0, 18d1b3e1-cb4e-4e34-82f6-cc3a7f954247|rpc:172.17.0.2:46575|dataStream:|priority:0], old=null
2021-04-29 10:57:26,597 [Listener at 127.0.0.1/42781] INFO  ozone.MiniOzoneClusterImpl (MiniOzoneClusterImpl.java:lambda$waitForClusterToBeReady$0(224)) - Nodes are ready. Got 9 of 9 DN Heartbeats.
2021-04-29 10:57:26,597 [Listener at 127.0.0.1/42781] INFO  ozone.MiniOzoneClusterImpl (MiniOzoneClusterImpl.java:lambda$waitForClusterToBeReady$0(227)) - Waiting for cluster to exit safe mode
2021-04-29 10:57:26,597 [Listener at 127.0.0.1/42781] INFO  ozone.MiniOzoneClusterImpl (MiniOzoneClusterImpl.java:lambda$waitForClusterToBeReady$0(230)) - SCM became leader
2021-04-29 10:57:26,599 [EventQueue-OpenPipelineForHealthyPipelineSafeModeRule] INFO  safemode.SCMSafeModeManager (HealthyPipelineSafeModeRule.java:process(130)) - SCM in safe mode. Healthy pipelines reported count is 0, required healthy pipeline reported count is 1
2021-04-29 10:57:26,599 [EventQueue-PipelineReportForOneReplicaPipelineSafeModeRule] INFO  safemode.SCMSafeModeManager (SCMSafeModeManager.java:validateSafeModeExitRules(201)) - AtleastOneDatanodeReportedRule rule is successfully validated
2021-04-29 10:57:26,655 [EventQueue-OpenPipelineForHealthyPipelineSafeModeRule] INFO  safemode.SCMSafeModeManager (HealthyPipelineSafeModeRule.java:process(130)) - SCM in safe mode. Healthy pipelines reported count is 0, required healthy pipeline reported count is 1
2021-04-29 10:57:26,655 [EventQueue-PipelineReportForOneReplicaPipelineSafeModeRule] INFO  safemode.SCMSafeModeManager (SCMSafeModeManager.java:validateSafeModeExitRules(201)) - AtleastOneDatanodeReportedRule rule is successfully validated
2021-04-29 10:57:26,827 [EventQueue-OpenPipelineForHealthyPipelineSafeModeRule] INFO  safemode.SCMSafeModeManager (HealthyPipelineSafeModeRule.java:process(130)) - SCM in safe mode. Healthy pipelines reported count is 0, required healthy pipeline reported count is 1
2021-04-29 10:57:26,827 [EventQueue-PipelineReportForOneReplicaPipelineSafeModeRule] INFO  safemode.SCMSafeModeManager (SCMSafeModeManager.java:validateSafeModeExitRules(201)) - AtleastOneDatanodeReportedRule rule is successfully validated
2021-04-29 10:57:26,925 [EventQueue-OpenPipelineForHealthyPipelineSafeModeRule] INFO  safemode.SCMSafeModeManager (HealthyPipelineSafeModeRule.java:process(130)) - SCM in safe mode. Healthy pipelines reported count is 0, required healthy pipeline reported count is 1
2021-04-29 10:57:26,925 [EventQueue-PipelineReportForOneReplicaPipelineSafeModeRule] INFO  safemode.SCMSafeModeManager (SCMSafeModeManager.java:validateSafeModeExitRules(201)) - AtleastOneDatanodeReportedRule rule is successfully validated
2021-04-29 10:57:26,960 [370ef436-e033-42aa-a9de-e846a346aa8c@group-B64FFD675AD6-FollowerState] INFO  impl.FollowerState (FollowerState.java:run(134)) - 370ef436-e033-42aa-a9de-e846a346aa8c@group-B64FFD675AD6-FollowerState: change to CANDIDATE, lastRpcElapsedTime:5043376879ns, electionTimeout:5042ms
2021-04-29 10:57:26,960 [370ef436-e033-42aa-a9de-e846a346aa8c@group-B64FFD675AD6-FollowerState] INFO  impl.RoleInfo (RoleInfo.java:shutdownFollowerState(108)) - 370ef436-e033-42aa-a9de-e846a346aa8c: shutdown 370ef436-e033-42aa-a9de-e846a346aa8c@group-B64FFD675AD6-FollowerState
2021-04-29 10:57:26,960 [370ef436-e033-42aa-a9de-e846a346aa8c@group-B64FFD675AD6-FollowerState] INFO  server.RaftServer$Division (RaftServerImpl.java:setRole(284)) - 370ef436-e033-42aa-a9de-e846a346aa8c@group-B64FFD675AD6: changes role from  FOLLOWER to CANDIDATE at term 0 for changeToCandidate
2021-04-29 10:57:26,961 [370ef436-e033-42aa-a9de-e846a346aa8c@group-B64FFD675AD6-FollowerState] INFO  server.RaftServerConfigKeys (ConfUtils.java:logGet(44)) - raft.server.leaderelection.pre-vote = false (custom)
2021-04-29 10:57:26,961 [370ef436-e033-42aa-a9de-e846a346aa8c@group-B64FFD675AD6-FollowerState] INFO  impl.RoleInfo (RoleInfo.java:updateAndGet(130)) - 370ef436-e033-42aa-a9de-e846a346aa8c: start 370ef436-e033-42aa-a9de-e846a346aa8c@group-B64FFD675AD6-LeaderElection4
2021-04-29 10:57:26,970 [370ef436-e033-42aa-a9de-e846a346aa8c@group-B64FFD675AD6-LeaderElection4] INFO  impl.LeaderElection (LeaderElection.java:askForVotes(306)) - 370ef436-e033-42aa-a9de-e846a346aa8c@group-B64FFD675AD6-LeaderElection4 ELECTION round 0: submit vote requests at term 1 for -1: [370ef436-e033-42aa-a9de-e846a346aa8c|rpc:172.17.0.2:41417|priority:1], old=null
2021-04-29 10:57:26,970 [370ef436-e033-42aa-a9de-e846a346aa8c@group-B64FFD675AD6-LeaderElection4] INFO  impl.LeaderElection (LeaderElection.java:askForVotes(308)) - 370ef436-e033-42aa-a9de-e846a346aa8c@group-B64FFD675AD6-LeaderElection4 ELECTION round 0: result PASSED (term=1)
2021-04-29 10:57:26,970 [370ef436-e033-42aa-a9de-e846a346aa8c@group-B64FFD675AD6-LeaderElection4] INFO  impl.RoleInfo (RoleInfo.java:shutdownLeaderElection(121)) - 370ef436-e033-42aa-a9de-e846a346aa8c: shutdown 370ef436-e033-42aa-a9de-e846a346aa8c@group-B64FFD675AD6-LeaderElection4
2021-04-29 10:57:26,970 [370ef436-e033-42aa-a9de-e846a346aa8c@group-B64FFD675AD6-LeaderElection4] INFO  server.RaftServer$Division (RaftServerImpl.java:setRole(284)) - 370ef436-e033-42aa-a9de-e846a346aa8c@group-B64FFD675AD6: changes role from CANDIDATE to LEADER at term 1 for changeToLeader
2021-04-29 10:57:26,970 [370ef436-e033-42aa-a9de-e846a346aa8c@group-B64FFD675AD6-LeaderElection4] INFO  ratis.XceiverServerRatis (XceiverServerRatis.java:handleLeaderChangedNotification(906)) - Leader change notification received for group: group-B64FFD675AD6 with new leaderId: 370ef436-e033-42aa-a9de-e846a346aa8c
2021-04-29 10:57:26,971 [370ef436-e033-42aa-a9de-e846a346aa8c@group-B64FFD675AD6-LeaderElection4] INFO  server.RaftServer$Division (ServerState.java:setLeader(271)) - 370ef436-e033-42aa-a9de-e846a346aa8c@group-B64FFD675AD6: change Leader from null to 370ef436-e033-42aa-a9de-e846a346aa8c at term 1 for becomeLeader, leader elected after 5083ms
2021-04-29 10:57:26,971 [370ef436-e033-42aa-a9de-e846a346aa8c@group-B64FFD675AD6-LeaderElection4] INFO  server.RaftServerConfigKeys (ConfUtils.java:logGet(44)) - raft.server.staging.catchup.gap = 1000 (default)
2021-04-29 10:57:26,971 [370ef436-e033-42aa-a9de-e846a346aa8c@group-B64FFD675AD6-LeaderElection4] INFO  metrics.RatisMetrics (RatisMetrics.java:lambda$create$0(36)) - Creating Metrics Registry : ratis.log_appender.370ef436-e033-42aa-a9de-e846a346aa8c@group-B64FFD675AD6
2021-04-29 10:57:26,971 [370ef436-e033-42aa-a9de-e846a346aa8c@group-B64FFD675AD6-LeaderElection4] INFO  server.RaftServerConfigKeys (ConfUtils.java:logGet(44)) - raft.server.write.element-limit = 1024 (custom)
2021-04-29 10:57:26,971 [370ef436-e033-42aa-a9de-e846a346aa8c@group-B64FFD675AD6-LeaderElection4] INFO  server.RaftServerConfigKeys (ConfUtils.java:logGet(44)) - raft.server.write.byte-limit = 1073741824 (custom)
2021-04-29 10:57:26,972 [EventQueue-PipelineReportForOneReplicaPipelineSafeModeRule] INFO  safemode.SCMSafeModeManager (SCMSafeModeManager.java:validateSafeModeExitRules(201)) - AtleastOneDatanodeReportedRule rule is successfully validated
2021-04-29 10:57:26,972 [EventQueue-OpenPipelineForHealthyPipelineSafeModeRule] INFO  safemode.SCMSafeModeManager (HealthyPipelineSafeModeRule.java:process(130)) - SCM in safe mode. Healthy pipelines reported count is 0, required healthy pipeline reported count is 1
2021-04-29 10:57:26,973 [370ef436-e033-42aa-a9de-e846a346aa8c@group-B64FFD675AD6-LeaderElection4] INFO  server.RaftServerConfigKeys (ConfUtils.java:logGet(44)) - raft.server.watch.timeout = 3000ms (custom)
2021-04-29 10:57:26,973 [370ef436-e033-42aa-a9de-e846a346aa8c@group-B64FFD675AD6-LeaderElection4] INFO  server.RaftServerConfigKeys (ConfUtils.java:logGet(44)) - raft.server.watch.timeout.denomination = 1s (default)
2021-04-29 10:57:26,973 [370ef436-e033-42aa-a9de-e846a346aa8c@group-B64FFD675AD6-LeaderElection4] INFO  server.RaftServerConfigKeys (ConfUtils.java:logGet(44)) - raft.server.watch.element-limit = 65536 (default)
2021-04-29 10:57:26,973 [370ef436-e033-42aa-a9de-e846a346aa8c@group-B64FFD675AD6-LeaderElection4] INFO  impl.RoleInfo (RoleInfo.java:updateAndGet(130)) - 370ef436-e033-42aa-a9de-e846a346aa8c: start 370ef436-e033-42aa-a9de-e846a346aa8c@group-B64FFD675AD6-LeaderStateImpl
2021-04-29 10:57:26,973 [370ef436-e033-42aa-a9de-e846a346aa8c@group-B64FFD675AD6-LeaderElection4] INFO  segmented.SegmentedRaftLogWorker (SegmentedRaftLogWorker.java:startLogSegment(394)) - 370ef436-e033-42aa-a9de-e846a346aa8c@group-B64FFD675AD6-SegmentedRaftLogWorker: Starting segment from index:0
2021-04-29 10:57:26,975 [370ef436-e033-42aa-a9de-e846a346aa8c@group-B64FFD675AD6-SegmentedRaftLogWorker] INFO  segmented.SegmentedRaftLogWorker (SegmentedRaftLogWorker.java:execute(601)) - 370ef436-e033-42aa-a9de-e846a346aa8c@group-B64FFD675AD6-SegmentedRaftLogWorker: created new log segment /github/workspace/mnt/ozone/hadoop-ozone/integration-test/target/test-dir/MiniOzoneClusterImpl-2726c7ec-cf5f-4d18-8e0d-a0ed93d2ecae/datanode-2/data/ratis/657e6ca0-f67e-4ea0-bf19-b64ffd675ad6/current/log_inprogress_0
2021-04-29 10:57:26,976 [370ef436-e033-42aa-a9de-e846a346aa8c@group-B64FFD675AD6-LeaderElection4] INFO  server.RaftServer$Division (ServerState.java:setRaftConf(373)) - 370ef436-e033-42aa-a9de-e846a346aa8c@group-B64FFD675AD6: set configuration 0: [370ef436-e033-42aa-a9de-e846a346aa8c|rpc:172.17.0.2:41417|dataStream:|priority:1], old=null
2021-04-29 10:57:26,982 [EventQueue-OpenPipelineForHealthyPipelineSafeModeRule] INFO  safemode.SCMSafeModeManager (HealthyPipelineSafeModeRule.java:process(130)) - SCM in safe mode. Healthy pipelines reported count is 0, required healthy pipeline reported count is 1
2021-04-29 10:57:26,983 [EventQueue-PipelineReportForOneReplicaPipelineSafeModeRule] INFO  safemode.SCMSafeModeManager (SCMSafeModeManager.java:validateSafeModeExitRules(201)) - AtleastOneDatanodeReportedRule rule is successfully validated
2021-04-29 10:57:26,999 [e351f40b-7d1e-4f0b-9ad9-d74fe5b38461@group-F77B779747D8-FollowerState] INFO  impl.FollowerState (FollowerState.java:run(134)) - e351f40b-7d1e-4f0b-9ad9-d74fe5b38461@group-F77B779747D8-FollowerState: change to CANDIDATE, lastRpcElapsedTime:5199549761ns, electionTimeout:5193ms
2021-04-29 10:57:26,999 [e351f40b-7d1e-4f0b-9ad9-d74fe5b38461@group-F77B779747D8-FollowerState] INFO  impl.RoleInfo (RoleInfo.java:shutdownFollowerState(108)) - e351f40b-7d1e-4f0b-9ad9-d74fe5b38461: shutdown e351f40b-7d1e-4f0b-9ad9-d74fe5b38461@group-F77B779747D8-FollowerState
2021-04-29 10:57:26,999 [e351f40b-7d1e-4f0b-9ad9-d74fe5b38461@group-F77B779747D8-FollowerState] INFO  server.RaftServer$Division (RaftServerImpl.java:setRole(284)) - e351f40b-7d1e-4f0b-9ad9-d74fe5b38461@group-F77B779747D8: changes role from  FOLLOWER to CANDIDATE at term 0 for changeToCandidate
2021-04-29 10:57:27,000 [e351f40b-7d1e-4f0b-9ad9-d74fe5b38461@group-F77B779747D8-FollowerState] INFO  server.RaftServerConfigKeys (ConfUtils.java:logGet(44)) - raft.server.leaderelection.pre-vote = false (custom)
2021-04-29 10:57:27,000 [e351f40b-7d1e-4f0b-9ad9-d74fe5b38461@group-F77B779747D8-FollowerState] INFO  impl.RoleInfo (RoleInfo.java:updateAndGet(130)) - e351f40b-7d1e-4f0b-9ad9-d74fe5b38461: start e351f40b-7d1e-4f0b-9ad9-d74fe5b38461@group-F77B779747D8-LeaderElection5
2021-04-29 10:57:27,003 [e351f40b-7d1e-4f0b-9ad9-d74fe5b38461@group-F77B779747D8-LeaderElection5] INFO  impl.LeaderElection (LeaderElection.java:askForVotes(306)) - e351f40b-7d1e-4f0b-9ad9-d74fe5b38461@group-F77B779747D8-LeaderElection5 ELECTION round 0: submit vote requests at term 1 for -1: [e351f40b-7d1e-4f0b-9ad9-d74fe5b38461|rpc:172.17.0.2:46021|priority:1], old=null
2021-04-29 10:57:27,003 [e351f40b-7d1e-4f0b-9ad9-d74fe5b38461@group-F77B779747D8-LeaderElection5] INFO  impl.LeaderElection (LeaderElection.java:askForVotes(308)) - e351f40b-7d1e-4f0b-9ad9-d74fe5b38461@group-F77B779747D8-LeaderElection5 ELECTION round 0: result PASSED (term=1)
2021-04-29 10:57:27,003 [e351f40b-7d1e-4f0b-9ad9-d74fe5b38461@group-F77B779747D8-LeaderElection5] INFO  impl.RoleInfo (RoleInfo.java:shutdownLeaderElection(121)) - e351f40b-7d1e-4f0b-9ad9-d74fe5b38461: shutdown e351f40b-7d1e-4f0b-9ad9-d74fe5b38461@group-F77B779747D8-LeaderElection5
2021-04-29 10:57:27,003 [e351f40b-7d1e-4f0b-9ad9-d74fe5b38461@group-F77B779747D8-LeaderElection5] INFO  server.RaftServer$Division (RaftServerImpl.java:setRole(284)) - e351f40b-7d1e-4f0b-9ad9-d74fe5b38461@group-F77B779747D8: changes role from CANDIDATE to LEADER at term 1 for changeToLeader
2021-04-29 10:57:27,003 [e351f40b-7d1e-4f0b-9ad9-d74fe5b38461@group-F77B779747D8-LeaderElection5] INFO  ratis.XceiverServerRatis (XceiverServerRatis.java:handleLeaderChangedNotification(906)) - Leader change notification received for group: group-F77B779747D8 with new leaderId: e351f40b-7d1e-4f0b-9ad9-d74fe5b38461
2021-04-29 10:57:27,004 [e351f40b-7d1e-4f0b-9ad9-d74fe5b38461@group-F77B779747D8-LeaderElection5] INFO  server.RaftServer$Division (ServerState.java:setLeader(271)) - e351f40b-7d1e-4f0b-9ad9-d74fe5b38461@group-F77B779747D8: change Leader from null to e351f40b-7d1e-4f0b-9ad9-d74fe5b38461 at term 1 for becomeLeader, leader elected after 5248ms
2021-04-29 10:57:27,004 [e351f40b-7d1e-4f0b-9ad9-d74fe5b38461@group-F77B779747D8-LeaderElection5] INFO  server.RaftServerConfigKeys (ConfUtils.java:logGet(44)) - raft.server.staging.catchup.gap = 1000 (default)
2021-04-29 10:57:27,004 [e351f40b-7d1e-4f0b-9ad9-d74fe5b38461@group-F77B779747D8-LeaderElection5] INFO  metrics.RatisMetrics (RatisMetrics.java:lambda$create$0(36)) - Creating Metrics Registry : ratis.log_appender.e351f40b-7d1e-4f0b-9ad9-d74fe5b38461@group-F77B779747D8
2021-04-29 10:57:27,004 [e351f40b-7d1e-4f0b-9ad9-d74fe5b38461@group-F77B779747D8-LeaderElection5] INFO  server.RaftServerConfigKeys (ConfUtils.java:logGet(44)) - raft.server.write.element-limit = 1024 (custom)
2021-04-29 10:57:27,004 [e351f40b-7d1e-4f0b-9ad9-d74fe5b38461@group-F77B779747D8-LeaderElection5] INFO  server.RaftServerConfigKeys (ConfUtils.java:logGet(44)) - raft.server.write.byte-limit = 1073741824 (custom)
2021-04-29 10:57:27,005 [e351f40b-7d1e-4f0b-9ad9-d74fe5b38461@group-F77B779747D8-LeaderElection5] INFO  server.RaftServerConfigKeys (ConfUtils.java:logGet(44)) - raft.server.watch.timeout = 3000ms (custom)
2021-04-29 10:57:27,005 [e351f40b-7d1e-4f0b-9ad9-d74fe5b38461@group-F77B779747D8-LeaderElection5] INFO  server.RaftServerConfigKeys (ConfUtils.java:logGet(44)) - raft.server.watch.timeout.denomination = 1s (default)
2021-04-29 10:57:27,005 [e351f40b-7d1e-4f0b-9ad9-d74fe5b38461@group-F77B779747D8-LeaderElection5] INFO  server.RaftServerConfigKeys (ConfUtils.java:logGet(44)) - raft.server.watch.element-limit = 65536 (default)
2021-04-29 10:57:27,005 [e351f40b-7d1e-4f0b-9ad9-d74fe5b38461@group-F77B779747D8-LeaderElection5] INFO  impl.RoleInfo (RoleInfo.java:updateAndGet(130)) - e351f40b-7d1e-4f0b-9ad9-d74fe5b38461: start e351f40b-7d1e-4f0b-9ad9-d74fe5b38461@group-F77B779747D8-LeaderStateImpl
2021-04-29 10:57:27,006 [EventQueue-PipelineReportForOneReplicaPipelineSafeModeRule] INFO  safemode.SCMSafeModeManager (SCMSafeModeManager.java:validateSafeModeExitRules(201)) - AtleastOneDatanodeReportedRule rule is successfully validated
2021-04-29 10:57:27,006 [EventQueue-OpenPipelineForHealthyPipelineSafeModeRule] INFO  safemode.SCMSafeModeManager (HealthyPipelineSafeModeRule.java:process(130)) - SCM in safe mode. Healthy pipelines reported count is 0, required healthy pipeline reported count is 1
2021-04-29 10:57:27,007 [e351f40b-7d1e-4f0b-9ad9-d74fe5b38461@group-F77B779747D8-LeaderElection5] INFO  segmented.SegmentedRaftLogWorker (SegmentedRaftLogWorker.java:startLogSegment(394)) - e351f40b-7d1e-4f0b-9ad9-d74fe5b38461@group-F77B779747D8-SegmentedRaftLogWorker: Starting segment from index:0
2021-04-29 10:57:27,008 [e351f40b-7d1e-4f0b-9ad9-d74fe5b38461@group-F77B779747D8-SegmentedRaftLogWorker] INFO  segmented.SegmentedRaftLogWorker (SegmentedRaftLogWorker.java:execute(601)) - e351f40b-7d1e-4f0b-9ad9-d74fe5b38461@group-F77B779747D8-SegmentedRaftLogWorker: created new log segment /github/workspace/mnt/ozone/hadoop-ozone/integration-test/target/test-dir/MiniOzoneClusterImpl-2726c7ec-cf5f-4d18-8e0d-a0ed93d2ecae/datanode-1/data/ratis/e7bc8147-8fb0-4de6-9c1a-f77b779747d8/current/log_inprogress_0
2021-04-29 10:57:27,012 [e351f40b-7d1e-4f0b-9ad9-d74fe5b38461@group-F77B779747D8-LeaderElection5] INFO  server.RaftServer$Division (ServerState.java:setRaftConf(373)) - e351f40b-7d1e-4f0b-9ad9-d74fe5b38461@group-F77B779747D8: set configuration 0: [e351f40b-7d1e-4f0b-9ad9-d74fe5b38461|rpc:172.17.0.2:46021|dataStream:|priority:1], old=null
2021-04-29 10:57:27,177 [EventQueue-PipelineReportForOneReplicaPipelineSafeModeRule] INFO  safemode.SCMSafeModeManager (SCMSafeModeManager.java:validateSafeModeExitRules(201)) - AtleastOneDatanodeReportedRule rule is successfully validated
2021-04-29 10:57:27,177 [EventQueue-OpenPipelineForHealthyPipelineSafeModeRule] INFO  safemode.SCMSafeModeManager (HealthyPipelineSafeModeRule.java:process(130)) - SCM in safe mode. Healthy pipelines reported count is 0, required healthy pipeline reported count is 1
2021-04-29 10:57:27,263 [b6ea065c-5c0f-4b9b-a36c-1baff64c27e7@group-A5EBDE40635D-FollowerState] INFO  impl.FollowerState (FollowerState.java:run(134)) - b6ea065c-5c0f-4b9b-a36c-1baff64c27e7@group-A5EBDE40635D-FollowerState: change to CANDIDATE, lastRpcElapsedTime:5075140273ns, electionTimeout:5069ms
2021-04-29 10:57:27,264 [b6ea065c-5c0f-4b9b-a36c-1baff64c27e7@group-A5EBDE40635D-FollowerState] INFO  impl.RoleInfo (RoleInfo.java:shutdownFollowerState(108)) - b6ea065c-5c0f-4b9b-a36c-1baff64c27e7: shutdown b6ea065c-5c0f-4b9b-a36c-1baff64c27e7@group-A5EBDE40635D-FollowerState
2021-04-29 10:57:27,264 [b6ea065c-5c0f-4b9b-a36c-1baff64c27e7@group-A5EBDE40635D-FollowerState] INFO  server.RaftServer$Division (RaftServerImpl.java:setRole(284)) - b6ea065c-5c0f-4b9b-a36c-1baff64c27e7@group-A5EBDE40635D: changes role from  FOLLOWER to CANDIDATE at term 0 for changeToCandidate
2021-04-29 10:57:27,265 [b6ea065c-5c0f-4b9b-a36c-1baff64c27e7@group-A5EBDE40635D-FollowerState] INFO  server.RaftServerConfigKeys (ConfUtils.java:logGet(44)) - raft.server.leaderelection.pre-vote = false (custom)
2021-04-29 10:57:27,265 [b6ea065c-5c0f-4b9b-a36c-1baff64c27e7@group-A5EBDE40635D-FollowerState] INFO  impl.RoleInfo (RoleInfo.java:updateAndGet(130)) - b6ea065c-5c0f-4b9b-a36c-1baff64c27e7: start b6ea065c-5c0f-4b9b-a36c-1baff64c27e7@group-A5EBDE40635D-LeaderElection6
2021-04-29 10:57:27,268 [b6ea065c-5c0f-4b9b-a36c-1baff64c27e7@group-A5EBDE40635D-LeaderElection6] INFO  impl.LeaderElection (LeaderElection.java:askForVotes(306)) - b6ea065c-5c0f-4b9b-a36c-1baff64c27e7@group-A5EBDE40635D-LeaderElection6 ELECTION round 0: submit vote requests at term 1 for -1: [2394195c-5b30-4756-b242-a473be14be87|rpc:172.17.0.2:32961|priority:0, aef91e02-660b-41a2-9835-9ea111f967cb|rpc:172.17.0.2:37695|priority:1, b6ea065c-5c0f-4b9b-a36c-1baff64c27e7|rpc:172.17.0.2:42915|priority:0], old=null
2021-04-29 10:57:27,281 [grpc-default-executor-1] INFO  server.RaftServer$Division (RaftServerImpl.java:requestVote(1042)) - aef91e02-660b-41a2-9835-9ea111f967cb@group-A5EBDE40635D: receive requestVote(ELECTION, b6ea065c-5c0f-4b9b-a36c-1baff64c27e7, group-A5EBDE40635D, 1, (t:0, i:0))
2021-04-29 10:57:27,281 [grpc-default-executor-1] INFO  impl.VoteContext (VoteContext.java:log(48)) - aef91e02-660b-41a2-9835-9ea111f967cb@group-A5EBDE40635D-FOLLOWER: reject ELECTION from b6ea065c-5c0f-4b9b-a36c-1baff64c27e7: our priority 1 > candidate's priority 0
2021-04-29 10:57:27,281 [grpc-default-executor-1] INFO  server.RaftServer$Division (RaftServerImpl.java:setRole(284)) - aef91e02-660b-41a2-9835-9ea111f967cb@group-A5EBDE40635D: changes role from  FOLLOWER to FOLLOWER at term 1 for candidate:b6ea065c-5c0f-4b9b-a36c-1baff64c27e7
2021-04-29 10:57:27,281 [grpc-default-executor-1] INFO  impl.RoleInfo (RoleInfo.java:shutdownFollowerState(108)) - aef91e02-660b-41a2-9835-9ea111f967cb: shutdown aef91e02-660b-41a2-9835-9ea111f967cb@group-A5EBDE40635D-FollowerState
2021-04-29 10:57:27,281 [aef91e02-660b-41a2-9835-9ea111f967cb@group-A5EBDE40635D-FollowerState] INFO  impl.FollowerState (FollowerState.java:run(143)) - aef91e02-660b-41a2-9835-9ea111f967cb@group-A5EBDE40635D-FollowerState was interrupted: {}
java.lang.InterruptedException: sleep interrupted
	at java.lang.Thread.sleep(Native Method)
	at java.lang.Thread.sleep(Thread.java:340)
	at java.util.concurrent.TimeUnit.sleep(TimeUnit.java:386)
	at org.apache.ratis.util.TimeDuration.sleep(TimeDuration.java:324)
	at org.apache.ratis.util.TimeDuration.sleep(TimeDuration.java:309)
	at org.apache.ratis.server.impl.FollowerState.run(FollowerState.java:118)
2021-04-29 10:57:27,284 [grpc-default-executor-0] INFO  server.RaftServer$Division (RaftServerImpl.java:requestVote(1042)) - 2394195c-5b30-4756-b242-a473be14be87@group-A5EBDE40635D: receive requestVote(ELECTION, b6ea065c-5c0f-4b9b-a36c-1baff64c27e7, group-A5EBDE40635D, 1, (t:0, i:0))
2021-04-29 10:57:27,281 [grpc-default-executor-1] INFO  impl.RoleInfo (RoleInfo.java:updateAndGet(130)) - aef91e02-660b-41a2-9835-9ea111f967cb: start aef91e02-660b-41a2-9835-9ea111f967cb@group-A5EBDE40635D-FollowerState
2021-04-29 10:57:27,285 [grpc-default-executor-0] INFO  impl.VoteContext (VoteContext.java:log(48)) - 2394195c-5b30-4756-b242-a473be14be87@group-A5EBDE40635D-FOLLOWER: accept ELECTION from b6ea065c-5c0f-4b9b-a36c-1baff64c27e7: our priority 0 <= candidate's priority 0
2021-04-29 10:57:27,285 [grpc-default-executor-0] INFO  server.RaftServer$Division (RaftServerImpl.java:setRole(284)) - 2394195c-5b30-4756-b242-a473be14be87@group-A5EBDE40635D: changes role from  FOLLOWER to FOLLOWER at term 1 for candidate:b6ea065c-5c0f-4b9b-a36c-1baff64c27e7
2021-04-29 10:57:27,285 [grpc-default-executor-0] INFO  impl.RoleInfo (RoleInfo.java:shutdownFollowerState(108)) - 2394195c-5b30-4756-b242-a473be14be87: shutdown 2394195c-5b30-4756-b242-a473be14be87@group-A5EBDE40635D-FollowerState
2021-04-29 10:57:27,291 [grpc-default-executor-0] INFO  impl.RoleInfo (RoleInfo.java:updateAndGet(130)) - 2394195c-5b30-4756-b242-a473be14be87: start 2394195c-5b30-4756-b242-a473be14be87@group-A5EBDE40635D-FollowerState
2021-04-29 10:57:27,291 [2394195c-5b30-4756-b242-a473be14be87@group-A5EBDE40635D-FollowerState] INFO  impl.FollowerState (FollowerState.java:run(143)) - 2394195c-5b30-4756-b242-a473be14be87@group-A5EBDE40635D-FollowerState was interrupted: {}
java.lang.InterruptedException: sleep interrupted
	at java.lang.Thread.sleep(Native Method)
	at java.lang.Thread.sleep(Thread.java:340)
	at java.util.concurrent.TimeUnit.sleep(TimeUnit.java:386)
	at org.apache.ratis.util.TimeDuration.sleep(TimeDuration.java:324)
	at org.apache.ratis.util.TimeDuration.sleep(TimeDuration.java:309)
	at org.apache.ratis.server.impl.FollowerState.run(FollowerState.java:118)
2021-04-29 10:57:27,293 [grpc-default-executor-0] INFO  server.RaftServer$Division (RaftServerImpl.java:requestVote(1074)) - 2394195c-5b30-4756-b242-a473be14be87@group-A5EBDE40635D replies to ELECTION vote request: b6ea065c-5c0f-4b9b-a36c-1baff64c27e7<-2394195c-5b30-4756-b242-a473be14be87#0:OK-t1. Peer's state: 2394195c-5b30-4756-b242-a473be14be87@group-A5EBDE40635D:t1, leader=null, voted=b6ea065c-5c0f-4b9b-a36c-1baff64c27e7, raftlog=2394195c-5b30-4756-b242-a473be14be87@group-A5EBDE40635D-SegmentedRaftLog:OPENED:c-1,f-1,i0, conf=-1: [2394195c-5b30-4756-b242-a473be14be87|rpc:172.17.0.2:32961|dataStream:|priority:0, aef91e02-660b-41a2-9835-9ea111f967cb|rpc:172.17.0.2:37695|dataStream:|priority:1, b6ea065c-5c0f-4b9b-a36c-1baff64c27e7|rpc:172.17.0.2:42915|dataStream:|priority:0], old=null
2021-04-29 10:57:27,294 [grpc-default-executor-1] INFO  server.RaftServer$Division (RaftServerImpl.java:requestVote(1074)) - aef91e02-660b-41a2-9835-9ea111f967cb@group-A5EBDE40635D replies to ELECTION vote request: b6ea065c-5c0f-4b9b-a36c-1baff64c27e7<-aef91e02-660b-41a2-9835-9ea111f967cb#0:FAIL-t1. Peer's state: aef91e02-660b-41a2-9835-9ea111f967cb@group-A5EBDE40635D:t1, leader=null, voted=null, raftlog=aef91e02-660b-41a2-9835-9ea111f967cb@group-A5EBDE40635D-SegmentedRaftLog:OPENED:c-1,f-1,i0, conf=-1: [2394195c-5b30-4756-b242-a473be14be87|rpc:172.17.0.2:32961|dataStream:|priority:0, aef91e02-660b-41a2-9835-9ea111f967cb|rpc:172.17.0.2:37695|dataStream:|priority:1, b6ea065c-5c0f-4b9b-a36c-1baff64c27e7|rpc:172.17.0.2:42915|dataStream:|priority:0], old=null
2021-04-29 10:57:27,298 [b6ea065c-5c0f-4b9b-a36c-1baff64c27e7@group-A5EBDE40635D-LeaderElection6] INFO  impl.LeaderElection (LeaderElection.java:logAndReturn(89)) - b6ea065c-5c0f-4b9b-a36c-1baff64c27e7@group-A5EBDE40635D-LeaderElection6: ELECTION REJECTED received 2 response(s) and 0 exception(s):
2021-04-29 10:57:27,299 [b6ea065c-5c0f-4b9b-a36c-1baff64c27e7@group-A5EBDE40635D-LeaderElection6] INFO  impl.LeaderElection (LeaderElection.java:logAndReturn(93)) -   Response 0: b6ea065c-5c0f-4b9b-a36c-1baff64c27e7<-2394195c-5b30-4756-b242-a473be14be87#0:OK-t1
2021-04-29 10:57:27,299 [b6ea065c-5c0f-4b9b-a36c-1baff64c27e7@group-A5EBDE40635D-LeaderElection6] INFO  impl.LeaderElection (LeaderElection.java:logAndReturn(93)) -   Response 1: b6ea065c-5c0f-4b9b-a36c-1baff64c27e7<-aef91e02-660b-41a2-9835-9ea111f967cb#0:FAIL-t1
2021-04-29 10:57:27,299 [b6ea065c-5c0f-4b9b-a36c-1baff64c27e7@group-A5EBDE40635D-LeaderElection6] INFO  impl.LeaderElection (LeaderElection.java:askForVotes(308)) - b6ea065c-5c0f-4b9b-a36c-1baff64c27e7@group-A5EBDE40635D-LeaderElection6 ELECTION round 0: result REJECTED
2021-04-29 10:57:27,301 [b6ea065c-5c0f-4b9b-a36c-1baff64c27e7@group-A5EBDE40635D-LeaderElection6] INFO  server.RaftServer$Division (RaftServerImpl.java:setRole(284)) - b6ea065c-5c0f-4b9b-a36c-1baff64c27e7@group-A5EBDE40635D: changes role from CANDIDATE to FOLLOWER at term 1 for REJECTED
2021-04-29 10:57:27,302 [b6ea065c-5c0f-4b9b-a36c-1baff64c27e7@group-A5EBDE40635D-LeaderElection6] INFO  impl.RoleInfo (RoleInfo.java:shutdownLeaderElection(121)) - b6ea065c-5c0f-4b9b-a36c-1baff64c27e7: shutdown b6ea065c-5c0f-4b9b-a36c-1baff64c27e7@group-A5EBDE40635D-LeaderElection6
2021-04-29 10:57:27,302 [b6ea065c-5c0f-4b9b-a36c-1baff64c27e7@group-A5EBDE40635D-LeaderElection6] INFO  impl.RoleInfo (RoleInfo.java:updateAndGet(130)) - b6ea065c-5c0f-4b9b-a36c-1baff64c27e7: start b6ea065c-5c0f-4b9b-a36c-1baff64c27e7@group-A5EBDE40635D-FollowerState
2021-04-29 10:57:27,315 [EventQueue-PipelineReportForOneReplicaPipelineSafeModeRule] INFO  safemode.SCMSafeModeManager (SCMSafeModeManager.java:validateSafeModeExitRules(201)) - AtleastOneDatanodeReportedRule rule is successfully validated
2021-04-29 10:57:27,316 [b6ea065c-5c0f-4b9b-a36c-1baff64c27e7@group-513105B508F4-FollowerState] INFO  impl.FollowerState (FollowerState.java:run(134)) - b6ea065c-5c0f-4b9b-a36c-1baff64c27e7@group-513105B508F4-FollowerState: change to CANDIDATE, lastRpcElapsedTime:5156754403ns, electionTimeout:5153ms
2021-04-29 10:57:27,316 [b6ea065c-5c0f-4b9b-a36c-1baff64c27e7@group-513105B508F4-FollowerState] INFO  impl.RoleInfo (RoleInfo.java:shutdownFollowerState(108)) - b6ea065c-5c0f-4b9b-a36c-1baff64c27e7: shutdown b6ea065c-5c0f-4b9b-a36c-1baff64c27e7@group-513105B508F4-FollowerState
2021-04-29 10:57:27,316 [b6ea065c-5c0f-4b9b-a36c-1baff64c27e7@group-513105B508F4-FollowerState] INFO  server.RaftServer$Division (RaftServerImpl.java:setRole(284)) - b6ea065c-5c0f-4b9b-a36c-1baff64c27e7@group-513105B508F4: changes role from  FOLLOWER to CANDIDATE at term 0 for changeToCandidate
2021-04-29 10:57:27,316 [b6ea065c-5c0f-4b9b-a36c-1baff64c27e7@group-513105B508F4-FollowerState] INFO  server.RaftServerConfigKeys (ConfUtils.java:logGet(44)) - raft.server.leaderelection.pre-vote = false (custom)
2021-04-29 10:57:27,316 [b6ea065c-5c0f-4b9b-a36c-1baff64c27e7@group-513105B508F4-FollowerState] INFO  impl.RoleInfo (RoleInfo.java:updateAndGet(130)) - b6ea065c-5c0f-4b9b-a36c-1baff64c27e7: start b6ea065c-5c0f-4b9b-a36c-1baff64c27e7@group-513105B508F4-LeaderElection7
2021-04-29 10:57:27,316 [EventQueue-OpenPipelineForHealthyPipelineSafeModeRule] INFO  safemode.SCMSafeModeManager (HealthyPipelineSafeModeRule.java:process(130)) - SCM in safe mode. Healthy pipelines reported count is 0, required healthy pipeline reported count is 1
2021-04-29 10:57:27,317 [EventQueue-PipelineReportForOneReplicaPipelineSafeModeRule] INFO  safemode.SCMSafeModeManager (SCMSafeModeManager.java:validateSafeModeExitRules(201)) - AtleastOneDatanodeReportedRule rule is successfully validated
2021-04-29 10:57:27,317 [EventQueue-OpenPipelineForHealthyPipelineSafeModeRule] INFO  safemode.SCMSafeModeManager (HealthyPipelineSafeModeRule.java:process(130)) - SCM in safe mode. Healthy pipelines reported count is 0, required healthy pipeline reported count is 1
2021-04-29 10:57:27,325 [b6ea065c-5c0f-4b9b-a36c-1baff64c27e7@group-513105B508F4-LeaderElection7] INFO  impl.LeaderElection (LeaderElection.java:askForVotes(306)) - b6ea065c-5c0f-4b9b-a36c-1baff64c27e7@group-513105B508F4-LeaderElection7 ELECTION round 0: submit vote requests at term 1 for -1: [b6ea065c-5c0f-4b9b-a36c-1baff64c27e7|rpc:172.17.0.2:42915|priority:1], old=null
2021-04-29 10:57:27,325 [b6ea065c-5c0f-4b9b-a36c-1baff64c27e7@group-513105B508F4-LeaderElection7] INFO  impl.LeaderElection (LeaderElection.java:askForVotes(308)) - b6ea065c-5c0f-4b9b-a36c-1baff64c27e7@group-513105B508F4-LeaderElection7 ELECTION round 0: result PASSED (term=1)
2021-04-29 10:57:27,326 [b6ea065c-5c0f-4b9b-a36c-1baff64c27e7@group-513105B508F4-LeaderElection7] INFO  impl.RoleInfo (RoleInfo.java:shutdownLeaderElection(121)) - b6ea065c-5c0f-4b9b-a36c-1baff64c27e7: shutdown b6ea065c-5c0f-4b9b-a36c-1baff64c27e7@group-513105B508F4-LeaderElection7
2021-04-29 10:57:27,326 [b6ea065c-5c0f-4b9b-a36c-1baff64c27e7@group-513105B508F4-LeaderElection7] INFO  server.RaftServer$Division (RaftServerImpl.java:setRole(284)) - b6ea065c-5c0f-4b9b-a36c-1baff64c27e7@group-513105B508F4: changes role from CANDIDATE to LEADER at term 1 for changeToLeader
2021-04-29 10:57:27,326 [b6ea065c-5c0f-4b9b-a36c-1baff64c27e7@group-513105B508F4-LeaderElection7] INFO  ratis.XceiverServerRatis (XceiverServerRatis.java:handleLeaderChangedNotification(906)) - Leader change notification received for group: group-513105B508F4 with new leaderId: b6ea065c-5c0f-4b9b-a36c-1baff64c27e7
2021-04-29 10:57:27,326 [b6ea065c-5c0f-4b9b-a36c-1baff64c27e7@group-513105B508F4-LeaderElection7] INFO  server.RaftServer$Division (ServerState.java:setLeader(271)) - b6ea065c-5c0f-4b9b-a36c-1baff64c27e7@group-513105B508F4: change Leader from null to b6ea065c-5c0f-4b9b-a36c-1baff64c27e7 at term 1 for becomeLeader, leader elected after 5175ms
2021-04-29 10:57:27,326 [b6ea065c-5c0f-4b9b-a36c-1baff64c27e7@group-513105B508F4-LeaderElection7] INFO  server.RaftServerConfigKeys (ConfUtils.java:logGet(44)) - raft.server.staging.catchup.gap = 1000 (default)
2021-04-29 10:57:27,326 [b6ea065c-5c0f-4b9b-a36c-1baff64c27e7@group-513105B508F4-LeaderElection7] INFO  metrics.RatisMetrics (RatisMetrics.java:lambda$create$0(36)) - Creating Metrics Registry : ratis.log_appender.b6ea065c-5c0f-4b9b-a36c-1baff64c27e7@group-513105B508F4
2021-04-29 10:57:27,327 [b6ea065c-5c0f-4b9b-a36c-1baff64c27e7@group-513105B508F4-LeaderElection7] INFO  server.RaftServerConfigKeys (ConfUtils.java:logGet(44)) - raft.server.write.element-limit = 1024 (custom)
2021-04-29 10:57:27,327 [b6ea065c-5c0f-4b9b-a36c-1baff64c27e7@group-513105B508F4-LeaderElection7] INFO  server.RaftServerConfigKeys (ConfUtils.java:logGet(44)) - raft.server.write.byte-limit = 1073741824 (custom)
2021-04-29 10:57:27,327 [b6ea065c-5c0f-4b9b-a36c-1baff64c27e7@group-513105B508F4-LeaderElection7] INFO  server.RaftServerConfigKeys (ConfUtils.java:logGet(44)) - raft.server.watch.timeout = 3000ms (custom)
2021-04-29 10:57:27,327 [b6ea065c-5c0f-4b9b-a36c-1baff64c27e7@group-513105B508F4-LeaderElection7] INFO  server.RaftServerConfigKeys (ConfUtils.java:logGet(44)) - raft.server.watch.timeout.denomination = 1s (default)
2021-04-29 10:57:27,327 [b6ea065c-5c0f-4b9b-a36c-1baff64c27e7@group-513105B508F4-LeaderElection7] INFO  server.RaftServerConfigKeys (ConfUtils.java:logGet(44)) - raft.server.watch.element-limit = 65536 (default)
2021-04-29 10:57:27,327 [EventQueue-PipelineReportForOneReplicaPipelineSafeModeRule] INFO  safemode.SCMSafeModeManager (SCMSafeModeManager.java:validateSafeModeExitRules(201)) - AtleastOneDatanodeReportedRule rule is successfully validated
2021-04-29 10:57:27,328 [b6ea065c-5c0f-4b9b-a36c-1baff64c27e7@group-513105B508F4-LeaderElection7] INFO  impl.RoleInfo (RoleInfo.java:updateAndGet(130)) - b6ea065c-5c0f-4b9b-a36c-1baff64c27e7: start b6ea065c-5c0f-4b9b-a36c-1baff64c27e7@group-513105B508F4-LeaderStateImpl
2021-04-29 10:57:27,328 [EventQueue-OpenPipelineForHealthyPipelineSafeModeRule] INFO  safemode.SCMSafeModeManager (HealthyPipelineSafeModeRule.java:process(130)) - SCM in safe mode. Healthy pipelines reported count is 0, required healthy pipeline reported count is 1
2021-04-29 10:57:27,330 [b6ea065c-5c0f-4b9b-a36c-1baff64c27e7@group-513105B508F4-LeaderElection7] INFO  segmented.SegmentedRaftLogWorker (SegmentedRaftLogWorker.java:startLogSegment(394)) - b6ea065c-5c0f-4b9b-a36c-1baff64c27e7@group-513105B508F4-SegmentedRaftLogWorker: Starting segment from index:0
2021-04-29 10:57:27,331 [b6ea065c-5c0f-4b9b-a36c-1baff64c27e7@group-513105B508F4-SegmentedRaftLogWorker] INFO  segmented.SegmentedRaftLogWorker (SegmentedRaftLogWorker.java:execute(601)) - b6ea065c-5c0f-4b9b-a36c-1baff64c27e7@group-513105B508F4-SegmentedRaftLogWorker: created new log segment /github/workspace/mnt/ozone/hadoop-ozone/integration-test/target/test-dir/MiniOzoneClusterImpl-2726c7ec-cf5f-4d18-8e0d-a0ed93d2ecae/datanode-3/data/ratis/3f9eaaaa-8621-40f3-b369-513105b508f4/current/log_inprogress_0
2021-04-29 10:57:27,351 [b6ea065c-5c0f-4b9b-a36c-1baff64c27e7@group-513105B508F4-LeaderElection7] INFO  server.RaftServer$Division (ServerState.java:setRaftConf(373)) - b6ea065c-5c0f-4b9b-a36c-1baff64c27e7@group-513105B508F4: set configuration 0: [b6ea065c-5c0f-4b9b-a36c-1baff64c27e7|rpc:172.17.0.2:42915|dataStream:|priority:1], old=null
2021-04-29 10:57:27,412 [EventQueue-PipelineReportForOneReplicaPipelineSafeModeRule] INFO  safemode.SCMSafeModeManager (SCMSafeModeManager.java:validateSafeModeExitRules(201)) - AtleastOneDatanodeReportedRule rule is successfully validated
2021-04-29 10:57:27,412 [EventQueue-OpenPipelineForHealthyPipelineSafeModeRule] INFO  safemode.SCMSafeModeManager (HealthyPipelineSafeModeRule.java:process(130)) - SCM in safe mode. Healthy pipelines reported count is 0, required healthy pipeline reported count is 1
2021-04-29 10:57:27,597 [Listener at 127.0.0.1/42781] INFO  ozone.MiniOzoneClusterImpl (MiniOzoneClusterImpl.java:lambda$waitForClusterToBeReady$0(224)) - Nodes are ready. Got 9 of 9 DN Heartbeats.
2021-04-29 10:57:27,598 [Listener at 127.0.0.1/42781] INFO  ozone.MiniOzoneClusterImpl (MiniOzoneClusterImpl.java:lambda$waitForClusterToBeReady$0(227)) - Waiting for cluster to exit safe mode
2021-04-29 10:57:27,598 [Listener at 127.0.0.1/42781] INFO  ozone.MiniOzoneClusterImpl (MiniOzoneClusterImpl.java:lambda$waitForClusterToBeReady$0(230)) - SCM became leader
2021-04-29 10:57:27,599 [EventQueue-PipelineReportForOneReplicaPipelineSafeModeRule] INFO  safemode.SCMSafeModeManager (SCMSafeModeManager.java:validateSafeModeExitRules(201)) - AtleastOneDatanodeReportedRule rule is successfully validated
2021-04-29 10:57:27,599 [EventQueue-OpenPipelineForHealthyPipelineSafeModeRule] INFO  safemode.SCMSafeModeManager (HealthyPipelineSafeModeRule.java:process(130)) - SCM in safe mode. Healthy pipelines reported count is 0, required healthy pipeline reported count is 1
2021-04-29 10:57:27,633 [2394195c-5b30-4756-b242-a473be14be87@group-9B9DEE57546E-FollowerState] INFO  impl.FollowerState (FollowerState.java:run(134)) - 2394195c-5b30-4756-b242-a473be14be87@group-9B9DEE57546E-FollowerState: change to CANDIDATE, lastRpcElapsedTime:5189433394ns, electionTimeout:5186ms
2021-04-29 10:57:27,633 [2394195c-5b30-4756-b242-a473be14be87@group-9B9DEE57546E-FollowerState] INFO  impl.RoleInfo (RoleInfo.java:shutdownFollowerState(108)) - 2394195c-5b30-4756-b242-a473be14be87: shutdown 2394195c-5b30-4756-b242-a473be14be87@group-9B9DEE57546E-FollowerState
2021-04-29 10:57:27,633 [2394195c-5b30-4756-b242-a473be14be87@group-9B9DEE57546E-FollowerState] INFO  server.RaftServer$Division (RaftServerImpl.java:setRole(284)) - 2394195c-5b30-4756-b242-a473be14be87@group-9B9DEE57546E: changes role from  FOLLOWER to CANDIDATE at term 0 for changeToCandidate
2021-04-29 10:57:27,634 [2394195c-5b30-4756-b242-a473be14be87@group-9B9DEE57546E-FollowerState] INFO  server.RaftServerConfigKeys (ConfUtils.java:logGet(44)) - raft.server.leaderelection.pre-vote = false (custom)
2021-04-29 10:57:27,634 [2394195c-5b30-4756-b242-a473be14be87@group-9B9DEE57546E-FollowerState] INFO  impl.RoleInfo (RoleInfo.java:updateAndGet(130)) - 2394195c-5b30-4756-b242-a473be14be87: start 2394195c-5b30-4756-b242-a473be14be87@group-9B9DEE57546E-LeaderElection8
2021-04-29 10:57:27,637 [2394195c-5b30-4756-b242-a473be14be87@group-9B9DEE57546E-LeaderElection8] INFO  impl.LeaderElection (LeaderElection.java:askForVotes(306)) - 2394195c-5b30-4756-b242-a473be14be87@group-9B9DEE57546E-LeaderElection8 ELECTION round 0: submit vote requests at term 1 for -1: [2394195c-5b30-4756-b242-a473be14be87|rpc:172.17.0.2:32961|priority:1], old=null
2021-04-29 10:57:27,637 [2394195c-5b30-4756-b242-a473be14be87@group-9B9DEE57546E-LeaderElection8] INFO  impl.LeaderElection (LeaderElection.java:askForVotes(308)) - 2394195c-5b30-4756-b242-a473be14be87@group-9B9DEE57546E-LeaderElection8 ELECTION round 0: result PASSED (term=1)
2021-04-29 10:57:27,638 [2394195c-5b30-4756-b242-a473be14be87@group-9B9DEE57546E-LeaderElection8] INFO  impl.RoleInfo (RoleInfo.java:shutdownLeaderElection(121)) - 2394195c-5b30-4756-b242-a473be14be87: shutdown 2394195c-5b30-4756-b242-a473be14be87@group-9B9DEE57546E-LeaderElection8
2021-04-29 10:57:27,638 [2394195c-5b30-4756-b242-a473be14be87@group-9B9DEE57546E-LeaderElection8] INFO  server.RaftServer$Division (RaftServerImpl.java:setRole(284)) - 2394195c-5b30-4756-b242-a473be14be87@group-9B9DEE57546E: changes role from CANDIDATE to LEADER at term 1 for changeToLeader
2021-04-29 10:57:27,638 [2394195c-5b30-4756-b242-a473be14be87@group-9B9DEE57546E-LeaderElection8] INFO  ratis.XceiverServerRatis (XceiverServerRatis.java:handleLeaderChangedNotification(906)) - Leader change notification received for group: group-9B9DEE57546E with new leaderId: 2394195c-5b30-4756-b242-a473be14be87
2021-04-29 10:57:27,638 [2394195c-5b30-4756-b242-a473be14be87@group-9B9DEE57546E-LeaderElection8] INFO  server.RaftServer$Division (ServerState.java:setLeader(271)) - 2394195c-5b30-4756-b242-a473be14be87@group-9B9DEE57546E: change Leader from null to 2394195c-5b30-4756-b242-a473be14be87 at term 1 for becomeLeader, leader elected after 5227ms
2021-04-29 10:57:27,638 [2394195c-5b30-4756-b242-a473be14be87@group-9B9DEE57546E-LeaderElection8] INFO  server.RaftServerConfigKeys (ConfUtils.java:logGet(44)) - raft.server.staging.catchup.gap = 1000 (default)
2021-04-29 10:57:27,638 [2394195c-5b30-4756-b242-a473be14be87@group-9B9DEE57546E-LeaderElection8] INFO  metrics.RatisMetrics (RatisMetrics.java:lambda$create$0(36)) - Creating Metrics Registry : ratis.log_appender.2394195c-5b30-4756-b242-a473be14be87@group-9B9DEE57546E
2021-04-29 10:57:27,639 [EventQueue-PipelineReportForOneReplicaPipelineSafeModeRule] INFO  safemode.SCMSafeModeManager (SCMSafeModeManager.java:validateSafeModeExitRules(201)) - AtleastOneDatanodeReportedRule rule is successfully validated
2021-04-29 10:57:27,640 [EventQueue-OpenPipelineForHealthyPipelineSafeModeRule] INFO  safemode.SCMSafeModeManager (HealthyPipelineSafeModeRule.java:process(130)) - SCM in safe mode. Healthy pipelines reported count is 0, required healthy pipeline reported count is 1
2021-04-29 10:57:27,640 [2394195c-5b30-4756-b242-a473be14be87@group-9B9DEE57546E-LeaderElection8] INFO  server.RaftServerConfigKeys (ConfUtils.java:logGet(44)) - raft.server.write.element-limit = 1024 (custom)
2021-04-29 10:57:27,640 [2394195c-5b30-4756-b242-a473be14be87@group-9B9DEE57546E-LeaderElection8] INFO  server.RaftServerConfigKeys (ConfUtils.java:logGet(44)) - raft.server.write.byte-limit = 1073741824 (custom)
2021-04-29 10:57:27,640 [2394195c-5b30-4756-b242-a473be14be87@group-9B9DEE57546E-LeaderElection8] INFO  server.RaftServerConfigKeys (ConfUtils.java:logGet(44)) - raft.server.watch.timeout = 3000ms (custom)
2021-04-29 10:57:27,640 [2394195c-5b30-4756-b242-a473be14be87@group-9B9DEE57546E-LeaderElection8] INFO  server.RaftServerConfigKeys (ConfUtils.java:logGet(44)) - raft.server.watch.timeout.denomination = 1s (default)
2021-04-29 10:57:27,640 [2394195c-5b30-4756-b242-a473be14be87@group-9B9DEE57546E-LeaderElection8] INFO  server.RaftServerConfigKeys (ConfUtils.java:logGet(44)) - raft.server.watch.element-limit = 65536 (default)
2021-04-29 10:57:27,640 [2394195c-5b30-4756-b242-a473be14be87@group-9B9DEE57546E-LeaderElection8] INFO  impl.RoleInfo (RoleInfo.java:updateAndGet(130)) - 2394195c-5b30-4756-b242-a473be14be87: start 2394195c-5b30-4756-b242-a473be14be87@group-9B9DEE57546E-LeaderStateImpl
2021-04-29 10:57:27,641 [2394195c-5b30-4756-b242-a473be14be87@group-9B9DEE57546E-LeaderElection8] INFO  segmented.SegmentedRaftLogWorker (SegmentedRaftLogWorker.java:startLogSegment(394)) - 2394195c-5b30-4756-b242-a473be14be87@group-9B9DEE57546E-SegmentedRaftLogWorker: Starting segment from index:0
2021-04-29 10:57:27,646 [2394195c-5b30-4756-b242-a473be14be87@group-9B9DEE57546E-SegmentedRaftLogWorker] INFO  segmented.SegmentedRaftLogWorker (SegmentedRaftLogWorker.java:execute(601)) - 2394195c-5b30-4756-b242-a473be14be87@group-9B9DEE57546E-SegmentedRaftLogWorker: created new log segment /github/workspace/mnt/ozone/hadoop-ozone/integration-test/target/test-dir/MiniOzoneClusterImpl-2726c7ec-cf5f-4d18-8e0d-a0ed93d2ecae/datanode-4/data/ratis/05d9c834-934a-4097-9a93-9b9dee57546e/current/log_inprogress_0
2021-04-29 10:57:27,646 [2394195c-5b30-4756-b242-a473be14be87@group-9B9DEE57546E-LeaderElection8] INFO  server.RaftServer$Division (ServerState.java:setRaftConf(373)) - 2394195c-5b30-4756-b242-a473be14be87@group-9B9DEE57546E: set configuration 0: [2394195c-5b30-4756-b242-a473be14be87|rpc:172.17.0.2:32961|dataStream:|priority:1], old=null
2021-04-29 10:57:27,654 [EventQueue-OpenPipelineForHealthyPipelineSafeModeRule] INFO  safemode.SCMSafeModeManager (HealthyPipelineSafeModeRule.java:process(130)) - SCM in safe mode. Healthy pipelines reported count is 0, required healthy pipeline reported count is 1
2021-04-29 10:57:27,655 [EventQueue-PipelineReportForOneReplicaPipelineSafeModeRule] INFO  safemode.SCMSafeModeManager (SCMSafeModeManager.java:validateSafeModeExitRules(201)) - AtleastOneDatanodeReportedRule rule is successfully validated
2021-04-29 10:57:27,666 [aef91e02-660b-41a2-9835-9ea111f967cb@group-62139CBECC78-FollowerState] INFO  impl.FollowerState (FollowerState.java:run(134)) - aef91e02-660b-41a2-9835-9ea111f967cb@group-62139CBECC78-FollowerState: change to CANDIDATE, lastRpcElapsedTime:5002304914ns, electionTimeout:5001ms
2021-04-29 10:57:27,666 [aef91e02-660b-41a2-9835-9ea111f967cb@group-62139CBECC78-FollowerState] INFO  impl.RoleInfo (RoleInfo.java:shutdownFollowerState(108)) - aef91e02-660b-41a2-9835-9ea111f967cb: shutdown aef91e02-660b-41a2-9835-9ea111f967cb@group-62139CBECC78-FollowerState
2021-04-29 10:57:27,666 [aef91e02-660b-41a2-9835-9ea111f967cb@group-62139CBECC78-FollowerState] INFO  server.RaftServer$Division (RaftServerImpl.java:setRole(284)) - aef91e02-660b-41a2-9835-9ea111f967cb@group-62139CBECC78: changes role from  FOLLOWER to CANDIDATE at term 0 for changeToCandidate
2021-04-29 10:57:27,667 [aef91e02-660b-41a2-9835-9ea111f967cb@group-62139CBECC78-FollowerState] INFO  server.RaftServerConfigKeys (ConfUtils.java:logGet(44)) - raft.server.leaderelection.pre-vote = false (custom)
2021-04-29 10:57:27,667 [aef91e02-660b-41a2-9835-9ea111f967cb@group-62139CBECC78-FollowerState] INFO  impl.RoleInfo (RoleInfo.java:updateAndGet(130)) - aef91e02-660b-41a2-9835-9ea111f967cb: start aef91e02-660b-41a2-9835-9ea111f967cb@group-62139CBECC78-LeaderElection9
2021-04-29 10:57:27,670 [aef91e02-660b-41a2-9835-9ea111f967cb@group-62139CBECC78-LeaderElection9] INFO  impl.LeaderElection (LeaderElection.java:askForVotes(306)) - aef91e02-660b-41a2-9835-9ea111f967cb@group-62139CBECC78-LeaderElection9 ELECTION round 0: submit vote requests at term 1 for -1: [aef91e02-660b-41a2-9835-9ea111f967cb|rpc:172.17.0.2:37695|priority:1], old=null
2021-04-29 10:57:27,670 [aef91e02-660b-41a2-9835-9ea111f967cb@group-62139CBECC78-LeaderElection9] INFO  impl.LeaderElection (LeaderElection.java:askForVotes(308)) - aef91e02-660b-41a2-9835-9ea111f967cb@group-62139CBECC78-LeaderElection9 ELECTION round 0: result PASSED (term=1)
2021-04-29 10:57:27,671 [aef91e02-660b-41a2-9835-9ea111f967cb@group-62139CBECC78-LeaderElection9] INFO  impl.RoleInfo (RoleInfo.java:shutdownLeaderElection(121)) - aef91e02-660b-41a2-9835-9ea111f967cb: shutdown aef91e02-660b-41a2-9835-9ea111f967cb@group-62139CBECC78-LeaderElection9
2021-04-29 10:57:27,671 [aef91e02-660b-41a2-9835-9ea111f967cb@group-62139CBECC78-LeaderElection9] INFO  server.RaftServer$Division (RaftServerImpl.java:setRole(284)) - aef91e02-660b-41a2-9835-9ea111f967cb@group-62139CBECC78: changes role from CANDIDATE to LEADER at term 1 for changeToLeader
2021-04-29 10:57:27,671 [aef91e02-660b-41a2-9835-9ea111f967cb@group-62139CBECC78-LeaderElection9] INFO  ratis.XceiverServerRatis (XceiverServerRatis.java:handleLeaderChangedNotification(906)) - Leader change notification received for group: group-62139CBECC78 with new leaderId: aef91e02-660b-41a2-9835-9ea111f967cb
2021-04-29 10:57:27,671 [aef91e02-660b-41a2-9835-9ea111f967cb@group-62139CBECC78-LeaderElection9] INFO  server.RaftServer$Division (ServerState.java:setLeader(271)) - aef91e02-660b-41a2-9835-9ea111f967cb@group-62139CBECC78: change Leader from null to aef91e02-660b-41a2-9835-9ea111f967cb at term 1 for becomeLeader, leader elected after 5017ms
2021-04-29 10:57:27,671 [aef91e02-660b-41a2-9835-9ea111f967cb@group-62139CBECC78-LeaderElection9] INFO  server.RaftServerConfigKeys (ConfUtils.java:logGet(44)) - raft.server.staging.catchup.gap = 1000 (default)
2021-04-29 10:57:27,671 [aef91e02-660b-41a2-9835-9ea111f967cb@group-62139CBECC78-LeaderElection9] INFO  metrics.RatisMetrics (RatisMetrics.java:lambda$create$0(36)) - Creating Metrics Registry : ratis.log_appender.aef91e02-660b-41a2-9835-9ea111f967cb@group-62139CBECC78
2021-04-29 10:57:27,671 [aef91e02-660b-41a2-9835-9ea111f967cb@group-62139CBECC78-LeaderElection9] INFO  server.RaftServerConfigKeys (ConfUtils.java:logGet(44)) - raft.server.write.element-limit = 1024 (custom)
2021-04-29 10:57:27,671 [aef91e02-660b-41a2-9835-9ea111f967cb@group-62139CBECC78-LeaderElection9] INFO  server.RaftServerConfigKeys (ConfUtils.java:logGet(44)) - raft.server.write.byte-limit = 1073741824 (custom)
2021-04-29 10:57:27,672 [aef91e02-660b-41a2-9835-9ea111f967cb@group-62139CBECC78-LeaderElection9] INFO  server.RaftServerConfigKeys (ConfUtils.java:logGet(44)) - raft.server.watch.timeout = 3000ms (custom)
2021-04-29 10:57:27,672 [aef91e02-660b-41a2-9835-9ea111f967cb@group-62139CBECC78-LeaderElection9] INFO  server.RaftServerConfigKeys (ConfUtils.java:logGet(44)) - raft.server.watch.timeout.denomination = 1s (default)
2021-04-29 10:57:27,672 [aef91e02-660b-41a2-9835-9ea111f967cb@group-62139CBECC78-LeaderElection9] INFO  server.RaftServerConfigKeys (ConfUtils.java:logGet(44)) - raft.server.watch.element-limit = 65536 (default)
2021-04-29 10:57:27,672 [aef91e02-660b-41a2-9835-9ea111f967cb@group-62139CBECC78-LeaderElection9] INFO  impl.RoleInfo (RoleInfo.java:updateAndGet(130)) - aef91e02-660b-41a2-9835-9ea111f967cb: start aef91e02-660b-41a2-9835-9ea111f967cb@group-62139CBECC78-LeaderStateImpl
2021-04-29 10:57:27,672 [aef91e02-660b-41a2-9835-9ea111f967cb@group-62139CBECC78-LeaderElection9] INFO  segmented.SegmentedRaftLogWorker (SegmentedRaftLogWorker.java:startLogSegment(394)) - aef91e02-660b-41a2-9835-9ea111f967cb@group-62139CBECC78-SegmentedRaftLogWorker: Starting segment from index:0
2021-04-29 10:57:27,674 [EventQueue-PipelineReportForOneReplicaPipelineSafeModeRule] INFO  safemode.SCMSafeModeManager (SCMSafeModeManager.java:validateSafeModeExitRules(201)) - AtleastOneDatanodeReportedRule rule is successfully validated
2021-04-29 10:57:27,674 [aef91e02-660b-41a2-9835-9ea111f967cb@group-62139CBECC78-SegmentedRaftLogWorker] INFO  segmented.SegmentedRaftLogWorker (SegmentedRaftLogWorker.java:execute(601)) - aef91e02-660b-41a2-9835-9ea111f967cb@group-62139CBECC78-SegmentedRaftLogWorker: created new log segment /github/workspace/mnt/ozone/hadoop-ozone/integration-test/target/test-dir/MiniOzoneClusterImpl-2726c7ec-cf5f-4d18-8e0d-a0ed93d2ecae/datanode-5/data/ratis/eb89ebc0-a6c3-49d4-bbf2-62139cbecc78/current/log_inprogress_0
2021-04-29 10:57:27,674 [EventQueue-OpenPipelineForHealthyPipelineSafeModeRule] INFO  safemode.SCMSafeModeManager (HealthyPipelineSafeModeRule.java:process(130)) - SCM in safe mode. Healthy pipelines reported count is 0, required healthy pipeline reported count is 1
2021-04-29 10:57:27,682 [aef91e02-660b-41a2-9835-9ea111f967cb@group-62139CBECC78-LeaderElection9] INFO  server.RaftServer$Division (ServerState.java:setRaftConf(373)) - aef91e02-660b-41a2-9835-9ea111f967cb@group-62139CBECC78: set configuration 0: [aef91e02-660b-41a2-9835-9ea111f967cb|rpc:172.17.0.2:37695|dataStream:|priority:1], old=null
2021-04-29 10:57:27,972 [EventQueue-OpenPipelineForHealthyPipelineSafeModeRule] INFO  safemode.SCMSafeModeManager (HealthyPipelineSafeModeRule.java:process(130)) - SCM in safe mode. Healthy pipelines reported count is 0, required healthy pipeline reported count is 1
2021-04-29 10:57:27,972 [EventQueue-PipelineReportForOneReplicaPipelineSafeModeRule] INFO  safemode.SCMSafeModeManager (SCMSafeModeManager.java:validateSafeModeExitRules(201)) - AtleastOneDatanodeReportedRule rule is successfully validated
2021-04-29 10:57:27,982 [EventQueue-PipelineReportForOneReplicaPipelineSafeModeRule] INFO  safemode.SCMSafeModeManager (SCMSafeModeManager.java:validateSafeModeExitRules(201)) - AtleastOneDatanodeReportedRule rule is successfully validated
2021-04-29 10:57:27,982 [EventQueue-OpenPipelineForHealthyPipelineSafeModeRule] INFO  safemode.SCMSafeModeManager (HealthyPipelineSafeModeRule.java:process(130)) - SCM in safe mode. Healthy pipelines reported count is 0, required healthy pipeline reported count is 1
2021-04-29 10:57:27,985 [f2874c6a-efe9-4f48-8c15-64eb2698a6fe@group-05D4B2F145DF-FollowerState] INFO  impl.FollowerState (FollowerState.java:run(134)) - f2874c6a-efe9-4f48-8c15-64eb2698a6fe@group-05D4B2F145DF-FollowerState: change to CANDIDATE, lastRpcElapsedTime:5014355575ns, electionTimeout:5013ms
2021-04-29 10:57:27,985 [f2874c6a-efe9-4f48-8c15-64eb2698a6fe@group-05D4B2F145DF-FollowerState] INFO  impl.RoleInfo (RoleInfo.java:shutdownFollowerState(108)) - f2874c6a-efe9-4f48-8c15-64eb2698a6fe: shutdown f2874c6a-efe9-4f48-8c15-64eb2698a6fe@group-05D4B2F145DF-FollowerState
2021-04-29 10:57:27,985 [f2874c6a-efe9-4f48-8c15-64eb2698a6fe@group-05D4B2F145DF-FollowerState] INFO  server.RaftServer$Division (RaftServerImpl.java:setRole(284)) - f2874c6a-efe9-4f48-8c15-64eb2698a6fe@group-05D4B2F145DF: changes role from  FOLLOWER to CANDIDATE at term 0 for changeToCandidate
2021-04-29 10:57:27,986 [f2874c6a-efe9-4f48-8c15-64eb2698a6fe@group-05D4B2F145DF-FollowerState] INFO  server.RaftServerConfigKeys (ConfUtils.java:logGet(44)) - raft.server.leaderelection.pre-vote = false (custom)
2021-04-29 10:57:27,986 [f2874c6a-efe9-4f48-8c15-64eb2698a6fe@group-05D4B2F145DF-FollowerState] INFO  impl.RoleInfo (RoleInfo.java:updateAndGet(130)) - f2874c6a-efe9-4f48-8c15-64eb2698a6fe: start f2874c6a-efe9-4f48-8c15-64eb2698a6fe@group-05D4B2F145DF-LeaderElection10
2021-04-29 10:57:27,993 [f2874c6a-efe9-4f48-8c15-64eb2698a6fe@group-5F9640C5EC9E-FollowerState] INFO  impl.FollowerState (FollowerState.java:run(134)) - f2874c6a-efe9-4f48-8c15-64eb2698a6fe@group-5F9640C5EC9E-FollowerState: change to CANDIDATE, lastRpcElapsedTime:5003054712ns, electionTimeout:5002ms
2021-04-29 10:57:27,993 [f2874c6a-efe9-4f48-8c15-64eb2698a6fe@group-5F9640C5EC9E-FollowerState] INFO  impl.RoleInfo (RoleInfo.java:shutdownFollowerState(108)) - f2874c6a-efe9-4f48-8c15-64eb2698a6fe: shutdown f2874c6a-efe9-4f48-8c15-64eb2698a6fe@group-5F9640C5EC9E-FollowerState
2021-04-29 10:57:27,993 [f2874c6a-efe9-4f48-8c15-64eb2698a6fe@group-5F9640C5EC9E-FollowerState] INFO  server.RaftServer$Division (RaftServerImpl.java:setRole(284)) - f2874c6a-efe9-4f48-8c15-64eb2698a6fe@group-5F9640C5EC9E: changes role from  FOLLOWER to CANDIDATE at term 0 for changeToCandidate
2021-04-29 10:57:27,993 [f2874c6a-efe9-4f48-8c15-64eb2698a6fe@group-5F9640C5EC9E-FollowerState] INFO  server.RaftServerConfigKeys (ConfUtils.java:logGet(44)) - raft.server.leaderelection.pre-vote = false (custom)
2021-04-29 10:57:27,993 [f2874c6a-efe9-4f48-8c15-64eb2698a6fe@group-5F9640C5EC9E-FollowerState] INFO  impl.RoleInfo (RoleInfo.java:updateAndGet(130)) - f2874c6a-efe9-4f48-8c15-64eb2698a6fe: start f2874c6a-efe9-4f48-8c15-64eb2698a6fe@group-5F9640C5EC9E-LeaderElection11
2021-04-29 10:57:27,994 [f2874c6a-efe9-4f48-8c15-64eb2698a6fe@group-05D4B2F145DF-LeaderElection10] INFO  impl.LeaderElection (LeaderElection.java:askForVotes(306)) - f2874c6a-efe9-4f48-8c15-64eb2698a6fe@group-05D4B2F145DF-LeaderElection10 ELECTION round 0: submit vote requests at term 1 for -1: [f2874c6a-efe9-4f48-8c15-64eb2698a6fe|rpc:172.17.0.2:38031|priority:1], old=null
2021-04-29 10:57:27,994 [f2874c6a-efe9-4f48-8c15-64eb2698a6fe@group-05D4B2F145DF-LeaderElection10] INFO  impl.LeaderElection (LeaderElection.java:askForVotes(308)) - f2874c6a-efe9-4f48-8c15-64eb2698a6fe@group-05D4B2F145DF-LeaderElection10 ELECTION round 0: result PASSED (term=1)
2021-04-29 10:57:27,994 [f2874c6a-efe9-4f48-8c15-64eb2698a6fe@group-05D4B2F145DF-LeaderElection10] INFO  impl.RoleInfo (RoleInfo.java:shutdownLeaderElection(121)) - f2874c6a-efe9-4f48-8c15-64eb2698a6fe: shutdown f2874c6a-efe9-4f48-8c15-64eb2698a6fe@group-05D4B2F145DF-LeaderElection10
2021-04-29 10:57:27,994 [f2874c6a-efe9-4f48-8c15-64eb2698a6fe@group-05D4B2F145DF-LeaderElection10] INFO  server.RaftServer$Division (RaftServerImpl.java:setRole(284)) - f2874c6a-efe9-4f48-8c15-64eb2698a6fe@group-05D4B2F145DF: changes role from CANDIDATE to LEADER at term 1 for changeToLeader
2021-04-29 10:57:27,995 [f2874c6a-efe9-4f48-8c15-64eb2698a6fe@group-05D4B2F145DF-LeaderElection10] INFO  ratis.XceiverServerRatis (XceiverServerRatis.java:handleLeaderChangedNotification(906)) - Leader change notification received for group: group-05D4B2F145DF with new leaderId: f2874c6a-efe9-4f48-8c15-64eb2698a6fe
2021-04-29 10:57:27,996 [f2874c6a-efe9-4f48-8c15-64eb2698a6fe@group-05D4B2F145DF-LeaderElection10] INFO  server.RaftServer$Division (ServerState.java:setLeader(271)) - f2874c6a-efe9-4f48-8c15-64eb2698a6fe@group-05D4B2F145DF: change Leader from null to f2874c6a-efe9-4f48-8c15-64eb2698a6fe at term 1 for becomeLeader, leader elected after 5045ms
2021-04-29 10:57:27,996 [f2874c6a-efe9-4f48-8c15-64eb2698a6fe@group-05D4B2F145DF-LeaderElection10] INFO  server.RaftServerConfigKeys (ConfUtils.java:logGet(44)) - raft.server.staging.catchup.gap = 1000 (default)
2021-04-29 10:57:27,996 [f2874c6a-efe9-4f48-8c15-64eb2698a6fe@group-05D4B2F145DF-LeaderElection10] INFO  metrics.RatisMetrics (RatisMetrics.java:lambda$create$0(36)) - Creating Metrics Registry : ratis.log_appender.f2874c6a-efe9-4f48-8c15-64eb2698a6fe@group-05D4B2F145DF
2021-04-29 10:57:27,997 [EventQueue-PipelineReportForOneReplicaPipelineSafeModeRule] INFO  safemode.SCMSafeModeManager (SCMSafeModeManager.java:validateSafeModeExitRules(201)) - AtleastOneDatanodeReportedRule rule is successfully validated
2021-04-29 10:57:27,997 [EventQueue-OpenPipelineForHealthyPipelineSafeModeRule] INFO  safemode.SCMSafeModeManager (HealthyPipelineSafeModeRule.java:process(130)) - SCM in safe mode. Healthy pipelines reported count is 0, required healthy pipeline reported count is 1
2021-04-29 10:57:27,997 [f2874c6a-efe9-4f48-8c15-64eb2698a6fe@group-5F9640C5EC9E-LeaderElection11] INFO  impl.LeaderElection (LeaderElection.java:askForVotes(306)) - f2874c6a-efe9-4f48-8c15-64eb2698a6fe@group-5F9640C5EC9E-LeaderElection11 ELECTION round 0: submit vote requests at term 1 for -1: [2ece3016-29da-4712-9e61-42b563feafe4|rpc:172.17.0.2:37483|priority:0, f2874c6a-efe9-4f48-8c15-64eb2698a6fe|rpc:172.17.0.2:38031|priority:0, 51593562-bf48-4e12-b0f7-435460a60e26|rpc:172.17.0.2:37879|priority:1], old=null
2021-04-29 10:57:27,999 [f2874c6a-efe9-4f48-8c15-64eb2698a6fe@group-05D4B2F145DF-LeaderElection10] INFO  server.RaftServerConfigKeys (ConfUtils.java:logGet(44)) - raft.server.write.element-limit = 1024 (custom)
2021-04-29 10:57:27,999 [f2874c6a-efe9-4f48-8c15-64eb2698a6fe@group-05D4B2F145DF-LeaderElection10] INFO  server.RaftServerConfigKeys (ConfUtils.java:logGet(44)) - raft.server.write.byte-limit = 1073741824 (custom)
2021-04-29 10:57:28,005 [EventQueue-PipelineReportForOneReplicaPipelineSafeModeRule] INFO  safemode.SCMSafeModeManager (SCMSafeModeManager.java:validateSafeModeExitRules(201)) - AtleastOneDatanodeReportedRule rule is successfully validated
2021-04-29 10:57:28,005 [EventQueue-OpenPipelineForHealthyPipelineSafeModeRule] INFO  safemode.SCMSafeModeManager (HealthyPipelineSafeModeRule.java:process(130)) - SCM in safe mode. Healthy pipelines reported count is 0, required healthy pipeline reported count is 1
2021-04-29 10:57:28,012 [f2874c6a-efe9-4f48-8c15-64eb2698a6fe@group-05D4B2F145DF-LeaderElection10] INFO  server.RaftServerConfigKeys (ConfUtils.java:logGet(44)) - raft.server.watch.timeout = 3000ms (custom)
2021-04-29 10:57:28,018 [f2874c6a-efe9-4f48-8c15-64eb2698a6fe@group-05D4B2F145DF-LeaderElection10] INFO  server.RaftServerConfigKeys (ConfUtils.java:logGet(44)) - raft.server.watch.timeout.denomination = 1s (default)
2021-04-29 10:57:28,018 [f2874c6a-efe9-4f48-8c15-64eb2698a6fe@group-05D4B2F145DF-LeaderElection10] INFO  server.RaftServerConfigKeys (ConfUtils.java:logGet(44)) - raft.server.watch.element-limit = 65536 (default)
2021-04-29 10:57:28,019 [f2874c6a-efe9-4f48-8c15-64eb2698a6fe@group-05D4B2F145DF-LeaderElection10] INFO  impl.RoleInfo (RoleInfo.java:updateAndGet(130)) - f2874c6a-efe9-4f48-8c15-64eb2698a6fe: start f2874c6a-efe9-4f48-8c15-64eb2698a6fe@group-05D4B2F145DF-LeaderStateImpl
2021-04-29 10:57:28,019 [f2874c6a-efe9-4f48-8c15-64eb2698a6fe@group-05D4B2F145DF-LeaderElection10] INFO  segmented.SegmentedRaftLogWorker (SegmentedRaftLogWorker.java:startLogSegment(394)) - f2874c6a-efe9-4f48-8c15-64eb2698a6fe@group-05D4B2F145DF-SegmentedRaftLogWorker: Starting segment from index:0
2021-04-29 10:57:28,021 [f2874c6a-efe9-4f48-8c15-64eb2698a6fe@group-05D4B2F145DF-SegmentedRaftLogWorker] INFO  segmented.SegmentedRaftLogWorker (SegmentedRaftLogWorker.java:execute(601)) - f2874c6a-efe9-4f48-8c15-64eb2698a6fe@group-05D4B2F145DF-SegmentedRaftLogWorker: created new log segment /github/workspace/mnt/ozone/hadoop-ozone/integration-test/target/test-dir/MiniOzoneClusterImpl-2726c7ec-cf5f-4d18-8e0d-a0ed93d2ecae/datanode-6/data/ratis/a802a953-e735-4870-b1c8-05d4b2f145df/current/log_inprogress_0
2021-04-29 10:57:28,034 [grpc-default-executor-1] INFO  server.RaftServer$Division (RaftServerImpl.java:requestVote(1042)) - 2ece3016-29da-4712-9e61-42b563feafe4@group-5F9640C5EC9E: receive requestVote(ELECTION, f2874c6a-efe9-4f48-8c15-64eb2698a6fe, group-5F9640C5EC9E, 1, (t:0, i:0))
2021-04-29 10:57:28,034 [grpc-default-executor-1] INFO  impl.VoteContext (VoteContext.java:log(48)) - 2ece3016-29da-4712-9e61-42b563feafe4@group-5F9640C5EC9E-FOLLOWER: accept ELECTION from f2874c6a-efe9-4f48-8c15-64eb2698a6fe: our priority 0 <= candidate's priority 0
2021-04-29 10:57:28,034 [grpc-default-executor-1] INFO  server.RaftServer$Division (RaftServerImpl.java:setRole(284)) - 2ece3016-29da-4712-9e61-42b563feafe4@group-5F9640C5EC9E: changes role from  FOLLOWER to FOLLOWER at term 1 for candidate:f2874c6a-efe9-4f48-8c15-64eb2698a6fe
2021-04-29 10:57:28,035 [grpc-default-executor-1] INFO  impl.RoleInfo (RoleInfo.java:shutdownFollowerState(108)) - 2ece3016-29da-4712-9e61-42b563feafe4: shutdown 2ece3016-29da-4712-9e61-42b563feafe4@group-5F9640C5EC9E-FollowerState
2021-04-29 10:57:28,035 [grpc-default-executor-1] INFO  impl.RoleInfo (RoleInfo.java:updateAndGet(130)) - 2ece3016-29da-4712-9e61-42b563feafe4: start 2ece3016-29da-4712-9e61-42b563feafe4@group-5F9640C5EC9E-FollowerState
2021-04-29 10:57:28,035 [2ece3016-29da-4712-9e61-42b563feafe4@group-5F9640C5EC9E-FollowerState] INFO  impl.FollowerState (FollowerState.java:run(143)) - 2ece3016-29da-4712-9e61-42b563feafe4@group-5F9640C5EC9E-FollowerState was interrupted: {}
java.lang.InterruptedException: sleep interrupted
	at java.lang.Thread.sleep(Native Method)
	at java.lang.Thread.sleep(Thread.java:340)
	at java.util.concurrent.TimeUnit.sleep(TimeUnit.java:386)
	at org.apache.ratis.util.TimeDuration.sleep(TimeDuration.java:324)
	at org.apache.ratis.util.TimeDuration.sleep(TimeDuration.java:309)
	at org.apache.ratis.server.impl.FollowerState.run(FollowerState.java:118)
2021-04-29 10:57:28,036 [f2874c6a-efe9-4f48-8c15-64eb2698a6fe@group-05D4B2F145DF-LeaderElection10] INFO  server.RaftServer$Division (ServerState.java:setRaftConf(373)) - f2874c6a-efe9-4f48-8c15-64eb2698a6fe@group-05D4B2F145DF: set configuration 0: [f2874c6a-efe9-4f48-8c15-64eb2698a6fe|rpc:172.17.0.2:38031|dataStream:|priority:1], old=null
2021-04-29 10:57:28,037 [grpc-default-executor-1] INFO  server.RaftServer$Division (RaftServerImpl.java:requestVote(1074)) - 2ece3016-29da-4712-9e61-42b563feafe4@group-5F9640C5EC9E replies to ELECTION vote request: f2874c6a-efe9-4f48-8c15-64eb2698a6fe<-2ece3016-29da-4712-9e61-42b563feafe4#0:OK-t1. Peer's state: 2ece3016-29da-4712-9e61-42b563feafe4@group-5F9640C5EC9E:t1, leader=null, voted=f2874c6a-efe9-4f48-8c15-64eb2698a6fe, raftlog=2ece3016-29da-4712-9e61-42b563feafe4@group-5F9640C5EC9E-SegmentedRaftLog:OPENED:c-1,f-1,i0, conf=-1: [2ece3016-29da-4712-9e61-42b563feafe4|rpc:172.17.0.2:37483|dataStream:|priority:0, f2874c6a-efe9-4f48-8c15-64eb2698a6fe|rpc:172.17.0.2:38031|dataStream:|priority:0, 51593562-bf48-4e12-b0f7-435460a60e26|rpc:172.17.0.2:37879|dataStream:|priority:1], old=null
2021-04-29 10:57:28,050 [grpc-default-executor-1] INFO  server.RaftServer$Division (RaftServerImpl.java:requestVote(1042)) - 51593562-bf48-4e12-b0f7-435460a60e26@group-5F9640C5EC9E: receive requestVote(ELECTION, f2874c6a-efe9-4f48-8c15-64eb2698a6fe, group-5F9640C5EC9E, 1, (t:0, i:0))
2021-04-29 10:57:28,051 [grpc-default-executor-1] INFO  impl.VoteContext (VoteContext.java:log(48)) - 51593562-bf48-4e12-b0f7-435460a60e26@group-5F9640C5EC9E-FOLLOWER: reject ELECTION from f2874c6a-efe9-4f48-8c15-64eb2698a6fe: our priority 1 > candidate's priority 0
2021-04-29 10:57:28,051 [grpc-default-executor-1] INFO  server.RaftServer$Division (RaftServerImpl.java:setRole(284)) - 51593562-bf48-4e12-b0f7-435460a60e26@group-5F9640C5EC9E: changes role from  FOLLOWER to FOLLOWER at term 1 for candidate:f2874c6a-efe9-4f48-8c15-64eb2698a6fe
2021-04-29 10:57:28,051 [grpc-default-executor-1] INFO  impl.RoleInfo (RoleInfo.java:shutdownFollowerState(108)) - 51593562-bf48-4e12-b0f7-435460a60e26: shutdown 51593562-bf48-4e12-b0f7-435460a60e26@group-5F9640C5EC9E-FollowerState
2021-04-29 10:57:28,051 [51593562-bf48-4e12-b0f7-435460a60e26@group-5F9640C5EC9E-FollowerState] INFO  impl.FollowerState (FollowerState.java:run(143)) - 51593562-bf48-4e12-b0f7-435460a60e26@group-5F9640C5EC9E-FollowerState was interrupted: {}
java.lang.InterruptedException: sleep interrupted
	at java.lang.Thread.sleep(Native Method)
	at java.lang.Thread.sleep(Thread.java:340)
	at java.util.concurrent.TimeUnit.sleep(TimeUnit.java:386)
	at org.apache.ratis.util.TimeDuration.sleep(TimeDuration.java:324)
	at org.apache.ratis.util.TimeDuration.sleep(TimeDuration.java:309)
	at org.apache.ratis.server.impl.FollowerState.run(FollowerState.java:118)
2021-04-29 10:57:28,051 [grpc-default-executor-1] INFO  impl.RoleInfo (RoleInfo.java:updateAndGet(130)) - 51593562-bf48-4e12-b0f7-435460a60e26: start 51593562-bf48-4e12-b0f7-435460a60e26@group-5F9640C5EC9E-FollowerState
2021-04-29 10:57:28,060 [grpc-default-executor-1] INFO  server.RaftServer$Division (RaftServerImpl.java:requestVote(1074)) - 51593562-bf48-4e12-b0f7-435460a60e26@group-5F9640C5EC9E replies to ELECTION vote request: f2874c6a-efe9-4f48-8c15-64eb2698a6fe<-51593562-bf48-4e12-b0f7-435460a60e26#0:FAIL-t1. Peer's state: 51593562-bf48-4e12-b0f7-435460a60e26@group-5F9640C5EC9E:t1, leader=null, voted=null, raftlog=51593562-bf48-4e12-b0f7-435460a60e26@group-5F9640C5EC9E-SegmentedRaftLog:OPENED:c-1,f-1,i0, conf=-1: [2ece3016-29da-4712-9e61-42b563feafe4|rpc:172.17.0.2:37483|dataStream:|priority:0, f2874c6a-efe9-4f48-8c15-64eb2698a6fe|rpc:172.17.0.2:38031|dataStream:|priority:0, 51593562-bf48-4e12-b0f7-435460a60e26|rpc:172.17.0.2:37879|dataStream:|priority:1], old=null
2021-04-29 10:57:28,064 [f2874c6a-efe9-4f48-8c15-64eb2698a6fe@group-5F9640C5EC9E-LeaderElection11] INFO  impl.LeaderElection (LeaderElection.java:logAndReturn(89)) - f2874c6a-efe9-4f48-8c15-64eb2698a6fe@group-5F9640C5EC9E-LeaderElection11: ELECTION REJECTED received 2 response(s) and 0 exception(s):
2021-04-29 10:57:28,065 [f2874c6a-efe9-4f48-8c15-64eb2698a6fe@group-5F9640C5EC9E-LeaderElection11] INFO  impl.LeaderElection (LeaderElection.java:logAndReturn(93)) -   Response 0: f2874c6a-efe9-4f48-8c15-64eb2698a6fe<-2ece3016-29da-4712-9e61-42b563feafe4#0:OK-t1
2021-04-29 10:57:28,065 [f2874c6a-efe9-4f48-8c15-64eb2698a6fe@group-5F9640C5EC9E-LeaderElection11] INFO  impl.LeaderElection (LeaderElection.java:logAndReturn(93)) -   Response 1: f2874c6a-efe9-4f48-8c15-64eb2698a6fe<-51593562-bf48-4e12-b0f7-435460a60e26#0:FAIL-t1
2021-04-29 10:57:28,065 [f2874c6a-efe9-4f48-8c15-64eb2698a6fe@group-5F9640C5EC9E-LeaderElection11] INFO  impl.LeaderElection (LeaderElection.java:askForVotes(308)) - f2874c6a-efe9-4f48-8c15-64eb2698a6fe@group-5F9640C5EC9E-LeaderElection11 ELECTION round 0: result REJECTED
2021-04-29 10:57:28,065 [f2874c6a-efe9-4f48-8c15-64eb2698a6fe@group-5F9640C5EC9E-LeaderElection11] INFO  server.RaftServer$Division (RaftServerImpl.java:setRole(284)) - f2874c6a-efe9-4f48-8c15-64eb2698a6fe@group-5F9640C5EC9E: changes role from CANDIDATE to FOLLOWER at term 1 for REJECTED
2021-04-29 10:57:28,065 [f2874c6a-efe9-4f48-8c15-64eb2698a6fe@group-5F9640C5EC9E-LeaderElection11] INFO  impl.RoleInfo (RoleInfo.java:shutdownLeaderElection(121)) - f2874c6a-efe9-4f48-8c15-64eb2698a6fe: shutdown f2874c6a-efe9-4f48-8c15-64eb2698a6fe@group-5F9640C5EC9E-LeaderElection11
2021-04-29 10:57:28,065 [f2874c6a-efe9-4f48-8c15-64eb2698a6fe@group-5F9640C5EC9E-LeaderElection11] INFO  impl.RoleInfo (RoleInfo.java:updateAndGet(130)) - f2874c6a-efe9-4f48-8c15-64eb2698a6fe: start f2874c6a-efe9-4f48-8c15-64eb2698a6fe@group-5F9640C5EC9E-FollowerState
2021-04-29 10:57:28,315 [EventQueue-PipelineReportForOneReplicaPipelineSafeModeRule] INFO  safemode.SCMSafeModeManager (SCMSafeModeManager.java:validateSafeModeExitRules(201)) - AtleastOneDatanodeReportedRule rule is successfully validated
2021-04-29 10:57:28,315 [EventQueue-OpenPipelineForHealthyPipelineSafeModeRule] INFO  safemode.SCMSafeModeManager (HealthyPipelineSafeModeRule.java:process(130)) - SCM in safe mode. Healthy pipelines reported count is 0, required healthy pipeline reported count is 1
2021-04-29 10:57:28,317 [EventQueue-OpenPipelineForHealthyPipelineSafeModeRule] INFO  safemode.SCMSafeModeManager (HealthyPipelineSafeModeRule.java:process(130)) - SCM in safe mode. Healthy pipelines reported count is 0, required healthy pipeline reported count is 1
2021-04-29 10:57:28,317 [EventQueue-PipelineReportForOneReplicaPipelineSafeModeRule] INFO  safemode.SCMSafeModeManager (SCMSafeModeManager.java:validateSafeModeExitRules(201)) - AtleastOneDatanodeReportedRule rule is successfully validated
2021-04-29 10:57:28,327 [EventQueue-OpenPipelineForHealthyPipelineSafeModeRule] INFO  safemode.SCMSafeModeManager (HealthyPipelineSafeModeRule.java:process(130)) - SCM in safe mode. Healthy pipelines reported count is 0, required healthy pipeline reported count is 1
2021-04-29 10:57:28,327 [EventQueue-PipelineReportForOneReplicaPipelineSafeModeRule] INFO  safemode.SCMSafeModeManager (SCMSafeModeManager.java:validateSafeModeExitRules(201)) - AtleastOneDatanodeReportedRule rule is successfully validated
2021-04-29 10:57:28,453 [2ece3016-29da-4712-9e61-42b563feafe4@group-1D607C43D7C7-FollowerState] INFO  impl.FollowerState (FollowerState.java:run(134)) - 2ece3016-29da-4712-9e61-42b563feafe4@group-1D607C43D7C7-FollowerState: change to CANDIDATE, lastRpcElapsedTime:5121269921ns, electionTimeout:5115ms
2021-04-29 10:57:28,454 [2ece3016-29da-4712-9e61-42b563feafe4@group-1D607C43D7C7-FollowerState] INFO  impl.RoleInfo (RoleInfo.java:shutdownFollowerState(108)) - 2ece3016-29da-4712-9e61-42b563feafe4: shutdown 2ece3016-29da-4712-9e61-42b563feafe4@group-1D607C43D7C7-FollowerState
2021-04-29 10:57:28,454 [2ece3016-29da-4712-9e61-42b563feafe4@group-1D607C43D7C7-FollowerState] INFO  server.RaftServer$Division (RaftServerImpl.java:setRole(284)) - 2ece3016-29da-4712-9e61-42b563feafe4@group-1D607C43D7C7: changes role from  FOLLOWER to CANDIDATE at term 0 for changeToCandidate
2021-04-29 10:57:28,455 [2ece3016-29da-4712-9e61-42b563feafe4@group-1D607C43D7C7-FollowerState] INFO  server.RaftServerConfigKeys (ConfUtils.java:logGet(44)) - raft.server.leaderelection.pre-vote = false (custom)
2021-04-29 10:57:28,455 [2ece3016-29da-4712-9e61-42b563feafe4@group-1D607C43D7C7-FollowerState] INFO  impl.RoleInfo (RoleInfo.java:updateAndGet(130)) - 2ece3016-29da-4712-9e61-42b563feafe4: start 2ece3016-29da-4712-9e61-42b563feafe4@group-1D607C43D7C7-LeaderElection12
2021-04-29 10:57:28,459 [2ece3016-29da-4712-9e61-42b563feafe4@group-1D607C43D7C7-LeaderElection12] INFO  impl.LeaderElection (LeaderElection.java:askForVotes(306)) - 2ece3016-29da-4712-9e61-42b563feafe4@group-1D607C43D7C7-LeaderElection12 ELECTION round 0: submit vote requests at term 1 for -1: [2ece3016-29da-4712-9e61-42b563feafe4|rpc:172.17.0.2:37483|priority:1], old=null
2021-04-29 10:57:28,459 [2ece3016-29da-4712-9e61-42b563feafe4@group-1D607C43D7C7-LeaderElection12] INFO  impl.LeaderElection (LeaderElection.java:askForVotes(308)) - 2ece3016-29da-4712-9e61-42b563feafe4@group-1D607C43D7C7-LeaderElection12 ELECTION round 0: result PASSED (term=1)
2021-04-29 10:57:28,460 [2ece3016-29da-4712-9e61-42b563feafe4@group-1D607C43D7C7-LeaderElection12] INFO  impl.RoleInfo (RoleInfo.java:shutdownLeaderElection(121)) - 2ece3016-29da-4712-9e61-42b563feafe4: shutdown 2ece3016-29da-4712-9e61-42b563feafe4@group-1D607C43D7C7-LeaderElection12
2021-04-29 10:57:28,460 [2ece3016-29da-4712-9e61-42b563feafe4@group-1D607C43D7C7-LeaderElection12] INFO  server.RaftServer$Division (RaftServerImpl.java:setRole(284)) - 2ece3016-29da-4712-9e61-42b563feafe4@group-1D607C43D7C7: changes role from CANDIDATE to LEADER at term 1 for changeToLeader
2021-04-29 10:57:28,460 [2ece3016-29da-4712-9e61-42b563feafe4@group-1D607C43D7C7-LeaderElection12] INFO  ratis.XceiverServerRatis (XceiverServerRatis.java:handleLeaderChangedNotification(906)) - Leader change notification received for group: group-1D607C43D7C7 with new leaderId: 2ece3016-29da-4712-9e61-42b563feafe4
2021-04-29 10:57:28,460 [2ece3016-29da-4712-9e61-42b563feafe4@group-1D607C43D7C7-LeaderElection12] INFO  server.RaftServer$Division (ServerState.java:setLeader(271)) - 2ece3016-29da-4712-9e61-42b563feafe4@group-1D607C43D7C7: change Leader from null to 2ece3016-29da-4712-9e61-42b563feafe4 at term 1 for becomeLeader, leader elected after 5144ms
2021-04-29 10:57:28,461 [EventQueue-PipelineReportForOneReplicaPipelineSafeModeRule] INFO  safemode.SCMSafeModeManager (SCMSafeModeManager.java:validateSafeModeExitRules(201)) - AtleastOneDatanodeReportedRule rule is successfully validated
2021-04-29 10:57:28,461 [EventQueue-OpenPipelineForHealthyPipelineSafeModeRule] INFO  safemode.SCMSafeModeManager (HealthyPipelineSafeModeRule.java:process(130)) - SCM in safe mode. Healthy pipelines reported count is 0, required healthy pipeline reported count is 1
2021-04-29 10:57:28,466 [2ece3016-29da-4712-9e61-42b563feafe4@group-1D607C43D7C7-LeaderElection12] INFO  server.RaftServerConfigKeys (ConfUtils.java:logGet(44)) - raft.server.staging.catchup.gap = 1000 (default)
2021-04-29 10:57:28,467 [2ece3016-29da-4712-9e61-42b563feafe4@group-1D607C43D7C7-LeaderElection12] INFO  metrics.RatisMetrics (RatisMetrics.java:lambda$create$0(36)) - Creating Metrics Registry : ratis.log_appender.2ece3016-29da-4712-9e61-42b563feafe4@group-1D607C43D7C7
2021-04-29 10:57:28,467 [2ece3016-29da-4712-9e61-42b563feafe4@group-1D607C43D7C7-LeaderElection12] INFO  server.RaftServerConfigKeys (ConfUtils.java:logGet(44)) - raft.server.write.element-limit = 1024 (custom)
2021-04-29 10:57:28,467 [2ece3016-29da-4712-9e61-42b563feafe4@group-1D607C43D7C7-LeaderElection12] INFO  server.RaftServerConfigKeys (ConfUtils.java:logGet(44)) - raft.server.write.byte-limit = 1073741824 (custom)
2021-04-29 10:57:28,467 [2ece3016-29da-4712-9e61-42b563feafe4@group-1D607C43D7C7-LeaderElection12] INFO  server.RaftServerConfigKeys (ConfUtils.java:logGet(44)) - raft.server.watch.timeout = 3000ms (custom)
2021-04-29 10:57:28,468 [2ece3016-29da-4712-9e61-42b563feafe4@group-1D607C43D7C7-LeaderElection12] INFO  server.RaftServerConfigKeys (ConfUtils.java:logGet(44)) - raft.server.watch.timeout.denomination = 1s (default)
2021-04-29 10:57:28,468 [2ece3016-29da-4712-9e61-42b563feafe4@group-1D607C43D7C7-LeaderElection12] INFO  server.RaftServerConfigKeys (ConfUtils.java:logGet(44)) - raft.server.watch.element-limit = 65536 (default)
2021-04-29 10:57:28,468 [2ece3016-29da-4712-9e61-42b563feafe4@group-1D607C43D7C7-LeaderElection12] INFO  impl.RoleInfo (RoleInfo.java:updateAndGet(130)) - 2ece3016-29da-4712-9e61-42b563feafe4: start 2ece3016-29da-4712-9e61-42b563feafe4@group-1D607C43D7C7-LeaderStateImpl
2021-04-29 10:57:28,468 [2ece3016-29da-4712-9e61-42b563feafe4@group-1D607C43D7C7-LeaderElection12] INFO  segmented.SegmentedRaftLogWorker (SegmentedRaftLogWorker.java:startLogSegment(394)) - 2ece3016-29da-4712-9e61-42b563feafe4@group-1D607C43D7C7-SegmentedRaftLogWorker: Starting segment from index:0
2021-04-29 10:57:28,469 [2ece3016-29da-4712-9e61-42b563feafe4@group-1D607C43D7C7-SegmentedRaftLogWorker] INFO  segmented.SegmentedRaftLogWorker (SegmentedRaftLogWorker.java:execute(601)) - 2ece3016-29da-4712-9e61-42b563feafe4@group-1D607C43D7C7-SegmentedRaftLogWorker: created new log segment /github/workspace/mnt/ozone/hadoop-ozone/integration-test/target/test-dir/MiniOzoneClusterImpl-2726c7ec-cf5f-4d18-8e0d-a0ed93d2ecae/datanode-7/data/ratis/82a88e11-0f8b-4971-b51f-1d607c43d7c7/current/log_inprogress_0
2021-04-29 10:57:28,483 [2ece3016-29da-4712-9e61-42b563feafe4@group-1D607C43D7C7-LeaderElection12] INFO  server.RaftServer$Division (ServerState.java:setRaftConf(373)) - 2ece3016-29da-4712-9e61-42b563feafe4@group-1D607C43D7C7: set configuration 0: [2ece3016-29da-4712-9e61-42b563feafe4|rpc:172.17.0.2:37483|dataStream:|priority:1], old=null
2021-04-29 10:57:28,598 [Listener at 127.0.0.1/42781] INFO  ozone.MiniOzoneClusterImpl (MiniOzoneClusterImpl.java:lambda$waitForClusterToBeReady$0(224)) - Nodes are ready. Got 9 of 9 DN Heartbeats.
2021-04-29 10:57:28,598 [Listener at 127.0.0.1/42781] INFO  ozone.MiniOzoneClusterImpl (MiniOzoneClusterImpl.java:lambda$waitForClusterToBeReady$0(227)) - Waiting for cluster to exit safe mode
2021-04-29 10:57:28,598 [Listener at 127.0.0.1/42781] INFO  ozone.MiniOzoneClusterImpl (MiniOzoneClusterImpl.java:lambda$waitForClusterToBeReady$0(230)) - SCM became leader
2021-04-29 10:57:28,599 [EventQueue-PipelineReportForOneReplicaPipelineSafeModeRule] INFO  safemode.SCMSafeModeManager (SCMSafeModeManager.java:validateSafeModeExitRules(201)) - AtleastOneDatanodeReportedRule rule is successfully validated
2021-04-29 10:57:28,599 [EventQueue-OpenPipelineForHealthyPipelineSafeModeRule] INFO  safemode.SCMSafeModeManager (HealthyPipelineSafeModeRule.java:process(130)) - SCM in safe mode. Healthy pipelines reported count is 0, required healthy pipeline reported count is 1
2021-04-29 10:57:28,640 [EventQueue-OpenPipelineForHealthyPipelineSafeModeRule] INFO  safemode.SCMSafeModeManager (HealthyPipelineSafeModeRule.java:process(130)) - SCM in safe mode. Healthy pipelines reported count is 0, required healthy pipeline reported count is 1
2021-04-29 10:57:28,641 [EventQueue-PipelineReportForOneReplicaPipelineSafeModeRule] INFO  safemode.SCMSafeModeManager (SCMSafeModeManager.java:validateSafeModeExitRules(201)) - AtleastOneDatanodeReportedRule rule is successfully validated
2021-04-29 10:57:28,674 [EventQueue-PipelineReportForOneReplicaPipelineSafeModeRule] INFO  safemode.SCMSafeModeManager (SCMSafeModeManager.java:validateSafeModeExitRules(201)) - AtleastOneDatanodeReportedRule rule is successfully validated
2021-04-29 10:57:28,674 [EventQueue-OpenPipelineForHealthyPipelineSafeModeRule] INFO  safemode.SCMSafeModeManager (HealthyPipelineSafeModeRule.java:process(130)) - SCM in safe mode. Healthy pipelines reported count is 0, required healthy pipeline reported count is 1
2021-04-29 10:57:28,723 [51593562-bf48-4e12-b0f7-435460a60e26@group-9AF61B126474-FollowerState] INFO  impl.FollowerState (FollowerState.java:run(134)) - 51593562-bf48-4e12-b0f7-435460a60e26@group-9AF61B126474-FollowerState: change to CANDIDATE, lastRpcElapsedTime:5101510386ns, electionTimeout:5101ms
2021-04-29 10:57:28,723 [51593562-bf48-4e12-b0f7-435460a60e26@group-9AF61B126474-FollowerState] INFO  impl.RoleInfo (RoleInfo.java:shutdownFollowerState(108)) - 51593562-bf48-4e12-b0f7-435460a60e26: shutdown 51593562-bf48-4e12-b0f7-435460a60e26@group-9AF61B126474-FollowerState
2021-04-29 10:57:28,723 [51593562-bf48-4e12-b0f7-435460a60e26@group-9AF61B126474-FollowerState] INFO  server.RaftServer$Division (RaftServerImpl.java:setRole(284)) - 51593562-bf48-4e12-b0f7-435460a60e26@group-9AF61B126474: changes role from  FOLLOWER to CANDIDATE at term 0 for changeToCandidate
2021-04-29 10:57:28,725 [51593562-bf48-4e12-b0f7-435460a60e26@group-9AF61B126474-FollowerState] INFO  server.RaftServerConfigKeys (ConfUtils.java:logGet(44)) - raft.server.leaderelection.pre-vote = false (custom)
2021-04-29 10:57:28,725 [51593562-bf48-4e12-b0f7-435460a60e26@group-9AF61B126474-FollowerState] INFO  impl.RoleInfo (RoleInfo.java:updateAndGet(130)) - 51593562-bf48-4e12-b0f7-435460a60e26: start 51593562-bf48-4e12-b0f7-435460a60e26@group-9AF61B126474-LeaderElection13
2021-04-29 10:57:28,727 [51593562-bf48-4e12-b0f7-435460a60e26@group-9AF61B126474-LeaderElection13] INFO  impl.LeaderElection (LeaderElection.java:askForVotes(306)) - 51593562-bf48-4e12-b0f7-435460a60e26@group-9AF61B126474-LeaderElection13 ELECTION round 0: submit vote requests at term 1 for -1: [51593562-bf48-4e12-b0f7-435460a60e26|rpc:172.17.0.2:37879|priority:1], old=null
2021-04-29 10:57:28,728 [51593562-bf48-4e12-b0f7-435460a60e26@group-9AF61B126474-LeaderElection13] INFO  impl.LeaderElection (LeaderElection.java:askForVotes(308)) - 51593562-bf48-4e12-b0f7-435460a60e26@group-9AF61B126474-LeaderElection13 ELECTION round 0: result PASSED (term=1)
2021-04-29 10:57:28,728 [51593562-bf48-4e12-b0f7-435460a60e26@group-9AF61B126474-LeaderElection13] INFO  impl.RoleInfo (RoleInfo.java:shutdownLeaderElection(121)) - 51593562-bf48-4e12-b0f7-435460a60e26: shutdown 51593562-bf48-4e12-b0f7-435460a60e26@group-9AF61B126474-LeaderElection13
2021-04-29 10:57:28,728 [51593562-bf48-4e12-b0f7-435460a60e26@group-9AF61B126474-LeaderElection13] INFO  server.RaftServer$Division (RaftServerImpl.java:setRole(284)) - 51593562-bf48-4e12-b0f7-435460a60e26@group-9AF61B126474: changes role from CANDIDATE to LEADER at term 1 for changeToLeader
2021-04-29 10:57:28,728 [51593562-bf48-4e12-b0f7-435460a60e26@group-9AF61B126474-LeaderElection13] INFO  ratis.XceiverServerRatis (XceiverServerRatis.java:handleLeaderChangedNotification(906)) - Leader change notification received for group: group-9AF61B126474 with new leaderId: 51593562-bf48-4e12-b0f7-435460a60e26
2021-04-29 10:57:28,729 [51593562-bf48-4e12-b0f7-435460a60e26@group-9AF61B126474-LeaderElection13] INFO  server.RaftServer$Division (ServerState.java:setLeader(271)) - 51593562-bf48-4e12-b0f7-435460a60e26@group-9AF61B126474: change Leader from null to 51593562-bf48-4e12-b0f7-435460a60e26 at term 1 for becomeLeader, leader elected after 5130ms
2021-04-29 10:57:28,729 [EventQueue-PipelineReportForOneReplicaPipelineSafeModeRule] INFO  safemode.SCMSafeModeManager (SCMSafeModeManager.java:validateSafeModeExitRules(201)) - AtleastOneDatanodeReportedRule rule is successfully validated
2021-04-29 10:57:28,730 [EventQueue-OpenPipelineForHealthyPipelineSafeModeRule] INFO  safemode.SCMSafeModeManager (HealthyPipelineSafeModeRule.java:process(130)) - SCM in safe mode. Healthy pipelines reported count is 0, required healthy pipeline reported count is 1
2021-04-29 10:57:28,730 [51593562-bf48-4e12-b0f7-435460a60e26@group-9AF61B126474-LeaderElection13] INFO  server.RaftServerConfigKeys (ConfUtils.java:logGet(44)) - raft.server.staging.catchup.gap = 1000 (default)
2021-04-29 10:57:28,730 [51593562-bf48-4e12-b0f7-435460a60e26@group-9AF61B126474-LeaderElection13] INFO  metrics.RatisMetrics (RatisMetrics.java:lambda$create$0(36)) - Creating Metrics Registry : ratis.log_appender.51593562-bf48-4e12-b0f7-435460a60e26@group-9AF61B126474
2021-04-29 10:57:28,730 [51593562-bf48-4e12-b0f7-435460a60e26@group-9AF61B126474-LeaderElection13] INFO  server.RaftServerConfigKeys (ConfUtils.java:logGet(44)) - raft.server.write.element-limit = 1024 (custom)
2021-04-29 10:57:28,730 [51593562-bf48-4e12-b0f7-435460a60e26@group-9AF61B126474-LeaderElection13] INFO  server.RaftServerConfigKeys (ConfUtils.java:logGet(44)) - raft.server.write.byte-limit = 1073741824 (custom)
2021-04-29 10:57:28,731 [51593562-bf48-4e12-b0f7-435460a60e26@group-9AF61B126474-LeaderElection13] INFO  server.RaftServerConfigKeys (ConfUtils.java:logGet(44)) - raft.server.watch.timeout = 3000ms (custom)
2021-04-29 10:57:28,731 [51593562-bf48-4e12-b0f7-435460a60e26@group-9AF61B126474-LeaderElection13] INFO  server.RaftServerConfigKeys (ConfUtils.java:logGet(44)) - raft.server.watch.timeout.denomination = 1s (default)
2021-04-29 10:57:28,731 [51593562-bf48-4e12-b0f7-435460a60e26@group-9AF61B126474-LeaderElection13] INFO  server.RaftServerConfigKeys (ConfUtils.java:logGet(44)) - raft.server.watch.element-limit = 65536 (default)
2021-04-29 10:57:28,731 [51593562-bf48-4e12-b0f7-435460a60e26@group-9AF61B126474-LeaderElection13] INFO  impl.RoleInfo (RoleInfo.java:updateAndGet(130)) - 51593562-bf48-4e12-b0f7-435460a60e26: start 51593562-bf48-4e12-b0f7-435460a60e26@group-9AF61B126474-LeaderStateImpl
2021-04-29 10:57:28,731 [51593562-bf48-4e12-b0f7-435460a60e26@group-9AF61B126474-LeaderElection13] INFO  segmented.SegmentedRaftLogWorker (SegmentedRaftLogWorker.java:startLogSegment(394)) - 51593562-bf48-4e12-b0f7-435460a60e26@group-9AF61B126474-SegmentedRaftLogWorker: Starting segment from index:0
2021-04-29 10:57:28,733 [51593562-bf48-4e12-b0f7-435460a60e26@group-9AF61B126474-SegmentedRaftLogWorker] INFO  segmented.SegmentedRaftLogWorker (SegmentedRaftLogWorker.java:execute(601)) - 51593562-bf48-4e12-b0f7-435460a60e26@group-9AF61B126474-SegmentedRaftLogWorker: created new log segment /github/workspace/mnt/ozone/hadoop-ozone/integration-test/target/test-dir/MiniOzoneClusterImpl-2726c7ec-cf5f-4d18-8e0d-a0ed93d2ecae/datanode-8/data/ratis/353dcd4d-7dd8-49ce-b20f-9af61b126474/current/log_inprogress_0
2021-04-29 10:57:28,734 [51593562-bf48-4e12-b0f7-435460a60e26@group-9AF61B126474-LeaderElection13] INFO  server.RaftServer$Division (ServerState.java:setRaftConf(373)) - 51593562-bf48-4e12-b0f7-435460a60e26@group-9AF61B126474: set configuration 0: [51593562-bf48-4e12-b0f7-435460a60e26|rpc:172.17.0.2:37879|dataStream:|priority:1], old=null
2021-04-29 10:57:28,972 [EventQueue-PipelineReportForOneReplicaPipelineSafeModeRule] INFO  safemode.SCMSafeModeManager (SCMSafeModeManager.java:validateSafeModeExitRules(201)) - AtleastOneDatanodeReportedRule rule is successfully validated
2021-04-29 10:57:28,972 [EventQueue-OpenPipelineForHealthyPipelineSafeModeRule] INFO  safemode.SCMSafeModeManager (HealthyPipelineSafeModeRule.java:process(130)) - SCM in safe mode. Healthy pipelines reported count is 0, required healthy pipeline reported count is 1
2021-04-29 10:57:28,997 [EventQueue-PipelineReportForOneReplicaPipelineSafeModeRule] INFO  safemode.SCMSafeModeManager (SCMSafeModeManager.java:validateSafeModeExitRules(201)) - AtleastOneDatanodeReportedRule rule is successfully validated
2021-04-29 10:57:28,998 [EventQueue-OpenPipelineForHealthyPipelineSafeModeRule] INFO  safemode.SCMSafeModeManager (HealthyPipelineSafeModeRule.java:process(130)) - SCM in safe mode. Healthy pipelines reported count is 0, required healthy pipeline reported count is 1
2021-04-29 10:57:29,006 [EventQueue-OpenPipelineForHealthyPipelineSafeModeRule] INFO  safemode.SCMSafeModeManager (HealthyPipelineSafeModeRule.java:process(130)) - SCM in safe mode. Healthy pipelines reported count is 0, required healthy pipeline reported count is 1
2021-04-29 10:57:29,006 [EventQueue-PipelineReportForOneReplicaPipelineSafeModeRule] INFO  safemode.SCMSafeModeManager (SCMSafeModeManager.java:validateSafeModeExitRules(201)) - AtleastOneDatanodeReportedRule rule is successfully validated
2021-04-29 10:57:29,318 [EventQueue-PipelineReportForOneReplicaPipelineSafeModeRule] INFO  safemode.SCMSafeModeManager (SCMSafeModeManager.java:validateSafeModeExitRules(201)) - AtleastOneDatanodeReportedRule rule is successfully validated
2021-04-29 10:57:29,318 [EventQueue-OpenPipelineForHealthyPipelineSafeModeRule] INFO  safemode.SCMSafeModeManager (HealthyPipelineSafeModeRule.java:process(130)) - SCM in safe mode. Healthy pipelines reported count is 0, required healthy pipeline reported count is 1
2021-04-29 10:57:29,331 [EventQueue-PipelineReportForOneReplicaPipelineSafeModeRule] INFO  safemode.SCMSafeModeManager (SCMSafeModeManager.java:validateSafeModeExitRules(201)) - AtleastOneDatanodeReportedRule rule is successfully validated
2021-04-29 10:57:29,331 [EventQueue-OpenPipelineForHealthyPipelineSafeModeRule] INFO  safemode.SCMSafeModeManager (HealthyPipelineSafeModeRule.java:process(130)) - SCM in safe mode. Healthy pipelines reported count is 0, required healthy pipeline reported count is 1
2021-04-29 10:57:29,462 [EventQueue-PipelineReportForOneReplicaPipelineSafeModeRule] INFO  safemode.SCMSafeModeManager (SCMSafeModeManager.java:validateSafeModeExitRules(201)) - AtleastOneDatanodeReportedRule rule is successfully validated
2021-04-29 10:57:29,463 [EventQueue-OpenPipelineForHealthyPipelineSafeModeRule] INFO  safemode.SCMSafeModeManager (HealthyPipelineSafeModeRule.java:process(130)) - SCM in safe mode. Healthy pipelines reported count is 0, required healthy pipeline reported count is 1
2021-04-29 10:57:29,599 [Listener at 127.0.0.1/42781] INFO  ozone.MiniOzoneClusterImpl (MiniOzoneClusterImpl.java:lambda$waitForClusterToBeReady$0(224)) - Nodes are ready. Got 9 of 9 DN Heartbeats.
2021-04-29 10:57:29,599 [Listener at 127.0.0.1/42781] INFO  ozone.MiniOzoneClusterImpl (MiniOzoneClusterImpl.java:lambda$waitForClusterToBeReady$0(227)) - Waiting for cluster to exit safe mode
2021-04-29 10:57:29,599 [Listener at 127.0.0.1/42781] INFO  ozone.MiniOzoneClusterImpl (MiniOzoneClusterImpl.java:lambda$waitForClusterToBeReady$0(230)) - SCM became leader
2021-04-29 10:57:29,639 [EventQueue-OpenPipelineForHealthyPipelineSafeModeRule] INFO  safemode.SCMSafeModeManager (HealthyPipelineSafeModeRule.java:process(130)) - SCM in safe mode. Healthy pipelines reported count is 0, required healthy pipeline reported count is 1
2021-04-29 10:57:29,639 [EventQueue-PipelineReportForOneReplicaPipelineSafeModeRule] INFO  safemode.SCMSafeModeManager (SCMSafeModeManager.java:validateSafeModeExitRules(201)) - AtleastOneDatanodeReportedRule rule is successfully validated
2021-04-29 10:57:29,673 [EventQueue-OpenPipelineForHealthyPipelineSafeModeRule] INFO  safemode.SCMSafeModeManager (HealthyPipelineSafeModeRule.java:process(130)) - SCM in safe mode. Healthy pipelines reported count is 0, required healthy pipeline reported count is 1
2021-04-29 10:57:29,673 [EventQueue-PipelineReportForOneReplicaPipelineSafeModeRule] INFO  safemode.SCMSafeModeManager (SCMSafeModeManager.java:validateSafeModeExitRules(201)) - AtleastOneDatanodeReportedRule rule is successfully validated
2021-04-29 10:57:29,730 [EventQueue-PipelineReportForOneReplicaPipelineSafeModeRule] INFO  safemode.SCMSafeModeManager (SCMSafeModeManager.java:validateSafeModeExitRules(201)) - AtleastOneDatanodeReportedRule rule is successfully validated
2021-04-29 10:57:29,730 [EventQueue-OpenPipelineForHealthyPipelineSafeModeRule] INFO  safemode.SCMSafeModeManager (HealthyPipelineSafeModeRule.java:process(130)) - SCM in safe mode. Healthy pipelines reported count is 0, required healthy pipeline reported count is 1
2021-04-29 10:57:29,972 [EventQueue-PipelineReportForOneReplicaPipelineSafeModeRule] INFO  safemode.SCMSafeModeManager (SCMSafeModeManager.java:validateSafeModeExitRules(201)) - AtleastOneDatanodeReportedRule rule is successfully validated
2021-04-29 10:57:29,972 [EventQueue-OpenPipelineForHealthyPipelineSafeModeRule] INFO  safemode.SCMSafeModeManager (HealthyPipelineSafeModeRule.java:process(130)) - SCM in safe mode. Healthy pipelines reported count is 0, required healthy pipeline reported count is 1
2021-04-29 10:57:29,997 [EventQueue-OpenPipelineForHealthyPipelineSafeModeRule] INFO  safemode.SCMSafeModeManager (HealthyPipelineSafeModeRule.java:process(130)) - SCM in safe mode. Healthy pipelines reported count is 0, required healthy pipeline reported count is 1
2021-04-29 10:57:29,997 [EventQueue-PipelineReportForOneReplicaPipelineSafeModeRule] INFO  safemode.SCMSafeModeManager (SCMSafeModeManager.java:validateSafeModeExitRules(201)) - AtleastOneDatanodeReportedRule rule is successfully validated
2021-04-29 10:57:30,006 [EventQueue-OpenPipelineForHealthyPipelineSafeModeRule] INFO  safemode.SCMSafeModeManager (HealthyPipelineSafeModeRule.java:process(130)) - SCM in safe mode. Healthy pipelines reported count is 0, required healthy pipeline reported count is 1
2021-04-29 10:57:30,006 [EventQueue-PipelineReportForOneReplicaPipelineSafeModeRule] INFO  safemode.SCMSafeModeManager (SCMSafeModeManager.java:validateSafeModeExitRules(201)) - AtleastOneDatanodeReportedRule rule is successfully validated
2021-04-29 10:57:30,317 [EventQueue-PipelineReportForOneReplicaPipelineSafeModeRule] INFO  safemode.SCMSafeModeManager (SCMSafeModeManager.java:validateSafeModeExitRules(201)) - AtleastOneDatanodeReportedRule rule is successfully validated
2021-04-29 10:57:30,318 [EventQueue-OpenPipelineForHealthyPipelineSafeModeRule] INFO  safemode.SCMSafeModeManager (HealthyPipelineSafeModeRule.java:process(130)) - SCM in safe mode. Healthy pipelines reported count is 0, required healthy pipeline reported count is 1
2021-04-29 10:57:30,330 [EventQueue-OpenPipelineForHealthyPipelineSafeModeRule] INFO  safemode.SCMSafeModeManager (HealthyPipelineSafeModeRule.java:process(130)) - SCM in safe mode. Healthy pipelines reported count is 0, required healthy pipeline reported count is 1
2021-04-29 10:57:30,331 [EventQueue-PipelineReportForOneReplicaPipelineSafeModeRule] INFO  safemode.SCMSafeModeManager (SCMSafeModeManager.java:validateSafeModeExitRules(201)) - AtleastOneDatanodeReportedRule rule is successfully validated
2021-04-29 10:57:30,462 [EventQueue-OpenPipelineForHealthyPipelineSafeModeRule] INFO  safemode.SCMSafeModeManager (HealthyPipelineSafeModeRule.java:process(130)) - SCM in safe mode. Healthy pipelines reported count is 0, required healthy pipeline reported count is 1
2021-04-29 10:57:30,462 [EventQueue-PipelineReportForOneReplicaPipelineSafeModeRule] INFO  safemode.SCMSafeModeManager (SCMSafeModeManager.java:validateSafeModeExitRules(201)) - AtleastOneDatanodeReportedRule rule is successfully validated
2021-04-29 10:57:30,605 [Listener at 127.0.0.1/42781] INFO  ozone.MiniOzoneClusterImpl (MiniOzoneClusterImpl.java:lambda$waitForClusterToBeReady$0(224)) - Nodes are ready. Got 9 of 9 DN Heartbeats.
2021-04-29 10:57:30,605 [Listener at 127.0.0.1/42781] INFO  ozone.MiniOzoneClusterImpl (MiniOzoneClusterImpl.java:lambda$waitForClusterToBeReady$0(227)) - Waiting for cluster to exit safe mode
2021-04-29 10:57:30,605 [Listener at 127.0.0.1/42781] INFO  ozone.MiniOzoneClusterImpl (MiniOzoneClusterImpl.java:lambda$waitForClusterToBeReady$0(230)) - SCM became leader
2021-04-29 10:57:30,642 [EventQueue-OpenPipelineForHealthyPipelineSafeModeRule] INFO  safemode.SCMSafeModeManager (HealthyPipelineSafeModeRule.java:process(130)) - SCM in safe mode. Healthy pipelines reported count is 0, required healthy pipeline reported count is 1
2021-04-29 10:57:30,642 [EventQueue-PipelineReportForOneReplicaPipelineSafeModeRule] INFO  safemode.SCMSafeModeManager (SCMSafeModeManager.java:validateSafeModeExitRules(201)) - AtleastOneDatanodeReportedRule rule is successfully validated
2021-04-29 10:57:30,678 [EventQueue-OpenPipelineForHealthyPipelineSafeModeRule] INFO  safemode.SCMSafeModeManager (HealthyPipelineSafeModeRule.java:process(130)) - SCM in safe mode. Healthy pipelines reported count is 0, required healthy pipeline reported count is 1
2021-04-29 10:57:30,679 [EventQueue-PipelineReportForOneReplicaPipelineSafeModeRule] INFO  safemode.SCMSafeModeManager (SCMSafeModeManager.java:validateSafeModeExitRules(201)) - AtleastOneDatanodeReportedRule rule is successfully validated
2021-04-29 10:57:30,730 [EventQueue-OpenPipelineForHealthyPipelineSafeModeRule] INFO  safemode.SCMSafeModeManager (HealthyPipelineSafeModeRule.java:process(130)) - SCM in safe mode. Healthy pipelines reported count is 0, required healthy pipeline reported count is 1
2021-04-29 10:57:30,730 [EventQueue-PipelineReportForOneReplicaPipelineSafeModeRule] INFO  safemode.SCMSafeModeManager (SCMSafeModeManager.java:validateSafeModeExitRules(201)) - AtleastOneDatanodeReportedRule rule is successfully validated
2021-04-29 10:57:30,972 [EventQueue-PipelineReportForOneReplicaPipelineSafeModeRule] INFO  safemode.SCMSafeModeManager (SCMSafeModeManager.java:validateSafeModeExitRules(201)) - AtleastOneDatanodeReportedRule rule is successfully validated
2021-04-29 10:57:30,972 [EventQueue-OpenPipelineForHealthyPipelineSafeModeRule] INFO  safemode.SCMSafeModeManager (HealthyPipelineSafeModeRule.java:process(130)) - SCM in safe mode. Healthy pipelines reported count is 0, required healthy pipeline reported count is 1
2021-04-29 10:57:30,998 [EventQueue-PipelineReportForOneReplicaPipelineSafeModeRule] INFO  safemode.SCMSafeModeManager (SCMSafeModeManager.java:validateSafeModeExitRules(201)) - AtleastOneDatanodeReportedRule rule is successfully validated
2021-04-29 10:57:30,998 [EventQueue-OpenPipelineForHealthyPipelineSafeModeRule] INFO  safemode.SCMSafeModeManager (HealthyPipelineSafeModeRule.java:process(130)) - SCM in safe mode. Healthy pipelines reported count is 0, required healthy pipeline reported count is 1
2021-04-29 10:57:31,007 [EventQueue-OpenPipelineForHealthyPipelineSafeModeRule] INFO  safemode.SCMSafeModeManager (HealthyPipelineSafeModeRule.java:process(130)) - SCM in safe mode. Healthy pipelines reported count is 0, required healthy pipeline reported count is 1
2021-04-29 10:57:31,007 [EventQueue-PipelineReportForOneReplicaPipelineSafeModeRule] INFO  safemode.SCMSafeModeManager (SCMSafeModeManager.java:validateSafeModeExitRules(201)) - AtleastOneDatanodeReportedRule rule is successfully validated
2021-04-29 10:57:31,317 [EventQueue-PipelineReportForOneReplicaPipelineSafeModeRule] INFO  safemode.SCMSafeModeManager (SCMSafeModeManager.java:validateSafeModeExitRules(201)) - AtleastOneDatanodeReportedRule rule is successfully validated
2021-04-29 10:57:31,318 [EventQueue-OpenPipelineForHealthyPipelineSafeModeRule] INFO  safemode.SCMSafeModeManager (HealthyPipelineSafeModeRule.java:process(130)) - SCM in safe mode. Healthy pipelines reported count is 0, required healthy pipeline reported count is 1
2021-04-29 10:57:31,330 [EventQueue-OpenPipelineForHealthyPipelineSafeModeRule] INFO  safemode.SCMSafeModeManager (HealthyPipelineSafeModeRule.java:process(130)) - SCM in safe mode. Healthy pipelines reported count is 0, required healthy pipeline reported count is 1
2021-04-29 10:57:31,331 [EventQueue-PipelineReportForOneReplicaPipelineSafeModeRule] INFO  safemode.SCMSafeModeManager (SCMSafeModeManager.java:validateSafeModeExitRules(201)) - AtleastOneDatanodeReportedRule rule is successfully validated
2021-04-29 10:57:31,462 [EventQueue-PipelineReportForOneReplicaPipelineSafeModeRule] INFO  safemode.SCMSafeModeManager (SCMSafeModeManager.java:validateSafeModeExitRules(201)) - AtleastOneDatanodeReportedRule rule is successfully validated
2021-04-29 10:57:31,463 [EventQueue-OpenPipelineForHealthyPipelineSafeModeRule] INFO  safemode.SCMSafeModeManager (HealthyPipelineSafeModeRule.java:process(130)) - SCM in safe mode. Healthy pipelines reported count is 0, required healthy pipeline reported count is 1
2021-04-29 10:57:31,561 [18d1b3e1-cb4e-4e34-82f6-cc3a7f954247@group-AAC7C0471365-FollowerState] INFO  impl.FollowerState (FollowerState.java:run(134)) - 18d1b3e1-cb4e-4e34-82f6-cc3a7f954247@group-AAC7C0471365-FollowerState: change to CANDIDATE, lastRpcElapsedTime:5075440072ns, electionTimeout:5070ms
2021-04-29 10:57:31,561 [18d1b3e1-cb4e-4e34-82f6-cc3a7f954247@group-AAC7C0471365-FollowerState] INFO  impl.RoleInfo (RoleInfo.java:shutdownFollowerState(108)) - 18d1b3e1-cb4e-4e34-82f6-cc3a7f954247: shutdown 18d1b3e1-cb4e-4e34-82f6-cc3a7f954247@group-AAC7C0471365-FollowerState
2021-04-29 10:57:31,561 [18d1b3e1-cb4e-4e34-82f6-cc3a7f954247@group-AAC7C0471365-FollowerState] INFO  server.RaftServer$Division (RaftServerImpl.java:setRole(284)) - 18d1b3e1-cb4e-4e34-82f6-cc3a7f954247@group-AAC7C0471365: changes role from  FOLLOWER to CANDIDATE at term 1 for changeToCandidate
2021-04-29 10:57:31,561 [18d1b3e1-cb4e-4e34-82f6-cc3a7f954247@group-AAC7C0471365-FollowerState] INFO  server.RaftServerConfigKeys (ConfUtils.java:logGet(44)) - raft.server.leaderelection.pre-vote = false (custom)
2021-04-29 10:57:31,562 [18d1b3e1-cb4e-4e34-82f6-cc3a7f954247@group-AAC7C0471365-FollowerState] INFO  impl.RoleInfo (RoleInfo.java:updateAndGet(130)) - 18d1b3e1-cb4e-4e34-82f6-cc3a7f954247: start 18d1b3e1-cb4e-4e34-82f6-cc3a7f954247@group-AAC7C0471365-LeaderElection14
2021-04-29 10:57:31,567 [18d1b3e1-cb4e-4e34-82f6-cc3a7f954247@group-AAC7C0471365-LeaderElection14] INFO  impl.LeaderElection (LeaderElection.java:askForVotes(306)) - 18d1b3e1-cb4e-4e34-82f6-cc3a7f954247@group-AAC7C0471365-LeaderElection14 ELECTION round 0: submit vote requests at term 2 for -1: [370ef436-e033-42aa-a9de-e846a346aa8c|rpc:172.17.0.2:41417|priority:1, e351f40b-7d1e-4f0b-9ad9-d74fe5b38461|rpc:172.17.0.2:46021|priority:0, 18d1b3e1-cb4e-4e34-82f6-cc3a7f954247|rpc:172.17.0.2:46575|priority:0], old=null
2021-04-29 10:57:31,571 [grpc-default-executor-1] INFO  server.RaftServer$Division (RaftServerImpl.java:requestVote(1042)) - 370ef436-e033-42aa-a9de-e846a346aa8c@group-AAC7C0471365: receive requestVote(ELECTION, 18d1b3e1-cb4e-4e34-82f6-cc3a7f954247, group-AAC7C0471365, 2, (t:0, i:0))
2021-04-29 10:57:31,571 [grpc-default-executor-1] INFO  impl.VoteContext (VoteContext.java:log(48)) - 370ef436-e033-42aa-a9de-e846a346aa8c@group-AAC7C0471365-FOLLOWER: reject ELECTION from 18d1b3e1-cb4e-4e34-82f6-cc3a7f954247: our priority 1 > candidate's priority 0
2021-04-29 10:57:31,572 [grpc-default-executor-1] INFO  server.RaftServer$Division (RaftServerImpl.java:setRole(284)) - 370ef436-e033-42aa-a9de-e846a346aa8c@group-AAC7C0471365: changes role from  FOLLOWER to FOLLOWER at term 2 for candidate:18d1b3e1-cb4e-4e34-82f6-cc3a7f954247
2021-04-29 10:57:31,572 [grpc-default-executor-1] INFO  impl.RoleInfo (RoleInfo.java:shutdownFollowerState(108)) - 370ef436-e033-42aa-a9de-e846a346aa8c: shutdown 370ef436-e033-42aa-a9de-e846a346aa8c@group-AAC7C0471365-FollowerState
2021-04-29 10:57:31,572 [grpc-default-executor-1] INFO  impl.RoleInfo (RoleInfo.java:updateAndGet(130)) - 370ef436-e033-42aa-a9de-e846a346aa8c: start 370ef436-e033-42aa-a9de-e846a346aa8c@group-AAC7C0471365-FollowerState
2021-04-29 10:57:31,573 [370ef436-e033-42aa-a9de-e846a346aa8c@group-AAC7C0471365-FollowerState] INFO  impl.FollowerState (FollowerState.java:run(143)) - 370ef436-e033-42aa-a9de-e846a346aa8c@group-AAC7C0471365-FollowerState was interrupted: {}
java.lang.InterruptedException: sleep interrupted
	at java.lang.Thread.sleep(Native Method)
	at java.lang.Thread.sleep(Thread.java:340)
	at java.util.concurrent.TimeUnit.sleep(TimeUnit.java:386)
	at org.apache.ratis.util.TimeDuration.sleep(TimeDuration.java:324)
	at org.apache.ratis.util.TimeDuration.sleep(TimeDuration.java:309)
	at org.apache.ratis.server.impl.FollowerState.run(FollowerState.java:118)
2021-04-29 10:57:31,576 [grpc-default-executor-0] INFO  server.RaftServer$Division (RaftServerImpl.java:requestVote(1042)) - e351f40b-7d1e-4f0b-9ad9-d74fe5b38461@group-AAC7C0471365: receive requestVote(ELECTION, 18d1b3e1-cb4e-4e34-82f6-cc3a7f954247, group-AAC7C0471365, 2, (t:0, i:0))
2021-04-29 10:57:31,576 [grpc-default-executor-0] INFO  impl.VoteContext (VoteContext.java:log(48)) - e351f40b-7d1e-4f0b-9ad9-d74fe5b38461@group-AAC7C0471365-FOLLOWER: accept ELECTION from 18d1b3e1-cb4e-4e34-82f6-cc3a7f954247: our priority 0 <= candidate's priority 0
2021-04-29 10:57:31,576 [grpc-default-executor-0] INFO  server.RaftServer$Division (RaftServerImpl.java:setRole(284)) - e351f40b-7d1e-4f0b-9ad9-d74fe5b38461@group-AAC7C0471365: changes role from  FOLLOWER to FOLLOWER at term 2 for candidate:18d1b3e1-cb4e-4e34-82f6-cc3a7f954247
2021-04-29 10:57:31,576 [grpc-default-executor-0] INFO  impl.RoleInfo (RoleInfo.java:shutdownFollowerState(108)) - e351f40b-7d1e-4f0b-9ad9-d74fe5b38461: shutdown e351f40b-7d1e-4f0b-9ad9-d74fe5b38461@group-AAC7C0471365-FollowerState
2021-04-29 10:57:31,577 [grpc-default-executor-0] INFO  impl.RoleInfo (RoleInfo.java:updateAndGet(130)) - e351f40b-7d1e-4f0b-9ad9-d74fe5b38461: start e351f40b-7d1e-4f0b-9ad9-d74fe5b38461@group-AAC7C0471365-FollowerState
2021-04-29 10:57:31,577 [e351f40b-7d1e-4f0b-9ad9-d74fe5b38461@group-AAC7C0471365-FollowerState] INFO  impl.FollowerState (FollowerState.java:run(143)) - e351f40b-7d1e-4f0b-9ad9-d74fe5b38461@group-AAC7C0471365-FollowerState was interrupted: {}
java.lang.InterruptedException: sleep interrupted
	at java.lang.Thread.sleep(Native Method)
	at java.lang.Thread.sleep(Thread.java:340)
	at java.util.concurrent.TimeUnit.sleep(TimeUnit.java:386)
	at org.apache.ratis.util.TimeDuration.sleep(TimeDuration.java:324)
	at org.apache.ratis.util.TimeDuration.sleep(TimeDuration.java:309)
	at org.apache.ratis.server.impl.FollowerState.run(FollowerState.java:118)
2021-04-29 10:57:31,576 [grpc-default-executor-1] INFO  server.RaftServer$Division (RaftServerImpl.java:requestVote(1074)) - 370ef436-e033-42aa-a9de-e846a346aa8c@group-AAC7C0471365 replies to ELECTION vote request: 18d1b3e1-cb4e-4e34-82f6-cc3a7f954247<-370ef436-e033-42aa-a9de-e846a346aa8c#0:FAIL-t2. Peer's state: 370ef436-e033-42aa-a9de-e846a346aa8c@group-AAC7C0471365:t2, leader=null, voted=null, raftlog=370ef436-e033-42aa-a9de-e846a346aa8c@group-AAC7C0471365-SegmentedRaftLog:OPENED:c-1,f-1,i0, conf=-1: [370ef436-e033-42aa-a9de-e846a346aa8c|rpc:172.17.0.2:41417|priority:1, e351f40b-7d1e-4f0b-9ad9-d74fe5b38461|rpc:172.17.0.2:46021|priority:0, 18d1b3e1-cb4e-4e34-82f6-cc3a7f954247|rpc:172.17.0.2:46575|priority:0], old=null
2021-04-29 10:57:31,581 [18d1b3e1-cb4e-4e34-82f6-cc3a7f954247@group-AAC7C0471365-LeaderElection14] INFO  impl.LeaderElection (LeaderElection.java:logAndReturn(89)) - 18d1b3e1-cb4e-4e34-82f6-cc3a7f954247@group-AAC7C0471365-LeaderElection14: ELECTION REJECTED received 1 response(s) and 0 exception(s):
2021-04-29 10:57:31,581 [18d1b3e1-cb4e-4e34-82f6-cc3a7f954247@group-AAC7C0471365-LeaderElection14] INFO  impl.LeaderElection (LeaderElection.java:logAndReturn(93)) -   Response 0: 18d1b3e1-cb4e-4e34-82f6-cc3a7f954247<-370ef436-e033-42aa-a9de-e846a346aa8c#0:FAIL-t2
2021-04-29 10:57:31,581 [18d1b3e1-cb4e-4e34-82f6-cc3a7f954247@group-AAC7C0471365-LeaderElection14] INFO  impl.LeaderElection (LeaderElection.java:askForVotes(308)) - 18d1b3e1-cb4e-4e34-82f6-cc3a7f954247@group-AAC7C0471365-LeaderElection14 ELECTION round 0: result REJECTED
2021-04-29 10:57:31,581 [18d1b3e1-cb4e-4e34-82f6-cc3a7f954247@group-AAC7C0471365-LeaderElection14] INFO  server.RaftServer$Division (RaftServerImpl.java:setRole(284)) - 18d1b3e1-cb4e-4e34-82f6-cc3a7f954247@group-AAC7C0471365: changes role from CANDIDATE to FOLLOWER at term 2 for REJECTED
2021-04-29 10:57:31,581 [18d1b3e1-cb4e-4e34-82f6-cc3a7f954247@group-AAC7C0471365-LeaderElection14] INFO  impl.RoleInfo (RoleInfo.java:shutdownLeaderElection(121)) - 18d1b3e1-cb4e-4e34-82f6-cc3a7f954247: shutdown 18d1b3e1-cb4e-4e34-82f6-cc3a7f954247@group-AAC7C0471365-LeaderElection14
2021-04-29 10:57:31,581 [18d1b3e1-cb4e-4e34-82f6-cc3a7f954247@group-AAC7C0471365-LeaderElection14] INFO  impl.RoleInfo (RoleInfo.java:updateAndGet(130)) - 18d1b3e1-cb4e-4e34-82f6-cc3a7f954247: start 18d1b3e1-cb4e-4e34-82f6-cc3a7f954247@group-AAC7C0471365-FollowerState
2021-04-29 10:57:31,582 [grpc-default-executor-0] INFO  server.RaftServer$Division (RaftServerImpl.java:requestVote(1074)) - e351f40b-7d1e-4f0b-9ad9-d74fe5b38461@group-AAC7C0471365 replies to ELECTION vote request: 18d1b3e1-cb4e-4e34-82f6-cc3a7f954247<-e351f40b-7d1e-4f0b-9ad9-d74fe5b38461#0:OK-t2. Peer's state: e351f40b-7d1e-4f0b-9ad9-d74fe5b38461@group-AAC7C0471365:t2, leader=null, voted=18d1b3e1-cb4e-4e34-82f6-cc3a7f954247, raftlog=e351f40b-7d1e-4f0b-9ad9-d74fe5b38461@group-AAC7C0471365-SegmentedRaftLog:OPENED:c-1,f-1,i0, conf=-1: [370ef436-e033-42aa-a9de-e846a346aa8c|rpc:172.17.0.2:41417|dataStream:|priority:1, e351f40b-7d1e-4f0b-9ad9-d74fe5b38461|rpc:172.17.0.2:46021|dataStream:|priority:0, 18d1b3e1-cb4e-4e34-82f6-cc3a7f954247|rpc:172.17.0.2:46575|dataStream:|priority:0], old=null
2021-04-29 10:57:31,606 [Listener at 127.0.0.1/42781] INFO  ozone.MiniOzoneClusterImpl (MiniOzoneClusterImpl.java:lambda$waitForClusterToBeReady$0(224)) - Nodes are ready. Got 9 of 9 DN Heartbeats.
2021-04-29 10:57:31,606 [Listener at 127.0.0.1/42781] INFO  ozone.MiniOzoneClusterImpl (MiniOzoneClusterImpl.java:lambda$waitForClusterToBeReady$0(227)) - Waiting for cluster to exit safe mode
2021-04-29 10:57:31,606 [Listener at 127.0.0.1/42781] INFO  ozone.MiniOzoneClusterImpl (MiniOzoneClusterImpl.java:lambda$waitForClusterToBeReady$0(230)) - SCM became leader
2021-04-29 10:57:31,640 [EventQueue-PipelineReportForOneReplicaPipelineSafeModeRule] INFO  safemode.SCMSafeModeManager (SCMSafeModeManager.java:validateSafeModeExitRules(201)) - AtleastOneDatanodeReportedRule rule is successfully validated
2021-04-29 10:57:31,641 [EventQueue-OpenPipelineForHealthyPipelineSafeModeRule] INFO  safemode.SCMSafeModeManager (HealthyPipelineSafeModeRule.java:process(130)) - SCM in safe mode. Healthy pipelines reported count is 0, required healthy pipeline reported count is 1
2021-04-29 10:57:31,673 [EventQueue-PipelineReportForOneReplicaPipelineSafeModeRule] INFO  safemode.SCMSafeModeManager (SCMSafeModeManager.java:validateSafeModeExitRules(201)) - AtleastOneDatanodeReportedRule rule is successfully validated
2021-04-29 10:57:31,674 [EventQueue-OpenPipelineForHealthyPipelineSafeModeRule] INFO  safemode.SCMSafeModeManager (HealthyPipelineSafeModeRule.java:process(130)) - SCM in safe mode. Healthy pipelines reported count is 0, required healthy pipeline reported count is 1
2021-04-29 10:57:31,730 [EventQueue-PipelineReportForOneReplicaPipelineSafeModeRule] INFO  safemode.SCMSafeModeManager (SCMSafeModeManager.java:validateSafeModeExitRules(201)) - AtleastOneDatanodeReportedRule rule is successfully validated
2021-04-29 10:57:31,730 [EventQueue-OpenPipelineForHealthyPipelineSafeModeRule] INFO  safemode.SCMSafeModeManager (HealthyPipelineSafeModeRule.java:process(130)) - SCM in safe mode. Healthy pipelines reported count is 0, required healthy pipeline reported count is 1
2021-04-29 10:57:31,974 [EventQueue-PipelineReportForOneReplicaPipelineSafeModeRule] INFO  safemode.SCMSafeModeManager (SCMSafeModeManager.java:validateSafeModeExitRules(201)) - AtleastOneDatanodeReportedRule rule is successfully validated
2021-04-29 10:57:31,974 [EventQueue-OpenPipelineForHealthyPipelineSafeModeRule] INFO  safemode.SCMSafeModeManager (HealthyPipelineSafeModeRule.java:process(130)) - SCM in safe mode. Healthy pipelines reported count is 0, required healthy pipeline reported count is 1
2021-04-29 10:57:31,998 [EventQueue-OpenPipelineForHealthyPipelineSafeModeRule] INFO  safemode.SCMSafeModeManager (HealthyPipelineSafeModeRule.java:process(130)) - SCM in safe mode. Healthy pipelines reported count is 0, required healthy pipeline reported count is 1
2021-04-29 10:57:31,998 [EventQueue-PipelineReportForOneReplicaPipelineSafeModeRule] INFO  safemode.SCMSafeModeManager (SCMSafeModeManager.java:validateSafeModeExitRules(201)) - AtleastOneDatanodeReportedRule rule is successfully validated
2021-04-29 10:57:32,007 [EventQueue-OpenPipelineForHealthyPipelineSafeModeRule] INFO  safemode.SCMSafeModeManager (HealthyPipelineSafeModeRule.java:process(130)) - SCM in safe mode. Healthy pipelines reported count is 0, required healthy pipeline reported count is 1
2021-04-29 10:57:32,007 [EventQueue-PipelineReportForOneReplicaPipelineSafeModeRule] INFO  safemode.SCMSafeModeManager (SCMSafeModeManager.java:validateSafeModeExitRules(201)) - AtleastOneDatanodeReportedRule rule is successfully validated
2021-04-29 10:57:32,318 [EventQueue-OpenPipelineForHealthyPipelineSafeModeRule] INFO  safemode.SCMSafeModeManager (HealthyPipelineSafeModeRule.java:process(130)) - SCM in safe mode. Healthy pipelines reported count is 0, required healthy pipeline reported count is 1
2021-04-29 10:57:32,318 [EventQueue-PipelineReportForOneReplicaPipelineSafeModeRule] INFO  safemode.SCMSafeModeManager (SCMSafeModeManager.java:validateSafeModeExitRules(201)) - AtleastOneDatanodeReportedRule rule is successfully validated
2021-04-29 10:57:32,331 [EventQueue-PipelineReportForOneReplicaPipelineSafeModeRule] INFO  safemode.SCMSafeModeManager (SCMSafeModeManager.java:validateSafeModeExitRules(201)) - AtleastOneDatanodeReportedRule rule is successfully validated
2021-04-29 10:57:32,331 [EventQueue-OpenPipelineForHealthyPipelineSafeModeRule] INFO  safemode.SCMSafeModeManager (HealthyPipelineSafeModeRule.java:process(130)) - SCM in safe mode. Healthy pipelines reported count is 0, required healthy pipeline reported count is 1
2021-04-29 10:57:32,351 [aef91e02-660b-41a2-9835-9ea111f967cb@group-A5EBDE40635D-FollowerState] INFO  impl.FollowerState (FollowerState.java:run(134)) - aef91e02-660b-41a2-9835-9ea111f967cb@group-A5EBDE40635D-FollowerState: change to CANDIDATE, lastRpcElapsedTime:5069546391ns, electionTimeout:5056ms
2021-04-29 10:57:32,351 [aef91e02-660b-41a2-9835-9ea111f967cb@group-A5EBDE40635D-FollowerState] INFO  impl.RoleInfo (RoleInfo.java:shutdownFollowerState(108)) - aef91e02-660b-41a2-9835-9ea111f967cb: shutdown aef91e02-660b-41a2-9835-9ea111f967cb@group-A5EBDE40635D-FollowerState
2021-04-29 10:57:32,351 [aef91e02-660b-41a2-9835-9ea111f967cb@group-A5EBDE40635D-FollowerState] INFO  server.RaftServer$Division (RaftServerImpl.java:setRole(284)) - aef91e02-660b-41a2-9835-9ea111f967cb@group-A5EBDE40635D: changes role from  FOLLOWER to CANDIDATE at term 1 for changeToCandidate
2021-04-29 10:57:32,351 [aef91e02-660b-41a2-9835-9ea111f967cb@group-A5EBDE40635D-FollowerState] INFO  server.RaftServerConfigKeys (ConfUtils.java:logGet(44)) - raft.server.leaderelection.pre-vote = false (custom)
2021-04-29 10:57:32,352 [aef91e02-660b-41a2-9835-9ea111f967cb@group-A5EBDE40635D-FollowerState] INFO  impl.RoleInfo (RoleInfo.java:updateAndGet(130)) - aef91e02-660b-41a2-9835-9ea111f967cb: start aef91e02-660b-41a2-9835-9ea111f967cb@group-A5EBDE40635D-LeaderElection15
2021-04-29 10:57:32,353 [aef91e02-660b-41a2-9835-9ea111f967cb@group-A5EBDE40635D-LeaderElection15] INFO  impl.LeaderElection (LeaderElection.java:askForVotes(306)) - aef91e02-660b-41a2-9835-9ea111f967cb@group-A5EBDE40635D-LeaderElection15 ELECTION round 0: submit vote requests at term 2 for -1: [2394195c-5b30-4756-b242-a473be14be87|rpc:172.17.0.2:32961|dataStream:|priority:0, aef91e02-660b-41a2-9835-9ea111f967cb|rpc:172.17.0.2:37695|dataStream:|priority:1, b6ea065c-5c0f-4b9b-a36c-1baff64c27e7|rpc:172.17.0.2:42915|dataStream:|priority:0], old=null
2021-04-29 10:57:32,361 [grpc-default-executor-1] INFO  metrics.RatisMetrics (RatisMetrics.java:lambda$create$0(36)) - Creating Metrics Registry : ratis.server_message_metrics.b6ea065c-5c0f-4b9b-a36c-1baff64c27e7
2021-04-29 10:57:32,367 [grpc-default-executor-1] INFO  server.RaftServer$Division (RaftServerImpl.java:requestVote(1042)) - b6ea065c-5c0f-4b9b-a36c-1baff64c27e7@group-A5EBDE40635D: receive requestVote(ELECTION, aef91e02-660b-41a2-9835-9ea111f967cb, group-A5EBDE40635D, 2, (t:0, i:0))
2021-04-29 10:57:32,367 [grpc-default-executor-1] INFO  impl.VoteContext (VoteContext.java:log(48)) - b6ea065c-5c0f-4b9b-a36c-1baff64c27e7@group-A5EBDE40635D-FOLLOWER: accept ELECTION from aef91e02-660b-41a2-9835-9ea111f967cb: our priority 0 <= candidate's priority 1
2021-04-29 10:57:32,367 [grpc-default-executor-1] INFO  server.RaftServer$Division (RaftServerImpl.java:setRole(284)) - b6ea065c-5c0f-4b9b-a36c-1baff64c27e7@group-A5EBDE40635D: changes role from  FOLLOWER to FOLLOWER at term 2 for candidate:aef91e02-660b-41a2-9835-9ea111f967cb
2021-04-29 10:57:32,367 [grpc-default-executor-1] INFO  impl.RoleInfo (RoleInfo.java:shutdownFollowerState(108)) - b6ea065c-5c0f-4b9b-a36c-1baff64c27e7: shutdown b6ea065c-5c0f-4b9b-a36c-1baff64c27e7@group-A5EBDE40635D-FollowerState
2021-04-29 10:57:32,367 [grpc-default-executor-1] INFO  impl.RoleInfo (RoleInfo.java:updateAndGet(130)) - b6ea065c-5c0f-4b9b-a36c-1baff64c27e7: start b6ea065c-5c0f-4b9b-a36c-1baff64c27e7@group-A5EBDE40635D-FollowerState
2021-04-29 10:57:32,367 [b6ea065c-5c0f-4b9b-a36c-1baff64c27e7@group-A5EBDE40635D-FollowerState] INFO  impl.FollowerState (FollowerState.java:run(143)) - b6ea065c-5c0f-4b9b-a36c-1baff64c27e7@group-A5EBDE40635D-FollowerState was interrupted: {}
java.lang.InterruptedException: sleep interrupted
	at java.lang.Thread.sleep(Native Method)
	at java.lang.Thread.sleep(Thread.java:340)
	at java.util.concurrent.TimeUnit.sleep(TimeUnit.java:386)
	at org.apache.ratis.util.TimeDuration.sleep(TimeDuration.java:324)
	at org.apache.ratis.util.TimeDuration.sleep(TimeDuration.java:309)
	at org.apache.ratis.server.impl.FollowerState.run(FollowerState.java:118)
2021-04-29 10:57:32,374 [grpc-default-executor-1] INFO  server.RaftServer$Division (RaftServerImpl.java:requestVote(1074)) - b6ea065c-5c0f-4b9b-a36c-1baff64c27e7@group-A5EBDE40635D replies to ELECTION vote request: aef91e02-660b-41a2-9835-9ea111f967cb<-b6ea065c-5c0f-4b9b-a36c-1baff64c27e7#0:OK-t2. Peer's state: b6ea065c-5c0f-4b9b-a36c-1baff64c27e7@group-A5EBDE40635D:t2, leader=null, voted=aef91e02-660b-41a2-9835-9ea111f967cb, raftlog=b6ea065c-5c0f-4b9b-a36c-1baff64c27e7@group-A5EBDE40635D-SegmentedRaftLog:OPENED:c-1,f-1,i0, conf=-1: [2394195c-5b30-4756-b242-a473be14be87|rpc:172.17.0.2:32961|priority:0, aef91e02-660b-41a2-9835-9ea111f967cb|rpc:172.17.0.2:37695|priority:1, b6ea065c-5c0f-4b9b-a36c-1baff64c27e7|rpc:172.17.0.2:42915|priority:0], old=null
2021-04-29 10:57:32,374 [grpc-default-executor-0] INFO  server.RaftServer$Division (RaftServerImpl.java:requestVote(1042)) - 2394195c-5b30-4756-b242-a473be14be87@group-A5EBDE40635D: receive requestVote(ELECTION, aef91e02-660b-41a2-9835-9ea111f967cb, group-A5EBDE40635D, 2, (t:0, i:0))
2021-04-29 10:57:32,374 [grpc-default-executor-0] INFO  impl.VoteContext (VoteContext.java:log(48)) - 2394195c-5b30-4756-b242-a473be14be87@group-A5EBDE40635D-FOLLOWER: accept ELECTION from aef91e02-660b-41a2-9835-9ea111f967cb: our priority 0 <= candidate's priority 1
2021-04-29 10:57:32,375 [grpc-default-executor-0] INFO  server.RaftServer$Division (RaftServerImpl.java:setRole(284)) - 2394195c-5b30-4756-b242-a473be14be87@group-A5EBDE40635D: changes role from  FOLLOWER to FOLLOWER at term 2 for candidate:aef91e02-660b-41a2-9835-9ea111f967cb
2021-04-29 10:57:32,375 [grpc-default-executor-0] INFO  impl.RoleInfo (RoleInfo.java:shutdownFollowerState(108)) - 2394195c-5b30-4756-b242-a473be14be87: shutdown 2394195c-5b30-4756-b242-a473be14be87@group-A5EBDE40635D-FollowerState
2021-04-29 10:57:32,375 [grpc-default-executor-0] INFO  impl.RoleInfo (RoleInfo.java:updateAndGet(130)) - 2394195c-5b30-4756-b242-a473be14be87: start 2394195c-5b30-4756-b242-a473be14be87@group-A5EBDE40635D-FollowerState
2021-04-29 10:57:32,375 [2394195c-5b30-4756-b242-a473be14be87@group-A5EBDE40635D-FollowerState] INFO  impl.FollowerState (FollowerState.java:run(143)) - 2394195c-5b30-4756-b242-a473be14be87@group-A5EBDE40635D-FollowerState was interrupted: {}
java.lang.InterruptedException: sleep interrupted
	at java.lang.Thread.sleep(Native Method)
	at java.lang.Thread.sleep(Thread.java:340)
	at java.util.concurrent.TimeUnit.sleep(TimeUnit.java:386)
	at org.apache.ratis.util.TimeDuration.sleep(TimeDuration.java:324)
	at org.apache.ratis.util.TimeDuration.sleep(TimeDuration.java:309)
	at org.apache.ratis.server.impl.FollowerState.run(FollowerState.java:118)
2021-04-29 10:57:32,382 [grpc-default-executor-0] INFO  server.RaftServer$Division (RaftServerImpl.java:requestVote(1074)) - 2394195c-5b30-4756-b242-a473be14be87@group-A5EBDE40635D replies to ELECTION vote request: aef91e02-660b-41a2-9835-9ea111f967cb<-2394195c-5b30-4756-b242-a473be14be87#0:OK-t2. Peer's state: 2394195c-5b30-4756-b242-a473be14be87@group-A5EBDE40635D:t2, leader=null, voted=aef91e02-660b-41a2-9835-9ea111f967cb, raftlog=2394195c-5b30-4756-b242-a473be14be87@group-A5EBDE40635D-SegmentedRaftLog:OPENED:c-1,f-1,i0, conf=-1: [2394195c-5b30-4756-b242-a473be14be87|rpc:172.17.0.2:32961|dataStream:|priority:0, aef91e02-660b-41a2-9835-9ea111f967cb|rpc:172.17.0.2:37695|dataStream:|priority:1, b6ea065c-5c0f-4b9b-a36c-1baff64c27e7|rpc:172.17.0.2:42915|dataStream:|priority:0], old=null
2021-04-29 10:57:32,383 [aef91e02-660b-41a2-9835-9ea111f967cb@group-A5EBDE40635D-LeaderElection15] INFO  impl.LeaderElection (LeaderElection.java:logAndReturn(89)) - aef91e02-660b-41a2-9835-9ea111f967cb@group-A5EBDE40635D-LeaderElection15: ELECTION PASSED received 1 response(s) and 0 exception(s):
2021-04-29 10:57:32,383 [aef91e02-660b-41a2-9835-9ea111f967cb@group-A5EBDE40635D-LeaderElection15] INFO  impl.LeaderElection (LeaderElection.java:logAndReturn(93)) -   Response 0: aef91e02-660b-41a2-9835-9ea111f967cb<-b6ea065c-5c0f-4b9b-a36c-1baff64c27e7#0:OK-t2
2021-04-29 10:57:32,383 [aef91e02-660b-41a2-9835-9ea111f967cb@group-A5EBDE40635D-LeaderElection15] INFO  impl.LeaderElection (LeaderElection.java:askForVotes(308)) - aef91e02-660b-41a2-9835-9ea111f967cb@group-A5EBDE40635D-LeaderElection15 ELECTION round 0: result PASSED
2021-04-29 10:57:32,383 [aef91e02-660b-41a2-9835-9ea111f967cb@group-A5EBDE40635D-LeaderElection15] INFO  impl.RoleInfo (RoleInfo.java:shutdownLeaderElection(121)) - aef91e02-660b-41a2-9835-9ea111f967cb: shutdown aef91e02-660b-41a2-9835-9ea111f967cb@group-A5EBDE40635D-LeaderElection15
2021-04-29 10:57:32,383 [aef91e02-660b-41a2-9835-9ea111f967cb@group-A5EBDE40635D-LeaderElection15] INFO  server.RaftServer$Division (RaftServerImpl.java:setRole(284)) - aef91e02-660b-41a2-9835-9ea111f967cb@group-A5EBDE40635D: changes role from CANDIDATE to LEADER at term 2 for changeToLeader
2021-04-29 10:57:32,383 [aef91e02-660b-41a2-9835-9ea111f967cb@group-A5EBDE40635D-LeaderElection15] INFO  ratis.XceiverServerRatis (XceiverServerRatis.java:handleLeaderChangedNotification(906)) - Leader change notification received for group: group-A5EBDE40635D with new leaderId: aef91e02-660b-41a2-9835-9ea111f967cb
2021-04-29 10:57:32,383 [aef91e02-660b-41a2-9835-9ea111f967cb@group-A5EBDE40635D-LeaderElection15] INFO  server.RaftServer$Division (ServerState.java:setLeader(271)) - aef91e02-660b-41a2-9835-9ea111f967cb@group-A5EBDE40635D: change Leader from null to aef91e02-660b-41a2-9835-9ea111f967cb at term 2 for becomeLeader, leader elected after 10084ms
2021-04-29 10:57:32,384 [aef91e02-660b-41a2-9835-9ea111f967cb@group-A5EBDE40635D-LeaderElection15] INFO  server.RaftServerConfigKeys (ConfUtils.java:logGet(44)) - raft.server.staging.catchup.gap = 1000 (default)
2021-04-29 10:57:32,384 [aef91e02-660b-41a2-9835-9ea111f967cb@group-A5EBDE40635D-LeaderElection15] INFO  metrics.RatisMetrics (RatisMetrics.java:lambda$create$0(36)) - Creating Metrics Registry : ratis.log_appender.aef91e02-660b-41a2-9835-9ea111f967cb@group-A5EBDE40635D
2021-04-29 10:57:32,384 [aef91e02-660b-41a2-9835-9ea111f967cb@group-A5EBDE40635D-LeaderElection15] INFO  server.RaftServerConfigKeys (ConfUtils.java:logGet(44)) - raft.server.write.element-limit = 1024 (custom)
2021-04-29 10:57:32,384 [aef91e02-660b-41a2-9835-9ea111f967cb@group-A5EBDE40635D-LeaderElection15] INFO  server.RaftServerConfigKeys (ConfUtils.java:logGet(44)) - raft.server.write.byte-limit = 1073741824 (custom)
2021-04-29 10:57:32,384 [aef91e02-660b-41a2-9835-9ea111f967cb@group-A5EBDE40635D-LeaderElection15] INFO  server.RaftServerConfigKeys (ConfUtils.java:logGet(44)) - raft.server.watch.timeout = 3000ms (custom)
2021-04-29 10:57:32,384 [aef91e02-660b-41a2-9835-9ea111f967cb@group-A5EBDE40635D-LeaderElection15] INFO  server.RaftServerConfigKeys (ConfUtils.java:logGet(44)) - raft.server.watch.timeout.denomination = 1s (default)
2021-04-29 10:57:32,384 [aef91e02-660b-41a2-9835-9ea111f967cb@group-A5EBDE40635D-LeaderElection15] INFO  server.RaftServerConfigKeys (ConfUtils.java:logGet(44)) - raft.server.watch.element-limit = 65536 (default)
2021-04-29 10:57:32,386 [EventQueue-PipelineReportForPipelineReportHandler] INFO  pipeline.PipelineManagerV2Impl (PipelineManagerV2Impl.java:openPipeline(270)) - Pipeline Pipeline[ Id: 3f0dbdb8-797e-4e9e-b690-a5ebde40635d, Nodes: 2394195c-5b30-4756-b242-a473be14be87{ip: 172.17.0.2, host: 8023de4eb765, ports: [REPLICATION=41399, RATIS=32961, RATIS_ADMIN=32961, RATIS_SERVER=32961, STANDALONE=34257], networkLocation: /default-rack, certSerialId: null, persistedOpState: IN_SERVICE, persistedOpStateExpiryEpochSec: 0}aef91e02-660b-41a2-9835-9ea111f967cb{ip: 172.17.0.2, host: 8023de4eb765, ports: [REPLICATION=42249, RATIS=37695, RATIS_ADMIN=37695, RATIS_SERVER=37695, STANDALONE=38459], networkLocation: /default-rack, certSerialId: null, persistedOpState: IN_SERVICE, persistedOpStateExpiryEpochSec: 0}b6ea065c-5c0f-4b9b-a36c-1baff64c27e7{ip: 172.17.0.2, host: 8023de4eb765, ports: [REPLICATION=44229, RATIS=42915, RATIS_ADMIN=42915, RATIS_SERVER=42915, STANDALONE=39747], networkLocation: /default-rack, certSerialId: null, persistedOpState: IN_SERVICE, persistedOpStateExpiryEpochSec: 0}, ReplicationConfig: RATIS/THREE, State:ALLOCATED, leaderId:aef91e02-660b-41a2-9835-9ea111f967cb, CreationTimestamp2021-04-29T10:57:19.655Z] moved to OPEN state
2021-04-29 10:57:32,386 [EventQueue-PipelineReportForOneReplicaPipelineSafeModeRule] INFO  safemode.SCMSafeModeManager (SCMSafeModeManager.java:validateSafeModeExitRules(201)) - AtleastOneDatanodeReportedRule rule is successfully validated
2021-04-29 10:57:32,390 [EventQueue-OpenPipelineForHealthyPipelineSafeModeRule] INFO  safemode.SCMSafeModeManager (HealthyPipelineSafeModeRule.java:process(130)) - SCM in safe mode. Healthy pipelines reported count is 1, required healthy pipeline reported count is 1
2021-04-29 10:57:32,393 [EventQueue-OpenPipelineForHealthyPipelineSafeModeRule] INFO  safemode.SCMSafeModeManager (SCMSafeModeManager.java:validateSafeModeExitRules(201)) - HealthyPipelineSafeModeRule rule is successfully validated
2021-04-29 10:57:32,393 [EventQueue-OpenPipelineForHealthyPipelineSafeModeRule] INFO  safemode.SCMSafeModeManager (SCMSafeModeManager.java:validateSafeModeExitRules(215)) - ScmSafeModeManager, all rules are successfully validated
2021-04-29 10:57:32,393 [EventQueue-OpenPipelineForHealthyPipelineSafeModeRule] INFO  safemode.SCMSafeModeManager (SCMSafeModeManager.java:exitSafeMode(244)) - SCM exiting safe mode.
2021-04-29 10:57:32,393 [EventQueue-OpenPipelineForHealthyPipelineSafeModeRule] WARN  events.EventQueue (EventQueue.java:fireEvent(185)) - No event handler registered for event TypedEvent{payloadType=SafeModeStatus, name='Safe mode status'}
2021-04-29 10:57:32,393 [EventQueue-OpenPipelineForHealthyPipelineSafeModeRule] INFO  ha.SCMContext (SCMContext.java:updateSafeModeStatus(147)) - Update SafeModeStatus from SafeModeStatus{safeModeStatus=true, preCheckPassed=true} to SafeModeStatus{safeModeStatus=false, preCheckPassed=true}.
2021-04-29 10:57:32,393 [EventQueue-OpenPipelineForHealthyPipelineSafeModeRule] INFO  pipeline.BackgroundPipelineCreator (BackgroundPipelineCreatorV2.java:notifyStatusChanged(261)) - Service BackgroundPipelineCreator transitions to RUNNING.
2021-04-29 10:57:32,393 [aef91e02-660b-41a2-9835-9ea111f967cb@group-A5EBDE40635D-LeaderElection15] INFO  server.RaftServerConfigKeys (ConfUtils.java:logGet(44)) - raft.server.log.appender.snapshot.chunk.size.max = 16MB (=16777216) (default)
2021-04-29 10:57:32,393 [EventQueue-OpenPipelineForHealthyPipelineSafeModeRule] INFO  container.ReplicationManager (ReplicationManager.java:notifyStatusChanged(1279)) - Service ReplicationManager transitions to RUNNING.
2021-04-29 10:57:32,393 [aef91e02-660b-41a2-9835-9ea111f967cb@group-A5EBDE40635D-LeaderElection15] INFO  server.RaftServerConfigKeys (ConfUtils.java:logGet(44)) - raft.server.log.appender.buffer.byte-limit = 33554432 (custom)
2021-04-29 10:57:32,394 [aef91e02-660b-41a2-9835-9ea111f967cb@group-A5EBDE40635D-LeaderElection15] INFO  server.RaftServerConfigKeys (ConfUtils.java:logGet(44)) - raft.server.log.appender.buffer.element-limit = 1 (custom)
2021-04-29 10:57:32,397 [aef91e02-660b-41a2-9835-9ea111f967cb@group-A5EBDE40635D-LeaderElection15] INFO  grpc.GrpcConfigKeys (ConfUtils.java:logGet(44)) - raft.grpc.server.leader.outstanding.appends.max = 128 (default)
2021-04-29 10:57:32,400 [aef91e02-660b-41a2-9835-9ea111f967cb@group-A5EBDE40635D-LeaderElection15] INFO  server.RaftServerConfigKeys (ConfUtils.java:logGet(44)) - raft.server.rpc.request.timeout = 3000ms (default)
2021-04-29 10:57:32,401 [aef91e02-660b-41a2-9835-9ea111f967cb@group-A5EBDE40635D-LeaderElection15] INFO  server.RaftServerConfigKeys (ConfUtils.java:logGet(44)) - raft.server.log.appender.install.snapshot.enabled = false (custom)
2021-04-29 10:57:32,402 [aef91e02-660b-41a2-9835-9ea111f967cb@group-A5EBDE40635D-LeaderElection15] INFO  metrics.RatisMetrics (RatisMetrics.java:lambda$create$0(36)) - Creating Metrics Registry : ratis_grpc.log_appender.aef91e02-660b-41a2-9835-9ea111f967cb@group-A5EBDE40635D
2021-04-29 10:57:32,406 [aef91e02-660b-41a2-9835-9ea111f967cb@group-A5EBDE40635D-LeaderElection15] INFO  server.RaftServerConfigKeys (ConfUtils.java:logGet(44)) - raft.server.log.appender.snapshot.chunk.size.max = 16MB (=16777216) (default)
2021-04-29 10:57:32,406 [aef91e02-660b-41a2-9835-9ea111f967cb@group-A5EBDE40635D-LeaderElection15] INFO  server.RaftServerConfigKeys (ConfUtils.java:logGet(44)) - raft.server.log.appender.buffer.byte-limit = 33554432 (custom)
2021-04-29 10:57:32,406 [aef91e02-660b-41a2-9835-9ea111f967cb@group-A5EBDE40635D-LeaderElection15] INFO  server.RaftServerConfigKeys (ConfUtils.java:logGet(44)) - raft.server.log.appender.buffer.element-limit = 1 (custom)
2021-04-29 10:57:32,407 [aef91e02-660b-41a2-9835-9ea111f967cb@group-A5EBDE40635D-LeaderElection15] INFO  grpc.GrpcConfigKeys (ConfUtils.java:logGet(44)) - raft.grpc.server.leader.outstanding.appends.max = 128 (default)
2021-04-29 10:57:32,407 [aef91e02-660b-41a2-9835-9ea111f967cb@group-A5EBDE40635D-LeaderElection15] INFO  server.RaftServerConfigKeys (ConfUtils.java:logGet(44)) - raft.server.rpc.request.timeout = 3000ms (default)
2021-04-29 10:57:32,407 [aef91e02-660b-41a2-9835-9ea111f967cb@group-A5EBDE40635D-LeaderElection15] INFO  server.RaftServerConfigKeys (ConfUtils.java:logGet(44)) - raft.server.log.appender.install.snapshot.enabled = false (custom)
2021-04-29 10:57:32,408 [aef91e02-660b-41a2-9835-9ea111f967cb@group-A5EBDE40635D-LeaderElection15] INFO  impl.RoleInfo (RoleInfo.java:updateAndGet(130)) - aef91e02-660b-41a2-9835-9ea111f967cb: start aef91e02-660b-41a2-9835-9ea111f967cb@group-A5EBDE40635D-LeaderStateImpl
2021-04-29 10:57:32,409 [aef91e02-660b-41a2-9835-9ea111f967cb@group-A5EBDE40635D-LeaderElection15] INFO  segmented.SegmentedRaftLogWorker (SegmentedRaftLogWorker.java:startLogSegment(394)) - aef91e02-660b-41a2-9835-9ea111f967cb@group-A5EBDE40635D-SegmentedRaftLogWorker: Starting segment from index:0
2021-04-29 10:57:32,410 [aef91e02-660b-41a2-9835-9ea111f967cb@group-A5EBDE40635D-SegmentedRaftLogWorker] INFO  segmented.SegmentedRaftLogWorker (SegmentedRaftLogWorker.java:execute(601)) - aef91e02-660b-41a2-9835-9ea111f967cb@group-A5EBDE40635D-SegmentedRaftLogWorker: created new log segment /github/workspace/mnt/ozone/hadoop-ozone/integration-test/target/test-dir/MiniOzoneClusterImpl-2726c7ec-cf5f-4d18-8e0d-a0ed93d2ecae/datanode-5/data/ratis/3f0dbdb8-797e-4e9e-b690-a5ebde40635d/current/log_inprogress_0
2021-04-29 10:57:32,418 [aef91e02-660b-41a2-9835-9ea111f967cb@group-A5EBDE40635D-LeaderElection15] INFO  server.RaftServer$Division (ServerState.java:setRaftConf(373)) - aef91e02-660b-41a2-9835-9ea111f967cb@group-A5EBDE40635D: set configuration 0: [2394195c-5b30-4756-b242-a473be14be87|rpc:172.17.0.2:32961|dataStream:|priority:0, aef91e02-660b-41a2-9835-9ea111f967cb|rpc:172.17.0.2:37695|dataStream:|priority:1, b6ea065c-5c0f-4b9b-a36c-1baff64c27e7|rpc:172.17.0.2:42915|dataStream:|priority:0], old=null
2021-04-29 10:57:32,432 [grpc-default-executor-0] INFO  ratis.XceiverServerRatis (XceiverServerRatis.java:handleLeaderChangedNotification(906)) - Leader change notification received for group: group-A5EBDE40635D with new leaderId: aef91e02-660b-41a2-9835-9ea111f967cb
2021-04-29 10:57:32,432 [grpc-default-executor-0] INFO  server.RaftServer$Division (ServerState.java:setLeader(271)) - 2394195c-5b30-4756-b242-a473be14be87@group-A5EBDE40635D: change Leader from null to aef91e02-660b-41a2-9835-9ea111f967cb at term 2 for appendEntries, leader elected after 10209ms
2021-04-29 10:57:32,449 [grpc-default-executor-2] INFO  ratis.XceiverServerRatis (XceiverServerRatis.java:handleLeaderChangedNotification(906)) - Leader change notification received for group: group-A5EBDE40635D with new leaderId: aef91e02-660b-41a2-9835-9ea111f967cb
2021-04-29 10:57:32,449 [grpc-default-executor-2] INFO  server.RaftServer$Division (ServerState.java:setLeader(271)) - b6ea065c-5c0f-4b9b-a36c-1baff64c27e7@group-A5EBDE40635D: change Leader from null to aef91e02-660b-41a2-9835-9ea111f967cb at term 2 for appendEntries, leader elected after 10272ms
2021-04-29 10:57:32,461 [grpc-default-executor-2] INFO  server.RaftServer$Division (ServerState.java:setRaftConf(373)) - b6ea065c-5c0f-4b9b-a36c-1baff64c27e7@group-A5EBDE40635D: set configuration 0: [2394195c-5b30-4756-b242-a473be14be87|rpc:172.17.0.2:32961|dataStream:|priority:0, aef91e02-660b-41a2-9835-9ea111f967cb|rpc:172.17.0.2:37695|dataStream:|priority:1, b6ea065c-5c0f-4b9b-a36c-1baff64c27e7|rpc:172.17.0.2:42915|dataStream:|priority:0], old=null
2021-04-29 10:57:32,463 [grpc-default-executor-0] INFO  server.RaftServer$Division (ServerState.java:setRaftConf(373)) - 2394195c-5b30-4756-b242-a473be14be87@group-A5EBDE40635D: set configuration 0: [2394195c-5b30-4756-b242-a473be14be87|rpc:172.17.0.2:32961|dataStream:|priority:0, aef91e02-660b-41a2-9835-9ea111f967cb|rpc:172.17.0.2:37695|dataStream:|priority:1, b6ea065c-5c0f-4b9b-a36c-1baff64c27e7|rpc:172.17.0.2:42915|dataStream:|priority:0], old=null
2021-04-29 10:57:32,464 [grpc-default-executor-0] INFO  segmented.SegmentedRaftLogWorker (SegmentedRaftLogWorker.java:startLogSegment(394)) - 2394195c-5b30-4756-b242-a473be14be87@group-A5EBDE40635D-SegmentedRaftLogWorker: Starting segment from index:0
2021-04-29 10:57:32,465 [2394195c-5b30-4756-b242-a473be14be87@group-A5EBDE40635D-SegmentedRaftLogWorker] INFO  segmented.SegmentedRaftLogWorker (SegmentedRaftLogWorker.java:execute(601)) - 2394195c-5b30-4756-b242-a473be14be87@group-A5EBDE40635D-SegmentedRaftLogWorker: created new log segment /github/workspace/mnt/ozone/hadoop-ozone/integration-test/target/test-dir/MiniOzoneClusterImpl-2726c7ec-cf5f-4d18-8e0d-a0ed93d2ecae/datanode-4/data/ratis/3f0dbdb8-797e-4e9e-b690-a5ebde40635d/current/log_inprogress_0
2021-04-29 10:57:32,467 [grpc-default-executor-2] INFO  segmented.SegmentedRaftLogWorker (SegmentedRaftLogWorker.java:startLogSegment(394)) - b6ea065c-5c0f-4b9b-a36c-1baff64c27e7@group-A5EBDE40635D-SegmentedRaftLogWorker: Starting segment from index:0
2021-04-29 10:57:32,471 [b6ea065c-5c0f-4b9b-a36c-1baff64c27e7@group-A5EBDE40635D-SegmentedRaftLogWorker] INFO  segmented.SegmentedRaftLogWorker (SegmentedRaftLogWorker.java:execute(601)) - b6ea065c-5c0f-4b9b-a36c-1baff64c27e7@group-A5EBDE40635D-SegmentedRaftLogWorker: created new log segment /github/workspace/mnt/ozone/hadoop-ozone/integration-test/target/test-dir/MiniOzoneClusterImpl-2726c7ec-cf5f-4d18-8e0d-a0ed93d2ecae/datanode-3/data/ratis/3f0dbdb8-797e-4e9e-b690-a5ebde40635d/current/log_inprogress_0
2021-04-29 10:57:32,607 [Listener at 127.0.0.1/42781] INFO  ozone.MiniOzoneClusterImpl (MiniOzoneClusterImpl.java:lambda$waitForClusterToBeReady$0(224)) - Nodes are ready. Got 9 of 9 DN Heartbeats.
2021-04-29 10:57:32,607 [Listener at 127.0.0.1/42781] INFO  ozone.MiniOzoneClusterImpl (MiniOzoneClusterImpl.java:lambda$waitForClusterToBeReady$0(227)) - Cluster exits safe mode
2021-04-29 10:57:32,607 [Listener at 127.0.0.1/42781] INFO  ozone.MiniOzoneClusterImpl (MiniOzoneClusterImpl.java:lambda$waitForClusterToBeReady$0(230)) - SCM became leader
2021-04-29 10:57:33,128 [51593562-bf48-4e12-b0f7-435460a60e26@group-5F9640C5EC9E-FollowerState] INFO  impl.FollowerState (FollowerState.java:run(134)) - 51593562-bf48-4e12-b0f7-435460a60e26@group-5F9640C5EC9E-FollowerState: change to CANDIDATE, lastRpcElapsedTime:5077116566ns, electionTimeout:5069ms
2021-04-29 10:57:33,129 [51593562-bf48-4e12-b0f7-435460a60e26@group-5F9640C5EC9E-FollowerState] INFO  impl.RoleInfo (RoleInfo.java:shutdownFollowerState(108)) - 51593562-bf48-4e12-b0f7-435460a60e26: shutdown 51593562-bf48-4e12-b0f7-435460a60e26@group-5F9640C5EC9E-FollowerState
2021-04-29 10:57:33,129 [51593562-bf48-4e12-b0f7-435460a60e26@group-5F9640C5EC9E-FollowerState] INFO  server.RaftServer$Division (RaftServerImpl.java:setRole(284)) - 51593562-bf48-4e12-b0f7-435460a60e26@group-5F9640C5EC9E: changes role from  FOLLOWER to CANDIDATE at term 1 for changeToCandidate
2021-04-29 10:57:33,129 [51593562-bf48-4e12-b0f7-435460a60e26@group-5F9640C5EC9E-FollowerState] INFO  server.RaftServerConfigKeys (ConfUtils.java:logGet(44)) - raft.server.leaderelection.pre-vote = false (custom)
2021-04-29 10:57:33,129 [51593562-bf48-4e12-b0f7-435460a60e26@group-5F9640C5EC9E-FollowerState] INFO  impl.RoleInfo (RoleInfo.java:updateAndGet(130)) - 51593562-bf48-4e12-b0f7-435460a60e26: start 51593562-bf48-4e12-b0f7-435460a60e26@group-5F9640C5EC9E-LeaderElection16
2021-04-29 10:57:33,140 [51593562-bf48-4e12-b0f7-435460a60e26@group-5F9640C5EC9E-LeaderElection16] INFO  impl.LeaderElection (LeaderElection.java:askForVotes(306)) - 51593562-bf48-4e12-b0f7-435460a60e26@group-5F9640C5EC9E-LeaderElection16 ELECTION round 0: submit vote requests at term 2 for -1: [2ece3016-29da-4712-9e61-42b563feafe4|rpc:172.17.0.2:37483|dataStream:|priority:0, f2874c6a-efe9-4f48-8c15-64eb2698a6fe|rpc:172.17.0.2:38031|dataStream:|priority:0, 51593562-bf48-4e12-b0f7-435460a60e26|rpc:172.17.0.2:37879|dataStream:|priority:1], old=null
2021-04-29 10:57:33,143 [Listener at 127.0.0.1/42781] INFO  rpc.RpcClient (RpcClient.java:createVolume(320)) - Creating Volume: watchforcommithandlingtest, with jenkins1001 as owner and space quota set to -1 bytes, counts quota set to -1
2021-04-29 10:57:33,185 [grpc-default-executor-2] INFO  server.RaftServer$Division (RaftServerImpl.java:requestVote(1042)) - 2ece3016-29da-4712-9e61-42b563feafe4@group-5F9640C5EC9E: receive requestVote(ELECTION, 51593562-bf48-4e12-b0f7-435460a60e26, group-5F9640C5EC9E, 2, (t:0, i:0))
2021-04-29 10:57:33,186 [grpc-default-executor-0] INFO  metrics.RatisMetrics (RatisMetrics.java:lambda$create$0(36)) - Creating Metrics Registry : ratis.server_message_metrics.f2874c6a-efe9-4f48-8c15-64eb2698a6fe
2021-04-29 10:57:33,190 [grpc-default-executor-2] INFO  impl.VoteContext (VoteContext.java:log(48)) - 2ece3016-29da-4712-9e61-42b563feafe4@group-5F9640C5EC9E-FOLLOWER: accept ELECTION from 51593562-bf48-4e12-b0f7-435460a60e26: our priority 0 <= candidate's priority 1
2021-04-29 10:57:33,190 [grpc-default-executor-2] INFO  server.RaftServer$Division (RaftServerImpl.java:setRole(284)) - 2ece3016-29da-4712-9e61-42b563feafe4@group-5F9640C5EC9E: changes role from  FOLLOWER to FOLLOWER at term 2 for candidate:51593562-bf48-4e12-b0f7-435460a60e26
2021-04-29 10:57:33,190 [grpc-default-executor-2] INFO  impl.RoleInfo (RoleInfo.java:shutdownFollowerState(108)) - 2ece3016-29da-4712-9e61-42b563feafe4: shutdown 2ece3016-29da-4712-9e61-42b563feafe4@group-5F9640C5EC9E-FollowerState
2021-04-29 10:57:33,190 [grpc-default-executor-2] INFO  impl.RoleInfo (RoleInfo.java:updateAndGet(130)) - 2ece3016-29da-4712-9e61-42b563feafe4: start 2ece3016-29da-4712-9e61-42b563feafe4@group-5F9640C5EC9E-FollowerState
2021-04-29 10:57:33,212 [f2874c6a-efe9-4f48-8c15-64eb2698a6fe@group-5F9640C5EC9E-FollowerState] INFO  impl.FollowerState (FollowerState.java:run(134)) - f2874c6a-efe9-4f48-8c15-64eb2698a6fe@group-5F9640C5EC9E-FollowerState: change to CANDIDATE, lastRpcElapsedTime:5147153934ns, electionTimeout:5135ms
2021-04-29 10:57:33,212 [f2874c6a-efe9-4f48-8c15-64eb2698a6fe@group-5F9640C5EC9E-FollowerState] INFO  impl.RoleInfo (RoleInfo.java:shutdownFollowerState(108)) - f2874c6a-efe9-4f48-8c15-64eb2698a6fe: shutdown f2874c6a-efe9-4f48-8c15-64eb2698a6fe@group-5F9640C5EC9E-FollowerState
2021-04-29 10:57:33,212 [f2874c6a-efe9-4f48-8c15-64eb2698a6fe@group-5F9640C5EC9E-FollowerState] INFO  server.RaftServer$Division (RaftServerImpl.java:setRole(284)) - f2874c6a-efe9-4f48-8c15-64eb2698a6fe@group-5F9640C5EC9E: changes role from  FOLLOWER to CANDIDATE at term 1 for changeToCandidate
2021-04-29 10:57:33,212 [f2874c6a-efe9-4f48-8c15-64eb2698a6fe@group-5F9640C5EC9E-FollowerState] INFO  server.RaftServerConfigKeys (ConfUtils.java:logGet(44)) - raft.server.leaderelection.pre-vote = false (custom)
2021-04-29 10:57:33,213 [f2874c6a-efe9-4f48-8c15-64eb2698a6fe@group-5F9640C5EC9E-FollowerState] INFO  impl.RoleInfo (RoleInfo.java:updateAndGet(130)) - f2874c6a-efe9-4f48-8c15-64eb2698a6fe: start f2874c6a-efe9-4f48-8c15-64eb2698a6fe@group-5F9640C5EC9E-LeaderElection17
2021-04-29 10:57:33,222 [grpc-default-executor-0] INFO  server.RaftServer$Division (RaftServerImpl.java:requestVote(1042)) - f2874c6a-efe9-4f48-8c15-64eb2698a6fe@group-5F9640C5EC9E: receive requestVote(ELECTION, 51593562-bf48-4e12-b0f7-435460a60e26, group-5F9640C5EC9E, 2, (t:0, i:0))
2021-04-29 10:57:33,223 [grpc-default-executor-2] INFO  server.RaftServer$Division (RaftServerImpl.java:requestVote(1074)) - 2ece3016-29da-4712-9e61-42b563feafe4@group-5F9640C5EC9E replies to ELECTION vote request: 51593562-bf48-4e12-b0f7-435460a60e26<-2ece3016-29da-4712-9e61-42b563feafe4#0:OK-t2. Peer's state: 2ece3016-29da-4712-9e61-42b563feafe4@group-5F9640C5EC9E:t2, leader=null, voted=51593562-bf48-4e12-b0f7-435460a60e26, raftlog=2ece3016-29da-4712-9e61-42b563feafe4@group-5F9640C5EC9E-SegmentedRaftLog:OPENED:c-1,f-1,i0, conf=-1: [2ece3016-29da-4712-9e61-42b563feafe4|rpc:172.17.0.2:37483|dataStream:|priority:0, f2874c6a-efe9-4f48-8c15-64eb2698a6fe|rpc:172.17.0.2:38031|dataStream:|priority:0, 51593562-bf48-4e12-b0f7-435460a60e26|rpc:172.17.0.2:37879|dataStream:|priority:1], old=null
2021-04-29 10:57:33,224 [2ece3016-29da-4712-9e61-42b563feafe4@group-5F9640C5EC9E-FollowerState] INFO  impl.FollowerState (FollowerState.java:run(134)) - 2ece3016-29da-4712-9e61-42b563feafe4@group-5F9640C5EC9E-FollowerState: change to CANDIDATE, lastRpcElapsedTime:5186926503ns, electionTimeout:5124ms
2021-04-29 10:57:33,224 [2ece3016-29da-4712-9e61-42b563feafe4@group-5F9640C5EC9E-FollowerState] INFO  impl.RoleInfo (RoleInfo.java:shutdownFollowerState(108)) - 2ece3016-29da-4712-9e61-42b563feafe4: shutdown 2ece3016-29da-4712-9e61-42b563feafe4@group-5F9640C5EC9E-FollowerState
2021-04-29 10:57:33,224 [2ece3016-29da-4712-9e61-42b563feafe4@group-5F9640C5EC9E-FollowerState] INFO  server.RaftServer$Division (RaftServerImpl.java:setRole(284)) - 2ece3016-29da-4712-9e61-42b563feafe4@group-5F9640C5EC9E: changes role from  FOLLOWER to CANDIDATE at term 2 for changeToCandidate
2021-04-29 10:57:33,224 [2ece3016-29da-4712-9e61-42b563feafe4@group-5F9640C5EC9E-FollowerState] INFO  server.RaftServerConfigKeys (ConfUtils.java:logGet(44)) - raft.server.leaderelection.pre-vote = false (custom)
2021-04-29 10:57:33,224 [2ece3016-29da-4712-9e61-42b563feafe4@group-5F9640C5EC9E-FollowerState] INFO  impl.RoleInfo (RoleInfo.java:updateAndGet(130)) - 2ece3016-29da-4712-9e61-42b563feafe4: start 2ece3016-29da-4712-9e61-42b563feafe4@group-5F9640C5EC9E-LeaderElection18
2021-04-29 10:57:33,224 [2ece3016-29da-4712-9e61-42b563feafe4@group-5F9640C5EC9E-FollowerState] INFO  impl.FollowerState (FollowerState.java:run(143)) - 2ece3016-29da-4712-9e61-42b563feafe4@group-5F9640C5EC9E-FollowerState was interrupted: {}
java.lang.InterruptedException: sleep interrupted
	at java.lang.Thread.sleep(Native Method)
	at java.lang.Thread.sleep(Thread.java:340)
	at java.util.concurrent.TimeUnit.sleep(TimeUnit.java:386)
	at org.apache.ratis.util.TimeDuration.sleep(TimeDuration.java:324)
	at org.apache.ratis.util.TimeDuration.sleep(TimeDuration.java:309)
	at org.apache.ratis.server.impl.FollowerState.run(FollowerState.java:118)
2021-04-29 10:57:33,247 [51593562-bf48-4e12-b0f7-435460a60e26@group-5F9640C5EC9E-LeaderElection16] INFO  impl.LeaderElection (LeaderElection.java:logAndReturn(89)) - 51593562-bf48-4e12-b0f7-435460a60e26@group-5F9640C5EC9E-LeaderElection16: ELECTION PASSED received 1 response(s) and 0 exception(s):
2021-04-29 10:57:33,250 [51593562-bf48-4e12-b0f7-435460a60e26@group-5F9640C5EC9E-LeaderElection16] INFO  impl.LeaderElection (LeaderElection.java:logAndReturn(93)) -   Response 0: 51593562-bf48-4e12-b0f7-435460a60e26<-2ece3016-29da-4712-9e61-42b563feafe4#0:OK-t2
2021-04-29 10:57:33,250 [51593562-bf48-4e12-b0f7-435460a60e26@group-5F9640C5EC9E-LeaderElection16] INFO  impl.LeaderElection (LeaderElection.java:askForVotes(308)) - 51593562-bf48-4e12-b0f7-435460a60e26@group-5F9640C5EC9E-LeaderElection16 ELECTION round 0: result PASSED
2021-04-29 10:57:33,251 [51593562-bf48-4e12-b0f7-435460a60e26@group-5F9640C5EC9E-LeaderElection16] INFO  impl.RoleInfo (RoleInfo.java:shutdownLeaderElection(121)) - 51593562-bf48-4e12-b0f7-435460a60e26: shutdown 51593562-bf48-4e12-b0f7-435460a60e26@group-5F9640C5EC9E-LeaderElection16
2021-04-29 10:57:33,251 [51593562-bf48-4e12-b0f7-435460a60e26@group-5F9640C5EC9E-LeaderElection16] INFO  server.RaftServer$Division (RaftServerImpl.java:setRole(284)) - 51593562-bf48-4e12-b0f7-435460a60e26@group-5F9640C5EC9E: changes role from CANDIDATE to LEADER at term 2 for changeToLeader
2021-04-29 10:57:33,251 [51593562-bf48-4e12-b0f7-435460a60e26@group-5F9640C5EC9E-LeaderElection16] INFO  ratis.XceiverServerRatis (XceiverServerRatis.java:handleLeaderChangedNotification(906)) - Leader change notification received for group: group-5F9640C5EC9E with new leaderId: 51593562-bf48-4e12-b0f7-435460a60e26
2021-04-29 10:57:33,251 [51593562-bf48-4e12-b0f7-435460a60e26@group-5F9640C5EC9E-LeaderElection16] INFO  server.RaftServer$Division (ServerState.java:setLeader(271)) - 51593562-bf48-4e12-b0f7-435460a60e26@group-5F9640C5EC9E: change Leader from null to 51593562-bf48-4e12-b0f7-435460a60e26 at term 2 for becomeLeader, leader elected after 10175ms
2021-04-29 10:57:33,251 [51593562-bf48-4e12-b0f7-435460a60e26@group-5F9640C5EC9E-LeaderElection16] INFO  server.RaftServerConfigKeys (ConfUtils.java:logGet(44)) - raft.server.staging.catchup.gap = 1000 (default)
2021-04-29 10:57:33,251 [51593562-bf48-4e12-b0f7-435460a60e26@group-5F9640C5EC9E-LeaderElection16] INFO  metrics.RatisMetrics (RatisMetrics.java:lambda$create$0(36)) - Creating Metrics Registry : ratis.log_appender.51593562-bf48-4e12-b0f7-435460a60e26@group-5F9640C5EC9E
2021-04-29 10:57:33,251 [51593562-bf48-4e12-b0f7-435460a60e26@group-5F9640C5EC9E-LeaderElection16] INFO  server.RaftServerConfigKeys (ConfUtils.java:logGet(44)) - raft.server.write.element-limit = 1024 (custom)
2021-04-29 10:57:33,251 [51593562-bf48-4e12-b0f7-435460a60e26@group-5F9640C5EC9E-LeaderElection16] INFO  server.RaftServerConfigKeys (ConfUtils.java:logGet(44)) - raft.server.write.byte-limit = 1073741824 (custom)
2021-04-29 10:57:33,252 [51593562-bf48-4e12-b0f7-435460a60e26@group-5F9640C5EC9E-LeaderElection16] INFO  server.RaftServerConfigKeys (ConfUtils.java:logGet(44)) - raft.server.watch.timeout = 3000ms (custom)
2021-04-29 10:57:33,252 [51593562-bf48-4e12-b0f7-435460a60e26@group-5F9640C5EC9E-LeaderElection16] INFO  server.RaftServerConfigKeys (ConfUtils.java:logGet(44)) - raft.server.watch.timeout.denomination = 1s (default)
2021-04-29 10:57:33,252 [51593562-bf48-4e12-b0f7-435460a60e26@group-5F9640C5EC9E-LeaderElection16] INFO  server.RaftServerConfigKeys (ConfUtils.java:logGet(44)) - raft.server.watch.element-limit = 65536 (default)
2021-04-29 10:57:33,252 [51593562-bf48-4e12-b0f7-435460a60e26@group-5F9640C5EC9E-LeaderElection16] INFO  server.RaftServerConfigKeys (ConfUtils.java:logGet(44)) - raft.server.log.appender.snapshot.chunk.size.max = 16MB (=16777216) (default)
2021-04-29 10:57:33,252 [51593562-bf48-4e12-b0f7-435460a60e26@group-5F9640C5EC9E-LeaderElection16] INFO  server.RaftServerConfigKeys (ConfUtils.java:logGet(44)) - raft.server.log.appender.buffer.byte-limit = 33554432 (custom)
2021-04-29 10:57:33,252 [51593562-bf48-4e12-b0f7-435460a60e26@group-5F9640C5EC9E-LeaderElection16] INFO  server.RaftServerConfigKeys (ConfUtils.java:logGet(44)) - raft.server.log.appender.buffer.element-limit = 1 (custom)
2021-04-29 10:57:33,225 [f2874c6a-efe9-4f48-8c15-64eb2698a6fe@group-5F9640C5EC9E-LeaderElection17] INFO  impl.LeaderElection (LeaderElection.java:askForVotes(306)) - f2874c6a-efe9-4f48-8c15-64eb2698a6fe@group-5F9640C5EC9E-LeaderElection17 ELECTION round 0: submit vote requests at term 2 for -1: [2ece3016-29da-4712-9e61-42b563feafe4|rpc:172.17.0.2:37483|priority:0, f2874c6a-efe9-4f48-8c15-64eb2698a6fe|rpc:172.17.0.2:38031|priority:0, 51593562-bf48-4e12-b0f7-435460a60e26|rpc:172.17.0.2:37879|priority:1], old=null
2021-04-29 10:57:33,225 [grpc-default-executor-0] INFO  impl.VoteContext (VoteContext.java:log(48)) - f2874c6a-efe9-4f48-8c15-64eb2698a6fe@group-5F9640C5EC9E-CANDIDATE: reject ELECTION from 51593562-bf48-4e12-b0f7-435460a60e26: already has voted for f2874c6a-efe9-4f48-8c15-64eb2698a6fe at current term 2
2021-04-29 10:57:33,253 [grpc-default-executor-0] INFO  server.RaftServer$Division (RaftServerImpl.java:requestVote(1074)) - f2874c6a-efe9-4f48-8c15-64eb2698a6fe@group-5F9640C5EC9E replies to ELECTION vote request: 51593562-bf48-4e12-b0f7-435460a60e26<-f2874c6a-efe9-4f48-8c15-64eb2698a6fe#0:FAIL-t2. Peer's state: f2874c6a-efe9-4f48-8c15-64eb2698a6fe@group-5F9640C5EC9E:t2, leader=null, voted=f2874c6a-efe9-4f48-8c15-64eb2698a6fe, raftlog=f2874c6a-efe9-4f48-8c15-64eb2698a6fe@group-5F9640C5EC9E-SegmentedRaftLog:OPENED:c-1,f-1,i0, conf=-1: [2ece3016-29da-4712-9e61-42b563feafe4|rpc:172.17.0.2:37483|priority:0, f2874c6a-efe9-4f48-8c15-64eb2698a6fe|rpc:172.17.0.2:38031|priority:0, 51593562-bf48-4e12-b0f7-435460a60e26|rpc:172.17.0.2:37879|priority:1], old=null
2021-04-29 10:57:33,254 [EventQueue-PipelineReportForPipelineReportHandler] INFO  pipeline.PipelineManagerV2Impl (PipelineManagerV2Impl.java:openPipeline(270)) - Pipeline Pipeline[ Id: d965319d-9b1c-4f94-89c8-5f9640c5ec9e, Nodes: f2874c6a-efe9-4f48-8c15-64eb2698a6fe{ip: 172.17.0.2, host: 8023de4eb765, ports: [REPLICATION=46125, RATIS=38031, RATIS_ADMIN=38031, RATIS_SERVER=38031, STANDALONE=44417], networkLocation: /default-rack, certSerialId: null, persistedOpState: IN_SERVICE, persistedOpStateExpiryEpochSec: 0}2ece3016-29da-4712-9e61-42b563feafe4{ip: 172.17.0.2, host: 8023de4eb765, ports: [REPLICATION=46329, RATIS=37483, RATIS_ADMIN=37483, RATIS_SERVER=37483, STANDALONE=33183], networkLocation: /default-rack, certSerialId: null, persistedOpState: IN_SERVICE, persistedOpStateExpiryEpochSec: 0}51593562-bf48-4e12-b0f7-435460a60e26{ip: 172.17.0.2, host: 8023de4eb765, ports: [REPLICATION=46095, RATIS=37879, RATIS_ADMIN=37879, RATIS_SERVER=37879, STANDALONE=37727], networkLocation: /default-rack, certSerialId: null, persistedOpState: IN_SERVICE, persistedOpStateExpiryEpochSec: 0}, ReplicationConfig: RATIS/THREE, State:ALLOCATED, leaderId:51593562-bf48-4e12-b0f7-435460a60e26, CreationTimestamp2021-04-29T10:57:20.594Z] moved to OPEN state
2021-04-29 10:57:33,257 [2ece3016-29da-4712-9e61-42b563feafe4@group-5F9640C5EC9E-LeaderElection18] INFO  impl.LeaderElection (LeaderElection.java:askForVotes(306)) - 2ece3016-29da-4712-9e61-42b563feafe4@group-5F9640C5EC9E-LeaderElection18 ELECTION round 0: submit vote requests at term 3 for -1: [2ece3016-29da-4712-9e61-42b563feafe4|rpc:172.17.0.2:37483|dataStream:|priority:0, f2874c6a-efe9-4f48-8c15-64eb2698a6fe|rpc:172.17.0.2:38031|dataStream:|priority:0, 51593562-bf48-4e12-b0f7-435460a60e26|rpc:172.17.0.2:37879|dataStream:|priority:1], old=null
2021-04-29 10:57:33,252 [51593562-bf48-4e12-b0f7-435460a60e26@group-5F9640C5EC9E-LeaderElection16] INFO  grpc.GrpcConfigKeys (ConfUtils.java:logGet(44)) - raft.grpc.server.leader.outstanding.appends.max = 128 (default)
2021-04-29 10:57:33,266 [51593562-bf48-4e12-b0f7-435460a60e26@group-5F9640C5EC9E-LeaderElection16] INFO  server.RaftServerConfigKeys (ConfUtils.java:logGet(44)) - raft.server.rpc.request.timeout = 3000ms (default)
2021-04-29 10:57:33,266 [51593562-bf48-4e12-b0f7-435460a60e26@group-5F9640C5EC9E-LeaderElection16] INFO  server.RaftServerConfigKeys (ConfUtils.java:logGet(44)) - raft.server.log.appender.install.snapshot.enabled = false (custom)
2021-04-29 10:57:33,266 [51593562-bf48-4e12-b0f7-435460a60e26@group-5F9640C5EC9E-LeaderElection16] INFO  metrics.RatisMetrics (RatisMetrics.java:lambda$create$0(36)) - Creating Metrics Registry : ratis_grpc.log_appender.51593562-bf48-4e12-b0f7-435460a60e26@group-5F9640C5EC9E
2021-04-29 10:57:33,267 [51593562-bf48-4e12-b0f7-435460a60e26@group-5F9640C5EC9E-LeaderElection16] INFO  server.RaftServerConfigKeys (ConfUtils.java:logGet(44)) - raft.server.log.appender.snapshot.chunk.size.max = 16MB (=16777216) (default)
2021-04-29 10:57:33,268 [51593562-bf48-4e12-b0f7-435460a60e26@group-5F9640C5EC9E-LeaderElection16] INFO  server.RaftServerConfigKeys (ConfUtils.java:logGet(44)) - raft.server.log.appender.buffer.byte-limit = 33554432 (custom)
2021-04-29 10:57:33,268 [51593562-bf48-4e12-b0f7-435460a60e26@group-5F9640C5EC9E-LeaderElection16] INFO  server.RaftServerConfigKeys (ConfUtils.java:logGet(44)) - raft.server.log.appender.buffer.element-limit = 1 (custom)
2021-04-29 10:57:33,268 [51593562-bf48-4e12-b0f7-435460a60e26@group-5F9640C5EC9E-LeaderElection16] INFO  grpc.GrpcConfigKeys (ConfUtils.java:logGet(44)) - raft.grpc.server.leader.outstanding.appends.max = 128 (default)
2021-04-29 10:57:33,268 [51593562-bf48-4e12-b0f7-435460a60e26@group-5F9640C5EC9E-LeaderElection16] INFO  server.RaftServerConfigKeys (ConfUtils.java:logGet(44)) - raft.server.rpc.request.timeout = 3000ms (default)
2021-04-29 10:57:33,268 [51593562-bf48-4e12-b0f7-435460a60e26@group-5F9640C5EC9E-LeaderElection16] INFO  server.RaftServerConfigKeys (ConfUtils.java:logGet(44)) - raft.server.log.appender.install.snapshot.enabled = false (custom)
2021-04-29 10:57:33,269 [51593562-bf48-4e12-b0f7-435460a60e26@group-5F9640C5EC9E-LeaderElection16] INFO  impl.RoleInfo (RoleInfo.java:updateAndGet(130)) - 51593562-bf48-4e12-b0f7-435460a60e26: start 51593562-bf48-4e12-b0f7-435460a60e26@group-5F9640C5EC9E-LeaderStateImpl
2021-04-29 10:57:33,269 [51593562-bf48-4e12-b0f7-435460a60e26@group-5F9640C5EC9E-LeaderElection16] INFO  segmented.SegmentedRaftLogWorker (SegmentedRaftLogWorker.java:startLogSegment(394)) - 51593562-bf48-4e12-b0f7-435460a60e26@group-5F9640C5EC9E-SegmentedRaftLogWorker: Starting segment from index:0
2021-04-29 10:57:33,270 [grpc-default-executor-0] INFO  server.RaftServer$Division (RaftServerImpl.java:requestVote(1042)) - 2ece3016-29da-4712-9e61-42b563feafe4@group-5F9640C5EC9E: receive requestVote(ELECTION, f2874c6a-efe9-4f48-8c15-64eb2698a6fe, group-5F9640C5EC9E, 2, (t:0, i:0))
2021-04-29 10:57:33,270 [grpc-default-executor-0] INFO  impl.VoteContext (VoteContext.java:log(48)) - 2ece3016-29da-4712-9e61-42b563feafe4@group-5F9640C5EC9E-CANDIDATE: reject ELECTION from f2874c6a-efe9-4f48-8c15-64eb2698a6fe: current term 3 > candidate's term 2
2021-04-29 10:57:33,270 [grpc-default-executor-0] INFO  server.RaftServer$Division (RaftServerImpl.java:requestVote(1074)) - 2ece3016-29da-4712-9e61-42b563feafe4@group-5F9640C5EC9E replies to ELECTION vote request: f2874c6a-efe9-4f48-8c15-64eb2698a6fe<-2ece3016-29da-4712-9e61-42b563feafe4#0:FAIL-t3. Peer's state: 2ece3016-29da-4712-9e61-42b563feafe4@group-5F9640C5EC9E:t3, leader=null, voted=2ece3016-29da-4712-9e61-42b563feafe4, raftlog=2ece3016-29da-4712-9e61-42b563feafe4@group-5F9640C5EC9E-SegmentedRaftLog:OPENED:c-1,f-1,i0, conf=-1: [2ece3016-29da-4712-9e61-42b563feafe4|rpc:172.17.0.2:37483|dataStream:|priority:0, f2874c6a-efe9-4f48-8c15-64eb2698a6fe|rpc:172.17.0.2:38031|dataStream:|priority:0, 51593562-bf48-4e12-b0f7-435460a60e26|rpc:172.17.0.2:37879|dataStream:|priority:1], old=null
2021-04-29 10:57:33,274 [51593562-bf48-4e12-b0f7-435460a60e26@group-5F9640C5EC9E-SegmentedRaftLogWorker] INFO  segmented.SegmentedRaftLogWorker (SegmentedRaftLogWorker.java:execute(601)) - 51593562-bf48-4e12-b0f7-435460a60e26@group-5F9640C5EC9E-SegmentedRaftLogWorker: created new log segment /github/workspace/mnt/ozone/hadoop-ozone/integration-test/target/test-dir/MiniOzoneClusterImpl-2726c7ec-cf5f-4d18-8e0d-a0ed93d2ecae/datanode-8/data/ratis/d965319d-9b1c-4f94-89c8-5f9640c5ec9e/current/log_inprogress_0
2021-04-29 10:57:33,282 [f2874c6a-efe9-4f48-8c15-64eb2698a6fe@group-5F9640C5EC9E-LeaderElection17] INFO  impl.LeaderElection (LeaderElection.java:logAndReturn(89)) - f2874c6a-efe9-4f48-8c15-64eb2698a6fe@group-5F9640C5EC9E-LeaderElection17: ELECTION DISCOVERED_A_NEW_TERM (term=3) received 1 response(s) and 0 exception(s):
2021-04-29 10:57:33,282 [f2874c6a-efe9-4f48-8c15-64eb2698a6fe@group-5F9640C5EC9E-LeaderElection17] INFO  impl.LeaderElection (LeaderElection.java:logAndReturn(93)) -   Response 0: f2874c6a-efe9-4f48-8c15-64eb2698a6fe<-2ece3016-29da-4712-9e61-42b563feafe4#0:FAIL-t3
2021-04-29 10:57:33,282 [grpc-default-executor-0] INFO  server.RaftServer$Division (RaftServerImpl.java:requestVote(1042)) - 51593562-bf48-4e12-b0f7-435460a60e26@group-5F9640C5EC9E: receive requestVote(ELECTION, f2874c6a-efe9-4f48-8c15-64eb2698a6fe, group-5F9640C5EC9E, 2, (t:0, i:0))
2021-04-29 10:57:33,283 [f2874c6a-efe9-4f48-8c15-64eb2698a6fe@group-5F9640C5EC9E-LeaderElection17] INFO  impl.LeaderElection (LeaderElection.java:askForVotes(308)) - f2874c6a-efe9-4f48-8c15-64eb2698a6fe@group-5F9640C5EC9E-LeaderElection17 ELECTION round 0: result DISCOVERED_A_NEW_TERM (term=3)
2021-04-29 10:57:33,283 [f2874c6a-efe9-4f48-8c15-64eb2698a6fe@group-5F9640C5EC9E-LeaderElection17] INFO  server.RaftServer$Division (RaftServerImpl.java:setRole(284)) - f2874c6a-efe9-4f48-8c15-64eb2698a6fe@group-5F9640C5EC9E: changes role from CANDIDATE to FOLLOWER at term 3 for DISCOVERED_A_NEW_TERM (term=3)
2021-04-29 10:57:33,285 [f2874c6a-efe9-4f48-8c15-64eb2698a6fe@group-5F9640C5EC9E-LeaderElection17] INFO  impl.RoleInfo (RoleInfo.java:shutdownLeaderElection(121)) - f2874c6a-efe9-4f48-8c15-64eb2698a6fe: shutdown f2874c6a-efe9-4f48-8c15-64eb2698a6fe@group-5F9640C5EC9E-LeaderElection17
2021-04-29 10:57:33,286 [f2874c6a-efe9-4f48-8c15-64eb2698a6fe@group-5F9640C5EC9E-LeaderElection17] INFO  impl.RoleInfo (RoleInfo.java:updateAndGet(130)) - f2874c6a-efe9-4f48-8c15-64eb2698a6fe: start f2874c6a-efe9-4f48-8c15-64eb2698a6fe@group-5F9640C5EC9E-FollowerState
2021-04-29 10:57:33,284 [51593562-bf48-4e12-b0f7-435460a60e26@group-5F9640C5EC9E-LeaderElection16] INFO  server.RaftServer$Division (ServerState.java:setRaftConf(373)) - 51593562-bf48-4e12-b0f7-435460a60e26@group-5F9640C5EC9E: set configuration 0: [2ece3016-29da-4712-9e61-42b563feafe4|rpc:172.17.0.2:37483|dataStream:|priority:0, f2874c6a-efe9-4f48-8c15-64eb2698a6fe|rpc:172.17.0.2:38031|dataStream:|priority:0, 51593562-bf48-4e12-b0f7-435460a60e26|rpc:172.17.0.2:37879|dataStream:|priority:1], old=null
2021-04-29 10:57:33,286 [grpc-default-executor-0] INFO  impl.VoteContext (VoteContext.java:log(48)) - 51593562-bf48-4e12-b0f7-435460a60e26@group-5F9640C5EC9E-LEADER: reject ELECTION from f2874c6a-efe9-4f48-8c15-64eb2698a6fe: already has voted for 51593562-bf48-4e12-b0f7-435460a60e26 at current term 2
2021-04-29 10:57:33,286 [grpc-default-executor-0] INFO  server.RaftServer$Division (RaftServerImpl.java:requestVote(1074)) - 51593562-bf48-4e12-b0f7-435460a60e26@group-5F9640C5EC9E replies to ELECTION vote request: f2874c6a-efe9-4f48-8c15-64eb2698a6fe<-51593562-bf48-4e12-b0f7-435460a60e26#0:FAIL-t2. Peer's state: 51593562-bf48-4e12-b0f7-435460a60e26@group-5F9640C5EC9E:t2, leader=51593562-bf48-4e12-b0f7-435460a60e26, voted=51593562-bf48-4e12-b0f7-435460a60e26, raftlog=51593562-bf48-4e12-b0f7-435460a60e26@group-5F9640C5EC9E-SegmentedRaftLog:OPENED:c-1,f0,i0, conf=0: [2ece3016-29da-4712-9e61-42b563feafe4|rpc:172.17.0.2:37483|dataStream:|priority:0, f2874c6a-efe9-4f48-8c15-64eb2698a6fe|rpc:172.17.0.2:38031|dataStream:|priority:0, 51593562-bf48-4e12-b0f7-435460a60e26|rpc:172.17.0.2:37879|dataStream:|priority:1], old=null
2021-04-29 10:57:33,330 [grpc-default-executor-0] INFO  server.RaftServer$Division (RaftServerImpl.java:requestVote(1042)) - f2874c6a-efe9-4f48-8c15-64eb2698a6fe@group-5F9640C5EC9E: receive requestVote(ELECTION, 2ece3016-29da-4712-9e61-42b563feafe4, group-5F9640C5EC9E, 3, (t:0, i:0))
2021-04-29 10:57:33,330 [grpc-default-executor-0] INFO  impl.VoteContext (VoteContext.java:log(48)) - f2874c6a-efe9-4f48-8c15-64eb2698a6fe@group-5F9640C5EC9E-FOLLOWER: accept ELECTION from 2ece3016-29da-4712-9e61-42b563feafe4: our priority 0 <= candidate's priority 0
2021-04-29 10:57:33,330 [grpc-default-executor-0] INFO  server.RaftServer$Division (RaftServerImpl.java:setRole(284)) - f2874c6a-efe9-4f48-8c15-64eb2698a6fe@group-5F9640C5EC9E: changes role from  FOLLOWER to FOLLOWER at term 3 for candidate:2ece3016-29da-4712-9e61-42b563feafe4
2021-04-29 10:57:33,330 [grpc-default-executor-0] INFO  impl.RoleInfo (RoleInfo.java:shutdownFollowerState(108)) - f2874c6a-efe9-4f48-8c15-64eb2698a6fe: shutdown f2874c6a-efe9-4f48-8c15-64eb2698a6fe@group-5F9640C5EC9E-FollowerState
2021-04-29 10:57:33,330 [grpc-default-executor-0] INFO  impl.RoleInfo (RoleInfo.java:updateAndGet(130)) - f2874c6a-efe9-4f48-8c15-64eb2698a6fe: start f2874c6a-efe9-4f48-8c15-64eb2698a6fe@group-5F9640C5EC9E-FollowerState
2021-04-29 10:57:33,333 [f2874c6a-efe9-4f48-8c15-64eb2698a6fe@group-5F9640C5EC9E-FollowerState] INFO  impl.FollowerState (FollowerState.java:run(143)) - f2874c6a-efe9-4f48-8c15-64eb2698a6fe@group-5F9640C5EC9E-FollowerState was interrupted: {}
java.lang.InterruptedException: sleep interrupted
	at java.lang.Thread.sleep(Native Method)
	at java.lang.Thread.sleep(Thread.java:340)
	at java.util.concurrent.TimeUnit.sleep(TimeUnit.java:386)
	at org.apache.ratis.util.TimeDuration.sleep(TimeDuration.java:324)
	at org.apache.ratis.util.TimeDuration.sleep(TimeDuration.java:309)
	at org.apache.ratis.server.impl.FollowerState.run(FollowerState.java:118)
2021-04-29 10:57:33,339 [grpc-default-executor-0] INFO  server.RaftServer$Division (RaftServerImpl.java:requestVote(1074)) - f2874c6a-efe9-4f48-8c15-64eb2698a6fe@group-5F9640C5EC9E replies to ELECTION vote request: 2ece3016-29da-4712-9e61-42b563feafe4<-f2874c6a-efe9-4f48-8c15-64eb2698a6fe#0:OK-t3. Peer's state: f2874c6a-efe9-4f48-8c15-64eb2698a6fe@group-5F9640C5EC9E:t3, leader=null, voted=2ece3016-29da-4712-9e61-42b563feafe4, raftlog=f2874c6a-efe9-4f48-8c15-64eb2698a6fe@group-5F9640C5EC9E-SegmentedRaftLog:OPENED:c-1,f-1,i0, conf=-1: [2ece3016-29da-4712-9e61-42b563feafe4|rpc:172.17.0.2:37483|priority:0, f2874c6a-efe9-4f48-8c15-64eb2698a6fe|rpc:172.17.0.2:38031|priority:0, 51593562-bf48-4e12-b0f7-435460a60e26|rpc:172.17.0.2:37879|priority:1], old=null
2021-04-29 10:57:33,355 [51593562-bf48-4e12-b0f7-435460a60e26@group-5F9640C5EC9E-LeaderStateImpl] INFO  server.RaftServer$Division (ServerState.java:setLeader(271)) - 51593562-bf48-4e12-b0f7-435460a60e26@group-5F9640C5EC9E: change Leader from 51593562-bf48-4e12-b0f7-435460a60e26 to null at term 3 for updateCurrentTerm
2021-04-29 10:57:33,355 [51593562-bf48-4e12-b0f7-435460a60e26@group-5F9640C5EC9E-LeaderStateImpl] INFO  server.RaftServer$Division (RaftServerImpl.java:setRole(284)) - 51593562-bf48-4e12-b0f7-435460a60e26@group-5F9640C5EC9E: changes role from    LEADER to FOLLOWER at term 3 for StepDownReason:HIGHER_TERM
2021-04-29 10:57:33,355 [51593562-bf48-4e12-b0f7-435460a60e26@group-5F9640C5EC9E-LeaderStateImpl] INFO  impl.RoleInfo (RoleInfo.java:shutdownLeaderState(91)) - 51593562-bf48-4e12-b0f7-435460a60e26: shutdown 51593562-bf48-4e12-b0f7-435460a60e26@group-5F9640C5EC9E-LeaderStateImpl
2021-04-29 10:57:33,355 [51593562-bf48-4e12-b0f7-435460a60e26@group-5F9640C5EC9E-LeaderStateImpl] INFO  metrics.RatisMetrics (RatisMetrics.java:unregister(43)) - Unregistering Metrics Registry : ratis_grpc.log_appender.51593562-bf48-4e12-b0f7-435460a60e26@group-5F9640C5EC9E
2021-04-29 10:57:33,356 [51593562-bf48-4e12-b0f7-435460a60e26@group-5F9640C5EC9E-LeaderStateImpl] INFO  metrics.RatisMetrics (RatisMetrics.java:unregister(43)) - Unregistering Metrics Registry : ratis_grpc.log_appender.51593562-bf48-4e12-b0f7-435460a60e26@group-5F9640C5EC9E
2021-04-29 10:57:33,356 [51593562-bf48-4e12-b0f7-435460a60e26@group-5F9640C5EC9E->2ece3016-29da-4712-9e61-42b563feafe4-GrpcLogAppender-LogAppenderDaemon] WARN  server.GrpcLogAppender (GrpcLogAppender.java:mayWait(175)) - 51593562-bf48-4e12-b0f7-435460a60e26@group-5F9640C5EC9E->2ece3016-29da-4712-9e61-42b563feafe4-GrpcLogAppender: Wait interrupted by java.lang.InterruptedException
2021-04-29 10:57:33,356 [51593562-bf48-4e12-b0f7-435460a60e26@group-5F9640C5EC9E-LeaderStateImpl] INFO  impl.PendingRequests (PendingRequests.java:sendNotLeaderResponses(249)) - 51593562-bf48-4e12-b0f7-435460a60e26@group-5F9640C5EC9E-PendingRequests: sendNotLeaderResponses
2021-04-29 10:57:33,357 [51593562-bf48-4e12-b0f7-435460a60e26@group-5F9640C5EC9E->f2874c6a-efe9-4f48-8c15-64eb2698a6fe-GrpcLogAppender-LogAppenderDaemon] WARN  server.GrpcLogAppender (GrpcLogAppender.java:mayWait(175)) - 51593562-bf48-4e12-b0f7-435460a60e26@group-5F9640C5EC9E->f2874c6a-efe9-4f48-8c15-64eb2698a6fe-GrpcLogAppender: Wait interrupted by java.lang.InterruptedException
2021-04-29 10:57:33,363 [51593562-bf48-4e12-b0f7-435460a60e26@group-5F9640C5EC9E-LeaderStateImpl] INFO  metrics.RatisMetrics (RatisMetrics.java:unregister(43)) - Unregistering Metrics Registry : ratis.log_appender.51593562-bf48-4e12-b0f7-435460a60e26@group-5F9640C5EC9E
2021-04-29 10:57:33,364 [51593562-bf48-4e12-b0f7-435460a60e26@group-5F9640C5EC9E-LeaderStateImpl] INFO  metrics.RatisMetrics (RatisMetrics.java:unregister(43)) - Unregistering Metrics Registry : ratis.server.51593562-bf48-4e12-b0f7-435460a60e26@group-5F9640C5EC9E
2021-04-29 10:57:33,366 [grpc-default-executor-1] INFO  server.GrpcServerProtocolService (GrpcServerProtocolService.java:onCompleted(140)) - 2ece3016-29da-4712-9e61-42b563feafe4: Completed APPEND_ENTRIES, lastRequest: 51593562-bf48-4e12-b0f7-435460a60e26->2ece3016-29da-4712-9e61-42b563feafe4#1-t2,previous=(t:0, i:0),leaderCommit=0,initializing? true,entries: size=1, first=(t:2, i:0), CONFIGURATIONENTRY
2021-04-29 10:57:33,383 [grpc-default-executor-3] INFO  server.RaftServer$Division (RaftServerImpl.java:requestVote(1042)) - 51593562-bf48-4e12-b0f7-435460a60e26@group-5F9640C5EC9E: receive requestVote(ELECTION, 2ece3016-29da-4712-9e61-42b563feafe4, group-5F9640C5EC9E, 3, (t:0, i:0))
2021-04-29 10:57:33,388 [51593562-bf48-4e12-b0f7-435460a60e26@group-5F9640C5EC9E-LeaderStateImpl] INFO  impl.RoleInfo (RoleInfo.java:updateAndGet(130)) - 51593562-bf48-4e12-b0f7-435460a60e26: start 51593562-bf48-4e12-b0f7-435460a60e26@group-5F9640C5EC9E-FollowerState
2021-04-29 10:57:33,391 [grpc-default-executor-0] INFO  server.GrpcLogAppender (GrpcLogAppender.java:onCompleted(344)) - 51593562-bf48-4e12-b0f7-435460a60e26@group-5F9640C5EC9E->2ece3016-29da-4712-9e61-42b563feafe4-AppendLogResponseHandler: follower responses appendEntries COMPLETED
2021-04-29 10:57:33,394 [grpc-default-executor-0] INFO  leader.FollowerInfo (FollowerInfoImpl.java:lambda$new$0(46)) - 51593562-bf48-4e12-b0f7-435460a60e26@group-5F9640C5EC9E->2ece3016-29da-4712-9e61-42b563feafe4: nextIndex: updateUnconditionally 1 -> 0
2021-04-29 10:57:33,398 [grpc-default-executor-3] INFO  impl.VoteContext (VoteContext.java:log(48)) - 51593562-bf48-4e12-b0f7-435460a60e26@group-5F9640C5EC9E-FOLLOWER: reject ELECTION from 2ece3016-29da-4712-9e61-42b563feafe4: our last entry (t:2, i:0) > candidate's last entry (t:0, i:0)
2021-04-29 10:57:33,398 [grpc-default-executor-3] INFO  server.RaftServer$Division (RaftServerImpl.java:setRole(284)) - 51593562-bf48-4e12-b0f7-435460a60e26@group-5F9640C5EC9E: changes role from  FOLLOWER to FOLLOWER at term 3 for candidate:2ece3016-29da-4712-9e61-42b563feafe4
2021-04-29 10:57:33,398 [grpc-default-executor-3] INFO  impl.RoleInfo (RoleInfo.java:shutdownFollowerState(108)) - 51593562-bf48-4e12-b0f7-435460a60e26: shutdown 51593562-bf48-4e12-b0f7-435460a60e26@group-5F9640C5EC9E-FollowerState
2021-04-29 10:57:33,390 [grpc-default-executor-4] INFO  server.GrpcServerProtocolService (GrpcServerProtocolService.java:onCompleted(140)) - f2874c6a-efe9-4f48-8c15-64eb2698a6fe: Completed APPEND_ENTRIES, lastRequest: 51593562-bf48-4e12-b0f7-435460a60e26->f2874c6a-efe9-4f48-8c15-64eb2698a6fe#1-t2,previous=(t:0, i:0),leaderCommit=0,initializing? true,entries: size=1, first=(t:2, i:0), CONFIGURATIONENTRY
2021-04-29 10:57:33,396 [OM StateMachine ApplyTransaction Thread - 0] INFO  volume.OMVolumeCreateRequest (OMVolumeCreateRequest.java:validateAndUpdateCache(195)) - created volume:watchforcommithandlingtest for user:jenkins1001
2021-04-29 10:57:33,398 [51593562-bf48-4e12-b0f7-435460a60e26@group-5F9640C5EC9E-FollowerState] INFO  impl.FollowerState (FollowerState.java:run(143)) - 51593562-bf48-4e12-b0f7-435460a60e26@group-5F9640C5EC9E-FollowerState was interrupted: {}
java.lang.InterruptedException: sleep interrupted
	at java.lang.Thread.sleep(Native Method)
	at java.lang.Thread.sleep(Thread.java:340)
	at java.util.concurrent.TimeUnit.sleep(TimeUnit.java:386)
	at org.apache.ratis.util.TimeDuration.sleep(TimeDuration.java:324)
	at org.apache.ratis.util.TimeDuration.sleep(TimeDuration.java:309)
	at org.apache.ratis.server.impl.FollowerState.run(FollowerState.java:118)
2021-04-29 10:57:33,398 [grpc-default-executor-3] INFO  impl.RoleInfo (RoleInfo.java:updateAndGet(130)) - 51593562-bf48-4e12-b0f7-435460a60e26: start 51593562-bf48-4e12-b0f7-435460a60e26@group-5F9640C5EC9E-FollowerState
2021-04-29 10:57:33,408 [grpc-default-executor-3] INFO  server.RaftServer$Division (RaftServerImpl.java:requestVote(1074)) - 51593562-bf48-4e12-b0f7-435460a60e26@group-5F9640C5EC9E replies to ELECTION vote request: 2ece3016-29da-4712-9e61-42b563feafe4<-51593562-bf48-4e12-b0f7-435460a60e26#0:FAIL-t3. Peer's state: 51593562-bf48-4e12-b0f7-435460a60e26@group-5F9640C5EC9E:t3, leader=null, voted=null, raftlog=51593562-bf48-4e12-b0f7-435460a60e26@group-5F9640C5EC9E-SegmentedRaftLog:OPENED:c0,f0,i0, conf=0: [2ece3016-29da-4712-9e61-42b563feafe4|rpc:172.17.0.2:37483|dataStream:|priority:0, f2874c6a-efe9-4f48-8c15-64eb2698a6fe|rpc:172.17.0.2:38031|dataStream:|priority:0, 51593562-bf48-4e12-b0f7-435460a60e26|rpc:172.17.0.2:37879|dataStream:|priority:1], old=null
2021-04-29 10:57:33,408 [grpc-default-executor-2] INFO  server.GrpcLogAppender (GrpcLogAppender.java:onCompleted(344)) - 51593562-bf48-4e12-b0f7-435460a60e26@group-5F9640C5EC9E->f2874c6a-efe9-4f48-8c15-64eb2698a6fe-AppendLogResponseHandler: follower responses appendEntries COMPLETED
2021-04-29 10:57:33,408 [grpc-default-executor-2] INFO  leader.FollowerInfo (FollowerInfoImpl.java:lambda$new$0(46)) - 51593562-bf48-4e12-b0f7-435460a60e26@group-5F9640C5EC9E->f2874c6a-efe9-4f48-8c15-64eb2698a6fe: nextIndex: updateUnconditionally 1 -> 0
2021-04-29 10:57:33,414 [2ece3016-29da-4712-9e61-42b563feafe4@group-5F9640C5EC9E-LeaderElection18] INFO  impl.LeaderElection (LeaderElection.java:logAndReturn(89)) - 2ece3016-29da-4712-9e61-42b563feafe4@group-5F9640C5EC9E-LeaderElection18: ELECTION REJECTED received 2 response(s) and 0 exception(s):
2021-04-29 10:57:33,415 [2ece3016-29da-4712-9e61-42b563feafe4@group-5F9640C5EC9E-LeaderElection18] INFO  impl.LeaderElection (LeaderElection.java:logAndReturn(93)) -   Response 0: 2ece3016-29da-4712-9e61-42b563feafe4<-f2874c6a-efe9-4f48-8c15-64eb2698a6fe#0:OK-t3
2021-04-29 10:57:33,415 [2ece3016-29da-4712-9e61-42b563feafe4@group-5F9640C5EC9E-LeaderElection18] INFO  impl.LeaderElection (LeaderElection.java:logAndReturn(93)) -   Response 1: 2ece3016-29da-4712-9e61-42b563feafe4<-51593562-bf48-4e12-b0f7-435460a60e26#0:FAIL-t3
2021-04-29 10:57:33,415 [2ece3016-29da-4712-9e61-42b563feafe4@group-5F9640C5EC9E-LeaderElection18] INFO  impl.LeaderElection (LeaderElection.java:askForVotes(308)) - 2ece3016-29da-4712-9e61-42b563feafe4@group-5F9640C5EC9E-LeaderElection18 ELECTION round 0: result REJECTED
2021-04-29 10:57:33,415 [2ece3016-29da-4712-9e61-42b563feafe4@group-5F9640C5EC9E-LeaderElection18] INFO  server.RaftServer$Division (RaftServerImpl.java:setRole(284)) - 2ece3016-29da-4712-9e61-42b563feafe4@group-5F9640C5EC9E: changes role from CANDIDATE to FOLLOWER at term 3 for REJECTED
2021-04-29 10:57:33,415 [2ece3016-29da-4712-9e61-42b563feafe4@group-5F9640C5EC9E-LeaderElection18] INFO  impl.RoleInfo (RoleInfo.java:shutdownLeaderElection(121)) - 2ece3016-29da-4712-9e61-42b563feafe4: shutdown 2ece3016-29da-4712-9e61-42b563feafe4@group-5F9640C5EC9E-LeaderElection18
2021-04-29 10:57:33,415 [2ece3016-29da-4712-9e61-42b563feafe4@group-5F9640C5EC9E-LeaderElection18] INFO  impl.RoleInfo (RoleInfo.java:updateAndGet(130)) - 2ece3016-29da-4712-9e61-42b563feafe4: start 2ece3016-29da-4712-9e61-42b563feafe4@group-5F9640C5EC9E-FollowerState
2021-04-29 10:57:33,449 [Listener at 127.0.0.1/42781] INFO  rpc.RpcClient (RpcClient.java:createBucket(479)) - Creating Bucket: watchforcommithandlingtest/watchforcommithandlingtest, with Versioning false and Storage Type set to DISK and Encryption set to false 
2021-04-29 10:57:33,469 [Listener at 127.0.0.1/42781] INFO  ozone.MiniOzoneClusterImpl (MiniOzoneClusterImpl.java:getStorageContainerLocationClient(336)) - Creating StorageContainerLocationProtocol RPC client with address /0.0.0.0:39801
2021-04-29 10:57:33,515 [IPC Server handler 0 on default port 38485] INFO  ha.SequenceIdGenerator (SequenceIdGenerator.java:getNextId(127)) - Allocate a batch for containerId, change lastId from 0 to 1000.
2021-04-29 10:57:33,527 [IPC Server handler 0 on default port 38485] WARN  ha.SequenceIdGenerator (SequenceIdGenerator.java:allocateBatch(213)) - Failed to allocate a batch for localId, expected lastId is 0, actual lastId is 107544261427200000.
2021-04-29 10:57:33,527 [IPC Server handler 0 on default port 38485] INFO  ha.SequenceIdGenerator (SequenceIdGenerator.java:getNextId(127)) - Allocate a batch for localId, change lastId from 107544261427200000 to 107544261427201000.
2021-04-29 10:57:33,625 [Listener at 127.0.0.1/42781] INFO  impl.MetricsSystemImpl (MetricsSystemImpl.java:init(158)) - XceiverClientMetrics metrics system started (again)
2021-04-29 10:57:33,704 [Listener at 127.0.0.1/42781] INFO  metrics.RatisMetrics (RatisMetrics.java:lambda$create$0(36)) - Creating Metrics Registry : ratis.client_message_metrics.client-4AA98A506990->51593562-bf48-4e12-b0f7-435460a60e26
2021-04-29 10:57:36,650 [370ef436-e033-42aa-a9de-e846a346aa8c@group-AAC7C0471365-FollowerState] INFO  impl.FollowerState (FollowerState.java:run(134)) - 370ef436-e033-42aa-a9de-e846a346aa8c@group-AAC7C0471365-FollowerState: change to CANDIDATE, lastRpcElapsedTime:5078295063ns, electionTimeout:5075ms
2021-04-29 10:57:36,650 [370ef436-e033-42aa-a9de-e846a346aa8c@group-AAC7C0471365-FollowerState] INFO  impl.RoleInfo (RoleInfo.java:shutdownFollowerState(108)) - 370ef436-e033-42aa-a9de-e846a346aa8c: shutdown 370ef436-e033-42aa-a9de-e846a346aa8c@group-AAC7C0471365-FollowerState
2021-04-29 10:57:36,650 [370ef436-e033-42aa-a9de-e846a346aa8c@group-AAC7C0471365-FollowerState] INFO  server.RaftServer$Division (RaftServerImpl.java:setRole(284)) - 370ef436-e033-42aa-a9de-e846a346aa8c@group-AAC7C0471365: changes role from  FOLLOWER to CANDIDATE at term 2 for changeToCandidate
2021-04-29 10:57:36,651 [370ef436-e033-42aa-a9de-e846a346aa8c@group-AAC7C0471365-FollowerState] INFO  server.RaftServerConfigKeys (ConfUtils.java:logGet(44)) - raft.server.leaderelection.pre-vote = false (custom)
2021-04-29 10:57:36,651 [370ef436-e033-42aa-a9de-e846a346aa8c@group-AAC7C0471365-FollowerState] INFO  impl.RoleInfo (RoleInfo.java:updateAndGet(130)) - 370ef436-e033-42aa-a9de-e846a346aa8c: start 370ef436-e033-42aa-a9de-e846a346aa8c@group-AAC7C0471365-LeaderElection19
2021-04-29 10:57:36,654 [370ef436-e033-42aa-a9de-e846a346aa8c@group-AAC7C0471365-LeaderElection19] INFO  impl.LeaderElection (LeaderElection.java:askForVotes(306)) - 370ef436-e033-42aa-a9de-e846a346aa8c@group-AAC7C0471365-LeaderElection19 ELECTION round 0: submit vote requests at term 3 for -1: [370ef436-e033-42aa-a9de-e846a346aa8c|rpc:172.17.0.2:41417|priority:1, e351f40b-7d1e-4f0b-9ad9-d74fe5b38461|rpc:172.17.0.2:46021|priority:0, 18d1b3e1-cb4e-4e34-82f6-cc3a7f954247|rpc:172.17.0.2:46575|priority:0], old=null
2021-04-29 10:57:36,666 [grpc-default-executor-2] INFO  server.RaftServer$Division (RaftServerImpl.java:requestVote(1042)) - 18d1b3e1-cb4e-4e34-82f6-cc3a7f954247@group-AAC7C0471365: receive requestVote(ELECTION, 370ef436-e033-42aa-a9de-e846a346aa8c, group-AAC7C0471365, 3, (t:0, i:0))
2021-04-29 10:57:36,666 [grpc-default-executor-2] INFO  impl.VoteContext (VoteContext.java:log(48)) - 18d1b3e1-cb4e-4e34-82f6-cc3a7f954247@group-AAC7C0471365-FOLLOWER: accept ELECTION from 370ef436-e033-42aa-a9de-e846a346aa8c: our priority 0 <= candidate's priority 1
2021-04-29 10:57:36,666 [grpc-default-executor-2] INFO  server.RaftServer$Division (RaftServerImpl.java:setRole(284)) - 18d1b3e1-cb4e-4e34-82f6-cc3a7f954247@group-AAC7C0471365: changes role from  FOLLOWER to FOLLOWER at term 3 for candidate:370ef436-e033-42aa-a9de-e846a346aa8c
2021-04-29 10:57:36,666 [grpc-default-executor-2] INFO  impl.RoleInfo (RoleInfo.java:shutdownFollowerState(108)) - 18d1b3e1-cb4e-4e34-82f6-cc3a7f954247: shutdown 18d1b3e1-cb4e-4e34-82f6-cc3a7f954247@group-AAC7C0471365-FollowerState
2021-04-29 10:57:36,666 [grpc-default-executor-2] INFO  impl.RoleInfo (RoleInfo.java:updateAndGet(130)) - 18d1b3e1-cb4e-4e34-82f6-cc3a7f954247: start 18d1b3e1-cb4e-4e34-82f6-cc3a7f954247@group-AAC7C0471365-FollowerState
2021-04-29 10:57:36,666 [18d1b3e1-cb4e-4e34-82f6-cc3a7f954247@group-AAC7C0471365-FollowerState] INFO  impl.FollowerState (FollowerState.java:run(143)) - 18d1b3e1-cb4e-4e34-82f6-cc3a7f954247@group-AAC7C0471365-FollowerState was interrupted: {}
java.lang.InterruptedException: sleep interrupted
	at java.lang.Thread.sleep(Native Method)
	at java.lang.Thread.sleep(Thread.java:340)
	at java.util.concurrent.TimeUnit.sleep(TimeUnit.java:386)
	at org.apache.ratis.util.TimeDuration.sleep(TimeDuration.java:324)
	at org.apache.ratis.util.TimeDuration.sleep(TimeDuration.java:309)
	at org.apache.ratis.server.impl.FollowerState.run(FollowerState.java:118)
2021-04-29 10:57:36,676 [grpc-default-executor-2] INFO  server.RaftServer$Division (RaftServerImpl.java:requestVote(1074)) - 18d1b3e1-cb4e-4e34-82f6-cc3a7f954247@group-AAC7C0471365 replies to ELECTION vote request: 370ef436-e033-42aa-a9de-e846a346aa8c<-18d1b3e1-cb4e-4e34-82f6-cc3a7f954247#0:OK-t3. Peer's state: 18d1b3e1-cb4e-4e34-82f6-cc3a7f954247@group-AAC7C0471365:t3, leader=null, voted=370ef436-e033-42aa-a9de-e846a346aa8c, raftlog=18d1b3e1-cb4e-4e34-82f6-cc3a7f954247@group-AAC7C0471365-SegmentedRaftLog:OPENED:c-1,f-1,i0, conf=-1: [370ef436-e033-42aa-a9de-e846a346aa8c|rpc:172.17.0.2:41417|priority:1, e351f40b-7d1e-4f0b-9ad9-d74fe5b38461|rpc:172.17.0.2:46021|priority:0, 18d1b3e1-cb4e-4e34-82f6-cc3a7f954247|rpc:172.17.0.2:46575|priority:0], old=null
2021-04-29 10:57:36,678 [370ef436-e033-42aa-a9de-e846a346aa8c@group-AAC7C0471365-LeaderElection19] INFO  impl.LeaderElection (LeaderElection.java:logAndReturn(89)) - 370ef436-e033-42aa-a9de-e846a346aa8c@group-AAC7C0471365-LeaderElection19: ELECTION PASSED received 1 response(s) and 0 exception(s):
2021-04-29 10:57:36,678 [370ef436-e033-42aa-a9de-e846a346aa8c@group-AAC7C0471365-LeaderElection19] INFO  impl.LeaderElection (LeaderElection.java:logAndReturn(93)) -   Response 0: 370ef436-e033-42aa-a9de-e846a346aa8c<-18d1b3e1-cb4e-4e34-82f6-cc3a7f954247#0:OK-t3
2021-04-29 10:57:36,678 [370ef436-e033-42aa-a9de-e846a346aa8c@group-AAC7C0471365-LeaderElection19] INFO  impl.LeaderElection (LeaderElection.java:askForVotes(308)) - 370ef436-e033-42aa-a9de-e846a346aa8c@group-AAC7C0471365-LeaderElection19 ELECTION round 0: result PASSED
2021-04-29 10:57:36,678 [370ef436-e033-42aa-a9de-e846a346aa8c@group-AAC7C0471365-LeaderElection19] INFO  impl.RoleInfo (RoleInfo.java:shutdownLeaderElection(121)) - 370ef436-e033-42aa-a9de-e846a346aa8c: shutdown 370ef436-e033-42aa-a9de-e846a346aa8c@group-AAC7C0471365-LeaderElection19
2021-04-29 10:57:36,678 [370ef436-e033-42aa-a9de-e846a346aa8c@group-AAC7C0471365-LeaderElection19] INFO  server.RaftServer$Division (RaftServerImpl.java:setRole(284)) - 370ef436-e033-42aa-a9de-e846a346aa8c@group-AAC7C0471365: changes role from CANDIDATE to LEADER at term 3 for changeToLeader
2021-04-29 10:57:36,678 [370ef436-e033-42aa-a9de-e846a346aa8c@group-AAC7C0471365-LeaderElection19] INFO  ratis.XceiverServerRatis (XceiverServerRatis.java:handleLeaderChangedNotification(906)) - Leader change notification received for group: group-AAC7C0471365 with new leaderId: 370ef436-e033-42aa-a9de-e846a346aa8c
2021-04-29 10:57:36,679 [370ef436-e033-42aa-a9de-e846a346aa8c@group-AAC7C0471365-LeaderElection19] INFO  server.RaftServer$Division (ServerState.java:setLeader(271)) - 370ef436-e033-42aa-a9de-e846a346aa8c@group-AAC7C0471365: change Leader from null to 370ef436-e033-42aa-a9de-e846a346aa8c at term 3 for becomeLeader, leader elected after 14755ms
2021-04-29 10:57:36,679 [370ef436-e033-42aa-a9de-e846a346aa8c@group-AAC7C0471365-LeaderElection19] INFO  server.RaftServerConfigKeys (ConfUtils.java:logGet(44)) - raft.server.staging.catchup.gap = 1000 (default)
2021-04-29 10:57:36,679 [370ef436-e033-42aa-a9de-e846a346aa8c@group-AAC7C0471365-LeaderElection19] INFO  metrics.RatisMetrics (RatisMetrics.java:lambda$create$0(36)) - Creating Metrics Registry : ratis.log_appender.370ef436-e033-42aa-a9de-e846a346aa8c@group-AAC7C0471365
2021-04-29 10:57:36,679 [370ef436-e033-42aa-a9de-e846a346aa8c@group-AAC7C0471365-LeaderElection19] INFO  server.RaftServerConfigKeys (ConfUtils.java:logGet(44)) - raft.server.write.element-limit = 1024 (custom)
2021-04-29 10:57:36,679 [370ef436-e033-42aa-a9de-e846a346aa8c@group-AAC7C0471365-LeaderElection19] INFO  server.RaftServerConfigKeys (ConfUtils.java:logGet(44)) - raft.server.write.byte-limit = 1073741824 (custom)
2021-04-29 10:57:36,680 [370ef436-e033-42aa-a9de-e846a346aa8c@group-AAC7C0471365-LeaderElection19] INFO  server.RaftServerConfigKeys (ConfUtils.java:logGet(44)) - raft.server.watch.timeout = 3000ms (custom)
2021-04-29 10:57:36,681 [grpc-default-executor-3] INFO  server.RaftServer$Division (RaftServerImpl.java:requestVote(1042)) - e351f40b-7d1e-4f0b-9ad9-d74fe5b38461@group-AAC7C0471365: receive requestVote(ELECTION, 370ef436-e033-42aa-a9de-e846a346aa8c, group-AAC7C0471365, 3, (t:0, i:0))
2021-04-29 10:57:36,681 [370ef436-e033-42aa-a9de-e846a346aa8c@group-AAC7C0471365-LeaderElection19] INFO  server.RaftServerConfigKeys (ConfUtils.java:logGet(44)) - raft.server.watch.timeout.denomination = 1s (default)
2021-04-29 10:57:36,681 [370ef436-e033-42aa-a9de-e846a346aa8c@group-AAC7C0471365-LeaderElection19] INFO  server.RaftServerConfigKeys (ConfUtils.java:logGet(44)) - raft.server.watch.element-limit = 65536 (default)
2021-04-29 10:57:36,681 [grpc-default-executor-3] INFO  impl.VoteContext (VoteContext.java:log(48)) - e351f40b-7d1e-4f0b-9ad9-d74fe5b38461@group-AAC7C0471365-FOLLOWER: accept ELECTION from 370ef436-e033-42aa-a9de-e846a346aa8c: our priority 0 <= candidate's priority 1
2021-04-29 10:57:36,681 [370ef436-e033-42aa-a9de-e846a346aa8c@group-AAC7C0471365-LeaderElection19] INFO  server.RaftServerConfigKeys (ConfUtils.java:logGet(44)) - raft.server.log.appender.snapshot.chunk.size.max = 16MB (=16777216) (default)
2021-04-29 10:57:36,681 [370ef436-e033-42aa-a9de-e846a346aa8c@group-AAC7C0471365-LeaderElection19] INFO  server.RaftServerConfigKeys (ConfUtils.java:logGet(44)) - raft.server.log.appender.buffer.byte-limit = 33554432 (custom)
2021-04-29 10:57:36,681 [370ef436-e033-42aa-a9de-e846a346aa8c@group-AAC7C0471365-LeaderElection19] INFO  server.RaftServerConfigKeys (ConfUtils.java:logGet(44)) - raft.server.log.appender.buffer.element-limit = 1 (custom)
2021-04-29 10:57:36,681 [grpc-default-executor-3] INFO  server.RaftServer$Division (RaftServerImpl.java:setRole(284)) - e351f40b-7d1e-4f0b-9ad9-d74fe5b38461@group-AAC7C0471365: changes role from  FOLLOWER to FOLLOWER at term 3 for candidate:370ef436-e033-42aa-a9de-e846a346aa8c
2021-04-29 10:57:36,681 [grpc-default-executor-3] INFO  impl.RoleInfo (RoleInfo.java:shutdownFollowerState(108)) - e351f40b-7d1e-4f0b-9ad9-d74fe5b38461: shutdown e351f40b-7d1e-4f0b-9ad9-d74fe5b38461@group-AAC7C0471365-FollowerState
2021-04-29 10:57:36,682 [grpc-default-executor-3] INFO  impl.RoleInfo (RoleInfo.java:updateAndGet(130)) - e351f40b-7d1e-4f0b-9ad9-d74fe5b38461: start e351f40b-7d1e-4f0b-9ad9-d74fe5b38461@group-AAC7C0471365-FollowerState
2021-04-29 10:57:36,682 [e351f40b-7d1e-4f0b-9ad9-d74fe5b38461@group-AAC7C0471365-FollowerState] INFO  impl.FollowerState (FollowerState.java:run(143)) - e351f40b-7d1e-4f0b-9ad9-d74fe5b38461@group-AAC7C0471365-FollowerState was interrupted: {}
java.lang.InterruptedException: sleep interrupted
	at java.lang.Thread.sleep(Native Method)
	at java.lang.Thread.sleep(Thread.java:340)
	at java.util.concurrent.TimeUnit.sleep(TimeUnit.java:386)
	at org.apache.ratis.util.TimeDuration.sleep(TimeDuration.java:324)
	at org.apache.ratis.util.TimeDuration.sleep(TimeDuration.java:309)
	at org.apache.ratis.server.impl.FollowerState.run(FollowerState.java:118)
2021-04-29 10:57:36,681 [370ef436-e033-42aa-a9de-e846a346aa8c@group-AAC7C0471365-LeaderElection19] INFO  grpc.GrpcConfigKeys (ConfUtils.java:logGet(44)) - raft.grpc.server.leader.outstanding.appends.max = 128 (default)
2021-04-29 10:57:36,682 [370ef436-e033-42aa-a9de-e846a346aa8c@group-AAC7C0471365-LeaderElection19] INFO  server.RaftServerConfigKeys (ConfUtils.java:logGet(44)) - raft.server.rpc.request.timeout = 3000ms (default)
2021-04-29 10:57:36,683 [EventQueue-PipelineReportForPipelineReportHandler] INFO  pipeline.PipelineManagerV2Impl (PipelineManagerV2Impl.java:openPipeline(270)) - Pipeline Pipeline[ Id: d41d1735-2b4e-48ce-b160-aac7c0471365, Nodes: e351f40b-7d1e-4f0b-9ad9-d74fe5b38461{ip: 172.17.0.2, host: 8023de4eb765, ports: [REPLICATION=41935, RATIS=46021, RATIS_ADMIN=46021, RATIS_SERVER=46021, STANDALONE=34779], networkLocation: /default-rack, certSerialId: null, persistedOpState: IN_SERVICE, persistedOpStateExpiryEpochSec: 0}370ef436-e033-42aa-a9de-e846a346aa8c{ip: 172.17.0.2, host: 8023de4eb765, ports: [REPLICATION=46605, RATIS=41417, RATIS_ADMIN=41417, RATIS_SERVER=41417, STANDALONE=35811], networkLocation: /default-rack, certSerialId: null, persistedOpState: IN_SERVICE, persistedOpStateExpiryEpochSec: 0}18d1b3e1-cb4e-4e34-82f6-cc3a7f954247{ip: 172.17.0.2, host: 8023de4eb765, ports: [REPLICATION=40101, RATIS=46575, RATIS_ADMIN=46575, RATIS_SERVER=46575, STANDALONE=39739], networkLocation: /default-rack, certSerialId: null, persistedOpState: IN_SERVICE, persistedOpStateExpiryEpochSec: 0}, ReplicationConfig: RATIS/THREE, State:ALLOCATED, leaderId:370ef436-e033-42aa-a9de-e846a346aa8c, CreationTimestamp2021-04-29T10:57:18.859Z] moved to OPEN state
2021-04-29 10:57:36,683 [370ef436-e033-42aa-a9de-e846a346aa8c@group-AAC7C0471365-LeaderElection19] INFO  server.RaftServerConfigKeys (ConfUtils.java:logGet(44)) - raft.server.log.appender.install.snapshot.enabled = false (custom)
2021-04-29 10:57:36,683 [370ef436-e033-42aa-a9de-e846a346aa8c@group-AAC7C0471365-LeaderElection19] INFO  metrics.RatisMetrics (RatisMetrics.java:lambda$create$0(36)) - Creating Metrics Registry : ratis_grpc.log_appender.370ef436-e033-42aa-a9de-e846a346aa8c@group-AAC7C0471365
2021-04-29 10:57:36,690 [370ef436-e033-42aa-a9de-e846a346aa8c@group-AAC7C0471365-LeaderElection19] INFO  server.RaftServerConfigKeys (ConfUtils.java:logGet(44)) - raft.server.log.appender.snapshot.chunk.size.max = 16MB (=16777216) (default)
2021-04-29 10:57:36,691 [370ef436-e033-42aa-a9de-e846a346aa8c@group-AAC7C0471365-LeaderElection19] INFO  server.RaftServerConfigKeys (ConfUtils.java:logGet(44)) - raft.server.log.appender.buffer.byte-limit = 33554432 (custom)
2021-04-29 10:57:36,691 [370ef436-e033-42aa-a9de-e846a346aa8c@group-AAC7C0471365-LeaderElection19] INFO  server.RaftServerConfigKeys (ConfUtils.java:logGet(44)) - raft.server.log.appender.buffer.element-limit = 1 (custom)
2021-04-29 10:57:36,692 [370ef436-e033-42aa-a9de-e846a346aa8c@group-AAC7C0471365-LeaderElection19] INFO  grpc.GrpcConfigKeys (ConfUtils.java:logGet(44)) - raft.grpc.server.leader.outstanding.appends.max = 128 (default)
2021-04-29 10:57:36,692 [370ef436-e033-42aa-a9de-e846a346aa8c@group-AAC7C0471365-LeaderElection19] INFO  server.RaftServerConfigKeys (ConfUtils.java:logGet(44)) - raft.server.rpc.request.timeout = 3000ms (default)
2021-04-29 10:57:36,692 [370ef436-e033-42aa-a9de-e846a346aa8c@group-AAC7C0471365-LeaderElection19] INFO  server.RaftServerConfigKeys (ConfUtils.java:logGet(44)) - raft.server.log.appender.install.snapshot.enabled = false (custom)
2021-04-29 10:57:36,693 [grpc-default-executor-3] INFO  server.RaftServer$Division (RaftServerImpl.java:requestVote(1074)) - e351f40b-7d1e-4f0b-9ad9-d74fe5b38461@group-AAC7C0471365 replies to ELECTION vote request: 370ef436-e033-42aa-a9de-e846a346aa8c<-e351f40b-7d1e-4f0b-9ad9-d74fe5b38461#0:OK-t3. Peer's state: e351f40b-7d1e-4f0b-9ad9-d74fe5b38461@group-AAC7C0471365:t3, leader=null, voted=370ef436-e033-42aa-a9de-e846a346aa8c, raftlog=e351f40b-7d1e-4f0b-9ad9-d74fe5b38461@group-AAC7C0471365-SegmentedRaftLog:OPENED:c-1,f-1,i0, conf=-1: [370ef436-e033-42aa-a9de-e846a346aa8c|rpc:172.17.0.2:41417|dataStream:|priority:1, e351f40b-7d1e-4f0b-9ad9-d74fe5b38461|rpc:172.17.0.2:46021|dataStream:|priority:0, 18d1b3e1-cb4e-4e34-82f6-cc3a7f954247|rpc:172.17.0.2:46575|dataStream:|priority:0], old=null
2021-04-29 10:57:36,693 [370ef436-e033-42aa-a9de-e846a346aa8c@group-AAC7C0471365-LeaderElection19] INFO  impl.RoleInfo (RoleInfo.java:updateAndGet(130)) - 370ef436-e033-42aa-a9de-e846a346aa8c: start 370ef436-e033-42aa-a9de-e846a346aa8c@group-AAC7C0471365-LeaderStateImpl
2021-04-29 10:57:36,694 [370ef436-e033-42aa-a9de-e846a346aa8c@group-AAC7C0471365-LeaderElection19] INFO  segmented.SegmentedRaftLogWorker (SegmentedRaftLogWorker.java:startLogSegment(394)) - 370ef436-e033-42aa-a9de-e846a346aa8c@group-AAC7C0471365-SegmentedRaftLogWorker: Starting segment from index:0
2021-04-29 10:57:36,698 [370ef436-e033-42aa-a9de-e846a346aa8c@group-AAC7C0471365-SegmentedRaftLogWorker] INFO  segmented.SegmentedRaftLogWorker (SegmentedRaftLogWorker.java:execute(601)) - 370ef436-e033-42aa-a9de-e846a346aa8c@group-AAC7C0471365-SegmentedRaftLogWorker: created new log segment /github/workspace/mnt/ozone/hadoop-ozone/integration-test/target/test-dir/MiniOzoneClusterImpl-2726c7ec-cf5f-4d18-8e0d-a0ed93d2ecae/datanode-2/data/ratis/d41d1735-2b4e-48ce-b160-aac7c0471365/current/log_inprogress_0
2021-04-29 10:57:36,706 [grpc-default-executor-2] INFO  ratis.XceiverServerRatis (XceiverServerRatis.java:handleLeaderChangedNotification(906)) - Leader change notification received for group: group-AAC7C0471365 with new leaderId: 370ef436-e033-42aa-a9de-e846a346aa8c
2021-04-29 10:57:36,706 [grpc-default-executor-2] INFO  server.RaftServer$Division (ServerState.java:setLeader(271)) - e351f40b-7d1e-4f0b-9ad9-d74fe5b38461@group-AAC7C0471365: change Leader from null to 370ef436-e033-42aa-a9de-e846a346aa8c at term 3 for appendEntries, leader elected after 14881ms
2021-04-29 10:57:36,708 [370ef436-e033-42aa-a9de-e846a346aa8c@group-AAC7C0471365-LeaderElection19] INFO  server.RaftServer$Division (ServerState.java:setRaftConf(373)) - 370ef436-e033-42aa-a9de-e846a346aa8c@group-AAC7C0471365: set configuration 0: [370ef436-e033-42aa-a9de-e846a346aa8c|rpc:172.17.0.2:41417|dataStream:|priority:1, e351f40b-7d1e-4f0b-9ad9-d74fe5b38461|rpc:172.17.0.2:46021|dataStream:|priority:0, 18d1b3e1-cb4e-4e34-82f6-cc3a7f954247|rpc:172.17.0.2:46575|dataStream:|priority:0], old=null
2021-04-29 10:57:36,714 [grpc-default-executor-2] INFO  server.RaftServer$Division (ServerState.java:setRaftConf(373)) - e351f40b-7d1e-4f0b-9ad9-d74fe5b38461@group-AAC7C0471365: set configuration 0: [370ef436-e033-42aa-a9de-e846a346aa8c|rpc:172.17.0.2:41417|dataStream:|priority:1, e351f40b-7d1e-4f0b-9ad9-d74fe5b38461|rpc:172.17.0.2:46021|dataStream:|priority:0, 18d1b3e1-cb4e-4e34-82f6-cc3a7f954247|rpc:172.17.0.2:46575|dataStream:|priority:0], old=null
2021-04-29 10:57:36,714 [grpc-default-executor-2] INFO  segmented.SegmentedRaftLogWorker (SegmentedRaftLogWorker.java:startLogSegment(394)) - e351f40b-7d1e-4f0b-9ad9-d74fe5b38461@group-AAC7C0471365-SegmentedRaftLogWorker: Starting segment from index:0
2021-04-29 10:57:36,716 [e351f40b-7d1e-4f0b-9ad9-d74fe5b38461@group-AAC7C0471365-SegmentedRaftLogWorker] INFO  segmented.SegmentedRaftLogWorker (SegmentedRaftLogWorker.java:execute(601)) - e351f40b-7d1e-4f0b-9ad9-d74fe5b38461@group-AAC7C0471365-SegmentedRaftLogWorker: created new log segment /github/workspace/mnt/ozone/hadoop-ozone/integration-test/target/test-dir/MiniOzoneClusterImpl-2726c7ec-cf5f-4d18-8e0d-a0ed93d2ecae/datanode-1/data/ratis/d41d1735-2b4e-48ce-b160-aac7c0471365/current/log_inprogress_0
2021-04-29 10:57:36,727 [grpc-default-executor-2] INFO  ratis.XceiverServerRatis (XceiverServerRatis.java:handleLeaderChangedNotification(906)) - Leader change notification received for group: group-AAC7C0471365 with new leaderId: 370ef436-e033-42aa-a9de-e846a346aa8c
2021-04-29 10:57:36,727 [grpc-default-executor-2] INFO  server.RaftServer$Division (ServerState.java:setLeader(271)) - 18d1b3e1-cb4e-4e34-82f6-cc3a7f954247@group-AAC7C0471365: change Leader from null to 370ef436-e033-42aa-a9de-e846a346aa8c at term 3 for appendEntries, leader elected after 15462ms
2021-04-29 10:57:36,734 [grpc-default-executor-2] INFO  server.RaftServer$Division (ServerState.java:setRaftConf(373)) - 18d1b3e1-cb4e-4e34-82f6-cc3a7f954247@group-AAC7C0471365: set configuration 0: [370ef436-e033-42aa-a9de-e846a346aa8c|rpc:172.17.0.2:41417|dataStream:|priority:1, e351f40b-7d1e-4f0b-9ad9-d74fe5b38461|rpc:172.17.0.2:46021|dataStream:|priority:0, 18d1b3e1-cb4e-4e34-82f6-cc3a7f954247|rpc:172.17.0.2:46575|dataStream:|priority:0], old=null
2021-04-29 10:57:36,735 [grpc-default-executor-2] INFO  segmented.SegmentedRaftLogWorker (SegmentedRaftLogWorker.java:startLogSegment(394)) - 18d1b3e1-cb4e-4e34-82f6-cc3a7f954247@group-AAC7C0471365-SegmentedRaftLogWorker: Starting segment from index:0
2021-04-29 10:57:36,736 [18d1b3e1-cb4e-4e34-82f6-cc3a7f954247@group-AAC7C0471365-SegmentedRaftLogWorker] INFO  segmented.SegmentedRaftLogWorker (SegmentedRaftLogWorker.java:execute(601)) - 18d1b3e1-cb4e-4e34-82f6-cc3a7f954247@group-AAC7C0471365-SegmentedRaftLogWorker: created new log segment /github/workspace/mnt/ozone/hadoop-ozone/integration-test/target/test-dir/MiniOzoneClusterImpl-2726c7ec-cf5f-4d18-8e0d-a0ed93d2ecae/datanode-0/data/ratis/d41d1735-2b4e-48ce-b160-aac7c0471365/current/log_inprogress_0
2021-04-29 10:57:36,894 [java.util.concurrent.ThreadPoolExecutor$Worker@7689eb60[State = -1, empty queue]] INFO  metrics.RatisMetrics (RatisMetrics.java:lambda$create$0(36)) - Creating Metrics Registry : ratis.client_message_metrics.client-4AA98A506990->2ece3016-29da-4712-9e61-42b563feafe4
2021-04-29 10:57:38,437 [2ece3016-29da-4712-9e61-42b563feafe4@group-5F9640C5EC9E-FollowerState] INFO  impl.FollowerState (FollowerState.java:run(134)) - 2ece3016-29da-4712-9e61-42b563feafe4@group-5F9640C5EC9E-FollowerState: change to CANDIDATE, lastRpcElapsedTime:5021630651ns, electionTimeout:5017ms
2021-04-29 10:57:38,437 [2ece3016-29da-4712-9e61-42b563feafe4@group-5F9640C5EC9E-FollowerState] INFO  impl.RoleInfo (RoleInfo.java:shutdownFollowerState(108)) - 2ece3016-29da-4712-9e61-42b563feafe4: shutdown 2ece3016-29da-4712-9e61-42b563feafe4@group-5F9640C5EC9E-FollowerState
2021-04-29 10:57:38,437 [2ece3016-29da-4712-9e61-42b563feafe4@group-5F9640C5EC9E-FollowerState] INFO  server.RaftServer$Division (RaftServerImpl.java:setRole(284)) - 2ece3016-29da-4712-9e61-42b563feafe4@group-5F9640C5EC9E: changes role from  FOLLOWER to CANDIDATE at term 3 for changeToCandidate
2021-04-29 10:57:38,437 [2ece3016-29da-4712-9e61-42b563feafe4@group-5F9640C5EC9E-FollowerState] INFO  server.RaftServerConfigKeys (ConfUtils.java:logGet(44)) - raft.server.leaderelection.pre-vote = false (custom)
2021-04-29 10:57:38,437 [2ece3016-29da-4712-9e61-42b563feafe4@group-5F9640C5EC9E-FollowerState] INFO  impl.RoleInfo (RoleInfo.java:updateAndGet(130)) - 2ece3016-29da-4712-9e61-42b563feafe4: start 2ece3016-29da-4712-9e61-42b563feafe4@group-5F9640C5EC9E-LeaderElection20
2021-04-29 10:57:38,440 [2ece3016-29da-4712-9e61-42b563feafe4@group-5F9640C5EC9E-LeaderElection20] INFO  impl.LeaderElection (LeaderElection.java:askForVotes(306)) - 2ece3016-29da-4712-9e61-42b563feafe4@group-5F9640C5EC9E-LeaderElection20 ELECTION round 0: submit vote requests at term 4 for -1: [2ece3016-29da-4712-9e61-42b563feafe4|rpc:172.17.0.2:37483|dataStream:|priority:0, f2874c6a-efe9-4f48-8c15-64eb2698a6fe|rpc:172.17.0.2:38031|dataStream:|priority:0, 51593562-bf48-4e12-b0f7-435460a60e26|rpc:172.17.0.2:37879|dataStream:|priority:1], old=null
2021-04-29 10:57:38,449 [grpc-default-executor-3] INFO  server.RaftServer$Division (RaftServerImpl.java:requestVote(1042)) - f2874c6a-efe9-4f48-8c15-64eb2698a6fe@group-5F9640C5EC9E: receive requestVote(ELECTION, 2ece3016-29da-4712-9e61-42b563feafe4, group-5F9640C5EC9E, 4, (t:0, i:0))
2021-04-29 10:57:38,449 [grpc-default-executor-2] INFO  server.RaftServer$Division (RaftServerImpl.java:requestVote(1042)) - 51593562-bf48-4e12-b0f7-435460a60e26@group-5F9640C5EC9E: receive requestVote(ELECTION, 2ece3016-29da-4712-9e61-42b563feafe4, group-5F9640C5EC9E, 4, (t:0, i:0))
2021-04-29 10:57:38,449 [grpc-default-executor-3] INFO  impl.VoteContext (VoteContext.java:log(48)) - f2874c6a-efe9-4f48-8c15-64eb2698a6fe@group-5F9640C5EC9E-FOLLOWER: accept ELECTION from 2ece3016-29da-4712-9e61-42b563feafe4: our priority 0 <= candidate's priority 0
2021-04-29 10:57:38,450 [grpc-default-executor-3] INFO  server.RaftServer$Division (RaftServerImpl.java:setRole(284)) - f2874c6a-efe9-4f48-8c15-64eb2698a6fe@group-5F9640C5EC9E: changes role from  FOLLOWER to FOLLOWER at term 4 for candidate:2ece3016-29da-4712-9e61-42b563feafe4
2021-04-29 10:57:38,450 [grpc-default-executor-3] INFO  impl.RoleInfo (RoleInfo.java:shutdownFollowerState(108)) - f2874c6a-efe9-4f48-8c15-64eb2698a6fe: shutdown f2874c6a-efe9-4f48-8c15-64eb2698a6fe@group-5F9640C5EC9E-FollowerState
2021-04-29 10:57:38,450 [grpc-default-executor-3] INFO  impl.RoleInfo (RoleInfo.java:updateAndGet(130)) - f2874c6a-efe9-4f48-8c15-64eb2698a6fe: start f2874c6a-efe9-4f48-8c15-64eb2698a6fe@group-5F9640C5EC9E-FollowerState
2021-04-29 10:57:38,450 [f2874c6a-efe9-4f48-8c15-64eb2698a6fe@group-5F9640C5EC9E-FollowerState] INFO  impl.FollowerState (FollowerState.java:run(143)) - f2874c6a-efe9-4f48-8c15-64eb2698a6fe@group-5F9640C5EC9E-FollowerState was interrupted: {}
java.lang.InterruptedException: sleep interrupted
	at java.lang.Thread.sleep(Native Method)
	at java.lang.Thread.sleep(Thread.java:340)
	at java.util.concurrent.TimeUnit.sleep(TimeUnit.java:386)
	at org.apache.ratis.util.TimeDuration.sleep(TimeDuration.java:324)
	at org.apache.ratis.util.TimeDuration.sleep(TimeDuration.java:309)
	at org.apache.ratis.server.impl.FollowerState.run(FollowerState.java:118)
2021-04-29 10:57:38,449 [grpc-default-executor-2] INFO  impl.VoteContext (VoteContext.java:log(48)) - 51593562-bf48-4e12-b0f7-435460a60e26@group-5F9640C5EC9E-FOLLOWER: reject ELECTION from 2ece3016-29da-4712-9e61-42b563feafe4: our last entry (t:2, i:0) > candidate's last entry (t:0, i:0)
2021-04-29 10:57:38,451 [grpc-default-executor-2] INFO  server.RaftServer$Division (RaftServerImpl.java:setRole(284)) - 51593562-bf48-4e12-b0f7-435460a60e26@group-5F9640C5EC9E: changes role from  FOLLOWER to FOLLOWER at term 4 for candidate:2ece3016-29da-4712-9e61-42b563feafe4
2021-04-29 10:57:38,451 [grpc-default-executor-2] INFO  impl.RoleInfo (RoleInfo.java:shutdownFollowerState(108)) - 51593562-bf48-4e12-b0f7-435460a60e26: shutdown 51593562-bf48-4e12-b0f7-435460a60e26@group-5F9640C5EC9E-FollowerState
2021-04-29 10:57:38,451 [grpc-default-executor-2] INFO  impl.RoleInfo (RoleInfo.java:updateAndGet(130)) - 51593562-bf48-4e12-b0f7-435460a60e26: start 51593562-bf48-4e12-b0f7-435460a60e26@group-5F9640C5EC9E-FollowerState
2021-04-29 10:57:38,451 [51593562-bf48-4e12-b0f7-435460a60e26@group-5F9640C5EC9E-FollowerState] INFO  impl.FollowerState (FollowerState.java:run(143)) - 51593562-bf48-4e12-b0f7-435460a60e26@group-5F9640C5EC9E-FollowerState was interrupted: {}
java.lang.InterruptedException: sleep interrupted
	at java.lang.Thread.sleep(Native Method)
	at java.lang.Thread.sleep(Thread.java:340)
	at java.util.concurrent.TimeUnit.sleep(TimeUnit.java:386)
	at org.apache.ratis.util.TimeDuration.sleep(TimeDuration.java:324)
	at org.apache.ratis.util.TimeDuration.sleep(TimeDuration.java:309)
	at org.apache.ratis.server.impl.FollowerState.run(FollowerState.java:118)
2021-04-29 10:57:38,459 [grpc-default-executor-3] INFO  server.RaftServer$Division (RaftServerImpl.java:requestVote(1074)) - f2874c6a-efe9-4f48-8c15-64eb2698a6fe@group-5F9640C5EC9E replies to ELECTION vote request: 2ece3016-29da-4712-9e61-42b563feafe4<-f2874c6a-efe9-4f48-8c15-64eb2698a6fe#0:OK-t4. Peer's state: f2874c6a-efe9-4f48-8c15-64eb2698a6fe@group-5F9640C5EC9E:t4, leader=null, voted=2ece3016-29da-4712-9e61-42b563feafe4, raftlog=f2874c6a-efe9-4f48-8c15-64eb2698a6fe@group-5F9640C5EC9E-SegmentedRaftLog:OPENED:c-1,f-1,i0, conf=-1: [2ece3016-29da-4712-9e61-42b563feafe4|rpc:172.17.0.2:37483|priority:0, f2874c6a-efe9-4f48-8c15-64eb2698a6fe|rpc:172.17.0.2:38031|priority:0, 51593562-bf48-4e12-b0f7-435460a60e26|rpc:172.17.0.2:37879|priority:1], old=null
2021-04-29 10:57:38,462 [grpc-default-executor-2] INFO  server.RaftServer$Division (RaftServerImpl.java:requestVote(1074)) - 51593562-bf48-4e12-b0f7-435460a60e26@group-5F9640C5EC9E replies to ELECTION vote request: 2ece3016-29da-4712-9e61-42b563feafe4<-51593562-bf48-4e12-b0f7-435460a60e26#0:FAIL-t4. Peer's state: 51593562-bf48-4e12-b0f7-435460a60e26@group-5F9640C5EC9E:t4, leader=null, voted=null, raftlog=51593562-bf48-4e12-b0f7-435460a60e26@group-5F9640C5EC9E-SegmentedRaftLog:OPENED:c0,f0,i0, conf=0: [2ece3016-29da-4712-9e61-42b563feafe4|rpc:172.17.0.2:37483|dataStream:|priority:0, f2874c6a-efe9-4f48-8c15-64eb2698a6fe|rpc:172.17.0.2:38031|dataStream:|priority:0, 51593562-bf48-4e12-b0f7-435460a60e26|rpc:172.17.0.2:37879|dataStream:|priority:1], old=null
2021-04-29 10:57:38,465 [2ece3016-29da-4712-9e61-42b563feafe4@group-5F9640C5EC9E-LeaderElection20] INFO  impl.LeaderElection (LeaderElection.java:logAndReturn(89)) - 2ece3016-29da-4712-9e61-42b563feafe4@group-5F9640C5EC9E-LeaderElection20: ELECTION REJECTED received 2 response(s) and 0 exception(s):
2021-04-29 10:57:38,465 [2ece3016-29da-4712-9e61-42b563feafe4@group-5F9640C5EC9E-LeaderElection20] INFO  impl.LeaderElection (LeaderElection.java:logAndReturn(93)) -   Response 0: 2ece3016-29da-4712-9e61-42b563feafe4<-f2874c6a-efe9-4f48-8c15-64eb2698a6fe#0:OK-t4
2021-04-29 10:57:38,465 [2ece3016-29da-4712-9e61-42b563feafe4@group-5F9640C5EC9E-LeaderElection20] INFO  impl.LeaderElection (LeaderElection.java:logAndReturn(93)) -   Response 1: 2ece3016-29da-4712-9e61-42b563feafe4<-51593562-bf48-4e12-b0f7-435460a60e26#0:FAIL-t4
2021-04-29 10:57:38,465 [2ece3016-29da-4712-9e61-42b563feafe4@group-5F9640C5EC9E-LeaderElection20] INFO  impl.LeaderElection (LeaderElection.java:askForVotes(308)) - 2ece3016-29da-4712-9e61-42b563feafe4@group-5F9640C5EC9E-LeaderElection20 ELECTION round 0: result REJECTED
2021-04-29 10:57:38,465 [2ece3016-29da-4712-9e61-42b563feafe4@group-5F9640C5EC9E-LeaderElection20] INFO  server.RaftServer$Division (RaftServerImpl.java:setRole(284)) - 2ece3016-29da-4712-9e61-42b563feafe4@group-5F9640C5EC9E: changes role from CANDIDATE to FOLLOWER at term 4 for REJECTED
2021-04-29 10:57:38,465 [2ece3016-29da-4712-9e61-42b563feafe4@group-5F9640C5EC9E-LeaderElection20] INFO  impl.RoleInfo (RoleInfo.java:shutdownLeaderElection(121)) - 2ece3016-29da-4712-9e61-42b563feafe4: shutdown 2ece3016-29da-4712-9e61-42b563feafe4@group-5F9640C5EC9E-LeaderElection20
2021-04-29 10:57:38,466 [2ece3016-29da-4712-9e61-42b563feafe4@group-5F9640C5EC9E-LeaderElection20] INFO  impl.RoleInfo (RoleInfo.java:updateAndGet(130)) - 2ece3016-29da-4712-9e61-42b563feafe4: start 2ece3016-29da-4712-9e61-42b563feafe4@group-5F9640C5EC9E-FollowerState
2021-04-29 10:57:41,344 [java.util.concurrent.ThreadPoolExecutor$Worker@3de8e9f8[State = -1, empty queue]] INFO  metrics.RatisMetrics (RatisMetrics.java:lambda$create$0(36)) - Creating Metrics Registry : ratis.client_message_metrics.client-4AA98A506990->f2874c6a-efe9-4f48-8c15-64eb2698a6fe
2021-04-29 10:57:43,502 [f2874c6a-efe9-4f48-8c15-64eb2698a6fe@group-5F9640C5EC9E-FollowerState] INFO  impl.FollowerState (FollowerState.java:run(134)) - f2874c6a-efe9-4f48-8c15-64eb2698a6fe@group-5F9640C5EC9E-FollowerState: change to CANDIDATE, lastRpcElapsedTime:5043424279ns, electionTimeout:5043ms
2021-04-29 10:57:43,502 [f2874c6a-efe9-4f48-8c15-64eb2698a6fe@group-5F9640C5EC9E-FollowerState] INFO  impl.RoleInfo (RoleInfo.java:shutdownFollowerState(108)) - f2874c6a-efe9-4f48-8c15-64eb2698a6fe: shutdown f2874c6a-efe9-4f48-8c15-64eb2698a6fe@group-5F9640C5EC9E-FollowerState
2021-04-29 10:57:43,502 [f2874c6a-efe9-4f48-8c15-64eb2698a6fe@group-5F9640C5EC9E-FollowerState] INFO  server.RaftServer$Division (RaftServerImpl.java:setRole(284)) - f2874c6a-efe9-4f48-8c15-64eb2698a6fe@group-5F9640C5EC9E: changes role from  FOLLOWER to CANDIDATE at term 4 for changeToCandidate
2021-04-29 10:57:43,503 [f2874c6a-efe9-4f48-8c15-64eb2698a6fe@group-5F9640C5EC9E-FollowerState] INFO  server.RaftServerConfigKeys (ConfUtils.java:logGet(44)) - raft.server.leaderelection.pre-vote = false (custom)
2021-04-29 10:57:43,503 [f2874c6a-efe9-4f48-8c15-64eb2698a6fe@group-5F9640C5EC9E-FollowerState] INFO  impl.RoleInfo (RoleInfo.java:updateAndGet(130)) - f2874c6a-efe9-4f48-8c15-64eb2698a6fe: start f2874c6a-efe9-4f48-8c15-64eb2698a6fe@group-5F9640C5EC9E-LeaderElection21
2021-04-29 10:57:43,505 [f2874c6a-efe9-4f48-8c15-64eb2698a6fe@group-5F9640C5EC9E-LeaderElection21] INFO  impl.LeaderElection (LeaderElection.java:askForVotes(306)) - f2874c6a-efe9-4f48-8c15-64eb2698a6fe@group-5F9640C5EC9E-LeaderElection21 ELECTION round 0: submit vote requests at term 5 for -1: [2ece3016-29da-4712-9e61-42b563feafe4|rpc:172.17.0.2:37483|priority:0, f2874c6a-efe9-4f48-8c15-64eb2698a6fe|rpc:172.17.0.2:38031|priority:0, 51593562-bf48-4e12-b0f7-435460a60e26|rpc:172.17.0.2:37879|priority:1], old=null
2021-04-29 10:57:43,508 [grpc-default-executor-3] INFO  server.RaftServer$Division (RaftServerImpl.java:requestVote(1042)) - 2ece3016-29da-4712-9e61-42b563feafe4@group-5F9640C5EC9E: receive requestVote(ELECTION, f2874c6a-efe9-4f48-8c15-64eb2698a6fe, group-5F9640C5EC9E, 5, (t:0, i:0))
2021-04-29 10:57:43,509 [grpc-default-executor-3] INFO  impl.VoteContext (VoteContext.java:log(48)) - 2ece3016-29da-4712-9e61-42b563feafe4@group-5F9640C5EC9E-FOLLOWER: accept ELECTION from f2874c6a-efe9-4f48-8c15-64eb2698a6fe: our priority 0 <= candidate's priority 0
2021-04-29 10:57:43,509 [grpc-default-executor-3] INFO  server.RaftServer$Division (RaftServerImpl.java:setRole(284)) - 2ece3016-29da-4712-9e61-42b563feafe4@group-5F9640C5EC9E: changes role from  FOLLOWER to FOLLOWER at term 5 for candidate:f2874c6a-efe9-4f48-8c15-64eb2698a6fe
2021-04-29 10:57:43,509 [grpc-default-executor-3] INFO  impl.RoleInfo (RoleInfo.java:shutdownFollowerState(108)) - 2ece3016-29da-4712-9e61-42b563feafe4: shutdown 2ece3016-29da-4712-9e61-42b563feafe4@group-5F9640C5EC9E-FollowerState
2021-04-29 10:57:43,509 [grpc-default-executor-3] INFO  impl.RoleInfo (RoleInfo.java:updateAndGet(130)) - 2ece3016-29da-4712-9e61-42b563feafe4: start 2ece3016-29da-4712-9e61-42b563feafe4@group-5F9640C5EC9E-FollowerState
2021-04-29 10:57:43,509 [2ece3016-29da-4712-9e61-42b563feafe4@group-5F9640C5EC9E-FollowerState] INFO  impl.FollowerState (FollowerState.java:run(143)) - 2ece3016-29da-4712-9e61-42b563feafe4@group-5F9640C5EC9E-FollowerState was interrupted: {}
java.lang.InterruptedException: sleep interrupted
	at java.lang.Thread.sleep(Native Method)
	at java.lang.Thread.sleep(Thread.java:340)
	at java.util.concurrent.TimeUnit.sleep(TimeUnit.java:386)
	at org.apache.ratis.util.TimeDuration.sleep(TimeDuration.java:324)
	at org.apache.ratis.util.TimeDuration.sleep(TimeDuration.java:309)
	at org.apache.ratis.server.impl.FollowerState.run(FollowerState.java:118)
2021-04-29 10:57:43,520 [grpc-default-executor-3] INFO  server.RaftServer$Division (RaftServerImpl.java:requestVote(1074)) - 2ece3016-29da-4712-9e61-42b563feafe4@group-5F9640C5EC9E replies to ELECTION vote request: f2874c6a-efe9-4f48-8c15-64eb2698a6fe<-2ece3016-29da-4712-9e61-42b563feafe4#0:OK-t5. Peer's state: 2ece3016-29da-4712-9e61-42b563feafe4@group-5F9640C5EC9E:t5, leader=null, voted=f2874c6a-efe9-4f48-8c15-64eb2698a6fe, raftlog=2ece3016-29da-4712-9e61-42b563feafe4@group-5F9640C5EC9E-SegmentedRaftLog:OPENED:c-1,f-1,i0, conf=-1: [2ece3016-29da-4712-9e61-42b563feafe4|rpc:172.17.0.2:37483|dataStream:|priority:0, f2874c6a-efe9-4f48-8c15-64eb2698a6fe|rpc:172.17.0.2:38031|dataStream:|priority:0, 51593562-bf48-4e12-b0f7-435460a60e26|rpc:172.17.0.2:37879|dataStream:|priority:1], old=null
2021-04-29 10:57:43,522 [grpc-default-executor-2] INFO  server.RaftServer$Division (RaftServerImpl.java:requestVote(1042)) - 51593562-bf48-4e12-b0f7-435460a60e26@group-5F9640C5EC9E: receive requestVote(ELECTION, f2874c6a-efe9-4f48-8c15-64eb2698a6fe, group-5F9640C5EC9E, 5, (t:0, i:0))
2021-04-29 10:57:43,522 [grpc-default-executor-2] INFO  impl.VoteContext (VoteContext.java:log(48)) - 51593562-bf48-4e12-b0f7-435460a60e26@group-5F9640C5EC9E-FOLLOWER: reject ELECTION from f2874c6a-efe9-4f48-8c15-64eb2698a6fe: our last entry (t:2, i:0) > candidate's last entry (t:0, i:0)
2021-04-29 10:57:43,522 [grpc-default-executor-2] INFO  server.RaftServer$Division (RaftServerImpl.java:setRole(284)) - 51593562-bf48-4e12-b0f7-435460a60e26@group-5F9640C5EC9E: changes role from  FOLLOWER to FOLLOWER at term 5 for candidate:f2874c6a-efe9-4f48-8c15-64eb2698a6fe
2021-04-29 10:57:43,522 [grpc-default-executor-2] INFO  impl.RoleInfo (RoleInfo.java:shutdownFollowerState(108)) - 51593562-bf48-4e12-b0f7-435460a60e26: shutdown 51593562-bf48-4e12-b0f7-435460a60e26@group-5F9640C5EC9E-FollowerState
2021-04-29 10:57:43,522 [grpc-default-executor-2] INFO  impl.RoleInfo (RoleInfo.java:updateAndGet(130)) - 51593562-bf48-4e12-b0f7-435460a60e26: start 51593562-bf48-4e12-b0f7-435460a60e26@group-5F9640C5EC9E-FollowerState
2021-04-29 10:57:43,522 [51593562-bf48-4e12-b0f7-435460a60e26@group-5F9640C5EC9E-FollowerState] INFO  impl.FollowerState (FollowerState.java:run(143)) - 51593562-bf48-4e12-b0f7-435460a60e26@group-5F9640C5EC9E-FollowerState was interrupted: {}
java.lang.InterruptedException: sleep interrupted
	at java.lang.Thread.sleep(Native Method)
	at java.lang.Thread.sleep(Thread.java:340)
	at java.util.concurrent.TimeUnit.sleep(TimeUnit.java:386)
	at org.apache.ratis.util.TimeDuration.sleep(TimeDuration.java:324)
	at org.apache.ratis.util.TimeDuration.sleep(TimeDuration.java:309)
	at org.apache.ratis.server.impl.FollowerState.run(FollowerState.java:118)
2021-04-29 10:57:43,530 [grpc-default-executor-2] INFO  server.RaftServer$Division (RaftServerImpl.java:requestVote(1074)) - 51593562-bf48-4e12-b0f7-435460a60e26@group-5F9640C5EC9E replies to ELECTION vote request: f2874c6a-efe9-4f48-8c15-64eb2698a6fe<-51593562-bf48-4e12-b0f7-435460a60e26#0:FAIL-t5. Peer's state: 51593562-bf48-4e12-b0f7-435460a60e26@group-5F9640C5EC9E:t5, leader=null, voted=null, raftlog=51593562-bf48-4e12-b0f7-435460a60e26@group-5F9640C5EC9E-SegmentedRaftLog:OPENED:c0,f0,i0, conf=0: [2ece3016-29da-4712-9e61-42b563feafe4|rpc:172.17.0.2:37483|dataStream:|priority:0, f2874c6a-efe9-4f48-8c15-64eb2698a6fe|rpc:172.17.0.2:38031|dataStream:|priority:0, 51593562-bf48-4e12-b0f7-435460a60e26|rpc:172.17.0.2:37879|dataStream:|priority:1], old=null
2021-04-29 10:57:43,531 [f2874c6a-efe9-4f48-8c15-64eb2698a6fe@group-5F9640C5EC9E-LeaderElection21] INFO  impl.LeaderElection (LeaderElection.java:logAndReturn(89)) - f2874c6a-efe9-4f48-8c15-64eb2698a6fe@group-5F9640C5EC9E-LeaderElection21: ELECTION REJECTED received 2 response(s) and 0 exception(s):
2021-04-29 10:57:43,531 [f2874c6a-efe9-4f48-8c15-64eb2698a6fe@group-5F9640C5EC9E-LeaderElection21] INFO  impl.LeaderElection (LeaderElection.java:logAndReturn(93)) -   Response 0: f2874c6a-efe9-4f48-8c15-64eb2698a6fe<-2ece3016-29da-4712-9e61-42b563feafe4#0:OK-t5
2021-04-29 10:57:43,531 [f2874c6a-efe9-4f48-8c15-64eb2698a6fe@group-5F9640C5EC9E-LeaderElection21] INFO  impl.LeaderElection (LeaderElection.java:logAndReturn(93)) -   Response 1: f2874c6a-efe9-4f48-8c15-64eb2698a6fe<-51593562-bf48-4e12-b0f7-435460a60e26#0:FAIL-t5
2021-04-29 10:57:43,531 [f2874c6a-efe9-4f48-8c15-64eb2698a6fe@group-5F9640C5EC9E-LeaderElection21] INFO  impl.LeaderElection (LeaderElection.java:askForVotes(308)) - f2874c6a-efe9-4f48-8c15-64eb2698a6fe@group-5F9640C5EC9E-LeaderElection21 ELECTION round 0: result REJECTED
2021-04-29 10:57:43,531 [f2874c6a-efe9-4f48-8c15-64eb2698a6fe@group-5F9640C5EC9E-LeaderElection21] INFO  server.RaftServer$Division (RaftServerImpl.java:setRole(284)) - f2874c6a-efe9-4f48-8c15-64eb2698a6fe@group-5F9640C5EC9E: changes role from CANDIDATE to FOLLOWER at term 5 for REJECTED
2021-04-29 10:57:43,531 [f2874c6a-efe9-4f48-8c15-64eb2698a6fe@group-5F9640C5EC9E-LeaderElection21] INFO  impl.RoleInfo (RoleInfo.java:shutdownLeaderElection(121)) - f2874c6a-efe9-4f48-8c15-64eb2698a6fe: shutdown f2874c6a-efe9-4f48-8c15-64eb2698a6fe@group-5F9640C5EC9E-LeaderElection21
2021-04-29 10:57:43,531 [f2874c6a-efe9-4f48-8c15-64eb2698a6fe@group-5F9640C5EC9E-LeaderElection21] INFO  impl.RoleInfo (RoleInfo.java:updateAndGet(130)) - f2874c6a-efe9-4f48-8c15-64eb2698a6fe: start f2874c6a-efe9-4f48-8c15-64eb2698a6fe@group-5F9640C5EC9E-FollowerState
2021-04-29 10:57:46,129 [grpc-default-executor-3] ERROR storage.BlockOutputStream (BlockOutputStream.java:lambda$writeChunkToContainer$3(676)) - writing chunk failed 107544261427200001_chunk_1 blockID conID: 1 locID: 107544261427200001 bcsId: 0 with exception org.apache.ratis.protocol.exceptions.AlreadyClosedException: SlidingWindow$Client:client-4AA98A506990->RAFT is closed.
2021-04-29 10:57:46,130 [grpc-default-executor-3] ERROR storage.BlockOutputStream (BlockOutputStream.java:lambda$writeChunkToContainer$3(676)) - writing chunk failed 107544261427200001_chunk_2 blockID conID: 1 locID: 107544261427200001 bcsId: 0 with exception org.apache.ratis.protocol.exceptions.AlreadyClosedException: SlidingWindow$Client:client-4AA98A506990->RAFT is closed.
2021-04-29 10:57:46,130 [grpc-default-executor-3] ERROR storage.BlockOutputStream (BlockOutputStream.java:lambda$writeChunkToContainer$3(676)) - writing chunk failed 107544261427200001_chunk_3 blockID conID: 1 locID: 107544261427200001 bcsId: 0 with exception org.apache.ratis.protocol.exceptions.AlreadyClosedException: SlidingWindow$Client:client-4AA98A506990->RAFT is closed.
2021-04-29 10:57:46,130 [grpc-default-executor-3] ERROR storage.BlockOutputStream (BlockOutputStream.java:lambda$writeChunkToContainer$3(676)) - writing chunk failed 107544261427200001_chunk_4 blockID conID: 1 locID: 107544261427200001 bcsId: 0 with exception org.apache.ratis.protocol.exceptions.AlreadyClosedException: SlidingWindow$Client:client-4AA98A506990->RAFT is closed.
2021-04-29 10:57:46,136 [Listener at 127.0.0.1/42781] WARN  io.KeyOutputStream (KeyOutputStream.java:handleException(312)) - Encountered exception java.io.IOException: Unexpected Storage Container Exception: java.util.concurrent.CompletionException: java.util.concurrent.CompletionException: org.apache.ratis.protocol.exceptions.AlreadyClosedException: SlidingWindow$Client:client-4AA98A506990->RAFT is closed. on the pipeline Pipeline[ Id: d965319d-9b1c-4f94-89c8-5f9640c5ec9e, Nodes: f2874c6a-efe9-4f48-8c15-64eb2698a6fe{ip: 172.17.0.2, host: 8023de4eb765, ports: [REPLICATION=46125, RATIS=38031, RATIS_ADMIN=38031, RATIS_SERVER=38031, STANDALONE=44417], networkLocation: /default-rack, certSerialId: null, persistedOpState: IN_SERVICE, persistedOpStateExpiryEpochSec: 0}2ece3016-29da-4712-9e61-42b563feafe4{ip: 172.17.0.2, host: 8023de4eb765, ports: [REPLICATION=46329, RATIS=37483, RATIS_ADMIN=37483, RATIS_SERVER=37483, STANDALONE=33183], networkLocation: /default-rack, certSerialId: null, persistedOpState: IN_SERVICE, persistedOpStateExpiryEpochSec: 0}51593562-bf48-4e12-b0f7-435460a60e26{ip: 172.17.0.2, host: 8023de4eb765, ports: [REPLICATION=46095, RATIS=37879, RATIS_ADMIN=37879, RATIS_SERVER=37879, STANDALONE=37727], networkLocation: /default-rack, certSerialId: null, persistedOpState: IN_SERVICE, persistedOpStateExpiryEpochSec: 0}, ReplicationConfig: RATIS/THREE, State:OPEN, leaderId:51593562-bf48-4e12-b0f7-435460a60e26, CreationTimestamp2021-04-29T10:57:20.594Z]. The last committed block length is 0, uncommitted data length is 400 retry count 0
2021-04-29 10:57:46,140 [Listener at 127.0.0.1/42781] INFO  io.BlockOutputStreamEntryPool (BlockOutputStreamEntryPool.java:allocateNewBlock(241)) - Allocating block with ExcludeList {datanodes = [], containerIds = [], pipelineIds = [PipelineID=d965319d-9b1c-4f94-89c8-5f9640c5ec9e]}
2021-04-29 10:57:46,188 [Listener at 127.0.0.1/42781] INFO  metrics.RatisMetrics (RatisMetrics.java:lambda$create$0(36)) - Creating Metrics Registry : ratis.client_message_metrics.client-E3C27C63250F->370ef436-e033-42aa-a9de-e846a346aa8c
2021-04-29 10:57:46,579 [Listener at 127.0.0.1/42781] INFO  ozone.MiniOzoneClusterImpl (MiniOzoneClusterImpl.java:shutdown(443)) - Shutting down the Mini Ozone Cluster
2021-04-29 10:57:46,580 [Listener at 127.0.0.1/42781] INFO  ozone.MiniOzoneClusterImpl (MiniOzoneClusterImpl.java:stop(458)) - Stopping the Mini Ozone Cluster
2021-04-29 10:57:46,580 [Listener at 127.0.0.1/42781] INFO  ozone.MiniOzoneClusterImpl (MiniOzoneClusterImpl.java:stopOM(540)) - Stopping the OzoneManager
2021-04-29 10:57:46,580 [Listener at 127.0.0.1/42781] INFO  ipc.Server (Server.java:stop(3403)) - Stopping server on 42781
2021-04-29 10:57:46,582 [IPC Server listener on 0] INFO  ipc.Server (Server.java:run(1366)) - Stopping IPC Server listener on 0
2021-04-29 10:57:46,587 [IPC Server Responder] INFO  ipc.Server (Server.java:run(1502)) - Stopping IPC Server Responder
2021-04-29 10:57:46,588 [Listener at 127.0.0.1/42781] INFO  server.RaftServer (RaftServerProxy.java:lambda$close$6(391)) - om1: close
2021-04-29 10:57:46,588 [Listener at 127.0.0.1/42781] INFO  server.RaftServer$Division (RaftServerImpl.java:lambda$close$4(406)) - om1@group-C5BA1605619E: shutdown
2021-04-29 10:57:46,589 [Listener at 127.0.0.1/42781] INFO  util.JmxRegister (JmxRegister.java:unregister(73)) - Successfully un-registered JMX Bean with object name Ratis:service=RaftServer,group=group-C5BA1605619E,id=om1
2021-04-29 10:57:46,589 [Listener at 127.0.0.1/42781] INFO  impl.RoleInfo (RoleInfo.java:shutdownLeaderState(91)) - om1: shutdown om1@group-C5BA1605619E-LeaderStateImpl
2021-04-29 10:57:46,589 [Listener at 127.0.0.1/42781] INFO  impl.PendingRequests (PendingRequests.java:sendNotLeaderResponses(249)) - om1@group-C5BA1605619E-PendingRequests: sendNotLeaderResponses
2021-04-29 10:57:46,593 [Listener at 127.0.0.1/42781] INFO  metrics.RatisMetrics (RatisMetrics.java:unregister(43)) - Unregistering Metrics Registry : ratis.log_appender.om1@group-C5BA1605619E
2021-04-29 10:57:46,593 [Listener at 127.0.0.1/42781] INFO  metrics.RatisMetrics (RatisMetrics.java:unregister(43)) - Unregistering Metrics Registry : ratis.server.om1@group-C5BA1605619E
2021-04-29 10:57:46,594 [om1@group-C5BA1605619E-StateMachineUpdater] INFO  ratis.OzoneManagerStateMachine (OzoneManagerStateMachine.java:takeSnapshot(347)) - Current Snapshot Index (t:1, i:8)
2021-04-29 10:57:46,594 [Listener at 127.0.0.1/42781] INFO  impl.StateMachineUpdater (StateMachineUpdater.java:stopAndJoin(149)) - om1@group-C5BA1605619E-StateMachineUpdater: set stopIndex = 8
2021-04-29 10:57:46,595 [om1@group-C5BA1605619E-StateMachineUpdater] INFO  impl.StateMachineUpdater (StateMachineUpdater.java:takeSnapshot(281)) - om1@group-C5BA1605619E-StateMachineUpdater: Took a snapshot at index 8
2021-04-29 10:57:46,596 [om1@group-C5BA1605619E-StateMachineUpdater] INFO  impl.StateMachineUpdater (StateMachineUpdater.java:lambda$new$0(89)) - om1@group-C5BA1605619E-StateMachineUpdater: snapshotIndex: updateIncreasingly -1 -> 8
2021-04-29 10:57:46,596 [om1@group-C5BA1605619E-StateMachineUpdater] INFO  metrics.RatisMetrics (RatisMetrics.java:unregister(43)) - Unregistering Metrics Registry : ratis.state_machine.om1@group-C5BA1605619E
2021-04-29 10:57:46,596 [Listener at 127.0.0.1/42781] INFO  server.RaftServer$Division (ServerState.java:close(405)) - om1@group-C5BA1605619E: closes. applyIndex: 8
2021-04-29 10:57:46,602 [om1@group-C5BA1605619E-SegmentedRaftLogWorker] INFO  segmented.SegmentedRaftLogWorker (SegmentedRaftLogWorker.java:run(327)) - om1@group-C5BA1605619E-SegmentedRaftLogWorker was interrupted, exiting. There are 0 tasks remaining in the queue.
2021-04-29 10:57:46,603 [Listener at 127.0.0.1/42781] INFO  segmented.SegmentedRaftLogWorker (SegmentedRaftLogWorker.java:close(237)) - om1@group-C5BA1605619E-SegmentedRaftLogWorker close()
2021-04-29 10:57:46,606 [Listener at 127.0.0.1/42781] INFO  metrics.RatisMetrics (RatisMetrics.java:unregister(43)) - Unregistering Metrics Registry : ratis.log_worker.om1@group-C5BA1605619E
2021-04-29 10:57:46,606 [Listener at 127.0.0.1/42781] INFO  metrics.RatisMetrics (RatisMetrics.java:unregister(43)) - Unregistering Metrics Registry : ratis.leader_election.om1@group-C5BA1605619E
2021-04-29 10:57:46,607 [Listener at 127.0.0.1/42781] INFO  metrics.RatisMetrics (RatisMetrics.java:unregister(43)) - Unregistering Metrics Registry : ratis.server.om1@group-C5BA1605619E
2021-04-29 10:57:46,609 [Listener at 127.0.0.1/42781] INFO  server.GrpcService (GrpcService.java:closeImpl(262)) - om1: shutdown server with port 9872 now
2021-04-29 10:57:46,610 [Listener at 127.0.0.1/42781] INFO  server.GrpcService (GrpcService.java:closeImpl(271)) - om1: shutdown server with port 9872 successfully
2021-04-29 10:57:46,611 [org.apache.ratis.util.JvmPauseMonitor$$Lambda$504/1672688893@753248f8] INFO  util.JvmPauseMonitor (JvmPauseMonitor.java:run(109)) - JvmPauseMonitor-om1: Stopped
2021-04-29 10:57:46,611 [Listener at 127.0.0.1/42781] INFO  ratis.OzoneManagerDoubleBuffer (OzoneManagerDoubleBuffer.java:stop(426)) - Stopping OMDoubleBuffer flush thread
2021-04-29 10:57:46,611 [OMDoubleBufferFlushThread] INFO  ratis.OzoneManagerDoubleBuffer (OzoneManagerDoubleBuffer.java:flushTransactions(353)) - OMDoubleBuffer flush thread OMDoubleBufferFlushThread is interrupted and will exit. OMDoubleBufferFlushThread
2021-04-29 10:57:46,612 [Listener at 127.0.0.1/42781] INFO  ratis.OzoneManagerStateMachine (HadoopExecutors.java:shutdown(118)) - Gracefully shutting down executor service. Waiting max 5 SECONDS
2021-04-29 10:57:46,613 [Listener at 127.0.0.1/42781] INFO  ratis.OzoneManagerStateMachine (HadoopExecutors.java:shutdown(129)) - Succesfully shutdown executor service
2021-04-29 10:57:46,613 [Listener at 127.0.0.1/42781] INFO  ratis.OzoneManagerStateMachine (HadoopExecutors.java:shutdown(118)) - Gracefully shutting down executor service. Waiting max 5 SECONDS
2021-04-29 10:57:46,613 [Listener at 127.0.0.1/42781] INFO  ratis.OzoneManagerStateMachine (HadoopExecutors.java:shutdown(129)) - Succesfully shutdown executor service
2021-04-29 10:57:46,613 [Listener at 127.0.0.1/42781] INFO  utils.BackgroundService (BackgroundService.java:shutdown(132)) - Shutting down service KeyDeletingService
2021-04-29 10:57:46,616 [Listener at 127.0.0.1/42781] INFO  handler.ContextHandler (ContextHandler.java:doStop(1154)) - Stopped o.e.j.w.WebAppContext@31fc1b6e{ozoneManager,/,null,STOPPED}{file:/github/workspace/mnt/ozone/hadoop-ozone/integration-test/target/test-classes/webapps/ozoneManager}
2021-04-29 10:57:46,621 [Listener at 127.0.0.1/42781] INFO  server.AbstractConnector (AbstractConnector.java:doStop(381)) - Stopped ServerConnector@7cd6b76a{HTTP/1.1, (http/1.1)}{0.0.0.0:0}
2021-04-29 10:57:46,621 [Listener at 127.0.0.1/42781] INFO  server.session (HouseKeeper.java:stopScavenging(149)) - node0 Stopped scavenging
2021-04-29 10:57:46,621 [Listener at 127.0.0.1/42781] INFO  handler.ContextHandler (ContextHandler.java:doStop(1154)) - Stopped o.e.j.s.ServletContextHandler@c53dfb2{static,/static,file:///github/workspace/mnt/ozone/hadoop-ozone/integration-test/target/test-classes/webapps/static,STOPPED}
2021-04-29 10:57:46,622 [Listener at 127.0.0.1/42781] INFO  handler.ContextHandler (ContextHandler.java:doStop(1154)) - Stopped o.e.j.s.ServletContextHandler@2d85a4c7{logs,/logs,file:///github/workspace/mnt/ozone/hadoop-ozone/integration-test/target/log,STOPPED}
2021-04-29 10:57:46,626 [Listener at 127.0.0.1/42781] INFO  ozone.MiniOzoneClusterImpl (MiniOzoneClusterImpl.java:stopDatanodes(517)) - Stopping the HddsDatanodes
2021-04-29 10:57:46,640 [Datanode State Machine Thread - 0] INFO  statemachine.DatanodeStateMachine (DatanodeStateMachine.java:lambda$startDaemon$0(411)) - Ozone container server started.
2021-04-29 10:57:47,439 [Datanode State Machine Thread - 0] INFO  statemachine.DatanodeStateMachine (DatanodeStateMachine.java:lambda$startDaemon$0(411)) - Ozone container server started.
2021-04-29 10:57:48,561 [51593562-bf48-4e12-b0f7-435460a60e26@group-5F9640C5EC9E-FollowerState] INFO  impl.FollowerState (FollowerState.java:run(134)) - 51593562-bf48-4e12-b0f7-435460a60e26@group-5F9640C5EC9E-FollowerState: change to CANDIDATE, lastRpcElapsedTime:5038515896ns, electionTimeout:5029ms
2021-04-29 10:57:48,561 [51593562-bf48-4e12-b0f7-435460a60e26@group-5F9640C5EC9E-FollowerState] INFO  impl.RoleInfo (RoleInfo.java:shutdownFollowerState(108)) - 51593562-bf48-4e12-b0f7-435460a60e26: shutdown 51593562-bf48-4e12-b0f7-435460a60e26@group-5F9640C5EC9E-FollowerState
2021-04-29 10:57:48,561 [51593562-bf48-4e12-b0f7-435460a60e26@group-5F9640C5EC9E-FollowerState] INFO  server.RaftServer$Division (RaftServerImpl.java:setRole(284)) - 51593562-bf48-4e12-b0f7-435460a60e26@group-5F9640C5EC9E: changes role from  FOLLOWER to CANDIDATE at term 5 for changeToCandidate
2021-04-29 10:57:48,561 [51593562-bf48-4e12-b0f7-435460a60e26@group-5F9640C5EC9E-FollowerState] INFO  server.RaftServerConfigKeys (ConfUtils.java:logGet(44)) - raft.server.leaderelection.pre-vote = false (custom)
2021-04-29 10:57:48,561 [51593562-bf48-4e12-b0f7-435460a60e26@group-5F9640C5EC9E-FollowerState] INFO  impl.RoleInfo (RoleInfo.java:updateAndGet(130)) - 51593562-bf48-4e12-b0f7-435460a60e26: start 51593562-bf48-4e12-b0f7-435460a60e26@group-5F9640C5EC9E-LeaderElection22
2021-04-29 10:57:48,566 [51593562-bf48-4e12-b0f7-435460a60e26@group-5F9640C5EC9E-LeaderElection22] INFO  impl.LeaderElection (LeaderElection.java:askForVotes(306)) - 51593562-bf48-4e12-b0f7-435460a60e26@group-5F9640C5EC9E-LeaderElection22 ELECTION round 0: submit vote requests at term 6 for 0: [2ece3016-29da-4712-9e61-42b563feafe4|rpc:172.17.0.2:37483|dataStream:|priority:0, f2874c6a-efe9-4f48-8c15-64eb2698a6fe|rpc:172.17.0.2:38031|dataStream:|priority:0, 51593562-bf48-4e12-b0f7-435460a60e26|rpc:172.17.0.2:37879|dataStream:|priority:1], old=null
2021-04-29 10:57:48,573 [2ece3016-29da-4712-9e61-42b563feafe4@group-5F9640C5EC9E-FollowerState] INFO  impl.FollowerState (FollowerState.java:run(134)) - 2ece3016-29da-4712-9e61-42b563feafe4@group-5F9640C5EC9E-FollowerState: change to CANDIDATE, lastRpcElapsedTime:5053249647ns, electionTimeout:5050ms
2021-04-29 10:57:48,573 [2ece3016-29da-4712-9e61-42b563feafe4@group-5F9640C5EC9E-FollowerState] INFO  impl.RoleInfo (RoleInfo.java:shutdownFollowerState(108)) - 2ece3016-29da-4712-9e61-42b563feafe4: shutdown 2ece3016-29da-4712-9e61-42b563feafe4@group-5F9640C5EC9E-FollowerState
2021-04-29 10:57:48,573 [grpc-default-executor-3] INFO  server.RaftServer$Division (RaftServerImpl.java:requestVote(1042)) - f2874c6a-efe9-4f48-8c15-64eb2698a6fe@group-5F9640C5EC9E: receive requestVote(ELECTION, 51593562-bf48-4e12-b0f7-435460a60e26, group-5F9640C5EC9E, 6, (t:2, i:0))
2021-04-29 10:57:48,573 [2ece3016-29da-4712-9e61-42b563feafe4@group-5F9640C5EC9E-FollowerState] INFO  server.RaftServer$Division (RaftServerImpl.java:setRole(284)) - 2ece3016-29da-4712-9e61-42b563feafe4@group-5F9640C5EC9E: changes role from  FOLLOWER to CANDIDATE at term 5 for changeToCandidate
2021-04-29 10:57:48,573 [grpc-default-executor-3] INFO  impl.VoteContext (VoteContext.java:log(48)) - f2874c6a-efe9-4f48-8c15-64eb2698a6fe@group-5F9640C5EC9E-FOLLOWER: accept ELECTION from 51593562-bf48-4e12-b0f7-435460a60e26: our last entry null < candidate's last entry (t:2, i:0)
2021-04-29 10:57:48,576 [grpc-default-executor-3] INFO  server.RaftServer$Division (RaftServerImpl.java:setRole(284)) - f2874c6a-efe9-4f48-8c15-64eb2698a6fe@group-5F9640C5EC9E: changes role from  FOLLOWER to FOLLOWER at term 6 for candidate:51593562-bf48-4e12-b0f7-435460a60e26
2021-04-29 10:57:48,576 [grpc-default-executor-3] INFO  impl.RoleInfo (RoleInfo.java:shutdownFollowerState(108)) - f2874c6a-efe9-4f48-8c15-64eb2698a6fe: shutdown f2874c6a-efe9-4f48-8c15-64eb2698a6fe@group-5F9640C5EC9E-FollowerState
2021-04-29 10:57:48,573 [2ece3016-29da-4712-9e61-42b563feafe4@group-5F9640C5EC9E-FollowerState] INFO  server.RaftServerConfigKeys (ConfUtils.java:logGet(44)) - raft.server.leaderelection.pre-vote = false (custom)
2021-04-29 10:57:48,576 [2ece3016-29da-4712-9e61-42b563feafe4@group-5F9640C5EC9E-FollowerState] INFO  impl.RoleInfo (RoleInfo.java:updateAndGet(130)) - 2ece3016-29da-4712-9e61-42b563feafe4: start 2ece3016-29da-4712-9e61-42b563feafe4@group-5F9640C5EC9E-LeaderElection23
2021-04-29 10:57:48,577 [grpc-default-executor-4] INFO  server.RaftServer$Division (RaftServerImpl.java:requestVote(1042)) - 2ece3016-29da-4712-9e61-42b563feafe4@group-5F9640C5EC9E: receive requestVote(ELECTION, 51593562-bf48-4e12-b0f7-435460a60e26, group-5F9640C5EC9E, 6, (t:2, i:0))
2021-04-29 10:57:48,576 [f2874c6a-efe9-4f48-8c15-64eb2698a6fe@group-5F9640C5EC9E-FollowerState] INFO  impl.FollowerState (FollowerState.java:run(143)) - f2874c6a-efe9-4f48-8c15-64eb2698a6fe@group-5F9640C5EC9E-FollowerState was interrupted: {}
java.lang.InterruptedException: sleep interrupted
	at java.lang.Thread.sleep(Native Method)
	at java.lang.Thread.sleep(Thread.java:340)
	at java.util.concurrent.TimeUnit.sleep(TimeUnit.java:386)
	at org.apache.ratis.util.TimeDuration.sleep(TimeDuration.java:324)
	at org.apache.ratis.util.TimeDuration.sleep(TimeDuration.java:309)
	at org.apache.ratis.server.impl.FollowerState.run(FollowerState.java:118)
2021-04-29 10:57:48,576 [grpc-default-executor-3] INFO  impl.RoleInfo (RoleInfo.java:updateAndGet(130)) - f2874c6a-efe9-4f48-8c15-64eb2698a6fe: start f2874c6a-efe9-4f48-8c15-64eb2698a6fe@group-5F9640C5EC9E-FollowerState
2021-04-29 10:57:48,578 [grpc-default-executor-4] INFO  impl.VoteContext (VoteContext.java:log(48)) - 2ece3016-29da-4712-9e61-42b563feafe4@group-5F9640C5EC9E-CANDIDATE: accept ELECTION from 51593562-bf48-4e12-b0f7-435460a60e26: our last entry null < candidate's last entry (t:2, i:0)
2021-04-29 10:57:48,584 [grpc-default-executor-4] INFO  server.RaftServer$Division (RaftServerImpl.java:setRole(284)) - 2ece3016-29da-4712-9e61-42b563feafe4@group-5F9640C5EC9E: changes role from CANDIDATE to FOLLOWER at term 6 for candidate:51593562-bf48-4e12-b0f7-435460a60e26
2021-04-29 10:57:48,584 [grpc-default-executor-4] INFO  impl.RoleInfo (RoleInfo.java:shutdownLeaderElection(121)) - 2ece3016-29da-4712-9e61-42b563feafe4: shutdown 2ece3016-29da-4712-9e61-42b563feafe4@group-5F9640C5EC9E-LeaderElection23
2021-04-29 10:57:48,585 [grpc-default-executor-4] INFO  impl.RoleInfo (RoleInfo.java:updateAndGet(130)) - 2ece3016-29da-4712-9e61-42b563feafe4: start 2ece3016-29da-4712-9e61-42b563feafe4@group-5F9640C5EC9E-FollowerState
2021-04-29 10:57:48,586 [grpc-default-executor-3] INFO  server.RaftServer$Division (RaftServerImpl.java:requestVote(1074)) - f2874c6a-efe9-4f48-8c15-64eb2698a6fe@group-5F9640C5EC9E replies to ELECTION vote request: 51593562-bf48-4e12-b0f7-435460a60e26<-f2874c6a-efe9-4f48-8c15-64eb2698a6fe#0:OK-t6. Peer's state: f2874c6a-efe9-4f48-8c15-64eb2698a6fe@group-5F9640C5EC9E:t6, leader=null, voted=51593562-bf48-4e12-b0f7-435460a60e26, raftlog=f2874c6a-efe9-4f48-8c15-64eb2698a6fe@group-5F9640C5EC9E-SegmentedRaftLog:OPENED:c-1,f-1,i0, conf=-1: [2ece3016-29da-4712-9e61-42b563feafe4|rpc:172.17.0.2:37483|priority:0, f2874c6a-efe9-4f48-8c15-64eb2698a6fe|rpc:172.17.0.2:38031|priority:0, 51593562-bf48-4e12-b0f7-435460a60e26|rpc:172.17.0.2:37879|priority:1], old=null
2021-04-29 10:57:48,587 [grpc-default-executor-4] INFO  server.RaftServer$Division (RaftServerImpl.java:requestVote(1074)) - 2ece3016-29da-4712-9e61-42b563feafe4@group-5F9640C5EC9E replies to ELECTION vote request: 51593562-bf48-4e12-b0f7-435460a60e26<-2ece3016-29da-4712-9e61-42b563feafe4#0:OK-t6. Peer's state: 2ece3016-29da-4712-9e61-42b563feafe4@group-5F9640C5EC9E:t6, leader=null, voted=51593562-bf48-4e12-b0f7-435460a60e26, raftlog=2ece3016-29da-4712-9e61-42b563feafe4@group-5F9640C5EC9E-SegmentedRaftLog:OPENED:c-1,f-1,i0, conf=-1: [2ece3016-29da-4712-9e61-42b563feafe4|rpc:172.17.0.2:37483|dataStream:|priority:0, f2874c6a-efe9-4f48-8c15-64eb2698a6fe|rpc:172.17.0.2:38031|dataStream:|priority:0, 51593562-bf48-4e12-b0f7-435460a60e26|rpc:172.17.0.2:37879|dataStream:|priority:1], old=null
2021-04-29 10:57:48,588 [51593562-bf48-4e12-b0f7-435460a60e26@group-5F9640C5EC9E-LeaderElection22] INFO  impl.LeaderElection (LeaderElection.java:logAndReturn(89)) - 51593562-bf48-4e12-b0f7-435460a60e26@group-5F9640C5EC9E-LeaderElection22: ELECTION PASSED received 1 response(s) and 0 exception(s):
2021-04-29 10:57:48,588 [51593562-bf48-4e12-b0f7-435460a60e26@group-5F9640C5EC9E-LeaderElection22] INFO  impl.LeaderElection (LeaderElection.java:logAndReturn(93)) -   Response 0: 51593562-bf48-4e12-b0f7-435460a60e26<-f2874c6a-efe9-4f48-8c15-64eb2698a6fe#0:OK-t6
2021-04-29 10:57:48,588 [51593562-bf48-4e12-b0f7-435460a60e26@group-5F9640C5EC9E-LeaderElection22] INFO  impl.LeaderElection (LeaderElection.java:askForVotes(308)) - 51593562-bf48-4e12-b0f7-435460a60e26@group-5F9640C5EC9E-LeaderElection22 ELECTION round 0: result PASSED
2021-04-29 10:57:48,589 [51593562-bf48-4e12-b0f7-435460a60e26@group-5F9640C5EC9E-LeaderElection22] INFO  impl.RoleInfo (RoleInfo.java:shutdownLeaderElection(121)) - 51593562-bf48-4e12-b0f7-435460a60e26: shutdown 51593562-bf48-4e12-b0f7-435460a60e26@group-5F9640C5EC9E-LeaderElection22
2021-04-29 10:57:48,589 [51593562-bf48-4e12-b0f7-435460a60e26@group-5F9640C5EC9E-LeaderElection22] INFO  server.RaftServer$Division (RaftServerImpl.java:setRole(284)) - 51593562-bf48-4e12-b0f7-435460a60e26@group-5F9640C5EC9E: changes role from CANDIDATE to LEADER at term 6 for changeToLeader
2021-04-29 10:57:48,589 [51593562-bf48-4e12-b0f7-435460a60e26@group-5F9640C5EC9E-LeaderElection22] INFO  ratis.XceiverServerRatis (XceiverServerRatis.java:handleLeaderChangedNotification(906)) - Leader change notification received for group: group-5F9640C5EC9E with new leaderId: 51593562-bf48-4e12-b0f7-435460a60e26
2021-04-29 10:57:48,589 [51593562-bf48-4e12-b0f7-435460a60e26@group-5F9640C5EC9E-LeaderElection22] INFO  server.RaftServer$Division (ServerState.java:setLeader(271)) - 51593562-bf48-4e12-b0f7-435460a60e26@group-5F9640C5EC9E: change Leader from null to 51593562-bf48-4e12-b0f7-435460a60e26 at term 6 for becomeLeader, leader elected after 15233ms
2021-04-29 10:57:48,589 [51593562-bf48-4e12-b0f7-435460a60e26@group-5F9640C5EC9E-LeaderElection22] INFO  server.RaftServerConfigKeys (ConfUtils.java:logGet(44)) - raft.server.staging.catchup.gap = 1000 (default)
2021-04-29 10:57:48,589 [51593562-bf48-4e12-b0f7-435460a60e26@group-5F9640C5EC9E-LeaderElection22] INFO  metrics.RatisMetrics (RatisMetrics.java:lambda$create$0(36)) - Creating Metrics Registry : ratis.log_appender.51593562-bf48-4e12-b0f7-435460a60e26@group-5F9640C5EC9E
2021-04-29 10:57:48,589 [51593562-bf48-4e12-b0f7-435460a60e26@group-5F9640C5EC9E-LeaderElection22] INFO  server.RaftServerConfigKeys (ConfUtils.java:logGet(44)) - raft.server.write.element-limit = 1024 (custom)
2021-04-29 10:57:48,589 [51593562-bf48-4e12-b0f7-435460a60e26@group-5F9640C5EC9E-LeaderElection22] INFO  server.RaftServerConfigKeys (ConfUtils.java:logGet(44)) - raft.server.write.byte-limit = 1073741824 (custom)
2021-04-29 10:57:48,590 [51593562-bf48-4e12-b0f7-435460a60e26@group-5F9640C5EC9E-LeaderElection22] INFO  server.RaftServerConfigKeys (ConfUtils.java:logGet(44)) - raft.server.watch.timeout = 3000ms (custom)
2021-04-29 10:57:48,590 [51593562-bf48-4e12-b0f7-435460a60e26@group-5F9640C5EC9E-LeaderElection22] INFO  server.RaftServerConfigKeys (ConfUtils.java:logGet(44)) - raft.server.watch.timeout.denomination = 1s (default)
2021-04-29 10:57:48,590 [51593562-bf48-4e12-b0f7-435460a60e26@group-5F9640C5EC9E-LeaderElection22] INFO  server.RaftServerConfigKeys (ConfUtils.java:logGet(44)) - raft.server.watch.element-limit = 65536 (default)
2021-04-29 10:57:48,590 [51593562-bf48-4e12-b0f7-435460a60e26@group-5F9640C5EC9E-LeaderElection22] INFO  server.RaftServerConfigKeys (ConfUtils.java:logGet(44)) - raft.server.log.appender.snapshot.chunk.size.max = 16MB (=16777216) (default)
2021-04-29 10:57:48,590 [51593562-bf48-4e12-b0f7-435460a60e26@group-5F9640C5EC9E-LeaderElection22] INFO  server.RaftServerConfigKeys (ConfUtils.java:logGet(44)) - raft.server.log.appender.buffer.byte-limit = 33554432 (custom)
2021-04-29 10:57:48,590 [51593562-bf48-4e12-b0f7-435460a60e26@group-5F9640C5EC9E-LeaderElection22] INFO  server.RaftServerConfigKeys (ConfUtils.java:logGet(44)) - raft.server.log.appender.buffer.element-limit = 1 (custom)
2021-04-29 10:57:48,591 [51593562-bf48-4e12-b0f7-435460a60e26@group-5F9640C5EC9E-LeaderElection22] INFO  grpc.GrpcConfigKeys (ConfUtils.java:logGet(44)) - raft.grpc.server.leader.outstanding.appends.max = 128 (default)
2021-04-29 10:57:48,591 [51593562-bf48-4e12-b0f7-435460a60e26@group-5F9640C5EC9E-LeaderElection22] INFO  server.RaftServerConfigKeys (ConfUtils.java:logGet(44)) - raft.server.rpc.request.timeout = 3000ms (default)
2021-04-29 10:57:48,591 [51593562-bf48-4e12-b0f7-435460a60e26@group-5F9640C5EC9E-LeaderElection22] INFO  server.RaftServerConfigKeys (ConfUtils.java:logGet(44)) - raft.server.log.appender.install.snapshot.enabled = false (custom)
2021-04-29 10:57:48,591 [51593562-bf48-4e12-b0f7-435460a60e26@group-5F9640C5EC9E-LeaderElection22] INFO  metrics.RatisMetrics (RatisMetrics.java:lambda$create$0(36)) - Creating Metrics Registry : ratis_grpc.log_appender.51593562-bf48-4e12-b0f7-435460a60e26@group-5F9640C5EC9E
2021-04-29 10:57:48,593 [51593562-bf48-4e12-b0f7-435460a60e26@group-5F9640C5EC9E-LeaderElection22] INFO  server.RaftServerConfigKeys (ConfUtils.java:logGet(44)) - raft.server.log.appender.snapshot.chunk.size.max = 16MB (=16777216) (default)
2021-04-29 10:57:48,593 [51593562-bf48-4e12-b0f7-435460a60e26@group-5F9640C5EC9E-LeaderElection22] INFO  server.RaftServerConfigKeys (ConfUtils.java:logGet(44)) - raft.server.log.appender.buffer.byte-limit = 33554432 (custom)
2021-04-29 10:57:48,593 [51593562-bf48-4e12-b0f7-435460a60e26@group-5F9640C5EC9E-LeaderElection22] INFO  server.RaftServerConfigKeys (ConfUtils.java:logGet(44)) - raft.server.log.appender.buffer.element-limit = 1 (custom)
2021-04-29 10:57:48,593 [51593562-bf48-4e12-b0f7-435460a60e26@group-5F9640C5EC9E-LeaderElection22] INFO  grpc.GrpcConfigKeys (ConfUtils.java:logGet(44)) - raft.grpc.server.leader.outstanding.appends.max = 128 (default)
2021-04-29 10:57:48,594 [51593562-bf48-4e12-b0f7-435460a60e26@group-5F9640C5EC9E-LeaderElection22] INFO  server.RaftServerConfigKeys (ConfUtils.java:logGet(44)) - raft.server.rpc.request.timeout = 3000ms (default)
2021-04-29 10:57:48,595 [51593562-bf48-4e12-b0f7-435460a60e26@group-5F9640C5EC9E-LeaderElection22] INFO  server.RaftServerConfigKeys (ConfUtils.java:logGet(44)) - raft.server.log.appender.install.snapshot.enabled = false (custom)
2021-04-29 10:57:48,596 [51593562-bf48-4e12-b0f7-435460a60e26@group-5F9640C5EC9E-LeaderElection22] INFO  impl.RoleInfo (RoleInfo.java:updateAndGet(130)) - 51593562-bf48-4e12-b0f7-435460a60e26: start 51593562-bf48-4e12-b0f7-435460a60e26@group-5F9640C5EC9E-LeaderStateImpl
2021-04-29 10:57:48,596 [51593562-bf48-4e12-b0f7-435460a60e26@group-5F9640C5EC9E-LeaderElection22] INFO  segmented.SegmentedRaftLogWorker (SegmentedRaftLogWorker.java:rollLogSegment(399)) - 51593562-bf48-4e12-b0f7-435460a60e26@group-5F9640C5EC9E-SegmentedRaftLogWorker: Rolling segment log-0_0 to index:0
2021-04-29 10:57:48,597 [51593562-bf48-4e12-b0f7-435460a60e26@group-5F9640C5EC9E-SegmentedRaftLogWorker] INFO  segmented.SegmentedRaftLogWorker (SegmentedRaftLogWorker.java:execute(558)) - 51593562-bf48-4e12-b0f7-435460a60e26@group-5F9640C5EC9E-SegmentedRaftLogWorker: Rolled log segment from /github/workspace/mnt/ozone/hadoop-ozone/integration-test/target/test-dir/MiniOzoneClusterImpl-2726c7ec-cf5f-4d18-8e0d-a0ed93d2ecae/datanode-8/data/ratis/d965319d-9b1c-4f94-89c8-5f9640c5ec9e/current/log_inprogress_0 to /github/workspace/mnt/ozone/hadoop-ozone/integration-test/target/test-dir/MiniOzoneClusterImpl-2726c7ec-cf5f-4d18-8e0d-a0ed93d2ecae/datanode-8/data/ratis/d965319d-9b1c-4f94-89c8-5f9640c5ec9e/current/log_0-0
2021-04-29 10:57:48,599 [51593562-bf48-4e12-b0f7-435460a60e26@group-5F9640C5EC9E-SegmentedRaftLogWorker] INFO  segmented.SegmentedRaftLogWorker (SegmentedRaftLogWorker.java:execute(601)) - 51593562-bf48-4e12-b0f7-435460a60e26@group-5F9640C5EC9E-SegmentedRaftLogWorker: created new log segment /github/workspace/mnt/ozone/hadoop-ozone/integration-test/target/test-dir/MiniOzoneClusterImpl-2726c7ec-cf5f-4d18-8e0d-a0ed93d2ecae/datanode-8/data/ratis/d965319d-9b1c-4f94-89c8-5f9640c5ec9e/current/log_inprogress_1
2021-04-29 10:57:48,600 [grpc-default-executor-3] INFO  ratis.XceiverServerRatis (XceiverServerRatis.java:handleLeaderChangedNotification(906)) - Leader change notification received for group: group-5F9640C5EC9E with new leaderId: 51593562-bf48-4e12-b0f7-435460a60e26
2021-04-29 10:57:48,600 [grpc-default-executor-3] INFO  server.RaftServer$Division (ServerState.java:setLeader(271)) - 2ece3016-29da-4712-9e61-42b563feafe4@group-5F9640C5EC9E: change Leader from null to 51593562-bf48-4e12-b0f7-435460a60e26 at term 6 for appendEntries, leader elected after 25580ms
2021-04-29 10:57:48,600 [grpc-default-executor-3] INFO  server.RaftServer$Division (RaftServerImpl.java:checkInconsistentAppendEntries(1318)) - 2ece3016-29da-4712-9e61-42b563feafe4@group-5F9640C5EC9E: Failed appendEntries as previous log entry ((t:2, i:0)) is not found
2021-04-29 10:57:48,601 [grpc-default-executor-3] INFO  server.RaftServer$Division (RaftServerImpl.java:checkInconsistentAppendEntries(1284)) - 2ece3016-29da-4712-9e61-42b563feafe4@group-5F9640C5EC9E: inconsistency entries. Reply:51593562-bf48-4e12-b0f7-435460a60e26<-2ece3016-29da-4712-9e61-42b563feafe4#0:FAIL-t6,INCONSISTENCY,nextIndex=0,followerCommit=-1
2021-04-29 10:57:48,603 [51593562-bf48-4e12-b0f7-435460a60e26@group-5F9640C5EC9E-LeaderElection22] INFO  server.RaftServer$Division (ServerState.java:setRaftConf(373)) - 51593562-bf48-4e12-b0f7-435460a60e26@group-5F9640C5EC9E: set configuration 1: [2ece3016-29da-4712-9e61-42b563feafe4|rpc:172.17.0.2:37483|dataStream:|priority:0, f2874c6a-efe9-4f48-8c15-64eb2698a6fe|rpc:172.17.0.2:38031|dataStream:|priority:0, 51593562-bf48-4e12-b0f7-435460a60e26|rpc:172.17.0.2:37879|dataStream:|priority:1], old=null
2021-04-29 10:57:48,603 [grpc-default-executor-4] INFO  server.RaftServer$Division (RaftServerImpl.java:checkInconsistentAppendEntries(1318)) - 2ece3016-29da-4712-9e61-42b563feafe4@group-5F9640C5EC9E: Failed appendEntries as previous log entry ((t:2, i:0)) is not found
2021-04-29 10:57:48,606 [grpc-default-executor-4] INFO  server.RaftServer$Division (RaftServerImpl.java:checkInconsistentAppendEntries(1284)) - 2ece3016-29da-4712-9e61-42b563feafe4@group-5F9640C5EC9E: inconsistency entries. Reply:51593562-bf48-4e12-b0f7-435460a60e26<-2ece3016-29da-4712-9e61-42b563feafe4#1:FAIL-t6,INCONSISTENCY,nextIndex=0,followerCommit=-1
2021-04-29 10:57:48,606 [grpc-default-executor-3] INFO  leader.FollowerInfo (FollowerInfoImpl.java:lambda$new$0(46)) - 51593562-bf48-4e12-b0f7-435460a60e26@group-5F9640C5EC9E->2ece3016-29da-4712-9e61-42b563feafe4: nextIndex: updateUnconditionally 2 -> 0
2021-04-29 10:57:48,608 [grpc-default-executor-3] INFO  leader.FollowerInfo (FollowerInfoImpl.java:lambda$new$0(46)) - 51593562-bf48-4e12-b0f7-435460a60e26@group-5F9640C5EC9E->2ece3016-29da-4712-9e61-42b563feafe4: nextIndex: updateUnconditionally 2 -> 0
2021-04-29 10:57:48,609 [grpc-default-executor-4] INFO  server.RaftServer$Division (ServerState.java:setRaftConf(373)) - 2ece3016-29da-4712-9e61-42b563feafe4@group-5F9640C5EC9E: set configuration 0: [2ece3016-29da-4712-9e61-42b563feafe4|rpc:172.17.0.2:37483|dataStream:|priority:0, f2874c6a-efe9-4f48-8c15-64eb2698a6fe|rpc:172.17.0.2:38031|dataStream:|priority:0, 51593562-bf48-4e12-b0f7-435460a60e26|rpc:172.17.0.2:37879|dataStream:|priority:1], old=null
2021-04-29 10:57:48,610 [grpc-default-executor-4] INFO  segmented.SegmentedRaftLogWorker (SegmentedRaftLogWorker.java:startLogSegment(394)) - 2ece3016-29da-4712-9e61-42b563feafe4@group-5F9640C5EC9E-SegmentedRaftLogWorker: Starting segment from index:0
2021-04-29 10:57:48,611 [grpc-default-executor-4] INFO  server.RaftServer$Division (ServerState.java:setRaftConf(373)) - 2ece3016-29da-4712-9e61-42b563feafe4@group-5F9640C5EC9E: set configuration 1: [2ece3016-29da-4712-9e61-42b563feafe4|rpc:172.17.0.2:37483|dataStream:|priority:0, f2874c6a-efe9-4f48-8c15-64eb2698a6fe|rpc:172.17.0.2:38031|dataStream:|priority:0, 51593562-bf48-4e12-b0f7-435460a60e26|rpc:172.17.0.2:37879|dataStream:|priority:1], old=null
2021-04-29 10:57:48,611 [2ece3016-29da-4712-9e61-42b563feafe4@group-5F9640C5EC9E-SegmentedRaftLogWorker] INFO  segmented.SegmentedRaftLogWorker (SegmentedRaftLogWorker.java:execute(601)) - 2ece3016-29da-4712-9e61-42b563feafe4@group-5F9640C5EC9E-SegmentedRaftLogWorker: created new log segment /github/workspace/mnt/ozone/hadoop-ozone/integration-test/target/test-dir/MiniOzoneClusterImpl-2726c7ec-cf5f-4d18-8e0d-a0ed93d2ecae/datanode-7/data/ratis/d965319d-9b1c-4f94-89c8-5f9640c5ec9e/current/log_inprogress_0
2021-04-29 10:57:48,612 [grpc-default-executor-4] INFO  segmented.SegmentedRaftLogWorker (SegmentedRaftLogWorker.java:rollLogSegment(399)) - 2ece3016-29da-4712-9e61-42b563feafe4@group-5F9640C5EC9E-SegmentedRaftLogWorker: Rolling segment log-0_0 to index:0
2021-04-29 10:57:48,613 [grpc-default-executor-4] INFO  server.RaftServer$Division (ServerState.java:setRaftConf(373)) - 2ece3016-29da-4712-9e61-42b563feafe4@group-5F9640C5EC9E: set configuration 0: [2ece3016-29da-4712-9e61-42b563feafe4|rpc:172.17.0.2:37483|dataStream:|priority:0, f2874c6a-efe9-4f48-8c15-64eb2698a6fe|rpc:172.17.0.2:38031|dataStream:|priority:0, 51593562-bf48-4e12-b0f7-435460a60e26|rpc:172.17.0.2:37879|dataStream:|priority:1], old=null
2021-04-29 10:57:48,613 [2ece3016-29da-4712-9e61-42b563feafe4@group-5F9640C5EC9E-SegmentedRaftLogWorker] INFO  segmented.SegmentedRaftLogWorker (SegmentedRaftLogWorker.java:execute(558)) - 2ece3016-29da-4712-9e61-42b563feafe4@group-5F9640C5EC9E-SegmentedRaftLogWorker: Rolled log segment from /github/workspace/mnt/ozone/hadoop-ozone/integration-test/target/test-dir/MiniOzoneClusterImpl-2726c7ec-cf5f-4d18-8e0d-a0ed93d2ecae/datanode-7/data/ratis/d965319d-9b1c-4f94-89c8-5f9640c5ec9e/current/log_inprogress_0 to /github/workspace/mnt/ozone/hadoop-ozone/integration-test/target/test-dir/MiniOzoneClusterImpl-2726c7ec-cf5f-4d18-8e0d-a0ed93d2ecae/datanode-7/data/ratis/d965319d-9b1c-4f94-89c8-5f9640c5ec9e/current/log_0-0
2021-04-29 10:57:48,615 [2ece3016-29da-4712-9e61-42b563feafe4@group-5F9640C5EC9E-SegmentedRaftLogWorker] INFO  segmented.SegmentedRaftLogWorker (SegmentedRaftLogWorker.java:execute(601)) - 2ece3016-29da-4712-9e61-42b563feafe4@group-5F9640C5EC9E-SegmentedRaftLogWorker: created new log segment /github/workspace/mnt/ozone/hadoop-ozone/integration-test/target/test-dir/MiniOzoneClusterImpl-2726c7ec-cf5f-4d18-8e0d-a0ed93d2ecae/datanode-7/data/ratis/d965319d-9b1c-4f94-89c8-5f9640c5ec9e/current/log_inprogress_1
2021-04-29 10:57:48,615 [grpc-default-executor-4] INFO  server.RaftServer$Division (ServerState.java:setRaftConf(373)) - 2ece3016-29da-4712-9e61-42b563feafe4@group-5F9640C5EC9E: set configuration 1: [2ece3016-29da-4712-9e61-42b563feafe4|rpc:172.17.0.2:37483|dataStream:|priority:0, f2874c6a-efe9-4f48-8c15-64eb2698a6fe|rpc:172.17.0.2:38031|dataStream:|priority:0, 51593562-bf48-4e12-b0f7-435460a60e26|rpc:172.17.0.2:37879|dataStream:|priority:1], old=null
2021-04-29 10:57:48,621 [grpc-default-executor-3] INFO  ratis.XceiverServerRatis (XceiverServerRatis.java:handleLeaderChangedNotification(906)) - Leader change notification received for group: group-5F9640C5EC9E with new leaderId: 51593562-bf48-4e12-b0f7-435460a60e26
2021-04-29 10:57:48,621 [grpc-default-executor-3] INFO  server.RaftServer$Division (ServerState.java:setLeader(271)) - f2874c6a-efe9-4f48-8c15-64eb2698a6fe@group-5F9640C5EC9E: change Leader from null to 51593562-bf48-4e12-b0f7-435460a60e26 at term 6 for appendEntries, leader elected after 25641ms
2021-04-29 10:57:48,622 [grpc-default-executor-3] INFO  server.RaftServer$Division (RaftServerImpl.java:checkInconsistentAppendEntries(1318)) - f2874c6a-efe9-4f48-8c15-64eb2698a6fe@group-5F9640C5EC9E: Failed appendEntries as previous log entry ((t:2, i:0)) is not found
2021-04-29 10:57:48,622 [grpc-default-executor-3] INFO  server.RaftServer$Division (RaftServerImpl.java:checkInconsistentAppendEntries(1284)) - f2874c6a-efe9-4f48-8c15-64eb2698a6fe@group-5F9640C5EC9E: inconsistency entries. Reply:51593562-bf48-4e12-b0f7-435460a60e26<-f2874c6a-efe9-4f48-8c15-64eb2698a6fe#0:FAIL-t6,INCONSISTENCY,nextIndex=0,followerCommit=-1
2021-04-29 10:57:48,623 [grpc-default-executor-3] INFO  leader.FollowerInfo (FollowerInfoImpl.java:lambda$new$0(46)) - 51593562-bf48-4e12-b0f7-435460a60e26@group-5F9640C5EC9E->f2874c6a-efe9-4f48-8c15-64eb2698a6fe: nextIndex: updateUnconditionally 1 -> 0
2021-04-29 10:57:48,630 [grpc-default-executor-3] INFO  server.RaftServer$Division (ServerState.java:setRaftConf(373)) - f2874c6a-efe9-4f48-8c15-64eb2698a6fe@group-5F9640C5EC9E: set configuration 0: [2ece3016-29da-4712-9e61-42b563feafe4|rpc:172.17.0.2:37483|dataStream:|priority:0, f2874c6a-efe9-4f48-8c15-64eb2698a6fe|rpc:172.17.0.2:38031|dataStream:|priority:0, 51593562-bf48-4e12-b0f7-435460a60e26|rpc:172.17.0.2:37879|dataStream:|priority:1], old=null
2021-04-29 10:57:48,631 [grpc-default-executor-3] INFO  segmented.SegmentedRaftLogWorker (SegmentedRaftLogWorker.java:startLogSegment(394)) - f2874c6a-efe9-4f48-8c15-64eb2698a6fe@group-5F9640C5EC9E-SegmentedRaftLogWorker: Starting segment from index:0
2021-04-29 10:57:48,632 [grpc-default-executor-3] INFO  server.RaftServer$Division (ServerState.java:setRaftConf(373)) - f2874c6a-efe9-4f48-8c15-64eb2698a6fe@group-5F9640C5EC9E: set configuration 1: [2ece3016-29da-4712-9e61-42b563feafe4|rpc:172.17.0.2:37483|dataStream:|priority:0, f2874c6a-efe9-4f48-8c15-64eb2698a6fe|rpc:172.17.0.2:38031|dataStream:|priority:0, 51593562-bf48-4e12-b0f7-435460a60e26|rpc:172.17.0.2:37879|dataStream:|priority:1], old=null
2021-04-29 10:57:48,632 [grpc-default-executor-3] INFO  segmented.SegmentedRaftLogWorker (SegmentedRaftLogWorker.java:rollLogSegment(399)) - f2874c6a-efe9-4f48-8c15-64eb2698a6fe@group-5F9640C5EC9E-SegmentedRaftLogWorker: Rolling segment log-0_0 to index:0
2021-04-29 10:57:48,633 [f2874c6a-efe9-4f48-8c15-64eb2698a6fe@group-5F9640C5EC9E-SegmentedRaftLogWorker] INFO  segmented.SegmentedRaftLogWorker (SegmentedRaftLogWorker.java:execute(601)) - f2874c6a-efe9-4f48-8c15-64eb2698a6fe@group-5F9640C5EC9E-SegmentedRaftLogWorker: created new log segment /github/workspace/mnt/ozone/hadoop-ozone/integration-test/target/test-dir/MiniOzoneClusterImpl-2726c7ec-cf5f-4d18-8e0d-a0ed93d2ecae/datanode-6/data/ratis/d965319d-9b1c-4f94-89c8-5f9640c5ec9e/current/log_inprogress_0
2021-04-29 10:57:48,638 [f2874c6a-efe9-4f48-8c15-64eb2698a6fe@group-5F9640C5EC9E-SegmentedRaftLogWorker] INFO  segmented.SegmentedRaftLogWorker (SegmentedRaftLogWorker.java:execute(558)) - f2874c6a-efe9-4f48-8c15-64eb2698a6fe@group-5F9640C5EC9E-SegmentedRaftLogWorker: Rolled log segment from /github/workspace/mnt/ozone/hadoop-ozone/integration-test/target/test-dir/MiniOzoneClusterImpl-2726c7ec-cf5f-4d18-8e0d-a0ed93d2ecae/datanode-6/data/ratis/d965319d-9b1c-4f94-89c8-5f9640c5ec9e/current/log_inprogress_0 to /github/workspace/mnt/ozone/hadoop-ozone/integration-test/target/test-dir/MiniOzoneClusterImpl-2726c7ec-cf5f-4d18-8e0d-a0ed93d2ecae/datanode-6/data/ratis/d965319d-9b1c-4f94-89c8-5f9640c5ec9e/current/log_0-0
2021-04-29 10:57:48,640 [f2874c6a-efe9-4f48-8c15-64eb2698a6fe@group-5F9640C5EC9E-SegmentedRaftLogWorker] INFO  segmented.SegmentedRaftLogWorker (SegmentedRaftLogWorker.java:execute(601)) - f2874c6a-efe9-4f48-8c15-64eb2698a6fe@group-5F9640C5EC9E-SegmentedRaftLogWorker: created new log segment /github/workspace/mnt/ozone/hadoop-ozone/integration-test/target/test-dir/MiniOzoneClusterImpl-2726c7ec-cf5f-4d18-8e0d-a0ed93d2ecae/datanode-6/data/ratis/d965319d-9b1c-4f94-89c8-5f9640c5ec9e/current/log_inprogress_1
2021-04-29 10:57:51,629 [ForkJoinPool.commonPool-worker-0] INFO  ozoneimpl.OzoneContainer (OzoneContainer.java:stop(313)) - Attempting to stop container services.
2021-04-29 10:57:51,629 [Listener at 127.0.0.1/42781] INFO  ozoneimpl.OzoneContainer (OzoneContainer.java:stop(313)) - Attempting to stop container services.
2021-04-29 10:57:51,629 [ForkJoinPool.commonPool-worker-0] INFO  server.RaftServer (RaftServerProxy.java:lambda$close$6(391)) - 370ef436-e033-42aa-a9de-e846a346aa8c: close
2021-04-29 10:57:51,630 [ForkJoinPool.commonPool-worker-0] INFO  server.RaftServer$Division (RaftServerImpl.java:lambda$close$4(406)) - 370ef436-e033-42aa-a9de-e846a346aa8c@group-B64FFD675AD6: shutdown
2021-04-29 10:57:51,630 [ForkJoinPool.commonPool-worker-0] INFO  util.JmxRegister (JmxRegister.java:unregister(73)) - Successfully un-registered JMX Bean with object name Ratis:service=RaftServer,group=group-B64FFD675AD6,id=370ef436-e033-42aa-a9de-e846a346aa8c
2021-04-29 10:57:51,630 [ForkJoinPool.commonPool-worker-0] INFO  impl.RoleInfo (RoleInfo.java:shutdownLeaderState(91)) - 370ef436-e033-42aa-a9de-e846a346aa8c: shutdown 370ef436-e033-42aa-a9de-e846a346aa8c@group-B64FFD675AD6-LeaderStateImpl
2021-04-29 10:57:51,630 [Listener at 127.0.0.1/42781] INFO  server.RaftServer (RaftServerProxy.java:lambda$close$6(391)) - 2394195c-5b30-4756-b242-a473be14be87: close
2021-04-29 10:57:51,630 [ForkJoinPool.commonPool-worker-0] INFO  impl.PendingRequests (PendingRequests.java:sendNotLeaderResponses(249)) - 370ef436-e033-42aa-a9de-e846a346aa8c@group-B64FFD675AD6-PendingRequests: sendNotLeaderResponses
2021-04-29 10:57:51,631 [Listener at 127.0.0.1/42781] INFO  server.RaftServer$Division (RaftServerImpl.java:lambda$close$4(406)) - 2394195c-5b30-4756-b242-a473be14be87@group-A5EBDE40635D: shutdown
2021-04-29 10:57:51,631 [ForkJoinPool.commonPool-worker-0] INFO  metrics.RatisMetrics (RatisMetrics.java:unregister(43)) - Unregistering Metrics Registry : ratis.log_appender.370ef436-e033-42aa-a9de-e846a346aa8c@group-B64FFD675AD6
2021-04-29 10:57:51,631 [Listener at 127.0.0.1/42781] INFO  util.JmxRegister (JmxRegister.java:unregister(73)) - Successfully un-registered JMX Bean with object name Ratis:service=RaftServer,group=group-A5EBDE40635D,id=2394195c-5b30-4756-b242-a473be14be87
2021-04-29 10:57:51,632 [Listener at 127.0.0.1/42781] INFO  impl.RoleInfo (RoleInfo.java:shutdownFollowerState(108)) - 2394195c-5b30-4756-b242-a473be14be87: shutdown 2394195c-5b30-4756-b242-a473be14be87@group-A5EBDE40635D-FollowerState
2021-04-29 10:57:51,631 [ForkJoinPool.commonPool-worker-0] INFO  metrics.RatisMetrics (RatisMetrics.java:unregister(43)) - Unregistering Metrics Registry : ratis.server.370ef436-e033-42aa-a9de-e846a346aa8c@group-B64FFD675AD6
2021-04-29 10:57:51,632 [2394195c-5b30-4756-b242-a473be14be87@group-A5EBDE40635D-StateMachineUpdater] INFO  ratis.ContainerStateMachine (ContainerStateMachine.java:takeSnapshot(292)) - group-A5EBDE40635D: Taking a snapshot at:(t:2, i:0) file /github/workspace/mnt/ozone/hadoop-ozone/integration-test/target/test-dir/MiniOzoneClusterImpl-2726c7ec-cf5f-4d18-8e0d-a0ed93d2ecae/datanode-4/data/ratis/3f0dbdb8-797e-4e9e-b690-a5ebde40635d/sm/snapshot.2_0
2021-04-29 10:57:51,632 [Listener at 127.0.0.1/42781] INFO  impl.StateMachineUpdater (StateMachineUpdater.java:stopAndJoin(149)) - 2394195c-5b30-4756-b242-a473be14be87@group-A5EBDE40635D-StateMachineUpdater: set stopIndex = 0
2021-04-29 10:57:51,632 [2394195c-5b30-4756-b242-a473be14be87@group-A5EBDE40635D-FollowerState] INFO  impl.FollowerState (FollowerState.java:run(143)) - 2394195c-5b30-4756-b242-a473be14be87@group-A5EBDE40635D-FollowerState was interrupted: {}
java.lang.InterruptedException: sleep interrupted
	at java.lang.Thread.sleep(Native Method)
	at java.lang.Thread.sleep(Thread.java:340)
	at java.util.concurrent.TimeUnit.sleep(TimeUnit.java:386)
	at org.apache.ratis.util.TimeDuration.sleep(TimeDuration.java:324)
	at org.apache.ratis.util.TimeDuration.sleep(TimeDuration.java:309)
	at org.apache.ratis.server.impl.FollowerState.run(FollowerState.java:118)
2021-04-29 10:57:51,642 [370ef436-e033-42aa-a9de-e846a346aa8c@group-B64FFD675AD6-StateMachineUpdater] INFO  ratis.ContainerStateMachine (ContainerStateMachine.java:takeSnapshot(292)) - group-B64FFD675AD6: Taking a snapshot at:(t:1, i:0) file /github/workspace/mnt/ozone/hadoop-ozone/integration-test/target/test-dir/MiniOzoneClusterImpl-2726c7ec-cf5f-4d18-8e0d-a0ed93d2ecae/datanode-2/data/ratis/657e6ca0-f67e-4ea0-bf19-b64ffd675ad6/sm/snapshot.1_0
2021-04-29 10:57:51,642 [ForkJoinPool.commonPool-worker-0] INFO  impl.StateMachineUpdater (StateMachineUpdater.java:stopAndJoin(149)) - 370ef436-e033-42aa-a9de-e846a346aa8c@group-B64FFD675AD6-StateMachineUpdater: set stopIndex = 0
2021-04-29 10:57:51,652 [370ef436-e033-42aa-a9de-e846a346aa8c@group-B64FFD675AD6-StateMachineUpdater] INFO  ratis.ContainerStateMachine (ContainerStateMachine.java:takeSnapshot(303)) - group-B64FFD675AD6: Finished taking a snapshot at:(t:1, i:0) file:/github/workspace/mnt/ozone/hadoop-ozone/integration-test/target/test-dir/MiniOzoneClusterImpl-2726c7ec-cf5f-4d18-8e0d-a0ed93d2ecae/datanode-2/data/ratis/657e6ca0-f67e-4ea0-bf19-b64ffd675ad6/sm/snapshot.1_0 took: 10 ms
2021-04-29 10:57:51,653 [370ef436-e033-42aa-a9de-e846a346aa8c@group-B64FFD675AD6-StateMachineUpdater] INFO  impl.StateMachineUpdater (StateMachineUpdater.java:takeSnapshot(281)) - 370ef436-e033-42aa-a9de-e846a346aa8c@group-B64FFD675AD6-StateMachineUpdater: Took a snapshot at index 0
2021-04-29 10:57:51,653 [370ef436-e033-42aa-a9de-e846a346aa8c@group-B64FFD675AD6-StateMachineUpdater] INFO  impl.StateMachineUpdater (StateMachineUpdater.java:lambda$new$0(89)) - 370ef436-e033-42aa-a9de-e846a346aa8c@group-B64FFD675AD6-StateMachineUpdater: snapshotIndex: updateIncreasingly -1 -> 0
2021-04-29 10:57:51,655 [2394195c-5b30-4756-b242-a473be14be87@group-A5EBDE40635D-StateMachineUpdater] INFO  ratis.ContainerStateMachine (ContainerStateMachine.java:takeSnapshot(303)) - group-A5EBDE40635D: Finished taking a snapshot at:(t:2, i:0) file:/github/workspace/mnt/ozone/hadoop-ozone/integration-test/target/test-dir/MiniOzoneClusterImpl-2726c7ec-cf5f-4d18-8e0d-a0ed93d2ecae/datanode-4/data/ratis/3f0dbdb8-797e-4e9e-b690-a5ebde40635d/sm/snapshot.2_0 took: 22 ms
2021-04-29 10:57:51,657 [2394195c-5b30-4756-b242-a473be14be87@group-A5EBDE40635D-StateMachineUpdater] INFO  impl.StateMachineUpdater (StateMachineUpdater.java:takeSnapshot(281)) - 2394195c-5b30-4756-b242-a473be14be87@group-A5EBDE40635D-StateMachineUpdater: Took a snapshot at index 0
2021-04-29 10:57:51,657 [2394195c-5b30-4756-b242-a473be14be87@group-A5EBDE40635D-StateMachineUpdater] INFO  impl.StateMachineUpdater (StateMachineUpdater.java:lambda$new$0(89)) - 2394195c-5b30-4756-b242-a473be14be87@group-A5EBDE40635D-StateMachineUpdater: snapshotIndex: updateIncreasingly -1 -> 0
2021-04-29 10:57:51,659 [2394195c-5b30-4756-b242-a473be14be87@group-A5EBDE40635D-StateMachineUpdater] INFO  metrics.RatisMetrics (RatisMetrics.java:unregister(43)) - Unregistering Metrics Registry : ratis.state_machine.2394195c-5b30-4756-b242-a473be14be87@group-A5EBDE40635D
2021-04-29 10:57:51,659 [370ef436-e033-42aa-a9de-e846a346aa8c@group-B64FFD675AD6-StateMachineUpdater] INFO  metrics.RatisMetrics (RatisMetrics.java:unregister(43)) - Unregistering Metrics Registry : ratis.state_machine.370ef436-e033-42aa-a9de-e846a346aa8c@group-B64FFD675AD6
2021-04-29 10:57:51,660 [ForkJoinPool.commonPool-worker-0] INFO  server.RaftServer$Division (ServerState.java:close(405)) - 370ef436-e033-42aa-a9de-e846a346aa8c@group-B64FFD675AD6: closes. applyIndex: 0
2021-04-29 10:57:51,660 [370ef436-e033-42aa-a9de-e846a346aa8c@group-B64FFD675AD6-SegmentedRaftLogWorker] INFO  segmented.SegmentedRaftLogWorker (SegmentedRaftLogWorker.java:run(327)) - 370ef436-e033-42aa-a9de-e846a346aa8c@group-B64FFD675AD6-SegmentedRaftLogWorker was interrupted, exiting. There are 0 tasks remaining in the queue.
2021-04-29 10:57:51,661 [ForkJoinPool.commonPool-worker-0] INFO  segmented.SegmentedRaftLogWorker (SegmentedRaftLogWorker.java:close(237)) - 370ef436-e033-42aa-a9de-e846a346aa8c@group-B64FFD675AD6-SegmentedRaftLogWorker close()
2021-04-29 10:57:51,662 [Listener at 127.0.0.1/42781] INFO  server.RaftServer$Division (ServerState.java:close(405)) - 2394195c-5b30-4756-b242-a473be14be87@group-A5EBDE40635D: closes. applyIndex: 0
2021-04-29 10:57:51,662 [ForkJoinPool.commonPool-worker-0] INFO  metrics.RatisMetrics (RatisMetrics.java:unregister(43)) - Unregistering Metrics Registry : ratis.log_worker.370ef436-e033-42aa-a9de-e846a346aa8c@group-B64FFD675AD6
2021-04-29 10:57:51,662 [2394195c-5b30-4756-b242-a473be14be87@group-A5EBDE40635D-SegmentedRaftLogWorker] INFO  segmented.SegmentedRaftLogWorker (SegmentedRaftLogWorker.java:run(327)) - 2394195c-5b30-4756-b242-a473be14be87@group-A5EBDE40635D-SegmentedRaftLogWorker was interrupted, exiting. There are 0 tasks remaining in the queue.
2021-04-29 10:57:51,663 [ForkJoinPool.commonPool-worker-0] INFO  metrics.RatisMetrics (RatisMetrics.java:unregister(43)) - Unregistering Metrics Registry : ratis.leader_election.370ef436-e033-42aa-a9de-e846a346aa8c@group-B64FFD675AD6
2021-04-29 10:57:51,663 [ForkJoinPool.commonPool-worker-0] INFO  metrics.RatisMetrics (RatisMetrics.java:unregister(43)) - Unregistering Metrics Registry : ratis.server.370ef436-e033-42aa-a9de-e846a346aa8c@group-B64FFD675AD6
2021-04-29 10:57:51,663 [ForkJoinPool.commonPool-worker-0] INFO  server.RaftServer$Division (RaftServerImpl.java:lambda$close$4(406)) - 370ef436-e033-42aa-a9de-e846a346aa8c@group-AAC7C0471365: shutdown
2021-04-29 10:57:51,663 [ForkJoinPool.commonPool-worker-0] INFO  util.JmxRegister (JmxRegister.java:unregister(73)) - Successfully un-registered JMX Bean with object name Ratis:service=RaftServer,group=group-AAC7C0471365,id=370ef436-e033-42aa-a9de-e846a346aa8c
2021-04-29 10:57:51,663 [ForkJoinPool.commonPool-worker-0] INFO  impl.RoleInfo (RoleInfo.java:shutdownLeaderState(91)) - 370ef436-e033-42aa-a9de-e846a346aa8c: shutdown 370ef436-e033-42aa-a9de-e846a346aa8c@group-AAC7C0471365-LeaderStateImpl
2021-04-29 10:57:51,663 [ForkJoinPool.commonPool-worker-0] INFO  metrics.RatisMetrics (RatisMetrics.java:unregister(43)) - Unregistering Metrics Registry : ratis_grpc.log_appender.370ef436-e033-42aa-a9de-e846a346aa8c@group-AAC7C0471365
2021-04-29 10:57:51,664 [ForkJoinPool.commonPool-worker-0] INFO  metrics.RatisMetrics (RatisMetrics.java:unregister(43)) - Unregistering Metrics Registry : ratis_grpc.log_appender.370ef436-e033-42aa-a9de-e846a346aa8c@group-AAC7C0471365
2021-04-29 10:57:51,664 [370ef436-e033-42aa-a9de-e846a346aa8c@group-AAC7C0471365->e351f40b-7d1e-4f0b-9ad9-d74fe5b38461-GrpcLogAppender-LogAppenderDaemon] WARN  server.GrpcLogAppender (GrpcLogAppender.java:mayWait(175)) - 370ef436-e033-42aa-a9de-e846a346aa8c@group-AAC7C0471365->e351f40b-7d1e-4f0b-9ad9-d74fe5b38461-GrpcLogAppender: Wait interrupted by java.lang.InterruptedException
2021-04-29 10:57:51,666 [grpc-default-executor-3] INFO  server.GrpcServerProtocolService (GrpcServerProtocolService.java:onCompleted(140)) - e351f40b-7d1e-4f0b-9ad9-d74fe5b38461: Completed APPEND_ENTRIES, lastRequest: 370ef436-e033-42aa-a9de-e846a346aa8c->e351f40b-7d1e-4f0b-9ad9-d74fe5b38461#259-t3,previous=(t:3, i:6),leaderCommit=6,initializing? true,entries: size=1, first=(t:3, i:7), METADATAENTRY(c:6)
2021-04-29 10:57:51,667 [370ef436-e033-42aa-a9de-e846a346aa8c@group-AAC7C0471365->18d1b3e1-cb4e-4e34-82f6-cc3a7f954247-GrpcLogAppender-LogAppenderDaemon] WARN  server.GrpcLogAppender (GrpcLogAppender.java:mayWait(175)) - 370ef436-e033-42aa-a9de-e846a346aa8c@group-AAC7C0471365->18d1b3e1-cb4e-4e34-82f6-cc3a7f954247-GrpcLogAppender: Wait interrupted by java.lang.InterruptedException
2021-04-29 10:57:51,669 [grpc-default-executor-2] INFO  server.GrpcLogAppender (GrpcLogAppender.java:onCompleted(344)) - 370ef436-e033-42aa-a9de-e846a346aa8c@group-AAC7C0471365->e351f40b-7d1e-4f0b-9ad9-d74fe5b38461-AppendLogResponseHandler: follower responses appendEntries COMPLETED
2021-04-29 10:57:51,669 [grpc-default-executor-2] INFO  leader.FollowerInfo (FollowerInfoImpl.java:lambda$new$0(46)) - 370ef436-e033-42aa-a9de-e846a346aa8c@group-AAC7C0471365->e351f40b-7d1e-4f0b-9ad9-d74fe5b38461: nextIndex: updateUnconditionally 8 -> 7
2021-04-29 10:57:51,671 [grpc-default-executor-4] INFO  server.GrpcServerProtocolService (GrpcServerProtocolService.java:onCompleted(140)) - 18d1b3e1-cb4e-4e34-82f6-cc3a7f954247: Completed APPEND_ENTRIES, lastRequest: 370ef436-e033-42aa-a9de-e846a346aa8c->18d1b3e1-cb4e-4e34-82f6-cc3a7f954247#12-t3,previous=(t:3, i:6),leaderCommit=6,initializing? true,entries: size=1, first=(t:3, i:7), METADATAENTRY(c:6)
2021-04-29 10:57:51,671 [Listener at 127.0.0.1/42781] INFO  segmented.SegmentedRaftLogWorker (SegmentedRaftLogWorker.java:close(237)) - 2394195c-5b30-4756-b242-a473be14be87@group-A5EBDE40635D-SegmentedRaftLogWorker close()
2021-04-29 10:57:51,671 [ForkJoinPool.commonPool-worker-0] INFO  impl.PendingRequests (PendingRequests.java:sendNotLeaderResponses(249)) - 370ef436-e033-42aa-a9de-e846a346aa8c@group-AAC7C0471365-PendingRequests: sendNotLeaderResponses
2021-04-29 10:57:51,672 [grpc-default-executor-2] INFO  server.GrpcLogAppender (GrpcLogAppender.java:onCompleted(344)) - 370ef436-e033-42aa-a9de-e846a346aa8c@group-AAC7C0471365->18d1b3e1-cb4e-4e34-82f6-cc3a7f954247-AppendLogResponseHandler: follower responses appendEntries COMPLETED
2021-04-29 10:57:51,672 [grpc-default-executor-2] INFO  leader.FollowerInfo (FollowerInfoImpl.java:lambda$new$0(46)) - 370ef436-e033-42aa-a9de-e846a346aa8c@group-AAC7C0471365->18d1b3e1-cb4e-4e34-82f6-cc3a7f954247: nextIndex: updateUnconditionally 8 -> 7
2021-04-29 10:57:51,675 [Listener at 127.0.0.1/42781] INFO  metrics.RatisMetrics (RatisMetrics.java:unregister(43)) - Unregistering Metrics Registry : ratis.log_worker.2394195c-5b30-4756-b242-a473be14be87@group-A5EBDE40635D
2021-04-29 10:57:51,675 [Listener at 127.0.0.1/42781] INFO  metrics.RatisMetrics (RatisMetrics.java:unregister(43)) - Unregistering Metrics Registry : ratis.leader_election.2394195c-5b30-4756-b242-a473be14be87@group-A5EBDE40635D
2021-04-29 10:57:51,676 [Listener at 127.0.0.1/42781] INFO  metrics.RatisMetrics (RatisMetrics.java:unregister(43)) - Unregistering Metrics Registry : ratis.server.2394195c-5b30-4756-b242-a473be14be87@group-A5EBDE40635D
2021-04-29 10:57:51,676 [Listener at 127.0.0.1/42781] INFO  server.RaftServer$Division (RaftServerImpl.java:lambda$close$4(406)) - 2394195c-5b30-4756-b242-a473be14be87@group-9B9DEE57546E: shutdown
2021-04-29 10:57:51,676 [Listener at 127.0.0.1/42781] INFO  util.JmxRegister (JmxRegister.java:unregister(73)) - Successfully un-registered JMX Bean with object name Ratis:service=RaftServer,group=group-9B9DEE57546E,id=2394195c-5b30-4756-b242-a473be14be87
2021-04-29 10:57:51,676 [Listener at 127.0.0.1/42781] INFO  impl.RoleInfo (RoleInfo.java:shutdownLeaderState(91)) - 2394195c-5b30-4756-b242-a473be14be87: shutdown 2394195c-5b30-4756-b242-a473be14be87@group-9B9DEE57546E-LeaderStateImpl
2021-04-29 10:57:51,677 [Listener at 127.0.0.1/42781] INFO  impl.PendingRequests (PendingRequests.java:sendNotLeaderResponses(249)) - 2394195c-5b30-4756-b242-a473be14be87@group-9B9DEE57546E-PendingRequests: sendNotLeaderResponses
2021-04-29 10:57:51,677 [Listener at 127.0.0.1/42781] INFO  metrics.RatisMetrics (RatisMetrics.java:unregister(43)) - Unregistering Metrics Registry : ratis.log_appender.2394195c-5b30-4756-b242-a473be14be87@group-9B9DEE57546E
2021-04-29 10:57:51,677 [Listener at 127.0.0.1/42781] INFO  metrics.RatisMetrics (RatisMetrics.java:unregister(43)) - Unregistering Metrics Registry : ratis.server.2394195c-5b30-4756-b242-a473be14be87@group-9B9DEE57546E
2021-04-29 10:57:51,678 [Listener at 127.0.0.1/42781] INFO  impl.StateMachineUpdater (StateMachineUpdater.java:stopAndJoin(149)) - 2394195c-5b30-4756-b242-a473be14be87@group-9B9DEE57546E-StateMachineUpdater: set stopIndex = 0
2021-04-29 10:57:51,678 [2394195c-5b30-4756-b242-a473be14be87@group-9B9DEE57546E-StateMachineUpdater] INFO  ratis.ContainerStateMachine (ContainerStateMachine.java:takeSnapshot(292)) - group-9B9DEE57546E: Taking a snapshot at:(t:1, i:0) file /github/workspace/mnt/ozone/hadoop-ozone/integration-test/target/test-dir/MiniOzoneClusterImpl-2726c7ec-cf5f-4d18-8e0d-a0ed93d2ecae/datanode-4/data/ratis/05d9c834-934a-4097-9a93-9b9dee57546e/sm/snapshot.1_0
2021-04-29 10:57:51,679 [2394195c-5b30-4756-b242-a473be14be87@group-9B9DEE57546E-StateMachineUpdater] INFO  ratis.ContainerStateMachine (ContainerStateMachine.java:takeSnapshot(303)) - group-9B9DEE57546E: Finished taking a snapshot at:(t:1, i:0) file:/github/workspace/mnt/ozone/hadoop-ozone/integration-test/target/test-dir/MiniOzoneClusterImpl-2726c7ec-cf5f-4d18-8e0d-a0ed93d2ecae/datanode-4/data/ratis/05d9c834-934a-4097-9a93-9b9dee57546e/sm/snapshot.1_0 took: 1 ms
2021-04-29 10:57:51,679 [2394195c-5b30-4756-b242-a473be14be87@group-9B9DEE57546E-StateMachineUpdater] INFO  impl.StateMachineUpdater (StateMachineUpdater.java:takeSnapshot(281)) - 2394195c-5b30-4756-b242-a473be14be87@group-9B9DEE57546E-StateMachineUpdater: Took a snapshot at index 0
2021-04-29 10:57:51,679 [2394195c-5b30-4756-b242-a473be14be87@group-9B9DEE57546E-StateMachineUpdater] INFO  impl.StateMachineUpdater (StateMachineUpdater.java:lambda$new$0(89)) - 2394195c-5b30-4756-b242-a473be14be87@group-9B9DEE57546E-StateMachineUpdater: snapshotIndex: updateIncreasingly -1 -> 0
2021-04-29 10:57:51,679 [2394195c-5b30-4756-b242-a473be14be87@group-9B9DEE57546E-StateMachineUpdater] INFO  metrics.RatisMetrics (RatisMetrics.java:unregister(43)) - Unregistering Metrics Registry : ratis.state_machine.2394195c-5b30-4756-b242-a473be14be87@group-9B9DEE57546E
2021-04-29 10:57:51,681 [Listener at 127.0.0.1/42781] INFO  server.RaftServer$Division (ServerState.java:close(405)) - 2394195c-5b30-4756-b242-a473be14be87@group-9B9DEE57546E: closes. applyIndex: 0
2021-04-29 10:57:51,684 [2394195c-5b30-4756-b242-a473be14be87@group-9B9DEE57546E-SegmentedRaftLogWorker] INFO  segmented.SegmentedRaftLogWorker (SegmentedRaftLogWorker.java:run(327)) - 2394195c-5b30-4756-b242-a473be14be87@group-9B9DEE57546E-SegmentedRaftLogWorker was interrupted, exiting. There are 0 tasks remaining in the queue.
2021-04-29 10:57:51,690 [ForkJoinPool.commonPool-worker-0] INFO  metrics.RatisMetrics (RatisMetrics.java:unregister(43)) - Unregistering Metrics Registry : ratis.log_appender.370ef436-e033-42aa-a9de-e846a346aa8c@group-AAC7C0471365
2021-04-29 10:57:51,690 [ForkJoinPool.commonPool-worker-0] INFO  metrics.RatisMetrics (RatisMetrics.java:unregister(43)) - Unregistering Metrics Registry : ratis.server.370ef436-e033-42aa-a9de-e846a346aa8c@group-AAC7C0471365
2021-04-29 10:57:51,691 [ForkJoinPool.commonPool-worker-0] INFO  impl.StateMachineUpdater (StateMachineUpdater.java:stopAndJoin(149)) - 370ef436-e033-42aa-a9de-e846a346aa8c@group-AAC7C0471365-StateMachineUpdater: set stopIndex = 7
2021-04-29 10:57:51,694 [370ef436-e033-42aa-a9de-e846a346aa8c@group-AAC7C0471365-StateMachineUpdater] INFO  ratis.ContainerStateMachine (ContainerStateMachine.java:takeSnapshot(292)) - group-AAC7C0471365: Taking a snapshot at:(t:3, i:7) file /github/workspace/mnt/ozone/hadoop-ozone/integration-test/target/test-dir/MiniOzoneClusterImpl-2726c7ec-cf5f-4d18-8e0d-a0ed93d2ecae/datanode-2/data/ratis/d41d1735-2b4e-48ce-b160-aac7c0471365/sm/snapshot.3_7
2021-04-29 10:57:51,695 [Listener at 127.0.0.1/42781] INFO  segmented.SegmentedRaftLogWorker (SegmentedRaftLogWorker.java:close(237)) - 2394195c-5b30-4756-b242-a473be14be87@group-9B9DEE57546E-SegmentedRaftLogWorker close()
2021-04-29 10:57:51,700 [Listener at 127.0.0.1/42781] INFO  metrics.RatisMetrics (RatisMetrics.java:unregister(43)) - Unregistering Metrics Registry : ratis.log_worker.2394195c-5b30-4756-b242-a473be14be87@group-9B9DEE57546E
2021-04-29 10:57:51,700 [Listener at 127.0.0.1/42781] INFO  metrics.RatisMetrics (RatisMetrics.java:unregister(43)) - Unregistering Metrics Registry : ratis.leader_election.2394195c-5b30-4756-b242-a473be14be87@group-9B9DEE57546E
2021-04-29 10:57:51,700 [Listener at 127.0.0.1/42781] INFO  metrics.RatisMetrics (RatisMetrics.java:unregister(43)) - Unregistering Metrics Registry : ratis.server.2394195c-5b30-4756-b242-a473be14be87@group-9B9DEE57546E
2021-04-29 10:57:51,701 [Listener at 127.0.0.1/42781] INFO  server.GrpcService (GrpcService.java:closeImpl(262)) - 2394195c-5b30-4756-b242-a473be14be87: shutdown server with port 32961 now
2021-04-29 10:57:51,701 [370ef436-e033-42aa-a9de-e846a346aa8c@group-AAC7C0471365-StateMachineUpdater] INFO  ratis.ContainerStateMachine (ContainerStateMachine.java:takeSnapshot(303)) - group-AAC7C0471365: Finished taking a snapshot at:(t:3, i:7) file:/github/workspace/mnt/ozone/hadoop-ozone/integration-test/target/test-dir/MiniOzoneClusterImpl-2726c7ec-cf5f-4d18-8e0d-a0ed93d2ecae/datanode-2/data/ratis/d41d1735-2b4e-48ce-b160-aac7c0471365/sm/snapshot.3_7 took: 8 ms
2021-04-29 10:57:51,701 [370ef436-e033-42aa-a9de-e846a346aa8c@group-AAC7C0471365-StateMachineUpdater] INFO  impl.StateMachineUpdater (StateMachineUpdater.java:takeSnapshot(281)) - 370ef436-e033-42aa-a9de-e846a346aa8c@group-AAC7C0471365-StateMachineUpdater: Took a snapshot at index 7
2021-04-29 10:57:51,701 [370ef436-e033-42aa-a9de-e846a346aa8c@group-AAC7C0471365-StateMachineUpdater] INFO  impl.StateMachineUpdater (StateMachineUpdater.java:lambda$new$0(89)) - 370ef436-e033-42aa-a9de-e846a346aa8c@group-AAC7C0471365-StateMachineUpdater: snapshotIndex: updateIncreasingly -1 -> 7
2021-04-29 10:57:51,702 [370ef436-e033-42aa-a9de-e846a346aa8c@group-AAC7C0471365-StateMachineUpdater] INFO  metrics.RatisMetrics (RatisMetrics.java:unregister(43)) - Unregistering Metrics Registry : ratis.state_machine.370ef436-e033-42aa-a9de-e846a346aa8c@group-AAC7C0471365
2021-04-29 10:57:51,702 [ForkJoinPool.commonPool-worker-0] INFO  server.RaftServer$Division (ServerState.java:close(405)) - 370ef436-e033-42aa-a9de-e846a346aa8c@group-AAC7C0471365: closes. applyIndex: 7
2021-04-29 10:57:51,702 [370ef436-e033-42aa-a9de-e846a346aa8c@group-AAC7C0471365-SegmentedRaftLogWorker] INFO  segmented.SegmentedRaftLogWorker (SegmentedRaftLogWorker.java:run(327)) - 370ef436-e033-42aa-a9de-e846a346aa8c@group-AAC7C0471365-SegmentedRaftLogWorker was interrupted, exiting. There are 0 tasks remaining in the queue.
2021-04-29 10:57:51,704 [ForkJoinPool.commonPool-worker-0] INFO  segmented.SegmentedRaftLogWorker (SegmentedRaftLogWorker.java:close(237)) - 370ef436-e033-42aa-a9de-e846a346aa8c@group-AAC7C0471365-SegmentedRaftLogWorker close()
2021-04-29 10:57:51,706 [grpc-default-executor-3] WARN  server.GrpcServerProtocolService (LogUtils.java:warn(122)) - 2394195c-5b30-4756-b242-a473be14be87: installSnapshot onError, lastRequest: aef91e02-660b-41a2-9835-9ea111f967cb->2394195c-5b30-4756-b242-a473be14be87#1-t2,previous=(t:0, i:0),leaderCommit=0,initializing? true,entries: size=1, first=(t:2, i:0), CONFIGURATIONENTRY: org.apache.ratis.thirdparty.io.grpc.StatusRuntimeException: CANCELLED: client cancelled
2021-04-29 10:57:51,709 [grpc-default-executor-3] WARN  server.GrpcLogAppender (LogUtils.java:warn(122)) - aef91e02-660b-41a2-9835-9ea111f967cb@group-A5EBDE40635D->2394195c-5b30-4756-b242-a473be14be87-AppendLogResponseHandler: Failed appendEntries: org.apache.ratis.thirdparty.io.grpc.StatusRuntimeException: CANCELLED: HTTP/2 error code: CANCEL
Received Rst Stream
2021-04-29 10:57:51,709 [grpc-default-executor-3] WARN  server.GrpcLogAppender (GrpcLogAppender.java:resetClient(111)) - aef91e02-660b-41a2-9835-9ea111f967cb@group-A5EBDE40635D->2394195c-5b30-4756-b242-a473be14be87-GrpcLogAppender: Leader has not got in touch with Follower aef91e02-660b-41a2-9835-9ea111f967cb@group-A5EBDE40635D->2394195c-5b30-4756-b242-a473be14be87(c0,m0,n1, attendVote=true, lastRpcSendTime=1705, lastRpcResponseTime=1703) yet, just keep nextIndex unchanged and retry.
2021-04-29 10:57:51,709 [Listener at 127.0.0.1/42781] INFO  server.GrpcService (GrpcService.java:closeImpl(271)) - 2394195c-5b30-4756-b242-a473be14be87: shutdown server with port 32961 successfully
2021-04-29 10:57:51,710 [org.apache.ratis.util.JvmPauseMonitor$$Lambda$504/1672688893@47305d4a] INFO  util.JvmPauseMonitor (JvmPauseMonitor.java:run(109)) - JvmPauseMonitor-2394195c-5b30-4756-b242-a473be14be87: Stopped
2021-04-29 10:57:51,712 [Listener at 127.0.0.1/42781] INFO  utils.BackgroundService (BackgroundService.java:shutdown(132)) - Shutting down service BlockDeletingService
2021-04-29 10:57:51,713 [ForkJoinPool.commonPool-worker-0] INFO  metrics.RatisMetrics (RatisMetrics.java:unregister(43)) - Unregistering Metrics Registry : ratis.log_worker.370ef436-e033-42aa-a9de-e846a346aa8c@group-AAC7C0471365
2021-04-29 10:57:51,713 [ForkJoinPool.commonPool-worker-0] INFO  metrics.RatisMetrics (RatisMetrics.java:unregister(43)) - Unregistering Metrics Registry : ratis.leader_election.370ef436-e033-42aa-a9de-e846a346aa8c@group-AAC7C0471365
2021-04-29 10:57:51,713 [ForkJoinPool.commonPool-worker-0] INFO  metrics.RatisMetrics (RatisMetrics.java:unregister(43)) - Unregistering Metrics Registry : ratis.server.370ef436-e033-42aa-a9de-e846a346aa8c@group-AAC7C0471365
2021-04-29 10:57:51,713 [ForkJoinPool.commonPool-worker-0] INFO  server.GrpcService (GrpcService.java:closeImpl(262)) - 370ef436-e033-42aa-a9de-e846a346aa8c: shutdown server with port 41417 now
2021-04-29 10:57:51,725 [Listener at 127.0.0.1/42781] INFO  statemachine.DatanodeStateMachine (DatanodeStateMachine.java:stopDaemon(469)) - Ozone container server stopped.
2021-04-29 10:57:51,731 [ForkJoinPool.commonPool-worker-0] INFO  server.GrpcService (GrpcService.java:closeImpl(271)) - 370ef436-e033-42aa-a9de-e846a346aa8c: shutdown server with port 41417 successfully
2021-04-29 10:57:51,731 [org.apache.ratis.util.JvmPauseMonitor$$Lambda$504/1672688893@729487c7] INFO  util.JvmPauseMonitor (JvmPauseMonitor.java:run(109)) - JvmPauseMonitor-370ef436-e033-42aa-a9de-e846a346aa8c: Stopped
2021-04-29 10:57:51,739 [ForkJoinPool.commonPool-worker-0] INFO  utils.BackgroundService (BackgroundService.java:shutdown(132)) - Shutting down service BlockDeletingService
2021-04-29 10:57:51,742 [ForkJoinPool.commonPool-worker-0] INFO  statemachine.DatanodeStateMachine (DatanodeStateMachine.java:stopDaemon(469)) - Ozone container server stopped.
2021-04-29 10:57:51,761 [Listener at 127.0.0.1/42781] INFO  handler.ContextHandler (ContextHandler.java:doStop(1154)) - Stopped o.e.j.w.WebAppContext@4e2f6452{hddsDatanode,/,null,STOPPED}{jar:file:/home/user/.m2/repository/org/apache/hadoop/hadoop-hdds-container-service/1.2.0-SNAPSHOT/hadoop-hdds-container-service-1.2.0-SNAPSHOT.jar!/webapps/hddsDatanode}
2021-04-29 10:57:51,763 [Listener at 127.0.0.1/42781] INFO  server.AbstractConnector (AbstractConnector.java:doStop(381)) - Stopped ServerConnector@46791608{HTTP/1.1, (http/1.1)}{0.0.0.0:0}
2021-04-29 10:57:51,764 [Listener at 127.0.0.1/42781] INFO  server.session (HouseKeeper.java:stopScavenging(149)) - node0 Stopped scavenging
2021-04-29 10:57:51,763 [ForkJoinPool.commonPool-worker-0] INFO  handler.ContextHandler (ContextHandler.java:doStop(1154)) - Stopped o.e.j.w.WebAppContext@9c7699e{hddsDatanode,/,null,STOPPED}{jar:file:/home/user/.m2/repository/org/apache/hadoop/hadoop-hdds-container-service/1.2.0-SNAPSHOT/hadoop-hdds-container-service-1.2.0-SNAPSHOT.jar!/webapps/hddsDatanode}
2021-04-29 10:57:51,764 [Listener at 127.0.0.1/42781] INFO  handler.ContextHandler (ContextHandler.java:doStop(1154)) - Stopped o.e.j.s.ServletContextHandler@539a50ea{static,/static,jar:file:/home/user/.m2/repository/org/apache/hadoop/hadoop-hdds-container-service/1.2.0-SNAPSHOT/hadoop-hdds-container-service-1.2.0-SNAPSHOT.jar!/webapps/static,STOPPED}
2021-04-29 10:57:51,764 [Listener at 127.0.0.1/42781] INFO  handler.ContextHandler (ContextHandler.java:doStop(1154)) - Stopped o.e.j.s.ServletContextHandler@1bbebf8e{logs,/logs,file:///github/workspace/mnt/ozone/hadoop-ozone/integration-test/target/log,STOPPED}
2021-04-29 10:57:51,765 [ForkJoinPool.commonPool-worker-0] INFO  server.AbstractConnector (AbstractConnector.java:doStop(381)) - Stopped ServerConnector@7a0ebc03{HTTP/1.1, (http/1.1)}{0.0.0.0:0}
2021-04-29 10:57:51,768 [ForkJoinPool.commonPool-worker-0] INFO  server.session (HouseKeeper.java:stopScavenging(149)) - node0 Stopped scavenging
2021-04-29 10:57:51,776 [ForkJoinPool.commonPool-worker-0] INFO  handler.ContextHandler (ContextHandler.java:doStop(1154)) - Stopped o.e.j.s.ServletContextHandler@4a9fdffe{static,/static,jar:file:/home/user/.m2/repository/org/apache/hadoop/hadoop-hdds-container-service/1.2.0-SNAPSHOT/hadoop-hdds-container-service-1.2.0-SNAPSHOT.jar!/webapps/static,STOPPED}
2021-04-29 10:57:51,777 [ForkJoinPool.commonPool-worker-0] INFO  handler.ContextHandler (ContextHandler.java:doStop(1154)) - Stopped o.e.j.s.ServletContextHandler@1a48f55b{logs,/logs,file:///github/workspace/mnt/ozone/hadoop-ozone/integration-test/target/log,STOPPED}
2021-04-29 10:57:52,330 [Datanode State Machine Thread - 0] INFO  statemachine.DatanodeStateMachine (DatanodeStateMachine.java:lambda$startDaemon$0(411)) - Ozone container server started.
2021-04-29 10:57:52,387 [Datanode State Machine Thread - 0] INFO  statemachine.DatanodeStateMachine (DatanodeStateMachine.java:lambda$startDaemon$0(411)) - Ozone container server started.
2021-04-29 10:57:52,513 [grpc-default-executor-2] WARN  server.GrpcLogAppender (LogUtils.java:warn(122)) - aef91e02-660b-41a2-9835-9ea111f967cb@group-A5EBDE40635D->2394195c-5b30-4756-b242-a473be14be87-AppendLogResponseHandler: Failed appendEntries: org.apache.ratis.thirdparty.io.grpc.StatusRuntimeException: UNAVAILABLE: io exception
2021-04-29 10:57:52,514 [grpc-default-executor-2] WARN  server.GrpcLogAppender (GrpcLogAppender.java:resetClient(111)) - aef91e02-660b-41a2-9835-9ea111f967cb@group-A5EBDE40635D->2394195c-5b30-4756-b242-a473be14be87-GrpcLogAppender: Leader has not got in touch with Follower aef91e02-660b-41a2-9835-9ea111f967cb@group-A5EBDE40635D->2394195c-5b30-4756-b242-a473be14be87(c0,m0,n1, attendVote=true, lastRpcSendTime=6, lastRpcResponseTime=2507) yet, just keep nextIndex unchanged and retry.
2021-04-29 10:57:55,008 [grpc-default-executor-2] WARN  server.GrpcLogAppender (LogUtils.java:warn(122)) - aef91e02-660b-41a2-9835-9ea111f967cb@group-A5EBDE40635D->2394195c-5b30-4756-b242-a473be14be87-AppendLogResponseHandler: Failed appendEntries: org.apache.ratis.thirdparty.io.grpc.StatusRuntimeException: UNAVAILABLE: io exception
2021-04-29 10:57:55,009 [grpc-default-executor-2] WARN  server.GrpcLogAppender (GrpcLogAppender.java:resetClient(111)) - aef91e02-660b-41a2-9835-9ea111f967cb@group-A5EBDE40635D->2394195c-5b30-4756-b242-a473be14be87-GrpcLogAppender: Leader has not got in touch with Follower aef91e02-660b-41a2-9835-9ea111f967cb@group-A5EBDE40635D->2394195c-5b30-4756-b242-a473be14be87(c0,m0,n1, attendVote=true, lastRpcSendTime=0, lastRpcResponseTime=5003) yet, just keep nextIndex unchanged and retry.
2021-04-29 10:57:56,779 [Listener at 127.0.0.1/42781] INFO  ozoneimpl.OzoneContainer (OzoneContainer.java:stop(313)) - Attempting to stop container services.
2021-04-29 10:57:56,780 [ForkJoinPool.commonPool-worker-0] INFO  ozoneimpl.OzoneContainer (OzoneContainer.java:stop(313)) - Attempting to stop container services.
2021-04-29 10:57:56,781 [ForkJoinPool.commonPool-worker-0] INFO  server.RaftServer (RaftServerProxy.java:lambda$close$6(391)) - b6ea065c-5c0f-4b9b-a36c-1baff64c27e7: close
2021-04-29 10:57:56,781 [ForkJoinPool.commonPool-worker-0] INFO  server.RaftServer$Division (RaftServerImpl.java:lambda$close$4(406)) - b6ea065c-5c0f-4b9b-a36c-1baff64c27e7@group-A5EBDE40635D: shutdown
2021-04-29 10:57:56,781 [ForkJoinPool.commonPool-worker-0] INFO  util.JmxRegister (JmxRegister.java:unregister(73)) - Successfully un-registered JMX Bean with object name Ratis:service=RaftServer,group=group-A5EBDE40635D,id=b6ea065c-5c0f-4b9b-a36c-1baff64c27e7
2021-04-29 10:57:56,781 [ForkJoinPool.commonPool-worker-0] INFO  impl.RoleInfo (RoleInfo.java:shutdownFollowerState(108)) - b6ea065c-5c0f-4b9b-a36c-1baff64c27e7: shutdown b6ea065c-5c0f-4b9b-a36c-1baff64c27e7@group-A5EBDE40635D-FollowerState
2021-04-29 10:57:56,781 [ForkJoinPool.commonPool-worker-0] INFO  impl.StateMachineUpdater (StateMachineUpdater.java:stopAndJoin(149)) - b6ea065c-5c0f-4b9b-a36c-1baff64c27e7@group-A5EBDE40635D-StateMachineUpdater: set stopIndex = 0
2021-04-29 10:57:56,781 [b6ea065c-5c0f-4b9b-a36c-1baff64c27e7@group-A5EBDE40635D-FollowerState] INFO  impl.FollowerState (FollowerState.java:run(143)) - b6ea065c-5c0f-4b9b-a36c-1baff64c27e7@group-A5EBDE40635D-FollowerState was interrupted: {}
java.lang.InterruptedException: sleep interrupted
	at java.lang.Thread.sleep(Native Method)
	at java.lang.Thread.sleep(Thread.java:340)
	at java.util.concurrent.TimeUnit.sleep(TimeUnit.java:386)
	at org.apache.ratis.util.TimeDuration.sleep(TimeDuration.java:324)
	at org.apache.ratis.util.TimeDuration.sleep(TimeDuration.java:309)
	at org.apache.ratis.server.impl.FollowerState.run(FollowerState.java:118)
2021-04-29 10:57:56,781 [Listener at 127.0.0.1/42781] INFO  server.RaftServer (RaftServerProxy.java:lambda$close$6(391)) - aef91e02-660b-41a2-9835-9ea111f967cb: close
2021-04-29 10:57:56,783 [Listener at 127.0.0.1/42781] INFO  server.RaftServer$Division (RaftServerImpl.java:lambda$close$4(406)) - aef91e02-660b-41a2-9835-9ea111f967cb@group-A5EBDE40635D: shutdown
2021-04-29 10:57:56,783 [Listener at 127.0.0.1/42781] INFO  util.JmxRegister (JmxRegister.java:unregister(73)) - Successfully un-registered JMX Bean with object name Ratis:service=RaftServer,group=group-A5EBDE40635D,id=aef91e02-660b-41a2-9835-9ea111f967cb
2021-04-29 10:57:56,784 [Listener at 127.0.0.1/42781] INFO  impl.RoleInfo (RoleInfo.java:shutdownLeaderState(91)) - aef91e02-660b-41a2-9835-9ea111f967cb: shutdown aef91e02-660b-41a2-9835-9ea111f967cb@group-A5EBDE40635D-LeaderStateImpl
2021-04-29 10:57:56,784 [Listener at 127.0.0.1/42781] INFO  metrics.RatisMetrics (RatisMetrics.java:unregister(43)) - Unregistering Metrics Registry : ratis_grpc.log_appender.aef91e02-660b-41a2-9835-9ea111f967cb@group-A5EBDE40635D
2021-04-29 10:57:56,784 [Listener at 127.0.0.1/42781] INFO  metrics.RatisMetrics (RatisMetrics.java:unregister(43)) - Unregistering Metrics Registry : ratis_grpc.log_appender.aef91e02-660b-41a2-9835-9ea111f967cb@group-A5EBDE40635D
2021-04-29 10:57:56,784 [Listener at 127.0.0.1/42781] INFO  impl.PendingRequests (PendingRequests.java:sendNotLeaderResponses(249)) - aef91e02-660b-41a2-9835-9ea111f967cb@group-A5EBDE40635D-PendingRequests: sendNotLeaderResponses
2021-04-29 10:57:56,785 [Listener at 127.0.0.1/42781] INFO  metrics.RatisMetrics (RatisMetrics.java:unregister(43)) - Unregistering Metrics Registry : ratis.log_appender.aef91e02-660b-41a2-9835-9ea111f967cb@group-A5EBDE40635D
2021-04-29 10:57:56,785 [Listener at 127.0.0.1/42781] INFO  metrics.RatisMetrics (RatisMetrics.java:unregister(43)) - Unregistering Metrics Registry : ratis.server.aef91e02-660b-41a2-9835-9ea111f967cb@group-A5EBDE40635D
2021-04-29 10:57:56,786 [Listener at 127.0.0.1/42781] INFO  impl.StateMachineUpdater (StateMachineUpdater.java:stopAndJoin(149)) - aef91e02-660b-41a2-9835-9ea111f967cb@group-A5EBDE40635D-StateMachineUpdater: set stopIndex = 0
2021-04-29 10:57:56,781 [b6ea065c-5c0f-4b9b-a36c-1baff64c27e7@group-A5EBDE40635D-StateMachineUpdater] INFO  ratis.ContainerStateMachine (ContainerStateMachine.java:takeSnapshot(292)) - group-A5EBDE40635D: Taking a snapshot at:(t:2, i:0) file /github/workspace/mnt/ozone/hadoop-ozone/integration-test/target/test-dir/MiniOzoneClusterImpl-2726c7ec-cf5f-4d18-8e0d-a0ed93d2ecae/datanode-3/data/ratis/3f0dbdb8-797e-4e9e-b690-a5ebde40635d/sm/snapshot.2_0
2021-04-29 10:57:56,786 [aef91e02-660b-41a2-9835-9ea111f967cb@group-A5EBDE40635D-StateMachineUpdater] INFO  ratis.ContainerStateMachine (ContainerStateMachine.java:takeSnapshot(292)) - group-A5EBDE40635D: Taking a snapshot at:(t:2, i:0) file /github/workspace/mnt/ozone/hadoop-ozone/integration-test/target/test-dir/MiniOzoneClusterImpl-2726c7ec-cf5f-4d18-8e0d-a0ed93d2ecae/datanode-5/data/ratis/3f0dbdb8-797e-4e9e-b690-a5ebde40635d/sm/snapshot.2_0
2021-04-29 10:57:56,784 [aef91e02-660b-41a2-9835-9ea111f967cb@group-A5EBDE40635D->b6ea065c-5c0f-4b9b-a36c-1baff64c27e7-GrpcLogAppender-LogAppenderDaemon] WARN  server.GrpcLogAppender (GrpcLogAppender.java:mayWait(175)) - aef91e02-660b-41a2-9835-9ea111f967cb@group-A5EBDE40635D->b6ea065c-5c0f-4b9b-a36c-1baff64c27e7-GrpcLogAppender: Wait interrupted by java.lang.InterruptedException
2021-04-29 10:57:56,787 [b6ea065c-5c0f-4b9b-a36c-1baff64c27e7@group-A5EBDE40635D-StateMachineUpdater] INFO  ratis.ContainerStateMachine (ContainerStateMachine.java:takeSnapshot(303)) - group-A5EBDE40635D: Finished taking a snapshot at:(t:2, i:0) file:/github/workspace/mnt/ozone/hadoop-ozone/integration-test/target/test-dir/MiniOzoneClusterImpl-2726c7ec-cf5f-4d18-8e0d-a0ed93d2ecae/datanode-3/data/ratis/3f0dbdb8-797e-4e9e-b690-a5ebde40635d/sm/snapshot.2_0 took: 6 ms
2021-04-29 10:57:56,787 [b6ea065c-5c0f-4b9b-a36c-1baff64c27e7@group-A5EBDE40635D-StateMachineUpdater] INFO  impl.StateMachineUpdater (StateMachineUpdater.java:takeSnapshot(281)) - b6ea065c-5c0f-4b9b-a36c-1baff64c27e7@group-A5EBDE40635D-StateMachineUpdater: Took a snapshot at index 0
2021-04-29 10:57:56,787 [b6ea065c-5c0f-4b9b-a36c-1baff64c27e7@group-A5EBDE40635D-StateMachineUpdater] INFO  impl.StateMachineUpdater (StateMachineUpdater.java:lambda$new$0(89)) - b6ea065c-5c0f-4b9b-a36c-1baff64c27e7@group-A5EBDE40635D-StateMachineUpdater: snapshotIndex: updateIncreasingly -1 -> 0
2021-04-29 10:57:56,788 [b6ea065c-5c0f-4b9b-a36c-1baff64c27e7@group-A5EBDE40635D-StateMachineUpdater] INFO  metrics.RatisMetrics (RatisMetrics.java:unregister(43)) - Unregistering Metrics Registry : ratis.state_machine.b6ea065c-5c0f-4b9b-a36c-1baff64c27e7@group-A5EBDE40635D
2021-04-29 10:57:56,788 [ForkJoinPool.commonPool-worker-0] INFO  server.RaftServer$Division (ServerState.java:close(405)) - b6ea065c-5c0f-4b9b-a36c-1baff64c27e7@group-A5EBDE40635D: closes. applyIndex: 0
2021-04-29 10:57:56,788 [b6ea065c-5c0f-4b9b-a36c-1baff64c27e7@group-A5EBDE40635D-SegmentedRaftLogWorker] INFO  segmented.SegmentedRaftLogWorker (SegmentedRaftLogWorker.java:run(327)) - b6ea065c-5c0f-4b9b-a36c-1baff64c27e7@group-A5EBDE40635D-SegmentedRaftLogWorker was interrupted, exiting. There are 0 tasks remaining in the queue.
2021-04-29 10:57:56,787 [aef91e02-660b-41a2-9835-9ea111f967cb@group-A5EBDE40635D-StateMachineUpdater] INFO  ratis.ContainerStateMachine (ContainerStateMachine.java:takeSnapshot(303)) - group-A5EBDE40635D: Finished taking a snapshot at:(t:2, i:0) file:/github/workspace/mnt/ozone/hadoop-ozone/integration-test/target/test-dir/MiniOzoneClusterImpl-2726c7ec-cf5f-4d18-8e0d-a0ed93d2ecae/datanode-5/data/ratis/3f0dbdb8-797e-4e9e-b690-a5ebde40635d/sm/snapshot.2_0 took: 1 ms
2021-04-29 10:57:56,788 [aef91e02-660b-41a2-9835-9ea111f967cb@group-A5EBDE40635D-StateMachineUpdater] INFO  impl.StateMachineUpdater (StateMachineUpdater.java:takeSnapshot(281)) - aef91e02-660b-41a2-9835-9ea111f967cb@group-A5EBDE40635D-StateMachineUpdater: Took a snapshot at index 0
2021-04-29 10:57:56,788 [aef91e02-660b-41a2-9835-9ea111f967cb@group-A5EBDE40635D-StateMachineUpdater] INFO  impl.StateMachineUpdater (StateMachineUpdater.java:lambda$new$0(89)) - aef91e02-660b-41a2-9835-9ea111f967cb@group-A5EBDE40635D-StateMachineUpdater: snapshotIndex: updateIncreasingly -1 -> 0
2021-04-29 10:57:56,788 [grpc-default-executor-2] INFO  server.GrpcServerProtocolService (GrpcServerProtocolService.java:onCompleted(140)) - b6ea065c-5c0f-4b9b-a36c-1baff64c27e7: Completed APPEND_ENTRIES, lastRequest: aef91e02-660b-41a2-9835-9ea111f967cb->b6ea065c-5c0f-4b9b-a36c-1baff64c27e7#1-t2,previous=(t:0, i:0),leaderCommit=0,initializing? true,entries: size=1, first=(t:2, i:0), CONFIGURATIONENTRY
2021-04-29 10:57:56,789 [aef91e02-660b-41a2-9835-9ea111f967cb@group-A5EBDE40635D-StateMachineUpdater] INFO  metrics.RatisMetrics (RatisMetrics.java:unregister(43)) - Unregistering Metrics Registry : ratis.state_machine.aef91e02-660b-41a2-9835-9ea111f967cb@group-A5EBDE40635D
2021-04-29 10:57:56,790 [ForkJoinPool.commonPool-worker-0] INFO  segmented.SegmentedRaftLogWorker (SegmentedRaftLogWorker.java:close(237)) - b6ea065c-5c0f-4b9b-a36c-1baff64c27e7@group-A5EBDE40635D-SegmentedRaftLogWorker close()
2021-04-29 10:57:56,790 [grpc-default-executor-4] INFO  server.GrpcLogAppender (GrpcLogAppender.java:onCompleted(344)) - aef91e02-660b-41a2-9835-9ea111f967cb@group-A5EBDE40635D->b6ea065c-5c0f-4b9b-a36c-1baff64c27e7-AppendLogResponseHandler: follower responses appendEntries COMPLETED
2021-04-29 10:57:56,791 [grpc-default-executor-4] INFO  leader.FollowerInfo (FollowerInfoImpl.java:lambda$new$0(46)) - aef91e02-660b-41a2-9835-9ea111f967cb@group-A5EBDE40635D->b6ea065c-5c0f-4b9b-a36c-1baff64c27e7: nextIndex: updateUnconditionally 1 -> 0
2021-04-29 10:57:56,791 [ForkJoinPool.commonPool-worker-0] INFO  metrics.RatisMetrics (RatisMetrics.java:unregister(43)) - Unregistering Metrics Registry : ratis.log_worker.b6ea065c-5c0f-4b9b-a36c-1baff64c27e7@group-A5EBDE40635D
2021-04-29 10:57:56,791 [ForkJoinPool.commonPool-worker-0] INFO  metrics.RatisMetrics (RatisMetrics.java:unregister(43)) - Unregistering Metrics Registry : ratis.leader_election.b6ea065c-5c0f-4b9b-a36c-1baff64c27e7@group-A5EBDE40635D
2021-04-29 10:57:56,791 [ForkJoinPool.commonPool-worker-0] INFO  metrics.RatisMetrics (RatisMetrics.java:unregister(43)) - Unregistering Metrics Registry : ratis.server.b6ea065c-5c0f-4b9b-a36c-1baff64c27e7@group-A5EBDE40635D
2021-04-29 10:57:56,792 [ForkJoinPool.commonPool-worker-0] INFO  server.RaftServer$Division (RaftServerImpl.java:lambda$close$4(406)) - b6ea065c-5c0f-4b9b-a36c-1baff64c27e7@group-513105B508F4: shutdown
2021-04-29 10:57:56,792 [ForkJoinPool.commonPool-worker-0] INFO  util.JmxRegister (JmxRegister.java:unregister(73)) - Successfully un-registered JMX Bean with object name Ratis:service=RaftServer,group=group-513105B508F4,id=b6ea065c-5c0f-4b9b-a36c-1baff64c27e7
2021-04-29 10:57:56,792 [ForkJoinPool.commonPool-worker-0] INFO  impl.RoleInfo (RoleInfo.java:shutdownLeaderState(91)) - b6ea065c-5c0f-4b9b-a36c-1baff64c27e7: shutdown b6ea065c-5c0f-4b9b-a36c-1baff64c27e7@group-513105B508F4-LeaderStateImpl
2021-04-29 10:57:56,792 [ForkJoinPool.commonPool-worker-0] INFO  impl.PendingRequests (PendingRequests.java:sendNotLeaderResponses(249)) - b6ea065c-5c0f-4b9b-a36c-1baff64c27e7@group-513105B508F4-PendingRequests: sendNotLeaderResponses
2021-04-29 10:57:56,792 [ForkJoinPool.commonPool-worker-0] INFO  metrics.RatisMetrics (RatisMetrics.java:unregister(43)) - Unregistering Metrics Registry : ratis.log_appender.b6ea065c-5c0f-4b9b-a36c-1baff64c27e7@group-513105B508F4
2021-04-29 10:57:56,792 [ForkJoinPool.commonPool-worker-0] INFO  metrics.RatisMetrics (RatisMetrics.java:unregister(43)) - Unregistering Metrics Registry : ratis.server.b6ea065c-5c0f-4b9b-a36c-1baff64c27e7@group-513105B508F4
2021-04-29 10:57:56,793 [b6ea065c-5c0f-4b9b-a36c-1baff64c27e7@group-513105B508F4-StateMachineUpdater] INFO  ratis.ContainerStateMachine (ContainerStateMachine.java:takeSnapshot(292)) - group-513105B508F4: Taking a snapshot at:(t:1, i:0) file /github/workspace/mnt/ozone/hadoop-ozone/integration-test/target/test-dir/MiniOzoneClusterImpl-2726c7ec-cf5f-4d18-8e0d-a0ed93d2ecae/datanode-3/data/ratis/3f9eaaaa-8621-40f3-b369-513105b508f4/sm/snapshot.1_0
2021-04-29 10:57:56,793 [ForkJoinPool.commonPool-worker-0] INFO  impl.StateMachineUpdater (StateMachineUpdater.java:stopAndJoin(149)) - b6ea065c-5c0f-4b9b-a36c-1baff64c27e7@group-513105B508F4-StateMachineUpdater: set stopIndex = 0
2021-04-29 10:57:56,790 [Listener at 127.0.0.1/42781] INFO  server.RaftServer$Division (ServerState.java:close(405)) - aef91e02-660b-41a2-9835-9ea111f967cb@group-A5EBDE40635D: closes. applyIndex: 0
2021-04-29 10:57:56,794 [b6ea065c-5c0f-4b9b-a36c-1baff64c27e7@group-513105B508F4-StateMachineUpdater] INFO  ratis.ContainerStateMachine (ContainerStateMachine.java:takeSnapshot(303)) - group-513105B508F4: Finished taking a snapshot at:(t:1, i:0) file:/github/workspace/mnt/ozone/hadoop-ozone/integration-test/target/test-dir/MiniOzoneClusterImpl-2726c7ec-cf5f-4d18-8e0d-a0ed93d2ecae/datanode-3/data/ratis/3f9eaaaa-8621-40f3-b369-513105b508f4/sm/snapshot.1_0 took: 0 ms
2021-04-29 10:57:56,794 [b6ea065c-5c0f-4b9b-a36c-1baff64c27e7@group-513105B508F4-StateMachineUpdater] INFO  impl.StateMachineUpdater (StateMachineUpdater.java:takeSnapshot(281)) - b6ea065c-5c0f-4b9b-a36c-1baff64c27e7@group-513105B508F4-StateMachineUpdater: Took a snapshot at index 0
2021-04-29 10:57:56,794 [b6ea065c-5c0f-4b9b-a36c-1baff64c27e7@group-513105B508F4-StateMachineUpdater] INFO  impl.StateMachineUpdater (StateMachineUpdater.java:lambda$new$0(89)) - b6ea065c-5c0f-4b9b-a36c-1baff64c27e7@group-513105B508F4-StateMachineUpdater: snapshotIndex: updateIncreasingly -1 -> 0
2021-04-29 10:57:56,794 [b6ea065c-5c0f-4b9b-a36c-1baff64c27e7@group-513105B508F4-StateMachineUpdater] INFO  metrics.RatisMetrics (RatisMetrics.java:unregister(43)) - Unregistering Metrics Registry : ratis.state_machine.b6ea065c-5c0f-4b9b-a36c-1baff64c27e7@group-513105B508F4
2021-04-29 10:57:56,795 [ForkJoinPool.commonPool-worker-0] INFO  server.RaftServer$Division (ServerState.java:close(405)) - b6ea065c-5c0f-4b9b-a36c-1baff64c27e7@group-513105B508F4: closes. applyIndex: 0
2021-04-29 10:57:56,795 [b6ea065c-5c0f-4b9b-a36c-1baff64c27e7@group-513105B508F4-SegmentedRaftLogWorker] INFO  segmented.SegmentedRaftLogWorker (SegmentedRaftLogWorker.java:run(327)) - b6ea065c-5c0f-4b9b-a36c-1baff64c27e7@group-513105B508F4-SegmentedRaftLogWorker was interrupted, exiting. There are 0 tasks remaining in the queue.
2021-04-29 10:57:56,795 [aef91e02-660b-41a2-9835-9ea111f967cb@group-A5EBDE40635D-SegmentedRaftLogWorker] INFO  segmented.SegmentedRaftLogWorker (SegmentedRaftLogWorker.java:run(327)) - aef91e02-660b-41a2-9835-9ea111f967cb@group-A5EBDE40635D-SegmentedRaftLogWorker was interrupted, exiting. There are 0 tasks remaining in the queue.
2021-04-29 10:57:56,797 [Listener at 127.0.0.1/42781] INFO  segmented.SegmentedRaftLogWorker (SegmentedRaftLogWorker.java:close(237)) - aef91e02-660b-41a2-9835-9ea111f967cb@group-A5EBDE40635D-SegmentedRaftLogWorker close()
2021-04-29 10:57:56,797 [ForkJoinPool.commonPool-worker-0] INFO  segmented.SegmentedRaftLogWorker (SegmentedRaftLogWorker.java:close(237)) - b6ea065c-5c0f-4b9b-a36c-1baff64c27e7@group-513105B508F4-SegmentedRaftLogWorker close()
2021-04-29 10:57:56,798 [Listener at 127.0.0.1/42781] INFO  metrics.RatisMetrics (RatisMetrics.java:unregister(43)) - Unregistering Metrics Registry : ratis.log_worker.aef91e02-660b-41a2-9835-9ea111f967cb@group-A5EBDE40635D
2021-04-29 10:57:56,798 [ForkJoinPool.commonPool-worker-0] INFO  metrics.RatisMetrics (RatisMetrics.java:unregister(43)) - Unregistering Metrics Registry : ratis.log_worker.b6ea065c-5c0f-4b9b-a36c-1baff64c27e7@group-513105B508F4
2021-04-29 10:57:56,799 [Listener at 127.0.0.1/42781] INFO  metrics.RatisMetrics (RatisMetrics.java:unregister(43)) - Unregistering Metrics Registry : ratis.leader_election.aef91e02-660b-41a2-9835-9ea111f967cb@group-A5EBDE40635D
2021-04-29 10:57:56,799 [Listener at 127.0.0.1/42781] INFO  metrics.RatisMetrics (RatisMetrics.java:unregister(43)) - Unregistering Metrics Registry : ratis.server.aef91e02-660b-41a2-9835-9ea111f967cb@group-A5EBDE40635D
2021-04-29 10:57:56,799 [ForkJoinPool.commonPool-worker-0] INFO  metrics.RatisMetrics (RatisMetrics.java:unregister(43)) - Unregistering Metrics Registry : ratis.leader_election.b6ea065c-5c0f-4b9b-a36c-1baff64c27e7@group-513105B508F4
2021-04-29 10:57:56,799 [Listener at 127.0.0.1/42781] INFO  server.RaftServer$Division (RaftServerImpl.java:lambda$close$4(406)) - aef91e02-660b-41a2-9835-9ea111f967cb@group-62139CBECC78: shutdown
2021-04-29 10:57:56,800 [ForkJoinPool.commonPool-worker-0] INFO  metrics.RatisMetrics (RatisMetrics.java:unregister(43)) - Unregistering Metrics Registry : ratis.server.b6ea065c-5c0f-4b9b-a36c-1baff64c27e7@group-513105B508F4
2021-04-29 10:57:56,800 [Listener at 127.0.0.1/42781] INFO  util.JmxRegister (JmxRegister.java:unregister(73)) - Successfully un-registered JMX Bean with object name Ratis:service=RaftServer,group=group-62139CBECC78,id=aef91e02-660b-41a2-9835-9ea111f967cb
2021-04-29 10:57:56,800 [Listener at 127.0.0.1/42781] INFO  impl.RoleInfo (RoleInfo.java:shutdownLeaderState(91)) - aef91e02-660b-41a2-9835-9ea111f967cb: shutdown aef91e02-660b-41a2-9835-9ea111f967cb@group-62139CBECC78-LeaderStateImpl
2021-04-29 10:57:56,800 [Listener at 127.0.0.1/42781] INFO  impl.PendingRequests (PendingRequests.java:sendNotLeaderResponses(249)) - aef91e02-660b-41a2-9835-9ea111f967cb@group-62139CBECC78-PendingRequests: sendNotLeaderResponses
2021-04-29 10:57:56,801 [Listener at 127.0.0.1/42781] INFO  metrics.RatisMetrics (RatisMetrics.java:unregister(43)) - Unregistering Metrics Registry : ratis.log_appender.aef91e02-660b-41a2-9835-9ea111f967cb@group-62139CBECC78
2021-04-29 10:57:56,801 [Listener at 127.0.0.1/42781] INFO  metrics.RatisMetrics (RatisMetrics.java:unregister(43)) - Unregistering Metrics Registry : ratis.server.aef91e02-660b-41a2-9835-9ea111f967cb@group-62139CBECC78
2021-04-29 10:57:56,802 [Listener at 127.0.0.1/42781] INFO  impl.StateMachineUpdater (StateMachineUpdater.java:stopAndJoin(149)) - aef91e02-660b-41a2-9835-9ea111f967cb@group-62139CBECC78-StateMachineUpdater: set stopIndex = 0
2021-04-29 10:57:56,800 [ForkJoinPool.commonPool-worker-0] INFO  server.GrpcService (GrpcService.java:closeImpl(262)) - b6ea065c-5c0f-4b9b-a36c-1baff64c27e7: shutdown server with port 42915 now
2021-04-29 10:57:56,802 [aef91e02-660b-41a2-9835-9ea111f967cb@group-62139CBECC78-StateMachineUpdater] INFO  ratis.ContainerStateMachine (ContainerStateMachine.java:takeSnapshot(292)) - group-62139CBECC78: Taking a snapshot at:(t:1, i:0) file /github/workspace/mnt/ozone/hadoop-ozone/integration-test/target/test-dir/MiniOzoneClusterImpl-2726c7ec-cf5f-4d18-8e0d-a0ed93d2ecae/datanode-5/data/ratis/eb89ebc0-a6c3-49d4-bbf2-62139cbecc78/sm/snapshot.1_0
2021-04-29 10:57:56,813 [aef91e02-660b-41a2-9835-9ea111f967cb@group-62139CBECC78-StateMachineUpdater] INFO  ratis.ContainerStateMachine (ContainerStateMachine.java:takeSnapshot(303)) - group-62139CBECC78: Finished taking a snapshot at:(t:1, i:0) file:/github/workspace/mnt/ozone/hadoop-ozone/integration-test/target/test-dir/MiniOzoneClusterImpl-2726c7ec-cf5f-4d18-8e0d-a0ed93d2ecae/datanode-5/data/ratis/eb89ebc0-a6c3-49d4-bbf2-62139cbecc78/sm/snapshot.1_0 took: 11 ms
2021-04-29 10:57:56,814 [aef91e02-660b-41a2-9835-9ea111f967cb@group-62139CBECC78-StateMachineUpdater] INFO  impl.StateMachineUpdater (StateMachineUpdater.java:takeSnapshot(281)) - aef91e02-660b-41a2-9835-9ea111f967cb@group-62139CBECC78-StateMachineUpdater: Took a snapshot at index 0
2021-04-29 10:57:56,814 [aef91e02-660b-41a2-9835-9ea111f967cb@group-62139CBECC78-StateMachineUpdater] INFO  impl.StateMachineUpdater (StateMachineUpdater.java:lambda$new$0(89)) - aef91e02-660b-41a2-9835-9ea111f967cb@group-62139CBECC78-StateMachineUpdater: snapshotIndex: updateIncreasingly -1 -> 0
2021-04-29 10:57:56,814 [aef91e02-660b-41a2-9835-9ea111f967cb@group-62139CBECC78-StateMachineUpdater] INFO  metrics.RatisMetrics (RatisMetrics.java:unregister(43)) - Unregistering Metrics Registry : ratis.state_machine.aef91e02-660b-41a2-9835-9ea111f967cb@group-62139CBECC78
2021-04-29 10:57:56,823 [Listener at 127.0.0.1/42781] INFO  server.RaftServer$Division (ServerState.java:close(405)) - aef91e02-660b-41a2-9835-9ea111f967cb@group-62139CBECC78: closes. applyIndex: 0
2021-04-29 10:57:56,824 [ForkJoinPool.commonPool-worker-0] INFO  server.GrpcService (GrpcService.java:closeImpl(271)) - b6ea065c-5c0f-4b9b-a36c-1baff64c27e7: shutdown server with port 42915 successfully
2021-04-29 10:57:56,824 [aef91e02-660b-41a2-9835-9ea111f967cb@group-62139CBECC78-SegmentedRaftLogWorker] INFO  segmented.SegmentedRaftLogWorker (SegmentedRaftLogWorker.java:run(327)) - aef91e02-660b-41a2-9835-9ea111f967cb@group-62139CBECC78-SegmentedRaftLogWorker was interrupted, exiting. There are 0 tasks remaining in the queue.
2021-04-29 10:57:56,825 [org.apache.ratis.util.JvmPauseMonitor$$Lambda$504/1672688893@69744db7] INFO  util.JvmPauseMonitor (JvmPauseMonitor.java:run(109)) - JvmPauseMonitor-b6ea065c-5c0f-4b9b-a36c-1baff64c27e7: Stopped
2021-04-29 10:57:56,826 [Listener at 127.0.0.1/42781] INFO  segmented.SegmentedRaftLogWorker (SegmentedRaftLogWorker.java:close(237)) - aef91e02-660b-41a2-9835-9ea111f967cb@group-62139CBECC78-SegmentedRaftLogWorker close()
2021-04-29 10:57:56,827 [Listener at 127.0.0.1/42781] INFO  metrics.RatisMetrics (RatisMetrics.java:unregister(43)) - Unregistering Metrics Registry : ratis.log_worker.aef91e02-660b-41a2-9835-9ea111f967cb@group-62139CBECC78
2021-04-29 10:57:56,827 [Listener at 127.0.0.1/42781] INFO  metrics.RatisMetrics (RatisMetrics.java:unregister(43)) - Unregistering Metrics Registry : ratis.leader_election.aef91e02-660b-41a2-9835-9ea111f967cb@group-62139CBECC78
2021-04-29 10:57:56,830 [Listener at 127.0.0.1/42781] INFO  metrics.RatisMetrics (RatisMetrics.java:unregister(43)) - Unregistering Metrics Registry : ratis.server.aef91e02-660b-41a2-9835-9ea111f967cb@group-62139CBECC78
2021-04-29 10:57:56,830 [Listener at 127.0.0.1/42781] INFO  server.GrpcService (GrpcService.java:closeImpl(262)) - aef91e02-660b-41a2-9835-9ea111f967cb: shutdown server with port 37695 now
2021-04-29 10:57:56,830 [ForkJoinPool.commonPool-worker-0] INFO  utils.BackgroundService (BackgroundService.java:shutdown(132)) - Shutting down service BlockDeletingService
2021-04-29 10:57:56,832 [ForkJoinPool.commonPool-worker-0] INFO  statemachine.DatanodeStateMachine (DatanodeStateMachine.java:stopDaemon(469)) - Ozone container server stopped.
2021-04-29 10:57:56,842 [Listener at 127.0.0.1/42781] INFO  server.GrpcService (GrpcService.java:closeImpl(271)) - aef91e02-660b-41a2-9835-9ea111f967cb: shutdown server with port 37695 successfully
2021-04-29 10:57:56,842 [org.apache.ratis.util.JvmPauseMonitor$$Lambda$504/1672688893@779f0e0a] INFO  util.JvmPauseMonitor (JvmPauseMonitor.java:run(109)) - JvmPauseMonitor-aef91e02-660b-41a2-9835-9ea111f967cb: Stopped
2021-04-29 10:57:56,843 [Listener at 127.0.0.1/42781] INFO  utils.BackgroundService (BackgroundService.java:shutdown(132)) - Shutting down service BlockDeletingService
2021-04-29 10:57:56,846 [Listener at 127.0.0.1/42781] INFO  statemachine.DatanodeStateMachine (DatanodeStateMachine.java:stopDaemon(469)) - Ozone container server stopped.
2021-04-29 10:57:56,863 [ForkJoinPool.commonPool-worker-0] INFO  handler.ContextHandler (ContextHandler.java:doStop(1154)) - Stopped o.e.j.w.WebAppContext@2220780d{hddsDatanode,/,null,STOPPED}{jar:file:/home/user/.m2/repository/org/apache/hadoop/hadoop-hdds-container-service/1.2.0-SNAPSHOT/hadoop-hdds-container-service-1.2.0-SNAPSHOT.jar!/webapps/hddsDatanode}
2021-04-29 10:57:56,864 [ForkJoinPool.commonPool-worker-0] INFO  server.AbstractConnector (AbstractConnector.java:doStop(381)) - Stopped ServerConnector@62a9c857{HTTP/1.1, (http/1.1)}{0.0.0.0:0}
2021-04-29 10:57:56,865 [ForkJoinPool.commonPool-worker-0] INFO  server.session (HouseKeeper.java:stopScavenging(149)) - node0 Stopped scavenging
2021-04-29 10:57:56,866 [ForkJoinPool.commonPool-worker-0] INFO  handler.ContextHandler (ContextHandler.java:doStop(1154)) - Stopped o.e.j.s.ServletContextHandler@15c25cb6{static,/static,jar:file:/home/user/.m2/repository/org/apache/hadoop/hadoop-hdds-container-service/1.2.0-SNAPSHOT/hadoop-hdds-container-service-1.2.0-SNAPSHOT.jar!/webapps/static,STOPPED}
2021-04-29 10:57:56,867 [ForkJoinPool.commonPool-worker-0] INFO  handler.ContextHandler (ContextHandler.java:doStop(1154)) - Stopped o.e.j.s.ServletContextHandler@9a88a92{logs,/logs,file:///github/workspace/mnt/ozone/hadoop-ozone/integration-test/target/log,STOPPED}
2021-04-29 10:57:56,865 [Listener at 127.0.0.1/42781] INFO  handler.ContextHandler (ContextHandler.java:doStop(1154)) - Stopped o.e.j.w.WebAppContext@2a70c8d5{hddsDatanode,/,null,STOPPED}{jar:file:/home/user/.m2/repository/org/apache/hadoop/hadoop-hdds-container-service/1.2.0-SNAPSHOT/hadoop-hdds-container-service-1.2.0-SNAPSHOT.jar!/webapps/hddsDatanode}
2021-04-29 10:57:56,869 [Listener at 127.0.0.1/42781] INFO  server.AbstractConnector (AbstractConnector.java:doStop(381)) - Stopped ServerConnector@6d26b068{HTTP/1.1, (http/1.1)}{0.0.0.0:0}
2021-04-29 10:57:56,870 [Listener at 127.0.0.1/42781] INFO  server.session (HouseKeeper.java:stopScavenging(149)) - node0 Stopped scavenging
2021-04-29 10:57:56,870 [Listener at 127.0.0.1/42781] INFO  handler.ContextHandler (ContextHandler.java:doStop(1154)) - Stopped o.e.j.s.ServletContextHandler@3f4b9792{static,/static,jar:file:/home/user/.m2/repository/org/apache/hadoop/hadoop-hdds-container-service/1.2.0-SNAPSHOT/hadoop-hdds-container-service-1.2.0-SNAPSHOT.jar!/webapps/static,STOPPED}
2021-04-29 10:57:56,870 [Listener at 127.0.0.1/42781] INFO  handler.ContextHandler (ContextHandler.java:doStop(1154)) - Stopped o.e.j.s.ServletContextHandler@1fb947f6{logs,/logs,file:///github/workspace/mnt/ozone/hadoop-ozone/integration-test/target/log,STOPPED}
2021-04-29 10:57:56,912 [18d1b3e1-cb4e-4e34-82f6-cc3a7f954247@group-AAC7C0471365-FollowerState] INFO  impl.FollowerState (FollowerState.java:run(134)) - 18d1b3e1-cb4e-4e34-82f6-cc3a7f954247@group-AAC7C0471365-FollowerState: change to CANDIDATE, lastRpcElapsedTime:5374173084ns, electionTimeout:5044ms
2021-04-29 10:57:56,912 [18d1b3e1-cb4e-4e34-82f6-cc3a7f954247@group-AAC7C0471365-FollowerState] INFO  impl.RoleInfo (RoleInfo.java:shutdownFollowerState(108)) - 18d1b3e1-cb4e-4e34-82f6-cc3a7f954247: shutdown 18d1b3e1-cb4e-4e34-82f6-cc3a7f954247@group-AAC7C0471365-FollowerState
2021-04-29 10:57:56,912 [18d1b3e1-cb4e-4e34-82f6-cc3a7f954247@group-AAC7C0471365-FollowerState] INFO  server.RaftServer$Division (RaftServerImpl.java:setRole(284)) - 18d1b3e1-cb4e-4e34-82f6-cc3a7f954247@group-AAC7C0471365: changes role from  FOLLOWER to CANDIDATE at term 3 for changeToCandidate
2021-04-29 10:57:56,913 [18d1b3e1-cb4e-4e34-82f6-cc3a7f954247@group-AAC7C0471365-FollowerState] INFO  server.RaftServerConfigKeys (ConfUtils.java:logGet(44)) - raft.server.leaderelection.pre-vote = false (custom)
2021-04-29 10:57:56,913 [18d1b3e1-cb4e-4e34-82f6-cc3a7f954247@group-AAC7C0471365-FollowerState] INFO  impl.RoleInfo (RoleInfo.java:updateAndGet(130)) - 18d1b3e1-cb4e-4e34-82f6-cc3a7f954247: start 18d1b3e1-cb4e-4e34-82f6-cc3a7f954247@group-AAC7C0471365-LeaderElection24
2021-04-29 10:57:56,914 [18d1b3e1-cb4e-4e34-82f6-cc3a7f954247@group-AAC7C0471365-LeaderElection24] INFO  server.RaftServer$Division (ServerState.java:setLeader(271)) - 18d1b3e1-cb4e-4e34-82f6-cc3a7f954247@group-AAC7C0471365: change Leader from 370ef436-e033-42aa-a9de-e846a346aa8c to null at term 3 for ELECTION
2021-04-29 10:57:56,916 [18d1b3e1-cb4e-4e34-82f6-cc3a7f954247@group-AAC7C0471365-LeaderElection24] INFO  impl.LeaderElection (LeaderElection.java:askForVotes(306)) - 18d1b3e1-cb4e-4e34-82f6-cc3a7f954247@group-AAC7C0471365-LeaderElection24 ELECTION round 0: submit vote requests at term 4 for 0: [370ef436-e033-42aa-a9de-e846a346aa8c|rpc:172.17.0.2:41417|dataStream:|priority:1, e351f40b-7d1e-4f0b-9ad9-d74fe5b38461|rpc:172.17.0.2:46021|dataStream:|priority:0, 18d1b3e1-cb4e-4e34-82f6-cc3a7f954247|rpc:172.17.0.2:46575|dataStream:|priority:0], old=null
2021-04-29 10:57:56,918 [grpc-default-executor-4] INFO  server.RaftServer$Division (RaftServerImpl.java:requestVote(1042)) - e351f40b-7d1e-4f0b-9ad9-d74fe5b38461@group-AAC7C0471365: receive requestVote(ELECTION, 18d1b3e1-cb4e-4e34-82f6-cc3a7f954247, group-AAC7C0471365, 4, (t:3, i:7))
2021-04-29 10:57:56,918 [grpc-default-executor-4] INFO  impl.VoteContext (VoteContext.java:log(48)) - e351f40b-7d1e-4f0b-9ad9-d74fe5b38461@group-AAC7C0471365-FOLLOWER: accept ELECTION from 18d1b3e1-cb4e-4e34-82f6-cc3a7f954247: our priority 0 <= candidate's priority 0
2021-04-29 10:57:56,919 [grpc-default-executor-4] INFO  server.RaftServer$Division (ServerState.java:setLeader(271)) - e351f40b-7d1e-4f0b-9ad9-d74fe5b38461@group-AAC7C0471365: change Leader from 370ef436-e033-42aa-a9de-e846a346aa8c to null at term 4 for updateCurrentTerm
2021-04-29 10:57:56,919 [grpc-default-executor-4] INFO  server.RaftServer$Division (RaftServerImpl.java:setRole(284)) - e351f40b-7d1e-4f0b-9ad9-d74fe5b38461@group-AAC7C0471365: changes role from  FOLLOWER to FOLLOWER at term 4 for candidate:18d1b3e1-cb4e-4e34-82f6-cc3a7f954247
2021-04-29 10:57:56,919 [grpc-default-executor-4] INFO  impl.RoleInfo (RoleInfo.java:shutdownFollowerState(108)) - e351f40b-7d1e-4f0b-9ad9-d74fe5b38461: shutdown e351f40b-7d1e-4f0b-9ad9-d74fe5b38461@group-AAC7C0471365-FollowerState
2021-04-29 10:57:56,919 [grpc-default-executor-4] INFO  impl.RoleInfo (RoleInfo.java:updateAndGet(130)) - e351f40b-7d1e-4f0b-9ad9-d74fe5b38461: start e351f40b-7d1e-4f0b-9ad9-d74fe5b38461@group-AAC7C0471365-FollowerState
2021-04-29 10:57:56,919 [e351f40b-7d1e-4f0b-9ad9-d74fe5b38461@group-AAC7C0471365-FollowerState] INFO  impl.FollowerState (FollowerState.java:run(143)) - e351f40b-7d1e-4f0b-9ad9-d74fe5b38461@group-AAC7C0471365-FollowerState was interrupted: {}
java.lang.InterruptedException: sleep interrupted
	at java.lang.Thread.sleep(Native Method)
	at java.lang.Thread.sleep(Thread.java:340)
	at java.util.concurrent.TimeUnit.sleep(TimeUnit.java:386)
	at org.apache.ratis.util.TimeDuration.sleep(TimeDuration.java:324)
	at org.apache.ratis.util.TimeDuration.sleep(TimeDuration.java:309)
	at org.apache.ratis.server.impl.FollowerState.run(FollowerState.java:118)
2021-04-29 10:57:56,924 [18d1b3e1-cb4e-4e34-82f6-cc3a7f954247@group-AAC7C0471365-LeaderElection24] INFO  impl.LeaderElection (LogUtils.java:infoOrTrace(137)) - 18d1b3e1-cb4e-4e34-82f6-cc3a7f954247@group-AAC7C0471365-LeaderElection24 got exception when requesting votes: java.util.concurrent.ExecutionException: org.apache.ratis.thirdparty.io.grpc.StatusRuntimeException: UNAVAILABLE: io exception
2021-04-29 10:57:56,926 [grpc-default-executor-4] INFO  server.RaftServer$Division (RaftServerImpl.java:requestVote(1074)) - e351f40b-7d1e-4f0b-9ad9-d74fe5b38461@group-AAC7C0471365 replies to ELECTION vote request: 18d1b3e1-cb4e-4e34-82f6-cc3a7f954247<-e351f40b-7d1e-4f0b-9ad9-d74fe5b38461#0:OK-t4. Peer's state: e351f40b-7d1e-4f0b-9ad9-d74fe5b38461@group-AAC7C0471365:t4, leader=null, voted=18d1b3e1-cb4e-4e34-82f6-cc3a7f954247, raftlog=e351f40b-7d1e-4f0b-9ad9-d74fe5b38461@group-AAC7C0471365-SegmentedRaftLog:OPENED:c7,f7,i7, conf=0: [370ef436-e033-42aa-a9de-e846a346aa8c|rpc:172.17.0.2:41417|dataStream:|priority:1, e351f40b-7d1e-4f0b-9ad9-d74fe5b38461|rpc:172.17.0.2:46021|dataStream:|priority:0, 18d1b3e1-cb4e-4e34-82f6-cc3a7f954247|rpc:172.17.0.2:46575|dataStream:|priority:0], old=null
2021-04-29 10:57:56,928 [18d1b3e1-cb4e-4e34-82f6-cc3a7f954247@group-AAC7C0471365-LeaderElection24] INFO  impl.LeaderElection (LeaderElection.java:logAndReturn(89)) - 18d1b3e1-cb4e-4e34-82f6-cc3a7f954247@group-AAC7C0471365-LeaderElection24: ELECTION PASSED received 1 response(s) and 1 exception(s):
2021-04-29 10:57:56,928 [18d1b3e1-cb4e-4e34-82f6-cc3a7f954247@group-AAC7C0471365-LeaderElection24] INFO  impl.LeaderElection (LeaderElection.java:logAndReturn(93)) -   Response 0: 18d1b3e1-cb4e-4e34-82f6-cc3a7f954247<-e351f40b-7d1e-4f0b-9ad9-d74fe5b38461#0:OK-t4
2021-04-29 10:57:56,929 [18d1b3e1-cb4e-4e34-82f6-cc3a7f954247@group-AAC7C0471365-LeaderElection24] INFO  impl.LeaderElection (LogUtils.java:infoOrTrace(137)) -   Exception 1: java.util.concurrent.ExecutionException: org.apache.ratis.thirdparty.io.grpc.StatusRuntimeException: UNAVAILABLE: io exception
2021-04-29 10:57:56,929 [18d1b3e1-cb4e-4e34-82f6-cc3a7f954247@group-AAC7C0471365-LeaderElection24] INFO  impl.LeaderElection (LeaderElection.java:askForVotes(308)) - 18d1b3e1-cb4e-4e34-82f6-cc3a7f954247@group-AAC7C0471365-LeaderElection24 ELECTION round 0: result PASSED
2021-04-29 10:57:56,929 [18d1b3e1-cb4e-4e34-82f6-cc3a7f954247@group-AAC7C0471365-LeaderElection24] INFO  impl.RoleInfo (RoleInfo.java:shutdownLeaderElection(121)) - 18d1b3e1-cb4e-4e34-82f6-cc3a7f954247: shutdown 18d1b3e1-cb4e-4e34-82f6-cc3a7f954247@group-AAC7C0471365-LeaderElection24
2021-04-29 10:57:56,929 [18d1b3e1-cb4e-4e34-82f6-cc3a7f954247@group-AAC7C0471365-LeaderElection24] INFO  server.RaftServer$Division (RaftServerImpl.java:setRole(284)) - 18d1b3e1-cb4e-4e34-82f6-cc3a7f954247@group-AAC7C0471365: changes role from CANDIDATE to LEADER at term 4 for changeToLeader
2021-04-29 10:57:56,929 [18d1b3e1-cb4e-4e34-82f6-cc3a7f954247@group-AAC7C0471365-LeaderElection24] INFO  ratis.XceiverServerRatis (XceiverServerRatis.java:handleLeaderChangedNotification(906)) - Leader change notification received for group: group-AAC7C0471365 with new leaderId: 18d1b3e1-cb4e-4e34-82f6-cc3a7f954247
2021-04-29 10:57:56,930 [18d1b3e1-cb4e-4e34-82f6-cc3a7f954247@group-AAC7C0471365-LeaderElection24] INFO  server.RaftServer$Division (ServerState.java:setLeader(271)) - 18d1b3e1-cb4e-4e34-82f6-cc3a7f954247@group-AAC7C0471365: change Leader from null to 18d1b3e1-cb4e-4e34-82f6-cc3a7f954247 at term 4 for becomeLeader, leader elected after 15ms
2021-04-29 10:57:56,930 [Datanode State Machine Thread - 0] INFO  statemachine.DatanodeStateMachine (DatanodeStateMachine.java:lambda$startDaemon$0(411)) - Ozone container server started.
2021-04-29 10:57:56,930 [18d1b3e1-cb4e-4e34-82f6-cc3a7f954247@group-AAC7C0471365-LeaderElection24] INFO  server.RaftServerConfigKeys (ConfUtils.java:logGet(44)) - raft.server.staging.catchup.gap = 1000 (default)
2021-04-29 10:57:56,930 [18d1b3e1-cb4e-4e34-82f6-cc3a7f954247@group-AAC7C0471365-LeaderElection24] INFO  metrics.RatisMetrics (RatisMetrics.java:lambda$create$0(36)) - Creating Metrics Registry : ratis.log_appender.18d1b3e1-cb4e-4e34-82f6-cc3a7f954247@group-AAC7C0471365
2021-04-29 10:57:56,930 [18d1b3e1-cb4e-4e34-82f6-cc3a7f954247@group-AAC7C0471365-LeaderElection24] INFO  server.RaftServerConfigKeys (ConfUtils.java:logGet(44)) - raft.server.write.element-limit = 1024 (custom)
2021-04-29 10:57:56,930 [18d1b3e1-cb4e-4e34-82f6-cc3a7f954247@group-AAC7C0471365-LeaderElection24] INFO  server.RaftServerConfigKeys (ConfUtils.java:logGet(44)) - raft.server.write.byte-limit = 1073741824 (custom)
2021-04-29 10:57:56,930 [18d1b3e1-cb4e-4e34-82f6-cc3a7f954247@group-AAC7C0471365-LeaderElection24] INFO  server.RaftServerConfigKeys (ConfUtils.java:logGet(44)) - raft.server.watch.timeout = 3000ms (custom)
2021-04-29 10:57:56,930 [18d1b3e1-cb4e-4e34-82f6-cc3a7f954247@group-AAC7C0471365-LeaderElection24] INFO  server.RaftServerConfigKeys (ConfUtils.java:logGet(44)) - raft.server.watch.timeout.denomination = 1s (default)
2021-04-29 10:57:56,931 [18d1b3e1-cb4e-4e34-82f6-cc3a7f954247@group-AAC7C0471365-LeaderElection24] INFO  server.RaftServerConfigKeys (ConfUtils.java:logGet(44)) - raft.server.watch.element-limit = 65536 (default)
2021-04-29 10:57:56,931 [18d1b3e1-cb4e-4e34-82f6-cc3a7f954247@group-AAC7C0471365-LeaderElection24] INFO  server.RaftServerConfigKeys (ConfUtils.java:logGet(44)) - raft.server.log.appender.snapshot.chunk.size.max = 16MB (=16777216) (default)
2021-04-29 10:57:56,931 [18d1b3e1-cb4e-4e34-82f6-cc3a7f954247@group-AAC7C0471365-LeaderElection24] INFO  server.RaftServerConfigKeys (ConfUtils.java:logGet(44)) - raft.server.log.appender.buffer.byte-limit = 33554432 (custom)
2021-04-29 10:57:56,931 [18d1b3e1-cb4e-4e34-82f6-cc3a7f954247@group-AAC7C0471365-LeaderElection24] INFO  server.RaftServerConfigKeys (ConfUtils.java:logGet(44)) - raft.server.log.appender.buffer.element-limit = 1 (custom)
2021-04-29 10:57:56,931 [18d1b3e1-cb4e-4e34-82f6-cc3a7f954247@group-AAC7C0471365-LeaderElection24] INFO  grpc.GrpcConfigKeys (ConfUtils.java:logGet(44)) - raft.grpc.server.leader.outstanding.appends.max = 128 (default)
2021-04-29 10:57:56,931 [18d1b3e1-cb4e-4e34-82f6-cc3a7f954247@group-AAC7C0471365-LeaderElection24] INFO  server.RaftServerConfigKeys (ConfUtils.java:logGet(44)) - raft.server.rpc.request.timeout = 3000ms (default)
2021-04-29 10:57:56,931 [18d1b3e1-cb4e-4e34-82f6-cc3a7f954247@group-AAC7C0471365-LeaderElection24] INFO  server.RaftServerConfigKeys (ConfUtils.java:logGet(44)) - raft.server.log.appender.install.snapshot.enabled = false (custom)
2021-04-29 10:57:56,931 [18d1b3e1-cb4e-4e34-82f6-cc3a7f954247@group-AAC7C0471365-LeaderElection24] INFO  metrics.RatisMetrics (RatisMetrics.java:lambda$create$0(36)) - Creating Metrics Registry : ratis_grpc.log_appender.18d1b3e1-cb4e-4e34-82f6-cc3a7f954247@group-AAC7C0471365
2021-04-29 10:57:56,932 [18d1b3e1-cb4e-4e34-82f6-cc3a7f954247@group-AAC7C0471365-LeaderElection24] INFO  server.RaftServerConfigKeys (ConfUtils.java:logGet(44)) - raft.server.log.appender.snapshot.chunk.size.max = 16MB (=16777216) (default)
2021-04-29 10:57:56,932 [18d1b3e1-cb4e-4e34-82f6-cc3a7f954247@group-AAC7C0471365-LeaderElection24] INFO  server.RaftServerConfigKeys (ConfUtils.java:logGet(44)) - raft.server.log.appender.buffer.byte-limit = 33554432 (custom)
2021-04-29 10:57:56,932 [18d1b3e1-cb4e-4e34-82f6-cc3a7f954247@group-AAC7C0471365-LeaderElection24] INFO  server.RaftServerConfigKeys (ConfUtils.java:logGet(44)) - raft.server.log.appender.buffer.element-limit = 1 (custom)
2021-04-29 10:57:56,933 [18d1b3e1-cb4e-4e34-82f6-cc3a7f954247@group-AAC7C0471365-LeaderElection24] INFO  grpc.GrpcConfigKeys (ConfUtils.java:logGet(44)) - raft.grpc.server.leader.outstanding.appends.max = 128 (default)
2021-04-29 10:57:56,933 [18d1b3e1-cb4e-4e34-82f6-cc3a7f954247@group-AAC7C0471365-LeaderElection24] INFO  server.RaftServerConfigKeys (ConfUtils.java:logGet(44)) - raft.server.rpc.request.timeout = 3000ms (default)
2021-04-29 10:57:56,933 [18d1b3e1-cb4e-4e34-82f6-cc3a7f954247@group-AAC7C0471365-LeaderElection24] INFO  server.RaftServerConfigKeys (ConfUtils.java:logGet(44)) - raft.server.log.appender.install.snapshot.enabled = false (custom)
2021-04-29 10:57:56,934 [18d1b3e1-cb4e-4e34-82f6-cc3a7f954247@group-AAC7C0471365-LeaderElection24] INFO  impl.RoleInfo (RoleInfo.java:updateAndGet(130)) - 18d1b3e1-cb4e-4e34-82f6-cc3a7f954247: start 18d1b3e1-cb4e-4e34-82f6-cc3a7f954247@group-AAC7C0471365-LeaderStateImpl
2021-04-29 10:57:56,934 [18d1b3e1-cb4e-4e34-82f6-cc3a7f954247@group-AAC7C0471365-LeaderElection24] INFO  segmented.SegmentedRaftLogWorker (SegmentedRaftLogWorker.java:rollLogSegment(399)) - 18d1b3e1-cb4e-4e34-82f6-cc3a7f954247@group-AAC7C0471365-SegmentedRaftLogWorker: Rolling segment log-0_7 to index:7
2021-04-29 10:57:56,935 [18d1b3e1-cb4e-4e34-82f6-cc3a7f954247@group-AAC7C0471365-SegmentedRaftLogWorker] INFO  segmented.SegmentedRaftLogWorker (SegmentedRaftLogWorker.java:execute(558)) - 18d1b3e1-cb4e-4e34-82f6-cc3a7f954247@group-AAC7C0471365-SegmentedRaftLogWorker: Rolled log segment from /github/workspace/mnt/ozone/hadoop-ozone/integration-test/target/test-dir/MiniOzoneClusterImpl-2726c7ec-cf5f-4d18-8e0d-a0ed93d2ecae/datanode-0/data/ratis/d41d1735-2b4e-48ce-b160-aac7c0471365/current/log_inprogress_0 to /github/workspace/mnt/ozone/hadoop-ozone/integration-test/target/test-dir/MiniOzoneClusterImpl-2726c7ec-cf5f-4d18-8e0d-a0ed93d2ecae/datanode-0/data/ratis/d41d1735-2b4e-48ce-b160-aac7c0471365/current/log_0-7
2021-04-29 10:57:56,936 [18d1b3e1-cb4e-4e34-82f6-cc3a7f954247@group-AAC7C0471365-SegmentedRaftLogWorker] INFO  segmented.SegmentedRaftLogWorker (SegmentedRaftLogWorker.java:execute(601)) - 18d1b3e1-cb4e-4e34-82f6-cc3a7f954247@group-AAC7C0471365-SegmentedRaftLogWorker: created new log segment /github/workspace/mnt/ozone/hadoop-ozone/integration-test/target/test-dir/MiniOzoneClusterImpl-2726c7ec-cf5f-4d18-8e0d-a0ed93d2ecae/datanode-0/data/ratis/d41d1735-2b4e-48ce-b160-aac7c0471365/current/log_inprogress_8
2021-04-29 10:57:56,942 [grpc-default-executor-4] WARN  server.GrpcLogAppender (LogUtils.java:warn(122)) - 18d1b3e1-cb4e-4e34-82f6-cc3a7f954247@group-AAC7C0471365->370ef436-e033-42aa-a9de-e846a346aa8c-AppendLogResponseHandler: Failed appendEntries: org.apache.ratis.thirdparty.io.grpc.StatusRuntimeException: UNAVAILABLE: io exception
2021-04-29 10:57:56,943 [18d1b3e1-cb4e-4e34-82f6-cc3a7f954247@group-AAC7C0471365-LeaderElection24] INFO  server.RaftServer$Division (ServerState.java:setRaftConf(373)) - 18d1b3e1-cb4e-4e34-82f6-cc3a7f954247@group-AAC7C0471365: set configuration 8: [370ef436-e033-42aa-a9de-e846a346aa8c|rpc:172.17.0.2:41417|dataStream:|priority:1, e351f40b-7d1e-4f0b-9ad9-d74fe5b38461|rpc:172.17.0.2:46021|dataStream:|priority:0, 18d1b3e1-cb4e-4e34-82f6-cc3a7f954247|rpc:172.17.0.2:46575|dataStream:|priority:0], old=null
2021-04-29 10:57:56,946 [grpc-default-executor-4] WARN  server.GrpcLogAppender (GrpcLogAppender.java:resetClient(111)) - 18d1b3e1-cb4e-4e34-82f6-cc3a7f954247@group-AAC7C0471365->370ef436-e033-42aa-a9de-e846a346aa8c-GrpcLogAppender: Leader has not got in touch with Follower 18d1b3e1-cb4e-4e34-82f6-cc3a7f954247@group-AAC7C0471365->370ef436-e033-42aa-a9de-e846a346aa8c(c-1,m0,n9, attendVote=true, lastRpcSendTime=3, lastRpcResponseTime=5215) yet, just keep nextIndex unchanged and retry.
2021-04-29 10:57:56,949 [grpc-default-executor-4] INFO  ratis.XceiverServerRatis (XceiverServerRatis.java:handleLeaderChangedNotification(906)) - Leader change notification received for group: group-AAC7C0471365 with new leaderId: 18d1b3e1-cb4e-4e34-82f6-cc3a7f954247
2021-04-29 10:57:56,949 [grpc-default-executor-4] INFO  server.RaftServer$Division (ServerState.java:setLeader(271)) - e351f40b-7d1e-4f0b-9ad9-d74fe5b38461@group-AAC7C0471365: change Leader from null to 18d1b3e1-cb4e-4e34-82f6-cc3a7f954247 at term 4 for appendEntries, leader elected after 30ms
2021-04-29 10:57:56,951 [grpc-default-executor-4] INFO  server.RaftServer$Division (ServerState.java:setRaftConf(373)) - e351f40b-7d1e-4f0b-9ad9-d74fe5b38461@group-AAC7C0471365: set configuration 8: [370ef436-e033-42aa-a9de-e846a346aa8c|rpc:172.17.0.2:41417|dataStream:|priority:1, e351f40b-7d1e-4f0b-9ad9-d74fe5b38461|rpc:172.17.0.2:46021|dataStream:|priority:0, 18d1b3e1-cb4e-4e34-82f6-cc3a7f954247|rpc:172.17.0.2:46575|dataStream:|priority:0], old=null
2021-04-29 10:57:56,951 [grpc-default-executor-4] INFO  segmented.SegmentedRaftLogWorker (SegmentedRaftLogWorker.java:rollLogSegment(399)) - e351f40b-7d1e-4f0b-9ad9-d74fe5b38461@group-AAC7C0471365-SegmentedRaftLogWorker: Rolling segment log-0_7 to index:7
2021-04-29 10:57:56,952 [e351f40b-7d1e-4f0b-9ad9-d74fe5b38461@group-AAC7C0471365-SegmentedRaftLogWorker] INFO  segmented.SegmentedRaftLogWorker (SegmentedRaftLogWorker.java:execute(558)) - e351f40b-7d1e-4f0b-9ad9-d74fe5b38461@group-AAC7C0471365-SegmentedRaftLogWorker: Rolled log segment from /github/workspace/mnt/ozone/hadoop-ozone/integration-test/target/test-dir/MiniOzoneClusterImpl-2726c7ec-cf5f-4d18-8e0d-a0ed93d2ecae/datanode-1/data/ratis/d41d1735-2b4e-48ce-b160-aac7c0471365/current/log_inprogress_0 to /github/workspace/mnt/ozone/hadoop-ozone/integration-test/target/test-dir/MiniOzoneClusterImpl-2726c7ec-cf5f-4d18-8e0d-a0ed93d2ecae/datanode-1/data/ratis/d41d1735-2b4e-48ce-b160-aac7c0471365/current/log_0-7
2021-04-29 10:57:56,953 [e351f40b-7d1e-4f0b-9ad9-d74fe5b38461@group-AAC7C0471365-SegmentedRaftLogWorker] INFO  segmented.SegmentedRaftLogWorker (SegmentedRaftLogWorker.java:execute(601)) - e351f40b-7d1e-4f0b-9ad9-d74fe5b38461@group-AAC7C0471365-SegmentedRaftLogWorker: created new log segment /github/workspace/mnt/ozone/hadoop-ozone/integration-test/target/test-dir/MiniOzoneClusterImpl-2726c7ec-cf5f-4d18-8e0d-a0ed93d2ecae/datanode-1/data/ratis/d41d1735-2b4e-48ce-b160-aac7c0471365/current/log_inprogress_8
2021-04-29 10:57:56,994 [grpc-default-executor-4] WARN  server.GrpcLogAppender (LogUtils.java:warn(122)) - 18d1b3e1-cb4e-4e34-82f6-cc3a7f954247@group-AAC7C0471365->370ef436-e033-42aa-a9de-e846a346aa8c-AppendLogResponseHandler: Failed appendEntries: org.apache.ratis.thirdparty.io.grpc.StatusRuntimeException: UNAVAILABLE: io exception
2021-04-29 10:57:56,995 [grpc-default-executor-4] WARN  server.GrpcLogAppender (GrpcLogAppender.java:resetClient(111)) - 18d1b3e1-cb4e-4e34-82f6-cc3a7f954247@group-AAC7C0471365->370ef436-e033-42aa-a9de-e846a346aa8c-GrpcLogAppender: Leader has not got in touch with Follower 18d1b3e1-cb4e-4e34-82f6-cc3a7f954247@group-AAC7C0471365->370ef436-e033-42aa-a9de-e846a346aa8c(c-1,m0,n10, attendVote=true, lastRpcSendTime=52, lastRpcResponseTime=5264) yet, just keep nextIndex unchanged and retry.
2021-04-29 10:57:57,469 [Datanode State Machine Thread - 0] INFO  statemachine.DatanodeStateMachine (DatanodeStateMachine.java:lambda$startDaemon$0(411)) - Ozone container server started.
2021-04-29 10:57:59,497 [grpc-default-executor-2] WARN  server.GrpcLogAppender (LogUtils.java:warn(122)) - 18d1b3e1-cb4e-4e34-82f6-cc3a7f954247@group-AAC7C0471365->370ef436-e033-42aa-a9de-e846a346aa8c-AppendLogResponseHandler: Failed appendEntries: org.apache.ratis.thirdparty.io.grpc.StatusRuntimeException: UNAVAILABLE: io exception
2021-04-29 10:57:59,497 [grpc-default-executor-2] WARN  server.GrpcLogAppender (GrpcLogAppender.java:resetClient(111)) - 18d1b3e1-cb4e-4e34-82f6-cc3a7f954247@group-AAC7C0471365->370ef436-e033-42aa-a9de-e846a346aa8c-GrpcLogAppender: Leader has not got in touch with Follower 18d1b3e1-cb4e-4e34-82f6-cc3a7f954247@group-AAC7C0471365->370ef436-e033-42aa-a9de-e846a346aa8c(c-1,m0,n10, attendVote=true, lastRpcSendTime=0, lastRpcResponseTime=7766) yet, just keep nextIndex unchanged and retry.
2021-04-29 10:58:01,872 [ForkJoinPool.commonPool-worker-0] INFO  ozoneimpl.OzoneContainer (OzoneContainer.java:stop(313)) - Attempting to stop container services.
2021-04-29 10:58:01,873 [ForkJoinPool.commonPool-worker-0] INFO  server.RaftServer (RaftServerProxy.java:lambda$close$6(391)) - 18d1b3e1-cb4e-4e34-82f6-cc3a7f954247: close
2021-04-29 10:58:01,873 [ForkJoinPool.commonPool-worker-0] INFO  server.RaftServer$Division (RaftServerImpl.java:lambda$close$4(406)) - 18d1b3e1-cb4e-4e34-82f6-cc3a7f954247@group-54FA7C50B16A: shutdown
2021-04-29 10:58:01,874 [ForkJoinPool.commonPool-worker-0] INFO  util.JmxRegister (JmxRegister.java:unregister(73)) - Successfully un-registered JMX Bean with object name Ratis:service=RaftServer,group=group-54FA7C50B16A,id=18d1b3e1-cb4e-4e34-82f6-cc3a7f954247
2021-04-29 10:58:01,874 [ForkJoinPool.commonPool-worker-0] INFO  impl.RoleInfo (RoleInfo.java:shutdownLeaderState(91)) - 18d1b3e1-cb4e-4e34-82f6-cc3a7f954247: shutdown 18d1b3e1-cb4e-4e34-82f6-cc3a7f954247@group-54FA7C50B16A-LeaderStateImpl
2021-04-29 10:58:01,874 [ForkJoinPool.commonPool-worker-0] INFO  impl.PendingRequests (PendingRequests.java:sendNotLeaderResponses(249)) - 18d1b3e1-cb4e-4e34-82f6-cc3a7f954247@group-54FA7C50B16A-PendingRequests: sendNotLeaderResponses
2021-04-29 10:58:01,875 [ForkJoinPool.commonPool-worker-0] INFO  metrics.RatisMetrics (RatisMetrics.java:unregister(43)) - Unregistering Metrics Registry : ratis.log_appender.18d1b3e1-cb4e-4e34-82f6-cc3a7f954247@group-54FA7C50B16A
2021-04-29 10:58:01,875 [ForkJoinPool.commonPool-worker-0] INFO  metrics.RatisMetrics (RatisMetrics.java:unregister(43)) - Unregistering Metrics Registry : ratis.server.18d1b3e1-cb4e-4e34-82f6-cc3a7f954247@group-54FA7C50B16A
2021-04-29 10:58:01,875 [ForkJoinPool.commonPool-worker-0] INFO  impl.StateMachineUpdater (StateMachineUpdater.java:stopAndJoin(149)) - 18d1b3e1-cb4e-4e34-82f6-cc3a7f954247@group-54FA7C50B16A-StateMachineUpdater: set stopIndex = 0
2021-04-29 10:58:01,875 [18d1b3e1-cb4e-4e34-82f6-cc3a7f954247@group-54FA7C50B16A-StateMachineUpdater] INFO  ratis.ContainerStateMachine (ContainerStateMachine.java:takeSnapshot(292)) - group-54FA7C50B16A: Taking a snapshot at:(t:1, i:0) file /github/workspace/mnt/ozone/hadoop-ozone/integration-test/target/test-dir/MiniOzoneClusterImpl-2726c7ec-cf5f-4d18-8e0d-a0ed93d2ecae/datanode-0/data/ratis/14db0929-b7f6-4dcd-bea5-54fa7c50b16a/sm/snapshot.1_0
2021-04-29 10:58:01,876 [18d1b3e1-cb4e-4e34-82f6-cc3a7f954247@group-54FA7C50B16A-StateMachineUpdater] INFO  ratis.ContainerStateMachine (ContainerStateMachine.java:takeSnapshot(303)) - group-54FA7C50B16A: Finished taking a snapshot at:(t:1, i:0) file:/github/workspace/mnt/ozone/hadoop-ozone/integration-test/target/test-dir/MiniOzoneClusterImpl-2726c7ec-cf5f-4d18-8e0d-a0ed93d2ecae/datanode-0/data/ratis/14db0929-b7f6-4dcd-bea5-54fa7c50b16a/sm/snapshot.1_0 took: 1 ms
2021-04-29 10:58:01,877 [18d1b3e1-cb4e-4e34-82f6-cc3a7f954247@group-54FA7C50B16A-StateMachineUpdater] INFO  impl.StateMachineUpdater (StateMachineUpdater.java:takeSnapshot(281)) - 18d1b3e1-cb4e-4e34-82f6-cc3a7f954247@group-54FA7C50B16A-StateMachineUpdater: Took a snapshot at index 0
2021-04-29 10:58:01,877 [18d1b3e1-cb4e-4e34-82f6-cc3a7f954247@group-54FA7C50B16A-StateMachineUpdater] INFO  impl.StateMachineUpdater (StateMachineUpdater.java:lambda$new$0(89)) - 18d1b3e1-cb4e-4e34-82f6-cc3a7f954247@group-54FA7C50B16A-StateMachineUpdater: snapshotIndex: updateIncreasingly -1 -> 0
2021-04-29 10:58:01,877 [18d1b3e1-cb4e-4e34-82f6-cc3a7f954247@group-54FA7C50B16A-StateMachineUpdater] INFO  metrics.RatisMetrics (RatisMetrics.java:unregister(43)) - Unregistering Metrics Registry : ratis.state_machine.18d1b3e1-cb4e-4e34-82f6-cc3a7f954247@group-54FA7C50B16A
2021-04-29 10:58:01,877 [ForkJoinPool.commonPool-worker-0] INFO  server.RaftServer$Division (ServerState.java:close(405)) - 18d1b3e1-cb4e-4e34-82f6-cc3a7f954247@group-54FA7C50B16A: closes. applyIndex: 0
2021-04-29 10:58:01,877 [18d1b3e1-cb4e-4e34-82f6-cc3a7f954247@group-54FA7C50B16A-SegmentedRaftLogWorker] INFO  segmented.SegmentedRaftLogWorker (SegmentedRaftLogWorker.java:run(327)) - 18d1b3e1-cb4e-4e34-82f6-cc3a7f954247@group-54FA7C50B16A-SegmentedRaftLogWorker was interrupted, exiting. There are 0 tasks remaining in the queue.
2021-04-29 10:58:01,879 [ForkJoinPool.commonPool-worker-0] INFO  segmented.SegmentedRaftLogWorker (SegmentedRaftLogWorker.java:close(237)) - 18d1b3e1-cb4e-4e34-82f6-cc3a7f954247@group-54FA7C50B16A-SegmentedRaftLogWorker close()
2021-04-29 10:58:01,882 [ForkJoinPool.commonPool-worker-0] INFO  metrics.RatisMetrics (RatisMetrics.java:unregister(43)) - Unregistering Metrics Registry : ratis.log_worker.18d1b3e1-cb4e-4e34-82f6-cc3a7f954247@group-54FA7C50B16A
2021-04-29 10:58:01,882 [Listener at 127.0.0.1/42781] INFO  ozoneimpl.OzoneContainer (OzoneContainer.java:stop(313)) - Attempting to stop container services.
2021-04-29 10:58:01,883 [Listener at 127.0.0.1/42781] INFO  server.RaftServer (RaftServerProxy.java:lambda$close$6(391)) - 2ece3016-29da-4712-9e61-42b563feafe4: close
2021-04-29 10:58:01,883 [Listener at 127.0.0.1/42781] INFO  server.RaftServer$Division (RaftServerImpl.java:lambda$close$4(406)) - 2ece3016-29da-4712-9e61-42b563feafe4@group-5F9640C5EC9E: shutdown
2021-04-29 10:58:01,883 [Listener at 127.0.0.1/42781] INFO  util.JmxRegister (JmxRegister.java:unregister(73)) - Successfully un-registered JMX Bean with object name Ratis:service=RaftServer,group=group-5F9640C5EC9E,id=2ece3016-29da-4712-9e61-42b563feafe4
2021-04-29 10:58:01,884 [Listener at 127.0.0.1/42781] INFO  impl.RoleInfo (RoleInfo.java:shutdownFollowerState(108)) - 2ece3016-29da-4712-9e61-42b563feafe4: shutdown 2ece3016-29da-4712-9e61-42b563feafe4@group-5F9640C5EC9E-FollowerState
2021-04-29 10:58:01,884 [Listener at 127.0.0.1/42781] INFO  impl.StateMachineUpdater (StateMachineUpdater.java:stopAndJoin(149)) - 2ece3016-29da-4712-9e61-42b563feafe4@group-5F9640C5EC9E-StateMachineUpdater: set stopIndex = 2
2021-04-29 10:58:01,884 [2ece3016-29da-4712-9e61-42b563feafe4@group-5F9640C5EC9E-FollowerState] INFO  impl.FollowerState (FollowerState.java:run(143)) - 2ece3016-29da-4712-9e61-42b563feafe4@group-5F9640C5EC9E-FollowerState was interrupted: {}
java.lang.InterruptedException: sleep interrupted
	at java.lang.Thread.sleep(Native Method)
	at java.lang.Thread.sleep(Thread.java:340)
	at java.util.concurrent.TimeUnit.sleep(TimeUnit.java:386)
	at org.apache.ratis.util.TimeDuration.sleep(TimeDuration.java:324)
	at org.apache.ratis.util.TimeDuration.sleep(TimeDuration.java:309)
	at org.apache.ratis.server.impl.FollowerState.run(FollowerState.java:118)
2021-04-29 10:58:01,885 [2ece3016-29da-4712-9e61-42b563feafe4@group-5F9640C5EC9E-StateMachineUpdater] INFO  ratis.ContainerStateMachine (ContainerStateMachine.java:takeSnapshot(292)) - group-5F9640C5EC9E: Taking a snapshot at:(t:6, i:2) file /github/workspace/mnt/ozone/hadoop-ozone/integration-test/target/test-dir/MiniOzoneClusterImpl-2726c7ec-cf5f-4d18-8e0d-a0ed93d2ecae/datanode-7/data/ratis/d965319d-9b1c-4f94-89c8-5f9640c5ec9e/sm/snapshot.6_2
2021-04-29 10:58:01,885 [2ece3016-29da-4712-9e61-42b563feafe4@group-5F9640C5EC9E-StateMachineUpdater] INFO  ratis.ContainerStateMachine (ContainerStateMachine.java:takeSnapshot(303)) - group-5F9640C5EC9E: Finished taking a snapshot at:(t:6, i:2) file:/github/workspace/mnt/ozone/hadoop-ozone/integration-test/target/test-dir/MiniOzoneClusterImpl-2726c7ec-cf5f-4d18-8e0d-a0ed93d2ecae/datanode-7/data/ratis/d965319d-9b1c-4f94-89c8-5f9640c5ec9e/sm/snapshot.6_2 took: 1 ms
2021-04-29 10:58:01,886 [2ece3016-29da-4712-9e61-42b563feafe4@group-5F9640C5EC9E-StateMachineUpdater] INFO  impl.StateMachineUpdater (StateMachineUpdater.java:takeSnapshot(281)) - 2ece3016-29da-4712-9e61-42b563feafe4@group-5F9640C5EC9E-StateMachineUpdater: Took a snapshot at index 2
2021-04-29 10:58:01,886 [2ece3016-29da-4712-9e61-42b563feafe4@group-5F9640C5EC9E-StateMachineUpdater] INFO  impl.StateMachineUpdater (StateMachineUpdater.java:lambda$new$0(89)) - 2ece3016-29da-4712-9e61-42b563feafe4@group-5F9640C5EC9E-StateMachineUpdater: snapshotIndex: updateIncreasingly -1 -> 2
2021-04-29 10:58:01,886 [2ece3016-29da-4712-9e61-42b563feafe4@group-5F9640C5EC9E-StateMachineUpdater] INFO  metrics.RatisMetrics (RatisMetrics.java:unregister(43)) - Unregistering Metrics Registry : ratis.state_machine.2ece3016-29da-4712-9e61-42b563feafe4@group-5F9640C5EC9E
2021-04-29 10:58:01,888 [Listener at 127.0.0.1/42781] INFO  server.RaftServer$Division (ServerState.java:close(405)) - 2ece3016-29da-4712-9e61-42b563feafe4@group-5F9640C5EC9E: closes. applyIndex: 2
2021-04-29 10:58:01,888 [2ece3016-29da-4712-9e61-42b563feafe4@group-5F9640C5EC9E-SegmentedRaftLogWorker] INFO  segmented.SegmentedRaftLogWorker (SegmentedRaftLogWorker.java:run(327)) - 2ece3016-29da-4712-9e61-42b563feafe4@group-5F9640C5EC9E-SegmentedRaftLogWorker was interrupted, exiting. There are 0 tasks remaining in the queue.
2021-04-29 10:58:01,888 [Listener at 127.0.0.1/42781] INFO  segmented.SegmentedRaftLogWorker (SegmentedRaftLogWorker.java:close(237)) - 2ece3016-29da-4712-9e61-42b563feafe4@group-5F9640C5EC9E-SegmentedRaftLogWorker close()
2021-04-29 10:58:01,888 [ForkJoinPool.commonPool-worker-0] INFO  metrics.RatisMetrics (RatisMetrics.java:unregister(43)) - Unregistering Metrics Registry : ratis.leader_election.18d1b3e1-cb4e-4e34-82f6-cc3a7f954247@group-54FA7C50B16A
2021-04-29 10:58:01,889 [ForkJoinPool.commonPool-worker-0] INFO  metrics.RatisMetrics (RatisMetrics.java:unregister(43)) - Unregistering Metrics Registry : ratis.server.18d1b3e1-cb4e-4e34-82f6-cc3a7f954247@group-54FA7C50B16A
2021-04-29 10:58:01,889 [ForkJoinPool.commonPool-worker-0] INFO  server.RaftServer$Division (RaftServerImpl.java:lambda$close$4(406)) - 18d1b3e1-cb4e-4e34-82f6-cc3a7f954247@group-AAC7C0471365: shutdown
2021-04-29 10:58:01,889 [ForkJoinPool.commonPool-worker-0] INFO  util.JmxRegister (JmxRegister.java:unregister(73)) - Successfully un-registered JMX Bean with object name Ratis:service=RaftServer,group=group-AAC7C0471365,id=18d1b3e1-cb4e-4e34-82f6-cc3a7f954247
2021-04-29 10:58:01,889 [ForkJoinPool.commonPool-worker-0] INFO  impl.RoleInfo (RoleInfo.java:shutdownLeaderState(91)) - 18d1b3e1-cb4e-4e34-82f6-cc3a7f954247: shutdown 18d1b3e1-cb4e-4e34-82f6-cc3a7f954247@group-AAC7C0471365-LeaderStateImpl
2021-04-29 10:58:01,889 [ForkJoinPool.commonPool-worker-0] INFO  metrics.RatisMetrics (RatisMetrics.java:unregister(43)) - Unregistering Metrics Registry : ratis_grpc.log_appender.18d1b3e1-cb4e-4e34-82f6-cc3a7f954247@group-AAC7C0471365
2021-04-29 10:58:01,890 [ForkJoinPool.commonPool-worker-0] INFO  metrics.RatisMetrics (RatisMetrics.java:unregister(43)) - Unregistering Metrics Registry : ratis_grpc.log_appender.18d1b3e1-cb4e-4e34-82f6-cc3a7f954247@group-AAC7C0471365
2021-04-29 10:58:01,890 [Listener at 127.0.0.1/42781] INFO  metrics.RatisMetrics (RatisMetrics.java:unregister(43)) - Unregistering Metrics Registry : ratis.log_worker.2ece3016-29da-4712-9e61-42b563feafe4@group-5F9640C5EC9E
2021-04-29 10:58:01,890 [Listener at 127.0.0.1/42781] INFO  metrics.RatisMetrics (RatisMetrics.java:unregister(43)) - Unregistering Metrics Registry : ratis.leader_election.2ece3016-29da-4712-9e61-42b563feafe4@group-5F9640C5EC9E
2021-04-29 10:58:01,891 [Listener at 127.0.0.1/42781] INFO  metrics.RatisMetrics (RatisMetrics.java:unregister(43)) - Unregistering Metrics Registry : ratis.server.2ece3016-29da-4712-9e61-42b563feafe4@group-5F9640C5EC9E
2021-04-29 10:58:01,891 [Listener at 127.0.0.1/42781] INFO  server.RaftServer$Division (RaftServerImpl.java:lambda$close$4(406)) - 2ece3016-29da-4712-9e61-42b563feafe4@group-1D607C43D7C7: shutdown
2021-04-29 10:58:01,891 [Listener at 127.0.0.1/42781] INFO  util.JmxRegister (JmxRegister.java:unregister(73)) - Successfully un-registered JMX Bean with object name Ratis:service=RaftServer,group=group-1D607C43D7C7,id=2ece3016-29da-4712-9e61-42b563feafe4
2021-04-29 10:58:01,891 [Listener at 127.0.0.1/42781] INFO  impl.RoleInfo (RoleInfo.java:shutdownLeaderState(91)) - 2ece3016-29da-4712-9e61-42b563feafe4: shutdown 2ece3016-29da-4712-9e61-42b563feafe4@group-1D607C43D7C7-LeaderStateImpl
2021-04-29 10:58:01,892 [Listener at 127.0.0.1/42781] INFO  impl.PendingRequests (PendingRequests.java:sendNotLeaderResponses(249)) - 2ece3016-29da-4712-9e61-42b563feafe4@group-1D607C43D7C7-PendingRequests: sendNotLeaderResponses
2021-04-29 10:58:01,892 [Listener at 127.0.0.1/42781] INFO  metrics.RatisMetrics (RatisMetrics.java:unregister(43)) - Unregistering Metrics Registry : ratis.log_appender.2ece3016-29da-4712-9e61-42b563feafe4@group-1D607C43D7C7
2021-04-29 10:58:01,892 [Listener at 127.0.0.1/42781] INFO  metrics.RatisMetrics (RatisMetrics.java:unregister(43)) - Unregistering Metrics Registry : ratis.server.2ece3016-29da-4712-9e61-42b563feafe4@group-1D607C43D7C7
2021-04-29 10:58:01,893 [Listener at 127.0.0.1/42781] INFO  impl.StateMachineUpdater (StateMachineUpdater.java:stopAndJoin(149)) - 2ece3016-29da-4712-9e61-42b563feafe4@group-1D607C43D7C7-StateMachineUpdater: set stopIndex = 0
2021-04-29 10:58:01,893 [2ece3016-29da-4712-9e61-42b563feafe4@group-1D607C43D7C7-StateMachineUpdater] INFO  ratis.ContainerStateMachine (ContainerStateMachine.java:takeSnapshot(292)) - group-1D607C43D7C7: Taking a snapshot at:(t:1, i:0) file /github/workspace/mnt/ozone/hadoop-ozone/integration-test/target/test-dir/MiniOzoneClusterImpl-2726c7ec-cf5f-4d18-8e0d-a0ed93d2ecae/datanode-7/data/ratis/82a88e11-0f8b-4971-b51f-1d607c43d7c7/sm/snapshot.1_0
2021-04-29 10:58:01,893 [2ece3016-29da-4712-9e61-42b563feafe4@group-1D607C43D7C7-StateMachineUpdater] INFO  ratis.ContainerStateMachine (ContainerStateMachine.java:takeSnapshot(303)) - group-1D607C43D7C7: Finished taking a snapshot at:(t:1, i:0) file:/github/workspace/mnt/ozone/hadoop-ozone/integration-test/target/test-dir/MiniOzoneClusterImpl-2726c7ec-cf5f-4d18-8e0d-a0ed93d2ecae/datanode-7/data/ratis/82a88e11-0f8b-4971-b51f-1d607c43d7c7/sm/snapshot.1_0 took: 0 ms
2021-04-29 10:58:01,894 [2ece3016-29da-4712-9e61-42b563feafe4@group-1D607C43D7C7-StateMachineUpdater] INFO  impl.StateMachineUpdater (StateMachineUpdater.java:takeSnapshot(281)) - 2ece3016-29da-4712-9e61-42b563feafe4@group-1D607C43D7C7-StateMachineUpdater: Took a snapshot at index 0
2021-04-29 10:58:01,894 [2ece3016-29da-4712-9e61-42b563feafe4@group-1D607C43D7C7-StateMachineUpdater] INFO  impl.StateMachineUpdater (StateMachineUpdater.java:lambda$new$0(89)) - 2ece3016-29da-4712-9e61-42b563feafe4@group-1D607C43D7C7-StateMachineUpdater: snapshotIndex: updateIncreasingly -1 -> 0
2021-04-29 10:58:01,894 [2ece3016-29da-4712-9e61-42b563feafe4@group-1D607C43D7C7-StateMachineUpdater] INFO  metrics.RatisMetrics (RatisMetrics.java:unregister(43)) - Unregistering Metrics Registry : ratis.state_machine.2ece3016-29da-4712-9e61-42b563feafe4@group-1D607C43D7C7
2021-04-29 10:58:01,894 [Listener at 127.0.0.1/42781] INFO  server.RaftServer$Division (ServerState.java:close(405)) - 2ece3016-29da-4712-9e61-42b563feafe4@group-1D607C43D7C7: closes. applyIndex: 0
2021-04-29 10:58:01,895 [18d1b3e1-cb4e-4e34-82f6-cc3a7f954247@group-AAC7C0471365->e351f40b-7d1e-4f0b-9ad9-d74fe5b38461-GrpcLogAppender-LogAppenderDaemon] WARN  server.GrpcLogAppender (GrpcLogAppender.java:mayWait(175)) - 18d1b3e1-cb4e-4e34-82f6-cc3a7f954247@group-AAC7C0471365->e351f40b-7d1e-4f0b-9ad9-d74fe5b38461-GrpcLogAppender: Wait interrupted by java.lang.InterruptedException
2021-04-29 10:58:01,895 [ForkJoinPool.commonPool-worker-0] INFO  impl.PendingRequests (PendingRequests.java:sendNotLeaderResponses(249)) - 18d1b3e1-cb4e-4e34-82f6-cc3a7f954247@group-AAC7C0471365-PendingRequests: sendNotLeaderResponses
2021-04-29 10:58:01,895 [ForkJoinPool.commonPool-worker-0] INFO  metrics.RatisMetrics (RatisMetrics.java:unregister(43)) - Unregistering Metrics Registry : ratis.log_appender.18d1b3e1-cb4e-4e34-82f6-cc3a7f954247@group-AAC7C0471365
2021-04-29 10:58:01,896 [grpc-default-executor-4] INFO  server.GrpcServerProtocolService (GrpcServerProtocolService.java:onCompleted(140)) - e351f40b-7d1e-4f0b-9ad9-d74fe5b38461: Completed APPEND_ENTRIES, lastRequest: 18d1b3e1-cb4e-4e34-82f6-cc3a7f954247->e351f40b-7d1e-4f0b-9ad9-d74fe5b38461#2-t4,previous=(t:4, i:8),leaderCommit=8,initializing? true,entries: size=1, first=(t:4, i:9), METADATAENTRY(c:8)
2021-04-29 10:58:01,896 [2ece3016-29da-4712-9e61-42b563feafe4@group-1D607C43D7C7-SegmentedRaftLogWorker] INFO  segmented.SegmentedRaftLogWorker (SegmentedRaftLogWorker.java:run(327)) - 2ece3016-29da-4712-9e61-42b563feafe4@group-1D607C43D7C7-SegmentedRaftLogWorker was interrupted, exiting. There are 0 tasks remaining in the queue.
2021-04-29 10:58:01,897 [grpc-default-executor-4] INFO  server.GrpcLogAppender (GrpcLogAppender.java:onCompleted(344)) - 18d1b3e1-cb4e-4e34-82f6-cc3a7f954247@group-AAC7C0471365->e351f40b-7d1e-4f0b-9ad9-d74fe5b38461-AppendLogResponseHandler: follower responses appendEntries COMPLETED
2021-04-29 10:58:01,897 [grpc-default-executor-4] INFO  leader.FollowerInfo (FollowerInfoImpl.java:lambda$new$0(46)) - 18d1b3e1-cb4e-4e34-82f6-cc3a7f954247@group-AAC7C0471365->e351f40b-7d1e-4f0b-9ad9-d74fe5b38461: nextIndex: updateUnconditionally 10 -> 9
2021-04-29 10:58:01,897 [ForkJoinPool.commonPool-worker-0] INFO  metrics.RatisMetrics (RatisMetrics.java:unregister(43)) - Unregistering Metrics Registry : ratis.server.18d1b3e1-cb4e-4e34-82f6-cc3a7f954247@group-AAC7C0471365
2021-04-29 10:58:01,898 [18d1b3e1-cb4e-4e34-82f6-cc3a7f954247@group-AAC7C0471365-StateMachineUpdater] INFO  ratis.ContainerStateMachine (ContainerStateMachine.java:takeSnapshot(292)) - group-AAC7C0471365: Taking a snapshot at:(t:4, i:9) file /github/workspace/mnt/ozone/hadoop-ozone/integration-test/target/test-dir/MiniOzoneClusterImpl-2726c7ec-cf5f-4d18-8e0d-a0ed93d2ecae/datanode-0/data/ratis/d41d1735-2b4e-48ce-b160-aac7c0471365/sm/snapshot.4_9
2021-04-29 10:58:01,898 [ForkJoinPool.commonPool-worker-0] INFO  impl.StateMachineUpdater (StateMachineUpdater.java:stopAndJoin(149)) - 18d1b3e1-cb4e-4e34-82f6-cc3a7f954247@group-AAC7C0471365-StateMachineUpdater: set stopIndex = 9
2021-04-29 10:58:01,899 [18d1b3e1-cb4e-4e34-82f6-cc3a7f954247@group-AAC7C0471365-StateMachineUpdater] INFO  ratis.ContainerStateMachine (ContainerStateMachine.java:takeSnapshot(303)) - group-AAC7C0471365: Finished taking a snapshot at:(t:4, i:9) file:/github/workspace/mnt/ozone/hadoop-ozone/integration-test/target/test-dir/MiniOzoneClusterImpl-2726c7ec-cf5f-4d18-8e0d-a0ed93d2ecae/datanode-0/data/ratis/d41d1735-2b4e-48ce-b160-aac7c0471365/sm/snapshot.4_9 took: 1 ms
2021-04-29 10:58:01,899 [18d1b3e1-cb4e-4e34-82f6-cc3a7f954247@group-AAC7C0471365-StateMachineUpdater] INFO  impl.StateMachineUpdater (StateMachineUpdater.java:takeSnapshot(281)) - 18d1b3e1-cb4e-4e34-82f6-cc3a7f954247@group-AAC7C0471365-StateMachineUpdater: Took a snapshot at index 9
2021-04-29 10:58:01,899 [18d1b3e1-cb4e-4e34-82f6-cc3a7f954247@group-AAC7C0471365-StateMachineUpdater] INFO  impl.StateMachineUpdater (StateMachineUpdater.java:lambda$new$0(89)) - 18d1b3e1-cb4e-4e34-82f6-cc3a7f954247@group-AAC7C0471365-StateMachineUpdater: snapshotIndex: updateIncreasingly -1 -> 9
2021-04-29 10:58:01,899 [18d1b3e1-cb4e-4e34-82f6-cc3a7f954247@group-AAC7C0471365-StateMachineUpdater] INFO  metrics.RatisMetrics (RatisMetrics.java:unregister(43)) - Unregistering Metrics Registry : ratis.state_machine.18d1b3e1-cb4e-4e34-82f6-cc3a7f954247@group-AAC7C0471365
2021-04-29 10:58:01,900 [ForkJoinPool.commonPool-worker-0] INFO  server.RaftServer$Division (ServerState.java:close(405)) - 18d1b3e1-cb4e-4e34-82f6-cc3a7f954247@group-AAC7C0471365: closes. applyIndex: 9
2021-04-29 10:58:01,900 [18d1b3e1-cb4e-4e34-82f6-cc3a7f954247@group-AAC7C0471365-SegmentedRaftLogWorker] INFO  segmented.SegmentedRaftLogWorker (SegmentedRaftLogWorker.java:run(327)) - 18d1b3e1-cb4e-4e34-82f6-cc3a7f954247@group-AAC7C0471365-SegmentedRaftLogWorker was interrupted, exiting. There are 0 tasks remaining in the queue.
2021-04-29 10:58:01,900 [ForkJoinPool.commonPool-worker-0] INFO  segmented.SegmentedRaftLogWorker (SegmentedRaftLogWorker.java:close(237)) - 18d1b3e1-cb4e-4e34-82f6-cc3a7f954247@group-AAC7C0471365-SegmentedRaftLogWorker close()
2021-04-29 10:58:01,901 [ForkJoinPool.commonPool-worker-0] INFO  metrics.RatisMetrics (RatisMetrics.java:unregister(43)) - Unregistering Metrics Registry : ratis.log_worker.18d1b3e1-cb4e-4e34-82f6-cc3a7f954247@group-AAC7C0471365
2021-04-29 10:58:01,901 [ForkJoinPool.commonPool-worker-0] INFO  metrics.RatisMetrics (RatisMetrics.java:unregister(43)) - Unregistering Metrics Registry : ratis.leader_election.18d1b3e1-cb4e-4e34-82f6-cc3a7f954247@group-AAC7C0471365
2021-04-29 10:58:01,901 [ForkJoinPool.commonPool-worker-0] INFO  metrics.RatisMetrics (RatisMetrics.java:unregister(43)) - Unregistering Metrics Registry : ratis.server.18d1b3e1-cb4e-4e34-82f6-cc3a7f954247@group-AAC7C0471365
2021-04-29 10:58:01,901 [ForkJoinPool.commonPool-worker-0] INFO  server.GrpcService (GrpcService.java:closeImpl(262)) - 18d1b3e1-cb4e-4e34-82f6-cc3a7f954247: shutdown server with port 46575 now
2021-04-29 10:58:01,901 [Listener at 127.0.0.1/42781] INFO  segmented.SegmentedRaftLogWorker (SegmentedRaftLogWorker.java:close(237)) - 2ece3016-29da-4712-9e61-42b563feafe4@group-1D607C43D7C7-SegmentedRaftLogWorker close()
2021-04-29 10:58:01,902 [Listener at 127.0.0.1/42781] INFO  metrics.RatisMetrics (RatisMetrics.java:unregister(43)) - Unregistering Metrics Registry : ratis.log_worker.2ece3016-29da-4712-9e61-42b563feafe4@group-1D607C43D7C7
2021-04-29 10:58:01,902 [Listener at 127.0.0.1/42781] INFO  metrics.RatisMetrics (RatisMetrics.java:unregister(43)) - Unregistering Metrics Registry : ratis.leader_election.2ece3016-29da-4712-9e61-42b563feafe4@group-1D607C43D7C7
2021-04-29 10:58:01,903 [Listener at 127.0.0.1/42781] INFO  metrics.RatisMetrics (RatisMetrics.java:unregister(43)) - Unregistering Metrics Registry : ratis.server.2ece3016-29da-4712-9e61-42b563feafe4@group-1D607C43D7C7
2021-04-29 10:58:01,903 [Listener at 127.0.0.1/42781] INFO  server.GrpcService (GrpcService.java:closeImpl(262)) - 2ece3016-29da-4712-9e61-42b563feafe4: shutdown server with port 37483 now
2021-04-29 10:58:01,908 [ForkJoinPool.commonPool-worker-0] INFO  server.GrpcService (GrpcService.java:closeImpl(271)) - 18d1b3e1-cb4e-4e34-82f6-cc3a7f954247: shutdown server with port 46575 successfully
2021-04-29 10:58:01,908 [org.apache.ratis.util.JvmPauseMonitor$$Lambda$504/1672688893@7fa8b37b] INFO  util.JvmPauseMonitor (JvmPauseMonitor.java:run(109)) - JvmPauseMonitor-18d1b3e1-cb4e-4e34-82f6-cc3a7f954247: Stopped
2021-04-29 10:58:01,910 [ForkJoinPool.commonPool-worker-0] INFO  utils.BackgroundService (BackgroundService.java:shutdown(132)) - Shutting down service BlockDeletingService
2021-04-29 10:58:01,910 [grpc-default-executor-2] WARN  server.GrpcServerProtocolService (LogUtils.java:warn(122)) - 2ece3016-29da-4712-9e61-42b563feafe4: installSnapshot onError, lastRequest: 51593562-bf48-4e12-b0f7-435460a60e26->2ece3016-29da-4712-9e61-42b563feafe4#6-t6,previous=(t:6, i:1),leaderCommit=1,initializing? true,entries: size=1, first=(t:6, i:2), METADATAENTRY(c:1): org.apache.ratis.thirdparty.io.grpc.StatusRuntimeException: CANCELLED: client cancelled
2021-04-29 10:58:01,912 [ForkJoinPool.commonPool-worker-0] INFO  statemachine.DatanodeStateMachine (DatanodeStateMachine.java:stopDaemon(469)) - Ozone container server stopped.
2021-04-29 10:58:01,913 [grpc-default-executor-2] WARN  server.GrpcLogAppender (LogUtils.java:warn(122)) - 51593562-bf48-4e12-b0f7-435460a60e26@group-5F9640C5EC9E->2ece3016-29da-4712-9e61-42b563feafe4-AppendLogResponseHandler: Failed appendEntries: org.apache.ratis.thirdparty.io.grpc.StatusRuntimeException: CANCELLED: HTTP/2 error code: CANCEL
Received Rst Stream
2021-04-29 10:58:01,914 [grpc-default-executor-2] INFO  leader.FollowerInfo (FollowerInfoImpl.java:lambda$new$0(46)) - 51593562-bf48-4e12-b0f7-435460a60e26@group-5F9640C5EC9E->2ece3016-29da-4712-9e61-42b563feafe4: nextIndex: updateUnconditionally 3 -> 2
2021-04-29 10:58:01,922 [grpc-default-executor-4] WARN  server.GrpcLogAppender (LogUtils.java:warn(122)) - 51593562-bf48-4e12-b0f7-435460a60e26@group-5F9640C5EC9E->2ece3016-29da-4712-9e61-42b563feafe4-AppendLogResponseHandler: Failed appendEntries: org.apache.ratis.thirdparty.io.grpc.StatusRuntimeException: UNAVAILABLE: io exception
2021-04-29 10:58:01,922 [Listener at 127.0.0.1/42781] INFO  server.GrpcService (GrpcService.java:closeImpl(271)) - 2ece3016-29da-4712-9e61-42b563feafe4: shutdown server with port 37483 successfully
2021-04-29 10:58:01,923 [org.apache.ratis.util.JvmPauseMonitor$$Lambda$504/1672688893@4f95b8ad] INFO  util.JvmPauseMonitor (JvmPauseMonitor.java:run(109)) - JvmPauseMonitor-2ece3016-29da-4712-9e61-42b563feafe4: Stopped
2021-04-29 10:58:01,923 [grpc-default-executor-4] INFO  leader.FollowerInfo (FollowerInfoImpl.java:lambda$new$0(46)) - 51593562-bf48-4e12-b0f7-435460a60e26@group-5F9640C5EC9E->2ece3016-29da-4712-9e61-42b563feafe4: nextIndex: updateUnconditionally 3 -> 2
2021-04-29 10:58:01,924 [Listener at 127.0.0.1/42781] INFO  utils.BackgroundService (BackgroundService.java:shutdown(132)) - Shutting down service BlockDeletingService
2021-04-29 10:58:01,926 [Listener at 127.0.0.1/42781] INFO  statemachine.DatanodeStateMachine (DatanodeStateMachine.java:stopDaemon(469)) - Ozone container server stopped.
2021-04-29 10:58:01,937 [Listener at 127.0.0.1/42781] INFO  handler.ContextHandler (ContextHandler.java:doStop(1154)) - Stopped o.e.j.w.WebAppContext@294c1b45{hddsDatanode,/,null,STOPPED}{jar:file:/home/user/.m2/repository/org/apache/hadoop/hadoop-hdds-container-service/1.2.0-SNAPSHOT/hadoop-hdds-container-service-1.2.0-SNAPSHOT.jar!/webapps/hddsDatanode}
2021-04-29 10:58:01,938 [ForkJoinPool.commonPool-worker-0] INFO  handler.ContextHandler (ContextHandler.java:doStop(1154)) - Stopped o.e.j.w.WebAppContext@7c4a44bb{hddsDatanode,/,null,STOPPED}{jar:file:/home/user/.m2/repository/org/apache/hadoop/hadoop-hdds-container-service/1.2.0-SNAPSHOT/hadoop-hdds-container-service-1.2.0-SNAPSHOT.jar!/webapps/hddsDatanode}
2021-04-29 10:58:01,938 [Listener at 127.0.0.1/42781] INFO  server.AbstractConnector (AbstractConnector.java:doStop(381)) - Stopped ServerConnector@1b94df68{HTTP/1.1, (http/1.1)}{0.0.0.0:0}
2021-04-29 10:58:01,938 [Listener at 127.0.0.1/42781] INFO  server.session (HouseKeeper.java:stopScavenging(149)) - node0 Stopped scavenging
2021-04-29 10:58:01,938 [ForkJoinPool.commonPool-worker-0] INFO  server.AbstractConnector (AbstractConnector.java:doStop(381)) - Stopped ServerConnector@46b2e0e4{HTTP/1.1, (http/1.1)}{0.0.0.0:0}
2021-04-29 10:58:01,939 [ForkJoinPool.commonPool-worker-0] INFO  server.session (HouseKeeper.java:stopScavenging(149)) - node0 Stopped scavenging
2021-04-29 10:58:01,939 [Listener at 127.0.0.1/42781] INFO  handler.ContextHandler (ContextHandler.java:doStop(1154)) - Stopped o.e.j.s.ServletContextHandler@76e5278a{static,/static,jar:file:/home/user/.m2/repository/org/apache/hadoop/hadoop-hdds-container-service/1.2.0-SNAPSHOT/hadoop-hdds-container-service-1.2.0-SNAPSHOT.jar!/webapps/static,STOPPED}
2021-04-29 10:58:01,942 [ForkJoinPool.commonPool-worker-0] INFO  handler.ContextHandler (ContextHandler.java:doStop(1154)) - Stopped o.e.j.s.ServletContextHandler@2627da4c{static,/static,jar:file:/home/user/.m2/repository/org/apache/hadoop/hadoop-hdds-container-service/1.2.0-SNAPSHOT/hadoop-hdds-container-service-1.2.0-SNAPSHOT.jar!/webapps/static,STOPPED}
2021-04-29 10:58:01,943 [ForkJoinPool.commonPool-worker-0] INFO  handler.ContextHandler (ContextHandler.java:doStop(1154)) - Stopped o.e.j.s.ServletContextHandler@4796ae58{logs,/logs,file:///github/workspace/mnt/ozone/hadoop-ozone/integration-test/target/log,STOPPED}
2021-04-29 10:58:01,943 [Listener at 127.0.0.1/42781] INFO  handler.ContextHandler (ContextHandler.java:doStop(1154)) - Stopped o.e.j.s.ServletContextHandler@7fc8930f{logs,/logs,file:///github/workspace/mnt/ozone/hadoop-ozone/integration-test/target/log,STOPPED}
2021-04-29 10:58:02,435 [Datanode State Machine Thread - 0] INFO  statemachine.DatanodeStateMachine (DatanodeStateMachine.java:lambda$startDaemon$0(411)) - Ozone container server started.
2021-04-29 10:58:02,597 [Datanode State Machine Thread - 0] INFO  statemachine.DatanodeStateMachine (DatanodeStateMachine.java:lambda$startDaemon$0(411)) - Ozone container server started.
2021-04-29 10:58:04,419 [grpc-default-executor-4] WARN  server.GrpcLogAppender (LogUtils.java:warn(122)) - 51593562-bf48-4e12-b0f7-435460a60e26@group-5F9640C5EC9E->2ece3016-29da-4712-9e61-42b563feafe4-AppendLogResponseHandler: Failed appendEntries: org.apache.ratis.thirdparty.io.grpc.StatusRuntimeException: UNAVAILABLE: io exception
2021-04-29 10:58:04,420 [grpc-default-executor-4] INFO  leader.FollowerInfo (FollowerInfoImpl.java:lambda$new$0(46)) - 51593562-bf48-4e12-b0f7-435460a60e26@group-5F9640C5EC9E->2ece3016-29da-4712-9e61-42b563feafe4: nextIndex: updateUnconditionally 3 -> 2
2021-04-29 10:58:06,920 [grpc-default-executor-4] WARN  server.GrpcLogAppender (LogUtils.java:warn(122)) - 51593562-bf48-4e12-b0f7-435460a60e26@group-5F9640C5EC9E->2ece3016-29da-4712-9e61-42b563feafe4-AppendLogResponseHandler: Failed appendEntries: org.apache.ratis.thirdparty.io.grpc.StatusRuntimeException: UNAVAILABLE: io exception
2021-04-29 10:58:06,921 [grpc-default-executor-4] INFO  leader.FollowerInfo (FollowerInfoImpl.java:lambda$new$0(46)) - 51593562-bf48-4e12-b0f7-435460a60e26@group-5F9640C5EC9E->2ece3016-29da-4712-9e61-42b563feafe4: nextIndex: updateUnconditionally 3 -> 2
2021-04-29 10:58:06,946 [ForkJoinPool.commonPool-worker-0] INFO  ozoneimpl.OzoneContainer (OzoneContainer.java:stop(313)) - Attempting to stop container services.
2021-04-29 10:58:06,947 [ForkJoinPool.commonPool-worker-0] INFO  server.RaftServer (RaftServerProxy.java:lambda$close$6(391)) - e351f40b-7d1e-4f0b-9ad9-d74fe5b38461: close
2021-04-29 10:58:06,947 [ForkJoinPool.commonPool-worker-0] INFO  server.RaftServer$Division (RaftServerImpl.java:lambda$close$4(406)) - e351f40b-7d1e-4f0b-9ad9-d74fe5b38461@group-F77B779747D8: shutdown
2021-04-29 10:58:06,948 [ForkJoinPool.commonPool-worker-0] INFO  util.JmxRegister (JmxRegister.java:unregister(73)) - Successfully un-registered JMX Bean with object name Ratis:service=RaftServer,group=group-F77B779747D8,id=e351f40b-7d1e-4f0b-9ad9-d74fe5b38461
2021-04-29 10:58:06,948 [ForkJoinPool.commonPool-worker-0] INFO  impl.RoleInfo (RoleInfo.java:shutdownLeaderState(91)) - e351f40b-7d1e-4f0b-9ad9-d74fe5b38461: shutdown e351f40b-7d1e-4f0b-9ad9-d74fe5b38461@group-F77B779747D8-LeaderStateImpl
2021-04-29 10:58:06,948 [ForkJoinPool.commonPool-worker-0] INFO  impl.PendingRequests (PendingRequests.java:sendNotLeaderResponses(249)) - e351f40b-7d1e-4f0b-9ad9-d74fe5b38461@group-F77B779747D8-PendingRequests: sendNotLeaderResponses
2021-04-29 10:58:06,948 [ForkJoinPool.commonPool-worker-0] INFO  metrics.RatisMetrics (RatisMetrics.java:unregister(43)) - Unregistering Metrics Registry : ratis.log_appender.e351f40b-7d1e-4f0b-9ad9-d74fe5b38461@group-F77B779747D8
2021-04-29 10:58:06,948 [ForkJoinPool.commonPool-worker-0] INFO  metrics.RatisMetrics (RatisMetrics.java:unregister(43)) - Unregistering Metrics Registry : ratis.server.e351f40b-7d1e-4f0b-9ad9-d74fe5b38461@group-F77B779747D8
2021-04-29 10:58:06,949 [ForkJoinPool.commonPool-worker-0] INFO  impl.StateMachineUpdater (StateMachineUpdater.java:stopAndJoin(149)) - e351f40b-7d1e-4f0b-9ad9-d74fe5b38461@group-F77B779747D8-StateMachineUpdater: set stopIndex = 0
2021-04-29 10:58:06,949 [e351f40b-7d1e-4f0b-9ad9-d74fe5b38461@group-F77B779747D8-StateMachineUpdater] INFO  ratis.ContainerStateMachine (ContainerStateMachine.java:takeSnapshot(292)) - group-F77B779747D8: Taking a snapshot at:(t:1, i:0) file /github/workspace/mnt/ozone/hadoop-ozone/integration-test/target/test-dir/MiniOzoneClusterImpl-2726c7ec-cf5f-4d18-8e0d-a0ed93d2ecae/datanode-1/data/ratis/e7bc8147-8fb0-4de6-9c1a-f77b779747d8/sm/snapshot.1_0
2021-04-29 10:58:06,949 [Listener at 127.0.0.1/42781] INFO  ozoneimpl.OzoneContainer (OzoneContainer.java:stop(313)) - Attempting to stop container services.
2021-04-29 10:58:06,950 [Listener at 127.0.0.1/42781] INFO  server.RaftServer (RaftServerProxy.java:lambda$close$6(391)) - 51593562-bf48-4e12-b0f7-435460a60e26: close
2021-04-29 10:58:06,950 [Listener at 127.0.0.1/42781] INFO  server.RaftServer$Division (RaftServerImpl.java:lambda$close$4(406)) - 51593562-bf48-4e12-b0f7-435460a60e26@group-5F9640C5EC9E: shutdown
2021-04-29 10:58:06,951 [Listener at 127.0.0.1/42781] INFO  util.JmxRegister (JmxRegister.java:unregister(73)) - Successfully un-registered JMX Bean with object name Ratis:service=RaftServer,group=group-5F9640C5EC9E,id=51593562-bf48-4e12-b0f7-435460a60e26
2021-04-29 10:58:06,951 [Listener at 127.0.0.1/42781] INFO  impl.RoleInfo (RoleInfo.java:shutdownLeaderState(91)) - 51593562-bf48-4e12-b0f7-435460a60e26: shutdown 51593562-bf48-4e12-b0f7-435460a60e26@group-5F9640C5EC9E-LeaderStateImpl
2021-04-29 10:58:06,951 [Listener at 127.0.0.1/42781] INFO  metrics.RatisMetrics (RatisMetrics.java:unregister(43)) - Unregistering Metrics Registry : ratis_grpc.log_appender.51593562-bf48-4e12-b0f7-435460a60e26@group-5F9640C5EC9E
2021-04-29 10:58:06,951 [Listener at 127.0.0.1/42781] INFO  metrics.RatisMetrics (RatisMetrics.java:unregister(43)) - Unregistering Metrics Registry : ratis_grpc.log_appender.51593562-bf48-4e12-b0f7-435460a60e26@group-5F9640C5EC9E
2021-04-29 10:58:06,952 [51593562-bf48-4e12-b0f7-435460a60e26@group-5F9640C5EC9E->f2874c6a-efe9-4f48-8c15-64eb2698a6fe-GrpcLogAppender-LogAppenderDaemon] WARN  server.GrpcLogAppender (GrpcLogAppender.java:mayWait(175)) - 51593562-bf48-4e12-b0f7-435460a60e26@group-5F9640C5EC9E->f2874c6a-efe9-4f48-8c15-64eb2698a6fe-GrpcLogAppender: Wait interrupted by java.lang.InterruptedException
2021-04-29 10:58:06,950 [e351f40b-7d1e-4f0b-9ad9-d74fe5b38461@group-F77B779747D8-StateMachineUpdater] INFO  ratis.ContainerStateMachine (ContainerStateMachine.java:takeSnapshot(303)) - group-F77B779747D8: Finished taking a snapshot at:(t:1, i:0) file:/github/workspace/mnt/ozone/hadoop-ozone/integration-test/target/test-dir/MiniOzoneClusterImpl-2726c7ec-cf5f-4d18-8e0d-a0ed93d2ecae/datanode-1/data/ratis/e7bc8147-8fb0-4de6-9c1a-f77b779747d8/sm/snapshot.1_0 took: 1 ms
2021-04-29 10:58:06,952 [e351f40b-7d1e-4f0b-9ad9-d74fe5b38461@group-F77B779747D8-StateMachineUpdater] INFO  impl.StateMachineUpdater (StateMachineUpdater.java:takeSnapshot(281)) - e351f40b-7d1e-4f0b-9ad9-d74fe5b38461@group-F77B779747D8-StateMachineUpdater: Took a snapshot at index 0
2021-04-29 10:58:06,952 [e351f40b-7d1e-4f0b-9ad9-d74fe5b38461@group-F77B779747D8-StateMachineUpdater] INFO  impl.StateMachineUpdater (StateMachineUpdater.java:lambda$new$0(89)) - e351f40b-7d1e-4f0b-9ad9-d74fe5b38461@group-F77B779747D8-StateMachineUpdater: snapshotIndex: updateIncreasingly -1 -> 0
2021-04-29 10:58:06,952 [e351f40b-7d1e-4f0b-9ad9-d74fe5b38461@group-F77B779747D8-StateMachineUpdater] INFO  metrics.RatisMetrics (RatisMetrics.java:unregister(43)) - Unregistering Metrics Registry : ratis.state_machine.e351f40b-7d1e-4f0b-9ad9-d74fe5b38461@group-F77B779747D8
2021-04-29 10:58:06,952 [Listener at 127.0.0.1/42781] INFO  impl.PendingRequests (PendingRequests.java:sendNotLeaderResponses(249)) - 51593562-bf48-4e12-b0f7-435460a60e26@group-5F9640C5EC9E-PendingRequests: sendNotLeaderResponses
2021-04-29 10:58:06,954 [ForkJoinPool.commonPool-worker-0] INFO  server.RaftServer$Division (ServerState.java:close(405)) - e351f40b-7d1e-4f0b-9ad9-d74fe5b38461@group-F77B779747D8: closes. applyIndex: 0
2021-04-29 10:58:06,955 [e351f40b-7d1e-4f0b-9ad9-d74fe5b38461@group-F77B779747D8-SegmentedRaftLogWorker] INFO  segmented.SegmentedRaftLogWorker (SegmentedRaftLogWorker.java:run(327)) - e351f40b-7d1e-4f0b-9ad9-d74fe5b38461@group-F77B779747D8-SegmentedRaftLogWorker was interrupted, exiting. There are 0 tasks remaining in the queue.
2021-04-29 10:58:06,955 [ForkJoinPool.commonPool-worker-0] INFO  segmented.SegmentedRaftLogWorker (SegmentedRaftLogWorker.java:close(237)) - e351f40b-7d1e-4f0b-9ad9-d74fe5b38461@group-F77B779747D8-SegmentedRaftLogWorker close()
2021-04-29 10:58:06,956 [ForkJoinPool.commonPool-worker-0] INFO  metrics.RatisMetrics (RatisMetrics.java:unregister(43)) - Unregistering Metrics Registry : ratis.log_worker.e351f40b-7d1e-4f0b-9ad9-d74fe5b38461@group-F77B779747D8
2021-04-29 10:58:06,956 [ForkJoinPool.commonPool-worker-0] INFO  metrics.RatisMetrics (RatisMetrics.java:unregister(43)) - Unregistering Metrics Registry : ratis.leader_election.e351f40b-7d1e-4f0b-9ad9-d74fe5b38461@group-F77B779747D8
2021-04-29 10:58:06,956 [ForkJoinPool.commonPool-worker-0] INFO  metrics.RatisMetrics (RatisMetrics.java:unregister(43)) - Unregistering Metrics Registry : ratis.server.e351f40b-7d1e-4f0b-9ad9-d74fe5b38461@group-F77B779747D8
2021-04-29 10:58:06,956 [ForkJoinPool.commonPool-worker-0] INFO  server.RaftServer$Division (RaftServerImpl.java:lambda$close$4(406)) - e351f40b-7d1e-4f0b-9ad9-d74fe5b38461@group-AAC7C0471365: shutdown
2021-04-29 10:58:06,951 [51593562-bf48-4e12-b0f7-435460a60e26@group-5F9640C5EC9E->2ece3016-29da-4712-9e61-42b563feafe4-GrpcLogAppender-LogAppenderDaemon] WARN  server.GrpcLogAppender (GrpcLogAppender.java:mayWait(175)) - 51593562-bf48-4e12-b0f7-435460a60e26@group-5F9640C5EC9E->2ece3016-29da-4712-9e61-42b563feafe4-GrpcLogAppender: Wait interrupted by java.lang.InterruptedException
2021-04-29 10:58:06,956 [ForkJoinPool.commonPool-worker-0] INFO  util.JmxRegister (JmxRegister.java:unregister(73)) - Successfully un-registered JMX Bean with object name Ratis:service=RaftServer,group=group-AAC7C0471365,id=e351f40b-7d1e-4f0b-9ad9-d74fe5b38461
2021-04-29 10:58:06,957 [ForkJoinPool.commonPool-worker-0] INFO  impl.RoleInfo (RoleInfo.java:shutdownFollowerState(108)) - e351f40b-7d1e-4f0b-9ad9-d74fe5b38461: shutdown e351f40b-7d1e-4f0b-9ad9-d74fe5b38461@group-AAC7C0471365-FollowerState
2021-04-29 10:58:06,953 [grpc-default-executor-4] INFO  server.GrpcServerProtocolService (GrpcServerProtocolService.java:onCompleted(140)) - f2874c6a-efe9-4f48-8c15-64eb2698a6fe: Completed APPEND_ENTRIES, lastRequest: 51593562-bf48-4e12-b0f7-435460a60e26->f2874c6a-efe9-4f48-8c15-64eb2698a6fe#3-t6,previous=(t:6, i:1),leaderCommit=1,initializing? true,entries: size=1, first=(t:6, i:2), METADATAENTRY(c:1)
2021-04-29 10:58:06,958 [e351f40b-7d1e-4f0b-9ad9-d74fe5b38461@group-AAC7C0471365-FollowerState] INFO  impl.FollowerState (FollowerState.java:run(143)) - e351f40b-7d1e-4f0b-9ad9-d74fe5b38461@group-AAC7C0471365-FollowerState was interrupted: {}
java.lang.InterruptedException: sleep interrupted
	at java.lang.Thread.sleep(Native Method)
	at java.lang.Thread.sleep(Thread.java:340)
	at java.util.concurrent.TimeUnit.sleep(TimeUnit.java:386)
	at org.apache.ratis.util.TimeDuration.sleep(TimeDuration.java:324)
	at org.apache.ratis.util.TimeDuration.sleep(TimeDuration.java:309)
	at org.apache.ratis.server.impl.FollowerState.run(FollowerState.java:118)
2021-04-29 10:58:06,958 [e351f40b-7d1e-4f0b-9ad9-d74fe5b38461@group-AAC7C0471365-StateMachineUpdater] INFO  ratis.ContainerStateMachine (ContainerStateMachine.java:takeSnapshot(292)) - group-AAC7C0471365: Taking a snapshot at:(t:4, i:9) file /github/workspace/mnt/ozone/hadoop-ozone/integration-test/target/test-dir/MiniOzoneClusterImpl-2726c7ec-cf5f-4d18-8e0d-a0ed93d2ecae/datanode-1/data/ratis/d41d1735-2b4e-48ce-b160-aac7c0471365/sm/snapshot.4_9
2021-04-29 10:58:06,959 [grpc-default-executor-2] INFO  server.GrpcLogAppender (GrpcLogAppender.java:onCompleted(344)) - 51593562-bf48-4e12-b0f7-435460a60e26@group-5F9640C5EC9E->f2874c6a-efe9-4f48-8c15-64eb2698a6fe-AppendLogResponseHandler: follower responses appendEntries COMPLETED
2021-04-29 10:58:06,958 [ForkJoinPool.commonPool-worker-0] INFO  impl.StateMachineUpdater (StateMachineUpdater.java:stopAndJoin(149)) - e351f40b-7d1e-4f0b-9ad9-d74fe5b38461@group-AAC7C0471365-StateMachineUpdater: set stopIndex = 9
2021-04-29 10:58:06,959 [grpc-default-executor-2] INFO  leader.FollowerInfo (FollowerInfoImpl.java:lambda$new$0(46)) - 51593562-bf48-4e12-b0f7-435460a60e26@group-5F9640C5EC9E->f2874c6a-efe9-4f48-8c15-64eb2698a6fe: nextIndex: updateUnconditionally 3 -> 2
2021-04-29 10:58:06,960 [e351f40b-7d1e-4f0b-9ad9-d74fe5b38461@group-AAC7C0471365-StateMachineUpdater] INFO  ratis.ContainerStateMachine (ContainerStateMachine.java:takeSnapshot(303)) - group-AAC7C0471365: Finished taking a snapshot at:(t:4, i:9) file:/github/workspace/mnt/ozone/hadoop-ozone/integration-test/target/test-dir/MiniOzoneClusterImpl-2726c7ec-cf5f-4d18-8e0d-a0ed93d2ecae/datanode-1/data/ratis/d41d1735-2b4e-48ce-b160-aac7c0471365/sm/snapshot.4_9 took: 1 ms
2021-04-29 10:58:06,960 [e351f40b-7d1e-4f0b-9ad9-d74fe5b38461@group-AAC7C0471365-StateMachineUpdater] INFO  impl.StateMachineUpdater (StateMachineUpdater.java:takeSnapshot(281)) - e351f40b-7d1e-4f0b-9ad9-d74fe5b38461@group-AAC7C0471365-StateMachineUpdater: Took a snapshot at index 9
2021-04-29 10:58:06,960 [e351f40b-7d1e-4f0b-9ad9-d74fe5b38461@group-AAC7C0471365-StateMachineUpdater] INFO  impl.StateMachineUpdater (StateMachineUpdater.java:lambda$new$0(89)) - e351f40b-7d1e-4f0b-9ad9-d74fe5b38461@group-AAC7C0471365-StateMachineUpdater: snapshotIndex: updateIncreasingly -1 -> 9
2021-04-29 10:58:06,960 [e351f40b-7d1e-4f0b-9ad9-d74fe5b38461@group-AAC7C0471365-StateMachineUpdater] INFO  metrics.RatisMetrics (RatisMetrics.java:unregister(43)) - Unregistering Metrics Registry : ratis.state_machine.e351f40b-7d1e-4f0b-9ad9-d74fe5b38461@group-AAC7C0471365
2021-04-29 10:58:06,961 [Listener at 127.0.0.1/42781] INFO  metrics.RatisMetrics (RatisMetrics.java:unregister(43)) - Unregistering Metrics Registry : ratis.log_appender.51593562-bf48-4e12-b0f7-435460a60e26@group-5F9640C5EC9E
2021-04-29 10:58:06,961 [Listener at 127.0.0.1/42781] INFO  metrics.RatisMetrics (RatisMetrics.java:unregister(43)) - Unregistering Metrics Registry : ratis.server.51593562-bf48-4e12-b0f7-435460a60e26@group-5F9640C5EC9E
2021-04-29 10:58:06,961 [Listener at 127.0.0.1/42781] INFO  impl.StateMachineUpdater (StateMachineUpdater.java:stopAndJoin(149)) - 51593562-bf48-4e12-b0f7-435460a60e26@group-5F9640C5EC9E-StateMachineUpdater: set stopIndex = 2
2021-04-29 10:58:06,962 [51593562-bf48-4e12-b0f7-435460a60e26@group-5F9640C5EC9E-StateMachineUpdater] INFO  ratis.ContainerStateMachine (ContainerStateMachine.java:takeSnapshot(292)) - group-5F9640C5EC9E: Taking a snapshot at:(t:6, i:2) file /github/workspace/mnt/ozone/hadoop-ozone/integration-test/target/test-dir/MiniOzoneClusterImpl-2726c7ec-cf5f-4d18-8e0d-a0ed93d2ecae/datanode-8/data/ratis/d965319d-9b1c-4f94-89c8-5f9640c5ec9e/sm/snapshot.6_2
2021-04-29 10:58:06,962 [ForkJoinPool.commonPool-worker-0] INFO  server.RaftServer$Division (ServerState.java:close(405)) - e351f40b-7d1e-4f0b-9ad9-d74fe5b38461@group-AAC7C0471365: closes. applyIndex: 9
2021-04-29 10:58:06,962 [e351f40b-7d1e-4f0b-9ad9-d74fe5b38461@group-AAC7C0471365-SegmentedRaftLogWorker] INFO  segmented.SegmentedRaftLogWorker (SegmentedRaftLogWorker.java:run(327)) - e351f40b-7d1e-4f0b-9ad9-d74fe5b38461@group-AAC7C0471365-SegmentedRaftLogWorker was interrupted, exiting. There are 0 tasks remaining in the queue.
2021-04-29 10:58:06,962 [ForkJoinPool.commonPool-worker-0] INFO  segmented.SegmentedRaftLogWorker (SegmentedRaftLogWorker.java:close(237)) - e351f40b-7d1e-4f0b-9ad9-d74fe5b38461@group-AAC7C0471365-SegmentedRaftLogWorker close()
2021-04-29 10:58:06,962 [51593562-bf48-4e12-b0f7-435460a60e26@group-5F9640C5EC9E-StateMachineUpdater] INFO  ratis.ContainerStateMachine (ContainerStateMachine.java:takeSnapshot(303)) - group-5F9640C5EC9E: Finished taking a snapshot at:(t:6, i:2) file:/github/workspace/mnt/ozone/hadoop-ozone/integration-test/target/test-dir/MiniOzoneClusterImpl-2726c7ec-cf5f-4d18-8e0d-a0ed93d2ecae/datanode-8/data/ratis/d965319d-9b1c-4f94-89c8-5f9640c5ec9e/sm/snapshot.6_2 took: 1 ms
2021-04-29 10:58:06,963 [51593562-bf48-4e12-b0f7-435460a60e26@group-5F9640C5EC9E-StateMachineUpdater] INFO  impl.StateMachineUpdater (StateMachineUpdater.java:takeSnapshot(281)) - 51593562-bf48-4e12-b0f7-435460a60e26@group-5F9640C5EC9E-StateMachineUpdater: Took a snapshot at index 2
2021-04-29 10:58:06,963 [51593562-bf48-4e12-b0f7-435460a60e26@group-5F9640C5EC9E-StateMachineUpdater] INFO  impl.StateMachineUpdater (StateMachineUpdater.java:lambda$new$0(89)) - 51593562-bf48-4e12-b0f7-435460a60e26@group-5F9640C5EC9E-StateMachineUpdater: snapshotIndex: updateIncreasingly -1 -> 2
2021-04-29 10:58:06,963 [51593562-bf48-4e12-b0f7-435460a60e26@group-5F9640C5EC9E-StateMachineUpdater] INFO  metrics.RatisMetrics (RatisMetrics.java:unregister(43)) - Unregistering Metrics Registry : ratis.state_machine.51593562-bf48-4e12-b0f7-435460a60e26@group-5F9640C5EC9E
2021-04-29 10:58:06,964 [Listener at 127.0.0.1/42781] INFO  server.RaftServer$Division (ServerState.java:close(405)) - 51593562-bf48-4e12-b0f7-435460a60e26@group-5F9640C5EC9E: closes. applyIndex: 2
2021-04-29 10:58:06,964 [ForkJoinPool.commonPool-worker-0] INFO  metrics.RatisMetrics (RatisMetrics.java:unregister(43)) - Unregistering Metrics Registry : ratis.log_worker.e351f40b-7d1e-4f0b-9ad9-d74fe5b38461@group-AAC7C0471365
2021-04-29 10:58:06,964 [51593562-bf48-4e12-b0f7-435460a60e26@group-5F9640C5EC9E-SegmentedRaftLogWorker] INFO  segmented.SegmentedRaftLogWorker (SegmentedRaftLogWorker.java:run(327)) - 51593562-bf48-4e12-b0f7-435460a60e26@group-5F9640C5EC9E-SegmentedRaftLogWorker was interrupted, exiting. There are 0 tasks remaining in the queue.
2021-04-29 10:58:06,964 [ForkJoinPool.commonPool-worker-0] INFO  metrics.RatisMetrics (RatisMetrics.java:unregister(43)) - Unregistering Metrics Registry : ratis.leader_election.e351f40b-7d1e-4f0b-9ad9-d74fe5b38461@group-AAC7C0471365
2021-04-29 10:58:06,964 [ForkJoinPool.commonPool-worker-0] INFO  metrics.RatisMetrics (RatisMetrics.java:unregister(43)) - Unregistering Metrics Registry : ratis.server.e351f40b-7d1e-4f0b-9ad9-d74fe5b38461@group-AAC7C0471365
2021-04-29 10:58:06,965 [ForkJoinPool.commonPool-worker-0] INFO  server.GrpcService (GrpcService.java:closeImpl(262)) - e351f40b-7d1e-4f0b-9ad9-d74fe5b38461: shutdown server with port 46021 now
2021-04-29 10:58:06,965 [Listener at 127.0.0.1/42781] INFO  segmented.SegmentedRaftLogWorker (SegmentedRaftLogWorker.java:close(237)) - 51593562-bf48-4e12-b0f7-435460a60e26@group-5F9640C5EC9E-SegmentedRaftLogWorker close()
2021-04-29 10:58:06,965 [Listener at 127.0.0.1/42781] INFO  metrics.RatisMetrics (RatisMetrics.java:unregister(43)) - Unregistering Metrics Registry : ratis.log_worker.51593562-bf48-4e12-b0f7-435460a60e26@group-5F9640C5EC9E
2021-04-29 10:58:06,966 [Listener at 127.0.0.1/42781] INFO  metrics.RatisMetrics (RatisMetrics.java:unregister(43)) - Unregistering Metrics Registry : ratis.leader_election.51593562-bf48-4e12-b0f7-435460a60e26@group-5F9640C5EC9E
2021-04-29 10:58:06,966 [Listener at 127.0.0.1/42781] INFO  metrics.RatisMetrics (RatisMetrics.java:unregister(43)) - Unregistering Metrics Registry : ratis.server.51593562-bf48-4e12-b0f7-435460a60e26@group-5F9640C5EC9E
2021-04-29 10:58:06,966 [Listener at 127.0.0.1/42781] INFO  server.RaftServer$Division (RaftServerImpl.java:lambda$close$4(406)) - 51593562-bf48-4e12-b0f7-435460a60e26@group-9AF61B126474: shutdown
2021-04-29 10:58:06,966 [Listener at 127.0.0.1/42781] INFO  util.JmxRegister (JmxRegister.java:unregister(73)) - Successfully un-registered JMX Bean with object name Ratis:service=RaftServer,group=group-9AF61B126474,id=51593562-bf48-4e12-b0f7-435460a60e26
2021-04-29 10:58:06,966 [Listener at 127.0.0.1/42781] INFO  impl.RoleInfo (RoleInfo.java:shutdownLeaderState(91)) - 51593562-bf48-4e12-b0f7-435460a60e26: shutdown 51593562-bf48-4e12-b0f7-435460a60e26@group-9AF61B126474-LeaderStateImpl
2021-04-29 10:58:06,967 [Listener at 127.0.0.1/42781] INFO  impl.PendingRequests (PendingRequests.java:sendNotLeaderResponses(249)) - 51593562-bf48-4e12-b0f7-435460a60e26@group-9AF61B126474-PendingRequests: sendNotLeaderResponses
2021-04-29 10:58:06,967 [Listener at 127.0.0.1/42781] INFO  metrics.RatisMetrics (RatisMetrics.java:unregister(43)) - Unregistering Metrics Registry : ratis.log_appender.51593562-bf48-4e12-b0f7-435460a60e26@group-9AF61B126474
2021-04-29 10:58:06,967 [Listener at 127.0.0.1/42781] INFO  metrics.RatisMetrics (RatisMetrics.java:unregister(43)) - Unregistering Metrics Registry : ratis.server.51593562-bf48-4e12-b0f7-435460a60e26@group-9AF61B126474
2021-04-29 10:58:06,968 [ForkJoinPool.commonPool-worker-0] INFO  server.GrpcService (GrpcService.java:closeImpl(271)) - e351f40b-7d1e-4f0b-9ad9-d74fe5b38461: shutdown server with port 46021 successfully
2021-04-29 10:58:06,968 [org.apache.ratis.util.JvmPauseMonitor$$Lambda$504/1672688893@108c3ddb] INFO  util.JvmPauseMonitor (JvmPauseMonitor.java:run(109)) - JvmPauseMonitor-e351f40b-7d1e-4f0b-9ad9-d74fe5b38461: Stopped
2021-04-29 10:58:06,974 [ForkJoinPool.commonPool-worker-0] INFO  utils.BackgroundService (BackgroundService.java:shutdown(132)) - Shutting down service BlockDeletingService
2021-04-29 10:58:06,976 [51593562-bf48-4e12-b0f7-435460a60e26@group-9AF61B126474-StateMachineUpdater] INFO  ratis.ContainerStateMachine (ContainerStateMachine.java:takeSnapshot(292)) - group-9AF61B126474: Taking a snapshot at:(t:1, i:0) file /github/workspace/mnt/ozone/hadoop-ozone/integration-test/target/test-dir/MiniOzoneClusterImpl-2726c7ec-cf5f-4d18-8e0d-a0ed93d2ecae/datanode-8/data/ratis/353dcd4d-7dd8-49ce-b20f-9af61b126474/sm/snapshot.1_0
2021-04-29 10:58:06,977 [Listener at 127.0.0.1/42781] INFO  impl.StateMachineUpdater (StateMachineUpdater.java:stopAndJoin(149)) - 51593562-bf48-4e12-b0f7-435460a60e26@group-9AF61B126474-StateMachineUpdater: set stopIndex = 0
2021-04-29 10:58:06,977 [51593562-bf48-4e12-b0f7-435460a60e26@group-9AF61B126474-StateMachineUpdater] INFO  ratis.ContainerStateMachine (ContainerStateMachine.java:takeSnapshot(303)) - group-9AF61B126474: Finished taking a snapshot at:(t:1, i:0) file:/github/workspace/mnt/ozone/hadoop-ozone/integration-test/target/test-dir/MiniOzoneClusterImpl-2726c7ec-cf5f-4d18-8e0d-a0ed93d2ecae/datanode-8/data/ratis/353dcd4d-7dd8-49ce-b20f-9af61b126474/sm/snapshot.1_0 took: 1 ms
2021-04-29 10:58:06,977 [51593562-bf48-4e12-b0f7-435460a60e26@group-9AF61B126474-StateMachineUpdater] INFO  impl.StateMachineUpdater (StateMachineUpdater.java:takeSnapshot(281)) - 51593562-bf48-4e12-b0f7-435460a60e26@group-9AF61B126474-StateMachineUpdater: Took a snapshot at index 0
2021-04-29 10:58:06,977 [51593562-bf48-4e12-b0f7-435460a60e26@group-9AF61B126474-StateMachineUpdater] INFO  impl.StateMachineUpdater (StateMachineUpdater.java:lambda$new$0(89)) - 51593562-bf48-4e12-b0f7-435460a60e26@group-9AF61B126474-StateMachineUpdater: snapshotIndex: updateIncreasingly -1 -> 0
2021-04-29 10:58:06,977 [51593562-bf48-4e12-b0f7-435460a60e26@group-9AF61B126474-StateMachineUpdater] INFO  metrics.RatisMetrics (RatisMetrics.java:unregister(43)) - Unregistering Metrics Registry : ratis.state_machine.51593562-bf48-4e12-b0f7-435460a60e26@group-9AF61B126474
2021-04-29 10:58:06,978 [Listener at 127.0.0.1/42781] INFO  server.RaftServer$Division (ServerState.java:close(405)) - 51593562-bf48-4e12-b0f7-435460a60e26@group-9AF61B126474: closes. applyIndex: 0
2021-04-29 10:58:06,978 [ForkJoinPool.commonPool-worker-0] INFO  statemachine.DatanodeStateMachine (DatanodeStateMachine.java:stopDaemon(469)) - Ozone container server stopped.
2021-04-29 10:58:06,978 [51593562-bf48-4e12-b0f7-435460a60e26@group-9AF61B126474-SegmentedRaftLogWorker] INFO  segmented.SegmentedRaftLogWorker (SegmentedRaftLogWorker.java:run(327)) - 51593562-bf48-4e12-b0f7-435460a60e26@group-9AF61B126474-SegmentedRaftLogWorker was interrupted, exiting. There are 0 tasks remaining in the queue.
2021-04-29 10:58:06,978 [Listener at 127.0.0.1/42781] INFO  segmented.SegmentedRaftLogWorker (SegmentedRaftLogWorker.java:close(237)) - 51593562-bf48-4e12-b0f7-435460a60e26@group-9AF61B126474-SegmentedRaftLogWorker close()
2021-04-29 10:58:06,980 [Listener at 127.0.0.1/42781] INFO  metrics.RatisMetrics (RatisMetrics.java:unregister(43)) - Unregistering Metrics Registry : ratis.log_worker.51593562-bf48-4e12-b0f7-435460a60e26@group-9AF61B126474
2021-04-29 10:58:06,980 [Listener at 127.0.0.1/42781] INFO  metrics.RatisMetrics (RatisMetrics.java:unregister(43)) - Unregistering Metrics Registry : ratis.leader_election.51593562-bf48-4e12-b0f7-435460a60e26@group-9AF61B126474
2021-04-29 10:58:06,980 [Listener at 127.0.0.1/42781] INFO  metrics.RatisMetrics (RatisMetrics.java:unregister(43)) - Unregistering Metrics Registry : ratis.server.51593562-bf48-4e12-b0f7-435460a60e26@group-9AF61B126474
2021-04-29 10:58:06,980 [Listener at 127.0.0.1/42781] INFO  server.GrpcService (GrpcService.java:closeImpl(262)) - 51593562-bf48-4e12-b0f7-435460a60e26: shutdown server with port 37879 now
2021-04-29 10:58:06,983 [Listener at 127.0.0.1/42781] INFO  server.GrpcService (GrpcService.java:closeImpl(271)) - 51593562-bf48-4e12-b0f7-435460a60e26: shutdown server with port 37879 successfully
2021-04-29 10:58:06,984 [org.apache.ratis.util.JvmPauseMonitor$$Lambda$504/1672688893@50c8a9c3] INFO  util.JvmPauseMonitor (JvmPauseMonitor.java:run(109)) - JvmPauseMonitor-51593562-bf48-4e12-b0f7-435460a60e26: Stopped
2021-04-29 10:58:06,985 [Listener at 127.0.0.1/42781] INFO  utils.BackgroundService (BackgroundService.java:shutdown(132)) - Shutting down service BlockDeletingService
2021-04-29 10:58:06,986 [Listener at 127.0.0.1/42781] INFO  statemachine.DatanodeStateMachine (DatanodeStateMachine.java:stopDaemon(469)) - Ozone container server stopped.
2021-04-29 10:58:06,997 [Listener at 127.0.0.1/42781] INFO  handler.ContextHandler (ContextHandler.java:doStop(1154)) - Stopped o.e.j.w.WebAppContext@24c8b86{hddsDatanode,/,null,STOPPED}{jar:file:/home/user/.m2/repository/org/apache/hadoop/hadoop-hdds-container-service/1.2.0-SNAPSHOT/hadoop-hdds-container-service-1.2.0-SNAPSHOT.jar!/webapps/hddsDatanode}
2021-04-29 10:58:06,998 [Listener at 127.0.0.1/42781] INFO  server.AbstractConnector (AbstractConnector.java:doStop(381)) - Stopped ServerConnector@65b9ebee{HTTP/1.1, (http/1.1)}{0.0.0.0:0}
2021-04-29 10:58:06,998 [Listener at 127.0.0.1/42781] INFO  server.session (HouseKeeper.java:stopScavenging(149)) - node0 Stopped scavenging
2021-04-29 10:58:06,999 [Listener at 127.0.0.1/42781] INFO  handler.ContextHandler (ContextHandler.java:doStop(1154)) - Stopped o.e.j.s.ServletContextHandler@2bd2fa2c{static,/static,jar:file:/home/user/.m2/repository/org/apache/hadoop/hadoop-hdds-container-service/1.2.0-SNAPSHOT/hadoop-hdds-container-service-1.2.0-SNAPSHOT.jar!/webapps/static,STOPPED}
2021-04-29 10:58:06,999 [Listener at 127.0.0.1/42781] INFO  handler.ContextHandler (ContextHandler.java:doStop(1154)) - Stopped o.e.j.s.ServletContextHandler@abb1c3e{logs,/logs,file:///github/workspace/mnt/ozone/hadoop-ozone/integration-test/target/log,STOPPED}
2021-04-29 10:58:07,003 [ForkJoinPool.commonPool-worker-0] INFO  handler.ContextHandler (ContextHandler.java:doStop(1154)) - Stopped o.e.j.w.WebAppContext@654e793f{hddsDatanode,/,null,STOPPED}{jar:file:/home/user/.m2/repository/org/apache/hadoop/hadoop-hdds-container-service/1.2.0-SNAPSHOT/hadoop-hdds-container-service-1.2.0-SNAPSHOT.jar!/webapps/hddsDatanode}
2021-04-29 10:58:07,004 [ForkJoinPool.commonPool-worker-0] INFO  server.AbstractConnector (AbstractConnector.java:doStop(381)) - Stopped ServerConnector@4d555b85{HTTP/1.1, (http/1.1)}{0.0.0.0:0}
2021-04-29 10:58:07,004 [ForkJoinPool.commonPool-worker-0] INFO  server.session (HouseKeeper.java:stopScavenging(149)) - node0 Stopped scavenging
2021-04-29 10:58:07,004 [ForkJoinPool.commonPool-worker-0] INFO  handler.ContextHandler (ContextHandler.java:doStop(1154)) - Stopped o.e.j.s.ServletContextHandler@d0c3793{static,/static,jar:file:/home/user/.m2/repository/org/apache/hadoop/hadoop-hdds-container-service/1.2.0-SNAPSHOT/hadoop-hdds-container-service-1.2.0-SNAPSHOT.jar!/webapps/static,STOPPED}
2021-04-29 10:58:07,005 [ForkJoinPool.commonPool-worker-0] INFO  handler.ContextHandler (ContextHandler.java:doStop(1154)) - Stopped o.e.j.s.ServletContextHandler@54c3b0dd{logs,/logs,file:///github/workspace/mnt/ozone/hadoop-ozone/integration-test/target/log,STOPPED}
2021-04-29 10:58:07,005 [Datanode State Machine Thread - 0] INFO  statemachine.DatanodeStateMachine (DatanodeStateMachine.java:lambda$startDaemon$0(411)) - Ozone container server started.
2021-04-29 10:58:12,001 [Listener at 127.0.0.1/42781] INFO  ozoneimpl.OzoneContainer (OzoneContainer.java:stop(313)) - Attempting to stop container services.
2021-04-29 10:58:12,002 [Listener at 127.0.0.1/42781] INFO  server.RaftServer (RaftServerProxy.java:lambda$close$6(391)) - f2874c6a-efe9-4f48-8c15-64eb2698a6fe: close
2021-04-29 10:58:12,002 [Listener at 127.0.0.1/42781] INFO  server.RaftServer$Division (RaftServerImpl.java:lambda$close$4(406)) - f2874c6a-efe9-4f48-8c15-64eb2698a6fe@group-5F9640C5EC9E: shutdown
2021-04-29 10:58:12,002 [Listener at 127.0.0.1/42781] INFO  util.JmxRegister (JmxRegister.java:unregister(73)) - Successfully un-registered JMX Bean with object name Ratis:service=RaftServer,group=group-5F9640C5EC9E,id=f2874c6a-efe9-4f48-8c15-64eb2698a6fe
2021-04-29 10:58:12,003 [Listener at 127.0.0.1/42781] INFO  impl.RoleInfo (RoleInfo.java:shutdownFollowerState(108)) - f2874c6a-efe9-4f48-8c15-64eb2698a6fe: shutdown f2874c6a-efe9-4f48-8c15-64eb2698a6fe@group-5F9640C5EC9E-FollowerState
2021-04-29 10:58:12,003 [Listener at 127.0.0.1/42781] INFO  impl.StateMachineUpdater (StateMachineUpdater.java:stopAndJoin(149)) - f2874c6a-efe9-4f48-8c15-64eb2698a6fe@group-5F9640C5EC9E-StateMachineUpdater: set stopIndex = 2
2021-04-29 10:58:12,003 [f2874c6a-efe9-4f48-8c15-64eb2698a6fe@group-5F9640C5EC9E-FollowerState] INFO  impl.FollowerState (FollowerState.java:run(143)) - f2874c6a-efe9-4f48-8c15-64eb2698a6fe@group-5F9640C5EC9E-FollowerState was interrupted: {}
java.lang.InterruptedException: sleep interrupted
	at java.lang.Thread.sleep(Native Method)
	at java.lang.Thread.sleep(Thread.java:340)
	at java.util.concurrent.TimeUnit.sleep(TimeUnit.java:386)
	at org.apache.ratis.util.TimeDuration.sleep(TimeDuration.java:324)
	at org.apache.ratis.util.TimeDuration.sleep(TimeDuration.java:309)
	at org.apache.ratis.server.impl.FollowerState.run(FollowerState.java:118)
2021-04-29 10:58:12,003 [f2874c6a-efe9-4f48-8c15-64eb2698a6fe@group-5F9640C5EC9E-StateMachineUpdater] INFO  ratis.ContainerStateMachine (ContainerStateMachine.java:takeSnapshot(292)) - group-5F9640C5EC9E: Taking a snapshot at:(t:6, i:2) file /github/workspace/mnt/ozone/hadoop-ozone/integration-test/target/test-dir/MiniOzoneClusterImpl-2726c7ec-cf5f-4d18-8e0d-a0ed93d2ecae/datanode-6/data/ratis/d965319d-9b1c-4f94-89c8-5f9640c5ec9e/sm/snapshot.6_2
2021-04-29 10:58:12,004 [f2874c6a-efe9-4f48-8c15-64eb2698a6fe@group-5F9640C5EC9E-StateMachineUpdater] INFO  ratis.ContainerStateMachine (ContainerStateMachine.java:takeSnapshot(303)) - group-5F9640C5EC9E: Finished taking a snapshot at:(t:6, i:2) file:/github/workspace/mnt/ozone/hadoop-ozone/integration-test/target/test-dir/MiniOzoneClusterImpl-2726c7ec-cf5f-4d18-8e0d-a0ed93d2ecae/datanode-6/data/ratis/d965319d-9b1c-4f94-89c8-5f9640c5ec9e/sm/snapshot.6_2 took: 1 ms
2021-04-29 10:58:12,005 [f2874c6a-efe9-4f48-8c15-64eb2698a6fe@group-5F9640C5EC9E-StateMachineUpdater] INFO  impl.StateMachineUpdater (StateMachineUpdater.java:takeSnapshot(281)) - f2874c6a-efe9-4f48-8c15-64eb2698a6fe@group-5F9640C5EC9E-StateMachineUpdater: Took a snapshot at index 2
2021-04-29 10:58:12,005 [f2874c6a-efe9-4f48-8c15-64eb2698a6fe@group-5F9640C5EC9E-StateMachineUpdater] INFO  impl.StateMachineUpdater (StateMachineUpdater.java:lambda$new$0(89)) - f2874c6a-efe9-4f48-8c15-64eb2698a6fe@group-5F9640C5EC9E-StateMachineUpdater: snapshotIndex: updateIncreasingly -1 -> 2
2021-04-29 10:58:12,005 [f2874c6a-efe9-4f48-8c15-64eb2698a6fe@group-5F9640C5EC9E-StateMachineUpdater] INFO  metrics.RatisMetrics (RatisMetrics.java:unregister(43)) - Unregistering Metrics Registry : ratis.state_machine.f2874c6a-efe9-4f48-8c15-64eb2698a6fe@group-5F9640C5EC9E
2021-04-29 10:58:12,005 [Listener at 127.0.0.1/42781] INFO  server.RaftServer$Division (ServerState.java:close(405)) - f2874c6a-efe9-4f48-8c15-64eb2698a6fe@group-5F9640C5EC9E: closes. applyIndex: 2
2021-04-29 10:58:12,005 [f2874c6a-efe9-4f48-8c15-64eb2698a6fe@group-5F9640C5EC9E-SegmentedRaftLogWorker] INFO  segmented.SegmentedRaftLogWorker (SegmentedRaftLogWorker.java:run(327)) - f2874c6a-efe9-4f48-8c15-64eb2698a6fe@group-5F9640C5EC9E-SegmentedRaftLogWorker was interrupted, exiting. There are 0 tasks remaining in the queue.
2021-04-29 10:58:12,006 [Listener at 127.0.0.1/42781] INFO  segmented.SegmentedRaftLogWorker (SegmentedRaftLogWorker.java:close(237)) - f2874c6a-efe9-4f48-8c15-64eb2698a6fe@group-5F9640C5EC9E-SegmentedRaftLogWorker close()
2021-04-29 10:58:12,006 [Listener at 127.0.0.1/42781] INFO  metrics.RatisMetrics (RatisMetrics.java:unregister(43)) - Unregistering Metrics Registry : ratis.log_worker.f2874c6a-efe9-4f48-8c15-64eb2698a6fe@group-5F9640C5EC9E
2021-04-29 10:58:12,007 [Listener at 127.0.0.1/42781] INFO  metrics.RatisMetrics (RatisMetrics.java:unregister(43)) - Unregistering Metrics Registry : ratis.leader_election.f2874c6a-efe9-4f48-8c15-64eb2698a6fe@group-5F9640C5EC9E
2021-04-29 10:58:12,007 [Listener at 127.0.0.1/42781] INFO  metrics.RatisMetrics (RatisMetrics.java:unregister(43)) - Unregistering Metrics Registry : ratis.server.f2874c6a-efe9-4f48-8c15-64eb2698a6fe@group-5F9640C5EC9E
2021-04-29 10:58:12,007 [Listener at 127.0.0.1/42781] INFO  server.RaftServer$Division (RaftServerImpl.java:lambda$close$4(406)) - f2874c6a-efe9-4f48-8c15-64eb2698a6fe@group-05D4B2F145DF: shutdown
2021-04-29 10:58:12,007 [Listener at 127.0.0.1/42781] INFO  util.JmxRegister (JmxRegister.java:unregister(73)) - Successfully un-registered JMX Bean with object name Ratis:service=RaftServer,group=group-05D4B2F145DF,id=f2874c6a-efe9-4f48-8c15-64eb2698a6fe
2021-04-29 10:58:12,008 [Listener at 127.0.0.1/42781] INFO  impl.RoleInfo (RoleInfo.java:shutdownLeaderState(91)) - f2874c6a-efe9-4f48-8c15-64eb2698a6fe: shutdown f2874c6a-efe9-4f48-8c15-64eb2698a6fe@group-05D4B2F145DF-LeaderStateImpl
2021-04-29 10:58:12,008 [Listener at 127.0.0.1/42781] INFO  impl.PendingRequests (PendingRequests.java:sendNotLeaderResponses(249)) - f2874c6a-efe9-4f48-8c15-64eb2698a6fe@group-05D4B2F145DF-PendingRequests: sendNotLeaderResponses
2021-04-29 10:58:12,008 [Listener at 127.0.0.1/42781] INFO  metrics.RatisMetrics (RatisMetrics.java:unregister(43)) - Unregistering Metrics Registry : ratis.log_appender.f2874c6a-efe9-4f48-8c15-64eb2698a6fe@group-05D4B2F145DF
2021-04-29 10:58:12,008 [Listener at 127.0.0.1/42781] INFO  metrics.RatisMetrics (RatisMetrics.java:unregister(43)) - Unregistering Metrics Registry : ratis.server.f2874c6a-efe9-4f48-8c15-64eb2698a6fe@group-05D4B2F145DF
2021-04-29 10:58:12,009 [Listener at 127.0.0.1/42781] INFO  impl.StateMachineUpdater (StateMachineUpdater.java:stopAndJoin(149)) - f2874c6a-efe9-4f48-8c15-64eb2698a6fe@group-05D4B2F145DF-StateMachineUpdater: set stopIndex = 0
2021-04-29 10:58:12,009 [f2874c6a-efe9-4f48-8c15-64eb2698a6fe@group-05D4B2F145DF-StateMachineUpdater] INFO  ratis.ContainerStateMachine (ContainerStateMachine.java:takeSnapshot(292)) - group-05D4B2F145DF: Taking a snapshot at:(t:1, i:0) file /github/workspace/mnt/ozone/hadoop-ozone/integration-test/target/test-dir/MiniOzoneClusterImpl-2726c7ec-cf5f-4d18-8e0d-a0ed93d2ecae/datanode-6/data/ratis/a802a953-e735-4870-b1c8-05d4b2f145df/sm/snapshot.1_0
2021-04-29 10:58:12,010 [f2874c6a-efe9-4f48-8c15-64eb2698a6fe@group-05D4B2F145DF-StateMachineUpdater] INFO  ratis.ContainerStateMachine (ContainerStateMachine.java:takeSnapshot(303)) - group-05D4B2F145DF: Finished taking a snapshot at:(t:1, i:0) file:/github/workspace/mnt/ozone/hadoop-ozone/integration-test/target/test-dir/MiniOzoneClusterImpl-2726c7ec-cf5f-4d18-8e0d-a0ed93d2ecae/datanode-6/data/ratis/a802a953-e735-4870-b1c8-05d4b2f145df/sm/snapshot.1_0 took: 1 ms
2021-04-29 10:58:12,010 [f2874c6a-efe9-4f48-8c15-64eb2698a6fe@group-05D4B2F145DF-StateMachineUpdater] INFO  impl.StateMachineUpdater (StateMachineUpdater.java:takeSnapshot(281)) - f2874c6a-efe9-4f48-8c15-64eb2698a6fe@group-05D4B2F145DF-StateMachineUpdater: Took a snapshot at index 0
2021-04-29 10:58:12,010 [f2874c6a-efe9-4f48-8c15-64eb2698a6fe@group-05D4B2F145DF-StateMachineUpdater] INFO  impl.StateMachineUpdater (StateMachineUpdater.java:lambda$new$0(89)) - f2874c6a-efe9-4f48-8c15-64eb2698a6fe@group-05D4B2F145DF-StateMachineUpdater: snapshotIndex: updateIncreasingly -1 -> 0
2021-04-29 10:58:12,010 [f2874c6a-efe9-4f48-8c15-64eb2698a6fe@group-05D4B2F145DF-StateMachineUpdater] INFO  metrics.RatisMetrics (RatisMetrics.java:unregister(43)) - Unregistering Metrics Registry : ratis.state_machine.f2874c6a-efe9-4f48-8c15-64eb2698a6fe@group-05D4B2F145DF
2021-04-29 10:58:12,011 [Listener at 127.0.0.1/42781] INFO  server.RaftServer$Division (ServerState.java:close(405)) - f2874c6a-efe9-4f48-8c15-64eb2698a6fe@group-05D4B2F145DF: closes. applyIndex: 0
2021-04-29 10:58:12,011 [f2874c6a-efe9-4f48-8c15-64eb2698a6fe@group-05D4B2F145DF-SegmentedRaftLogWorker] INFO  segmented.SegmentedRaftLogWorker (SegmentedRaftLogWorker.java:run(327)) - f2874c6a-efe9-4f48-8c15-64eb2698a6fe@group-05D4B2F145DF-SegmentedRaftLogWorker was interrupted, exiting. There are 0 tasks remaining in the queue.
2021-04-29 10:58:12,012 [Listener at 127.0.0.1/42781] INFO  segmented.SegmentedRaftLogWorker (SegmentedRaftLogWorker.java:close(237)) - f2874c6a-efe9-4f48-8c15-64eb2698a6fe@group-05D4B2F145DF-SegmentedRaftLogWorker close()
2021-04-29 10:58:12,012 [Listener at 127.0.0.1/42781] INFO  metrics.RatisMetrics (RatisMetrics.java:unregister(43)) - Unregistering Metrics Registry : ratis.log_worker.f2874c6a-efe9-4f48-8c15-64eb2698a6fe@group-05D4B2F145DF
2021-04-29 10:58:12,012 [Listener at 127.0.0.1/42781] INFO  metrics.RatisMetrics (RatisMetrics.java:unregister(43)) - Unregistering Metrics Registry : ratis.leader_election.f2874c6a-efe9-4f48-8c15-64eb2698a6fe@group-05D4B2F145DF
2021-04-29 10:58:12,012 [Listener at 127.0.0.1/42781] INFO  metrics.RatisMetrics (RatisMetrics.java:unregister(43)) - Unregistering Metrics Registry : ratis.server.f2874c6a-efe9-4f48-8c15-64eb2698a6fe@group-05D4B2F145DF
2021-04-29 10:58:12,013 [Listener at 127.0.0.1/42781] INFO  server.GrpcService (GrpcService.java:closeImpl(262)) - f2874c6a-efe9-4f48-8c15-64eb2698a6fe: shutdown server with port 38031 now
2021-04-29 10:58:12,014 [Listener at 127.0.0.1/42781] INFO  server.GrpcService (GrpcService.java:closeImpl(271)) - f2874c6a-efe9-4f48-8c15-64eb2698a6fe: shutdown server with port 38031 successfully
2021-04-29 10:58:12,014 [org.apache.ratis.util.JvmPauseMonitor$$Lambda$504/1672688893@246e7085] INFO  util.JvmPauseMonitor (JvmPauseMonitor.java:run(109)) - JvmPauseMonitor-f2874c6a-efe9-4f48-8c15-64eb2698a6fe: Stopped
2021-04-29 10:58:12,016 [Listener at 127.0.0.1/42781] INFO  utils.BackgroundService (BackgroundService.java:shutdown(132)) - Shutting down service BlockDeletingService
2021-04-29 10:58:12,018 [Listener at 127.0.0.1/42781] INFO  statemachine.DatanodeStateMachine (DatanodeStateMachine.java:stopDaemon(469)) - Ozone container server stopped.
2021-04-29 10:58:12,029 [Listener at 127.0.0.1/42781] INFO  handler.ContextHandler (ContextHandler.java:doStop(1154)) - Stopped o.e.j.w.WebAppContext@47814094{hddsDatanode,/,null,STOPPED}{jar:file:/home/user/.m2/repository/org/apache/hadoop/hadoop-hdds-container-service/1.2.0-SNAPSHOT/hadoop-hdds-container-service-1.2.0-SNAPSHOT.jar!/webapps/hddsDatanode}
2021-04-29 10:58:12,030 [Listener at 127.0.0.1/42781] INFO  server.AbstractConnector (AbstractConnector.java:doStop(381)) - Stopped ServerConnector@26df4e2f{HTTP/1.1, (http/1.1)}{0.0.0.0:0}
2021-04-29 10:58:12,031 [Listener at 127.0.0.1/42781] INFO  server.session (HouseKeeper.java:stopScavenging(149)) - node0 Stopped scavenging
2021-04-29 10:58:12,032 [Listener at 127.0.0.1/42781] INFO  handler.ContextHandler (ContextHandler.java:doStop(1154)) - Stopped o.e.j.s.ServletContextHandler@34ef9879{static,/static,jar:file:/home/user/.m2/repository/org/apache/hadoop/hadoop-hdds-container-service/1.2.0-SNAPSHOT/hadoop-hdds-container-service-1.2.0-SNAPSHOT.jar!/webapps/static,STOPPED}
2021-04-29 10:58:12,033 [Listener at 127.0.0.1/42781] INFO  handler.ContextHandler (ContextHandler.java:doStop(1154)) - Stopped o.e.j.s.ServletContextHandler@735ed1d2{logs,/logs,file:///github/workspace/mnt/ozone/hadoop-ozone/integration-test/target/log,STOPPED}
2021-04-29 10:58:12,034 [Listener at 127.0.0.1/42781] INFO  ozone.MiniOzoneClusterImpl (MiniOzoneClusterImpl.java:stopSCM(532)) - Stopping the StorageContainerManager
2021-04-29 10:58:12,034 [Listener at 127.0.0.1/42781] INFO  server.StorageContainerManager (StorageContainerManager.java:stop(1230)) - Stopping Replication Manager Service.
2021-04-29 10:58:12,034 [Listener at 127.0.0.1/42781] INFO  container.ReplicationManager (ReplicationManager.java:stop(267)) - Stopping Replication Monitor Thread.
2021-04-29 10:58:12,034 [Listener at 127.0.0.1/42781] INFO  server.StorageContainerManager (StorageContainerManager.java:stop(1237)) - Stopping the Datanode Admin Monitor.
2021-04-29 10:58:12,035 [Listener at 127.0.0.1/42781] INFO  server.StorageContainerManager (StorageContainerManager.java:stop(1244)) - Stopping Lease Manager of the command watchers
2021-04-29 10:58:12,035 [Listener at 127.0.0.1/42781] INFO  server.StorageContainerManager (StorageContainerManager.java:stop(1251)) - Stopping datanode service RPC server
2021-04-29 10:58:12,035 [Listener at 127.0.0.1/42781] INFO  server.SCMDatanodeProtocolServer (SCMDatanodeProtocolServer.java:stop(374)) - Stopping the RPC server for DataNodes
2021-04-29 10:58:12,035 [Listener at 127.0.0.1/42781] INFO  ipc.Server (Server.java:stop(3403)) - Stopping server on 35221
2021-04-29 10:58:12,036 [IPC Server listener on 0] INFO  ipc.Server (Server.java:run(1366)) - Stopping IPC Server listener on 0
2021-04-29 10:58:12,036 [IPC Server Responder] INFO  ipc.Server (Server.java:run(1502)) - Stopping IPC Server Responder
2021-04-29 10:58:12,126 [SCM Heartbeat Processing Thread - 0] WARN  node.NodeStateManager (NodeStateManager.java:scheduleNextHealthCheck(688)) - Current Thread is interrupted, shutting down HB processing thread for Node Manager.
2021-04-29 10:58:12,127 [Listener at 127.0.0.1/42781] INFO  server.StorageContainerManager (StorageContainerManager.java:stop(1259)) - Stopping block service RPC server
2021-04-29 10:58:12,127 [Listener at 127.0.0.1/42781] INFO  server.SCMBlockProtocolServer (SCMBlockProtocolServer.java:stop(158)) - Stopping the RPC server for Block Protocol
2021-04-29 10:58:12,127 [Listener at 127.0.0.1/42781] INFO  ipc.Server (Server.java:stop(3403)) - Stopping server on 38485
2021-04-29 10:58:12,128 [IPC Server listener on 0] INFO  ipc.Server (Server.java:run(1366)) - Stopping IPC Server listener on 0
2021-04-29 10:58:12,129 [Listener at 127.0.0.1/42781] INFO  server.StorageContainerManager (StorageContainerManager.java:stop(1266)) - Stopping the StorageContainerLocationProtocol RPC server
2021-04-29 10:58:12,130 [Listener at 127.0.0.1/42781] INFO  server.SCMClientProtocolServer (SCMClientProtocolServer.java:stop(166)) - Stopping the RPC server for Client Protocol
2021-04-29 10:58:12,131 [Listener at 127.0.0.1/42781] INFO  ipc.Server (Server.java:stop(3403)) - Stopping server on 39801
2021-04-29 10:58:12,130 [IPC Server Responder] INFO  ipc.Server (Server.java:run(1502)) - Stopping IPC Server Responder
2021-04-29 10:58:12,132 [IPC Server listener on 0] INFO  ipc.Server (Server.java:run(1366)) - Stopping IPC Server listener on 0
2021-04-29 10:58:12,133 [IPC Server Responder] INFO  ipc.Server (Server.java:run(1502)) - Stopping IPC Server Responder
2021-04-29 10:58:12,133 [Listener at 127.0.0.1/42781] INFO  server.StorageContainerManager (StorageContainerManager.java:stop(1273)) - Stopping Storage Container Manager HTTP server.
2021-04-29 10:58:12,134 [Listener at 127.0.0.1/42781] INFO  handler.ContextHandler (ContextHandler.java:doStop(1154)) - Stopped o.e.j.w.WebAppContext@717a8a76{scm,/,null,STOPPED}{file:/github/workspace/mnt/ozone/hadoop-ozone/integration-test/target/test-classes/webapps/scm}
2021-04-29 10:58:12,136 [Listener at 127.0.0.1/42781] INFO  server.AbstractConnector (AbstractConnector.java:doStop(381)) - Stopped ServerConnector@778113f2{HTTP/1.1, (http/1.1)}{0.0.0.0:0}
2021-04-29 10:58:12,137 [Listener at 127.0.0.1/42781] INFO  server.session (HouseKeeper.java:stopScavenging(149)) - node0 Stopped scavenging
2021-04-29 10:58:12,137 [Listener at 127.0.0.1/42781] INFO  handler.ContextHandler (ContextHandler.java:doStop(1154)) - Stopped o.e.j.s.ServletContextHandler@7ff09659{static,/static,file:///github/workspace/mnt/ozone/hadoop-ozone/integration-test/target/test-classes/webapps/static,STOPPED}
2021-04-29 10:58:12,137 [Listener at 127.0.0.1/42781] INFO  handler.ContextHandler (ContextHandler.java:doStop(1154)) - Stopped o.e.j.s.ServletContextHandler@66e1b2a{logs,/logs,file:///github/workspace/mnt/ozone/hadoop-ozone/integration-test/target/log,STOPPED}
2021-04-29 10:58:12,138 [Listener at 127.0.0.1/42781] INFO  server.StorageContainerManager (StorageContainerManager.java:stop(1284)) - Stopping Block Manager Service.
2021-04-29 10:58:12,138 [Listener at 127.0.0.1/42781] INFO  utils.BackgroundService (BackgroundService.java:shutdown(132)) - Shutting down service SCMBlockDeletingService
2021-04-29 10:58:12,139 [Listener at 127.0.0.1/42781] INFO  utils.BackgroundService (BackgroundService.java:shutdown(132)) - Shutting down service SCMBlockDeletingService
2021-04-29 10:58:12,139 [Listener at 127.0.0.1/42781] INFO  server.StorageContainerManager (StorageContainerManager.java:stop(1309)) - Stopping SCM Event Queue.
2021-04-29 10:58:12,141 [Listener at 127.0.0.1/42781] WARN  pipeline.BackgroundPipelineCreator (BackgroundPipelineCreatorV2.java:stop(154)) - RatisPipelineUtilsThread is not running, just ignore.
2021-04-29 10:58:12,149 [Listener at 127.0.0.1/42781] INFO  impl.MetricsSystemImpl (MetricsSystemImpl.java:stop(210)) - Stopping XceiverClientMetrics metrics system...
2021-04-29 10:58:12,157 [prometheus] INFO  impl.MetricsSinkAdapter (MetricsSinkAdapter.java:publishMetricsFromQueue(141)) - prometheus thread interrupted.
2021-04-29 10:58:12,158 [Listener at 127.0.0.1/42781] INFO  impl.MetricsSystemImpl (MetricsSystemImpl.java:stop(216)) - XceiverClientMetrics metrics system stopped.
]]></system-out>
  </testcase>
  <testcase name="testWatchForCommitForRetryfailure" classname="org.apache.hadoop.ozone.client.rpc.TestWatchForCommit" time="68.062"/>
  <testcase name="testWatchForCommitForGroupMismatchException" classname="org.apache.hadoop.ozone.client.rpc.TestWatchForCommit" time="41.209"/>
  <testcase name="test2WayCommitForTimeoutException" classname="org.apache.hadoop.ozone.client.rpc.TestWatchForCommit" time="42.829"/>
</testsuite>