<?xml version="1.0" encoding="UTF-8"?>
<testsuite xmlns:xsi="http://www.w3.org/2001/XMLSchema-instance" xsi:noNamespaceSchemaLocation="https://maven.apache.org/surefire/maven-surefire-plugin/xsd/surefire-test-report-3.0.xsd" version="3.0" name="org.apache.hadoop.ozone.scm.TestGetCommittedBlockLengthAndPutKey" time="340.995" tests="3" errors="1" skipped="0" failures="0">
  <properties>
    <property name="awt.toolkit" value="sun.awt.X11.XToolkit"/>
    <property name="file.encoding.pkg" value="sun.io"/>
    <property name="java.specification.version" value="1.8"/>
    <property name="sun.cpu.isalist" value=""/>
    <property name="sun.jnu.encoding" value="UTF-8"/>
    <property name="java.class.path" value="/home/runner/work/ozone/ozone/hadoop-ozone/integration-test/target/test-classes:/home/runner/work/ozone/ozone/hadoop-ozone/integration-test/target/classes:/home/runner/.m2/repository/org/apache/ozone/ozone-common/1.3.0-SNAPSHOT/ozone-common-1.3.0-SNAPSHOT.jar:/home/runner/.m2/repository/io/grpc/grpc-netty/1.44.0/grpc-netty-1.44.0.jar:/home/runner/.m2/repository/io/grpc/grpc-core/1.44.0/grpc-core-1.44.0.jar:/home/runner/.m2/repository/com/google/android/annotations/4.1.1.4/annotations-4.1.1.4.jar:/home/runner/.m2/repository/org/codehaus/mojo/animal-sniffer-annotations/1.19/animal-sniffer-annotations-1.19.jar:/home/runner/.m2/repository/com/google/errorprone/error_prone_annotations/2.2.0/error_prone_annotations-2.2.0.jar:/home/runner/.m2/repository/io/perfmark/perfmark-api/0.23.0/perfmark-api-0.23.0.jar:/home/runner/.m2/repository/io/netty/netty-codec-http2/4.1.79.Final/netty-codec-http2-4.1.79.Final.jar:/home/runner/.m2/repository/io/netty/netty-common/4.1.79.Final/netty-common-4.1.79.Final.jar:/home/runner/.m2/repository/io/netty/netty-buffer/4.1.79.Final/netty-buffer-4.1.79.Final.jar:/home/runner/.m2/repository/io/netty/netty-codec-http/4.1.79.Final/netty-codec-http-4.1.79.Final.jar:/home/runner/.m2/repository/io/netty/netty-handler-proxy/4.1.79.Final/netty-handler-proxy-4.1.79.Final.jar:/home/runner/.m2/repository/io/netty/netty-codec-socks/4.1.79.Final/netty-codec-socks-4.1.79.Final.jar:/home/runner/.m2/repository/io/netty/netty-tcnative-boringssl-static/2.0.53.Final/netty-tcnative-boringssl-static-2.0.53.Final.jar:/home/runner/.m2/repository/io/netty/netty-tcnative-classes/2.0.53.Final/netty-tcnative-classes-2.0.53.Final.jar:/home/runner/.m2/repository/io/netty/netty-tcnative-boringssl-static/2.0.53.Final/netty-tcnative-boringssl-static-2.0.53.Final-linux-x86_64.jar:/home/runner/.m2/repository/io/netty/netty-tcnative-boringssl-static/2.0.53.Final/netty-tcnative-boringssl-static-2.0.53.Final-linux-aarch_64.jar:/home/runner/.m2/repository/io/netty/netty-tcnative-boringssl-static/2.0.53.Final/netty-tcnative-boringssl-static-2.0.53.Final-osx-x86_64.jar:/home/runner/.m2/repository/io/netty/netty-tcnative-boringssl-static/2.0.53.Final/netty-tcnative-boringssl-static-2.0.53.Final-osx-aarch_64.jar:/home/runner/.m2/repository/io/netty/netty-tcnative-boringssl-static/2.0.53.Final/netty-tcnative-boringssl-static-2.0.53.Final-windows-x86_64.jar:/home/runner/.m2/repository/org/apache/commons/commons-compress/1.21/commons-compress-1.21.jar:/home/runner/.m2/repository/org/apache/ozone/hdds-common/1.3.0-SNAPSHOT/hdds-common-1.3.0-SNAPSHOT.jar:/home/runner/.m2/repository/org/apache/ozone/hdds-client/1.3.0-SNAPSHOT/hdds-client-1.3.0-SNAPSHOT.jar:/home/runner/.m2/repository/org/apache/ozone/ozone-interface-client/1.3.0-SNAPSHOT/ozone-interface-client-1.3.0-SNAPSHOT.jar:/home/runner/.m2/repository/org/apache/ozone/hdds-test-utils/1.3.0-SNAPSHOT/hdds-test-utils-1.3.0-SNAPSHOT.jar:/home/runner/.m2/repository/com/google/guava/guava/31.1-jre/guava-31.1-jre.jar:/home/runner/.m2/repository/com/google/guava/failureaccess/1.0.1/failureaccess-1.0.1.jar:/home/runner/.m2/repository/com/google/guava/listenablefuture/9999.0-empty-to-avoid-conflict-with-guava/listenablefuture-9999.0-empty-to-avoid-conflict-with-guava.jar:/home/runner/.m2/repository/com/google/code/findbugs/jsr305/3.0.0/jsr305-3.0.0.jar:/home/runner/.m2/repository/org/checkerframework/checker-qual/3.12.0/checker-qual-3.12.0.jar:/home/runner/.m2/repository/com/google/j2objc/j2objc-annotations/1.3/j2objc-annotations-1.3.jar:/home/runner/.m2/repository/commons-io/commons-io/2.11.0/commons-io-2.11.0.jar:/home/runner/.m2/repository/commons-logging/commons-logging/1.2/commons-logging-1.2.jar:/home/runner/.m2/repository/log4j/log4j/1.2.17/log4j-1.2.17.jar:/home/runner/.m2/repository/org/slf4j/slf4j-api/1.7.30/slf4j-api-1.7.30.jar:/home/runner/.m2/repository/org/apache/ozone/hdds-server-scm/1.3.0-SNAPSHOT/hdds-server-scm-1.3.0-SNAPSHOT.jar:/home/runner/.m2/repository/org/apache/ozone/hdds-container-service/1.3.0-SNAPSHOT/hdds-container-service-1.3.0-SNAPSHOT.jar:/home/runner/.m2/repository/org/apache/ozone/hdds-hadoop-dependency-server/1.3.0-SNAPSHOT/hdds-hadoop-dependency-server-1.3.0-SNAPSHOT.jar:/home/runner/.m2/repository/org/apache/hadoop/hadoop-hdfs/3.3.1/hadoop-hdfs-3.3.1.jar:/home/runner/.m2/repository/org/apache/ozone/hdds-server-framework/1.3.0-SNAPSHOT/hdds-server-framework-1.3.0-SNAPSHOT.jar:/home/runner/.m2/repository/org/apache/ozone/hdds-interface-server/1.3.0-SNAPSHOT/hdds-interface-server-1.3.0-SNAPSHOT.jar:/home/runner/.m2/repository/org/apache/logging/log4j/log4j-core/2.17.1/log4j-core-2.17.1.jar:/home/runner/.m2/repository/com/lmax/disruptor/3.4.2/disruptor-3.4.2.jar:/home/runner/.m2/repository/org/eclipse/jetty/jetty-servlet/9.4.43.v20210629/jetty-servlet-9.4.43.v20210629.jar:/home/runner/.m2/repository/org/eclipse/jetty/jetty-security/9.4.43.v20210629/jetty-security-9.4.43.v20210629.jar:/home/runner/.m2/repository/org/rocksdb/rocksdbjni/6.29.5/rocksdbjni-6.29.5.jar:/home/runner/.m2/repository/io/prometheus/simpleclient_dropwizard/0.7.0/simpleclient_dropwizard-0.7.0.jar:/home/runner/.m2/repository/io/prometheus/simpleclient/0.7.0/simpleclient-0.7.0.jar:/home/runner/.m2/repository/io/prometheus/simpleclient_common/0.7.0/simpleclient_common-0.7.0.jar:/home/runner/.m2/repository/io/dropwizard/metrics/metrics-core/3.2.4/metrics-core-3.2.4.jar:/home/runner/.m2/repository/org/apache/hadoop/hadoop-hdfs-client/3.3.1/hadoop-hdfs-client-3.3.1.jar:/home/runner/.m2/repository/org/bouncycastle/bcprov-jdk15on/1.67/bcprov-jdk15on-1.67.jar:/home/runner/.m2/repository/com/google/protobuf/protobuf-java/2.5.0/protobuf-java-2.5.0.jar:/home/runner/.m2/repository/org/apache/ozone/ozone-manager/1.3.0-SNAPSHOT/ozone-manager-1.3.0-SNAPSHOT.jar:/home/runner/.m2/repository/org/aspectj/aspectjrt/1.9.7/aspectjrt-1.9.7.jar:/home/runner/.m2/repository/org/aspectj/aspectjweaver/1.9.7/aspectjweaver-1.9.7.jar:/home/runner/.m2/repository/org/apache/ozone/hdds-interface-client/1.3.0-SNAPSHOT/hdds-interface-client-1.3.0-SNAPSHOT.jar:/home/runner/.m2/repository/org/apache/hadoop/thirdparty/hadoop-shaded-protobuf_3_7/1.1.1/hadoop-shaded-protobuf_3_7-1.1.1.jar:/home/runner/.m2/repository/org/apache/ozone/ozone-interface-storage/1.3.0-SNAPSHOT/ozone-interface-storage-1.3.0-SNAPSHOT.jar:/home/runner/.m2/repository/org/reflections/reflections/0.9.11/reflections-0.9.11.jar:/home/runner/.m2/repository/com/sun/jersey/jersey-client/1.19/jersey-client-1.19.jar:/home/runner/.m2/repository/org/apache/ranger/ranger-intg/2.3.0/ranger-intg-2.3.0.jar:/home/runner/.m2/repository/org/apache/ranger/ranger-plugins-common/2.3.0/ranger-plugins-common-2.3.0.jar:/home/runner/.m2/repository/commons-lang/commons-lang/2.6/commons-lang-2.6.jar:/home/runner/.m2/repository/org/codehaus/jackson/jackson-jaxrs/1.9.13/jackson-jaxrs-1.9.13.jar:/home/runner/.m2/repository/org/apache/ranger/ranger-plugins-cred/2.3.0/ranger-plugins-cred-2.3.0.jar:/home/runner/.m2/repository/org/apache/ranger/ranger-plugins-audit/2.3.0/ranger-plugins-audit-2.3.0.jar:/home/runner/.m2/repository/org/apache/kafka/kafka-clients/2.8.1/kafka-clients-2.8.1.jar:/home/runner/.m2/repository/com/github/luben/zstd-jni/1.4.9-1/zstd-jni-1.4.9-1.jar:/home/runner/.m2/repository/org/apache/solr/solr-solrj/8.6.3/solr-solrj-8.6.3.jar:/home/runner/.m2/repository/org/slf4j/jcl-over-slf4j/1.7.24/jcl-over-slf4j-1.7.24.jar:/home/runner/.m2/repository/org/eclipse/jetty/jetty-client/9.4.31.v20200723/jetty-client-9.4.31.v20200723.jar:/home/runner/.m2/repository/org/apache/httpcomponents/httpmime/4.5.6/httpmime-4.5.6.jar:/home/runner/.m2/repository/org/apache/httpcomponents/httpcore-nio/4.4.6/httpcore-nio-4.4.6.jar:/home/runner/.m2/repository/org/apache/httpcomponents/httpasyncclient/4.1.3/httpasyncclient-4.1.3.jar:/home/runner/.m2/repository/com/carrotsearch/hppc/0.8.0/hppc-0.8.0.jar:/home/runner/.m2/repository/org/apache/hive/hive-storage-api/2.7.2/hive-storage-api-2.7.2.jar:/home/runner/.m2/repository/org/apache/orc/orc-core/1.5.8/orc-core-1.5.8.jar:/home/runner/.m2/repository/com/amazonaws/aws-java-sdk-bundle/1.12.125/aws-java-sdk-bundle-1.12.125.jar:/home/runner/.m2/repository/net/java/dev/jna/jna/5.2.0/jna-5.2.0.jar:/home/runner/.m2/repository/net/java/dev/jna/jna-platform/5.2.0/jna-platform-5.2.0.jar:/home/runner/.m2/repository/com/kstruct/gethostname4j/0.0.2/gethostname4j-0.0.2.jar:/home/runner/.m2/repository/org/apache/ranger/ranger-plugin-classloader/2.3.0/ranger-plugin-classloader-2.3.0.jar:/home/runner/.m2/repository/org/apache/hadoop/hadoop-minikdc/3.3.1/hadoop-minikdc-3.3.1.jar:/home/runner/.m2/repository/org/apache/kerby/kerb-simplekdc/1.0.1/kerb-simplekdc-1.0.1.jar:/home/runner/.m2/repository/org/apache/kerby/kerb-client/1.0.1/kerb-client-1.0.1.jar:/home/runner/.m2/repository/org/apache/kerby/kerby-config/1.0.1/kerby-config-1.0.1.jar:/home/runner/.m2/repository/org/apache/kerby/kerb-common/1.0.1/kerb-common-1.0.1.jar:/home/runner/.m2/repository/org/apache/kerby/kerb-crypto/1.0.1/kerb-crypto-1.0.1.jar:/home/runner/.m2/repository/org/apache/kerby/kerb-util/1.0.1/kerb-util-1.0.1.jar:/home/runner/.m2/repository/org/apache/kerby/token-provider/1.0.1/token-provider-1.0.1.jar:/home/runner/.m2/repository/org/apache/kerby/kerb-admin/1.0.1/kerb-admin-1.0.1.jar:/home/runner/.m2/repository/org/apache/kerby/kerb-server/1.0.1/kerb-server-1.0.1.jar:/home/runner/.m2/repository/org/apache/kerby/kerb-identity/1.0.1/kerb-identity-1.0.1.jar:/home/runner/.m2/repository/org/apache/kerby/kerby-xdr/1.0.1/kerby-xdr-1.0.1.jar:/home/runner/.m2/repository/org/slf4j/slf4j-log4j12/1.7.30/slf4j-log4j12-1.7.30.jar:/home/runner/.m2/repository/org/apache/ozone/ozone-s3gateway/1.3.0-SNAPSHOT/ozone-s3gateway-1.3.0-SNAPSHOT.jar:/home/runner/.m2/repository/org/javassist/javassist/3.21.0-GA/javassist-3.21.0-GA.jar:/home/runner/.m2/repository/org/jboss/weld/servlet/weld-servlet/2.4.7.Final/weld-servlet-2.4.7.Final.jar:/home/runner/.m2/repository/org/glassfish/jersey/containers/jersey-container-servlet-core/2.33/jersey-container-servlet-core-2.33.jar:/home/runner/.m2/repository/org/glassfish/hk2/external/jakarta.inject/2.6.1/jakarta.inject-2.6.1.jar:/home/runner/.m2/repository/org/glassfish/jersey/core/jersey-common/2.33/jersey-common-2.33.jar:/home/runner/.m2/repository/jakarta/ws/rs/jakarta.ws.rs-api/2.1.6/jakarta.ws.rs-api-2.1.6.jar:/home/runner/.m2/repository/org/glassfish/jersey/ext/cdi/jersey-cdi1x/2.33/jersey-cdi1x-2.33.jar:/home/runner/.m2/repository/org/glassfish/jersey/inject/jersey-hk2/2.33/jersey-hk2-2.33.jar:/home/runner/.m2/repository/org/glassfish/hk2/hk2-locator/2.6.1/hk2-locator-2.6.1.jar:/home/runner/.m2/repository/org/glassfish/jersey/media/jersey-media-jaxb/2.33/jersey-media-jaxb-2.33.jar:/home/runner/.m2/repository/org/glassfish/hk2/osgi-resource-locator/1.0.3/osgi-resource-locator-1.0.3.jar:/home/runner/.m2/repository/org/glassfish/hk2/hk2-api/2.5.0/hk2-api-2.5.0.jar:/home/runner/.m2/repository/org/glassfish/hk2/hk2-utils/2.5.0/hk2-utils-2.5.0.jar:/home/runner/.m2/repository/org/glassfish/hk2/external/aopalliance-repackaged/2.5.0/aopalliance-repackaged-2.5.0.jar:/home/runner/.m2/repository/com/fasterxml/jackson/dataformat/jackson-dataformat-xml/2.13.2/jackson-dataformat-xml-2.13.2.jar:/home/runner/.m2/repository/com/fasterxml/jackson/core/jackson-core/2.13.2/jackson-core-2.13.2.jar:/home/runner/.m2/repository/org/codehaus/woodstox/stax2-api/3.1.4/stax2-api-3.1.4.jar:/home/runner/.m2/repository/com/fasterxml/woodstox/woodstox-core/5.0.3/woodstox-core-5.0.3.jar:/home/runner/.m2/repository/com/fasterxml/jackson/module/jackson-module-jaxb-annotations/2.13.2/jackson-module-jaxb-annotations-2.13.2.jar:/home/runner/.m2/repository/jakarta/xml/bind/jakarta.xml.bind-api/2.3.3/jakarta.xml.bind-api-2.3.3.jar:/home/runner/.m2/repository/jakarta/activation/jakarta.activation-api/1.2.1/jakarta.activation-api-1.2.1.jar:/home/runner/.m2/repository/javax/enterprise/cdi-api/1.2/cdi-api-1.2.jar:/home/runner/.m2/repository/javax/el/javax.el-api/3.0.0/javax.el-api-3.0.0.jar:/home/runner/.m2/repository/javax/interceptor/javax.interceptor-api/1.2/javax.interceptor-api-1.2.jar:/home/runner/.m2/repository/javax/inject/javax.inject/1/javax.inject-1.jar:/home/runner/.m2/repository/javax/xml/bind/jaxb-api/2.3.0/jaxb-api-2.3.0.jar:/home/runner/.m2/repository/org/glassfish/jaxb/jaxb-runtime/2.3.0.1/jaxb-runtime-2.3.0.1.jar:/home/runner/.m2/repository/org/glassfish/jaxb/jaxb-core/2.3.0.1/jaxb-core-2.3.0.1.jar:/home/runner/.m2/repository/org/glassfish/jaxb/txw2/2.3.0.1/txw2-2.3.0.1.jar:/home/runner/.m2/repository/com/sun/istack/istack-commons-runtime/3.0.5/istack-commons-runtime-3.0.5.jar:/home/runner/.m2/repository/org/jvnet/staxex/stax-ex/1.7.8/stax-ex-1.7.8.jar:/home/runner/.m2/repository/com/sun/xml/fastinfoset/FastInfoset/1.2.13/FastInfoset-1.2.13.jar:/home/runner/.m2/repository/javax/activation/activation/1.1.1/activation-1.1.1.jar:/home/runner/.m2/repository/io/grpc/grpc-protobuf/1.44.0/grpc-protobuf-1.44.0.jar:/home/runner/.m2/repository/io/grpc/grpc-api/1.44.0/grpc-api-1.44.0.jar:/home/runner/.m2/repository/io/grpc/grpc-context/1.44.0/grpc-context-1.44.0.jar:/home/runner/.m2/repository/com/google/api/grpc/proto-google-common-protos/2.0.1/proto-google-common-protos-2.0.1.jar:/home/runner/.m2/repository/io/grpc/grpc-protobuf-lite/1.44.0/grpc-protobuf-lite-1.44.0.jar:/home/runner/.m2/repository/io/grpc/grpc-stub/1.44.0/grpc-stub-1.44.0.jar:/home/runner/.m2/repository/io/netty/netty-transport/4.1.79.Final/netty-transport-4.1.79.Final.jar:/home/runner/.m2/repository/io/netty/netty-resolver/4.1.79.Final/netty-resolver-4.1.79.Final.jar:/home/runner/.m2/repository/org/apache/ozone/ozone-csi/1.3.0-SNAPSHOT/ozone-csi-1.3.0-SNAPSHOT.jar:/home/runner/.m2/repository/com/google/protobuf/protobuf-java-util/3.19.2/protobuf-java-util-3.19.2.jar:/home/runner/.m2/repository/com/google/code/gson/gson/2.9.0/gson-2.9.0.jar:/home/runner/.m2/repository/org/apache/ozone/hdds-config/1.3.0-SNAPSHOT/hdds-config-1.3.0-SNAPSHOT.jar:/home/runner/.m2/repository/io/netty/netty-transport-native-epoll/4.1.79.Final/netty-transport-native-epoll-4.1.79.Final-linux-x86_64.jar:/home/runner/.m2/repository/io/netty/netty-transport-classes-epoll/4.1.79.Final/netty-transport-classes-epoll-4.1.79.Final.jar:/home/runner/.m2/repository/io/netty/netty-transport-native-unix-common/4.1.79.Final/netty-transport-native-unix-common-4.1.79.Final.jar:/home/runner/.m2/repository/org/apache/ozone/ozone-recon/1.3.0-SNAPSHOT/ozone-recon-1.3.0-SNAPSHOT.jar:/home/runner/.m2/repository/org/apache/ozone/ozone-reconcodegen/1.3.0-SNAPSHOT/ozone-reconcodegen-1.3.0-SNAPSHOT.jar:/home/runner/.m2/repository/com/google/inject/extensions/guice-multibindings/4.0/guice-multibindings-4.0.jar:/home/runner/.m2/repository/com/google/inject/guice/4.0/guice-4.0.jar:/home/runner/.m2/repository/aopalliance/aopalliance/1.0/aopalliance-1.0.jar:/home/runner/.m2/repository/com/google/inject/extensions/guice-assistedinject/4.0/guice-assistedinject-4.0.jar:/home/runner/.m2/repository/com/google/inject/extensions/guice-servlet/4.0/guice-servlet-4.0.jar:/home/runner/.m2/repository/org/glassfish/jersey/containers/jersey-container-servlet/2.33/jersey-container-servlet-2.33.jar:/home/runner/.m2/repository/org/glassfish/hk2/guice-bridge/2.5.0/guice-bridge-2.5.0.jar:/home/runner/.m2/repository/org/glassfish/jersey/core/jersey-server/2.33/jersey-server-2.33.jar:/home/runner/.m2/repository/org/glassfish/jersey/core/jersey-client/2.33/jersey-client-2.33.jar:/home/runner/.m2/repository/jakarta/annotation/jakarta.annotation-api/1.3.5/jakarta.annotation-api-1.3.5.jar:/home/runner/.m2/repository/jakarta/validation/jakarta.validation-api/2.0.2/jakarta.validation-api-2.0.2.jar:/home/runner/.m2/repository/org/glassfish/jersey/media/jersey-media-json-jackson/2.33/jersey-media-json-jackson-2.33.jar:/home/runner/.m2/repository/org/glassfish/jersey/ext/jersey-entity-filtering/2.33/jersey-entity-filtering-2.33.jar:/home/runner/.m2/repository/org/jooq/jooq/3.11.10/jooq-3.11.10.jar:/home/runner/.m2/repository/org/jooq/jooq-meta/3.11.10/jooq-meta-3.11.10.jar:/home/runner/.m2/repository/org/jooq/jooq-codegen/3.11.10/jooq-codegen-3.11.10.jar:/home/runner/.m2/repository/com/jolbox/bonecp/0.8.0.RELEASE/bonecp-0.8.0.RELEASE.jar:/home/runner/.m2/repository/org/apache/derby/derby/10.14.2.0/derby-10.14.2.0.jar:/home/runner/.m2/repository/org/xerial/sqlite-jdbc/3.25.2/sqlite-jdbc-3.25.2.jar:/home/runner/.m2/repository/org/springframework/spring-jdbc/5.2.20.RELEASE/spring-jdbc-5.2.20.RELEASE.jar:/home/runner/.m2/repository/org/springframework/spring-beans/5.2.20.RELEASE/spring-beans-5.2.20.RELEASE.jar:/home/runner/.m2/repository/org/springframework/spring-core/5.2.20.RELEASE/spring-core-5.2.20.RELEASE.jar:/home/runner/.m2/repository/org/springframework/spring-jcl/5.2.20.RELEASE/spring-jcl-5.2.20.RELEASE.jar:/home/runner/.m2/repository/org/springframework/spring-tx/5.2.20.RELEASE/spring-tx-5.2.20.RELEASE.jar:/home/runner/.m2/repository/org/apache/ozone/ozone-client/1.3.0-SNAPSHOT/ozone-client-1.3.0-SNAPSHOT.jar:/home/runner/.m2/repository/org/apache/ozone/hdds-erasurecode/1.3.0-SNAPSHOT/hdds-erasurecode-1.3.0-SNAPSHOT.jar:/home/runner/.m2/repository/com/github/spotbugs/spotbugs-annotations/3.1.12/spotbugs-annotations-3.1.12.jar:/home/runner/.m2/repository/org/apache/ozone/ozone-filesystem/1.3.0-SNAPSHOT/ozone-filesystem-1.3.0-SNAPSHOT.jar:/home/runner/.m2/repository/org/apache/ozone/ozone-filesystem-common/1.3.0-SNAPSHOT/ozone-filesystem-common-1.3.0-SNAPSHOT.jar:/home/runner/.m2/repository/org/apache/ozone/ozone-tools/1.3.0-SNAPSHOT/ozone-tools-1.3.0-SNAPSHOT.jar:/home/runner/.m2/repository/org/apache/ratis/ratis-tools/2.3.0/ratis-tools-2.3.0.jar:/home/runner/.m2/repository/com/amazonaws/aws-java-sdk-core/1.12.261/aws-java-sdk-core-1.12.261.jar:/home/runner/.m2/repository/org/apache/httpcomponents/httpclient/4.5.13/httpclient-4.5.13.jar:/home/runner/.m2/repository/org/apache/httpcomponents/httpcore/4.4.13/httpcore-4.4.13.jar:/home/runner/.m2/repository/software/amazon/ion/ion-java/1.0.2/ion-java-1.0.2.jar:/home/runner/.m2/repository/com/fasterxml/jackson/dataformat/jackson-dataformat-cbor/2.13.2/jackson-dataformat-cbor-2.13.2.jar:/home/runner/.m2/repository/joda-time/joda-time/2.8.1/joda-time-2.8.1.jar:/home/runner/.m2/repository/com/amazonaws/aws-java-sdk-s3/1.12.261/aws-java-sdk-s3-1.12.261.jar:/home/runner/.m2/repository/com/amazonaws/aws-java-sdk-kms/1.12.261/aws-java-sdk-kms-1.12.261.jar:/home/runner/.m2/repository/com/amazonaws/jmespath-java/1.12.261/jmespath-java-1.12.261.jar:/home/runner/.m2/repository/org/kohsuke/metainf-services/metainf-services/1.8/metainf-services-1.8.jar:/home/runner/.m2/repository/org/apache/ozone/hdds-tools/1.3.0-SNAPSHOT/hdds-tools-1.3.0-SNAPSHOT.jar:/home/runner/.m2/repository/commons-cli/commons-cli/1.2/commons-cli-1.2.jar:/home/runner/.m2/repository/org/apache/commons/commons-lang3/3.7/commons-lang3-3.7.jar:/home/runner/.m2/repository/org/apache/ozone/ozone-manager/1.3.0-SNAPSHOT/ozone-manager-1.3.0-SNAPSHOT-tests.jar:/home/runner/.m2/repository/org/apache/ozone/hdds-common/1.3.0-SNAPSHOT/hdds-common-1.3.0-SNAPSHOT-tests.jar:/home/runner/.m2/repository/org/apache/ozone/hdds-hadoop-dependency-client/1.3.0-SNAPSHOT/hdds-hadoop-dependency-client-1.3.0-SNAPSHOT.jar:/home/runner/.m2/repository/info/picocli/picocli/4.6.1/picocli-4.6.1.jar:/home/runner/.m2/repository/com/fasterxml/jackson/core/jackson-annotations/2.13.2/jackson-annotations-2.13.2.jar:/home/runner/.m2/repository/com/fasterxml/jackson/datatype/jackson-datatype-jsr310/2.13.2/jackson-datatype-jsr310-2.13.2.jar:/home/runner/.m2/repository/javax/annotation/javax.annotation-api/1.2/javax.annotation-api-1.2.jar:/home/runner/.m2/repository/org/apache/ratis/ratis-server/2.3.0/ratis-server-2.3.0.jar:/home/runner/.m2/repository/org/apache/ratis/ratis-client/2.3.0/ratis-client-2.3.0.jar:/home/runner/.m2/repository/org/apache/ratis/ratis-server-api/2.3.0/ratis-server-api-2.3.0.jar:/home/runner/.m2/repository/org/apache/ratis/ratis-metrics/2.3.0/ratis-metrics-2.3.0.jar:/home/runner/.m2/repository/org/apache/ratis/ratis-netty/2.3.0/ratis-netty-2.3.0.jar:/home/runner/.m2/repository/org/apache/ratis/ratis-grpc/2.3.0/ratis-grpc-2.3.0.jar:/home/runner/.m2/repository/org/apache/logging/log4j/log4j-api/2.17.1/log4j-api-2.17.1.jar:/home/runner/.m2/repository/org/apache/commons/commons-pool2/2.6.0/commons-pool2-2.6.0.jar:/home/runner/.m2/repository/org/bouncycastle/bcpkix-jdk15on/1.67/bcpkix-jdk15on-1.67.jar:/home/runner/.m2/repository/commons-validator/commons-validator/1.6/commons-validator-1.6.jar:/home/runner/.m2/repository/commons-beanutils/commons-beanutils/1.9.4/commons-beanutils-1.9.4.jar:/home/runner/.m2/repository/commons-digester/commons-digester/1.8.1/commons-digester-1.8.1.jar:/home/runner/.m2/repository/commons-collections/commons-collections/3.2.2/commons-collections-3.2.2.jar:/home/runner/.m2/repository/io/jaegertracing/jaeger-client/1.6.0/jaeger-client-1.6.0.jar:/home/runner/.m2/repository/io/jaegertracing/jaeger-thrift/1.6.0/jaeger-thrift-1.6.0.jar:/home/runner/.m2/repository/org/apache/thrift/libthrift/0.14.1/libthrift-0.14.1.jar:/home/runner/.m2/repository/com/squareup/okhttp3/okhttp/4.9.0/okhttp-4.9.0.jar:/home/runner/.m2/repository/com/squareup/okio/okio/2.8.0/okio-2.8.0.jar:/home/runner/.m2/repository/io/jaegertracing/jaeger-core/1.6.0/jaeger-core-1.6.0.jar:/home/runner/.m2/repository/io/jaegertracing/jaeger-tracerresolver/1.6.0/jaeger-tracerresolver-1.6.0.jar:/home/runner/.m2/repository/io/opentracing/contrib/opentracing-tracerresolver/0.1.8/opentracing-tracerresolver-0.1.8.jar:/home/runner/.m2/repository/org/jetbrains/kotlin/kotlin-stdlib/1.6.21/kotlin-stdlib-1.6.21.jar:/home/runner/.m2/repository/org/jetbrains/kotlin/kotlin-stdlib-common/1.6.21/kotlin-stdlib-common-1.6.21.jar:/home/runner/.m2/repository/org/jetbrains/annotations/13.0/annotations-13.0.jar:/home/runner/.m2/repository/io/opentracing/opentracing-util/0.33.0/opentracing-util-0.33.0.jar:/home/runner/.m2/repository/io/opentracing/opentracing-api/0.33.0/opentracing-api-0.33.0.jar:/home/runner/.m2/repository/io/opentracing/opentracing-noop/0.33.0/opentracing-noop-0.33.0.jar:/home/runner/.m2/repository/org/yaml/snakeyaml/1.26/snakeyaml-1.26.jar:/home/runner/.m2/repository/org/apache/ozone/hdds-interface-admin/1.3.0-SNAPSHOT/hdds-interface-admin-1.3.0-SNAPSHOT.jar:/home/runner/.m2/repository/junit/junit/4.13.1/junit-4.13.1.jar:/home/runner/.m2/repository/org/hamcrest/hamcrest-core/1.3/hamcrest-core-1.3.jar:/home/runner/.m2/repository/org/junit/jupiter/junit-jupiter-api/5.8.2/junit-jupiter-api-5.8.2.jar:/home/runner/.m2/repository/org/opentest4j/opentest4j/1.2.0/opentest4j-1.2.0.jar:/home/runner/.m2/repository/org/junit/platform/junit-platform-commons/1.8.2/junit-platform-commons-1.8.2.jar:/home/runner/.m2/repository/org/apiguardian/apiguardian-api/1.1.2/apiguardian-api-1.1.2.jar:/home/runner/.m2/repository/org/junit/jupiter/junit-jupiter-params/5.8.2/junit-jupiter-params-5.8.2.jar:/home/runner/.m2/repository/org/junit/jupiter/junit-jupiter-migrationsupport/5.8.2/junit-jupiter-migrationsupport-5.8.2.jar:/home/runner/.m2/repository/org/junit/jupiter/junit-jupiter-engine/5.8.2/junit-jupiter-engine-5.8.2.jar:/home/runner/.m2/repository/org/junit/platform/junit-platform-engine/1.8.2/junit-platform-engine-1.8.2.jar:/home/runner/.m2/repository/org/junit/vintage/junit-vintage-engine/5.8.2/junit-vintage-engine-5.8.2.jar:/home/runner/.m2/repository/org/junit/platform/junit-platform-launcher/1.8.2/junit-platform-launcher-1.8.2.jar:/home/runner/.m2/repository/org/mockito/mockito-core/2.28.2/mockito-core-2.28.2.jar:/home/runner/.m2/repository/net/bytebuddy/byte-buddy/1.9.10/byte-buddy-1.9.10.jar:/home/runner/.m2/repository/net/bytebuddy/byte-buddy-agent/1.9.10/byte-buddy-agent-1.9.10.jar:/home/runner/.m2/repository/org/objenesis/objenesis/1.0/objenesis-1.0.jar:/home/runner/.m2/repository/org/apache/hadoop/hadoop-kms/3.3.1/hadoop-kms-3.3.1.jar:/home/runner/.m2/repository/org/apache/hadoop/hadoop-auth/3.3.1/hadoop-auth-3.3.1.jar:/home/runner/.m2/repository/com/nimbusds/nimbus-jose-jwt/7.9/nimbus-jose-jwt-7.9.jar:/home/runner/.m2/repository/com/github/stephenc/jcip/jcip-annotations/1.0-1/jcip-annotations-1.0-1.jar:/home/runner/.m2/repository/net/minidev/json-smart/2.4.7/json-smart-2.4.7.jar:/home/runner/.m2/repository/net/minidev/accessors-smart/2.4.7/accessors-smart-2.4.7.jar:/home/runner/.m2/repository/org/ow2/asm/asm/5.0.4/asm-5.0.4.jar:/home/runner/.m2/repository/org/apache/zookeeper/zookeeper/3.5.6/zookeeper-3.5.6.jar:/home/runner/.m2/repository/org/apache/zookeeper/zookeeper-jute/3.5.6/zookeeper-jute-3.5.6.jar:/home/runner/.m2/repository/org/apache/yetus/audience-annotations/0.5.0/audience-annotations-0.5.0.jar:/home/runner/.m2/repository/org/apache/curator/curator-framework/4.2.0/curator-framework-4.2.0.jar:/home/runner/.m2/repository/org/apache/hadoop/thirdparty/hadoop-shaded-guava/1.1.1/hadoop-shaded-guava-1.1.1.jar:/home/runner/.m2/repository/com/sun/jersey/jersey-core/1.19/jersey-core-1.19.jar:/home/runner/.m2/repository/javax/ws/rs/jsr311-api/1.1.1/jsr311-api-1.1.1.jar:/home/runner/.m2/repository/com/sun/jersey/jersey-server/1.19/jersey-server-1.19.jar:/home/runner/.m2/repository/javax/servlet/javax.servlet-api/3.1.0/javax.servlet-api-3.1.0.jar:/home/runner/.m2/repository/org/eclipse/jetty/jetty-server/9.4.43.v20210629/jetty-server-9.4.43.v20210629.jar:/home/runner/.m2/repository/org/eclipse/jetty/jetty-http/9.4.43.v20210629/jetty-http-9.4.43.v20210629.jar:/home/runner/.m2/repository/org/eclipse/jetty/jetty-io/9.4.43.v20210629/jetty-io-9.4.43.v20210629.jar:/home/runner/.m2/repository/org/eclipse/jetty/jetty-webapp/9.4.43.v20210629/jetty-webapp-9.4.43.v20210629.jar:/home/runner/.m2/repository/org/eclipse/jetty/jetty-xml/9.4.43.v20210629/jetty-xml-9.4.43.v20210629.jar:/home/runner/.m2/repository/org/apache/hadoop/hadoop-common/3.3.1/hadoop-common-3.3.1.jar:/home/runner/.m2/repository/org/apache/commons/commons-math3/3.1.1/commons-math3-3.1.1.jar:/home/runner/.m2/repository/commons-net/commons-net/3.6/commons-net-3.6.jar:/home/runner/.m2/repository/com/sun/jersey/jersey-servlet/1.19/jersey-servlet-1.19.jar:/home/runner/.m2/repository/com/sun/jersey/jersey-json/1.19/jersey-json-1.19.jar:/home/runner/.m2/repository/org/codehaus/jettison/jettison/1.1/jettison-1.1.jar:/home/runner/.m2/repository/com/sun/xml/bind/jaxb-impl/2.2.3-1/jaxb-impl-2.2.3-1.jar:/home/runner/.m2/repository/org/codehaus/jackson/jackson-xc/1.9.2/jackson-xc-1.9.2.jar:/home/runner/.m2/repository/org/apache/commons/commons-configuration2/2.1.1/commons-configuration2-2.1.1.jar:/home/runner/.m2/repository/org/apache/commons/commons-text/1.4/commons-text-1.4.jar:/home/runner/.m2/repository/com/google/re2j/re2j/1.1/re2j-1.1.jar:/home/runner/.m2/repository/com/jcraft/jsch/0.1.54/jsch-0.1.54.jar:/home/runner/.m2/repository/org/apache/curator/curator-client/4.2.0/curator-client-4.2.0.jar:/home/runner/.m2/repository/org/apache/curator/curator-recipes/4.2.0/curator-recipes-4.2.0.jar:/home/runner/.m2/repository/org/apache/kerby/kerb-core/1.0.1/kerb-core-1.0.1.jar:/home/runner/.m2/repository/org/apache/kerby/kerby-pkix/1.0.1/kerby-pkix-1.0.1.jar:/home/runner/.m2/repository/org/apache/kerby/kerby-asn1/1.0.1/kerby-asn1-1.0.1.jar:/home/runner/.m2/repository/org/apache/kerby/kerby-util/1.0.1/kerby-util-1.0.1.jar:/home/runner/.m2/repository/dnsjava/dnsjava/2.1.7/dnsjava-2.1.7.jar:/home/runner/.m2/repository/org/xerial/snappy/snappy-java/1.1.8.2/snappy-java-1.1.8.2.jar:/home/runner/.m2/repository/org/slf4j/jul-to-slf4j/1.7.30/jul-to-slf4j-1.7.30.jar:/home/runner/.m2/repository/org/eclipse/jetty/jetty-util/9.4.43.v20210629/jetty-util-9.4.43.v20210629.jar:/home/runner/.m2/repository/com/fasterxml/jackson/core/jackson-databind/2.13.2.2/jackson-databind-2.13.2.2.jar:/home/runner/.m2/repository/org/apache/hadoop/hadoop-kms/3.3.1/hadoop-kms-3.3.1-tests.jar:/home/runner/.m2/repository/org/apache/ozone/hdds-server-scm/1.3.0-SNAPSHOT/hdds-server-scm-1.3.0-SNAPSHOT-tests.jar:/home/runner/.m2/repository/org/apache/ozone/hdds-container-service/1.3.0-SNAPSHOT/hdds-container-service-1.3.0-SNAPSHOT-tests.jar:/home/runner/.m2/repository/commons-codec/commons-codec/1.11/commons-codec-1.11.jar:/home/runner/.m2/repository/io/netty/netty-codec/4.1.79.Final/netty-codec-4.1.79.Final.jar:/home/runner/.m2/repository/io/netty/netty-handler/4.1.79.Final/netty-handler-4.1.79.Final.jar:/home/runner/.m2/repository/org/apache/ozone/hdds-hadoop-dependency-test/1.3.0-SNAPSHOT/hdds-hadoop-dependency-test-1.3.0-SNAPSHOT.jar:/home/runner/.m2/repository/org/apache/hadoop/hadoop-common/3.3.1/hadoop-common-3.3.1-tests.jar:/home/runner/.m2/repository/org/assertj/assertj-core/3.12.2/assertj-core-3.12.2.jar:/home/runner/.m2/repository/org/apache/hadoop/hadoop-hdfs/3.3.1/hadoop-hdfs-3.3.1-tests.jar:/home/runner/.m2/repository/org/eclipse/jetty/jetty-util-ajax/9.4.43.v20210629/jetty-util-ajax-9.4.43.v20210629.jar:/home/runner/.m2/repository/commons-daemon/commons-daemon/1.0.13/commons-daemon-1.0.13.jar:/home/runner/.m2/repository/io/netty/netty/3.10.6.Final/netty-3.10.6.Final.jar:/home/runner/.m2/repository/io/netty/netty-all/4.1.79.Final/netty-all-4.1.79.Final.jar:/home/runner/.m2/repository/io/netty/netty-codec-dns/4.1.79.Final/netty-codec-dns-4.1.79.Final.jar:/home/runner/.m2/repository/io/netty/netty-codec-haproxy/4.1.79.Final/netty-codec-haproxy-4.1.79.Final.jar:/home/runner/.m2/repository/io/netty/netty-codec-memcache/4.1.79.Final/netty-codec-memcache-4.1.79.Final.jar:/home/runner/.m2/repository/io/netty/netty-codec-mqtt/4.1.79.Final/netty-codec-mqtt-4.1.79.Final.jar:/home/runner/.m2/repository/io/netty/netty-codec-redis/4.1.79.Final/netty-codec-redis-4.1.79.Final.jar:/home/runner/.m2/repository/io/netty/netty-codec-smtp/4.1.79.Final/netty-codec-smtp-4.1.79.Final.jar:/home/runner/.m2/repository/io/netty/netty-codec-stomp/4.1.79.Final/netty-codec-stomp-4.1.79.Final.jar:/home/runner/.m2/repository/io/netty/netty-codec-xml/4.1.79.Final/netty-codec-xml-4.1.79.Final.jar:/home/runner/.m2/repository/io/netty/netty-resolver-dns/4.1.79.Final/netty-resolver-dns-4.1.79.Final.jar:/home/runner/.m2/repository/io/netty/netty-transport-rxtx/4.1.79.Final/netty-transport-rxtx-4.1.79.Final.jar:/home/runner/.m2/repository/io/netty/netty-transport-sctp/4.1.79.Final/netty-transport-sctp-4.1.79.Final.jar:/home/runner/.m2/repository/io/netty/netty-transport-udt/4.1.79.Final/netty-transport-udt-4.1.79.Final.jar:/home/runner/.m2/repository/io/netty/netty-transport-classes-kqueue/4.1.79.Final/netty-transport-classes-kqueue-4.1.79.Final.jar:/home/runner/.m2/repository/io/netty/netty-resolver-dns-classes-macos/4.1.79.Final/netty-resolver-dns-classes-macos-4.1.79.Final.jar:/home/runner/.m2/repository/io/netty/netty-transport-native-epoll/4.1.79.Final/netty-transport-native-epoll-4.1.79.Final-linux-aarch_64.jar:/home/runner/.m2/repository/io/netty/netty-transport-native-kqueue/4.1.79.Final/netty-transport-native-kqueue-4.1.79.Final-osx-x86_64.jar:/home/runner/.m2/repository/io/netty/netty-transport-native-kqueue/4.1.79.Final/netty-transport-native-kqueue-4.1.79.Final-osx-aarch_64.jar:/home/runner/.m2/repository/io/netty/netty-resolver-dns-native-macos/4.1.79.Final/netty-resolver-dns-native-macos-4.1.79.Final-osx-x86_64.jar:/home/runner/.m2/repository/io/netty/netty-resolver-dns-native-macos/4.1.79.Final/netty-resolver-dns-native-macos-4.1.79.Final-osx-aarch_64.jar:/home/runner/.m2/repository/org/apache/htrace/htrace-core4/4.1.0-incubating/htrace-core4-4.1.0-incubating.jar:/home/runner/.m2/repository/org/fusesource/leveldbjni/leveldbjni-all/1.8/leveldbjni-all-1.8.jar:/home/runner/.m2/repository/org/apache/hadoop/hadoop-distcp/3.3.1/hadoop-distcp-3.3.1.jar:/home/runner/.m2/repository/org/apache/hadoop/hadoop-mapreduce-client-jobclient/3.3.1/hadoop-mapreduce-client-jobclient-3.3.1.jar:/home/runner/.m2/repository/org/apache/hadoop/hadoop-mapreduce-client-common/3.3.1/hadoop-mapreduce-client-common-3.3.1.jar:/home/runner/.m2/repository/org/apache/hadoop/hadoop-yarn-common/3.3.1/hadoop-yarn-common-3.3.1.jar:/home/runner/.m2/repository/org/apache/hadoop/hadoop-yarn-api/3.3.1/hadoop-yarn-api-3.3.1.jar:/home/runner/.m2/repository/com/sun/jersey/contribs/jersey-guice/1.19/jersey-guice-1.19.jar:/home/runner/.m2/repository/com/fasterxml/jackson/jaxrs/jackson-jaxrs-json-provider/2.13.2/jackson-jaxrs-json-provider-2.13.2.jar:/home/runner/.m2/repository/com/fasterxml/jackson/jaxrs/jackson-jaxrs-base/2.13.2/jackson-jaxrs-base-2.13.2.jar:/home/runner/.m2/repository/org/apache/hadoop/hadoop-yarn-client/3.3.1/hadoop-yarn-client-3.3.1.jar:/home/runner/.m2/repository/org/eclipse/jetty/websocket/websocket-client/9.4.40.v20210413/websocket-client-9.4.40.v20210413.jar:/home/runner/.m2/repository/org/eclipse/jetty/websocket/websocket-common/9.4.40.v20210413/websocket-common-9.4.40.v20210413.jar:/home/runner/.m2/repository/org/eclipse/jetty/websocket/websocket-api/9.4.40.v20210413/websocket-api-9.4.40.v20210413.jar:/home/runner/.m2/repository/org/jline/jline/3.9.0/jline-3.9.0.jar:/home/runner/.m2/repository/org/apache/hadoop/hadoop-mapreduce-client-core/3.3.1/hadoop-mapreduce-client-core-3.3.1.jar:/home/runner/.m2/repository/org/apache/avro/avro/1.7.7/avro-1.7.7.jar:/home/runner/.m2/repository/org/codehaus/jackson/jackson-core-asl/1.9.13/jackson-core-asl-1.9.13.jar:/home/runner/.m2/repository/org/codehaus/jackson/jackson-mapper-asl/1.9.13/jackson-mapper-asl-1.9.13.jar:/home/runner/.m2/repository/com/thoughtworks/paranamer/paranamer/2.3/paranamer-2.3.jar:/home/runner/.m2/repository/org/apache/hadoop/hadoop-annotations/3.3.1/hadoop-annotations-3.3.1.jar:/usr/lib/jvm/temurin-8-jdk-amd64/jre/../lib/tools.jar:/home/runner/.m2/repository/org/apache/hadoop/hadoop-distcp/3.3.1/hadoop-distcp-3.3.1-tests.jar:/home/runner/.m2/repository/org/apache/ratis/ratis-common/2.3.0/ratis-common-2.3.0.jar:/home/runner/.m2/repository/org/apache/ratis/ratis-thirdparty-misc/1.0.0/ratis-thirdparty-misc-1.0.0.jar:/home/runner/.m2/repository/org/apache/ratis/ratis-proto/2.3.0/ratis-proto-2.3.0.jar:/home/runner/.m2/repository/org/apache/ozone/ozone-annotation-processing/1.3.0-SNAPSHOT/ozone-annotation-processing-1.3.0-SNAPSHOT.jar:"/>
    <property name="java.vm.vendor" value="Temurin"/>
    <property name="sun.arch.data.model" value="64"/>
    <property name="test.build.dir" value="/home/runner/work/ozone/ozone/hadoop-ozone/integration-test/target/test-dir"/>
    <property name="test.cache.data" value=""/>
    <property name="java.vendor.url" value="https://adoptium.net/"/>
    <property name="user.timezone" value="Etc/UTC"/>
    <property name="java.vm.specification.version" value="1.8"/>
    <property name="os.name" value="Linux"/>
    <property name="test.build.data" value="/home/runner/work/ozone/ozone/hadoop-ozone/integration-test/target/test-dir"/>
    <property name="sun.java.launcher" value="SUN_STANDARD"/>
    <property name="sun.boot.library.path" value="/usr/lib/jvm/temurin-8-jdk-amd64/jre/lib/amd64"/>
    <property name="sun.java.command" value="/home/runner/work/ozone/ozone/hadoop-ozone/integration-test/target/surefire/surefirebooter3331250276094208323.jar /home/runner/work/ozone/ozone/hadoop-ozone/integration-test/target/surefire 2022-08-05T06-55-27_254-jvmRun1 surefire1741039498615833254tmp surefire_37502300492892969146tmp"/>
    <property name="surefire.test.class.path" value="/home/runner/work/ozone/ozone/hadoop-ozone/integration-test/target/test-classes:/home/runner/work/ozone/ozone/hadoop-ozone/integration-test/target/classes:/home/runner/.m2/repository/org/apache/ozone/ozone-common/1.3.0-SNAPSHOT/ozone-common-1.3.0-SNAPSHOT.jar:/home/runner/.m2/repository/io/grpc/grpc-netty/1.44.0/grpc-netty-1.44.0.jar:/home/runner/.m2/repository/io/grpc/grpc-core/1.44.0/grpc-core-1.44.0.jar:/home/runner/.m2/repository/com/google/android/annotations/4.1.1.4/annotations-4.1.1.4.jar:/home/runner/.m2/repository/org/codehaus/mojo/animal-sniffer-annotations/1.19/animal-sniffer-annotations-1.19.jar:/home/runner/.m2/repository/com/google/errorprone/error_prone_annotations/2.2.0/error_prone_annotations-2.2.0.jar:/home/runner/.m2/repository/io/perfmark/perfmark-api/0.23.0/perfmark-api-0.23.0.jar:/home/runner/.m2/repository/io/netty/netty-codec-http2/4.1.79.Final/netty-codec-http2-4.1.79.Final.jar:/home/runner/.m2/repository/io/netty/netty-common/4.1.79.Final/netty-common-4.1.79.Final.jar:/home/runner/.m2/repository/io/netty/netty-buffer/4.1.79.Final/netty-buffer-4.1.79.Final.jar:/home/runner/.m2/repository/io/netty/netty-codec-http/4.1.79.Final/netty-codec-http-4.1.79.Final.jar:/home/runner/.m2/repository/io/netty/netty-handler-proxy/4.1.79.Final/netty-handler-proxy-4.1.79.Final.jar:/home/runner/.m2/repository/io/netty/netty-codec-socks/4.1.79.Final/netty-codec-socks-4.1.79.Final.jar:/home/runner/.m2/repository/io/netty/netty-tcnative-boringssl-static/2.0.53.Final/netty-tcnative-boringssl-static-2.0.53.Final.jar:/home/runner/.m2/repository/io/netty/netty-tcnative-classes/2.0.53.Final/netty-tcnative-classes-2.0.53.Final.jar:/home/runner/.m2/repository/io/netty/netty-tcnative-boringssl-static/2.0.53.Final/netty-tcnative-boringssl-static-2.0.53.Final-linux-x86_64.jar:/home/runner/.m2/repository/io/netty/netty-tcnative-boringssl-static/2.0.53.Final/netty-tcnative-boringssl-static-2.0.53.Final-linux-aarch_64.jar:/home/runner/.m2/repository/io/netty/netty-tcnative-boringssl-static/2.0.53.Final/netty-tcnative-boringssl-static-2.0.53.Final-osx-x86_64.jar:/home/runner/.m2/repository/io/netty/netty-tcnative-boringssl-static/2.0.53.Final/netty-tcnative-boringssl-static-2.0.53.Final-osx-aarch_64.jar:/home/runner/.m2/repository/io/netty/netty-tcnative-boringssl-static/2.0.53.Final/netty-tcnative-boringssl-static-2.0.53.Final-windows-x86_64.jar:/home/runner/.m2/repository/org/apache/commons/commons-compress/1.21/commons-compress-1.21.jar:/home/runner/.m2/repository/org/apache/ozone/hdds-common/1.3.0-SNAPSHOT/hdds-common-1.3.0-SNAPSHOT.jar:/home/runner/.m2/repository/org/apache/ozone/hdds-client/1.3.0-SNAPSHOT/hdds-client-1.3.0-SNAPSHOT.jar:/home/runner/.m2/repository/org/apache/ozone/ozone-interface-client/1.3.0-SNAPSHOT/ozone-interface-client-1.3.0-SNAPSHOT.jar:/home/runner/.m2/repository/org/apache/ozone/hdds-test-utils/1.3.0-SNAPSHOT/hdds-test-utils-1.3.0-SNAPSHOT.jar:/home/runner/.m2/repository/com/google/guava/guava/31.1-jre/guava-31.1-jre.jar:/home/runner/.m2/repository/com/google/guava/failureaccess/1.0.1/failureaccess-1.0.1.jar:/home/runner/.m2/repository/com/google/guava/listenablefuture/9999.0-empty-to-avoid-conflict-with-guava/listenablefuture-9999.0-empty-to-avoid-conflict-with-guava.jar:/home/runner/.m2/repository/com/google/code/findbugs/jsr305/3.0.0/jsr305-3.0.0.jar:/home/runner/.m2/repository/org/checkerframework/checker-qual/3.12.0/checker-qual-3.12.0.jar:/home/runner/.m2/repository/com/google/j2objc/j2objc-annotations/1.3/j2objc-annotations-1.3.jar:/home/runner/.m2/repository/commons-io/commons-io/2.11.0/commons-io-2.11.0.jar:/home/runner/.m2/repository/commons-logging/commons-logging/1.2/commons-logging-1.2.jar:/home/runner/.m2/repository/log4j/log4j/1.2.17/log4j-1.2.17.jar:/home/runner/.m2/repository/org/slf4j/slf4j-api/1.7.30/slf4j-api-1.7.30.jar:/home/runner/.m2/repository/org/apache/ozone/hdds-server-scm/1.3.0-SNAPSHOT/hdds-server-scm-1.3.0-SNAPSHOT.jar:/home/runner/.m2/repository/org/apache/ozone/hdds-container-service/1.3.0-SNAPSHOT/hdds-container-service-1.3.0-SNAPSHOT.jar:/home/runner/.m2/repository/org/apache/ozone/hdds-hadoop-dependency-server/1.3.0-SNAPSHOT/hdds-hadoop-dependency-server-1.3.0-SNAPSHOT.jar:/home/runner/.m2/repository/org/apache/hadoop/hadoop-hdfs/3.3.1/hadoop-hdfs-3.3.1.jar:/home/runner/.m2/repository/org/apache/ozone/hdds-server-framework/1.3.0-SNAPSHOT/hdds-server-framework-1.3.0-SNAPSHOT.jar:/home/runner/.m2/repository/org/apache/ozone/hdds-interface-server/1.3.0-SNAPSHOT/hdds-interface-server-1.3.0-SNAPSHOT.jar:/home/runner/.m2/repository/org/apache/logging/log4j/log4j-core/2.17.1/log4j-core-2.17.1.jar:/home/runner/.m2/repository/com/lmax/disruptor/3.4.2/disruptor-3.4.2.jar:/home/runner/.m2/repository/org/eclipse/jetty/jetty-servlet/9.4.43.v20210629/jetty-servlet-9.4.43.v20210629.jar:/home/runner/.m2/repository/org/eclipse/jetty/jetty-security/9.4.43.v20210629/jetty-security-9.4.43.v20210629.jar:/home/runner/.m2/repository/org/rocksdb/rocksdbjni/6.29.5/rocksdbjni-6.29.5.jar:/home/runner/.m2/repository/io/prometheus/simpleclient_dropwizard/0.7.0/simpleclient_dropwizard-0.7.0.jar:/home/runner/.m2/repository/io/prometheus/simpleclient/0.7.0/simpleclient-0.7.0.jar:/home/runner/.m2/repository/io/prometheus/simpleclient_common/0.7.0/simpleclient_common-0.7.0.jar:/home/runner/.m2/repository/io/dropwizard/metrics/metrics-core/3.2.4/metrics-core-3.2.4.jar:/home/runner/.m2/repository/org/apache/hadoop/hadoop-hdfs-client/3.3.1/hadoop-hdfs-client-3.3.1.jar:/home/runner/.m2/repository/org/bouncycastle/bcprov-jdk15on/1.67/bcprov-jdk15on-1.67.jar:/home/runner/.m2/repository/com/google/protobuf/protobuf-java/2.5.0/protobuf-java-2.5.0.jar:/home/runner/.m2/repository/org/apache/ozone/ozone-manager/1.3.0-SNAPSHOT/ozone-manager-1.3.0-SNAPSHOT.jar:/home/runner/.m2/repository/org/aspectj/aspectjrt/1.9.7/aspectjrt-1.9.7.jar:/home/runner/.m2/repository/org/aspectj/aspectjweaver/1.9.7/aspectjweaver-1.9.7.jar:/home/runner/.m2/repository/org/apache/ozone/hdds-interface-client/1.3.0-SNAPSHOT/hdds-interface-client-1.3.0-SNAPSHOT.jar:/home/runner/.m2/repository/org/apache/hadoop/thirdparty/hadoop-shaded-protobuf_3_7/1.1.1/hadoop-shaded-protobuf_3_7-1.1.1.jar:/home/runner/.m2/repository/org/apache/ozone/ozone-interface-storage/1.3.0-SNAPSHOT/ozone-interface-storage-1.3.0-SNAPSHOT.jar:/home/runner/.m2/repository/org/reflections/reflections/0.9.11/reflections-0.9.11.jar:/home/runner/.m2/repository/com/sun/jersey/jersey-client/1.19/jersey-client-1.19.jar:/home/runner/.m2/repository/org/apache/ranger/ranger-intg/2.3.0/ranger-intg-2.3.0.jar:/home/runner/.m2/repository/org/apache/ranger/ranger-plugins-common/2.3.0/ranger-plugins-common-2.3.0.jar:/home/runner/.m2/repository/commons-lang/commons-lang/2.6/commons-lang-2.6.jar:/home/runner/.m2/repository/org/codehaus/jackson/jackson-jaxrs/1.9.13/jackson-jaxrs-1.9.13.jar:/home/runner/.m2/repository/org/apache/ranger/ranger-plugins-cred/2.3.0/ranger-plugins-cred-2.3.0.jar:/home/runner/.m2/repository/org/apache/ranger/ranger-plugins-audit/2.3.0/ranger-plugins-audit-2.3.0.jar:/home/runner/.m2/repository/org/apache/kafka/kafka-clients/2.8.1/kafka-clients-2.8.1.jar:/home/runner/.m2/repository/com/github/luben/zstd-jni/1.4.9-1/zstd-jni-1.4.9-1.jar:/home/runner/.m2/repository/org/apache/solr/solr-solrj/8.6.3/solr-solrj-8.6.3.jar:/home/runner/.m2/repository/org/slf4j/jcl-over-slf4j/1.7.24/jcl-over-slf4j-1.7.24.jar:/home/runner/.m2/repository/org/eclipse/jetty/jetty-client/9.4.31.v20200723/jetty-client-9.4.31.v20200723.jar:/home/runner/.m2/repository/org/apache/httpcomponents/httpmime/4.5.6/httpmime-4.5.6.jar:/home/runner/.m2/repository/org/apache/httpcomponents/httpcore-nio/4.4.6/httpcore-nio-4.4.6.jar:/home/runner/.m2/repository/org/apache/httpcomponents/httpasyncclient/4.1.3/httpasyncclient-4.1.3.jar:/home/runner/.m2/repository/com/carrotsearch/hppc/0.8.0/hppc-0.8.0.jar:/home/runner/.m2/repository/org/apache/hive/hive-storage-api/2.7.2/hive-storage-api-2.7.2.jar:/home/runner/.m2/repository/org/apache/orc/orc-core/1.5.8/orc-core-1.5.8.jar:/home/runner/.m2/repository/com/amazonaws/aws-java-sdk-bundle/1.12.125/aws-java-sdk-bundle-1.12.125.jar:/home/runner/.m2/repository/net/java/dev/jna/jna/5.2.0/jna-5.2.0.jar:/home/runner/.m2/repository/net/java/dev/jna/jna-platform/5.2.0/jna-platform-5.2.0.jar:/home/runner/.m2/repository/com/kstruct/gethostname4j/0.0.2/gethostname4j-0.0.2.jar:/home/runner/.m2/repository/org/apache/ranger/ranger-plugin-classloader/2.3.0/ranger-plugin-classloader-2.3.0.jar:/home/runner/.m2/repository/org/apache/hadoop/hadoop-minikdc/3.3.1/hadoop-minikdc-3.3.1.jar:/home/runner/.m2/repository/org/apache/kerby/kerb-simplekdc/1.0.1/kerb-simplekdc-1.0.1.jar:/home/runner/.m2/repository/org/apache/kerby/kerb-client/1.0.1/kerb-client-1.0.1.jar:/home/runner/.m2/repository/org/apache/kerby/kerby-config/1.0.1/kerby-config-1.0.1.jar:/home/runner/.m2/repository/org/apache/kerby/kerb-common/1.0.1/kerb-common-1.0.1.jar:/home/runner/.m2/repository/org/apache/kerby/kerb-crypto/1.0.1/kerb-crypto-1.0.1.jar:/home/runner/.m2/repository/org/apache/kerby/kerb-util/1.0.1/kerb-util-1.0.1.jar:/home/runner/.m2/repository/org/apache/kerby/token-provider/1.0.1/token-provider-1.0.1.jar:/home/runner/.m2/repository/org/apache/kerby/kerb-admin/1.0.1/kerb-admin-1.0.1.jar:/home/runner/.m2/repository/org/apache/kerby/kerb-server/1.0.1/kerb-server-1.0.1.jar:/home/runner/.m2/repository/org/apache/kerby/kerb-identity/1.0.1/kerb-identity-1.0.1.jar:/home/runner/.m2/repository/org/apache/kerby/kerby-xdr/1.0.1/kerby-xdr-1.0.1.jar:/home/runner/.m2/repository/org/slf4j/slf4j-log4j12/1.7.30/slf4j-log4j12-1.7.30.jar:/home/runner/.m2/repository/org/apache/ozone/ozone-s3gateway/1.3.0-SNAPSHOT/ozone-s3gateway-1.3.0-SNAPSHOT.jar:/home/runner/.m2/repository/org/javassist/javassist/3.21.0-GA/javassist-3.21.0-GA.jar:/home/runner/.m2/repository/org/jboss/weld/servlet/weld-servlet/2.4.7.Final/weld-servlet-2.4.7.Final.jar:/home/runner/.m2/repository/org/glassfish/jersey/containers/jersey-container-servlet-core/2.33/jersey-container-servlet-core-2.33.jar:/home/runner/.m2/repository/org/glassfish/hk2/external/jakarta.inject/2.6.1/jakarta.inject-2.6.1.jar:/home/runner/.m2/repository/org/glassfish/jersey/core/jersey-common/2.33/jersey-common-2.33.jar:/home/runner/.m2/repository/jakarta/ws/rs/jakarta.ws.rs-api/2.1.6/jakarta.ws.rs-api-2.1.6.jar:/home/runner/.m2/repository/org/glassfish/jersey/ext/cdi/jersey-cdi1x/2.33/jersey-cdi1x-2.33.jar:/home/runner/.m2/repository/org/glassfish/jersey/inject/jersey-hk2/2.33/jersey-hk2-2.33.jar:/home/runner/.m2/repository/org/glassfish/hk2/hk2-locator/2.6.1/hk2-locator-2.6.1.jar:/home/runner/.m2/repository/org/glassfish/jersey/media/jersey-media-jaxb/2.33/jersey-media-jaxb-2.33.jar:/home/runner/.m2/repository/org/glassfish/hk2/osgi-resource-locator/1.0.3/osgi-resource-locator-1.0.3.jar:/home/runner/.m2/repository/org/glassfish/hk2/hk2-api/2.5.0/hk2-api-2.5.0.jar:/home/runner/.m2/repository/org/glassfish/hk2/hk2-utils/2.5.0/hk2-utils-2.5.0.jar:/home/runner/.m2/repository/org/glassfish/hk2/external/aopalliance-repackaged/2.5.0/aopalliance-repackaged-2.5.0.jar:/home/runner/.m2/repository/com/fasterxml/jackson/dataformat/jackson-dataformat-xml/2.13.2/jackson-dataformat-xml-2.13.2.jar:/home/runner/.m2/repository/com/fasterxml/jackson/core/jackson-core/2.13.2/jackson-core-2.13.2.jar:/home/runner/.m2/repository/org/codehaus/woodstox/stax2-api/3.1.4/stax2-api-3.1.4.jar:/home/runner/.m2/repository/com/fasterxml/woodstox/woodstox-core/5.0.3/woodstox-core-5.0.3.jar:/home/runner/.m2/repository/com/fasterxml/jackson/module/jackson-module-jaxb-annotations/2.13.2/jackson-module-jaxb-annotations-2.13.2.jar:/home/runner/.m2/repository/jakarta/xml/bind/jakarta.xml.bind-api/2.3.3/jakarta.xml.bind-api-2.3.3.jar:/home/runner/.m2/repository/jakarta/activation/jakarta.activation-api/1.2.1/jakarta.activation-api-1.2.1.jar:/home/runner/.m2/repository/javax/enterprise/cdi-api/1.2/cdi-api-1.2.jar:/home/runner/.m2/repository/javax/el/javax.el-api/3.0.0/javax.el-api-3.0.0.jar:/home/runner/.m2/repository/javax/interceptor/javax.interceptor-api/1.2/javax.interceptor-api-1.2.jar:/home/runner/.m2/repository/javax/inject/javax.inject/1/javax.inject-1.jar:/home/runner/.m2/repository/javax/xml/bind/jaxb-api/2.3.0/jaxb-api-2.3.0.jar:/home/runner/.m2/repository/org/glassfish/jaxb/jaxb-runtime/2.3.0.1/jaxb-runtime-2.3.0.1.jar:/home/runner/.m2/repository/org/glassfish/jaxb/jaxb-core/2.3.0.1/jaxb-core-2.3.0.1.jar:/home/runner/.m2/repository/org/glassfish/jaxb/txw2/2.3.0.1/txw2-2.3.0.1.jar:/home/runner/.m2/repository/com/sun/istack/istack-commons-runtime/3.0.5/istack-commons-runtime-3.0.5.jar:/home/runner/.m2/repository/org/jvnet/staxex/stax-ex/1.7.8/stax-ex-1.7.8.jar:/home/runner/.m2/repository/com/sun/xml/fastinfoset/FastInfoset/1.2.13/FastInfoset-1.2.13.jar:/home/runner/.m2/repository/javax/activation/activation/1.1.1/activation-1.1.1.jar:/home/runner/.m2/repository/io/grpc/grpc-protobuf/1.44.0/grpc-protobuf-1.44.0.jar:/home/runner/.m2/repository/io/grpc/grpc-api/1.44.0/grpc-api-1.44.0.jar:/home/runner/.m2/repository/io/grpc/grpc-context/1.44.0/grpc-context-1.44.0.jar:/home/runner/.m2/repository/com/google/api/grpc/proto-google-common-protos/2.0.1/proto-google-common-protos-2.0.1.jar:/home/runner/.m2/repository/io/grpc/grpc-protobuf-lite/1.44.0/grpc-protobuf-lite-1.44.0.jar:/home/runner/.m2/repository/io/grpc/grpc-stub/1.44.0/grpc-stub-1.44.0.jar:/home/runner/.m2/repository/io/netty/netty-transport/4.1.79.Final/netty-transport-4.1.79.Final.jar:/home/runner/.m2/repository/io/netty/netty-resolver/4.1.79.Final/netty-resolver-4.1.79.Final.jar:/home/runner/.m2/repository/org/apache/ozone/ozone-csi/1.3.0-SNAPSHOT/ozone-csi-1.3.0-SNAPSHOT.jar:/home/runner/.m2/repository/com/google/protobuf/protobuf-java-util/3.19.2/protobuf-java-util-3.19.2.jar:/home/runner/.m2/repository/com/google/code/gson/gson/2.9.0/gson-2.9.0.jar:/home/runner/.m2/repository/org/apache/ozone/hdds-config/1.3.0-SNAPSHOT/hdds-config-1.3.0-SNAPSHOT.jar:/home/runner/.m2/repository/io/netty/netty-transport-native-epoll/4.1.79.Final/netty-transport-native-epoll-4.1.79.Final-linux-x86_64.jar:/home/runner/.m2/repository/io/netty/netty-transport-classes-epoll/4.1.79.Final/netty-transport-classes-epoll-4.1.79.Final.jar:/home/runner/.m2/repository/io/netty/netty-transport-native-unix-common/4.1.79.Final/netty-transport-native-unix-common-4.1.79.Final.jar:/home/runner/.m2/repository/org/apache/ozone/ozone-recon/1.3.0-SNAPSHOT/ozone-recon-1.3.0-SNAPSHOT.jar:/home/runner/.m2/repository/org/apache/ozone/ozone-reconcodegen/1.3.0-SNAPSHOT/ozone-reconcodegen-1.3.0-SNAPSHOT.jar:/home/runner/.m2/repository/com/google/inject/extensions/guice-multibindings/4.0/guice-multibindings-4.0.jar:/home/runner/.m2/repository/com/google/inject/guice/4.0/guice-4.0.jar:/home/runner/.m2/repository/aopalliance/aopalliance/1.0/aopalliance-1.0.jar:/home/runner/.m2/repository/com/google/inject/extensions/guice-assistedinject/4.0/guice-assistedinject-4.0.jar:/home/runner/.m2/repository/com/google/inject/extensions/guice-servlet/4.0/guice-servlet-4.0.jar:/home/runner/.m2/repository/org/glassfish/jersey/containers/jersey-container-servlet/2.33/jersey-container-servlet-2.33.jar:/home/runner/.m2/repository/org/glassfish/hk2/guice-bridge/2.5.0/guice-bridge-2.5.0.jar:/home/runner/.m2/repository/org/glassfish/jersey/core/jersey-server/2.33/jersey-server-2.33.jar:/home/runner/.m2/repository/org/glassfish/jersey/core/jersey-client/2.33/jersey-client-2.33.jar:/home/runner/.m2/repository/jakarta/annotation/jakarta.annotation-api/1.3.5/jakarta.annotation-api-1.3.5.jar:/home/runner/.m2/repository/jakarta/validation/jakarta.validation-api/2.0.2/jakarta.validation-api-2.0.2.jar:/home/runner/.m2/repository/org/glassfish/jersey/media/jersey-media-json-jackson/2.33/jersey-media-json-jackson-2.33.jar:/home/runner/.m2/repository/org/glassfish/jersey/ext/jersey-entity-filtering/2.33/jersey-entity-filtering-2.33.jar:/home/runner/.m2/repository/org/jooq/jooq/3.11.10/jooq-3.11.10.jar:/home/runner/.m2/repository/org/jooq/jooq-meta/3.11.10/jooq-meta-3.11.10.jar:/home/runner/.m2/repository/org/jooq/jooq-codegen/3.11.10/jooq-codegen-3.11.10.jar:/home/runner/.m2/repository/com/jolbox/bonecp/0.8.0.RELEASE/bonecp-0.8.0.RELEASE.jar:/home/runner/.m2/repository/org/apache/derby/derby/10.14.2.0/derby-10.14.2.0.jar:/home/runner/.m2/repository/org/xerial/sqlite-jdbc/3.25.2/sqlite-jdbc-3.25.2.jar:/home/runner/.m2/repository/org/springframework/spring-jdbc/5.2.20.RELEASE/spring-jdbc-5.2.20.RELEASE.jar:/home/runner/.m2/repository/org/springframework/spring-beans/5.2.20.RELEASE/spring-beans-5.2.20.RELEASE.jar:/home/runner/.m2/repository/org/springframework/spring-core/5.2.20.RELEASE/spring-core-5.2.20.RELEASE.jar:/home/runner/.m2/repository/org/springframework/spring-jcl/5.2.20.RELEASE/spring-jcl-5.2.20.RELEASE.jar:/home/runner/.m2/repository/org/springframework/spring-tx/5.2.20.RELEASE/spring-tx-5.2.20.RELEASE.jar:/home/runner/.m2/repository/org/apache/ozone/ozone-client/1.3.0-SNAPSHOT/ozone-client-1.3.0-SNAPSHOT.jar:/home/runner/.m2/repository/org/apache/ozone/hdds-erasurecode/1.3.0-SNAPSHOT/hdds-erasurecode-1.3.0-SNAPSHOT.jar:/home/runner/.m2/repository/com/github/spotbugs/spotbugs-annotations/3.1.12/spotbugs-annotations-3.1.12.jar:/home/runner/.m2/repository/org/apache/ozone/ozone-filesystem/1.3.0-SNAPSHOT/ozone-filesystem-1.3.0-SNAPSHOT.jar:/home/runner/.m2/repository/org/apache/ozone/ozone-filesystem-common/1.3.0-SNAPSHOT/ozone-filesystem-common-1.3.0-SNAPSHOT.jar:/home/runner/.m2/repository/org/apache/ozone/ozone-tools/1.3.0-SNAPSHOT/ozone-tools-1.3.0-SNAPSHOT.jar:/home/runner/.m2/repository/org/apache/ratis/ratis-tools/2.3.0/ratis-tools-2.3.0.jar:/home/runner/.m2/repository/com/amazonaws/aws-java-sdk-core/1.12.261/aws-java-sdk-core-1.12.261.jar:/home/runner/.m2/repository/org/apache/httpcomponents/httpclient/4.5.13/httpclient-4.5.13.jar:/home/runner/.m2/repository/org/apache/httpcomponents/httpcore/4.4.13/httpcore-4.4.13.jar:/home/runner/.m2/repository/software/amazon/ion/ion-java/1.0.2/ion-java-1.0.2.jar:/home/runner/.m2/repository/com/fasterxml/jackson/dataformat/jackson-dataformat-cbor/2.13.2/jackson-dataformat-cbor-2.13.2.jar:/home/runner/.m2/repository/joda-time/joda-time/2.8.1/joda-time-2.8.1.jar:/home/runner/.m2/repository/com/amazonaws/aws-java-sdk-s3/1.12.261/aws-java-sdk-s3-1.12.261.jar:/home/runner/.m2/repository/com/amazonaws/aws-java-sdk-kms/1.12.261/aws-java-sdk-kms-1.12.261.jar:/home/runner/.m2/repository/com/amazonaws/jmespath-java/1.12.261/jmespath-java-1.12.261.jar:/home/runner/.m2/repository/org/kohsuke/metainf-services/metainf-services/1.8/metainf-services-1.8.jar:/home/runner/.m2/repository/org/apache/ozone/hdds-tools/1.3.0-SNAPSHOT/hdds-tools-1.3.0-SNAPSHOT.jar:/home/runner/.m2/repository/commons-cli/commons-cli/1.2/commons-cli-1.2.jar:/home/runner/.m2/repository/org/apache/commons/commons-lang3/3.7/commons-lang3-3.7.jar:/home/runner/.m2/repository/org/apache/ozone/ozone-manager/1.3.0-SNAPSHOT/ozone-manager-1.3.0-SNAPSHOT-tests.jar:/home/runner/.m2/repository/org/apache/ozone/hdds-common/1.3.0-SNAPSHOT/hdds-common-1.3.0-SNAPSHOT-tests.jar:/home/runner/.m2/repository/org/apache/ozone/hdds-hadoop-dependency-client/1.3.0-SNAPSHOT/hdds-hadoop-dependency-client-1.3.0-SNAPSHOT.jar:/home/runner/.m2/repository/info/picocli/picocli/4.6.1/picocli-4.6.1.jar:/home/runner/.m2/repository/com/fasterxml/jackson/core/jackson-annotations/2.13.2/jackson-annotations-2.13.2.jar:/home/runner/.m2/repository/com/fasterxml/jackson/datatype/jackson-datatype-jsr310/2.13.2/jackson-datatype-jsr310-2.13.2.jar:/home/runner/.m2/repository/javax/annotation/javax.annotation-api/1.2/javax.annotation-api-1.2.jar:/home/runner/.m2/repository/org/apache/ratis/ratis-server/2.3.0/ratis-server-2.3.0.jar:/home/runner/.m2/repository/org/apache/ratis/ratis-client/2.3.0/ratis-client-2.3.0.jar:/home/runner/.m2/repository/org/apache/ratis/ratis-server-api/2.3.0/ratis-server-api-2.3.0.jar:/home/runner/.m2/repository/org/apache/ratis/ratis-metrics/2.3.0/ratis-metrics-2.3.0.jar:/home/runner/.m2/repository/org/apache/ratis/ratis-netty/2.3.0/ratis-netty-2.3.0.jar:/home/runner/.m2/repository/org/apache/ratis/ratis-grpc/2.3.0/ratis-grpc-2.3.0.jar:/home/runner/.m2/repository/org/apache/logging/log4j/log4j-api/2.17.1/log4j-api-2.17.1.jar:/home/runner/.m2/repository/org/apache/commons/commons-pool2/2.6.0/commons-pool2-2.6.0.jar:/home/runner/.m2/repository/org/bouncycastle/bcpkix-jdk15on/1.67/bcpkix-jdk15on-1.67.jar:/home/runner/.m2/repository/commons-validator/commons-validator/1.6/commons-validator-1.6.jar:/home/runner/.m2/repository/commons-beanutils/commons-beanutils/1.9.4/commons-beanutils-1.9.4.jar:/home/runner/.m2/repository/commons-digester/commons-digester/1.8.1/commons-digester-1.8.1.jar:/home/runner/.m2/repository/commons-collections/commons-collections/3.2.2/commons-collections-3.2.2.jar:/home/runner/.m2/repository/io/jaegertracing/jaeger-client/1.6.0/jaeger-client-1.6.0.jar:/home/runner/.m2/repository/io/jaegertracing/jaeger-thrift/1.6.0/jaeger-thrift-1.6.0.jar:/home/runner/.m2/repository/org/apache/thrift/libthrift/0.14.1/libthrift-0.14.1.jar:/home/runner/.m2/repository/com/squareup/okhttp3/okhttp/4.9.0/okhttp-4.9.0.jar:/home/runner/.m2/repository/com/squareup/okio/okio/2.8.0/okio-2.8.0.jar:/home/runner/.m2/repository/io/jaegertracing/jaeger-core/1.6.0/jaeger-core-1.6.0.jar:/home/runner/.m2/repository/io/jaegertracing/jaeger-tracerresolver/1.6.0/jaeger-tracerresolver-1.6.0.jar:/home/runner/.m2/repository/io/opentracing/contrib/opentracing-tracerresolver/0.1.8/opentracing-tracerresolver-0.1.8.jar:/home/runner/.m2/repository/org/jetbrains/kotlin/kotlin-stdlib/1.6.21/kotlin-stdlib-1.6.21.jar:/home/runner/.m2/repository/org/jetbrains/kotlin/kotlin-stdlib-common/1.6.21/kotlin-stdlib-common-1.6.21.jar:/home/runner/.m2/repository/org/jetbrains/annotations/13.0/annotations-13.0.jar:/home/runner/.m2/repository/io/opentracing/opentracing-util/0.33.0/opentracing-util-0.33.0.jar:/home/runner/.m2/repository/io/opentracing/opentracing-api/0.33.0/opentracing-api-0.33.0.jar:/home/runner/.m2/repository/io/opentracing/opentracing-noop/0.33.0/opentracing-noop-0.33.0.jar:/home/runner/.m2/repository/org/yaml/snakeyaml/1.26/snakeyaml-1.26.jar:/home/runner/.m2/repository/org/apache/ozone/hdds-interface-admin/1.3.0-SNAPSHOT/hdds-interface-admin-1.3.0-SNAPSHOT.jar:/home/runner/.m2/repository/junit/junit/4.13.1/junit-4.13.1.jar:/home/runner/.m2/repository/org/hamcrest/hamcrest-core/1.3/hamcrest-core-1.3.jar:/home/runner/.m2/repository/org/junit/jupiter/junit-jupiter-api/5.8.2/junit-jupiter-api-5.8.2.jar:/home/runner/.m2/repository/org/opentest4j/opentest4j/1.2.0/opentest4j-1.2.0.jar:/home/runner/.m2/repository/org/junit/platform/junit-platform-commons/1.8.2/junit-platform-commons-1.8.2.jar:/home/runner/.m2/repository/org/apiguardian/apiguardian-api/1.1.2/apiguardian-api-1.1.2.jar:/home/runner/.m2/repository/org/junit/jupiter/junit-jupiter-params/5.8.2/junit-jupiter-params-5.8.2.jar:/home/runner/.m2/repository/org/junit/jupiter/junit-jupiter-migrationsupport/5.8.2/junit-jupiter-migrationsupport-5.8.2.jar:/home/runner/.m2/repository/org/junit/jupiter/junit-jupiter-engine/5.8.2/junit-jupiter-engine-5.8.2.jar:/home/runner/.m2/repository/org/junit/platform/junit-platform-engine/1.8.2/junit-platform-engine-1.8.2.jar:/home/runner/.m2/repository/org/junit/vintage/junit-vintage-engine/5.8.2/junit-vintage-engine-5.8.2.jar:/home/runner/.m2/repository/org/junit/platform/junit-platform-launcher/1.8.2/junit-platform-launcher-1.8.2.jar:/home/runner/.m2/repository/org/mockito/mockito-core/2.28.2/mockito-core-2.28.2.jar:/home/runner/.m2/repository/net/bytebuddy/byte-buddy/1.9.10/byte-buddy-1.9.10.jar:/home/runner/.m2/repository/net/bytebuddy/byte-buddy-agent/1.9.10/byte-buddy-agent-1.9.10.jar:/home/runner/.m2/repository/org/objenesis/objenesis/1.0/objenesis-1.0.jar:/home/runner/.m2/repository/org/apache/hadoop/hadoop-kms/3.3.1/hadoop-kms-3.3.1.jar:/home/runner/.m2/repository/org/apache/hadoop/hadoop-auth/3.3.1/hadoop-auth-3.3.1.jar:/home/runner/.m2/repository/com/nimbusds/nimbus-jose-jwt/7.9/nimbus-jose-jwt-7.9.jar:/home/runner/.m2/repository/com/github/stephenc/jcip/jcip-annotations/1.0-1/jcip-annotations-1.0-1.jar:/home/runner/.m2/repository/net/minidev/json-smart/2.4.7/json-smart-2.4.7.jar:/home/runner/.m2/repository/net/minidev/accessors-smart/2.4.7/accessors-smart-2.4.7.jar:/home/runner/.m2/repository/org/ow2/asm/asm/5.0.4/asm-5.0.4.jar:/home/runner/.m2/repository/org/apache/zookeeper/zookeeper/3.5.6/zookeeper-3.5.6.jar:/home/runner/.m2/repository/org/apache/zookeeper/zookeeper-jute/3.5.6/zookeeper-jute-3.5.6.jar:/home/runner/.m2/repository/org/apache/yetus/audience-annotations/0.5.0/audience-annotations-0.5.0.jar:/home/runner/.m2/repository/org/apache/curator/curator-framework/4.2.0/curator-framework-4.2.0.jar:/home/runner/.m2/repository/org/apache/hadoop/thirdparty/hadoop-shaded-guava/1.1.1/hadoop-shaded-guava-1.1.1.jar:/home/runner/.m2/repository/com/sun/jersey/jersey-core/1.19/jersey-core-1.19.jar:/home/runner/.m2/repository/javax/ws/rs/jsr311-api/1.1.1/jsr311-api-1.1.1.jar:/home/runner/.m2/repository/com/sun/jersey/jersey-server/1.19/jersey-server-1.19.jar:/home/runner/.m2/repository/javax/servlet/javax.servlet-api/3.1.0/javax.servlet-api-3.1.0.jar:/home/runner/.m2/repository/org/eclipse/jetty/jetty-server/9.4.43.v20210629/jetty-server-9.4.43.v20210629.jar:/home/runner/.m2/repository/org/eclipse/jetty/jetty-http/9.4.43.v20210629/jetty-http-9.4.43.v20210629.jar:/home/runner/.m2/repository/org/eclipse/jetty/jetty-io/9.4.43.v20210629/jetty-io-9.4.43.v20210629.jar:/home/runner/.m2/repository/org/eclipse/jetty/jetty-webapp/9.4.43.v20210629/jetty-webapp-9.4.43.v20210629.jar:/home/runner/.m2/repository/org/eclipse/jetty/jetty-xml/9.4.43.v20210629/jetty-xml-9.4.43.v20210629.jar:/home/runner/.m2/repository/org/apache/hadoop/hadoop-common/3.3.1/hadoop-common-3.3.1.jar:/home/runner/.m2/repository/org/apache/commons/commons-math3/3.1.1/commons-math3-3.1.1.jar:/home/runner/.m2/repository/commons-net/commons-net/3.6/commons-net-3.6.jar:/home/runner/.m2/repository/com/sun/jersey/jersey-servlet/1.19/jersey-servlet-1.19.jar:/home/runner/.m2/repository/com/sun/jersey/jersey-json/1.19/jersey-json-1.19.jar:/home/runner/.m2/repository/org/codehaus/jettison/jettison/1.1/jettison-1.1.jar:/home/runner/.m2/repository/com/sun/xml/bind/jaxb-impl/2.2.3-1/jaxb-impl-2.2.3-1.jar:/home/runner/.m2/repository/org/codehaus/jackson/jackson-xc/1.9.2/jackson-xc-1.9.2.jar:/home/runner/.m2/repository/org/apache/commons/commons-configuration2/2.1.1/commons-configuration2-2.1.1.jar:/home/runner/.m2/repository/org/apache/commons/commons-text/1.4/commons-text-1.4.jar:/home/runner/.m2/repository/com/google/re2j/re2j/1.1/re2j-1.1.jar:/home/runner/.m2/repository/com/jcraft/jsch/0.1.54/jsch-0.1.54.jar:/home/runner/.m2/repository/org/apache/curator/curator-client/4.2.0/curator-client-4.2.0.jar:/home/runner/.m2/repository/org/apache/curator/curator-recipes/4.2.0/curator-recipes-4.2.0.jar:/home/runner/.m2/repository/org/apache/kerby/kerb-core/1.0.1/kerb-core-1.0.1.jar:/home/runner/.m2/repository/org/apache/kerby/kerby-pkix/1.0.1/kerby-pkix-1.0.1.jar:/home/runner/.m2/repository/org/apache/kerby/kerby-asn1/1.0.1/kerby-asn1-1.0.1.jar:/home/runner/.m2/repository/org/apache/kerby/kerby-util/1.0.1/kerby-util-1.0.1.jar:/home/runner/.m2/repository/dnsjava/dnsjava/2.1.7/dnsjava-2.1.7.jar:/home/runner/.m2/repository/org/xerial/snappy/snappy-java/1.1.8.2/snappy-java-1.1.8.2.jar:/home/runner/.m2/repository/org/slf4j/jul-to-slf4j/1.7.30/jul-to-slf4j-1.7.30.jar:/home/runner/.m2/repository/org/eclipse/jetty/jetty-util/9.4.43.v20210629/jetty-util-9.4.43.v20210629.jar:/home/runner/.m2/repository/com/fasterxml/jackson/core/jackson-databind/2.13.2.2/jackson-databind-2.13.2.2.jar:/home/runner/.m2/repository/org/apache/hadoop/hadoop-kms/3.3.1/hadoop-kms-3.3.1-tests.jar:/home/runner/.m2/repository/org/apache/ozone/hdds-server-scm/1.3.0-SNAPSHOT/hdds-server-scm-1.3.0-SNAPSHOT-tests.jar:/home/runner/.m2/repository/org/apache/ozone/hdds-container-service/1.3.0-SNAPSHOT/hdds-container-service-1.3.0-SNAPSHOT-tests.jar:/home/runner/.m2/repository/commons-codec/commons-codec/1.11/commons-codec-1.11.jar:/home/runner/.m2/repository/io/netty/netty-codec/4.1.79.Final/netty-codec-4.1.79.Final.jar:/home/runner/.m2/repository/io/netty/netty-handler/4.1.79.Final/netty-handler-4.1.79.Final.jar:/home/runner/.m2/repository/org/apache/ozone/hdds-hadoop-dependency-test/1.3.0-SNAPSHOT/hdds-hadoop-dependency-test-1.3.0-SNAPSHOT.jar:/home/runner/.m2/repository/org/apache/hadoop/hadoop-common/3.3.1/hadoop-common-3.3.1-tests.jar:/home/runner/.m2/repository/org/assertj/assertj-core/3.12.2/assertj-core-3.12.2.jar:/home/runner/.m2/repository/org/apache/hadoop/hadoop-hdfs/3.3.1/hadoop-hdfs-3.3.1-tests.jar:/home/runner/.m2/repository/org/eclipse/jetty/jetty-util-ajax/9.4.43.v20210629/jetty-util-ajax-9.4.43.v20210629.jar:/home/runner/.m2/repository/commons-daemon/commons-daemon/1.0.13/commons-daemon-1.0.13.jar:/home/runner/.m2/repository/io/netty/netty/3.10.6.Final/netty-3.10.6.Final.jar:/home/runner/.m2/repository/io/netty/netty-all/4.1.79.Final/netty-all-4.1.79.Final.jar:/home/runner/.m2/repository/io/netty/netty-codec-dns/4.1.79.Final/netty-codec-dns-4.1.79.Final.jar:/home/runner/.m2/repository/io/netty/netty-codec-haproxy/4.1.79.Final/netty-codec-haproxy-4.1.79.Final.jar:/home/runner/.m2/repository/io/netty/netty-codec-memcache/4.1.79.Final/netty-codec-memcache-4.1.79.Final.jar:/home/runner/.m2/repository/io/netty/netty-codec-mqtt/4.1.79.Final/netty-codec-mqtt-4.1.79.Final.jar:/home/runner/.m2/repository/io/netty/netty-codec-redis/4.1.79.Final/netty-codec-redis-4.1.79.Final.jar:/home/runner/.m2/repository/io/netty/netty-codec-smtp/4.1.79.Final/netty-codec-smtp-4.1.79.Final.jar:/home/runner/.m2/repository/io/netty/netty-codec-stomp/4.1.79.Final/netty-codec-stomp-4.1.79.Final.jar:/home/runner/.m2/repository/io/netty/netty-codec-xml/4.1.79.Final/netty-codec-xml-4.1.79.Final.jar:/home/runner/.m2/repository/io/netty/netty-resolver-dns/4.1.79.Final/netty-resolver-dns-4.1.79.Final.jar:/home/runner/.m2/repository/io/netty/netty-transport-rxtx/4.1.79.Final/netty-transport-rxtx-4.1.79.Final.jar:/home/runner/.m2/repository/io/netty/netty-transport-sctp/4.1.79.Final/netty-transport-sctp-4.1.79.Final.jar:/home/runner/.m2/repository/io/netty/netty-transport-udt/4.1.79.Final/netty-transport-udt-4.1.79.Final.jar:/home/runner/.m2/repository/io/netty/netty-transport-classes-kqueue/4.1.79.Final/netty-transport-classes-kqueue-4.1.79.Final.jar:/home/runner/.m2/repository/io/netty/netty-resolver-dns-classes-macos/4.1.79.Final/netty-resolver-dns-classes-macos-4.1.79.Final.jar:/home/runner/.m2/repository/io/netty/netty-transport-native-epoll/4.1.79.Final/netty-transport-native-epoll-4.1.79.Final-linux-aarch_64.jar:/home/runner/.m2/repository/io/netty/netty-transport-native-kqueue/4.1.79.Final/netty-transport-native-kqueue-4.1.79.Final-osx-x86_64.jar:/home/runner/.m2/repository/io/netty/netty-transport-native-kqueue/4.1.79.Final/netty-transport-native-kqueue-4.1.79.Final-osx-aarch_64.jar:/home/runner/.m2/repository/io/netty/netty-resolver-dns-native-macos/4.1.79.Final/netty-resolver-dns-native-macos-4.1.79.Final-osx-x86_64.jar:/home/runner/.m2/repository/io/netty/netty-resolver-dns-native-macos/4.1.79.Final/netty-resolver-dns-native-macos-4.1.79.Final-osx-aarch_64.jar:/home/runner/.m2/repository/org/apache/htrace/htrace-core4/4.1.0-incubating/htrace-core4-4.1.0-incubating.jar:/home/runner/.m2/repository/org/fusesource/leveldbjni/leveldbjni-all/1.8/leveldbjni-all-1.8.jar:/home/runner/.m2/repository/org/apache/hadoop/hadoop-distcp/3.3.1/hadoop-distcp-3.3.1.jar:/home/runner/.m2/repository/org/apache/hadoop/hadoop-mapreduce-client-jobclient/3.3.1/hadoop-mapreduce-client-jobclient-3.3.1.jar:/home/runner/.m2/repository/org/apache/hadoop/hadoop-mapreduce-client-common/3.3.1/hadoop-mapreduce-client-common-3.3.1.jar:/home/runner/.m2/repository/org/apache/hadoop/hadoop-yarn-common/3.3.1/hadoop-yarn-common-3.3.1.jar:/home/runner/.m2/repository/org/apache/hadoop/hadoop-yarn-api/3.3.1/hadoop-yarn-api-3.3.1.jar:/home/runner/.m2/repository/com/sun/jersey/contribs/jersey-guice/1.19/jersey-guice-1.19.jar:/home/runner/.m2/repository/com/fasterxml/jackson/jaxrs/jackson-jaxrs-json-provider/2.13.2/jackson-jaxrs-json-provider-2.13.2.jar:/home/runner/.m2/repository/com/fasterxml/jackson/jaxrs/jackson-jaxrs-base/2.13.2/jackson-jaxrs-base-2.13.2.jar:/home/runner/.m2/repository/org/apache/hadoop/hadoop-yarn-client/3.3.1/hadoop-yarn-client-3.3.1.jar:/home/runner/.m2/repository/org/eclipse/jetty/websocket/websocket-client/9.4.40.v20210413/websocket-client-9.4.40.v20210413.jar:/home/runner/.m2/repository/org/eclipse/jetty/websocket/websocket-common/9.4.40.v20210413/websocket-common-9.4.40.v20210413.jar:/home/runner/.m2/repository/org/eclipse/jetty/websocket/websocket-api/9.4.40.v20210413/websocket-api-9.4.40.v20210413.jar:/home/runner/.m2/repository/org/jline/jline/3.9.0/jline-3.9.0.jar:/home/runner/.m2/repository/org/apache/hadoop/hadoop-mapreduce-client-core/3.3.1/hadoop-mapreduce-client-core-3.3.1.jar:/home/runner/.m2/repository/org/apache/avro/avro/1.7.7/avro-1.7.7.jar:/home/runner/.m2/repository/org/codehaus/jackson/jackson-core-asl/1.9.13/jackson-core-asl-1.9.13.jar:/home/runner/.m2/repository/org/codehaus/jackson/jackson-mapper-asl/1.9.13/jackson-mapper-asl-1.9.13.jar:/home/runner/.m2/repository/com/thoughtworks/paranamer/paranamer/2.3/paranamer-2.3.jar:/home/runner/.m2/repository/org/apache/hadoop/hadoop-annotations/3.3.1/hadoop-annotations-3.3.1.jar:/usr/lib/jvm/temurin-8-jdk-amd64/jre/../lib/tools.jar:/home/runner/.m2/repository/org/apache/hadoop/hadoop-distcp/3.3.1/hadoop-distcp-3.3.1-tests.jar:/home/runner/.m2/repository/org/apache/ratis/ratis-common/2.3.0/ratis-common-2.3.0.jar:/home/runner/.m2/repository/org/apache/ratis/ratis-thirdparty-misc/1.0.0/ratis-thirdparty-misc-1.0.0.jar:/home/runner/.m2/repository/org/apache/ratis/ratis-proto/2.3.0/ratis-proto-2.3.0.jar:/home/runner/.m2/repository/org/apache/ozone/ozone-annotation-processing/1.3.0-SNAPSHOT/ozone-annotation-processing-1.3.0-SNAPSHOT.jar:"/>
    <property name="sun.cpu.endian" value="little"/>
    <property name="user.home" value="/home/runner"/>
    <property name="user.language" value="en"/>
    <property name="java.specification.vendor" value="Oracle Corporation"/>
    <property name="java.home" value="/usr/lib/jvm/temurin-8-jdk-amd64/jre"/>
    <property name="java.security.krb5.conf" value="/home/runner/work/ozone/ozone/hadoop-ozone/integration-test/target/test-classes/krb5.conf"/>
    <property name="basedir" value="/home/runner/work/ozone/ozone/hadoop-ozone/integration-test"/>
    <property name="file.separator" value="/"/>
    <property name="line.separator" value="&#10;"/>
    <property name="java.vm.specification.vendor" value="Oracle Corporation"/>
    <property name="java.specification.name" value="Java Platform API Specification"/>
    <property name="java.awt.graphicsenv" value="sun.awt.X11GraphicsEnvironment"/>
    <property name="skip.installnpx" value="true"/>
    <property name="surefire.real.class.path" value="/home/runner/work/ozone/ozone/hadoop-ozone/integration-test/target/surefire/surefirebooter3331250276094208323.jar:/home/runner/.m2/repository/org/jacoco/org.jacoco.agent/0.8.5/org.jacoco.agent-0.8.5-runtime.jar"/>
    <property name="hadoop.log.dir" value="/home/runner/work/ozone/ozone/hadoop-ozone/integration-test/target/log"/>
    <property name="sun.boot.class.path" value="/usr/lib/jvm/temurin-8-jdk-amd64/jre/lib/resources.jar:/usr/lib/jvm/temurin-8-jdk-amd64/jre/lib/rt.jar:/usr/lib/jvm/temurin-8-jdk-amd64/jre/lib/sunrsasign.jar:/usr/lib/jvm/temurin-8-jdk-amd64/jre/lib/jsse.jar:/usr/lib/jvm/temurin-8-jdk-amd64/jre/lib/jce.jar:/usr/lib/jvm/temurin-8-jdk-amd64/jre/lib/charsets.jar:/usr/lib/jvm/temurin-8-jdk-amd64/jre/lib/jfr.jar:/usr/lib/jvm/temurin-8-jdk-amd64/jre/classes"/>
    <property name="sun.management.compiler" value="HotSpot 64-Bit Tiered Compilers"/>
    <property name="skip.npx" value="true"/>
    <property name="java.runtime.version" value="1.8.0_332-b09"/>
    <property name="java.net.preferIPv4Stack" value="true"/>
    <property name="user.name" value="runner"/>
    <property name="path.separator" value=":"/>
    <property name="java.security.egd" value="file:///dev/urandom"/>
    <property name="os.version" value="5.4.0-1086-azure"/>
    <property name="java.endorsed.dirs" value="/usr/lib/jvm/temurin-8-jdk-amd64/jre/lib/endorsed"/>
    <property name="java.runtime.name" value="OpenJDK Runtime Environment"/>
    <property name="file.encoding" value="UTF-8"/>
    <property name="java.vm.name" value="OpenJDK 64-Bit Server VM"/>
    <property name="test.build.webapps" value=""/>
    <property name="localRepository" value="/home/runner/.m2/repository"/>
    <property name="jetty.git.hash" value="526006ecfa3af7f1a27ef3a288e2bef7ea9dd7e8"/>
    <property name="java.vendor.url.bug" value="https://github.com/adoptium/adoptium-support/issues"/>
    <property name="java.io.tmpdir" value="/tmp"/>
    <property name="require.test.libhadoop" value=""/>
    <property name="java.version" value="1.8.0_332"/>
    <property name="user.dir" value="/home/runner/work/ozone/ozone/hadoop-ozone/integration-test"/>
    <property name="os.arch" value="amd64"/>
    <property name="java.vm.specification.name" value="Java Virtual Machine Specification"/>
    <property name="test.build.classes" value="/home/runner/work/ozone/ozone/hadoop-ozone/integration-test/target/test-classes"/>
    <property name="java.awt.printerjob" value="sun.print.PSPrinterJob"/>
    <property name="sun.os.patch.level" value="unknown"/>
    <property name="hadoop.tmp.dir" value="/home/runner/work/ozone/ozone/hadoop-ozone/integration-test/target/tmp"/>
    <property name="java.library.path" value="/usr/java/packages/lib/amd64:/usr/lib64:/lib64:/lib:/usr/lib"/>
    <property name="java.vm.info" value="mixed mode"/>
    <property name="java.vendor" value="Temurin"/>
    <property name="java.vm.version" value="25.332-b09"/>
    <property name="java.ext.dirs" value="/usr/lib/jvm/temurin-8-jdk-amd64/jre/lib/ext:/usr/java/packages/lib/ext"/>
    <property name="sun.io.unicode.encoding" value="UnicodeLittle"/>
    <property name="java.class.version" value="52.0"/>
  </properties>
  <testcase name="testGetCommittedBlockLengthForInvalidBlock" classname="org.apache.hadoop.ozone.scm.TestGetCommittedBlockLengthAndPutKey" time="0.57">
    <system-out><![CDATA[2022-08-05 06:59:55,842 [main] WARN  server.ServerUtils (ServerUtils.java:getScmDbDir(148)) - ozone.scm.db.dirs is not configured. We recommend adding this setting. Falling back to ozone.metadata.dirs instead.
2022-08-05 06:59:55,940 [main] WARN  server.ServerUtils (ServerUtils.java:getScmDbDir(148)) - ozone.scm.db.dirs is not configured. We recommend adding this setting. Falling back to ozone.metadata.dirs instead.
2022-08-05 06:59:55,945 [main] INFO  ha.SCMHANodeDetails (SCMHANodeDetails.java:loadSCMHAConfig(209)) - ServiceID for StorageContainerManager is null
2022-08-05 06:59:55,957 [main] WARN  ha.SCMHANodeDetails (SCMHANodeDetails.java:validateSCMHAConfig(182)) - Invalid config ozone.scm.ratis.enable. The config was not specified, but the default value true conflicts with the expected config value false. Falling back to the expected value. Current State of SCM: SCM is running in Non-HA without Ratis Ratis SCM -> Non Ratis SCM or Non HA SCM -> HA SCM is not supported
2022-08-05 06:59:55,957 [main] INFO  ha.SCMHANodeDetails (SCMHANodeDetails.java:loadSCMHAConfig(214)) - ozone.scm.default.service.id is not defined, falling back to ozone.scm.service.ids to find serviceID for StorageContainerManager if it is HA enabled cluster
2022-08-05 06:59:56,474 [main] WARN  utils.HAUtils (HAUtils.java:getMetaDir(342)) - ozone.scm.db.dirs is not configured. We recommend adding this setting. Falling back to ozone.metadata.dirs instead.
2022-08-05 06:59:56,609 [main] WARN  db.DBStoreBuilder (DBStoreBuilder.java:applyDBDefinition(145)) - ozone.scm.db.dirs is not configured. We recommend adding this setting. Falling back to ozone.metadata.dirs instead.
2022-08-05 06:59:56,880 [main] INFO  net.NodeSchemaLoader (NodeSchemaLoader.java:loadSchemaFromFile(129)) - Loading schema from [jar:file:/home/runner/.m2/repository/org/apache/ozone/hdds-common/1.3.0-SNAPSHOT/hdds-common-1.3.0-SNAPSHOT.jar!/network-topology-default.xml]
2022-08-05 06:59:56,881 [main] INFO  net.NodeSchemaLoader (NodeSchemaLoader.java:loadSchema(176)) - Loading network topology layer schema file
2022-08-05 06:59:56,921 [main] INFO  metrics.MetricRegistries (MetricRegistriesLoader.java:load(64)) - Loaded MetricRegistries class org.apache.ratis.metrics.impl.MetricRegistriesImpl
2022-08-05 06:59:56,928 [main] INFO  upgrade.AbstractLayoutVersionManager (AbstractLayoutVersionManager.java:init(83)) - Initializing Layout version manager with metadata layout = DATANODE_SCHEMA_V3 (version = 4), software layout = DATANODE_SCHEMA_V3 (version = 4)
2022-08-05 06:59:57,118 [main] INFO  reflections.Reflections (Reflections.java:scan(232)) - Reflections took 113 ms to scan 7 urls, producing 132 keys and 321 values 
2022-08-05 06:59:57,217 [main] INFO  ha.SequenceIdGenerator (SequenceIdGenerator.java:upgradeToSequenceId(349)) - upgrade localId to 109611004723200000
2022-08-05 06:59:57,218 [main] INFO  ha.SequenceIdGenerator (SequenceIdGenerator.java:upgradeToSequenceId(359)) - upgrade delTxnId to 0
2022-08-05 06:59:57,221 [main] INFO  ha.SequenceIdGenerator (SequenceIdGenerator.java:upgradeToSequenceId(376)) - upgrade containerId to 0
2022-08-05 06:59:57,222 [main] INFO  ha.SequenceIdGenerator (SequenceIdGenerator.java:<init>(220)) - Init the HA SequenceIdGenerator.
2022-08-05 06:59:57,265 [main] WARN  server.ServerUtils (ServerUtils.java:sanitizeUserArgs(73)) - ozone.scm.stale.node.interval value = 300000 is larger than max = 100000 based on the key value of ozone.scm.heartbeat.thread.interval, reset to the max value 100000.
2022-08-05 06:59:57,266 [main] WARN  server.ServerUtils (ServerUtils.java:sanitizeUserArgs(73)) - ozone.scm.stale.node.interval value = 300000 is larger than max = 100000 based on the key value of ozone.scm.heartbeat.thread.interval, reset to the max value 100000.
2022-08-05 06:59:57,273 [main] INFO  node.SCMNodeManager (SCMNodeManager.java:<init>(149)) - Entering startup safe mode.
2022-08-05 06:59:57,331 [main] INFO  algorithms.ContainerPlacementPolicyFactory (ContainerPlacementPolicyFactory.java:getPolicyInternal(86)) - Create container placement policy of type org.apache.hadoop.hdds.scm.container.placement.algorithms.SCMContainerPlacementCapacity
2022-08-05 06:59:57,333 [main] INFO  algorithms.ContainerPlacementPolicyFactory (ContainerPlacementPolicyFactory.java:getPolicyInternal(86)) - Create container placement policy of type org.apache.hadoop.hdds.scm.container.placement.algorithms.SCMContainerPlacementRackScatter
2022-08-05 06:59:57,341 [main] INFO  pipeline.PipelineStateManagerImpl (PipelineStateManagerImpl.java:initialize(78)) - No pipeline exists in current db
2022-08-05 06:59:57,385 [main] INFO  algorithms.LeaderChoosePolicyFactory (LeaderChoosePolicyFactory.java:getPolicy(57)) - Create leader choose policy of type org.apache.hadoop.hdds.scm.pipeline.leader.choose.algorithms.MinLeaderCountChoosePolicy
2022-08-05 06:59:57,386 [main] INFO  algorithms.ContainerPlacementPolicyFactory (ContainerPlacementPolicyFactory.java:getPolicyInternal(86)) - Create container placement policy of type org.apache.hadoop.hdds.scm.container.placement.algorithms.SCMContainerPlacementRackScatter
2022-08-05 06:59:57,391 [main] INFO  ha.SCMServiceManager (SCMServiceManager.java:register(42)) - Registering service BackgroundPipelineCreator.
2022-08-05 06:59:57,392 [main] INFO  pipeline.BackgroundPipelineCreator (BackgroundPipelineCreator.java:start(124)) - Starting RatisPipelineUtilsThread.
2022-08-05 06:59:57,396 [main] INFO  BackgroundPipelineScrubber (BackgroundSCMService.java:start(68)) - Starting BackgroundPipelineScrubber Service.
2022-08-05 06:59:57,398 [main] INFO  ha.SCMServiceManager (SCMServiceManager.java:register(42)) - Registering service BackgroundPipelineScrubber.
2022-08-05 06:59:57,406 [main] INFO  ExpiredContainerReplicaOpScrubber (BackgroundSCMService.java:start(68)) - Starting ExpiredContainerReplicaOpScrubber Service.
2022-08-05 06:59:57,406 [main] INFO  ha.SCMServiceManager (SCMServiceManager.java:register(42)) - Registering service ExpiredContainerReplicaOpScrubber.
2022-08-05 06:59:57,438 [main] INFO  algorithms.PipelineChoosePolicyFactory (PipelineChoosePolicyFactory.java:createPipelineChoosePolicyFromClass(73)) - Create pipeline choose policy of type org.apache.hadoop.hdds.scm.pipeline.choose.algorithms.RandomPipelineChoosePolicy
2022-08-05 06:59:57,457 [main] INFO  ha.SCMServiceManager (SCMServiceManager.java:register(42)) - Registering service SCMBlockDeletingService.
2022-08-05 06:59:57,497 [main] INFO  replication.ReplicationManager (ReplicationManager.java:start(200)) - Starting Replication Monitor Thread.
2022-08-05 06:59:57,506 [main] INFO  UnderReplicatedQueueThread (BackgroundSCMService.java:start(68)) - Starting UnderReplicatedQueueThread Service.
2022-08-05 06:59:57,506 [ReplicationMonitor] INFO  replication.ReplicationManager (ReplicationManager.java:processAll(249)) - Replication Manager is not ready to run until 3000ms after safemode exit
2022-08-05 06:59:57,507 [main] INFO  ha.SCMServiceManager (SCMServiceManager.java:register(42)) - Registering service UnderReplicatedQueueThread.
2022-08-05 06:59:57,508 [main] INFO  OverReplicatedQueueThread (BackgroundSCMService.java:start(68)) - Starting OverReplicatedQueueThread Service.
2022-08-05 06:59:57,508 [main] INFO  ha.SCMServiceManager (SCMServiceManager.java:register(42)) - Registering service OverReplicatedQueueThread.
2022-08-05 06:59:57,508 [main] INFO  ha.SCMServiceManager (SCMServiceManager.java:register(42)) - Registering service ReplicationManager.
2022-08-05 06:59:57,517 [main] INFO  safemode.ContainerSafeModeRule (ContainerSafeModeRule.java:<init>(89)) - containers with one replica threshold count 0
2022-08-05 06:59:57,527 [main] INFO  safemode.HealthyPipelineSafeModeRule (HealthyPipelineSafeModeRule.java:initializeRule(169)) - Total pipeline count is 0, healthy pipeline threshold count is 1
2022-08-05 06:59:57,530 [main] INFO  safemode.OneReplicaPipelineSafeModeRule (OneReplicaPipelineSafeModeRule.java:initializeRule(180)) - Total pipeline count is 0, pipeline's with at least one datanode reported threshold count is 0
2022-08-05 06:59:57,829 [main] INFO  audit.AuditLogger (AuditLogger.java:refreshDebugCmdSet(126)) - Refresh DebugCmdSet for SCMAudit to [].
2022-08-05 06:59:57,858 [main] INFO  ipc.CallQueueManager (CallQueueManager.java:<init>(90)) - Using callQueue: class java.util.concurrent.LinkedBlockingQueue, queueCapacity: 2000, scheduler: class org.apache.hadoop.ipc.DefaultRpcScheduler, ipcBackoff: false.
2022-08-05 06:59:57,894 [Socket Reader #1 for port 0] INFO  ipc.Server (Server.java:run(1265)) - Starting Socket Reader #1 for port 0
2022-08-05 06:59:57,943 [Listener at 0.0.0.0/35661] INFO  audit.AuditLogger (AuditLogger.java:refreshDebugCmdSet(126)) - Refresh DebugCmdSet for SCMAudit to [].
2022-08-05 06:59:57,948 [Listener at 0.0.0.0/35661] INFO  ipc.CallQueueManager (CallQueueManager.java:<init>(90)) - Using callQueue: class java.util.concurrent.LinkedBlockingQueue, queueCapacity: 2000, scheduler: class org.apache.hadoop.ipc.DefaultRpcScheduler, ipcBackoff: false.
2022-08-05 06:59:57,950 [Socket Reader #1 for port 0] INFO  ipc.Server (Server.java:run(1265)) - Starting Socket Reader #1 for port 0
2022-08-05 06:59:57,976 [Listener at 0.0.0.0/36135] INFO  audit.AuditLogger (AuditLogger.java:refreshDebugCmdSet(126)) - Refresh DebugCmdSet for SCMAudit to [].
2022-08-05 06:59:57,990 [Listener at 0.0.0.0/36135] INFO  ipc.CallQueueManager (CallQueueManager.java:<init>(90)) - Using callQueue: class java.util.concurrent.LinkedBlockingQueue, queueCapacity: 2000, scheduler: class org.apache.hadoop.ipc.DefaultRpcScheduler, ipcBackoff: false.
2022-08-05 06:59:57,994 [Socket Reader #1 for port 0] INFO  ipc.Server (Server.java:run(1265)) - Starting Socket Reader #1 for port 0
2022-08-05 06:59:58,056 [Listener at 0.0.0.0/37301] INFO  ha.SCMServiceManager (SCMServiceManager.java:register(42)) - Registering service ContainerBalancer.
2022-08-05 06:59:58,057 [Listener at 0.0.0.0/37301] INFO  server.StorageContainerManager (StorageContainerManager.java:<init>(406)) - 
Container Balancer status:
Key                            Value
Running                        false
Container Balancer Configuration values:
Key                                                Value
Threshold                                          10
Max Datanodes to Involve per Iteration(percent)    20
Max Size to Move per Iteration                     500GB
Max Size Entering Target per Iteration             26GB
Max Size Leaving Source per Iteration              26GB

2022-08-05 06:59:58,058 [Listener at 0.0.0.0/37301] WARN  events.EventQueue (EventQueue.java:fireEvent(216)) - No event handler registered for event TypedEvent{payloadType=SafeModeStatus, name='Safe mode status'}
2022-08-05 06:59:58,058 [Listener at 0.0.0.0/37301] INFO  ha.SCMContext (SCMContext.java:updateSafeModeStatus(228)) - Update SafeModeStatus from SafeModeStatus{safeModeStatus=true, preCheckPassed=false} to SafeModeStatus{safeModeStatus=true, preCheckPassed=false}.
2022-08-05 06:59:58,063 [Listener at 0.0.0.0/37301] INFO  server.StorageContainerManager (StorageContainerManager.java:start(1460)) - StorageContainerLocationProtocol RPC server is listening at /0.0.0.0:37301
2022-08-05 06:59:58,149 [Listener at 0.0.0.0/37301] WARN  impl.MetricsConfig (MetricsConfig.java:loadFirst(136)) - Cannot locate configuration: tried hadoop-metrics2-storagecontainermanager.properties,hadoop-metrics2.properties
2022-08-05 06:59:58,165 [Listener at 0.0.0.0/37301] INFO  impl.MetricsSystemImpl (MetricsSystemImpl.java:startTimer(378)) - Scheduled Metric snapshot period at 10 second(s).
2022-08-05 06:59:58,166 [Listener at 0.0.0.0/37301] INFO  impl.MetricsSystemImpl (MetricsSystemImpl.java:start(191)) - StorageContainerManager metrics system started
2022-08-05 06:59:58,464 [Listener at 0.0.0.0/37301] INFO  server.SCMClientProtocolServer (SCMClientProtocolServer.java:start(170)) - RPC server for Client  is listening at /0.0.0.0:37301
2022-08-05 06:59:58,465 [IPC Server Responder] INFO  ipc.Server (Server.java:run(1507)) - IPC Server Responder: starting
2022-08-05 06:59:58,465 [IPC Server listener on 0] INFO  ipc.Server (Server.java:run(1344)) - IPC Server listener on 0: starting
2022-08-05 06:59:58,468 [Listener at 0.0.0.0/37301] INFO  server.StorageContainerManager (StorageContainerManager.java:start(1475)) - ScmBlockLocationProtocol RPC server is listening at /0.0.0.0:36135
2022-08-05 06:59:58,469 [Listener at 0.0.0.0/37301] INFO  server.SCMBlockProtocolServer (SCMBlockProtocolServer.java:start(152)) - RPC server for Block Protocol is listening at /0.0.0.0:36135
2022-08-05 06:59:58,469 [IPC Server Responder] INFO  ipc.Server (Server.java:run(1507)) - IPC Server Responder: starting
2022-08-05 06:59:58,470 [IPC Server listener on 0] INFO  ipc.Server (Server.java:run(1344)) - IPC Server listener on 0: starting
2022-08-05 06:59:58,483 [Listener at 0.0.0.0/37301] INFO  server.SCMDatanodeProtocolServer (SCMDatanodeProtocolServer.java:start(186)) - ScmDatanodeProtocol RPC server for DataNodes is listening at /0.0.0.0:35661
2022-08-05 06:59:58,484 [IPC Server Responder] INFO  ipc.Server (Server.java:run(1507)) - IPC Server Responder: starting
2022-08-05 06:59:58,484 [IPC Server listener on 0] INFO  ipc.Server (Server.java:run(1344)) - IPC Server listener on 0: starting
2022-08-05 06:59:58,496 [org.apache.hadoop.util.JvmPauseMonitor$Monitor@2bc0603f] INFO  util.JvmPauseMonitor (JvmPauseMonitor.java:run(188)) - Starting JVM pause monitor
2022-08-05 06:59:58,513 [Listener at 0.0.0.0/37301] INFO  http.BaseHttpServer (BaseHttpServer.java:newHttpServer2BuilderForOzone(209)) - Starting Web-server for scm at: http://0.0.0.0:0
2022-08-05 06:59:58,513 [Listener at 0.0.0.0/37301] INFO  http.BaseHttpServer (BaseHttpServer.java:<init>(107)) - Hadoop Security Enabled: false Ozone Security Enabled: false Ozone HTTP Security Enabled: false 
2022-08-05 06:59:58,537 [Listener at 0.0.0.0/37301] INFO  util.log (Log.java:initialized(170)) - Logging initialized @4050ms to org.eclipse.jetty.util.log.Slf4jLog
2022-08-05 06:59:58,635 [Listener at 0.0.0.0/37301] INFO  server.AuthenticationFilter (AuthenticationFilter.java:constructSecretProvider(240)) - Unable to initialize FileSignerSecretProvider, falling back to use random secrets.
2022-08-05 06:59:58,639 [Listener at 0.0.0.0/37301] WARN  http.HttpRequestLog (HttpRequestLog.java:getRequestLog(103)) - Jetty request log can only be enabled using Log4j
2022-08-05 06:59:58,646 [Listener at 0.0.0.0/37301] INFO  http.HttpServer2 (HttpServer2.java:addGlobalFilter(1029)) - Added global filter 'safety' (class=org.apache.hadoop.hdds.server.http.HttpServer2$QuotingInputFilter)
2022-08-05 06:59:58,648 [Listener at 0.0.0.0/37301] INFO  http.HttpServer2 (HttpServer2.java:addFilter(1005)) - Added filter static_user_filter (class=org.apache.hadoop.http.lib.StaticUserWebFilter$StaticUserFilter) to context scm
2022-08-05 06:59:58,648 [Listener at 0.0.0.0/37301] INFO  http.HttpServer2 (HttpServer2.java:addFilter(1013)) - Added filter static_user_filter (class=org.apache.hadoop.http.lib.StaticUserWebFilter$StaticUserFilter) to context static
2022-08-05 06:59:58,648 [Listener at 0.0.0.0/37301] INFO  http.HttpServer2 (HttpServer2.java:addFilter(1013)) - Added filter static_user_filter (class=org.apache.hadoop.http.lib.StaticUserWebFilter$StaticUserFilter) to context logs
2022-08-05 06:59:58,685 [Listener at 0.0.0.0/37301] INFO  http.HttpServer2 (HttpServer2.java:bindListener(1248)) - Jetty bound to port 36587
2022-08-05 06:59:58,686 [Listener at 0.0.0.0/37301] INFO  server.Server (Server.java:doStart(375)) - jetty-9.4.43.v20210629; built: 2021-06-30T11:07:22.254Z; git: 526006ecfa3af7f1a27ef3a288e2bef7ea9dd7e8; jvm 1.8.0_332-b09
2022-08-05 06:59:58,717 [Listener at 0.0.0.0/37301] INFO  server.session (DefaultSessionIdManager.java:doStart(334)) - DefaultSessionIdManager workerName=node0
2022-08-05 06:59:58,717 [Listener at 0.0.0.0/37301] INFO  server.session (DefaultSessionIdManager.java:doStart(339)) - No SessionScavenger set, using defaults
2022-08-05 06:59:58,719 [Listener at 0.0.0.0/37301] INFO  server.session (HouseKeeper.java:startScavenging(132)) - node0 Scavenging every 660000ms
2022-08-05 06:59:58,730 [Listener at 0.0.0.0/37301] INFO  handler.ContextHandler (ContextHandler.java:doStart(915)) - Started o.e.j.s.ServletContextHandler@54f4734e{logs,/logs,file:///home/runner/work/ozone/ozone/hadoop-ozone/integration-test/target/log,AVAILABLE}
2022-08-05 06:59:58,731 [Listener at 0.0.0.0/37301] INFO  handler.ContextHandler (ContextHandler.java:doStart(915)) - Started o.e.j.s.ServletContextHandler@19b0a9f2{static,/static,file:///home/runner/work/ozone/ozone/hadoop-ozone/integration-test/target/test-classes/webapps/static,AVAILABLE}
2022-08-05 06:59:58,770 [Listener at 0.0.0.0/37301] INFO  handler.ContextHandler (ContextHandler.java:doStart(915)) - Started o.e.j.w.WebAppContext@75882ac2{scm,/,file:///home/runner/work/ozone/ozone/hadoop-ozone/integration-test/target/test-classes/webapps/scm/,AVAILABLE}{file:/home/runner/work/ozone/ozone/hadoop-ozone/integration-test/target/test-classes/webapps/scm}
2022-08-05 06:59:58,779 [Listener at 0.0.0.0/37301] INFO  server.AbstractConnector (AbstractConnector.java:doStart(331)) - Started ServerConnector@4529048e{HTTP/1.1, (http/1.1)}{0.0.0.0:36587}
2022-08-05 06:59:58,779 [Listener at 0.0.0.0/37301] INFO  server.Server (Server.java:doStart(415)) - Started @4291ms
2022-08-05 06:59:58,782 [Listener at 0.0.0.0/37301] INFO  impl.MetricsSinkAdapter (MetricsSinkAdapter.java:start(204)) - Sink prometheus started
2022-08-05 06:59:58,782 [Listener at 0.0.0.0/37301] INFO  impl.MetricsSystemImpl (MetricsSystemImpl.java:registerSink(305)) - Registered sink prometheus
2022-08-05 06:59:58,783 [Listener at 0.0.0.0/37301] INFO  http.BaseHttpServer (BaseHttpServer.java:updateConnectorAddress(329)) - HTTP server of scm listening at http://0.0.0.0:36587
2022-08-05 06:59:58,784 [Listener at 0.0.0.0/37301] WARN  server.ServerUtils (ServerUtils.java:getDBPath(225)) - ozone.om.db.dirs is not configured. We recommend adding this setting. Falling back to ozone.metadata.dirs instead.
2022-08-05 06:59:58,841 [Listener at 0.0.0.0/37301] INFO  audit.AuditLogger (AuditLogger.java:refreshDebugCmdSet(126)) - Refresh DebugCmdSet for OMAudit to [].
2022-08-05 06:59:58,937 [Listener at 0.0.0.0/37301] INFO  ha.OMHANodeDetails (OMHANodeDetails.java:loadOMHAConfig(115)) - ozone.om.internal.service.id is not defined, falling back to ozone.om.service.ids to find serviceID for OzoneManager if it is HA enabled cluster
2022-08-05 06:59:58,941 [Listener at 0.0.0.0/37301] INFO  ha.OMHANodeDetails (OMHANodeDetails.java:loadOMHAConfig(226)) - Configuration does not have ozone.om.address set. Falling back to the default OM address /127.0.0.1:0
2022-08-05 06:59:58,941 [Listener at 0.0.0.0/37301] INFO  ha.OMHANodeDetails (OMHANodeDetails.java:getOMNodeDetailsForNonHA(254)) - OM Service ID is not set. Setting it to the default ID: omServiceIdDefault
2022-08-05 06:59:58,941 [Listener at 0.0.0.0/37301] INFO  ha.OMHANodeDetails (OMHANodeDetails.java:getOMNodeDetailsForNonHA(261)) - OM Node ID is not set. Setting it to the default ID: om1
2022-08-05 06:59:58,944 [Listener at 0.0.0.0/37301] WARN  server.ServerUtils (ServerUtils.java:getDBPath(225)) - ozone.om.db.dirs is not configured. We recommend adding this setting. Falling back to ozone.metadata.dirs instead.
2022-08-05 06:59:58,947 [Listener at 0.0.0.0/37301] INFO  upgrade.AbstractLayoutVersionManager (AbstractLayoutVersionManager.java:init(83)) - Initializing Layout version manager with metadata layout = MULTITENANCY_SCHEMA (version = 3), software layout = MULTITENANCY_SCHEMA (version = 3)
2022-08-05 06:59:59,027 [Listener at 0.0.0.0/37301] INFO  reflections.Reflections (Reflections.java:scan(232)) - Reflections took 76 ms to scan 2 urls, producing 153 keys and 425 values [using 2 cores]
2022-08-05 06:59:59,032 [Listener at 0.0.0.0/37301] INFO  upgrade.OMLayoutVersionManager (OMLayoutVersionManager.java:lambda$0(115)) - Skipping Upgrade Action MockOmUpgradeAction since it has been finalized.
2022-08-05 06:59:59,033 [Listener at 0.0.0.0/37301] WARN  server.ServerUtils (ServerUtils.java:getDBPath(225)) - ozone.om.db.dirs is not configured. We recommend adding this setting. Falling back to ozone.metadata.dirs instead.
2022-08-05 06:59:59,184 [Listener at 0.0.0.0/37301] INFO  proxy.SCMBlockLocationFailoverProxyProvider (SCMBlockLocationFailoverProxyProvider.java:<init>(114)) - Created block location fail-over proxy with 1 nodes: [nodeId=scmNodeId,nodeAddress=/0.0.0.0:36135]
2022-08-05 06:59:59,206 [Listener at 0.0.0.0/37301] INFO  proxy.SCMBlockLocationFailoverProxyProvider (SCMBlockLocationFailoverProxyProvider.java:<init>(114)) - Created block location fail-over proxy with 1 nodes: [nodeId=scmNodeId,nodeAddress=/0.0.0.0:36135]
2022-08-05 06:59:59,404 [Listener at 0.0.0.0/37301] WARN  server.ServerUtils (ServerUtils.java:getDBPath(225)) - ozone.om.db.dirs is not configured. We recommend adding this setting. Falling back to ozone.metadata.dirs instead.
2022-08-05 06:59:59,411 [Listener at 0.0.0.0/37301] INFO  codec.OmKeyInfoCodec (OmKeyInfoCodec.java:<init>(49)) - OmKeyInfoCodec ignorePipeline = true
2022-08-05 06:59:59,412 [Listener at 0.0.0.0/37301] INFO  codec.RepeatedOmKeyInfoCodec (RepeatedOmKeyInfoCodec.java:<init>(41)) - RepeatedOmKeyInfoCodec ignorePipeline = true
2022-08-05 06:59:59,606 [Listener at 0.0.0.0/37301] INFO  om.OzoneManager (OzoneManager.java:instantiateServices(696)) - S3 Multi-Tenancy is disabled
2022-08-05 06:59:59,682 [Listener at 0.0.0.0/37301] INFO  om.OzoneManager (OzoneManager.java:addS3GVolumeToDB(4307)) - Created Volume s3v With Owner runner required for S3Gateway operations.
2022-08-05 06:59:59,765 [Listener at 0.0.0.0/37301] WARN  server.ServerUtils (ServerUtils.java:getDefaultRatisDirectory(237)) - Storage directory for Ratis is not configured. It is a good idea to map this to an SSD disk. Falling back to ozone.metadata.dirs
2022-08-05 06:59:59,765 [Listener at 0.0.0.0/37301] WARN  utils.OzoneManagerRatisUtils (OzoneManagerRatisUtils.java:getOMRatisSnapshotDirectory(431)) - ozone.om.ratis.snapshot.dir is not configured. Falling back to ozone.metadata.dirs config
2022-08-05 06:59:59,786 [Listener at 0.0.0.0/37301] WARN  server.ServerUtils (ServerUtils.java:getDefaultRatisDirectory(237)) - Storage directory for Ratis is not configured. It is a good idea to map this to an SSD disk. Falling back to ozone.metadata.dirs
2022-08-05 06:59:59,815 [Listener at 0.0.0.0/37301] INFO  ratis.OzoneManagerRatisServer (OzoneManagerRatisServer.java:<init>(159)) - Instantiating OM Ratis server with groupID: omServiceIdDefault and peers: localhost:9872
2022-08-05 06:59:59,824 [Listener at 0.0.0.0/37301] INFO  ratis.OzoneManagerStateMachine (OzoneManagerStateMachine.java:loadSnapshotInfoFromDB(632)) - LastAppliedIndex is set from TransactionInfo from OM DB as (t:0, i:~)
2022-08-05 06:59:59,872 [Listener at 0.0.0.0/37301] INFO  server.RaftServer (ConfUtils.java:logGet(46)) - raft.rpc.type = GRPC (default)
2022-08-05 06:59:59,954 [Listener at 0.0.0.0/37301] INFO  grpc.GrpcFactory (GrpcFactory.java:checkPooledByteBufAllocatorUseCacheForAllThreads(48)) - PERFORMANCE WARNING: useCacheForAllThreads is true that may cause Netty to create a lot garbage objects and, as a result, trigger GC.
	It is recommended to disable useCacheForAllThreads by setting -Dorg.apache.ratis.thirdparty.io.netty.allocator.useCacheForAllThreads=false in command line.
2022-08-05 06:59:59,958 [Listener at 0.0.0.0/37301] INFO  grpc.GrpcConfigKeys (ConfUtils.java:logGet(46)) - raft.grpc.admin.port = -1 (default)
2022-08-05 06:59:59,959 [Listener at 0.0.0.0/37301] INFO  grpc.GrpcConfigKeys (ConfUtils.java:logGet(46)) - raft.grpc.server.port = 9872 (custom)
2022-08-05 06:59:59,959 [Listener at 0.0.0.0/37301] INFO  grpc.GrpcConfigKeys (ConfUtils.java:logGet(46)) - raft.grpc.client.port = -1 (default)
2022-08-05 06:59:59,960 [Listener at 0.0.0.0/37301] INFO  grpc.GrpcConfigKeys (ConfUtils.java:logGet(46)) - raft.grpc.server.port = 9872 (custom)
2022-08-05 06:59:59,960 [Listener at 0.0.0.0/37301] INFO  grpc.GrpcConfigKeys (ConfUtils.java:logGet(46)) - raft.grpc.server.port = 9872 (custom)
2022-08-05 06:59:59,960 [Listener at 0.0.0.0/37301] INFO  server.GrpcService (ConfUtils.java:logGet(46)) - raft.grpc.message.size.max = 33554432 (custom)
2022-08-05 06:59:59,962 [Listener at 0.0.0.0/37301] INFO  server.RaftServerConfigKeys (ConfUtils.java:logGet(46)) - raft.server.log.appender.buffer.byte-limit = 33554432 (custom)
2022-08-05 06:59:59,962 [Listener at 0.0.0.0/37301] INFO  server.GrpcService (ConfUtils.java:logGet(46)) - raft.grpc.flow.control.window = 1MB (=1048576) (default)
2022-08-05 06:59:59,963 [Listener at 0.0.0.0/37301] INFO  server.RaftServerConfigKeys (ConfUtils.java:logGet(46)) - raft.server.rpc.request.timeout = 3000ms (default)
2022-08-05 06:59:59,980 [Listener at 0.0.0.0/37301] INFO  grpc.GrpcConfigKeys (ConfUtils.java:logGet(46)) - raft.grpc.server.async.request.thread.pool.cached = true (default)
2022-08-05 06:59:59,981 [Listener at 0.0.0.0/37301] INFO  grpc.GrpcConfigKeys (ConfUtils.java:logGet(46)) - raft.grpc.server.async.request.thread.pool.size = 32 (default)
2022-08-05 07:00:00,291 [Listener at 0.0.0.0/37301] INFO  impl.DataStreamServerImpl (ConfUtils.java:logGet(46)) - raft.datastream.type = DISABLED (default)
2022-08-05 07:00:00,294 [Listener at 0.0.0.0/37301] INFO  server.RaftServerConfigKeys (ConfUtils.java:logGet(46)) - raft.server.threadpool.proxy.cached = true (default)
2022-08-05 07:00:00,295 [Listener at 0.0.0.0/37301] INFO  server.RaftServerConfigKeys (ConfUtils.java:logGet(46)) - raft.server.threadpool.proxy.size = 0 (default)
2022-08-05 07:00:00,295 [Listener at 0.0.0.0/37301] INFO  server.RaftServerConfigKeys (ConfUtils.java:logGet(46)) - raft.server.rpc.slowness.timeout = 120s (custom)
2022-08-05 07:00:00,295 [Listener at 0.0.0.0/37301] INFO  server.RaftServerConfigKeys (ConfUtils.java:logGet(46)) - raft.server.leaderelection.leader.step-down.wait-time = 10s (default)
2022-08-05 07:00:00,299 [Listener at 0.0.0.0/37301] INFO  server.RaftServerConfigKeys (ConfUtils.java:logGet(46)) - raft.server.storage.dir = [/home/runner/work/ozone/ozone/hadoop-ozone/integration-test/target/test-dir/MiniOzoneClusterImpl-bb0a6680-cc6d-4375-b258-2c4cc626dd81/ozone-meta/ratis] (custom)
2022-08-05 07:00:00,310 [Listener at 0.0.0.0/37301] INFO  server.RaftServer (RaftServerProxy.java:addNew(96)) - om1: addNew group-C5BA1605619E:[om1|rpc:localhost:9872|priority:0] returns group-C5BA1605619E:java.util.concurrent.CompletableFuture@6dafe488[Not completed]
2022-08-05 07:00:00,310 [Listener at 0.0.0.0/37301] INFO  om.OzoneManager (OzoneManager.java:initializeRatisServer(1962)) - OzoneManager Ratis server initialized at port 9872
2022-08-05 07:00:00,327 [Listener at 0.0.0.0/37301] INFO  om.OzoneManager (OzoneManager.java:getRpcServer(1085)) - Creating RPC Server
2022-08-05 07:00:00,345 [pool-55-thread-1] INFO  server.RaftServer$Division (RaftServerImpl.java:<init>(190)) - om1: new RaftServerImpl for group-C5BA1605619E:[om1|rpc:localhost:9872|priority:0] with OzoneManagerStateMachine:uninitialized
2022-08-05 07:00:00,351 [pool-55-thread-1] INFO  server.RaftServerConfigKeys (ConfUtils.java:logGet(46)) - raft.server.rpc.timeout.min = 1s (custom)
2022-08-05 07:00:00,361 [pool-55-thread-1] INFO  server.RaftServerConfigKeys (ConfUtils.java:logGet(46)) - raft.server.rpc.timeout.max = 1200ms (custom)
2022-08-05 07:00:00,361 [pool-55-thread-1] INFO  server.RaftServerConfigKeys (ConfUtils.java:logGet(46)) - raft.server.rpc.sleep.time = 25ms (default)
2022-08-05 07:00:00,362 [pool-55-thread-1] INFO  server.RaftServerConfigKeys (ConfUtils.java:logGet(46)) - raft.server.rpc.slowness.timeout = 120s (custom)
2022-08-05 07:00:00,362 [pool-55-thread-1] INFO  server.RaftServerConfigKeys (ConfUtils.java:logGet(46)) - raft.server.leaderelection.leader.step-down.wait-time = 10s (default)
2022-08-05 07:00:00,362 [pool-55-thread-1] INFO  server.RaftServerConfigKeys (ConfUtils.java:logGet(46)) - raft.server.sleep.deviation.threshold = 300ms (default)
2022-08-05 07:00:00,375 [pool-55-thread-1] INFO  server.RaftServer$Division (ServerState.java:<init>(107)) - om1@group-C5BA1605619E: ConfigurationManager, init=-1: [om1|rpc:localhost:9872|priority:0], old=null, confs=<EMPTY_MAP>
2022-08-05 07:00:00,376 [pool-55-thread-1] INFO  server.RaftServerConfigKeys (ConfUtils.java:logGet(46)) - raft.server.storage.dir = [/home/runner/work/ozone/ozone/hadoop-ozone/integration-test/target/test-dir/MiniOzoneClusterImpl-bb0a6680-cc6d-4375-b258-2c4cc626dd81/ozone-meta/ratis] (custom)
2022-08-05 07:00:00,382 [pool-55-thread-1] INFO  server.RaftServerConfigKeys (ConfUtils.java:logGet(46)) - raft.server.log.corruption.policy = EXCEPTION (default)
2022-08-05 07:00:00,382 [pool-55-thread-1] INFO  server.RaftServerConfigKeys (ConfUtils.java:logGet(46)) - raft.server.storage.free-space.min = 0MB (=0) (default)
2022-08-05 07:00:00,383 [pool-55-thread-1] INFO  storage.RaftStorageDirectory (RaftStorageDirectoryImpl.java:analyzeStorage(135)) - The storage directory /home/runner/work/ozone/ozone/hadoop-ozone/integration-test/target/test-dir/MiniOzoneClusterImpl-bb0a6680-cc6d-4375-b258-2c4cc626dd81/ozone-meta/ratis/bf265839-605b-3f16-9796-c5ba1605619e does not exist. Creating ...
2022-08-05 07:00:00,393 [pool-55-thread-1] INFO  storage.RaftStorageDirectory (RaftStorageDirectoryImpl.java:tryLock(230)) - Lock on /home/runner/work/ozone/ozone/hadoop-ozone/integration-test/target/test-dir/MiniOzoneClusterImpl-bb0a6680-cc6d-4375-b258-2c4cc626dd81/ozone-meta/ratis/bf265839-605b-3f16-9796-c5ba1605619e/in_use.lock acquired by nodename 7742@fv-az21-954
2022-08-05 07:00:00,423 [pool-55-thread-1] INFO  storage.RaftStorage (RaftStorageImpl.java:format(89)) - Storage directory /home/runner/work/ozone/ozone/hadoop-ozone/integration-test/target/test-dir/MiniOzoneClusterImpl-bb0a6680-cc6d-4375-b258-2c4cc626dd81/ozone-meta/ratis/bf265839-605b-3f16-9796-c5ba1605619e has been successfully formatted.
2022-08-05 07:00:00,430 [pool-55-thread-1] INFO  server.RaftServerConfigKeys (ConfUtils.java:logGet(46)) - raft.server.notification.no-leader.timeout = 120s (custom)
2022-08-05 07:00:00,432 [pool-55-thread-1] INFO  server.RaftServerConfigKeys (ConfUtils.java:logGet(46)) - raft.server.log.use.memory = false (default)
2022-08-05 07:00:00,470 [pool-55-thread-1] INFO  server.RaftServerConfigKeys (ConfUtils.java:logGet(46)) - raft.server.log.purge.gap = 1000000 (custom)
2022-08-05 07:00:00,471 [pool-55-thread-1] INFO  server.RaftServerConfigKeys (ConfUtils.java:logGet(46)) - raft.server.log.appender.buffer.byte-limit = 33554432 (custom)
2022-08-05 07:00:00,474 [pool-55-thread-1] INFO  server.RaftServerConfigKeys (ConfUtils.java:logGet(46)) - raft.server.log.statemachine.data.read.timeout = 1000ms (default)
2022-08-05 07:00:00,501 [pool-55-thread-1] INFO  server.RaftServerConfigKeys (ConfUtils.java:logGet(46)) - raft.server.log.segment.size.max = 4194304 (custom)
2022-08-05 07:00:00,531 [pool-55-thread-1] INFO  server.RaftServerConfigKeys (ConfUtils.java:logGet(46)) - raft.server.log.segment.cache.num.max = 2 (custom)
2022-08-05 07:00:00,532 [pool-55-thread-1] INFO  server.RaftServerConfigKeys (ConfUtils.java:logGet(46)) - raft.server.log.segment.cache.size.max = 200MB (=209715200) (default)
2022-08-05 07:00:00,556 [pool-55-thread-1] INFO  segmented.SegmentedRaftLogWorker (SegmentedRaftLogWorker.java:<init>(187)) - new om1@group-C5BA1605619E-SegmentedRaftLogWorker for RaftStorageImpl:Storage Directory /home/runner/work/ozone/ozone/hadoop-ozone/integration-test/target/test-dir/MiniOzoneClusterImpl-bb0a6680-cc6d-4375-b258-2c4cc626dd81/ozone-meta/ratis/bf265839-605b-3f16-9796-c5ba1605619e
2022-08-05 07:00:00,556 [pool-55-thread-1] INFO  server.RaftServerConfigKeys (ConfUtils.java:logGet(46)) - raft.server.log.queue.byte-limit = 64MB (=67108864) (default)
2022-08-05 07:00:00,557 [pool-55-thread-1] INFO  server.RaftServerConfigKeys (ConfUtils.java:logGet(46)) - raft.server.log.queue.element-limit = 4096 (default)
2022-08-05 07:00:00,558 [pool-55-thread-1] INFO  server.RaftServerConfigKeys (ConfUtils.java:logGet(46)) - raft.server.log.segment.size.max = 4194304 (custom)
2022-08-05 07:00:00,558 [pool-55-thread-1] INFO  server.RaftServerConfigKeys (ConfUtils.java:logGet(46)) - raft.server.log.preallocated.size = 4194304 (custom)
2022-08-05 07:00:00,558 [pool-55-thread-1] INFO  server.RaftServerConfigKeys (ConfUtils.java:logGet(46)) - raft.server.log.force.sync.num = 128 (default)
2022-08-05 07:00:00,560 [pool-55-thread-1] INFO  server.RaftServerConfigKeys (ConfUtils.java:logGet(46)) - raft.server.log.statemachine.data.sync = true (default)
2022-08-05 07:00:00,560 [pool-55-thread-1] INFO  server.RaftServerConfigKeys (ConfUtils.java:logGet(46)) - raft.server.log.statemachine.data.sync.timeout = 10s (default)
2022-08-05 07:00:00,561 [pool-55-thread-1] INFO  server.RaftServerConfigKeys (ConfUtils.java:logGet(46)) - raft.server.log.statemachine.data.sync.timeout.retry = -1 (default)
2022-08-05 07:00:00,590 [pool-55-thread-1] INFO  server.RaftServerConfigKeys (ConfUtils.java:logGet(46)) - raft.server.log.write.buffer.size = 64KB (=65536) (default)
2022-08-05 07:00:00,598 [pool-55-thread-1] INFO  server.RaftServerConfigKeys (ConfUtils.java:logGet(46)) - raft.server.log.unsafe-flush.enabled = false (default)
2022-08-05 07:00:00,598 [pool-55-thread-1] INFO  server.RaftServerConfigKeys (ConfUtils.java:logGet(46)) - raft.server.log.statemachine.data.caching.enabled = false (default)
2022-08-05 07:00:00,618 [pool-55-thread-1] INFO  segmented.SegmentedRaftLogWorker (SegmentedRaftLogWorker.java:lambda$new$0(135)) - om1@group-C5BA1605619E-SegmentedRaftLogWorker: flushIndex: setUnconditionally 0 -> -1
2022-08-05 07:00:00,618 [pool-55-thread-1] INFO  segmented.SegmentedRaftLogWorker (SegmentedRaftLogWorker.java:lambda$new$0(135)) - om1@group-C5BA1605619E-SegmentedRaftLogWorker: safeCacheEvictIndex: setUnconditionally 0 -> -1
2022-08-05 07:00:00,633 [pool-55-thread-1] INFO  server.RaftServerConfigKeys (ConfUtils.java:logGet(46)) - raft.server.snapshot.auto.trigger.enabled = true (custom)
2022-08-05 07:00:00,642 [pool-55-thread-1] INFO  server.RaftServerConfigKeys (ConfUtils.java:logGet(46)) - raft.server.snapshot.auto.trigger.threshold = 400000 (default)
2022-08-05 07:00:00,642 [pool-55-thread-1] INFO  server.RaftServerConfigKeys (ConfUtils.java:logGet(46)) - raft.server.snapshot.retention.file.num = -1 (default)
2022-08-05 07:00:00,644 [pool-55-thread-1] INFO  server.RaftServerConfigKeys (ConfUtils.java:logGet(46)) - raft.server.log.purge.upto.snapshot.index = true (custom)
2022-08-05 07:00:00,646 [pool-55-thread-1] INFO  server.RaftServerConfigKeys (ConfUtils.java:logGet(46)) - raft.server.retrycache.expirytime = 300s (custom)
2022-08-05 07:00:00,646 [pool-55-thread-1] INFO  server.RaftServerConfigKeys (ConfUtils.java:logGet(46)) - raft.server.retrycache.statistics.expirytime = 100μs (default)
2022-08-05 07:00:00,768 [pool-55-thread-1] INFO  server.RaftServerConfigKeys (ConfUtils.java:logGet(46)) - raft.server.log.appender.install.snapshot.enabled = false (custom)
2022-08-05 07:00:00,769 [pool-55-thread-1] INFO  server.RaftServerConfigKeys (ConfUtils.java:logGet(46)) - raft.server.threadpool.server.cached = true (default)
2022-08-05 07:00:00,778 [pool-55-thread-1] INFO  server.RaftServerConfigKeys (ConfUtils.java:logGet(46)) - raft.server.threadpool.server.size = 0 (default)
2022-08-05 07:00:00,778 [pool-55-thread-1] INFO  server.RaftServerConfigKeys (ConfUtils.java:logGet(46)) - raft.server.threadpool.client.cached = true (default)
2022-08-05 07:00:00,779 [pool-55-thread-1] INFO  server.RaftServerConfigKeys (ConfUtils.java:logGet(46)) - raft.server.threadpool.client.size = 0 (default)
2022-08-05 07:00:01,027 [Listener at 0.0.0.0/37301] INFO  reflections.Reflections (Reflections.java:scan(232)) - Reflections took 659 ms to scan 19 urls, producing 67 keys and 4141 values [using 2 cores]
2022-08-05 07:00:01,201 [Listener at 0.0.0.0/37301] INFO  ipc.CallQueueManager (CallQueueManager.java:<init>(90)) - Using callQueue: class java.util.concurrent.LinkedBlockingQueue, queueCapacity: 2000, scheduler: class org.apache.hadoop.ipc.DefaultRpcScheduler, ipcBackoff: false.
2022-08-05 07:00:01,202 [Socket Reader #1 for port 0] INFO  ipc.Server (Server.java:run(1265)) - Starting Socket Reader #1 for port 0
2022-08-05 07:00:01,243 [Listener at 127.0.0.1/35351] INFO  impl.MetricsSystemImpl (MetricsSystemImpl.java:init(158)) - OzoneManager metrics system started (again)
2022-08-05 07:00:01,257 [Listener at 127.0.0.1/35351] INFO  om.OzoneManager (OzoneManager.java:start(1469)) - OzoneManager RPC server is listening at localhost/127.0.0.1:35351
2022-08-05 07:00:01,257 [Listener at 127.0.0.1/35351] INFO  ratis.OzoneManagerRatisServer (OzoneManagerRatisServer.java:start(554)) - Starting OzoneManagerRatisServer om1 at port 9872
2022-08-05 07:00:01,260 [om1-impl-thread1] INFO  server.RaftServer$Division (RaftServerImpl.java:start(310)) - om1@group-C5BA1605619E: start as a follower, conf=-1: [om1|rpc:localhost:9872|priority:0], old=null
2022-08-05 07:00:01,261 [om1-impl-thread1] INFO  server.RaftServer$Division (RaftServerImpl.java:setRole(299)) - om1@group-C5BA1605619E: changes role from      null to FOLLOWER at term 0 for startAsFollower
2022-08-05 07:00:01,262 [om1-impl-thread1] INFO  impl.RoleInfo (RoleInfo.java:updateAndGet(139)) - om1: start om1@group-C5BA1605619E-FollowerState
2022-08-05 07:00:01,264 [om1-impl-thread1] INFO  util.JmxRegister (JmxRegister.java:tryRegister(44)) - Successfully registered JMX Bean with object name Ratis:service=RaftServer,group=group-C5BA1605619E,id=om1
2022-08-05 07:00:01,272 [Listener at 127.0.0.1/35351] INFO  server.RaftServer (RaftServerProxy.java:lambda$start$6(382)) - om1: start RPC server
2022-08-05 07:00:01,489 [Listener at 127.0.0.1/35351] INFO  server.GrpcService (GrpcService.java:startImpl(260)) - om1: GrpcService started, listening on 9872
2022-08-05 07:00:01,491 [Listener at 127.0.0.1/35351] INFO  om.OzoneManager (OzoneManager.java:start(1485)) - Version File has different layout version (3) than OM DB (null). That is expected if this OM has never been finalized to a newer layout version.
2022-08-05 07:00:01,501 [org.apache.ratis.util.JvmPauseMonitor$$Lambda$615/1689199240@7f56567d] INFO  util.JvmPauseMonitor (JvmPauseMonitor.java:run(103)) - JvmPauseMonitor-om1: Started
2022-08-05 07:00:01,517 [Listener at 127.0.0.1/35351] INFO  http.BaseHttpServer (BaseHttpServer.java:newHttpServer2BuilderForOzone(209)) - Starting Web-server for ozoneManager at: http://0.0.0.0:0
2022-08-05 07:00:01,518 [Listener at 127.0.0.1/35351] INFO  http.BaseHttpServer (BaseHttpServer.java:<init>(107)) - Hadoop Security Enabled: false Ozone Security Enabled: false Ozone HTTP Security Enabled: false 
2022-08-05 07:00:01,519 [Listener at 127.0.0.1/35351] INFO  server.AuthenticationFilter (AuthenticationFilter.java:constructSecretProvider(240)) - Unable to initialize FileSignerSecretProvider, falling back to use random secrets.
2022-08-05 07:00:01,527 [Listener at 127.0.0.1/35351] WARN  http.HttpRequestLog (HttpRequestLog.java:getRequestLog(103)) - Jetty request log can only be enabled using Log4j
2022-08-05 07:00:01,529 [Listener at 127.0.0.1/35351] INFO  http.HttpServer2 (HttpServer2.java:addGlobalFilter(1029)) - Added global filter 'safety' (class=org.apache.hadoop.hdds.server.http.HttpServer2$QuotingInputFilter)
2022-08-05 07:00:01,530 [Listener at 127.0.0.1/35351] INFO  http.HttpServer2 (HttpServer2.java:addFilter(1005)) - Added filter static_user_filter (class=org.apache.hadoop.http.lib.StaticUserWebFilter$StaticUserFilter) to context ozoneManager
2022-08-05 07:00:01,530 [Listener at 127.0.0.1/35351] INFO  http.HttpServer2 (HttpServer2.java:addFilter(1013)) - Added filter static_user_filter (class=org.apache.hadoop.http.lib.StaticUserWebFilter$StaticUserFilter) to context logs
2022-08-05 07:00:01,530 [Listener at 127.0.0.1/35351] INFO  http.HttpServer2 (HttpServer2.java:addFilter(1013)) - Added filter static_user_filter (class=org.apache.hadoop.http.lib.StaticUserWebFilter$StaticUserFilter) to context static
2022-08-05 07:00:01,543 [Listener at 127.0.0.1/35351] INFO  http.HttpServer2 (HttpServer2.java:bindListener(1248)) - Jetty bound to port 42927
2022-08-05 07:00:01,543 [Listener at 127.0.0.1/35351] INFO  server.Server (Server.java:doStart(375)) - jetty-9.4.43.v20210629; built: 2021-06-30T11:07:22.254Z; git: 526006ecfa3af7f1a27ef3a288e2bef7ea9dd7e8; jvm 1.8.0_332-b09
2022-08-05 07:00:01,544 [Listener at 127.0.0.1/35351] INFO  server.session (DefaultSessionIdManager.java:doStart(334)) - DefaultSessionIdManager workerName=node0
2022-08-05 07:00:01,545 [Listener at 127.0.0.1/35351] INFO  server.session (DefaultSessionIdManager.java:doStart(339)) - No SessionScavenger set, using defaults
2022-08-05 07:00:01,545 [Listener at 127.0.0.1/35351] INFO  server.session (HouseKeeper.java:startScavenging(132)) - node0 Scavenging every 600000ms
2022-08-05 07:00:01,551 [Listener at 127.0.0.1/35351] INFO  handler.ContextHandler (ContextHandler.java:doStart(915)) - Started o.e.j.s.ServletContextHandler@c24ba1{logs,/logs,file:///home/runner/work/ozone/ozone/hadoop-ozone/integration-test/target/log,AVAILABLE}
2022-08-05 07:00:01,551 [Listener at 127.0.0.1/35351] INFO  handler.ContextHandler (ContextHandler.java:doStart(915)) - Started o.e.j.s.ServletContextHandler@337a9406{static,/static,file:///home/runner/work/ozone/ozone/hadoop-ozone/integration-test/target/test-classes/webapps/static,AVAILABLE}
2022-08-05 07:00:01,557 [Listener at 127.0.0.1/35351] INFO  handler.ContextHandler (ContextHandler.java:doStart(915)) - Started o.e.j.w.WebAppContext@48b79bdf{ozoneManager,/,file:///home/runner/work/ozone/ozone/hadoop-ozone/integration-test/target/test-classes/webapps/ozoneManager/,AVAILABLE}{file:/home/runner/work/ozone/ozone/hadoop-ozone/integration-test/target/test-classes/webapps/ozoneManager}
2022-08-05 07:00:01,561 [Listener at 127.0.0.1/35351] INFO  server.AbstractConnector (AbstractConnector.java:doStart(331)) - Started ServerConnector@721950cf{HTTP/1.1, (http/1.1)}{0.0.0.0:42927}
2022-08-05 07:00:01,561 [Listener at 127.0.0.1/35351] INFO  server.Server (Server.java:doStart(415)) - Started @7074ms
2022-08-05 07:00:01,561 [Listener at 127.0.0.1/35351] WARN  impl.MetricsSystemImpl (MetricsSystemImpl.java:register(279)) - Sink prometheus already exists!
2022-08-05 07:00:01,562 [Listener at 127.0.0.1/35351] INFO  http.BaseHttpServer (BaseHttpServer.java:updateConnectorAddress(329)) - HTTP server of ozoneManager listening at http://0.0.0.0:42927
2022-08-05 07:00:01,566 [IPC Server Responder] INFO  ipc.Server (Server.java:run(1507)) - IPC Server Responder: starting
2022-08-05 07:00:01,566 [IPC Server listener on 0] INFO  ipc.Server (Server.java:run(1344)) - IPC Server listener on 0: starting
2022-08-05 07:00:01,570 [Listener at 127.0.0.1/35351] INFO  om.OzoneManager (OzoneManager.java:startTrashEmptier(1906)) - Trash Interval set to 0. Files deleted won't move to trash
2022-08-05 07:00:01,586 [org.apache.hadoop.util.JvmPauseMonitor$Monitor@114b8b04] INFO  util.JvmPauseMonitor (JvmPauseMonitor.java:run(188)) - Starting JVM pause monitor
2022-08-05 07:00:01,743 [Listener at 127.0.0.1/35351] WARN  impl.MetricRegistriesImpl (MetricRegistriesImpl.java:addReporterRegistration(111)) - New reporters are added after registries were created. Some metrics will be missing from the reporter. Please add reporter before adding any new registry.
2022-08-05 07:00:01,744 [Listener at 127.0.0.1/35351] WARN  impl.MetricRegistriesImpl (MetricRegistriesImpl.java:addReporterRegistration(111)) - New reporters are added after registries were created. Some metrics will be missing from the reporter. Please add reporter before adding any new registry.
2022-08-05 07:00:01,744 [Listener at 127.0.0.1/35351] INFO  impl.MetricsSystemImpl (MetricsSystemImpl.java:init(158)) - HddsDatanode metrics system started (again)
2022-08-05 07:00:01,760 [Listener at 127.0.0.1/35351] INFO  ozone.HddsDatanodeService (HddsDatanodeService.java:start(236)) - HddsDatanodeService host:fv-az21-954.v4iizcarkezebbfea14bcgzyke.bx.internal.cloudapp.net ip:10.1.0.4
2022-08-05 07:00:01,796 [Listener at 127.0.0.1/35351] INFO  upgrade.AbstractLayoutVersionManager (AbstractLayoutVersionManager.java:init(83)) - Initializing Layout version manager with metadata layout = DATANODE_SCHEMA_V3 (version = 4), software layout = DATANODE_SCHEMA_V3 (version = 4)
2022-08-05 07:00:01,840 [Listener at 127.0.0.1/35351] INFO  reflections.Reflections (Reflections.java:scan(232)) - Reflections took 42 ms to scan 7 urls, producing 132 keys and 321 values 
2022-08-05 07:00:01,844 [Listener at 127.0.0.1/35351] INFO  statemachine.DatanodeStateMachine (DatanodeStateMachine.java:getEndPointTaskThreadPoolSize(237)) - Datanode State Machine Task Thread Pool size 2
2022-08-05 07:00:01,897 [Listener at 127.0.0.1/35351] INFO  volume.HddsVolume (HddsVolume.java:<init>(116)) - Creating HddsVolume: /home/runner/work/ozone/ozone/hadoop-ozone/integration-test/target/test-dir/MiniOzoneClusterImpl-bb0a6680-cc6d-4375-b258-2c4cc626dd81/datanode-0/data-0/containers/hdds of storage type : DISK capacity : 9223372036854775807
2022-08-05 07:00:01,899 [Listener at 127.0.0.1/35351] INFO  volume.MutableVolumeSet (MutableVolumeSet.java:initializeVolumeSet(174)) - Added Volume : /home/runner/work/ozone/ozone/hadoop-ozone/integration-test/target/test-dir/MiniOzoneClusterImpl-bb0a6680-cc6d-4375-b258-2c4cc626dd81/datanode-0/data-0/containers/hdds to VolumeSet
2022-08-05 07:00:01,900 [Listener at 127.0.0.1/35351] INFO  volume.ThrottledAsyncChecker (ThrottledAsyncChecker.java:schedule(141)) - Scheduling a check for /home/runner/work/ozone/ozone/hadoop-ozone/integration-test/target/test-dir/MiniOzoneClusterImpl-bb0a6680-cc6d-4375-b258-2c4cc626dd81/datanode-0/data-0/containers/hdds
2022-08-05 07:00:01,918 [Listener at 127.0.0.1/35351] INFO  volume.StorageVolumeChecker (StorageVolumeChecker.java:checkAllVolumes(202)) - Scheduled health check for volume /home/runner/work/ozone/ozone/hadoop-ozone/integration-test/target/test-dir/MiniOzoneClusterImpl-bb0a6680-cc6d-4375-b258-2c4cc626dd81/datanode-0/data-0/containers/hdds
2022-08-05 07:00:01,936 [Listener at 127.0.0.1/35351] INFO  volume.MutableVolumeSet (MutableVolumeSet.java:initializeVolumeSet(174)) - Added Volume : /home/runner/work/ozone/ozone/hadoop-ozone/integration-test/target/test-dir/MiniOzoneClusterImpl-bb0a6680-cc6d-4375-b258-2c4cc626dd81/datanode-0/data/ratis to VolumeSet
2022-08-05 07:00:01,936 [Listener at 127.0.0.1/35351] INFO  volume.ThrottledAsyncChecker (ThrottledAsyncChecker.java:schedule(141)) - Scheduling a check for /home/runner/work/ozone/ozone/hadoop-ozone/integration-test/target/test-dir/MiniOzoneClusterImpl-bb0a6680-cc6d-4375-b258-2c4cc626dd81/datanode-0/data/ratis
2022-08-05 07:00:01,936 [Listener at 127.0.0.1/35351] INFO  volume.StorageVolumeChecker (StorageVolumeChecker.java:checkAllVolumes(202)) - Scheduled health check for volume /home/runner/work/ozone/ozone/hadoop-ozone/integration-test/target/test-dir/MiniOzoneClusterImpl-bb0a6680-cc6d-4375-b258-2c4cc626dd81/datanode-0/data/ratis
2022-08-05 07:00:01,962 [Thread-136] INFO  ozoneimpl.ContainerReader (ContainerReader.java:readVolume(175)) - Finish verifying containers on volume /home/runner/work/ozone/ozone/hadoop-ozone/integration-test/target/test-dir/MiniOzoneClusterImpl-bb0a6680-cc6d-4375-b258-2c4cc626dd81/datanode-0/data-0/containers/hdds
2022-08-05 07:00:01,962 [Listener at 127.0.0.1/35351] INFO  ozoneimpl.OzoneContainer (OzoneContainer.java:buildContainerSet(299)) - Build ContainerSet costs 0s
2022-08-05 07:00:02,010 [Listener at 127.0.0.1/35351] INFO  audit.AuditLogger (AuditLogger.java:refreshDebugCmdSet(126)) - Refresh DebugCmdSet for DNAudit to [].
2022-08-05 07:00:02,041 [Listener at 127.0.0.1/35351] INFO  server.RaftServer (ConfUtils.java:logGet(46)) - raft.rpc.type = GRPC (default)
2022-08-05 07:00:02,043 [Listener at 127.0.0.1/35351] INFO  grpc.GrpcFactory (GrpcFactory.java:checkPooledByteBufAllocatorUseCacheForAllThreads(48)) - PERFORMANCE WARNING: useCacheForAllThreads is true that may cause Netty to create a lot garbage objects and, as a result, trigger GC.
	It is recommended to disable useCacheForAllThreads by setting -Dorg.apache.ratis.thirdparty.io.netty.allocator.useCacheForAllThreads=false in command line.
2022-08-05 07:00:02,043 [Listener at 127.0.0.1/35351] INFO  grpc.GrpcConfigKeys (ConfUtils.java:logGet(46)) - raft.grpc.admin.port = 0 (custom)
2022-08-05 07:00:02,044 [Listener at 127.0.0.1/35351] INFO  grpc.GrpcConfigKeys (ConfUtils.java:logGet(46)) - raft.grpc.client.port = 0 (custom)
2022-08-05 07:00:02,044 [Listener at 127.0.0.1/35351] INFO  grpc.GrpcConfigKeys (ConfUtils.java:logGet(46)) - raft.grpc.server.port = 0 (default)
2022-08-05 07:00:02,045 [Listener at 127.0.0.1/35351] INFO  server.GrpcService (ConfUtils.java:logGet(46)) - raft.grpc.message.size.max = 32MB (=33554432) (custom)
2022-08-05 07:00:02,045 [Listener at 127.0.0.1/35351] INFO  server.RaftServerConfigKeys (ConfUtils.java:logGet(46)) - raft.server.log.appender.buffer.byte-limit = 33554432 (custom)
2022-08-05 07:00:02,045 [Listener at 127.0.0.1/35351] INFO  server.GrpcService (ConfUtils.java:logGet(46)) - raft.grpc.flow.control.window = 5MB (=5242880) (custom)
2022-08-05 07:00:02,046 [Listener at 127.0.0.1/35351] INFO  server.RaftServerConfigKeys (ConfUtils.java:logGet(46)) - raft.server.rpc.request.timeout = 60s (custom)
2022-08-05 07:00:02,047 [Listener at 127.0.0.1/35351] INFO  grpc.GrpcConfigKeys (ConfUtils.java:logGet(46)) - raft.grpc.server.async.request.thread.pool.cached = true (default)
2022-08-05 07:00:02,047 [Listener at 127.0.0.1/35351] INFO  grpc.GrpcConfigKeys (ConfUtils.java:logGet(46)) - raft.grpc.server.async.request.thread.pool.size = 32 (default)
2022-08-05 07:00:02,049 [Listener at 127.0.0.1/35351] INFO  impl.DataStreamServerImpl (ConfUtils.java:logGet(46)) - raft.datastream.type = DISABLED (default)
2022-08-05 07:00:02,053 [Listener at 127.0.0.1/35351] INFO  server.RaftServerConfigKeys (ConfUtils.java:logGet(46)) - raft.server.threadpool.proxy.cached = true (default)
2022-08-05 07:00:02,053 [Listener at 127.0.0.1/35351] INFO  server.RaftServerConfigKeys (ConfUtils.java:logGet(46)) - raft.server.threadpool.proxy.size = 0 (default)
2022-08-05 07:00:02,053 [Listener at 127.0.0.1/35351] INFO  server.RaftServerConfigKeys (ConfUtils.java:logGet(46)) - raft.server.rpc.slowness.timeout = 300s (custom)
2022-08-05 07:00:02,054 [Listener at 127.0.0.1/35351] INFO  server.RaftServerConfigKeys (ConfUtils.java:logGet(46)) - raft.server.leaderelection.leader.step-down.wait-time = 10s (default)
2022-08-05 07:00:02,054 [Listener at 127.0.0.1/35351] INFO  server.RaftServerConfigKeys (ConfUtils.java:logGet(46)) - raft.server.storage.dir = [/home/runner/work/ozone/ozone/hadoop-ozone/integration-test/target/test-dir/MiniOzoneClusterImpl-bb0a6680-cc6d-4375-b258-2c4cc626dd81/datanode-0/data/ratis] (custom)
2022-08-05 07:00:02,076 [Listener at 127.0.0.1/35351] INFO  server.XceiverServerGrpc (XceiverServerGrpc.java:<init>(132)) - GrpcServer channel type EpollServerSocketChannel
2022-08-05 07:00:02,146 [Listener at 127.0.0.1/35351] INFO  http.BaseHttpServer (BaseHttpServer.java:newHttpServer2BuilderForOzone(209)) - Starting Web-server for hddsDatanode at: http://0.0.0.0:0
2022-08-05 07:00:02,147 [Listener at 127.0.0.1/35351] INFO  http.BaseHttpServer (BaseHttpServer.java:<init>(107)) - Hadoop Security Enabled: false Ozone Security Enabled: false Ozone HTTP Security Enabled: false 
2022-08-05 07:00:02,149 [Listener at 127.0.0.1/35351] INFO  server.AuthenticationFilter (AuthenticationFilter.java:constructSecretProvider(240)) - Unable to initialize FileSignerSecretProvider, falling back to use random secrets.
2022-08-05 07:00:02,149 [Listener at 127.0.0.1/35351] WARN  http.HttpRequestLog (HttpRequestLog.java:getRequestLog(103)) - Jetty request log can only be enabled using Log4j
2022-08-05 07:00:02,151 [Listener at 127.0.0.1/35351] INFO  http.HttpServer2 (HttpServer2.java:addGlobalFilter(1029)) - Added global filter 'safety' (class=org.apache.hadoop.hdds.server.http.HttpServer2$QuotingInputFilter)
2022-08-05 07:00:02,152 [Listener at 127.0.0.1/35351] INFO  http.HttpServer2 (HttpServer2.java:addFilter(1005)) - Added filter static_user_filter (class=org.apache.hadoop.http.lib.StaticUserWebFilter$StaticUserFilter) to context hddsDatanode
2022-08-05 07:00:02,152 [Listener at 127.0.0.1/35351] INFO  http.HttpServer2 (HttpServer2.java:addFilter(1013)) - Added filter static_user_filter (class=org.apache.hadoop.http.lib.StaticUserWebFilter$StaticUserFilter) to context logs
2022-08-05 07:00:02,152 [Listener at 127.0.0.1/35351] INFO  http.HttpServer2 (HttpServer2.java:addFilter(1013)) - Added filter static_user_filter (class=org.apache.hadoop.http.lib.StaticUserWebFilter$StaticUserFilter) to context static
2022-08-05 07:00:02,153 [Listener at 127.0.0.1/35351] INFO  http.HttpServer2 (HttpServer2.java:bindListener(1248)) - Jetty bound to port 33947
2022-08-05 07:00:02,153 [Listener at 127.0.0.1/35351] INFO  server.Server (Server.java:doStart(375)) - jetty-9.4.43.v20210629; built: 2021-06-30T11:07:22.254Z; git: 526006ecfa3af7f1a27ef3a288e2bef7ea9dd7e8; jvm 1.8.0_332-b09
2022-08-05 07:00:02,158 [Listener at 127.0.0.1/35351] INFO  server.session (DefaultSessionIdManager.java:doStart(334)) - DefaultSessionIdManager workerName=node0
2022-08-05 07:00:02,158 [Listener at 127.0.0.1/35351] INFO  server.session (DefaultSessionIdManager.java:doStart(339)) - No SessionScavenger set, using defaults
2022-08-05 07:00:02,158 [Listener at 127.0.0.1/35351] INFO  server.session (HouseKeeper.java:startScavenging(132)) - node0 Scavenging every 660000ms
2022-08-05 07:00:02,159 [Listener at 127.0.0.1/35351] INFO  handler.ContextHandler (ContextHandler.java:doStart(915)) - Started o.e.j.s.ServletContextHandler@6fee485b{logs,/logs,file:///home/runner/work/ozone/ozone/hadoop-ozone/integration-test/target/log,AVAILABLE}
2022-08-05 07:00:02,159 [Listener at 127.0.0.1/35351] INFO  handler.ContextHandler (ContextHandler.java:doStart(915)) - Started o.e.j.s.ServletContextHandler@59e182{static,/static,jar:file:/home/runner/.m2/repository/org/apache/ozone/hdds-container-service/1.3.0-SNAPSHOT/hdds-container-service-1.3.0-SNAPSHOT.jar!/webapps/static,AVAILABLE}
2022-08-05 07:00:02,337 [Listener at 127.0.0.1/35351] INFO  handler.ContextHandler (ContextHandler.java:doStart(915)) - Started o.e.j.w.WebAppContext@53716c51{hddsDatanode,/,file:///tmp/jetty-0_0_0_0-33947-hdds-container-service-1_3_0-SNAPSHOT_jar-_-any-8406122833539834831/webapp/,AVAILABLE}{jar:file:/home/runner/.m2/repository/org/apache/ozone/hdds-container-service/1.3.0-SNAPSHOT/hdds-container-service-1.3.0-SNAPSHOT.jar!/webapps/hddsDatanode}
2022-08-05 07:00:02,339 [Listener at 127.0.0.1/35351] INFO  server.AbstractConnector (AbstractConnector.java:doStart(331)) - Started ServerConnector@9fd26ec{HTTP/1.1, (http/1.1)}{0.0.0.0:33947}
2022-08-05 07:00:02,339 [Listener at 127.0.0.1/35351] INFO  server.Server (Server.java:doStart(415)) - Started @7851ms
2022-08-05 07:00:02,339 [Listener at 127.0.0.1/35351] WARN  impl.MetricsSystemImpl (MetricsSystemImpl.java:register(279)) - Sink prometheus already exists!
2022-08-05 07:00:02,340 [Listener at 127.0.0.1/35351] INFO  http.BaseHttpServer (BaseHttpServer.java:updateConnectorAddress(329)) - HTTP server of hddsDatanode listening at http://0.0.0.0:33947
2022-08-05 07:00:02,341 [Datanode State Machine Daemon Thread] INFO  statemachine.DatanodeStateMachine (DatanodeStateMachine.java:lambda$startDaemon$0(492)) - Ozone container server started.
2022-08-05 07:00:02,342 [Listener at 127.0.0.1/35351] WARN  impl.MetricRegistriesImpl (MetricRegistriesImpl.java:addReporterRegistration(111)) - New reporters are added after registries were created. Some metrics will be missing from the reporter. Please add reporter before adding any new registry.
2022-08-05 07:00:02,343 [Listener at 127.0.0.1/35351] WARN  impl.MetricRegistriesImpl (MetricRegistriesImpl.java:addReporterRegistration(111)) - New reporters are added after registries were created. Some metrics will be missing from the reporter. Please add reporter before adding any new registry.
2022-08-05 07:00:02,343 [Listener at 127.0.0.1/35351] INFO  impl.MetricsSystemImpl (MetricsSystemImpl.java:init(158)) - HddsDatanode metrics system started (again)
2022-08-05 07:00:02,365 [org.apache.hadoop.util.JvmPauseMonitor$Monitor@4bc1f5df] INFO  util.JvmPauseMonitor (JvmPauseMonitor.java:run(188)) - Starting JVM pause monitor
2022-08-05 07:00:02,366 [Listener at 127.0.0.1/35351] INFO  ozone.HddsDatanodeService (HddsDatanodeService.java:start(236)) - HddsDatanodeService host:fv-az21-954.v4iizcarkezebbfea14bcgzyke.bx.internal.cloudapp.net ip:10.1.0.4
2022-08-05 07:00:02,371 [om1@group-C5BA1605619E-FollowerState] INFO  impl.FollowerState (FollowerState.java:run(143)) - om1@group-C5BA1605619E-FollowerState: change to CANDIDATE, lastRpcElapsedTime:1109018460ns, electionTimeout:1092ms
2022-08-05 07:00:02,372 [om1@group-C5BA1605619E-FollowerState] INFO  impl.RoleInfo (RoleInfo.java:shutdownFollowerState(110)) - om1: shutdown om1@group-C5BA1605619E-FollowerState
2022-08-05 07:00:02,373 [om1@group-C5BA1605619E-FollowerState] INFO  server.RaftServer$Division (RaftServerImpl.java:setRole(299)) - om1@group-C5BA1605619E: changes role from  FOLLOWER to CANDIDATE at term 0 for changeToCandidate
2022-08-05 07:00:02,376 [om1@group-C5BA1605619E-FollowerState] INFO  server.RaftServerConfigKeys (ConfUtils.java:logGet(46)) - raft.server.leaderelection.pre-vote = false (custom)
2022-08-05 07:00:02,377 [om1@group-C5BA1605619E-FollowerState] INFO  impl.RoleInfo (RoleInfo.java:updateAndGet(139)) - om1: start om1@group-C5BA1605619E-LeaderElection1
2022-08-05 07:00:02,402 [om1@group-C5BA1605619E-LeaderElection1] INFO  impl.LeaderElection (LeaderElection.java:askForVotes(310)) - om1@group-C5BA1605619E-LeaderElection1 ELECTION round 0: submit vote requests at term 1 for -1: [om1|rpc:localhost:9872|priority:0], old=null
2022-08-05 07:00:02,403 [om1@group-C5BA1605619E-LeaderElection1] INFO  impl.LeaderElection (LeaderElection.java:askForVotes(312)) - om1@group-C5BA1605619E-LeaderElection1 ELECTION round 0: result PASSED (term=1)
2022-08-05 07:00:02,404 [om1@group-C5BA1605619E-LeaderElection1] INFO  impl.RoleInfo (RoleInfo.java:shutdownLeaderElection(130)) - om1: shutdown om1@group-C5BA1605619E-LeaderElection1
2022-08-05 07:00:02,404 [om1@group-C5BA1605619E-LeaderElection1] INFO  server.RaftServer$Division (RaftServerImpl.java:setRole(299)) - om1@group-C5BA1605619E: changes role from CANDIDATE to LEADER at term 1 for changeToLeader
2022-08-05 07:00:02,405 [om1@group-C5BA1605619E-LeaderElection1] INFO  server.RaftServer$Division (ServerState.java:setLeader(287)) - om1@group-C5BA1605619E: change Leader from null to om1 at term 1 for becomeLeader, leader elected after 1974ms
2022-08-05 07:00:02,420 [om1@group-C5BA1605619E-LeaderElection1] INFO  server.RaftServerConfigKeys (ConfUtils.java:logGet(46)) - raft.server.staging.catchup.gap = 1000 (default)
2022-08-05 07:00:02,421 [Listener at 127.0.0.1/35351] INFO  upgrade.AbstractLayoutVersionManager (AbstractLayoutVersionManager.java:init(83)) - Initializing Layout version manager with metadata layout = DATANODE_SCHEMA_V3 (version = 4), software layout = DATANODE_SCHEMA_V3 (version = 4)
2022-08-05 07:00:02,442 [om1@group-C5BA1605619E-LeaderElection1] INFO  server.RaftServerConfigKeys (ConfUtils.java:logGet(46)) - raft.server.write.element-limit = 4096 (default)
2022-08-05 07:00:02,442 [om1@group-C5BA1605619E-LeaderElection1] INFO  server.RaftServerConfigKeys (ConfUtils.java:logGet(46)) - raft.server.write.byte-limit = 64MB (=67108864) (default)
2022-08-05 07:00:02,448 [om1@group-C5BA1605619E-LeaderElection1] INFO  server.RaftServerConfigKeys (ConfUtils.java:logGet(46)) - raft.server.watch.timeout = 10s (default)
2022-08-05 07:00:02,448 [om1@group-C5BA1605619E-LeaderElection1] INFO  server.RaftServerConfigKeys (ConfUtils.java:logGet(46)) - raft.server.watch.timeout.denomination = 1s (default)
2022-08-05 07:00:02,449 [om1@group-C5BA1605619E-LeaderElection1] INFO  server.RaftServerConfigKeys (ConfUtils.java:logGet(46)) - raft.server.watch.element-limit = 65536 (default)
2022-08-05 07:00:02,461 [om1@group-C5BA1605619E-LeaderElection1] INFO  server.RaftServerConfigKeys (ConfUtils.java:logGet(46)) - raft.server.write.element-limit = 4096 (default)
2022-08-05 07:00:02,470 [om1@group-C5BA1605619E-LeaderElection1] INFO  server.RaftServerConfigKeys (ConfUtils.java:logGet(46)) - raft.server.write.follower.gap.ratio.max = -1.0 (default)
2022-08-05 07:00:02,473 [om1@group-C5BA1605619E-LeaderElection1] INFO  impl.RoleInfo (RoleInfo.java:updateAndGet(139)) - om1: start om1@group-C5BA1605619E-LeaderStateImpl
2022-08-05 07:00:02,507 [Listener at 127.0.0.1/35351] INFO  reflections.Reflections (Reflections.java:scan(232)) - Reflections took 84 ms to scan 7 urls, producing 132 keys and 321 values 
2022-08-05 07:00:02,509 [Listener at 127.0.0.1/35351] INFO  statemachine.DatanodeStateMachine (DatanodeStateMachine.java:getEndPointTaskThreadPoolSize(237)) - Datanode State Machine Task Thread Pool size 2
2022-08-05 07:00:02,523 [Listener at 127.0.0.1/35351] INFO  volume.HddsVolume (HddsVolume.java:<init>(116)) - Creating HddsVolume: /home/runner/work/ozone/ozone/hadoop-ozone/integration-test/target/test-dir/MiniOzoneClusterImpl-bb0a6680-cc6d-4375-b258-2c4cc626dd81/datanode-1/data-0/containers/hdds of storage type : DISK capacity : 9223372036854775807
2022-08-05 07:00:02,523 [Listener at 127.0.0.1/35351] INFO  volume.MutableVolumeSet (MutableVolumeSet.java:initializeVolumeSet(174)) - Added Volume : /home/runner/work/ozone/ozone/hadoop-ozone/integration-test/target/test-dir/MiniOzoneClusterImpl-bb0a6680-cc6d-4375-b258-2c4cc626dd81/datanode-1/data-0/containers/hdds to VolumeSet
2022-08-05 07:00:02,523 [Listener at 127.0.0.1/35351] INFO  volume.ThrottledAsyncChecker (ThrottledAsyncChecker.java:schedule(141)) - Scheduling a check for /home/runner/work/ozone/ozone/hadoop-ozone/integration-test/target/test-dir/MiniOzoneClusterImpl-bb0a6680-cc6d-4375-b258-2c4cc626dd81/datanode-1/data-0/containers/hdds
2022-08-05 07:00:02,529 [Datanode State Machine Task Thread - 0] INFO  datanode.InitDatanodeState (InitDatanodeState.java:persistContainerDatanodeDetails(138)) - DatanodeDetails is persisted to /home/runner/work/ozone/ozone/hadoop-ozone/integration-test/target/test-dir/MiniOzoneClusterImpl-bb0a6680-cc6d-4375-b258-2c4cc626dd81/datanode-0/meta/datanode.id
2022-08-05 07:00:02,544 [Listener at 127.0.0.1/35351] INFO  volume.StorageVolumeChecker (StorageVolumeChecker.java:checkAllVolumes(202)) - Scheduled health check for volume /home/runner/work/ozone/ozone/hadoop-ozone/integration-test/target/test-dir/MiniOzoneClusterImpl-bb0a6680-cc6d-4375-b258-2c4cc626dd81/datanode-1/data-0/containers/hdds
2022-08-05 07:00:02,549 [om1@group-C5BA1605619E-LeaderElection1] INFO  segmented.SegmentedRaftLogWorker (SegmentedRaftLogWorker.java:startLogSegment(425)) - om1@group-C5BA1605619E-SegmentedRaftLogWorker: Starting segment from index:0
2022-08-05 07:00:02,562 [Listener at 127.0.0.1/35351] INFO  volume.MutableVolumeSet (MutableVolumeSet.java:initializeVolumeSet(174)) - Added Volume : /home/runner/work/ozone/ozone/hadoop-ozone/integration-test/target/test-dir/MiniOzoneClusterImpl-bb0a6680-cc6d-4375-b258-2c4cc626dd81/datanode-1/data/ratis to VolumeSet
2022-08-05 07:00:02,563 [Listener at 127.0.0.1/35351] INFO  volume.ThrottledAsyncChecker (ThrottledAsyncChecker.java:schedule(141)) - Scheduling a check for /home/runner/work/ozone/ozone/hadoop-ozone/integration-test/target/test-dir/MiniOzoneClusterImpl-bb0a6680-cc6d-4375-b258-2c4cc626dd81/datanode-1/data/ratis
2022-08-05 07:00:02,563 [Listener at 127.0.0.1/35351] INFO  volume.StorageVolumeChecker (StorageVolumeChecker.java:checkAllVolumes(202)) - Scheduled health check for volume /home/runner/work/ozone/ozone/hadoop-ozone/integration-test/target/test-dir/MiniOzoneClusterImpl-bb0a6680-cc6d-4375-b258-2c4cc626dd81/datanode-1/data/ratis
2022-08-05 07:00:02,587 [om1@group-C5BA1605619E-LeaderElection1] INFO  server.RaftServer$Division (ServerState.java:setRaftConf(393)) - om1@group-C5BA1605619E: set configuration 0: [om1|rpc:localhost:9872|admin:|client:|dataStream:|priority:0], old=null
2022-08-05 07:00:02,594 [Thread-151] INFO  ozoneimpl.ContainerReader (ContainerReader.java:readVolume(175)) - Finish verifying containers on volume /home/runner/work/ozone/ozone/hadoop-ozone/integration-test/target/test-dir/MiniOzoneClusterImpl-bb0a6680-cc6d-4375-b258-2c4cc626dd81/datanode-1/data-0/containers/hdds
2022-08-05 07:00:02,597 [Listener at 127.0.0.1/35351] INFO  ozoneimpl.OzoneContainer (OzoneContainer.java:buildContainerSet(299)) - Build ContainerSet costs 0s
2022-08-05 07:00:02,601 [Listener at 127.0.0.1/35351] INFO  server.RaftServer (ConfUtils.java:logGet(46)) - raft.rpc.type = GRPC (default)
2022-08-05 07:00:02,607 [Listener at 127.0.0.1/35351] INFO  grpc.GrpcFactory (GrpcFactory.java:checkPooledByteBufAllocatorUseCacheForAllThreads(48)) - PERFORMANCE WARNING: useCacheForAllThreads is true that may cause Netty to create a lot garbage objects and, as a result, trigger GC.
	It is recommended to disable useCacheForAllThreads by setting -Dorg.apache.ratis.thirdparty.io.netty.allocator.useCacheForAllThreads=false in command line.
2022-08-05 07:00:02,607 [Listener at 127.0.0.1/35351] INFO  grpc.GrpcConfigKeys (ConfUtils.java:logGet(46)) - raft.grpc.admin.port = 0 (custom)
2022-08-05 07:00:02,607 [Listener at 127.0.0.1/35351] INFO  grpc.GrpcConfigKeys (ConfUtils.java:logGet(46)) - raft.grpc.client.port = 0 (custom)
2022-08-05 07:00:02,607 [Listener at 127.0.0.1/35351] INFO  grpc.GrpcConfigKeys (ConfUtils.java:logGet(46)) - raft.grpc.server.port = 0 (default)
2022-08-05 07:00:02,607 [Listener at 127.0.0.1/35351] INFO  server.GrpcService (ConfUtils.java:logGet(46)) - raft.grpc.message.size.max = 32MB (=33554432) (custom)
2022-08-05 07:00:02,607 [Listener at 127.0.0.1/35351] INFO  server.RaftServerConfigKeys (ConfUtils.java:logGet(46)) - raft.server.log.appender.buffer.byte-limit = 33554432 (custom)
2022-08-05 07:00:02,608 [Listener at 127.0.0.1/35351] INFO  server.GrpcService (ConfUtils.java:logGet(46)) - raft.grpc.flow.control.window = 5MB (=5242880) (custom)
2022-08-05 07:00:02,613 [Listener at 127.0.0.1/35351] INFO  server.RaftServerConfigKeys (ConfUtils.java:logGet(46)) - raft.server.rpc.request.timeout = 60s (custom)
2022-08-05 07:00:02,613 [Listener at 127.0.0.1/35351] INFO  grpc.GrpcConfigKeys (ConfUtils.java:logGet(46)) - raft.grpc.server.async.request.thread.pool.cached = true (default)
2022-08-05 07:00:02,614 [Listener at 127.0.0.1/35351] INFO  grpc.GrpcConfigKeys (ConfUtils.java:logGet(46)) - raft.grpc.server.async.request.thread.pool.size = 32 (default)
2022-08-05 07:00:02,615 [Listener at 127.0.0.1/35351] INFO  impl.DataStreamServerImpl (ConfUtils.java:logGet(46)) - raft.datastream.type = DISABLED (default)
2022-08-05 07:00:02,615 [Listener at 127.0.0.1/35351] INFO  server.RaftServerConfigKeys (ConfUtils.java:logGet(46)) - raft.server.threadpool.proxy.cached = true (default)
2022-08-05 07:00:02,616 [Listener at 127.0.0.1/35351] INFO  server.RaftServerConfigKeys (ConfUtils.java:logGet(46)) - raft.server.threadpool.proxy.size = 0 (default)
2022-08-05 07:00:02,617 [Listener at 127.0.0.1/35351] INFO  server.RaftServerConfigKeys (ConfUtils.java:logGet(46)) - raft.server.rpc.slowness.timeout = 300s (custom)
2022-08-05 07:00:02,617 [Listener at 127.0.0.1/35351] INFO  server.RaftServerConfigKeys (ConfUtils.java:logGet(46)) - raft.server.leaderelection.leader.step-down.wait-time = 10s (default)
2022-08-05 07:00:02,617 [Listener at 127.0.0.1/35351] INFO  server.RaftServerConfigKeys (ConfUtils.java:logGet(46)) - raft.server.storage.dir = [/home/runner/work/ozone/ozone/hadoop-ozone/integration-test/target/test-dir/MiniOzoneClusterImpl-bb0a6680-cc6d-4375-b258-2c4cc626dd81/datanode-1/data/ratis] (custom)
2022-08-05 07:00:02,627 [Listener at 127.0.0.1/35351] INFO  server.XceiverServerGrpc (XceiverServerGrpc.java:<init>(132)) - GrpcServer channel type EpollServerSocketChannel
2022-08-05 07:00:02,638 [Listener at 127.0.0.1/35351] INFO  http.BaseHttpServer (BaseHttpServer.java:newHttpServer2BuilderForOzone(209)) - Starting Web-server for hddsDatanode at: http://0.0.0.0:0
2022-08-05 07:00:02,639 [Listener at 127.0.0.1/35351] INFO  http.BaseHttpServer (BaseHttpServer.java:<init>(107)) - Hadoop Security Enabled: false Ozone Security Enabled: false Ozone HTTP Security Enabled: false 
2022-08-05 07:00:02,640 [Listener at 127.0.0.1/35351] INFO  server.AuthenticationFilter (AuthenticationFilter.java:constructSecretProvider(240)) - Unable to initialize FileSignerSecretProvider, falling back to use random secrets.
2022-08-05 07:00:02,646 [Listener at 127.0.0.1/35351] WARN  http.HttpRequestLog (HttpRequestLog.java:getRequestLog(103)) - Jetty request log can only be enabled using Log4j
2022-08-05 07:00:02,647 [Listener at 127.0.0.1/35351] INFO  http.HttpServer2 (HttpServer2.java:addGlobalFilter(1029)) - Added global filter 'safety' (class=org.apache.hadoop.hdds.server.http.HttpServer2$QuotingInputFilter)
2022-08-05 07:00:02,648 [Listener at 127.0.0.1/35351] INFO  http.HttpServer2 (HttpServer2.java:addFilter(1005)) - Added filter static_user_filter (class=org.apache.hadoop.http.lib.StaticUserWebFilter$StaticUserFilter) to context hddsDatanode
2022-08-05 07:00:02,648 [Listener at 127.0.0.1/35351] INFO  http.HttpServer2 (HttpServer2.java:addFilter(1013)) - Added filter static_user_filter (class=org.apache.hadoop.http.lib.StaticUserWebFilter$StaticUserFilter) to context static
2022-08-05 07:00:02,648 [Listener at 127.0.0.1/35351] INFO  http.HttpServer2 (HttpServer2.java:addFilter(1013)) - Added filter static_user_filter (class=org.apache.hadoop.http.lib.StaticUserWebFilter$StaticUserFilter) to context logs
2022-08-05 07:00:02,649 [Listener at 127.0.0.1/35351] INFO  http.HttpServer2 (HttpServer2.java:bindListener(1248)) - Jetty bound to port 45127
2022-08-05 07:00:02,649 [Listener at 127.0.0.1/35351] INFO  server.Server (Server.java:doStart(375)) - jetty-9.4.43.v20210629; built: 2021-06-30T11:07:22.254Z; git: 526006ecfa3af7f1a27ef3a288e2bef7ea9dd7e8; jvm 1.8.0_332-b09
2022-08-05 07:00:02,672 [Listener at 127.0.0.1/35351] INFO  server.session (DefaultSessionIdManager.java:doStart(334)) - DefaultSessionIdManager workerName=node0
2022-08-05 07:00:02,672 [Listener at 127.0.0.1/35351] INFO  server.session (DefaultSessionIdManager.java:doStart(339)) - No SessionScavenger set, using defaults
2022-08-05 07:00:02,672 [Listener at 127.0.0.1/35351] INFO  server.session (HouseKeeper.java:startScavenging(132)) - node0 Scavenging every 660000ms
2022-08-05 07:00:02,673 [Listener at 127.0.0.1/35351] INFO  handler.ContextHandler (ContextHandler.java:doStart(915)) - Started o.e.j.s.ServletContextHandler@337b6760{logs,/logs,file:///home/runner/work/ozone/ozone/hadoop-ozone/integration-test/target/log,AVAILABLE}
2022-08-05 07:00:02,673 [Listener at 127.0.0.1/35351] INFO  handler.ContextHandler (ContextHandler.java:doStart(915)) - Started o.e.j.s.ServletContextHandler@4351da3{static,/static,jar:file:/home/runner/.m2/repository/org/apache/ozone/hdds-container-service/1.3.0-SNAPSHOT/hdds-container-service-1.3.0-SNAPSHOT.jar!/webapps/static,AVAILABLE}
2022-08-05 07:00:02,686 [om1@group-C5BA1605619E-SegmentedRaftLogWorker] INFO  segmented.SegmentedRaftLogWorker (SegmentedRaftLogWorker.java:execute(629)) - om1@group-C5BA1605619E-SegmentedRaftLogWorker: created new log segment /home/runner/work/ozone/ozone/hadoop-ozone/integration-test/target/test-dir/MiniOzoneClusterImpl-bb0a6680-cc6d-4375-b258-2c4cc626dd81/ozone-meta/ratis/bf265839-605b-3f16-9796-c5ba1605619e/current/log_inprogress_0
2022-08-05 07:00:02,801 [om1@group-C5BA1605619E-StateMachineUpdater] INFO  ratis.OzoneManagerStateMachine (OzoneManagerStateMachine.java:notifyConfigurationChanged(192)) - Received Configuration change notification from Ratis. New Peer list:
[id: "om1"
address: "localhost:9872"
]
2022-08-05 07:00:02,876 [Listener at 127.0.0.1/35351] INFO  handler.ContextHandler (ContextHandler.java:doStart(915)) - Started o.e.j.w.WebAppContext@15b0118{hddsDatanode,/,file:///tmp/jetty-0_0_0_0-45127-hdds-container-service-1_3_0-SNAPSHOT_jar-_-any-6147319894772912742/webapp/,AVAILABLE}{jar:file:/home/runner/.m2/repository/org/apache/ozone/hdds-container-service/1.3.0-SNAPSHOT/hdds-container-service-1.3.0-SNAPSHOT.jar!/webapps/hddsDatanode}
2022-08-05 07:00:02,879 [Listener at 127.0.0.1/35351] INFO  server.AbstractConnector (AbstractConnector.java:doStart(331)) - Started ServerConnector@6bc0b35c{HTTP/1.1, (http/1.1)}{0.0.0.0:45127}
2022-08-05 07:00:02,880 [Listener at 127.0.0.1/35351] INFO  server.Server (Server.java:doStart(415)) - Started @8392ms
2022-08-05 07:00:02,880 [Listener at 127.0.0.1/35351] WARN  impl.MetricsSystemImpl (MetricsSystemImpl.java:register(279)) - Sink prometheus already exists!
2022-08-05 07:00:02,880 [Listener at 127.0.0.1/35351] INFO  http.BaseHttpServer (BaseHttpServer.java:updateConnectorAddress(329)) - HTTP server of hddsDatanode listening at http://0.0.0.0:45127
2022-08-05 07:00:02,883 [Listener at 127.0.0.1/35351] WARN  impl.MetricRegistriesImpl (MetricRegistriesImpl.java:addReporterRegistration(111)) - New reporters are added after registries were created. Some metrics will be missing from the reporter. Please add reporter before adding any new registry.
2022-08-05 07:00:02,883 [Listener at 127.0.0.1/35351] WARN  impl.MetricRegistriesImpl (MetricRegistriesImpl.java:addReporterRegistration(111)) - New reporters are added after registries were created. Some metrics will be missing from the reporter. Please add reporter before adding any new registry.
2022-08-05 07:00:02,883 [Listener at 127.0.0.1/35351] INFO  impl.MetricsSystemImpl (MetricsSystemImpl.java:init(158)) - HddsDatanode metrics system started (again)
2022-08-05 07:00:02,892 [Datanode State Machine Daemon Thread] INFO  statemachine.DatanodeStateMachine (DatanodeStateMachine.java:lambda$startDaemon$0(492)) - Ozone container server started.
2022-08-05 07:00:02,897 [Listener at 127.0.0.1/35351] INFO  ozone.HddsDatanodeService (HddsDatanodeService.java:start(236)) - HddsDatanodeService host:fv-az21-954.v4iizcarkezebbfea14bcgzyke.bx.internal.cloudapp.net ip:10.1.0.4
2022-08-05 07:00:02,899 [org.apache.hadoop.util.JvmPauseMonitor$Monitor@481bd7b8] INFO  util.JvmPauseMonitor (JvmPauseMonitor.java:run(188)) - Starting JVM pause monitor
2022-08-05 07:00:02,913 [Datanode State Machine Task Thread - 0] INFO  datanode.InitDatanodeState (InitDatanodeState.java:persistContainerDatanodeDetails(138)) - DatanodeDetails is persisted to /home/runner/work/ozone/ozone/hadoop-ozone/integration-test/target/test-dir/MiniOzoneClusterImpl-bb0a6680-cc6d-4375-b258-2c4cc626dd81/datanode-1/meta/datanode.id
2022-08-05 07:00:02,926 [Listener at 127.0.0.1/35351] INFO  upgrade.AbstractLayoutVersionManager (AbstractLayoutVersionManager.java:init(83)) - Initializing Layout version manager with metadata layout = DATANODE_SCHEMA_V3 (version = 4), software layout = DATANODE_SCHEMA_V3 (version = 4)
2022-08-05 07:00:02,969 [Listener at 127.0.0.1/35351] INFO  reflections.Reflections (Reflections.java:scan(232)) - Reflections took 41 ms to scan 7 urls, producing 132 keys and 321 values 
2022-08-05 07:00:02,971 [Listener at 127.0.0.1/35351] INFO  statemachine.DatanodeStateMachine (DatanodeStateMachine.java:getEndPointTaskThreadPoolSize(237)) - Datanode State Machine Task Thread Pool size 2
2022-08-05 07:00:02,973 [Listener at 127.0.0.1/35351] INFO  volume.HddsVolume (HddsVolume.java:<init>(116)) - Creating HddsVolume: /home/runner/work/ozone/ozone/hadoop-ozone/integration-test/target/test-dir/MiniOzoneClusterImpl-bb0a6680-cc6d-4375-b258-2c4cc626dd81/datanode-2/data-0/containers/hdds of storage type : DISK capacity : 9223372036854775807
2022-08-05 07:00:02,973 [Listener at 127.0.0.1/35351] INFO  volume.MutableVolumeSet (MutableVolumeSet.java:initializeVolumeSet(174)) - Added Volume : /home/runner/work/ozone/ozone/hadoop-ozone/integration-test/target/test-dir/MiniOzoneClusterImpl-bb0a6680-cc6d-4375-b258-2c4cc626dd81/datanode-2/data-0/containers/hdds to VolumeSet
2022-08-05 07:00:02,973 [Listener at 127.0.0.1/35351] INFO  volume.ThrottledAsyncChecker (ThrottledAsyncChecker.java:schedule(141)) - Scheduling a check for /home/runner/work/ozone/ozone/hadoop-ozone/integration-test/target/test-dir/MiniOzoneClusterImpl-bb0a6680-cc6d-4375-b258-2c4cc626dd81/datanode-2/data-0/containers/hdds
2022-08-05 07:00:02,976 [Listener at 127.0.0.1/35351] INFO  volume.StorageVolumeChecker (StorageVolumeChecker.java:checkAllVolumes(202)) - Scheduled health check for volume /home/runner/work/ozone/ozone/hadoop-ozone/integration-test/target/test-dir/MiniOzoneClusterImpl-bb0a6680-cc6d-4375-b258-2c4cc626dd81/datanode-2/data-0/containers/hdds
2022-08-05 07:00:02,987 [Listener at 127.0.0.1/35351] INFO  volume.MutableVolumeSet (MutableVolumeSet.java:initializeVolumeSet(174)) - Added Volume : /home/runner/work/ozone/ozone/hadoop-ozone/integration-test/target/test-dir/MiniOzoneClusterImpl-bb0a6680-cc6d-4375-b258-2c4cc626dd81/datanode-2/data/ratis to VolumeSet
2022-08-05 07:00:02,987 [Listener at 127.0.0.1/35351] INFO  volume.ThrottledAsyncChecker (ThrottledAsyncChecker.java:schedule(141)) - Scheduling a check for /home/runner/work/ozone/ozone/hadoop-ozone/integration-test/target/test-dir/MiniOzoneClusterImpl-bb0a6680-cc6d-4375-b258-2c4cc626dd81/datanode-2/data/ratis
2022-08-05 07:00:02,988 [Listener at 127.0.0.1/35351] INFO  volume.StorageVolumeChecker (StorageVolumeChecker.java:checkAllVolumes(202)) - Scheduled health check for volume /home/runner/work/ozone/ozone/hadoop-ozone/integration-test/target/test-dir/MiniOzoneClusterImpl-bb0a6680-cc6d-4375-b258-2c4cc626dd81/datanode-2/data/ratis
2022-08-05 07:00:02,998 [Thread-164] INFO  ozoneimpl.ContainerReader (ContainerReader.java:readVolume(175)) - Finish verifying containers on volume /home/runner/work/ozone/ozone/hadoop-ozone/integration-test/target/test-dir/MiniOzoneClusterImpl-bb0a6680-cc6d-4375-b258-2c4cc626dd81/datanode-2/data-0/containers/hdds
2022-08-05 07:00:02,998 [Listener at 127.0.0.1/35351] INFO  ozoneimpl.OzoneContainer (OzoneContainer.java:buildContainerSet(299)) - Build ContainerSet costs 0s
2022-08-05 07:00:03,001 [Listener at 127.0.0.1/35351] INFO  server.RaftServer (ConfUtils.java:logGet(46)) - raft.rpc.type = GRPC (default)
2022-08-05 07:00:03,001 [Listener at 127.0.0.1/35351] INFO  grpc.GrpcFactory (GrpcFactory.java:checkPooledByteBufAllocatorUseCacheForAllThreads(48)) - PERFORMANCE WARNING: useCacheForAllThreads is true that may cause Netty to create a lot garbage objects and, as a result, trigger GC.
	It is recommended to disable useCacheForAllThreads by setting -Dorg.apache.ratis.thirdparty.io.netty.allocator.useCacheForAllThreads=false in command line.
2022-08-05 07:00:03,001 [Listener at 127.0.0.1/35351] INFO  grpc.GrpcConfigKeys (ConfUtils.java:logGet(46)) - raft.grpc.admin.port = 0 (custom)
2022-08-05 07:00:03,001 [Listener at 127.0.0.1/35351] INFO  grpc.GrpcConfigKeys (ConfUtils.java:logGet(46)) - raft.grpc.client.port = 0 (custom)
2022-08-05 07:00:03,002 [Listener at 127.0.0.1/35351] INFO  grpc.GrpcConfigKeys (ConfUtils.java:logGet(46)) - raft.grpc.server.port = 0 (default)
2022-08-05 07:00:03,002 [Listener at 127.0.0.1/35351] INFO  server.GrpcService (ConfUtils.java:logGet(46)) - raft.grpc.message.size.max = 32MB (=33554432) (custom)
2022-08-05 07:00:03,002 [Listener at 127.0.0.1/35351] INFO  server.RaftServerConfigKeys (ConfUtils.java:logGet(46)) - raft.server.log.appender.buffer.byte-limit = 33554432 (custom)
2022-08-05 07:00:03,002 [Listener at 127.0.0.1/35351] INFO  server.GrpcService (ConfUtils.java:logGet(46)) - raft.grpc.flow.control.window = 5MB (=5242880) (custom)
2022-08-05 07:00:03,002 [Listener at 127.0.0.1/35351] INFO  server.RaftServerConfigKeys (ConfUtils.java:logGet(46)) - raft.server.rpc.request.timeout = 60s (custom)
2022-08-05 07:00:03,002 [Listener at 127.0.0.1/35351] INFO  grpc.GrpcConfigKeys (ConfUtils.java:logGet(46)) - raft.grpc.server.async.request.thread.pool.cached = true (default)
2022-08-05 07:00:03,002 [Listener at 127.0.0.1/35351] INFO  grpc.GrpcConfigKeys (ConfUtils.java:logGet(46)) - raft.grpc.server.async.request.thread.pool.size = 32 (default)
2022-08-05 07:00:03,004 [Listener at 127.0.0.1/35351] INFO  impl.DataStreamServerImpl (ConfUtils.java:logGet(46)) - raft.datastream.type = DISABLED (default)
2022-08-05 07:00:03,004 [Listener at 127.0.0.1/35351] INFO  server.RaftServerConfigKeys (ConfUtils.java:logGet(46)) - raft.server.threadpool.proxy.cached = true (default)
2022-08-05 07:00:03,004 [Listener at 127.0.0.1/35351] INFO  server.RaftServerConfigKeys (ConfUtils.java:logGet(46)) - raft.server.threadpool.proxy.size = 0 (default)
2022-08-05 07:00:03,004 [Listener at 127.0.0.1/35351] INFO  server.RaftServerConfigKeys (ConfUtils.java:logGet(46)) - raft.server.rpc.slowness.timeout = 300s (custom)
2022-08-05 07:00:03,004 [Listener at 127.0.0.1/35351] INFO  server.RaftServerConfigKeys (ConfUtils.java:logGet(46)) - raft.server.leaderelection.leader.step-down.wait-time = 10s (default)
2022-08-05 07:00:03,004 [Listener at 127.0.0.1/35351] INFO  server.RaftServerConfigKeys (ConfUtils.java:logGet(46)) - raft.server.storage.dir = [/home/runner/work/ozone/ozone/hadoop-ozone/integration-test/target/test-dir/MiniOzoneClusterImpl-bb0a6680-cc6d-4375-b258-2c4cc626dd81/datanode-2/data/ratis] (custom)
2022-08-05 07:00:03,008 [Listener at 127.0.0.1/35351] INFO  server.XceiverServerGrpc (XceiverServerGrpc.java:<init>(132)) - GrpcServer channel type EpollServerSocketChannel
2022-08-05 07:00:03,011 [Listener at 127.0.0.1/35351] INFO  http.BaseHttpServer (BaseHttpServer.java:newHttpServer2BuilderForOzone(209)) - Starting Web-server for hddsDatanode at: http://0.0.0.0:0
2022-08-05 07:00:03,011 [Listener at 127.0.0.1/35351] INFO  http.BaseHttpServer (BaseHttpServer.java:<init>(107)) - Hadoop Security Enabled: false Ozone Security Enabled: false Ozone HTTP Security Enabled: false 
2022-08-05 07:00:03,012 [Listener at 127.0.0.1/35351] INFO  server.AuthenticationFilter (AuthenticationFilter.java:constructSecretProvider(240)) - Unable to initialize FileSignerSecretProvider, falling back to use random secrets.
2022-08-05 07:00:03,018 [Listener at 127.0.0.1/35351] WARN  http.HttpRequestLog (HttpRequestLog.java:getRequestLog(103)) - Jetty request log can only be enabled using Log4j
2022-08-05 07:00:03,020 [Listener at 127.0.0.1/35351] INFO  http.HttpServer2 (HttpServer2.java:addGlobalFilter(1029)) - Added global filter 'safety' (class=org.apache.hadoop.hdds.server.http.HttpServer2$QuotingInputFilter)
2022-08-05 07:00:03,021 [Listener at 127.0.0.1/35351] INFO  http.HttpServer2 (HttpServer2.java:addFilter(1005)) - Added filter static_user_filter (class=org.apache.hadoop.http.lib.StaticUserWebFilter$StaticUserFilter) to context hddsDatanode
2022-08-05 07:00:03,021 [Listener at 127.0.0.1/35351] INFO  http.HttpServer2 (HttpServer2.java:addFilter(1013)) - Added filter static_user_filter (class=org.apache.hadoop.http.lib.StaticUserWebFilter$StaticUserFilter) to context logs
2022-08-05 07:00:03,021 [Listener at 127.0.0.1/35351] INFO  http.HttpServer2 (HttpServer2.java:addFilter(1013)) - Added filter static_user_filter (class=org.apache.hadoop.http.lib.StaticUserWebFilter$StaticUserFilter) to context static
2022-08-05 07:00:03,021 [Listener at 127.0.0.1/35351] INFO  http.HttpServer2 (HttpServer2.java:bindListener(1248)) - Jetty bound to port 41067
2022-08-05 07:00:03,021 [Listener at 127.0.0.1/35351] INFO  server.Server (Server.java:doStart(375)) - jetty-9.4.43.v20210629; built: 2021-06-30T11:07:22.254Z; git: 526006ecfa3af7f1a27ef3a288e2bef7ea9dd7e8; jvm 1.8.0_332-b09
2022-08-05 07:00:03,031 [Listener at 127.0.0.1/35351] INFO  server.session (DefaultSessionIdManager.java:doStart(334)) - DefaultSessionIdManager workerName=node0
2022-08-05 07:00:03,031 [Listener at 127.0.0.1/35351] INFO  server.session (DefaultSessionIdManager.java:doStart(339)) - No SessionScavenger set, using defaults
2022-08-05 07:00:03,031 [Listener at 127.0.0.1/35351] INFO  server.session (HouseKeeper.java:startScavenging(132)) - node0 Scavenging every 600000ms
2022-08-05 07:00:03,032 [Listener at 127.0.0.1/35351] INFO  handler.ContextHandler (ContextHandler.java:doStart(915)) - Started o.e.j.s.ServletContextHandler@6bf552d2{logs,/logs,file:///home/runner/work/ozone/ozone/hadoop-ozone/integration-test/target/log,AVAILABLE}
2022-08-05 07:00:03,033 [Listener at 127.0.0.1/35351] INFO  handler.ContextHandler (ContextHandler.java:doStart(915)) - Started o.e.j.s.ServletContextHandler@749bf322{static,/static,jar:file:/home/runner/.m2/repository/org/apache/ozone/hdds-container-service/1.3.0-SNAPSHOT/hdds-container-service-1.3.0-SNAPSHOT.jar!/webapps/static,AVAILABLE}
2022-08-05 07:00:03,198 [Listener at 127.0.0.1/35351] INFO  handler.ContextHandler (ContextHandler.java:doStart(915)) - Started o.e.j.w.WebAppContext@60357655{hddsDatanode,/,file:///tmp/jetty-0_0_0_0-41067-hdds-container-service-1_3_0-SNAPSHOT_jar-_-any-5097793180414816432/webapp/,AVAILABLE}{jar:file:/home/runner/.m2/repository/org/apache/ozone/hdds-container-service/1.3.0-SNAPSHOT/hdds-container-service-1.3.0-SNAPSHOT.jar!/webapps/hddsDatanode}
2022-08-05 07:00:03,199 [Listener at 127.0.0.1/35351] INFO  server.AbstractConnector (AbstractConnector.java:doStart(331)) - Started ServerConnector@2114e9c4{HTTP/1.1, (http/1.1)}{0.0.0.0:41067}
2022-08-05 07:00:03,199 [Listener at 127.0.0.1/35351] INFO  server.Server (Server.java:doStart(415)) - Started @8712ms
2022-08-05 07:00:03,200 [Listener at 127.0.0.1/35351] WARN  impl.MetricsSystemImpl (MetricsSystemImpl.java:register(279)) - Sink prometheus already exists!
2022-08-05 07:00:03,200 [Listener at 127.0.0.1/35351] INFO  http.BaseHttpServer (BaseHttpServer.java:updateConnectorAddress(329)) - HTTP server of hddsDatanode listening at http://0.0.0.0:41067
2022-08-05 07:00:03,202 [Listener at 127.0.0.1/35351] INFO  ozone.MiniOzoneClusterImpl (MiniOzoneClusterImpl.java:lambda$waitForClusterToBeReady$0(216)) - Waiting for nodes to be ready. Got 0 of 3 DN Heartbeats.
2022-08-05 07:00:03,202 [Listener at 127.0.0.1/35351] INFO  ozone.MiniOzoneClusterImpl (MiniOzoneClusterImpl.java:lambda$waitForClusterToBeReady$0(219)) - Waiting for cluster to exit safe mode
2022-08-05 07:00:03,202 [Listener at 127.0.0.1/35351] INFO  ozone.MiniOzoneClusterImpl (MiniOzoneClusterImpl.java:lambda$waitForClusterToBeReady$0(221)) - SCM became leader
2022-08-05 07:00:03,202 [Datanode State Machine Daemon Thread] INFO  statemachine.DatanodeStateMachine (DatanodeStateMachine.java:lambda$startDaemon$0(492)) - Ozone container server started.
2022-08-05 07:00:03,205 [org.apache.hadoop.util.JvmPauseMonitor$Monitor@ff949f7] INFO  util.JvmPauseMonitor (JvmPauseMonitor.java:run(188)) - Starting JVM pause monitor
2022-08-05 07:00:03,206 [Datanode State Machine Task Thread - 0] INFO  datanode.InitDatanodeState (InitDatanodeState.java:persistContainerDatanodeDetails(138)) - DatanodeDetails is persisted to /home/runner/work/ozone/ozone/hadoop-ozone/integration-test/target/test-dir/MiniOzoneClusterImpl-bb0a6680-cc6d-4375-b258-2c4cc626dd81/datanode-2/meta/datanode.id
2022-08-05 07:00:04,203 [Listener at 127.0.0.1/35351] INFO  ozone.MiniOzoneClusterImpl (MiniOzoneClusterImpl.java:lambda$waitForClusterToBeReady$0(216)) - Waiting for nodes to be ready. Got 0 of 3 DN Heartbeats.
2022-08-05 07:00:04,203 [Listener at 127.0.0.1/35351] INFO  ozone.MiniOzoneClusterImpl (MiniOzoneClusterImpl.java:lambda$waitForClusterToBeReady$0(219)) - Waiting for cluster to exit safe mode
2022-08-05 07:00:04,203 [Listener at 127.0.0.1/35351] INFO  ozone.MiniOzoneClusterImpl (MiniOzoneClusterImpl.java:lambda$waitForClusterToBeReady$0(221)) - SCM became leader
2022-08-05 07:00:04,470 [EndpointStateMachine task thread for /0.0.0.0:35661 - 0 ] INFO  volume.HddsVolume (HddsVolume.java:createDbStore(309)) - SchemaV3 db is created and loaded at /home/runner/work/ozone/ozone/hadoop-ozone/integration-test/target/test-dir/MiniOzoneClusterImpl-bb0a6680-cc6d-4375-b258-2c4cc626dd81/datanode-0/data-0/containers/hdds/bb0a6680-cc6d-4375-b258-2c4cc626dd81/DS-f78537da-336f-4a38-8a0f-cf8027967c51/container.db for volume DS-f78537da-336f-4a38-8a0f-cf8027967c51
2022-08-05 07:00:04,474 [EndpointStateMachine task thread for /0.0.0.0:35661 - 0 ] INFO  volume.HddsVolume (HddsVolume.java:closeDbStore(340)) - SchemaV3 db is stopped at /home/runner/work/ozone/ozone/hadoop-ozone/integration-test/target/test-dir/MiniOzoneClusterImpl-bb0a6680-cc6d-4375-b258-2c4cc626dd81/datanode-0/data-0/containers/hdds/bb0a6680-cc6d-4375-b258-2c4cc626dd81/DS-f78537da-336f-4a38-8a0f-cf8027967c51/container.db for volume DS-f78537da-336f-4a38-8a0f-cf8027967c51
2022-08-05 07:00:04,474 [EndpointStateMachine task thread for /0.0.0.0:35661 - 0 ] INFO  ozoneimpl.OzoneContainer (OzoneContainer.java:start(377)) - Attempting to start container services.
2022-08-05 07:00:04,477 [EndpointStateMachine task thread for /0.0.0.0:35661 - 0 ] INFO  ozoneimpl.OzoneContainer (OzoneContainer.java:startContainerScrub(312)) - Background container scanner has been disabled.
2022-08-05 07:00:04,478 [EndpointStateMachine task thread for /0.0.0.0:35661 - 0 ] INFO  replication.ReplicationServer (ReplicationServer.java:start(111)) - ReplicationServer is started using port 43745
2022-08-05 07:00:04,481 [EndpointStateMachine task thread for /0.0.0.0:35661 - 0 ] INFO  ratis.XceiverServerRatis (XceiverServerRatis.java:start(481)) - Starting XceiverServerRatis 6678316d-e7a5-47b6-a27b-b09245ec3204
2022-08-05 07:00:04,490 [EndpointStateMachine task thread for /0.0.0.0:35661 - 0 ] INFO  server.RaftServer (RaftServerProxy.java:lambda$start$6(382)) - 6678316d-e7a5-47b6-a27b-b09245ec3204: start RPC server
2022-08-05 07:00:04,495 [EndpointStateMachine task thread for /0.0.0.0:35661 - 0 ] INFO  server.GrpcService (GrpcService.java:startImpl(260)) - 6678316d-e7a5-47b6-a27b-b09245ec3204: GrpcService started, listening on 42757
2022-08-05 07:00:04,496 [EndpointStateMachine task thread for /0.0.0.0:35661 - 0 ] INFO  ratis.XceiverServerRatis (XceiverServerRatis.java:getRealPort(502)) - XceiverServerRatis 6678316d-e7a5-47b6-a27b-b09245ec3204 is started using port 42757 for RATIS
2022-08-05 07:00:04,496 [EndpointStateMachine task thread for /0.0.0.0:35661 - 0 ] INFO  ratis.XceiverServerRatis (XceiverServerRatis.java:getRealPort(502)) - XceiverServerRatis 6678316d-e7a5-47b6-a27b-b09245ec3204 is started using port 42757 for RATIS_ADMIN
2022-08-05 07:00:04,496 [EndpointStateMachine task thread for /0.0.0.0:35661 - 0 ] INFO  ratis.XceiverServerRatis (XceiverServerRatis.java:getRealPort(502)) - XceiverServerRatis 6678316d-e7a5-47b6-a27b-b09245ec3204 is started using port 42757 for RATIS_SERVER
2022-08-05 07:00:04,496 [org.apache.ratis.util.JvmPauseMonitor$$Lambda$615/1689199240@3b67b707] INFO  util.JvmPauseMonitor (JvmPauseMonitor.java:run(103)) - JvmPauseMonitor-6678316d-e7a5-47b6-a27b-b09245ec3204: Started
2022-08-05 07:00:04,502 [EndpointStateMachine task thread for /0.0.0.0:35661 - 0 ] INFO  server.XceiverServerGrpc (XceiverServerGrpc.java:start(180)) - XceiverServerGrpc 6678316d-e7a5-47b6-a27b-b09245ec3204 is started using port 40365
2022-08-05 07:00:04,940 [EndpointStateMachine task thread for /0.0.0.0:35661 - 0 ] INFO  volume.HddsVolume (HddsVolume.java:createDbStore(309)) - SchemaV3 db is created and loaded at /home/runner/work/ozone/ozone/hadoop-ozone/integration-test/target/test-dir/MiniOzoneClusterImpl-bb0a6680-cc6d-4375-b258-2c4cc626dd81/datanode-1/data-0/containers/hdds/bb0a6680-cc6d-4375-b258-2c4cc626dd81/DS-65a55198-51ce-4b24-b603-f37acb0dc6f6/container.db for volume DS-65a55198-51ce-4b24-b603-f37acb0dc6f6
2022-08-05 07:00:04,941 [EndpointStateMachine task thread for /0.0.0.0:35661 - 0 ] INFO  volume.HddsVolume (HddsVolume.java:closeDbStore(340)) - SchemaV3 db is stopped at /home/runner/work/ozone/ozone/hadoop-ozone/integration-test/target/test-dir/MiniOzoneClusterImpl-bb0a6680-cc6d-4375-b258-2c4cc626dd81/datanode-1/data-0/containers/hdds/bb0a6680-cc6d-4375-b258-2c4cc626dd81/DS-65a55198-51ce-4b24-b603-f37acb0dc6f6/container.db for volume DS-65a55198-51ce-4b24-b603-f37acb0dc6f6
2022-08-05 07:00:04,941 [EndpointStateMachine task thread for /0.0.0.0:35661 - 0 ] INFO  ozoneimpl.OzoneContainer (OzoneContainer.java:start(377)) - Attempting to start container services.
2022-08-05 07:00:04,941 [EndpointStateMachine task thread for /0.0.0.0:35661 - 0 ] INFO  ozoneimpl.OzoneContainer (OzoneContainer.java:startContainerScrub(312)) - Background container scanner has been disabled.
2022-08-05 07:00:04,943 [EndpointStateMachine task thread for /0.0.0.0:35661 - 0 ] INFO  replication.ReplicationServer (ReplicationServer.java:start(111)) - ReplicationServer is started using port 44105
2022-08-05 07:00:04,943 [EndpointStateMachine task thread for /0.0.0.0:35661 - 0 ] INFO  ratis.XceiverServerRatis (XceiverServerRatis.java:start(481)) - Starting XceiverServerRatis 54373283-022a-4090-818d-dea0c6bd05a6
2022-08-05 07:00:04,944 [EndpointStateMachine task thread for /0.0.0.0:35661 - 0 ] INFO  server.RaftServer (RaftServerProxy.java:lambda$start$6(382)) - 54373283-022a-4090-818d-dea0c6bd05a6: start RPC server
2022-08-05 07:00:04,945 [EndpointStateMachine task thread for /0.0.0.0:35661 - 0 ] INFO  server.GrpcService (GrpcService.java:startImpl(260)) - 54373283-022a-4090-818d-dea0c6bd05a6: GrpcService started, listening on 36791
2022-08-05 07:00:04,946 [EndpointStateMachine task thread for /0.0.0.0:35661 - 0 ] INFO  ratis.XceiverServerRatis (XceiverServerRatis.java:getRealPort(502)) - XceiverServerRatis 54373283-022a-4090-818d-dea0c6bd05a6 is started using port 36791 for RATIS
2022-08-05 07:00:04,946 [org.apache.ratis.util.JvmPauseMonitor$$Lambda$615/1689199240@28db19db] INFO  util.JvmPauseMonitor (JvmPauseMonitor.java:run(103)) - JvmPauseMonitor-54373283-022a-4090-818d-dea0c6bd05a6: Started
2022-08-05 07:00:04,946 [EndpointStateMachine task thread for /0.0.0.0:35661 - 0 ] INFO  ratis.XceiverServerRatis (XceiverServerRatis.java:getRealPort(502)) - XceiverServerRatis 54373283-022a-4090-818d-dea0c6bd05a6 is started using port 36791 for RATIS_ADMIN
2022-08-05 07:00:04,946 [EndpointStateMachine task thread for /0.0.0.0:35661 - 0 ] INFO  ratis.XceiverServerRatis (XceiverServerRatis.java:getRealPort(502)) - XceiverServerRatis 54373283-022a-4090-818d-dea0c6bd05a6 is started using port 36791 for RATIS_SERVER
2022-08-05 07:00:04,947 [EndpointStateMachine task thread for /0.0.0.0:35661 - 0 ] INFO  server.XceiverServerGrpc (XceiverServerGrpc.java:start(180)) - XceiverServerGrpc 54373283-022a-4090-818d-dea0c6bd05a6 is started using port 41583
2022-08-05 07:00:05,204 [Listener at 127.0.0.1/35351] INFO  ozone.MiniOzoneClusterImpl (MiniOzoneClusterImpl.java:lambda$waitForClusterToBeReady$0(216)) - Waiting for nodes to be ready. Got 0 of 3 DN Heartbeats.
2022-08-05 07:00:05,204 [Listener at 127.0.0.1/35351] INFO  ozone.MiniOzoneClusterImpl (MiniOzoneClusterImpl.java:lambda$waitForClusterToBeReady$0(219)) - Waiting for cluster to exit safe mode
2022-08-05 07:00:05,204 [Listener at 127.0.0.1/35351] INFO  ozone.MiniOzoneClusterImpl (MiniOzoneClusterImpl.java:lambda$waitForClusterToBeReady$0(221)) - SCM became leader
2022-08-05 07:00:05,246 [EndpointStateMachine task thread for /0.0.0.0:35661 - 0 ] INFO  volume.HddsVolume (HddsVolume.java:createDbStore(309)) - SchemaV3 db is created and loaded at /home/runner/work/ozone/ozone/hadoop-ozone/integration-test/target/test-dir/MiniOzoneClusterImpl-bb0a6680-cc6d-4375-b258-2c4cc626dd81/datanode-2/data-0/containers/hdds/bb0a6680-cc6d-4375-b258-2c4cc626dd81/DS-3c5c3c77-3e38-424c-8f4e-a42312b01c76/container.db for volume DS-3c5c3c77-3e38-424c-8f4e-a42312b01c76
2022-08-05 07:00:05,247 [EndpointStateMachine task thread for /0.0.0.0:35661 - 0 ] INFO  volume.HddsVolume (HddsVolume.java:closeDbStore(340)) - SchemaV3 db is stopped at /home/runner/work/ozone/ozone/hadoop-ozone/integration-test/target/test-dir/MiniOzoneClusterImpl-bb0a6680-cc6d-4375-b258-2c4cc626dd81/datanode-2/data-0/containers/hdds/bb0a6680-cc6d-4375-b258-2c4cc626dd81/DS-3c5c3c77-3e38-424c-8f4e-a42312b01c76/container.db for volume DS-3c5c3c77-3e38-424c-8f4e-a42312b01c76
2022-08-05 07:00:05,247 [EndpointStateMachine task thread for /0.0.0.0:35661 - 0 ] INFO  ozoneimpl.OzoneContainer (OzoneContainer.java:start(377)) - Attempting to start container services.
2022-08-05 07:00:05,247 [EndpointStateMachine task thread for /0.0.0.0:35661 - 0 ] INFO  ozoneimpl.OzoneContainer (OzoneContainer.java:startContainerScrub(312)) - Background container scanner has been disabled.
2022-08-05 07:00:05,249 [EndpointStateMachine task thread for /0.0.0.0:35661 - 0 ] INFO  replication.ReplicationServer (ReplicationServer.java:start(111)) - ReplicationServer is started using port 40603
2022-08-05 07:00:05,250 [EndpointStateMachine task thread for /0.0.0.0:35661 - 0 ] INFO  ratis.XceiverServerRatis (XceiverServerRatis.java:start(481)) - Starting XceiverServerRatis 26ed2a23-8c6e-4428-ad05-eb8a9d9728b7
2022-08-05 07:00:05,250 [EndpointStateMachine task thread for /0.0.0.0:35661 - 0 ] INFO  server.RaftServer (RaftServerProxy.java:lambda$start$6(382)) - 26ed2a23-8c6e-4428-ad05-eb8a9d9728b7: start RPC server
2022-08-05 07:00:05,251 [EndpointStateMachine task thread for /0.0.0.0:35661 - 0 ] INFO  server.GrpcService (GrpcService.java:startImpl(260)) - 26ed2a23-8c6e-4428-ad05-eb8a9d9728b7: GrpcService started, listening on 34613
2022-08-05 07:00:05,252 [EndpointStateMachine task thread for /0.0.0.0:35661 - 0 ] INFO  ratis.XceiverServerRatis (XceiverServerRatis.java:getRealPort(502)) - XceiverServerRatis 26ed2a23-8c6e-4428-ad05-eb8a9d9728b7 is started using port 34613 for RATIS
2022-08-05 07:00:05,252 [EndpointStateMachine task thread for /0.0.0.0:35661 - 0 ] INFO  ratis.XceiverServerRatis (XceiverServerRatis.java:getRealPort(502)) - XceiverServerRatis 26ed2a23-8c6e-4428-ad05-eb8a9d9728b7 is started using port 34613 for RATIS_ADMIN
2022-08-05 07:00:05,252 [EndpointStateMachine task thread for /0.0.0.0:35661 - 0 ] INFO  ratis.XceiverServerRatis (XceiverServerRatis.java:getRealPort(502)) - XceiverServerRatis 26ed2a23-8c6e-4428-ad05-eb8a9d9728b7 is started using port 34613 for RATIS_SERVER
2022-08-05 07:00:05,252 [org.apache.ratis.util.JvmPauseMonitor$$Lambda$615/1689199240@fc3c40d] INFO  util.JvmPauseMonitor (JvmPauseMonitor.java:run(103)) - JvmPauseMonitor-26ed2a23-8c6e-4428-ad05-eb8a9d9728b7: Started
2022-08-05 07:00:05,255 [EndpointStateMachine task thread for /0.0.0.0:35661 - 0 ] INFO  server.XceiverServerGrpc (XceiverServerGrpc.java:start(180)) - XceiverServerGrpc 26ed2a23-8c6e-4428-ad05-eb8a9d9728b7 is started using port 42335
2022-08-05 07:00:06,205 [Listener at 127.0.0.1/35351] INFO  ozone.MiniOzoneClusterImpl (MiniOzoneClusterImpl.java:lambda$waitForClusterToBeReady$0(216)) - Waiting for nodes to be ready. Got 0 of 3 DN Heartbeats.
2022-08-05 07:00:06,205 [Listener at 127.0.0.1/35351] INFO  ozone.MiniOzoneClusterImpl (MiniOzoneClusterImpl.java:lambda$waitForClusterToBeReady$0(219)) - Waiting for cluster to exit safe mode
2022-08-05 07:00:06,205 [Listener at 127.0.0.1/35351] INFO  ozone.MiniOzoneClusterImpl (MiniOzoneClusterImpl.java:lambda$waitForClusterToBeReady$0(221)) - SCM became leader
2022-08-05 07:00:06,395 [IPC Server handler 13 on default port 35661] INFO  net.NetworkTopologyImpl (NetworkTopologyImpl.java:add(112)) - Added a new node: /default-rack/6678316d-e7a5-47b6-a27b-b09245ec3204
2022-08-05 07:00:06,397 [IPC Server handler 13 on default port 35661] INFO  node.SCMNodeManager (SCMNodeManager.java:register(397)) - Registered Data node : 6678316d-e7a5-47b6-a27b-b09245ec3204{ip: 10.1.0.4, host: fv-az21-954.v4iizcarkezebbfea14bcgzyke.bx.internal.cloudapp.net, ports: [REPLICATION=43745, RATIS=42757, RATIS_ADMIN=42757, RATIS_SERVER=42757, STANDALONE=40365], networkLocation: /default-rack, certSerialId: null, persistedOpState: null, persistedOpStateExpiryEpochSec: 0}
2022-08-05 07:00:06,401 [EventQueue-NewNodeForNewNodeHandler] INFO  pipeline.BackgroundPipelineCreator (BackgroundPipelineCreator.java:notifyEventTriggered(276)) - trigger a one-shot run on RatisPipelineUtilsThread.
2022-08-05 07:00:06,410 [RatisPipelineUtilsThread - 0] INFO  pipeline.RatisPipelineProvider (RatisPipelineProvider.java:lambda$create$0(195)) - Sending CreatePipelineCommand for pipeline:PipelineID=f9c49da0-6f6e-49ae-9c09-5e5e5677d512 to datanode:6678316d-e7a5-47b6-a27b-b09245ec3204
2022-08-05 07:00:06,412 [EventQueue-NodeRegistrationContainerReportForDataNodeSafeModeRule] INFO  safemode.SCMSafeModeManager (DataNodeSafeModeRule.java:process(71)) - SCM in safe mode. 1 DataNodes registered, 3 required.
2022-08-05 07:00:06,413 [EventQueue-NodeRegistrationContainerReportForContainerSafeModeRule] INFO  safemode.SCMSafeModeManager (SCMSafeModeManager.java:validateSafeModeExitRules(204)) - ContainerSafeModeRule rule is successfully validated
2022-08-05 07:00:06,413 [EventQueue-PipelineReportForOneReplicaPipelineSafeModeRule] INFO  safemode.SCMSafeModeManager (SCMSafeModeManager.java:validateSafeModeExitRules(204)) - AtleastOneDatanodeReportedRule rule is successfully validated
2022-08-05 07:00:06,429 [RatisPipelineUtilsThread - 0] INFO  pipeline.PipelineStateManagerImpl (PipelineStateManagerImpl.java:addPipeline(103)) - Created pipeline Pipeline[ Id: f9c49da0-6f6e-49ae-9c09-5e5e5677d512, Nodes: 6678316d-e7a5-47b6-a27b-b09245ec3204{ip: 10.1.0.4, host: fv-az21-954.v4iizcarkezebbfea14bcgzyke.bx.internal.cloudapp.net, ports: [REPLICATION=43745, RATIS=42757, RATIS_ADMIN=42757, RATIS_SERVER=42757, STANDALONE=40365], networkLocation: /default-rack, certSerialId: null, persistedOpState: IN_SERVICE, persistedOpStateExpiryEpochSec: 0}, ReplicationConfig: RATIS/ONE, State:ALLOCATED, leaderId:, CreationTimestamp2022-08-05T07:00:06.407Z[Etc/UTC]].
2022-08-05 07:00:06,902 [IPC Server handler 12 on default port 35661] INFO  net.NetworkTopologyImpl (NetworkTopologyImpl.java:add(112)) - Added a new node: /default-rack/54373283-022a-4090-818d-dea0c6bd05a6
2022-08-05 07:00:06,902 [IPC Server handler 12 on default port 35661] INFO  node.SCMNodeManager (SCMNodeManager.java:register(397)) - Registered Data node : 54373283-022a-4090-818d-dea0c6bd05a6{ip: 10.1.0.4, host: fv-az21-954.v4iizcarkezebbfea14bcgzyke.bx.internal.cloudapp.net, ports: [REPLICATION=44105, RATIS=36791, RATIS_ADMIN=36791, RATIS_SERVER=36791, STANDALONE=41583], networkLocation: /default-rack, certSerialId: null, persistedOpState: null, persistedOpStateExpiryEpochSec: 0}
2022-08-05 07:00:06,903 [EventQueue-NewNodeForNewNodeHandler] INFO  pipeline.BackgroundPipelineCreator (BackgroundPipelineCreator.java:notifyEventTriggered(276)) - trigger a one-shot run on RatisPipelineUtilsThread.
2022-08-05 07:00:06,905 [EventQueue-NodeRegistrationContainerReportForDataNodeSafeModeRule] INFO  safemode.SCMSafeModeManager (DataNodeSafeModeRule.java:process(71)) - SCM in safe mode. 2 DataNodes registered, 3 required.
2022-08-05 07:00:06,908 [RatisPipelineUtilsThread - 0] INFO  pipeline.RatisPipelineProvider (RatisPipelineProvider.java:lambda$create$0(195)) - Sending CreatePipelineCommand for pipeline:PipelineID=2631ec8a-f976-4b16-9106-60b3a6b5d6da to datanode:54373283-022a-4090-818d-dea0c6bd05a6
2022-08-05 07:00:06,909 [RatisPipelineUtilsThread - 0] INFO  pipeline.PipelineStateManagerImpl (PipelineStateManagerImpl.java:addPipeline(103)) - Created pipeline Pipeline[ Id: 2631ec8a-f976-4b16-9106-60b3a6b5d6da, Nodes: 54373283-022a-4090-818d-dea0c6bd05a6{ip: 10.1.0.4, host: fv-az21-954.v4iizcarkezebbfea14bcgzyke.bx.internal.cloudapp.net, ports: [REPLICATION=44105, RATIS=36791, RATIS_ADMIN=36791, RATIS_SERVER=36791, STANDALONE=41583], networkLocation: /default-rack, certSerialId: null, persistedOpState: IN_SERVICE, persistedOpStateExpiryEpochSec: 0}, ReplicationConfig: RATIS/ONE, State:ALLOCATED, leaderId:, CreationTimestamp2022-08-05T07:00:06.908Z[Etc/UTC]].
2022-08-05 07:00:07,206 [Listener at 127.0.0.1/35351] INFO  ozone.MiniOzoneClusterImpl (MiniOzoneClusterImpl.java:lambda$waitForClusterToBeReady$0(216)) - Waiting for nodes to be ready. Got 2 of 3 DN Heartbeats.
2022-08-05 07:00:07,206 [Listener at 127.0.0.1/35351] INFO  ozone.MiniOzoneClusterImpl (MiniOzoneClusterImpl.java:lambda$waitForClusterToBeReady$0(219)) - Waiting for cluster to exit safe mode
2022-08-05 07:00:07,207 [Listener at 127.0.0.1/35351] INFO  ozone.MiniOzoneClusterImpl (MiniOzoneClusterImpl.java:lambda$waitForClusterToBeReady$0(221)) - SCM became leader
2022-08-05 07:00:07,207 [IPC Server handler 5 on default port 35661] INFO  net.NetworkTopologyImpl (NetworkTopologyImpl.java:add(112)) - Added a new node: /default-rack/26ed2a23-8c6e-4428-ad05-eb8a9d9728b7
2022-08-05 07:00:07,208 [IPC Server handler 5 on default port 35661] INFO  node.SCMNodeManager (SCMNodeManager.java:register(397)) - Registered Data node : 26ed2a23-8c6e-4428-ad05-eb8a9d9728b7{ip: 10.1.0.4, host: fv-az21-954.v4iizcarkezebbfea14bcgzyke.bx.internal.cloudapp.net, ports: [REPLICATION=40603, RATIS=34613, RATIS_ADMIN=34613, RATIS_SERVER=34613, STANDALONE=42335], networkLocation: /default-rack, certSerialId: null, persistedOpState: null, persistedOpStateExpiryEpochSec: 0}
2022-08-05 07:00:07,208 [EventQueue-NewNodeForNewNodeHandler] INFO  pipeline.BackgroundPipelineCreator (BackgroundPipelineCreator.java:notifyEventTriggered(276)) - trigger a one-shot run on RatisPipelineUtilsThread.
2022-08-05 07:00:07,209 [RatisPipelineUtilsThread - 0] INFO  pipeline.RatisPipelineProvider (RatisPipelineProvider.java:lambda$create$0(195)) - Sending CreatePipelineCommand for pipeline:PipelineID=3e5b2719-89b3-4dd1-b50f-5b08f5e4280f to datanode:26ed2a23-8c6e-4428-ad05-eb8a9d9728b7
2022-08-05 07:00:07,210 [RatisPipelineUtilsThread - 0] INFO  pipeline.PipelineStateManagerImpl (PipelineStateManagerImpl.java:addPipeline(103)) - Created pipeline Pipeline[ Id: 3e5b2719-89b3-4dd1-b50f-5b08f5e4280f, Nodes: 26ed2a23-8c6e-4428-ad05-eb8a9d9728b7{ip: 10.1.0.4, host: fv-az21-954.v4iizcarkezebbfea14bcgzyke.bx.internal.cloudapp.net, ports: [REPLICATION=40603, RATIS=34613, RATIS_ADMIN=34613, RATIS_SERVER=34613, STANDALONE=42335], networkLocation: /default-rack, certSerialId: null, persistedOpState: IN_SERVICE, persistedOpStateExpiryEpochSec: 0}, ReplicationConfig: RATIS/ONE, State:ALLOCATED, leaderId:, CreationTimestamp2022-08-05T07:00:07.209Z[Etc/UTC]].
2022-08-05 07:00:07,211 [EventQueue-NodeRegistrationContainerReportForDataNodeSafeModeRule] INFO  safemode.SCMSafeModeManager (DataNodeSafeModeRule.java:process(71)) - SCM in safe mode. 3 DataNodes registered, 3 required.
2022-08-05 07:00:07,211 [EventQueue-NodeRegistrationContainerReportForDataNodeSafeModeRule] INFO  safemode.SCMSafeModeManager (SCMSafeModeManager.java:validateSafeModeExitRules(204)) - DataNodeSafeModeRule rule is successfully validated
2022-08-05 07:00:07,211 [EventQueue-NodeRegistrationContainerReportForDataNodeSafeModeRule] INFO  safemode.SCMSafeModeManager (SCMSafeModeManager.java:completePreCheck(233)) - All SCM safe mode pre check rules have passed
2022-08-05 07:00:07,211 [EventQueue-NodeRegistrationContainerReportForDataNodeSafeModeRule] WARN  events.EventQueue (EventQueue.java:fireEvent(216)) - No event handler registered for event TypedEvent{payloadType=SafeModeStatus, name='Safe mode status'}
2022-08-05 07:00:07,211 [EventQueue-NodeRegistrationContainerReportForDataNodeSafeModeRule] INFO  ha.SCMContext (SCMContext.java:updateSafeModeStatus(228)) - Update SafeModeStatus from SafeModeStatus{safeModeStatus=true, preCheckPassed=false} to SafeModeStatus{safeModeStatus=true, preCheckPassed=true}.
2022-08-05 07:00:07,211 [EventQueue-NodeRegistrationContainerReportForDataNodeSafeModeRule] INFO  pipeline.BackgroundPipelineCreator (BackgroundPipelineCreator.java:notifyEventTriggered(276)) - trigger a one-shot run on RatisPipelineUtilsThread.
2022-08-05 07:00:07,216 [RatisPipelineUtilsThread - 0] INFO  pipeline.RatisPipelineProvider (RatisPipelineProvider.java:lambda$create$0(195)) - Sending CreatePipelineCommand for pipeline:PipelineID=8b4046ea-b70d-41a3-b699-dd057345d6d6 to datanode:54373283-022a-4090-818d-dea0c6bd05a6
2022-08-05 07:00:07,216 [RatisPipelineUtilsThread - 0] INFO  pipeline.RatisPipelineProvider (RatisPipelineProvider.java:lambda$create$0(195)) - Sending CreatePipelineCommand for pipeline:PipelineID=8b4046ea-b70d-41a3-b699-dd057345d6d6 to datanode:6678316d-e7a5-47b6-a27b-b09245ec3204
2022-08-05 07:00:07,216 [RatisPipelineUtilsThread - 0] INFO  pipeline.RatisPipelineProvider (RatisPipelineProvider.java:lambda$create$0(195)) - Sending CreatePipelineCommand for pipeline:PipelineID=8b4046ea-b70d-41a3-b699-dd057345d6d6 to datanode:26ed2a23-8c6e-4428-ad05-eb8a9d9728b7
2022-08-05 07:00:07,218 [RatisPipelineUtilsThread - 0] INFO  pipeline.PipelineStateManagerImpl (PipelineStateManagerImpl.java:addPipeline(103)) - Created pipeline Pipeline[ Id: 8b4046ea-b70d-41a3-b699-dd057345d6d6, Nodes: 54373283-022a-4090-818d-dea0c6bd05a6{ip: 10.1.0.4, host: fv-az21-954.v4iizcarkezebbfea14bcgzyke.bx.internal.cloudapp.net, ports: [REPLICATION=44105, RATIS=36791, RATIS_ADMIN=36791, RATIS_SERVER=36791, STANDALONE=41583], networkLocation: /default-rack, certSerialId: null, persistedOpState: IN_SERVICE, persistedOpStateExpiryEpochSec: 0}6678316d-e7a5-47b6-a27b-b09245ec3204{ip: 10.1.0.4, host: fv-az21-954.v4iizcarkezebbfea14bcgzyke.bx.internal.cloudapp.net, ports: [REPLICATION=43745, RATIS=42757, RATIS_ADMIN=42757, RATIS_SERVER=42757, STANDALONE=40365], networkLocation: /default-rack, certSerialId: null, persistedOpState: IN_SERVICE, persistedOpStateExpiryEpochSec: 0}26ed2a23-8c6e-4428-ad05-eb8a9d9728b7{ip: 10.1.0.4, host: fv-az21-954.v4iizcarkezebbfea14bcgzyke.bx.internal.cloudapp.net, ports: [REPLICATION=40603, RATIS=34613, RATIS_ADMIN=34613, RATIS_SERVER=34613, STANDALONE=42335], networkLocation: /default-rack, certSerialId: null, persistedOpState: IN_SERVICE, persistedOpStateExpiryEpochSec: 0}, ReplicationConfig: RATIS/THREE, State:ALLOCATED, leaderId:, CreationTimestamp2022-08-05T07:00:07.216Z[Etc/UTC]].
2022-08-05 07:00:07,219 [RatisPipelineUtilsThread - 0] INFO  pipeline.RatisPipelineProvider (RatisPipelineProvider.java:lambda$create$0(195)) - Sending CreatePipelineCommand for pipeline:PipelineID=d510d3c0-51ec-4941-a6f4-bff43a9ed7f7 to datanode:6678316d-e7a5-47b6-a27b-b09245ec3204
2022-08-05 07:00:07,219 [RatisPipelineUtilsThread - 0] INFO  pipeline.RatisPipelineProvider (RatisPipelineProvider.java:lambda$create$0(195)) - Sending CreatePipelineCommand for pipeline:PipelineID=d510d3c0-51ec-4941-a6f4-bff43a9ed7f7 to datanode:54373283-022a-4090-818d-dea0c6bd05a6
2022-08-05 07:00:07,219 [RatisPipelineUtilsThread - 0] INFO  pipeline.RatisPipelineProvider (RatisPipelineProvider.java:lambda$create$0(195)) - Sending CreatePipelineCommand for pipeline:PipelineID=d510d3c0-51ec-4941-a6f4-bff43a9ed7f7 to datanode:26ed2a23-8c6e-4428-ad05-eb8a9d9728b7
2022-08-05 07:00:07,220 [RatisPipelineUtilsThread - 0] INFO  pipeline.PipelineStateManagerImpl (PipelineStateManagerImpl.java:addPipeline(103)) - Created pipeline Pipeline[ Id: d510d3c0-51ec-4941-a6f4-bff43a9ed7f7, Nodes: 6678316d-e7a5-47b6-a27b-b09245ec3204{ip: 10.1.0.4, host: fv-az21-954.v4iizcarkezebbfea14bcgzyke.bx.internal.cloudapp.net, ports: [REPLICATION=43745, RATIS=42757, RATIS_ADMIN=42757, RATIS_SERVER=42757, STANDALONE=40365], networkLocation: /default-rack, certSerialId: null, persistedOpState: IN_SERVICE, persistedOpStateExpiryEpochSec: 0}54373283-022a-4090-818d-dea0c6bd05a6{ip: 10.1.0.4, host: fv-az21-954.v4iizcarkezebbfea14bcgzyke.bx.internal.cloudapp.net, ports: [REPLICATION=44105, RATIS=36791, RATIS_ADMIN=36791, RATIS_SERVER=36791, STANDALONE=41583], networkLocation: /default-rack, certSerialId: null, persistedOpState: IN_SERVICE, persistedOpStateExpiryEpochSec: 0}26ed2a23-8c6e-4428-ad05-eb8a9d9728b7{ip: 10.1.0.4, host: fv-az21-954.v4iizcarkezebbfea14bcgzyke.bx.internal.cloudapp.net, ports: [REPLICATION=40603, RATIS=34613, RATIS_ADMIN=34613, RATIS_SERVER=34613, STANDALONE=42335], networkLocation: /default-rack, certSerialId: null, persistedOpState: IN_SERVICE, persistedOpStateExpiryEpochSec: 0}, ReplicationConfig: RATIS/THREE, State:ALLOCATED, leaderId:, CreationTimestamp2022-08-05T07:00:07.219Z[Etc/UTC]].
2022-08-05 07:00:07,220 [RatisPipelineUtilsThread - 0] INFO  pipeline.PipelineManagerImpl (PipelineManagerImpl.java:recordMetricsForPipeline(796)) - Pipeline: PipelineID=d510d3c0-51ec-4941-a6f4-bff43a9ed7f7 contains same datanodes as previous pipelines: PipelineID=8b4046ea-b70d-41a3-b699-dd057345d6d6 nodeIds: 6678316d-e7a5-47b6-a27b-b09245ec3204, 54373283-022a-4090-818d-dea0c6bd05a6, 26ed2a23-8c6e-4428-ad05-eb8a9d9728b7
2022-08-05 07:00:08,207 [Listener at 127.0.0.1/35351] INFO  ozone.MiniOzoneClusterImpl (MiniOzoneClusterImpl.java:lambda$waitForClusterToBeReady$0(216)) - Nodes are ready. Got 3 of 3 DN Heartbeats.
2022-08-05 07:00:08,215 [Listener at 127.0.0.1/35351] INFO  ozone.MiniOzoneClusterImpl (MiniOzoneClusterImpl.java:lambda$waitForClusterToBeReady$0(219)) - Waiting for cluster to exit safe mode
2022-08-05 07:00:08,215 [Listener at 127.0.0.1/35351] INFO  ozone.MiniOzoneClusterImpl (MiniOzoneClusterImpl.java:lambda$waitForClusterToBeReady$0(221)) - SCM became leader
2022-08-05 07:00:09,216 [Listener at 127.0.0.1/35351] INFO  ozone.MiniOzoneClusterImpl (MiniOzoneClusterImpl.java:lambda$waitForClusterToBeReady$0(216)) - Nodes are ready. Got 3 of 3 DN Heartbeats.
2022-08-05 07:00:09,216 [Listener at 127.0.0.1/35351] INFO  ozone.MiniOzoneClusterImpl (MiniOzoneClusterImpl.java:lambda$waitForClusterToBeReady$0(219)) - Waiting for cluster to exit safe mode
2022-08-05 07:00:09,216 [Listener at 127.0.0.1/35351] INFO  ozone.MiniOzoneClusterImpl (MiniOzoneClusterImpl.java:lambda$waitForClusterToBeReady$0(221)) - SCM became leader
2022-08-05 07:00:09,395 [Command processor thread] INFO  server.RaftServer (RaftServerProxy.java:addNew(96)) - 6678316d-e7a5-47b6-a27b-b09245ec3204: addNew group-5E5E5677D512:[6678316d-e7a5-47b6-a27b-b09245ec3204|rpc:10.1.0.4:42757|priority:1] returns group-5E5E5677D512:java.util.concurrent.CompletableFuture@29e21f47[Not completed]
2022-08-05 07:00:09,408 [pool-72-thread-1] INFO  server.RaftServer$Division (RaftServerImpl.java:<init>(190)) - 6678316d-e7a5-47b6-a27b-b09245ec3204: new RaftServerImpl for group-5E5E5677D512:[6678316d-e7a5-47b6-a27b-b09245ec3204|rpc:10.1.0.4:42757|priority:1] with ContainerStateMachine:uninitialized
2022-08-05 07:00:09,408 [pool-72-thread-1] INFO  server.RaftServerConfigKeys (ConfUtils.java:logGet(46)) - raft.server.rpc.timeout.min = 5s (custom)
2022-08-05 07:00:09,408 [pool-72-thread-1] INFO  server.RaftServerConfigKeys (ConfUtils.java:logGet(46)) - raft.server.rpc.timeout.max = 5200ms (custom)
2022-08-05 07:00:09,408 [pool-72-thread-1] INFO  server.RaftServerConfigKeys (ConfUtils.java:logGet(46)) - raft.server.rpc.sleep.time = 25ms (default)
2022-08-05 07:00:09,409 [pool-72-thread-1] INFO  server.RaftServerConfigKeys (ConfUtils.java:logGet(46)) - raft.server.rpc.slowness.timeout = 300s (custom)
2022-08-05 07:00:09,409 [pool-72-thread-1] INFO  server.RaftServerConfigKeys (ConfUtils.java:logGet(46)) - raft.server.leaderelection.leader.step-down.wait-time = 10s (default)
2022-08-05 07:00:09,409 [pool-72-thread-1] INFO  server.RaftServerConfigKeys (ConfUtils.java:logGet(46)) - raft.server.sleep.deviation.threshold = 300ms (default)
2022-08-05 07:00:09,409 [pool-72-thread-1] INFO  server.RaftServer$Division (ServerState.java:<init>(107)) - 6678316d-e7a5-47b6-a27b-b09245ec3204@group-5E5E5677D512: ConfigurationManager, init=-1: [6678316d-e7a5-47b6-a27b-b09245ec3204|rpc:10.1.0.4:42757|priority:1], old=null, confs=<EMPTY_MAP>
2022-08-05 07:00:09,409 [pool-72-thread-1] INFO  server.RaftServerConfigKeys (ConfUtils.java:logGet(46)) - raft.server.storage.dir = [/home/runner/work/ozone/ozone/hadoop-ozone/integration-test/target/test-dir/MiniOzoneClusterImpl-bb0a6680-cc6d-4375-b258-2c4cc626dd81/datanode-0/data/ratis] (custom)
2022-08-05 07:00:09,409 [pool-72-thread-1] INFO  server.RaftServerConfigKeys (ConfUtils.java:logGet(46)) - raft.server.log.corruption.policy = EXCEPTION (default)
2022-08-05 07:00:09,409 [pool-72-thread-1] INFO  server.RaftServerConfigKeys (ConfUtils.java:logGet(46)) - raft.server.storage.free-space.min = 0MB (=0) (default)
2022-08-05 07:00:09,409 [pool-72-thread-1] INFO  storage.RaftStorageDirectory (RaftStorageDirectoryImpl.java:analyzeStorage(135)) - The storage directory /home/runner/work/ozone/ozone/hadoop-ozone/integration-test/target/test-dir/MiniOzoneClusterImpl-bb0a6680-cc6d-4375-b258-2c4cc626dd81/datanode-0/data/ratis/f9c49da0-6f6e-49ae-9c09-5e5e5677d512 does not exist. Creating ...
2022-08-05 07:00:09,411 [pool-72-thread-1] INFO  storage.RaftStorageDirectory (RaftStorageDirectoryImpl.java:tryLock(230)) - Lock on /home/runner/work/ozone/ozone/hadoop-ozone/integration-test/target/test-dir/MiniOzoneClusterImpl-bb0a6680-cc6d-4375-b258-2c4cc626dd81/datanode-0/data/ratis/f9c49da0-6f6e-49ae-9c09-5e5e5677d512/in_use.lock acquired by nodename 7742@fv-az21-954
2022-08-05 07:00:09,417 [pool-72-thread-1] INFO  storage.RaftStorage (RaftStorageImpl.java:format(89)) - Storage directory /home/runner/work/ozone/ozone/hadoop-ozone/integration-test/target/test-dir/MiniOzoneClusterImpl-bb0a6680-cc6d-4375-b258-2c4cc626dd81/datanode-0/data/ratis/f9c49da0-6f6e-49ae-9c09-5e5e5677d512 has been successfully formatted.
2022-08-05 07:00:09,421 [pool-72-thread-1] INFO  ratis.ContainerStateMachine (ContainerStateMachine.java:loadSnapshot(236)) - group-5E5E5677D512: The snapshot info is null. Setting the last applied indexto:(t:0, i:~)
2022-08-05 07:00:09,425 [pool-72-thread-1] INFO  server.RaftServerConfigKeys (ConfUtils.java:logGet(46)) - raft.server.notification.no-leader.timeout = 300s (custom)
2022-08-05 07:00:09,425 [pool-72-thread-1] INFO  server.RaftServerConfigKeys (ConfUtils.java:logGet(46)) - raft.server.log.use.memory = false (default)
2022-08-05 07:00:09,425 [pool-72-thread-1] INFO  server.RaftServerConfigKeys (ConfUtils.java:logGet(46)) - raft.server.log.purge.gap = 1000000 (custom)
2022-08-05 07:00:09,425 [pool-72-thread-1] INFO  server.RaftServerConfigKeys (ConfUtils.java:logGet(46)) - raft.server.log.appender.buffer.byte-limit = 33554432 (custom)
2022-08-05 07:00:09,425 [pool-72-thread-1] INFO  server.RaftServerConfigKeys (ConfUtils.java:logGet(46)) - raft.server.log.statemachine.data.read.timeout = 1000ms (default)
2022-08-05 07:00:09,425 [pool-72-thread-1] INFO  server.RaftServerConfigKeys (ConfUtils.java:logGet(46)) - raft.server.log.segment.size.max = 1048576 (custom)
2022-08-05 07:00:09,426 [pool-72-thread-1] INFO  server.RaftServerConfigKeys (ConfUtils.java:logGet(46)) - raft.server.log.segment.cache.num.max = 2 (custom)
2022-08-05 07:00:09,426 [pool-72-thread-1] INFO  server.RaftServerConfigKeys (ConfUtils.java:logGet(46)) - raft.server.log.segment.cache.size.max = 200MB (=209715200) (default)
2022-08-05 07:00:09,426 [pool-72-thread-1] INFO  segmented.SegmentedRaftLogWorker (SegmentedRaftLogWorker.java:<init>(187)) - new 6678316d-e7a5-47b6-a27b-b09245ec3204@group-5E5E5677D512-SegmentedRaftLogWorker for RaftStorageImpl:Storage Directory /home/runner/work/ozone/ozone/hadoop-ozone/integration-test/target/test-dir/MiniOzoneClusterImpl-bb0a6680-cc6d-4375-b258-2c4cc626dd81/datanode-0/data/ratis/f9c49da0-6f6e-49ae-9c09-5e5e5677d512
2022-08-05 07:00:09,426 [pool-72-thread-1] INFO  server.RaftServerConfigKeys (ConfUtils.java:logGet(46)) - raft.server.log.queue.byte-limit = 4294967296 (custom)
2022-08-05 07:00:09,426 [pool-72-thread-1] INFO  server.RaftServerConfigKeys (ConfUtils.java:logGet(46)) - raft.server.log.queue.element-limit = 1024 (custom)
2022-08-05 07:00:09,426 [pool-72-thread-1] INFO  server.RaftServerConfigKeys (ConfUtils.java:logGet(46)) - raft.server.log.segment.size.max = 1048576 (custom)
2022-08-05 07:00:09,426 [pool-72-thread-1] INFO  server.RaftServerConfigKeys (ConfUtils.java:logGet(46)) - raft.server.log.preallocated.size = 16384 (custom)
2022-08-05 07:00:09,426 [pool-72-thread-1] INFO  server.RaftServerConfigKeys (ConfUtils.java:logGet(46)) - raft.server.log.force.sync.num = 128 (default)
2022-08-05 07:00:09,426 [pool-72-thread-1] INFO  server.RaftServerConfigKeys (ConfUtils.java:logGet(46)) - raft.server.log.statemachine.data.sync = true (default)
2022-08-05 07:00:09,427 [pool-72-thread-1] INFO  server.RaftServerConfigKeys (ConfUtils.java:logGet(46)) - raft.server.log.statemachine.data.sync.timeout = 10s (default)
2022-08-05 07:00:09,427 [pool-72-thread-1] INFO  server.RaftServerConfigKeys (ConfUtils.java:logGet(46)) - raft.server.log.statemachine.data.sync.timeout.retry = -1 (default)
2022-08-05 07:00:09,428 [pool-72-thread-1] INFO  server.RaftServerConfigKeys (ConfUtils.java:logGet(46)) - raft.server.log.write.buffer.size = 1048576 (custom)
2022-08-05 07:00:09,428 [pool-72-thread-1] INFO  server.RaftServerConfigKeys (ConfUtils.java:logGet(46)) - raft.server.log.unsafe-flush.enabled = false (default)
2022-08-05 07:00:09,429 [pool-72-thread-1] INFO  server.RaftServerConfigKeys (ConfUtils.java:logGet(46)) - raft.server.log.statemachine.data.caching.enabled = true (custom)
2022-08-05 07:00:09,429 [pool-72-thread-1] INFO  segmented.SegmentedRaftLogWorker (SegmentedRaftLogWorker.java:lambda$new$0(135)) - 6678316d-e7a5-47b6-a27b-b09245ec3204@group-5E5E5677D512-SegmentedRaftLogWorker: flushIndex: setUnconditionally 0 -> -1
2022-08-05 07:00:09,429 [pool-72-thread-1] INFO  segmented.SegmentedRaftLogWorker (SegmentedRaftLogWorker.java:lambda$new$0(135)) - 6678316d-e7a5-47b6-a27b-b09245ec3204@group-5E5E5677D512-SegmentedRaftLogWorker: safeCacheEvictIndex: setUnconditionally 0 -> -1
2022-08-05 07:00:09,429 [pool-72-thread-1] INFO  server.RaftServerConfigKeys (ConfUtils.java:logGet(46)) - raft.server.snapshot.auto.trigger.enabled = true (custom)
2022-08-05 07:00:09,429 [pool-72-thread-1] INFO  server.RaftServerConfigKeys (ConfUtils.java:logGet(46)) - raft.server.snapshot.auto.trigger.threshold = 10000 (custom)
2022-08-05 07:00:09,429 [pool-72-thread-1] INFO  server.RaftServerConfigKeys (ConfUtils.java:logGet(46)) - raft.server.snapshot.retention.file.num = 5 (custom)
2022-08-05 07:00:09,429 [pool-72-thread-1] INFO  server.RaftServerConfigKeys (ConfUtils.java:logGet(46)) - raft.server.log.purge.upto.snapshot.index = false (default)
2022-08-05 07:00:09,429 [pool-72-thread-1] INFO  server.RaftServerConfigKeys (ConfUtils.java:logGet(46)) - raft.server.retrycache.expirytime = 600000ms (custom)
2022-08-05 07:00:09,429 [pool-72-thread-1] INFO  server.RaftServerConfigKeys (ConfUtils.java:logGet(46)) - raft.server.retrycache.statistics.expirytime = 100μs (default)
2022-08-05 07:00:09,431 [pool-72-thread-1] INFO  server.RaftServerConfigKeys (ConfUtils.java:logGet(46)) - raft.server.log.appender.install.snapshot.enabled = false (custom)
2022-08-05 07:00:09,431 [pool-72-thread-1] INFO  server.RaftServerConfigKeys (ConfUtils.java:logGet(46)) - raft.server.threadpool.server.cached = true (default)
2022-08-05 07:00:09,431 [pool-72-thread-1] INFO  server.RaftServerConfigKeys (ConfUtils.java:logGet(46)) - raft.server.threadpool.server.size = 0 (default)
2022-08-05 07:00:09,432 [pool-72-thread-1] INFO  server.RaftServerConfigKeys (ConfUtils.java:logGet(46)) - raft.server.threadpool.client.cached = true (default)
2022-08-05 07:00:09,432 [pool-72-thread-1] INFO  server.RaftServerConfigKeys (ConfUtils.java:logGet(46)) - raft.server.threadpool.client.size = 0 (default)
2022-08-05 07:00:09,432 [pool-72-thread-1] INFO  server.RaftServer$Division (RaftServerImpl.java:start(310)) - 6678316d-e7a5-47b6-a27b-b09245ec3204@group-5E5E5677D512: start as a follower, conf=-1: [6678316d-e7a5-47b6-a27b-b09245ec3204|rpc:10.1.0.4:42757|priority:1], old=null
2022-08-05 07:00:09,432 [pool-72-thread-1] INFO  server.RaftServer$Division (RaftServerImpl.java:setRole(299)) - 6678316d-e7a5-47b6-a27b-b09245ec3204@group-5E5E5677D512: changes role from      null to FOLLOWER at term 0 for startAsFollower
2022-08-05 07:00:09,432 [pool-72-thread-1] INFO  impl.RoleInfo (RoleInfo.java:updateAndGet(139)) - 6678316d-e7a5-47b6-a27b-b09245ec3204: start 6678316d-e7a5-47b6-a27b-b09245ec3204@group-5E5E5677D512-FollowerState
2022-08-05 07:00:09,443 [EventQueue-PipelineReportForPipelineReportHandler] INFO  pipeline.PipelineManagerImpl (PipelineManagerImpl.java:openPipeline(367)) - Pipeline Pipeline[ Id: f9c49da0-6f6e-49ae-9c09-5e5e5677d512, Nodes: 6678316d-e7a5-47b6-a27b-b09245ec3204{ip: 10.1.0.4, host: fv-az21-954.v4iizcarkezebbfea14bcgzyke.bx.internal.cloudapp.net, ports: [REPLICATION=43745, RATIS=42757, RATIS_ADMIN=42757, RATIS_SERVER=42757, STANDALONE=40365], networkLocation: /default-rack, certSerialId: null, persistedOpState: IN_SERVICE, persistedOpStateExpiryEpochSec: 0}, ReplicationConfig: RATIS/ONE, State:ALLOCATED, leaderId:6678316d-e7a5-47b6-a27b-b09245ec3204, CreationTimestamp2022-08-05T07:00:06.407Z[Etc/UTC]] moved to OPEN state
2022-08-05 07:00:09,445 [EventQueue-OpenPipelineForHealthyPipelineSafeModeRule] INFO  safemode.SCMSafeModeManager (HealthyPipelineSafeModeRule.java:process(137)) - SCM in safe mode. Healthy pipelines reported count is 0, required healthy pipeline reported count is 1
2022-08-05 07:00:09,433 [pool-72-thread-1] INFO  util.JmxRegister (JmxRegister.java:tryRegister(44)) - Successfully registered JMX Bean with object name Ratis:service=RaftServer,group=group-5E5E5677D512,id=6678316d-e7a5-47b6-a27b-b09245ec3204
2022-08-05 07:00:09,457 [Command processor thread] INFO  ratis.XceiverServerRatis (XceiverServerRatis.java:addGroup(765)) - Created group PipelineID=f9c49da0-6f6e-49ae-9c09-5e5e5677d512
2022-08-05 07:00:09,457 [Command processor thread] INFO  commandhandler.CreatePipelineCommandHandler (CreatePipelineCommandHandler.java:handle(113)) - Created Pipeline RATIS ONE PipelineID=f9c49da0-6f6e-49ae-9c09-5e5e5677d512.
2022-08-05 07:00:09,458 [Command processor thread] INFO  server.RaftServer (RaftServerProxy.java:addNew(96)) - 6678316d-e7a5-47b6-a27b-b09245ec3204: addNew group-DD057345D6D6:[26ed2a23-8c6e-4428-ad05-eb8a9d9728b7|rpc:10.1.0.4:34613|priority:0, 6678316d-e7a5-47b6-a27b-b09245ec3204|rpc:10.1.0.4:42757|priority:1, 54373283-022a-4090-818d-dea0c6bd05a6|rpc:10.1.0.4:36791|priority:0] returns group-DD057345D6D6:java.util.concurrent.CompletableFuture@1a459def[Not completed]
2022-08-05 07:00:09,461 [pool-72-thread-1] INFO  server.RaftServer$Division (RaftServerImpl.java:<init>(190)) - 6678316d-e7a5-47b6-a27b-b09245ec3204: new RaftServerImpl for group-DD057345D6D6:[26ed2a23-8c6e-4428-ad05-eb8a9d9728b7|rpc:10.1.0.4:34613|priority:0, 6678316d-e7a5-47b6-a27b-b09245ec3204|rpc:10.1.0.4:42757|priority:1, 54373283-022a-4090-818d-dea0c6bd05a6|rpc:10.1.0.4:36791|priority:0] with ContainerStateMachine:uninitialized
2022-08-05 07:00:09,461 [pool-72-thread-1] INFO  server.RaftServerConfigKeys (ConfUtils.java:logGet(46)) - raft.server.rpc.timeout.min = 5s (custom)
2022-08-05 07:00:09,461 [pool-72-thread-1] INFO  server.RaftServerConfigKeys (ConfUtils.java:logGet(46)) - raft.server.rpc.timeout.max = 5200ms (custom)
2022-08-05 07:00:09,461 [pool-72-thread-1] INFO  server.RaftServerConfigKeys (ConfUtils.java:logGet(46)) - raft.server.rpc.sleep.time = 25ms (default)
2022-08-05 07:00:09,461 [pool-72-thread-1] INFO  server.RaftServerConfigKeys (ConfUtils.java:logGet(46)) - raft.server.rpc.slowness.timeout = 300s (custom)
2022-08-05 07:00:09,461 [pool-72-thread-1] INFO  server.RaftServerConfigKeys (ConfUtils.java:logGet(46)) - raft.server.leaderelection.leader.step-down.wait-time = 10s (default)
2022-08-05 07:00:09,461 [pool-72-thread-1] INFO  server.RaftServerConfigKeys (ConfUtils.java:logGet(46)) - raft.server.sleep.deviation.threshold = 300ms (default)
2022-08-05 07:00:09,462 [pool-72-thread-1] INFO  server.RaftServer$Division (ServerState.java:<init>(107)) - 6678316d-e7a5-47b6-a27b-b09245ec3204@group-DD057345D6D6: ConfigurationManager, init=-1: [26ed2a23-8c6e-4428-ad05-eb8a9d9728b7|rpc:10.1.0.4:34613|priority:0, 6678316d-e7a5-47b6-a27b-b09245ec3204|rpc:10.1.0.4:42757|priority:1, 54373283-022a-4090-818d-dea0c6bd05a6|rpc:10.1.0.4:36791|priority:0], old=null, confs=<EMPTY_MAP>
2022-08-05 07:00:09,462 [pool-72-thread-1] INFO  server.RaftServerConfigKeys (ConfUtils.java:logGet(46)) - raft.server.storage.dir = [/home/runner/work/ozone/ozone/hadoop-ozone/integration-test/target/test-dir/MiniOzoneClusterImpl-bb0a6680-cc6d-4375-b258-2c4cc626dd81/datanode-0/data/ratis] (custom)
2022-08-05 07:00:09,462 [pool-72-thread-1] INFO  server.RaftServerConfigKeys (ConfUtils.java:logGet(46)) - raft.server.log.corruption.policy = EXCEPTION (default)
2022-08-05 07:00:09,462 [pool-72-thread-1] INFO  server.RaftServerConfigKeys (ConfUtils.java:logGet(46)) - raft.server.storage.free-space.min = 0MB (=0) (default)
2022-08-05 07:00:09,462 [pool-72-thread-1] INFO  storage.RaftStorageDirectory (RaftStorageDirectoryImpl.java:analyzeStorage(135)) - The storage directory /home/runner/work/ozone/ozone/hadoop-ozone/integration-test/target/test-dir/MiniOzoneClusterImpl-bb0a6680-cc6d-4375-b258-2c4cc626dd81/datanode-0/data/ratis/8b4046ea-b70d-41a3-b699-dd057345d6d6 does not exist. Creating ...
2022-08-05 07:00:09,464 [pool-72-thread-1] INFO  storage.RaftStorageDirectory (RaftStorageDirectoryImpl.java:tryLock(230)) - Lock on /home/runner/work/ozone/ozone/hadoop-ozone/integration-test/target/test-dir/MiniOzoneClusterImpl-bb0a6680-cc6d-4375-b258-2c4cc626dd81/datanode-0/data/ratis/8b4046ea-b70d-41a3-b699-dd057345d6d6/in_use.lock acquired by nodename 7742@fv-az21-954
2022-08-05 07:00:09,465 [pool-72-thread-1] INFO  storage.RaftStorage (RaftStorageImpl.java:format(89)) - Storage directory /home/runner/work/ozone/ozone/hadoop-ozone/integration-test/target/test-dir/MiniOzoneClusterImpl-bb0a6680-cc6d-4375-b258-2c4cc626dd81/datanode-0/data/ratis/8b4046ea-b70d-41a3-b699-dd057345d6d6 has been successfully formatted.
2022-08-05 07:00:09,467 [pool-72-thread-1] INFO  ratis.ContainerStateMachine (ContainerStateMachine.java:loadSnapshot(236)) - group-DD057345D6D6: The snapshot info is null. Setting the last applied indexto:(t:0, i:~)
2022-08-05 07:00:09,467 [pool-72-thread-1] INFO  server.RaftServerConfigKeys (ConfUtils.java:logGet(46)) - raft.server.notification.no-leader.timeout = 300s (custom)
2022-08-05 07:00:09,467 [pool-72-thread-1] INFO  server.RaftServerConfigKeys (ConfUtils.java:logGet(46)) - raft.server.log.use.memory = false (default)
2022-08-05 07:00:09,467 [pool-72-thread-1] INFO  server.RaftServerConfigKeys (ConfUtils.java:logGet(46)) - raft.server.log.purge.gap = 1000000 (custom)
2022-08-05 07:00:09,467 [pool-72-thread-1] INFO  server.RaftServerConfigKeys (ConfUtils.java:logGet(46)) - raft.server.log.appender.buffer.byte-limit = 33554432 (custom)
2022-08-05 07:00:09,467 [pool-72-thread-1] INFO  server.RaftServerConfigKeys (ConfUtils.java:logGet(46)) - raft.server.log.statemachine.data.read.timeout = 1000ms (default)
2022-08-05 07:00:09,467 [EventQueue-OpenPipelineForHealthyPipelineSafeModeRule] INFO  safemode.SCMSafeModeManager (HealthyPipelineSafeModeRule.java:process(137)) - SCM in safe mode. Healthy pipelines reported count is 0, required healthy pipeline reported count is 1
2022-08-05 07:00:09,468 [pool-72-thread-1] INFO  server.RaftServerConfigKeys (ConfUtils.java:logGet(46)) - raft.server.log.segment.size.max = 1048576 (custom)
2022-08-05 07:00:09,470 [pool-72-thread-1] INFO  server.RaftServerConfigKeys (ConfUtils.java:logGet(46)) - raft.server.log.segment.cache.num.max = 2 (custom)
2022-08-05 07:00:09,470 [pool-72-thread-1] INFO  server.RaftServerConfigKeys (ConfUtils.java:logGet(46)) - raft.server.log.segment.cache.size.max = 200MB (=209715200) (default)
2022-08-05 07:00:09,470 [pool-72-thread-1] INFO  segmented.SegmentedRaftLogWorker (SegmentedRaftLogWorker.java:<init>(187)) - new 6678316d-e7a5-47b6-a27b-b09245ec3204@group-DD057345D6D6-SegmentedRaftLogWorker for RaftStorageImpl:Storage Directory /home/runner/work/ozone/ozone/hadoop-ozone/integration-test/target/test-dir/MiniOzoneClusterImpl-bb0a6680-cc6d-4375-b258-2c4cc626dd81/datanode-0/data/ratis/8b4046ea-b70d-41a3-b699-dd057345d6d6
2022-08-05 07:00:09,470 [pool-72-thread-1] INFO  server.RaftServerConfigKeys (ConfUtils.java:logGet(46)) - raft.server.log.queue.byte-limit = 4294967296 (custom)
2022-08-05 07:00:09,470 [pool-72-thread-1] INFO  server.RaftServerConfigKeys (ConfUtils.java:logGet(46)) - raft.server.log.queue.element-limit = 1024 (custom)
2022-08-05 07:00:09,470 [pool-72-thread-1] INFO  server.RaftServerConfigKeys (ConfUtils.java:logGet(46)) - raft.server.log.segment.size.max = 1048576 (custom)
2022-08-05 07:00:09,470 [pool-72-thread-1] INFO  server.RaftServerConfigKeys (ConfUtils.java:logGet(46)) - raft.server.log.preallocated.size = 16384 (custom)
2022-08-05 07:00:09,470 [pool-72-thread-1] INFO  server.RaftServerConfigKeys (ConfUtils.java:logGet(46)) - raft.server.log.force.sync.num = 128 (default)
2022-08-05 07:00:09,470 [pool-72-thread-1] INFO  server.RaftServerConfigKeys (ConfUtils.java:logGet(46)) - raft.server.log.statemachine.data.sync = true (default)
2022-08-05 07:00:09,470 [pool-72-thread-1] INFO  server.RaftServerConfigKeys (ConfUtils.java:logGet(46)) - raft.server.log.statemachine.data.sync.timeout = 10s (default)
2022-08-05 07:00:09,470 [pool-72-thread-1] INFO  server.RaftServerConfigKeys (ConfUtils.java:logGet(46)) - raft.server.log.statemachine.data.sync.timeout.retry = -1 (default)
2022-08-05 07:00:09,471 [pool-72-thread-1] INFO  server.RaftServerConfigKeys (ConfUtils.java:logGet(46)) - raft.server.log.write.buffer.size = 1048576 (custom)
2022-08-05 07:00:09,472 [pool-72-thread-1] INFO  server.RaftServerConfigKeys (ConfUtils.java:logGet(46)) - raft.server.log.unsafe-flush.enabled = false (default)
2022-08-05 07:00:09,472 [pool-72-thread-1] INFO  server.RaftServerConfigKeys (ConfUtils.java:logGet(46)) - raft.server.log.statemachine.data.caching.enabled = true (custom)
2022-08-05 07:00:09,473 [pool-72-thread-1] INFO  segmented.SegmentedRaftLogWorker (SegmentedRaftLogWorker.java:lambda$new$0(135)) - 6678316d-e7a5-47b6-a27b-b09245ec3204@group-DD057345D6D6-SegmentedRaftLogWorker: flushIndex: setUnconditionally 0 -> -1
2022-08-05 07:00:09,473 [pool-72-thread-1] INFO  segmented.SegmentedRaftLogWorker (SegmentedRaftLogWorker.java:lambda$new$0(135)) - 6678316d-e7a5-47b6-a27b-b09245ec3204@group-DD057345D6D6-SegmentedRaftLogWorker: safeCacheEvictIndex: setUnconditionally 0 -> -1
2022-08-05 07:00:09,473 [pool-72-thread-1] INFO  server.RaftServerConfigKeys (ConfUtils.java:logGet(46)) - raft.server.snapshot.auto.trigger.enabled = true (custom)
2022-08-05 07:00:09,473 [pool-72-thread-1] INFO  server.RaftServerConfigKeys (ConfUtils.java:logGet(46)) - raft.server.snapshot.auto.trigger.threshold = 10000 (custom)
2022-08-05 07:00:09,473 [pool-72-thread-1] INFO  server.RaftServerConfigKeys (ConfUtils.java:logGet(46)) - raft.server.snapshot.retention.file.num = 5 (custom)
2022-08-05 07:00:09,473 [pool-72-thread-1] INFO  server.RaftServerConfigKeys (ConfUtils.java:logGet(46)) - raft.server.log.purge.upto.snapshot.index = false (default)
2022-08-05 07:00:09,473 [pool-72-thread-1] INFO  server.RaftServerConfigKeys (ConfUtils.java:logGet(46)) - raft.server.retrycache.expirytime = 600000ms (custom)
2022-08-05 07:00:09,473 [pool-72-thread-1] INFO  server.RaftServerConfigKeys (ConfUtils.java:logGet(46)) - raft.server.retrycache.statistics.expirytime = 100μs (default)
2022-08-05 07:00:09,475 [pool-72-thread-1] INFO  server.RaftServerConfigKeys (ConfUtils.java:logGet(46)) - raft.server.log.appender.install.snapshot.enabled = false (custom)
2022-08-05 07:00:09,475 [pool-72-thread-1] INFO  server.RaftServerConfigKeys (ConfUtils.java:logGet(46)) - raft.server.threadpool.server.cached = true (default)
2022-08-05 07:00:09,475 [pool-72-thread-1] INFO  server.RaftServerConfigKeys (ConfUtils.java:logGet(46)) - raft.server.threadpool.server.size = 0 (default)
2022-08-05 07:00:09,475 [pool-72-thread-1] INFO  server.RaftServerConfigKeys (ConfUtils.java:logGet(46)) - raft.server.threadpool.client.cached = true (default)
2022-08-05 07:00:09,475 [pool-72-thread-1] INFO  server.RaftServerConfigKeys (ConfUtils.java:logGet(46)) - raft.server.threadpool.client.size = 0 (default)
2022-08-05 07:00:09,475 [pool-72-thread-1] INFO  server.RaftServer$Division (RaftServerImpl.java:start(310)) - 6678316d-e7a5-47b6-a27b-b09245ec3204@group-DD057345D6D6: start as a follower, conf=-1: [26ed2a23-8c6e-4428-ad05-eb8a9d9728b7|rpc:10.1.0.4:34613|priority:0, 6678316d-e7a5-47b6-a27b-b09245ec3204|rpc:10.1.0.4:42757|priority:1, 54373283-022a-4090-818d-dea0c6bd05a6|rpc:10.1.0.4:36791|priority:0], old=null
2022-08-05 07:00:09,475 [pool-72-thread-1] INFO  server.RaftServer$Division (RaftServerImpl.java:setRole(299)) - 6678316d-e7a5-47b6-a27b-b09245ec3204@group-DD057345D6D6: changes role from      null to FOLLOWER at term 0 for startAsFollower
2022-08-05 07:00:09,475 [pool-72-thread-1] INFO  impl.RoleInfo (RoleInfo.java:updateAndGet(139)) - 6678316d-e7a5-47b6-a27b-b09245ec3204: start 6678316d-e7a5-47b6-a27b-b09245ec3204@group-DD057345D6D6-FollowerState
2022-08-05 07:00:09,475 [pool-72-thread-1] INFO  util.JmxRegister (JmxRegister.java:tryRegister(44)) - Successfully registered JMX Bean with object name Ratis:service=RaftServer,group=group-DD057345D6D6,id=6678316d-e7a5-47b6-a27b-b09245ec3204
2022-08-05 07:00:09,476 [Command processor thread] INFO  ratis.XceiverServerRatis (XceiverServerRatis.java:addGroup(765)) - Created group PipelineID=8b4046ea-b70d-41a3-b699-dd057345d6d6
2022-08-05 07:00:09,906 [Command processor thread] INFO  server.RaftServer (RaftServerProxy.java:addNew(96)) - 54373283-022a-4090-818d-dea0c6bd05a6: addNew group-60B3A6B5D6DA:[54373283-022a-4090-818d-dea0c6bd05a6|rpc:10.1.0.4:36791|priority:1] returns group-60B3A6B5D6DA:java.util.concurrent.CompletableFuture@7a01df63[Not completed]
2022-08-05 07:00:09,914 [pool-95-thread-1] INFO  server.RaftServer$Division (RaftServerImpl.java:<init>(190)) - 54373283-022a-4090-818d-dea0c6bd05a6: new RaftServerImpl for group-60B3A6B5D6DA:[54373283-022a-4090-818d-dea0c6bd05a6|rpc:10.1.0.4:36791|priority:1] with ContainerStateMachine:uninitialized
2022-08-05 07:00:09,914 [pool-95-thread-1] INFO  server.RaftServerConfigKeys (ConfUtils.java:logGet(46)) - raft.server.rpc.timeout.min = 5s (custom)
2022-08-05 07:00:09,914 [pool-95-thread-1] INFO  server.RaftServerConfigKeys (ConfUtils.java:logGet(46)) - raft.server.rpc.timeout.max = 5200ms (custom)
2022-08-05 07:00:09,914 [pool-95-thread-1] INFO  server.RaftServerConfigKeys (ConfUtils.java:logGet(46)) - raft.server.rpc.sleep.time = 25ms (default)
2022-08-05 07:00:09,914 [pool-95-thread-1] INFO  server.RaftServerConfigKeys (ConfUtils.java:logGet(46)) - raft.server.rpc.slowness.timeout = 300s (custom)
2022-08-05 07:00:09,914 [pool-95-thread-1] INFO  server.RaftServerConfigKeys (ConfUtils.java:logGet(46)) - raft.server.leaderelection.leader.step-down.wait-time = 10s (default)
2022-08-05 07:00:09,914 [pool-95-thread-1] INFO  server.RaftServerConfigKeys (ConfUtils.java:logGet(46)) - raft.server.sleep.deviation.threshold = 300ms (default)
2022-08-05 07:00:09,914 [pool-95-thread-1] INFO  server.RaftServer$Division (ServerState.java:<init>(107)) - 54373283-022a-4090-818d-dea0c6bd05a6@group-60B3A6B5D6DA: ConfigurationManager, init=-1: [54373283-022a-4090-818d-dea0c6bd05a6|rpc:10.1.0.4:36791|priority:1], old=null, confs=<EMPTY_MAP>
2022-08-05 07:00:09,915 [pool-95-thread-1] INFO  server.RaftServerConfigKeys (ConfUtils.java:logGet(46)) - raft.server.storage.dir = [/home/runner/work/ozone/ozone/hadoop-ozone/integration-test/target/test-dir/MiniOzoneClusterImpl-bb0a6680-cc6d-4375-b258-2c4cc626dd81/datanode-1/data/ratis] (custom)
2022-08-05 07:00:09,915 [pool-95-thread-1] INFO  server.RaftServerConfigKeys (ConfUtils.java:logGet(46)) - raft.server.log.corruption.policy = EXCEPTION (default)
2022-08-05 07:00:09,915 [pool-95-thread-1] INFO  server.RaftServerConfigKeys (ConfUtils.java:logGet(46)) - raft.server.storage.free-space.min = 0MB (=0) (default)
2022-08-05 07:00:09,915 [pool-95-thread-1] INFO  storage.RaftStorageDirectory (RaftStorageDirectoryImpl.java:analyzeStorage(135)) - The storage directory /home/runner/work/ozone/ozone/hadoop-ozone/integration-test/target/test-dir/MiniOzoneClusterImpl-bb0a6680-cc6d-4375-b258-2c4cc626dd81/datanode-1/data/ratis/2631ec8a-f976-4b16-9106-60b3a6b5d6da does not exist. Creating ...
2022-08-05 07:00:09,916 [pool-95-thread-1] INFO  storage.RaftStorageDirectory (RaftStorageDirectoryImpl.java:tryLock(230)) - Lock on /home/runner/work/ozone/ozone/hadoop-ozone/integration-test/target/test-dir/MiniOzoneClusterImpl-bb0a6680-cc6d-4375-b258-2c4cc626dd81/datanode-1/data/ratis/2631ec8a-f976-4b16-9106-60b3a6b5d6da/in_use.lock acquired by nodename 7742@fv-az21-954
2022-08-05 07:00:09,918 [pool-95-thread-1] INFO  storage.RaftStorage (RaftStorageImpl.java:format(89)) - Storage directory /home/runner/work/ozone/ozone/hadoop-ozone/integration-test/target/test-dir/MiniOzoneClusterImpl-bb0a6680-cc6d-4375-b258-2c4cc626dd81/datanode-1/data/ratis/2631ec8a-f976-4b16-9106-60b3a6b5d6da has been successfully formatted.
2022-08-05 07:00:09,921 [EventQueue-PipelineReportForPipelineReportHandler] INFO  pipeline.PipelineManagerImpl (PipelineManagerImpl.java:openPipeline(367)) - Pipeline Pipeline[ Id: 2631ec8a-f976-4b16-9106-60b3a6b5d6da, Nodes: 54373283-022a-4090-818d-dea0c6bd05a6{ip: 10.1.0.4, host: fv-az21-954.v4iizcarkezebbfea14bcgzyke.bx.internal.cloudapp.net, ports: [REPLICATION=44105, RATIS=36791, RATIS_ADMIN=36791, RATIS_SERVER=36791, STANDALONE=41583], networkLocation: /default-rack, certSerialId: null, persistedOpState: IN_SERVICE, persistedOpStateExpiryEpochSec: 0}, ReplicationConfig: RATIS/ONE, State:ALLOCATED, leaderId:54373283-022a-4090-818d-dea0c6bd05a6, CreationTimestamp2022-08-05T07:00:06.908Z[Etc/UTC]] moved to OPEN state
2022-08-05 07:00:09,923 [EventQueue-OpenPipelineForHealthyPipelineSafeModeRule] INFO  safemode.SCMSafeModeManager (HealthyPipelineSafeModeRule.java:process(137)) - SCM in safe mode. Healthy pipelines reported count is 0, required healthy pipeline reported count is 1
2022-08-05 07:00:09,920 [pool-95-thread-1] INFO  ratis.ContainerStateMachine (ContainerStateMachine.java:loadSnapshot(236)) - group-60B3A6B5D6DA: The snapshot info is null. Setting the last applied indexto:(t:0, i:~)
2022-08-05 07:00:09,928 [pool-95-thread-1] INFO  server.RaftServerConfigKeys (ConfUtils.java:logGet(46)) - raft.server.notification.no-leader.timeout = 300s (custom)
2022-08-05 07:00:09,928 [pool-95-thread-1] INFO  server.RaftServerConfigKeys (ConfUtils.java:logGet(46)) - raft.server.log.use.memory = false (default)
2022-08-05 07:00:09,928 [pool-95-thread-1] INFO  server.RaftServerConfigKeys (ConfUtils.java:logGet(46)) - raft.server.log.purge.gap = 1000000 (custom)
2022-08-05 07:00:09,928 [pool-95-thread-1] INFO  server.RaftServerConfigKeys (ConfUtils.java:logGet(46)) - raft.server.log.appender.buffer.byte-limit = 33554432 (custom)
2022-08-05 07:00:09,929 [pool-95-thread-1] INFO  server.RaftServerConfigKeys (ConfUtils.java:logGet(46)) - raft.server.log.statemachine.data.read.timeout = 1000ms (default)
2022-08-05 07:00:09,931 [pool-95-thread-1] INFO  server.RaftServerConfigKeys (ConfUtils.java:logGet(46)) - raft.server.log.segment.size.max = 1048576 (custom)
2022-08-05 07:00:09,931 [pool-95-thread-1] INFO  server.RaftServerConfigKeys (ConfUtils.java:logGet(46)) - raft.server.log.segment.cache.num.max = 2 (custom)
2022-08-05 07:00:09,931 [pool-95-thread-1] INFO  server.RaftServerConfigKeys (ConfUtils.java:logGet(46)) - raft.server.log.segment.cache.size.max = 200MB (=209715200) (default)
2022-08-05 07:00:09,931 [pool-95-thread-1] INFO  segmented.SegmentedRaftLogWorker (SegmentedRaftLogWorker.java:<init>(187)) - new 54373283-022a-4090-818d-dea0c6bd05a6@group-60B3A6B5D6DA-SegmentedRaftLogWorker for RaftStorageImpl:Storage Directory /home/runner/work/ozone/ozone/hadoop-ozone/integration-test/target/test-dir/MiniOzoneClusterImpl-bb0a6680-cc6d-4375-b258-2c4cc626dd81/datanode-1/data/ratis/2631ec8a-f976-4b16-9106-60b3a6b5d6da
2022-08-05 07:00:09,931 [pool-95-thread-1] INFO  server.RaftServerConfigKeys (ConfUtils.java:logGet(46)) - raft.server.log.queue.byte-limit = 4294967296 (custom)
2022-08-05 07:00:09,931 [pool-95-thread-1] INFO  server.RaftServerConfigKeys (ConfUtils.java:logGet(46)) - raft.server.log.queue.element-limit = 1024 (custom)
2022-08-05 07:00:09,931 [pool-95-thread-1] INFO  server.RaftServerConfigKeys (ConfUtils.java:logGet(46)) - raft.server.log.segment.size.max = 1048576 (custom)
2022-08-05 07:00:09,931 [pool-95-thread-1] INFO  server.RaftServerConfigKeys (ConfUtils.java:logGet(46)) - raft.server.log.preallocated.size = 16384 (custom)
2022-08-05 07:00:09,931 [pool-95-thread-1] INFO  server.RaftServerConfigKeys (ConfUtils.java:logGet(46)) - raft.server.log.force.sync.num = 128 (default)
2022-08-05 07:00:09,932 [pool-95-thread-1] INFO  server.RaftServerConfigKeys (ConfUtils.java:logGet(46)) - raft.server.log.statemachine.data.sync = true (default)
2022-08-05 07:00:09,932 [pool-95-thread-1] INFO  server.RaftServerConfigKeys (ConfUtils.java:logGet(46)) - raft.server.log.statemachine.data.sync.timeout = 10s (default)
2022-08-05 07:00:09,932 [pool-95-thread-1] INFO  server.RaftServerConfigKeys (ConfUtils.java:logGet(46)) - raft.server.log.statemachine.data.sync.timeout.retry = -1 (default)
2022-08-05 07:00:09,935 [pool-95-thread-1] INFO  server.RaftServerConfigKeys (ConfUtils.java:logGet(46)) - raft.server.log.write.buffer.size = 1048576 (custom)
2022-08-05 07:00:09,936 [pool-95-thread-1] INFO  server.RaftServerConfigKeys (ConfUtils.java:logGet(46)) - raft.server.log.unsafe-flush.enabled = false (default)
2022-08-05 07:00:09,936 [pool-95-thread-1] INFO  server.RaftServerConfigKeys (ConfUtils.java:logGet(46)) - raft.server.log.statemachine.data.caching.enabled = true (custom)
2022-08-05 07:00:09,936 [pool-95-thread-1] INFO  segmented.SegmentedRaftLogWorker (SegmentedRaftLogWorker.java:lambda$new$0(135)) - 54373283-022a-4090-818d-dea0c6bd05a6@group-60B3A6B5D6DA-SegmentedRaftLogWorker: flushIndex: setUnconditionally 0 -> -1
2022-08-05 07:00:09,936 [pool-95-thread-1] INFO  segmented.SegmentedRaftLogWorker (SegmentedRaftLogWorker.java:lambda$new$0(135)) - 54373283-022a-4090-818d-dea0c6bd05a6@group-60B3A6B5D6DA-SegmentedRaftLogWorker: safeCacheEvictIndex: setUnconditionally 0 -> -1
2022-08-05 07:00:09,937 [pool-95-thread-1] INFO  server.RaftServerConfigKeys (ConfUtils.java:logGet(46)) - raft.server.snapshot.auto.trigger.enabled = true (custom)
2022-08-05 07:00:09,937 [pool-95-thread-1] INFO  server.RaftServerConfigKeys (ConfUtils.java:logGet(46)) - raft.server.snapshot.auto.trigger.threshold = 10000 (custom)
2022-08-05 07:00:09,937 [pool-95-thread-1] INFO  server.RaftServerConfigKeys (ConfUtils.java:logGet(46)) - raft.server.snapshot.retention.file.num = 5 (custom)
2022-08-05 07:00:09,937 [pool-95-thread-1] INFO  server.RaftServerConfigKeys (ConfUtils.java:logGet(46)) - raft.server.log.purge.upto.snapshot.index = false (default)
2022-08-05 07:00:09,937 [pool-95-thread-1] INFO  server.RaftServerConfigKeys (ConfUtils.java:logGet(46)) - raft.server.retrycache.expirytime = 600000ms (custom)
2022-08-05 07:00:09,937 [pool-95-thread-1] INFO  server.RaftServerConfigKeys (ConfUtils.java:logGet(46)) - raft.server.retrycache.statistics.expirytime = 100μs (default)
2022-08-05 07:00:09,938 [pool-95-thread-1] INFO  server.RaftServerConfigKeys (ConfUtils.java:logGet(46)) - raft.server.log.appender.install.snapshot.enabled = false (custom)
2022-08-05 07:00:09,938 [pool-95-thread-1] INFO  server.RaftServerConfigKeys (ConfUtils.java:logGet(46)) - raft.server.threadpool.server.cached = true (default)
2022-08-05 07:00:09,938 [pool-95-thread-1] INFO  server.RaftServerConfigKeys (ConfUtils.java:logGet(46)) - raft.server.threadpool.server.size = 0 (default)
2022-08-05 07:00:09,938 [pool-95-thread-1] INFO  server.RaftServerConfigKeys (ConfUtils.java:logGet(46)) - raft.server.threadpool.client.cached = true (default)
2022-08-05 07:00:09,938 [pool-95-thread-1] INFO  server.RaftServerConfigKeys (ConfUtils.java:logGet(46)) - raft.server.threadpool.client.size = 0 (default)
2022-08-05 07:00:09,939 [pool-95-thread-1] INFO  server.RaftServer$Division (RaftServerImpl.java:start(310)) - 54373283-022a-4090-818d-dea0c6bd05a6@group-60B3A6B5D6DA: start as a follower, conf=-1: [54373283-022a-4090-818d-dea0c6bd05a6|rpc:10.1.0.4:36791|priority:1], old=null
2022-08-05 07:00:09,939 [pool-95-thread-1] INFO  server.RaftServer$Division (RaftServerImpl.java:setRole(299)) - 54373283-022a-4090-818d-dea0c6bd05a6@group-60B3A6B5D6DA: changes role from      null to FOLLOWER at term 0 for startAsFollower
2022-08-05 07:00:09,939 [pool-95-thread-1] INFO  impl.RoleInfo (RoleInfo.java:updateAndGet(139)) - 54373283-022a-4090-818d-dea0c6bd05a6: start 54373283-022a-4090-818d-dea0c6bd05a6@group-60B3A6B5D6DA-FollowerState
2022-08-05 07:00:09,949 [pool-95-thread-1] INFO  util.JmxRegister (JmxRegister.java:tryRegister(44)) - Successfully registered JMX Bean with object name Ratis:service=RaftServer,group=group-60B3A6B5D6DA,id=54373283-022a-4090-818d-dea0c6bd05a6
2022-08-05 07:00:09,952 [Command processor thread] INFO  ratis.XceiverServerRatis (XceiverServerRatis.java:addGroup(765)) - Created group PipelineID=2631ec8a-f976-4b16-9106-60b3a6b5d6da
2022-08-05 07:00:09,952 [Command processor thread] INFO  commandhandler.CreatePipelineCommandHandler (CreatePipelineCommandHandler.java:handle(113)) - Created Pipeline RATIS ONE PipelineID=2631ec8a-f976-4b16-9106-60b3a6b5d6da.
2022-08-05 07:00:09,952 [Command processor thread] INFO  server.RaftServer (RaftServerProxy.java:addNew(96)) - 54373283-022a-4090-818d-dea0c6bd05a6: addNew group-DD057345D6D6:[26ed2a23-8c6e-4428-ad05-eb8a9d9728b7|rpc:10.1.0.4:34613|priority:0, 6678316d-e7a5-47b6-a27b-b09245ec3204|rpc:10.1.0.4:42757|priority:1, 54373283-022a-4090-818d-dea0c6bd05a6|rpc:10.1.0.4:36791|priority:0] returns group-DD057345D6D6:java.util.concurrent.CompletableFuture@7e3e44fb[Not completed]
2022-08-05 07:00:09,954 [pool-95-thread-1] INFO  server.RaftServer$Division (RaftServerImpl.java:<init>(190)) - 54373283-022a-4090-818d-dea0c6bd05a6: new RaftServerImpl for group-DD057345D6D6:[26ed2a23-8c6e-4428-ad05-eb8a9d9728b7|rpc:10.1.0.4:34613|priority:0, 6678316d-e7a5-47b6-a27b-b09245ec3204|rpc:10.1.0.4:42757|priority:1, 54373283-022a-4090-818d-dea0c6bd05a6|rpc:10.1.0.4:36791|priority:0] with ContainerStateMachine:uninitialized
2022-08-05 07:00:09,954 [pool-95-thread-1] INFO  server.RaftServerConfigKeys (ConfUtils.java:logGet(46)) - raft.server.rpc.timeout.min = 5s (custom)
2022-08-05 07:00:09,954 [pool-95-thread-1] INFO  server.RaftServerConfigKeys (ConfUtils.java:logGet(46)) - raft.server.rpc.timeout.max = 5200ms (custom)
2022-08-05 07:00:09,954 [pool-95-thread-1] INFO  server.RaftServerConfigKeys (ConfUtils.java:logGet(46)) - raft.server.rpc.sleep.time = 25ms (default)
2022-08-05 07:00:09,954 [pool-95-thread-1] INFO  server.RaftServerConfigKeys (ConfUtils.java:logGet(46)) - raft.server.rpc.slowness.timeout = 300s (custom)
2022-08-05 07:00:09,954 [pool-95-thread-1] INFO  server.RaftServerConfigKeys (ConfUtils.java:logGet(46)) - raft.server.leaderelection.leader.step-down.wait-time = 10s (default)
2022-08-05 07:00:09,954 [pool-95-thread-1] INFO  server.RaftServerConfigKeys (ConfUtils.java:logGet(46)) - raft.server.sleep.deviation.threshold = 300ms (default)
2022-08-05 07:00:09,954 [pool-95-thread-1] INFO  server.RaftServer$Division (ServerState.java:<init>(107)) - 54373283-022a-4090-818d-dea0c6bd05a6@group-DD057345D6D6: ConfigurationManager, init=-1: [26ed2a23-8c6e-4428-ad05-eb8a9d9728b7|rpc:10.1.0.4:34613|priority:0, 6678316d-e7a5-47b6-a27b-b09245ec3204|rpc:10.1.0.4:42757|priority:1, 54373283-022a-4090-818d-dea0c6bd05a6|rpc:10.1.0.4:36791|priority:0], old=null, confs=<EMPTY_MAP>
2022-08-05 07:00:09,954 [pool-95-thread-1] INFO  server.RaftServerConfigKeys (ConfUtils.java:logGet(46)) - raft.server.storage.dir = [/home/runner/work/ozone/ozone/hadoop-ozone/integration-test/target/test-dir/MiniOzoneClusterImpl-bb0a6680-cc6d-4375-b258-2c4cc626dd81/datanode-1/data/ratis] (custom)
2022-08-05 07:00:09,974 [pool-95-thread-1] INFO  server.RaftServerConfigKeys (ConfUtils.java:logGet(46)) - raft.server.log.corruption.policy = EXCEPTION (default)
2022-08-05 07:00:09,975 [pool-95-thread-1] INFO  server.RaftServerConfigKeys (ConfUtils.java:logGet(46)) - raft.server.storage.free-space.min = 0MB (=0) (default)
2022-08-05 07:00:09,975 [pool-95-thread-1] INFO  storage.RaftStorageDirectory (RaftStorageDirectoryImpl.java:analyzeStorage(135)) - The storage directory /home/runner/work/ozone/ozone/hadoop-ozone/integration-test/target/test-dir/MiniOzoneClusterImpl-bb0a6680-cc6d-4375-b258-2c4cc626dd81/datanode-1/data/ratis/8b4046ea-b70d-41a3-b699-dd057345d6d6 does not exist. Creating ...
2022-08-05 07:00:09,976 [pool-95-thread-1] INFO  storage.RaftStorageDirectory (RaftStorageDirectoryImpl.java:tryLock(230)) - Lock on /home/runner/work/ozone/ozone/hadoop-ozone/integration-test/target/test-dir/MiniOzoneClusterImpl-bb0a6680-cc6d-4375-b258-2c4cc626dd81/datanode-1/data/ratis/8b4046ea-b70d-41a3-b699-dd057345d6d6/in_use.lock acquired by nodename 7742@fv-az21-954
2022-08-05 07:00:09,981 [pool-95-thread-1] INFO  storage.RaftStorage (RaftStorageImpl.java:format(89)) - Storage directory /home/runner/work/ozone/ozone/hadoop-ozone/integration-test/target/test-dir/MiniOzoneClusterImpl-bb0a6680-cc6d-4375-b258-2c4cc626dd81/datanode-1/data/ratis/8b4046ea-b70d-41a3-b699-dd057345d6d6 has been successfully formatted.
2022-08-05 07:00:09,981 [pool-95-thread-1] INFO  ratis.ContainerStateMachine (ContainerStateMachine.java:loadSnapshot(236)) - group-DD057345D6D6: The snapshot info is null. Setting the last applied indexto:(t:0, i:~)
2022-08-05 07:00:09,981 [pool-95-thread-1] INFO  server.RaftServerConfigKeys (ConfUtils.java:logGet(46)) - raft.server.notification.no-leader.timeout = 300s (custom)
2022-08-05 07:00:09,981 [pool-95-thread-1] INFO  server.RaftServerConfigKeys (ConfUtils.java:logGet(46)) - raft.server.log.use.memory = false (default)
2022-08-05 07:00:09,982 [pool-95-thread-1] INFO  server.RaftServerConfigKeys (ConfUtils.java:logGet(46)) - raft.server.log.purge.gap = 1000000 (custom)
2022-08-05 07:00:09,982 [pool-95-thread-1] INFO  server.RaftServerConfigKeys (ConfUtils.java:logGet(46)) - raft.server.log.appender.buffer.byte-limit = 33554432 (custom)
2022-08-05 07:00:09,982 [pool-95-thread-1] INFO  server.RaftServerConfigKeys (ConfUtils.java:logGet(46)) - raft.server.log.statemachine.data.read.timeout = 1000ms (default)
2022-08-05 07:00:09,982 [pool-95-thread-1] INFO  server.RaftServerConfigKeys (ConfUtils.java:logGet(46)) - raft.server.log.segment.size.max = 1048576 (custom)
2022-08-05 07:00:09,983 [pool-95-thread-1] INFO  server.RaftServerConfigKeys (ConfUtils.java:logGet(46)) - raft.server.log.segment.cache.num.max = 2 (custom)
2022-08-05 07:00:09,983 [pool-95-thread-1] INFO  server.RaftServerConfigKeys (ConfUtils.java:logGet(46)) - raft.server.log.segment.cache.size.max = 200MB (=209715200) (default)
2022-08-05 07:00:09,983 [pool-95-thread-1] INFO  segmented.SegmentedRaftLogWorker (SegmentedRaftLogWorker.java:<init>(187)) - new 54373283-022a-4090-818d-dea0c6bd05a6@group-DD057345D6D6-SegmentedRaftLogWorker for RaftStorageImpl:Storage Directory /home/runner/work/ozone/ozone/hadoop-ozone/integration-test/target/test-dir/MiniOzoneClusterImpl-bb0a6680-cc6d-4375-b258-2c4cc626dd81/datanode-1/data/ratis/8b4046ea-b70d-41a3-b699-dd057345d6d6
2022-08-05 07:00:09,983 [pool-95-thread-1] INFO  server.RaftServerConfigKeys (ConfUtils.java:logGet(46)) - raft.server.log.queue.byte-limit = 4294967296 (custom)
2022-08-05 07:00:09,983 [pool-95-thread-1] INFO  server.RaftServerConfigKeys (ConfUtils.java:logGet(46)) - raft.server.log.queue.element-limit = 1024 (custom)
2022-08-05 07:00:09,983 [pool-95-thread-1] INFO  server.RaftServerConfigKeys (ConfUtils.java:logGet(46)) - raft.server.log.segment.size.max = 1048576 (custom)
2022-08-05 07:00:09,983 [pool-95-thread-1] INFO  server.RaftServerConfigKeys (ConfUtils.java:logGet(46)) - raft.server.log.preallocated.size = 16384 (custom)
2022-08-05 07:00:09,983 [pool-95-thread-1] INFO  server.RaftServerConfigKeys (ConfUtils.java:logGet(46)) - raft.server.log.force.sync.num = 128 (default)
2022-08-05 07:00:09,983 [pool-95-thread-1] INFO  server.RaftServerConfigKeys (ConfUtils.java:logGet(46)) - raft.server.log.statemachine.data.sync = true (default)
2022-08-05 07:00:09,984 [pool-95-thread-1] INFO  server.RaftServerConfigKeys (ConfUtils.java:logGet(46)) - raft.server.log.statemachine.data.sync.timeout = 10s (default)
2022-08-05 07:00:09,984 [pool-95-thread-1] INFO  server.RaftServerConfigKeys (ConfUtils.java:logGet(46)) - raft.server.log.statemachine.data.sync.timeout.retry = -1 (default)
2022-08-05 07:00:09,984 [pool-95-thread-1] INFO  server.RaftServerConfigKeys (ConfUtils.java:logGet(46)) - raft.server.log.write.buffer.size = 1048576 (custom)
2022-08-05 07:00:09,985 [pool-95-thread-1] INFO  server.RaftServerConfigKeys (ConfUtils.java:logGet(46)) - raft.server.log.unsafe-flush.enabled = false (default)
2022-08-05 07:00:09,985 [pool-95-thread-1] INFO  server.RaftServerConfigKeys (ConfUtils.java:logGet(46)) - raft.server.log.statemachine.data.caching.enabled = true (custom)
2022-08-05 07:00:09,985 [pool-95-thread-1] INFO  segmented.SegmentedRaftLogWorker (SegmentedRaftLogWorker.java:lambda$new$0(135)) - 54373283-022a-4090-818d-dea0c6bd05a6@group-DD057345D6D6-SegmentedRaftLogWorker: flushIndex: setUnconditionally 0 -> -1
2022-08-05 07:00:09,989 [pool-95-thread-1] INFO  segmented.SegmentedRaftLogWorker (SegmentedRaftLogWorker.java:lambda$new$0(135)) - 54373283-022a-4090-818d-dea0c6bd05a6@group-DD057345D6D6-SegmentedRaftLogWorker: safeCacheEvictIndex: setUnconditionally 0 -> -1
2022-08-05 07:00:09,990 [pool-95-thread-1] INFO  server.RaftServerConfigKeys (ConfUtils.java:logGet(46)) - raft.server.snapshot.auto.trigger.enabled = true (custom)
2022-08-05 07:00:09,990 [pool-95-thread-1] INFO  server.RaftServerConfigKeys (ConfUtils.java:logGet(46)) - raft.server.snapshot.auto.trigger.threshold = 10000 (custom)
2022-08-05 07:00:09,990 [pool-95-thread-1] INFO  server.RaftServerConfigKeys (ConfUtils.java:logGet(46)) - raft.server.snapshot.retention.file.num = 5 (custom)
2022-08-05 07:00:09,990 [pool-95-thread-1] INFO  server.RaftServerConfigKeys (ConfUtils.java:logGet(46)) - raft.server.log.purge.upto.snapshot.index = false (default)
2022-08-05 07:00:09,990 [pool-95-thread-1] INFO  server.RaftServerConfigKeys (ConfUtils.java:logGet(46)) - raft.server.retrycache.expirytime = 600000ms (custom)
2022-08-05 07:00:09,990 [pool-95-thread-1] INFO  server.RaftServerConfigKeys (ConfUtils.java:logGet(46)) - raft.server.retrycache.statistics.expirytime = 100μs (default)
2022-08-05 07:00:09,997 [pool-95-thread-1] INFO  server.RaftServerConfigKeys (ConfUtils.java:logGet(46)) - raft.server.log.appender.install.snapshot.enabled = false (custom)
2022-08-05 07:00:09,997 [pool-95-thread-1] INFO  server.RaftServerConfigKeys (ConfUtils.java:logGet(46)) - raft.server.threadpool.server.cached = true (default)
2022-08-05 07:00:09,997 [EventQueue-OpenPipelineForHealthyPipelineSafeModeRule] INFO  safemode.SCMSafeModeManager (HealthyPipelineSafeModeRule.java:process(137)) - SCM in safe mode. Healthy pipelines reported count is 0, required healthy pipeline reported count is 1
2022-08-05 07:00:09,997 [pool-95-thread-1] INFO  server.RaftServerConfigKeys (ConfUtils.java:logGet(46)) - raft.server.threadpool.server.size = 0 (default)
2022-08-05 07:00:09,997 [pool-95-thread-1] INFO  server.RaftServerConfigKeys (ConfUtils.java:logGet(46)) - raft.server.threadpool.client.cached = true (default)
2022-08-05 07:00:09,997 [pool-95-thread-1] INFO  server.RaftServerConfigKeys (ConfUtils.java:logGet(46)) - raft.server.threadpool.client.size = 0 (default)
2022-08-05 07:00:09,997 [pool-95-thread-1] INFO  server.RaftServer$Division (RaftServerImpl.java:start(310)) - 54373283-022a-4090-818d-dea0c6bd05a6@group-DD057345D6D6: start as a follower, conf=-1: [26ed2a23-8c6e-4428-ad05-eb8a9d9728b7|rpc:10.1.0.4:34613|priority:0, 6678316d-e7a5-47b6-a27b-b09245ec3204|rpc:10.1.0.4:42757|priority:1, 54373283-022a-4090-818d-dea0c6bd05a6|rpc:10.1.0.4:36791|priority:0], old=null
2022-08-05 07:00:09,997 [pool-95-thread-1] INFO  server.RaftServer$Division (RaftServerImpl.java:setRole(299)) - 54373283-022a-4090-818d-dea0c6bd05a6@group-DD057345D6D6: changes role from      null to FOLLOWER at term 0 for startAsFollower
2022-08-05 07:00:09,997 [pool-95-thread-1] INFO  impl.RoleInfo (RoleInfo.java:updateAndGet(139)) - 54373283-022a-4090-818d-dea0c6bd05a6: start 54373283-022a-4090-818d-dea0c6bd05a6@group-DD057345D6D6-FollowerState
2022-08-05 07:00:09,998 [pool-95-thread-1] INFO  util.JmxRegister (JmxRegister.java:tryRegister(44)) - Successfully registered JMX Bean with object name Ratis:service=RaftServer,group=group-DD057345D6D6,id=54373283-022a-4090-818d-dea0c6bd05a6
2022-08-05 07:00:09,998 [Command processor thread] INFO  ratis.XceiverServerRatis (XceiverServerRatis.java:addGroup(765)) - Created group PipelineID=8b4046ea-b70d-41a3-b699-dd057345d6d6
2022-08-05 07:00:10,097 [grpc-default-executor-0] INFO  server.RaftServer (RaftServerProxy.java:addNew(96)) - 26ed2a23-8c6e-4428-ad05-eb8a9d9728b7: addNew group-DD057345D6D6:[26ed2a23-8c6e-4428-ad05-eb8a9d9728b7|rpc:10.1.0.4:34613|dataStream:|priority:0, 6678316d-e7a5-47b6-a27b-b09245ec3204|rpc:10.1.0.4:42757|dataStream:|priority:1, 54373283-022a-4090-818d-dea0c6bd05a6|rpc:10.1.0.4:36791|dataStream:|priority:0] returns group-DD057345D6D6:java.util.concurrent.CompletableFuture@4e816605[Not completed]
2022-08-05 07:00:10,100 [pool-118-thread-1] INFO  server.RaftServer$Division (RaftServerImpl.java:<init>(190)) - 26ed2a23-8c6e-4428-ad05-eb8a9d9728b7: new RaftServerImpl for group-DD057345D6D6:[26ed2a23-8c6e-4428-ad05-eb8a9d9728b7|rpc:10.1.0.4:34613|dataStream:|priority:0, 6678316d-e7a5-47b6-a27b-b09245ec3204|rpc:10.1.0.4:42757|dataStream:|priority:1, 54373283-022a-4090-818d-dea0c6bd05a6|rpc:10.1.0.4:36791|dataStream:|priority:0] with ContainerStateMachine:uninitialized
2022-08-05 07:00:10,106 [pool-118-thread-1] INFO  server.RaftServerConfigKeys (ConfUtils.java:logGet(46)) - raft.server.rpc.timeout.min = 5s (custom)
2022-08-05 07:00:10,106 [pool-118-thread-1] INFO  server.RaftServerConfigKeys (ConfUtils.java:logGet(46)) - raft.server.rpc.timeout.max = 5200ms (custom)
2022-08-05 07:00:10,106 [pool-118-thread-1] INFO  server.RaftServerConfigKeys (ConfUtils.java:logGet(46)) - raft.server.rpc.sleep.time = 25ms (default)
2022-08-05 07:00:10,106 [pool-118-thread-1] INFO  server.RaftServerConfigKeys (ConfUtils.java:logGet(46)) - raft.server.rpc.slowness.timeout = 300s (custom)
2022-08-05 07:00:10,106 [pool-118-thread-1] INFO  server.RaftServerConfigKeys (ConfUtils.java:logGet(46)) - raft.server.leaderelection.leader.step-down.wait-time = 10s (default)
2022-08-05 07:00:10,106 [pool-118-thread-1] INFO  server.RaftServerConfigKeys (ConfUtils.java:logGet(46)) - raft.server.sleep.deviation.threshold = 300ms (default)
2022-08-05 07:00:10,106 [pool-118-thread-1] INFO  server.RaftServer$Division (ServerState.java:<init>(107)) - 26ed2a23-8c6e-4428-ad05-eb8a9d9728b7@group-DD057345D6D6: ConfigurationManager, init=-1: [26ed2a23-8c6e-4428-ad05-eb8a9d9728b7|rpc:10.1.0.4:34613|dataStream:|priority:0, 6678316d-e7a5-47b6-a27b-b09245ec3204|rpc:10.1.0.4:42757|dataStream:|priority:1, 54373283-022a-4090-818d-dea0c6bd05a6|rpc:10.1.0.4:36791|dataStream:|priority:0], old=null, confs=<EMPTY_MAP>
2022-08-05 07:00:10,106 [pool-118-thread-1] INFO  server.RaftServerConfigKeys (ConfUtils.java:logGet(46)) - raft.server.storage.dir = [/home/runner/work/ozone/ozone/hadoop-ozone/integration-test/target/test-dir/MiniOzoneClusterImpl-bb0a6680-cc6d-4375-b258-2c4cc626dd81/datanode-2/data/ratis] (custom)
2022-08-05 07:00:10,107 [pool-118-thread-1] INFO  server.RaftServerConfigKeys (ConfUtils.java:logGet(46)) - raft.server.log.corruption.policy = EXCEPTION (default)
2022-08-05 07:00:10,107 [pool-118-thread-1] INFO  server.RaftServerConfigKeys (ConfUtils.java:logGet(46)) - raft.server.storage.free-space.min = 0MB (=0) (default)
2022-08-05 07:00:10,108 [pool-118-thread-1] INFO  storage.RaftStorageDirectory (RaftStorageDirectoryImpl.java:analyzeStorage(135)) - The storage directory /home/runner/work/ozone/ozone/hadoop-ozone/integration-test/target/test-dir/MiniOzoneClusterImpl-bb0a6680-cc6d-4375-b258-2c4cc626dd81/datanode-2/data/ratis/8b4046ea-b70d-41a3-b699-dd057345d6d6 does not exist. Creating ...
2022-08-05 07:00:10,112 [pool-118-thread-1] INFO  storage.RaftStorageDirectory (RaftStorageDirectoryImpl.java:tryLock(230)) - Lock on /home/runner/work/ozone/ozone/hadoop-ozone/integration-test/target/test-dir/MiniOzoneClusterImpl-bb0a6680-cc6d-4375-b258-2c4cc626dd81/datanode-2/data/ratis/8b4046ea-b70d-41a3-b699-dd057345d6d6/in_use.lock acquired by nodename 7742@fv-az21-954
2022-08-05 07:00:10,113 [pool-118-thread-1] INFO  storage.RaftStorage (RaftStorageImpl.java:format(89)) - Storage directory /home/runner/work/ozone/ozone/hadoop-ozone/integration-test/target/test-dir/MiniOzoneClusterImpl-bb0a6680-cc6d-4375-b258-2c4cc626dd81/datanode-2/data/ratis/8b4046ea-b70d-41a3-b699-dd057345d6d6 has been successfully formatted.
2022-08-05 07:00:10,124 [pool-118-thread-1] INFO  ratis.ContainerStateMachine (ContainerStateMachine.java:loadSnapshot(236)) - group-DD057345D6D6: The snapshot info is null. Setting the last applied indexto:(t:0, i:~)
2022-08-05 07:00:10,128 [pool-118-thread-1] INFO  server.RaftServerConfigKeys (ConfUtils.java:logGet(46)) - raft.server.notification.no-leader.timeout = 300s (custom)
2022-08-05 07:00:10,128 [pool-118-thread-1] INFO  server.RaftServerConfigKeys (ConfUtils.java:logGet(46)) - raft.server.log.use.memory = false (default)
2022-08-05 07:00:10,128 [pool-118-thread-1] INFO  server.RaftServerConfigKeys (ConfUtils.java:logGet(46)) - raft.server.log.purge.gap = 1000000 (custom)
2022-08-05 07:00:10,128 [pool-118-thread-1] INFO  server.RaftServerConfigKeys (ConfUtils.java:logGet(46)) - raft.server.log.appender.buffer.byte-limit = 33554432 (custom)
2022-08-05 07:00:10,128 [pool-118-thread-1] INFO  server.RaftServerConfigKeys (ConfUtils.java:logGet(46)) - raft.server.log.statemachine.data.read.timeout = 1000ms (default)
2022-08-05 07:00:10,128 [pool-118-thread-1] INFO  server.RaftServerConfigKeys (ConfUtils.java:logGet(46)) - raft.server.log.segment.size.max = 1048576 (custom)
2022-08-05 07:00:10,129 [pool-118-thread-1] INFO  server.RaftServerConfigKeys (ConfUtils.java:logGet(46)) - raft.server.log.segment.cache.num.max = 2 (custom)
2022-08-05 07:00:10,129 [pool-118-thread-1] INFO  server.RaftServerConfigKeys (ConfUtils.java:logGet(46)) - raft.server.log.segment.cache.size.max = 200MB (=209715200) (default)
2022-08-05 07:00:10,129 [pool-118-thread-1] INFO  segmented.SegmentedRaftLogWorker (SegmentedRaftLogWorker.java:<init>(187)) - new 26ed2a23-8c6e-4428-ad05-eb8a9d9728b7@group-DD057345D6D6-SegmentedRaftLogWorker for RaftStorageImpl:Storage Directory /home/runner/work/ozone/ozone/hadoop-ozone/integration-test/target/test-dir/MiniOzoneClusterImpl-bb0a6680-cc6d-4375-b258-2c4cc626dd81/datanode-2/data/ratis/8b4046ea-b70d-41a3-b699-dd057345d6d6
2022-08-05 07:00:10,129 [pool-118-thread-1] INFO  server.RaftServerConfigKeys (ConfUtils.java:logGet(46)) - raft.server.log.queue.byte-limit = 4294967296 (custom)
2022-08-05 07:00:10,129 [pool-118-thread-1] INFO  server.RaftServerConfigKeys (ConfUtils.java:logGet(46)) - raft.server.log.queue.element-limit = 1024 (custom)
2022-08-05 07:00:10,129 [pool-118-thread-1] INFO  server.RaftServerConfigKeys (ConfUtils.java:logGet(46)) - raft.server.log.segment.size.max = 1048576 (custom)
2022-08-05 07:00:10,129 [pool-118-thread-1] INFO  server.RaftServerConfigKeys (ConfUtils.java:logGet(46)) - raft.server.log.preallocated.size = 16384 (custom)
2022-08-05 07:00:10,129 [pool-118-thread-1] INFO  server.RaftServerConfigKeys (ConfUtils.java:logGet(46)) - raft.server.log.force.sync.num = 128 (default)
2022-08-05 07:00:10,129 [pool-118-thread-1] INFO  server.RaftServerConfigKeys (ConfUtils.java:logGet(46)) - raft.server.log.statemachine.data.sync = true (default)
2022-08-05 07:00:10,129 [pool-118-thread-1] INFO  server.RaftServerConfigKeys (ConfUtils.java:logGet(46)) - raft.server.log.statemachine.data.sync.timeout = 10s (default)
2022-08-05 07:00:10,129 [pool-118-thread-1] INFO  server.RaftServerConfigKeys (ConfUtils.java:logGet(46)) - raft.server.log.statemachine.data.sync.timeout.retry = -1 (default)
2022-08-05 07:00:10,131 [pool-118-thread-1] INFO  server.RaftServerConfigKeys (ConfUtils.java:logGet(46)) - raft.server.log.write.buffer.size = 1048576 (custom)
2022-08-05 07:00:10,132 [pool-118-thread-1] INFO  server.RaftServerConfigKeys (ConfUtils.java:logGet(46)) - raft.server.log.unsafe-flush.enabled = false (default)
2022-08-05 07:00:10,132 [pool-118-thread-1] INFO  server.RaftServerConfigKeys (ConfUtils.java:logGet(46)) - raft.server.log.statemachine.data.caching.enabled = true (custom)
2022-08-05 07:00:10,132 [pool-118-thread-1] INFO  segmented.SegmentedRaftLogWorker (SegmentedRaftLogWorker.java:lambda$new$0(135)) - 26ed2a23-8c6e-4428-ad05-eb8a9d9728b7@group-DD057345D6D6-SegmentedRaftLogWorker: flushIndex: setUnconditionally 0 -> -1
2022-08-05 07:00:10,132 [pool-118-thread-1] INFO  segmented.SegmentedRaftLogWorker (SegmentedRaftLogWorker.java:lambda$new$0(135)) - 26ed2a23-8c6e-4428-ad05-eb8a9d9728b7@group-DD057345D6D6-SegmentedRaftLogWorker: safeCacheEvictIndex: setUnconditionally 0 -> -1
2022-08-05 07:00:10,138 [Command processor thread] INFO  commandhandler.CreatePipelineCommandHandler (CreatePipelineCommandHandler.java:handle(113)) - Created Pipeline RATIS THREE PipelineID=8b4046ea-b70d-41a3-b699-dd057345d6d6.
2022-08-05 07:00:10,138 [Command processor thread] INFO  server.RaftServer (RaftServerProxy.java:addNew(96)) - 54373283-022a-4090-818d-dea0c6bd05a6: addNew group-BFF43A9ED7F7:[26ed2a23-8c6e-4428-ad05-eb8a9d9728b7|rpc:10.1.0.4:34613|priority:1, 6678316d-e7a5-47b6-a27b-b09245ec3204|rpc:10.1.0.4:42757|priority:0, 54373283-022a-4090-818d-dea0c6bd05a6|rpc:10.1.0.4:36791|priority:0] returns group-BFF43A9ED7F7:java.util.concurrent.CompletableFuture@7d65eb50[Not completed]
2022-08-05 07:00:10,140 [pool-95-thread-1] INFO  server.RaftServer$Division (RaftServerImpl.java:<init>(190)) - 54373283-022a-4090-818d-dea0c6bd05a6: new RaftServerImpl for group-BFF43A9ED7F7:[26ed2a23-8c6e-4428-ad05-eb8a9d9728b7|rpc:10.1.0.4:34613|priority:1, 6678316d-e7a5-47b6-a27b-b09245ec3204|rpc:10.1.0.4:42757|priority:0, 54373283-022a-4090-818d-dea0c6bd05a6|rpc:10.1.0.4:36791|priority:0] with ContainerStateMachine:uninitialized
2022-08-05 07:00:10,140 [pool-95-thread-1] INFO  server.RaftServerConfigKeys (ConfUtils.java:logGet(46)) - raft.server.rpc.timeout.min = 5s (custom)
2022-08-05 07:00:10,140 [pool-95-thread-1] INFO  server.RaftServerConfigKeys (ConfUtils.java:logGet(46)) - raft.server.rpc.timeout.max = 5200ms (custom)
2022-08-05 07:00:10,140 [pool-95-thread-1] INFO  server.RaftServerConfigKeys (ConfUtils.java:logGet(46)) - raft.server.rpc.sleep.time = 25ms (default)
2022-08-05 07:00:10,140 [pool-95-thread-1] INFO  server.RaftServerConfigKeys (ConfUtils.java:logGet(46)) - raft.server.rpc.slowness.timeout = 300s (custom)
2022-08-05 07:00:10,140 [pool-95-thread-1] INFO  server.RaftServerConfigKeys (ConfUtils.java:logGet(46)) - raft.server.leaderelection.leader.step-down.wait-time = 10s (default)
2022-08-05 07:00:10,140 [pool-95-thread-1] INFO  server.RaftServerConfigKeys (ConfUtils.java:logGet(46)) - raft.server.sleep.deviation.threshold = 300ms (default)
2022-08-05 07:00:10,140 [pool-95-thread-1] INFO  server.RaftServer$Division (ServerState.java:<init>(107)) - 54373283-022a-4090-818d-dea0c6bd05a6@group-BFF43A9ED7F7: ConfigurationManager, init=-1: [26ed2a23-8c6e-4428-ad05-eb8a9d9728b7|rpc:10.1.0.4:34613|priority:1, 6678316d-e7a5-47b6-a27b-b09245ec3204|rpc:10.1.0.4:42757|priority:0, 54373283-022a-4090-818d-dea0c6bd05a6|rpc:10.1.0.4:36791|priority:0], old=null, confs=<EMPTY_MAP>
2022-08-05 07:00:10,140 [pool-95-thread-1] INFO  server.RaftServerConfigKeys (ConfUtils.java:logGet(46)) - raft.server.storage.dir = [/home/runner/work/ozone/ozone/hadoop-ozone/integration-test/target/test-dir/MiniOzoneClusterImpl-bb0a6680-cc6d-4375-b258-2c4cc626dd81/datanode-1/data/ratis] (custom)
2022-08-05 07:00:10,140 [pool-95-thread-1] INFO  server.RaftServerConfigKeys (ConfUtils.java:logGet(46)) - raft.server.log.corruption.policy = EXCEPTION (default)
2022-08-05 07:00:10,140 [pool-95-thread-1] INFO  server.RaftServerConfigKeys (ConfUtils.java:logGet(46)) - raft.server.storage.free-space.min = 0MB (=0) (default)
2022-08-05 07:00:10,140 [pool-95-thread-1] INFO  storage.RaftStorageDirectory (RaftStorageDirectoryImpl.java:analyzeStorage(135)) - The storage directory /home/runner/work/ozone/ozone/hadoop-ozone/integration-test/target/test-dir/MiniOzoneClusterImpl-bb0a6680-cc6d-4375-b258-2c4cc626dd81/datanode-1/data/ratis/d510d3c0-51ec-4941-a6f4-bff43a9ed7f7 does not exist. Creating ...
2022-08-05 07:00:10,142 [pool-95-thread-1] INFO  storage.RaftStorageDirectory (RaftStorageDirectoryImpl.java:tryLock(230)) - Lock on /home/runner/work/ozone/ozone/hadoop-ozone/integration-test/target/test-dir/MiniOzoneClusterImpl-bb0a6680-cc6d-4375-b258-2c4cc626dd81/datanode-1/data/ratis/d510d3c0-51ec-4941-a6f4-bff43a9ed7f7/in_use.lock acquired by nodename 7742@fv-az21-954
2022-08-05 07:00:10,142 [pool-118-thread-1] INFO  server.RaftServerConfigKeys (ConfUtils.java:logGet(46)) - raft.server.snapshot.auto.trigger.enabled = true (custom)
2022-08-05 07:00:10,142 [pool-118-thread-1] INFO  server.RaftServerConfigKeys (ConfUtils.java:logGet(46)) - raft.server.snapshot.auto.trigger.threshold = 10000 (custom)
2022-08-05 07:00:10,142 [pool-118-thread-1] INFO  server.RaftServerConfigKeys (ConfUtils.java:logGet(46)) - raft.server.snapshot.retention.file.num = 5 (custom)
2022-08-05 07:00:10,142 [pool-118-thread-1] INFO  server.RaftServerConfigKeys (ConfUtils.java:logGet(46)) - raft.server.log.purge.upto.snapshot.index = false (default)
2022-08-05 07:00:10,142 [pool-118-thread-1] INFO  server.RaftServerConfigKeys (ConfUtils.java:logGet(46)) - raft.server.retrycache.expirytime = 600000ms (custom)
2022-08-05 07:00:10,142 [pool-118-thread-1] INFO  server.RaftServerConfigKeys (ConfUtils.java:logGet(46)) - raft.server.retrycache.statistics.expirytime = 100μs (default)
2022-08-05 07:00:10,143 [pool-118-thread-1] INFO  server.RaftServerConfigKeys (ConfUtils.java:logGet(46)) - raft.server.log.appender.install.snapshot.enabled = false (custom)
2022-08-05 07:00:10,143 [pool-118-thread-1] INFO  server.RaftServerConfigKeys (ConfUtils.java:logGet(46)) - raft.server.threadpool.server.cached = true (default)
2022-08-05 07:00:10,143 [pool-118-thread-1] INFO  server.RaftServerConfigKeys (ConfUtils.java:logGet(46)) - raft.server.threadpool.server.size = 0 (default)
2022-08-05 07:00:10,144 [pool-118-thread-1] INFO  server.RaftServerConfigKeys (ConfUtils.java:logGet(46)) - raft.server.threadpool.client.cached = true (default)
2022-08-05 07:00:10,144 [pool-118-thread-1] INFO  server.RaftServerConfigKeys (ConfUtils.java:logGet(46)) - raft.server.threadpool.client.size = 0 (default)
2022-08-05 07:00:10,144 [pool-118-thread-1] INFO  server.RaftServer$Division (RaftServerImpl.java:start(310)) - 26ed2a23-8c6e-4428-ad05-eb8a9d9728b7@group-DD057345D6D6: start as a follower, conf=-1: [26ed2a23-8c6e-4428-ad05-eb8a9d9728b7|rpc:10.1.0.4:34613|dataStream:|priority:0, 6678316d-e7a5-47b6-a27b-b09245ec3204|rpc:10.1.0.4:42757|dataStream:|priority:1, 54373283-022a-4090-818d-dea0c6bd05a6|rpc:10.1.0.4:36791|dataStream:|priority:0], old=null
2022-08-05 07:00:10,144 [pool-118-thread-1] INFO  server.RaftServer$Division (RaftServerImpl.java:setRole(299)) - 26ed2a23-8c6e-4428-ad05-eb8a9d9728b7@group-DD057345D6D6: changes role from      null to FOLLOWER at term 0 for startAsFollower
2022-08-05 07:00:10,144 [pool-118-thread-1] INFO  impl.RoleInfo (RoleInfo.java:updateAndGet(139)) - 26ed2a23-8c6e-4428-ad05-eb8a9d9728b7: start 26ed2a23-8c6e-4428-ad05-eb8a9d9728b7@group-DD057345D6D6-FollowerState
2022-08-05 07:00:10,144 [pool-118-thread-1] INFO  util.JmxRegister (JmxRegister.java:tryRegister(44)) - Successfully registered JMX Bean with object name Ratis:service=RaftServer,group=group-DD057345D6D6,id=26ed2a23-8c6e-4428-ad05-eb8a9d9728b7
2022-08-05 07:00:10,146 [pool-95-thread-1] INFO  storage.RaftStorage (RaftStorageImpl.java:format(89)) - Storage directory /home/runner/work/ozone/ozone/hadoop-ozone/integration-test/target/test-dir/MiniOzoneClusterImpl-bb0a6680-cc6d-4375-b258-2c4cc626dd81/datanode-1/data/ratis/d510d3c0-51ec-4941-a6f4-bff43a9ed7f7 has been successfully formatted.
2022-08-05 07:00:10,149 [pool-95-thread-1] INFO  ratis.ContainerStateMachine (ContainerStateMachine.java:loadSnapshot(236)) - group-BFF43A9ED7F7: The snapshot info is null. Setting the last applied indexto:(t:0, i:~)
2022-08-05 07:00:10,150 [pool-95-thread-1] INFO  server.RaftServerConfigKeys (ConfUtils.java:logGet(46)) - raft.server.notification.no-leader.timeout = 300s (custom)
2022-08-05 07:00:10,150 [pool-95-thread-1] INFO  server.RaftServerConfigKeys (ConfUtils.java:logGet(46)) - raft.server.log.use.memory = false (default)
2022-08-05 07:00:10,150 [pool-95-thread-1] INFO  server.RaftServerConfigKeys (ConfUtils.java:logGet(46)) - raft.server.log.purge.gap = 1000000 (custom)
2022-08-05 07:00:10,150 [pool-95-thread-1] INFO  server.RaftServerConfigKeys (ConfUtils.java:logGet(46)) - raft.server.log.appender.buffer.byte-limit = 33554432 (custom)
2022-08-05 07:00:10,150 [pool-95-thread-1] INFO  server.RaftServerConfigKeys (ConfUtils.java:logGet(46)) - raft.server.log.statemachine.data.read.timeout = 1000ms (default)
2022-08-05 07:00:10,150 [pool-95-thread-1] INFO  server.RaftServerConfigKeys (ConfUtils.java:logGet(46)) - raft.server.log.segment.size.max = 1048576 (custom)
2022-08-05 07:00:10,151 [pool-95-thread-1] INFO  server.RaftServerConfigKeys (ConfUtils.java:logGet(46)) - raft.server.log.segment.cache.num.max = 2 (custom)
2022-08-05 07:00:10,151 [pool-95-thread-1] INFO  server.RaftServerConfigKeys (ConfUtils.java:logGet(46)) - raft.server.log.segment.cache.size.max = 200MB (=209715200) (default)
2022-08-05 07:00:10,151 [pool-95-thread-1] INFO  segmented.SegmentedRaftLogWorker (SegmentedRaftLogWorker.java:<init>(187)) - new 54373283-022a-4090-818d-dea0c6bd05a6@group-BFF43A9ED7F7-SegmentedRaftLogWorker for RaftStorageImpl:Storage Directory /home/runner/work/ozone/ozone/hadoop-ozone/integration-test/target/test-dir/MiniOzoneClusterImpl-bb0a6680-cc6d-4375-b258-2c4cc626dd81/datanode-1/data/ratis/d510d3c0-51ec-4941-a6f4-bff43a9ed7f7
2022-08-05 07:00:10,151 [pool-95-thread-1] INFO  server.RaftServerConfigKeys (ConfUtils.java:logGet(46)) - raft.server.log.queue.byte-limit = 4294967296 (custom)
2022-08-05 07:00:10,151 [pool-95-thread-1] INFO  server.RaftServerConfigKeys (ConfUtils.java:logGet(46)) - raft.server.log.queue.element-limit = 1024 (custom)
2022-08-05 07:00:10,151 [pool-95-thread-1] INFO  server.RaftServerConfigKeys (ConfUtils.java:logGet(46)) - raft.server.log.segment.size.max = 1048576 (custom)
2022-08-05 07:00:10,151 [pool-95-thread-1] INFO  server.RaftServerConfigKeys (ConfUtils.java:logGet(46)) - raft.server.log.preallocated.size = 16384 (custom)
2022-08-05 07:00:10,151 [pool-95-thread-1] INFO  server.RaftServerConfigKeys (ConfUtils.java:logGet(46)) - raft.server.log.force.sync.num = 128 (default)
2022-08-05 07:00:10,151 [pool-95-thread-1] INFO  server.RaftServerConfigKeys (ConfUtils.java:logGet(46)) - raft.server.log.statemachine.data.sync = true (default)
2022-08-05 07:00:10,151 [pool-95-thread-1] INFO  server.RaftServerConfigKeys (ConfUtils.java:logGet(46)) - raft.server.log.statemachine.data.sync.timeout = 10s (default)
2022-08-05 07:00:10,151 [pool-95-thread-1] INFO  server.RaftServerConfigKeys (ConfUtils.java:logGet(46)) - raft.server.log.statemachine.data.sync.timeout.retry = -1 (default)
2022-08-05 07:00:10,152 [pool-95-thread-1] INFO  server.RaftServerConfigKeys (ConfUtils.java:logGet(46)) - raft.server.log.write.buffer.size = 1048576 (custom)
2022-08-05 07:00:10,152 [pool-95-thread-1] INFO  server.RaftServerConfigKeys (ConfUtils.java:logGet(46)) - raft.server.log.unsafe-flush.enabled = false (default)
2022-08-05 07:00:10,152 [pool-95-thread-1] INFO  server.RaftServerConfigKeys (ConfUtils.java:logGet(46)) - raft.server.log.statemachine.data.caching.enabled = true (custom)
2022-08-05 07:00:10,153 [pool-95-thread-1] INFO  segmented.SegmentedRaftLogWorker (SegmentedRaftLogWorker.java:lambda$new$0(135)) - 54373283-022a-4090-818d-dea0c6bd05a6@group-BFF43A9ED7F7-SegmentedRaftLogWorker: flushIndex: setUnconditionally 0 -> -1
2022-08-05 07:00:10,153 [pool-95-thread-1] INFO  segmented.SegmentedRaftLogWorker (SegmentedRaftLogWorker.java:lambda$new$0(135)) - 54373283-022a-4090-818d-dea0c6bd05a6@group-BFF43A9ED7F7-SegmentedRaftLogWorker: safeCacheEvictIndex: setUnconditionally 0 -> -1
2022-08-05 07:00:10,162 [pool-95-thread-1] INFO  server.RaftServerConfigKeys (ConfUtils.java:logGet(46)) - raft.server.snapshot.auto.trigger.enabled = true (custom)
2022-08-05 07:00:10,162 [pool-95-thread-1] INFO  server.RaftServerConfigKeys (ConfUtils.java:logGet(46)) - raft.server.snapshot.auto.trigger.threshold = 10000 (custom)
2022-08-05 07:00:10,162 [pool-95-thread-1] INFO  server.RaftServerConfigKeys (ConfUtils.java:logGet(46)) - raft.server.snapshot.retention.file.num = 5 (custom)
2022-08-05 07:00:10,162 [pool-95-thread-1] INFO  server.RaftServerConfigKeys (ConfUtils.java:logGet(46)) - raft.server.log.purge.upto.snapshot.index = false (default)
2022-08-05 07:00:10,162 [pool-95-thread-1] INFO  server.RaftServerConfigKeys (ConfUtils.java:logGet(46)) - raft.server.retrycache.expirytime = 600000ms (custom)
2022-08-05 07:00:10,162 [pool-95-thread-1] INFO  server.RaftServerConfigKeys (ConfUtils.java:logGet(46)) - raft.server.retrycache.statistics.expirytime = 100μs (default)
2022-08-05 07:00:10,163 [EventQueue-OpenPipelineForHealthyPipelineSafeModeRule] INFO  safemode.SCMSafeModeManager (HealthyPipelineSafeModeRule.java:process(137)) - SCM in safe mode. Healthy pipelines reported count is 0, required healthy pipeline reported count is 1
2022-08-05 07:00:10,164 [pool-95-thread-1] INFO  server.RaftServerConfigKeys (ConfUtils.java:logGet(46)) - raft.server.log.appender.install.snapshot.enabled = false (custom)
2022-08-05 07:00:10,164 [pool-95-thread-1] INFO  server.RaftServerConfigKeys (ConfUtils.java:logGet(46)) - raft.server.threadpool.server.cached = true (default)
2022-08-05 07:00:10,164 [pool-95-thread-1] INFO  server.RaftServerConfigKeys (ConfUtils.java:logGet(46)) - raft.server.threadpool.server.size = 0 (default)
2022-08-05 07:00:10,164 [pool-95-thread-1] INFO  server.RaftServerConfigKeys (ConfUtils.java:logGet(46)) - raft.server.threadpool.client.cached = true (default)
2022-08-05 07:00:10,164 [pool-95-thread-1] INFO  server.RaftServerConfigKeys (ConfUtils.java:logGet(46)) - raft.server.threadpool.client.size = 0 (default)
2022-08-05 07:00:10,164 [pool-95-thread-1] INFO  server.RaftServer$Division (RaftServerImpl.java:start(310)) - 54373283-022a-4090-818d-dea0c6bd05a6@group-BFF43A9ED7F7: start as a follower, conf=-1: [26ed2a23-8c6e-4428-ad05-eb8a9d9728b7|rpc:10.1.0.4:34613|priority:1, 6678316d-e7a5-47b6-a27b-b09245ec3204|rpc:10.1.0.4:42757|priority:0, 54373283-022a-4090-818d-dea0c6bd05a6|rpc:10.1.0.4:36791|priority:0], old=null
2022-08-05 07:00:10,164 [pool-95-thread-1] INFO  server.RaftServer$Division (RaftServerImpl.java:setRole(299)) - 54373283-022a-4090-818d-dea0c6bd05a6@group-BFF43A9ED7F7: changes role from      null to FOLLOWER at term 0 for startAsFollower
2022-08-05 07:00:10,164 [pool-95-thread-1] INFO  impl.RoleInfo (RoleInfo.java:updateAndGet(139)) - 54373283-022a-4090-818d-dea0c6bd05a6: start 54373283-022a-4090-818d-dea0c6bd05a6@group-BFF43A9ED7F7-FollowerState
2022-08-05 07:00:10,164 [pool-95-thread-1] INFO  util.JmxRegister (JmxRegister.java:tryRegister(44)) - Successfully registered JMX Bean with object name Ratis:service=RaftServer,group=group-BFF43A9ED7F7,id=54373283-022a-4090-818d-dea0c6bd05a6
2022-08-05 07:00:10,169 [Command processor thread] INFO  ratis.XceiverServerRatis (XceiverServerRatis.java:addGroup(765)) - Created group PipelineID=d510d3c0-51ec-4941-a6f4-bff43a9ed7f7
2022-08-05 07:00:10,180 [grpc-default-executor-0] INFO  server.RaftServer (RaftServerProxy.java:addNew(96)) - 6678316d-e7a5-47b6-a27b-b09245ec3204: addNew group-BFF43A9ED7F7:[26ed2a23-8c6e-4428-ad05-eb8a9d9728b7|rpc:10.1.0.4:34613|dataStream:|priority:1, 6678316d-e7a5-47b6-a27b-b09245ec3204|rpc:10.1.0.4:42757|dataStream:|priority:0, 54373283-022a-4090-818d-dea0c6bd05a6|rpc:10.1.0.4:36791|dataStream:|priority:0] returns group-BFF43A9ED7F7:java.util.concurrent.CompletableFuture@5e0f7dca[Not completed]
2022-08-05 07:00:10,181 [pool-72-thread-1] INFO  server.RaftServer$Division (RaftServerImpl.java:<init>(190)) - 6678316d-e7a5-47b6-a27b-b09245ec3204: new RaftServerImpl for group-BFF43A9ED7F7:[26ed2a23-8c6e-4428-ad05-eb8a9d9728b7|rpc:10.1.0.4:34613|dataStream:|priority:1, 6678316d-e7a5-47b6-a27b-b09245ec3204|rpc:10.1.0.4:42757|dataStream:|priority:0, 54373283-022a-4090-818d-dea0c6bd05a6|rpc:10.1.0.4:36791|dataStream:|priority:0] with ContainerStateMachine:uninitialized
2022-08-05 07:00:10,181 [pool-72-thread-1] INFO  server.RaftServerConfigKeys (ConfUtils.java:logGet(46)) - raft.server.rpc.timeout.min = 5s (custom)
2022-08-05 07:00:10,181 [pool-72-thread-1] INFO  server.RaftServerConfigKeys (ConfUtils.java:logGet(46)) - raft.server.rpc.timeout.max = 5200ms (custom)
2022-08-05 07:00:10,181 [pool-72-thread-1] INFO  server.RaftServerConfigKeys (ConfUtils.java:logGet(46)) - raft.server.rpc.sleep.time = 25ms (default)
2022-08-05 07:00:10,181 [pool-72-thread-1] INFO  server.RaftServerConfigKeys (ConfUtils.java:logGet(46)) - raft.server.rpc.slowness.timeout = 300s (custom)
2022-08-05 07:00:10,181 [pool-72-thread-1] INFO  server.RaftServerConfigKeys (ConfUtils.java:logGet(46)) - raft.server.leaderelection.leader.step-down.wait-time = 10s (default)
2022-08-05 07:00:10,181 [pool-72-thread-1] INFO  server.RaftServerConfigKeys (ConfUtils.java:logGet(46)) - raft.server.sleep.deviation.threshold = 300ms (default)
2022-08-05 07:00:10,181 [pool-72-thread-1] INFO  server.RaftServer$Division (ServerState.java:<init>(107)) - 6678316d-e7a5-47b6-a27b-b09245ec3204@group-BFF43A9ED7F7: ConfigurationManager, init=-1: [26ed2a23-8c6e-4428-ad05-eb8a9d9728b7|rpc:10.1.0.4:34613|dataStream:|priority:1, 6678316d-e7a5-47b6-a27b-b09245ec3204|rpc:10.1.0.4:42757|dataStream:|priority:0, 54373283-022a-4090-818d-dea0c6bd05a6|rpc:10.1.0.4:36791|dataStream:|priority:0], old=null, confs=<EMPTY_MAP>
2022-08-05 07:00:10,181 [pool-72-thread-1] INFO  server.RaftServerConfigKeys (ConfUtils.java:logGet(46)) - raft.server.storage.dir = [/home/runner/work/ozone/ozone/hadoop-ozone/integration-test/target/test-dir/MiniOzoneClusterImpl-bb0a6680-cc6d-4375-b258-2c4cc626dd81/datanode-0/data/ratis] (custom)
2022-08-05 07:00:10,182 [pool-72-thread-1] INFO  server.RaftServerConfigKeys (ConfUtils.java:logGet(46)) - raft.server.log.corruption.policy = EXCEPTION (default)
2022-08-05 07:00:10,182 [pool-72-thread-1] INFO  server.RaftServerConfigKeys (ConfUtils.java:logGet(46)) - raft.server.storage.free-space.min = 0MB (=0) (default)
2022-08-05 07:00:10,182 [pool-72-thread-1] INFO  storage.RaftStorageDirectory (RaftStorageDirectoryImpl.java:analyzeStorage(135)) - The storage directory /home/runner/work/ozone/ozone/hadoop-ozone/integration-test/target/test-dir/MiniOzoneClusterImpl-bb0a6680-cc6d-4375-b258-2c4cc626dd81/datanode-0/data/ratis/d510d3c0-51ec-4941-a6f4-bff43a9ed7f7 does not exist. Creating ...
2022-08-05 07:00:10,183 [pool-72-thread-1] INFO  storage.RaftStorageDirectory (RaftStorageDirectoryImpl.java:tryLock(230)) - Lock on /home/runner/work/ozone/ozone/hadoop-ozone/integration-test/target/test-dir/MiniOzoneClusterImpl-bb0a6680-cc6d-4375-b258-2c4cc626dd81/datanode-0/data/ratis/d510d3c0-51ec-4941-a6f4-bff43a9ed7f7/in_use.lock acquired by nodename 7742@fv-az21-954
2022-08-05 07:00:10,185 [pool-72-thread-1] INFO  storage.RaftStorage (RaftStorageImpl.java:format(89)) - Storage directory /home/runner/work/ozone/ozone/hadoop-ozone/integration-test/target/test-dir/MiniOzoneClusterImpl-bb0a6680-cc6d-4375-b258-2c4cc626dd81/datanode-0/data/ratis/d510d3c0-51ec-4941-a6f4-bff43a9ed7f7 has been successfully formatted.
2022-08-05 07:00:10,185 [pool-72-thread-1] INFO  ratis.ContainerStateMachine (ContainerStateMachine.java:loadSnapshot(236)) - group-BFF43A9ED7F7: The snapshot info is null. Setting the last applied indexto:(t:0, i:~)
2022-08-05 07:00:10,185 [pool-72-thread-1] INFO  server.RaftServerConfigKeys (ConfUtils.java:logGet(46)) - raft.server.notification.no-leader.timeout = 300s (custom)
2022-08-05 07:00:10,185 [pool-72-thread-1] INFO  server.RaftServerConfigKeys (ConfUtils.java:logGet(46)) - raft.server.log.use.memory = false (default)
2022-08-05 07:00:10,185 [pool-72-thread-1] INFO  server.RaftServerConfigKeys (ConfUtils.java:logGet(46)) - raft.server.log.purge.gap = 1000000 (custom)
2022-08-05 07:00:10,185 [pool-72-thread-1] INFO  server.RaftServerConfigKeys (ConfUtils.java:logGet(46)) - raft.server.log.appender.buffer.byte-limit = 33554432 (custom)
2022-08-05 07:00:10,185 [pool-72-thread-1] INFO  server.RaftServerConfigKeys (ConfUtils.java:logGet(46)) - raft.server.log.statemachine.data.read.timeout = 1000ms (default)
2022-08-05 07:00:10,186 [pool-72-thread-1] INFO  server.RaftServerConfigKeys (ConfUtils.java:logGet(46)) - raft.server.log.segment.size.max = 1048576 (custom)
2022-08-05 07:00:10,186 [pool-72-thread-1] INFO  server.RaftServerConfigKeys (ConfUtils.java:logGet(46)) - raft.server.log.segment.cache.num.max = 2 (custom)
2022-08-05 07:00:10,186 [pool-72-thread-1] INFO  server.RaftServerConfigKeys (ConfUtils.java:logGet(46)) - raft.server.log.segment.cache.size.max = 200MB (=209715200) (default)
2022-08-05 07:00:10,186 [pool-72-thread-1] INFO  segmented.SegmentedRaftLogWorker (SegmentedRaftLogWorker.java:<init>(187)) - new 6678316d-e7a5-47b6-a27b-b09245ec3204@group-BFF43A9ED7F7-SegmentedRaftLogWorker for RaftStorageImpl:Storage Directory /home/runner/work/ozone/ozone/hadoop-ozone/integration-test/target/test-dir/MiniOzoneClusterImpl-bb0a6680-cc6d-4375-b258-2c4cc626dd81/datanode-0/data/ratis/d510d3c0-51ec-4941-a6f4-bff43a9ed7f7
2022-08-05 07:00:10,186 [pool-72-thread-1] INFO  server.RaftServerConfigKeys (ConfUtils.java:logGet(46)) - raft.server.log.queue.byte-limit = 4294967296 (custom)
2022-08-05 07:00:10,186 [pool-72-thread-1] INFO  server.RaftServerConfigKeys (ConfUtils.java:logGet(46)) - raft.server.log.queue.element-limit = 1024 (custom)
2022-08-05 07:00:10,186 [pool-72-thread-1] INFO  server.RaftServerConfigKeys (ConfUtils.java:logGet(46)) - raft.server.log.segment.size.max = 1048576 (custom)
2022-08-05 07:00:10,186 [pool-72-thread-1] INFO  server.RaftServerConfigKeys (ConfUtils.java:logGet(46)) - raft.server.log.preallocated.size = 16384 (custom)
2022-08-05 07:00:10,186 [pool-72-thread-1] INFO  server.RaftServerConfigKeys (ConfUtils.java:logGet(46)) - raft.server.log.force.sync.num = 128 (default)
2022-08-05 07:00:10,186 [pool-72-thread-1] INFO  server.RaftServerConfigKeys (ConfUtils.java:logGet(46)) - raft.server.log.statemachine.data.sync = true (default)
2022-08-05 07:00:10,186 [pool-72-thread-1] INFO  server.RaftServerConfigKeys (ConfUtils.java:logGet(46)) - raft.server.log.statemachine.data.sync.timeout = 10s (default)
2022-08-05 07:00:10,186 [pool-72-thread-1] INFO  server.RaftServerConfigKeys (ConfUtils.java:logGet(46)) - raft.server.log.statemachine.data.sync.timeout.retry = -1 (default)
2022-08-05 07:00:10,187 [pool-72-thread-1] INFO  server.RaftServerConfigKeys (ConfUtils.java:logGet(46)) - raft.server.log.write.buffer.size = 1048576 (custom)
2022-08-05 07:00:10,188 [pool-72-thread-1] INFO  server.RaftServerConfigKeys (ConfUtils.java:logGet(46)) - raft.server.log.unsafe-flush.enabled = false (default)
2022-08-05 07:00:10,188 [pool-72-thread-1] INFO  server.RaftServerConfigKeys (ConfUtils.java:logGet(46)) - raft.server.log.statemachine.data.caching.enabled = true (custom)
2022-08-05 07:00:10,188 [pool-72-thread-1] INFO  segmented.SegmentedRaftLogWorker (SegmentedRaftLogWorker.java:lambda$new$0(135)) - 6678316d-e7a5-47b6-a27b-b09245ec3204@group-BFF43A9ED7F7-SegmentedRaftLogWorker: flushIndex: setUnconditionally 0 -> -1
2022-08-05 07:00:10,188 [pool-72-thread-1] INFO  segmented.SegmentedRaftLogWorker (SegmentedRaftLogWorker.java:lambda$new$0(135)) - 6678316d-e7a5-47b6-a27b-b09245ec3204@group-BFF43A9ED7F7-SegmentedRaftLogWorker: safeCacheEvictIndex: setUnconditionally 0 -> -1
2022-08-05 07:00:10,197 [pool-72-thread-1] INFO  server.RaftServerConfigKeys (ConfUtils.java:logGet(46)) - raft.server.snapshot.auto.trigger.enabled = true (custom)
2022-08-05 07:00:10,197 [pool-72-thread-1] INFO  server.RaftServerConfigKeys (ConfUtils.java:logGet(46)) - raft.server.snapshot.auto.trigger.threshold = 10000 (custom)
2022-08-05 07:00:10,197 [pool-72-thread-1] INFO  server.RaftServerConfigKeys (ConfUtils.java:logGet(46)) - raft.server.snapshot.retention.file.num = 5 (custom)
2022-08-05 07:00:10,197 [pool-72-thread-1] INFO  server.RaftServerConfigKeys (ConfUtils.java:logGet(46)) - raft.server.log.purge.upto.snapshot.index = false (default)
2022-08-05 07:00:10,197 [pool-72-thread-1] INFO  server.RaftServerConfigKeys (ConfUtils.java:logGet(46)) - raft.server.retrycache.expirytime = 600000ms (custom)
2022-08-05 07:00:10,197 [pool-72-thread-1] INFO  server.RaftServerConfigKeys (ConfUtils.java:logGet(46)) - raft.server.retrycache.statistics.expirytime = 100μs (default)
2022-08-05 07:00:10,199 [EventQueue-OpenPipelineForHealthyPipelineSafeModeRule] INFO  safemode.SCMSafeModeManager (HealthyPipelineSafeModeRule.java:process(137)) - SCM in safe mode. Healthy pipelines reported count is 0, required healthy pipeline reported count is 1
2022-08-05 07:00:10,206 [pool-72-thread-1] INFO  server.RaftServerConfigKeys (ConfUtils.java:logGet(46)) - raft.server.log.appender.install.snapshot.enabled = false (custom)
2022-08-05 07:00:10,206 [pool-72-thread-1] INFO  server.RaftServerConfigKeys (ConfUtils.java:logGet(46)) - raft.server.threadpool.server.cached = true (default)
2022-08-05 07:00:10,206 [pool-72-thread-1] INFO  server.RaftServerConfigKeys (ConfUtils.java:logGet(46)) - raft.server.threadpool.server.size = 0 (default)
2022-08-05 07:00:10,206 [pool-72-thread-1] INFO  server.RaftServerConfigKeys (ConfUtils.java:logGet(46)) - raft.server.threadpool.client.cached = true (default)
2022-08-05 07:00:10,206 [pool-72-thread-1] INFO  server.RaftServerConfigKeys (ConfUtils.java:logGet(46)) - raft.server.threadpool.client.size = 0 (default)
2022-08-05 07:00:10,207 [Command processor thread] INFO  server.RaftServer (RaftServerProxy.java:addNew(96)) - 26ed2a23-8c6e-4428-ad05-eb8a9d9728b7: addNew group-5B08F5E4280F:[26ed2a23-8c6e-4428-ad05-eb8a9d9728b7|rpc:10.1.0.4:34613|priority:1] returns group-5B08F5E4280F:java.util.concurrent.CompletableFuture@11dc7f14[Not completed]
2022-08-05 07:00:10,209 [pool-72-thread-1] INFO  server.RaftServer$Division (RaftServerImpl.java:start(310)) - 6678316d-e7a5-47b6-a27b-b09245ec3204@group-BFF43A9ED7F7: start as a follower, conf=-1: [26ed2a23-8c6e-4428-ad05-eb8a9d9728b7|rpc:10.1.0.4:34613|dataStream:|priority:1, 6678316d-e7a5-47b6-a27b-b09245ec3204|rpc:10.1.0.4:42757|dataStream:|priority:0, 54373283-022a-4090-818d-dea0c6bd05a6|rpc:10.1.0.4:36791|dataStream:|priority:0], old=null
2022-08-05 07:00:10,209 [pool-72-thread-1] INFO  server.RaftServer$Division (RaftServerImpl.java:setRole(299)) - 6678316d-e7a5-47b6-a27b-b09245ec3204@group-BFF43A9ED7F7: changes role from      null to FOLLOWER at term 0 for startAsFollower
2022-08-05 07:00:10,209 [pool-72-thread-1] INFO  impl.RoleInfo (RoleInfo.java:updateAndGet(139)) - 6678316d-e7a5-47b6-a27b-b09245ec3204: start 6678316d-e7a5-47b6-a27b-b09245ec3204@group-BFF43A9ED7F7-FollowerState
2022-08-05 07:00:10,210 [pool-118-thread-1] INFO  server.RaftServer$Division (RaftServerImpl.java:<init>(190)) - 26ed2a23-8c6e-4428-ad05-eb8a9d9728b7: new RaftServerImpl for group-5B08F5E4280F:[26ed2a23-8c6e-4428-ad05-eb8a9d9728b7|rpc:10.1.0.4:34613|priority:1] with ContainerStateMachine:uninitialized
2022-08-05 07:00:10,210 [pool-118-thread-1] INFO  server.RaftServerConfigKeys (ConfUtils.java:logGet(46)) - raft.server.rpc.timeout.min = 5s (custom)
2022-08-05 07:00:10,210 [pool-118-thread-1] INFO  server.RaftServerConfigKeys (ConfUtils.java:logGet(46)) - raft.server.rpc.timeout.max = 5200ms (custom)
2022-08-05 07:00:10,210 [pool-118-thread-1] INFO  server.RaftServerConfigKeys (ConfUtils.java:logGet(46)) - raft.server.rpc.sleep.time = 25ms (default)
2022-08-05 07:00:10,211 [pool-118-thread-1] INFO  server.RaftServerConfigKeys (ConfUtils.java:logGet(46)) - raft.server.rpc.slowness.timeout = 300s (custom)
2022-08-05 07:00:10,211 [pool-118-thread-1] INFO  server.RaftServerConfigKeys (ConfUtils.java:logGet(46)) - raft.server.leaderelection.leader.step-down.wait-time = 10s (default)
2022-08-05 07:00:10,211 [pool-118-thread-1] INFO  server.RaftServerConfigKeys (ConfUtils.java:logGet(46)) - raft.server.sleep.deviation.threshold = 300ms (default)
2022-08-05 07:00:10,211 [pool-118-thread-1] INFO  server.RaftServer$Division (ServerState.java:<init>(107)) - 26ed2a23-8c6e-4428-ad05-eb8a9d9728b7@group-5B08F5E4280F: ConfigurationManager, init=-1: [26ed2a23-8c6e-4428-ad05-eb8a9d9728b7|rpc:10.1.0.4:34613|priority:1], old=null, confs=<EMPTY_MAP>
2022-08-05 07:00:10,211 [pool-118-thread-1] INFO  server.RaftServerConfigKeys (ConfUtils.java:logGet(46)) - raft.server.storage.dir = [/home/runner/work/ozone/ozone/hadoop-ozone/integration-test/target/test-dir/MiniOzoneClusterImpl-bb0a6680-cc6d-4375-b258-2c4cc626dd81/datanode-2/data/ratis] (custom)
2022-08-05 07:00:10,211 [pool-118-thread-1] INFO  server.RaftServerConfigKeys (ConfUtils.java:logGet(46)) - raft.server.log.corruption.policy = EXCEPTION (default)
2022-08-05 07:00:10,211 [pool-118-thread-1] INFO  server.RaftServerConfigKeys (ConfUtils.java:logGet(46)) - raft.server.storage.free-space.min = 0MB (=0) (default)
2022-08-05 07:00:10,211 [pool-118-thread-1] INFO  storage.RaftStorageDirectory (RaftStorageDirectoryImpl.java:analyzeStorage(135)) - The storage directory /home/runner/work/ozone/ozone/hadoop-ozone/integration-test/target/test-dir/MiniOzoneClusterImpl-bb0a6680-cc6d-4375-b258-2c4cc626dd81/datanode-2/data/ratis/3e5b2719-89b3-4dd1-b50f-5b08f5e4280f does not exist. Creating ...
2022-08-05 07:00:10,212 [pool-72-thread-1] INFO  util.JmxRegister (JmxRegister.java:tryRegister(44)) - Successfully registered JMX Bean with object name Ratis:service=RaftServer,group=group-BFF43A9ED7F7,id=6678316d-e7a5-47b6-a27b-b09245ec3204
2022-08-05 07:00:10,222 [Listener at 127.0.0.1/35351] INFO  ozone.MiniOzoneClusterImpl (MiniOzoneClusterImpl.java:lambda$waitForClusterToBeReady$0(216)) - Nodes are ready. Got 3 of 3 DN Heartbeats.
2022-08-05 07:00:10,222 [Listener at 127.0.0.1/35351] INFO  ozone.MiniOzoneClusterImpl (MiniOzoneClusterImpl.java:lambda$waitForClusterToBeReady$0(219)) - Waiting for cluster to exit safe mode
2022-08-05 07:00:10,222 [Listener at 127.0.0.1/35351] INFO  ozone.MiniOzoneClusterImpl (MiniOzoneClusterImpl.java:lambda$waitForClusterToBeReady$0(221)) - SCM became leader
2022-08-05 07:00:10,222 [pool-118-thread-1] INFO  storage.RaftStorageDirectory (RaftStorageDirectoryImpl.java:tryLock(230)) - Lock on /home/runner/work/ozone/ozone/hadoop-ozone/integration-test/target/test-dir/MiniOzoneClusterImpl-bb0a6680-cc6d-4375-b258-2c4cc626dd81/datanode-2/data/ratis/3e5b2719-89b3-4dd1-b50f-5b08f5e4280f/in_use.lock acquired by nodename 7742@fv-az21-954
2022-08-05 07:00:10,220 [Command processor thread] INFO  commandhandler.CreatePipelineCommandHandler (CreatePipelineCommandHandler.java:handle(113)) - Created Pipeline RATIS THREE PipelineID=8b4046ea-b70d-41a3-b699-dd057345d6d6.
2022-08-05 07:00:10,228 [pool-118-thread-1] INFO  storage.RaftStorage (RaftStorageImpl.java:format(89)) - Storage directory /home/runner/work/ozone/ozone/hadoop-ozone/integration-test/target/test-dir/MiniOzoneClusterImpl-bb0a6680-cc6d-4375-b258-2c4cc626dd81/datanode-2/data/ratis/3e5b2719-89b3-4dd1-b50f-5b08f5e4280f has been successfully formatted.
2022-08-05 07:00:10,228 [pool-118-thread-1] INFO  ratis.ContainerStateMachine (ContainerStateMachine.java:loadSnapshot(236)) - group-5B08F5E4280F: The snapshot info is null. Setting the last applied indexto:(t:0, i:~)
2022-08-05 07:00:10,229 [pool-118-thread-1] INFO  server.RaftServerConfigKeys (ConfUtils.java:logGet(46)) - raft.server.notification.no-leader.timeout = 300s (custom)
2022-08-05 07:00:10,229 [pool-118-thread-1] INFO  server.RaftServerConfigKeys (ConfUtils.java:logGet(46)) - raft.server.log.use.memory = false (default)
2022-08-05 07:00:10,229 [pool-118-thread-1] INFO  server.RaftServerConfigKeys (ConfUtils.java:logGet(46)) - raft.server.log.purge.gap = 1000000 (custom)
2022-08-05 07:00:10,229 [pool-118-thread-1] INFO  server.RaftServerConfigKeys (ConfUtils.java:logGet(46)) - raft.server.log.appender.buffer.byte-limit = 33554432 (custom)
2022-08-05 07:00:10,230 [pool-118-thread-1] INFO  server.RaftServerConfigKeys (ConfUtils.java:logGet(46)) - raft.server.log.statemachine.data.read.timeout = 1000ms (default)
2022-08-05 07:00:10,230 [pool-118-thread-1] INFO  server.RaftServerConfigKeys (ConfUtils.java:logGet(46)) - raft.server.log.segment.size.max = 1048576 (custom)
2022-08-05 07:00:10,230 [pool-118-thread-1] INFO  server.RaftServerConfigKeys (ConfUtils.java:logGet(46)) - raft.server.log.segment.cache.num.max = 2 (custom)
2022-08-05 07:00:10,230 [pool-118-thread-1] INFO  server.RaftServerConfigKeys (ConfUtils.java:logGet(46)) - raft.server.log.segment.cache.size.max = 200MB (=209715200) (default)
2022-08-05 07:00:10,230 [pool-118-thread-1] INFO  segmented.SegmentedRaftLogWorker (SegmentedRaftLogWorker.java:<init>(187)) - new 26ed2a23-8c6e-4428-ad05-eb8a9d9728b7@group-5B08F5E4280F-SegmentedRaftLogWorker for RaftStorageImpl:Storage Directory /home/runner/work/ozone/ozone/hadoop-ozone/integration-test/target/test-dir/MiniOzoneClusterImpl-bb0a6680-cc6d-4375-b258-2c4cc626dd81/datanode-2/data/ratis/3e5b2719-89b3-4dd1-b50f-5b08f5e4280f
2022-08-05 07:00:10,230 [pool-118-thread-1] INFO  server.RaftServerConfigKeys (ConfUtils.java:logGet(46)) - raft.server.log.queue.byte-limit = 4294967296 (custom)
2022-08-05 07:00:10,230 [pool-118-thread-1] INFO  server.RaftServerConfigKeys (ConfUtils.java:logGet(46)) - raft.server.log.queue.element-limit = 1024 (custom)
2022-08-05 07:00:10,230 [pool-118-thread-1] INFO  server.RaftServerConfigKeys (ConfUtils.java:logGet(46)) - raft.server.log.segment.size.max = 1048576 (custom)
2022-08-05 07:00:10,230 [pool-118-thread-1] INFO  server.RaftServerConfigKeys (ConfUtils.java:logGet(46)) - raft.server.log.preallocated.size = 16384 (custom)
2022-08-05 07:00:10,230 [pool-118-thread-1] INFO  server.RaftServerConfigKeys (ConfUtils.java:logGet(46)) - raft.server.log.force.sync.num = 128 (default)
2022-08-05 07:00:10,230 [pool-118-thread-1] INFO  server.RaftServerConfigKeys (ConfUtils.java:logGet(46)) - raft.server.log.statemachine.data.sync = true (default)
2022-08-05 07:00:10,230 [pool-118-thread-1] INFO  server.RaftServerConfigKeys (ConfUtils.java:logGet(46)) - raft.server.log.statemachine.data.sync.timeout = 10s (default)
2022-08-05 07:00:10,230 [pool-118-thread-1] INFO  server.RaftServerConfigKeys (ConfUtils.java:logGet(46)) - raft.server.log.statemachine.data.sync.timeout.retry = -1 (default)
2022-08-05 07:00:10,235 [pool-118-thread-1] INFO  server.RaftServerConfigKeys (ConfUtils.java:logGet(46)) - raft.server.log.write.buffer.size = 1048576 (custom)
2022-08-05 07:00:10,236 [pool-118-thread-1] INFO  server.RaftServerConfigKeys (ConfUtils.java:logGet(46)) - raft.server.log.unsafe-flush.enabled = false (default)
2022-08-05 07:00:10,236 [pool-118-thread-1] INFO  server.RaftServerConfigKeys (ConfUtils.java:logGet(46)) - raft.server.log.statemachine.data.caching.enabled = true (custom)
2022-08-05 07:00:10,236 [pool-118-thread-1] INFO  segmented.SegmentedRaftLogWorker (SegmentedRaftLogWorker.java:lambda$new$0(135)) - 26ed2a23-8c6e-4428-ad05-eb8a9d9728b7@group-5B08F5E4280F-SegmentedRaftLogWorker: flushIndex: setUnconditionally 0 -> -1
2022-08-05 07:00:10,236 [pool-118-thread-1] INFO  segmented.SegmentedRaftLogWorker (SegmentedRaftLogWorker.java:lambda$new$0(135)) - 26ed2a23-8c6e-4428-ad05-eb8a9d9728b7@group-5B08F5E4280F-SegmentedRaftLogWorker: safeCacheEvictIndex: setUnconditionally 0 -> -1
2022-08-05 07:00:10,242 [pool-118-thread-1] INFO  server.RaftServerConfigKeys (ConfUtils.java:logGet(46)) - raft.server.snapshot.auto.trigger.enabled = true (custom)
2022-08-05 07:00:10,242 [pool-118-thread-1] INFO  server.RaftServerConfigKeys (ConfUtils.java:logGet(46)) - raft.server.snapshot.auto.trigger.threshold = 10000 (custom)
2022-08-05 07:00:10,242 [pool-118-thread-1] INFO  server.RaftServerConfigKeys (ConfUtils.java:logGet(46)) - raft.server.snapshot.retention.file.num = 5 (custom)
2022-08-05 07:00:10,242 [pool-118-thread-1] INFO  server.RaftServerConfigKeys (ConfUtils.java:logGet(46)) - raft.server.log.purge.upto.snapshot.index = false (default)
2022-08-05 07:00:10,242 [pool-118-thread-1] INFO  server.RaftServerConfigKeys (ConfUtils.java:logGet(46)) - raft.server.retrycache.expirytime = 600000ms (custom)
2022-08-05 07:00:10,242 [pool-118-thread-1] INFO  server.RaftServerConfigKeys (ConfUtils.java:logGet(46)) - raft.server.retrycache.statistics.expirytime = 100μs (default)
2022-08-05 07:00:10,243 [pool-118-thread-1] INFO  server.RaftServerConfigKeys (ConfUtils.java:logGet(46)) - raft.server.log.appender.install.snapshot.enabled = false (custom)
2022-08-05 07:00:10,243 [pool-118-thread-1] INFO  server.RaftServerConfigKeys (ConfUtils.java:logGet(46)) - raft.server.threadpool.server.cached = true (default)
2022-08-05 07:00:10,243 [pool-118-thread-1] INFO  server.RaftServerConfigKeys (ConfUtils.java:logGet(46)) - raft.server.threadpool.server.size = 0 (default)
2022-08-05 07:00:10,243 [pool-118-thread-1] INFO  server.RaftServerConfigKeys (ConfUtils.java:logGet(46)) - raft.server.threadpool.client.cached = true (default)
2022-08-05 07:00:10,243 [pool-118-thread-1] INFO  server.RaftServerConfigKeys (ConfUtils.java:logGet(46)) - raft.server.threadpool.client.size = 0 (default)
2022-08-05 07:00:10,243 [pool-118-thread-1] INFO  server.RaftServer$Division (RaftServerImpl.java:start(310)) - 26ed2a23-8c6e-4428-ad05-eb8a9d9728b7@group-5B08F5E4280F: start as a follower, conf=-1: [26ed2a23-8c6e-4428-ad05-eb8a9d9728b7|rpc:10.1.0.4:34613|priority:1], old=null
2022-08-05 07:00:10,243 [pool-118-thread-1] INFO  server.RaftServer$Division (RaftServerImpl.java:setRole(299)) - 26ed2a23-8c6e-4428-ad05-eb8a9d9728b7@group-5B08F5E4280F: changes role from      null to FOLLOWER at term 0 for startAsFollower
2022-08-05 07:00:10,243 [pool-118-thread-1] INFO  impl.RoleInfo (RoleInfo.java:updateAndGet(139)) - 26ed2a23-8c6e-4428-ad05-eb8a9d9728b7: start 26ed2a23-8c6e-4428-ad05-eb8a9d9728b7@group-5B08F5E4280F-FollowerState
2022-08-05 07:00:10,244 [EventQueue-PipelineReportForPipelineReportHandler] INFO  pipeline.PipelineManagerImpl (PipelineManagerImpl.java:openPipeline(367)) - Pipeline Pipeline[ Id: 3e5b2719-89b3-4dd1-b50f-5b08f5e4280f, Nodes: 26ed2a23-8c6e-4428-ad05-eb8a9d9728b7{ip: 10.1.0.4, host: fv-az21-954.v4iizcarkezebbfea14bcgzyke.bx.internal.cloudapp.net, ports: [REPLICATION=40603, RATIS=34613, RATIS_ADMIN=34613, RATIS_SERVER=34613, STANDALONE=42335], networkLocation: /default-rack, certSerialId: null, persistedOpState: IN_SERVICE, persistedOpStateExpiryEpochSec: 0}, ReplicationConfig: RATIS/ONE, State:ALLOCATED, leaderId:26ed2a23-8c6e-4428-ad05-eb8a9d9728b7, CreationTimestamp2022-08-05T07:00:07.209Z[Etc/UTC]] moved to OPEN state
2022-08-05 07:00:10,244 [EventQueue-OpenPipelineForHealthyPipelineSafeModeRule] INFO  safemode.SCMSafeModeManager (HealthyPipelineSafeModeRule.java:process(137)) - SCM in safe mode. Healthy pipelines reported count is 0, required healthy pipeline reported count is 1
2022-08-05 07:00:10,250 [pool-118-thread-1] INFO  util.JmxRegister (JmxRegister.java:tryRegister(44)) - Successfully registered JMX Bean with object name Ratis:service=RaftServer,group=group-5B08F5E4280F,id=26ed2a23-8c6e-4428-ad05-eb8a9d9728b7
2022-08-05 07:00:10,256 [Command processor thread] INFO  ratis.XceiverServerRatis (XceiverServerRatis.java:addGroup(765)) - Created group PipelineID=3e5b2719-89b3-4dd1-b50f-5b08f5e4280f
2022-08-05 07:00:10,257 [Command processor thread] INFO  commandhandler.CreatePipelineCommandHandler (CreatePipelineCommandHandler.java:handle(113)) - Created Pipeline RATIS ONE PipelineID=3e5b2719-89b3-4dd1-b50f-5b08f5e4280f.
2022-08-05 07:00:10,257 [Command processor thread] INFO  server.RaftServer (RaftServerProxy.java:addNew(96)) - 26ed2a23-8c6e-4428-ad05-eb8a9d9728b7: addNew group-BFF43A9ED7F7:[26ed2a23-8c6e-4428-ad05-eb8a9d9728b7|rpc:10.1.0.4:34613|priority:1, 6678316d-e7a5-47b6-a27b-b09245ec3204|rpc:10.1.0.4:42757|priority:0, 54373283-022a-4090-818d-dea0c6bd05a6|rpc:10.1.0.4:36791|priority:0] returns group-BFF43A9ED7F7:java.util.concurrent.CompletableFuture@1f1b835f[Not completed]
2022-08-05 07:00:10,258 [pool-118-thread-1] INFO  server.RaftServer$Division (RaftServerImpl.java:<init>(190)) - 26ed2a23-8c6e-4428-ad05-eb8a9d9728b7: new RaftServerImpl for group-BFF43A9ED7F7:[26ed2a23-8c6e-4428-ad05-eb8a9d9728b7|rpc:10.1.0.4:34613|priority:1, 6678316d-e7a5-47b6-a27b-b09245ec3204|rpc:10.1.0.4:42757|priority:0, 54373283-022a-4090-818d-dea0c6bd05a6|rpc:10.1.0.4:36791|priority:0] with ContainerStateMachine:uninitialized
2022-08-05 07:00:10,258 [pool-118-thread-1] INFO  server.RaftServerConfigKeys (ConfUtils.java:logGet(46)) - raft.server.rpc.timeout.min = 5s (custom)
2022-08-05 07:00:10,258 [pool-118-thread-1] INFO  server.RaftServerConfigKeys (ConfUtils.java:logGet(46)) - raft.server.rpc.timeout.max = 5200ms (custom)
2022-08-05 07:00:10,258 [pool-118-thread-1] INFO  server.RaftServerConfigKeys (ConfUtils.java:logGet(46)) - raft.server.rpc.sleep.time = 25ms (default)
2022-08-05 07:00:10,258 [pool-118-thread-1] INFO  server.RaftServerConfigKeys (ConfUtils.java:logGet(46)) - raft.server.rpc.slowness.timeout = 300s (custom)
2022-08-05 07:00:10,258 [pool-118-thread-1] INFO  server.RaftServerConfigKeys (ConfUtils.java:logGet(46)) - raft.server.leaderelection.leader.step-down.wait-time = 10s (default)
2022-08-05 07:00:10,258 [pool-118-thread-1] INFO  server.RaftServerConfigKeys (ConfUtils.java:logGet(46)) - raft.server.sleep.deviation.threshold = 300ms (default)
2022-08-05 07:00:10,258 [pool-118-thread-1] INFO  server.RaftServer$Division (ServerState.java:<init>(107)) - 26ed2a23-8c6e-4428-ad05-eb8a9d9728b7@group-BFF43A9ED7F7: ConfigurationManager, init=-1: [26ed2a23-8c6e-4428-ad05-eb8a9d9728b7|rpc:10.1.0.4:34613|priority:1, 6678316d-e7a5-47b6-a27b-b09245ec3204|rpc:10.1.0.4:42757|priority:0, 54373283-022a-4090-818d-dea0c6bd05a6|rpc:10.1.0.4:36791|priority:0], old=null, confs=<EMPTY_MAP>
2022-08-05 07:00:10,258 [pool-118-thread-1] INFO  server.RaftServerConfigKeys (ConfUtils.java:logGet(46)) - raft.server.storage.dir = [/home/runner/work/ozone/ozone/hadoop-ozone/integration-test/target/test-dir/MiniOzoneClusterImpl-bb0a6680-cc6d-4375-b258-2c4cc626dd81/datanode-2/data/ratis] (custom)
2022-08-05 07:00:10,259 [pool-118-thread-1] INFO  server.RaftServerConfigKeys (ConfUtils.java:logGet(46)) - raft.server.log.corruption.policy = EXCEPTION (default)
2022-08-05 07:00:10,259 [pool-118-thread-1] INFO  server.RaftServerConfigKeys (ConfUtils.java:logGet(46)) - raft.server.storage.free-space.min = 0MB (=0) (default)
2022-08-05 07:00:10,259 [pool-118-thread-1] INFO  storage.RaftStorageDirectory (RaftStorageDirectoryImpl.java:analyzeStorage(135)) - The storage directory /home/runner/work/ozone/ozone/hadoop-ozone/integration-test/target/test-dir/MiniOzoneClusterImpl-bb0a6680-cc6d-4375-b258-2c4cc626dd81/datanode-2/data/ratis/d510d3c0-51ec-4941-a6f4-bff43a9ed7f7 does not exist. Creating ...
2022-08-05 07:00:10,265 [pool-118-thread-1] INFO  storage.RaftStorageDirectory (RaftStorageDirectoryImpl.java:tryLock(230)) - Lock on /home/runner/work/ozone/ozone/hadoop-ozone/integration-test/target/test-dir/MiniOzoneClusterImpl-bb0a6680-cc6d-4375-b258-2c4cc626dd81/datanode-2/data/ratis/d510d3c0-51ec-4941-a6f4-bff43a9ed7f7/in_use.lock acquired by nodename 7742@fv-az21-954
2022-08-05 07:00:10,266 [pool-118-thread-1] INFO  storage.RaftStorage (RaftStorageImpl.java:format(89)) - Storage directory /home/runner/work/ozone/ozone/hadoop-ozone/integration-test/target/test-dir/MiniOzoneClusterImpl-bb0a6680-cc6d-4375-b258-2c4cc626dd81/datanode-2/data/ratis/d510d3c0-51ec-4941-a6f4-bff43a9ed7f7 has been successfully formatted.
2022-08-05 07:00:10,267 [pool-118-thread-1] INFO  ratis.ContainerStateMachine (ContainerStateMachine.java:loadSnapshot(236)) - group-BFF43A9ED7F7: The snapshot info is null. Setting the last applied indexto:(t:0, i:~)
2022-08-05 07:00:10,267 [pool-118-thread-1] INFO  server.RaftServerConfigKeys (ConfUtils.java:logGet(46)) - raft.server.notification.no-leader.timeout = 300s (custom)
2022-08-05 07:00:10,267 [pool-118-thread-1] INFO  server.RaftServerConfigKeys (ConfUtils.java:logGet(46)) - raft.server.log.use.memory = false (default)
2022-08-05 07:00:10,267 [pool-118-thread-1] INFO  server.RaftServerConfigKeys (ConfUtils.java:logGet(46)) - raft.server.log.purge.gap = 1000000 (custom)
2022-08-05 07:00:10,267 [pool-118-thread-1] INFO  server.RaftServerConfigKeys (ConfUtils.java:logGet(46)) - raft.server.log.appender.buffer.byte-limit = 33554432 (custom)
2022-08-05 07:00:10,267 [pool-118-thread-1] INFO  server.RaftServerConfigKeys (ConfUtils.java:logGet(46)) - raft.server.log.statemachine.data.read.timeout = 1000ms (default)
2022-08-05 07:00:10,267 [pool-118-thread-1] INFO  server.RaftServerConfigKeys (ConfUtils.java:logGet(46)) - raft.server.log.segment.size.max = 1048576 (custom)
2022-08-05 07:00:10,267 [pool-118-thread-1] INFO  server.RaftServerConfigKeys (ConfUtils.java:logGet(46)) - raft.server.log.segment.cache.num.max = 2 (custom)
2022-08-05 07:00:10,268 [pool-118-thread-1] INFO  server.RaftServerConfigKeys (ConfUtils.java:logGet(46)) - raft.server.log.segment.cache.size.max = 200MB (=209715200) (default)
2022-08-05 07:00:10,268 [pool-118-thread-1] INFO  segmented.SegmentedRaftLogWorker (SegmentedRaftLogWorker.java:<init>(187)) - new 26ed2a23-8c6e-4428-ad05-eb8a9d9728b7@group-BFF43A9ED7F7-SegmentedRaftLogWorker for RaftStorageImpl:Storage Directory /home/runner/work/ozone/ozone/hadoop-ozone/integration-test/target/test-dir/MiniOzoneClusterImpl-bb0a6680-cc6d-4375-b258-2c4cc626dd81/datanode-2/data/ratis/d510d3c0-51ec-4941-a6f4-bff43a9ed7f7
2022-08-05 07:00:10,268 [pool-118-thread-1] INFO  server.RaftServerConfigKeys (ConfUtils.java:logGet(46)) - raft.server.log.queue.byte-limit = 4294967296 (custom)
2022-08-05 07:00:10,268 [pool-118-thread-1] INFO  server.RaftServerConfigKeys (ConfUtils.java:logGet(46)) - raft.server.log.queue.element-limit = 1024 (custom)
2022-08-05 07:00:10,268 [pool-118-thread-1] INFO  server.RaftServerConfigKeys (ConfUtils.java:logGet(46)) - raft.server.log.segment.size.max = 1048576 (custom)
2022-08-05 07:00:10,268 [pool-118-thread-1] INFO  server.RaftServerConfigKeys (ConfUtils.java:logGet(46)) - raft.server.log.preallocated.size = 16384 (custom)
2022-08-05 07:00:10,268 [pool-118-thread-1] INFO  server.RaftServerConfigKeys (ConfUtils.java:logGet(46)) - raft.server.log.force.sync.num = 128 (default)
2022-08-05 07:00:10,268 [pool-118-thread-1] INFO  server.RaftServerConfigKeys (ConfUtils.java:logGet(46)) - raft.server.log.statemachine.data.sync = true (default)
2022-08-05 07:00:10,268 [pool-118-thread-1] INFO  server.RaftServerConfigKeys (ConfUtils.java:logGet(46)) - raft.server.log.statemachine.data.sync.timeout = 10s (default)
2022-08-05 07:00:10,268 [pool-118-thread-1] INFO  server.RaftServerConfigKeys (ConfUtils.java:logGet(46)) - raft.server.log.statemachine.data.sync.timeout.retry = -1 (default)
2022-08-05 07:00:10,268 [pool-118-thread-1] INFO  server.RaftServerConfigKeys (ConfUtils.java:logGet(46)) - raft.server.log.write.buffer.size = 1048576 (custom)
2022-08-05 07:00:10,269 [pool-118-thread-1] INFO  server.RaftServerConfigKeys (ConfUtils.java:logGet(46)) - raft.server.log.unsafe-flush.enabled = false (default)
2022-08-05 07:00:10,269 [pool-118-thread-1] INFO  server.RaftServerConfigKeys (ConfUtils.java:logGet(46)) - raft.server.log.statemachine.data.caching.enabled = true (custom)
2022-08-05 07:00:10,269 [pool-118-thread-1] INFO  segmented.SegmentedRaftLogWorker (SegmentedRaftLogWorker.java:lambda$new$0(135)) - 26ed2a23-8c6e-4428-ad05-eb8a9d9728b7@group-BFF43A9ED7F7-SegmentedRaftLogWorker: flushIndex: setUnconditionally 0 -> -1
2022-08-05 07:00:10,269 [pool-118-thread-1] INFO  segmented.SegmentedRaftLogWorker (SegmentedRaftLogWorker.java:lambda$new$0(135)) - 26ed2a23-8c6e-4428-ad05-eb8a9d9728b7@group-BFF43A9ED7F7-SegmentedRaftLogWorker: safeCacheEvictIndex: setUnconditionally 0 -> -1
2022-08-05 07:00:10,270 [pool-118-thread-1] INFO  server.RaftServerConfigKeys (ConfUtils.java:logGet(46)) - raft.server.snapshot.auto.trigger.enabled = true (custom)
2022-08-05 07:00:10,270 [pool-118-thread-1] INFO  server.RaftServerConfigKeys (ConfUtils.java:logGet(46)) - raft.server.snapshot.auto.trigger.threshold = 10000 (custom)
2022-08-05 07:00:10,270 [pool-118-thread-1] INFO  server.RaftServerConfigKeys (ConfUtils.java:logGet(46)) - raft.server.snapshot.retention.file.num = 5 (custom)
2022-08-05 07:00:10,270 [pool-118-thread-1] INFO  server.RaftServerConfigKeys (ConfUtils.java:logGet(46)) - raft.server.log.purge.upto.snapshot.index = false (default)
2022-08-05 07:00:10,270 [pool-118-thread-1] INFO  server.RaftServerConfigKeys (ConfUtils.java:logGet(46)) - raft.server.retrycache.expirytime = 600000ms (custom)
2022-08-05 07:00:10,270 [pool-118-thread-1] INFO  server.RaftServerConfigKeys (ConfUtils.java:logGet(46)) - raft.server.retrycache.statistics.expirytime = 100μs (default)
2022-08-05 07:00:10,271 [pool-118-thread-1] INFO  server.RaftServerConfigKeys (ConfUtils.java:logGet(46)) - raft.server.log.appender.install.snapshot.enabled = false (custom)
2022-08-05 07:00:10,271 [pool-118-thread-1] INFO  server.RaftServerConfigKeys (ConfUtils.java:logGet(46)) - raft.server.threadpool.server.cached = true (default)
2022-08-05 07:00:10,271 [pool-118-thread-1] INFO  server.RaftServerConfigKeys (ConfUtils.java:logGet(46)) - raft.server.threadpool.server.size = 0 (default)
2022-08-05 07:00:10,271 [pool-118-thread-1] INFO  server.RaftServerConfigKeys (ConfUtils.java:logGet(46)) - raft.server.threadpool.client.cached = true (default)
2022-08-05 07:00:10,271 [pool-118-thread-1] INFO  server.RaftServerConfigKeys (ConfUtils.java:logGet(46)) - raft.server.threadpool.client.size = 0 (default)
2022-08-05 07:00:10,271 [pool-118-thread-1] INFO  server.RaftServer$Division (RaftServerImpl.java:start(310)) - 26ed2a23-8c6e-4428-ad05-eb8a9d9728b7@group-BFF43A9ED7F7: start as a follower, conf=-1: [26ed2a23-8c6e-4428-ad05-eb8a9d9728b7|rpc:10.1.0.4:34613|priority:1, 6678316d-e7a5-47b6-a27b-b09245ec3204|rpc:10.1.0.4:42757|priority:0, 54373283-022a-4090-818d-dea0c6bd05a6|rpc:10.1.0.4:36791|priority:0], old=null
2022-08-05 07:00:10,271 [pool-118-thread-1] INFO  server.RaftServer$Division (RaftServerImpl.java:setRole(299)) - 26ed2a23-8c6e-4428-ad05-eb8a9d9728b7@group-BFF43A9ED7F7: changes role from      null to FOLLOWER at term 0 for startAsFollower
2022-08-05 07:00:10,271 [pool-118-thread-1] INFO  impl.RoleInfo (RoleInfo.java:updateAndGet(139)) - 26ed2a23-8c6e-4428-ad05-eb8a9d9728b7: start 26ed2a23-8c6e-4428-ad05-eb8a9d9728b7@group-BFF43A9ED7F7-FollowerState
2022-08-05 07:00:10,274 [pool-118-thread-1] INFO  util.JmxRegister (JmxRegister.java:tryRegister(44)) - Successfully registered JMX Bean with object name Ratis:service=RaftServer,group=group-BFF43A9ED7F7,id=26ed2a23-8c6e-4428-ad05-eb8a9d9728b7
2022-08-05 07:00:10,276 [Command processor thread] INFO  ratis.XceiverServerRatis (XceiverServerRatis.java:addGroup(765)) - Created group PipelineID=d510d3c0-51ec-4941-a6f4-bff43a9ed7f7
2022-08-05 07:00:10,280 [EventQueue-OpenPipelineForHealthyPipelineSafeModeRule] INFO  safemode.SCMSafeModeManager (HealthyPipelineSafeModeRule.java:process(137)) - SCM in safe mode. Healthy pipelines reported count is 0, required healthy pipeline reported count is 1
2022-08-05 07:00:10,301 [Command processor thread] INFO  commandhandler.CreatePipelineCommandHandler (CreatePipelineCommandHandler.java:handle(113)) - Created Pipeline RATIS THREE PipelineID=d510d3c0-51ec-4941-a6f4-bff43a9ed7f7.
2022-08-05 07:00:10,332 [Command processor thread] INFO  commandhandler.CreatePipelineCommandHandler (CreatePipelineCommandHandler.java:handle(113)) - Created Pipeline RATIS THREE PipelineID=d510d3c0-51ec-4941-a6f4-bff43a9ed7f7.
2022-08-05 07:00:11,222 [Listener at 127.0.0.1/35351] INFO  ozone.MiniOzoneClusterImpl (MiniOzoneClusterImpl.java:lambda$waitForClusterToBeReady$0(216)) - Nodes are ready. Got 3 of 3 DN Heartbeats.
2022-08-05 07:00:11,222 [Listener at 127.0.0.1/35351] INFO  ozone.MiniOzoneClusterImpl (MiniOzoneClusterImpl.java:lambda$waitForClusterToBeReady$0(219)) - Waiting for cluster to exit safe mode
2022-08-05 07:00:11,222 [Listener at 127.0.0.1/35351] INFO  ozone.MiniOzoneClusterImpl (MiniOzoneClusterImpl.java:lambda$waitForClusterToBeReady$0(221)) - SCM became leader
2022-08-05 07:00:12,223 [Listener at 127.0.0.1/35351] INFO  ozone.MiniOzoneClusterImpl (MiniOzoneClusterImpl.java:lambda$waitForClusterToBeReady$0(216)) - Nodes are ready. Got 3 of 3 DN Heartbeats.
2022-08-05 07:00:12,223 [Listener at 127.0.0.1/35351] INFO  ozone.MiniOzoneClusterImpl (MiniOzoneClusterImpl.java:lambda$waitForClusterToBeReady$0(219)) - Waiting for cluster to exit safe mode
2022-08-05 07:00:12,223 [Listener at 127.0.0.1/35351] INFO  ozone.MiniOzoneClusterImpl (MiniOzoneClusterImpl.java:lambda$waitForClusterToBeReady$0(221)) - SCM became leader
2022-08-05 07:00:13,223 [Listener at 127.0.0.1/35351] INFO  ozone.MiniOzoneClusterImpl (MiniOzoneClusterImpl.java:lambda$waitForClusterToBeReady$0(216)) - Nodes are ready. Got 3 of 3 DN Heartbeats.
2022-08-05 07:00:13,224 [Listener at 127.0.0.1/35351] INFO  ozone.MiniOzoneClusterImpl (MiniOzoneClusterImpl.java:lambda$waitForClusterToBeReady$0(219)) - Waiting for cluster to exit safe mode
2022-08-05 07:00:13,224 [Listener at 127.0.0.1/35351] INFO  ozone.MiniOzoneClusterImpl (MiniOzoneClusterImpl.java:lambda$waitForClusterToBeReady$0(221)) - SCM became leader
2022-08-05 07:00:14,224 [Listener at 127.0.0.1/35351] INFO  ozone.MiniOzoneClusterImpl (MiniOzoneClusterImpl.java:lambda$waitForClusterToBeReady$0(216)) - Nodes are ready. Got 3 of 3 DN Heartbeats.
2022-08-05 07:00:14,224 [Listener at 127.0.0.1/35351] INFO  ozone.MiniOzoneClusterImpl (MiniOzoneClusterImpl.java:lambda$waitForClusterToBeReady$0(219)) - Waiting for cluster to exit safe mode
2022-08-05 07:00:14,224 [Listener at 127.0.0.1/35351] INFO  ozone.MiniOzoneClusterImpl (MiniOzoneClusterImpl.java:lambda$waitForClusterToBeReady$0(221)) - SCM became leader
2022-08-05 07:00:14,494 [6678316d-e7a5-47b6-a27b-b09245ec3204@group-5E5E5677D512-FollowerState] INFO  impl.FollowerState (FollowerState.java:run(143)) - 6678316d-e7a5-47b6-a27b-b09245ec3204@group-5E5E5677D512-FollowerState: change to CANDIDATE, lastRpcElapsedTime:5061544744ns, electionTimeout:5048ms
2022-08-05 07:00:14,494 [6678316d-e7a5-47b6-a27b-b09245ec3204@group-5E5E5677D512-FollowerState] INFO  impl.RoleInfo (RoleInfo.java:shutdownFollowerState(110)) - 6678316d-e7a5-47b6-a27b-b09245ec3204: shutdown 6678316d-e7a5-47b6-a27b-b09245ec3204@group-5E5E5677D512-FollowerState
2022-08-05 07:00:14,494 [6678316d-e7a5-47b6-a27b-b09245ec3204@group-5E5E5677D512-FollowerState] INFO  server.RaftServer$Division (RaftServerImpl.java:setRole(299)) - 6678316d-e7a5-47b6-a27b-b09245ec3204@group-5E5E5677D512: changes role from  FOLLOWER to CANDIDATE at term 0 for changeToCandidate
2022-08-05 07:00:14,494 [6678316d-e7a5-47b6-a27b-b09245ec3204@group-5E5E5677D512-FollowerState] INFO  server.RaftServerConfigKeys (ConfUtils.java:logGet(46)) - raft.server.leaderelection.pre-vote = false (custom)
2022-08-05 07:00:14,494 [6678316d-e7a5-47b6-a27b-b09245ec3204@group-5E5E5677D512-FollowerState] INFO  impl.RoleInfo (RoleInfo.java:updateAndGet(139)) - 6678316d-e7a5-47b6-a27b-b09245ec3204: start 6678316d-e7a5-47b6-a27b-b09245ec3204@group-5E5E5677D512-LeaderElection2
2022-08-05 07:00:14,503 [6678316d-e7a5-47b6-a27b-b09245ec3204@group-5E5E5677D512-LeaderElection2] INFO  impl.LeaderElection (LeaderElection.java:askForVotes(310)) - 6678316d-e7a5-47b6-a27b-b09245ec3204@group-5E5E5677D512-LeaderElection2 ELECTION round 0: submit vote requests at term 1 for -1: [6678316d-e7a5-47b6-a27b-b09245ec3204|rpc:10.1.0.4:42757|priority:1], old=null
2022-08-05 07:00:14,504 [6678316d-e7a5-47b6-a27b-b09245ec3204@group-5E5E5677D512-LeaderElection2] INFO  impl.LeaderElection (LeaderElection.java:askForVotes(312)) - 6678316d-e7a5-47b6-a27b-b09245ec3204@group-5E5E5677D512-LeaderElection2 ELECTION round 0: result PASSED (term=1)
2022-08-05 07:00:14,504 [6678316d-e7a5-47b6-a27b-b09245ec3204@group-5E5E5677D512-LeaderElection2] INFO  impl.RoleInfo (RoleInfo.java:shutdownLeaderElection(130)) - 6678316d-e7a5-47b6-a27b-b09245ec3204: shutdown 6678316d-e7a5-47b6-a27b-b09245ec3204@group-5E5E5677D512-LeaderElection2
2022-08-05 07:00:14,504 [6678316d-e7a5-47b6-a27b-b09245ec3204@group-5E5E5677D512-LeaderElection2] INFO  server.RaftServer$Division (RaftServerImpl.java:setRole(299)) - 6678316d-e7a5-47b6-a27b-b09245ec3204@group-5E5E5677D512: changes role from CANDIDATE to LEADER at term 1 for changeToLeader
2022-08-05 07:00:14,504 [6678316d-e7a5-47b6-a27b-b09245ec3204@group-5E5E5677D512-LeaderElection2] INFO  ratis.XceiverServerRatis (XceiverServerRatis.java:handleLeaderChangedNotification(863)) - Leader change notification received for group: group-5E5E5677D512 with new leaderId: 6678316d-e7a5-47b6-a27b-b09245ec3204
2022-08-05 07:00:14,504 [6678316d-e7a5-47b6-a27b-b09245ec3204@group-5E5E5677D512-LeaderElection2] INFO  server.RaftServer$Division (ServerState.java:setLeader(287)) - 6678316d-e7a5-47b6-a27b-b09245ec3204@group-5E5E5677D512: change Leader from null to 6678316d-e7a5-47b6-a27b-b09245ec3204 at term 1 for becomeLeader, leader elected after 5078ms
2022-08-05 07:00:14,504 [6678316d-e7a5-47b6-a27b-b09245ec3204@group-5E5E5677D512-LeaderElection2] INFO  server.RaftServerConfigKeys (ConfUtils.java:logGet(46)) - raft.server.staging.catchup.gap = 1000 (default)
2022-08-05 07:00:14,504 [6678316d-e7a5-47b6-a27b-b09245ec3204@group-5E5E5677D512-LeaderElection2] INFO  server.RaftServerConfigKeys (ConfUtils.java:logGet(46)) - raft.server.write.element-limit = 1024 (custom)
2022-08-05 07:00:14,504 [6678316d-e7a5-47b6-a27b-b09245ec3204@group-5E5E5677D512-LeaderElection2] INFO  server.RaftServerConfigKeys (ConfUtils.java:logGet(46)) - raft.server.write.byte-limit = 1024 M (=1073741824) (custom)
2022-08-05 07:00:14,505 [6678316d-e7a5-47b6-a27b-b09245ec3204@group-5E5E5677D512-LeaderElection2] INFO  server.RaftServerConfigKeys (ConfUtils.java:logGet(46)) - raft.server.watch.timeout = 180s (custom)
2022-08-05 07:00:14,505 [6678316d-e7a5-47b6-a27b-b09245ec3204@group-5E5E5677D512-LeaderElection2] INFO  server.RaftServerConfigKeys (ConfUtils.java:logGet(46)) - raft.server.watch.timeout.denomination = 1s (default)
2022-08-05 07:00:14,505 [6678316d-e7a5-47b6-a27b-b09245ec3204@group-5E5E5677D512-LeaderElection2] INFO  server.RaftServerConfigKeys (ConfUtils.java:logGet(46)) - raft.server.watch.element-limit = 65536 (default)
2022-08-05 07:00:14,505 [6678316d-e7a5-47b6-a27b-b09245ec3204@group-5E5E5677D512-LeaderElection2] INFO  server.RaftServerConfigKeys (ConfUtils.java:logGet(46)) - raft.server.write.element-limit = 1024 (custom)
2022-08-05 07:00:14,505 [6678316d-e7a5-47b6-a27b-b09245ec3204@group-5E5E5677D512-LeaderElection2] INFO  server.RaftServerConfigKeys (ConfUtils.java:logGet(46)) - raft.server.write.follower.gap.ratio.max = -1.0 (default)
2022-08-05 07:00:14,505 [6678316d-e7a5-47b6-a27b-b09245ec3204@group-5E5E5677D512-LeaderElection2] INFO  impl.RoleInfo (RoleInfo.java:updateAndGet(139)) - 6678316d-e7a5-47b6-a27b-b09245ec3204: start 6678316d-e7a5-47b6-a27b-b09245ec3204@group-5E5E5677D512-LeaderStateImpl
2022-08-05 07:00:14,505 [6678316d-e7a5-47b6-a27b-b09245ec3204@group-5E5E5677D512-LeaderElection2] INFO  segmented.SegmentedRaftLogWorker (SegmentedRaftLogWorker.java:startLogSegment(425)) - 6678316d-e7a5-47b6-a27b-b09245ec3204@group-5E5E5677D512-SegmentedRaftLogWorker: Starting segment from index:0
2022-08-05 07:00:14,507 [6678316d-e7a5-47b6-a27b-b09245ec3204@group-5E5E5677D512-SegmentedRaftLogWorker] INFO  segmented.SegmentedRaftLogWorker (SegmentedRaftLogWorker.java:execute(629)) - 6678316d-e7a5-47b6-a27b-b09245ec3204@group-5E5E5677D512-SegmentedRaftLogWorker: created new log segment /home/runner/work/ozone/ozone/hadoop-ozone/integration-test/target/test-dir/MiniOzoneClusterImpl-bb0a6680-cc6d-4375-b258-2c4cc626dd81/datanode-0/data/ratis/f9c49da0-6f6e-49ae-9c09-5e5e5677d512/current/log_inprogress_0
2022-08-05 07:00:14,515 [EventQueue-OpenPipelineForHealthyPipelineSafeModeRule] INFO  safemode.SCMSafeModeManager (HealthyPipelineSafeModeRule.java:process(137)) - SCM in safe mode. Healthy pipelines reported count is 0, required healthy pipeline reported count is 1
2022-08-05 07:00:14,520 [6678316d-e7a5-47b6-a27b-b09245ec3204@group-5E5E5677D512-LeaderElection2] INFO  server.RaftServer$Division (ServerState.java:setRaftConf(393)) - 6678316d-e7a5-47b6-a27b-b09245ec3204@group-5E5E5677D512: set configuration 0: [6678316d-e7a5-47b6-a27b-b09245ec3204|rpc:10.1.0.4:42757|dataStream:|priority:1], old=null
2022-08-05 07:00:14,643 [6678316d-e7a5-47b6-a27b-b09245ec3204@group-DD057345D6D6-FollowerState] INFO  impl.FollowerState (FollowerState.java:run(143)) - 6678316d-e7a5-47b6-a27b-b09245ec3204@group-DD057345D6D6-FollowerState: change to CANDIDATE, lastRpcElapsedTime:5168236329ns, electionTimeout:5167ms
2022-08-05 07:00:14,645 [6678316d-e7a5-47b6-a27b-b09245ec3204@group-DD057345D6D6-FollowerState] INFO  impl.RoleInfo (RoleInfo.java:shutdownFollowerState(110)) - 6678316d-e7a5-47b6-a27b-b09245ec3204: shutdown 6678316d-e7a5-47b6-a27b-b09245ec3204@group-DD057345D6D6-FollowerState
2022-08-05 07:00:14,645 [6678316d-e7a5-47b6-a27b-b09245ec3204@group-DD057345D6D6-FollowerState] INFO  server.RaftServer$Division (RaftServerImpl.java:setRole(299)) - 6678316d-e7a5-47b6-a27b-b09245ec3204@group-DD057345D6D6: changes role from  FOLLOWER to CANDIDATE at term 0 for changeToCandidate
2022-08-05 07:00:14,645 [6678316d-e7a5-47b6-a27b-b09245ec3204@group-DD057345D6D6-FollowerState] INFO  server.RaftServerConfigKeys (ConfUtils.java:logGet(46)) - raft.server.leaderelection.pre-vote = false (custom)
2022-08-05 07:00:14,645 [6678316d-e7a5-47b6-a27b-b09245ec3204@group-DD057345D6D6-FollowerState] INFO  impl.RoleInfo (RoleInfo.java:updateAndGet(139)) - 6678316d-e7a5-47b6-a27b-b09245ec3204: start 6678316d-e7a5-47b6-a27b-b09245ec3204@group-DD057345D6D6-LeaderElection3
2022-08-05 07:00:14,648 [6678316d-e7a5-47b6-a27b-b09245ec3204@group-DD057345D6D6-LeaderElection3] INFO  impl.LeaderElection (LeaderElection.java:askForVotes(310)) - 6678316d-e7a5-47b6-a27b-b09245ec3204@group-DD057345D6D6-LeaderElection3 ELECTION round 0: submit vote requests at term 1 for -1: [26ed2a23-8c6e-4428-ad05-eb8a9d9728b7|rpc:10.1.0.4:34613|priority:0, 6678316d-e7a5-47b6-a27b-b09245ec3204|rpc:10.1.0.4:42757|priority:1, 54373283-022a-4090-818d-dea0c6bd05a6|rpc:10.1.0.4:36791|priority:0], old=null
2022-08-05 07:00:14,676 [grpc-default-executor-0] INFO  server.RaftServer$Division (RaftServerImpl.java:requestVote(1152)) - 54373283-022a-4090-818d-dea0c6bd05a6@group-DD057345D6D6: receive requestVote(ELECTION, 6678316d-e7a5-47b6-a27b-b09245ec3204, group-DD057345D6D6, 1, (t:0, i:0))
2022-08-05 07:00:14,678 [grpc-default-executor-0] INFO  impl.VoteContext (VoteContext.java:log(48)) - 54373283-022a-4090-818d-dea0c6bd05a6@group-DD057345D6D6-FOLLOWER: accept ELECTION from 6678316d-e7a5-47b6-a27b-b09245ec3204: our priority 0 <= candidate's priority 1
2022-08-05 07:00:14,678 [grpc-default-executor-0] INFO  server.RaftServer$Division (RaftServerImpl.java:setRole(299)) - 54373283-022a-4090-818d-dea0c6bd05a6@group-DD057345D6D6: changes role from  FOLLOWER to FOLLOWER at term 1 for candidate:6678316d-e7a5-47b6-a27b-b09245ec3204
2022-08-05 07:00:14,678 [grpc-default-executor-0] INFO  impl.RoleInfo (RoleInfo.java:shutdownFollowerState(110)) - 54373283-022a-4090-818d-dea0c6bd05a6: shutdown 54373283-022a-4090-818d-dea0c6bd05a6@group-DD057345D6D6-FollowerState
2022-08-05 07:00:14,679 [54373283-022a-4090-818d-dea0c6bd05a6@group-DD057345D6D6-FollowerState] INFO  impl.FollowerState (FollowerState.java:run(152)) - 54373283-022a-4090-818d-dea0c6bd05a6@group-DD057345D6D6-FollowerState was interrupted
2022-08-05 07:00:14,679 [grpc-default-executor-0] INFO  impl.RoleInfo (RoleInfo.java:updateAndGet(139)) - 54373283-022a-4090-818d-dea0c6bd05a6: start 54373283-022a-4090-818d-dea0c6bd05a6@group-DD057345D6D6-FollowerState
2022-08-05 07:00:14,694 [grpc-default-executor-0] INFO  server.RaftServer$Division (RaftServerImpl.java:requestVote(1184)) - 54373283-022a-4090-818d-dea0c6bd05a6@group-DD057345D6D6 replies to ELECTION vote request: 6678316d-e7a5-47b6-a27b-b09245ec3204<-54373283-022a-4090-818d-dea0c6bd05a6#0:OK-t1. Peer's state: 54373283-022a-4090-818d-dea0c6bd05a6@group-DD057345D6D6:t1, leader=null, voted=6678316d-e7a5-47b6-a27b-b09245ec3204, raftlog=54373283-022a-4090-818d-dea0c6bd05a6@group-DD057345D6D6-SegmentedRaftLog:OPENED:c-1, conf=-1: [26ed2a23-8c6e-4428-ad05-eb8a9d9728b7|rpc:10.1.0.4:34613|priority:0, 6678316d-e7a5-47b6-a27b-b09245ec3204|rpc:10.1.0.4:42757|priority:1, 54373283-022a-4090-818d-dea0c6bd05a6|rpc:10.1.0.4:36791|priority:0], old=null
2022-08-05 07:00:14,696 [grpc-default-executor-1] INFO  server.RaftServer$Division (RaftServerImpl.java:requestVote(1152)) - 26ed2a23-8c6e-4428-ad05-eb8a9d9728b7@group-DD057345D6D6: receive requestVote(ELECTION, 6678316d-e7a5-47b6-a27b-b09245ec3204, group-DD057345D6D6, 1, (t:0, i:0))
2022-08-05 07:00:14,696 [grpc-default-executor-1] INFO  impl.VoteContext (VoteContext.java:log(48)) - 26ed2a23-8c6e-4428-ad05-eb8a9d9728b7@group-DD057345D6D6-FOLLOWER: accept ELECTION from 6678316d-e7a5-47b6-a27b-b09245ec3204: our priority 0 <= candidate's priority 1
2022-08-05 07:00:14,697 [grpc-default-executor-1] INFO  server.RaftServer$Division (RaftServerImpl.java:setRole(299)) - 26ed2a23-8c6e-4428-ad05-eb8a9d9728b7@group-DD057345D6D6: changes role from  FOLLOWER to FOLLOWER at term 1 for candidate:6678316d-e7a5-47b6-a27b-b09245ec3204
2022-08-05 07:00:14,697 [grpc-default-executor-1] INFO  impl.RoleInfo (RoleInfo.java:shutdownFollowerState(110)) - 26ed2a23-8c6e-4428-ad05-eb8a9d9728b7: shutdown 26ed2a23-8c6e-4428-ad05-eb8a9d9728b7@group-DD057345D6D6-FollowerState
2022-08-05 07:00:14,697 [grpc-default-executor-1] INFO  impl.RoleInfo (RoleInfo.java:updateAndGet(139)) - 26ed2a23-8c6e-4428-ad05-eb8a9d9728b7: start 26ed2a23-8c6e-4428-ad05-eb8a9d9728b7@group-DD057345D6D6-FollowerState
2022-08-05 07:00:14,697 [26ed2a23-8c6e-4428-ad05-eb8a9d9728b7@group-DD057345D6D6-FollowerState] INFO  impl.FollowerState (FollowerState.java:run(152)) - 26ed2a23-8c6e-4428-ad05-eb8a9d9728b7@group-DD057345D6D6-FollowerState was interrupted
2022-08-05 07:00:14,708 [6678316d-e7a5-47b6-a27b-b09245ec3204@group-DD057345D6D6-LeaderElection3] INFO  impl.LeaderElection (LeaderElection.java:logAndReturn(90)) - 6678316d-e7a5-47b6-a27b-b09245ec3204@group-DD057345D6D6-LeaderElection3: ELECTION PASSED received 1 response(s) and 0 exception(s):
2022-08-05 07:00:14,709 [6678316d-e7a5-47b6-a27b-b09245ec3204@group-DD057345D6D6-LeaderElection3] INFO  impl.LeaderElection (LeaderElection.java:logAndReturn(94)) -   Response 0: 6678316d-e7a5-47b6-a27b-b09245ec3204<-54373283-022a-4090-818d-dea0c6bd05a6#0:OK-t1
2022-08-05 07:00:14,709 [6678316d-e7a5-47b6-a27b-b09245ec3204@group-DD057345D6D6-LeaderElection3] INFO  impl.LeaderElection (LeaderElection.java:askForVotes(312)) - 6678316d-e7a5-47b6-a27b-b09245ec3204@group-DD057345D6D6-LeaderElection3 ELECTION round 0: result PASSED
2022-08-05 07:00:14,709 [6678316d-e7a5-47b6-a27b-b09245ec3204@group-DD057345D6D6-LeaderElection3] INFO  impl.RoleInfo (RoleInfo.java:shutdownLeaderElection(130)) - 6678316d-e7a5-47b6-a27b-b09245ec3204: shutdown 6678316d-e7a5-47b6-a27b-b09245ec3204@group-DD057345D6D6-LeaderElection3
2022-08-05 07:00:14,709 [6678316d-e7a5-47b6-a27b-b09245ec3204@group-DD057345D6D6-LeaderElection3] INFO  server.RaftServer$Division (RaftServerImpl.java:setRole(299)) - 6678316d-e7a5-47b6-a27b-b09245ec3204@group-DD057345D6D6: changes role from CANDIDATE to LEADER at term 1 for changeToLeader
2022-08-05 07:00:14,709 [6678316d-e7a5-47b6-a27b-b09245ec3204@group-DD057345D6D6-LeaderElection3] INFO  ratis.XceiverServerRatis (XceiverServerRatis.java:handleLeaderChangedNotification(863)) - Leader change notification received for group: group-DD057345D6D6 with new leaderId: 6678316d-e7a5-47b6-a27b-b09245ec3204
2022-08-05 07:00:14,708 [grpc-default-executor-1] INFO  server.RaftServer$Division (RaftServerImpl.java:requestVote(1184)) - 26ed2a23-8c6e-4428-ad05-eb8a9d9728b7@group-DD057345D6D6 replies to ELECTION vote request: 6678316d-e7a5-47b6-a27b-b09245ec3204<-26ed2a23-8c6e-4428-ad05-eb8a9d9728b7#0:OK-t1. Peer's state: 26ed2a23-8c6e-4428-ad05-eb8a9d9728b7@group-DD057345D6D6:t1, leader=null, voted=6678316d-e7a5-47b6-a27b-b09245ec3204, raftlog=26ed2a23-8c6e-4428-ad05-eb8a9d9728b7@group-DD057345D6D6-SegmentedRaftLog:OPENED:c-1, conf=-1: [26ed2a23-8c6e-4428-ad05-eb8a9d9728b7|rpc:10.1.0.4:34613|dataStream:|priority:0, 6678316d-e7a5-47b6-a27b-b09245ec3204|rpc:10.1.0.4:42757|dataStream:|priority:1, 54373283-022a-4090-818d-dea0c6bd05a6|rpc:10.1.0.4:36791|dataStream:|priority:0], old=null
2022-08-05 07:00:14,709 [6678316d-e7a5-47b6-a27b-b09245ec3204@group-DD057345D6D6-LeaderElection3] INFO  server.RaftServer$Division (ServerState.java:setLeader(287)) - 6678316d-e7a5-47b6-a27b-b09245ec3204@group-DD057345D6D6: change Leader from null to 6678316d-e7a5-47b6-a27b-b09245ec3204 at term 1 for becomeLeader, leader elected after 5242ms
2022-08-05 07:00:14,711 [6678316d-e7a5-47b6-a27b-b09245ec3204@group-DD057345D6D6-LeaderElection3] INFO  server.RaftServerConfigKeys (ConfUtils.java:logGet(46)) - raft.server.staging.catchup.gap = 1000 (default)
2022-08-05 07:00:14,711 [6678316d-e7a5-47b6-a27b-b09245ec3204@group-DD057345D6D6-LeaderElection3] INFO  server.RaftServerConfigKeys (ConfUtils.java:logGet(46)) - raft.server.write.element-limit = 1024 (custom)
2022-08-05 07:00:14,711 [6678316d-e7a5-47b6-a27b-b09245ec3204@group-DD057345D6D6-LeaderElection3] INFO  server.RaftServerConfigKeys (ConfUtils.java:logGet(46)) - raft.server.write.byte-limit = 1024 M (=1073741824) (custom)
2022-08-05 07:00:14,711 [6678316d-e7a5-47b6-a27b-b09245ec3204@group-DD057345D6D6-LeaderElection3] INFO  server.RaftServerConfigKeys (ConfUtils.java:logGet(46)) - raft.server.watch.timeout = 180s (custom)
2022-08-05 07:00:14,711 [6678316d-e7a5-47b6-a27b-b09245ec3204@group-DD057345D6D6-LeaderElection3] INFO  server.RaftServerConfigKeys (ConfUtils.java:logGet(46)) - raft.server.watch.timeout.denomination = 1s (default)
2022-08-05 07:00:14,711 [6678316d-e7a5-47b6-a27b-b09245ec3204@group-DD057345D6D6-LeaderElection3] INFO  server.RaftServerConfigKeys (ConfUtils.java:logGet(46)) - raft.server.watch.element-limit = 65536 (default)
2022-08-05 07:00:14,711 [6678316d-e7a5-47b6-a27b-b09245ec3204@group-DD057345D6D6-LeaderElection3] INFO  server.RaftServerConfigKeys (ConfUtils.java:logGet(46)) - raft.server.write.element-limit = 1024 (custom)
2022-08-05 07:00:14,712 [6678316d-e7a5-47b6-a27b-b09245ec3204@group-DD057345D6D6-LeaderElection3] INFO  server.RaftServerConfigKeys (ConfUtils.java:logGet(46)) - raft.server.write.follower.gap.ratio.max = -1.0 (default)
2022-08-05 07:00:14,720 [EventQueue-PipelineReportForPipelineReportHandler] INFO  pipeline.PipelineManagerImpl (PipelineManagerImpl.java:openPipeline(367)) - Pipeline Pipeline[ Id: 8b4046ea-b70d-41a3-b699-dd057345d6d6, Nodes: 54373283-022a-4090-818d-dea0c6bd05a6{ip: 10.1.0.4, host: fv-az21-954.v4iizcarkezebbfea14bcgzyke.bx.internal.cloudapp.net, ports: [REPLICATION=44105, RATIS=36791, RATIS_ADMIN=36791, RATIS_SERVER=36791, STANDALONE=41583], networkLocation: /default-rack, certSerialId: null, persistedOpState: IN_SERVICE, persistedOpStateExpiryEpochSec: 0}6678316d-e7a5-47b6-a27b-b09245ec3204{ip: 10.1.0.4, host: fv-az21-954.v4iizcarkezebbfea14bcgzyke.bx.internal.cloudapp.net, ports: [REPLICATION=43745, RATIS=42757, RATIS_ADMIN=42757, RATIS_SERVER=42757, STANDALONE=40365], networkLocation: /default-rack, certSerialId: null, persistedOpState: IN_SERVICE, persistedOpStateExpiryEpochSec: 0}26ed2a23-8c6e-4428-ad05-eb8a9d9728b7{ip: 10.1.0.4, host: fv-az21-954.v4iizcarkezebbfea14bcgzyke.bx.internal.cloudapp.net, ports: [REPLICATION=40603, RATIS=34613, RATIS_ADMIN=34613, RATIS_SERVER=34613, STANDALONE=42335], networkLocation: /default-rack, certSerialId: null, persistedOpState: IN_SERVICE, persistedOpStateExpiryEpochSec: 0}, ReplicationConfig: RATIS/THREE, State:ALLOCATED, leaderId:6678316d-e7a5-47b6-a27b-b09245ec3204, CreationTimestamp2022-08-05T07:00:07.216Z[Etc/UTC]] moved to OPEN state
2022-08-05 07:00:14,720 [6678316d-e7a5-47b6-a27b-b09245ec3204@group-DD057345D6D6-LeaderElection3] INFO  server.RaftServerConfigKeys (ConfUtils.java:logGet(46)) - raft.server.log.appender.snapshot.chunk.size.max = 16MB (=16777216) (default)
2022-08-05 07:00:14,720 [EventQueue-OpenPipelineForHealthyPipelineSafeModeRule] INFO  safemode.SCMSafeModeManager (HealthyPipelineSafeModeRule.java:process(137)) - SCM in safe mode. Healthy pipelines reported count is 0, required healthy pipeline reported count is 1
2022-08-05 07:00:14,724 [6678316d-e7a5-47b6-a27b-b09245ec3204@group-DD057345D6D6-LeaderElection3] INFO  server.RaftServerConfigKeys (ConfUtils.java:logGet(46)) - raft.server.log.appender.buffer.byte-limit = 33554432 (custom)
2022-08-05 07:00:14,725 [EventQueue-OpenPipelineForHealthyPipelineSafeModeRule] INFO  safemode.SCMSafeModeManager (HealthyPipelineSafeModeRule.java:process(137)) - SCM in safe mode. Healthy pipelines reported count is 1, required healthy pipeline reported count is 1
2022-08-05 07:00:14,725 [EventQueue-OpenPipelineForHealthyPipelineSafeModeRule] INFO  safemode.SCMSafeModeManager (SCMSafeModeManager.java:validateSafeModeExitRules(204)) - HealthyPipelineSafeModeRule rule is successfully validated
2022-08-05 07:00:14,725 [EventQueue-OpenPipelineForHealthyPipelineSafeModeRule] INFO  safemode.SCMSafeModeManager (SCMSafeModeManager.java:validateSafeModeExitRules(219)) - ScmSafeModeManager, all rules are successfully validated
2022-08-05 07:00:14,725 [EventQueue-OpenPipelineForHealthyPipelineSafeModeRule] INFO  safemode.SCMSafeModeManager (SCMSafeModeManager.java:exitSafeMode(248)) - SCM exiting safe mode.
2022-08-05 07:00:14,725 [EventQueue-OpenPipelineForHealthyPipelineSafeModeRule] WARN  events.EventQueue (EventQueue.java:fireEvent(216)) - No event handler registered for event TypedEvent{payloadType=SafeModeStatus, name='Safe mode status'}
2022-08-05 07:00:14,725 [EventQueue-OpenPipelineForHealthyPipelineSafeModeRule] INFO  ha.SCMContext (SCMContext.java:updateSafeModeStatus(228)) - Update SafeModeStatus from SafeModeStatus{safeModeStatus=true, preCheckPassed=true} to SafeModeStatus{safeModeStatus=false, preCheckPassed=true}.
2022-08-05 07:00:14,725 [6678316d-e7a5-47b6-a27b-b09245ec3204@group-DD057345D6D6-LeaderElection3] INFO  server.RaftServerConfigKeys (ConfUtils.java:logGet(46)) - raft.server.log.appender.buffer.element-limit = 1 (custom)
2022-08-05 07:00:14,728 [6678316d-e7a5-47b6-a27b-b09245ec3204@group-DD057345D6D6-LeaderElection3] INFO  grpc.GrpcConfigKeys (ConfUtils.java:logGet(46)) - raft.grpc.server.leader.outstanding.appends.max = 128 (default)
2022-08-05 07:00:14,728 [6678316d-e7a5-47b6-a27b-b09245ec3204@group-DD057345D6D6-LeaderElection3] INFO  server.RaftServerConfigKeys (ConfUtils.java:logGet(46)) - raft.server.rpc.request.timeout = 60s (custom)
2022-08-05 07:00:14,728 [6678316d-e7a5-47b6-a27b-b09245ec3204@group-DD057345D6D6-LeaderElection3] INFO  server.RaftServerConfigKeys (ConfUtils.java:logGet(46)) - raft.server.log.appender.install.snapshot.enabled = false (custom)
2022-08-05 07:00:14,725 [EventQueue-OpenPipelineForHealthyPipelineSafeModeRule] INFO  pipeline.BackgroundPipelineCreator (BackgroundPipelineCreator.java:notifyStatusChanged(254)) - Service BackgroundPipelineCreator transitions to RUNNING.
2022-08-05 07:00:14,729 [EventQueue-OpenPipelineForHealthyPipelineSafeModeRule] INFO  BackgroundPipelineScrubber (BackgroundSCMService.java:notifyStatusChanged(82)) - Service BackgroundPipelineScrubber transitions to RUNNING.
2022-08-05 07:00:14,729 [EventQueue-OpenPipelineForHealthyPipelineSafeModeRule] INFO  ExpiredContainerReplicaOpScrubber (BackgroundSCMService.java:notifyStatusChanged(82)) - Service ExpiredContainerReplicaOpScrubber transitions to RUNNING.
2022-08-05 07:00:14,729 [EventQueue-OpenPipelineForHealthyPipelineSafeModeRule] INFO  UnderReplicatedQueueThread (BackgroundSCMService.java:notifyStatusChanged(82)) - Service UnderReplicatedQueueThread transitions to RUNNING.
2022-08-05 07:00:14,729 [EventQueue-OpenPipelineForHealthyPipelineSafeModeRule] INFO  OverReplicatedQueueThread (BackgroundSCMService.java:notifyStatusChanged(82)) - Service OverReplicatedQueueThread transitions to RUNNING.
2022-08-05 07:00:14,729 [EventQueue-OpenPipelineForHealthyPipelineSafeModeRule] INFO  replication.ReplicationManager (ReplicationManager.java:notifyStatusChanged(642)) - Service ReplicationManager transitions to RUNNING.
2022-08-05 07:00:14,730 [6678316d-e7a5-47b6-a27b-b09245ec3204@group-DD057345D6D6-LeaderElection3] INFO  server.RaftServerConfigKeys (ConfUtils.java:logGet(46)) - raft.server.log.appender.snapshot.chunk.size.max = 16MB (=16777216) (default)
2022-08-05 07:00:14,730 [6678316d-e7a5-47b6-a27b-b09245ec3204@group-DD057345D6D6-LeaderElection3] INFO  server.RaftServerConfigKeys (ConfUtils.java:logGet(46)) - raft.server.log.appender.buffer.byte-limit = 33554432 (custom)
2022-08-05 07:00:14,730 [6678316d-e7a5-47b6-a27b-b09245ec3204@group-DD057345D6D6-LeaderElection3] INFO  server.RaftServerConfigKeys (ConfUtils.java:logGet(46)) - raft.server.log.appender.buffer.element-limit = 1 (custom)
2022-08-05 07:00:14,730 [6678316d-e7a5-47b6-a27b-b09245ec3204@group-DD057345D6D6-LeaderElection3] INFO  grpc.GrpcConfigKeys (ConfUtils.java:logGet(46)) - raft.grpc.server.leader.outstanding.appends.max = 128 (default)
2022-08-05 07:00:14,731 [6678316d-e7a5-47b6-a27b-b09245ec3204@group-DD057345D6D6-LeaderElection3] INFO  server.RaftServerConfigKeys (ConfUtils.java:logGet(46)) - raft.server.rpc.request.timeout = 60s (custom)
2022-08-05 07:00:14,731 [6678316d-e7a5-47b6-a27b-b09245ec3204@group-DD057345D6D6-LeaderElection3] INFO  server.RaftServerConfigKeys (ConfUtils.java:logGet(46)) - raft.server.log.appender.install.snapshot.enabled = false (custom)
2022-08-05 07:00:14,730 [EventQueue-OpenPipelineForHealthyPipelineSafeModeRule] WARN  balancer.ContainerBalancer (ContainerBalancer.java:shouldRun(904)) - Could not find persisted configuration for ContainerBalancer when checking if ContainerBalancer should run. ContainerBalancer should not run now.
2022-08-05 07:00:14,733 [6678316d-e7a5-47b6-a27b-b09245ec3204@group-DD057345D6D6-LeaderElection3] INFO  impl.RoleInfo (RoleInfo.java:updateAndGet(139)) - 6678316d-e7a5-47b6-a27b-b09245ec3204: start 6678316d-e7a5-47b6-a27b-b09245ec3204@group-DD057345D6D6-LeaderStateImpl
2022-08-05 07:00:14,733 [6678316d-e7a5-47b6-a27b-b09245ec3204@group-DD057345D6D6-LeaderElection3] INFO  segmented.SegmentedRaftLogWorker (SegmentedRaftLogWorker.java:startLogSegment(425)) - 6678316d-e7a5-47b6-a27b-b09245ec3204@group-DD057345D6D6-SegmentedRaftLogWorker: Starting segment from index:0
2022-08-05 07:00:14,735 [6678316d-e7a5-47b6-a27b-b09245ec3204@group-DD057345D6D6-SegmentedRaftLogWorker] INFO  segmented.SegmentedRaftLogWorker (SegmentedRaftLogWorker.java:execute(629)) - 6678316d-e7a5-47b6-a27b-b09245ec3204@group-DD057345D6D6-SegmentedRaftLogWorker: created new log segment /home/runner/work/ozone/ozone/hadoop-ozone/integration-test/target/test-dir/MiniOzoneClusterImpl-bb0a6680-cc6d-4375-b258-2c4cc626dd81/datanode-0/data/ratis/8b4046ea-b70d-41a3-b699-dd057345d6d6/current/log_inprogress_0
2022-08-05 07:00:14,742 [6678316d-e7a5-47b6-a27b-b09245ec3204@group-DD057345D6D6-LeaderElection3] INFO  server.RaftServer$Division (ServerState.java:setRaftConf(393)) - 6678316d-e7a5-47b6-a27b-b09245ec3204@group-DD057345D6D6: set configuration 0: [26ed2a23-8c6e-4428-ad05-eb8a9d9728b7|rpc:10.1.0.4:34613|dataStream:|priority:0, 6678316d-e7a5-47b6-a27b-b09245ec3204|rpc:10.1.0.4:42757|dataStream:|priority:1, 54373283-022a-4090-818d-dea0c6bd05a6|rpc:10.1.0.4:36791|dataStream:|priority:0], old=null
2022-08-05 07:00:14,770 [54373283-022a-4090-818d-dea0c6bd05a6-server-thread1] INFO  ratis.XceiverServerRatis (XceiverServerRatis.java:handleLeaderChangedNotification(863)) - Leader change notification received for group: group-DD057345D6D6 with new leaderId: 6678316d-e7a5-47b6-a27b-b09245ec3204
2022-08-05 07:00:14,770 [54373283-022a-4090-818d-dea0c6bd05a6-server-thread1] INFO  server.RaftServer$Division (ServerState.java:setLeader(287)) - 54373283-022a-4090-818d-dea0c6bd05a6@group-DD057345D6D6: change Leader from null to 6678316d-e7a5-47b6-a27b-b09245ec3204 at term 1 for appendEntries, leader elected after 4788ms
2022-08-05 07:00:14,783 [26ed2a23-8c6e-4428-ad05-eb8a9d9728b7-server-thread1] INFO  ratis.XceiverServerRatis (XceiverServerRatis.java:handleLeaderChangedNotification(863)) - Leader change notification received for group: group-DD057345D6D6 with new leaderId: 6678316d-e7a5-47b6-a27b-b09245ec3204
2022-08-05 07:00:14,783 [26ed2a23-8c6e-4428-ad05-eb8a9d9728b7-server-thread1] INFO  server.RaftServer$Division (ServerState.java:setLeader(287)) - 26ed2a23-8c6e-4428-ad05-eb8a9d9728b7@group-DD057345D6D6: change Leader from null to 6678316d-e7a5-47b6-a27b-b09245ec3204 at term 1 for appendEntries, leader elected after 4655ms
2022-08-05 07:00:14,788 [26ed2a23-8c6e-4428-ad05-eb8a9d9728b7-server-thread1] INFO  server.RaftServer$Division (ServerState.java:setRaftConf(393)) - 26ed2a23-8c6e-4428-ad05-eb8a9d9728b7@group-DD057345D6D6: set configuration 0: [26ed2a23-8c6e-4428-ad05-eb8a9d9728b7|rpc:10.1.0.4:34613|dataStream:|priority:0, 6678316d-e7a5-47b6-a27b-b09245ec3204|rpc:10.1.0.4:42757|dataStream:|priority:1, 54373283-022a-4090-818d-dea0c6bd05a6|rpc:10.1.0.4:36791|dataStream:|priority:0], old=null
2022-08-05 07:00:14,789 [26ed2a23-8c6e-4428-ad05-eb8a9d9728b7-server-thread1] INFO  segmented.SegmentedRaftLogWorker (SegmentedRaftLogWorker.java:startLogSegment(425)) - 26ed2a23-8c6e-4428-ad05-eb8a9d9728b7@group-DD057345D6D6-SegmentedRaftLogWorker: Starting segment from index:0
2022-08-05 07:00:14,794 [54373283-022a-4090-818d-dea0c6bd05a6-server-thread1] INFO  server.RaftServer$Division (ServerState.java:setRaftConf(393)) - 54373283-022a-4090-818d-dea0c6bd05a6@group-DD057345D6D6: set configuration 0: [26ed2a23-8c6e-4428-ad05-eb8a9d9728b7|rpc:10.1.0.4:34613|dataStream:|priority:0, 6678316d-e7a5-47b6-a27b-b09245ec3204|rpc:10.1.0.4:42757|dataStream:|priority:1, 54373283-022a-4090-818d-dea0c6bd05a6|rpc:10.1.0.4:36791|dataStream:|priority:0], old=null
2022-08-05 07:00:14,794 [54373283-022a-4090-818d-dea0c6bd05a6-server-thread1] INFO  segmented.SegmentedRaftLogWorker (SegmentedRaftLogWorker.java:startLogSegment(425)) - 54373283-022a-4090-818d-dea0c6bd05a6@group-DD057345D6D6-SegmentedRaftLogWorker: Starting segment from index:0
2022-08-05 07:00:14,796 [26ed2a23-8c6e-4428-ad05-eb8a9d9728b7@group-DD057345D6D6-SegmentedRaftLogWorker] INFO  segmented.SegmentedRaftLogWorker (SegmentedRaftLogWorker.java:execute(629)) - 26ed2a23-8c6e-4428-ad05-eb8a9d9728b7@group-DD057345D6D6-SegmentedRaftLogWorker: created new log segment /home/runner/work/ozone/ozone/hadoop-ozone/integration-test/target/test-dir/MiniOzoneClusterImpl-bb0a6680-cc6d-4375-b258-2c4cc626dd81/datanode-2/data/ratis/8b4046ea-b70d-41a3-b699-dd057345d6d6/current/log_inprogress_0
2022-08-05 07:00:14,796 [54373283-022a-4090-818d-dea0c6bd05a6@group-DD057345D6D6-SegmentedRaftLogWorker] INFO  segmented.SegmentedRaftLogWorker (SegmentedRaftLogWorker.java:execute(629)) - 54373283-022a-4090-818d-dea0c6bd05a6@group-DD057345D6D6-SegmentedRaftLogWorker: created new log segment /home/runner/work/ozone/ozone/hadoop-ozone/integration-test/target/test-dir/MiniOzoneClusterImpl-bb0a6680-cc6d-4375-b258-2c4cc626dd81/datanode-1/data/ratis/8b4046ea-b70d-41a3-b699-dd057345d6d6/current/log_inprogress_0
2022-08-05 07:00:14,960 [54373283-022a-4090-818d-dea0c6bd05a6@group-60B3A6B5D6DA-FollowerState] INFO  impl.FollowerState (FollowerState.java:run(143)) - 54373283-022a-4090-818d-dea0c6bd05a6@group-60B3A6B5D6DA-FollowerState: change to CANDIDATE, lastRpcElapsedTime:5020738208ns, electionTimeout:5011ms
2022-08-05 07:00:14,960 [54373283-022a-4090-818d-dea0c6bd05a6@group-60B3A6B5D6DA-FollowerState] INFO  impl.RoleInfo (RoleInfo.java:shutdownFollowerState(110)) - 54373283-022a-4090-818d-dea0c6bd05a6: shutdown 54373283-022a-4090-818d-dea0c6bd05a6@group-60B3A6B5D6DA-FollowerState
2022-08-05 07:00:14,960 [54373283-022a-4090-818d-dea0c6bd05a6@group-60B3A6B5D6DA-FollowerState] INFO  server.RaftServer$Division (RaftServerImpl.java:setRole(299)) - 54373283-022a-4090-818d-dea0c6bd05a6@group-60B3A6B5D6DA: changes role from  FOLLOWER to CANDIDATE at term 0 for changeToCandidate
2022-08-05 07:00:14,961 [54373283-022a-4090-818d-dea0c6bd05a6@group-60B3A6B5D6DA-FollowerState] INFO  server.RaftServerConfigKeys (ConfUtils.java:logGet(46)) - raft.server.leaderelection.pre-vote = false (custom)
2022-08-05 07:00:14,961 [54373283-022a-4090-818d-dea0c6bd05a6@group-60B3A6B5D6DA-FollowerState] INFO  impl.RoleInfo (RoleInfo.java:updateAndGet(139)) - 54373283-022a-4090-818d-dea0c6bd05a6: start 54373283-022a-4090-818d-dea0c6bd05a6@group-60B3A6B5D6DA-LeaderElection4
2022-08-05 07:00:14,964 [54373283-022a-4090-818d-dea0c6bd05a6@group-60B3A6B5D6DA-LeaderElection4] INFO  impl.LeaderElection (LeaderElection.java:askForVotes(310)) - 54373283-022a-4090-818d-dea0c6bd05a6@group-60B3A6B5D6DA-LeaderElection4 ELECTION round 0: submit vote requests at term 1 for -1: [54373283-022a-4090-818d-dea0c6bd05a6|rpc:10.1.0.4:36791|priority:1], old=null
2022-08-05 07:00:14,964 [54373283-022a-4090-818d-dea0c6bd05a6@group-60B3A6B5D6DA-LeaderElection4] INFO  impl.LeaderElection (LeaderElection.java:askForVotes(312)) - 54373283-022a-4090-818d-dea0c6bd05a6@group-60B3A6B5D6DA-LeaderElection4 ELECTION round 0: result PASSED (term=1)
2022-08-05 07:00:14,964 [54373283-022a-4090-818d-dea0c6bd05a6@group-60B3A6B5D6DA-LeaderElection4] INFO  impl.RoleInfo (RoleInfo.java:shutdownLeaderElection(130)) - 54373283-022a-4090-818d-dea0c6bd05a6: shutdown 54373283-022a-4090-818d-dea0c6bd05a6@group-60B3A6B5D6DA-LeaderElection4
2022-08-05 07:00:14,964 [54373283-022a-4090-818d-dea0c6bd05a6@group-60B3A6B5D6DA-LeaderElection4] INFO  server.RaftServer$Division (RaftServerImpl.java:setRole(299)) - 54373283-022a-4090-818d-dea0c6bd05a6@group-60B3A6B5D6DA: changes role from CANDIDATE to LEADER at term 1 for changeToLeader
2022-08-05 07:00:14,965 [54373283-022a-4090-818d-dea0c6bd05a6@group-60B3A6B5D6DA-LeaderElection4] INFO  ratis.XceiverServerRatis (XceiverServerRatis.java:handleLeaderChangedNotification(863)) - Leader change notification received for group: group-60B3A6B5D6DA with new leaderId: 54373283-022a-4090-818d-dea0c6bd05a6
2022-08-05 07:00:14,965 [54373283-022a-4090-818d-dea0c6bd05a6@group-60B3A6B5D6DA-LeaderElection4] INFO  server.RaftServer$Division (ServerState.java:setLeader(287)) - 54373283-022a-4090-818d-dea0c6bd05a6@group-60B3A6B5D6DA: change Leader from null to 54373283-022a-4090-818d-dea0c6bd05a6 at term 1 for becomeLeader, leader elected after 5036ms
2022-08-05 07:00:14,965 [54373283-022a-4090-818d-dea0c6bd05a6@group-60B3A6B5D6DA-LeaderElection4] INFO  server.RaftServerConfigKeys (ConfUtils.java:logGet(46)) - raft.server.staging.catchup.gap = 1000 (default)
2022-08-05 07:00:14,965 [54373283-022a-4090-818d-dea0c6bd05a6@group-60B3A6B5D6DA-LeaderElection4] INFO  server.RaftServerConfigKeys (ConfUtils.java:logGet(46)) - raft.server.write.element-limit = 1024 (custom)
2022-08-05 07:00:14,965 [54373283-022a-4090-818d-dea0c6bd05a6@group-60B3A6B5D6DA-LeaderElection4] INFO  server.RaftServerConfigKeys (ConfUtils.java:logGet(46)) - raft.server.write.byte-limit = 1024 M (=1073741824) (custom)
2022-08-05 07:00:14,965 [54373283-022a-4090-818d-dea0c6bd05a6@group-60B3A6B5D6DA-LeaderElection4] INFO  server.RaftServerConfigKeys (ConfUtils.java:logGet(46)) - raft.server.watch.timeout = 180s (custom)
2022-08-05 07:00:14,966 [54373283-022a-4090-818d-dea0c6bd05a6@group-60B3A6B5D6DA-LeaderElection4] INFO  server.RaftServerConfigKeys (ConfUtils.java:logGet(46)) - raft.server.watch.timeout.denomination = 1s (default)
2022-08-05 07:00:14,966 [54373283-022a-4090-818d-dea0c6bd05a6@group-60B3A6B5D6DA-LeaderElection4] INFO  server.RaftServerConfigKeys (ConfUtils.java:logGet(46)) - raft.server.watch.element-limit = 65536 (default)
2022-08-05 07:00:14,966 [54373283-022a-4090-818d-dea0c6bd05a6@group-60B3A6B5D6DA-LeaderElection4] INFO  server.RaftServerConfigKeys (ConfUtils.java:logGet(46)) - raft.server.write.element-limit = 1024 (custom)
2022-08-05 07:00:14,966 [54373283-022a-4090-818d-dea0c6bd05a6@group-60B3A6B5D6DA-LeaderElection4] INFO  server.RaftServerConfigKeys (ConfUtils.java:logGet(46)) - raft.server.write.follower.gap.ratio.max = -1.0 (default)
2022-08-05 07:00:14,966 [54373283-022a-4090-818d-dea0c6bd05a6@group-60B3A6B5D6DA-LeaderElection4] INFO  impl.RoleInfo (RoleInfo.java:updateAndGet(139)) - 54373283-022a-4090-818d-dea0c6bd05a6: start 54373283-022a-4090-818d-dea0c6bd05a6@group-60B3A6B5D6DA-LeaderStateImpl
2022-08-05 07:00:14,967 [54373283-022a-4090-818d-dea0c6bd05a6@group-60B3A6B5D6DA-LeaderElection4] INFO  segmented.SegmentedRaftLogWorker (SegmentedRaftLogWorker.java:startLogSegment(425)) - 54373283-022a-4090-818d-dea0c6bd05a6@group-60B3A6B5D6DA-SegmentedRaftLogWorker: Starting segment from index:0
2022-08-05 07:00:14,968 [54373283-022a-4090-818d-dea0c6bd05a6@group-60B3A6B5D6DA-SegmentedRaftLogWorker] INFO  segmented.SegmentedRaftLogWorker (SegmentedRaftLogWorker.java:execute(629)) - 54373283-022a-4090-818d-dea0c6bd05a6@group-60B3A6B5D6DA-SegmentedRaftLogWorker: created new log segment /home/runner/work/ozone/ozone/hadoop-ozone/integration-test/target/test-dir/MiniOzoneClusterImpl-bb0a6680-cc6d-4375-b258-2c4cc626dd81/datanode-1/data/ratis/2631ec8a-f976-4b16-9106-60b3a6b5d6da/current/log_inprogress_0
2022-08-05 07:00:14,969 [54373283-022a-4090-818d-dea0c6bd05a6@group-60B3A6B5D6DA-LeaderElection4] INFO  server.RaftServer$Division (ServerState.java:setRaftConf(393)) - 54373283-022a-4090-818d-dea0c6bd05a6@group-60B3A6B5D6DA: set configuration 0: [54373283-022a-4090-818d-dea0c6bd05a6|rpc:10.1.0.4:36791|dataStream:|priority:1], old=null
2022-08-05 07:00:15,225 [Listener at 127.0.0.1/35351] INFO  ozone.MiniOzoneClusterImpl (MiniOzoneClusterImpl.java:lambda$waitForClusterToBeReady$0(216)) - Nodes are ready. Got 3 of 3 DN Heartbeats.
2022-08-05 07:00:15,225 [Listener at 127.0.0.1/35351] INFO  ozone.MiniOzoneClusterImpl (MiniOzoneClusterImpl.java:lambda$waitForClusterToBeReady$0(219)) - Cluster exits safe mode
2022-08-05 07:00:15,225 [Listener at 127.0.0.1/35351] INFO  ozone.MiniOzoneClusterImpl (MiniOzoneClusterImpl.java:lambda$waitForClusterToBeReady$0(221)) - SCM became leader
2022-08-05 07:00:15,294 [54373283-022a-4090-818d-dea0c6bd05a6@group-BFF43A9ED7F7-FollowerState] INFO  impl.FollowerState (FollowerState.java:run(143)) - 54373283-022a-4090-818d-dea0c6bd05a6@group-BFF43A9ED7F7-FollowerState: change to CANDIDATE, lastRpcElapsedTime:5129740600ns, electionTimeout:5129ms
2022-08-05 07:00:15,294 [54373283-022a-4090-818d-dea0c6bd05a6@group-BFF43A9ED7F7-FollowerState] INFO  impl.RoleInfo (RoleInfo.java:shutdownFollowerState(110)) - 54373283-022a-4090-818d-dea0c6bd05a6: shutdown 54373283-022a-4090-818d-dea0c6bd05a6@group-BFF43A9ED7F7-FollowerState
2022-08-05 07:00:15,294 [54373283-022a-4090-818d-dea0c6bd05a6@group-BFF43A9ED7F7-FollowerState] INFO  server.RaftServer$Division (RaftServerImpl.java:setRole(299)) - 54373283-022a-4090-818d-dea0c6bd05a6@group-BFF43A9ED7F7: changes role from  FOLLOWER to CANDIDATE at term 0 for changeToCandidate
2022-08-05 07:00:15,294 [54373283-022a-4090-818d-dea0c6bd05a6@group-BFF43A9ED7F7-FollowerState] INFO  server.RaftServerConfigKeys (ConfUtils.java:logGet(46)) - raft.server.leaderelection.pre-vote = false (custom)
2022-08-05 07:00:15,294 [54373283-022a-4090-818d-dea0c6bd05a6@group-BFF43A9ED7F7-FollowerState] INFO  impl.RoleInfo (RoleInfo.java:updateAndGet(139)) - 54373283-022a-4090-818d-dea0c6bd05a6: start 54373283-022a-4090-818d-dea0c6bd05a6@group-BFF43A9ED7F7-LeaderElection5
2022-08-05 07:00:15,308 [54373283-022a-4090-818d-dea0c6bd05a6@group-BFF43A9ED7F7-LeaderElection5] INFO  impl.LeaderElection (LeaderElection.java:askForVotes(310)) - 54373283-022a-4090-818d-dea0c6bd05a6@group-BFF43A9ED7F7-LeaderElection5 ELECTION round 0: submit vote requests at term 1 for -1: [26ed2a23-8c6e-4428-ad05-eb8a9d9728b7|rpc:10.1.0.4:34613|priority:1, 6678316d-e7a5-47b6-a27b-b09245ec3204|rpc:10.1.0.4:42757|priority:0, 54373283-022a-4090-818d-dea0c6bd05a6|rpc:10.1.0.4:36791|priority:0], old=null
2022-08-05 07:00:15,321 [grpc-default-executor-0] INFO  server.RaftServer$Division (RaftServerImpl.java:requestVote(1152)) - 26ed2a23-8c6e-4428-ad05-eb8a9d9728b7@group-BFF43A9ED7F7: receive requestVote(ELECTION, 54373283-022a-4090-818d-dea0c6bd05a6, group-BFF43A9ED7F7, 1, (t:0, i:0))
2022-08-05 07:00:15,322 [grpc-default-executor-0] INFO  impl.VoteContext (VoteContext.java:log(48)) - 26ed2a23-8c6e-4428-ad05-eb8a9d9728b7@group-BFF43A9ED7F7-FOLLOWER: reject ELECTION from 54373283-022a-4090-818d-dea0c6bd05a6: our priority 1 > candidate's priority 0
2022-08-05 07:00:15,322 [grpc-default-executor-0] INFO  server.RaftServer$Division (RaftServerImpl.java:setRole(299)) - 26ed2a23-8c6e-4428-ad05-eb8a9d9728b7@group-BFF43A9ED7F7: changes role from  FOLLOWER to FOLLOWER at term 1 for candidate:54373283-022a-4090-818d-dea0c6bd05a6
2022-08-05 07:00:15,322 [grpc-default-executor-0] INFO  impl.RoleInfo (RoleInfo.java:shutdownFollowerState(110)) - 26ed2a23-8c6e-4428-ad05-eb8a9d9728b7: shutdown 26ed2a23-8c6e-4428-ad05-eb8a9d9728b7@group-BFF43A9ED7F7-FollowerState
2022-08-05 07:00:15,322 [grpc-default-executor-0] INFO  impl.RoleInfo (RoleInfo.java:updateAndGet(139)) - 26ed2a23-8c6e-4428-ad05-eb8a9d9728b7: start 26ed2a23-8c6e-4428-ad05-eb8a9d9728b7@group-BFF43A9ED7F7-FollowerState
2022-08-05 07:00:15,322 [26ed2a23-8c6e-4428-ad05-eb8a9d9728b7@group-BFF43A9ED7F7-FollowerState] INFO  impl.FollowerState (FollowerState.java:run(152)) - 26ed2a23-8c6e-4428-ad05-eb8a9d9728b7@group-BFF43A9ED7F7-FollowerState was interrupted
2022-08-05 07:00:15,329 [grpc-default-executor-0] INFO  server.RaftServer$Division (RaftServerImpl.java:requestVote(1184)) - 26ed2a23-8c6e-4428-ad05-eb8a9d9728b7@group-BFF43A9ED7F7 replies to ELECTION vote request: 54373283-022a-4090-818d-dea0c6bd05a6<-26ed2a23-8c6e-4428-ad05-eb8a9d9728b7#0:FAIL-t1. Peer's state: 26ed2a23-8c6e-4428-ad05-eb8a9d9728b7@group-BFF43A9ED7F7:t1, leader=null, voted=null, raftlog=26ed2a23-8c6e-4428-ad05-eb8a9d9728b7@group-BFF43A9ED7F7-SegmentedRaftLog:OPENED:c-1, conf=-1: [26ed2a23-8c6e-4428-ad05-eb8a9d9728b7|rpc:10.1.0.4:34613|priority:1, 6678316d-e7a5-47b6-a27b-b09245ec3204|rpc:10.1.0.4:42757|priority:0, 54373283-022a-4090-818d-dea0c6bd05a6|rpc:10.1.0.4:36791|priority:0], old=null
2022-08-05 07:00:15,333 [6678316d-e7a5-47b6-a27b-b09245ec3204@group-BFF43A9ED7F7-FollowerState] INFO  impl.FollowerState (FollowerState.java:run(143)) - 6678316d-e7a5-47b6-a27b-b09245ec3204@group-BFF43A9ED7F7-FollowerState: change to CANDIDATE, lastRpcElapsedTime:5123514964ns, electionTimeout:5116ms
2022-08-05 07:00:15,333 [6678316d-e7a5-47b6-a27b-b09245ec3204@group-BFF43A9ED7F7-FollowerState] INFO  impl.RoleInfo (RoleInfo.java:shutdownFollowerState(110)) - 6678316d-e7a5-47b6-a27b-b09245ec3204: shutdown 6678316d-e7a5-47b6-a27b-b09245ec3204@group-BFF43A9ED7F7-FollowerState
2022-08-05 07:00:15,333 [6678316d-e7a5-47b6-a27b-b09245ec3204@group-BFF43A9ED7F7-FollowerState] INFO  server.RaftServer$Division (RaftServerImpl.java:setRole(299)) - 6678316d-e7a5-47b6-a27b-b09245ec3204@group-BFF43A9ED7F7: changes role from  FOLLOWER to CANDIDATE at term 0 for changeToCandidate
2022-08-05 07:00:15,333 [6678316d-e7a5-47b6-a27b-b09245ec3204@group-BFF43A9ED7F7-FollowerState] INFO  server.RaftServerConfigKeys (ConfUtils.java:logGet(46)) - raft.server.leaderelection.pre-vote = false (custom)
2022-08-05 07:00:15,333 [6678316d-e7a5-47b6-a27b-b09245ec3204@group-BFF43A9ED7F7-FollowerState] INFO  impl.RoleInfo (RoleInfo.java:updateAndGet(139)) - 6678316d-e7a5-47b6-a27b-b09245ec3204: start 6678316d-e7a5-47b6-a27b-b09245ec3204@group-BFF43A9ED7F7-LeaderElection6
2022-08-05 07:00:15,341 [54373283-022a-4090-818d-dea0c6bd05a6@group-BFF43A9ED7F7-LeaderElection5] INFO  impl.LeaderElection (LeaderElection.java:logAndReturn(90)) - 54373283-022a-4090-818d-dea0c6bd05a6@group-BFF43A9ED7F7-LeaderElection5: ELECTION REJECTED received 1 response(s) and 0 exception(s):
2022-08-05 07:00:15,341 [54373283-022a-4090-818d-dea0c6bd05a6@group-BFF43A9ED7F7-LeaderElection5] INFO  impl.LeaderElection (LeaderElection.java:logAndReturn(94)) -   Response 0: 54373283-022a-4090-818d-dea0c6bd05a6<-26ed2a23-8c6e-4428-ad05-eb8a9d9728b7#0:FAIL-t1
2022-08-05 07:00:15,341 [54373283-022a-4090-818d-dea0c6bd05a6@group-BFF43A9ED7F7-LeaderElection5] INFO  impl.LeaderElection (LeaderElection.java:askForVotes(312)) - 54373283-022a-4090-818d-dea0c6bd05a6@group-BFF43A9ED7F7-LeaderElection5 ELECTION round 0: result REJECTED
2022-08-05 07:00:15,344 [54373283-022a-4090-818d-dea0c6bd05a6@group-BFF43A9ED7F7-LeaderElection5] INFO  server.RaftServer$Division (RaftServerImpl.java:setRole(299)) - 54373283-022a-4090-818d-dea0c6bd05a6@group-BFF43A9ED7F7: changes role from CANDIDATE to FOLLOWER at term 1 for REJECTED
2022-08-05 07:00:15,344 [54373283-022a-4090-818d-dea0c6bd05a6@group-BFF43A9ED7F7-LeaderElection5] INFO  impl.RoleInfo (RoleInfo.java:shutdownLeaderElection(130)) - 54373283-022a-4090-818d-dea0c6bd05a6: shutdown 54373283-022a-4090-818d-dea0c6bd05a6@group-BFF43A9ED7F7-LeaderElection5
2022-08-05 07:00:15,344 [54373283-022a-4090-818d-dea0c6bd05a6@group-BFF43A9ED7F7-LeaderElection5] INFO  impl.RoleInfo (RoleInfo.java:updateAndGet(139)) - 54373283-022a-4090-818d-dea0c6bd05a6: start 54373283-022a-4090-818d-dea0c6bd05a6@group-BFF43A9ED7F7-FollowerState
2022-08-05 07:00:15,348 [grpc-default-executor-0] INFO  server.RaftServer$Division (RaftServerImpl.java:requestVote(1152)) - 6678316d-e7a5-47b6-a27b-b09245ec3204@group-BFF43A9ED7F7: receive requestVote(ELECTION, 54373283-022a-4090-818d-dea0c6bd05a6, group-BFF43A9ED7F7, 1, (t:0, i:0))
2022-08-05 07:00:15,350 [grpc-default-executor-0] INFO  impl.VoteContext (VoteContext.java:log(48)) - 6678316d-e7a5-47b6-a27b-b09245ec3204@group-BFF43A9ED7F7-CANDIDATE: reject ELECTION from 54373283-022a-4090-818d-dea0c6bd05a6: already has voted for 6678316d-e7a5-47b6-a27b-b09245ec3204 at current term 1
2022-08-05 07:00:15,350 [6678316d-e7a5-47b6-a27b-b09245ec3204@group-BFF43A9ED7F7-LeaderElection6] INFO  impl.LeaderElection (LeaderElection.java:askForVotes(310)) - 6678316d-e7a5-47b6-a27b-b09245ec3204@group-BFF43A9ED7F7-LeaderElection6 ELECTION round 0: submit vote requests at term 1 for -1: [26ed2a23-8c6e-4428-ad05-eb8a9d9728b7|rpc:10.1.0.4:34613|dataStream:|priority:1, 6678316d-e7a5-47b6-a27b-b09245ec3204|rpc:10.1.0.4:42757|dataStream:|priority:0, 54373283-022a-4090-818d-dea0c6bd05a6|rpc:10.1.0.4:36791|dataStream:|priority:0], old=null
2022-08-05 07:00:15,350 [grpc-default-executor-0] INFO  server.RaftServer$Division (RaftServerImpl.java:requestVote(1184)) - 6678316d-e7a5-47b6-a27b-b09245ec3204@group-BFF43A9ED7F7 replies to ELECTION vote request: 54373283-022a-4090-818d-dea0c6bd05a6<-6678316d-e7a5-47b6-a27b-b09245ec3204#0:FAIL-t1. Peer's state: 6678316d-e7a5-47b6-a27b-b09245ec3204@group-BFF43A9ED7F7:t1, leader=null, voted=6678316d-e7a5-47b6-a27b-b09245ec3204, raftlog=6678316d-e7a5-47b6-a27b-b09245ec3204@group-BFF43A9ED7F7-SegmentedRaftLog:OPENED:c-1, conf=-1: [26ed2a23-8c6e-4428-ad05-eb8a9d9728b7|rpc:10.1.0.4:34613|dataStream:|priority:1, 6678316d-e7a5-47b6-a27b-b09245ec3204|rpc:10.1.0.4:42757|dataStream:|priority:0, 54373283-022a-4090-818d-dea0c6bd05a6|rpc:10.1.0.4:36791|dataStream:|priority:0], old=null
2022-08-05 07:00:15,382 [grpc-default-executor-0] INFO  server.RaftServer$Division (RaftServerImpl.java:requestVote(1152)) - 54373283-022a-4090-818d-dea0c6bd05a6@group-BFF43A9ED7F7: receive requestVote(ELECTION, 6678316d-e7a5-47b6-a27b-b09245ec3204, group-BFF43A9ED7F7, 1, (t:0, i:0))
2022-08-05 07:00:15,382 [grpc-default-executor-0] INFO  impl.VoteContext (VoteContext.java:log(48)) - 54373283-022a-4090-818d-dea0c6bd05a6@group-BFF43A9ED7F7-FOLLOWER: reject ELECTION from 6678316d-e7a5-47b6-a27b-b09245ec3204: already has voted for 54373283-022a-4090-818d-dea0c6bd05a6 at current term 1
2022-08-05 07:00:15,382 [grpc-default-executor-0] INFO  server.RaftServer$Division (RaftServerImpl.java:requestVote(1184)) - 54373283-022a-4090-818d-dea0c6bd05a6@group-BFF43A9ED7F7 replies to ELECTION vote request: 6678316d-e7a5-47b6-a27b-b09245ec3204<-54373283-022a-4090-818d-dea0c6bd05a6#0:FAIL-t1. Peer's state: 54373283-022a-4090-818d-dea0c6bd05a6@group-BFF43A9ED7F7:t1, leader=null, voted=54373283-022a-4090-818d-dea0c6bd05a6, raftlog=54373283-022a-4090-818d-dea0c6bd05a6@group-BFF43A9ED7F7-SegmentedRaftLog:OPENED:c-1, conf=-1: [26ed2a23-8c6e-4428-ad05-eb8a9d9728b7|rpc:10.1.0.4:34613|priority:1, 6678316d-e7a5-47b6-a27b-b09245ec3204|rpc:10.1.0.4:42757|priority:0, 54373283-022a-4090-818d-dea0c6bd05a6|rpc:10.1.0.4:36791|priority:0], old=null
2022-08-05 07:00:15,383 [grpc-default-executor-2] INFO  server.RaftServer$Division (RaftServerImpl.java:requestVote(1152)) - 26ed2a23-8c6e-4428-ad05-eb8a9d9728b7@group-BFF43A9ED7F7: receive requestVote(ELECTION, 6678316d-e7a5-47b6-a27b-b09245ec3204, group-BFF43A9ED7F7, 1, (t:0, i:0))
2022-08-05 07:00:15,389 [grpc-default-executor-2] INFO  impl.VoteContext (VoteContext.java:log(48)) - 26ed2a23-8c6e-4428-ad05-eb8a9d9728b7@group-BFF43A9ED7F7-FOLLOWER: reject ELECTION from 6678316d-e7a5-47b6-a27b-b09245ec3204: our priority 1 > candidate's priority 0
2022-08-05 07:00:15,389 [grpc-default-executor-2] INFO  server.RaftServer$Division (RaftServerImpl.java:setRole(299)) - 26ed2a23-8c6e-4428-ad05-eb8a9d9728b7@group-BFF43A9ED7F7: changes role from  FOLLOWER to FOLLOWER at term 1 for candidate:6678316d-e7a5-47b6-a27b-b09245ec3204
2022-08-05 07:00:15,389 [grpc-default-executor-2] INFO  impl.RoleInfo (RoleInfo.java:shutdownFollowerState(110)) - 26ed2a23-8c6e-4428-ad05-eb8a9d9728b7: shutdown 26ed2a23-8c6e-4428-ad05-eb8a9d9728b7@group-BFF43A9ED7F7-FollowerState
2022-08-05 07:00:15,389 [grpc-default-executor-2] INFO  impl.RoleInfo (RoleInfo.java:updateAndGet(139)) - 26ed2a23-8c6e-4428-ad05-eb8a9d9728b7: start 26ed2a23-8c6e-4428-ad05-eb8a9d9728b7@group-BFF43A9ED7F7-FollowerState
2022-08-05 07:00:15,389 [26ed2a23-8c6e-4428-ad05-eb8a9d9728b7@group-BFF43A9ED7F7-FollowerState] INFO  impl.FollowerState (FollowerState.java:run(152)) - 26ed2a23-8c6e-4428-ad05-eb8a9d9728b7@group-BFF43A9ED7F7-FollowerState was interrupted
2022-08-05 07:00:15,390 [grpc-default-executor-2] INFO  server.RaftServer$Division (RaftServerImpl.java:requestVote(1184)) - 26ed2a23-8c6e-4428-ad05-eb8a9d9728b7@group-BFF43A9ED7F7 replies to ELECTION vote request: 6678316d-e7a5-47b6-a27b-b09245ec3204<-26ed2a23-8c6e-4428-ad05-eb8a9d9728b7#0:FAIL-t1. Peer's state: 26ed2a23-8c6e-4428-ad05-eb8a9d9728b7@group-BFF43A9ED7F7:t1, leader=null, voted=null, raftlog=26ed2a23-8c6e-4428-ad05-eb8a9d9728b7@group-BFF43A9ED7F7-SegmentedRaftLog:OPENED:c-1, conf=-1: [26ed2a23-8c6e-4428-ad05-eb8a9d9728b7|rpc:10.1.0.4:34613|priority:1, 6678316d-e7a5-47b6-a27b-b09245ec3204|rpc:10.1.0.4:42757|priority:0, 54373283-022a-4090-818d-dea0c6bd05a6|rpc:10.1.0.4:36791|priority:0], old=null
2022-08-05 07:00:15,401 [6678316d-e7a5-47b6-a27b-b09245ec3204@group-BFF43A9ED7F7-LeaderElection6] INFO  impl.LeaderElection (LeaderElection.java:logAndReturn(90)) - 6678316d-e7a5-47b6-a27b-b09245ec3204@group-BFF43A9ED7F7-LeaderElection6: ELECTION REJECTED received 2 response(s) and 0 exception(s):
2022-08-05 07:00:15,401 [6678316d-e7a5-47b6-a27b-b09245ec3204@group-BFF43A9ED7F7-LeaderElection6] INFO  impl.LeaderElection (LeaderElection.java:logAndReturn(94)) -   Response 0: 6678316d-e7a5-47b6-a27b-b09245ec3204<-26ed2a23-8c6e-4428-ad05-eb8a9d9728b7#0:FAIL-t1
2022-08-05 07:00:15,401 [6678316d-e7a5-47b6-a27b-b09245ec3204@group-BFF43A9ED7F7-LeaderElection6] INFO  impl.LeaderElection (LeaderElection.java:logAndReturn(94)) -   Response 1: 6678316d-e7a5-47b6-a27b-b09245ec3204<-54373283-022a-4090-818d-dea0c6bd05a6#0:FAIL-t1
2022-08-05 07:00:15,401 [6678316d-e7a5-47b6-a27b-b09245ec3204@group-BFF43A9ED7F7-LeaderElection6] INFO  impl.LeaderElection (LeaderElection.java:askForVotes(312)) - 6678316d-e7a5-47b6-a27b-b09245ec3204@group-BFF43A9ED7F7-LeaderElection6 ELECTION round 0: result REJECTED
2022-08-05 07:00:15,401 [6678316d-e7a5-47b6-a27b-b09245ec3204@group-BFF43A9ED7F7-LeaderElection6] INFO  server.RaftServer$Division (RaftServerImpl.java:setRole(299)) - 6678316d-e7a5-47b6-a27b-b09245ec3204@group-BFF43A9ED7F7: changes role from CANDIDATE to FOLLOWER at term 1 for REJECTED
2022-08-05 07:00:15,401 [6678316d-e7a5-47b6-a27b-b09245ec3204@group-BFF43A9ED7F7-LeaderElection6] INFO  impl.RoleInfo (RoleInfo.java:shutdownLeaderElection(130)) - 6678316d-e7a5-47b6-a27b-b09245ec3204: shutdown 6678316d-e7a5-47b6-a27b-b09245ec3204@group-BFF43A9ED7F7-LeaderElection6
2022-08-05 07:00:15,401 [6678316d-e7a5-47b6-a27b-b09245ec3204@group-BFF43A9ED7F7-LeaderElection6] INFO  impl.RoleInfo (RoleInfo.java:updateAndGet(139)) - 6678316d-e7a5-47b6-a27b-b09245ec3204: start 6678316d-e7a5-47b6-a27b-b09245ec3204@group-BFF43A9ED7F7-FollowerState
2022-08-05 07:00:15,449 [26ed2a23-8c6e-4428-ad05-eb8a9d9728b7@group-5B08F5E4280F-FollowerState] INFO  impl.FollowerState (FollowerState.java:run(143)) - 26ed2a23-8c6e-4428-ad05-eb8a9d9728b7@group-5B08F5E4280F-FollowerState: change to CANDIDATE, lastRpcElapsedTime:5206253817ns, electionTimeout:5194ms
2022-08-05 07:00:15,452 [26ed2a23-8c6e-4428-ad05-eb8a9d9728b7@group-5B08F5E4280F-FollowerState] INFO  impl.RoleInfo (RoleInfo.java:shutdownFollowerState(110)) - 26ed2a23-8c6e-4428-ad05-eb8a9d9728b7: shutdown 26ed2a23-8c6e-4428-ad05-eb8a9d9728b7@group-5B08F5E4280F-FollowerState
2022-08-05 07:00:15,452 [26ed2a23-8c6e-4428-ad05-eb8a9d9728b7@group-5B08F5E4280F-FollowerState] INFO  server.RaftServer$Division (RaftServerImpl.java:setRole(299)) - 26ed2a23-8c6e-4428-ad05-eb8a9d9728b7@group-5B08F5E4280F: changes role from  FOLLOWER to CANDIDATE at term 0 for changeToCandidate
2022-08-05 07:00:15,452 [26ed2a23-8c6e-4428-ad05-eb8a9d9728b7@group-5B08F5E4280F-FollowerState] INFO  server.RaftServerConfigKeys (ConfUtils.java:logGet(46)) - raft.server.leaderelection.pre-vote = false (custom)
2022-08-05 07:00:15,452 [26ed2a23-8c6e-4428-ad05-eb8a9d9728b7@group-5B08F5E4280F-FollowerState] INFO  impl.RoleInfo (RoleInfo.java:updateAndGet(139)) - 26ed2a23-8c6e-4428-ad05-eb8a9d9728b7: start 26ed2a23-8c6e-4428-ad05-eb8a9d9728b7@group-5B08F5E4280F-LeaderElection7
2022-08-05 07:00:15,463 [26ed2a23-8c6e-4428-ad05-eb8a9d9728b7@group-5B08F5E4280F-LeaderElection7] INFO  impl.LeaderElection (LeaderElection.java:askForVotes(310)) - 26ed2a23-8c6e-4428-ad05-eb8a9d9728b7@group-5B08F5E4280F-LeaderElection7 ELECTION round 0: submit vote requests at term 1 for -1: [26ed2a23-8c6e-4428-ad05-eb8a9d9728b7|rpc:10.1.0.4:34613|priority:1], old=null
2022-08-05 07:00:15,463 [26ed2a23-8c6e-4428-ad05-eb8a9d9728b7@group-5B08F5E4280F-LeaderElection7] INFO  impl.LeaderElection (LeaderElection.java:askForVotes(312)) - 26ed2a23-8c6e-4428-ad05-eb8a9d9728b7@group-5B08F5E4280F-LeaderElection7 ELECTION round 0: result PASSED (term=1)
2022-08-05 07:00:15,463 [26ed2a23-8c6e-4428-ad05-eb8a9d9728b7@group-5B08F5E4280F-LeaderElection7] INFO  impl.RoleInfo (RoleInfo.java:shutdownLeaderElection(130)) - 26ed2a23-8c6e-4428-ad05-eb8a9d9728b7: shutdown 26ed2a23-8c6e-4428-ad05-eb8a9d9728b7@group-5B08F5E4280F-LeaderElection7
2022-08-05 07:00:15,463 [26ed2a23-8c6e-4428-ad05-eb8a9d9728b7@group-5B08F5E4280F-LeaderElection7] INFO  server.RaftServer$Division (RaftServerImpl.java:setRole(299)) - 26ed2a23-8c6e-4428-ad05-eb8a9d9728b7@group-5B08F5E4280F: changes role from CANDIDATE to LEADER at term 1 for changeToLeader
2022-08-05 07:00:15,463 [26ed2a23-8c6e-4428-ad05-eb8a9d9728b7@group-5B08F5E4280F-LeaderElection7] INFO  ratis.XceiverServerRatis (XceiverServerRatis.java:handleLeaderChangedNotification(863)) - Leader change notification received for group: group-5B08F5E4280F with new leaderId: 26ed2a23-8c6e-4428-ad05-eb8a9d9728b7
2022-08-05 07:00:15,464 [26ed2a23-8c6e-4428-ad05-eb8a9d9728b7@group-5B08F5E4280F-LeaderElection7] INFO  server.RaftServer$Division (ServerState.java:setLeader(287)) - 26ed2a23-8c6e-4428-ad05-eb8a9d9728b7@group-5B08F5E4280F: change Leader from null to 26ed2a23-8c6e-4428-ad05-eb8a9d9728b7 at term 1 for becomeLeader, leader elected after 5234ms
2022-08-05 07:00:15,464 [26ed2a23-8c6e-4428-ad05-eb8a9d9728b7@group-5B08F5E4280F-LeaderElection7] INFO  server.RaftServerConfigKeys (ConfUtils.java:logGet(46)) - raft.server.staging.catchup.gap = 1000 (default)
2022-08-05 07:00:15,468 [26ed2a23-8c6e-4428-ad05-eb8a9d9728b7@group-5B08F5E4280F-LeaderElection7] INFO  server.RaftServerConfigKeys (ConfUtils.java:logGet(46)) - raft.server.write.element-limit = 1024 (custom)
2022-08-05 07:00:15,468 [26ed2a23-8c6e-4428-ad05-eb8a9d9728b7@group-5B08F5E4280F-LeaderElection7] INFO  server.RaftServerConfigKeys (ConfUtils.java:logGet(46)) - raft.server.write.byte-limit = 1024 M (=1073741824) (custom)
2022-08-05 07:00:15,469 [26ed2a23-8c6e-4428-ad05-eb8a9d9728b7@group-5B08F5E4280F-LeaderElection7] INFO  server.RaftServerConfigKeys (ConfUtils.java:logGet(46)) - raft.server.watch.timeout = 180s (custom)
2022-08-05 07:00:15,469 [26ed2a23-8c6e-4428-ad05-eb8a9d9728b7@group-5B08F5E4280F-LeaderElection7] INFO  server.RaftServerConfigKeys (ConfUtils.java:logGet(46)) - raft.server.watch.timeout.denomination = 1s (default)
2022-08-05 07:00:15,469 [26ed2a23-8c6e-4428-ad05-eb8a9d9728b7@group-5B08F5E4280F-LeaderElection7] INFO  server.RaftServerConfigKeys (ConfUtils.java:logGet(46)) - raft.server.watch.element-limit = 65536 (default)
2022-08-05 07:00:15,469 [26ed2a23-8c6e-4428-ad05-eb8a9d9728b7@group-5B08F5E4280F-LeaderElection7] INFO  server.RaftServerConfigKeys (ConfUtils.java:logGet(46)) - raft.server.write.element-limit = 1024 (custom)
2022-08-05 07:00:15,469 [26ed2a23-8c6e-4428-ad05-eb8a9d9728b7@group-5B08F5E4280F-LeaderElection7] INFO  server.RaftServerConfigKeys (ConfUtils.java:logGet(46)) - raft.server.write.follower.gap.ratio.max = -1.0 (default)
2022-08-05 07:00:15,469 [26ed2a23-8c6e-4428-ad05-eb8a9d9728b7@group-5B08F5E4280F-LeaderElection7] INFO  impl.RoleInfo (RoleInfo.java:updateAndGet(139)) - 26ed2a23-8c6e-4428-ad05-eb8a9d9728b7: start 26ed2a23-8c6e-4428-ad05-eb8a9d9728b7@group-5B08F5E4280F-LeaderStateImpl
2022-08-05 07:00:15,469 [26ed2a23-8c6e-4428-ad05-eb8a9d9728b7@group-5B08F5E4280F-LeaderElection7] INFO  segmented.SegmentedRaftLogWorker (SegmentedRaftLogWorker.java:startLogSegment(425)) - 26ed2a23-8c6e-4428-ad05-eb8a9d9728b7@group-5B08F5E4280F-SegmentedRaftLogWorker: Starting segment from index:0
2022-08-05 07:00:15,473 [26ed2a23-8c6e-4428-ad05-eb8a9d9728b7@group-5B08F5E4280F-SegmentedRaftLogWorker] INFO  segmented.SegmentedRaftLogWorker (SegmentedRaftLogWorker.java:execute(629)) - 26ed2a23-8c6e-4428-ad05-eb8a9d9728b7@group-5B08F5E4280F-SegmentedRaftLogWorker: created new log segment /home/runner/work/ozone/ozone/hadoop-ozone/integration-test/target/test-dir/MiniOzoneClusterImpl-bb0a6680-cc6d-4375-b258-2c4cc626dd81/datanode-2/data/ratis/3e5b2719-89b3-4dd1-b50f-5b08f5e4280f/current/log_inprogress_0
2022-08-05 07:00:15,481 [26ed2a23-8c6e-4428-ad05-eb8a9d9728b7@group-5B08F5E4280F-LeaderElection7] INFO  server.RaftServer$Division (ServerState.java:setRaftConf(393)) - 26ed2a23-8c6e-4428-ad05-eb8a9d9728b7@group-5B08F5E4280F: set configuration 0: [26ed2a23-8c6e-4428-ad05-eb8a9d9728b7|rpc:10.1.0.4:34613|dataStream:|priority:1], old=null
2022-08-05 07:00:15,487 [IPC Server handler 15 on default port 37301] INFO  pipeline.PipelineStateManagerImpl (PipelineStateManagerImpl.java:addPipeline(103)) - Created pipeline Pipeline[ Id: 95f570a7-2714-4728-8655-1010464a786d, Nodes: 6678316d-e7a5-47b6-a27b-b09245ec3204{ip: 10.1.0.4, host: fv-az21-954.v4iizcarkezebbfea14bcgzyke.bx.internal.cloudapp.net, ports: [REPLICATION=43745, RATIS=42757, RATIS_ADMIN=42757, RATIS_SERVER=42757, STANDALONE=40365], networkLocation: /default-rack, certSerialId: null, persistedOpState: IN_SERVICE, persistedOpStateExpiryEpochSec: 0}, ReplicationConfig: STANDALONE/ONE, State:OPEN, leaderId:, CreationTimestamp2022-08-05T07:00:15.486Z[Etc/UTC]].
2022-08-05 07:00:15,490 [IPC Server handler 15 on default port 37301] INFO  ha.SequenceIdGenerator (SequenceIdGenerator.java:getNextId(128)) - Allocate a batch for containerId, change lastId from 0 to 1000.
2022-08-05 07:00:15,512 [Time-limited test] INFO  impl.MetricsSystemImpl (MetricsSystemImpl.java:init(158)) - XceiverClientMetrics metrics system started (again)
2022-08-05 07:00:15,721 [FixedThreadPoolWithAffinityExecutor-1-0] WARN  container.IncrementalContainerReportHandler (AbstractContainerReportHandler.java:updateContainerState(259)) - Container #1 is in OPEN state, but the datanode 6678316d-e7a5-47b6-a27b-b09245ec3204{ip: 10.1.0.4, host: fv-az21-954.v4iizcarkezebbfea14bcgzyke.bx.internal.cloudapp.net, ports: [REPLICATION=43745, RATIS=42757, RATIS_ADMIN=42757, RATIS_SERVER=42757, STANDALONE=40365], networkLocation: /default-rack, certSerialId: null, persistedOpState: IN_SERVICE, persistedOpStateExpiryEpochSec: 0} reports an CLOSING replica.
2022-08-05 07:00:15,724 [ChunkReader-2] INFO  keyvalue.KeyValueContainer (KeyValueContainer.java:flushAndSyncDB(431)) - Container 1 is synced with bcsId 0.
2022-08-05 07:00:15,725 [ChunkReader-2] INFO  keyvalue.KeyValueContainer (KeyValueContainer.java:flushAndSyncDB(431)) - Container 1 is synced with bcsId 0.
2022-08-05 07:00:15,733 [ChunkReader-2] INFO  keyvalue.KeyValueContainer (KeyValueContainer.java:close(346)) - Container 1 is closed with bcsId 0.
2022-08-05 07:00:15,735 [FixedThreadPoolWithAffinityExecutor-0-0] WARN  container.IncrementalContainerReportHandler (AbstractContainerReportHandler.java:updateContainerState(259)) - Container #1 is in OPEN state, but the datanode 6678316d-e7a5-47b6-a27b-b09245ec3204{ip: 10.1.0.4, host: fv-az21-954.v4iizcarkezebbfea14bcgzyke.bx.internal.cloudapp.net, ports: [REPLICATION=43745, RATIS=42757, RATIS_ADMIN=42757, RATIS_SERVER=42757, STANDALONE=40365], networkLocation: /default-rack, certSerialId: null, persistedOpState: IN_SERVICE, persistedOpStateExpiryEpochSec: 0} reports an CLOSED replica.
2022-08-05 07:00:15,782 [ChunkReader-3] INFO  keyvalue.KeyValueHandler (ContainerUtils.java:logAndReturnError(88)) - Operation: GetCommittedBlockLength , Trace ID:  , Message: Unable to find the block. , Result: NO_SUCH_BLOCK , StorageContainerException Occurred.
org.apache.hadoop.hdds.scm.container.common.helpers.StorageContainerException: Unable to find the block.
	at org.apache.hadoop.ozone.container.keyvalue.impl.BlockManagerImpl.getBlockByID(BlockManagerImpl.java:359)
	at org.apache.hadoop.ozone.container.keyvalue.impl.BlockManagerImpl.getCommittedBlockLength(BlockManagerImpl.java:284)
	at org.apache.hadoop.ozone.container.keyvalue.KeyValueHandler.handleGetCommittedBlockLength(KeyValueHandler.java:560)
	at org.apache.hadoop.ozone.container.keyvalue.KeyValueHandler.dispatchRequest(KeyValueHandler.java:243)
	at org.apache.hadoop.ozone.container.keyvalue.KeyValueHandler.handle(KeyValueHandler.java:196)
	at org.apache.hadoop.ozone.container.common.impl.HddsDispatcher.dispatchRequest(HddsDispatcher.java:318)
	at org.apache.hadoop.ozone.container.common.impl.HddsDispatcher.lambda$dispatch$0(HddsDispatcher.java:170)
	at org.apache.hadoop.hdds.server.OzoneProtocolMessageDispatcher.processRequest(OzoneProtocolMessageDispatcher.java:87)
	at org.apache.hadoop.ozone.container.common.impl.HddsDispatcher.dispatch(HddsDispatcher.java:169)
	at org.apache.hadoop.ozone.container.common.transport.server.GrpcXceiverService$1.onNext(GrpcXceiverService.java:57)
	at org.apache.hadoop.ozone.container.common.transport.server.GrpcXceiverService$1.onNext(GrpcXceiverService.java:50)
	at org.apache.ratis.thirdparty.io.grpc.stub.ServerCalls$StreamingServerCallHandler$StreamingServerCallListener.onMessage(ServerCalls.java:262)
	at org.apache.ratis.thirdparty.io.grpc.ForwardingServerCallListener.onMessage(ForwardingServerCallListener.java:33)
	at org.apache.hadoop.hdds.tracing.GrpcServerInterceptor$1.onMessage(GrpcServerInterceptor.java:49)
	at org.apache.ratis.thirdparty.io.grpc.internal.ServerCallImpl$ServerStreamListenerImpl.messagesAvailableInternal(ServerCallImpl.java:318)
	at org.apache.ratis.thirdparty.io.grpc.internal.ServerCallImpl$ServerStreamListenerImpl.messagesAvailable(ServerCallImpl.java:301)
	at org.apache.ratis.thirdparty.io.grpc.internal.ServerImpl$JumpToApplicationThreadServerStreamListener$1MessagesAvailable.runInContext(ServerImpl.java:834)
	at org.apache.ratis.thirdparty.io.grpc.internal.ContextRunnable.run(ContextRunnable.java:37)
	at org.apache.ratis.thirdparty.io.grpc.internal.SerializingExecutor.run(SerializingExecutor.java:133)
	at java.util.concurrent.ThreadPoolExecutor.runWorker(ThreadPoolExecutor.java:1149)
	at java.util.concurrent.ThreadPoolExecutor$Worker.run(ThreadPoolExecutor.java:624)
	at java.lang.Thread.run(Thread.java:750)
07:00:15.785 [ChunkReader-3] ERROR DNAudit - user=null | ip=null | op=GET_COMMITTED_BLOCK_LENGTH {blockData=conID: 1 locID: 1659682815704 bcsId: 0} | ret=FAILURE
java.lang.Exception: Unable to find the block.
	at org.apache.hadoop.ozone.container.common.impl.HddsDispatcher.dispatchRequest(HddsDispatcher.java:382) ~[hdds-container-service-1.3.0-SNAPSHOT.jar:?]
	at org.apache.hadoop.ozone.container.common.impl.HddsDispatcher.lambda$dispatch$0(HddsDispatcher.java:170) ~[hdds-container-service-1.3.0-SNAPSHOT.jar:?]
	at org.apache.hadoop.hdds.server.OzoneProtocolMessageDispatcher.processRequest(OzoneProtocolMessageDispatcher.java:87) [hdds-server-framework-1.3.0-SNAPSHOT.jar:?]
	at org.apache.hadoop.ozone.container.common.impl.HddsDispatcher.dispatch(HddsDispatcher.java:169) [hdds-container-service-1.3.0-SNAPSHOT.jar:?]
	at org.apache.hadoop.ozone.container.common.transport.server.GrpcXceiverService$1.onNext(GrpcXceiverService.java:57) [hdds-container-service-1.3.0-SNAPSHOT.jar:?]
	at org.apache.hadoop.ozone.container.common.transport.server.GrpcXceiverService$1.onNext(GrpcXceiverService.java:50) [hdds-container-service-1.3.0-SNAPSHOT.jar:?]
	at org.apache.ratis.thirdparty.io.grpc.stub.ServerCalls$StreamingServerCallHandler$StreamingServerCallListener.onMessage(ServerCalls.java:262) [ratis-thirdparty-misc-1.0.0.jar:1.0.0]
	at org.apache.ratis.thirdparty.io.grpc.ForwardingServerCallListener.onMessage(ForwardingServerCallListener.java:33) [ratis-thirdparty-misc-1.0.0.jar:1.0.0]
	at org.apache.hadoop.hdds.tracing.GrpcServerInterceptor$1.onMessage(GrpcServerInterceptor.java:49) [hdds-common-1.3.0-SNAPSHOT.jar:?]
	at org.apache.ratis.thirdparty.io.grpc.internal.ServerCallImpl$ServerStreamListenerImpl.messagesAvailableInternal(ServerCallImpl.java:318) [ratis-thirdparty-misc-1.0.0.jar:1.0.0]
	at org.apache.ratis.thirdparty.io.grpc.internal.ServerCallImpl$ServerStreamListenerImpl.messagesAvailable(ServerCallImpl.java:301) [ratis-thirdparty-misc-1.0.0.jar:1.0.0]
	at org.apache.ratis.thirdparty.io.grpc.internal.ServerImpl$JumpToApplicationThreadServerStreamListener$1MessagesAvailable.runInContext(ServerImpl.java:834) [ratis-thirdparty-misc-1.0.0.jar:1.0.0]
	at org.apache.ratis.thirdparty.io.grpc.internal.ContextRunnable.run(ContextRunnable.java:37) [ratis-thirdparty-misc-1.0.0.jar:1.0.0]
	at org.apache.ratis.thirdparty.io.grpc.internal.SerializingExecutor.run(SerializingExecutor.java:133) [ratis-thirdparty-misc-1.0.0.jar:1.0.0]
	at java.util.concurrent.ThreadPoolExecutor.runWorker(ThreadPoolExecutor.java:1149) [?:1.8.0_332]
	at java.util.concurrent.ThreadPoolExecutor$Worker.run(ThreadPoolExecutor.java:624) [?:1.8.0_332]
	at java.lang.Thread.run(Thread.java:750) [?:1.8.0_332]
2022-08-05 07:00:15,798 [Time-limited test] ERROR scm.XceiverClientGrpc (XceiverClientGrpc.java:sendCommandWithRetry(448)) - Failed to execute command GetCommittedBlockLength on the pipeline Pipeline[ Id: 95f570a7-2714-4728-8655-1010464a786d, Nodes: 6678316d-e7a5-47b6-a27b-b09245ec3204{ip: 10.1.0.4, host: fv-az21-954.v4iizcarkezebbfea14bcgzyke.bx.internal.cloudapp.net, ports: [REPLICATION=43745, RATIS=42757, RATIS_ADMIN=42757, RATIS_SERVER=42757, STANDALONE=40365], networkLocation: /default-rack, certSerialId: null, persistedOpState: IN_SERVICE, persistedOpStateExpiryEpochSec: 0}, ReplicationConfig: STANDALONE/ONE, State:OPEN, leaderId:, CreationTimestamp2022-08-05T07:00:15.486Z[Etc/UTC]].
]]></system-out>
  </testcase>
  <testcase name="tesGetCommittedBlockLength" classname="org.apache.hadoop.ozone.scm.TestGetCommittedBlockLengthAndPutKey" time="0.125"/>
  <testcase name="tesPutKeyResposne" classname="org.apache.hadoop.ozone.scm.TestGetCommittedBlockLengthAndPutKey" time="300.015">
    <error type="org.junit.runners.model.TestTimedOutException"><![CDATA[org.junit.runners.model.TestTimedOutException: test timed out after 300 seconds
	at sun.misc.Unsafe.park(Native Method)
	at java.util.concurrent.locks.LockSupport.park(LockSupport.java:175)
	at java.util.concurrent.CompletableFuture$Signaller.block(CompletableFuture.java:1707)
	at java.util.concurrent.ForkJoinPool.managedBlock(ForkJoinPool.java:3323)
	at java.util.concurrent.CompletableFuture.waitingGet(CompletableFuture.java:1742)
	at java.util.concurrent.CompletableFuture.get(CompletableFuture.java:1908)
	at org.apache.hadoop.hdds.scm.XceiverClientSpi.sendCommand(XceiverClientSpi.java:113)
	at org.apache.hadoop.ozone.scm.TestGetCommittedBlockLengthAndPutKey.tesPutKeyResposne(TestGetCommittedBlockLengthAndPutKey.java:169)
	at sun.reflect.NativeMethodAccessorImpl.invoke0(Native Method)
	at sun.reflect.NativeMethodAccessorImpl.invoke(NativeMethodAccessorImpl.java:62)
	at sun.reflect.DelegatingMethodAccessorImpl.invoke(DelegatingMethodAccessorImpl.java:43)
	at java.lang.reflect.Method.invoke(Method.java:498)
	at org.junit.runners.model.FrameworkMethod$1.runReflectiveCall(FrameworkMethod.java:59)
	at org.junit.internal.runners.model.ReflectiveCallable.run(ReflectiveCallable.java:12)
	at org.junit.runners.model.FrameworkMethod.invokeExplosively(FrameworkMethod.java:56)
	at org.junit.internal.runners.statements.InvokeMethod.evaluate(InvokeMethod.java:17)
	at org.junit.internal.runners.statements.FailOnTimeout$CallableStatement.call(FailOnTimeout.java:288)
	at org.junit.internal.runners.statements.FailOnTimeout$CallableStatement.call(FailOnTimeout.java:282)
	at java.util.concurrent.FutureTask.run(FutureTask.java:266)
	at java.lang.Thread.run(Thread.java:750)
]]></error>
    <system-out><![CDATA[2022-08-05 07:00:20,383 [54373283-022a-4090-818d-dea0c6bd05a6@group-BFF43A9ED7F7-FollowerState] INFO  impl.FollowerState (FollowerState.java:run(143)) - 54373283-022a-4090-818d-dea0c6bd05a6@group-BFF43A9ED7F7-FollowerState: change to CANDIDATE, lastRpcElapsedTime:5038800870ns, electionTimeout:5032ms
2022-08-05 07:00:20,383 [54373283-022a-4090-818d-dea0c6bd05a6@group-BFF43A9ED7F7-FollowerState] INFO  impl.RoleInfo (RoleInfo.java:shutdownFollowerState(110)) - 54373283-022a-4090-818d-dea0c6bd05a6: shutdown 54373283-022a-4090-818d-dea0c6bd05a6@group-BFF43A9ED7F7-FollowerState
2022-08-05 07:00:20,383 [54373283-022a-4090-818d-dea0c6bd05a6@group-BFF43A9ED7F7-FollowerState] INFO  server.RaftServer$Division (RaftServerImpl.java:setRole(299)) - 54373283-022a-4090-818d-dea0c6bd05a6@group-BFF43A9ED7F7: changes role from  FOLLOWER to CANDIDATE at term 1 for changeToCandidate
2022-08-05 07:00:20,384 [54373283-022a-4090-818d-dea0c6bd05a6@group-BFF43A9ED7F7-FollowerState] INFO  server.RaftServerConfigKeys (ConfUtils.java:logGet(46)) - raft.server.leaderelection.pre-vote = false (custom)
2022-08-05 07:00:20,384 [54373283-022a-4090-818d-dea0c6bd05a6@group-BFF43A9ED7F7-FollowerState] INFO  impl.RoleInfo (RoleInfo.java:updateAndGet(139)) - 54373283-022a-4090-818d-dea0c6bd05a6: start 54373283-022a-4090-818d-dea0c6bd05a6@group-BFF43A9ED7F7-LeaderElection8
2022-08-05 07:00:20,386 [54373283-022a-4090-818d-dea0c6bd05a6@group-BFF43A9ED7F7-LeaderElection8] INFO  impl.LeaderElection (LeaderElection.java:askForVotes(310)) - 54373283-022a-4090-818d-dea0c6bd05a6@group-BFF43A9ED7F7-LeaderElection8 ELECTION round 0: submit vote requests at term 2 for -1: [26ed2a23-8c6e-4428-ad05-eb8a9d9728b7|rpc:10.1.0.4:34613|priority:1, 6678316d-e7a5-47b6-a27b-b09245ec3204|rpc:10.1.0.4:42757|priority:0, 54373283-022a-4090-818d-dea0c6bd05a6|rpc:10.1.0.4:36791|priority:0], old=null
2022-08-05 07:00:20,390 [grpc-default-executor-1] INFO  server.RaftServer$Division (RaftServerImpl.java:requestVote(1152)) - 6678316d-e7a5-47b6-a27b-b09245ec3204@group-BFF43A9ED7F7: receive requestVote(ELECTION, 54373283-022a-4090-818d-dea0c6bd05a6, group-BFF43A9ED7F7, 2, (t:0, i:0))
2022-08-05 07:00:20,390 [grpc-default-executor-1] INFO  impl.VoteContext (VoteContext.java:log(48)) - 6678316d-e7a5-47b6-a27b-b09245ec3204@group-BFF43A9ED7F7-FOLLOWER: accept ELECTION from 54373283-022a-4090-818d-dea0c6bd05a6: our priority 0 <= candidate's priority 0
2022-08-05 07:00:20,390 [grpc-default-executor-1] INFO  server.RaftServer$Division (RaftServerImpl.java:setRole(299)) - 6678316d-e7a5-47b6-a27b-b09245ec3204@group-BFF43A9ED7F7: changes role from  FOLLOWER to FOLLOWER at term 2 for candidate:54373283-022a-4090-818d-dea0c6bd05a6
2022-08-05 07:00:20,390 [grpc-default-executor-1] INFO  impl.RoleInfo (RoleInfo.java:shutdownFollowerState(110)) - 6678316d-e7a5-47b6-a27b-b09245ec3204: shutdown 6678316d-e7a5-47b6-a27b-b09245ec3204@group-BFF43A9ED7F7-FollowerState
2022-08-05 07:00:20,390 [grpc-default-executor-1] INFO  impl.RoleInfo (RoleInfo.java:updateAndGet(139)) - 6678316d-e7a5-47b6-a27b-b09245ec3204: start 6678316d-e7a5-47b6-a27b-b09245ec3204@group-BFF43A9ED7F7-FollowerState
2022-08-05 07:00:20,390 [6678316d-e7a5-47b6-a27b-b09245ec3204@group-BFF43A9ED7F7-FollowerState] INFO  impl.FollowerState (FollowerState.java:run(152)) - 6678316d-e7a5-47b6-a27b-b09245ec3204@group-BFF43A9ED7F7-FollowerState was interrupted
2022-08-05 07:00:20,394 [grpc-default-executor-2] INFO  server.RaftServer$Division (RaftServerImpl.java:requestVote(1152)) - 26ed2a23-8c6e-4428-ad05-eb8a9d9728b7@group-BFF43A9ED7F7: receive requestVote(ELECTION, 54373283-022a-4090-818d-dea0c6bd05a6, group-BFF43A9ED7F7, 2, (t:0, i:0))
2022-08-05 07:00:20,394 [grpc-default-executor-1] INFO  server.RaftServer$Division (RaftServerImpl.java:requestVote(1184)) - 6678316d-e7a5-47b6-a27b-b09245ec3204@group-BFF43A9ED7F7 replies to ELECTION vote request: 54373283-022a-4090-818d-dea0c6bd05a6<-6678316d-e7a5-47b6-a27b-b09245ec3204#0:OK-t2. Peer's state: 6678316d-e7a5-47b6-a27b-b09245ec3204@group-BFF43A9ED7F7:t2, leader=null, voted=54373283-022a-4090-818d-dea0c6bd05a6, raftlog=6678316d-e7a5-47b6-a27b-b09245ec3204@group-BFF43A9ED7F7-SegmentedRaftLog:OPENED:c-1, conf=-1: [26ed2a23-8c6e-4428-ad05-eb8a9d9728b7|rpc:10.1.0.4:34613|dataStream:|priority:1, 6678316d-e7a5-47b6-a27b-b09245ec3204|rpc:10.1.0.4:42757|dataStream:|priority:0, 54373283-022a-4090-818d-dea0c6bd05a6|rpc:10.1.0.4:36791|dataStream:|priority:0], old=null
2022-08-05 07:00:20,394 [grpc-default-executor-2] INFO  impl.VoteContext (VoteContext.java:log(48)) - 26ed2a23-8c6e-4428-ad05-eb8a9d9728b7@group-BFF43A9ED7F7-FOLLOWER: reject ELECTION from 54373283-022a-4090-818d-dea0c6bd05a6: our priority 1 > candidate's priority 0
2022-08-05 07:00:20,395 [grpc-default-executor-2] INFO  server.RaftServer$Division (RaftServerImpl.java:setRole(299)) - 26ed2a23-8c6e-4428-ad05-eb8a9d9728b7@group-BFF43A9ED7F7: changes role from  FOLLOWER to FOLLOWER at term 2 for candidate:54373283-022a-4090-818d-dea0c6bd05a6
2022-08-05 07:00:20,395 [grpc-default-executor-2] INFO  impl.RoleInfo (RoleInfo.java:shutdownFollowerState(110)) - 26ed2a23-8c6e-4428-ad05-eb8a9d9728b7: shutdown 26ed2a23-8c6e-4428-ad05-eb8a9d9728b7@group-BFF43A9ED7F7-FollowerState
2022-08-05 07:00:20,395 [grpc-default-executor-2] INFO  impl.RoleInfo (RoleInfo.java:updateAndGet(139)) - 26ed2a23-8c6e-4428-ad05-eb8a9d9728b7: start 26ed2a23-8c6e-4428-ad05-eb8a9d9728b7@group-BFF43A9ED7F7-FollowerState
2022-08-05 07:00:20,395 [26ed2a23-8c6e-4428-ad05-eb8a9d9728b7@group-BFF43A9ED7F7-FollowerState] INFO  impl.FollowerState (FollowerState.java:run(152)) - 26ed2a23-8c6e-4428-ad05-eb8a9d9728b7@group-BFF43A9ED7F7-FollowerState was interrupted
2022-08-05 07:00:20,401 [grpc-default-executor-2] INFO  server.RaftServer$Division (RaftServerImpl.java:requestVote(1184)) - 26ed2a23-8c6e-4428-ad05-eb8a9d9728b7@group-BFF43A9ED7F7 replies to ELECTION vote request: 54373283-022a-4090-818d-dea0c6bd05a6<-26ed2a23-8c6e-4428-ad05-eb8a9d9728b7#0:FAIL-t2. Peer's state: 26ed2a23-8c6e-4428-ad05-eb8a9d9728b7@group-BFF43A9ED7F7:t2, leader=null, voted=null, raftlog=26ed2a23-8c6e-4428-ad05-eb8a9d9728b7@group-BFF43A9ED7F7-SegmentedRaftLog:OPENED:c-1, conf=-1: [26ed2a23-8c6e-4428-ad05-eb8a9d9728b7|rpc:10.1.0.4:34613|priority:1, 6678316d-e7a5-47b6-a27b-b09245ec3204|rpc:10.1.0.4:42757|priority:0, 54373283-022a-4090-818d-dea0c6bd05a6|rpc:10.1.0.4:36791|priority:0], old=null
2022-08-05 07:00:20,402 [54373283-022a-4090-818d-dea0c6bd05a6@group-BFF43A9ED7F7-LeaderElection8] INFO  impl.LeaderElection (LeaderElection.java:logAndReturn(90)) - 54373283-022a-4090-818d-dea0c6bd05a6@group-BFF43A9ED7F7-LeaderElection8: ELECTION REJECTED received 2 response(s) and 0 exception(s):
2022-08-05 07:00:20,403 [54373283-022a-4090-818d-dea0c6bd05a6@group-BFF43A9ED7F7-LeaderElection8] INFO  impl.LeaderElection (LeaderElection.java:logAndReturn(94)) -   Response 0: 54373283-022a-4090-818d-dea0c6bd05a6<-26ed2a23-8c6e-4428-ad05-eb8a9d9728b7#0:FAIL-t2
2022-08-05 07:00:20,403 [54373283-022a-4090-818d-dea0c6bd05a6@group-BFF43A9ED7F7-LeaderElection8] INFO  impl.LeaderElection (LeaderElection.java:logAndReturn(94)) -   Response 1: 54373283-022a-4090-818d-dea0c6bd05a6<-6678316d-e7a5-47b6-a27b-b09245ec3204#0:OK-t2
2022-08-05 07:00:20,403 [54373283-022a-4090-818d-dea0c6bd05a6@group-BFF43A9ED7F7-LeaderElection8] INFO  impl.LeaderElection (LeaderElection.java:askForVotes(312)) - 54373283-022a-4090-818d-dea0c6bd05a6@group-BFF43A9ED7F7-LeaderElection8 ELECTION round 0: result REJECTED
2022-08-05 07:00:20,403 [54373283-022a-4090-818d-dea0c6bd05a6@group-BFF43A9ED7F7-LeaderElection8] INFO  server.RaftServer$Division (RaftServerImpl.java:setRole(299)) - 54373283-022a-4090-818d-dea0c6bd05a6@group-BFF43A9ED7F7: changes role from CANDIDATE to FOLLOWER at term 2 for REJECTED
2022-08-05 07:00:20,403 [54373283-022a-4090-818d-dea0c6bd05a6@group-BFF43A9ED7F7-LeaderElection8] INFO  impl.RoleInfo (RoleInfo.java:shutdownLeaderElection(130)) - 54373283-022a-4090-818d-dea0c6bd05a6: shutdown 54373283-022a-4090-818d-dea0c6bd05a6@group-BFF43A9ED7F7-LeaderElection8
2022-08-05 07:00:20,403 [54373283-022a-4090-818d-dea0c6bd05a6@group-BFF43A9ED7F7-LeaderElection8] INFO  impl.RoleInfo (RoleInfo.java:updateAndGet(139)) - 54373283-022a-4090-818d-dea0c6bd05a6: start 54373283-022a-4090-818d-dea0c6bd05a6@group-BFF43A9ED7F7-FollowerState
2022-08-05 07:00:25,503 [26ed2a23-8c6e-4428-ad05-eb8a9d9728b7@group-BFF43A9ED7F7-FollowerState] INFO  impl.FollowerState (FollowerState.java:run(143)) - 26ed2a23-8c6e-4428-ad05-eb8a9d9728b7@group-BFF43A9ED7F7-FollowerState: change to CANDIDATE, lastRpcElapsedTime:5107467321ns, electionTimeout:5102ms
2022-08-05 07:00:25,505 [26ed2a23-8c6e-4428-ad05-eb8a9d9728b7@group-BFF43A9ED7F7-FollowerState] INFO  impl.RoleInfo (RoleInfo.java:shutdownFollowerState(110)) - 26ed2a23-8c6e-4428-ad05-eb8a9d9728b7: shutdown 26ed2a23-8c6e-4428-ad05-eb8a9d9728b7@group-BFF43A9ED7F7-FollowerState
2022-08-05 07:00:25,505 [26ed2a23-8c6e-4428-ad05-eb8a9d9728b7@group-BFF43A9ED7F7-FollowerState] INFO  server.RaftServer$Division (RaftServerImpl.java:setRole(299)) - 26ed2a23-8c6e-4428-ad05-eb8a9d9728b7@group-BFF43A9ED7F7: changes role from  FOLLOWER to CANDIDATE at term 2 for changeToCandidate
2022-08-05 07:00:25,505 [26ed2a23-8c6e-4428-ad05-eb8a9d9728b7@group-BFF43A9ED7F7-FollowerState] INFO  server.RaftServerConfigKeys (ConfUtils.java:logGet(46)) - raft.server.leaderelection.pre-vote = false (custom)
2022-08-05 07:00:25,505 [26ed2a23-8c6e-4428-ad05-eb8a9d9728b7@group-BFF43A9ED7F7-FollowerState] INFO  impl.RoleInfo (RoleInfo.java:updateAndGet(139)) - 26ed2a23-8c6e-4428-ad05-eb8a9d9728b7: start 26ed2a23-8c6e-4428-ad05-eb8a9d9728b7@group-BFF43A9ED7F7-LeaderElection9
2022-08-05 07:00:25,508 [26ed2a23-8c6e-4428-ad05-eb8a9d9728b7@group-BFF43A9ED7F7-LeaderElection9] INFO  impl.LeaderElection (LeaderElection.java:askForVotes(310)) - 26ed2a23-8c6e-4428-ad05-eb8a9d9728b7@group-BFF43A9ED7F7-LeaderElection9 ELECTION round 0: submit vote requests at term 3 for -1: [26ed2a23-8c6e-4428-ad05-eb8a9d9728b7|rpc:10.1.0.4:34613|priority:1, 6678316d-e7a5-47b6-a27b-b09245ec3204|rpc:10.1.0.4:42757|priority:0, 54373283-022a-4090-818d-dea0c6bd05a6|rpc:10.1.0.4:36791|priority:0], old=null
2022-08-05 07:00:25,526 [grpc-default-executor-1] INFO  server.RaftServer$Division (RaftServerImpl.java:requestVote(1152)) - 54373283-022a-4090-818d-dea0c6bd05a6@group-BFF43A9ED7F7: receive requestVote(ELECTION, 26ed2a23-8c6e-4428-ad05-eb8a9d9728b7, group-BFF43A9ED7F7, 3, (t:0, i:0))
2022-08-05 07:00:25,526 [grpc-default-executor-1] INFO  impl.VoteContext (VoteContext.java:log(48)) - 54373283-022a-4090-818d-dea0c6bd05a6@group-BFF43A9ED7F7-FOLLOWER: accept ELECTION from 26ed2a23-8c6e-4428-ad05-eb8a9d9728b7: our priority 0 <= candidate's priority 1
2022-08-05 07:00:25,526 [grpc-default-executor-1] INFO  server.RaftServer$Division (RaftServerImpl.java:setRole(299)) - 54373283-022a-4090-818d-dea0c6bd05a6@group-BFF43A9ED7F7: changes role from  FOLLOWER to FOLLOWER at term 3 for candidate:26ed2a23-8c6e-4428-ad05-eb8a9d9728b7
2022-08-05 07:00:25,526 [grpc-default-executor-1] INFO  impl.RoleInfo (RoleInfo.java:shutdownFollowerState(110)) - 54373283-022a-4090-818d-dea0c6bd05a6: shutdown 54373283-022a-4090-818d-dea0c6bd05a6@group-BFF43A9ED7F7-FollowerState
2022-08-05 07:00:25,526 [grpc-default-executor-1] INFO  impl.RoleInfo (RoleInfo.java:updateAndGet(139)) - 54373283-022a-4090-818d-dea0c6bd05a6: start 54373283-022a-4090-818d-dea0c6bd05a6@group-BFF43A9ED7F7-FollowerState
2022-08-05 07:00:25,526 [grpc-default-executor-2] INFO  server.RaftServer$Division (RaftServerImpl.java:requestVote(1152)) - 6678316d-e7a5-47b6-a27b-b09245ec3204@group-BFF43A9ED7F7: receive requestVote(ELECTION, 26ed2a23-8c6e-4428-ad05-eb8a9d9728b7, group-BFF43A9ED7F7, 3, (t:0, i:0))
2022-08-05 07:00:25,526 [grpc-default-executor-2] INFO  impl.VoteContext (VoteContext.java:log(48)) - 6678316d-e7a5-47b6-a27b-b09245ec3204@group-BFF43A9ED7F7-FOLLOWER: accept ELECTION from 26ed2a23-8c6e-4428-ad05-eb8a9d9728b7: our priority 0 <= candidate's priority 1
2022-08-05 07:00:25,526 [grpc-default-executor-2] INFO  server.RaftServer$Division (RaftServerImpl.java:setRole(299)) - 6678316d-e7a5-47b6-a27b-b09245ec3204@group-BFF43A9ED7F7: changes role from  FOLLOWER to FOLLOWER at term 3 for candidate:26ed2a23-8c6e-4428-ad05-eb8a9d9728b7
2022-08-05 07:00:25,526 [grpc-default-executor-2] INFO  impl.RoleInfo (RoleInfo.java:shutdownFollowerState(110)) - 6678316d-e7a5-47b6-a27b-b09245ec3204: shutdown 6678316d-e7a5-47b6-a27b-b09245ec3204@group-BFF43A9ED7F7-FollowerState
2022-08-05 07:00:25,527 [54373283-022a-4090-818d-dea0c6bd05a6@group-BFF43A9ED7F7-FollowerState] INFO  impl.FollowerState (FollowerState.java:run(152)) - 54373283-022a-4090-818d-dea0c6bd05a6@group-BFF43A9ED7F7-FollowerState was interrupted
2022-08-05 07:00:25,528 [6678316d-e7a5-47b6-a27b-b09245ec3204@group-BFF43A9ED7F7-FollowerState] INFO  impl.FollowerState (FollowerState.java:run(152)) - 6678316d-e7a5-47b6-a27b-b09245ec3204@group-BFF43A9ED7F7-FollowerState was interrupted
2022-08-05 07:00:25,528 [grpc-default-executor-1] INFO  server.RaftServer$Division (RaftServerImpl.java:requestVote(1184)) - 54373283-022a-4090-818d-dea0c6bd05a6@group-BFF43A9ED7F7 replies to ELECTION vote request: 26ed2a23-8c6e-4428-ad05-eb8a9d9728b7<-54373283-022a-4090-818d-dea0c6bd05a6#0:OK-t3. Peer's state: 54373283-022a-4090-818d-dea0c6bd05a6@group-BFF43A9ED7F7:t3, leader=null, voted=26ed2a23-8c6e-4428-ad05-eb8a9d9728b7, raftlog=54373283-022a-4090-818d-dea0c6bd05a6@group-BFF43A9ED7F7-SegmentedRaftLog:OPENED:c-1, conf=-1: [26ed2a23-8c6e-4428-ad05-eb8a9d9728b7|rpc:10.1.0.4:34613|priority:1, 6678316d-e7a5-47b6-a27b-b09245ec3204|rpc:10.1.0.4:42757|priority:0, 54373283-022a-4090-818d-dea0c6bd05a6|rpc:10.1.0.4:36791|priority:0], old=null
2022-08-05 07:00:25,528 [grpc-default-executor-2] INFO  impl.RoleInfo (RoleInfo.java:updateAndGet(139)) - 6678316d-e7a5-47b6-a27b-b09245ec3204: start 6678316d-e7a5-47b6-a27b-b09245ec3204@group-BFF43A9ED7F7-FollowerState
2022-08-05 07:00:25,530 [26ed2a23-8c6e-4428-ad05-eb8a9d9728b7@group-BFF43A9ED7F7-LeaderElection9] INFO  impl.LeaderElection (LeaderElection.java:logAndReturn(90)) - 26ed2a23-8c6e-4428-ad05-eb8a9d9728b7@group-BFF43A9ED7F7-LeaderElection9: ELECTION PASSED received 1 response(s) and 0 exception(s):
2022-08-05 07:00:25,531 [26ed2a23-8c6e-4428-ad05-eb8a9d9728b7@group-BFF43A9ED7F7-LeaderElection9] INFO  impl.LeaderElection (LeaderElection.java:logAndReturn(94)) -   Response 0: 26ed2a23-8c6e-4428-ad05-eb8a9d9728b7<-54373283-022a-4090-818d-dea0c6bd05a6#0:OK-t3
2022-08-05 07:00:25,531 [26ed2a23-8c6e-4428-ad05-eb8a9d9728b7@group-BFF43A9ED7F7-LeaderElection9] INFO  impl.LeaderElection (LeaderElection.java:askForVotes(312)) - 26ed2a23-8c6e-4428-ad05-eb8a9d9728b7@group-BFF43A9ED7F7-LeaderElection9 ELECTION round 0: result PASSED
2022-08-05 07:00:25,531 [26ed2a23-8c6e-4428-ad05-eb8a9d9728b7@group-BFF43A9ED7F7-LeaderElection9] INFO  impl.RoleInfo (RoleInfo.java:shutdownLeaderElection(130)) - 26ed2a23-8c6e-4428-ad05-eb8a9d9728b7: shutdown 26ed2a23-8c6e-4428-ad05-eb8a9d9728b7@group-BFF43A9ED7F7-LeaderElection9
2022-08-05 07:00:25,531 [26ed2a23-8c6e-4428-ad05-eb8a9d9728b7@group-BFF43A9ED7F7-LeaderElection9] INFO  server.RaftServer$Division (RaftServerImpl.java:setRole(299)) - 26ed2a23-8c6e-4428-ad05-eb8a9d9728b7@group-BFF43A9ED7F7: changes role from CANDIDATE to LEADER at term 3 for changeToLeader
2022-08-05 07:00:25,531 [26ed2a23-8c6e-4428-ad05-eb8a9d9728b7@group-BFF43A9ED7F7-LeaderElection9] INFO  ratis.XceiverServerRatis (XceiverServerRatis.java:handleLeaderChangedNotification(863)) - Leader change notification received for group: group-BFF43A9ED7F7 with new leaderId: 26ed2a23-8c6e-4428-ad05-eb8a9d9728b7
2022-08-05 07:00:25,533 [26ed2a23-8c6e-4428-ad05-eb8a9d9728b7@group-BFF43A9ED7F7-LeaderElection9] INFO  server.RaftServer$Division (ServerState.java:setLeader(287)) - 26ed2a23-8c6e-4428-ad05-eb8a9d9728b7@group-BFF43A9ED7F7: change Leader from null to 26ed2a23-8c6e-4428-ad05-eb8a9d9728b7 at term 3 for becomeLeader, leader elected after 15264ms
2022-08-05 07:00:25,533 [26ed2a23-8c6e-4428-ad05-eb8a9d9728b7@group-BFF43A9ED7F7-LeaderElection9] INFO  server.RaftServerConfigKeys (ConfUtils.java:logGet(46)) - raft.server.staging.catchup.gap = 1000 (default)
2022-08-05 07:00:25,533 [grpc-default-executor-2] INFO  server.RaftServer$Division (RaftServerImpl.java:requestVote(1184)) - 6678316d-e7a5-47b6-a27b-b09245ec3204@group-BFF43A9ED7F7 replies to ELECTION vote request: 26ed2a23-8c6e-4428-ad05-eb8a9d9728b7<-6678316d-e7a5-47b6-a27b-b09245ec3204#0:OK-t3. Peer's state: 6678316d-e7a5-47b6-a27b-b09245ec3204@group-BFF43A9ED7F7:t3, leader=null, voted=26ed2a23-8c6e-4428-ad05-eb8a9d9728b7, raftlog=6678316d-e7a5-47b6-a27b-b09245ec3204@group-BFF43A9ED7F7-SegmentedRaftLog:OPENED:c-1, conf=-1: [26ed2a23-8c6e-4428-ad05-eb8a9d9728b7|rpc:10.1.0.4:34613|dataStream:|priority:1, 6678316d-e7a5-47b6-a27b-b09245ec3204|rpc:10.1.0.4:42757|dataStream:|priority:0, 54373283-022a-4090-818d-dea0c6bd05a6|rpc:10.1.0.4:36791|dataStream:|priority:0], old=null
2022-08-05 07:00:25,536 [26ed2a23-8c6e-4428-ad05-eb8a9d9728b7@group-BFF43A9ED7F7-LeaderElection9] INFO  server.RaftServerConfigKeys (ConfUtils.java:logGet(46)) - raft.server.write.element-limit = 1024 (custom)
2022-08-05 07:00:25,536 [26ed2a23-8c6e-4428-ad05-eb8a9d9728b7@group-BFF43A9ED7F7-LeaderElection9] INFO  server.RaftServerConfigKeys (ConfUtils.java:logGet(46)) - raft.server.write.byte-limit = 1024 M (=1073741824) (custom)
2022-08-05 07:00:25,536 [26ed2a23-8c6e-4428-ad05-eb8a9d9728b7@group-BFF43A9ED7F7-LeaderElection9] INFO  server.RaftServerConfigKeys (ConfUtils.java:logGet(46)) - raft.server.watch.timeout = 180s (custom)
2022-08-05 07:00:25,536 [26ed2a23-8c6e-4428-ad05-eb8a9d9728b7@group-BFF43A9ED7F7-LeaderElection9] INFO  server.RaftServerConfigKeys (ConfUtils.java:logGet(46)) - raft.server.watch.timeout.denomination = 1s (default)
2022-08-05 07:00:25,536 [26ed2a23-8c6e-4428-ad05-eb8a9d9728b7@group-BFF43A9ED7F7-LeaderElection9] INFO  server.RaftServerConfigKeys (ConfUtils.java:logGet(46)) - raft.server.watch.element-limit = 65536 (default)
2022-08-05 07:00:25,537 [26ed2a23-8c6e-4428-ad05-eb8a9d9728b7@group-BFF43A9ED7F7-LeaderElection9] INFO  server.RaftServerConfigKeys (ConfUtils.java:logGet(46)) - raft.server.write.element-limit = 1024 (custom)
2022-08-05 07:00:25,537 [26ed2a23-8c6e-4428-ad05-eb8a9d9728b7@group-BFF43A9ED7F7-LeaderElection9] INFO  server.RaftServerConfigKeys (ConfUtils.java:logGet(46)) - raft.server.write.follower.gap.ratio.max = -1.0 (default)
2022-08-05 07:00:25,538 [26ed2a23-8c6e-4428-ad05-eb8a9d9728b7@group-BFF43A9ED7F7-LeaderElection9] INFO  server.RaftServerConfigKeys (ConfUtils.java:logGet(46)) - raft.server.log.appender.snapshot.chunk.size.max = 16MB (=16777216) (default)
2022-08-05 07:00:25,538 [26ed2a23-8c6e-4428-ad05-eb8a9d9728b7@group-BFF43A9ED7F7-LeaderElection9] INFO  server.RaftServerConfigKeys (ConfUtils.java:logGet(46)) - raft.server.log.appender.buffer.byte-limit = 33554432 (custom)
2022-08-05 07:00:25,538 [26ed2a23-8c6e-4428-ad05-eb8a9d9728b7@group-BFF43A9ED7F7-LeaderElection9] INFO  server.RaftServerConfigKeys (ConfUtils.java:logGet(46)) - raft.server.log.appender.buffer.element-limit = 1 (custom)
2022-08-05 07:00:25,538 [EventQueue-PipelineReportForPipelineReportHandler] INFO  pipeline.PipelineManagerImpl (PipelineManagerImpl.java:openPipeline(367)) - Pipeline Pipeline[ Id: d510d3c0-51ec-4941-a6f4-bff43a9ed7f7, Nodes: 6678316d-e7a5-47b6-a27b-b09245ec3204{ip: 10.1.0.4, host: fv-az21-954.v4iizcarkezebbfea14bcgzyke.bx.internal.cloudapp.net, ports: [REPLICATION=43745, RATIS=42757, RATIS_ADMIN=42757, RATIS_SERVER=42757, STANDALONE=40365], networkLocation: /default-rack, certSerialId: null, persistedOpState: IN_SERVICE, persistedOpStateExpiryEpochSec: 0}54373283-022a-4090-818d-dea0c6bd05a6{ip: 10.1.0.4, host: fv-az21-954.v4iizcarkezebbfea14bcgzyke.bx.internal.cloudapp.net, ports: [REPLICATION=44105, RATIS=36791, RATIS_ADMIN=36791, RATIS_SERVER=36791, STANDALONE=41583], networkLocation: /default-rack, certSerialId: null, persistedOpState: IN_SERVICE, persistedOpStateExpiryEpochSec: 0}26ed2a23-8c6e-4428-ad05-eb8a9d9728b7{ip: 10.1.0.4, host: fv-az21-954.v4iizcarkezebbfea14bcgzyke.bx.internal.cloudapp.net, ports: [REPLICATION=40603, RATIS=34613, RATIS_ADMIN=34613, RATIS_SERVER=34613, STANDALONE=42335], networkLocation: /default-rack, certSerialId: null, persistedOpState: IN_SERVICE, persistedOpStateExpiryEpochSec: 0}, ReplicationConfig: RATIS/THREE, State:ALLOCATED, leaderId:26ed2a23-8c6e-4428-ad05-eb8a9d9728b7, CreationTimestamp2022-08-05T07:00:07.219Z[Etc/UTC]] moved to OPEN state
2022-08-05 07:00:25,538 [26ed2a23-8c6e-4428-ad05-eb8a9d9728b7@group-BFF43A9ED7F7-LeaderElection9] INFO  grpc.GrpcConfigKeys (ConfUtils.java:logGet(46)) - raft.grpc.server.leader.outstanding.appends.max = 128 (default)
2022-08-05 07:00:25,539 [26ed2a23-8c6e-4428-ad05-eb8a9d9728b7@group-BFF43A9ED7F7-LeaderElection9] INFO  server.RaftServerConfigKeys (ConfUtils.java:logGet(46)) - raft.server.rpc.request.timeout = 60s (custom)
2022-08-05 07:00:25,546 [26ed2a23-8c6e-4428-ad05-eb8a9d9728b7@group-BFF43A9ED7F7-LeaderElection9] INFO  server.RaftServerConfigKeys (ConfUtils.java:logGet(46)) - raft.server.log.appender.install.snapshot.enabled = false (custom)
2022-08-05 07:00:25,546 [26ed2a23-8c6e-4428-ad05-eb8a9d9728b7@group-BFF43A9ED7F7-LeaderElection9] INFO  server.RaftServerConfigKeys (ConfUtils.java:logGet(46)) - raft.server.log.appender.snapshot.chunk.size.max = 16MB (=16777216) (default)
2022-08-05 07:00:25,546 [26ed2a23-8c6e-4428-ad05-eb8a9d9728b7@group-BFF43A9ED7F7-LeaderElection9] INFO  server.RaftServerConfigKeys (ConfUtils.java:logGet(46)) - raft.server.log.appender.buffer.byte-limit = 33554432 (custom)
2022-08-05 07:00:25,547 [26ed2a23-8c6e-4428-ad05-eb8a9d9728b7@group-BFF43A9ED7F7-LeaderElection9] INFO  server.RaftServerConfigKeys (ConfUtils.java:logGet(46)) - raft.server.log.appender.buffer.element-limit = 1 (custom)
2022-08-05 07:00:25,547 [26ed2a23-8c6e-4428-ad05-eb8a9d9728b7@group-BFF43A9ED7F7-LeaderElection9] INFO  grpc.GrpcConfigKeys (ConfUtils.java:logGet(46)) - raft.grpc.server.leader.outstanding.appends.max = 128 (default)
2022-08-05 07:00:25,547 [26ed2a23-8c6e-4428-ad05-eb8a9d9728b7@group-BFF43A9ED7F7-LeaderElection9] INFO  server.RaftServerConfigKeys (ConfUtils.java:logGet(46)) - raft.server.rpc.request.timeout = 60s (custom)
2022-08-05 07:00:25,547 [26ed2a23-8c6e-4428-ad05-eb8a9d9728b7@group-BFF43A9ED7F7-LeaderElection9] INFO  server.RaftServerConfigKeys (ConfUtils.java:logGet(46)) - raft.server.log.appender.install.snapshot.enabled = false (custom)
2022-08-05 07:00:25,547 [26ed2a23-8c6e-4428-ad05-eb8a9d9728b7@group-BFF43A9ED7F7-LeaderElection9] INFO  impl.RoleInfo (RoleInfo.java:updateAndGet(139)) - 26ed2a23-8c6e-4428-ad05-eb8a9d9728b7: start 26ed2a23-8c6e-4428-ad05-eb8a9d9728b7@group-BFF43A9ED7F7-LeaderStateImpl
2022-08-05 07:00:25,547 [26ed2a23-8c6e-4428-ad05-eb8a9d9728b7@group-BFF43A9ED7F7-LeaderElection9] INFO  segmented.SegmentedRaftLogWorker (SegmentedRaftLogWorker.java:startLogSegment(425)) - 26ed2a23-8c6e-4428-ad05-eb8a9d9728b7@group-BFF43A9ED7F7-SegmentedRaftLogWorker: Starting segment from index:0
2022-08-05 07:00:25,550 [26ed2a23-8c6e-4428-ad05-eb8a9d9728b7@group-BFF43A9ED7F7-LeaderElection9] INFO  server.RaftServer$Division (ServerState.java:setRaftConf(393)) - 26ed2a23-8c6e-4428-ad05-eb8a9d9728b7@group-BFF43A9ED7F7: set configuration 0: [26ed2a23-8c6e-4428-ad05-eb8a9d9728b7|rpc:10.1.0.4:34613|dataStream:|priority:1, 6678316d-e7a5-47b6-a27b-b09245ec3204|rpc:10.1.0.4:42757|dataStream:|priority:0, 54373283-022a-4090-818d-dea0c6bd05a6|rpc:10.1.0.4:36791|dataStream:|priority:0], old=null
2022-08-05 07:00:25,550 [26ed2a23-8c6e-4428-ad05-eb8a9d9728b7@group-BFF43A9ED7F7-SegmentedRaftLogWorker] INFO  segmented.SegmentedRaftLogWorker (SegmentedRaftLogWorker.java:execute(629)) - 26ed2a23-8c6e-4428-ad05-eb8a9d9728b7@group-BFF43A9ED7F7-SegmentedRaftLogWorker: created new log segment /home/runner/work/ozone/ozone/hadoop-ozone/integration-test/target/test-dir/MiniOzoneClusterImpl-bb0a6680-cc6d-4375-b258-2c4cc626dd81/datanode-2/data/ratis/d510d3c0-51ec-4941-a6f4-bff43a9ed7f7/current/log_inprogress_0
2022-08-05 07:00:25,567 [54373283-022a-4090-818d-dea0c6bd05a6-server-thread1] INFO  ratis.XceiverServerRatis (XceiverServerRatis.java:handleLeaderChangedNotification(863)) - Leader change notification received for group: group-BFF43A9ED7F7 with new leaderId: 26ed2a23-8c6e-4428-ad05-eb8a9d9728b7
2022-08-05 07:00:25,567 [54373283-022a-4090-818d-dea0c6bd05a6-server-thread1] INFO  server.RaftServer$Division (ServerState.java:setLeader(287)) - 54373283-022a-4090-818d-dea0c6bd05a6@group-BFF43A9ED7F7: change Leader from null to 26ed2a23-8c6e-4428-ad05-eb8a9d9728b7 at term 3 for appendEntries, leader elected after 15417ms
2022-08-05 07:00:25,567 [6678316d-e7a5-47b6-a27b-b09245ec3204-server-thread1] INFO  ratis.XceiverServerRatis (XceiverServerRatis.java:handleLeaderChangedNotification(863)) - Leader change notification received for group: group-BFF43A9ED7F7 with new leaderId: 26ed2a23-8c6e-4428-ad05-eb8a9d9728b7
2022-08-05 07:00:25,568 [6678316d-e7a5-47b6-a27b-b09245ec3204-server-thread1] INFO  server.RaftServer$Division (ServerState.java:setLeader(287)) - 6678316d-e7a5-47b6-a27b-b09245ec3204@group-BFF43A9ED7F7: change Leader from null to 26ed2a23-8c6e-4428-ad05-eb8a9d9728b7 at term 3 for appendEntries, leader elected after 15382ms
2022-08-05 07:00:25,571 [54373283-022a-4090-818d-dea0c6bd05a6-server-thread1] INFO  server.RaftServer$Division (ServerState.java:setRaftConf(393)) - 54373283-022a-4090-818d-dea0c6bd05a6@group-BFF43A9ED7F7: set configuration 0: [26ed2a23-8c6e-4428-ad05-eb8a9d9728b7|rpc:10.1.0.4:34613|dataStream:|priority:1, 6678316d-e7a5-47b6-a27b-b09245ec3204|rpc:10.1.0.4:42757|dataStream:|priority:0, 54373283-022a-4090-818d-dea0c6bd05a6|rpc:10.1.0.4:36791|dataStream:|priority:0], old=null
2022-08-05 07:00:25,571 [54373283-022a-4090-818d-dea0c6bd05a6-server-thread1] INFO  segmented.SegmentedRaftLogWorker (SegmentedRaftLogWorker.java:startLogSegment(425)) - 54373283-022a-4090-818d-dea0c6bd05a6@group-BFF43A9ED7F7-SegmentedRaftLogWorker: Starting segment from index:0
2022-08-05 07:00:25,573 [54373283-022a-4090-818d-dea0c6bd05a6@group-BFF43A9ED7F7-SegmentedRaftLogWorker] INFO  segmented.SegmentedRaftLogWorker (SegmentedRaftLogWorker.java:execute(629)) - 54373283-022a-4090-818d-dea0c6bd05a6@group-BFF43A9ED7F7-SegmentedRaftLogWorker: created new log segment /home/runner/work/ozone/ozone/hadoop-ozone/integration-test/target/test-dir/MiniOzoneClusterImpl-bb0a6680-cc6d-4375-b258-2c4cc626dd81/datanode-1/data/ratis/d510d3c0-51ec-4941-a6f4-bff43a9ed7f7/current/log_inprogress_0
2022-08-05 07:00:25,578 [6678316d-e7a5-47b6-a27b-b09245ec3204-server-thread2] INFO  server.RaftServer$Division (ServerState.java:setRaftConf(393)) - 6678316d-e7a5-47b6-a27b-b09245ec3204@group-BFF43A9ED7F7: set configuration 0: [26ed2a23-8c6e-4428-ad05-eb8a9d9728b7|rpc:10.1.0.4:34613|dataStream:|priority:1, 6678316d-e7a5-47b6-a27b-b09245ec3204|rpc:10.1.0.4:42757|dataStream:|priority:0, 54373283-022a-4090-818d-dea0c6bd05a6|rpc:10.1.0.4:36791|dataStream:|priority:0], old=null
2022-08-05 07:00:25,578 [6678316d-e7a5-47b6-a27b-b09245ec3204-server-thread2] INFO  segmented.SegmentedRaftLogWorker (SegmentedRaftLogWorker.java:startLogSegment(425)) - 6678316d-e7a5-47b6-a27b-b09245ec3204@group-BFF43A9ED7F7-SegmentedRaftLogWorker: Starting segment from index:0
2022-08-05 07:00:25,580 [6678316d-e7a5-47b6-a27b-b09245ec3204@group-BFF43A9ED7F7-SegmentedRaftLogWorker] INFO  segmented.SegmentedRaftLogWorker (SegmentedRaftLogWorker.java:execute(629)) - 6678316d-e7a5-47b6-a27b-b09245ec3204@group-BFF43A9ED7F7-SegmentedRaftLogWorker: created new log segment /home/runner/work/ozone/ozone/hadoop-ozone/integration-test/target/test-dir/MiniOzoneClusterImpl-bb0a6680-cc6d-4375-b258-2c4cc626dd81/datanode-0/data/ratis/d510d3c0-51ec-4941-a6f4-bff43a9ed7f7/current/log_inprogress_0
2022-08-05 07:00:27,508 [UnderReplicatedQueueThreadThread] INFO  replication.UnderReplicatedProcessor (UnderReplicatedProcessor.java:processAll(85)) - Processed 0 under replicated containers, failed processing 0
2022-08-05 07:00:27,515 [OverReplicatedQueueThreadThread] INFO  replication.OverReplicatedProcessor (OverReplicatedProcessor.java:processAll(83)) - Processed 0 over replicated containers, failed processing 0
2022-08-05 07:00:57,509 [UnderReplicatedQueueThreadThread] INFO  replication.UnderReplicatedProcessor (UnderReplicatedProcessor.java:processAll(85)) - Processed 0 under replicated containers, failed processing 0
2022-08-05 07:00:57,516 [OverReplicatedQueueThreadThread] INFO  replication.OverReplicatedProcessor (OverReplicatedProcessor.java:processAll(83)) - Processed 0 over replicated containers, failed processing 0
2022-08-05 07:01:27,509 [UnderReplicatedQueueThreadThread] INFO  replication.UnderReplicatedProcessor (UnderReplicatedProcessor.java:processAll(85)) - Processed 0 under replicated containers, failed processing 0
2022-08-05 07:01:27,516 [OverReplicatedQueueThreadThread] INFO  replication.OverReplicatedProcessor (OverReplicatedProcessor.java:processAll(83)) - Processed 0 over replicated containers, failed processing 0
2022-08-05 07:01:57,509 [UnderReplicatedQueueThreadThread] INFO  replication.UnderReplicatedProcessor (UnderReplicatedProcessor.java:processAll(85)) - Processed 0 under replicated containers, failed processing 0
2022-08-05 07:01:57,516 [OverReplicatedQueueThreadThread] INFO  replication.OverReplicatedProcessor (OverReplicatedProcessor.java:processAll(83)) - Processed 0 over replicated containers, failed processing 0
2022-08-05 07:02:27,510 [UnderReplicatedQueueThreadThread] INFO  replication.UnderReplicatedProcessor (UnderReplicatedProcessor.java:processAll(85)) - Processed 0 under replicated containers, failed processing 0
2022-08-05 07:02:27,516 [OverReplicatedQueueThreadThread] INFO  replication.OverReplicatedProcessor (OverReplicatedProcessor.java:processAll(83)) - Processed 0 over replicated containers, failed processing 0
2022-08-05 07:02:57,510 [UnderReplicatedQueueThreadThread] INFO  replication.UnderReplicatedProcessor (UnderReplicatedProcessor.java:processAll(85)) - Processed 0 under replicated containers, failed processing 0
2022-08-05 07:02:57,517 [OverReplicatedQueueThreadThread] INFO  replication.OverReplicatedProcessor (OverReplicatedProcessor.java:processAll(83)) - Processed 0 over replicated containers, failed processing 0
2022-08-05 07:03:27,511 [UnderReplicatedQueueThreadThread] INFO  replication.UnderReplicatedProcessor (UnderReplicatedProcessor.java:processAll(85)) - Processed 0 under replicated containers, failed processing 0
2022-08-05 07:03:27,517 [OverReplicatedQueueThreadThread] INFO  replication.OverReplicatedProcessor (OverReplicatedProcessor.java:processAll(83)) - Processed 0 over replicated containers, failed processing 0
2022-08-05 07:03:57,511 [UnderReplicatedQueueThreadThread] INFO  replication.UnderReplicatedProcessor (UnderReplicatedProcessor.java:processAll(85)) - Processed 0 under replicated containers, failed processing 0
2022-08-05 07:03:57,517 [OverReplicatedQueueThreadThread] INFO  replication.OverReplicatedProcessor (OverReplicatedProcessor.java:processAll(83)) - Processed 0 over replicated containers, failed processing 0
2022-08-05 07:04:27,511 [UnderReplicatedQueueThreadThread] INFO  replication.UnderReplicatedProcessor (UnderReplicatedProcessor.java:processAll(85)) - Processed 0 under replicated containers, failed processing 0
2022-08-05 07:04:27,517 [OverReplicatedQueueThreadThread] INFO  replication.OverReplicatedProcessor (OverReplicatedProcessor.java:processAll(83)) - Processed 0 over replicated containers, failed processing 0
2022-08-05 07:04:57,512 [UnderReplicatedQueueThreadThread] INFO  replication.UnderReplicatedProcessor (UnderReplicatedProcessor.java:processAll(85)) - Processed 0 under replicated containers, failed processing 0
2022-08-05 07:04:57,513 [ReplicationMonitor] INFO  replication.ReplicationManager (ReplicationManager.java:processAll(287)) - Replication Monitor Thread took 7 milliseconds for processing 3 containers.
2022-08-05 07:04:57,514 [EventQueue-CloseContainerForCloseContainerEventHandler] INFO  container.CloseContainerEventHandler (CloseContainerEventHandler.java:onMessage(71)) - Close container Event triggered for container : #1
2022-08-05 07:04:57,518 [OverReplicatedQueueThreadThread] INFO  replication.OverReplicatedProcessor (OverReplicatedProcessor.java:processAll(83)) - Processed 0 over replicated containers, failed processing 0
]]></system-out>
  </testcase>
</testsuite>