<?xml version="1.0" encoding="UTF-8"?>
<testsuite xmlns:xsi="http://www.w3.org/2001/XMLSchema-instance" xsi:noNamespaceSchemaLocation="https://maven.apache.org/surefire/maven-surefire-plugin/xsd/surefire-test-report.xsd" name="org.apache.hadoop.ozone.TestMiniOzoneCluster" time="163.684" tests="5" errors="1" skipped="0" failures="0">
  <properties>
    <property name="awt.toolkit" value="sun.awt.X11.XToolkit"/>
    <property name="file.encoding.pkg" value="sun.io"/>
    <property name="java.specification.version" value="1.8"/>
    <property name="sun.cpu.isalist" value=""/>
    <property name="sun.jnu.encoding" value="UTF-8"/>
    <property name="java.class.path" value="/home/runner/work/ozone/ozone/mnt/ozone/hadoop-ozone/integration-test/target/test-classes:/home/runner/work/ozone/ozone/mnt/ozone/hadoop-ozone/integration-test/target/classes:/home/runner/.m2/repository/org/apache/ozone/ozone-common/1.2.0-SNAPSHOT/ozone-common-1.2.0-SNAPSHOT.jar:/home/runner/.m2/repository/org/apache/commons/commons-compress/1.20/commons-compress-1.20.jar:/home/runner/.m2/repository/org/apache/ozone/hdds-common/1.2.0-SNAPSHOT/hdds-common-1.2.0-SNAPSHOT.jar:/home/runner/.m2/repository/org/apache/ozone/hdds-client/1.2.0-SNAPSHOT/hdds-client-1.2.0-SNAPSHOT.jar:/home/runner/.m2/repository/org/apache/ozone/ozone-interface-client/1.2.0-SNAPSHOT/ozone-interface-client-1.2.0-SNAPSHOT.jar:/home/runner/.m2/repository/org/apache/ozone/hdds-test-utils/1.2.0-SNAPSHOT/hdds-test-utils-1.2.0-SNAPSHOT.jar:/home/runner/.m2/repository/com/google/guava/guava/30.1.1-jre/guava-30.1.1-jre.jar:/home/runner/.m2/repository/com/google/guava/failureaccess/1.0.1/failureaccess-1.0.1.jar:/home/runner/.m2/repository/com/google/guava/listenablefuture/9999.0-empty-to-avoid-conflict-with-guava/listenablefuture-9999.0-empty-to-avoid-conflict-with-guava.jar:/home/runner/.m2/repository/com/google/code/findbugs/jsr305/3.0.0/jsr305-3.0.0.jar:/home/runner/.m2/repository/org/checkerframework/checker-qual/3.8.0/checker-qual-3.8.0.jar:/home/runner/.m2/repository/com/google/errorprone/error_prone_annotations/2.2.0/error_prone_annotations-2.2.0.jar:/home/runner/.m2/repository/com/google/j2objc/j2objc-annotations/1.3/j2objc-annotations-1.3.jar:/home/runner/.m2/repository/commons-io/commons-io/2.8.0/commons-io-2.8.0.jar:/home/runner/.m2/repository/commons-logging/commons-logging/1.2/commons-logging-1.2.jar:/home/runner/.m2/repository/log4j/log4j/1.2.17/log4j-1.2.17.jar:/home/runner/.m2/repository/org/slf4j/slf4j-api/1.7.30/slf4j-api-1.7.30.jar:/home/runner/.m2/repository/org/apache/ozone/hdds-server-scm/1.2.0-SNAPSHOT/hdds-server-scm-1.2.0-SNAPSHOT.jar:/home/runner/.m2/repository/org/apache/ozone/hdds-container-service/1.2.0-SNAPSHOT/hdds-container-service-1.2.0-SNAPSHOT.jar:/home/runner/.m2/repository/org/apache/ozone/hdds-hadoop-dependency-server/1.2.0-SNAPSHOT/hdds-hadoop-dependency-server-1.2.0-SNAPSHOT.jar:/home/runner/.m2/repository/org/apache/hadoop/hadoop-hdfs/3.3.1/hadoop-hdfs-3.3.1.jar:/home/runner/.m2/repository/org/apache/ozone/hdds-server-framework/1.2.0-SNAPSHOT/hdds-server-framework-1.2.0-SNAPSHOT.jar:/home/runner/.m2/repository/org/apache/ozone/hdds-interface-server/1.2.0-SNAPSHOT/hdds-interface-server-1.2.0-SNAPSHOT.jar:/home/runner/.m2/repository/org/eclipse/jetty/jetty-servlet/9.4.35.v20201120/jetty-servlet-9.4.35.v20201120.jar:/home/runner/.m2/repository/org/eclipse/jetty/jetty-security/9.4.35.v20201120/jetty-security-9.4.35.v20201120.jar:/home/runner/.m2/repository/org/rocksdb/rocksdbjni/6.20.3/rocksdbjni-6.20.3.jar:/home/runner/.m2/repository/io/prometheus/simpleclient_dropwizard/0.7.0/simpleclient_dropwizard-0.7.0.jar:/home/runner/.m2/repository/io/prometheus/simpleclient/0.7.0/simpleclient-0.7.0.jar:/home/runner/.m2/repository/io/prometheus/simpleclient_common/0.7.0/simpleclient_common-0.7.0.jar:/home/runner/.m2/repository/com/fasterxml/jackson/datatype/jackson-datatype-jsr310/2.12.1/jackson-datatype-jsr310-2.12.1.jar:/home/runner/.m2/repository/io/dropwizard/metrics/metrics-core/3.2.4/metrics-core-3.2.4.jar:/home/runner/.m2/repository/org/apache/hadoop/hadoop-hdfs-client/3.3.1/hadoop-hdfs-client-3.3.1.jar:/home/runner/.m2/repository/org/bouncycastle/bcprov-jdk15on/1.67/bcprov-jdk15on-1.67.jar:/home/runner/.m2/repository/com/google/protobuf/protobuf-java/2.5.0/protobuf-java-2.5.0.jar:/home/runner/.m2/repository/org/apache/ozone/ozone-manager/1.2.0-SNAPSHOT/ozone-manager-1.2.0-SNAPSHOT.jar:/home/runner/.m2/repository/org/aspectj/aspectjrt/1.8.9/aspectjrt-1.8.9.jar:/home/runner/.m2/repository/org/aspectj/aspectjweaver/1.8.9/aspectjweaver-1.8.9.jar:/home/runner/.m2/repository/org/apache/ozone/hdds-interface-client/1.2.0-SNAPSHOT/hdds-interface-client-1.2.0-SNAPSHOT.jar:/home/runner/.m2/repository/org/apache/ratis/ratis-thirdparty-misc/0.7.0-a398b19-SNAPSHOT/ratis-thirdparty-misc-0.7.0-a398b19-SNAPSHOT.jar:/home/runner/.m2/repository/org/apache/ozone/ozone-interface-storage/1.2.0-SNAPSHOT/ozone-interface-storage-1.2.0-SNAPSHOT.jar:/home/runner/.m2/repository/org/reflections/reflections/0.9.11/reflections-0.9.11.jar:/home/runner/.m2/repository/org/apache/hadoop/hadoop-minikdc/3.3.1/hadoop-minikdc-3.3.1.jar:/home/runner/.m2/repository/org/apache/kerby/kerb-simplekdc/1.0.1/kerb-simplekdc-1.0.1.jar:/home/runner/.m2/repository/org/apache/kerby/kerb-client/1.0.1/kerb-client-1.0.1.jar:/home/runner/.m2/repository/org/apache/kerby/kerby-config/1.0.1/kerby-config-1.0.1.jar:/home/runner/.m2/repository/org/apache/kerby/kerb-common/1.0.1/kerb-common-1.0.1.jar:/home/runner/.m2/repository/org/apache/kerby/kerb-crypto/1.0.1/kerb-crypto-1.0.1.jar:/home/runner/.m2/repository/org/apache/kerby/kerb-util/1.0.1/kerb-util-1.0.1.jar:/home/runner/.m2/repository/org/apache/kerby/token-provider/1.0.1/token-provider-1.0.1.jar:/home/runner/.m2/repository/org/apache/kerby/kerb-admin/1.0.1/kerb-admin-1.0.1.jar:/home/runner/.m2/repository/org/apache/kerby/kerb-server/1.0.1/kerb-server-1.0.1.jar:/home/runner/.m2/repository/org/apache/kerby/kerb-identity/1.0.1/kerb-identity-1.0.1.jar:/home/runner/.m2/repository/org/apache/kerby/kerby-xdr/1.0.1/kerby-xdr-1.0.1.jar:/home/runner/.m2/repository/org/slf4j/slf4j-log4j12/1.7.30/slf4j-log4j12-1.7.30.jar:/home/runner/.m2/repository/org/apache/ozone/ozone-s3gateway/1.2.0-SNAPSHOT/ozone-s3gateway-1.2.0-SNAPSHOT.jar:/home/runner/.m2/repository/org/javassist/javassist/3.21.0-GA/javassist-3.21.0-GA.jar:/home/runner/.m2/repository/org/jboss/weld/servlet/weld-servlet/2.4.7.Final/weld-servlet-2.4.7.Final.jar:/home/runner/.m2/repository/org/glassfish/jersey/containers/jersey-container-servlet-core/2.33/jersey-container-servlet-core-2.33.jar:/home/runner/.m2/repository/org/glassfish/hk2/external/jakarta.inject/2.6.1/jakarta.inject-2.6.1.jar:/home/runner/.m2/repository/org/glassfish/jersey/core/jersey-common/2.33/jersey-common-2.33.jar:/home/runner/.m2/repository/jakarta/ws/rs/jakarta.ws.rs-api/2.1.6/jakarta.ws.rs-api-2.1.6.jar:/home/runner/.m2/repository/org/glassfish/jersey/ext/cdi/jersey-cdi1x/2.33/jersey-cdi1x-2.33.jar:/home/runner/.m2/repository/org/glassfish/jersey/inject/jersey-hk2/2.33/jersey-hk2-2.33.jar:/home/runner/.m2/repository/org/glassfish/hk2/hk2-locator/2.6.1/hk2-locator-2.6.1.jar:/home/runner/.m2/repository/org/glassfish/jersey/media/jersey-media-jaxb/2.33/jersey-media-jaxb-2.33.jar:/home/runner/.m2/repository/org/glassfish/hk2/osgi-resource-locator/1.0.3/osgi-resource-locator-1.0.3.jar:/home/runner/.m2/repository/org/glassfish/hk2/hk2-api/2.5.0/hk2-api-2.5.0.jar:/home/runner/.m2/repository/org/glassfish/hk2/hk2-utils/2.5.0/hk2-utils-2.5.0.jar:/home/runner/.m2/repository/org/glassfish/hk2/external/aopalliance-repackaged/2.5.0/aopalliance-repackaged-2.5.0.jar:/home/runner/.m2/repository/com/fasterxml/jackson/dataformat/jackson-dataformat-xml/2.12.1/jackson-dataformat-xml-2.12.1.jar:/home/runner/.m2/repository/com/fasterxml/jackson/core/jackson-core/2.12.1/jackson-core-2.12.1.jar:/home/runner/.m2/repository/com/fasterxml/jackson/module/jackson-module-jaxb-annotations/2.12.1/jackson-module-jaxb-annotations-2.12.1.jar:/home/runner/.m2/repository/jakarta/xml/bind/jakarta.xml.bind-api/2.3.2/jakarta.xml.bind-api-2.3.2.jar:/home/runner/.m2/repository/org/codehaus/woodstox/stax2-api/3.1.4/stax2-api-3.1.4.jar:/home/runner/.m2/repository/com/fasterxml/woodstox/woodstox-core/5.0.3/woodstox-core-5.0.3.jar:/home/runner/.m2/repository/javax/enterprise/cdi-api/1.2/cdi-api-1.2.jar:/home/runner/.m2/repository/javax/el/javax.el-api/3.0.0/javax.el-api-3.0.0.jar:/home/runner/.m2/repository/javax/interceptor/javax.interceptor-api/1.2/javax.interceptor-api-1.2.jar:/home/runner/.m2/repository/javax/inject/javax.inject/1/javax.inject-1.jar:/home/runner/.m2/repository/javax/xml/bind/jaxb-api/2.3.0/jaxb-api-2.3.0.jar:/home/runner/.m2/repository/org/glassfish/jaxb/jaxb-runtime/2.3.0.1/jaxb-runtime-2.3.0.1.jar:/home/runner/.m2/repository/org/glassfish/jaxb/jaxb-core/2.3.0.1/jaxb-core-2.3.0.1.jar:/home/runner/.m2/repository/org/glassfish/jaxb/txw2/2.3.0.1/txw2-2.3.0.1.jar:/home/runner/.m2/repository/com/sun/istack/istack-commons-runtime/3.0.5/istack-commons-runtime-3.0.5.jar:/home/runner/.m2/repository/org/jvnet/staxex/stax-ex/1.7.8/stax-ex-1.7.8.jar:/home/runner/.m2/repository/com/sun/xml/fastinfoset/FastInfoset/1.2.13/FastInfoset-1.2.13.jar:/home/runner/.m2/repository/javax/activation/activation/1.1.1/activation-1.1.1.jar:/home/runner/.m2/repository/org/apache/ozone/ozone-csi/1.2.0-SNAPSHOT/ozone-csi-1.2.0-SNAPSHOT.jar:/home/runner/.m2/repository/com/google/protobuf/protobuf-java-util/3.12.0/protobuf-java-util-3.12.0.jar:/home/runner/.m2/repository/com/google/code/gson/gson/2.2.4/gson-2.2.4.jar:/home/runner/.m2/repository/org/apache/ozone/hdds-config/1.2.0-SNAPSHOT/hdds-config-1.2.0-SNAPSHOT.jar:/home/runner/.m2/repository/io/grpc/grpc-netty/1.33.0/grpc-netty-1.33.0.jar:/home/runner/.m2/repository/io/grpc/grpc-core/1.33.0/grpc-core-1.33.0.jar:/home/runner/.m2/repository/com/google/android/annotations/4.1.1.4/annotations-4.1.1.4.jar:/home/runner/.m2/repository/io/netty/netty-codec-http2/4.1.63.Final/netty-codec-http2-4.1.63.Final.jar:/home/runner/.m2/repository/io/netty/netty-codec-http/4.1.63.Final/netty-codec-http-4.1.63.Final.jar:/home/runner/.m2/repository/io/netty/netty-handler-proxy/4.1.63.Final/netty-handler-proxy-4.1.63.Final.jar:/home/runner/.m2/repository/io/netty/netty-codec-socks/4.1.63.Final/netty-codec-socks-4.1.63.Final.jar:/home/runner/.m2/repository/io/perfmark/perfmark-api/0.19.0/perfmark-api-0.19.0.jar:/home/runner/.m2/repository/org/codehaus/mojo/animal-sniffer-annotations/1.18/animal-sniffer-annotations-1.18.jar:/home/runner/.m2/repository/io/netty/netty-transport-native-epoll/4.1.63.Final/netty-transport-native-epoll-4.1.63.Final.jar:/home/runner/.m2/repository/io/netty/netty-common/4.1.63.Final/netty-common-4.1.63.Final.jar:/home/runner/.m2/repository/io/netty/netty-buffer/4.1.63.Final/netty-buffer-4.1.63.Final.jar:/home/runner/.m2/repository/io/netty/netty-transport-native-unix-common/4.1.63.Final/netty-transport-native-unix-common-4.1.63.Final.jar:/home/runner/.m2/repository/io/grpc/grpc-protobuf/1.33.0/grpc-protobuf-1.33.0.jar:/home/runner/.m2/repository/io/grpc/grpc-api/1.33.0/grpc-api-1.33.0.jar:/home/runner/.m2/repository/io/grpc/grpc-context/1.33.0/grpc-context-1.33.0.jar:/home/runner/.m2/repository/com/google/api/grpc/proto-google-common-protos/1.17.0/proto-google-common-protos-1.17.0.jar:/home/runner/.m2/repository/io/grpc/grpc-protobuf-lite/1.33.0/grpc-protobuf-lite-1.33.0.jar:/home/runner/.m2/repository/io/grpc/grpc-stub/1.33.0/grpc-stub-1.33.0.jar:/home/runner/.m2/repository/org/apache/ozone/ozone-recon/1.2.0-SNAPSHOT/ozone-recon-1.2.0-SNAPSHOT.jar:/home/runner/.m2/repository/org/apache/ozone/ozone-reconcodegen/1.2.0-SNAPSHOT/ozone-reconcodegen-1.2.0-SNAPSHOT.jar:/home/runner/.m2/repository/com/google/inject/extensions/guice-multibindings/4.0/guice-multibindings-4.0.jar:/home/runner/.m2/repository/com/google/inject/guice/4.0/guice-4.0.jar:/home/runner/.m2/repository/aopalliance/aopalliance/1.0/aopalliance-1.0.jar:/home/runner/.m2/repository/com/google/inject/extensions/guice-assistedinject/4.0/guice-assistedinject-4.0.jar:/home/runner/.m2/repository/com/google/inject/extensions/guice-servlet/4.0/guice-servlet-4.0.jar:/home/runner/.m2/repository/org/glassfish/jersey/containers/jersey-container-servlet/2.33/jersey-container-servlet-2.33.jar:/home/runner/.m2/repository/org/glassfish/hk2/guice-bridge/2.5.0/guice-bridge-2.5.0.jar:/home/runner/.m2/repository/org/glassfish/jersey/core/jersey-server/2.33/jersey-server-2.33.jar:/home/runner/.m2/repository/org/glassfish/jersey/core/jersey-client/2.33/jersey-client-2.33.jar:/home/runner/.m2/repository/jakarta/annotation/jakarta.annotation-api/1.3.5/jakarta.annotation-api-1.3.5.jar:/home/runner/.m2/repository/jakarta/validation/jakarta.validation-api/2.0.2/jakarta.validation-api-2.0.2.jar:/home/runner/.m2/repository/org/glassfish/jersey/media/jersey-media-json-jackson/2.33/jersey-media-json-jackson-2.33.jar:/home/runner/.m2/repository/org/glassfish/jersey/ext/jersey-entity-filtering/2.33/jersey-entity-filtering-2.33.jar:/home/runner/.m2/repository/org/jooq/jooq/3.11.10/jooq-3.11.10.jar:/home/runner/.m2/repository/org/jooq/jooq-meta/3.11.10/jooq-meta-3.11.10.jar:/home/runner/.m2/repository/org/jooq/jooq-codegen/3.11.10/jooq-codegen-3.11.10.jar:/home/runner/.m2/repository/com/jolbox/bonecp/0.8.0.RELEASE/bonecp-0.8.0.RELEASE.jar:/home/runner/.m2/repository/org/apache/derby/derby/10.14.2.0/derby-10.14.2.0.jar:/home/runner/.m2/repository/org/xerial/sqlite-jdbc/3.25.2/sqlite-jdbc-3.25.2.jar:/home/runner/.m2/repository/org/springframework/spring-jdbc/5.2.11.RELEASE/spring-jdbc-5.2.11.RELEASE.jar:/home/runner/.m2/repository/org/springframework/spring-beans/5.2.11.RELEASE/spring-beans-5.2.11.RELEASE.jar:/home/runner/.m2/repository/org/springframework/spring-core/5.2.11.RELEASE/spring-core-5.2.11.RELEASE.jar:/home/runner/.m2/repository/org/springframework/spring-jcl/5.2.11.RELEASE/spring-jcl-5.2.11.RELEASE.jar:/home/runner/.m2/repository/org/springframework/spring-tx/5.2.11.RELEASE/spring-tx-5.2.11.RELEASE.jar:/home/runner/.m2/repository/org/apache/ozone/ozone-client/1.2.0-SNAPSHOT/ozone-client-1.2.0-SNAPSHOT.jar:/home/runner/.m2/repository/org/apache/ozone/ozone-filesystem/1.2.0-SNAPSHOT/ozone-filesystem-1.2.0-SNAPSHOT.jar:/home/runner/.m2/repository/org/apache/ozone/ozone-filesystem-common/1.2.0-SNAPSHOT/ozone-filesystem-common-1.2.0-SNAPSHOT.jar:/home/runner/.m2/repository/org/apache/ozone/ozone-tools/1.2.0-SNAPSHOT/ozone-tools-1.2.0-SNAPSHOT.jar:/home/runner/.m2/repository/org/apache/ratis/ratis-tools/2.1.0-ff8aa66-SNAPSHOT/ratis-tools-2.1.0-ff8aa66-SNAPSHOT.jar:/home/runner/.m2/repository/org/apache/ratis/ratis-proto/2.1.0-ff8aa66-SNAPSHOT/ratis-proto-2.1.0-ff8aa66-SNAPSHOT.jar:/home/runner/.m2/repository/org/apache/ratis/ratis-common/2.1.0-ff8aa66-SNAPSHOT/ratis-common-2.1.0-ff8aa66-SNAPSHOT.jar:/home/runner/.m2/repository/com/amazonaws/aws-java-sdk-core/1.11.901/aws-java-sdk-core-1.11.901.jar:/home/runner/.m2/repository/org/apache/httpcomponents/httpclient/4.5.13/httpclient-4.5.13.jar:/home/runner/.m2/repository/org/apache/httpcomponents/httpcore/4.4.13/httpcore-4.4.13.jar:/home/runner/.m2/repository/software/amazon/ion/ion-java/1.0.2/ion-java-1.0.2.jar:/home/runner/.m2/repository/com/fasterxml/jackson/dataformat/jackson-dataformat-cbor/2.12.1/jackson-dataformat-cbor-2.12.1.jar:/home/runner/.m2/repository/joda-time/joda-time/2.8.1/joda-time-2.8.1.jar:/home/runner/.m2/repository/com/amazonaws/aws-java-sdk-s3/1.11.901/aws-java-sdk-s3-1.11.901.jar:/home/runner/.m2/repository/com/amazonaws/aws-java-sdk-kms/1.11.901/aws-java-sdk-kms-1.11.901.jar:/home/runner/.m2/repository/com/amazonaws/jmespath-java/1.11.901/jmespath-java-1.11.901.jar:/home/runner/.m2/repository/org/kohsuke/metainf-services/metainf-services/1.8/metainf-services-1.8.jar:/home/runner/.m2/repository/org/apache/ozone/hdds-tools/1.2.0-SNAPSHOT/hdds-tools-1.2.0-SNAPSHOT.jar:/home/runner/.m2/repository/commons-cli/commons-cli/1.2/commons-cli-1.2.jar:/home/runner/.m2/repository/org/apache/commons/commons-lang3/3.7/commons-lang3-3.7.jar:/home/runner/.m2/repository/org/apache/ozone/ozone-manager/1.2.0-SNAPSHOT/ozone-manager-1.2.0-SNAPSHOT-tests.jar:/home/runner/.m2/repository/org/apache/ozone/hdds-common/1.2.0-SNAPSHOT/hdds-common-1.2.0-SNAPSHOT-tests.jar:/home/runner/.m2/repository/org/apache/ozone/hdds-hadoop-dependency-client/1.2.0-SNAPSHOT/hdds-hadoop-dependency-client-1.2.0-SNAPSHOT.jar:/home/runner/.m2/repository/info/picocli/picocli/4.4.0/picocli-4.4.0.jar:/home/runner/.m2/repository/com/fasterxml/jackson/core/jackson-annotations/2.12.1/jackson-annotations-2.12.1.jar:/home/runner/.m2/repository/javax/annotation/javax.annotation-api/1.2/javax.annotation-api-1.2.jar:/home/runner/.m2/repository/org/apache/ratis/ratis-server/2.1.0-ff8aa66-SNAPSHOT/ratis-server-2.1.0-ff8aa66-SNAPSHOT.jar:/home/runner/.m2/repository/org/apache/ratis/ratis-client/2.1.0-ff8aa66-SNAPSHOT/ratis-client-2.1.0-ff8aa66-SNAPSHOT.jar:/home/runner/.m2/repository/org/apache/ratis/ratis-server-api/2.1.0-ff8aa66-SNAPSHOT/ratis-server-api-2.1.0-ff8aa66-SNAPSHOT.jar:/home/runner/.m2/repository/org/apache/ratis/ratis-metrics/2.1.0-ff8aa66-SNAPSHOT/ratis-metrics-2.1.0-ff8aa66-SNAPSHOT.jar:/home/runner/.m2/repository/org/apache/ratis/ratis-netty/2.1.0-ff8aa66-SNAPSHOT/ratis-netty-2.1.0-ff8aa66-SNAPSHOT.jar:/home/runner/.m2/repository/org/apache/ratis/ratis-grpc/2.1.0-ff8aa66-SNAPSHOT/ratis-grpc-2.1.0-ff8aa66-SNAPSHOT.jar:/home/runner/.m2/repository/org/apache/logging/log4j/log4j-api/2.13.3/log4j-api-2.13.3.jar:/home/runner/.m2/repository/org/apache/logging/log4j/log4j-core/2.13.3/log4j-core-2.13.3.jar:/home/runner/.m2/repository/com/lmax/disruptor/3.4.2/disruptor-3.4.2.jar:/home/runner/.m2/repository/org/apache/commons/commons-pool2/2.6.0/commons-pool2-2.6.0.jar:/home/runner/.m2/repository/org/bouncycastle/bcpkix-jdk15on/1.67/bcpkix-jdk15on-1.67.jar:/home/runner/.m2/repository/commons-validator/commons-validator/1.6/commons-validator-1.6.jar:/home/runner/.m2/repository/commons-beanutils/commons-beanutils/1.9.4/commons-beanutils-1.9.4.jar:/home/runner/.m2/repository/commons-digester/commons-digester/1.8.1/commons-digester-1.8.1.jar:/home/runner/.m2/repository/commons-collections/commons-collections/3.2.2/commons-collections-3.2.2.jar:/home/runner/.m2/repository/io/jaegertracing/jaeger-client/1.6.0/jaeger-client-1.6.0.jar:/home/runner/.m2/repository/io/jaegertracing/jaeger-thrift/1.6.0/jaeger-thrift-1.6.0.jar:/home/runner/.m2/repository/org/apache/thrift/libthrift/0.14.1/libthrift-0.14.1.jar:/home/runner/.m2/repository/com/squareup/okhttp3/okhttp/4.9.0/okhttp-4.9.0.jar:/home/runner/.m2/repository/com/squareup/okio/okio/2.8.0/okio-2.8.0.jar:/home/runner/.m2/repository/io/jaegertracing/jaeger-core/1.6.0/jaeger-core-1.6.0.jar:/home/runner/.m2/repository/io/jaegertracing/jaeger-tracerresolver/1.6.0/jaeger-tracerresolver-1.6.0.jar:/home/runner/.m2/repository/io/opentracing/contrib/opentracing-tracerresolver/0.1.8/opentracing-tracerresolver-0.1.8.jar:/home/runner/.m2/repository/org/jetbrains/kotlin/kotlin-stdlib/1.4.31/kotlin-stdlib-1.4.31.jar:/home/runner/.m2/repository/org/jetbrains/kotlin/kotlin-stdlib-common/1.4.31/kotlin-stdlib-common-1.4.31.jar:/home/runner/.m2/repository/org/jetbrains/annotations/13.0/annotations-13.0.jar:/home/runner/.m2/repository/io/opentracing/opentracing-util/0.33.0/opentracing-util-0.33.0.jar:/home/runner/.m2/repository/io/opentracing/opentracing-api/0.33.0/opentracing-api-0.33.0.jar:/home/runner/.m2/repository/io/opentracing/opentracing-noop/0.33.0/opentracing-noop-0.33.0.jar:/home/runner/.m2/repository/org/yaml/snakeyaml/1.26/snakeyaml-1.26.jar:/home/runner/.m2/repository/org/apache/ozone/hdds-interface-admin/1.2.0-SNAPSHOT/hdds-interface-admin-1.2.0-SNAPSHOT.jar:/home/runner/.m2/repository/junit/junit/4.13.1/junit-4.13.1.jar:/home/runner/.m2/repository/org/hamcrest/hamcrest-core/1.3/hamcrest-core-1.3.jar:/home/runner/.m2/repository/org/junit/jupiter/junit-jupiter-api/5.7.0/junit-jupiter-api-5.7.0.jar:/home/runner/.m2/repository/org/apiguardian/apiguardian-api/1.1.0/apiguardian-api-1.1.0.jar:/home/runner/.m2/repository/org/opentest4j/opentest4j/1.2.0/opentest4j-1.2.0.jar:/home/runner/.m2/repository/org/junit/platform/junit-platform-commons/1.7.0/junit-platform-commons-1.7.0.jar:/home/runner/.m2/repository/org/junit/jupiter/junit-jupiter-engine/5.7.0/junit-jupiter-engine-5.7.0.jar:/home/runner/.m2/repository/org/junit/platform/junit-platform-engine/1.7.0/junit-platform-engine-1.7.0.jar:/home/runner/.m2/repository/org/junit/vintage/junit-vintage-engine/5.7.0/junit-vintage-engine-5.7.0.jar:/home/runner/.m2/repository/org/junit/platform/junit-platform-launcher/1.7.0/junit-platform-launcher-1.7.0.jar:/home/runner/.m2/repository/org/openjdk/jmh/jmh-core/1.19/jmh-core-1.19.jar:/home/runner/.m2/repository/net/sf/jopt-simple/jopt-simple/4.6/jopt-simple-4.6.jar:/home/runner/.m2/repository/org/apache/commons/commons-math3/3.1.1/commons-math3-3.1.1.jar:/home/runner/.m2/repository/org/openjdk/jmh/jmh-generator-annprocess/1.19/jmh-generator-annprocess-1.19.jar:/home/runner/.m2/repository/org/mockito/mockito-core/2.28.2/mockito-core-2.28.2.jar:/home/runner/.m2/repository/net/bytebuddy/byte-buddy/1.9.10/byte-buddy-1.9.10.jar:/home/runner/.m2/repository/net/bytebuddy/byte-buddy-agent/1.9.10/byte-buddy-agent-1.9.10.jar:/home/runner/.m2/repository/org/objenesis/objenesis/1.0/objenesis-1.0.jar:/home/runner/.m2/repository/org/apache/hadoop/hadoop-kms/3.3.1/hadoop-kms-3.3.1.jar:/home/runner/.m2/repository/org/apache/hadoop/hadoop-auth/3.3.1/hadoop-auth-3.3.1.jar:/home/runner/.m2/repository/com/nimbusds/nimbus-jose-jwt/7.9/nimbus-jose-jwt-7.9.jar:/home/runner/.m2/repository/com/github/stephenc/jcip/jcip-annotations/1.0-1/jcip-annotations-1.0-1.jar:/home/runner/.m2/repository/net/minidev/json-smart/2.3/json-smart-2.3.jar:/home/runner/.m2/repository/net/minidev/accessors-smart/1.2/accessors-smart-1.2.jar:/home/runner/.m2/repository/org/ow2/asm/asm/5.0.4/asm-5.0.4.jar:/home/runner/.m2/repository/org/apache/zookeeper/zookeeper/3.5.6/zookeeper-3.5.6.jar:/home/runner/.m2/repository/org/apache/zookeeper/zookeeper-jute/3.5.6/zookeeper-jute-3.5.6.jar:/home/runner/.m2/repository/org/apache/yetus/audience-annotations/0.5.0/audience-annotations-0.5.0.jar:/home/runner/.m2/repository/org/apache/curator/curator-framework/4.2.0/curator-framework-4.2.0.jar:/home/runner/.m2/repository/org/apache/hadoop/thirdparty/hadoop-shaded-guava/1.1.1/hadoop-shaded-guava-1.1.1.jar:/home/runner/.m2/repository/com/sun/jersey/jersey-core/1.19/jersey-core-1.19.jar:/home/runner/.m2/repository/javax/ws/rs/jsr311-api/1.1.1/jsr311-api-1.1.1.jar:/home/runner/.m2/repository/com/sun/jersey/jersey-server/1.19/jersey-server-1.19.jar:/home/runner/.m2/repository/javax/servlet/javax.servlet-api/3.1.0/javax.servlet-api-3.1.0.jar:/home/runner/.m2/repository/org/eclipse/jetty/jetty-server/9.4.35.v20201120/jetty-server-9.4.35.v20201120.jar:/home/runner/.m2/repository/org/eclipse/jetty/jetty-http/9.4.35.v20201120/jetty-http-9.4.35.v20201120.jar:/home/runner/.m2/repository/org/eclipse/jetty/jetty-io/9.4.35.v20201120/jetty-io-9.4.35.v20201120.jar:/home/runner/.m2/repository/org/eclipse/jetty/jetty-webapp/9.4.35.v20201120/jetty-webapp-9.4.35.v20201120.jar:/home/runner/.m2/repository/org/eclipse/jetty/jetty-xml/9.4.35.v20201120/jetty-xml-9.4.35.v20201120.jar:/home/runner/.m2/repository/org/apache/hadoop/hadoop-common/3.3.1/hadoop-common-3.3.1.jar:/home/runner/.m2/repository/org/apache/hadoop/thirdparty/hadoop-shaded-protobuf_3_7/1.1.1/hadoop-shaded-protobuf_3_7-1.1.1.jar:/home/runner/.m2/repository/commons-net/commons-net/3.6/commons-net-3.6.jar:/home/runner/.m2/repository/jakarta/activation/jakarta.activation-api/1.2.1/jakarta.activation-api-1.2.1.jar:/home/runner/.m2/repository/com/sun/jersey/jersey-servlet/1.19/jersey-servlet-1.19.jar:/home/runner/.m2/repository/com/sun/jersey/jersey-json/1.19/jersey-json-1.19.jar:/home/runner/.m2/repository/org/codehaus/jettison/jettison/1.1/jettison-1.1.jar:/home/runner/.m2/repository/com/sun/xml/bind/jaxb-impl/2.2.3-1/jaxb-impl-2.2.3-1.jar:/home/runner/.m2/repository/org/codehaus/jackson/jackson-jaxrs/1.9.2/jackson-jaxrs-1.9.2.jar:/home/runner/.m2/repository/org/codehaus/jackson/jackson-xc/1.9.2/jackson-xc-1.9.2.jar:/home/runner/.m2/repository/org/apache/commons/commons-configuration2/2.1.1/commons-configuration2-2.1.1.jar:/home/runner/.m2/repository/org/apache/commons/commons-text/1.4/commons-text-1.4.jar:/home/runner/.m2/repository/com/google/re2j/re2j/1.1/re2j-1.1.jar:/home/runner/.m2/repository/com/jcraft/jsch/0.1.54/jsch-0.1.54.jar:/home/runner/.m2/repository/org/apache/curator/curator-client/4.2.0/curator-client-4.2.0.jar:/home/runner/.m2/repository/org/apache/curator/curator-recipes/4.2.0/curator-recipes-4.2.0.jar:/home/runner/.m2/repository/org/apache/kerby/kerb-core/1.0.1/kerb-core-1.0.1.jar:/home/runner/.m2/repository/org/apache/kerby/kerby-pkix/1.0.1/kerby-pkix-1.0.1.jar:/home/runner/.m2/repository/org/apache/kerby/kerby-asn1/1.0.1/kerby-asn1-1.0.1.jar:/home/runner/.m2/repository/org/apache/kerby/kerby-util/1.0.1/kerby-util-1.0.1.jar:/home/runner/.m2/repository/dnsjava/dnsjava/2.1.7/dnsjava-2.1.7.jar:/home/runner/.m2/repository/org/xerial/snappy/snappy-java/1.1.8.2/snappy-java-1.1.8.2.jar:/home/runner/.m2/repository/org/slf4j/jul-to-slf4j/1.7.30/jul-to-slf4j-1.7.30.jar:/home/runner/.m2/repository/org/eclipse/jetty/jetty-util/9.4.35.v20201120/jetty-util-9.4.35.v20201120.jar:/home/runner/.m2/repository/com/fasterxml/jackson/core/jackson-databind/2.12.1/jackson-databind-2.12.1.jar:/home/runner/.m2/repository/org/apache/hadoop/hadoop-kms/3.3.1/hadoop-kms-3.3.1-tests.jar:/home/runner/.m2/repository/org/apache/ozone/hdds-server-scm/1.2.0-SNAPSHOT/hdds-server-scm-1.2.0-SNAPSHOT-tests.jar:/home/runner/.m2/repository/org/apache/ozone/hdds-container-service/1.2.0-SNAPSHOT/hdds-container-service-1.2.0-SNAPSHOT-tests.jar:/home/runner/.m2/repository/commons-codec/commons-codec/1.11/commons-codec-1.11.jar:/home/runner/.m2/repository/io/netty/netty-transport/4.1.63.Final/netty-transport-4.1.63.Final.jar:/home/runner/.m2/repository/io/netty/netty-resolver/4.1.63.Final/netty-resolver-4.1.63.Final.jar:/home/runner/.m2/repository/io/netty/netty-codec/4.1.63.Final/netty-codec-4.1.63.Final.jar:/home/runner/.m2/repository/io/netty/netty-handler/4.1.63.Final/netty-handler-4.1.63.Final.jar:/home/runner/.m2/repository/org/apache/ozone/hdds-hadoop-dependency-test/1.2.0-SNAPSHOT/hdds-hadoop-dependency-test-1.2.0-SNAPSHOT.jar:/home/runner/.m2/repository/org/apache/hadoop/hadoop-common/3.3.1/hadoop-common-3.3.1-tests.jar:/home/runner/.m2/repository/org/assertj/assertj-core/3.12.2/assertj-core-3.12.2.jar:/home/runner/.m2/repository/org/apache/hadoop/hadoop-hdfs/3.3.1/hadoop-hdfs-3.3.1-tests.jar:/home/runner/.m2/repository/org/eclipse/jetty/jetty-util-ajax/9.4.35.v20201120/jetty-util-ajax-9.4.35.v20201120.jar:/home/runner/.m2/repository/commons-daemon/commons-daemon/1.0.13/commons-daemon-1.0.13.jar:/home/runner/.m2/repository/io/netty/netty/3.10.6.Final/netty-3.10.6.Final.jar:/home/runner/.m2/repository/io/netty/netty-all/4.1.63.Final/netty-all-4.1.63.Final.jar:/home/runner/.m2/repository/org/apache/htrace/htrace-core4/4.1.0-incubating/htrace-core4-4.1.0-incubating.jar:/home/runner/.m2/repository/org/fusesource/leveldbjni/leveldbjni-all/1.8/leveldbjni-all-1.8.jar:/home/runner/.m2/repository/org/apache/hadoop/hadoop-distcp/3.3.1/hadoop-distcp-3.3.1.jar:/home/runner/.m2/repository/org/apache/hadoop/hadoop-mapreduce-client-jobclient/3.3.1/hadoop-mapreduce-client-jobclient-3.3.1.jar:/home/runner/.m2/repository/org/apache/hadoop/hadoop-mapreduce-client-common/3.3.1/hadoop-mapreduce-client-common-3.3.1.jar:/home/runner/.m2/repository/org/apache/hadoop/hadoop-yarn-common/3.3.1/hadoop-yarn-common-3.3.1.jar:/home/runner/.m2/repository/org/apache/hadoop/hadoop-yarn-api/3.3.1/hadoop-yarn-api-3.3.1.jar:/home/runner/.m2/repository/com/sun/jersey/jersey-client/1.19/jersey-client-1.19.jar:/home/runner/.m2/repository/com/sun/jersey/contribs/jersey-guice/1.19/jersey-guice-1.19.jar:/home/runner/.m2/repository/com/fasterxml/jackson/jaxrs/jackson-jaxrs-json-provider/2.12.1/jackson-jaxrs-json-provider-2.12.1.jar:/home/runner/.m2/repository/com/fasterxml/jackson/jaxrs/jackson-jaxrs-base/2.12.1/jackson-jaxrs-base-2.12.1.jar:/home/runner/.m2/repository/org/apache/hadoop/hadoop-yarn-client/3.3.1/hadoop-yarn-client-3.3.1.jar:/home/runner/.m2/repository/org/eclipse/jetty/websocket/websocket-client/9.4.40.v20210413/websocket-client-9.4.40.v20210413.jar:/home/runner/.m2/repository/org/eclipse/jetty/jetty-client/9.4.40.v20210413/jetty-client-9.4.40.v20210413.jar:/home/runner/.m2/repository/org/eclipse/jetty/websocket/websocket-common/9.4.40.v20210413/websocket-common-9.4.40.v20210413.jar:/home/runner/.m2/repository/org/eclipse/jetty/websocket/websocket-api/9.4.40.v20210413/websocket-api-9.4.40.v20210413.jar:/home/runner/.m2/repository/org/jline/jline/3.9.0/jline-3.9.0.jar:/home/runner/.m2/repository/org/apache/hadoop/hadoop-mapreduce-client-core/3.3.1/hadoop-mapreduce-client-core-3.3.1.jar:/home/runner/.m2/repository/org/apache/avro/avro/1.7.7/avro-1.7.7.jar:/home/runner/.m2/repository/org/codehaus/jackson/jackson-core-asl/1.9.13/jackson-core-asl-1.9.13.jar:/home/runner/.m2/repository/org/codehaus/jackson/jackson-mapper-asl/1.9.13/jackson-mapper-asl-1.9.13.jar:/home/runner/.m2/repository/com/thoughtworks/paranamer/paranamer/2.3/paranamer-2.3.jar:/home/runner/.m2/repository/org/apache/hadoop/hadoop-annotations/3.3.1/hadoop-annotations-3.3.1.jar:/usr/lib/jvm/adoptopenjdk-8-hotspot-amd64/jre/../lib/tools.jar:/home/runner/.m2/repository/org/apache/hadoop/hadoop-distcp/3.3.1/hadoop-distcp-3.3.1-tests.jar:"/>
    <property name="java.vm.vendor" value="AdoptOpenJDK"/>
    <property name="sun.arch.data.model" value="64"/>
    <property name="test.build.dir" value="/home/runner/work/ozone/ozone/mnt/ozone/hadoop-ozone/integration-test/target/test-dir"/>
    <property name="test.cache.data" value=""/>
    <property name="java.vendor.url" value="https://adoptopenjdk.net/"/>
    <property name="user.timezone" value=""/>
    <property name="java.vm.specification.version" value="1.8"/>
    <property name="os.name" value="Linux"/>
    <property name="test.build.data" value="/home/runner/work/ozone/ozone/mnt/ozone/hadoop-ozone/integration-test/target/test-dir"/>
    <property name="sun.java.launcher" value="SUN_STANDARD"/>
    <property name="sun.boot.library.path" value="/usr/lib/jvm/adoptopenjdk-8-hotspot-amd64/jre/lib/amd64"/>
    <property name="sun.java.command" value="/home/runner/work/ozone/ozone/mnt/ozone/hadoop-ozone/integration-test/target/surefire/surefirebooter7546914546828452221.jar /home/runner/work/ozone/ozone/mnt/ozone/hadoop-ozone/integration-test/target/surefire 2021-07-14T22-30-54_038-jvmRun1 surefire6845633407056937461tmp surefire_198271512204679743039tmp"/>
    <property name="surefire.test.class.path" value="/home/runner/work/ozone/ozone/mnt/ozone/hadoop-ozone/integration-test/target/test-classes:/home/runner/work/ozone/ozone/mnt/ozone/hadoop-ozone/integration-test/target/classes:/home/runner/.m2/repository/org/apache/ozone/ozone-common/1.2.0-SNAPSHOT/ozone-common-1.2.0-SNAPSHOT.jar:/home/runner/.m2/repository/org/apache/commons/commons-compress/1.20/commons-compress-1.20.jar:/home/runner/.m2/repository/org/apache/ozone/hdds-common/1.2.0-SNAPSHOT/hdds-common-1.2.0-SNAPSHOT.jar:/home/runner/.m2/repository/org/apache/ozone/hdds-client/1.2.0-SNAPSHOT/hdds-client-1.2.0-SNAPSHOT.jar:/home/runner/.m2/repository/org/apache/ozone/ozone-interface-client/1.2.0-SNAPSHOT/ozone-interface-client-1.2.0-SNAPSHOT.jar:/home/runner/.m2/repository/org/apache/ozone/hdds-test-utils/1.2.0-SNAPSHOT/hdds-test-utils-1.2.0-SNAPSHOT.jar:/home/runner/.m2/repository/com/google/guava/guava/30.1.1-jre/guava-30.1.1-jre.jar:/home/runner/.m2/repository/com/google/guava/failureaccess/1.0.1/failureaccess-1.0.1.jar:/home/runner/.m2/repository/com/google/guava/listenablefuture/9999.0-empty-to-avoid-conflict-with-guava/listenablefuture-9999.0-empty-to-avoid-conflict-with-guava.jar:/home/runner/.m2/repository/com/google/code/findbugs/jsr305/3.0.0/jsr305-3.0.0.jar:/home/runner/.m2/repository/org/checkerframework/checker-qual/3.8.0/checker-qual-3.8.0.jar:/home/runner/.m2/repository/com/google/errorprone/error_prone_annotations/2.2.0/error_prone_annotations-2.2.0.jar:/home/runner/.m2/repository/com/google/j2objc/j2objc-annotations/1.3/j2objc-annotations-1.3.jar:/home/runner/.m2/repository/commons-io/commons-io/2.8.0/commons-io-2.8.0.jar:/home/runner/.m2/repository/commons-logging/commons-logging/1.2/commons-logging-1.2.jar:/home/runner/.m2/repository/log4j/log4j/1.2.17/log4j-1.2.17.jar:/home/runner/.m2/repository/org/slf4j/slf4j-api/1.7.30/slf4j-api-1.7.30.jar:/home/runner/.m2/repository/org/apache/ozone/hdds-server-scm/1.2.0-SNAPSHOT/hdds-server-scm-1.2.0-SNAPSHOT.jar:/home/runner/.m2/repository/org/apache/ozone/hdds-container-service/1.2.0-SNAPSHOT/hdds-container-service-1.2.0-SNAPSHOT.jar:/home/runner/.m2/repository/org/apache/ozone/hdds-hadoop-dependency-server/1.2.0-SNAPSHOT/hdds-hadoop-dependency-server-1.2.0-SNAPSHOT.jar:/home/runner/.m2/repository/org/apache/hadoop/hadoop-hdfs/3.3.1/hadoop-hdfs-3.3.1.jar:/home/runner/.m2/repository/org/apache/ozone/hdds-server-framework/1.2.0-SNAPSHOT/hdds-server-framework-1.2.0-SNAPSHOT.jar:/home/runner/.m2/repository/org/apache/ozone/hdds-interface-server/1.2.0-SNAPSHOT/hdds-interface-server-1.2.0-SNAPSHOT.jar:/home/runner/.m2/repository/org/eclipse/jetty/jetty-servlet/9.4.35.v20201120/jetty-servlet-9.4.35.v20201120.jar:/home/runner/.m2/repository/org/eclipse/jetty/jetty-security/9.4.35.v20201120/jetty-security-9.4.35.v20201120.jar:/home/runner/.m2/repository/org/rocksdb/rocksdbjni/6.20.3/rocksdbjni-6.20.3.jar:/home/runner/.m2/repository/io/prometheus/simpleclient_dropwizard/0.7.0/simpleclient_dropwizard-0.7.0.jar:/home/runner/.m2/repository/io/prometheus/simpleclient/0.7.0/simpleclient-0.7.0.jar:/home/runner/.m2/repository/io/prometheus/simpleclient_common/0.7.0/simpleclient_common-0.7.0.jar:/home/runner/.m2/repository/com/fasterxml/jackson/datatype/jackson-datatype-jsr310/2.12.1/jackson-datatype-jsr310-2.12.1.jar:/home/runner/.m2/repository/io/dropwizard/metrics/metrics-core/3.2.4/metrics-core-3.2.4.jar:/home/runner/.m2/repository/org/apache/hadoop/hadoop-hdfs-client/3.3.1/hadoop-hdfs-client-3.3.1.jar:/home/runner/.m2/repository/org/bouncycastle/bcprov-jdk15on/1.67/bcprov-jdk15on-1.67.jar:/home/runner/.m2/repository/com/google/protobuf/protobuf-java/2.5.0/protobuf-java-2.5.0.jar:/home/runner/.m2/repository/org/apache/ozone/ozone-manager/1.2.0-SNAPSHOT/ozone-manager-1.2.0-SNAPSHOT.jar:/home/runner/.m2/repository/org/aspectj/aspectjrt/1.8.9/aspectjrt-1.8.9.jar:/home/runner/.m2/repository/org/aspectj/aspectjweaver/1.8.9/aspectjweaver-1.8.9.jar:/home/runner/.m2/repository/org/apache/ozone/hdds-interface-client/1.2.0-SNAPSHOT/hdds-interface-client-1.2.0-SNAPSHOT.jar:/home/runner/.m2/repository/org/apache/ratis/ratis-thirdparty-misc/0.7.0-a398b19-SNAPSHOT/ratis-thirdparty-misc-0.7.0-a398b19-SNAPSHOT.jar:/home/runner/.m2/repository/org/apache/ozone/ozone-interface-storage/1.2.0-SNAPSHOT/ozone-interface-storage-1.2.0-SNAPSHOT.jar:/home/runner/.m2/repository/org/reflections/reflections/0.9.11/reflections-0.9.11.jar:/home/runner/.m2/repository/org/apache/hadoop/hadoop-minikdc/3.3.1/hadoop-minikdc-3.3.1.jar:/home/runner/.m2/repository/org/apache/kerby/kerb-simplekdc/1.0.1/kerb-simplekdc-1.0.1.jar:/home/runner/.m2/repository/org/apache/kerby/kerb-client/1.0.1/kerb-client-1.0.1.jar:/home/runner/.m2/repository/org/apache/kerby/kerby-config/1.0.1/kerby-config-1.0.1.jar:/home/runner/.m2/repository/org/apache/kerby/kerb-common/1.0.1/kerb-common-1.0.1.jar:/home/runner/.m2/repository/org/apache/kerby/kerb-crypto/1.0.1/kerb-crypto-1.0.1.jar:/home/runner/.m2/repository/org/apache/kerby/kerb-util/1.0.1/kerb-util-1.0.1.jar:/home/runner/.m2/repository/org/apache/kerby/token-provider/1.0.1/token-provider-1.0.1.jar:/home/runner/.m2/repository/org/apache/kerby/kerb-admin/1.0.1/kerb-admin-1.0.1.jar:/home/runner/.m2/repository/org/apache/kerby/kerb-server/1.0.1/kerb-server-1.0.1.jar:/home/runner/.m2/repository/org/apache/kerby/kerb-identity/1.0.1/kerb-identity-1.0.1.jar:/home/runner/.m2/repository/org/apache/kerby/kerby-xdr/1.0.1/kerby-xdr-1.0.1.jar:/home/runner/.m2/repository/org/slf4j/slf4j-log4j12/1.7.30/slf4j-log4j12-1.7.30.jar:/home/runner/.m2/repository/org/apache/ozone/ozone-s3gateway/1.2.0-SNAPSHOT/ozone-s3gateway-1.2.0-SNAPSHOT.jar:/home/runner/.m2/repository/org/javassist/javassist/3.21.0-GA/javassist-3.21.0-GA.jar:/home/runner/.m2/repository/org/jboss/weld/servlet/weld-servlet/2.4.7.Final/weld-servlet-2.4.7.Final.jar:/home/runner/.m2/repository/org/glassfish/jersey/containers/jersey-container-servlet-core/2.33/jersey-container-servlet-core-2.33.jar:/home/runner/.m2/repository/org/glassfish/hk2/external/jakarta.inject/2.6.1/jakarta.inject-2.6.1.jar:/home/runner/.m2/repository/org/glassfish/jersey/core/jersey-common/2.33/jersey-common-2.33.jar:/home/runner/.m2/repository/jakarta/ws/rs/jakarta.ws.rs-api/2.1.6/jakarta.ws.rs-api-2.1.6.jar:/home/runner/.m2/repository/org/glassfish/jersey/ext/cdi/jersey-cdi1x/2.33/jersey-cdi1x-2.33.jar:/home/runner/.m2/repository/org/glassfish/jersey/inject/jersey-hk2/2.33/jersey-hk2-2.33.jar:/home/runner/.m2/repository/org/glassfish/hk2/hk2-locator/2.6.1/hk2-locator-2.6.1.jar:/home/runner/.m2/repository/org/glassfish/jersey/media/jersey-media-jaxb/2.33/jersey-media-jaxb-2.33.jar:/home/runner/.m2/repository/org/glassfish/hk2/osgi-resource-locator/1.0.3/osgi-resource-locator-1.0.3.jar:/home/runner/.m2/repository/org/glassfish/hk2/hk2-api/2.5.0/hk2-api-2.5.0.jar:/home/runner/.m2/repository/org/glassfish/hk2/hk2-utils/2.5.0/hk2-utils-2.5.0.jar:/home/runner/.m2/repository/org/glassfish/hk2/external/aopalliance-repackaged/2.5.0/aopalliance-repackaged-2.5.0.jar:/home/runner/.m2/repository/com/fasterxml/jackson/dataformat/jackson-dataformat-xml/2.12.1/jackson-dataformat-xml-2.12.1.jar:/home/runner/.m2/repository/com/fasterxml/jackson/core/jackson-core/2.12.1/jackson-core-2.12.1.jar:/home/runner/.m2/repository/com/fasterxml/jackson/module/jackson-module-jaxb-annotations/2.12.1/jackson-module-jaxb-annotations-2.12.1.jar:/home/runner/.m2/repository/jakarta/xml/bind/jakarta.xml.bind-api/2.3.2/jakarta.xml.bind-api-2.3.2.jar:/home/runner/.m2/repository/org/codehaus/woodstox/stax2-api/3.1.4/stax2-api-3.1.4.jar:/home/runner/.m2/repository/com/fasterxml/woodstox/woodstox-core/5.0.3/woodstox-core-5.0.3.jar:/home/runner/.m2/repository/javax/enterprise/cdi-api/1.2/cdi-api-1.2.jar:/home/runner/.m2/repository/javax/el/javax.el-api/3.0.0/javax.el-api-3.0.0.jar:/home/runner/.m2/repository/javax/interceptor/javax.interceptor-api/1.2/javax.interceptor-api-1.2.jar:/home/runner/.m2/repository/javax/inject/javax.inject/1/javax.inject-1.jar:/home/runner/.m2/repository/javax/xml/bind/jaxb-api/2.3.0/jaxb-api-2.3.0.jar:/home/runner/.m2/repository/org/glassfish/jaxb/jaxb-runtime/2.3.0.1/jaxb-runtime-2.3.0.1.jar:/home/runner/.m2/repository/org/glassfish/jaxb/jaxb-core/2.3.0.1/jaxb-core-2.3.0.1.jar:/home/runner/.m2/repository/org/glassfish/jaxb/txw2/2.3.0.1/txw2-2.3.0.1.jar:/home/runner/.m2/repository/com/sun/istack/istack-commons-runtime/3.0.5/istack-commons-runtime-3.0.5.jar:/home/runner/.m2/repository/org/jvnet/staxex/stax-ex/1.7.8/stax-ex-1.7.8.jar:/home/runner/.m2/repository/com/sun/xml/fastinfoset/FastInfoset/1.2.13/FastInfoset-1.2.13.jar:/home/runner/.m2/repository/javax/activation/activation/1.1.1/activation-1.1.1.jar:/home/runner/.m2/repository/org/apache/ozone/ozone-csi/1.2.0-SNAPSHOT/ozone-csi-1.2.0-SNAPSHOT.jar:/home/runner/.m2/repository/com/google/protobuf/protobuf-java-util/3.12.0/protobuf-java-util-3.12.0.jar:/home/runner/.m2/repository/com/google/code/gson/gson/2.2.4/gson-2.2.4.jar:/home/runner/.m2/repository/org/apache/ozone/hdds-config/1.2.0-SNAPSHOT/hdds-config-1.2.0-SNAPSHOT.jar:/home/runner/.m2/repository/io/grpc/grpc-netty/1.33.0/grpc-netty-1.33.0.jar:/home/runner/.m2/repository/io/grpc/grpc-core/1.33.0/grpc-core-1.33.0.jar:/home/runner/.m2/repository/com/google/android/annotations/4.1.1.4/annotations-4.1.1.4.jar:/home/runner/.m2/repository/io/netty/netty-codec-http2/4.1.63.Final/netty-codec-http2-4.1.63.Final.jar:/home/runner/.m2/repository/io/netty/netty-codec-http/4.1.63.Final/netty-codec-http-4.1.63.Final.jar:/home/runner/.m2/repository/io/netty/netty-handler-proxy/4.1.63.Final/netty-handler-proxy-4.1.63.Final.jar:/home/runner/.m2/repository/io/netty/netty-codec-socks/4.1.63.Final/netty-codec-socks-4.1.63.Final.jar:/home/runner/.m2/repository/io/perfmark/perfmark-api/0.19.0/perfmark-api-0.19.0.jar:/home/runner/.m2/repository/org/codehaus/mojo/animal-sniffer-annotations/1.18/animal-sniffer-annotations-1.18.jar:/home/runner/.m2/repository/io/netty/netty-transport-native-epoll/4.1.63.Final/netty-transport-native-epoll-4.1.63.Final.jar:/home/runner/.m2/repository/io/netty/netty-common/4.1.63.Final/netty-common-4.1.63.Final.jar:/home/runner/.m2/repository/io/netty/netty-buffer/4.1.63.Final/netty-buffer-4.1.63.Final.jar:/home/runner/.m2/repository/io/netty/netty-transport-native-unix-common/4.1.63.Final/netty-transport-native-unix-common-4.1.63.Final.jar:/home/runner/.m2/repository/io/grpc/grpc-protobuf/1.33.0/grpc-protobuf-1.33.0.jar:/home/runner/.m2/repository/io/grpc/grpc-api/1.33.0/grpc-api-1.33.0.jar:/home/runner/.m2/repository/io/grpc/grpc-context/1.33.0/grpc-context-1.33.0.jar:/home/runner/.m2/repository/com/google/api/grpc/proto-google-common-protos/1.17.0/proto-google-common-protos-1.17.0.jar:/home/runner/.m2/repository/io/grpc/grpc-protobuf-lite/1.33.0/grpc-protobuf-lite-1.33.0.jar:/home/runner/.m2/repository/io/grpc/grpc-stub/1.33.0/grpc-stub-1.33.0.jar:/home/runner/.m2/repository/org/apache/ozone/ozone-recon/1.2.0-SNAPSHOT/ozone-recon-1.2.0-SNAPSHOT.jar:/home/runner/.m2/repository/org/apache/ozone/ozone-reconcodegen/1.2.0-SNAPSHOT/ozone-reconcodegen-1.2.0-SNAPSHOT.jar:/home/runner/.m2/repository/com/google/inject/extensions/guice-multibindings/4.0/guice-multibindings-4.0.jar:/home/runner/.m2/repository/com/google/inject/guice/4.0/guice-4.0.jar:/home/runner/.m2/repository/aopalliance/aopalliance/1.0/aopalliance-1.0.jar:/home/runner/.m2/repository/com/google/inject/extensions/guice-assistedinject/4.0/guice-assistedinject-4.0.jar:/home/runner/.m2/repository/com/google/inject/extensions/guice-servlet/4.0/guice-servlet-4.0.jar:/home/runner/.m2/repository/org/glassfish/jersey/containers/jersey-container-servlet/2.33/jersey-container-servlet-2.33.jar:/home/runner/.m2/repository/org/glassfish/hk2/guice-bridge/2.5.0/guice-bridge-2.5.0.jar:/home/runner/.m2/repository/org/glassfish/jersey/core/jersey-server/2.33/jersey-server-2.33.jar:/home/runner/.m2/repository/org/glassfish/jersey/core/jersey-client/2.33/jersey-client-2.33.jar:/home/runner/.m2/repository/jakarta/annotation/jakarta.annotation-api/1.3.5/jakarta.annotation-api-1.3.5.jar:/home/runner/.m2/repository/jakarta/validation/jakarta.validation-api/2.0.2/jakarta.validation-api-2.0.2.jar:/home/runner/.m2/repository/org/glassfish/jersey/media/jersey-media-json-jackson/2.33/jersey-media-json-jackson-2.33.jar:/home/runner/.m2/repository/org/glassfish/jersey/ext/jersey-entity-filtering/2.33/jersey-entity-filtering-2.33.jar:/home/runner/.m2/repository/org/jooq/jooq/3.11.10/jooq-3.11.10.jar:/home/runner/.m2/repository/org/jooq/jooq-meta/3.11.10/jooq-meta-3.11.10.jar:/home/runner/.m2/repository/org/jooq/jooq-codegen/3.11.10/jooq-codegen-3.11.10.jar:/home/runner/.m2/repository/com/jolbox/bonecp/0.8.0.RELEASE/bonecp-0.8.0.RELEASE.jar:/home/runner/.m2/repository/org/apache/derby/derby/10.14.2.0/derby-10.14.2.0.jar:/home/runner/.m2/repository/org/xerial/sqlite-jdbc/3.25.2/sqlite-jdbc-3.25.2.jar:/home/runner/.m2/repository/org/springframework/spring-jdbc/5.2.11.RELEASE/spring-jdbc-5.2.11.RELEASE.jar:/home/runner/.m2/repository/org/springframework/spring-beans/5.2.11.RELEASE/spring-beans-5.2.11.RELEASE.jar:/home/runner/.m2/repository/org/springframework/spring-core/5.2.11.RELEASE/spring-core-5.2.11.RELEASE.jar:/home/runner/.m2/repository/org/springframework/spring-jcl/5.2.11.RELEASE/spring-jcl-5.2.11.RELEASE.jar:/home/runner/.m2/repository/org/springframework/spring-tx/5.2.11.RELEASE/spring-tx-5.2.11.RELEASE.jar:/home/runner/.m2/repository/org/apache/ozone/ozone-client/1.2.0-SNAPSHOT/ozone-client-1.2.0-SNAPSHOT.jar:/home/runner/.m2/repository/org/apache/ozone/ozone-filesystem/1.2.0-SNAPSHOT/ozone-filesystem-1.2.0-SNAPSHOT.jar:/home/runner/.m2/repository/org/apache/ozone/ozone-filesystem-common/1.2.0-SNAPSHOT/ozone-filesystem-common-1.2.0-SNAPSHOT.jar:/home/runner/.m2/repository/org/apache/ozone/ozone-tools/1.2.0-SNAPSHOT/ozone-tools-1.2.0-SNAPSHOT.jar:/home/runner/.m2/repository/org/apache/ratis/ratis-tools/2.1.0-ff8aa66-SNAPSHOT/ratis-tools-2.1.0-ff8aa66-SNAPSHOT.jar:/home/runner/.m2/repository/org/apache/ratis/ratis-proto/2.1.0-ff8aa66-SNAPSHOT/ratis-proto-2.1.0-ff8aa66-SNAPSHOT.jar:/home/runner/.m2/repository/org/apache/ratis/ratis-common/2.1.0-ff8aa66-SNAPSHOT/ratis-common-2.1.0-ff8aa66-SNAPSHOT.jar:/home/runner/.m2/repository/com/amazonaws/aws-java-sdk-core/1.11.901/aws-java-sdk-core-1.11.901.jar:/home/runner/.m2/repository/org/apache/httpcomponents/httpclient/4.5.13/httpclient-4.5.13.jar:/home/runner/.m2/repository/org/apache/httpcomponents/httpcore/4.4.13/httpcore-4.4.13.jar:/home/runner/.m2/repository/software/amazon/ion/ion-java/1.0.2/ion-java-1.0.2.jar:/home/runner/.m2/repository/com/fasterxml/jackson/dataformat/jackson-dataformat-cbor/2.12.1/jackson-dataformat-cbor-2.12.1.jar:/home/runner/.m2/repository/joda-time/joda-time/2.8.1/joda-time-2.8.1.jar:/home/runner/.m2/repository/com/amazonaws/aws-java-sdk-s3/1.11.901/aws-java-sdk-s3-1.11.901.jar:/home/runner/.m2/repository/com/amazonaws/aws-java-sdk-kms/1.11.901/aws-java-sdk-kms-1.11.901.jar:/home/runner/.m2/repository/com/amazonaws/jmespath-java/1.11.901/jmespath-java-1.11.901.jar:/home/runner/.m2/repository/org/kohsuke/metainf-services/metainf-services/1.8/metainf-services-1.8.jar:/home/runner/.m2/repository/org/apache/ozone/hdds-tools/1.2.0-SNAPSHOT/hdds-tools-1.2.0-SNAPSHOT.jar:/home/runner/.m2/repository/commons-cli/commons-cli/1.2/commons-cli-1.2.jar:/home/runner/.m2/repository/org/apache/commons/commons-lang3/3.7/commons-lang3-3.7.jar:/home/runner/.m2/repository/org/apache/ozone/ozone-manager/1.2.0-SNAPSHOT/ozone-manager-1.2.0-SNAPSHOT-tests.jar:/home/runner/.m2/repository/org/apache/ozone/hdds-common/1.2.0-SNAPSHOT/hdds-common-1.2.0-SNAPSHOT-tests.jar:/home/runner/.m2/repository/org/apache/ozone/hdds-hadoop-dependency-client/1.2.0-SNAPSHOT/hdds-hadoop-dependency-client-1.2.0-SNAPSHOT.jar:/home/runner/.m2/repository/info/picocli/picocli/4.4.0/picocli-4.4.0.jar:/home/runner/.m2/repository/com/fasterxml/jackson/core/jackson-annotations/2.12.1/jackson-annotations-2.12.1.jar:/home/runner/.m2/repository/javax/annotation/javax.annotation-api/1.2/javax.annotation-api-1.2.jar:/home/runner/.m2/repository/org/apache/ratis/ratis-server/2.1.0-ff8aa66-SNAPSHOT/ratis-server-2.1.0-ff8aa66-SNAPSHOT.jar:/home/runner/.m2/repository/org/apache/ratis/ratis-client/2.1.0-ff8aa66-SNAPSHOT/ratis-client-2.1.0-ff8aa66-SNAPSHOT.jar:/home/runner/.m2/repository/org/apache/ratis/ratis-server-api/2.1.0-ff8aa66-SNAPSHOT/ratis-server-api-2.1.0-ff8aa66-SNAPSHOT.jar:/home/runner/.m2/repository/org/apache/ratis/ratis-metrics/2.1.0-ff8aa66-SNAPSHOT/ratis-metrics-2.1.0-ff8aa66-SNAPSHOT.jar:/home/runner/.m2/repository/org/apache/ratis/ratis-netty/2.1.0-ff8aa66-SNAPSHOT/ratis-netty-2.1.0-ff8aa66-SNAPSHOT.jar:/home/runner/.m2/repository/org/apache/ratis/ratis-grpc/2.1.0-ff8aa66-SNAPSHOT/ratis-grpc-2.1.0-ff8aa66-SNAPSHOT.jar:/home/runner/.m2/repository/org/apache/logging/log4j/log4j-api/2.13.3/log4j-api-2.13.3.jar:/home/runner/.m2/repository/org/apache/logging/log4j/log4j-core/2.13.3/log4j-core-2.13.3.jar:/home/runner/.m2/repository/com/lmax/disruptor/3.4.2/disruptor-3.4.2.jar:/home/runner/.m2/repository/org/apache/commons/commons-pool2/2.6.0/commons-pool2-2.6.0.jar:/home/runner/.m2/repository/org/bouncycastle/bcpkix-jdk15on/1.67/bcpkix-jdk15on-1.67.jar:/home/runner/.m2/repository/commons-validator/commons-validator/1.6/commons-validator-1.6.jar:/home/runner/.m2/repository/commons-beanutils/commons-beanutils/1.9.4/commons-beanutils-1.9.4.jar:/home/runner/.m2/repository/commons-digester/commons-digester/1.8.1/commons-digester-1.8.1.jar:/home/runner/.m2/repository/commons-collections/commons-collections/3.2.2/commons-collections-3.2.2.jar:/home/runner/.m2/repository/io/jaegertracing/jaeger-client/1.6.0/jaeger-client-1.6.0.jar:/home/runner/.m2/repository/io/jaegertracing/jaeger-thrift/1.6.0/jaeger-thrift-1.6.0.jar:/home/runner/.m2/repository/org/apache/thrift/libthrift/0.14.1/libthrift-0.14.1.jar:/home/runner/.m2/repository/com/squareup/okhttp3/okhttp/4.9.0/okhttp-4.9.0.jar:/home/runner/.m2/repository/com/squareup/okio/okio/2.8.0/okio-2.8.0.jar:/home/runner/.m2/repository/io/jaegertracing/jaeger-core/1.6.0/jaeger-core-1.6.0.jar:/home/runner/.m2/repository/io/jaegertracing/jaeger-tracerresolver/1.6.0/jaeger-tracerresolver-1.6.0.jar:/home/runner/.m2/repository/io/opentracing/contrib/opentracing-tracerresolver/0.1.8/opentracing-tracerresolver-0.1.8.jar:/home/runner/.m2/repository/org/jetbrains/kotlin/kotlin-stdlib/1.4.31/kotlin-stdlib-1.4.31.jar:/home/runner/.m2/repository/org/jetbrains/kotlin/kotlin-stdlib-common/1.4.31/kotlin-stdlib-common-1.4.31.jar:/home/runner/.m2/repository/org/jetbrains/annotations/13.0/annotations-13.0.jar:/home/runner/.m2/repository/io/opentracing/opentracing-util/0.33.0/opentracing-util-0.33.0.jar:/home/runner/.m2/repository/io/opentracing/opentracing-api/0.33.0/opentracing-api-0.33.0.jar:/home/runner/.m2/repository/io/opentracing/opentracing-noop/0.33.0/opentracing-noop-0.33.0.jar:/home/runner/.m2/repository/org/yaml/snakeyaml/1.26/snakeyaml-1.26.jar:/home/runner/.m2/repository/org/apache/ozone/hdds-interface-admin/1.2.0-SNAPSHOT/hdds-interface-admin-1.2.0-SNAPSHOT.jar:/home/runner/.m2/repository/junit/junit/4.13.1/junit-4.13.1.jar:/home/runner/.m2/repository/org/hamcrest/hamcrest-core/1.3/hamcrest-core-1.3.jar:/home/runner/.m2/repository/org/junit/jupiter/junit-jupiter-api/5.7.0/junit-jupiter-api-5.7.0.jar:/home/runner/.m2/repository/org/apiguardian/apiguardian-api/1.1.0/apiguardian-api-1.1.0.jar:/home/runner/.m2/repository/org/opentest4j/opentest4j/1.2.0/opentest4j-1.2.0.jar:/home/runner/.m2/repository/org/junit/platform/junit-platform-commons/1.7.0/junit-platform-commons-1.7.0.jar:/home/runner/.m2/repository/org/junit/jupiter/junit-jupiter-engine/5.7.0/junit-jupiter-engine-5.7.0.jar:/home/runner/.m2/repository/org/junit/platform/junit-platform-engine/1.7.0/junit-platform-engine-1.7.0.jar:/home/runner/.m2/repository/org/junit/vintage/junit-vintage-engine/5.7.0/junit-vintage-engine-5.7.0.jar:/home/runner/.m2/repository/org/junit/platform/junit-platform-launcher/1.7.0/junit-platform-launcher-1.7.0.jar:/home/runner/.m2/repository/org/openjdk/jmh/jmh-core/1.19/jmh-core-1.19.jar:/home/runner/.m2/repository/net/sf/jopt-simple/jopt-simple/4.6/jopt-simple-4.6.jar:/home/runner/.m2/repository/org/apache/commons/commons-math3/3.1.1/commons-math3-3.1.1.jar:/home/runner/.m2/repository/org/openjdk/jmh/jmh-generator-annprocess/1.19/jmh-generator-annprocess-1.19.jar:/home/runner/.m2/repository/org/mockito/mockito-core/2.28.2/mockito-core-2.28.2.jar:/home/runner/.m2/repository/net/bytebuddy/byte-buddy/1.9.10/byte-buddy-1.9.10.jar:/home/runner/.m2/repository/net/bytebuddy/byte-buddy-agent/1.9.10/byte-buddy-agent-1.9.10.jar:/home/runner/.m2/repository/org/objenesis/objenesis/1.0/objenesis-1.0.jar:/home/runner/.m2/repository/org/apache/hadoop/hadoop-kms/3.3.1/hadoop-kms-3.3.1.jar:/home/runner/.m2/repository/org/apache/hadoop/hadoop-auth/3.3.1/hadoop-auth-3.3.1.jar:/home/runner/.m2/repository/com/nimbusds/nimbus-jose-jwt/7.9/nimbus-jose-jwt-7.9.jar:/home/runner/.m2/repository/com/github/stephenc/jcip/jcip-annotations/1.0-1/jcip-annotations-1.0-1.jar:/home/runner/.m2/repository/net/minidev/json-smart/2.3/json-smart-2.3.jar:/home/runner/.m2/repository/net/minidev/accessors-smart/1.2/accessors-smart-1.2.jar:/home/runner/.m2/repository/org/ow2/asm/asm/5.0.4/asm-5.0.4.jar:/home/runner/.m2/repository/org/apache/zookeeper/zookeeper/3.5.6/zookeeper-3.5.6.jar:/home/runner/.m2/repository/org/apache/zookeeper/zookeeper-jute/3.5.6/zookeeper-jute-3.5.6.jar:/home/runner/.m2/repository/org/apache/yetus/audience-annotations/0.5.0/audience-annotations-0.5.0.jar:/home/runner/.m2/repository/org/apache/curator/curator-framework/4.2.0/curator-framework-4.2.0.jar:/home/runner/.m2/repository/org/apache/hadoop/thirdparty/hadoop-shaded-guava/1.1.1/hadoop-shaded-guava-1.1.1.jar:/home/runner/.m2/repository/com/sun/jersey/jersey-core/1.19/jersey-core-1.19.jar:/home/runner/.m2/repository/javax/ws/rs/jsr311-api/1.1.1/jsr311-api-1.1.1.jar:/home/runner/.m2/repository/com/sun/jersey/jersey-server/1.19/jersey-server-1.19.jar:/home/runner/.m2/repository/javax/servlet/javax.servlet-api/3.1.0/javax.servlet-api-3.1.0.jar:/home/runner/.m2/repository/org/eclipse/jetty/jetty-server/9.4.35.v20201120/jetty-server-9.4.35.v20201120.jar:/home/runner/.m2/repository/org/eclipse/jetty/jetty-http/9.4.35.v20201120/jetty-http-9.4.35.v20201120.jar:/home/runner/.m2/repository/org/eclipse/jetty/jetty-io/9.4.35.v20201120/jetty-io-9.4.35.v20201120.jar:/home/runner/.m2/repository/org/eclipse/jetty/jetty-webapp/9.4.35.v20201120/jetty-webapp-9.4.35.v20201120.jar:/home/runner/.m2/repository/org/eclipse/jetty/jetty-xml/9.4.35.v20201120/jetty-xml-9.4.35.v20201120.jar:/home/runner/.m2/repository/org/apache/hadoop/hadoop-common/3.3.1/hadoop-common-3.3.1.jar:/home/runner/.m2/repository/org/apache/hadoop/thirdparty/hadoop-shaded-protobuf_3_7/1.1.1/hadoop-shaded-protobuf_3_7-1.1.1.jar:/home/runner/.m2/repository/commons-net/commons-net/3.6/commons-net-3.6.jar:/home/runner/.m2/repository/jakarta/activation/jakarta.activation-api/1.2.1/jakarta.activation-api-1.2.1.jar:/home/runner/.m2/repository/com/sun/jersey/jersey-servlet/1.19/jersey-servlet-1.19.jar:/home/runner/.m2/repository/com/sun/jersey/jersey-json/1.19/jersey-json-1.19.jar:/home/runner/.m2/repository/org/codehaus/jettison/jettison/1.1/jettison-1.1.jar:/home/runner/.m2/repository/com/sun/xml/bind/jaxb-impl/2.2.3-1/jaxb-impl-2.2.3-1.jar:/home/runner/.m2/repository/org/codehaus/jackson/jackson-jaxrs/1.9.2/jackson-jaxrs-1.9.2.jar:/home/runner/.m2/repository/org/codehaus/jackson/jackson-xc/1.9.2/jackson-xc-1.9.2.jar:/home/runner/.m2/repository/org/apache/commons/commons-configuration2/2.1.1/commons-configuration2-2.1.1.jar:/home/runner/.m2/repository/org/apache/commons/commons-text/1.4/commons-text-1.4.jar:/home/runner/.m2/repository/com/google/re2j/re2j/1.1/re2j-1.1.jar:/home/runner/.m2/repository/com/jcraft/jsch/0.1.54/jsch-0.1.54.jar:/home/runner/.m2/repository/org/apache/curator/curator-client/4.2.0/curator-client-4.2.0.jar:/home/runner/.m2/repository/org/apache/curator/curator-recipes/4.2.0/curator-recipes-4.2.0.jar:/home/runner/.m2/repository/org/apache/kerby/kerb-core/1.0.1/kerb-core-1.0.1.jar:/home/runner/.m2/repository/org/apache/kerby/kerby-pkix/1.0.1/kerby-pkix-1.0.1.jar:/home/runner/.m2/repository/org/apache/kerby/kerby-asn1/1.0.1/kerby-asn1-1.0.1.jar:/home/runner/.m2/repository/org/apache/kerby/kerby-util/1.0.1/kerby-util-1.0.1.jar:/home/runner/.m2/repository/dnsjava/dnsjava/2.1.7/dnsjava-2.1.7.jar:/home/runner/.m2/repository/org/xerial/snappy/snappy-java/1.1.8.2/snappy-java-1.1.8.2.jar:/home/runner/.m2/repository/org/slf4j/jul-to-slf4j/1.7.30/jul-to-slf4j-1.7.30.jar:/home/runner/.m2/repository/org/eclipse/jetty/jetty-util/9.4.35.v20201120/jetty-util-9.4.35.v20201120.jar:/home/runner/.m2/repository/com/fasterxml/jackson/core/jackson-databind/2.12.1/jackson-databind-2.12.1.jar:/home/runner/.m2/repository/org/apache/hadoop/hadoop-kms/3.3.1/hadoop-kms-3.3.1-tests.jar:/home/runner/.m2/repository/org/apache/ozone/hdds-server-scm/1.2.0-SNAPSHOT/hdds-server-scm-1.2.0-SNAPSHOT-tests.jar:/home/runner/.m2/repository/org/apache/ozone/hdds-container-service/1.2.0-SNAPSHOT/hdds-container-service-1.2.0-SNAPSHOT-tests.jar:/home/runner/.m2/repository/commons-codec/commons-codec/1.11/commons-codec-1.11.jar:/home/runner/.m2/repository/io/netty/netty-transport/4.1.63.Final/netty-transport-4.1.63.Final.jar:/home/runner/.m2/repository/io/netty/netty-resolver/4.1.63.Final/netty-resolver-4.1.63.Final.jar:/home/runner/.m2/repository/io/netty/netty-codec/4.1.63.Final/netty-codec-4.1.63.Final.jar:/home/runner/.m2/repository/io/netty/netty-handler/4.1.63.Final/netty-handler-4.1.63.Final.jar:/home/runner/.m2/repository/org/apache/ozone/hdds-hadoop-dependency-test/1.2.0-SNAPSHOT/hdds-hadoop-dependency-test-1.2.0-SNAPSHOT.jar:/home/runner/.m2/repository/org/apache/hadoop/hadoop-common/3.3.1/hadoop-common-3.3.1-tests.jar:/home/runner/.m2/repository/org/assertj/assertj-core/3.12.2/assertj-core-3.12.2.jar:/home/runner/.m2/repository/org/apache/hadoop/hadoop-hdfs/3.3.1/hadoop-hdfs-3.3.1-tests.jar:/home/runner/.m2/repository/org/eclipse/jetty/jetty-util-ajax/9.4.35.v20201120/jetty-util-ajax-9.4.35.v20201120.jar:/home/runner/.m2/repository/commons-daemon/commons-daemon/1.0.13/commons-daemon-1.0.13.jar:/home/runner/.m2/repository/io/netty/netty/3.10.6.Final/netty-3.10.6.Final.jar:/home/runner/.m2/repository/io/netty/netty-all/4.1.63.Final/netty-all-4.1.63.Final.jar:/home/runner/.m2/repository/org/apache/htrace/htrace-core4/4.1.0-incubating/htrace-core4-4.1.0-incubating.jar:/home/runner/.m2/repository/org/fusesource/leveldbjni/leveldbjni-all/1.8/leveldbjni-all-1.8.jar:/home/runner/.m2/repository/org/apache/hadoop/hadoop-distcp/3.3.1/hadoop-distcp-3.3.1.jar:/home/runner/.m2/repository/org/apache/hadoop/hadoop-mapreduce-client-jobclient/3.3.1/hadoop-mapreduce-client-jobclient-3.3.1.jar:/home/runner/.m2/repository/org/apache/hadoop/hadoop-mapreduce-client-common/3.3.1/hadoop-mapreduce-client-common-3.3.1.jar:/home/runner/.m2/repository/org/apache/hadoop/hadoop-yarn-common/3.3.1/hadoop-yarn-common-3.3.1.jar:/home/runner/.m2/repository/org/apache/hadoop/hadoop-yarn-api/3.3.1/hadoop-yarn-api-3.3.1.jar:/home/runner/.m2/repository/com/sun/jersey/jersey-client/1.19/jersey-client-1.19.jar:/home/runner/.m2/repository/com/sun/jersey/contribs/jersey-guice/1.19/jersey-guice-1.19.jar:/home/runner/.m2/repository/com/fasterxml/jackson/jaxrs/jackson-jaxrs-json-provider/2.12.1/jackson-jaxrs-json-provider-2.12.1.jar:/home/runner/.m2/repository/com/fasterxml/jackson/jaxrs/jackson-jaxrs-base/2.12.1/jackson-jaxrs-base-2.12.1.jar:/home/runner/.m2/repository/org/apache/hadoop/hadoop-yarn-client/3.3.1/hadoop-yarn-client-3.3.1.jar:/home/runner/.m2/repository/org/eclipse/jetty/websocket/websocket-client/9.4.40.v20210413/websocket-client-9.4.40.v20210413.jar:/home/runner/.m2/repository/org/eclipse/jetty/jetty-client/9.4.40.v20210413/jetty-client-9.4.40.v20210413.jar:/home/runner/.m2/repository/org/eclipse/jetty/websocket/websocket-common/9.4.40.v20210413/websocket-common-9.4.40.v20210413.jar:/home/runner/.m2/repository/org/eclipse/jetty/websocket/websocket-api/9.4.40.v20210413/websocket-api-9.4.40.v20210413.jar:/home/runner/.m2/repository/org/jline/jline/3.9.0/jline-3.9.0.jar:/home/runner/.m2/repository/org/apache/hadoop/hadoop-mapreduce-client-core/3.3.1/hadoop-mapreduce-client-core-3.3.1.jar:/home/runner/.m2/repository/org/apache/avro/avro/1.7.7/avro-1.7.7.jar:/home/runner/.m2/repository/org/codehaus/jackson/jackson-core-asl/1.9.13/jackson-core-asl-1.9.13.jar:/home/runner/.m2/repository/org/codehaus/jackson/jackson-mapper-asl/1.9.13/jackson-mapper-asl-1.9.13.jar:/home/runner/.m2/repository/com/thoughtworks/paranamer/paranamer/2.3/paranamer-2.3.jar:/home/runner/.m2/repository/org/apache/hadoop/hadoop-annotations/3.3.1/hadoop-annotations-3.3.1.jar:/usr/lib/jvm/adoptopenjdk-8-hotspot-amd64/jre/../lib/tools.jar:/home/runner/.m2/repository/org/apache/hadoop/hadoop-distcp/3.3.1/hadoop-distcp-3.3.1-tests.jar:"/>
    <property name="sun.cpu.endian" value="little"/>
    <property name="user.home" value="/home/runner"/>
    <property name="user.language" value="en"/>
    <property name="java.specification.vendor" value="Oracle Corporation"/>
    <property name="java.home" value="/usr/lib/jvm/adoptopenjdk-8-hotspot-amd64/jre"/>
    <property name="java.security.krb5.conf" value="/home/runner/work/ozone/ozone/mnt/ozone/hadoop-ozone/integration-test/target/test-classes/krb5.conf"/>
    <property name="basedir" value="/home/runner/work/ozone/ozone/mnt/ozone/hadoop-ozone/integration-test"/>
    <property name="file.separator" value="/"/>
    <property name="line.separator" value="&#10;"/>
    <property name="java.vm.specification.vendor" value="Oracle Corporation"/>
    <property name="java.specification.name" value="Java Platform API Specification"/>
    <property name="java.awt.graphicsenv" value="sun.awt.X11GraphicsEnvironment"/>
    <property name="skip.installnpx" value="true"/>
    <property name="surefire.real.class.path" value="/home/runner/work/ozone/ozone/mnt/ozone/hadoop-ozone/integration-test/target/surefire/surefirebooter7546914546828452221.jar:/home/runner/.m2/repository/org/jacoco/org.jacoco.agent/0.8.5/org.jacoco.agent-0.8.5-runtime.jar"/>
    <property name="hadoop.log.dir" value="/home/runner/work/ozone/ozone/mnt/ozone/hadoop-ozone/integration-test/target/log"/>
    <property name="sun.boot.class.path" value="/usr/lib/jvm/adoptopenjdk-8-hotspot-amd64/jre/lib/resources.jar:/usr/lib/jvm/adoptopenjdk-8-hotspot-amd64/jre/lib/rt.jar:/usr/lib/jvm/adoptopenjdk-8-hotspot-amd64/jre/lib/sunrsasign.jar:/usr/lib/jvm/adoptopenjdk-8-hotspot-amd64/jre/lib/jsse.jar:/usr/lib/jvm/adoptopenjdk-8-hotspot-amd64/jre/lib/jce.jar:/usr/lib/jvm/adoptopenjdk-8-hotspot-amd64/jre/lib/charsets.jar:/usr/lib/jvm/adoptopenjdk-8-hotspot-amd64/jre/lib/jfr.jar:/usr/lib/jvm/adoptopenjdk-8-hotspot-amd64/jre/classes"/>
    <property name="sun.management.compiler" value="HotSpot 64-Bit Tiered Compilers"/>
    <property name="skip.npx" value="true"/>
    <property name="java.runtime.version" value="1.8.0_292-b10"/>
    <property name="java.net.preferIPv4Stack" value="true"/>
    <property name="user.name" value="runner"/>
    <property name="path.separator" value=":"/>
    <property name="java.security.egd" value="file:///dev/urandom"/>
    <property name="os.version" value="5.4.0-1051-azure"/>
    <property name="java.endorsed.dirs" value="/usr/lib/jvm/adoptopenjdk-8-hotspot-amd64/jre/lib/endorsed"/>
    <property name="java.runtime.name" value="OpenJDK Runtime Environment"/>
    <property name="file.encoding" value="UTF-8"/>
    <property name="java.vm.name" value="OpenJDK 64-Bit Server VM"/>
    <property name="test.build.webapps" value=""/>
    <property name="localRepository" value="/home/runner/.m2/repository"/>
    <property name="java.vendor.url.bug" value="https://github.com/AdoptOpenJDK/openjdk-support/issues"/>
    <property name="java.io.tmpdir" value="/tmp"/>
    <property name="require.test.libhadoop" value=""/>
    <property name="java.version" value="1.8.0_292"/>
    <property name="user.dir" value="/home/runner/work/ozone/ozone/mnt/ozone/hadoop-ozone/integration-test"/>
    <property name="os.arch" value="amd64"/>
    <property name="java.vm.specification.name" value="Java Virtual Machine Specification"/>
    <property name="test.build.classes" value="/home/runner/work/ozone/ozone/mnt/ozone/hadoop-ozone/integration-test/target/test-classes"/>
    <property name="java.awt.printerjob" value="sun.print.PSPrinterJob"/>
    <property name="sun.os.patch.level" value="unknown"/>
    <property name="hadoop.tmp.dir" value="/home/runner/work/ozone/ozone/mnt/ozone/hadoop-ozone/integration-test/target/tmp"/>
    <property name="java.library.path" value="/usr/java/packages/lib/amd64:/usr/lib64:/lib64:/lib:/usr/lib"/>
    <property name="java.vm.info" value="mixed mode"/>
    <property name="java.vendor" value="AdoptOpenJDK"/>
    <property name="java.vm.version" value="25.292-b10"/>
    <property name="java.ext.dirs" value="/usr/lib/jvm/adoptopenjdk-8-hotspot-amd64/jre/lib/ext:/usr/java/packages/lib/ext"/>
    <property name="sun.io.unicode.encoding" value="UnicodeLittle"/>
    <property name="java.class.version" value="52.0"/>
  </properties>
  <testcase name="testMultipleDataDirs" classname="org.apache.hadoop.ozone.TestMiniOzoneCluster" time="19.049"/>
  <testcase name="testStartMultipleDatanodes" classname="org.apache.hadoop.ozone.TestMiniOzoneCluster" time="33.458"/>
  <testcase name="testDNstartAfterSCM" classname="org.apache.hadoop.ozone.TestMiniOzoneCluster" time="110.346">
    <error message="test timed out after 100000 milliseconds" type="org.junit.runners.model.TestTimedOutException"><![CDATA[org.junit.runners.model.TestTimedOutException: test timed out after 100000 milliseconds
	at org.apache.log4j.Category.callAppenders(Category.java:204)
	at org.apache.log4j.Category.forcedLog(Category.java:391)
	at org.apache.log4j.Category.log(Category.java:856)
	at org.slf4j.impl.Log4jLoggerAdapter.info(Log4jLoggerAdapter.java:368)
	at org.apache.hadoop.ipc.CallQueueManager.<init>(CallQueueManager.java:90)
	at org.apache.hadoop.ipc.Server.<init>(Server.java:3105)
	at org.apache.hadoop.ipc.RPC$Server.<init>(RPC.java:1062)
	at org.apache.hadoop.ipc.ProtobufRpcEngine2$Server.<init>(ProtobufRpcEngine2.java:464)
	at org.apache.hadoop.ipc.ProtobufRpcEngine$Server.<init>(ProtobufRpcEngine.java:434)
	at org.apache.hadoop.ipc.ProtobufRpcEngine.getServer(ProtobufRpcEngine.java:361)
	at org.apache.hadoop.ipc.RPC$Builder.build(RPC.java:853)
	at org.apache.hadoop.hdds.scm.server.StorageContainerManager.startRpcServer(StorageContainerManager.java:859)
	at org.apache.hadoop.hdds.scm.server.SCMBlockProtocolServer.<init>(SCMBlockProtocolServer.java:124)
	at org.apache.hadoop.hdds.scm.server.StorageContainerManager.<init>(StorageContainerManager.java:371)
	at org.apache.hadoop.hdds.scm.server.StorageContainerManager.createSCM(StorageContainerManager.java:481)
	at org.apache.hadoop.hdds.scm.TestUtils.getScmSimple(TestUtils.java:573)
	at org.apache.hadoop.ozone.MiniOzoneClusterImpl.restartStorageContainerManager(MiniOzoneClusterImpl.java:359)
	at org.apache.hadoop.ozone.TestMiniOzoneCluster.testDNstartAfterSCM(TestMiniOzoneCluster.java:337)
	at sun.reflect.NativeMethodAccessorImpl.invoke0(Native Method)
	at sun.reflect.NativeMethodAccessorImpl.invoke(NativeMethodAccessorImpl.java:62)
	at sun.reflect.DelegatingMethodAccessorImpl.invoke(DelegatingMethodAccessorImpl.java:43)
	at java.lang.reflect.Method.invoke(Method.java:498)
	at org.junit.runners.model.FrameworkMethod$1.runReflectiveCall(FrameworkMethod.java:59)
	at org.junit.internal.runners.model.ReflectiveCallable.run(ReflectiveCallable.java:12)
	at org.junit.runners.model.FrameworkMethod.invokeExplosively(FrameworkMethod.java:56)
	at org.junit.internal.runners.statements.InvokeMethod.evaluate(InvokeMethod.java:17)
	at org.junit.internal.runners.statements.FailOnTimeout$CallableStatement.call(FailOnTimeout.java:288)
	at org.junit.internal.runners.statements.FailOnTimeout$CallableStatement.call(FailOnTimeout.java:282)
	at java.util.concurrent.FutureTask.run(FutureTask.java:266)
	at java.lang.Thread.run(Thread.java:748)
]]></error>
    <system-out><![CDATA[2021-07-14 22:47:35,452 [Time-limited test] WARN  server.ServerUtils (ServerUtils.java:getScmDbDir(148)) - ozone.scm.db.dirs is not configured. We recommend adding this setting. Falling back to ozone.metadata.dirs instead.
2021-07-14 22:47:35,454 [Time-limited test] INFO  ha.SCMHANodeDetails (SCMHANodeDetails.java:loadSCMHAConfig(157)) - ServiceID for StorageContainerManager is null
2021-07-14 22:47:35,454 [Time-limited test] INFO  ha.SCMHANodeDetails (SCMHANodeDetails.java:loadSCMHAConfig(162)) - ozone.scm.default.service.id is not defined, falling back to ozone.scm.service.ids to find serviceID for StorageContainerManager if it is HA enabled cluster
2021-07-14 22:47:35,454 [Time-limited test] WARN  server.ServerUtils (ServerUtils.java:getScmDbDir(148)) - ozone.scm.db.dirs is not configured. We recommend adding this setting. Falling back to ozone.metadata.dirs instead.
2021-07-14 22:47:35,455 [Time-limited test] INFO  upgrade.AbstractLayoutVersionManager (AbstractLayoutVersionManager.java:init(70)) - Initializing Layout version manager with metadata layout = SCM_HA (version = 2), software layout = SCM_HA (version = 2)
2021-07-14 22:47:35,497 [Time-limited test] INFO  reflections.Reflections (Reflections.java:scan(232)) - Reflections took 41 ms to scan 7 urls, producing 119 keys and 271 values 
2021-07-14 22:47:35,499 [Time-limited test] WARN  utils.HAUtils (HAUtils.java:getMetaDir(342)) - ozone.scm.db.dirs is not configured. We recommend adding this setting. Falling back to ozone.metadata.dirs instead.
2021-07-14 22:47:35,500 [Time-limited test] WARN  db.DBStoreBuilder (DBStoreBuilder.java:applyDBDefinition(145)) - ozone.scm.db.dirs is not configured. We recommend adding this setting. Falling back to ozone.metadata.dirs instead.
2021-07-14 22:47:35,580 [Time-limited test] INFO  net.NodeSchemaLoader (NodeSchemaLoader.java:loadSchemaFromFile(129)) - Loading schema from [jar:file:/home/runner/.m2/repository/org/apache/ozone/hdds-common/1.2.0-SNAPSHOT/hdds-common-1.2.0-SNAPSHOT.jar!/network-topology-default.xml]
2021-07-14 22:47:35,580 [Time-limited test] INFO  net.NodeSchemaLoader (NodeSchemaLoader.java:loadSchema(176)) - Loading network topology layer schema file
2021-07-14 22:47:35,583 [Time-limited test] INFO  ha.SequenceIdGenerator (SequenceIdGenerator.java:upgradeToSequenceId(327)) - upgrade localId to 107544261427200000
2021-07-14 22:47:35,584 [Time-limited test] INFO  ha.SequenceIdGenerator (SequenceIdGenerator.java:upgradeToSequenceId(337)) - upgrade delTxnId to 0
2021-07-14 22:47:35,584 [Time-limited test] INFO  ha.SequenceIdGenerator (SequenceIdGenerator.java:upgradeToSequenceId(351)) - upgrade containerId to 0
2021-07-14 22:47:35,584 [Time-limited test] INFO  ha.SequenceIdGenerator (SequenceIdGenerator.java:<init>(217)) - Init the HA SequenceIdGenerator.
2021-07-14 22:47:35,584 [Time-limited test] WARN  server.ServerUtils (ServerUtils.java:sanitizeUserArgs(73)) - ozone.scm.stale.node.interval value = 300000 is larger than max = 100000 based on the key value of ozone.scm.heartbeat.thread.interval, reset to the max value 100000.
2021-07-14 22:47:35,584 [Time-limited test] WARN  server.ServerUtils (ServerUtils.java:sanitizeUserArgs(73)) - ozone.scm.stale.node.interval value = 300000 is larger than max = 100000 based on the key value of ozone.scm.heartbeat.thread.interval, reset to the max value 100000.
2021-07-14 22:47:35,585 [Time-limited test] INFO  node.SCMNodeManager (SCMNodeManager.java:<init>(141)) - Entering startup safe mode.
2021-07-14 22:47:35,585 [Time-limited test] INFO  algorithms.ContainerPlacementPolicyFactory (ContainerPlacementPolicyFactory.java:getPolicy(60)) - Create container placement policy of type org.apache.hadoop.hdds.scm.container.placement.algorithms.SCMContainerPlacementRandom
2021-07-14 22:47:35,586 [Time-limited test] INFO  pipeline.PipelineStateManager (PipelineStateManagerV2Impl.java:initialize(78)) - No pipeline exists in current db
2021-07-14 22:47:35,586 [Time-limited test] INFO  algorithms.LeaderChoosePolicyFactory (LeaderChoosePolicyFactory.java:getPolicy(57)) - Create leader choose policy of type org.apache.hadoop.hdds.scm.pipeline.leader.choose.algorithms.MinLeaderCountChoosePolicy
2021-07-14 22:47:35,586 [Time-limited test] INFO  ha.SCMServiceManager (SCMServiceManager.java:register(43)) - Registering service BackgroundPipelineCreator.
2021-07-14 22:47:35,586 [Time-limited test] INFO  pipeline.BackgroundPipelineCreator (BackgroundPipelineCreatorV2.java:start(130)) - Starting RatisPipelineUtilsThread.
2021-07-14 22:47:35,590 [Time-limited test] INFO  algorithms.PipelineChoosePolicyFactory (PipelineChoosePolicyFactory.java:createPipelineChoosePolicyFromClass(73)) - Create pipeline choose policy of type org.apache.hadoop.hdds.scm.pipeline.choose.algorithms.RandomPipelineChoosePolicy
2021-07-14 22:47:35,591 [Time-limited test] INFO  ha.SCMServiceManager (SCMServiceManager.java:register(43)) - Registering service SCMBlockDeletingService.
2021-07-14 22:47:35,591 [Time-limited test] INFO  ha.SCMServiceManager (SCMServiceManager.java:register(43)) - Registering service ReplicationManager.
2021-07-14 22:47:35,591 [Time-limited test] INFO  container.ReplicationManager (ReplicationManager.java:start(220)) - Starting Replication Monitor Thread.
2021-07-14 22:47:35,592 [Time-limited test] INFO  safemode.ContainerSafeModeRule (ContainerSafeModeRule.java:<init>(89)) - containers with one replica threshold count 0
2021-07-14 22:47:35,593 [Time-limited test] INFO  safemode.HealthyPipelineSafeModeRule (HealthyPipelineSafeModeRule.java:initializeRule(156)) - Total pipeline count is 0, healthy pipeline threshold count is 1
2021-07-14 22:47:35,593 [Time-limited test] INFO  safemode.OneReplicaPipelineSafeModeRule (OneReplicaPipelineSafeModeRule.java:initializeRule(180)) - Total pipeline count is 0, pipeline's with at least one datanode reported threshold count is 0
2021-07-14 22:47:35,594 [Time-limited test] INFO  ipc.CallQueueManager (CallQueueManager.java:<init>(90)) - Using callQueue: class java.util.concurrent.LinkedBlockingQueue, queueCapacity: 2000, scheduler: class org.apache.hadoop.ipc.DefaultRpcScheduler, ipcBackoff: false.
2021-07-14 22:47:35,594 [Socket Reader #1 for port 0] INFO  ipc.Server (Server.java:run(1265)) - Starting Socket Reader #1 for port 0
2021-07-14 22:47:35,600 [Listener at 0.0.0.0/34745] INFO  ipc.CallQueueManager (CallQueueManager.java:<init>(90)) - Using callQueue: class java.util.concurrent.LinkedBlockingQueue, queueCapacity: 2000, scheduler: class org.apache.hadoop.ipc.DefaultRpcScheduler, ipcBackoff: false.
2021-07-14 22:47:35,600 [ReplicationMonitor] INFO  container.ReplicationManager (ReplicationManager.java:run(284)) - Replication Monitor Thread took 0 milliseconds for processing 0 containers.
2021-07-14 22:47:35,601 [Socket Reader #1 for port 0] INFO  ipc.Server (Server.java:run(1265)) - Starting Socket Reader #1 for port 0
2021-07-14 22:47:35,601 [Listener at 0.0.0.0/39293] INFO  ipc.CallQueueManager (CallQueueManager.java:<init>(90)) - Using callQueue: class java.util.concurrent.LinkedBlockingQueue, queueCapacity: 2000, scheduler: class org.apache.hadoop.ipc.DefaultRpcScheduler, ipcBackoff: false.
2021-07-14 22:47:35,602 [Socket Reader #1 for port 0] INFO  ipc.Server (Server.java:run(1265)) - Starting Socket Reader #1 for port 0
2021-07-14 22:47:35,627 [Listener at 0.0.0.0/34471] INFO  server.StorageContainerManager (StorageContainerManager.java:<init>(378)) - 
Container Balancer status:
Key                            Value
Running                        true
Container Balancer Configuration values:
Key                            Value
Threshold                      0.1
Max Datanodes to Balance       5
Max Size to Move               10737418240B

2021-07-14 22:47:35,628 [Listener at 0.0.0.0/34471] WARN  events.EventQueue (EventQueue.java:fireEvent(194)) - No event handler registered for event TypedEvent{payloadType=SafeModeStatus, name='Safe mode status'}
2021-07-14 22:47:35,628 [Listener at 0.0.0.0/34471] INFO  ha.SCMContext (SCMContext.java:updateSafeModeStatus(205)) - Update SafeModeStatus from SafeModeStatus{safeModeStatus=true, preCheckPassed=false} to SafeModeStatus{safeModeStatus=true, preCheckPassed=false}.
2021-07-14 22:47:35,628 [Listener at 0.0.0.0/34471] INFO  server.StorageContainerManager (StorageContainerManager.java:start(1242)) - StorageContainerLocationProtocol RPC server is listening at /0.0.0.0:34471
2021-07-14 22:47:35,629 [Listener at 0.0.0.0/34471] WARN  impl.MetricsConfig (MetricsConfig.java:loadFirst(136)) - Cannot locate configuration: tried hadoop-metrics2-storagecontainermanager.properties,hadoop-metrics2.properties
2021-07-14 22:47:35,630 [Listener at 0.0.0.0/34471] INFO  impl.MetricsSystemImpl (MetricsSystemImpl.java:startTimer(378)) - Scheduled Metric snapshot period at 10 second(s).
2021-07-14 22:47:35,630 [Listener at 0.0.0.0/34471] INFO  impl.MetricsSystemImpl (MetricsSystemImpl.java:start(191)) - StorageContainerManager metrics system started
2021-07-14 22:47:35,639 [Listener at 0.0.0.0/34471] INFO  impl.MetricsSinkAdapter (MetricsSinkAdapter.java:start(204)) - Sink prometheus started
2021-07-14 22:47:35,639 [Listener at 0.0.0.0/34471] INFO  impl.MetricsSystemImpl (MetricsSystemImpl.java:registerSink(305)) - Registered sink prometheus
2021-07-14 22:47:35,659 [Listener at 0.0.0.0/34471] INFO  server.SCMClientProtocolServer (SCMClientProtocolServer.java:start(165)) - RPC server for Client  is listening at /0.0.0.0:34471
2021-07-14 22:47:35,663 [IPC Server Responder] INFO  ipc.Server (Server.java:run(1507)) - IPC Server Responder: starting
2021-07-14 22:47:35,667 [IPC Server listener on 0] INFO  ipc.Server (Server.java:run(1344)) - IPC Server listener on 0: starting
2021-07-14 22:47:35,677 [Listener at 0.0.0.0/34471] INFO  server.StorageContainerManager (StorageContainerManager.java:start(1257)) - ScmBlockLocationProtocol RPC server is listening at /0.0.0.0:39293
2021-07-14 22:47:35,677 [Listener at 0.0.0.0/34471] INFO  server.SCMBlockProtocolServer (SCMBlockProtocolServer.java:start(151)) - RPC server for Block Protocol is listening at /0.0.0.0:39293
2021-07-14 22:47:35,679 [IPC Server Responder] INFO  ipc.Server (Server.java:run(1507)) - IPC Server Responder: starting
2021-07-14 22:47:35,679 [IPC Server listener on 0] INFO  ipc.Server (Server.java:run(1344)) - IPC Server listener on 0: starting
2021-07-14 22:47:35,685 [Listener at 0.0.0.0/34471] INFO  server.StorageContainerManager (StorageContainerManager.java:start(1263)) - ScmDatanodeProtocl RPC server is listening at /0.0.0.0:34745
2021-07-14 22:47:35,685 [Listener at 0.0.0.0/34471] INFO  server.SCMDatanodeProtocolServer (SCMDatanodeProtocolServer.java:start(181)) - RPC server for DataNodes is listening at /0.0.0.0:34745
2021-07-14 22:47:35,685 [IPC Server Responder] INFO  ipc.Server (Server.java:run(1507)) - IPC Server Responder: starting
2021-07-14 22:47:35,687 [IPC Server listener on 0] INFO  ipc.Server (Server.java:run(1344)) - IPC Server listener on 0: starting
2021-07-14 22:47:35,694 [org.apache.hadoop.util.JvmPauseMonitor$Monitor@4ac32585] INFO  util.JvmPauseMonitor (JvmPauseMonitor.java:run(188)) - Starting JVM pause monitor
2021-07-14 22:47:35,695 [Listener at 0.0.0.0/34471] INFO  http.BaseHttpServer (BaseHttpServer.java:newHttpServer2BuilderForOzone(209)) - Starting Web-server for scm at: http://0.0.0.0:0
2021-07-14 22:47:35,695 [Listener at 0.0.0.0/34471] INFO  http.BaseHttpServer (BaseHttpServer.java:<init>(107)) - Hadoop Security Enabled: false Ozone Security Enabled: false Ozone HTTP Security Enabled: false 
2021-07-14 22:47:35,696 [Listener at 0.0.0.0/34471] INFO  server.AuthenticationFilter (AuthenticationFilter.java:constructSecretProvider(240)) - Unable to initialize FileSignerSecretProvider, falling back to use random secrets.
2021-07-14 22:47:35,697 [Listener at 0.0.0.0/34471] WARN  http.HttpRequestLog (HttpRequestLog.java:getRequestLog(103)) - Jetty request log can only be enabled using Log4j
2021-07-14 22:47:35,700 [Listener at 0.0.0.0/34471] INFO  http.HttpServer2 (HttpServer2.java:addGlobalFilter(1020)) - Added global filter 'safety' (class=org.apache.hadoop.hdds.server.http.HttpServer2$QuotingInputFilter)
2021-07-14 22:47:35,701 [Listener at 0.0.0.0/34471] INFO  http.HttpServer2 (HttpServer2.java:addFilter(996)) - Added filter static_user_filter (class=org.apache.hadoop.http.lib.StaticUserWebFilter$StaticUserFilter) to context scm
2021-07-14 22:47:35,701 [Listener at 0.0.0.0/34471] INFO  http.HttpServer2 (HttpServer2.java:addFilter(1004)) - Added filter static_user_filter (class=org.apache.hadoop.http.lib.StaticUserWebFilter$StaticUserFilter) to context logs
2021-07-14 22:47:35,701 [Listener at 0.0.0.0/34471] INFO  http.HttpServer2 (HttpServer2.java:addFilter(1004)) - Added filter static_user_filter (class=org.apache.hadoop.http.lib.StaticUserWebFilter$StaticUserFilter) to context static
2021-07-14 22:47:35,702 [Listener at 0.0.0.0/34471] INFO  http.HttpServer2 (HttpServer2.java:bindListener(1238)) - Jetty bound to port 36449
2021-07-14 22:47:35,702 [Listener at 0.0.0.0/34471] INFO  server.Server (Server.java:doStart(375)) - jetty-9.4.35.v20201120; built: 2020-11-20T21:17:03.964Z; git: bdc54f03a5e0a7e280fab27f55c3c75ee8da89fb; jvm 1.8.0_292-b10
2021-07-14 22:47:35,704 [Listener at 0.0.0.0/34471] INFO  server.session (DefaultSessionIdManager.java:doStart(334)) - DefaultSessionIdManager workerName=node0
2021-07-14 22:47:35,704 [Listener at 0.0.0.0/34471] INFO  server.session (DefaultSessionIdManager.java:doStart(339)) - No SessionScavenger set, using defaults
2021-07-14 22:47:35,704 [Listener at 0.0.0.0/34471] INFO  server.session (HouseKeeper.java:startScavenging(132)) - node0 Scavenging every 660000ms
2021-07-14 22:47:35,705 [Listener at 0.0.0.0/34471] INFO  handler.ContextHandler (ContextHandler.java:doStart(916)) - Started o.e.j.s.ServletContextHandler@53464666{logs,/logs,file:///home/runner/work/ozone/ozone/mnt/ozone/hadoop-ozone/integration-test/target/log,AVAILABLE}
2021-07-14 22:47:35,705 [Listener at 0.0.0.0/34471] INFO  handler.ContextHandler (ContextHandler.java:doStart(916)) - Started o.e.j.s.ServletContextHandler@293c456b{static,/static,file:///home/runner/work/ozone/ozone/mnt/ozone/hadoop-ozone/integration-test/target/test-classes/webapps/static,AVAILABLE}
2021-07-14 22:47:35,708 [Listener at 0.0.0.0/34471] INFO  handler.ContextHandler (ContextHandler.java:doStart(916)) - Started o.e.j.w.WebAppContext@5054b0a{scm,/,file:///home/runner/work/ozone/ozone/mnt/ozone/hadoop-ozone/integration-test/target/test-classes/webapps/scm/,AVAILABLE}{file:/home/runner/work/ozone/ozone/mnt/ozone/hadoop-ozone/integration-test/target/test-classes/webapps/scm}
2021-07-14 22:47:35,709 [Listener at 0.0.0.0/34471] INFO  server.AbstractConnector (AbstractConnector.java:doStart(331)) - Started ServerConnector@65cabab5{HTTP/1.1, (http/1.1)}{0.0.0.0:36449}
2021-07-14 22:47:35,709 [Listener at 0.0.0.0/34471] INFO  server.Server (Server.java:doStart(415)) - Started @54166ms
2021-07-14 22:47:35,709 [Listener at 0.0.0.0/34471] WARN  impl.MetricsSystemImpl (MetricsSystemImpl.java:register(279)) - Sink prometheus already exists!
2021-07-14 22:47:35,710 [Listener at 0.0.0.0/34471] INFO  http.BaseHttpServer (BaseHttpServer.java:updateConnectorAddress(329)) - HTTP server of scm listening at http://0.0.0.0:36449
2021-07-14 22:47:35,710 [Listener at 0.0.0.0/34471] WARN  server.ServerUtils (ServerUtils.java:getDBPath(225)) - ozone.om.db.dirs is not configured. We recommend adding this setting. Falling back to ozone.metadata.dirs instead.
2021-07-14 22:47:35,712 [Listener at 0.0.0.0/34471] INFO  ha.OMHANodeDetails (OMHANodeDetails.java:loadOMHAConfig(105)) - ozone.om.internal.service.id is not defined, falling back to ozone.om.service.ids to find serviceID for OzoneManager if it is HA enabled cluster
2021-07-14 22:47:35,712 [Listener at 0.0.0.0/34471] INFO  ha.OMHANodeDetails (OMHANodeDetails.java:loadOMHAConfig(212)) - Configuration does not have ozone.om.address set. Falling back to the default OM address /127.0.0.1:0
2021-07-14 22:47:35,712 [Listener at 0.0.0.0/34471] INFO  ha.OMHANodeDetails (OMHANodeDetails.java:getOMNodeDetails(240)) - OM Service ID is not set. Setting it to the default ID: omServiceIdDefault
2021-07-14 22:47:35,713 [Listener at 0.0.0.0/34471] INFO  ha.OMHANodeDetails (OMHANodeDetails.java:getOMNodeDetails(247)) - OM Node ID is not set. Setting it to the default ID: om1
2021-07-14 22:47:35,713 [Listener at 0.0.0.0/34471] WARN  server.ServerUtils (ServerUtils.java:getDBPath(225)) - ozone.om.db.dirs is not configured. We recommend adding this setting. Falling back to ozone.metadata.dirs instead.
2021-07-14 22:47:35,713 [Listener at 0.0.0.0/34471] INFO  upgrade.AbstractLayoutVersionManager (AbstractLayoutVersionManager.java:init(70)) - Initializing Layout version manager with metadata layout = INITIAL_VERSION (version = 0), software layout = INITIAL_VERSION (version = 0)
2021-07-14 22:47:35,757 [Listener at 0.0.0.0/34471] INFO  reflections.Reflections (Reflections.java:scan(232)) - Reflections took 42 ms to scan 2 urls, producing 130 keys and 340 values [using 2 cores]
2021-07-14 22:47:35,757 [Listener at 0.0.0.0/34471] INFO  upgrade.OMLayoutVersionManager (OMLayoutVersionManager.java:lambda$0(116)) - Skipping Upgrade Action MockOmUpgradeAction since it has been finalized.
2021-07-14 22:47:35,757 [Listener at 0.0.0.0/34471] WARN  server.ServerUtils (ServerUtils.java:getDBPath(225)) - ozone.om.db.dirs is not configured. We recommend adding this setting. Falling back to ozone.metadata.dirs instead.
2021-07-14 22:47:35,767 [Listener at 0.0.0.0/34471] WARN  server.ServerUtils (ServerUtils.java:getDBPath(225)) - ozone.om.db.dirs is not configured. We recommend adding this setting. Falling back to ozone.metadata.dirs instead.
2021-07-14 22:47:35,767 [Listener at 0.0.0.0/34471] INFO  codec.OmKeyInfoCodec (OmKeyInfoCodec.java:<init>(51)) - OmKeyInfoCodec ignorePipeline = true
2021-07-14 22:47:35,768 [Listener at 0.0.0.0/34471] INFO  codec.RepeatedOmKeyInfoCodec (RepeatedOmKeyInfoCodec.java:<init>(42)) - RepeatedOmKeyInfoCodec ignorePipeline = true
2021-07-14 22:47:35,892 [Listener at 0.0.0.0/34471] INFO  om.OzoneManager (OzoneManager.java:addS3GVolumeToDB(3899)) - Created Volume s3v With Owner runner required for S3Gateway operations.
2021-07-14 22:47:35,893 [Listener at 0.0.0.0/34471] WARN  server.ServerUtils (ServerUtils.java:getDefaultRatisDirectory(237)) - Storage directory for Ratis is not configured. It is a good idea to map this to an SSD disk. Falling back to ozone.metadata.dirs
2021-07-14 22:47:35,893 [Listener at 0.0.0.0/34471] WARN  ratis.OzoneManagerRatisServer (OzoneManagerRatisServer.java:getOMRatisSnapshotDirectory(654)) - ozone.om.ratis.snapshot.dir is not configured. Falling back to ozone.metadata.dirs config
2021-07-14 22:47:35,894 [Listener at 0.0.0.0/34471] WARN  server.ServerUtils (ServerUtils.java:getDefaultRatisDirectory(237)) - Storage directory for Ratis is not configured. It is a good idea to map this to an SSD disk. Falling back to ozone.metadata.dirs
2021-07-14 22:47:35,895 [Listener at 0.0.0.0/34471] INFO  ratis.OzoneManagerRatisServer (OzoneManagerRatisServer.java:<init>(308)) - Instantiating OM Ratis server with GroupID: omServiceIdDefault and Raft Peers: localhost:9872
2021-07-14 22:47:35,895 [Listener at 0.0.0.0/34471] INFO  ratis.OzoneManagerStateMachine (OzoneManagerStateMachine.java:loadSnapshotInfoFromDB(575)) - LastAppliedIndex is set from TransactionInfo from OM DB as (t:0, i:~)
2021-07-14 22:47:35,896 [Listener at 0.0.0.0/34471] INFO  server.RaftServer (ConfUtils.java:logGet(44)) - raft.rpc.type = GRPC (default)
2021-07-14 22:47:35,896 [Listener at 0.0.0.0/34471] INFO  grpc.GrpcFactory (GrpcFactory.java:checkPooledByteBufAllocatorUseCacheForAllThreads(48)) - PERFORMANCE WARNING: useCacheForAllThreads is true that may cause Netty to create a lot garbage objects and, as a result, trigger GC.
	It is recommended to disable useCacheForAllThreads by setting -Dorg.apache.ratis.thirdparty.io.netty.allocator.useCacheForAllThreads=false in command line.
2021-07-14 22:47:35,897 [Listener at 0.0.0.0/34471] INFO  grpc.GrpcConfigKeys (ConfUtils.java:logGet(44)) - raft.grpc.admin.port = -1 (default)
2021-07-14 22:47:35,897 [Listener at 0.0.0.0/34471] INFO  grpc.GrpcConfigKeys (ConfUtils.java:logGet(44)) - raft.grpc.server.port = 9872 (custom)
2021-07-14 22:47:35,897 [Listener at 0.0.0.0/34471] INFO  grpc.GrpcConfigKeys (ConfUtils.java:logGet(44)) - raft.grpc.client.port = -1 (default)
2021-07-14 22:47:35,897 [Listener at 0.0.0.0/34471] INFO  grpc.GrpcConfigKeys (ConfUtils.java:logGet(44)) - raft.grpc.server.port = 9872 (custom)
2021-07-14 22:47:35,897 [Listener at 0.0.0.0/34471] INFO  grpc.GrpcConfigKeys (ConfUtils.java:logGet(44)) - raft.grpc.server.port = 9872 (custom)
2021-07-14 22:47:35,897 [Listener at 0.0.0.0/34471] INFO  server.GrpcService (ConfUtils.java:logGet(44)) - raft.grpc.message.size.max = 33554432 (custom)
2021-07-14 22:47:35,897 [Listener at 0.0.0.0/34471] INFO  server.RaftServerConfigKeys (ConfUtils.java:logGet(44)) - raft.server.log.appender.buffer.byte-limit = 33554432 (custom)
2021-07-14 22:47:35,898 [Listener at 0.0.0.0/34471] INFO  server.GrpcService (ConfUtils.java:logGet(44)) - raft.grpc.flow.control.window = 1MB (=1048576) (default)
2021-07-14 22:47:35,898 [Listener at 0.0.0.0/34471] INFO  server.RaftServerConfigKeys (ConfUtils.java:logGet(44)) - raft.server.rpc.request.timeout = 3000ms (default)
2021-07-14 22:47:35,899 [Listener at 0.0.0.0/34471] INFO  impl.DataStreamServerImpl (ConfUtils.java:logGet(44)) - raft.datastream.type = DISABLED (default)
2021-07-14 22:47:35,900 [Listener at 0.0.0.0/34471] INFO  server.RaftServerConfigKeys (ConfUtils.java:logGet(44)) - raft.server.rpc.slowness.timeout = 120s (custom)
2021-07-14 22:47:35,900 [Listener at 0.0.0.0/34471] INFO  server.RaftServerConfigKeys (ConfUtils.java:logGet(44)) - raft.server.leaderelection.leader.step-down.wait-time = 10s (default)
2021-07-14 22:47:35,900 [Listener at 0.0.0.0/34471] INFO  server.RaftServerConfigKeys (ConfUtils.java:logGet(44)) - raft.server.storage.dir = [/home/runner/work/ozone/ozone/mnt/ozone/hadoop-ozone/integration-test/target/test-dir/MiniOzoneClusterImpl-24e24ab0-2885-46cc-b3c8-2159e7c871dc/ozone-meta/ratis] (custom)
2021-07-14 22:47:35,901 [Listener at 0.0.0.0/34471] INFO  server.RaftServer (RaftServerProxy.java:addNew(95)) - om1: addNew group-C5BA1605619E:[om1|rpc:localhost:9872|priority:0] returns group-C5BA1605619E:java.util.concurrent.CompletableFuture@1c8baa81[Not completed]
2021-07-14 22:47:35,901 [pool-202-thread-1] INFO  server.RaftServer$Division (RaftServerImpl.java:<init>(180)) - om1: new RaftServerImpl for group-C5BA1605619E:[om1|rpc:localhost:9872|priority:0] with OzoneManagerStateMachine:uninitialized
2021-07-14 22:47:35,901 [Listener at 0.0.0.0/34471] INFO  om.OzoneManager (OzoneManager.java:initializeRatisServer(1364)) - OzoneManager Ratis server initialized at port 9872
2021-07-14 22:47:35,901 [pool-202-thread-1] INFO  server.RaftServerConfigKeys (ConfUtils.java:logGet(44)) - raft.server.rpc.timeout.min = 1s (custom)
2021-07-14 22:47:35,901 [pool-202-thread-1] INFO  server.RaftServerConfigKeys (ConfUtils.java:logGet(44)) - raft.server.rpc.timeout.max = 1200ms (custom)
2021-07-14 22:47:35,902 [pool-202-thread-1] INFO  server.RaftServerConfigKeys (ConfUtils.java:logGet(44)) - raft.server.rpc.sleep.time = 25ms (default)
2021-07-14 22:47:35,902 [pool-202-thread-1] INFO  server.RaftServerConfigKeys (ConfUtils.java:logGet(44)) - raft.server.rpc.slowness.timeout = 120s (custom)
2021-07-14 22:47:35,902 [pool-202-thread-1] INFO  server.RaftServerConfigKeys (ConfUtils.java:logGet(44)) - raft.server.leaderelection.leader.step-down.wait-time = 10s (default)
2021-07-14 22:47:35,907 [pool-202-thread-1] INFO  server.RaftServerConfigKeys (ConfUtils.java:logGet(44)) - raft.server.sleep.deviation.threshold = 300ms (default)
2021-07-14 22:47:35,907 [pool-202-thread-1] INFO  server.RaftServerConfigKeys (ConfUtils.java:logGet(44)) - raft.server.log.appender.install.snapshot.enabled = false (custom)
2021-07-14 22:47:35,907 [pool-202-thread-1] INFO  server.RaftServer$Division (ServerState.java:<init>(105)) - om1@group-C5BA1605619E: ConfigurationManager, init=-1: [om1|rpc:localhost:9872|priority:0], old=null, confs=<EMPTY_MAP>
2021-07-14 22:47:35,908 [pool-202-thread-1] INFO  server.RaftServerConfigKeys (ConfUtils.java:logGet(44)) - raft.server.storage.dir = [/home/runner/work/ozone/ozone/mnt/ozone/hadoop-ozone/integration-test/target/test-dir/MiniOzoneClusterImpl-24e24ab0-2885-46cc-b3c8-2159e7c871dc/ozone-meta/ratis] (custom)
2021-07-14 22:47:35,908 [pool-202-thread-1] INFO  server.RaftServerConfigKeys (ConfUtils.java:logGet(44)) - raft.server.log.corruption.policy = EXCEPTION (default)
2021-07-14 22:47:35,908 [pool-202-thread-1] INFO  storage.RaftStorageDirectory (RaftStorageDirectoryImpl.java:analyzeStorage(132)) - The storage directory /home/runner/work/ozone/ozone/mnt/ozone/hadoop-ozone/integration-test/target/test-dir/MiniOzoneClusterImpl-24e24ab0-2885-46cc-b3c8-2159e7c871dc/ozone-meta/ratis/bf265839-605b-3f16-9796-c5ba1605619e does not exist. Creating ...
2021-07-14 22:47:35,902 [Listener at 0.0.0.0/34471] INFO  ipc.CallQueueManager (CallQueueManager.java:<init>(90)) - Using callQueue: class java.util.concurrent.LinkedBlockingQueue, queueCapacity: 2000, scheduler: class org.apache.hadoop.ipc.DefaultRpcScheduler, ipcBackoff: false.
2021-07-14 22:47:35,909 [Socket Reader #1 for port 0] INFO  ipc.Server (Server.java:run(1265)) - Starting Socket Reader #1 for port 0
2021-07-14 22:47:35,915 [pool-202-thread-1] INFO  storage.RaftStorageDirectory (RaftStorageDirectoryImpl.java:tryLock(215)) - Lock on /home/runner/work/ozone/ozone/mnt/ozone/hadoop-ozone/integration-test/target/test-dir/MiniOzoneClusterImpl-24e24ab0-2885-46cc-b3c8-2159e7c871dc/ozone-meta/ratis/bf265839-605b-3f16-9796-c5ba1605619e/in_use.lock acquired by nodename 23783@fv-az122-479
2021-07-14 22:47:35,916 [pool-202-thread-1] INFO  storage.RaftStorage (RaftStorageImpl.java:format(87)) - Storage directory /home/runner/work/ozone/ozone/mnt/ozone/hadoop-ozone/integration-test/target/test-dir/MiniOzoneClusterImpl-24e24ab0-2885-46cc-b3c8-2159e7c871dc/ozone-meta/ratis/bf265839-605b-3f16-9796-c5ba1605619e has been successfully formatted.
2021-07-14 22:47:35,917 [pool-202-thread-1] INFO  server.RaftServerConfigKeys (ConfUtils.java:logGet(44)) - raft.server.notification.no-leader.timeout = 120s (custom)
2021-07-14 22:47:35,917 [pool-202-thread-1] INFO  server.RaftServerConfigKeys (ConfUtils.java:logGet(44)) - raft.server.log.use.memory = false (default)
2021-07-14 22:47:35,917 [pool-202-thread-1] INFO  server.RaftServerConfigKeys (ConfUtils.java:logGet(44)) - raft.server.log.purge.gap = 1000000 (custom)
2021-07-14 22:47:35,917 [pool-202-thread-1] INFO  server.RaftServerConfigKeys (ConfUtils.java:logGet(44)) - raft.server.log.appender.buffer.byte-limit = 33554432 (custom)
2021-07-14 22:47:35,917 [pool-202-thread-1] INFO  metrics.RatisMetrics (RatisMetrics.java:lambda$create$0(36)) - Creating Metrics Registry : ratis.log_worker.om1@group-C5BA1605619E
2021-07-14 22:47:35,917 [pool-202-thread-1] INFO  server.RaftServerConfigKeys (ConfUtils.java:logGet(44)) - raft.server.log.segment.size.max = 4194304 (custom)
2021-07-14 22:47:35,918 [pool-202-thread-1] INFO  server.RaftServerConfigKeys (ConfUtils.java:logGet(44)) - raft.server.log.segment.cache.num.max = 2 (custom)
2021-07-14 22:47:35,918 [pool-202-thread-1] INFO  server.RaftServerConfigKeys (ConfUtils.java:logGet(44)) - raft.server.log.segment.cache.size.max = 200MB (=209715200) (default)
2021-07-14 22:47:35,918 [pool-202-thread-1] INFO  segmented.SegmentedRaftLogWorker (SegmentedRaftLogWorker.java:<init>(182)) - new om1@group-C5BA1605619E-SegmentedRaftLogWorker for RaftStorageImpl:Storage Directory /home/runner/work/ozone/ozone/mnt/ozone/hadoop-ozone/integration-test/target/test-dir/MiniOzoneClusterImpl-24e24ab0-2885-46cc-b3c8-2159e7c871dc/ozone-meta/ratis/bf265839-605b-3f16-9796-c5ba1605619e
2021-07-14 22:47:35,918 [pool-202-thread-1] INFO  server.RaftServerConfigKeys (ConfUtils.java:logGet(44)) - raft.server.log.queue.byte-limit = 64MB (=67108864) (default)
2021-07-14 22:47:35,918 [pool-202-thread-1] INFO  server.RaftServerConfigKeys (ConfUtils.java:logGet(44)) - raft.server.log.queue.element-limit = 4096 (default)
2021-07-14 22:47:35,918 [pool-202-thread-1] INFO  server.RaftServerConfigKeys (ConfUtils.java:logGet(44)) - raft.server.log.segment.size.max = 4194304 (custom)
2021-07-14 22:47:35,918 [pool-202-thread-1] INFO  server.RaftServerConfigKeys (ConfUtils.java:logGet(44)) - raft.server.log.preallocated.size = 4194304 (custom)
2021-07-14 22:47:35,918 [pool-202-thread-1] INFO  server.RaftServerConfigKeys (ConfUtils.java:logGet(44)) - raft.server.log.force.sync.num = 128 (default)
2021-07-14 22:47:35,918 [pool-202-thread-1] INFO  server.RaftServerConfigKeys (ConfUtils.java:logGet(44)) - raft.server.log.statemachine.data.sync = true (default)
2021-07-14 22:47:35,918 [pool-202-thread-1] INFO  server.RaftServerConfigKeys (ConfUtils.java:logGet(44)) - raft.server.log.statemachine.data.sync.timeout = 10s (default)
2021-07-14 22:47:35,918 [pool-202-thread-1] INFO  server.RaftServerConfigKeys (ConfUtils.java:logGet(44)) - raft.server.log.statemachine.data.sync.timeout.retry = -1 (default)
2021-07-14 22:47:35,919 [pool-202-thread-1] INFO  server.RaftServerConfigKeys (ConfUtils.java:logGet(44)) - raft.server.log.write.buffer.size = 64KB (=65536) (default)
2021-07-14 22:47:35,919 [pool-202-thread-1] INFO  server.RaftServerConfigKeys (ConfUtils.java:logGet(44)) - raft.server.log.statemachine.data.caching.enabled = false (default)
2021-07-14 22:47:35,919 [pool-202-thread-1] INFO  segmented.SegmentedRaftLogWorker (SegmentedRaftLogWorker.java:lambda$new$0(133)) - om1@group-C5BA1605619E-SegmentedRaftLogWorker: flushIndex: setUnconditionally 0 -> -1
2021-07-14 22:47:35,919 [pool-202-thread-1] INFO  segmented.SegmentedRaftLogWorker (SegmentedRaftLogWorker.java:lambda$new$0(133)) - om1@group-C5BA1605619E-SegmentedRaftLogWorker: safeCacheEvictIndex: setUnconditionally 0 -> -1
2021-07-14 22:47:35,919 [pool-202-thread-1] INFO  server.RaftServerConfigKeys (ConfUtils.java:logGet(44)) - raft.server.snapshot.auto.trigger.enabled = true (custom)
2021-07-14 22:47:35,920 [pool-202-thread-1] INFO  server.RaftServerConfigKeys (ConfUtils.java:logGet(44)) - raft.server.snapshot.auto.trigger.threshold = 400000 (default)
2021-07-14 22:47:35,920 [pool-202-thread-1] INFO  server.RaftServerConfigKeys (ConfUtils.java:logGet(44)) - raft.server.snapshot.retention.file.num = -1 (default)
2021-07-14 22:47:35,920 [pool-202-thread-1] INFO  server.RaftServerConfigKeys (ConfUtils.java:logGet(44)) - raft.server.log.purge.upto.snapshot.index = true (custom)
2021-07-14 22:47:35,920 [pool-202-thread-1] INFO  server.RaftServerConfigKeys (ConfUtils.java:logGet(44)) - raft.server.retrycache.expirytime = 300s (custom)
2021-07-14 22:47:35,920 [pool-202-thread-1] INFO  server.RaftServerConfigKeys (ConfUtils.java:logGet(44)) - raft.server.retrycache.statistics.expirytime = 100μs (default)
2021-07-14 22:47:35,920 [pool-202-thread-1] INFO  metrics.RatisMetrics (RatisMetrics.java:lambda$create$0(36)) - Creating Metrics Registry : ratis.leader_election.om1@group-C5BA1605619E
2021-07-14 22:47:35,921 [pool-202-thread-1] INFO  metrics.RatisMetrics (RatisMetrics.java:lambda$create$0(36)) - Creating Metrics Registry : ratis.server.om1@group-C5BA1605619E
2021-07-14 22:47:35,930 [Listener at 127.0.0.1/45761] INFO  om.OzoneManager (OzoneManager.java:initFSOLayout(4105)) - Configured ozone.om.metadata.layout=SIMPLE and disabled optimized OM FS operations
2021-07-14 22:47:35,930 [Listener at 127.0.0.1/45761] INFO  impl.MetricsSystemImpl (MetricsSystemImpl.java:init(158)) - OzoneManager metrics system started (again)
2021-07-14 22:47:35,943 [Listener at 127.0.0.1/45761] INFO  om.OzoneManager (OzoneManager.java:start(1155)) - OzoneManager RPC server is listening at localhost/127.0.0.1:45761
2021-07-14 22:47:35,944 [Listener at 127.0.0.1/45761] INFO  ratis.OzoneManagerRatisServer (OzoneManagerRatisServer.java:start(408)) - Starting OzoneManagerRatisServer om1 at port 9872
2021-07-14 22:47:35,944 [Listener at 127.0.0.1/45761] INFO  server.RaftServer$Division (RaftServerImpl.java:start(295)) - om1@group-C5BA1605619E: start as a follower, conf=-1: [om1|rpc:localhost:9872|priority:0], old=null
2021-07-14 22:47:35,944 [Listener at 127.0.0.1/45761] INFO  server.RaftServer$Division (RaftServerImpl.java:setRole(284)) - om1@group-C5BA1605619E: changes role from      null to FOLLOWER at term 0 for startAsFollower
2021-07-14 22:47:35,944 [Listener at 127.0.0.1/45761] INFO  impl.RoleInfo (RoleInfo.java:updateAndGet(130)) - om1: start om1@group-C5BA1605619E-FollowerState
2021-07-14 22:47:35,944 [Listener at 127.0.0.1/45761] INFO  util.JmxRegister (JmxRegister.java:tryRegister(44)) - Successfully registered JMX Bean with object name Ratis:service=RaftServer,group=group-C5BA1605619E,id=om1
2021-07-14 22:47:35,944 [Listener at 127.0.0.1/45761] INFO  metrics.RatisMetrics (RatisMetrics.java:lambda$create$0(36)) - Creating Metrics Registry : ratis.state_machine.om1@group-C5BA1605619E
2021-07-14 22:47:35,946 [Listener at 127.0.0.1/45761] INFO  server.RaftServer (RaftServerProxy.java:lambda$start$5(374)) - om1: start RPC server
2021-07-14 22:47:35,947 [Listener at 127.0.0.1/45761] INFO  server.GrpcService (GrpcService.java:startImpl(253)) - om1: GrpcService started, listening on 9872
2021-07-14 22:47:35,947 [Listener at 127.0.0.1/45761] INFO  om.OzoneManager (OzoneManager.java:start(1173)) - Version File has different layout version (0) than OM DB (null). That is expected if this OM has never been finalized to a newer layout version.
2021-07-14 22:47:35,947 [org.apache.ratis.util.JvmPauseMonitor$$Lambda$525/853367010@1e843015] INFO  util.JvmPauseMonitor (JvmPauseMonitor.java:run(103)) - JvmPauseMonitor-om1: Started
2021-07-14 22:47:35,949 [Listener at 127.0.0.1/45761] INFO  http.BaseHttpServer (BaseHttpServer.java:newHttpServer2BuilderForOzone(209)) - Starting Web-server for ozoneManager at: http://0.0.0.0:0
2021-07-14 22:47:35,949 [Listener at 127.0.0.1/45761] INFO  http.BaseHttpServer (BaseHttpServer.java:<init>(107)) - Hadoop Security Enabled: false Ozone Security Enabled: false Ozone HTTP Security Enabled: false 
2021-07-14 22:47:35,950 [Listener at 127.0.0.1/45761] INFO  server.AuthenticationFilter (AuthenticationFilter.java:constructSecretProvider(240)) - Unable to initialize FileSignerSecretProvider, falling back to use random secrets.
2021-07-14 22:47:35,951 [Listener at 127.0.0.1/45761] WARN  http.HttpRequestLog (HttpRequestLog.java:getRequestLog(103)) - Jetty request log can only be enabled using Log4j
2021-07-14 22:47:35,952 [Listener at 127.0.0.1/45761] INFO  http.HttpServer2 (HttpServer2.java:addGlobalFilter(1020)) - Added global filter 'safety' (class=org.apache.hadoop.hdds.server.http.HttpServer2$QuotingInputFilter)
2021-07-14 22:47:35,952 [Listener at 127.0.0.1/45761] INFO  http.HttpServer2 (HttpServer2.java:addFilter(996)) - Added filter static_user_filter (class=org.apache.hadoop.http.lib.StaticUserWebFilter$StaticUserFilter) to context ozoneManager
2021-07-14 22:47:35,953 [Listener at 127.0.0.1/45761] INFO  http.HttpServer2 (HttpServer2.java:addFilter(1004)) - Added filter static_user_filter (class=org.apache.hadoop.http.lib.StaticUserWebFilter$StaticUserFilter) to context logs
2021-07-14 22:47:35,953 [Listener at 127.0.0.1/45761] INFO  http.HttpServer2 (HttpServer2.java:addFilter(1004)) - Added filter static_user_filter (class=org.apache.hadoop.http.lib.StaticUserWebFilter$StaticUserFilter) to context static
2021-07-14 22:47:35,953 [Listener at 127.0.0.1/45761] INFO  http.HttpServer2 (HttpServer2.java:bindListener(1238)) - Jetty bound to port 43315
2021-07-14 22:47:35,953 [Listener at 127.0.0.1/45761] INFO  server.Server (Server.java:doStart(375)) - jetty-9.4.35.v20201120; built: 2020-11-20T21:17:03.964Z; git: bdc54f03a5e0a7e280fab27f55c3c75ee8da89fb; jvm 1.8.0_292-b10
2021-07-14 22:47:35,963 [Listener at 127.0.0.1/45761] INFO  server.session (DefaultSessionIdManager.java:doStart(334)) - DefaultSessionIdManager workerName=node0
2021-07-14 22:47:35,964 [Listener at 127.0.0.1/45761] INFO  server.session (DefaultSessionIdManager.java:doStart(339)) - No SessionScavenger set, using defaults
2021-07-14 22:47:35,964 [Listener at 127.0.0.1/45761] INFO  server.session (HouseKeeper.java:startScavenging(132)) - node0 Scavenging every 660000ms
2021-07-14 22:47:35,964 [Listener at 127.0.0.1/45761] INFO  handler.ContextHandler (ContextHandler.java:doStart(916)) - Started o.e.j.s.ServletContextHandler@5d99633a{logs,/logs,file:///home/runner/work/ozone/ozone/mnt/ozone/hadoop-ozone/integration-test/target/log,AVAILABLE}
2021-07-14 22:47:35,965 [Listener at 127.0.0.1/45761] INFO  handler.ContextHandler (ContextHandler.java:doStart(916)) - Started o.e.j.s.ServletContextHandler@3e0de48b{static,/static,file:///home/runner/work/ozone/ozone/mnt/ozone/hadoop-ozone/integration-test/target/test-classes/webapps/static,AVAILABLE}
2021-07-14 22:47:35,968 [Listener at 127.0.0.1/45761] INFO  handler.ContextHandler (ContextHandler.java:doStart(916)) - Started o.e.j.w.WebAppContext@5b7fdaba{ozoneManager,/,file:///home/runner/work/ozone/ozone/mnt/ozone/hadoop-ozone/integration-test/target/test-classes/webapps/ozoneManager/,AVAILABLE}{file:/home/runner/work/ozone/ozone/mnt/ozone/hadoop-ozone/integration-test/target/test-classes/webapps/ozoneManager}
2021-07-14 22:47:35,973 [Listener at 127.0.0.1/45761] INFO  server.AbstractConnector (AbstractConnector.java:doStart(331)) - Started ServerConnector@4d9b2c74{HTTP/1.1, (http/1.1)}{0.0.0.0:43315}
2021-07-14 22:47:35,973 [Listener at 127.0.0.1/45761] INFO  server.Server (Server.java:doStart(415)) - Started @54430ms
2021-07-14 22:47:35,973 [Listener at 127.0.0.1/45761] WARN  impl.MetricsSystemImpl (MetricsSystemImpl.java:register(279)) - Sink prometheus already exists!
2021-07-14 22:47:35,974 [Listener at 127.0.0.1/45761] INFO  http.BaseHttpServer (BaseHttpServer.java:updateConnectorAddress(329)) - HTTP server of ozoneManager listening at http://0.0.0.0:43315
2021-07-14 22:47:35,975 [IPC Server Responder] INFO  ipc.Server (Server.java:run(1507)) - IPC Server Responder: starting
2021-07-14 22:47:35,976 [IPC Server listener on 0] INFO  ipc.Server (Server.java:run(1344)) - IPC Server listener on 0: starting
2021-07-14 22:47:35,992 [Listener at 127.0.0.1/45761] INFO  om.OzoneManager (OzoneManager.java:startTrashEmptier(1304)) - Trash Interval set to 0. Files deleted will not move to trash
2021-07-14 22:47:36,010 [org.apache.hadoop.util.JvmPauseMonitor$Monitor@51f1074b] INFO  util.JvmPauseMonitor (JvmPauseMonitor.java:run(188)) - Starting JVM pause monitor
2021-07-14 22:47:36,016 [Listener at 127.0.0.1/45761] INFO  impl.MetricsSystemImpl (MetricsSystemImpl.java:init(158)) - HddsDatanode metrics system started (again)
2021-07-14 22:47:36,036 [Listener at 127.0.0.1/45761] INFO  ozone.HddsDatanodeService (HddsDatanodeService.java:start(223)) - HddsDatanodeService host:fv-az122-479.zf1tlrj3kn4expqppa1j4mpycf.xx.internal.cloudapp.net ip:10.1.0.26
2021-07-14 22:47:36,064 [Listener at 127.0.0.1/45761] INFO  upgrade.AbstractLayoutVersionManager (AbstractLayoutVersionManager.java:init(70)) - Initializing Layout version manager with metadata layout = SCM_HA (version = 2), software layout = SCM_HA (version = 2)
2021-07-14 22:47:36,108 [Listener at 127.0.0.1/45761] INFO  reflections.Reflections (Reflections.java:scan(232)) - Reflections took 43 ms to scan 7 urls, producing 119 keys and 271 values 
2021-07-14 22:47:36,116 [Listener at 127.0.0.1/45761] INFO  volume.HddsVolume (HddsVolume.java:<init>(120)) - Creating HddsVolume: /home/runner/work/ozone/ozone/mnt/ozone/hadoop-ozone/integration-test/target/test-dir/MiniOzoneClusterImpl-24e24ab0-2885-46cc-b3c8-2159e7c871dc/datanode-0/data-0/containers/hdds of storage type : DISK capacity : 9223372036854775807
2021-07-14 22:47:36,119 [Listener at 127.0.0.1/45761] INFO  volume.MutableVolumeSet (MutableVolumeSet.java:initializeVolumeSet(181)) - Added Volume : /home/runner/work/ozone/ozone/mnt/ozone/hadoop-ozone/integration-test/target/test-dir/MiniOzoneClusterImpl-24e24ab0-2885-46cc-b3c8-2159e7c871dc/datanode-0/data-0/containers/hdds to VolumeSet
2021-07-14 22:47:36,120 [Listener at 127.0.0.1/45761] INFO  volume.ThrottledAsyncChecker (ThrottledAsyncChecker.java:schedule(141)) - Scheduling a check for /home/runner/work/ozone/ozone/mnt/ozone/hadoop-ozone/integration-test/target/test-dir/MiniOzoneClusterImpl-24e24ab0-2885-46cc-b3c8-2159e7c871dc/datanode-0/data-0/containers/hdds
2021-07-14 22:47:36,121 [Listener at 127.0.0.1/45761] INFO  volume.StorageVolumeChecker (StorageVolumeChecker.java:checkAllVolumes(203)) - Scheduled health check for volume /home/runner/work/ozone/ozone/mnt/ozone/hadoop-ozone/integration-test/target/test-dir/MiniOzoneClusterImpl-24e24ab0-2885-46cc-b3c8-2159e7c871dc/datanode-0/data-0/containers/hdds
2021-07-14 22:47:36,139 [Listener at 127.0.0.1/45761] INFO  volume.MutableVolumeSet (MutableVolumeSet.java:initializeVolumeSet(181)) - Added Volume : /home/runner/work/ozone/ozone/mnt/ozone/hadoop-ozone/integration-test/target/test-dir/MiniOzoneClusterImpl-24e24ab0-2885-46cc-b3c8-2159e7c871dc/datanode-0/data/ratis to VolumeSet
2021-07-14 22:47:36,139 [Listener at 127.0.0.1/45761] INFO  volume.ThrottledAsyncChecker (ThrottledAsyncChecker.java:schedule(141)) - Scheduling a check for /home/runner/work/ozone/ozone/mnt/ozone/hadoop-ozone/integration-test/target/test-dir/MiniOzoneClusterImpl-24e24ab0-2885-46cc-b3c8-2159e7c871dc/datanode-0/data/ratis
2021-07-14 22:47:36,139 [Listener at 127.0.0.1/45761] INFO  volume.StorageVolumeChecker (StorageVolumeChecker.java:checkAllVolumes(203)) - Scheduled health check for volume /home/runner/work/ozone/ozone/mnt/ozone/hadoop-ozone/integration-test/target/test-dir/MiniOzoneClusterImpl-24e24ab0-2885-46cc-b3c8-2159e7c871dc/datanode-0/data/ratis
2021-07-14 22:47:36,151 [Listener at 127.0.0.1/45761] INFO  ozoneimpl.ContainerReader (ContainerReader.java:<init>(98)) - Running in upgrade mode:true
2021-07-14 22:47:36,152 [Thread-510] INFO  ozoneimpl.ContainerReader (ContainerReader.java:readVolume(142)) - Start to verify containers on volume /home/runner/work/ozone/ozone/mnt/ozone/hadoop-ozone/integration-test/target/test-dir/MiniOzoneClusterImpl-24e24ab0-2885-46cc-b3c8-2159e7c871dc/datanode-0/data-0/containers/hdds
2021-07-14 22:47:36,152 [Thread-510] INFO  ozoneimpl.ContainerReader (ContainerReader.java:readVolume(174)) - Finish verifying containers on volume /home/runner/work/ozone/ozone/mnt/ozone/hadoop-ozone/integration-test/target/test-dir/MiniOzoneClusterImpl-24e24ab0-2885-46cc-b3c8-2159e7c871dc/datanode-0/data-0/containers/hdds
2021-07-14 22:47:36,152 [Listener at 127.0.0.1/45761] INFO  ozoneimpl.OzoneContainer (OzoneContainer.java:buildContainerSet(237)) - Build ContainerSet costs 0s
2021-07-14 22:47:36,155 [Listener at 127.0.0.1/45761] INFO  server.RaftServer (ConfUtils.java:logGet(44)) - raft.rpc.type = GRPC (default)
2021-07-14 22:47:36,156 [Listener at 127.0.0.1/45761] INFO  grpc.GrpcFactory (GrpcFactory.java:checkPooledByteBufAllocatorUseCacheForAllThreads(48)) - PERFORMANCE WARNING: useCacheForAllThreads is true that may cause Netty to create a lot garbage objects and, as a result, trigger GC.
	It is recommended to disable useCacheForAllThreads by setting -Dorg.apache.ratis.thirdparty.io.netty.allocator.useCacheForAllThreads=false in command line.
2021-07-14 22:47:36,156 [Listener at 127.0.0.1/45761] INFO  grpc.GrpcConfigKeys (ConfUtils.java:logGet(44)) - raft.grpc.admin.port = 0 (custom)
2021-07-14 22:47:36,156 [Listener at 127.0.0.1/45761] INFO  grpc.GrpcConfigKeys (ConfUtils.java:logGet(44)) - raft.grpc.client.port = 0 (custom)
2021-07-14 22:47:36,156 [Listener at 127.0.0.1/45761] INFO  grpc.GrpcConfigKeys (ConfUtils.java:logGet(44)) - raft.grpc.server.port = 0 (default)
2021-07-14 22:47:36,156 [Listener at 127.0.0.1/45761] INFO  server.GrpcService (ConfUtils.java:logGet(44)) - raft.grpc.message.size.max = 32MB (=33554432) (custom)
2021-07-14 22:47:36,157 [Listener at 127.0.0.1/45761] INFO  server.RaftServerConfigKeys (ConfUtils.java:logGet(44)) - raft.server.log.appender.buffer.byte-limit = 33554432 (custom)
2021-07-14 22:47:36,157 [Listener at 127.0.0.1/45761] INFO  server.GrpcService (ConfUtils.java:logGet(44)) - raft.grpc.flow.control.window = 5MB (=5242880) (custom)
2021-07-14 22:47:36,157 [Listener at 127.0.0.1/45761] INFO  server.RaftServerConfigKeys (ConfUtils.java:logGet(44)) - raft.server.rpc.request.timeout = 60s (custom)
2021-07-14 22:47:36,158 [Listener at 127.0.0.1/45761] INFO  impl.DataStreamServerImpl (ConfUtils.java:logGet(44)) - raft.datastream.type = DISABLED (default)
2021-07-14 22:47:36,158 [Listener at 127.0.0.1/45761] INFO  server.RaftServerConfigKeys (ConfUtils.java:logGet(44)) - raft.server.rpc.slowness.timeout = 300s (custom)
2021-07-14 22:47:36,158 [Listener at 127.0.0.1/45761] INFO  server.RaftServerConfigKeys (ConfUtils.java:logGet(44)) - raft.server.leaderelection.leader.step-down.wait-time = 10s (default)
2021-07-14 22:47:36,158 [Listener at 127.0.0.1/45761] INFO  server.RaftServerConfigKeys (ConfUtils.java:logGet(44)) - raft.server.storage.dir = [/home/runner/work/ozone/ozone/mnt/ozone/hadoop-ozone/integration-test/target/test-dir/MiniOzoneClusterImpl-24e24ab0-2885-46cc-b3c8-2159e7c871dc/datanode-0/data/ratis] (custom)
2021-07-14 22:47:36,162 [Listener at 127.0.0.1/45761] INFO  http.BaseHttpServer (BaseHttpServer.java:newHttpServer2BuilderForOzone(209)) - Starting Web-server for hddsDatanode at: http://0.0.0.0:0
2021-07-14 22:47:36,162 [Listener at 127.0.0.1/45761] INFO  http.BaseHttpServer (BaseHttpServer.java:<init>(107)) - Hadoop Security Enabled: false Ozone Security Enabled: false Ozone HTTP Security Enabled: false 
2021-07-14 22:47:36,164 [Listener at 127.0.0.1/45761] INFO  server.AuthenticationFilter (AuthenticationFilter.java:constructSecretProvider(240)) - Unable to initialize FileSignerSecretProvider, falling back to use random secrets.
2021-07-14 22:47:36,165 [Listener at 127.0.0.1/45761] WARN  http.HttpRequestLog (HttpRequestLog.java:getRequestLog(103)) - Jetty request log can only be enabled using Log4j
2021-07-14 22:47:36,165 [Listener at 127.0.0.1/45761] INFO  http.HttpServer2 (HttpServer2.java:addGlobalFilter(1020)) - Added global filter 'safety' (class=org.apache.hadoop.hdds.server.http.HttpServer2$QuotingInputFilter)
2021-07-14 22:47:36,166 [Listener at 127.0.0.1/45761] INFO  http.HttpServer2 (HttpServer2.java:addFilter(996)) - Added filter static_user_filter (class=org.apache.hadoop.http.lib.StaticUserWebFilter$StaticUserFilter) to context hddsDatanode
2021-07-14 22:47:36,167 [Listener at 127.0.0.1/45761] INFO  http.HttpServer2 (HttpServer2.java:addFilter(1004)) - Added filter static_user_filter (class=org.apache.hadoop.http.lib.StaticUserWebFilter$StaticUserFilter) to context static
2021-07-14 22:47:36,167 [Listener at 127.0.0.1/45761] INFO  http.HttpServer2 (HttpServer2.java:addFilter(1004)) - Added filter static_user_filter (class=org.apache.hadoop.http.lib.StaticUserWebFilter$StaticUserFilter) to context logs
2021-07-14 22:47:36,167 [Listener at 127.0.0.1/45761] INFO  http.HttpServer2 (HttpServer2.java:bindListener(1238)) - Jetty bound to port 42381
2021-07-14 22:47:36,167 [Listener at 127.0.0.1/45761] INFO  server.Server (Server.java:doStart(375)) - jetty-9.4.35.v20201120; built: 2020-11-20T21:17:03.964Z; git: bdc54f03a5e0a7e280fab27f55c3c75ee8da89fb; jvm 1.8.0_292-b10
2021-07-14 22:47:36,176 [Listener at 127.0.0.1/45761] INFO  server.session (DefaultSessionIdManager.java:doStart(334)) - DefaultSessionIdManager workerName=node0
2021-07-14 22:47:36,176 [Listener at 127.0.0.1/45761] INFO  server.session (DefaultSessionIdManager.java:doStart(339)) - No SessionScavenger set, using defaults
2021-07-14 22:47:36,176 [Listener at 127.0.0.1/45761] INFO  server.session (HouseKeeper.java:startScavenging(132)) - node0 Scavenging every 660000ms
2021-07-14 22:47:36,177 [Listener at 127.0.0.1/45761] INFO  handler.ContextHandler (ContextHandler.java:doStart(916)) - Started o.e.j.s.ServletContextHandler@62f2b5e9{logs,/logs,file:///home/runner/work/ozone/ozone/mnt/ozone/hadoop-ozone/integration-test/target/log,AVAILABLE}
2021-07-14 22:47:36,177 [Listener at 127.0.0.1/45761] INFO  handler.ContextHandler (ContextHandler.java:doStart(916)) - Started o.e.j.s.ServletContextHandler@19e35775{static,/static,jar:file:/home/runner/.m2/repository/org/apache/ozone/hdds-container-service/1.2.0-SNAPSHOT/hdds-container-service-1.2.0-SNAPSHOT.jar!/webapps/static,AVAILABLE}
2021-07-14 22:47:36,223 [Listener at 127.0.0.1/45761] INFO  handler.ContextHandler (ContextHandler.java:doStart(916)) - Started o.e.j.w.WebAppContext@20429b01{hddsDatanode,/,file:///tmp/jetty-0_0_0_0-42381-hdds-container-service-1_2_0-SNAPSHOT_jar-_-any-2119262506017725294/webapp/,AVAILABLE}{jar:file:/home/runner/.m2/repository/org/apache/ozone/hdds-container-service/1.2.0-SNAPSHOT/hdds-container-service-1.2.0-SNAPSHOT.jar!/webapps/hddsDatanode}
2021-07-14 22:47:36,224 [Listener at 127.0.0.1/45761] INFO  server.AbstractConnector (AbstractConnector.java:doStart(331)) - Started ServerConnector@5b617a72{HTTP/1.1, (http/1.1)}{0.0.0.0:42381}
2021-07-14 22:47:36,224 [Listener at 127.0.0.1/45761] INFO  server.Server (Server.java:doStart(415)) - Started @54681ms
2021-07-14 22:47:36,224 [Listener at 127.0.0.1/45761] WARN  impl.MetricsSystemImpl (MetricsSystemImpl.java:register(279)) - Sink prometheus already exists!
2021-07-14 22:47:36,225 [Listener at 127.0.0.1/45761] INFO  http.BaseHttpServer (BaseHttpServer.java:updateConnectorAddress(329)) - HTTP server of hddsDatanode listening at http://0.0.0.0:42381
2021-07-14 22:47:36,226 [Listener at 127.0.0.1/45761] INFO  impl.MetricsSystemImpl (MetricsSystemImpl.java:init(158)) - HddsDatanode metrics system started (again)
2021-07-14 22:47:36,240 [Listener at 127.0.0.1/45761] INFO  ozone.HddsDatanodeService (HddsDatanodeService.java:start(223)) - HddsDatanodeService host:fv-az122-479.zf1tlrj3kn4expqppa1j4mpycf.xx.internal.cloudapp.net ip:10.1.0.26
2021-07-14 22:47:36,241 [org.apache.hadoop.util.JvmPauseMonitor$Monitor@2504ce6e] INFO  util.JvmPauseMonitor (JvmPauseMonitor.java:run(188)) - Starting JVM pause monitor
2021-07-14 22:47:36,246 [Datanode State Machine Task Thread - 0] INFO  datanode.InitDatanodeState (InitDatanodeState.java:persistContainerDatanodeDetails(145)) - DatanodeDetails is persisted to /home/runner/work/ozone/ozone/mnt/ozone/hadoop-ozone/integration-test/target/test-dir/MiniOzoneClusterImpl-24e24ab0-2885-46cc-b3c8-2159e7c871dc/datanode-0/meta/datanode.id
2021-07-14 22:47:36,264 [Listener at 127.0.0.1/45761] INFO  upgrade.AbstractLayoutVersionManager (AbstractLayoutVersionManager.java:init(70)) - Initializing Layout version manager with metadata layout = SCM_HA (version = 2), software layout = SCM_HA (version = 2)
2021-07-14 22:47:36,307 [Listener at 127.0.0.1/45761] INFO  reflections.Reflections (Reflections.java:scan(232)) - Reflections took 41 ms to scan 7 urls, producing 119 keys and 271 values 
2021-07-14 22:47:36,309 [Listener at 127.0.0.1/45761] INFO  volume.HddsVolume (HddsVolume.java:<init>(120)) - Creating HddsVolume: /home/runner/work/ozone/ozone/mnt/ozone/hadoop-ozone/integration-test/target/test-dir/MiniOzoneClusterImpl-24e24ab0-2885-46cc-b3c8-2159e7c871dc/datanode-1/data-0/containers/hdds of storage type : DISK capacity : 9223372036854775807
2021-07-14 22:47:36,310 [Listener at 127.0.0.1/45761] INFO  volume.MutableVolumeSet (MutableVolumeSet.java:initializeVolumeSet(181)) - Added Volume : /home/runner/work/ozone/ozone/mnt/ozone/hadoop-ozone/integration-test/target/test-dir/MiniOzoneClusterImpl-24e24ab0-2885-46cc-b3c8-2159e7c871dc/datanode-1/data-0/containers/hdds to VolumeSet
2021-07-14 22:47:36,310 [Listener at 127.0.0.1/45761] INFO  volume.ThrottledAsyncChecker (ThrottledAsyncChecker.java:schedule(141)) - Scheduling a check for /home/runner/work/ozone/ozone/mnt/ozone/hadoop-ozone/integration-test/target/test-dir/MiniOzoneClusterImpl-24e24ab0-2885-46cc-b3c8-2159e7c871dc/datanode-1/data-0/containers/hdds
2021-07-14 22:47:36,310 [Listener at 127.0.0.1/45761] INFO  volume.StorageVolumeChecker (StorageVolumeChecker.java:checkAllVolumes(203)) - Scheduled health check for volume /home/runner/work/ozone/ozone/mnt/ozone/hadoop-ozone/integration-test/target/test-dir/MiniOzoneClusterImpl-24e24ab0-2885-46cc-b3c8-2159e7c871dc/datanode-1/data-0/containers/hdds
2021-07-14 22:47:36,325 [Listener at 127.0.0.1/45761] INFO  volume.MutableVolumeSet (MutableVolumeSet.java:initializeVolumeSet(181)) - Added Volume : /home/runner/work/ozone/ozone/mnt/ozone/hadoop-ozone/integration-test/target/test-dir/MiniOzoneClusterImpl-24e24ab0-2885-46cc-b3c8-2159e7c871dc/datanode-1/data/ratis to VolumeSet
2021-07-14 22:47:36,325 [Listener at 127.0.0.1/45761] INFO  volume.ThrottledAsyncChecker (ThrottledAsyncChecker.java:schedule(141)) - Scheduling a check for /home/runner/work/ozone/ozone/mnt/ozone/hadoop-ozone/integration-test/target/test-dir/MiniOzoneClusterImpl-24e24ab0-2885-46cc-b3c8-2159e7c871dc/datanode-1/data/ratis
2021-07-14 22:47:36,326 [Listener at 127.0.0.1/45761] INFO  volume.StorageVolumeChecker (StorageVolumeChecker.java:checkAllVolumes(203)) - Scheduled health check for volume /home/runner/work/ozone/ozone/mnt/ozone/hadoop-ozone/integration-test/target/test-dir/MiniOzoneClusterImpl-24e24ab0-2885-46cc-b3c8-2159e7c871dc/datanode-1/data/ratis
2021-07-14 22:47:36,339 [Listener at 127.0.0.1/45761] INFO  ozoneimpl.ContainerReader (ContainerReader.java:<init>(98)) - Running in upgrade mode:true
2021-07-14 22:47:36,339 [Thread-521] INFO  ozoneimpl.ContainerReader (ContainerReader.java:readVolume(142)) - Start to verify containers on volume /home/runner/work/ozone/ozone/mnt/ozone/hadoop-ozone/integration-test/target/test-dir/MiniOzoneClusterImpl-24e24ab0-2885-46cc-b3c8-2159e7c871dc/datanode-1/data-0/containers/hdds
2021-07-14 22:47:36,339 [Thread-521] INFO  ozoneimpl.ContainerReader (ContainerReader.java:readVolume(174)) - Finish verifying containers on volume /home/runner/work/ozone/ozone/mnt/ozone/hadoop-ozone/integration-test/target/test-dir/MiniOzoneClusterImpl-24e24ab0-2885-46cc-b3c8-2159e7c871dc/datanode-1/data-0/containers/hdds
2021-07-14 22:47:36,339 [Listener at 127.0.0.1/45761] INFO  ozoneimpl.OzoneContainer (OzoneContainer.java:buildContainerSet(237)) - Build ContainerSet costs 0s
2021-07-14 22:47:36,342 [Listener at 127.0.0.1/45761] INFO  server.RaftServer (ConfUtils.java:logGet(44)) - raft.rpc.type = GRPC (default)
2021-07-14 22:47:36,342 [Listener at 127.0.0.1/45761] INFO  grpc.GrpcFactory (GrpcFactory.java:checkPooledByteBufAllocatorUseCacheForAllThreads(48)) - PERFORMANCE WARNING: useCacheForAllThreads is true that may cause Netty to create a lot garbage objects and, as a result, trigger GC.
	It is recommended to disable useCacheForAllThreads by setting -Dorg.apache.ratis.thirdparty.io.netty.allocator.useCacheForAllThreads=false in command line.
2021-07-14 22:47:36,342 [Listener at 127.0.0.1/45761] INFO  grpc.GrpcConfigKeys (ConfUtils.java:logGet(44)) - raft.grpc.admin.port = 0 (custom)
2021-07-14 22:47:36,342 [Listener at 127.0.0.1/45761] INFO  grpc.GrpcConfigKeys (ConfUtils.java:logGet(44)) - raft.grpc.client.port = 0 (custom)
2021-07-14 22:47:36,342 [Listener at 127.0.0.1/45761] INFO  grpc.GrpcConfigKeys (ConfUtils.java:logGet(44)) - raft.grpc.server.port = 0 (default)
2021-07-14 22:47:36,342 [Listener at 127.0.0.1/45761] INFO  server.GrpcService (ConfUtils.java:logGet(44)) - raft.grpc.message.size.max = 32MB (=33554432) (custom)
2021-07-14 22:47:36,342 [Listener at 127.0.0.1/45761] INFO  server.RaftServerConfigKeys (ConfUtils.java:logGet(44)) - raft.server.log.appender.buffer.byte-limit = 33554432 (custom)
2021-07-14 22:47:36,343 [Listener at 127.0.0.1/45761] INFO  server.GrpcService (ConfUtils.java:logGet(44)) - raft.grpc.flow.control.window = 5MB (=5242880) (custom)
2021-07-14 22:47:36,343 [Listener at 127.0.0.1/45761] INFO  server.RaftServerConfigKeys (ConfUtils.java:logGet(44)) - raft.server.rpc.request.timeout = 60s (custom)
2021-07-14 22:47:36,344 [Listener at 127.0.0.1/45761] INFO  impl.DataStreamServerImpl (ConfUtils.java:logGet(44)) - raft.datastream.type = DISABLED (default)
2021-07-14 22:47:36,344 [Listener at 127.0.0.1/45761] INFO  server.RaftServerConfigKeys (ConfUtils.java:logGet(44)) - raft.server.rpc.slowness.timeout = 300s (custom)
2021-07-14 22:47:36,344 [Listener at 127.0.0.1/45761] INFO  server.RaftServerConfigKeys (ConfUtils.java:logGet(44)) - raft.server.leaderelection.leader.step-down.wait-time = 10s (default)
2021-07-14 22:47:36,344 [Listener at 127.0.0.1/45761] INFO  server.RaftServerConfigKeys (ConfUtils.java:logGet(44)) - raft.server.storage.dir = [/home/runner/work/ozone/ozone/mnt/ozone/hadoop-ozone/integration-test/target/test-dir/MiniOzoneClusterImpl-24e24ab0-2885-46cc-b3c8-2159e7c871dc/datanode-1/data/ratis] (custom)
2021-07-14 22:47:36,347 [Listener at 127.0.0.1/45761] INFO  http.BaseHttpServer (BaseHttpServer.java:newHttpServer2BuilderForOzone(209)) - Starting Web-server for hddsDatanode at: http://0.0.0.0:0
2021-07-14 22:47:36,347 [Listener at 127.0.0.1/45761] INFO  http.BaseHttpServer (BaseHttpServer.java:<init>(107)) - Hadoop Security Enabled: false Ozone Security Enabled: false Ozone HTTP Security Enabled: false 
2021-07-14 22:47:36,348 [Listener at 127.0.0.1/45761] INFO  server.AuthenticationFilter (AuthenticationFilter.java:constructSecretProvider(240)) - Unable to initialize FileSignerSecretProvider, falling back to use random secrets.
2021-07-14 22:47:36,351 [Listener at 127.0.0.1/45761] WARN  http.HttpRequestLog (HttpRequestLog.java:getRequestLog(103)) - Jetty request log can only be enabled using Log4j
2021-07-14 22:47:36,352 [Listener at 127.0.0.1/45761] INFO  http.HttpServer2 (HttpServer2.java:addGlobalFilter(1020)) - Added global filter 'safety' (class=org.apache.hadoop.hdds.server.http.HttpServer2$QuotingInputFilter)
2021-07-14 22:47:36,353 [Listener at 127.0.0.1/45761] INFO  http.HttpServer2 (HttpServer2.java:addFilter(996)) - Added filter static_user_filter (class=org.apache.hadoop.http.lib.StaticUserWebFilter$StaticUserFilter) to context hddsDatanode
2021-07-14 22:47:36,353 [Listener at 127.0.0.1/45761] INFO  http.HttpServer2 (HttpServer2.java:addFilter(1004)) - Added filter static_user_filter (class=org.apache.hadoop.http.lib.StaticUserWebFilter$StaticUserFilter) to context logs
2021-07-14 22:47:36,353 [Listener at 127.0.0.1/45761] INFO  http.HttpServer2 (HttpServer2.java:addFilter(1004)) - Added filter static_user_filter (class=org.apache.hadoop.http.lib.StaticUserWebFilter$StaticUserFilter) to context static
2021-07-14 22:47:36,353 [Listener at 127.0.0.1/45761] INFO  http.HttpServer2 (HttpServer2.java:bindListener(1238)) - Jetty bound to port 39033
2021-07-14 22:47:36,353 [Listener at 127.0.0.1/45761] INFO  server.Server (Server.java:doStart(375)) - jetty-9.4.35.v20201120; built: 2020-11-20T21:17:03.964Z; git: bdc54f03a5e0a7e280fab27f55c3c75ee8da89fb; jvm 1.8.0_292-b10
2021-07-14 22:47:36,355 [Listener at 127.0.0.1/45761] INFO  server.session (DefaultSessionIdManager.java:doStart(334)) - DefaultSessionIdManager workerName=node0
2021-07-14 22:47:36,355 [Listener at 127.0.0.1/45761] INFO  server.session (DefaultSessionIdManager.java:doStart(339)) - No SessionScavenger set, using defaults
2021-07-14 22:47:36,356 [Listener at 127.0.0.1/45761] INFO  server.session (HouseKeeper.java:startScavenging(132)) - node0 Scavenging every 660000ms
2021-07-14 22:47:36,356 [Listener at 127.0.0.1/45761] INFO  handler.ContextHandler (ContextHandler.java:doStart(916)) - Started o.e.j.s.ServletContextHandler@6959c53a{logs,/logs,file:///home/runner/work/ozone/ozone/mnt/ozone/hadoop-ozone/integration-test/target/log,AVAILABLE}
2021-07-14 22:47:36,357 [Listener at 127.0.0.1/45761] INFO  handler.ContextHandler (ContextHandler.java:doStart(916)) - Started o.e.j.s.ServletContextHandler@7f7f3b47{static,/static,jar:file:/home/runner/.m2/repository/org/apache/ozone/hdds-container-service/1.2.0-SNAPSHOT/hdds-container-service-1.2.0-SNAPSHOT.jar!/webapps/static,AVAILABLE}
2021-07-14 22:47:36,401 [Listener at 127.0.0.1/45761] INFO  handler.ContextHandler (ContextHandler.java:doStart(916)) - Started o.e.j.w.WebAppContext@62918ae2{hddsDatanode,/,file:///tmp/jetty-0_0_0_0-39033-hdds-container-service-1_2_0-SNAPSHOT_jar-_-any-1705183279246370972/webapp/,AVAILABLE}{jar:file:/home/runner/.m2/repository/org/apache/ozone/hdds-container-service/1.2.0-SNAPSHOT/hdds-container-service-1.2.0-SNAPSHOT.jar!/webapps/hddsDatanode}
2021-07-14 22:47:36,402 [Listener at 127.0.0.1/45761] INFO  server.AbstractConnector (AbstractConnector.java:doStart(331)) - Started ServerConnector@bc1510{HTTP/1.1, (http/1.1)}{0.0.0.0:39033}
2021-07-14 22:47:36,403 [Listener at 127.0.0.1/45761] INFO  server.Server (Server.java:doStart(415)) - Started @54859ms
2021-07-14 22:47:36,403 [Listener at 127.0.0.1/45761] WARN  impl.MetricsSystemImpl (MetricsSystemImpl.java:register(279)) - Sink prometheus already exists!
2021-07-14 22:47:36,403 [Listener at 127.0.0.1/45761] INFO  http.BaseHttpServer (BaseHttpServer.java:updateConnectorAddress(329)) - HTTP server of hddsDatanode listening at http://0.0.0.0:39033
2021-07-14 22:47:36,407 [Listener at 127.0.0.1/45761] INFO  impl.MetricsSystemImpl (MetricsSystemImpl.java:init(158)) - HddsDatanode metrics system started (again)
2021-07-14 22:47:36,442 [Listener at 127.0.0.1/45761] INFO  ozone.HddsDatanodeService (HddsDatanodeService.java:start(223)) - HddsDatanodeService host:fv-az122-479.zf1tlrj3kn4expqppa1j4mpycf.xx.internal.cloudapp.net ip:10.1.0.26
2021-07-14 22:47:36,451 [org.apache.hadoop.util.JvmPauseMonitor$Monitor@3e251013] INFO  util.JvmPauseMonitor (JvmPauseMonitor.java:run(188)) - Starting JVM pause monitor
2021-07-14 22:47:36,458 [Datanode State Machine Task Thread - 0] INFO  datanode.InitDatanodeState (InitDatanodeState.java:persistContainerDatanodeDetails(145)) - DatanodeDetails is persisted to /home/runner/work/ozone/ozone/mnt/ozone/hadoop-ozone/integration-test/target/test-dir/MiniOzoneClusterImpl-24e24ab0-2885-46cc-b3c8-2159e7c871dc/datanode-1/meta/datanode.id
2021-07-14 22:47:36,476 [Listener at 127.0.0.1/45761] INFO  upgrade.AbstractLayoutVersionManager (AbstractLayoutVersionManager.java:init(70)) - Initializing Layout version manager with metadata layout = SCM_HA (version = 2), software layout = SCM_HA (version = 2)
2021-07-14 22:47:36,516 [Listener at 127.0.0.1/45761] INFO  reflections.Reflections (Reflections.java:scan(232)) - Reflections took 38 ms to scan 7 urls, producing 119 keys and 271 values 
2021-07-14 22:47:36,520 [Listener at 127.0.0.1/45761] INFO  volume.HddsVolume (HddsVolume.java:<init>(120)) - Creating HddsVolume: /home/runner/work/ozone/ozone/mnt/ozone/hadoop-ozone/integration-test/target/test-dir/MiniOzoneClusterImpl-24e24ab0-2885-46cc-b3c8-2159e7c871dc/datanode-2/data-0/containers/hdds of storage type : DISK capacity : 9223372036854775807
2021-07-14 22:47:36,521 [Listener at 127.0.0.1/45761] INFO  volume.MutableVolumeSet (MutableVolumeSet.java:initializeVolumeSet(181)) - Added Volume : /home/runner/work/ozone/ozone/mnt/ozone/hadoop-ozone/integration-test/target/test-dir/MiniOzoneClusterImpl-24e24ab0-2885-46cc-b3c8-2159e7c871dc/datanode-2/data-0/containers/hdds to VolumeSet
2021-07-14 22:47:36,521 [Listener at 127.0.0.1/45761] INFO  volume.ThrottledAsyncChecker (ThrottledAsyncChecker.java:schedule(141)) - Scheduling a check for /home/runner/work/ozone/ozone/mnt/ozone/hadoop-ozone/integration-test/target/test-dir/MiniOzoneClusterImpl-24e24ab0-2885-46cc-b3c8-2159e7c871dc/datanode-2/data-0/containers/hdds
2021-07-14 22:47:36,527 [Listener at 127.0.0.1/45761] INFO  volume.StorageVolumeChecker (StorageVolumeChecker.java:checkAllVolumes(203)) - Scheduled health check for volume /home/runner/work/ozone/ozone/mnt/ozone/hadoop-ozone/integration-test/target/test-dir/MiniOzoneClusterImpl-24e24ab0-2885-46cc-b3c8-2159e7c871dc/datanode-2/data-0/containers/hdds
2021-07-14 22:47:36,541 [Listener at 127.0.0.1/45761] INFO  volume.MutableVolumeSet (MutableVolumeSet.java:initializeVolumeSet(181)) - Added Volume : /home/runner/work/ozone/ozone/mnt/ozone/hadoop-ozone/integration-test/target/test-dir/MiniOzoneClusterImpl-24e24ab0-2885-46cc-b3c8-2159e7c871dc/datanode-2/data/ratis to VolumeSet
2021-07-14 22:47:36,542 [Listener at 127.0.0.1/45761] INFO  volume.ThrottledAsyncChecker (ThrottledAsyncChecker.java:schedule(141)) - Scheduling a check for /home/runner/work/ozone/ozone/mnt/ozone/hadoop-ozone/integration-test/target/test-dir/MiniOzoneClusterImpl-24e24ab0-2885-46cc-b3c8-2159e7c871dc/datanode-2/data/ratis
2021-07-14 22:47:36,542 [Listener at 127.0.0.1/45761] INFO  volume.StorageVolumeChecker (StorageVolumeChecker.java:checkAllVolumes(203)) - Scheduled health check for volume /home/runner/work/ozone/ozone/mnt/ozone/hadoop-ozone/integration-test/target/test-dir/MiniOzoneClusterImpl-24e24ab0-2885-46cc-b3c8-2159e7c871dc/datanode-2/data/ratis
2021-07-14 22:47:36,555 [Listener at 127.0.0.1/45761] INFO  ozoneimpl.ContainerReader (ContainerReader.java:<init>(98)) - Running in upgrade mode:true
2021-07-14 22:47:36,555 [Thread-532] INFO  ozoneimpl.ContainerReader (ContainerReader.java:readVolume(142)) - Start to verify containers on volume /home/runner/work/ozone/ozone/mnt/ozone/hadoop-ozone/integration-test/target/test-dir/MiniOzoneClusterImpl-24e24ab0-2885-46cc-b3c8-2159e7c871dc/datanode-2/data-0/containers/hdds
2021-07-14 22:47:36,555 [Thread-532] INFO  ozoneimpl.ContainerReader (ContainerReader.java:readVolume(174)) - Finish verifying containers on volume /home/runner/work/ozone/ozone/mnt/ozone/hadoop-ozone/integration-test/target/test-dir/MiniOzoneClusterImpl-24e24ab0-2885-46cc-b3c8-2159e7c871dc/datanode-2/data-0/containers/hdds
2021-07-14 22:47:36,555 [Listener at 127.0.0.1/45761] INFO  ozoneimpl.OzoneContainer (OzoneContainer.java:buildContainerSet(237)) - Build ContainerSet costs 0s
2021-07-14 22:47:36,557 [Listener at 127.0.0.1/45761] INFO  server.RaftServer (ConfUtils.java:logGet(44)) - raft.rpc.type = GRPC (default)
2021-07-14 22:47:36,558 [Listener at 127.0.0.1/45761] INFO  grpc.GrpcFactory (GrpcFactory.java:checkPooledByteBufAllocatorUseCacheForAllThreads(48)) - PERFORMANCE WARNING: useCacheForAllThreads is true that may cause Netty to create a lot garbage objects and, as a result, trigger GC.
	It is recommended to disable useCacheForAllThreads by setting -Dorg.apache.ratis.thirdparty.io.netty.allocator.useCacheForAllThreads=false in command line.
2021-07-14 22:47:36,558 [Listener at 127.0.0.1/45761] INFO  grpc.GrpcConfigKeys (ConfUtils.java:logGet(44)) - raft.grpc.admin.port = 0 (custom)
2021-07-14 22:47:36,558 [Listener at 127.0.0.1/45761] INFO  grpc.GrpcConfigKeys (ConfUtils.java:logGet(44)) - raft.grpc.client.port = 0 (custom)
2021-07-14 22:47:36,558 [Listener at 127.0.0.1/45761] INFO  grpc.GrpcConfigKeys (ConfUtils.java:logGet(44)) - raft.grpc.server.port = 0 (default)
2021-07-14 22:47:36,558 [Listener at 127.0.0.1/45761] INFO  server.GrpcService (ConfUtils.java:logGet(44)) - raft.grpc.message.size.max = 32MB (=33554432) (custom)
2021-07-14 22:47:36,558 [Listener at 127.0.0.1/45761] INFO  server.RaftServerConfigKeys (ConfUtils.java:logGet(44)) - raft.server.log.appender.buffer.byte-limit = 33554432 (custom)
2021-07-14 22:47:36,559 [Listener at 127.0.0.1/45761] INFO  server.GrpcService (ConfUtils.java:logGet(44)) - raft.grpc.flow.control.window = 5MB (=5242880) (custom)
2021-07-14 22:47:36,559 [Listener at 127.0.0.1/45761] INFO  server.RaftServerConfigKeys (ConfUtils.java:logGet(44)) - raft.server.rpc.request.timeout = 60s (custom)
2021-07-14 22:47:36,560 [Listener at 127.0.0.1/45761] INFO  impl.DataStreamServerImpl (ConfUtils.java:logGet(44)) - raft.datastream.type = DISABLED (default)
2021-07-14 22:47:36,560 [Listener at 127.0.0.1/45761] INFO  server.RaftServerConfigKeys (ConfUtils.java:logGet(44)) - raft.server.rpc.slowness.timeout = 300s (custom)
2021-07-14 22:47:36,560 [Listener at 127.0.0.1/45761] INFO  server.RaftServerConfigKeys (ConfUtils.java:logGet(44)) - raft.server.leaderelection.leader.step-down.wait-time = 10s (default)
2021-07-14 22:47:36,560 [Listener at 127.0.0.1/45761] INFO  server.RaftServerConfigKeys (ConfUtils.java:logGet(44)) - raft.server.storage.dir = [/home/runner/work/ozone/ozone/mnt/ozone/hadoop-ozone/integration-test/target/test-dir/MiniOzoneClusterImpl-24e24ab0-2885-46cc-b3c8-2159e7c871dc/datanode-2/data/ratis] (custom)
2021-07-14 22:47:36,563 [Listener at 127.0.0.1/45761] INFO  http.BaseHttpServer (BaseHttpServer.java:newHttpServer2BuilderForOzone(209)) - Starting Web-server for hddsDatanode at: http://0.0.0.0:0
2021-07-14 22:47:36,563 [Listener at 127.0.0.1/45761] INFO  http.BaseHttpServer (BaseHttpServer.java:<init>(107)) - Hadoop Security Enabled: false Ozone Security Enabled: false Ozone HTTP Security Enabled: false 
2021-07-14 22:47:36,564 [Listener at 127.0.0.1/45761] INFO  server.AuthenticationFilter (AuthenticationFilter.java:constructSecretProvider(240)) - Unable to initialize FileSignerSecretProvider, falling back to use random secrets.
2021-07-14 22:47:36,565 [Listener at 127.0.0.1/45761] WARN  http.HttpRequestLog (HttpRequestLog.java:getRequestLog(103)) - Jetty request log can only be enabled using Log4j
2021-07-14 22:47:36,566 [Listener at 127.0.0.1/45761] INFO  http.HttpServer2 (HttpServer2.java:addGlobalFilter(1020)) - Added global filter 'safety' (class=org.apache.hadoop.hdds.server.http.HttpServer2$QuotingInputFilter)
2021-07-14 22:47:36,566 [Listener at 127.0.0.1/45761] INFO  http.HttpServer2 (HttpServer2.java:addFilter(996)) - Added filter static_user_filter (class=org.apache.hadoop.http.lib.StaticUserWebFilter$StaticUserFilter) to context hddsDatanode
2021-07-14 22:47:36,566 [Listener at 127.0.0.1/45761] INFO  http.HttpServer2 (HttpServer2.java:addFilter(1004)) - Added filter static_user_filter (class=org.apache.hadoop.http.lib.StaticUserWebFilter$StaticUserFilter) to context static
2021-07-14 22:47:36,566 [Listener at 127.0.0.1/45761] INFO  http.HttpServer2 (HttpServer2.java:addFilter(1004)) - Added filter static_user_filter (class=org.apache.hadoop.http.lib.StaticUserWebFilter$StaticUserFilter) to context logs
2021-07-14 22:47:36,567 [Listener at 127.0.0.1/45761] INFO  http.HttpServer2 (HttpServer2.java:bindListener(1238)) - Jetty bound to port 36271
2021-07-14 22:47:36,567 [Listener at 127.0.0.1/45761] INFO  server.Server (Server.java:doStart(375)) - jetty-9.4.35.v20201120; built: 2020-11-20T21:17:03.964Z; git: bdc54f03a5e0a7e280fab27f55c3c75ee8da89fb; jvm 1.8.0_292-b10
2021-07-14 22:47:36,568 [Listener at 127.0.0.1/45761] INFO  server.session (DefaultSessionIdManager.java:doStart(334)) - DefaultSessionIdManager workerName=node0
2021-07-14 22:47:36,569 [Listener at 127.0.0.1/45761] INFO  server.session (DefaultSessionIdManager.java:doStart(339)) - No SessionScavenger set, using defaults
2021-07-14 22:47:36,569 [Listener at 127.0.0.1/45761] INFO  server.session (HouseKeeper.java:startScavenging(132)) - node0 Scavenging every 600000ms
2021-07-14 22:47:36,571 [Listener at 127.0.0.1/45761] INFO  handler.ContextHandler (ContextHandler.java:doStart(916)) - Started o.e.j.s.ServletContextHandler@35e49946{logs,/logs,file:///home/runner/work/ozone/ozone/mnt/ozone/hadoop-ozone/integration-test/target/log,AVAILABLE}
2021-07-14 22:47:36,572 [Listener at 127.0.0.1/45761] INFO  handler.ContextHandler (ContextHandler.java:doStart(916)) - Started o.e.j.s.ServletContextHandler@549f7afe{static,/static,jar:file:/home/runner/.m2/repository/org/apache/ozone/hdds-container-service/1.2.0-SNAPSHOT/hdds-container-service-1.2.0-SNAPSHOT.jar!/webapps/static,AVAILABLE}
2021-07-14 22:47:36,615 [Listener at 127.0.0.1/45761] INFO  handler.ContextHandler (ContextHandler.java:doStart(916)) - Started o.e.j.w.WebAppContext@47d068e4{hddsDatanode,/,file:///tmp/jetty-0_0_0_0-36271-hdds-container-service-1_2_0-SNAPSHOT_jar-_-any-8513808119540916380/webapp/,AVAILABLE}{jar:file:/home/runner/.m2/repository/org/apache/ozone/hdds-container-service/1.2.0-SNAPSHOT/hdds-container-service-1.2.0-SNAPSHOT.jar!/webapps/hddsDatanode}
2021-07-14 22:47:36,616 [Listener at 127.0.0.1/45761] INFO  server.AbstractConnector (AbstractConnector.java:doStart(331)) - Started ServerConnector@7d04f0f2{HTTP/1.1, (http/1.1)}{0.0.0.0:36271}
2021-07-14 22:47:36,617 [Listener at 127.0.0.1/45761] INFO  server.Server (Server.java:doStart(415)) - Started @55074ms
2021-07-14 22:47:36,617 [Listener at 127.0.0.1/45761] WARN  impl.MetricsSystemImpl (MetricsSystemImpl.java:register(279)) - Sink prometheus already exists!
2021-07-14 22:47:36,617 [Listener at 127.0.0.1/45761] INFO  http.BaseHttpServer (BaseHttpServer.java:updateConnectorAddress(329)) - HTTP server of hddsDatanode listening at http://0.0.0.0:36271
2021-07-14 22:47:36,618 [Listener at 127.0.0.1/45761] INFO  ozone.MiniOzoneClusterImpl (MiniOzoneClusterImpl.java:lambda$waitForClusterToBeReady$0(230)) - Waiting for nodes to be ready. Got 0 of 3 DN Heartbeats.
2021-07-14 22:47:36,618 [Listener at 127.0.0.1/45761] INFO  ozone.MiniOzoneClusterImpl (MiniOzoneClusterImpl.java:lambda$waitForClusterToBeReady$0(233)) - Waiting for cluster to exit safe mode
2021-07-14 22:47:36,618 [Listener at 127.0.0.1/45761] INFO  ozone.MiniOzoneClusterImpl (MiniOzoneClusterImpl.java:lambda$waitForClusterToBeReady$0(235)) - SCM became leader
2021-07-14 22:47:36,629 [org.apache.hadoop.util.JvmPauseMonitor$Monitor@5d64413a] INFO  util.JvmPauseMonitor (JvmPauseMonitor.java:run(188)) - Starting JVM pause monitor
2021-07-14 22:47:36,630 [Datanode State Machine Task Thread - 0] INFO  datanode.InitDatanodeState (InitDatanodeState.java:persistContainerDatanodeDetails(145)) - DatanodeDetails is persisted to /home/runner/work/ozone/ozone/mnt/ozone/hadoop-ozone/integration-test/target/test-dir/MiniOzoneClusterImpl-24e24ab0-2885-46cc-b3c8-2159e7c871dc/datanode-2/meta/datanode.id
2021-07-14 22:47:37,119 [om1@group-C5BA1605619E-FollowerState] INFO  impl.FollowerState (FollowerState.java:run(134)) - om1@group-C5BA1605619E-FollowerState: change to CANDIDATE, lastRpcElapsedTime:1175203996ns, electionTimeout:1174ms
2021-07-14 22:47:37,120 [om1@group-C5BA1605619E-FollowerState] INFO  impl.RoleInfo (RoleInfo.java:shutdownFollowerState(108)) - om1: shutdown om1@group-C5BA1605619E-FollowerState
2021-07-14 22:47:37,120 [om1@group-C5BA1605619E-FollowerState] INFO  server.RaftServer$Division (RaftServerImpl.java:setRole(284)) - om1@group-C5BA1605619E: changes role from  FOLLOWER to CANDIDATE at term 0 for changeToCandidate
2021-07-14 22:47:37,120 [om1@group-C5BA1605619E-FollowerState] INFO  server.RaftServerConfigKeys (ConfUtils.java:logGet(44)) - raft.server.leaderelection.pre-vote = false (custom)
2021-07-14 22:47:37,120 [om1@group-C5BA1605619E-FollowerState] INFO  impl.RoleInfo (RoleInfo.java:updateAndGet(130)) - om1: start om1@group-C5BA1605619E-LeaderElection10
2021-07-14 22:47:37,123 [om1@group-C5BA1605619E-LeaderElection10] INFO  impl.LeaderElection (LeaderElection.java:askForVotes(306)) - om1@group-C5BA1605619E-LeaderElection10 ELECTION round 0: submit vote requests at term 1 for -1: [om1|rpc:localhost:9872|priority:0], old=null
2021-07-14 22:47:37,123 [om1@group-C5BA1605619E-LeaderElection10] INFO  impl.LeaderElection (LeaderElection.java:askForVotes(308)) - om1@group-C5BA1605619E-LeaderElection10 ELECTION round 0: result PASSED (term=1)
2021-07-14 22:47:37,123 [om1@group-C5BA1605619E-LeaderElection10] INFO  impl.RoleInfo (RoleInfo.java:shutdownLeaderElection(121)) - om1: shutdown om1@group-C5BA1605619E-LeaderElection10
2021-07-14 22:47:37,123 [om1@group-C5BA1605619E-LeaderElection10] INFO  server.RaftServer$Division (RaftServerImpl.java:setRole(284)) - om1@group-C5BA1605619E: changes role from CANDIDATE to LEADER at term 1 for changeToLeader
2021-07-14 22:47:37,123 [om1@group-C5BA1605619E-LeaderElection10] INFO  server.RaftServer$Division (ServerState.java:setLeader(271)) - om1@group-C5BA1605619E: change Leader from null to om1 at term 1 for becomeLeader, leader elected after 1206ms
2021-07-14 22:47:37,123 [om1@group-C5BA1605619E-LeaderElection10] INFO  server.RaftServerConfigKeys (ConfUtils.java:logGet(44)) - raft.server.staging.catchup.gap = 1000 (default)
2021-07-14 22:47:37,123 [om1@group-C5BA1605619E-LeaderElection10] INFO  metrics.RatisMetrics (RatisMetrics.java:lambda$create$0(36)) - Creating Metrics Registry : ratis.log_appender.om1@group-C5BA1605619E
2021-07-14 22:47:37,123 [om1@group-C5BA1605619E-LeaderElection10] INFO  server.RaftServerConfigKeys (ConfUtils.java:logGet(44)) - raft.server.write.element-limit = 4096 (default)
2021-07-14 22:47:37,124 [om1@group-C5BA1605619E-LeaderElection10] INFO  server.RaftServerConfigKeys (ConfUtils.java:logGet(44)) - raft.server.write.byte-limit = 64MB (=67108864) (default)
2021-07-14 22:47:37,124 [om1@group-C5BA1605619E-LeaderElection10] INFO  server.RaftServerConfigKeys (ConfUtils.java:logGet(44)) - raft.server.watch.timeout = 10s (default)
2021-07-14 22:47:37,124 [om1@group-C5BA1605619E-LeaderElection10] INFO  server.RaftServerConfigKeys (ConfUtils.java:logGet(44)) - raft.server.watch.timeout.denomination = 1s (default)
2021-07-14 22:47:37,124 [om1@group-C5BA1605619E-LeaderElection10] INFO  server.RaftServerConfigKeys (ConfUtils.java:logGet(44)) - raft.server.watch.element-limit = 65536 (default)
2021-07-14 22:47:37,124 [om1@group-C5BA1605619E-LeaderElection10] INFO  impl.RoleInfo (RoleInfo.java:updateAndGet(130)) - om1: start om1@group-C5BA1605619E-LeaderStateImpl
2021-07-14 22:47:37,125 [om1@group-C5BA1605619E-LeaderElection10] INFO  segmented.SegmentedRaftLogWorker (SegmentedRaftLogWorker.java:startLogSegment(394)) - om1@group-C5BA1605619E-SegmentedRaftLogWorker: Starting segment from index:0
2021-07-14 22:47:37,128 [om1@group-C5BA1605619E-LeaderElection10] INFO  server.RaftServer$Division (ServerState.java:setRaftConf(373)) - om1@group-C5BA1605619E: set configuration 0: [om1|rpc:localhost:9872|admin:|client:|dataStream:|priority:0], old=null
2021-07-14 22:47:37,134 [om1@group-C5BA1605619E-SegmentedRaftLogWorker] INFO  segmented.SegmentedRaftLogWorker (SegmentedRaftLogWorker.java:execute(601)) - om1@group-C5BA1605619E-SegmentedRaftLogWorker: created new log segment /home/runner/work/ozone/ozone/mnt/ozone/hadoop-ozone/integration-test/target/test-dir/MiniOzoneClusterImpl-24e24ab0-2885-46cc-b3c8-2159e7c871dc/ozone-meta/ratis/bf265839-605b-3f16-9796-c5ba1605619e/current/log_inprogress_0
2021-07-14 22:47:37,618 [Listener at 127.0.0.1/45761] INFO  ozone.MiniOzoneClusterImpl (MiniOzoneClusterImpl.java:lambda$waitForClusterToBeReady$0(230)) - Waiting for nodes to be ready. Got 0 of 3 DN Heartbeats.
2021-07-14 22:47:37,618 [Listener at 127.0.0.1/45761] INFO  ozone.MiniOzoneClusterImpl (MiniOzoneClusterImpl.java:lambda$waitForClusterToBeReady$0(233)) - Waiting for cluster to exit safe mode
2021-07-14 22:47:37,618 [Listener at 127.0.0.1/45761] INFO  ozone.MiniOzoneClusterImpl (MiniOzoneClusterImpl.java:lambda$waitForClusterToBeReady$0(235)) - SCM became leader
2021-07-14 22:47:38,255 [EndpointStateMachine task thread for /0.0.0.0:34745 - 0 ] INFO  ozoneimpl.OzoneContainer (OzoneContainer.java:start(305)) - Attempting to start container services.
2021-07-14 22:47:38,256 [EndpointStateMachine task thread for /0.0.0.0:34745 - 0 ] INFO  ozoneimpl.OzoneContainer (OzoneContainer.java:startContainerScrub(250)) - Background container scanner has been disabled.
2021-07-14 22:47:38,257 [EndpointStateMachine task thread for /0.0.0.0:34745 - 0 ] INFO  replication.ReplicationServer (ReplicationServer.java:start(106)) - ReplicationServer is started using port 41261
2021-07-14 22:47:38,258 [EndpointStateMachine task thread for /0.0.0.0:34745 - 0 ] INFO  ratis.XceiverServerRatis (XceiverServerRatis.java:start(478)) - Starting XceiverServerRatis 8c203391-d7bf-416a-8a2d-d45edeb19bdd
2021-07-14 22:47:38,259 [EndpointStateMachine task thread for /0.0.0.0:34745 - 0 ] INFO  server.RaftServer (RaftServerProxy.java:lambda$start$5(374)) - 8c203391-d7bf-416a-8a2d-d45edeb19bdd: start RPC server
2021-07-14 22:47:38,259 [EndpointStateMachine task thread for /0.0.0.0:34745 - 0 ] INFO  server.GrpcService (GrpcService.java:startImpl(253)) - 8c203391-d7bf-416a-8a2d-d45edeb19bdd: GrpcService started, listening on 41361
2021-07-14 22:47:38,259 [EndpointStateMachine task thread for /0.0.0.0:34745 - 0 ] INFO  ratis.XceiverServerRatis (XceiverServerRatis.java:getRealPort(499)) - XceiverServerRatis 8c203391-d7bf-416a-8a2d-d45edeb19bdd is started using port 41361 for RATIS
2021-07-14 22:47:38,260 [EndpointStateMachine task thread for /0.0.0.0:34745 - 0 ] INFO  ratis.XceiverServerRatis (XceiverServerRatis.java:getRealPort(499)) - XceiverServerRatis 8c203391-d7bf-416a-8a2d-d45edeb19bdd is started using port 41361 for RATIS_ADMIN
2021-07-14 22:47:38,260 [EndpointStateMachine task thread for /0.0.0.0:34745 - 0 ] INFO  ratis.XceiverServerRatis (XceiverServerRatis.java:getRealPort(499)) - XceiverServerRatis 8c203391-d7bf-416a-8a2d-d45edeb19bdd is started using port 41361 for RATIS_SERVER
2021-07-14 22:47:38,260 [EndpointStateMachine task thread for /0.0.0.0:34745 - 0 ] INFO  server.XceiverServerGrpc (XceiverServerGrpc.java:start(135)) - XceiverServerGrpc 8c203391-d7bf-416a-8a2d-d45edeb19bdd is started using port 44597
2021-07-14 22:47:38,267 [org.apache.ratis.util.JvmPauseMonitor$$Lambda$525/853367010@10a212d7] INFO  util.JvmPauseMonitor (JvmPauseMonitor.java:run(103)) - JvmPauseMonitor-8c203391-d7bf-416a-8a2d-d45edeb19bdd: Started
2021-07-14 22:47:38,457 [EndpointStateMachine task thread for /0.0.0.0:34745 - 0 ] INFO  ozoneimpl.OzoneContainer (OzoneContainer.java:start(305)) - Attempting to start container services.
2021-07-14 22:47:38,457 [EndpointStateMachine task thread for /0.0.0.0:34745 - 0 ] INFO  ozoneimpl.OzoneContainer (OzoneContainer.java:startContainerScrub(250)) - Background container scanner has been disabled.
2021-07-14 22:47:38,461 [EndpointStateMachine task thread for /0.0.0.0:34745 - 0 ] INFO  replication.ReplicationServer (ReplicationServer.java:start(106)) - ReplicationServer is started using port 44651
2021-07-14 22:47:38,462 [EndpointStateMachine task thread for /0.0.0.0:34745 - 0 ] INFO  ratis.XceiverServerRatis (XceiverServerRatis.java:start(478)) - Starting XceiverServerRatis 8eebc958-9398-4984-8b85-05c7775d5731
2021-07-14 22:47:38,463 [EndpointStateMachine task thread for /0.0.0.0:34745 - 0 ] INFO  server.RaftServer (RaftServerProxy.java:lambda$start$5(374)) - 8eebc958-9398-4984-8b85-05c7775d5731: start RPC server
2021-07-14 22:47:38,465 [EndpointStateMachine task thread for /0.0.0.0:34745 - 0 ] INFO  server.GrpcService (GrpcService.java:startImpl(253)) - 8eebc958-9398-4984-8b85-05c7775d5731: GrpcService started, listening on 46601
2021-07-14 22:47:38,466 [EndpointStateMachine task thread for /0.0.0.0:34745 - 0 ] INFO  ratis.XceiverServerRatis (XceiverServerRatis.java:getRealPort(499)) - XceiverServerRatis 8eebc958-9398-4984-8b85-05c7775d5731 is started using port 46601 for RATIS
2021-07-14 22:47:38,466 [org.apache.ratis.util.JvmPauseMonitor$$Lambda$525/853367010@5a27d18] INFO  util.JvmPauseMonitor (JvmPauseMonitor.java:run(103)) - JvmPauseMonitor-8eebc958-9398-4984-8b85-05c7775d5731: Started
2021-07-14 22:47:38,466 [EndpointStateMachine task thread for /0.0.0.0:34745 - 0 ] INFO  ratis.XceiverServerRatis (XceiverServerRatis.java:getRealPort(499)) - XceiverServerRatis 8eebc958-9398-4984-8b85-05c7775d5731 is started using port 46601 for RATIS_ADMIN
2021-07-14 22:47:38,466 [EndpointStateMachine task thread for /0.0.0.0:34745 - 0 ] INFO  ratis.XceiverServerRatis (XceiverServerRatis.java:getRealPort(499)) - XceiverServerRatis 8eebc958-9398-4984-8b85-05c7775d5731 is started using port 46601 for RATIS_SERVER
2021-07-14 22:47:38,468 [EndpointStateMachine task thread for /0.0.0.0:34745 - 0 ] INFO  server.XceiverServerGrpc (XceiverServerGrpc.java:start(135)) - XceiverServerGrpc 8eebc958-9398-4984-8b85-05c7775d5731 is started using port 44885
2021-07-14 22:47:38,619 [Listener at 127.0.0.1/45761] INFO  ozone.MiniOzoneClusterImpl (MiniOzoneClusterImpl.java:lambda$waitForClusterToBeReady$0(230)) - Waiting for nodes to be ready. Got 0 of 3 DN Heartbeats.
2021-07-14 22:47:38,619 [Listener at 127.0.0.1/45761] INFO  ozone.MiniOzoneClusterImpl (MiniOzoneClusterImpl.java:lambda$waitForClusterToBeReady$0(233)) - Waiting for cluster to exit safe mode
2021-07-14 22:47:38,619 [Listener at 127.0.0.1/45761] INFO  ozone.MiniOzoneClusterImpl (MiniOzoneClusterImpl.java:lambda$waitForClusterToBeReady$0(235)) - SCM became leader
2021-07-14 22:47:38,634 [EndpointStateMachine task thread for /0.0.0.0:34745 - 0 ] INFO  ozoneimpl.OzoneContainer (OzoneContainer.java:start(305)) - Attempting to start container services.
2021-07-14 22:47:38,635 [EndpointStateMachine task thread for /0.0.0.0:34745 - 0 ] INFO  ozoneimpl.OzoneContainer (OzoneContainer.java:startContainerScrub(250)) - Background container scanner has been disabled.
2021-07-14 22:47:38,635 [EndpointStateMachine task thread for /0.0.0.0:34745 - 0 ] INFO  replication.ReplicationServer (ReplicationServer.java:start(106)) - ReplicationServer is started using port 36335
2021-07-14 22:47:38,636 [EndpointStateMachine task thread for /0.0.0.0:34745 - 0 ] INFO  ratis.XceiverServerRatis (XceiverServerRatis.java:start(478)) - Starting XceiverServerRatis 13cc7e77-570e-489a-8f95-9257e310d74c
2021-07-14 22:47:38,637 [EndpointStateMachine task thread for /0.0.0.0:34745 - 0 ] INFO  server.RaftServer (RaftServerProxy.java:lambda$start$5(374)) - 13cc7e77-570e-489a-8f95-9257e310d74c: start RPC server
2021-07-14 22:47:38,638 [EndpointStateMachine task thread for /0.0.0.0:34745 - 0 ] INFO  server.GrpcService (GrpcService.java:startImpl(253)) - 13cc7e77-570e-489a-8f95-9257e310d74c: GrpcService started, listening on 36681
2021-07-14 22:47:38,639 [EndpointStateMachine task thread for /0.0.0.0:34745 - 0 ] INFO  ratis.XceiverServerRatis (XceiverServerRatis.java:getRealPort(499)) - XceiverServerRatis 13cc7e77-570e-489a-8f95-9257e310d74c is started using port 36681 for RATIS
2021-07-14 22:47:38,639 [EndpointStateMachine task thread for /0.0.0.0:34745 - 0 ] INFO  ratis.XceiverServerRatis (XceiverServerRatis.java:getRealPort(499)) - XceiverServerRatis 13cc7e77-570e-489a-8f95-9257e310d74c is started using port 36681 for RATIS_ADMIN
2021-07-14 22:47:38,639 [EndpointStateMachine task thread for /0.0.0.0:34745 - 0 ] INFO  ratis.XceiverServerRatis (XceiverServerRatis.java:getRealPort(499)) - XceiverServerRatis 13cc7e77-570e-489a-8f95-9257e310d74c is started using port 36681 for RATIS_SERVER
2021-07-14 22:47:38,639 [org.apache.ratis.util.JvmPauseMonitor$$Lambda$525/853367010@615d906b] INFO  util.JvmPauseMonitor (JvmPauseMonitor.java:run(103)) - JvmPauseMonitor-13cc7e77-570e-489a-8f95-9257e310d74c: Started
2021-07-14 22:47:38,639 [EndpointStateMachine task thread for /0.0.0.0:34745 - 0 ] INFO  server.XceiverServerGrpc (XceiverServerGrpc.java:start(135)) - XceiverServerGrpc 13cc7e77-570e-489a-8f95-9257e310d74c is started using port 32805
2021-07-14 22:47:39,619 [Listener at 127.0.0.1/45761] INFO  ozone.MiniOzoneClusterImpl (MiniOzoneClusterImpl.java:lambda$waitForClusterToBeReady$0(230)) - Waiting for nodes to be ready. Got 0 of 3 DN Heartbeats.
2021-07-14 22:47:39,619 [Listener at 127.0.0.1/45761] INFO  ozone.MiniOzoneClusterImpl (MiniOzoneClusterImpl.java:lambda$waitForClusterToBeReady$0(233)) - Waiting for cluster to exit safe mode
2021-07-14 22:47:39,619 [Listener at 127.0.0.1/45761] INFO  ozone.MiniOzoneClusterImpl (MiniOzoneClusterImpl.java:lambda$waitForClusterToBeReady$0(235)) - SCM became leader
2021-07-14 22:47:40,242 [IPC Server handler 0 on default port 34745] INFO  net.NetworkTopologyImpl (NetworkTopologyImpl.java:add(112)) - Added a new node: /default-rack/8c203391-d7bf-416a-8a2d-d45edeb19bdd
2021-07-14 22:47:40,242 [IPC Server handler 0 on default port 34745] INFO  node.SCMNodeManager (SCMNodeManager.java:register(386)) - Registered Data node : 8c203391-d7bf-416a-8a2d-d45edeb19bdd{ip: 10.1.0.26, host: fv-az122-479.zf1tlrj3kn4expqppa1j4mpycf.xx.internal.cloudapp.net, ports: [REPLICATION=41261, RATIS=41361, RATIS_ADMIN=41361, RATIS_SERVER=41361, STANDALONE=44597], networkLocation: /default-rack, certSerialId: null, persistedOpState: null, persistedOpStateExpiryEpochSec: 0}
2021-07-14 22:47:40,252 [EventQueue-NewNodeForNewNodeHandler] INFO  pipeline.BackgroundPipelineCreator (BackgroundPipelineCreatorV2.java:notifyEventTriggered(285)) - trigger a one-shot run on RatisPipelineUtilsThread.
2021-07-14 22:47:40,252 [EventQueue-NodeRegistrationContainerReportForContainerSafeModeRule] INFO  safemode.SCMSafeModeManager (SCMSafeModeManager.java:validateSafeModeExitRules(204)) - ContainerSafeModeRule rule is successfully validated
2021-07-14 22:47:40,252 [RatisPipelineUtilsThread - 0] INFO  pipeline.RatisPipelineProvider (RatisPipelineProvider.java:lambda$create$0(170)) - Sending CreatePipelineCommand for pipeline:PipelineID=2e7739fb-a07e-47ad-b374-4e43a94260fe to datanode:8c203391-d7bf-416a-8a2d-d45edeb19bdd
2021-07-14 22:47:40,252 [EventQueue-NodeRegistrationContainerReportForDataNodeSafeModeRule] INFO  safemode.SCMSafeModeManager (DataNodeSafeModeRule.java:process(71)) - SCM in safe mode. 1 DataNodes registered, 3 required.
2021-07-14 22:47:40,256 [EventQueue-PipelineReportForOneReplicaPipelineSafeModeRule] INFO  safemode.SCMSafeModeManager (SCMSafeModeManager.java:validateSafeModeExitRules(204)) - AtleastOneDatanodeReportedRule rule is successfully validated
2021-07-14 22:47:40,256 [RatisPipelineUtilsThread - 0] INFO  pipeline.PipelineStateManager (PipelineStateManagerV2Impl.java:addPipeline(101)) - Created pipeline Pipeline[ Id: 2e7739fb-a07e-47ad-b374-4e43a94260fe, Nodes: 8c203391-d7bf-416a-8a2d-d45edeb19bdd{ip: 10.1.0.26, host: fv-az122-479.zf1tlrj3kn4expqppa1j4mpycf.xx.internal.cloudapp.net, ports: [REPLICATION=41261, RATIS=41361, RATIS_ADMIN=41361, RATIS_SERVER=41361, STANDALONE=44597], networkLocation: /default-rack, certSerialId: null, persistedOpState: IN_SERVICE, persistedOpStateExpiryEpochSec: 0}, ReplicationConfig: RATIS/ONE, State:ALLOCATED, leaderId:, CreationTimestamp2021-07-14T22:47:40.252Z[Etc/UTC]].
2021-07-14 22:47:40,454 [IPC Server handler 2 on default port 34745] INFO  net.NetworkTopologyImpl (NetworkTopologyImpl.java:add(112)) - Added a new node: /default-rack/8eebc958-9398-4984-8b85-05c7775d5731
2021-07-14 22:47:40,454 [IPC Server handler 2 on default port 34745] INFO  node.SCMNodeManager (SCMNodeManager.java:register(386)) - Registered Data node : 8eebc958-9398-4984-8b85-05c7775d5731{ip: 10.1.0.26, host: fv-az122-479.zf1tlrj3kn4expqppa1j4mpycf.xx.internal.cloudapp.net, ports: [REPLICATION=44651, RATIS=46601, RATIS_ADMIN=46601, RATIS_SERVER=46601, STANDALONE=44885], networkLocation: /default-rack, certSerialId: null, persistedOpState: null, persistedOpStateExpiryEpochSec: 0}
2021-07-14 22:47:40,454 [EventQueue-NewNodeForNewNodeHandler] INFO  pipeline.BackgroundPipelineCreator (BackgroundPipelineCreatorV2.java:notifyEventTriggered(285)) - trigger a one-shot run on RatisPipelineUtilsThread.
2021-07-14 22:47:40,455 [EventQueue-NodeRegistrationContainerReportForDataNodeSafeModeRule] INFO  safemode.SCMSafeModeManager (DataNodeSafeModeRule.java:process(71)) - SCM in safe mode. 2 DataNodes registered, 3 required.
2021-07-14 22:47:40,456 [RatisPipelineUtilsThread - 0] INFO  pipeline.RatisPipelineProvider (RatisPipelineProvider.java:lambda$create$0(170)) - Sending CreatePipelineCommand for pipeline:PipelineID=20a20383-e387-40c3-a2df-4b7cb0dcd607 to datanode:8eebc958-9398-4984-8b85-05c7775d5731
2021-07-14 22:47:40,457 [RatisPipelineUtilsThread - 0] INFO  pipeline.PipelineStateManager (PipelineStateManagerV2Impl.java:addPipeline(101)) - Created pipeline Pipeline[ Id: 20a20383-e387-40c3-a2df-4b7cb0dcd607, Nodes: 8eebc958-9398-4984-8b85-05c7775d5731{ip: 10.1.0.26, host: fv-az122-479.zf1tlrj3kn4expqppa1j4mpycf.xx.internal.cloudapp.net, ports: [REPLICATION=44651, RATIS=46601, RATIS_ADMIN=46601, RATIS_SERVER=46601, STANDALONE=44885], networkLocation: /default-rack, certSerialId: null, persistedOpState: IN_SERVICE, persistedOpStateExpiryEpochSec: 0}, ReplicationConfig: RATIS/ONE, State:ALLOCATED, leaderId:, CreationTimestamp2021-07-14T22:47:40.456Z[Etc/UTC]].
2021-07-14 22:47:40,620 [Listener at 127.0.0.1/45761] INFO  ozone.MiniOzoneClusterImpl (MiniOzoneClusterImpl.java:lambda$waitForClusterToBeReady$0(230)) - Waiting for nodes to be ready. Got 2 of 3 DN Heartbeats.
2021-07-14 22:47:40,620 [Listener at 127.0.0.1/45761] INFO  ozone.MiniOzoneClusterImpl (MiniOzoneClusterImpl.java:lambda$waitForClusterToBeReady$0(233)) - Waiting for cluster to exit safe mode
2021-07-14 22:47:40,620 [Listener at 127.0.0.1/45761] INFO  ozone.MiniOzoneClusterImpl (MiniOzoneClusterImpl.java:lambda$waitForClusterToBeReady$0(235)) - SCM became leader
2021-07-14 22:47:40,629 [IPC Server handler 1 on default port 34745] INFO  net.NetworkTopologyImpl (NetworkTopologyImpl.java:add(112)) - Added a new node: /default-rack/13cc7e77-570e-489a-8f95-9257e310d74c
2021-07-14 22:47:40,630 [IPC Server handler 1 on default port 34745] INFO  node.SCMNodeManager (SCMNodeManager.java:register(386)) - Registered Data node : 13cc7e77-570e-489a-8f95-9257e310d74c{ip: 10.1.0.26, host: fv-az122-479.zf1tlrj3kn4expqppa1j4mpycf.xx.internal.cloudapp.net, ports: [REPLICATION=36335, RATIS=36681, RATIS_ADMIN=36681, RATIS_SERVER=36681, STANDALONE=32805], networkLocation: /default-rack, certSerialId: null, persistedOpState: null, persistedOpStateExpiryEpochSec: 0}
2021-07-14 22:47:40,630 [EventQueue-NewNodeForNewNodeHandler] INFO  pipeline.BackgroundPipelineCreator (BackgroundPipelineCreatorV2.java:notifyEventTriggered(285)) - trigger a one-shot run on RatisPipelineUtilsThread.
2021-07-14 22:47:40,631 [RatisPipelineUtilsThread - 0] INFO  pipeline.RatisPipelineProvider (RatisPipelineProvider.java:lambda$create$0(170)) - Sending CreatePipelineCommand for pipeline:PipelineID=1f7a479b-3e94-4952-a174-1bf7f7216de5 to datanode:13cc7e77-570e-489a-8f95-9257e310d74c
2021-07-14 22:47:40,631 [EventQueue-NodeRegistrationContainerReportForDataNodeSafeModeRule] INFO  safemode.SCMSafeModeManager (DataNodeSafeModeRule.java:process(71)) - SCM in safe mode. 3 DataNodes registered, 3 required.
2021-07-14 22:47:40,631 [EventQueue-NodeRegistrationContainerReportForDataNodeSafeModeRule] INFO  safemode.SCMSafeModeManager (SCMSafeModeManager.java:validateSafeModeExitRules(204)) - DataNodeSafeModeRule rule is successfully validated
2021-07-14 22:47:40,631 [EventQueue-NodeRegistrationContainerReportForDataNodeSafeModeRule] INFO  safemode.SCMSafeModeManager (SCMSafeModeManager.java:completePreCheck(233)) - All SCM safe mode pre check rules have passed
2021-07-14 22:47:40,631 [EventQueue-NodeRegistrationContainerReportForDataNodeSafeModeRule] WARN  events.EventQueue (EventQueue.java:fireEvent(194)) - No event handler registered for event TypedEvent{payloadType=SafeModeStatus, name='Safe mode status'}
2021-07-14 22:47:40,631 [EventQueue-NodeRegistrationContainerReportForDataNodeSafeModeRule] INFO  ha.SCMContext (SCMContext.java:updateSafeModeStatus(205)) - Update SafeModeStatus from SafeModeStatus{safeModeStatus=true, preCheckPassed=false} to SafeModeStatus{safeModeStatus=true, preCheckPassed=true}.
2021-07-14 22:47:40,631 [EventQueue-NodeRegistrationContainerReportForDataNodeSafeModeRule] INFO  pipeline.BackgroundPipelineCreator (BackgroundPipelineCreatorV2.java:notifyEventTriggered(285)) - trigger a one-shot run on RatisPipelineUtilsThread.
2021-07-14 22:47:40,633 [RatisPipelineUtilsThread - 0] INFO  pipeline.PipelineStateManager (PipelineStateManagerV2Impl.java:addPipeline(101)) - Created pipeline Pipeline[ Id: 1f7a479b-3e94-4952-a174-1bf7f7216de5, Nodes: 13cc7e77-570e-489a-8f95-9257e310d74c{ip: 10.1.0.26, host: fv-az122-479.zf1tlrj3kn4expqppa1j4mpycf.xx.internal.cloudapp.net, ports: [REPLICATION=36335, RATIS=36681, RATIS_ADMIN=36681, RATIS_SERVER=36681, STANDALONE=32805], networkLocation: /default-rack, certSerialId: null, persistedOpState: IN_SERVICE, persistedOpStateExpiryEpochSec: 0}, ReplicationConfig: RATIS/ONE, State:ALLOCATED, leaderId:, CreationTimestamp2021-07-14T22:47:40.631Z[Etc/UTC]].
2021-07-14 22:47:40,633 [RatisPipelineUtilsThread - 0] INFO  pipeline.RatisPipelineProvider (RatisPipelineProvider.java:lambda$create$0(170)) - Sending CreatePipelineCommand for pipeline:PipelineID=a87e27fb-2904-4402-887c-3da7cfc98dde to datanode:13cc7e77-570e-489a-8f95-9257e310d74c
2021-07-14 22:47:40,633 [RatisPipelineUtilsThread - 0] INFO  pipeline.RatisPipelineProvider (RatisPipelineProvider.java:lambda$create$0(170)) - Sending CreatePipelineCommand for pipeline:PipelineID=a87e27fb-2904-4402-887c-3da7cfc98dde to datanode:8c203391-d7bf-416a-8a2d-d45edeb19bdd
2021-07-14 22:47:40,633 [RatisPipelineUtilsThread - 0] INFO  pipeline.RatisPipelineProvider (RatisPipelineProvider.java:lambda$create$0(170)) - Sending CreatePipelineCommand for pipeline:PipelineID=a87e27fb-2904-4402-887c-3da7cfc98dde to datanode:8eebc958-9398-4984-8b85-05c7775d5731
2021-07-14 22:47:40,634 [RatisPipelineUtilsThread - 0] INFO  pipeline.PipelineStateManager (PipelineStateManagerV2Impl.java:addPipeline(101)) - Created pipeline Pipeline[ Id: a87e27fb-2904-4402-887c-3da7cfc98dde, Nodes: 13cc7e77-570e-489a-8f95-9257e310d74c{ip: 10.1.0.26, host: fv-az122-479.zf1tlrj3kn4expqppa1j4mpycf.xx.internal.cloudapp.net, ports: [REPLICATION=36335, RATIS=36681, RATIS_ADMIN=36681, RATIS_SERVER=36681, STANDALONE=32805], networkLocation: /default-rack, certSerialId: null, persistedOpState: IN_SERVICE, persistedOpStateExpiryEpochSec: 0}8c203391-d7bf-416a-8a2d-d45edeb19bdd{ip: 10.1.0.26, host: fv-az122-479.zf1tlrj3kn4expqppa1j4mpycf.xx.internal.cloudapp.net, ports: [REPLICATION=41261, RATIS=41361, RATIS_ADMIN=41361, RATIS_SERVER=41361, STANDALONE=44597], networkLocation: /default-rack, certSerialId: null, persistedOpState: IN_SERVICE, persistedOpStateExpiryEpochSec: 0}8eebc958-9398-4984-8b85-05c7775d5731{ip: 10.1.0.26, host: fv-az122-479.zf1tlrj3kn4expqppa1j4mpycf.xx.internal.cloudapp.net, ports: [REPLICATION=44651, RATIS=46601, RATIS_ADMIN=46601, RATIS_SERVER=46601, STANDALONE=44885], networkLocation: /default-rack, certSerialId: null, persistedOpState: IN_SERVICE, persistedOpStateExpiryEpochSec: 0}, ReplicationConfig: RATIS/THREE, State:ALLOCATED, leaderId:, CreationTimestamp2021-07-14T22:47:40.633Z[Etc/UTC]].
2021-07-14 22:47:41,620 [Listener at 127.0.0.1/45761] INFO  ozone.MiniOzoneClusterImpl (MiniOzoneClusterImpl.java:lambda$waitForClusterToBeReady$0(230)) - Nodes are ready. Got 3 of 3 DN Heartbeats.
2021-07-14 22:47:41,621 [Listener at 127.0.0.1/45761] INFO  ozone.MiniOzoneClusterImpl (MiniOzoneClusterImpl.java:lambda$waitForClusterToBeReady$0(233)) - Waiting for cluster to exit safe mode
2021-07-14 22:47:41,621 [Listener at 127.0.0.1/45761] INFO  ozone.MiniOzoneClusterImpl (MiniOzoneClusterImpl.java:lambda$waitForClusterToBeReady$0(235)) - SCM became leader
2021-07-14 22:47:42,622 [Listener at 127.0.0.1/45761] INFO  ozone.MiniOzoneClusterImpl (MiniOzoneClusterImpl.java:lambda$waitForClusterToBeReady$0(230)) - Nodes are ready. Got 3 of 3 DN Heartbeats.
2021-07-14 22:47:42,622 [Listener at 127.0.0.1/45761] INFO  ozone.MiniOzoneClusterImpl (MiniOzoneClusterImpl.java:lambda$waitForClusterToBeReady$0(233)) - Waiting for cluster to exit safe mode
2021-07-14 22:47:42,622 [Listener at 127.0.0.1/45761] INFO  ozone.MiniOzoneClusterImpl (MiniOzoneClusterImpl.java:lambda$waitForClusterToBeReady$0(235)) - SCM became leader
2021-07-14 22:47:43,243 [Command processor thread] INFO  server.RaftServer (RaftServerProxy.java:addNew(95)) - 8c203391-d7bf-416a-8a2d-d45edeb19bdd: addNew group-4E43A94260FE:[8c203391-d7bf-416a-8a2d-d45edeb19bdd|rpc:10.1.0.26:41361|priority:1] returns group-4E43A94260FE:java.util.concurrent.CompletableFuture@341479bc[Not completed]
2021-07-14 22:47:43,246 [pool-215-thread-1] INFO  server.RaftServer$Division (RaftServerImpl.java:<init>(180)) - 8c203391-d7bf-416a-8a2d-d45edeb19bdd: new RaftServerImpl for group-4E43A94260FE:[8c203391-d7bf-416a-8a2d-d45edeb19bdd|rpc:10.1.0.26:41361|priority:1] with ContainerStateMachine:uninitialized
2021-07-14 22:47:43,246 [pool-215-thread-1] INFO  server.RaftServerConfigKeys (ConfUtils.java:logGet(44)) - raft.server.rpc.timeout.min = 5s (custom)
2021-07-14 22:47:43,246 [pool-215-thread-1] INFO  server.RaftServerConfigKeys (ConfUtils.java:logGet(44)) - raft.server.rpc.timeout.max = 5200ms (custom)
2021-07-14 22:47:43,246 [pool-215-thread-1] INFO  server.RaftServerConfigKeys (ConfUtils.java:logGet(44)) - raft.server.rpc.sleep.time = 25ms (default)
2021-07-14 22:47:43,246 [pool-215-thread-1] INFO  server.RaftServerConfigKeys (ConfUtils.java:logGet(44)) - raft.server.rpc.slowness.timeout = 300s (custom)
2021-07-14 22:47:43,247 [pool-215-thread-1] INFO  server.RaftServerConfigKeys (ConfUtils.java:logGet(44)) - raft.server.leaderelection.leader.step-down.wait-time = 10s (default)
2021-07-14 22:47:43,247 [pool-215-thread-1] INFO  server.RaftServerConfigKeys (ConfUtils.java:logGet(44)) - raft.server.sleep.deviation.threshold = 300ms (default)
2021-07-14 22:47:43,247 [pool-215-thread-1] INFO  server.RaftServerConfigKeys (ConfUtils.java:logGet(44)) - raft.server.log.appender.install.snapshot.enabled = false (custom)
2021-07-14 22:47:43,247 [pool-215-thread-1] INFO  server.RaftServer$Division (ServerState.java:<init>(105)) - 8c203391-d7bf-416a-8a2d-d45edeb19bdd@group-4E43A94260FE: ConfigurationManager, init=-1: [8c203391-d7bf-416a-8a2d-d45edeb19bdd|rpc:10.1.0.26:41361|priority:1], old=null, confs=<EMPTY_MAP>
2021-07-14 22:47:43,247 [pool-215-thread-1] INFO  server.RaftServerConfigKeys (ConfUtils.java:logGet(44)) - raft.server.storage.dir = [/home/runner/work/ozone/ozone/mnt/ozone/hadoop-ozone/integration-test/target/test-dir/MiniOzoneClusterImpl-24e24ab0-2885-46cc-b3c8-2159e7c871dc/datanode-0/data/ratis] (custom)
2021-07-14 22:47:43,247 [pool-215-thread-1] INFO  server.RaftServerConfigKeys (ConfUtils.java:logGet(44)) - raft.server.log.corruption.policy = EXCEPTION (default)
2021-07-14 22:47:43,248 [pool-215-thread-1] INFO  storage.RaftStorageDirectory (RaftStorageDirectoryImpl.java:analyzeStorage(132)) - The storage directory /home/runner/work/ozone/ozone/mnt/ozone/hadoop-ozone/integration-test/target/test-dir/MiniOzoneClusterImpl-24e24ab0-2885-46cc-b3c8-2159e7c871dc/datanode-0/data/ratis/2e7739fb-a07e-47ad-b374-4e43a94260fe does not exist. Creating ...
2021-07-14 22:47:43,249 [pool-215-thread-1] INFO  storage.RaftStorageDirectory (RaftStorageDirectoryImpl.java:tryLock(215)) - Lock on /home/runner/work/ozone/ozone/mnt/ozone/hadoop-ozone/integration-test/target/test-dir/MiniOzoneClusterImpl-24e24ab0-2885-46cc-b3c8-2159e7c871dc/datanode-0/data/ratis/2e7739fb-a07e-47ad-b374-4e43a94260fe/in_use.lock acquired by nodename 23783@fv-az122-479
2021-07-14 22:47:43,250 [pool-215-thread-1] INFO  storage.RaftStorage (RaftStorageImpl.java:format(87)) - Storage directory /home/runner/work/ozone/ozone/mnt/ozone/hadoop-ozone/integration-test/target/test-dir/MiniOzoneClusterImpl-24e24ab0-2885-46cc-b3c8-2159e7c871dc/datanode-0/data/ratis/2e7739fb-a07e-47ad-b374-4e43a94260fe has been successfully formatted.
2021-07-14 22:47:43,251 [pool-215-thread-1] INFO  ratis.ContainerStateMachine (ContainerStateMachine.java:loadSnapshot(223)) - group-4E43A94260FE: The snapshot info is null. Setting the last applied indexto:(t:0, i:~)
2021-07-14 22:47:43,251 [pool-215-thread-1] INFO  server.RaftServerConfigKeys (ConfUtils.java:logGet(44)) - raft.server.notification.no-leader.timeout = 300s (custom)
2021-07-14 22:47:43,251 [pool-215-thread-1] INFO  server.RaftServerConfigKeys (ConfUtils.java:logGet(44)) - raft.server.log.use.memory = false (default)
2021-07-14 22:47:43,252 [pool-215-thread-1] INFO  server.RaftServerConfigKeys (ConfUtils.java:logGet(44)) - raft.server.log.purge.gap = 1000000 (custom)
2021-07-14 22:47:43,252 [pool-215-thread-1] INFO  server.RaftServerConfigKeys (ConfUtils.java:logGet(44)) - raft.server.log.appender.buffer.byte-limit = 33554432 (custom)
2021-07-14 22:47:43,252 [pool-215-thread-1] INFO  metrics.RatisMetrics (RatisMetrics.java:lambda$create$0(36)) - Creating Metrics Registry : ratis.log_worker.8c203391-d7bf-416a-8a2d-d45edeb19bdd@group-4E43A94260FE
2021-07-14 22:47:43,252 [EventQueue-PipelineReportForPipelineReportHandler] INFO  pipeline.PipelineManagerV2Impl (PipelineManagerV2Impl.java:openPipeline(283)) - Pipeline Pipeline[ Id: 2e7739fb-a07e-47ad-b374-4e43a94260fe, Nodes: 8c203391-d7bf-416a-8a2d-d45edeb19bdd{ip: 10.1.0.26, host: fv-az122-479.zf1tlrj3kn4expqppa1j4mpycf.xx.internal.cloudapp.net, ports: [REPLICATION=41261, RATIS=41361, RATIS_ADMIN=41361, RATIS_SERVER=41361, STANDALONE=44597], networkLocation: /default-rack, certSerialId: null, persistedOpState: IN_SERVICE, persistedOpStateExpiryEpochSec: 0}, ReplicationConfig: RATIS/ONE, State:ALLOCATED, leaderId:8c203391-d7bf-416a-8a2d-d45edeb19bdd, CreationTimestamp2021-07-14T22:47:40.252Z[Etc/UTC]] moved to OPEN state
2021-07-14 22:47:43,253 [pool-215-thread-1] INFO  server.RaftServerConfigKeys (ConfUtils.java:logGet(44)) - raft.server.log.segment.size.max = 1048576 (custom)
2021-07-14 22:47:43,253 [pool-215-thread-1] INFO  server.RaftServerConfigKeys (ConfUtils.java:logGet(44)) - raft.server.log.segment.cache.num.max = 2 (custom)
2021-07-14 22:47:43,253 [pool-215-thread-1] INFO  server.RaftServerConfigKeys (ConfUtils.java:logGet(44)) - raft.server.log.segment.cache.size.max = 200MB (=209715200) (default)
2021-07-14 22:47:43,254 [pool-215-thread-1] INFO  segmented.SegmentedRaftLogWorker (SegmentedRaftLogWorker.java:<init>(182)) - new 8c203391-d7bf-416a-8a2d-d45edeb19bdd@group-4E43A94260FE-SegmentedRaftLogWorker for RaftStorageImpl:Storage Directory /home/runner/work/ozone/ozone/mnt/ozone/hadoop-ozone/integration-test/target/test-dir/MiniOzoneClusterImpl-24e24ab0-2885-46cc-b3c8-2159e7c871dc/datanode-0/data/ratis/2e7739fb-a07e-47ad-b374-4e43a94260fe
2021-07-14 22:47:43,254 [pool-215-thread-1] INFO  server.RaftServerConfigKeys (ConfUtils.java:logGet(44)) - raft.server.log.queue.byte-limit = 2147483647 (custom)
2021-07-14 22:47:43,254 [pool-215-thread-1] INFO  server.RaftServerConfigKeys (ConfUtils.java:logGet(44)) - raft.server.log.queue.element-limit = 1024 (custom)
2021-07-14 22:47:43,254 [pool-215-thread-1] INFO  server.RaftServerConfigKeys (ConfUtils.java:logGet(44)) - raft.server.log.segment.size.max = 1048576 (custom)
2021-07-14 22:47:43,254 [pool-215-thread-1] INFO  server.RaftServerConfigKeys (ConfUtils.java:logGet(44)) - raft.server.log.preallocated.size = 16384 (custom)
2021-07-14 22:47:43,254 [pool-215-thread-1] INFO  server.RaftServerConfigKeys (ConfUtils.java:logGet(44)) - raft.server.log.force.sync.num = 128 (default)
2021-07-14 22:47:43,254 [pool-215-thread-1] INFO  server.RaftServerConfigKeys (ConfUtils.java:logGet(44)) - raft.server.log.statemachine.data.sync = true (default)
2021-07-14 22:47:43,255 [pool-215-thread-1] INFO  server.RaftServerConfigKeys (ConfUtils.java:logGet(44)) - raft.server.log.statemachine.data.sync.timeout = 10s (default)
2021-07-14 22:47:43,255 [pool-215-thread-1] INFO  server.RaftServerConfigKeys (ConfUtils.java:logGet(44)) - raft.server.log.statemachine.data.sync.timeout.retry = -1 (default)
2021-07-14 22:47:43,256 [pool-215-thread-1] INFO  server.RaftServerConfigKeys (ConfUtils.java:logGet(44)) - raft.server.log.write.buffer.size = 1048576 (custom)
2021-07-14 22:47:43,258 [pool-215-thread-1] INFO  server.RaftServerConfigKeys (ConfUtils.java:logGet(44)) - raft.server.log.statemachine.data.caching.enabled = true (custom)
2021-07-14 22:47:43,264 [pool-215-thread-1] INFO  segmented.SegmentedRaftLogWorker (SegmentedRaftLogWorker.java:lambda$new$0(133)) - 8c203391-d7bf-416a-8a2d-d45edeb19bdd@group-4E43A94260FE-SegmentedRaftLogWorker: flushIndex: setUnconditionally 0 -> -1
2021-07-14 22:47:43,264 [pool-215-thread-1] INFO  segmented.SegmentedRaftLogWorker (SegmentedRaftLogWorker.java:lambda$new$0(133)) - 8c203391-d7bf-416a-8a2d-d45edeb19bdd@group-4E43A94260FE-SegmentedRaftLogWorker: safeCacheEvictIndex: setUnconditionally 0 -> -1
2021-07-14 22:47:43,264 [EventQueue-OpenPipelineForHealthyPipelineSafeModeRule] INFO  safemode.SCMSafeModeManager (HealthyPipelineSafeModeRule.java:process(124)) - SCM in safe mode. Healthy pipelines reported count is 0, required healthy pipeline reported count is 1
2021-07-14 22:47:43,270 [pool-215-thread-1] INFO  server.RaftServerConfigKeys (ConfUtils.java:logGet(44)) - raft.server.snapshot.auto.trigger.enabled = true (custom)
2021-07-14 22:47:43,270 [pool-215-thread-1] INFO  server.RaftServerConfigKeys (ConfUtils.java:logGet(44)) - raft.server.snapshot.auto.trigger.threshold = 10000 (custom)
2021-07-14 22:47:43,270 [pool-215-thread-1] INFO  server.RaftServerConfigKeys (ConfUtils.java:logGet(44)) - raft.server.snapshot.retention.file.num = 5 (custom)
2021-07-14 22:47:43,270 [pool-215-thread-1] INFO  server.RaftServerConfigKeys (ConfUtils.java:logGet(44)) - raft.server.log.purge.upto.snapshot.index = false (default)
2021-07-14 22:47:43,270 [pool-215-thread-1] INFO  server.RaftServerConfigKeys (ConfUtils.java:logGet(44)) - raft.server.retrycache.expirytime = 600000ms (custom)
2021-07-14 22:47:43,270 [pool-215-thread-1] INFO  server.RaftServerConfigKeys (ConfUtils.java:logGet(44)) - raft.server.retrycache.statistics.expirytime = 100μs (default)
2021-07-14 22:47:43,270 [pool-215-thread-1] INFO  metrics.RatisMetrics (RatisMetrics.java:lambda$create$0(36)) - Creating Metrics Registry : ratis.leader_election.8c203391-d7bf-416a-8a2d-d45edeb19bdd@group-4E43A94260FE
2021-07-14 22:47:43,271 [pool-215-thread-1] INFO  metrics.RatisMetrics (RatisMetrics.java:lambda$create$0(36)) - Creating Metrics Registry : ratis.server.8c203391-d7bf-416a-8a2d-d45edeb19bdd@group-4E43A94260FE
2021-07-14 22:47:43,272 [pool-215-thread-1] INFO  server.RaftServer$Division (RaftServerImpl.java:start(295)) - 8c203391-d7bf-416a-8a2d-d45edeb19bdd@group-4E43A94260FE: start as a follower, conf=-1: [8c203391-d7bf-416a-8a2d-d45edeb19bdd|rpc:10.1.0.26:41361|priority:1], old=null
2021-07-14 22:47:43,272 [pool-215-thread-1] INFO  server.RaftServer$Division (RaftServerImpl.java:setRole(284)) - 8c203391-d7bf-416a-8a2d-d45edeb19bdd@group-4E43A94260FE: changes role from      null to FOLLOWER at term 0 for startAsFollower
2021-07-14 22:47:43,272 [pool-215-thread-1] INFO  impl.RoleInfo (RoleInfo.java:updateAndGet(130)) - 8c203391-d7bf-416a-8a2d-d45edeb19bdd: start 8c203391-d7bf-416a-8a2d-d45edeb19bdd@group-4E43A94260FE-FollowerState
2021-07-14 22:47:43,272 [pool-215-thread-1] INFO  util.JmxRegister (JmxRegister.java:tryRegister(44)) - Successfully registered JMX Bean with object name Ratis:service=RaftServer,group=group-4E43A94260FE,id=8c203391-d7bf-416a-8a2d-d45edeb19bdd
2021-07-14 22:47:43,272 [pool-215-thread-1] INFO  metrics.RatisMetrics (RatisMetrics.java:lambda$create$0(36)) - Creating Metrics Registry : ratis.state_machine.8c203391-d7bf-416a-8a2d-d45edeb19bdd@group-4E43A94260FE
2021-07-14 22:47:43,279 [Command processor thread] INFO  ratis.XceiverServerRatis (XceiverServerRatis.java:addGroup(759)) - Created group PipelineID=2e7739fb-a07e-47ad-b374-4e43a94260fe
2021-07-14 22:47:43,279 [Command processor thread] INFO  commandhandler.CreatePipelineCommandHandler (CreatePipelineCommandHandler.java:handle(106)) - Created Pipeline RATIS ONE PipelineID=2e7739fb-a07e-47ad-b374-4e43a94260fe.
2021-07-14 22:47:43,279 [Command processor thread] INFO  server.RaftServer (RaftServerProxy.java:addNew(95)) - 8c203391-d7bf-416a-8a2d-d45edeb19bdd: addNew group-3DA7CFC98DDE:[8c203391-d7bf-416a-8a2d-d45edeb19bdd|rpc:10.1.0.26:41361|priority:0, 13cc7e77-570e-489a-8f95-9257e310d74c|rpc:10.1.0.26:36681|priority:1, 8eebc958-9398-4984-8b85-05c7775d5731|rpc:10.1.0.26:46601|priority:0] returns group-3DA7CFC98DDE:java.util.concurrent.CompletableFuture@302bfbe6[Not completed]
2021-07-14 22:47:43,282 [pool-215-thread-1] INFO  server.RaftServer$Division (RaftServerImpl.java:<init>(180)) - 8c203391-d7bf-416a-8a2d-d45edeb19bdd: new RaftServerImpl for group-3DA7CFC98DDE:[8c203391-d7bf-416a-8a2d-d45edeb19bdd|rpc:10.1.0.26:41361|priority:0, 13cc7e77-570e-489a-8f95-9257e310d74c|rpc:10.1.0.26:36681|priority:1, 8eebc958-9398-4984-8b85-05c7775d5731|rpc:10.1.0.26:46601|priority:0] with ContainerStateMachine:uninitialized
2021-07-14 22:47:43,282 [pool-215-thread-1] INFO  server.RaftServerConfigKeys (ConfUtils.java:logGet(44)) - raft.server.rpc.timeout.min = 5s (custom)
2021-07-14 22:47:43,282 [pool-215-thread-1] INFO  server.RaftServerConfigKeys (ConfUtils.java:logGet(44)) - raft.server.rpc.timeout.max = 5200ms (custom)
2021-07-14 22:47:43,282 [pool-215-thread-1] INFO  server.RaftServerConfigKeys (ConfUtils.java:logGet(44)) - raft.server.rpc.sleep.time = 25ms (default)
2021-07-14 22:47:43,282 [pool-215-thread-1] INFO  server.RaftServerConfigKeys (ConfUtils.java:logGet(44)) - raft.server.rpc.slowness.timeout = 300s (custom)
2021-07-14 22:47:43,282 [pool-215-thread-1] INFO  server.RaftServerConfigKeys (ConfUtils.java:logGet(44)) - raft.server.leaderelection.leader.step-down.wait-time = 10s (default)
2021-07-14 22:47:43,282 [pool-215-thread-1] INFO  server.RaftServerConfigKeys (ConfUtils.java:logGet(44)) - raft.server.sleep.deviation.threshold = 300ms (default)
2021-07-14 22:47:43,283 [pool-215-thread-1] INFO  server.RaftServerConfigKeys (ConfUtils.java:logGet(44)) - raft.server.log.appender.install.snapshot.enabled = false (custom)
2021-07-14 22:47:43,283 [pool-215-thread-1] INFO  server.RaftServer$Division (ServerState.java:<init>(105)) - 8c203391-d7bf-416a-8a2d-d45edeb19bdd@group-3DA7CFC98DDE: ConfigurationManager, init=-1: [8c203391-d7bf-416a-8a2d-d45edeb19bdd|rpc:10.1.0.26:41361|priority:0, 13cc7e77-570e-489a-8f95-9257e310d74c|rpc:10.1.0.26:36681|priority:1, 8eebc958-9398-4984-8b85-05c7775d5731|rpc:10.1.0.26:46601|priority:0], old=null, confs=<EMPTY_MAP>
2021-07-14 22:47:43,283 [pool-215-thread-1] INFO  server.RaftServerConfigKeys (ConfUtils.java:logGet(44)) - raft.server.storage.dir = [/home/runner/work/ozone/ozone/mnt/ozone/hadoop-ozone/integration-test/target/test-dir/MiniOzoneClusterImpl-24e24ab0-2885-46cc-b3c8-2159e7c871dc/datanode-0/data/ratis] (custom)
2021-07-14 22:47:43,283 [pool-215-thread-1] INFO  server.RaftServerConfigKeys (ConfUtils.java:logGet(44)) - raft.server.log.corruption.policy = EXCEPTION (default)
2021-07-14 22:47:43,283 [pool-215-thread-1] INFO  storage.RaftStorageDirectory (RaftStorageDirectoryImpl.java:analyzeStorage(132)) - The storage directory /home/runner/work/ozone/ozone/mnt/ozone/hadoop-ozone/integration-test/target/test-dir/MiniOzoneClusterImpl-24e24ab0-2885-46cc-b3c8-2159e7c871dc/datanode-0/data/ratis/a87e27fb-2904-4402-887c-3da7cfc98dde does not exist. Creating ...
2021-07-14 22:47:43,285 [pool-215-thread-1] INFO  storage.RaftStorageDirectory (RaftStorageDirectoryImpl.java:tryLock(215)) - Lock on /home/runner/work/ozone/ozone/mnt/ozone/hadoop-ozone/integration-test/target/test-dir/MiniOzoneClusterImpl-24e24ab0-2885-46cc-b3c8-2159e7c871dc/datanode-0/data/ratis/a87e27fb-2904-4402-887c-3da7cfc98dde/in_use.lock acquired by nodename 23783@fv-az122-479
2021-07-14 22:47:43,287 [pool-215-thread-1] INFO  storage.RaftStorage (RaftStorageImpl.java:format(87)) - Storage directory /home/runner/work/ozone/ozone/mnt/ozone/hadoop-ozone/integration-test/target/test-dir/MiniOzoneClusterImpl-24e24ab0-2885-46cc-b3c8-2159e7c871dc/datanode-0/data/ratis/a87e27fb-2904-4402-887c-3da7cfc98dde has been successfully formatted.
2021-07-14 22:47:43,288 [pool-215-thread-1] INFO  ratis.ContainerStateMachine (ContainerStateMachine.java:loadSnapshot(223)) - group-3DA7CFC98DDE: The snapshot info is null. Setting the last applied indexto:(t:0, i:~)
2021-07-14 22:47:43,288 [pool-215-thread-1] INFO  server.RaftServerConfigKeys (ConfUtils.java:logGet(44)) - raft.server.notification.no-leader.timeout = 300s (custom)
2021-07-14 22:47:43,288 [pool-215-thread-1] INFO  server.RaftServerConfigKeys (ConfUtils.java:logGet(44)) - raft.server.log.use.memory = false (default)
2021-07-14 22:47:43,288 [pool-215-thread-1] INFO  server.RaftServerConfigKeys (ConfUtils.java:logGet(44)) - raft.server.log.purge.gap = 1000000 (custom)
2021-07-14 22:47:43,290 [EventQueue-OpenPipelineForHealthyPipelineSafeModeRule] INFO  safemode.SCMSafeModeManager (HealthyPipelineSafeModeRule.java:process(124)) - SCM in safe mode. Healthy pipelines reported count is 0, required healthy pipeline reported count is 1
2021-07-14 22:47:43,292 [pool-215-thread-1] INFO  server.RaftServerConfigKeys (ConfUtils.java:logGet(44)) - raft.server.log.appender.buffer.byte-limit = 33554432 (custom)
2021-07-14 22:47:43,292 [pool-215-thread-1] INFO  metrics.RatisMetrics (RatisMetrics.java:lambda$create$0(36)) - Creating Metrics Registry : ratis.log_worker.8c203391-d7bf-416a-8a2d-d45edeb19bdd@group-3DA7CFC98DDE
2021-07-14 22:47:43,293 [pool-215-thread-1] INFO  server.RaftServerConfigKeys (ConfUtils.java:logGet(44)) - raft.server.log.segment.size.max = 1048576 (custom)
2021-07-14 22:47:43,293 [pool-215-thread-1] INFO  server.RaftServerConfigKeys (ConfUtils.java:logGet(44)) - raft.server.log.segment.cache.num.max = 2 (custom)
2021-07-14 22:47:43,293 [pool-215-thread-1] INFO  server.RaftServerConfigKeys (ConfUtils.java:logGet(44)) - raft.server.log.segment.cache.size.max = 200MB (=209715200) (default)
2021-07-14 22:47:43,293 [pool-215-thread-1] INFO  segmented.SegmentedRaftLogWorker (SegmentedRaftLogWorker.java:<init>(182)) - new 8c203391-d7bf-416a-8a2d-d45edeb19bdd@group-3DA7CFC98DDE-SegmentedRaftLogWorker for RaftStorageImpl:Storage Directory /home/runner/work/ozone/ozone/mnt/ozone/hadoop-ozone/integration-test/target/test-dir/MiniOzoneClusterImpl-24e24ab0-2885-46cc-b3c8-2159e7c871dc/datanode-0/data/ratis/a87e27fb-2904-4402-887c-3da7cfc98dde
2021-07-14 22:47:43,293 [pool-215-thread-1] INFO  server.RaftServerConfigKeys (ConfUtils.java:logGet(44)) - raft.server.log.queue.byte-limit = 2147483647 (custom)
2021-07-14 22:47:43,293 [pool-215-thread-1] INFO  server.RaftServerConfigKeys (ConfUtils.java:logGet(44)) - raft.server.log.queue.element-limit = 1024 (custom)
2021-07-14 22:47:43,293 [pool-215-thread-1] INFO  server.RaftServerConfigKeys (ConfUtils.java:logGet(44)) - raft.server.log.segment.size.max = 1048576 (custom)
2021-07-14 22:47:43,294 [pool-215-thread-1] INFO  server.RaftServerConfigKeys (ConfUtils.java:logGet(44)) - raft.server.log.preallocated.size = 16384 (custom)
2021-07-14 22:47:43,294 [pool-215-thread-1] INFO  server.RaftServerConfigKeys (ConfUtils.java:logGet(44)) - raft.server.log.force.sync.num = 128 (default)
2021-07-14 22:47:43,294 [pool-215-thread-1] INFO  server.RaftServerConfigKeys (ConfUtils.java:logGet(44)) - raft.server.log.statemachine.data.sync = true (default)
2021-07-14 22:47:43,294 [pool-215-thread-1] INFO  server.RaftServerConfigKeys (ConfUtils.java:logGet(44)) - raft.server.log.statemachine.data.sync.timeout = 10s (default)
2021-07-14 22:47:43,294 [pool-215-thread-1] INFO  server.RaftServerConfigKeys (ConfUtils.java:logGet(44)) - raft.server.log.statemachine.data.sync.timeout.retry = -1 (default)
2021-07-14 22:47:43,295 [pool-215-thread-1] INFO  server.RaftServerConfigKeys (ConfUtils.java:logGet(44)) - raft.server.log.write.buffer.size = 1048576 (custom)
2021-07-14 22:47:43,297 [pool-215-thread-1] INFO  server.RaftServerConfigKeys (ConfUtils.java:logGet(44)) - raft.server.log.statemachine.data.caching.enabled = true (custom)
2021-07-14 22:47:43,297 [pool-215-thread-1] INFO  segmented.SegmentedRaftLogWorker (SegmentedRaftLogWorker.java:lambda$new$0(133)) - 8c203391-d7bf-416a-8a2d-d45edeb19bdd@group-3DA7CFC98DDE-SegmentedRaftLogWorker: flushIndex: setUnconditionally 0 -> -1
2021-07-14 22:47:43,297 [pool-215-thread-1] INFO  segmented.SegmentedRaftLogWorker (SegmentedRaftLogWorker.java:lambda$new$0(133)) - 8c203391-d7bf-416a-8a2d-d45edeb19bdd@group-3DA7CFC98DDE-SegmentedRaftLogWorker: safeCacheEvictIndex: setUnconditionally 0 -> -1
2021-07-14 22:47:43,299 [pool-215-thread-1] INFO  server.RaftServerConfigKeys (ConfUtils.java:logGet(44)) - raft.server.snapshot.auto.trigger.enabled = true (custom)
2021-07-14 22:47:43,299 [pool-215-thread-1] INFO  server.RaftServerConfigKeys (ConfUtils.java:logGet(44)) - raft.server.snapshot.auto.trigger.threshold = 10000 (custom)
2021-07-14 22:47:43,299 [pool-215-thread-1] INFO  server.RaftServerConfigKeys (ConfUtils.java:logGet(44)) - raft.server.snapshot.retention.file.num = 5 (custom)
2021-07-14 22:47:43,299 [pool-215-thread-1] INFO  server.RaftServerConfigKeys (ConfUtils.java:logGet(44)) - raft.server.log.purge.upto.snapshot.index = false (default)
2021-07-14 22:47:43,299 [pool-215-thread-1] INFO  server.RaftServerConfigKeys (ConfUtils.java:logGet(44)) - raft.server.retrycache.expirytime = 600000ms (custom)
2021-07-14 22:47:43,299 [pool-215-thread-1] INFO  server.RaftServerConfigKeys (ConfUtils.java:logGet(44)) - raft.server.retrycache.statistics.expirytime = 100μs (default)
2021-07-14 22:47:43,299 [pool-215-thread-1] INFO  metrics.RatisMetrics (RatisMetrics.java:lambda$create$0(36)) - Creating Metrics Registry : ratis.leader_election.8c203391-d7bf-416a-8a2d-d45edeb19bdd@group-3DA7CFC98DDE
2021-07-14 22:47:43,300 [pool-215-thread-1] INFO  metrics.RatisMetrics (RatisMetrics.java:lambda$create$0(36)) - Creating Metrics Registry : ratis.server.8c203391-d7bf-416a-8a2d-d45edeb19bdd@group-3DA7CFC98DDE
2021-07-14 22:47:43,301 [pool-215-thread-1] INFO  server.RaftServer$Division (RaftServerImpl.java:start(295)) - 8c203391-d7bf-416a-8a2d-d45edeb19bdd@group-3DA7CFC98DDE: start as a follower, conf=-1: [8c203391-d7bf-416a-8a2d-d45edeb19bdd|rpc:10.1.0.26:41361|priority:0, 13cc7e77-570e-489a-8f95-9257e310d74c|rpc:10.1.0.26:36681|priority:1, 8eebc958-9398-4984-8b85-05c7775d5731|rpc:10.1.0.26:46601|priority:0], old=null
2021-07-14 22:47:43,301 [pool-215-thread-1] INFO  server.RaftServer$Division (RaftServerImpl.java:setRole(284)) - 8c203391-d7bf-416a-8a2d-d45edeb19bdd@group-3DA7CFC98DDE: changes role from      null to FOLLOWER at term 0 for startAsFollower
2021-07-14 22:47:43,301 [pool-215-thread-1] INFO  impl.RoleInfo (RoleInfo.java:updateAndGet(130)) - 8c203391-d7bf-416a-8a2d-d45edeb19bdd: start 8c203391-d7bf-416a-8a2d-d45edeb19bdd@group-3DA7CFC98DDE-FollowerState
2021-07-14 22:47:43,301 [pool-215-thread-1] INFO  util.JmxRegister (JmxRegister.java:tryRegister(44)) - Successfully registered JMX Bean with object name Ratis:service=RaftServer,group=group-3DA7CFC98DDE,id=8c203391-d7bf-416a-8a2d-d45edeb19bdd
2021-07-14 22:47:43,301 [pool-215-thread-1] INFO  metrics.RatisMetrics (RatisMetrics.java:lambda$create$0(36)) - Creating Metrics Registry : ratis.state_machine.8c203391-d7bf-416a-8a2d-d45edeb19bdd@group-3DA7CFC98DDE
2021-07-14 22:47:43,302 [Command processor thread] INFO  ratis.XceiverServerRatis (XceiverServerRatis.java:addGroup(759)) - Created group PipelineID=a87e27fb-2904-4402-887c-3da7cfc98dde
2021-07-14 22:47:43,303 [Command processor thread] INFO  metrics.RatisMetrics (RatisMetrics.java:lambda$create$0(36)) - Creating Metrics Registry : ratis.client_message_metrics.client-71B841CF2A4D->13cc7e77-570e-489a-8f95-9257e310d74c
2021-07-14 22:47:43,310 [grpc-default-executor-1] INFO  metrics.RatisMetrics (RatisMetrics.java:lambda$create$0(36)) - Creating Metrics Registry : ratis.server_message_metrics.13cc7e77-570e-489a-8f95-9257e310d74c
2021-07-14 22:47:43,312 [grpc-default-executor-1] INFO  server.RaftServer (RaftServerProxy.java:addNew(95)) - 13cc7e77-570e-489a-8f95-9257e310d74c: addNew group-3DA7CFC98DDE:[8c203391-d7bf-416a-8a2d-d45edeb19bdd|rpc:10.1.0.26:41361|dataStream:|priority:0, 13cc7e77-570e-489a-8f95-9257e310d74c|rpc:10.1.0.26:36681|dataStream:|priority:1, 8eebc958-9398-4984-8b85-05c7775d5731|rpc:10.1.0.26:46601|dataStream:|priority:0] returns group-3DA7CFC98DDE:java.util.concurrent.CompletableFuture@6f2412b3[Not completed]
2021-07-14 22:47:43,314 [pool-251-thread-1] INFO  server.RaftServer$Division (RaftServerImpl.java:<init>(180)) - 13cc7e77-570e-489a-8f95-9257e310d74c: new RaftServerImpl for group-3DA7CFC98DDE:[8c203391-d7bf-416a-8a2d-d45edeb19bdd|rpc:10.1.0.26:41361|dataStream:|priority:0, 13cc7e77-570e-489a-8f95-9257e310d74c|rpc:10.1.0.26:36681|dataStream:|priority:1, 8eebc958-9398-4984-8b85-05c7775d5731|rpc:10.1.0.26:46601|dataStream:|priority:0] with ContainerStateMachine:uninitialized
2021-07-14 22:47:43,315 [pool-251-thread-1] INFO  server.RaftServerConfigKeys (ConfUtils.java:logGet(44)) - raft.server.rpc.timeout.min = 5s (custom)
2021-07-14 22:47:43,316 [pool-251-thread-1] INFO  server.RaftServerConfigKeys (ConfUtils.java:logGet(44)) - raft.server.rpc.timeout.max = 5200ms (custom)
2021-07-14 22:47:43,316 [pool-251-thread-1] INFO  server.RaftServerConfigKeys (ConfUtils.java:logGet(44)) - raft.server.rpc.sleep.time = 25ms (default)
2021-07-14 22:47:43,316 [pool-251-thread-1] INFO  server.RaftServerConfigKeys (ConfUtils.java:logGet(44)) - raft.server.rpc.slowness.timeout = 300s (custom)
2021-07-14 22:47:43,316 [pool-251-thread-1] INFO  server.RaftServerConfigKeys (ConfUtils.java:logGet(44)) - raft.server.leaderelection.leader.step-down.wait-time = 10s (default)
2021-07-14 22:47:43,316 [pool-251-thread-1] INFO  server.RaftServerConfigKeys (ConfUtils.java:logGet(44)) - raft.server.sleep.deviation.threshold = 300ms (default)
2021-07-14 22:47:43,316 [pool-251-thread-1] INFO  server.RaftServerConfigKeys (ConfUtils.java:logGet(44)) - raft.server.log.appender.install.snapshot.enabled = false (custom)
2021-07-14 22:47:43,316 [pool-251-thread-1] INFO  server.RaftServer$Division (ServerState.java:<init>(105)) - 13cc7e77-570e-489a-8f95-9257e310d74c@group-3DA7CFC98DDE: ConfigurationManager, init=-1: [8c203391-d7bf-416a-8a2d-d45edeb19bdd|rpc:10.1.0.26:41361|dataStream:|priority:0, 13cc7e77-570e-489a-8f95-9257e310d74c|rpc:10.1.0.26:36681|dataStream:|priority:1, 8eebc958-9398-4984-8b85-05c7775d5731|rpc:10.1.0.26:46601|dataStream:|priority:0], old=null, confs=<EMPTY_MAP>
2021-07-14 22:47:43,316 [pool-251-thread-1] INFO  server.RaftServerConfigKeys (ConfUtils.java:logGet(44)) - raft.server.storage.dir = [/home/runner/work/ozone/ozone/mnt/ozone/hadoop-ozone/integration-test/target/test-dir/MiniOzoneClusterImpl-24e24ab0-2885-46cc-b3c8-2159e7c871dc/datanode-2/data/ratis] (custom)
2021-07-14 22:47:43,317 [pool-251-thread-1] INFO  server.RaftServerConfigKeys (ConfUtils.java:logGet(44)) - raft.server.log.corruption.policy = EXCEPTION (default)
2021-07-14 22:47:43,317 [pool-251-thread-1] INFO  storage.RaftStorageDirectory (RaftStorageDirectoryImpl.java:analyzeStorage(132)) - The storage directory /home/runner/work/ozone/ozone/mnt/ozone/hadoop-ozone/integration-test/target/test-dir/MiniOzoneClusterImpl-24e24ab0-2885-46cc-b3c8-2159e7c871dc/datanode-2/data/ratis/a87e27fb-2904-4402-887c-3da7cfc98dde does not exist. Creating ...
2021-07-14 22:47:43,318 [pool-251-thread-1] INFO  storage.RaftStorageDirectory (RaftStorageDirectoryImpl.java:tryLock(215)) - Lock on /home/runner/work/ozone/ozone/mnt/ozone/hadoop-ozone/integration-test/target/test-dir/MiniOzoneClusterImpl-24e24ab0-2885-46cc-b3c8-2159e7c871dc/datanode-2/data/ratis/a87e27fb-2904-4402-887c-3da7cfc98dde/in_use.lock acquired by nodename 23783@fv-az122-479
2021-07-14 22:47:43,319 [pool-251-thread-1] INFO  storage.RaftStorage (RaftStorageImpl.java:format(87)) - Storage directory /home/runner/work/ozone/ozone/mnt/ozone/hadoop-ozone/integration-test/target/test-dir/MiniOzoneClusterImpl-24e24ab0-2885-46cc-b3c8-2159e7c871dc/datanode-2/data/ratis/a87e27fb-2904-4402-887c-3da7cfc98dde has been successfully formatted.
2021-07-14 22:47:43,320 [pool-251-thread-1] INFO  ratis.ContainerStateMachine (ContainerStateMachine.java:loadSnapshot(223)) - group-3DA7CFC98DDE: The snapshot info is null. Setting the last applied indexto:(t:0, i:~)
2021-07-14 22:47:43,320 [pool-251-thread-1] INFO  server.RaftServerConfigKeys (ConfUtils.java:logGet(44)) - raft.server.notification.no-leader.timeout = 300s (custom)
2021-07-14 22:47:43,320 [pool-251-thread-1] INFO  server.RaftServerConfigKeys (ConfUtils.java:logGet(44)) - raft.server.log.use.memory = false (default)
2021-07-14 22:47:43,321 [pool-251-thread-1] INFO  server.RaftServerConfigKeys (ConfUtils.java:logGet(44)) - raft.server.log.purge.gap = 1000000 (custom)
2021-07-14 22:47:43,321 [pool-251-thread-1] INFO  server.RaftServerConfigKeys (ConfUtils.java:logGet(44)) - raft.server.log.appender.buffer.byte-limit = 33554432 (custom)
2021-07-14 22:47:43,321 [pool-251-thread-1] INFO  metrics.RatisMetrics (RatisMetrics.java:lambda$create$0(36)) - Creating Metrics Registry : ratis.log_worker.13cc7e77-570e-489a-8f95-9257e310d74c@group-3DA7CFC98DDE
2021-07-14 22:47:43,322 [pool-251-thread-1] INFO  server.RaftServerConfigKeys (ConfUtils.java:logGet(44)) - raft.server.log.segment.size.max = 1048576 (custom)
2021-07-14 22:47:43,322 [pool-251-thread-1] INFO  server.RaftServerConfigKeys (ConfUtils.java:logGet(44)) - raft.server.log.segment.cache.num.max = 2 (custom)
2021-07-14 22:47:43,322 [pool-251-thread-1] INFO  server.RaftServerConfigKeys (ConfUtils.java:logGet(44)) - raft.server.log.segment.cache.size.max = 200MB (=209715200) (default)
2021-07-14 22:47:43,322 [pool-251-thread-1] INFO  segmented.SegmentedRaftLogWorker (SegmentedRaftLogWorker.java:<init>(182)) - new 13cc7e77-570e-489a-8f95-9257e310d74c@group-3DA7CFC98DDE-SegmentedRaftLogWorker for RaftStorageImpl:Storage Directory /home/runner/work/ozone/ozone/mnt/ozone/hadoop-ozone/integration-test/target/test-dir/MiniOzoneClusterImpl-24e24ab0-2885-46cc-b3c8-2159e7c871dc/datanode-2/data/ratis/a87e27fb-2904-4402-887c-3da7cfc98dde
2021-07-14 22:47:43,322 [pool-251-thread-1] INFO  server.RaftServerConfigKeys (ConfUtils.java:logGet(44)) - raft.server.log.queue.byte-limit = 2147483647 (custom)
2021-07-14 22:47:43,322 [pool-251-thread-1] INFO  server.RaftServerConfigKeys (ConfUtils.java:logGet(44)) - raft.server.log.queue.element-limit = 1024 (custom)
2021-07-14 22:47:43,322 [pool-251-thread-1] INFO  server.RaftServerConfigKeys (ConfUtils.java:logGet(44)) - raft.server.log.segment.size.max = 1048576 (custom)
2021-07-14 22:47:43,322 [pool-251-thread-1] INFO  server.RaftServerConfigKeys (ConfUtils.java:logGet(44)) - raft.server.log.preallocated.size = 16384 (custom)
2021-07-14 22:47:43,322 [pool-251-thread-1] INFO  server.RaftServerConfigKeys (ConfUtils.java:logGet(44)) - raft.server.log.force.sync.num = 128 (default)
2021-07-14 22:47:43,323 [pool-251-thread-1] INFO  server.RaftServerConfigKeys (ConfUtils.java:logGet(44)) - raft.server.log.statemachine.data.sync = true (default)
2021-07-14 22:47:43,323 [pool-251-thread-1] INFO  server.RaftServerConfigKeys (ConfUtils.java:logGet(44)) - raft.server.log.statemachine.data.sync.timeout = 10s (default)
2021-07-14 22:47:43,323 [pool-251-thread-1] INFO  server.RaftServerConfigKeys (ConfUtils.java:logGet(44)) - raft.server.log.statemachine.data.sync.timeout.retry = -1 (default)
2021-07-14 22:47:43,324 [pool-251-thread-1] INFO  server.RaftServerConfigKeys (ConfUtils.java:logGet(44)) - raft.server.log.write.buffer.size = 1048576 (custom)
2021-07-14 22:47:43,325 [pool-251-thread-1] INFO  server.RaftServerConfigKeys (ConfUtils.java:logGet(44)) - raft.server.log.statemachine.data.caching.enabled = true (custom)
2021-07-14 22:47:43,325 [pool-251-thread-1] INFO  segmented.SegmentedRaftLogWorker (SegmentedRaftLogWorker.java:lambda$new$0(133)) - 13cc7e77-570e-489a-8f95-9257e310d74c@group-3DA7CFC98DDE-SegmentedRaftLogWorker: flushIndex: setUnconditionally 0 -> -1
2021-07-14 22:47:43,325 [pool-251-thread-1] INFO  segmented.SegmentedRaftLogWorker (SegmentedRaftLogWorker.java:lambda$new$0(133)) - 13cc7e77-570e-489a-8f95-9257e310d74c@group-3DA7CFC98DDE-SegmentedRaftLogWorker: safeCacheEvictIndex: setUnconditionally 0 -> -1
2021-07-14 22:47:43,331 [pool-251-thread-1] INFO  server.RaftServerConfigKeys (ConfUtils.java:logGet(44)) - raft.server.snapshot.auto.trigger.enabled = true (custom)
2021-07-14 22:47:43,332 [pool-251-thread-1] INFO  server.RaftServerConfigKeys (ConfUtils.java:logGet(44)) - raft.server.snapshot.auto.trigger.threshold = 10000 (custom)
2021-07-14 22:47:43,332 [pool-251-thread-1] INFO  server.RaftServerConfigKeys (ConfUtils.java:logGet(44)) - raft.server.snapshot.retention.file.num = 5 (custom)
2021-07-14 22:47:43,332 [pool-251-thread-1] INFO  server.RaftServerConfigKeys (ConfUtils.java:logGet(44)) - raft.server.log.purge.upto.snapshot.index = false (default)
2021-07-14 22:47:43,332 [pool-251-thread-1] INFO  server.RaftServerConfigKeys (ConfUtils.java:logGet(44)) - raft.server.retrycache.expirytime = 600000ms (custom)
2021-07-14 22:47:43,332 [pool-251-thread-1] INFO  server.RaftServerConfigKeys (ConfUtils.java:logGet(44)) - raft.server.retrycache.statistics.expirytime = 100μs (default)
2021-07-14 22:47:43,333 [pool-251-thread-1] INFO  metrics.RatisMetrics (RatisMetrics.java:lambda$create$0(36)) - Creating Metrics Registry : ratis.leader_election.13cc7e77-570e-489a-8f95-9257e310d74c@group-3DA7CFC98DDE
2021-07-14 22:47:43,333 [pool-251-thread-1] INFO  metrics.RatisMetrics (RatisMetrics.java:lambda$create$0(36)) - Creating Metrics Registry : ratis.server.13cc7e77-570e-489a-8f95-9257e310d74c@group-3DA7CFC98DDE
2021-07-14 22:47:43,334 [pool-251-thread-1] INFO  server.RaftServer$Division (RaftServerImpl.java:start(295)) - 13cc7e77-570e-489a-8f95-9257e310d74c@group-3DA7CFC98DDE: start as a follower, conf=-1: [8c203391-d7bf-416a-8a2d-d45edeb19bdd|rpc:10.1.0.26:41361|dataStream:|priority:0, 13cc7e77-570e-489a-8f95-9257e310d74c|rpc:10.1.0.26:36681|dataStream:|priority:1, 8eebc958-9398-4984-8b85-05c7775d5731|rpc:10.1.0.26:46601|dataStream:|priority:0], old=null
2021-07-14 22:47:43,334 [pool-251-thread-1] INFO  server.RaftServer$Division (RaftServerImpl.java:setRole(284)) - 13cc7e77-570e-489a-8f95-9257e310d74c@group-3DA7CFC98DDE: changes role from      null to FOLLOWER at term 0 for startAsFollower
2021-07-14 22:47:43,334 [pool-251-thread-1] INFO  impl.RoleInfo (RoleInfo.java:updateAndGet(130)) - 13cc7e77-570e-489a-8f95-9257e310d74c: start 13cc7e77-570e-489a-8f95-9257e310d74c@group-3DA7CFC98DDE-FollowerState
2021-07-14 22:47:43,335 [pool-251-thread-1] INFO  util.JmxRegister (JmxRegister.java:tryRegister(44)) - Successfully registered JMX Bean with object name Ratis:service=RaftServer,group=group-3DA7CFC98DDE,id=13cc7e77-570e-489a-8f95-9257e310d74c
2021-07-14 22:47:43,335 [pool-251-thread-1] INFO  metrics.RatisMetrics (RatisMetrics.java:lambda$create$0(36)) - Creating Metrics Registry : ratis.state_machine.13cc7e77-570e-489a-8f95-9257e310d74c@group-3DA7CFC98DDE
2021-07-14 22:47:43,366 [Command processor thread] INFO  metrics.RatisMetrics (RatisMetrics.java:lambda$create$0(36)) - Creating Metrics Registry : ratis.client_message_metrics.client-6DF97982F3D0->8eebc958-9398-4984-8b85-05c7775d5731
2021-07-14 22:47:43,372 [grpc-default-executor-1] INFO  metrics.RatisMetrics (RatisMetrics.java:lambda$create$0(36)) - Creating Metrics Registry : ratis.server_message_metrics.8eebc958-9398-4984-8b85-05c7775d5731
2021-07-14 22:47:43,374 [grpc-default-executor-1] INFO  server.RaftServer (RaftServerProxy.java:addNew(95)) - 8eebc958-9398-4984-8b85-05c7775d5731: addNew group-3DA7CFC98DDE:[8c203391-d7bf-416a-8a2d-d45edeb19bdd|rpc:10.1.0.26:41361|dataStream:|priority:0, 13cc7e77-570e-489a-8f95-9257e310d74c|rpc:10.1.0.26:36681|dataStream:|priority:1, 8eebc958-9398-4984-8b85-05c7775d5731|rpc:10.1.0.26:46601|dataStream:|priority:0] returns group-3DA7CFC98DDE:java.util.concurrent.CompletableFuture@74ac9c9a[Not completed]
2021-07-14 22:47:43,375 [pool-233-thread-1] INFO  server.RaftServer$Division (RaftServerImpl.java:<init>(180)) - 8eebc958-9398-4984-8b85-05c7775d5731: new RaftServerImpl for group-3DA7CFC98DDE:[8c203391-d7bf-416a-8a2d-d45edeb19bdd|rpc:10.1.0.26:41361|dataStream:|priority:0, 13cc7e77-570e-489a-8f95-9257e310d74c|rpc:10.1.0.26:36681|dataStream:|priority:1, 8eebc958-9398-4984-8b85-05c7775d5731|rpc:10.1.0.26:46601|dataStream:|priority:0] with ContainerStateMachine:uninitialized
2021-07-14 22:47:43,376 [pool-233-thread-1] INFO  server.RaftServerConfigKeys (ConfUtils.java:logGet(44)) - raft.server.rpc.timeout.min = 5s (custom)
2021-07-14 22:47:43,376 [pool-233-thread-1] INFO  server.RaftServerConfigKeys (ConfUtils.java:logGet(44)) - raft.server.rpc.timeout.max = 5200ms (custom)
2021-07-14 22:47:43,376 [pool-233-thread-1] INFO  server.RaftServerConfigKeys (ConfUtils.java:logGet(44)) - raft.server.rpc.sleep.time = 25ms (default)
2021-07-14 22:47:43,377 [pool-233-thread-1] INFO  server.RaftServerConfigKeys (ConfUtils.java:logGet(44)) - raft.server.rpc.slowness.timeout = 300s (custom)
2021-07-14 22:47:43,377 [pool-233-thread-1] INFO  server.RaftServerConfigKeys (ConfUtils.java:logGet(44)) - raft.server.leaderelection.leader.step-down.wait-time = 10s (default)
2021-07-14 22:47:43,377 [pool-233-thread-1] INFO  server.RaftServerConfigKeys (ConfUtils.java:logGet(44)) - raft.server.sleep.deviation.threshold = 300ms (default)
2021-07-14 22:47:43,377 [pool-233-thread-1] INFO  server.RaftServerConfigKeys (ConfUtils.java:logGet(44)) - raft.server.log.appender.install.snapshot.enabled = false (custom)
2021-07-14 22:47:43,377 [pool-233-thread-1] INFO  server.RaftServer$Division (ServerState.java:<init>(105)) - 8eebc958-9398-4984-8b85-05c7775d5731@group-3DA7CFC98DDE: ConfigurationManager, init=-1: [8c203391-d7bf-416a-8a2d-d45edeb19bdd|rpc:10.1.0.26:41361|dataStream:|priority:0, 13cc7e77-570e-489a-8f95-9257e310d74c|rpc:10.1.0.26:36681|dataStream:|priority:1, 8eebc958-9398-4984-8b85-05c7775d5731|rpc:10.1.0.26:46601|dataStream:|priority:0], old=null, confs=<EMPTY_MAP>
2021-07-14 22:47:43,377 [pool-233-thread-1] INFO  server.RaftServerConfigKeys (ConfUtils.java:logGet(44)) - raft.server.storage.dir = [/home/runner/work/ozone/ozone/mnt/ozone/hadoop-ozone/integration-test/target/test-dir/MiniOzoneClusterImpl-24e24ab0-2885-46cc-b3c8-2159e7c871dc/datanode-1/data/ratis] (custom)
2021-07-14 22:47:43,377 [pool-233-thread-1] INFO  server.RaftServerConfigKeys (ConfUtils.java:logGet(44)) - raft.server.log.corruption.policy = EXCEPTION (default)
2021-07-14 22:47:43,377 [pool-233-thread-1] INFO  storage.RaftStorageDirectory (RaftStorageDirectoryImpl.java:analyzeStorage(132)) - The storage directory /home/runner/work/ozone/ozone/mnt/ozone/hadoop-ozone/integration-test/target/test-dir/MiniOzoneClusterImpl-24e24ab0-2885-46cc-b3c8-2159e7c871dc/datanode-1/data/ratis/a87e27fb-2904-4402-887c-3da7cfc98dde does not exist. Creating ...
2021-07-14 22:47:43,378 [pool-233-thread-1] INFO  storage.RaftStorageDirectory (RaftStorageDirectoryImpl.java:tryLock(215)) - Lock on /home/runner/work/ozone/ozone/mnt/ozone/hadoop-ozone/integration-test/target/test-dir/MiniOzoneClusterImpl-24e24ab0-2885-46cc-b3c8-2159e7c871dc/datanode-1/data/ratis/a87e27fb-2904-4402-887c-3da7cfc98dde/in_use.lock acquired by nodename 23783@fv-az122-479
2021-07-14 22:47:43,382 [pool-233-thread-1] INFO  storage.RaftStorage (RaftStorageImpl.java:format(87)) - Storage directory /home/runner/work/ozone/ozone/mnt/ozone/hadoop-ozone/integration-test/target/test-dir/MiniOzoneClusterImpl-24e24ab0-2885-46cc-b3c8-2159e7c871dc/datanode-1/data/ratis/a87e27fb-2904-4402-887c-3da7cfc98dde has been successfully formatted.
2021-07-14 22:47:43,383 [pool-233-thread-1] INFO  ratis.ContainerStateMachine (ContainerStateMachine.java:loadSnapshot(223)) - group-3DA7CFC98DDE: The snapshot info is null. Setting the last applied indexto:(t:0, i:~)
2021-07-14 22:47:43,383 [pool-233-thread-1] INFO  server.RaftServerConfigKeys (ConfUtils.java:logGet(44)) - raft.server.notification.no-leader.timeout = 300s (custom)
2021-07-14 22:47:43,384 [pool-233-thread-1] INFO  server.RaftServerConfigKeys (ConfUtils.java:logGet(44)) - raft.server.log.use.memory = false (default)
2021-07-14 22:47:43,384 [pool-233-thread-1] INFO  server.RaftServerConfigKeys (ConfUtils.java:logGet(44)) - raft.server.log.purge.gap = 1000000 (custom)
2021-07-14 22:47:43,384 [pool-233-thread-1] INFO  server.RaftServerConfigKeys (ConfUtils.java:logGet(44)) - raft.server.log.appender.buffer.byte-limit = 33554432 (custom)
2021-07-14 22:47:43,384 [pool-233-thread-1] INFO  metrics.RatisMetrics (RatisMetrics.java:lambda$create$0(36)) - Creating Metrics Registry : ratis.log_worker.8eebc958-9398-4984-8b85-05c7775d5731@group-3DA7CFC98DDE
2021-07-14 22:47:43,385 [pool-233-thread-1] INFO  server.RaftServerConfigKeys (ConfUtils.java:logGet(44)) - raft.server.log.segment.size.max = 1048576 (custom)
2021-07-14 22:47:43,385 [pool-233-thread-1] INFO  server.RaftServerConfigKeys (ConfUtils.java:logGet(44)) - raft.server.log.segment.cache.num.max = 2 (custom)
2021-07-14 22:47:43,387 [pool-233-thread-1] INFO  server.RaftServerConfigKeys (ConfUtils.java:logGet(44)) - raft.server.log.segment.cache.size.max = 200MB (=209715200) (default)
2021-07-14 22:47:43,387 [pool-233-thread-1] INFO  segmented.SegmentedRaftLogWorker (SegmentedRaftLogWorker.java:<init>(182)) - new 8eebc958-9398-4984-8b85-05c7775d5731@group-3DA7CFC98DDE-SegmentedRaftLogWorker for RaftStorageImpl:Storage Directory /home/runner/work/ozone/ozone/mnt/ozone/hadoop-ozone/integration-test/target/test-dir/MiniOzoneClusterImpl-24e24ab0-2885-46cc-b3c8-2159e7c871dc/datanode-1/data/ratis/a87e27fb-2904-4402-887c-3da7cfc98dde
2021-07-14 22:47:43,387 [pool-233-thread-1] INFO  server.RaftServerConfigKeys (ConfUtils.java:logGet(44)) - raft.server.log.queue.byte-limit = 2147483647 (custom)
2021-07-14 22:47:43,387 [pool-233-thread-1] INFO  server.RaftServerConfigKeys (ConfUtils.java:logGet(44)) - raft.server.log.queue.element-limit = 1024 (custom)
2021-07-14 22:47:43,387 [pool-233-thread-1] INFO  server.RaftServerConfigKeys (ConfUtils.java:logGet(44)) - raft.server.log.segment.size.max = 1048576 (custom)
2021-07-14 22:47:43,387 [pool-233-thread-1] INFO  server.RaftServerConfigKeys (ConfUtils.java:logGet(44)) - raft.server.log.preallocated.size = 16384 (custom)
2021-07-14 22:47:43,387 [pool-233-thread-1] INFO  server.RaftServerConfigKeys (ConfUtils.java:logGet(44)) - raft.server.log.force.sync.num = 128 (default)
2021-07-14 22:47:43,387 [pool-233-thread-1] INFO  server.RaftServerConfigKeys (ConfUtils.java:logGet(44)) - raft.server.log.statemachine.data.sync = true (default)
2021-07-14 22:47:43,387 [pool-233-thread-1] INFO  server.RaftServerConfigKeys (ConfUtils.java:logGet(44)) - raft.server.log.statemachine.data.sync.timeout = 10s (default)
2021-07-14 22:47:43,388 [pool-233-thread-1] INFO  server.RaftServerConfigKeys (ConfUtils.java:logGet(44)) - raft.server.log.statemachine.data.sync.timeout.retry = -1 (default)
2021-07-14 22:47:43,389 [pool-233-thread-1] INFO  server.RaftServerConfigKeys (ConfUtils.java:logGet(44)) - raft.server.log.write.buffer.size = 1048576 (custom)
2021-07-14 22:47:43,389 [pool-233-thread-1] INFO  server.RaftServerConfigKeys (ConfUtils.java:logGet(44)) - raft.server.log.statemachine.data.caching.enabled = true (custom)
2021-07-14 22:47:43,389 [pool-233-thread-1] INFO  segmented.SegmentedRaftLogWorker (SegmentedRaftLogWorker.java:lambda$new$0(133)) - 8eebc958-9398-4984-8b85-05c7775d5731@group-3DA7CFC98DDE-SegmentedRaftLogWorker: flushIndex: setUnconditionally 0 -> -1
2021-07-14 22:47:43,389 [pool-233-thread-1] INFO  segmented.SegmentedRaftLogWorker (SegmentedRaftLogWorker.java:lambda$new$0(133)) - 8eebc958-9398-4984-8b85-05c7775d5731@group-3DA7CFC98DDE-SegmentedRaftLogWorker: safeCacheEvictIndex: setUnconditionally 0 -> -1
2021-07-14 22:47:43,390 [pool-233-thread-1] INFO  server.RaftServerConfigKeys (ConfUtils.java:logGet(44)) - raft.server.snapshot.auto.trigger.enabled = true (custom)
2021-07-14 22:47:43,390 [pool-233-thread-1] INFO  server.RaftServerConfigKeys (ConfUtils.java:logGet(44)) - raft.server.snapshot.auto.trigger.threshold = 10000 (custom)
2021-07-14 22:47:43,390 [pool-233-thread-1] INFO  server.RaftServerConfigKeys (ConfUtils.java:logGet(44)) - raft.server.snapshot.retention.file.num = 5 (custom)
2021-07-14 22:47:43,390 [pool-233-thread-1] INFO  server.RaftServerConfigKeys (ConfUtils.java:logGet(44)) - raft.server.log.purge.upto.snapshot.index = false (default)
2021-07-14 22:47:43,390 [pool-233-thread-1] INFO  server.RaftServerConfigKeys (ConfUtils.java:logGet(44)) - raft.server.retrycache.expirytime = 600000ms (custom)
2021-07-14 22:47:43,390 [pool-233-thread-1] INFO  server.RaftServerConfigKeys (ConfUtils.java:logGet(44)) - raft.server.retrycache.statistics.expirytime = 100μs (default)
2021-07-14 22:47:43,390 [pool-233-thread-1] INFO  metrics.RatisMetrics (RatisMetrics.java:lambda$create$0(36)) - Creating Metrics Registry : ratis.leader_election.8eebc958-9398-4984-8b85-05c7775d5731@group-3DA7CFC98DDE
2021-07-14 22:47:43,391 [pool-233-thread-1] INFO  metrics.RatisMetrics (RatisMetrics.java:lambda$create$0(36)) - Creating Metrics Registry : ratis.server.8eebc958-9398-4984-8b85-05c7775d5731@group-3DA7CFC98DDE
2021-07-14 22:47:43,392 [pool-233-thread-1] INFO  server.RaftServer$Division (RaftServerImpl.java:start(295)) - 8eebc958-9398-4984-8b85-05c7775d5731@group-3DA7CFC98DDE: start as a follower, conf=-1: [8c203391-d7bf-416a-8a2d-d45edeb19bdd|rpc:10.1.0.26:41361|dataStream:|priority:0, 13cc7e77-570e-489a-8f95-9257e310d74c|rpc:10.1.0.26:36681|dataStream:|priority:1, 8eebc958-9398-4984-8b85-05c7775d5731|rpc:10.1.0.26:46601|dataStream:|priority:0], old=null
2021-07-14 22:47:43,392 [pool-233-thread-1] INFO  server.RaftServer$Division (RaftServerImpl.java:setRole(284)) - 8eebc958-9398-4984-8b85-05c7775d5731@group-3DA7CFC98DDE: changes role from      null to FOLLOWER at term 0 for startAsFollower
2021-07-14 22:47:43,392 [pool-233-thread-1] INFO  impl.RoleInfo (RoleInfo.java:updateAndGet(130)) - 8eebc958-9398-4984-8b85-05c7775d5731: start 8eebc958-9398-4984-8b85-05c7775d5731@group-3DA7CFC98DDE-FollowerState
2021-07-14 22:47:43,395 [pool-233-thread-1] INFO  util.JmxRegister (JmxRegister.java:tryRegister(44)) - Successfully registered JMX Bean with object name Ratis:service=RaftServer,group=group-3DA7CFC98DDE,id=8eebc958-9398-4984-8b85-05c7775d5731
2021-07-14 22:47:43,395 [pool-233-thread-1] INFO  metrics.RatisMetrics (RatisMetrics.java:lambda$create$0(36)) - Creating Metrics Registry : ratis.state_machine.8eebc958-9398-4984-8b85-05c7775d5731@group-3DA7CFC98DDE
2021-07-14 22:47:43,400 [Command processor thread] INFO  commandhandler.CreatePipelineCommandHandler (CreatePipelineCommandHandler.java:handle(106)) - Created Pipeline RATIS THREE PipelineID=a87e27fb-2904-4402-887c-3da7cfc98dde.
2021-07-14 22:47:43,452 [Command processor thread] INFO  server.RaftServer (RaftServerProxy.java:addNew(95)) - 8eebc958-9398-4984-8b85-05c7775d5731: addNew group-4B7CB0DCD607:[8eebc958-9398-4984-8b85-05c7775d5731|rpc:10.1.0.26:46601|priority:1] returns group-4B7CB0DCD607:java.util.concurrent.CompletableFuture@668f6e6e[Not completed]
2021-07-14 22:47:43,453 [pool-233-thread-1] INFO  server.RaftServer$Division (RaftServerImpl.java:<init>(180)) - 8eebc958-9398-4984-8b85-05c7775d5731: new RaftServerImpl for group-4B7CB0DCD607:[8eebc958-9398-4984-8b85-05c7775d5731|rpc:10.1.0.26:46601|priority:1] with ContainerStateMachine:uninitialized
2021-07-14 22:47:43,453 [pool-233-thread-1] INFO  server.RaftServerConfigKeys (ConfUtils.java:logGet(44)) - raft.server.rpc.timeout.min = 5s (custom)
2021-07-14 22:47:43,453 [pool-233-thread-1] INFO  server.RaftServerConfigKeys (ConfUtils.java:logGet(44)) - raft.server.rpc.timeout.max = 5200ms (custom)
2021-07-14 22:47:43,453 [pool-233-thread-1] INFO  server.RaftServerConfigKeys (ConfUtils.java:logGet(44)) - raft.server.rpc.sleep.time = 25ms (default)
2021-07-14 22:47:43,453 [pool-233-thread-1] INFO  server.RaftServerConfigKeys (ConfUtils.java:logGet(44)) - raft.server.rpc.slowness.timeout = 300s (custom)
2021-07-14 22:47:43,453 [pool-233-thread-1] INFO  server.RaftServerConfigKeys (ConfUtils.java:logGet(44)) - raft.server.leaderelection.leader.step-down.wait-time = 10s (default)
2021-07-14 22:47:43,453 [pool-233-thread-1] INFO  server.RaftServerConfigKeys (ConfUtils.java:logGet(44)) - raft.server.sleep.deviation.threshold = 300ms (default)
2021-07-14 22:47:43,453 [pool-233-thread-1] INFO  server.RaftServerConfigKeys (ConfUtils.java:logGet(44)) - raft.server.log.appender.install.snapshot.enabled = false (custom)
2021-07-14 22:47:43,454 [pool-233-thread-1] INFO  server.RaftServer$Division (ServerState.java:<init>(105)) - 8eebc958-9398-4984-8b85-05c7775d5731@group-4B7CB0DCD607: ConfigurationManager, init=-1: [8eebc958-9398-4984-8b85-05c7775d5731|rpc:10.1.0.26:46601|priority:1], old=null, confs=<EMPTY_MAP>
2021-07-14 22:47:43,454 [pool-233-thread-1] INFO  server.RaftServerConfigKeys (ConfUtils.java:logGet(44)) - raft.server.storage.dir = [/home/runner/work/ozone/ozone/mnt/ozone/hadoop-ozone/integration-test/target/test-dir/MiniOzoneClusterImpl-24e24ab0-2885-46cc-b3c8-2159e7c871dc/datanode-1/data/ratis] (custom)
2021-07-14 22:47:43,454 [pool-233-thread-1] INFO  server.RaftServerConfigKeys (ConfUtils.java:logGet(44)) - raft.server.log.corruption.policy = EXCEPTION (default)
2021-07-14 22:47:43,454 [pool-233-thread-1] INFO  storage.RaftStorageDirectory (RaftStorageDirectoryImpl.java:analyzeStorage(132)) - The storage directory /home/runner/work/ozone/ozone/mnt/ozone/hadoop-ozone/integration-test/target/test-dir/MiniOzoneClusterImpl-24e24ab0-2885-46cc-b3c8-2159e7c871dc/datanode-1/data/ratis/20a20383-e387-40c3-a2df-4b7cb0dcd607 does not exist. Creating ...
2021-07-14 22:47:43,455 [pool-233-thread-1] INFO  storage.RaftStorageDirectory (RaftStorageDirectoryImpl.java:tryLock(215)) - Lock on /home/runner/work/ozone/ozone/mnt/ozone/hadoop-ozone/integration-test/target/test-dir/MiniOzoneClusterImpl-24e24ab0-2885-46cc-b3c8-2159e7c871dc/datanode-1/data/ratis/20a20383-e387-40c3-a2df-4b7cb0dcd607/in_use.lock acquired by nodename 23783@fv-az122-479
2021-07-14 22:47:43,456 [pool-233-thread-1] INFO  storage.RaftStorage (RaftStorageImpl.java:format(87)) - Storage directory /home/runner/work/ozone/ozone/mnt/ozone/hadoop-ozone/integration-test/target/test-dir/MiniOzoneClusterImpl-24e24ab0-2885-46cc-b3c8-2159e7c871dc/datanode-1/data/ratis/20a20383-e387-40c3-a2df-4b7cb0dcd607 has been successfully formatted.
2021-07-14 22:47:43,457 [pool-233-thread-1] INFO  ratis.ContainerStateMachine (ContainerStateMachine.java:loadSnapshot(223)) - group-4B7CB0DCD607: The snapshot info is null. Setting the last applied indexto:(t:0, i:~)
2021-07-14 22:47:43,457 [pool-233-thread-1] INFO  server.RaftServerConfigKeys (ConfUtils.java:logGet(44)) - raft.server.notification.no-leader.timeout = 300s (custom)
2021-07-14 22:47:43,457 [pool-233-thread-1] INFO  server.RaftServerConfigKeys (ConfUtils.java:logGet(44)) - raft.server.log.use.memory = false (default)
2021-07-14 22:47:43,457 [pool-233-thread-1] INFO  server.RaftServerConfigKeys (ConfUtils.java:logGet(44)) - raft.server.log.purge.gap = 1000000 (custom)
2021-07-14 22:47:43,457 [pool-233-thread-1] INFO  server.RaftServerConfigKeys (ConfUtils.java:logGet(44)) - raft.server.log.appender.buffer.byte-limit = 33554432 (custom)
2021-07-14 22:47:43,457 [pool-233-thread-1] INFO  metrics.RatisMetrics (RatisMetrics.java:lambda$create$0(36)) - Creating Metrics Registry : ratis.log_worker.8eebc958-9398-4984-8b85-05c7775d5731@group-4B7CB0DCD607
2021-07-14 22:47:43,458 [pool-233-thread-1] INFO  server.RaftServerConfigKeys (ConfUtils.java:logGet(44)) - raft.server.log.segment.size.max = 1048576 (custom)
2021-07-14 22:47:43,459 [pool-233-thread-1] INFO  server.RaftServerConfigKeys (ConfUtils.java:logGet(44)) - raft.server.log.segment.cache.num.max = 2 (custom)
2021-07-14 22:47:43,459 [pool-233-thread-1] INFO  server.RaftServerConfigKeys (ConfUtils.java:logGet(44)) - raft.server.log.segment.cache.size.max = 200MB (=209715200) (default)
2021-07-14 22:47:43,459 [pool-233-thread-1] INFO  segmented.SegmentedRaftLogWorker (SegmentedRaftLogWorker.java:<init>(182)) - new 8eebc958-9398-4984-8b85-05c7775d5731@group-4B7CB0DCD607-SegmentedRaftLogWorker for RaftStorageImpl:Storage Directory /home/runner/work/ozone/ozone/mnt/ozone/hadoop-ozone/integration-test/target/test-dir/MiniOzoneClusterImpl-24e24ab0-2885-46cc-b3c8-2159e7c871dc/datanode-1/data/ratis/20a20383-e387-40c3-a2df-4b7cb0dcd607
2021-07-14 22:47:43,459 [pool-233-thread-1] INFO  server.RaftServerConfigKeys (ConfUtils.java:logGet(44)) - raft.server.log.queue.byte-limit = 2147483647 (custom)
2021-07-14 22:47:43,459 [pool-233-thread-1] INFO  server.RaftServerConfigKeys (ConfUtils.java:logGet(44)) - raft.server.log.queue.element-limit = 1024 (custom)
2021-07-14 22:47:43,459 [pool-233-thread-1] INFO  server.RaftServerConfigKeys (ConfUtils.java:logGet(44)) - raft.server.log.segment.size.max = 1048576 (custom)
2021-07-14 22:47:43,459 [EventQueue-PipelineReportForPipelineReportHandler] INFO  pipeline.PipelineManagerV2Impl (PipelineManagerV2Impl.java:openPipeline(283)) - Pipeline Pipeline[ Id: 20a20383-e387-40c3-a2df-4b7cb0dcd607, Nodes: 8eebc958-9398-4984-8b85-05c7775d5731{ip: 10.1.0.26, host: fv-az122-479.zf1tlrj3kn4expqppa1j4mpycf.xx.internal.cloudapp.net, ports: [REPLICATION=44651, RATIS=46601, RATIS_ADMIN=46601, RATIS_SERVER=46601, STANDALONE=44885], networkLocation: /default-rack, certSerialId: null, persistedOpState: IN_SERVICE, persistedOpStateExpiryEpochSec: 0}, ReplicationConfig: RATIS/ONE, State:ALLOCATED, leaderId:8eebc958-9398-4984-8b85-05c7775d5731, CreationTimestamp2021-07-14T22:47:40.456Z[Etc/UTC]] moved to OPEN state
2021-07-14 22:47:43,459 [EventQueue-OpenPipelineForHealthyPipelineSafeModeRule] INFO  safemode.SCMSafeModeManager (HealthyPipelineSafeModeRule.java:process(124)) - SCM in safe mode. Healthy pipelines reported count is 0, required healthy pipeline reported count is 1
2021-07-14 22:47:43,459 [pool-233-thread-1] INFO  server.RaftServerConfigKeys (ConfUtils.java:logGet(44)) - raft.server.log.preallocated.size = 16384 (custom)
2021-07-14 22:47:43,460 [pool-233-thread-1] INFO  server.RaftServerConfigKeys (ConfUtils.java:logGet(44)) - raft.server.log.force.sync.num = 128 (default)
2021-07-14 22:47:43,460 [pool-233-thread-1] INFO  server.RaftServerConfigKeys (ConfUtils.java:logGet(44)) - raft.server.log.statemachine.data.sync = true (default)
2021-07-14 22:47:43,460 [pool-233-thread-1] INFO  server.RaftServerConfigKeys (ConfUtils.java:logGet(44)) - raft.server.log.statemachine.data.sync.timeout = 10s (default)
2021-07-14 22:47:43,460 [pool-233-thread-1] INFO  server.RaftServerConfigKeys (ConfUtils.java:logGet(44)) - raft.server.log.statemachine.data.sync.timeout.retry = -1 (default)
2021-07-14 22:47:43,462 [pool-233-thread-1] INFO  server.RaftServerConfigKeys (ConfUtils.java:logGet(44)) - raft.server.log.write.buffer.size = 1048576 (custom)
2021-07-14 22:47:43,462 [pool-233-thread-1] INFO  server.RaftServerConfigKeys (ConfUtils.java:logGet(44)) - raft.server.log.statemachine.data.caching.enabled = true (custom)
2021-07-14 22:47:43,463 [pool-233-thread-1] INFO  segmented.SegmentedRaftLogWorker (SegmentedRaftLogWorker.java:lambda$new$0(133)) - 8eebc958-9398-4984-8b85-05c7775d5731@group-4B7CB0DCD607-SegmentedRaftLogWorker: flushIndex: setUnconditionally 0 -> -1
2021-07-14 22:47:43,463 [pool-233-thread-1] INFO  segmented.SegmentedRaftLogWorker (SegmentedRaftLogWorker.java:lambda$new$0(133)) - 8eebc958-9398-4984-8b85-05c7775d5731@group-4B7CB0DCD607-SegmentedRaftLogWorker: safeCacheEvictIndex: setUnconditionally 0 -> -1
2021-07-14 22:47:43,463 [pool-233-thread-1] INFO  server.RaftServerConfigKeys (ConfUtils.java:logGet(44)) - raft.server.snapshot.auto.trigger.enabled = true (custom)
2021-07-14 22:47:43,463 [pool-233-thread-1] INFO  server.RaftServerConfigKeys (ConfUtils.java:logGet(44)) - raft.server.snapshot.auto.trigger.threshold = 10000 (custom)
2021-07-14 22:47:43,463 [pool-233-thread-1] INFO  server.RaftServerConfigKeys (ConfUtils.java:logGet(44)) - raft.server.snapshot.retention.file.num = 5 (custom)
2021-07-14 22:47:43,463 [pool-233-thread-1] INFO  server.RaftServerConfigKeys (ConfUtils.java:logGet(44)) - raft.server.log.purge.upto.snapshot.index = false (default)
2021-07-14 22:47:43,463 [pool-233-thread-1] INFO  server.RaftServerConfigKeys (ConfUtils.java:logGet(44)) - raft.server.retrycache.expirytime = 600000ms (custom)
2021-07-14 22:47:43,464 [pool-233-thread-1] INFO  server.RaftServerConfigKeys (ConfUtils.java:logGet(44)) - raft.server.retrycache.statistics.expirytime = 100μs (default)
2021-07-14 22:47:43,464 [pool-233-thread-1] INFO  metrics.RatisMetrics (RatisMetrics.java:lambda$create$0(36)) - Creating Metrics Registry : ratis.leader_election.8eebc958-9398-4984-8b85-05c7775d5731@group-4B7CB0DCD607
2021-07-14 22:47:43,464 [pool-233-thread-1] INFO  metrics.RatisMetrics (RatisMetrics.java:lambda$create$0(36)) - Creating Metrics Registry : ratis.server.8eebc958-9398-4984-8b85-05c7775d5731@group-4B7CB0DCD607
2021-07-14 22:47:43,465 [pool-233-thread-1] INFO  server.RaftServer$Division (RaftServerImpl.java:start(295)) - 8eebc958-9398-4984-8b85-05c7775d5731@group-4B7CB0DCD607: start as a follower, conf=-1: [8eebc958-9398-4984-8b85-05c7775d5731|rpc:10.1.0.26:46601|priority:1], old=null
2021-07-14 22:47:43,465 [pool-233-thread-1] INFO  server.RaftServer$Division (RaftServerImpl.java:setRole(284)) - 8eebc958-9398-4984-8b85-05c7775d5731@group-4B7CB0DCD607: changes role from      null to FOLLOWER at term 0 for startAsFollower
2021-07-14 22:47:43,465 [pool-233-thread-1] INFO  impl.RoleInfo (RoleInfo.java:updateAndGet(130)) - 8eebc958-9398-4984-8b85-05c7775d5731: start 8eebc958-9398-4984-8b85-05c7775d5731@group-4B7CB0DCD607-FollowerState
2021-07-14 22:47:43,467 [pool-233-thread-1] INFO  util.JmxRegister (JmxRegister.java:tryRegister(44)) - Successfully registered JMX Bean with object name Ratis:service=RaftServer,group=group-4B7CB0DCD607,id=8eebc958-9398-4984-8b85-05c7775d5731
2021-07-14 22:47:43,467 [pool-233-thread-1] INFO  metrics.RatisMetrics (RatisMetrics.java:lambda$create$0(36)) - Creating Metrics Registry : ratis.state_machine.8eebc958-9398-4984-8b85-05c7775d5731@group-4B7CB0DCD607
2021-07-14 22:47:43,467 [Command processor thread] INFO  ratis.XceiverServerRatis (XceiverServerRatis.java:addGroup(759)) - Created group PipelineID=20a20383-e387-40c3-a2df-4b7cb0dcd607
2021-07-14 22:47:43,467 [Command processor thread] INFO  commandhandler.CreatePipelineCommandHandler (CreatePipelineCommandHandler.java:handle(106)) - Created Pipeline RATIS ONE PipelineID=20a20383-e387-40c3-a2df-4b7cb0dcd607.
2021-07-14 22:47:43,622 [Listener at 127.0.0.1/45761] INFO  ozone.MiniOzoneClusterImpl (MiniOzoneClusterImpl.java:lambda$waitForClusterToBeReady$0(230)) - Nodes are ready. Got 3 of 3 DN Heartbeats.
2021-07-14 22:47:43,623 [Listener at 127.0.0.1/45761] INFO  ozone.MiniOzoneClusterImpl (MiniOzoneClusterImpl.java:lambda$waitForClusterToBeReady$0(233)) - Waiting for cluster to exit safe mode
2021-07-14 22:47:43,623 [Listener at 127.0.0.1/45761] INFO  ozone.MiniOzoneClusterImpl (MiniOzoneClusterImpl.java:lambda$waitForClusterToBeReady$0(235)) - SCM became leader
2021-07-14 22:47:43,628 [Command processor thread] INFO  server.RaftServer (RaftServerProxy.java:addNew(95)) - 13cc7e77-570e-489a-8f95-9257e310d74c: addNew group-1BF7F7216DE5:[13cc7e77-570e-489a-8f95-9257e310d74c|rpc:10.1.0.26:36681|priority:1] returns group-1BF7F7216DE5:java.util.concurrent.CompletableFuture@396025de[Not completed]
2021-07-14 22:47:43,629 [pool-251-thread-1] INFO  server.RaftServer$Division (RaftServerImpl.java:<init>(180)) - 13cc7e77-570e-489a-8f95-9257e310d74c: new RaftServerImpl for group-1BF7F7216DE5:[13cc7e77-570e-489a-8f95-9257e310d74c|rpc:10.1.0.26:36681|priority:1] with ContainerStateMachine:uninitialized
2021-07-14 22:47:43,629 [pool-251-thread-1] INFO  server.RaftServerConfigKeys (ConfUtils.java:logGet(44)) - raft.server.rpc.timeout.min = 5s (custom)
2021-07-14 22:47:43,629 [pool-251-thread-1] INFO  server.RaftServerConfigKeys (ConfUtils.java:logGet(44)) - raft.server.rpc.timeout.max = 5200ms (custom)
2021-07-14 22:47:43,629 [pool-251-thread-1] INFO  server.RaftServerConfigKeys (ConfUtils.java:logGet(44)) - raft.server.rpc.sleep.time = 25ms (default)
2021-07-14 22:47:43,629 [pool-251-thread-1] INFO  server.RaftServerConfigKeys (ConfUtils.java:logGet(44)) - raft.server.rpc.slowness.timeout = 300s (custom)
2021-07-14 22:47:43,629 [pool-251-thread-1] INFO  server.RaftServerConfigKeys (ConfUtils.java:logGet(44)) - raft.server.leaderelection.leader.step-down.wait-time = 10s (default)
2021-07-14 22:47:43,629 [pool-251-thread-1] INFO  server.RaftServerConfigKeys (ConfUtils.java:logGet(44)) - raft.server.sleep.deviation.threshold = 300ms (default)
2021-07-14 22:47:43,629 [pool-251-thread-1] INFO  server.RaftServerConfigKeys (ConfUtils.java:logGet(44)) - raft.server.log.appender.install.snapshot.enabled = false (custom)
2021-07-14 22:47:43,629 [pool-251-thread-1] INFO  server.RaftServer$Division (ServerState.java:<init>(105)) - 13cc7e77-570e-489a-8f95-9257e310d74c@group-1BF7F7216DE5: ConfigurationManager, init=-1: [13cc7e77-570e-489a-8f95-9257e310d74c|rpc:10.1.0.26:36681|priority:1], old=null, confs=<EMPTY_MAP>
2021-07-14 22:47:43,629 [pool-251-thread-1] INFO  server.RaftServerConfigKeys (ConfUtils.java:logGet(44)) - raft.server.storage.dir = [/home/runner/work/ozone/ozone/mnt/ozone/hadoop-ozone/integration-test/target/test-dir/MiniOzoneClusterImpl-24e24ab0-2885-46cc-b3c8-2159e7c871dc/datanode-2/data/ratis] (custom)
2021-07-14 22:47:43,630 [pool-251-thread-1] INFO  server.RaftServerConfigKeys (ConfUtils.java:logGet(44)) - raft.server.log.corruption.policy = EXCEPTION (default)
2021-07-14 22:47:43,630 [pool-251-thread-1] INFO  storage.RaftStorageDirectory (RaftStorageDirectoryImpl.java:analyzeStorage(132)) - The storage directory /home/runner/work/ozone/ozone/mnt/ozone/hadoop-ozone/integration-test/target/test-dir/MiniOzoneClusterImpl-24e24ab0-2885-46cc-b3c8-2159e7c871dc/datanode-2/data/ratis/1f7a479b-3e94-4952-a174-1bf7f7216de5 does not exist. Creating ...
2021-07-14 22:47:43,631 [pool-251-thread-1] INFO  storage.RaftStorageDirectory (RaftStorageDirectoryImpl.java:tryLock(215)) - Lock on /home/runner/work/ozone/ozone/mnt/ozone/hadoop-ozone/integration-test/target/test-dir/MiniOzoneClusterImpl-24e24ab0-2885-46cc-b3c8-2159e7c871dc/datanode-2/data/ratis/1f7a479b-3e94-4952-a174-1bf7f7216de5/in_use.lock acquired by nodename 23783@fv-az122-479
2021-07-14 22:47:43,632 [pool-251-thread-1] INFO  storage.RaftStorage (RaftStorageImpl.java:format(87)) - Storage directory /home/runner/work/ozone/ozone/mnt/ozone/hadoop-ozone/integration-test/target/test-dir/MiniOzoneClusterImpl-24e24ab0-2885-46cc-b3c8-2159e7c871dc/datanode-2/data/ratis/1f7a479b-3e94-4952-a174-1bf7f7216de5 has been successfully formatted.
2021-07-14 22:47:43,633 [pool-251-thread-1] INFO  ratis.ContainerStateMachine (ContainerStateMachine.java:loadSnapshot(223)) - group-1BF7F7216DE5: The snapshot info is null. Setting the last applied indexto:(t:0, i:~)
2021-07-14 22:47:43,633 [pool-251-thread-1] INFO  server.RaftServerConfigKeys (ConfUtils.java:logGet(44)) - raft.server.notification.no-leader.timeout = 300s (custom)
2021-07-14 22:47:43,633 [pool-251-thread-1] INFO  server.RaftServerConfigKeys (ConfUtils.java:logGet(44)) - raft.server.log.use.memory = false (default)
2021-07-14 22:47:43,633 [pool-251-thread-1] INFO  server.RaftServerConfigKeys (ConfUtils.java:logGet(44)) - raft.server.log.purge.gap = 1000000 (custom)
2021-07-14 22:47:43,633 [pool-251-thread-1] INFO  server.RaftServerConfigKeys (ConfUtils.java:logGet(44)) - raft.server.log.appender.buffer.byte-limit = 33554432 (custom)
2021-07-14 22:47:43,633 [pool-251-thread-1] INFO  metrics.RatisMetrics (RatisMetrics.java:lambda$create$0(36)) - Creating Metrics Registry : ratis.log_worker.13cc7e77-570e-489a-8f95-9257e310d74c@group-1BF7F7216DE5
2021-07-14 22:47:43,633 [pool-251-thread-1] INFO  server.RaftServerConfigKeys (ConfUtils.java:logGet(44)) - raft.server.log.segment.size.max = 1048576 (custom)
2021-07-14 22:47:43,634 [EventQueue-PipelineReportForPipelineReportHandler] INFO  pipeline.PipelineManagerV2Impl (PipelineManagerV2Impl.java:openPipeline(283)) - Pipeline Pipeline[ Id: 1f7a479b-3e94-4952-a174-1bf7f7216de5, Nodes: 13cc7e77-570e-489a-8f95-9257e310d74c{ip: 10.1.0.26, host: fv-az122-479.zf1tlrj3kn4expqppa1j4mpycf.xx.internal.cloudapp.net, ports: [REPLICATION=36335, RATIS=36681, RATIS_ADMIN=36681, RATIS_SERVER=36681, STANDALONE=32805], networkLocation: /default-rack, certSerialId: null, persistedOpState: IN_SERVICE, persistedOpStateExpiryEpochSec: 0}, ReplicationConfig: RATIS/ONE, State:ALLOCATED, leaderId:13cc7e77-570e-489a-8f95-9257e310d74c, CreationTimestamp2021-07-14T22:47:40.631Z[Etc/UTC]] moved to OPEN state
2021-07-14 22:47:43,635 [EventQueue-OpenPipelineForHealthyPipelineSafeModeRule] INFO  safemode.SCMSafeModeManager (HealthyPipelineSafeModeRule.java:process(124)) - SCM in safe mode. Healthy pipelines reported count is 0, required healthy pipeline reported count is 1
2021-07-14 22:47:43,635 [pool-251-thread-1] INFO  server.RaftServerConfigKeys (ConfUtils.java:logGet(44)) - raft.server.log.segment.cache.num.max = 2 (custom)
2021-07-14 22:47:43,637 [pool-251-thread-1] INFO  server.RaftServerConfigKeys (ConfUtils.java:logGet(44)) - raft.server.log.segment.cache.size.max = 200MB (=209715200) (default)
2021-07-14 22:47:43,637 [pool-251-thread-1] INFO  segmented.SegmentedRaftLogWorker (SegmentedRaftLogWorker.java:<init>(182)) - new 13cc7e77-570e-489a-8f95-9257e310d74c@group-1BF7F7216DE5-SegmentedRaftLogWorker for RaftStorageImpl:Storage Directory /home/runner/work/ozone/ozone/mnt/ozone/hadoop-ozone/integration-test/target/test-dir/MiniOzoneClusterImpl-24e24ab0-2885-46cc-b3c8-2159e7c871dc/datanode-2/data/ratis/1f7a479b-3e94-4952-a174-1bf7f7216de5
2021-07-14 22:47:43,637 [pool-251-thread-1] INFO  server.RaftServerConfigKeys (ConfUtils.java:logGet(44)) - raft.server.log.queue.byte-limit = 2147483647 (custom)
2021-07-14 22:47:43,637 [pool-251-thread-1] INFO  server.RaftServerConfigKeys (ConfUtils.java:logGet(44)) - raft.server.log.queue.element-limit = 1024 (custom)
2021-07-14 22:47:43,637 [pool-251-thread-1] INFO  server.RaftServerConfigKeys (ConfUtils.java:logGet(44)) - raft.server.log.segment.size.max = 1048576 (custom)
2021-07-14 22:47:43,637 [pool-251-thread-1] INFO  server.RaftServerConfigKeys (ConfUtils.java:logGet(44)) - raft.server.log.preallocated.size = 16384 (custom)
2021-07-14 22:47:43,637 [pool-251-thread-1] INFO  server.RaftServerConfigKeys (ConfUtils.java:logGet(44)) - raft.server.log.force.sync.num = 128 (default)
2021-07-14 22:47:43,637 [pool-251-thread-1] INFO  server.RaftServerConfigKeys (ConfUtils.java:logGet(44)) - raft.server.log.statemachine.data.sync = true (default)
2021-07-14 22:47:43,637 [pool-251-thread-1] INFO  server.RaftServerConfigKeys (ConfUtils.java:logGet(44)) - raft.server.log.statemachine.data.sync.timeout = 10s (default)
2021-07-14 22:47:43,637 [pool-251-thread-1] INFO  server.RaftServerConfigKeys (ConfUtils.java:logGet(44)) - raft.server.log.statemachine.data.sync.timeout.retry = -1 (default)
2021-07-14 22:47:43,639 [pool-251-thread-1] INFO  server.RaftServerConfigKeys (ConfUtils.java:logGet(44)) - raft.server.log.write.buffer.size = 1048576 (custom)
2021-07-14 22:47:43,639 [pool-251-thread-1] INFO  server.RaftServerConfigKeys (ConfUtils.java:logGet(44)) - raft.server.log.statemachine.data.caching.enabled = true (custom)
2021-07-14 22:47:43,640 [pool-251-thread-1] INFO  segmented.SegmentedRaftLogWorker (SegmentedRaftLogWorker.java:lambda$new$0(133)) - 13cc7e77-570e-489a-8f95-9257e310d74c@group-1BF7F7216DE5-SegmentedRaftLogWorker: flushIndex: setUnconditionally 0 -> -1
2021-07-14 22:47:43,640 [pool-251-thread-1] INFO  segmented.SegmentedRaftLogWorker (SegmentedRaftLogWorker.java:lambda$new$0(133)) - 13cc7e77-570e-489a-8f95-9257e310d74c@group-1BF7F7216DE5-SegmentedRaftLogWorker: safeCacheEvictIndex: setUnconditionally 0 -> -1
2021-07-14 22:47:43,640 [pool-251-thread-1] INFO  server.RaftServerConfigKeys (ConfUtils.java:logGet(44)) - raft.server.snapshot.auto.trigger.enabled = true (custom)
2021-07-14 22:47:43,640 [pool-251-thread-1] INFO  server.RaftServerConfigKeys (ConfUtils.java:logGet(44)) - raft.server.snapshot.auto.trigger.threshold = 10000 (custom)
2021-07-14 22:47:43,640 [pool-251-thread-1] INFO  server.RaftServerConfigKeys (ConfUtils.java:logGet(44)) - raft.server.snapshot.retention.file.num = 5 (custom)
2021-07-14 22:47:43,641 [pool-251-thread-1] INFO  server.RaftServerConfigKeys (ConfUtils.java:logGet(44)) - raft.server.log.purge.upto.snapshot.index = false (default)
2021-07-14 22:47:43,641 [pool-251-thread-1] INFO  server.RaftServerConfigKeys (ConfUtils.java:logGet(44)) - raft.server.retrycache.expirytime = 600000ms (custom)
2021-07-14 22:47:43,641 [pool-251-thread-1] INFO  server.RaftServerConfigKeys (ConfUtils.java:logGet(44)) - raft.server.retrycache.statistics.expirytime = 100μs (default)
2021-07-14 22:47:43,641 [pool-251-thread-1] INFO  metrics.RatisMetrics (RatisMetrics.java:lambda$create$0(36)) - Creating Metrics Registry : ratis.leader_election.13cc7e77-570e-489a-8f95-9257e310d74c@group-1BF7F7216DE5
2021-07-14 22:47:43,641 [pool-251-thread-1] INFO  metrics.RatisMetrics (RatisMetrics.java:lambda$create$0(36)) - Creating Metrics Registry : ratis.server.13cc7e77-570e-489a-8f95-9257e310d74c@group-1BF7F7216DE5
2021-07-14 22:47:43,642 [pool-251-thread-1] INFO  server.RaftServer$Division (RaftServerImpl.java:start(295)) - 13cc7e77-570e-489a-8f95-9257e310d74c@group-1BF7F7216DE5: start as a follower, conf=-1: [13cc7e77-570e-489a-8f95-9257e310d74c|rpc:10.1.0.26:36681|priority:1], old=null
2021-07-14 22:47:43,642 [pool-251-thread-1] INFO  server.RaftServer$Division (RaftServerImpl.java:setRole(284)) - 13cc7e77-570e-489a-8f95-9257e310d74c@group-1BF7F7216DE5: changes role from      null to FOLLOWER at term 0 for startAsFollower
2021-07-14 22:47:43,642 [pool-251-thread-1] INFO  impl.RoleInfo (RoleInfo.java:updateAndGet(130)) - 13cc7e77-570e-489a-8f95-9257e310d74c: start 13cc7e77-570e-489a-8f95-9257e310d74c@group-1BF7F7216DE5-FollowerState
2021-07-14 22:47:43,643 [pool-251-thread-1] INFO  util.JmxRegister (JmxRegister.java:tryRegister(44)) - Successfully registered JMX Bean with object name Ratis:service=RaftServer,group=group-1BF7F7216DE5,id=13cc7e77-570e-489a-8f95-9257e310d74c
2021-07-14 22:47:43,643 [pool-251-thread-1] INFO  metrics.RatisMetrics (RatisMetrics.java:lambda$create$0(36)) - Creating Metrics Registry : ratis.state_machine.13cc7e77-570e-489a-8f95-9257e310d74c@group-1BF7F7216DE5
2021-07-14 22:47:43,644 [Command processor thread] INFO  ratis.XceiverServerRatis (XceiverServerRatis.java:addGroup(759)) - Created group PipelineID=1f7a479b-3e94-4952-a174-1bf7f7216de5
2021-07-14 22:47:43,644 [Command processor thread] INFO  commandhandler.CreatePipelineCommandHandler (CreatePipelineCommandHandler.java:handle(106)) - Created Pipeline RATIS ONE PipelineID=1f7a479b-3e94-4952-a174-1bf7f7216de5.
2021-07-14 22:47:44,623 [Listener at 127.0.0.1/45761] INFO  ozone.MiniOzoneClusterImpl (MiniOzoneClusterImpl.java:lambda$waitForClusterToBeReady$0(230)) - Nodes are ready. Got 3 of 3 DN Heartbeats.
2021-07-14 22:47:44,623 [Listener at 127.0.0.1/45761] INFO  ozone.MiniOzoneClusterImpl (MiniOzoneClusterImpl.java:lambda$waitForClusterToBeReady$0(233)) - Waiting for cluster to exit safe mode
2021-07-14 22:47:44,623 [Listener at 127.0.0.1/45761] INFO  ozone.MiniOzoneClusterImpl (MiniOzoneClusterImpl.java:lambda$waitForClusterToBeReady$0(235)) - SCM became leader
2021-07-14 22:47:45,624 [Listener at 127.0.0.1/45761] INFO  ozone.MiniOzoneClusterImpl (MiniOzoneClusterImpl.java:lambda$waitForClusterToBeReady$0(230)) - Nodes are ready. Got 3 of 3 DN Heartbeats.
2021-07-14 22:47:45,624 [Listener at 127.0.0.1/45761] INFO  ozone.MiniOzoneClusterImpl (MiniOzoneClusterImpl.java:lambda$waitForClusterToBeReady$0(233)) - Waiting for cluster to exit safe mode
2021-07-14 22:47:45,624 [Listener at 127.0.0.1/45761] INFO  ozone.MiniOzoneClusterImpl (MiniOzoneClusterImpl.java:lambda$waitForClusterToBeReady$0(235)) - SCM became leader
2021-07-14 22:47:46,624 [Listener at 127.0.0.1/45761] INFO  ozone.MiniOzoneClusterImpl (MiniOzoneClusterImpl.java:lambda$waitForClusterToBeReady$0(230)) - Nodes are ready. Got 3 of 3 DN Heartbeats.
2021-07-14 22:47:46,624 [Listener at 127.0.0.1/45761] INFO  ozone.MiniOzoneClusterImpl (MiniOzoneClusterImpl.java:lambda$waitForClusterToBeReady$0(233)) - Waiting for cluster to exit safe mode
2021-07-14 22:47:46,624 [Listener at 127.0.0.1/45761] INFO  ozone.MiniOzoneClusterImpl (MiniOzoneClusterImpl.java:lambda$waitForClusterToBeReady$0(235)) - SCM became leader
2021-07-14 22:47:47,625 [Listener at 127.0.0.1/45761] INFO  ozone.MiniOzoneClusterImpl (MiniOzoneClusterImpl.java:lambda$waitForClusterToBeReady$0(230)) - Nodes are ready. Got 3 of 3 DN Heartbeats.
2021-07-14 22:47:47,625 [Listener at 127.0.0.1/45761] INFO  ozone.MiniOzoneClusterImpl (MiniOzoneClusterImpl.java:lambda$waitForClusterToBeReady$0(233)) - Waiting for cluster to exit safe mode
2021-07-14 22:47:47,625 [Listener at 127.0.0.1/45761] INFO  ozone.MiniOzoneClusterImpl (MiniOzoneClusterImpl.java:lambda$waitForClusterToBeReady$0(235)) - SCM became leader
2021-07-14 22:47:48,400 [8c203391-d7bf-416a-8a2d-d45edeb19bdd@group-3DA7CFC98DDE-FollowerState] INFO  impl.FollowerState (FollowerState.java:run(134)) - 8c203391-d7bf-416a-8a2d-d45edeb19bdd@group-3DA7CFC98DDE-FollowerState: change to CANDIDATE, lastRpcElapsedTime:5099117836ns, electionTimeout:5098ms
2021-07-14 22:47:48,400 [8c203391-d7bf-416a-8a2d-d45edeb19bdd@group-3DA7CFC98DDE-FollowerState] INFO  impl.RoleInfo (RoleInfo.java:shutdownFollowerState(108)) - 8c203391-d7bf-416a-8a2d-d45edeb19bdd: shutdown 8c203391-d7bf-416a-8a2d-d45edeb19bdd@group-3DA7CFC98DDE-FollowerState
2021-07-14 22:47:48,401 [8c203391-d7bf-416a-8a2d-d45edeb19bdd@group-3DA7CFC98DDE-FollowerState] INFO  server.RaftServer$Division (RaftServerImpl.java:setRole(284)) - 8c203391-d7bf-416a-8a2d-d45edeb19bdd@group-3DA7CFC98DDE: changes role from  FOLLOWER to CANDIDATE at term 0 for changeToCandidate
2021-07-14 22:47:48,401 [8c203391-d7bf-416a-8a2d-d45edeb19bdd@group-3DA7CFC98DDE-FollowerState] INFO  server.RaftServerConfigKeys (ConfUtils.java:logGet(44)) - raft.server.leaderelection.pre-vote = false (custom)
2021-07-14 22:47:48,401 [8c203391-d7bf-416a-8a2d-d45edeb19bdd@group-3DA7CFC98DDE-FollowerState] INFO  impl.RoleInfo (RoleInfo.java:updateAndGet(130)) - 8c203391-d7bf-416a-8a2d-d45edeb19bdd: start 8c203391-d7bf-416a-8a2d-d45edeb19bdd@group-3DA7CFC98DDE-LeaderElection11
2021-07-14 22:47:48,406 [8eebc958-9398-4984-8b85-05c7775d5731@group-3DA7CFC98DDE-FollowerState] INFO  impl.FollowerState (FollowerState.java:run(134)) - 8eebc958-9398-4984-8b85-05c7775d5731@group-3DA7CFC98DDE-FollowerState: change to CANDIDATE, lastRpcElapsedTime:5014150495ns, electionTimeout:5010ms
2021-07-14 22:47:48,406 [8eebc958-9398-4984-8b85-05c7775d5731@group-3DA7CFC98DDE-FollowerState] INFO  impl.RoleInfo (RoleInfo.java:shutdownFollowerState(108)) - 8eebc958-9398-4984-8b85-05c7775d5731: shutdown 8eebc958-9398-4984-8b85-05c7775d5731@group-3DA7CFC98DDE-FollowerState
2021-07-14 22:47:48,406 [8eebc958-9398-4984-8b85-05c7775d5731@group-3DA7CFC98DDE-FollowerState] INFO  server.RaftServer$Division (RaftServerImpl.java:setRole(284)) - 8eebc958-9398-4984-8b85-05c7775d5731@group-3DA7CFC98DDE: changes role from  FOLLOWER to CANDIDATE at term 0 for changeToCandidate
2021-07-14 22:47:48,406 [8eebc958-9398-4984-8b85-05c7775d5731@group-3DA7CFC98DDE-FollowerState] INFO  server.RaftServerConfigKeys (ConfUtils.java:logGet(44)) - raft.server.leaderelection.pre-vote = false (custom)
2021-07-14 22:47:48,406 [8eebc958-9398-4984-8b85-05c7775d5731@group-3DA7CFC98DDE-FollowerState] INFO  impl.RoleInfo (RoleInfo.java:updateAndGet(130)) - 8eebc958-9398-4984-8b85-05c7775d5731: start 8eebc958-9398-4984-8b85-05c7775d5731@group-3DA7CFC98DDE-LeaderElection12
2021-07-14 22:47:48,409 [8c203391-d7bf-416a-8a2d-d45edeb19bdd@group-3DA7CFC98DDE-LeaderElection11] INFO  impl.LeaderElection (LeaderElection.java:askForVotes(306)) - 8c203391-d7bf-416a-8a2d-d45edeb19bdd@group-3DA7CFC98DDE-LeaderElection11 ELECTION round 0: submit vote requests at term 1 for -1: [8c203391-d7bf-416a-8a2d-d45edeb19bdd|rpc:10.1.0.26:41361|priority:0, 13cc7e77-570e-489a-8f95-9257e310d74c|rpc:10.1.0.26:36681|priority:1, 8eebc958-9398-4984-8b85-05c7775d5731|rpc:10.1.0.26:46601|priority:0], old=null
2021-07-14 22:47:48,414 [8eebc958-9398-4984-8b85-05c7775d5731@group-3DA7CFC98DDE-LeaderElection12] INFO  impl.LeaderElection (LeaderElection.java:askForVotes(306)) - 8eebc958-9398-4984-8b85-05c7775d5731@group-3DA7CFC98DDE-LeaderElection12 ELECTION round 0: submit vote requests at term 1 for -1: [8c203391-d7bf-416a-8a2d-d45edeb19bdd|rpc:10.1.0.26:41361|dataStream:|priority:0, 13cc7e77-570e-489a-8f95-9257e310d74c|rpc:10.1.0.26:36681|dataStream:|priority:1, 8eebc958-9398-4984-8b85-05c7775d5731|rpc:10.1.0.26:46601|dataStream:|priority:0], old=null
2021-07-14 22:47:48,434 [grpc-default-executor-1] INFO  server.RaftServer$Division (RaftServerImpl.java:requestVote(1042)) - 8eebc958-9398-4984-8b85-05c7775d5731@group-3DA7CFC98DDE: receive requestVote(ELECTION, 8c203391-d7bf-416a-8a2d-d45edeb19bdd, group-3DA7CFC98DDE, 1, (t:0, i:0))
2021-07-14 22:47:48,434 [grpc-default-executor-1] INFO  impl.VoteContext (VoteContext.java:log(48)) - 8eebc958-9398-4984-8b85-05c7775d5731@group-3DA7CFC98DDE-CANDIDATE: reject ELECTION from 8c203391-d7bf-416a-8a2d-d45edeb19bdd: already has voted for 8eebc958-9398-4984-8b85-05c7775d5731 at current term 1
2021-07-14 22:47:48,434 [grpc-default-executor-1] INFO  server.RaftServer$Division (RaftServerImpl.java:requestVote(1074)) - 8eebc958-9398-4984-8b85-05c7775d5731@group-3DA7CFC98DDE replies to ELECTION vote request: 8c203391-d7bf-416a-8a2d-d45edeb19bdd<-8eebc958-9398-4984-8b85-05c7775d5731#0:FAIL-t1. Peer's state: 8eebc958-9398-4984-8b85-05c7775d5731@group-3DA7CFC98DDE:t1, leader=null, voted=8eebc958-9398-4984-8b85-05c7775d5731, raftlog=8eebc958-9398-4984-8b85-05c7775d5731@group-3DA7CFC98DDE-SegmentedRaftLog:OPENED:c-1,f-1,i0, conf=-1: [8c203391-d7bf-416a-8a2d-d45edeb19bdd|rpc:10.1.0.26:41361|dataStream:|priority:0, 13cc7e77-570e-489a-8f95-9257e310d74c|rpc:10.1.0.26:36681|dataStream:|priority:1, 8eebc958-9398-4984-8b85-05c7775d5731|rpc:10.1.0.26:46601|dataStream:|priority:0], old=null
2021-07-14 22:47:48,435 [grpc-default-executor-0] INFO  server.RaftServer$Division (RaftServerImpl.java:requestVote(1042)) - 13cc7e77-570e-489a-8f95-9257e310d74c@group-3DA7CFC98DDE: receive requestVote(ELECTION, 8c203391-d7bf-416a-8a2d-d45edeb19bdd, group-3DA7CFC98DDE, 1, (t:0, i:0))
2021-07-14 22:47:48,436 [grpc-default-executor-0] INFO  impl.VoteContext (VoteContext.java:log(48)) - 13cc7e77-570e-489a-8f95-9257e310d74c@group-3DA7CFC98DDE-FOLLOWER: reject ELECTION from 8c203391-d7bf-416a-8a2d-d45edeb19bdd: our priority 1 > candidate's priority 0
2021-07-14 22:47:48,436 [grpc-default-executor-0] INFO  server.RaftServer$Division (RaftServerImpl.java:setRole(284)) - 13cc7e77-570e-489a-8f95-9257e310d74c@group-3DA7CFC98DDE: changes role from  FOLLOWER to FOLLOWER at term 1 for candidate:8c203391-d7bf-416a-8a2d-d45edeb19bdd
2021-07-14 22:47:48,436 [grpc-default-executor-0] INFO  impl.RoleInfo (RoleInfo.java:shutdownFollowerState(108)) - 13cc7e77-570e-489a-8f95-9257e310d74c: shutdown 13cc7e77-570e-489a-8f95-9257e310d74c@group-3DA7CFC98DDE-FollowerState
2021-07-14 22:47:48,436 [grpc-default-executor-0] INFO  impl.RoleInfo (RoleInfo.java:updateAndGet(130)) - 13cc7e77-570e-489a-8f95-9257e310d74c: start 13cc7e77-570e-489a-8f95-9257e310d74c@group-3DA7CFC98DDE-FollowerState
2021-07-14 22:47:48,436 [13cc7e77-570e-489a-8f95-9257e310d74c@group-3DA7CFC98DDE-FollowerState] INFO  impl.FollowerState (FollowerState.java:run(143)) - 13cc7e77-570e-489a-8f95-9257e310d74c@group-3DA7CFC98DDE-FollowerState was interrupted: {}
java.lang.InterruptedException: sleep interrupted
	at java.lang.Thread.sleep(Native Method)
	at java.lang.Thread.sleep(Thread.java:340)
	at java.util.concurrent.TimeUnit.sleep(TimeUnit.java:386)
	at org.apache.ratis.util.TimeDuration.sleep(TimeDuration.java:324)
	at org.apache.ratis.util.TimeDuration.sleep(TimeDuration.java:309)
	at org.apache.ratis.server.impl.FollowerState.run(FollowerState.java:118)
2021-07-14 22:47:48,441 [grpc-default-executor-0] INFO  server.RaftServer$Division (RaftServerImpl.java:requestVote(1074)) - 13cc7e77-570e-489a-8f95-9257e310d74c@group-3DA7CFC98DDE replies to ELECTION vote request: 8c203391-d7bf-416a-8a2d-d45edeb19bdd<-13cc7e77-570e-489a-8f95-9257e310d74c#0:FAIL-t1. Peer's state: 13cc7e77-570e-489a-8f95-9257e310d74c@group-3DA7CFC98DDE:t1, leader=null, voted=null, raftlog=13cc7e77-570e-489a-8f95-9257e310d74c@group-3DA7CFC98DDE-SegmentedRaftLog:OPENED:c-1,f-1,i0, conf=-1: [8c203391-d7bf-416a-8a2d-d45edeb19bdd|rpc:10.1.0.26:41361|dataStream:|priority:0, 13cc7e77-570e-489a-8f95-9257e310d74c|rpc:10.1.0.26:36681|dataStream:|priority:1, 8eebc958-9398-4984-8b85-05c7775d5731|rpc:10.1.0.26:46601|dataStream:|priority:0], old=null
2021-07-14 22:47:48,444 [grpc-default-executor-0] INFO  metrics.RatisMetrics (RatisMetrics.java:lambda$create$0(36)) - Creating Metrics Registry : ratis.server_message_metrics.8c203391-d7bf-416a-8a2d-d45edeb19bdd
2021-07-14 22:47:48,445 [grpc-default-executor-0] INFO  server.RaftServer$Division (RaftServerImpl.java:requestVote(1042)) - 8c203391-d7bf-416a-8a2d-d45edeb19bdd@group-3DA7CFC98DDE: receive requestVote(ELECTION, 8eebc958-9398-4984-8b85-05c7775d5731, group-3DA7CFC98DDE, 1, (t:0, i:0))
2021-07-14 22:47:48,447 [grpc-default-executor-0] INFO  impl.VoteContext (VoteContext.java:log(48)) - 8c203391-d7bf-416a-8a2d-d45edeb19bdd@group-3DA7CFC98DDE-CANDIDATE: reject ELECTION from 8eebc958-9398-4984-8b85-05c7775d5731: already has voted for 8c203391-d7bf-416a-8a2d-d45edeb19bdd at current term 1
2021-07-14 22:47:48,447 [grpc-default-executor-0] INFO  server.RaftServer$Division (RaftServerImpl.java:requestVote(1074)) - 8c203391-d7bf-416a-8a2d-d45edeb19bdd@group-3DA7CFC98DDE replies to ELECTION vote request: 8eebc958-9398-4984-8b85-05c7775d5731<-8c203391-d7bf-416a-8a2d-d45edeb19bdd#0:FAIL-t1. Peer's state: 8c203391-d7bf-416a-8a2d-d45edeb19bdd@group-3DA7CFC98DDE:t1, leader=null, voted=8c203391-d7bf-416a-8a2d-d45edeb19bdd, raftlog=8c203391-d7bf-416a-8a2d-d45edeb19bdd@group-3DA7CFC98DDE-SegmentedRaftLog:OPENED:c-1,f-1,i0, conf=-1: [8c203391-d7bf-416a-8a2d-d45edeb19bdd|rpc:10.1.0.26:41361|priority:0, 13cc7e77-570e-489a-8f95-9257e310d74c|rpc:10.1.0.26:36681|priority:1, 8eebc958-9398-4984-8b85-05c7775d5731|rpc:10.1.0.26:46601|priority:0], old=null
2021-07-14 22:47:48,454 [8c203391-d7bf-416a-8a2d-d45edeb19bdd@group-3DA7CFC98DDE-LeaderElection11] INFO  impl.LeaderElection (LeaderElection.java:logAndReturn(89)) - 8c203391-d7bf-416a-8a2d-d45edeb19bdd@group-3DA7CFC98DDE-LeaderElection11: ELECTION REJECTED received 2 response(s) and 0 exception(s):
2021-07-14 22:47:48,455 [8c203391-d7bf-416a-8a2d-d45edeb19bdd@group-3DA7CFC98DDE-LeaderElection11] INFO  impl.LeaderElection (LeaderElection.java:logAndReturn(93)) -   Response 0: 8c203391-d7bf-416a-8a2d-d45edeb19bdd<-13cc7e77-570e-489a-8f95-9257e310d74c#0:FAIL-t1
2021-07-14 22:47:48,455 [8c203391-d7bf-416a-8a2d-d45edeb19bdd@group-3DA7CFC98DDE-LeaderElection11] INFO  impl.LeaderElection (LeaderElection.java:logAndReturn(93)) -   Response 1: 8c203391-d7bf-416a-8a2d-d45edeb19bdd<-8eebc958-9398-4984-8b85-05c7775d5731#0:FAIL-t1
2021-07-14 22:47:48,455 [8c203391-d7bf-416a-8a2d-d45edeb19bdd@group-3DA7CFC98DDE-LeaderElection11] INFO  impl.LeaderElection (LeaderElection.java:askForVotes(308)) - 8c203391-d7bf-416a-8a2d-d45edeb19bdd@group-3DA7CFC98DDE-LeaderElection11 ELECTION round 0: result REJECTED
2021-07-14 22:47:48,455 [8c203391-d7bf-416a-8a2d-d45edeb19bdd@group-3DA7CFC98DDE-LeaderElection11] INFO  server.RaftServer$Division (RaftServerImpl.java:setRole(284)) - 8c203391-d7bf-416a-8a2d-d45edeb19bdd@group-3DA7CFC98DDE: changes role from CANDIDATE to FOLLOWER at term 1 for REJECTED
2021-07-14 22:47:48,455 [8c203391-d7bf-416a-8a2d-d45edeb19bdd@group-3DA7CFC98DDE-LeaderElection11] INFO  impl.RoleInfo (RoleInfo.java:shutdownLeaderElection(121)) - 8c203391-d7bf-416a-8a2d-d45edeb19bdd: shutdown 8c203391-d7bf-416a-8a2d-d45edeb19bdd@group-3DA7CFC98DDE-LeaderElection11
2021-07-14 22:47:48,455 [8c203391-d7bf-416a-8a2d-d45edeb19bdd@group-3DA7CFC98DDE-LeaderElection11] INFO  impl.RoleInfo (RoleInfo.java:updateAndGet(130)) - 8c203391-d7bf-416a-8a2d-d45edeb19bdd: start 8c203391-d7bf-416a-8a2d-d45edeb19bdd@group-3DA7CFC98DDE-FollowerState
2021-07-14 22:47:48,456 [grpc-default-executor-0] INFO  server.RaftServer$Division (RaftServerImpl.java:requestVote(1042)) - 13cc7e77-570e-489a-8f95-9257e310d74c@group-3DA7CFC98DDE: receive requestVote(ELECTION, 8eebc958-9398-4984-8b85-05c7775d5731, group-3DA7CFC98DDE, 1, (t:0, i:0))
2021-07-14 22:47:48,457 [grpc-default-executor-0] INFO  impl.VoteContext (VoteContext.java:log(48)) - 13cc7e77-570e-489a-8f95-9257e310d74c@group-3DA7CFC98DDE-FOLLOWER: reject ELECTION from 8eebc958-9398-4984-8b85-05c7775d5731: our priority 1 > candidate's priority 0
2021-07-14 22:47:48,457 [grpc-default-executor-0] INFO  server.RaftServer$Division (RaftServerImpl.java:setRole(284)) - 13cc7e77-570e-489a-8f95-9257e310d74c@group-3DA7CFC98DDE: changes role from  FOLLOWER to FOLLOWER at term 1 for candidate:8eebc958-9398-4984-8b85-05c7775d5731
2021-07-14 22:47:48,457 [grpc-default-executor-0] INFO  impl.RoleInfo (RoleInfo.java:shutdownFollowerState(108)) - 13cc7e77-570e-489a-8f95-9257e310d74c: shutdown 13cc7e77-570e-489a-8f95-9257e310d74c@group-3DA7CFC98DDE-FollowerState
2021-07-14 22:47:48,457 [grpc-default-executor-0] INFO  impl.RoleInfo (RoleInfo.java:updateAndGet(130)) - 13cc7e77-570e-489a-8f95-9257e310d74c: start 13cc7e77-570e-489a-8f95-9257e310d74c@group-3DA7CFC98DDE-FollowerState
2021-07-14 22:47:48,458 [13cc7e77-570e-489a-8f95-9257e310d74c@group-3DA7CFC98DDE-FollowerState] INFO  impl.FollowerState (FollowerState.java:run(143)) - 13cc7e77-570e-489a-8f95-9257e310d74c@group-3DA7CFC98DDE-FollowerState was interrupted: {}
java.lang.InterruptedException: sleep interrupted
	at java.lang.Thread.sleep(Native Method)
	at java.lang.Thread.sleep(Thread.java:340)
	at java.util.concurrent.TimeUnit.sleep(TimeUnit.java:386)
	at org.apache.ratis.util.TimeDuration.sleep(TimeDuration.java:324)
	at org.apache.ratis.util.TimeDuration.sleep(TimeDuration.java:309)
	at org.apache.ratis.server.impl.FollowerState.run(FollowerState.java:118)
2021-07-14 22:47:48,459 [grpc-default-executor-0] INFO  server.RaftServer$Division (RaftServerImpl.java:requestVote(1074)) - 13cc7e77-570e-489a-8f95-9257e310d74c@group-3DA7CFC98DDE replies to ELECTION vote request: 8eebc958-9398-4984-8b85-05c7775d5731<-13cc7e77-570e-489a-8f95-9257e310d74c#0:FAIL-t1. Peer's state: 13cc7e77-570e-489a-8f95-9257e310d74c@group-3DA7CFC98DDE:t1, leader=null, voted=null, raftlog=13cc7e77-570e-489a-8f95-9257e310d74c@group-3DA7CFC98DDE-SegmentedRaftLog:OPENED:c-1,f-1,i0, conf=-1: [8c203391-d7bf-416a-8a2d-d45edeb19bdd|rpc:10.1.0.26:41361|dataStream:|priority:0, 13cc7e77-570e-489a-8f95-9257e310d74c|rpc:10.1.0.26:36681|dataStream:|priority:1, 8eebc958-9398-4984-8b85-05c7775d5731|rpc:10.1.0.26:46601|dataStream:|priority:0], old=null
2021-07-14 22:47:48,464 [8c203391-d7bf-416a-8a2d-d45edeb19bdd@group-4E43A94260FE-FollowerState] INFO  impl.FollowerState (FollowerState.java:run(134)) - 8c203391-d7bf-416a-8a2d-d45edeb19bdd@group-4E43A94260FE-FollowerState: change to CANDIDATE, lastRpcElapsedTime:5192068202ns, electionTimeout:5191ms
2021-07-14 22:47:48,464 [8c203391-d7bf-416a-8a2d-d45edeb19bdd@group-4E43A94260FE-FollowerState] INFO  impl.RoleInfo (RoleInfo.java:shutdownFollowerState(108)) - 8c203391-d7bf-416a-8a2d-d45edeb19bdd: shutdown 8c203391-d7bf-416a-8a2d-d45edeb19bdd@group-4E43A94260FE-FollowerState
2021-07-14 22:47:48,464 [8c203391-d7bf-416a-8a2d-d45edeb19bdd@group-4E43A94260FE-FollowerState] INFO  server.RaftServer$Division (RaftServerImpl.java:setRole(284)) - 8c203391-d7bf-416a-8a2d-d45edeb19bdd@group-4E43A94260FE: changes role from  FOLLOWER to CANDIDATE at term 0 for changeToCandidate
2021-07-14 22:47:48,464 [8eebc958-9398-4984-8b85-05c7775d5731@group-3DA7CFC98DDE-LeaderElection12] INFO  impl.LeaderElection (LeaderElection.java:logAndReturn(89)) - 8eebc958-9398-4984-8b85-05c7775d5731@group-3DA7CFC98DDE-LeaderElection12: ELECTION REJECTED received 2 response(s) and 0 exception(s):
2021-07-14 22:47:48,465 [8eebc958-9398-4984-8b85-05c7775d5731@group-3DA7CFC98DDE-LeaderElection12] INFO  impl.LeaderElection (LeaderElection.java:logAndReturn(93)) -   Response 0: 8eebc958-9398-4984-8b85-05c7775d5731<-8c203391-d7bf-416a-8a2d-d45edeb19bdd#0:FAIL-t1
2021-07-14 22:47:48,465 [8eebc958-9398-4984-8b85-05c7775d5731@group-3DA7CFC98DDE-LeaderElection12] INFO  impl.LeaderElection (LeaderElection.java:logAndReturn(93)) -   Response 1: 8eebc958-9398-4984-8b85-05c7775d5731<-13cc7e77-570e-489a-8f95-9257e310d74c#0:FAIL-t1
2021-07-14 22:47:48,465 [8eebc958-9398-4984-8b85-05c7775d5731@group-3DA7CFC98DDE-LeaderElection12] INFO  impl.LeaderElection (LeaderElection.java:askForVotes(308)) - 8eebc958-9398-4984-8b85-05c7775d5731@group-3DA7CFC98DDE-LeaderElection12 ELECTION round 0: result REJECTED
2021-07-14 22:47:48,465 [8eebc958-9398-4984-8b85-05c7775d5731@group-3DA7CFC98DDE-LeaderElection12] INFO  server.RaftServer$Division (RaftServerImpl.java:setRole(284)) - 8eebc958-9398-4984-8b85-05c7775d5731@group-3DA7CFC98DDE: changes role from CANDIDATE to FOLLOWER at term 1 for REJECTED
2021-07-14 22:47:48,465 [8c203391-d7bf-416a-8a2d-d45edeb19bdd@group-4E43A94260FE-FollowerState] INFO  server.RaftServerConfigKeys (ConfUtils.java:logGet(44)) - raft.server.leaderelection.pre-vote = false (custom)
2021-07-14 22:47:48,465 [8c203391-d7bf-416a-8a2d-d45edeb19bdd@group-4E43A94260FE-FollowerState] INFO  impl.RoleInfo (RoleInfo.java:updateAndGet(130)) - 8c203391-d7bf-416a-8a2d-d45edeb19bdd: start 8c203391-d7bf-416a-8a2d-d45edeb19bdd@group-4E43A94260FE-LeaderElection13
2021-07-14 22:47:48,465 [8eebc958-9398-4984-8b85-05c7775d5731@group-3DA7CFC98DDE-LeaderElection12] INFO  impl.RoleInfo (RoleInfo.java:shutdownLeaderElection(121)) - 8eebc958-9398-4984-8b85-05c7775d5731: shutdown 8eebc958-9398-4984-8b85-05c7775d5731@group-3DA7CFC98DDE-LeaderElection12
2021-07-14 22:47:48,468 [8eebc958-9398-4984-8b85-05c7775d5731@group-3DA7CFC98DDE-LeaderElection12] INFO  impl.RoleInfo (RoleInfo.java:updateAndGet(130)) - 8eebc958-9398-4984-8b85-05c7775d5731: start 8eebc958-9398-4984-8b85-05c7775d5731@group-3DA7CFC98DDE-FollowerState
2021-07-14 22:47:48,474 [8c203391-d7bf-416a-8a2d-d45edeb19bdd@group-4E43A94260FE-LeaderElection13] INFO  impl.LeaderElection (LeaderElection.java:askForVotes(306)) - 8c203391-d7bf-416a-8a2d-d45edeb19bdd@group-4E43A94260FE-LeaderElection13 ELECTION round 0: submit vote requests at term 1 for -1: [8c203391-d7bf-416a-8a2d-d45edeb19bdd|rpc:10.1.0.26:41361|priority:1], old=null
2021-07-14 22:47:48,474 [8c203391-d7bf-416a-8a2d-d45edeb19bdd@group-4E43A94260FE-LeaderElection13] INFO  impl.LeaderElection (LeaderElection.java:askForVotes(308)) - 8c203391-d7bf-416a-8a2d-d45edeb19bdd@group-4E43A94260FE-LeaderElection13 ELECTION round 0: result PASSED (term=1)
2021-07-14 22:47:48,474 [8c203391-d7bf-416a-8a2d-d45edeb19bdd@group-4E43A94260FE-LeaderElection13] INFO  impl.RoleInfo (RoleInfo.java:shutdownLeaderElection(121)) - 8c203391-d7bf-416a-8a2d-d45edeb19bdd: shutdown 8c203391-d7bf-416a-8a2d-d45edeb19bdd@group-4E43A94260FE-LeaderElection13
2021-07-14 22:47:48,474 [8c203391-d7bf-416a-8a2d-d45edeb19bdd@group-4E43A94260FE-LeaderElection13] INFO  server.RaftServer$Division (RaftServerImpl.java:setRole(284)) - 8c203391-d7bf-416a-8a2d-d45edeb19bdd@group-4E43A94260FE: changes role from CANDIDATE to LEADER at term 1 for changeToLeader
2021-07-14 22:47:48,474 [8c203391-d7bf-416a-8a2d-d45edeb19bdd@group-4E43A94260FE-LeaderElection13] INFO  ratis.XceiverServerRatis (XceiverServerRatis.java:handleLeaderChangedNotification(857)) - Leader change notification received for group: group-4E43A94260FE with new leaderId: 8c203391-d7bf-416a-8a2d-d45edeb19bdd
2021-07-14 22:47:48,475 [8c203391-d7bf-416a-8a2d-d45edeb19bdd@group-4E43A94260FE-LeaderElection13] INFO  server.RaftServer$Division (ServerState.java:setLeader(271)) - 8c203391-d7bf-416a-8a2d-d45edeb19bdd@group-4E43A94260FE: change Leader from null to 8c203391-d7bf-416a-8a2d-d45edeb19bdd at term 1 for becomeLeader, leader elected after 5223ms
2021-07-14 22:47:48,475 [8c203391-d7bf-416a-8a2d-d45edeb19bdd@group-4E43A94260FE-LeaderElection13] INFO  server.RaftServerConfigKeys (ConfUtils.java:logGet(44)) - raft.server.staging.catchup.gap = 1000 (default)
2021-07-14 22:47:48,475 [8c203391-d7bf-416a-8a2d-d45edeb19bdd@group-4E43A94260FE-LeaderElection13] INFO  metrics.RatisMetrics (RatisMetrics.java:lambda$create$0(36)) - Creating Metrics Registry : ratis.log_appender.8c203391-d7bf-416a-8a2d-d45edeb19bdd@group-4E43A94260FE
2021-07-14 22:47:48,475 [8c203391-d7bf-416a-8a2d-d45edeb19bdd@group-4E43A94260FE-LeaderElection13] INFO  server.RaftServerConfigKeys (ConfUtils.java:logGet(44)) - raft.server.write.element-limit = 1024 (custom)
2021-07-14 22:47:48,476 [EventQueue-OpenPipelineForHealthyPipelineSafeModeRule] INFO  safemode.SCMSafeModeManager (HealthyPipelineSafeModeRule.java:process(124)) - SCM in safe mode. Healthy pipelines reported count is 0, required healthy pipeline reported count is 1
2021-07-14 22:47:48,476 [8c203391-d7bf-416a-8a2d-d45edeb19bdd@group-4E43A94260FE-LeaderElection13] INFO  server.RaftServerConfigKeys (ConfUtils.java:logGet(44)) - raft.server.write.byte-limit = 1073741824 (custom)
2021-07-14 22:47:48,476 [8c203391-d7bf-416a-8a2d-d45edeb19bdd@group-4E43A94260FE-LeaderElection13] INFO  server.RaftServerConfigKeys (ConfUtils.java:logGet(44)) - raft.server.watch.timeout = 180s (custom)
2021-07-14 22:47:48,476 [8c203391-d7bf-416a-8a2d-d45edeb19bdd@group-4E43A94260FE-LeaderElection13] INFO  server.RaftServerConfigKeys (ConfUtils.java:logGet(44)) - raft.server.watch.timeout.denomination = 1s (default)
2021-07-14 22:47:48,477 [8c203391-d7bf-416a-8a2d-d45edeb19bdd@group-4E43A94260FE-LeaderElection13] INFO  server.RaftServerConfigKeys (ConfUtils.java:logGet(44)) - raft.server.watch.element-limit = 65536 (default)
2021-07-14 22:47:48,477 [8c203391-d7bf-416a-8a2d-d45edeb19bdd@group-4E43A94260FE-LeaderElection13] INFO  impl.RoleInfo (RoleInfo.java:updateAndGet(130)) - 8c203391-d7bf-416a-8a2d-d45edeb19bdd: start 8c203391-d7bf-416a-8a2d-d45edeb19bdd@group-4E43A94260FE-LeaderStateImpl
2021-07-14 22:47:48,477 [8c203391-d7bf-416a-8a2d-d45edeb19bdd@group-4E43A94260FE-LeaderElection13] INFO  segmented.SegmentedRaftLogWorker (SegmentedRaftLogWorker.java:startLogSegment(394)) - 8c203391-d7bf-416a-8a2d-d45edeb19bdd@group-4E43A94260FE-SegmentedRaftLogWorker: Starting segment from index:0
2021-07-14 22:47:48,479 [8c203391-d7bf-416a-8a2d-d45edeb19bdd@group-4E43A94260FE-SegmentedRaftLogWorker] INFO  segmented.SegmentedRaftLogWorker (SegmentedRaftLogWorker.java:execute(601)) - 8c203391-d7bf-416a-8a2d-d45edeb19bdd@group-4E43A94260FE-SegmentedRaftLogWorker: created new log segment /home/runner/work/ozone/ozone/mnt/ozone/hadoop-ozone/integration-test/target/test-dir/MiniOzoneClusterImpl-24e24ab0-2885-46cc-b3c8-2159e7c871dc/datanode-0/data/ratis/2e7739fb-a07e-47ad-b374-4e43a94260fe/current/log_inprogress_0
2021-07-14 22:47:48,481 [8c203391-d7bf-416a-8a2d-d45edeb19bdd@group-4E43A94260FE-LeaderElection13] INFO  server.RaftServer$Division (ServerState.java:setRaftConf(373)) - 8c203391-d7bf-416a-8a2d-d45edeb19bdd@group-4E43A94260FE: set configuration 0: [8c203391-d7bf-416a-8a2d-d45edeb19bdd|rpc:10.1.0.26:41361|dataStream:|priority:1], old=null
2021-07-14 22:47:48,566 [8eebc958-9398-4984-8b85-05c7775d5731@group-4B7CB0DCD607-FollowerState] INFO  impl.FollowerState (FollowerState.java:run(134)) - 8eebc958-9398-4984-8b85-05c7775d5731@group-4B7CB0DCD607-FollowerState: change to CANDIDATE, lastRpcElapsedTime:5100358944ns, electionTimeout:5099ms
2021-07-14 22:47:48,566 [8eebc958-9398-4984-8b85-05c7775d5731@group-4B7CB0DCD607-FollowerState] INFO  impl.RoleInfo (RoleInfo.java:shutdownFollowerState(108)) - 8eebc958-9398-4984-8b85-05c7775d5731: shutdown 8eebc958-9398-4984-8b85-05c7775d5731@group-4B7CB0DCD607-FollowerState
2021-07-14 22:47:48,566 [8eebc958-9398-4984-8b85-05c7775d5731@group-4B7CB0DCD607-FollowerState] INFO  server.RaftServer$Division (RaftServerImpl.java:setRole(284)) - 8eebc958-9398-4984-8b85-05c7775d5731@group-4B7CB0DCD607: changes role from  FOLLOWER to CANDIDATE at term 0 for changeToCandidate
2021-07-14 22:47:48,566 [8eebc958-9398-4984-8b85-05c7775d5731@group-4B7CB0DCD607-FollowerState] INFO  server.RaftServerConfigKeys (ConfUtils.java:logGet(44)) - raft.server.leaderelection.pre-vote = false (custom)
2021-07-14 22:47:48,566 [8eebc958-9398-4984-8b85-05c7775d5731@group-4B7CB0DCD607-FollowerState] INFO  impl.RoleInfo (RoleInfo.java:updateAndGet(130)) - 8eebc958-9398-4984-8b85-05c7775d5731: start 8eebc958-9398-4984-8b85-05c7775d5731@group-4B7CB0DCD607-LeaderElection14
2021-07-14 22:47:48,569 [8eebc958-9398-4984-8b85-05c7775d5731@group-4B7CB0DCD607-LeaderElection14] INFO  impl.LeaderElection (LeaderElection.java:askForVotes(306)) - 8eebc958-9398-4984-8b85-05c7775d5731@group-4B7CB0DCD607-LeaderElection14 ELECTION round 0: submit vote requests at term 1 for -1: [8eebc958-9398-4984-8b85-05c7775d5731|rpc:10.1.0.26:46601|priority:1], old=null
2021-07-14 22:47:48,569 [8eebc958-9398-4984-8b85-05c7775d5731@group-4B7CB0DCD607-LeaderElection14] INFO  impl.LeaderElection (LeaderElection.java:askForVotes(308)) - 8eebc958-9398-4984-8b85-05c7775d5731@group-4B7CB0DCD607-LeaderElection14 ELECTION round 0: result PASSED (term=1)
2021-07-14 22:47:48,569 [8eebc958-9398-4984-8b85-05c7775d5731@group-4B7CB0DCD607-LeaderElection14] INFO  impl.RoleInfo (RoleInfo.java:shutdownLeaderElection(121)) - 8eebc958-9398-4984-8b85-05c7775d5731: shutdown 8eebc958-9398-4984-8b85-05c7775d5731@group-4B7CB0DCD607-LeaderElection14
2021-07-14 22:47:48,569 [8eebc958-9398-4984-8b85-05c7775d5731@group-4B7CB0DCD607-LeaderElection14] INFO  server.RaftServer$Division (RaftServerImpl.java:setRole(284)) - 8eebc958-9398-4984-8b85-05c7775d5731@group-4B7CB0DCD607: changes role from CANDIDATE to LEADER at term 1 for changeToLeader
2021-07-14 22:47:48,569 [8eebc958-9398-4984-8b85-05c7775d5731@group-4B7CB0DCD607-LeaderElection14] INFO  ratis.XceiverServerRatis (XceiverServerRatis.java:handleLeaderChangedNotification(857)) - Leader change notification received for group: group-4B7CB0DCD607 with new leaderId: 8eebc958-9398-4984-8b85-05c7775d5731
2021-07-14 22:47:48,570 [8eebc958-9398-4984-8b85-05c7775d5731@group-4B7CB0DCD607-LeaderElection14] INFO  server.RaftServer$Division (ServerState.java:setLeader(271)) - 8eebc958-9398-4984-8b85-05c7775d5731@group-4B7CB0DCD607: change Leader from null to 8eebc958-9398-4984-8b85-05c7775d5731 at term 1 for becomeLeader, leader elected after 5112ms
2021-07-14 22:47:48,570 [8eebc958-9398-4984-8b85-05c7775d5731@group-4B7CB0DCD607-LeaderElection14] INFO  server.RaftServerConfigKeys (ConfUtils.java:logGet(44)) - raft.server.staging.catchup.gap = 1000 (default)
2021-07-14 22:47:48,570 [8eebc958-9398-4984-8b85-05c7775d5731@group-4B7CB0DCD607-LeaderElection14] INFO  metrics.RatisMetrics (RatisMetrics.java:lambda$create$0(36)) - Creating Metrics Registry : ratis.log_appender.8eebc958-9398-4984-8b85-05c7775d5731@group-4B7CB0DCD607
2021-07-14 22:47:48,570 [8eebc958-9398-4984-8b85-05c7775d5731@group-4B7CB0DCD607-LeaderElection14] INFO  server.RaftServerConfigKeys (ConfUtils.java:logGet(44)) - raft.server.write.element-limit = 1024 (custom)
2021-07-14 22:47:48,570 [8eebc958-9398-4984-8b85-05c7775d5731@group-4B7CB0DCD607-LeaderElection14] INFO  server.RaftServerConfigKeys (ConfUtils.java:logGet(44)) - raft.server.write.byte-limit = 1073741824 (custom)
2021-07-14 22:47:48,571 [8eebc958-9398-4984-8b85-05c7775d5731@group-4B7CB0DCD607-LeaderElection14] INFO  server.RaftServerConfigKeys (ConfUtils.java:logGet(44)) - raft.server.watch.timeout = 180s (custom)
2021-07-14 22:47:48,571 [8eebc958-9398-4984-8b85-05c7775d5731@group-4B7CB0DCD607-LeaderElection14] INFO  server.RaftServerConfigKeys (ConfUtils.java:logGet(44)) - raft.server.watch.timeout.denomination = 1s (default)
2021-07-14 22:47:48,571 [8eebc958-9398-4984-8b85-05c7775d5731@group-4B7CB0DCD607-LeaderElection14] INFO  server.RaftServerConfigKeys (ConfUtils.java:logGet(44)) - raft.server.watch.element-limit = 65536 (default)
2021-07-14 22:47:48,571 [8eebc958-9398-4984-8b85-05c7775d5731@group-4B7CB0DCD607-LeaderElection14] INFO  impl.RoleInfo (RoleInfo.java:updateAndGet(130)) - 8eebc958-9398-4984-8b85-05c7775d5731: start 8eebc958-9398-4984-8b85-05c7775d5731@group-4B7CB0DCD607-LeaderStateImpl
2021-07-14 22:47:48,571 [8eebc958-9398-4984-8b85-05c7775d5731@group-4B7CB0DCD607-LeaderElection14] INFO  segmented.SegmentedRaftLogWorker (SegmentedRaftLogWorker.java:startLogSegment(394)) - 8eebc958-9398-4984-8b85-05c7775d5731@group-4B7CB0DCD607-SegmentedRaftLogWorker: Starting segment from index:0
2021-07-14 22:47:48,576 [8eebc958-9398-4984-8b85-05c7775d5731@group-4B7CB0DCD607-SegmentedRaftLogWorker] INFO  segmented.SegmentedRaftLogWorker (SegmentedRaftLogWorker.java:execute(601)) - 8eebc958-9398-4984-8b85-05c7775d5731@group-4B7CB0DCD607-SegmentedRaftLogWorker: created new log segment /home/runner/work/ozone/ozone/mnt/ozone/hadoop-ozone/integration-test/target/test-dir/MiniOzoneClusterImpl-24e24ab0-2885-46cc-b3c8-2159e7c871dc/datanode-1/data/ratis/20a20383-e387-40c3-a2df-4b7cb0dcd607/current/log_inprogress_0
2021-07-14 22:47:48,576 [8eebc958-9398-4984-8b85-05c7775d5731@group-4B7CB0DCD607-LeaderElection14] INFO  server.RaftServer$Division (ServerState.java:setRaftConf(373)) - 8eebc958-9398-4984-8b85-05c7775d5731@group-4B7CB0DCD607: set configuration 0: [8eebc958-9398-4984-8b85-05c7775d5731|rpc:10.1.0.26:46601|dataStream:|priority:1], old=null
2021-07-14 22:47:48,577 [EventQueue-OpenPipelineForHealthyPipelineSafeModeRule] INFO  safemode.SCMSafeModeManager (HealthyPipelineSafeModeRule.java:process(124)) - SCM in safe mode. Healthy pipelines reported count is 0, required healthy pipeline reported count is 1
2021-07-14 22:47:48,625 [Listener at 127.0.0.1/45761] INFO  ozone.MiniOzoneClusterImpl (MiniOzoneClusterImpl.java:lambda$waitForClusterToBeReady$0(230)) - Nodes are ready. Got 3 of 3 DN Heartbeats.
2021-07-14 22:47:48,625 [Listener at 127.0.0.1/45761] INFO  ozone.MiniOzoneClusterImpl (MiniOzoneClusterImpl.java:lambda$waitForClusterToBeReady$0(233)) - Waiting for cluster to exit safe mode
2021-07-14 22:47:48,625 [Listener at 127.0.0.1/45761] INFO  ozone.MiniOzoneClusterImpl (MiniOzoneClusterImpl.java:lambda$waitForClusterToBeReady$0(235)) - SCM became leader
2021-07-14 22:47:48,753 [13cc7e77-570e-489a-8f95-9257e310d74c@group-1BF7F7216DE5-FollowerState] INFO  impl.FollowerState (FollowerState.java:run(134)) - 13cc7e77-570e-489a-8f95-9257e310d74c@group-1BF7F7216DE5-FollowerState: change to CANDIDATE, lastRpcElapsedTime:5110513377ns, electionTimeout:5110ms
2021-07-14 22:47:48,753 [13cc7e77-570e-489a-8f95-9257e310d74c@group-1BF7F7216DE5-FollowerState] INFO  impl.RoleInfo (RoleInfo.java:shutdownFollowerState(108)) - 13cc7e77-570e-489a-8f95-9257e310d74c: shutdown 13cc7e77-570e-489a-8f95-9257e310d74c@group-1BF7F7216DE5-FollowerState
2021-07-14 22:47:48,754 [13cc7e77-570e-489a-8f95-9257e310d74c@group-1BF7F7216DE5-FollowerState] INFO  server.RaftServer$Division (RaftServerImpl.java:setRole(284)) - 13cc7e77-570e-489a-8f95-9257e310d74c@group-1BF7F7216DE5: changes role from  FOLLOWER to CANDIDATE at term 0 for changeToCandidate
2021-07-14 22:47:48,754 [13cc7e77-570e-489a-8f95-9257e310d74c@group-1BF7F7216DE5-FollowerState] INFO  server.RaftServerConfigKeys (ConfUtils.java:logGet(44)) - raft.server.leaderelection.pre-vote = false (custom)
2021-07-14 22:47:48,754 [13cc7e77-570e-489a-8f95-9257e310d74c@group-1BF7F7216DE5-FollowerState] INFO  impl.RoleInfo (RoleInfo.java:updateAndGet(130)) - 13cc7e77-570e-489a-8f95-9257e310d74c: start 13cc7e77-570e-489a-8f95-9257e310d74c@group-1BF7F7216DE5-LeaderElection15
2021-07-14 22:47:48,757 [13cc7e77-570e-489a-8f95-9257e310d74c@group-1BF7F7216DE5-LeaderElection15] INFO  impl.LeaderElection (LeaderElection.java:askForVotes(306)) - 13cc7e77-570e-489a-8f95-9257e310d74c@group-1BF7F7216DE5-LeaderElection15 ELECTION round 0: submit vote requests at term 1 for -1: [13cc7e77-570e-489a-8f95-9257e310d74c|rpc:10.1.0.26:36681|priority:1], old=null
2021-07-14 22:47:48,757 [13cc7e77-570e-489a-8f95-9257e310d74c@group-1BF7F7216DE5-LeaderElection15] INFO  impl.LeaderElection (LeaderElection.java:askForVotes(308)) - 13cc7e77-570e-489a-8f95-9257e310d74c@group-1BF7F7216DE5-LeaderElection15 ELECTION round 0: result PASSED (term=1)
2021-07-14 22:47:48,757 [13cc7e77-570e-489a-8f95-9257e310d74c@group-1BF7F7216DE5-LeaderElection15] INFO  impl.RoleInfo (RoleInfo.java:shutdownLeaderElection(121)) - 13cc7e77-570e-489a-8f95-9257e310d74c: shutdown 13cc7e77-570e-489a-8f95-9257e310d74c@group-1BF7F7216DE5-LeaderElection15
2021-07-14 22:47:48,757 [13cc7e77-570e-489a-8f95-9257e310d74c@group-1BF7F7216DE5-LeaderElection15] INFO  server.RaftServer$Division (RaftServerImpl.java:setRole(284)) - 13cc7e77-570e-489a-8f95-9257e310d74c@group-1BF7F7216DE5: changes role from CANDIDATE to LEADER at term 1 for changeToLeader
2021-07-14 22:47:48,757 [13cc7e77-570e-489a-8f95-9257e310d74c@group-1BF7F7216DE5-LeaderElection15] INFO  ratis.XceiverServerRatis (XceiverServerRatis.java:handleLeaderChangedNotification(857)) - Leader change notification received for group: group-1BF7F7216DE5 with new leaderId: 13cc7e77-570e-489a-8f95-9257e310d74c
2021-07-14 22:47:48,757 [13cc7e77-570e-489a-8f95-9257e310d74c@group-1BF7F7216DE5-LeaderElection15] INFO  server.RaftServer$Division (ServerState.java:setLeader(271)) - 13cc7e77-570e-489a-8f95-9257e310d74c@group-1BF7F7216DE5: change Leader from null to 13cc7e77-570e-489a-8f95-9257e310d74c at term 1 for becomeLeader, leader elected after 5123ms
2021-07-14 22:47:48,757 [13cc7e77-570e-489a-8f95-9257e310d74c@group-1BF7F7216DE5-LeaderElection15] INFO  server.RaftServerConfigKeys (ConfUtils.java:logGet(44)) - raft.server.staging.catchup.gap = 1000 (default)
2021-07-14 22:47:48,757 [13cc7e77-570e-489a-8f95-9257e310d74c@group-1BF7F7216DE5-LeaderElection15] INFO  metrics.RatisMetrics (RatisMetrics.java:lambda$create$0(36)) - Creating Metrics Registry : ratis.log_appender.13cc7e77-570e-489a-8f95-9257e310d74c@group-1BF7F7216DE5
2021-07-14 22:47:48,757 [13cc7e77-570e-489a-8f95-9257e310d74c@group-1BF7F7216DE5-LeaderElection15] INFO  server.RaftServerConfigKeys (ConfUtils.java:logGet(44)) - raft.server.write.element-limit = 1024 (custom)
2021-07-14 22:47:48,758 [13cc7e77-570e-489a-8f95-9257e310d74c@group-1BF7F7216DE5-LeaderElection15] INFO  server.RaftServerConfigKeys (ConfUtils.java:logGet(44)) - raft.server.write.byte-limit = 1073741824 (custom)
2021-07-14 22:47:48,758 [13cc7e77-570e-489a-8f95-9257e310d74c@group-1BF7F7216DE5-LeaderElection15] INFO  server.RaftServerConfigKeys (ConfUtils.java:logGet(44)) - raft.server.watch.timeout = 180s (custom)
2021-07-14 22:47:48,758 [13cc7e77-570e-489a-8f95-9257e310d74c@group-1BF7F7216DE5-LeaderElection15] INFO  server.RaftServerConfigKeys (ConfUtils.java:logGet(44)) - raft.server.watch.timeout.denomination = 1s (default)
2021-07-14 22:47:48,758 [13cc7e77-570e-489a-8f95-9257e310d74c@group-1BF7F7216DE5-LeaderElection15] INFO  server.RaftServerConfigKeys (ConfUtils.java:logGet(44)) - raft.server.watch.element-limit = 65536 (default)
2021-07-14 22:47:48,758 [13cc7e77-570e-489a-8f95-9257e310d74c@group-1BF7F7216DE5-LeaderElection15] INFO  impl.RoleInfo (RoleInfo.java:updateAndGet(130)) - 13cc7e77-570e-489a-8f95-9257e310d74c: start 13cc7e77-570e-489a-8f95-9257e310d74c@group-1BF7F7216DE5-LeaderStateImpl
2021-07-14 22:47:48,759 [EventQueue-OpenPipelineForHealthyPipelineSafeModeRule] INFO  safemode.SCMSafeModeManager (HealthyPipelineSafeModeRule.java:process(124)) - SCM in safe mode. Healthy pipelines reported count is 0, required healthy pipeline reported count is 1
2021-07-14 22:47:48,759 [13cc7e77-570e-489a-8f95-9257e310d74c@group-1BF7F7216DE5-LeaderElection15] INFO  segmented.SegmentedRaftLogWorker (SegmentedRaftLogWorker.java:startLogSegment(394)) - 13cc7e77-570e-489a-8f95-9257e310d74c@group-1BF7F7216DE5-SegmentedRaftLogWorker: Starting segment from index:0
2021-07-14 22:47:48,763 [13cc7e77-570e-489a-8f95-9257e310d74c@group-1BF7F7216DE5-LeaderElection15] INFO  server.RaftServer$Division (ServerState.java:setRaftConf(373)) - 13cc7e77-570e-489a-8f95-9257e310d74c@group-1BF7F7216DE5: set configuration 0: [13cc7e77-570e-489a-8f95-9257e310d74c|rpc:10.1.0.26:36681|dataStream:|priority:1], old=null
2021-07-14 22:47:48,764 [13cc7e77-570e-489a-8f95-9257e310d74c@group-1BF7F7216DE5-SegmentedRaftLogWorker] INFO  segmented.SegmentedRaftLogWorker (SegmentedRaftLogWorker.java:execute(601)) - 13cc7e77-570e-489a-8f95-9257e310d74c@group-1BF7F7216DE5-SegmentedRaftLogWorker: created new log segment /home/runner/work/ozone/ozone/mnt/ozone/hadoop-ozone/integration-test/target/test-dir/MiniOzoneClusterImpl-24e24ab0-2885-46cc-b3c8-2159e7c871dc/datanode-2/data/ratis/1f7a479b-3e94-4952-a174-1bf7f7216de5/current/log_inprogress_0
2021-07-14 22:47:49,625 [Listener at 127.0.0.1/45761] INFO  ozone.MiniOzoneClusterImpl (MiniOzoneClusterImpl.java:lambda$waitForClusterToBeReady$0(230)) - Nodes are ready. Got 3 of 3 DN Heartbeats.
2021-07-14 22:47:49,626 [Listener at 127.0.0.1/45761] INFO  ozone.MiniOzoneClusterImpl (MiniOzoneClusterImpl.java:lambda$waitForClusterToBeReady$0(233)) - Waiting for cluster to exit safe mode
2021-07-14 22:47:49,626 [Listener at 127.0.0.1/45761] INFO  ozone.MiniOzoneClusterImpl (MiniOzoneClusterImpl.java:lambda$waitForClusterToBeReady$0(235)) - SCM became leader
2021-07-14 22:47:50,626 [Listener at 127.0.0.1/45761] INFO  ozone.MiniOzoneClusterImpl (MiniOzoneClusterImpl.java:lambda$waitForClusterToBeReady$0(230)) - Nodes are ready. Got 3 of 3 DN Heartbeats.
2021-07-14 22:47:50,626 [Listener at 127.0.0.1/45761] INFO  ozone.MiniOzoneClusterImpl (MiniOzoneClusterImpl.java:lambda$waitForClusterToBeReady$0(233)) - Waiting for cluster to exit safe mode
2021-07-14 22:47:50,626 [Listener at 127.0.0.1/45761] INFO  ozone.MiniOzoneClusterImpl (MiniOzoneClusterImpl.java:lambda$waitForClusterToBeReady$0(235)) - SCM became leader
2021-07-14 22:47:51,626 [Listener at 127.0.0.1/45761] INFO  ozone.MiniOzoneClusterImpl (MiniOzoneClusterImpl.java:lambda$waitForClusterToBeReady$0(230)) - Nodes are ready. Got 3 of 3 DN Heartbeats.
2021-07-14 22:47:51,627 [Listener at 127.0.0.1/45761] INFO  ozone.MiniOzoneClusterImpl (MiniOzoneClusterImpl.java:lambda$waitForClusterToBeReady$0(233)) - Waiting for cluster to exit safe mode
2021-07-14 22:47:51,627 [Listener at 127.0.0.1/45761] INFO  ozone.MiniOzoneClusterImpl (MiniOzoneClusterImpl.java:lambda$waitForClusterToBeReady$0(235)) - SCM became leader
2021-07-14 22:47:52,627 [Listener at 127.0.0.1/45761] INFO  ozone.MiniOzoneClusterImpl (MiniOzoneClusterImpl.java:lambda$waitForClusterToBeReady$0(230)) - Nodes are ready. Got 3 of 3 DN Heartbeats.
2021-07-14 22:47:52,627 [Listener at 127.0.0.1/45761] INFO  ozone.MiniOzoneClusterImpl (MiniOzoneClusterImpl.java:lambda$waitForClusterToBeReady$0(233)) - Waiting for cluster to exit safe mode
2021-07-14 22:47:52,627 [Listener at 127.0.0.1/45761] INFO  ozone.MiniOzoneClusterImpl (MiniOzoneClusterImpl.java:lambda$waitForClusterToBeReady$0(235)) - SCM became leader
2021-07-14 22:47:53,563 [8eebc958-9398-4984-8b85-05c7775d5731@group-3DA7CFC98DDE-FollowerState] INFO  impl.FollowerState (FollowerState.java:run(134)) - 8eebc958-9398-4984-8b85-05c7775d5731@group-3DA7CFC98DDE-FollowerState: change to CANDIDATE, lastRpcElapsedTime:5095496752ns, electionTimeout:5092ms
2021-07-14 22:47:53,564 [8eebc958-9398-4984-8b85-05c7775d5731@group-3DA7CFC98DDE-FollowerState] INFO  impl.RoleInfo (RoleInfo.java:shutdownFollowerState(108)) - 8eebc958-9398-4984-8b85-05c7775d5731: shutdown 8eebc958-9398-4984-8b85-05c7775d5731@group-3DA7CFC98DDE-FollowerState
2021-07-14 22:47:53,564 [8eebc958-9398-4984-8b85-05c7775d5731@group-3DA7CFC98DDE-FollowerState] INFO  server.RaftServer$Division (RaftServerImpl.java:setRole(284)) - 8eebc958-9398-4984-8b85-05c7775d5731@group-3DA7CFC98DDE: changes role from  FOLLOWER to CANDIDATE at term 1 for changeToCandidate
2021-07-14 22:47:53,564 [8eebc958-9398-4984-8b85-05c7775d5731@group-3DA7CFC98DDE-FollowerState] INFO  server.RaftServerConfigKeys (ConfUtils.java:logGet(44)) - raft.server.leaderelection.pre-vote = false (custom)
2021-07-14 22:47:53,564 [8eebc958-9398-4984-8b85-05c7775d5731@group-3DA7CFC98DDE-FollowerState] INFO  impl.RoleInfo (RoleInfo.java:updateAndGet(130)) - 8eebc958-9398-4984-8b85-05c7775d5731: start 8eebc958-9398-4984-8b85-05c7775d5731@group-3DA7CFC98DDE-LeaderElection16
2021-07-14 22:47:53,566 [8eebc958-9398-4984-8b85-05c7775d5731@group-3DA7CFC98DDE-LeaderElection16] INFO  impl.LeaderElection (LeaderElection.java:askForVotes(306)) - 8eebc958-9398-4984-8b85-05c7775d5731@group-3DA7CFC98DDE-LeaderElection16 ELECTION round 0: submit vote requests at term 2 for -1: [8c203391-d7bf-416a-8a2d-d45edeb19bdd|rpc:10.1.0.26:41361|dataStream:|priority:0, 13cc7e77-570e-489a-8f95-9257e310d74c|rpc:10.1.0.26:36681|dataStream:|priority:1, 8eebc958-9398-4984-8b85-05c7775d5731|rpc:10.1.0.26:46601|dataStream:|priority:0], old=null
2021-07-14 22:47:53,574 [grpc-default-executor-0] INFO  server.RaftServer$Division (RaftServerImpl.java:requestVote(1042)) - 13cc7e77-570e-489a-8f95-9257e310d74c@group-3DA7CFC98DDE: receive requestVote(ELECTION, 8eebc958-9398-4984-8b85-05c7775d5731, group-3DA7CFC98DDE, 2, (t:0, i:0))
2021-07-14 22:47:53,574 [grpc-default-executor-0] INFO  impl.VoteContext (VoteContext.java:log(48)) - 13cc7e77-570e-489a-8f95-9257e310d74c@group-3DA7CFC98DDE-FOLLOWER: reject ELECTION from 8eebc958-9398-4984-8b85-05c7775d5731: our priority 1 > candidate's priority 0
2021-07-14 22:47:53,574 [grpc-default-executor-0] INFO  server.RaftServer$Division (RaftServerImpl.java:setRole(284)) - 13cc7e77-570e-489a-8f95-9257e310d74c@group-3DA7CFC98DDE: changes role from  FOLLOWER to FOLLOWER at term 2 for candidate:8eebc958-9398-4984-8b85-05c7775d5731
2021-07-14 22:47:53,574 [grpc-default-executor-0] INFO  impl.RoleInfo (RoleInfo.java:shutdownFollowerState(108)) - 13cc7e77-570e-489a-8f95-9257e310d74c: shutdown 13cc7e77-570e-489a-8f95-9257e310d74c@group-3DA7CFC98DDE-FollowerState
2021-07-14 22:47:53,574 [grpc-default-executor-0] INFO  impl.RoleInfo (RoleInfo.java:updateAndGet(130)) - 13cc7e77-570e-489a-8f95-9257e310d74c: start 13cc7e77-570e-489a-8f95-9257e310d74c@group-3DA7CFC98DDE-FollowerState
2021-07-14 22:47:53,574 [13cc7e77-570e-489a-8f95-9257e310d74c@group-3DA7CFC98DDE-FollowerState] INFO  impl.FollowerState (FollowerState.java:run(143)) - 13cc7e77-570e-489a-8f95-9257e310d74c@group-3DA7CFC98DDE-FollowerState was interrupted: {}
java.lang.InterruptedException: sleep interrupted
	at java.lang.Thread.sleep(Native Method)
	at java.lang.Thread.sleep(Thread.java:340)
	at java.util.concurrent.TimeUnit.sleep(TimeUnit.java:386)
	at org.apache.ratis.util.TimeDuration.sleep(TimeDuration.java:324)
	at org.apache.ratis.util.TimeDuration.sleep(TimeDuration.java:309)
	at org.apache.ratis.server.impl.FollowerState.run(FollowerState.java:118)
2021-07-14 22:47:53,580 [grpc-default-executor-1] INFO  server.RaftServer$Division (RaftServerImpl.java:requestVote(1042)) - 8c203391-d7bf-416a-8a2d-d45edeb19bdd@group-3DA7CFC98DDE: receive requestVote(ELECTION, 8eebc958-9398-4984-8b85-05c7775d5731, group-3DA7CFC98DDE, 2, (t:0, i:0))
2021-07-14 22:47:53,580 [grpc-default-executor-1] INFO  impl.VoteContext (VoteContext.java:log(48)) - 8c203391-d7bf-416a-8a2d-d45edeb19bdd@group-3DA7CFC98DDE-FOLLOWER: accept ELECTION from 8eebc958-9398-4984-8b85-05c7775d5731: our priority 0 <= candidate's priority 0
2021-07-14 22:47:53,580 [grpc-default-executor-1] INFO  server.RaftServer$Division (RaftServerImpl.java:setRole(284)) - 8c203391-d7bf-416a-8a2d-d45edeb19bdd@group-3DA7CFC98DDE: changes role from  FOLLOWER to FOLLOWER at term 2 for candidate:8eebc958-9398-4984-8b85-05c7775d5731
2021-07-14 22:47:53,580 [grpc-default-executor-1] INFO  impl.RoleInfo (RoleInfo.java:shutdownFollowerState(108)) - 8c203391-d7bf-416a-8a2d-d45edeb19bdd: shutdown 8c203391-d7bf-416a-8a2d-d45edeb19bdd@group-3DA7CFC98DDE-FollowerState
2021-07-14 22:47:53,580 [grpc-default-executor-1] INFO  impl.RoleInfo (RoleInfo.java:updateAndGet(130)) - 8c203391-d7bf-416a-8a2d-d45edeb19bdd: start 8c203391-d7bf-416a-8a2d-d45edeb19bdd@group-3DA7CFC98DDE-FollowerState
2021-07-14 22:47:53,580 [8c203391-d7bf-416a-8a2d-d45edeb19bdd@group-3DA7CFC98DDE-FollowerState] INFO  impl.FollowerState (FollowerState.java:run(143)) - 8c203391-d7bf-416a-8a2d-d45edeb19bdd@group-3DA7CFC98DDE-FollowerState was interrupted: {}
java.lang.InterruptedException: sleep interrupted
	at java.lang.Thread.sleep(Native Method)
	at java.lang.Thread.sleep(Thread.java:340)
	at java.util.concurrent.TimeUnit.sleep(TimeUnit.java:386)
	at org.apache.ratis.util.TimeDuration.sleep(TimeDuration.java:324)
	at org.apache.ratis.util.TimeDuration.sleep(TimeDuration.java:309)
	at org.apache.ratis.server.impl.FollowerState.run(FollowerState.java:118)
2021-07-14 22:47:53,589 [grpc-default-executor-1] INFO  server.RaftServer$Division (RaftServerImpl.java:requestVote(1074)) - 8c203391-d7bf-416a-8a2d-d45edeb19bdd@group-3DA7CFC98DDE replies to ELECTION vote request: 8eebc958-9398-4984-8b85-05c7775d5731<-8c203391-d7bf-416a-8a2d-d45edeb19bdd#0:OK-t2. Peer's state: 8c203391-d7bf-416a-8a2d-d45edeb19bdd@group-3DA7CFC98DDE:t2, leader=null, voted=8eebc958-9398-4984-8b85-05c7775d5731, raftlog=8c203391-d7bf-416a-8a2d-d45edeb19bdd@group-3DA7CFC98DDE-SegmentedRaftLog:OPENED:c-1,f-1,i0, conf=-1: [8c203391-d7bf-416a-8a2d-d45edeb19bdd|rpc:10.1.0.26:41361|priority:0, 13cc7e77-570e-489a-8f95-9257e310d74c|rpc:10.1.0.26:36681|priority:1, 8eebc958-9398-4984-8b85-05c7775d5731|rpc:10.1.0.26:46601|priority:0], old=null
2021-07-14 22:47:53,589 [grpc-default-executor-0] INFO  server.RaftServer$Division (RaftServerImpl.java:requestVote(1074)) - 13cc7e77-570e-489a-8f95-9257e310d74c@group-3DA7CFC98DDE replies to ELECTION vote request: 8eebc958-9398-4984-8b85-05c7775d5731<-13cc7e77-570e-489a-8f95-9257e310d74c#0:FAIL-t2. Peer's state: 13cc7e77-570e-489a-8f95-9257e310d74c@group-3DA7CFC98DDE:t2, leader=null, voted=null, raftlog=13cc7e77-570e-489a-8f95-9257e310d74c@group-3DA7CFC98DDE-SegmentedRaftLog:OPENED:c-1,f-1,i0, conf=-1: [8c203391-d7bf-416a-8a2d-d45edeb19bdd|rpc:10.1.0.26:41361|dataStream:|priority:0, 13cc7e77-570e-489a-8f95-9257e310d74c|rpc:10.1.0.26:36681|dataStream:|priority:1, 8eebc958-9398-4984-8b85-05c7775d5731|rpc:10.1.0.26:46601|dataStream:|priority:0], old=null
2021-07-14 22:47:53,590 [8eebc958-9398-4984-8b85-05c7775d5731@group-3DA7CFC98DDE-LeaderElection16] INFO  impl.LeaderElection (LeaderElection.java:logAndReturn(89)) - 8eebc958-9398-4984-8b85-05c7775d5731@group-3DA7CFC98DDE-LeaderElection16: ELECTION REJECTED received 1 response(s) and 0 exception(s):
2021-07-14 22:47:53,591 [8eebc958-9398-4984-8b85-05c7775d5731@group-3DA7CFC98DDE-LeaderElection16] INFO  impl.LeaderElection (LeaderElection.java:logAndReturn(93)) -   Response 0: 8eebc958-9398-4984-8b85-05c7775d5731<-13cc7e77-570e-489a-8f95-9257e310d74c#0:FAIL-t2
2021-07-14 22:47:53,591 [8eebc958-9398-4984-8b85-05c7775d5731@group-3DA7CFC98DDE-LeaderElection16] INFO  impl.LeaderElection (LeaderElection.java:askForVotes(308)) - 8eebc958-9398-4984-8b85-05c7775d5731@group-3DA7CFC98DDE-LeaderElection16 ELECTION round 0: result REJECTED
2021-07-14 22:47:53,591 [8eebc958-9398-4984-8b85-05c7775d5731@group-3DA7CFC98DDE-LeaderElection16] INFO  server.RaftServer$Division (RaftServerImpl.java:setRole(284)) - 8eebc958-9398-4984-8b85-05c7775d5731@group-3DA7CFC98DDE: changes role from CANDIDATE to FOLLOWER at term 2 for REJECTED
2021-07-14 22:47:53,591 [8eebc958-9398-4984-8b85-05c7775d5731@group-3DA7CFC98DDE-LeaderElection16] INFO  impl.RoleInfo (RoleInfo.java:shutdownLeaderElection(121)) - 8eebc958-9398-4984-8b85-05c7775d5731: shutdown 8eebc958-9398-4984-8b85-05c7775d5731@group-3DA7CFC98DDE-LeaderElection16
2021-07-14 22:47:53,591 [8eebc958-9398-4984-8b85-05c7775d5731@group-3DA7CFC98DDE-LeaderElection16] INFO  impl.RoleInfo (RoleInfo.java:updateAndGet(130)) - 8eebc958-9398-4984-8b85-05c7775d5731: start 8eebc958-9398-4984-8b85-05c7775d5731@group-3DA7CFC98DDE-FollowerState
2021-07-14 22:47:53,627 [Listener at 127.0.0.1/45761] INFO  ozone.MiniOzoneClusterImpl (MiniOzoneClusterImpl.java:lambda$waitForClusterToBeReady$0(230)) - Nodes are ready. Got 3 of 3 DN Heartbeats.
2021-07-14 22:47:53,628 [Listener at 127.0.0.1/45761] INFO  ozone.MiniOzoneClusterImpl (MiniOzoneClusterImpl.java:lambda$waitForClusterToBeReady$0(233)) - Waiting for cluster to exit safe mode
2021-07-14 22:47:53,628 [Listener at 127.0.0.1/45761] INFO  ozone.MiniOzoneClusterImpl (MiniOzoneClusterImpl.java:lambda$waitForClusterToBeReady$0(235)) - SCM became leader
2021-07-14 22:47:54,629 [Listener at 127.0.0.1/45761] INFO  ozone.MiniOzoneClusterImpl (MiniOzoneClusterImpl.java:lambda$waitForClusterToBeReady$0(230)) - Nodes are ready. Got 3 of 3 DN Heartbeats.
2021-07-14 22:47:54,629 [Listener at 127.0.0.1/45761] INFO  ozone.MiniOzoneClusterImpl (MiniOzoneClusterImpl.java:lambda$waitForClusterToBeReady$0(233)) - Waiting for cluster to exit safe mode
2021-07-14 22:47:54,629 [Listener at 127.0.0.1/45761] INFO  ozone.MiniOzoneClusterImpl (MiniOzoneClusterImpl.java:lambda$waitForClusterToBeReady$0(235)) - SCM became leader
2021-07-14 22:47:55,629 [Listener at 127.0.0.1/45761] INFO  ozone.MiniOzoneClusterImpl (MiniOzoneClusterImpl.java:lambda$waitForClusterToBeReady$0(230)) - Nodes are ready. Got 3 of 3 DN Heartbeats.
2021-07-14 22:47:55,630 [Listener at 127.0.0.1/45761] INFO  ozone.MiniOzoneClusterImpl (MiniOzoneClusterImpl.java:lambda$waitForClusterToBeReady$0(233)) - Waiting for cluster to exit safe mode
2021-07-14 22:47:55,630 [Listener at 127.0.0.1/45761] INFO  ozone.MiniOzoneClusterImpl (MiniOzoneClusterImpl.java:lambda$waitForClusterToBeReady$0(235)) - SCM became leader
2021-07-14 22:47:56,630 [Listener at 127.0.0.1/45761] INFO  ozone.MiniOzoneClusterImpl (MiniOzoneClusterImpl.java:lambda$waitForClusterToBeReady$0(230)) - Nodes are ready. Got 3 of 3 DN Heartbeats.
2021-07-14 22:47:56,630 [Listener at 127.0.0.1/45761] INFO  ozone.MiniOzoneClusterImpl (MiniOzoneClusterImpl.java:lambda$waitForClusterToBeReady$0(233)) - Waiting for cluster to exit safe mode
2021-07-14 22:47:56,630 [Listener at 127.0.0.1/45761] INFO  ozone.MiniOzoneClusterImpl (MiniOzoneClusterImpl.java:lambda$waitForClusterToBeReady$0(235)) - SCM became leader
2021-07-14 22:47:57,630 [Listener at 127.0.0.1/45761] INFO  ozone.MiniOzoneClusterImpl (MiniOzoneClusterImpl.java:lambda$waitForClusterToBeReady$0(230)) - Nodes are ready. Got 3 of 3 DN Heartbeats.
2021-07-14 22:47:57,630 [Listener at 127.0.0.1/45761] INFO  ozone.MiniOzoneClusterImpl (MiniOzoneClusterImpl.java:lambda$waitForClusterToBeReady$0(233)) - Waiting for cluster to exit safe mode
2021-07-14 22:47:57,630 [Listener at 127.0.0.1/45761] INFO  ozone.MiniOzoneClusterImpl (MiniOzoneClusterImpl.java:lambda$waitForClusterToBeReady$0(235)) - SCM became leader
2021-07-14 22:47:58,631 [Listener at 127.0.0.1/45761] INFO  ozone.MiniOzoneClusterImpl (MiniOzoneClusterImpl.java:lambda$waitForClusterToBeReady$0(230)) - Nodes are ready. Got 3 of 3 DN Heartbeats.
2021-07-14 22:47:58,631 [Listener at 127.0.0.1/45761] INFO  ozone.MiniOzoneClusterImpl (MiniOzoneClusterImpl.java:lambda$waitForClusterToBeReady$0(233)) - Waiting for cluster to exit safe mode
2021-07-14 22:47:58,631 [Listener at 127.0.0.1/45761] INFO  ozone.MiniOzoneClusterImpl (MiniOzoneClusterImpl.java:lambda$waitForClusterToBeReady$0(235)) - SCM became leader
2021-07-14 22:47:58,664 [8eebc958-9398-4984-8b85-05c7775d5731@group-3DA7CFC98DDE-FollowerState] INFO  impl.FollowerState (FollowerState.java:run(134)) - 8eebc958-9398-4984-8b85-05c7775d5731@group-3DA7CFC98DDE-FollowerState: change to CANDIDATE, lastRpcElapsedTime:5072201207ns, electionTimeout:5069ms
2021-07-14 22:47:58,664 [8eebc958-9398-4984-8b85-05c7775d5731@group-3DA7CFC98DDE-FollowerState] INFO  impl.RoleInfo (RoleInfo.java:shutdownFollowerState(108)) - 8eebc958-9398-4984-8b85-05c7775d5731: shutdown 8eebc958-9398-4984-8b85-05c7775d5731@group-3DA7CFC98DDE-FollowerState
2021-07-14 22:47:58,664 [8eebc958-9398-4984-8b85-05c7775d5731@group-3DA7CFC98DDE-FollowerState] INFO  server.RaftServer$Division (RaftServerImpl.java:setRole(284)) - 8eebc958-9398-4984-8b85-05c7775d5731@group-3DA7CFC98DDE: changes role from  FOLLOWER to CANDIDATE at term 2 for changeToCandidate
2021-07-14 22:47:58,664 [8eebc958-9398-4984-8b85-05c7775d5731@group-3DA7CFC98DDE-FollowerState] INFO  server.RaftServerConfigKeys (ConfUtils.java:logGet(44)) - raft.server.leaderelection.pre-vote = false (custom)
2021-07-14 22:47:58,664 [8eebc958-9398-4984-8b85-05c7775d5731@group-3DA7CFC98DDE-FollowerState] INFO  impl.RoleInfo (RoleInfo.java:updateAndGet(130)) - 8eebc958-9398-4984-8b85-05c7775d5731: start 8eebc958-9398-4984-8b85-05c7775d5731@group-3DA7CFC98DDE-LeaderElection17
2021-07-14 22:47:58,667 [8eebc958-9398-4984-8b85-05c7775d5731@group-3DA7CFC98DDE-LeaderElection17] INFO  impl.LeaderElection (LeaderElection.java:askForVotes(306)) - 8eebc958-9398-4984-8b85-05c7775d5731@group-3DA7CFC98DDE-LeaderElection17 ELECTION round 0: submit vote requests at term 3 for -1: [8c203391-d7bf-416a-8a2d-d45edeb19bdd|rpc:10.1.0.26:41361|dataStream:|priority:0, 13cc7e77-570e-489a-8f95-9257e310d74c|rpc:10.1.0.26:36681|dataStream:|priority:1, 8eebc958-9398-4984-8b85-05c7775d5731|rpc:10.1.0.26:46601|dataStream:|priority:0], old=null
2021-07-14 22:47:58,674 [grpc-default-executor-1] INFO  server.RaftServer$Division (RaftServerImpl.java:requestVote(1042)) - 13cc7e77-570e-489a-8f95-9257e310d74c@group-3DA7CFC98DDE: receive requestVote(ELECTION, 8eebc958-9398-4984-8b85-05c7775d5731, group-3DA7CFC98DDE, 3, (t:0, i:0))
2021-07-14 22:47:58,676 [grpc-default-executor-1] INFO  impl.VoteContext (VoteContext.java:log(48)) - 13cc7e77-570e-489a-8f95-9257e310d74c@group-3DA7CFC98DDE-FOLLOWER: reject ELECTION from 8eebc958-9398-4984-8b85-05c7775d5731: our priority 1 > candidate's priority 0
2021-07-14 22:47:58,676 [grpc-default-executor-1] INFO  server.RaftServer$Division (RaftServerImpl.java:setRole(284)) - 13cc7e77-570e-489a-8f95-9257e310d74c@group-3DA7CFC98DDE: changes role from  FOLLOWER to FOLLOWER at term 3 for candidate:8eebc958-9398-4984-8b85-05c7775d5731
2021-07-14 22:47:58,676 [grpc-default-executor-1] INFO  impl.RoleInfo (RoleInfo.java:shutdownFollowerState(108)) - 13cc7e77-570e-489a-8f95-9257e310d74c: shutdown 13cc7e77-570e-489a-8f95-9257e310d74c@group-3DA7CFC98DDE-FollowerState
2021-07-14 22:47:58,676 [13cc7e77-570e-489a-8f95-9257e310d74c@group-3DA7CFC98DDE-FollowerState] INFO  impl.FollowerState (FollowerState.java:run(143)) - 13cc7e77-570e-489a-8f95-9257e310d74c@group-3DA7CFC98DDE-FollowerState was interrupted: {}
java.lang.InterruptedException: sleep interrupted
	at java.lang.Thread.sleep(Native Method)
	at java.lang.Thread.sleep(Thread.java:340)
	at java.util.concurrent.TimeUnit.sleep(TimeUnit.java:386)
	at org.apache.ratis.util.TimeDuration.sleep(TimeDuration.java:324)
	at org.apache.ratis.util.TimeDuration.sleep(TimeDuration.java:309)
	at org.apache.ratis.server.impl.FollowerState.run(FollowerState.java:118)
2021-07-14 22:47:58,677 [grpc-default-executor-1] INFO  impl.RoleInfo (RoleInfo.java:updateAndGet(130)) - 13cc7e77-570e-489a-8f95-9257e310d74c: start 13cc7e77-570e-489a-8f95-9257e310d74c@group-3DA7CFC98DDE-FollowerState
2021-07-14 22:47:58,679 [grpc-default-executor-0] INFO  server.RaftServer$Division (RaftServerImpl.java:requestVote(1042)) - 8c203391-d7bf-416a-8a2d-d45edeb19bdd@group-3DA7CFC98DDE: receive requestVote(ELECTION, 8eebc958-9398-4984-8b85-05c7775d5731, group-3DA7CFC98DDE, 3, (t:0, i:0))
2021-07-14 22:47:58,679 [grpc-default-executor-0] INFO  impl.VoteContext (VoteContext.java:log(48)) - 8c203391-d7bf-416a-8a2d-d45edeb19bdd@group-3DA7CFC98DDE-FOLLOWER: accept ELECTION from 8eebc958-9398-4984-8b85-05c7775d5731: our priority 0 <= candidate's priority 0
2021-07-14 22:47:58,679 [grpc-default-executor-0] INFO  server.RaftServer$Division (RaftServerImpl.java:setRole(284)) - 8c203391-d7bf-416a-8a2d-d45edeb19bdd@group-3DA7CFC98DDE: changes role from  FOLLOWER to FOLLOWER at term 3 for candidate:8eebc958-9398-4984-8b85-05c7775d5731
2021-07-14 22:47:58,679 [grpc-default-executor-0] INFO  impl.RoleInfo (RoleInfo.java:shutdownFollowerState(108)) - 8c203391-d7bf-416a-8a2d-d45edeb19bdd: shutdown 8c203391-d7bf-416a-8a2d-d45edeb19bdd@group-3DA7CFC98DDE-FollowerState
2021-07-14 22:47:58,679 [grpc-default-executor-0] INFO  impl.RoleInfo (RoleInfo.java:updateAndGet(130)) - 8c203391-d7bf-416a-8a2d-d45edeb19bdd: start 8c203391-d7bf-416a-8a2d-d45edeb19bdd@group-3DA7CFC98DDE-FollowerState
2021-07-14 22:47:58,679 [8c203391-d7bf-416a-8a2d-d45edeb19bdd@group-3DA7CFC98DDE-FollowerState] INFO  impl.FollowerState (FollowerState.java:run(143)) - 8c203391-d7bf-416a-8a2d-d45edeb19bdd@group-3DA7CFC98DDE-FollowerState was interrupted: {}
java.lang.InterruptedException: sleep interrupted
	at java.lang.Thread.sleep(Native Method)
	at java.lang.Thread.sleep(Thread.java:340)
	at java.util.concurrent.TimeUnit.sleep(TimeUnit.java:386)
	at org.apache.ratis.util.TimeDuration.sleep(TimeDuration.java:324)
	at org.apache.ratis.util.TimeDuration.sleep(TimeDuration.java:309)
	at org.apache.ratis.server.impl.FollowerState.run(FollowerState.java:118)
2021-07-14 22:47:58,684 [grpc-default-executor-1] INFO  server.RaftServer$Division (RaftServerImpl.java:requestVote(1074)) - 13cc7e77-570e-489a-8f95-9257e310d74c@group-3DA7CFC98DDE replies to ELECTION vote request: 8eebc958-9398-4984-8b85-05c7775d5731<-13cc7e77-570e-489a-8f95-9257e310d74c#0:FAIL-t3. Peer's state: 13cc7e77-570e-489a-8f95-9257e310d74c@group-3DA7CFC98DDE:t3, leader=null, voted=null, raftlog=13cc7e77-570e-489a-8f95-9257e310d74c@group-3DA7CFC98DDE-SegmentedRaftLog:OPENED:c-1,f-1,i0, conf=-1: [8c203391-d7bf-416a-8a2d-d45edeb19bdd|rpc:10.1.0.26:41361|dataStream:|priority:0, 13cc7e77-570e-489a-8f95-9257e310d74c|rpc:10.1.0.26:36681|dataStream:|priority:1, 8eebc958-9398-4984-8b85-05c7775d5731|rpc:10.1.0.26:46601|dataStream:|priority:0], old=null
2021-07-14 22:47:58,686 [grpc-default-executor-0] INFO  server.RaftServer$Division (RaftServerImpl.java:requestVote(1074)) - 8c203391-d7bf-416a-8a2d-d45edeb19bdd@group-3DA7CFC98DDE replies to ELECTION vote request: 8eebc958-9398-4984-8b85-05c7775d5731<-8c203391-d7bf-416a-8a2d-d45edeb19bdd#0:OK-t3. Peer's state: 8c203391-d7bf-416a-8a2d-d45edeb19bdd@group-3DA7CFC98DDE:t3, leader=null, voted=8eebc958-9398-4984-8b85-05c7775d5731, raftlog=8c203391-d7bf-416a-8a2d-d45edeb19bdd@group-3DA7CFC98DDE-SegmentedRaftLog:OPENED:c-1,f-1,i0, conf=-1: [8c203391-d7bf-416a-8a2d-d45edeb19bdd|rpc:10.1.0.26:41361|priority:0, 13cc7e77-570e-489a-8f95-9257e310d74c|rpc:10.1.0.26:36681|priority:1, 8eebc958-9398-4984-8b85-05c7775d5731|rpc:10.1.0.26:46601|priority:0], old=null
2021-07-14 22:47:58,690 [8eebc958-9398-4984-8b85-05c7775d5731@group-3DA7CFC98DDE-LeaderElection17] INFO  impl.LeaderElection (LeaderElection.java:logAndReturn(89)) - 8eebc958-9398-4984-8b85-05c7775d5731@group-3DA7CFC98DDE-LeaderElection17: ELECTION REJECTED received 1 response(s) and 0 exception(s):
2021-07-14 22:47:58,690 [8eebc958-9398-4984-8b85-05c7775d5731@group-3DA7CFC98DDE-LeaderElection17] INFO  impl.LeaderElection (LeaderElection.java:logAndReturn(93)) -   Response 0: 8eebc958-9398-4984-8b85-05c7775d5731<-13cc7e77-570e-489a-8f95-9257e310d74c#0:FAIL-t3
2021-07-14 22:47:58,690 [8eebc958-9398-4984-8b85-05c7775d5731@group-3DA7CFC98DDE-LeaderElection17] INFO  impl.LeaderElection (LeaderElection.java:askForVotes(308)) - 8eebc958-9398-4984-8b85-05c7775d5731@group-3DA7CFC98DDE-LeaderElection17 ELECTION round 0: result REJECTED
2021-07-14 22:47:58,690 [8eebc958-9398-4984-8b85-05c7775d5731@group-3DA7CFC98DDE-LeaderElection17] INFO  server.RaftServer$Division (RaftServerImpl.java:setRole(284)) - 8eebc958-9398-4984-8b85-05c7775d5731@group-3DA7CFC98DDE: changes role from CANDIDATE to FOLLOWER at term 3 for REJECTED
2021-07-14 22:47:58,690 [8eebc958-9398-4984-8b85-05c7775d5731@group-3DA7CFC98DDE-LeaderElection17] INFO  impl.RoleInfo (RoleInfo.java:shutdownLeaderElection(121)) - 8eebc958-9398-4984-8b85-05c7775d5731: shutdown 8eebc958-9398-4984-8b85-05c7775d5731@group-3DA7CFC98DDE-LeaderElection17
2021-07-14 22:47:58,691 [8eebc958-9398-4984-8b85-05c7775d5731@group-3DA7CFC98DDE-LeaderElection17] INFO  impl.RoleInfo (RoleInfo.java:updateAndGet(130)) - 8eebc958-9398-4984-8b85-05c7775d5731: start 8eebc958-9398-4984-8b85-05c7775d5731@group-3DA7CFC98DDE-FollowerState
2021-07-14 22:47:59,631 [Listener at 127.0.0.1/45761] INFO  ozone.MiniOzoneClusterImpl (MiniOzoneClusterImpl.java:lambda$waitForClusterToBeReady$0(230)) - Nodes are ready. Got 3 of 3 DN Heartbeats.
2021-07-14 22:47:59,632 [Listener at 127.0.0.1/45761] INFO  ozone.MiniOzoneClusterImpl (MiniOzoneClusterImpl.java:lambda$waitForClusterToBeReady$0(233)) - Waiting for cluster to exit safe mode
2021-07-14 22:47:59,632 [Listener at 127.0.0.1/45761] INFO  ozone.MiniOzoneClusterImpl (MiniOzoneClusterImpl.java:lambda$waitForClusterToBeReady$0(235)) - SCM became leader
2021-07-14 22:48:00,633 [Listener at 127.0.0.1/45761] INFO  ozone.MiniOzoneClusterImpl (MiniOzoneClusterImpl.java:lambda$waitForClusterToBeReady$0(230)) - Nodes are ready. Got 3 of 3 DN Heartbeats.
2021-07-14 22:48:00,633 [Listener at 127.0.0.1/45761] INFO  ozone.MiniOzoneClusterImpl (MiniOzoneClusterImpl.java:lambda$waitForClusterToBeReady$0(233)) - Waiting for cluster to exit safe mode
2021-07-14 22:48:00,633 [Listener at 127.0.0.1/45761] INFO  ozone.MiniOzoneClusterImpl (MiniOzoneClusterImpl.java:lambda$waitForClusterToBeReady$0(235)) - SCM became leader
2021-07-14 22:48:01,633 [Listener at 127.0.0.1/45761] INFO  ozone.MiniOzoneClusterImpl (MiniOzoneClusterImpl.java:lambda$waitForClusterToBeReady$0(230)) - Nodes are ready. Got 3 of 3 DN Heartbeats.
2021-07-14 22:48:01,633 [Listener at 127.0.0.1/45761] INFO  ozone.MiniOzoneClusterImpl (MiniOzoneClusterImpl.java:lambda$waitForClusterToBeReady$0(233)) - Waiting for cluster to exit safe mode
2021-07-14 22:48:01,633 [Listener at 127.0.0.1/45761] INFO  ozone.MiniOzoneClusterImpl (MiniOzoneClusterImpl.java:lambda$waitForClusterToBeReady$0(235)) - SCM became leader
2021-07-14 22:48:02,633 [Listener at 127.0.0.1/45761] INFO  ozone.MiniOzoneClusterImpl (MiniOzoneClusterImpl.java:lambda$waitForClusterToBeReady$0(230)) - Nodes are ready. Got 3 of 3 DN Heartbeats.
2021-07-14 22:48:02,634 [Listener at 127.0.0.1/45761] INFO  ozone.MiniOzoneClusterImpl (MiniOzoneClusterImpl.java:lambda$waitForClusterToBeReady$0(233)) - Waiting for cluster to exit safe mode
2021-07-14 22:48:02,634 [Listener at 127.0.0.1/45761] INFO  ozone.MiniOzoneClusterImpl (MiniOzoneClusterImpl.java:lambda$waitForClusterToBeReady$0(235)) - SCM became leader
2021-07-14 22:48:03,634 [Listener at 127.0.0.1/45761] INFO  ozone.MiniOzoneClusterImpl (MiniOzoneClusterImpl.java:lambda$waitForClusterToBeReady$0(230)) - Nodes are ready. Got 3 of 3 DN Heartbeats.
2021-07-14 22:48:03,634 [Listener at 127.0.0.1/45761] INFO  ozone.MiniOzoneClusterImpl (MiniOzoneClusterImpl.java:lambda$waitForClusterToBeReady$0(233)) - Waiting for cluster to exit safe mode
2021-07-14 22:48:03,634 [Listener at 127.0.0.1/45761] INFO  ozone.MiniOzoneClusterImpl (MiniOzoneClusterImpl.java:lambda$waitForClusterToBeReady$0(235)) - SCM became leader
2021-07-14 22:48:03,703 [8c203391-d7bf-416a-8a2d-d45edeb19bdd@group-3DA7CFC98DDE-FollowerState] INFO  impl.FollowerState (FollowerState.java:run(134)) - 8c203391-d7bf-416a-8a2d-d45edeb19bdd@group-3DA7CFC98DDE-FollowerState: change to CANDIDATE, lastRpcElapsedTime:5017419365ns, electionTimeout:5012ms
2021-07-14 22:48:03,704 [8c203391-d7bf-416a-8a2d-d45edeb19bdd@group-3DA7CFC98DDE-FollowerState] INFO  impl.RoleInfo (RoleInfo.java:shutdownFollowerState(108)) - 8c203391-d7bf-416a-8a2d-d45edeb19bdd: shutdown 8c203391-d7bf-416a-8a2d-d45edeb19bdd@group-3DA7CFC98DDE-FollowerState
2021-07-14 22:48:03,704 [8c203391-d7bf-416a-8a2d-d45edeb19bdd@group-3DA7CFC98DDE-FollowerState] INFO  server.RaftServer$Division (RaftServerImpl.java:setRole(284)) - 8c203391-d7bf-416a-8a2d-d45edeb19bdd@group-3DA7CFC98DDE: changes role from  FOLLOWER to CANDIDATE at term 3 for changeToCandidate
2021-07-14 22:48:03,704 [8c203391-d7bf-416a-8a2d-d45edeb19bdd@group-3DA7CFC98DDE-FollowerState] INFO  server.RaftServerConfigKeys (ConfUtils.java:logGet(44)) - raft.server.leaderelection.pre-vote = false (custom)
2021-07-14 22:48:03,704 [8c203391-d7bf-416a-8a2d-d45edeb19bdd@group-3DA7CFC98DDE-FollowerState] INFO  impl.RoleInfo (RoleInfo.java:updateAndGet(130)) - 8c203391-d7bf-416a-8a2d-d45edeb19bdd: start 8c203391-d7bf-416a-8a2d-d45edeb19bdd@group-3DA7CFC98DDE-LeaderElection18
2021-07-14 22:48:03,706 [8c203391-d7bf-416a-8a2d-d45edeb19bdd@group-3DA7CFC98DDE-LeaderElection18] INFO  impl.LeaderElection (LeaderElection.java:askForVotes(306)) - 8c203391-d7bf-416a-8a2d-d45edeb19bdd@group-3DA7CFC98DDE-LeaderElection18 ELECTION round 0: submit vote requests at term 4 for -1: [8c203391-d7bf-416a-8a2d-d45edeb19bdd|rpc:10.1.0.26:41361|priority:0, 13cc7e77-570e-489a-8f95-9257e310d74c|rpc:10.1.0.26:36681|priority:1, 8eebc958-9398-4984-8b85-05c7775d5731|rpc:10.1.0.26:46601|priority:0], old=null
2021-07-14 22:48:03,710 [grpc-default-executor-0] INFO  server.RaftServer$Division (RaftServerImpl.java:requestVote(1042)) - 8eebc958-9398-4984-8b85-05c7775d5731@group-3DA7CFC98DDE: receive requestVote(ELECTION, 8c203391-d7bf-416a-8a2d-d45edeb19bdd, group-3DA7CFC98DDE, 4, (t:0, i:0))
2021-07-14 22:48:03,710 [grpc-default-executor-0] INFO  impl.VoteContext (VoteContext.java:log(48)) - 8eebc958-9398-4984-8b85-05c7775d5731@group-3DA7CFC98DDE-FOLLOWER: accept ELECTION from 8c203391-d7bf-416a-8a2d-d45edeb19bdd: our priority 0 <= candidate's priority 0
2021-07-14 22:48:03,710 [grpc-default-executor-0] INFO  server.RaftServer$Division (RaftServerImpl.java:setRole(284)) - 8eebc958-9398-4984-8b85-05c7775d5731@group-3DA7CFC98DDE: changes role from  FOLLOWER to FOLLOWER at term 4 for candidate:8c203391-d7bf-416a-8a2d-d45edeb19bdd
2021-07-14 22:48:03,710 [grpc-default-executor-0] INFO  impl.RoleInfo (RoleInfo.java:shutdownFollowerState(108)) - 8eebc958-9398-4984-8b85-05c7775d5731: shutdown 8eebc958-9398-4984-8b85-05c7775d5731@group-3DA7CFC98DDE-FollowerState
2021-07-14 22:48:03,710 [grpc-default-executor-0] INFO  impl.RoleInfo (RoleInfo.java:updateAndGet(130)) - 8eebc958-9398-4984-8b85-05c7775d5731: start 8eebc958-9398-4984-8b85-05c7775d5731@group-3DA7CFC98DDE-FollowerState
2021-07-14 22:48:03,711 [8eebc958-9398-4984-8b85-05c7775d5731@group-3DA7CFC98DDE-FollowerState] INFO  impl.FollowerState (FollowerState.java:run(143)) - 8eebc958-9398-4984-8b85-05c7775d5731@group-3DA7CFC98DDE-FollowerState was interrupted: {}
java.lang.InterruptedException: sleep interrupted
	at java.lang.Thread.sleep(Native Method)
	at java.lang.Thread.sleep(Thread.java:340)
	at java.util.concurrent.TimeUnit.sleep(TimeUnit.java:386)
	at org.apache.ratis.util.TimeDuration.sleep(TimeDuration.java:324)
	at org.apache.ratis.util.TimeDuration.sleep(TimeDuration.java:309)
	at org.apache.ratis.server.impl.FollowerState.run(FollowerState.java:118)
2021-07-14 22:48:03,711 [grpc-default-executor-1] INFO  server.RaftServer$Division (RaftServerImpl.java:requestVote(1042)) - 13cc7e77-570e-489a-8f95-9257e310d74c@group-3DA7CFC98DDE: receive requestVote(ELECTION, 8c203391-d7bf-416a-8a2d-d45edeb19bdd, group-3DA7CFC98DDE, 4, (t:0, i:0))
2021-07-14 22:48:03,711 [grpc-default-executor-1] INFO  impl.VoteContext (VoteContext.java:log(48)) - 13cc7e77-570e-489a-8f95-9257e310d74c@group-3DA7CFC98DDE-FOLLOWER: reject ELECTION from 8c203391-d7bf-416a-8a2d-d45edeb19bdd: our priority 1 > candidate's priority 0
2021-07-14 22:48:03,711 [grpc-default-executor-1] INFO  server.RaftServer$Division (RaftServerImpl.java:setRole(284)) - 13cc7e77-570e-489a-8f95-9257e310d74c@group-3DA7CFC98DDE: changes role from  FOLLOWER to FOLLOWER at term 4 for candidate:8c203391-d7bf-416a-8a2d-d45edeb19bdd
2021-07-14 22:48:03,712 [grpc-default-executor-1] INFO  impl.RoleInfo (RoleInfo.java:shutdownFollowerState(108)) - 13cc7e77-570e-489a-8f95-9257e310d74c: shutdown 13cc7e77-570e-489a-8f95-9257e310d74c@group-3DA7CFC98DDE-FollowerState
2021-07-14 22:48:03,712 [grpc-default-executor-1] INFO  impl.RoleInfo (RoleInfo.java:updateAndGet(130)) - 13cc7e77-570e-489a-8f95-9257e310d74c: start 13cc7e77-570e-489a-8f95-9257e310d74c@group-3DA7CFC98DDE-FollowerState
2021-07-14 22:48:03,712 [grpc-default-executor-0] INFO  server.RaftServer$Division (RaftServerImpl.java:requestVote(1074)) - 8eebc958-9398-4984-8b85-05c7775d5731@group-3DA7CFC98DDE replies to ELECTION vote request: 8c203391-d7bf-416a-8a2d-d45edeb19bdd<-8eebc958-9398-4984-8b85-05c7775d5731#0:OK-t4. Peer's state: 8eebc958-9398-4984-8b85-05c7775d5731@group-3DA7CFC98DDE:t4, leader=null, voted=8c203391-d7bf-416a-8a2d-d45edeb19bdd, raftlog=8eebc958-9398-4984-8b85-05c7775d5731@group-3DA7CFC98DDE-SegmentedRaftLog:OPENED:c-1,f-1,i0, conf=-1: [8c203391-d7bf-416a-8a2d-d45edeb19bdd|rpc:10.1.0.26:41361|dataStream:|priority:0, 13cc7e77-570e-489a-8f95-9257e310d74c|rpc:10.1.0.26:36681|dataStream:|priority:1, 8eebc958-9398-4984-8b85-05c7775d5731|rpc:10.1.0.26:46601|dataStream:|priority:0], old=null
2021-07-14 22:48:03,713 [13cc7e77-570e-489a-8f95-9257e310d74c@group-3DA7CFC98DDE-FollowerState] INFO  impl.FollowerState (FollowerState.java:run(143)) - 13cc7e77-570e-489a-8f95-9257e310d74c@group-3DA7CFC98DDE-FollowerState was interrupted: {}
java.lang.InterruptedException: sleep interrupted
	at java.lang.Thread.sleep(Native Method)
	at java.lang.Thread.sleep(Thread.java:340)
	at java.util.concurrent.TimeUnit.sleep(TimeUnit.java:386)
	at org.apache.ratis.util.TimeDuration.sleep(TimeDuration.java:324)
	at org.apache.ratis.util.TimeDuration.sleep(TimeDuration.java:309)
	at org.apache.ratis.server.impl.FollowerState.run(FollowerState.java:118)
2021-07-14 22:48:03,713 [grpc-default-executor-1] INFO  server.RaftServer$Division (RaftServerImpl.java:requestVote(1074)) - 13cc7e77-570e-489a-8f95-9257e310d74c@group-3DA7CFC98DDE replies to ELECTION vote request: 8c203391-d7bf-416a-8a2d-d45edeb19bdd<-13cc7e77-570e-489a-8f95-9257e310d74c#0:FAIL-t4. Peer's state: 13cc7e77-570e-489a-8f95-9257e310d74c@group-3DA7CFC98DDE:t4, leader=null, voted=null, raftlog=13cc7e77-570e-489a-8f95-9257e310d74c@group-3DA7CFC98DDE-SegmentedRaftLog:OPENED:c-1,f-1,i0, conf=-1: [8c203391-d7bf-416a-8a2d-d45edeb19bdd|rpc:10.1.0.26:41361|dataStream:|priority:0, 13cc7e77-570e-489a-8f95-9257e310d74c|rpc:10.1.0.26:36681|dataStream:|priority:1, 8eebc958-9398-4984-8b85-05c7775d5731|rpc:10.1.0.26:46601|dataStream:|priority:0], old=null
2021-07-14 22:48:03,716 [8c203391-d7bf-416a-8a2d-d45edeb19bdd@group-3DA7CFC98DDE-LeaderElection18] INFO  impl.LeaderElection (LeaderElection.java:logAndReturn(89)) - 8c203391-d7bf-416a-8a2d-d45edeb19bdd@group-3DA7CFC98DDE-LeaderElection18: ELECTION REJECTED received 2 response(s) and 0 exception(s):
2021-07-14 22:48:03,716 [8c203391-d7bf-416a-8a2d-d45edeb19bdd@group-3DA7CFC98DDE-LeaderElection18] INFO  impl.LeaderElection (LeaderElection.java:logAndReturn(93)) -   Response 0: 8c203391-d7bf-416a-8a2d-d45edeb19bdd<-13cc7e77-570e-489a-8f95-9257e310d74c#0:FAIL-t4
2021-07-14 22:48:03,716 [8c203391-d7bf-416a-8a2d-d45edeb19bdd@group-3DA7CFC98DDE-LeaderElection18] INFO  impl.LeaderElection (LeaderElection.java:logAndReturn(93)) -   Response 1: 8c203391-d7bf-416a-8a2d-d45edeb19bdd<-8eebc958-9398-4984-8b85-05c7775d5731#0:OK-t4
2021-07-14 22:48:03,717 [8c203391-d7bf-416a-8a2d-d45edeb19bdd@group-3DA7CFC98DDE-LeaderElection18] INFO  impl.LeaderElection (LeaderElection.java:askForVotes(308)) - 8c203391-d7bf-416a-8a2d-d45edeb19bdd@group-3DA7CFC98DDE-LeaderElection18 ELECTION round 0: result REJECTED
2021-07-14 22:48:03,717 [8c203391-d7bf-416a-8a2d-d45edeb19bdd@group-3DA7CFC98DDE-LeaderElection18] INFO  server.RaftServer$Division (RaftServerImpl.java:setRole(284)) - 8c203391-d7bf-416a-8a2d-d45edeb19bdd@group-3DA7CFC98DDE: changes role from CANDIDATE to FOLLOWER at term 4 for REJECTED
2021-07-14 22:48:03,717 [8c203391-d7bf-416a-8a2d-d45edeb19bdd@group-3DA7CFC98DDE-LeaderElection18] INFO  impl.RoleInfo (RoleInfo.java:shutdownLeaderElection(121)) - 8c203391-d7bf-416a-8a2d-d45edeb19bdd: shutdown 8c203391-d7bf-416a-8a2d-d45edeb19bdd@group-3DA7CFC98DDE-LeaderElection18
2021-07-14 22:48:03,717 [8c203391-d7bf-416a-8a2d-d45edeb19bdd@group-3DA7CFC98DDE-LeaderElection18] INFO  impl.RoleInfo (RoleInfo.java:updateAndGet(130)) - 8c203391-d7bf-416a-8a2d-d45edeb19bdd: start 8c203391-d7bf-416a-8a2d-d45edeb19bdd@group-3DA7CFC98DDE-FollowerState
2021-07-14 22:48:04,634 [Listener at 127.0.0.1/45761] INFO  ozone.MiniOzoneClusterImpl (MiniOzoneClusterImpl.java:lambda$waitForClusterToBeReady$0(230)) - Nodes are ready. Got 3 of 3 DN Heartbeats.
2021-07-14 22:48:04,635 [Listener at 127.0.0.1/45761] INFO  ozone.MiniOzoneClusterImpl (MiniOzoneClusterImpl.java:lambda$waitForClusterToBeReady$0(233)) - Waiting for cluster to exit safe mode
2021-07-14 22:48:04,635 [Listener at 127.0.0.1/45761] INFO  ozone.MiniOzoneClusterImpl (MiniOzoneClusterImpl.java:lambda$waitForClusterToBeReady$0(235)) - SCM became leader
2021-07-14 22:48:05,638 [Listener at 127.0.0.1/45761] INFO  ozone.MiniOzoneClusterImpl (MiniOzoneClusterImpl.java:lambda$waitForClusterToBeReady$0(230)) - Nodes are ready. Got 3 of 3 DN Heartbeats.
2021-07-14 22:48:05,638 [Listener at 127.0.0.1/45761] INFO  ozone.MiniOzoneClusterImpl (MiniOzoneClusterImpl.java:lambda$waitForClusterToBeReady$0(233)) - Waiting for cluster to exit safe mode
2021-07-14 22:48:05,638 [Listener at 127.0.0.1/45761] INFO  ozone.MiniOzoneClusterImpl (MiniOzoneClusterImpl.java:lambda$waitForClusterToBeReady$0(235)) - SCM became leader
2021-07-14 22:48:06,638 [Listener at 127.0.0.1/45761] INFO  ozone.MiniOzoneClusterImpl (MiniOzoneClusterImpl.java:lambda$waitForClusterToBeReady$0(230)) - Nodes are ready. Got 3 of 3 DN Heartbeats.
2021-07-14 22:48:06,638 [Listener at 127.0.0.1/45761] INFO  ozone.MiniOzoneClusterImpl (MiniOzoneClusterImpl.java:lambda$waitForClusterToBeReady$0(233)) - Waiting for cluster to exit safe mode
2021-07-14 22:48:06,638 [Listener at 127.0.0.1/45761] INFO  ozone.MiniOzoneClusterImpl (MiniOzoneClusterImpl.java:lambda$waitForClusterToBeReady$0(235)) - SCM became leader
2021-07-14 22:48:07,639 [Listener at 127.0.0.1/45761] INFO  ozone.MiniOzoneClusterImpl (MiniOzoneClusterImpl.java:lambda$waitForClusterToBeReady$0(230)) - Nodes are ready. Got 3 of 3 DN Heartbeats.
2021-07-14 22:48:07,639 [Listener at 127.0.0.1/45761] INFO  ozone.MiniOzoneClusterImpl (MiniOzoneClusterImpl.java:lambda$waitForClusterToBeReady$0(233)) - Waiting for cluster to exit safe mode
2021-07-14 22:48:07,639 [Listener at 127.0.0.1/45761] INFO  ozone.MiniOzoneClusterImpl (MiniOzoneClusterImpl.java:lambda$waitForClusterToBeReady$0(235)) - SCM became leader
2021-07-14 22:48:08,639 [Listener at 127.0.0.1/45761] INFO  ozone.MiniOzoneClusterImpl (MiniOzoneClusterImpl.java:lambda$waitForClusterToBeReady$0(230)) - Nodes are ready. Got 3 of 3 DN Heartbeats.
2021-07-14 22:48:08,639 [Listener at 127.0.0.1/45761] INFO  ozone.MiniOzoneClusterImpl (MiniOzoneClusterImpl.java:lambda$waitForClusterToBeReady$0(233)) - Waiting for cluster to exit safe mode
2021-07-14 22:48:08,639 [Listener at 127.0.0.1/45761] INFO  ozone.MiniOzoneClusterImpl (MiniOzoneClusterImpl.java:lambda$waitForClusterToBeReady$0(235)) - SCM became leader
2021-07-14 22:48:08,757 [8eebc958-9398-4984-8b85-05c7775d5731@group-3DA7CFC98DDE-FollowerState] INFO  impl.FollowerState (FollowerState.java:run(134)) - 8eebc958-9398-4984-8b85-05c7775d5731@group-3DA7CFC98DDE-FollowerState: change to CANDIDATE, lastRpcElapsedTime:5045532861ns, electionTimeout:5045ms
2021-07-14 22:48:08,758 [8eebc958-9398-4984-8b85-05c7775d5731@group-3DA7CFC98DDE-FollowerState] INFO  impl.RoleInfo (RoleInfo.java:shutdownFollowerState(108)) - 8eebc958-9398-4984-8b85-05c7775d5731: shutdown 8eebc958-9398-4984-8b85-05c7775d5731@group-3DA7CFC98DDE-FollowerState
2021-07-14 22:48:08,758 [8eebc958-9398-4984-8b85-05c7775d5731@group-3DA7CFC98DDE-FollowerState] INFO  server.RaftServer$Division (RaftServerImpl.java:setRole(284)) - 8eebc958-9398-4984-8b85-05c7775d5731@group-3DA7CFC98DDE: changes role from  FOLLOWER to CANDIDATE at term 4 for changeToCandidate
2021-07-14 22:48:08,758 [8eebc958-9398-4984-8b85-05c7775d5731@group-3DA7CFC98DDE-FollowerState] INFO  server.RaftServerConfigKeys (ConfUtils.java:logGet(44)) - raft.server.leaderelection.pre-vote = false (custom)
2021-07-14 22:48:08,758 [8eebc958-9398-4984-8b85-05c7775d5731@group-3DA7CFC98DDE-FollowerState] INFO  impl.RoleInfo (RoleInfo.java:updateAndGet(130)) - 8eebc958-9398-4984-8b85-05c7775d5731: start 8eebc958-9398-4984-8b85-05c7775d5731@group-3DA7CFC98DDE-LeaderElection19
2021-07-14 22:48:08,762 [8eebc958-9398-4984-8b85-05c7775d5731@group-3DA7CFC98DDE-LeaderElection19] INFO  impl.LeaderElection (LeaderElection.java:askForVotes(306)) - 8eebc958-9398-4984-8b85-05c7775d5731@group-3DA7CFC98DDE-LeaderElection19 ELECTION round 0: submit vote requests at term 5 for -1: [8c203391-d7bf-416a-8a2d-d45edeb19bdd|rpc:10.1.0.26:41361|dataStream:|priority:0, 13cc7e77-570e-489a-8f95-9257e310d74c|rpc:10.1.0.26:36681|dataStream:|priority:1, 8eebc958-9398-4984-8b85-05c7775d5731|rpc:10.1.0.26:46601|dataStream:|priority:0], old=null
2021-07-14 22:48:08,768 [grpc-default-executor-1] INFO  server.RaftServer$Division (RaftServerImpl.java:requestVote(1042)) - 8c203391-d7bf-416a-8a2d-d45edeb19bdd@group-3DA7CFC98DDE: receive requestVote(ELECTION, 8eebc958-9398-4984-8b85-05c7775d5731, group-3DA7CFC98DDE, 5, (t:0, i:0))
2021-07-14 22:48:08,768 [grpc-default-executor-1] INFO  impl.VoteContext (VoteContext.java:log(48)) - 8c203391-d7bf-416a-8a2d-d45edeb19bdd@group-3DA7CFC98DDE-FOLLOWER: accept ELECTION from 8eebc958-9398-4984-8b85-05c7775d5731: our priority 0 <= candidate's priority 0
2021-07-14 22:48:08,768 [grpc-default-executor-1] INFO  server.RaftServer$Division (RaftServerImpl.java:setRole(284)) - 8c203391-d7bf-416a-8a2d-d45edeb19bdd@group-3DA7CFC98DDE: changes role from  FOLLOWER to FOLLOWER at term 5 for candidate:8eebc958-9398-4984-8b85-05c7775d5731
2021-07-14 22:48:08,768 [grpc-default-executor-1] INFO  impl.RoleInfo (RoleInfo.java:shutdownFollowerState(108)) - 8c203391-d7bf-416a-8a2d-d45edeb19bdd: shutdown 8c203391-d7bf-416a-8a2d-d45edeb19bdd@group-3DA7CFC98DDE-FollowerState
2021-07-14 22:48:08,768 [grpc-default-executor-1] INFO  impl.RoleInfo (RoleInfo.java:updateAndGet(130)) - 8c203391-d7bf-416a-8a2d-d45edeb19bdd: start 8c203391-d7bf-416a-8a2d-d45edeb19bdd@group-3DA7CFC98DDE-FollowerState
2021-07-14 22:48:08,768 [8c203391-d7bf-416a-8a2d-d45edeb19bdd@group-3DA7CFC98DDE-FollowerState] INFO  impl.FollowerState (FollowerState.java:run(143)) - 8c203391-d7bf-416a-8a2d-d45edeb19bdd@group-3DA7CFC98DDE-FollowerState was interrupted: {}
java.lang.InterruptedException: sleep interrupted
	at java.lang.Thread.sleep(Native Method)
	at java.lang.Thread.sleep(Thread.java:340)
	at java.util.concurrent.TimeUnit.sleep(TimeUnit.java:386)
	at org.apache.ratis.util.TimeDuration.sleep(TimeDuration.java:324)
	at org.apache.ratis.util.TimeDuration.sleep(TimeDuration.java:309)
	at org.apache.ratis.server.impl.FollowerState.run(FollowerState.java:118)
2021-07-14 22:48:08,769 [grpc-default-executor-0] INFO  server.RaftServer$Division (RaftServerImpl.java:requestVote(1042)) - 13cc7e77-570e-489a-8f95-9257e310d74c@group-3DA7CFC98DDE: receive requestVote(ELECTION, 8eebc958-9398-4984-8b85-05c7775d5731, group-3DA7CFC98DDE, 5, (t:0, i:0))
2021-07-14 22:48:08,769 [grpc-default-executor-0] INFO  impl.VoteContext (VoteContext.java:log(48)) - 13cc7e77-570e-489a-8f95-9257e310d74c@group-3DA7CFC98DDE-FOLLOWER: reject ELECTION from 8eebc958-9398-4984-8b85-05c7775d5731: our priority 1 > candidate's priority 0
2021-07-14 22:48:08,770 [grpc-default-executor-0] INFO  server.RaftServer$Division (RaftServerImpl.java:setRole(284)) - 13cc7e77-570e-489a-8f95-9257e310d74c@group-3DA7CFC98DDE: changes role from  FOLLOWER to FOLLOWER at term 5 for candidate:8eebc958-9398-4984-8b85-05c7775d5731
2021-07-14 22:48:08,770 [grpc-default-executor-0] INFO  impl.RoleInfo (RoleInfo.java:shutdownFollowerState(108)) - 13cc7e77-570e-489a-8f95-9257e310d74c: shutdown 13cc7e77-570e-489a-8f95-9257e310d74c@group-3DA7CFC98DDE-FollowerState
2021-07-14 22:48:08,770 [grpc-default-executor-0] INFO  impl.RoleInfo (RoleInfo.java:updateAndGet(130)) - 13cc7e77-570e-489a-8f95-9257e310d74c: start 13cc7e77-570e-489a-8f95-9257e310d74c@group-3DA7CFC98DDE-FollowerState
2021-07-14 22:48:08,770 [13cc7e77-570e-489a-8f95-9257e310d74c@group-3DA7CFC98DDE-FollowerState] INFO  impl.FollowerState (FollowerState.java:run(143)) - 13cc7e77-570e-489a-8f95-9257e310d74c@group-3DA7CFC98DDE-FollowerState was interrupted: {}
java.lang.InterruptedException: sleep interrupted
	at java.lang.Thread.sleep(Native Method)
	at java.lang.Thread.sleep(Thread.java:340)
	at java.util.concurrent.TimeUnit.sleep(TimeUnit.java:386)
	at org.apache.ratis.util.TimeDuration.sleep(TimeDuration.java:324)
	at org.apache.ratis.util.TimeDuration.sleep(TimeDuration.java:309)
	at org.apache.ratis.server.impl.FollowerState.run(FollowerState.java:118)
2021-07-14 22:48:08,771 [grpc-default-executor-1] INFO  server.RaftServer$Division (RaftServerImpl.java:requestVote(1074)) - 8c203391-d7bf-416a-8a2d-d45edeb19bdd@group-3DA7CFC98DDE replies to ELECTION vote request: 8eebc958-9398-4984-8b85-05c7775d5731<-8c203391-d7bf-416a-8a2d-d45edeb19bdd#0:OK-t5. Peer's state: 8c203391-d7bf-416a-8a2d-d45edeb19bdd@group-3DA7CFC98DDE:t5, leader=null, voted=8eebc958-9398-4984-8b85-05c7775d5731, raftlog=8c203391-d7bf-416a-8a2d-d45edeb19bdd@group-3DA7CFC98DDE-SegmentedRaftLog:OPENED:c-1,f-1,i0, conf=-1: [8c203391-d7bf-416a-8a2d-d45edeb19bdd|rpc:10.1.0.26:41361|priority:0, 13cc7e77-570e-489a-8f95-9257e310d74c|rpc:10.1.0.26:36681|priority:1, 8eebc958-9398-4984-8b85-05c7775d5731|rpc:10.1.0.26:46601|priority:0], old=null
2021-07-14 22:48:08,773 [grpc-default-executor-0] INFO  server.RaftServer$Division (RaftServerImpl.java:requestVote(1074)) - 13cc7e77-570e-489a-8f95-9257e310d74c@group-3DA7CFC98DDE replies to ELECTION vote request: 8eebc958-9398-4984-8b85-05c7775d5731<-13cc7e77-570e-489a-8f95-9257e310d74c#0:FAIL-t5. Peer's state: 13cc7e77-570e-489a-8f95-9257e310d74c@group-3DA7CFC98DDE:t5, leader=null, voted=null, raftlog=13cc7e77-570e-489a-8f95-9257e310d74c@group-3DA7CFC98DDE-SegmentedRaftLog:OPENED:c-1,f-1,i0, conf=-1: [8c203391-d7bf-416a-8a2d-d45edeb19bdd|rpc:10.1.0.26:41361|dataStream:|priority:0, 13cc7e77-570e-489a-8f95-9257e310d74c|rpc:10.1.0.26:36681|dataStream:|priority:1, 8eebc958-9398-4984-8b85-05c7775d5731|rpc:10.1.0.26:46601|dataStream:|priority:0], old=null
2021-07-14 22:48:08,775 [8eebc958-9398-4984-8b85-05c7775d5731@group-3DA7CFC98DDE-LeaderElection19] INFO  impl.LeaderElection (LeaderElection.java:logAndReturn(89)) - 8eebc958-9398-4984-8b85-05c7775d5731@group-3DA7CFC98DDE-LeaderElection19: ELECTION REJECTED received 2 response(s) and 0 exception(s):
2021-07-14 22:48:08,776 [8eebc958-9398-4984-8b85-05c7775d5731@group-3DA7CFC98DDE-LeaderElection19] INFO  impl.LeaderElection (LeaderElection.java:logAndReturn(93)) -   Response 0: 8eebc958-9398-4984-8b85-05c7775d5731<-8c203391-d7bf-416a-8a2d-d45edeb19bdd#0:OK-t5
2021-07-14 22:48:08,776 [8eebc958-9398-4984-8b85-05c7775d5731@group-3DA7CFC98DDE-LeaderElection19] INFO  impl.LeaderElection (LeaderElection.java:logAndReturn(93)) -   Response 1: 8eebc958-9398-4984-8b85-05c7775d5731<-13cc7e77-570e-489a-8f95-9257e310d74c#0:FAIL-t5
2021-07-14 22:48:08,776 [8eebc958-9398-4984-8b85-05c7775d5731@group-3DA7CFC98DDE-LeaderElection19] INFO  impl.LeaderElection (LeaderElection.java:askForVotes(308)) - 8eebc958-9398-4984-8b85-05c7775d5731@group-3DA7CFC98DDE-LeaderElection19 ELECTION round 0: result REJECTED
2021-07-14 22:48:08,776 [8eebc958-9398-4984-8b85-05c7775d5731@group-3DA7CFC98DDE-LeaderElection19] INFO  server.RaftServer$Division (RaftServerImpl.java:setRole(284)) - 8eebc958-9398-4984-8b85-05c7775d5731@group-3DA7CFC98DDE: changes role from CANDIDATE to FOLLOWER at term 5 for REJECTED
2021-07-14 22:48:08,776 [8eebc958-9398-4984-8b85-05c7775d5731@group-3DA7CFC98DDE-LeaderElection19] INFO  impl.RoleInfo (RoleInfo.java:shutdownLeaderElection(121)) - 8eebc958-9398-4984-8b85-05c7775d5731: shutdown 8eebc958-9398-4984-8b85-05c7775d5731@group-3DA7CFC98DDE-LeaderElection19
2021-07-14 22:48:08,776 [8eebc958-9398-4984-8b85-05c7775d5731@group-3DA7CFC98DDE-LeaderElection19] INFO  impl.RoleInfo (RoleInfo.java:updateAndGet(130)) - 8eebc958-9398-4984-8b85-05c7775d5731: start 8eebc958-9398-4984-8b85-05c7775d5731@group-3DA7CFC98DDE-FollowerState
2021-07-14 22:48:09,640 [Listener at 127.0.0.1/45761] INFO  ozone.MiniOzoneClusterImpl (MiniOzoneClusterImpl.java:lambda$waitForClusterToBeReady$0(230)) - Nodes are ready. Got 3 of 3 DN Heartbeats.
2021-07-14 22:48:09,641 [Listener at 127.0.0.1/45761] INFO  ozone.MiniOzoneClusterImpl (MiniOzoneClusterImpl.java:lambda$waitForClusterToBeReady$0(233)) - Waiting for cluster to exit safe mode
2021-07-14 22:48:09,641 [Listener at 127.0.0.1/45761] INFO  ozone.MiniOzoneClusterImpl (MiniOzoneClusterImpl.java:lambda$waitForClusterToBeReady$0(235)) - SCM became leader
2021-07-14 22:48:10,641 [Listener at 127.0.0.1/45761] INFO  ozone.MiniOzoneClusterImpl (MiniOzoneClusterImpl.java:lambda$waitForClusterToBeReady$0(230)) - Nodes are ready. Got 3 of 3 DN Heartbeats.
2021-07-14 22:48:10,641 [Listener at 127.0.0.1/45761] INFO  ozone.MiniOzoneClusterImpl (MiniOzoneClusterImpl.java:lambda$waitForClusterToBeReady$0(233)) - Waiting for cluster to exit safe mode
2021-07-14 22:48:10,641 [Listener at 127.0.0.1/45761] INFO  ozone.MiniOzoneClusterImpl (MiniOzoneClusterImpl.java:lambda$waitForClusterToBeReady$0(235)) - SCM became leader
2021-07-14 22:48:11,642 [Listener at 127.0.0.1/45761] INFO  ozone.MiniOzoneClusterImpl (MiniOzoneClusterImpl.java:lambda$waitForClusterToBeReady$0(230)) - Nodes are ready. Got 3 of 3 DN Heartbeats.
2021-07-14 22:48:11,642 [Listener at 127.0.0.1/45761] INFO  ozone.MiniOzoneClusterImpl (MiniOzoneClusterImpl.java:lambda$waitForClusterToBeReady$0(233)) - Waiting for cluster to exit safe mode
2021-07-14 22:48:11,642 [Listener at 127.0.0.1/45761] INFO  ozone.MiniOzoneClusterImpl (MiniOzoneClusterImpl.java:lambda$waitForClusterToBeReady$0(235)) - SCM became leader
2021-07-14 22:48:12,642 [Listener at 127.0.0.1/45761] INFO  ozone.MiniOzoneClusterImpl (MiniOzoneClusterImpl.java:lambda$waitForClusterToBeReady$0(230)) - Nodes are ready. Got 3 of 3 DN Heartbeats.
2021-07-14 22:48:12,642 [Listener at 127.0.0.1/45761] INFO  ozone.MiniOzoneClusterImpl (MiniOzoneClusterImpl.java:lambda$waitForClusterToBeReady$0(233)) - Waiting for cluster to exit safe mode
2021-07-14 22:48:12,642 [Listener at 127.0.0.1/45761] INFO  ozone.MiniOzoneClusterImpl (MiniOzoneClusterImpl.java:lambda$waitForClusterToBeReady$0(235)) - SCM became leader
2021-07-14 22:48:13,643 [Listener at 127.0.0.1/45761] INFO  ozone.MiniOzoneClusterImpl (MiniOzoneClusterImpl.java:lambda$waitForClusterToBeReady$0(230)) - Nodes are ready. Got 3 of 3 DN Heartbeats.
2021-07-14 22:48:13,643 [Listener at 127.0.0.1/45761] INFO  ozone.MiniOzoneClusterImpl (MiniOzoneClusterImpl.java:lambda$waitForClusterToBeReady$0(233)) - Waiting for cluster to exit safe mode
2021-07-14 22:48:13,643 [Listener at 127.0.0.1/45761] INFO  ozone.MiniOzoneClusterImpl (MiniOzoneClusterImpl.java:lambda$waitForClusterToBeReady$0(235)) - SCM became leader
2021-07-14 22:48:13,838 [8eebc958-9398-4984-8b85-05c7775d5731@group-3DA7CFC98DDE-FollowerState] INFO  impl.FollowerState (FollowerState.java:run(134)) - 8eebc958-9398-4984-8b85-05c7775d5731@group-3DA7CFC98DDE-FollowerState: change to CANDIDATE, lastRpcElapsedTime:5061100721ns, electionTimeout:5054ms
2021-07-14 22:48:13,838 [8eebc958-9398-4984-8b85-05c7775d5731@group-3DA7CFC98DDE-FollowerState] INFO  impl.RoleInfo (RoleInfo.java:shutdownFollowerState(108)) - 8eebc958-9398-4984-8b85-05c7775d5731: shutdown 8eebc958-9398-4984-8b85-05c7775d5731@group-3DA7CFC98DDE-FollowerState
2021-07-14 22:48:13,838 [8eebc958-9398-4984-8b85-05c7775d5731@group-3DA7CFC98DDE-FollowerState] INFO  server.RaftServer$Division (RaftServerImpl.java:setRole(284)) - 8eebc958-9398-4984-8b85-05c7775d5731@group-3DA7CFC98DDE: changes role from  FOLLOWER to CANDIDATE at term 5 for changeToCandidate
2021-07-14 22:48:13,838 [8eebc958-9398-4984-8b85-05c7775d5731@group-3DA7CFC98DDE-FollowerState] INFO  server.RaftServerConfigKeys (ConfUtils.java:logGet(44)) - raft.server.leaderelection.pre-vote = false (custom)
2021-07-14 22:48:13,838 [8eebc958-9398-4984-8b85-05c7775d5731@group-3DA7CFC98DDE-FollowerState] INFO  impl.RoleInfo (RoleInfo.java:updateAndGet(130)) - 8eebc958-9398-4984-8b85-05c7775d5731: start 8eebc958-9398-4984-8b85-05c7775d5731@group-3DA7CFC98DDE-LeaderElection20
2021-07-14 22:48:13,840 [8eebc958-9398-4984-8b85-05c7775d5731@group-3DA7CFC98DDE-LeaderElection20] INFO  impl.LeaderElection (LeaderElection.java:askForVotes(306)) - 8eebc958-9398-4984-8b85-05c7775d5731@group-3DA7CFC98DDE-LeaderElection20 ELECTION round 0: submit vote requests at term 6 for -1: [8c203391-d7bf-416a-8a2d-d45edeb19bdd|rpc:10.1.0.26:41361|dataStream:|priority:0, 13cc7e77-570e-489a-8f95-9257e310d74c|rpc:10.1.0.26:36681|dataStream:|priority:1, 8eebc958-9398-4984-8b85-05c7775d5731|rpc:10.1.0.26:46601|dataStream:|priority:0], old=null
2021-07-14 22:48:13,843 [grpc-default-executor-0] INFO  server.RaftServer$Division (RaftServerImpl.java:requestVote(1042)) - 13cc7e77-570e-489a-8f95-9257e310d74c@group-3DA7CFC98DDE: receive requestVote(ELECTION, 8eebc958-9398-4984-8b85-05c7775d5731, group-3DA7CFC98DDE, 6, (t:0, i:0))
2021-07-14 22:48:13,843 [grpc-default-executor-0] INFO  impl.VoteContext (VoteContext.java:log(48)) - 13cc7e77-570e-489a-8f95-9257e310d74c@group-3DA7CFC98DDE-FOLLOWER: reject ELECTION from 8eebc958-9398-4984-8b85-05c7775d5731: our priority 1 > candidate's priority 0
2021-07-14 22:48:13,843 [grpc-default-executor-0] INFO  server.RaftServer$Division (RaftServerImpl.java:setRole(284)) - 13cc7e77-570e-489a-8f95-9257e310d74c@group-3DA7CFC98DDE: changes role from  FOLLOWER to FOLLOWER at term 6 for candidate:8eebc958-9398-4984-8b85-05c7775d5731
2021-07-14 22:48:13,843 [grpc-default-executor-0] INFO  impl.RoleInfo (RoleInfo.java:shutdownFollowerState(108)) - 13cc7e77-570e-489a-8f95-9257e310d74c: shutdown 13cc7e77-570e-489a-8f95-9257e310d74c@group-3DA7CFC98DDE-FollowerState
2021-07-14 22:48:13,843 [grpc-default-executor-0] INFO  impl.RoleInfo (RoleInfo.java:updateAndGet(130)) - 13cc7e77-570e-489a-8f95-9257e310d74c: start 13cc7e77-570e-489a-8f95-9257e310d74c@group-3DA7CFC98DDE-FollowerState
2021-07-14 22:48:13,843 [13cc7e77-570e-489a-8f95-9257e310d74c@group-3DA7CFC98DDE-FollowerState] INFO  impl.FollowerState (FollowerState.java:run(143)) - 13cc7e77-570e-489a-8f95-9257e310d74c@group-3DA7CFC98DDE-FollowerState was interrupted: {}
java.lang.InterruptedException: sleep interrupted
	at java.lang.Thread.sleep(Native Method)
	at java.lang.Thread.sleep(Thread.java:340)
	at java.util.concurrent.TimeUnit.sleep(TimeUnit.java:386)
	at org.apache.ratis.util.TimeDuration.sleep(TimeDuration.java:324)
	at org.apache.ratis.util.TimeDuration.sleep(TimeDuration.java:309)
	at org.apache.ratis.server.impl.FollowerState.run(FollowerState.java:118)
2021-07-14 22:48:13,850 [grpc-default-executor-1] INFO  server.RaftServer$Division (RaftServerImpl.java:requestVote(1042)) - 8c203391-d7bf-416a-8a2d-d45edeb19bdd@group-3DA7CFC98DDE: receive requestVote(ELECTION, 8eebc958-9398-4984-8b85-05c7775d5731, group-3DA7CFC98DDE, 6, (t:0, i:0))
2021-07-14 22:48:13,850 [grpc-default-executor-1] INFO  impl.VoteContext (VoteContext.java:log(48)) - 8c203391-d7bf-416a-8a2d-d45edeb19bdd@group-3DA7CFC98DDE-FOLLOWER: accept ELECTION from 8eebc958-9398-4984-8b85-05c7775d5731: our priority 0 <= candidate's priority 0
2021-07-14 22:48:13,850 [grpc-default-executor-1] INFO  server.RaftServer$Division (RaftServerImpl.java:setRole(284)) - 8c203391-d7bf-416a-8a2d-d45edeb19bdd@group-3DA7CFC98DDE: changes role from  FOLLOWER to FOLLOWER at term 6 for candidate:8eebc958-9398-4984-8b85-05c7775d5731
2021-07-14 22:48:13,850 [grpc-default-executor-1] INFO  impl.RoleInfo (RoleInfo.java:shutdownFollowerState(108)) - 8c203391-d7bf-416a-8a2d-d45edeb19bdd: shutdown 8c203391-d7bf-416a-8a2d-d45edeb19bdd@group-3DA7CFC98DDE-FollowerState
2021-07-14 22:48:13,850 [grpc-default-executor-1] INFO  impl.RoleInfo (RoleInfo.java:updateAndGet(130)) - 8c203391-d7bf-416a-8a2d-d45edeb19bdd: start 8c203391-d7bf-416a-8a2d-d45edeb19bdd@group-3DA7CFC98DDE-FollowerState
2021-07-14 22:48:13,851 [8c203391-d7bf-416a-8a2d-d45edeb19bdd@group-3DA7CFC98DDE-FollowerState] INFO  impl.FollowerState (FollowerState.java:run(143)) - 8c203391-d7bf-416a-8a2d-d45edeb19bdd@group-3DA7CFC98DDE-FollowerState was interrupted: {}
java.lang.InterruptedException: sleep interrupted
	at java.lang.Thread.sleep(Native Method)
	at java.lang.Thread.sleep(Thread.java:340)
	at java.util.concurrent.TimeUnit.sleep(TimeUnit.java:386)
	at org.apache.ratis.util.TimeDuration.sleep(TimeDuration.java:324)
	at org.apache.ratis.util.TimeDuration.sleep(TimeDuration.java:309)
	at org.apache.ratis.server.impl.FollowerState.run(FollowerState.java:118)
2021-07-14 22:48:13,858 [grpc-default-executor-0] INFO  server.RaftServer$Division (RaftServerImpl.java:requestVote(1074)) - 13cc7e77-570e-489a-8f95-9257e310d74c@group-3DA7CFC98DDE replies to ELECTION vote request: 8eebc958-9398-4984-8b85-05c7775d5731<-13cc7e77-570e-489a-8f95-9257e310d74c#0:FAIL-t6. Peer's state: 13cc7e77-570e-489a-8f95-9257e310d74c@group-3DA7CFC98DDE:t6, leader=null, voted=null, raftlog=13cc7e77-570e-489a-8f95-9257e310d74c@group-3DA7CFC98DDE-SegmentedRaftLog:OPENED:c-1,f-1,i0, conf=-1: [8c203391-d7bf-416a-8a2d-d45edeb19bdd|rpc:10.1.0.26:41361|dataStream:|priority:0, 13cc7e77-570e-489a-8f95-9257e310d74c|rpc:10.1.0.26:36681|dataStream:|priority:1, 8eebc958-9398-4984-8b85-05c7775d5731|rpc:10.1.0.26:46601|dataStream:|priority:0], old=null
2021-07-14 22:48:13,862 [grpc-default-executor-1] INFO  server.RaftServer$Division (RaftServerImpl.java:requestVote(1074)) - 8c203391-d7bf-416a-8a2d-d45edeb19bdd@group-3DA7CFC98DDE replies to ELECTION vote request: 8eebc958-9398-4984-8b85-05c7775d5731<-8c203391-d7bf-416a-8a2d-d45edeb19bdd#0:OK-t6. Peer's state: 8c203391-d7bf-416a-8a2d-d45edeb19bdd@group-3DA7CFC98DDE:t6, leader=null, voted=8eebc958-9398-4984-8b85-05c7775d5731, raftlog=8c203391-d7bf-416a-8a2d-d45edeb19bdd@group-3DA7CFC98DDE-SegmentedRaftLog:OPENED:c-1,f-1,i0, conf=-1: [8c203391-d7bf-416a-8a2d-d45edeb19bdd|rpc:10.1.0.26:41361|priority:0, 13cc7e77-570e-489a-8f95-9257e310d74c|rpc:10.1.0.26:36681|priority:1, 8eebc958-9398-4984-8b85-05c7775d5731|rpc:10.1.0.26:46601|priority:0], old=null
2021-07-14 22:48:13,862 [8eebc958-9398-4984-8b85-05c7775d5731@group-3DA7CFC98DDE-LeaderElection20] INFO  impl.LeaderElection (LeaderElection.java:logAndReturn(89)) - 8eebc958-9398-4984-8b85-05c7775d5731@group-3DA7CFC98DDE-LeaderElection20: ELECTION REJECTED received 1 response(s) and 0 exception(s):
2021-07-14 22:48:13,863 [8eebc958-9398-4984-8b85-05c7775d5731@group-3DA7CFC98DDE-LeaderElection20] INFO  impl.LeaderElection (LeaderElection.java:logAndReturn(93)) -   Response 0: 8eebc958-9398-4984-8b85-05c7775d5731<-13cc7e77-570e-489a-8f95-9257e310d74c#0:FAIL-t6
2021-07-14 22:48:13,863 [8eebc958-9398-4984-8b85-05c7775d5731@group-3DA7CFC98DDE-LeaderElection20] INFO  impl.LeaderElection (LeaderElection.java:askForVotes(308)) - 8eebc958-9398-4984-8b85-05c7775d5731@group-3DA7CFC98DDE-LeaderElection20 ELECTION round 0: result REJECTED
2021-07-14 22:48:13,863 [8eebc958-9398-4984-8b85-05c7775d5731@group-3DA7CFC98DDE-LeaderElection20] INFO  server.RaftServer$Division (RaftServerImpl.java:setRole(284)) - 8eebc958-9398-4984-8b85-05c7775d5731@group-3DA7CFC98DDE: changes role from CANDIDATE to FOLLOWER at term 6 for REJECTED
2021-07-14 22:48:13,863 [8eebc958-9398-4984-8b85-05c7775d5731@group-3DA7CFC98DDE-LeaderElection20] INFO  impl.RoleInfo (RoleInfo.java:shutdownLeaderElection(121)) - 8eebc958-9398-4984-8b85-05c7775d5731: shutdown 8eebc958-9398-4984-8b85-05c7775d5731@group-3DA7CFC98DDE-LeaderElection20
2021-07-14 22:48:13,863 [8eebc958-9398-4984-8b85-05c7775d5731@group-3DA7CFC98DDE-LeaderElection20] INFO  impl.RoleInfo (RoleInfo.java:updateAndGet(130)) - 8eebc958-9398-4984-8b85-05c7775d5731: start 8eebc958-9398-4984-8b85-05c7775d5731@group-3DA7CFC98DDE-FollowerState
2021-07-14 22:48:14,643 [Listener at 127.0.0.1/45761] INFO  ozone.MiniOzoneClusterImpl (MiniOzoneClusterImpl.java:lambda$waitForClusterToBeReady$0(230)) - Nodes are ready. Got 3 of 3 DN Heartbeats.
2021-07-14 22:48:14,644 [Listener at 127.0.0.1/45761] INFO  ozone.MiniOzoneClusterImpl (MiniOzoneClusterImpl.java:lambda$waitForClusterToBeReady$0(233)) - Waiting for cluster to exit safe mode
2021-07-14 22:48:14,644 [Listener at 127.0.0.1/45761] INFO  ozone.MiniOzoneClusterImpl (MiniOzoneClusterImpl.java:lambda$waitForClusterToBeReady$0(235)) - SCM became leader
2021-07-14 22:48:15,644 [Listener at 127.0.0.1/45761] INFO  ozone.MiniOzoneClusterImpl (MiniOzoneClusterImpl.java:lambda$waitForClusterToBeReady$0(230)) - Nodes are ready. Got 3 of 3 DN Heartbeats.
2021-07-14 22:48:15,644 [Listener at 127.0.0.1/45761] INFO  ozone.MiniOzoneClusterImpl (MiniOzoneClusterImpl.java:lambda$waitForClusterToBeReady$0(233)) - Waiting for cluster to exit safe mode
2021-07-14 22:48:15,645 [Listener at 127.0.0.1/45761] INFO  ozone.MiniOzoneClusterImpl (MiniOzoneClusterImpl.java:lambda$waitForClusterToBeReady$0(235)) - SCM became leader
2021-07-14 22:48:16,645 [Listener at 127.0.0.1/45761] INFO  ozone.MiniOzoneClusterImpl (MiniOzoneClusterImpl.java:lambda$waitForClusterToBeReady$0(230)) - Nodes are ready. Got 3 of 3 DN Heartbeats.
2021-07-14 22:48:16,645 [Listener at 127.0.0.1/45761] INFO  ozone.MiniOzoneClusterImpl (MiniOzoneClusterImpl.java:lambda$waitForClusterToBeReady$0(233)) - Waiting for cluster to exit safe mode
2021-07-14 22:48:16,645 [Listener at 127.0.0.1/45761] INFO  ozone.MiniOzoneClusterImpl (MiniOzoneClusterImpl.java:lambda$waitForClusterToBeReady$0(235)) - SCM became leader
2021-07-14 22:48:17,645 [Listener at 127.0.0.1/45761] INFO  ozone.MiniOzoneClusterImpl (MiniOzoneClusterImpl.java:lambda$waitForClusterToBeReady$0(230)) - Nodes are ready. Got 3 of 3 DN Heartbeats.
2021-07-14 22:48:17,646 [Listener at 127.0.0.1/45761] INFO  ozone.MiniOzoneClusterImpl (MiniOzoneClusterImpl.java:lambda$waitForClusterToBeReady$0(233)) - Waiting for cluster to exit safe mode
2021-07-14 22:48:17,646 [Listener at 127.0.0.1/45761] INFO  ozone.MiniOzoneClusterImpl (MiniOzoneClusterImpl.java:lambda$waitForClusterToBeReady$0(235)) - SCM became leader
2021-07-14 22:48:18,646 [Listener at 127.0.0.1/45761] INFO  ozone.MiniOzoneClusterImpl (MiniOzoneClusterImpl.java:lambda$waitForClusterToBeReady$0(230)) - Nodes are ready. Got 3 of 3 DN Heartbeats.
2021-07-14 22:48:18,646 [Listener at 127.0.0.1/45761] INFO  ozone.MiniOzoneClusterImpl (MiniOzoneClusterImpl.java:lambda$waitForClusterToBeReady$0(233)) - Waiting for cluster to exit safe mode
2021-07-14 22:48:18,646 [Listener at 127.0.0.1/45761] INFO  ozone.MiniOzoneClusterImpl (MiniOzoneClusterImpl.java:lambda$waitForClusterToBeReady$0(235)) - SCM became leader
2021-07-14 22:48:18,879 [8eebc958-9398-4984-8b85-05c7775d5731@group-3DA7CFC98DDE-FollowerState] INFO  impl.FollowerState (FollowerState.java:run(134)) - 8eebc958-9398-4984-8b85-05c7775d5731@group-3DA7CFC98DDE-FollowerState: change to CANDIDATE, lastRpcElapsedTime:5015951597ns, electionTimeout:5015ms
2021-07-14 22:48:18,879 [8eebc958-9398-4984-8b85-05c7775d5731@group-3DA7CFC98DDE-FollowerState] INFO  impl.RoleInfo (RoleInfo.java:shutdownFollowerState(108)) - 8eebc958-9398-4984-8b85-05c7775d5731: shutdown 8eebc958-9398-4984-8b85-05c7775d5731@group-3DA7CFC98DDE-FollowerState
2021-07-14 22:48:18,880 [8eebc958-9398-4984-8b85-05c7775d5731@group-3DA7CFC98DDE-FollowerState] INFO  server.RaftServer$Division (RaftServerImpl.java:setRole(284)) - 8eebc958-9398-4984-8b85-05c7775d5731@group-3DA7CFC98DDE: changes role from  FOLLOWER to CANDIDATE at term 6 for changeToCandidate
2021-07-14 22:48:18,880 [8eebc958-9398-4984-8b85-05c7775d5731@group-3DA7CFC98DDE-FollowerState] INFO  server.RaftServerConfigKeys (ConfUtils.java:logGet(44)) - raft.server.leaderelection.pre-vote = false (custom)
2021-07-14 22:48:18,880 [8eebc958-9398-4984-8b85-05c7775d5731@group-3DA7CFC98DDE-FollowerState] INFO  impl.RoleInfo (RoleInfo.java:updateAndGet(130)) - 8eebc958-9398-4984-8b85-05c7775d5731: start 8eebc958-9398-4984-8b85-05c7775d5731@group-3DA7CFC98DDE-LeaderElection21
2021-07-14 22:48:18,883 [8eebc958-9398-4984-8b85-05c7775d5731@group-3DA7CFC98DDE-LeaderElection21] INFO  impl.LeaderElection (LeaderElection.java:askForVotes(306)) - 8eebc958-9398-4984-8b85-05c7775d5731@group-3DA7CFC98DDE-LeaderElection21 ELECTION round 0: submit vote requests at term 7 for -1: [8c203391-d7bf-416a-8a2d-d45edeb19bdd|rpc:10.1.0.26:41361|dataStream:|priority:0, 13cc7e77-570e-489a-8f95-9257e310d74c|rpc:10.1.0.26:36681|dataStream:|priority:1, 8eebc958-9398-4984-8b85-05c7775d5731|rpc:10.1.0.26:46601|dataStream:|priority:0], old=null
2021-07-14 22:48:18,886 [grpc-default-executor-1] INFO  server.RaftServer$Division (RaftServerImpl.java:requestVote(1042)) - 8c203391-d7bf-416a-8a2d-d45edeb19bdd@group-3DA7CFC98DDE: receive requestVote(ELECTION, 8eebc958-9398-4984-8b85-05c7775d5731, group-3DA7CFC98DDE, 7, (t:0, i:0))
2021-07-14 22:48:18,886 [grpc-default-executor-1] INFO  impl.VoteContext (VoteContext.java:log(48)) - 8c203391-d7bf-416a-8a2d-d45edeb19bdd@group-3DA7CFC98DDE-FOLLOWER: accept ELECTION from 8eebc958-9398-4984-8b85-05c7775d5731: our priority 0 <= candidate's priority 0
2021-07-14 22:48:18,887 [grpc-default-executor-1] INFO  server.RaftServer$Division (RaftServerImpl.java:setRole(284)) - 8c203391-d7bf-416a-8a2d-d45edeb19bdd@group-3DA7CFC98DDE: changes role from  FOLLOWER to FOLLOWER at term 7 for candidate:8eebc958-9398-4984-8b85-05c7775d5731
2021-07-14 22:48:18,887 [grpc-default-executor-1] INFO  impl.RoleInfo (RoleInfo.java:shutdownFollowerState(108)) - 8c203391-d7bf-416a-8a2d-d45edeb19bdd: shutdown 8c203391-d7bf-416a-8a2d-d45edeb19bdd@group-3DA7CFC98DDE-FollowerState
2021-07-14 22:48:18,887 [grpc-default-executor-1] INFO  impl.RoleInfo (RoleInfo.java:updateAndGet(130)) - 8c203391-d7bf-416a-8a2d-d45edeb19bdd: start 8c203391-d7bf-416a-8a2d-d45edeb19bdd@group-3DA7CFC98DDE-FollowerState
2021-07-14 22:48:18,887 [8c203391-d7bf-416a-8a2d-d45edeb19bdd@group-3DA7CFC98DDE-FollowerState] INFO  impl.FollowerState (FollowerState.java:run(143)) - 8c203391-d7bf-416a-8a2d-d45edeb19bdd@group-3DA7CFC98DDE-FollowerState was interrupted: {}
java.lang.InterruptedException: sleep interrupted
	at java.lang.Thread.sleep(Native Method)
	at java.lang.Thread.sleep(Thread.java:340)
	at java.util.concurrent.TimeUnit.sleep(TimeUnit.java:386)
	at org.apache.ratis.util.TimeDuration.sleep(TimeDuration.java:324)
	at org.apache.ratis.util.TimeDuration.sleep(TimeDuration.java:309)
	at org.apache.ratis.server.impl.FollowerState.run(FollowerState.java:118)
2021-07-14 22:48:18,892 [grpc-default-executor-0] INFO  server.RaftServer$Division (RaftServerImpl.java:requestVote(1042)) - 13cc7e77-570e-489a-8f95-9257e310d74c@group-3DA7CFC98DDE: receive requestVote(ELECTION, 8eebc958-9398-4984-8b85-05c7775d5731, group-3DA7CFC98DDE, 7, (t:0, i:0))
2021-07-14 22:48:18,892 [grpc-default-executor-0] INFO  impl.VoteContext (VoteContext.java:log(48)) - 13cc7e77-570e-489a-8f95-9257e310d74c@group-3DA7CFC98DDE-FOLLOWER: reject ELECTION from 8eebc958-9398-4984-8b85-05c7775d5731: our priority 1 > candidate's priority 0
2021-07-14 22:48:18,894 [grpc-default-executor-0] INFO  server.RaftServer$Division (RaftServerImpl.java:setRole(284)) - 13cc7e77-570e-489a-8f95-9257e310d74c@group-3DA7CFC98DDE: changes role from  FOLLOWER to FOLLOWER at term 7 for candidate:8eebc958-9398-4984-8b85-05c7775d5731
2021-07-14 22:48:18,894 [grpc-default-executor-0] INFO  impl.RoleInfo (RoleInfo.java:shutdownFollowerState(108)) - 13cc7e77-570e-489a-8f95-9257e310d74c: shutdown 13cc7e77-570e-489a-8f95-9257e310d74c@group-3DA7CFC98DDE-FollowerState
2021-07-14 22:48:18,894 [grpc-default-executor-0] INFO  impl.RoleInfo (RoleInfo.java:updateAndGet(130)) - 13cc7e77-570e-489a-8f95-9257e310d74c: start 13cc7e77-570e-489a-8f95-9257e310d74c@group-3DA7CFC98DDE-FollowerState
2021-07-14 22:48:18,894 [13cc7e77-570e-489a-8f95-9257e310d74c@group-3DA7CFC98DDE-FollowerState] INFO  impl.FollowerState (FollowerState.java:run(143)) - 13cc7e77-570e-489a-8f95-9257e310d74c@group-3DA7CFC98DDE-FollowerState was interrupted: {}
java.lang.InterruptedException: sleep interrupted
	at java.lang.Thread.sleep(Native Method)
	at java.lang.Thread.sleep(Thread.java:340)
	at java.util.concurrent.TimeUnit.sleep(TimeUnit.java:386)
	at org.apache.ratis.util.TimeDuration.sleep(TimeDuration.java:324)
	at org.apache.ratis.util.TimeDuration.sleep(TimeDuration.java:309)
	at org.apache.ratis.server.impl.FollowerState.run(FollowerState.java:118)
2021-07-14 22:48:18,894 [grpc-default-executor-1] INFO  server.RaftServer$Division (RaftServerImpl.java:requestVote(1074)) - 8c203391-d7bf-416a-8a2d-d45edeb19bdd@group-3DA7CFC98DDE replies to ELECTION vote request: 8eebc958-9398-4984-8b85-05c7775d5731<-8c203391-d7bf-416a-8a2d-d45edeb19bdd#0:OK-t7. Peer's state: 8c203391-d7bf-416a-8a2d-d45edeb19bdd@group-3DA7CFC98DDE:t7, leader=null, voted=8eebc958-9398-4984-8b85-05c7775d5731, raftlog=8c203391-d7bf-416a-8a2d-d45edeb19bdd@group-3DA7CFC98DDE-SegmentedRaftLog:OPENED:c-1,f-1,i0, conf=-1: [8c203391-d7bf-416a-8a2d-d45edeb19bdd|rpc:10.1.0.26:41361|priority:0, 13cc7e77-570e-489a-8f95-9257e310d74c|rpc:10.1.0.26:36681|priority:1, 8eebc958-9398-4984-8b85-05c7775d5731|rpc:10.1.0.26:46601|priority:0], old=null
2021-07-14 22:48:18,900 [grpc-default-executor-0] INFO  server.RaftServer$Division (RaftServerImpl.java:requestVote(1074)) - 13cc7e77-570e-489a-8f95-9257e310d74c@group-3DA7CFC98DDE replies to ELECTION vote request: 8eebc958-9398-4984-8b85-05c7775d5731<-13cc7e77-570e-489a-8f95-9257e310d74c#0:FAIL-t7. Peer's state: 13cc7e77-570e-489a-8f95-9257e310d74c@group-3DA7CFC98DDE:t7, leader=null, voted=null, raftlog=13cc7e77-570e-489a-8f95-9257e310d74c@group-3DA7CFC98DDE-SegmentedRaftLog:OPENED:c-1,f-1,i0, conf=-1: [8c203391-d7bf-416a-8a2d-d45edeb19bdd|rpc:10.1.0.26:41361|dataStream:|priority:0, 13cc7e77-570e-489a-8f95-9257e310d74c|rpc:10.1.0.26:36681|dataStream:|priority:1, 8eebc958-9398-4984-8b85-05c7775d5731|rpc:10.1.0.26:46601|dataStream:|priority:0], old=null
2021-07-14 22:48:18,903 [8eebc958-9398-4984-8b85-05c7775d5731@group-3DA7CFC98DDE-LeaderElection21] INFO  impl.LeaderElection (LeaderElection.java:logAndReturn(89)) - 8eebc958-9398-4984-8b85-05c7775d5731@group-3DA7CFC98DDE-LeaderElection21: ELECTION REJECTED received 2 response(s) and 0 exception(s):
2021-07-14 22:48:18,904 [8eebc958-9398-4984-8b85-05c7775d5731@group-3DA7CFC98DDE-LeaderElection21] INFO  impl.LeaderElection (LeaderElection.java:logAndReturn(93)) -   Response 0: 8eebc958-9398-4984-8b85-05c7775d5731<-8c203391-d7bf-416a-8a2d-d45edeb19bdd#0:OK-t7
2021-07-14 22:48:18,904 [8eebc958-9398-4984-8b85-05c7775d5731@group-3DA7CFC98DDE-LeaderElection21] INFO  impl.LeaderElection (LeaderElection.java:logAndReturn(93)) -   Response 1: 8eebc958-9398-4984-8b85-05c7775d5731<-13cc7e77-570e-489a-8f95-9257e310d74c#0:FAIL-t7
2021-07-14 22:48:18,904 [8eebc958-9398-4984-8b85-05c7775d5731@group-3DA7CFC98DDE-LeaderElection21] INFO  impl.LeaderElection (LeaderElection.java:askForVotes(308)) - 8eebc958-9398-4984-8b85-05c7775d5731@group-3DA7CFC98DDE-LeaderElection21 ELECTION round 0: result REJECTED
2021-07-14 22:48:18,904 [8eebc958-9398-4984-8b85-05c7775d5731@group-3DA7CFC98DDE-LeaderElection21] INFO  server.RaftServer$Division (RaftServerImpl.java:setRole(284)) - 8eebc958-9398-4984-8b85-05c7775d5731@group-3DA7CFC98DDE: changes role from CANDIDATE to FOLLOWER at term 7 for REJECTED
2021-07-14 22:48:18,904 [8eebc958-9398-4984-8b85-05c7775d5731@group-3DA7CFC98DDE-LeaderElection21] INFO  impl.RoleInfo (RoleInfo.java:shutdownLeaderElection(121)) - 8eebc958-9398-4984-8b85-05c7775d5731: shutdown 8eebc958-9398-4984-8b85-05c7775d5731@group-3DA7CFC98DDE-LeaderElection21
2021-07-14 22:48:18,904 [8eebc958-9398-4984-8b85-05c7775d5731@group-3DA7CFC98DDE-LeaderElection21] INFO  impl.RoleInfo (RoleInfo.java:updateAndGet(130)) - 8eebc958-9398-4984-8b85-05c7775d5731: start 8eebc958-9398-4984-8b85-05c7775d5731@group-3DA7CFC98DDE-FollowerState
2021-07-14 22:48:19,646 [Listener at 127.0.0.1/45761] INFO  ozone.MiniOzoneClusterImpl (MiniOzoneClusterImpl.java:lambda$waitForClusterToBeReady$0(230)) - Nodes are ready. Got 3 of 3 DN Heartbeats.
2021-07-14 22:48:19,647 [Listener at 127.0.0.1/45761] INFO  ozone.MiniOzoneClusterImpl (MiniOzoneClusterImpl.java:lambda$waitForClusterToBeReady$0(233)) - Waiting for cluster to exit safe mode
2021-07-14 22:48:19,647 [Listener at 127.0.0.1/45761] INFO  ozone.MiniOzoneClusterImpl (MiniOzoneClusterImpl.java:lambda$waitForClusterToBeReady$0(235)) - SCM became leader
2021-07-14 22:48:20,648 [Listener at 127.0.0.1/45761] INFO  ozone.MiniOzoneClusterImpl (MiniOzoneClusterImpl.java:lambda$waitForClusterToBeReady$0(230)) - Nodes are ready. Got 3 of 3 DN Heartbeats.
2021-07-14 22:48:20,648 [Listener at 127.0.0.1/45761] INFO  ozone.MiniOzoneClusterImpl (MiniOzoneClusterImpl.java:lambda$waitForClusterToBeReady$0(233)) - Waiting for cluster to exit safe mode
2021-07-14 22:48:20,648 [Listener at 127.0.0.1/45761] INFO  ozone.MiniOzoneClusterImpl (MiniOzoneClusterImpl.java:lambda$waitForClusterToBeReady$0(235)) - SCM became leader
2021-07-14 22:48:21,648 [Listener at 127.0.0.1/45761] INFO  ozone.MiniOzoneClusterImpl (MiniOzoneClusterImpl.java:lambda$waitForClusterToBeReady$0(230)) - Nodes are ready. Got 3 of 3 DN Heartbeats.
2021-07-14 22:48:21,648 [Listener at 127.0.0.1/45761] INFO  ozone.MiniOzoneClusterImpl (MiniOzoneClusterImpl.java:lambda$waitForClusterToBeReady$0(233)) - Waiting for cluster to exit safe mode
2021-07-14 22:48:21,648 [Listener at 127.0.0.1/45761] INFO  ozone.MiniOzoneClusterImpl (MiniOzoneClusterImpl.java:lambda$waitForClusterToBeReady$0(235)) - SCM became leader
2021-07-14 22:48:22,648 [Listener at 127.0.0.1/45761] INFO  ozone.MiniOzoneClusterImpl (MiniOzoneClusterImpl.java:lambda$waitForClusterToBeReady$0(230)) - Nodes are ready. Got 3 of 3 DN Heartbeats.
2021-07-14 22:48:22,649 [Listener at 127.0.0.1/45761] INFO  ozone.MiniOzoneClusterImpl (MiniOzoneClusterImpl.java:lambda$waitForClusterToBeReady$0(233)) - Waiting for cluster to exit safe mode
2021-07-14 22:48:22,649 [Listener at 127.0.0.1/45761] INFO  ozone.MiniOzoneClusterImpl (MiniOzoneClusterImpl.java:lambda$waitForClusterToBeReady$0(235)) - SCM became leader
2021-07-14 22:48:23,649 [Listener at 127.0.0.1/45761] INFO  ozone.MiniOzoneClusterImpl (MiniOzoneClusterImpl.java:lambda$waitForClusterToBeReady$0(230)) - Nodes are ready. Got 3 of 3 DN Heartbeats.
2021-07-14 22:48:23,649 [Listener at 127.0.0.1/45761] INFO  ozone.MiniOzoneClusterImpl (MiniOzoneClusterImpl.java:lambda$waitForClusterToBeReady$0(233)) - Waiting for cluster to exit safe mode
2021-07-14 22:48:23,649 [Listener at 127.0.0.1/45761] INFO  ozone.MiniOzoneClusterImpl (MiniOzoneClusterImpl.java:lambda$waitForClusterToBeReady$0(235)) - SCM became leader
2021-07-14 22:48:23,911 [8eebc958-9398-4984-8b85-05c7775d5731@group-3DA7CFC98DDE-FollowerState] INFO  impl.FollowerState (FollowerState.java:run(134)) - 8eebc958-9398-4984-8b85-05c7775d5731@group-3DA7CFC98DDE-FollowerState: change to CANDIDATE, lastRpcElapsedTime:5006571676ns, electionTimeout:5005ms
2021-07-14 22:48:23,911 [8eebc958-9398-4984-8b85-05c7775d5731@group-3DA7CFC98DDE-FollowerState] INFO  impl.RoleInfo (RoleInfo.java:shutdownFollowerState(108)) - 8eebc958-9398-4984-8b85-05c7775d5731: shutdown 8eebc958-9398-4984-8b85-05c7775d5731@group-3DA7CFC98DDE-FollowerState
2021-07-14 22:48:23,911 [8eebc958-9398-4984-8b85-05c7775d5731@group-3DA7CFC98DDE-FollowerState] INFO  server.RaftServer$Division (RaftServerImpl.java:setRole(284)) - 8eebc958-9398-4984-8b85-05c7775d5731@group-3DA7CFC98DDE: changes role from  FOLLOWER to CANDIDATE at term 7 for changeToCandidate
2021-07-14 22:48:23,911 [8eebc958-9398-4984-8b85-05c7775d5731@group-3DA7CFC98DDE-FollowerState] INFO  server.RaftServerConfigKeys (ConfUtils.java:logGet(44)) - raft.server.leaderelection.pre-vote = false (custom)
2021-07-14 22:48:23,911 [8eebc958-9398-4984-8b85-05c7775d5731@group-3DA7CFC98DDE-FollowerState] INFO  impl.RoleInfo (RoleInfo.java:updateAndGet(130)) - 8eebc958-9398-4984-8b85-05c7775d5731: start 8eebc958-9398-4984-8b85-05c7775d5731@group-3DA7CFC98DDE-LeaderElection22
2021-07-14 22:48:23,914 [8eebc958-9398-4984-8b85-05c7775d5731@group-3DA7CFC98DDE-LeaderElection22] INFO  impl.LeaderElection (LeaderElection.java:askForVotes(306)) - 8eebc958-9398-4984-8b85-05c7775d5731@group-3DA7CFC98DDE-LeaderElection22 ELECTION round 0: submit vote requests at term 8 for -1: [8c203391-d7bf-416a-8a2d-d45edeb19bdd|rpc:10.1.0.26:41361|dataStream:|priority:0, 13cc7e77-570e-489a-8f95-9257e310d74c|rpc:10.1.0.26:36681|dataStream:|priority:1, 8eebc958-9398-4984-8b85-05c7775d5731|rpc:10.1.0.26:46601|dataStream:|priority:0], old=null
2021-07-14 22:48:23,919 [grpc-default-executor-0] INFO  server.RaftServer$Division (RaftServerImpl.java:requestVote(1042)) - 8c203391-d7bf-416a-8a2d-d45edeb19bdd@group-3DA7CFC98DDE: receive requestVote(ELECTION, 8eebc958-9398-4984-8b85-05c7775d5731, group-3DA7CFC98DDE, 8, (t:0, i:0))
2021-07-14 22:48:23,919 [grpc-default-executor-0] INFO  impl.VoteContext (VoteContext.java:log(48)) - 8c203391-d7bf-416a-8a2d-d45edeb19bdd@group-3DA7CFC98DDE-FOLLOWER: accept ELECTION from 8eebc958-9398-4984-8b85-05c7775d5731: our priority 0 <= candidate's priority 0
2021-07-14 22:48:23,919 [grpc-default-executor-0] INFO  server.RaftServer$Division (RaftServerImpl.java:setRole(284)) - 8c203391-d7bf-416a-8a2d-d45edeb19bdd@group-3DA7CFC98DDE: changes role from  FOLLOWER to FOLLOWER at term 8 for candidate:8eebc958-9398-4984-8b85-05c7775d5731
2021-07-14 22:48:23,919 [grpc-default-executor-0] INFO  impl.RoleInfo (RoleInfo.java:shutdownFollowerState(108)) - 8c203391-d7bf-416a-8a2d-d45edeb19bdd: shutdown 8c203391-d7bf-416a-8a2d-d45edeb19bdd@group-3DA7CFC98DDE-FollowerState
2021-07-14 22:48:23,919 [grpc-default-executor-0] INFO  impl.RoleInfo (RoleInfo.java:updateAndGet(130)) - 8c203391-d7bf-416a-8a2d-d45edeb19bdd: start 8c203391-d7bf-416a-8a2d-d45edeb19bdd@group-3DA7CFC98DDE-FollowerState
2021-07-14 22:48:23,919 [8c203391-d7bf-416a-8a2d-d45edeb19bdd@group-3DA7CFC98DDE-FollowerState] INFO  impl.FollowerState (FollowerState.java:run(143)) - 8c203391-d7bf-416a-8a2d-d45edeb19bdd@group-3DA7CFC98DDE-FollowerState was interrupted: {}
java.lang.InterruptedException: sleep interrupted
	at java.lang.Thread.sleep(Native Method)
	at java.lang.Thread.sleep(Thread.java:340)
	at java.util.concurrent.TimeUnit.sleep(TimeUnit.java:386)
	at org.apache.ratis.util.TimeDuration.sleep(TimeDuration.java:324)
	at org.apache.ratis.util.TimeDuration.sleep(TimeDuration.java:309)
	at org.apache.ratis.server.impl.FollowerState.run(FollowerState.java:118)
2021-07-14 22:48:23,919 [grpc-default-executor-1] INFO  server.RaftServer$Division (RaftServerImpl.java:requestVote(1042)) - 13cc7e77-570e-489a-8f95-9257e310d74c@group-3DA7CFC98DDE: receive requestVote(ELECTION, 8eebc958-9398-4984-8b85-05c7775d5731, group-3DA7CFC98DDE, 8, (t:0, i:0))
2021-07-14 22:48:23,924 [grpc-default-executor-1] INFO  impl.VoteContext (VoteContext.java:log(48)) - 13cc7e77-570e-489a-8f95-9257e310d74c@group-3DA7CFC98DDE-FOLLOWER: reject ELECTION from 8eebc958-9398-4984-8b85-05c7775d5731: our priority 1 > candidate's priority 0
2021-07-14 22:48:23,924 [grpc-default-executor-1] INFO  server.RaftServer$Division (RaftServerImpl.java:setRole(284)) - 13cc7e77-570e-489a-8f95-9257e310d74c@group-3DA7CFC98DDE: changes role from  FOLLOWER to FOLLOWER at term 8 for candidate:8eebc958-9398-4984-8b85-05c7775d5731
2021-07-14 22:48:23,924 [grpc-default-executor-1] INFO  impl.RoleInfo (RoleInfo.java:shutdownFollowerState(108)) - 13cc7e77-570e-489a-8f95-9257e310d74c: shutdown 13cc7e77-570e-489a-8f95-9257e310d74c@group-3DA7CFC98DDE-FollowerState
2021-07-14 22:48:23,924 [grpc-default-executor-1] INFO  impl.RoleInfo (RoleInfo.java:updateAndGet(130)) - 13cc7e77-570e-489a-8f95-9257e310d74c: start 13cc7e77-570e-489a-8f95-9257e310d74c@group-3DA7CFC98DDE-FollowerState
2021-07-14 22:48:23,924 [13cc7e77-570e-489a-8f95-9257e310d74c@group-3DA7CFC98DDE-FollowerState] INFO  impl.FollowerState (FollowerState.java:run(143)) - 13cc7e77-570e-489a-8f95-9257e310d74c@group-3DA7CFC98DDE-FollowerState was interrupted: {}
java.lang.InterruptedException: sleep interrupted
	at java.lang.Thread.sleep(Native Method)
	at java.lang.Thread.sleep(Thread.java:340)
	at java.util.concurrent.TimeUnit.sleep(TimeUnit.java:386)
	at org.apache.ratis.util.TimeDuration.sleep(TimeDuration.java:324)
	at org.apache.ratis.util.TimeDuration.sleep(TimeDuration.java:309)
	at org.apache.ratis.server.impl.FollowerState.run(FollowerState.java:118)
2021-07-14 22:48:23,926 [grpc-default-executor-1] INFO  server.RaftServer$Division (RaftServerImpl.java:requestVote(1074)) - 13cc7e77-570e-489a-8f95-9257e310d74c@group-3DA7CFC98DDE replies to ELECTION vote request: 8eebc958-9398-4984-8b85-05c7775d5731<-13cc7e77-570e-489a-8f95-9257e310d74c#0:FAIL-t8. Peer's state: 13cc7e77-570e-489a-8f95-9257e310d74c@group-3DA7CFC98DDE:t8, leader=null, voted=null, raftlog=13cc7e77-570e-489a-8f95-9257e310d74c@group-3DA7CFC98DDE-SegmentedRaftLog:OPENED:c-1,f-1,i0, conf=-1: [8c203391-d7bf-416a-8a2d-d45edeb19bdd|rpc:10.1.0.26:41361|dataStream:|priority:0, 13cc7e77-570e-489a-8f95-9257e310d74c|rpc:10.1.0.26:36681|dataStream:|priority:1, 8eebc958-9398-4984-8b85-05c7775d5731|rpc:10.1.0.26:46601|dataStream:|priority:0], old=null
2021-07-14 22:48:23,941 [grpc-default-executor-0] INFO  server.RaftServer$Division (RaftServerImpl.java:requestVote(1074)) - 8c203391-d7bf-416a-8a2d-d45edeb19bdd@group-3DA7CFC98DDE replies to ELECTION vote request: 8eebc958-9398-4984-8b85-05c7775d5731<-8c203391-d7bf-416a-8a2d-d45edeb19bdd#0:OK-t8. Peer's state: 8c203391-d7bf-416a-8a2d-d45edeb19bdd@group-3DA7CFC98DDE:t8, leader=null, voted=8eebc958-9398-4984-8b85-05c7775d5731, raftlog=8c203391-d7bf-416a-8a2d-d45edeb19bdd@group-3DA7CFC98DDE-SegmentedRaftLog:OPENED:c-1,f-1,i0, conf=-1: [8c203391-d7bf-416a-8a2d-d45edeb19bdd|rpc:10.1.0.26:41361|priority:0, 13cc7e77-570e-489a-8f95-9257e310d74c|rpc:10.1.0.26:36681|priority:1, 8eebc958-9398-4984-8b85-05c7775d5731|rpc:10.1.0.26:46601|priority:0], old=null
2021-07-14 22:48:23,941 [8eebc958-9398-4984-8b85-05c7775d5731@group-3DA7CFC98DDE-LeaderElection22] INFO  impl.LeaderElection (LeaderElection.java:logAndReturn(89)) - 8eebc958-9398-4984-8b85-05c7775d5731@group-3DA7CFC98DDE-LeaderElection22: ELECTION REJECTED received 1 response(s) and 0 exception(s):
2021-07-14 22:48:23,944 [8eebc958-9398-4984-8b85-05c7775d5731@group-3DA7CFC98DDE-LeaderElection22] INFO  impl.LeaderElection (LeaderElection.java:logAndReturn(93)) -   Response 0: 8eebc958-9398-4984-8b85-05c7775d5731<-13cc7e77-570e-489a-8f95-9257e310d74c#0:FAIL-t8
2021-07-14 22:48:23,944 [8eebc958-9398-4984-8b85-05c7775d5731@group-3DA7CFC98DDE-LeaderElection22] INFO  impl.LeaderElection (LeaderElection.java:askForVotes(308)) - 8eebc958-9398-4984-8b85-05c7775d5731@group-3DA7CFC98DDE-LeaderElection22 ELECTION round 0: result REJECTED
2021-07-14 22:48:23,944 [8eebc958-9398-4984-8b85-05c7775d5731@group-3DA7CFC98DDE-LeaderElection22] INFO  server.RaftServer$Division (RaftServerImpl.java:setRole(284)) - 8eebc958-9398-4984-8b85-05c7775d5731@group-3DA7CFC98DDE: changes role from CANDIDATE to FOLLOWER at term 8 for REJECTED
2021-07-14 22:48:23,944 [8eebc958-9398-4984-8b85-05c7775d5731@group-3DA7CFC98DDE-LeaderElection22] INFO  impl.RoleInfo (RoleInfo.java:shutdownLeaderElection(121)) - 8eebc958-9398-4984-8b85-05c7775d5731: shutdown 8eebc958-9398-4984-8b85-05c7775d5731@group-3DA7CFC98DDE-LeaderElection22
2021-07-14 22:48:23,944 [8eebc958-9398-4984-8b85-05c7775d5731@group-3DA7CFC98DDE-LeaderElection22] INFO  impl.RoleInfo (RoleInfo.java:updateAndGet(130)) - 8eebc958-9398-4984-8b85-05c7775d5731: start 8eebc958-9398-4984-8b85-05c7775d5731@group-3DA7CFC98DDE-FollowerState
2021-07-14 22:48:24,649 [Listener at 127.0.0.1/45761] INFO  ozone.MiniOzoneClusterImpl (MiniOzoneClusterImpl.java:lambda$waitForClusterToBeReady$0(230)) - Nodes are ready. Got 3 of 3 DN Heartbeats.
2021-07-14 22:48:24,650 [Listener at 127.0.0.1/45761] INFO  ozone.MiniOzoneClusterImpl (MiniOzoneClusterImpl.java:lambda$waitForClusterToBeReady$0(233)) - Waiting for cluster to exit safe mode
2021-07-14 22:48:24,650 [Listener at 127.0.0.1/45761] INFO  ozone.MiniOzoneClusterImpl (MiniOzoneClusterImpl.java:lambda$waitForClusterToBeReady$0(235)) - SCM became leader
2021-07-14 22:48:25,651 [Listener at 127.0.0.1/45761] INFO  ozone.MiniOzoneClusterImpl (MiniOzoneClusterImpl.java:lambda$waitForClusterToBeReady$0(230)) - Nodes are ready. Got 3 of 3 DN Heartbeats.
2021-07-14 22:48:25,651 [Listener at 127.0.0.1/45761] INFO  ozone.MiniOzoneClusterImpl (MiniOzoneClusterImpl.java:lambda$waitForClusterToBeReady$0(233)) - Waiting for cluster to exit safe mode
2021-07-14 22:48:25,651 [Listener at 127.0.0.1/45761] INFO  ozone.MiniOzoneClusterImpl (MiniOzoneClusterImpl.java:lambda$waitForClusterToBeReady$0(235)) - SCM became leader
2021-07-14 22:48:26,651 [Listener at 127.0.0.1/45761] INFO  ozone.MiniOzoneClusterImpl (MiniOzoneClusterImpl.java:lambda$waitForClusterToBeReady$0(230)) - Nodes are ready. Got 3 of 3 DN Heartbeats.
2021-07-14 22:48:26,651 [Listener at 127.0.0.1/45761] INFO  ozone.MiniOzoneClusterImpl (MiniOzoneClusterImpl.java:lambda$waitForClusterToBeReady$0(233)) - Waiting for cluster to exit safe mode
2021-07-14 22:48:26,651 [Listener at 127.0.0.1/45761] INFO  ozone.MiniOzoneClusterImpl (MiniOzoneClusterImpl.java:lambda$waitForClusterToBeReady$0(235)) - SCM became leader
2021-07-14 22:48:27,652 [Listener at 127.0.0.1/45761] INFO  ozone.MiniOzoneClusterImpl (MiniOzoneClusterImpl.java:lambda$waitForClusterToBeReady$0(230)) - Nodes are ready. Got 3 of 3 DN Heartbeats.
2021-07-14 22:48:27,652 [Listener at 127.0.0.1/45761] INFO  ozone.MiniOzoneClusterImpl (MiniOzoneClusterImpl.java:lambda$waitForClusterToBeReady$0(233)) - Waiting for cluster to exit safe mode
2021-07-14 22:48:27,652 [Listener at 127.0.0.1/45761] INFO  ozone.MiniOzoneClusterImpl (MiniOzoneClusterImpl.java:lambda$waitForClusterToBeReady$0(235)) - SCM became leader
2021-07-14 22:48:28,652 [Listener at 127.0.0.1/45761] INFO  ozone.MiniOzoneClusterImpl (MiniOzoneClusterImpl.java:lambda$waitForClusterToBeReady$0(230)) - Nodes are ready. Got 3 of 3 DN Heartbeats.
2021-07-14 22:48:28,652 [Listener at 127.0.0.1/45761] INFO  ozone.MiniOzoneClusterImpl (MiniOzoneClusterImpl.java:lambda$waitForClusterToBeReady$0(233)) - Waiting for cluster to exit safe mode
2021-07-14 22:48:28,653 [Listener at 127.0.0.1/45761] INFO  ozone.MiniOzoneClusterImpl (MiniOzoneClusterImpl.java:lambda$waitForClusterToBeReady$0(235)) - SCM became leader
2021-07-14 22:48:28,988 [8eebc958-9398-4984-8b85-05c7775d5731@group-3DA7CFC98DDE-FollowerState] INFO  impl.FollowerState (FollowerState.java:run(134)) - 8eebc958-9398-4984-8b85-05c7775d5731@group-3DA7CFC98DDE-FollowerState: change to CANDIDATE, lastRpcElapsedTime:5044195296ns, electionTimeout:5041ms
2021-07-14 22:48:28,989 [8eebc958-9398-4984-8b85-05c7775d5731@group-3DA7CFC98DDE-FollowerState] INFO  impl.RoleInfo (RoleInfo.java:shutdownFollowerState(108)) - 8eebc958-9398-4984-8b85-05c7775d5731: shutdown 8eebc958-9398-4984-8b85-05c7775d5731@group-3DA7CFC98DDE-FollowerState
2021-07-14 22:48:28,989 [8eebc958-9398-4984-8b85-05c7775d5731@group-3DA7CFC98DDE-FollowerState] INFO  server.RaftServer$Division (RaftServerImpl.java:setRole(284)) - 8eebc958-9398-4984-8b85-05c7775d5731@group-3DA7CFC98DDE: changes role from  FOLLOWER to CANDIDATE at term 8 for changeToCandidate
2021-07-14 22:48:28,989 [8eebc958-9398-4984-8b85-05c7775d5731@group-3DA7CFC98DDE-FollowerState] INFO  server.RaftServerConfigKeys (ConfUtils.java:logGet(44)) - raft.server.leaderelection.pre-vote = false (custom)
2021-07-14 22:48:28,989 [8eebc958-9398-4984-8b85-05c7775d5731@group-3DA7CFC98DDE-FollowerState] INFO  impl.RoleInfo (RoleInfo.java:updateAndGet(130)) - 8eebc958-9398-4984-8b85-05c7775d5731: start 8eebc958-9398-4984-8b85-05c7775d5731@group-3DA7CFC98DDE-LeaderElection23
2021-07-14 22:48:28,991 [8eebc958-9398-4984-8b85-05c7775d5731@group-3DA7CFC98DDE-LeaderElection23] INFO  impl.LeaderElection (LeaderElection.java:askForVotes(306)) - 8eebc958-9398-4984-8b85-05c7775d5731@group-3DA7CFC98DDE-LeaderElection23 ELECTION round 0: submit vote requests at term 9 for -1: [8c203391-d7bf-416a-8a2d-d45edeb19bdd|rpc:10.1.0.26:41361|dataStream:|priority:0, 13cc7e77-570e-489a-8f95-9257e310d74c|rpc:10.1.0.26:36681|dataStream:|priority:1, 8eebc958-9398-4984-8b85-05c7775d5731|rpc:10.1.0.26:46601|dataStream:|priority:0], old=null
2021-07-14 22:48:28,996 [grpc-default-executor-0] INFO  server.RaftServer$Division (RaftServerImpl.java:requestVote(1042)) - 8c203391-d7bf-416a-8a2d-d45edeb19bdd@group-3DA7CFC98DDE: receive requestVote(ELECTION, 8eebc958-9398-4984-8b85-05c7775d5731, group-3DA7CFC98DDE, 9, (t:0, i:0))
2021-07-14 22:48:28,996 [grpc-default-executor-0] INFO  impl.VoteContext (VoteContext.java:log(48)) - 8c203391-d7bf-416a-8a2d-d45edeb19bdd@group-3DA7CFC98DDE-FOLLOWER: accept ELECTION from 8eebc958-9398-4984-8b85-05c7775d5731: our priority 0 <= candidate's priority 0
2021-07-14 22:48:28,996 [grpc-default-executor-0] INFO  server.RaftServer$Division (RaftServerImpl.java:setRole(284)) - 8c203391-d7bf-416a-8a2d-d45edeb19bdd@group-3DA7CFC98DDE: changes role from  FOLLOWER to FOLLOWER at term 9 for candidate:8eebc958-9398-4984-8b85-05c7775d5731
2021-07-14 22:48:28,996 [grpc-default-executor-0] INFO  impl.RoleInfo (RoleInfo.java:shutdownFollowerState(108)) - 8c203391-d7bf-416a-8a2d-d45edeb19bdd: shutdown 8c203391-d7bf-416a-8a2d-d45edeb19bdd@group-3DA7CFC98DDE-FollowerState
2021-07-14 22:48:28,996 [8c203391-d7bf-416a-8a2d-d45edeb19bdd@group-3DA7CFC98DDE-FollowerState] INFO  impl.FollowerState (FollowerState.java:run(143)) - 8c203391-d7bf-416a-8a2d-d45edeb19bdd@group-3DA7CFC98DDE-FollowerState was interrupted: {}
java.lang.InterruptedException: sleep interrupted
	at java.lang.Thread.sleep(Native Method)
	at java.lang.Thread.sleep(Thread.java:340)
	at java.util.concurrent.TimeUnit.sleep(TimeUnit.java:386)
	at org.apache.ratis.util.TimeDuration.sleep(TimeDuration.java:324)
	at org.apache.ratis.util.TimeDuration.sleep(TimeDuration.java:309)
	at org.apache.ratis.server.impl.FollowerState.run(FollowerState.java:118)
2021-07-14 22:48:28,997 [grpc-default-executor-0] INFO  impl.RoleInfo (RoleInfo.java:updateAndGet(130)) - 8c203391-d7bf-416a-8a2d-d45edeb19bdd: start 8c203391-d7bf-416a-8a2d-d45edeb19bdd@group-3DA7CFC98DDE-FollowerState
2021-07-14 22:48:29,008 [grpc-default-executor-1] INFO  server.RaftServer$Division (RaftServerImpl.java:requestVote(1042)) - 13cc7e77-570e-489a-8f95-9257e310d74c@group-3DA7CFC98DDE: receive requestVote(ELECTION, 8eebc958-9398-4984-8b85-05c7775d5731, group-3DA7CFC98DDE, 9, (t:0, i:0))
2021-07-14 22:48:29,008 [grpc-default-executor-1] INFO  impl.VoteContext (VoteContext.java:log(48)) - 13cc7e77-570e-489a-8f95-9257e310d74c@group-3DA7CFC98DDE-FOLLOWER: reject ELECTION from 8eebc958-9398-4984-8b85-05c7775d5731: our priority 1 > candidate's priority 0
2021-07-14 22:48:29,008 [grpc-default-executor-1] INFO  server.RaftServer$Division (RaftServerImpl.java:setRole(284)) - 13cc7e77-570e-489a-8f95-9257e310d74c@group-3DA7CFC98DDE: changes role from  FOLLOWER to FOLLOWER at term 9 for candidate:8eebc958-9398-4984-8b85-05c7775d5731
2021-07-14 22:48:29,008 [grpc-default-executor-1] INFO  impl.RoleInfo (RoleInfo.java:shutdownFollowerState(108)) - 13cc7e77-570e-489a-8f95-9257e310d74c: shutdown 13cc7e77-570e-489a-8f95-9257e310d74c@group-3DA7CFC98DDE-FollowerState
2021-07-14 22:48:29,008 [grpc-default-executor-1] INFO  impl.RoleInfo (RoleInfo.java:updateAndGet(130)) - 13cc7e77-570e-489a-8f95-9257e310d74c: start 13cc7e77-570e-489a-8f95-9257e310d74c@group-3DA7CFC98DDE-FollowerState
2021-07-14 22:48:29,008 [13cc7e77-570e-489a-8f95-9257e310d74c@group-3DA7CFC98DDE-FollowerState] INFO  impl.FollowerState (FollowerState.java:run(143)) - 13cc7e77-570e-489a-8f95-9257e310d74c@group-3DA7CFC98DDE-FollowerState was interrupted: {}
java.lang.InterruptedException: sleep interrupted
	at java.lang.Thread.sleep(Native Method)
	at java.lang.Thread.sleep(Thread.java:340)
	at java.util.concurrent.TimeUnit.sleep(TimeUnit.java:386)
	at org.apache.ratis.util.TimeDuration.sleep(TimeDuration.java:324)
	at org.apache.ratis.util.TimeDuration.sleep(TimeDuration.java:309)
	at org.apache.ratis.server.impl.FollowerState.run(FollowerState.java:118)
2021-07-14 22:48:29,009 [grpc-default-executor-1] INFO  server.RaftServer$Division (RaftServerImpl.java:requestVote(1074)) - 13cc7e77-570e-489a-8f95-9257e310d74c@group-3DA7CFC98DDE replies to ELECTION vote request: 8eebc958-9398-4984-8b85-05c7775d5731<-13cc7e77-570e-489a-8f95-9257e310d74c#0:FAIL-t9. Peer's state: 13cc7e77-570e-489a-8f95-9257e310d74c@group-3DA7CFC98DDE:t9, leader=null, voted=null, raftlog=13cc7e77-570e-489a-8f95-9257e310d74c@group-3DA7CFC98DDE-SegmentedRaftLog:OPENED:c-1,f-1,i0, conf=-1: [8c203391-d7bf-416a-8a2d-d45edeb19bdd|rpc:10.1.0.26:41361|dataStream:|priority:0, 13cc7e77-570e-489a-8f95-9257e310d74c|rpc:10.1.0.26:36681|dataStream:|priority:1, 8eebc958-9398-4984-8b85-05c7775d5731|rpc:10.1.0.26:46601|dataStream:|priority:0], old=null
2021-07-14 22:48:29,009 [grpc-default-executor-0] INFO  server.RaftServer$Division (RaftServerImpl.java:requestVote(1074)) - 8c203391-d7bf-416a-8a2d-d45edeb19bdd@group-3DA7CFC98DDE replies to ELECTION vote request: 8eebc958-9398-4984-8b85-05c7775d5731<-8c203391-d7bf-416a-8a2d-d45edeb19bdd#0:OK-t9. Peer's state: 8c203391-d7bf-416a-8a2d-d45edeb19bdd@group-3DA7CFC98DDE:t9, leader=null, voted=8eebc958-9398-4984-8b85-05c7775d5731, raftlog=8c203391-d7bf-416a-8a2d-d45edeb19bdd@group-3DA7CFC98DDE-SegmentedRaftLog:OPENED:c-1,f-1,i0, conf=-1: [8c203391-d7bf-416a-8a2d-d45edeb19bdd|rpc:10.1.0.26:41361|priority:0, 13cc7e77-570e-489a-8f95-9257e310d74c|rpc:10.1.0.26:36681|priority:1, 8eebc958-9398-4984-8b85-05c7775d5731|rpc:10.1.0.26:46601|priority:0], old=null
2021-07-14 22:48:29,016 [8eebc958-9398-4984-8b85-05c7775d5731@group-3DA7CFC98DDE-LeaderElection23] INFO  impl.LeaderElection (LeaderElection.java:logAndReturn(89)) - 8eebc958-9398-4984-8b85-05c7775d5731@group-3DA7CFC98DDE-LeaderElection23: ELECTION REJECTED received 2 response(s) and 0 exception(s):
2021-07-14 22:48:29,016 [8eebc958-9398-4984-8b85-05c7775d5731@group-3DA7CFC98DDE-LeaderElection23] INFO  impl.LeaderElection (LeaderElection.java:logAndReturn(93)) -   Response 0: 8eebc958-9398-4984-8b85-05c7775d5731<-8c203391-d7bf-416a-8a2d-d45edeb19bdd#0:OK-t9
2021-07-14 22:48:29,016 [8eebc958-9398-4984-8b85-05c7775d5731@group-3DA7CFC98DDE-LeaderElection23] INFO  impl.LeaderElection (LeaderElection.java:logAndReturn(93)) -   Response 1: 8eebc958-9398-4984-8b85-05c7775d5731<-13cc7e77-570e-489a-8f95-9257e310d74c#0:FAIL-t9
2021-07-14 22:48:29,016 [8eebc958-9398-4984-8b85-05c7775d5731@group-3DA7CFC98DDE-LeaderElection23] INFO  impl.LeaderElection (LeaderElection.java:askForVotes(308)) - 8eebc958-9398-4984-8b85-05c7775d5731@group-3DA7CFC98DDE-LeaderElection23 ELECTION round 0: result REJECTED
2021-07-14 22:48:29,016 [8eebc958-9398-4984-8b85-05c7775d5731@group-3DA7CFC98DDE-LeaderElection23] INFO  server.RaftServer$Division (RaftServerImpl.java:setRole(284)) - 8eebc958-9398-4984-8b85-05c7775d5731@group-3DA7CFC98DDE: changes role from CANDIDATE to FOLLOWER at term 9 for REJECTED
2021-07-14 22:48:29,016 [8eebc958-9398-4984-8b85-05c7775d5731@group-3DA7CFC98DDE-LeaderElection23] INFO  impl.RoleInfo (RoleInfo.java:shutdownLeaderElection(121)) - 8eebc958-9398-4984-8b85-05c7775d5731: shutdown 8eebc958-9398-4984-8b85-05c7775d5731@group-3DA7CFC98DDE-LeaderElection23
2021-07-14 22:48:29,017 [8eebc958-9398-4984-8b85-05c7775d5731@group-3DA7CFC98DDE-LeaderElection23] INFO  impl.RoleInfo (RoleInfo.java:updateAndGet(130)) - 8eebc958-9398-4984-8b85-05c7775d5731: start 8eebc958-9398-4984-8b85-05c7775d5731@group-3DA7CFC98DDE-FollowerState
2021-07-14 22:48:29,653 [Listener at 127.0.0.1/45761] INFO  ozone.MiniOzoneClusterImpl (MiniOzoneClusterImpl.java:lambda$waitForClusterToBeReady$0(230)) - Nodes are ready. Got 3 of 3 DN Heartbeats.
2021-07-14 22:48:29,654 [Listener at 127.0.0.1/45761] INFO  ozone.MiniOzoneClusterImpl (MiniOzoneClusterImpl.java:lambda$waitForClusterToBeReady$0(233)) - Waiting for cluster to exit safe mode
2021-07-14 22:48:29,654 [Listener at 127.0.0.1/45761] INFO  ozone.MiniOzoneClusterImpl (MiniOzoneClusterImpl.java:lambda$waitForClusterToBeReady$0(235)) - SCM became leader
2021-07-14 22:48:30,654 [Listener at 127.0.0.1/45761] INFO  ozone.MiniOzoneClusterImpl (MiniOzoneClusterImpl.java:lambda$waitForClusterToBeReady$0(230)) - Nodes are ready. Got 3 of 3 DN Heartbeats.
2021-07-14 22:48:30,655 [Listener at 127.0.0.1/45761] INFO  ozone.MiniOzoneClusterImpl (MiniOzoneClusterImpl.java:lambda$waitForClusterToBeReady$0(233)) - Waiting for cluster to exit safe mode
2021-07-14 22:48:30,655 [Listener at 127.0.0.1/45761] INFO  ozone.MiniOzoneClusterImpl (MiniOzoneClusterImpl.java:lambda$waitForClusterToBeReady$0(235)) - SCM became leader
2021-07-14 22:48:31,655 [Listener at 127.0.0.1/45761] INFO  ozone.MiniOzoneClusterImpl (MiniOzoneClusterImpl.java:lambda$waitForClusterToBeReady$0(230)) - Nodes are ready. Got 3 of 3 DN Heartbeats.
2021-07-14 22:48:31,655 [Listener at 127.0.0.1/45761] INFO  ozone.MiniOzoneClusterImpl (MiniOzoneClusterImpl.java:lambda$waitForClusterToBeReady$0(233)) - Waiting for cluster to exit safe mode
2021-07-14 22:48:31,655 [Listener at 127.0.0.1/45761] INFO  ozone.MiniOzoneClusterImpl (MiniOzoneClusterImpl.java:lambda$waitForClusterToBeReady$0(235)) - SCM became leader
2021-07-14 22:48:32,655 [Listener at 127.0.0.1/45761] INFO  ozone.MiniOzoneClusterImpl (MiniOzoneClusterImpl.java:lambda$waitForClusterToBeReady$0(230)) - Nodes are ready. Got 3 of 3 DN Heartbeats.
2021-07-14 22:48:32,656 [Listener at 127.0.0.1/45761] INFO  ozone.MiniOzoneClusterImpl (MiniOzoneClusterImpl.java:lambda$waitForClusterToBeReady$0(233)) - Waiting for cluster to exit safe mode
2021-07-14 22:48:32,656 [Listener at 127.0.0.1/45761] INFO  ozone.MiniOzoneClusterImpl (MiniOzoneClusterImpl.java:lambda$waitForClusterToBeReady$0(235)) - SCM became leader
2021-07-14 22:48:33,656 [Listener at 127.0.0.1/45761] INFO  ozone.MiniOzoneClusterImpl (MiniOzoneClusterImpl.java:lambda$waitForClusterToBeReady$0(230)) - Nodes are ready. Got 3 of 3 DN Heartbeats.
2021-07-14 22:48:33,656 [Listener at 127.0.0.1/45761] INFO  ozone.MiniOzoneClusterImpl (MiniOzoneClusterImpl.java:lambda$waitForClusterToBeReady$0(233)) - Waiting for cluster to exit safe mode
2021-07-14 22:48:33,656 [Listener at 127.0.0.1/45761] INFO  ozone.MiniOzoneClusterImpl (MiniOzoneClusterImpl.java:lambda$waitForClusterToBeReady$0(235)) - SCM became leader
2021-07-14 22:48:34,042 [8eebc958-9398-4984-8b85-05c7775d5731@group-3DA7CFC98DDE-FollowerState] INFO  impl.FollowerState (FollowerState.java:run(134)) - 8eebc958-9398-4984-8b85-05c7775d5731@group-3DA7CFC98DDE-FollowerState: change to CANDIDATE, lastRpcElapsedTime:5025760644ns, electionTimeout:5025ms
2021-07-14 22:48:34,042 [8eebc958-9398-4984-8b85-05c7775d5731@group-3DA7CFC98DDE-FollowerState] INFO  impl.RoleInfo (RoleInfo.java:shutdownFollowerState(108)) - 8eebc958-9398-4984-8b85-05c7775d5731: shutdown 8eebc958-9398-4984-8b85-05c7775d5731@group-3DA7CFC98DDE-FollowerState
2021-07-14 22:48:34,043 [8eebc958-9398-4984-8b85-05c7775d5731@group-3DA7CFC98DDE-FollowerState] INFO  server.RaftServer$Division (RaftServerImpl.java:setRole(284)) - 8eebc958-9398-4984-8b85-05c7775d5731@group-3DA7CFC98DDE: changes role from  FOLLOWER to CANDIDATE at term 9 for changeToCandidate
2021-07-14 22:48:34,043 [8eebc958-9398-4984-8b85-05c7775d5731@group-3DA7CFC98DDE-FollowerState] INFO  server.RaftServerConfigKeys (ConfUtils.java:logGet(44)) - raft.server.leaderelection.pre-vote = false (custom)
2021-07-14 22:48:34,043 [8eebc958-9398-4984-8b85-05c7775d5731@group-3DA7CFC98DDE-FollowerState] INFO  impl.RoleInfo (RoleInfo.java:updateAndGet(130)) - 8eebc958-9398-4984-8b85-05c7775d5731: start 8eebc958-9398-4984-8b85-05c7775d5731@group-3DA7CFC98DDE-LeaderElection24
2021-07-14 22:48:34,045 [8eebc958-9398-4984-8b85-05c7775d5731@group-3DA7CFC98DDE-LeaderElection24] INFO  impl.LeaderElection (LeaderElection.java:askForVotes(306)) - 8eebc958-9398-4984-8b85-05c7775d5731@group-3DA7CFC98DDE-LeaderElection24 ELECTION round 0: submit vote requests at term 10 for -1: [8c203391-d7bf-416a-8a2d-d45edeb19bdd|rpc:10.1.0.26:41361|dataStream:|priority:0, 13cc7e77-570e-489a-8f95-9257e310d74c|rpc:10.1.0.26:36681|dataStream:|priority:1, 8eebc958-9398-4984-8b85-05c7775d5731|rpc:10.1.0.26:46601|dataStream:|priority:0], old=null
2021-07-14 22:48:34,049 [grpc-default-executor-1] INFO  server.RaftServer$Division (RaftServerImpl.java:requestVote(1042)) - 8c203391-d7bf-416a-8a2d-d45edeb19bdd@group-3DA7CFC98DDE: receive requestVote(ELECTION, 8eebc958-9398-4984-8b85-05c7775d5731, group-3DA7CFC98DDE, 10, (t:0, i:0))
2021-07-14 22:48:34,049 [grpc-default-executor-0] INFO  server.RaftServer$Division (RaftServerImpl.java:requestVote(1042)) - 13cc7e77-570e-489a-8f95-9257e310d74c@group-3DA7CFC98DDE: receive requestVote(ELECTION, 8eebc958-9398-4984-8b85-05c7775d5731, group-3DA7CFC98DDE, 10, (t:0, i:0))
2021-07-14 22:48:34,049 [grpc-default-executor-0] INFO  impl.VoteContext (VoteContext.java:log(48)) - 13cc7e77-570e-489a-8f95-9257e310d74c@group-3DA7CFC98DDE-FOLLOWER: reject ELECTION from 8eebc958-9398-4984-8b85-05c7775d5731: our priority 1 > candidate's priority 0
2021-07-14 22:48:34,049 [grpc-default-executor-0] INFO  server.RaftServer$Division (RaftServerImpl.java:setRole(284)) - 13cc7e77-570e-489a-8f95-9257e310d74c@group-3DA7CFC98DDE: changes role from  FOLLOWER to FOLLOWER at term 10 for candidate:8eebc958-9398-4984-8b85-05c7775d5731
2021-07-14 22:48:34,049 [grpc-default-executor-0] INFO  impl.RoleInfo (RoleInfo.java:shutdownFollowerState(108)) - 13cc7e77-570e-489a-8f95-9257e310d74c: shutdown 13cc7e77-570e-489a-8f95-9257e310d74c@group-3DA7CFC98DDE-FollowerState
2021-07-14 22:48:34,049 [grpc-default-executor-0] INFO  impl.RoleInfo (RoleInfo.java:updateAndGet(130)) - 13cc7e77-570e-489a-8f95-9257e310d74c: start 13cc7e77-570e-489a-8f95-9257e310d74c@group-3DA7CFC98DDE-FollowerState
2021-07-14 22:48:34,050 [13cc7e77-570e-489a-8f95-9257e310d74c@group-3DA7CFC98DDE-FollowerState] INFO  impl.FollowerState (FollowerState.java:run(143)) - 13cc7e77-570e-489a-8f95-9257e310d74c@group-3DA7CFC98DDE-FollowerState was interrupted: {}
java.lang.InterruptedException: sleep interrupted
	at java.lang.Thread.sleep(Native Method)
	at java.lang.Thread.sleep(Thread.java:340)
	at java.util.concurrent.TimeUnit.sleep(TimeUnit.java:386)
	at org.apache.ratis.util.TimeDuration.sleep(TimeDuration.java:324)
	at org.apache.ratis.util.TimeDuration.sleep(TimeDuration.java:309)
	at org.apache.ratis.server.impl.FollowerState.run(FollowerState.java:118)
2021-07-14 22:48:34,050 [grpc-default-executor-1] INFO  impl.VoteContext (VoteContext.java:log(48)) - 8c203391-d7bf-416a-8a2d-d45edeb19bdd@group-3DA7CFC98DDE-FOLLOWER: accept ELECTION from 8eebc958-9398-4984-8b85-05c7775d5731: our priority 0 <= candidate's priority 0
2021-07-14 22:48:34,050 [grpc-default-executor-1] INFO  server.RaftServer$Division (RaftServerImpl.java:setRole(284)) - 8c203391-d7bf-416a-8a2d-d45edeb19bdd@group-3DA7CFC98DDE: changes role from  FOLLOWER to FOLLOWER at term 10 for candidate:8eebc958-9398-4984-8b85-05c7775d5731
2021-07-14 22:48:34,050 [grpc-default-executor-1] INFO  impl.RoleInfo (RoleInfo.java:shutdownFollowerState(108)) - 8c203391-d7bf-416a-8a2d-d45edeb19bdd: shutdown 8c203391-d7bf-416a-8a2d-d45edeb19bdd@group-3DA7CFC98DDE-FollowerState
2021-07-14 22:48:34,050 [grpc-default-executor-1] INFO  impl.RoleInfo (RoleInfo.java:updateAndGet(130)) - 8c203391-d7bf-416a-8a2d-d45edeb19bdd: start 8c203391-d7bf-416a-8a2d-d45edeb19bdd@group-3DA7CFC98DDE-FollowerState
2021-07-14 22:48:34,051 [8c203391-d7bf-416a-8a2d-d45edeb19bdd@group-3DA7CFC98DDE-FollowerState] INFO  impl.FollowerState (FollowerState.java:run(143)) - 8c203391-d7bf-416a-8a2d-d45edeb19bdd@group-3DA7CFC98DDE-FollowerState was interrupted: {}
java.lang.InterruptedException: sleep interrupted
	at java.lang.Thread.sleep(Native Method)
	at java.lang.Thread.sleep(Thread.java:340)
	at java.util.concurrent.TimeUnit.sleep(TimeUnit.java:386)
	at org.apache.ratis.util.TimeDuration.sleep(TimeDuration.java:324)
	at org.apache.ratis.util.TimeDuration.sleep(TimeDuration.java:309)
	at org.apache.ratis.server.impl.FollowerState.run(FollowerState.java:118)
2021-07-14 22:48:34,051 [grpc-default-executor-0] INFO  server.RaftServer$Division (RaftServerImpl.java:requestVote(1074)) - 13cc7e77-570e-489a-8f95-9257e310d74c@group-3DA7CFC98DDE replies to ELECTION vote request: 8eebc958-9398-4984-8b85-05c7775d5731<-13cc7e77-570e-489a-8f95-9257e310d74c#0:FAIL-t10. Peer's state: 13cc7e77-570e-489a-8f95-9257e310d74c@group-3DA7CFC98DDE:t10, leader=null, voted=null, raftlog=13cc7e77-570e-489a-8f95-9257e310d74c@group-3DA7CFC98DDE-SegmentedRaftLog:OPENED:c-1,f-1,i0, conf=-1: [8c203391-d7bf-416a-8a2d-d45edeb19bdd|rpc:10.1.0.26:41361|dataStream:|priority:0, 13cc7e77-570e-489a-8f95-9257e310d74c|rpc:10.1.0.26:36681|dataStream:|priority:1, 8eebc958-9398-4984-8b85-05c7775d5731|rpc:10.1.0.26:46601|dataStream:|priority:0], old=null
2021-07-14 22:48:34,056 [grpc-default-executor-1] INFO  server.RaftServer$Division (RaftServerImpl.java:requestVote(1074)) - 8c203391-d7bf-416a-8a2d-d45edeb19bdd@group-3DA7CFC98DDE replies to ELECTION vote request: 8eebc958-9398-4984-8b85-05c7775d5731<-8c203391-d7bf-416a-8a2d-d45edeb19bdd#0:OK-t10. Peer's state: 8c203391-d7bf-416a-8a2d-d45edeb19bdd@group-3DA7CFC98DDE:t10, leader=null, voted=8eebc958-9398-4984-8b85-05c7775d5731, raftlog=8c203391-d7bf-416a-8a2d-d45edeb19bdd@group-3DA7CFC98DDE-SegmentedRaftLog:OPENED:c-1,f-1,i0, conf=-1: [8c203391-d7bf-416a-8a2d-d45edeb19bdd|rpc:10.1.0.26:41361|priority:0, 13cc7e77-570e-489a-8f95-9257e310d74c|rpc:10.1.0.26:36681|priority:1, 8eebc958-9398-4984-8b85-05c7775d5731|rpc:10.1.0.26:46601|priority:0], old=null
2021-07-14 22:48:34,057 [8eebc958-9398-4984-8b85-05c7775d5731@group-3DA7CFC98DDE-LeaderElection24] INFO  impl.LeaderElection (LeaderElection.java:logAndReturn(89)) - 8eebc958-9398-4984-8b85-05c7775d5731@group-3DA7CFC98DDE-LeaderElection24: ELECTION REJECTED received 1 response(s) and 0 exception(s):
2021-07-14 22:48:34,058 [8eebc958-9398-4984-8b85-05c7775d5731@group-3DA7CFC98DDE-LeaderElection24] INFO  impl.LeaderElection (LeaderElection.java:logAndReturn(93)) -   Response 0: 8eebc958-9398-4984-8b85-05c7775d5731<-13cc7e77-570e-489a-8f95-9257e310d74c#0:FAIL-t10
2021-07-14 22:48:34,058 [8eebc958-9398-4984-8b85-05c7775d5731@group-3DA7CFC98DDE-LeaderElection24] INFO  impl.LeaderElection (LeaderElection.java:askForVotes(308)) - 8eebc958-9398-4984-8b85-05c7775d5731@group-3DA7CFC98DDE-LeaderElection24 ELECTION round 0: result REJECTED
2021-07-14 22:48:34,058 [8eebc958-9398-4984-8b85-05c7775d5731@group-3DA7CFC98DDE-LeaderElection24] INFO  server.RaftServer$Division (RaftServerImpl.java:setRole(284)) - 8eebc958-9398-4984-8b85-05c7775d5731@group-3DA7CFC98DDE: changes role from CANDIDATE to FOLLOWER at term 10 for REJECTED
2021-07-14 22:48:34,058 [8eebc958-9398-4984-8b85-05c7775d5731@group-3DA7CFC98DDE-LeaderElection24] INFO  impl.RoleInfo (RoleInfo.java:shutdownLeaderElection(121)) - 8eebc958-9398-4984-8b85-05c7775d5731: shutdown 8eebc958-9398-4984-8b85-05c7775d5731@group-3DA7CFC98DDE-LeaderElection24
2021-07-14 22:48:34,058 [8eebc958-9398-4984-8b85-05c7775d5731@group-3DA7CFC98DDE-LeaderElection24] INFO  impl.RoleInfo (RoleInfo.java:updateAndGet(130)) - 8eebc958-9398-4984-8b85-05c7775d5731: start 8eebc958-9398-4984-8b85-05c7775d5731@group-3DA7CFC98DDE-FollowerState
2021-07-14 22:48:34,656 [Listener at 127.0.0.1/45761] INFO  ozone.MiniOzoneClusterImpl (MiniOzoneClusterImpl.java:lambda$waitForClusterToBeReady$0(230)) - Nodes are ready. Got 3 of 3 DN Heartbeats.
2021-07-14 22:48:34,657 [Listener at 127.0.0.1/45761] INFO  ozone.MiniOzoneClusterImpl (MiniOzoneClusterImpl.java:lambda$waitForClusterToBeReady$0(233)) - Waiting for cluster to exit safe mode
2021-07-14 22:48:34,657 [Listener at 127.0.0.1/45761] INFO  ozone.MiniOzoneClusterImpl (MiniOzoneClusterImpl.java:lambda$waitForClusterToBeReady$0(235)) - SCM became leader
2021-07-14 22:48:35,658 [Listener at 127.0.0.1/45761] INFO  ozone.MiniOzoneClusterImpl (MiniOzoneClusterImpl.java:lambda$waitForClusterToBeReady$0(230)) - Nodes are ready. Got 3 of 3 DN Heartbeats.
2021-07-14 22:48:35,658 [Listener at 127.0.0.1/45761] INFO  ozone.MiniOzoneClusterImpl (MiniOzoneClusterImpl.java:lambda$waitForClusterToBeReady$0(233)) - Waiting for cluster to exit safe mode
2021-07-14 22:48:35,658 [Listener at 127.0.0.1/45761] INFO  ozone.MiniOzoneClusterImpl (MiniOzoneClusterImpl.java:lambda$waitForClusterToBeReady$0(235)) - SCM became leader
2021-07-14 22:48:36,659 [Listener at 127.0.0.1/45761] INFO  ozone.MiniOzoneClusterImpl (MiniOzoneClusterImpl.java:lambda$waitForClusterToBeReady$0(230)) - Nodes are ready. Got 3 of 3 DN Heartbeats.
2021-07-14 22:48:36,659 [Listener at 127.0.0.1/45761] INFO  ozone.MiniOzoneClusterImpl (MiniOzoneClusterImpl.java:lambda$waitForClusterToBeReady$0(233)) - Waiting for cluster to exit safe mode
2021-07-14 22:48:36,659 [Listener at 127.0.0.1/45761] INFO  ozone.MiniOzoneClusterImpl (MiniOzoneClusterImpl.java:lambda$waitForClusterToBeReady$0(235)) - SCM became leader
2021-07-14 22:48:37,659 [Listener at 127.0.0.1/45761] INFO  ozone.MiniOzoneClusterImpl (MiniOzoneClusterImpl.java:lambda$waitForClusterToBeReady$0(230)) - Nodes are ready. Got 3 of 3 DN Heartbeats.
2021-07-14 22:48:37,660 [Listener at 127.0.0.1/45761] INFO  ozone.MiniOzoneClusterImpl (MiniOzoneClusterImpl.java:lambda$waitForClusterToBeReady$0(233)) - Waiting for cluster to exit safe mode
2021-07-14 22:48:37,660 [Listener at 127.0.0.1/45761] INFO  ozone.MiniOzoneClusterImpl (MiniOzoneClusterImpl.java:lambda$waitForClusterToBeReady$0(235)) - SCM became leader
2021-07-14 22:48:38,660 [Listener at 127.0.0.1/45761] INFO  ozone.MiniOzoneClusterImpl (MiniOzoneClusterImpl.java:lambda$waitForClusterToBeReady$0(230)) - Nodes are ready. Got 3 of 3 DN Heartbeats.
2021-07-14 22:48:38,660 [Listener at 127.0.0.1/45761] INFO  ozone.MiniOzoneClusterImpl (MiniOzoneClusterImpl.java:lambda$waitForClusterToBeReady$0(233)) - Waiting for cluster to exit safe mode
2021-07-14 22:48:38,660 [Listener at 127.0.0.1/45761] INFO  ozone.MiniOzoneClusterImpl (MiniOzoneClusterImpl.java:lambda$waitForClusterToBeReady$0(235)) - SCM became leader
2021-07-14 22:48:39,076 [8eebc958-9398-4984-8b85-05c7775d5731@group-3DA7CFC98DDE-FollowerState] INFO  impl.FollowerState (FollowerState.java:run(134)) - 8eebc958-9398-4984-8b85-05c7775d5731@group-3DA7CFC98DDE-FollowerState: change to CANDIDATE, lastRpcElapsedTime:5017976721ns, electionTimeout:5012ms
2021-07-14 22:48:39,076 [8eebc958-9398-4984-8b85-05c7775d5731@group-3DA7CFC98DDE-FollowerState] INFO  impl.RoleInfo (RoleInfo.java:shutdownFollowerState(108)) - 8eebc958-9398-4984-8b85-05c7775d5731: shutdown 8eebc958-9398-4984-8b85-05c7775d5731@group-3DA7CFC98DDE-FollowerState
2021-07-14 22:48:39,076 [8eebc958-9398-4984-8b85-05c7775d5731@group-3DA7CFC98DDE-FollowerState] INFO  server.RaftServer$Division (RaftServerImpl.java:setRole(284)) - 8eebc958-9398-4984-8b85-05c7775d5731@group-3DA7CFC98DDE: changes role from  FOLLOWER to CANDIDATE at term 10 for changeToCandidate
2021-07-14 22:48:39,076 [8eebc958-9398-4984-8b85-05c7775d5731@group-3DA7CFC98DDE-FollowerState] INFO  server.RaftServerConfigKeys (ConfUtils.java:logGet(44)) - raft.server.leaderelection.pre-vote = false (custom)
2021-07-14 22:48:39,076 [8eebc958-9398-4984-8b85-05c7775d5731@group-3DA7CFC98DDE-FollowerState] INFO  impl.RoleInfo (RoleInfo.java:updateAndGet(130)) - 8eebc958-9398-4984-8b85-05c7775d5731: start 8eebc958-9398-4984-8b85-05c7775d5731@group-3DA7CFC98DDE-LeaderElection25
2021-07-14 22:48:39,086 [8eebc958-9398-4984-8b85-05c7775d5731@group-3DA7CFC98DDE-LeaderElection25] INFO  impl.LeaderElection (LeaderElection.java:askForVotes(306)) - 8eebc958-9398-4984-8b85-05c7775d5731@group-3DA7CFC98DDE-LeaderElection25 ELECTION round 0: submit vote requests at term 11 for -1: [8c203391-d7bf-416a-8a2d-d45edeb19bdd|rpc:10.1.0.26:41361|dataStream:|priority:0, 13cc7e77-570e-489a-8f95-9257e310d74c|rpc:10.1.0.26:36681|dataStream:|priority:1, 8eebc958-9398-4984-8b85-05c7775d5731|rpc:10.1.0.26:46601|dataStream:|priority:0], old=null
2021-07-14 22:48:39,090 [grpc-default-executor-1] INFO  server.RaftServer$Division (RaftServerImpl.java:requestVote(1042)) - 8c203391-d7bf-416a-8a2d-d45edeb19bdd@group-3DA7CFC98DDE: receive requestVote(ELECTION, 8eebc958-9398-4984-8b85-05c7775d5731, group-3DA7CFC98DDE, 11, (t:0, i:0))
2021-07-14 22:48:39,090 [grpc-default-executor-1] INFO  impl.VoteContext (VoteContext.java:log(48)) - 8c203391-d7bf-416a-8a2d-d45edeb19bdd@group-3DA7CFC98DDE-FOLLOWER: accept ELECTION from 8eebc958-9398-4984-8b85-05c7775d5731: our priority 0 <= candidate's priority 0
2021-07-14 22:48:39,090 [grpc-default-executor-1] INFO  server.RaftServer$Division (RaftServerImpl.java:setRole(284)) - 8c203391-d7bf-416a-8a2d-d45edeb19bdd@group-3DA7CFC98DDE: changes role from  FOLLOWER to FOLLOWER at term 11 for candidate:8eebc958-9398-4984-8b85-05c7775d5731
2021-07-14 22:48:39,090 [grpc-default-executor-1] INFO  impl.RoleInfo (RoleInfo.java:shutdownFollowerState(108)) - 8c203391-d7bf-416a-8a2d-d45edeb19bdd: shutdown 8c203391-d7bf-416a-8a2d-d45edeb19bdd@group-3DA7CFC98DDE-FollowerState
2021-07-14 22:48:39,090 [grpc-default-executor-1] INFO  impl.RoleInfo (RoleInfo.java:updateAndGet(130)) - 8c203391-d7bf-416a-8a2d-d45edeb19bdd: start 8c203391-d7bf-416a-8a2d-d45edeb19bdd@group-3DA7CFC98DDE-FollowerState
2021-07-14 22:48:39,090 [8c203391-d7bf-416a-8a2d-d45edeb19bdd@group-3DA7CFC98DDE-FollowerState] INFO  impl.FollowerState (FollowerState.java:run(143)) - 8c203391-d7bf-416a-8a2d-d45edeb19bdd@group-3DA7CFC98DDE-FollowerState was interrupted: {}
java.lang.InterruptedException: sleep interrupted
	at java.lang.Thread.sleep(Native Method)
	at java.lang.Thread.sleep(Thread.java:340)
	at java.util.concurrent.TimeUnit.sleep(TimeUnit.java:386)
	at org.apache.ratis.util.TimeDuration.sleep(TimeDuration.java:324)
	at org.apache.ratis.util.TimeDuration.sleep(TimeDuration.java:309)
	at org.apache.ratis.server.impl.FollowerState.run(FollowerState.java:118)
2021-07-14 22:48:39,091 [grpc-default-executor-0] INFO  server.RaftServer$Division (RaftServerImpl.java:requestVote(1042)) - 13cc7e77-570e-489a-8f95-9257e310d74c@group-3DA7CFC98DDE: receive requestVote(ELECTION, 8eebc958-9398-4984-8b85-05c7775d5731, group-3DA7CFC98DDE, 11, (t:0, i:0))
2021-07-14 22:48:39,091 [grpc-default-executor-0] INFO  impl.VoteContext (VoteContext.java:log(48)) - 13cc7e77-570e-489a-8f95-9257e310d74c@group-3DA7CFC98DDE-FOLLOWER: reject ELECTION from 8eebc958-9398-4984-8b85-05c7775d5731: our priority 1 > candidate's priority 0
2021-07-14 22:48:39,092 [grpc-default-executor-0] INFO  server.RaftServer$Division (RaftServerImpl.java:setRole(284)) - 13cc7e77-570e-489a-8f95-9257e310d74c@group-3DA7CFC98DDE: changes role from  FOLLOWER to FOLLOWER at term 11 for candidate:8eebc958-9398-4984-8b85-05c7775d5731
2021-07-14 22:48:39,092 [grpc-default-executor-0] INFO  impl.RoleInfo (RoleInfo.java:shutdownFollowerState(108)) - 13cc7e77-570e-489a-8f95-9257e310d74c: shutdown 13cc7e77-570e-489a-8f95-9257e310d74c@group-3DA7CFC98DDE-FollowerState
2021-07-14 22:48:39,092 [grpc-default-executor-1] INFO  server.RaftServer$Division (RaftServerImpl.java:requestVote(1074)) - 8c203391-d7bf-416a-8a2d-d45edeb19bdd@group-3DA7CFC98DDE replies to ELECTION vote request: 8eebc958-9398-4984-8b85-05c7775d5731<-8c203391-d7bf-416a-8a2d-d45edeb19bdd#0:OK-t11. Peer's state: 8c203391-d7bf-416a-8a2d-d45edeb19bdd@group-3DA7CFC98DDE:t11, leader=null, voted=8eebc958-9398-4984-8b85-05c7775d5731, raftlog=8c203391-d7bf-416a-8a2d-d45edeb19bdd@group-3DA7CFC98DDE-SegmentedRaftLog:OPENED:c-1,f-1,i0, conf=-1: [8c203391-d7bf-416a-8a2d-d45edeb19bdd|rpc:10.1.0.26:41361|priority:0, 13cc7e77-570e-489a-8f95-9257e310d74c|rpc:10.1.0.26:36681|priority:1, 8eebc958-9398-4984-8b85-05c7775d5731|rpc:10.1.0.26:46601|priority:0], old=null
2021-07-14 22:48:39,092 [13cc7e77-570e-489a-8f95-9257e310d74c@group-3DA7CFC98DDE-FollowerState] INFO  impl.FollowerState (FollowerState.java:run(143)) - 13cc7e77-570e-489a-8f95-9257e310d74c@group-3DA7CFC98DDE-FollowerState was interrupted: {}
java.lang.InterruptedException: sleep interrupted
	at java.lang.Thread.sleep(Native Method)
	at java.lang.Thread.sleep(Thread.java:340)
	at java.util.concurrent.TimeUnit.sleep(TimeUnit.java:386)
	at org.apache.ratis.util.TimeDuration.sleep(TimeDuration.java:324)
	at org.apache.ratis.util.TimeDuration.sleep(TimeDuration.java:309)
	at org.apache.ratis.server.impl.FollowerState.run(FollowerState.java:118)
2021-07-14 22:48:39,092 [grpc-default-executor-0] INFO  impl.RoleInfo (RoleInfo.java:updateAndGet(130)) - 13cc7e77-570e-489a-8f95-9257e310d74c: start 13cc7e77-570e-489a-8f95-9257e310d74c@group-3DA7CFC98DDE-FollowerState
2021-07-14 22:48:39,095 [grpc-default-executor-0] INFO  server.RaftServer$Division (RaftServerImpl.java:requestVote(1074)) - 13cc7e77-570e-489a-8f95-9257e310d74c@group-3DA7CFC98DDE replies to ELECTION vote request: 8eebc958-9398-4984-8b85-05c7775d5731<-13cc7e77-570e-489a-8f95-9257e310d74c#0:FAIL-t11. Peer's state: 13cc7e77-570e-489a-8f95-9257e310d74c@group-3DA7CFC98DDE:t11, leader=null, voted=null, raftlog=13cc7e77-570e-489a-8f95-9257e310d74c@group-3DA7CFC98DDE-SegmentedRaftLog:OPENED:c-1,f-1,i0, conf=-1: [8c203391-d7bf-416a-8a2d-d45edeb19bdd|rpc:10.1.0.26:41361|dataStream:|priority:0, 13cc7e77-570e-489a-8f95-9257e310d74c|rpc:10.1.0.26:36681|dataStream:|priority:1, 8eebc958-9398-4984-8b85-05c7775d5731|rpc:10.1.0.26:46601|dataStream:|priority:0], old=null
2021-07-14 22:48:39,097 [8eebc958-9398-4984-8b85-05c7775d5731@group-3DA7CFC98DDE-LeaderElection25] INFO  impl.LeaderElection (LeaderElection.java:logAndReturn(89)) - 8eebc958-9398-4984-8b85-05c7775d5731@group-3DA7CFC98DDE-LeaderElection25: ELECTION REJECTED received 2 response(s) and 0 exception(s):
2021-07-14 22:48:39,097 [8eebc958-9398-4984-8b85-05c7775d5731@group-3DA7CFC98DDE-LeaderElection25] INFO  impl.LeaderElection (LeaderElection.java:logAndReturn(93)) -   Response 0: 8eebc958-9398-4984-8b85-05c7775d5731<-8c203391-d7bf-416a-8a2d-d45edeb19bdd#0:OK-t11
2021-07-14 22:48:39,097 [8eebc958-9398-4984-8b85-05c7775d5731@group-3DA7CFC98DDE-LeaderElection25] INFO  impl.LeaderElection (LeaderElection.java:logAndReturn(93)) -   Response 1: 8eebc958-9398-4984-8b85-05c7775d5731<-13cc7e77-570e-489a-8f95-9257e310d74c#0:FAIL-t11
2021-07-14 22:48:39,097 [8eebc958-9398-4984-8b85-05c7775d5731@group-3DA7CFC98DDE-LeaderElection25] INFO  impl.LeaderElection (LeaderElection.java:askForVotes(308)) - 8eebc958-9398-4984-8b85-05c7775d5731@group-3DA7CFC98DDE-LeaderElection25 ELECTION round 0: result REJECTED
2021-07-14 22:48:39,097 [8eebc958-9398-4984-8b85-05c7775d5731@group-3DA7CFC98DDE-LeaderElection25] INFO  server.RaftServer$Division (RaftServerImpl.java:setRole(284)) - 8eebc958-9398-4984-8b85-05c7775d5731@group-3DA7CFC98DDE: changes role from CANDIDATE to FOLLOWER at term 11 for REJECTED
2021-07-14 22:48:39,097 [8eebc958-9398-4984-8b85-05c7775d5731@group-3DA7CFC98DDE-LeaderElection25] INFO  impl.RoleInfo (RoleInfo.java:shutdownLeaderElection(121)) - 8eebc958-9398-4984-8b85-05c7775d5731: shutdown 8eebc958-9398-4984-8b85-05c7775d5731@group-3DA7CFC98DDE-LeaderElection25
2021-07-14 22:48:39,097 [8eebc958-9398-4984-8b85-05c7775d5731@group-3DA7CFC98DDE-LeaderElection25] INFO  impl.RoleInfo (RoleInfo.java:updateAndGet(130)) - 8eebc958-9398-4984-8b85-05c7775d5731: start 8eebc958-9398-4984-8b85-05c7775d5731@group-3DA7CFC98DDE-FollowerState
2021-07-14 22:48:39,660 [Listener at 127.0.0.1/45761] INFO  ozone.MiniOzoneClusterImpl (MiniOzoneClusterImpl.java:lambda$waitForClusterToBeReady$0(230)) - Nodes are ready. Got 3 of 3 DN Heartbeats.
2021-07-14 22:48:39,661 [Listener at 127.0.0.1/45761] INFO  ozone.MiniOzoneClusterImpl (MiniOzoneClusterImpl.java:lambda$waitForClusterToBeReady$0(233)) - Waiting for cluster to exit safe mode
2021-07-14 22:48:39,661 [Listener at 127.0.0.1/45761] INFO  ozone.MiniOzoneClusterImpl (MiniOzoneClusterImpl.java:lambda$waitForClusterToBeReady$0(235)) - SCM became leader
2021-07-14 22:48:40,662 [Listener at 127.0.0.1/45761] INFO  ozone.MiniOzoneClusterImpl (MiniOzoneClusterImpl.java:lambda$waitForClusterToBeReady$0(230)) - Nodes are ready. Got 3 of 3 DN Heartbeats.
2021-07-14 22:48:40,662 [Listener at 127.0.0.1/45761] INFO  ozone.MiniOzoneClusterImpl (MiniOzoneClusterImpl.java:lambda$waitForClusterToBeReady$0(233)) - Waiting for cluster to exit safe mode
2021-07-14 22:48:40,662 [Listener at 127.0.0.1/45761] INFO  ozone.MiniOzoneClusterImpl (MiniOzoneClusterImpl.java:lambda$waitForClusterToBeReady$0(235)) - SCM became leader
2021-07-14 22:48:41,662 [Listener at 127.0.0.1/45761] INFO  ozone.MiniOzoneClusterImpl (MiniOzoneClusterImpl.java:lambda$waitForClusterToBeReady$0(230)) - Nodes are ready. Got 3 of 3 DN Heartbeats.
2021-07-14 22:48:41,662 [Listener at 127.0.0.1/45761] INFO  ozone.MiniOzoneClusterImpl (MiniOzoneClusterImpl.java:lambda$waitForClusterToBeReady$0(233)) - Waiting for cluster to exit safe mode
2021-07-14 22:48:41,662 [Listener at 127.0.0.1/45761] INFO  ozone.MiniOzoneClusterImpl (MiniOzoneClusterImpl.java:lambda$waitForClusterToBeReady$0(235)) - SCM became leader
2021-07-14 22:48:42,662 [Listener at 127.0.0.1/45761] INFO  ozone.MiniOzoneClusterImpl (MiniOzoneClusterImpl.java:lambda$waitForClusterToBeReady$0(230)) - Nodes are ready. Got 3 of 3 DN Heartbeats.
2021-07-14 22:48:42,663 [Listener at 127.0.0.1/45761] INFO  ozone.MiniOzoneClusterImpl (MiniOzoneClusterImpl.java:lambda$waitForClusterToBeReady$0(233)) - Waiting for cluster to exit safe mode
2021-07-14 22:48:42,663 [Listener at 127.0.0.1/45761] INFO  ozone.MiniOzoneClusterImpl (MiniOzoneClusterImpl.java:lambda$waitForClusterToBeReady$0(235)) - SCM became leader
2021-07-14 22:48:43,663 [Listener at 127.0.0.1/45761] INFO  ozone.MiniOzoneClusterImpl (MiniOzoneClusterImpl.java:lambda$waitForClusterToBeReady$0(230)) - Nodes are ready. Got 3 of 3 DN Heartbeats.
2021-07-14 22:48:43,663 [Listener at 127.0.0.1/45761] INFO  ozone.MiniOzoneClusterImpl (MiniOzoneClusterImpl.java:lambda$waitForClusterToBeReady$0(233)) - Waiting for cluster to exit safe mode
2021-07-14 22:48:43,663 [Listener at 127.0.0.1/45761] INFO  ozone.MiniOzoneClusterImpl (MiniOzoneClusterImpl.java:lambda$waitForClusterToBeReady$0(235)) - SCM became leader
2021-07-14 22:48:44,271 [8eebc958-9398-4984-8b85-05c7775d5731@group-3DA7CFC98DDE-FollowerState] INFO  impl.FollowerState (FollowerState.java:run(134)) - 8eebc958-9398-4984-8b85-05c7775d5731@group-3DA7CFC98DDE-FollowerState: change to CANDIDATE, lastRpcElapsedTime:5173558603ns, electionTimeout:5173ms
2021-07-14 22:48:44,271 [8eebc958-9398-4984-8b85-05c7775d5731@group-3DA7CFC98DDE-FollowerState] INFO  impl.RoleInfo (RoleInfo.java:shutdownFollowerState(108)) - 8eebc958-9398-4984-8b85-05c7775d5731: shutdown 8eebc958-9398-4984-8b85-05c7775d5731@group-3DA7CFC98DDE-FollowerState
2021-07-14 22:48:44,271 [8eebc958-9398-4984-8b85-05c7775d5731@group-3DA7CFC98DDE-FollowerState] INFO  server.RaftServer$Division (RaftServerImpl.java:setRole(284)) - 8eebc958-9398-4984-8b85-05c7775d5731@group-3DA7CFC98DDE: changes role from  FOLLOWER to CANDIDATE at term 11 for changeToCandidate
2021-07-14 22:48:44,271 [8eebc958-9398-4984-8b85-05c7775d5731@group-3DA7CFC98DDE-FollowerState] INFO  server.RaftServerConfigKeys (ConfUtils.java:logGet(44)) - raft.server.leaderelection.pre-vote = false (custom)
2021-07-14 22:48:44,271 [8eebc958-9398-4984-8b85-05c7775d5731@group-3DA7CFC98DDE-FollowerState] INFO  impl.RoleInfo (RoleInfo.java:updateAndGet(130)) - 8eebc958-9398-4984-8b85-05c7775d5731: start 8eebc958-9398-4984-8b85-05c7775d5731@group-3DA7CFC98DDE-LeaderElection26
2021-07-14 22:48:44,274 [8eebc958-9398-4984-8b85-05c7775d5731@group-3DA7CFC98DDE-LeaderElection26] INFO  impl.LeaderElection (LeaderElection.java:askForVotes(306)) - 8eebc958-9398-4984-8b85-05c7775d5731@group-3DA7CFC98DDE-LeaderElection26 ELECTION round 0: submit vote requests at term 12 for -1: [8c203391-d7bf-416a-8a2d-d45edeb19bdd|rpc:10.1.0.26:41361|dataStream:|priority:0, 13cc7e77-570e-489a-8f95-9257e310d74c|rpc:10.1.0.26:36681|dataStream:|priority:1, 8eebc958-9398-4984-8b85-05c7775d5731|rpc:10.1.0.26:46601|dataStream:|priority:0], old=null
2021-07-14 22:48:44,276 [13cc7e77-570e-489a-8f95-9257e310d74c@group-3DA7CFC98DDE-FollowerState] INFO  impl.FollowerState (FollowerState.java:run(134)) - 13cc7e77-570e-489a-8f95-9257e310d74c@group-3DA7CFC98DDE-FollowerState: change to CANDIDATE, lastRpcElapsedTime:5184055936ns, electionTimeout:5179ms
2021-07-14 22:48:44,276 [13cc7e77-570e-489a-8f95-9257e310d74c@group-3DA7CFC98DDE-FollowerState] INFO  impl.RoleInfo (RoleInfo.java:shutdownFollowerState(108)) - 13cc7e77-570e-489a-8f95-9257e310d74c: shutdown 13cc7e77-570e-489a-8f95-9257e310d74c@group-3DA7CFC98DDE-FollowerState
2021-07-14 22:48:44,276 [13cc7e77-570e-489a-8f95-9257e310d74c@group-3DA7CFC98DDE-FollowerState] INFO  server.RaftServer$Division (RaftServerImpl.java:setRole(284)) - 13cc7e77-570e-489a-8f95-9257e310d74c@group-3DA7CFC98DDE: changes role from  FOLLOWER to CANDIDATE at term 11 for changeToCandidate
2021-07-14 22:48:44,276 [13cc7e77-570e-489a-8f95-9257e310d74c@group-3DA7CFC98DDE-FollowerState] INFO  server.RaftServerConfigKeys (ConfUtils.java:logGet(44)) - raft.server.leaderelection.pre-vote = false (custom)
2021-07-14 22:48:44,276 [13cc7e77-570e-489a-8f95-9257e310d74c@group-3DA7CFC98DDE-FollowerState] INFO  impl.RoleInfo (RoleInfo.java:updateAndGet(130)) - 13cc7e77-570e-489a-8f95-9257e310d74c: start 13cc7e77-570e-489a-8f95-9257e310d74c@group-3DA7CFC98DDE-LeaderElection27
2021-07-14 22:48:44,287 [13cc7e77-570e-489a-8f95-9257e310d74c@group-3DA7CFC98DDE-LeaderElection27] INFO  impl.LeaderElection (LeaderElection.java:askForVotes(306)) - 13cc7e77-570e-489a-8f95-9257e310d74c@group-3DA7CFC98DDE-LeaderElection27 ELECTION round 0: submit vote requests at term 12 for -1: [8c203391-d7bf-416a-8a2d-d45edeb19bdd|rpc:10.1.0.26:41361|dataStream:|priority:0, 13cc7e77-570e-489a-8f95-9257e310d74c|rpc:10.1.0.26:36681|dataStream:|priority:1, 8eebc958-9398-4984-8b85-05c7775d5731|rpc:10.1.0.26:46601|dataStream:|priority:0], old=null
2021-07-14 22:48:44,288 [grpc-default-executor-1] INFO  server.RaftServer$Division (RaftServerImpl.java:requestVote(1042)) - 13cc7e77-570e-489a-8f95-9257e310d74c@group-3DA7CFC98DDE: receive requestVote(ELECTION, 8eebc958-9398-4984-8b85-05c7775d5731, group-3DA7CFC98DDE, 12, (t:0, i:0))
2021-07-14 22:48:44,289 [grpc-default-executor-1] INFO  impl.VoteContext (VoteContext.java:log(48)) - 13cc7e77-570e-489a-8f95-9257e310d74c@group-3DA7CFC98DDE-CANDIDATE: reject ELECTION from 8eebc958-9398-4984-8b85-05c7775d5731: already has voted for 13cc7e77-570e-489a-8f95-9257e310d74c at current term 12
2021-07-14 22:48:44,289 [grpc-default-executor-1] INFO  server.RaftServer$Division (RaftServerImpl.java:requestVote(1074)) - 13cc7e77-570e-489a-8f95-9257e310d74c@group-3DA7CFC98DDE replies to ELECTION vote request: 8eebc958-9398-4984-8b85-05c7775d5731<-13cc7e77-570e-489a-8f95-9257e310d74c#0:FAIL-t12. Peer's state: 13cc7e77-570e-489a-8f95-9257e310d74c@group-3DA7CFC98DDE:t12, leader=null, voted=13cc7e77-570e-489a-8f95-9257e310d74c, raftlog=13cc7e77-570e-489a-8f95-9257e310d74c@group-3DA7CFC98DDE-SegmentedRaftLog:OPENED:c-1,f-1,i0, conf=-1: [8c203391-d7bf-416a-8a2d-d45edeb19bdd|rpc:10.1.0.26:41361|dataStream:|priority:0, 13cc7e77-570e-489a-8f95-9257e310d74c|rpc:10.1.0.26:36681|dataStream:|priority:1, 8eebc958-9398-4984-8b85-05c7775d5731|rpc:10.1.0.26:46601|dataStream:|priority:0], old=null
2021-07-14 22:48:44,288 [grpc-default-executor-0] INFO  server.RaftServer$Division (RaftServerImpl.java:requestVote(1042)) - 8c203391-d7bf-416a-8a2d-d45edeb19bdd@group-3DA7CFC98DDE: receive requestVote(ELECTION, 8eebc958-9398-4984-8b85-05c7775d5731, group-3DA7CFC98DDE, 12, (t:0, i:0))
2021-07-14 22:48:44,292 [grpc-default-executor-0] INFO  impl.VoteContext (VoteContext.java:log(48)) - 8c203391-d7bf-416a-8a2d-d45edeb19bdd@group-3DA7CFC98DDE-FOLLOWER: accept ELECTION from 8eebc958-9398-4984-8b85-05c7775d5731: our priority 0 <= candidate's priority 0
2021-07-14 22:48:44,292 [grpc-default-executor-0] INFO  server.RaftServer$Division (RaftServerImpl.java:setRole(284)) - 8c203391-d7bf-416a-8a2d-d45edeb19bdd@group-3DA7CFC98DDE: changes role from  FOLLOWER to FOLLOWER at term 12 for candidate:8eebc958-9398-4984-8b85-05c7775d5731
2021-07-14 22:48:44,292 [grpc-default-executor-0] INFO  impl.RoleInfo (RoleInfo.java:shutdownFollowerState(108)) - 8c203391-d7bf-416a-8a2d-d45edeb19bdd: shutdown 8c203391-d7bf-416a-8a2d-d45edeb19bdd@group-3DA7CFC98DDE-FollowerState
2021-07-14 22:48:44,292 [grpc-default-executor-0] INFO  impl.RoleInfo (RoleInfo.java:updateAndGet(130)) - 8c203391-d7bf-416a-8a2d-d45edeb19bdd: start 8c203391-d7bf-416a-8a2d-d45edeb19bdd@group-3DA7CFC98DDE-FollowerState
2021-07-14 22:48:44,292 [8c203391-d7bf-416a-8a2d-d45edeb19bdd@group-3DA7CFC98DDE-FollowerState] INFO  impl.FollowerState (FollowerState.java:run(143)) - 8c203391-d7bf-416a-8a2d-d45edeb19bdd@group-3DA7CFC98DDE-FollowerState was interrupted: {}
java.lang.InterruptedException: sleep interrupted
	at java.lang.Thread.sleep(Native Method)
	at java.lang.Thread.sleep(Thread.java:340)
	at java.util.concurrent.TimeUnit.sleep(TimeUnit.java:386)
	at org.apache.ratis.util.TimeDuration.sleep(TimeDuration.java:324)
	at org.apache.ratis.util.TimeDuration.sleep(TimeDuration.java:309)
	at org.apache.ratis.server.impl.FollowerState.run(FollowerState.java:118)
2021-07-14 22:48:44,296 [grpc-default-executor-0] INFO  server.RaftServer$Division (RaftServerImpl.java:requestVote(1074)) - 8c203391-d7bf-416a-8a2d-d45edeb19bdd@group-3DA7CFC98DDE replies to ELECTION vote request: 8eebc958-9398-4984-8b85-05c7775d5731<-8c203391-d7bf-416a-8a2d-d45edeb19bdd#0:OK-t12. Peer's state: 8c203391-d7bf-416a-8a2d-d45edeb19bdd@group-3DA7CFC98DDE:t12, leader=null, voted=8eebc958-9398-4984-8b85-05c7775d5731, raftlog=8c203391-d7bf-416a-8a2d-d45edeb19bdd@group-3DA7CFC98DDE-SegmentedRaftLog:OPENED:c-1,f-1,i0, conf=-1: [8c203391-d7bf-416a-8a2d-d45edeb19bdd|rpc:10.1.0.26:41361|priority:0, 13cc7e77-570e-489a-8f95-9257e310d74c|rpc:10.1.0.26:36681|priority:1, 8eebc958-9398-4984-8b85-05c7775d5731|rpc:10.1.0.26:46601|priority:0], old=null
2021-07-14 22:48:44,298 [8eebc958-9398-4984-8b85-05c7775d5731@group-3DA7CFC98DDE-LeaderElection26] INFO  impl.LeaderElection (LeaderElection.java:logAndReturn(89)) - 8eebc958-9398-4984-8b85-05c7775d5731@group-3DA7CFC98DDE-LeaderElection26: ELECTION REJECTED received 1 response(s) and 0 exception(s):
2021-07-14 22:48:44,298 [8eebc958-9398-4984-8b85-05c7775d5731@group-3DA7CFC98DDE-LeaderElection26] INFO  impl.LeaderElection (LeaderElection.java:logAndReturn(93)) -   Response 0: 8eebc958-9398-4984-8b85-05c7775d5731<-13cc7e77-570e-489a-8f95-9257e310d74c#0:FAIL-t12
2021-07-14 22:48:44,298 [8eebc958-9398-4984-8b85-05c7775d5731@group-3DA7CFC98DDE-LeaderElection26] INFO  impl.LeaderElection (LeaderElection.java:askForVotes(308)) - 8eebc958-9398-4984-8b85-05c7775d5731@group-3DA7CFC98DDE-LeaderElection26 ELECTION round 0: result REJECTED
2021-07-14 22:48:44,298 [8eebc958-9398-4984-8b85-05c7775d5731@group-3DA7CFC98DDE-LeaderElection26] INFO  server.RaftServer$Division (RaftServerImpl.java:setRole(284)) - 8eebc958-9398-4984-8b85-05c7775d5731@group-3DA7CFC98DDE: changes role from CANDIDATE to FOLLOWER at term 12 for REJECTED
2021-07-14 22:48:44,298 [8eebc958-9398-4984-8b85-05c7775d5731@group-3DA7CFC98DDE-LeaderElection26] INFO  impl.RoleInfo (RoleInfo.java:shutdownLeaderElection(121)) - 8eebc958-9398-4984-8b85-05c7775d5731: shutdown 8eebc958-9398-4984-8b85-05c7775d5731@group-3DA7CFC98DDE-LeaderElection26
2021-07-14 22:48:44,298 [8eebc958-9398-4984-8b85-05c7775d5731@group-3DA7CFC98DDE-LeaderElection26] INFO  impl.RoleInfo (RoleInfo.java:updateAndGet(130)) - 8eebc958-9398-4984-8b85-05c7775d5731: start 8eebc958-9398-4984-8b85-05c7775d5731@group-3DA7CFC98DDE-FollowerState
2021-07-14 22:48:44,306 [grpc-default-executor-0] INFO  server.RaftServer$Division (RaftServerImpl.java:requestVote(1042)) - 8eebc958-9398-4984-8b85-05c7775d5731@group-3DA7CFC98DDE: receive requestVote(ELECTION, 13cc7e77-570e-489a-8f95-9257e310d74c, group-3DA7CFC98DDE, 12, (t:0, i:0))
2021-07-14 22:48:44,306 [grpc-default-executor-0] INFO  impl.VoteContext (VoteContext.java:log(48)) - 8eebc958-9398-4984-8b85-05c7775d5731@group-3DA7CFC98DDE-FOLLOWER: reject ELECTION from 13cc7e77-570e-489a-8f95-9257e310d74c: already has voted for 8eebc958-9398-4984-8b85-05c7775d5731 at current term 12
2021-07-14 22:48:44,306 [grpc-default-executor-0] INFO  server.RaftServer$Division (RaftServerImpl.java:requestVote(1074)) - 8eebc958-9398-4984-8b85-05c7775d5731@group-3DA7CFC98DDE replies to ELECTION vote request: 13cc7e77-570e-489a-8f95-9257e310d74c<-8eebc958-9398-4984-8b85-05c7775d5731#0:FAIL-t12. Peer's state: 8eebc958-9398-4984-8b85-05c7775d5731@group-3DA7CFC98DDE:t12, leader=null, voted=8eebc958-9398-4984-8b85-05c7775d5731, raftlog=8eebc958-9398-4984-8b85-05c7775d5731@group-3DA7CFC98DDE-SegmentedRaftLog:OPENED:c-1,f-1,i0, conf=-1: [8c203391-d7bf-416a-8a2d-d45edeb19bdd|rpc:10.1.0.26:41361|dataStream:|priority:0, 13cc7e77-570e-489a-8f95-9257e310d74c|rpc:10.1.0.26:36681|dataStream:|priority:1, 8eebc958-9398-4984-8b85-05c7775d5731|rpc:10.1.0.26:46601|dataStream:|priority:0], old=null
2021-07-14 22:48:44,316 [grpc-default-executor-0] INFO  server.RaftServer$Division (RaftServerImpl.java:requestVote(1042)) - 8c203391-d7bf-416a-8a2d-d45edeb19bdd@group-3DA7CFC98DDE: receive requestVote(ELECTION, 13cc7e77-570e-489a-8f95-9257e310d74c, group-3DA7CFC98DDE, 12, (t:0, i:0))
2021-07-14 22:48:44,316 [grpc-default-executor-0] INFO  impl.VoteContext (VoteContext.java:log(48)) - 8c203391-d7bf-416a-8a2d-d45edeb19bdd@group-3DA7CFC98DDE-FOLLOWER: reject ELECTION from 13cc7e77-570e-489a-8f95-9257e310d74c: already has voted for 8eebc958-9398-4984-8b85-05c7775d5731 at current term 12
2021-07-14 22:48:44,316 [grpc-default-executor-0] INFO  server.RaftServer$Division (RaftServerImpl.java:requestVote(1074)) - 8c203391-d7bf-416a-8a2d-d45edeb19bdd@group-3DA7CFC98DDE replies to ELECTION vote request: 13cc7e77-570e-489a-8f95-9257e310d74c<-8c203391-d7bf-416a-8a2d-d45edeb19bdd#0:FAIL-t12. Peer's state: 8c203391-d7bf-416a-8a2d-d45edeb19bdd@group-3DA7CFC98DDE:t12, leader=null, voted=8eebc958-9398-4984-8b85-05c7775d5731, raftlog=8c203391-d7bf-416a-8a2d-d45edeb19bdd@group-3DA7CFC98DDE-SegmentedRaftLog:OPENED:c-1,f-1,i0, conf=-1: [8c203391-d7bf-416a-8a2d-d45edeb19bdd|rpc:10.1.0.26:41361|priority:0, 13cc7e77-570e-489a-8f95-9257e310d74c|rpc:10.1.0.26:36681|priority:1, 8eebc958-9398-4984-8b85-05c7775d5731|rpc:10.1.0.26:46601|priority:0], old=null
2021-07-14 22:48:44,318 [13cc7e77-570e-489a-8f95-9257e310d74c@group-3DA7CFC98DDE-LeaderElection27] INFO  impl.LeaderElection (LeaderElection.java:logAndReturn(89)) - 13cc7e77-570e-489a-8f95-9257e310d74c@group-3DA7CFC98DDE-LeaderElection27: ELECTION REJECTED received 2 response(s) and 0 exception(s):
2021-07-14 22:48:44,318 [13cc7e77-570e-489a-8f95-9257e310d74c@group-3DA7CFC98DDE-LeaderElection27] INFO  impl.LeaderElection (LeaderElection.java:logAndReturn(93)) -   Response 0: 13cc7e77-570e-489a-8f95-9257e310d74c<-8c203391-d7bf-416a-8a2d-d45edeb19bdd#0:FAIL-t12
2021-07-14 22:48:44,318 [13cc7e77-570e-489a-8f95-9257e310d74c@group-3DA7CFC98DDE-LeaderElection27] INFO  impl.LeaderElection (LeaderElection.java:logAndReturn(93)) -   Response 1: 13cc7e77-570e-489a-8f95-9257e310d74c<-8eebc958-9398-4984-8b85-05c7775d5731#0:FAIL-t12
2021-07-14 22:48:44,318 [13cc7e77-570e-489a-8f95-9257e310d74c@group-3DA7CFC98DDE-LeaderElection27] INFO  impl.LeaderElection (LeaderElection.java:askForVotes(308)) - 13cc7e77-570e-489a-8f95-9257e310d74c@group-3DA7CFC98DDE-LeaderElection27 ELECTION round 0: result REJECTED
2021-07-14 22:48:44,318 [13cc7e77-570e-489a-8f95-9257e310d74c@group-3DA7CFC98DDE-LeaderElection27] INFO  server.RaftServer$Division (RaftServerImpl.java:setRole(284)) - 13cc7e77-570e-489a-8f95-9257e310d74c@group-3DA7CFC98DDE: changes role from CANDIDATE to FOLLOWER at term 12 for REJECTED
2021-07-14 22:48:44,319 [13cc7e77-570e-489a-8f95-9257e310d74c@group-3DA7CFC98DDE-LeaderElection27] INFO  impl.RoleInfo (RoleInfo.java:shutdownLeaderElection(121)) - 13cc7e77-570e-489a-8f95-9257e310d74c: shutdown 13cc7e77-570e-489a-8f95-9257e310d74c@group-3DA7CFC98DDE-LeaderElection27
2021-07-14 22:48:44,319 [13cc7e77-570e-489a-8f95-9257e310d74c@group-3DA7CFC98DDE-LeaderElection27] INFO  impl.RoleInfo (RoleInfo.java:updateAndGet(130)) - 13cc7e77-570e-489a-8f95-9257e310d74c: start 13cc7e77-570e-489a-8f95-9257e310d74c@group-3DA7CFC98DDE-FollowerState
2021-07-14 22:48:44,664 [Listener at 127.0.0.1/45761] INFO  ozone.MiniOzoneClusterImpl (MiniOzoneClusterImpl.java:lambda$waitForClusterToBeReady$0(230)) - Nodes are ready. Got 3 of 3 DN Heartbeats.
2021-07-14 22:48:44,665 [Listener at 127.0.0.1/45761] INFO  ozone.MiniOzoneClusterImpl (MiniOzoneClusterImpl.java:lambda$waitForClusterToBeReady$0(233)) - Waiting for cluster to exit safe mode
2021-07-14 22:48:44,665 [Listener at 127.0.0.1/45761] INFO  ozone.MiniOzoneClusterImpl (MiniOzoneClusterImpl.java:lambda$waitForClusterToBeReady$0(235)) - SCM became leader
2021-07-14 22:48:45,665 [Listener at 127.0.0.1/45761] INFO  ozone.MiniOzoneClusterImpl (MiniOzoneClusterImpl.java:lambda$waitForClusterToBeReady$0(230)) - Nodes are ready. Got 3 of 3 DN Heartbeats.
2021-07-14 22:48:45,665 [Listener at 127.0.0.1/45761] INFO  ozone.MiniOzoneClusterImpl (MiniOzoneClusterImpl.java:lambda$waitForClusterToBeReady$0(233)) - Waiting for cluster to exit safe mode
2021-07-14 22:48:45,665 [Listener at 127.0.0.1/45761] INFO  ozone.MiniOzoneClusterImpl (MiniOzoneClusterImpl.java:lambda$waitForClusterToBeReady$0(235)) - SCM became leader
2021-07-14 22:48:46,665 [Listener at 127.0.0.1/45761] INFO  ozone.MiniOzoneClusterImpl (MiniOzoneClusterImpl.java:lambda$waitForClusterToBeReady$0(230)) - Nodes are ready. Got 3 of 3 DN Heartbeats.
2021-07-14 22:48:46,666 [Listener at 127.0.0.1/45761] INFO  ozone.MiniOzoneClusterImpl (MiniOzoneClusterImpl.java:lambda$waitForClusterToBeReady$0(233)) - Waiting for cluster to exit safe mode
2021-07-14 22:48:46,666 [Listener at 127.0.0.1/45761] INFO  ozone.MiniOzoneClusterImpl (MiniOzoneClusterImpl.java:lambda$waitForClusterToBeReady$0(235)) - SCM became leader
2021-07-14 22:48:47,666 [Listener at 127.0.0.1/45761] INFO  ozone.MiniOzoneClusterImpl (MiniOzoneClusterImpl.java:lambda$waitForClusterToBeReady$0(230)) - Nodes are ready. Got 3 of 3 DN Heartbeats.
2021-07-14 22:48:47,666 [Listener at 127.0.0.1/45761] INFO  ozone.MiniOzoneClusterImpl (MiniOzoneClusterImpl.java:lambda$waitForClusterToBeReady$0(233)) - Waiting for cluster to exit safe mode
2021-07-14 22:48:47,666 [Listener at 127.0.0.1/45761] INFO  ozone.MiniOzoneClusterImpl (MiniOzoneClusterImpl.java:lambda$waitForClusterToBeReady$0(235)) - SCM became leader
2021-07-14 22:48:48,666 [Listener at 127.0.0.1/45761] INFO  ozone.MiniOzoneClusterImpl (MiniOzoneClusterImpl.java:lambda$waitForClusterToBeReady$0(230)) - Nodes are ready. Got 3 of 3 DN Heartbeats.
2021-07-14 22:48:48,666 [Listener at 127.0.0.1/45761] INFO  ozone.MiniOzoneClusterImpl (MiniOzoneClusterImpl.java:lambda$waitForClusterToBeReady$0(233)) - Waiting for cluster to exit safe mode
2021-07-14 22:48:48,666 [Listener at 127.0.0.1/45761] INFO  ozone.MiniOzoneClusterImpl (MiniOzoneClusterImpl.java:lambda$waitForClusterToBeReady$0(235)) - SCM became leader
2021-07-14 22:48:49,443 [13cc7e77-570e-489a-8f95-9257e310d74c@group-3DA7CFC98DDE-FollowerState] INFO  impl.FollowerState (FollowerState.java:run(134)) - 13cc7e77-570e-489a-8f95-9257e310d74c@group-3DA7CFC98DDE-FollowerState: change to CANDIDATE, lastRpcElapsedTime:5124435354ns, electionTimeout:5124ms
2021-07-14 22:48:49,443 [13cc7e77-570e-489a-8f95-9257e310d74c@group-3DA7CFC98DDE-FollowerState] INFO  impl.RoleInfo (RoleInfo.java:shutdownFollowerState(108)) - 13cc7e77-570e-489a-8f95-9257e310d74c: shutdown 13cc7e77-570e-489a-8f95-9257e310d74c@group-3DA7CFC98DDE-FollowerState
2021-07-14 22:48:49,443 [13cc7e77-570e-489a-8f95-9257e310d74c@group-3DA7CFC98DDE-FollowerState] INFO  server.RaftServer$Division (RaftServerImpl.java:setRole(284)) - 13cc7e77-570e-489a-8f95-9257e310d74c@group-3DA7CFC98DDE: changes role from  FOLLOWER to CANDIDATE at term 12 for changeToCandidate
2021-07-14 22:48:49,443 [13cc7e77-570e-489a-8f95-9257e310d74c@group-3DA7CFC98DDE-FollowerState] INFO  server.RaftServerConfigKeys (ConfUtils.java:logGet(44)) - raft.server.leaderelection.pre-vote = false (custom)
2021-07-14 22:48:49,443 [13cc7e77-570e-489a-8f95-9257e310d74c@group-3DA7CFC98DDE-FollowerState] INFO  impl.RoleInfo (RoleInfo.java:updateAndGet(130)) - 13cc7e77-570e-489a-8f95-9257e310d74c: start 13cc7e77-570e-489a-8f95-9257e310d74c@group-3DA7CFC98DDE-LeaderElection28
2021-07-14 22:48:49,446 [13cc7e77-570e-489a-8f95-9257e310d74c@group-3DA7CFC98DDE-LeaderElection28] INFO  impl.LeaderElection (LeaderElection.java:askForVotes(306)) - 13cc7e77-570e-489a-8f95-9257e310d74c@group-3DA7CFC98DDE-LeaderElection28 ELECTION round 0: submit vote requests at term 13 for -1: [8c203391-d7bf-416a-8a2d-d45edeb19bdd|rpc:10.1.0.26:41361|dataStream:|priority:0, 13cc7e77-570e-489a-8f95-9257e310d74c|rpc:10.1.0.26:36681|dataStream:|priority:1, 8eebc958-9398-4984-8b85-05c7775d5731|rpc:10.1.0.26:46601|dataStream:|priority:0], old=null
2021-07-14 22:48:49,452 [8eebc958-9398-4984-8b85-05c7775d5731@group-3DA7CFC98DDE-FollowerState] INFO  impl.FollowerState (FollowerState.java:run(134)) - 8eebc958-9398-4984-8b85-05c7775d5731@group-3DA7CFC98DDE-FollowerState: change to CANDIDATE, lastRpcElapsedTime:5153850945ns, electionTimeout:5151ms
2021-07-14 22:48:49,452 [8eebc958-9398-4984-8b85-05c7775d5731@group-3DA7CFC98DDE-FollowerState] INFO  impl.RoleInfo (RoleInfo.java:shutdownFollowerState(108)) - 8eebc958-9398-4984-8b85-05c7775d5731: shutdown 8eebc958-9398-4984-8b85-05c7775d5731@group-3DA7CFC98DDE-FollowerState
2021-07-14 22:48:49,452 [8eebc958-9398-4984-8b85-05c7775d5731@group-3DA7CFC98DDE-FollowerState] INFO  server.RaftServer$Division (RaftServerImpl.java:setRole(284)) - 8eebc958-9398-4984-8b85-05c7775d5731@group-3DA7CFC98DDE: changes role from  FOLLOWER to CANDIDATE at term 12 for changeToCandidate
2021-07-14 22:48:49,452 [8eebc958-9398-4984-8b85-05c7775d5731@group-3DA7CFC98DDE-FollowerState] INFO  server.RaftServerConfigKeys (ConfUtils.java:logGet(44)) - raft.server.leaderelection.pre-vote = false (custom)
2021-07-14 22:48:49,452 [8eebc958-9398-4984-8b85-05c7775d5731@group-3DA7CFC98DDE-FollowerState] INFO  impl.RoleInfo (RoleInfo.java:updateAndGet(130)) - 8eebc958-9398-4984-8b85-05c7775d5731: start 8eebc958-9398-4984-8b85-05c7775d5731@group-3DA7CFC98DDE-LeaderElection29
2021-07-14 22:48:49,456 [grpc-default-executor-0] INFO  server.RaftServer$Division (RaftServerImpl.java:requestVote(1042)) - 8eebc958-9398-4984-8b85-05c7775d5731@group-3DA7CFC98DDE: receive requestVote(ELECTION, 13cc7e77-570e-489a-8f95-9257e310d74c, group-3DA7CFC98DDE, 13, (t:0, i:0))
2021-07-14 22:48:49,456 [grpc-default-executor-0] INFO  impl.VoteContext (VoteContext.java:log(48)) - 8eebc958-9398-4984-8b85-05c7775d5731@group-3DA7CFC98DDE-CANDIDATE: accept ELECTION from 13cc7e77-570e-489a-8f95-9257e310d74c: our priority 0 <= candidate's priority 1
2021-07-14 22:48:49,457 [grpc-default-executor-0] INFO  server.RaftServer$Division (RaftServerImpl.java:setRole(284)) - 8eebc958-9398-4984-8b85-05c7775d5731@group-3DA7CFC98DDE: changes role from CANDIDATE to FOLLOWER at term 13 for candidate:13cc7e77-570e-489a-8f95-9257e310d74c
2021-07-14 22:48:49,457 [grpc-default-executor-0] INFO  impl.RoleInfo (RoleInfo.java:shutdownLeaderElection(121)) - 8eebc958-9398-4984-8b85-05c7775d5731: shutdown 8eebc958-9398-4984-8b85-05c7775d5731@group-3DA7CFC98DDE-LeaderElection29
2021-07-14 22:48:49,457 [grpc-default-executor-0] INFO  impl.RoleInfo (RoleInfo.java:updateAndGet(130)) - 8eebc958-9398-4984-8b85-05c7775d5731: start 8eebc958-9398-4984-8b85-05c7775d5731@group-3DA7CFC98DDE-FollowerState
2021-07-14 22:48:49,457 [grpc-default-executor-1] INFO  server.RaftServer$Division (RaftServerImpl.java:requestVote(1042)) - 8c203391-d7bf-416a-8a2d-d45edeb19bdd@group-3DA7CFC98DDE: receive requestVote(ELECTION, 13cc7e77-570e-489a-8f95-9257e310d74c, group-3DA7CFC98DDE, 13, (t:0, i:0))
2021-07-14 22:48:49,457 [grpc-default-executor-1] INFO  impl.VoteContext (VoteContext.java:log(48)) - 8c203391-d7bf-416a-8a2d-d45edeb19bdd@group-3DA7CFC98DDE-FOLLOWER: accept ELECTION from 13cc7e77-570e-489a-8f95-9257e310d74c: our priority 0 <= candidate's priority 1
2021-07-14 22:48:49,457 [grpc-default-executor-1] INFO  server.RaftServer$Division (RaftServerImpl.java:setRole(284)) - 8c203391-d7bf-416a-8a2d-d45edeb19bdd@group-3DA7CFC98DDE: changes role from  FOLLOWER to FOLLOWER at term 13 for candidate:13cc7e77-570e-489a-8f95-9257e310d74c
2021-07-14 22:48:49,457 [grpc-default-executor-1] INFO  impl.RoleInfo (RoleInfo.java:shutdownFollowerState(108)) - 8c203391-d7bf-416a-8a2d-d45edeb19bdd: shutdown 8c203391-d7bf-416a-8a2d-d45edeb19bdd@group-3DA7CFC98DDE-FollowerState
2021-07-14 22:48:49,457 [grpc-default-executor-1] INFO  impl.RoleInfo (RoleInfo.java:updateAndGet(130)) - 8c203391-d7bf-416a-8a2d-d45edeb19bdd: start 8c203391-d7bf-416a-8a2d-d45edeb19bdd@group-3DA7CFC98DDE-FollowerState
2021-07-14 22:48:49,457 [8c203391-d7bf-416a-8a2d-d45edeb19bdd@group-3DA7CFC98DDE-FollowerState] INFO  impl.FollowerState (FollowerState.java:run(143)) - 8c203391-d7bf-416a-8a2d-d45edeb19bdd@group-3DA7CFC98DDE-FollowerState was interrupted: {}
java.lang.InterruptedException: sleep interrupted
	at java.lang.Thread.sleep(Native Method)
	at java.lang.Thread.sleep(Thread.java:340)
	at java.util.concurrent.TimeUnit.sleep(TimeUnit.java:386)
	at org.apache.ratis.util.TimeDuration.sleep(TimeDuration.java:324)
	at org.apache.ratis.util.TimeDuration.sleep(TimeDuration.java:309)
	at org.apache.ratis.server.impl.FollowerState.run(FollowerState.java:118)
2021-07-14 22:48:49,467 [grpc-default-executor-0] INFO  server.RaftServer$Division (RaftServerImpl.java:requestVote(1074)) - 8eebc958-9398-4984-8b85-05c7775d5731@group-3DA7CFC98DDE replies to ELECTION vote request: 13cc7e77-570e-489a-8f95-9257e310d74c<-8eebc958-9398-4984-8b85-05c7775d5731#0:OK-t13. Peer's state: 8eebc958-9398-4984-8b85-05c7775d5731@group-3DA7CFC98DDE:t13, leader=null, voted=13cc7e77-570e-489a-8f95-9257e310d74c, raftlog=8eebc958-9398-4984-8b85-05c7775d5731@group-3DA7CFC98DDE-SegmentedRaftLog:OPENED:c-1,f-1,i0, conf=-1: [8c203391-d7bf-416a-8a2d-d45edeb19bdd|rpc:10.1.0.26:41361|dataStream:|priority:0, 13cc7e77-570e-489a-8f95-9257e310d74c|rpc:10.1.0.26:36681|dataStream:|priority:1, 8eebc958-9398-4984-8b85-05c7775d5731|rpc:10.1.0.26:46601|dataStream:|priority:0], old=null
2021-07-14 22:48:49,469 [grpc-default-executor-1] INFO  server.RaftServer$Division (RaftServerImpl.java:requestVote(1074)) - 8c203391-d7bf-416a-8a2d-d45edeb19bdd@group-3DA7CFC98DDE replies to ELECTION vote request: 13cc7e77-570e-489a-8f95-9257e310d74c<-8c203391-d7bf-416a-8a2d-d45edeb19bdd#0:OK-t13. Peer's state: 8c203391-d7bf-416a-8a2d-d45edeb19bdd@group-3DA7CFC98DDE:t13, leader=null, voted=13cc7e77-570e-489a-8f95-9257e310d74c, raftlog=8c203391-d7bf-416a-8a2d-d45edeb19bdd@group-3DA7CFC98DDE-SegmentedRaftLog:OPENED:c-1,f-1,i0, conf=-1: [8c203391-d7bf-416a-8a2d-d45edeb19bdd|rpc:10.1.0.26:41361|priority:0, 13cc7e77-570e-489a-8f95-9257e310d74c|rpc:10.1.0.26:36681|priority:1, 8eebc958-9398-4984-8b85-05c7775d5731|rpc:10.1.0.26:46601|priority:0], old=null
2021-07-14 22:48:49,469 [13cc7e77-570e-489a-8f95-9257e310d74c@group-3DA7CFC98DDE-LeaderElection28] INFO  impl.LeaderElection (LeaderElection.java:logAndReturn(89)) - 13cc7e77-570e-489a-8f95-9257e310d74c@group-3DA7CFC98DDE-LeaderElection28: ELECTION PASSED received 1 response(s) and 0 exception(s):
2021-07-14 22:48:49,470 [13cc7e77-570e-489a-8f95-9257e310d74c@group-3DA7CFC98DDE-LeaderElection28] INFO  impl.LeaderElection (LeaderElection.java:logAndReturn(93)) -   Response 0: 13cc7e77-570e-489a-8f95-9257e310d74c<-8eebc958-9398-4984-8b85-05c7775d5731#0:OK-t13
2021-07-14 22:48:49,470 [13cc7e77-570e-489a-8f95-9257e310d74c@group-3DA7CFC98DDE-LeaderElection28] INFO  impl.LeaderElection (LeaderElection.java:askForVotes(308)) - 13cc7e77-570e-489a-8f95-9257e310d74c@group-3DA7CFC98DDE-LeaderElection28 ELECTION round 0: result PASSED
2021-07-14 22:48:49,470 [13cc7e77-570e-489a-8f95-9257e310d74c@group-3DA7CFC98DDE-LeaderElection28] INFO  impl.RoleInfo (RoleInfo.java:shutdownLeaderElection(121)) - 13cc7e77-570e-489a-8f95-9257e310d74c: shutdown 13cc7e77-570e-489a-8f95-9257e310d74c@group-3DA7CFC98DDE-LeaderElection28
2021-07-14 22:48:49,470 [13cc7e77-570e-489a-8f95-9257e310d74c@group-3DA7CFC98DDE-LeaderElection28] INFO  server.RaftServer$Division (RaftServerImpl.java:setRole(284)) - 13cc7e77-570e-489a-8f95-9257e310d74c@group-3DA7CFC98DDE: changes role from CANDIDATE to LEADER at term 13 for changeToLeader
2021-07-14 22:48:49,470 [13cc7e77-570e-489a-8f95-9257e310d74c@group-3DA7CFC98DDE-LeaderElection28] INFO  ratis.XceiverServerRatis (XceiverServerRatis.java:handleLeaderChangedNotification(857)) - Leader change notification received for group: group-3DA7CFC98DDE with new leaderId: 13cc7e77-570e-489a-8f95-9257e310d74c
2021-07-14 22:48:49,470 [13cc7e77-570e-489a-8f95-9257e310d74c@group-3DA7CFC98DDE-LeaderElection28] INFO  server.RaftServer$Division (ServerState.java:setLeader(271)) - 13cc7e77-570e-489a-8f95-9257e310d74c@group-3DA7CFC98DDE: change Leader from null to 13cc7e77-570e-489a-8f95-9257e310d74c at term 13 for becomeLeader, leader elected after 66149ms
2021-07-14 22:48:49,470 [13cc7e77-570e-489a-8f95-9257e310d74c@group-3DA7CFC98DDE-LeaderElection28] INFO  server.RaftServerConfigKeys (ConfUtils.java:logGet(44)) - raft.server.staging.catchup.gap = 1000 (default)
2021-07-14 22:48:49,470 [13cc7e77-570e-489a-8f95-9257e310d74c@group-3DA7CFC98DDE-LeaderElection28] INFO  metrics.RatisMetrics (RatisMetrics.java:lambda$create$0(36)) - Creating Metrics Registry : ratis.log_appender.13cc7e77-570e-489a-8f95-9257e310d74c@group-3DA7CFC98DDE
2021-07-14 22:48:49,470 [13cc7e77-570e-489a-8f95-9257e310d74c@group-3DA7CFC98DDE-LeaderElection28] INFO  server.RaftServerConfigKeys (ConfUtils.java:logGet(44)) - raft.server.write.element-limit = 1024 (custom)
2021-07-14 22:48:49,470 [13cc7e77-570e-489a-8f95-9257e310d74c@group-3DA7CFC98DDE-LeaderElection28] INFO  server.RaftServerConfigKeys (ConfUtils.java:logGet(44)) - raft.server.write.byte-limit = 1073741824 (custom)
2021-07-14 22:48:49,471 [13cc7e77-570e-489a-8f95-9257e310d74c@group-3DA7CFC98DDE-LeaderElection28] INFO  server.RaftServerConfigKeys (ConfUtils.java:logGet(44)) - raft.server.watch.timeout = 180s (custom)
2021-07-14 22:48:49,471 [13cc7e77-570e-489a-8f95-9257e310d74c@group-3DA7CFC98DDE-LeaderElection28] INFO  server.RaftServerConfigKeys (ConfUtils.java:logGet(44)) - raft.server.watch.timeout.denomination = 1s (default)
2021-07-14 22:48:49,471 [13cc7e77-570e-489a-8f95-9257e310d74c@group-3DA7CFC98DDE-LeaderElection28] INFO  server.RaftServerConfigKeys (ConfUtils.java:logGet(44)) - raft.server.watch.element-limit = 65536 (default)
2021-07-14 22:48:49,471 [13cc7e77-570e-489a-8f95-9257e310d74c@group-3DA7CFC98DDE-LeaderElection28] INFO  server.RaftServerConfigKeys (ConfUtils.java:logGet(44)) - raft.server.log.appender.snapshot.chunk.size.max = 16MB (=16777216) (default)
2021-07-14 22:48:49,472 [13cc7e77-570e-489a-8f95-9257e310d74c@group-3DA7CFC98DDE-LeaderElection28] INFO  server.RaftServerConfigKeys (ConfUtils.java:logGet(44)) - raft.server.log.appender.buffer.byte-limit = 33554432 (custom)
2021-07-14 22:48:49,472 [13cc7e77-570e-489a-8f95-9257e310d74c@group-3DA7CFC98DDE-LeaderElection28] INFO  server.RaftServerConfigKeys (ConfUtils.java:logGet(44)) - raft.server.log.appender.buffer.element-limit = 1 (custom)
2021-07-14 22:48:49,472 [EventQueue-PipelineReportForPipelineReportHandler] INFO  pipeline.PipelineManagerV2Impl (PipelineManagerV2Impl.java:openPipeline(283)) - Pipeline Pipeline[ Id: a87e27fb-2904-4402-887c-3da7cfc98dde, Nodes: 13cc7e77-570e-489a-8f95-9257e310d74c{ip: 10.1.0.26, host: fv-az122-479.zf1tlrj3kn4expqppa1j4mpycf.xx.internal.cloudapp.net, ports: [REPLICATION=36335, RATIS=36681, RATIS_ADMIN=36681, RATIS_SERVER=36681, STANDALONE=32805], networkLocation: /default-rack, certSerialId: null, persistedOpState: IN_SERVICE, persistedOpStateExpiryEpochSec: 0}8c203391-d7bf-416a-8a2d-d45edeb19bdd{ip: 10.1.0.26, host: fv-az122-479.zf1tlrj3kn4expqppa1j4mpycf.xx.internal.cloudapp.net, ports: [REPLICATION=41261, RATIS=41361, RATIS_ADMIN=41361, RATIS_SERVER=41361, STANDALONE=44597], networkLocation: /default-rack, certSerialId: null, persistedOpState: IN_SERVICE, persistedOpStateExpiryEpochSec: 0}8eebc958-9398-4984-8b85-05c7775d5731{ip: 10.1.0.26, host: fv-az122-479.zf1tlrj3kn4expqppa1j4mpycf.xx.internal.cloudapp.net, ports: [REPLICATION=44651, RATIS=46601, RATIS_ADMIN=46601, RATIS_SERVER=46601, STANDALONE=44885], networkLocation: /default-rack, certSerialId: null, persistedOpState: IN_SERVICE, persistedOpStateExpiryEpochSec: 0}, ReplicationConfig: RATIS/THREE, State:ALLOCATED, leaderId:13cc7e77-570e-489a-8f95-9257e310d74c, CreationTimestamp2021-07-14T22:47:40.633Z[Etc/UTC]] moved to OPEN state
2021-07-14 22:48:49,472 [EventQueue-OpenPipelineForHealthyPipelineSafeModeRule] INFO  safemode.SCMSafeModeManager (HealthyPipelineSafeModeRule.java:process(124)) - SCM in safe mode. Healthy pipelines reported count is 0, required healthy pipeline reported count is 1
2021-07-14 22:48:49,472 [13cc7e77-570e-489a-8f95-9257e310d74c@group-3DA7CFC98DDE-LeaderElection28] INFO  grpc.GrpcConfigKeys (ConfUtils.java:logGet(44)) - raft.grpc.server.leader.outstanding.appends.max = 128 (default)
2021-07-14 22:48:49,475 [EventQueue-OpenPipelineForHealthyPipelineSafeModeRule] INFO  safemode.SCMSafeModeManager (HealthyPipelineSafeModeRule.java:process(124)) - SCM in safe mode. Healthy pipelines reported count is 1, required healthy pipeline reported count is 1
2021-07-14 22:48:49,476 [EventQueue-OpenPipelineForHealthyPipelineSafeModeRule] INFO  safemode.SCMSafeModeManager (SCMSafeModeManager.java:validateSafeModeExitRules(204)) - HealthyPipelineSafeModeRule rule is successfully validated
2021-07-14 22:48:49,476 [EventQueue-OpenPipelineForHealthyPipelineSafeModeRule] INFO  safemode.SCMSafeModeManager (SCMSafeModeManager.java:validateSafeModeExitRules(219)) - ScmSafeModeManager, all rules are successfully validated
2021-07-14 22:48:49,476 [EventQueue-OpenPipelineForHealthyPipelineSafeModeRule] INFO  safemode.SCMSafeModeManager (SCMSafeModeManager.java:exitSafeMode(248)) - SCM exiting safe mode.
2021-07-14 22:48:49,476 [13cc7e77-570e-489a-8f95-9257e310d74c@group-3DA7CFC98DDE-LeaderElection28] INFO  server.RaftServerConfigKeys (ConfUtils.java:logGet(44)) - raft.server.rpc.request.timeout = 60s (custom)
2021-07-14 22:48:49,476 [EventQueue-OpenPipelineForHealthyPipelineSafeModeRule] WARN  events.EventQueue (EventQueue.java:fireEvent(194)) - No event handler registered for event TypedEvent{payloadType=SafeModeStatus, name='Safe mode status'}
2021-07-14 22:48:49,476 [13cc7e77-570e-489a-8f95-9257e310d74c@group-3DA7CFC98DDE-LeaderElection28] INFO  server.RaftServerConfigKeys (ConfUtils.java:logGet(44)) - raft.server.log.appender.install.snapshot.enabled = false (custom)
2021-07-14 22:48:49,476 [13cc7e77-570e-489a-8f95-9257e310d74c@group-3DA7CFC98DDE-LeaderElection28] INFO  metrics.RatisMetrics (RatisMetrics.java:lambda$create$0(36)) - Creating Metrics Registry : ratis_grpc.log_appender.13cc7e77-570e-489a-8f95-9257e310d74c@group-3DA7CFC98DDE
2021-07-14 22:48:49,476 [EventQueue-OpenPipelineForHealthyPipelineSafeModeRule] INFO  ha.SCMContext (SCMContext.java:updateSafeModeStatus(205)) - Update SafeModeStatus from SafeModeStatus{safeModeStatus=true, preCheckPassed=true} to SafeModeStatus{safeModeStatus=false, preCheckPassed=true}.
2021-07-14 22:48:49,476 [EventQueue-OpenPipelineForHealthyPipelineSafeModeRule] INFO  pipeline.BackgroundPipelineCreator (BackgroundPipelineCreatorV2.java:notifyStatusChanged(264)) - Service BackgroundPipelineCreator transitions to RUNNING.
2021-07-14 22:48:49,476 [EventQueue-OpenPipelineForHealthyPipelineSafeModeRule] INFO  container.ReplicationManager (ReplicationManager.java:notifyStatusChanged(1281)) - Service ReplicationManager transitions to RUNNING.
2021-07-14 22:48:49,477 [13cc7e77-570e-489a-8f95-9257e310d74c@group-3DA7CFC98DDE-LeaderElection28] INFO  server.RaftServerConfigKeys (ConfUtils.java:logGet(44)) - raft.server.log.appender.snapshot.chunk.size.max = 16MB (=16777216) (default)
2021-07-14 22:48:49,477 [13cc7e77-570e-489a-8f95-9257e310d74c@group-3DA7CFC98DDE-LeaderElection28] INFO  server.RaftServerConfigKeys (ConfUtils.java:logGet(44)) - raft.server.log.appender.buffer.byte-limit = 33554432 (custom)
2021-07-14 22:48:49,477 [13cc7e77-570e-489a-8f95-9257e310d74c@group-3DA7CFC98DDE-LeaderElection28] INFO  server.RaftServerConfigKeys (ConfUtils.java:logGet(44)) - raft.server.log.appender.buffer.element-limit = 1 (custom)
2021-07-14 22:48:49,478 [13cc7e77-570e-489a-8f95-9257e310d74c@group-3DA7CFC98DDE-LeaderElection28] INFO  grpc.GrpcConfigKeys (ConfUtils.java:logGet(44)) - raft.grpc.server.leader.outstanding.appends.max = 128 (default)
2021-07-14 22:48:49,478 [13cc7e77-570e-489a-8f95-9257e310d74c@group-3DA7CFC98DDE-LeaderElection28] INFO  server.RaftServerConfigKeys (ConfUtils.java:logGet(44)) - raft.server.rpc.request.timeout = 60s (custom)
2021-07-14 22:48:49,478 [13cc7e77-570e-489a-8f95-9257e310d74c@group-3DA7CFC98DDE-LeaderElection28] INFO  server.RaftServerConfigKeys (ConfUtils.java:logGet(44)) - raft.server.log.appender.install.snapshot.enabled = false (custom)
2021-07-14 22:48:49,479 [13cc7e77-570e-489a-8f95-9257e310d74c@group-3DA7CFC98DDE-LeaderElection28] INFO  impl.RoleInfo (RoleInfo.java:updateAndGet(130)) - 13cc7e77-570e-489a-8f95-9257e310d74c: start 13cc7e77-570e-489a-8f95-9257e310d74c@group-3DA7CFC98DDE-LeaderStateImpl
2021-07-14 22:48:49,479 [13cc7e77-570e-489a-8f95-9257e310d74c@group-3DA7CFC98DDE-LeaderElection28] INFO  segmented.SegmentedRaftLogWorker (SegmentedRaftLogWorker.java:startLogSegment(394)) - 13cc7e77-570e-489a-8f95-9257e310d74c@group-3DA7CFC98DDE-SegmentedRaftLogWorker: Starting segment from index:0
2021-07-14 22:48:49,483 [13cc7e77-570e-489a-8f95-9257e310d74c@group-3DA7CFC98DDE-SegmentedRaftLogWorker] INFO  segmented.SegmentedRaftLogWorker (SegmentedRaftLogWorker.java:execute(601)) - 13cc7e77-570e-489a-8f95-9257e310d74c@group-3DA7CFC98DDE-SegmentedRaftLogWorker: created new log segment /home/runner/work/ozone/ozone/mnt/ozone/hadoop-ozone/integration-test/target/test-dir/MiniOzoneClusterImpl-24e24ab0-2885-46cc-b3c8-2159e7c871dc/datanode-2/data/ratis/a87e27fb-2904-4402-887c-3da7cfc98dde/current/log_inprogress_0
2021-07-14 22:48:49,495 [13cc7e77-570e-489a-8f95-9257e310d74c@group-3DA7CFC98DDE-LeaderElection28] INFO  server.RaftServer$Division (ServerState.java:setRaftConf(373)) - 13cc7e77-570e-489a-8f95-9257e310d74c@group-3DA7CFC98DDE: set configuration 0: [8c203391-d7bf-416a-8a2d-d45edeb19bdd|rpc:10.1.0.26:41361|dataStream:|priority:0, 13cc7e77-570e-489a-8f95-9257e310d74c|rpc:10.1.0.26:36681|dataStream:|priority:1, 8eebc958-9398-4984-8b85-05c7775d5731|rpc:10.1.0.26:46601|dataStream:|priority:0], old=null
2021-07-14 22:48:49,500 [grpc-default-executor-0] INFO  ratis.XceiverServerRatis (XceiverServerRatis.java:handleLeaderChangedNotification(857)) - Leader change notification received for group: group-3DA7CFC98DDE with new leaderId: 13cc7e77-570e-489a-8f95-9257e310d74c
2021-07-14 22:48:49,501 [grpc-default-executor-0] INFO  server.RaftServer$Division (ServerState.java:setLeader(271)) - 8c203391-d7bf-416a-8a2d-d45edeb19bdd@group-3DA7CFC98DDE: change Leader from null to 13cc7e77-570e-489a-8f95-9257e310d74c at term 13 for appendEntries, leader elected after 66211ms
2021-07-14 22:48:49,500 [grpc-default-executor-1] INFO  ratis.XceiverServerRatis (XceiverServerRatis.java:handleLeaderChangedNotification(857)) - Leader change notification received for group: group-3DA7CFC98DDE with new leaderId: 13cc7e77-570e-489a-8f95-9257e310d74c
2021-07-14 22:48:49,501 [grpc-default-executor-1] INFO  server.RaftServer$Division (ServerState.java:setLeader(271)) - 8eebc958-9398-4984-8b85-05c7775d5731@group-3DA7CFC98DDE: change Leader from null to 13cc7e77-570e-489a-8f95-9257e310d74c at term 13 for appendEntries, leader elected after 66116ms
2021-07-14 22:48:49,504 [grpc-default-executor-0] INFO  server.RaftServer$Division (ServerState.java:setRaftConf(373)) - 8c203391-d7bf-416a-8a2d-d45edeb19bdd@group-3DA7CFC98DDE: set configuration 0: [8c203391-d7bf-416a-8a2d-d45edeb19bdd|rpc:10.1.0.26:41361|dataStream:|priority:0, 13cc7e77-570e-489a-8f95-9257e310d74c|rpc:10.1.0.26:36681|dataStream:|priority:1, 8eebc958-9398-4984-8b85-05c7775d5731|rpc:10.1.0.26:46601|dataStream:|priority:0], old=null
2021-07-14 22:48:49,504 [grpc-default-executor-0] INFO  segmented.SegmentedRaftLogWorker (SegmentedRaftLogWorker.java:startLogSegment(394)) - 8c203391-d7bf-416a-8a2d-d45edeb19bdd@group-3DA7CFC98DDE-SegmentedRaftLogWorker: Starting segment from index:0
2021-07-14 22:48:49,506 [8c203391-d7bf-416a-8a2d-d45edeb19bdd@group-3DA7CFC98DDE-SegmentedRaftLogWorker] INFO  segmented.SegmentedRaftLogWorker (SegmentedRaftLogWorker.java:execute(601)) - 8c203391-d7bf-416a-8a2d-d45edeb19bdd@group-3DA7CFC98DDE-SegmentedRaftLogWorker: created new log segment /home/runner/work/ozone/ozone/mnt/ozone/hadoop-ozone/integration-test/target/test-dir/MiniOzoneClusterImpl-24e24ab0-2885-46cc-b3c8-2159e7c871dc/datanode-0/data/ratis/a87e27fb-2904-4402-887c-3da7cfc98dde/current/log_inprogress_0
2021-07-14 22:48:49,511 [grpc-default-executor-1] INFO  server.RaftServer$Division (ServerState.java:setRaftConf(373)) - 8eebc958-9398-4984-8b85-05c7775d5731@group-3DA7CFC98DDE: set configuration 0: [8c203391-d7bf-416a-8a2d-d45edeb19bdd|rpc:10.1.0.26:41361|dataStream:|priority:0, 13cc7e77-570e-489a-8f95-9257e310d74c|rpc:10.1.0.26:36681|dataStream:|priority:1, 8eebc958-9398-4984-8b85-05c7775d5731|rpc:10.1.0.26:46601|dataStream:|priority:0], old=null
2021-07-14 22:48:49,511 [grpc-default-executor-1] INFO  segmented.SegmentedRaftLogWorker (SegmentedRaftLogWorker.java:startLogSegment(394)) - 8eebc958-9398-4984-8b85-05c7775d5731@group-3DA7CFC98DDE-SegmentedRaftLogWorker: Starting segment from index:0
2021-07-14 22:48:49,513 [8eebc958-9398-4984-8b85-05c7775d5731@group-3DA7CFC98DDE-SegmentedRaftLogWorker] INFO  segmented.SegmentedRaftLogWorker (SegmentedRaftLogWorker.java:execute(601)) - 8eebc958-9398-4984-8b85-05c7775d5731@group-3DA7CFC98DDE-SegmentedRaftLogWorker: created new log segment /home/runner/work/ozone/ozone/mnt/ozone/hadoop-ozone/integration-test/target/test-dir/MiniOzoneClusterImpl-24e24ab0-2885-46cc-b3c8-2159e7c871dc/datanode-1/data/ratis/a87e27fb-2904-4402-887c-3da7cfc98dde/current/log_inprogress_0
2021-07-14 22:48:49,667 [Listener at 127.0.0.1/45761] INFO  ozone.MiniOzoneClusterImpl (MiniOzoneClusterImpl.java:lambda$waitForClusterToBeReady$0(230)) - Nodes are ready. Got 3 of 3 DN Heartbeats.
2021-07-14 22:48:49,667 [Listener at 127.0.0.1/45761] INFO  ozone.MiniOzoneClusterImpl (MiniOzoneClusterImpl.java:lambda$waitForClusterToBeReady$0(233)) - Cluster exits safe mode
2021-07-14 22:48:49,667 [Listener at 127.0.0.1/45761] INFO  ozone.MiniOzoneClusterImpl (MiniOzoneClusterImpl.java:lambda$waitForClusterToBeReady$0(235)) - SCM became leader
2021-07-14 22:48:49,667 [Listener at 127.0.0.1/45761] INFO  server.StorageContainerManager (StorageContainerManager.java:stop(1334)) - Stopping Replication Manager Service.
2021-07-14 22:48:49,667 [Listener at 127.0.0.1/45761] INFO  container.ReplicationManager (ReplicationManager.java:stop(261)) - Stopping Replication Monitor Thread.
2021-07-14 22:48:49,667 [Listener at 127.0.0.1/45761] INFO  server.StorageContainerManager (StorageContainerManager.java:stop(1341)) - Stopping the Datanode Admin Monitor.
2021-07-14 22:48:49,668 [Listener at 127.0.0.1/45761] INFO  server.StorageContainerManager (StorageContainerManager.java:stop(1348)) - Stopping Lease Manager of the command watchers
2021-07-14 22:48:49,668 [Listener at 127.0.0.1/45761] INFO  server.StorageContainerManager (StorageContainerManager.java:stop(1355)) - Stopping datanode service RPC server
2021-07-14 22:48:49,668 [Listener at 127.0.0.1/45761] INFO  server.SCMDatanodeProtocolServer (SCMDatanodeProtocolServer.java:stop(389)) - Stopping the RPC server for DataNodes
2021-07-14 22:48:49,668 [Listener at 127.0.0.1/45761] INFO  ipc.Server (Server.java:stop(3414)) - Stopping server on 34745
2021-07-14 22:48:49,670 [IPC Server listener on 0] INFO  ipc.Server (Server.java:run(1376)) - Stopping IPC Server listener on 0
2021-07-14 22:48:49,670 [IPC Server Responder] INFO  ipc.Server (Server.java:run(1512)) - Stopping IPC Server Responder
2021-07-14 22:48:49,707 [SCM Heartbeat Processing Thread - 0] WARN  node.NodeStateManager (NodeStateManager.java:scheduleNextHealthCheck(799)) - Current Thread is interrupted, shutting down HB processing thread for Node Manager.
2021-07-14 22:48:49,707 [Listener at 127.0.0.1/45761] INFO  server.StorageContainerManager (StorageContainerManager.java:stop(1363)) - Stopping block service RPC server
2021-07-14 22:48:49,707 [Listener at 127.0.0.1/45761] INFO  server.SCMBlockProtocolServer (SCMBlockProtocolServer.java:stop(160)) - Stopping the RPC server for Block Protocol
2021-07-14 22:48:49,708 [Listener at 127.0.0.1/45761] INFO  ipc.Server (Server.java:stop(3414)) - Stopping server on 39293
2021-07-14 22:48:49,710 [IPC Server listener on 0] INFO  ipc.Server (Server.java:run(1376)) - Stopping IPC Server listener on 0
2021-07-14 22:48:49,710 [Listener at 127.0.0.1/45761] INFO  server.StorageContainerManager (StorageContainerManager.java:stop(1370)) - Stopping the StorageContainerLocationProtocol RPC server
2021-07-14 22:48:49,710 [IPC Server Responder] INFO  ipc.Server (Server.java:run(1512)) - Stopping IPC Server Responder
2021-07-14 22:48:49,711 [Listener at 127.0.0.1/45761] INFO  server.SCMClientProtocolServer (SCMClientProtocolServer.java:stop(174)) - Stopping the RPC server for Client Protocol
2021-07-14 22:48:49,711 [Listener at 127.0.0.1/45761] INFO  ipc.Server (Server.java:stop(3414)) - Stopping server on 34471
2021-07-14 22:48:49,711 [IPC Server listener on 0] INFO  ipc.Server (Server.java:run(1376)) - Stopping IPC Server listener on 0
2021-07-14 22:48:49,713 [IPC Server Responder] INFO  ipc.Server (Server.java:run(1512)) - Stopping IPC Server Responder
2021-07-14 22:48:49,713 [Listener at 127.0.0.1/45761] INFO  server.StorageContainerManager (StorageContainerManager.java:stop(1377)) - Stopping Storage Container Manager HTTP server.
2021-07-14 22:48:49,714 [Listener at 127.0.0.1/45761] INFO  handler.ContextHandler (ContextHandler.java:doStop(1154)) - Stopped o.e.j.w.WebAppContext@5054b0a{scm,/,null,STOPPED}{file:/home/runner/work/ozone/ozone/mnt/ozone/hadoop-ozone/integration-test/target/test-classes/webapps/scm}
2021-07-14 22:48:49,716 [Listener at 127.0.0.1/45761] INFO  server.AbstractConnector (AbstractConnector.java:doStop(381)) - Stopped ServerConnector@65cabab5{HTTP/1.1, (http/1.1)}{0.0.0.0:0}
2021-07-14 22:48:49,716 [Listener at 127.0.0.1/45761] INFO  server.session (HouseKeeper.java:stopScavenging(149)) - node0 Stopped scavenging
2021-07-14 22:48:49,717 [Listener at 127.0.0.1/45761] INFO  handler.ContextHandler (ContextHandler.java:doStop(1154)) - Stopped o.e.j.s.ServletContextHandler@293c456b{static,/static,file:///home/runner/work/ozone/ozone/mnt/ozone/hadoop-ozone/integration-test/target/test-classes/webapps/static,STOPPED}
2021-07-14 22:48:49,717 [Listener at 127.0.0.1/45761] INFO  handler.ContextHandler (ContextHandler.java:doStop(1154)) - Stopped o.e.j.s.ServletContextHandler@53464666{logs,/logs,file:///home/runner/work/ozone/ozone/mnt/ozone/hadoop-ozone/integration-test/target/log,STOPPED}
2021-07-14 22:48:49,718 [Listener at 127.0.0.1/45761] INFO  server.StorageContainerManager (StorageContainerManager.java:stop(1388)) - Stopping Block Manager Service.
2021-07-14 22:48:49,718 [Listener at 127.0.0.1/45761] INFO  utils.BackgroundService (BackgroundService.java:shutdown(132)) - Shutting down service SCMBlockDeletingService
2021-07-14 22:48:49,718 [Listener at 127.0.0.1/45761] INFO  utils.BackgroundService (BackgroundService.java:shutdown(132)) - Shutting down service SCMBlockDeletingService
2021-07-14 22:48:49,719 [Listener at 127.0.0.1/45761] INFO  server.StorageContainerManager (StorageContainerManager.java:stop(1415)) - Stopping SCM Event Queue.
2021-07-14 22:48:49,722 [Listener at 127.0.0.1/45761] INFO  pipeline.BackgroundPipelineCreator (BackgroundPipelineCreatorV2.java:stop(158)) - Stopping RatisPipelineUtilsThread.
2021-07-14 22:48:49,723 [Listener at 127.0.0.1/45761] INFO  impl.MetricsSystemImpl (MetricsSystemImpl.java:stop(210)) - Stopping HddsDatanode metrics system...
2021-07-14 22:48:49,762 [prometheus] INFO  impl.MetricsSinkAdapter (MetricsSinkAdapter.java:publishMetricsFromQueue(141)) - prometheus thread interrupted.
2021-07-14 22:48:49,762 [Listener at 127.0.0.1/45761] INFO  impl.MetricsSystemImpl (MetricsSystemImpl.java:stop(216)) - HddsDatanode metrics system stopped.
2021-07-14 22:48:50,475 [EndpointStateMachine task thread for /0.0.0.0:34745 - 0 ] WARN  statemachine.EndpointStateMachine (EndpointStateMachine.java:logIfNeeded(236)) - Unable to communicate to SCM server at 0.0.0.0:34745 for past 0 seconds.
java.io.EOFException: End of File Exception between local host is: "fv-az122-479/10.1.0.26"; destination host is: "0.0.0.0":34745; : java.io.EOFException; For more details see:  http://wiki.apache.org/hadoop/EOFException
	at sun.reflect.NativeConstructorAccessorImpl.newInstance0(Native Method)
	at sun.reflect.NativeConstructorAccessorImpl.newInstance(NativeConstructorAccessorImpl.java:62)
	at sun.reflect.DelegatingConstructorAccessorImpl.newInstance(DelegatingConstructorAccessorImpl.java:45)
	at java.lang.reflect.Constructor.newInstance(Constructor.java:423)
	at org.apache.hadoop.net.NetUtils.wrapWithMessage(NetUtils.java:913)
	at org.apache.hadoop.net.NetUtils.wrapException(NetUtils.java:862)
	at org.apache.hadoop.ipc.Client.getRpcResponse(Client.java:1577)
	at org.apache.hadoop.ipc.Client.call(Client.java:1519)
	at org.apache.hadoop.ipc.Client.call(Client.java:1416)
	at org.apache.hadoop.ipc.ProtobufRpcEngine$Invoker.invoke(ProtobufRpcEngine.java:236)
	at org.apache.hadoop.ipc.ProtobufRpcEngine$Invoker.invoke(ProtobufRpcEngine.java:123)
	at com.sun.proxy.$Proxy48.submitRequest(Unknown Source)
	at org.apache.hadoop.ozone.protocolPB.StorageContainerDatanodeProtocolClientSideTranslatorPB.submitRequest(StorageContainerDatanodeProtocolClientSideTranslatorPB.java:117)
	at org.apache.hadoop.ozone.protocolPB.StorageContainerDatanodeProtocolClientSideTranslatorPB.sendHeartbeat(StorageContainerDatanodeProtocolClientSideTranslatorPB.java:149)
	at org.apache.hadoop.ozone.container.common.states.endpoint.HeartbeatEndpointTask.call(HeartbeatEndpointTask.java:179)
	at org.apache.hadoop.ozone.container.common.states.endpoint.HeartbeatEndpointTask.call(HeartbeatEndpointTask.java:82)
	at java.util.concurrent.FutureTask.run(FutureTask.java:266)
	at java.util.concurrent.ThreadPoolExecutor.runWorker(ThreadPoolExecutor.java:1149)
	at java.util.concurrent.ThreadPoolExecutor$Worker.run(ThreadPoolExecutor.java:624)
	at java.lang.Thread.run(Thread.java:748)
Caused by: java.io.EOFException
	at java.io.DataInputStream.readInt(DataInputStream.java:392)
	at org.apache.hadoop.ipc.Client$IpcStreams.readResponse(Client.java:1892)
	at org.apache.hadoop.ipc.Client$Connection.receiveRpcResponse(Client.java:1202)
	at org.apache.hadoop.ipc.Client$Connection.run(Client.java:1098)
2021-07-14 22:48:50,484 [Datanode State Machine Thread - 0] INFO  statemachine.DatanodeStateMachine (DatanodeStateMachine.java:lambda$startDaemon$0(455)) - Ozone container server started.
2021-07-14 22:48:51,586 [EndpointStateMachine task thread for /0.0.0.0:34745 - 0 ] INFO  ipc.Client (Client.java:handleConnectionFailure(977)) - Retrying connect to server: 0.0.0.0/0.0.0.0:34745. Already tried 0 time(s); retry policy is RetryUpToMaximumCountWithFixedSleep(maxRetries=15, sleepTime=1000 MILLISECONDS)
2021-07-14 22:48:52,587 [EndpointStateMachine task thread for /0.0.0.0:34745 - 0 ] INFO  ipc.Client (Client.java:handleConnectionFailure(977)) - Retrying connect to server: 0.0.0.0/0.0.0.0:34745. Already tried 1 time(s); retry policy is RetryUpToMaximumCountWithFixedSleep(maxRetries=15, sleepTime=1000 MILLISECONDS)
2021-07-14 22:48:53,587 [EndpointStateMachine task thread for /0.0.0.0:34745 - 0 ] INFO  ipc.Client (Client.java:handleConnectionFailure(977)) - Retrying connect to server: 0.0.0.0/0.0.0.0:34745. Already tried 2 time(s); retry policy is RetryUpToMaximumCountWithFixedSleep(maxRetries=15, sleepTime=1000 MILLISECONDS)
2021-07-14 22:48:54,588 [EndpointStateMachine task thread for /0.0.0.0:34745 - 0 ] INFO  ipc.Client (Client.java:handleConnectionFailure(977)) - Retrying connect to server: 0.0.0.0/0.0.0.0:34745. Already tried 3 time(s); retry policy is RetryUpToMaximumCountWithFixedSleep(maxRetries=15, sleepTime=1000 MILLISECONDS)
2021-07-14 22:48:54,763 [Listener at 127.0.0.1/45761] INFO  ozoneimpl.OzoneContainer (OzoneContainer.java:stop(326)) - Attempting to stop container services.
2021-07-14 22:48:54,764 [Listener at 127.0.0.1/45761] INFO  server.RaftServer (RaftServerProxy.java:lambda$close$6(391)) - 8c203391-d7bf-416a-8a2d-d45edeb19bdd: close
2021-07-14 22:48:54,765 [Listener at 127.0.0.1/45761] INFO  server.RaftServer$Division (RaftServerImpl.java:lambda$close$4(406)) - 8c203391-d7bf-416a-8a2d-d45edeb19bdd@group-4E43A94260FE: shutdown
2021-07-14 22:48:54,765 [Listener at 127.0.0.1/45761] INFO  util.JmxRegister (JmxRegister.java:unregister(73)) - Successfully un-registered JMX Bean with object name Ratis:service=RaftServer,group=group-4E43A94260FE,id=8c203391-d7bf-416a-8a2d-d45edeb19bdd
2021-07-14 22:48:54,765 [Listener at 127.0.0.1/45761] INFO  impl.RoleInfo (RoleInfo.java:shutdownLeaderState(91)) - 8c203391-d7bf-416a-8a2d-d45edeb19bdd: shutdown 8c203391-d7bf-416a-8a2d-d45edeb19bdd@group-4E43A94260FE-LeaderStateImpl
2021-07-14 22:48:54,765 [Listener at 127.0.0.1/45761] INFO  impl.PendingRequests (PendingRequests.java:sendNotLeaderResponses(249)) - 8c203391-d7bf-416a-8a2d-d45edeb19bdd@group-4E43A94260FE-PendingRequests: sendNotLeaderResponses
2021-07-14 22:48:54,766 [Listener at 127.0.0.1/45761] INFO  metrics.RatisMetrics (RatisMetrics.java:unregister(43)) - Unregistering Metrics Registry : ratis.log_appender.8c203391-d7bf-416a-8a2d-d45edeb19bdd@group-4E43A94260FE
2021-07-14 22:48:54,766 [Listener at 127.0.0.1/45761] INFO  metrics.RatisMetrics (RatisMetrics.java:unregister(43)) - Unregistering Metrics Registry : ratis.server.8c203391-d7bf-416a-8a2d-d45edeb19bdd@group-4E43A94260FE
2021-07-14 22:48:54,766 [ForkJoinPool.commonPool-worker-0] INFO  server.RaftServer$Division (RaftServerImpl.java:lambda$close$4(406)) - 8c203391-d7bf-416a-8a2d-d45edeb19bdd@group-3DA7CFC98DDE: shutdown
2021-07-14 22:48:54,766 [ForkJoinPool.commonPool-worker-0] INFO  util.JmxRegister (JmxRegister.java:unregister(73)) - Successfully un-registered JMX Bean with object name Ratis:service=RaftServer,group=group-3DA7CFC98DDE,id=8c203391-d7bf-416a-8a2d-d45edeb19bdd
2021-07-14 22:48:54,766 [ForkJoinPool.commonPool-worker-0] INFO  impl.RoleInfo (RoleInfo.java:shutdownFollowerState(108)) - 8c203391-d7bf-416a-8a2d-d45edeb19bdd: shutdown 8c203391-d7bf-416a-8a2d-d45edeb19bdd@group-3DA7CFC98DDE-FollowerState
2021-07-14 22:48:54,766 [8c203391-d7bf-416a-8a2d-d45edeb19bdd@group-3DA7CFC98DDE-FollowerState] INFO  impl.FollowerState (FollowerState.java:run(143)) - 8c203391-d7bf-416a-8a2d-d45edeb19bdd@group-3DA7CFC98DDE-FollowerState was interrupted: {}
java.lang.InterruptedException: sleep interrupted
	at java.lang.Thread.sleep(Native Method)
	at java.lang.Thread.sleep(Thread.java:340)
	at java.util.concurrent.TimeUnit.sleep(TimeUnit.java:386)
	at org.apache.ratis.util.TimeDuration.sleep(TimeDuration.java:324)
	at org.apache.ratis.util.TimeDuration.sleep(TimeDuration.java:309)
	at org.apache.ratis.server.impl.FollowerState.run(FollowerState.java:118)
2021-07-14 22:48:54,767 [ForkJoinPool.commonPool-worker-0] INFO  impl.StateMachineUpdater (StateMachineUpdater.java:stopAndJoin(149)) - 8c203391-d7bf-416a-8a2d-d45edeb19bdd@group-3DA7CFC98DDE-StateMachineUpdater: set stopIndex = 0
2021-07-14 22:48:54,766 [Listener at 127.0.0.1/45761] INFO  impl.StateMachineUpdater (StateMachineUpdater.java:stopAndJoin(149)) - 8c203391-d7bf-416a-8a2d-d45edeb19bdd@group-4E43A94260FE-StateMachineUpdater: set stopIndex = 0
2021-07-14 22:48:54,767 [8c203391-d7bf-416a-8a2d-d45edeb19bdd@group-3DA7CFC98DDE-StateMachineUpdater] INFO  ratis.ContainerStateMachine (ContainerStateMachine.java:takeSnapshot(291)) - group-3DA7CFC98DDE: Taking a snapshot at:(t:13, i:0) file /home/runner/work/ozone/ozone/mnt/ozone/hadoop-ozone/integration-test/target/test-dir/MiniOzoneClusterImpl-24e24ab0-2885-46cc-b3c8-2159e7c871dc/datanode-0/data/ratis/a87e27fb-2904-4402-887c-3da7cfc98dde/sm/snapshot.13_0
2021-07-14 22:48:54,767 [8c203391-d7bf-416a-8a2d-d45edeb19bdd@group-4E43A94260FE-StateMachineUpdater] INFO  ratis.ContainerStateMachine (ContainerStateMachine.java:takeSnapshot(291)) - group-4E43A94260FE: Taking a snapshot at:(t:1, i:0) file /home/runner/work/ozone/ozone/mnt/ozone/hadoop-ozone/integration-test/target/test-dir/MiniOzoneClusterImpl-24e24ab0-2885-46cc-b3c8-2159e7c871dc/datanode-0/data/ratis/2e7739fb-a07e-47ad-b374-4e43a94260fe/sm/snapshot.1_0
2021-07-14 22:48:54,769 [8c203391-d7bf-416a-8a2d-d45edeb19bdd@group-3DA7CFC98DDE-StateMachineUpdater] INFO  ratis.ContainerStateMachine (ContainerStateMachine.java:takeSnapshot(302)) - group-3DA7CFC98DDE: Finished taking a snapshot at:(t:13, i:0) file:/home/runner/work/ozone/ozone/mnt/ozone/hadoop-ozone/integration-test/target/test-dir/MiniOzoneClusterImpl-24e24ab0-2885-46cc-b3c8-2159e7c871dc/datanode-0/data/ratis/a87e27fb-2904-4402-887c-3da7cfc98dde/sm/snapshot.13_0 took: 1 ms
2021-07-14 22:48:54,769 [8c203391-d7bf-416a-8a2d-d45edeb19bdd@group-4E43A94260FE-StateMachineUpdater] INFO  ratis.ContainerStateMachine (ContainerStateMachine.java:takeSnapshot(302)) - group-4E43A94260FE: Finished taking a snapshot at:(t:1, i:0) file:/home/runner/work/ozone/ozone/mnt/ozone/hadoop-ozone/integration-test/target/test-dir/MiniOzoneClusterImpl-24e24ab0-2885-46cc-b3c8-2159e7c871dc/datanode-0/data/ratis/2e7739fb-a07e-47ad-b374-4e43a94260fe/sm/snapshot.1_0 took: 1 ms
2021-07-14 22:48:54,769 [8c203391-d7bf-416a-8a2d-d45edeb19bdd@group-3DA7CFC98DDE-StateMachineUpdater] INFO  impl.StateMachineUpdater (StateMachineUpdater.java:takeSnapshot(281)) - 8c203391-d7bf-416a-8a2d-d45edeb19bdd@group-3DA7CFC98DDE-StateMachineUpdater: Took a snapshot at index 0
2021-07-14 22:48:54,769 [8c203391-d7bf-416a-8a2d-d45edeb19bdd@group-4E43A94260FE-StateMachineUpdater] INFO  impl.StateMachineUpdater (StateMachineUpdater.java:takeSnapshot(281)) - 8c203391-d7bf-416a-8a2d-d45edeb19bdd@group-4E43A94260FE-StateMachineUpdater: Took a snapshot at index 0
2021-07-14 22:48:54,769 [8c203391-d7bf-416a-8a2d-d45edeb19bdd@group-4E43A94260FE-StateMachineUpdater] INFO  impl.StateMachineUpdater (StateMachineUpdater.java:lambda$new$0(89)) - 8c203391-d7bf-416a-8a2d-d45edeb19bdd@group-4E43A94260FE-StateMachineUpdater: snapshotIndex: updateIncreasingly -1 -> 0
2021-07-14 22:48:54,769 [8c203391-d7bf-416a-8a2d-d45edeb19bdd@group-4E43A94260FE-StateMachineUpdater] INFO  metrics.RatisMetrics (RatisMetrics.java:unregister(43)) - Unregistering Metrics Registry : ratis.state_machine.8c203391-d7bf-416a-8a2d-d45edeb19bdd@group-4E43A94260FE
2021-07-14 22:48:54,769 [Listener at 127.0.0.1/45761] INFO  server.RaftServer$Division (ServerState.java:close(405)) - 8c203391-d7bf-416a-8a2d-d45edeb19bdd@group-4E43A94260FE: closes. applyIndex: 0
2021-07-14 22:48:54,769 [8c203391-d7bf-416a-8a2d-d45edeb19bdd@group-3DA7CFC98DDE-StateMachineUpdater] INFO  impl.StateMachineUpdater (StateMachineUpdater.java:lambda$new$0(89)) - 8c203391-d7bf-416a-8a2d-d45edeb19bdd@group-3DA7CFC98DDE-StateMachineUpdater: snapshotIndex: updateIncreasingly -1 -> 0
2021-07-14 22:48:54,770 [8c203391-d7bf-416a-8a2d-d45edeb19bdd@group-3DA7CFC98DDE-StateMachineUpdater] INFO  metrics.RatisMetrics (RatisMetrics.java:unregister(43)) - Unregistering Metrics Registry : ratis.state_machine.8c203391-d7bf-416a-8a2d-d45edeb19bdd@group-3DA7CFC98DDE
2021-07-14 22:48:54,770 [8c203391-d7bf-416a-8a2d-d45edeb19bdd@group-4E43A94260FE-SegmentedRaftLogWorker] INFO  segmented.SegmentedRaftLogWorker (SegmentedRaftLogWorker.java:run(327)) - 8c203391-d7bf-416a-8a2d-d45edeb19bdd@group-4E43A94260FE-SegmentedRaftLogWorker was interrupted, exiting. There are 0 tasks remaining in the queue.
2021-07-14 22:48:54,770 [ForkJoinPool.commonPool-worker-0] INFO  server.RaftServer$Division (ServerState.java:close(405)) - 8c203391-d7bf-416a-8a2d-d45edeb19bdd@group-3DA7CFC98DDE: closes. applyIndex: 0
2021-07-14 22:48:54,771 [Listener at 127.0.0.1/45761] INFO  segmented.SegmentedRaftLogWorker (SegmentedRaftLogWorker.java:close(237)) - 8c203391-d7bf-416a-8a2d-d45edeb19bdd@group-4E43A94260FE-SegmentedRaftLogWorker close()
2021-07-14 22:48:54,771 [8c203391-d7bf-416a-8a2d-d45edeb19bdd@group-3DA7CFC98DDE-SegmentedRaftLogWorker] INFO  segmented.SegmentedRaftLogWorker (SegmentedRaftLogWorker.java:run(327)) - 8c203391-d7bf-416a-8a2d-d45edeb19bdd@group-3DA7CFC98DDE-SegmentedRaftLogWorker was interrupted, exiting. There are 0 tasks remaining in the queue.
2021-07-14 22:48:54,775 [Listener at 127.0.0.1/45761] INFO  metrics.RatisMetrics (RatisMetrics.java:unregister(43)) - Unregistering Metrics Registry : ratis.log_worker.8c203391-d7bf-416a-8a2d-d45edeb19bdd@group-4E43A94260FE
2021-07-14 22:48:54,775 [Listener at 127.0.0.1/45761] INFO  metrics.RatisMetrics (RatisMetrics.java:unregister(43)) - Unregistering Metrics Registry : ratis.leader_election.8c203391-d7bf-416a-8a2d-d45edeb19bdd@group-4E43A94260FE
2021-07-14 22:48:54,775 [Listener at 127.0.0.1/45761] INFO  metrics.RatisMetrics (RatisMetrics.java:unregister(43)) - Unregistering Metrics Registry : ratis.server.8c203391-d7bf-416a-8a2d-d45edeb19bdd@group-4E43A94260FE
2021-07-14 22:48:54,776 [ForkJoinPool.commonPool-worker-0] INFO  segmented.SegmentedRaftLogWorker (SegmentedRaftLogWorker.java:close(237)) - 8c203391-d7bf-416a-8a2d-d45edeb19bdd@group-3DA7CFC98DDE-SegmentedRaftLogWorker close()
2021-07-14 22:48:54,776 [ForkJoinPool.commonPool-worker-0] INFO  metrics.RatisMetrics (RatisMetrics.java:unregister(43)) - Unregistering Metrics Registry : ratis.log_worker.8c203391-d7bf-416a-8a2d-d45edeb19bdd@group-3DA7CFC98DDE
2021-07-14 22:48:54,776 [ForkJoinPool.commonPool-worker-0] INFO  metrics.RatisMetrics (RatisMetrics.java:unregister(43)) - Unregistering Metrics Registry : ratis.leader_election.8c203391-d7bf-416a-8a2d-d45edeb19bdd@group-3DA7CFC98DDE
2021-07-14 22:48:54,777 [ForkJoinPool.commonPool-worker-0] INFO  metrics.RatisMetrics (RatisMetrics.java:unregister(43)) - Unregistering Metrics Registry : ratis.server.8c203391-d7bf-416a-8a2d-d45edeb19bdd@group-3DA7CFC98DDE
2021-07-14 22:48:54,777 [Listener at 127.0.0.1/45761] INFO  server.GrpcService (GrpcService.java:closeImpl(262)) - 8c203391-d7bf-416a-8a2d-d45edeb19bdd: shutdown server with port 41361 now
2021-07-14 22:48:54,780 [grpc-default-executor-0] WARN  server.GrpcServerProtocolService (LogUtils.java:warn(122)) - 8c203391-d7bf-416a-8a2d-d45edeb19bdd: installSnapshot onError, lastRequest: 13cc7e77-570e-489a-8f95-9257e310d74c->8c203391-d7bf-416a-8a2d-d45edeb19bdd#1-t13,previous=(t:0, i:0),leaderCommit=-1,initializing? true,entries: size=1, first=(t:13, i:0), CONFIGURATIONENTRY: org.apache.ratis.thirdparty.io.grpc.StatusRuntimeException: CANCELLED: client cancelled
2021-07-14 22:48:54,781 [grpc-default-executor-0] WARN  server.GrpcLogAppender (LogUtils.java:warn(122)) - 13cc7e77-570e-489a-8f95-9257e310d74c@group-3DA7CFC98DDE->8c203391-d7bf-416a-8a2d-d45edeb19bdd-AppendLogResponseHandler: Failed appendEntries: org.apache.ratis.thirdparty.io.grpc.StatusRuntimeException: CANCELLED: HTTP/2 error code: CANCEL
Received Rst Stream
2021-07-14 22:48:54,781 [grpc-default-executor-0] WARN  server.GrpcLogAppender (GrpcLogAppender.java:resetClient(111)) - 13cc7e77-570e-489a-8f95-9257e310d74c@group-3DA7CFC98DDE->8c203391-d7bf-416a-8a2d-d45edeb19bdd-GrpcLogAppender: Leader has not got in touch with Follower 13cc7e77-570e-489a-8f95-9257e310d74c@group-3DA7CFC98DDE->8c203391-d7bf-416a-8a2d-d45edeb19bdd(c0,m0,n1, attendVote=true, lastRpcSendTime=259, lastRpcResponseTime=256) yet, just keep nextIndex unchanged and retry.
2021-07-14 22:48:54,785 [Listener at 127.0.0.1/45761] INFO  server.GrpcService (GrpcService.java:closeImpl(271)) - 8c203391-d7bf-416a-8a2d-d45edeb19bdd: shutdown server with port 41361 successfully
2021-07-14 22:48:54,785 [org.apache.ratis.util.JvmPauseMonitor$$Lambda$525/853367010@10a212d7] INFO  util.JvmPauseMonitor (JvmPauseMonitor.java:run(109)) - JvmPauseMonitor-8c203391-d7bf-416a-8a2d-d45edeb19bdd: Stopped
2021-07-14 22:48:54,786 [Listener at 127.0.0.1/45761] INFO  utils.BackgroundService (BackgroundService.java:shutdown(132)) - Shutting down service BlockDeletingService
2021-07-14 22:48:54,787 [Listener at 127.0.0.1/45761] INFO  statemachine.DatanodeStateMachine (DatanodeStateMachine.java:stopDaemon(513)) - Ozone container server stopped.
2021-07-14 22:48:54,788 [Listener at 127.0.0.1/45761] INFO  handler.ContextHandler (ContextHandler.java:doStop(1154)) - Stopped o.e.j.w.WebAppContext@20429b01{hddsDatanode,/,null,STOPPED}{jar:file:/home/runner/.m2/repository/org/apache/ozone/hdds-container-service/1.2.0-SNAPSHOT/hdds-container-service-1.2.0-SNAPSHOT.jar!/webapps/hddsDatanode}
2021-07-14 22:48:54,790 [Listener at 127.0.0.1/45761] INFO  server.AbstractConnector (AbstractConnector.java:doStop(381)) - Stopped ServerConnector@5b617a72{HTTP/1.1, (http/1.1)}{0.0.0.0:0}
2021-07-14 22:48:54,790 [Listener at 127.0.0.1/45761] INFO  server.session (HouseKeeper.java:stopScavenging(149)) - node0 Stopped scavenging
2021-07-14 22:48:54,790 [Listener at 127.0.0.1/45761] INFO  handler.ContextHandler (ContextHandler.java:doStop(1154)) - Stopped o.e.j.s.ServletContextHandler@19e35775{static,/static,jar:file:/home/runner/.m2/repository/org/apache/ozone/hdds-container-service/1.2.0-SNAPSHOT/hdds-container-service-1.2.0-SNAPSHOT.jar!/webapps/static,STOPPED}
2021-07-14 22:48:54,790 [Listener at 127.0.0.1/45761] INFO  handler.ContextHandler (ContextHandler.java:doStop(1154)) - Stopped o.e.j.s.ServletContextHandler@62f2b5e9{logs,/logs,file:///home/runner/work/ozone/ozone/mnt/ozone/hadoop-ozone/integration-test/target/log,STOPPED}
2021-07-14 22:48:54,795 [Listener at 127.0.0.1/45761] WARN  impl.MetricsConfig (MetricsConfig.java:loadFirst(136)) - Cannot locate configuration: tried hadoop-metrics2-hddsdatanode.properties,hadoop-metrics2.properties
2021-07-14 22:48:54,796 [Listener at 127.0.0.1/45761] INFO  impl.MetricsSystemImpl (MetricsSystemImpl.java:startTimer(378)) - Scheduled Metric snapshot period at 10 second(s).
2021-07-14 22:48:54,796 [Listener at 127.0.0.1/45761] INFO  impl.MetricsSystemImpl (MetricsSystemImpl.java:start(191)) - HddsDatanode metrics system started
2021-07-14 22:48:54,832 [Listener at 127.0.0.1/45761] INFO  impl.MetricsSinkAdapter (MetricsSinkAdapter.java:start(204)) - Sink prometheus started
2021-07-14 22:48:54,832 [Listener at 127.0.0.1/45761] INFO  impl.MetricsSystemImpl (MetricsSystemImpl.java:registerSink(305)) - Registered sink prometheus
2021-07-14 22:48:54,885 [Listener at 127.0.0.1/45761] INFO  ozone.HddsDatanodeService (HddsDatanodeService.java:start(223)) - HddsDatanodeService host:fv-az122-479.zf1tlrj3kn4expqppa1j4mpycf.xx.internal.cloudapp.net ip:10.1.0.26
2021-07-14 22:48:54,920 [Listener at 127.0.0.1/45761] INFO  upgrade.AbstractLayoutVersionManager (AbstractLayoutVersionManager.java:init(70)) - Initializing Layout version manager with metadata layout = SCM_HA (version = 2), software layout = SCM_HA (version = 2)
2021-07-14 22:48:55,000 [Listener at 127.0.0.1/45761] INFO  reflections.Reflections (Reflections.java:scan(232)) - Reflections took 79 ms to scan 7 urls, producing 119 keys and 271 values 
2021-07-14 22:48:55,019 [Listener at 127.0.0.1/45761] INFO  volume.HddsVolume (HddsVolume.java:<init>(120)) - Creating HddsVolume: /home/runner/work/ozone/ozone/mnt/ozone/hadoop-ozone/integration-test/target/test-dir/MiniOzoneClusterImpl-24e24ab0-2885-46cc-b3c8-2159e7c871dc/datanode-0/data-0/containers/hdds of storage type : DISK capacity : 9223372036854775807
2021-07-14 22:48:55,019 [Listener at 127.0.0.1/45761] INFO  volume.MutableVolumeSet (MutableVolumeSet.java:initializeVolumeSet(181)) - Added Volume : /home/runner/work/ozone/ozone/mnt/ozone/hadoop-ozone/integration-test/target/test-dir/MiniOzoneClusterImpl-24e24ab0-2885-46cc-b3c8-2159e7c871dc/datanode-0/data-0/containers/hdds to VolumeSet
2021-07-14 22:48:55,019 [Listener at 127.0.0.1/45761] INFO  volume.ThrottledAsyncChecker (ThrottledAsyncChecker.java:schedule(141)) - Scheduling a check for /home/runner/work/ozone/ozone/mnt/ozone/hadoop-ozone/integration-test/target/test-dir/MiniOzoneClusterImpl-24e24ab0-2885-46cc-b3c8-2159e7c871dc/datanode-0/data-0/containers/hdds
2021-07-14 22:48:55,034 [Listener at 127.0.0.1/45761] INFO  volume.StorageVolumeChecker (StorageVolumeChecker.java:checkAllVolumes(203)) - Scheduled health check for volume /home/runner/work/ozone/ozone/mnt/ozone/hadoop-ozone/integration-test/target/test-dir/MiniOzoneClusterImpl-24e24ab0-2885-46cc-b3c8-2159e7c871dc/datanode-0/data-0/containers/hdds
2021-07-14 22:48:55,051 [Listener at 127.0.0.1/45761] INFO  volume.MutableVolumeSet (MutableVolumeSet.java:initializeVolumeSet(181)) - Added Volume : /home/runner/work/ozone/ozone/mnt/ozone/hadoop-ozone/integration-test/target/test-dir/MiniOzoneClusterImpl-24e24ab0-2885-46cc-b3c8-2159e7c871dc/datanode-0/data/ratis to VolumeSet
2021-07-14 22:48:55,052 [Listener at 127.0.0.1/45761] INFO  volume.ThrottledAsyncChecker (ThrottledAsyncChecker.java:schedule(141)) - Scheduling a check for /home/runner/work/ozone/ozone/mnt/ozone/hadoop-ozone/integration-test/target/test-dir/MiniOzoneClusterImpl-24e24ab0-2885-46cc-b3c8-2159e7c871dc/datanode-0/data/ratis
2021-07-14 22:48:55,052 [Listener at 127.0.0.1/45761] INFO  volume.StorageVolumeChecker (StorageVolumeChecker.java:checkAllVolumes(203)) - Scheduled health check for volume /home/runner/work/ozone/ozone/mnt/ozone/hadoop-ozone/integration-test/target/test-dir/MiniOzoneClusterImpl-24e24ab0-2885-46cc-b3c8-2159e7c871dc/datanode-0/data/ratis
2021-07-14 22:48:55,088 [Listener at 127.0.0.1/45761] INFO  ozoneimpl.ContainerReader (ContainerReader.java:<init>(98)) - Running in upgrade mode:true
2021-07-14 22:48:55,095 [Thread-690] INFO  ozoneimpl.ContainerReader (ContainerReader.java:readVolume(142)) - Start to verify containers on volume /home/runner/work/ozone/ozone/mnt/ozone/hadoop-ozone/integration-test/target/test-dir/MiniOzoneClusterImpl-24e24ab0-2885-46cc-b3c8-2159e7c871dc/datanode-0/data-0/containers/hdds
2021-07-14 22:48:55,096 [Thread-690] INFO  ozoneimpl.ContainerReader (ContainerReader.java:readVolume(174)) - Finish verifying containers on volume /home/runner/work/ozone/ozone/mnt/ozone/hadoop-ozone/integration-test/target/test-dir/MiniOzoneClusterImpl-24e24ab0-2885-46cc-b3c8-2159e7c871dc/datanode-0/data-0/containers/hdds
2021-07-14 22:48:55,096 [Listener at 127.0.0.1/45761] INFO  ozoneimpl.OzoneContainer (OzoneContainer.java:buildContainerSet(237)) - Build ContainerSet costs 0s
2021-07-14 22:48:55,098 [Listener at 127.0.0.1/45761] INFO  server.RaftServer (ConfUtils.java:logGet(44)) - raft.rpc.type = GRPC (default)
2021-07-14 22:48:55,098 [Listener at 127.0.0.1/45761] INFO  grpc.GrpcFactory (GrpcFactory.java:checkPooledByteBufAllocatorUseCacheForAllThreads(48)) - PERFORMANCE WARNING: useCacheForAllThreads is true that may cause Netty to create a lot garbage objects and, as a result, trigger GC.
	It is recommended to disable useCacheForAllThreads by setting -Dorg.apache.ratis.thirdparty.io.netty.allocator.useCacheForAllThreads=false in command line.
2021-07-14 22:48:55,098 [Listener at 127.0.0.1/45761] INFO  grpc.GrpcConfigKeys (ConfUtils.java:logGet(44)) - raft.grpc.admin.port = 41361 (custom)
2021-07-14 22:48:55,098 [Listener at 127.0.0.1/45761] INFO  grpc.GrpcConfigKeys (ConfUtils.java:logGet(44)) - raft.grpc.client.port = 41361 (custom)
2021-07-14 22:48:55,098 [Listener at 127.0.0.1/45761] INFO  grpc.GrpcConfigKeys (ConfUtils.java:logGet(44)) - raft.grpc.server.port = 41361 (custom)
2021-07-14 22:48:55,098 [Listener at 127.0.0.1/45761] INFO  server.GrpcService (ConfUtils.java:logGet(44)) - raft.grpc.message.size.max = 32MB (=33554432) (custom)
2021-07-14 22:48:55,099 [Listener at 127.0.0.1/45761] INFO  server.RaftServerConfigKeys (ConfUtils.java:logGet(44)) - raft.server.log.appender.buffer.byte-limit = 33554432 (custom)
2021-07-14 22:48:55,100 [Listener at 127.0.0.1/45761] INFO  server.GrpcService (ConfUtils.java:logGet(44)) - raft.grpc.flow.control.window = 5MB (=5242880) (custom)
2021-07-14 22:48:55,100 [Listener at 127.0.0.1/45761] INFO  server.RaftServerConfigKeys (ConfUtils.java:logGet(44)) - raft.server.rpc.request.timeout = 60s (custom)
2021-07-14 22:48:55,102 [Listener at 127.0.0.1/45761] INFO  impl.DataStreamServerImpl (ConfUtils.java:logGet(44)) - raft.datastream.type = DISABLED (default)
2021-07-14 22:48:55,104 [Listener at 127.0.0.1/45761] INFO  server.RaftServerConfigKeys (ConfUtils.java:logGet(44)) - raft.server.rpc.slowness.timeout = 300s (custom)
2021-07-14 22:48:55,104 [Listener at 127.0.0.1/45761] INFO  server.RaftServerConfigKeys (ConfUtils.java:logGet(44)) - raft.server.leaderelection.leader.step-down.wait-time = 10s (default)
2021-07-14 22:48:55,105 [Listener at 127.0.0.1/45761] INFO  server.RaftServerConfigKeys (ConfUtils.java:logGet(44)) - raft.server.storage.dir = [/home/runner/work/ozone/ozone/mnt/ozone/hadoop-ozone/integration-test/target/test-dir/MiniOzoneClusterImpl-24e24ab0-2885-46cc-b3c8-2159e7c871dc/datanode-0/data/ratis] (custom)
2021-07-14 22:48:55,105 [Listener at 127.0.0.1/45761] INFO  server.RaftServer (RaftServerProxy.java:lambda$null$1(235)) - 8c203391-d7bf-416a-8a2d-d45edeb19bdd: found a subdirectory /home/runner/work/ozone/ozone/mnt/ozone/hadoop-ozone/integration-test/target/test-dir/MiniOzoneClusterImpl-24e24ab0-2885-46cc-b3c8-2159e7c871dc/datanode-0/data/ratis/2e7739fb-a07e-47ad-b374-4e43a94260fe
2021-07-14 22:48:55,111 [Listener at 127.0.0.1/45761] INFO  server.RaftServer (RaftServerProxy.java:addNew(95)) - 8c203391-d7bf-416a-8a2d-d45edeb19bdd: addNew group-4E43A94260FE:[] returns group-4E43A94260FE:java.util.concurrent.CompletableFuture@1059f962[Not completed]
2021-07-14 22:48:55,111 [Listener at 127.0.0.1/45761] INFO  server.RaftServer (RaftServerProxy.java:lambda$null$1(235)) - 8c203391-d7bf-416a-8a2d-d45edeb19bdd: found a subdirectory /home/runner/work/ozone/ozone/mnt/ozone/hadoop-ozone/integration-test/target/test-dir/MiniOzoneClusterImpl-24e24ab0-2885-46cc-b3c8-2159e7c871dc/datanode-0/data/ratis/a87e27fb-2904-4402-887c-3da7cfc98dde
2021-07-14 22:48:55,111 [Listener at 127.0.0.1/45761] INFO  server.RaftServer (RaftServerProxy.java:addNew(95)) - 8c203391-d7bf-416a-8a2d-d45edeb19bdd: addNew group-3DA7CFC98DDE:[] returns group-3DA7CFC98DDE:java.util.concurrent.CompletableFuture@625d5670[Not completed]
2021-07-14 22:48:55,114 [pool-275-thread-1] INFO  server.RaftServer$Division (RaftServerImpl.java:<init>(180)) - 8c203391-d7bf-416a-8a2d-d45edeb19bdd: new RaftServerImpl for group-4E43A94260FE:[] with ContainerStateMachine:uninitialized
2021-07-14 22:48:55,115 [pool-275-thread-1] INFO  server.RaftServerConfigKeys (ConfUtils.java:logGet(44)) - raft.server.rpc.timeout.min = 5s (custom)
2021-07-14 22:48:55,115 [pool-275-thread-1] INFO  server.RaftServerConfigKeys (ConfUtils.java:logGet(44)) - raft.server.rpc.timeout.max = 5200ms (custom)
2021-07-14 22:48:55,115 [pool-275-thread-1] INFO  server.RaftServerConfigKeys (ConfUtils.java:logGet(44)) - raft.server.rpc.sleep.time = 25ms (default)
2021-07-14 22:48:55,115 [pool-275-thread-1] INFO  server.RaftServerConfigKeys (ConfUtils.java:logGet(44)) - raft.server.rpc.slowness.timeout = 300s (custom)
2021-07-14 22:48:55,115 [pool-275-thread-1] INFO  server.RaftServerConfigKeys (ConfUtils.java:logGet(44)) - raft.server.leaderelection.leader.step-down.wait-time = 10s (default)
2021-07-14 22:48:55,115 [pool-275-thread-1] INFO  server.RaftServerConfigKeys (ConfUtils.java:logGet(44)) - raft.server.sleep.deviation.threshold = 300ms (default)
2021-07-14 22:48:55,115 [pool-275-thread-1] INFO  server.RaftServerConfigKeys (ConfUtils.java:logGet(44)) - raft.server.log.appender.install.snapshot.enabled = false (custom)
2021-07-14 22:48:55,115 [pool-275-thread-1] INFO  server.RaftServer$Division (ServerState.java:<init>(105)) - 8c203391-d7bf-416a-8a2d-d45edeb19bdd@group-4E43A94260FE: ConfigurationManager, init=-1: [], old=null, confs=<EMPTY_MAP>
2021-07-14 22:48:55,116 [Listener at 127.0.0.1/45761] INFO  http.BaseHttpServer (BaseHttpServer.java:newHttpServer2BuilderForOzone(209)) - Starting Web-server for hddsDatanode at: http://0.0.0.0:42381
2021-07-14 22:48:55,116 [Listener at 127.0.0.1/45761] INFO  http.BaseHttpServer (BaseHttpServer.java:<init>(107)) - Hadoop Security Enabled: false Ozone Security Enabled: false Ozone HTTP Security Enabled: false 
2021-07-14 22:48:55,116 [pool-275-thread-1] INFO  server.RaftServerConfigKeys (ConfUtils.java:logGet(44)) - raft.server.storage.dir = [/home/runner/work/ozone/ozone/mnt/ozone/hadoop-ozone/integration-test/target/test-dir/MiniOzoneClusterImpl-24e24ab0-2885-46cc-b3c8-2159e7c871dc/datanode-0/data/ratis] (custom)
2021-07-14 22:48:55,116 [pool-275-thread-1] INFO  server.RaftServerConfigKeys (ConfUtils.java:logGet(44)) - raft.server.log.corruption.policy = EXCEPTION (default)
2021-07-14 22:48:55,117 [Listener at 127.0.0.1/45761] INFO  server.AuthenticationFilter (AuthenticationFilter.java:constructSecretProvider(240)) - Unable to initialize FileSignerSecretProvider, falling back to use random secrets.
2021-07-14 22:48:55,118 [pool-275-thread-1] INFO  storage.RaftStorageDirectory (RaftStorageDirectoryImpl.java:tryLock(215)) - Lock on /home/runner/work/ozone/ozone/mnt/ozone/hadoop-ozone/integration-test/target/test-dir/MiniOzoneClusterImpl-24e24ab0-2885-46cc-b3c8-2159e7c871dc/datanode-0/data/ratis/2e7739fb-a07e-47ad-b374-4e43a94260fe/in_use.lock acquired by nodename 23783@fv-az122-479
2021-07-14 22:48:55,118 [pool-275-thread-1] INFO  storage.RaftStorage (RaftStorageImpl.java:analyzeAndRecoverStorage(108)) - Read RaftStorageMetadata{term=1, votedFor=8c203391-d7bf-416a-8a2d-d45edeb19bdd} from /home/runner/work/ozone/ozone/mnt/ozone/hadoop-ozone/integration-test/target/test-dir/MiniOzoneClusterImpl-24e24ab0-2885-46cc-b3c8-2159e7c871dc/datanode-0/data/ratis/2e7739fb-a07e-47ad-b374-4e43a94260fe/current/raft-meta
2021-07-14 22:48:55,123 [Listener at 127.0.0.1/45761] WARN  http.HttpRequestLog (HttpRequestLog.java:getRequestLog(103)) - Jetty request log can only be enabled using Log4j
2021-07-14 22:48:55,124 [Listener at 127.0.0.1/45761] INFO  http.HttpServer2 (HttpServer2.java:addGlobalFilter(1020)) - Added global filter 'safety' (class=org.apache.hadoop.hdds.server.http.HttpServer2$QuotingInputFilter)
2021-07-14 22:48:55,124 [Listener at 127.0.0.1/45761] INFO  http.HttpServer2 (HttpServer2.java:addFilter(996)) - Added filter static_user_filter (class=org.apache.hadoop.http.lib.StaticUserWebFilter$StaticUserFilter) to context hddsDatanode
2021-07-14 22:48:55,124 [Listener at 127.0.0.1/45761] INFO  http.HttpServer2 (HttpServer2.java:addFilter(1004)) - Added filter static_user_filter (class=org.apache.hadoop.http.lib.StaticUserWebFilter$StaticUserFilter) to context logs
2021-07-14 22:48:55,125 [Listener at 127.0.0.1/45761] INFO  http.HttpServer2 (HttpServer2.java:addFilter(1004)) - Added filter static_user_filter (class=org.apache.hadoop.http.lib.StaticUserWebFilter$StaticUserFilter) to context static
2021-07-14 22:48:55,125 [Listener at 127.0.0.1/45761] INFO  http.HttpServer2 (HttpServer2.java:bindListener(1238)) - Jetty bound to port 42381
2021-07-14 22:48:55,125 [Listener at 127.0.0.1/45761] INFO  server.Server (Server.java:doStart(375)) - jetty-9.4.35.v20201120; built: 2020-11-20T21:17:03.964Z; git: bdc54f03a5e0a7e280fab27f55c3c75ee8da89fb; jvm 1.8.0_292-b10
2021-07-14 22:48:55,167 [Listener at 127.0.0.1/45761] INFO  server.session (DefaultSessionIdManager.java:doStart(334)) - DefaultSessionIdManager workerName=node0
2021-07-14 22:48:55,167 [Listener at 127.0.0.1/45761] INFO  server.session (DefaultSessionIdManager.java:doStart(339)) - No SessionScavenger set, using defaults
2021-07-14 22:48:55,167 [Listener at 127.0.0.1/45761] INFO  server.session (HouseKeeper.java:startScavenging(132)) - node0 Scavenging every 600000ms
2021-07-14 22:48:55,172 [pool-275-thread-1] INFO  ratis.ContainerStateMachine (ContainerStateMachine.java:loadSnapshot(232)) - group-4E43A94260FE: Setting the last applied index to (t:1, i:0)
2021-07-14 22:48:55,175 [pool-275-thread-1] INFO  server.RaftServer$Division (ServerState.java:setRaftConf(373)) - 8c203391-d7bf-416a-8a2d-d45edeb19bdd@group-4E43A94260FE: set configuration 0: [8c203391-d7bf-416a-8a2d-d45edeb19bdd|rpc:10.1.0.26:41361|dataStream:|priority:1], old=null
2021-07-14 22:48:55,175 [pool-275-thread-1] INFO  server.RaftServerConfigKeys (ConfUtils.java:logGet(44)) - raft.server.notification.no-leader.timeout = 300s (custom)
2021-07-14 22:48:55,175 [Listener at 127.0.0.1/45761] INFO  handler.ContextHandler (ContextHandler.java:doStart(916)) - Started o.e.j.s.ServletContextHandler@27a0109e{logs,/logs,file:///home/runner/work/ozone/ozone/mnt/ozone/hadoop-ozone/integration-test/target/log,AVAILABLE}
2021-07-14 22:48:55,176 [pool-275-thread-1] INFO  server.RaftServerConfigKeys (ConfUtils.java:logGet(44)) - raft.server.log.use.memory = false (default)
2021-07-14 22:48:55,176 [pool-275-thread-1] INFO  server.RaftServerConfigKeys (ConfUtils.java:logGet(44)) - raft.server.log.purge.gap = 1000000 (custom)
2021-07-14 22:48:55,176 [pool-275-thread-1] INFO  server.RaftServerConfigKeys (ConfUtils.java:logGet(44)) - raft.server.log.appender.buffer.byte-limit = 33554432 (custom)
2021-07-14 22:48:55,176 [pool-275-thread-1] INFO  metrics.RatisMetrics (RatisMetrics.java:lambda$create$0(36)) - Creating Metrics Registry : ratis.log_worker.8c203391-d7bf-416a-8a2d-d45edeb19bdd@group-4E43A94260FE
2021-07-14 22:48:55,176 [pool-275-thread-1] INFO  server.RaftServerConfigKeys (ConfUtils.java:logGet(44)) - raft.server.log.segment.size.max = 1048576 (custom)
2021-07-14 22:48:55,177 [pool-275-thread-1] INFO  server.RaftServerConfigKeys (ConfUtils.java:logGet(44)) - raft.server.log.segment.cache.num.max = 2 (custom)
2021-07-14 22:48:55,177 [pool-275-thread-1] INFO  server.RaftServerConfigKeys (ConfUtils.java:logGet(44)) - raft.server.log.segment.cache.size.max = 200MB (=209715200) (default)
2021-07-14 22:48:55,177 [pool-275-thread-1] INFO  segmented.SegmentedRaftLogWorker (SegmentedRaftLogWorker.java:<init>(182)) - new 8c203391-d7bf-416a-8a2d-d45edeb19bdd@group-4E43A94260FE-SegmentedRaftLogWorker for RaftStorageImpl:Storage Directory /home/runner/work/ozone/ozone/mnt/ozone/hadoop-ozone/integration-test/target/test-dir/MiniOzoneClusterImpl-24e24ab0-2885-46cc-b3c8-2159e7c871dc/datanode-0/data/ratis/2e7739fb-a07e-47ad-b374-4e43a94260fe
2021-07-14 22:48:55,177 [pool-275-thread-1] INFO  server.RaftServerConfigKeys (ConfUtils.java:logGet(44)) - raft.server.log.queue.byte-limit = 2147483647 (custom)
2021-07-14 22:48:55,177 [pool-275-thread-1] INFO  server.RaftServerConfigKeys (ConfUtils.java:logGet(44)) - raft.server.log.queue.element-limit = 1024 (custom)
2021-07-14 22:48:55,177 [pool-275-thread-1] INFO  server.RaftServerConfigKeys (ConfUtils.java:logGet(44)) - raft.server.log.segment.size.max = 1048576 (custom)
2021-07-14 22:48:55,177 [pool-275-thread-1] INFO  server.RaftServerConfigKeys (ConfUtils.java:logGet(44)) - raft.server.log.preallocated.size = 16384 (custom)
2021-07-14 22:48:55,177 [pool-275-thread-1] INFO  server.RaftServerConfigKeys (ConfUtils.java:logGet(44)) - raft.server.log.force.sync.num = 128 (default)
2021-07-14 22:48:55,177 [pool-275-thread-1] INFO  server.RaftServerConfigKeys (ConfUtils.java:logGet(44)) - raft.server.log.statemachine.data.sync = true (default)
2021-07-14 22:48:55,178 [pool-275-thread-1] INFO  server.RaftServerConfigKeys (ConfUtils.java:logGet(44)) - raft.server.log.statemachine.data.sync.timeout = 10s (default)
2021-07-14 22:48:55,178 [pool-275-thread-1] INFO  server.RaftServerConfigKeys (ConfUtils.java:logGet(44)) - raft.server.log.statemachine.data.sync.timeout.retry = -1 (default)
2021-07-14 22:48:55,176 [Listener at 127.0.0.1/45761] INFO  handler.ContextHandler (ContextHandler.java:doStart(916)) - Started o.e.j.s.ServletContextHandler@13f2573d{static,/static,jar:file:/home/runner/.m2/repository/org/apache/ozone/hdds-container-service/1.2.0-SNAPSHOT/hdds-container-service-1.2.0-SNAPSHOT.jar!/webapps/static,AVAILABLE}
2021-07-14 22:48:55,179 [pool-275-thread-1] INFO  server.RaftServerConfigKeys (ConfUtils.java:logGet(44)) - raft.server.log.write.buffer.size = 1048576 (custom)
2021-07-14 22:48:55,185 [pool-275-thread-1] INFO  server.RaftServerConfigKeys (ConfUtils.java:logGet(44)) - raft.server.log.statemachine.data.caching.enabled = true (custom)
2021-07-14 22:48:55,196 [pool-275-thread-1] INFO  server.RaftServer$Division (ServerState.java:setRaftConf(373)) - 8c203391-d7bf-416a-8a2d-d45edeb19bdd@group-4E43A94260FE: set configuration 0: [8c203391-d7bf-416a-8a2d-d45edeb19bdd|rpc:10.1.0.26:41361|dataStream:|priority:1], old=null
2021-07-14 22:48:55,197 [pool-275-thread-1] INFO  segmented.LogSegment (LogSegment.java:loadSegment(173)) - Successfully read 1 entries from segment file /home/runner/work/ozone/ozone/mnt/ozone/hadoop-ozone/integration-test/target/test-dir/MiniOzoneClusterImpl-24e24ab0-2885-46cc-b3c8-2159e7c871dc/datanode-0/data/ratis/2e7739fb-a07e-47ad-b374-4e43a94260fe/current/log_inprogress_0
2021-07-14 22:48:55,197 [pool-275-thread-1] INFO  segmented.SegmentedRaftLogWorker (SegmentedRaftLogWorker.java:lambda$new$0(133)) - 8c203391-d7bf-416a-8a2d-d45edeb19bdd@group-4E43A94260FE-SegmentedRaftLogWorker: flushIndex: setUnconditionally 0 -> 0
2021-07-14 22:48:55,197 [pool-275-thread-1] INFO  segmented.SegmentedRaftLogWorker (SegmentedRaftLogWorker.java:lambda$new$0(133)) - 8c203391-d7bf-416a-8a2d-d45edeb19bdd@group-4E43A94260FE-SegmentedRaftLogWorker: safeCacheEvictIndex: setUnconditionally 0 -> -1
2021-07-14 22:48:55,198 [pool-275-thread-1] INFO  server.RaftServerConfigKeys (ConfUtils.java:logGet(44)) - raft.server.snapshot.auto.trigger.enabled = true (custom)
2021-07-14 22:48:55,198 [pool-275-thread-1] INFO  server.RaftServerConfigKeys (ConfUtils.java:logGet(44)) - raft.server.snapshot.auto.trigger.threshold = 10000 (custom)
2021-07-14 22:48:55,198 [pool-275-thread-1] INFO  server.RaftServerConfigKeys (ConfUtils.java:logGet(44)) - raft.server.snapshot.retention.file.num = 5 (custom)
2021-07-14 22:48:55,198 [pool-275-thread-1] INFO  server.RaftServerConfigKeys (ConfUtils.java:logGet(44)) - raft.server.log.purge.upto.snapshot.index = false (default)
2021-07-14 22:48:55,198 [pool-275-thread-1] INFO  server.RaftServerConfigKeys (ConfUtils.java:logGet(44)) - raft.server.retrycache.expirytime = 600000ms (custom)
2021-07-14 22:48:55,198 [pool-275-thread-1] INFO  server.RaftServerConfigKeys (ConfUtils.java:logGet(44)) - raft.server.retrycache.statistics.expirytime = 100μs (default)
2021-07-14 22:48:55,198 [pool-275-thread-1] INFO  metrics.RatisMetrics (RatisMetrics.java:lambda$create$0(36)) - Creating Metrics Registry : ratis.leader_election.8c203391-d7bf-416a-8a2d-d45edeb19bdd@group-4E43A94260FE
2021-07-14 22:48:55,198 [pool-275-thread-1] INFO  metrics.RatisMetrics (RatisMetrics.java:lambda$create$0(36)) - Creating Metrics Registry : ratis.server.8c203391-d7bf-416a-8a2d-d45edeb19bdd@group-4E43A94260FE
2021-07-14 22:48:55,209 [pool-275-thread-1] INFO  server.RaftServer$Division (RaftServerImpl.java:<init>(180)) - 8c203391-d7bf-416a-8a2d-d45edeb19bdd: new RaftServerImpl for group-3DA7CFC98DDE:[] with ContainerStateMachine:uninitialized
2021-07-14 22:48:55,209 [pool-275-thread-1] INFO  server.RaftServerConfigKeys (ConfUtils.java:logGet(44)) - raft.server.rpc.timeout.min = 5s (custom)
2021-07-14 22:48:55,209 [pool-275-thread-1] INFO  server.RaftServerConfigKeys (ConfUtils.java:logGet(44)) - raft.server.rpc.timeout.max = 5200ms (custom)
2021-07-14 22:48:55,209 [pool-275-thread-1] INFO  server.RaftServerConfigKeys (ConfUtils.java:logGet(44)) - raft.server.rpc.sleep.time = 25ms (default)
2021-07-14 22:48:55,209 [pool-275-thread-1] INFO  server.RaftServerConfigKeys (ConfUtils.java:logGet(44)) - raft.server.rpc.slowness.timeout = 300s (custom)
2021-07-14 22:48:55,209 [pool-275-thread-1] INFO  server.RaftServerConfigKeys (ConfUtils.java:logGet(44)) - raft.server.leaderelection.leader.step-down.wait-time = 10s (default)
2021-07-14 22:48:55,209 [pool-275-thread-1] INFO  server.RaftServerConfigKeys (ConfUtils.java:logGet(44)) - raft.server.sleep.deviation.threshold = 300ms (default)
2021-07-14 22:48:55,210 [pool-275-thread-1] INFO  server.RaftServerConfigKeys (ConfUtils.java:logGet(44)) - raft.server.log.appender.install.snapshot.enabled = false (custom)
2021-07-14 22:48:55,210 [pool-275-thread-1] INFO  server.RaftServer$Division (ServerState.java:<init>(105)) - 8c203391-d7bf-416a-8a2d-d45edeb19bdd@group-3DA7CFC98DDE: ConfigurationManager, init=-1: [], old=null, confs=<EMPTY_MAP>
2021-07-14 22:48:55,210 [pool-275-thread-1] INFO  server.RaftServerConfigKeys (ConfUtils.java:logGet(44)) - raft.server.storage.dir = [/home/runner/work/ozone/ozone/mnt/ozone/hadoop-ozone/integration-test/target/test-dir/MiniOzoneClusterImpl-24e24ab0-2885-46cc-b3c8-2159e7c871dc/datanode-0/data/ratis] (custom)
2021-07-14 22:48:55,210 [pool-275-thread-1] INFO  server.RaftServerConfigKeys (ConfUtils.java:logGet(44)) - raft.server.log.corruption.policy = EXCEPTION (default)
2021-07-14 22:48:55,211 [pool-275-thread-1] INFO  storage.RaftStorageDirectory (RaftStorageDirectoryImpl.java:tryLock(215)) - Lock on /home/runner/work/ozone/ozone/mnt/ozone/hadoop-ozone/integration-test/target/test-dir/MiniOzoneClusterImpl-24e24ab0-2885-46cc-b3c8-2159e7c871dc/datanode-0/data/ratis/a87e27fb-2904-4402-887c-3da7cfc98dde/in_use.lock acquired by nodename 23783@fv-az122-479
2021-07-14 22:48:55,211 [pool-275-thread-1] INFO  storage.RaftStorage (RaftStorageImpl.java:analyzeAndRecoverStorage(108)) - Read RaftStorageMetadata{term=13, votedFor=13cc7e77-570e-489a-8f95-9257e310d74c} from /home/runner/work/ozone/ozone/mnt/ozone/hadoop-ozone/integration-test/target/test-dir/MiniOzoneClusterImpl-24e24ab0-2885-46cc-b3c8-2159e7c871dc/datanode-0/data/ratis/a87e27fb-2904-4402-887c-3da7cfc98dde/current/raft-meta
2021-07-14 22:48:55,212 [pool-275-thread-1] INFO  ratis.ContainerStateMachine (ContainerStateMachine.java:loadSnapshot(232)) - group-3DA7CFC98DDE: Setting the last applied index to (t:13, i:0)
2021-07-14 22:48:55,212 [pool-275-thread-1] INFO  server.RaftServer$Division (ServerState.java:setRaftConf(373)) - 8c203391-d7bf-416a-8a2d-d45edeb19bdd@group-3DA7CFC98DDE: set configuration 0: [8c203391-d7bf-416a-8a2d-d45edeb19bdd|rpc:10.1.0.26:41361|dataStream:|priority:0, 13cc7e77-570e-489a-8f95-9257e310d74c|rpc:10.1.0.26:36681|dataStream:|priority:1, 8eebc958-9398-4984-8b85-05c7775d5731|rpc:10.1.0.26:46601|dataStream:|priority:0], old=null
2021-07-14 22:48:55,212 [pool-275-thread-1] INFO  server.RaftServerConfigKeys (ConfUtils.java:logGet(44)) - raft.server.notification.no-leader.timeout = 300s (custom)
2021-07-14 22:48:55,213 [pool-275-thread-1] INFO  server.RaftServerConfigKeys (ConfUtils.java:logGet(44)) - raft.server.log.use.memory = false (default)
2021-07-14 22:48:55,213 [pool-275-thread-1] INFO  server.RaftServerConfigKeys (ConfUtils.java:logGet(44)) - raft.server.log.purge.gap = 1000000 (custom)
2021-07-14 22:48:55,213 [pool-275-thread-1] INFO  server.RaftServerConfigKeys (ConfUtils.java:logGet(44)) - raft.server.log.appender.buffer.byte-limit = 33554432 (custom)
2021-07-14 22:48:55,213 [pool-275-thread-1] INFO  metrics.RatisMetrics (RatisMetrics.java:lambda$create$0(36)) - Creating Metrics Registry : ratis.log_worker.8c203391-d7bf-416a-8a2d-d45edeb19bdd@group-3DA7CFC98DDE
2021-07-14 22:48:55,213 [pool-275-thread-1] INFO  server.RaftServerConfigKeys (ConfUtils.java:logGet(44)) - raft.server.log.segment.size.max = 1048576 (custom)
2021-07-14 22:48:55,214 [pool-275-thread-1] INFO  server.RaftServerConfigKeys (ConfUtils.java:logGet(44)) - raft.server.log.segment.cache.num.max = 2 (custom)
2021-07-14 22:48:55,214 [pool-275-thread-1] INFO  server.RaftServerConfigKeys (ConfUtils.java:logGet(44)) - raft.server.log.segment.cache.size.max = 200MB (=209715200) (default)
2021-07-14 22:48:55,214 [pool-275-thread-1] INFO  segmented.SegmentedRaftLogWorker (SegmentedRaftLogWorker.java:<init>(182)) - new 8c203391-d7bf-416a-8a2d-d45edeb19bdd@group-3DA7CFC98DDE-SegmentedRaftLogWorker for RaftStorageImpl:Storage Directory /home/runner/work/ozone/ozone/mnt/ozone/hadoop-ozone/integration-test/target/test-dir/MiniOzoneClusterImpl-24e24ab0-2885-46cc-b3c8-2159e7c871dc/datanode-0/data/ratis/a87e27fb-2904-4402-887c-3da7cfc98dde
2021-07-14 22:48:55,214 [pool-275-thread-1] INFO  server.RaftServerConfigKeys (ConfUtils.java:logGet(44)) - raft.server.log.queue.byte-limit = 2147483647 (custom)
2021-07-14 22:48:55,214 [pool-275-thread-1] INFO  server.RaftServerConfigKeys (ConfUtils.java:logGet(44)) - raft.server.log.queue.element-limit = 1024 (custom)
2021-07-14 22:48:55,214 [pool-275-thread-1] INFO  server.RaftServerConfigKeys (ConfUtils.java:logGet(44)) - raft.server.log.segment.size.max = 1048576 (custom)
2021-07-14 22:48:55,220 [pool-275-thread-1] INFO  server.RaftServerConfigKeys (ConfUtils.java:logGet(44)) - raft.server.log.preallocated.size = 16384 (custom)
2021-07-14 22:48:55,220 [pool-275-thread-1] INFO  server.RaftServerConfigKeys (ConfUtils.java:logGet(44)) - raft.server.log.force.sync.num = 128 (default)
2021-07-14 22:48:55,220 [pool-275-thread-1] INFO  server.RaftServerConfigKeys (ConfUtils.java:logGet(44)) - raft.server.log.statemachine.data.sync = true (default)
2021-07-14 22:48:55,220 [pool-275-thread-1] INFO  server.RaftServerConfigKeys (ConfUtils.java:logGet(44)) - raft.server.log.statemachine.data.sync.timeout = 10s (default)
2021-07-14 22:48:55,220 [pool-275-thread-1] INFO  server.RaftServerConfigKeys (ConfUtils.java:logGet(44)) - raft.server.log.statemachine.data.sync.timeout.retry = -1 (default)
2021-07-14 22:48:55,221 [pool-275-thread-1] INFO  server.RaftServerConfigKeys (ConfUtils.java:logGet(44)) - raft.server.log.write.buffer.size = 1048576 (custom)
2021-07-14 22:48:55,221 [pool-275-thread-1] INFO  server.RaftServerConfigKeys (ConfUtils.java:logGet(44)) - raft.server.log.statemachine.data.caching.enabled = true (custom)
2021-07-14 22:48:55,222 [pool-275-thread-1] INFO  server.RaftServer$Division (ServerState.java:setRaftConf(373)) - 8c203391-d7bf-416a-8a2d-d45edeb19bdd@group-3DA7CFC98DDE: set configuration 0: [8c203391-d7bf-416a-8a2d-d45edeb19bdd|rpc:10.1.0.26:41361|dataStream:|priority:0, 13cc7e77-570e-489a-8f95-9257e310d74c|rpc:10.1.0.26:36681|dataStream:|priority:1, 8eebc958-9398-4984-8b85-05c7775d5731|rpc:10.1.0.26:46601|dataStream:|priority:0], old=null
2021-07-14 22:48:55,222 [pool-275-thread-1] INFO  segmented.LogSegment (LogSegment.java:loadSegment(173)) - Successfully read 1 entries from segment file /home/runner/work/ozone/ozone/mnt/ozone/hadoop-ozone/integration-test/target/test-dir/MiniOzoneClusterImpl-24e24ab0-2885-46cc-b3c8-2159e7c871dc/datanode-0/data/ratis/a87e27fb-2904-4402-887c-3da7cfc98dde/current/log_inprogress_0
2021-07-14 22:48:55,223 [pool-275-thread-1] INFO  segmented.SegmentedRaftLogWorker (SegmentedRaftLogWorker.java:lambda$new$0(133)) - 8c203391-d7bf-416a-8a2d-d45edeb19bdd@group-3DA7CFC98DDE-SegmentedRaftLogWorker: flushIndex: setUnconditionally 0 -> 0
2021-07-14 22:48:55,223 [pool-275-thread-1] INFO  segmented.SegmentedRaftLogWorker (SegmentedRaftLogWorker.java:lambda$new$0(133)) - 8c203391-d7bf-416a-8a2d-d45edeb19bdd@group-3DA7CFC98DDE-SegmentedRaftLogWorker: safeCacheEvictIndex: setUnconditionally 0 -> -1
2021-07-14 22:48:55,226 [pool-275-thread-1] INFO  server.RaftServerConfigKeys (ConfUtils.java:logGet(44)) - raft.server.snapshot.auto.trigger.enabled = true (custom)
2021-07-14 22:48:55,226 [pool-275-thread-1] INFO  server.RaftServerConfigKeys (ConfUtils.java:logGet(44)) - raft.server.snapshot.auto.trigger.threshold = 10000 (custom)
2021-07-14 22:48:55,226 [pool-275-thread-1] INFO  server.RaftServerConfigKeys (ConfUtils.java:logGet(44)) - raft.server.snapshot.retention.file.num = 5 (custom)
2021-07-14 22:48:55,226 [pool-275-thread-1] INFO  server.RaftServerConfigKeys (ConfUtils.java:logGet(44)) - raft.server.log.purge.upto.snapshot.index = false (default)
2021-07-14 22:48:55,226 [pool-275-thread-1] INFO  server.RaftServerConfigKeys (ConfUtils.java:logGet(44)) - raft.server.retrycache.expirytime = 600000ms (custom)
2021-07-14 22:48:55,226 [pool-275-thread-1] INFO  server.RaftServerConfigKeys (ConfUtils.java:logGet(44)) - raft.server.retrycache.statistics.expirytime = 100μs (default)
2021-07-14 22:48:55,226 [pool-275-thread-1] INFO  metrics.RatisMetrics (RatisMetrics.java:lambda$create$0(36)) - Creating Metrics Registry : ratis.leader_election.8c203391-d7bf-416a-8a2d-d45edeb19bdd@group-3DA7CFC98DDE
2021-07-14 22:48:55,227 [pool-275-thread-1] INFO  metrics.RatisMetrics (RatisMetrics.java:lambda$create$0(36)) - Creating Metrics Registry : ratis.server.8c203391-d7bf-416a-8a2d-d45edeb19bdd@group-3DA7CFC98DDE
2021-07-14 22:48:55,249 [Listener at 127.0.0.1/45761] INFO  handler.ContextHandler (ContextHandler.java:doStart(916)) - Started o.e.j.w.WebAppContext@43ea5064{hddsDatanode,/,file:///tmp/jetty-0_0_0_0-42381-hdds-container-service-1_2_0-SNAPSHOT_jar-_-any-7772986228997656558/webapp/,AVAILABLE}{jar:file:/home/runner/.m2/repository/org/apache/ozone/hdds-container-service/1.2.0-SNAPSHOT/hdds-container-service-1.2.0-SNAPSHOT.jar!/webapps/hddsDatanode}
2021-07-14 22:48:55,250 [Listener at 127.0.0.1/45761] INFO  server.AbstractConnector (AbstractConnector.java:doStart(331)) - Started ServerConnector@396ca326{HTTP/1.1, (http/1.1)}{0.0.0.0:42381}
2021-07-14 22:48:55,250 [Listener at 127.0.0.1/45761] INFO  server.Server (Server.java:doStart(415)) - Started @133707ms
2021-07-14 22:48:55,250 [Listener at 127.0.0.1/45761] WARN  impl.MetricsSystemImpl (MetricsSystemImpl.java:register(279)) - Sink prometheus already exists!
2021-07-14 22:48:55,251 [Listener at 127.0.0.1/45761] INFO  http.BaseHttpServer (BaseHttpServer.java:updateConnectorAddress(329)) - HTTP server of hddsDatanode listening at http://0.0.0.0:42381
2021-07-14 22:48:55,263 [org.apache.hadoop.util.JvmPauseMonitor$Monitor@647f1589] INFO  util.JvmPauseMonitor (JvmPauseMonitor.java:run(188)) - Starting JVM pause monitor
2021-07-14 22:48:55,587 [Datanode State Machine Thread - 0] ERROR datanode.RunningDatanodeState (RunningDatanodeState.java:computeNextContainerState(199)) - Error in executing end point task.
java.util.concurrent.ExecutionException: java.util.concurrent.TimeoutException
	at java.util.concurrent.FutureTask.report(FutureTask.java:122)
	at java.util.concurrent.FutureTask.get(FutureTask.java:192)
	at org.apache.hadoop.ozone.container.common.states.datanode.RunningDatanodeState.computeNextContainerState(RunningDatanodeState.java:191)
	at org.apache.hadoop.ozone.container.common.states.datanode.RunningDatanodeState.await(RunningDatanodeState.java:231)
	at org.apache.hadoop.ozone.container.common.states.datanode.RunningDatanodeState.await(RunningDatanodeState.java:50)
	at org.apache.hadoop.ozone.container.common.statemachine.StateContext.execute(StateContext.java:629)
	at org.apache.hadoop.ozone.container.common.statemachine.DatanodeStateMachine.start(DatanodeStateMachine.java:269)
	at org.apache.hadoop.ozone.container.common.statemachine.DatanodeStateMachine.lambda$startDaemon$0(DatanodeStateMachine.java:454)
	at java.lang.Thread.run(Thread.java:748)
Caused by: java.util.concurrent.TimeoutException
	at java.util.concurrent.FutureTask.get(FutureTask.java:205)
	at org.apache.hadoop.ozone.container.common.states.datanode.RunningDatanodeState.lambda$execute$0(RunningDatanodeState.java:149)
	at java.util.concurrent.FutureTask.run(FutureTask.java:266)
	at java.util.concurrent.Executors$RunnableAdapter.call(Executors.java:511)
	at java.util.concurrent.FutureTask.run(FutureTask.java:266)
	at java.util.concurrent.ThreadPoolExecutor.runWorker(ThreadPoolExecutor.java:1149)
	at java.util.concurrent.ThreadPoolExecutor$Worker.run(ThreadPoolExecutor.java:624)
	... 1 more
2021-07-14 22:48:55,589 [EndpointStateMachine task thread for /0.0.0.0:34745 - 0 ] INFO  ipc.Client (Client.java:handleConnectionFailure(977)) - Retrying connect to server: 0.0.0.0/0.0.0.0:34745. Already tried 4 time(s); retry policy is RetryUpToMaximumCountWithFixedSleep(maxRetries=15, sleepTime=1000 MILLISECONDS)
2021-07-14 22:48:56,590 [EndpointStateMachine task thread for /0.0.0.0:34745 - 0 ] INFO  ipc.Client (Client.java:handleConnectionFailure(977)) - Retrying connect to server: 0.0.0.0/0.0.0.0:34745. Already tried 5 time(s); retry policy is RetryUpToMaximumCountWithFixedSleep(maxRetries=15, sleepTime=1000 MILLISECONDS)
2021-07-14 22:48:57,027 [grpc-default-executor-1] WARN  server.GrpcLogAppender (LogUtils.java:warn(122)) - 13cc7e77-570e-489a-8f95-9257e310d74c@group-3DA7CFC98DDE->8c203391-d7bf-416a-8a2d-d45edeb19bdd-AppendLogResponseHandler: Failed appendEntries: org.apache.ratis.thirdparty.io.grpc.StatusRuntimeException: UNAVAILABLE: io exception
2021-07-14 22:48:57,028 [grpc-default-executor-1] WARN  server.GrpcLogAppender (GrpcLogAppender.java:resetClient(111)) - 13cc7e77-570e-489a-8f95-9257e310d74c@group-3DA7CFC98DDE->8c203391-d7bf-416a-8a2d-d45edeb19bdd-GrpcLogAppender: Leader has not got in touch with Follower 13cc7e77-570e-489a-8f95-9257e310d74c@group-3DA7CFC98DDE->8c203391-d7bf-416a-8a2d-d45edeb19bdd(c0,m0,n1, attendVote=true, lastRpcSendTime=1, lastRpcResponseTime=2503) yet, just keep nextIndex unchanged and retry.
2021-07-14 22:48:57,591 [EndpointStateMachine task thread for /0.0.0.0:34745 - 0 ] INFO  ipc.Client (Client.java:handleConnectionFailure(977)) - Retrying connect to server: 0.0.0.0/0.0.0.0:34745. Already tried 6 time(s); retry policy is RetryUpToMaximumCountWithFixedSleep(maxRetries=15, sleepTime=1000 MILLISECONDS)
2021-07-14 22:48:58,592 [EndpointStateMachine task thread for /0.0.0.0:34745 - 0 ] INFO  ipc.Client (Client.java:handleConnectionFailure(977)) - Retrying connect to server: 0.0.0.0/0.0.0.0:34745. Already tried 7 time(s); retry policy is RetryUpToMaximumCountWithFixedSleep(maxRetries=15, sleepTime=1000 MILLISECONDS)
2021-07-14 22:48:59,526 [grpc-default-executor-1] WARN  server.GrpcLogAppender (LogUtils.java:warn(122)) - 13cc7e77-570e-489a-8f95-9257e310d74c@group-3DA7CFC98DDE->8c203391-d7bf-416a-8a2d-d45edeb19bdd-AppendLogResponseHandler: Failed appendEntries: org.apache.ratis.thirdparty.io.grpc.StatusRuntimeException: UNAVAILABLE: io exception
2021-07-14 22:48:59,527 [grpc-default-executor-1] WARN  server.GrpcLogAppender (GrpcLogAppender.java:resetClient(111)) - 13cc7e77-570e-489a-8f95-9257e310d74c@group-3DA7CFC98DDE->8c203391-d7bf-416a-8a2d-d45edeb19bdd-GrpcLogAppender: Leader has not got in touch with Follower 13cc7e77-570e-489a-8f95-9257e310d74c@group-3DA7CFC98DDE->8c203391-d7bf-416a-8a2d-d45edeb19bdd(c0,m0,n1, attendVote=true, lastRpcSendTime=1, lastRpcResponseTime=5002) yet, just keep nextIndex unchanged and retry.
2021-07-14 22:48:59,593 [EndpointStateMachine task thread for /0.0.0.0:34745 - 0 ] INFO  ipc.Client (Client.java:handleConnectionFailure(977)) - Retrying connect to server: 0.0.0.0/0.0.0.0:34745. Already tried 8 time(s); retry policy is RetryUpToMaximumCountWithFixedSleep(maxRetries=15, sleepTime=1000 MILLISECONDS)
2021-07-14 22:49:00,473 [Datanode State Machine Thread - 0] ERROR datanode.RunningDatanodeState (RunningDatanodeState.java:computeNextContainerState(199)) - Error in executing end point task.
java.util.concurrent.ExecutionException: java.util.concurrent.TimeoutException
	at java.util.concurrent.FutureTask.report(FutureTask.java:122)
	at java.util.concurrent.FutureTask.get(FutureTask.java:192)
	at org.apache.hadoop.ozone.container.common.states.datanode.RunningDatanodeState.computeNextContainerState(RunningDatanodeState.java:191)
	at org.apache.hadoop.ozone.container.common.states.datanode.RunningDatanodeState.await(RunningDatanodeState.java:231)
	at org.apache.hadoop.ozone.container.common.states.datanode.RunningDatanodeState.await(RunningDatanodeState.java:50)
	at org.apache.hadoop.ozone.container.common.statemachine.StateContext.execute(StateContext.java:629)
	at org.apache.hadoop.ozone.container.common.statemachine.DatanodeStateMachine.start(DatanodeStateMachine.java:269)
	at org.apache.hadoop.ozone.container.common.statemachine.DatanodeStateMachine.lambda$startDaemon$0(DatanodeStateMachine.java:454)
	at java.lang.Thread.run(Thread.java:748)
Caused by: java.util.concurrent.TimeoutException
	at java.util.concurrent.FutureTask.get(FutureTask.java:205)
	at org.apache.hadoop.ozone.container.common.states.datanode.RunningDatanodeState.lambda$execute$0(RunningDatanodeState.java:149)
	at java.util.concurrent.FutureTask.run(FutureTask.java:266)
	at java.util.concurrent.Executors$RunnableAdapter.call(Executors.java:511)
	at java.util.concurrent.FutureTask.run(FutureTask.java:266)
	at java.util.concurrent.ThreadPoolExecutor.runWorker(ThreadPoolExecutor.java:1149)
	at java.util.concurrent.ThreadPoolExecutor$Worker.run(ThreadPoolExecutor.java:624)
	... 1 more
2021-07-14 22:49:00,594 [EndpointStateMachine task thread for /0.0.0.0:34745 - 0 ] INFO  ipc.Client (Client.java:handleConnectionFailure(977)) - Retrying connect to server: 0.0.0.0/0.0.0.0:34745. Already tried 9 time(s); retry policy is RetryUpToMaximumCountWithFixedSleep(maxRetries=15, sleepTime=1000 MILLISECONDS)
2021-07-14 22:49:01,265 [Datanode State Machine Thread - 0] ERROR datanode.RunningDatanodeState (RunningDatanodeState.java:computeNextContainerState(199)) - Error in executing end point task.
java.util.concurrent.ExecutionException: java.util.concurrent.TimeoutException
	at java.util.concurrent.FutureTask.report(FutureTask.java:122)
	at java.util.concurrent.FutureTask.get(FutureTask.java:192)
	at org.apache.hadoop.ozone.container.common.states.datanode.RunningDatanodeState.computeNextContainerState(RunningDatanodeState.java:191)
	at org.apache.hadoop.ozone.container.common.states.datanode.RunningDatanodeState.await(RunningDatanodeState.java:231)
	at org.apache.hadoop.ozone.container.common.states.datanode.RunningDatanodeState.await(RunningDatanodeState.java:50)
	at org.apache.hadoop.ozone.container.common.statemachine.StateContext.execute(StateContext.java:629)
	at org.apache.hadoop.ozone.container.common.statemachine.DatanodeStateMachine.start(DatanodeStateMachine.java:269)
	at org.apache.hadoop.ozone.container.common.statemachine.DatanodeStateMachine.lambda$startDaemon$0(DatanodeStateMachine.java:454)
	at java.lang.Thread.run(Thread.java:748)
Caused by: java.util.concurrent.TimeoutException
	at java.util.concurrent.FutureTask.get(FutureTask.java:205)
	at org.apache.hadoop.ozone.container.common.states.datanode.RunningDatanodeState.lambda$execute$0(RunningDatanodeState.java:149)
	at java.util.concurrent.FutureTask.run(FutureTask.java:266)
	at java.util.concurrent.Executors$RunnableAdapter.call(Executors.java:511)
	at java.util.concurrent.FutureTask.run(FutureTask.java:266)
	at java.util.concurrent.ThreadPoolExecutor.runWorker(ThreadPoolExecutor.java:1149)
	at java.util.concurrent.ThreadPoolExecutor$Worker.run(ThreadPoolExecutor.java:624)
	... 1 more
2021-07-14 22:49:01,594 [EndpointStateMachine task thread for /0.0.0.0:34745 - 0 ] INFO  ipc.Client (Client.java:handleConnectionFailure(977)) - Retrying connect to server: 0.0.0.0/0.0.0.0:34745. Already tried 10 time(s); retry policy is RetryUpToMaximumCountWithFixedSleep(maxRetries=15, sleepTime=1000 MILLISECONDS)
2021-07-14 22:49:02,027 [grpc-default-executor-1] WARN  server.GrpcLogAppender (LogUtils.java:warn(122)) - 13cc7e77-570e-489a-8f95-9257e310d74c@group-3DA7CFC98DDE->8c203391-d7bf-416a-8a2d-d45edeb19bdd-AppendLogResponseHandler: Failed appendEntries: org.apache.ratis.thirdparty.io.grpc.StatusRuntimeException: UNAVAILABLE: io exception
2021-07-14 22:49:02,028 [grpc-default-executor-1] WARN  server.GrpcLogAppender (GrpcLogAppender.java:resetClient(111)) - 13cc7e77-570e-489a-8f95-9257e310d74c@group-3DA7CFC98DDE->8c203391-d7bf-416a-8a2d-d45edeb19bdd-GrpcLogAppender: Leader has not got in touch with Follower 13cc7e77-570e-489a-8f95-9257e310d74c@group-3DA7CFC98DDE->8c203391-d7bf-416a-8a2d-d45edeb19bdd(c0,m0,n1, attendVote=true, lastRpcSendTime=0, lastRpcResponseTime=7502) yet, just keep nextIndex unchanged and retry.
2021-07-14 22:49:02,595 [EndpointStateMachine task thread for /0.0.0.0:34745 - 0 ] INFO  ipc.Client (Client.java:handleConnectionFailure(977)) - Retrying connect to server: 0.0.0.0/0.0.0.0:34745. Already tried 11 time(s); retry policy is RetryUpToMaximumCountWithFixedSleep(maxRetries=15, sleepTime=1000 MILLISECONDS)
2021-07-14 22:49:03,596 [EndpointStateMachine task thread for /0.0.0.0:34745 - 0 ] INFO  ipc.Client (Client.java:handleConnectionFailure(977)) - Retrying connect to server: 0.0.0.0/0.0.0.0:34745. Already tried 12 time(s); retry policy is RetryUpToMaximumCountWithFixedSleep(maxRetries=15, sleepTime=1000 MILLISECONDS)
2021-07-14 22:49:04,484 [Datanode State Machine Thread - 0] ERROR datanode.RunningDatanodeState (RunningDatanodeState.java:computeNextContainerState(199)) - Error in executing end point task.
java.util.concurrent.ExecutionException: java.util.concurrent.TimeoutException
	at java.util.concurrent.FutureTask.report(FutureTask.java:122)
	at java.util.concurrent.FutureTask.get(FutureTask.java:192)
	at org.apache.hadoop.ozone.container.common.states.datanode.RunningDatanodeState.computeNextContainerState(RunningDatanodeState.java:191)
	at org.apache.hadoop.ozone.container.common.states.datanode.RunningDatanodeState.await(RunningDatanodeState.java:231)
	at org.apache.hadoop.ozone.container.common.states.datanode.RunningDatanodeState.await(RunningDatanodeState.java:50)
	at org.apache.hadoop.ozone.container.common.statemachine.StateContext.execute(StateContext.java:629)
	at org.apache.hadoop.ozone.container.common.statemachine.DatanodeStateMachine.start(DatanodeStateMachine.java:269)
	at org.apache.hadoop.ozone.container.common.statemachine.DatanodeStateMachine.lambda$startDaemon$0(DatanodeStateMachine.java:454)
	at java.lang.Thread.run(Thread.java:748)
Caused by: java.util.concurrent.TimeoutException
	at java.util.concurrent.FutureTask.get(FutureTask.java:205)
	at org.apache.hadoop.ozone.container.common.states.datanode.RunningDatanodeState.lambda$execute$0(RunningDatanodeState.java:149)
	at java.util.concurrent.FutureTask.run(FutureTask.java:266)
	at java.util.concurrent.Executors$RunnableAdapter.call(Executors.java:511)
	at java.util.concurrent.FutureTask.run(FutureTask.java:266)
	at java.util.concurrent.ThreadPoolExecutor.runWorker(ThreadPoolExecutor.java:1149)
	at java.util.concurrent.ThreadPoolExecutor$Worker.run(ThreadPoolExecutor.java:624)
	... 1 more
2021-07-14 22:49:04,527 [grpc-default-executor-1] WARN  server.GrpcLogAppender (LogUtils.java:warn(122)) - 13cc7e77-570e-489a-8f95-9257e310d74c@group-3DA7CFC98DDE->8c203391-d7bf-416a-8a2d-d45edeb19bdd-AppendLogResponseHandler: Failed appendEntries: org.apache.ratis.thirdparty.io.grpc.StatusRuntimeException: UNAVAILABLE: io exception
2021-07-14 22:49:04,528 [grpc-default-executor-1] WARN  server.GrpcLogAppender (GrpcLogAppender.java:resetClient(111)) - 13cc7e77-570e-489a-8f95-9257e310d74c@group-3DA7CFC98DDE->8c203391-d7bf-416a-8a2d-d45edeb19bdd-GrpcLogAppender: Leader has not got in touch with Follower 13cc7e77-570e-489a-8f95-9257e310d74c@group-3DA7CFC98DDE->8c203391-d7bf-416a-8a2d-d45edeb19bdd(c0,m0,n1, attendVote=true, lastRpcSendTime=0, lastRpcResponseTime=10003) yet, just keep nextIndex unchanged and retry.
2021-07-14 22:49:04,597 [EndpointStateMachine task thread for /0.0.0.0:34745 - 0 ] INFO  ipc.Client (Client.java:handleConnectionFailure(977)) - Retrying connect to server: 0.0.0.0/0.0.0.0:34745. Already tried 13 time(s); retry policy is RetryUpToMaximumCountWithFixedSleep(maxRetries=15, sleepTime=1000 MILLISECONDS)
2021-07-14 22:49:05,597 [Datanode State Machine Thread - 0] ERROR datanode.RunningDatanodeState (RunningDatanodeState.java:computeNextContainerState(199)) - Error in executing end point task.
java.util.concurrent.ExecutionException: java.util.concurrent.TimeoutException
	at java.util.concurrent.FutureTask.report(FutureTask.java:122)
	at java.util.concurrent.FutureTask.get(FutureTask.java:192)
	at org.apache.hadoop.ozone.container.common.states.datanode.RunningDatanodeState.computeNextContainerState(RunningDatanodeState.java:191)
	at org.apache.hadoop.ozone.container.common.states.datanode.RunningDatanodeState.await(RunningDatanodeState.java:231)
	at org.apache.hadoop.ozone.container.common.states.datanode.RunningDatanodeState.await(RunningDatanodeState.java:50)
	at org.apache.hadoop.ozone.container.common.statemachine.StateContext.execute(StateContext.java:629)
	at org.apache.hadoop.ozone.container.common.statemachine.DatanodeStateMachine.start(DatanodeStateMachine.java:269)
	at org.apache.hadoop.ozone.container.common.statemachine.DatanodeStateMachine.lambda$startDaemon$0(DatanodeStateMachine.java:454)
	at java.lang.Thread.run(Thread.java:748)
Caused by: java.util.concurrent.TimeoutException
	at java.util.concurrent.FutureTask.get(FutureTask.java:205)
	at org.apache.hadoop.ozone.container.common.states.datanode.RunningDatanodeState.lambda$execute$0(RunningDatanodeState.java:149)
	at java.util.concurrent.FutureTask.run(FutureTask.java:266)
	at java.util.concurrent.Executors$RunnableAdapter.call(Executors.java:511)
	at java.util.concurrent.FutureTask.run(FutureTask.java:266)
	at java.util.concurrent.ThreadPoolExecutor.runWorker(ThreadPoolExecutor.java:1149)
	at java.util.concurrent.ThreadPoolExecutor$Worker.run(ThreadPoolExecutor.java:624)
	... 1 more
2021-07-14 22:49:05,597 [EndpointStateMachine task thread for /0.0.0.0:34745 - 0 ] INFO  ipc.Client (Client.java:handleConnectionFailure(977)) - Retrying connect to server: 0.0.0.0/0.0.0.0:34745. Already tried 14 time(s); retry policy is RetryUpToMaximumCountWithFixedSleep(maxRetries=15, sleepTime=1000 MILLISECONDS)
2021-07-14 22:49:05,600 [EndpointStateMachine task thread for /0.0.0.0:34745 - 0 ] WARN  statemachine.EndpointStateMachine (EndpointStateMachine.java:logIfNeeded(236)) - Unable to communicate to SCM server at 0.0.0.0:34745 for past 0 seconds.
java.net.ConnectException: Your endpoint configuration is wrong; For more details see:  http://wiki.apache.org/hadoop/UnsetHostnameOrPort
	at sun.reflect.NativeConstructorAccessorImpl.newInstance0(Native Method)
	at sun.reflect.NativeConstructorAccessorImpl.newInstance(NativeConstructorAccessorImpl.java:62)
	at sun.reflect.DelegatingConstructorAccessorImpl.newInstance(DelegatingConstructorAccessorImpl.java:45)
	at java.lang.reflect.Constructor.newInstance(Constructor.java:423)
	at org.apache.hadoop.net.NetUtils.wrapWithMessage(NetUtils.java:913)
	at org.apache.hadoop.net.NetUtils.wrapException(NetUtils.java:824)
	at org.apache.hadoop.ipc.Client.getRpcResponse(Client.java:1577)
	at org.apache.hadoop.ipc.Client.call(Client.java:1519)
	at org.apache.hadoop.ipc.Client.call(Client.java:1416)
	at org.apache.hadoop.ipc.ProtobufRpcEngine$Invoker.invoke(ProtobufRpcEngine.java:236)
	at org.apache.hadoop.ipc.ProtobufRpcEngine$Invoker.invoke(ProtobufRpcEngine.java:123)
	at com.sun.proxy.$Proxy48.submitRequest(Unknown Source)
	at org.apache.hadoop.ozone.protocolPB.StorageContainerDatanodeProtocolClientSideTranslatorPB.submitRequest(StorageContainerDatanodeProtocolClientSideTranslatorPB.java:117)
	at org.apache.hadoop.ozone.protocolPB.StorageContainerDatanodeProtocolClientSideTranslatorPB.sendHeartbeat(StorageContainerDatanodeProtocolClientSideTranslatorPB.java:149)
	at org.apache.hadoop.ozone.container.common.states.endpoint.HeartbeatEndpointTask.call(HeartbeatEndpointTask.java:179)
	at org.apache.hadoop.ozone.container.common.states.endpoint.HeartbeatEndpointTask.call(HeartbeatEndpointTask.java:82)
	at java.util.concurrent.FutureTask.run(FutureTask.java:266)
	at java.util.concurrent.ThreadPoolExecutor.runWorker(ThreadPoolExecutor.java:1149)
	at java.util.concurrent.ThreadPoolExecutor$Worker.run(ThreadPoolExecutor.java:624)
	at java.lang.Thread.run(Thread.java:748)
Caused by: java.net.ConnectException: Connection refused
	at sun.nio.ch.SocketChannelImpl.checkConnect(Native Method)
	at sun.nio.ch.SocketChannelImpl.finishConnect(SocketChannelImpl.java:716)
	at org.apache.hadoop.net.SocketIOWithTimeout.connect(SocketIOWithTimeout.java:206)
	at org.apache.hadoop.net.NetUtils.connect(NetUtils.java:586)
	at org.apache.hadoop.ipc.Client$Connection.setupConnection(Client.java:701)
	at org.apache.hadoop.ipc.Client$Connection.setupIOstreams(Client.java:822)
	at org.apache.hadoop.ipc.Client$Connection.access$3800(Client.java:414)
	at org.apache.hadoop.ipc.Client.getConnection(Client.java:1647)
	at org.apache.hadoop.ipc.Client.call(Client.java:1463)
	... 12 more
2021-07-14 22:49:06,489 [Datanode State Machine Thread - 0] ERROR datanode.RunningDatanodeState (RunningDatanodeState.java:computeNextContainerState(199)) - Error in executing end point task.
java.util.concurrent.ExecutionException: java.util.concurrent.TimeoutException
	at java.util.concurrent.FutureTask.report(FutureTask.java:122)
	at java.util.concurrent.FutureTask.get(FutureTask.java:192)
	at org.apache.hadoop.ozone.container.common.states.datanode.RunningDatanodeState.computeNextContainerState(RunningDatanodeState.java:191)
	at org.apache.hadoop.ozone.container.common.states.datanode.RunningDatanodeState.await(RunningDatanodeState.java:231)
	at org.apache.hadoop.ozone.container.common.states.datanode.RunningDatanodeState.await(RunningDatanodeState.java:50)
	at org.apache.hadoop.ozone.container.common.statemachine.StateContext.execute(StateContext.java:629)
	at org.apache.hadoop.ozone.container.common.statemachine.DatanodeStateMachine.start(DatanodeStateMachine.java:269)
	at org.apache.hadoop.ozone.container.common.statemachine.DatanodeStateMachine.lambda$startDaemon$0(DatanodeStateMachine.java:454)
	at java.lang.Thread.run(Thread.java:748)
Caused by: java.util.concurrent.TimeoutException
	at java.util.concurrent.FutureTask.get(FutureTask.java:205)
	at org.apache.hadoop.ozone.container.common.states.datanode.RunningDatanodeState.lambda$execute$0(RunningDatanodeState.java:149)
	at java.util.concurrent.FutureTask.run(FutureTask.java:266)
	at java.util.concurrent.Executors$RunnableAdapter.call(Executors.java:511)
	at java.util.concurrent.FutureTask.run(FutureTask.java:266)
	at java.util.concurrent.ThreadPoolExecutor.runWorker(ThreadPoolExecutor.java:1149)
	at java.util.concurrent.ThreadPoolExecutor$Worker.run(ThreadPoolExecutor.java:624)
	... 1 more
2021-07-14 22:49:06,602 [EndpointStateMachine task thread for /0.0.0.0:34745 - 0 ] INFO  ipc.Client (Client.java:handleConnectionFailure(977)) - Retrying connect to server: 0.0.0.0/0.0.0.0:34745. Already tried 0 time(s); retry policy is RetryUpToMaximumCountWithFixedSleep(maxRetries=15, sleepTime=1000 MILLISECONDS)
2021-07-14 22:49:07,028 [grpc-default-executor-1] WARN  server.GrpcLogAppender (LogUtils.java:warn(122)) - 13cc7e77-570e-489a-8f95-9257e310d74c@group-3DA7CFC98DDE->8c203391-d7bf-416a-8a2d-d45edeb19bdd-AppendLogResponseHandler: Failed appendEntries: org.apache.ratis.thirdparty.io.grpc.StatusRuntimeException: UNAVAILABLE: io exception
2021-07-14 22:49:07,028 [grpc-default-executor-1] WARN  server.GrpcLogAppender (GrpcLogAppender.java:resetClient(111)) - 13cc7e77-570e-489a-8f95-9257e310d74c@group-3DA7CFC98DDE->8c203391-d7bf-416a-8a2d-d45edeb19bdd-GrpcLogAppender: Leader has not got in touch with Follower 13cc7e77-570e-489a-8f95-9257e310d74c@group-3DA7CFC98DDE->8c203391-d7bf-416a-8a2d-d45edeb19bdd(c0,m0,n1, attendVote=true, lastRpcSendTime=0, lastRpcResponseTime=12503) yet, just keep nextIndex unchanged and retry.
2021-07-14 22:49:07,492 [Datanode State Machine Thread - 0] ERROR datanode.RunningDatanodeState (RunningDatanodeState.java:computeNextContainerState(199)) - Error in executing end point task.
java.util.concurrent.ExecutionException: java.util.concurrent.TimeoutException
	at java.util.concurrent.FutureTask.report(FutureTask.java:122)
	at java.util.concurrent.FutureTask.get(FutureTask.java:192)
	at org.apache.hadoop.ozone.container.common.states.datanode.RunningDatanodeState.computeNextContainerState(RunningDatanodeState.java:191)
	at org.apache.hadoop.ozone.container.common.states.datanode.RunningDatanodeState.await(RunningDatanodeState.java:231)
	at org.apache.hadoop.ozone.container.common.states.datanode.RunningDatanodeState.await(RunningDatanodeState.java:50)
	at org.apache.hadoop.ozone.container.common.statemachine.StateContext.execute(StateContext.java:629)
	at org.apache.hadoop.ozone.container.common.statemachine.DatanodeStateMachine.start(DatanodeStateMachine.java:269)
	at org.apache.hadoop.ozone.container.common.statemachine.DatanodeStateMachine.lambda$startDaemon$0(DatanodeStateMachine.java:454)
	at java.lang.Thread.run(Thread.java:748)
Caused by: java.util.concurrent.TimeoutException
	at java.util.concurrent.FutureTask.get(FutureTask.java:205)
	at org.apache.hadoop.ozone.container.common.states.datanode.RunningDatanodeState.lambda$execute$0(RunningDatanodeState.java:149)
	at java.util.concurrent.FutureTask.run(FutureTask.java:266)
	at java.util.concurrent.Executors$RunnableAdapter.call(Executors.java:511)
	at java.util.concurrent.FutureTask.run(FutureTask.java:266)
	at java.util.concurrent.ThreadPoolExecutor.runWorker(ThreadPoolExecutor.java:1149)
	at java.util.concurrent.ThreadPoolExecutor$Worker.run(ThreadPoolExecutor.java:624)
	... 1 more
2021-07-14 22:49:07,603 [EndpointStateMachine task thread for /0.0.0.0:34745 - 0 ] INFO  ipc.Client (Client.java:handleConnectionFailure(977)) - Retrying connect to server: 0.0.0.0/0.0.0.0:34745. Already tried 1 time(s); retry policy is RetryUpToMaximumCountWithFixedSleep(maxRetries=15, sleepTime=1000 MILLISECONDS)
2021-07-14 22:49:08,598 [Datanode State Machine Thread - 0] ERROR datanode.RunningDatanodeState (RunningDatanodeState.java:computeNextContainerState(199)) - Error in executing end point task.
java.util.concurrent.ExecutionException: java.util.concurrent.TimeoutException
	at java.util.concurrent.FutureTask.report(FutureTask.java:122)
	at java.util.concurrent.FutureTask.get(FutureTask.java:192)
	at org.apache.hadoop.ozone.container.common.states.datanode.RunningDatanodeState.computeNextContainerState(RunningDatanodeState.java:191)
	at org.apache.hadoop.ozone.container.common.states.datanode.RunningDatanodeState.await(RunningDatanodeState.java:231)
	at org.apache.hadoop.ozone.container.common.states.datanode.RunningDatanodeState.await(RunningDatanodeState.java:50)
	at org.apache.hadoop.ozone.container.common.statemachine.StateContext.execute(StateContext.java:629)
	at org.apache.hadoop.ozone.container.common.statemachine.DatanodeStateMachine.start(DatanodeStateMachine.java:269)
	at org.apache.hadoop.ozone.container.common.statemachine.DatanodeStateMachine.lambda$startDaemon$0(DatanodeStateMachine.java:454)
	at java.lang.Thread.run(Thread.java:748)
Caused by: java.util.concurrent.TimeoutException
	at java.util.concurrent.FutureTask.get(FutureTask.java:205)
	at org.apache.hadoop.ozone.container.common.states.datanode.RunningDatanodeState.lambda$execute$0(RunningDatanodeState.java:149)
	at java.util.concurrent.FutureTask.run(FutureTask.java:266)
	at java.util.concurrent.Executors$RunnableAdapter.call(Executors.java:511)
	at java.util.concurrent.FutureTask.run(FutureTask.java:266)
	at java.util.concurrent.ThreadPoolExecutor.runWorker(ThreadPoolExecutor.java:1149)
	at java.util.concurrent.ThreadPoolExecutor$Worker.run(ThreadPoolExecutor.java:624)
	... 1 more
2021-07-14 22:49:08,604 [EndpointStateMachine task thread for /0.0.0.0:34745 - 0 ] INFO  ipc.Client (Client.java:handleConnectionFailure(977)) - Retrying connect to server: 0.0.0.0/0.0.0.0:34745. Already tried 2 time(s); retry policy is RetryUpToMaximumCountWithFixedSleep(maxRetries=15, sleepTime=1000 MILLISECONDS)
2021-07-14 22:49:09,499 [Datanode State Machine Thread - 0] ERROR datanode.RunningDatanodeState (RunningDatanodeState.java:computeNextContainerState(199)) - Error in executing end point task.
java.util.concurrent.ExecutionException: java.util.concurrent.TimeoutException
	at java.util.concurrent.FutureTask.report(FutureTask.java:122)
	at java.util.concurrent.FutureTask.get(FutureTask.java:192)
	at org.apache.hadoop.ozone.container.common.states.datanode.RunningDatanodeState.computeNextContainerState(RunningDatanodeState.java:191)
	at org.apache.hadoop.ozone.container.common.states.datanode.RunningDatanodeState.await(RunningDatanodeState.java:231)
	at org.apache.hadoop.ozone.container.common.states.datanode.RunningDatanodeState.await(RunningDatanodeState.java:50)
	at org.apache.hadoop.ozone.container.common.statemachine.StateContext.execute(StateContext.java:629)
	at org.apache.hadoop.ozone.container.common.statemachine.DatanodeStateMachine.start(DatanodeStateMachine.java:269)
	at org.apache.hadoop.ozone.container.common.statemachine.DatanodeStateMachine.lambda$startDaemon$0(DatanodeStateMachine.java:454)
	at java.lang.Thread.run(Thread.java:748)
Caused by: java.util.concurrent.TimeoutException
	at java.util.concurrent.FutureTask.get(FutureTask.java:205)
	at org.apache.hadoop.ozone.container.common.states.datanode.RunningDatanodeState.lambda$execute$0(RunningDatanodeState.java:149)
	at java.util.concurrent.FutureTask.run(FutureTask.java:266)
	at java.util.concurrent.Executors$RunnableAdapter.call(Executors.java:511)
	at java.util.concurrent.FutureTask.run(FutureTask.java:266)
	at java.util.concurrent.ThreadPoolExecutor.runWorker(ThreadPoolExecutor.java:1149)
	at java.util.concurrent.ThreadPoolExecutor$Worker.run(ThreadPoolExecutor.java:624)
	... 1 more
2021-07-14 22:49:09,528 [grpc-default-executor-1] WARN  server.GrpcLogAppender (LogUtils.java:warn(122)) - 13cc7e77-570e-489a-8f95-9257e310d74c@group-3DA7CFC98DDE->8c203391-d7bf-416a-8a2d-d45edeb19bdd-AppendLogResponseHandler: Failed appendEntries: org.apache.ratis.thirdparty.io.grpc.StatusRuntimeException: UNAVAILABLE: io exception
2021-07-14 22:49:09,529 [grpc-default-executor-1] WARN  server.GrpcLogAppender (GrpcLogAppender.java:resetClient(111)) - 13cc7e77-570e-489a-8f95-9257e310d74c@group-3DA7CFC98DDE->8c203391-d7bf-416a-8a2d-d45edeb19bdd-GrpcLogAppender: Leader has not got in touch with Follower 13cc7e77-570e-489a-8f95-9257e310d74c@group-3DA7CFC98DDE->8c203391-d7bf-416a-8a2d-d45edeb19bdd(c0,m0,n1, attendVote=true, lastRpcSendTime=0, lastRpcResponseTime=15004) yet, just keep nextIndex unchanged and retry.
2021-07-14 22:49:09,605 [EndpointStateMachine task thread for /0.0.0.0:34745 - 0 ] INFO  ipc.Client (Client.java:handleConnectionFailure(977)) - Retrying connect to server: 0.0.0.0/0.0.0.0:34745. Already tried 3 time(s); retry policy is RetryUpToMaximumCountWithFixedSleep(maxRetries=15, sleepTime=1000 MILLISECONDS)
2021-07-14 22:49:10,607 [EndpointStateMachine task thread for /0.0.0.0:34745 - 0 ] INFO  ipc.Client (Client.java:handleConnectionFailure(977)) - Retrying connect to server: 0.0.0.0/0.0.0.0:34745. Already tried 4 time(s); retry policy is RetryUpToMaximumCountWithFixedSleep(maxRetries=15, sleepTime=1000 MILLISECONDS)
2021-07-14 22:49:11,608 [EndpointStateMachine task thread for /0.0.0.0:34745 - 0 ] INFO  ipc.Client (Client.java:handleConnectionFailure(977)) - Retrying connect to server: 0.0.0.0/0.0.0.0:34745. Already tried 5 time(s); retry policy is RetryUpToMaximumCountWithFixedSleep(maxRetries=15, sleepTime=1000 MILLISECONDS)
2021-07-14 22:49:12,028 [grpc-default-executor-1] WARN  server.GrpcLogAppender (LogUtils.java:warn(122)) - 13cc7e77-570e-489a-8f95-9257e310d74c@group-3DA7CFC98DDE->8c203391-d7bf-416a-8a2d-d45edeb19bdd-AppendLogResponseHandler: Failed appendEntries: org.apache.ratis.thirdparty.io.grpc.StatusRuntimeException: UNAVAILABLE: io exception
2021-07-14 22:49:12,029 [grpc-default-executor-1] WARN  server.GrpcLogAppender (GrpcLogAppender.java:resetClient(111)) - 13cc7e77-570e-489a-8f95-9257e310d74c@group-3DA7CFC98DDE->8c203391-d7bf-416a-8a2d-d45edeb19bdd-GrpcLogAppender: Leader has not got in touch with Follower 13cc7e77-570e-489a-8f95-9257e310d74c@group-3DA7CFC98DDE->8c203391-d7bf-416a-8a2d-d45edeb19bdd(c0,m0,n1, attendVote=true, lastRpcSendTime=0, lastRpcResponseTime=17504) yet, just keep nextIndex unchanged and retry.
2021-07-14 22:49:12,609 [EndpointStateMachine task thread for /0.0.0.0:34745 - 0 ] INFO  ipc.Client (Client.java:handleConnectionFailure(977)) - Retrying connect to server: 0.0.0.0/0.0.0.0:34745. Already tried 6 time(s); retry policy is RetryUpToMaximumCountWithFixedSleep(maxRetries=15, sleepTime=1000 MILLISECONDS)
2021-07-14 22:49:13,610 [EndpointStateMachine task thread for /0.0.0.0:34745 - 0 ] INFO  ipc.Client (Client.java:handleConnectionFailure(977)) - Retrying connect to server: 0.0.0.0/0.0.0.0:34745. Already tried 7 time(s); retry policy is RetryUpToMaximumCountWithFixedSleep(maxRetries=15, sleepTime=1000 MILLISECONDS)
2021-07-14 22:49:14,529 [grpc-default-executor-1] WARN  server.GrpcLogAppender (LogUtils.java:warn(122)) - 13cc7e77-570e-489a-8f95-9257e310d74c@group-3DA7CFC98DDE->8c203391-d7bf-416a-8a2d-d45edeb19bdd-AppendLogResponseHandler: Failed appendEntries: org.apache.ratis.thirdparty.io.grpc.StatusRuntimeException: UNAVAILABLE: io exception
2021-07-14 22:49:14,530 [grpc-default-executor-1] WARN  server.GrpcLogAppender (GrpcLogAppender.java:resetClient(111)) - 13cc7e77-570e-489a-8f95-9257e310d74c@group-3DA7CFC98DDE->8c203391-d7bf-416a-8a2d-d45edeb19bdd-GrpcLogAppender: Leader has not got in touch with Follower 13cc7e77-570e-489a-8f95-9257e310d74c@group-3DA7CFC98DDE->8c203391-d7bf-416a-8a2d-d45edeb19bdd(c0,m0,n1, attendVote=true, lastRpcSendTime=0, lastRpcResponseTime=20005) yet, just keep nextIndex unchanged and retry.
2021-07-14 22:49:14,611 [EndpointStateMachine task thread for /0.0.0.0:34745 - 0 ] INFO  ipc.Client (Client.java:handleConnectionFailure(977)) - Retrying connect to server: 0.0.0.0/0.0.0.0:34745. Already tried 8 time(s); retry policy is RetryUpToMaximumCountWithFixedSleep(maxRetries=15, sleepTime=1000 MILLISECONDS)
2021-07-14 22:49:15,262 [Listener at 127.0.0.1/45761] INFO  ozone.MiniOzoneClusterImpl (MiniOzoneClusterImpl.java:restartStorageContainerManager(356)) - Restarting SCM in cluster class org.apache.hadoop.ozone.MiniOzoneClusterImpl
2021-07-14 22:49:15,263 [Listener at 127.0.0.1/45761] INFO  server.StorageContainerManager (StorageContainerManager.java:stop(1334)) - Stopping Replication Manager Service.
2021-07-14 22:49:15,263 [Listener at 127.0.0.1/45761] INFO  container.ReplicationManager (ReplicationManager.java:stop(268)) - Replication Monitor Thread is not running.
2021-07-14 22:49:15,263 [Listener at 127.0.0.1/45761] INFO  server.StorageContainerManager (StorageContainerManager.java:stop(1341)) - Stopping the Datanode Admin Monitor.
2021-07-14 22:49:15,263 [Listener at 127.0.0.1/45761] INFO  server.StorageContainerManager (StorageContainerManager.java:stop(1348)) - Stopping Lease Manager of the command watchers
2021-07-14 22:49:15,263 [Listener at 127.0.0.1/45761] ERROR server.StorageContainerManager (StorageContainerManager.java:stop(1351)) - Lease Manager of the command watchers stop failed
2021-07-14 22:49:15,263 [Listener at 127.0.0.1/45761] INFO  server.StorageContainerManager (StorageContainerManager.java:stop(1355)) - Stopping datanode service RPC server
2021-07-14 22:49:15,263 [Listener at 127.0.0.1/45761] INFO  server.SCMDatanodeProtocolServer (SCMDatanodeProtocolServer.java:stop(389)) - Stopping the RPC server for DataNodes
2021-07-14 22:49:15,263 [Listener at 127.0.0.1/45761] INFO  ipc.Server (Server.java:stop(3414)) - Stopping server on 34745
2021-07-14 22:49:15,264 [Listener at 127.0.0.1/45761] INFO  server.StorageContainerManager (StorageContainerManager.java:stop(1363)) - Stopping block service RPC server
2021-07-14 22:49:15,264 [Listener at 127.0.0.1/45761] INFO  server.SCMBlockProtocolServer (SCMBlockProtocolServer.java:stop(160)) - Stopping the RPC server for Block Protocol
2021-07-14 22:49:15,264 [Listener at 127.0.0.1/45761] INFO  ipc.Server (Server.java:stop(3414)) - Stopping server on 39293
2021-07-14 22:49:15,264 [Listener at 127.0.0.1/45761] INFO  server.StorageContainerManager (StorageContainerManager.java:stop(1370)) - Stopping the StorageContainerLocationProtocol RPC server
2021-07-14 22:49:15,264 [Listener at 127.0.0.1/45761] INFO  server.SCMClientProtocolServer (SCMClientProtocolServer.java:stop(174)) - Stopping the RPC server for Client Protocol
2021-07-14 22:49:15,264 [Listener at 127.0.0.1/45761] INFO  ipc.Server (Server.java:stop(3414)) - Stopping server on 34471
2021-07-14 22:49:15,264 [Listener at 127.0.0.1/45761] INFO  server.StorageContainerManager (StorageContainerManager.java:stop(1377)) - Stopping Storage Container Manager HTTP server.
2021-07-14 22:49:15,264 [Listener at 127.0.0.1/45761] INFO  server.StorageContainerManager (StorageContainerManager.java:stop(1388)) - Stopping Block Manager Service.
2021-07-14 22:49:15,264 [Listener at 127.0.0.1/45761] INFO  utils.BackgroundService (BackgroundService.java:shutdown(132)) - Shutting down service SCMBlockDeletingService
2021-07-14 22:49:15,264 [Listener at 127.0.0.1/45761] INFO  utils.BackgroundService (BackgroundService.java:shutdown(132)) - Shutting down service SCMBlockDeletingService
2021-07-14 22:49:15,264 [Listener at 127.0.0.1/45761] INFO  server.StorageContainerManager (StorageContainerManager.java:stop(1415)) - Stopping SCM Event Queue.
2021-07-14 22:49:15,265 [Listener at 127.0.0.1/45761] WARN  pipeline.BackgroundPipelineCreator (BackgroundPipelineCreatorV2.java:stop(154)) - RatisPipelineUtilsThread is not running, just ignore.
2021-07-14 22:49:15,266 [Listener at 127.0.0.1/45761] INFO  impl.MetricsSystemImpl (MetricsSystemImpl.java:stop(210)) - Stopping HddsDatanode metrics system...
2021-07-14 22:49:15,271 [prometheus] INFO  impl.MetricsSinkAdapter (MetricsSinkAdapter.java:publishMetricsFromQueue(141)) - prometheus thread interrupted.
2021-07-14 22:49:15,272 [Listener at 127.0.0.1/45761] INFO  impl.MetricsSystemImpl (MetricsSystemImpl.java:stop(216)) - HddsDatanode metrics system stopped.
2021-07-14 22:49:15,272 [Listener at 127.0.0.1/45761] INFO  ha.SCMHANodeDetails (SCMHANodeDetails.java:loadSCMHAConfig(157)) - ServiceID for StorageContainerManager is null
2021-07-14 22:49:15,272 [Listener at 127.0.0.1/45761] INFO  ha.SCMHANodeDetails (SCMHANodeDetails.java:loadSCMHAConfig(162)) - ozone.scm.default.service.id is not defined, falling back to ozone.scm.service.ids to find serviceID for StorageContainerManager if it is HA enabled cluster
2021-07-14 22:49:15,272 [Listener at 127.0.0.1/45761] WARN  server.ServerUtils (ServerUtils.java:getScmDbDir(148)) - ozone.scm.db.dirs is not configured. We recommend adding this setting. Falling back to ozone.metadata.dirs instead.
2021-07-14 22:49:15,273 [Listener at 127.0.0.1/45761] INFO  upgrade.AbstractLayoutVersionManager (AbstractLayoutVersionManager.java:init(70)) - Initializing Layout version manager with metadata layout = SCM_HA (version = 2), software layout = SCM_HA (version = 2)
2021-07-14 22:49:15,366 [Listener at 127.0.0.1/45761] INFO  reflections.Reflections (Reflections.java:scan(232)) - Reflections took 92 ms to scan 7 urls, producing 119 keys and 271 values 
2021-07-14 22:49:15,371 [Listener at 127.0.0.1/45761] WARN  utils.HAUtils (HAUtils.java:getMetaDir(342)) - ozone.scm.db.dirs is not configured. We recommend adding this setting. Falling back to ozone.metadata.dirs instead.
2021-07-14 22:49:15,375 [Listener at 127.0.0.1/45761] WARN  db.DBStoreBuilder (DBStoreBuilder.java:applyDBDefinition(145)) - ozone.scm.db.dirs is not configured. We recommend adding this setting. Falling back to ozone.metadata.dirs instead.
2021-07-14 22:49:15,426 [Listener at 127.0.0.1/45761] INFO  net.NodeSchemaLoader (NodeSchemaLoader.java:loadSchemaFromFile(129)) - Loading schema from [jar:file:/home/runner/.m2/repository/org/apache/ozone/hdds-common/1.2.0-SNAPSHOT/hdds-common-1.2.0-SNAPSHOT.jar!/network-topology-default.xml]
2021-07-14 22:49:15,426 [Listener at 127.0.0.1/45761] INFO  net.NodeSchemaLoader (NodeSchemaLoader.java:loadSchema(176)) - Loading network topology layer schema file
2021-07-14 22:49:15,431 [Listener at 127.0.0.1/45761] INFO  ha.SequenceIdGenerator (SequenceIdGenerator.java:<init>(217)) - Init the HA SequenceIdGenerator.
2021-07-14 22:49:15,432 [Listener at 127.0.0.1/45761] WARN  server.ServerUtils (ServerUtils.java:sanitizeUserArgs(73)) - ozone.scm.stale.node.interval value = 300000 is larger than max = 100000 based on the key value of ozone.scm.heartbeat.thread.interval, reset to the max value 100000.
2021-07-14 22:49:15,432 [Listener at 127.0.0.1/45761] WARN  server.ServerUtils (ServerUtils.java:sanitizeUserArgs(73)) - ozone.scm.stale.node.interval value = 300000 is larger than max = 100000 based on the key value of ozone.scm.heartbeat.thread.interval, reset to the max value 100000.
2021-07-14 22:49:15,432 [Listener at 127.0.0.1/45761] INFO  node.SCMNodeManager (SCMNodeManager.java:<init>(141)) - Entering startup safe mode.
2021-07-14 22:49:15,433 [Listener at 127.0.0.1/45761] INFO  algorithms.ContainerPlacementPolicyFactory (ContainerPlacementPolicyFactory.java:getPolicy(60)) - Create container placement policy of type org.apache.hadoop.hdds.scm.container.placement.algorithms.SCMContainerPlacementRandom
2021-07-14 22:49:15,434 [Listener at 127.0.0.1/45761] INFO  algorithms.LeaderChoosePolicyFactory (LeaderChoosePolicyFactory.java:getPolicy(57)) - Create leader choose policy of type org.apache.hadoop.hdds.scm.pipeline.leader.choose.algorithms.MinLeaderCountChoosePolicy
2021-07-14 22:49:15,435 [Listener at 127.0.0.1/45761] INFO  ha.SCMServiceManager (SCMServiceManager.java:register(43)) - Registering service BackgroundPipelineCreator.
2021-07-14 22:49:15,435 [Listener at 127.0.0.1/45761] INFO  pipeline.BackgroundPipelineCreator (BackgroundPipelineCreatorV2.java:start(130)) - Starting RatisPipelineUtilsThread.
2021-07-14 22:49:15,440 [Listener at 127.0.0.1/45761] INFO  algorithms.PipelineChoosePolicyFactory (PipelineChoosePolicyFactory.java:createPipelineChoosePolicyFromClass(73)) - Create pipeline choose policy of type org.apache.hadoop.hdds.scm.pipeline.choose.algorithms.RandomPipelineChoosePolicy
2021-07-14 22:49:15,441 [Listener at 127.0.0.1/45761] INFO  ha.SCMServiceManager (SCMServiceManager.java:register(43)) - Registering service SCMBlockDeletingService.
2021-07-14 22:49:15,441 [Listener at 127.0.0.1/45761] INFO  ha.SCMServiceManager (SCMServiceManager.java:register(43)) - Registering service ReplicationManager.
2021-07-14 22:49:15,441 [Listener at 127.0.0.1/45761] INFO  container.ReplicationManager (ReplicationManager.java:start(220)) - Starting Replication Monitor Thread.
2021-07-14 22:49:15,441 [Listener at 127.0.0.1/45761] INFO  safemode.ContainerSafeModeRule (ContainerSafeModeRule.java:<init>(89)) - containers with one replica threshold count 0
2021-07-14 22:49:15,442 [Listener at 127.0.0.1/45761] INFO  safemode.HealthyPipelineSafeModeRule (HealthyPipelineSafeModeRule.java:initializeRule(156)) - Total pipeline count is 1, healthy pipeline threshold count is 1
2021-07-14 22:49:15,442 [Listener at 127.0.0.1/45761] INFO  safemode.OneReplicaPipelineSafeModeRule (OneReplicaPipelineSafeModeRule.java:initializeRule(180)) - Total pipeline count is 1, pipeline's with at least one datanode reported threshold count is 1
2021-07-14 22:49:15,443 [Listener at 127.0.0.1/45761] INFO  ipc.CallQueueManager (CallQueueManager.java:<init>(90)) - Using callQueue: class java.util.concurrent.LinkedBlockingQueue, queueCapacity: 2000, scheduler: class org.apache.hadoop.ipc.DefaultRpcScheduler, ipcBackoff: false.
2021-07-14 22:49:15,447 [ReplicationMonitor] INFO  container.ReplicationManager (ReplicationManager.java:run(284)) - Replication Monitor Thread took 0 milliseconds for processing 0 containers.
2021-07-14 22:49:15,448 [Listener at 0.0.0.0/34745] INFO  ipc.CallQueueManager (CallQueueManager.java:<init>(90)) - Using callQueue: class java.util.concurrent.LinkedBlockingQueue, queueCapacity: 2000, scheduler: class org.apache.hadoop.ipc.DefaultRpcScheduler, ipcBackoff: false.
2021-07-14 22:49:15,452 [Time-limited test] INFO  ozone.MiniOzoneClusterImpl (MiniOzoneClusterImpl.java:shutdown(448)) - Shutting down the Mini Ozone Cluster
2021-07-14 22:49:15,452 [Time-limited test] INFO  ozone.MiniOzoneClusterImpl (MiniOzoneClusterImpl.java:stop(463)) - Stopping the Mini Ozone Cluster
2021-07-14 22:49:15,452 [Time-limited test] INFO  ozone.MiniOzoneClusterImpl (MiniOzoneClusterImpl.java:stopOM(545)) - Stopping the OzoneManager
2021-07-14 22:49:15,448 [Socket Reader #1 for port 34745] INFO  ipc.Server (Server.java:run(1265)) - Starting Socket Reader #1 for port 34745
2021-07-14 22:49:15,455 [Socket Reader #1 for port 39293] INFO  ipc.Server (Server.java:run(1265)) - Starting Socket Reader #1 for port 39293
2021-07-14 22:49:15,456 [Listener at 0.0.0.0/39293] INFO  ipc.CallQueueManager (CallQueueManager.java:<init>(90)) - Using callQueue: class java.util.concurrent.LinkedBlockingQueue, queueCapacity: 2000, scheduler: class org.apache.hadoop.ipc.DefaultRpcScheduler, ipcBackoff: false.
2021-07-14 22:49:15,456 [Socket Reader #1 for port 34471] INFO  ipc.Server (Server.java:run(1265)) - Starting Socket Reader #1 for port 34471
2021-07-14 22:49:15,464 [Time-limited test] INFO  ipc.Server (Server.java:stop(3414)) - Stopping server on 45761
2021-07-14 22:49:15,472 [IPC Server listener on 0] INFO  ipc.Server (Server.java:run(1376)) - Stopping IPC Server listener on 0
2021-07-14 22:49:15,472 [Time-limited test] INFO  server.RaftServer (RaftServerProxy.java:lambda$close$6(391)) - om1: close
2021-07-14 22:49:15,472 [IPC Server Responder] INFO  ipc.Server (Server.java:run(1512)) - Stopping IPC Server Responder
2021-07-14 22:49:15,486 [Time-limited test] INFO  server.RaftServer$Division (RaftServerImpl.java:lambda$close$4(406)) - om1@group-C5BA1605619E: shutdown
2021-07-14 22:49:15,486 [Time-limited test] INFO  util.JmxRegister (JmxRegister.java:unregister(73)) - Successfully un-registered JMX Bean with object name Ratis:service=RaftServer,group=group-C5BA1605619E,id=om1
2021-07-14 22:49:15,486 [Time-limited test] INFO  impl.RoleInfo (RoleInfo.java:shutdownLeaderState(91)) - om1: shutdown om1@group-C5BA1605619E-LeaderStateImpl
2021-07-14 22:49:15,487 [Time-limited test] INFO  impl.PendingRequests (PendingRequests.java:sendNotLeaderResponses(249)) - om1@group-C5BA1605619E-PendingRequests: sendNotLeaderResponses
2021-07-14 22:49:15,487 [Time-limited test] INFO  metrics.RatisMetrics (RatisMetrics.java:unregister(43)) - Unregistering Metrics Registry : ratis.log_appender.om1@group-C5BA1605619E
2021-07-14 22:49:15,487 [Time-limited test] INFO  metrics.RatisMetrics (RatisMetrics.java:unregister(43)) - Unregistering Metrics Registry : ratis.server.om1@group-C5BA1605619E
2021-07-14 22:49:15,487 [Time-limited test] INFO  impl.StateMachineUpdater (StateMachineUpdater.java:stopAndJoin(149)) - om1@group-C5BA1605619E-StateMachineUpdater: set stopIndex = 0
2021-07-14 22:49:15,490 [Listener at 0.0.0.0/34471] INFO  server.StorageContainerManager (StorageContainerManager.java:<init>(378)) - 
Container Balancer status:
Key                            Value
Running                        true
Container Balancer Configuration values:
Key                            Value
Threshold                      0.1
Max Datanodes to Balance       5
Max Size to Move               10737418240B

2021-07-14 22:49:15,490 [Listener at 0.0.0.0/34471] WARN  events.EventQueue (EventQueue.java:fireEvent(194)) - No event handler registered for event TypedEvent{payloadType=SafeModeStatus, name='Safe mode status'}
2021-07-14 22:49:15,490 [Listener at 0.0.0.0/34471] INFO  ha.SCMContext (SCMContext.java:updateSafeModeStatus(205)) - Update SafeModeStatus from SafeModeStatus{safeModeStatus=true, preCheckPassed=false} to SafeModeStatus{safeModeStatus=true, preCheckPassed=false}.
2021-07-14 22:49:15,490 [Listener at 0.0.0.0/34471] INFO  server.StorageContainerManager (StorageContainerManager.java:start(1242)) - StorageContainerLocationProtocol RPC server is listening at /0.0.0.0:34471
2021-07-14 22:49:15,491 [om1@group-C5BA1605619E-StateMachineUpdater] INFO  ratis.OzoneManagerStateMachine (OzoneManagerStateMachine.java:takeSnapshot(396)) - Current Snapshot Index (t:1, i:0)
2021-07-14 22:49:15,491 [om1@group-C5BA1605619E-StateMachineUpdater] INFO  impl.StateMachineUpdater (StateMachineUpdater.java:takeSnapshot(281)) - om1@group-C5BA1605619E-StateMachineUpdater: Took a snapshot at index 0
2021-07-14 22:49:15,491 [om1@group-C5BA1605619E-StateMachineUpdater] INFO  impl.StateMachineUpdater (StateMachineUpdater.java:lambda$new$0(89)) - om1@group-C5BA1605619E-StateMachineUpdater: snapshotIndex: updateIncreasingly -1 -> 0
2021-07-14 22:49:15,491 [om1@group-C5BA1605619E-StateMachineUpdater] INFO  metrics.RatisMetrics (RatisMetrics.java:unregister(43)) - Unregistering Metrics Registry : ratis.state_machine.om1@group-C5BA1605619E
2021-07-14 22:49:15,491 [Time-limited test] INFO  server.RaftServer$Division (ServerState.java:close(405)) - om1@group-C5BA1605619E: closes. applyIndex: 0
2021-07-14 22:49:15,492 [om1@group-C5BA1605619E-SegmentedRaftLogWorker] INFO  segmented.SegmentedRaftLogWorker (SegmentedRaftLogWorker.java:run(327)) - om1@group-C5BA1605619E-SegmentedRaftLogWorker was interrupted, exiting. There are 0 tasks remaining in the queue.
2021-07-14 22:49:15,493 [Time-limited test] INFO  segmented.SegmentedRaftLogWorker (SegmentedRaftLogWorker.java:close(237)) - om1@group-C5BA1605619E-SegmentedRaftLogWorker close()
2021-07-14 22:49:15,494 [Listener at 0.0.0.0/34471] WARN  impl.MetricsConfig (MetricsConfig.java:loadFirst(136)) - Cannot locate configuration: tried hadoop-metrics2-storagecontainermanager.properties,hadoop-metrics2.properties
2021-07-14 22:49:15,494 [Listener at 0.0.0.0/34471] INFO  impl.MetricsSystemImpl (MetricsSystemImpl.java:startTimer(378)) - Scheduled Metric snapshot period at 10 second(s).
2021-07-14 22:49:15,495 [Listener at 0.0.0.0/34471] INFO  impl.MetricsSystemImpl (MetricsSystemImpl.java:start(191)) - StorageContainerManager metrics system started
2021-07-14 22:49:15,503 [Time-limited test] INFO  metrics.RatisMetrics (RatisMetrics.java:unregister(43)) - Unregistering Metrics Registry : ratis.log_worker.om1@group-C5BA1605619E
2021-07-14 22:49:15,504 [Time-limited test] INFO  metrics.RatisMetrics (RatisMetrics.java:unregister(43)) - Unregistering Metrics Registry : ratis.leader_election.om1@group-C5BA1605619E
2021-07-14 22:49:15,504 [Time-limited test] INFO  metrics.RatisMetrics (RatisMetrics.java:unregister(43)) - Unregistering Metrics Registry : ratis.server.om1@group-C5BA1605619E
2021-07-14 22:49:15,504 [Time-limited test] INFO  server.GrpcService (GrpcService.java:closeImpl(262)) - om1: shutdown server with port 9872 now
2021-07-14 22:49:15,504 [Time-limited test] INFO  server.GrpcService (GrpcService.java:closeImpl(271)) - om1: shutdown server with port 9872 successfully
2021-07-14 22:49:15,504 [org.apache.ratis.util.JvmPauseMonitor$$Lambda$525/853367010@1e843015] INFO  util.JvmPauseMonitor (JvmPauseMonitor.java:run(109)) - JvmPauseMonitor-om1: Stopped
2021-07-14 22:49:15,504 [Time-limited test] INFO  ratis.OzoneManagerDoubleBuffer (OzoneManagerDoubleBuffer.java:stop(437)) - Stopping OMDoubleBuffer flush thread
2021-07-14 22:49:15,505 [OMDoubleBufferFlushThread] INFO  ratis.OzoneManagerDoubleBuffer (OzoneManagerDoubleBuffer.java:flushTransactions(356)) - OMDoubleBuffer flush thread OMDoubleBufferFlushThread is interrupted and will exit. OMDoubleBufferFlushThread
2021-07-14 22:49:15,505 [Listener at 0.0.0.0/34471] INFO  impl.MetricsSinkAdapter (MetricsSinkAdapter.java:start(204)) - Sink prometheus started
2021-07-14 22:49:15,506 [Listener at 0.0.0.0/34471] INFO  impl.MetricsSystemImpl (MetricsSystemImpl.java:registerSink(305)) - Registered sink prometheus
2021-07-14 22:49:15,512 [Time-limited test] INFO  utils.BackgroundService (BackgroundService.java:shutdown(132)) - Shutting down service KeyDeletingService
2021-07-14 22:49:15,529 [Time-limited test] INFO  handler.ContextHandler (ContextHandler.java:doStop(1154)) - Stopped o.e.j.w.WebAppContext@5b7fdaba{ozoneManager,/,null,STOPPED}{file:/home/runner/work/ozone/ozone/mnt/ozone/hadoop-ozone/integration-test/target/test-classes/webapps/ozoneManager}
2021-07-14 22:49:15,529 [Time-limited test] INFO  server.AbstractConnector (AbstractConnector.java:doStop(381)) - Stopped ServerConnector@4d9b2c74{HTTP/1.1, (http/1.1)}{0.0.0.0:0}
2021-07-14 22:49:15,530 [Time-limited test] INFO  server.session (HouseKeeper.java:stopScavenging(149)) - node0 Stopped scavenging
2021-07-14 22:49:15,531 [Time-limited test] INFO  handler.ContextHandler (ContextHandler.java:doStop(1154)) - Stopped o.e.j.s.ServletContextHandler@3e0de48b{static,/static,file:///home/runner/work/ozone/ozone/mnt/ozone/hadoop-ozone/integration-test/target/test-classes/webapps/static,STOPPED}
2021-07-14 22:49:15,531 [Time-limited test] INFO  handler.ContextHandler (ContextHandler.java:doStop(1154)) - Stopped o.e.j.s.ServletContextHandler@5d99633a{logs,/logs,file:///home/runner/work/ozone/ozone/mnt/ozone/hadoop-ozone/integration-test/target/log,STOPPED}
2021-07-14 22:49:15,556 [Time-limited test] INFO  ozone.MiniOzoneClusterImpl (MiniOzoneClusterImpl.java:stopDatanodes(522)) - Stopping the HddsDatanodes
2021-07-14 22:49:15,564 [Listener at 0.0.0.0/34471] INFO  server.SCMClientProtocolServer (SCMClientProtocolServer.java:start(165)) - RPC server for Client  is listening at /0.0.0.0:34471
2021-07-14 22:49:15,569 [IPC Server Responder] INFO  ipc.Server (Server.java:run(1507)) - IPC Server Responder: starting
2021-07-14 22:49:15,570 [IPC Server listener on 34471] INFO  ipc.Server (Server.java:run(1344)) - IPC Server listener on 34471: starting
2021-07-14 22:49:15,591 [Listener at 0.0.0.0/34471] INFO  server.StorageContainerManager (StorageContainerManager.java:start(1257)) - ScmBlockLocationProtocol RPC server is listening at /0.0.0.0:39293
2021-07-14 22:49:15,591 [Listener at 0.0.0.0/34471] INFO  server.SCMBlockProtocolServer (SCMBlockProtocolServer.java:start(151)) - RPC server for Block Protocol is listening at /0.0.0.0:39293
2021-07-14 22:49:15,592 [IPC Server Responder] INFO  ipc.Server (Server.java:run(1507)) - IPC Server Responder: starting
2021-07-14 22:49:15,596 [IPC Server listener on 39293] INFO  ipc.Server (Server.java:run(1344)) - IPC Server listener on 39293: starting
2021-07-14 22:49:15,608 [Datanode State Machine Thread - 0] WARN  statemachine.StateContext (StateContext.java:setState(246)) - Ignore disallowed transition from SHUTDOWN to RUNNING
2021-07-14 22:49:15,609 [Datanode State Machine Thread - 0] INFO  statemachine.DatanodeStateMachine (DatanodeStateMachine.java:lambda$startDaemon$0(455)) - Ozone container server started.
2021-07-14 22:49:15,610 [Listener at 0.0.0.0/34471] INFO  server.StorageContainerManager (StorageContainerManager.java:start(1263)) - ScmDatanodeProtocl RPC server is listening at /0.0.0.0:34745
2021-07-14 22:49:15,610 [Listener at 0.0.0.0/34471] INFO  server.SCMDatanodeProtocolServer (SCMDatanodeProtocolServer.java:start(181)) - RPC server for DataNodes is listening at /0.0.0.0:34745
2021-07-14 22:49:15,610 [IPC Server Responder] INFO  ipc.Server (Server.java:run(1507)) - IPC Server Responder: starting
2021-07-14 22:49:15,611 [IPC Server listener on 34745] INFO  ipc.Server (Server.java:run(1344)) - IPC Server listener on 34745: starting
2021-07-14 22:49:15,611 [EndpointStateMachine task thread for /0.0.0.0:34745 - 0 ] INFO  ipc.Client (Client.java:handleConnectionFailure(977)) - Retrying connect to server: 0.0.0.0/0.0.0.0:34745. Already tried 9 time(s); retry policy is RetryUpToMaximumCountWithFixedSleep(maxRetries=15, sleepTime=1000 MILLISECONDS)
2021-07-14 22:49:15,615 [org.apache.hadoop.util.JvmPauseMonitor$Monitor@13c67c91] INFO  util.JvmPauseMonitor (JvmPauseMonitor.java:run(188)) - Starting JVM pause monitor
2021-07-14 22:49:15,615 [Listener at 0.0.0.0/34471] INFO  http.BaseHttpServer (BaseHttpServer.java:newHttpServer2BuilderForOzone(209)) - Starting Web-server for scm at: http://0.0.0.0:36449
2021-07-14 22:49:15,615 [Listener at 0.0.0.0/34471] INFO  http.BaseHttpServer (BaseHttpServer.java:<init>(107)) - Hadoop Security Enabled: false Ozone Security Enabled: false Ozone HTTP Security Enabled: false 
2021-07-14 22:49:15,617 [Listener at 0.0.0.0/34471] INFO  server.AuthenticationFilter (AuthenticationFilter.java:constructSecretProvider(240)) - Unable to initialize FileSignerSecretProvider, falling back to use random secrets.
2021-07-14 22:49:15,627 [Listener at 0.0.0.0/34471] WARN  http.HttpRequestLog (HttpRequestLog.java:getRequestLog(103)) - Jetty request log can only be enabled using Log4j
2021-07-14 22:49:15,628 [Listener at 0.0.0.0/34471] INFO  http.HttpServer2 (HttpServer2.java:addGlobalFilter(1020)) - Added global filter 'safety' (class=org.apache.hadoop.hdds.server.http.HttpServer2$QuotingInputFilter)
2021-07-14 22:49:15,629 [Listener at 0.0.0.0/34471] INFO  http.HttpServer2 (HttpServer2.java:addFilter(996)) - Added filter static_user_filter (class=org.apache.hadoop.http.lib.StaticUserWebFilter$StaticUserFilter) to context scm
2021-07-14 22:49:15,629 [Listener at 0.0.0.0/34471] INFO  http.HttpServer2 (HttpServer2.java:addFilter(1004)) - Added filter static_user_filter (class=org.apache.hadoop.http.lib.StaticUserWebFilter$StaticUserFilter) to context static
2021-07-14 22:49:15,629 [Listener at 0.0.0.0/34471] INFO  http.HttpServer2 (HttpServer2.java:addFilter(1004)) - Added filter static_user_filter (class=org.apache.hadoop.http.lib.StaticUserWebFilter$StaticUserFilter) to context logs
2021-07-14 22:49:15,636 [Listener at 0.0.0.0/34471] INFO  http.HttpServer2 (HttpServer2.java:bindListener(1238)) - Jetty bound to port 36449
2021-07-14 22:49:15,636 [Listener at 0.0.0.0/34471] INFO  server.Server (Server.java:doStart(375)) - jetty-9.4.35.v20201120; built: 2020-11-20T21:17:03.964Z; git: bdc54f03a5e0a7e280fab27f55c3c75ee8da89fb; jvm 1.8.0_292-b10
2021-07-14 22:49:15,639 [Listener at 0.0.0.0/34471] INFO  server.session (DefaultSessionIdManager.java:doStart(334)) - DefaultSessionIdManager workerName=node0
2021-07-14 22:49:15,640 [Listener at 0.0.0.0/34471] INFO  server.session (DefaultSessionIdManager.java:doStart(339)) - No SessionScavenger set, using defaults
2021-07-14 22:49:15,640 [Listener at 0.0.0.0/34471] INFO  server.session (HouseKeeper.java:startScavenging(132)) - node0 Scavenging every 660000ms
2021-07-14 22:49:15,641 [Listener at 0.0.0.0/34471] INFO  handler.ContextHandler (ContextHandler.java:doStart(916)) - Started o.e.j.s.ServletContextHandler@23c5c173{logs,/logs,file:///home/runner/work/ozone/ozone/mnt/ozone/hadoop-ozone/integration-test/target/log,AVAILABLE}
2021-07-14 22:49:15,641 [Listener at 0.0.0.0/34471] INFO  handler.ContextHandler (ContextHandler.java:doStart(916)) - Started o.e.j.s.ServletContextHandler@58286638{static,/static,file:///home/runner/work/ozone/ozone/mnt/ozone/hadoop-ozone/integration-test/target/test-classes/webapps/static,AVAILABLE}
2021-07-14 22:49:15,651 [IPC Server handler 1 on default port 34745] INFO  server.SCMDatanodeHeartbeatDispatcher (SCMDatanodeHeartbeatDispatcher.java:dispatch(101)) - SCM received heartbeat from an unregistered datanode 8eebc958-9398-4984-8b85-05c7775d5731{ip: 10.1.0.26, host: fv-az122-479.zf1tlrj3kn4expqppa1j4mpycf.xx.internal.cloudapp.net, ports: [REPLICATION=44651, RATIS=46601, RATIS_ADMIN=46601, RATIS_SERVER=46601, STANDALONE=44885], networkLocation: /default-rack, certSerialId: null, persistedOpState: null, persistedOpStateExpiryEpochSec: 0}. Asking datanode to re-register.
2021-07-14 22:49:15,652 [IPC Server handler 2 on default port 34745] INFO  server.SCMDatanodeHeartbeatDispatcher (SCMDatanodeHeartbeatDispatcher.java:dispatch(101)) - SCM received heartbeat from an unregistered datanode 13cc7e77-570e-489a-8f95-9257e310d74c{ip: 10.1.0.26, host: fv-az122-479.zf1tlrj3kn4expqppa1j4mpycf.xx.internal.cloudapp.net, ports: [REPLICATION=36335, RATIS=36681, RATIS_ADMIN=36681, RATIS_SERVER=36681, STANDALONE=32805], networkLocation: /default-rack, certSerialId: null, persistedOpState: null, persistedOpStateExpiryEpochSec: 0}. Asking datanode to re-register.
2021-07-14 22:49:15,653 [Listener at 0.0.0.0/34471] INFO  handler.ContextHandler (ContextHandler.java:doStart(916)) - Started o.e.j.w.WebAppContext@a8ba97e{scm,/,file:///home/runner/work/ozone/ozone/mnt/ozone/hadoop-ozone/integration-test/target/test-classes/webapps/scm/,AVAILABLE}{file:/home/runner/work/ozone/ozone/mnt/ozone/hadoop-ozone/integration-test/target/test-classes/webapps/scm}
2021-07-14 22:49:15,654 [Listener at 0.0.0.0/34471] ERROR server.StorageContainerManager (StorageContainerManager.java:start(1288)) - SCM HttpServer failed to start.
java.io.InterruptedIOException: Interrupted while starting HTTP server
	at org.apache.hadoop.hdds.server.http.HttpServer2.start(HttpServer2.java:1215)
	at org.apache.hadoop.hdds.server.http.BaseHttpServer.start(BaseHttpServer.java:297)
	at org.apache.hadoop.hdds.scm.server.StorageContainerManager.start(StorageContainerManager.java:1285)
	at org.apache.hadoop.ozone.MiniOzoneClusterImpl.restartStorageContainerManager(MiniOzoneClusterImpl.java:360)
	at org.apache.hadoop.ozone.TestMiniOzoneCluster.testDNstartAfterSCM(TestMiniOzoneCluster.java:337)
	at sun.reflect.NativeMethodAccessorImpl.invoke0(Native Method)
	at sun.reflect.NativeMethodAccessorImpl.invoke(NativeMethodAccessorImpl.java:62)
	at sun.reflect.DelegatingMethodAccessorImpl.invoke(DelegatingMethodAccessorImpl.java:43)
	at java.lang.reflect.Method.invoke(Method.java:498)
	at org.junit.runners.model.FrameworkMethod$1.runReflectiveCall(FrameworkMethod.java:59)
	at org.junit.internal.runners.model.ReflectiveCallable.run(ReflectiveCallable.java:12)
	at org.junit.runners.model.FrameworkMethod.invokeExplosively(FrameworkMethod.java:56)
	at org.junit.internal.runners.statements.InvokeMethod.evaluate(InvokeMethod.java:17)
	at org.junit.internal.runners.statements.FailOnTimeout$CallableStatement.call(FailOnTimeout.java:288)
	at org.junit.internal.runners.statements.FailOnTimeout$CallableStatement.call(FailOnTimeout.java:282)
	at java.util.concurrent.FutureTask.run(FutureTask.java:266)
	at java.lang.Thread.run(Thread.java:748)
Caused by: java.lang.InterruptedException
	at java.util.concurrent.locks.AbstractQueuedSynchronizer.acquireSharedInterruptibly(AbstractQueuedSynchronizer.java:1302)
	at java.util.concurrent.CountDownLatch.await(CountDownLatch.java:231)
	at org.eclipse.jetty.io.ManagedSelector.doStart(ManagedSelector.java:123)
	at org.eclipse.jetty.util.component.AbstractLifeCycle.start(AbstractLifeCycle.java:73)
	at org.eclipse.jetty.util.component.ContainerLifeCycle.start(ContainerLifeCycle.java:169)
	at org.eclipse.jetty.util.component.ContainerLifeCycle.doStart(ContainerLifeCycle.java:117)
	at org.eclipse.jetty.io.SelectorManager.doStart(SelectorManager.java:262)
	at org.eclipse.jetty.util.component.AbstractLifeCycle.start(AbstractLifeCycle.java:73)
	at org.eclipse.jetty.util.component.ContainerLifeCycle.start(ContainerLifeCycle.java:169)
	at org.eclipse.jetty.util.component.ContainerLifeCycle.doStart(ContainerLifeCycle.java:110)
	at org.eclipse.jetty.server.AbstractConnector.doStart(AbstractConnector.java:321)
	at org.eclipse.jetty.server.AbstractNetworkConnector.doStart(AbstractNetworkConnector.java:81)
	at org.eclipse.jetty.server.ServerConnector.doStart(ServerConnector.java:234)
	at org.eclipse.jetty.util.component.AbstractLifeCycle.start(AbstractLifeCycle.java:73)
	at org.eclipse.jetty.server.Server.doStart(Server.java:401)
	at org.eclipse.jetty.util.component.AbstractLifeCycle.start(AbstractLifeCycle.java:73)
	at org.apache.hadoop.hdds.server.http.HttpServer2.start(HttpServer2.java:1187)
	... 16 more
2021-07-14 22:49:15,654 [IPC Server handler 3 on default port 34745] INFO  server.SCMDatanodeHeartbeatDispatcher (SCMDatanodeHeartbeatDispatcher.java:dispatch(101)) - SCM received heartbeat from an unregistered datanode 8eebc958-9398-4984-8b85-05c7775d5731{ip: 10.1.0.26, host: fv-az122-479.zf1tlrj3kn4expqppa1j4mpycf.xx.internal.cloudapp.net, ports: [REPLICATION=44651, RATIS=46601, RATIS_ADMIN=46601, RATIS_SERVER=46601, STANDALONE=44885], networkLocation: /default-rack, certSerialId: null, persistedOpState: null, persistedOpStateExpiryEpochSec: 0}. Asking datanode to re-register.
2021-07-14 22:49:15,654 [Listener at 0.0.0.0/34471] INFO  ozone.MiniOzoneClusterImpl (MiniOzoneClusterImpl.java:lambda$waitForClusterToBeReady$0(230)) - Waiting for nodes to be ready. Got 0 of 3 DN Heartbeats.
2021-07-14 22:49:15,658 [Listener at 0.0.0.0/34471] INFO  ozone.MiniOzoneClusterImpl (MiniOzoneClusterImpl.java:lambda$waitForClusterToBeReady$0(233)) - Waiting for cluster to exit safe mode
2021-07-14 22:49:15,658 [Listener at 0.0.0.0/34471] INFO  ozone.MiniOzoneClusterImpl (MiniOzoneClusterImpl.java:lambda$waitForClusterToBeReady$0(235)) - SCM became leader
2021-07-14 22:49:15,659 [EndpointStateMachine task thread for /0.0.0.0:34745 - 0 ] INFO  ozoneimpl.OzoneContainer (OzoneContainer.java:start(305)) - Attempting to start container services.
2021-07-14 22:49:15,660 [EndpointStateMachine task thread for /0.0.0.0:34745 - 0 ] INFO  ozoneimpl.OzoneContainer (OzoneContainer.java:startContainerScrub(250)) - Background container scanner has been disabled.
2021-07-14 22:49:15,660 [EndpointStateMachine task thread for /0.0.0.0:34745 - 0 ] INFO  replication.ReplicationServer (ReplicationServer.java:start(106)) - ReplicationServer is started using port 44929
2021-07-14 22:49:15,660 [EndpointStateMachine task thread for /0.0.0.0:34745 - 0 ] INFO  ratis.XceiverServerRatis (XceiverServerRatis.java:start(478)) - Starting XceiverServerRatis 8c203391-d7bf-416a-8a2d-d45edeb19bdd
2021-07-14 22:49:15,662 [IPC Server handler 4 on default port 34745] INFO  server.SCMDatanodeHeartbeatDispatcher (SCMDatanodeHeartbeatDispatcher.java:dispatch(101)) - SCM received heartbeat from an unregistered datanode 13cc7e77-570e-489a-8f95-9257e310d74c{ip: 10.1.0.26, host: fv-az122-479.zf1tlrj3kn4expqppa1j4mpycf.xx.internal.cloudapp.net, ports: [REPLICATION=36335, RATIS=36681, RATIS_ADMIN=36681, RATIS_SERVER=36681, STANDALONE=32805], networkLocation: /default-rack, certSerialId: null, persistedOpState: null, persistedOpStateExpiryEpochSec: 0}. Asking datanode to re-register.
2021-07-14 22:49:15,663 [IPC Server handler 4 on default port 34745] INFO  server.SCMDatanodeHeartbeatDispatcher (SCMDatanodeHeartbeatDispatcher.java:dispatch(101)) - SCM received heartbeat from an unregistered datanode 8eebc958-9398-4984-8b85-05c7775d5731{ip: 10.1.0.26, host: fv-az122-479.zf1tlrj3kn4expqppa1j4mpycf.xx.internal.cloudapp.net, ports: [REPLICATION=44651, RATIS=46601, RATIS_ADMIN=46601, RATIS_SERVER=46601, STANDALONE=44885], networkLocation: /default-rack, certSerialId: null, persistedOpState: null, persistedOpStateExpiryEpochSec: 0}. Asking datanode to re-register.
2021-07-14 22:49:15,672 [IPC Server handler 5 on default port 34745] INFO  server.SCMDatanodeHeartbeatDispatcher (SCMDatanodeHeartbeatDispatcher.java:dispatch(101)) - SCM received heartbeat from an unregistered datanode 13cc7e77-570e-489a-8f95-9257e310d74c{ip: 10.1.0.26, host: fv-az122-479.zf1tlrj3kn4expqppa1j4mpycf.xx.internal.cloudapp.net, ports: [REPLICATION=36335, RATIS=36681, RATIS_ADMIN=36681, RATIS_SERVER=36681, STANDALONE=32805], networkLocation: /default-rack, certSerialId: null, persistedOpState: null, persistedOpStateExpiryEpochSec: 0}. Asking datanode to re-register.
2021-07-14 22:49:15,679 [EndpointStateMachine task thread for /0.0.0.0:34745 - 0 ] INFO  server.RaftServer$Division (RaftServerImpl.java:start(295)) - 8c203391-d7bf-416a-8a2d-d45edeb19bdd@group-3DA7CFC98DDE: start as a follower, conf=0: [8c203391-d7bf-416a-8a2d-d45edeb19bdd|rpc:10.1.0.26:41361|dataStream:|priority:0, 13cc7e77-570e-489a-8f95-9257e310d74c|rpc:10.1.0.26:36681|dataStream:|priority:1, 8eebc958-9398-4984-8b85-05c7775d5731|rpc:10.1.0.26:46601|dataStream:|priority:0], old=null
2021-07-14 22:49:15,683 [EndpointStateMachine task thread for /0.0.0.0:34745 - 0 ] INFO  server.RaftServer$Division (RaftServerImpl.java:setRole(284)) - 8c203391-d7bf-416a-8a2d-d45edeb19bdd@group-3DA7CFC98DDE: changes role from      null to FOLLOWER at term 13 for startAsFollower
2021-07-14 22:49:15,683 [EndpointStateMachine task thread for /0.0.0.0:34745 - 0 ] INFO  impl.RoleInfo (RoleInfo.java:updateAndGet(130)) - 8c203391-d7bf-416a-8a2d-d45edeb19bdd: start 8c203391-d7bf-416a-8a2d-d45edeb19bdd@group-3DA7CFC98DDE-FollowerState
2021-07-14 22:49:15,673 [IPC Server handler 6 on default port 34745] INFO  server.SCMDatanodeHeartbeatDispatcher (SCMDatanodeHeartbeatDispatcher.java:dispatch(101)) - SCM received heartbeat from an unregistered datanode 8eebc958-9398-4984-8b85-05c7775d5731{ip: 10.1.0.26, host: fv-az122-479.zf1tlrj3kn4expqppa1j4mpycf.xx.internal.cloudapp.net, ports: [REPLICATION=44651, RATIS=46601, RATIS_ADMIN=46601, RATIS_SERVER=46601, STANDALONE=44885], networkLocation: /default-rack, certSerialId: null, persistedOpState: null, persistedOpStateExpiryEpochSec: 0}. Asking datanode to re-register.
2021-07-14 22:49:15,683 [IPC Server handler 7 on default port 34745] INFO  server.SCMDatanodeHeartbeatDispatcher (SCMDatanodeHeartbeatDispatcher.java:dispatch(101)) - SCM received heartbeat from an unregistered datanode 13cc7e77-570e-489a-8f95-9257e310d74c{ip: 10.1.0.26, host: fv-az122-479.zf1tlrj3kn4expqppa1j4mpycf.xx.internal.cloudapp.net, ports: [REPLICATION=36335, RATIS=36681, RATIS_ADMIN=36681, RATIS_SERVER=36681, STANDALONE=32805], networkLocation: /default-rack, certSerialId: null, persistedOpState: null, persistedOpStateExpiryEpochSec: 0}. Asking datanode to re-register.
2021-07-14 22:49:15,683 [EndpointStateMachine task thread for /0.0.0.0:34745 - 0 ] INFO  util.JmxRegister (JmxRegister.java:tryRegister(44)) - Successfully registered JMX Bean with object name Ratis:service=RaftServer,group=group-3DA7CFC98DDE,id=8c203391-d7bf-416a-8a2d-d45edeb19bdd
2021-07-14 22:49:15,696 [EndpointStateMachine task thread for /0.0.0.0:34745 - 0 ] INFO  metrics.RatisMetrics (RatisMetrics.java:lambda$create$0(36)) - Creating Metrics Registry : ratis.state_machine.8c203391-d7bf-416a-8a2d-d45edeb19bdd@group-3DA7CFC98DDE
2021-07-14 22:49:15,696 [IPC Server handler 9 on default port 34745] INFO  server.SCMDatanodeHeartbeatDispatcher (SCMDatanodeHeartbeatDispatcher.java:dispatch(101)) - SCM received heartbeat from an unregistered datanode 8eebc958-9398-4984-8b85-05c7775d5731{ip: 10.1.0.26, host: fv-az122-479.zf1tlrj3kn4expqppa1j4mpycf.xx.internal.cloudapp.net, ports: [REPLICATION=44651, RATIS=46601, RATIS_ADMIN=46601, RATIS_SERVER=46601, STANDALONE=44885], networkLocation: /default-rack, certSerialId: null, persistedOpState: null, persistedOpStateExpiryEpochSec: 0}. Asking datanode to re-register.
2021-07-14 22:49:15,697 [EndpointStateMachine task thread for /0.0.0.0:34745 - 0 ] INFO  server.RaftServer$Division (RaftServerImpl.java:start(295)) - 8c203391-d7bf-416a-8a2d-d45edeb19bdd@group-4E43A94260FE: start as a follower, conf=0: [8c203391-d7bf-416a-8a2d-d45edeb19bdd|rpc:10.1.0.26:41361|dataStream:|priority:1], old=null
2021-07-14 22:49:15,700 [EndpointStateMachine task thread for /0.0.0.0:34745 - 0 ] INFO  server.RaftServer$Division (RaftServerImpl.java:setRole(284)) - 8c203391-d7bf-416a-8a2d-d45edeb19bdd@group-4E43A94260FE: changes role from      null to FOLLOWER at term 1 for startAsFollower
2021-07-14 22:49:15,700 [EndpointStateMachine task thread for /0.0.0.0:34745 - 0 ] INFO  impl.RoleInfo (RoleInfo.java:updateAndGet(130)) - 8c203391-d7bf-416a-8a2d-d45edeb19bdd: start 8c203391-d7bf-416a-8a2d-d45edeb19bdd@group-4E43A94260FE-FollowerState
2021-07-14 22:49:15,700 [EndpointStateMachine task thread for /0.0.0.0:34745 - 0 ] INFO  util.JmxRegister (JmxRegister.java:tryRegister(44)) - Successfully registered JMX Bean with object name Ratis:service=RaftServer,group=group-4E43A94260FE,id=8c203391-d7bf-416a-8a2d-d45edeb19bdd
2021-07-14 22:49:15,701 [EndpointStateMachine task thread for /0.0.0.0:34745 - 0 ] INFO  metrics.RatisMetrics (RatisMetrics.java:lambda$create$0(36)) - Creating Metrics Registry : ratis.state_machine.8c203391-d7bf-416a-8a2d-d45edeb19bdd@group-4E43A94260FE
2021-07-14 22:49:15,702 [EndpointStateMachine task thread for /0.0.0.0:34745 - 0 ] INFO  server.RaftServer (RaftServerProxy.java:lambda$start$5(374)) - 8c203391-d7bf-416a-8a2d-d45edeb19bdd: start RPC server
2021-07-14 22:49:15,702 [EndpointStateMachine task thread for /0.0.0.0:34745 - 0 ] INFO  server.GrpcService (GrpcService.java:startImpl(253)) - 8c203391-d7bf-416a-8a2d-d45edeb19bdd: GrpcService started, listening on 41361
2021-07-14 22:49:15,702 [EndpointStateMachine task thread for /0.0.0.0:34745 - 0 ] INFO  ratis.XceiverServerRatis (XceiverServerRatis.java:getRealPort(499)) - XceiverServerRatis 8c203391-d7bf-416a-8a2d-d45edeb19bdd is started using port 41361 for RATIS
2021-07-14 22:49:15,703 [EndpointStateMachine task thread for /0.0.0.0:34745 - 0 ] INFO  ratis.XceiverServerRatis (XceiverServerRatis.java:getRealPort(499)) - XceiverServerRatis 8c203391-d7bf-416a-8a2d-d45edeb19bdd is started using port 41361 for RATIS_ADMIN
2021-07-14 22:49:15,703 [EndpointStateMachine task thread for /0.0.0.0:34745 - 0 ] INFO  ratis.XceiverServerRatis (XceiverServerRatis.java:getRealPort(499)) - XceiverServerRatis 8c203391-d7bf-416a-8a2d-d45edeb19bdd is started using port 41361 for RATIS_SERVER
2021-07-14 22:49:15,710 [org.apache.ratis.util.JvmPauseMonitor$$Lambda$525/853367010@7f8f1d48] INFO  util.JvmPauseMonitor (JvmPauseMonitor.java:run(103)) - JvmPauseMonitor-8c203391-d7bf-416a-8a2d-d45edeb19bdd: Started
2021-07-14 22:49:15,713 [Datanode State Machine Thread - 0] WARN  statemachine.StateContext (StateContext.java:setState(246)) - Ignore disallowed transition from SHUTDOWN to RUNNING
2021-07-14 22:49:15,721 [IPC Server handler 10 on default port 34745] INFO  server.SCMDatanodeHeartbeatDispatcher (SCMDatanodeHeartbeatDispatcher.java:dispatch(101)) - SCM received heartbeat from an unregistered datanode 13cc7e77-570e-489a-8f95-9257e310d74c{ip: 10.1.0.26, host: fv-az122-479.zf1tlrj3kn4expqppa1j4mpycf.xx.internal.cloudapp.net, ports: [REPLICATION=36335, RATIS=36681, RATIS_ADMIN=36681, RATIS_SERVER=36681, STANDALONE=32805], networkLocation: /default-rack, certSerialId: null, persistedOpState: null, persistedOpStateExpiryEpochSec: 0}. Asking datanode to re-register.
2021-07-14 22:49:15,722 [IPC Server handler 11 on default port 34745] INFO  server.SCMDatanodeHeartbeatDispatcher (SCMDatanodeHeartbeatDispatcher.java:dispatch(101)) - SCM received heartbeat from an unregistered datanode 13cc7e77-570e-489a-8f95-9257e310d74c{ip: 10.1.0.26, host: fv-az122-479.zf1tlrj3kn4expqppa1j4mpycf.xx.internal.cloudapp.net, ports: [REPLICATION=36335, RATIS=36681, RATIS_ADMIN=36681, RATIS_SERVER=36681, STANDALONE=32805], networkLocation: /default-rack, certSerialId: null, persistedOpState: null, persistedOpStateExpiryEpochSec: 0}. Asking datanode to re-register.
2021-07-14 22:49:15,723 [IPC Server handler 12 on default port 34745] INFO  server.SCMDatanodeHeartbeatDispatcher (SCMDatanodeHeartbeatDispatcher.java:dispatch(101)) - SCM received heartbeat from an unregistered datanode 13cc7e77-570e-489a-8f95-9257e310d74c{ip: 10.1.0.26, host: fv-az122-479.zf1tlrj3kn4expqppa1j4mpycf.xx.internal.cloudapp.net, ports: [REPLICATION=36335, RATIS=36681, RATIS_ADMIN=36681, RATIS_SERVER=36681, STANDALONE=32805], networkLocation: /default-rack, certSerialId: null, persistedOpState: null, persistedOpStateExpiryEpochSec: 0}. Asking datanode to re-register.
2021-07-14 22:49:15,723 [IPC Server handler 13 on default port 34745] INFO  server.SCMDatanodeHeartbeatDispatcher (SCMDatanodeHeartbeatDispatcher.java:dispatch(101)) - SCM received heartbeat from an unregistered datanode 8eebc958-9398-4984-8b85-05c7775d5731{ip: 10.1.0.26, host: fv-az122-479.zf1tlrj3kn4expqppa1j4mpycf.xx.internal.cloudapp.net, ports: [REPLICATION=44651, RATIS=46601, RATIS_ADMIN=46601, RATIS_SERVER=46601, STANDALONE=44885], networkLocation: /default-rack, certSerialId: null, persistedOpState: null, persistedOpStateExpiryEpochSec: 0}. Asking datanode to re-register.
2021-07-14 22:49:15,729 [IPC Server handler 14 on default port 34745] INFO  server.SCMDatanodeHeartbeatDispatcher (SCMDatanodeHeartbeatDispatcher.java:dispatch(101)) - SCM received heartbeat from an unregistered datanode 8eebc958-9398-4984-8b85-05c7775d5731{ip: 10.1.0.26, host: fv-az122-479.zf1tlrj3kn4expqppa1j4mpycf.xx.internal.cloudapp.net, ports: [REPLICATION=44651, RATIS=46601, RATIS_ADMIN=46601, RATIS_SERVER=46601, STANDALONE=44885], networkLocation: /default-rack, certSerialId: null, persistedOpState: null, persistedOpStateExpiryEpochSec: 0}. Asking datanode to re-register.
2021-07-14 22:49:15,730 [IPC Server handler 15 on default port 34745] INFO  server.SCMDatanodeHeartbeatDispatcher (SCMDatanodeHeartbeatDispatcher.java:dispatch(101)) - SCM received heartbeat from an unregistered datanode 13cc7e77-570e-489a-8f95-9257e310d74c{ip: 10.1.0.26, host: fv-az122-479.zf1tlrj3kn4expqppa1j4mpycf.xx.internal.cloudapp.net, ports: [REPLICATION=36335, RATIS=36681, RATIS_ADMIN=36681, RATIS_SERVER=36681, STANDALONE=32805], networkLocation: /default-rack, certSerialId: null, persistedOpState: null, persistedOpStateExpiryEpochSec: 0}. Asking datanode to re-register.
2021-07-14 22:49:15,735 [IPC Server handler 16 on default port 34745] INFO  server.SCMDatanodeHeartbeatDispatcher (SCMDatanodeHeartbeatDispatcher.java:dispatch(101)) - SCM received heartbeat from an unregistered datanode 8eebc958-9398-4984-8b85-05c7775d5731{ip: 10.1.0.26, host: fv-az122-479.zf1tlrj3kn4expqppa1j4mpycf.xx.internal.cloudapp.net, ports: [REPLICATION=44651, RATIS=46601, RATIS_ADMIN=46601, RATIS_SERVER=46601, STANDALONE=44885], networkLocation: /default-rack, certSerialId: null, persistedOpState: null, persistedOpStateExpiryEpochSec: 0}. Asking datanode to re-register.
2021-07-14 22:49:15,735 [IPC Server handler 17 on default port 34745] INFO  server.SCMDatanodeHeartbeatDispatcher (SCMDatanodeHeartbeatDispatcher.java:dispatch(101)) - SCM received heartbeat from an unregistered datanode 13cc7e77-570e-489a-8f95-9257e310d74c{ip: 10.1.0.26, host: fv-az122-479.zf1tlrj3kn4expqppa1j4mpycf.xx.internal.cloudapp.net, ports: [REPLICATION=36335, RATIS=36681, RATIS_ADMIN=36681, RATIS_SERVER=36681, STANDALONE=32805], networkLocation: /default-rack, certSerialId: null, persistedOpState: null, persistedOpStateExpiryEpochSec: 0}. Asking datanode to re-register.
2021-07-14 22:49:15,740 [IPC Server handler 18 on default port 34745] INFO  server.SCMDatanodeHeartbeatDispatcher (SCMDatanodeHeartbeatDispatcher.java:dispatch(101)) - SCM received heartbeat from an unregistered datanode 8eebc958-9398-4984-8b85-05c7775d5731{ip: 10.1.0.26, host: fv-az122-479.zf1tlrj3kn4expqppa1j4mpycf.xx.internal.cloudapp.net, ports: [REPLICATION=44651, RATIS=46601, RATIS_ADMIN=46601, RATIS_SERVER=46601, STANDALONE=44885], networkLocation: /default-rack, certSerialId: null, persistedOpState: null, persistedOpStateExpiryEpochSec: 0}. Asking datanode to re-register.
2021-07-14 22:49:15,742 [IPC Server handler 19 on default port 34745] INFO  server.SCMDatanodeHeartbeatDispatcher (SCMDatanodeHeartbeatDispatcher.java:dispatch(101)) - SCM received heartbeat from an unregistered datanode 13cc7e77-570e-489a-8f95-9257e310d74c{ip: 10.1.0.26, host: fv-az122-479.zf1tlrj3kn4expqppa1j4mpycf.xx.internal.cloudapp.net, ports: [REPLICATION=36335, RATIS=36681, RATIS_ADMIN=36681, RATIS_SERVER=36681, STANDALONE=32805], networkLocation: /default-rack, certSerialId: null, persistedOpState: null, persistedOpStateExpiryEpochSec: 0}. Asking datanode to re-register.
2021-07-14 22:49:15,743 [IPC Server handler 1 on default port 34745] INFO  server.SCMDatanodeHeartbeatDispatcher (SCMDatanodeHeartbeatDispatcher.java:dispatch(101)) - SCM received heartbeat from an unregistered datanode 8eebc958-9398-4984-8b85-05c7775d5731{ip: 10.1.0.26, host: fv-az122-479.zf1tlrj3kn4expqppa1j4mpycf.xx.internal.cloudapp.net, ports: [REPLICATION=44651, RATIS=46601, RATIS_ADMIN=46601, RATIS_SERVER=46601, STANDALONE=44885], networkLocation: /default-rack, certSerialId: null, persistedOpState: null, persistedOpStateExpiryEpochSec: 0}. Asking datanode to re-register.
2021-07-14 22:49:15,746 [IPC Server handler 2 on default port 34745] INFO  server.SCMDatanodeHeartbeatDispatcher (SCMDatanodeHeartbeatDispatcher.java:dispatch(101)) - SCM received heartbeat from an unregistered datanode 13cc7e77-570e-489a-8f95-9257e310d74c{ip: 10.1.0.26, host: fv-az122-479.zf1tlrj3kn4expqppa1j4mpycf.xx.internal.cloudapp.net, ports: [REPLICATION=36335, RATIS=36681, RATIS_ADMIN=36681, RATIS_SERVER=36681, STANDALONE=32805], networkLocation: /default-rack, certSerialId: null, persistedOpState: null, persistedOpStateExpiryEpochSec: 0}. Asking datanode to re-register.
2021-07-14 22:49:15,750 [IPC Server handler 0 on default port 34745] INFO  server.SCMDatanodeHeartbeatDispatcher (SCMDatanodeHeartbeatDispatcher.java:dispatch(101)) - SCM received heartbeat from an unregistered datanode 8eebc958-9398-4984-8b85-05c7775d5731{ip: 10.1.0.26, host: fv-az122-479.zf1tlrj3kn4expqppa1j4mpycf.xx.internal.cloudapp.net, ports: [REPLICATION=44651, RATIS=46601, RATIS_ADMIN=46601, RATIS_SERVER=46601, STANDALONE=44885], networkLocation: /default-rack, certSerialId: null, persistedOpState: null, persistedOpStateExpiryEpochSec: 0}. Asking datanode to re-register.
2021-07-14 22:49:15,751 [IPC Server handler 4 on default port 34745] INFO  server.SCMDatanodeHeartbeatDispatcher (SCMDatanodeHeartbeatDispatcher.java:dispatch(101)) - SCM received heartbeat from an unregistered datanode 13cc7e77-570e-489a-8f95-9257e310d74c{ip: 10.1.0.26, host: fv-az122-479.zf1tlrj3kn4expqppa1j4mpycf.xx.internal.cloudapp.net, ports: [REPLICATION=36335, RATIS=36681, RATIS_ADMIN=36681, RATIS_SERVER=36681, STANDALONE=32805], networkLocation: /default-rack, certSerialId: null, persistedOpState: null, persistedOpStateExpiryEpochSec: 0}. Asking datanode to re-register.
2021-07-14 22:49:15,759 [IPC Server handler 5 on default port 34745] INFO  server.SCMDatanodeHeartbeatDispatcher (SCMDatanodeHeartbeatDispatcher.java:dispatch(101)) - SCM received heartbeat from an unregistered datanode 13cc7e77-570e-489a-8f95-9257e310d74c{ip: 10.1.0.26, host: fv-az122-479.zf1tlrj3kn4expqppa1j4mpycf.xx.internal.cloudapp.net, ports: [REPLICATION=36335, RATIS=36681, RATIS_ADMIN=36681, RATIS_SERVER=36681, STANDALONE=32805], networkLocation: /default-rack, certSerialId: null, persistedOpState: null, persistedOpStateExpiryEpochSec: 0}. Asking datanode to re-register.
2021-07-14 22:49:15,758 [IPC Server handler 3 on default port 34745] INFO  server.SCMDatanodeHeartbeatDispatcher (SCMDatanodeHeartbeatDispatcher.java:dispatch(101)) - SCM received heartbeat from an unregistered datanode 8eebc958-9398-4984-8b85-05c7775d5731{ip: 10.1.0.26, host: fv-az122-479.zf1tlrj3kn4expqppa1j4mpycf.xx.internal.cloudapp.net, ports: [REPLICATION=44651, RATIS=46601, RATIS_ADMIN=46601, RATIS_SERVER=46601, STANDALONE=44885], networkLocation: /default-rack, certSerialId: null, persistedOpState: null, persistedOpStateExpiryEpochSec: 0}. Asking datanode to re-register.
2021-07-14 22:49:15,763 [IPC Server handler 8 on default port 34745] INFO  server.SCMDatanodeHeartbeatDispatcher (SCMDatanodeHeartbeatDispatcher.java:dispatch(101)) - SCM received heartbeat from an unregistered datanode 13cc7e77-570e-489a-8f95-9257e310d74c{ip: 10.1.0.26, host: fv-az122-479.zf1tlrj3kn4expqppa1j4mpycf.xx.internal.cloudapp.net, ports: [REPLICATION=36335, RATIS=36681, RATIS_ADMIN=36681, RATIS_SERVER=36681, STANDALONE=32805], networkLocation: /default-rack, certSerialId: null, persistedOpState: null, persistedOpStateExpiryEpochSec: 0}. Asking datanode to re-register.
2021-07-14 22:49:15,763 [IPC Server handler 6 on default port 34745] INFO  server.SCMDatanodeHeartbeatDispatcher (SCMDatanodeHeartbeatDispatcher.java:dispatch(101)) - SCM received heartbeat from an unregistered datanode 8eebc958-9398-4984-8b85-05c7775d5731{ip: 10.1.0.26, host: fv-az122-479.zf1tlrj3kn4expqppa1j4mpycf.xx.internal.cloudapp.net, ports: [REPLICATION=44651, RATIS=46601, RATIS_ADMIN=46601, RATIS_SERVER=46601, STANDALONE=44885], networkLocation: /default-rack, certSerialId: null, persistedOpState: null, persistedOpStateExpiryEpochSec: 0}. Asking datanode to re-register.
2021-07-14 22:49:15,772 [IPC Server handler 7 on default port 34745] INFO  server.SCMDatanodeHeartbeatDispatcher (SCMDatanodeHeartbeatDispatcher.java:dispatch(101)) - SCM received heartbeat from an unregistered datanode 13cc7e77-570e-489a-8f95-9257e310d74c{ip: 10.1.0.26, host: fv-az122-479.zf1tlrj3kn4expqppa1j4mpycf.xx.internal.cloudapp.net, ports: [REPLICATION=36335, RATIS=36681, RATIS_ADMIN=36681, RATIS_SERVER=36681, STANDALONE=32805], networkLocation: /default-rack, certSerialId: null, persistedOpState: null, persistedOpStateExpiryEpochSec: 0}. Asking datanode to re-register.
2021-07-14 22:49:15,773 [IPC Server handler 9 on default port 34745] INFO  server.SCMDatanodeHeartbeatDispatcher (SCMDatanodeHeartbeatDispatcher.java:dispatch(101)) - SCM received heartbeat from an unregistered datanode 8eebc958-9398-4984-8b85-05c7775d5731{ip: 10.1.0.26, host: fv-az122-479.zf1tlrj3kn4expqppa1j4mpycf.xx.internal.cloudapp.net, ports: [REPLICATION=44651, RATIS=46601, RATIS_ADMIN=46601, RATIS_SERVER=46601, STANDALONE=44885], networkLocation: /default-rack, certSerialId: null, persistedOpState: null, persistedOpStateExpiryEpochSec: 0}. Asking datanode to re-register.
2021-07-14 22:49:15,774 [IPC Server handler 10 on default port 34745] INFO  server.SCMDatanodeHeartbeatDispatcher (SCMDatanodeHeartbeatDispatcher.java:dispatch(101)) - SCM received heartbeat from an unregistered datanode 13cc7e77-570e-489a-8f95-9257e310d74c{ip: 10.1.0.26, host: fv-az122-479.zf1tlrj3kn4expqppa1j4mpycf.xx.internal.cloudapp.net, ports: [REPLICATION=36335, RATIS=36681, RATIS_ADMIN=36681, RATIS_SERVER=36681, STANDALONE=32805], networkLocation: /default-rack, certSerialId: null, persistedOpState: null, persistedOpStateExpiryEpochSec: 0}. Asking datanode to re-register.
2021-07-14 22:49:15,779 [IPC Server handler 11 on default port 34745] INFO  server.SCMDatanodeHeartbeatDispatcher (SCMDatanodeHeartbeatDispatcher.java:dispatch(101)) - SCM received heartbeat from an unregistered datanode 8eebc958-9398-4984-8b85-05c7775d5731{ip: 10.1.0.26, host: fv-az122-479.zf1tlrj3kn4expqppa1j4mpycf.xx.internal.cloudapp.net, ports: [REPLICATION=44651, RATIS=46601, RATIS_ADMIN=46601, RATIS_SERVER=46601, STANDALONE=44885], networkLocation: /default-rack, certSerialId: null, persistedOpState: null, persistedOpStateExpiryEpochSec: 0}. Asking datanode to re-register.
2021-07-14 22:49:15,779 [IPC Server handler 13 on default port 34745] INFO  server.SCMDatanodeHeartbeatDispatcher (SCMDatanodeHeartbeatDispatcher.java:dispatch(101)) - SCM received heartbeat from an unregistered datanode 13cc7e77-570e-489a-8f95-9257e310d74c{ip: 10.1.0.26, host: fv-az122-479.zf1tlrj3kn4expqppa1j4mpycf.xx.internal.cloudapp.net, ports: [REPLICATION=36335, RATIS=36681, RATIS_ADMIN=36681, RATIS_SERVER=36681, STANDALONE=32805], networkLocation: /default-rack, certSerialId: null, persistedOpState: null, persistedOpStateExpiryEpochSec: 0}. Asking datanode to re-register.
2021-07-14 22:49:15,781 [IPC Server handler 12 on default port 34745] INFO  server.SCMDatanodeHeartbeatDispatcher (SCMDatanodeHeartbeatDispatcher.java:dispatch(101)) - SCM received heartbeat from an unregistered datanode 8eebc958-9398-4984-8b85-05c7775d5731{ip: 10.1.0.26, host: fv-az122-479.zf1tlrj3kn4expqppa1j4mpycf.xx.internal.cloudapp.net, ports: [REPLICATION=44651, RATIS=46601, RATIS_ADMIN=46601, RATIS_SERVER=46601, STANDALONE=44885], networkLocation: /default-rack, certSerialId: null, persistedOpState: null, persistedOpStateExpiryEpochSec: 0}. Asking datanode to re-register.
2021-07-14 22:49:15,786 [IPC Server handler 14 on default port 34745] INFO  server.SCMDatanodeHeartbeatDispatcher (SCMDatanodeHeartbeatDispatcher.java:dispatch(101)) - SCM received heartbeat from an unregistered datanode 13cc7e77-570e-489a-8f95-9257e310d74c{ip: 10.1.0.26, host: fv-az122-479.zf1tlrj3kn4expqppa1j4mpycf.xx.internal.cloudapp.net, ports: [REPLICATION=36335, RATIS=36681, RATIS_ADMIN=36681, RATIS_SERVER=36681, STANDALONE=32805], networkLocation: /default-rack, certSerialId: null, persistedOpState: null, persistedOpStateExpiryEpochSec: 0}. Asking datanode to re-register.
2021-07-14 22:49:15,786 [IPC Server handler 15 on default port 34745] INFO  server.SCMDatanodeHeartbeatDispatcher (SCMDatanodeHeartbeatDispatcher.java:dispatch(101)) - SCM received heartbeat from an unregistered datanode 8eebc958-9398-4984-8b85-05c7775d5731{ip: 10.1.0.26, host: fv-az122-479.zf1tlrj3kn4expqppa1j4mpycf.xx.internal.cloudapp.net, ports: [REPLICATION=44651, RATIS=46601, RATIS_ADMIN=46601, RATIS_SERVER=46601, STANDALONE=44885], networkLocation: /default-rack, certSerialId: null, persistedOpState: null, persistedOpStateExpiryEpochSec: 0}. Asking datanode to re-register.
2021-07-14 22:49:15,796 [IPC Server handler 16 on default port 34745] INFO  server.SCMDatanodeHeartbeatDispatcher (SCMDatanodeHeartbeatDispatcher.java:dispatch(101)) - SCM received heartbeat from an unregistered datanode 13cc7e77-570e-489a-8f95-9257e310d74c{ip: 10.1.0.26, host: fv-az122-479.zf1tlrj3kn4expqppa1j4mpycf.xx.internal.cloudapp.net, ports: [REPLICATION=36335, RATIS=36681, RATIS_ADMIN=36681, RATIS_SERVER=36681, STANDALONE=32805], networkLocation: /default-rack, certSerialId: null, persistedOpState: null, persistedOpStateExpiryEpochSec: 0}. Asking datanode to re-register.
2021-07-14 22:49:15,797 [IPC Server handler 17 on default port 34745] INFO  server.SCMDatanodeHeartbeatDispatcher (SCMDatanodeHeartbeatDispatcher.java:dispatch(101)) - SCM received heartbeat from an unregistered datanode 8eebc958-9398-4984-8b85-05c7775d5731{ip: 10.1.0.26, host: fv-az122-479.zf1tlrj3kn4expqppa1j4mpycf.xx.internal.cloudapp.net, ports: [REPLICATION=44651, RATIS=46601, RATIS_ADMIN=46601, RATIS_SERVER=46601, STANDALONE=44885], networkLocation: /default-rack, certSerialId: null, persistedOpState: null, persistedOpStateExpiryEpochSec: 0}. Asking datanode to re-register.
2021-07-14 22:49:15,798 [IPC Server handler 18 on default port 34745] INFO  server.SCMDatanodeHeartbeatDispatcher (SCMDatanodeHeartbeatDispatcher.java:dispatch(101)) - SCM received heartbeat from an unregistered datanode 8eebc958-9398-4984-8b85-05c7775d5731{ip: 10.1.0.26, host: fv-az122-479.zf1tlrj3kn4expqppa1j4mpycf.xx.internal.cloudapp.net, ports: [REPLICATION=44651, RATIS=46601, RATIS_ADMIN=46601, RATIS_SERVER=46601, STANDALONE=44885], networkLocation: /default-rack, certSerialId: null, persistedOpState: null, persistedOpStateExpiryEpochSec: 0}. Asking datanode to re-register.
2021-07-14 22:49:15,798 [IPC Server handler 19 on default port 34745] INFO  server.SCMDatanodeHeartbeatDispatcher (SCMDatanodeHeartbeatDispatcher.java:dispatch(101)) - SCM received heartbeat from an unregistered datanode 13cc7e77-570e-489a-8f95-9257e310d74c{ip: 10.1.0.26, host: fv-az122-479.zf1tlrj3kn4expqppa1j4mpycf.xx.internal.cloudapp.net, ports: [REPLICATION=36335, RATIS=36681, RATIS_ADMIN=36681, RATIS_SERVER=36681, STANDALONE=32805], networkLocation: /default-rack, certSerialId: null, persistedOpState: null, persistedOpStateExpiryEpochSec: 0}. Asking datanode to re-register.
2021-07-14 22:49:15,799 [IPC Server handler 1 on default port 34745] INFO  server.SCMDatanodeHeartbeatDispatcher (SCMDatanodeHeartbeatDispatcher.java:dispatch(101)) - SCM received heartbeat from an unregistered datanode 13cc7e77-570e-489a-8f95-9257e310d74c{ip: 10.1.0.26, host: fv-az122-479.zf1tlrj3kn4expqppa1j4mpycf.xx.internal.cloudapp.net, ports: [REPLICATION=36335, RATIS=36681, RATIS_ADMIN=36681, RATIS_SERVER=36681, STANDALONE=32805], networkLocation: /default-rack, certSerialId: null, persistedOpState: null, persistedOpStateExpiryEpochSec: 0}. Asking datanode to re-register.
2021-07-14 22:49:15,800 [IPC Server handler 2 on default port 34745] INFO  server.SCMDatanodeHeartbeatDispatcher (SCMDatanodeHeartbeatDispatcher.java:dispatch(101)) - SCM received heartbeat from an unregistered datanode 8eebc958-9398-4984-8b85-05c7775d5731{ip: 10.1.0.26, host: fv-az122-479.zf1tlrj3kn4expqppa1j4mpycf.xx.internal.cloudapp.net, ports: [REPLICATION=44651, RATIS=46601, RATIS_ADMIN=46601, RATIS_SERVER=46601, STANDALONE=44885], networkLocation: /default-rack, certSerialId: null, persistedOpState: null, persistedOpStateExpiryEpochSec: 0}. Asking datanode to re-register.
2021-07-14 22:49:15,802 [IPC Server handler 0 on default port 34745] INFO  server.SCMDatanodeHeartbeatDispatcher (SCMDatanodeHeartbeatDispatcher.java:dispatch(101)) - SCM received heartbeat from an unregistered datanode 8eebc958-9398-4984-8b85-05c7775d5731{ip: 10.1.0.26, host: fv-az122-479.zf1tlrj3kn4expqppa1j4mpycf.xx.internal.cloudapp.net, ports: [REPLICATION=44651, RATIS=46601, RATIS_ADMIN=46601, RATIS_SERVER=46601, STANDALONE=44885], networkLocation: /default-rack, certSerialId: null, persistedOpState: null, persistedOpStateExpiryEpochSec: 0}. Asking datanode to re-register.
2021-07-14 22:49:15,802 [IPC Server handler 4 on default port 34745] INFO  server.SCMDatanodeHeartbeatDispatcher (SCMDatanodeHeartbeatDispatcher.java:dispatch(101)) - SCM received heartbeat from an unregistered datanode 13cc7e77-570e-489a-8f95-9257e310d74c{ip: 10.1.0.26, host: fv-az122-479.zf1tlrj3kn4expqppa1j4mpycf.xx.internal.cloudapp.net, ports: [REPLICATION=36335, RATIS=36681, RATIS_ADMIN=36681, RATIS_SERVER=36681, STANDALONE=32805], networkLocation: /default-rack, certSerialId: null, persistedOpState: null, persistedOpStateExpiryEpochSec: 0}. Asking datanode to re-register.
2021-07-14 22:49:15,803 [IPC Server handler 5 on default port 34745] INFO  server.SCMDatanodeHeartbeatDispatcher (SCMDatanodeHeartbeatDispatcher.java:dispatch(101)) - SCM received heartbeat from an unregistered datanode 13cc7e77-570e-489a-8f95-9257e310d74c{ip: 10.1.0.26, host: fv-az122-479.zf1tlrj3kn4expqppa1j4mpycf.xx.internal.cloudapp.net, ports: [REPLICATION=36335, RATIS=36681, RATIS_ADMIN=36681, RATIS_SERVER=36681, STANDALONE=32805], networkLocation: /default-rack, certSerialId: null, persistedOpState: null, persistedOpStateExpiryEpochSec: 0}. Asking datanode to re-register.
2021-07-14 22:49:15,804 [IPC Server handler 3 on default port 34745] INFO  server.SCMDatanodeHeartbeatDispatcher (SCMDatanodeHeartbeatDispatcher.java:dispatch(101)) - SCM received heartbeat from an unregistered datanode 13cc7e77-570e-489a-8f95-9257e310d74c{ip: 10.1.0.26, host: fv-az122-479.zf1tlrj3kn4expqppa1j4mpycf.xx.internal.cloudapp.net, ports: [REPLICATION=36335, RATIS=36681, RATIS_ADMIN=36681, RATIS_SERVER=36681, STANDALONE=32805], networkLocation: /default-rack, certSerialId: null, persistedOpState: null, persistedOpStateExpiryEpochSec: 0}. Asking datanode to re-register.
2021-07-14 22:49:15,805 [IPC Server handler 8 on default port 34745] INFO  server.SCMDatanodeHeartbeatDispatcher (SCMDatanodeHeartbeatDispatcher.java:dispatch(101)) - SCM received heartbeat from an unregistered datanode 13cc7e77-570e-489a-8f95-9257e310d74c{ip: 10.1.0.26, host: fv-az122-479.zf1tlrj3kn4expqppa1j4mpycf.xx.internal.cloudapp.net, ports: [REPLICATION=36335, RATIS=36681, RATIS_ADMIN=36681, RATIS_SERVER=36681, STANDALONE=32805], networkLocation: /default-rack, certSerialId: null, persistedOpState: null, persistedOpStateExpiryEpochSec: 0}. Asking datanode to re-register.
2021-07-14 22:49:15,805 [IPC Server handler 6 on default port 34745] INFO  server.SCMDatanodeHeartbeatDispatcher (SCMDatanodeHeartbeatDispatcher.java:dispatch(101)) - SCM received heartbeat from an unregistered datanode 8eebc958-9398-4984-8b85-05c7775d5731{ip: 10.1.0.26, host: fv-az122-479.zf1tlrj3kn4expqppa1j4mpycf.xx.internal.cloudapp.net, ports: [REPLICATION=44651, RATIS=46601, RATIS_ADMIN=46601, RATIS_SERVER=46601, STANDALONE=44885], networkLocation: /default-rack, certSerialId: null, persistedOpState: null, persistedOpStateExpiryEpochSec: 0}. Asking datanode to re-register.
2021-07-14 22:49:15,806 [IPC Server handler 7 on default port 34745] INFO  server.SCMDatanodeHeartbeatDispatcher (SCMDatanodeHeartbeatDispatcher.java:dispatch(101)) - SCM received heartbeat from an unregistered datanode 8eebc958-9398-4984-8b85-05c7775d5731{ip: 10.1.0.26, host: fv-az122-479.zf1tlrj3kn4expqppa1j4mpycf.xx.internal.cloudapp.net, ports: [REPLICATION=44651, RATIS=46601, RATIS_ADMIN=46601, RATIS_SERVER=46601, STANDALONE=44885], networkLocation: /default-rack, certSerialId: null, persistedOpState: null, persistedOpStateExpiryEpochSec: 0}. Asking datanode to re-register.
2021-07-14 22:49:15,807 [IPC Server handler 9 on default port 34745] INFO  server.SCMDatanodeHeartbeatDispatcher (SCMDatanodeHeartbeatDispatcher.java:dispatch(101)) - SCM received heartbeat from an unregistered datanode 8eebc958-9398-4984-8b85-05c7775d5731{ip: 10.1.0.26, host: fv-az122-479.zf1tlrj3kn4expqppa1j4mpycf.xx.internal.cloudapp.net, ports: [REPLICATION=44651, RATIS=46601, RATIS_ADMIN=46601, RATIS_SERVER=46601, STANDALONE=44885], networkLocation: /default-rack, certSerialId: null, persistedOpState: null, persistedOpStateExpiryEpochSec: 0}. Asking datanode to re-register.
2021-07-14 22:49:16,506 [IPC Server handler 10 on default port 34745] INFO  net.NetworkTopologyImpl (NetworkTopologyImpl.java:add(112)) - Added a new node: /default-rack/13cc7e77-570e-489a-8f95-9257e310d74c
2021-07-14 22:49:16,506 [IPC Server handler 10 on default port 34745] INFO  node.SCMNodeManager (SCMNodeManager.java:register(386)) - Registered Data node : 13cc7e77-570e-489a-8f95-9257e310d74c{ip: 10.1.0.26, host: fv-az122-479.zf1tlrj3kn4expqppa1j4mpycf.xx.internal.cloudapp.net, ports: [REPLICATION=36335, RATIS=36681, RATIS_ADMIN=36681, RATIS_SERVER=36681, STANDALONE=32805], networkLocation: /default-rack, certSerialId: null, persistedOpState: null, persistedOpStateExpiryEpochSec: 0}
2021-07-14 22:49:16,509 [EventQueue-NodeRegistrationContainerReportForContainerSafeModeRule] INFO  safemode.SCMSafeModeManager (SCMSafeModeManager.java:validateSafeModeExitRules(204)) - ContainerSafeModeRule rule is successfully validated
2021-07-14 22:49:16,509 [EventQueue-NodeRegistrationContainerReportForDataNodeSafeModeRule] INFO  safemode.SCMSafeModeManager (DataNodeSafeModeRule.java:process(71)) - SCM in safe mode. 1 DataNodes registered, 3 required.
2021-07-14 22:49:16,509 [EventQueue-PipelineReportForOneReplicaPipelineSafeModeRule] INFO  safemode.SCMSafeModeManager (OneReplicaPipelineSafeModeRule.java:process(120)) - SCM in safe mode. Pipelines with at least one datanode reported count is 1, required at least one datanode reported per pipeline count is 1
2021-07-14 22:49:16,512 [EventQueue-NewNodeForNewNodeHandler] INFO  pipeline.BackgroundPipelineCreator (BackgroundPipelineCreatorV2.java:notifyEventTriggered(285)) - trigger a one-shot run on RatisPipelineUtilsThread.
2021-07-14 22:49:16,512 [EventQueue-PipelineReportForOneReplicaPipelineSafeModeRule] INFO  safemode.SCMSafeModeManager (SCMSafeModeManager.java:validateSafeModeExitRules(204)) - AtleastOneDatanodeReportedRule rule is successfully validated
2021-07-14 22:49:16,516 [EventQueue-OpenPipelineForHealthyPipelineSafeModeRule] INFO  safemode.SCMSafeModeManager (HealthyPipelineSafeModeRule.java:process(124)) - SCM in safe mode. Healthy pipelines reported count is 0, required healthy pipeline reported count is 1
2021-07-14 22:49:16,658 [Listener at 0.0.0.0/34471] INFO  ozone.MiniOzoneClusterImpl (MiniOzoneClusterImpl.java:lambda$waitForClusterToBeReady$0(230)) - Waiting for nodes to be ready. Got 1 of 3 DN Heartbeats.
2021-07-14 22:49:16,658 [Listener at 0.0.0.0/34471] INFO  ozone.MiniOzoneClusterImpl (MiniOzoneClusterImpl.java:lambda$waitForClusterToBeReady$0(233)) - Waiting for cluster to exit safe mode
2021-07-14 22:49:16,658 [Listener at 0.0.0.0/34471] INFO  ozone.MiniOzoneClusterImpl (MiniOzoneClusterImpl.java:lambda$waitForClusterToBeReady$0(235)) - SCM became leader
2021-07-14 22:49:17,031 [grpc-default-executor-1] INFO  ratis.XceiverServerRatis (XceiverServerRatis.java:handleLeaderChangedNotification(857)) - Leader change notification received for group: group-3DA7CFC98DDE with new leaderId: 13cc7e77-570e-489a-8f95-9257e310d74c
2021-07-14 22:49:17,032 [grpc-default-executor-1] INFO  server.RaftServer$Division (ServerState.java:setLeader(271)) - 8c203391-d7bf-416a-8a2d-d45edeb19bdd@group-3DA7CFC98DDE: change Leader from null to 13cc7e77-570e-489a-8f95-9257e310d74c at term 13 for appendEntries, leader elected after 21818ms
2021-07-14 22:49:17,267 [Datanode State Machine Thread - 0] INFO  statemachine.DatanodeStateMachine (DatanodeStateMachine.java:lambda$startDaemon$0(455)) - Ozone container server started.
2021-07-14 22:49:17,658 [Listener at 0.0.0.0/34471] INFO  ozone.MiniOzoneClusterImpl (MiniOzoneClusterImpl.java:lambda$waitForClusterToBeReady$0(230)) - Waiting for nodes to be ready. Got 1 of 3 DN Heartbeats.
2021-07-14 22:49:17,659 [Listener at 0.0.0.0/34471] INFO  ozone.MiniOzoneClusterImpl (MiniOzoneClusterImpl.java:lambda$waitForClusterToBeReady$0(233)) - Waiting for cluster to exit safe mode
2021-07-14 22:49:17,659 [Listener at 0.0.0.0/34471] INFO  ozone.MiniOzoneClusterImpl (MiniOzoneClusterImpl.java:lambda$waitForClusterToBeReady$0(235)) - SCM became leader
2021-07-14 22:49:18,659 [Listener at 0.0.0.0/34471] INFO  ozone.MiniOzoneClusterImpl (MiniOzoneClusterImpl.java:lambda$waitForClusterToBeReady$0(230)) - Waiting for nodes to be ready. Got 1 of 3 DN Heartbeats.
2021-07-14 22:49:18,659 [Listener at 0.0.0.0/34471] INFO  ozone.MiniOzoneClusterImpl (MiniOzoneClusterImpl.java:lambda$waitForClusterToBeReady$0(233)) - Waiting for cluster to exit safe mode
2021-07-14 22:49:18,659 [Listener at 0.0.0.0/34471] INFO  ozone.MiniOzoneClusterImpl (MiniOzoneClusterImpl.java:lambda$waitForClusterToBeReady$0(235)) - SCM became leader
2021-07-14 22:49:19,660 [Listener at 0.0.0.0/34471] INFO  ozone.MiniOzoneClusterImpl (MiniOzoneClusterImpl.java:lambda$waitForClusterToBeReady$0(230)) - Waiting for nodes to be ready. Got 1 of 3 DN Heartbeats.
2021-07-14 22:49:19,660 [Listener at 0.0.0.0/34471] INFO  ozone.MiniOzoneClusterImpl (MiniOzoneClusterImpl.java:lambda$waitForClusterToBeReady$0(233)) - Waiting for cluster to exit safe mode
2021-07-14 22:49:19,660 [Listener at 0.0.0.0/34471] INFO  ozone.MiniOzoneClusterImpl (MiniOzoneClusterImpl.java:lambda$waitForClusterToBeReady$0(235)) - SCM became leader
2021-07-14 22:49:20,572 [ForkJoinPool.commonPool-worker-1] INFO  ozoneimpl.OzoneContainer (OzoneContainer.java:stop(326)) - Attempting to stop container services.
2021-07-14 22:49:20,572 [ForkJoinPool.commonPool-worker-1] INFO  server.RaftServer (RaftServerProxy.java:lambda$close$6(391)) - 8c203391-d7bf-416a-8a2d-d45edeb19bdd: close
2021-07-14 22:49:20,573 [ForkJoinPool.commonPool-worker-1] INFO  server.RaftServer$Division (RaftServerImpl.java:lambda$close$4(406)) - 8c203391-d7bf-416a-8a2d-d45edeb19bdd@group-4E43A94260FE: shutdown
2021-07-14 22:49:20,573 [ForkJoinPool.commonPool-worker-1] INFO  util.JmxRegister (JmxRegister.java:unregister(73)) - Successfully un-registered JMX Bean with object name Ratis:service=RaftServer,group=group-4E43A94260FE,id=8c203391-d7bf-416a-8a2d-d45edeb19bdd
2021-07-14 22:49:20,573 [ForkJoinPool.commonPool-worker-1] INFO  impl.RoleInfo (RoleInfo.java:shutdownFollowerState(108)) - 8c203391-d7bf-416a-8a2d-d45edeb19bdd: shutdown 8c203391-d7bf-416a-8a2d-d45edeb19bdd@group-4E43A94260FE-FollowerState
2021-07-14 22:49:20,573 [ForkJoinPool.commonPool-worker-1] INFO  impl.StateMachineUpdater (StateMachineUpdater.java:stopAndJoin(149)) - 8c203391-d7bf-416a-8a2d-d45edeb19bdd@group-4E43A94260FE-StateMachineUpdater: set stopIndex = 0
2021-07-14 22:49:20,573 [8c203391-d7bf-416a-8a2d-d45edeb19bdd@group-4E43A94260FE-FollowerState] INFO  impl.FollowerState (FollowerState.java:run(143)) - 8c203391-d7bf-416a-8a2d-d45edeb19bdd@group-4E43A94260FE-FollowerState was interrupted: {}
java.lang.InterruptedException: sleep interrupted
	at java.lang.Thread.sleep(Native Method)
	at java.lang.Thread.sleep(Thread.java:340)
	at java.util.concurrent.TimeUnit.sleep(TimeUnit.java:386)
	at org.apache.ratis.util.TimeDuration.sleep(TimeDuration.java:324)
	at org.apache.ratis.util.TimeDuration.sleep(TimeDuration.java:309)
	at org.apache.ratis.server.impl.FollowerState.run(FollowerState.java:118)
2021-07-14 22:49:20,573 [8c203391-d7bf-416a-8a2d-d45edeb19bdd@group-4E43A94260FE-StateMachineUpdater] INFO  metrics.RatisMetrics (RatisMetrics.java:unregister(43)) - Unregistering Metrics Registry : ratis.state_machine.8c203391-d7bf-416a-8a2d-d45edeb19bdd@group-4E43A94260FE
2021-07-14 22:49:20,573 [ForkJoinPool.commonPool-worker-1] INFO  server.RaftServer$Division (ServerState.java:close(405)) - 8c203391-d7bf-416a-8a2d-d45edeb19bdd@group-4E43A94260FE: closes. applyIndex: 0
2021-07-14 22:49:20,575 [8c203391-d7bf-416a-8a2d-d45edeb19bdd@group-4E43A94260FE-SegmentedRaftLogWorker] INFO  segmented.SegmentedRaftLogWorker (SegmentedRaftLogWorker.java:run(327)) - 8c203391-d7bf-416a-8a2d-d45edeb19bdd@group-4E43A94260FE-SegmentedRaftLogWorker was interrupted, exiting. There are 0 tasks remaining in the queue.
2021-07-14 22:49:20,576 [ForkJoinPool.commonPool-worker-1] INFO  segmented.SegmentedRaftLogWorker (SegmentedRaftLogWorker.java:close(237)) - 8c203391-d7bf-416a-8a2d-d45edeb19bdd@group-4E43A94260FE-SegmentedRaftLogWorker close()
2021-07-14 22:49:20,576 [ForkJoinPool.commonPool-worker-1] INFO  metrics.RatisMetrics (RatisMetrics.java:unregister(43)) - Unregistering Metrics Registry : ratis.log_worker.8c203391-d7bf-416a-8a2d-d45edeb19bdd@group-4E43A94260FE
2021-07-14 22:49:20,577 [ForkJoinPool.commonPool-worker-1] INFO  metrics.RatisMetrics (RatisMetrics.java:unregister(43)) - Unregistering Metrics Registry : ratis.leader_election.8c203391-d7bf-416a-8a2d-d45edeb19bdd@group-4E43A94260FE
2021-07-14 22:49:20,577 [ForkJoinPool.commonPool-worker-1] INFO  metrics.RatisMetrics (RatisMetrics.java:unregister(43)) - Unregistering Metrics Registry : ratis.server.8c203391-d7bf-416a-8a2d-d45edeb19bdd@group-4E43A94260FE
2021-07-14 22:49:20,577 [ForkJoinPool.commonPool-worker-1] INFO  server.RaftServer$Division (RaftServerImpl.java:lambda$close$4(406)) - 8c203391-d7bf-416a-8a2d-d45edeb19bdd@group-3DA7CFC98DDE: shutdown
2021-07-14 22:49:20,577 [ForkJoinPool.commonPool-worker-1] INFO  util.JmxRegister (JmxRegister.java:unregister(73)) - Successfully un-registered JMX Bean with object name Ratis:service=RaftServer,group=group-3DA7CFC98DDE,id=8c203391-d7bf-416a-8a2d-d45edeb19bdd
2021-07-14 22:49:20,577 [ForkJoinPool.commonPool-worker-1] INFO  impl.RoleInfo (RoleInfo.java:shutdownFollowerState(108)) - 8c203391-d7bf-416a-8a2d-d45edeb19bdd: shutdown 8c203391-d7bf-416a-8a2d-d45edeb19bdd@group-3DA7CFC98DDE-FollowerState
2021-07-14 22:49:20,580 [8c203391-d7bf-416a-8a2d-d45edeb19bdd@group-3DA7CFC98DDE-FollowerState] INFO  impl.FollowerState (FollowerState.java:run(143)) - 8c203391-d7bf-416a-8a2d-d45edeb19bdd@group-3DA7CFC98DDE-FollowerState was interrupted: {}
java.lang.InterruptedException: sleep interrupted
	at java.lang.Thread.sleep(Native Method)
	at java.lang.Thread.sleep(Thread.java:340)
	at java.util.concurrent.TimeUnit.sleep(TimeUnit.java:386)
	at org.apache.ratis.util.TimeDuration.sleep(TimeDuration.java:324)
	at org.apache.ratis.util.TimeDuration.sleep(TimeDuration.java:309)
	at org.apache.ratis.server.impl.FollowerState.run(FollowerState.java:118)
2021-07-14 22:49:20,580 [ForkJoinPool.commonPool-worker-1] INFO  impl.StateMachineUpdater (StateMachineUpdater.java:stopAndJoin(149)) - 8c203391-d7bf-416a-8a2d-d45edeb19bdd@group-3DA7CFC98DDE-StateMachineUpdater: set stopIndex = 0
2021-07-14 22:49:20,581 [Time-limited test] INFO  ozoneimpl.OzoneContainer (OzoneContainer.java:stop(326)) - Attempting to stop container services.
2021-07-14 22:49:20,580 [8c203391-d7bf-416a-8a2d-d45edeb19bdd@group-3DA7CFC98DDE-StateMachineUpdater] INFO  metrics.RatisMetrics (RatisMetrics.java:unregister(43)) - Unregistering Metrics Registry : ratis.state_machine.8c203391-d7bf-416a-8a2d-d45edeb19bdd@group-3DA7CFC98DDE
2021-07-14 22:49:20,583 [Time-limited test] INFO  server.RaftServer (RaftServerProxy.java:lambda$close$6(391)) - 8eebc958-9398-4984-8b85-05c7775d5731: close
2021-07-14 22:49:20,583 [Time-limited test] INFO  server.RaftServer$Division (RaftServerImpl.java:lambda$close$4(406)) - 8eebc958-9398-4984-8b85-05c7775d5731@group-4B7CB0DCD607: shutdown
2021-07-14 22:49:20,583 [Time-limited test] INFO  util.JmxRegister (JmxRegister.java:unregister(73)) - Successfully un-registered JMX Bean with object name Ratis:service=RaftServer,group=group-4B7CB0DCD607,id=8eebc958-9398-4984-8b85-05c7775d5731
2021-07-14 22:49:20,583 [Time-limited test] INFO  impl.RoleInfo (RoleInfo.java:shutdownLeaderState(91)) - 8eebc958-9398-4984-8b85-05c7775d5731: shutdown 8eebc958-9398-4984-8b85-05c7775d5731@group-4B7CB0DCD607-LeaderStateImpl
2021-07-14 22:49:20,583 [ForkJoinPool.commonPool-worker-1] INFO  server.RaftServer$Division (ServerState.java:close(405)) - 8c203391-d7bf-416a-8a2d-d45edeb19bdd@group-3DA7CFC98DDE: closes. applyIndex: 0
2021-07-14 22:49:20,583 [Time-limited test] INFO  impl.PendingRequests (PendingRequests.java:sendNotLeaderResponses(249)) - 8eebc958-9398-4984-8b85-05c7775d5731@group-4B7CB0DCD607-PendingRequests: sendNotLeaderResponses
2021-07-14 22:49:20,584 [Time-limited test] INFO  metrics.RatisMetrics (RatisMetrics.java:unregister(43)) - Unregistering Metrics Registry : ratis.log_appender.8eebc958-9398-4984-8b85-05c7775d5731@group-4B7CB0DCD607
2021-07-14 22:49:20,584 [Time-limited test] INFO  metrics.RatisMetrics (RatisMetrics.java:unregister(43)) - Unregistering Metrics Registry : ratis.server.8eebc958-9398-4984-8b85-05c7775d5731@group-4B7CB0DCD607
2021-07-14 22:49:20,585 [Time-limited test] INFO  impl.StateMachineUpdater (StateMachineUpdater.java:stopAndJoin(149)) - 8eebc958-9398-4984-8b85-05c7775d5731@group-4B7CB0DCD607-StateMachineUpdater: set stopIndex = 0
2021-07-14 22:49:20,585 [8c203391-d7bf-416a-8a2d-d45edeb19bdd@group-3DA7CFC98DDE-SegmentedRaftLogWorker] INFO  segmented.SegmentedRaftLogWorker (SegmentedRaftLogWorker.java:run(327)) - 8c203391-d7bf-416a-8a2d-d45edeb19bdd@group-3DA7CFC98DDE-SegmentedRaftLogWorker was interrupted, exiting. There are 0 tasks remaining in the queue.
2021-07-14 22:49:20,585 [8eebc958-9398-4984-8b85-05c7775d5731@group-4B7CB0DCD607-StateMachineUpdater] INFO  ratis.ContainerStateMachine (ContainerStateMachine.java:takeSnapshot(291)) - group-4B7CB0DCD607: Taking a snapshot at:(t:1, i:0) file /home/runner/work/ozone/ozone/mnt/ozone/hadoop-ozone/integration-test/target/test-dir/MiniOzoneClusterImpl-24e24ab0-2885-46cc-b3c8-2159e7c871dc/datanode-1/data/ratis/20a20383-e387-40c3-a2df-4b7cb0dcd607/sm/snapshot.1_0
2021-07-14 22:49:20,586 [ForkJoinPool.commonPool-worker-1] INFO  segmented.SegmentedRaftLogWorker (SegmentedRaftLogWorker.java:close(237)) - 8c203391-d7bf-416a-8a2d-d45edeb19bdd@group-3DA7CFC98DDE-SegmentedRaftLogWorker close()
2021-07-14 22:49:20,587 [ForkJoinPool.commonPool-worker-1] INFO  metrics.RatisMetrics (RatisMetrics.java:unregister(43)) - Unregistering Metrics Registry : ratis.log_worker.8c203391-d7bf-416a-8a2d-d45edeb19bdd@group-3DA7CFC98DDE
2021-07-14 22:49:20,587 [ForkJoinPool.commonPool-worker-1] INFO  metrics.RatisMetrics (RatisMetrics.java:unregister(43)) - Unregistering Metrics Registry : ratis.leader_election.8c203391-d7bf-416a-8a2d-d45edeb19bdd@group-3DA7CFC98DDE
2021-07-14 22:49:20,587 [ForkJoinPool.commonPool-worker-1] INFO  metrics.RatisMetrics (RatisMetrics.java:unregister(43)) - Unregistering Metrics Registry : ratis.server.8c203391-d7bf-416a-8a2d-d45edeb19bdd@group-3DA7CFC98DDE
2021-07-14 22:49:20,588 [ForkJoinPool.commonPool-worker-1] INFO  server.GrpcService (GrpcService.java:closeImpl(262)) - 8c203391-d7bf-416a-8a2d-d45edeb19bdd: shutdown server with port 41361 now
2021-07-14 22:49:20,588 [8eebc958-9398-4984-8b85-05c7775d5731@group-4B7CB0DCD607-StateMachineUpdater] INFO  ratis.ContainerStateMachine (ContainerStateMachine.java:takeSnapshot(302)) - group-4B7CB0DCD607: Finished taking a snapshot at:(t:1, i:0) file:/home/runner/work/ozone/ozone/mnt/ozone/hadoop-ozone/integration-test/target/test-dir/MiniOzoneClusterImpl-24e24ab0-2885-46cc-b3c8-2159e7c871dc/datanode-1/data/ratis/20a20383-e387-40c3-a2df-4b7cb0dcd607/sm/snapshot.1_0 took: 2 ms
2021-07-14 22:49:20,588 [8eebc958-9398-4984-8b85-05c7775d5731@group-4B7CB0DCD607-StateMachineUpdater] INFO  impl.StateMachineUpdater (StateMachineUpdater.java:takeSnapshot(281)) - 8eebc958-9398-4984-8b85-05c7775d5731@group-4B7CB0DCD607-StateMachineUpdater: Took a snapshot at index 0
2021-07-14 22:49:20,588 [8eebc958-9398-4984-8b85-05c7775d5731@group-4B7CB0DCD607-StateMachineUpdater] INFO  impl.StateMachineUpdater (StateMachineUpdater.java:lambda$new$0(89)) - 8eebc958-9398-4984-8b85-05c7775d5731@group-4B7CB0DCD607-StateMachineUpdater: snapshotIndex: updateIncreasingly -1 -> 0
2021-07-14 22:49:20,588 [8eebc958-9398-4984-8b85-05c7775d5731@group-4B7CB0DCD607-StateMachineUpdater] INFO  metrics.RatisMetrics (RatisMetrics.java:unregister(43)) - Unregistering Metrics Registry : ratis.state_machine.8eebc958-9398-4984-8b85-05c7775d5731@group-4B7CB0DCD607
2021-07-14 22:49:20,588 [Time-limited test] INFO  server.RaftServer$Division (ServerState.java:close(405)) - 8eebc958-9398-4984-8b85-05c7775d5731@group-4B7CB0DCD607: closes. applyIndex: 0
2021-07-14 22:49:20,589 [8eebc958-9398-4984-8b85-05c7775d5731@group-4B7CB0DCD607-SegmentedRaftLogWorker] INFO  segmented.SegmentedRaftLogWorker (SegmentedRaftLogWorker.java:run(327)) - 8eebc958-9398-4984-8b85-05c7775d5731@group-4B7CB0DCD607-SegmentedRaftLogWorker was interrupted, exiting. There are 0 tasks remaining in the queue.
2021-07-14 22:49:20,589 [Time-limited test] INFO  segmented.SegmentedRaftLogWorker (SegmentedRaftLogWorker.java:close(237)) - 8eebc958-9398-4984-8b85-05c7775d5731@group-4B7CB0DCD607-SegmentedRaftLogWorker close()
2021-07-14 22:49:20,590 [Time-limited test] INFO  metrics.RatisMetrics (RatisMetrics.java:unregister(43)) - Unregistering Metrics Registry : ratis.log_worker.8eebc958-9398-4984-8b85-05c7775d5731@group-4B7CB0DCD607
2021-07-14 22:49:20,590 [Time-limited test] INFO  metrics.RatisMetrics (RatisMetrics.java:unregister(43)) - Unregistering Metrics Registry : ratis.leader_election.8eebc958-9398-4984-8b85-05c7775d5731@group-4B7CB0DCD607
2021-07-14 22:49:20,590 [Time-limited test] INFO  metrics.RatisMetrics (RatisMetrics.java:unregister(43)) - Unregistering Metrics Registry : ratis.server.8eebc958-9398-4984-8b85-05c7775d5731@group-4B7CB0DCD607
2021-07-14 22:49:20,590 [Time-limited test] INFO  server.RaftServer$Division (RaftServerImpl.java:lambda$close$4(406)) - 8eebc958-9398-4984-8b85-05c7775d5731@group-3DA7CFC98DDE: shutdown
2021-07-14 22:49:20,590 [Time-limited test] INFO  util.JmxRegister (JmxRegister.java:unregister(73)) - Successfully un-registered JMX Bean with object name Ratis:service=RaftServer,group=group-3DA7CFC98DDE,id=8eebc958-9398-4984-8b85-05c7775d5731
2021-07-14 22:49:20,591 [grpc-default-executor-0] WARN  server.GrpcServerProtocolService (LogUtils.java:warn(122)) - 8c203391-d7bf-416a-8a2d-d45edeb19bdd: installSnapshot onError, lastRequest: null: org.apache.ratis.thirdparty.io.grpc.StatusRuntimeException: CANCELLED: client cancelled
2021-07-14 22:49:20,591 [Time-limited test] INFO  impl.RoleInfo (RoleInfo.java:shutdownFollowerState(108)) - 8eebc958-9398-4984-8b85-05c7775d5731: shutdown 8eebc958-9398-4984-8b85-05c7775d5731@group-3DA7CFC98DDE-FollowerState
2021-07-14 22:49:20,599 [8eebc958-9398-4984-8b85-05c7775d5731@group-3DA7CFC98DDE-FollowerState] INFO  impl.FollowerState (FollowerState.java:run(143)) - 8eebc958-9398-4984-8b85-05c7775d5731@group-3DA7CFC98DDE-FollowerState was interrupted: {}
java.lang.InterruptedException: sleep interrupted
	at java.lang.Thread.sleep(Native Method)
	at java.lang.Thread.sleep(Thread.java:340)
	at java.util.concurrent.TimeUnit.sleep(TimeUnit.java:386)
	at org.apache.ratis.util.TimeDuration.sleep(TimeDuration.java:324)
	at org.apache.ratis.util.TimeDuration.sleep(TimeDuration.java:309)
	at org.apache.ratis.server.impl.FollowerState.run(FollowerState.java:118)
2021-07-14 22:49:20,599 [grpc-default-executor-0] WARN  server.GrpcLogAppender (LogUtils.java:warn(122)) - 13cc7e77-570e-489a-8f95-9257e310d74c@group-3DA7CFC98DDE->8c203391-d7bf-416a-8a2d-d45edeb19bdd-AppendLogResponseHandler: Failed appendEntries: org.apache.ratis.thirdparty.io.grpc.StatusRuntimeException: CANCELLED: HTTP/2 error code: CANCEL
Received Rst Stream
2021-07-14 22:49:20,599 [8eebc958-9398-4984-8b85-05c7775d5731@group-3DA7CFC98DDE-StateMachineUpdater] INFO  ratis.ContainerStateMachine (ContainerStateMachine.java:takeSnapshot(291)) - group-3DA7CFC98DDE: Taking a snapshot at:(t:13, i:0) file /home/runner/work/ozone/ozone/mnt/ozone/hadoop-ozone/integration-test/target/test-dir/MiniOzoneClusterImpl-24e24ab0-2885-46cc-b3c8-2159e7c871dc/datanode-1/data/ratis/a87e27fb-2904-4402-887c-3da7cfc98dde/sm/snapshot.13_0
2021-07-14 22:49:20,599 [grpc-default-executor-0] WARN  server.GrpcLogAppender (GrpcLogAppender.java:resetClient(111)) - 13cc7e77-570e-489a-8f95-9257e310d74c@group-3DA7CFC98DDE->8c203391-d7bf-416a-8a2d-d45edeb19bdd-GrpcLogAppender: Leader has not got in touch with Follower 13cc7e77-570e-489a-8f95-9257e310d74c@group-3DA7CFC98DDE->8c203391-d7bf-416a-8a2d-d45edeb19bdd(c0,m0,n1, attendVote=true, lastRpcSendTime=1063, lastRpcResponseTime=1061) yet, just keep nextIndex unchanged and retry.
2021-07-14 22:49:20,591 [ForkJoinPool.commonPool-worker-1] INFO  server.GrpcService (GrpcService.java:closeImpl(271)) - 8c203391-d7bf-416a-8a2d-d45edeb19bdd: shutdown server with port 41361 successfully
2021-07-14 22:49:20,602 [org.apache.ratis.util.JvmPauseMonitor$$Lambda$525/853367010@7f8f1d48] INFO  util.JvmPauseMonitor (JvmPauseMonitor.java:run(109)) - JvmPauseMonitor-8c203391-d7bf-416a-8a2d-d45edeb19bdd: Stopped
2021-07-14 22:49:20,600 [8eebc958-9398-4984-8b85-05c7775d5731@group-3DA7CFC98DDE-StateMachineUpdater] INFO  ratis.ContainerStateMachine (ContainerStateMachine.java:takeSnapshot(302)) - group-3DA7CFC98DDE: Finished taking a snapshot at:(t:13, i:0) file:/home/runner/work/ozone/ozone/mnt/ozone/hadoop-ozone/integration-test/target/test-dir/MiniOzoneClusterImpl-24e24ab0-2885-46cc-b3c8-2159e7c871dc/datanode-1/data/ratis/a87e27fb-2904-4402-887c-3da7cfc98dde/sm/snapshot.13_0 took: 0 ms
2021-07-14 22:49:20,602 [8eebc958-9398-4984-8b85-05c7775d5731@group-3DA7CFC98DDE-StateMachineUpdater] INFO  impl.StateMachineUpdater (StateMachineUpdater.java:takeSnapshot(281)) - 8eebc958-9398-4984-8b85-05c7775d5731@group-3DA7CFC98DDE-StateMachineUpdater: Took a snapshot at index 0
2021-07-14 22:49:20,602 [8eebc958-9398-4984-8b85-05c7775d5731@group-3DA7CFC98DDE-StateMachineUpdater] INFO  impl.StateMachineUpdater (StateMachineUpdater.java:lambda$new$0(89)) - 8eebc958-9398-4984-8b85-05c7775d5731@group-3DA7CFC98DDE-StateMachineUpdater: snapshotIndex: updateIncreasingly -1 -> 0
2021-07-14 22:49:20,599 [Time-limited test] INFO  impl.StateMachineUpdater (StateMachineUpdater.java:stopAndJoin(149)) - 8eebc958-9398-4984-8b85-05c7775d5731@group-3DA7CFC98DDE-StateMachineUpdater: set stopIndex = 0
2021-07-14 22:49:20,604 [8eebc958-9398-4984-8b85-05c7775d5731@group-3DA7CFC98DDE-StateMachineUpdater] INFO  metrics.RatisMetrics (RatisMetrics.java:unregister(43)) - Unregistering Metrics Registry : ratis.state_machine.8eebc958-9398-4984-8b85-05c7775d5731@group-3DA7CFC98DDE
2021-07-14 22:49:20,604 [Time-limited test] INFO  server.RaftServer$Division (ServerState.java:close(405)) - 8eebc958-9398-4984-8b85-05c7775d5731@group-3DA7CFC98DDE: closes. applyIndex: 0
2021-07-14 22:49:20,604 [8eebc958-9398-4984-8b85-05c7775d5731@group-3DA7CFC98DDE-SegmentedRaftLogWorker] INFO  segmented.SegmentedRaftLogWorker (SegmentedRaftLogWorker.java:run(327)) - 8eebc958-9398-4984-8b85-05c7775d5731@group-3DA7CFC98DDE-SegmentedRaftLogWorker was interrupted, exiting. There are 0 tasks remaining in the queue.
2021-07-14 22:49:20,610 [Time-limited test] INFO  segmented.SegmentedRaftLogWorker (SegmentedRaftLogWorker.java:close(237)) - 8eebc958-9398-4984-8b85-05c7775d5731@group-3DA7CFC98DDE-SegmentedRaftLogWorker close()
2021-07-14 22:49:20,616 [Time-limited test] INFO  metrics.RatisMetrics (RatisMetrics.java:unregister(43)) - Unregistering Metrics Registry : ratis.log_worker.8eebc958-9398-4984-8b85-05c7775d5731@group-3DA7CFC98DDE
2021-07-14 22:49:20,616 [Time-limited test] INFO  metrics.RatisMetrics (RatisMetrics.java:unregister(43)) - Unregistering Metrics Registry : ratis.leader_election.8eebc958-9398-4984-8b85-05c7775d5731@group-3DA7CFC98DDE
2021-07-14 22:49:20,616 [Time-limited test] INFO  metrics.RatisMetrics (RatisMetrics.java:unregister(43)) - Unregistering Metrics Registry : ratis.server.8eebc958-9398-4984-8b85-05c7775d5731@group-3DA7CFC98DDE
2021-07-14 22:49:20,616 [Time-limited test] INFO  server.GrpcService (GrpcService.java:closeImpl(262)) - 8eebc958-9398-4984-8b85-05c7775d5731: shutdown server with port 46601 now
2021-07-14 22:49:20,616 [ForkJoinPool.commonPool-worker-1] INFO  utils.BackgroundService (BackgroundService.java:shutdown(132)) - Shutting down service BlockDeletingService
2021-07-14 22:49:20,620 [grpc-default-executor-1] WARN  server.GrpcServerProtocolService (LogUtils.java:warn(122)) - 8eebc958-9398-4984-8b85-05c7775d5731: installSnapshot onError, lastRequest: 13cc7e77-570e-489a-8f95-9257e310d74c->8eebc958-9398-4984-8b85-05c7775d5731#1-t13,previous=(t:0, i:0),leaderCommit=-1,initializing? true,entries: size=1, first=(t:13, i:0), CONFIGURATIONENTRY: org.apache.ratis.thirdparty.io.grpc.StatusRuntimeException: CANCELLED: client cancelled
2021-07-14 22:49:20,621 [grpc-default-executor-3] WARN  server.GrpcLogAppender (LogUtils.java:warn(122)) - 13cc7e77-570e-489a-8f95-9257e310d74c@group-3DA7CFC98DDE->8eebc958-9398-4984-8b85-05c7775d5731-AppendLogResponseHandler: Failed appendEntries: org.apache.ratis.thirdparty.io.grpc.StatusRuntimeException: CANCELLED: HTTP/2 error code: CANCEL
Received Rst Stream
2021-07-14 22:49:20,621 [grpc-default-executor-3] WARN  server.GrpcLogAppender (GrpcLogAppender.java:resetClient(111)) - 13cc7e77-570e-489a-8f95-9257e310d74c@group-3DA7CFC98DDE->8eebc958-9398-4984-8b85-05c7775d5731-GrpcLogAppender: Leader has not got in touch with Follower 13cc7e77-570e-489a-8f95-9257e310d74c@group-3DA7CFC98DDE->8eebc958-9398-4984-8b85-05c7775d5731(c0,m0,n1, attendVote=true, lastRpcSendTime=1054, lastRpcResponseTime=1052) yet, just keep nextIndex unchanged and retry.
2021-07-14 22:49:20,623 [ForkJoinPool.commonPool-worker-1] INFO  statemachine.DatanodeStateMachine (DatanodeStateMachine.java:stopDaemon(513)) - Ozone container server stopped.
2021-07-14 22:49:20,625 [Time-limited test] INFO  server.GrpcService (GrpcService.java:closeImpl(271)) - 8eebc958-9398-4984-8b85-05c7775d5731: shutdown server with port 46601 successfully
2021-07-14 22:49:20,625 [org.apache.ratis.util.JvmPauseMonitor$$Lambda$525/853367010@5a27d18] INFO  util.JvmPauseMonitor (JvmPauseMonitor.java:run(109)) - JvmPauseMonitor-8eebc958-9398-4984-8b85-05c7775d5731: Stopped
2021-07-14 22:49:20,626 [ForkJoinPool.commonPool-worker-1] INFO  handler.ContextHandler (ContextHandler.java:doStop(1154)) - Stopped o.e.j.w.WebAppContext@43ea5064{hddsDatanode,/,null,STOPPED}{jar:file:/home/runner/.m2/repository/org/apache/ozone/hdds-container-service/1.2.0-SNAPSHOT/hdds-container-service-1.2.0-SNAPSHOT.jar!/webapps/hddsDatanode}
2021-07-14 22:49:20,628 [ForkJoinPool.commonPool-worker-1] INFO  server.AbstractConnector (AbstractConnector.java:doStop(381)) - Stopped ServerConnector@396ca326{HTTP/1.1, (http/1.1)}{0.0.0.0:42381}
2021-07-14 22:49:20,628 [ForkJoinPool.commonPool-worker-1] INFO  server.session (HouseKeeper.java:stopScavenging(149)) - node0 Stopped scavenging
2021-07-14 22:49:20,628 [ForkJoinPool.commonPool-worker-1] INFO  handler.ContextHandler (ContextHandler.java:doStop(1154)) - Stopped o.e.j.s.ServletContextHandler@13f2573d{static,/static,jar:file:/home/runner/.m2/repository/org/apache/ozone/hdds-container-service/1.2.0-SNAPSHOT/hdds-container-service-1.2.0-SNAPSHOT.jar!/webapps/static,STOPPED}
2021-07-14 22:49:20,629 [ForkJoinPool.commonPool-worker-1] INFO  handler.ContextHandler (ContextHandler.java:doStop(1154)) - Stopped o.e.j.s.ServletContextHandler@27a0109e{logs,/logs,file:///home/runner/work/ozone/ozone/mnt/ozone/hadoop-ozone/integration-test/target/log,STOPPED}
2021-07-14 22:49:20,630 [Time-limited test] INFO  utils.BackgroundService (BackgroundService.java:shutdown(132)) - Shutting down service BlockDeletingService
2021-07-14 22:49:20,661 [Time-limited test] INFO  statemachine.DatanodeStateMachine (DatanodeStateMachine.java:stopDaemon(513)) - Ozone container server stopped.
2021-07-14 22:49:20,661 [Listener at 0.0.0.0/34471] INFO  ozone.MiniOzoneClusterImpl (MiniOzoneClusterImpl.java:lambda$waitForClusterToBeReady$0(230)) - Waiting for nodes to be ready. Got 1 of 3 DN Heartbeats.
2021-07-14 22:49:20,661 [Listener at 0.0.0.0/34471] INFO  ozone.MiniOzoneClusterImpl (MiniOzoneClusterImpl.java:lambda$waitForClusterToBeReady$0(233)) - Waiting for cluster to exit safe mode
2021-07-14 22:49:20,661 [Listener at 0.0.0.0/34471] INFO  ozone.MiniOzoneClusterImpl (MiniOzoneClusterImpl.java:lambda$waitForClusterToBeReady$0(235)) - SCM became leader
2021-07-14 22:49:20,689 [Time-limited test] INFO  handler.ContextHandler (ContextHandler.java:doStop(1154)) - Stopped o.e.j.w.WebAppContext@62918ae2{hddsDatanode,/,null,STOPPED}{jar:file:/home/runner/.m2/repository/org/apache/ozone/hdds-container-service/1.2.0-SNAPSHOT/hdds-container-service-1.2.0-SNAPSHOT.jar!/webapps/hddsDatanode}
2021-07-14 22:49:20,689 [Time-limited test] INFO  server.AbstractConnector (AbstractConnector.java:doStop(381)) - Stopped ServerConnector@bc1510{HTTP/1.1, (http/1.1)}{0.0.0.0:0}
2021-07-14 22:49:20,689 [Time-limited test] INFO  server.session (HouseKeeper.java:stopScavenging(149)) - node0 Stopped scavenging
2021-07-14 22:49:20,690 [Time-limited test] INFO  handler.ContextHandler (ContextHandler.java:doStop(1154)) - Stopped o.e.j.s.ServletContextHandler@7f7f3b47{static,/static,jar:file:/home/runner/.m2/repository/org/apache/ozone/hdds-container-service/1.2.0-SNAPSHOT/hdds-container-service-1.2.0-SNAPSHOT.jar!/webapps/static,STOPPED}
2021-07-14 22:49:20,690 [Time-limited test] INFO  handler.ContextHandler (ContextHandler.java:doStop(1154)) - Stopped o.e.j.s.ServletContextHandler@6959c53a{logs,/logs,file:///home/runner/work/ozone/ozone/mnt/ozone/hadoop-ozone/integration-test/target/log,STOPPED}
2021-07-14 22:49:21,505 [Datanode State Machine Thread - 0] INFO  statemachine.DatanodeStateMachine (DatanodeStateMachine.java:lambda$startDaemon$0(455)) - Ozone container server started.
2021-07-14 22:49:21,661 [Listener at 0.0.0.0/34471] INFO  ozone.MiniOzoneClusterImpl (MiniOzoneClusterImpl.java:lambda$waitForClusterToBeReady$0(230)) - Waiting for nodes to be ready. Got 1 of 3 DN Heartbeats.
2021-07-14 22:49:21,661 [Listener at 0.0.0.0/34471] INFO  ozone.MiniOzoneClusterImpl (MiniOzoneClusterImpl.java:lambda$waitForClusterToBeReady$0(233)) - Waiting for cluster to exit safe mode
2021-07-14 22:49:21,661 [Listener at 0.0.0.0/34471] INFO  ozone.MiniOzoneClusterImpl (MiniOzoneClusterImpl.java:lambda$waitForClusterToBeReady$0(235)) - SCM became leader
2021-07-14 22:49:22,044 [grpc-default-executor-0] WARN  server.GrpcLogAppender (LogUtils.java:warn(122)) - 13cc7e77-570e-489a-8f95-9257e310d74c@group-3DA7CFC98DDE->8c203391-d7bf-416a-8a2d-d45edeb19bdd-AppendLogResponseHandler: Failed appendEntries: org.apache.ratis.thirdparty.io.grpc.StatusRuntimeException: UNAVAILABLE: io exception
2021-07-14 22:49:22,045 [grpc-default-executor-0] WARN  server.GrpcLogAppender (GrpcLogAppender.java:resetClient(111)) - 13cc7e77-570e-489a-8f95-9257e310d74c@group-3DA7CFC98DDE->8c203391-d7bf-416a-8a2d-d45edeb19bdd-GrpcLogAppender: Leader has not got in touch with Follower 13cc7e77-570e-489a-8f95-9257e310d74c@group-3DA7CFC98DDE->8c203391-d7bf-416a-8a2d-d45edeb19bdd(c0,m0,n1, attendVote=true, lastRpcSendTime=1, lastRpcResponseTime=2507) yet, just keep nextIndex unchanged and retry.
2021-07-14 22:49:22,076 [grpc-default-executor-0] WARN  server.GrpcLogAppender (LogUtils.java:warn(122)) - 13cc7e77-570e-489a-8f95-9257e310d74c@group-3DA7CFC98DDE->8eebc958-9398-4984-8b85-05c7775d5731-AppendLogResponseHandler: Failed appendEntries: org.apache.ratis.thirdparty.io.grpc.StatusRuntimeException: UNAVAILABLE: io exception
2021-07-14 22:49:22,077 [grpc-default-executor-0] WARN  server.GrpcLogAppender (GrpcLogAppender.java:resetClient(111)) - 13cc7e77-570e-489a-8f95-9257e310d74c@group-3DA7CFC98DDE->8eebc958-9398-4984-8b85-05c7775d5731-GrpcLogAppender: Leader has not got in touch with Follower 13cc7e77-570e-489a-8f95-9257e310d74c@group-3DA7CFC98DDE->8eebc958-9398-4984-8b85-05c7775d5731(c0,m0,n1, attendVote=true, lastRpcSendTime=2509, lastRpcResponseTime=2508) yet, just keep nextIndex unchanged and retry.
2021-07-14 22:49:22,662 [Listener at 0.0.0.0/34471] INFO  ozone.MiniOzoneClusterImpl (MiniOzoneClusterImpl.java:lambda$waitForClusterToBeReady$0(230)) - Waiting for nodes to be ready. Got 1 of 3 DN Heartbeats.
2021-07-14 22:49:22,662 [Listener at 0.0.0.0/34471] INFO  ozone.MiniOzoneClusterImpl (MiniOzoneClusterImpl.java:lambda$waitForClusterToBeReady$0(233)) - Waiting for cluster to exit safe mode
2021-07-14 22:49:22,662 [Listener at 0.0.0.0/34471] INFO  ozone.MiniOzoneClusterImpl (MiniOzoneClusterImpl.java:lambda$waitForClusterToBeReady$0(235)) - SCM became leader
2021-07-14 22:49:23,662 [Listener at 0.0.0.0/34471] INFO  ozone.MiniOzoneClusterImpl (MiniOzoneClusterImpl.java:lambda$waitForClusterToBeReady$0(230)) - Waiting for nodes to be ready. Got 1 of 3 DN Heartbeats.
2021-07-14 22:49:23,662 [Listener at 0.0.0.0/34471] INFO  ozone.MiniOzoneClusterImpl (MiniOzoneClusterImpl.java:lambda$waitForClusterToBeReady$0(233)) - Waiting for cluster to exit safe mode
2021-07-14 22:49:23,662 [Listener at 0.0.0.0/34471] INFO  ozone.MiniOzoneClusterImpl (MiniOzoneClusterImpl.java:lambda$waitForClusterToBeReady$0(235)) - SCM became leader
2021-07-14 22:49:24,546 [grpc-default-executor-0] WARN  server.GrpcLogAppender (LogUtils.java:warn(122)) - 13cc7e77-570e-489a-8f95-9257e310d74c@group-3DA7CFC98DDE->8c203391-d7bf-416a-8a2d-d45edeb19bdd-AppendLogResponseHandler: Failed appendEntries: org.apache.ratis.thirdparty.io.grpc.StatusRuntimeException: UNAVAILABLE: io exception
2021-07-14 22:49:24,547 [grpc-default-executor-0] WARN  server.GrpcLogAppender (GrpcLogAppender.java:resetClient(111)) - 13cc7e77-570e-489a-8f95-9257e310d74c@group-3DA7CFC98DDE->8c203391-d7bf-416a-8a2d-d45edeb19bdd-GrpcLogAppender: Leader has not got in touch with Follower 13cc7e77-570e-489a-8f95-9257e310d74c@group-3DA7CFC98DDE->8c203391-d7bf-416a-8a2d-d45edeb19bdd(c0,m0,n1, attendVote=true, lastRpcSendTime=2503, lastRpcResponseTime=5009) yet, just keep nextIndex unchanged and retry.
2021-07-14 22:49:24,578 [grpc-default-executor-0] WARN  server.GrpcLogAppender (LogUtils.java:warn(122)) - 13cc7e77-570e-489a-8f95-9257e310d74c@group-3DA7CFC98DDE->8eebc958-9398-4984-8b85-05c7775d5731-AppendLogResponseHandler: Failed appendEntries: org.apache.ratis.thirdparty.io.grpc.StatusRuntimeException: UNAVAILABLE: io exception
2021-07-14 22:49:24,578 [grpc-default-executor-0] WARN  server.GrpcLogAppender (GrpcLogAppender.java:resetClient(111)) - 13cc7e77-570e-489a-8f95-9257e310d74c@group-3DA7CFC98DDE->8eebc958-9398-4984-8b85-05c7775d5731-GrpcLogAppender: Leader has not got in touch with Follower 13cc7e77-570e-489a-8f95-9257e310d74c@group-3DA7CFC98DDE->8eebc958-9398-4984-8b85-05c7775d5731(c0,m0,n1, attendVote=true, lastRpcSendTime=0, lastRpcResponseTime=5009) yet, just keep nextIndex unchanged and retry.
2021-07-14 22:49:24,663 [Listener at 0.0.0.0/34471] INFO  ozone.MiniOzoneClusterImpl (MiniOzoneClusterImpl.java:lambda$waitForClusterToBeReady$0(230)) - Waiting for nodes to be ready. Got 1 of 3 DN Heartbeats.
2021-07-14 22:49:24,663 [Listener at 0.0.0.0/34471] INFO  ozone.MiniOzoneClusterImpl (MiniOzoneClusterImpl.java:lambda$waitForClusterToBeReady$0(233)) - Waiting for cluster to exit safe mode
2021-07-14 22:49:24,663 [Listener at 0.0.0.0/34471] INFO  ozone.MiniOzoneClusterImpl (MiniOzoneClusterImpl.java:lambda$waitForClusterToBeReady$0(235)) - SCM became leader
2021-07-14 22:49:25,632 [ForkJoinPool.commonPool-worker-1] INFO  ozoneimpl.OzoneContainer (OzoneContainer.java:stop(326)) - Attempting to stop container services.
2021-07-14 22:49:25,633 [ForkJoinPool.commonPool-worker-1] INFO  server.RaftServer (RaftServerProxy.java:lambda$close$6(391)) - 13cc7e77-570e-489a-8f95-9257e310d74c: close
2021-07-14 22:49:25,633 [ForkJoinPool.commonPool-worker-1] INFO  server.RaftServer$Division (RaftServerImpl.java:lambda$close$4(406)) - 13cc7e77-570e-489a-8f95-9257e310d74c@group-1BF7F7216DE5: shutdown
2021-07-14 22:49:25,633 [ForkJoinPool.commonPool-worker-1] INFO  util.JmxRegister (JmxRegister.java:unregister(73)) - Successfully un-registered JMX Bean with object name Ratis:service=RaftServer,group=group-1BF7F7216DE5,id=13cc7e77-570e-489a-8f95-9257e310d74c
2021-07-14 22:49:25,633 [ForkJoinPool.commonPool-worker-1] INFO  impl.RoleInfo (RoleInfo.java:shutdownLeaderState(91)) - 13cc7e77-570e-489a-8f95-9257e310d74c: shutdown 13cc7e77-570e-489a-8f95-9257e310d74c@group-1BF7F7216DE5-LeaderStateImpl
2021-07-14 22:49:25,633 [ForkJoinPool.commonPool-worker-1] INFO  impl.PendingRequests (PendingRequests.java:sendNotLeaderResponses(249)) - 13cc7e77-570e-489a-8f95-9257e310d74c@group-1BF7F7216DE5-PendingRequests: sendNotLeaderResponses
2021-07-14 22:49:25,633 [ForkJoinPool.commonPool-worker-1] INFO  metrics.RatisMetrics (RatisMetrics.java:unregister(43)) - Unregistering Metrics Registry : ratis.log_appender.13cc7e77-570e-489a-8f95-9257e310d74c@group-1BF7F7216DE5
2021-07-14 22:49:25,633 [ForkJoinPool.commonPool-worker-1] INFO  metrics.RatisMetrics (RatisMetrics.java:unregister(43)) - Unregistering Metrics Registry : ratis.server.13cc7e77-570e-489a-8f95-9257e310d74c@group-1BF7F7216DE5
2021-07-14 22:49:25,634 [ForkJoinPool.commonPool-worker-1] INFO  impl.StateMachineUpdater (StateMachineUpdater.java:stopAndJoin(149)) - 13cc7e77-570e-489a-8f95-9257e310d74c@group-1BF7F7216DE5-StateMachineUpdater: set stopIndex = 0
2021-07-14 22:49:25,635 [13cc7e77-570e-489a-8f95-9257e310d74c@group-1BF7F7216DE5-StateMachineUpdater] INFO  ratis.ContainerStateMachine (ContainerStateMachine.java:takeSnapshot(291)) - group-1BF7F7216DE5: Taking a snapshot at:(t:1, i:0) file /home/runner/work/ozone/ozone/mnt/ozone/hadoop-ozone/integration-test/target/test-dir/MiniOzoneClusterImpl-24e24ab0-2885-46cc-b3c8-2159e7c871dc/datanode-2/data/ratis/1f7a479b-3e94-4952-a174-1bf7f7216de5/sm/snapshot.1_0
2021-07-14 22:49:25,636 [13cc7e77-570e-489a-8f95-9257e310d74c@group-1BF7F7216DE5-StateMachineUpdater] INFO  ratis.ContainerStateMachine (ContainerStateMachine.java:takeSnapshot(302)) - group-1BF7F7216DE5: Finished taking a snapshot at:(t:1, i:0) file:/home/runner/work/ozone/ozone/mnt/ozone/hadoop-ozone/integration-test/target/test-dir/MiniOzoneClusterImpl-24e24ab0-2885-46cc-b3c8-2159e7c871dc/datanode-2/data/ratis/1f7a479b-3e94-4952-a174-1bf7f7216de5/sm/snapshot.1_0 took: 1 ms
2021-07-14 22:49:25,636 [13cc7e77-570e-489a-8f95-9257e310d74c@group-1BF7F7216DE5-StateMachineUpdater] INFO  impl.StateMachineUpdater (StateMachineUpdater.java:takeSnapshot(281)) - 13cc7e77-570e-489a-8f95-9257e310d74c@group-1BF7F7216DE5-StateMachineUpdater: Took a snapshot at index 0
2021-07-14 22:49:25,636 [13cc7e77-570e-489a-8f95-9257e310d74c@group-1BF7F7216DE5-StateMachineUpdater] INFO  impl.StateMachineUpdater (StateMachineUpdater.java:lambda$new$0(89)) - 13cc7e77-570e-489a-8f95-9257e310d74c@group-1BF7F7216DE5-StateMachineUpdater: snapshotIndex: updateIncreasingly -1 -> 0
2021-07-14 22:49:25,637 [13cc7e77-570e-489a-8f95-9257e310d74c@group-1BF7F7216DE5-StateMachineUpdater] INFO  metrics.RatisMetrics (RatisMetrics.java:unregister(43)) - Unregistering Metrics Registry : ratis.state_machine.13cc7e77-570e-489a-8f95-9257e310d74c@group-1BF7F7216DE5
2021-07-14 22:49:25,637 [ForkJoinPool.commonPool-worker-1] INFO  server.RaftServer$Division (ServerState.java:close(405)) - 13cc7e77-570e-489a-8f95-9257e310d74c@group-1BF7F7216DE5: closes. applyIndex: 0
2021-07-14 22:49:25,638 [13cc7e77-570e-489a-8f95-9257e310d74c@group-1BF7F7216DE5-SegmentedRaftLogWorker] INFO  segmented.SegmentedRaftLogWorker (SegmentedRaftLogWorker.java:run(327)) - 13cc7e77-570e-489a-8f95-9257e310d74c@group-1BF7F7216DE5-SegmentedRaftLogWorker was interrupted, exiting. There are 0 tasks remaining in the queue.
2021-07-14 22:49:25,638 [ForkJoinPool.commonPool-worker-1] INFO  segmented.SegmentedRaftLogWorker (SegmentedRaftLogWorker.java:close(237)) - 13cc7e77-570e-489a-8f95-9257e310d74c@group-1BF7F7216DE5-SegmentedRaftLogWorker close()
2021-07-14 22:49:25,648 [ForkJoinPool.commonPool-worker-1] INFO  metrics.RatisMetrics (RatisMetrics.java:unregister(43)) - Unregistering Metrics Registry : ratis.log_worker.13cc7e77-570e-489a-8f95-9257e310d74c@group-1BF7F7216DE5
2021-07-14 22:49:25,648 [ForkJoinPool.commonPool-worker-1] INFO  metrics.RatisMetrics (RatisMetrics.java:unregister(43)) - Unregistering Metrics Registry : ratis.leader_election.13cc7e77-570e-489a-8f95-9257e310d74c@group-1BF7F7216DE5
2021-07-14 22:49:25,648 [ForkJoinPool.commonPool-worker-1] INFO  metrics.RatisMetrics (RatisMetrics.java:unregister(43)) - Unregistering Metrics Registry : ratis.server.13cc7e77-570e-489a-8f95-9257e310d74c@group-1BF7F7216DE5
2021-07-14 22:49:25,648 [ForkJoinPool.commonPool-worker-1] INFO  server.RaftServer$Division (RaftServerImpl.java:lambda$close$4(406)) - 13cc7e77-570e-489a-8f95-9257e310d74c@group-3DA7CFC98DDE: shutdown
2021-07-14 22:49:25,648 [ForkJoinPool.commonPool-worker-1] INFO  util.JmxRegister (JmxRegister.java:unregister(73)) - Successfully un-registered JMX Bean with object name Ratis:service=RaftServer,group=group-3DA7CFC98DDE,id=13cc7e77-570e-489a-8f95-9257e310d74c
2021-07-14 22:49:25,648 [ForkJoinPool.commonPool-worker-1] INFO  impl.RoleInfo (RoleInfo.java:shutdownLeaderState(91)) - 13cc7e77-570e-489a-8f95-9257e310d74c: shutdown 13cc7e77-570e-489a-8f95-9257e310d74c@group-3DA7CFC98DDE-LeaderStateImpl
2021-07-14 22:49:25,649 [ForkJoinPool.commonPool-worker-1] INFO  metrics.RatisMetrics (RatisMetrics.java:unregister(43)) - Unregistering Metrics Registry : ratis_grpc.log_appender.13cc7e77-570e-489a-8f95-9257e310d74c@group-3DA7CFC98DDE
2021-07-14 22:49:25,649 [ForkJoinPool.commonPool-worker-1] INFO  metrics.RatisMetrics (RatisMetrics.java:unregister(43)) - Unregistering Metrics Registry : ratis_grpc.log_appender.13cc7e77-570e-489a-8f95-9257e310d74c@group-3DA7CFC98DDE
2021-07-14 22:49:25,649 [ForkJoinPool.commonPool-worker-1] INFO  impl.PendingRequests (PendingRequests.java:sendNotLeaderResponses(249)) - 13cc7e77-570e-489a-8f95-9257e310d74c@group-3DA7CFC98DDE-PendingRequests: sendNotLeaderResponses
2021-07-14 22:49:25,649 [ForkJoinPool.commonPool-worker-1] INFO  metrics.RatisMetrics (RatisMetrics.java:unregister(43)) - Unregistering Metrics Registry : ratis.log_appender.13cc7e77-570e-489a-8f95-9257e310d74c@group-3DA7CFC98DDE
2021-07-14 22:49:25,649 [ForkJoinPool.commonPool-worker-1] INFO  metrics.RatisMetrics (RatisMetrics.java:unregister(43)) - Unregistering Metrics Registry : ratis.server.13cc7e77-570e-489a-8f95-9257e310d74c@group-3DA7CFC98DDE
2021-07-14 22:49:25,650 [ForkJoinPool.commonPool-worker-1] INFO  impl.StateMachineUpdater (StateMachineUpdater.java:stopAndJoin(149)) - 13cc7e77-570e-489a-8f95-9257e310d74c@group-3DA7CFC98DDE-StateMachineUpdater: set stopIndex = 0
2021-07-14 22:49:25,650 [13cc7e77-570e-489a-8f95-9257e310d74c@group-3DA7CFC98DDE-StateMachineUpdater] INFO  ratis.ContainerStateMachine (ContainerStateMachine.java:takeSnapshot(291)) - group-3DA7CFC98DDE: Taking a snapshot at:(t:13, i:0) file /home/runner/work/ozone/ozone/mnt/ozone/hadoop-ozone/integration-test/target/test-dir/MiniOzoneClusterImpl-24e24ab0-2885-46cc-b3c8-2159e7c871dc/datanode-2/data/ratis/a87e27fb-2904-4402-887c-3da7cfc98dde/sm/snapshot.13_0
2021-07-14 22:49:25,651 [13cc7e77-570e-489a-8f95-9257e310d74c@group-3DA7CFC98DDE-StateMachineUpdater] INFO  ratis.ContainerStateMachine (ContainerStateMachine.java:takeSnapshot(302)) - group-3DA7CFC98DDE: Finished taking a snapshot at:(t:13, i:0) file:/home/runner/work/ozone/ozone/mnt/ozone/hadoop-ozone/integration-test/target/test-dir/MiniOzoneClusterImpl-24e24ab0-2885-46cc-b3c8-2159e7c871dc/datanode-2/data/ratis/a87e27fb-2904-4402-887c-3da7cfc98dde/sm/snapshot.13_0 took: 1 ms
2021-07-14 22:49:25,651 [13cc7e77-570e-489a-8f95-9257e310d74c@group-3DA7CFC98DDE-StateMachineUpdater] INFO  impl.StateMachineUpdater (StateMachineUpdater.java:takeSnapshot(281)) - 13cc7e77-570e-489a-8f95-9257e310d74c@group-3DA7CFC98DDE-StateMachineUpdater: Took a snapshot at index 0
2021-07-14 22:49:25,652 [13cc7e77-570e-489a-8f95-9257e310d74c@group-3DA7CFC98DDE-StateMachineUpdater] INFO  impl.StateMachineUpdater (StateMachineUpdater.java:lambda$new$0(89)) - 13cc7e77-570e-489a-8f95-9257e310d74c@group-3DA7CFC98DDE-StateMachineUpdater: snapshotIndex: updateIncreasingly -1 -> 0
2021-07-14 22:49:25,652 [13cc7e77-570e-489a-8f95-9257e310d74c@group-3DA7CFC98DDE-StateMachineUpdater] INFO  metrics.RatisMetrics (RatisMetrics.java:unregister(43)) - Unregistering Metrics Registry : ratis.state_machine.13cc7e77-570e-489a-8f95-9257e310d74c@group-3DA7CFC98DDE
2021-07-14 22:49:25,655 [ForkJoinPool.commonPool-worker-1] INFO  server.RaftServer$Division (ServerState.java:close(405)) - 13cc7e77-570e-489a-8f95-9257e310d74c@group-3DA7CFC98DDE: closes. applyIndex: 0
2021-07-14 22:49:25,655 [13cc7e77-570e-489a-8f95-9257e310d74c@group-3DA7CFC98DDE-SegmentedRaftLogWorker] INFO  segmented.SegmentedRaftLogWorker (SegmentedRaftLogWorker.java:run(327)) - 13cc7e77-570e-489a-8f95-9257e310d74c@group-3DA7CFC98DDE-SegmentedRaftLogWorker was interrupted, exiting. There are 0 tasks remaining in the queue.
2021-07-14 22:49:25,656 [ForkJoinPool.commonPool-worker-1] INFO  segmented.SegmentedRaftLogWorker (SegmentedRaftLogWorker.java:close(237)) - 13cc7e77-570e-489a-8f95-9257e310d74c@group-3DA7CFC98DDE-SegmentedRaftLogWorker close()
2021-07-14 22:49:25,656 [ForkJoinPool.commonPool-worker-1] INFO  metrics.RatisMetrics (RatisMetrics.java:unregister(43)) - Unregistering Metrics Registry : ratis.log_worker.13cc7e77-570e-489a-8f95-9257e310d74c@group-3DA7CFC98DDE
2021-07-14 22:49:25,656 [ForkJoinPool.commonPool-worker-1] INFO  metrics.RatisMetrics (RatisMetrics.java:unregister(43)) - Unregistering Metrics Registry : ratis.leader_election.13cc7e77-570e-489a-8f95-9257e310d74c@group-3DA7CFC98DDE
2021-07-14 22:49:25,656 [ForkJoinPool.commonPool-worker-1] INFO  metrics.RatisMetrics (RatisMetrics.java:unregister(43)) - Unregistering Metrics Registry : ratis.server.13cc7e77-570e-489a-8f95-9257e310d74c@group-3DA7CFC98DDE
2021-07-14 22:49:25,656 [ForkJoinPool.commonPool-worker-1] INFO  server.GrpcService (GrpcService.java:closeImpl(262)) - 13cc7e77-570e-489a-8f95-9257e310d74c: shutdown server with port 36681 now
2021-07-14 22:49:25,657 [ForkJoinPool.commonPool-worker-1] INFO  server.GrpcService (GrpcService.java:closeImpl(271)) - 13cc7e77-570e-489a-8f95-9257e310d74c: shutdown server with port 36681 successfully
2021-07-14 22:49:25,657 [org.apache.ratis.util.JvmPauseMonitor$$Lambda$525/853367010@615d906b] INFO  util.JvmPauseMonitor (JvmPauseMonitor.java:run(109)) - JvmPauseMonitor-13cc7e77-570e-489a-8f95-9257e310d74c: Stopped
2021-07-14 22:49:25,661 [ForkJoinPool.commonPool-worker-1] INFO  utils.BackgroundService (BackgroundService.java:shutdown(132)) - Shutting down service BlockDeletingService
2021-07-14 22:49:25,663 [Listener at 0.0.0.0/34471] INFO  ozone.MiniOzoneClusterImpl (MiniOzoneClusterImpl.java:lambda$waitForClusterToBeReady$0(230)) - Waiting for nodes to be ready. Got 1 of 3 DN Heartbeats.
2021-07-14 22:49:25,663 [Listener at 0.0.0.0/34471] INFO  ozone.MiniOzoneClusterImpl (MiniOzoneClusterImpl.java:lambda$waitForClusterToBeReady$0(233)) - Waiting for cluster to exit safe mode
2021-07-14 22:49:25,664 [Listener at 0.0.0.0/34471] INFO  ozone.MiniOzoneClusterImpl (MiniOzoneClusterImpl.java:lambda$waitForClusterToBeReady$0(235)) - SCM became leader
2021-07-14 22:49:25,664 [ForkJoinPool.commonPool-worker-1] INFO  statemachine.DatanodeStateMachine (DatanodeStateMachine.java:stopDaemon(513)) - Ozone container server stopped.
2021-07-14 22:49:25,666 [ForkJoinPool.commonPool-worker-1] INFO  handler.ContextHandler (ContextHandler.java:doStop(1154)) - Stopped o.e.j.w.WebAppContext@47d068e4{hddsDatanode,/,null,STOPPED}{jar:file:/home/runner/.m2/repository/org/apache/ozone/hdds-container-service/1.2.0-SNAPSHOT/hdds-container-service-1.2.0-SNAPSHOT.jar!/webapps/hddsDatanode}
2021-07-14 22:49:25,667 [ForkJoinPool.commonPool-worker-1] INFO  server.AbstractConnector (AbstractConnector.java:doStop(381)) - Stopped ServerConnector@7d04f0f2{HTTP/1.1, (http/1.1)}{0.0.0.0:0}
2021-07-14 22:49:25,667 [ForkJoinPool.commonPool-worker-1] INFO  server.session (HouseKeeper.java:stopScavenging(149)) - node0 Stopped scavenging
2021-07-14 22:49:25,668 [ForkJoinPool.commonPool-worker-1] INFO  handler.ContextHandler (ContextHandler.java:doStop(1154)) - Stopped o.e.j.s.ServletContextHandler@549f7afe{static,/static,jar:file:/home/runner/.m2/repository/org/apache/ozone/hdds-container-service/1.2.0-SNAPSHOT/hdds-container-service-1.2.0-SNAPSHOT.jar!/webapps/static,STOPPED}
2021-07-14 22:49:25,668 [ForkJoinPool.commonPool-worker-1] INFO  handler.ContextHandler (ContextHandler.java:doStop(1154)) - Stopped o.e.j.s.ServletContextHandler@35e49946{logs,/logs,file:///home/runner/work/ozone/ozone/mnt/ozone/hadoop-ozone/integration-test/target/log,STOPPED}
2021-07-14 22:49:25,669 [Time-limited test] INFO  ozone.MiniOzoneClusterImpl (MiniOzoneClusterImpl.java:stopSCM(537)) - Stopping the StorageContainerManager
2021-07-14 22:49:25,670 [Time-limited test] INFO  server.StorageContainerManager (StorageContainerManager.java:stop(1334)) - Stopping Replication Manager Service.
2021-07-14 22:49:25,670 [Time-limited test] INFO  container.ReplicationManager (ReplicationManager.java:stop(261)) - Stopping Replication Monitor Thread.
2021-07-14 22:49:25,670 [Time-limited test] INFO  server.StorageContainerManager (StorageContainerManager.java:stop(1341)) - Stopping the Datanode Admin Monitor.
2021-07-14 22:49:25,670 [Time-limited test] INFO  server.StorageContainerManager (StorageContainerManager.java:stop(1348)) - Stopping Lease Manager of the command watchers
2021-07-14 22:49:25,670 [Time-limited test] INFO  server.StorageContainerManager (StorageContainerManager.java:stop(1355)) - Stopping datanode service RPC server
2021-07-14 22:49:25,670 [Time-limited test] INFO  server.SCMDatanodeProtocolServer (SCMDatanodeProtocolServer.java:stop(389)) - Stopping the RPC server for DataNodes
2021-07-14 22:49:25,670 [Time-limited test] INFO  ipc.Server (Server.java:stop(3414)) - Stopping server on 34745
2021-07-14 22:49:25,673 [IPC Server Responder] INFO  ipc.Server (Server.java:run(1512)) - Stopping IPC Server Responder
2021-07-14 22:49:25,673 [IPC Server listener on 34745] INFO  ipc.Server (Server.java:run(1376)) - Stopping IPC Server listener on 34745
2021-07-14 22:49:25,751 [SCM Heartbeat Processing Thread - 0] WARN  node.NodeStateManager (NodeStateManager.java:scheduleNextHealthCheck(799)) - Current Thread is interrupted, shutting down HB processing thread for Node Manager.
2021-07-14 22:49:25,751 [Time-limited test] INFO  server.StorageContainerManager (StorageContainerManager.java:stop(1363)) - Stopping block service RPC server
2021-07-14 22:49:25,751 [Time-limited test] INFO  server.SCMBlockProtocolServer (SCMBlockProtocolServer.java:stop(160)) - Stopping the RPC server for Block Protocol
2021-07-14 22:49:25,751 [Time-limited test] INFO  ipc.Server (Server.java:stop(3414)) - Stopping server on 39293
2021-07-14 22:49:25,753 [Time-limited test] INFO  server.StorageContainerManager (StorageContainerManager.java:stop(1370)) - Stopping the StorageContainerLocationProtocol RPC server
2021-07-14 22:49:25,753 [Time-limited test] INFO  server.SCMClientProtocolServer (SCMClientProtocolServer.java:stop(174)) - Stopping the RPC server for Client Protocol
2021-07-14 22:49:25,753 [IPC Server listener on 39293] INFO  ipc.Server (Server.java:run(1376)) - Stopping IPC Server listener on 39293
2021-07-14 22:49:25,753 [IPC Server Responder] INFO  ipc.Server (Server.java:run(1512)) - Stopping IPC Server Responder
2021-07-14 22:49:25,754 [Time-limited test] INFO  ipc.Server (Server.java:stop(3414)) - Stopping server on 34471
2021-07-14 22:49:25,755 [Time-limited test] INFO  server.StorageContainerManager (StorageContainerManager.java:stop(1377)) - Stopping Storage Container Manager HTTP server.
2021-07-14 22:49:25,755 [IPC Server listener on 34471] INFO  ipc.Server (Server.java:run(1376)) - Stopping IPC Server listener on 34471
2021-07-14 22:49:25,755 [IPC Server Responder] INFO  ipc.Server (Server.java:run(1512)) - Stopping IPC Server Responder
2021-07-14 22:49:25,757 [Time-limited test] INFO  handler.ContextHandler (ContextHandler.java:doStop(1154)) - Stopped o.e.j.w.WebAppContext@a8ba97e{scm,/,null,STOPPED}{file:/home/runner/work/ozone/ozone/mnt/ozone/hadoop-ozone/integration-test/target/test-classes/webapps/scm}
2021-07-14 22:49:25,760 [Time-limited test] INFO  server.AbstractConnector (AbstractConnector.java:doStop(381)) - Stopped ServerConnector@7139a28d{HTTP/1.1, (http/1.1)}{0.0.0.0:36449}
2021-07-14 22:49:25,761 [Time-limited test] INFO  server.session (HouseKeeper.java:stopScavenging(149)) - node0 Stopped scavenging
2021-07-14 22:49:25,767 [Time-limited test] INFO  handler.ContextHandler (ContextHandler.java:doStop(1154)) - Stopped o.e.j.s.ServletContextHandler@58286638{static,/static,file:///home/runner/work/ozone/ozone/mnt/ozone/hadoop-ozone/integration-test/target/test-classes/webapps/static,STOPPED}
2021-07-14 22:49:25,767 [Time-limited test] INFO  handler.ContextHandler (ContextHandler.java:doStop(1154)) - Stopped o.e.j.s.ServletContextHandler@23c5c173{logs,/logs,file:///home/runner/work/ozone/ozone/mnt/ozone/hadoop-ozone/integration-test/target/log,STOPPED}
2021-07-14 22:49:25,768 [Time-limited test] INFO  server.StorageContainerManager (StorageContainerManager.java:stop(1388)) - Stopping Block Manager Service.
2021-07-14 22:49:25,768 [Time-limited test] INFO  utils.BackgroundService (BackgroundService.java:shutdown(132)) - Shutting down service SCMBlockDeletingService
2021-07-14 22:49:25,768 [Time-limited test] INFO  utils.BackgroundService (BackgroundService.java:shutdown(132)) - Shutting down service SCMBlockDeletingService
2021-07-14 22:49:25,768 [Time-limited test] INFO  server.StorageContainerManager (StorageContainerManager.java:stop(1415)) - Stopping SCM Event Queue.
2021-07-14 22:49:25,770 [Time-limited test] INFO  pipeline.BackgroundPipelineCreator (BackgroundPipelineCreatorV2.java:stop(158)) - Stopping RatisPipelineUtilsThread.
2021-07-14 22:49:25,771 [Time-limited test] INFO  impl.MetricsSystemImpl (MetricsSystemImpl.java:stop(210)) - Stopping StorageContainerManager metrics system...
2021-07-14 22:49:25,772 [prometheus] INFO  impl.MetricsSinkAdapter (MetricsSinkAdapter.java:publishMetricsFromQueue(141)) - prometheus thread interrupted.
2021-07-14 22:49:25,772 [Time-limited test] INFO  impl.MetricsSystemImpl (MetricsSystemImpl.java:stop(216)) - StorageContainerManager metrics system stopped.
]]></system-out>
  </testcase>
  <testcase name="testDatanodeIDPersistent" classname="org.apache.hadoop.ozone.TestMiniOzoneCluster" time="0.028"/>
  <testcase name="testContainerRandomPort" classname="org.apache.hadoop.ozone.TestMiniOzoneCluster" time="0.547"/>
</testsuite>